<?xml version="1.0" encoding="UTF-8"?>
<robot generator="Robot 7.0.1 (Python 3.12.4 on linux)" generated="2024-07-18T09:16:12.891508" rpa="false" schemaversion="5">
<suite id="s1" name="Tests" source="/home/runner/work/ApiRandomUser/ApiRandomUser/RamdonUser/tests">
<suite id="s1-s1" name="Random-User-Test" source="/home/runner/work/ApiRandomUser/ApiRandomUser/RamdonUser/tests/random-user-test.robot">
<test id="s1-s1-t1" name="Conectar" line="13">
<kw name="Conectar API" owner="random-user-service">
<kw name="Create Session" owner="RequestsLibrary">
<msg time="2024-07-18T09:16:13.313150" level="INFO">Creating Session using : alias=consultarAPI, url=https://randomuser.me/, headers={},                     cookies={}, auth=None, timeout=None, proxies=None, verify=False,                     debug=0 </msg>
<arg>consultarAPI</arg>
<arg>${URL}</arg>
<doc>Create Session: create a HTTP session to a server</doc>
<status status="PASS" start="2024-07-18T09:16:13.312937" elapsed="0.000406"/>
</kw>
<status status="PASS" start="2024-07-18T09:16:13.311839" elapsed="0.001869"/>
</kw>
<status status="PASS" start="2024-07-18T09:16:13.311272" elapsed="0.002634"/>
</test>
<test id="s1-s1-t2" name="Validar retorno 200 e JSON Válido" line="16">
<kw name="Teste de Requisicao Basica" owner="random-user-service">
<kw name="GET On Session" owner="RequestsLibrary">
<msg time="2024-07-18T09:16:13.558572" level="INFO">GET Request : url=https://randomuser.me/api 
 path_url=/api 
 headers={'User-Agent': 'python-requests/2.32.3', 'Accept-Encoding': 'gzip, deflate', 'Accept': '*/*', 'Connection': 'keep-alive'} 
 body=None 
 </msg>
<msg time="2024-07-18T09:16:13.558729" level="INFO">GET Response : url=https://randomuser.me/api 
 status=200, reason=OK 
 headers={'Date': 'Thu, 18 Jul 2024 09:16:13 GMT', 'Content-Type': 'application/json; charset=utf-8', 'Transfer-Encoding': 'chunked', 'Connection': 'keep-alive', 'X-Powered-By': 'Express', 'Access-Control-Allow-Origin': '*', 'Cache-Control': 'no-cache', 'ETag': 'W/"48f-M+XOLkYKzA0zCznSRCBexhgG12g"', 'Vary': 'Accept-Encoding', 'Content-Encoding': 'gzip', 'CF-Cache-Status': 'DYNAMIC', 'Report-To': '{"endpoints":[{"url":"https:\\/\\/a.nel.cloudflare.com\\/report\\/v4?s=HmzyRGzMrwdaGZPGh9rtg6UU%2FWBrb1jNeUhdSyVmRGpfUiybvz6nEJQo6bz40qBCdNsWfdb1Up2FwhxxzYeIWbERJNmeCXDr0aX7X%2FB82uYCJ50AXeaxAuW0plZB89Aw"}],"group":"cf-nel","max_age":604800}', 'NEL': '{"success_fraction":0,"report_to":"cf-nel","max_age":604800}', 'Server': 'cloudflare', 'CF-RAY': '8a515f287fce13ce-ORD', 'alt-svc': 'h3=":443"; ma=86400'} 
 body={"results":[{"gender":"male","name":{"title":"Mr","first":"Mylan","last":"Bertrand"},"location":{"street":{"number":662,"name":"Avenue Vauban"},"city":"Lyon","state":"Loire","country":"France","postcode":62651,"coordinates":{"latitude":"-15.2351","longitude":"-120.5303"},"timezone":{"offset":"+1:00","description":"Brussels, Copenhagen, Madrid, Paris"}},"email":"mylan.bertrand@example.com","login":{"uuid":"b1712789-e727-465f-80b7-58ba036e1a25","username":"sadladybug431","password":"9876","salt":"4CkExv7a","md5":"094ae1db89caf3e06dc76dc25dd01c16","sha1":"d2d1efeb39fa2b966757101a1be06266016942dc","sha256":"f45a625cc67495590f4c89a926622eb5c3309617b4f2a6bd7a14c74e6e8791b3"},"dob":{"date":"1973-06-27T10:49:11.537Z","age":51},"registered":{"date":"2016-04-04T11:57:46.794Z","age":8},"phone":"01-24-80-61-32","cell":"06-20-78-16-45","id":{"name":"INSEE","value":"1730521052694 34"},"picture":{"large":"https://randomuser.me/api/portraits/men/64.jpg","medium":"https://randomuser.me/api/portraits/med/men/64.jpg","thumbnail":"https://randomuser.me/api/portraits/thumb/men/64.jpg"},"nat":"FR"}],"info":{"seed":"62890a0bac10fd80","results":1,"page":1,"version":"1.4"}} 
 </msg>
<msg time="2024-07-18T09:16:13.558811" level="INFO">/opt/hostedtoolcache/Python/3.12.4/x64/lib/python3.12/site-packages/urllib3/connectionpool.py:1099: InsecureRequestWarning: Unverified HTTPS request is being made to host 'randomuser.me'. Adding certificate verification is strongly advised. See: https://urllib3.readthedocs.io/en/latest/advanced-usage.html#tls-warnings
  warnings.warn(</msg>
<msg time="2024-07-18T09:16:13.558958" level="INFO">${response} = &lt;Response [200]&gt;</msg>
<var>${response}</var>
<arg>consultarAPI</arg>
<arg>/api</arg>
<doc>Sends a GET request on a previously created HTTP Session.</doc>
<status status="PASS" start="2024-07-18T09:16:13.316525" elapsed="0.242478"/>
</kw>
<kw name="Should Be Equal As Numbers" owner="BuiltIn">
<msg time="2024-07-18T09:16:13.560188" level="INFO">Argument types are:
&lt;class 'int'&gt;
&lt;class 'str'&gt;</msg>
<arg>${response.status_code}</arg>
<arg>200</arg>
<doc>Fails if objects are unequal after converting them to real numbers.</doc>
<status status="PASS" start="2024-07-18T09:16:13.559679" elapsed="0.000577"/>
</kw>
<kw name="Log" owner="BuiltIn">
<msg time="2024-07-18T09:16:13.560995" level="INFO">200</msg>
<arg>${response.status_code}</arg>
<doc>Logs the given message with the given level.</doc>
<status status="PASS" start="2024-07-18T09:16:13.560624" elapsed="0.000414"/>
</kw>
<kw name="Set Variable" owner="BuiltIn">
<msg time="2024-07-18T09:16:13.561790" level="INFO">${json_data} = {'results': [{'gender': 'male', 'name': {'title': 'Mr', 'first': 'Mylan', 'last': 'Bertrand'}, 'location': {'street': {'number': 662, 'name': 'Avenue Vauban'}, 'city': 'Lyon', 'state': 'Loire', 'count...</msg>
<var>${json_data}</var>
<arg>${response.json()}</arg>
<doc>Returns the given values which can then be assigned to a variables.</doc>
<status status="PASS" start="2024-07-18T09:16:13.561346" elapsed="0.000472"/>
</kw>
<kw name="Dictionary Should Contain Key" owner="Collections">
<arg>${json_data}</arg>
<arg>results</arg>
<doc>Fails if ``key`` is not found from ``dictionary``.</doc>
<status status="PASS" start="2024-07-18T09:16:13.562122" elapsed="0.000334"/>
</kw>
<status status="PASS" start="2024-07-18T09:16:13.316276" elapsed="0.246334"/>
</kw>
<doc>Testa se a API responde corretamente e retorna um objeto JSON válido.</doc>
<tag>testeRequisicaoBasica</tag>
<status status="PASS" start="2024-07-18T09:16:13.315809" elapsed="0.246977"/>
</test>
<test id="s1-s1-t3" name="Validar estrutura de resposta" line="22">
<kw name="Teste de Estrutura de Resposta" owner="random-user-service">
<kw name="GET On Session" owner="RequestsLibrary">
<msg time="2024-07-18T09:16:13.666470" level="INFO">GET Request : url=https://randomuser.me/api 
 path_url=/api 
 headers={'User-Agent': 'python-requests/2.32.3', 'Accept-Encoding': 'gzip, deflate', 'Accept': '*/*', 'Connection': 'keep-alive'} 
 body=None 
 </msg>
<msg time="2024-07-18T09:16:13.666569" level="INFO">GET Response : url=https://randomuser.me/api 
 status=200, reason=OK 
 headers={'Date': 'Thu, 18 Jul 2024 09:16:13 GMT', 'Content-Type': 'application/json; charset=utf-8', 'Transfer-Encoding': 'chunked', 'Connection': 'keep-alive', 'X-Powered-By': 'Express', 'Access-Control-Allow-Origin': '*', 'Cache-Control': 'no-cache', 'ETag': 'W/"492-fPu5uS1HbN9YhmVCa1XVGg9hCxM"', 'Vary': 'Accept-Encoding', 'Content-Encoding': 'gzip', 'CF-Cache-Status': 'DYNAMIC', 'Report-To': '{"endpoints":[{"url":"https:\\/\\/a.nel.cloudflare.com\\/report\\/v4?s=Do5vn5DjQwSsDPFOxzkeItytjdQQQ4fWNvdrqmZap%2Bev3Wi0adndWqU0pdAYbWDpqVROJM6JpC3QGfjxpO2sT00%2F7f5Tx5OtLwzdSZ8VURdsqe2S9ydysRJgMGs6Yifz"}],"group":"cf-nel","max_age":604800}', 'NEL': '{"success_fraction":0,"report_to":"cf-nel","max_age":604800}', 'Server': 'cloudflare', 'CF-RAY': '8a515f28d82113ce-ORD', 'alt-svc': 'h3=":443"; ma=86400'} 
 body={"results":[{"gender":"female","name":{"title":"Miss","first":"Tracey","last":"Stephens"},"location":{"street":{"number":903,"name":"Bollinger Rd"},"city":"Burbank","state":"Wyoming","country":"United States","postcode":79870,"coordinates":{"latitude":"81.6371","longitude":"94.2117"},"timezone":{"offset":"+6:00","description":"Almaty, Dhaka, Colombo"}},"email":"tracey.stephens@example.com","login":{"uuid":"fd3c101f-cfb1-4362-aa68-3243b94d98b1","username":"orangeduck239","password":"gators","salt":"8Sfmzj5N","md5":"dc3c65f2dc8676e479c5cca2603ab60b","sha1":"9448651331fa97c9691a603fc9679d0fd3e98602","sha256":"909bcf43047abc5ab76d5b7650677d956c668f3ac5b64840a06701360896d464"},"dob":{"date":"1960-12-02T01:14:58.189Z","age":63},"registered":{"date":"2006-02-22T15:11:54.640Z","age":18},"phone":"(628) 657-0113","cell":"(935) 964-8002","id":{"name":"SSN","value":"606-25-7328"},"picture":{"large":"https://randomuser.me/api/portraits/women/71.jpg","medium":"https://randomuser.me/api/portraits/med/women/71.jpg","thumbnail":"https://randomuser.me/api/portraits/thumb/women/71.jpg"},"nat":"US"}],"info":{"seed":"becd7828b30c2294","results":1,"page":1,"version":"1.4"}} 
 </msg>
<msg time="2024-07-18T09:16:13.666699" level="INFO">/opt/hostedtoolcache/Python/3.12.4/x64/lib/python3.12/site-packages/urllib3/connectionpool.py:1099: InsecureRequestWarning: Unverified HTTPS request is being made to host 'randomuser.me'. Adding certificate verification is strongly advised. See: https://urllib3.readthedocs.io/en/latest/advanced-usage.html#tls-warnings
  warnings.warn(</msg>
<msg time="2024-07-18T09:16:13.666827" level="INFO">${response} = &lt;Response [200]&gt;</msg>
<var>${response}</var>
<arg>consultarAPI</arg>
<arg>/api</arg>
<doc>Sends a GET request on a previously created HTTP Session.</doc>
<status status="PASS" start="2024-07-18T09:16:13.565548" elapsed="0.101319"/>
</kw>
<kw name="Set Variable" owner="BuiltIn">
<msg time="2024-07-18T09:16:13.668064" level="INFO">${json_data} = {'results': [{'gender': 'female', 'name': {'title': 'Miss', 'first': 'Tracey', 'last': 'Stephens'}, 'location': {'street': {'number': 903, 'name': 'Bollinger Rd'}, 'city': 'Burbank', 'state': 'Wyoming...</msg>
<var>${json_data}</var>
<arg>${response.json()}</arg>
<doc>Returns the given values which can then be assigned to a variables.</doc>
<status status="PASS" start="2024-07-18T09:16:13.667477" elapsed="0.000616"/>
</kw>
<kw name="Log" owner="BuiltIn">
<msg time="2024-07-18T09:16:13.668620" level="INFO">{'results': [{'gender': 'female', 'name': {'title': 'Miss', 'first': 'Tracey', 'last': 'Stephens'}, 'location': {'street': {'number': 903, 'name': 'Bollinger Rd'}, 'city': 'Burbank', 'state': 'Wyoming', 'country': 'United States', 'postcode': 79870, 'coordinates': {'latitude': '81.6371', 'longitude': '94.2117'}, 'timezone': {'offset': '+6:00', 'description': 'Almaty, Dhaka, Colombo'}}, 'email': 'tracey.stephens@example.com', 'login': {'uuid': 'fd3c101f-cfb1-4362-aa68-3243b94d98b1', 'username': 'orangeduck239', 'password': 'gators', 'salt': '8Sfmzj5N', 'md5': 'dc3c65f2dc8676e479c5cca2603ab60b', 'sha1': '9448651331fa97c9691a603fc9679d0fd3e98602', 'sha256': '909bcf43047abc5ab76d5b7650677d956c668f3ac5b64840a06701360896d464'}, 'dob': {'date': '1960-12-02T01:14:58.189Z', 'age': 63}, 'registered': {'date': '2006-02-22T15:11:54.640Z', 'age': 18}, 'phone': '(628) 657-0113', 'cell': '(935) 964-8002', 'id': {'name': 'SSN', 'value': '606-25-7328'}, 'picture': {'large': 'https://randomuser.me/api/portraits/women/71.jpg', 'medium': 'https://randomuser.me/api/portraits/med/women/71.jpg', 'thumbnail': 'https://randomuser.me/api/portraits/thumb/women/71.jpg'}, 'nat': 'US'}], 'info': {'seed': 'becd7828b30c2294', 'results': 1, 'page': 1, 'version': '1.4'}}</msg>
<arg>${json_data}</arg>
<doc>Logs the given message with the given level.</doc>
<status status="PASS" start="2024-07-18T09:16:13.668413" elapsed="0.000267"/>
</kw>
<kw name="Dictionary Should Contain Key" owner="Collections">
<arg>${json_data}</arg>
<arg>results</arg>
<doc>Fails if ``key`` is not found from ``dictionary``.</doc>
<status status="PASS" start="2024-07-18T09:16:13.668979" elapsed="0.000158"/>
</kw>
<kw name="Should Not Be Empty" owner="BuiltIn">
<msg time="2024-07-18T09:16:13.669446" level="INFO">Length is 2.</msg>
<arg>${json_data}</arg>
<doc>Verifies that the given item is not empty.</doc>
<status status="PASS" start="2024-07-18T09:16:13.669321" elapsed="0.000169"/>
</kw>
<kw name="Create List" owner="BuiltIn">
<msg time="2024-07-18T09:16:13.669926" level="INFO">${expected_keys} = ['gender', 'name', 'location', 'email', 'login']</msg>
<var>${expected_keys}</var>
<arg>gender</arg>
<arg>name</arg>
<arg>location</arg>
<arg>email</arg>
<arg>login</arg>
<doc>Returns a list containing given items.</doc>
<status status="PASS" start="2024-07-18T09:16:13.669775" elapsed="0.000174"/>
</kw>
<for flavor="IN">
<iter>
<kw name="Dictionary Should Contain Key" owner="Collections">
<arg>${json_data['results'][0]}</arg>
<arg>${key}</arg>
<doc>Fails if ``key`` is not found from ``dictionary``.</doc>
<status status="PASS" start="2024-07-18T09:16:13.670527" elapsed="0.000406"/>
</kw>
<kw name="Log" owner="BuiltIn">
<msg time="2024-07-18T09:16:13.671489" level="INFO">{'gender': 'female', 'name': {'title': 'Miss', 'first': 'Tracey', 'last': 'Stephens'}, 'location': {'street': {'number': 903, 'name': 'Bollinger Rd'}, 'city': 'Burbank', 'state': 'Wyoming', 'country': 'United States', 'postcode': 79870, 'coordinates': {'latitude': '81.6371', 'longitude': '94.2117'}, 'timezone': {'offset': '+6:00', 'description': 'Almaty, Dhaka, Colombo'}}, 'email': 'tracey.stephens@example.com', 'login': {'uuid': 'fd3c101f-cfb1-4362-aa68-3243b94d98b1', 'username': 'orangeduck239', 'password': 'gators', 'salt': '8Sfmzj5N', 'md5': 'dc3c65f2dc8676e479c5cca2603ab60b', 'sha1': '9448651331fa97c9691a603fc9679d0fd3e98602', 'sha256': '909bcf43047abc5ab76d5b7650677d956c668f3ac5b64840a06701360896d464'}, 'dob': {'date': '1960-12-02T01:14:58.189Z', 'age': 63}, 'registered': {'date': '2006-02-22T15:11:54.640Z', 'age': 18}, 'phone': '(628) 657-0113', 'cell': '(935) 964-8002', 'id': {'name': 'SSN', 'value': '606-25-7328'}, 'picture': {'large': 'https://randomuser.me/api/portraits/women/71.jpg', 'medium': 'https://randomuser.me/api/portraits/med/women/71.jpg', 'thumbnail': 'https://randomuser.me/api/portraits/thumb/women/71.jpg'}, 'nat': 'US'}</msg>
<arg>${json_data['results'][0]}</arg>
<doc>Logs the given message with the given level.</doc>
<status status="PASS" start="2024-07-18T09:16:13.671118" elapsed="0.000420"/>
</kw>
<kw name="Log" owner="BuiltIn">
<msg time="2024-07-18T09:16:13.671975" level="INFO">gender</msg>
<arg>${key}</arg>
<doc>Logs the given message with the given level.</doc>
<status status="PASS" start="2024-07-18T09:16:13.671840" elapsed="0.000173"/>
</kw>
<var name="${key}">gender</var>
<status status="PASS" start="2024-07-18T09:16:13.670407" elapsed="0.001822"/>
</iter>
<iter>
<kw name="Dictionary Should Contain Key" owner="Collections">
<arg>${json_data['results'][0]}</arg>
<arg>${key}</arg>
<doc>Fails if ``key`` is not found from ``dictionary``.</doc>
<status status="PASS" start="2024-07-18T09:16:13.672532" elapsed="0.000440"/>
</kw>
<kw name="Log" owner="BuiltIn">
<msg time="2024-07-18T09:16:13.673524" level="INFO">{'gender': 'female', 'name': {'title': 'Miss', 'first': 'Tracey', 'last': 'Stephens'}, 'location': {'street': {'number': 903, 'name': 'Bollinger Rd'}, 'city': 'Burbank', 'state': 'Wyoming', 'country': 'United States', 'postcode': 79870, 'coordinates': {'latitude': '81.6371', 'longitude': '94.2117'}, 'timezone': {'offset': '+6:00', 'description': 'Almaty, Dhaka, Colombo'}}, 'email': 'tracey.stephens@example.com', 'login': {'uuid': 'fd3c101f-cfb1-4362-aa68-3243b94d98b1', 'username': 'orangeduck239', 'password': 'gators', 'salt': '8Sfmzj5N', 'md5': 'dc3c65f2dc8676e479c5cca2603ab60b', 'sha1': '9448651331fa97c9691a603fc9679d0fd3e98602', 'sha256': '909bcf43047abc5ab76d5b7650677d956c668f3ac5b64840a06701360896d464'}, 'dob': {'date': '1960-12-02T01:14:58.189Z', 'age': 63}, 'registered': {'date': '2006-02-22T15:11:54.640Z', 'age': 18}, 'phone': '(628) 657-0113', 'cell': '(935) 964-8002', 'id': {'name': 'SSN', 'value': '606-25-7328'}, 'picture': {'large': 'https://randomuser.me/api/portraits/women/71.jpg', 'medium': 'https://randomuser.me/api/portraits/med/women/71.jpg', 'thumbnail': 'https://randomuser.me/api/portraits/thumb/women/71.jpg'}, 'nat': 'US'}</msg>
<arg>${json_data['results'][0]}</arg>
<doc>Logs the given message with the given level.</doc>
<status status="PASS" start="2024-07-18T09:16:13.673153" elapsed="0.000455"/>
</kw>
<kw name="Log" owner="BuiltIn">
<msg time="2024-07-18T09:16:13.674034" level="INFO">name</msg>
<arg>${key}</arg>
<doc>Logs the given message with the given level.</doc>
<status status="PASS" start="2024-07-18T09:16:13.673904" elapsed="0.000173"/>
</kw>
<var name="${key}">name</var>
<status status="PASS" start="2024-07-18T09:16:13.672417" elapsed="0.001877"/>
</iter>
<iter>
<kw name="Dictionary Should Contain Key" owner="Collections">
<arg>${json_data['results'][0]}</arg>
<arg>${key}</arg>
<doc>Fails if ``key`` is not found from ``dictionary``.</doc>
<status status="PASS" start="2024-07-18T09:16:13.674596" elapsed="0.000411"/>
</kw>
<kw name="Log" owner="BuiltIn">
<msg time="2024-07-18T09:16:13.675541" level="INFO">{'gender': 'female', 'name': {'title': 'Miss', 'first': 'Tracey', 'last': 'Stephens'}, 'location': {'street': {'number': 903, 'name': 'Bollinger Rd'}, 'city': 'Burbank', 'state': 'Wyoming', 'country': 'United States', 'postcode': 79870, 'coordinates': {'latitude': '81.6371', 'longitude': '94.2117'}, 'timezone': {'offset': '+6:00', 'description': 'Almaty, Dhaka, Colombo'}}, 'email': 'tracey.stephens@example.com', 'login': {'uuid': 'fd3c101f-cfb1-4362-aa68-3243b94d98b1', 'username': 'orangeduck239', 'password': 'gators', 'salt': '8Sfmzj5N', 'md5': 'dc3c65f2dc8676e479c5cca2603ab60b', 'sha1': '9448651331fa97c9691a603fc9679d0fd3e98602', 'sha256': '909bcf43047abc5ab76d5b7650677d956c668f3ac5b64840a06701360896d464'}, 'dob': {'date': '1960-12-02T01:14:58.189Z', 'age': 63}, 'registered': {'date': '2006-02-22T15:11:54.640Z', 'age': 18}, 'phone': '(628) 657-0113', 'cell': '(935) 964-8002', 'id': {'name': 'SSN', 'value': '606-25-7328'}, 'picture': {'large': 'https://randomuser.me/api/portraits/women/71.jpg', 'medium': 'https://randomuser.me/api/portraits/med/women/71.jpg', 'thumbnail': 'https://randomuser.me/api/portraits/thumb/women/71.jpg'}, 'nat': 'US'}</msg>
<arg>${json_data['results'][0]}</arg>
<doc>Logs the given message with the given level.</doc>
<status status="PASS" start="2024-07-18T09:16:13.675190" elapsed="0.000401"/>
</kw>
<kw name="Log" owner="BuiltIn">
<msg time="2024-07-18T09:16:13.676015" level="INFO">location</msg>
<arg>${key}</arg>
<doc>Logs the given message with the given level.</doc>
<status status="PASS" start="2024-07-18T09:16:13.675888" elapsed="0.000163"/>
</kw>
<var name="${key}">location</var>
<status status="PASS" start="2024-07-18T09:16:13.674474" elapsed="0.001790"/>
</iter>
<iter>
<kw name="Dictionary Should Contain Key" owner="Collections">
<arg>${json_data['results'][0]}</arg>
<arg>${key}</arg>
<doc>Fails if ``key`` is not found from ``dictionary``.</doc>
<status status="PASS" start="2024-07-18T09:16:13.676541" elapsed="0.000415"/>
</kw>
<kw name="Log" owner="BuiltIn">
<msg time="2024-07-18T09:16:13.677617" level="INFO">{'gender': 'female', 'name': {'title': 'Miss', 'first': 'Tracey', 'last': 'Stephens'}, 'location': {'street': {'number': 903, 'name': 'Bollinger Rd'}, 'city': 'Burbank', 'state': 'Wyoming', 'country': 'United States', 'postcode': 79870, 'coordinates': {'latitude': '81.6371', 'longitude': '94.2117'}, 'timezone': {'offset': '+6:00', 'description': 'Almaty, Dhaka, Colombo'}}, 'email': 'tracey.stephens@example.com', 'login': {'uuid': 'fd3c101f-cfb1-4362-aa68-3243b94d98b1', 'username': 'orangeduck239', 'password': 'gators', 'salt': '8Sfmzj5N', 'md5': 'dc3c65f2dc8676e479c5cca2603ab60b', 'sha1': '9448651331fa97c9691a603fc9679d0fd3e98602', 'sha256': '909bcf43047abc5ab76d5b7650677d956c668f3ac5b64840a06701360896d464'}, 'dob': {'date': '1960-12-02T01:14:58.189Z', 'age': 63}, 'registered': {'date': '2006-02-22T15:11:54.640Z', 'age': 18}, 'phone': '(628) 657-0113', 'cell': '(935) 964-8002', 'id': {'name': 'SSN', 'value': '606-25-7328'}, 'picture': {'large': 'https://randomuser.me/api/portraits/women/71.jpg', 'medium': 'https://randomuser.me/api/portraits/med/women/71.jpg', 'thumbnail': 'https://randomuser.me/api/portraits/thumb/women/71.jpg'}, 'nat': 'US'}</msg>
<arg>${json_data['results'][0]}</arg>
<doc>Logs the given message with the given level.</doc>
<status status="PASS" start="2024-07-18T09:16:13.677266" elapsed="0.000401"/>
</kw>
<kw name="Log" owner="BuiltIn">
<msg time="2024-07-18T09:16:13.678087" level="INFO">email</msg>
<arg>${key}</arg>
<doc>Logs the given message with the given level.</doc>
<status status="PASS" start="2024-07-18T09:16:13.677960" elapsed="0.000164"/>
</kw>
<var name="${key}">email</var>
<status status="PASS" start="2024-07-18T09:16:13.676432" elapsed="0.001923"/>
</iter>
<iter>
<kw name="Dictionary Should Contain Key" owner="Collections">
<arg>${json_data['results'][0]}</arg>
<arg>${key}</arg>
<doc>Fails if ``key`` is not found from ``dictionary``.</doc>
<status status="PASS" start="2024-07-18T09:16:13.678648" elapsed="0.000375"/>
</kw>
<kw name="Log" owner="BuiltIn">
<msg time="2024-07-18T09:16:13.679556" level="INFO">{'gender': 'female', 'name': {'title': 'Miss', 'first': 'Tracey', 'last': 'Stephens'}, 'location': {'street': {'number': 903, 'name': 'Bollinger Rd'}, 'city': 'Burbank', 'state': 'Wyoming', 'country': 'United States', 'postcode': 79870, 'coordinates': {'latitude': '81.6371', 'longitude': '94.2117'}, 'timezone': {'offset': '+6:00', 'description': 'Almaty, Dhaka, Colombo'}}, 'email': 'tracey.stephens@example.com', 'login': {'uuid': 'fd3c101f-cfb1-4362-aa68-3243b94d98b1', 'username': 'orangeduck239', 'password': 'gators', 'salt': '8Sfmzj5N', 'md5': 'dc3c65f2dc8676e479c5cca2603ab60b', 'sha1': '9448651331fa97c9691a603fc9679d0fd3e98602', 'sha256': '909bcf43047abc5ab76d5b7650677d956c668f3ac5b64840a06701360896d464'}, 'dob': {'date': '1960-12-02T01:14:58.189Z', 'age': 63}, 'registered': {'date': '2006-02-22T15:11:54.640Z', 'age': 18}, 'phone': '(628) 657-0113', 'cell': '(935) 964-8002', 'id': {'name': 'SSN', 'value': '606-25-7328'}, 'picture': {'large': 'https://randomuser.me/api/portraits/women/71.jpg', 'medium': 'https://randomuser.me/api/portraits/med/women/71.jpg', 'thumbnail': 'https://randomuser.me/api/portraits/thumb/women/71.jpg'}, 'nat': 'US'}</msg>
<arg>${json_data['results'][0]}</arg>
<doc>Logs the given message with the given level.</doc>
<status status="PASS" start="2024-07-18T09:16:13.679204" elapsed="0.000400"/>
</kw>
<kw name="Log" owner="BuiltIn">
<msg time="2024-07-18T09:16:13.680028" level="INFO">login</msg>
<arg>${key}</arg>
<doc>Logs the given message with the given level.</doc>
<status status="PASS" start="2024-07-18T09:16:13.679902" elapsed="0.000163"/>
</kw>
<var name="${key}">login</var>
<status status="PASS" start="2024-07-18T09:16:13.678536" elapsed="0.001741"/>
</iter>
<var>${key}</var>
<value>@{expected_keys}</value>
<status status="PASS" start="2024-07-18T09:16:13.670215" elapsed="0.010182"/>
</for>
<kw name="Create List" owner="BuiltIn">
<msg time="2024-07-18T09:16:13.680774" level="INFO">${expected_keysTwo} = ['username', 'password']</msg>
<var>${expected_keysTwo}</var>
<arg>username</arg>
<arg>password</arg>
<doc>Returns a list containing given items.</doc>
<status status="PASS" start="2024-07-18T09:16:13.680633" elapsed="0.000195"/>
</kw>
<for flavor="IN">
<iter>
<kw name="Dictionary Should Contain Key" owner="Collections">
<arg>${json_data['results'][0]['login']}</arg>
<arg>${keyTwo}</arg>
<doc>Fails if ``key`` is not found from ``dictionary``.</doc>
<status status="PASS" start="2024-07-18T09:16:13.681340" elapsed="0.000379"/>
</kw>
<kw name="Dictionary Should Contain Key" owner="Collections">
<arg>${json_data['results'][0]['login']}</arg>
<arg>${keyTwo}</arg>
<doc>Fails if ``key`` is not found from ``dictionary``.</doc>
<status status="PASS" start="2024-07-18T09:16:13.681900" elapsed="0.000370"/>
</kw>
<kw name="Log" owner="BuiltIn">
<msg time="2024-07-18T09:16:13.682566" level="INFO">username</msg>
<arg>${keyTwo}</arg>
<doc>Logs the given message with the given level.</doc>
<status status="PASS" start="2024-07-18T09:16:13.682446" elapsed="0.000170"/>
</kw>
<var name="${keyTwo}">username</var>
<status status="PASS" start="2024-07-18T09:16:13.681234" elapsed="0.001695"/>
</iter>
<iter>
<kw name="Dictionary Should Contain Key" owner="Collections">
<arg>${json_data['results'][0]['login']}</arg>
<arg>${keyTwo}</arg>
<doc>Fails if ``key`` is not found from ``dictionary``.</doc>
<status status="PASS" start="2024-07-18T09:16:13.683304" elapsed="0.000394"/>
</kw>
<kw name="Dictionary Should Contain Key" owner="Collections">
<arg>${json_data['results'][0]['login']}</arg>
<arg>${keyTwo}</arg>
<doc>Fails if ``key`` is not found from ``dictionary``.</doc>
<status status="PASS" start="2024-07-18T09:16:13.683877" elapsed="0.000365"/>
</kw>
<kw name="Log" owner="BuiltIn">
<msg time="2024-07-18T09:16:13.684544" level="INFO">password</msg>
<arg>${keyTwo}</arg>
<doc>Logs the given message with the given level.</doc>
<status status="PASS" start="2024-07-18T09:16:13.684417" elapsed="0.000202"/>
</kw>
<var name="${keyTwo}">password</var>
<status status="PASS" start="2024-07-18T09:16:13.683190" elapsed="0.001662"/>
</iter>
<var>${keyTwo}</var>
<value>@{expected_keysTwo}</value>
<status status="PASS" start="2024-07-18T09:16:13.681079" elapsed="0.003896"/>
</for>
<status status="PASS" start="2024-07-18T09:16:13.565302" elapsed="0.119818"/>
</kw>
<doc>Testa a estrutura da resposta da API.</doc>
<tag>testeEstruturaResposta</tag>
<status status="PASS" start="2024-07-18T09:16:13.564694" elapsed="0.120583"/>
</test>
<test id="s1-s1-t4" name="Validar tipos de dados" line="28">
<kw name="Teste de Tipos de Dados" owner="random-user-service">
<kw name="GET On Session" owner="RequestsLibrary">
<msg time="2024-07-18T09:16:13.760710" level="INFO">GET Request : url=https://randomuser.me/api 
 path_url=/api 
 headers={'User-Agent': 'python-requests/2.32.3', 'Accept-Encoding': 'gzip, deflate', 'Accept': '*/*', 'Connection': 'keep-alive'} 
 body=None 
 </msg>
<msg time="2024-07-18T09:16:13.760805" level="INFO">GET Response : url=https://randomuser.me/api 
 status=200, reason=OK 
 headers={'Date': 'Thu, 18 Jul 2024 09:16:13 GMT', 'Content-Type': 'application/json; charset=utf-8', 'Transfer-Encoding': 'chunked', 'Connection': 'keep-alive', 'X-Powered-By': 'Express', 'Access-Control-Allow-Origin': '*', 'Cache-Control': 'no-cache', 'ETag': 'W/"47b-MFb4hH/ssB9dpQ/Db0ZRDxk1zw4"', 'Vary': 'Accept-Encoding', 'Content-Encoding': 'gzip', 'CF-Cache-Status': 'DYNAMIC', 'Report-To': '{"endpoints":[{"url":"https:\\/\\/a.nel.cloudflare.com\\/report\\/v4?s=EoolAl2OmRbBheA42sD5gWQW60ZYfKS8ekoA%2FqxvWMeO0Q3NyJuxQA61ASHp5PA55I8%2F9%2Fq%2BveDzdpjGqr45bKgvlmaAWoKnztf4%2BbGTYI3%2FeY0f%2BSqNj03cEqK2A4o6"}],"group":"cf-nel","max_age":604800}', 'NEL': '{"success_fraction":0,"report_to":"cf-nel","max_age":604800}', 'Server': 'cloudflare', 'CF-RAY': '8a515f2998b613ce-ORD', 'alt-svc': 'h3=":443"; ma=86400'} 
 body={"results":[{"gender":"female","name":{"title":"Mrs","first":"Carolyn","last":"Day"},"location":{"street":{"number":4991,"name":"Church Lane"},"city":"Cambridge","state":"Avon","country":"United Kingdom","postcode":"G6Y 8XG","coordinates":{"latitude":"-10.7153","longitude":"48.4497"},"timezone":{"offset":"+4:30","description":"Kabul"}},"email":"carolyn.day@example.com","login":{"uuid":"338a7120-1f14-4ad9-8043-15deb83a2988","username":"browncat386","password":"dontknow","salt":"7fpN2LYd","md5":"3ecddd83a5142b33667e0f4fc5c457eb","sha1":"44ba00168c3cff9b1f4dec553aeb5f45bee75f56","sha256":"58c3acd23dfb3fb948e76eca4952fbf58ee6f2a782e24a32cf798f2a32673247"},"dob":{"date":"1991-09-14T11:02:31.549Z","age":32},"registered":{"date":"2020-10-09T18:16:39.538Z","age":3},"phone":"019467 53756","cell":"07491 518163","id":{"name":"NINO","value":"NC 42 22 22 M"},"picture":{"large":"https://randomuser.me/api/portraits/women/69.jpg","medium":"https://randomuser.me/api/portraits/med/women/69.jpg","thumbnail":"https://randomuser.me/api/portraits/thumb/women/69.jpg"},"nat":"GB"}],"info":{"seed":"fe6fdce412b9543a","results":1,"page":1,"version":"1.4"}} 
 </msg>
<msg time="2024-07-18T09:16:13.760873" level="INFO">/opt/hostedtoolcache/Python/3.12.4/x64/lib/python3.12/site-packages/urllib3/connectionpool.py:1099: InsecureRequestWarning: Unverified HTTPS request is being made to host 'randomuser.me'. Adding certificate verification is strongly advised. See: https://urllib3.readthedocs.io/en/latest/advanced-usage.html#tls-warnings
  warnings.warn(</msg>
<msg time="2024-07-18T09:16:13.760994" level="INFO">${response} = &lt;Response [200]&gt;</msg>
<var>${response}</var>
<arg>consultarAPI</arg>
<arg>/api</arg>
<doc>Sends a GET request on a previously created HTTP Session.</doc>
<status status="PASS" start="2024-07-18T09:16:13.687864" elapsed="0.073176"/>
</kw>
<kw name="Set Variable" owner="BuiltIn">
<msg time="2024-07-18T09:16:13.762237" level="INFO">${json_data} = {'results': [{'gender': 'female', 'name': {'title': 'Mrs', 'first': 'Carolyn', 'last': 'Day'}, 'location': {'street': {'number': 4991, 'name': 'Church Lane'}, 'city': 'Cambridge', 'state': 'Avon', 'co...</msg>
<var>${json_data}</var>
<arg>${response.json()}</arg>
<doc>Returns the given values which can then be assigned to a variables.</doc>
<status status="PASS" start="2024-07-18T09:16:13.761677" elapsed="0.000593"/>
</kw>
<kw name="Log" owner="BuiltIn">
<msg time="2024-07-18T09:16:13.762736" level="INFO">{'results': [{'gender': 'female', 'name': {'title': 'Mrs', 'first': 'Carolyn', 'last': 'Day'}, 'location': {'street': {'number': 4991, 'name': 'Church Lane'}, 'city': 'Cambridge', 'state': 'Avon', 'country': 'United Kingdom', 'postcode': 'G6Y 8XG', 'coordinates': {'latitude': '-10.7153', 'longitude': '48.4497'}, 'timezone': {'offset': '+4:30', 'description': 'Kabul'}}, 'email': 'carolyn.day@example.com', 'login': {'uuid': '338a7120-1f14-4ad9-8043-15deb83a2988', 'username': 'browncat386', 'password': 'dontknow', 'salt': '7fpN2LYd', 'md5': '3ecddd83a5142b33667e0f4fc5c457eb', 'sha1': '44ba00168c3cff9b1f4dec553aeb5f45bee75f56', 'sha256': '58c3acd23dfb3fb948e76eca4952fbf58ee6f2a782e24a32cf798f2a32673247'}, 'dob': {'date': '1991-09-14T11:02:31.549Z', 'age': 32}, 'registered': {'date': '2020-10-09T18:16:39.538Z', 'age': 3}, 'phone': '019467 53756', 'cell': '07491 518163', 'id': {'name': 'NINO', 'value': 'NC 42 22 22 M'}, 'picture': {'large': 'https://randomuser.me/api/portraits/women/69.jpg', 'medium': 'https://randomuser.me/api/portraits/med/women/69.jpg', 'thumbnail': 'https://randomuser.me/api/portraits/thumb/women/69.jpg'}, 'nat': 'GB'}], 'info': {'seed': 'fe6fdce412b9543a', 'results': 1, 'page': 1, 'version': '1.4'}}</msg>
<arg>${json_data}</arg>
<doc>Logs the given message with the given level.</doc>
<status status="PASS" start="2024-07-18T09:16:13.762583" elapsed="0.000201"/>
</kw>
<kw name="Should Be String" owner="String">
<arg>${json_data['results'][0]['gender']}</arg>
<doc>Fails if the given ``item`` is not a string.</doc>
<status status="PASS" start="2024-07-18T09:16:13.763081" elapsed="0.000363"/>
</kw>
<kw name="Should Match Regexp" owner="BuiltIn">
<arg>${json_data['results'][0]['email']}</arg>
<arg>^[a-zA-Z0-9._%+-]+@[a-zA-Z0-9.-]+\.[a-zA-Z]{2,}$</arg>
<doc>Fails if ``string`` does not match ``pattern`` as a regular expression.</doc>
<status status="PASS" start="2024-07-18T09:16:13.763637" elapsed="0.000530"/>
</kw>
<kw name="Should Match Regexp" owner="BuiltIn">
<arg>${json_data['results'][0]['dob']['date']}</arg>
<arg>\\d{4}-\\d{2}-\\d{2}T\\d{2}:\\d{2}:\\d{2}\\.\\d{3}Z</arg>
<doc>Fails if ``string`` does not match ``pattern`` as a regular expression.</doc>
<status status="PASS" start="2024-07-18T09:16:13.764400" elapsed="0.000684"/>
</kw>
<kw name="Should Match Regexp" owner="BuiltIn">
<arg>${json_data['results'][0]['registered']['date']}</arg>
<arg>\\d{4}-\\d{2}-\\d{2}T\\d{2}:\\d{2}:\\d{2}\\.\\d{3}Z</arg>
<doc>Fails if ``string`` does not match ``pattern`` as a regular expression.</doc>
<status status="PASS" start="2024-07-18T09:16:13.765333" elapsed="0.000405"/>
</kw>
<kw name="Should Match Regexp" owner="BuiltIn">
<arg>${json_data['results'][0]['picture']['large']}</arg>
<arg>^https?://.*\.(?:png|jpe?g|gif|bmp)$</arg>
<doc>Fails if ``string`` does not match ``pattern`` as a regular expression.</doc>
<status status="PASS" start="2024-07-18T09:16:13.765924" elapsed="0.000471"/>
</kw>
<kw name="Should Match Regexp" owner="BuiltIn">
<arg>${json_data['results'][0]['picture']['medium']}</arg>
<arg>^https?://.*\.(?:png|jpe?g|gif|bmp)$</arg>
<doc>Fails if ``string`` does not match ``pattern`` as a regular expression.</doc>
<status status="PASS" start="2024-07-18T09:16:13.766591" elapsed="0.000348"/>
</kw>
<kw name="Should Match Regexp" owner="BuiltIn">
<arg>${json_data['results'][0]['picture']['thumbnail']}</arg>
<arg>^https?://.*\.(?:png|jpe?g|gif|bmp)$</arg>
<doc>Fails if ``string`` does not match ``pattern`` as a regular expression.</doc>
<status status="PASS" start="2024-07-18T09:16:13.767129" elapsed="0.000348"/>
</kw>
<kw name="Log" owner="BuiltIn">
<msg time="2024-07-18T09:16:13.767981" level="INFO">{'large': 'https://randomuser.me/api/portraits/women/69.jpg', 'medium': 'https://randomuser.me/api/portraits/med/women/69.jpg', 'thumbnail': 'https://randomuser.me/api/portraits/thumb/women/69.jpg'}</msg>
<arg>${json_data['results'][0]['picture']}</arg>
<doc>Logs the given message with the given level.</doc>
<status status="PASS" start="2024-07-18T09:16:13.767662" elapsed="0.000362"/>
</kw>
<status status="PASS" start="2024-07-18T09:16:13.687626" elapsed="0.080668"/>
</kw>
<kw name="Teste de Tipos de Dados - Postcode" owner="random-user-service">
<kw name="GET On Session" owner="RequestsLibrary">
<msg time="2024-07-18T09:16:14.312391" level="INFO">GET Request : url=https://randomuser.me/api 
 path_url=/api 
 headers={'User-Agent': 'python-requests/2.32.3', 'Accept-Encoding': 'gzip, deflate', 'Accept': '*/*', 'Connection': 'keep-alive'} 
 body=None 
 </msg>
<msg time="2024-07-18T09:16:14.312502" level="INFO">GET Response : url=https://randomuser.me/api 
 status=200, reason=OK 
 headers={'Date': 'Thu, 18 Jul 2024 09:16:14 GMT', 'Content-Type': 'application/json; charset=utf-8', 'Transfer-Encoding': 'chunked', 'Connection': 'keep-alive', 'X-Powered-By': 'Express', 'Access-Control-Allow-Origin': '*', 'Cache-Control': 'no-cache', 'ETag': 'W/"494-yAmnzAfC3S85CEMvTT6/1iDBgZ0"', 'Vary': 'Accept-Encoding', 'Content-Encoding': 'gzip', 'CF-Cache-Status': 'DYNAMIC', 'Report-To': '{"endpoints":[{"url":"https:\\/\\/a.nel.cloudflare.com\\/report\\/v4?s=8mh0Bzsv4gRQhUm656QZtFJjcBzmGvPBexv5OSO9m%2BIBZl11koM%2BIr8V1uq9abBMJxRqU%2BHIF%2FRqaGqUtNm8KqLA4eELUE85B1T19%2BGhkup3LWzVt8FzJ7biJ3UHnFHa"}],"group":"cf-nel","max_age":604800}', 'NEL': '{"success_fraction":0,"report_to":"cf-nel","max_age":604800}', 'Server': 'cloudflare', 'CF-RAY': '8a515f2a191d13ce-ORD', 'alt-svc': 'h3=":443"; ma=86400'} 
 body={"results":[{"gender":"male","name":{"title":"Mr","first":"Mikael","last":"Tanner"},"location":{"street":{"number":5242,"name":"Pirkankatu"},"city":"Kerimäki","state":"North Karelia","country":"Finland","postcode":59828,"coordinates":{"latitude":"-29.8223","longitude":"-10.0695"},"timezone":{"offset":"+5:30","description":"Bombay, Calcutta, Madras, New Delhi"}},"email":"mikael.tanner@example.com","login":{"uuid":"9eb88458-060f-408b-8732-f97b637886ea","username":"browndog978","password":"iomega","salt":"aBc8aITI","md5":"cc9bf29664d7181499989c47e5359713","sha1":"25aeac73c5def765fa5aeecd0fe826af4fb3445e","sha256":"a89a6aab4d1b8aebc19dd616906f3090303e6f647ae330b985ff9cd6c10ef9bc"},"dob":{"date":"1977-04-25T09:56:55.866Z","age":47},"registered":{"date":"2012-01-19T00:34:06.754Z","age":12},"phone":"05-245-548","cell":"046-602-14-63","id":{"name":"HETU","value":"NaNNA789undefined"},"picture":{"large":"https://randomuser.me/api/portraits/men/72.jpg","medium":"https://randomuser.me/api/portraits/med/men/72.jpg","thumbnail":"https://randomuser.me/api/portraits/thumb/men/72.jpg"},"nat":"FI"}],"info":{"seed":"79cbf676ae71d174","results":1,"page":1,"version":"1.4"}} 
 </msg>
<msg time="2024-07-18T09:16:14.312636" level="INFO">/opt/hostedtoolcache/Python/3.12.4/x64/lib/python3.12/site-packages/urllib3/connectionpool.py:1099: InsecureRequestWarning: Unverified HTTPS request is being made to host 'randomuser.me'. Adding certificate verification is strongly advised. See: https://urllib3.readthedocs.io/en/latest/advanced-usage.html#tls-warnings
  warnings.warn(</msg>
<msg time="2024-07-18T09:16:14.312772" level="INFO">${response} = &lt;Response [200]&gt;</msg>
<var>${response}</var>
<arg>consultarAPI</arg>
<arg>/api</arg>
<doc>Sends a GET request on a previously created HTTP Session.</doc>
<status status="PASS" start="2024-07-18T09:16:13.768766" elapsed="0.544047"/>
</kw>
<kw name="Set Variable" owner="BuiltIn">
<msg time="2024-07-18T09:16:14.313854" level="INFO">${json_data} = {'results': [{'gender': 'male', 'name': {'title': 'Mr', 'first': 'Mikael', 'last': 'Tanner'}, 'location': {'street': {'number': 5242, 'name': 'Pirkankatu'}, 'city': 'Kerimäki', 'state': 'North Karelia...</msg>
<var>${json_data}</var>
<arg>${response.json()}</arg>
<doc>Returns the given values which can then be assigned to a variables.</doc>
<status status="PASS" start="2024-07-18T09:16:14.313330" elapsed="0.000554"/>
</kw>
<kw name="Log" owner="BuiltIn">
<msg time="2024-07-18T09:16:14.314349" level="INFO">{'results': [{'gender': 'male', 'name': {'title': 'Mr', 'first': 'Mikael', 'last': 'Tanner'}, 'location': {'street': {'number': 5242, 'name': 'Pirkankatu'}, 'city': 'Kerimäki', 'state': 'North Karelia', 'country': 'Finland', 'postcode': 59828, 'coordinates': {'latitude': '-29.8223', 'longitude': '-10.0695'}, 'timezone': {'offset': '+5:30', 'description': 'Bombay, Calcutta, Madras, New Delhi'}}, 'email': 'mikael.tanner@example.com', 'login': {'uuid': '9eb88458-060f-408b-8732-f97b637886ea', 'username': 'browndog978', 'password': 'iomega', 'salt': 'aBc8aITI', 'md5': 'cc9bf29664d7181499989c47e5359713', 'sha1': '25aeac73c5def765fa5aeecd0fe826af4fb3445e', 'sha256': 'a89a6aab4d1b8aebc19dd616906f3090303e6f647ae330b985ff9cd6c10ef9bc'}, 'dob': {'date': '1977-04-25T09:56:55.866Z', 'age': 47}, 'registered': {'date': '2012-01-19T00:34:06.754Z', 'age': 12}, 'phone': '05-245-548', 'cell': '046-602-14-63', 'id': {'name': 'HETU', 'value': 'NaNNA789undefined'}, 'picture': {'large': 'https://randomuser.me/api/portraits/men/72.jpg', 'medium': 'https://randomuser.me/api/portraits/med/men/72.jpg', 'thumbnail': 'https://randomuser.me/api/portraits/thumb/men/72.jpg'}, 'nat': 'FI'}], 'info': {'seed': '79cbf676ae71d174', 'results': 1, 'page': 1, 'version': '1.4'}}</msg>
<arg>${json_data}</arg>
<doc>Logs the given message with the given level.</doc>
<status status="PASS" start="2024-07-18T09:16:14.314193" elapsed="0.000203"/>
</kw>
<kw name="Should Be Equal As Numbers" owner="BuiltIn">
<arg>${json_data['results'][0]['location']['postcode']}</arg>
<arg>${json_data['results'][0]['location']['postcode']}</arg>
<doc>Fails if objects are unequal after converting them to real numbers.</doc>
<status status="PASS" start="2024-07-18T09:16:14.314687" elapsed="0.000626"/>
</kw>
<kw name="Log" owner="BuiltIn">
<msg time="2024-07-18T09:16:14.315831" level="INFO">59828</msg>
<arg>${json_data['results'][0]['location']['postcode']}</arg>
<doc>Logs the given message with the given level.</doc>
<status status="PASS" start="2024-07-18T09:16:14.315498" elapsed="0.000372"/>
</kw>
<status status="PASS" start="2024-07-18T09:16:13.768513" elapsed="0.547641"/>
</kw>
<doc>Testa se os tipos de dados na resposta da API estão corretos.</doc>
<tag>testeTiposDados</tag>
<status status="PASS" start="2024-07-18T09:16:13.687040" elapsed="0.629285"/>
</test>
<test id="s1-s1-t5" name="Validar conteudo" line="35">
<kw name="Teste de Tipos de Conteudo" owner="random-user-service">
<kw name="GET On Session" owner="RequestsLibrary">
<msg time="2024-07-18T09:16:14.475024" level="INFO">GET Request : url=https://randomuser.me/api 
 path_url=/api 
 headers={'User-Agent': 'python-requests/2.32.3', 'Accept-Encoding': 'gzip, deflate', 'Accept': '*/*', 'Connection': 'keep-alive'} 
 body=None 
 </msg>
<msg time="2024-07-18T09:16:14.475125" level="INFO">GET Response : url=https://randomuser.me/api 
 status=200, reason=OK 
 headers={'Date': 'Thu, 18 Jul 2024 09:16:14 GMT', 'Content-Type': 'application/json; charset=utf-8', 'Transfer-Encoding': 'chunked', 'Connection': 'keep-alive', 'X-Powered-By': 'Express', 'Access-Control-Allow-Origin': '*', 'Cache-Control': 'no-cache', 'ETag': 'W/"47b-Nb+SUtkXIth9QvVO+p6CVYut9P0"', 'Vary': 'Accept-Encoding', 'Content-Encoding': 'gzip', 'CF-Cache-Status': 'DYNAMIC', 'Report-To': '{"endpoints":[{"url":"https:\\/\\/a.nel.cloudflare.com\\/report\\/v4?s=2jyF%2FHZAWxlt20g6MPqel9C6tBGs3OX%2BCvL74%2B7YUtAz8ZrtLphdZe44KsknSZOB3ggaNUBTTV7IELloPdHnhKtvd8LMWv3%2BJ6IS3rSJwJOYHL2Ki7ImlAoAmIeQvzyg"}],"group":"cf-nel","max_age":604800}', 'NEL': '{"success_fraction":0,"report_to":"cf-nel","max_age":604800}', 'Server': 'cloudflare', 'CF-RAY': '8a515f2d8b7713ce-ORD', 'alt-svc': 'h3=":443"; ma=86400'} 
 body={"results":[{"gender":"female","name":{"title":"Ms","first":"Ivana","last":"Blažić"},"location":{"street":{"number":71,"name":"Belajska"},"city":"Žabalj","state":"North Banat","country":"Serbia","postcode":50778,"coordinates":{"latitude":"61.7607","longitude":"59.1990"},"timezone":{"offset":"+9:30","description":"Adelaide, Darwin"}},"email":"ivana.blazic@example.com","login":{"uuid":"40de00f6-7059-4f04-bfa9-90dc6b66434d","username":"organiclion148","password":"pertinant","salt":"cvM7dqB0","md5":"50540c548ce0607e75068b5fa42c7970","sha1":"3803c4a3a5b9d31ee1364a22b3958e0485e9ff9d","sha256":"f5bda45efc3a47ff759094937ca5c62fe265af5aeb64430d099179b6b51a5ecd"},"dob":{"date":"1992-01-23T15:23:35.138Z","age":32},"registered":{"date":"2018-02-25T12:45:52.456Z","age":6},"phone":"033-3222-845","cell":"061-8088-253","id":{"name":"SID","value":"607477239"},"picture":{"large":"https://randomuser.me/api/portraits/women/39.jpg","medium":"https://randomuser.me/api/portraits/med/women/39.jpg","thumbnail":"https://randomuser.me/api/portraits/thumb/women/39.jpg"},"nat":"RS"}],"info":{"seed":"c96ad38ad3698827","results":1,"page":1,"version":"1.4"}} 
 </msg>
<msg time="2024-07-18T09:16:14.475197" level="INFO">/opt/hostedtoolcache/Python/3.12.4/x64/lib/python3.12/site-packages/urllib3/connectionpool.py:1099: InsecureRequestWarning: Unverified HTTPS request is being made to host 'randomuser.me'. Adding certificate verification is strongly advised. See: https://urllib3.readthedocs.io/en/latest/advanced-usage.html#tls-warnings
  warnings.warn(</msg>
<msg time="2024-07-18T09:16:14.475329" level="INFO">${response} = &lt;Response [200]&gt;</msg>
<var>${response}</var>
<arg>consultarAPI</arg>
<arg>/api</arg>
<doc>Sends a GET request on a previously created HTTP Session.</doc>
<status status="PASS" start="2024-07-18T09:16:14.318794" elapsed="0.156565"/>
</kw>
<kw name="Set Variable" owner="BuiltIn">
<msg time="2024-07-18T09:16:14.476512" level="INFO">${json_data} = {'results': [{'gender': 'female', 'name': {'title': 'Ms', 'first': 'Ivana', 'last': 'Blažić'}, 'location': {'street': {'number': 71, 'name': 'Belajska'}, 'city': 'Žabalj', 'state': 'North Banat', 'cou...</msg>
<var>${json_data}</var>
<arg>${response.json()}</arg>
<doc>Returns the given values which can then be assigned to a variables.</doc>
<status status="PASS" start="2024-07-18T09:16:14.475965" elapsed="0.000578"/>
</kw>
<kw name="Set Variable" owner="BuiltIn">
<msg time="2024-07-18T09:16:14.477308" level="INFO">${name_title} = Ms</msg>
<var>${name_title}</var>
<arg>${json_data["results"][0]["name"]["title"]}</arg>
<doc>Returns the given values which can then be assigned to a variables.</doc>
<status status="PASS" start="2024-07-18T09:16:14.476918" elapsed="0.000416"/>
</kw>
<kw name="Create List" owner="BuiltIn">
<msg time="2024-07-18T09:16:14.477792" level="INFO">${allowed_titles} = ['Mr', 'Ms', 'Miss', 'Mrs', 'Madame', 'Monsieur']</msg>
<var>${allowed_titles}</var>
<arg>Mr</arg>
<arg>Ms</arg>
<arg>Miss</arg>
<arg>Mrs</arg>
<arg>Madame</arg>
<arg>Monsieur</arg>
<doc>Returns a list containing given items.</doc>
<status status="PASS" start="2024-07-18T09:16:14.477643" elapsed="0.000173"/>
</kw>
<kw name="List Should Contain Value" owner="Collections">
<arg>${allowed_titles}</arg>
<arg>${name_title}</arg>
<doc>Fails if the ``value`` is not found from ``list``.</doc>
<status status="PASS" start="2024-07-18T09:16:14.478117" elapsed="0.000175"/>
</kw>
<kw name="Set Variable" owner="BuiltIn">
<msg time="2024-07-18T09:16:14.478844" level="INFO">${name_country} = RS</msg>
<var>${name_country}</var>
<arg>${json_data["results"][0]["nat"]}</arg>
<doc>Returns the given values which can then be assigned to a variables.</doc>
<status status="PASS" start="2024-07-18T09:16:14.478470" elapsed="0.000398"/>
</kw>
<kw name="Create List" owner="BuiltIn">
<msg time="2024-07-18T09:16:14.479755" level="INFO">${list_country} = ['AD', 'AE', 'AF', 'AG', 'AI', 'AL', 'AM', 'AO', 'AQ', 'AR', 'AS', 'AT', 'AU', 'AW', 'AX', 'AZ', 'BA', 'BB', 'BD', 'BE', 'BF', 'BG', 'BH', 'BI', 'BJ', 'BL', 'BM', 'BN', 'BO', 'BQ', 'BR', 'BS', 'BT', '...</msg>
<var>${list_country}</var>
<arg>AD</arg>
<arg>AE</arg>
<arg>AF</arg>
<arg>AG</arg>
<arg>AI</arg>
<arg>AL</arg>
<arg>AM</arg>
<arg>AO</arg>
<arg>AQ</arg>
<arg>AR</arg>
<arg>AS</arg>
<arg>AT</arg>
<arg>AU</arg>
<arg>AW</arg>
<arg>AX</arg>
<arg>AZ</arg>
<arg>BA</arg>
<arg>BB</arg>
<arg>BD</arg>
<arg>BE</arg>
<arg>BF</arg>
<arg>BG</arg>
<arg>BH</arg>
<arg>BI</arg>
<arg>BJ</arg>
<arg>BL</arg>
<arg>BM</arg>
<arg>BN</arg>
<arg>BO</arg>
<arg>BQ</arg>
<arg>BR</arg>
<arg>BS</arg>
<arg>BT</arg>
<arg>BV</arg>
<arg>BW</arg>
<arg>BY</arg>
<arg>BZ</arg>
<arg>CA</arg>
<arg>CC</arg>
<arg>CD</arg>
<arg>CF</arg>
<arg>CG</arg>
<arg>CH</arg>
<arg>CI</arg>
<arg>CK</arg>
<arg>CL</arg>
<arg>CM</arg>
<arg>CN</arg>
<arg>CO</arg>
<arg>CR</arg>
<arg>CU</arg>
<arg>CV</arg>
<arg>CW</arg>
<arg>CX</arg>
<arg>CY</arg>
<arg>CZ</arg>
<arg>DE</arg>
<arg>DJ</arg>
<arg>DK</arg>
<arg>DM</arg>
<arg>DO</arg>
<arg>DZ</arg>
<arg>EC</arg>
<arg>EE</arg>
<arg>EG</arg>
<arg>EH</arg>
<arg>ER</arg>
<arg>ES</arg>
<arg>ET</arg>
<arg>FI</arg>
<arg>FJ</arg>
<arg>FK</arg>
<arg>FM</arg>
<arg>FO</arg>
<arg>FR</arg>
<arg>GA</arg>
<arg>GB</arg>
<arg>GD</arg>
<arg>GE</arg>
<arg>GF</arg>
<arg>GG</arg>
<arg>GH</arg>
<arg>GI</arg>
<arg>GL</arg>
<arg>GM</arg>
<arg>GN</arg>
<arg>GP</arg>
<arg>GQ</arg>
<arg>GR</arg>
<arg>GS</arg>
<arg>GT</arg>
<arg>GU</arg>
<arg>GW</arg>
<arg>GY</arg>
<arg>HK</arg>
<arg>HM</arg>
<arg>HN</arg>
<arg>HR</arg>
<arg>HT</arg>
<arg>HU</arg>
<arg>ID</arg>
<arg>IE</arg>
<arg>IL</arg>
<arg>IM</arg>
<arg>IN</arg>
<arg>IO</arg>
<arg>IQ</arg>
<arg>IR</arg>
<arg>IS</arg>
<arg>IT</arg>
<arg>JE</arg>
<arg>JM</arg>
<arg>JO</arg>
<arg>JP</arg>
<arg>KE</arg>
<arg>KG</arg>
<arg>KH</arg>
<arg>KI</arg>
<arg>KM</arg>
<arg>KN</arg>
<arg>KP</arg>
<arg>KR</arg>
<arg>KW</arg>
<arg>KY</arg>
<arg>KZ</arg>
<arg>LA</arg>
<arg>LB</arg>
<arg>LC</arg>
<arg>LI</arg>
<arg>LK</arg>
<arg>LR</arg>
<arg>LS</arg>
<arg>LT</arg>
<arg>LU</arg>
<arg>LV</arg>
<arg>LY</arg>
<arg>MA</arg>
<arg>MC</arg>
<arg>MD</arg>
<arg>ME</arg>
<arg>MF</arg>
<arg>MG</arg>
<arg>MH</arg>
<arg>MK</arg>
<arg>ML</arg>
<arg>MM</arg>
<arg>MN</arg>
<arg>MO</arg>
<arg>MP</arg>
<arg>MQ</arg>
<arg>MR</arg>
<arg>MS</arg>
<arg>MT</arg>
<arg>MU</arg>
<arg>MV</arg>
<arg>MW</arg>
<arg>MX</arg>
<arg>MY</arg>
<arg>MZ</arg>
<arg>NA</arg>
<arg>NC</arg>
<arg>NE</arg>
<arg>NF</arg>
<arg>NG</arg>
<arg>NI</arg>
<arg>NL</arg>
<arg>NO</arg>
<arg>NP</arg>
<arg>NR</arg>
<arg>NU</arg>
<arg>NZ</arg>
<arg>OM</arg>
<arg>PA</arg>
<arg>PE</arg>
<arg>PF</arg>
<arg>PG</arg>
<arg>PH</arg>
<arg>PK</arg>
<arg>PL</arg>
<arg>PM</arg>
<arg>PN</arg>
<arg>PR</arg>
<arg>PS</arg>
<arg>PT</arg>
<arg>PW</arg>
<arg>PY</arg>
<arg>QA</arg>
<arg>RE</arg>
<arg>RO</arg>
<arg>RS</arg>
<arg>RU</arg>
<arg>RW</arg>
<arg>SA</arg>
<arg>SB</arg>
<arg>SC</arg>
<arg>SD</arg>
<arg>SE</arg>
<arg>SG</arg>
<arg>SH</arg>
<arg>SI</arg>
<arg>SJ</arg>
<arg>SK</arg>
<arg>SL</arg>
<arg>SM</arg>
<arg>SN</arg>
<arg>SO</arg>
<arg>SR</arg>
<arg>SS</arg>
<arg>ST</arg>
<arg>SV</arg>
<arg>SX</arg>
<arg>SY</arg>
<arg>SZ</arg>
<arg>TC</arg>
<arg>TD</arg>
<arg>TF</arg>
<arg>TG</arg>
<arg>TH</arg>
<arg>TJ</arg>
<arg>TK</arg>
<arg>TL</arg>
<arg>TM</arg>
<arg>TN</arg>
<arg>TO</arg>
<arg>TR</arg>
<arg>TT</arg>
<arg>TV</arg>
<arg>TW</arg>
<arg>TZ</arg>
<arg>UA</arg>
<arg>UG</arg>
<arg>UM</arg>
<arg>US</arg>
<arg>UY</arg>
<arg>UZ</arg>
<arg>VA</arg>
<arg>VC</arg>
<arg>VE</arg>
<arg>VG</arg>
<arg>VI</arg>
<arg>VN</arg>
<arg>VU</arg>
<arg>WF</arg>
<arg>WS</arg>
<arg>XK</arg>
<arg>YE</arg>
<arg>YT</arg>
<arg>ZA</arg>
<arg>ZM</arg>
<arg>ZW</arg>
<doc>Returns a list containing given items.</doc>
<status status="PASS" start="2024-07-18T09:16:14.479156" elapsed="0.000626"/>
</kw>
<kw name="List Should Contain Value" owner="Collections">
<arg>${list_country}</arg>
<arg>${name_country}</arg>
<doc>Fails if the ``value`` is not found from ``list``.</doc>
<status status="PASS" start="2024-07-18T09:16:14.480815" elapsed="0.000214"/>
</kw>
<kw name="Run Keyword If" owner="BuiltIn">
<kw name="Should Be True" owner="BuiltIn">
<arg>${True}</arg>
<doc>Fails if the given condition is not true.</doc>
<status status="PASS" start="2024-07-18T09:16:14.481988" elapsed="0.000147"/>
</kw>
<arg>${json_data["results"][0]["location"]["coordinates"]["latitude"]} &gt;= -90 and ${json_data["results"][0]["location"]["coordinates"]["latitude"]} &lt;= 90</arg>
<arg>Should Be True</arg>
<arg>${True}</arg>
<doc>Runs the given keyword with the given arguments, if ``condition`` is true.</doc>
<status status="PASS" start="2024-07-18T09:16:14.481230" elapsed="0.001032"/>
</kw>
<kw name="Run Keyword If" owner="BuiltIn">
<kw name="Should Be True" owner="BuiltIn">
<arg>${True}</arg>
<doc>Fails if the given condition is not true.</doc>
<status status="PASS" start="2024-07-18T09:16:14.483136" elapsed="0.000138"/>
</kw>
<arg>${json_data["results"][0]["location"]["coordinates"]["longitude"]} &gt;= -180 and ${json_data["results"][0]["location"]["coordinates"]["longitude"]} &lt;= 180</arg>
<arg>Should Be True</arg>
<arg>${True}</arg>
<doc>Runs the given keyword with the given arguments, if ``condition`` is true.</doc>
<status status="PASS" start="2024-07-18T09:16:14.482442" elapsed="0.000961"/>
</kw>
<status status="PASS" start="2024-07-18T09:16:14.318574" elapsed="0.164962"/>
</kw>
<doc>Testa o conteúdo específico dos campos retornados pela API.</doc>
<tag>testeConteudo</tag>
<status status="PASS" start="2024-07-18T09:16:14.318123" elapsed="0.165570"/>
</test>
<status status="PASS" start="2024-07-18T09:16:12.950487" elapsed="1.535233"/>
</suite>
<status status="PASS" start="2024-07-18T09:16:12.936168" elapsed="1.554612"/>
</suite>
<statistics>
<total>
<stat pass="5" fail="0" skip="0">All Tests</stat>
</total>
<tag>
<stat pass="1" fail="0" skip="0">testeConteudo</stat>
<stat pass="1" fail="0" skip="0">testeEstruturaResposta</stat>
<stat pass="1" fail="0" skip="0">testeRequisicaoBasica</stat>
<stat pass="1" fail="0" skip="0">testeTiposDados</stat>
</tag>
<suite>
<stat pass="5" fail="0" skip="0" id="s1" name="Tests">Tests</stat>
<stat pass="5" fail="0" skip="0" id="s1-s1" name="Random-User-Test">Tests.Random-User-Test</stat>
</suite>
</statistics>
<errors>
</errors>
</robot>
