<?xml version="1.0" encoding="UTF-8"?>
<robot generator="Robot 7.0 (Python 3.12.3 on linux)" generated="2024-06-09T22:14:17.247424" rpa="false" schemaversion="5">
<suite id="s1" name="Tests" source="/home/runner/work/ApiRandomUser/ApiRandomUser/RamdonUser/tests">
<suite id="s1-s1" name="Random-User-Test" source="/home/runner/work/ApiRandomUser/ApiRandomUser/RamdonUser/tests/random-user-test.robot">
<test id="s1-s1-t1" name="Conectar" line="13">
<kw name="Conectar API" owner="random-user-service">
<kw name="Create Session" owner="RequestsLibrary">
<msg time="2024-06-09T22:14:17.658432" level="INFO">Creating Session using : alias=consultarAPI, url=https://randomuser.me/, headers={},                     cookies={}, auth=None, timeout=None, proxies=None, verify=False,                     debug=0 </msg>
<arg>consultarAPI</arg>
<arg>${URL}</arg>
<doc>Create Session: create a HTTP session to a server</doc>
<status status="PASS" start="2024-06-09T22:14:17.658228" elapsed="0.000383"/>
</kw>
<status status="PASS" start="2024-06-09T22:14:17.657248" elapsed="0.001747"/>
</kw>
<status status="PASS" start="2024-06-09T22:14:17.656718" elapsed="0.002470"/>
</test>
<test id="s1-s1-t2" name="Validar retorno 200 e JSON Válido" line="16">
<kw name="Teste de Requisicao Basica" owner="random-user-service">
<kw name="GET On Session" owner="RequestsLibrary">
<msg time="2024-06-09T22:14:17.748250" level="INFO">GET Request : url=https://randomuser.me/api 
 path_url=/api 
 headers={'User-Agent': 'python-requests/2.32.3', 'Accept-Encoding': 'gzip, deflate', 'Accept': '*/*', 'Connection': 'keep-alive'} 
 body=None 
 </msg>
<msg time="2024-06-09T22:14:17.748399" level="INFO">GET Response : url=https://randomuser.me/api 
 status=200, reason=OK 
 headers={'Date': 'Sun, 09 Jun 2024 22:14:17 GMT', 'Content-Type': 'application/json; charset=utf-8', 'Transfer-Encoding': 'chunked', 'Connection': 'keep-alive', 'X-Powered-By': 'Express', 'Access-Control-Allow-Origin': '*', 'Cache-Control': 'no-cache', 'ETag': 'W/"477-U1ytpCY9h56f9oe394G8pWXKsac"', 'Vary': 'Accept-Encoding', 'Content-Encoding': 'gzip', 'CF-Cache-Status': 'DYNAMIC', 'Report-To': '{"endpoints":[{"url":"https:\\/\\/a.nel.cloudflare.com\\/report\\/v4?s=KhjwyZvsX18R6QMndTPhai5F%2B0%2B9NHLI6qlvKzWJZ9uxTG6rZDP%2BAqYGlfWCqd9NqBCWC72xHA%2F%2FynfGBNqL%2F5JHGUhI%2BLU1YUUsa3beg3erBWjIgQtQxfY993yA7edr"}],"group":"cf-nel","max_age":604800}', 'NEL': '{"success_fraction":0,"report_to":"cf-nel","max_age":604800}', 'Server': 'cloudflare', 'CF-RAY': '89147948adce1fd0-IAD', 'alt-svc': 'h3=":443"; ma=86400'} 
 body={"results":[{"gender":"female","name":{"title":"Miss","first":"Alba","last":"León"},"location":{"street":{"number":7426,"name":"Calle de La Almudena"},"city":"Alicante","state":"Castilla y León","country":"Spain","postcode":65704,"coordinates":{"latitude":"-32.2264","longitude":"103.3918"},"timezone":{"offset":"-9:00","description":"Alaska"}},"email":"alba.leon@example.com","login":{"uuid":"0741b705-9e62-4e8b-81fb-2d0c6db02efd","username":"saddog851","password":"wifes","salt":"6Al3GTXe","md5":"bb4f6eff6a2ad7f5fd74aa4ece4c237f","sha1":"98150bba1884681bacc8c68729b77929791e0431","sha256":"4371998c717b5088bf89ac26721dcca73bcce53ef624cda46dd93c2722a14679"},"dob":{"date":"1947-11-01T18:49:43.155Z","age":76},"registered":{"date":"2017-10-26T13:09:46.420Z","age":6},"phone":"987-019-982","cell":"692-217-957","id":{"name":"DNI","value":"07882937-Q"},"picture":{"large":"https://randomuser.me/api/portraits/women/38.jpg","medium":"https://randomuser.me/api/portraits/med/women/38.jpg","thumbnail":"https://randomuser.me/api/portraits/thumb/women/38.jpg"},"nat":"ES"}],"info":{"seed":"8a9777bf30c3a618","results":1,"page":1,"version":"1.4"}} 
 </msg>
<msg time="2024-06-09T22:14:17.748483" level="INFO">/opt/hostedtoolcache/Python/3.12.3/x64/lib/python3.12/site-packages/urllib3/connectionpool.py:1103: InsecureRequestWarning: Unverified HTTPS request is being made to host 'randomuser.me'. Adding certificate verification is strongly advised. See: https://urllib3.readthedocs.io/en/latest/advanced-usage.html#tls-warnings
  warnings.warn(</msg>
<msg time="2024-06-09T22:14:17.748629" level="INFO">${response} = &lt;Response [200]&gt;</msg>
<var>${response}</var>
<arg>consultarAPI</arg>
<arg>/api</arg>
<doc>Sends a GET request on a previously created HTTP Session.</doc>
<status status="PASS" start="2024-06-09T22:14:17.661691" elapsed="0.086977"/>
</kw>
<kw name="Should Be Equal As Numbers" owner="BuiltIn">
<msg time="2024-06-09T22:14:17.749642" level="INFO">Argument types are:
&lt;class 'int'&gt;
&lt;class 'str'&gt;</msg>
<arg>${response.status_code}</arg>
<arg>200</arg>
<doc>Fails if objects are unequal after converting them to real numbers.</doc>
<status status="PASS" start="2024-06-09T22:14:17.749190" elapsed="0.000517"/>
</kw>
<kw name="Log" owner="BuiltIn">
<msg time="2024-06-09T22:14:17.750404" level="INFO">200</msg>
<arg>${response.status_code}</arg>
<doc>Logs the given message with the given level.</doc>
<status status="PASS" start="2024-06-09T22:14:17.750051" elapsed="0.000400"/>
</kw>
<kw name="Set Variable" owner="BuiltIn">
<msg time="2024-06-09T22:14:17.751233" level="INFO">${json_data} = {'results': [{'gender': 'female', 'name': {'title': 'Miss', 'first': 'Alba', 'last': 'León'}, 'location': {'street': {'number': 7426, 'name': 'Calle de La Almudena'}, 'city': 'Alicante', 'state': 'Cas...</msg>
<var>${json_data}</var>
<arg>${response.json()}</arg>
<doc>Returns the given values which can then be assigned to a variables.</doc>
<status status="PASS" start="2024-06-09T22:14:17.750758" elapsed="0.000503"/>
</kw>
<kw name="Dictionary Should Contain Key" owner="Collections">
<msg time="2024-06-09T22:14:17.751735" level="INFO">False</msg>
<arg>${json_data}</arg>
<arg>results</arg>
<doc>Fails if ``key`` is not found from ``dictionary``.</doc>
<status status="PASS" start="2024-06-09T22:14:17.751563" elapsed="0.000211"/>
</kw>
<status status="PASS" start="2024-06-09T22:14:17.661451" elapsed="0.090580"/>
</kw>
<doc>Testa se a API responde corretamente e retorna um objeto JSON válido.</doc>
<tag>testeRequisicaoBasica</tag>
<status status="PASS" start="2024-06-09T22:14:17.661004" elapsed="0.091214"/>
</test>
<test id="s1-s1-t3" name="Validar estrutura de resposta" line="22">
<kw name="Teste de Estrutura de Resposta" owner="random-user-service">
<kw name="GET On Session" owner="RequestsLibrary">
<msg time="2024-06-09T22:14:17.842542" level="INFO">GET Request : url=https://randomuser.me/api 
 path_url=/api 
 headers={'User-Agent': 'python-requests/2.32.3', 'Accept-Encoding': 'gzip, deflate', 'Accept': '*/*', 'Connection': 'keep-alive'} 
 body=None 
 </msg>
<msg time="2024-06-09T22:14:17.842642" level="INFO">GET Response : url=https://randomuser.me/api 
 status=200, reason=OK 
 headers={'Date': 'Sun, 09 Jun 2024 22:14:17 GMT', 'Content-Type': 'application/json; charset=utf-8', 'Transfer-Encoding': 'chunked', 'Connection': 'keep-alive', 'X-Powered-By': 'Express', 'Access-Control-Allow-Origin': '*', 'Cache-Control': 'no-cache', 'ETag': 'W/"490-ldXw3cCJ8D43dJskA7sVlb8Fd3k"', 'Vary': 'Accept-Encoding', 'Content-Encoding': 'gzip', 'CF-Cache-Status': 'DYNAMIC', 'Report-To': '{"endpoints":[{"url":"https:\\/\\/a.nel.cloudflare.com\\/report\\/v4?s=Tj5cGuT36C3lnBxGYLT47m5r9nxcIfOCTm3VRyN9mvKag6%2BLf3i5rX7L%2BcDpfSJwsN%2B1bkks5S3O3Pfr4OJ3tktYYImAbABDaKeIZYyk%2Fy4aDBPpsZKM81BBdPEjHW8T"}],"group":"cf-nel","max_age":604800}', 'NEL': '{"success_fraction":0,"report_to":"cf-nel","max_age":604800}', 'Server': 'cloudflare', 'CF-RAY': '89147948fe1f1fd0-IAD', 'alt-svc': 'h3=":443"; ma=86400'} 
 body={"results":[{"gender":"male","name":{"title":"Mr","first":"Wendolin","last":"Portillo"},"location":{"street":{"number":4396,"name":"Callejón Sur Pulido"},"city":"Comalteco","state":"Colima","country":"Mexico","postcode":13041,"coordinates":{"latitude":"28.0760","longitude":"-19.7584"},"timezone":{"offset":"+6:00","description":"Almaty, Dhaka, Colombo"}},"email":"wendolin.portillo@example.com","login":{"uuid":"fbc73340-5d24-425f-806e-dae727adb617","username":"happyswan843","password":"1212","salt":"u2kriw7V","md5":"ac452349a7295273d69295f4cd1e04bc","sha1":"a77bba0c9bf2f469ace5f9aecfc33a1c51a349ba","sha256":"2bfb66eb6ee84a574aa2450e40371ac7caf98006cf398251c17417404a255392"},"dob":{"date":"1980-05-30T01:31:58.634Z","age":44},"registered":{"date":"2020-05-11T00:10:28.572Z","age":4},"phone":"(614) 686 3041","cell":"(681) 567 5943","id":{"name":"NSS","value":"34 32 20 7225 1"},"picture":{"large":"https://randomuser.me/api/portraits/men/45.jpg","medium":"https://randomuser.me/api/portraits/med/men/45.jpg","thumbnail":"https://randomuser.me/api/portraits/thumb/men/45.jpg"},"nat":"MX"}],"info":{"seed":"5d60c137c7ae785a","results":1,"page":1,"version":"1.4"}} 
 </msg>
<msg time="2024-06-09T22:14:17.842793" level="INFO">/opt/hostedtoolcache/Python/3.12.3/x64/lib/python3.12/site-packages/urllib3/connectionpool.py:1103: InsecureRequestWarning: Unverified HTTPS request is being made to host 'randomuser.me'. Adding certificate verification is strongly advised. See: https://urllib3.readthedocs.io/en/latest/advanced-usage.html#tls-warnings
  warnings.warn(</msg>
<msg time="2024-06-09T22:14:17.842933" level="INFO">${response} = &lt;Response [200]&gt;</msg>
<var>${response}</var>
<arg>consultarAPI</arg>
<arg>/api</arg>
<doc>Sends a GET request on a previously created HTTP Session.</doc>
<status status="PASS" start="2024-06-09T22:14:17.754928" elapsed="0.088051"/>
</kw>
<kw name="Set Variable" owner="BuiltIn">
<msg time="2024-06-09T22:14:17.844206" level="INFO">${json_data} = {'results': [{'gender': 'male', 'name': {'title': 'Mr', 'first': 'Wendolin', 'last': 'Portillo'}, 'location': {'street': {'number': 4396, 'name': 'Callejón Sur Pulido'}, 'city': 'Comalteco', 'state': ...</msg>
<var>${json_data}</var>
<arg>${response.json()}</arg>
<doc>Returns the given values which can then be assigned to a variables.</doc>
<status status="PASS" start="2024-06-09T22:14:17.843623" elapsed="0.000612"/>
</kw>
<kw name="Log" owner="BuiltIn">
<msg time="2024-06-09T22:14:17.844709" level="INFO">{'results': [{'gender': 'male', 'name': {'title': 'Mr', 'first': 'Wendolin', 'last': 'Portillo'}, 'location': {'street': {'number': 4396, 'name': 'Callejón Sur Pulido'}, 'city': 'Comalteco', 'state': 'Colima', 'country': 'Mexico', 'postcode': 13041, 'coordinates': {'latitude': '28.0760', 'longitude': '-19.7584'}, 'timezone': {'offset': '+6:00', 'description': 'Almaty, Dhaka, Colombo'}}, 'email': 'wendolin.portillo@example.com', 'login': {'uuid': 'fbc73340-5d24-425f-806e-dae727adb617', 'username': 'happyswan843', 'password': '1212', 'salt': 'u2kriw7V', 'md5': 'ac452349a7295273d69295f4cd1e04bc', 'sha1': 'a77bba0c9bf2f469ace5f9aecfc33a1c51a349ba', 'sha256': '2bfb66eb6ee84a574aa2450e40371ac7caf98006cf398251c17417404a255392'}, 'dob': {'date': '1980-05-30T01:31:58.634Z', 'age': 44}, 'registered': {'date': '2020-05-11T00:10:28.572Z', 'age': 4}, 'phone': '(614) 686 3041', 'cell': '(681) 567 5943', 'id': {'name': 'NSS', 'value': '34 32 20 7225 1'}, 'picture': {'large': 'https://randomuser.me/api/portraits/men/45.jpg', 'medium': 'https://randomuser.me/api/portraits/med/men/45.jpg', 'thumbnail': 'https://randomuser.me/api/portraits/thumb/men/45.jpg'}, 'nat': 'MX'}], 'info': {'seed': '5d60c137c7ae785a', 'results': 1, 'page': 1, 'version': '1.4'}}</msg>
<arg>${json_data}</arg>
<doc>Logs the given message with the given level.</doc>
<status status="PASS" start="2024-06-09T22:14:17.844546" elapsed="0.000218"/>
</kw>
<kw name="Dictionary Should Contain Key" owner="Collections">
<msg time="2024-06-09T22:14:17.845217" level="INFO">False</msg>
<arg>${json_data}</arg>
<arg>results</arg>
<doc>Fails if ``key`` is not found from ``dictionary``.</doc>
<status status="PASS" start="2024-06-09T22:14:17.845060" elapsed="0.000200"/>
</kw>
<kw name="Should Not Be Empty" owner="BuiltIn">
<msg time="2024-06-09T22:14:17.845686" level="INFO">Length is 2.</msg>
<arg>${json_data}</arg>
<doc>Verifies that the given item is not empty.</doc>
<status status="PASS" start="2024-06-09T22:14:17.845551" elapsed="0.000173"/>
</kw>
<kw name="Create List" owner="BuiltIn">
<msg time="2024-06-09T22:14:17.846321" level="INFO">${expected_keys} = ['gender', 'name', 'location', 'email', 'login']</msg>
<var>${expected_keys}</var>
<arg>gender</arg>
<arg>name</arg>
<arg>location</arg>
<arg>email</arg>
<arg>login</arg>
<doc>Returns a list containing given items.</doc>
<status status="PASS" start="2024-06-09T22:14:17.846012" elapsed="0.000334"/>
</kw>
<for flavor="IN">
<iter>
<kw name="Dictionary Should Contain Key" owner="Collections">
<msg time="2024-06-09T22:14:17.847380" level="INFO">False</msg>
<arg>${json_data['results'][0]}</arg>
<arg>${key}</arg>
<doc>Fails if ``key`` is not found from ``dictionary``.</doc>
<status status="PASS" start="2024-06-09T22:14:17.846984" elapsed="0.000435"/>
</kw>
<kw name="Log" owner="BuiltIn">
<msg time="2024-06-09T22:14:17.848091" level="INFO">{'gender': 'male', 'name': {'title': 'Mr', 'first': 'Wendolin', 'last': 'Portillo'}, 'location': {'street': {'number': 4396, 'name': 'Callejón Sur Pulido'}, 'city': 'Comalteco', 'state': 'Colima', 'country': 'Mexico', 'postcode': 13041, 'coordinates': {'latitude': '28.0760', 'longitude': '-19.7584'}, 'timezone': {'offset': '+6:00', 'description': 'Almaty, Dhaka, Colombo'}}, 'email': 'wendolin.portillo@example.com', 'login': {'uuid': 'fbc73340-5d24-425f-806e-dae727adb617', 'username': 'happyswan843', 'password': '1212', 'salt': 'u2kriw7V', 'md5': 'ac452349a7295273d69295f4cd1e04bc', 'sha1': 'a77bba0c9bf2f469ace5f9aecfc33a1c51a349ba', 'sha256': '2bfb66eb6ee84a574aa2450e40371ac7caf98006cf398251c17417404a255392'}, 'dob': {'date': '1980-05-30T01:31:58.634Z', 'age': 44}, 'registered': {'date': '2020-05-11T00:10:28.572Z', 'age': 4}, 'phone': '(614) 686 3041', 'cell': '(681) 567 5943', 'id': {'name': 'NSS', 'value': '34 32 20 7225 1'}, 'picture': {'large': 'https://randomuser.me/api/portraits/men/45.jpg', 'medium': 'https://randomuser.me/api/portraits/med/men/45.jpg', 'thumbnail': 'https://randomuser.me/api/portraits/thumb/men/45.jpg'}, 'nat': 'MX'}</msg>
<arg>${json_data['results'][0]}</arg>
<doc>Logs the given message with the given level.</doc>
<status status="PASS" start="2024-06-09T22:14:17.847721" elapsed="0.000420"/>
</kw>
<kw name="Log" owner="BuiltIn">
<msg time="2024-06-09T22:14:17.848575" level="INFO">gender</msg>
<arg>${key}</arg>
<doc>Logs the given message with the given level.</doc>
<status status="PASS" start="2024-06-09T22:14:17.848439" elapsed="0.000174"/>
</kw>
<var name="${key}">gender</var>
<status status="PASS" start="2024-06-09T22:14:17.846851" elapsed="0.001977"/>
</iter>
<iter>
<kw name="Dictionary Should Contain Key" owner="Collections">
<msg time="2024-06-09T22:14:17.849516" level="INFO">False</msg>
<arg>${json_data['results'][0]}</arg>
<arg>${key}</arg>
<doc>Fails if ``key`` is not found from ``dictionary``.</doc>
<status status="PASS" start="2024-06-09T22:14:17.849128" elapsed="0.000425"/>
</kw>
<kw name="Log" owner="BuiltIn">
<msg time="2024-06-09T22:14:17.850248" level="INFO">{'gender': 'male', 'name': {'title': 'Mr', 'first': 'Wendolin', 'last': 'Portillo'}, 'location': {'street': {'number': 4396, 'name': 'Callejón Sur Pulido'}, 'city': 'Comalteco', 'state': 'Colima', 'country': 'Mexico', 'postcode': 13041, 'coordinates': {'latitude': '28.0760', 'longitude': '-19.7584'}, 'timezone': {'offset': '+6:00', 'description': 'Almaty, Dhaka, Colombo'}}, 'email': 'wendolin.portillo@example.com', 'login': {'uuid': 'fbc73340-5d24-425f-806e-dae727adb617', 'username': 'happyswan843', 'password': '1212', 'salt': 'u2kriw7V', 'md5': 'ac452349a7295273d69295f4cd1e04bc', 'sha1': 'a77bba0c9bf2f469ace5f9aecfc33a1c51a349ba', 'sha256': '2bfb66eb6ee84a574aa2450e40371ac7caf98006cf398251c17417404a255392'}, 'dob': {'date': '1980-05-30T01:31:58.634Z', 'age': 44}, 'registered': {'date': '2020-05-11T00:10:28.572Z', 'age': 4}, 'phone': '(614) 686 3041', 'cell': '(681) 567 5943', 'id': {'name': 'NSS', 'value': '34 32 20 7225 1'}, 'picture': {'large': 'https://randomuser.me/api/portraits/men/45.jpg', 'medium': 'https://randomuser.me/api/portraits/med/men/45.jpg', 'thumbnail': 'https://randomuser.me/api/portraits/thumb/men/45.jpg'}, 'nat': 'MX'}</msg>
<arg>${json_data['results'][0]}</arg>
<doc>Logs the given message with the given level.</doc>
<status status="PASS" start="2024-06-09T22:14:17.849877" elapsed="0.000430"/>
</kw>
<kw name="Log" owner="BuiltIn">
<msg time="2024-06-09T22:14:17.850743" level="INFO">name</msg>
<arg>${key}</arg>
<doc>Logs the given message with the given level.</doc>
<status status="PASS" start="2024-06-09T22:14:17.850612" elapsed="0.000195"/>
</kw>
<var name="${key}">name</var>
<status status="PASS" start="2024-06-09T22:14:17.849014" elapsed="0.002017"/>
</iter>
<iter>
<kw name="Dictionary Should Contain Key" owner="Collections">
<msg time="2024-06-09T22:14:17.851698" level="INFO">False</msg>
<arg>${json_data['results'][0]}</arg>
<arg>${key}</arg>
<doc>Fails if ``key`` is not found from ``dictionary``.</doc>
<status status="PASS" start="2024-06-09T22:14:17.851321" elapsed="0.000413"/>
</kw>
<kw name="Log" owner="BuiltIn">
<msg time="2024-06-09T22:14:17.852396" level="INFO">{'gender': 'male', 'name': {'title': 'Mr', 'first': 'Wendolin', 'last': 'Portillo'}, 'location': {'street': {'number': 4396, 'name': 'Callejón Sur Pulido'}, 'city': 'Comalteco', 'state': 'Colima', 'country': 'Mexico', 'postcode': 13041, 'coordinates': {'latitude': '28.0760', 'longitude': '-19.7584'}, 'timezone': {'offset': '+6:00', 'description': 'Almaty, Dhaka, Colombo'}}, 'email': 'wendolin.portillo@example.com', 'login': {'uuid': 'fbc73340-5d24-425f-806e-dae727adb617', 'username': 'happyswan843', 'password': '1212', 'salt': 'u2kriw7V', 'md5': 'ac452349a7295273d69295f4cd1e04bc', 'sha1': 'a77bba0c9bf2f469ace5f9aecfc33a1c51a349ba', 'sha256': '2bfb66eb6ee84a574aa2450e40371ac7caf98006cf398251c17417404a255392'}, 'dob': {'date': '1980-05-30T01:31:58.634Z', 'age': 44}, 'registered': {'date': '2020-05-11T00:10:28.572Z', 'age': 4}, 'phone': '(614) 686 3041', 'cell': '(681) 567 5943', 'id': {'name': 'NSS', 'value': '34 32 20 7225 1'}, 'picture': {'large': 'https://randomuser.me/api/portraits/men/45.jpg', 'medium': 'https://randomuser.me/api/portraits/med/men/45.jpg', 'thumbnail': 'https://randomuser.me/api/portraits/thumb/men/45.jpg'}, 'nat': 'MX'}</msg>
<arg>${json_data['results'][0]}</arg>
<doc>Logs the given message with the given level.</doc>
<status status="PASS" start="2024-06-09T22:14:17.852031" elapsed="0.000425"/>
</kw>
<kw name="Log" owner="BuiltIn">
<msg time="2024-06-09T22:14:17.852889" level="INFO">location</msg>
<arg>${key}</arg>
<doc>Logs the given message with the given level.</doc>
<status status="PASS" start="2024-06-09T22:14:17.852760" elapsed="0.000175"/>
</kw>
<var name="${key}">location</var>
<status status="PASS" start="2024-06-09T22:14:17.851208" elapsed="0.001942"/>
</iter>
<iter>
<kw name="Dictionary Should Contain Key" owner="Collections">
<msg time="2024-06-09T22:14:17.853820" level="INFO">False</msg>
<arg>${json_data['results'][0]}</arg>
<arg>${key}</arg>
<doc>Fails if ``key`` is not found from ``dictionary``.</doc>
<status status="PASS" start="2024-06-09T22:14:17.853438" elapsed="0.000419"/>
</kw>
<kw name="Log" owner="BuiltIn">
<msg time="2024-06-09T22:14:17.854524" level="INFO">{'gender': 'male', 'name': {'title': 'Mr', 'first': 'Wendolin', 'last': 'Portillo'}, 'location': {'street': {'number': 4396, 'name': 'Callejón Sur Pulido'}, 'city': 'Comalteco', 'state': 'Colima', 'country': 'Mexico', 'postcode': 13041, 'coordinates': {'latitude': '28.0760', 'longitude': '-19.7584'}, 'timezone': {'offset': '+6:00', 'description': 'Almaty, Dhaka, Colombo'}}, 'email': 'wendolin.portillo@example.com', 'login': {'uuid': 'fbc73340-5d24-425f-806e-dae727adb617', 'username': 'happyswan843', 'password': '1212', 'salt': 'u2kriw7V', 'md5': 'ac452349a7295273d69295f4cd1e04bc', 'sha1': 'a77bba0c9bf2f469ace5f9aecfc33a1c51a349ba', 'sha256': '2bfb66eb6ee84a574aa2450e40371ac7caf98006cf398251c17417404a255392'}, 'dob': {'date': '1980-05-30T01:31:58.634Z', 'age': 44}, 'registered': {'date': '2020-05-11T00:10:28.572Z', 'age': 4}, 'phone': '(614) 686 3041', 'cell': '(681) 567 5943', 'id': {'name': 'NSS', 'value': '34 32 20 7225 1'}, 'picture': {'large': 'https://randomuser.me/api/portraits/men/45.jpg', 'medium': 'https://randomuser.me/api/portraits/med/men/45.jpg', 'thumbnail': 'https://randomuser.me/api/portraits/thumb/men/45.jpg'}, 'nat': 'MX'}</msg>
<arg>${json_data['results'][0]}</arg>
<doc>Logs the given message with the given level.</doc>
<status status="PASS" start="2024-06-09T22:14:17.854154" elapsed="0.000421"/>
</kw>
<kw name="Log" owner="BuiltIn">
<msg time="2024-06-09T22:14:17.855046" level="INFO">email</msg>
<arg>${key}</arg>
<doc>Logs the given message with the given level.</doc>
<status status="PASS" start="2024-06-09T22:14:17.854911" elapsed="0.000173"/>
</kw>
<var name="${key}">email</var>
<status status="PASS" start="2024-06-09T22:14:17.853323" elapsed="0.001983"/>
</iter>
<iter>
<kw name="Dictionary Should Contain Key" owner="Collections">
<msg time="2024-06-09T22:14:17.855986" level="INFO">False</msg>
<arg>${json_data['results'][0]}</arg>
<arg>${key}</arg>
<doc>Fails if ``key`` is not found from ``dictionary``.</doc>
<status status="PASS" start="2024-06-09T22:14:17.855594" elapsed="0.000429"/>
</kw>
<kw name="Log" owner="BuiltIn">
<msg time="2024-06-09T22:14:17.856683" level="INFO">{'gender': 'male', 'name': {'title': 'Mr', 'first': 'Wendolin', 'last': 'Portillo'}, 'location': {'street': {'number': 4396, 'name': 'Callejón Sur Pulido'}, 'city': 'Comalteco', 'state': 'Colima', 'country': 'Mexico', 'postcode': 13041, 'coordinates': {'latitude': '28.0760', 'longitude': '-19.7584'}, 'timezone': {'offset': '+6:00', 'description': 'Almaty, Dhaka, Colombo'}}, 'email': 'wendolin.portillo@example.com', 'login': {'uuid': 'fbc73340-5d24-425f-806e-dae727adb617', 'username': 'happyswan843', 'password': '1212', 'salt': 'u2kriw7V', 'md5': 'ac452349a7295273d69295f4cd1e04bc', 'sha1': 'a77bba0c9bf2f469ace5f9aecfc33a1c51a349ba', 'sha256': '2bfb66eb6ee84a574aa2450e40371ac7caf98006cf398251c17417404a255392'}, 'dob': {'date': '1980-05-30T01:31:58.634Z', 'age': 44}, 'registered': {'date': '2020-05-11T00:10:28.572Z', 'age': 4}, 'phone': '(614) 686 3041', 'cell': '(681) 567 5943', 'id': {'name': 'NSS', 'value': '34 32 20 7225 1'}, 'picture': {'large': 'https://randomuser.me/api/portraits/men/45.jpg', 'medium': 'https://randomuser.me/api/portraits/med/men/45.jpg', 'thumbnail': 'https://randomuser.me/api/portraits/thumb/men/45.jpg'}, 'nat': 'MX'}</msg>
<arg>${json_data['results'][0]}</arg>
<doc>Logs the given message with the given level.</doc>
<status status="PASS" start="2024-06-09T22:14:17.856320" elapsed="0.000414"/>
</kw>
<kw name="Log" owner="BuiltIn">
<msg time="2024-06-09T22:14:17.857157" level="INFO">login</msg>
<arg>${key}</arg>
<doc>Logs the given message with the given level.</doc>
<status status="PASS" start="2024-06-09T22:14:17.857029" elapsed="0.000167"/>
</kw>
<var name="${key}">login</var>
<status status="PASS" start="2024-06-09T22:14:17.855479" elapsed="0.001962"/>
</iter>
<var>${key}</var>
<value>@{expected_keys}</value>
<status status="PASS" start="2024-06-09T22:14:17.846612" elapsed="0.010956"/>
</for>
<kw name="Create List" owner="BuiltIn">
<msg time="2024-06-09T22:14:17.857908" level="INFO">${expected_keysTwo} = ['username', 'password']</msg>
<var>${expected_keysTwo}</var>
<arg>username</arg>
<arg>password</arg>
<doc>Returns a list containing given items.</doc>
<status status="PASS" start="2024-06-09T22:14:17.857768" elapsed="0.000163"/>
</kw>
<for flavor="IN">
<iter>
<kw name="Dictionary Should Contain Key" owner="Collections">
<msg time="2024-06-09T22:14:17.858861" level="INFO">False</msg>
<arg>${json_data['results'][0]['login']}</arg>
<arg>${keyTwo}</arg>
<doc>Fails if ``key`` is not found from ``dictionary``.</doc>
<status status="PASS" start="2024-06-09T22:14:17.858430" elapsed="0.000477"/>
</kw>
<kw name="Dictionary Should Contain Key" owner="Collections">
<msg time="2024-06-09T22:14:17.859601" level="INFO">False</msg>
<arg>${json_data['results'][0]['login']}</arg>
<arg>${keyTwo}</arg>
<doc>Fails if ``key`` is not found from ``dictionary``.</doc>
<status status="PASS" start="2024-06-09T22:14:17.859210" elapsed="0.000429"/>
</kw>
<kw name="Log" owner="BuiltIn">
<msg time="2024-06-09T22:14:17.860059" level="INFO">username</msg>
<arg>${keyTwo}</arg>
<doc>Logs the given message with the given level.</doc>
<status status="PASS" start="2024-06-09T22:14:17.859931" elapsed="0.000165"/>
</kw>
<var name="${keyTwo}">username</var>
<status status="PASS" start="2024-06-09T22:14:17.858320" elapsed="0.001999"/>
</iter>
<iter>
<kw name="Dictionary Should Contain Key" owner="Collections">
<msg time="2024-06-09T22:14:17.860978" level="INFO">False</msg>
<arg>${json_data['results'][0]['login']}</arg>
<arg>${keyTwo}</arg>
<doc>Fails if ``key`` is not found from ``dictionary``.</doc>
<status status="PASS" start="2024-06-09T22:14:17.860605" elapsed="0.000410"/>
</kw>
<kw name="Dictionary Should Contain Key" owner="Collections">
<msg time="2024-06-09T22:14:17.861767" level="INFO">False</msg>
<arg>${json_data['results'][0]['login']}</arg>
<arg>${keyTwo}</arg>
<doc>Fails if ``key`` is not found from ``dictionary``.</doc>
<status status="PASS" start="2024-06-09T22:14:17.861307" elapsed="0.000500"/>
</kw>
<kw name="Log" owner="BuiltIn">
<msg time="2024-06-09T22:14:17.862235" level="INFO">password</msg>
<arg>${keyTwo}</arg>
<doc>Logs the given message with the given level.</doc>
<status status="PASS" start="2024-06-09T22:14:17.862107" elapsed="0.000165"/>
</kw>
<var name="${keyTwo}">password</var>
<status status="PASS" start="2024-06-09T22:14:17.860490" elapsed="0.001996"/>
</iter>
<var>${keyTwo}</var>
<value>@{expected_keysTwo}</value>
<status status="PASS" start="2024-06-09T22:14:17.858169" elapsed="0.004436"/>
</for>
<status status="PASS" start="2024-06-09T22:14:17.754643" elapsed="0.108101"/>
</kw>
<doc>Testa a estrutura da resposta da API.</doc>
<tag>testeEstruturaResposta</tag>
<status status="PASS" start="2024-06-09T22:14:17.754047" elapsed="0.108914"/>
</test>
<test id="s1-s1-t4" name="Validar tipos de dados" line="28">
<kw name="Teste de Tipos de Dados" owner="random-user-service">
<kw name="GET On Session" owner="RequestsLibrary">
<msg time="2024-06-09T22:14:17.950034" level="INFO">GET Request : url=https://randomuser.me/api 
 path_url=/api 
 headers={'User-Agent': 'python-requests/2.32.3', 'Accept-Encoding': 'gzip, deflate', 'Accept': '*/*', 'Connection': 'keep-alive'} 
 body=None 
 </msg>
<msg time="2024-06-09T22:14:17.950128" level="INFO">GET Response : url=https://randomuser.me/api 
 status=200, reason=OK 
 headers={'Date': 'Sun, 09 Jun 2024 22:14:17 GMT', 'Content-Type': 'application/json; charset=utf-8', 'Transfer-Encoding': 'chunked', 'Connection': 'keep-alive', 'X-Powered-By': 'Express', 'Access-Control-Allow-Origin': '*', 'Cache-Control': 'no-cache', 'ETag': 'W/"49d-U9htYxvmkalAeP4LuB3GSajSqPw"', 'Vary': 'Accept-Encoding', 'Content-Encoding': 'gzip', 'CF-Cache-Status': 'DYNAMIC', 'Report-To': '{"endpoints":[{"url":"https:\\/\\/a.nel.cloudflare.com\\/report\\/v4?s=2FZgnqwCyVRdsntBDd2e8lmDO88b7ceKYU4Yg1H%2FcUA29BySGH23f9QJPccpyIMp8g6mD61w14BAjNnmptUi4GvWyxahCwkXaRbmt5EcSCil8zD%2BeRVz4aG4q%2B4Y3S1n"}],"group":"cf-nel","max_age":604800}', 'NEL': '{"success_fraction":0,"report_to":"cf-nel","max_age":604800}', 'Server': 'cloudflare', 'CF-RAY': '89147949bee21fd0-IAD', 'alt-svc': 'h3=":443"; ma=86400'} 
 body={"results":[{"gender":"female","name":{"title":"Miss","first":"Amber","last":"Hughes"},"location":{"street":{"number":384,"name":"Kingsway"},"city":"Leeds","state":"Borders","country":"United Kingdom","postcode":"I29 9PA","coordinates":{"latitude":"-4.4898","longitude":"24.8279"},"timezone":{"offset":"-4:00","description":"Atlantic Time (Canada), Caracas, La Paz"}},"email":"amber.hughes@example.com","login":{"uuid":"17440560-2ae0-476d-89ad-eb1344d3f8ab","username":"ticklishwolf763","password":"nikki1","salt":"N6aEx2dL","md5":"d1d11215e8c54207e2c17881d5c2abb9","sha1":"1fb56c24d74314f27daa486faac6c7fbb636e3ff","sha256":"db4646de7eea0f8c2bfe848a0f7729a89f1485dfa325a8a84aff74f084185f4d"},"dob":{"date":"1950-08-27T17:56:14.825Z","age":73},"registered":{"date":"2006-06-01T13:23:08.594Z","age":18},"phone":"013873 68729","cell":"07945 956638","id":{"name":"NINO","value":"BG 02 97 96 K"},"picture":{"large":"https://randomuser.me/api/portraits/women/24.jpg","medium":"https://randomuser.me/api/portraits/med/women/24.jpg","thumbnail":"https://randomuser.me/api/portraits/thumb/women/24.jpg"},"nat":"GB"}],"info":{"seed":"41173bd009fa283d","results":1,"page":1,"version":"1.4"}} 
 </msg>
<msg time="2024-06-09T22:14:17.950208" level="INFO">/opt/hostedtoolcache/Python/3.12.3/x64/lib/python3.12/site-packages/urllib3/connectionpool.py:1103: InsecureRequestWarning: Unverified HTTPS request is being made to host 'randomuser.me'. Adding certificate verification is strongly advised. See: https://urllib3.readthedocs.io/en/latest/advanced-usage.html#tls-warnings
  warnings.warn(</msg>
<msg time="2024-06-09T22:14:17.950335" level="INFO">${response} = &lt;Response [200]&gt;</msg>
<var>${response}</var>
<arg>consultarAPI</arg>
<arg>/api</arg>
<doc>Sends a GET request on a previously created HTTP Session.</doc>
<status status="PASS" start="2024-06-09T22:14:17.865500" elapsed="0.084885"/>
</kw>
<kw name="Set Variable" owner="BuiltIn">
<msg time="2024-06-09T22:14:17.951635" level="INFO">${json_data} = {'results': [{'gender': 'female', 'name': {'title': 'Miss', 'first': 'Amber', 'last': 'Hughes'}, 'location': {'street': {'number': 384, 'name': 'Kingsway'}, 'city': 'Leeds', 'state': 'Borders', 'count...</msg>
<var>${json_data}</var>
<arg>${response.json()}</arg>
<doc>Returns the given values which can then be assigned to a variables.</doc>
<status status="PASS" start="2024-06-09T22:14:17.951028" elapsed="0.000636"/>
</kw>
<kw name="Log" owner="BuiltIn">
<msg time="2024-06-09T22:14:17.952137" level="INFO">{'results': [{'gender': 'female', 'name': {'title': 'Miss', 'first': 'Amber', 'last': 'Hughes'}, 'location': {'street': {'number': 384, 'name': 'Kingsway'}, 'city': 'Leeds', 'state': 'Borders', 'country': 'United Kingdom', 'postcode': 'I29 9PA', 'coordinates': {'latitude': '-4.4898', 'longitude': '24.8279'}, 'timezone': {'offset': '-4:00', 'description': 'Atlantic Time (Canada), Caracas, La Paz'}}, 'email': 'amber.hughes@example.com', 'login': {'uuid': '17440560-2ae0-476d-89ad-eb1344d3f8ab', 'username': 'ticklishwolf763', 'password': 'nikki1', 'salt': 'N6aEx2dL', 'md5': 'd1d11215e8c54207e2c17881d5c2abb9', 'sha1': '1fb56c24d74314f27daa486faac6c7fbb636e3ff', 'sha256': 'db4646de7eea0f8c2bfe848a0f7729a89f1485dfa325a8a84aff74f084185f4d'}, 'dob': {'date': '1950-08-27T17:56:14.825Z', 'age': 73}, 'registered': {'date': '2006-06-01T13:23:08.594Z', 'age': 18}, 'phone': '013873 68729', 'cell': '07945 956638', 'id': {'name': 'NINO', 'value': 'BG 02 97 96 K'}, 'picture': {'large': 'https://randomuser.me/api/portraits/women/24.jpg', 'medium': 'https://randomuser.me/api/portraits/med/women/24.jpg', 'thumbnail': 'https://randomuser.me/api/portraits/thumb/women/24.jpg'}, 'nat': 'GB'}], 'info': {'seed': '41173bd009fa283d', 'results': 1, 'page': 1, 'version': '1.4'}}</msg>
<arg>${json_data}</arg>
<doc>Logs the given message with the given level.</doc>
<status status="PASS" start="2024-06-09T22:14:17.951979" elapsed="0.000240"/>
</kw>
<kw name="Should Be String" owner="String">
<arg>${json_data['results'][0]['gender']}</arg>
<doc>Fails if the given ``item`` is not a string.</doc>
<status status="PASS" start="2024-06-09T22:14:17.952517" elapsed="0.000353"/>
</kw>
<kw name="Should Match Regexp" owner="BuiltIn">
<arg>${json_data['results'][0]['email']}</arg>
<arg>^[a-zA-Z0-9._%+-]+@[a-zA-Z0-9.-]+\.[a-zA-Z]{2,}$</arg>
<doc>Fails if ``string`` does not match ``pattern`` as a regular expression.</doc>
<status status="PASS" start="2024-06-09T22:14:17.953063" elapsed="0.000528"/>
</kw>
<kw name="Should Match Regexp" owner="BuiltIn">
<arg>${json_data['results'][0]['dob']['date']}</arg>
<arg>\\d{4}-\\d{2}-\\d{2}T\\d{2}:\\d{2}:\\d{2}\\.\\d{3}Z</arg>
<doc>Fails if ``string`` does not match ``pattern`` as a regular expression.</doc>
<status status="PASS" start="2024-06-09T22:14:17.953790" elapsed="0.000482"/>
</kw>
<kw name="Should Match Regexp" owner="BuiltIn">
<arg>${json_data['results'][0]['registered']['date']}</arg>
<arg>\\d{4}-\\d{2}-\\d{2}T\\d{2}:\\d{2}:\\d{2}\\.\\d{3}Z</arg>
<doc>Fails if ``string`` does not match ``pattern`` as a regular expression.</doc>
<status status="PASS" start="2024-06-09T22:14:17.954467" elapsed="0.000411"/>
</kw>
<kw name="Should Match Regexp" owner="BuiltIn">
<arg>${json_data['results'][0]['picture']['large']}</arg>
<arg>^https?://.*\.(?:png|jpe?g|gif|bmp)$</arg>
<doc>Fails if ``string`` does not match ``pattern`` as a regular expression.</doc>
<status status="PASS" start="2024-06-09T22:14:17.955074" elapsed="0.000462"/>
</kw>
<kw name="Should Match Regexp" owner="BuiltIn">
<arg>${json_data['results'][0]['picture']['medium']}</arg>
<arg>^https?://.*\.(?:png|jpe?g|gif|bmp)$</arg>
<doc>Fails if ``string`` does not match ``pattern`` as a regular expression.</doc>
<status status="PASS" start="2024-06-09T22:14:17.955729" elapsed="0.000349"/>
</kw>
<kw name="Should Match Regexp" owner="BuiltIn">
<arg>${json_data['results'][0]['picture']['thumbnail']}</arg>
<arg>^https?://.*\.(?:png|jpe?g|gif|bmp)$</arg>
<doc>Fails if ``string`` does not match ``pattern`` as a regular expression.</doc>
<status status="PASS" start="2024-06-09T22:14:17.956265" elapsed="0.000343"/>
</kw>
<kw name="Log" owner="BuiltIn">
<msg time="2024-06-09T22:14:17.957125" level="INFO">{'large': 'https://randomuser.me/api/portraits/women/24.jpg', 'medium': 'https://randomuser.me/api/portraits/med/women/24.jpg', 'thumbnail': 'https://randomuser.me/api/portraits/thumb/women/24.jpg'}</msg>
<arg>${json_data['results'][0]['picture']}</arg>
<doc>Logs the given message with the given level.</doc>
<status status="PASS" start="2024-06-09T22:14:17.956796" elapsed="0.000371"/>
</kw>
<status status="PASS" start="2024-06-09T22:14:17.865267" elapsed="0.092154"/>
</kw>
<kw name="Teste de Tipos de Dados - Postcode" owner="random-user-service">
<kw name="GET On Session" owner="RequestsLibrary">
<msg time="2024-06-09T22:14:18.042174" level="INFO">GET Request : url=https://randomuser.me/api 
 path_url=/api 
 headers={'User-Agent': 'python-requests/2.32.3', 'Accept-Encoding': 'gzip, deflate', 'Accept': '*/*', 'Connection': 'keep-alive'} 
 body=None 
 </msg>
<msg time="2024-06-09T22:14:18.042279" level="INFO">GET Response : url=https://randomuser.me/api 
 status=200, reason=OK 
 headers={'Date': 'Sun, 09 Jun 2024 22:14:18 GMT', 'Content-Type': 'application/json; charset=utf-8', 'Transfer-Encoding': 'chunked', 'Connection': 'keep-alive', 'X-Powered-By': 'Express', 'Access-Control-Allow-Origin': '*', 'Cache-Control': 'no-cache', 'ETag': 'W/"4a5-CvUXOXe1PJiziB5EoFRMjJ4pNe8"', 'Vary': 'Accept-Encoding', 'Content-Encoding': 'gzip', 'CF-Cache-Status': 'DYNAMIC', 'Report-To': '{"endpoints":[{"url":"https:\\/\\/a.nel.cloudflare.com\\/report\\/v4?s=9ZcRp8z0hUJQTrBFIYvxmfs7EdxveALG8fN0BqORQns3PydM4DivkLPK6cybj6sSEECVnWS%2BZS4Pi3QpnCNdXgDZbHSyIMpO%2B7VOA4c%2Fz%2FvoEApCFQZcIKzB8o24l%2FrS"}],"group":"cf-nel","max_age":604800}', 'NEL': '{"success_fraction":0,"report_to":"cf-nel","max_age":604800}', 'Server': 'cloudflare', 'CF-RAY': '8914794a4f871fd0-IAD', 'alt-svc': 'h3=":443"; ma=86400'} 
 body={"results":[{"gender":"female","name":{"title":"Miss","first":"Wiebke","last":"Daum"},"location":{"street":{"number":8203,"name":"Mozartstraße"},"city":"Haan","state":"Mecklenburg-Vorpommern","country":"Germany","postcode":29877,"coordinates":{"latitude":"-53.9949","longitude":"148.3331"},"timezone":{"offset":"+10:00","description":"Eastern Australia, Guam, Vladivostok"}},"email":"wiebke.daum@example.com","login":{"uuid":"f24fda57-303d-4d5e-85d1-469da990c7b5","username":"bigelephant493","password":"sparrow","salt":"dnZYt4Vv","md5":"b4137d8d0c853534080a7c472533d6aa","sha1":"c5fe731599f45afd5905a34ace04f42b7a42adee","sha256":"7e167811634ffdc91f178c9dce9d6760f3f76967a58dcd1cac9da6fa51d38484"},"dob":{"date":"1978-12-13T13:59:30.426Z","age":45},"registered":{"date":"2019-11-10T09:15:05.131Z","age":4},"phone":"0650-7473945","cell":"0171-2318631","id":{"name":"SVNR","value":"51 131278 D 575"},"picture":{"large":"https://randomuser.me/api/portraits/women/64.jpg","medium":"https://randomuser.me/api/portraits/med/women/64.jpg","thumbnail":"https://randomuser.me/api/portraits/thumb/women/64.jpg"},"nat":"DE"}],"info":{"seed":"e0156d8414947da7","results":1,"page":1,"version":"1.4"}} 
 </msg>
<msg time="2024-06-09T22:14:18.042358" level="INFO">/opt/hostedtoolcache/Python/3.12.3/x64/lib/python3.12/site-packages/urllib3/connectionpool.py:1103: InsecureRequestWarning: Unverified HTTPS request is being made to host 'randomuser.me'. Adding certificate verification is strongly advised. See: https://urllib3.readthedocs.io/en/latest/advanced-usage.html#tls-warnings
  warnings.warn(</msg>
<msg time="2024-06-09T22:14:18.042491" level="INFO">${response} = &lt;Response [200]&gt;</msg>
<var>${response}</var>
<arg>consultarAPI</arg>
<arg>/api</arg>
<doc>Sends a GET request on a previously created HTTP Session.</doc>
<status status="PASS" start="2024-06-09T22:14:17.957874" elapsed="0.084667"/>
</kw>
<kw name="Set Variable" owner="BuiltIn">
<msg time="2024-06-09T22:14:18.043626" level="INFO">${json_data} = {'results': [{'gender': 'female', 'name': {'title': 'Miss', 'first': 'Wiebke', 'last': 'Daum'}, 'location': {'street': {'number': 8203, 'name': 'Mozartstraße'}, 'city': 'Haan', 'state': 'Mecklenburg-V...</msg>
<var>${json_data}</var>
<arg>${response.json()}</arg>
<doc>Returns the given values which can then be assigned to a variables.</doc>
<status status="PASS" start="2024-06-09T22:14:18.043099" elapsed="0.000563"/>
</kw>
<kw name="Log" owner="BuiltIn">
<msg time="2024-06-09T22:14:18.044134" level="INFO">{'results': [{'gender': 'female', 'name': {'title': 'Miss', 'first': 'Wiebke', 'last': 'Daum'}, 'location': {'street': {'number': 8203, 'name': 'Mozartstraße'}, 'city': 'Haan', 'state': 'Mecklenburg-Vorpommern', 'country': 'Germany', 'postcode': 29877, 'coordinates': {'latitude': '-53.9949', 'longitude': '148.3331'}, 'timezone': {'offset': '+10:00', 'description': 'Eastern Australia, Guam, Vladivostok'}}, 'email': 'wiebke.daum@example.com', 'login': {'uuid': 'f24fda57-303d-4d5e-85d1-469da990c7b5', 'username': 'bigelephant493', 'password': 'sparrow', 'salt': 'dnZYt4Vv', 'md5': 'b4137d8d0c853534080a7c472533d6aa', 'sha1': 'c5fe731599f45afd5905a34ace04f42b7a42adee', 'sha256': '7e167811634ffdc91f178c9dce9d6760f3f76967a58dcd1cac9da6fa51d38484'}, 'dob': {'date': '1978-12-13T13:59:30.426Z', 'age': 45}, 'registered': {'date': '2019-11-10T09:15:05.131Z', 'age': 4}, 'phone': '0650-7473945', 'cell': '0171-2318631', 'id': {'name': 'SVNR', 'value': '51 131278 D 575'}, 'picture': {'large': 'https://randomuser.me/api/portraits/women/64.jpg', 'medium': 'https://randomuser.me/api/portraits/med/women/64.jpg', 'thumbnail': 'https://randomuser.me/api/portraits/thumb/women/64.jpg'}, 'nat': 'DE'}], 'info': {'seed': 'e0156d8414947da7', 'results': 1, 'page': 1, 'version': '1.4'}}</msg>
<arg>${json_data}</arg>
<doc>Logs the given message with the given level.</doc>
<status status="PASS" start="2024-06-09T22:14:18.043972" elapsed="0.000247"/>
</kw>
<kw name="Should Be Equal As Numbers" owner="BuiltIn">
<arg>${json_data['results'][0]['location']['postcode']}</arg>
<arg>${json_data['results'][0]['location']['postcode']}</arg>
<doc>Fails if objects are unequal after converting them to real numbers.</doc>
<status status="PASS" start="2024-06-09T22:14:18.044525" elapsed="0.000815"/>
</kw>
<kw name="Log" owner="BuiltIn">
<msg time="2024-06-09T22:14:18.045885" level="INFO">29877</msg>
<arg>${json_data['results'][0]['location']['postcode']}</arg>
<doc>Logs the given message with the given level.</doc>
<status status="PASS" start="2024-06-09T22:14:18.045537" elapsed="0.000389"/>
</kw>
<status status="PASS" start="2024-06-09T22:14:17.957645" elapsed="0.088541"/>
</kw>
<doc>Testa se os tipos de dados na resposta da API estão corretos.</doc>
<tag>testeTiposDados</tag>
<status status="PASS" start="2024-06-09T22:14:17.864731" elapsed="0.181624"/>
</test>
<test id="s1-s1-t5" name="Validar conteudo" line="35">
<kw name="Teste de Tipos de Conteudo" owner="random-user-service">
<kw name="GET On Session" owner="RequestsLibrary">
<msg time="2024-06-09T22:14:18.148980" level="INFO">GET Request : url=https://randomuser.me/api 
 path_url=/api 
 headers={'User-Agent': 'python-requests/2.32.3', 'Accept-Encoding': 'gzip, deflate', 'Accept': '*/*', 'Connection': 'keep-alive'} 
 body=None 
 </msg>
<msg time="2024-06-09T22:14:18.149069" level="INFO">GET Response : url=https://randomuser.me/api 
 status=200, reason=OK 
 headers={'Date': 'Sun, 09 Jun 2024 22:14:18 GMT', 'Content-Type': 'application/json; charset=utf-8', 'Transfer-Encoding': 'chunked', 'Connection': 'keep-alive', 'X-Powered-By': 'Express', 'Access-Control-Allow-Origin': '*', 'Cache-Control': 'no-cache', 'ETag': 'W/"4a6-7ELVyUA/lhgrKwtzqTJHNThvrQE"', 'Vary': 'Accept-Encoding', 'Content-Encoding': 'gzip', 'CF-Cache-Status': 'DYNAMIC', 'Report-To': '{"endpoints":[{"url":"https:\\/\\/a.nel.cloudflare.com\\/report\\/v4?s=ZGaGd6rcnEyv%2Fh7t1NBPBeTu3al%2BpkOFmFYDOIXutFtJ0NkN1jBpHZ8k4o5EMcS8d5cRroQC5buy8NOKw6o32XkYcMQ4dd5C8%2Fi37d4jGc67zbip9ONPmiGnEyFUQlwk"}],"group":"cf-nel","max_age":604800}', 'NEL': '{"success_fraction":0,"report_to":"cf-nel","max_age":604800}', 'Server': 'cloudflare', 'CF-RAY': '8914794ad8321fd0-IAD', 'alt-svc': 'h3=":443"; ma=86400'} 
 body={"results":[{"gender":"male","name":{"title":"Mr","first":"اميرعلي","last":"علیزاده"},"location":{"street":{"number":611,"name":"شهید سرتیپ نامجو"},"city":"زنجان","state":"آذربایجان غربی","country":"Iran","postcode":90574,"coordinates":{"latitude":"19.1480","longitude":"-57.5718"},"timezone":{"offset":"-12:00","description":"Eniwetok, Kwajalein"}},"email":"myraaly.aalyzdh@example.com","login":{"uuid":"2700770e-9c80-4931-82e4-7f5991f5a85b","username":"whitefish521","password":"blanked","salt":"JWFdJmga","md5":"efaf4f80b278d6e9a2c9e77af00553e0","sha1":"76490decd235426dbb8bfcb5bf82a89560b43392","sha256":"558bdcfd5d374a3ebb83a02d6a82ce49814282eff942c4c8ea4ccb84e9d0e8a1"},"dob":{"date":"1999-07-16T02:36:18.429Z","age":24},"registered":{"date":"2009-02-03T12:43:30.145Z","age":15},"phone":"050-93653770","cell":"0967-017-6379","id":{"name":"","value":null},"picture":{"large":"https://randomuser.me/api/portraits/men/60.jpg","medium":"https://randomuser.me/api/portraits/med/men/60.jpg","thumbnail":"https://randomuser.me/api/portraits/thumb/men/60.jpg"},"nat":"IR"}],"info":{"seed":"bebab4665a0cbe58","results":1,"page":1,"version":"1.4"}} 
 </msg>
<msg time="2024-06-09T22:14:18.149145" level="INFO">/opt/hostedtoolcache/Python/3.12.3/x64/lib/python3.12/site-packages/urllib3/connectionpool.py:1103: InsecureRequestWarning: Unverified HTTPS request is being made to host 'randomuser.me'. Adding certificate verification is strongly advised. See: https://urllib3.readthedocs.io/en/latest/advanced-usage.html#tls-warnings
  warnings.warn(</msg>
<msg time="2024-06-09T22:14:18.149251" level="INFO">${response} = &lt;Response [200]&gt;</msg>
<var>${response}</var>
<arg>consultarAPI</arg>
<arg>/api</arg>
<doc>Sends a GET request on a previously created HTTP Session.</doc>
<status status="PASS" start="2024-06-09T22:14:18.048807" elapsed="0.100481"/>
</kw>
<kw name="Set Variable" owner="BuiltIn">
<msg time="2024-06-09T22:14:18.150310" level="INFO">${json_data} = {'results': [{'gender': 'male', 'name': {'title': 'Mr', 'first': 'اميرعلي', 'last': 'علیزاده'}, 'location': {'street': {'number': 611, 'name': 'شهید سرتیپ نامجو'}, 'city': 'زنجان', 'state': 'آذربایجان...</msg>
<var>${json_data}</var>
<arg>${response.json()}</arg>
<doc>Returns the given values which can then be assigned to a variables.</doc>
<status status="PASS" start="2024-06-09T22:14:18.149790" elapsed="0.000552"/>
</kw>
<kw name="Set Variable" owner="BuiltIn">
<msg time="2024-06-09T22:14:18.151070" level="INFO">${name_title} = Mr</msg>
<var>${name_title}</var>
<arg>${json_data["results"][0]["name"]["title"]}</arg>
<doc>Returns the given values which can then be assigned to a variables.</doc>
<status status="PASS" start="2024-06-09T22:14:18.150652" elapsed="0.000444"/>
</kw>
<kw name="Create List" owner="BuiltIn">
<msg time="2024-06-09T22:14:18.151549" level="INFO">${allowed_titles} = ['Mr', 'Ms', 'Miss', 'Mrs', 'Madame', 'Monsieur']</msg>
<var>${allowed_titles}</var>
<arg>Mr</arg>
<arg>Ms</arg>
<arg>Miss</arg>
<arg>Mrs</arg>
<arg>Madame</arg>
<arg>Monsieur</arg>
<doc>Returns a list containing given items.</doc>
<status status="PASS" start="2024-06-09T22:14:18.151398" elapsed="0.000175"/>
</kw>
<kw name="List Should Contain Value" owner="Collections">
<msg time="2024-06-09T22:14:18.152087" level="INFO">False</msg>
<arg>${allowed_titles}</arg>
<arg>${name_title}</arg>
<doc>Fails if the ``value`` is not found from ``list``.</doc>
<status status="PASS" start="2024-06-09T22:14:18.151902" elapsed="0.000223"/>
</kw>
<kw name="Set Variable" owner="BuiltIn">
<msg time="2024-06-09T22:14:18.152797" level="INFO">${name_country} = IR</msg>
<var>${name_country}</var>
<arg>${json_data["results"][0]["nat"]}</arg>
<doc>Returns the given values which can then be assigned to a variables.</doc>
<status status="PASS" start="2024-06-09T22:14:18.152419" elapsed="0.000403"/>
</kw>
<kw name="Create List" owner="BuiltIn">
<msg time="2024-06-09T22:14:18.153730" level="INFO">${list_country} = ['AD', 'AE', 'AF', 'AG', 'AI', 'AL', 'AM', 'AO', 'AQ', 'AR', 'AS', 'AT', 'AU', 'AW', 'AX', 'AZ', 'BA', 'BB', 'BD', 'BE', 'BF', 'BG', 'BH', 'BI', 'BJ', 'BL', 'BM', 'BN', 'BO', 'BQ', 'BR', 'BS', 'BT', '...</msg>
<var>${list_country}</var>
<arg>AD</arg>
<arg>AE</arg>
<arg>AF</arg>
<arg>AG</arg>
<arg>AI</arg>
<arg>AL</arg>
<arg>AM</arg>
<arg>AO</arg>
<arg>AQ</arg>
<arg>AR</arg>
<arg>AS</arg>
<arg>AT</arg>
<arg>AU</arg>
<arg>AW</arg>
<arg>AX</arg>
<arg>AZ</arg>
<arg>BA</arg>
<arg>BB</arg>
<arg>BD</arg>
<arg>BE</arg>
<arg>BF</arg>
<arg>BG</arg>
<arg>BH</arg>
<arg>BI</arg>
<arg>BJ</arg>
<arg>BL</arg>
<arg>BM</arg>
<arg>BN</arg>
<arg>BO</arg>
<arg>BQ</arg>
<arg>BR</arg>
<arg>BS</arg>
<arg>BT</arg>
<arg>BV</arg>
<arg>BW</arg>
<arg>BY</arg>
<arg>BZ</arg>
<arg>CA</arg>
<arg>CC</arg>
<arg>CD</arg>
<arg>CF</arg>
<arg>CG</arg>
<arg>CH</arg>
<arg>CI</arg>
<arg>CK</arg>
<arg>CL</arg>
<arg>CM</arg>
<arg>CN</arg>
<arg>CO</arg>
<arg>CR</arg>
<arg>CU</arg>
<arg>CV</arg>
<arg>CW</arg>
<arg>CX</arg>
<arg>CY</arg>
<arg>CZ</arg>
<arg>DE</arg>
<arg>DJ</arg>
<arg>DK</arg>
<arg>DM</arg>
<arg>DO</arg>
<arg>DZ</arg>
<arg>EC</arg>
<arg>EE</arg>
<arg>EG</arg>
<arg>EH</arg>
<arg>ER</arg>
<arg>ES</arg>
<arg>ET</arg>
<arg>FI</arg>
<arg>FJ</arg>
<arg>FK</arg>
<arg>FM</arg>
<arg>FO</arg>
<arg>FR</arg>
<arg>GA</arg>
<arg>GB</arg>
<arg>GD</arg>
<arg>GE</arg>
<arg>GF</arg>
<arg>GG</arg>
<arg>GH</arg>
<arg>GI</arg>
<arg>GL</arg>
<arg>GM</arg>
<arg>GN</arg>
<arg>GP</arg>
<arg>GQ</arg>
<arg>GR</arg>
<arg>GS</arg>
<arg>GT</arg>
<arg>GU</arg>
<arg>GW</arg>
<arg>GY</arg>
<arg>HK</arg>
<arg>HM</arg>
<arg>HN</arg>
<arg>HR</arg>
<arg>HT</arg>
<arg>HU</arg>
<arg>ID</arg>
<arg>IE</arg>
<arg>IL</arg>
<arg>IM</arg>
<arg>IN</arg>
<arg>IO</arg>
<arg>IQ</arg>
<arg>IR</arg>
<arg>IS</arg>
<arg>IT</arg>
<arg>JE</arg>
<arg>JM</arg>
<arg>JO</arg>
<arg>JP</arg>
<arg>KE</arg>
<arg>KG</arg>
<arg>KH</arg>
<arg>KI</arg>
<arg>KM</arg>
<arg>KN</arg>
<arg>KP</arg>
<arg>KR</arg>
<arg>KW</arg>
<arg>KY</arg>
<arg>KZ</arg>
<arg>LA</arg>
<arg>LB</arg>
<arg>LC</arg>
<arg>LI</arg>
<arg>LK</arg>
<arg>LR</arg>
<arg>LS</arg>
<arg>LT</arg>
<arg>LU</arg>
<arg>LV</arg>
<arg>LY</arg>
<arg>MA</arg>
<arg>MC</arg>
<arg>MD</arg>
<arg>ME</arg>
<arg>MF</arg>
<arg>MG</arg>
<arg>MH</arg>
<arg>MK</arg>
<arg>ML</arg>
<arg>MM</arg>
<arg>MN</arg>
<arg>MO</arg>
<arg>MP</arg>
<arg>MQ</arg>
<arg>MR</arg>
<arg>MS</arg>
<arg>MT</arg>
<arg>MU</arg>
<arg>MV</arg>
<arg>MW</arg>
<arg>MX</arg>
<arg>MY</arg>
<arg>MZ</arg>
<arg>NA</arg>
<arg>NC</arg>
<arg>NE</arg>
<arg>NF</arg>
<arg>NG</arg>
<arg>NI</arg>
<arg>NL</arg>
<arg>NO</arg>
<arg>NP</arg>
<arg>NR</arg>
<arg>NU</arg>
<arg>NZ</arg>
<arg>OM</arg>
<arg>PA</arg>
<arg>PE</arg>
<arg>PF</arg>
<arg>PG</arg>
<arg>PH</arg>
<arg>PK</arg>
<arg>PL</arg>
<arg>PM</arg>
<arg>PN</arg>
<arg>PR</arg>
<arg>PS</arg>
<arg>PT</arg>
<arg>PW</arg>
<arg>PY</arg>
<arg>QA</arg>
<arg>RE</arg>
<arg>RO</arg>
<arg>RS</arg>
<arg>RU</arg>
<arg>RW</arg>
<arg>SA</arg>
<arg>SB</arg>
<arg>SC</arg>
<arg>SD</arg>
<arg>SE</arg>
<arg>SG</arg>
<arg>SH</arg>
<arg>SI</arg>
<arg>SJ</arg>
<arg>SK</arg>
<arg>SL</arg>
<arg>SM</arg>
<arg>SN</arg>
<arg>SO</arg>
<arg>SR</arg>
<arg>SS</arg>
<arg>ST</arg>
<arg>SV</arg>
<arg>SX</arg>
<arg>SY</arg>
<arg>SZ</arg>
<arg>TC</arg>
<arg>TD</arg>
<arg>TF</arg>
<arg>TG</arg>
<arg>TH</arg>
<arg>TJ</arg>
<arg>TK</arg>
<arg>TL</arg>
<arg>TM</arg>
<arg>TN</arg>
<arg>TO</arg>
<arg>TR</arg>
<arg>TT</arg>
<arg>TV</arg>
<arg>TW</arg>
<arg>TZ</arg>
<arg>UA</arg>
<arg>UG</arg>
<arg>UM</arg>
<arg>US</arg>
<arg>UY</arg>
<arg>UZ</arg>
<arg>VA</arg>
<arg>VC</arg>
<arg>VE</arg>
<arg>VG</arg>
<arg>VI</arg>
<arg>VN</arg>
<arg>VU</arg>
<arg>WF</arg>
<arg>WS</arg>
<arg>XK</arg>
<arg>YE</arg>
<arg>YT</arg>
<arg>ZA</arg>
<arg>ZM</arg>
<arg>ZW</arg>
<doc>Returns a list containing given items.</doc>
<status status="PASS" start="2024-06-09T22:14:18.153124" elapsed="0.000631"/>
</kw>
<kw name="List Should Contain Value" owner="Collections">
<msg time="2024-06-09T22:14:18.154752" level="INFO">False</msg>
<arg>${list_country}</arg>
<arg>${name_country}</arg>
<doc>Fails if the ``value`` is not found from ``list``.</doc>
<status status="PASS" start="2024-06-09T22:14:18.154541" elapsed="0.000273"/>
</kw>
<kw name="Run Keyword If" owner="BuiltIn">
<kw name="Should Be True" owner="BuiltIn">
<arg>${True}</arg>
<doc>Fails if the given condition is not true.</doc>
<status status="PASS" start="2024-06-09T22:14:18.155893" elapsed="0.000143"/>
</kw>
<arg>${json_data["results"][0]["location"]["coordinates"]["latitude"]} &gt;= -90 and ${json_data["results"][0]["location"]["coordinates"]["latitude"]} &lt;= 90</arg>
<arg>Should Be True</arg>
<arg>${True}</arg>
<doc>Runs the given keyword with the given arguments, if ``condition`` is true.</doc>
<status status="PASS" start="2024-06-09T22:14:18.155139" elapsed="0.001022"/>
</kw>
<kw name="Run Keyword If" owner="BuiltIn">
<kw name="Should Be True" owner="BuiltIn">
<arg>${True}</arg>
<doc>Fails if the given condition is not true.</doc>
<status status="PASS" start="2024-06-09T22:14:18.157039" elapsed="0.000256"/>
</kw>
<arg>${json_data["results"][0]["location"]["coordinates"]["longitude"]} &gt;= -180 and ${json_data["results"][0]["location"]["coordinates"]["longitude"]} &lt;= 180</arg>
<arg>Should Be True</arg>
<arg>${True}</arg>
<doc>Runs the given keyword with the given arguments, if ``condition`` is true.</doc>
<status status="PASS" start="2024-06-09T22:14:18.156345" elapsed="0.001076"/>
</kw>
<status status="PASS" start="2024-06-09T22:14:18.048578" elapsed="0.108976"/>
</kw>
<doc>Testa o conteúdo específico dos campos retornados pela API.</doc>
<tag>testeConteudo</tag>
<status status="PASS" start="2024-06-09T22:14:18.048118" elapsed="0.109589"/>
</test>
<status status="PASS" start="2024-06-09T22:14:17.304317" elapsed="0.855370"/>
</suite>
<status status="PASS" start="2024-06-09T22:14:17.290889" elapsed="0.874026"/>
</suite>
<statistics>
<total>
<stat pass="5" fail="0" skip="0">All Tests</stat>
</total>
<tag>
<stat pass="1" fail="0" skip="0">testeConteudo</stat>
<stat pass="1" fail="0" skip="0">testeEstruturaResposta</stat>
<stat pass="1" fail="0" skip="0">testeRequisicaoBasica</stat>
<stat pass="1" fail="0" skip="0">testeTiposDados</stat>
</tag>
<suite>
<stat pass="5" fail="0" skip="0" id="s1" name="Tests">Tests</stat>
<stat pass="5" fail="0" skip="0" id="s1-s1" name="Random-User-Test">Tests.Random-User-Test</stat>
</suite>
</statistics>
<errors>
</errors>
</robot>
