<?xml version="1.0" encoding="UTF-8"?>
<robot generator="Robot 7.0 (Python 3.12.3 on linux)" generated="2024-05-31T16:17:38.754730" rpa="false" schemaversion="5">
<suite id="s1" name="Tests" source="/home/runner/work/ApiRandomUser/ApiRandomUser/RamdonUser/tests">
<suite id="s1-s1" name="Random-User-Test" source="/home/runner/work/ApiRandomUser/ApiRandomUser/RamdonUser/tests/random-user-test.robot">
<test id="s1-s1-t1" name="Conectar" line="13">
<kw name="Conectar API" owner="random-user-service">
<kw name="Create Session" owner="RequestsLibrary">
<msg time="2024-05-31T16:17:39.203678" level="INFO">Creating Session using : alias=consultarAPI, url=https://randomuser.me/, headers={},                     cookies={}, auth=None, timeout=None, proxies=None, verify=False,                     debug=0 </msg>
<arg>consultarAPI</arg>
<arg>${URL}</arg>
<doc>Create Session: create a HTTP session to a server</doc>
<status status="PASS" start="2024-05-31T16:17:39.203449" elapsed="0.000442"/>
</kw>
<status status="PASS" start="2024-05-31T16:17:39.202406" elapsed="0.001880"/>
</kw>
<status status="PASS" start="2024-05-31T16:17:39.201735" elapsed="0.002760"/>
</test>
<test id="s1-s1-t2" name="Validar retorno 200 e JSON Válido" line="16">
<kw name="Teste de Requisicao Basica" owner="random-user-service">
<kw name="GET On Session" owner="RequestsLibrary">
<msg time="2024-05-31T16:17:39.351813" level="INFO">GET Request : url=https://randomuser.me/api 
 path_url=/api 
 headers={'User-Agent': 'python-requests/2.32.3', 'Accept-Encoding': 'gzip, deflate', 'Accept': '*/*', 'Connection': 'keep-alive'} 
 body=None 
 </msg>
<msg time="2024-05-31T16:17:39.352012" level="INFO">GET Response : url=https://randomuser.me/api 
 status=200, reason=OK 
 headers={'Date': 'Fri, 31 May 2024 16:17:39 GMT', 'Content-Type': 'application/json; charset=utf-8', 'Transfer-Encoding': 'chunked', 'Connection': 'keep-alive', 'X-Powered-By': 'Express', 'Access-Control-Allow-Origin': '*', 'Cache-Control': 'no-cache', 'ETag': 'W/"496-TpfqQMxEWNCHrRMseCcRJbpTLSw"', 'Vary': 'Accept-Encoding', 'Content-Encoding': 'gzip', 'CF-Cache-Status': 'DYNAMIC', 'Report-To': '{"endpoints":[{"url":"https:\\/\\/a.nel.cloudflare.com\\/report\\/v4?s=9NKN%2BxBvS%2FCrkdZF2DC4LGE9E%2BnJOK1fOCgBogoCB%2FllEtSI5t0NeHFPVcgGEFdGxT0duQkP%2FXGNrBNX1MI%2Fe6BG3th28VMqJpw1ZbUA6Wf%2B3%2B%2B4rXKBe50fwvn%2Blmdh"}],"group":"cf-nel","max_age":604800}', 'NEL': '{"success_fraction":0,"report_to":"cf-nel","max_age":604800}', 'Server': 'cloudflare', 'CF-RAY': '88c8467c5c41083a-IAD', 'alt-svc': 'h3=":443"; ma=86400'} 
 body={"results":[{"gender":"male","name":{"title":"Mr","first":"Mae","last":"Durand"},"location":{"street":{"number":3952,"name":"Place de L'Abbé-Franz-Stock"},"city":"Rennes","state":"Guadeloupe","country":"France","postcode":96450,"coordinates":{"latitude":"-18.3320","longitude":"-24.2497"},"timezone":{"offset":"-1:00","description":"Azores, Cape Verde Islands"}},"email":"mae.durand@example.com","login":{"uuid":"94663b5f-07ce-4e63-af2a-3b4aafbe04fe","username":"bigmouse296","password":"veritas","salt":"aDV36zpi","md5":"0433e8b8ce919a7dd73eeb47d42b3b8b","sha1":"12f5f5a51de7dbcf99b2a6f589d178c567e8fbbf","sha256":"f016a46791ce651ce1f28cebf5dcb6b03f23426ba508a47c026b9fc0c4a4a414"},"dob":{"date":"1986-10-14T13:09:21.338Z","age":37},"registered":{"date":"2007-09-02T03:17:40.314Z","age":16},"phone":"04-97-90-29-97","cell":"06-20-66-05-36","id":{"name":"INSEE","value":"1860963272174 07"},"picture":{"large":"https://randomuser.me/api/portraits/men/63.jpg","medium":"https://randomuser.me/api/portraits/med/men/63.jpg","thumbnail":"https://randomuser.me/api/portraits/thumb/men/63.jpg"},"nat":"FR"}],"info":{"seed":"92d2ff9cb7a9925b","results":1,"page":1,"version":"1.4"}} 
 </msg>
<msg time="2024-05-31T16:17:39.352127" level="INFO">/opt/hostedtoolcache/Python/3.12.3/x64/lib/python3.12/site-packages/urllib3/connectionpool.py:1103: InsecureRequestWarning: Unverified HTTPS request is being made to host 'randomuser.me'. Adding certificate verification is strongly advised. See: https://urllib3.readthedocs.io/en/latest/advanced-usage.html#tls-warnings
  warnings.warn(</msg>
<msg time="2024-05-31T16:17:39.352298" level="INFO">${response} = &lt;Response [200]&gt;</msg>
<var>${response}</var>
<arg>consultarAPI</arg>
<arg>/api</arg>
<doc>Sends a GET request on a previously created HTTP Session.</doc>
<status status="PASS" start="2024-05-31T16:17:39.207289" elapsed="0.145051"/>
</kw>
<kw name="Should Be Equal As Numbers" owner="BuiltIn">
<msg time="2024-05-31T16:17:39.353626" level="INFO">Argument types are:
&lt;class 'int'&gt;
&lt;class 'str'&gt;</msg>
<arg>${response.status_code}</arg>
<arg>200</arg>
<doc>Fails if objects are unequal after converting them to real numbers.</doc>
<status status="PASS" start="2024-05-31T16:17:39.353074" elapsed="0.000624"/>
</kw>
<kw name="Log" owner="BuiltIn">
<msg time="2024-05-31T16:17:39.354516" level="INFO">200</msg>
<arg>${response.status_code}</arg>
<doc>Logs the given message with the given level.</doc>
<status status="PASS" start="2024-05-31T16:17:39.354119" elapsed="0.000448"/>
</kw>
<kw name="Set Variable" owner="BuiltIn">
<msg time="2024-05-31T16:17:39.355400" level="INFO">${json_data} = {'results': [{'gender': 'male', 'name': {'title': 'Mr', 'first': 'Mae', 'last': 'Durand'}, 'location': {'street': {'number': 3952, 'name': "Place de L'Abbé-Franz-Stock"}, 'city': 'Rennes', 'state': 'G...</msg>
<var>${json_data}</var>
<arg>${response.json()}</arg>
<doc>Returns the given values which can then be assigned to a variables.</doc>
<status status="PASS" start="2024-05-31T16:17:39.354931" elapsed="0.000498"/>
</kw>
<kw name="Dictionary Should Contain Key" owner="Collections">
<msg time="2024-05-31T16:17:39.355958" level="INFO">False</msg>
<arg>${json_data}</arg>
<arg>results</arg>
<doc>Fails if ``key`` is not found from ``dictionary``.</doc>
<status status="PASS" start="2024-05-31T16:17:39.355774" elapsed="0.000226"/>
</kw>
<status status="PASS" start="2024-05-31T16:17:39.207026" elapsed="0.149246"/>
</kw>
<doc>Testa se a API responde corretamente e retorna um objeto JSON válido.</doc>
<tag>testeRequisicaoBasica</tag>
<status status="PASS" start="2024-05-31T16:17:39.206461" elapsed="0.150003"/>
</test>
<test id="s1-s1-t3" name="Validar estrutura de resposta" line="22">
<kw name="Teste de Estrutura de Resposta" owner="random-user-service">
<kw name="GET On Session" owner="RequestsLibrary">
<msg time="2024-05-31T16:17:39.425044" level="INFO">GET Request : url=https://randomuser.me/api 
 path_url=/api 
 headers={'User-Agent': 'python-requests/2.32.3', 'Accept-Encoding': 'gzip, deflate', 'Accept': '*/*', 'Connection': 'keep-alive'} 
 body=None 
 </msg>
<msg time="2024-05-31T16:17:39.425190" level="INFO">GET Response : url=https://randomuser.me/api 
 status=200, reason=OK 
 headers={'Date': 'Fri, 31 May 2024 16:17:39 GMT', 'Content-Type': 'application/json; charset=utf-8', 'Transfer-Encoding': 'chunked', 'Connection': 'keep-alive', 'X-Powered-By': 'Express', 'Access-Control-Allow-Origin': '*', 'Cache-Control': 'no-cache', 'ETag': 'W/"49a-+vn5/qcFJtjGbuzI0CFAAemLyEk"', 'Vary': 'Accept-Encoding', 'Content-Encoding': 'gzip', 'CF-Cache-Status': 'DYNAMIC', 'Report-To': '{"endpoints":[{"url":"https:\\/\\/a.nel.cloudflare.com\\/report\\/v4?s=L8s9m32jkOfxzYqO7tALQgTnaVOVg87UFE606OWhyHe%2BiNizL%2BOM7WnGWgU4TzOQK9Nx7zEFeKX%2BpEbPOOBGZMl3EjP6N44lgIrMb9N3CW5Q%2BdErHB4YLfJYMjXpis29"}],"group":"cf-nel","max_age":604800}', 'NEL': '{"success_fraction":0,"report_to":"cf-nel","max_age":604800}', 'Server': 'cloudflare', 'CF-RAY': '88c8467d0d2d083a-IAD', 'alt-svc': 'h3=":443"; ma=86400'} 
 body={"results":[{"gender":"female","name":{"title":"Ms","first":"Dijana","last":"Katić"},"location":{"street":{"number":8003,"name":"Veljka Vlahovića"},"city":"Boljevac","state":"Kolubara","country":"Serbia","postcode":54253,"coordinates":{"latitude":"60.1798","longitude":"164.6535"},"timezone":{"offset":"+5:00","description":"Ekaterinburg, Islamabad, Karachi, Tashkent"}},"email":"dijana.katic@example.com","login":{"uuid":"24ebce22-77d9-4dfe-9afa-44c1c2e5f23e","username":"redfish367","password":"vanhalen","salt":"CYL294uN","md5":"d956e99af6637b1929d939e380fb91fa","sha1":"6b44b2fedeb3040613739912e38856f5166c501c","sha256":"120a370744a7481b12b38674af96557d12335074c72069c70de64b2b36d1e612"},"dob":{"date":"1989-10-06T15:57:26.935Z","age":34},"registered":{"date":"2003-11-03T22:58:51.011Z","age":20},"phone":"018-3912-815","cell":"066-0842-845","id":{"name":"SID","value":"429855373"},"picture":{"large":"https://randomuser.me/api/portraits/women/78.jpg","medium":"https://randomuser.me/api/portraits/med/women/78.jpg","thumbnail":"https://randomuser.me/api/portraits/thumb/women/78.jpg"},"nat":"RS"}],"info":{"seed":"d1b23efd3d71d39d","results":1,"page":1,"version":"1.4"}} 
 </msg>
<msg time="2024-05-31T16:17:39.425348" level="INFO">/opt/hostedtoolcache/Python/3.12.3/x64/lib/python3.12/site-packages/urllib3/connectionpool.py:1103: InsecureRequestWarning: Unverified HTTPS request is being made to host 'randomuser.me'. Adding certificate verification is strongly advised. See: https://urllib3.readthedocs.io/en/latest/advanced-usage.html#tls-warnings
  warnings.warn(</msg>
<msg time="2024-05-31T16:17:39.425474" level="INFO">${response} = &lt;Response [200]&gt;</msg>
<var>${response}</var>
<arg>consultarAPI</arg>
<arg>/api</arg>
<doc>Sends a GET request on a previously created HTTP Session.</doc>
<status status="PASS" start="2024-05-31T16:17:39.359291" elapsed="0.066225"/>
</kw>
<kw name="Set Variable" owner="BuiltIn">
<msg time="2024-05-31T16:17:39.426666" level="INFO">${json_data} = {'results': [{'gender': 'female', 'name': {'title': 'Ms', 'first': 'Dijana', 'last': 'Katić'}, 'location': {'street': {'number': 8003, 'name': 'Veljka Vlahovića'}, 'city': 'Boljevac', 'state': 'Koluba...</msg>
<var>${json_data}</var>
<arg>${response.json()}</arg>
<doc>Returns the given values which can then be assigned to a variables.</doc>
<status status="PASS" start="2024-05-31T16:17:39.426099" elapsed="0.000598"/>
</kw>
<kw name="Log" owner="BuiltIn">
<msg time="2024-05-31T16:17:39.427237" level="INFO">{'results': [{'gender': 'female', 'name': {'title': 'Ms', 'first': 'Dijana', 'last': 'Katić'}, 'location': {'street': {'number': 8003, 'name': 'Veljka Vlahovića'}, 'city': 'Boljevac', 'state': 'Kolubara', 'country': 'Serbia', 'postcode': 54253, 'coordinates': {'latitude': '60.1798', 'longitude': '164.6535'}, 'timezone': {'offset': '+5:00', 'description': 'Ekaterinburg, Islamabad, Karachi, Tashkent'}}, 'email': 'dijana.katic@example.com', 'login': {'uuid': '24ebce22-77d9-4dfe-9afa-44c1c2e5f23e', 'username': 'redfish367', 'password': 'vanhalen', 'salt': 'CYL294uN', 'md5': 'd956e99af6637b1929d939e380fb91fa', 'sha1': '6b44b2fedeb3040613739912e38856f5166c501c', 'sha256': '120a370744a7481b12b38674af96557d12335074c72069c70de64b2b36d1e612'}, 'dob': {'date': '1989-10-06T15:57:26.935Z', 'age': 34}, 'registered': {'date': '2003-11-03T22:58:51.011Z', 'age': 20}, 'phone': '018-3912-815', 'cell': '066-0842-845', 'id': {'name': 'SID', 'value': '429855373'}, 'picture': {'large': 'https://randomuser.me/api/portraits/women/78.jpg', 'medium': 'https://randomuser.me/api/portraits/med/women/78.jpg', 'thumbnail': 'https://randomuser.me/api/portraits/thumb/women/78.jpg'}, 'nat': 'RS'}], 'info': {'seed': 'd1b23efd3d71d39d', 'results': 1, 'page': 1, 'version': '1.4'}}</msg>
<arg>${json_data}</arg>
<doc>Logs the given message with the given level.</doc>
<status status="PASS" start="2024-05-31T16:17:39.427058" elapsed="0.000241"/>
</kw>
<kw name="Dictionary Should Contain Key" owner="Collections">
<msg time="2024-05-31T16:17:39.427787" level="INFO">False</msg>
<arg>${json_data}</arg>
<arg>results</arg>
<doc>Fails if ``key`` is not found from ``dictionary``.</doc>
<status status="PASS" start="2024-05-31T16:17:39.427622" elapsed="0.000202"/>
</kw>
<kw name="Should Not Be Empty" owner="BuiltIn">
<msg time="2024-05-31T16:17:39.428266" level="INFO">Length is 2.</msg>
<arg>${json_data}</arg>
<doc>Verifies that the given item is not empty.</doc>
<status status="PASS" start="2024-05-31T16:17:39.428126" elapsed="0.000180"/>
</kw>
<kw name="Create List" owner="BuiltIn">
<msg time="2024-05-31T16:17:39.428936" level="INFO">${expected_keys} = ['gender', 'name', 'location', 'email', 'login']</msg>
<var>${expected_keys}</var>
<arg>gender</arg>
<arg>name</arg>
<arg>location</arg>
<arg>email</arg>
<arg>login</arg>
<doc>Returns a list containing given items.</doc>
<status status="PASS" start="2024-05-31T16:17:39.428611" elapsed="0.000350"/>
</kw>
<for flavor="IN">
<iter>
<kw name="Dictionary Should Contain Key" owner="Collections">
<msg time="2024-05-31T16:17:39.430027" level="INFO">False</msg>
<arg>${json_data['results'][0]}</arg>
<arg>${key}</arg>
<doc>Fails if ``key`` is not found from ``dictionary``.</doc>
<status status="PASS" start="2024-05-31T16:17:39.429603" elapsed="0.000463"/>
</kw>
<kw name="Log" owner="BuiltIn">
<msg time="2024-05-31T16:17:39.430745" level="INFO">{'gender': 'female', 'name': {'title': 'Ms', 'first': 'Dijana', 'last': 'Katić'}, 'location': {'street': {'number': 8003, 'name': 'Veljka Vlahovića'}, 'city': 'Boljevac', 'state': 'Kolubara', 'country': 'Serbia', 'postcode': 54253, 'coordinates': {'latitude': '60.1798', 'longitude': '164.6535'}, 'timezone': {'offset': '+5:00', 'description': 'Ekaterinburg, Islamabad, Karachi, Tashkent'}}, 'email': 'dijana.katic@example.com', 'login': {'uuid': '24ebce22-77d9-4dfe-9afa-44c1c2e5f23e', 'username': 'redfish367', 'password': 'vanhalen', 'salt': 'CYL294uN', 'md5': 'd956e99af6637b1929d939e380fb91fa', 'sha1': '6b44b2fedeb3040613739912e38856f5166c501c', 'sha256': '120a370744a7481b12b38674af96557d12335074c72069c70de64b2b36d1e612'}, 'dob': {'date': '1989-10-06T15:57:26.935Z', 'age': 34}, 'registered': {'date': '2003-11-03T22:58:51.011Z', 'age': 20}, 'phone': '018-3912-815', 'cell': '066-0842-845', 'id': {'name': 'SID', 'value': '429855373'}, 'picture': {'large': 'https://randomuser.me/api/portraits/women/78.jpg', 'medium': 'https://randomuser.me/api/portraits/med/women/78.jpg', 'thumbnail': 'https://randomuser.me/api/portraits/thumb/women/78.jpg'}, 'nat': 'RS'}</msg>
<arg>${json_data['results'][0]}</arg>
<doc>Logs the given message with the given level.</doc>
<status status="PASS" start="2024-05-31T16:17:39.430368" elapsed="0.000439"/>
</kw>
<kw name="Log" owner="BuiltIn">
<msg time="2024-05-31T16:17:39.431238" level="INFO">gender</msg>
<arg>${key}</arg>
<doc>Logs the given message with the given level.</doc>
<status status="PASS" start="2024-05-31T16:17:39.431108" elapsed="0.000167"/>
</kw>
<var name="${key}">gender</var>
<status status="PASS" start="2024-05-31T16:17:39.429471" elapsed="0.002021"/>
</iter>
<iter>
<kw name="Dictionary Should Contain Key" owner="Collections">
<msg time="2024-05-31T16:17:39.432200" level="INFO">False</msg>
<arg>${json_data['results'][0]}</arg>
<arg>${key}</arg>
<doc>Fails if ``key`` is not found from ``dictionary``.</doc>
<status status="PASS" start="2024-05-31T16:17:39.431807" elapsed="0.000431"/>
</kw>
<kw name="Log" owner="BuiltIn">
<msg time="2024-05-31T16:17:39.432926" level="INFO">{'gender': 'female', 'name': {'title': 'Ms', 'first': 'Dijana', 'last': 'Katić'}, 'location': {'street': {'number': 8003, 'name': 'Veljka Vlahovića'}, 'city': 'Boljevac', 'state': 'Kolubara', 'country': 'Serbia', 'postcode': 54253, 'coordinates': {'latitude': '60.1798', 'longitude': '164.6535'}, 'timezone': {'offset': '+5:00', 'description': 'Ekaterinburg, Islamabad, Karachi, Tashkent'}}, 'email': 'dijana.katic@example.com', 'login': {'uuid': '24ebce22-77d9-4dfe-9afa-44c1c2e5f23e', 'username': 'redfish367', 'password': 'vanhalen', 'salt': 'CYL294uN', 'md5': 'd956e99af6637b1929d939e380fb91fa', 'sha1': '6b44b2fedeb3040613739912e38856f5166c501c', 'sha256': '120a370744a7481b12b38674af96557d12335074c72069c70de64b2b36d1e612'}, 'dob': {'date': '1989-10-06T15:57:26.935Z', 'age': 34}, 'registered': {'date': '2003-11-03T22:58:51.011Z', 'age': 20}, 'phone': '018-3912-815', 'cell': '066-0842-845', 'id': {'name': 'SID', 'value': '429855373'}, 'picture': {'large': 'https://randomuser.me/api/portraits/women/78.jpg', 'medium': 'https://randomuser.me/api/portraits/med/women/78.jpg', 'thumbnail': 'https://randomuser.me/api/portraits/thumb/women/78.jpg'}, 'nat': 'RS'}</msg>
<arg>${json_data['results'][0]}</arg>
<doc>Logs the given message with the given level.</doc>
<status status="PASS" start="2024-05-31T16:17:39.432564" elapsed="0.000423"/>
</kw>
<kw name="Log" owner="BuiltIn">
<msg time="2024-05-31T16:17:39.433450" level="INFO">name</msg>
<arg>${key}</arg>
<doc>Logs the given message with the given level.</doc>
<status status="PASS" start="2024-05-31T16:17:39.433320" elapsed="0.000168"/>
</kw>
<var name="${key}">name</var>
<status status="PASS" start="2024-05-31T16:17:39.431689" elapsed="0.002015"/>
</iter>
<iter>
<kw name="Dictionary Should Contain Key" owner="Collections">
<msg time="2024-05-31T16:17:39.434376" level="INFO">False</msg>
<arg>${json_data['results'][0]}</arg>
<arg>${key}</arg>
<doc>Fails if ``key`` is not found from ``dictionary``.</doc>
<status status="PASS" start="2024-05-31T16:17:39.433997" elapsed="0.000416"/>
</kw>
<kw name="Log" owner="BuiltIn">
<msg time="2024-05-31T16:17:39.435069" level="INFO">{'gender': 'female', 'name': {'title': 'Ms', 'first': 'Dijana', 'last': 'Katić'}, 'location': {'street': {'number': 8003, 'name': 'Veljka Vlahovića'}, 'city': 'Boljevac', 'state': 'Kolubara', 'country': 'Serbia', 'postcode': 54253, 'coordinates': {'latitude': '60.1798', 'longitude': '164.6535'}, 'timezone': {'offset': '+5:00', 'description': 'Ekaterinburg, Islamabad, Karachi, Tashkent'}}, 'email': 'dijana.katic@example.com', 'login': {'uuid': '24ebce22-77d9-4dfe-9afa-44c1c2e5f23e', 'username': 'redfish367', 'password': 'vanhalen', 'salt': 'CYL294uN', 'md5': 'd956e99af6637b1929d939e380fb91fa', 'sha1': '6b44b2fedeb3040613739912e38856f5166c501c', 'sha256': '120a370744a7481b12b38674af96557d12335074c72069c70de64b2b36d1e612'}, 'dob': {'date': '1989-10-06T15:57:26.935Z', 'age': 34}, 'registered': {'date': '2003-11-03T22:58:51.011Z', 'age': 20}, 'phone': '018-3912-815', 'cell': '066-0842-845', 'id': {'name': 'SID', 'value': '429855373'}, 'picture': {'large': 'https://randomuser.me/api/portraits/women/78.jpg', 'medium': 'https://randomuser.me/api/portraits/med/women/78.jpg', 'thumbnail': 'https://randomuser.me/api/portraits/thumb/women/78.jpg'}, 'nat': 'RS'}</msg>
<arg>${json_data['results'][0]}</arg>
<doc>Logs the given message with the given level.</doc>
<status status="PASS" start="2024-05-31T16:17:39.434708" elapsed="0.000421"/>
</kw>
<kw name="Log" owner="BuiltIn">
<msg time="2024-05-31T16:17:39.435562" level="INFO">location</msg>
<arg>${key}</arg>
<doc>Logs the given message with the given level.</doc>
<status status="PASS" start="2024-05-31T16:17:39.435435" elapsed="0.000165"/>
</kw>
<var name="${key}">location</var>
<status status="PASS" start="2024-05-31T16:17:39.433884" elapsed="0.001931"/>
</iter>
<iter>
<kw name="Dictionary Should Contain Key" owner="Collections">
<msg time="2024-05-31T16:17:39.436495" level="INFO">False</msg>
<arg>${json_data['results'][0]}</arg>
<arg>${key}</arg>
<doc>Fails if ``key`` is not found from ``dictionary``.</doc>
<status status="PASS" start="2024-05-31T16:17:39.436107" elapsed="0.000426"/>
</kw>
<kw name="Log" owner="BuiltIn">
<msg time="2024-05-31T16:17:39.437207" level="INFO">{'gender': 'female', 'name': {'title': 'Ms', 'first': 'Dijana', 'last': 'Katić'}, 'location': {'street': {'number': 8003, 'name': 'Veljka Vlahovića'}, 'city': 'Boljevac', 'state': 'Kolubara', 'country': 'Serbia', 'postcode': 54253, 'coordinates': {'latitude': '60.1798', 'longitude': '164.6535'}, 'timezone': {'offset': '+5:00', 'description': 'Ekaterinburg, Islamabad, Karachi, Tashkent'}}, 'email': 'dijana.katic@example.com', 'login': {'uuid': '24ebce22-77d9-4dfe-9afa-44c1c2e5f23e', 'username': 'redfish367', 'password': 'vanhalen', 'salt': 'CYL294uN', 'md5': 'd956e99af6637b1929d939e380fb91fa', 'sha1': '6b44b2fedeb3040613739912e38856f5166c501c', 'sha256': '120a370744a7481b12b38674af96557d12335074c72069c70de64b2b36d1e612'}, 'dob': {'date': '1989-10-06T15:57:26.935Z', 'age': 34}, 'registered': {'date': '2003-11-03T22:58:51.011Z', 'age': 20}, 'phone': '018-3912-815', 'cell': '066-0842-845', 'id': {'name': 'SID', 'value': '429855373'}, 'picture': {'large': 'https://randomuser.me/api/portraits/women/78.jpg', 'medium': 'https://randomuser.me/api/portraits/med/women/78.jpg', 'thumbnail': 'https://randomuser.me/api/portraits/thumb/women/78.jpg'}, 'nat': 'RS'}</msg>
<arg>${json_data['results'][0]}</arg>
<doc>Logs the given message with the given level.</doc>
<status status="PASS" start="2024-05-31T16:17:39.436825" elapsed="0.000444"/>
</kw>
<kw name="Log" owner="BuiltIn">
<msg time="2024-05-31T16:17:39.437701" level="INFO">email</msg>
<arg>${key}</arg>
<doc>Logs the given message with the given level.</doc>
<status status="PASS" start="2024-05-31T16:17:39.437573" elapsed="0.000165"/>
</kw>
<var name="${key}">email</var>
<status status="PASS" start="2024-05-31T16:17:39.435990" elapsed="0.001962"/>
</iter>
<iter>
<kw name="Dictionary Should Contain Key" owner="Collections">
<msg time="2024-05-31T16:17:39.438626" level="INFO">False</msg>
<arg>${json_data['results'][0]}</arg>
<arg>${key}</arg>
<doc>Fails if ``key`` is not found from ``dictionary``.</doc>
<status status="PASS" start="2024-05-31T16:17:39.438235" elapsed="0.000427"/>
</kw>
<kw name="Log" owner="BuiltIn">
<msg time="2024-05-31T16:17:39.439321" level="INFO">{'gender': 'female', 'name': {'title': 'Ms', 'first': 'Dijana', 'last': 'Katić'}, 'location': {'street': {'number': 8003, 'name': 'Veljka Vlahovića'}, 'city': 'Boljevac', 'state': 'Kolubara', 'country': 'Serbia', 'postcode': 54253, 'coordinates': {'latitude': '60.1798', 'longitude': '164.6535'}, 'timezone': {'offset': '+5:00', 'description': 'Ekaterinburg, Islamabad, Karachi, Tashkent'}}, 'email': 'dijana.katic@example.com', 'login': {'uuid': '24ebce22-77d9-4dfe-9afa-44c1c2e5f23e', 'username': 'redfish367', 'password': 'vanhalen', 'salt': 'CYL294uN', 'md5': 'd956e99af6637b1929d939e380fb91fa', 'sha1': '6b44b2fedeb3040613739912e38856f5166c501c', 'sha256': '120a370744a7481b12b38674af96557d12335074c72069c70de64b2b36d1e612'}, 'dob': {'date': '1989-10-06T15:57:26.935Z', 'age': 34}, 'registered': {'date': '2003-11-03T22:58:51.011Z', 'age': 20}, 'phone': '018-3912-815', 'cell': '066-0842-845', 'id': {'name': 'SID', 'value': '429855373'}, 'picture': {'large': 'https://randomuser.me/api/portraits/women/78.jpg', 'medium': 'https://randomuser.me/api/portraits/med/women/78.jpg', 'thumbnail': 'https://randomuser.me/api/portraits/thumb/women/78.jpg'}, 'nat': 'RS'}</msg>
<arg>${json_data['results'][0]}</arg>
<doc>Logs the given message with the given level.</doc>
<status status="PASS" start="2024-05-31T16:17:39.438954" elapsed="0.000418"/>
</kw>
<kw name="Log" owner="BuiltIn">
<msg time="2024-05-31T16:17:39.439788" level="INFO">login</msg>
<arg>${key}</arg>
<doc>Logs the given message with the given level.</doc>
<status status="PASS" start="2024-05-31T16:17:39.439664" elapsed="0.000161"/>
</kw>
<var name="${key}">login</var>
<status status="PASS" start="2024-05-31T16:17:39.438125" elapsed="0.001942"/>
</iter>
<var>${key}</var>
<value>@{expected_keys}</value>
<status status="PASS" start="2024-05-31T16:17:39.429264" elapsed="0.010927"/>
</for>
<kw name="Create List" owner="BuiltIn">
<msg time="2024-05-31T16:17:39.440531" level="INFO">${expected_keysTwo} = ['username', 'password']</msg>
<var>${expected_keysTwo}</var>
<arg>username</arg>
<arg>password</arg>
<doc>Returns a list containing given items.</doc>
<status status="PASS" start="2024-05-31T16:17:39.440387" elapsed="0.000168"/>
</kw>
<for flavor="IN">
<iter>
<kw name="Dictionary Should Contain Key" owner="Collections">
<msg time="2024-05-31T16:17:39.441460" level="INFO">False</msg>
<arg>${json_data['results'][0]['login']}</arg>
<arg>${keyTwo}</arg>
<doc>Fails if ``key`` is not found from ``dictionary``.</doc>
<status status="PASS" start="2024-05-31T16:17:39.441053" elapsed="0.000444"/>
</kw>
<kw name="Dictionary Should Contain Key" owner="Collections">
<msg time="2024-05-31T16:17:39.442180" level="INFO">False</msg>
<arg>${json_data['results'][0]['login']}</arg>
<arg>${keyTwo}</arg>
<doc>Fails if ``key`` is not found from ``dictionary``.</doc>
<status status="PASS" start="2024-05-31T16:17:39.441798" elapsed="0.000419"/>
</kw>
<kw name="Log" owner="BuiltIn">
<msg time="2024-05-31T16:17:39.442634" level="INFO">username</msg>
<arg>${keyTwo}</arg>
<doc>Logs the given message with the given level.</doc>
<status status="PASS" start="2024-05-31T16:17:39.442509" elapsed="0.000162"/>
</kw>
<var name="${keyTwo}">username</var>
<status status="PASS" start="2024-05-31T16:17:39.440945" elapsed="0.001937"/>
</iter>
<iter>
<kw name="Dictionary Should Contain Key" owner="Collections">
<msg time="2024-05-31T16:17:39.443552" level="INFO">False</msg>
<arg>${json_data['results'][0]['login']}</arg>
<arg>${keyTwo}</arg>
<doc>Fails if ``key`` is not found from ``dictionary``.</doc>
<status status="PASS" start="2024-05-31T16:17:39.443166" elapsed="0.000423"/>
</kw>
<kw name="Dictionary Should Contain Key" owner="Collections">
<msg time="2024-05-31T16:17:39.444339" level="INFO">False</msg>
<arg>${json_data['results'][0]['login']}</arg>
<arg>${keyTwo}</arg>
<doc>Fails if ``key`` is not found from ``dictionary``.</doc>
<status status="PASS" start="2024-05-31T16:17:39.443879" elapsed="0.000499"/>
</kw>
<kw name="Log" owner="BuiltIn">
<msg time="2024-05-31T16:17:39.444798" level="INFO">password</msg>
<arg>${keyTwo}</arg>
<doc>Logs the given message with the given level.</doc>
<status status="PASS" start="2024-05-31T16:17:39.444673" elapsed="0.000163"/>
</kw>
<var name="${keyTwo}">password</var>
<status status="PASS" start="2024-05-31T16:17:39.443051" elapsed="0.001999"/>
</iter>
<var>${keyTwo}</var>
<value>@{expected_keysTwo}</value>
<status status="PASS" start="2024-05-31T16:17:39.440793" elapsed="0.004397"/>
</for>
<status status="PASS" start="2024-05-31T16:17:39.359033" elapsed="0.086312"/>
</kw>
<doc>Testa a estrutura da resposta da API.</doc>
<tag>testeEstruturaResposta</tag>
<status status="PASS" start="2024-05-31T16:17:39.358386" elapsed="0.087119"/>
</test>
<test id="s1-s1-t4" name="Validar tipos de dados" line="28">
<kw name="Teste de Tipos de Dados" owner="random-user-service">
<kw name="GET On Session" owner="RequestsLibrary">
<msg time="2024-05-31T16:17:39.558363" level="INFO">GET Request : url=https://randomuser.me/api 
 path_url=/api 
 headers={'User-Agent': 'python-requests/2.32.3', 'Accept-Encoding': 'gzip, deflate', 'Accept': '*/*', 'Connection': 'keep-alive'} 
 body=None 
 </msg>
<msg time="2024-05-31T16:17:39.558475" level="INFO">GET Response : url=https://randomuser.me/api 
 status=200, reason=OK 
 headers={'Date': 'Fri, 31 May 2024 16:17:39 GMT', 'Content-Type': 'application/json; charset=utf-8', 'Transfer-Encoding': 'chunked', 'Connection': 'keep-alive', 'X-Powered-By': 'Express', 'Access-Control-Allow-Origin': '*', 'Cache-Control': 'no-cache', 'ETag': 'W/"495-wkn0DEht2goi1JGq65GVSrzwOEg"', 'Vary': 'Accept-Encoding', 'Content-Encoding': 'gzip', 'CF-Cache-Status': 'DYNAMIC', 'Report-To': '{"endpoints":[{"url":"https:\\/\\/a.nel.cloudflare.com\\/report\\/v4?s=G%2FYoYpPjRjYBGwbDmGpNyHtqpNzkBlK6C8n7ZaHnMP1ne6EL8Ym4enSyaSsnqMb9T%2FjCFSr0lTSGMu6tMr8ZjnC1jDSiZ2Ai18jlcf11R5x%2BLA0DTKi4gSjzrHVyZThA"}],"group":"cf-nel","max_age":604800}', 'NEL': '{"success_fraction":0,"report_to":"cf-nel","max_age":604800}', 'Server': 'cloudflare', 'CF-RAY': '88c8467d9dd6083a-IAD', 'alt-svc': 'h3=":443"; ma=86400'} 
 body={"results":[{"gender":"female","name":{"title":"Ms","first":"Nora","last":"Shelton"},"location":{"street":{"number":4807,"name":"Miller Ave"},"city":"Irving","state":"Maine","country":"United States","postcode":33446,"coordinates":{"latitude":"84.2132","longitude":"35.2402"},"timezone":{"offset":"+3:00","description":"Baghdad, Riyadh, Moscow, St. Petersburg"}},"email":"nora.shelton@example.com","login":{"uuid":"bde87875-46d9-46fb-a010-3a090d9f9314","username":"angryduck665","password":"bbbbbbbb","salt":"zZLz7TQb","md5":"ac80cb6292cc04ed7be38506f9315d8f","sha1":"6dcea5f00cd6fd6dd54d9f190e52a70edd19a690","sha256":"15ab68eb05bde3d3595378f42b0a55eb0759e854c887e8cb91b9b16f55d33ee5"},"dob":{"date":"1945-12-28T18:31:27.603Z","age":78},"registered":{"date":"2014-03-11T11:33:51.514Z","age":10},"phone":"(869) 620-2874","cell":"(885) 469-5195","id":{"name":"SSN","value":"404-86-0559"},"picture":{"large":"https://randomuser.me/api/portraits/women/4.jpg","medium":"https://randomuser.me/api/portraits/med/women/4.jpg","thumbnail":"https://randomuser.me/api/portraits/thumb/women/4.jpg"},"nat":"US"}],"info":{"seed":"69d244f1ac566a0e","results":1,"page":1,"version":"1.4"}} 
 </msg>
<msg time="2024-05-31T16:17:39.558562" level="INFO">/opt/hostedtoolcache/Python/3.12.3/x64/lib/python3.12/site-packages/urllib3/connectionpool.py:1103: InsecureRequestWarning: Unverified HTTPS request is being made to host 'randomuser.me'. Adding certificate verification is strongly advised. See: https://urllib3.readthedocs.io/en/latest/advanced-usage.html#tls-warnings
  warnings.warn(</msg>
<msg time="2024-05-31T16:17:39.558680" level="INFO">${response} = &lt;Response [200]&gt;</msg>
<var>${response}</var>
<arg>consultarAPI</arg>
<arg>/api</arg>
<doc>Sends a GET request on a previously created HTTP Session.</doc>
<status status="PASS" start="2024-05-31T16:17:39.448105" elapsed="0.110608"/>
</kw>
<kw name="Set Variable" owner="BuiltIn">
<msg time="2024-05-31T16:17:39.559814" level="INFO">${json_data} = {'results': [{'gender': 'female', 'name': {'title': 'Ms', 'first': 'Nora', 'last': 'Shelton'}, 'location': {'street': {'number': 4807, 'name': 'Miller Ave'}, 'city': 'Irving', 'state': 'Maine', 'count...</msg>
<var>${json_data}</var>
<arg>${response.json()}</arg>
<doc>Returns the given values which can then be assigned to a variables.</doc>
<status status="PASS" start="2024-05-31T16:17:39.559279" elapsed="0.000564"/>
</kw>
<kw name="Log" owner="BuiltIn">
<msg time="2024-05-31T16:17:39.560387" level="INFO">{'results': [{'gender': 'female', 'name': {'title': 'Ms', 'first': 'Nora', 'last': 'Shelton'}, 'location': {'street': {'number': 4807, 'name': 'Miller Ave'}, 'city': 'Irving', 'state': 'Maine', 'country': 'United States', 'postcode': 33446, 'coordinates': {'latitude': '84.2132', 'longitude': '35.2402'}, 'timezone': {'offset': '+3:00', 'description': 'Baghdad, Riyadh, Moscow, St. Petersburg'}}, 'email': 'nora.shelton@example.com', 'login': {'uuid': 'bde87875-46d9-46fb-a010-3a090d9f9314', 'username': 'angryduck665', 'password': 'bbbbbbbb', 'salt': 'zZLz7TQb', 'md5': 'ac80cb6292cc04ed7be38506f9315d8f', 'sha1': '6dcea5f00cd6fd6dd54d9f190e52a70edd19a690', 'sha256': '15ab68eb05bde3d3595378f42b0a55eb0759e854c887e8cb91b9b16f55d33ee5'}, 'dob': {'date': '1945-12-28T18:31:27.603Z', 'age': 78}, 'registered': {'date': '2014-03-11T11:33:51.514Z', 'age': 10}, 'phone': '(869) 620-2874', 'cell': '(885) 469-5195', 'id': {'name': 'SSN', 'value': '404-86-0559'}, 'picture': {'large': 'https://randomuser.me/api/portraits/women/4.jpg', 'medium': 'https://randomuser.me/api/portraits/med/women/4.jpg', 'thumbnail': 'https://randomuser.me/api/portraits/thumb/women/4.jpg'}, 'nat': 'US'}], 'info': {'seed': '69d244f1ac566a0e', 'results': 1, 'page': 1, 'version': '1.4'}}</msg>
<arg>${json_data}</arg>
<doc>Logs the given message with the given level.</doc>
<status status="PASS" start="2024-05-31T16:17:39.560212" elapsed="0.000265"/>
</kw>
<kw name="Should Be String" owner="String">
<arg>${json_data['results'][0]['gender']}</arg>
<doc>Fails if the given ``item`` is not a string.</doc>
<status status="PASS" start="2024-05-31T16:17:39.560808" elapsed="0.000439"/>
</kw>
<kw name="Should Match Regexp" owner="BuiltIn">
<arg>${json_data['results'][0]['email']}</arg>
<arg>^[a-zA-Z0-9._%+-]+@[a-zA-Z0-9.-]+\.[a-zA-Z]{2,}$</arg>
<doc>Fails if ``string`` does not match ``pattern`` as a regular expression.</doc>
<status status="PASS" start="2024-05-31T16:17:39.561465" elapsed="0.000547"/>
</kw>
<kw name="Should Match Regexp" owner="BuiltIn">
<arg>${json_data['results'][0]['dob']['date']}</arg>
<arg>\\d{4}-\\d{2}-\\d{2}T\\d{2}:\\d{2}:\\d{2}\\.\\d{3}Z</arg>
<doc>Fails if ``string`` does not match ``pattern`` as a regular expression.</doc>
<status status="PASS" start="2024-05-31T16:17:39.562220" elapsed="0.000499"/>
</kw>
<kw name="Should Match Regexp" owner="BuiltIn">
<arg>${json_data['results'][0]['registered']['date']}</arg>
<arg>\\d{4}-\\d{2}-\\d{2}T\\d{2}:\\d{2}:\\d{2}\\.\\d{3}Z</arg>
<doc>Fails if ``string`` does not match ``pattern`` as a regular expression.</doc>
<status status="PASS" start="2024-05-31T16:17:39.562913" elapsed="0.000370"/>
</kw>
<kw name="Should Match Regexp" owner="BuiltIn">
<arg>${json_data['results'][0]['picture']['large']}</arg>
<arg>^https?://.*\.(?:png|jpe?g|gif|bmp)$</arg>
<doc>Fails if ``string`` does not match ``pattern`` as a regular expression.</doc>
<status status="PASS" start="2024-05-31T16:17:39.563474" elapsed="0.000474"/>
</kw>
<kw name="Should Match Regexp" owner="BuiltIn">
<arg>${json_data['results'][0]['picture']['medium']}</arg>
<arg>^https?://.*\.(?:png|jpe?g|gif|bmp)$</arg>
<doc>Fails if ``string`` does not match ``pattern`` as a regular expression.</doc>
<status status="PASS" start="2024-05-31T16:17:39.564140" elapsed="0.000354"/>
</kw>
<kw name="Should Match Regexp" owner="BuiltIn">
<arg>${json_data['results'][0]['picture']['thumbnail']}</arg>
<arg>^https?://.*\.(?:png|jpe?g|gif|bmp)$</arg>
<doc>Fails if ``string`` does not match ``pattern`` as a regular expression.</doc>
<status status="PASS" start="2024-05-31T16:17:39.564682" elapsed="0.000350"/>
</kw>
<kw name="Log" owner="BuiltIn">
<msg time="2024-05-31T16:17:39.565590" level="INFO">{'large': 'https://randomuser.me/api/portraits/women/4.jpg', 'medium': 'https://randomuser.me/api/portraits/med/women/4.jpg', 'thumbnail': 'https://randomuser.me/api/portraits/thumb/women/4.jpg'}</msg>
<arg>${json_data['results'][0]['picture']}</arg>
<doc>Logs the given message with the given level.</doc>
<status status="PASS" start="2024-05-31T16:17:39.565253" elapsed="0.000379"/>
</kw>
<status status="PASS" start="2024-05-31T16:17:39.447871" elapsed="0.118030"/>
</kw>
<kw name="Teste de Tipos de Dados - Postcode" owner="random-user-service">
<kw name="GET On Session" owner="RequestsLibrary">
<msg time="2024-05-31T16:17:39.638934" level="INFO">GET Request : url=https://randomuser.me/api 
 path_url=/api 
 headers={'User-Agent': 'python-requests/2.32.3', 'Accept-Encoding': 'gzip, deflate', 'Accept': '*/*', 'Connection': 'keep-alive'} 
 body=None 
 </msg>
<msg time="2024-05-31T16:17:39.639025" level="INFO">GET Response : url=https://randomuser.me/api 
 status=200, reason=OK 
 headers={'Date': 'Fri, 31 May 2024 16:17:39 GMT', 'Content-Type': 'application/json; charset=utf-8', 'Transfer-Encoding': 'chunked', 'Connection': 'keep-alive', 'X-Powered-By': 'Express', 'Access-Control-Allow-Origin': '*', 'Cache-Control': 'no-cache', 'ETag': 'W/"4af-44so5NGl0fqkUEstwfK0J9u0k48"', 'Vary': 'Accept-Encoding', 'Content-Encoding': 'gzip', 'CF-Cache-Status': 'DYNAMIC', 'Report-To': '{"endpoints":[{"url":"https:\\/\\/a.nel.cloudflare.com\\/report\\/v4?s=H1Euiuoj5bGPzplhf3PcVFQDojDeQr1rfr4x%2FXMcjpX4cQocTzlIHvFTDdcpTXj5g5ycRzRTHyJAUzoiekAr1xD5jGBzf4VErNy%2FVni3ieAZ%2FCGq%2F8nyHE0YcGJjiPSU"}],"group":"cf-nel","max_age":604800}', 'NEL': '{"success_fraction":0,"report_to":"cf-nel","max_age":604800}', 'Server': 'cloudflare', 'CF-RAY': '88c8467e5eb7083a-IAD', 'alt-svc': 'h3=":443"; ma=86400'} 
 body={"results":[{"gender":"female","name":{"title":"Madame","first":"Rahel","last":"Colin"},"location":{"street":{"number":1662,"name":"Avenue Jean-Jaurès"},"city":"Chiasso","state":"Nidwalden","country":"Switzerland","postcode":9929,"coordinates":{"latitude":"-55.8063","longitude":"161.2229"},"timezone":{"offset":"0:00","description":"Western Europe Time, London, Lisbon, Casablanca"}},"email":"rahel.colin@example.com","login":{"uuid":"c2272128-1333-4b6c-94dc-73aefaf8046b","username":"smallkoala321","password":"stumpy","salt":"npnTzXZs","md5":"44ba95182f83dd084297becbf3afc6ef","sha1":"2a53da389210e6e41eb07e713f8ef1d550082b59","sha256":"c3a5517a5ea37aa97b72c877a6361d67c3081c87a23e4ce3926b75dfac86b019"},"dob":{"date":"1982-03-22T20:33:51.512Z","age":42},"registered":{"date":"2020-04-29T06:29:54.592Z","age":4},"phone":"077 024 65 25","cell":"076 172 03 60","id":{"name":"AVS","value":"756.6163.6607.61"},"picture":{"large":"https://randomuser.me/api/portraits/women/92.jpg","medium":"https://randomuser.me/api/portraits/med/women/92.jpg","thumbnail":"https://randomuser.me/api/portraits/thumb/women/92.jpg"},"nat":"CH"}],"info":{"seed":"6c421a737e1d36d7","results":1,"page":1,"version":"1.4"}} 
 </msg>
<msg time="2024-05-31T16:17:39.639096" level="INFO">/opt/hostedtoolcache/Python/3.12.3/x64/lib/python3.12/site-packages/urllib3/connectionpool.py:1103: InsecureRequestWarning: Unverified HTTPS request is being made to host 'randomuser.me'. Adding certificate verification is strongly advised. See: https://urllib3.readthedocs.io/en/latest/advanced-usage.html#tls-warnings
  warnings.warn(</msg>
<msg time="2024-05-31T16:17:39.639207" level="INFO">${response} = &lt;Response [200]&gt;</msg>
<var>${response}</var>
<arg>consultarAPI</arg>
<arg>/api</arg>
<doc>Sends a GET request on a previously created HTTP Session.</doc>
<status status="PASS" start="2024-05-31T16:17:39.566369" elapsed="0.072865"/>
</kw>
<kw name="Set Variable" owner="BuiltIn">
<msg time="2024-05-31T16:17:39.640313" level="INFO">${json_data} = {'results': [{'gender': 'female', 'name': {'title': 'Madame', 'first': 'Rahel', 'last': 'Colin'}, 'location': {'street': {'number': 1662, 'name': 'Avenue Jean-Jaurès'}, 'city': 'Chiasso', 'state': 'Ni...</msg>
<var>${json_data}</var>
<arg>${response.json()}</arg>
<doc>Returns the given values which can then be assigned to a variables.</doc>
<status status="PASS" start="2024-05-31T16:17:39.639777" elapsed="0.000565"/>
</kw>
<kw name="Log" owner="BuiltIn">
<msg time="2024-05-31T16:17:39.640862" level="INFO">{'results': [{'gender': 'female', 'name': {'title': 'Madame', 'first': 'Rahel', 'last': 'Colin'}, 'location': {'street': {'number': 1662, 'name': 'Avenue Jean-Jaurès'}, 'city': 'Chiasso', 'state': 'Nidwalden', 'country': 'Switzerland', 'postcode': 9929, 'coordinates': {'latitude': '-55.8063', 'longitude': '161.2229'}, 'timezone': {'offset': '0:00', 'description': 'Western Europe Time, London, Lisbon, Casablanca'}}, 'email': 'rahel.colin@example.com', 'login': {'uuid': 'c2272128-1333-4b6c-94dc-73aefaf8046b', 'username': 'smallkoala321', 'password': 'stumpy', 'salt': 'npnTzXZs', 'md5': '44ba95182f83dd084297becbf3afc6ef', 'sha1': '2a53da389210e6e41eb07e713f8ef1d550082b59', 'sha256': 'c3a5517a5ea37aa97b72c877a6361d67c3081c87a23e4ce3926b75dfac86b019'}, 'dob': {'date': '1982-03-22T20:33:51.512Z', 'age': 42}, 'registered': {'date': '2020-04-29T06:29:54.592Z', 'age': 4}, 'phone': '077 024 65 25', 'cell': '076 172 03 60', 'id': {'name': 'AVS', 'value': '756.6163.6607.61'}, 'picture': {'large': 'https://randomuser.me/api/portraits/women/92.jpg', 'medium': 'https://randomuser.me/api/portraits/med/women/92.jpg', 'thumbnail': 'https://randomuser.me/api/portraits/thumb/women/92.jpg'}, 'nat': 'CH'}], 'info': {'seed': '6c421a737e1d36d7', 'results': 1, 'page': 1, 'version': '1.4'}}</msg>
<arg>${json_data}</arg>
<doc>Logs the given message with the given level.</doc>
<status status="PASS" start="2024-05-31T16:17:39.640691" elapsed="0.000256"/>
</kw>
<kw name="Should Be Equal As Numbers" owner="BuiltIn">
<arg>${json_data['results'][0]['location']['postcode']}</arg>
<arg>${json_data['results'][0]['location']['postcode']}</arg>
<doc>Fails if objects are unequal after converting them to real numbers.</doc>
<status status="PASS" start="2024-05-31T16:17:39.641306" elapsed="0.000814"/>
</kw>
<kw name="Log" owner="BuiltIn">
<msg time="2024-05-31T16:17:39.642659" level="INFO">9929</msg>
<arg>${json_data['results'][0]['location']['postcode']}</arg>
<doc>Logs the given message with the given level.</doc>
<status status="PASS" start="2024-05-31T16:17:39.642319" elapsed="0.000381"/>
</kw>
<status status="PASS" start="2024-05-31T16:17:39.566136" elapsed="0.076828"/>
</kw>
<doc>Testa se os tipos de dados na resposta da API estão corretos.</doc>
<tag>testeTiposDados</tag>
<status status="PASS" start="2024-05-31T16:17:39.447288" elapsed="0.195848"/>
</test>
<test id="s1-s1-t5" name="Validar conteudo" line="35">
<kw name="Teste de Tipos de Conteudo" owner="random-user-service">
<kw name="GET On Session" owner="RequestsLibrary">
<msg time="2024-05-31T16:17:39.741584" level="INFO">GET Request : url=https://randomuser.me/api 
 path_url=/api 
 headers={'User-Agent': 'python-requests/2.32.3', 'Accept-Encoding': 'gzip, deflate', 'Accept': '*/*', 'Connection': 'keep-alive'} 
 body=None 
 </msg>
<msg time="2024-05-31T16:17:39.741703" level="INFO">GET Response : url=https://randomuser.me/api 
 status=200, reason=OK 
 headers={'Date': 'Fri, 31 May 2024 16:17:39 GMT', 'Content-Type': 'application/json; charset=utf-8', 'Transfer-Encoding': 'chunked', 'Connection': 'keep-alive', 'X-Powered-By': 'Express', 'Access-Control-Allow-Origin': '*', 'Cache-Control': 'no-cache', 'ETag': 'W/"49b-8giJW+f1zxShntgNuV8R9Sq4f8Q"', 'Vary': 'Accept-Encoding', 'Content-Encoding': 'gzip', 'CF-Cache-Status': 'DYNAMIC', 'Report-To': '{"endpoints":[{"url":"https:\\/\\/a.nel.cloudflare.com\\/report\\/v4?s=bubQtAMn18TpPUFpficvxqs5Y1b%2Fdq%2BUqrmU6fSBUbp7%2FjlWNWRY%2BfdBneEg8Ail%2FtyZi8mpv%2BechEwAsQkGK9F%2FZOt70wNQScHbcLntjiqB74Fszyf5%2BS%2Bve5%2FYrsTD"}],"group":"cf-nel","max_age":604800}', 'NEL': '{"success_fraction":0,"report_to":"cf-nel","max_age":604800}', 'Server': 'cloudflare', 'CF-RAY': '88c8467edf6c083a-IAD', 'alt-svc': 'h3=":443"; ma=86400'} 
 body={"results":[{"gender":"male","name":{"title":"Mr","first":"Gabin","last":"Durand"},"location":{"street":{"number":5801,"name":"Place de L'Europe"},"city":"Reims","state":"Haute-Garonne","country":"France","postcode":93321,"coordinates":{"latitude":"-14.5582","longitude":"-92.5390"},"timezone":{"offset":"+4:00","description":"Abu Dhabi, Muscat, Baku, Tbilisi"}},"email":"gabin.durand@example.com","login":{"uuid":"54993b6e-bf7b-4ae4-ba36-5f5bf5f4775f","username":"browngorilla424","password":"peachy","salt":"U9DTP4r0","md5":"a31fc601aeb19008dd6cca0077a26a20","sha1":"b750ed7c9bea3ed97f34bb8658ae51caeb1756f7","sha256":"82d5f6563d99b30dc464010f381226c3963e1a65d4350414529c36b9b51993a9"},"dob":{"date":"2000-10-29T13:16:49.589Z","age":23},"registered":{"date":"2009-01-26T17:57:11.207Z","age":15},"phone":"05-39-24-43-93","cell":"06-75-57-88-13","id":{"name":"INSEE","value":"11000909407153 83"},"picture":{"large":"https://randomuser.me/api/portraits/men/69.jpg","medium":"https://randomuser.me/api/portraits/med/men/69.jpg","thumbnail":"https://randomuser.me/api/portraits/thumb/men/69.jpg"},"nat":"FR"}],"info":{"seed":"d91a2fb25def85f0","results":1,"page":1,"version":"1.4"}} 
 </msg>
<msg time="2024-05-31T16:17:39.741785" level="INFO">/opt/hostedtoolcache/Python/3.12.3/x64/lib/python3.12/site-packages/urllib3/connectionpool.py:1103: InsecureRequestWarning: Unverified HTTPS request is being made to host 'randomuser.me'. Adding certificate verification is strongly advised. See: https://urllib3.readthedocs.io/en/latest/advanced-usage.html#tls-warnings
  warnings.warn(</msg>
<msg time="2024-05-31T16:17:39.741916" level="INFO">${response} = &lt;Response [200]&gt;</msg>
<var>${response}</var>
<arg>consultarAPI</arg>
<arg>/api</arg>
<doc>Sends a GET request on a previously created HTTP Session.</doc>
<status status="PASS" start="2024-05-31T16:17:39.645757" elapsed="0.096197"/>
</kw>
<kw name="Set Variable" owner="BuiltIn">
<msg time="2024-05-31T16:17:39.743089" level="INFO">${json_data} = {'results': [{'gender': 'male', 'name': {'title': 'Mr', 'first': 'Gabin', 'last': 'Durand'}, 'location': {'street': {'number': 5801, 'name': "Place de L'Europe"}, 'city': 'Reims', 'state': 'Haute-Garo...</msg>
<var>${json_data}</var>
<arg>${response.json()}</arg>
<doc>Returns the given values which can then be assigned to a variables.</doc>
<status status="PASS" start="2024-05-31T16:17:39.742571" elapsed="0.000546"/>
</kw>
<kw name="Set Variable" owner="BuiltIn">
<msg time="2024-05-31T16:17:39.743802" level="INFO">${name_title} = Mr</msg>
<var>${name_title}</var>
<arg>${json_data["results"][0]["name"]["title"]}</arg>
<doc>Returns the given values which can then be assigned to a variables.</doc>
<status status="PASS" start="2024-05-31T16:17:39.743421" elapsed="0.000406"/>
</kw>
<kw name="Create List" owner="BuiltIn">
<msg time="2024-05-31T16:17:39.744269" level="INFO">${allowed_titles} = ['Mr', 'Ms', 'Miss', 'Mrs', 'Madame', 'Monsieur']</msg>
<var>${allowed_titles}</var>
<arg>Mr</arg>
<arg>Ms</arg>
<arg>Miss</arg>
<arg>Mrs</arg>
<arg>Madame</arg>
<arg>Monsieur</arg>
<doc>Returns a list containing given items.</doc>
<status status="PASS" start="2024-05-31T16:17:39.744123" elapsed="0.000170"/>
</kw>
<kw name="List Should Contain Value" owner="Collections">
<msg time="2024-05-31T16:17:39.744765" level="INFO">False</msg>
<arg>${allowed_titles}</arg>
<arg>${name_title}</arg>
<doc>Fails if the ``value`` is not found from ``list``.</doc>
<status status="PASS" start="2024-05-31T16:17:39.744594" elapsed="0.000207"/>
</kw>
<kw name="Set Variable" owner="BuiltIn">
<msg time="2024-05-31T16:17:39.745487" level="INFO">${name_country} = FR</msg>
<var>${name_country}</var>
<arg>${json_data["results"][0]["nat"]}</arg>
<doc>Returns the given values which can then be assigned to a variables.</doc>
<status status="PASS" start="2024-05-31T16:17:39.745089" elapsed="0.000423"/>
</kw>
<kw name="Create List" owner="BuiltIn">
<msg time="2024-05-31T16:17:39.746403" level="INFO">${list_country} = ['AD', 'AE', 'AF', 'AG', 'AI', 'AL', 'AM', 'AO', 'AQ', 'AR', 'AS', 'AT', 'AU', 'AW', 'AX', 'AZ', 'BA', 'BB', 'BD', 'BE', 'BF', 'BG', 'BH', 'BI', 'BJ', 'BL', 'BM', 'BN', 'BO', 'BQ', 'BR', 'BS', 'BT', '...</msg>
<var>${list_country}</var>
<arg>AD</arg>
<arg>AE</arg>
<arg>AF</arg>
<arg>AG</arg>
<arg>AI</arg>
<arg>AL</arg>
<arg>AM</arg>
<arg>AO</arg>
<arg>AQ</arg>
<arg>AR</arg>
<arg>AS</arg>
<arg>AT</arg>
<arg>AU</arg>
<arg>AW</arg>
<arg>AX</arg>
<arg>AZ</arg>
<arg>BA</arg>
<arg>BB</arg>
<arg>BD</arg>
<arg>BE</arg>
<arg>BF</arg>
<arg>BG</arg>
<arg>BH</arg>
<arg>BI</arg>
<arg>BJ</arg>
<arg>BL</arg>
<arg>BM</arg>
<arg>BN</arg>
<arg>BO</arg>
<arg>BQ</arg>
<arg>BR</arg>
<arg>BS</arg>
<arg>BT</arg>
<arg>BV</arg>
<arg>BW</arg>
<arg>BY</arg>
<arg>BZ</arg>
<arg>CA</arg>
<arg>CC</arg>
<arg>CD</arg>
<arg>CF</arg>
<arg>CG</arg>
<arg>CH</arg>
<arg>CI</arg>
<arg>CK</arg>
<arg>CL</arg>
<arg>CM</arg>
<arg>CN</arg>
<arg>CO</arg>
<arg>CR</arg>
<arg>CU</arg>
<arg>CV</arg>
<arg>CW</arg>
<arg>CX</arg>
<arg>CY</arg>
<arg>CZ</arg>
<arg>DE</arg>
<arg>DJ</arg>
<arg>DK</arg>
<arg>DM</arg>
<arg>DO</arg>
<arg>DZ</arg>
<arg>EC</arg>
<arg>EE</arg>
<arg>EG</arg>
<arg>EH</arg>
<arg>ER</arg>
<arg>ES</arg>
<arg>ET</arg>
<arg>FI</arg>
<arg>FJ</arg>
<arg>FK</arg>
<arg>FM</arg>
<arg>FO</arg>
<arg>FR</arg>
<arg>GA</arg>
<arg>GB</arg>
<arg>GD</arg>
<arg>GE</arg>
<arg>GF</arg>
<arg>GG</arg>
<arg>GH</arg>
<arg>GI</arg>
<arg>GL</arg>
<arg>GM</arg>
<arg>GN</arg>
<arg>GP</arg>
<arg>GQ</arg>
<arg>GR</arg>
<arg>GS</arg>
<arg>GT</arg>
<arg>GU</arg>
<arg>GW</arg>
<arg>GY</arg>
<arg>HK</arg>
<arg>HM</arg>
<arg>HN</arg>
<arg>HR</arg>
<arg>HT</arg>
<arg>HU</arg>
<arg>ID</arg>
<arg>IE</arg>
<arg>IL</arg>
<arg>IM</arg>
<arg>IN</arg>
<arg>IO</arg>
<arg>IQ</arg>
<arg>IR</arg>
<arg>IS</arg>
<arg>IT</arg>
<arg>JE</arg>
<arg>JM</arg>
<arg>JO</arg>
<arg>JP</arg>
<arg>KE</arg>
<arg>KG</arg>
<arg>KH</arg>
<arg>KI</arg>
<arg>KM</arg>
<arg>KN</arg>
<arg>KP</arg>
<arg>KR</arg>
<arg>KW</arg>
<arg>KY</arg>
<arg>KZ</arg>
<arg>LA</arg>
<arg>LB</arg>
<arg>LC</arg>
<arg>LI</arg>
<arg>LK</arg>
<arg>LR</arg>
<arg>LS</arg>
<arg>LT</arg>
<arg>LU</arg>
<arg>LV</arg>
<arg>LY</arg>
<arg>MA</arg>
<arg>MC</arg>
<arg>MD</arg>
<arg>ME</arg>
<arg>MF</arg>
<arg>MG</arg>
<arg>MH</arg>
<arg>MK</arg>
<arg>ML</arg>
<arg>MM</arg>
<arg>MN</arg>
<arg>MO</arg>
<arg>MP</arg>
<arg>MQ</arg>
<arg>MR</arg>
<arg>MS</arg>
<arg>MT</arg>
<arg>MU</arg>
<arg>MV</arg>
<arg>MW</arg>
<arg>MX</arg>
<arg>MY</arg>
<arg>MZ</arg>
<arg>NA</arg>
<arg>NC</arg>
<arg>NE</arg>
<arg>NF</arg>
<arg>NG</arg>
<arg>NI</arg>
<arg>NL</arg>
<arg>NO</arg>
<arg>NP</arg>
<arg>NR</arg>
<arg>NU</arg>
<arg>NZ</arg>
<arg>OM</arg>
<arg>PA</arg>
<arg>PE</arg>
<arg>PF</arg>
<arg>PG</arg>
<arg>PH</arg>
<arg>PK</arg>
<arg>PL</arg>
<arg>PM</arg>
<arg>PN</arg>
<arg>PR</arg>
<arg>PS</arg>
<arg>PT</arg>
<arg>PW</arg>
<arg>PY</arg>
<arg>QA</arg>
<arg>RE</arg>
<arg>RO</arg>
<arg>RS</arg>
<arg>RU</arg>
<arg>RW</arg>
<arg>SA</arg>
<arg>SB</arg>
<arg>SC</arg>
<arg>SD</arg>
<arg>SE</arg>
<arg>SG</arg>
<arg>SH</arg>
<arg>SI</arg>
<arg>SJ</arg>
<arg>SK</arg>
<arg>SL</arg>
<arg>SM</arg>
<arg>SN</arg>
<arg>SO</arg>
<arg>SR</arg>
<arg>SS</arg>
<arg>ST</arg>
<arg>SV</arg>
<arg>SX</arg>
<arg>SY</arg>
<arg>SZ</arg>
<arg>TC</arg>
<arg>TD</arg>
<arg>TF</arg>
<arg>TG</arg>
<arg>TH</arg>
<arg>TJ</arg>
<arg>TK</arg>
<arg>TL</arg>
<arg>TM</arg>
<arg>TN</arg>
<arg>TO</arg>
<arg>TR</arg>
<arg>TT</arg>
<arg>TV</arg>
<arg>TW</arg>
<arg>TZ</arg>
<arg>UA</arg>
<arg>UG</arg>
<arg>UM</arg>
<arg>US</arg>
<arg>UY</arg>
<arg>UZ</arg>
<arg>VA</arg>
<arg>VC</arg>
<arg>VE</arg>
<arg>VG</arg>
<arg>VI</arg>
<arg>VN</arg>
<arg>VU</arg>
<arg>WF</arg>
<arg>WS</arg>
<arg>XK</arg>
<arg>YE</arg>
<arg>YT</arg>
<arg>ZA</arg>
<arg>ZM</arg>
<arg>ZW</arg>
<doc>Returns a list containing given items.</doc>
<status status="PASS" start="2024-05-31T16:17:39.745810" elapsed="0.000618"/>
</kw>
<kw name="List Should Contain Value" owner="Collections">
<msg time="2024-05-31T16:17:39.747420" level="INFO">False</msg>
<arg>${list_country}</arg>
<arg>${name_country}</arg>
<doc>Fails if the ``value`` is not found from ``list``.</doc>
<status status="PASS" start="2024-05-31T16:17:39.747209" elapsed="0.000248"/>
</kw>
<kw name="Run Keyword If" owner="BuiltIn">
<kw name="Should Be True" owner="BuiltIn">
<arg>${True}</arg>
<doc>Fails if the given condition is not true.</doc>
<status status="PASS" start="2024-05-31T16:17:39.748520" elapsed="0.000142"/>
</kw>
<arg>${json_data["results"][0]["location"]["coordinates"]["latitude"]} &gt;= -90 and ${json_data["results"][0]["location"]["coordinates"]["latitude"]} &lt;= 90</arg>
<arg>Should Be True</arg>
<arg>${True}</arg>
<doc>Runs the given keyword with the given arguments, if ``condition`` is true.</doc>
<status status="PASS" start="2024-05-31T16:17:39.747762" elapsed="0.001023"/>
</kw>
<kw name="Run Keyword If" owner="BuiltIn">
<kw name="Should Be True" owner="BuiltIn">
<arg>${True}</arg>
<doc>Fails if the given condition is not true.</doc>
<status status="PASS" start="2024-05-31T16:17:39.749690" elapsed="0.000254"/>
</kw>
<arg>${json_data["results"][0]["location"]["coordinates"]["longitude"]} &gt;= -180 and ${json_data["results"][0]["location"]["coordinates"]["longitude"]} &lt;= 180</arg>
<arg>Should Be True</arg>
<arg>${True}</arg>
<doc>Runs the given keyword with the given arguments, if ``condition`` is true.</doc>
<status status="PASS" start="2024-05-31T16:17:39.748968" elapsed="0.001101"/>
</kw>
<status status="PASS" start="2024-05-31T16:17:39.645521" elapsed="0.104681"/>
</kw>
<doc>Testa o conteúdo específico dos campos retornados pela API.</doc>
<tag>testeConteudo</tag>
<status status="PASS" start="2024-05-31T16:17:39.644947" elapsed="0.105406"/>
</test>
<status status="PASS" start="2024-05-31T16:17:38.814038" elapsed="0.938315"/>
</suite>
<status status="PASS" start="2024-05-31T16:17:38.799734" elapsed="0.957896"/>
</suite>
<statistics>
<total>
<stat pass="5" fail="0" skip="0">All Tests</stat>
</total>
<tag>
<stat pass="1" fail="0" skip="0">testeConteudo</stat>
<stat pass="1" fail="0" skip="0">testeEstruturaResposta</stat>
<stat pass="1" fail="0" skip="0">testeRequisicaoBasica</stat>
<stat pass="1" fail="0" skip="0">testeTiposDados</stat>
</tag>
<suite>
<stat pass="5" fail="0" skip="0" id="s1" name="Tests">Tests</stat>
<stat pass="5" fail="0" skip="0" id="s1-s1" name="Random-User-Test">Tests.Random-User-Test</stat>
</suite>
</statistics>
<errors>
</errors>
</robot>
