<?xml version="1.0" encoding="UTF-8"?>
<robot generator="Robot 7.0 (Python 3.12.3 on linux)" generated="2024-05-05T18:16:55.804675" rpa="false" schemaversion="5">
<suite id="s1" name="Tests" source="/home/runner/work/DesafioQAItauRogerioJordao/DesafioQAItauRogerioJordao/RamdonUser/tests">
<suite id="s1-s1" name="Random-User-Test" source="/home/runner/work/DesafioQAItauRogerioJordao/DesafioQAItauRogerioJordao/RamdonUser/tests/random-user-test.robot">
<test id="s1-s1-t1" name="Conectar" line="13">
<kw name="Conectar API" owner="random-user-service">
<kw name="Create Session" owner="RequestsLibrary">
<msg time="2024-05-05T18:16:56.165435" level="INFO">Creating Session using : alias=consultarAPI, url=https://randomuser.me/, headers={},                     cookies={}, auth=None, timeout=None, proxies=None, verify=False,                     debug=0 </msg>
<arg>consultarAPI</arg>
<arg>${URL}</arg>
<doc>Create Session: create a HTTP session to a server</doc>
<status status="PASS" start="2024-05-05T18:16:56.165242" elapsed="0.000371"/>
</kw>
<status status="PASS" start="2024-05-05T18:16:56.164317" elapsed="0.001659"/>
</kw>
<status status="PASS" start="2024-05-05T18:16:56.163794" elapsed="0.002380"/>
</test>
<test id="s1-s1-t2" name="Validar retorno 200 e JSON Válido" line="16">
<kw name="Teste de Requisicao Basica" owner="random-user-service">
<kw name="GET On Session" owner="RequestsLibrary">
<msg time="2024-05-05T18:16:56.363237" level="INFO">GET Request : url=https://randomuser.me/api 
 path_url=/api 
 headers={'User-Agent': 'python-requests/2.31.0', 'Accept-Encoding': 'gzip, deflate', 'Accept': '*/*', 'Connection': 'keep-alive'} 
 body=None 
 </msg>
<msg time="2024-05-05T18:16:56.363348" level="INFO">GET Response : url=https://randomuser.me/api 
 status=200, reason=OK 
 headers={'Date': 'Sun, 05 May 2024 18:16:56 GMT', 'Content-Type': 'application/json; charset=utf-8', 'Transfer-Encoding': 'chunked', 'Connection': 'keep-alive', 'X-Powered-By': 'Express', 'Access-Control-Allow-Origin': '*', 'Cache-Control': 'no-cache', 'ETag': 'W/"4a2-t2b7RRsmHNw+XKJmLT8uiAfo4K8"', 'Vary': 'Accept-Encoding', 'Content-Encoding': 'gzip', 'CF-Cache-Status': 'DYNAMIC', 'Report-To': '{"endpoints":[{"url":"https:\\/\\/a.nel.cloudflare.com\\/report\\/v4?s=ALmpMXuAxzjrySHMsUVdg152PK%2BR1gFdQmC9XQkQ7WvSjTyU9u3oDvLrAExMmUU%2Fe9DuWnsAy%2BI%2BhVigbDDb4rO3GFPKSy5RMFBHw0GPddvwFF%2FF%2FAlp%2FvncqI49D%2BhA"}],"group":"cf-nel","max_age":604800}', 'NEL': '{"success_fraction":0,"report_to":"cf-nel","max_age":604800}', 'Server': 'cloudflare', 'CF-RAY': '87f2b977e8627fed-IAD', 'alt-svc': 'h3=":443"; ma=86400'} 
 body={"results":[{"gender":"female","name":{"title":"Miss","first":"Josiane","last":"Souza"},"location":{"street":{"number":5803,"name":"Rua Boa Vista "},"city":"Umuarama","state":"Paraíba","country":"Brazil","postcode":35054,"coordinates":{"latitude":"-77.6711","longitude":"127.1909"},"timezone":{"offset":"+9:00","description":"Tokyo, Seoul, Osaka, Sapporo, Yakutsk"}},"email":"josiane.souza@example.com","login":{"uuid":"7f1e92f8-4a96-4046-a400-de31921adda7","username":"beautifulswan888","password":"90210","salt":"NKzdpyyq","md5":"1b5aa024107f96bf5834bd7c85f3492d","sha1":"b9af28ea68ba18b37468c8c41f8a046c91fe8255","sha256":"a3fc66bc78e9b76e0b6c724e087fcdd6ceaa5d56078bd8b99e9d67c38df0d37b"},"dob":{"date":"1956-04-13T09:03:56.862Z","age":68},"registered":{"date":"2004-08-10T10:48:25.806Z","age":19},"phone":"(10) 6886-4605","cell":"(77) 2164-9460","id":{"name":"CPF","value":"153.862.118-68"},"picture":{"large":"https://randomuser.me/api/portraits/women/58.jpg","medium":"https://randomuser.me/api/portraits/med/women/58.jpg","thumbnail":"https://randomuser.me/api/portraits/thumb/women/58.jpg"},"nat":"BR"}],"info":{"seed":"a55127aba9f94d10","results":1,"page":1,"version":"1.4"}} 
 </msg>
<msg time="2024-05-05T18:16:56.363429" level="INFO">/opt/hostedtoolcache/Python/3.12.3/x64/lib/python3.12/site-packages/urllib3/connectionpool.py:1103: InsecureRequestWarning: Unverified HTTPS request is being made to host 'randomuser.me'. Adding certificate verification is strongly advised. See: https://urllib3.readthedocs.io/en/latest/advanced-usage.html#tls-warnings
  warnings.warn(</msg>
<msg time="2024-05-05T18:16:56.363551" level="INFO">${response} = &lt;Response [200]&gt;</msg>
<var>${response}</var>
<arg>consultarAPI</arg>
<arg>/api</arg>
<doc>Sends a GET request on a previously created HTTP Session.</doc>
<status status="PASS" start="2024-05-05T18:16:56.168845" elapsed="0.194749"/>
</kw>
<kw name="Should Be Equal As Numbers" owner="BuiltIn">
<msg time="2024-05-05T18:16:56.364613" level="INFO">Argument types are:
&lt;class 'int'&gt;
&lt;class 'str'&gt;</msg>
<arg>${response.status_code}</arg>
<arg>200</arg>
<doc>Fails if objects are unequal after converting them to real numbers.</doc>
<status status="PASS" start="2024-05-05T18:16:56.364108" elapsed="0.000569"/>
</kw>
<kw name="Log" owner="BuiltIn">
<msg time="2024-05-05T18:16:56.365381" level="INFO">200</msg>
<arg>${response.status_code}</arg>
<doc>Logs the given message with the given level.</doc>
<status status="PASS" start="2024-05-05T18:16:56.365023" elapsed="0.000401"/>
</kw>
<kw name="Set Variable" owner="BuiltIn">
<msg time="2024-05-05T18:16:56.366175" level="INFO">${json_data} = {'results': [{'gender': 'female', 'name': {'title': 'Miss', 'first': 'Josiane', 'last': 'Souza'}, 'location': {'street': {'number': 5803, 'name': 'Rua Boa Vista '}, 'city': 'Umuarama', 'state': 'Paraí...</msg>
<var>${json_data}</var>
<arg>${response.json()}</arg>
<doc>Returns the given values which can then be assigned to a variables.</doc>
<status status="PASS" start="2024-05-05T18:16:56.365726" elapsed="0.000478"/>
</kw>
<kw name="Dictionary Should Contain Key" owner="Collections">
<msg time="2024-05-05T18:16:56.366726" level="INFO">False</msg>
<arg>${json_data}</arg>
<arg>results</arg>
<doc>Fails if ``key`` is not found from ``dictionary``.</doc>
<status status="PASS" start="2024-05-05T18:16:56.366553" elapsed="0.000214"/>
</kw>
<status status="PASS" start="2024-05-05T18:16:56.168598" elapsed="0.198423"/>
</kw>
<doc>Testa se a API responde corretamente e retorna um objeto JSON válido.</doc>
<tag>testeRequisicaoBasica</tag>
<status status="PASS" start="2024-05-05T18:16:56.168112" elapsed="0.199081"/>
</test>
<test id="s1-s1-t3" name="Validar estrutura de resposta" line="22">
<kw name="Teste de Estrutura de Resposta" owner="random-user-service">
<kw name="GET On Session" owner="RequestsLibrary">
<msg time="2024-05-05T18:16:56.474945" level="INFO">GET Request : url=https://randomuser.me/api 
 path_url=/api 
 headers={'User-Agent': 'python-requests/2.31.0', 'Accept-Encoding': 'gzip, deflate', 'Accept': '*/*', 'Connection': 'keep-alive'} 
 body=None 
 </msg>
<msg time="2024-05-05T18:16:56.475030" level="INFO">GET Response : url=https://randomuser.me/api 
 status=200, reason=OK 
 headers={'Date': 'Sun, 05 May 2024 18:16:56 GMT', 'Content-Type': 'application/json; charset=utf-8', 'Transfer-Encoding': 'chunked', 'Connection': 'keep-alive', 'X-Powered-By': 'Express', 'Access-Control-Allow-Origin': '*', 'Cache-Control': 'no-cache', 'ETag': 'W/"49b-7byYujLp7IPuDJwrMA/3/qaeI1E"', 'Vary': 'Accept-Encoding', 'Content-Encoding': 'gzip', 'CF-Cache-Status': 'DYNAMIC', 'Report-To': '{"endpoints":[{"url":"https:\\/\\/a.nel.cloudflare.com\\/report\\/v4?s=YcLj9oyBzXWq2I4nJCGy%2BfA2l6VIw50mX0VCwfQKZG7VjdRJwfaMTV8z54L493I7pB4HTZ5AVBa4S8SdTxWw6oz9fh3Z%2FqcjqwCBSxZy15YEEFsA%2FERLGJNYOsVPvFDI"}],"group":"cf-nel","max_age":604800}', 'NEL': '{"success_fraction":0,"report_to":"cf-nel","max_age":604800}', 'Server': 'cloudflare', 'CF-RAY': '87f2b97858e47fed-IAD', 'alt-svc': 'h3=":443"; ma=86400'} 
 body={"results":[{"gender":"female","name":{"title":"Mrs","first":"Mudrolyuba","last":"Ratushniy"},"location":{"street":{"number":2216,"name":"Pavlova"},"city":"Krasnogorivka","state":"Donecka","country":"Ukraine","postcode":25859,"coordinates":{"latitude":"75.8809","longitude":"127.7338"},"timezone":{"offset":"+5:30","description":"Bombay, Calcutta, Madras, New Delhi"}},"email":"mudrolyuba.ratushniy@example.com","login":{"uuid":"8b8b3a73-24e9-4dd0-9614-a6843ead7e81","username":"crazyostrich486","password":"aurora","salt":"s6KYZcgA","md5":"746c51bc99a7c0b1046a2beabfcb4cf4","sha1":"6bdc22947856d6ef23bb2fd5b34e91c91f89107e","sha256":"0e042fc48837d46bde65f37fe045a85784338c6e4f1a254f4d16c1c5314bacbe"},"dob":{"date":"1974-05-28T07:05:31.763Z","age":49},"registered":{"date":"2008-03-29T08:59:21.286Z","age":16},"phone":"(099) R84-9512","cell":"(098) R93-1106","id":{"name":"","value":null},"picture":{"large":"https://randomuser.me/api/portraits/women/23.jpg","medium":"https://randomuser.me/api/portraits/med/women/23.jpg","thumbnail":"https://randomuser.me/api/portraits/thumb/women/23.jpg"},"nat":"UA"}],"info":{"seed":"6cec871cded0c4a0","results":1,"page":1,"version":"1.4"}} 
 </msg>
<msg time="2024-05-05T18:16:56.475145" level="INFO">/opt/hostedtoolcache/Python/3.12.3/x64/lib/python3.12/site-packages/urllib3/connectionpool.py:1103: InsecureRequestWarning: Unverified HTTPS request is being made to host 'randomuser.me'. Adding certificate verification is strongly advised. See: https://urllib3.readthedocs.io/en/latest/advanced-usage.html#tls-warnings
  warnings.warn(</msg>
<msg time="2024-05-05T18:16:56.475265" level="INFO">${response} = &lt;Response [200]&gt;</msg>
<var>${response}</var>
<arg>consultarAPI</arg>
<arg>/api</arg>
<doc>Sends a GET request on a previously created HTTP Session.</doc>
<status status="PASS" start="2024-05-05T18:16:56.369730" elapsed="0.105573"/>
</kw>
<kw name="Set Variable" owner="BuiltIn">
<msg time="2024-05-05T18:16:56.476147" level="INFO">${json_data} = {'results': [{'gender': 'female', 'name': {'title': 'Mrs', 'first': 'Mudrolyuba', 'last': 'Ratushniy'}, 'location': {'street': {'number': 2216, 'name': 'Pavlova'}, 'city': 'Krasnogorivka', 'state': 'D...</msg>
<var>${json_data}</var>
<arg>${response.json()}</arg>
<doc>Returns the given values which can then be assigned to a variables.</doc>
<status status="PASS" start="2024-05-05T18:16:56.475671" elapsed="0.000504"/>
</kw>
<kw name="Log" owner="BuiltIn">
<msg time="2024-05-05T18:16:56.476634" level="INFO">{'results': [{'gender': 'female', 'name': {'title': 'Mrs', 'first': 'Mudrolyuba', 'last': 'Ratushniy'}, 'location': {'street': {'number': 2216, 'name': 'Pavlova'}, 'city': 'Krasnogorivka', 'state': 'Donecka', 'country': 'Ukraine', 'postcode': 25859, 'coordinates': {'latitude': '75.8809', 'longitude': '127.7338'}, 'timezone': {'offset': '+5:30', 'description': 'Bombay, Calcutta, Madras, New Delhi'}}, 'email': 'mudrolyuba.ratushniy@example.com', 'login': {'uuid': '8b8b3a73-24e9-4dd0-9614-a6843ead7e81', 'username': 'crazyostrich486', 'password': 'aurora', 'salt': 's6KYZcgA', 'md5': '746c51bc99a7c0b1046a2beabfcb4cf4', 'sha1': '6bdc22947856d6ef23bb2fd5b34e91c91f89107e', 'sha256': '0e042fc48837d46bde65f37fe045a85784338c6e4f1a254f4d16c1c5314bacbe'}, 'dob': {'date': '1974-05-28T07:05:31.763Z', 'age': 49}, 'registered': {'date': '2008-03-29T08:59:21.286Z', 'age': 16}, 'phone': '(099) R84-9512', 'cell': '(098) R93-1106', 'id': {'name': '', 'value': None}, 'picture': {'large': 'https://randomuser.me/api/portraits/women/23.jpg', 'medium': 'https://randomuser.me/api/portraits/med/women/23.jpg', 'thumbnail': 'https://randomuser.me/api/portraits/thumb/women/23.jpg'}, 'nat': 'UA'}], 'info': {'seed': '6cec871cded0c4a0', 'results': 1, 'page': 1, 'version': '1.4'}}</msg>
<arg>${json_data}</arg>
<doc>Logs the given message with the given level.</doc>
<status status="PASS" start="2024-05-05T18:16:56.476479" elapsed="0.000203"/>
</kw>
<kw name="Dictionary Should Contain Key" owner="Collections">
<msg time="2024-05-05T18:16:56.477150" level="INFO">False</msg>
<arg>${json_data}</arg>
<arg>results</arg>
<doc>Fails if ``key`` is not found from ``dictionary``.</doc>
<status status="PASS" start="2024-05-05T18:16:56.476988" elapsed="0.000198"/>
</kw>
<kw name="Should Not Be Empty" owner="BuiltIn">
<msg time="2024-05-05T18:16:56.477617" level="INFO">Length is 2.</msg>
<arg>${json_data}</arg>
<doc>Verifies that the given item is not empty.</doc>
<status status="PASS" start="2024-05-05T18:16:56.477487" elapsed="0.000293"/>
</kw>
<kw name="Create List" owner="BuiltIn">
<msg time="2024-05-05T18:16:56.478237" level="INFO">${expected_keys} = ['gender', 'name', 'location', 'email', 'login']</msg>
<var>${expected_keys}</var>
<arg>gender</arg>
<arg>name</arg>
<arg>location</arg>
<arg>email</arg>
<arg>login</arg>
<doc>Returns a list containing given items.</doc>
<status status="PASS" start="2024-05-05T18:16:56.478074" elapsed="0.000188"/>
</kw>
<for flavor="IN">
<iter>
<kw name="Dictionary Should Contain Key" owner="Collections">
<msg time="2024-05-05T18:16:56.479287" level="INFO">False</msg>
<arg>${json_data['results'][0]}</arg>
<arg>${key}</arg>
<doc>Fails if ``key`` is not found from ``dictionary``.</doc>
<status status="PASS" start="2024-05-05T18:16:56.478873" elapsed="0.000452"/>
</kw>
<kw name="Log" owner="BuiltIn">
<msg time="2024-05-05T18:16:56.480034" level="INFO">{'gender': 'female', 'name': {'title': 'Mrs', 'first': 'Mudrolyuba', 'last': 'Ratushniy'}, 'location': {'street': {'number': 2216, 'name': 'Pavlova'}, 'city': 'Krasnogorivka', 'state': 'Donecka', 'country': 'Ukraine', 'postcode': 25859, 'coordinates': {'latitude': '75.8809', 'longitude': '127.7338'}, 'timezone': {'offset': '+5:30', 'description': 'Bombay, Calcutta, Madras, New Delhi'}}, 'email': 'mudrolyuba.ratushniy@example.com', 'login': {'uuid': '8b8b3a73-24e9-4dd0-9614-a6843ead7e81', 'username': 'crazyostrich486', 'password': 'aurora', 'salt': 's6KYZcgA', 'md5': '746c51bc99a7c0b1046a2beabfcb4cf4', 'sha1': '6bdc22947856d6ef23bb2fd5b34e91c91f89107e', 'sha256': '0e042fc48837d46bde65f37fe045a85784338c6e4f1a254f4d16c1c5314bacbe'}, 'dob': {'date': '1974-05-28T07:05:31.763Z', 'age': 49}, 'registered': {'date': '2008-03-29T08:59:21.286Z', 'age': 16}, 'phone': '(099) R84-9512', 'cell': '(098) R93-1106', 'id': {'name': '', 'value': None}, 'picture': {'large': 'https://randomuser.me/api/portraits/women/23.jpg', 'medium': 'https://randomuser.me/api/portraits/med/women/23.jpg', 'thumbnail': 'https://randomuser.me/api/portraits/thumb/women/23.jpg'}, 'nat': 'UA'}</msg>
<arg>${json_data['results'][0]}</arg>
<doc>Logs the given message with the given level.</doc>
<status status="PASS" start="2024-05-05T18:16:56.479668" elapsed="0.000415"/>
</kw>
<kw name="Log" owner="BuiltIn">
<msg time="2024-05-05T18:16:56.480506" level="INFO">gender</msg>
<arg>${key}</arg>
<doc>Logs the given message with the given level.</doc>
<status status="PASS" start="2024-05-05T18:16:56.480380" elapsed="0.000162"/>
</kw>
<var name="${key}">gender</var>
<status status="PASS" start="2024-05-05T18:16:56.478748" elapsed="0.002009"/>
</iter>
<iter>
<kw name="Dictionary Should Contain Key" owner="Collections">
<msg time="2024-05-05T18:16:56.481457" level="INFO">False</msg>
<arg>${json_data['results'][0]}</arg>
<arg>${key}</arg>
<doc>Fails if ``key`` is not found from ``dictionary``.</doc>
<status status="PASS" start="2024-05-05T18:16:56.481060" elapsed="0.000434"/>
</kw>
<kw name="Log" owner="BuiltIn">
<msg time="2024-05-05T18:16:56.482183" level="INFO">{'gender': 'female', 'name': {'title': 'Mrs', 'first': 'Mudrolyuba', 'last': 'Ratushniy'}, 'location': {'street': {'number': 2216, 'name': 'Pavlova'}, 'city': 'Krasnogorivka', 'state': 'Donecka', 'country': 'Ukraine', 'postcode': 25859, 'coordinates': {'latitude': '75.8809', 'longitude': '127.7338'}, 'timezone': {'offset': '+5:30', 'description': 'Bombay, Calcutta, Madras, New Delhi'}}, 'email': 'mudrolyuba.ratushniy@example.com', 'login': {'uuid': '8b8b3a73-24e9-4dd0-9614-a6843ead7e81', 'username': 'crazyostrich486', 'password': 'aurora', 'salt': 's6KYZcgA', 'md5': '746c51bc99a7c0b1046a2beabfcb4cf4', 'sha1': '6bdc22947856d6ef23bb2fd5b34e91c91f89107e', 'sha256': '0e042fc48837d46bde65f37fe045a85784338c6e4f1a254f4d16c1c5314bacbe'}, 'dob': {'date': '1974-05-28T07:05:31.763Z', 'age': 49}, 'registered': {'date': '2008-03-29T08:59:21.286Z', 'age': 16}, 'phone': '(099) R84-9512', 'cell': '(098) R93-1106', 'id': {'name': '', 'value': None}, 'picture': {'large': 'https://randomuser.me/api/portraits/women/23.jpg', 'medium': 'https://randomuser.me/api/portraits/med/women/23.jpg', 'thumbnail': 'https://randomuser.me/api/portraits/thumb/women/23.jpg'}, 'nat': 'UA'}</msg>
<arg>${json_data['results'][0]}</arg>
<doc>Logs the given message with the given level.</doc>
<status status="PASS" start="2024-05-05T18:16:56.481817" elapsed="0.000414"/>
</kw>
<kw name="Log" owner="BuiltIn">
<msg time="2024-05-05T18:16:56.482701" level="INFO">name</msg>
<arg>${key}</arg>
<doc>Logs the given message with the given level.</doc>
<status status="PASS" start="2024-05-05T18:16:56.482570" elapsed="0.000170"/>
</kw>
<var name="${key}">name</var>
<status status="PASS" start="2024-05-05T18:16:56.480946" elapsed="0.002012"/>
</iter>
<iter>
<kw name="Dictionary Should Contain Key" owner="Collections">
<msg time="2024-05-05T18:16:56.483645" level="INFO">False</msg>
<arg>${json_data['results'][0]}</arg>
<arg>${key}</arg>
<doc>Fails if ``key`` is not found from ``dictionary``.</doc>
<status status="PASS" start="2024-05-05T18:16:56.483250" elapsed="0.000432"/>
</kw>
<kw name="Log" owner="BuiltIn">
<msg time="2024-05-05T18:16:56.484342" level="INFO">{'gender': 'female', 'name': {'title': 'Mrs', 'first': 'Mudrolyuba', 'last': 'Ratushniy'}, 'location': {'street': {'number': 2216, 'name': 'Pavlova'}, 'city': 'Krasnogorivka', 'state': 'Donecka', 'country': 'Ukraine', 'postcode': 25859, 'coordinates': {'latitude': '75.8809', 'longitude': '127.7338'}, 'timezone': {'offset': '+5:30', 'description': 'Bombay, Calcutta, Madras, New Delhi'}}, 'email': 'mudrolyuba.ratushniy@example.com', 'login': {'uuid': '8b8b3a73-24e9-4dd0-9614-a6843ead7e81', 'username': 'crazyostrich486', 'password': 'aurora', 'salt': 's6KYZcgA', 'md5': '746c51bc99a7c0b1046a2beabfcb4cf4', 'sha1': '6bdc22947856d6ef23bb2fd5b34e91c91f89107e', 'sha256': '0e042fc48837d46bde65f37fe045a85784338c6e4f1a254f4d16c1c5314bacbe'}, 'dob': {'date': '1974-05-28T07:05:31.763Z', 'age': 49}, 'registered': {'date': '2008-03-29T08:59:21.286Z', 'age': 16}, 'phone': '(099) R84-9512', 'cell': '(098) R93-1106', 'id': {'name': '', 'value': None}, 'picture': {'large': 'https://randomuser.me/api/portraits/women/23.jpg', 'medium': 'https://randomuser.me/api/portraits/med/women/23.jpg', 'thumbnail': 'https://randomuser.me/api/portraits/thumb/women/23.jpg'}, 'nat': 'UA'}</msg>
<arg>${json_data['results'][0]}</arg>
<doc>Logs the given message with the given level.</doc>
<status status="PASS" start="2024-05-05T18:16:56.483982" elapsed="0.000407"/>
</kw>
<kw name="Log" owner="BuiltIn">
<msg time="2024-05-05T18:16:56.484804" level="INFO">location</msg>
<arg>${key}</arg>
<doc>Logs the given message with the given level.</doc>
<status status="PASS" start="2024-05-05T18:16:56.484680" elapsed="0.000161"/>
</kw>
<var name="${key}">location</var>
<status status="PASS" start="2024-05-05T18:16:56.483138" elapsed="0.001916"/>
</iter>
<iter>
<kw name="Dictionary Should Contain Key" owner="Collections">
<msg time="2024-05-05T18:16:56.485732" level="INFO">False</msg>
<arg>${json_data['results'][0]}</arg>
<arg>${key}</arg>
<doc>Fails if ``key`` is not found from ``dictionary``.</doc>
<status status="PASS" start="2024-05-05T18:16:56.485345" elapsed="0.000424"/>
</kw>
<kw name="Log" owner="BuiltIn">
<msg time="2024-05-05T18:16:56.486553" level="INFO">{'gender': 'female', 'name': {'title': 'Mrs', 'first': 'Mudrolyuba', 'last': 'Ratushniy'}, 'location': {'street': {'number': 2216, 'name': 'Pavlova'}, 'city': 'Krasnogorivka', 'state': 'Donecka', 'country': 'Ukraine', 'postcode': 25859, 'coordinates': {'latitude': '75.8809', 'longitude': '127.7338'}, 'timezone': {'offset': '+5:30', 'description': 'Bombay, Calcutta, Madras, New Delhi'}}, 'email': 'mudrolyuba.ratushniy@example.com', 'login': {'uuid': '8b8b3a73-24e9-4dd0-9614-a6843ead7e81', 'username': 'crazyostrich486', 'password': 'aurora', 'salt': 's6KYZcgA', 'md5': '746c51bc99a7c0b1046a2beabfcb4cf4', 'sha1': '6bdc22947856d6ef23bb2fd5b34e91c91f89107e', 'sha256': '0e042fc48837d46bde65f37fe045a85784338c6e4f1a254f4d16c1c5314bacbe'}, 'dob': {'date': '1974-05-28T07:05:31.763Z', 'age': 49}, 'registered': {'date': '2008-03-29T08:59:21.286Z', 'age': 16}, 'phone': '(099) R84-9512', 'cell': '(098) R93-1106', 'id': {'name': '', 'value': None}, 'picture': {'large': 'https://randomuser.me/api/portraits/women/23.jpg', 'medium': 'https://randomuser.me/api/portraits/med/women/23.jpg', 'thumbnail': 'https://randomuser.me/api/portraits/thumb/women/23.jpg'}, 'nat': 'UA'}</msg>
<arg>${json_data['results'][0]}</arg>
<doc>Logs the given message with the given level.</doc>
<status status="PASS" start="2024-05-05T18:16:56.486141" elapsed="0.000469"/>
</kw>
<kw name="Log" owner="BuiltIn">
<msg time="2024-05-05T18:16:56.487042" level="INFO">email</msg>
<arg>${key}</arg>
<doc>Logs the given message with the given level.</doc>
<status status="PASS" start="2024-05-05T18:16:56.486914" elapsed="0.000165"/>
</kw>
<var name="${key}">email</var>
<status status="PASS" start="2024-05-05T18:16:56.485226" elapsed="0.002076"/>
</iter>
<iter>
<kw name="Dictionary Should Contain Key" owner="Collections">
<msg time="2024-05-05T18:16:56.487975" level="INFO">False</msg>
<arg>${json_data['results'][0]}</arg>
<arg>${key}</arg>
<doc>Fails if ``key`` is not found from ``dictionary``.</doc>
<status status="PASS" start="2024-05-05T18:16:56.487586" elapsed="0.000427"/>
</kw>
<kw name="Log" owner="BuiltIn">
<msg time="2024-05-05T18:16:56.488672" level="INFO">{'gender': 'female', 'name': {'title': 'Mrs', 'first': 'Mudrolyuba', 'last': 'Ratushniy'}, 'location': {'street': {'number': 2216, 'name': 'Pavlova'}, 'city': 'Krasnogorivka', 'state': 'Donecka', 'country': 'Ukraine', 'postcode': 25859, 'coordinates': {'latitude': '75.8809', 'longitude': '127.7338'}, 'timezone': {'offset': '+5:30', 'description': 'Bombay, Calcutta, Madras, New Delhi'}}, 'email': 'mudrolyuba.ratushniy@example.com', 'login': {'uuid': '8b8b3a73-24e9-4dd0-9614-a6843ead7e81', 'username': 'crazyostrich486', 'password': 'aurora', 'salt': 's6KYZcgA', 'md5': '746c51bc99a7c0b1046a2beabfcb4cf4', 'sha1': '6bdc22947856d6ef23bb2fd5b34e91c91f89107e', 'sha256': '0e042fc48837d46bde65f37fe045a85784338c6e4f1a254f4d16c1c5314bacbe'}, 'dob': {'date': '1974-05-28T07:05:31.763Z', 'age': 49}, 'registered': {'date': '2008-03-29T08:59:21.286Z', 'age': 16}, 'phone': '(099) R84-9512', 'cell': '(098) R93-1106', 'id': {'name': '', 'value': None}, 'picture': {'large': 'https://randomuser.me/api/portraits/women/23.jpg', 'medium': 'https://randomuser.me/api/portraits/med/women/23.jpg', 'thumbnail': 'https://randomuser.me/api/portraits/thumb/women/23.jpg'}, 'nat': 'UA'}</msg>
<arg>${json_data['results'][0]}</arg>
<doc>Logs the given message with the given level.</doc>
<status status="PASS" start="2024-05-05T18:16:56.488309" elapsed="0.000411"/>
</kw>
<kw name="Log" owner="BuiltIn">
<msg time="2024-05-05T18:16:56.489138" level="INFO">login</msg>
<arg>${key}</arg>
<doc>Logs the given message with the given level.</doc>
<status status="PASS" start="2024-05-05T18:16:56.489013" elapsed="0.000163"/>
</kw>
<var name="${key}">login</var>
<status status="PASS" start="2024-05-05T18:16:56.487475" elapsed="0.001941"/>
</iter>
<var>${key}</var>
<value>@{expected_keys}</value>
<status status="PASS" start="2024-05-05T18:16:56.478559" elapsed="0.010981"/>
</for>
<kw name="Create List" owner="BuiltIn">
<msg time="2024-05-05T18:16:56.489868" level="INFO">${expected_keysTwo} = ['username', 'password']</msg>
<var>${expected_keysTwo}</var>
<arg>username</arg>
<arg>password</arg>
<doc>Returns a list containing given items.</doc>
<status status="PASS" start="2024-05-05T18:16:56.489732" elapsed="0.000160"/>
</kw>
<for flavor="IN">
<iter>
<kw name="Dictionary Should Contain Key" owner="Collections">
<msg time="2024-05-05T18:16:56.490829" level="INFO">False</msg>
<arg>${json_data['results'][0]['login']}</arg>
<arg>${keyTwo}</arg>
<doc>Fails if ``key`` is not found from ``dictionary``.</doc>
<status status="PASS" start="2024-05-05T18:16:56.490414" elapsed="0.000458"/>
</kw>
<kw name="Dictionary Should Contain Key" owner="Collections">
<msg time="2024-05-05T18:16:56.491555" level="INFO">False</msg>
<arg>${json_data['results'][0]['login']}</arg>
<arg>${keyTwo}</arg>
<doc>Fails if ``key`` is not found from ``dictionary``.</doc>
<status status="PASS" start="2024-05-05T18:16:56.491173" elapsed="0.000420"/>
</kw>
<kw name="Log" owner="BuiltIn">
<msg time="2024-05-05T18:16:56.492019" level="INFO">username</msg>
<arg>${keyTwo}</arg>
<doc>Logs the given message with the given level.</doc>
<status status="PASS" start="2024-05-05T18:16:56.491883" elapsed="0.000178"/>
</kw>
<var name="${keyTwo}">username</var>
<status status="PASS" start="2024-05-05T18:16:56.490276" elapsed="0.001997"/>
</iter>
<iter>
<kw name="Dictionary Should Contain Key" owner="Collections">
<msg time="2024-05-05T18:16:56.493020" level="INFO">False</msg>
<arg>${json_data['results'][0]['login']}</arg>
<arg>${keyTwo}</arg>
<doc>Fails if ``key`` is not found from ``dictionary``.</doc>
<status status="PASS" start="2024-05-05T18:16:56.492558" elapsed="0.000501"/>
</kw>
<kw name="Dictionary Should Contain Key" owner="Collections">
<msg time="2024-05-05T18:16:56.493740" level="INFO">False</msg>
<arg>${json_data['results'][0]['login']}</arg>
<arg>${keyTwo}</arg>
<doc>Fails if ``key`` is not found from ``dictionary``.</doc>
<status status="PASS" start="2024-05-05T18:16:56.493358" elapsed="0.000419"/>
</kw>
<kw name="Log" owner="BuiltIn">
<msg time="2024-05-05T18:16:56.494191" level="INFO">password</msg>
<arg>${keyTwo}</arg>
<doc>Logs the given message with the given level.</doc>
<status status="PASS" start="2024-05-05T18:16:56.494065" elapsed="0.000163"/>
</kw>
<var name="${keyTwo}">password</var>
<status status="PASS" start="2024-05-05T18:16:56.492449" elapsed="0.002025"/>
</iter>
<var>${keyTwo}</var>
<value>@{expected_keysTwo}</value>
<status status="PASS" start="2024-05-05T18:16:56.490126" elapsed="0.004472"/>
</for>
<status status="PASS" start="2024-05-05T18:16:56.369495" elapsed="0.125242"/>
</kw>
<doc>Testa a estrutura da resposta da API.</doc>
<tag>testeEstruturaResposta</tag>
<status status="PASS" start="2024-05-05T18:16:56.369008" elapsed="0.125879"/>
</test>
<test id="s1-s1-t4" name="Validar tipos de dados" line="28">
<kw name="Teste de Tipos de Dados" owner="random-user-service">
<kw name="GET On Session" owner="RequestsLibrary">
<msg time="2024-05-05T18:16:56.586294" level="INFO">GET Request : url=https://randomuser.me/api 
 path_url=/api 
 headers={'User-Agent': 'python-requests/2.31.0', 'Accept-Encoding': 'gzip, deflate', 'Accept': '*/*', 'Connection': 'keep-alive'} 
 body=None 
 </msg>
<msg time="2024-05-05T18:16:56.586376" level="INFO">GET Response : url=https://randomuser.me/api 
 status=200, reason=OK 
 headers={'Date': 'Sun, 05 May 2024 18:16:56 GMT', 'Content-Type': 'application/json; charset=utf-8', 'Transfer-Encoding': 'chunked', 'Connection': 'keep-alive', 'X-Powered-By': 'Express', 'Access-Control-Allow-Origin': '*', 'Cache-Control': 'no-cache', 'ETag': 'W/"491-hLdPb4YATbgrVEHS7UF2R3w7Vac"', 'Vary': 'Accept-Encoding', 'Content-Encoding': 'gzip', 'CF-Cache-Status': 'DYNAMIC', 'Report-To': '{"endpoints":[{"url":"https:\\/\\/a.nel.cloudflare.com\\/report\\/v4?s=Fqt%2BdWryZbjh%2BBrpxjquNuLLUXgohMn73ISTOt3sQQ%2BCurdgk0EFqBSteLMHvV1lGtaOqBBswHVamuUEZ5rPS71ZfEgW1pI%2FWFjpwVwRUfrw051v8DR2kC3wiiyGFOmi"}],"group":"cf-nel","max_age":604800}', 'NEL': '{"success_fraction":0,"report_to":"cf-nel","max_age":604800}', 'Server': 'cloudflare', 'CF-RAY': '87f2b97919eb7fed-IAD', 'alt-svc': 'h3=":443"; ma=86400'} 
 body={"results":[{"gender":"male","name":{"title":"Mr","first":"Vilho","last":"Puro"},"location":{"street":{"number":3495,"name":"Reijolankatu"},"city":"Hailuoto","state":"Central Ostrobothnia","country":"Finland","postcode":67241,"coordinates":{"latitude":"-22.2869","longitude":"-102.9644"},"timezone":{"offset":"-7:00","description":"Mountain Time (US &amp; Canada)"}},"email":"vilho.puro@example.com","login":{"uuid":"fb25b11a-7165-46a2-a44a-646ef5720365","username":"brownmouse457","password":"deaths","salt":"DfzvAMl5","md5":"b8205b2d54530c8bf768dacf9780bbcb","sha1":"fb56ef861c1dec5e744203cee8ae7e3a784775db","sha256":"1324809299aeb3593e50f89a6b1f1a75baadce6d458f4a83dc4f0a74672d28f0"},"dob":{"date":"1961-09-01T22:15:53.695Z","age":62},"registered":{"date":"2009-11-04T21:50:38.899Z","age":14},"phone":"09-341-023","cell":"043-466-10-02","id":{"name":"HETU","value":"NaNNA609undefined"},"picture":{"large":"https://randomuser.me/api/portraits/men/91.jpg","medium":"https://randomuser.me/api/portraits/med/men/91.jpg","thumbnail":"https://randomuser.me/api/portraits/thumb/men/91.jpg"},"nat":"FI"}],"info":{"seed":"8631c4eb3e695b8f","results":1,"page":1,"version":"1.4"}} 
 </msg>
<msg time="2024-05-05T18:16:56.586514" level="INFO">/opt/hostedtoolcache/Python/3.12.3/x64/lib/python3.12/site-packages/urllib3/connectionpool.py:1103: InsecureRequestWarning: Unverified HTTPS request is being made to host 'randomuser.me'. Adding certificate verification is strongly advised. See: https://urllib3.readthedocs.io/en/latest/advanced-usage.html#tls-warnings
  warnings.warn(</msg>
<msg time="2024-05-05T18:16:56.586597" level="INFO">${response} = &lt;Response [200]&gt;</msg>
<var>${response}</var>
<arg>consultarAPI</arg>
<arg>/api</arg>
<doc>Sends a GET request on a previously created HTTP Session.</doc>
<status status="PASS" start="2024-05-05T18:16:56.497300" elapsed="0.089321"/>
</kw>
<kw name="Set Variable" owner="BuiltIn">
<msg time="2024-05-05T18:16:56.587462" level="INFO">${json_data} = {'results': [{'gender': 'male', 'name': {'title': 'Mr', 'first': 'Vilho', 'last': 'Puro'}, 'location': {'street': {'number': 3495, 'name': 'Reijolankatu'}, 'city': 'Hailuoto', 'state': 'Central Ostrob...</msg>
<var>${json_data}</var>
<arg>${response.json()}</arg>
<doc>Returns the given values which can then be assigned to a variables.</doc>
<status status="PASS" start="2024-05-05T18:16:56.587008" elapsed="0.000482"/>
</kw>
<kw name="Log" owner="BuiltIn">
<msg time="2024-05-05T18:16:56.587939" level="INFO">{'results': [{'gender': 'male', 'name': {'title': 'Mr', 'first': 'Vilho', 'last': 'Puro'}, 'location': {'street': {'number': 3495, 'name': 'Reijolankatu'}, 'city': 'Hailuoto', 'state': 'Central Ostrobothnia', 'country': 'Finland', 'postcode': 67241, 'coordinates': {'latitude': '-22.2869', 'longitude': '-102.9644'}, 'timezone': {'offset': '-7:00', 'description': 'Mountain Time (US &amp; Canada)'}}, 'email': 'vilho.puro@example.com', 'login': {'uuid': 'fb25b11a-7165-46a2-a44a-646ef5720365', 'username': 'brownmouse457', 'password': 'deaths', 'salt': 'DfzvAMl5', 'md5': 'b8205b2d54530c8bf768dacf9780bbcb', 'sha1': 'fb56ef861c1dec5e744203cee8ae7e3a784775db', 'sha256': '1324809299aeb3593e50f89a6b1f1a75baadce6d458f4a83dc4f0a74672d28f0'}, 'dob': {'date': '1961-09-01T22:15:53.695Z', 'age': 62}, 'registered': {'date': '2009-11-04T21:50:38.899Z', 'age': 14}, 'phone': '09-341-023', 'cell': '043-466-10-02', 'id': {'name': 'HETU', 'value': 'NaNNA609undefined'}, 'picture': {'large': 'https://randomuser.me/api/portraits/men/91.jpg', 'medium': 'https://randomuser.me/api/portraits/med/men/91.jpg', 'thumbnail': 'https://randomuser.me/api/portraits/thumb/men/91.jpg'}, 'nat': 'FI'}], 'info': {'seed': '8631c4eb3e695b8f', 'results': 1, 'page': 1, 'version': '1.4'}}</msg>
<arg>${json_data}</arg>
<doc>Logs the given message with the given level.</doc>
<status status="PASS" start="2024-05-05T18:16:56.587791" elapsed="0.000227"/>
</kw>
<kw name="Should Be String" owner="String">
<arg>${json_data['results'][0]['gender']}</arg>
<doc>Fails if the given ``item`` is not a string.</doc>
<status status="PASS" start="2024-05-05T18:16:56.588325" elapsed="0.000359"/>
</kw>
<kw name="Should Match Regexp" owner="BuiltIn">
<arg>${json_data['results'][0]['email']}</arg>
<arg>^[a-zA-Z0-9._%+-]+@[a-zA-Z0-9.-]+\.[a-zA-Z]{2,}$</arg>
<doc>Fails if ``string`` does not match ``pattern`` as a regular expression.</doc>
<status status="PASS" start="2024-05-05T18:16:56.588876" elapsed="0.000505"/>
</kw>
<kw name="Should Match Regexp" owner="BuiltIn">
<arg>${json_data['results'][0]['dob']['date']}</arg>
<arg>\\d{4}-\\d{2}-\\d{2}T\\d{2}:\\d{2}:\\d{2}\\.\\d{3}Z</arg>
<doc>Fails if ``string`` does not match ``pattern`` as a regular expression.</doc>
<status status="PASS" start="2024-05-05T18:16:56.589574" elapsed="0.000489"/>
</kw>
<kw name="Should Match Regexp" owner="BuiltIn">
<arg>${json_data['results'][0]['registered']['date']}</arg>
<arg>\\d{4}-\\d{2}-\\d{2}T\\d{2}:\\d{2}:\\d{2}\\.\\d{3}Z</arg>
<doc>Fails if ``string`` does not match ``pattern`` as a regular expression.</doc>
<status status="PASS" start="2024-05-05T18:16:56.590252" elapsed="0.000409"/>
</kw>
<kw name="Should Match Regexp" owner="BuiltIn">
<arg>${json_data['results'][0]['picture']['large']}</arg>
<arg>^https?://.*\.(?:png|jpe?g|gif|bmp)$</arg>
<doc>Fails if ``string`` does not match ``pattern`` as a regular expression.</doc>
<status status="PASS" start="2024-05-05T18:16:56.590850" elapsed="0.000477"/>
</kw>
<kw name="Should Match Regexp" owner="BuiltIn">
<arg>${json_data['results'][0]['picture']['medium']}</arg>
<arg>^https?://.*\.(?:png|jpe?g|gif|bmp)$</arg>
<doc>Fails if ``string`` does not match ``pattern`` as a regular expression.</doc>
<status status="PASS" start="2024-05-05T18:16:56.591512" elapsed="0.000356"/>
</kw>
<kw name="Should Match Regexp" owner="BuiltIn">
<arg>${json_data['results'][0]['picture']['thumbnail']}</arg>
<arg>^https?://.*\.(?:png|jpe?g|gif|bmp)$</arg>
<doc>Fails if ``string`` does not match ``pattern`` as a regular expression.</doc>
<status status="PASS" start="2024-05-05T18:16:56.592054" elapsed="0.000350"/>
</kw>
<kw name="Log" owner="BuiltIn">
<msg time="2024-05-05T18:16:56.592905" level="INFO">{'large': 'https://randomuser.me/api/portraits/men/91.jpg', 'medium': 'https://randomuser.me/api/portraits/med/men/91.jpg', 'thumbnail': 'https://randomuser.me/api/portraits/thumb/men/91.jpg'}</msg>
<arg>${json_data['results'][0]['picture']}</arg>
<doc>Logs the given message with the given level.</doc>
<status status="PASS" start="2024-05-05T18:16:56.592582" elapsed="0.000364"/>
</kw>
<status status="PASS" start="2024-05-05T18:16:56.497073" elapsed="0.096123"/>
</kw>
<kw name="Teste de Tipos de Dados - Postcode" owner="random-user-service">
<kw name="GET On Session" owner="RequestsLibrary">
<msg time="2024-05-05T18:16:56.681319" level="INFO">GET Request : url=https://randomuser.me/api 
 path_url=/api 
 headers={'User-Agent': 'python-requests/2.31.0', 'Accept-Encoding': 'gzip, deflate', 'Accept': '*/*', 'Connection': 'keep-alive'} 
 body=None 
 </msg>
<msg time="2024-05-05T18:16:56.681409" level="INFO">GET Response : url=https://randomuser.me/api 
 status=200, reason=OK 
 headers={'Date': 'Sun, 05 May 2024 18:16:56 GMT', 'Content-Type': 'application/json; charset=utf-8', 'Transfer-Encoding': 'chunked', 'Connection': 'keep-alive', 'X-Powered-By': 'Express', 'Access-Control-Allow-Origin': '*', 'Cache-Control': 'no-cache', 'ETag': 'W/"4a3-6JHjGwfxtGduTnzW1G5w9X8O4+A"', 'Vary': 'Accept-Encoding', 'Content-Encoding': 'gzip', 'CF-Cache-Status': 'DYNAMIC', 'Report-To': '{"endpoints":[{"url":"https:\\/\\/a.nel.cloudflare.com\\/report\\/v4?s=N54fQIq1KZbJCFadKe95PnbaD1IRRE3MpS0bjwEnRv4jeYWKwhIudRFUGVWY8Rtp95frsw3YC66e0apjKqS4SkbJZuu1vZpgy8gDlgAZUDY2xteWhF0TSMiacWovsGUg"}],"group":"cf-nel","max_age":604800}', 'NEL': '{"success_fraction":0,"report_to":"cf-nel","max_age":604800}', 'Server': 'cloudflare', 'CF-RAY': '87f2b979baab7fed-IAD', 'alt-svc': 'h3=":443"; ma=86400'} 
 body={"results":[{"gender":"female","name":{"title":"Mrs","first":"النا","last":"کامروا"},"location":{"street":{"number":4214,"name":"دکتر فاطمی"},"city":"اهواز","state":"چهارمحال و بختیاری","country":"Iran","postcode":31097,"coordinates":{"latitude":"16.6771","longitude":"89.1459"},"timezone":{"offset":"-1:00","description":"Azores, Cape Verde Islands"}},"email":"ln.khmrw@example.com","login":{"uuid":"2d76642c-30d1-449e-8389-4c70792fd4b2","username":"organicfish808","password":"leanne","salt":"aYetK5cm","md5":"51bc065dc3291cd515125932c1562cd3","sha1":"4e7a375a8d823cf08dba0c13fff96903a9b41af6","sha256":"8e293b0cd2fc0b85b69f645884c4b2bb3025c24947239d0fa1f7dbcdce50cff2"},"dob":{"date":"1970-07-08T06:43:16.731Z","age":53},"registered":{"date":"2003-04-05T06:55:00.372Z","age":21},"phone":"061-98371251","cell":"0905-936-3055","id":{"name":"","value":null},"picture":{"large":"https://randomuser.me/api/portraits/women/48.jpg","medium":"https://randomuser.me/api/portraits/med/women/48.jpg","thumbnail":"https://randomuser.me/api/portraits/thumb/women/48.jpg"},"nat":"IR"}],"info":{"seed":"74e3309669dbfeee","results":1,"page":1,"version":"1.4"}} 
 </msg>
<msg time="2024-05-05T18:16:56.681493" level="INFO">/opt/hostedtoolcache/Python/3.12.3/x64/lib/python3.12/site-packages/urllib3/connectionpool.py:1103: InsecureRequestWarning: Unverified HTTPS request is being made to host 'randomuser.me'. Adding certificate verification is strongly advised. See: https://urllib3.readthedocs.io/en/latest/advanced-usage.html#tls-warnings
  warnings.warn(</msg>
<msg time="2024-05-05T18:16:56.681643" level="INFO">${response} = &lt;Response [200]&gt;</msg>
<var>${response}</var>
<arg>consultarAPI</arg>
<arg>/api</arg>
<doc>Sends a GET request on a previously created HTTP Session.</doc>
<status status="PASS" start="2024-05-05T18:16:56.593631" elapsed="0.088058"/>
</kw>
<kw name="Set Variable" owner="BuiltIn">
<msg time="2024-05-05T18:16:56.682743" level="INFO">${json_data} = {'results': [{'gender': 'female', 'name': {'title': 'Mrs', 'first': 'النا', 'last': 'کامروا'}, 'location': {'street': {'number': 4214, 'name': 'دکتر فاطمی'}, 'city': 'اهواز', 'state': 'چهارمحال و بختی...</msg>
<var>${json_data}</var>
<arg>${response.json()}</arg>
<doc>Returns the given values which can then be assigned to a variables.</doc>
<status status="PASS" start="2024-05-05T18:16:56.682143" elapsed="0.000631"/>
</kw>
<kw name="Log" owner="BuiltIn">
<msg time="2024-05-05T18:16:56.683248" level="INFO">{'results': [{'gender': 'female', 'name': {'title': 'Mrs', 'first': 'النا', 'last': 'کامروا'}, 'location': {'street': {'number': 4214, 'name': 'دکتر فاطمی'}, 'city': 'اهواز', 'state': 'چهارمحال و بختیاری', 'country': 'Iran', 'postcode': 31097, 'coordinates': {'latitude': '16.6771', 'longitude': '89.1459'}, 'timezone': {'offset': '-1:00', 'description': 'Azores, Cape Verde Islands'}}, 'email': 'ln.khmrw@example.com', 'login': {'uuid': '2d76642c-30d1-449e-8389-4c70792fd4b2', 'username': 'organicfish808', 'password': 'leanne', 'salt': 'aYetK5cm', 'md5': '51bc065dc3291cd515125932c1562cd3', 'sha1': '4e7a375a8d823cf08dba0c13fff96903a9b41af6', 'sha256': '8e293b0cd2fc0b85b69f645884c4b2bb3025c24947239d0fa1f7dbcdce50cff2'}, 'dob': {'date': '1970-07-08T06:43:16.731Z', 'age': 53}, 'registered': {'date': '2003-04-05T06:55:00.372Z', 'age': 21}, 'phone': '061-98371251', 'cell': '0905-936-3055', 'id': {'name': '', 'value': None}, 'picture': {'large': 'https://randomuser.me/api/portraits/women/48.jpg', 'medium': 'https://randomuser.me/api/portraits/med/women/48.jpg', 'thumbnail': 'https://randomuser.me/api/portraits/thumb/women/48.jpg'}, 'nat': 'IR'}], 'info': {'seed': '74e3309669dbfeee', 'results': 1, 'page': 1, 'version': '1.4'}}</msg>
<arg>${json_data}</arg>
<doc>Logs the given message with the given level.</doc>
<status status="PASS" start="2024-05-05T18:16:56.683088" elapsed="0.000252"/>
</kw>
<kw name="Should Be Equal As Numbers" owner="BuiltIn">
<arg>${json_data['results'][0]['location']['postcode']}</arg>
<arg>${json_data['results'][0]['location']['postcode']}</arg>
<doc>Fails if objects are unequal after converting them to real numbers.</doc>
<status status="PASS" start="2024-05-05T18:16:56.683799" elapsed="0.000625"/>
</kw>
<kw name="Log" owner="BuiltIn">
<msg time="2024-05-05T18:16:56.684954" level="INFO">31097</msg>
<arg>${json_data['results'][0]['location']['postcode']}</arg>
<doc>Logs the given message with the given level.</doc>
<status status="PASS" start="2024-05-05T18:16:56.684616" elapsed="0.000378"/>
</kw>
<status status="PASS" start="2024-05-05T18:16:56.593411" elapsed="0.091833"/>
</kw>
<doc>Testa se os tipos de dados na resposta da API estão corretos.</doc>
<tag>testeTiposDados</tag>
<status status="PASS" start="2024-05-05T18:16:56.496644" elapsed="0.188762"/>
</test>
<test id="s1-s1-t5" name="Validar conteudo" line="35">
<kw name="Teste de Tipos de Conteudo" owner="random-user-service">
<kw name="GET On Session" owner="RequestsLibrary">
<msg time="2024-05-05T18:16:56.790083" level="INFO">GET Request : url=https://randomuser.me/api 
 path_url=/api 
 headers={'User-Agent': 'python-requests/2.31.0', 'Accept-Encoding': 'gzip, deflate', 'Accept': '*/*', 'Connection': 'keep-alive'} 
 body=None 
 </msg>
<msg time="2024-05-05T18:16:56.790160" level="INFO">GET Response : url=https://randomuser.me/api 
 status=200, reason=OK 
 headers={'Date': 'Sun, 05 May 2024 18:16:56 GMT', 'Content-Type': 'application/json; charset=utf-8', 'Transfer-Encoding': 'chunked', 'Connection': 'keep-alive', 'X-Powered-By': 'Express', 'Access-Control-Allow-Origin': '*', 'Cache-Control': 'no-cache', 'ETag': 'W/"49c-F3Q2GrPaKPRVxEPCoe7sm4nUG9g"', 'Vary': 'Accept-Encoding', 'Content-Encoding': 'gzip', 'CF-Cache-Status': 'DYNAMIC', 'Report-To': '{"endpoints":[{"url":"https:\\/\\/a.nel.cloudflare.com\\/report\\/v4?s=4KEV1kTdEbX3hSO%2BBF%2BMmkuyH2NnSTEHwsxepEvDR2AAxvPpQejMwItu3PYyNraCvqZSmt9pciJWggg8Jhx9HALIfC1m0bSQrgijdhSiPWRllNr7N3fO8PDEJh45lD08"}],"group":"cf-nel","max_age":604800}', 'NEL': '{"success_fraction":0,"report_to":"cf-nel","max_age":604800}', 'Server': 'cloudflare', 'CF-RAY': '87f2b97a4b537fed-IAD', 'alt-svc': 'h3=":443"; ma=86400'} 
 body={"results":[{"gender":"female","name":{"title":"Mrs","first":"Inès","last":"Lecomte"},"location":{"street":{"number":8587,"name":"Rue du Bon-Pasteur"},"city":"Lyon","state":"Côtes-D'Armor","country":"France","postcode":58553,"coordinates":{"latitude":"-19.3439","longitude":"109.2735"},"timezone":{"offset":"-12:00","description":"Eniwetok, Kwajalein"}},"email":"ines.lecomte@example.com","login":{"uuid":"7850dc73-8cb0-42d2-ba91-d1f6568c230b","username":"beautifulsnake197","password":"maggie","salt":"VUbl1kTN","md5":"a6bce16a541fe681154370c1f80c605c","sha1":"21aee86b13daa83a1a042c96ad86b94ab31adb33","sha256":"f92b7cab3be76460ac23a245fda9473acd86b637c02a1a343a47723fbecce3ae"},"dob":{"date":"2000-07-06T07:57:32.119Z","age":23},"registered":{"date":"2010-05-01T01:13:56.883Z","age":14},"phone":"02-57-12-07-40","cell":"06-25-89-18-29","id":{"name":"INSEE","value":"21000614137552 20"},"picture":{"large":"https://randomuser.me/api/portraits/women/31.jpg","medium":"https://randomuser.me/api/portraits/med/women/31.jpg","thumbnail":"https://randomuser.me/api/portraits/thumb/women/31.jpg"},"nat":"FR"}],"info":{"seed":"ef73ea43de6fe307","results":1,"page":1,"version":"1.4"}} 
 </msg>
<msg time="2024-05-05T18:16:56.790232" level="INFO">/opt/hostedtoolcache/Python/3.12.3/x64/lib/python3.12/site-packages/urllib3/connectionpool.py:1103: InsecureRequestWarning: Unverified HTTPS request is being made to host 'randomuser.me'. Adding certificate verification is strongly advised. See: https://urllib3.readthedocs.io/en/latest/advanced-usage.html#tls-warnings
  warnings.warn(</msg>
<msg time="2024-05-05T18:16:56.790333" level="INFO">${response} = &lt;Response [200]&gt;</msg>
<var>${response}</var>
<arg>consultarAPI</arg>
<arg>/api</arg>
<doc>Sends a GET request on a previously created HTTP Session.</doc>
<status status="PASS" start="2024-05-05T18:16:56.687888" elapsed="0.102481"/>
</kw>
<kw name="Set Variable" owner="BuiltIn">
<msg time="2024-05-05T18:16:56.791309" level="INFO">${json_data} = {'results': [{'gender': 'female', 'name': {'title': 'Mrs', 'first': 'Inès', 'last': 'Lecomte'}, 'location': {'street': {'number': 8587, 'name': 'Rue du Bon-Pasteur'}, 'city': 'Lyon', 'state': "Côtes-D...</msg>
<var>${json_data}</var>
<arg>${response.json()}</arg>
<doc>Returns the given values which can then be assigned to a variables.</doc>
<status status="PASS" start="2024-05-05T18:16:56.790858" elapsed="0.000480"/>
</kw>
<kw name="Set Variable" owner="BuiltIn">
<msg time="2024-05-05T18:16:56.792083" level="INFO">${name_title} = Mrs</msg>
<var>${name_title}</var>
<arg>${json_data["results"][0]["name"]["title"]}</arg>
<doc>Returns the given values which can then be assigned to a variables.</doc>
<status status="PASS" start="2024-05-05T18:16:56.791690" elapsed="0.000418"/>
</kw>
<kw name="Create List" owner="BuiltIn">
<msg time="2024-05-05T18:16:56.792554" level="INFO">${allowed_titles} = ['Mr', 'Ms', 'Miss', 'Mrs', 'Madame', 'Monsieur']</msg>
<var>${allowed_titles}</var>
<arg>Mr</arg>
<arg>Ms</arg>
<arg>Miss</arg>
<arg>Mrs</arg>
<arg>Madame</arg>
<arg>Monsieur</arg>
<doc>Returns a list containing given items.</doc>
<status status="PASS" start="2024-05-05T18:16:56.792406" elapsed="0.000172"/>
</kw>
<kw name="List Should Contain Value" owner="Collections">
<msg time="2024-05-05T18:16:56.793056" level="INFO">False</msg>
<arg>${allowed_titles}</arg>
<arg>${name_title}</arg>
<doc>Fails if the ``value`` is not found from ``list``.</doc>
<status status="PASS" start="2024-05-05T18:16:56.792886" elapsed="0.000208"/>
</kw>
<kw name="Set Variable" owner="BuiltIn">
<msg time="2024-05-05T18:16:56.793785" level="INFO">${name_country} = FR</msg>
<var>${name_country}</var>
<arg>${json_data["results"][0]["nat"]}</arg>
<doc>Returns the given values which can then be assigned to a variables.</doc>
<status status="PASS" start="2024-05-05T18:16:56.793388" elapsed="0.000422"/>
</kw>
<kw name="Create List" owner="BuiltIn">
<msg time="2024-05-05T18:16:56.794738" level="INFO">${list_country} = ['AD', 'AE', 'AF', 'AG', 'AI', 'AL', 'AM', 'AO', 'AQ', 'AR', 'AS', 'AT', 'AU', 'AW', 'AX', 'AZ', 'BA', 'BB', 'BD', 'BE', 'BF', 'BG', 'BH', 'BI', 'BJ', 'BL', 'BM', 'BN', 'BO', 'BQ', 'BR', 'BS', 'BT', '...</msg>
<var>${list_country}</var>
<arg>AD</arg>
<arg>AE</arg>
<arg>AF</arg>
<arg>AG</arg>
<arg>AI</arg>
<arg>AL</arg>
<arg>AM</arg>
<arg>AO</arg>
<arg>AQ</arg>
<arg>AR</arg>
<arg>AS</arg>
<arg>AT</arg>
<arg>AU</arg>
<arg>AW</arg>
<arg>AX</arg>
<arg>AZ</arg>
<arg>BA</arg>
<arg>BB</arg>
<arg>BD</arg>
<arg>BE</arg>
<arg>BF</arg>
<arg>BG</arg>
<arg>BH</arg>
<arg>BI</arg>
<arg>BJ</arg>
<arg>BL</arg>
<arg>BM</arg>
<arg>BN</arg>
<arg>BO</arg>
<arg>BQ</arg>
<arg>BR</arg>
<arg>BS</arg>
<arg>BT</arg>
<arg>BV</arg>
<arg>BW</arg>
<arg>BY</arg>
<arg>BZ</arg>
<arg>CA</arg>
<arg>CC</arg>
<arg>CD</arg>
<arg>CF</arg>
<arg>CG</arg>
<arg>CH</arg>
<arg>CI</arg>
<arg>CK</arg>
<arg>CL</arg>
<arg>CM</arg>
<arg>CN</arg>
<arg>CO</arg>
<arg>CR</arg>
<arg>CU</arg>
<arg>CV</arg>
<arg>CW</arg>
<arg>CX</arg>
<arg>CY</arg>
<arg>CZ</arg>
<arg>DE</arg>
<arg>DJ</arg>
<arg>DK</arg>
<arg>DM</arg>
<arg>DO</arg>
<arg>DZ</arg>
<arg>EC</arg>
<arg>EE</arg>
<arg>EG</arg>
<arg>EH</arg>
<arg>ER</arg>
<arg>ES</arg>
<arg>ET</arg>
<arg>FI</arg>
<arg>FJ</arg>
<arg>FK</arg>
<arg>FM</arg>
<arg>FO</arg>
<arg>FR</arg>
<arg>GA</arg>
<arg>GB</arg>
<arg>GD</arg>
<arg>GE</arg>
<arg>GF</arg>
<arg>GG</arg>
<arg>GH</arg>
<arg>GI</arg>
<arg>GL</arg>
<arg>GM</arg>
<arg>GN</arg>
<arg>GP</arg>
<arg>GQ</arg>
<arg>GR</arg>
<arg>GS</arg>
<arg>GT</arg>
<arg>GU</arg>
<arg>GW</arg>
<arg>GY</arg>
<arg>HK</arg>
<arg>HM</arg>
<arg>HN</arg>
<arg>HR</arg>
<arg>HT</arg>
<arg>HU</arg>
<arg>ID</arg>
<arg>IE</arg>
<arg>IL</arg>
<arg>IM</arg>
<arg>IN</arg>
<arg>IO</arg>
<arg>IQ</arg>
<arg>IR</arg>
<arg>IS</arg>
<arg>IT</arg>
<arg>JE</arg>
<arg>JM</arg>
<arg>JO</arg>
<arg>JP</arg>
<arg>KE</arg>
<arg>KG</arg>
<arg>KH</arg>
<arg>KI</arg>
<arg>KM</arg>
<arg>KN</arg>
<arg>KP</arg>
<arg>KR</arg>
<arg>KW</arg>
<arg>KY</arg>
<arg>KZ</arg>
<arg>LA</arg>
<arg>LB</arg>
<arg>LC</arg>
<arg>LI</arg>
<arg>LK</arg>
<arg>LR</arg>
<arg>LS</arg>
<arg>LT</arg>
<arg>LU</arg>
<arg>LV</arg>
<arg>LY</arg>
<arg>MA</arg>
<arg>MC</arg>
<arg>MD</arg>
<arg>ME</arg>
<arg>MF</arg>
<arg>MG</arg>
<arg>MH</arg>
<arg>MK</arg>
<arg>ML</arg>
<arg>MM</arg>
<arg>MN</arg>
<arg>MO</arg>
<arg>MP</arg>
<arg>MQ</arg>
<arg>MR</arg>
<arg>MS</arg>
<arg>MT</arg>
<arg>MU</arg>
<arg>MV</arg>
<arg>MW</arg>
<arg>MX</arg>
<arg>MY</arg>
<arg>MZ</arg>
<arg>NA</arg>
<arg>NC</arg>
<arg>NE</arg>
<arg>NF</arg>
<arg>NG</arg>
<arg>NI</arg>
<arg>NL</arg>
<arg>NO</arg>
<arg>NP</arg>
<arg>NR</arg>
<arg>NU</arg>
<arg>NZ</arg>
<arg>OM</arg>
<arg>PA</arg>
<arg>PE</arg>
<arg>PF</arg>
<arg>PG</arg>
<arg>PH</arg>
<arg>PK</arg>
<arg>PL</arg>
<arg>PM</arg>
<arg>PN</arg>
<arg>PR</arg>
<arg>PS</arg>
<arg>PT</arg>
<arg>PW</arg>
<arg>PY</arg>
<arg>QA</arg>
<arg>RE</arg>
<arg>RO</arg>
<arg>RS</arg>
<arg>RU</arg>
<arg>RW</arg>
<arg>SA</arg>
<arg>SB</arg>
<arg>SC</arg>
<arg>SD</arg>
<arg>SE</arg>
<arg>SG</arg>
<arg>SH</arg>
<arg>SI</arg>
<arg>SJ</arg>
<arg>SK</arg>
<arg>SL</arg>
<arg>SM</arg>
<arg>SN</arg>
<arg>SO</arg>
<arg>SR</arg>
<arg>SS</arg>
<arg>ST</arg>
<arg>SV</arg>
<arg>SX</arg>
<arg>SY</arg>
<arg>SZ</arg>
<arg>TC</arg>
<arg>TD</arg>
<arg>TF</arg>
<arg>TG</arg>
<arg>TH</arg>
<arg>TJ</arg>
<arg>TK</arg>
<arg>TL</arg>
<arg>TM</arg>
<arg>TN</arg>
<arg>TO</arg>
<arg>TR</arg>
<arg>TT</arg>
<arg>TV</arg>
<arg>TW</arg>
<arg>TZ</arg>
<arg>UA</arg>
<arg>UG</arg>
<arg>UM</arg>
<arg>US</arg>
<arg>UY</arg>
<arg>UZ</arg>
<arg>VA</arg>
<arg>VC</arg>
<arg>VE</arg>
<arg>VG</arg>
<arg>VI</arg>
<arg>VN</arg>
<arg>VU</arg>
<arg>WF</arg>
<arg>WS</arg>
<arg>XK</arg>
<arg>YE</arg>
<arg>YT</arg>
<arg>ZA</arg>
<arg>ZM</arg>
<arg>ZW</arg>
<doc>Returns a list containing given items.</doc>
<status status="PASS" start="2024-05-05T18:16:56.794111" elapsed="0.000653"/>
</kw>
<kw name="List Should Contain Value" owner="Collections">
<msg time="2024-05-05T18:16:56.795761" level="INFO">False</msg>
<arg>${list_country}</arg>
<arg>${name_country}</arg>
<doc>Fails if the ``value`` is not found from ``list``.</doc>
<status status="PASS" start="2024-05-05T18:16:56.795562" elapsed="0.000235"/>
</kw>
<kw name="Run Keyword If" owner="BuiltIn">
<kw name="Should Be True" owner="BuiltIn">
<arg>${True}</arg>
<doc>Fails if the given condition is not true.</doc>
<status status="PASS" start="2024-05-05T18:16:56.796872" elapsed="0.000241"/>
</kw>
<arg>${json_data["results"][0]["location"]["coordinates"]["latitude"]} &gt;= -90 and ${json_data["results"][0]["location"]["coordinates"]["latitude"]} &lt;= 90</arg>
<arg>Should Be True</arg>
<arg>${True}</arg>
<doc>Runs the given keyword with the given arguments, if ``condition`` is true.</doc>
<status status="PASS" start="2024-05-05T18:16:56.796109" elapsed="0.001138"/>
</kw>
<kw name="Run Keyword If" owner="BuiltIn">
<kw name="Should Be True" owner="BuiltIn">
<arg>${True}</arg>
<doc>Fails if the given condition is not true.</doc>
<status status="PASS" start="2024-05-05T18:16:56.798146" elapsed="0.000138"/>
</kw>
<arg>${json_data["results"][0]["location"]["coordinates"]["longitude"]} &gt;= -180 and ${json_data["results"][0]["location"]["coordinates"]["longitude"]} &lt;= 180</arg>
<arg>Should Be True</arg>
<arg>${True}</arg>
<doc>Runs the given keyword with the given arguments, if ``condition`` is true.</doc>
<status status="PASS" start="2024-05-05T18:16:56.797434" elapsed="0.000995"/>
</kw>
<status status="PASS" start="2024-05-05T18:16:56.687664" elapsed="0.110900"/>
</kw>
<doc>Testa o conteúdo específico dos campos retornados pela API.</doc>
<tag>testeConteudo</tag>
<status status="PASS" start="2024-05-05T18:16:56.687247" elapsed="0.111460"/>
</test>
<status status="PASS" start="2024-05-05T18:16:55.861659" elapsed="0.938968"/>
</suite>
<status status="PASS" start="2024-05-05T18:16:55.848095" elapsed="0.957598"/>
</suite>
<statistics>
<total>
<stat pass="5" fail="0" skip="0">All Tests</stat>
</total>
<tag>
<stat pass="1" fail="0" skip="0">testeConteudo</stat>
<stat pass="1" fail="0" skip="0">testeEstruturaResposta</stat>
<stat pass="1" fail="0" skip="0">testeRequisicaoBasica</stat>
<stat pass="1" fail="0" skip="0">testeTiposDados</stat>
</tag>
<suite>
<stat pass="5" fail="0" skip="0" id="s1" name="Tests">Tests</stat>
<stat pass="5" fail="0" skip="0" id="s1-s1" name="Random-User-Test">Tests.Random-User-Test</stat>
</suite>
</statistics>
<errors>
</errors>
</robot>
