<?xml version="1.0" encoding="UTF-8"?>
<robot generator="Robot 7.0 (Python 3.12.3 on linux)" generated="2024-06-05T17:13:20.479003" rpa="false" schemaversion="5">
<suite id="s1" name="Tests" source="/home/runner/work/ApiRandomUser/ApiRandomUser/RamdonUser/tests">
<suite id="s1-s1" name="Random-User-Test" source="/home/runner/work/ApiRandomUser/ApiRandomUser/RamdonUser/tests/random-user-test.robot">
<test id="s1-s1-t1" name="Conectar" line="13">
<kw name="Conectar API" owner="random-user-service">
<kw name="Create Session" owner="RequestsLibrary">
<msg time="2024-06-05T17:13:20.880109" level="INFO">Creating Session using : alias=consultarAPI, url=https://randomuser.me/, headers={},                     cookies={}, auth=None, timeout=None, proxies=None, verify=False,                     debug=0 </msg>
<arg>consultarAPI</arg>
<arg>${URL}</arg>
<doc>Create Session: create a HTTP session to a server</doc>
<status status="PASS" start="2024-06-05T17:13:20.879892" elapsed="0.000435"/>
</kw>
<status status="PASS" start="2024-06-05T17:13:20.878871" elapsed="0.001854"/>
</kw>
<status status="PASS" start="2024-06-05T17:13:20.878278" elapsed="0.002644"/>
</test>
<test id="s1-s1-t2" name="Validar retorno 200 e JSON Válido" line="16">
<kw name="Teste de Requisicao Basica" owner="random-user-service">
<kw name="GET On Session" owner="RequestsLibrary">
<msg time="2024-06-05T17:13:21.253676" level="INFO">GET Request : url=https://randomuser.me/api 
 path_url=/api 
 headers={'User-Agent': 'python-requests/2.32.3', 'Accept-Encoding': 'gzip, deflate', 'Accept': '*/*', 'Connection': 'keep-alive'} 
 body=None 
 </msg>
<msg time="2024-06-05T17:13:21.253854" level="INFO">GET Response : url=https://randomuser.me/api 
 status=200, reason=OK 
 headers={'Date': 'Wed, 05 Jun 2024 17:13:21 GMT', 'Content-Type': 'application/json; charset=utf-8', 'Transfer-Encoding': 'chunked', 'Connection': 'keep-alive', 'X-Powered-By': 'Express', 'Access-Control-Allow-Origin': '*', 'Cache-Control': 'no-cache', 'ETag': 'W/"48f-9PmQva6l7l5/dxRyJ1TjOILKBR4"', 'Vary': 'Accept-Encoding', 'Content-Encoding': 'gzip', 'CF-Cache-Status': 'DYNAMIC', 'Report-To': '{"endpoints":[{"url":"https:\\/\\/a.nel.cloudflare.com\\/report\\/v4?s=3CJgVdMI%2BPjzYckWP1W5KZmGmfEuH8L2qZLbRXNMHymppRVXFHZLamiWPg%2BkIqtZIOJSAuj6CxUEgRapLKTfsBLxzXQ3zStkcM7qcThdcmEbNz4x4Wgcn42k1leprZ8n"}],"group":"cf-nel","max_age":604800}', 'NEL': '{"success_fraction":0,"report_to":"cf-nel","max_age":604800}', 'Server': 'cloudflare', 'CF-RAY': '88f1caf1bca0d009-SJC', 'alt-svc': 'h3=":443"; ma=86400'} 
 body={"results":[{"gender":"male","name":{"title":"Mr","first":"Malthe","last":"Mortensen"},"location":{"street":{"number":7122,"name":"Vestervej"},"city":"Skaerbaek","state":"Midtjylland","country":"Denmark","postcode":25098,"coordinates":{"latitude":"-39.9576","longitude":"-44.9158"},"timezone":{"offset":"0:00","description":"Western Europe Time, London, Lisbon, Casablanca"}},"email":"malthe.mortensen@example.com","login":{"uuid":"887bec52-369d-4ae4-85ba-ada1740fac52","username":"sadmouse678","password":"eight","salt":"lxMYO5sa","md5":"5d05bbeb1b6635db93aea59e26bf8e2a","sha1":"c1d7d603e59adbc7604495244b4741af5263e2f2","sha256":"871a5b6d4e167ef0a5e4830136d24e978710fd7c5dc017b56daa7944f4934bf1"},"dob":{"date":"1993-11-17T11:59:10.532Z","age":30},"registered":{"date":"2015-04-13T20:39:17.196Z","age":9},"phone":"42096731","cell":"41171126","id":{"name":"CPR","value":"171193-9034"},"picture":{"large":"https://randomuser.me/api/portraits/men/7.jpg","medium":"https://randomuser.me/api/portraits/med/men/7.jpg","thumbnail":"https://randomuser.me/api/portraits/thumb/men/7.jpg"},"nat":"DK"}],"info":{"seed":"9d006dcce5a00abd","results":1,"page":1,"version":"1.4"}} 
 </msg>
<msg time="2024-06-05T17:13:21.253942" level="INFO">/opt/hostedtoolcache/Python/3.12.3/x64/lib/python3.12/site-packages/urllib3/connectionpool.py:1103: InsecureRequestWarning: Unverified HTTPS request is being made to host 'randomuser.me'. Adding certificate verification is strongly advised. See: https://urllib3.readthedocs.io/en/latest/advanced-usage.html#tls-warnings
  warnings.warn(</msg>
<msg time="2024-06-05T17:13:21.254084" level="INFO">${response} = &lt;Response [200]&gt;</msg>
<var>${response}</var>
<arg>consultarAPI</arg>
<arg>/api</arg>
<doc>Sends a GET request on a previously created HTTP Session.</doc>
<status status="PASS" start="2024-06-05T17:13:20.883590" elapsed="0.370536"/>
</kw>
<kw name="Should Be Equal As Numbers" owner="BuiltIn">
<msg time="2024-06-05T17:13:21.255327" level="INFO">Argument types are:
&lt;class 'int'&gt;
&lt;class 'str'&gt;</msg>
<arg>${response.status_code}</arg>
<arg>200</arg>
<doc>Fails if objects are unequal after converting them to real numbers.</doc>
<status status="PASS" start="2024-06-05T17:13:21.254798" elapsed="0.000596"/>
</kw>
<kw name="Log" owner="BuiltIn">
<msg time="2024-06-05T17:13:21.256099" level="INFO">200</msg>
<arg>${response.status_code}</arg>
<doc>Logs the given message with the given level.</doc>
<status status="PASS" start="2024-06-05T17:13:21.255745" elapsed="0.000401"/>
</kw>
<kw name="Set Variable" owner="BuiltIn">
<msg time="2024-06-05T17:13:21.256891" level="INFO">${json_data} = {'results': [{'gender': 'male', 'name': {'title': 'Mr', 'first': 'Malthe', 'last': 'Mortensen'}, 'location': {'street': {'number': 7122, 'name': 'Vestervej'}, 'city': 'Skaerbaek', 'state': 'Midtjyllan...</msg>
<var>${json_data}</var>
<arg>${response.json()}</arg>
<doc>Returns the given values which can then be assigned to a variables.</doc>
<status status="PASS" start="2024-06-05T17:13:21.256461" elapsed="0.000459"/>
</kw>
<kw name="Dictionary Should Contain Key" owner="Collections">
<msg time="2024-06-05T17:13:21.257428" level="INFO">False</msg>
<arg>${json_data}</arg>
<arg>results</arg>
<doc>Fails if ``key`` is not found from ``dictionary``.</doc>
<status status="PASS" start="2024-06-05T17:13:21.257221" elapsed="0.000246"/>
</kw>
<status status="PASS" start="2024-06-05T17:13:20.883336" elapsed="0.374391"/>
</kw>
<doc>Testa se a API responde corretamente e retorna um objeto JSON válido.</doc>
<tag>testeRequisicaoBasica</tag>
<status status="PASS" start="2024-06-05T17:13:20.882841" elapsed="0.375074"/>
</test>
<test id="s1-s1-t3" name="Validar estrutura de resposta" line="22">
<kw name="Teste de Estrutura de Resposta" owner="random-user-service">
<kw name="GET On Session" owner="RequestsLibrary">
<msg time="2024-06-05T17:13:21.376995" level="INFO">GET Request : url=https://randomuser.me/api 
 path_url=/api 
 headers={'User-Agent': 'python-requests/2.32.3', 'Accept-Encoding': 'gzip, deflate', 'Accept': '*/*', 'Connection': 'keep-alive'} 
 body=None 
 </msg>
<msg time="2024-06-05T17:13:21.377114" level="INFO">GET Response : url=https://randomuser.me/api 
 status=200, reason=OK 
 headers={'Date': 'Wed, 05 Jun 2024 17:13:21 GMT', 'Content-Type': 'application/json; charset=utf-8', 'Transfer-Encoding': 'chunked', 'Connection': 'keep-alive', 'X-Powered-By': 'Express', 'Access-Control-Allow-Origin': '*', 'Cache-Control': 'no-cache', 'ETag': 'W/"4a6-4vgnBOwUQpH+ZSTukywVw1y6p0c"', 'Vary': 'Accept-Encoding', 'Content-Encoding': 'gzip', 'CF-Cache-Status': 'DYNAMIC', 'Report-To': '{"endpoints":[{"url":"https:\\/\\/a.nel.cloudflare.com\\/report\\/v4?s=J8HXFOcWdYZ9g6QwaqURIqJ4BvX64dKnC%2BZkt0Y8CSNI4Vs9yfAsiymwlvsDMEeSeJaka50Uq81rp1e%2FdKqXmmsQZrdXl51E5lDPWoPa1tPsKET5kqjCW3OxovDIfppz"}],"group":"cf-nel","max_age":604800}', 'NEL': '{"success_fraction":0,"report_to":"cf-nel","max_age":604800}', 'Server': 'cloudflare', 'CF-RAY': '88f1caf3ee88d009-SJC', 'alt-svc': 'h3=":443"; ma=86400'} 
 body={"results":[{"gender":"female","name":{"title":"Ms","first":"Nelly","last":"Hernádez"},"location":{"street":{"number":2603,"name":"Avenida Hidalgo"},"city":"Los Robles","state":"Nuevo Leon","country":"Mexico","postcode":34220,"coordinates":{"latitude":"29.3454","longitude":"80.1081"},"timezone":{"offset":"+10:00","description":"Eastern Australia, Guam, Vladivostok"}},"email":"nelly.hernadez@example.com","login":{"uuid":"c6be4179-47ef-4ec2-9edf-0d99b832be67","username":"yellowbird846","password":"squeeze","salt":"C503WjK6","md5":"468b6565f097018ea980d19d527b3510","sha1":"920a0f55dcec292c6f5690284ddf4ae523474cf0","sha256":"45d18aed11497f6e2485842fc38aa689557930d5403f38250180bdf37dbf4580"},"dob":{"date":"1979-07-17T11:09:36.660Z","age":44},"registered":{"date":"2013-08-14T11:42:16.190Z","age":10},"phone":"(651) 179 4443","cell":"(672) 183 5464","id":{"name":"NSS","value":"96 34 48 9864 6"},"picture":{"large":"https://randomuser.me/api/portraits/women/67.jpg","medium":"https://randomuser.me/api/portraits/med/women/67.jpg","thumbnail":"https://randomuser.me/api/portraits/thumb/women/67.jpg"},"nat":"MX"}],"info":{"seed":"5ccf3c88058bc1e2","results":1,"page":1,"version":"1.4"}} 
 </msg>
<msg time="2024-06-05T17:13:21.377253" level="INFO">/opt/hostedtoolcache/Python/3.12.3/x64/lib/python3.12/site-packages/urllib3/connectionpool.py:1103: InsecureRequestWarning: Unverified HTTPS request is being made to host 'randomuser.me'. Adding certificate verification is strongly advised. See: https://urllib3.readthedocs.io/en/latest/advanced-usage.html#tls-warnings
  warnings.warn(</msg>
<msg time="2024-06-05T17:13:21.377453" level="INFO">${response} = &lt;Response [200]&gt;</msg>
<var>${response}</var>
<arg>consultarAPI</arg>
<arg>/api</arg>
<doc>Sends a GET request on a previously created HTTP Session.</doc>
<status status="PASS" start="2024-06-05T17:13:21.260801" elapsed="0.116696"/>
</kw>
<kw name="Set Variable" owner="BuiltIn">
<msg time="2024-06-05T17:13:21.378551" level="INFO">${json_data} = {'results': [{'gender': 'female', 'name': {'title': 'Ms', 'first': 'Nelly', 'last': 'Hernádez'}, 'location': {'street': {'number': 2603, 'name': 'Avenida Hidalgo'}, 'city': 'Los Robles', 'state': 'Nue...</msg>
<var>${json_data}</var>
<arg>${response.json()}</arg>
<doc>Returns the given values which can then be assigned to a variables.</doc>
<status status="PASS" start="2024-06-05T17:13:21.378010" elapsed="0.000571"/>
</kw>
<kw name="Log" owner="BuiltIn">
<msg time="2024-06-05T17:13:21.379049" level="INFO">{'results': [{'gender': 'female', 'name': {'title': 'Ms', 'first': 'Nelly', 'last': 'Hernádez'}, 'location': {'street': {'number': 2603, 'name': 'Avenida Hidalgo'}, 'city': 'Los Robles', 'state': 'Nuevo Leon', 'country': 'Mexico', 'postcode': 34220, 'coordinates': {'latitude': '29.3454', 'longitude': '80.1081'}, 'timezone': {'offset': '+10:00', 'description': 'Eastern Australia, Guam, Vladivostok'}}, 'email': 'nelly.hernadez@example.com', 'login': {'uuid': 'c6be4179-47ef-4ec2-9edf-0d99b832be67', 'username': 'yellowbird846', 'password': 'squeeze', 'salt': 'C503WjK6', 'md5': '468b6565f097018ea980d19d527b3510', 'sha1': '920a0f55dcec292c6f5690284ddf4ae523474cf0', 'sha256': '45d18aed11497f6e2485842fc38aa689557930d5403f38250180bdf37dbf4580'}, 'dob': {'date': '1979-07-17T11:09:36.660Z', 'age': 44}, 'registered': {'date': '2013-08-14T11:42:16.190Z', 'age': 10}, 'phone': '(651) 179 4443', 'cell': '(672) 183 5464', 'id': {'name': 'NSS', 'value': '96 34 48 9864 6'}, 'picture': {'large': 'https://randomuser.me/api/portraits/women/67.jpg', 'medium': 'https://randomuser.me/api/portraits/med/women/67.jpg', 'thumbnail': 'https://randomuser.me/api/portraits/thumb/women/67.jpg'}, 'nat': 'MX'}], 'info': {'seed': '5ccf3c88058bc1e2', 'results': 1, 'page': 1, 'version': '1.4'}}</msg>
<arg>${json_data}</arg>
<doc>Logs the given message with the given level.</doc>
<status status="PASS" start="2024-06-05T17:13:21.378889" elapsed="0.000214"/>
</kw>
<kw name="Dictionary Should Contain Key" owner="Collections">
<msg time="2024-06-05T17:13:21.379559" level="INFO">False</msg>
<arg>${json_data}</arg>
<arg>results</arg>
<doc>Fails if ``key`` is not found from ``dictionary``.</doc>
<status status="PASS" start="2024-06-05T17:13:21.379402" elapsed="0.000195"/>
</kw>
<kw name="Should Not Be Empty" owner="BuiltIn">
<msg time="2024-06-05T17:13:21.380028" level="INFO">Length is 2.</msg>
<arg>${json_data}</arg>
<doc>Verifies that the given item is not empty.</doc>
<status status="PASS" start="2024-06-05T17:13:21.379890" elapsed="0.000176"/>
</kw>
<kw name="Create List" owner="BuiltIn">
<msg time="2024-06-05T17:13:21.380678" level="INFO">${expected_keys} = ['gender', 'name', 'location', 'email', 'login']</msg>
<var>${expected_keys}</var>
<arg>gender</arg>
<arg>name</arg>
<arg>location</arg>
<arg>email</arg>
<arg>login</arg>
<doc>Returns a list containing given items.</doc>
<status status="PASS" start="2024-06-05T17:13:21.380358" elapsed="0.000346"/>
</kw>
<for flavor="IN">
<iter>
<kw name="Dictionary Should Contain Key" owner="Collections">
<msg time="2024-06-05T17:13:21.381747" level="INFO">False</msg>
<arg>${json_data['results'][0]}</arg>
<arg>${key}</arg>
<doc>Fails if ``key`` is not found from ``dictionary``.</doc>
<status status="PASS" start="2024-06-05T17:13:21.381327" elapsed="0.000458"/>
</kw>
<kw name="Log" owner="BuiltIn">
<msg time="2024-06-05T17:13:21.382454" level="INFO">{'gender': 'female', 'name': {'title': 'Ms', 'first': 'Nelly', 'last': 'Hernádez'}, 'location': {'street': {'number': 2603, 'name': 'Avenida Hidalgo'}, 'city': 'Los Robles', 'state': 'Nuevo Leon', 'country': 'Mexico', 'postcode': 34220, 'coordinates': {'latitude': '29.3454', 'longitude': '80.1081'}, 'timezone': {'offset': '+10:00', 'description': 'Eastern Australia, Guam, Vladivostok'}}, 'email': 'nelly.hernadez@example.com', 'login': {'uuid': 'c6be4179-47ef-4ec2-9edf-0d99b832be67', 'username': 'yellowbird846', 'password': 'squeeze', 'salt': 'C503WjK6', 'md5': '468b6565f097018ea980d19d527b3510', 'sha1': '920a0f55dcec292c6f5690284ddf4ae523474cf0', 'sha256': '45d18aed11497f6e2485842fc38aa689557930d5403f38250180bdf37dbf4580'}, 'dob': {'date': '1979-07-17T11:09:36.660Z', 'age': 44}, 'registered': {'date': '2013-08-14T11:42:16.190Z', 'age': 10}, 'phone': '(651) 179 4443', 'cell': '(672) 183 5464', 'id': {'name': 'NSS', 'value': '96 34 48 9864 6'}, 'picture': {'large': 'https://randomuser.me/api/portraits/women/67.jpg', 'medium': 'https://randomuser.me/api/portraits/med/women/67.jpg', 'thumbnail': 'https://randomuser.me/api/portraits/thumb/women/67.jpg'}, 'nat': 'MX'}</msg>
<arg>${json_data['results'][0]}</arg>
<doc>Logs the given message with the given level.</doc>
<status status="PASS" start="2024-06-05T17:13:21.382087" elapsed="0.000421"/>
</kw>
<kw name="Log" owner="BuiltIn">
<msg time="2024-06-05T17:13:21.382945" level="INFO">gender</msg>
<arg>${key}</arg>
<doc>Logs the given message with the given level.</doc>
<status status="PASS" start="2024-06-05T17:13:21.382810" elapsed="0.000172"/>
</kw>
<var name="${key}">gender</var>
<status status="PASS" start="2024-06-05T17:13:21.381169" elapsed="0.002032"/>
</iter>
<iter>
<kw name="Dictionary Should Contain Key" owner="Collections">
<msg time="2024-06-05T17:13:21.383892" level="INFO">False</msg>
<arg>${json_data['results'][0]}</arg>
<arg>${key}</arg>
<doc>Fails if ``key`` is not found from ``dictionary``.</doc>
<status status="PASS" start="2024-06-05T17:13:21.383505" elapsed="0.000424"/>
</kw>
<kw name="Log" owner="BuiltIn">
<msg time="2024-06-05T17:13:21.384612" level="INFO">{'gender': 'female', 'name': {'title': 'Ms', 'first': 'Nelly', 'last': 'Hernádez'}, 'location': {'street': {'number': 2603, 'name': 'Avenida Hidalgo'}, 'city': 'Los Robles', 'state': 'Nuevo Leon', 'country': 'Mexico', 'postcode': 34220, 'coordinates': {'latitude': '29.3454', 'longitude': '80.1081'}, 'timezone': {'offset': '+10:00', 'description': 'Eastern Australia, Guam, Vladivostok'}}, 'email': 'nelly.hernadez@example.com', 'login': {'uuid': 'c6be4179-47ef-4ec2-9edf-0d99b832be67', 'username': 'yellowbird846', 'password': 'squeeze', 'salt': 'C503WjK6', 'md5': '468b6565f097018ea980d19d527b3510', 'sha1': '920a0f55dcec292c6f5690284ddf4ae523474cf0', 'sha256': '45d18aed11497f6e2485842fc38aa689557930d5403f38250180bdf37dbf4580'}, 'dob': {'date': '1979-07-17T11:09:36.660Z', 'age': 44}, 'registered': {'date': '2013-08-14T11:42:16.190Z', 'age': 10}, 'phone': '(651) 179 4443', 'cell': '(672) 183 5464', 'id': {'name': 'NSS', 'value': '96 34 48 9864 6'}, 'picture': {'large': 'https://randomuser.me/api/portraits/women/67.jpg', 'medium': 'https://randomuser.me/api/portraits/med/women/67.jpg', 'thumbnail': 'https://randomuser.me/api/portraits/thumb/women/67.jpg'}, 'nat': 'MX'}</msg>
<arg>${json_data['results'][0]}</arg>
<doc>Logs the given message with the given level.</doc>
<status status="PASS" start="2024-06-05T17:13:21.384253" elapsed="0.000410"/>
</kw>
<kw name="Log" owner="BuiltIn">
<msg time="2024-06-05T17:13:21.385088" level="INFO">name</msg>
<arg>${key}</arg>
<doc>Logs the given message with the given level.</doc>
<status status="PASS" start="2024-06-05T17:13:21.384963" elapsed="0.000162"/>
</kw>
<var name="${key}">name</var>
<status status="PASS" start="2024-06-05T17:13:21.383389" elapsed="0.001981"/>
</iter>
<iter>
<kw name="Dictionary Should Contain Key" owner="Collections">
<msg time="2024-06-05T17:13:21.386042" level="INFO">False</msg>
<arg>${json_data['results'][0]}</arg>
<arg>${key}</arg>
<doc>Fails if ``key`` is not found from ``dictionary``.</doc>
<status status="PASS" start="2024-06-05T17:13:21.385666" elapsed="0.000413"/>
</kw>
<kw name="Log" owner="BuiltIn">
<msg time="2024-06-05T17:13:21.386737" level="INFO">{'gender': 'female', 'name': {'title': 'Ms', 'first': 'Nelly', 'last': 'Hernádez'}, 'location': {'street': {'number': 2603, 'name': 'Avenida Hidalgo'}, 'city': 'Los Robles', 'state': 'Nuevo Leon', 'country': 'Mexico', 'postcode': 34220, 'coordinates': {'latitude': '29.3454', 'longitude': '80.1081'}, 'timezone': {'offset': '+10:00', 'description': 'Eastern Australia, Guam, Vladivostok'}}, 'email': 'nelly.hernadez@example.com', 'login': {'uuid': 'c6be4179-47ef-4ec2-9edf-0d99b832be67', 'username': 'yellowbird846', 'password': 'squeeze', 'salt': 'C503WjK6', 'md5': '468b6565f097018ea980d19d527b3510', 'sha1': '920a0f55dcec292c6f5690284ddf4ae523474cf0', 'sha256': '45d18aed11497f6e2485842fc38aa689557930d5403f38250180bdf37dbf4580'}, 'dob': {'date': '1979-07-17T11:09:36.660Z', 'age': 44}, 'registered': {'date': '2013-08-14T11:42:16.190Z', 'age': 10}, 'phone': '(651) 179 4443', 'cell': '(672) 183 5464', 'id': {'name': 'NSS', 'value': '96 34 48 9864 6'}, 'picture': {'large': 'https://randomuser.me/api/portraits/women/67.jpg', 'medium': 'https://randomuser.me/api/portraits/med/women/67.jpg', 'thumbnail': 'https://randomuser.me/api/portraits/thumb/women/67.jpg'}, 'nat': 'MX'}</msg>
<arg>${json_data['results'][0]}</arg>
<doc>Logs the given message with the given level.</doc>
<status status="PASS" start="2024-06-05T17:13:21.386376" elapsed="0.000410"/>
</kw>
<kw name="Log" owner="BuiltIn">
<msg time="2024-06-05T17:13:21.387212" level="INFO">location</msg>
<arg>${key}</arg>
<doc>Logs the given message with the given level.</doc>
<status status="PASS" start="2024-06-05T17:13:21.387088" elapsed="0.000160"/>
</kw>
<var name="${key}">location</var>
<status status="PASS" start="2024-06-05T17:13:21.385552" elapsed="0.001910"/>
</iter>
<iter>
<kw name="Dictionary Should Contain Key" owner="Collections">
<msg time="2024-06-05T17:13:21.388123" level="INFO">False</msg>
<arg>${json_data['results'][0]}</arg>
<arg>${key}</arg>
<doc>Fails if ``key`` is not found from ``dictionary``.</doc>
<status status="PASS" start="2024-06-05T17:13:21.387747" elapsed="0.000413"/>
</kw>
<kw name="Log" owner="BuiltIn">
<msg time="2024-06-05T17:13:21.388811" level="INFO">{'gender': 'female', 'name': {'title': 'Ms', 'first': 'Nelly', 'last': 'Hernádez'}, 'location': {'street': {'number': 2603, 'name': 'Avenida Hidalgo'}, 'city': 'Los Robles', 'state': 'Nuevo Leon', 'country': 'Mexico', 'postcode': 34220, 'coordinates': {'latitude': '29.3454', 'longitude': '80.1081'}, 'timezone': {'offset': '+10:00', 'description': 'Eastern Australia, Guam, Vladivostok'}}, 'email': 'nelly.hernadez@example.com', 'login': {'uuid': 'c6be4179-47ef-4ec2-9edf-0d99b832be67', 'username': 'yellowbird846', 'password': 'squeeze', 'salt': 'C503WjK6', 'md5': '468b6565f097018ea980d19d527b3510', 'sha1': '920a0f55dcec292c6f5690284ddf4ae523474cf0', 'sha256': '45d18aed11497f6e2485842fc38aa689557930d5403f38250180bdf37dbf4580'}, 'dob': {'date': '1979-07-17T11:09:36.660Z', 'age': 44}, 'registered': {'date': '2013-08-14T11:42:16.190Z', 'age': 10}, 'phone': '(651) 179 4443', 'cell': '(672) 183 5464', 'id': {'name': 'NSS', 'value': '96 34 48 9864 6'}, 'picture': {'large': 'https://randomuser.me/api/portraits/women/67.jpg', 'medium': 'https://randomuser.me/api/portraits/med/women/67.jpg', 'thumbnail': 'https://randomuser.me/api/portraits/thumb/women/67.jpg'}, 'nat': 'MX'}</msg>
<arg>${json_data['results'][0]}</arg>
<doc>Logs the given message with the given level.</doc>
<status status="PASS" start="2024-06-05T17:13:21.388453" elapsed="0.000408"/>
</kw>
<kw name="Log" owner="BuiltIn">
<msg time="2024-06-05T17:13:21.389303" level="INFO">email</msg>
<arg>${key}</arg>
<doc>Logs the given message with the given level.</doc>
<status status="PASS" start="2024-06-05T17:13:21.389155" elapsed="0.000188"/>
</kw>
<var name="${key}">email</var>
<status status="PASS" start="2024-06-05T17:13:21.387631" elapsed="0.001944"/>
</iter>
<iter>
<kw name="Dictionary Should Contain Key" owner="Collections">
<msg time="2024-06-05T17:13:21.390250" level="INFO">False</msg>
<arg>${json_data['results'][0]}</arg>
<arg>${key}</arg>
<doc>Fails if ``key`` is not found from ``dictionary``.</doc>
<status status="PASS" start="2024-06-05T17:13:21.389855" elapsed="0.000433"/>
</kw>
<kw name="Log" owner="BuiltIn">
<msg time="2024-06-05T17:13:21.390950" level="INFO">{'gender': 'female', 'name': {'title': 'Ms', 'first': 'Nelly', 'last': 'Hernádez'}, 'location': {'street': {'number': 2603, 'name': 'Avenida Hidalgo'}, 'city': 'Los Robles', 'state': 'Nuevo Leon', 'country': 'Mexico', 'postcode': 34220, 'coordinates': {'latitude': '29.3454', 'longitude': '80.1081'}, 'timezone': {'offset': '+10:00', 'description': 'Eastern Australia, Guam, Vladivostok'}}, 'email': 'nelly.hernadez@example.com', 'login': {'uuid': 'c6be4179-47ef-4ec2-9edf-0d99b832be67', 'username': 'yellowbird846', 'password': 'squeeze', 'salt': 'C503WjK6', 'md5': '468b6565f097018ea980d19d527b3510', 'sha1': '920a0f55dcec292c6f5690284ddf4ae523474cf0', 'sha256': '45d18aed11497f6e2485842fc38aa689557930d5403f38250180bdf37dbf4580'}, 'dob': {'date': '1979-07-17T11:09:36.660Z', 'age': 44}, 'registered': {'date': '2013-08-14T11:42:16.190Z', 'age': 10}, 'phone': '(651) 179 4443', 'cell': '(672) 183 5464', 'id': {'name': 'NSS', 'value': '96 34 48 9864 6'}, 'picture': {'large': 'https://randomuser.me/api/portraits/women/67.jpg', 'medium': 'https://randomuser.me/api/portraits/med/women/67.jpg', 'thumbnail': 'https://randomuser.me/api/portraits/thumb/women/67.jpg'}, 'nat': 'MX'}</msg>
<arg>${json_data['results'][0]}</arg>
<doc>Logs the given message with the given level.</doc>
<status status="PASS" start="2024-06-05T17:13:21.390586" elapsed="0.000416"/>
</kw>
<kw name="Log" owner="BuiltIn">
<msg time="2024-06-05T17:13:21.391419" level="INFO">login</msg>
<arg>${key}</arg>
<doc>Logs the given message with the given level.</doc>
<status status="PASS" start="2024-06-05T17:13:21.391295" elapsed="0.000193"/>
</kw>
<var name="${key}">login</var>
<status status="PASS" start="2024-06-05T17:13:21.389744" elapsed="0.001967"/>
</iter>
<var>${key}</var>
<value>@{expected_keys}</value>
<status status="PASS" start="2024-06-05T17:13:21.380969" elapsed="0.010865"/>
</for>
<kw name="Create List" owner="BuiltIn">
<msg time="2024-06-05T17:13:21.392170" level="INFO">${expected_keysTwo} = ['username', 'password']</msg>
<var>${expected_keysTwo}</var>
<arg>username</arg>
<arg>password</arg>
<doc>Returns a list containing given items.</doc>
<status status="PASS" start="2024-06-05T17:13:21.392029" elapsed="0.000165"/>
</kw>
<for flavor="IN">
<iter>
<kw name="Dictionary Should Contain Key" owner="Collections">
<msg time="2024-06-05T17:13:21.393077" level="INFO">False</msg>
<arg>${json_data['results'][0]['login']}</arg>
<arg>${keyTwo}</arg>
<doc>Fails if ``key`` is not found from ``dictionary``.</doc>
<status status="PASS" start="2024-06-05T17:13:21.392697" elapsed="0.000416"/>
</kw>
<kw name="Dictionary Should Contain Key" owner="Collections">
<msg time="2024-06-05T17:13:21.393829" level="INFO">False</msg>
<arg>${json_data['results'][0]['login']}</arg>
<arg>${keyTwo}</arg>
<doc>Fails if ``key`` is not found from ``dictionary``.</doc>
<status status="PASS" start="2024-06-05T17:13:21.393442" elapsed="0.000425"/>
</kw>
<kw name="Log" owner="BuiltIn">
<msg time="2024-06-05T17:13:21.394286" level="INFO">username</msg>
<arg>${keyTwo}</arg>
<doc>Logs the given message with the given level.</doc>
<status status="PASS" start="2024-06-05T17:13:21.394160" elapsed="0.000163"/>
</kw>
<var name="${keyTwo}">username</var>
<status status="PASS" start="2024-06-05T17:13:21.392585" elapsed="0.001952"/>
</iter>
<iter>
<kw name="Dictionary Should Contain Key" owner="Collections">
<msg time="2024-06-05T17:13:21.395206" level="INFO">False</msg>
<arg>${json_data['results'][0]['login']}</arg>
<arg>${keyTwo}</arg>
<doc>Fails if ``key`` is not found from ``dictionary``.</doc>
<status status="PASS" start="2024-06-05T17:13:21.394826" elapsed="0.000418"/>
</kw>
<kw name="Dictionary Should Contain Key" owner="Collections">
<msg time="2024-06-05T17:13:21.396004" level="INFO">False</msg>
<arg>${json_data['results'][0]['login']}</arg>
<arg>${keyTwo}</arg>
<doc>Fails if ``key`` is not found from ``dictionary``.</doc>
<status status="PASS" start="2024-06-05T17:13:21.395537" elapsed="0.000507"/>
</kw>
<kw name="Log" owner="BuiltIn">
<msg time="2024-06-05T17:13:21.396471" level="INFO">password</msg>
<arg>${keyTwo}</arg>
<doc>Logs the given message with the given level.</doc>
<status status="PASS" start="2024-06-05T17:13:21.396344" elapsed="0.000171"/>
</kw>
<var name="${keyTwo}">password</var>
<status status="PASS" start="2024-06-05T17:13:21.394707" elapsed="0.002024"/>
</iter>
<var>${keyTwo}</var>
<value>@{expected_keysTwo}</value>
<status status="PASS" start="2024-06-05T17:13:21.392432" elapsed="0.004421"/>
</for>
<status status="PASS" start="2024-06-05T17:13:21.260422" elapsed="0.136572"/>
</kw>
<doc>Testa a estrutura da resposta da API.</doc>
<tag>testeEstruturaResposta</tag>
<status status="PASS" start="2024-06-05T17:13:21.259751" elapsed="0.137407"/>
</test>
<test id="s1-s1-t4" name="Validar tipos de dados" line="28">
<kw name="Teste de Tipos de Dados" owner="random-user-service">
<kw name="GET On Session" owner="RequestsLibrary">
<msg time="2024-06-05T17:13:21.521913" level="INFO">GET Request : url=https://randomuser.me/api 
 path_url=/api 
 headers={'User-Agent': 'python-requests/2.32.3', 'Accept-Encoding': 'gzip, deflate', 'Accept': '*/*', 'Connection': 'keep-alive'} 
 body=None 
 </msg>
<msg time="2024-06-05T17:13:21.522021" level="INFO">GET Response : url=https://randomuser.me/api 
 status=200, reason=OK 
 headers={'Date': 'Wed, 05 Jun 2024 17:13:21 GMT', 'Content-Type': 'application/json; charset=utf-8', 'Transfer-Encoding': 'chunked', 'Connection': 'keep-alive', 'X-Powered-By': 'Express', 'Access-Control-Allow-Origin': '*', 'Cache-Control': 'no-cache', 'ETag': 'W/"489-X4RfJYY6pAF8bYMeVprYonGGENU"', 'Vary': 'Accept-Encoding', 'Content-Encoding': 'gzip', 'CF-Cache-Status': 'DYNAMIC', 'Report-To': '{"endpoints":[{"url":"https:\\/\\/a.nel.cloudflare.com\\/report\\/v4?s=5paYxqN3ChuLXfrMZAsolRoOV7SpogQLAXNrUAbVKp%2F2sZZb3SJP2uFieo7r11AnYTWsJrZ1lwNmhQe5sENeMm4Gb%2FgoG0yPn19CDOO81jaE%2B6rx9Ss0KZKyrBa0G%2B2R"}],"group":"cf-nel","max_age":604800}', 'NEL': '{"success_fraction":0,"report_to":"cf-nel","max_age":604800}', 'Server': 'cloudflare', 'CF-RAY': '88f1caf4cf1cd009-SJC', 'alt-svc': 'h3=":443"; ma=86400'} 
 body={"results":[{"gender":"female","name":{"title":"Mrs","first":"Herma","last":"Rummel"},"location":{"street":{"number":6164,"name":"Im Winkel"},"city":"Xanten","state":"Bremen","country":"Germany","postcode":96000,"coordinates":{"latitude":"-54.2731","longitude":"155.4346"},"timezone":{"offset":"-8:00","description":"Pacific Time (US &amp; Canada)"}},"email":"herma.rummel@example.com","login":{"uuid":"6b7296f4-f9c2-4abf-9389-821a929a29d1","username":"organicleopard225","password":"llll","salt":"LVlPU0vo","md5":"2f4937dcba1c3fb787c361092fdd5737","sha1":"18f5ac778be753803f35456ab24076a940f4b5fe","sha256":"38c5aa79721ff7b1350dd655876fa354947fbc33a861c41ada85f57ea2c0eae0"},"dob":{"date":"1951-01-04T05:50:46.231Z","age":73},"registered":{"date":"2015-03-08T08:30:06.997Z","age":9},"phone":"0156-1680687","cell":"0170-6046595","id":{"name":"SVNR","value":"38 030151 R 591"},"picture":{"large":"https://randomuser.me/api/portraits/women/57.jpg","medium":"https://randomuser.me/api/portraits/med/women/57.jpg","thumbnail":"https://randomuser.me/api/portraits/thumb/women/57.jpg"},"nat":"DE"}],"info":{"seed":"d594d376e51fb472","results":1,"page":1,"version":"1.4"}} 
 </msg>
<msg time="2024-06-05T17:13:21.522103" level="INFO">/opt/hostedtoolcache/Python/3.12.3/x64/lib/python3.12/site-packages/urllib3/connectionpool.py:1103: InsecureRequestWarning: Unverified HTTPS request is being made to host 'randomuser.me'. Adding certificate verification is strongly advised. See: https://urllib3.readthedocs.io/en/latest/advanced-usage.html#tls-warnings
  warnings.warn(</msg>
<msg time="2024-06-05T17:13:21.522267" level="INFO">${response} = &lt;Response [200]&gt;</msg>
<var>${response}</var>
<arg>consultarAPI</arg>
<arg>/api</arg>
<doc>Sends a GET request on a previously created HTTP Session.</doc>
<status status="PASS" start="2024-06-05T17:13:21.399718" elapsed="0.122601"/>
</kw>
<kw name="Set Variable" owner="BuiltIn">
<msg time="2024-06-05T17:13:21.523400" level="INFO">${json_data} = {'results': [{'gender': 'female', 'name': {'title': 'Mrs', 'first': 'Herma', 'last': 'Rummel'}, 'location': {'street': {'number': 6164, 'name': 'Im Winkel'}, 'city': 'Xanten', 'state': 'Bremen', 'coun...</msg>
<var>${json_data}</var>
<arg>${response.json()}</arg>
<doc>Returns the given values which can then be assigned to a variables.</doc>
<status status="PASS" start="2024-06-05T17:13:21.522880" elapsed="0.000548"/>
</kw>
<kw name="Log" owner="BuiltIn">
<msg time="2024-06-05T17:13:21.523892" level="INFO">{'results': [{'gender': 'female', 'name': {'title': 'Mrs', 'first': 'Herma', 'last': 'Rummel'}, 'location': {'street': {'number': 6164, 'name': 'Im Winkel'}, 'city': 'Xanten', 'state': 'Bremen', 'country': 'Germany', 'postcode': 96000, 'coordinates': {'latitude': '-54.2731', 'longitude': '155.4346'}, 'timezone': {'offset': '-8:00', 'description': 'Pacific Time (US &amp; Canada)'}}, 'email': 'herma.rummel@example.com', 'login': {'uuid': '6b7296f4-f9c2-4abf-9389-821a929a29d1', 'username': 'organicleopard225', 'password': 'llll', 'salt': 'LVlPU0vo', 'md5': '2f4937dcba1c3fb787c361092fdd5737', 'sha1': '18f5ac778be753803f35456ab24076a940f4b5fe', 'sha256': '38c5aa79721ff7b1350dd655876fa354947fbc33a861c41ada85f57ea2c0eae0'}, 'dob': {'date': '1951-01-04T05:50:46.231Z', 'age': 73}, 'registered': {'date': '2015-03-08T08:30:06.997Z', 'age': 9}, 'phone': '0156-1680687', 'cell': '0170-6046595', 'id': {'name': 'SVNR', 'value': '38 030151 R 591'}, 'picture': {'large': 'https://randomuser.me/api/portraits/women/57.jpg', 'medium': 'https://randomuser.me/api/portraits/med/women/57.jpg', 'thumbnail': 'https://randomuser.me/api/portraits/thumb/women/57.jpg'}, 'nat': 'DE'}], 'info': {'seed': 'd594d376e51fb472', 'results': 1, 'page': 1, 'version': '1.4'}}</msg>
<arg>${json_data}</arg>
<doc>Logs the given message with the given level.</doc>
<status status="PASS" start="2024-06-05T17:13:21.523736" elapsed="0.000264"/>
</kw>
<kw name="Should Be String" owner="String">
<arg>${json_data['results'][0]['gender']}</arg>
<doc>Fails if the given ``item`` is not a string.</doc>
<status status="PASS" start="2024-06-05T17:13:21.524301" elapsed="0.000358"/>
</kw>
<kw name="Should Match Regexp" owner="BuiltIn">
<arg>${json_data['results'][0]['email']}</arg>
<arg>^[a-zA-Z0-9._%+-]+@[a-zA-Z0-9.-]+\.[a-zA-Z]{2,}$</arg>
<doc>Fails if ``string`` does not match ``pattern`` as a regular expression.</doc>
<status status="PASS" start="2024-06-05T17:13:21.524850" elapsed="0.000551"/>
</kw>
<kw name="Should Match Regexp" owner="BuiltIn">
<arg>${json_data['results'][0]['dob']['date']}</arg>
<arg>\\d{4}-\\d{2}-\\d{2}T\\d{2}:\\d{2}:\\d{2}\\.\\d{3}Z</arg>
<doc>Fails if ``string`` does not match ``pattern`` as a regular expression.</doc>
<status status="PASS" start="2024-06-05T17:13:21.525603" elapsed="0.000480"/>
</kw>
<kw name="Should Match Regexp" owner="BuiltIn">
<arg>${json_data['results'][0]['registered']['date']}</arg>
<arg>\\d{4}-\\d{2}-\\d{2}T\\d{2}:\\d{2}:\\d{2}\\.\\d{3}Z</arg>
<doc>Fails if ``string`` does not match ``pattern`` as a regular expression.</doc>
<status status="PASS" start="2024-06-05T17:13:21.526280" elapsed="0.000365"/>
</kw>
<kw name="Should Match Regexp" owner="BuiltIn">
<arg>${json_data['results'][0]['picture']['large']}</arg>
<arg>^https?://.*\.(?:png|jpe?g|gif|bmp)$</arg>
<doc>Fails if ``string`` does not match ``pattern`` as a regular expression.</doc>
<status status="PASS" start="2024-06-05T17:13:21.526834" elapsed="0.000474"/>
</kw>
<kw name="Should Match Regexp" owner="BuiltIn">
<arg>${json_data['results'][0]['picture']['medium']}</arg>
<arg>^https?://.*\.(?:png|jpe?g|gif|bmp)$</arg>
<doc>Fails if ``string`` does not match ``pattern`` as a regular expression.</doc>
<status status="PASS" start="2024-06-05T17:13:21.527499" elapsed="0.000346"/>
</kw>
<kw name="Should Match Regexp" owner="BuiltIn">
<arg>${json_data['results'][0]['picture']['thumbnail']}</arg>
<arg>^https?://.*\.(?:png|jpe?g|gif|bmp)$</arg>
<doc>Fails if ``string`` does not match ``pattern`` as a regular expression.</doc>
<status status="PASS" start="2024-06-05T17:13:21.528033" elapsed="0.000339"/>
</kw>
<kw name="Log" owner="BuiltIn">
<msg time="2024-06-05T17:13:21.528884" level="INFO">{'large': 'https://randomuser.me/api/portraits/women/57.jpg', 'medium': 'https://randomuser.me/api/portraits/med/women/57.jpg', 'thumbnail': 'https://randomuser.me/api/portraits/thumb/women/57.jpg'}</msg>
<arg>${json_data['results'][0]['picture']}</arg>
<doc>Logs the given message with the given level.</doc>
<status status="PASS" start="2024-06-05T17:13:21.528561" elapsed="0.000365"/>
</kw>
<status status="PASS" start="2024-06-05T17:13:21.399477" elapsed="0.129715"/>
</kw>
<kw name="Teste de Tipos de Dados - Postcode" owner="random-user-service">
<kw name="GET On Session" owner="RequestsLibrary">
<msg time="2024-06-05T17:13:21.649849" level="INFO">GET Request : url=https://randomuser.me/api 
 path_url=/api 
 headers={'User-Agent': 'python-requests/2.32.3', 'Accept-Encoding': 'gzip, deflate', 'Accept': '*/*', 'Connection': 'keep-alive'} 
 body=None 
 </msg>
<msg time="2024-06-05T17:13:21.649944" level="INFO">GET Response : url=https://randomuser.me/api 
 status=200, reason=OK 
 headers={'Date': 'Wed, 05 Jun 2024 17:13:21 GMT', 'Content-Type': 'application/json; charset=utf-8', 'Transfer-Encoding': 'chunked', 'Connection': 'keep-alive', 'X-Powered-By': 'Express', 'Access-Control-Allow-Origin': '*', 'Cache-Control': 'no-cache', 'ETag': 'W/"468-y7+ipbXPKljuNa9rctwXyhL7gOU"', 'Vary': 'Accept-Encoding', 'Content-Encoding': 'gzip', 'CF-Cache-Status': 'DYNAMIC', 'Report-To': '{"endpoints":[{"url":"https:\\/\\/a.nel.cloudflare.com\\/report\\/v4?s=r2CSEaryfVz0xOhGO12QoS42XsrP4SrNJRJFfPvDDAw9tQWAF5tYYODstxwoILwPkhDHcD%2BRxk%2FRv1bxIN5ot8LdsrXcvibnJv1SzX6arv9mf4PtPpRqyUVy6NNLWuZq"}],"group":"cf-nel","max_age":604800}', 'NEL': '{"success_fraction":0,"report_to":"cf-nel","max_age":604800}', 'Server': 'cloudflare', 'CF-RAY': '88f1caf59822d009-SJC', 'alt-svc': 'h3=":443"; ma=86400'} 
 body={"results":[{"gender":"male","name":{"title":"Mr","first":"Madhav","last":"Kumari"},"location":{"street":{"number":2952,"name":"Linking Rd"},"city":"Sri Ganganagar","state":"Assam","country":"India","postcode":86176,"coordinates":{"latitude":"12.8395","longitude":"-176.1617"},"timezone":{"offset":"+4:30","description":"Kabul"}},"email":"madhav.kumari@example.com","login":{"uuid":"97a47e1d-9012-42c6-bebb-8a95d945ef13","username":"sadpanda573","password":"total","salt":"MaehjVzC","md5":"226202b61c976a8e8ae3ddefa13fb6f2","sha1":"482306882dc223de68ac0ed55e5b8b2c9b958448","sha256":"aa9f0ef72bb9408deda9a09836bf9df9b6f6426c04338bba158011743606d4ba"},"dob":{"date":"1982-07-06T12:43:09.549Z","age":41},"registered":{"date":"2014-07-02T06:15:20.441Z","age":9},"phone":"9523991190","cell":"7634931660","id":{"name":"UIDAI","value":"936894375289"},"picture":{"large":"https://randomuser.me/api/portraits/men/32.jpg","medium":"https://randomuser.me/api/portraits/med/men/32.jpg","thumbnail":"https://randomuser.me/api/portraits/thumb/men/32.jpg"},"nat":"IN"}],"info":{"seed":"40380f6e06999221","results":1,"page":1,"version":"1.4"}} 
 </msg>
<msg time="2024-06-05T17:13:21.650012" level="INFO">/opt/hostedtoolcache/Python/3.12.3/x64/lib/python3.12/site-packages/urllib3/connectionpool.py:1103: InsecureRequestWarning: Unverified HTTPS request is being made to host 'randomuser.me'. Adding certificate verification is strongly advised. See: https://urllib3.readthedocs.io/en/latest/advanced-usage.html#tls-warnings
  warnings.warn(</msg>
<msg time="2024-06-05T17:13:21.650153" level="INFO">${response} = &lt;Response [200]&gt;</msg>
<var>${response}</var>
<arg>consultarAPI</arg>
<arg>/api</arg>
<doc>Sends a GET request on a previously created HTTP Session.</doc>
<status status="PASS" start="2024-06-05T17:13:21.529681" elapsed="0.120513"/>
</kw>
<kw name="Set Variable" owner="BuiltIn">
<msg time="2024-06-05T17:13:21.651257" level="INFO">${json_data} = {'results': [{'gender': 'male', 'name': {'title': 'Mr', 'first': 'Madhav', 'last': 'Kumari'}, 'location': {'street': {'number': 2952, 'name': 'Linking Rd'}, 'city': 'Sri Ganganagar', 'state': 'Assam',...</msg>
<var>${json_data}</var>
<arg>${response.json()}</arg>
<doc>Returns the given values which can then be assigned to a variables.</doc>
<status status="PASS" start="2024-06-05T17:13:21.650736" elapsed="0.000552"/>
</kw>
<kw name="Log" owner="BuiltIn">
<msg time="2024-06-05T17:13:21.651755" level="INFO">{'results': [{'gender': 'male', 'name': {'title': 'Mr', 'first': 'Madhav', 'last': 'Kumari'}, 'location': {'street': {'number': 2952, 'name': 'Linking Rd'}, 'city': 'Sri Ganganagar', 'state': 'Assam', 'country': 'India', 'postcode': 86176, 'coordinates': {'latitude': '12.8395', 'longitude': '-176.1617'}, 'timezone': {'offset': '+4:30', 'description': 'Kabul'}}, 'email': 'madhav.kumari@example.com', 'login': {'uuid': '97a47e1d-9012-42c6-bebb-8a95d945ef13', 'username': 'sadpanda573', 'password': 'total', 'salt': 'MaehjVzC', 'md5': '226202b61c976a8e8ae3ddefa13fb6f2', 'sha1': '482306882dc223de68ac0ed55e5b8b2c9b958448', 'sha256': 'aa9f0ef72bb9408deda9a09836bf9df9b6f6426c04338bba158011743606d4ba'}, 'dob': {'date': '1982-07-06T12:43:09.549Z', 'age': 41}, 'registered': {'date': '2014-07-02T06:15:20.441Z', 'age': 9}, 'phone': '9523991190', 'cell': '7634931660', 'id': {'name': 'UIDAI', 'value': '936894375289'}, 'picture': {'large': 'https://randomuser.me/api/portraits/men/32.jpg', 'medium': 'https://randomuser.me/api/portraits/med/men/32.jpg', 'thumbnail': 'https://randomuser.me/api/portraits/thumb/men/32.jpg'}, 'nat': 'IN'}], 'info': {'seed': '40380f6e06999221', 'results': 1, 'page': 1, 'version': '1.4'}}</msg>
<arg>${json_data}</arg>
<doc>Logs the given message with the given level.</doc>
<status status="PASS" start="2024-06-05T17:13:21.651599" elapsed="0.000252"/>
</kw>
<kw name="Should Be Equal As Numbers" owner="BuiltIn">
<arg>${json_data['results'][0]['location']['postcode']}</arg>
<arg>${json_data['results'][0]['location']['postcode']}</arg>
<doc>Fails if objects are unequal after converting them to real numbers.</doc>
<status status="PASS" start="2024-06-05T17:13:21.652153" elapsed="0.000797"/>
</kw>
<kw name="Log" owner="BuiltIn">
<msg time="2024-06-05T17:13:21.653515" level="INFO">86176</msg>
<arg>${json_data['results'][0]['location']['postcode']}</arg>
<doc>Logs the given message with the given level.</doc>
<status status="PASS" start="2024-06-05T17:13:21.653145" elapsed="0.000411"/>
</kw>
<status status="PASS" start="2024-06-05T17:13:21.529449" elapsed="0.124366"/>
</kw>
<doc>Testa se os tipos de dados na resposta da API estão corretos.</doc>
<tag>testeTiposDados</tag>
<status status="PASS" start="2024-06-05T17:13:21.398955" elapsed="0.255036"/>
</test>
<test id="s1-s1-t5" name="Validar conteudo" line="35">
<kw name="Teste de Tipos de Conteudo" owner="random-user-service">
<kw name="GET On Session" owner="RequestsLibrary">
<msg time="2024-06-05T17:13:21.777413" level="INFO">GET Request : url=https://randomuser.me/api 
 path_url=/api 
 headers={'User-Agent': 'python-requests/2.32.3', 'Accept-Encoding': 'gzip, deflate', 'Accept': '*/*', 'Connection': 'keep-alive'} 
 body=None 
 </msg>
<msg time="2024-06-05T17:13:21.777526" level="INFO">GET Response : url=https://randomuser.me/api 
 status=200, reason=OK 
 headers={'Date': 'Wed, 05 Jun 2024 17:13:21 GMT', 'Content-Type': 'application/json; charset=utf-8', 'Transfer-Encoding': 'chunked', 'Connection': 'keep-alive', 'X-Powered-By': 'Express', 'Access-Control-Allow-Origin': '*', 'Cache-Control': 'no-cache', 'ETag': 'W/"4b1-PrQJDUfdlJTtTCarXTqnM7pyu7c"', 'Vary': 'Accept-Encoding', 'Content-Encoding': 'gzip', 'CF-Cache-Status': 'DYNAMIC', 'Report-To': '{"endpoints":[{"url":"https:\\/\\/a.nel.cloudflare.com\\/report\\/v4?s=oeL79t1KehLQL33EIWt7ym9XXARmbisfDlx2DfyqnN%2FXoPbs8jWVRtKvl8Dpy7Y7Ked%2FGSQMEie6cqf%2FHCnB5qR%2BiZ8s3MpKtYdQqf1tG1lJjpHRnohoCScrKBumdzLA"}],"group":"cf-nel","max_age":604800}', 'NEL': '{"success_fraction":0,"report_to":"cf-nel","max_age":604800}', 'Server': 'cloudflare', 'CF-RAY': '88f1caf668e9d009-SJC', 'alt-svc': 'h3=":443"; ma=86400'} 
 body={"results":[{"gender":"female","name":{"title":"Mrs","first":"Tjitske","last":"Van der Eerden"},"location":{"street":{"number":350,"name":"Dokter Wallerstraat"},"city":"Smakt","state":"Friesland","country":"Netherlands","postcode":"3460 DJ","coordinates":{"latitude":"37.6431","longitude":"4.0711"},"timezone":{"offset":"+3:00","description":"Baghdad, Riyadh, Moscow, St. Petersburg"}},"email":"tjitske.vandereerden@example.com","login":{"uuid":"ec6806c2-51b4-46da-9d56-1b192d5ca55a","username":"happybird743","password":"everett","salt":"hSqyZQL1","md5":"6488298ff40080c5325da54eccf2156a","sha1":"3275903789c7ee3db4a4b86872c8437b4a2119ba","sha256":"a6230b8c9f8fd02de9d9f44e99b04b341fd5a6e8c17f2064ad091494a6b74a9a"},"dob":{"date":"1949-12-23T15:48:37.713Z","age":74},"registered":{"date":"2013-10-16T10:34:46.839Z","age":10},"phone":"(083) 7633647","cell":"(06) 72443512","id":{"name":"BSN","value":"56398146"},"picture":{"large":"https://randomuser.me/api/portraits/women/17.jpg","medium":"https://randomuser.me/api/portraits/med/women/17.jpg","thumbnail":"https://randomuser.me/api/portraits/thumb/women/17.jpg"},"nat":"NL"}],"info":{"seed":"c5af4730a86d4e6f","results":1,"page":1,"version":"1.4"}} 
 </msg>
<msg time="2024-06-05T17:13:21.777611" level="INFO">/opt/hostedtoolcache/Python/3.12.3/x64/lib/python3.12/site-packages/urllib3/connectionpool.py:1103: InsecureRequestWarning: Unverified HTTPS request is being made to host 'randomuser.me'. Adding certificate verification is strongly advised. See: https://urllib3.readthedocs.io/en/latest/advanced-usage.html#tls-warnings
  warnings.warn(</msg>
<msg time="2024-06-05T17:13:21.777768" level="INFO">${response} = &lt;Response [200]&gt;</msg>
<var>${response}</var>
<arg>consultarAPI</arg>
<arg>/api</arg>
<doc>Sends a GET request on a previously created HTTP Session.</doc>
<status status="PASS" start="2024-06-05T17:13:21.656459" elapsed="0.121360"/>
</kw>
<kw name="Set Variable" owner="BuiltIn">
<msg time="2024-06-05T17:13:21.778899" level="INFO">${json_data} = {'results': [{'gender': 'female', 'name': {'title': 'Mrs', 'first': 'Tjitske', 'last': 'Van der Eerden'}, 'location': {'street': {'number': 350, 'name': 'Dokter Wallerstraat'}, 'city': 'Smakt', 'state...</msg>
<var>${json_data}</var>
<arg>${response.json()}</arg>
<doc>Returns the given values which can then be assigned to a variables.</doc>
<status status="PASS" start="2024-06-05T17:13:21.778382" elapsed="0.000546"/>
</kw>
<kw name="Set Variable" owner="BuiltIn">
<msg time="2024-06-05T17:13:21.779621" level="INFO">${name_title} = Mrs</msg>
<var>${name_title}</var>
<arg>${json_data["results"][0]["name"]["title"]}</arg>
<doc>Returns the given values which can then be assigned to a variables.</doc>
<status status="PASS" start="2024-06-05T17:13:21.779234" elapsed="0.000413"/>
</kw>
<kw name="Create List" owner="BuiltIn">
<msg time="2024-06-05T17:13:21.780102" level="INFO">${allowed_titles} = ['Mr', 'Ms', 'Miss', 'Mrs', 'Madame', 'Monsieur']</msg>
<var>${allowed_titles}</var>
<arg>Mr</arg>
<arg>Ms</arg>
<arg>Miss</arg>
<arg>Mrs</arg>
<arg>Madame</arg>
<arg>Monsieur</arg>
<doc>Returns a list containing given items.</doc>
<status status="PASS" start="2024-06-05T17:13:21.779948" elapsed="0.000178"/>
</kw>
<kw name="List Should Contain Value" owner="Collections">
<msg time="2024-06-05T17:13:21.780609" level="INFO">False</msg>
<arg>${allowed_titles}</arg>
<arg>${name_title}</arg>
<doc>Fails if the ``value`` is not found from ``list``.</doc>
<status status="PASS" start="2024-06-05T17:13:21.780428" elapsed="0.000217"/>
</kw>
<kw name="Set Variable" owner="BuiltIn">
<msg time="2024-06-05T17:13:21.781350" level="INFO">${name_country} = NL</msg>
<var>${name_country}</var>
<arg>${json_data["results"][0]["nat"]}</arg>
<doc>Returns the given values which can then be assigned to a variables.</doc>
<status status="PASS" start="2024-06-05T17:13:21.780948" elapsed="0.000428"/>
</kw>
<kw name="Create List" owner="BuiltIn">
<msg time="2024-06-05T17:13:21.782294" level="INFO">${list_country} = ['AD', 'AE', 'AF', 'AG', 'AI', 'AL', 'AM', 'AO', 'AQ', 'AR', 'AS', 'AT', 'AU', 'AW', 'AX', 'AZ', 'BA', 'BB', 'BD', 'BE', 'BF', 'BG', 'BH', 'BI', 'BJ', 'BL', 'BM', 'BN', 'BO', 'BQ', 'BR', 'BS', 'BT', '...</msg>
<var>${list_country}</var>
<arg>AD</arg>
<arg>AE</arg>
<arg>AF</arg>
<arg>AG</arg>
<arg>AI</arg>
<arg>AL</arg>
<arg>AM</arg>
<arg>AO</arg>
<arg>AQ</arg>
<arg>AR</arg>
<arg>AS</arg>
<arg>AT</arg>
<arg>AU</arg>
<arg>AW</arg>
<arg>AX</arg>
<arg>AZ</arg>
<arg>BA</arg>
<arg>BB</arg>
<arg>BD</arg>
<arg>BE</arg>
<arg>BF</arg>
<arg>BG</arg>
<arg>BH</arg>
<arg>BI</arg>
<arg>BJ</arg>
<arg>BL</arg>
<arg>BM</arg>
<arg>BN</arg>
<arg>BO</arg>
<arg>BQ</arg>
<arg>BR</arg>
<arg>BS</arg>
<arg>BT</arg>
<arg>BV</arg>
<arg>BW</arg>
<arg>BY</arg>
<arg>BZ</arg>
<arg>CA</arg>
<arg>CC</arg>
<arg>CD</arg>
<arg>CF</arg>
<arg>CG</arg>
<arg>CH</arg>
<arg>CI</arg>
<arg>CK</arg>
<arg>CL</arg>
<arg>CM</arg>
<arg>CN</arg>
<arg>CO</arg>
<arg>CR</arg>
<arg>CU</arg>
<arg>CV</arg>
<arg>CW</arg>
<arg>CX</arg>
<arg>CY</arg>
<arg>CZ</arg>
<arg>DE</arg>
<arg>DJ</arg>
<arg>DK</arg>
<arg>DM</arg>
<arg>DO</arg>
<arg>DZ</arg>
<arg>EC</arg>
<arg>EE</arg>
<arg>EG</arg>
<arg>EH</arg>
<arg>ER</arg>
<arg>ES</arg>
<arg>ET</arg>
<arg>FI</arg>
<arg>FJ</arg>
<arg>FK</arg>
<arg>FM</arg>
<arg>FO</arg>
<arg>FR</arg>
<arg>GA</arg>
<arg>GB</arg>
<arg>GD</arg>
<arg>GE</arg>
<arg>GF</arg>
<arg>GG</arg>
<arg>GH</arg>
<arg>GI</arg>
<arg>GL</arg>
<arg>GM</arg>
<arg>GN</arg>
<arg>GP</arg>
<arg>GQ</arg>
<arg>GR</arg>
<arg>GS</arg>
<arg>GT</arg>
<arg>GU</arg>
<arg>GW</arg>
<arg>GY</arg>
<arg>HK</arg>
<arg>HM</arg>
<arg>HN</arg>
<arg>HR</arg>
<arg>HT</arg>
<arg>HU</arg>
<arg>ID</arg>
<arg>IE</arg>
<arg>IL</arg>
<arg>IM</arg>
<arg>IN</arg>
<arg>IO</arg>
<arg>IQ</arg>
<arg>IR</arg>
<arg>IS</arg>
<arg>IT</arg>
<arg>JE</arg>
<arg>JM</arg>
<arg>JO</arg>
<arg>JP</arg>
<arg>KE</arg>
<arg>KG</arg>
<arg>KH</arg>
<arg>KI</arg>
<arg>KM</arg>
<arg>KN</arg>
<arg>KP</arg>
<arg>KR</arg>
<arg>KW</arg>
<arg>KY</arg>
<arg>KZ</arg>
<arg>LA</arg>
<arg>LB</arg>
<arg>LC</arg>
<arg>LI</arg>
<arg>LK</arg>
<arg>LR</arg>
<arg>LS</arg>
<arg>LT</arg>
<arg>LU</arg>
<arg>LV</arg>
<arg>LY</arg>
<arg>MA</arg>
<arg>MC</arg>
<arg>MD</arg>
<arg>ME</arg>
<arg>MF</arg>
<arg>MG</arg>
<arg>MH</arg>
<arg>MK</arg>
<arg>ML</arg>
<arg>MM</arg>
<arg>MN</arg>
<arg>MO</arg>
<arg>MP</arg>
<arg>MQ</arg>
<arg>MR</arg>
<arg>MS</arg>
<arg>MT</arg>
<arg>MU</arg>
<arg>MV</arg>
<arg>MW</arg>
<arg>MX</arg>
<arg>MY</arg>
<arg>MZ</arg>
<arg>NA</arg>
<arg>NC</arg>
<arg>NE</arg>
<arg>NF</arg>
<arg>NG</arg>
<arg>NI</arg>
<arg>NL</arg>
<arg>NO</arg>
<arg>NP</arg>
<arg>NR</arg>
<arg>NU</arg>
<arg>NZ</arg>
<arg>OM</arg>
<arg>PA</arg>
<arg>PE</arg>
<arg>PF</arg>
<arg>PG</arg>
<arg>PH</arg>
<arg>PK</arg>
<arg>PL</arg>
<arg>PM</arg>
<arg>PN</arg>
<arg>PR</arg>
<arg>PS</arg>
<arg>PT</arg>
<arg>PW</arg>
<arg>PY</arg>
<arg>QA</arg>
<arg>RE</arg>
<arg>RO</arg>
<arg>RS</arg>
<arg>RU</arg>
<arg>RW</arg>
<arg>SA</arg>
<arg>SB</arg>
<arg>SC</arg>
<arg>SD</arg>
<arg>SE</arg>
<arg>SG</arg>
<arg>SH</arg>
<arg>SI</arg>
<arg>SJ</arg>
<arg>SK</arg>
<arg>SL</arg>
<arg>SM</arg>
<arg>SN</arg>
<arg>SO</arg>
<arg>SR</arg>
<arg>SS</arg>
<arg>ST</arg>
<arg>SV</arg>
<arg>SX</arg>
<arg>SY</arg>
<arg>SZ</arg>
<arg>TC</arg>
<arg>TD</arg>
<arg>TF</arg>
<arg>TG</arg>
<arg>TH</arg>
<arg>TJ</arg>
<arg>TK</arg>
<arg>TL</arg>
<arg>TM</arg>
<arg>TN</arg>
<arg>TO</arg>
<arg>TR</arg>
<arg>TT</arg>
<arg>TV</arg>
<arg>TW</arg>
<arg>TZ</arg>
<arg>UA</arg>
<arg>UG</arg>
<arg>UM</arg>
<arg>US</arg>
<arg>UY</arg>
<arg>UZ</arg>
<arg>VA</arg>
<arg>VC</arg>
<arg>VE</arg>
<arg>VG</arg>
<arg>VI</arg>
<arg>VN</arg>
<arg>VU</arg>
<arg>WF</arg>
<arg>WS</arg>
<arg>XK</arg>
<arg>YE</arg>
<arg>YT</arg>
<arg>ZA</arg>
<arg>ZM</arg>
<arg>ZW</arg>
<doc>Returns a list containing given items.</doc>
<status status="PASS" start="2024-06-05T17:13:21.781689" elapsed="0.000631"/>
</kw>
<kw name="List Should Contain Value" owner="Collections">
<msg time="2024-06-05T17:13:21.783316" level="INFO">False</msg>
<arg>${list_country}</arg>
<arg>${name_country}</arg>
<doc>Fails if the ``value`` is not found from ``list``.</doc>
<status status="PASS" start="2024-06-05T17:13:21.783106" elapsed="0.000247"/>
</kw>
<kw name="Run Keyword If" owner="BuiltIn">
<kw name="Should Be True" owner="BuiltIn">
<arg>${True}</arg>
<doc>Fails if the given condition is not true.</doc>
<status status="PASS" start="2024-06-05T17:13:21.784416" elapsed="0.000142"/>
</kw>
<arg>${json_data["results"][0]["location"]["coordinates"]["latitude"]} &gt;= -90 and ${json_data["results"][0]["location"]["coordinates"]["latitude"]} &lt;= 90</arg>
<arg>Should Be True</arg>
<arg>${True}</arg>
<doc>Runs the given keyword with the given arguments, if ``condition`` is true.</doc>
<status status="PASS" start="2024-06-05T17:13:21.783666" elapsed="0.001016"/>
</kw>
<kw name="Run Keyword If" owner="BuiltIn">
<kw name="Should Be True" owner="BuiltIn">
<arg>${True}</arg>
<doc>Fails if the given condition is not true.</doc>
<status status="PASS" start="2024-06-05T17:13:21.785605" elapsed="0.000262"/>
</kw>
<arg>${json_data["results"][0]["location"]["coordinates"]["longitude"]} &gt;= -180 and ${json_data["results"][0]["location"]["coordinates"]["longitude"]} &lt;= 180</arg>
<arg>Should Be True</arg>
<arg>${True}</arg>
<doc>Runs the given keyword with the given arguments, if ``condition`` is true.</doc>
<status status="PASS" start="2024-06-05T17:13:21.784868" elapsed="0.001125"/>
</kw>
<status status="PASS" start="2024-06-05T17:13:21.656229" elapsed="0.129897"/>
</kw>
<doc>Testa o conteúdo específico dos campos retornados pela API.</doc>
<tag>testeConteudo</tag>
<status status="PASS" start="2024-06-05T17:13:21.655764" elapsed="0.130518"/>
</test>
<status status="PASS" start="2024-06-05T17:13:20.538417" elapsed="1.249820"/>
</suite>
<status status="PASS" start="2024-06-05T17:13:20.524439" elapsed="1.269065"/>
</suite>
<statistics>
<total>
<stat pass="5" fail="0" skip="0">All Tests</stat>
</total>
<tag>
<stat pass="1" fail="0" skip="0">testeConteudo</stat>
<stat pass="1" fail="0" skip="0">testeEstruturaResposta</stat>
<stat pass="1" fail="0" skip="0">testeRequisicaoBasica</stat>
<stat pass="1" fail="0" skip="0">testeTiposDados</stat>
</tag>
<suite>
<stat pass="5" fail="0" skip="0" id="s1" name="Tests">Tests</stat>
<stat pass="5" fail="0" skip="0" id="s1-s1" name="Random-User-Test">Tests.Random-User-Test</stat>
</suite>
</statistics>
<errors>
</errors>
</robot>
