<?xml version="1.0" encoding="UTF-8"?>
<robot generator="Robot 7.0 (Python 3.12.2 on linux)" generated="2024-03-22T01:50:37.941915" rpa="false" schemaversion="5">
<suite id="s1" name="Tests" source="/home/runner/work/DesafioQAItauRogerioJordao/DesafioQAItauRogerioJordao/RamdonUser/tests">
<suite id="s1-s1" name="Random-User-Test" source="/home/runner/work/DesafioQAItauRogerioJordao/DesafioQAItauRogerioJordao/RamdonUser/tests/random-user-test.robot">
<test id="s1-s1-t1" name="Conectar" line="13">
<kw name="Conectar API" owner="random-user-service">
<kw name="Create Session" owner="RequestsLibrary">
<msg time="2024-03-22T01:50:38.294464" level="INFO">Creating Session using : alias=consultarAPI, url=https://randomuser.me/, headers={},                     cookies={}, auth=None, timeout=None, proxies=None, verify=False,                     debug=0 </msg>
<arg>consultarAPI</arg>
<arg>${URL}</arg>
<doc>Create Session: create a HTTP session to a server</doc>
<status status="PASS" start="2024-03-22T01:50:38.294268" elapsed="0.000363"/>
</kw>
<status status="PASS" start="2024-03-22T01:50:38.293294" elapsed="0.001689"/>
</kw>
<status status="PASS" start="2024-03-22T01:50:38.292714" elapsed="0.002471"/>
</test>
<test id="s1-s1-t2" name="Validar retorno 200 e JSON Válido" line="16">
<kw name="Teste de Requisicao Basica" owner="random-user-service">
<kw name="GET On Session" owner="RequestsLibrary">
<msg time="2024-03-22T01:50:38.346103" level="INFO">GET Request : url=https://randomuser.me/api 
 path_url=/api 
 headers={'User-Agent': 'python-requests/2.31.0', 'Accept-Encoding': 'gzip, deflate', 'Accept': '*/*', 'Connection': 'keep-alive'} 
 body=None 
 </msg>
<msg time="2024-03-22T01:50:38.346227" level="INFO">GET Response : url=https://randomuser.me/api 
 status=200, reason=OK 
 headers={'Date': 'Fri, 22 Mar 2024 01:50:38 GMT', 'Content-Type': 'application/json; charset=utf-8', 'Transfer-Encoding': 'chunked', 'Connection': 'keep-alive', 'X-Powered-By': 'Express', 'Access-Control-Allow-Origin': '*', 'Cache-Control': 'no-cache', 'ETag': 'W/"495-tHo2OM8sMkPum5Ci8HCXA+QjE4U"', 'Vary': 'Accept-Encoding', 'Content-Encoding': 'gzip', 'CF-Cache-Status': 'DYNAMIC', 'Report-To': '{"endpoints":[{"url":"https:\\/\\/a.nel.cloudflare.com\\/report\\/v4?s=7GwuYqLLsDvVkGYKG2H6ZgkaLBL4BunmAHcI47da92iMmaE0lI0BcXYP1LqM%2FNGP%2BO1fR03BuEZf8FJW%2F1ZroOUwv8%2FoeE%2BukS8huLjkScBZ43SDvSPBSMphbCXsPHUd"}],"group":"cf-nel","max_age":604800}', 'NEL': '{"success_fraction":0,"report_to":"cf-nel","max_age":604800}', 'Server': 'cloudflare', 'CF-RAY': '868288317eab8257-IAD', 'alt-svc': 'h3=":443"; ma=86400'} 
 body={"results":[{"gender":"male","name":{"title":"Mr","first":"Archie","last":"Walker"},"location":{"street":{"number":7009,"name":"Halifax Street"},"city":"Christchurch","state":"Wellington","country":"New Zealand","postcode":34664,"coordinates":{"latitude":"52.6878","longitude":"-135.1489"},"timezone":{"offset":"+5:30","description":"Bombay, Calcutta, Madras, New Delhi"}},"email":"archie.walker@example.com","login":{"uuid":"1dbb51e4-3bc2-4701-9c98-ac8f1fd0c8eb","username":"organicleopard690","password":"service","salt":"mSWlEdgf","md5":"ea406f10a6787b9e0536ff14c18e2f3a","sha1":"9ac39ca0d80d06d62347a5a047a16b195bb43207","sha256":"1ba56f5223e8e6b5a8759fb4c5e69755526cad4627d7d1a924e92112eab3cd72"},"dob":{"date":"1988-08-04T00:18:10.319Z","age":35},"registered":{"date":"2013-06-16T19:47:29.624Z","age":10},"phone":"(098)-075-8725","cell":"(359)-210-9673","id":{"name":"","value":null},"picture":{"large":"https://randomuser.me/api/portraits/men/94.jpg","medium":"https://randomuser.me/api/portraits/med/men/94.jpg","thumbnail":"https://randomuser.me/api/portraits/thumb/men/94.jpg"},"nat":"NZ"}],"info":{"seed":"a574f9aa172f53a8","results":1,"page":1,"version":"1.4"}} 
 </msg>
<msg time="2024-03-22T01:50:38.346338" level="INFO">/opt/hostedtoolcache/Python/3.12.2/x64/lib/python3.12/site-packages/urllib3/connectionpool.py:1103: InsecureRequestWarning: Unverified HTTPS request is being made to host 'randomuser.me'. Adding certificate verification is strongly advised. See: https://urllib3.readthedocs.io/en/latest/advanced-usage.html#tls-warnings
  warnings.warn(</msg>
<msg time="2024-03-22T01:50:38.346473" level="INFO">${response} = &lt;Response [200]&gt;</msg>
<var>${response}</var>
<arg>consultarAPI</arg>
<arg>/api</arg>
<doc>Sends a GET request on a previously created HTTP Session.</doc>
<status status="PASS" start="2024-03-22T01:50:38.297833" elapsed="0.048681"/>
</kw>
<kw name="Should Be Equal As Numbers" owner="BuiltIn">
<msg time="2024-03-22T01:50:38.347337" level="INFO">Argument types are:
&lt;class 'int'&gt;
&lt;class 'str'&gt;</msg>
<arg>${response.status_code}</arg>
<arg>200</arg>
<doc>Fails if objects are unequal after converting them to real numbers.</doc>
<status status="PASS" start="2024-03-22T01:50:38.346926" elapsed="0.000523"/>
</kw>
<kw name="Log" owner="BuiltIn">
<msg time="2024-03-22T01:50:38.348181" level="INFO">200</msg>
<arg>${response.status_code}</arg>
<doc>Logs the given message with the given level.</doc>
<status status="PASS" start="2024-03-22T01:50:38.347776" elapsed="0.000450"/>
</kw>
<kw name="Set Variable" owner="BuiltIn">
<msg time="2024-03-22T01:50:38.349008" level="INFO">${json_data} = {'results': [{'gender': 'male', 'name': {'title': 'Mr', 'first': 'Archie', 'last': 'Walker'}, 'location': {'street': {'number': 7009, 'name': 'Halifax Street'}, 'city': 'Christchurch', 'state': 'Welli...</msg>
<var>${json_data}</var>
<arg>${response.json()}</arg>
<doc>Returns the given values which can then be assigned to a variables.</doc>
<status status="PASS" start="2024-03-22T01:50:38.348564" elapsed="0.000472"/>
</kw>
<kw name="Dictionary Should Contain Key" owner="Collections">
<msg time="2024-03-22T01:50:38.349503" level="INFO">False</msg>
<arg>${json_data}</arg>
<arg>results</arg>
<doc>Fails if ``key`` is not found from ``dictionary``.</doc>
<status status="PASS" start="2024-03-22T01:50:38.349337" elapsed="0.000204"/>
</kw>
<status status="PASS" start="2024-03-22T01:50:38.297584" elapsed="0.052205"/>
</kw>
<doc>Testa se a API responde corretamente e retorna um objeto JSON válido.</doc>
<tag>testeRequisicaoBasica</tag>
<status status="PASS" start="2024-03-22T01:50:38.297064" elapsed="0.052904"/>
</test>
<test id="s1-s1-t3" name="Validar estrutura de resposta" line="22">
<kw name="Teste de Estrutura de Resposta" owner="random-user-service">
<kw name="GET On Session" owner="RequestsLibrary">
<msg time="2024-03-22T01:50:38.450763" level="INFO">GET Request : url=https://randomuser.me/api 
 path_url=/api 
 headers={'User-Agent': 'python-requests/2.31.0', 'Accept-Encoding': 'gzip, deflate', 'Accept': '*/*', 'Connection': 'keep-alive'} 
 body=None 
 </msg>
<msg time="2024-03-22T01:50:38.450853" level="INFO">GET Response : url=https://randomuser.me/api 
 status=200, reason=OK 
 headers={'Date': 'Fri, 22 Mar 2024 01:50:38 GMT', 'Content-Type': 'application/json; charset=utf-8', 'Transfer-Encoding': 'chunked', 'Connection': 'keep-alive', 'X-Powered-By': 'Express', 'Access-Control-Allow-Origin': '*', 'Cache-Control': 'no-cache', 'ETag': 'W/"480-YJSOqq1m16F9dLu5FDzH+sWpeNc"', 'Vary': 'Accept-Encoding', 'Content-Encoding': 'gzip', 'CF-Cache-Status': 'DYNAMIC', 'Report-To': '{"endpoints":[{"url":"https:\\/\\/a.nel.cloudflare.com\\/report\\/v4?s=zl8J11Ns9PwjgZ4wlB55KFTZJub%2Fm6q0yfJxSpNdEHAXbETg%2BRO425ORcQKDzuEq9p2Gw9Ggb2ByF6d8XiovRaMusBqRHZ%2FV%2Firk%2F1HJjsCkEOjHhKnjfQaQPRyV0OGc"}],"group":"cf-nel","max_age":604800}', 'NEL': '{"success_fraction":0,"report_to":"cf-nel","max_age":604800}', 'Server': 'cloudflare', 'CF-RAY': '86828831beea8257-IAD', 'alt-svc': 'h3=":443"; ma=86400'} 
 body={"results":[{"gender":"male","name":{"title":"Mr","first":"Grayson","last":"Roberts"},"location":{"street":{"number":7423,"name":"Albany Expressway"},"city":"Greymouth","state":"Northland","country":"New Zealand","postcode":84132,"coordinates":{"latitude":"49.7587","longitude":"-98.3672"},"timezone":{"offset":"-2:00","description":"Mid-Atlantic"}},"email":"grayson.roberts@example.com","login":{"uuid":"696b038d-507a-4c18-8b41-06cf6f190c08","username":"crazybutterfly128","password":"positive","salt":"vdBNVfGH","md5":"53fc12caed1cf95f00ea02514bca13f9","sha1":"f89f2dca9cadff80793473fcb00696b1abd77566","sha256":"dde810f4d4c04b2d0307856b6072255a0573c28e0657139c2383a8a35f15667e"},"dob":{"date":"1968-02-03T08:07:46.279Z","age":56},"registered":{"date":"2018-02-07T04:07:40.676Z","age":6},"phone":"(491)-507-0510","cell":"(137)-634-6408","id":{"name":"","value":null},"picture":{"large":"https://randomuser.me/api/portraits/men/98.jpg","medium":"https://randomuser.me/api/portraits/med/men/98.jpg","thumbnail":"https://randomuser.me/api/portraits/thumb/men/98.jpg"},"nat":"NZ"}],"info":{"seed":"da593a0d3c22718c","results":1,"page":1,"version":"1.4"}} 
 </msg>
<msg time="2024-03-22T01:50:38.450981" level="INFO">/opt/hostedtoolcache/Python/3.12.2/x64/lib/python3.12/site-packages/urllib3/connectionpool.py:1103: InsecureRequestWarning: Unverified HTTPS request is being made to host 'randomuser.me'. Adding certificate verification is strongly advised. See: https://urllib3.readthedocs.io/en/latest/advanced-usage.html#tls-warnings
  warnings.warn(</msg>
<msg time="2024-03-22T01:50:38.451103" level="INFO">${response} = &lt;Response [200]&gt;</msg>
<var>${response}</var>
<arg>consultarAPI</arg>
<arg>/api</arg>
<doc>Sends a GET request on a previously created HTTP Session.</doc>
<status status="PASS" start="2024-03-22T01:50:38.352639" elapsed="0.098514"/>
</kw>
<kw name="Set Variable" owner="BuiltIn">
<msg time="2024-03-22T01:50:38.452029" level="INFO">${json_data} = {'results': [{'gender': 'male', 'name': {'title': 'Mr', 'first': 'Grayson', 'last': 'Roberts'}, 'location': {'street': {'number': 7423, 'name': 'Albany Expressway'}, 'city': 'Greymouth', 'state': 'Nor...</msg>
<var>${json_data}</var>
<arg>${response.json()}</arg>
<doc>Returns the given values which can then be assigned to a variables.</doc>
<status status="PASS" start="2024-03-22T01:50:38.451567" elapsed="0.000490"/>
</kw>
<kw name="Log" owner="BuiltIn">
<msg time="2024-03-22T01:50:38.452527" level="INFO">{'results': [{'gender': 'male', 'name': {'title': 'Mr', 'first': 'Grayson', 'last': 'Roberts'}, 'location': {'street': {'number': 7423, 'name': 'Albany Expressway'}, 'city': 'Greymouth', 'state': 'Northland', 'country': 'New Zealand', 'postcode': 84132, 'coordinates': {'latitude': '49.7587', 'longitude': '-98.3672'}, 'timezone': {'offset': '-2:00', 'description': 'Mid-Atlantic'}}, 'email': 'grayson.roberts@example.com', 'login': {'uuid': '696b038d-507a-4c18-8b41-06cf6f190c08', 'username': 'crazybutterfly128', 'password': 'positive', 'salt': 'vdBNVfGH', 'md5': '53fc12caed1cf95f00ea02514bca13f9', 'sha1': 'f89f2dca9cadff80793473fcb00696b1abd77566', 'sha256': 'dde810f4d4c04b2d0307856b6072255a0573c28e0657139c2383a8a35f15667e'}, 'dob': {'date': '1968-02-03T08:07:46.279Z', 'age': 56}, 'registered': {'date': '2018-02-07T04:07:40.676Z', 'age': 6}, 'phone': '(491)-507-0510', 'cell': '(137)-634-6408', 'id': {'name': '', 'value': None}, 'picture': {'large': 'https://randomuser.me/api/portraits/men/98.jpg', 'medium': 'https://randomuser.me/api/portraits/med/men/98.jpg', 'thumbnail': 'https://randomuser.me/api/portraits/thumb/men/98.jpg'}, 'nat': 'NZ'}], 'info': {'seed': 'da593a0d3c22718c', 'results': 1, 'page': 1, 'version': '1.4'}}</msg>
<arg>${json_data}</arg>
<doc>Logs the given message with the given level.</doc>
<status status="PASS" start="2024-03-22T01:50:38.452367" elapsed="0.000208"/>
</kw>
<kw name="Dictionary Should Contain Key" owner="Collections">
<msg time="2024-03-22T01:50:38.453056" level="INFO">False</msg>
<arg>${json_data}</arg>
<arg>results</arg>
<doc>Fails if ``key`` is not found from ``dictionary``.</doc>
<status status="PASS" start="2024-03-22T01:50:38.452884" elapsed="0.000209"/>
</kw>
<kw name="Should Not Be Empty" owner="BuiltIn">
<msg time="2024-03-22T01:50:38.453519" level="INFO">Length is 2.</msg>
<arg>${json_data}</arg>
<doc>Verifies that the given item is not empty.</doc>
<status status="PASS" start="2024-03-22T01:50:38.453387" elapsed="0.000171"/>
</kw>
<kw name="Create List" owner="BuiltIn">
<msg time="2024-03-22T01:50:38.454001" level="INFO">${expected_keys} = ['gender', 'name', 'location', 'email', 'login']</msg>
<var>${expected_keys}</var>
<arg>gender</arg>
<arg>name</arg>
<arg>location</arg>
<arg>email</arg>
<arg>login</arg>
<doc>Returns a list containing given items.</doc>
<status status="PASS" start="2024-03-22T01:50:38.453846" elapsed="0.000179"/>
</kw>
<for flavor="IN">
<iter>
<kw name="Dictionary Should Contain Key" owner="Collections">
<msg time="2024-03-22T01:50:38.455015" level="INFO">False</msg>
<arg>${json_data['results'][0]}</arg>
<arg>${key}</arg>
<doc>Fails if ``key`` is not found from ``dictionary``.</doc>
<status status="PASS" start="2024-03-22T01:50:38.454598" elapsed="0.000457"/>
</kw>
<kw name="Log" owner="BuiltIn">
<msg time="2024-03-22T01:50:38.455755" level="INFO">{'gender': 'male', 'name': {'title': 'Mr', 'first': 'Grayson', 'last': 'Roberts'}, 'location': {'street': {'number': 7423, 'name': 'Albany Expressway'}, 'city': 'Greymouth', 'state': 'Northland', 'country': 'New Zealand', 'postcode': 84132, 'coordinates': {'latitude': '49.7587', 'longitude': '-98.3672'}, 'timezone': {'offset': '-2:00', 'description': 'Mid-Atlantic'}}, 'email': 'grayson.roberts@example.com', 'login': {'uuid': '696b038d-507a-4c18-8b41-06cf6f190c08', 'username': 'crazybutterfly128', 'password': 'positive', 'salt': 'vdBNVfGH', 'md5': '53fc12caed1cf95f00ea02514bca13f9', 'sha1': 'f89f2dca9cadff80793473fcb00696b1abd77566', 'sha256': 'dde810f4d4c04b2d0307856b6072255a0573c28e0657139c2383a8a35f15667e'}, 'dob': {'date': '1968-02-03T08:07:46.279Z', 'age': 56}, 'registered': {'date': '2018-02-07T04:07:40.676Z', 'age': 6}, 'phone': '(491)-507-0510', 'cell': '(137)-634-6408', 'id': {'name': '', 'value': None}, 'picture': {'large': 'https://randomuser.me/api/portraits/men/98.jpg', 'medium': 'https://randomuser.me/api/portraits/med/men/98.jpg', 'thumbnail': 'https://randomuser.me/api/portraits/thumb/men/98.jpg'}, 'nat': 'NZ'}</msg>
<arg>${json_data['results'][0]}</arg>
<doc>Logs the given message with the given level.</doc>
<status status="PASS" start="2024-03-22T01:50:38.455360" elapsed="0.000450"/>
</kw>
<kw name="Log" owner="BuiltIn">
<msg time="2024-03-22T01:50:38.456241" level="INFO">gender</msg>
<arg>${key}</arg>
<doc>Logs the given message with the given level.</doc>
<status status="PASS" start="2024-03-22T01:50:38.456111" elapsed="0.000169"/>
</kw>
<var name="${key}">gender</var>
<status status="PASS" start="2024-03-22T01:50:38.454470" elapsed="0.002032"/>
</iter>
<iter>
<kw name="Dictionary Should Contain Key" owner="Collections">
<msg time="2024-03-22T01:50:38.457216" level="INFO">False</msg>
<arg>${json_data['results'][0]}</arg>
<arg>${key}</arg>
<doc>Fails if ``key`` is not found from ``dictionary``.</doc>
<status status="PASS" start="2024-03-22T01:50:38.456825" elapsed="0.000429"/>
</kw>
<kw name="Log" owner="BuiltIn">
<msg time="2024-03-22T01:50:38.457971" level="INFO">{'gender': 'male', 'name': {'title': 'Mr', 'first': 'Grayson', 'last': 'Roberts'}, 'location': {'street': {'number': 7423, 'name': 'Albany Expressway'}, 'city': 'Greymouth', 'state': 'Northland', 'country': 'New Zealand', 'postcode': 84132, 'coordinates': {'latitude': '49.7587', 'longitude': '-98.3672'}, 'timezone': {'offset': '-2:00', 'description': 'Mid-Atlantic'}}, 'email': 'grayson.roberts@example.com', 'login': {'uuid': '696b038d-507a-4c18-8b41-06cf6f190c08', 'username': 'crazybutterfly128', 'password': 'positive', 'salt': 'vdBNVfGH', 'md5': '53fc12caed1cf95f00ea02514bca13f9', 'sha1': 'f89f2dca9cadff80793473fcb00696b1abd77566', 'sha256': 'dde810f4d4c04b2d0307856b6072255a0573c28e0657139c2383a8a35f15667e'}, 'dob': {'date': '1968-02-03T08:07:46.279Z', 'age': 56}, 'registered': {'date': '2018-02-07T04:07:40.676Z', 'age': 6}, 'phone': '(491)-507-0510', 'cell': '(137)-634-6408', 'id': {'name': '', 'value': None}, 'picture': {'large': 'https://randomuser.me/api/portraits/men/98.jpg', 'medium': 'https://randomuser.me/api/portraits/med/men/98.jpg', 'thumbnail': 'https://randomuser.me/api/portraits/thumb/men/98.jpg'}, 'nat': 'NZ'}</msg>
<arg>${json_data['results'][0]}</arg>
<doc>Logs the given message with the given level.</doc>
<status status="PASS" start="2024-03-22T01:50:38.457585" elapsed="0.000435"/>
</kw>
<kw name="Log" owner="BuiltIn">
<msg time="2024-03-22T01:50:38.458450" level="INFO">name</msg>
<arg>${key}</arg>
<doc>Logs the given message with the given level.</doc>
<status status="PASS" start="2024-03-22T01:50:38.458320" elapsed="0.000168"/>
</kw>
<var name="${key}">name</var>
<status status="PASS" start="2024-03-22T01:50:38.456695" elapsed="0.002007"/>
</iter>
<iter>
<kw name="Dictionary Should Contain Key" owner="Collections">
<msg time="2024-03-22T01:50:38.459369" level="INFO">False</msg>
<arg>${json_data['results'][0]}</arg>
<arg>${key}</arg>
<doc>Fails if ``key`` is not found from ``dictionary``.</doc>
<status status="PASS" start="2024-03-22T01:50:38.458992" elapsed="0.000442"/>
</kw>
<kw name="Log" owner="BuiltIn">
<msg time="2024-03-22T01:50:38.460102" level="INFO">{'gender': 'male', 'name': {'title': 'Mr', 'first': 'Grayson', 'last': 'Roberts'}, 'location': {'street': {'number': 7423, 'name': 'Albany Expressway'}, 'city': 'Greymouth', 'state': 'Northland', 'country': 'New Zealand', 'postcode': 84132, 'coordinates': {'latitude': '49.7587', 'longitude': '-98.3672'}, 'timezone': {'offset': '-2:00', 'description': 'Mid-Atlantic'}}, 'email': 'grayson.roberts@example.com', 'login': {'uuid': '696b038d-507a-4c18-8b41-06cf6f190c08', 'username': 'crazybutterfly128', 'password': 'positive', 'salt': 'vdBNVfGH', 'md5': '53fc12caed1cf95f00ea02514bca13f9', 'sha1': 'f89f2dca9cadff80793473fcb00696b1abd77566', 'sha256': 'dde810f4d4c04b2d0307856b6072255a0573c28e0657139c2383a8a35f15667e'}, 'dob': {'date': '1968-02-03T08:07:46.279Z', 'age': 56}, 'registered': {'date': '2018-02-07T04:07:40.676Z', 'age': 6}, 'phone': '(491)-507-0510', 'cell': '(137)-634-6408', 'id': {'name': '', 'value': None}, 'picture': {'large': 'https://randomuser.me/api/portraits/men/98.jpg', 'medium': 'https://randomuser.me/api/portraits/med/men/98.jpg', 'thumbnail': 'https://randomuser.me/api/portraits/thumb/men/98.jpg'}, 'nat': 'NZ'}</msg>
<arg>${json_data['results'][0]}</arg>
<doc>Logs the given message with the given level.</doc>
<status status="PASS" start="2024-03-22T01:50:38.459734" elapsed="0.000421"/>
</kw>
<kw name="Log" owner="BuiltIn">
<msg time="2024-03-22T01:50:38.460577" level="INFO">location</msg>
<arg>${key}</arg>
<doc>Logs the given message with the given level.</doc>
<status status="PASS" start="2024-03-22T01:50:38.460449" elapsed="0.000166"/>
</kw>
<var name="${key}">location</var>
<status status="PASS" start="2024-03-22T01:50:38.458881" elapsed="0.001971"/>
</iter>
<iter>
<kw name="Dictionary Should Contain Key" owner="Collections">
<msg time="2024-03-22T01:50:38.461515" level="INFO">False</msg>
<arg>${json_data['results'][0]}</arg>
<arg>${key}</arg>
<doc>Fails if ``key`` is not found from ``dictionary``.</doc>
<status status="PASS" start="2024-03-22T01:50:38.461138" elapsed="0.000414"/>
</kw>
<kw name="Log" owner="BuiltIn">
<msg time="2024-03-22T01:50:38.462206" level="INFO">{'gender': 'male', 'name': {'title': 'Mr', 'first': 'Grayson', 'last': 'Roberts'}, 'location': {'street': {'number': 7423, 'name': 'Albany Expressway'}, 'city': 'Greymouth', 'state': 'Northland', 'country': 'New Zealand', 'postcode': 84132, 'coordinates': {'latitude': '49.7587', 'longitude': '-98.3672'}, 'timezone': {'offset': '-2:00', 'description': 'Mid-Atlantic'}}, 'email': 'grayson.roberts@example.com', 'login': {'uuid': '696b038d-507a-4c18-8b41-06cf6f190c08', 'username': 'crazybutterfly128', 'password': 'positive', 'salt': 'vdBNVfGH', 'md5': '53fc12caed1cf95f00ea02514bca13f9', 'sha1': 'f89f2dca9cadff80793473fcb00696b1abd77566', 'sha256': 'dde810f4d4c04b2d0307856b6072255a0573c28e0657139c2383a8a35f15667e'}, 'dob': {'date': '1968-02-03T08:07:46.279Z', 'age': 56}, 'registered': {'date': '2018-02-07T04:07:40.676Z', 'age': 6}, 'phone': '(491)-507-0510', 'cell': '(137)-634-6408', 'id': {'name': '', 'value': None}, 'picture': {'large': 'https://randomuser.me/api/portraits/men/98.jpg', 'medium': 'https://randomuser.me/api/portraits/med/men/98.jpg', 'thumbnail': 'https://randomuser.me/api/portraits/thumb/men/98.jpg'}, 'nat': 'NZ'}</msg>
<arg>${json_data['results'][0]}</arg>
<doc>Logs the given message with the given level.</doc>
<status status="PASS" start="2024-03-22T01:50:38.461849" elapsed="0.000405"/>
</kw>
<kw name="Log" owner="BuiltIn">
<msg time="2024-03-22T01:50:38.462678" level="INFO">email</msg>
<arg>${key}</arg>
<doc>Logs the given message with the given level.</doc>
<status status="PASS" start="2024-03-22T01:50:38.462550" elapsed="0.000168"/>
</kw>
<var name="${key}">email</var>
<status status="PASS" start="2024-03-22T01:50:38.461027" elapsed="0.001906"/>
</iter>
<iter>
<kw name="Dictionary Should Contain Key" owner="Collections">
<msg time="2024-03-22T01:50:38.463641" level="INFO">False</msg>
<arg>${json_data['results'][0]}</arg>
<arg>${key}</arg>
<doc>Fails if ``key`` is not found from ``dictionary``.</doc>
<status status="PASS" start="2024-03-22T01:50:38.463223" elapsed="0.000456"/>
</kw>
<kw name="Log" owner="BuiltIn">
<msg time="2024-03-22T01:50:38.464339" level="INFO">{'gender': 'male', 'name': {'title': 'Mr', 'first': 'Grayson', 'last': 'Roberts'}, 'location': {'street': {'number': 7423, 'name': 'Albany Expressway'}, 'city': 'Greymouth', 'state': 'Northland', 'country': 'New Zealand', 'postcode': 84132, 'coordinates': {'latitude': '49.7587', 'longitude': '-98.3672'}, 'timezone': {'offset': '-2:00', 'description': 'Mid-Atlantic'}}, 'email': 'grayson.roberts@example.com', 'login': {'uuid': '696b038d-507a-4c18-8b41-06cf6f190c08', 'username': 'crazybutterfly128', 'password': 'positive', 'salt': 'vdBNVfGH', 'md5': '53fc12caed1cf95f00ea02514bca13f9', 'sha1': 'f89f2dca9cadff80793473fcb00696b1abd77566', 'sha256': 'dde810f4d4c04b2d0307856b6072255a0573c28e0657139c2383a8a35f15667e'}, 'dob': {'date': '1968-02-03T08:07:46.279Z', 'age': 56}, 'registered': {'date': '2018-02-07T04:07:40.676Z', 'age': 6}, 'phone': '(491)-507-0510', 'cell': '(137)-634-6408', 'id': {'name': '', 'value': None}, 'picture': {'large': 'https://randomuser.me/api/portraits/men/98.jpg', 'medium': 'https://randomuser.me/api/portraits/med/men/98.jpg', 'thumbnail': 'https://randomuser.me/api/portraits/thumb/men/98.jpg'}, 'nat': 'NZ'}</msg>
<arg>${json_data['results'][0]}</arg>
<doc>Logs the given message with the given level.</doc>
<status status="PASS" start="2024-03-22T01:50:38.463970" elapsed="0.000416"/>
</kw>
<kw name="Log" owner="BuiltIn">
<msg time="2024-03-22T01:50:38.464809" level="INFO">login</msg>
<arg>${key}</arg>
<doc>Logs the given message with the given level.</doc>
<status status="PASS" start="2024-03-22T01:50:38.464683" elapsed="0.000268"/>
</kw>
<var name="${key}">login</var>
<status status="PASS" start="2024-03-22T01:50:38.463107" elapsed="0.002080"/>
</iter>
<var>${key}</var>
<value>@{expected_keys}</value>
<status status="PASS" start="2024-03-22T01:50:38.454289" elapsed="0.011045"/>
</for>
<kw name="Create List" owner="BuiltIn">
<msg time="2024-03-22T01:50:38.465672" level="INFO">${expected_keysTwo} = ['username', 'password']</msg>
<var>${expected_keysTwo}</var>
<arg>username</arg>
<arg>password</arg>
<doc>Returns a list containing given items.</doc>
<status status="PASS" start="2024-03-22T01:50:38.465534" elapsed="0.000162"/>
</kw>
<for flavor="IN">
<iter>
<kw name="Dictionary Should Contain Key" owner="Collections">
<msg time="2024-03-22T01:50:38.466577" level="INFO">False</msg>
<arg>${json_data['results'][0]['login']}</arg>
<arg>${keyTwo}</arg>
<doc>Fails if ``key`` is not found from ``dictionary``.</doc>
<status status="PASS" start="2024-03-22T01:50:38.466190" elapsed="0.000426"/>
</kw>
<kw name="Dictionary Should Contain Key" owner="Collections">
<msg time="2024-03-22T01:50:38.467295" level="INFO">False</msg>
<arg>${json_data['results'][0]['login']}</arg>
<arg>${keyTwo}</arg>
<doc>Fails if ``key`` is not found from ``dictionary``.</doc>
<status status="PASS" start="2024-03-22T01:50:38.466911" elapsed="0.000421"/>
</kw>
<kw name="Log" owner="BuiltIn">
<msg time="2024-03-22T01:50:38.467785" level="INFO">username</msg>
<arg>${keyTwo}</arg>
<doc>Logs the given message with the given level.</doc>
<status status="PASS" start="2024-03-22T01:50:38.467655" elapsed="0.000169"/>
</kw>
<var name="${keyTwo}">username</var>
<status status="PASS" start="2024-03-22T01:50:38.466081" elapsed="0.001958"/>
</iter>
<iter>
<kw name="Dictionary Should Contain Key" owner="Collections">
<msg time="2024-03-22T01:50:38.468703" level="INFO">False</msg>
<arg>${json_data['results'][0]['login']}</arg>
<arg>${keyTwo}</arg>
<doc>Fails if ``key`` is not found from ``dictionary``.</doc>
<status status="PASS" start="2024-03-22T01:50:38.468324" elapsed="0.000416"/>
</kw>
<kw name="Dictionary Should Contain Key" owner="Collections">
<msg time="2024-03-22T01:50:38.469493" level="INFO">False</msg>
<arg>${json_data['results'][0]['login']}</arg>
<arg>${keyTwo}</arg>
<doc>Fails if ``key`` is not found from ``dictionary``.</doc>
<status status="PASS" start="2024-03-22T01:50:38.469104" elapsed="0.000426"/>
</kw>
<kw name="Log" owner="BuiltIn">
<msg time="2024-03-22T01:50:38.469956" level="INFO">password</msg>
<arg>${keyTwo}</arg>
<doc>Logs the given message with the given level.</doc>
<status status="PASS" start="2024-03-22T01:50:38.469827" elapsed="0.000166"/>
</kw>
<var name="${keyTwo}">password</var>
<status status="PASS" start="2024-03-22T01:50:38.468212" elapsed="0.001996"/>
</iter>
<var>${keyTwo}</var>
<value>@{expected_keysTwo}</value>
<status status="PASS" start="2024-03-22T01:50:38.465932" elapsed="0.004398"/>
</for>
<status status="PASS" start="2024-03-22T01:50:38.352409" elapsed="0.118062"/>
</kw>
<doc>Testa a estrutura da resposta da API.</doc>
<tag>testeEstruturaResposta</tag>
<status status="PASS" start="2024-03-22T01:50:38.351810" elapsed="0.118817"/>
</test>
<test id="s1-s1-t4" name="Validar tipos de dados" line="28">
<kw name="Teste de Tipos de Dados" owner="random-user-service">
<kw name="GET On Session" owner="RequestsLibrary">
<msg time="2024-03-22T01:50:38.553743" level="INFO">GET Request : url=https://randomuser.me/api 
 path_url=/api 
 headers={'User-Agent': 'python-requests/2.31.0', 'Accept-Encoding': 'gzip, deflate', 'Accept': '*/*', 'Connection': 'keep-alive'} 
 body=None 
 </msg>
<msg time="2024-03-22T01:50:38.553820" level="INFO">GET Response : url=https://randomuser.me/api 
 status=200, reason=OK 
 headers={'Date': 'Fri, 22 Mar 2024 01:50:38 GMT', 'Content-Type': 'application/json; charset=utf-8', 'Transfer-Encoding': 'chunked', 'Connection': 'keep-alive', 'X-Powered-By': 'Express', 'Access-Control-Allow-Origin': '*', 'Cache-Control': 'no-cache', 'ETag': 'W/"46b-N3e86uHWP0CdSvAONy1AkvyhDxs"', 'Vary': 'Accept-Encoding', 'Content-Encoding': 'gzip', 'CF-Cache-Status': 'DYNAMIC', 'Report-To': '{"endpoints":[{"url":"https:\\/\\/a.nel.cloudflare.com\\/report\\/v4?s=5yq6Ht%2FvMZd%2FCXlF1trhAs3pefCx6s8051ueKIp%2FbLw09l5QWXg2ihzThnWYNSkiWOP3OmVbm5SyJ%2FZT4TjkFFKeL66jfYiiKNgyH2OZ7XJ9%2FJvLFadb3UWYYOuVbCBe"}],"group":"cf-nel","max_age":604800}', 'NEL': '{"success_fraction":0,"report_to":"cf-nel","max_age":604800}', 'Server': 'cloudflare', 'CF-RAY': '868288327fdb8257-IAD', 'alt-svc': 'h3=":443"; ma=86400'} 
 body={"results":[{"gender":"male","name":{"title":"Mr","first":"Igor","last":"Fagerhaug"},"location":{"street":{"number":6840,"name":"Bogerudslyngen"},"city":"Fannrem","state":"Aust-Agder","country":"Norway","postcode":"8294","coordinates":{"latitude":"43.2732","longitude":"-86.0436"},"timezone":{"offset":"-10:00","description":"Hawaii"}},"email":"igor.fagerhaug@example.com","login":{"uuid":"521a121a-e3a3-49d8-ad83-26c5bc4cb5a3","username":"orangeduck251","password":"streets","salt":"5oOnKZHz","md5":"930a7cd08717a2e11b5f4051f67fe4fd","sha1":"d51dfe423a447d459abadcd5645ce6f08bfb6c0e","sha256":"c2fb6c594bfc7a847074c125ba7406b4c0136ce0bc221c7eb3aecee4eb5b06d1"},"dob":{"date":"1968-12-01T16:07:52.978Z","age":55},"registered":{"date":"2017-09-05T20:03:48.599Z","age":6},"phone":"78377362","cell":"41914783","id":{"name":"FN","value":"01126801706"},"picture":{"large":"https://randomuser.me/api/portraits/men/35.jpg","medium":"https://randomuser.me/api/portraits/med/men/35.jpg","thumbnail":"https://randomuser.me/api/portraits/thumb/men/35.jpg"},"nat":"NO"}],"info":{"seed":"4741b77badbab4e5","results":1,"page":1,"version":"1.4"}} 
 </msg>
<msg time="2024-03-22T01:50:38.553890" level="INFO">/opt/hostedtoolcache/Python/3.12.2/x64/lib/python3.12/site-packages/urllib3/connectionpool.py:1103: InsecureRequestWarning: Unverified HTTPS request is being made to host 'randomuser.me'. Adding certificate verification is strongly advised. See: https://urllib3.readthedocs.io/en/latest/advanced-usage.html#tls-warnings
  warnings.warn(</msg>
<msg time="2024-03-22T01:50:38.553980" level="INFO">${response} = &lt;Response [200]&gt;</msg>
<var>${response}</var>
<arg>consultarAPI</arg>
<arg>/api</arg>
<doc>Sends a GET request on a previously created HTTP Session.</doc>
<status status="PASS" start="2024-03-22T01:50:38.473093" elapsed="0.080911"/>
</kw>
<kw name="Set Variable" owner="BuiltIn">
<msg time="2024-03-22T01:50:38.554902" level="INFO">${json_data} = {'results': [{'gender': 'male', 'name': {'title': 'Mr', 'first': 'Igor', 'last': 'Fagerhaug'}, 'location': {'street': {'number': 6840, 'name': 'Bogerudslyngen'}, 'city': 'Fannrem', 'state': 'Aust-Agde...</msg>
<var>${json_data}</var>
<arg>${response.json()}</arg>
<doc>Returns the given values which can then be assigned to a variables.</doc>
<status status="PASS" start="2024-03-22T01:50:38.554445" elapsed="0.000484"/>
</kw>
<kw name="Log" owner="BuiltIn">
<msg time="2024-03-22T01:50:38.555427" level="INFO">{'results': [{'gender': 'male', 'name': {'title': 'Mr', 'first': 'Igor', 'last': 'Fagerhaug'}, 'location': {'street': {'number': 6840, 'name': 'Bogerudslyngen'}, 'city': 'Fannrem', 'state': 'Aust-Agder', 'country': 'Norway', 'postcode': '8294', 'coordinates': {'latitude': '43.2732', 'longitude': '-86.0436'}, 'timezone': {'offset': '-10:00', 'description': 'Hawaii'}}, 'email': 'igor.fagerhaug@example.com', 'login': {'uuid': '521a121a-e3a3-49d8-ad83-26c5bc4cb5a3', 'username': 'orangeduck251', 'password': 'streets', 'salt': '5oOnKZHz', 'md5': '930a7cd08717a2e11b5f4051f67fe4fd', 'sha1': 'd51dfe423a447d459abadcd5645ce6f08bfb6c0e', 'sha256': 'c2fb6c594bfc7a847074c125ba7406b4c0136ce0bc221c7eb3aecee4eb5b06d1'}, 'dob': {'date': '1968-12-01T16:07:52.978Z', 'age': 55}, 'registered': {'date': '2017-09-05T20:03:48.599Z', 'age': 6}, 'phone': '78377362', 'cell': '41914783', 'id': {'name': 'FN', 'value': '01126801706'}, 'picture': {'large': 'https://randomuser.me/api/portraits/men/35.jpg', 'medium': 'https://randomuser.me/api/portraits/med/men/35.jpg', 'thumbnail': 'https://randomuser.me/api/portraits/thumb/men/35.jpg'}, 'nat': 'NO'}], 'info': {'seed': '4741b77badbab4e5', 'results': 1, 'page': 1, 'version': '1.4'}}</msg>
<arg>${json_data}</arg>
<doc>Logs the given message with the given level.</doc>
<status status="PASS" start="2024-03-22T01:50:38.555236" elapsed="0.000280"/>
</kw>
<kw name="Should Be String" owner="String">
<arg>${json_data['results'][0]['gender']}</arg>
<doc>Fails if the given ``item`` is not a string.</doc>
<status status="PASS" start="2024-03-22T01:50:38.555823" elapsed="0.000366"/>
</kw>
<kw name="Should Match Regexp" owner="BuiltIn">
<arg>${json_data['results'][0]['email']}</arg>
<arg>^[a-zA-Z0-9._%+-]+@[a-zA-Z0-9.-]+\.[a-zA-Z]{2,}$</arg>
<doc>Fails if ``string`` does not match ``pattern`` as a regular expression.</doc>
<status status="PASS" start="2024-03-22T01:50:38.556383" elapsed="0.000517"/>
</kw>
<kw name="Should Match Regexp" owner="BuiltIn">
<arg>${json_data['results'][0]['dob']['date']}</arg>
<arg>\\d{4}-\\d{2}-\\d{2}T\\d{2}:\\d{2}:\\d{2}\\.\\d{3}Z</arg>
<doc>Fails if ``string`` does not match ``pattern`` as a regular expression.</doc>
<status status="PASS" start="2024-03-22T01:50:38.557097" elapsed="0.000490"/>
</kw>
<kw name="Should Match Regexp" owner="BuiltIn">
<arg>${json_data['results'][0]['registered']['date']}</arg>
<arg>\\d{4}-\\d{2}-\\d{2}T\\d{2}:\\d{2}:\\d{2}\\.\\d{3}Z</arg>
<doc>Fails if ``string`` does not match ``pattern`` as a regular expression.</doc>
<status status="PASS" start="2024-03-22T01:50:38.557780" elapsed="0.000376"/>
</kw>
<kw name="Should Match Regexp" owner="BuiltIn">
<arg>${json_data['results'][0]['picture']['large']}</arg>
<arg>^https?://.*\.(?:png|jpe?g|gif|bmp)$</arg>
<doc>Fails if ``string`` does not match ``pattern`` as a regular expression.</doc>
<status status="PASS" start="2024-03-22T01:50:38.558341" elapsed="0.000456"/>
</kw>
<kw name="Should Match Regexp" owner="BuiltIn">
<arg>${json_data['results'][0]['picture']['medium']}</arg>
<arg>^https?://.*\.(?:png|jpe?g|gif|bmp)$</arg>
<doc>Fails if ``string`` does not match ``pattern`` as a regular expression.</doc>
<status status="PASS" start="2024-03-22T01:50:38.558985" elapsed="0.000361"/>
</kw>
<kw name="Should Match Regexp" owner="BuiltIn">
<arg>${json_data['results'][0]['picture']['thumbnail']}</arg>
<arg>^https?://.*\.(?:png|jpe?g|gif|bmp)$</arg>
<doc>Fails if ``string`` does not match ``pattern`` as a regular expression.</doc>
<status status="PASS" start="2024-03-22T01:50:38.559561" elapsed="0.000353"/>
</kw>
<kw name="Log" owner="BuiltIn">
<msg time="2024-03-22T01:50:38.560431" level="INFO">{'large': 'https://randomuser.me/api/portraits/men/35.jpg', 'medium': 'https://randomuser.me/api/portraits/med/men/35.jpg', 'thumbnail': 'https://randomuser.me/api/portraits/thumb/men/35.jpg'}</msg>
<arg>${json_data['results'][0]['picture']}</arg>
<doc>Logs the given message with the given level.</doc>
<status status="PASS" start="2024-03-22T01:50:38.560099" elapsed="0.000379"/>
</kw>
<status status="PASS" start="2024-03-22T01:50:38.472865" elapsed="0.087866"/>
</kw>
<kw name="Teste de Tipos de Dados - Postcode" owner="random-user-service">
<kw name="GET On Session" owner="RequestsLibrary">
<msg time="2024-03-22T01:50:38.648267" level="INFO">GET Request : url=https://randomuser.me/api 
 path_url=/api 
 headers={'User-Agent': 'python-requests/2.31.0', 'Accept-Encoding': 'gzip, deflate', 'Accept': '*/*', 'Connection': 'keep-alive'} 
 body=None 
 </msg>
<msg time="2024-03-22T01:50:38.648333" level="INFO">GET Response : url=https://randomuser.me/api 
 status=200, reason=OK 
 headers={'Date': 'Fri, 22 Mar 2024 01:50:38 GMT', 'Content-Type': 'application/json; charset=utf-8', 'Transfer-Encoding': 'chunked', 'Connection': 'keep-alive', 'X-Powered-By': 'Express', 'Access-Control-Allow-Origin': '*', 'Cache-Control': 'no-cache', 'ETag': 'W/"48f-yF0eGv1qHNYHhH+VNlmWOoIq+0M"', 'Vary': 'Accept-Encoding', 'Content-Encoding': 'gzip', 'CF-Cache-Status': 'DYNAMIC', 'Report-To': '{"endpoints":[{"url":"https:\\/\\/a.nel.cloudflare.com\\/report\\/v4?s=8QPnrIrBFEiFYYsK3VSj4aR3PVhL2Ww%2F%2BJ4hIZuIAAyZcqX9oezTwDYkeAvOQhrb0pgWbiW1g8whyS3o3qZpLCXkXhEMN%2BHv7R0%2F9uavQGLHNhPmmdgas3Q49es%2Fo9Xc"}],"group":"cf-nel","max_age":604800}', 'NEL': '{"success_fraction":0,"report_to":"cf-nel","max_age":604800}', 'Server': 'cloudflare', 'CF-RAY': '86828833088b8257-IAD', 'alt-svc': 'h3=":443"; ma=86400'} 
 body={"results":[{"gender":"male","name":{"title":"Mr","first":"Ieremiy","last":"Marenich"},"location":{"street":{"number":9441,"name":"Maydan Voli"},"city":"Slov'yansk","state":"Avtonomna Respublika Krim","country":"Ukraine","postcode":65228,"coordinates":{"latitude":"80.3495","longitude":"-41.9994"},"timezone":{"offset":"-7:00","description":"Mountain Time (US &amp; Canada)"}},"email":"ieremiy.marenich@example.com","login":{"uuid":"682f2c09-3c33-4120-b75e-dca4e9391d5a","username":"greenswan834","password":"jiao","salt":"oWnmhlao","md5":"5c6b8c681c1330a5d6e8554a5a2cadaa","sha1":"4aafbddf412ba7dd671ee98927cd0a41f6e89c46","sha256":"85709cdc35f95b51876155dda42065f708630eaafded0f89cec4727f9c0ba1f8"},"dob":{"date":"1989-09-11T16:13:07.737Z","age":34},"registered":{"date":"2015-04-15T21:16:18.672Z","age":8},"phone":"(099) P25-0836","cell":"(098) N93-2267","id":{"name":"","value":null},"picture":{"large":"https://randomuser.me/api/portraits/men/26.jpg","medium":"https://randomuser.me/api/portraits/med/men/26.jpg","thumbnail":"https://randomuser.me/api/portraits/thumb/men/26.jpg"},"nat":"UA"}],"info":{"seed":"6a17314573e10a59","results":1,"page":1,"version":"1.4"}} 
 </msg>
<msg time="2024-03-22T01:50:38.648402" level="INFO">/opt/hostedtoolcache/Python/3.12.2/x64/lib/python3.12/site-packages/urllib3/connectionpool.py:1103: InsecureRequestWarning: Unverified HTTPS request is being made to host 'randomuser.me'. Adding certificate verification is strongly advised. See: https://urllib3.readthedocs.io/en/latest/advanced-usage.html#tls-warnings
  warnings.warn(</msg>
<msg time="2024-03-22T01:50:38.648503" level="INFO">${response} = &lt;Response [200]&gt;</msg>
<var>${response}</var>
<arg>consultarAPI</arg>
<arg>/api</arg>
<doc>Sends a GET request on a previously created HTTP Session.</doc>
<status status="PASS" start="2024-03-22T01:50:38.561284" elapsed="0.087263"/>
</kw>
<kw name="Set Variable" owner="BuiltIn">
<msg time="2024-03-22T01:50:38.649671" level="INFO">${json_data} = {'results': [{'gender': 'male', 'name': {'title': 'Mr', 'first': 'Ieremiy', 'last': 'Marenich'}, 'location': {'street': {'number': 9441, 'name': 'Maydan Voli'}, 'city': "Slov'yansk", 'state': 'Avtonom...</msg>
<var>${json_data}</var>
<arg>${response.json()}</arg>
<doc>Returns the given values which can then be assigned to a variables.</doc>
<status status="PASS" start="2024-03-22T01:50:38.649059" elapsed="0.000652"/>
</kw>
<kw name="Log" owner="BuiltIn">
<msg time="2024-03-22T01:50:38.650345" level="INFO">{'results': [{'gender': 'male', 'name': {'title': 'Mr', 'first': 'Ieremiy', 'last': 'Marenich'}, 'location': {'street': {'number': 9441, 'name': 'Maydan Voli'}, 'city': "Slov'yansk", 'state': 'Avtonomna Respublika Krim', 'country': 'Ukraine', 'postcode': 65228, 'coordinates': {'latitude': '80.3495', 'longitude': '-41.9994'}, 'timezone': {'offset': '-7:00', 'description': 'Mountain Time (US &amp; Canada)'}}, 'email': 'ieremiy.marenich@example.com', 'login': {'uuid': '682f2c09-3c33-4120-b75e-dca4e9391d5a', 'username': 'greenswan834', 'password': 'jiao', 'salt': 'oWnmhlao', 'md5': '5c6b8c681c1330a5d6e8554a5a2cadaa', 'sha1': '4aafbddf412ba7dd671ee98927cd0a41f6e89c46', 'sha256': '85709cdc35f95b51876155dda42065f708630eaafded0f89cec4727f9c0ba1f8'}, 'dob': {'date': '1989-09-11T16:13:07.737Z', 'age': 34}, 'registered': {'date': '2015-04-15T21:16:18.672Z', 'age': 8}, 'phone': '(099) P25-0836', 'cell': '(098) N93-2267', 'id': {'name': '', 'value': None}, 'picture': {'large': 'https://randomuser.me/api/portraits/men/26.jpg', 'medium': 'https://randomuser.me/api/portraits/med/men/26.jpg', 'thumbnail': 'https://randomuser.me/api/portraits/thumb/men/26.jpg'}, 'nat': 'UA'}], 'info': {'seed': '6a17314573e10a59', 'results': 1, 'page': 1, 'version': '1.4'}}</msg>
<arg>${json_data}</arg>
<doc>Logs the given message with the given level.</doc>
<status status="PASS" start="2024-03-22T01:50:38.650132" elapsed="0.000262"/>
</kw>
<kw name="Should Be Equal As Numbers" owner="BuiltIn">
<arg>${json_data['results'][0]['location']['postcode']}</arg>
<arg>${json_data['results'][0]['location']['postcode']}</arg>
<doc>Fails if objects are unequal after converting them to real numbers.</doc>
<status status="PASS" start="2024-03-22T01:50:38.650694" elapsed="0.000654"/>
</kw>
<kw name="Log" owner="BuiltIn">
<msg time="2024-03-22T01:50:38.651910" level="INFO">65228</msg>
<arg>${json_data['results'][0]['location']['postcode']}</arg>
<doc>Logs the given message with the given level.</doc>
<status status="PASS" start="2024-03-22T01:50:38.651573" elapsed="0.000377"/>
</kw>
<status status="PASS" start="2024-03-22T01:50:38.560944" elapsed="0.091259"/>
</kw>
<doc>Testa se os tipos de dados na resposta da API estão corretos.</doc>
<tag>testeTiposDados</tag>
<status status="PASS" start="2024-03-22T01:50:38.472418" elapsed="0.179944"/>
</test>
<test id="s1-s1-t5" name="Validar conteudo" line="35">
<kw name="Teste de Tipos de Conteudo" owner="random-user-service">
<kw name="GET On Session" owner="RequestsLibrary">
<msg time="2024-03-22T01:50:38.745268" level="INFO">GET Request : url=https://randomuser.me/api 
 path_url=/api 
 headers={'User-Agent': 'python-requests/2.31.0', 'Accept-Encoding': 'gzip, deflate', 'Accept': '*/*', 'Connection': 'keep-alive'} 
 body=None 
 </msg>
<msg time="2024-03-22T01:50:38.745338" level="INFO">GET Response : url=https://randomuser.me/api 
 status=200, reason=OK 
 headers={'Date': 'Fri, 22 Mar 2024 01:50:38 GMT', 'Content-Type': 'application/json; charset=utf-8', 'Transfer-Encoding': 'chunked', 'Connection': 'keep-alive', 'X-Powered-By': 'Express', 'Access-Control-Allow-Origin': '*', 'Cache-Control': 'no-cache', 'ETag': 'W/"47f-J8AfzWLvx8TeGBHZicJEo9lMToE"', 'Vary': 'Accept-Encoding', 'Content-Encoding': 'gzip', 'CF-Cache-Status': 'DYNAMIC', 'Report-To': '{"endpoints":[{"url":"https:\\/\\/a.nel.cloudflare.com\\/report\\/v4?s=18kH2eeLBAWVclQe%2Bo%2BDXjlazd9HvyYiUruhFeE1pKGch58EPSdA7diTYWSjb8MidnQZ6L%2BN%2BebZ0ApOl2uxnnVW8iv9ZXlbdxRJu2ZrLrk3%2BXAz4xIh8On7UJb9KqsB"}],"group":"cf-nel","max_age":604800}', 'NEL': '{"success_fraction":0,"report_to":"cf-nel","max_age":604800}', 'Server': 'cloudflare', 'CF-RAY': '86828833992b8257-IAD', 'alt-svc': 'h3=":443"; ma=86400'} 
 body={"results":[{"gender":"male","name":{"title":"Mr","first":"Lenni","last":"Kumpula"},"location":{"street":{"number":1870,"name":"Nordenskiöldinkatu"},"city":"Iitti","state":"Kymenlaakso","country":"Finland","postcode":63247,"coordinates":{"latitude":"-29.5170","longitude":"-82.6796"},"timezone":{"offset":"+5:45","description":"Kathmandu"}},"email":"lenni.kumpula@example.com","login":{"uuid":"86b27249-6a98-4bf5-a24b-092b6e66185a","username":"crazypanda152","password":"bikini","salt":"zPMFR9wP","md5":"7813a208a46147c616a4a81e6ca3a90e","sha1":"af6b98d4ca3523a7380d50b3493e1c747b488a5d","sha256":"7066bb70bf0471b996dd9f0d81a0e2be6741f0b5d9dc17322b91fe3e5c84dc20"},"dob":{"date":"1978-08-28T23:57:26.028Z","age":45},"registered":{"date":"2005-03-10T02:36:57.150Z","age":19},"phone":"05-944-153","cell":"046-888-26-38","id":{"name":"HETU","value":"NaNNA155undefined"},"picture":{"large":"https://randomuser.me/api/portraits/men/71.jpg","medium":"https://randomuser.me/api/portraits/med/men/71.jpg","thumbnail":"https://randomuser.me/api/portraits/thumb/men/71.jpg"},"nat":"FI"}],"info":{"seed":"cbba4ab9aaad3b34","results":1,"page":1,"version":"1.4"}} 
 </msg>
<msg time="2024-03-22T01:50:38.745396" level="INFO">/opt/hostedtoolcache/Python/3.12.2/x64/lib/python3.12/site-packages/urllib3/connectionpool.py:1103: InsecureRequestWarning: Unverified HTTPS request is being made to host 'randomuser.me'. Adding certificate verification is strongly advised. See: https://urllib3.readthedocs.io/en/latest/advanced-usage.html#tls-warnings
  warnings.warn(</msg>
<msg time="2024-03-22T01:50:38.745503" level="INFO">${response} = &lt;Response [200]&gt;</msg>
<var>${response}</var>
<arg>consultarAPI</arg>
<arg>/api</arg>
<doc>Sends a GET request on a previously created HTTP Session.</doc>
<status status="PASS" start="2024-03-22T01:50:38.654797" elapsed="0.090745"/>
</kw>
<kw name="Set Variable" owner="BuiltIn">
<msg time="2024-03-22T01:50:38.746597" level="INFO">${json_data} = {'results': [{'gender': 'male', 'name': {'title': 'Mr', 'first': 'Lenni', 'last': 'Kumpula'}, 'location': {'street': {'number': 1870, 'name': 'Nordenskiöldinkatu'}, 'city': 'Iitti', 'state': 'Kymenlaa...</msg>
<var>${json_data}</var>
<arg>${response.json()}</arg>
<doc>Returns the given values which can then be assigned to a variables.</doc>
<status status="PASS" start="2024-03-22T01:50:38.746028" elapsed="0.000598"/>
</kw>
<kw name="Set Variable" owner="BuiltIn">
<msg time="2024-03-22T01:50:38.747317" level="INFO">${name_title} = Mr</msg>
<var>${name_title}</var>
<arg>${json_data["results"][0]["name"]["title"]}</arg>
<doc>Returns the given values which can then be assigned to a variables.</doc>
<status status="PASS" start="2024-03-22T01:50:38.746930" elapsed="0.000412"/>
</kw>
<kw name="Create List" owner="BuiltIn">
<msg time="2024-03-22T01:50:38.747840" level="INFO">${allowed_titles} = ['Mr', 'Ms', 'Miss', 'Mrs', 'Madame', 'Monsieur']</msg>
<var>${allowed_titles}</var>
<arg>Mr</arg>
<arg>Ms</arg>
<arg>Miss</arg>
<arg>Mrs</arg>
<arg>Madame</arg>
<arg>Monsieur</arg>
<doc>Returns a list containing given items.</doc>
<status status="PASS" start="2024-03-22T01:50:38.747689" elapsed="0.000175"/>
</kw>
<kw name="List Should Contain Value" owner="Collections">
<msg time="2024-03-22T01:50:38.748348" level="INFO">False</msg>
<arg>${allowed_titles}</arg>
<arg>${name_title}</arg>
<doc>Fails if the ``value`` is not found from ``list``.</doc>
<status status="PASS" start="2024-03-22T01:50:38.748168" elapsed="0.000216"/>
</kw>
<kw name="Set Variable" owner="BuiltIn">
<msg time="2024-03-22T01:50:38.749040" level="INFO">${name_country} = FI</msg>
<var>${name_country}</var>
<arg>${json_data["results"][0]["nat"]}</arg>
<doc>Returns the given values which can then be assigned to a variables.</doc>
<status status="PASS" start="2024-03-22T01:50:38.748669" elapsed="0.000395"/>
</kw>
<kw name="Create List" owner="BuiltIn">
<msg time="2024-03-22T01:50:38.749963" level="INFO">${list_country} = ['AD', 'AE', 'AF', 'AG', 'AI', 'AL', 'AM', 'AO', 'AQ', 'AR', 'AS', 'AT', 'AU', 'AW', 'AX', 'AZ', 'BA', 'BB', 'BD', 'BE', 'BF', 'BG', 'BH', 'BI', 'BJ', 'BL', 'BM', 'BN', 'BO', 'BQ', 'BR', 'BS', 'BT', '...</msg>
<var>${list_country}</var>
<arg>AD</arg>
<arg>AE</arg>
<arg>AF</arg>
<arg>AG</arg>
<arg>AI</arg>
<arg>AL</arg>
<arg>AM</arg>
<arg>AO</arg>
<arg>AQ</arg>
<arg>AR</arg>
<arg>AS</arg>
<arg>AT</arg>
<arg>AU</arg>
<arg>AW</arg>
<arg>AX</arg>
<arg>AZ</arg>
<arg>BA</arg>
<arg>BB</arg>
<arg>BD</arg>
<arg>BE</arg>
<arg>BF</arg>
<arg>BG</arg>
<arg>BH</arg>
<arg>BI</arg>
<arg>BJ</arg>
<arg>BL</arg>
<arg>BM</arg>
<arg>BN</arg>
<arg>BO</arg>
<arg>BQ</arg>
<arg>BR</arg>
<arg>BS</arg>
<arg>BT</arg>
<arg>BV</arg>
<arg>BW</arg>
<arg>BY</arg>
<arg>BZ</arg>
<arg>CA</arg>
<arg>CC</arg>
<arg>CD</arg>
<arg>CF</arg>
<arg>CG</arg>
<arg>CH</arg>
<arg>CI</arg>
<arg>CK</arg>
<arg>CL</arg>
<arg>CM</arg>
<arg>CN</arg>
<arg>CO</arg>
<arg>CR</arg>
<arg>CU</arg>
<arg>CV</arg>
<arg>CW</arg>
<arg>CX</arg>
<arg>CY</arg>
<arg>CZ</arg>
<arg>DE</arg>
<arg>DJ</arg>
<arg>DK</arg>
<arg>DM</arg>
<arg>DO</arg>
<arg>DZ</arg>
<arg>EC</arg>
<arg>EE</arg>
<arg>EG</arg>
<arg>EH</arg>
<arg>ER</arg>
<arg>ES</arg>
<arg>ET</arg>
<arg>FI</arg>
<arg>FJ</arg>
<arg>FK</arg>
<arg>FM</arg>
<arg>FO</arg>
<arg>FR</arg>
<arg>GA</arg>
<arg>GB</arg>
<arg>GD</arg>
<arg>GE</arg>
<arg>GF</arg>
<arg>GG</arg>
<arg>GH</arg>
<arg>GI</arg>
<arg>GL</arg>
<arg>GM</arg>
<arg>GN</arg>
<arg>GP</arg>
<arg>GQ</arg>
<arg>GR</arg>
<arg>GS</arg>
<arg>GT</arg>
<arg>GU</arg>
<arg>GW</arg>
<arg>GY</arg>
<arg>HK</arg>
<arg>HM</arg>
<arg>HN</arg>
<arg>HR</arg>
<arg>HT</arg>
<arg>HU</arg>
<arg>ID</arg>
<arg>IE</arg>
<arg>IL</arg>
<arg>IM</arg>
<arg>IN</arg>
<arg>IO</arg>
<arg>IQ</arg>
<arg>IR</arg>
<arg>IS</arg>
<arg>IT</arg>
<arg>JE</arg>
<arg>JM</arg>
<arg>JO</arg>
<arg>JP</arg>
<arg>KE</arg>
<arg>KG</arg>
<arg>KH</arg>
<arg>KI</arg>
<arg>KM</arg>
<arg>KN</arg>
<arg>KP</arg>
<arg>KR</arg>
<arg>KW</arg>
<arg>KY</arg>
<arg>KZ</arg>
<arg>LA</arg>
<arg>LB</arg>
<arg>LC</arg>
<arg>LI</arg>
<arg>LK</arg>
<arg>LR</arg>
<arg>LS</arg>
<arg>LT</arg>
<arg>LU</arg>
<arg>LV</arg>
<arg>LY</arg>
<arg>MA</arg>
<arg>MC</arg>
<arg>MD</arg>
<arg>ME</arg>
<arg>MF</arg>
<arg>MG</arg>
<arg>MH</arg>
<arg>MK</arg>
<arg>ML</arg>
<arg>MM</arg>
<arg>MN</arg>
<arg>MO</arg>
<arg>MP</arg>
<arg>MQ</arg>
<arg>MR</arg>
<arg>MS</arg>
<arg>MT</arg>
<arg>MU</arg>
<arg>MV</arg>
<arg>MW</arg>
<arg>MX</arg>
<arg>MY</arg>
<arg>MZ</arg>
<arg>NA</arg>
<arg>NC</arg>
<arg>NE</arg>
<arg>NF</arg>
<arg>NG</arg>
<arg>NI</arg>
<arg>NL</arg>
<arg>NO</arg>
<arg>NP</arg>
<arg>NR</arg>
<arg>NU</arg>
<arg>NZ</arg>
<arg>OM</arg>
<arg>PA</arg>
<arg>PE</arg>
<arg>PF</arg>
<arg>PG</arg>
<arg>PH</arg>
<arg>PK</arg>
<arg>PL</arg>
<arg>PM</arg>
<arg>PN</arg>
<arg>PR</arg>
<arg>PS</arg>
<arg>PT</arg>
<arg>PW</arg>
<arg>PY</arg>
<arg>QA</arg>
<arg>RE</arg>
<arg>RO</arg>
<arg>RS</arg>
<arg>RU</arg>
<arg>RW</arg>
<arg>SA</arg>
<arg>SB</arg>
<arg>SC</arg>
<arg>SD</arg>
<arg>SE</arg>
<arg>SG</arg>
<arg>SH</arg>
<arg>SI</arg>
<arg>SJ</arg>
<arg>SK</arg>
<arg>SL</arg>
<arg>SM</arg>
<arg>SN</arg>
<arg>SO</arg>
<arg>SR</arg>
<arg>SS</arg>
<arg>ST</arg>
<arg>SV</arg>
<arg>SX</arg>
<arg>SY</arg>
<arg>SZ</arg>
<arg>TC</arg>
<arg>TD</arg>
<arg>TF</arg>
<arg>TG</arg>
<arg>TH</arg>
<arg>TJ</arg>
<arg>TK</arg>
<arg>TL</arg>
<arg>TM</arg>
<arg>TN</arg>
<arg>TO</arg>
<arg>TR</arg>
<arg>TT</arg>
<arg>TV</arg>
<arg>TW</arg>
<arg>TZ</arg>
<arg>UA</arg>
<arg>UG</arg>
<arg>UM</arg>
<arg>US</arg>
<arg>UY</arg>
<arg>UZ</arg>
<arg>VA</arg>
<arg>VC</arg>
<arg>VE</arg>
<arg>VG</arg>
<arg>VI</arg>
<arg>VN</arg>
<arg>VU</arg>
<arg>WF</arg>
<arg>WS</arg>
<arg>XK</arg>
<arg>YE</arg>
<arg>YT</arg>
<arg>ZA</arg>
<arg>ZM</arg>
<arg>ZW</arg>
<doc>Returns a list containing given items.</doc>
<status status="PASS" start="2024-03-22T01:50:38.749367" elapsed="0.000622"/>
</kw>
<kw name="List Should Contain Value" owner="Collections">
<msg time="2024-03-22T01:50:38.751067" level="INFO">False</msg>
<arg>${list_country}</arg>
<arg>${name_country}</arg>
<doc>Fails if the ``value`` is not found from ``list``.</doc>
<status status="PASS" start="2024-03-22T01:50:38.750867" elapsed="0.000237"/>
</kw>
<kw name="Run Keyword If" owner="BuiltIn">
<kw name="Should Be True" owner="BuiltIn">
<arg>${True}</arg>
<doc>Fails if the given condition is not true.</doc>
<status status="PASS" start="2024-03-22T01:50:38.752187" elapsed="0.000145"/>
</kw>
<arg>${json_data["results"][0]["location"]["coordinates"]["latitude"]} &gt;= -90 and ${json_data["results"][0]["location"]["coordinates"]["latitude"]} &lt;= 90</arg>
<arg>Should Be True</arg>
<arg>${True}</arg>
<doc>Runs the given keyword with the given arguments, if ``condition`` is true.</doc>
<status status="PASS" start="2024-03-22T01:50:38.751432" elapsed="0.001027"/>
</kw>
<kw name="Run Keyword If" owner="BuiltIn">
<kw name="Should Be True" owner="BuiltIn">
<arg>${True}</arg>
<doc>Fails if the given condition is not true.</doc>
<status status="PASS" start="2024-03-22T01:50:38.753346" elapsed="0.000138"/>
</kw>
<arg>${json_data["results"][0]["location"]["coordinates"]["longitude"]} &gt;= -180 and ${json_data["results"][0]["location"]["coordinates"]["longitude"]} &lt;= 180</arg>
<arg>Should Be True</arg>
<arg>${True}</arg>
<doc>Runs the given keyword with the given arguments, if ``condition`` is true.</doc>
<status status="PASS" start="2024-03-22T01:50:38.752642" elapsed="0.000967"/>
</kw>
<status status="PASS" start="2024-03-22T01:50:38.654579" elapsed="0.099158"/>
</kw>
<doc>Testa o conteúdo específico dos campos retornados pela API.</doc>
<tag>testeConteudo</tag>
<status status="PASS" start="2024-03-22T01:50:38.654090" elapsed="0.099797"/>
</test>
<status status="PASS" start="2024-03-22T01:50:37.993953" elapsed="0.761834"/>
</suite>
<status status="PASS" start="2024-03-22T01:50:37.980405" elapsed="0.780628"/>
</suite>
<statistics>
<total>
<stat pass="5" fail="0" skip="0">All Tests</stat>
</total>
<tag>
<stat pass="1" fail="0" skip="0">testeConteudo</stat>
<stat pass="1" fail="0" skip="0">testeEstruturaResposta</stat>
<stat pass="1" fail="0" skip="0">testeRequisicaoBasica</stat>
<stat pass="1" fail="0" skip="0">testeTiposDados</stat>
</tag>
<suite>
<stat pass="5" fail="0" skip="0" id="s1" name="Tests">Tests</stat>
<stat pass="5" fail="0" skip="0" id="s1-s1" name="Random-User-Test">Tests.Random-User-Test</stat>
</suite>
</statistics>
<errors>
</errors>
</robot>
