<?xml version="1.0" encoding="UTF-8"?>
<robot generator="Robot 7.0 (Python 3.12.3 on linux)" generated="2024-05-02T01:57:12.178941" rpa="false" schemaversion="5">
<suite id="s1" name="Tests" source="/home/runner/work/DesafioQAItauRogerioJordao/DesafioQAItauRogerioJordao/RamdonUser/tests">
<suite id="s1-s1" name="Random-User-Test" source="/home/runner/work/DesafioQAItauRogerioJordao/DesafioQAItauRogerioJordao/RamdonUser/tests/random-user-test.robot">
<test id="s1-s1-t1" name="Conectar" line="13">
<kw name="Conectar API" owner="random-user-service">
<kw name="Create Session" owner="RequestsLibrary">
<msg time="2024-05-02T01:57:12.587807" level="INFO">Creating Session using : alias=consultarAPI, url=https://randomuser.me/, headers={},                     cookies={}, auth=None, timeout=None, proxies=None, verify=False,                     debug=0 </msg>
<arg>consultarAPI</arg>
<arg>${URL}</arg>
<doc>Create Session: create a HTTP session to a server</doc>
<status status="PASS" start="2024-05-02T01:57:12.587616" elapsed="0.000353"/>
</kw>
<status status="PASS" start="2024-05-02T01:57:12.586717" elapsed="0.001626"/>
</kw>
<status status="PASS" start="2024-05-02T01:57:12.586134" elapsed="0.002400"/>
</test>
<test id="s1-s1-t2" name="Validar retorno 200 e JSON Válido" line="16">
<kw name="Teste de Requisicao Basica" owner="random-user-service">
<kw name="GET On Session" owner="RequestsLibrary">
<msg time="2024-05-02T01:57:12.830361" level="INFO">GET Request : url=https://randomuser.me/api 
 path_url=/api 
 headers={'User-Agent': 'python-requests/2.31.0', 'Accept-Encoding': 'gzip, deflate', 'Accept': '*/*', 'Connection': 'keep-alive'} 
 body=None 
 </msg>
<msg time="2024-05-02T01:57:12.830471" level="INFO">GET Response : url=https://randomuser.me/api 
 status=200, reason=OK 
 headers={'Date': 'Thu, 02 May 2024 01:57:12 GMT', 'Content-Type': 'application/json; charset=utf-8', 'Transfer-Encoding': 'chunked', 'Connection': 'keep-alive', 'X-Powered-By': 'Express', 'Access-Control-Allow-Origin': '*', 'Cache-Control': 'no-cache', 'ETag': 'W/"484-Zsir9aCvk6fdLiLgCOu59Z4fynE"', 'Vary': 'Accept-Encoding', 'Content-Encoding': 'gzip', 'CF-Cache-Status': 'DYNAMIC', 'Report-To': '{"endpoints":[{"url":"https:\\/\\/a.nel.cloudflare.com\\/report\\/v4?s=fbhGUtgpjh4m57aMh7rBOVJ%2FXyGfmkseMkls3RiSWwz37zG%2B7uZRTz1rh94Adkg9k%2BGt9AyFHFU%2BP65YrSeADjVBOnFJ4M6qGZWv6GUW%2FwEMJxHkL1DaPgedKo5KrXSv"}],"group":"cf-nel","max_age":604800}', 'NEL': '{"success_fraction":0,"report_to":"cf-nel","max_age":604800}', 'Server': 'cloudflare', 'CF-RAY': '87d46632ea8ce110-ORD', 'alt-svc': 'h3=":443"; ma=86400'} 
 body={"results":[{"gender":"female","name":{"title":"Mrs","first":"Jeanne","last":"Lapré"},"location":{"street":{"number":2824,"name":"Georges Brassensstraat"},"city":"Vries","state":"Gelderland","country":"Netherlands","postcode":"1281 KD","coordinates":{"latitude":"33.8355","longitude":"5.7358"},"timezone":{"offset":"+3:30","description":"Tehran"}},"email":"jeanne.lapre@example.com","login":{"uuid":"668949e4-6dd5-4d92-aff1-f155458e2b53","username":"bigzebra175","password":"waterloo","salt":"12w1Mk57","md5":"736cd87145114359d9b478031ef1414a","sha1":"ced9ba6dc3ef4aa4d1924198b74fb2673571bdef","sha256":"c84d053fbc0b6ef2fecc1532cb1b97a2352319b3d30b674a047dace83330f372"},"dob":{"date":"1965-12-05T05:31:37.651Z","age":58},"registered":{"date":"2008-08-01T05:53:59.568Z","age":15},"phone":"(0478) 111832","cell":"(06) 82011453","id":{"name":"BSN","value":"21103149"},"picture":{"large":"https://randomuser.me/api/portraits/women/28.jpg","medium":"https://randomuser.me/api/portraits/med/women/28.jpg","thumbnail":"https://randomuser.me/api/portraits/thumb/women/28.jpg"},"nat":"NL"}],"info":{"seed":"8679f08cc761d294","results":1,"page":1,"version":"1.4"}} 
 </msg>
<msg time="2024-05-02T01:57:12.830542" level="INFO">/opt/hostedtoolcache/Python/3.12.3/x64/lib/python3.12/site-packages/urllib3/connectionpool.py:1103: InsecureRequestWarning: Unverified HTTPS request is being made to host 'randomuser.me'. Adding certificate verification is strongly advised. See: https://urllib3.readthedocs.io/en/latest/advanced-usage.html#tls-warnings
  warnings.warn(</msg>
<msg time="2024-05-02T01:57:12.830675" level="INFO">${response} = &lt;Response [200]&gt;</msg>
<var>${response}</var>
<arg>consultarAPI</arg>
<arg>/api</arg>
<doc>Sends a GET request on a previously created HTTP Session.</doc>
<status status="PASS" start="2024-05-02T01:57:12.591197" elapsed="0.239525"/>
</kw>
<kw name="Should Be Equal As Numbers" owner="BuiltIn">
<msg time="2024-05-02T01:57:12.831554" level="INFO">Argument types are:
&lt;class 'int'&gt;
&lt;class 'str'&gt;</msg>
<arg>${response.status_code}</arg>
<arg>200</arg>
<doc>Fails if objects are unequal after converting them to real numbers.</doc>
<status status="PASS" start="2024-05-02T01:57:12.831135" elapsed="0.000482"/>
</kw>
<kw name="Log" owner="BuiltIn">
<msg time="2024-05-02T01:57:12.832352" level="INFO">200</msg>
<arg>${response.status_code}</arg>
<doc>Logs the given message with the given level.</doc>
<status status="PASS" start="2024-05-02T01:57:12.831951" elapsed="0.000445"/>
</kw>
<kw name="Set Variable" owner="BuiltIn">
<msg time="2024-05-02T01:57:12.833156" level="INFO">${json_data} = {'results': [{'gender': 'female', 'name': {'title': 'Mrs', 'first': 'Jeanne', 'last': 'Lapré'}, 'location': {'street': {'number': 2824, 'name': 'Georges Brassensstraat'}, 'city': 'Vries', 'state': 'Ge...</msg>
<var>${json_data}</var>
<arg>${response.json()}</arg>
<doc>Returns the given values which can then be assigned to a variables.</doc>
<status status="PASS" start="2024-05-02T01:57:12.832705" elapsed="0.000480"/>
</kw>
<kw name="Dictionary Should Contain Key" owner="Collections">
<msg time="2024-05-02T01:57:12.833664" level="INFO">False</msg>
<arg>${json_data}</arg>
<arg>results</arg>
<doc>Fails if ``key`` is not found from ``dictionary``.</doc>
<status status="PASS" start="2024-05-02T01:57:12.833494" elapsed="0.000210"/>
</kw>
<status status="PASS" start="2024-05-02T01:57:12.590955" elapsed="0.243002"/>
</kw>
<doc>Testa se a API responde corretamente e retorna um objeto JSON válido.</doc>
<tag>testeRequisicaoBasica</tag>
<status status="PASS" start="2024-05-02T01:57:12.590409" elapsed="0.243719"/>
</test>
<test id="s1-s1-t3" name="Validar estrutura de resposta" line="22">
<kw name="Teste de Estrutura de Resposta" owner="random-user-service">
<kw name="GET On Session" owner="RequestsLibrary">
<msg time="2024-05-02T01:57:12.930857" level="INFO">GET Request : url=https://randomuser.me/api 
 path_url=/api 
 headers={'User-Agent': 'python-requests/2.31.0', 'Accept-Encoding': 'gzip, deflate', 'Accept': '*/*', 'Connection': 'keep-alive'} 
 body=None 
 </msg>
<msg time="2024-05-02T01:57:12.930944" level="INFO">GET Response : url=https://randomuser.me/api 
 status=200, reason=OK 
 headers={'Date': 'Thu, 02 May 2024 01:57:12 GMT', 'Content-Type': 'application/json; charset=utf-8', 'Transfer-Encoding': 'chunked', 'Connection': 'keep-alive', 'X-Powered-By': 'Express', 'Access-Control-Allow-Origin': '*', 'Cache-Control': 'no-cache', 'ETag': 'W/"497-egY/ThF77zzrM+HUrqHAXgicYjY"', 'Vary': 'Accept-Encoding', 'Content-Encoding': 'gzip', 'CF-Cache-Status': 'DYNAMIC', 'Report-To': '{"endpoints":[{"url":"https:\\/\\/a.nel.cloudflare.com\\/report\\/v4?s=ziz8eG59XrlQ2vbGXfp1K0vROdXqS6%2FHe0h9TeEQKijcYxulqbcmp9Vi430JPru2bbBh657VCHtbygV1PtKi%2BbYzUnJuEvVKfCYYYqtIy4Vhnffx4f0XJWeNVv1iQGAU"}],"group":"cf-nel","max_age":604800}', 'NEL': '{"success_fraction":0,"report_to":"cf-nel","max_age":604800}', 'Server': 'cloudflare', 'CF-RAY': '87d466333b02e110-ORD', 'alt-svc': 'h3=":443"; ma=86400'} 
 body={"results":[{"gender":"female","name":{"title":"Ms","first":"Iqra","last":"Leeuw"},"location":{"street":{"number":5341,"name":"3e Emmadwarsstraat"},"city":"Eppenhuizen","state":"Drenthe","country":"Netherlands","postcode":"5990 IZ","coordinates":{"latitude":"38.2193","longitude":"115.0189"},"timezone":{"offset":"+4:00","description":"Abu Dhabi, Muscat, Baku, Tbilisi"}},"email":"iqra.leeuw@example.com","login":{"uuid":"66f98030-e72a-40c0-bbaa-0b568d25e09b","username":"redbird757","password":"nittany","salt":"DkOdXcCS","md5":"b6600281ed8126c89c6ebe6887be79b0","sha1":"6c9ec42dc962a74470e95f00a38a3b1ac5f3c6d3","sha256":"e253779735bd2fb4b605843fddc32096447748b23cc49961f3e7897d6d410d7b"},"dob":{"date":"1964-12-29T02:11:26.365Z","age":59},"registered":{"date":"2009-10-20T11:58:19.992Z","age":14},"phone":"(0617) 772836","cell":"(06) 88465895","id":{"name":"BSN","value":"22493517"},"picture":{"large":"https://randomuser.me/api/portraits/women/49.jpg","medium":"https://randomuser.me/api/portraits/med/women/49.jpg","thumbnail":"https://randomuser.me/api/portraits/thumb/women/49.jpg"},"nat":"NL"}],"info":{"seed":"244d61e02e4a0f7f","results":1,"page":1,"version":"1.4"}} 
 </msg>
<msg time="2024-05-02T01:57:12.931037" level="INFO">/opt/hostedtoolcache/Python/3.12.3/x64/lib/python3.12/site-packages/urllib3/connectionpool.py:1103: InsecureRequestWarning: Unverified HTTPS request is being made to host 'randomuser.me'. Adding certificate verification is strongly advised. See: https://urllib3.readthedocs.io/en/latest/advanced-usage.html#tls-warnings
  warnings.warn(</msg>
<msg time="2024-05-02T01:57:12.931126" level="INFO">${response} = &lt;Response [200]&gt;</msg>
<var>${response}</var>
<arg>consultarAPI</arg>
<arg>/api</arg>
<doc>Sends a GET request on a previously created HTTP Session.</doc>
<status status="PASS" start="2024-05-02T01:57:12.837174" elapsed="0.093980"/>
</kw>
<kw name="Set Variable" owner="BuiltIn">
<msg time="2024-05-02T01:57:12.932086" level="INFO">${json_data} = {'results': [{'gender': 'female', 'name': {'title': 'Ms', 'first': 'Iqra', 'last': 'Leeuw'}, 'location': {'street': {'number': 5341, 'name': '3e Emmadwarsstraat'}, 'city': 'Eppenhuizen', 'state': 'Dre...</msg>
<var>${json_data}</var>
<arg>${response.json()}</arg>
<doc>Returns the given values which can then be assigned to a variables.</doc>
<status status="PASS" start="2024-05-02T01:57:12.931594" elapsed="0.000531"/>
</kw>
<kw name="Log" owner="BuiltIn">
<msg time="2024-05-02T01:57:12.932582" level="INFO">{'results': [{'gender': 'female', 'name': {'title': 'Ms', 'first': 'Iqra', 'last': 'Leeuw'}, 'location': {'street': {'number': 5341, 'name': '3e Emmadwarsstraat'}, 'city': 'Eppenhuizen', 'state': 'Drenthe', 'country': 'Netherlands', 'postcode': '5990 IZ', 'coordinates': {'latitude': '38.2193', 'longitude': '115.0189'}, 'timezone': {'offset': '+4:00', 'description': 'Abu Dhabi, Muscat, Baku, Tbilisi'}}, 'email': 'iqra.leeuw@example.com', 'login': {'uuid': '66f98030-e72a-40c0-bbaa-0b568d25e09b', 'username': 'redbird757', 'password': 'nittany', 'salt': 'DkOdXcCS', 'md5': 'b6600281ed8126c89c6ebe6887be79b0', 'sha1': '6c9ec42dc962a74470e95f00a38a3b1ac5f3c6d3', 'sha256': 'e253779735bd2fb4b605843fddc32096447748b23cc49961f3e7897d6d410d7b'}, 'dob': {'date': '1964-12-29T02:11:26.365Z', 'age': 59}, 'registered': {'date': '2009-10-20T11:58:19.992Z', 'age': 14}, 'phone': '(0617) 772836', 'cell': '(06) 88465895', 'id': {'name': 'BSN', 'value': '22493517'}, 'picture': {'large': 'https://randomuser.me/api/portraits/women/49.jpg', 'medium': 'https://randomuser.me/api/portraits/med/women/49.jpg', 'thumbnail': 'https://randomuser.me/api/portraits/thumb/women/49.jpg'}, 'nat': 'NL'}], 'info': {'seed': '244d61e02e4a0f7f', 'results': 1, 'page': 1, 'version': '1.4'}}</msg>
<arg>${json_data}</arg>
<doc>Logs the given message with the given level.</doc>
<status status="PASS" start="2024-05-02T01:57:12.932430" elapsed="0.000198"/>
</kw>
<kw name="Dictionary Should Contain Key" owner="Collections">
<msg time="2024-05-02T01:57:12.933066" level="INFO">False</msg>
<arg>${json_data}</arg>
<arg>results</arg>
<doc>Fails if ``key`` is not found from ``dictionary``.</doc>
<status status="PASS" start="2024-05-02T01:57:12.932916" elapsed="0.000185"/>
</kw>
<kw name="Should Not Be Empty" owner="BuiltIn">
<msg time="2024-05-02T01:57:12.933515" level="INFO">Length is 2.</msg>
<arg>${json_data}</arg>
<doc>Verifies that the given item is not empty.</doc>
<status status="PASS" start="2024-05-02T01:57:12.933387" elapsed="0.000284"/>
</kw>
<kw name="Create List" owner="BuiltIn">
<msg time="2024-05-02T01:57:12.934107" level="INFO">${expected_keys} = ['gender', 'name', 'location', 'email', 'login']</msg>
<var>${expected_keys}</var>
<arg>gender</arg>
<arg>name</arg>
<arg>location</arg>
<arg>email</arg>
<arg>login</arg>
<doc>Returns a list containing given items.</doc>
<status status="PASS" start="2024-05-02T01:57:12.933959" elapsed="0.000171"/>
</kw>
<for flavor="IN">
<iter>
<kw name="Dictionary Should Contain Key" owner="Collections">
<msg time="2024-05-02T01:57:12.935079" level="INFO">False</msg>
<arg>${json_data['results'][0]}</arg>
<arg>${key}</arg>
<doc>Fails if ``key`` is not found from ``dictionary``.</doc>
<status status="PASS" start="2024-05-02T01:57:12.934683" elapsed="0.000433"/>
</kw>
<kw name="Log" owner="BuiltIn">
<msg time="2024-05-02T01:57:12.935767" level="INFO">{'gender': 'female', 'name': {'title': 'Ms', 'first': 'Iqra', 'last': 'Leeuw'}, 'location': {'street': {'number': 5341, 'name': '3e Emmadwarsstraat'}, 'city': 'Eppenhuizen', 'state': 'Drenthe', 'country': 'Netherlands', 'postcode': '5990 IZ', 'coordinates': {'latitude': '38.2193', 'longitude': '115.0189'}, 'timezone': {'offset': '+4:00', 'description': 'Abu Dhabi, Muscat, Baku, Tbilisi'}}, 'email': 'iqra.leeuw@example.com', 'login': {'uuid': '66f98030-e72a-40c0-bbaa-0b568d25e09b', 'username': 'redbird757', 'password': 'nittany', 'salt': 'DkOdXcCS', 'md5': 'b6600281ed8126c89c6ebe6887be79b0', 'sha1': '6c9ec42dc962a74470e95f00a38a3b1ac5f3c6d3', 'sha256': 'e253779735bd2fb4b605843fddc32096447748b23cc49961f3e7897d6d410d7b'}, 'dob': {'date': '1964-12-29T02:11:26.365Z', 'age': 59}, 'registered': {'date': '2009-10-20T11:58:19.992Z', 'age': 14}, 'phone': '(0617) 772836', 'cell': '(06) 88465895', 'id': {'name': 'BSN', 'value': '22493517'}, 'picture': {'large': 'https://randomuser.me/api/portraits/women/49.jpg', 'medium': 'https://randomuser.me/api/portraits/med/women/49.jpg', 'thumbnail': 'https://randomuser.me/api/portraits/thumb/women/49.jpg'}, 'nat': 'NL'}</msg>
<arg>${json_data['results'][0]}</arg>
<doc>Logs the given message with the given level.</doc>
<status status="PASS" start="2024-05-02T01:57:12.935409" elapsed="0.000404"/>
</kw>
<kw name="Log" owner="BuiltIn">
<msg time="2024-05-02T01:57:12.936251" level="INFO">gender</msg>
<arg>${key}</arg>
<doc>Logs the given message with the given level.</doc>
<status status="PASS" start="2024-05-02T01:57:12.936126" elapsed="0.000161"/>
</kw>
<var name="${key}">gender</var>
<status status="PASS" start="2024-05-02T01:57:12.934560" elapsed="0.001936"/>
</iter>
<iter>
<kw name="Dictionary Should Contain Key" owner="Collections">
<msg time="2024-05-02T01:57:12.937174" level="INFO">False</msg>
<arg>${json_data['results'][0]}</arg>
<arg>${key}</arg>
<doc>Fails if ``key`` is not found from ``dictionary``.</doc>
<status status="PASS" start="2024-05-02T01:57:12.936791" elapsed="0.000419"/>
</kw>
<kw name="Log" owner="BuiltIn">
<msg time="2024-05-02T01:57:12.937886" level="INFO">{'gender': 'female', 'name': {'title': 'Ms', 'first': 'Iqra', 'last': 'Leeuw'}, 'location': {'street': {'number': 5341, 'name': '3e Emmadwarsstraat'}, 'city': 'Eppenhuizen', 'state': 'Drenthe', 'country': 'Netherlands', 'postcode': '5990 IZ', 'coordinates': {'latitude': '38.2193', 'longitude': '115.0189'}, 'timezone': {'offset': '+4:00', 'description': 'Abu Dhabi, Muscat, Baku, Tbilisi'}}, 'email': 'iqra.leeuw@example.com', 'login': {'uuid': '66f98030-e72a-40c0-bbaa-0b568d25e09b', 'username': 'redbird757', 'password': 'nittany', 'salt': 'DkOdXcCS', 'md5': 'b6600281ed8126c89c6ebe6887be79b0', 'sha1': '6c9ec42dc962a74470e95f00a38a3b1ac5f3c6d3', 'sha256': 'e253779735bd2fb4b605843fddc32096447748b23cc49961f3e7897d6d410d7b'}, 'dob': {'date': '1964-12-29T02:11:26.365Z', 'age': 59}, 'registered': {'date': '2009-10-20T11:58:19.992Z', 'age': 14}, 'phone': '(0617) 772836', 'cell': '(06) 88465895', 'id': {'name': 'BSN', 'value': '22493517'}, 'picture': {'large': 'https://randomuser.me/api/portraits/women/49.jpg', 'medium': 'https://randomuser.me/api/portraits/med/women/49.jpg', 'thumbnail': 'https://randomuser.me/api/portraits/thumb/women/49.jpg'}, 'nat': 'NL'}</msg>
<arg>${json_data['results'][0]}</arg>
<doc>Logs the given message with the given level.</doc>
<status status="PASS" start="2024-05-02T01:57:12.937526" elapsed="0.000408"/>
</kw>
<kw name="Log" owner="BuiltIn">
<msg time="2024-05-02T01:57:12.938350" level="INFO">name</msg>
<arg>${key}</arg>
<doc>Logs the given message with the given level.</doc>
<status status="PASS" start="2024-05-02T01:57:12.938226" elapsed="0.000160"/>
</kw>
<var name="${key}">name</var>
<status status="PASS" start="2024-05-02T01:57:12.936678" elapsed="0.001919"/>
</iter>
<iter>
<kw name="Dictionary Should Contain Key" owner="Collections">
<msg time="2024-05-02T01:57:12.939272" level="INFO">False</msg>
<arg>${json_data['results'][0]}</arg>
<arg>${key}</arg>
<doc>Fails if ``key`` is not found from ``dictionary``.</doc>
<status status="PASS" start="2024-05-02T01:57:12.938887" elapsed="0.000422"/>
</kw>
<kw name="Log" owner="BuiltIn">
<msg time="2024-05-02T01:57:12.939956" level="INFO">{'gender': 'female', 'name': {'title': 'Ms', 'first': 'Iqra', 'last': 'Leeuw'}, 'location': {'street': {'number': 5341, 'name': '3e Emmadwarsstraat'}, 'city': 'Eppenhuizen', 'state': 'Drenthe', 'country': 'Netherlands', 'postcode': '5990 IZ', 'coordinates': {'latitude': '38.2193', 'longitude': '115.0189'}, 'timezone': {'offset': '+4:00', 'description': 'Abu Dhabi, Muscat, Baku, Tbilisi'}}, 'email': 'iqra.leeuw@example.com', 'login': {'uuid': '66f98030-e72a-40c0-bbaa-0b568d25e09b', 'username': 'redbird757', 'password': 'nittany', 'salt': 'DkOdXcCS', 'md5': 'b6600281ed8126c89c6ebe6887be79b0', 'sha1': '6c9ec42dc962a74470e95f00a38a3b1ac5f3c6d3', 'sha256': 'e253779735bd2fb4b605843fddc32096447748b23cc49961f3e7897d6d410d7b'}, 'dob': {'date': '1964-12-29T02:11:26.365Z', 'age': 59}, 'registered': {'date': '2009-10-20T11:58:19.992Z', 'age': 14}, 'phone': '(0617) 772836', 'cell': '(06) 88465895', 'id': {'name': 'BSN', 'value': '22493517'}, 'picture': {'large': 'https://randomuser.me/api/portraits/women/49.jpg', 'medium': 'https://randomuser.me/api/portraits/med/women/49.jpg', 'thumbnail': 'https://randomuser.me/api/portraits/thumb/women/49.jpg'}, 'nat': 'NL'}</msg>
<arg>${json_data['results'][0]}</arg>
<doc>Logs the given message with the given level.</doc>
<status status="PASS" start="2024-05-02T01:57:12.939600" elapsed="0.000421"/>
</kw>
<kw name="Log" owner="BuiltIn">
<msg time="2024-05-02T01:57:12.940463" level="INFO">location</msg>
<arg>${key}</arg>
<doc>Logs the given message with the given level.</doc>
<status status="PASS" start="2024-05-02T01:57:12.940331" elapsed="0.000169"/>
</kw>
<var name="${key}">location</var>
<status status="PASS" start="2024-05-02T01:57:12.938775" elapsed="0.001935"/>
</iter>
<iter>
<kw name="Dictionary Should Contain Key" owner="Collections">
<msg time="2024-05-02T01:57:12.941372" level="INFO">False</msg>
<arg>${json_data['results'][0]}</arg>
<arg>${key}</arg>
<doc>Fails if ``key`` is not found from ``dictionary``.</doc>
<status status="PASS" start="2024-05-02T01:57:12.940990" elapsed="0.000426"/>
</kw>
<kw name="Log" owner="BuiltIn">
<msg time="2024-05-02T01:57:12.942077" level="INFO">{'gender': 'female', 'name': {'title': 'Ms', 'first': 'Iqra', 'last': 'Leeuw'}, 'location': {'street': {'number': 5341, 'name': '3e Emmadwarsstraat'}, 'city': 'Eppenhuizen', 'state': 'Drenthe', 'country': 'Netherlands', 'postcode': '5990 IZ', 'coordinates': {'latitude': '38.2193', 'longitude': '115.0189'}, 'timezone': {'offset': '+4:00', 'description': 'Abu Dhabi, Muscat, Baku, Tbilisi'}}, 'email': 'iqra.leeuw@example.com', 'login': {'uuid': '66f98030-e72a-40c0-bbaa-0b568d25e09b', 'username': 'redbird757', 'password': 'nittany', 'salt': 'DkOdXcCS', 'md5': 'b6600281ed8126c89c6ebe6887be79b0', 'sha1': '6c9ec42dc962a74470e95f00a38a3b1ac5f3c6d3', 'sha256': 'e253779735bd2fb4b605843fddc32096447748b23cc49961f3e7897d6d410d7b'}, 'dob': {'date': '1964-12-29T02:11:26.365Z', 'age': 59}, 'registered': {'date': '2009-10-20T11:58:19.992Z', 'age': 14}, 'phone': '(0617) 772836', 'cell': '(06) 88465895', 'id': {'name': 'BSN', 'value': '22493517'}, 'picture': {'large': 'https://randomuser.me/api/portraits/women/49.jpg', 'medium': 'https://randomuser.me/api/portraits/med/women/49.jpg', 'thumbnail': 'https://randomuser.me/api/portraits/thumb/women/49.jpg'}, 'nat': 'NL'}</msg>
<arg>${json_data['results'][0]}</arg>
<doc>Logs the given message with the given level.</doc>
<status status="PASS" start="2024-05-02T01:57:12.941713" elapsed="0.000410"/>
</kw>
<kw name="Log" owner="BuiltIn">
<msg time="2024-05-02T01:57:12.942536" level="INFO">email</msg>
<arg>${key}</arg>
<doc>Logs the given message with the given level.</doc>
<status status="PASS" start="2024-05-02T01:57:12.942412" elapsed="0.000160"/>
</kw>
<var name="${key}">email</var>
<status status="PASS" start="2024-05-02T01:57:12.940881" elapsed="0.001899"/>
</iter>
<iter>
<kw name="Dictionary Should Contain Key" owner="Collections">
<msg time="2024-05-02T01:57:12.943448" level="INFO">False</msg>
<arg>${json_data['results'][0]}</arg>
<arg>${key}</arg>
<doc>Fails if ``key`` is not found from ``dictionary``.</doc>
<status status="PASS" start="2024-05-02T01:57:12.943059" elapsed="0.000425"/>
</kw>
<kw name="Log" owner="BuiltIn">
<msg time="2024-05-02T01:57:12.944154" level="INFO">{'gender': 'female', 'name': {'title': 'Ms', 'first': 'Iqra', 'last': 'Leeuw'}, 'location': {'street': {'number': 5341, 'name': '3e Emmadwarsstraat'}, 'city': 'Eppenhuizen', 'state': 'Drenthe', 'country': 'Netherlands', 'postcode': '5990 IZ', 'coordinates': {'latitude': '38.2193', 'longitude': '115.0189'}, 'timezone': {'offset': '+4:00', 'description': 'Abu Dhabi, Muscat, Baku, Tbilisi'}}, 'email': 'iqra.leeuw@example.com', 'login': {'uuid': '66f98030-e72a-40c0-bbaa-0b568d25e09b', 'username': 'redbird757', 'password': 'nittany', 'salt': 'DkOdXcCS', 'md5': 'b6600281ed8126c89c6ebe6887be79b0', 'sha1': '6c9ec42dc962a74470e95f00a38a3b1ac5f3c6d3', 'sha256': 'e253779735bd2fb4b605843fddc32096447748b23cc49961f3e7897d6d410d7b'}, 'dob': {'date': '1964-12-29T02:11:26.365Z', 'age': 59}, 'registered': {'date': '2009-10-20T11:58:19.992Z', 'age': 14}, 'phone': '(0617) 772836', 'cell': '(06) 88465895', 'id': {'name': 'BSN', 'value': '22493517'}, 'picture': {'large': 'https://randomuser.me/api/portraits/women/49.jpg', 'medium': 'https://randomuser.me/api/portraits/med/women/49.jpg', 'thumbnail': 'https://randomuser.me/api/portraits/thumb/women/49.jpg'}, 'nat': 'NL'}</msg>
<arg>${json_data['results'][0]}</arg>
<doc>Logs the given message with the given level.</doc>
<status status="PASS" start="2024-05-02T01:57:12.943771" elapsed="0.000428"/>
</kw>
<kw name="Log" owner="BuiltIn">
<msg time="2024-05-02T01:57:12.944617" level="INFO">login</msg>
<arg>${key}</arg>
<doc>Logs the given message with the given level.</doc>
<status status="PASS" start="2024-05-02T01:57:12.944494" elapsed="0.000160"/>
</kw>
<var name="${key}">login</var>
<status status="PASS" start="2024-05-02T01:57:12.942948" elapsed="0.001941"/>
</iter>
<var>${key}</var>
<value>@{expected_keys}</value>
<status status="PASS" start="2024-05-02T01:57:12.934378" elapsed="0.010631"/>
</for>
<kw name="Create List" owner="BuiltIn">
<msg time="2024-05-02T01:57:12.945331" level="INFO">${expected_keysTwo} = ['username', 'password']</msg>
<var>${expected_keysTwo}</var>
<arg>username</arg>
<arg>password</arg>
<doc>Returns a list containing given items.</doc>
<status status="PASS" start="2024-05-02T01:57:12.945198" elapsed="0.000156"/>
</kw>
<for flavor="IN">
<iter>
<kw name="Dictionary Should Contain Key" owner="Collections">
<msg time="2024-05-02T01:57:12.946227" level="INFO">False</msg>
<arg>${json_data['results'][0]['login']}</arg>
<arg>${keyTwo}</arg>
<doc>Fails if ``key`` is not found from ``dictionary``.</doc>
<status status="PASS" start="2024-05-02T01:57:12.945843" elapsed="0.000421"/>
</kw>
<kw name="Dictionary Should Contain Key" owner="Collections">
<msg time="2024-05-02T01:57:12.946934" level="INFO">False</msg>
<arg>${json_data['results'][0]['login']}</arg>
<arg>${keyTwo}</arg>
<doc>Fails if ``key`` is not found from ``dictionary``.</doc>
<status status="PASS" start="2024-05-02T01:57:12.946554" elapsed="0.000417"/>
</kw>
<kw name="Log" owner="BuiltIn">
<msg time="2024-05-02T01:57:12.947378" level="INFO">username</msg>
<arg>${keyTwo}</arg>
<doc>Logs the given message with the given level.</doc>
<status status="PASS" start="2024-05-02T01:57:12.947255" elapsed="0.000164"/>
</kw>
<var name="${keyTwo}">username</var>
<status status="PASS" start="2024-05-02T01:57:12.945732" elapsed="0.001898"/>
</iter>
<iter>
<kw name="Dictionary Should Contain Key" owner="Collections">
<msg time="2024-05-02T01:57:12.948399" level="INFO">False</msg>
<arg>${json_data['results'][0]['login']}</arg>
<arg>${keyTwo}</arg>
<doc>Fails if ``key`` is not found from ``dictionary``.</doc>
<status status="PASS" start="2024-05-02T01:57:12.947910" elapsed="0.000528"/>
</kw>
<kw name="Dictionary Should Contain Key" owner="Collections">
<msg time="2024-05-02T01:57:12.949109" level="INFO">False</msg>
<arg>${json_data['results'][0]['login']}</arg>
<arg>${keyTwo}</arg>
<doc>Fails if ``key`` is not found from ``dictionary``.</doc>
<status status="PASS" start="2024-05-02T01:57:12.948733" elapsed="0.000413"/>
</kw>
<kw name="Log" owner="BuiltIn">
<msg time="2024-05-02T01:57:12.949558" level="INFO">password</msg>
<arg>${keyTwo}</arg>
<doc>Logs the given message with the given level.</doc>
<status status="PASS" start="2024-05-02T01:57:12.949433" elapsed="0.000162"/>
</kw>
<var name="${keyTwo}">password</var>
<status status="PASS" start="2024-05-02T01:57:12.947801" elapsed="0.002004"/>
</iter>
<var>${keyTwo}</var>
<value>@{expected_keysTwo}</value>
<status status="PASS" start="2024-05-02T01:57:12.945584" elapsed="0.004342"/>
</for>
<status status="PASS" start="2024-05-02T01:57:12.836834" elapsed="0.113231"/>
</kw>
<doc>Testa a estrutura da resposta da API.</doc>
<tag>testeEstruturaResposta</tag>
<status status="PASS" start="2024-05-02T01:57:12.836079" elapsed="0.114141"/>
</test>
<test id="s1-s1-t4" name="Validar tipos de dados" line="28">
<kw name="Teste de Tipos de Dados" owner="random-user-service">
<kw name="GET On Session" owner="RequestsLibrary">
<msg time="2024-05-02T01:57:13.033008" level="INFO">GET Request : url=https://randomuser.me/api 
 path_url=/api 
 headers={'User-Agent': 'python-requests/2.31.0', 'Accept-Encoding': 'gzip, deflate', 'Accept': '*/*', 'Connection': 'keep-alive'} 
 body=None 
 </msg>
<msg time="2024-05-02T01:57:13.033083" level="INFO">GET Response : url=https://randomuser.me/api 
 status=200, reason=OK 
 headers={'Date': 'Thu, 02 May 2024 01:57:13 GMT', 'Content-Type': 'application/json; charset=utf-8', 'Transfer-Encoding': 'chunked', 'Connection': 'keep-alive', 'X-Powered-By': 'Express', 'Access-Control-Allow-Origin': '*', 'Cache-Control': 'no-cache', 'ETag': 'W/"47d-Jr6GsBzEq6Woe96Wt6WbOYdULIU"', 'Vary': 'Accept-Encoding', 'Content-Encoding': 'gzip', 'CF-Cache-Status': 'DYNAMIC', 'Report-To': '{"endpoints":[{"url":"https:\\/\\/a.nel.cloudflare.com\\/report\\/v4?s=e2McgVRQvFF0yLZag28RkWtQVUMcyW8WZUu0NyQzfnFHNRIxvlKBvmHeZLrmBxDFf8iu315TCUijCAQkZ8r5OPJ%2FDJxZHJgz0scFC3g0YqBbwxdOmSldAJm1lSnqMK5r"}],"group":"cf-nel","max_age":604800}', 'NEL': '{"success_fraction":0,"report_to":"cf-nel","max_age":604800}', 'Server': 'cloudflare', 'CF-RAY': '87d46633fbfee110-ORD', 'alt-svc': 'h3=":443"; ma=86400'} 
 body={"results":[{"gender":"male","name":{"title":"Mr","first":"Bror","last":"Log"},"location":{"street":{"number":5522,"name":"Birgitte Hammers vei"},"city":"Rossnes","state":"Telemark","country":"Norway","postcode":"1404","coordinates":{"latitude":"40.0218","longitude":"-68.9229"},"timezone":{"offset":"+4:00","description":"Abu Dhabi, Muscat, Baku, Tbilisi"}},"email":"bror.log@example.com","login":{"uuid":"27981ac8-b5cb-46bf-94f4-1f77dfdfb3a9","username":"yellowfish192","password":"cynthia","salt":"SvVTyS8g","md5":"692d5214bf7f6b3c3dcb766f3e7f8670","sha1":"afd917621e17e1c55620ceee7dbbaa8f52d84e82","sha256":"d28128e4ba3dc39c71b2d10ab5bb8be69df9011892106abbbab53a5530d2f663"},"dob":{"date":"1998-11-01T08:39:50.469Z","age":25},"registered":{"date":"2011-11-04T18:44:19.365Z","age":12},"phone":"89897266","cell":"46311719","id":{"name":"FN","value":"01119838181"},"picture":{"large":"https://randomuser.me/api/portraits/men/45.jpg","medium":"https://randomuser.me/api/portraits/med/men/45.jpg","thumbnail":"https://randomuser.me/api/portraits/thumb/men/45.jpg"},"nat":"NO"}],"info":{"seed":"0477323aba897779","results":1,"page":1,"version":"1.4"}} 
 </msg>
<msg time="2024-05-02T01:57:13.033138" level="INFO">/opt/hostedtoolcache/Python/3.12.3/x64/lib/python3.12/site-packages/urllib3/connectionpool.py:1103: InsecureRequestWarning: Unverified HTTPS request is being made to host 'randomuser.me'. Adding certificate verification is strongly advised. See: https://urllib3.readthedocs.io/en/latest/advanced-usage.html#tls-warnings
  warnings.warn(</msg>
<msg time="2024-05-02T01:57:13.033224" level="INFO">${response} = &lt;Response [200]&gt;</msg>
<var>${response}</var>
<arg>consultarAPI</arg>
<arg>/api</arg>
<doc>Sends a GET request on a previously created HTTP Session.</doc>
<status status="PASS" start="2024-05-02T01:57:12.952720" elapsed="0.080545"/>
</kw>
<kw name="Set Variable" owner="BuiltIn">
<msg time="2024-05-02T01:57:13.034267" level="INFO">${json_data} = {'results': [{'gender': 'male', 'name': {'title': 'Mr', 'first': 'Bror', 'last': 'Log'}, 'location': {'street': {'number': 5522, 'name': 'Birgitte Hammers vei'}, 'city': 'Rossnes', 'state': 'Telemark'...</msg>
<var>${json_data}</var>
<arg>${response.json()}</arg>
<doc>Returns the given values which can then be assigned to a variables.</doc>
<status status="PASS" start="2024-05-02T01:57:13.033703" elapsed="0.000593"/>
</kw>
<kw name="Log" owner="BuiltIn">
<msg time="2024-05-02T01:57:13.034744" level="INFO">{'results': [{'gender': 'male', 'name': {'title': 'Mr', 'first': 'Bror', 'last': 'Log'}, 'location': {'street': {'number': 5522, 'name': 'Birgitte Hammers vei'}, 'city': 'Rossnes', 'state': 'Telemark', 'country': 'Norway', 'postcode': '1404', 'coordinates': {'latitude': '40.0218', 'longitude': '-68.9229'}, 'timezone': {'offset': '+4:00', 'description': 'Abu Dhabi, Muscat, Baku, Tbilisi'}}, 'email': 'bror.log@example.com', 'login': {'uuid': '27981ac8-b5cb-46bf-94f4-1f77dfdfb3a9', 'username': 'yellowfish192', 'password': 'cynthia', 'salt': 'SvVTyS8g', 'md5': '692d5214bf7f6b3c3dcb766f3e7f8670', 'sha1': 'afd917621e17e1c55620ceee7dbbaa8f52d84e82', 'sha256': 'd28128e4ba3dc39c71b2d10ab5bb8be69df9011892106abbbab53a5530d2f663'}, 'dob': {'date': '1998-11-01T08:39:50.469Z', 'age': 25}, 'registered': {'date': '2011-11-04T18:44:19.365Z', 'age': 12}, 'phone': '89897266', 'cell': '46311719', 'id': {'name': 'FN', 'value': '01119838181'}, 'picture': {'large': 'https://randomuser.me/api/portraits/men/45.jpg', 'medium': 'https://randomuser.me/api/portraits/med/men/45.jpg', 'thumbnail': 'https://randomuser.me/api/portraits/thumb/men/45.jpg'}, 'nat': 'NO'}], 'info': {'seed': '0477323aba897779', 'results': 1, 'page': 1, 'version': '1.4'}}</msg>
<arg>${json_data}</arg>
<doc>Logs the given message with the given level.</doc>
<status status="PASS" start="2024-05-02T01:57:13.034597" elapsed="0.000224"/>
</kw>
<kw name="Should Be String" owner="String">
<arg>${json_data['results'][0]['gender']}</arg>
<doc>Fails if the given ``item`` is not a string.</doc>
<status status="PASS" start="2024-05-02T01:57:13.035114" elapsed="0.000355"/>
</kw>
<kw name="Should Match Regexp" owner="BuiltIn">
<arg>${json_data['results'][0]['email']}</arg>
<arg>^[a-zA-Z0-9._%+-]+@[a-zA-Z0-9.-]+\.[a-zA-Z]{2,}$</arg>
<doc>Fails if ``string`` does not match ``pattern`` as a regular expression.</doc>
<status status="PASS" start="2024-05-02T01:57:13.035658" elapsed="0.000533"/>
</kw>
<kw name="Should Match Regexp" owner="BuiltIn">
<arg>${json_data['results'][0]['dob']['date']}</arg>
<arg>\\d{4}-\\d{2}-\\d{2}T\\d{2}:\\d{2}:\\d{2}\\.\\d{3}Z</arg>
<doc>Fails if ``string`` does not match ``pattern`` as a regular expression.</doc>
<status status="PASS" start="2024-05-02T01:57:13.036389" elapsed="0.000486"/>
</kw>
<kw name="Should Match Regexp" owner="BuiltIn">
<arg>${json_data['results'][0]['registered']['date']}</arg>
<arg>\\d{4}-\\d{2}-\\d{2}T\\d{2}:\\d{2}:\\d{2}\\.\\d{3}Z</arg>
<doc>Fails if ``string`` does not match ``pattern`` as a regular expression.</doc>
<status status="PASS" start="2024-05-02T01:57:13.037068" elapsed="0.000370"/>
</kw>
<kw name="Should Match Regexp" owner="BuiltIn">
<arg>${json_data['results'][0]['picture']['large']}</arg>
<arg>^https?://.*\.(?:png|jpe?g|gif|bmp)$</arg>
<doc>Fails if ``string`` does not match ``pattern`` as a regular expression.</doc>
<status status="PASS" start="2024-05-02T01:57:13.037629" elapsed="0.000463"/>
</kw>
<kw name="Should Match Regexp" owner="BuiltIn">
<arg>${json_data['results'][0]['picture']['medium']}</arg>
<arg>^https?://.*\.(?:png|jpe?g|gif|bmp)$</arg>
<doc>Fails if ``string`` does not match ``pattern`` as a regular expression.</doc>
<status status="PASS" start="2024-05-02T01:57:13.038284" elapsed="0.000357"/>
</kw>
<kw name="Should Match Regexp" owner="BuiltIn">
<arg>${json_data['results'][0]['picture']['thumbnail']}</arg>
<arg>^https?://.*\.(?:png|jpe?g|gif|bmp)$</arg>
<doc>Fails if ``string`` does not match ``pattern`` as a regular expression.</doc>
<status status="PASS" start="2024-05-02T01:57:13.038826" elapsed="0.000344"/>
</kw>
<kw name="Log" owner="BuiltIn">
<msg time="2024-05-02T01:57:13.039665" level="INFO">{'large': 'https://randomuser.me/api/portraits/men/45.jpg', 'medium': 'https://randomuser.me/api/portraits/med/men/45.jpg', 'thumbnail': 'https://randomuser.me/api/portraits/thumb/men/45.jpg'}</msg>
<arg>${json_data['results'][0]['picture']}</arg>
<doc>Logs the given message with the given level.</doc>
<status status="PASS" start="2024-05-02T01:57:13.039348" elapsed="0.000358"/>
</kw>
<status status="PASS" start="2024-05-02T01:57:12.952503" elapsed="0.087449"/>
</kw>
<kw name="Teste de Tipos de Dados - Postcode" owner="random-user-service">
<kw name="GET On Session" owner="RequestsLibrary">
<msg time="2024-05-02T01:57:13.135027" level="INFO">GET Request : url=https://randomuser.me/api 
 path_url=/api 
 headers={'User-Agent': 'python-requests/2.31.0', 'Accept-Encoding': 'gzip, deflate', 'Accept': '*/*', 'Connection': 'keep-alive'} 
 body=None 
 </msg>
<msg time="2024-05-02T01:57:13.135111" level="INFO">GET Response : url=https://randomuser.me/api 
 status=200, reason=OK 
 headers={'Date': 'Thu, 02 May 2024 01:57:13 GMT', 'Content-Type': 'application/json; charset=utf-8', 'Transfer-Encoding': 'chunked', 'Connection': 'keep-alive', 'X-Powered-By': 'Express', 'Access-Control-Allow-Origin': '*', 'Cache-Control': 'no-cache', 'ETag': 'W/"4aa-1RRfuHd4jEba4Y36j9IM9wBeoeU"', 'Vary': 'Accept-Encoding', 'Content-Encoding': 'gzip', 'CF-Cache-Status': 'DYNAMIC', 'Report-To': '{"endpoints":[{"url":"https:\\/\\/a.nel.cloudflare.com\\/report\\/v4?s=2CxbpUcBed3NG828ewrSHzNNNDAL0xISzmmfOv1rYAUvxUc7By%2FaloTW%2BsN8LrAyUqe87xygh0RTK9nrIgTBBbzLkTjLX%2BNBt58Zlb3s4jzzXSd75UzEbcSuaUEOUChj"}],"group":"cf-nel","max_age":604800}', 'NEL': '{"success_fraction":0,"report_to":"cf-nel","max_age":604800}', 'Server': 'cloudflare', 'CF-RAY': '87d466348cb9e110-ORD', 'alt-svc': 'h3=":443"; ma=86400'} 
 body={"results":[{"gender":"female","name":{"title":"Mrs","first":"Lívian","last":"Oliveira"},"location":{"street":{"number":5361,"name":"Rua Santo Antônio "},"city":"Muriaé","state":"Minas Gerais","country":"Brazil","postcode":90624,"coordinates":{"latitude":"-76.0913","longitude":"137.7099"},"timezone":{"offset":"+5:30","description":"Bombay, Calcutta, Madras, New Delhi"}},"email":"livian.oliveira@example.com","login":{"uuid":"9b7b8a97-e10c-409d-b26e-e3c878906143","username":"tinytiger298","password":"herring","salt":"ebXaK1Si","md5":"0b85e863154fc4ba2cbec599f683736a","sha1":"c939b0b2caae0e907f379e1267f33d5ee293a849","sha256":"30ca9cf5108e2189d87a65f38b4f3711afb49d90847e60a1b07160263ff25229"},"dob":{"date":"1988-06-07T22:29:34.556Z","age":35},"registered":{"date":"2013-07-24T01:31:53.827Z","age":10},"phone":"(55) 0403-2654","cell":"(67) 0278-5343","id":{"name":"CPF","value":"814.545.112-93"},"picture":{"large":"https://randomuser.me/api/portraits/women/44.jpg","medium":"https://randomuser.me/api/portraits/med/women/44.jpg","thumbnail":"https://randomuser.me/api/portraits/thumb/women/44.jpg"},"nat":"BR"}],"info":{"seed":"c870c879a8531cbb","results":1,"page":1,"version":"1.4"}} 
 </msg>
<msg time="2024-05-02T01:57:13.135185" level="INFO">/opt/hostedtoolcache/Python/3.12.3/x64/lib/python3.12/site-packages/urllib3/connectionpool.py:1103: InsecureRequestWarning: Unverified HTTPS request is being made to host 'randomuser.me'. Adding certificate verification is strongly advised. See: https://urllib3.readthedocs.io/en/latest/advanced-usage.html#tls-warnings
  warnings.warn(</msg>
<msg time="2024-05-02T01:57:13.135301" level="INFO">${response} = &lt;Response [200]&gt;</msg>
<var>${response}</var>
<arg>consultarAPI</arg>
<arg>/api</arg>
<doc>Sends a GET request on a previously created HTTP Session.</doc>
<status status="PASS" start="2024-05-02T01:57:13.040413" elapsed="0.094935"/>
</kw>
<kw name="Set Variable" owner="BuiltIn">
<msg time="2024-05-02T01:57:13.136388" level="INFO">${json_data} = {'results': [{'gender': 'female', 'name': {'title': 'Mrs', 'first': 'Lívian', 'last': 'Oliveira'}, 'location': {'street': {'number': 5361, 'name': 'Rua Santo Antônio '}, 'city': 'Muriaé', 'state': 'Mi...</msg>
<var>${json_data}</var>
<arg>${response.json()}</arg>
<doc>Returns the given values which can then be assigned to a variables.</doc>
<status status="PASS" start="2024-05-02T01:57:13.135786" elapsed="0.000630"/>
</kw>
<kw name="Log" owner="BuiltIn">
<msg time="2024-05-02T01:57:13.136870" level="INFO">{'results': [{'gender': 'female', 'name': {'title': 'Mrs', 'first': 'Lívian', 'last': 'Oliveira'}, 'location': {'street': {'number': 5361, 'name': 'Rua Santo Antônio '}, 'city': 'Muriaé', 'state': 'Minas Gerais', 'country': 'Brazil', 'postcode': 90624, 'coordinates': {'latitude': '-76.0913', 'longitude': '137.7099'}, 'timezone': {'offset': '+5:30', 'description': 'Bombay, Calcutta, Madras, New Delhi'}}, 'email': 'livian.oliveira@example.com', 'login': {'uuid': '9b7b8a97-e10c-409d-b26e-e3c878906143', 'username': 'tinytiger298', 'password': 'herring', 'salt': 'ebXaK1Si', 'md5': '0b85e863154fc4ba2cbec599f683736a', 'sha1': 'c939b0b2caae0e907f379e1267f33d5ee293a849', 'sha256': '30ca9cf5108e2189d87a65f38b4f3711afb49d90847e60a1b07160263ff25229'}, 'dob': {'date': '1988-06-07T22:29:34.556Z', 'age': 35}, 'registered': {'date': '2013-07-24T01:31:53.827Z', 'age': 10}, 'phone': '(55) 0403-2654', 'cell': '(67) 0278-5343', 'id': {'name': 'CPF', 'value': '814.545.112-93'}, 'picture': {'large': 'https://randomuser.me/api/portraits/women/44.jpg', 'medium': 'https://randomuser.me/api/portraits/med/women/44.jpg', 'thumbnail': 'https://randomuser.me/api/portraits/thumb/women/44.jpg'}, 'nat': 'BR'}], 'info': {'seed': 'c870c879a8531cbb', 'results': 1, 'page': 1, 'version': '1.4'}}</msg>
<arg>${json_data}</arg>
<doc>Logs the given message with the given level.</doc>
<status status="PASS" start="2024-05-02T01:57:13.136718" elapsed="0.000229"/>
</kw>
<kw name="Should Be Equal As Numbers" owner="BuiltIn">
<arg>${json_data['results'][0]['location']['postcode']}</arg>
<arg>${json_data['results'][0]['location']['postcode']}</arg>
<doc>Fails if objects are unequal after converting them to real numbers.</doc>
<status status="PASS" start="2024-05-02T01:57:13.137362" elapsed="0.000617"/>
</kw>
<kw name="Log" owner="BuiltIn">
<msg time="2024-05-02T01:57:13.138502" level="INFO">90624</msg>
<arg>${json_data['results'][0]['location']['postcode']}</arg>
<doc>Logs the given message with the given level.</doc>
<status status="PASS" start="2024-05-02T01:57:13.138168" elapsed="0.000373"/>
</kw>
<status status="PASS" start="2024-05-02T01:57:13.040196" elapsed="0.098590"/>
</kw>
<doc>Testa se os tipos de dados na resposta da API estão corretos.</doc>
<tag>testeTiposDados</tag>
<status status="PASS" start="2024-05-02T01:57:12.951953" elapsed="0.186987"/>
</test>
<test id="s1-s1-t5" name="Validar conteudo" line="35">
<kw name="Teste de Tipos de Conteudo" owner="random-user-service">
<kw name="GET On Session" owner="RequestsLibrary">
<msg time="2024-05-02T01:57:13.241359" level="INFO">GET Request : url=https://randomuser.me/api 
 path_url=/api 
 headers={'User-Agent': 'python-requests/2.31.0', 'Accept-Encoding': 'gzip, deflate', 'Accept': '*/*', 'Connection': 'keep-alive'} 
 body=None 
 </msg>
<msg time="2024-05-02T01:57:13.241436" level="INFO">GET Response : url=https://randomuser.me/api 
 status=200, reason=OK 
 headers={'Date': 'Thu, 02 May 2024 01:57:13 GMT', 'Content-Type': 'application/json; charset=utf-8', 'Transfer-Encoding': 'chunked', 'Connection': 'keep-alive', 'X-Powered-By': 'Express', 'Access-Control-Allow-Origin': '*', 'Cache-Control': 'no-cache', 'ETag': 'W/"478-ZMzxA5ibe64GdDTWM09vVDpS8CA"', 'Vary': 'Accept-Encoding', 'Content-Encoding': 'gzip', 'CF-Cache-Status': 'DYNAMIC', 'Report-To': '{"endpoints":[{"url":"https:\\/\\/a.nel.cloudflare.com\\/report\\/v4?s=drY2u4jfQNxf7AgARbJK7OzPTF2ylM1alhQAoNV%2FFgPoEGId6LvkYojjEnvq5gmkQJWPDB5OwHMvooTcVxdGcQRuDgfw%2BiyHiYeDhHC03MjHgtkB30Fus55z7XJqK96Y"}],"group":"cf-nel","max_age":604800}', 'NEL': '{"success_fraction":0,"report_to":"cf-nel","max_age":604800}', 'Server': 'cloudflare', 'CF-RAY': '87d466352d88e110-ORD', 'alt-svc': 'h3=":443"; ma=86400'} 
 body={"results":[{"gender":"female","name":{"title":"Ms","first":"Bianca","last":"Kleveland"},"location":{"street":{"number":4964,"name":"Lysebuveien"},"city":"Rena","state":"Troms - Romsa","country":"Norway","postcode":"4803","coordinates":{"latitude":"43.5512","longitude":"135.7146"},"timezone":{"offset":"+5:45","description":"Kathmandu"}},"email":"bianca.kleveland@example.com","login":{"uuid":"26eb789d-6d2e-450e-b759-ddf8b3f5d896","username":"organicsnake862","password":"franky","salt":"Yl6wd6DC","md5":"cc2d44f3c7238cca8b57ff8abedd54e0","sha1":"3c8e9c09a69ff17049b5796dd622476f500b40ca","sha256":"1eede341db74218995ae0c00aa489b38bbb3fb586cc1157c7e29ac5d727ae85a"},"dob":{"date":"1999-12-27T08:25:59.185Z","age":24},"registered":{"date":"2012-05-05T10:38:11.036Z","age":11},"phone":"39385549","cell":"91129519","id":{"name":"FN","value":"27129942008"},"picture":{"large":"https://randomuser.me/api/portraits/women/69.jpg","medium":"https://randomuser.me/api/portraits/med/women/69.jpg","thumbnail":"https://randomuser.me/api/portraits/thumb/women/69.jpg"},"nat":"NO"}],"info":{"seed":"dcc6ffb3f0595f8f","results":1,"page":1,"version":"1.4"}} 
 </msg>
<msg time="2024-05-02T01:57:13.241500" level="INFO">/opt/hostedtoolcache/Python/3.12.3/x64/lib/python3.12/site-packages/urllib3/connectionpool.py:1103: InsecureRequestWarning: Unverified HTTPS request is being made to host 'randomuser.me'. Adding certificate verification is strongly advised. See: https://urllib3.readthedocs.io/en/latest/advanced-usage.html#tls-warnings
  warnings.warn(</msg>
<msg time="2024-05-02T01:57:13.241589" level="INFO">${response} = &lt;Response [200]&gt;</msg>
<var>${response}</var>
<arg>consultarAPI</arg>
<arg>/api</arg>
<doc>Sends a GET request on a previously created HTTP Session.</doc>
<status status="PASS" start="2024-05-02T01:57:13.141401" elapsed="0.100228"/>
</kw>
<kw name="Set Variable" owner="BuiltIn">
<msg time="2024-05-02T01:57:13.242604" level="INFO">${json_data} = {'results': [{'gender': 'female', 'name': {'title': 'Ms', 'first': 'Bianca', 'last': 'Kleveland'}, 'location': {'street': {'number': 4964, 'name': 'Lysebuveien'}, 'city': 'Rena', 'state': 'Troms - Rom...</msg>
<var>${json_data}</var>
<arg>${response.json()}</arg>
<doc>Returns the given values which can then be assigned to a variables.</doc>
<status status="PASS" start="2024-05-02T01:57:13.242066" elapsed="0.000566"/>
</kw>
<kw name="Set Variable" owner="BuiltIn">
<msg time="2024-05-02T01:57:13.243319" level="INFO">${name_title} = Ms</msg>
<var>${name_title}</var>
<arg>${json_data["results"][0]["name"]["title"]}</arg>
<doc>Returns the given values which can then be assigned to a variables.</doc>
<status status="PASS" start="2024-05-02T01:57:13.242935" elapsed="0.000410"/>
</kw>
<kw name="Create List" owner="BuiltIn">
<msg time="2024-05-02T01:57:13.243782" level="INFO">${allowed_titles} = ['Mr', 'Ms', 'Miss', 'Mrs', 'Madame', 'Monsieur']</msg>
<var>${allowed_titles}</var>
<arg>Mr</arg>
<arg>Ms</arg>
<arg>Miss</arg>
<arg>Mrs</arg>
<arg>Madame</arg>
<arg>Monsieur</arg>
<doc>Returns a list containing given items.</doc>
<status status="PASS" start="2024-05-02T01:57:13.243635" elapsed="0.000170"/>
</kw>
<kw name="List Should Contain Value" owner="Collections">
<msg time="2024-05-02T01:57:13.244305" level="INFO">False</msg>
<arg>${allowed_titles}</arg>
<arg>${name_title}</arg>
<doc>Fails if the ``value`` is not found from ``list``.</doc>
<status status="PASS" start="2024-05-02T01:57:13.244137" elapsed="0.000204"/>
</kw>
<kw name="Set Variable" owner="BuiltIn">
<msg time="2024-05-02T01:57:13.245005" level="INFO">${name_country} = NO</msg>
<var>${name_country}</var>
<arg>${json_data["results"][0]["nat"]}</arg>
<doc>Returns the given values which can then be assigned to a variables.</doc>
<status status="PASS" start="2024-05-02T01:57:13.244630" elapsed="0.000400"/>
</kw>
<kw name="Create List" owner="BuiltIn">
<msg time="2024-05-02T01:57:13.245906" level="INFO">${list_country} = ['AD', 'AE', 'AF', 'AG', 'AI', 'AL', 'AM', 'AO', 'AQ', 'AR', 'AS', 'AT', 'AU', 'AW', 'AX', 'AZ', 'BA', 'BB', 'BD', 'BE', 'BF', 'BG', 'BH', 'BI', 'BJ', 'BL', 'BM', 'BN', 'BO', 'BQ', 'BR', 'BS', 'BT', '...</msg>
<var>${list_country}</var>
<arg>AD</arg>
<arg>AE</arg>
<arg>AF</arg>
<arg>AG</arg>
<arg>AI</arg>
<arg>AL</arg>
<arg>AM</arg>
<arg>AO</arg>
<arg>AQ</arg>
<arg>AR</arg>
<arg>AS</arg>
<arg>AT</arg>
<arg>AU</arg>
<arg>AW</arg>
<arg>AX</arg>
<arg>AZ</arg>
<arg>BA</arg>
<arg>BB</arg>
<arg>BD</arg>
<arg>BE</arg>
<arg>BF</arg>
<arg>BG</arg>
<arg>BH</arg>
<arg>BI</arg>
<arg>BJ</arg>
<arg>BL</arg>
<arg>BM</arg>
<arg>BN</arg>
<arg>BO</arg>
<arg>BQ</arg>
<arg>BR</arg>
<arg>BS</arg>
<arg>BT</arg>
<arg>BV</arg>
<arg>BW</arg>
<arg>BY</arg>
<arg>BZ</arg>
<arg>CA</arg>
<arg>CC</arg>
<arg>CD</arg>
<arg>CF</arg>
<arg>CG</arg>
<arg>CH</arg>
<arg>CI</arg>
<arg>CK</arg>
<arg>CL</arg>
<arg>CM</arg>
<arg>CN</arg>
<arg>CO</arg>
<arg>CR</arg>
<arg>CU</arg>
<arg>CV</arg>
<arg>CW</arg>
<arg>CX</arg>
<arg>CY</arg>
<arg>CZ</arg>
<arg>DE</arg>
<arg>DJ</arg>
<arg>DK</arg>
<arg>DM</arg>
<arg>DO</arg>
<arg>DZ</arg>
<arg>EC</arg>
<arg>EE</arg>
<arg>EG</arg>
<arg>EH</arg>
<arg>ER</arg>
<arg>ES</arg>
<arg>ET</arg>
<arg>FI</arg>
<arg>FJ</arg>
<arg>FK</arg>
<arg>FM</arg>
<arg>FO</arg>
<arg>FR</arg>
<arg>GA</arg>
<arg>GB</arg>
<arg>GD</arg>
<arg>GE</arg>
<arg>GF</arg>
<arg>GG</arg>
<arg>GH</arg>
<arg>GI</arg>
<arg>GL</arg>
<arg>GM</arg>
<arg>GN</arg>
<arg>GP</arg>
<arg>GQ</arg>
<arg>GR</arg>
<arg>GS</arg>
<arg>GT</arg>
<arg>GU</arg>
<arg>GW</arg>
<arg>GY</arg>
<arg>HK</arg>
<arg>HM</arg>
<arg>HN</arg>
<arg>HR</arg>
<arg>HT</arg>
<arg>HU</arg>
<arg>ID</arg>
<arg>IE</arg>
<arg>IL</arg>
<arg>IM</arg>
<arg>IN</arg>
<arg>IO</arg>
<arg>IQ</arg>
<arg>IR</arg>
<arg>IS</arg>
<arg>IT</arg>
<arg>JE</arg>
<arg>JM</arg>
<arg>JO</arg>
<arg>JP</arg>
<arg>KE</arg>
<arg>KG</arg>
<arg>KH</arg>
<arg>KI</arg>
<arg>KM</arg>
<arg>KN</arg>
<arg>KP</arg>
<arg>KR</arg>
<arg>KW</arg>
<arg>KY</arg>
<arg>KZ</arg>
<arg>LA</arg>
<arg>LB</arg>
<arg>LC</arg>
<arg>LI</arg>
<arg>LK</arg>
<arg>LR</arg>
<arg>LS</arg>
<arg>LT</arg>
<arg>LU</arg>
<arg>LV</arg>
<arg>LY</arg>
<arg>MA</arg>
<arg>MC</arg>
<arg>MD</arg>
<arg>ME</arg>
<arg>MF</arg>
<arg>MG</arg>
<arg>MH</arg>
<arg>MK</arg>
<arg>ML</arg>
<arg>MM</arg>
<arg>MN</arg>
<arg>MO</arg>
<arg>MP</arg>
<arg>MQ</arg>
<arg>MR</arg>
<arg>MS</arg>
<arg>MT</arg>
<arg>MU</arg>
<arg>MV</arg>
<arg>MW</arg>
<arg>MX</arg>
<arg>MY</arg>
<arg>MZ</arg>
<arg>NA</arg>
<arg>NC</arg>
<arg>NE</arg>
<arg>NF</arg>
<arg>NG</arg>
<arg>NI</arg>
<arg>NL</arg>
<arg>NO</arg>
<arg>NP</arg>
<arg>NR</arg>
<arg>NU</arg>
<arg>NZ</arg>
<arg>OM</arg>
<arg>PA</arg>
<arg>PE</arg>
<arg>PF</arg>
<arg>PG</arg>
<arg>PH</arg>
<arg>PK</arg>
<arg>PL</arg>
<arg>PM</arg>
<arg>PN</arg>
<arg>PR</arg>
<arg>PS</arg>
<arg>PT</arg>
<arg>PW</arg>
<arg>PY</arg>
<arg>QA</arg>
<arg>RE</arg>
<arg>RO</arg>
<arg>RS</arg>
<arg>RU</arg>
<arg>RW</arg>
<arg>SA</arg>
<arg>SB</arg>
<arg>SC</arg>
<arg>SD</arg>
<arg>SE</arg>
<arg>SG</arg>
<arg>SH</arg>
<arg>SI</arg>
<arg>SJ</arg>
<arg>SK</arg>
<arg>SL</arg>
<arg>SM</arg>
<arg>SN</arg>
<arg>SO</arg>
<arg>SR</arg>
<arg>SS</arg>
<arg>ST</arg>
<arg>SV</arg>
<arg>SX</arg>
<arg>SY</arg>
<arg>SZ</arg>
<arg>TC</arg>
<arg>TD</arg>
<arg>TF</arg>
<arg>TG</arg>
<arg>TH</arg>
<arg>TJ</arg>
<arg>TK</arg>
<arg>TL</arg>
<arg>TM</arg>
<arg>TN</arg>
<arg>TO</arg>
<arg>TR</arg>
<arg>TT</arg>
<arg>TV</arg>
<arg>TW</arg>
<arg>TZ</arg>
<arg>UA</arg>
<arg>UG</arg>
<arg>UM</arg>
<arg>US</arg>
<arg>UY</arg>
<arg>UZ</arg>
<arg>VA</arg>
<arg>VC</arg>
<arg>VE</arg>
<arg>VG</arg>
<arg>VI</arg>
<arg>VN</arg>
<arg>VU</arg>
<arg>WF</arg>
<arg>WS</arg>
<arg>XK</arg>
<arg>YE</arg>
<arg>YT</arg>
<arg>ZA</arg>
<arg>ZM</arg>
<arg>ZW</arg>
<doc>Returns a list containing given items.</doc>
<status status="PASS" start="2024-05-02T01:57:13.245321" elapsed="0.000610"/>
</kw>
<kw name="List Should Contain Value" owner="Collections">
<msg time="2024-05-02T01:57:13.246909" level="INFO">False</msg>
<arg>${list_country}</arg>
<arg>${name_country}</arg>
<doc>Fails if the ``value`` is not found from ``list``.</doc>
<status status="PASS" start="2024-05-02T01:57:13.246713" elapsed="0.000232"/>
</kw>
<kw name="Run Keyword If" owner="BuiltIn">
<kw name="Should Be True" owner="BuiltIn">
<arg>${True}</arg>
<doc>Fails if the given condition is not true.</doc>
<status status="PASS" start="2024-05-02T01:57:13.247989" elapsed="0.000281"/>
</kw>
<arg>${json_data["results"][0]["location"]["coordinates"]["latitude"]} &gt;= -90 and ${json_data["results"][0]["location"]["coordinates"]["latitude"]} &lt;= 90</arg>
<arg>Should Be True</arg>
<arg>${True}</arg>
<doc>Runs the given keyword with the given arguments, if ``condition`` is true.</doc>
<status status="PASS" start="2024-05-02T01:57:13.247248" elapsed="0.001155"/>
</kw>
<kw name="Run Keyword If" owner="BuiltIn">
<kw name="Should Be True" owner="BuiltIn">
<arg>${True}</arg>
<doc>Fails if the given condition is not true.</doc>
<status status="PASS" start="2024-05-02T01:57:13.249292" elapsed="0.000139"/>
</kw>
<arg>${json_data["results"][0]["location"]["coordinates"]["longitude"]} &gt;= -180 and ${json_data["results"][0]["location"]["coordinates"]["longitude"]} &lt;= 180</arg>
<arg>Should Be True</arg>
<arg>${True}</arg>
<doc>Runs the given keyword with the given arguments, if ``condition`` is true.</doc>
<status status="PASS" start="2024-05-02T01:57:13.248591" elapsed="0.000969"/>
</kw>
<status status="PASS" start="2024-05-02T01:57:13.141185" elapsed="0.108502"/>
</kw>
<doc>Testa o conteúdo específico dos campos retornados pela API.</doc>
<tag>testeConteudo</tag>
<status status="PASS" start="2024-05-02T01:57:13.140692" elapsed="0.109133"/>
</test>
<status status="PASS" start="2024-05-02T01:57:12.235789" elapsed="1.015963"/>
</suite>
<status status="PASS" start="2024-05-02T01:57:12.222403" elapsed="1.034558"/>
</suite>
<statistics>
<total>
<stat pass="5" fail="0" skip="0">All Tests</stat>
</total>
<tag>
<stat pass="1" fail="0" skip="0">testeConteudo</stat>
<stat pass="1" fail="0" skip="0">testeEstruturaResposta</stat>
<stat pass="1" fail="0" skip="0">testeRequisicaoBasica</stat>
<stat pass="1" fail="0" skip="0">testeTiposDados</stat>
</tag>
<suite>
<stat pass="5" fail="0" skip="0" id="s1" name="Tests">Tests</stat>
<stat pass="5" fail="0" skip="0" id="s1-s1" name="Random-User-Test">Tests.Random-User-Test</stat>
</suite>
</statistics>
<errors>
</errors>
</robot>
