<?xml version="1.0" encoding="UTF-8"?>
<robot generator="Robot 7.0.1 (Python 3.12.3 on linux)" generated="2024-06-13T04:18:00.484013" rpa="false" schemaversion="5">
<suite id="s1" name="Tests" source="/home/runner/work/ApiRandomUser/ApiRandomUser/RamdonUser/tests">
<suite id="s1-s1" name="Random-User-Test" source="/home/runner/work/ApiRandomUser/ApiRandomUser/RamdonUser/tests/random-user-test.robot">
<test id="s1-s1-t1" name="Conectar" line="13">
<kw name="Conectar API" owner="random-user-service">
<kw name="Create Session" owner="RequestsLibrary">
<msg time="2024-06-13T04:18:00.899595" level="INFO">Creating Session using : alias=consultarAPI, url=https://randomuser.me/, headers={},                     cookies={}, auth=None, timeout=None, proxies=None, verify=False,                     debug=0 </msg>
<arg>consultarAPI</arg>
<arg>${URL}</arg>
<doc>Create Session: create a HTTP session to a server</doc>
<status status="PASS" start="2024-06-13T04:18:00.899393" elapsed="0.000405"/>
</kw>
<status status="PASS" start="2024-06-13T04:18:00.898327" elapsed="0.001856"/>
</kw>
<status status="PASS" start="2024-06-13T04:18:00.897772" elapsed="0.002604"/>
</test>
<test id="s1-s1-t2" name="Validar retorno 200 e JSON Válido" line="16">
<kw name="Teste de Requisicao Basica" owner="random-user-service">
<kw name="GET On Session" owner="RequestsLibrary">
<msg time="2024-06-13T04:18:01.177150" level="INFO">GET Request : url=https://randomuser.me/api 
 path_url=/api 
 headers={'User-Agent': 'python-requests/2.32.3', 'Accept-Encoding': 'gzip, deflate', 'Accept': '*/*', 'Connection': 'keep-alive'} 
 body=None 
 </msg>
<msg time="2024-06-13T04:18:01.177309" level="INFO">GET Response : url=https://randomuser.me/api 
 status=200, reason=OK 
 headers={'Date': 'Thu, 13 Jun 2024 04:18:01 GMT', 'Content-Type': 'application/json; charset=utf-8', 'Transfer-Encoding': 'chunked', 'Connection': 'keep-alive', 'X-Powered-By': 'Express', 'Access-Control-Allow-Origin': '*', 'Cache-Control': 'no-cache', 'ETag': 'W/"476-mYgrgZMZ5Rb4si8on81OZO8VOlY"', 'Vary': 'Accept-Encoding', 'Content-Encoding': 'gzip', 'CF-Cache-Status': 'DYNAMIC', 'Report-To': '{"endpoints":[{"url":"https:\\/\\/a.nel.cloudflare.com\\/report\\/v4?s=LvF2Vvsfnin74T19QTbKHnvezRV%2FgZUI11zkNp7bQ896ccNLtwLT4NZnS19gDb2tBHEBrlOGUYT2lJ8Kp5QYtYOUv3IvQqpASqynwO2wv80tGlQFP7JtY2miCUZEBJgv"}],"group":"cf-nel","max_age":604800}', 'NEL': '{"success_fraction":0,"report_to":"cf-nel","max_age":604800}', 'Server': 'cloudflare', 'CF-RAY': '892f4633c9b10800-IAD', 'alt-svc': 'h3=":443"; ma=86400'} 
 body={"results":[{"gender":"female","name":{"title":"Mrs","first":"Eleanor","last":"Fields"},"location":{"street":{"number":2330,"name":"Main Street"},"city":"Tralee","state":"Tipperary","country":"Ireland","postcode":92519,"coordinates":{"latitude":"3.7513","longitude":"144.6562"},"timezone":{"offset":"-10:00","description":"Hawaii"}},"email":"eleanor.fields@example.com","login":{"uuid":"439136ed-ef1a-417f-aaf4-64f767561248","username":"crazygorilla354","password":"yvette","salt":"9gQfE7jQ","md5":"da81b76eadbb8e403865fe45349ddcf6","sha1":"e6eb8d31af6b90626dbe75e6dfa2e7bf29b88352","sha256":"42686dd0e26994b2e449c524d88533c50f36ef72e13568b9fade911b538121bb"},"dob":{"date":"1998-03-18T22:12:51.702Z","age":26},"registered":{"date":"2012-02-23T15:13:04.807Z","age":12},"phone":"041-341-1256","cell":"081-830-0789","id":{"name":"PPS","value":"8053251T"},"picture":{"large":"https://randomuser.me/api/portraits/women/38.jpg","medium":"https://randomuser.me/api/portraits/med/women/38.jpg","thumbnail":"https://randomuser.me/api/portraits/thumb/women/38.jpg"},"nat":"IE"}],"info":{"seed":"20207931aeaaee2e","results":1,"page":1,"version":"1.4"}} 
 </msg>
<msg time="2024-06-13T04:18:01.177393" level="INFO">/opt/hostedtoolcache/Python/3.12.3/x64/lib/python3.12/site-packages/urllib3/connectionpool.py:1103: InsecureRequestWarning: Unverified HTTPS request is being made to host 'randomuser.me'. Adding certificate verification is strongly advised. See: https://urllib3.readthedocs.io/en/latest/advanced-usage.html#tls-warnings
  warnings.warn(</msg>
<msg time="2024-06-13T04:18:01.177538" level="INFO">${response} = &lt;Response [200]&gt;</msg>
<var>${response}</var>
<arg>consultarAPI</arg>
<arg>/api</arg>
<doc>Sends a GET request on a previously created HTTP Session.</doc>
<status status="PASS" start="2024-06-13T04:18:00.903069" elapsed="0.274517"/>
</kw>
<kw name="Should Be Equal As Numbers" owner="BuiltIn">
<msg time="2024-06-13T04:18:01.178765" level="INFO">Argument types are:
&lt;class 'int'&gt;
&lt;class 'str'&gt;</msg>
<arg>${response.status_code}</arg>
<arg>200</arg>
<doc>Fails if objects are unequal after converting them to real numbers.</doc>
<status status="PASS" start="2024-06-13T04:18:01.178260" elapsed="0.000570"/>
</kw>
<kw name="Log" owner="BuiltIn">
<msg time="2024-06-13T04:18:01.179533" level="INFO">200</msg>
<arg>${response.status_code}</arg>
<doc>Logs the given message with the given level.</doc>
<status status="PASS" start="2024-06-13T04:18:01.179183" elapsed="0.000398"/>
</kw>
<kw name="Set Variable" owner="BuiltIn">
<msg time="2024-06-13T04:18:01.180319" level="INFO">${json_data} = {'results': [{'gender': 'female', 'name': {'title': 'Mrs', 'first': 'Eleanor', 'last': 'Fields'}, 'location': {'street': {'number': 2330, 'name': 'Main Street'}, 'city': 'Tralee', 'state': 'Tipperary'...</msg>
<var>${json_data}</var>
<arg>${response.json()}</arg>
<doc>Returns the given values which can then be assigned to a variables.</doc>
<status status="PASS" start="2024-06-13T04:18:01.179886" elapsed="0.000463"/>
</kw>
<kw name="Dictionary Should Contain Key" owner="Collections">
<arg>${json_data}</arg>
<arg>results</arg>
<doc>Fails if ``key`` is not found from ``dictionary``.</doc>
<status status="PASS" start="2024-06-13T04:18:01.180647" elapsed="0.000205"/>
</kw>
<status status="PASS" start="2024-06-13T04:18:00.902820" elapsed="0.278196"/>
</kw>
<doc>Testa se a API responde corretamente e retorna um objeto JSON válido.</doc>
<tag>testeRequisicaoBasica</tag>
<status status="PASS" start="2024-06-13T04:18:00.902354" elapsed="0.278841"/>
</test>
<test id="s1-s1-t3" name="Validar estrutura de resposta" line="22">
<kw name="Teste de Estrutura de Resposta" owner="random-user-service">
<kw name="GET On Session" owner="RequestsLibrary">
<msg time="2024-06-13T04:18:01.263728" level="INFO">GET Request : url=https://randomuser.me/api 
 path_url=/api 
 headers={'User-Agent': 'python-requests/2.32.3', 'Accept-Encoding': 'gzip, deflate', 'Accept': '*/*', 'Connection': 'keep-alive'} 
 body=None 
 </msg>
<msg time="2024-06-13T04:18:01.263842" level="INFO">GET Response : url=https://randomuser.me/api 
 status=200, reason=OK 
 headers={'Date': 'Thu, 13 Jun 2024 04:18:01 GMT', 'Content-Type': 'application/json; charset=utf-8', 'Transfer-Encoding': 'chunked', 'Connection': 'keep-alive', 'X-Powered-By': 'Express', 'Access-Control-Allow-Origin': '*', 'Cache-Control': 'no-cache', 'ETag': 'W/"491-Vnvx06gjW2YiEIFUlDUuAV9+haU"', 'Vary': 'Accept-Encoding', 'Content-Encoding': 'gzip', 'CF-Cache-Status': 'DYNAMIC', 'Report-To': '{"endpoints":[{"url":"https:\\/\\/a.nel.cloudflare.com\\/report\\/v4?s=QMCver7kubpGsQDwqIUwbRwT0Xgy%2BfMO%2FYd23t%2BRkmyH4cMhjbUWVeCvbqxacgh%2FtW9WsLteF8MzoYmtzOBeCSaWaziVQX0rHiI64bJFDWjlYWfgr2lsl0GVC6ZK3HB1"}],"group":"cf-nel","max_age":604800}', 'NEL': '{"success_fraction":0,"report_to":"cf-nel","max_age":604800}', 'Server': 'cloudflare', 'CF-RAY': '892f46356b750800-IAD', 'alt-svc': 'h3=":443"; ma=86400'} 
 body={"results":[{"gender":"male","name":{"title":"Mr","first":"Peetu","last":"Salmela"},"location":{"street":{"number":2647,"name":"Rautatienkatu"},"city":"Tammela","state":"Central Ostrobothnia","country":"Finland","postcode":40618,"coordinates":{"latitude":"-21.9096","longitude":"-103.2383"},"timezone":{"offset":"-11:00","description":"Midway Island, Samoa"}},"email":"peetu.salmela@example.com","login":{"uuid":"cd04ad05-f06f-4a01-884b-84362a8e5afe","username":"crazypanda570","password":"leanne","salt":"0cA8NahV","md5":"1d0ff69aa5519dcd04bd867331671dcd","sha1":"78cc4c6ee3034315e0845dee69cb0e5fb4a8db9d","sha256":"2c0deb4850ed7f0b872a66af5f93f6f38246d55a77eb92655222629d7c19c858"},"dob":{"date":"1961-04-01T15:21:00.369Z","age":63},"registered":{"date":"2007-01-10T18:08:21.209Z","age":17},"phone":"03-658-369","cell":"048-287-85-57","id":{"name":"HETU","value":"NaNNA129undefined"},"picture":{"large":"https://randomuser.me/api/portraits/men/43.jpg","medium":"https://randomuser.me/api/portraits/med/men/43.jpg","thumbnail":"https://randomuser.me/api/portraits/thumb/men/43.jpg"},"nat":"FI"}],"info":{"seed":"2f8c99a7247777c3","results":1,"page":1,"version":"1.4"}} 
 </msg>
<msg time="2024-06-13T04:18:01.263999" level="INFO">/opt/hostedtoolcache/Python/3.12.3/x64/lib/python3.12/site-packages/urllib3/connectionpool.py:1103: InsecureRequestWarning: Unverified HTTPS request is being made to host 'randomuser.me'. Adding certificate verification is strongly advised. See: https://urllib3.readthedocs.io/en/latest/advanced-usage.html#tls-warnings
  warnings.warn(</msg>
<msg time="2024-06-13T04:18:01.264130" level="INFO">${response} = &lt;Response [200]&gt;</msg>
<var>${response}</var>
<arg>consultarAPI</arg>
<arg>/api</arg>
<doc>Sends a GET request on a previously created HTTP Session.</doc>
<status status="PASS" start="2024-06-13T04:18:01.184063" elapsed="0.080110"/>
</kw>
<kw name="Set Variable" owner="BuiltIn">
<msg time="2024-06-13T04:18:01.265402" level="INFO">${json_data} = {'results': [{'gender': 'male', 'name': {'title': 'Mr', 'first': 'Peetu', 'last': 'Salmela'}, 'location': {'street': {'number': 2647, 'name': 'Rautatienkatu'}, 'city': 'Tammela', 'state': 'Central Ost...</msg>
<var>${json_data}</var>
<arg>${response.json()}</arg>
<doc>Returns the given values which can then be assigned to a variables.</doc>
<status status="PASS" start="2024-06-13T04:18:01.264823" elapsed="0.000608"/>
</kw>
<kw name="Log" owner="BuiltIn">
<msg time="2024-06-13T04:18:01.265907" level="INFO">{'results': [{'gender': 'male', 'name': {'title': 'Mr', 'first': 'Peetu', 'last': 'Salmela'}, 'location': {'street': {'number': 2647, 'name': 'Rautatienkatu'}, 'city': 'Tammela', 'state': 'Central Ostrobothnia', 'country': 'Finland', 'postcode': 40618, 'coordinates': {'latitude': '-21.9096', 'longitude': '-103.2383'}, 'timezone': {'offset': '-11:00', 'description': 'Midway Island, Samoa'}}, 'email': 'peetu.salmela@example.com', 'login': {'uuid': 'cd04ad05-f06f-4a01-884b-84362a8e5afe', 'username': 'crazypanda570', 'password': 'leanne', 'salt': '0cA8NahV', 'md5': '1d0ff69aa5519dcd04bd867331671dcd', 'sha1': '78cc4c6ee3034315e0845dee69cb0e5fb4a8db9d', 'sha256': '2c0deb4850ed7f0b872a66af5f93f6f38246d55a77eb92655222629d7c19c858'}, 'dob': {'date': '1961-04-01T15:21:00.369Z', 'age': 63}, 'registered': {'date': '2007-01-10T18:08:21.209Z', 'age': 17}, 'phone': '03-658-369', 'cell': '048-287-85-57', 'id': {'name': 'HETU', 'value': 'NaNNA129undefined'}, 'picture': {'large': 'https://randomuser.me/api/portraits/men/43.jpg', 'medium': 'https://randomuser.me/api/portraits/med/men/43.jpg', 'thumbnail': 'https://randomuser.me/api/portraits/thumb/men/43.jpg'}, 'nat': 'FI'}], 'info': {'seed': '2f8c99a7247777c3', 'results': 1, 'page': 1, 'version': '1.4'}}</msg>
<arg>${json_data}</arg>
<doc>Logs the given message with the given level.</doc>
<status status="PASS" start="2024-06-13T04:18:01.265748" elapsed="0.000207"/>
</kw>
<kw name="Dictionary Should Contain Key" owner="Collections">
<arg>${json_data}</arg>
<arg>results</arg>
<doc>Fails if ``key`` is not found from ``dictionary``.</doc>
<status status="PASS" start="2024-06-13T04:18:01.266253" elapsed="0.000159"/>
</kw>
<kw name="Should Not Be Empty" owner="BuiltIn">
<msg time="2024-06-13T04:18:01.266721" level="INFO">Length is 2.</msg>
<arg>${json_data}</arg>
<doc>Verifies that the given item is not empty.</doc>
<status status="PASS" start="2024-06-13T04:18:01.266595" elapsed="0.000164"/>
</kw>
<kw name="Create List" owner="BuiltIn">
<msg time="2024-06-13T04:18:01.267209" level="INFO">${expected_keys} = ['gender', 'name', 'location', 'email', 'login']</msg>
<var>${expected_keys}</var>
<arg>gender</arg>
<arg>name</arg>
<arg>location</arg>
<arg>email</arg>
<arg>login</arg>
<doc>Returns a list containing given items.</doc>
<status status="PASS" start="2024-06-13T04:18:01.267051" elapsed="0.000181"/>
</kw>
<for flavor="IN">
<iter>
<kw name="Dictionary Should Contain Key" owner="Collections">
<arg>${json_data['results'][0]}</arg>
<arg>${key}</arg>
<doc>Fails if ``key`` is not found from ``dictionary``.</doc>
<status status="PASS" start="2024-06-13T04:18:01.267809" elapsed="0.000411"/>
</kw>
<kw name="Log" owner="BuiltIn">
<msg time="2024-06-13T04:18:01.268798" level="INFO">{'gender': 'male', 'name': {'title': 'Mr', 'first': 'Peetu', 'last': 'Salmela'}, 'location': {'street': {'number': 2647, 'name': 'Rautatienkatu'}, 'city': 'Tammela', 'state': 'Central Ostrobothnia', 'country': 'Finland', 'postcode': 40618, 'coordinates': {'latitude': '-21.9096', 'longitude': '-103.2383'}, 'timezone': {'offset': '-11:00', 'description': 'Midway Island, Samoa'}}, 'email': 'peetu.salmela@example.com', 'login': {'uuid': 'cd04ad05-f06f-4a01-884b-84362a8e5afe', 'username': 'crazypanda570', 'password': 'leanne', 'salt': '0cA8NahV', 'md5': '1d0ff69aa5519dcd04bd867331671dcd', 'sha1': '78cc4c6ee3034315e0845dee69cb0e5fb4a8db9d', 'sha256': '2c0deb4850ed7f0b872a66af5f93f6f38246d55a77eb92655222629d7c19c858'}, 'dob': {'date': '1961-04-01T15:21:00.369Z', 'age': 63}, 'registered': {'date': '2007-01-10T18:08:21.209Z', 'age': 17}, 'phone': '03-658-369', 'cell': '048-287-85-57', 'id': {'name': 'HETU', 'value': 'NaNNA129undefined'}, 'picture': {'large': 'https://randomuser.me/api/portraits/men/43.jpg', 'medium': 'https://randomuser.me/api/portraits/med/men/43.jpg', 'thumbnail': 'https://randomuser.me/api/portraits/thumb/men/43.jpg'}, 'nat': 'FI'}</msg>
<arg>${json_data['results'][0]}</arg>
<doc>Logs the given message with the given level.</doc>
<status status="PASS" start="2024-06-13T04:18:01.268411" elapsed="0.000440"/>
</kw>
<kw name="Log" owner="BuiltIn">
<msg time="2024-06-13T04:18:01.269290" level="INFO">gender</msg>
<arg>${key}</arg>
<doc>Logs the given message with the given level.</doc>
<status status="PASS" start="2024-06-13T04:18:01.269161" elapsed="0.000168"/>
</kw>
<var name="${key}">gender</var>
<status status="PASS" start="2024-06-13T04:18:01.267686" elapsed="0.001869"/>
</iter>
<iter>
<kw name="Dictionary Should Contain Key" owner="Collections">
<arg>${json_data['results'][0]}</arg>
<arg>${key}</arg>
<doc>Fails if ``key`` is not found from ``dictionary``.</doc>
<status status="PASS" start="2024-06-13T04:18:01.269857" elapsed="0.000384"/>
</kw>
<kw name="Log" owner="BuiltIn">
<msg time="2024-06-13T04:18:01.270766" level="INFO">{'gender': 'male', 'name': {'title': 'Mr', 'first': 'Peetu', 'last': 'Salmela'}, 'location': {'street': {'number': 2647, 'name': 'Rautatienkatu'}, 'city': 'Tammela', 'state': 'Central Ostrobothnia', 'country': 'Finland', 'postcode': 40618, 'coordinates': {'latitude': '-21.9096', 'longitude': '-103.2383'}, 'timezone': {'offset': '-11:00', 'description': 'Midway Island, Samoa'}}, 'email': 'peetu.salmela@example.com', 'login': {'uuid': 'cd04ad05-f06f-4a01-884b-84362a8e5afe', 'username': 'crazypanda570', 'password': 'leanne', 'salt': '0cA8NahV', 'md5': '1d0ff69aa5519dcd04bd867331671dcd', 'sha1': '78cc4c6ee3034315e0845dee69cb0e5fb4a8db9d', 'sha256': '2c0deb4850ed7f0b872a66af5f93f6f38246d55a77eb92655222629d7c19c858'}, 'dob': {'date': '1961-04-01T15:21:00.369Z', 'age': 63}, 'registered': {'date': '2007-01-10T18:08:21.209Z', 'age': 17}, 'phone': '03-658-369', 'cell': '048-287-85-57', 'id': {'name': 'HETU', 'value': 'NaNNA129undefined'}, 'picture': {'large': 'https://randomuser.me/api/portraits/men/43.jpg', 'medium': 'https://randomuser.me/api/portraits/med/men/43.jpg', 'thumbnail': 'https://randomuser.me/api/portraits/thumb/men/43.jpg'}, 'nat': 'FI'}</msg>
<arg>${json_data['results'][0]}</arg>
<doc>Logs the given message with the given level.</doc>
<status status="PASS" start="2024-06-13T04:18:01.270423" elapsed="0.000425"/>
</kw>
<kw name="Log" owner="BuiltIn">
<msg time="2024-06-13T04:18:01.271284" level="INFO">name</msg>
<arg>${key}</arg>
<doc>Logs the given message with the given level.</doc>
<status status="PASS" start="2024-06-13T04:18:01.271152" elapsed="0.000169"/>
</kw>
<var name="${key}">name</var>
<status status="PASS" start="2024-06-13T04:18:01.269747" elapsed="0.001794"/>
</iter>
<iter>
<kw name="Dictionary Should Contain Key" owner="Collections">
<arg>${json_data['results'][0]}</arg>
<arg>${key}</arg>
<doc>Fails if ``key`` is not found from ``dictionary``.</doc>
<status status="PASS" start="2024-06-13T04:18:01.271829" elapsed="0.000380"/>
</kw>
<kw name="Log" owner="BuiltIn">
<msg time="2024-06-13T04:18:01.272737" level="INFO">{'gender': 'male', 'name': {'title': 'Mr', 'first': 'Peetu', 'last': 'Salmela'}, 'location': {'street': {'number': 2647, 'name': 'Rautatienkatu'}, 'city': 'Tammela', 'state': 'Central Ostrobothnia', 'country': 'Finland', 'postcode': 40618, 'coordinates': {'latitude': '-21.9096', 'longitude': '-103.2383'}, 'timezone': {'offset': '-11:00', 'description': 'Midway Island, Samoa'}}, 'email': 'peetu.salmela@example.com', 'login': {'uuid': 'cd04ad05-f06f-4a01-884b-84362a8e5afe', 'username': 'crazypanda570', 'password': 'leanne', 'salt': '0cA8NahV', 'md5': '1d0ff69aa5519dcd04bd867331671dcd', 'sha1': '78cc4c6ee3034315e0845dee69cb0e5fb4a8db9d', 'sha256': '2c0deb4850ed7f0b872a66af5f93f6f38246d55a77eb92655222629d7c19c858'}, 'dob': {'date': '1961-04-01T15:21:00.369Z', 'age': 63}, 'registered': {'date': '2007-01-10T18:08:21.209Z', 'age': 17}, 'phone': '03-658-369', 'cell': '048-287-85-57', 'id': {'name': 'HETU', 'value': 'NaNNA129undefined'}, 'picture': {'large': 'https://randomuser.me/api/portraits/men/43.jpg', 'medium': 'https://randomuser.me/api/portraits/med/men/43.jpg', 'thumbnail': 'https://randomuser.me/api/portraits/thumb/men/43.jpg'}, 'nat': 'FI'}</msg>
<arg>${json_data['results'][0]}</arg>
<doc>Logs the given message with the given level.</doc>
<status status="PASS" start="2024-06-13T04:18:01.272394" elapsed="0.000427"/>
</kw>
<kw name="Log" owner="BuiltIn">
<msg time="2024-06-13T04:18:01.273260" level="INFO">location</msg>
<arg>${key}</arg>
<doc>Logs the given message with the given level.</doc>
<status status="PASS" start="2024-06-13T04:18:01.273132" elapsed="0.000166"/>
</kw>
<var name="${key}">location</var>
<status status="PASS" start="2024-06-13T04:18:01.271720" elapsed="0.001799"/>
</iter>
<iter>
<kw name="Dictionary Should Contain Key" owner="Collections">
<arg>${json_data['results'][0]}</arg>
<arg>${key}</arg>
<doc>Fails if ``key`` is not found from ``dictionary``.</doc>
<status status="PASS" start="2024-06-13T04:18:01.273805" elapsed="0.000381"/>
</kw>
<kw name="Log" owner="BuiltIn">
<msg time="2024-06-13T04:18:01.274728" level="INFO">{'gender': 'male', 'name': {'title': 'Mr', 'first': 'Peetu', 'last': 'Salmela'}, 'location': {'street': {'number': 2647, 'name': 'Rautatienkatu'}, 'city': 'Tammela', 'state': 'Central Ostrobothnia', 'country': 'Finland', 'postcode': 40618, 'coordinates': {'latitude': '-21.9096', 'longitude': '-103.2383'}, 'timezone': {'offset': '-11:00', 'description': 'Midway Island, Samoa'}}, 'email': 'peetu.salmela@example.com', 'login': {'uuid': 'cd04ad05-f06f-4a01-884b-84362a8e5afe', 'username': 'crazypanda570', 'password': 'leanne', 'salt': '0cA8NahV', 'md5': '1d0ff69aa5519dcd04bd867331671dcd', 'sha1': '78cc4c6ee3034315e0845dee69cb0e5fb4a8db9d', 'sha256': '2c0deb4850ed7f0b872a66af5f93f6f38246d55a77eb92655222629d7c19c858'}, 'dob': {'date': '1961-04-01T15:21:00.369Z', 'age': 63}, 'registered': {'date': '2007-01-10T18:08:21.209Z', 'age': 17}, 'phone': '03-658-369', 'cell': '048-287-85-57', 'id': {'name': 'HETU', 'value': 'NaNNA129undefined'}, 'picture': {'large': 'https://randomuser.me/api/portraits/men/43.jpg', 'medium': 'https://randomuser.me/api/portraits/med/men/43.jpg', 'thumbnail': 'https://randomuser.me/api/portraits/thumb/men/43.jpg'}, 'nat': 'FI'}</msg>
<arg>${json_data['results'][0]}</arg>
<doc>Logs the given message with the given level.</doc>
<status status="PASS" start="2024-06-13T04:18:01.274370" elapsed="0.000407"/>
</kw>
<kw name="Log" owner="BuiltIn">
<msg time="2024-06-13T04:18:01.275202" level="INFO">email</msg>
<arg>${key}</arg>
<doc>Logs the given message with the given level.</doc>
<status status="PASS" start="2024-06-13T04:18:01.275075" elapsed="0.000165"/>
</kw>
<var name="${key}">email</var>
<status status="PASS" start="2024-06-13T04:18:01.273695" elapsed="0.001757"/>
</iter>
<iter>
<kw name="Dictionary Should Contain Key" owner="Collections">
<arg>${json_data['results'][0]}</arg>
<arg>${key}</arg>
<doc>Fails if ``key`` is not found from ``dictionary``.</doc>
<status status="PASS" start="2024-06-13T04:18:01.275730" elapsed="0.000372"/>
</kw>
<kw name="Log" owner="BuiltIn">
<msg time="2024-06-13T04:18:01.276624" level="INFO">{'gender': 'male', 'name': {'title': 'Mr', 'first': 'Peetu', 'last': 'Salmela'}, 'location': {'street': {'number': 2647, 'name': 'Rautatienkatu'}, 'city': 'Tammela', 'state': 'Central Ostrobothnia', 'country': 'Finland', 'postcode': 40618, 'coordinates': {'latitude': '-21.9096', 'longitude': '-103.2383'}, 'timezone': {'offset': '-11:00', 'description': 'Midway Island, Samoa'}}, 'email': 'peetu.salmela@example.com', 'login': {'uuid': 'cd04ad05-f06f-4a01-884b-84362a8e5afe', 'username': 'crazypanda570', 'password': 'leanne', 'salt': '0cA8NahV', 'md5': '1d0ff69aa5519dcd04bd867331671dcd', 'sha1': '78cc4c6ee3034315e0845dee69cb0e5fb4a8db9d', 'sha256': '2c0deb4850ed7f0b872a66af5f93f6f38246d55a77eb92655222629d7c19c858'}, 'dob': {'date': '1961-04-01T15:21:00.369Z', 'age': 63}, 'registered': {'date': '2007-01-10T18:08:21.209Z', 'age': 17}, 'phone': '03-658-369', 'cell': '048-287-85-57', 'id': {'name': 'HETU', 'value': 'NaNNA129undefined'}, 'picture': {'large': 'https://randomuser.me/api/portraits/men/43.jpg', 'medium': 'https://randomuser.me/api/portraits/med/men/43.jpg', 'thumbnail': 'https://randomuser.me/api/portraits/thumb/men/43.jpg'}, 'nat': 'FI'}</msg>
<arg>${json_data['results'][0]}</arg>
<doc>Logs the given message with the given level.</doc>
<status status="PASS" start="2024-06-13T04:18:01.276287" elapsed="0.000392"/>
</kw>
<kw name="Log" owner="BuiltIn">
<msg time="2024-06-13T04:18:01.277277" level="INFO">login</msg>
<arg>${key}</arg>
<doc>Logs the given message with the given level.</doc>
<status status="PASS" start="2024-06-13T04:18:01.277026" elapsed="0.000290"/>
</kw>
<var name="${key}">login</var>
<status status="PASS" start="2024-06-13T04:18:01.275623" elapsed="0.001911"/>
</iter>
<var>${key}</var>
<value>@{expected_keys}</value>
<status status="PASS" start="2024-06-13T04:18:01.267494" elapsed="0.010160"/>
</for>
<kw name="Create List" owner="BuiltIn">
<msg time="2024-06-13T04:18:01.277983" level="INFO">${expected_keysTwo} = ['username', 'password']</msg>
<var>${expected_keysTwo}</var>
<arg>username</arg>
<arg>password</arg>
<doc>Returns a list containing given items.</doc>
<status status="PASS" start="2024-06-13T04:18:01.277846" elapsed="0.000189"/>
</kw>
<for flavor="IN">
<iter>
<kw name="Dictionary Should Contain Key" owner="Collections">
<arg>${json_data['results'][0]['login']}</arg>
<arg>${keyTwo}</arg>
<doc>Fails if ``key`` is not found from ``dictionary``.</doc>
<status status="PASS" start="2024-06-13T04:18:01.278543" elapsed="0.000375"/>
</kw>
<kw name="Dictionary Should Contain Key" owner="Collections">
<arg>${json_data['results'][0]['login']}</arg>
<arg>${keyTwo}</arg>
<doc>Fails if ``key`` is not found from ``dictionary``.</doc>
<status status="PASS" start="2024-06-13T04:18:01.279097" elapsed="0.000372"/>
</kw>
<kw name="Log" owner="BuiltIn">
<msg time="2024-06-13T04:18:01.279763" level="INFO">username</msg>
<arg>${keyTwo}</arg>
<doc>Logs the given message with the given level.</doc>
<status status="PASS" start="2024-06-13T04:18:01.279645" elapsed="0.000155"/>
</kw>
<var name="${keyTwo}">username</var>
<status status="PASS" start="2024-06-13T04:18:01.278435" elapsed="0.001581"/>
</iter>
<iter>
<kw name="Dictionary Should Contain Key" owner="Collections">
<arg>${json_data['results'][0]['login']}</arg>
<arg>${keyTwo}</arg>
<doc>Fails if ``key`` is not found from ``dictionary``.</doc>
<status status="PASS" start="2024-06-13T04:18:01.280295" elapsed="0.000371"/>
</kw>
<kw name="Dictionary Should Contain Key" owner="Collections">
<arg>${json_data['results'][0]['login']}</arg>
<arg>${keyTwo}</arg>
<doc>Fails if ``key`` is not found from ``dictionary``.</doc>
<status status="PASS" start="2024-06-13T04:18:01.280887" elapsed="0.000384"/>
</kw>
<kw name="Log" owner="BuiltIn">
<msg time="2024-06-13T04:18:01.281574" level="INFO">password</msg>
<arg>${keyTwo}</arg>
<doc>Logs the given message with the given level.</doc>
<status status="PASS" start="2024-06-13T04:18:01.281452" elapsed="0.000158"/>
</kw>
<var name="${keyTwo}">password</var>
<status status="PASS" start="2024-06-13T04:18:01.280190" elapsed="0.001642"/>
</iter>
<var>${keyTwo}</var>
<value>@{expected_keysTwo}</value>
<status status="PASS" start="2024-06-13T04:18:01.278283" elapsed="0.003670"/>
</for>
<status status="PASS" start="2024-06-13T04:18:01.183825" elapsed="0.098273"/>
</kw>
<doc>Testa a estrutura da resposta da API.</doc>
<tag>testeEstruturaResposta</tag>
<status status="PASS" start="2024-06-13T04:18:01.183033" elapsed="0.099226"/>
</test>
<test id="s1-s1-t4" name="Validar tipos de dados" line="28">
<kw name="Teste de Tipos de Dados" owner="random-user-service">
<kw name="GET On Session" owner="RequestsLibrary">
<msg time="2024-06-13T04:18:01.322671" level="INFO">GET Request : url=https://randomuser.me/api 
 path_url=/api 
 headers={'User-Agent': 'python-requests/2.32.3', 'Accept-Encoding': 'gzip, deflate', 'Accept': '*/*', 'Connection': 'keep-alive'} 
 body=None 
 </msg>
<msg time="2024-06-13T04:18:01.322796" level="INFO">GET Response : url=https://randomuser.me/api 
 status=200, reason=OK 
 headers={'Date': 'Thu, 13 Jun 2024 04:18:01 GMT', 'Content-Type': 'application/json; charset=utf-8', 'Transfer-Encoding': 'chunked', 'Connection': 'keep-alive', 'X-Powered-By': 'Express', 'Access-Control-Allow-Origin': '*', 'Cache-Control': 'no-cache', 'ETag': 'W/"48c-my2GhY4wtd/prVf8mE8HByYJkmM"', 'Vary': 'Accept-Encoding', 'Content-Encoding': 'gzip', 'CF-Cache-Status': 'DYNAMIC', 'Report-To': '{"endpoints":[{"url":"https:\\/\\/a.nel.cloudflare.com\\/report\\/v4?s=r%2Fx3iqkcEdv0eZEa3kgx5sUt0wKjd%2Bx8po%2Fas39WYwwJKDggHOUnlsNvf809oujc2luQhZ%2BKIkRmKcLM7MEbbwi6%2B2SqTFELW03uJ0fBxGhLPwD06VU2f%2BGwZCklA1Gu"}],"group":"cf-nel","max_age":604800}', 'NEL': '{"success_fraction":0,"report_to":"cf-nel","max_age":604800}', 'Server': 'cloudflare', 'CF-RAY': '892f46360bfe0800-IAD', 'alt-svc': 'h3=":443"; ma=86400'} 
 body={"results":[{"gender":"male","name":{"title":"Mr","first":"Steven","last":"Garrett"},"location":{"street":{"number":9187,"name":"School Lane"},"city":"Kingston upon Hull","state":"Merseyside","country":"United Kingdom","postcode":"H3 3GD","coordinates":{"latitude":"-6.3435","longitude":"-161.0395"},"timezone":{"offset":"+3:30","description":"Tehran"}},"email":"steven.garrett@example.com","login":{"uuid":"e49eb69a-be46-4cca-b8df-646eae7e2be4","username":"ticklishzebra460","password":"madman","salt":"S4szVUPR","md5":"ae002c5ff0f3ce2a11267e7f438a0ace","sha1":"f84cd9de13ef1c22e9d7425552860ba96099522a","sha256":"f23535e1d491eaad95c8a9837e3c11222b2686d3bd51df569fe190f62754f0b7"},"dob":{"date":"1959-11-13T04:17:09.195Z","age":64},"registered":{"date":"2010-03-01T06:24:07.510Z","age":14},"phone":"015242 59963","cell":"07549 948306","id":{"name":"NINO","value":"EM 99 63 71 P"},"picture":{"large":"https://randomuser.me/api/portraits/men/93.jpg","medium":"https://randomuser.me/api/portraits/med/men/93.jpg","thumbnail":"https://randomuser.me/api/portraits/thumb/men/93.jpg"},"nat":"GB"}],"info":{"seed":"2efe5b1168052a23","results":1,"page":1,"version":"1.4"}} 
 </msg>
<msg time="2024-06-13T04:18:01.322907" level="INFO">/opt/hostedtoolcache/Python/3.12.3/x64/lib/python3.12/site-packages/urllib3/connectionpool.py:1103: InsecureRequestWarning: Unverified HTTPS request is being made to host 'randomuser.me'. Adding certificate verification is strongly advised. See: https://urllib3.readthedocs.io/en/latest/advanced-usage.html#tls-warnings
  warnings.warn(</msg>
<msg time="2024-06-13T04:18:01.323083" level="INFO">${response} = &lt;Response [200]&gt;</msg>
<var>${response}</var>
<arg>consultarAPI</arg>
<arg>/api</arg>
<doc>Sends a GET request on a previously created HTTP Session.</doc>
<status status="PASS" start="2024-06-13T04:18:01.284914" elapsed="0.038212"/>
</kw>
<kw name="Set Variable" owner="BuiltIn">
<msg time="2024-06-13T04:18:01.324617" level="INFO">${json_data} = {'results': [{'gender': 'male', 'name': {'title': 'Mr', 'first': 'Steven', 'last': 'Garrett'}, 'location': {'street': {'number': 9187, 'name': 'School Lane'}, 'city': 'Kingston upon Hull', 'state': 'M...</msg>
<var>${json_data}</var>
<arg>${response.json()}</arg>
<doc>Returns the given values which can then be assigned to a variables.</doc>
<status status="PASS" start="2024-06-13T04:18:01.323812" elapsed="0.000853"/>
</kw>
<kw name="Log" owner="BuiltIn">
<msg time="2024-06-13T04:18:01.325455" level="INFO">{'results': [{'gender': 'male', 'name': {'title': 'Mr', 'first': 'Steven', 'last': 'Garrett'}, 'location': {'street': {'number': 9187, 'name': 'School Lane'}, 'city': 'Kingston upon Hull', 'state': 'Merseyside', 'country': 'United Kingdom', 'postcode': 'H3 3GD', 'coordinates': {'latitude': '-6.3435', 'longitude': '-161.0395'}, 'timezone': {'offset': '+3:30', 'description': 'Tehran'}}, 'email': 'steven.garrett@example.com', 'login': {'uuid': 'e49eb69a-be46-4cca-b8df-646eae7e2be4', 'username': 'ticklishzebra460', 'password': 'madman', 'salt': 'S4szVUPR', 'md5': 'ae002c5ff0f3ce2a11267e7f438a0ace', 'sha1': 'f84cd9de13ef1c22e9d7425552860ba96099522a', 'sha256': 'f23535e1d491eaad95c8a9837e3c11222b2686d3bd51df569fe190f62754f0b7'}, 'dob': {'date': '1959-11-13T04:17:09.195Z', 'age': 64}, 'registered': {'date': '2010-03-01T06:24:07.510Z', 'age': 14}, 'phone': '015242 59963', 'cell': '07549 948306', 'id': {'name': 'NINO', 'value': 'EM 99 63 71 P'}, 'picture': {'large': 'https://randomuser.me/api/portraits/men/93.jpg', 'medium': 'https://randomuser.me/api/portraits/med/men/93.jpg', 'thumbnail': 'https://randomuser.me/api/portraits/thumb/men/93.jpg'}, 'nat': 'GB'}], 'info': {'seed': '2efe5b1168052a23', 'results': 1, 'page': 1, 'version': '1.4'}}</msg>
<arg>${json_data}</arg>
<doc>Logs the given message with the given level.</doc>
<status status="PASS" start="2024-06-13T04:18:01.325221" elapsed="0.000312"/>
</kw>
<kw name="Should Be String" owner="String">
<arg>${json_data['results'][0]['gender']}</arg>
<doc>Fails if the given ``item`` is not a string.</doc>
<status status="PASS" start="2024-06-13T04:18:01.325957" elapsed="0.000603"/>
</kw>
<kw name="Should Match Regexp" owner="BuiltIn">
<arg>${json_data['results'][0]['email']}</arg>
<arg>^[a-zA-Z0-9._%+-]+@[a-zA-Z0-9.-]+\.[a-zA-Z]{2,}$</arg>
<doc>Fails if ``string`` does not match ``pattern`` as a regular expression.</doc>
<status status="PASS" start="2024-06-13T04:18:01.326879" elapsed="0.000853"/>
</kw>
<kw name="Should Match Regexp" owner="BuiltIn">
<arg>${json_data['results'][0]['dob']['date']}</arg>
<arg>\\d{4}-\\d{2}-\\d{2}T\\d{2}:\\d{2}:\\d{2}\\.\\d{3}Z</arg>
<doc>Fails if ``string`` does not match ``pattern`` as a regular expression.</doc>
<status status="PASS" start="2024-06-13T04:18:01.328051" elapsed="0.000839"/>
</kw>
<kw name="Should Match Regexp" owner="BuiltIn">
<arg>${json_data['results'][0]['registered']['date']}</arg>
<arg>\\d{4}-\\d{2}-\\d{2}T\\d{2}:\\d{2}:\\d{2}\\.\\d{3}Z</arg>
<doc>Fails if ``string`` does not match ``pattern`` as a regular expression.</doc>
<status status="PASS" start="2024-06-13T04:18:01.329195" elapsed="0.000607"/>
</kw>
<kw name="Should Match Regexp" owner="BuiltIn">
<arg>${json_data['results'][0]['picture']['large']}</arg>
<arg>^https?://.*\.(?:png|jpe?g|gif|bmp)$</arg>
<doc>Fails if ``string`` does not match ``pattern`` as a regular expression.</doc>
<status status="PASS" start="2024-06-13T04:18:01.330095" elapsed="0.000760"/>
</kw>
<kw name="Should Match Regexp" owner="BuiltIn">
<arg>${json_data['results'][0]['picture']['medium']}</arg>
<arg>^https?://.*\.(?:png|jpe?g|gif|bmp)$</arg>
<doc>Fails if ``string`` does not match ``pattern`` as a regular expression.</doc>
<status status="PASS" start="2024-06-13T04:18:01.331184" elapsed="0.000611"/>
</kw>
<kw name="Should Match Regexp" owner="BuiltIn">
<arg>${json_data['results'][0]['picture']['thumbnail']}</arg>
<arg>^https?://.*\.(?:png|jpe?g|gif|bmp)$</arg>
<doc>Fails if ``string`` does not match ``pattern`` as a regular expression.</doc>
<status status="PASS" start="2024-06-13T04:18:01.332132" elapsed="0.000582"/>
</kw>
<kw name="Log" owner="BuiltIn">
<msg time="2024-06-13T04:18:01.333621" level="INFO">{'large': 'https://randomuser.me/api/portraits/men/93.jpg', 'medium': 'https://randomuser.me/api/portraits/med/men/93.jpg', 'thumbnail': 'https://randomuser.me/api/portraits/thumb/men/93.jpg'}</msg>
<arg>${json_data['results'][0]['picture']}</arg>
<doc>Logs the given message with the given level.</doc>
<status status="PASS" start="2024-06-13T04:18:01.333065" elapsed="0.000626"/>
</kw>
<status status="PASS" start="2024-06-13T04:18:01.284626" elapsed="0.049494"/>
</kw>
<kw name="Teste de Tipos de Dados - Postcode" owner="random-user-service">
<kw name="GET On Session" owner="RequestsLibrary">
<msg time="2024-06-13T04:18:01.434235" level="INFO">GET Request : url=https://randomuser.me/api 
 path_url=/api 
 headers={'User-Agent': 'python-requests/2.32.3', 'Accept-Encoding': 'gzip, deflate', 'Accept': '*/*', 'Connection': 'keep-alive'} 
 body=None 
 </msg>
<msg time="2024-06-13T04:18:01.434332" level="INFO">GET Response : url=https://randomuser.me/api 
 status=200, reason=OK 
 headers={'Date': 'Thu, 13 Jun 2024 04:18:01 GMT', 'Content-Type': 'application/json; charset=utf-8', 'Transfer-Encoding': 'chunked', 'Connection': 'keep-alive', 'X-Powered-By': 'Express', 'Access-Control-Allow-Origin': '*', 'Cache-Control': 'no-cache', 'ETag': 'W/"4a7-ZJJTTwxoDefo59znmVgrlhvUqmI"', 'Vary': 'Accept-Encoding', 'Content-Encoding': 'gzip', 'CF-Cache-Status': 'DYNAMIC', 'Report-To': '{"endpoints":[{"url":"https:\\/\\/a.nel.cloudflare.com\\/report\\/v4?s=JFtmzbIBQ3ATFfRMIEYvw%2Bq4b12hLa7qGbGGmscSBRyJkpC15NV31VCx7d1vr%2FpKx8IiA70i73MuASV1Jf7IJYsRFoVtga2Eqrpn8wLsIZxnR5X6jb7bt4WANVSy1w%2FR"}],"group":"cf-nel","max_age":604800}', 'NEL': '{"success_fraction":0,"report_to":"cf-nel","max_age":604800}', 'Server': 'cloudflare', 'CF-RAY': '892f46365c500800-IAD', 'alt-svc': 'h3=":443"; ma=86400'} 
 body={"results":[{"gender":"male","name":{"title":"Mr","first":"Lukas","last":"Henry"},"location":{"street":{"number":3248,"name":"Rue des Jardins"},"city":"Fort-de-France","state":"Territoire De Belfort","country":"France","postcode":89898,"coordinates":{"latitude":"-14.7000","longitude":"-68.0816"},"timezone":{"offset":"-5:00","description":"Eastern Time (US &amp; Canada), Bogota, Lima"}},"email":"lukas.henry@example.com","login":{"uuid":"8635b5ee-c136-4d04-84e2-d090176071fc","username":"tinydog854","password":"cooking","salt":"UfmxZapG","md5":"5fc915aa93971b08d6a3e4b31eea31cd","sha1":"4efaf8b00a66e9c36b2872a339ad07cc1e77e2cf","sha256":"dfa01b0d646240f4d1da5b47faa1ef77014c218838c2038fd9f8ba0f6203d306"},"dob":{"date":"1948-01-14T16:16:41.274Z","age":76},"registered":{"date":"2014-07-03T06:45:07.936Z","age":9},"phone":"01-44-04-09-71","cell":"06-24-85-63-47","id":{"name":"INSEE","value":"1480031989890 54"},"picture":{"large":"https://randomuser.me/api/portraits/men/4.jpg","medium":"https://randomuser.me/api/portraits/med/men/4.jpg","thumbnail":"https://randomuser.me/api/portraits/thumb/men/4.jpg"},"nat":"FR"}],"info":{"seed":"52522f67ed919636","results":1,"page":1,"version":"1.4"}} 
 </msg>
<msg time="2024-06-13T04:18:01.434428" level="INFO">/opt/hostedtoolcache/Python/3.12.3/x64/lib/python3.12/site-packages/urllib3/connectionpool.py:1103: InsecureRequestWarning: Unverified HTTPS request is being made to host 'randomuser.me'. Adding certificate verification is strongly advised. See: https://urllib3.readthedocs.io/en/latest/advanced-usage.html#tls-warnings
  warnings.warn(</msg>
<msg time="2024-06-13T04:18:01.434549" level="INFO">${response} = &lt;Response [200]&gt;</msg>
<var>${response}</var>
<arg>consultarAPI</arg>
<arg>/api</arg>
<doc>Sends a GET request on a previously created HTTP Session.</doc>
<status status="PASS" start="2024-06-13T04:18:01.334856" elapsed="0.099737"/>
</kw>
<kw name="Set Variable" owner="BuiltIn">
<msg time="2024-06-13T04:18:01.435633" level="INFO">${json_data} = {'results': [{'gender': 'male', 'name': {'title': 'Mr', 'first': 'Lukas', 'last': 'Henry'}, 'location': {'street': {'number': 3248, 'name': 'Rue des Jardins'}, 'city': 'Fort-de-France', 'state': 'Terr...</msg>
<var>${json_data}</var>
<arg>${response.json()}</arg>
<doc>Returns the given values which can then be assigned to a variables.</doc>
<status status="PASS" start="2024-06-13T04:18:01.435106" elapsed="0.000558"/>
</kw>
<kw name="Log" owner="BuiltIn">
<msg time="2024-06-13T04:18:01.436135" level="INFO">{'results': [{'gender': 'male', 'name': {'title': 'Mr', 'first': 'Lukas', 'last': 'Henry'}, 'location': {'street': {'number': 3248, 'name': 'Rue des Jardins'}, 'city': 'Fort-de-France', 'state': 'Territoire De Belfort', 'country': 'France', 'postcode': 89898, 'coordinates': {'latitude': '-14.7000', 'longitude': '-68.0816'}, 'timezone': {'offset': '-5:00', 'description': 'Eastern Time (US &amp; Canada), Bogota, Lima'}}, 'email': 'lukas.henry@example.com', 'login': {'uuid': '8635b5ee-c136-4d04-84e2-d090176071fc', 'username': 'tinydog854', 'password': 'cooking', 'salt': 'UfmxZapG', 'md5': '5fc915aa93971b08d6a3e4b31eea31cd', 'sha1': '4efaf8b00a66e9c36b2872a339ad07cc1e77e2cf', 'sha256': 'dfa01b0d646240f4d1da5b47faa1ef77014c218838c2038fd9f8ba0f6203d306'}, 'dob': {'date': '1948-01-14T16:16:41.274Z', 'age': 76}, 'registered': {'date': '2014-07-03T06:45:07.936Z', 'age': 9}, 'phone': '01-44-04-09-71', 'cell': '06-24-85-63-47', 'id': {'name': 'INSEE', 'value': '1480031989890 54'}, 'picture': {'large': 'https://randomuser.me/api/portraits/men/4.jpg', 'medium': 'https://randomuser.me/api/portraits/med/men/4.jpg', 'thumbnail': 'https://randomuser.me/api/portraits/thumb/men/4.jpg'}, 'nat': 'FR'}], 'info': {'seed': '52522f67ed919636', 'results': 1, 'page': 1, 'version': '1.4'}}</msg>
<arg>${json_data}</arg>
<doc>Logs the given message with the given level.</doc>
<status status="PASS" start="2024-06-13T04:18:01.435977" elapsed="0.000207"/>
</kw>
<kw name="Should Be Equal As Numbers" owner="BuiltIn">
<arg>${json_data['results'][0]['location']['postcode']}</arg>
<arg>${json_data['results'][0]['location']['postcode']}</arg>
<doc>Fails if objects are unequal after converting them to real numbers.</doc>
<status status="PASS" start="2024-06-13T04:18:01.436484" elapsed="0.000695"/>
</kw>
<kw name="Log" owner="BuiltIn">
<msg time="2024-06-13T04:18:01.437716" level="INFO">89898</msg>
<arg>${json_data['results'][0]['location']['postcode']}</arg>
<doc>Logs the given message with the given level.</doc>
<status status="PASS" start="2024-06-13T04:18:01.437376" elapsed="0.000419"/>
</kw>
<status status="PASS" start="2024-06-13T04:18:01.334491" elapsed="0.103568"/>
</kw>
<doc>Testa se os tipos de dados na resposta da API estão corretos.</doc>
<tag>testeTiposDados</tag>
<status status="PASS" start="2024-06-13T04:18:01.284042" elapsed="0.154197"/>
</test>
<test id="s1-s1-t5" name="Validar conteudo" line="35">
<kw name="Teste de Tipos de Conteudo" owner="random-user-service">
<kw name="GET On Session" owner="RequestsLibrary">
<msg time="2024-06-13T04:18:01.559099" level="INFO">GET Request : url=https://randomuser.me/api 
 path_url=/api 
 headers={'User-Agent': 'python-requests/2.32.3', 'Accept-Encoding': 'gzip, deflate', 'Accept': '*/*', 'Connection': 'keep-alive'} 
 body=None 
 </msg>
<msg time="2024-06-13T04:18:01.559206" level="INFO">GET Response : url=https://randomuser.me/api 
 status=200, reason=OK 
 headers={'Date': 'Thu, 13 Jun 2024 04:18:01 GMT', 'Content-Type': 'application/json; charset=utf-8', 'Transfer-Encoding': 'chunked', 'Connection': 'keep-alive', 'X-Powered-By': 'Express', 'Access-Control-Allow-Origin': '*', 'Cache-Control': 'no-cache', 'ETag': 'W/"46b-Rpnyjt/w0xjB0Wpl7hXrOAyjSA0"', 'Vary': 'Accept-Encoding', 'Content-Encoding': 'gzip', 'CF-Cache-Status': 'DYNAMIC', 'Report-To': '{"endpoints":[{"url":"https:\\/\\/a.nel.cloudflare.com\\/report\\/v4?s=cGLySOYwBqZ5Sq%2BDJpOP7zWkYq8tdzpbnEYvcloDrPxZmLhJkVD1Kt6GlAUWEo5qnQdALUpojHJSipfJa%2FKGFuAXbx3tWh3BZqkO1PRUJrie3ykoj8pViRLaLWQQO6SL"}],"group":"cf-nel","max_age":604800}', 'NEL': '{"success_fraction":0,"report_to":"cf-nel","max_age":604800}', 'Server': 'cloudflare', 'CF-RAY': '892f46370cea0800-IAD', 'alt-svc': 'h3=":443"; ma=86400'} 
 body={"results":[{"gender":"male","name":{"title":"Mr","first":"Mile","last":"Tešić"},"location":{"street":{"number":4362,"name":"Jugoslovenska"},"city":"Kladovo","state":"Podunavlje","country":"Serbia","postcode":85388,"coordinates":{"latitude":"55.9550","longitude":"-157.4680"},"timezone":{"offset":"+4:30","description":"Kabul"}},"email":"mile.tesic@example.com","login":{"uuid":"7da6548d-0cdc-4611-9ba1-eb36e9545b60","username":"redbutterfly933","password":"ramona","salt":"dW2Vzfgv","md5":"688cc2ee4e897bdfd126ea7dc19dac59","sha1":"14801efdcea443fc95f8946820a8bcd12331db75","sha256":"cc80ffe6d16b1a8b4bb0977f5218a88568237ab1da5f34bcd74c9dc98377002f"},"dob":{"date":"1986-05-04T08:50:55.973Z","age":38},"registered":{"date":"2006-08-16T01:36:08.694Z","age":17},"phone":"035-3237-302","cell":"062-2554-829","id":{"name":"SID","value":"928943677"},"picture":{"large":"https://randomuser.me/api/portraits/men/43.jpg","medium":"https://randomuser.me/api/portraits/med/men/43.jpg","thumbnail":"https://randomuser.me/api/portraits/thumb/men/43.jpg"},"nat":"RS"}],"info":{"seed":"1880ef06554d19c3","results":1,"page":1,"version":"1.4"}} 
 </msg>
<msg time="2024-06-13T04:18:01.559294" level="INFO">/opt/hostedtoolcache/Python/3.12.3/x64/lib/python3.12/site-packages/urllib3/connectionpool.py:1103: InsecureRequestWarning: Unverified HTTPS request is being made to host 'randomuser.me'. Adding certificate verification is strongly advised. See: https://urllib3.readthedocs.io/en/latest/advanced-usage.html#tls-warnings
  warnings.warn(</msg>
<msg time="2024-06-13T04:18:01.559420" level="INFO">${response} = &lt;Response [200]&gt;</msg>
<var>${response}</var>
<arg>consultarAPI</arg>
<arg>/api</arg>
<doc>Sends a GET request on a previously created HTTP Session.</doc>
<status status="PASS" start="2024-06-13T04:18:01.440712" elapsed="0.118748"/>
</kw>
<kw name="Set Variable" owner="BuiltIn">
<msg time="2024-06-13T04:18:01.560485" level="INFO">${json_data} = {'results': [{'gender': 'male', 'name': {'title': 'Mr', 'first': 'Mile', 'last': 'Tešić'}, 'location': {'street': {'number': 4362, 'name': 'Jugoslovenska'}, 'city': 'Kladovo', 'state': 'Podunavlje', '...</msg>
<var>${json_data}</var>
<arg>${response.json()}</arg>
<doc>Returns the given values which can then be assigned to a variables.</doc>
<status status="PASS" start="2024-06-13T04:18:01.559964" elapsed="0.000552"/>
</kw>
<kw name="Set Variable" owner="BuiltIn">
<msg time="2024-06-13T04:18:01.561248" level="INFO">${name_title} = Mr</msg>
<var>${name_title}</var>
<arg>${json_data["results"][0]["name"]["title"]}</arg>
<doc>Returns the given values which can then be assigned to a variables.</doc>
<status status="PASS" start="2024-06-13T04:18:01.560865" elapsed="0.000409"/>
</kw>
<kw name="Create List" owner="BuiltIn">
<msg time="2024-06-13T04:18:01.561722" level="INFO">${allowed_titles} = ['Mr', 'Ms', 'Miss', 'Mrs', 'Madame', 'Monsieur']</msg>
<var>${allowed_titles}</var>
<arg>Mr</arg>
<arg>Ms</arg>
<arg>Miss</arg>
<arg>Mrs</arg>
<arg>Madame</arg>
<arg>Monsieur</arg>
<doc>Returns a list containing given items.</doc>
<status status="PASS" start="2024-06-13T04:18:01.561573" elapsed="0.000174"/>
</kw>
<kw name="List Should Contain Value" owner="Collections">
<arg>${allowed_titles}</arg>
<arg>${name_title}</arg>
<doc>Fails if the ``value`` is not found from ``list``.</doc>
<status status="PASS" start="2024-06-13T04:18:01.562051" elapsed="0.000173"/>
</kw>
<kw name="Set Variable" owner="BuiltIn">
<msg time="2024-06-13T04:18:01.562771" level="INFO">${name_country} = RS</msg>
<var>${name_country}</var>
<arg>${json_data["results"][0]["nat"]}</arg>
<doc>Returns the given values which can then be assigned to a variables.</doc>
<status status="PASS" start="2024-06-13T04:18:01.562401" elapsed="0.000394"/>
</kw>
<kw name="Create List" owner="BuiltIn">
<msg time="2024-06-13T04:18:01.563681" level="INFO">${list_country} = ['AD', 'AE', 'AF', 'AG', 'AI', 'AL', 'AM', 'AO', 'AQ', 'AR', 'AS', 'AT', 'AU', 'AW', 'AX', 'AZ', 'BA', 'BB', 'BD', 'BE', 'BF', 'BG', 'BH', 'BI', 'BJ', 'BL', 'BM', 'BN', 'BO', 'BQ', 'BR', 'BS', 'BT', '...</msg>
<var>${list_country}</var>
<arg>AD</arg>
<arg>AE</arg>
<arg>AF</arg>
<arg>AG</arg>
<arg>AI</arg>
<arg>AL</arg>
<arg>AM</arg>
<arg>AO</arg>
<arg>AQ</arg>
<arg>AR</arg>
<arg>AS</arg>
<arg>AT</arg>
<arg>AU</arg>
<arg>AW</arg>
<arg>AX</arg>
<arg>AZ</arg>
<arg>BA</arg>
<arg>BB</arg>
<arg>BD</arg>
<arg>BE</arg>
<arg>BF</arg>
<arg>BG</arg>
<arg>BH</arg>
<arg>BI</arg>
<arg>BJ</arg>
<arg>BL</arg>
<arg>BM</arg>
<arg>BN</arg>
<arg>BO</arg>
<arg>BQ</arg>
<arg>BR</arg>
<arg>BS</arg>
<arg>BT</arg>
<arg>BV</arg>
<arg>BW</arg>
<arg>BY</arg>
<arg>BZ</arg>
<arg>CA</arg>
<arg>CC</arg>
<arg>CD</arg>
<arg>CF</arg>
<arg>CG</arg>
<arg>CH</arg>
<arg>CI</arg>
<arg>CK</arg>
<arg>CL</arg>
<arg>CM</arg>
<arg>CN</arg>
<arg>CO</arg>
<arg>CR</arg>
<arg>CU</arg>
<arg>CV</arg>
<arg>CW</arg>
<arg>CX</arg>
<arg>CY</arg>
<arg>CZ</arg>
<arg>DE</arg>
<arg>DJ</arg>
<arg>DK</arg>
<arg>DM</arg>
<arg>DO</arg>
<arg>DZ</arg>
<arg>EC</arg>
<arg>EE</arg>
<arg>EG</arg>
<arg>EH</arg>
<arg>ER</arg>
<arg>ES</arg>
<arg>ET</arg>
<arg>FI</arg>
<arg>FJ</arg>
<arg>FK</arg>
<arg>FM</arg>
<arg>FO</arg>
<arg>FR</arg>
<arg>GA</arg>
<arg>GB</arg>
<arg>GD</arg>
<arg>GE</arg>
<arg>GF</arg>
<arg>GG</arg>
<arg>GH</arg>
<arg>GI</arg>
<arg>GL</arg>
<arg>GM</arg>
<arg>GN</arg>
<arg>GP</arg>
<arg>GQ</arg>
<arg>GR</arg>
<arg>GS</arg>
<arg>GT</arg>
<arg>GU</arg>
<arg>GW</arg>
<arg>GY</arg>
<arg>HK</arg>
<arg>HM</arg>
<arg>HN</arg>
<arg>HR</arg>
<arg>HT</arg>
<arg>HU</arg>
<arg>ID</arg>
<arg>IE</arg>
<arg>IL</arg>
<arg>IM</arg>
<arg>IN</arg>
<arg>IO</arg>
<arg>IQ</arg>
<arg>IR</arg>
<arg>IS</arg>
<arg>IT</arg>
<arg>JE</arg>
<arg>JM</arg>
<arg>JO</arg>
<arg>JP</arg>
<arg>KE</arg>
<arg>KG</arg>
<arg>KH</arg>
<arg>KI</arg>
<arg>KM</arg>
<arg>KN</arg>
<arg>KP</arg>
<arg>KR</arg>
<arg>KW</arg>
<arg>KY</arg>
<arg>KZ</arg>
<arg>LA</arg>
<arg>LB</arg>
<arg>LC</arg>
<arg>LI</arg>
<arg>LK</arg>
<arg>LR</arg>
<arg>LS</arg>
<arg>LT</arg>
<arg>LU</arg>
<arg>LV</arg>
<arg>LY</arg>
<arg>MA</arg>
<arg>MC</arg>
<arg>MD</arg>
<arg>ME</arg>
<arg>MF</arg>
<arg>MG</arg>
<arg>MH</arg>
<arg>MK</arg>
<arg>ML</arg>
<arg>MM</arg>
<arg>MN</arg>
<arg>MO</arg>
<arg>MP</arg>
<arg>MQ</arg>
<arg>MR</arg>
<arg>MS</arg>
<arg>MT</arg>
<arg>MU</arg>
<arg>MV</arg>
<arg>MW</arg>
<arg>MX</arg>
<arg>MY</arg>
<arg>MZ</arg>
<arg>NA</arg>
<arg>NC</arg>
<arg>NE</arg>
<arg>NF</arg>
<arg>NG</arg>
<arg>NI</arg>
<arg>NL</arg>
<arg>NO</arg>
<arg>NP</arg>
<arg>NR</arg>
<arg>NU</arg>
<arg>NZ</arg>
<arg>OM</arg>
<arg>PA</arg>
<arg>PE</arg>
<arg>PF</arg>
<arg>PG</arg>
<arg>PH</arg>
<arg>PK</arg>
<arg>PL</arg>
<arg>PM</arg>
<arg>PN</arg>
<arg>PR</arg>
<arg>PS</arg>
<arg>PT</arg>
<arg>PW</arg>
<arg>PY</arg>
<arg>QA</arg>
<arg>RE</arg>
<arg>RO</arg>
<arg>RS</arg>
<arg>RU</arg>
<arg>RW</arg>
<arg>SA</arg>
<arg>SB</arg>
<arg>SC</arg>
<arg>SD</arg>
<arg>SE</arg>
<arg>SG</arg>
<arg>SH</arg>
<arg>SI</arg>
<arg>SJ</arg>
<arg>SK</arg>
<arg>SL</arg>
<arg>SM</arg>
<arg>SN</arg>
<arg>SO</arg>
<arg>SR</arg>
<arg>SS</arg>
<arg>ST</arg>
<arg>SV</arg>
<arg>SX</arg>
<arg>SY</arg>
<arg>SZ</arg>
<arg>TC</arg>
<arg>TD</arg>
<arg>TF</arg>
<arg>TG</arg>
<arg>TH</arg>
<arg>TJ</arg>
<arg>TK</arg>
<arg>TL</arg>
<arg>TM</arg>
<arg>TN</arg>
<arg>TO</arg>
<arg>TR</arg>
<arg>TT</arg>
<arg>TV</arg>
<arg>TW</arg>
<arg>TZ</arg>
<arg>UA</arg>
<arg>UG</arg>
<arg>UM</arg>
<arg>US</arg>
<arg>UY</arg>
<arg>UZ</arg>
<arg>VA</arg>
<arg>VC</arg>
<arg>VE</arg>
<arg>VG</arg>
<arg>VI</arg>
<arg>VN</arg>
<arg>VU</arg>
<arg>WF</arg>
<arg>WS</arg>
<arg>XK</arg>
<arg>YE</arg>
<arg>YT</arg>
<arg>ZA</arg>
<arg>ZM</arg>
<arg>ZW</arg>
<doc>Returns a list containing given items.</doc>
<status status="PASS" start="2024-06-13T04:18:01.563084" elapsed="0.000623"/>
</kw>
<kw name="List Should Contain Value" owner="Collections">
<arg>${list_country}</arg>
<arg>${name_country}</arg>
<doc>Fails if the ``value`` is not found from ``list``.</doc>
<status status="PASS" start="2024-06-13T04:18:01.564495" elapsed="0.000203"/>
</kw>
<kw name="Run Keyword If" owner="BuiltIn">
<kw name="Should Be True" owner="BuiltIn">
<arg>${True}</arg>
<doc>Fails if the given condition is not true.</doc>
<status status="PASS" start="2024-06-13T04:18:01.565790" elapsed="0.000140"/>
</kw>
<arg>${json_data["results"][0]["location"]["coordinates"]["latitude"]} &gt;= -90 and ${json_data["results"][0]["location"]["coordinates"]["latitude"]} &lt;= 90</arg>
<arg>Should Be True</arg>
<arg>${True}</arg>
<doc>Runs the given keyword with the given arguments, if ``condition`` is true.</doc>
<status status="PASS" start="2024-06-13T04:18:01.564928" elapsed="0.001126"/>
</kw>
<kw name="Run Keyword If" owner="BuiltIn">
<kw name="Should Be True" owner="BuiltIn">
<arg>${True}</arg>
<doc>Fails if the given condition is not true.</doc>
<status status="PASS" start="2024-06-13T04:18:01.566908" elapsed="0.000141"/>
</kw>
<arg>${json_data["results"][0]["location"]["coordinates"]["longitude"]} &gt;= -180 and ${json_data["results"][0]["location"]["coordinates"]["longitude"]} &lt;= 180</arg>
<arg>Should Be True</arg>
<arg>${True}</arg>
<doc>Runs the given keyword with the given arguments, if ``condition`` is true.</doc>
<status status="PASS" start="2024-06-13T04:18:01.566232" elapsed="0.000938"/>
</kw>
<status status="PASS" start="2024-06-13T04:18:01.440487" elapsed="0.126812"/>
</kw>
<doc>Testa o conteúdo específico dos campos retornados pela API.</doc>
<tag>testeConteudo</tag>
<status status="PASS" start="2024-06-13T04:18:01.440013" elapsed="0.127438"/>
</test>
<status status="PASS" start="2024-06-13T04:18:00.543932" elapsed="1.025530"/>
</suite>
<status status="PASS" start="2024-06-13T04:18:00.530015" elapsed="1.044490"/>
</suite>
<statistics>
<total>
<stat pass="5" fail="0" skip="0">All Tests</stat>
</total>
<tag>
<stat pass="1" fail="0" skip="0">testeConteudo</stat>
<stat pass="1" fail="0" skip="0">testeEstruturaResposta</stat>
<stat pass="1" fail="0" skip="0">testeRequisicaoBasica</stat>
<stat pass="1" fail="0" skip="0">testeTiposDados</stat>
</tag>
<suite>
<stat pass="5" fail="0" skip="0" id="s1" name="Tests">Tests</stat>
<stat pass="5" fail="0" skip="0" id="s1-s1" name="Random-User-Test">Tests.Random-User-Test</stat>
</suite>
</statistics>
<errors>
</errors>
</robot>
