<?xml version="1.0" encoding="UTF-8"?>
<robot generator="Robot 7.0 (Python 3.12.2 on linux)" generated="2024-03-27T12:25:33.556265" rpa="false" schemaversion="5">
<suite id="s1" name="Tests" source="/home/runner/work/DesafioQAItauRogerioJordao/DesafioQAItauRogerioJordao/RamdonUser/tests">
<suite id="s1-s1" name="Random-User-Test" source="/home/runner/work/DesafioQAItauRogerioJordao/DesafioQAItauRogerioJordao/RamdonUser/tests/random-user-test.robot">
<test id="s1-s1-t1" name="Conectar" line="13">
<kw name="Conectar API" owner="random-user-service">
<kw name="Create Session" owner="RequestsLibrary">
<msg time="2024-03-27T12:25:33.922911" level="INFO">Creating Session using : alias=consultarAPI, url=https://randomuser.me/, headers={},                     cookies={}, auth=None, timeout=None, proxies=None, verify=False,                     debug=0 </msg>
<arg>consultarAPI</arg>
<arg>${URL}</arg>
<doc>Create Session: create a HTTP session to a server</doc>
<status status="PASS" start="2024-03-27T12:25:33.922715" elapsed="0.000363"/>
</kw>
<status status="PASS" start="2024-03-27T12:25:33.921680" elapsed="0.001777"/>
</kw>
<status status="PASS" start="2024-03-27T12:25:33.921024" elapsed="0.002638"/>
</test>
<test id="s1-s1-t2" name="Validar retorno 200 e JSON Válido" line="16">
<kw name="Teste de Requisicao Basica" owner="random-user-service">
<kw name="GET On Session" owner="RequestsLibrary">
<msg time="2024-03-27T12:25:34.022896" level="INFO">GET Request : url=https://randomuser.me/api 
 path_url=/api 
 headers={'User-Agent': 'python-requests/2.31.0', 'Accept-Encoding': 'gzip, deflate', 'Accept': '*/*', 'Connection': 'keep-alive'} 
 body=None 
 </msg>
<msg time="2024-03-27T12:25:34.023076" level="INFO">GET Response : url=https://randomuser.me/api 
 status=200, reason=OK 
 headers={'Date': 'Wed, 27 Mar 2024 12:25:34 GMT', 'Content-Type': 'application/json; charset=utf-8', 'Transfer-Encoding': 'chunked', 'Connection': 'keep-alive', 'X-Powered-By': 'Express', 'Access-Control-Allow-Origin': '*', 'Cache-Control': 'no-cache', 'ETag': 'W/"4aa-Clsp+Wqjsb5Ei1ZUfCWiu5vsSXE"', 'Vary': 'Accept-Encoding', 'Content-Encoding': 'gzip', 'CF-Cache-Status': 'DYNAMIC', 'Report-To': '{"endpoints":[{"url":"https:\\/\\/a.nel.cloudflare.com\\/report\\/v4?s=RXFo1zFnanHZODkCt2M05pGuFuuwvo0Um17roPlDN8awiImwM6wn8RafzTjNPd3avaE5Rn7uXgMBYz7l8CEd5S9fPBzStVz1dCHLsjrUFrOi4EzFai1Iiwvu%2BWfQrZLd"}],"group":"cf-nel","max_age":604800}', 'NEL': '{"success_fraction":0,"report_to":"cf-nel","max_age":604800}', 'Server': 'cloudflare', 'CF-RAY': '86af5d233df62a00-ORD', 'alt-svc': 'h3=":443"; ma=86400'} 
 body={"results":[{"gender":"female","name":{"title":"Mrs","first":"Licelima","last":"Costa"},"location":{"street":{"number":5493,"name":"Rua João Xxiii"},"city":"Piracicaba","state":"Piauí","country":"Brazil","postcode":67276,"coordinates":{"latitude":"-80.0389","longitude":"168.4003"},"timezone":{"offset":"+5:00","description":"Ekaterinburg, Islamabad, Karachi, Tashkent"}},"email":"licelima.costa@example.com","login":{"uuid":"936a86aa-a5b4-4fec-9f1c-4bd2c73728a0","username":"smallelephant752","password":"altima","salt":"uSs84Vx8","md5":"6de74415d36a9ef0980c4430821bd3f9","sha1":"f83a023c55dd51def69fe8e61aa4b9be93757903","sha256":"7c1c9cf0a0ea3dd1781cea65d7da852fa329dae1b02135b33dbb4282d2a0c4fe"},"dob":{"date":"1991-07-25T23:39:47.246Z","age":32},"registered":{"date":"2004-11-19T18:50:19.502Z","age":19},"phone":"(42) 4156-0052","cell":"(04) 3703-4805","id":{"name":"CPF","value":"760.460.112-06"},"picture":{"large":"https://randomuser.me/api/portraits/women/78.jpg","medium":"https://randomuser.me/api/portraits/med/women/78.jpg","thumbnail":"https://randomuser.me/api/portraits/thumb/women/78.jpg"},"nat":"BR"}],"info":{"seed":"b1f8457000e4738f","results":1,"page":1,"version":"1.4"}} 
 </msg>
<msg time="2024-03-27T12:25:34.023195" level="INFO">/opt/hostedtoolcache/Python/3.12.2/x64/lib/python3.12/site-packages/urllib3/connectionpool.py:1103: InsecureRequestWarning: Unverified HTTPS request is being made to host 'randomuser.me'. Adding certificate verification is strongly advised. See: https://urllib3.readthedocs.io/en/latest/advanced-usage.html#tls-warnings
  warnings.warn(</msg>
<msg time="2024-03-27T12:25:34.023383" level="INFO">${response} = &lt;Response [200]&gt;</msg>
<var>${response}</var>
<arg>consultarAPI</arg>
<arg>/api</arg>
<doc>Sends a GET request on a previously created HTTP Session.</doc>
<status status="PASS" start="2024-03-27T12:25:33.926178" elapsed="0.097246"/>
</kw>
<kw name="Should Be Equal As Numbers" owner="BuiltIn">
<msg time="2024-03-27T12:25:34.024448" level="INFO">Argument types are:
&lt;class 'int'&gt;
&lt;class 'str'&gt;</msg>
<arg>${response.status_code}</arg>
<arg>200</arg>
<doc>Fails if objects are unequal after converting them to real numbers.</doc>
<status status="PASS" start="2024-03-27T12:25:34.023978" elapsed="0.000540"/>
</kw>
<kw name="Log" owner="BuiltIn">
<msg time="2024-03-27T12:25:34.025197" level="INFO">200</msg>
<arg>${response.status_code}</arg>
<doc>Logs the given message with the given level.</doc>
<status status="PASS" start="2024-03-27T12:25:34.024845" elapsed="0.000395"/>
</kw>
<kw name="Set Variable" owner="BuiltIn">
<msg time="2024-03-27T12:25:34.026034" level="INFO">${json_data} = {'results': [{'gender': 'female', 'name': {'title': 'Mrs', 'first': 'Licelima', 'last': 'Costa'}, 'location': {'street': {'number': 5493, 'name': 'Rua João Xxiii'}, 'city': 'Piracicaba', 'state': 'Pia...</msg>
<var>${json_data}</var>
<arg>${response.json()}</arg>
<doc>Returns the given values which can then be assigned to a variables.</doc>
<status status="PASS" start="2024-03-27T12:25:34.025584" elapsed="0.000479"/>
</kw>
<kw name="Dictionary Should Contain Key" owner="Collections">
<msg time="2024-03-27T12:25:34.026534" level="INFO">False</msg>
<arg>${json_data}</arg>
<arg>results</arg>
<doc>Fails if ``key`` is not found from ``dictionary``.</doc>
<status status="PASS" start="2024-03-27T12:25:34.026365" elapsed="0.000209"/>
</kw>
<status status="PASS" start="2024-03-27T12:25:33.925933" elapsed="0.100900"/>
</kw>
<doc>Testa se a API responde corretamente e retorna um objeto JSON válido.</doc>
<tag>testeRequisicaoBasica</tag>
<status status="PASS" start="2024-03-27T12:25:33.925472" elapsed="0.101557"/>
</test>
<test id="s1-s1-t3" name="Validar estrutura de resposta" line="22">
<kw name="Teste de Estrutura de Resposta" owner="random-user-service">
<kw name="GET On Session" owner="RequestsLibrary">
<msg time="2024-03-27T12:25:34.116616" level="INFO">GET Request : url=https://randomuser.me/api 
 path_url=/api 
 headers={'User-Agent': 'python-requests/2.31.0', 'Accept-Encoding': 'gzip, deflate', 'Accept': '*/*', 'Connection': 'keep-alive'} 
 body=None 
 </msg>
<msg time="2024-03-27T12:25:34.116705" level="INFO">GET Response : url=https://randomuser.me/api 
 status=200, reason=OK 
 headers={'Date': 'Wed, 27 Mar 2024 12:25:34 GMT', 'Content-Type': 'application/json; charset=utf-8', 'Transfer-Encoding': 'chunked', 'Connection': 'keep-alive', 'X-Powered-By': 'Express', 'Access-Control-Allow-Origin': '*', 'Cache-Control': 'no-cache', 'ETag': 'W/"483-l+3a45zuQldzKs9F9cWFTJYCO5k"', 'Vary': 'Accept-Encoding', 'Content-Encoding': 'gzip', 'CF-Cache-Status': 'DYNAMIC', 'Report-To': '{"endpoints":[{"url":"https:\\/\\/a.nel.cloudflare.com\\/report\\/v4?s=f5%2FMVEGiGihmlkQhqWZuI06MNuRuCEdMojP4RJ0Nxo4C0BNdDYy7Yllww6T58O5pydJZsiqQHl3VhqkJE9w5LmqZwYTP5ppCok4Is50p0BQ0b4%2FHWoNZk0GHfe9Eah7e"}],"group":"cf-nel","max_age":604800}', 'NEL': '{"success_fraction":0,"report_to":"cf-nel","max_age":604800}', 'Server': 'cloudflare', 'CF-RAY': '86af5d23ae3a2a00-ORD', 'alt-svc': 'h3=":443"; ma=86400'} 
 body={"results":[{"gender":"female","name":{"title":"Ms","first":"Valeria","last":"Jović"},"location":{"street":{"number":5105,"name":"Četvrtog Jula"},"city":"Aleksinac","state":"Kosovo","country":"Serbia","postcode":21686,"coordinates":{"latitude":"61.7372","longitude":"40.6122"},"timezone":{"offset":"+7:00","description":"Bangkok, Hanoi, Jakarta"}},"email":"valeria.jovic@example.com","login":{"uuid":"e4bd8203-27f4-430d-a7ec-3d9b2f34027b","username":"silverdog850","password":"trance","salt":"B8qoa2OD","md5":"dbcfb9d99ea6af90525303829c672e6b","sha1":"dc7f9c308d0215c13d34fda4d2dab3cda7c64563","sha256":"6a271563841082ad90190f33439be5c3e93c9d9adf388ba1bfdba65034d14716"},"dob":{"date":"1979-06-02T14:17:49.159Z","age":44},"registered":{"date":"2016-10-19T11:38:09.645Z","age":7},"phone":"031-2014-746","cell":"065-9840-137","id":{"name":"SID","value":"010698107"},"picture":{"large":"https://randomuser.me/api/portraits/women/16.jpg","medium":"https://randomuser.me/api/portraits/med/women/16.jpg","thumbnail":"https://randomuser.me/api/portraits/thumb/women/16.jpg"},"nat":"RS"}],"info":{"seed":"7c277bbf91d2be0e","results":1,"page":1,"version":"1.4"}} 
 </msg>
<msg time="2024-03-27T12:25:34.116850" level="INFO">/opt/hostedtoolcache/Python/3.12.2/x64/lib/python3.12/site-packages/urllib3/connectionpool.py:1103: InsecureRequestWarning: Unverified HTTPS request is being made to host 'randomuser.me'. Adding certificate verification is strongly advised. See: https://urllib3.readthedocs.io/en/latest/advanced-usage.html#tls-warnings
  warnings.warn(</msg>
<msg time="2024-03-27T12:25:34.116973" level="INFO">${response} = &lt;Response [200]&gt;</msg>
<var>${response}</var>
<arg>consultarAPI</arg>
<arg>/api</arg>
<doc>Sends a GET request on a previously created HTTP Session.</doc>
<status status="PASS" start="2024-03-27T12:25:34.029819" elapsed="0.087200"/>
</kw>
<kw name="Set Variable" owner="BuiltIn">
<msg time="2024-03-27T12:25:34.117960" level="INFO">${json_data} = {'results': [{'gender': 'female', 'name': {'title': 'Ms', 'first': 'Valeria', 'last': 'Jović'}, 'location': {'street': {'number': 5105, 'name': 'Četvrtog Jula'}, 'city': 'Aleksinac', 'state': 'Kosovo'...</msg>
<var>${json_data}</var>
<arg>${response.json()}</arg>
<doc>Returns the given values which can then be assigned to a variables.</doc>
<status status="PASS" start="2024-03-27T12:25:34.117470" elapsed="0.000522"/>
</kw>
<kw name="Log" owner="BuiltIn">
<msg time="2024-03-27T12:25:34.118468" level="INFO">{'results': [{'gender': 'female', 'name': {'title': 'Ms', 'first': 'Valeria', 'last': 'Jović'}, 'location': {'street': {'number': 5105, 'name': 'Četvrtog Jula'}, 'city': 'Aleksinac', 'state': 'Kosovo', 'country': 'Serbia', 'postcode': 21686, 'coordinates': {'latitude': '61.7372', 'longitude': '40.6122'}, 'timezone': {'offset': '+7:00', 'description': 'Bangkok, Hanoi, Jakarta'}}, 'email': 'valeria.jovic@example.com', 'login': {'uuid': 'e4bd8203-27f4-430d-a7ec-3d9b2f34027b', 'username': 'silverdog850', 'password': 'trance', 'salt': 'B8qoa2OD', 'md5': 'dbcfb9d99ea6af90525303829c672e6b', 'sha1': 'dc7f9c308d0215c13d34fda4d2dab3cda7c64563', 'sha256': '6a271563841082ad90190f33439be5c3e93c9d9adf388ba1bfdba65034d14716'}, 'dob': {'date': '1979-06-02T14:17:49.159Z', 'age': 44}, 'registered': {'date': '2016-10-19T11:38:09.645Z', 'age': 7}, 'phone': '031-2014-746', 'cell': '065-9840-137', 'id': {'name': 'SID', 'value': '010698107'}, 'picture': {'large': 'https://randomuser.me/api/portraits/women/16.jpg', 'medium': 'https://randomuser.me/api/portraits/med/women/16.jpg', 'thumbnail': 'https://randomuser.me/api/portraits/thumb/women/16.jpg'}, 'nat': 'RS'}], 'info': {'seed': '7c277bbf91d2be0e', 'results': 1, 'page': 1, 'version': '1.4'}}</msg>
<arg>${json_data}</arg>
<doc>Logs the given message with the given level.</doc>
<status status="PASS" start="2024-03-27T12:25:34.118304" elapsed="0.000215"/>
</kw>
<kw name="Dictionary Should Contain Key" owner="Collections">
<msg time="2024-03-27T12:25:34.118974" level="INFO">False</msg>
<arg>${json_data}</arg>
<arg>results</arg>
<doc>Fails if ``key`` is not found from ``dictionary``.</doc>
<status status="PASS" start="2024-03-27T12:25:34.118818" elapsed="0.000194"/>
</kw>
<kw name="Should Not Be Empty" owner="BuiltIn">
<msg time="2024-03-27T12:25:34.119482" level="INFO">Length is 2.</msg>
<arg>${json_data}</arg>
<doc>Verifies that the given item is not empty.</doc>
<status status="PASS" start="2024-03-27T12:25:34.119345" elapsed="0.000176"/>
</kw>
<kw name="Create List" owner="BuiltIn">
<msg time="2024-03-27T12:25:34.119970" level="INFO">${expected_keys} = ['gender', 'name', 'location', 'email', 'login']</msg>
<var>${expected_keys}</var>
<arg>gender</arg>
<arg>name</arg>
<arg>location</arg>
<arg>email</arg>
<arg>login</arg>
<doc>Returns a list containing given items.</doc>
<status status="PASS" start="2024-03-27T12:25:34.119814" elapsed="0.000180"/>
</kw>
<for flavor="IN">
<iter>
<kw name="Dictionary Should Contain Key" owner="Collections">
<msg time="2024-03-27T12:25:34.120984" level="INFO">False</msg>
<arg>${json_data['results'][0]}</arg>
<arg>${key}</arg>
<doc>Fails if ``key`` is not found from ``dictionary``.</doc>
<status status="PASS" start="2024-03-27T12:25:34.120572" elapsed="0.000452"/>
</kw>
<kw name="Log" owner="BuiltIn">
<msg time="2024-03-27T12:25:34.121703" level="INFO">{'gender': 'female', 'name': {'title': 'Ms', 'first': 'Valeria', 'last': 'Jović'}, 'location': {'street': {'number': 5105, 'name': 'Četvrtog Jula'}, 'city': 'Aleksinac', 'state': 'Kosovo', 'country': 'Serbia', 'postcode': 21686, 'coordinates': {'latitude': '61.7372', 'longitude': '40.6122'}, 'timezone': {'offset': '+7:00', 'description': 'Bangkok, Hanoi, Jakarta'}}, 'email': 'valeria.jovic@example.com', 'login': {'uuid': 'e4bd8203-27f4-430d-a7ec-3d9b2f34027b', 'username': 'silverdog850', 'password': 'trance', 'salt': 'B8qoa2OD', 'md5': 'dbcfb9d99ea6af90525303829c672e6b', 'sha1': 'dc7f9c308d0215c13d34fda4d2dab3cda7c64563', 'sha256': '6a271563841082ad90190f33439be5c3e93c9d9adf388ba1bfdba65034d14716'}, 'dob': {'date': '1979-06-02T14:17:49.159Z', 'age': 44}, 'registered': {'date': '2016-10-19T11:38:09.645Z', 'age': 7}, 'phone': '031-2014-746', 'cell': '065-9840-137', 'id': {'name': 'SID', 'value': '010698107'}, 'picture': {'large': 'https://randomuser.me/api/portraits/women/16.jpg', 'medium': 'https://randomuser.me/api/portraits/med/women/16.jpg', 'thumbnail': 'https://randomuser.me/api/portraits/thumb/women/16.jpg'}, 'nat': 'RS'}</msg>
<arg>${json_data['results'][0]}</arg>
<doc>Logs the given message with the given level.</doc>
<status status="PASS" start="2024-03-27T12:25:34.121328" elapsed="0.000432"/>
</kw>
<kw name="Log" owner="BuiltIn">
<msg time="2024-03-27T12:25:34.122197" level="INFO">gender</msg>
<arg>${key}</arg>
<doc>Logs the given message with the given level.</doc>
<status status="PASS" start="2024-03-27T12:25:34.122067" elapsed="0.000169"/>
</kw>
<var name="${key}">gender</var>
<status status="PASS" start="2024-03-27T12:25:34.120447" elapsed="0.002004"/>
</iter>
<iter>
<kw name="Dictionary Should Contain Key" owner="Collections">
<msg time="2024-03-27T12:25:34.123140" level="INFO">False</msg>
<arg>${json_data['results'][0]}</arg>
<arg>${key}</arg>
<doc>Fails if ``key`` is not found from ``dictionary``.</doc>
<status status="PASS" start="2024-03-27T12:25:34.122757" elapsed="0.000421"/>
</kw>
<kw name="Log" owner="BuiltIn">
<msg time="2024-03-27T12:25:34.123919" level="INFO">{'gender': 'female', 'name': {'title': 'Ms', 'first': 'Valeria', 'last': 'Jović'}, 'location': {'street': {'number': 5105, 'name': 'Četvrtog Jula'}, 'city': 'Aleksinac', 'state': 'Kosovo', 'country': 'Serbia', 'postcode': 21686, 'coordinates': {'latitude': '61.7372', 'longitude': '40.6122'}, 'timezone': {'offset': '+7:00', 'description': 'Bangkok, Hanoi, Jakarta'}}, 'email': 'valeria.jovic@example.com', 'login': {'uuid': 'e4bd8203-27f4-430d-a7ec-3d9b2f34027b', 'username': 'silverdog850', 'password': 'trance', 'salt': 'B8qoa2OD', 'md5': 'dbcfb9d99ea6af90525303829c672e6b', 'sha1': 'dc7f9c308d0215c13d34fda4d2dab3cda7c64563', 'sha256': '6a271563841082ad90190f33439be5c3e93c9d9adf388ba1bfdba65034d14716'}, 'dob': {'date': '1979-06-02T14:17:49.159Z', 'age': 44}, 'registered': {'date': '2016-10-19T11:38:09.645Z', 'age': 7}, 'phone': '031-2014-746', 'cell': '065-9840-137', 'id': {'name': 'SID', 'value': '010698107'}, 'picture': {'large': 'https://randomuser.me/api/portraits/women/16.jpg', 'medium': 'https://randomuser.me/api/portraits/med/women/16.jpg', 'thumbnail': 'https://randomuser.me/api/portraits/thumb/women/16.jpg'}, 'nat': 'RS'}</msg>
<arg>${json_data['results'][0]}</arg>
<doc>Logs the given message with the given level.</doc>
<status status="PASS" start="2024-03-27T12:25:34.123551" elapsed="0.000420"/>
</kw>
<kw name="Log" owner="BuiltIn">
<msg time="2024-03-27T12:25:34.124403" level="INFO">name</msg>
<arg>${key}</arg>
<doc>Logs the given message with the given level.</doc>
<status status="PASS" start="2024-03-27T12:25:34.124273" elapsed="0.000169"/>
</kw>
<var name="${key}">name</var>
<status status="PASS" start="2024-03-27T12:25:34.122643" elapsed="0.002020"/>
</iter>
<iter>
<kw name="Dictionary Should Contain Key" owner="Collections">
<msg time="2024-03-27T12:25:34.125333" level="INFO">False</msg>
<arg>${json_data['results'][0]}</arg>
<arg>${key}</arg>
<doc>Fails if ``key`` is not found from ``dictionary``.</doc>
<status status="PASS" start="2024-03-27T12:25:34.124955" elapsed="0.000416"/>
</kw>
<kw name="Log" owner="BuiltIn">
<msg time="2024-03-27T12:25:34.126039" level="INFO">{'gender': 'female', 'name': {'title': 'Ms', 'first': 'Valeria', 'last': 'Jović'}, 'location': {'street': {'number': 5105, 'name': 'Četvrtog Jula'}, 'city': 'Aleksinac', 'state': 'Kosovo', 'country': 'Serbia', 'postcode': 21686, 'coordinates': {'latitude': '61.7372', 'longitude': '40.6122'}, 'timezone': {'offset': '+7:00', 'description': 'Bangkok, Hanoi, Jakarta'}}, 'email': 'valeria.jovic@example.com', 'login': {'uuid': 'e4bd8203-27f4-430d-a7ec-3d9b2f34027b', 'username': 'silverdog850', 'password': 'trance', 'salt': 'B8qoa2OD', 'md5': 'dbcfb9d99ea6af90525303829c672e6b', 'sha1': 'dc7f9c308d0215c13d34fda4d2dab3cda7c64563', 'sha256': '6a271563841082ad90190f33439be5c3e93c9d9adf388ba1bfdba65034d14716'}, 'dob': {'date': '1979-06-02T14:17:49.159Z', 'age': 44}, 'registered': {'date': '2016-10-19T11:38:09.645Z', 'age': 7}, 'phone': '031-2014-746', 'cell': '065-9840-137', 'id': {'name': 'SID', 'value': '010698107'}, 'picture': {'large': 'https://randomuser.me/api/portraits/women/16.jpg', 'medium': 'https://randomuser.me/api/portraits/med/women/16.jpg', 'thumbnail': 'https://randomuser.me/api/portraits/thumb/women/16.jpg'}, 'nat': 'RS'}</msg>
<arg>${json_data['results'][0]}</arg>
<doc>Logs the given message with the given level.</doc>
<status status="PASS" start="2024-03-27T12:25:34.125671" elapsed="0.000428"/>
</kw>
<kw name="Log" owner="BuiltIn">
<msg time="2024-03-27T12:25:34.126524" level="INFO">location</msg>
<arg>${key}</arg>
<doc>Logs the given message with the given level.</doc>
<status status="PASS" start="2024-03-27T12:25:34.126395" elapsed="0.000168"/>
</kw>
<var name="${key}">location</var>
<status status="PASS" start="2024-03-27T12:25:34.124844" elapsed="0.001936"/>
</iter>
<iter>
<kw name="Dictionary Should Contain Key" owner="Collections">
<msg time="2024-03-27T12:25:34.127472" level="INFO">False</msg>
<arg>${json_data['results'][0]}</arg>
<arg>${key}</arg>
<doc>Fails if ``key`` is not found from ``dictionary``.</doc>
<status status="PASS" start="2024-03-27T12:25:34.127066" elapsed="0.000444"/>
</kw>
<kw name="Log" owner="BuiltIn">
<msg time="2024-03-27T12:25:34.128170" level="INFO">{'gender': 'female', 'name': {'title': 'Ms', 'first': 'Valeria', 'last': 'Jović'}, 'location': {'street': {'number': 5105, 'name': 'Četvrtog Jula'}, 'city': 'Aleksinac', 'state': 'Kosovo', 'country': 'Serbia', 'postcode': 21686, 'coordinates': {'latitude': '61.7372', 'longitude': '40.6122'}, 'timezone': {'offset': '+7:00', 'description': 'Bangkok, Hanoi, Jakarta'}}, 'email': 'valeria.jovic@example.com', 'login': {'uuid': 'e4bd8203-27f4-430d-a7ec-3d9b2f34027b', 'username': 'silverdog850', 'password': 'trance', 'salt': 'B8qoa2OD', 'md5': 'dbcfb9d99ea6af90525303829c672e6b', 'sha1': 'dc7f9c308d0215c13d34fda4d2dab3cda7c64563', 'sha256': '6a271563841082ad90190f33439be5c3e93c9d9adf388ba1bfdba65034d14716'}, 'dob': {'date': '1979-06-02T14:17:49.159Z', 'age': 44}, 'registered': {'date': '2016-10-19T11:38:09.645Z', 'age': 7}, 'phone': '031-2014-746', 'cell': '065-9840-137', 'id': {'name': 'SID', 'value': '010698107'}, 'picture': {'large': 'https://randomuser.me/api/portraits/women/16.jpg', 'medium': 'https://randomuser.me/api/portraits/med/women/16.jpg', 'thumbnail': 'https://randomuser.me/api/portraits/thumb/women/16.jpg'}, 'nat': 'RS'}</msg>
<arg>${json_data['results'][0]}</arg>
<doc>Logs the given message with the given level.</doc>
<status status="PASS" start="2024-03-27T12:25:34.127811" elapsed="0.000409"/>
</kw>
<kw name="Log" owner="BuiltIn">
<msg time="2024-03-27T12:25:34.128643" level="INFO">email</msg>
<arg>${key}</arg>
<doc>Logs the given message with the given level.</doc>
<status status="PASS" start="2024-03-27T12:25:34.128516" elapsed="0.000165"/>
</kw>
<var name="${key}">email</var>
<status status="PASS" start="2024-03-27T12:25:34.126955" elapsed="0.001939"/>
</iter>
<iter>
<kw name="Dictionary Should Contain Key" owner="Collections">
<msg time="2024-03-27T12:25:34.129580" level="INFO">False</msg>
<arg>${json_data['results'][0]}</arg>
<arg>${key}</arg>
<doc>Fails if ``key`` is not found from ``dictionary``.</doc>
<status status="PASS" start="2024-03-27T12:25:34.129193" elapsed="0.000425"/>
</kw>
<kw name="Log" owner="BuiltIn">
<msg time="2024-03-27T12:25:34.130272" level="INFO">{'gender': 'female', 'name': {'title': 'Ms', 'first': 'Valeria', 'last': 'Jović'}, 'location': {'street': {'number': 5105, 'name': 'Četvrtog Jula'}, 'city': 'Aleksinac', 'state': 'Kosovo', 'country': 'Serbia', 'postcode': 21686, 'coordinates': {'latitude': '61.7372', 'longitude': '40.6122'}, 'timezone': {'offset': '+7:00', 'description': 'Bangkok, Hanoi, Jakarta'}}, 'email': 'valeria.jovic@example.com', 'login': {'uuid': 'e4bd8203-27f4-430d-a7ec-3d9b2f34027b', 'username': 'silverdog850', 'password': 'trance', 'salt': 'B8qoa2OD', 'md5': 'dbcfb9d99ea6af90525303829c672e6b', 'sha1': 'dc7f9c308d0215c13d34fda4d2dab3cda7c64563', 'sha256': '6a271563841082ad90190f33439be5c3e93c9d9adf388ba1bfdba65034d14716'}, 'dob': {'date': '1979-06-02T14:17:49.159Z', 'age': 44}, 'registered': {'date': '2016-10-19T11:38:09.645Z', 'age': 7}, 'phone': '031-2014-746', 'cell': '065-9840-137', 'id': {'name': 'SID', 'value': '010698107'}, 'picture': {'large': 'https://randomuser.me/api/portraits/women/16.jpg', 'medium': 'https://randomuser.me/api/portraits/med/women/16.jpg', 'thumbnail': 'https://randomuser.me/api/portraits/thumb/women/16.jpg'}, 'nat': 'RS'}</msg>
<arg>${json_data['results'][0]}</arg>
<doc>Logs the given message with the given level.</doc>
<status status="PASS" start="2024-03-27T12:25:34.129910" elapsed="0.000412"/>
</kw>
<kw name="Log" owner="BuiltIn">
<msg time="2024-03-27T12:25:34.130736" level="INFO">login</msg>
<arg>${key}</arg>
<doc>Logs the given message with the given level.</doc>
<status status="PASS" start="2024-03-27T12:25:34.130611" elapsed="0.000268"/>
</kw>
<var name="${key}">login</var>
<status status="PASS" start="2024-03-27T12:25:34.129067" elapsed="0.002032"/>
</iter>
<var>${key}</var>
<value>@{expected_keys}</value>
<status status="PASS" start="2024-03-27T12:25:34.120256" elapsed="0.011014"/>
</for>
<kw name="Create List" owner="BuiltIn">
<msg time="2024-03-27T12:25:34.131632" level="INFO">${expected_keysTwo} = ['username', 'password']</msg>
<var>${expected_keysTwo}</var>
<arg>username</arg>
<arg>password</arg>
<doc>Returns a list containing given items.</doc>
<status status="PASS" start="2024-03-27T12:25:34.131490" elapsed="0.000166"/>
</kw>
<for flavor="IN">
<iter>
<kw name="Dictionary Should Contain Key" owner="Collections">
<msg time="2024-03-27T12:25:34.132551" level="INFO">False</msg>
<arg>${json_data['results'][0]['login']}</arg>
<arg>${keyTwo}</arg>
<doc>Fails if ``key`` is not found from ``dictionary``.</doc>
<status status="PASS" start="2024-03-27T12:25:34.132160" elapsed="0.000428"/>
</kw>
<kw name="Dictionary Should Contain Key" owner="Collections">
<msg time="2024-03-27T12:25:34.133263" level="INFO">False</msg>
<arg>${json_data['results'][0]['login']}</arg>
<arg>${keyTwo}</arg>
<doc>Fails if ``key`` is not found from ``dictionary``.</doc>
<status status="PASS" start="2024-03-27T12:25:34.132885" elapsed="0.000415"/>
</kw>
<kw name="Log" owner="BuiltIn">
<msg time="2024-03-27T12:25:34.133719" level="INFO">username</msg>
<arg>${keyTwo}</arg>
<doc>Logs the given message with the given level.</doc>
<status status="PASS" start="2024-03-27T12:25:34.133592" elapsed="0.000166"/>
</kw>
<var name="${keyTwo}">username</var>
<status status="PASS" start="2024-03-27T12:25:34.132048" elapsed="0.001925"/>
</iter>
<iter>
<kw name="Dictionary Should Contain Key" owner="Collections">
<msg time="2024-03-27T12:25:34.134643" level="INFO">False</msg>
<arg>${json_data['results'][0]['login']}</arg>
<arg>${keyTwo}</arg>
<doc>Fails if ``key`` is not found from ``dictionary``.</doc>
<status status="PASS" start="2024-03-27T12:25:34.134260" elapsed="0.000422"/>
</kw>
<kw name="Dictionary Should Contain Key" owner="Collections">
<msg time="2024-03-27T12:25:34.135389" level="INFO">False</msg>
<arg>${json_data['results'][0]['login']}</arg>
<arg>${keyTwo}</arg>
<doc>Fails if ``key`` is not found from ``dictionary``.</doc>
<status status="PASS" start="2024-03-27T12:25:34.134974" elapsed="0.000451"/>
</kw>
<kw name="Log" owner="BuiltIn">
<msg time="2024-03-27T12:25:34.135843" level="INFO">password</msg>
<arg>${keyTwo}</arg>
<doc>Logs the given message with the given level.</doc>
<status status="PASS" start="2024-03-27T12:25:34.135716" elapsed="0.000165"/>
</kw>
<var name="${keyTwo}">password</var>
<status status="PASS" start="2024-03-27T12:25:34.134149" elapsed="0.001958"/>
</iter>
<var>${keyTwo}</var>
<value>@{expected_keysTwo}</value>
<status status="PASS" start="2024-03-27T12:25:34.131895" elapsed="0.004335"/>
</for>
<status status="PASS" start="2024-03-27T12:25:34.029573" elapsed="0.106799"/>
</kw>
<doc>Testa a estrutura da resposta da API.</doc>
<tag>testeEstruturaResposta</tag>
<status status="PASS" start="2024-03-27T12:25:34.028918" elapsed="0.107613"/>
</test>
<test id="s1-s1-t4" name="Validar tipos de dados" line="28">
<kw name="Teste de Tipos de Dados" owner="random-user-service">
<kw name="GET On Session" owner="RequestsLibrary">
<msg time="2024-03-27T12:25:34.209718" level="INFO">GET Request : url=https://randomuser.me/api 
 path_url=/api 
 headers={'User-Agent': 'python-requests/2.31.0', 'Accept-Encoding': 'gzip, deflate', 'Accept': '*/*', 'Connection': 'keep-alive'} 
 body=None 
 </msg>
<msg time="2024-03-27T12:25:34.209794" level="INFO">GET Response : url=https://randomuser.me/api 
 status=200, reason=OK 
 headers={'Date': 'Wed, 27 Mar 2024 12:25:34 GMT', 'Content-Type': 'application/json; charset=utf-8', 'Transfer-Encoding': 'chunked', 'Connection': 'keep-alive', 'X-Powered-By': 'Express', 'Access-Control-Allow-Origin': '*', 'Cache-Control': 'no-cache', 'ETag': 'W/"479-SDP/Gomwj/3bAm8yrC06k1G1GBc"', 'Vary': 'Accept-Encoding', 'Content-Encoding': 'gzip', 'CF-Cache-Status': 'DYNAMIC', 'Report-To': '{"endpoints":[{"url":"https:\\/\\/a.nel.cloudflare.com\\/report\\/v4?s=eFYlIEu9fHVQO1HcDJ%2BqtdpZtRO6OTkeeYmvmoumVvx7dZdoaZCXssfIToYzKlslLxX%2Be7ngy2scBavLcetYdmIdnUS7ArkP%2BMRmBAYPwEF6Vo0m10Pa14Qa1Len%2FCIl"}],"group":"cf-nel","max_age":604800}', 'NEL': '{"success_fraction":0,"report_to":"cf-nel","max_age":604800}', 'Server': 'cloudflare', 'CF-RAY': '86af5d245eb22a00-ORD', 'alt-svc': 'h3=":443"; ma=86400'} 
 body={"results":[{"gender":"female","name":{"title":"Ms","first":"Andrea","last":"Hansen"},"location":{"street":{"number":2146,"name":"Silkeborgvej"},"city":"Stokkemarke","state":"Hovedstaden","country":"Denmark","postcode":55922,"coordinates":{"latitude":"-39.8307","longitude":"122.9230"},"timezone":{"offset":"+5:45","description":"Kathmandu"}},"email":"andrea.hansen@example.com","login":{"uuid":"13bb3bd3-8986-4c1f-8546-9476787315d7","username":"greenmeercat367","password":"diana","salt":"KHxWe9Yu","md5":"19c7226f6a378facb92ef38f438bbecb","sha1":"d611e1e9b978f11c420b73ee89a894034cfc914c","sha256":"e929daa23667aaa3fc33b4ae46466c93bc1523d88218ffa1f7aa285c8a7e8a78"},"dob":{"date":"1972-06-17T11:47:20.398Z","age":51},"registered":{"date":"2010-01-11T09:57:50.869Z","age":14},"phone":"54213843","cell":"82691379","id":{"name":"CPR","value":"170672-7104"},"picture":{"large":"https://randomuser.me/api/portraits/women/48.jpg","medium":"https://randomuser.me/api/portraits/med/women/48.jpg","thumbnail":"https://randomuser.me/api/portraits/thumb/women/48.jpg"},"nat":"DK"}],"info":{"seed":"c63708ea59d412c5","results":1,"page":1,"version":"1.4"}} 
 </msg>
<msg time="2024-03-27T12:25:34.209860" level="INFO">/opt/hostedtoolcache/Python/3.12.2/x64/lib/python3.12/site-packages/urllib3/connectionpool.py:1103: InsecureRequestWarning: Unverified HTTPS request is being made to host 'randomuser.me'. Adding certificate verification is strongly advised. See: https://urllib3.readthedocs.io/en/latest/advanced-usage.html#tls-warnings
  warnings.warn(</msg>
<msg time="2024-03-27T12:25:34.209962" level="INFO">${response} = &lt;Response [200]&gt;</msg>
<var>${response}</var>
<arg>consultarAPI</arg>
<arg>/api</arg>
<doc>Sends a GET request on a previously created HTTP Session.</doc>
<status status="PASS" start="2024-03-27T12:25:34.138941" elapsed="0.071060"/>
</kw>
<kw name="Set Variable" owner="BuiltIn">
<msg time="2024-03-27T12:25:34.210891" level="INFO">${json_data} = {'results': [{'gender': 'female', 'name': {'title': 'Ms', 'first': 'Andrea', 'last': 'Hansen'}, 'location': {'street': {'number': 2146, 'name': 'Silkeborgvej'}, 'city': 'Stokkemarke', 'state': 'Hoveds...</msg>
<var>${json_data}</var>
<arg>${response.json()}</arg>
<doc>Returns the given values which can then be assigned to a variables.</doc>
<status status="PASS" start="2024-03-27T12:25:34.210448" elapsed="0.000471"/>
</kw>
<kw name="Log" owner="BuiltIn">
<msg time="2024-03-27T12:25:34.211414" level="INFO">{'results': [{'gender': 'female', 'name': {'title': 'Ms', 'first': 'Andrea', 'last': 'Hansen'}, 'location': {'street': {'number': 2146, 'name': 'Silkeborgvej'}, 'city': 'Stokkemarke', 'state': 'Hovedstaden', 'country': 'Denmark', 'postcode': 55922, 'coordinates': {'latitude': '-39.8307', 'longitude': '122.9230'}, 'timezone': {'offset': '+5:45', 'description': 'Kathmandu'}}, 'email': 'andrea.hansen@example.com', 'login': {'uuid': '13bb3bd3-8986-4c1f-8546-9476787315d7', 'username': 'greenmeercat367', 'password': 'diana', 'salt': 'KHxWe9Yu', 'md5': '19c7226f6a378facb92ef38f438bbecb', 'sha1': 'd611e1e9b978f11c420b73ee89a894034cfc914c', 'sha256': 'e929daa23667aaa3fc33b4ae46466c93bc1523d88218ffa1f7aa285c8a7e8a78'}, 'dob': {'date': '1972-06-17T11:47:20.398Z', 'age': 51}, 'registered': {'date': '2010-01-11T09:57:50.869Z', 'age': 14}, 'phone': '54213843', 'cell': '82691379', 'id': {'name': 'CPR', 'value': '170672-7104'}, 'picture': {'large': 'https://randomuser.me/api/portraits/women/48.jpg', 'medium': 'https://randomuser.me/api/portraits/med/women/48.jpg', 'thumbnail': 'https://randomuser.me/api/portraits/thumb/women/48.jpg'}, 'nat': 'DK'}], 'info': {'seed': 'c63708ea59d412c5', 'results': 1, 'page': 1, 'version': '1.4'}}</msg>
<arg>${json_data}</arg>
<doc>Logs the given message with the given level.</doc>
<status status="PASS" start="2024-03-27T12:25:34.211254" elapsed="0.000241"/>
</kw>
<kw name="Should Be String" owner="String">
<arg>${json_data['results'][0]['gender']}</arg>
<doc>Fails if the given ``item`` is not a string.</doc>
<status status="PASS" start="2024-03-27T12:25:34.211794" elapsed="0.000369"/>
</kw>
<kw name="Should Match Regexp" owner="BuiltIn">
<arg>${json_data['results'][0]['email']}</arg>
<arg>^[a-zA-Z0-9._%+-]+@[a-zA-Z0-9.-]+\.[a-zA-Z]{2,}$</arg>
<doc>Fails if ``string`` does not match ``pattern`` as a regular expression.</doc>
<status status="PASS" start="2024-03-27T12:25:34.212367" elapsed="0.000514"/>
</kw>
<kw name="Should Match Regexp" owner="BuiltIn">
<arg>${json_data['results'][0]['dob']['date']}</arg>
<arg>\\d{4}-\\d{2}-\\d{2}T\\d{2}:\\d{2}:\\d{2}\\.\\d{3}Z</arg>
<doc>Fails if ``string`` does not match ``pattern`` as a regular expression.</doc>
<status status="PASS" start="2024-03-27T12:25:34.213078" elapsed="0.000487"/>
</kw>
<kw name="Should Match Regexp" owner="BuiltIn">
<arg>${json_data['results'][0]['registered']['date']}</arg>
<arg>\\d{4}-\\d{2}-\\d{2}T\\d{2}:\\d{2}:\\d{2}\\.\\d{3}Z</arg>
<doc>Fails if ``string`` does not match ``pattern`` as a regular expression.</doc>
<status status="PASS" start="2024-03-27T12:25:34.213759" elapsed="0.000374"/>
</kw>
<kw name="Should Match Regexp" owner="BuiltIn">
<arg>${json_data['results'][0]['picture']['large']}</arg>
<arg>^https?://.*\.(?:png|jpe?g|gif|bmp)$</arg>
<doc>Fails if ``string`` does not match ``pattern`` as a regular expression.</doc>
<status status="PASS" start="2024-03-27T12:25:34.214323" elapsed="0.000460"/>
</kw>
<kw name="Should Match Regexp" owner="BuiltIn">
<arg>${json_data['results'][0]['picture']['medium']}</arg>
<arg>^https?://.*\.(?:png|jpe?g|gif|bmp)$</arg>
<doc>Fails if ``string`` does not match ``pattern`` as a regular expression.</doc>
<status status="PASS" start="2024-03-27T12:25:34.214986" elapsed="0.000390"/>
</kw>
<kw name="Should Match Regexp" owner="BuiltIn">
<arg>${json_data['results'][0]['picture']['thumbnail']}</arg>
<arg>^https?://.*\.(?:png|jpe?g|gif|bmp)$</arg>
<doc>Fails if ``string`` does not match ``pattern`` as a regular expression.</doc>
<status status="PASS" start="2024-03-27T12:25:34.215564" elapsed="0.000347"/>
</kw>
<kw name="Log" owner="BuiltIn">
<msg time="2024-03-27T12:25:34.216423" level="INFO">{'large': 'https://randomuser.me/api/portraits/women/48.jpg', 'medium': 'https://randomuser.me/api/portraits/med/women/48.jpg', 'thumbnail': 'https://randomuser.me/api/portraits/thumb/women/48.jpg'}</msg>
<arg>${json_data['results'][0]['picture']}</arg>
<doc>Logs the given message with the given level.</doc>
<status status="PASS" start="2024-03-27T12:25:34.216091" elapsed="0.000378"/>
</kw>
<status status="PASS" start="2024-03-27T12:25:34.138717" elapsed="0.078005"/>
</kw>
<kw name="Teste de Tipos de Dados - Postcode" owner="random-user-service">
<kw name="GET On Session" owner="RequestsLibrary">
<msg time="2024-03-27T12:25:34.367530" level="INFO">GET Request : url=https://randomuser.me/api 
 path_url=/api 
 headers={'User-Agent': 'python-requests/2.31.0', 'Accept-Encoding': 'gzip, deflate', 'Accept': '*/*', 'Connection': 'keep-alive'} 
 body=None 
 </msg>
<msg time="2024-03-27T12:25:34.367614" level="INFO">GET Response : url=https://randomuser.me/api 
 status=200, reason=OK 
 headers={'Date': 'Wed, 27 Mar 2024 12:25:34 GMT', 'Content-Type': 'application/json; charset=utf-8', 'Transfer-Encoding': 'chunked', 'Connection': 'keep-alive', 'X-Powered-By': 'Express', 'Access-Control-Allow-Origin': '*', 'Cache-Control': 'no-cache', 'ETag': 'W/"4a2-ISbhlVPqvxXhaH93makE6AVV6xw"', 'Vary': 'Accept-Encoding', 'Content-Encoding': 'gzip', 'CF-Cache-Status': 'DYNAMIC', 'Report-To': '{"endpoints":[{"url":"https:\\/\\/a.nel.cloudflare.com\\/report\\/v4?s=dBQdHNqCYWmivYRwlkfVXxqwpCkKhfyFNO3x9PDcn2uSGD0eZWfLmcJ%2FI5q5j%2F%2FCrZIVug%2BzUuehLPbi49dslFXselLKI68seJBxM5AwWKBcIkFg4kbdFY33I0gOjAhu"}],"group":"cf-nel","max_age":604800}', 'NEL': '{"success_fraction":0,"report_to":"cf-nel","max_age":604800}', 'Server': 'cloudflare', 'CF-RAY': '86af5d24df192a00-ORD', 'alt-svc': 'h3=":443"; ma=86400'} 
 body={"results":[{"gender":"male","name":{"title":"Mr","first":"Akseli","last":"Rajala"},"location":{"street":{"number":5868,"name":"Otavalankatu"},"city":"Keuruu","state":"Northern Savonia","country":"Finland","postcode":62626,"coordinates":{"latitude":"-23.1435","longitude":"-19.4779"},"timezone":{"offset":"+11:00","description":"Magadan, Solomon Islands, New Caledonia"}},"email":"akseli.rajala@example.com","login":{"uuid":"0cf98479-5a21-41ba-bb98-9dd5b6138cf3","username":"organicleopard623","password":"rachelle","salt":"vQlffUP8","md5":"89356fed846575e8e271fec5405f9f37","sha1":"2451dfc91731724540e6a5eddbc09acf6a29fed3","sha256":"be132990950d472f58a2886cc88cdf7df2bac6225b22a5b5778348d744e9fb52"},"dob":{"date":"1992-01-24T06:30:49.621Z","age":32},"registered":{"date":"2018-09-24T05:49:58.144Z","age":5},"phone":"07-412-589","cell":"042-687-09-85","id":{"name":"HETU","value":"NaNNA419undefined"},"picture":{"large":"https://randomuser.me/api/portraits/men/34.jpg","medium":"https://randomuser.me/api/portraits/med/men/34.jpg","thumbnail":"https://randomuser.me/api/portraits/thumb/men/34.jpg"},"nat":"FI"}],"info":{"seed":"d5bfa22912064e5f","results":1,"page":1,"version":"1.4"}} 
 </msg>
<msg time="2024-03-27T12:25:34.367699" level="INFO">/opt/hostedtoolcache/Python/3.12.2/x64/lib/python3.12/site-packages/urllib3/connectionpool.py:1103: InsecureRequestWarning: Unverified HTTPS request is being made to host 'randomuser.me'. Adding certificate verification is strongly advised. See: https://urllib3.readthedocs.io/en/latest/advanced-usage.html#tls-warnings
  warnings.warn(</msg>
<msg time="2024-03-27T12:25:34.367798" level="INFO">${response} = &lt;Response [200]&gt;</msg>
<var>${response}</var>
<arg>consultarAPI</arg>
<arg>/api</arg>
<doc>Sends a GET request on a previously created HTTP Session.</doc>
<status status="PASS" start="2024-03-27T12:25:34.217279" elapsed="0.150551"/>
</kw>
<kw name="Set Variable" owner="BuiltIn">
<msg time="2024-03-27T12:25:34.368685" level="INFO">${json_data} = {'results': [{'gender': 'male', 'name': {'title': 'Mr', 'first': 'Akseli', 'last': 'Rajala'}, 'location': {'street': {'number': 5868, 'name': 'Otavalankatu'}, 'city': 'Keuruu', 'state': 'Northern Savo...</msg>
<var>${json_data}</var>
<arg>${response.json()}</arg>
<doc>Returns the given values which can then be assigned to a variables.</doc>
<status status="PASS" start="2024-03-27T12:25:34.368233" elapsed="0.000480"/>
</kw>
<kw name="Log" owner="BuiltIn">
<msg time="2024-03-27T12:25:34.369171" level="INFO">{'results': [{'gender': 'male', 'name': {'title': 'Mr', 'first': 'Akseli', 'last': 'Rajala'}, 'location': {'street': {'number': 5868, 'name': 'Otavalankatu'}, 'city': 'Keuruu', 'state': 'Northern Savonia', 'country': 'Finland', 'postcode': 62626, 'coordinates': {'latitude': '-23.1435', 'longitude': '-19.4779'}, 'timezone': {'offset': '+11:00', 'description': 'Magadan, Solomon Islands, New Caledonia'}}, 'email': 'akseli.rajala@example.com', 'login': {'uuid': '0cf98479-5a21-41ba-bb98-9dd5b6138cf3', 'username': 'organicleopard623', 'password': 'rachelle', 'salt': 'vQlffUP8', 'md5': '89356fed846575e8e271fec5405f9f37', 'sha1': '2451dfc91731724540e6a5eddbc09acf6a29fed3', 'sha256': 'be132990950d472f58a2886cc88cdf7df2bac6225b22a5b5778348d744e9fb52'}, 'dob': {'date': '1992-01-24T06:30:49.621Z', 'age': 32}, 'registered': {'date': '2018-09-24T05:49:58.144Z', 'age': 5}, 'phone': '07-412-589', 'cell': '042-687-09-85', 'id': {'name': 'HETU', 'value': 'NaNNA419undefined'}, 'picture': {'large': 'https://randomuser.me/api/portraits/men/34.jpg', 'medium': 'https://randomuser.me/api/portraits/med/men/34.jpg', 'thumbnail': 'https://randomuser.me/api/portraits/thumb/men/34.jpg'}, 'nat': 'FI'}], 'info': {'seed': 'd5bfa22912064e5f', 'results': 1, 'page': 1, 'version': '1.4'}}</msg>
<arg>${json_data}</arg>
<doc>Logs the given message with the given level.</doc>
<status status="PASS" start="2024-03-27T12:25:34.369018" elapsed="0.000230"/>
</kw>
<kw name="Should Be Equal As Numbers" owner="BuiltIn">
<arg>${json_data['results'][0]['location']['postcode']}</arg>
<arg>${json_data['results'][0]['location']['postcode']}</arg>
<doc>Fails if objects are unequal after converting them to real numbers.</doc>
<status status="PASS" start="2024-03-27T12:25:34.369547" elapsed="0.000622"/>
</kw>
<kw name="Log" owner="BuiltIn">
<msg time="2024-03-27T12:25:34.370691" level="INFO">62626</msg>
<arg>${json_data['results'][0]['location']['postcode']}</arg>
<doc>Logs the given message with the given level.</doc>
<status status="PASS" start="2024-03-27T12:25:34.370360" elapsed="0.000371"/>
</kw>
<status status="PASS" start="2024-03-27T12:25:34.216936" elapsed="0.154045"/>
</kw>
<doc>Testa se os tipos de dados na resposta da API estão corretos.</doc>
<tag>testeTiposDados</tag>
<status status="PASS" start="2024-03-27T12:25:34.138266" elapsed="0.232880"/>
</test>
<test id="s1-s1-t5" name="Validar conteudo" line="35">
<kw name="Teste de Tipos de Conteudo" owner="random-user-service">
<kw name="GET On Session" owner="RequestsLibrary">
<msg time="2024-03-27T12:25:34.483895" level="INFO">GET Request : url=https://randomuser.me/api 
 path_url=/api 
 headers={'User-Agent': 'python-requests/2.31.0', 'Accept-Encoding': 'gzip, deflate', 'Accept': '*/*', 'Connection': 'keep-alive'} 
 body=None 
 </msg>
<msg time="2024-03-27T12:25:34.483994" level="INFO">GET Response : url=https://randomuser.me/api 
 status=200, reason=OK 
 headers={'Date': 'Wed, 27 Mar 2024 12:25:34 GMT', 'Content-Type': 'application/json; charset=utf-8', 'Transfer-Encoding': 'chunked', 'Connection': 'keep-alive', 'X-Powered-By': 'Express', 'Access-Control-Allow-Origin': '*', 'Cache-Control': 'no-cache', 'ETag': 'W/"49f-/T7LeTu2fG0YPDRYv4DqKUVClLc"', 'Vary': 'Accept-Encoding', 'Content-Encoding': 'gzip', 'CF-Cache-Status': 'DYNAMIC', 'Report-To': '{"endpoints":[{"url":"https:\\/\\/a.nel.cloudflare.com\\/report\\/v4?s=83KX5ohELhOUKYqF4%2FbTNEwZwxegKmflG7VzP%2BFSGFbGiYcToA7cxATxfJNnrMqzrSbakPpkuC2LbqzHgfoqH3GRR78Cg2OVzf2a7ZeWZxG%2FSn8FblM9%2FtzQK5k7I9NE"}],"group":"cf-nel","max_age":604800}', 'NEL': '{"success_fraction":0,"report_to":"cf-nel","max_age":604800}', 'Server': 'cloudflare', 'CF-RAY': '86af5d25dfb62a00-ORD', 'alt-svc': 'h3=":443"; ma=86400'} 
 body={"results":[{"gender":"male","name":{"title":"Mr","first":"Kenneth","last":"Mitchell"},"location":{"street":{"number":3769,"name":"Spring Hill Rd"},"city":"Hamsburg","state":"Colorado","country":"United States","postcode":17529,"coordinates":{"latitude":"81.7055","longitude":"-82.5895"},"timezone":{"offset":"+11:00","description":"Magadan, Solomon Islands, New Caledonia"}},"email":"kenneth.mitchell@example.com","login":{"uuid":"99f6c611-b2cf-4b88-9e06-2d40e1c00984","username":"angrygoose260","password":"tyvugq","salt":"SiX0RFHZ","md5":"d5899eaa7d95fa9f4c9f122d831b80ef","sha1":"cb4cb7e25b90c2d6229d9f03b21bef8f54032b4a","sha256":"276487f9c0519b59d70c585212d4ae6664874a699ee211db2eb7b5e9198f3c09"},"dob":{"date":"1992-10-19T16:32:04.821Z","age":31},"registered":{"date":"2007-12-04T04:21:51.146Z","age":16},"phone":"(917) 205-5238","cell":"(726) 919-7993","id":{"name":"SSN","value":"389-50-4134"},"picture":{"large":"https://randomuser.me/api/portraits/men/1.jpg","medium":"https://randomuser.me/api/portraits/med/men/1.jpg","thumbnail":"https://randomuser.me/api/portraits/thumb/men/1.jpg"},"nat":"US"}],"info":{"seed":"2a28a72b5e69b7dd","results":1,"page":1,"version":"1.4"}} 
 </msg>
<msg time="2024-03-27T12:25:34.484062" level="INFO">/opt/hostedtoolcache/Python/3.12.2/x64/lib/python3.12/site-packages/urllib3/connectionpool.py:1103: InsecureRequestWarning: Unverified HTTPS request is being made to host 'randomuser.me'. Adding certificate verification is strongly advised. See: https://urllib3.readthedocs.io/en/latest/advanced-usage.html#tls-warnings
  warnings.warn(</msg>
<msg time="2024-03-27T12:25:34.484180" level="INFO">${response} = &lt;Response [200]&gt;</msg>
<var>${response}</var>
<arg>consultarAPI</arg>
<arg>/api</arg>
<doc>Sends a GET request on a previously created HTTP Session.</doc>
<status status="PASS" start="2024-03-27T12:25:34.373562" elapsed="0.110660"/>
</kw>
<kw name="Set Variable" owner="BuiltIn">
<msg time="2024-03-27T12:25:34.485242" level="INFO">${json_data} = {'results': [{'gender': 'male', 'name': {'title': 'Mr', 'first': 'Kenneth', 'last': 'Mitchell'}, 'location': {'street': {'number': 3769, 'name': 'Spring Hill Rd'}, 'city': 'Hamsburg', 'state': 'Colora...</msg>
<var>${json_data}</var>
<arg>${response.json()}</arg>
<doc>Returns the given values which can then be assigned to a variables.</doc>
<status status="PASS" start="2024-03-27T12:25:34.484736" elapsed="0.000534"/>
</kw>
<kw name="Set Variable" owner="BuiltIn">
<msg time="2024-03-27T12:25:34.485949" level="INFO">${name_title} = Mr</msg>
<var>${name_title}</var>
<arg>${json_data["results"][0]["name"]["title"]}</arg>
<doc>Returns the given values which can then be assigned to a variables.</doc>
<status status="PASS" start="2024-03-27T12:25:34.485570" elapsed="0.000404"/>
</kw>
<kw name="Create List" owner="BuiltIn">
<msg time="2024-03-27T12:25:34.486418" level="INFO">${allowed_titles} = ['Mr', 'Ms', 'Miss', 'Mrs', 'Madame', 'Monsieur']</msg>
<var>${allowed_titles}</var>
<arg>Mr</arg>
<arg>Ms</arg>
<arg>Miss</arg>
<arg>Mrs</arg>
<arg>Madame</arg>
<arg>Monsieur</arg>
<doc>Returns a list containing given items.</doc>
<status status="PASS" start="2024-03-27T12:25:34.486269" elapsed="0.000173"/>
</kw>
<kw name="List Should Contain Value" owner="Collections">
<msg time="2024-03-27T12:25:34.486921" level="INFO">False</msg>
<arg>${allowed_titles}</arg>
<arg>${name_title}</arg>
<doc>Fails if the ``value`` is not found from ``list``.</doc>
<status status="PASS" start="2024-03-27T12:25:34.486743" elapsed="0.000214"/>
</kw>
<kw name="Set Variable" owner="BuiltIn">
<msg time="2024-03-27T12:25:34.487660" level="INFO">${name_country} = US</msg>
<var>${name_country}</var>
<arg>${json_data["results"][0]["nat"]}</arg>
<doc>Returns the given values which can then be assigned to a variables.</doc>
<status status="PASS" start="2024-03-27T12:25:34.487269" elapsed="0.000416"/>
</kw>
<kw name="Create List" owner="BuiltIn">
<msg time="2024-03-27T12:25:34.488589" level="INFO">${list_country} = ['AD', 'AE', 'AF', 'AG', 'AI', 'AL', 'AM', 'AO', 'AQ', 'AR', 'AS', 'AT', 'AU', 'AW', 'AX', 'AZ', 'BA', 'BB', 'BD', 'BE', 'BF', 'BG', 'BH', 'BI', 'BJ', 'BL', 'BM', 'BN', 'BO', 'BQ', 'BR', 'BS', 'BT', '...</msg>
<var>${list_country}</var>
<arg>AD</arg>
<arg>AE</arg>
<arg>AF</arg>
<arg>AG</arg>
<arg>AI</arg>
<arg>AL</arg>
<arg>AM</arg>
<arg>AO</arg>
<arg>AQ</arg>
<arg>AR</arg>
<arg>AS</arg>
<arg>AT</arg>
<arg>AU</arg>
<arg>AW</arg>
<arg>AX</arg>
<arg>AZ</arg>
<arg>BA</arg>
<arg>BB</arg>
<arg>BD</arg>
<arg>BE</arg>
<arg>BF</arg>
<arg>BG</arg>
<arg>BH</arg>
<arg>BI</arg>
<arg>BJ</arg>
<arg>BL</arg>
<arg>BM</arg>
<arg>BN</arg>
<arg>BO</arg>
<arg>BQ</arg>
<arg>BR</arg>
<arg>BS</arg>
<arg>BT</arg>
<arg>BV</arg>
<arg>BW</arg>
<arg>BY</arg>
<arg>BZ</arg>
<arg>CA</arg>
<arg>CC</arg>
<arg>CD</arg>
<arg>CF</arg>
<arg>CG</arg>
<arg>CH</arg>
<arg>CI</arg>
<arg>CK</arg>
<arg>CL</arg>
<arg>CM</arg>
<arg>CN</arg>
<arg>CO</arg>
<arg>CR</arg>
<arg>CU</arg>
<arg>CV</arg>
<arg>CW</arg>
<arg>CX</arg>
<arg>CY</arg>
<arg>CZ</arg>
<arg>DE</arg>
<arg>DJ</arg>
<arg>DK</arg>
<arg>DM</arg>
<arg>DO</arg>
<arg>DZ</arg>
<arg>EC</arg>
<arg>EE</arg>
<arg>EG</arg>
<arg>EH</arg>
<arg>ER</arg>
<arg>ES</arg>
<arg>ET</arg>
<arg>FI</arg>
<arg>FJ</arg>
<arg>FK</arg>
<arg>FM</arg>
<arg>FO</arg>
<arg>FR</arg>
<arg>GA</arg>
<arg>GB</arg>
<arg>GD</arg>
<arg>GE</arg>
<arg>GF</arg>
<arg>GG</arg>
<arg>GH</arg>
<arg>GI</arg>
<arg>GL</arg>
<arg>GM</arg>
<arg>GN</arg>
<arg>GP</arg>
<arg>GQ</arg>
<arg>GR</arg>
<arg>GS</arg>
<arg>GT</arg>
<arg>GU</arg>
<arg>GW</arg>
<arg>GY</arg>
<arg>HK</arg>
<arg>HM</arg>
<arg>HN</arg>
<arg>HR</arg>
<arg>HT</arg>
<arg>HU</arg>
<arg>ID</arg>
<arg>IE</arg>
<arg>IL</arg>
<arg>IM</arg>
<arg>IN</arg>
<arg>IO</arg>
<arg>IQ</arg>
<arg>IR</arg>
<arg>IS</arg>
<arg>IT</arg>
<arg>JE</arg>
<arg>JM</arg>
<arg>JO</arg>
<arg>JP</arg>
<arg>KE</arg>
<arg>KG</arg>
<arg>KH</arg>
<arg>KI</arg>
<arg>KM</arg>
<arg>KN</arg>
<arg>KP</arg>
<arg>KR</arg>
<arg>KW</arg>
<arg>KY</arg>
<arg>KZ</arg>
<arg>LA</arg>
<arg>LB</arg>
<arg>LC</arg>
<arg>LI</arg>
<arg>LK</arg>
<arg>LR</arg>
<arg>LS</arg>
<arg>LT</arg>
<arg>LU</arg>
<arg>LV</arg>
<arg>LY</arg>
<arg>MA</arg>
<arg>MC</arg>
<arg>MD</arg>
<arg>ME</arg>
<arg>MF</arg>
<arg>MG</arg>
<arg>MH</arg>
<arg>MK</arg>
<arg>ML</arg>
<arg>MM</arg>
<arg>MN</arg>
<arg>MO</arg>
<arg>MP</arg>
<arg>MQ</arg>
<arg>MR</arg>
<arg>MS</arg>
<arg>MT</arg>
<arg>MU</arg>
<arg>MV</arg>
<arg>MW</arg>
<arg>MX</arg>
<arg>MY</arg>
<arg>MZ</arg>
<arg>NA</arg>
<arg>NC</arg>
<arg>NE</arg>
<arg>NF</arg>
<arg>NG</arg>
<arg>NI</arg>
<arg>NL</arg>
<arg>NO</arg>
<arg>NP</arg>
<arg>NR</arg>
<arg>NU</arg>
<arg>NZ</arg>
<arg>OM</arg>
<arg>PA</arg>
<arg>PE</arg>
<arg>PF</arg>
<arg>PG</arg>
<arg>PH</arg>
<arg>PK</arg>
<arg>PL</arg>
<arg>PM</arg>
<arg>PN</arg>
<arg>PR</arg>
<arg>PS</arg>
<arg>PT</arg>
<arg>PW</arg>
<arg>PY</arg>
<arg>QA</arg>
<arg>RE</arg>
<arg>RO</arg>
<arg>RS</arg>
<arg>RU</arg>
<arg>RW</arg>
<arg>SA</arg>
<arg>SB</arg>
<arg>SC</arg>
<arg>SD</arg>
<arg>SE</arg>
<arg>SG</arg>
<arg>SH</arg>
<arg>SI</arg>
<arg>SJ</arg>
<arg>SK</arg>
<arg>SL</arg>
<arg>SM</arg>
<arg>SN</arg>
<arg>SO</arg>
<arg>SR</arg>
<arg>SS</arg>
<arg>ST</arg>
<arg>SV</arg>
<arg>SX</arg>
<arg>SY</arg>
<arg>SZ</arg>
<arg>TC</arg>
<arg>TD</arg>
<arg>TF</arg>
<arg>TG</arg>
<arg>TH</arg>
<arg>TJ</arg>
<arg>TK</arg>
<arg>TL</arg>
<arg>TM</arg>
<arg>TN</arg>
<arg>TO</arg>
<arg>TR</arg>
<arg>TT</arg>
<arg>TV</arg>
<arg>TW</arg>
<arg>TZ</arg>
<arg>UA</arg>
<arg>UG</arg>
<arg>UM</arg>
<arg>US</arg>
<arg>UY</arg>
<arg>UZ</arg>
<arg>VA</arg>
<arg>VC</arg>
<arg>VE</arg>
<arg>VG</arg>
<arg>VI</arg>
<arg>VN</arg>
<arg>VU</arg>
<arg>WF</arg>
<arg>WS</arg>
<arg>XK</arg>
<arg>YE</arg>
<arg>YT</arg>
<arg>ZA</arg>
<arg>ZM</arg>
<arg>ZW</arg>
<doc>Returns a list containing given items.</doc>
<status status="PASS" start="2024-03-27T12:25:34.487989" elapsed="0.000626"/>
</kw>
<kw name="List Should Contain Value" owner="Collections">
<msg time="2024-03-27T12:25:34.489740" level="INFO">False</msg>
<arg>${list_country}</arg>
<arg>${name_country}</arg>
<doc>Fails if the ``value`` is not found from ``list``.</doc>
<status status="PASS" start="2024-03-27T12:25:34.489531" elapsed="0.000246"/>
</kw>
<kw name="Run Keyword If" owner="BuiltIn">
<kw name="Should Be True" owner="BuiltIn">
<arg>${True}</arg>
<doc>Fails if the given condition is not true.</doc>
<status status="PASS" start="2024-03-27T12:25:34.490857" elapsed="0.000148"/>
</kw>
<arg>${json_data["results"][0]["location"]["coordinates"]["latitude"]} &gt;= -90 and ${json_data["results"][0]["location"]["coordinates"]["latitude"]} &lt;= 90</arg>
<arg>Should Be True</arg>
<arg>${True}</arg>
<doc>Runs the given keyword with the given arguments, if ``condition`` is true.</doc>
<status status="PASS" start="2024-03-27T12:25:34.490092" elapsed="0.001040"/>
</kw>
<kw name="Run Keyword If" owner="BuiltIn">
<kw name="Should Be True" owner="BuiltIn">
<arg>${True}</arg>
<doc>Fails if the given condition is not true.</doc>
<status status="PASS" start="2024-03-27T12:25:34.492038" elapsed="0.000139"/>
</kw>
<arg>${json_data["results"][0]["location"]["coordinates"]["longitude"]} &gt;= -180 and ${json_data["results"][0]["location"]["coordinates"]["longitude"]} &lt;= 180</arg>
<arg>Should Be True</arg>
<arg>${True}</arg>
<doc>Runs the given keyword with the given arguments, if ``condition`` is true.</doc>
<status status="PASS" start="2024-03-27T12:25:34.491339" elapsed="0.000964"/>
</kw>
<status status="PASS" start="2024-03-27T12:25:34.373339" elapsed="0.119098"/>
</kw>
<doc>Testa o conteúdo específico dos campos retornados pela API.</doc>
<tag>testeConteudo</tag>
<status status="PASS" start="2024-03-27T12:25:34.372889" elapsed="0.119706"/>
</test>
<status status="PASS" start="2024-03-27T12:25:33.608494" elapsed="0.886047"/>
</suite>
<status status="PASS" start="2024-03-27T12:25:33.594896" elapsed="0.905019"/>
</suite>
<statistics>
<total>
<stat pass="5" fail="0" skip="0">All Tests</stat>
</total>
<tag>
<stat pass="1" fail="0" skip="0">testeConteudo</stat>
<stat pass="1" fail="0" skip="0">testeEstruturaResposta</stat>
<stat pass="1" fail="0" skip="0">testeRequisicaoBasica</stat>
<stat pass="1" fail="0" skip="0">testeTiposDados</stat>
</tag>
<suite>
<stat pass="5" fail="0" skip="0" id="s1" name="Tests">Tests</stat>
<stat pass="5" fail="0" skip="0" id="s1-s1" name="Random-User-Test">Tests.Random-User-Test</stat>
</suite>
</statistics>
<errors>
</errors>
</robot>
