<?xml version="1.0" encoding="UTF-8"?>
<robot generator="Robot 7.0 (Python 3.12.2 on linux)" generated="2024-04-01T11:13:22.053541" rpa="false" schemaversion="5">
<suite id="s1" name="Tests" source="/home/runner/work/DesafioQAItauRogerioJordao/DesafioQAItauRogerioJordao/RamdonUser/tests">
<suite id="s1-s1" name="Random-User-Test" source="/home/runner/work/DesafioQAItauRogerioJordao/DesafioQAItauRogerioJordao/RamdonUser/tests/random-user-test.robot">
<test id="s1-s1-t1" name="Conectar" line="13">
<kw name="Conectar API" owner="random-user-service">
<kw name="Create Session" owner="RequestsLibrary">
<msg time="2024-04-01T11:13:22.461168" level="INFO">Creating Session using : alias=consultarAPI, url=https://randomuser.me/, headers={},                     cookies={}, auth=None, timeout=None, proxies=None, verify=False,                     debug=0 </msg>
<arg>consultarAPI</arg>
<arg>${URL}</arg>
<doc>Create Session: create a HTTP session to a server</doc>
<status status="PASS" start="2024-04-01T11:13:22.460966" elapsed="0.000377"/>
</kw>
<status status="PASS" start="2024-04-01T11:13:22.459933" elapsed="0.001765"/>
</kw>
<status status="PASS" start="2024-04-01T11:13:22.459413" elapsed="0.002488"/>
</test>
<test id="s1-s1-t2" name="Validar retorno 200 e JSON Válido" line="16">
<kw name="Teste de Requisicao Basica" owner="random-user-service">
<kw name="GET On Session" owner="RequestsLibrary">
<msg time="2024-04-01T11:13:22.518549" level="INFO">GET Request : url=https://randomuser.me/api 
 path_url=/api 
 headers={'User-Agent': 'python-requests/2.31.0', 'Accept-Encoding': 'gzip, deflate', 'Accept': '*/*', 'Connection': 'keep-alive'} 
 body=None 
 </msg>
<msg time="2024-04-01T11:13:22.518658" level="INFO">GET Response : url=https://randomuser.me/api 
 status=200, reason=OK 
 headers={'Date': 'Mon, 01 Apr 2024 11:13:22 GMT', 'Content-Type': 'application/json; charset=utf-8', 'Transfer-Encoding': 'chunked', 'Connection': 'keep-alive', 'X-Powered-By': 'Express', 'Access-Control-Allow-Origin': '*', 'Cache-Control': 'no-cache', 'ETag': 'W/"47d-Dt/5+i7asp1x1Xh4QjUqMqVTFAg"', 'Vary': 'Accept-Encoding', 'Content-Encoding': 'gzip', 'CF-Cache-Status': 'DYNAMIC', 'Report-To': '{"endpoints":[{"url":"https:\\/\\/a.nel.cloudflare.com\\/report\\/v4?s=qTQTuPcX%2FXNFitKdyLxGN2ulyESfccmY%2FEzDaXDYOj6uIZIPky81BcjAnkqpj4KMy9ZvbdVVUECPCToBz%2BBNAf2nPXUWLxSMEB4wHFjVeuk1OuO%2Fq1lI%2FTaf8k0pUTiH"}],"group":"cf-nel","max_age":604800}', 'NEL': '{"success_fraction":0,"report_to":"cf-nel","max_age":604800}', 'Server': 'cloudflare', 'CF-RAY': '86d826438c301369-IAD', 'alt-svc': 'h3=":443"; ma=86400'} 
 body={"results":[{"gender":"female","name":{"title":"Madame","first":"Joana","last":"Roux"},"location":{"street":{"number":4191,"name":"Avenue Vauban"},"city":"Jussy","state":"Zürich","country":"Switzerland","postcode":5492,"coordinates":{"latitude":"-60.6640","longitude":"86.5105"},"timezone":{"offset":"-10:00","description":"Hawaii"}},"email":"joana.roux@example.com","login":{"uuid":"7f01626f-75b7-41eb-be05-30669d711c4a","username":"greenelephant107","password":"1982","salt":"xSDe5T95","md5":"cb0b7529febe40dfe4b3d32441bd2055","sha1":"5a40e25b4a378f31709a497f48441be4718d709c","sha256":"baa90c8cb46854db5966d6be864f7e9d0769bc1247292df3f12cfe9cb5c8c6da"},"dob":{"date":"1966-01-18T09:21:34.423Z","age":58},"registered":{"date":"2010-07-29T15:52:28.893Z","age":13},"phone":"075 172 64 07","cell":"079 282 64 52","id":{"name":"AVS","value":"756.8836.8342.00"},"picture":{"large":"https://randomuser.me/api/portraits/women/59.jpg","medium":"https://randomuser.me/api/portraits/med/women/59.jpg","thumbnail":"https://randomuser.me/api/portraits/thumb/women/59.jpg"},"nat":"CH"}],"info":{"seed":"32d304100659094d","results":1,"page":1,"version":"1.4"}} 
 </msg>
<msg time="2024-04-01T11:13:22.518762" level="INFO">/opt/hostedtoolcache/Python/3.12.2/x64/lib/python3.12/site-packages/urllib3/connectionpool.py:1103: InsecureRequestWarning: Unverified HTTPS request is being made to host 'randomuser.me'. Adding certificate verification is strongly advised. See: https://urllib3.readthedocs.io/en/latest/advanced-usage.html#tls-warnings
  warnings.warn(</msg>
<msg time="2024-04-01T11:13:22.518886" level="INFO">${response} = &lt;Response [200]&gt;</msg>
<var>${response}</var>
<arg>consultarAPI</arg>
<arg>/api</arg>
<doc>Sends a GET request on a previously created HTTP Session.</doc>
<status status="PASS" start="2024-04-01T11:13:22.464520" elapsed="0.054407"/>
</kw>
<kw name="Should Be Equal As Numbers" owner="BuiltIn">
<msg time="2024-04-01T11:13:22.519927" level="INFO">Argument types are:
&lt;class 'int'&gt;
&lt;class 'str'&gt;</msg>
<arg>${response.status_code}</arg>
<arg>200</arg>
<doc>Fails if objects are unequal after converting them to real numbers.</doc>
<status status="PASS" start="2024-04-01T11:13:22.519442" elapsed="0.000550"/>
</kw>
<kw name="Log" owner="BuiltIn">
<msg time="2024-04-01T11:13:22.520713" level="INFO">200</msg>
<arg>${response.status_code}</arg>
<doc>Logs the given message with the given level.</doc>
<status status="PASS" start="2024-04-01T11:13:22.520321" elapsed="0.000439"/>
</kw>
<kw name="Set Variable" owner="BuiltIn">
<msg time="2024-04-01T11:13:22.521547" level="INFO">${json_data} = {'results': [{'gender': 'female', 'name': {'title': 'Madame', 'first': 'Joana', 'last': 'Roux'}, 'location': {'street': {'number': 4191, 'name': 'Avenue Vauban'}, 'city': 'Jussy', 'state': 'Zürich', '...</msg>
<var>${json_data}</var>
<arg>${response.json()}</arg>
<doc>Returns the given values which can then be assigned to a variables.</doc>
<status status="PASS" start="2024-04-01T11:13:22.521092" elapsed="0.000485"/>
</kw>
<kw name="Dictionary Should Contain Key" owner="Collections">
<msg time="2024-04-01T11:13:22.522057" level="INFO">False</msg>
<arg>${json_data}</arg>
<arg>results</arg>
<doc>Fails if ``key`` is not found from ``dictionary``.</doc>
<status status="PASS" start="2024-04-01T11:13:22.521887" elapsed="0.000210"/>
</kw>
<status status="PASS" start="2024-04-01T11:13:22.464270" elapsed="0.058090"/>
</kw>
<doc>Testa se a API responde corretamente e retorna um objeto JSON válido.</doc>
<tag>testeRequisicaoBasica</tag>
<status status="PASS" start="2024-04-01T11:13:22.463710" elapsed="0.058828"/>
</test>
<test id="s1-s1-t3" name="Validar estrutura de resposta" line="22">
<kw name="Teste de Estrutura de Resposta" owner="random-user-service">
<kw name="GET On Session" owner="RequestsLibrary">
<msg time="2024-04-01T11:13:22.628978" level="INFO">GET Request : url=https://randomuser.me/api 
 path_url=/api 
 headers={'User-Agent': 'python-requests/2.31.0', 'Accept-Encoding': 'gzip, deflate', 'Accept': '*/*', 'Connection': 'keep-alive'} 
 body=None 
 </msg>
<msg time="2024-04-01T11:13:22.629091" level="INFO">GET Response : url=https://randomuser.me/api 
 status=200, reason=OK 
 headers={'Date': 'Mon, 01 Apr 2024 11:13:22 GMT', 'Content-Type': 'application/json; charset=utf-8', 'Transfer-Encoding': 'chunked', 'Connection': 'keep-alive', 'X-Powered-By': 'Express', 'Access-Control-Allow-Origin': '*', 'Cache-Control': 'no-cache', 'ETag': 'W/"496-crV06Os7Pw+70GqM/xJXGp6CJ2Q"', 'Vary': 'Accept-Encoding', 'Content-Encoding': 'gzip', 'CF-Cache-Status': 'DYNAMIC', 'Report-To': '{"endpoints":[{"url":"https:\\/\\/a.nel.cloudflare.com\\/report\\/v4?s=IjRWjJpX0OAEqwFzRL%2ByydgghWoOGDKRULjpgR%2FueQXq4e0iyYxkYj3YVTProKmJ06U7oot%2FMwxm0IR1IAH6t08h4E1%2BXkWGnYYWW7t6dpnDbR4vI5xtHxTBFxrh9v3z"}],"group":"cf-nel","max_age":604800}', 'NEL': '{"success_fraction":0,"report_to":"cf-nel","max_age":604800}', 'Server': 'cloudflare', 'CF-RAY': '86d82643cc5f1369-IAD', 'alt-svc': 'h3=":443"; ma=86400'} 
 body={"results":[{"gender":"male","name":{"title":"Mr","first":"Kolodar","last":"Gatcuk"},"location":{"street":{"number":4996,"name":"Volodimira Sosyuri"},"city":"Marganec","state":"Ivano-Frankivska","country":"Ukraine","postcode":41732,"coordinates":{"latitude":"75.2044","longitude":"-15.2438"},"timezone":{"offset":"+9:00","description":"Tokyo, Seoul, Osaka, Sapporo, Yakutsk"}},"email":"kolodar.gatcuk@example.com","login":{"uuid":"72e7d855-a454-40f7-a981-e530a49ea659","username":"orangebutterfly895","password":"marsh","salt":"Oqusc9Dy","md5":"5c264ccd569e1554dda289ed90d6adb6","sha1":"ad395b212c3d2dd03fac284b43b04609f273a3a2","sha256":"1a96afff5e1ea3d3743493410769783454f41b283a862c5954d4f203c50ff66a"},"dob":{"date":"1964-10-02T02:01:17.782Z","age":59},"registered":{"date":"2006-12-23T20:12:01.242Z","age":17},"phone":"(097) H69-6435","cell":"(099) M48-6589","id":{"name":"","value":null},"picture":{"large":"https://randomuser.me/api/portraits/men/0.jpg","medium":"https://randomuser.me/api/portraits/med/men/0.jpg","thumbnail":"https://randomuser.me/api/portraits/thumb/men/0.jpg"},"nat":"UA"}],"info":{"seed":"35a1d70f75ea1c77","results":1,"page":1,"version":"1.4"}} 
 </msg>
<msg time="2024-04-01T11:13:22.629257" level="INFO">/opt/hostedtoolcache/Python/3.12.2/x64/lib/python3.12/site-packages/urllib3/connectionpool.py:1103: InsecureRequestWarning: Unverified HTTPS request is being made to host 'randomuser.me'. Adding certificate verification is strongly advised. See: https://urllib3.readthedocs.io/en/latest/advanced-usage.html#tls-warnings
  warnings.warn(</msg>
<msg time="2024-04-01T11:13:22.629383" level="INFO">${response} = &lt;Response [200]&gt;</msg>
<var>${response}</var>
<arg>consultarAPI</arg>
<arg>/api</arg>
<doc>Sends a GET request on a previously created HTTP Session.</doc>
<status status="PASS" start="2024-04-01T11:13:22.525381" elapsed="0.104044"/>
</kw>
<kw name="Set Variable" owner="BuiltIn">
<msg time="2024-04-01T11:13:22.630709" level="INFO">${json_data} = {'results': [{'gender': 'male', 'name': {'title': 'Mr', 'first': 'Kolodar', 'last': 'Gatcuk'}, 'location': {'street': {'number': 4996, 'name': 'Volodimira Sosyuri'}, 'city': 'Marganec', 'state': 'Ivan...</msg>
<var>${json_data}</var>
<arg>${response.json()}</arg>
<doc>Returns the given values which can then be assigned to a variables.</doc>
<status status="PASS" start="2024-04-01T11:13:22.629964" elapsed="0.000776"/>
</kw>
<kw name="Log" owner="BuiltIn">
<msg time="2024-04-01T11:13:22.631243" level="INFO">{'results': [{'gender': 'male', 'name': {'title': 'Mr', 'first': 'Kolodar', 'last': 'Gatcuk'}, 'location': {'street': {'number': 4996, 'name': 'Volodimira Sosyuri'}, 'city': 'Marganec', 'state': 'Ivano-Frankivska', 'country': 'Ukraine', 'postcode': 41732, 'coordinates': {'latitude': '75.2044', 'longitude': '-15.2438'}, 'timezone': {'offset': '+9:00', 'description': 'Tokyo, Seoul, Osaka, Sapporo, Yakutsk'}}, 'email': 'kolodar.gatcuk@example.com', 'login': {'uuid': '72e7d855-a454-40f7-a981-e530a49ea659', 'username': 'orangebutterfly895', 'password': 'marsh', 'salt': 'Oqusc9Dy', 'md5': '5c264ccd569e1554dda289ed90d6adb6', 'sha1': 'ad395b212c3d2dd03fac284b43b04609f273a3a2', 'sha256': '1a96afff5e1ea3d3743493410769783454f41b283a862c5954d4f203c50ff66a'}, 'dob': {'date': '1964-10-02T02:01:17.782Z', 'age': 59}, 'registered': {'date': '2006-12-23T20:12:01.242Z', 'age': 17}, 'phone': '(097) H69-6435', 'cell': '(099) M48-6589', 'id': {'name': '', 'value': None}, 'picture': {'large': 'https://randomuser.me/api/portraits/men/0.jpg', 'medium': 'https://randomuser.me/api/portraits/med/men/0.jpg', 'thumbnail': 'https://randomuser.me/api/portraits/thumb/men/0.jpg'}, 'nat': 'UA'}], 'info': {'seed': '35a1d70f75ea1c77', 'results': 1, 'page': 1, 'version': '1.4'}}</msg>
<arg>${json_data}</arg>
<doc>Logs the given message with the given level.</doc>
<status status="PASS" start="2024-04-01T11:13:22.631076" elapsed="0.000218"/>
</kw>
<kw name="Dictionary Should Contain Key" owner="Collections">
<msg time="2024-04-01T11:13:22.631791" level="INFO">False</msg>
<arg>${json_data}</arg>
<arg>results</arg>
<doc>Fails if ``key`` is not found from ``dictionary``.</doc>
<status status="PASS" start="2024-04-01T11:13:22.631624" elapsed="0.000205"/>
</kw>
<kw name="Should Not Be Empty" owner="BuiltIn">
<msg time="2024-04-01T11:13:22.632272" level="INFO">Length is 2.</msg>
<arg>${json_data}</arg>
<doc>Verifies that the given item is not empty.</doc>
<status status="PASS" start="2024-04-01T11:13:22.632134" elapsed="0.000178"/>
</kw>
<kw name="Create List" owner="BuiltIn">
<msg time="2024-04-01T11:13:22.632798" level="INFO">${expected_keys} = ['gender', 'name', 'location', 'email', 'login']</msg>
<var>${expected_keys}</var>
<arg>gender</arg>
<arg>name</arg>
<arg>location</arg>
<arg>email</arg>
<arg>login</arg>
<doc>Returns a list containing given items.</doc>
<status status="PASS" start="2024-04-01T11:13:22.632614" elapsed="0.000210"/>
</kw>
<for flavor="IN">
<iter>
<kw name="Dictionary Should Contain Key" owner="Collections">
<msg time="2024-04-01T11:13:22.633855" level="INFO">False</msg>
<arg>${json_data['results'][0]}</arg>
<arg>${key}</arg>
<doc>Fails if ``key`` is not found from ``dictionary``.</doc>
<status status="PASS" start="2024-04-01T11:13:22.633438" elapsed="0.000456"/>
</kw>
<kw name="Log" owner="BuiltIn">
<msg time="2024-04-01T11:13:22.634584" level="INFO">{'gender': 'male', 'name': {'title': 'Mr', 'first': 'Kolodar', 'last': 'Gatcuk'}, 'location': {'street': {'number': 4996, 'name': 'Volodimira Sosyuri'}, 'city': 'Marganec', 'state': 'Ivano-Frankivska', 'country': 'Ukraine', 'postcode': 41732, 'coordinates': {'latitude': '75.2044', 'longitude': '-15.2438'}, 'timezone': {'offset': '+9:00', 'description': 'Tokyo, Seoul, Osaka, Sapporo, Yakutsk'}}, 'email': 'kolodar.gatcuk@example.com', 'login': {'uuid': '72e7d855-a454-40f7-a981-e530a49ea659', 'username': 'orangebutterfly895', 'password': 'marsh', 'salt': 'Oqusc9Dy', 'md5': '5c264ccd569e1554dda289ed90d6adb6', 'sha1': 'ad395b212c3d2dd03fac284b43b04609f273a3a2', 'sha256': '1a96afff5e1ea3d3743493410769783454f41b283a862c5954d4f203c50ff66a'}, 'dob': {'date': '1964-10-02T02:01:17.782Z', 'age': 59}, 'registered': {'date': '2006-12-23T20:12:01.242Z', 'age': 17}, 'phone': '(097) H69-6435', 'cell': '(099) M48-6589', 'id': {'name': '', 'value': None}, 'picture': {'large': 'https://randomuser.me/api/portraits/men/0.jpg', 'medium': 'https://randomuser.me/api/portraits/med/men/0.jpg', 'thumbnail': 'https://randomuser.me/api/portraits/thumb/men/0.jpg'}, 'nat': 'UA'}</msg>
<arg>${json_data['results'][0]}</arg>
<doc>Logs the given message with the given level.</doc>
<status status="PASS" start="2024-04-01T11:13:22.634206" elapsed="0.000431"/>
</kw>
<kw name="Log" owner="BuiltIn">
<msg time="2024-04-01T11:13:22.635077" level="INFO">gender</msg>
<arg>${key}</arg>
<doc>Logs the given message with the given level.</doc>
<status status="PASS" start="2024-04-01T11:13:22.634945" elapsed="0.000171"/>
</kw>
<var name="${key}">gender</var>
<status status="PASS" start="2024-04-01T11:13:22.633310" elapsed="0.002034"/>
</iter>
<iter>
<kw name="Dictionary Should Contain Key" owner="Collections">
<msg time="2024-04-01T11:13:22.636034" level="INFO">False</msg>
<arg>${json_data['results'][0]}</arg>
<arg>${key}</arg>
<doc>Fails if ``key`` is not found from ``dictionary``.</doc>
<status status="PASS" start="2024-04-01T11:13:22.635653" elapsed="0.000419"/>
</kw>
<kw name="Log" owner="BuiltIn">
<msg time="2024-04-01T11:13:22.636801" level="INFO">{'gender': 'male', 'name': {'title': 'Mr', 'first': 'Kolodar', 'last': 'Gatcuk'}, 'location': {'street': {'number': 4996, 'name': 'Volodimira Sosyuri'}, 'city': 'Marganec', 'state': 'Ivano-Frankivska', 'country': 'Ukraine', 'postcode': 41732, 'coordinates': {'latitude': '75.2044', 'longitude': '-15.2438'}, 'timezone': {'offset': '+9:00', 'description': 'Tokyo, Seoul, Osaka, Sapporo, Yakutsk'}}, 'email': 'kolodar.gatcuk@example.com', 'login': {'uuid': '72e7d855-a454-40f7-a981-e530a49ea659', 'username': 'orangebutterfly895', 'password': 'marsh', 'salt': 'Oqusc9Dy', 'md5': '5c264ccd569e1554dda289ed90d6adb6', 'sha1': 'ad395b212c3d2dd03fac284b43b04609f273a3a2', 'sha256': '1a96afff5e1ea3d3743493410769783454f41b283a862c5954d4f203c50ff66a'}, 'dob': {'date': '1964-10-02T02:01:17.782Z', 'age': 59}, 'registered': {'date': '2006-12-23T20:12:01.242Z', 'age': 17}, 'phone': '(097) H69-6435', 'cell': '(099) M48-6589', 'id': {'name': '', 'value': None}, 'picture': {'large': 'https://randomuser.me/api/portraits/men/0.jpg', 'medium': 'https://randomuser.me/api/portraits/med/men/0.jpg', 'thumbnail': 'https://randomuser.me/api/portraits/thumb/men/0.jpg'}, 'nat': 'UA'}</msg>
<arg>${json_data['results'][0]}</arg>
<doc>Logs the given message with the given level.</doc>
<status status="PASS" start="2024-04-01T11:13:22.636410" elapsed="0.000439"/>
</kw>
<kw name="Log" owner="BuiltIn">
<msg time="2024-04-01T11:13:22.637286" level="INFO">name</msg>
<arg>${key}</arg>
<doc>Logs the given message with the given level.</doc>
<status status="PASS" start="2024-04-01T11:13:22.637157" elapsed="0.000166"/>
</kw>
<var name="${key}">name</var>
<status status="PASS" start="2024-04-01T11:13:22.635537" elapsed="0.002005"/>
</iter>
<iter>
<kw name="Dictionary Should Contain Key" owner="Collections">
<msg time="2024-04-01T11:13:22.638412" level="INFO">False</msg>
<arg>${json_data['results'][0]}</arg>
<arg>${key}</arg>
<doc>Fails if ``key`` is not found from ``dictionary``.</doc>
<status status="PASS" start="2024-04-01T11:13:22.637955" elapsed="0.000495"/>
</kw>
<kw name="Log" owner="BuiltIn">
<msg time="2024-04-01T11:13:22.639154" level="INFO">{'gender': 'male', 'name': {'title': 'Mr', 'first': 'Kolodar', 'last': 'Gatcuk'}, 'location': {'street': {'number': 4996, 'name': 'Volodimira Sosyuri'}, 'city': 'Marganec', 'state': 'Ivano-Frankivska', 'country': 'Ukraine', 'postcode': 41732, 'coordinates': {'latitude': '75.2044', 'longitude': '-15.2438'}, 'timezone': {'offset': '+9:00', 'description': 'Tokyo, Seoul, Osaka, Sapporo, Yakutsk'}}, 'email': 'kolodar.gatcuk@example.com', 'login': {'uuid': '72e7d855-a454-40f7-a981-e530a49ea659', 'username': 'orangebutterfly895', 'password': 'marsh', 'salt': 'Oqusc9Dy', 'md5': '5c264ccd569e1554dda289ed90d6adb6', 'sha1': 'ad395b212c3d2dd03fac284b43b04609f273a3a2', 'sha256': '1a96afff5e1ea3d3743493410769783454f41b283a862c5954d4f203c50ff66a'}, 'dob': {'date': '1964-10-02T02:01:17.782Z', 'age': 59}, 'registered': {'date': '2006-12-23T20:12:01.242Z', 'age': 17}, 'phone': '(097) H69-6435', 'cell': '(099) M48-6589', 'id': {'name': '', 'value': None}, 'picture': {'large': 'https://randomuser.me/api/portraits/men/0.jpg', 'medium': 'https://randomuser.me/api/portraits/med/men/0.jpg', 'thumbnail': 'https://randomuser.me/api/portraits/thumb/men/0.jpg'}, 'nat': 'UA'}</msg>
<arg>${json_data['results'][0]}</arg>
<doc>Logs the given message with the given level.</doc>
<status status="PASS" start="2024-04-01T11:13:22.638760" elapsed="0.000476"/>
</kw>
<kw name="Log" owner="BuiltIn">
<msg time="2024-04-01T11:13:22.639750" level="INFO">location</msg>
<arg>${key}</arg>
<doc>Logs the given message with the given level.</doc>
<status status="PASS" start="2024-04-01T11:13:22.639621" elapsed="0.000166"/>
</kw>
<var name="${key}">location</var>
<status status="PASS" start="2024-04-01T11:13:22.637790" elapsed="0.002217"/>
</iter>
<iter>
<kw name="Dictionary Should Contain Key" owner="Collections">
<msg time="2024-04-01T11:13:22.640748" level="INFO">False</msg>
<arg>${json_data['results'][0]}</arg>
<arg>${key}</arg>
<doc>Fails if ``key`` is not found from ``dictionary``.</doc>
<status status="PASS" start="2024-04-01T11:13:22.640346" elapsed="0.000440"/>
</kw>
<kw name="Log" owner="BuiltIn">
<msg time="2024-04-01T11:13:22.641486" level="INFO">{'gender': 'male', 'name': {'title': 'Mr', 'first': 'Kolodar', 'last': 'Gatcuk'}, 'location': {'street': {'number': 4996, 'name': 'Volodimira Sosyuri'}, 'city': 'Marganec', 'state': 'Ivano-Frankivska', 'country': 'Ukraine', 'postcode': 41732, 'coordinates': {'latitude': '75.2044', 'longitude': '-15.2438'}, 'timezone': {'offset': '+9:00', 'description': 'Tokyo, Seoul, Osaka, Sapporo, Yakutsk'}}, 'email': 'kolodar.gatcuk@example.com', 'login': {'uuid': '72e7d855-a454-40f7-a981-e530a49ea659', 'username': 'orangebutterfly895', 'password': 'marsh', 'salt': 'Oqusc9Dy', 'md5': '5c264ccd569e1554dda289ed90d6adb6', 'sha1': 'ad395b212c3d2dd03fac284b43b04609f273a3a2', 'sha256': '1a96afff5e1ea3d3743493410769783454f41b283a862c5954d4f203c50ff66a'}, 'dob': {'date': '1964-10-02T02:01:17.782Z', 'age': 59}, 'registered': {'date': '2006-12-23T20:12:01.242Z', 'age': 17}, 'phone': '(097) H69-6435', 'cell': '(099) M48-6589', 'id': {'name': '', 'value': None}, 'picture': {'large': 'https://randomuser.me/api/portraits/men/0.jpg', 'medium': 'https://randomuser.me/api/portraits/med/men/0.jpg', 'thumbnail': 'https://randomuser.me/api/portraits/thumb/men/0.jpg'}, 'nat': 'UA'}</msg>
<arg>${json_data['results'][0]}</arg>
<doc>Logs the given message with the given level.</doc>
<status status="PASS" start="2024-04-01T11:13:22.641093" elapsed="0.000440"/>
</kw>
<kw name="Log" owner="BuiltIn">
<msg time="2024-04-01T11:13:22.641953" level="INFO">email</msg>
<arg>${key}</arg>
<doc>Logs the given message with the given level.</doc>
<status status="PASS" start="2024-04-01T11:13:22.641826" elapsed="0.000165"/>
</kw>
<var name="${key}">email</var>
<status status="PASS" start="2024-04-01T11:13:22.640180" elapsed="0.002029"/>
</iter>
<iter>
<kw name="Dictionary Should Contain Key" owner="Collections">
<msg time="2024-04-01T11:13:22.642884" level="INFO">False</msg>
<arg>${json_data['results'][0]}</arg>
<arg>${key}</arg>
<doc>Fails if ``key`` is not found from ``dictionary``.</doc>
<status status="PASS" start="2024-04-01T11:13:22.642501" elapsed="0.000421"/>
</kw>
<kw name="Log" owner="BuiltIn">
<msg time="2024-04-01T11:13:22.643623" level="INFO">{'gender': 'male', 'name': {'title': 'Mr', 'first': 'Kolodar', 'last': 'Gatcuk'}, 'location': {'street': {'number': 4996, 'name': 'Volodimira Sosyuri'}, 'city': 'Marganec', 'state': 'Ivano-Frankivska', 'country': 'Ukraine', 'postcode': 41732, 'coordinates': {'latitude': '75.2044', 'longitude': '-15.2438'}, 'timezone': {'offset': '+9:00', 'description': 'Tokyo, Seoul, Osaka, Sapporo, Yakutsk'}}, 'email': 'kolodar.gatcuk@example.com', 'login': {'uuid': '72e7d855-a454-40f7-a981-e530a49ea659', 'username': 'orangebutterfly895', 'password': 'marsh', 'salt': 'Oqusc9Dy', 'md5': '5c264ccd569e1554dda289ed90d6adb6', 'sha1': 'ad395b212c3d2dd03fac284b43b04609f273a3a2', 'sha256': '1a96afff5e1ea3d3743493410769783454f41b283a862c5954d4f203c50ff66a'}, 'dob': {'date': '1964-10-02T02:01:17.782Z', 'age': 59}, 'registered': {'date': '2006-12-23T20:12:01.242Z', 'age': 17}, 'phone': '(097) H69-6435', 'cell': '(099) M48-6589', 'id': {'name': '', 'value': None}, 'picture': {'large': 'https://randomuser.me/api/portraits/men/0.jpg', 'medium': 'https://randomuser.me/api/portraits/med/men/0.jpg', 'thumbnail': 'https://randomuser.me/api/portraits/thumb/men/0.jpg'}, 'nat': 'UA'}</msg>
<arg>${json_data['results'][0]}</arg>
<doc>Logs the given message with the given level.</doc>
<status status="PASS" start="2024-04-01T11:13:22.643245" elapsed="0.000424"/>
</kw>
<kw name="Log" owner="BuiltIn">
<msg time="2024-04-01T11:13:22.644090" level="INFO">login</msg>
<arg>${key}</arg>
<doc>Logs the given message with the given level.</doc>
<status status="PASS" start="2024-04-01T11:13:22.643963" elapsed="0.000290"/>
</kw>
<var name="${key}">login</var>
<status status="PASS" start="2024-04-01T11:13:22.642384" elapsed="0.002124"/>
</iter>
<var>${key}</var>
<value>@{expected_keys}</value>
<status status="PASS" start="2024-04-01T11:13:22.633109" elapsed="0.011527"/>
</for>
<kw name="Create List" owner="BuiltIn">
<msg time="2024-04-01T11:13:22.645008" level="INFO">${expected_keysTwo} = ['username', 'password']</msg>
<var>${expected_keysTwo}</var>
<arg>username</arg>
<arg>password</arg>
<doc>Returns a list containing given items.</doc>
<status status="PASS" start="2024-04-01T11:13:22.644868" elapsed="0.000163"/>
</kw>
<for flavor="IN">
<iter>
<kw name="Dictionary Should Contain Key" owner="Collections">
<msg time="2024-04-01T11:13:22.645925" level="INFO">False</msg>
<arg>${json_data['results'][0]['login']}</arg>
<arg>${keyTwo}</arg>
<doc>Fails if ``key`` is not found from ``dictionary``.</doc>
<status status="PASS" start="2024-04-01T11:13:22.645543" elapsed="0.000420"/>
</kw>
<kw name="Dictionary Should Contain Key" owner="Collections">
<msg time="2024-04-01T11:13:22.646636" level="INFO">False</msg>
<arg>${json_data['results'][0]['login']}</arg>
<arg>${keyTwo}</arg>
<doc>Fails if ``key`` is not found from ``dictionary``.</doc>
<status status="PASS" start="2024-04-01T11:13:22.646260" elapsed="0.000414"/>
</kw>
<kw name="Log" owner="BuiltIn">
<msg time="2024-04-01T11:13:22.647094" level="INFO">username</msg>
<arg>${keyTwo}</arg>
<doc>Logs the given message with the given level.</doc>
<status status="PASS" start="2024-04-01T11:13:22.646967" elapsed="0.000164"/>
</kw>
<var name="${keyTwo}">username</var>
<status status="PASS" start="2024-04-01T11:13:22.645431" elapsed="0.001917"/>
</iter>
<iter>
<kw name="Dictionary Should Contain Key" owner="Collections">
<msg time="2024-04-01T11:13:22.648012" level="INFO">False</msg>
<arg>${json_data['results'][0]['login']}</arg>
<arg>${keyTwo}</arg>
<doc>Fails if ``key`` is not found from ``dictionary``.</doc>
<status status="PASS" start="2024-04-01T11:13:22.647635" elapsed="0.000415"/>
</kw>
<kw name="Dictionary Should Contain Key" owner="Collections">
<msg time="2024-04-01T11:13:22.648882" level="INFO">False</msg>
<arg>${json_data['results'][0]['login']}</arg>
<arg>${keyTwo}</arg>
<doc>Fails if ``key`` is not found from ``dictionary``.</doc>
<status status="PASS" start="2024-04-01T11:13:22.648350" elapsed="0.000569"/>
</kw>
<kw name="Log" owner="BuiltIn">
<msg time="2024-04-01T11:13:22.649358" level="INFO">password</msg>
<arg>${keyTwo}</arg>
<doc>Logs the given message with the given level.</doc>
<status status="PASS" start="2024-04-01T11:13:22.649228" elapsed="0.000168"/>
</kw>
<var name="${keyTwo}">password</var>
<status status="PASS" start="2024-04-01T11:13:22.647523" elapsed="0.002091"/>
</iter>
<var>${keyTwo}</var>
<value>@{expected_keysTwo}</value>
<status status="PASS" start="2024-04-01T11:13:22.645275" elapsed="0.004458"/>
</for>
<status status="PASS" start="2024-04-01T11:13:22.525145" elapsed="0.124730"/>
</kw>
<doc>Testa a estrutura da resposta da API.</doc>
<tag>testeEstruturaResposta</tag>
<status status="PASS" start="2024-04-01T11:13:22.524403" elapsed="0.125639"/>
</test>
<test id="s1-s1-t4" name="Validar tipos de dados" line="28">
<kw name="Teste de Tipos de Dados" owner="random-user-service">
<kw name="GET On Session" owner="RequestsLibrary">
<msg time="2024-04-01T11:13:22.720277" level="INFO">GET Request : url=https://randomuser.me/api 
 path_url=/api 
 headers={'User-Agent': 'python-requests/2.31.0', 'Accept-Encoding': 'gzip, deflate', 'Accept': '*/*', 'Connection': 'keep-alive'} 
 body=None 
 </msg>
<msg time="2024-04-01T11:13:22.720387" level="INFO">GET Response : url=https://randomuser.me/api 
 status=200, reason=OK 
 headers={'Date': 'Mon, 01 Apr 2024 11:13:22 GMT', 'Content-Type': 'application/json; charset=utf-8', 'Transfer-Encoding': 'chunked', 'Connection': 'keep-alive', 'X-Powered-By': 'Express', 'Access-Control-Allow-Origin': '*', 'Cache-Control': 'no-cache', 'ETag': 'W/"47d-3lManu5vkpnS4Jo3Cm2jXnufpPI"', 'Vary': 'Accept-Encoding', 'Content-Encoding': 'gzip', 'CF-Cache-Status': 'DYNAMIC', 'Report-To': '{"endpoints":[{"url":"https:\\/\\/a.nel.cloudflare.com\\/report\\/v4?s=gxV3HAjSu6B1net0qt%2FhKD3wwMcP2jDDOFEnD%2FZrY4VEf0SwNHiLQLFNGXGb%2Bibaw8Uox3zFP5KhW4ihYrlpn1rj9w%2BEC61bt1abyaSJfV553k6IOLkt0SuWhx%2BmlcSo"}],"group":"cf-nel","max_age":604800}', 'NEL': '{"success_fraction":0,"report_to":"cf-nel","max_age":604800}', 'Server': 'cloudflare', 'CF-RAY': '86d826449d291369-IAD', 'alt-svc': 'h3=":443"; ma=86400'} 
 body={"results":[{"gender":"female","name":{"title":"Miss","first":"Andrea","last":"Mortensen"},"location":{"street":{"number":933,"name":"Slåenvej"},"city":"Lundby","state":"Danmark","country":"Denmark","postcode":93952,"coordinates":{"latitude":"-41.5559","longitude":"24.1664"},"timezone":{"offset":"-12:00","description":"Eniwetok, Kwajalein"}},"email":"andrea.mortensen@example.com","login":{"uuid":"18001b70-e63c-4c0d-8914-83d9ea6ab38f","username":"brownlion272","password":"airforce","salt":"zoYWc2IJ","md5":"66ba4e3d6c9e77d99e617382fd22f8f9","sha1":"bc4cc034c9d775a25e8a91842aeba3a848ef2d98","sha256":"8d2d3ea7897f456221b7c6beab5d98341fee4b246e4612d53382d07b526d3381"},"dob":{"date":"1993-12-16T05:46:42.497Z","age":30},"registered":{"date":"2014-08-04T03:01:38.650Z","age":9},"phone":"64672594","cell":"07471728","id":{"name":"CPR","value":"151293-2488"},"picture":{"large":"https://randomuser.me/api/portraits/women/88.jpg","medium":"https://randomuser.me/api/portraits/med/women/88.jpg","thumbnail":"https://randomuser.me/api/portraits/thumb/women/88.jpg"},"nat":"DK"}],"info":{"seed":"c146f7dc4091edce","results":1,"page":1,"version":"1.4"}} 
 </msg>
<msg time="2024-04-01T11:13:22.720471" level="INFO">/opt/hostedtoolcache/Python/3.12.2/x64/lib/python3.12/site-packages/urllib3/connectionpool.py:1103: InsecureRequestWarning: Unverified HTTPS request is being made to host 'randomuser.me'. Adding certificate verification is strongly advised. See: https://urllib3.readthedocs.io/en/latest/advanced-usage.html#tls-warnings
  warnings.warn(</msg>
<msg time="2024-04-01T11:13:22.720595" level="INFO">${response} = &lt;Response [200]&gt;</msg>
<var>${response}</var>
<arg>consultarAPI</arg>
<arg>/api</arg>
<doc>Sends a GET request on a previously created HTTP Session.</doc>
<status status="PASS" start="2024-04-01T11:13:22.652504" elapsed="0.068131"/>
</kw>
<kw name="Set Variable" owner="BuiltIn">
<msg time="2024-04-01T11:13:22.721882" level="INFO">${json_data} = {'results': [{'gender': 'female', 'name': {'title': 'Miss', 'first': 'Andrea', 'last': 'Mortensen'}, 'location': {'street': {'number': 933, 'name': 'Slåenvej'}, 'city': 'Lundby', 'state': 'Danmark', '...</msg>
<var>${json_data}</var>
<arg>${response.json()}</arg>
<doc>Returns the given values which can then be assigned to a variables.</doc>
<status status="PASS" start="2024-04-01T11:13:22.721304" elapsed="0.000608"/>
</kw>
<kw name="Log" owner="BuiltIn">
<msg time="2024-04-01T11:13:22.722401" level="INFO">{'results': [{'gender': 'female', 'name': {'title': 'Miss', 'first': 'Andrea', 'last': 'Mortensen'}, 'location': {'street': {'number': 933, 'name': 'Slåenvej'}, 'city': 'Lundby', 'state': 'Danmark', 'country': 'Denmark', 'postcode': 93952, 'coordinates': {'latitude': '-41.5559', 'longitude': '24.1664'}, 'timezone': {'offset': '-12:00', 'description': 'Eniwetok, Kwajalein'}}, 'email': 'andrea.mortensen@example.com', 'login': {'uuid': '18001b70-e63c-4c0d-8914-83d9ea6ab38f', 'username': 'brownlion272', 'password': 'airforce', 'salt': 'zoYWc2IJ', 'md5': '66ba4e3d6c9e77d99e617382fd22f8f9', 'sha1': 'bc4cc034c9d775a25e8a91842aeba3a848ef2d98', 'sha256': '8d2d3ea7897f456221b7c6beab5d98341fee4b246e4612d53382d07b526d3381'}, 'dob': {'date': '1993-12-16T05:46:42.497Z', 'age': 30}, 'registered': {'date': '2014-08-04T03:01:38.650Z', 'age': 9}, 'phone': '64672594', 'cell': '07471728', 'id': {'name': 'CPR', 'value': '151293-2488'}, 'picture': {'large': 'https://randomuser.me/api/portraits/women/88.jpg', 'medium': 'https://randomuser.me/api/portraits/med/women/88.jpg', 'thumbnail': 'https://randomuser.me/api/portraits/thumb/women/88.jpg'}, 'nat': 'DK'}], 'info': {'seed': 'c146f7dc4091edce', 'results': 1, 'page': 1, 'version': '1.4'}}</msg>
<arg>${json_data}</arg>
<doc>Logs the given message with the given level.</doc>
<status status="PASS" start="2024-04-01T11:13:22.722230" elapsed="0.000260"/>
</kw>
<kw name="Should Be String" owner="String">
<arg>${json_data['results'][0]['gender']}</arg>
<doc>Fails if the given ``item`` is not a string.</doc>
<status status="PASS" start="2024-04-01T11:13:22.722804" elapsed="0.000371"/>
</kw>
<kw name="Should Match Regexp" owner="BuiltIn">
<arg>${json_data['results'][0]['email']}</arg>
<arg>^[a-zA-Z0-9._%+-]+@[a-zA-Z0-9.-]+\.[a-zA-Z]{2,}$</arg>
<doc>Fails if ``string`` does not match ``pattern`` as a regular expression.</doc>
<status status="PASS" start="2024-04-01T11:13:22.723369" elapsed="0.000566"/>
</kw>
<kw name="Should Match Regexp" owner="BuiltIn">
<arg>${json_data['results'][0]['dob']['date']}</arg>
<arg>\\d{4}-\\d{2}-\\d{2}T\\d{2}:\\d{2}:\\d{2}\\.\\d{3}Z</arg>
<doc>Fails if ``string`` does not match ``pattern`` as a regular expression.</doc>
<status status="PASS" start="2024-04-01T11:13:22.724146" elapsed="0.000550"/>
</kw>
<kw name="Should Match Regexp" owner="BuiltIn">
<arg>${json_data['results'][0]['registered']['date']}</arg>
<arg>\\d{4}-\\d{2}-\\d{2}T\\d{2}:\\d{2}:\\d{2}\\.\\d{3}Z</arg>
<doc>Fails if ``string`` does not match ``pattern`` as a regular expression.</doc>
<status status="PASS" start="2024-04-01T11:13:22.724911" elapsed="0.000382"/>
</kw>
<kw name="Should Match Regexp" owner="BuiltIn">
<arg>${json_data['results'][0]['picture']['large']}</arg>
<arg>^https?://.*\.(?:png|jpe?g|gif|bmp)$</arg>
<doc>Fails if ``string`` does not match ``pattern`` as a regular expression.</doc>
<status status="PASS" start="2024-04-01T11:13:22.725481" elapsed="0.000460"/>
</kw>
<kw name="Should Match Regexp" owner="BuiltIn">
<arg>${json_data['results'][0]['picture']['medium']}</arg>
<arg>^https?://.*\.(?:png|jpe?g|gif|bmp)$</arg>
<doc>Fails if ``string`` does not match ``pattern`` as a regular expression.</doc>
<status status="PASS" start="2024-04-01T11:13:22.726132" elapsed="0.000363"/>
</kw>
<kw name="Should Match Regexp" owner="BuiltIn">
<arg>${json_data['results'][0]['picture']['thumbnail']}</arg>
<arg>^https?://.*\.(?:png|jpe?g|gif|bmp)$</arg>
<doc>Fails if ``string`` does not match ``pattern`` as a regular expression.</doc>
<status status="PASS" start="2024-04-01T11:13:22.726682" elapsed="0.000349"/>
</kw>
<kw name="Log" owner="BuiltIn">
<msg time="2024-04-01T11:13:22.727546" level="INFO">{'large': 'https://randomuser.me/api/portraits/women/88.jpg', 'medium': 'https://randomuser.me/api/portraits/med/women/88.jpg', 'thumbnail': 'https://randomuser.me/api/portraits/thumb/women/88.jpg'}</msg>
<arg>${json_data['results'][0]['picture']}</arg>
<doc>Logs the given message with the given level.</doc>
<status status="PASS" start="2024-04-01T11:13:22.727214" elapsed="0.000381"/>
</kw>
<status status="PASS" start="2024-04-01T11:13:22.652276" elapsed="0.075580"/>
</kw>
<kw name="Teste de Tipos de Dados - Postcode" owner="random-user-service">
<kw name="GET On Session" owner="RequestsLibrary">
<msg time="2024-04-01T11:13:22.819718" level="INFO">GET Request : url=https://randomuser.me/api 
 path_url=/api 
 headers={'User-Agent': 'python-requests/2.31.0', 'Accept-Encoding': 'gzip, deflate', 'Accept': '*/*', 'Connection': 'keep-alive'} 
 body=None 
 </msg>
<msg time="2024-04-01T11:13:22.819818" level="INFO">GET Response : url=https://randomuser.me/api 
 status=200, reason=OK 
 headers={'Date': 'Mon, 01 Apr 2024 11:13:22 GMT', 'Content-Type': 'application/json; charset=utf-8', 'Transfer-Encoding': 'chunked', 'Connection': 'keep-alive', 'X-Powered-By': 'Express', 'Access-Control-Allow-Origin': '*', 'Cache-Control': 'no-cache', 'ETag': 'W/"4a2-ozIbkiw/mNmqR50FR+gAkEYXuXI"', 'Vary': 'Accept-Encoding', 'Content-Encoding': 'gzip', 'CF-Cache-Status': 'DYNAMIC', 'Report-To': '{"endpoints":[{"url":"https:\\/\\/a.nel.cloudflare.com\\/report\\/v4?s=t8AV0GA7oVedMucmB3mjqsVH%2Fm%2BhbVw4qGU%2B0sPCXzjuUtOrKZTmTPq6PxqZ9ejFBVqcuDgdAvJGqs8UnxNDpySjlyQWYsFS3IxZJjmr0Xl1gi95PECvrx7yiFIVvUZ3"}],"group":"cf-nel","max_age":604800}', 'NEL': '{"success_fraction":0,"report_to":"cf-nel","max_age":604800}', 'Server': 'cloudflare', 'CF-RAY': '86d826451da31369-IAD', 'alt-svc': 'h3=":443"; ma=86400'} 
 body={"results":[{"gender":"female","name":{"title":"Mrs","first":"Lourdes","last":"Ramos"},"location":{"street":{"number":5372,"name":"Calle Mota"},"city":"Torrejón de Ardoz","state":"País Vasco","country":"Spain","postcode":79361,"coordinates":{"latitude":"-38.2718","longitude":"113.0327"},"timezone":{"offset":"0:00","description":"Western Europe Time, London, Lisbon, Casablanca"}},"email":"lourdes.ramos@example.com","login":{"uuid":"8c678edf-c1d7-4809-b46d-e17c0676670f","username":"tinywolf164","password":"happyday","salt":"gYEHbLCt","md5":"318f3aa3fc801937974e2d668d169783","sha1":"5b9eb874cf7477e516df23bb54abcd54a47ae9ab","sha256":"032899dcecec062198de2fa162faee3e2a8a87191ef348ec0bf442e512463218"},"dob":{"date":"1971-03-04T09:17:10.014Z","age":53},"registered":{"date":"2017-12-28T20:15:43.491Z","age":6},"phone":"944-434-090","cell":"630-479-020","id":{"name":"DNI","value":"62172310-U"},"picture":{"large":"https://randomuser.me/api/portraits/women/2.jpg","medium":"https://randomuser.me/api/portraits/med/women/2.jpg","thumbnail":"https://randomuser.me/api/portraits/thumb/women/2.jpg"},"nat":"ES"}],"info":{"seed":"98e71514b29e8cfa","results":1,"page":1,"version":"1.4"}} 
 </msg>
<msg time="2024-04-01T11:13:22.819912" level="INFO">/opt/hostedtoolcache/Python/3.12.2/x64/lib/python3.12/site-packages/urllib3/connectionpool.py:1103: InsecureRequestWarning: Unverified HTTPS request is being made to host 'randomuser.me'. Adding certificate verification is strongly advised. See: https://urllib3.readthedocs.io/en/latest/advanced-usage.html#tls-warnings
  warnings.warn(</msg>
<msg time="2024-04-01T11:13:22.820042" level="INFO">${response} = &lt;Response [200]&gt;</msg>
<var>${response}</var>
<arg>consultarAPI</arg>
<arg>/api</arg>
<doc>Sends a GET request on a previously created HTTP Session.</doc>
<status status="PASS" start="2024-04-01T11:13:22.728477" elapsed="0.091608"/>
</kw>
<kw name="Set Variable" owner="BuiltIn">
<msg time="2024-04-01T11:13:22.821385" level="INFO">${json_data} = {'results': [{'gender': 'female', 'name': {'title': 'Mrs', 'first': 'Lourdes', 'last': 'Ramos'}, 'location': {'street': {'number': 5372, 'name': 'Calle Mota'}, 'city': 'Torrejón de Ardoz', 'state': 'P...</msg>
<var>${json_data}</var>
<arg>${response.json()}</arg>
<doc>Returns the given values which can then be assigned to a variables.</doc>
<status status="PASS" start="2024-04-01T11:13:22.820805" elapsed="0.000609"/>
</kw>
<kw name="Log" owner="BuiltIn">
<msg time="2024-04-01T11:13:22.821890" level="INFO">{'results': [{'gender': 'female', 'name': {'title': 'Mrs', 'first': 'Lourdes', 'last': 'Ramos'}, 'location': {'street': {'number': 5372, 'name': 'Calle Mota'}, 'city': 'Torrejón de Ardoz', 'state': 'País Vasco', 'country': 'Spain', 'postcode': 79361, 'coordinates': {'latitude': '-38.2718', 'longitude': '113.0327'}, 'timezone': {'offset': '0:00', 'description': 'Western Europe Time, London, Lisbon, Casablanca'}}, 'email': 'lourdes.ramos@example.com', 'login': {'uuid': '8c678edf-c1d7-4809-b46d-e17c0676670f', 'username': 'tinywolf164', 'password': 'happyday', 'salt': 'gYEHbLCt', 'md5': '318f3aa3fc801937974e2d668d169783', 'sha1': '5b9eb874cf7477e516df23bb54abcd54a47ae9ab', 'sha256': '032899dcecec062198de2fa162faee3e2a8a87191ef348ec0bf442e512463218'}, 'dob': {'date': '1971-03-04T09:17:10.014Z', 'age': 53}, 'registered': {'date': '2017-12-28T20:15:43.491Z', 'age': 6}, 'phone': '944-434-090', 'cell': '630-479-020', 'id': {'name': 'DNI', 'value': '62172310-U'}, 'picture': {'large': 'https://randomuser.me/api/portraits/women/2.jpg', 'medium': 'https://randomuser.me/api/portraits/med/women/2.jpg', 'thumbnail': 'https://randomuser.me/api/portraits/thumb/women/2.jpg'}, 'nat': 'ES'}], 'info': {'seed': '98e71514b29e8cfa', 'results': 1, 'page': 1, 'version': '1.4'}}</msg>
<arg>${json_data}</arg>
<doc>Logs the given message with the given level.</doc>
<status status="PASS" start="2024-04-01T11:13:22.821731" elapsed="0.000247"/>
</kw>
<kw name="Should Be Equal As Numbers" owner="BuiltIn">
<arg>${json_data['results'][0]['location']['postcode']}</arg>
<arg>${json_data['results'][0]['location']['postcode']}</arg>
<doc>Fails if objects are unequal after converting them to real numbers.</doc>
<status status="PASS" start="2024-04-01T11:13:22.822288" elapsed="0.000638"/>
</kw>
<kw name="Log" owner="BuiltIn">
<msg time="2024-04-01T11:13:22.823467" level="INFO">79361</msg>
<arg>${json_data['results'][0]['location']['postcode']}</arg>
<doc>Logs the given message with the given level.</doc>
<status status="PASS" start="2024-04-01T11:13:22.823127" elapsed="0.000382"/>
</kw>
<status status="PASS" start="2024-04-01T11:13:22.728091" elapsed="0.095681"/>
</kw>
<doc>Testa se os tipos de dados na resposta da API estão corretos.</doc>
<tag>testeTiposDados</tag>
<status status="PASS" start="2024-04-01T11:13:22.651814" elapsed="0.172134"/>
</test>
<test id="s1-s1-t5" name="Validar conteudo" line="35">
<kw name="Teste de Tipos de Conteudo" owner="random-user-service">
<kw name="GET On Session" owner="RequestsLibrary">
<msg time="2024-04-01T11:13:22.922713" level="INFO">GET Request : url=https://randomuser.me/api 
 path_url=/api 
 headers={'User-Agent': 'python-requests/2.31.0', 'Accept-Encoding': 'gzip, deflate', 'Accept': '*/*', 'Connection': 'keep-alive'} 
 body=None 
 </msg>
<msg time="2024-04-01T11:13:22.922827" level="INFO">GET Response : url=https://randomuser.me/api 
 status=200, reason=OK 
 headers={'Date': 'Mon, 01 Apr 2024 11:13:22 GMT', 'Content-Type': 'application/json; charset=utf-8', 'Transfer-Encoding': 'chunked', 'Connection': 'keep-alive', 'X-Powered-By': 'Express', 'Access-Control-Allow-Origin': '*', 'Cache-Control': 'no-cache', 'ETag': 'W/"498-/5H+aAiPIPxj2DS6agzS1JcVFyU"', 'Vary': 'Accept-Encoding', 'Content-Encoding': 'gzip', 'CF-Cache-Status': 'DYNAMIC', 'Report-To': '{"endpoints":[{"url":"https:\\/\\/a.nel.cloudflare.com\\/report\\/v4?s=aGdVDSQ7pjjpfSbNP%2F%2B4moVC%2FajfsCR5xeYHPwuGgZETG%2FybYXyQsxp9ZICj78s1bdKvlXBUKoE2xbWXXQ9%2BF0bip%2FlJ8XhS%2BdY%2FkreU%2F3BGj5aLee60FJ%2FYF9ZXnorp"}],"group":"cf-nel","max_age":604800}', 'NEL': '{"success_fraction":0,"report_to":"cf-nel","max_age":604800}', 'Server': 'cloudflare', 'CF-RAY': '86d82645ae1d1369-IAD', 'alt-svc': 'h3=":443"; ma=86400'} 
 body={"results":[{"gender":"female","name":{"title":"Ms","first":"Christina","last":"Jensen"},"location":{"street":{"number":4233,"name":"Camden Ave"},"city":"Cairns","state":"Queensland","country":"Australia","postcode":2188,"coordinates":{"latitude":"-83.3037","longitude":"73.5744"},"timezone":{"offset":"+3:00","description":"Baghdad, Riyadh, Moscow, St. Petersburg"}},"email":"christina.jensen@example.com","login":{"uuid":"37e86146-3159-44f0-97c3-814429ca2638","username":"brownlion156","password":"saint","salt":"gwLr8awE","md5":"ca00739d82ca04f4b3ca6c36015c94a6","sha1":"9954d7ae3fbf8035063f54d8c9c492a4a135e478","sha256":"f004faaf1f8f33795a4bcef1e69c5682c645cd02a7ea9302a60fb18f5e6c40fb"},"dob":{"date":"1961-04-11T14:10:42.624Z","age":62},"registered":{"date":"2008-04-19T11:02:16.100Z","age":15},"phone":"05-7614-1509","cell":"0411-824-115","id":{"name":"TFN","value":"041672230"},"picture":{"large":"https://randomuser.me/api/portraits/women/12.jpg","medium":"https://randomuser.me/api/portraits/med/women/12.jpg","thumbnail":"https://randomuser.me/api/portraits/thumb/women/12.jpg"},"nat":"AU"}],"info":{"seed":"80f772723c8901ba","results":1,"page":1,"version":"1.4"}} 
 </msg>
<msg time="2024-04-01T11:13:22.922899" level="INFO">/opt/hostedtoolcache/Python/3.12.2/x64/lib/python3.12/site-packages/urllib3/connectionpool.py:1103: InsecureRequestWarning: Unverified HTTPS request is being made to host 'randomuser.me'. Adding certificate verification is strongly advised. See: https://urllib3.readthedocs.io/en/latest/advanced-usage.html#tls-warnings
  warnings.warn(</msg>
<msg time="2024-04-01T11:13:22.923027" level="INFO">${response} = &lt;Response [200]&gt;</msg>
<var>${response}</var>
<arg>consultarAPI</arg>
<arg>/api</arg>
<doc>Sends a GET request on a previously created HTTP Session.</doc>
<status status="PASS" start="2024-04-01T11:13:22.826572" elapsed="0.096496"/>
</kw>
<kw name="Set Variable" owner="BuiltIn">
<msg time="2024-04-01T11:13:22.924342" level="INFO">${json_data} = {'results': [{'gender': 'female', 'name': {'title': 'Ms', 'first': 'Christina', 'last': 'Jensen'}, 'location': {'street': {'number': 4233, 'name': 'Camden Ave'}, 'city': 'Cairns', 'state': 'Queensland...</msg>
<var>${json_data}</var>
<arg>${response.json()}</arg>
<doc>Returns the given values which can then be assigned to a variables.</doc>
<status status="PASS" start="2024-04-01T11:13:22.923745" elapsed="0.000627"/>
</kw>
<kw name="Set Variable" owner="BuiltIn">
<msg time="2024-04-01T11:13:22.925163" level="INFO">${name_title} = Ms</msg>
<var>${name_title}</var>
<arg>${json_data["results"][0]["name"]["title"]}</arg>
<doc>Returns the given values which can then be assigned to a variables.</doc>
<status status="PASS" start="2024-04-01T11:13:22.924731" elapsed="0.000457"/>
</kw>
<kw name="Create List" owner="BuiltIn">
<msg time="2024-04-01T11:13:22.925651" level="INFO">${allowed_titles} = ['Mr', 'Ms', 'Miss', 'Mrs', 'Madame', 'Monsieur']</msg>
<var>${allowed_titles}</var>
<arg>Mr</arg>
<arg>Ms</arg>
<arg>Miss</arg>
<arg>Mrs</arg>
<arg>Madame</arg>
<arg>Monsieur</arg>
<doc>Returns a list containing given items.</doc>
<status status="PASS" start="2024-04-01T11:13:22.925499" elapsed="0.000177"/>
</kw>
<kw name="List Should Contain Value" owner="Collections">
<msg time="2024-04-01T11:13:22.926174" level="INFO">False</msg>
<arg>${allowed_titles}</arg>
<arg>${name_title}</arg>
<doc>Fails if the ``value`` is not found from ``list``.</doc>
<status status="PASS" start="2024-04-01T11:13:22.925991" elapsed="0.000237"/>
</kw>
<kw name="Set Variable" owner="BuiltIn">
<msg time="2024-04-01T11:13:22.926954" level="INFO">${name_country} = AU</msg>
<var>${name_country}</var>
<arg>${json_data["results"][0]["nat"]}</arg>
<doc>Returns the given values which can then be assigned to a variables.</doc>
<status status="PASS" start="2024-04-01T11:13:22.926570" elapsed="0.000410"/>
</kw>
<kw name="Create List" owner="BuiltIn">
<msg time="2024-04-01T11:13:22.927929" level="INFO">${list_country} = ['AD', 'AE', 'AF', 'AG', 'AI', 'AL', 'AM', 'AO', 'AQ', 'AR', 'AS', 'AT', 'AU', 'AW', 'AX', 'AZ', 'BA', 'BB', 'BD', 'BE', 'BF', 'BG', 'BH', 'BI', 'BJ', 'BL', 'BM', 'BN', 'BO', 'BQ', 'BR', 'BS', 'BT', '...</msg>
<var>${list_country}</var>
<arg>AD</arg>
<arg>AE</arg>
<arg>AF</arg>
<arg>AG</arg>
<arg>AI</arg>
<arg>AL</arg>
<arg>AM</arg>
<arg>AO</arg>
<arg>AQ</arg>
<arg>AR</arg>
<arg>AS</arg>
<arg>AT</arg>
<arg>AU</arg>
<arg>AW</arg>
<arg>AX</arg>
<arg>AZ</arg>
<arg>BA</arg>
<arg>BB</arg>
<arg>BD</arg>
<arg>BE</arg>
<arg>BF</arg>
<arg>BG</arg>
<arg>BH</arg>
<arg>BI</arg>
<arg>BJ</arg>
<arg>BL</arg>
<arg>BM</arg>
<arg>BN</arg>
<arg>BO</arg>
<arg>BQ</arg>
<arg>BR</arg>
<arg>BS</arg>
<arg>BT</arg>
<arg>BV</arg>
<arg>BW</arg>
<arg>BY</arg>
<arg>BZ</arg>
<arg>CA</arg>
<arg>CC</arg>
<arg>CD</arg>
<arg>CF</arg>
<arg>CG</arg>
<arg>CH</arg>
<arg>CI</arg>
<arg>CK</arg>
<arg>CL</arg>
<arg>CM</arg>
<arg>CN</arg>
<arg>CO</arg>
<arg>CR</arg>
<arg>CU</arg>
<arg>CV</arg>
<arg>CW</arg>
<arg>CX</arg>
<arg>CY</arg>
<arg>CZ</arg>
<arg>DE</arg>
<arg>DJ</arg>
<arg>DK</arg>
<arg>DM</arg>
<arg>DO</arg>
<arg>DZ</arg>
<arg>EC</arg>
<arg>EE</arg>
<arg>EG</arg>
<arg>EH</arg>
<arg>ER</arg>
<arg>ES</arg>
<arg>ET</arg>
<arg>FI</arg>
<arg>FJ</arg>
<arg>FK</arg>
<arg>FM</arg>
<arg>FO</arg>
<arg>FR</arg>
<arg>GA</arg>
<arg>GB</arg>
<arg>GD</arg>
<arg>GE</arg>
<arg>GF</arg>
<arg>GG</arg>
<arg>GH</arg>
<arg>GI</arg>
<arg>GL</arg>
<arg>GM</arg>
<arg>GN</arg>
<arg>GP</arg>
<arg>GQ</arg>
<arg>GR</arg>
<arg>GS</arg>
<arg>GT</arg>
<arg>GU</arg>
<arg>GW</arg>
<arg>GY</arg>
<arg>HK</arg>
<arg>HM</arg>
<arg>HN</arg>
<arg>HR</arg>
<arg>HT</arg>
<arg>HU</arg>
<arg>ID</arg>
<arg>IE</arg>
<arg>IL</arg>
<arg>IM</arg>
<arg>IN</arg>
<arg>IO</arg>
<arg>IQ</arg>
<arg>IR</arg>
<arg>IS</arg>
<arg>IT</arg>
<arg>JE</arg>
<arg>JM</arg>
<arg>JO</arg>
<arg>JP</arg>
<arg>KE</arg>
<arg>KG</arg>
<arg>KH</arg>
<arg>KI</arg>
<arg>KM</arg>
<arg>KN</arg>
<arg>KP</arg>
<arg>KR</arg>
<arg>KW</arg>
<arg>KY</arg>
<arg>KZ</arg>
<arg>LA</arg>
<arg>LB</arg>
<arg>LC</arg>
<arg>LI</arg>
<arg>LK</arg>
<arg>LR</arg>
<arg>LS</arg>
<arg>LT</arg>
<arg>LU</arg>
<arg>LV</arg>
<arg>LY</arg>
<arg>MA</arg>
<arg>MC</arg>
<arg>MD</arg>
<arg>ME</arg>
<arg>MF</arg>
<arg>MG</arg>
<arg>MH</arg>
<arg>MK</arg>
<arg>ML</arg>
<arg>MM</arg>
<arg>MN</arg>
<arg>MO</arg>
<arg>MP</arg>
<arg>MQ</arg>
<arg>MR</arg>
<arg>MS</arg>
<arg>MT</arg>
<arg>MU</arg>
<arg>MV</arg>
<arg>MW</arg>
<arg>MX</arg>
<arg>MY</arg>
<arg>MZ</arg>
<arg>NA</arg>
<arg>NC</arg>
<arg>NE</arg>
<arg>NF</arg>
<arg>NG</arg>
<arg>NI</arg>
<arg>NL</arg>
<arg>NO</arg>
<arg>NP</arg>
<arg>NR</arg>
<arg>NU</arg>
<arg>NZ</arg>
<arg>OM</arg>
<arg>PA</arg>
<arg>PE</arg>
<arg>PF</arg>
<arg>PG</arg>
<arg>PH</arg>
<arg>PK</arg>
<arg>PL</arg>
<arg>PM</arg>
<arg>PN</arg>
<arg>PR</arg>
<arg>PS</arg>
<arg>PT</arg>
<arg>PW</arg>
<arg>PY</arg>
<arg>QA</arg>
<arg>RE</arg>
<arg>RO</arg>
<arg>RS</arg>
<arg>RU</arg>
<arg>RW</arg>
<arg>SA</arg>
<arg>SB</arg>
<arg>SC</arg>
<arg>SD</arg>
<arg>SE</arg>
<arg>SG</arg>
<arg>SH</arg>
<arg>SI</arg>
<arg>SJ</arg>
<arg>SK</arg>
<arg>SL</arg>
<arg>SM</arg>
<arg>SN</arg>
<arg>SO</arg>
<arg>SR</arg>
<arg>SS</arg>
<arg>ST</arg>
<arg>SV</arg>
<arg>SX</arg>
<arg>SY</arg>
<arg>SZ</arg>
<arg>TC</arg>
<arg>TD</arg>
<arg>TF</arg>
<arg>TG</arg>
<arg>TH</arg>
<arg>TJ</arg>
<arg>TK</arg>
<arg>TL</arg>
<arg>TM</arg>
<arg>TN</arg>
<arg>TO</arg>
<arg>TR</arg>
<arg>TT</arg>
<arg>TV</arg>
<arg>TW</arg>
<arg>TZ</arg>
<arg>UA</arg>
<arg>UG</arg>
<arg>UM</arg>
<arg>US</arg>
<arg>UY</arg>
<arg>UZ</arg>
<arg>VA</arg>
<arg>VC</arg>
<arg>VE</arg>
<arg>VG</arg>
<arg>VI</arg>
<arg>VN</arg>
<arg>VU</arg>
<arg>WF</arg>
<arg>WS</arg>
<arg>XK</arg>
<arg>YE</arg>
<arg>YT</arg>
<arg>ZA</arg>
<arg>ZM</arg>
<arg>ZW</arg>
<doc>Returns a list containing given items.</doc>
<status status="PASS" start="2024-04-01T11:13:22.927323" elapsed="0.000633"/>
</kw>
<kw name="List Should Contain Value" owner="Collections">
<msg time="2024-04-01T11:13:22.929177" level="INFO">False</msg>
<arg>${list_country}</arg>
<arg>${name_country}</arg>
<doc>Fails if the ``value`` is not found from ``list``.</doc>
<status status="PASS" start="2024-04-01T11:13:22.928960" elapsed="0.000256"/>
</kw>
<kw name="Run Keyword If" owner="BuiltIn">
<kw name="Should Be True" owner="BuiltIn">
<arg>${True}</arg>
<doc>Fails if the given condition is not true.</doc>
<status status="PASS" start="2024-04-01T11:13:22.930336" elapsed="0.000159"/>
</kw>
<arg>${json_data["results"][0]["location"]["coordinates"]["latitude"]} &gt;= -90 and ${json_data["results"][0]["location"]["coordinates"]["latitude"]} &lt;= 90</arg>
<arg>Should Be True</arg>
<arg>${True}</arg>
<doc>Runs the given keyword with the given arguments, if ``condition`` is true.</doc>
<status status="PASS" start="2024-04-01T11:13:22.929541" elapsed="0.001088"/>
</kw>
<kw name="Run Keyword If" owner="BuiltIn">
<kw name="Should Be True" owner="BuiltIn">
<arg>${True}</arg>
<doc>Fails if the given condition is not true.</doc>
<status status="PASS" start="2024-04-01T11:13:22.931529" elapsed="0.000140"/>
</kw>
<arg>${json_data["results"][0]["location"]["coordinates"]["longitude"]} &gt;= -180 and ${json_data["results"][0]["location"]["coordinates"]["longitude"]} &lt;= 180</arg>
<arg>Should Be True</arg>
<arg>${True}</arg>
<doc>Runs the given keyword with the given arguments, if ``condition`` is true.</doc>
<status status="PASS" start="2024-04-01T11:13:22.930817" elapsed="0.000979"/>
</kw>
<status status="PASS" start="2024-04-01T11:13:22.826335" elapsed="0.105595"/>
</kw>
<doc>Testa o conteúdo específico dos campos retornados pela API.</doc>
<tag>testeConteudo</tag>
<status status="PASS" start="2024-04-01T11:13:22.825759" elapsed="0.106331"/>
</test>
<status status="PASS" start="2024-04-01T11:13:22.105754" elapsed="0.828403"/>
</suite>
<status status="PASS" start="2024-04-01T11:13:22.092081" elapsed="0.847549"/>
</suite>
<statistics>
<total>
<stat pass="5" fail="0" skip="0">All Tests</stat>
</total>
<tag>
<stat pass="1" fail="0" skip="0">testeConteudo</stat>
<stat pass="1" fail="0" skip="0">testeEstruturaResposta</stat>
<stat pass="1" fail="0" skip="0">testeRequisicaoBasica</stat>
<stat pass="1" fail="0" skip="0">testeTiposDados</stat>
</tag>
<suite>
<stat pass="5" fail="0" skip="0" id="s1" name="Tests">Tests</stat>
<stat pass="5" fail="0" skip="0" id="s1-s1" name="Random-User-Test">Tests.Random-User-Test</stat>
</suite>
</statistics>
<errors>
</errors>
</robot>
