<?xml version="1.0" encoding="UTF-8"?>
<robot generator="Robot 7.0 (Python 3.12.3 on linux)" generated="2024-05-29T16:18:48.911018" rpa="false" schemaversion="5">
<suite id="s1" name="Tests" source="/home/runner/work/ApiRandomUser/ApiRandomUser/RamdonUser/tests">
<suite id="s1-s1" name="Random-User-Test" source="/home/runner/work/ApiRandomUser/ApiRandomUser/RamdonUser/tests/random-user-test.robot">
<test id="s1-s1-t1" name="Conectar" line="13">
<kw name="Conectar API" owner="random-user-service">
<kw name="Create Session" owner="RequestsLibrary">
<msg time="2024-05-29T16:18:49.296025" level="INFO">Creating Session using : alias=consultarAPI, url=https://randomuser.me/, headers={},                     cookies={}, auth=None, timeout=None, proxies=None, verify=False,                     debug=0 </msg>
<arg>consultarAPI</arg>
<arg>${URL}</arg>
<doc>Create Session: create a HTTP session to a server</doc>
<status status="PASS" start="2024-05-29T16:18:49.295815" elapsed="0.000383"/>
</kw>
<status status="PASS" start="2024-05-29T16:18:49.294733" elapsed="0.001820"/>
</kw>
<status status="PASS" start="2024-05-29T16:18:49.294124" elapsed="0.002618"/>
</test>
<test id="s1-s1-t2" name="Validar retorno 200 e JSON Válido" line="16">
<kw name="Teste de Requisicao Basica" owner="random-user-service">
<kw name="GET On Session" owner="RequestsLibrary">
<msg time="2024-05-29T16:18:49.468542" level="INFO">GET Request : url=https://randomuser.me/api 
 path_url=/api 
 headers={'User-Agent': 'python-requests/2.32.3', 'Accept-Encoding': 'gzip, deflate', 'Accept': '*/*', 'Connection': 'keep-alive'} 
 body=None 
 </msg>
<msg time="2024-05-29T16:18:49.468656" level="INFO">GET Response : url=https://randomuser.me/api 
 status=200, reason=OK 
 headers={'Date': 'Wed, 29 May 2024 16:18:49 GMT', 'Content-Type': 'application/json; charset=utf-8', 'Transfer-Encoding': 'chunked', 'Connection': 'keep-alive', 'X-Powered-By': 'Express', 'Access-Control-Allow-Origin': '*', 'Cache-Control': 'no-cache', 'ETag': 'W/"476-VnU3t/lYlBPvSefwGqERZK4QOUA"', 'Vary': 'Accept-Encoding', 'Content-Encoding': 'gzip', 'CF-Cache-Status': 'DYNAMIC', 'Report-To': '{"endpoints":[{"url":"https:\\/\\/a.nel.cloudflare.com\\/report\\/v4?s=aGdL%2BmmlKiU67jiOzCdV%2FI2Z47m8jSgC4JT7r3Z34OsNZHqW7qWSzfLnCrbfzbUJYO5KZu57csrUDXuEbEMJ1M%2Byw33IOQb4xbuRWaS5jJGGYu%2B2klL4%2FAAKhHGsOpAi"}],"group":"cf-nel","max_age":604800}', 'NEL': '{"success_fraction":0,"report_to":"cf-nel","max_age":604800}', 'Server': 'cloudflare', 'CF-RAY': '88b7cd729bef0fbc-LAX', 'alt-svc': 'h3=":443"; ma=86400'} 
 body={"results":[{"gender":"male","name":{"title":"Mr","first":"Ceyhun","last":"Poçan"},"location":{"street":{"number":8927,"name":"Atatürk Sk"},"city":"Isparta","state":"Erzurum","country":"Turkey","postcode":35683,"coordinates":{"latitude":"71.6467","longitude":"-39.1574"},"timezone":{"offset":"-8:00","description":"Pacific Time (US &amp; Canada)"}},"email":"ceyhun.pocan@example.com","login":{"uuid":"2b2e0644-75c3-4ca3-8da8-915638475c85","username":"redleopard635","password":"snooker","salt":"DxVoVOlI","md5":"38677adf542a606a88418682fd0eba7a","sha1":"f398528936d152ee7a3bfc13efa896488076c5e5","sha256":"388a9cb7dbff7fc6e2f0c4bb92812bbbeebf61f04a566317139748abd5c17457"},"dob":{"date":"1949-03-20T20:29:44.398Z","age":75},"registered":{"date":"2009-05-15T19:18:04.399Z","age":15},"phone":"(252)-437-5363","cell":"(309)-292-4808","id":{"name":"","value":null},"picture":{"large":"https://randomuser.me/api/portraits/men/40.jpg","medium":"https://randomuser.me/api/portraits/med/men/40.jpg","thumbnail":"https://randomuser.me/api/portraits/thumb/men/40.jpg"},"nat":"TR"}],"info":{"seed":"72b9fe6cf8eab8d7","results":1,"page":1,"version":"1.4"}} 
 </msg>
<msg time="2024-05-29T16:18:49.468731" level="INFO">/opt/hostedtoolcache/Python/3.12.3/x64/lib/python3.12/site-packages/urllib3/connectionpool.py:1103: InsecureRequestWarning: Unverified HTTPS request is being made to host 'randomuser.me'. Adding certificate verification is strongly advised. See: https://urllib3.readthedocs.io/en/latest/advanced-usage.html#tls-warnings
  warnings.warn(</msg>
<msg time="2024-05-29T16:18:49.468838" level="INFO">${response} = &lt;Response [200]&gt;</msg>
<var>${response}</var>
<arg>consultarAPI</arg>
<arg>/api</arg>
<doc>Sends a GET request on a previously created HTTP Session.</doc>
<status status="PASS" start="2024-05-29T16:18:49.299399" elapsed="0.169474"/>
</kw>
<kw name="Should Be Equal As Numbers" owner="BuiltIn">
<msg time="2024-05-29T16:18:49.469722" level="INFO">Argument types are:
&lt;class 'int'&gt;
&lt;class 'str'&gt;</msg>
<arg>${response.status_code}</arg>
<arg>200</arg>
<doc>Fails if objects are unequal after converting them to real numbers.</doc>
<status status="PASS" start="2024-05-29T16:18:49.469315" elapsed="0.000481"/>
</kw>
<kw name="Log" owner="BuiltIn">
<msg time="2024-05-29T16:18:49.470481" level="INFO">200</msg>
<arg>${response.status_code}</arg>
<doc>Logs the given message with the given level.</doc>
<status status="PASS" start="2024-05-29T16:18:49.470136" elapsed="0.000392"/>
</kw>
<kw name="Set Variable" owner="BuiltIn">
<msg time="2024-05-29T16:18:49.471357" level="INFO">${json_data} = {'results': [{'gender': 'male', 'name': {'title': 'Mr', 'first': 'Ceyhun', 'last': 'Poçan'}, 'location': {'street': {'number': 8927, 'name': 'Atatürk Sk'}, 'city': 'Isparta', 'state': 'Erzurum', 'coun...</msg>
<var>${json_data}</var>
<arg>${response.json()}</arg>
<doc>Returns the given values which can then be assigned to a variables.</doc>
<status status="PASS" start="2024-05-29T16:18:49.470899" elapsed="0.000488"/>
</kw>
<kw name="Dictionary Should Contain Key" owner="Collections">
<msg time="2024-05-29T16:18:49.471871" level="INFO">False</msg>
<arg>${json_data}</arg>
<arg>results</arg>
<doc>Fails if ``key`` is not found from ``dictionary``.</doc>
<status status="PASS" start="2024-05-29T16:18:49.471697" elapsed="0.000344"/>
</kw>
<status status="PASS" start="2024-05-29T16:18:49.299139" elapsed="0.173166"/>
</kw>
<doc>Testa se a API responde corretamente e retorna um objeto JSON válido.</doc>
<tag>testeRequisicaoBasica</tag>
<status status="PASS" start="2024-05-29T16:18:49.298605" elapsed="0.173873"/>
</test>
<test id="s1-s1-t3" name="Validar estrutura de resposta" line="22">
<kw name="Teste de Estrutura de Resposta" owner="random-user-service">
<kw name="GET On Session" owner="RequestsLibrary">
<msg time="2024-05-29T16:18:49.578569" level="INFO">GET Request : url=https://randomuser.me/api 
 path_url=/api 
 headers={'User-Agent': 'python-requests/2.32.3', 'Accept-Encoding': 'gzip, deflate', 'Accept': '*/*', 'Connection': 'keep-alive'} 
 body=None 
 </msg>
<msg time="2024-05-29T16:18:49.578720" level="INFO">GET Response : url=https://randomuser.me/api 
 status=200, reason=OK 
 headers={'Date': 'Wed, 29 May 2024 16:18:49 GMT', 'Content-Type': 'application/json; charset=utf-8', 'Transfer-Encoding': 'chunked', 'Connection': 'keep-alive', 'X-Powered-By': 'Express', 'Access-Control-Allow-Origin': '*', 'Cache-Control': 'no-cache', 'ETag': 'W/"4a2-MSmoxk7kwfpvFS4JtHMG/YrmwAE"', 'Vary': 'Accept-Encoding', 'Content-Encoding': 'gzip', 'CF-Cache-Status': 'DYNAMIC', 'Report-To': '{"endpoints":[{"url":"https:\\/\\/a.nel.cloudflare.com\\/report\\/v4?s=BAysFibfCP6ee0NjgBOsB%2Bx%2BReUvBhXhm9Ga4IJPezxsxeK5tfTTXT6DbGHgDzkP2Hxq0%2BMrgOMTLcp21WZB2zMKAqwe8opKA9mi2DTO2VaVlnZLSMj7XC1E1zgrrsnV"}],"group":"cf-nel","max_age":604800}', 'NEL': '{"success_fraction":0,"report_to":"cf-nel","max_age":604800}', 'Server': 'cloudflare', 'CF-RAY': '88b7cd733cd20fbc-LAX', 'alt-svc': 'h3=":443"; ma=86400'} 
 body={"results":[{"gender":"female","name":{"title":"Ms","first":"پرنیا","last":"حیدری"},"location":{"street":{"number":3138,"name":"هویزه"},"city":"ساوه","state":"سیستان و بلوچستان","country":"Iran","postcode":56866,"coordinates":{"latitude":"18.1653","longitude":"15.0316"},"timezone":{"offset":"+8:00","description":"Beijing, Perth, Singapore, Hong Kong"}},"email":"prny.hydry@example.com","login":{"uuid":"d2fd5d87-8aa0-4e06-99e5-62539c5288ca","username":"greengorilla217","password":"tanner","salt":"OPa7cALK","md5":"a262236f02078350896abce4f7342ff1","sha1":"1aa9cff2c7d26834032c3a088594c023ac83a040","sha256":"bedb60e7c4b903bc1695118a8b930dc764370e2849eed95d2b89751cb284b41d"},"dob":{"date":"1963-06-12T20:38:28.701Z","age":60},"registered":{"date":"2006-06-25T02:41:33.914Z","age":17},"phone":"073-15576195","cell":"0997-454-5971","id":{"name":"","value":null},"picture":{"large":"https://randomuser.me/api/portraits/women/59.jpg","medium":"https://randomuser.me/api/portraits/med/women/59.jpg","thumbnail":"https://randomuser.me/api/portraits/thumb/women/59.jpg"},"nat":"IR"}],"info":{"seed":"dde52fd81e6f9ab7","results":1,"page":1,"version":"1.4"}} 
 </msg>
<msg time="2024-05-29T16:18:49.578845" level="INFO">/opt/hostedtoolcache/Python/3.12.3/x64/lib/python3.12/site-packages/urllib3/connectionpool.py:1103: InsecureRequestWarning: Unverified HTTPS request is being made to host 'randomuser.me'. Adding certificate verification is strongly advised. See: https://urllib3.readthedocs.io/en/latest/advanced-usage.html#tls-warnings
  warnings.warn(</msg>
<msg time="2024-05-29T16:18:49.578941" level="INFO">${response} = &lt;Response [200]&gt;</msg>
<var>${response}</var>
<arg>consultarAPI</arg>
<arg>/api</arg>
<doc>Sends a GET request on a previously created HTTP Session.</doc>
<status status="PASS" start="2024-05-29T16:18:49.475140" elapsed="0.103841"/>
</kw>
<kw name="Set Variable" owner="BuiltIn">
<msg time="2024-05-29T16:18:49.579848" level="INFO">${json_data} = {'results': [{'gender': 'female', 'name': {'title': 'Ms', 'first': 'پرنیا', 'last': 'حیدری'}, 'location': {'street': {'number': 3138, 'name': 'هویزه'}, 'city': 'ساوه', 'state': 'سیستان و بلوچستان', 'c...</msg>
<var>${json_data}</var>
<arg>${response.json()}</arg>
<doc>Returns the given values which can then be assigned to a variables.</doc>
<status status="PASS" start="2024-05-29T16:18:49.579380" elapsed="0.000498"/>
</kw>
<kw name="Log" owner="BuiltIn">
<msg time="2024-05-29T16:18:49.580356" level="INFO">{'results': [{'gender': 'female', 'name': {'title': 'Ms', 'first': 'پرنیا', 'last': 'حیدری'}, 'location': {'street': {'number': 3138, 'name': 'هویزه'}, 'city': 'ساوه', 'state': 'سیستان و بلوچستان', 'country': 'Iran', 'postcode': 56866, 'coordinates': {'latitude': '18.1653', 'longitude': '15.0316'}, 'timezone': {'offset': '+8:00', 'description': 'Beijing, Perth, Singapore, Hong Kong'}}, 'email': 'prny.hydry@example.com', 'login': {'uuid': 'd2fd5d87-8aa0-4e06-99e5-62539c5288ca', 'username': 'greengorilla217', 'password': 'tanner', 'salt': 'OPa7cALK', 'md5': 'a262236f02078350896abce4f7342ff1', 'sha1': '1aa9cff2c7d26834032c3a088594c023ac83a040', 'sha256': 'bedb60e7c4b903bc1695118a8b930dc764370e2849eed95d2b89751cb284b41d'}, 'dob': {'date': '1963-06-12T20:38:28.701Z', 'age': 60}, 'registered': {'date': '2006-06-25T02:41:33.914Z', 'age': 17}, 'phone': '073-15576195', 'cell': '0997-454-5971', 'id': {'name': '', 'value': None}, 'picture': {'large': 'https://randomuser.me/api/portraits/women/59.jpg', 'medium': 'https://randomuser.me/api/portraits/med/women/59.jpg', 'thumbnail': 'https://randomuser.me/api/portraits/thumb/women/59.jpg'}, 'nat': 'IR'}], 'info': {'seed': 'dde52fd81e6f9ab7', 'results': 1, 'page': 1, 'version': '1.4'}}</msg>
<arg>${json_data}</arg>
<doc>Logs the given message with the given level.</doc>
<status status="PASS" start="2024-05-29T16:18:49.580196" elapsed="0.000210"/>
</kw>
<kw name="Dictionary Should Contain Key" owner="Collections">
<msg time="2024-05-29T16:18:49.580868" level="INFO">False</msg>
<arg>${json_data}</arg>
<arg>results</arg>
<doc>Fails if ``key`` is not found from ``dictionary``.</doc>
<status status="PASS" start="2024-05-29T16:18:49.580716" elapsed="0.000194"/>
</kw>
<kw name="Should Not Be Empty" owner="BuiltIn">
<msg time="2024-05-29T16:18:49.581334" level="INFO">Length is 2.</msg>
<arg>${json_data}</arg>
<doc>Verifies that the given item is not empty.</doc>
<status status="PASS" start="2024-05-29T16:18:49.581203" elapsed="0.000169"/>
</kw>
<kw name="Create List" owner="BuiltIn">
<msg time="2024-05-29T16:18:49.581818" level="INFO">${expected_keys} = ['gender', 'name', 'location', 'email', 'login']</msg>
<var>${expected_keys}</var>
<arg>gender</arg>
<arg>name</arg>
<arg>location</arg>
<arg>email</arg>
<arg>login</arg>
<doc>Returns a list containing given items.</doc>
<status status="PASS" start="2024-05-29T16:18:49.581671" elapsed="0.000171"/>
</kw>
<for flavor="IN">
<iter>
<kw name="Dictionary Should Contain Key" owner="Collections">
<msg time="2024-05-29T16:18:49.582845" level="INFO">False</msg>
<arg>${json_data['results'][0]}</arg>
<arg>${key}</arg>
<doc>Fails if ``key`` is not found from ``dictionary``.</doc>
<status status="PASS" start="2024-05-29T16:18:49.582405" elapsed="0.000485"/>
</kw>
<kw name="Log" owner="BuiltIn">
<msg time="2024-05-29T16:18:49.583564" level="INFO">{'gender': 'female', 'name': {'title': 'Ms', 'first': 'پرنیا', 'last': 'حیدری'}, 'location': {'street': {'number': 3138, 'name': 'هویزه'}, 'city': 'ساوه', 'state': 'سیستان و بلوچستان', 'country': 'Iran', 'postcode': 56866, 'coordinates': {'latitude': '18.1653', 'longitude': '15.0316'}, 'timezone': {'offset': '+8:00', 'description': 'Beijing, Perth, Singapore, Hong Kong'}}, 'email': 'prny.hydry@example.com', 'login': {'uuid': 'd2fd5d87-8aa0-4e06-99e5-62539c5288ca', 'username': 'greengorilla217', 'password': 'tanner', 'salt': 'OPa7cALK', 'md5': 'a262236f02078350896abce4f7342ff1', 'sha1': '1aa9cff2c7d26834032c3a088594c023ac83a040', 'sha256': 'bedb60e7c4b903bc1695118a8b930dc764370e2849eed95d2b89751cb284b41d'}, 'dob': {'date': '1963-06-12T20:38:28.701Z', 'age': 60}, 'registered': {'date': '2006-06-25T02:41:33.914Z', 'age': 17}, 'phone': '073-15576195', 'cell': '0997-454-5971', 'id': {'name': '', 'value': None}, 'picture': {'large': 'https://randomuser.me/api/portraits/women/59.jpg', 'medium': 'https://randomuser.me/api/portraits/med/women/59.jpg', 'thumbnail': 'https://randomuser.me/api/portraits/thumb/women/59.jpg'}, 'nat': 'IR'}</msg>
<arg>${json_data['results'][0]}</arg>
<doc>Logs the given message with the given level.</doc>
<status status="PASS" start="2024-05-29T16:18:49.583192" elapsed="0.000425"/>
</kw>
<kw name="Log" owner="BuiltIn">
<msg time="2024-05-29T16:18:49.584051" level="INFO">gender</msg>
<arg>${key}</arg>
<doc>Logs the given message with the given level.</doc>
<status status="PASS" start="2024-05-29T16:18:49.583921" elapsed="0.000169"/>
</kw>
<var name="${key}">gender</var>
<status status="PASS" start="2024-05-29T16:18:49.582279" elapsed="0.002026"/>
</iter>
<iter>
<kw name="Dictionary Should Contain Key" owner="Collections">
<msg time="2024-05-29T16:18:49.584988" level="INFO">False</msg>
<arg>${json_data['results'][0]}</arg>
<arg>${key}</arg>
<doc>Fails if ``key`` is not found from ``dictionary``.</doc>
<status status="PASS" start="2024-05-29T16:18:49.584606" elapsed="0.000451"/>
</kw>
<kw name="Log" owner="BuiltIn">
<msg time="2024-05-29T16:18:49.585722" level="INFO">{'gender': 'female', 'name': {'title': 'Ms', 'first': 'پرنیا', 'last': 'حیدری'}, 'location': {'street': {'number': 3138, 'name': 'هویزه'}, 'city': 'ساوه', 'state': 'سیستان و بلوچستان', 'country': 'Iran', 'postcode': 56866, 'coordinates': {'latitude': '18.1653', 'longitude': '15.0316'}, 'timezone': {'offset': '+8:00', 'description': 'Beijing, Perth, Singapore, Hong Kong'}}, 'email': 'prny.hydry@example.com', 'login': {'uuid': 'd2fd5d87-8aa0-4e06-99e5-62539c5288ca', 'username': 'greengorilla217', 'password': 'tanner', 'salt': 'OPa7cALK', 'md5': 'a262236f02078350896abce4f7342ff1', 'sha1': '1aa9cff2c7d26834032c3a088594c023ac83a040', 'sha256': 'bedb60e7c4b903bc1695118a8b930dc764370e2849eed95d2b89751cb284b41d'}, 'dob': {'date': '1963-06-12T20:38:28.701Z', 'age': 60}, 'registered': {'date': '2006-06-25T02:41:33.914Z', 'age': 17}, 'phone': '073-15576195', 'cell': '0997-454-5971', 'id': {'name': '', 'value': None}, 'picture': {'large': 'https://randomuser.me/api/portraits/women/59.jpg', 'medium': 'https://randomuser.me/api/portraits/med/women/59.jpg', 'thumbnail': 'https://randomuser.me/api/portraits/thumb/women/59.jpg'}, 'nat': 'IR'}</msg>
<arg>${json_data['results'][0]}</arg>
<doc>Logs the given message with the given level.</doc>
<status status="PASS" start="2024-05-29T16:18:49.585356" elapsed="0.000418"/>
</kw>
<kw name="Log" owner="BuiltIn">
<msg time="2024-05-29T16:18:49.586199" level="INFO">name</msg>
<arg>${key}</arg>
<doc>Logs the given message with the given level.</doc>
<status status="PASS" start="2024-05-29T16:18:49.586071" elapsed="0.000165"/>
</kw>
<var name="${key}">name</var>
<status status="PASS" start="2024-05-29T16:18:49.584491" elapsed="0.001967"/>
</iter>
<iter>
<kw name="Dictionary Should Contain Key" owner="Collections">
<msg time="2024-05-29T16:18:49.587142" level="INFO">False</msg>
<arg>${json_data['results'][0]}</arg>
<arg>${key}</arg>
<doc>Fails if ``key`` is not found from ``dictionary``.</doc>
<status status="PASS" start="2024-05-29T16:18:49.586769" elapsed="0.000410"/>
</kw>
<kw name="Log" owner="BuiltIn">
<msg time="2024-05-29T16:18:49.587854" level="INFO">{'gender': 'female', 'name': {'title': 'Ms', 'first': 'پرنیا', 'last': 'حیدری'}, 'location': {'street': {'number': 3138, 'name': 'هویزه'}, 'city': 'ساوه', 'state': 'سیستان و بلوچستان', 'country': 'Iran', 'postcode': 56866, 'coordinates': {'latitude': '18.1653', 'longitude': '15.0316'}, 'timezone': {'offset': '+8:00', 'description': 'Beijing, Perth, Singapore, Hong Kong'}}, 'email': 'prny.hydry@example.com', 'login': {'uuid': 'd2fd5d87-8aa0-4e06-99e5-62539c5288ca', 'username': 'greengorilla217', 'password': 'tanner', 'salt': 'OPa7cALK', 'md5': 'a262236f02078350896abce4f7342ff1', 'sha1': '1aa9cff2c7d26834032c3a088594c023ac83a040', 'sha256': 'bedb60e7c4b903bc1695118a8b930dc764370e2849eed95d2b89751cb284b41d'}, 'dob': {'date': '1963-06-12T20:38:28.701Z', 'age': 60}, 'registered': {'date': '2006-06-25T02:41:33.914Z', 'age': 17}, 'phone': '073-15576195', 'cell': '0997-454-5971', 'id': {'name': '', 'value': None}, 'picture': {'large': 'https://randomuser.me/api/portraits/women/59.jpg', 'medium': 'https://randomuser.me/api/portraits/med/women/59.jpg', 'thumbnail': 'https://randomuser.me/api/portraits/thumb/women/59.jpg'}, 'nat': 'IR'}</msg>
<arg>${json_data['results'][0]}</arg>
<doc>Logs the given message with the given level.</doc>
<status status="PASS" start="2024-05-29T16:18:49.587485" elapsed="0.000421"/>
</kw>
<kw name="Log" owner="BuiltIn">
<msg time="2024-05-29T16:18:49.588335" level="INFO">location</msg>
<arg>${key}</arg>
<doc>Logs the given message with the given level.</doc>
<status status="PASS" start="2024-05-29T16:18:49.588208" elapsed="0.000165"/>
</kw>
<var name="${key}">location</var>
<status status="PASS" start="2024-05-29T16:18:49.586653" elapsed="0.001933"/>
</iter>
<iter>
<kw name="Dictionary Should Contain Key" owner="Collections">
<msg time="2024-05-29T16:18:49.589350" level="INFO">False</msg>
<arg>${json_data['results'][0]}</arg>
<arg>${key}</arg>
<doc>Fails if ``key`` is not found from ``dictionary``.</doc>
<status status="PASS" start="2024-05-29T16:18:49.588867" elapsed="0.000521"/>
</kw>
<kw name="Log" owner="BuiltIn">
<msg time="2024-05-29T16:18:49.590050" level="INFO">{'gender': 'female', 'name': {'title': 'Ms', 'first': 'پرنیا', 'last': 'حیدری'}, 'location': {'street': {'number': 3138, 'name': 'هویزه'}, 'city': 'ساوه', 'state': 'سیستان و بلوچستان', 'country': 'Iran', 'postcode': 56866, 'coordinates': {'latitude': '18.1653', 'longitude': '15.0316'}, 'timezone': {'offset': '+8:00', 'description': 'Beijing, Perth, Singapore, Hong Kong'}}, 'email': 'prny.hydry@example.com', 'login': {'uuid': 'd2fd5d87-8aa0-4e06-99e5-62539c5288ca', 'username': 'greengorilla217', 'password': 'tanner', 'salt': 'OPa7cALK', 'md5': 'a262236f02078350896abce4f7342ff1', 'sha1': '1aa9cff2c7d26834032c3a088594c023ac83a040', 'sha256': 'bedb60e7c4b903bc1695118a8b930dc764370e2849eed95d2b89751cb284b41d'}, 'dob': {'date': '1963-06-12T20:38:28.701Z', 'age': 60}, 'registered': {'date': '2006-06-25T02:41:33.914Z', 'age': 17}, 'phone': '073-15576195', 'cell': '0997-454-5971', 'id': {'name': '', 'value': None}, 'picture': {'large': 'https://randomuser.me/api/portraits/women/59.jpg', 'medium': 'https://randomuser.me/api/portraits/med/women/59.jpg', 'thumbnail': 'https://randomuser.me/api/portraits/thumb/women/59.jpg'}, 'nat': 'IR'}</msg>
<arg>${json_data['results'][0]}</arg>
<doc>Logs the given message with the given level.</doc>
<status status="PASS" start="2024-05-29T16:18:49.589688" elapsed="0.000414"/>
</kw>
<kw name="Log" owner="BuiltIn">
<msg time="2024-05-29T16:18:49.590526" level="INFO">email</msg>
<arg>${key}</arg>
<doc>Logs the given message with the given level.</doc>
<status status="PASS" start="2024-05-29T16:18:49.590398" elapsed="0.000165"/>
</kw>
<var name="${key}">email</var>
<status status="PASS" start="2024-05-29T16:18:49.588757" elapsed="0.002049"/>
</iter>
<iter>
<kw name="Dictionary Should Contain Key" owner="Collections">
<msg time="2024-05-29T16:18:49.591479" level="INFO">False</msg>
<arg>${json_data['results'][0]}</arg>
<arg>${key}</arg>
<doc>Fails if ``key`` is not found from ``dictionary``.</doc>
<status status="PASS" start="2024-05-29T16:18:49.591092" elapsed="0.000424"/>
</kw>
<kw name="Log" owner="BuiltIn">
<msg time="2024-05-29T16:18:49.592163" level="INFO">{'gender': 'female', 'name': {'title': 'Ms', 'first': 'پرنیا', 'last': 'حیدری'}, 'location': {'street': {'number': 3138, 'name': 'هویزه'}, 'city': 'ساوه', 'state': 'سیستان و بلوچستان', 'country': 'Iran', 'postcode': 56866, 'coordinates': {'latitude': '18.1653', 'longitude': '15.0316'}, 'timezone': {'offset': '+8:00', 'description': 'Beijing, Perth, Singapore, Hong Kong'}}, 'email': 'prny.hydry@example.com', 'login': {'uuid': 'd2fd5d87-8aa0-4e06-99e5-62539c5288ca', 'username': 'greengorilla217', 'password': 'tanner', 'salt': 'OPa7cALK', 'md5': 'a262236f02078350896abce4f7342ff1', 'sha1': '1aa9cff2c7d26834032c3a088594c023ac83a040', 'sha256': 'bedb60e7c4b903bc1695118a8b930dc764370e2849eed95d2b89751cb284b41d'}, 'dob': {'date': '1963-06-12T20:38:28.701Z', 'age': 60}, 'registered': {'date': '2006-06-25T02:41:33.914Z', 'age': 17}, 'phone': '073-15576195', 'cell': '0997-454-5971', 'id': {'name': '', 'value': None}, 'picture': {'large': 'https://randomuser.me/api/portraits/women/59.jpg', 'medium': 'https://randomuser.me/api/portraits/med/women/59.jpg', 'thumbnail': 'https://randomuser.me/api/portraits/thumb/women/59.jpg'}, 'nat': 'IR'}</msg>
<arg>${json_data['results'][0]}</arg>
<doc>Logs the given message with the given level.</doc>
<status status="PASS" start="2024-05-29T16:18:49.591808" elapsed="0.000405"/>
</kw>
<kw name="Log" owner="BuiltIn">
<msg time="2024-05-29T16:18:49.592639" level="INFO">login</msg>
<arg>${key}</arg>
<doc>Logs the given message with the given level.</doc>
<status status="PASS" start="2024-05-29T16:18:49.592511" elapsed="0.000198"/>
</kw>
<var name="${key}">login</var>
<status status="PASS" start="2024-05-29T16:18:49.590980" elapsed="0.001951"/>
</iter>
<var>${key}</var>
<value>@{expected_keys}</value>
<status status="PASS" start="2024-05-29T16:18:49.582097" elapsed="0.010955"/>
</for>
<kw name="Create List" owner="BuiltIn">
<msg time="2024-05-29T16:18:49.593399" level="INFO">${expected_keysTwo} = ['username', 'password']</msg>
<var>${expected_keysTwo}</var>
<arg>username</arg>
<arg>password</arg>
<doc>Returns a list containing given items.</doc>
<status status="PASS" start="2024-05-29T16:18:49.593253" elapsed="0.000170"/>
</kw>
<for flavor="IN">
<iter>
<kw name="Dictionary Should Contain Key" owner="Collections">
<msg time="2024-05-29T16:18:49.594334" level="INFO">False</msg>
<arg>${json_data['results'][0]['login']}</arg>
<arg>${keyTwo}</arg>
<doc>Fails if ``key`` is not found from ``dictionary``.</doc>
<status status="PASS" start="2024-05-29T16:18:49.593946" elapsed="0.000425"/>
</kw>
<kw name="Dictionary Should Contain Key" owner="Collections">
<msg time="2024-05-29T16:18:49.595061" level="INFO">False</msg>
<arg>${json_data['results'][0]['login']}</arg>
<arg>${keyTwo}</arg>
<doc>Fails if ``key`` is not found from ``dictionary``.</doc>
<status status="PASS" start="2024-05-29T16:18:49.594683" elapsed="0.000416"/>
</kw>
<kw name="Log" owner="BuiltIn">
<msg time="2024-05-29T16:18:49.595515" level="INFO">username</msg>
<arg>${keyTwo}</arg>
<doc>Logs the given message with the given level.</doc>
<status status="PASS" start="2024-05-29T16:18:49.595389" elapsed="0.000162"/>
</kw>
<var name="${keyTwo}">username</var>
<status status="PASS" start="2024-05-29T16:18:49.593828" elapsed="0.001937"/>
</iter>
<iter>
<kw name="Dictionary Should Contain Key" owner="Collections">
<msg time="2024-05-29T16:18:49.596432" level="INFO">False</msg>
<arg>${json_data['results'][0]['login']}</arg>
<arg>${keyTwo}</arg>
<doc>Fails if ``key`` is not found from ``dictionary``.</doc>
<status status="PASS" start="2024-05-29T16:18:49.596047" elapsed="0.000422"/>
</kw>
<kw name="Dictionary Should Contain Key" owner="Collections">
<msg time="2024-05-29T16:18:49.597136" level="INFO">False</msg>
<arg>${json_data['results'][0]['login']}</arg>
<arg>${keyTwo}</arg>
<doc>Fails if ``key`` is not found from ``dictionary``.</doc>
<status status="PASS" start="2024-05-29T16:18:49.596760" elapsed="0.000413"/>
</kw>
<kw name="Log" owner="BuiltIn">
<msg time="2024-05-29T16:18:49.597593" level="INFO">password</msg>
<arg>${keyTwo}</arg>
<doc>Logs the given message with the given level.</doc>
<status status="PASS" start="2024-05-29T16:18:49.597466" elapsed="0.000164"/>
</kw>
<var name="${keyTwo}">password</var>
<status status="PASS" start="2024-05-29T16:18:49.595938" elapsed="0.001906"/>
</iter>
<var>${keyTwo}</var>
<value>@{expected_keysTwo}</value>
<status status="PASS" start="2024-05-29T16:18:49.593678" elapsed="0.004285"/>
</for>
<status status="PASS" start="2024-05-29T16:18:49.474885" elapsed="0.123215"/>
</kw>
<doc>Testa a estrutura da resposta da API.</doc>
<tag>testeEstruturaResposta</tag>
<status status="PASS" start="2024-05-29T16:18:49.474269" elapsed="0.123981"/>
</test>
<test id="s1-s1-t4" name="Validar tipos de dados" line="28">
<kw name="Teste de Tipos de Dados" owner="random-user-service">
<kw name="GET On Session" owner="RequestsLibrary">
<msg time="2024-05-29T16:18:49.702419" level="INFO">GET Request : url=https://randomuser.me/api 
 path_url=/api 
 headers={'User-Agent': 'python-requests/2.32.3', 'Accept-Encoding': 'gzip, deflate', 'Accept': '*/*', 'Connection': 'keep-alive'} 
 body=None 
 </msg>
<msg time="2024-05-29T16:18:49.702484" level="INFO">GET Response : url=https://randomuser.me/api 
 status=200, reason=OK 
 headers={'Date': 'Wed, 29 May 2024 16:18:49 GMT', 'Content-Type': 'application/json; charset=utf-8', 'Transfer-Encoding': 'chunked', 'Connection': 'keep-alive', 'X-Powered-By': 'Express', 'Access-Control-Allow-Origin': '*', 'Cache-Control': 'no-cache', 'ETag': 'W/"495-5xcibYDDIXEkb8eFTA0v8B1Ut0E"', 'Vary': 'Accept-Encoding', 'Content-Encoding': 'gzip', 'CF-Cache-Status': 'DYNAMIC', 'Report-To': '{"endpoints":[{"url":"https:\\/\\/a.nel.cloudflare.com\\/report\\/v4?s=6VkkHbyX%2BM8v8CQG46%2Bl4v3E9sjl7lJDcpwc0WhpEdDJFDXvxWQNYH2xNIN2U84F8gaG%2FgfXQY0aN0NHgKsik4FtIQ7WMe8XjPW6qzyFvHLHLAF7Dl0N4wdVIqhUHQzp"}],"group":"cf-nel","max_age":604800}', 'NEL': '{"success_fraction":0,"report_to":"cf-nel","max_age":604800}', 'Server': 'cloudflare', 'CF-RAY': '88b7cd740e390fbc-LAX', 'alt-svc': 'h3=":443"; ma=86400'} 
 body={"results":[{"gender":"female","name":{"title":"Mrs","first":"Hayley","last":"Hughes"},"location":{"street":{"number":6125,"name":"Tamaki Drive"},"city":"Lower Hutt","state":"Canterbury","country":"New Zealand","postcode":13940,"coordinates":{"latitude":"47.3469","longitude":"130.6122"},"timezone":{"offset":"+3:00","description":"Baghdad, Riyadh, Moscow, St. Petersburg"}},"email":"hayley.hughes@example.com","login":{"uuid":"54689d62-0265-4dd3-bcd5-207f2ea923c1","username":"goldencat129","password":"skirt","salt":"jyvZ2mnX","md5":"1d7ff1c650481b485afad0ca654946a9","sha1":"9140b369e8e536962de7dbba934490da08358478","sha256":"b243957dfea6e27bcb95c61e38ade2c75ce406b1d3e37799019ac75a67374de5"},"dob":{"date":"1971-11-27T17:38:51.484Z","age":52},"registered":{"date":"2021-08-01T22:03:20.430Z","age":2},"phone":"(966)-128-1618","cell":"(226)-125-2410","id":{"name":"","value":null},"picture":{"large":"https://randomuser.me/api/portraits/women/16.jpg","medium":"https://randomuser.me/api/portraits/med/women/16.jpg","thumbnail":"https://randomuser.me/api/portraits/thumb/women/16.jpg"},"nat":"NZ"}],"info":{"seed":"0e27ae1f2df1baa8","results":1,"page":1,"version":"1.4"}} 
 </msg>
<msg time="2024-05-29T16:18:49.702540" level="INFO">/opt/hostedtoolcache/Python/3.12.3/x64/lib/python3.12/site-packages/urllib3/connectionpool.py:1103: InsecureRequestWarning: Unverified HTTPS request is being made to host 'randomuser.me'. Adding certificate verification is strongly advised. See: https://urllib3.readthedocs.io/en/latest/advanced-usage.html#tls-warnings
  warnings.warn(</msg>
<msg time="2024-05-29T16:18:49.702627" level="INFO">${response} = &lt;Response [200]&gt;</msg>
<var>${response}</var>
<arg>consultarAPI</arg>
<arg>/api</arg>
<doc>Sends a GET request on a previously created HTTP Session.</doc>
<status status="PASS" start="2024-05-29T16:18:49.600793" elapsed="0.101897"/>
</kw>
<kw name="Set Variable" owner="BuiltIn">
<msg time="2024-05-29T16:18:49.703727" level="INFO">${json_data} = {'results': [{'gender': 'female', 'name': {'title': 'Mrs', 'first': 'Hayley', 'last': 'Hughes'}, 'location': {'street': {'number': 6125, 'name': 'Tamaki Drive'}, 'city': 'Lower Hutt', 'state': 'Canter...</msg>
<var>${json_data}</var>
<arg>${response.json()}</arg>
<doc>Returns the given values which can then be assigned to a variables.</doc>
<status status="PASS" start="2024-05-29T16:18:49.703158" elapsed="0.000600"/>
</kw>
<kw name="Log" owner="BuiltIn">
<msg time="2024-05-29T16:18:49.704222" level="INFO">{'results': [{'gender': 'female', 'name': {'title': 'Mrs', 'first': 'Hayley', 'last': 'Hughes'}, 'location': {'street': {'number': 6125, 'name': 'Tamaki Drive'}, 'city': 'Lower Hutt', 'state': 'Canterbury', 'country': 'New Zealand', 'postcode': 13940, 'coordinates': {'latitude': '47.3469', 'longitude': '130.6122'}, 'timezone': {'offset': '+3:00', 'description': 'Baghdad, Riyadh, Moscow, St. Petersburg'}}, 'email': 'hayley.hughes@example.com', 'login': {'uuid': '54689d62-0265-4dd3-bcd5-207f2ea923c1', 'username': 'goldencat129', 'password': 'skirt', 'salt': 'jyvZ2mnX', 'md5': '1d7ff1c650481b485afad0ca654946a9', 'sha1': '9140b369e8e536962de7dbba934490da08358478', 'sha256': 'b243957dfea6e27bcb95c61e38ade2c75ce406b1d3e37799019ac75a67374de5'}, 'dob': {'date': '1971-11-27T17:38:51.484Z', 'age': 52}, 'registered': {'date': '2021-08-01T22:03:20.430Z', 'age': 2}, 'phone': '(966)-128-1618', 'cell': '(226)-125-2410', 'id': {'name': '', 'value': None}, 'picture': {'large': 'https://randomuser.me/api/portraits/women/16.jpg', 'medium': 'https://randomuser.me/api/portraits/med/women/16.jpg', 'thumbnail': 'https://randomuser.me/api/portraits/thumb/women/16.jpg'}, 'nat': 'NZ'}], 'info': {'seed': '0e27ae1f2df1baa8', 'results': 1, 'page': 1, 'version': '1.4'}}</msg>
<arg>${json_data}</arg>
<doc>Logs the given message with the given level.</doc>
<status status="PASS" start="2024-05-29T16:18:49.704067" elapsed="0.000238"/>
</kw>
<kw name="Should Be String" owner="String">
<arg>${json_data['results'][0]['gender']}</arg>
<doc>Fails if the given ``item`` is not a string.</doc>
<status status="PASS" start="2024-05-29T16:18:49.704609" elapsed="0.000367"/>
</kw>
<kw name="Should Match Regexp" owner="BuiltIn">
<arg>${json_data['results'][0]['email']}</arg>
<arg>^[a-zA-Z0-9._%+-]+@[a-zA-Z0-9.-]+\.[a-zA-Z]{2,}$</arg>
<doc>Fails if ``string`` does not match ``pattern`` as a regular expression.</doc>
<status status="PASS" start="2024-05-29T16:18:49.705167" elapsed="0.000646"/>
</kw>
<kw name="Should Match Regexp" owner="BuiltIn">
<arg>${json_data['results'][0]['dob']['date']}</arg>
<arg>\\d{4}-\\d{2}-\\d{2}T\\d{2}:\\d{2}:\\d{2}\\.\\d{3}Z</arg>
<doc>Fails if ``string`` does not match ``pattern`` as a regular expression.</doc>
<status status="PASS" start="2024-05-29T16:18:49.706014" elapsed="0.000481"/>
</kw>
<kw name="Should Match Regexp" owner="BuiltIn">
<arg>${json_data['results'][0]['registered']['date']}</arg>
<arg>\\d{4}-\\d{2}-\\d{2}T\\d{2}:\\d{2}:\\d{2}\\.\\d{3}Z</arg>
<doc>Fails if ``string`` does not match ``pattern`` as a regular expression.</doc>
<status status="PASS" start="2024-05-29T16:18:49.706725" elapsed="0.000385"/>
</kw>
<kw name="Should Match Regexp" owner="BuiltIn">
<arg>${json_data['results'][0]['picture']['large']}</arg>
<arg>^https?://.*\.(?:png|jpe?g|gif|bmp)$</arg>
<doc>Fails if ``string`` does not match ``pattern`` as a regular expression.</doc>
<status status="PASS" start="2024-05-29T16:18:49.707299" elapsed="0.000464"/>
</kw>
<kw name="Should Match Regexp" owner="BuiltIn">
<arg>${json_data['results'][0]['picture']['medium']}</arg>
<arg>^https?://.*\.(?:png|jpe?g|gif|bmp)$</arg>
<doc>Fails if ``string`` does not match ``pattern`` as a regular expression.</doc>
<status status="PASS" start="2024-05-29T16:18:49.707955" elapsed="0.000355"/>
</kw>
<kw name="Should Match Regexp" owner="BuiltIn">
<arg>${json_data['results'][0]['picture']['thumbnail']}</arg>
<arg>^https?://.*\.(?:png|jpe?g|gif|bmp)$</arg>
<doc>Fails if ``string`` does not match ``pattern`` as a regular expression.</doc>
<status status="PASS" start="2024-05-29T16:18:49.708497" elapsed="0.000345"/>
</kw>
<kw name="Log" owner="BuiltIn">
<msg time="2024-05-29T16:18:49.709353" level="INFO">{'large': 'https://randomuser.me/api/portraits/women/16.jpg', 'medium': 'https://randomuser.me/api/portraits/med/women/16.jpg', 'thumbnail': 'https://randomuser.me/api/portraits/thumb/women/16.jpg'}</msg>
<arg>${json_data['results'][0]['picture']}</arg>
<doc>Logs the given message with the given level.</doc>
<status status="PASS" start="2024-05-29T16:18:49.709025" elapsed="0.000370"/>
</kw>
<status status="PASS" start="2024-05-29T16:18:49.600566" elapsed="0.109084"/>
</kw>
<kw name="Teste de Tipos de Dados - Postcode" owner="random-user-service">
<kw name="GET On Session" owner="RequestsLibrary">
<msg time="2024-05-29T16:18:49.813844" level="INFO">GET Request : url=https://randomuser.me/api 
 path_url=/api 
 headers={'User-Agent': 'python-requests/2.32.3', 'Accept-Encoding': 'gzip, deflate', 'Accept': '*/*', 'Connection': 'keep-alive'} 
 body=None 
 </msg>
<msg time="2024-05-29T16:18:49.813927" level="INFO">GET Response : url=https://randomuser.me/api 
 status=200, reason=OK 
 headers={'Date': 'Wed, 29 May 2024 16:18:49 GMT', 'Content-Type': 'application/json; charset=utf-8', 'Transfer-Encoding': 'chunked', 'Connection': 'keep-alive', 'X-Powered-By': 'Express', 'Access-Control-Allow-Origin': '*', 'Cache-Control': 'no-cache', 'ETag': 'W/"491-AaO7kTVg1G5la4noGTBljrOaM7E"', 'Vary': 'Accept-Encoding', 'Content-Encoding': 'gzip', 'CF-Cache-Status': 'DYNAMIC', 'Report-To': '{"endpoints":[{"url":"https:\\/\\/a.nel.cloudflare.com\\/report\\/v4?s=nH4a%2FtAL97v5I84NPoiI5tDx9D6r74wBXMdvLVeURPNxrysDgZrGg1sPZreDsdjmlGFlvNAjFGqDHOGlthUZlyBpfrqYNFneJO02et2dkwf4gKPIPO%2B725hdh9ieXLq2"}],"group":"cf-nel","max_age":604800}', 'NEL': '{"success_fraction":0,"report_to":"cf-nel","max_age":604800}', 'Server': 'cloudflare', 'CF-RAY': '88b7cd74bf450fbc-LAX', 'alt-svc': 'h3=":443"; ma=86400'} 
 body={"results":[{"gender":"female","name":{"title":"Mrs","first":"Ava","last":"Gomez"},"location":{"street":{"number":3698,"name":"Adams St"},"city":"Perth","state":"Northern Territory","country":"Australia","postcode":1893,"coordinates":{"latitude":"-84.5503","longitude":"10.8185"},"timezone":{"offset":"+8:00","description":"Beijing, Perth, Singapore, Hong Kong"}},"email":"ava.gomez@example.com","login":{"uuid":"158d50a5-3dc6-4001-88a6-0d452241c67b","username":"happybear865","password":"passwords","salt":"1VybbhtF","md5":"7f624390f69cd0f1d40cba2d16d2e3e5","sha1":"263fc569a7f6db5732448316a20b26c4eacb71a8","sha256":"221352a6fb6cecf621b1bebffece09dbbdfcf035a9f407c62198d42dfe5365d5"},"dob":{"date":"1959-08-08T18:05:26.513Z","age":64},"registered":{"date":"2009-01-02T09:45:43.137Z","age":15},"phone":"01-2074-4744","cell":"0415-333-492","id":{"name":"TFN","value":"539516388"},"picture":{"large":"https://randomuser.me/api/portraits/women/13.jpg","medium":"https://randomuser.me/api/portraits/med/women/13.jpg","thumbnail":"https://randomuser.me/api/portraits/thumb/women/13.jpg"},"nat":"AU"}],"info":{"seed":"cb13a79351c1c971","results":1,"page":1,"version":"1.4"}} 
 </msg>
<msg time="2024-05-29T16:18:49.813998" level="INFO">/opt/hostedtoolcache/Python/3.12.3/x64/lib/python3.12/site-packages/urllib3/connectionpool.py:1103: InsecureRequestWarning: Unverified HTTPS request is being made to host 'randomuser.me'. Adding certificate verification is strongly advised. See: https://urllib3.readthedocs.io/en/latest/advanced-usage.html#tls-warnings
  warnings.warn(</msg>
<msg time="2024-05-29T16:18:49.814111" level="INFO">${response} = &lt;Response [200]&gt;</msg>
<var>${response}</var>
<arg>consultarAPI</arg>
<arg>/api</arg>
<doc>Sends a GET request on a previously created HTTP Session.</doc>
<status status="PASS" start="2024-05-29T16:18:49.710083" elapsed="0.104068"/>
</kw>
<kw name="Set Variable" owner="BuiltIn">
<msg time="2024-05-29T16:18:49.815050" level="INFO">${json_data} = {'results': [{'gender': 'female', 'name': {'title': 'Mrs', 'first': 'Ava', 'last': 'Gomez'}, 'location': {'street': {'number': 3698, 'name': 'Adams St'}, 'city': 'Perth', 'state': 'Northern Territory'...</msg>
<var>${json_data}</var>
<arg>${response.json()}</arg>
<doc>Returns the given values which can then be assigned to a variables.</doc>
<status status="PASS" start="2024-05-29T16:18:49.814562" elapsed="0.000516"/>
</kw>
<kw name="Log" owner="BuiltIn">
<msg time="2024-05-29T16:18:49.815544" level="INFO">{'results': [{'gender': 'female', 'name': {'title': 'Mrs', 'first': 'Ava', 'last': 'Gomez'}, 'location': {'street': {'number': 3698, 'name': 'Adams St'}, 'city': 'Perth', 'state': 'Northern Territory', 'country': 'Australia', 'postcode': 1893, 'coordinates': {'latitude': '-84.5503', 'longitude': '10.8185'}, 'timezone': {'offset': '+8:00', 'description': 'Beijing, Perth, Singapore, Hong Kong'}}, 'email': 'ava.gomez@example.com', 'login': {'uuid': '158d50a5-3dc6-4001-88a6-0d452241c67b', 'username': 'happybear865', 'password': 'passwords', 'salt': '1VybbhtF', 'md5': '7f624390f69cd0f1d40cba2d16d2e3e5', 'sha1': '263fc569a7f6db5732448316a20b26c4eacb71a8', 'sha256': '221352a6fb6cecf621b1bebffece09dbbdfcf035a9f407c62198d42dfe5365d5'}, 'dob': {'date': '1959-08-08T18:05:26.513Z', 'age': 64}, 'registered': {'date': '2009-01-02T09:45:43.137Z', 'age': 15}, 'phone': '01-2074-4744', 'cell': '0415-333-492', 'id': {'name': 'TFN', 'value': '539516388'}, 'picture': {'large': 'https://randomuser.me/api/portraits/women/13.jpg', 'medium': 'https://randomuser.me/api/portraits/med/women/13.jpg', 'thumbnail': 'https://randomuser.me/api/portraits/thumb/women/13.jpg'}, 'nat': 'AU'}], 'info': {'seed': 'cb13a79351c1c971', 'results': 1, 'page': 1, 'version': '1.4'}}</msg>
<arg>${json_data}</arg>
<doc>Logs the given message with the given level.</doc>
<status status="PASS" start="2024-05-29T16:18:49.815391" elapsed="0.000230"/>
</kw>
<kw name="Should Be Equal As Numbers" owner="BuiltIn">
<arg>${json_data['results'][0]['location']['postcode']}</arg>
<arg>${json_data['results'][0]['location']['postcode']}</arg>
<doc>Fails if objects are unequal after converting them to real numbers.</doc>
<status status="PASS" start="2024-05-29T16:18:49.815919" elapsed="0.000613"/>
</kw>
<kw name="Log" owner="BuiltIn">
<msg time="2024-05-29T16:18:49.817052" level="INFO">1893</msg>
<arg>${json_data['results'][0]['location']['postcode']}</arg>
<doc>Logs the given message with the given level.</doc>
<status status="PASS" start="2024-05-29T16:18:49.816723" elapsed="0.000369"/>
</kw>
<status status="PASS" start="2024-05-29T16:18:49.709863" elapsed="0.107476"/>
</kw>
<doc>Testa se os tipos de dados na resposta da API estão corretos.</doc>
<tag>testeTiposDados</tag>
<status status="PASS" start="2024-05-29T16:18:49.600039" elapsed="0.217458"/>
</test>
<test id="s1-s1-t5" name="Validar conteudo" line="35">
<kw name="Teste de Tipos de Conteudo" owner="random-user-service">
<kw name="GET On Session" owner="RequestsLibrary">
<msg time="2024-05-29T16:18:49.927264" level="INFO">GET Request : url=https://randomuser.me/api 
 path_url=/api 
 headers={'User-Agent': 'python-requests/2.32.3', 'Accept-Encoding': 'gzip, deflate', 'Accept': '*/*', 'Connection': 'keep-alive'} 
 body=None 
 </msg>
<msg time="2024-05-29T16:18:49.927351" level="INFO">GET Response : url=https://randomuser.me/api 
 status=200, reason=OK 
 headers={'Date': 'Wed, 29 May 2024 16:18:49 GMT', 'Content-Type': 'application/json; charset=utf-8', 'Transfer-Encoding': 'chunked', 'Connection': 'keep-alive', 'X-Powered-By': 'Express', 'Access-Control-Allow-Origin': '*', 'Cache-Control': 'no-cache', 'ETag': 'W/"492-ByQLE0LSd3dloCRqKP+zXgWf9O4"', 'Vary': 'Accept-Encoding', 'Content-Encoding': 'gzip', 'CF-Cache-Status': 'DYNAMIC', 'Report-To': '{"endpoints":[{"url":"https:\\/\\/a.nel.cloudflare.com\\/report\\/v4?s=RGCAZLqFYxCsqBqPL5y%2BfhP%2F1MLQgPfTZU5wCmYk7IlAgQb%2BxZEsPpb8GGk6l8CpnU3A0uXfAgh1Edf9UAVg1U23uU8BDcWrmKPcohpdPHvi2am%2FtV81flKD7i4MHZuT"}],"group":"cf-nel","max_age":604800}', 'NEL': '{"success_fraction":0,"report_to":"cf-nel","max_age":604800}', 'Server': 'cloudflare', 'CF-RAY': '88b7cd7568570fbc-LAX', 'alt-svc': 'h3=":443"; ma=86400'} 
 body={"results":[{"gender":"female","name":{"title":"Miss","first":"Antonija","last":"Rodić"},"location":{"street":{"number":7131,"name":"Omladinska"},"city":"Bujanovac","state":"Pirot","country":"Serbia","postcode":44635,"coordinates":{"latitude":"56.3046","longitude":"171.0294"},"timezone":{"offset":"-5:00","description":"Eastern Time (US &amp; Canada), Bogota, Lima"}},"email":"antonija.rodic@example.com","login":{"uuid":"1a34b928-6c59-40f2-9eb0-8fa01f364d74","username":"angrylion957","password":"public","salt":"WwMd0iK6","md5":"0c558bb480347d4613e9e114f56cd8cc","sha1":"93e5c8c3474ff48abb28d4015e853dee6a163eff","sha256":"eae9fb54a7edd329961958f02bf5cd8984818e26c92274fbaaa5564db14101d1"},"dob":{"date":"1981-02-05T22:21:10.381Z","age":43},"registered":{"date":"2003-05-02T21:38:46.067Z","age":21},"phone":"032-3284-240","cell":"063-4634-831","id":{"name":"SID","value":"970510899"},"picture":{"large":"https://randomuser.me/api/portraits/women/6.jpg","medium":"https://randomuser.me/api/portraits/med/women/6.jpg","thumbnail":"https://randomuser.me/api/portraits/thumb/women/6.jpg"},"nat":"RS"}],"info":{"seed":"1ae105fd49bceef4","results":1,"page":1,"version":"1.4"}} 
 </msg>
<msg time="2024-05-29T16:18:49.927432" level="INFO">/opt/hostedtoolcache/Python/3.12.3/x64/lib/python3.12/site-packages/urllib3/connectionpool.py:1103: InsecureRequestWarning: Unverified HTTPS request is being made to host 'randomuser.me'. Adding certificate verification is strongly advised. See: https://urllib3.readthedocs.io/en/latest/advanced-usage.html#tls-warnings
  warnings.warn(</msg>
<msg time="2024-05-29T16:18:49.927528" level="INFO">${response} = &lt;Response [200]&gt;</msg>
<var>${response}</var>
<arg>consultarAPI</arg>
<arg>/api</arg>
<doc>Sends a GET request on a previously created HTTP Session.</doc>
<status status="PASS" start="2024-05-29T16:18:49.819871" elapsed="0.107682"/>
</kw>
<kw name="Set Variable" owner="BuiltIn">
<msg time="2024-05-29T16:18:49.928388" level="INFO">${json_data} = {'results': [{'gender': 'female', 'name': {'title': 'Miss', 'first': 'Antonija', 'last': 'Rodić'}, 'location': {'street': {'number': 7131, 'name': 'Omladinska'}, 'city': 'Bujanovac', 'state': 'Pirot',...</msg>
<var>${json_data}</var>
<arg>${response.json()}</arg>
<doc>Returns the given values which can then be assigned to a variables.</doc>
<status status="PASS" start="2024-05-29T16:18:49.927940" elapsed="0.000478"/>
</kw>
<kw name="Set Variable" owner="BuiltIn">
<msg time="2024-05-29T16:18:49.929094" level="INFO">${name_title} = Miss</msg>
<var>${name_title}</var>
<arg>${json_data["results"][0]["name"]["title"]}</arg>
<doc>Returns the given values which can then be assigned to a variables.</doc>
<status status="PASS" start="2024-05-29T16:18:49.928720" elapsed="0.000399"/>
</kw>
<kw name="Create List" owner="BuiltIn">
<msg time="2024-05-29T16:18:49.929556" level="INFO">${allowed_titles} = ['Mr', 'Ms', 'Miss', 'Mrs', 'Madame', 'Monsieur']</msg>
<var>${allowed_titles}</var>
<arg>Mr</arg>
<arg>Ms</arg>
<arg>Miss</arg>
<arg>Mrs</arg>
<arg>Madame</arg>
<arg>Monsieur</arg>
<doc>Returns a list containing given items.</doc>
<status status="PASS" start="2024-05-29T16:18:49.929409" elapsed="0.000172"/>
</kw>
<kw name="List Should Contain Value" owner="Collections">
<msg time="2024-05-29T16:18:49.930048" level="INFO">False</msg>
<arg>${allowed_titles}</arg>
<arg>${name_title}</arg>
<doc>Fails if the ``value`` is not found from ``list``.</doc>
<status status="PASS" start="2024-05-29T16:18:49.929878" elapsed="0.000207"/>
</kw>
<kw name="Set Variable" owner="BuiltIn">
<msg time="2024-05-29T16:18:49.930928" level="INFO">${name_country} = RS</msg>
<var>${name_country}</var>
<arg>${json_data["results"][0]["nat"]}</arg>
<doc>Returns the given values which can then be assigned to a variables.</doc>
<status status="PASS" start="2024-05-29T16:18:49.930377" elapsed="0.000577"/>
</kw>
<kw name="Create List" owner="BuiltIn">
<msg time="2024-05-29T16:18:49.931853" level="INFO">${list_country} = ['AD', 'AE', 'AF', 'AG', 'AI', 'AL', 'AM', 'AO', 'AQ', 'AR', 'AS', 'AT', 'AU', 'AW', 'AX', 'AZ', 'BA', 'BB', 'BD', 'BE', 'BF', 'BG', 'BH', 'BI', 'BJ', 'BL', 'BM', 'BN', 'BO', 'BQ', 'BR', 'BS', 'BT', '...</msg>
<var>${list_country}</var>
<arg>AD</arg>
<arg>AE</arg>
<arg>AF</arg>
<arg>AG</arg>
<arg>AI</arg>
<arg>AL</arg>
<arg>AM</arg>
<arg>AO</arg>
<arg>AQ</arg>
<arg>AR</arg>
<arg>AS</arg>
<arg>AT</arg>
<arg>AU</arg>
<arg>AW</arg>
<arg>AX</arg>
<arg>AZ</arg>
<arg>BA</arg>
<arg>BB</arg>
<arg>BD</arg>
<arg>BE</arg>
<arg>BF</arg>
<arg>BG</arg>
<arg>BH</arg>
<arg>BI</arg>
<arg>BJ</arg>
<arg>BL</arg>
<arg>BM</arg>
<arg>BN</arg>
<arg>BO</arg>
<arg>BQ</arg>
<arg>BR</arg>
<arg>BS</arg>
<arg>BT</arg>
<arg>BV</arg>
<arg>BW</arg>
<arg>BY</arg>
<arg>BZ</arg>
<arg>CA</arg>
<arg>CC</arg>
<arg>CD</arg>
<arg>CF</arg>
<arg>CG</arg>
<arg>CH</arg>
<arg>CI</arg>
<arg>CK</arg>
<arg>CL</arg>
<arg>CM</arg>
<arg>CN</arg>
<arg>CO</arg>
<arg>CR</arg>
<arg>CU</arg>
<arg>CV</arg>
<arg>CW</arg>
<arg>CX</arg>
<arg>CY</arg>
<arg>CZ</arg>
<arg>DE</arg>
<arg>DJ</arg>
<arg>DK</arg>
<arg>DM</arg>
<arg>DO</arg>
<arg>DZ</arg>
<arg>EC</arg>
<arg>EE</arg>
<arg>EG</arg>
<arg>EH</arg>
<arg>ER</arg>
<arg>ES</arg>
<arg>ET</arg>
<arg>FI</arg>
<arg>FJ</arg>
<arg>FK</arg>
<arg>FM</arg>
<arg>FO</arg>
<arg>FR</arg>
<arg>GA</arg>
<arg>GB</arg>
<arg>GD</arg>
<arg>GE</arg>
<arg>GF</arg>
<arg>GG</arg>
<arg>GH</arg>
<arg>GI</arg>
<arg>GL</arg>
<arg>GM</arg>
<arg>GN</arg>
<arg>GP</arg>
<arg>GQ</arg>
<arg>GR</arg>
<arg>GS</arg>
<arg>GT</arg>
<arg>GU</arg>
<arg>GW</arg>
<arg>GY</arg>
<arg>HK</arg>
<arg>HM</arg>
<arg>HN</arg>
<arg>HR</arg>
<arg>HT</arg>
<arg>HU</arg>
<arg>ID</arg>
<arg>IE</arg>
<arg>IL</arg>
<arg>IM</arg>
<arg>IN</arg>
<arg>IO</arg>
<arg>IQ</arg>
<arg>IR</arg>
<arg>IS</arg>
<arg>IT</arg>
<arg>JE</arg>
<arg>JM</arg>
<arg>JO</arg>
<arg>JP</arg>
<arg>KE</arg>
<arg>KG</arg>
<arg>KH</arg>
<arg>KI</arg>
<arg>KM</arg>
<arg>KN</arg>
<arg>KP</arg>
<arg>KR</arg>
<arg>KW</arg>
<arg>KY</arg>
<arg>KZ</arg>
<arg>LA</arg>
<arg>LB</arg>
<arg>LC</arg>
<arg>LI</arg>
<arg>LK</arg>
<arg>LR</arg>
<arg>LS</arg>
<arg>LT</arg>
<arg>LU</arg>
<arg>LV</arg>
<arg>LY</arg>
<arg>MA</arg>
<arg>MC</arg>
<arg>MD</arg>
<arg>ME</arg>
<arg>MF</arg>
<arg>MG</arg>
<arg>MH</arg>
<arg>MK</arg>
<arg>ML</arg>
<arg>MM</arg>
<arg>MN</arg>
<arg>MO</arg>
<arg>MP</arg>
<arg>MQ</arg>
<arg>MR</arg>
<arg>MS</arg>
<arg>MT</arg>
<arg>MU</arg>
<arg>MV</arg>
<arg>MW</arg>
<arg>MX</arg>
<arg>MY</arg>
<arg>MZ</arg>
<arg>NA</arg>
<arg>NC</arg>
<arg>NE</arg>
<arg>NF</arg>
<arg>NG</arg>
<arg>NI</arg>
<arg>NL</arg>
<arg>NO</arg>
<arg>NP</arg>
<arg>NR</arg>
<arg>NU</arg>
<arg>NZ</arg>
<arg>OM</arg>
<arg>PA</arg>
<arg>PE</arg>
<arg>PF</arg>
<arg>PG</arg>
<arg>PH</arg>
<arg>PK</arg>
<arg>PL</arg>
<arg>PM</arg>
<arg>PN</arg>
<arg>PR</arg>
<arg>PS</arg>
<arg>PT</arg>
<arg>PW</arg>
<arg>PY</arg>
<arg>QA</arg>
<arg>RE</arg>
<arg>RO</arg>
<arg>RS</arg>
<arg>RU</arg>
<arg>RW</arg>
<arg>SA</arg>
<arg>SB</arg>
<arg>SC</arg>
<arg>SD</arg>
<arg>SE</arg>
<arg>SG</arg>
<arg>SH</arg>
<arg>SI</arg>
<arg>SJ</arg>
<arg>SK</arg>
<arg>SL</arg>
<arg>SM</arg>
<arg>SN</arg>
<arg>SO</arg>
<arg>SR</arg>
<arg>SS</arg>
<arg>ST</arg>
<arg>SV</arg>
<arg>SX</arg>
<arg>SY</arg>
<arg>SZ</arg>
<arg>TC</arg>
<arg>TD</arg>
<arg>TF</arg>
<arg>TG</arg>
<arg>TH</arg>
<arg>TJ</arg>
<arg>TK</arg>
<arg>TL</arg>
<arg>TM</arg>
<arg>TN</arg>
<arg>TO</arg>
<arg>TR</arg>
<arg>TT</arg>
<arg>TV</arg>
<arg>TW</arg>
<arg>TZ</arg>
<arg>UA</arg>
<arg>UG</arg>
<arg>UM</arg>
<arg>US</arg>
<arg>UY</arg>
<arg>UZ</arg>
<arg>VA</arg>
<arg>VC</arg>
<arg>VE</arg>
<arg>VG</arg>
<arg>VI</arg>
<arg>VN</arg>
<arg>VU</arg>
<arg>WF</arg>
<arg>WS</arg>
<arg>XK</arg>
<arg>YE</arg>
<arg>YT</arg>
<arg>ZA</arg>
<arg>ZM</arg>
<arg>ZW</arg>
<doc>Returns a list containing given items.</doc>
<status status="PASS" start="2024-05-29T16:18:49.931261" elapsed="0.000617"/>
</kw>
<kw name="List Should Contain Value" owner="Collections">
<msg time="2024-05-29T16:18:49.932867" level="INFO">False</msg>
<arg>${list_country}</arg>
<arg>${name_country}</arg>
<doc>Fails if the ``value`` is not found from ``list``.</doc>
<status status="PASS" start="2024-05-29T16:18:49.932667" elapsed="0.000237"/>
</kw>
<kw name="Run Keyword If" owner="BuiltIn">
<kw name="Should Be True" owner="BuiltIn">
<arg>${True}</arg>
<doc>Fails if the given condition is not true.</doc>
<status status="PASS" start="2024-05-29T16:18:49.933950" elapsed="0.000144"/>
</kw>
<arg>${json_data["results"][0]["location"]["coordinates"]["latitude"]} &gt;= -90 and ${json_data["results"][0]["location"]["coordinates"]["latitude"]} &lt;= 90</arg>
<arg>Should Be True</arg>
<arg>${True}</arg>
<doc>Runs the given keyword with the given arguments, if ``condition`` is true.</doc>
<status status="PASS" start="2024-05-29T16:18:49.933213" elapsed="0.001006"/>
</kw>
<kw name="Run Keyword If" owner="BuiltIn">
<kw name="Should Be True" owner="BuiltIn">
<arg>${True}</arg>
<doc>Fails if the given condition is not true.</doc>
<status status="PASS" start="2024-05-29T16:18:49.935119" elapsed="0.000137"/>
</kw>
<arg>${json_data["results"][0]["location"]["coordinates"]["longitude"]} &gt;= -180 and ${json_data["results"][0]["location"]["coordinates"]["longitude"]} &lt;= 180</arg>
<arg>Should Be True</arg>
<arg>${True}</arg>
<doc>Runs the given keyword with the given arguments, if ``condition`` is true.</doc>
<status status="PASS" start="2024-05-29T16:18:49.934408" elapsed="0.000971"/>
</kw>
<status status="PASS" start="2024-05-29T16:18:49.819648" elapsed="0.115859"/>
</kw>
<doc>Testa o conteúdo específico dos campos retornados pela API.</doc>
<tag>testeConteudo</tag>
<status status="PASS" start="2024-05-29T16:18:49.819206" elapsed="0.116440"/>
</test>
<status status="PASS" start="2024-05-29T16:18:48.968228" elapsed="0.969267"/>
</suite>
<status status="PASS" start="2024-05-29T16:18:48.954774" elapsed="0.987820"/>
</suite>
<statistics>
<total>
<stat pass="5" fail="0" skip="0">All Tests</stat>
</total>
<tag>
<stat pass="1" fail="0" skip="0">testeConteudo</stat>
<stat pass="1" fail="0" skip="0">testeEstruturaResposta</stat>
<stat pass="1" fail="0" skip="0">testeRequisicaoBasica</stat>
<stat pass="1" fail="0" skip="0">testeTiposDados</stat>
</tag>
<suite>
<stat pass="5" fail="0" skip="0" id="s1" name="Tests">Tests</stat>
<stat pass="5" fail="0" skip="0" id="s1-s1" name="Random-User-Test">Tests.Random-User-Test</stat>
</suite>
</statistics>
<errors>
</errors>
</robot>
