<?xml version="1.0" encoding="UTF-8"?>
<robot generator="Robot 7.0.1 (Python 3.12.4 on linux)" generated="2024-06-19T18:19:12.526113" rpa="false" schemaversion="5">
<suite id="s1" name="Tests" source="/home/runner/work/ApiRandomUser/ApiRandomUser/RamdonUser/tests">
<suite id="s1-s1" name="Random-User-Test" source="/home/runner/work/ApiRandomUser/ApiRandomUser/RamdonUser/tests/random-user-test.robot">
<test id="s1-s1-t1" name="Conectar" line="13">
<kw name="Conectar API" owner="random-user-service">
<kw name="Create Session" owner="RequestsLibrary">
<msg time="2024-06-19T18:19:12.930972" level="INFO">Creating Session using : alias=consultarAPI, url=https://randomuser.me/, headers={},                     cookies={}, auth=None, timeout=None, proxies=None, verify=False,                     debug=0 </msg>
<arg>consultarAPI</arg>
<arg>${URL}</arg>
<doc>Create Session: create a HTTP session to a server</doc>
<status status="PASS" start="2024-06-19T18:19:12.930770" elapsed="0.000370"/>
</kw>
<status status="PASS" start="2024-06-19T18:19:12.929832" elapsed="0.001657"/>
</kw>
<status status="PASS" start="2024-06-19T18:19:12.929255" elapsed="0.002425"/>
</test>
<test id="s1-s1-t2" name="Validar retorno 200 e JSON Válido" line="16">
<kw name="Teste de Requisicao Basica" owner="random-user-service">
<kw name="GET On Session" owner="RequestsLibrary">
<msg time="2024-06-19T18:19:13.296938" level="INFO">GET Request : url=https://randomuser.me/api 
 path_url=/api 
 headers={'User-Agent': 'python-requests/2.32.3', 'Accept-Encoding': 'gzip, deflate', 'Accept': '*/*', 'Connection': 'keep-alive'} 
 body=None 
 </msg>
<msg time="2024-06-19T18:19:13.297083" level="INFO">GET Response : url=https://randomuser.me/api 
 status=200, reason=OK 
 headers={'Date': 'Wed, 19 Jun 2024 18:19:13 GMT', 'Content-Type': 'application/json; charset=utf-8', 'Transfer-Encoding': 'chunked', 'Connection': 'keep-alive', 'X-Powered-By': 'Express', 'Access-Control-Allow-Origin': '*', 'Cache-Control': 'no-cache', 'ETag': 'W/"47b-nRzLmw8II76UF7+zJfXF1T1I8zw"', 'Vary': 'Accept-Encoding', 'Content-Encoding': 'gzip', 'CF-Cache-Status': 'DYNAMIC', 'Report-To': '{"endpoints":[{"url":"https:\\/\\/a.nel.cloudflare.com\\/report\\/v4?s=PbBmdUNvByX5DyIXoHLcdkOtg4QCMENLAUUfIhk4I%2Bt2vRo8faoqRe49XDXjI%2B%2BtrcOR7%2BhCtVnl0QfGQIGgzcqTmBHozKEQt0AkQt%2Bvl9%2BL4a7W6JI1UyuGUi72Xhk8"}],"group":"cf-nel","max_age":604800}', 'NEL': '{"success_fraction":0,"report_to":"cf-nel","max_age":604800}', 'Server': 'cloudflare', 'CF-RAY': '896586af7bb4fa4e-SJC', 'alt-svc': 'h3=":443"; ma=86400'} 
 body={"results":[{"gender":"male","name":{"title":"Mr","first":"Radan","last":"Kolosyuk"},"location":{"street":{"number":8329,"name":"Yavornickogo"},"city":"Ienakiieve","state":"Avtonomna Respublika Krim","country":"Ukraine","postcode":55398,"coordinates":{"latitude":"74.4308","longitude":"-73.6717"},"timezone":{"offset":"+3:30","description":"Tehran"}},"email":"radan.kolosyuk@example.com","login":{"uuid":"b69df408-b376-4295-8e9f-5923a650c0ed","username":"purplezebra423","password":"sweet","salt":"SpDylLtq","md5":"b451c75cfa56e5c08980de6f810933b0","sha1":"abb8645b97d15d85f3df3ebaf98612081cb61f00","sha256":"c6e150738452d7d2e6ae8ed9fbb049d1c760a1a61c3cbf632e87b44451345ed0"},"dob":{"date":"1980-01-07T12:16:11.348Z","age":44},"registered":{"date":"2004-10-15T14:59:19.841Z","age":19},"phone":"(097) K30-7088","cell":"(068) R65-6360","id":{"name":"","value":null},"picture":{"large":"https://randomuser.me/api/portraits/men/22.jpg","medium":"https://randomuser.me/api/portraits/med/men/22.jpg","thumbnail":"https://randomuser.me/api/portraits/thumb/men/22.jpg"},"nat":"UA"}],"info":{"seed":"95fa04b4706fe8db","results":1,"page":1,"version":"1.4"}} 
 </msg>
<msg time="2024-06-19T18:19:13.297198" level="INFO">/opt/hostedtoolcache/Python/3.12.4/x64/lib/python3.12/site-packages/urllib3/connectionpool.py:1099: InsecureRequestWarning: Unverified HTTPS request is being made to host 'randomuser.me'. Adding certificate verification is strongly advised. See: https://urllib3.readthedocs.io/en/latest/advanced-usage.html#tls-warnings
  warnings.warn(</msg>
<msg time="2024-06-19T18:19:13.297334" level="INFO">${response} = &lt;Response [200]&gt;</msg>
<var>${response}</var>
<arg>consultarAPI</arg>
<arg>/api</arg>
<doc>Sends a GET request on a previously created HTTP Session.</doc>
<status status="PASS" start="2024-06-19T18:19:12.934348" elapsed="0.363046"/>
</kw>
<kw name="Should Be Equal As Numbers" owner="BuiltIn">
<msg time="2024-06-19T18:19:13.298350" level="INFO">Argument types are:
&lt;class 'int'&gt;
&lt;class 'str'&gt;</msg>
<arg>${response.status_code}</arg>
<arg>200</arg>
<doc>Fails if objects are unequal after converting them to real numbers.</doc>
<status status="PASS" start="2024-06-19T18:19:13.297898" elapsed="0.000516"/>
</kw>
<kw name="Log" owner="BuiltIn">
<msg time="2024-06-19T18:19:13.299058" level="INFO">200</msg>
<arg>${response.status_code}</arg>
<doc>Logs the given message with the given level.</doc>
<status status="PASS" start="2024-06-19T18:19:13.298722" elapsed="0.000377"/>
</kw>
<kw name="Set Variable" owner="BuiltIn">
<msg time="2024-06-19T18:19:13.299820" level="INFO">${json_data} = {'results': [{'gender': 'male', 'name': {'title': 'Mr', 'first': 'Radan', 'last': 'Kolosyuk'}, 'location': {'street': {'number': 8329, 'name': 'Yavornickogo'}, 'city': 'Ienakiieve', 'state': 'Avtonomn...</msg>
<var>${json_data}</var>
<arg>${response.json()}</arg>
<doc>Returns the given values which can then be assigned to a variables.</doc>
<status status="PASS" start="2024-06-19T18:19:13.299396" elapsed="0.000452"/>
</kw>
<kw name="Dictionary Should Contain Key" owner="Collections">
<arg>${json_data}</arg>
<arg>results</arg>
<doc>Fails if ``key`` is not found from ``dictionary``.</doc>
<status status="PASS" start="2024-06-19T18:19:13.300142" elapsed="0.000170"/>
</kw>
<status status="PASS" start="2024-06-19T18:19:12.934106" elapsed="0.366356"/>
</kw>
<doc>Testa se a API responde corretamente e retorna um objeto JSON válido.</doc>
<tag>testeRequisicaoBasica</tag>
<status status="PASS" start="2024-06-19T18:19:12.933649" elapsed="0.366983"/>
</test>
<test id="s1-s1-t3" name="Validar estrutura de resposta" line="22">
<kw name="Teste de Estrutura de Resposta" owner="random-user-service">
<kw name="GET On Session" owner="RequestsLibrary">
<msg time="2024-06-19T18:19:13.477885" level="INFO">GET Request : url=https://randomuser.me/api 
 path_url=/api 
 headers={'User-Agent': 'python-requests/2.32.3', 'Accept-Encoding': 'gzip, deflate', 'Accept': '*/*', 'Connection': 'keep-alive'} 
 body=None 
 </msg>
<msg time="2024-06-19T18:19:13.477970" level="INFO">GET Response : url=https://randomuser.me/api 
 status=200, reason=OK 
 headers={'Date': 'Wed, 19 Jun 2024 18:19:13 GMT', 'Content-Type': 'application/json; charset=utf-8', 'Transfer-Encoding': 'chunked', 'Connection': 'keep-alive', 'X-Powered-By': 'Express', 'Access-Control-Allow-Origin': '*', 'Cache-Control': 'no-cache', 'ETag': 'W/"481-HDo+wk6nWQoDQYYPlNgUC5+TPMQ"', 'Vary': 'Accept-Encoding', 'Content-Encoding': 'gzip', 'CF-Cache-Status': 'DYNAMIC', 'Report-To': '{"endpoints":[{"url":"https:\\/\\/a.nel.cloudflare.com\\/report\\/v4?s=7dB2mxoHF%2BlOSjW7EVKeWA9JfC2B4D2S%2FBgpnQ%2BeLxIioGkk2PhzC6bs2i5w1UPWpKyVFJgX3f6Gf1n9Qo53r%2Bzyq%2B%2BvR0pfOy%2BEaOzy0b9mJzbAjwQ7xdCxII4aUMD%2B"}],"group":"cf-nel","max_age":604800}', 'NEL': '{"success_fraction":0,"report_to":"cf-nel","max_age":604800}', 'Server': 'cloudflare', 'CF-RAY': '896586b02c3cfa4e-SJC', 'alt-svc': 'h3=":443"; ma=86400'} 
 body={"results":[{"gender":"female","name":{"title":"Mrs","first":"Alette","last":"Furnes"},"location":{"street":{"number":2251,"name":"Gråkamveien"},"city":"Vaksdal","state":"Telemark","country":"Norway","postcode":"0979","coordinates":{"latitude":"41.9107","longitude":"70.2767"},"timezone":{"offset":"-7:00","description":"Mountain Time (US &amp; Canada)"}},"email":"alette.furnes@example.com","login":{"uuid":"039334ec-3bcb-4843-bcb1-6be5facedeca","username":"biggorilla729","password":"racing","salt":"QWTGtnTU","md5":"f6365782212bc7796b18ea8097369135","sha1":"7c60677feaefc7b376b4292b483a4f054b3b6810","sha256":"cf8b0e064e9bfce16f88117ee99e7ed11eb515c594b41a11a4193a1b977c302f"},"dob":{"date":"1997-01-29T14:26:44.569Z","age":27},"registered":{"date":"2008-10-19T09:25:54.633Z","age":15},"phone":"67889768","cell":"97164993","id":{"name":"FN","value":"29019739455"},"picture":{"large":"https://randomuser.me/api/portraits/women/95.jpg","medium":"https://randomuser.me/api/portraits/med/women/95.jpg","thumbnail":"https://randomuser.me/api/portraits/thumb/women/95.jpg"},"nat":"NO"}],"info":{"seed":"5ee184e749e8afc2","results":1,"page":1,"version":"1.4"}} 
 </msg>
<msg time="2024-06-19T18:19:13.478078" level="INFO">/opt/hostedtoolcache/Python/3.12.4/x64/lib/python3.12/site-packages/urllib3/connectionpool.py:1099: InsecureRequestWarning: Unverified HTTPS request is being made to host 'randomuser.me'. Adding certificate verification is strongly advised. See: https://urllib3.readthedocs.io/en/latest/advanced-usage.html#tls-warnings
  warnings.warn(</msg>
<msg time="2024-06-19T18:19:13.478171" level="INFO">${response} = &lt;Response [200]&gt;</msg>
<var>${response}</var>
<arg>consultarAPI</arg>
<arg>/api</arg>
<doc>Sends a GET request on a previously created HTTP Session.</doc>
<status status="PASS" start="2024-06-19T18:19:13.303306" elapsed="0.174898"/>
</kw>
<kw name="Set Variable" owner="BuiltIn">
<msg time="2024-06-19T18:19:13.479117" level="INFO">${json_data} = {'results': [{'gender': 'female', 'name': {'title': 'Mrs', 'first': 'Alette', 'last': 'Furnes'}, 'location': {'street': {'number': 2251, 'name': 'Gråkamveien'}, 'city': 'Vaksdal', 'state': 'Telemark',...</msg>
<var>${json_data}</var>
<arg>${response.json()}</arg>
<doc>Returns the given values which can then be assigned to a variables.</doc>
<status status="PASS" start="2024-06-19T18:19:13.478655" elapsed="0.000491"/>
</kw>
<kw name="Log" owner="BuiltIn">
<msg time="2024-06-19T18:19:13.479601" level="INFO">{'results': [{'gender': 'female', 'name': {'title': 'Mrs', 'first': 'Alette', 'last': 'Furnes'}, 'location': {'street': {'number': 2251, 'name': 'Gråkamveien'}, 'city': 'Vaksdal', 'state': 'Telemark', 'country': 'Norway', 'postcode': '0979', 'coordinates': {'latitude': '41.9107', 'longitude': '70.2767'}, 'timezone': {'offset': '-7:00', 'description': 'Mountain Time (US &amp; Canada)'}}, 'email': 'alette.furnes@example.com', 'login': {'uuid': '039334ec-3bcb-4843-bcb1-6be5facedeca', 'username': 'biggorilla729', 'password': 'racing', 'salt': 'QWTGtnTU', 'md5': 'f6365782212bc7796b18ea8097369135', 'sha1': '7c60677feaefc7b376b4292b483a4f054b3b6810', 'sha256': 'cf8b0e064e9bfce16f88117ee99e7ed11eb515c594b41a11a4193a1b977c302f'}, 'dob': {'date': '1997-01-29T14:26:44.569Z', 'age': 27}, 'registered': {'date': '2008-10-19T09:25:54.633Z', 'age': 15}, 'phone': '67889768', 'cell': '97164993', 'id': {'name': 'FN', 'value': '29019739455'}, 'picture': {'large': 'https://randomuser.me/api/portraits/women/95.jpg', 'medium': 'https://randomuser.me/api/portraits/med/women/95.jpg', 'thumbnail': 'https://randomuser.me/api/portraits/thumb/women/95.jpg'}, 'nat': 'NO'}], 'info': {'seed': '5ee184e749e8afc2', 'results': 1, 'page': 1, 'version': '1.4'}}</msg>
<arg>${json_data}</arg>
<doc>Logs the given message with the given level.</doc>
<status status="PASS" start="2024-06-19T18:19:13.479445" elapsed="0.000206"/>
</kw>
<kw name="Dictionary Should Contain Key" owner="Collections">
<arg>${json_data}</arg>
<arg>results</arg>
<doc>Fails if ``key`` is not found from ``dictionary``.</doc>
<status status="PASS" start="2024-06-19T18:19:13.479940" elapsed="0.000162"/>
</kw>
<kw name="Should Not Be Empty" owner="BuiltIn">
<msg time="2024-06-19T18:19:13.480405" level="INFO">Length is 2.</msg>
<arg>${json_data}</arg>
<doc>Verifies that the given item is not empty.</doc>
<status status="PASS" start="2024-06-19T18:19:13.480283" elapsed="0.000165"/>
</kw>
<kw name="Create List" owner="BuiltIn">
<msg time="2024-06-19T18:19:13.480881" level="INFO">${expected_keys} = ['gender', 'name', 'location', 'email', 'login']</msg>
<var>${expected_keys}</var>
<arg>gender</arg>
<arg>name</arg>
<arg>location</arg>
<arg>email</arg>
<arg>login</arg>
<doc>Returns a list containing given items.</doc>
<status status="PASS" start="2024-06-19T18:19:13.480734" elapsed="0.000170"/>
</kw>
<for flavor="IN">
<iter>
<kw name="Dictionary Should Contain Key" owner="Collections">
<arg>${json_data['results'][0]}</arg>
<arg>${key}</arg>
<doc>Fails if ``key`` is not found from ``dictionary``.</doc>
<status status="PASS" start="2024-06-19T18:19:13.481659" elapsed="0.000399"/>
</kw>
<kw name="Log" owner="BuiltIn">
<msg time="2024-06-19T18:19:13.482590" level="INFO">{'gender': 'female', 'name': {'title': 'Mrs', 'first': 'Alette', 'last': 'Furnes'}, 'location': {'street': {'number': 2251, 'name': 'Gråkamveien'}, 'city': 'Vaksdal', 'state': 'Telemark', 'country': 'Norway', 'postcode': '0979', 'coordinates': {'latitude': '41.9107', 'longitude': '70.2767'}, 'timezone': {'offset': '-7:00', 'description': 'Mountain Time (US &amp; Canada)'}}, 'email': 'alette.furnes@example.com', 'login': {'uuid': '039334ec-3bcb-4843-bcb1-6be5facedeca', 'username': 'biggorilla729', 'password': 'racing', 'salt': 'QWTGtnTU', 'md5': 'f6365782212bc7796b18ea8097369135', 'sha1': '7c60677feaefc7b376b4292b483a4f054b3b6810', 'sha256': 'cf8b0e064e9bfce16f88117ee99e7ed11eb515c594b41a11a4193a1b977c302f'}, 'dob': {'date': '1997-01-29T14:26:44.569Z', 'age': 27}, 'registered': {'date': '2008-10-19T09:25:54.633Z', 'age': 15}, 'phone': '67889768', 'cell': '97164993', 'id': {'name': 'FN', 'value': '29019739455'}, 'picture': {'large': 'https://randomuser.me/api/portraits/women/95.jpg', 'medium': 'https://randomuser.me/api/portraits/med/women/95.jpg', 'thumbnail': 'https://randomuser.me/api/portraits/thumb/women/95.jpg'}, 'nat': 'NO'}</msg>
<arg>${json_data['results'][0]}</arg>
<doc>Logs the given message with the given level.</doc>
<status status="PASS" start="2024-06-19T18:19:13.482241" elapsed="0.000410"/>
</kw>
<kw name="Log" owner="BuiltIn">
<msg time="2024-06-19T18:19:13.483078" level="INFO">gender</msg>
<arg>${key}</arg>
<doc>Logs the given message with the given level.</doc>
<status status="PASS" start="2024-06-19T18:19:13.482949" elapsed="0.000166"/>
</kw>
<var name="${key}">gender</var>
<status status="PASS" start="2024-06-19T18:19:13.481529" elapsed="0.001800"/>
</iter>
<iter>
<kw name="Dictionary Should Contain Key" owner="Collections">
<arg>${json_data['results'][0]}</arg>
<arg>${key}</arg>
<doc>Fails if ``key`` is not found from ``dictionary``.</doc>
<status status="PASS" start="2024-06-19T18:19:13.483616" elapsed="0.000379"/>
</kw>
<kw name="Log" owner="BuiltIn">
<msg time="2024-06-19T18:19:13.484531" level="INFO">{'gender': 'female', 'name': {'title': 'Mrs', 'first': 'Alette', 'last': 'Furnes'}, 'location': {'street': {'number': 2251, 'name': 'Gråkamveien'}, 'city': 'Vaksdal', 'state': 'Telemark', 'country': 'Norway', 'postcode': '0979', 'coordinates': {'latitude': '41.9107', 'longitude': '70.2767'}, 'timezone': {'offset': '-7:00', 'description': 'Mountain Time (US &amp; Canada)'}}, 'email': 'alette.furnes@example.com', 'login': {'uuid': '039334ec-3bcb-4843-bcb1-6be5facedeca', 'username': 'biggorilla729', 'password': 'racing', 'salt': 'QWTGtnTU', 'md5': 'f6365782212bc7796b18ea8097369135', 'sha1': '7c60677feaefc7b376b4292b483a4f054b3b6810', 'sha256': 'cf8b0e064e9bfce16f88117ee99e7ed11eb515c594b41a11a4193a1b977c302f'}, 'dob': {'date': '1997-01-29T14:26:44.569Z', 'age': 27}, 'registered': {'date': '2008-10-19T09:25:54.633Z', 'age': 15}, 'phone': '67889768', 'cell': '97164993', 'id': {'name': 'FN', 'value': '29019739455'}, 'picture': {'large': 'https://randomuser.me/api/portraits/women/95.jpg', 'medium': 'https://randomuser.me/api/portraits/med/women/95.jpg', 'thumbnail': 'https://randomuser.me/api/portraits/thumb/women/95.jpg'}, 'nat': 'NO'}</msg>
<arg>${json_data['results'][0]}</arg>
<doc>Logs the given message with the given level.</doc>
<status status="PASS" start="2024-06-19T18:19:13.484180" elapsed="0.000434"/>
</kw>
<kw name="Log" owner="BuiltIn">
<msg time="2024-06-19T18:19:13.485039" level="INFO">name</msg>
<arg>${key}</arg>
<doc>Logs the given message with the given level.</doc>
<status status="PASS" start="2024-06-19T18:19:13.484908" elapsed="0.000168"/>
</kw>
<var name="${key}">name</var>
<status status="PASS" start="2024-06-19T18:19:13.483508" elapsed="0.001823"/>
</iter>
<iter>
<kw name="Dictionary Should Contain Key" owner="Collections">
<arg>${json_data['results'][0]}</arg>
<arg>${key}</arg>
<doc>Fails if ``key`` is not found from ``dictionary``.</doc>
<status status="PASS" start="2024-06-19T18:19:13.485609" elapsed="0.000428"/>
</kw>
<kw name="Log" owner="BuiltIn">
<msg time="2024-06-19T18:19:13.486565" level="INFO">{'gender': 'female', 'name': {'title': 'Mrs', 'first': 'Alette', 'last': 'Furnes'}, 'location': {'street': {'number': 2251, 'name': 'Gråkamveien'}, 'city': 'Vaksdal', 'state': 'Telemark', 'country': 'Norway', 'postcode': '0979', 'coordinates': {'latitude': '41.9107', 'longitude': '70.2767'}, 'timezone': {'offset': '-7:00', 'description': 'Mountain Time (US &amp; Canada)'}}, 'email': 'alette.furnes@example.com', 'login': {'uuid': '039334ec-3bcb-4843-bcb1-6be5facedeca', 'username': 'biggorilla729', 'password': 'racing', 'salt': 'QWTGtnTU', 'md5': 'f6365782212bc7796b18ea8097369135', 'sha1': '7c60677feaefc7b376b4292b483a4f054b3b6810', 'sha256': 'cf8b0e064e9bfce16f88117ee99e7ed11eb515c594b41a11a4193a1b977c302f'}, 'dob': {'date': '1997-01-29T14:26:44.569Z', 'age': 27}, 'registered': {'date': '2008-10-19T09:25:54.633Z', 'age': 15}, 'phone': '67889768', 'cell': '97164993', 'id': {'name': 'FN', 'value': '29019739455'}, 'picture': {'large': 'https://randomuser.me/api/portraits/women/95.jpg', 'medium': 'https://randomuser.me/api/portraits/med/women/95.jpg', 'thumbnail': 'https://randomuser.me/api/portraits/thumb/women/95.jpg'}, 'nat': 'NO'}</msg>
<arg>${json_data['results'][0]}</arg>
<doc>Logs the given message with the given level.</doc>
<status status="PASS" start="2024-06-19T18:19:13.486218" elapsed="0.000406"/>
</kw>
<kw name="Log" owner="BuiltIn">
<msg time="2024-06-19T18:19:13.487039" level="INFO">location</msg>
<arg>${key}</arg>
<doc>Logs the given message with the given level.</doc>
<status status="PASS" start="2024-06-19T18:19:13.486913" elapsed="0.000163"/>
</kw>
<var name="${key}">location</var>
<status status="PASS" start="2024-06-19T18:19:13.485503" elapsed="0.001787"/>
</iter>
<iter>
<kw name="Dictionary Should Contain Key" owner="Collections">
<arg>${json_data['results'][0]}</arg>
<arg>${key}</arg>
<doc>Fails if ``key`` is not found from ``dictionary``.</doc>
<status status="PASS" start="2024-06-19T18:19:13.487564" elapsed="0.000379"/>
</kw>
<kw name="Log" owner="BuiltIn">
<msg time="2024-06-19T18:19:13.488475" level="INFO">{'gender': 'female', 'name': {'title': 'Mrs', 'first': 'Alette', 'last': 'Furnes'}, 'location': {'street': {'number': 2251, 'name': 'Gråkamveien'}, 'city': 'Vaksdal', 'state': 'Telemark', 'country': 'Norway', 'postcode': '0979', 'coordinates': {'latitude': '41.9107', 'longitude': '70.2767'}, 'timezone': {'offset': '-7:00', 'description': 'Mountain Time (US &amp; Canada)'}}, 'email': 'alette.furnes@example.com', 'login': {'uuid': '039334ec-3bcb-4843-bcb1-6be5facedeca', 'username': 'biggorilla729', 'password': 'racing', 'salt': 'QWTGtnTU', 'md5': 'f6365782212bc7796b18ea8097369135', 'sha1': '7c60677feaefc7b376b4292b483a4f054b3b6810', 'sha256': 'cf8b0e064e9bfce16f88117ee99e7ed11eb515c594b41a11a4193a1b977c302f'}, 'dob': {'date': '1997-01-29T14:26:44.569Z', 'age': 27}, 'registered': {'date': '2008-10-19T09:25:54.633Z', 'age': 15}, 'phone': '67889768', 'cell': '97164993', 'id': {'name': 'FN', 'value': '29019739455'}, 'picture': {'large': 'https://randomuser.me/api/portraits/women/95.jpg', 'medium': 'https://randomuser.me/api/portraits/med/women/95.jpg', 'thumbnail': 'https://randomuser.me/api/portraits/thumb/women/95.jpg'}, 'nat': 'NO'}</msg>
<arg>${json_data['results'][0]}</arg>
<doc>Logs the given message with the given level.</doc>
<status status="PASS" start="2024-06-19T18:19:13.488126" elapsed="0.000399"/>
</kw>
<kw name="Log" owner="BuiltIn">
<msg time="2024-06-19T18:19:13.488938" level="INFO">email</msg>
<arg>${key}</arg>
<doc>Logs the given message with the given level.</doc>
<status status="PASS" start="2024-06-19T18:19:13.488814" elapsed="0.000161"/>
</kw>
<var name="${key}">email</var>
<status status="PASS" start="2024-06-19T18:19:13.487459" elapsed="0.001750"/>
</iter>
<iter>
<kw name="Dictionary Should Contain Key" owner="Collections">
<arg>${json_data['results'][0]}</arg>
<arg>${key}</arg>
<doc>Fails if ``key`` is not found from ``dictionary``.</doc>
<status status="PASS" start="2024-06-19T18:19:13.489485" elapsed="0.000379"/>
</kw>
<kw name="Log" owner="BuiltIn">
<msg time="2024-06-19T18:19:13.490396" level="INFO">{'gender': 'female', 'name': {'title': 'Mrs', 'first': 'Alette', 'last': 'Furnes'}, 'location': {'street': {'number': 2251, 'name': 'Gråkamveien'}, 'city': 'Vaksdal', 'state': 'Telemark', 'country': 'Norway', 'postcode': '0979', 'coordinates': {'latitude': '41.9107', 'longitude': '70.2767'}, 'timezone': {'offset': '-7:00', 'description': 'Mountain Time (US &amp; Canada)'}}, 'email': 'alette.furnes@example.com', 'login': {'uuid': '039334ec-3bcb-4843-bcb1-6be5facedeca', 'username': 'biggorilla729', 'password': 'racing', 'salt': 'QWTGtnTU', 'md5': 'f6365782212bc7796b18ea8097369135', 'sha1': '7c60677feaefc7b376b4292b483a4f054b3b6810', 'sha256': 'cf8b0e064e9bfce16f88117ee99e7ed11eb515c594b41a11a4193a1b977c302f'}, 'dob': {'date': '1997-01-29T14:26:44.569Z', 'age': 27}, 'registered': {'date': '2008-10-19T09:25:54.633Z', 'age': 15}, 'phone': '67889768', 'cell': '97164993', 'id': {'name': 'FN', 'value': '29019739455'}, 'picture': {'large': 'https://randomuser.me/api/portraits/women/95.jpg', 'medium': 'https://randomuser.me/api/portraits/med/women/95.jpg', 'thumbnail': 'https://randomuser.me/api/portraits/thumb/women/95.jpg'}, 'nat': 'NO'}</msg>
<arg>${json_data['results'][0]}</arg>
<doc>Logs the given message with the given level.</doc>
<status status="PASS" start="2024-06-19T18:19:13.490044" elapsed="0.000402"/>
</kw>
<kw name="Log" owner="BuiltIn">
<msg time="2024-06-19T18:19:13.490874" level="INFO">login</msg>
<arg>${key}</arg>
<doc>Logs the given message with the given level.</doc>
<status status="PASS" start="2024-06-19T18:19:13.490744" elapsed="0.000168"/>
</kw>
<var name="${key}">login</var>
<status status="PASS" start="2024-06-19T18:19:13.489379" elapsed="0.001743"/>
</iter>
<var>${key}</var>
<value>@{expected_keys}</value>
<status status="PASS" start="2024-06-19T18:19:13.481341" elapsed="0.009897"/>
</for>
<kw name="Create List" owner="BuiltIn">
<msg time="2024-06-19T18:19:13.491558" level="INFO">${expected_keysTwo} = ['username', 'password']</msg>
<var>${expected_keysTwo}</var>
<arg>username</arg>
<arg>password</arg>
<doc>Returns a list containing given items.</doc>
<status status="PASS" start="2024-06-19T18:19:13.491424" elapsed="0.000157"/>
</kw>
<for flavor="IN">
<iter>
<kw name="Dictionary Should Contain Key" owner="Collections">
<arg>${json_data['results'][0]['login']}</arg>
<arg>${keyTwo}</arg>
<doc>Fails if ``key`` is not found from ``dictionary``.</doc>
<status status="PASS" start="2024-06-19T18:19:13.492095" elapsed="0.000381"/>
</kw>
<kw name="Dictionary Should Contain Key" owner="Collections">
<arg>${json_data['results'][0]['login']}</arg>
<arg>${keyTwo}</arg>
<doc>Fails if ``key`` is not found from ``dictionary``.</doc>
<status status="PASS" start="2024-06-19T18:19:13.492655" elapsed="0.000376"/>
</kw>
<kw name="Log" owner="BuiltIn">
<msg time="2024-06-19T18:19:13.493360" level="INFO">username</msg>
<arg>${keyTwo}</arg>
<doc>Logs the given message with the given level.</doc>
<status status="PASS" start="2024-06-19T18:19:13.493231" elapsed="0.000166"/>
</kw>
<var name="${keyTwo}">username</var>
<status status="PASS" start="2024-06-19T18:19:13.491989" elapsed="0.001625"/>
</iter>
<iter>
<kw name="Dictionary Should Contain Key" owner="Collections">
<arg>${json_data['results'][0]['login']}</arg>
<arg>${keyTwo}</arg>
<doc>Fails if ``key`` is not found from ``dictionary``.</doc>
<status status="PASS" start="2024-06-19T18:19:13.493888" elapsed="0.000379"/>
</kw>
<kw name="Dictionary Should Contain Key" owner="Collections">
<arg>${json_data['results'][0]['login']}</arg>
<arg>${keyTwo}</arg>
<doc>Fails if ``key`` is not found from ``dictionary``.</doc>
<status status="PASS" start="2024-06-19T18:19:13.494444" elapsed="0.000368"/>
</kw>
<kw name="Log" owner="BuiltIn">
<msg time="2024-06-19T18:19:13.495121" level="INFO">password</msg>
<arg>${keyTwo}</arg>
<doc>Logs the given message with the given level.</doc>
<status status="PASS" start="2024-06-19T18:19:13.494999" elapsed="0.000160"/>
</kw>
<var name="${keyTwo}">password</var>
<status status="PASS" start="2024-06-19T18:19:13.493783" elapsed="0.001595"/>
</iter>
<var>${keyTwo}</var>
<value>@{expected_keysTwo}</value>
<status status="PASS" start="2024-06-19T18:19:13.491838" elapsed="0.003660"/>
</for>
<status status="PASS" start="2024-06-19T18:19:13.303081" elapsed="0.192556"/>
</kw>
<doc>Testa a estrutura da resposta da API.</doc>
<tag>testeEstruturaResposta</tag>
<status status="PASS" start="2024-06-19T18:19:13.302494" elapsed="0.193292"/>
</test>
<test id="s1-s1-t4" name="Validar tipos de dados" line="28">
<kw name="Teste de Tipos de Dados" owner="random-user-service">
<kw name="GET On Session" owner="RequestsLibrary">
<msg time="2024-06-19T18:19:13.758221" level="INFO">GET Request : url=https://randomuser.me/api 
 path_url=/api 
 headers={'User-Agent': 'python-requests/2.32.3', 'Accept-Encoding': 'gzip, deflate', 'Accept': '*/*', 'Connection': 'keep-alive'} 
 body=None 
 </msg>
<msg time="2024-06-19T18:19:13.758303" level="INFO">GET Response : url=https://randomuser.me/api 
 status=200, reason=OK 
 headers={'Date': 'Wed, 19 Jun 2024 18:19:13 GMT', 'Content-Type': 'application/json; charset=utf-8', 'Transfer-Encoding': 'chunked', 'Connection': 'keep-alive', 'X-Powered-By': 'Express', 'Access-Control-Allow-Origin': '*', 'Cache-Control': 'no-cache', 'ETag': 'W/"487-cSGVntQQ7Y+dyTejdmtaO3AaUGc"', 'Vary': 'Accept-Encoding', 'Content-Encoding': 'gzip', 'CF-Cache-Status': 'DYNAMIC', 'Report-To': '{"endpoints":[{"url":"https:\\/\\/a.nel.cloudflare.com\\/report\\/v4?s=2FwgbGs6StuCCl%2BkRNOoyG6KYniP4fshn7RFXcPGCfO107Y0efR1heq0C5ct1dIhQlUD66IkxhFlW7FdOlbWbeOPPS2RAkiZ12AO306paSbSBY2518aQc0ovqWzfkQfZ"}],"group":"cf-nel","max_age":604800}', 'NEL': '{"success_fraction":0,"report_to":"cf-nel","max_age":604800}', 'Server': 'cloudflare', 'CF-RAY': '896586b15d2efa4e-SJC', 'alt-svc': 'h3=":443"; ma=86400'} 
 body={"results":[{"gender":"female","name":{"title":"Miss","first":"Katrine","last":"Larsen"},"location":{"street":{"number":6839,"name":"Gammel Århusvej"},"city":"Stenderup","state":"Nordjylland","country":"Denmark","postcode":31067,"coordinates":{"latitude":"-46.2261","longitude":"116.9773"},"timezone":{"offset":"-12:00","description":"Eniwetok, Kwajalein"}},"email":"katrine.larsen@example.com","login":{"uuid":"7600a3c9-3208-4847-b491-600ac23033b6","username":"biggoose140","password":"midnite","salt":"ldHHrD9t","md5":"4386c0c6f7bb8956505072279f06ea46","sha1":"304a37b0cc53200a9112784fcbdfc85fe067e9bf","sha256":"174c1aa1492267b76f83eae7a46fcd386249946accb7e486cf8867514d809db2"},"dob":{"date":"1945-11-18T10:23:12.357Z","age":78},"registered":{"date":"2014-12-11T04:30:06.446Z","age":9},"phone":"12021741","cell":"39406345","id":{"name":"CPR","value":"181145-8800"},"picture":{"large":"https://randomuser.me/api/portraits/women/75.jpg","medium":"https://randomuser.me/api/portraits/med/women/75.jpg","thumbnail":"https://randomuser.me/api/portraits/thumb/women/75.jpg"},"nat":"DK"}],"info":{"seed":"8b5177de6eedbe34","results":1,"page":1,"version":"1.4"}} 
 </msg>
<msg time="2024-06-19T18:19:13.758378" level="INFO">/opt/hostedtoolcache/Python/3.12.4/x64/lib/python3.12/site-packages/urllib3/connectionpool.py:1099: InsecureRequestWarning: Unverified HTTPS request is being made to host 'randomuser.me'. Adding certificate verification is strongly advised. See: https://urllib3.readthedocs.io/en/latest/advanced-usage.html#tls-warnings
  warnings.warn(</msg>
<msg time="2024-06-19T18:19:13.758490" level="INFO">${response} = &lt;Response [200]&gt;</msg>
<var>${response}</var>
<arg>consultarAPI</arg>
<arg>/api</arg>
<doc>Sends a GET request on a previously created HTTP Session.</doc>
<status status="PASS" start="2024-06-19T18:19:13.498385" elapsed="0.260148"/>
</kw>
<kw name="Set Variable" owner="BuiltIn">
<msg time="2024-06-19T18:19:13.759584" level="INFO">${json_data} = {'results': [{'gender': 'female', 'name': {'title': 'Miss', 'first': 'Katrine', 'last': 'Larsen'}, 'location': {'street': {'number': 6839, 'name': 'Gammel Århusvej'}, 'city': 'Stenderup', 'state': 'No...</msg>
<var>${json_data}</var>
<arg>${response.json()}</arg>
<doc>Returns the given values which can then be assigned to a variables.</doc>
<status status="PASS" start="2024-06-19T18:19:13.759003" elapsed="0.000610"/>
</kw>
<kw name="Log" owner="BuiltIn">
<msg time="2024-06-19T18:19:13.760072" level="INFO">{'results': [{'gender': 'female', 'name': {'title': 'Miss', 'first': 'Katrine', 'last': 'Larsen'}, 'location': {'street': {'number': 6839, 'name': 'Gammel Århusvej'}, 'city': 'Stenderup', 'state': 'Nordjylland', 'country': 'Denmark', 'postcode': 31067, 'coordinates': {'latitude': '-46.2261', 'longitude': '116.9773'}, 'timezone': {'offset': '-12:00', 'description': 'Eniwetok, Kwajalein'}}, 'email': 'katrine.larsen@example.com', 'login': {'uuid': '7600a3c9-3208-4847-b491-600ac23033b6', 'username': 'biggoose140', 'password': 'midnite', 'salt': 'ldHHrD9t', 'md5': '4386c0c6f7bb8956505072279f06ea46', 'sha1': '304a37b0cc53200a9112784fcbdfc85fe067e9bf', 'sha256': '174c1aa1492267b76f83eae7a46fcd386249946accb7e486cf8867514d809db2'}, 'dob': {'date': '1945-11-18T10:23:12.357Z', 'age': 78}, 'registered': {'date': '2014-12-11T04:30:06.446Z', 'age': 9}, 'phone': '12021741', 'cell': '39406345', 'id': {'name': 'CPR', 'value': '181145-8800'}, 'picture': {'large': 'https://randomuser.me/api/portraits/women/75.jpg', 'medium': 'https://randomuser.me/api/portraits/med/women/75.jpg', 'thumbnail': 'https://randomuser.me/api/portraits/thumb/women/75.jpg'}, 'nat': 'DK'}], 'info': {'seed': '8b5177de6eedbe34', 'results': 1, 'page': 1, 'version': '1.4'}}</msg>
<arg>${json_data}</arg>
<doc>Logs the given message with the given level.</doc>
<status status="PASS" start="2024-06-19T18:19:13.759920" elapsed="0.000206"/>
</kw>
<kw name="Should Be String" owner="String">
<arg>${json_data['results'][0]['gender']}</arg>
<doc>Fails if the given ``item`` is not a string.</doc>
<status status="PASS" start="2024-06-19T18:19:13.760418" elapsed="0.000359"/>
</kw>
<kw name="Should Match Regexp" owner="BuiltIn">
<arg>${json_data['results'][0]['email']}</arg>
<arg>^[a-zA-Z0-9._%+-]+@[a-zA-Z0-9.-]+\.[a-zA-Z]{2,}$</arg>
<doc>Fails if ``string`` does not match ``pattern`` as a regular expression.</doc>
<status status="PASS" start="2024-06-19T18:19:13.760959" elapsed="0.000559"/>
</kw>
<kw name="Should Match Regexp" owner="BuiltIn">
<arg>${json_data['results'][0]['dob']['date']}</arg>
<arg>\\d{4}-\\d{2}-\\d{2}T\\d{2}:\\d{2}:\\d{2}\\.\\d{3}Z</arg>
<doc>Fails if ``string`` does not match ``pattern`` as a regular expression.</doc>
<status status="PASS" start="2024-06-19T18:19:13.761745" elapsed="0.000490"/>
</kw>
<kw name="Should Match Regexp" owner="BuiltIn">
<arg>${json_data['results'][0]['registered']['date']}</arg>
<arg>\\d{4}-\\d{2}-\\d{2}T\\d{2}:\\d{2}:\\d{2}\\.\\d{3}Z</arg>
<doc>Fails if ``string`` does not match ``pattern`` as a regular expression.</doc>
<status status="PASS" start="2024-06-19T18:19:13.762423" elapsed="0.000367"/>
</kw>
<kw name="Should Match Regexp" owner="BuiltIn">
<arg>${json_data['results'][0]['picture']['large']}</arg>
<arg>^https?://.*\.(?:png|jpe?g|gif|bmp)$</arg>
<doc>Fails if ``string`` does not match ``pattern`` as a regular expression.</doc>
<status status="PASS" start="2024-06-19T18:19:13.762974" elapsed="0.000449"/>
</kw>
<kw name="Should Match Regexp" owner="BuiltIn">
<arg>${json_data['results'][0]['picture']['medium']}</arg>
<arg>^https?://.*\.(?:png|jpe?g|gif|bmp)$</arg>
<doc>Fails if ``string`` does not match ``pattern`` as a regular expression.</doc>
<status status="PASS" start="2024-06-19T18:19:13.763605" elapsed="0.000346"/>
</kw>
<kw name="Should Match Regexp" owner="BuiltIn">
<arg>${json_data['results'][0]['picture']['thumbnail']}</arg>
<arg>^https?://.*\.(?:png|jpe?g|gif|bmp)$</arg>
<doc>Fails if ``string`` does not match ``pattern`` as a regular expression.</doc>
<status status="PASS" start="2024-06-19T18:19:13.764131" elapsed="0.000341"/>
</kw>
<kw name="Log" owner="BuiltIn">
<msg time="2024-06-19T18:19:13.764970" level="INFO">{'large': 'https://randomuser.me/api/portraits/women/75.jpg', 'medium': 'https://randomuser.me/api/portraits/med/women/75.jpg', 'thumbnail': 'https://randomuser.me/api/portraits/thumb/women/75.jpg'}</msg>
<arg>${json_data['results'][0]['picture']}</arg>
<doc>Logs the given message with the given level.</doc>
<status status="PASS" start="2024-06-19T18:19:13.764648" elapsed="0.000363"/>
</kw>
<status status="PASS" start="2024-06-19T18:19:13.498164" elapsed="0.267127"/>
</kw>
<kw name="Teste de Tipos de Dados - Postcode" owner="random-user-service">
<kw name="GET On Session" owner="RequestsLibrary">
<msg time="2024-06-19T18:19:13.934423" level="INFO">GET Request : url=https://randomuser.me/api 
 path_url=/api 
 headers={'User-Agent': 'python-requests/2.32.3', 'Accept-Encoding': 'gzip, deflate', 'Accept': '*/*', 'Connection': 'keep-alive'} 
 body=None 
 </msg>
<msg time="2024-06-19T18:19:13.934509" level="INFO">GET Response : url=https://randomuser.me/api 
 status=200, reason=OK 
 headers={'Date': 'Wed, 19 Jun 2024 18:19:13 GMT', 'Content-Type': 'application/json; charset=utf-8', 'Transfer-Encoding': 'chunked', 'Connection': 'keep-alive', 'X-Powered-By': 'Express', 'Access-Control-Allow-Origin': '*', 'Cache-Control': 'no-cache', 'ETag': 'W/"497-7KCBaJ2+149atpNZHxfO5WcvvXw"', 'Vary': 'Accept-Encoding', 'Content-Encoding': 'gzip', 'CF-Cache-Status': 'DYNAMIC', 'Report-To': '{"endpoints":[{"url":"https:\\/\\/a.nel.cloudflare.com\\/report\\/v4?s=7OtyvBUsJWFtnB4U9HAHTIyV0w4HWaVi9MHjQYBmgZ9lHCtWn6i9k3bEWvtLMdyp40J9kEboj%2Ba40BadwFmpKZlk5sB6Uo8wkxgLp89cOUTufsCinHYNbNrSxHb2HpWK"}],"group":"cf-nel","max_age":604800}', 'NEL': '{"success_fraction":0,"report_to":"cf-nel","max_age":604800}', 'Server': 'cloudflare', 'CF-RAY': '896586b31ebcfa4e-SJC', 'alt-svc': 'h3=":443"; ma=86400'} 
 body={"results":[{"gender":"male","name":{"title":"Mr","first":"Noham","last":"Charles"},"location":{"street":{"number":1497,"name":"Rue Pierre-Delore"},"city":"Bordeaux","state":"Aube","country":"France","postcode":63020,"coordinates":{"latitude":"-18.4362","longitude":"-122.8685"},"timezone":{"offset":"+11:00","description":"Magadan, Solomon Islands, New Caledonia"}},"email":"noham.charles@example.com","login":{"uuid":"c2f2f219-9db2-4654-af12-b66f61f3264b","username":"bigdog773","password":"zulu","salt":"MZRhyxsx","md5":"47594b083a7f2a6097bda6efd2ff6da2","sha1":"b95469aa810bd1d6704c73852e3282918944a7be","sha256":"3ba13b7d35b60136808c02782ac9b6fe8e909aa3eb30b822de293df578ed90a1"},"dob":{"date":"1967-03-11T10:05:35.584Z","age":57},"registered":{"date":"2010-03-12T18:44:36.131Z","age":14},"phone":"03-09-11-42-71","cell":"06-66-20-42-66","id":{"name":"INSEE","value":"1670247341613 10"},"picture":{"large":"https://randomuser.me/api/portraits/men/97.jpg","medium":"https://randomuser.me/api/portraits/med/men/97.jpg","thumbnail":"https://randomuser.me/api/portraits/thumb/men/97.jpg"},"nat":"FR"}],"info":{"seed":"bdf0752f139b8d2a","results":1,"page":1,"version":"1.4"}} 
 </msg>
<msg time="2024-06-19T18:19:13.934584" level="INFO">/opt/hostedtoolcache/Python/3.12.4/x64/lib/python3.12/site-packages/urllib3/connectionpool.py:1099: InsecureRequestWarning: Unverified HTTPS request is being made to host 'randomuser.me'. Adding certificate verification is strongly advised. See: https://urllib3.readthedocs.io/en/latest/advanced-usage.html#tls-warnings
  warnings.warn(</msg>
<msg time="2024-06-19T18:19:13.934704" level="INFO">${response} = &lt;Response [200]&gt;</msg>
<var>${response}</var>
<arg>consultarAPI</arg>
<arg>/api</arg>
<doc>Sends a GET request on a previously created HTTP Session.</doc>
<status status="PASS" start="2024-06-19T18:19:13.765718" elapsed="0.169036"/>
</kw>
<kw name="Set Variable" owner="BuiltIn">
<msg time="2024-06-19T18:19:13.935841" level="INFO">${json_data} = {'results': [{'gender': 'male', 'name': {'title': 'Mr', 'first': 'Noham', 'last': 'Charles'}, 'location': {'street': {'number': 1497, 'name': 'Rue Pierre-Delore'}, 'city': 'Bordeaux', 'state': 'Aube',...</msg>
<var>${json_data}</var>
<arg>${response.json()}</arg>
<doc>Returns the given values which can then be assigned to a variables.</doc>
<status status="PASS" start="2024-06-19T18:19:13.935276" elapsed="0.000594"/>
</kw>
<kw name="Log" owner="BuiltIn">
<msg time="2024-06-19T18:19:13.936320" level="INFO">{'results': [{'gender': 'male', 'name': {'title': 'Mr', 'first': 'Noham', 'last': 'Charles'}, 'location': {'street': {'number': 1497, 'name': 'Rue Pierre-Delore'}, 'city': 'Bordeaux', 'state': 'Aube', 'country': 'France', 'postcode': 63020, 'coordinates': {'latitude': '-18.4362', 'longitude': '-122.8685'}, 'timezone': {'offset': '+11:00', 'description': 'Magadan, Solomon Islands, New Caledonia'}}, 'email': 'noham.charles@example.com', 'login': {'uuid': 'c2f2f219-9db2-4654-af12-b66f61f3264b', 'username': 'bigdog773', 'password': 'zulu', 'salt': 'MZRhyxsx', 'md5': '47594b083a7f2a6097bda6efd2ff6da2', 'sha1': 'b95469aa810bd1d6704c73852e3282918944a7be', 'sha256': '3ba13b7d35b60136808c02782ac9b6fe8e909aa3eb30b822de293df578ed90a1'}, 'dob': {'date': '1967-03-11T10:05:35.584Z', 'age': 57}, 'registered': {'date': '2010-03-12T18:44:36.131Z', 'age': 14}, 'phone': '03-09-11-42-71', 'cell': '06-66-20-42-66', 'id': {'name': 'INSEE', 'value': '1670247341613 10'}, 'picture': {'large': 'https://randomuser.me/api/portraits/men/97.jpg', 'medium': 'https://randomuser.me/api/portraits/med/men/97.jpg', 'thumbnail': 'https://randomuser.me/api/portraits/thumb/men/97.jpg'}, 'nat': 'FR'}], 'info': {'seed': 'bdf0752f139b8d2a', 'results': 1, 'page': 1, 'version': '1.4'}}</msg>
<arg>${json_data}</arg>
<doc>Logs the given message with the given level.</doc>
<status status="PASS" start="2024-06-19T18:19:13.936170" elapsed="0.000195"/>
</kw>
<kw name="Should Be Equal As Numbers" owner="BuiltIn">
<arg>${json_data['results'][0]['location']['postcode']}</arg>
<arg>${json_data['results'][0]['location']['postcode']}</arg>
<doc>Fails if objects are unequal after converting them to real numbers.</doc>
<status status="PASS" start="2024-06-19T18:19:13.936651" elapsed="0.000681"/>
</kw>
<kw name="Log" owner="BuiltIn">
<msg time="2024-06-19T18:19:13.937862" level="INFO">63020</msg>
<arg>${json_data['results'][0]['location']['postcode']}</arg>
<doc>Logs the given message with the given level.</doc>
<status status="PASS" start="2024-06-19T18:19:13.937524" elapsed="0.000379"/>
</kw>
<status status="PASS" start="2024-06-19T18:19:13.765504" elapsed="0.172677"/>
</kw>
<doc>Testa se os tipos de dados na resposta da API estão corretos.</doc>
<tag>testeTiposDados</tag>
<status status="PASS" start="2024-06-19T18:19:13.497535" elapsed="0.440811"/>
</test>
<test id="s1-s1-t5" name="Validar conteudo" line="35">
<kw name="Teste de Tipos de Conteudo" owner="random-user-service">
<kw name="GET On Session" owner="RequestsLibrary">
<msg time="2024-06-19T18:19:14.046509" level="INFO">GET Request : url=https://randomuser.me/api 
 path_url=/api 
 headers={'User-Agent': 'python-requests/2.32.3', 'Accept-Encoding': 'gzip, deflate', 'Accept': '*/*', 'Connection': 'keep-alive'} 
 body=None 
 </msg>
<msg time="2024-06-19T18:19:14.046590" level="INFO">GET Response : url=https://randomuser.me/api 
 status=200, reason=OK 
 headers={'Date': 'Wed, 19 Jun 2024 18:19:14 GMT', 'Content-Type': 'application/json; charset=utf-8', 'Transfer-Encoding': 'chunked', 'Connection': 'keep-alive', 'X-Powered-By': 'Express', 'Access-Control-Allow-Origin': '*', 'Cache-Control': 'no-cache', 'ETag': 'W/"48d-T4S1qe/iHBSTQ3JYbMUbfYZE6Vw"', 'Vary': 'Accept-Encoding', 'Content-Encoding': 'gzip', 'CF-Cache-Status': 'DYNAMIC', 'Report-To': '{"endpoints":[{"url":"https:\\/\\/a.nel.cloudflare.com\\/report\\/v4?s=UcA%2BqRIRX5mwLGdnQ%2FUKcP86SqiFh2tTl9YfXwOJAzrImwbGVDugvyyJiwvYcRcsJwXAfDQBeimOP48G%2BPvwPgQYy7nHfOl9VcZMoQniAaEFEwKR3zq3BEcIhZtspkCB"}],"group":"cf-nel","max_age":604800}', 'NEL': '{"success_fraction":0,"report_to":"cf-nel","max_age":604800}', 'Server': 'cloudflare', 'CF-RAY': '896586b42f7bfa4e-SJC', 'alt-svc': 'h3=":443"; ma=86400'} 
 body={"results":[{"gender":"male","name":{"title":"Mr","first":"امیر","last":"زارعی"},"location":{"street":{"number":9665,"name":"آیت الله طالقانی"},"city":"آمل","state":"فارس","country":"Iran","postcode":21845,"coordinates":{"latitude":"15.8084","longitude":"-94.4433"},"timezone":{"offset":"-3:00","description":"Brazil, Buenos Aires, Georgetown"}},"email":"myr.zraay@example.com","login":{"uuid":"345f0082-c365-4355-b5e1-27959e5a4da4","username":"tinybutterfly247","password":"eeee","salt":"VoxwnutC","md5":"5e279f64d050c31674e1276863f3312e","sha1":"73bf40fa6887604504daa6724cc16537d13612bf","sha256":"7d75516a5df9b29d3d07a7de20fd4889f95f72df1a59cf8d0c951639dc3600f2"},"dob":{"date":"1969-11-06T14:38:05.013Z","age":54},"registered":{"date":"2014-01-21T18:22:10.146Z","age":10},"phone":"068-36286295","cell":"0938-110-1606","id":{"name":"","value":null},"picture":{"large":"https://randomuser.me/api/portraits/men/32.jpg","medium":"https://randomuser.me/api/portraits/med/men/32.jpg","thumbnail":"https://randomuser.me/api/portraits/thumb/men/32.jpg"},"nat":"IR"}],"info":{"seed":"07e7443978e19664","results":1,"page":1,"version":"1.4"}} 
 </msg>
<msg time="2024-06-19T18:19:14.046679" level="INFO">/opt/hostedtoolcache/Python/3.12.4/x64/lib/python3.12/site-packages/urllib3/connectionpool.py:1099: InsecureRequestWarning: Unverified HTTPS request is being made to host 'randomuser.me'. Adding certificate verification is strongly advised. See: https://urllib3.readthedocs.io/en/latest/advanced-usage.html#tls-warnings
  warnings.warn(</msg>
<msg time="2024-06-19T18:19:14.046784" level="INFO">${response} = &lt;Response [200]&gt;</msg>
<var>${response}</var>
<arg>consultarAPI</arg>
<arg>/api</arg>
<doc>Sends a GET request on a previously created HTTP Session.</doc>
<status status="PASS" start="2024-06-19T18:19:13.940951" elapsed="0.105870"/>
</kw>
<kw name="Set Variable" owner="BuiltIn">
<msg time="2024-06-19T18:19:14.047673" level="INFO">${json_data} = {'results': [{'gender': 'male', 'name': {'title': 'Mr', 'first': 'امیر', 'last': 'زارعی'}, 'location': {'street': {'number': 9665, 'name': 'آیت الله طالقانی'}, 'city': 'آمل', 'state': 'فارس', 'country...</msg>
<var>${json_data}</var>
<arg>${response.json()}</arg>
<doc>Returns the given values which can then be assigned to a variables.</doc>
<status status="PASS" start="2024-06-19T18:19:14.047233" elapsed="0.000469"/>
</kw>
<kw name="Set Variable" owner="BuiltIn">
<msg time="2024-06-19T18:19:14.048364" level="INFO">${name_title} = Mr</msg>
<var>${name_title}</var>
<arg>${json_data["results"][0]["name"]["title"]}</arg>
<doc>Returns the given values which can then be assigned to a variables.</doc>
<status status="PASS" start="2024-06-19T18:19:14.047998" elapsed="0.000391"/>
</kw>
<kw name="Create List" owner="BuiltIn">
<msg time="2024-06-19T18:19:14.048825" level="INFO">${allowed_titles} = ['Mr', 'Ms', 'Miss', 'Mrs', 'Madame', 'Monsieur']</msg>
<var>${allowed_titles}</var>
<arg>Mr</arg>
<arg>Ms</arg>
<arg>Miss</arg>
<arg>Mrs</arg>
<arg>Madame</arg>
<arg>Monsieur</arg>
<doc>Returns a list containing given items.</doc>
<status status="PASS" start="2024-06-19T18:19:14.048679" elapsed="0.000172"/>
</kw>
<kw name="List Should Contain Value" owner="Collections">
<arg>${allowed_titles}</arg>
<arg>${name_title}</arg>
<doc>Fails if the ``value`` is not found from ``list``.</doc>
<status status="PASS" start="2024-06-19T18:19:14.049180" elapsed="0.000209"/>
</kw>
<kw name="Set Variable" owner="BuiltIn">
<msg time="2024-06-19T18:19:14.049926" level="INFO">${name_country} = IR</msg>
<var>${name_country}</var>
<arg>${json_data["results"][0]["nat"]}</arg>
<doc>Returns the given values which can then be assigned to a variables.</doc>
<status status="PASS" start="2024-06-19T18:19:14.049568" elapsed="0.000382"/>
</kw>
<kw name="Create List" owner="BuiltIn">
<msg time="2024-06-19T18:19:14.050840" level="INFO">${list_country} = ['AD', 'AE', 'AF', 'AG', 'AI', 'AL', 'AM', 'AO', 'AQ', 'AR', 'AS', 'AT', 'AU', 'AW', 'AX', 'AZ', 'BA', 'BB', 'BD', 'BE', 'BF', 'BG', 'BH', 'BI', 'BJ', 'BL', 'BM', 'BN', 'BO', 'BQ', 'BR', 'BS', 'BT', '...</msg>
<var>${list_country}</var>
<arg>AD</arg>
<arg>AE</arg>
<arg>AF</arg>
<arg>AG</arg>
<arg>AI</arg>
<arg>AL</arg>
<arg>AM</arg>
<arg>AO</arg>
<arg>AQ</arg>
<arg>AR</arg>
<arg>AS</arg>
<arg>AT</arg>
<arg>AU</arg>
<arg>AW</arg>
<arg>AX</arg>
<arg>AZ</arg>
<arg>BA</arg>
<arg>BB</arg>
<arg>BD</arg>
<arg>BE</arg>
<arg>BF</arg>
<arg>BG</arg>
<arg>BH</arg>
<arg>BI</arg>
<arg>BJ</arg>
<arg>BL</arg>
<arg>BM</arg>
<arg>BN</arg>
<arg>BO</arg>
<arg>BQ</arg>
<arg>BR</arg>
<arg>BS</arg>
<arg>BT</arg>
<arg>BV</arg>
<arg>BW</arg>
<arg>BY</arg>
<arg>BZ</arg>
<arg>CA</arg>
<arg>CC</arg>
<arg>CD</arg>
<arg>CF</arg>
<arg>CG</arg>
<arg>CH</arg>
<arg>CI</arg>
<arg>CK</arg>
<arg>CL</arg>
<arg>CM</arg>
<arg>CN</arg>
<arg>CO</arg>
<arg>CR</arg>
<arg>CU</arg>
<arg>CV</arg>
<arg>CW</arg>
<arg>CX</arg>
<arg>CY</arg>
<arg>CZ</arg>
<arg>DE</arg>
<arg>DJ</arg>
<arg>DK</arg>
<arg>DM</arg>
<arg>DO</arg>
<arg>DZ</arg>
<arg>EC</arg>
<arg>EE</arg>
<arg>EG</arg>
<arg>EH</arg>
<arg>ER</arg>
<arg>ES</arg>
<arg>ET</arg>
<arg>FI</arg>
<arg>FJ</arg>
<arg>FK</arg>
<arg>FM</arg>
<arg>FO</arg>
<arg>FR</arg>
<arg>GA</arg>
<arg>GB</arg>
<arg>GD</arg>
<arg>GE</arg>
<arg>GF</arg>
<arg>GG</arg>
<arg>GH</arg>
<arg>GI</arg>
<arg>GL</arg>
<arg>GM</arg>
<arg>GN</arg>
<arg>GP</arg>
<arg>GQ</arg>
<arg>GR</arg>
<arg>GS</arg>
<arg>GT</arg>
<arg>GU</arg>
<arg>GW</arg>
<arg>GY</arg>
<arg>HK</arg>
<arg>HM</arg>
<arg>HN</arg>
<arg>HR</arg>
<arg>HT</arg>
<arg>HU</arg>
<arg>ID</arg>
<arg>IE</arg>
<arg>IL</arg>
<arg>IM</arg>
<arg>IN</arg>
<arg>IO</arg>
<arg>IQ</arg>
<arg>IR</arg>
<arg>IS</arg>
<arg>IT</arg>
<arg>JE</arg>
<arg>JM</arg>
<arg>JO</arg>
<arg>JP</arg>
<arg>KE</arg>
<arg>KG</arg>
<arg>KH</arg>
<arg>KI</arg>
<arg>KM</arg>
<arg>KN</arg>
<arg>KP</arg>
<arg>KR</arg>
<arg>KW</arg>
<arg>KY</arg>
<arg>KZ</arg>
<arg>LA</arg>
<arg>LB</arg>
<arg>LC</arg>
<arg>LI</arg>
<arg>LK</arg>
<arg>LR</arg>
<arg>LS</arg>
<arg>LT</arg>
<arg>LU</arg>
<arg>LV</arg>
<arg>LY</arg>
<arg>MA</arg>
<arg>MC</arg>
<arg>MD</arg>
<arg>ME</arg>
<arg>MF</arg>
<arg>MG</arg>
<arg>MH</arg>
<arg>MK</arg>
<arg>ML</arg>
<arg>MM</arg>
<arg>MN</arg>
<arg>MO</arg>
<arg>MP</arg>
<arg>MQ</arg>
<arg>MR</arg>
<arg>MS</arg>
<arg>MT</arg>
<arg>MU</arg>
<arg>MV</arg>
<arg>MW</arg>
<arg>MX</arg>
<arg>MY</arg>
<arg>MZ</arg>
<arg>NA</arg>
<arg>NC</arg>
<arg>NE</arg>
<arg>NF</arg>
<arg>NG</arg>
<arg>NI</arg>
<arg>NL</arg>
<arg>NO</arg>
<arg>NP</arg>
<arg>NR</arg>
<arg>NU</arg>
<arg>NZ</arg>
<arg>OM</arg>
<arg>PA</arg>
<arg>PE</arg>
<arg>PF</arg>
<arg>PG</arg>
<arg>PH</arg>
<arg>PK</arg>
<arg>PL</arg>
<arg>PM</arg>
<arg>PN</arg>
<arg>PR</arg>
<arg>PS</arg>
<arg>PT</arg>
<arg>PW</arg>
<arg>PY</arg>
<arg>QA</arg>
<arg>RE</arg>
<arg>RO</arg>
<arg>RS</arg>
<arg>RU</arg>
<arg>RW</arg>
<arg>SA</arg>
<arg>SB</arg>
<arg>SC</arg>
<arg>SD</arg>
<arg>SE</arg>
<arg>SG</arg>
<arg>SH</arg>
<arg>SI</arg>
<arg>SJ</arg>
<arg>SK</arg>
<arg>SL</arg>
<arg>SM</arg>
<arg>SN</arg>
<arg>SO</arg>
<arg>SR</arg>
<arg>SS</arg>
<arg>ST</arg>
<arg>SV</arg>
<arg>SX</arg>
<arg>SY</arg>
<arg>SZ</arg>
<arg>TC</arg>
<arg>TD</arg>
<arg>TF</arg>
<arg>TG</arg>
<arg>TH</arg>
<arg>TJ</arg>
<arg>TK</arg>
<arg>TL</arg>
<arg>TM</arg>
<arg>TN</arg>
<arg>TO</arg>
<arg>TR</arg>
<arg>TT</arg>
<arg>TV</arg>
<arg>TW</arg>
<arg>TZ</arg>
<arg>UA</arg>
<arg>UG</arg>
<arg>UM</arg>
<arg>US</arg>
<arg>UY</arg>
<arg>UZ</arg>
<arg>VA</arg>
<arg>VC</arg>
<arg>VE</arg>
<arg>VG</arg>
<arg>VI</arg>
<arg>VN</arg>
<arg>VU</arg>
<arg>WF</arg>
<arg>WS</arg>
<arg>XK</arg>
<arg>YE</arg>
<arg>YT</arg>
<arg>ZA</arg>
<arg>ZM</arg>
<arg>ZW</arg>
<doc>Returns a list containing given items.</doc>
<status status="PASS" start="2024-06-19T18:19:14.050239" elapsed="0.000627"/>
</kw>
<kw name="List Should Contain Value" owner="Collections">
<arg>${list_country}</arg>
<arg>${name_country}</arg>
<doc>Fails if the ``value`` is not found from ``list``.</doc>
<status status="PASS" start="2024-06-19T18:19:14.051658" elapsed="0.000200"/>
</kw>
<kw name="Run Keyword If" owner="BuiltIn">
<kw name="Should Be True" owner="BuiltIn">
<arg>${True}</arg>
<doc>Fails if the given condition is not true.</doc>
<status status="PASS" start="2024-06-19T18:19:14.052771" elapsed="0.000140"/>
</kw>
<arg>${json_data["results"][0]["location"]["coordinates"]["latitude"]} &gt;= -90 and ${json_data["results"][0]["location"]["coordinates"]["latitude"]} &lt;= 90</arg>
<arg>Should Be True</arg>
<arg>${True}</arg>
<doc>Runs the given keyword with the given arguments, if ``condition`` is true.</doc>
<status status="PASS" start="2024-06-19T18:19:14.052051" elapsed="0.000982"/>
</kw>
<kw name="Run Keyword If" owner="BuiltIn">
<kw name="Should Be True" owner="BuiltIn">
<arg>${True}</arg>
<doc>Fails if the given condition is not true.</doc>
<status status="PASS" start="2024-06-19T18:19:14.053935" elapsed="0.000135"/>
</kw>
<arg>${json_data["results"][0]["location"]["coordinates"]["longitude"]} &gt;= -180 and ${json_data["results"][0]["location"]["coordinates"]["longitude"]} &lt;= 180</arg>
<arg>Should Be True</arg>
<arg>${True}</arg>
<doc>Runs the given keyword with the given arguments, if ``condition`` is true.</doc>
<status status="PASS" start="2024-06-19T18:19:14.053249" elapsed="0.000944"/>
</kw>
<status status="PASS" start="2024-06-19T18:19:13.940589" elapsed="0.113731"/>
</kw>
<doc>Testa o conteúdo específico dos campos retornados pela API.</doc>
<tag>testeConteudo</tag>
<status status="PASS" start="2024-06-19T18:19:13.940060" elapsed="0.114399"/>
</test>
<status status="PASS" start="2024-06-19T18:19:12.585107" elapsed="1.471207"/>
</suite>
<status status="PASS" start="2024-06-19T18:19:12.570857" elapsed="1.490606"/>
</suite>
<statistics>
<total>
<stat pass="5" fail="0" skip="0">All Tests</stat>
</total>
<tag>
<stat pass="1" fail="0" skip="0">testeConteudo</stat>
<stat pass="1" fail="0" skip="0">testeEstruturaResposta</stat>
<stat pass="1" fail="0" skip="0">testeRequisicaoBasica</stat>
<stat pass="1" fail="0" skip="0">testeTiposDados</stat>
</tag>
<suite>
<stat pass="5" fail="0" skip="0" id="s1" name="Tests">Tests</stat>
<stat pass="5" fail="0" skip="0" id="s1-s1" name="Random-User-Test">Tests.Random-User-Test</stat>
</suite>
</statistics>
<errors>
</errors>
</robot>
