<?xml version="1.0" encoding="UTF-8"?>
<robot generator="Robot 7.0 (Python 3.12.3 on linux)" generated="2024-05-23T22:13:48.992454" rpa="false" schemaversion="5">
<suite id="s1" name="Tests" source="/home/runner/work/DesafioQAItauRogerioJordao/DesafioQAItauRogerioJordao/RamdonUser/tests">
<suite id="s1-s1" name="Random-User-Test" source="/home/runner/work/DesafioQAItauRogerioJordao/DesafioQAItauRogerioJordao/RamdonUser/tests/random-user-test.robot">
<test id="s1-s1-t1" name="Conectar" line="13">
<kw name="Conectar API" owner="random-user-service">
<kw name="Create Session" owner="RequestsLibrary">
<msg time="2024-05-23T22:13:49.400100" level="INFO">Creating Session using : alias=consultarAPI, url=https://randomuser.me/, headers={},                     cookies={}, auth=None, timeout=None, proxies=None, verify=False,                     debug=0 </msg>
<arg>consultarAPI</arg>
<arg>${URL}</arg>
<doc>Create Session: create a HTTP session to a server</doc>
<status status="PASS" start="2024-05-23T22:13:49.399899" elapsed="0.000424"/>
</kw>
<status status="PASS" start="2024-05-23T22:13:49.398845" elapsed="0.001849"/>
</kw>
<status status="PASS" start="2024-05-23T22:13:49.398303" elapsed="0.002591"/>
</test>
<test id="s1-s1-t2" name="Validar retorno 200 e JSON Válido" line="16">
<kw name="Teste de Requisicao Basica" owner="random-user-service">
<kw name="GET On Session" owner="RequestsLibrary">
<msg time="2024-05-23T22:13:49.596089" level="INFO">GET Request : url=https://randomuser.me/api 
 path_url=/api 
 headers={'User-Agent': 'python-requests/2.32.2', 'Accept-Encoding': 'gzip, deflate', 'Accept': '*/*', 'Connection': 'keep-alive'} 
 body=None 
 </msg>
<msg time="2024-05-23T22:13:49.596267" level="INFO">GET Response : url=https://randomuser.me/api 
 status=200, reason=OK 
 headers={'Date': 'Thu, 23 May 2024 22:13:49 GMT', 'Content-Type': 'application/json; charset=utf-8', 'Transfer-Encoding': 'chunked', 'Connection': 'keep-alive', 'X-Powered-By': 'Express', 'Access-Control-Allow-Origin': '*', 'Cache-Control': 'no-cache', 'ETag': 'W/"483-6pXAq0zJkGLknfcWvJml50reqXg"', 'Vary': 'Accept-Encoding', 'Content-Encoding': 'gzip', 'CF-Cache-Status': 'DYNAMIC', 'Report-To': '{"endpoints":[{"url":"https:\\/\\/a.nel.cloudflare.com\\/report\\/v4?s=rIakF2P%2FKsqRhCDR%2BzCVTj8IeJ2gbkUhWbRWh6pSg0c6zY8e%2BDwBEXUNzBNduFNrmHriKmuzPImonbpcZRSv8GOiYJogdA%2FcK0ljVsEwuhBt5CzrlnLGVA3dM%2FU2yWyB"}],"group":"cf-nel","max_age":604800}', 'NEL': '{"success_fraction":0,"report_to":"cf-nel","max_age":604800}', 'Server': 'cloudflare', 'CF-RAY': '88886538ad4f9c37-IAD', 'alt-svc': 'h3=":443"; ma=86400'} 
 body={"results":[{"gender":"female","name":{"title":"Ms","first":"Cornelia","last":"Heia"},"location":{"street":{"number":7445,"name":"Langsetveien"},"city":"Mosjøen","state":"Akershus","country":"Norway","postcode":"6263","coordinates":{"latitude":"38.8502","longitude":"15.2696"},"timezone":{"offset":"+4:00","description":"Abu Dhabi, Muscat, Baku, Tbilisi"}},"email":"cornelia.heia@example.com","login":{"uuid":"35d9b780-1fad-4808-839e-29de560c79b5","username":"whitedog615","password":"mikey1","salt":"9Q2IdFam","md5":"84eef1f3d6b2ceb2c45bb27af6df03a5","sha1":"daf7c378c2cc6bd3b98f09cb369e644da4b1bf91","sha256":"64cdb818ebaf3c677245f08f8bf95a2cee61b953983828d7710e131f63e4584b"},"dob":{"date":"1992-10-10T11:10:39.640Z","age":31},"registered":{"date":"2021-01-19T01:22:50.580Z","age":3},"phone":"50745636","cell":"46656629","id":{"name":"FN","value":"10109248261"},"picture":{"large":"https://randomuser.me/api/portraits/women/34.jpg","medium":"https://randomuser.me/api/portraits/med/women/34.jpg","thumbnail":"https://randomuser.me/api/portraits/thumb/women/34.jpg"},"nat":"NO"}],"info":{"seed":"45c63ffc9c890279","results":1,"page":1,"version":"1.4"}} 
 </msg>
<msg time="2024-05-23T22:13:49.596357" level="INFO">/opt/hostedtoolcache/Python/3.12.3/x64/lib/python3.12/site-packages/urllib3/connectionpool.py:1103: InsecureRequestWarning: Unverified HTTPS request is being made to host 'randomuser.me'. Adding certificate verification is strongly advised. See: https://urllib3.readthedocs.io/en/latest/advanced-usage.html#tls-warnings
  warnings.warn(</msg>
<msg time="2024-05-23T22:13:49.596517" level="INFO">${response} = &lt;Response [200]&gt;</msg>
<var>${response}</var>
<arg>consultarAPI</arg>
<arg>/api</arg>
<doc>Sends a GET request on a previously created HTTP Session.</doc>
<status status="PASS" start="2024-05-23T22:13:49.403448" elapsed="0.193109"/>
</kw>
<kw name="Should Be Equal As Numbers" owner="BuiltIn">
<msg time="2024-05-23T22:13:49.597565" level="INFO">Argument types are:
&lt;class 'int'&gt;
&lt;class 'str'&gt;</msg>
<arg>${response.status_code}</arg>
<arg>200</arg>
<doc>Fails if objects are unequal after converting them to real numbers.</doc>
<status status="PASS" start="2024-05-23T22:13:49.597089" elapsed="0.000544"/>
</kw>
<kw name="Log" owner="BuiltIn">
<msg time="2024-05-23T22:13:49.598385" level="INFO">200</msg>
<arg>${response.status_code}</arg>
<doc>Logs the given message with the given level.</doc>
<status status="PASS" start="2024-05-23T22:13:49.598022" elapsed="0.000412"/>
</kw>
<kw name="Set Variable" owner="BuiltIn">
<msg time="2024-05-23T22:13:49.599208" level="INFO">${json_data} = {'results': [{'gender': 'female', 'name': {'title': 'Ms', 'first': 'Cornelia', 'last': 'Heia'}, 'location': {'street': {'number': 7445, 'name': 'Langsetveien'}, 'city': 'Mosjøen', 'state': 'Akershus',...</msg>
<var>${json_data}</var>
<arg>${response.json()}</arg>
<doc>Returns the given values which can then be assigned to a variables.</doc>
<status status="PASS" start="2024-05-23T22:13:49.598751" elapsed="0.000486"/>
</kw>
<kw name="Dictionary Should Contain Key" owner="Collections">
<msg time="2024-05-23T22:13:49.599717" level="INFO">False</msg>
<arg>${json_data}</arg>
<arg>results</arg>
<doc>Fails if ``key`` is not found from ``dictionary``.</doc>
<status status="PASS" start="2024-05-23T22:13:49.599545" elapsed="0.000381"/>
</kw>
<status status="PASS" start="2024-05-23T22:13:49.403200" elapsed="0.196996"/>
</kw>
<doc>Testa se a API responde corretamente e retorna um objeto JSON válido.</doc>
<tag>testeRequisicaoBasica</tag>
<status status="PASS" start="2024-05-23T22:13:49.402740" elapsed="0.197686"/>
</test>
<test id="s1-s1-t3" name="Validar estrutura de resposta" line="22">
<kw name="Teste de Estrutura de Resposta" owner="random-user-service">
<kw name="GET On Session" owner="RequestsLibrary">
<msg time="2024-05-23T22:13:49.681001" level="INFO">GET Request : url=https://randomuser.me/api 
 path_url=/api 
 headers={'User-Agent': 'python-requests/2.32.2', 'Accept-Encoding': 'gzip, deflate', 'Accept': '*/*', 'Connection': 'keep-alive'} 
 body=None 
 </msg>
<msg time="2024-05-23T22:13:49.681075" level="INFO">GET Response : url=https://randomuser.me/api 
 status=200, reason=OK 
 headers={'Date': 'Thu, 23 May 2024 22:13:49 GMT', 'Content-Type': 'application/json; charset=utf-8', 'Transfer-Encoding': 'chunked', 'Connection': 'keep-alive', 'X-Powered-By': 'Express', 'Access-Control-Allow-Origin': '*', 'Cache-Control': 'no-cache', 'ETag': 'W/"495-gydiTyKnWWpISzi180iC4JntiSw"', 'Vary': 'Accept-Encoding', 'Content-Encoding': 'gzip', 'CF-Cache-Status': 'DYNAMIC', 'Report-To': '{"endpoints":[{"url":"https:\\/\\/a.nel.cloudflare.com\\/report\\/v4?s=qdukOsWseifpBiafCFtcFjQsQYhlHGA26FV8RDO6vbiqJASagVlrPHE2uQ%2F%2Fha9lewdj7lWZAdnwJAo1qmre1YwnQYZ2qpoibLHM7Nzr0p8dQMhxePJJISdeOS1OiILJ"}],"group":"cf-nel","max_age":604800}', 'NEL': '{"success_fraction":0,"report_to":"cf-nel","max_age":604800}', 'Server': 'cloudflare', 'CF-RAY': '888865390dd19c37-IAD', 'alt-svc': 'h3=":443"; ma=86400'} 
 body={"results":[{"gender":"female","name":{"title":"Mrs","first":"Edna","last":"Lowe"},"location":{"street":{"number":5797,"name":"Ash Dr"},"city":"Provo","state":"New Hampshire","country":"United States","postcode":76199,"coordinates":{"latitude":"81.5004","longitude":"49.5826"},"timezone":{"offset":"-6:00","description":"Central Time (US &amp; Canada), Mexico City"}},"email":"edna.lowe@example.com","login":{"uuid":"489390b9-bc6c-449c-9bb4-0ed1b000616c","username":"crazybear894","password":"pumpkin","salt":"XAUsKWKU","md5":"c0b5423f0853fe5a506b32f099589c2c","sha1":"0fe1b89e82a07b6f8c86e9d1f0c6f0d30670d1e4","sha256":"f14a4f18ea2bc7a6b0dad219f117f72bfd176320eb7c9f9c151d63ec2758bb93"},"dob":{"date":"1993-01-28T07:36:52.077Z","age":31},"registered":{"date":"2004-06-07T16:14:39.937Z","age":19},"phone":"(200) 504-7357","cell":"(618) 895-4070","id":{"name":"SSN","value":"291-30-1886"},"picture":{"large":"https://randomuser.me/api/portraits/women/71.jpg","medium":"https://randomuser.me/api/portraits/med/women/71.jpg","thumbnail":"https://randomuser.me/api/portraits/thumb/women/71.jpg"},"nat":"US"}],"info":{"seed":"a10e0616d03b7ecb","results":1,"page":1,"version":"1.4"}} 
 </msg>
<msg time="2024-05-23T22:13:49.681177" level="INFO">/opt/hostedtoolcache/Python/3.12.3/x64/lib/python3.12/site-packages/urllib3/connectionpool.py:1103: InsecureRequestWarning: Unverified HTTPS request is being made to host 'randomuser.me'. Adding certificate verification is strongly advised. See: https://urllib3.readthedocs.io/en/latest/advanced-usage.html#tls-warnings
  warnings.warn(</msg>
<msg time="2024-05-23T22:13:49.681296" level="INFO">${response} = &lt;Response [200]&gt;</msg>
<var>${response}</var>
<arg>consultarAPI</arg>
<arg>/api</arg>
<doc>Sends a GET request on a previously created HTTP Session.</doc>
<status status="PASS" start="2024-05-23T22:13:49.602990" elapsed="0.078335"/>
</kw>
<kw name="Set Variable" owner="BuiltIn">
<msg time="2024-05-23T22:13:49.682141" level="INFO">${json_data} = {'results': [{'gender': 'female', 'name': {'title': 'Mrs', 'first': 'Edna', 'last': 'Lowe'}, 'location': {'street': {'number': 5797, 'name': 'Ash Dr'}, 'city': 'Provo', 'state': 'New Hampshire', 'coun...</msg>
<var>${json_data}</var>
<arg>${response.json()}</arg>
<doc>Returns the given values which can then be assigned to a variables.</doc>
<status status="PASS" start="2024-05-23T22:13:49.681683" elapsed="0.000486"/>
</kw>
<kw name="Log" owner="BuiltIn">
<msg time="2024-05-23T22:13:49.682629" level="INFO">{'results': [{'gender': 'female', 'name': {'title': 'Mrs', 'first': 'Edna', 'last': 'Lowe'}, 'location': {'street': {'number': 5797, 'name': 'Ash Dr'}, 'city': 'Provo', 'state': 'New Hampshire', 'country': 'United States', 'postcode': 76199, 'coordinates': {'latitude': '81.5004', 'longitude': '49.5826'}, 'timezone': {'offset': '-6:00', 'description': 'Central Time (US &amp; Canada), Mexico City'}}, 'email': 'edna.lowe@example.com', 'login': {'uuid': '489390b9-bc6c-449c-9bb4-0ed1b000616c', 'username': 'crazybear894', 'password': 'pumpkin', 'salt': 'XAUsKWKU', 'md5': 'c0b5423f0853fe5a506b32f099589c2c', 'sha1': '0fe1b89e82a07b6f8c86e9d1f0c6f0d30670d1e4', 'sha256': 'f14a4f18ea2bc7a6b0dad219f117f72bfd176320eb7c9f9c151d63ec2758bb93'}, 'dob': {'date': '1993-01-28T07:36:52.077Z', 'age': 31}, 'registered': {'date': '2004-06-07T16:14:39.937Z', 'age': 19}, 'phone': '(200) 504-7357', 'cell': '(618) 895-4070', 'id': {'name': 'SSN', 'value': '291-30-1886'}, 'picture': {'large': 'https://randomuser.me/api/portraits/women/71.jpg', 'medium': 'https://randomuser.me/api/portraits/med/women/71.jpg', 'thumbnail': 'https://randomuser.me/api/portraits/thumb/women/71.jpg'}, 'nat': 'US'}], 'info': {'seed': 'a10e0616d03b7ecb', 'results': 1, 'page': 1, 'version': '1.4'}}</msg>
<arg>${json_data}</arg>
<doc>Logs the given message with the given level.</doc>
<status status="PASS" start="2024-05-23T22:13:49.682475" elapsed="0.000202"/>
</kw>
<kw name="Dictionary Should Contain Key" owner="Collections">
<msg time="2024-05-23T22:13:49.683120" level="INFO">False</msg>
<arg>${json_data}</arg>
<arg>results</arg>
<doc>Fails if ``key`` is not found from ``dictionary``.</doc>
<status status="PASS" start="2024-05-23T22:13:49.682968" elapsed="0.000188"/>
</kw>
<kw name="Should Not Be Empty" owner="BuiltIn">
<msg time="2024-05-23T22:13:49.683591" level="INFO">Length is 2.</msg>
<arg>${json_data}</arg>
<doc>Verifies that the given item is not empty.</doc>
<status status="PASS" start="2024-05-23T22:13:49.683456" elapsed="0.000172"/>
</kw>
<kw name="Create List" owner="BuiltIn">
<msg time="2024-05-23T22:13:49.684073" level="INFO">${expected_keys} = ['gender', 'name', 'location', 'email', 'login']</msg>
<var>${expected_keys}</var>
<arg>gender</arg>
<arg>name</arg>
<arg>location</arg>
<arg>email</arg>
<arg>login</arg>
<doc>Returns a list containing given items.</doc>
<status status="PASS" start="2024-05-23T22:13:49.683923" elapsed="0.000173"/>
</kw>
<for flavor="IN">
<iter>
<kw name="Dictionary Should Contain Key" owner="Collections">
<msg time="2024-05-23T22:13:49.685122" level="INFO">False</msg>
<arg>${json_data['results'][0]}</arg>
<arg>${key}</arg>
<doc>Fails if ``key`` is not found from ``dictionary``.</doc>
<status status="PASS" start="2024-05-23T22:13:49.684726" elapsed="0.000438"/>
</kw>
<kw name="Log" owner="BuiltIn">
<msg time="2024-05-23T22:13:49.685837" level="INFO">{'gender': 'female', 'name': {'title': 'Mrs', 'first': 'Edna', 'last': 'Lowe'}, 'location': {'street': {'number': 5797, 'name': 'Ash Dr'}, 'city': 'Provo', 'state': 'New Hampshire', 'country': 'United States', 'postcode': 76199, 'coordinates': {'latitude': '81.5004', 'longitude': '49.5826'}, 'timezone': {'offset': '-6:00', 'description': 'Central Time (US &amp; Canada), Mexico City'}}, 'email': 'edna.lowe@example.com', 'login': {'uuid': '489390b9-bc6c-449c-9bb4-0ed1b000616c', 'username': 'crazybear894', 'password': 'pumpkin', 'salt': 'XAUsKWKU', 'md5': 'c0b5423f0853fe5a506b32f099589c2c', 'sha1': '0fe1b89e82a07b6f8c86e9d1f0c6f0d30670d1e4', 'sha256': 'f14a4f18ea2bc7a6b0dad219f117f72bfd176320eb7c9f9c151d63ec2758bb93'}, 'dob': {'date': '1993-01-28T07:36:52.077Z', 'age': 31}, 'registered': {'date': '2004-06-07T16:14:39.937Z', 'age': 19}, 'phone': '(200) 504-7357', 'cell': '(618) 895-4070', 'id': {'name': 'SSN', 'value': '291-30-1886'}, 'picture': {'large': 'https://randomuser.me/api/portraits/women/71.jpg', 'medium': 'https://randomuser.me/api/portraits/med/women/71.jpg', 'thumbnail': 'https://randomuser.me/api/portraits/thumb/women/71.jpg'}, 'nat': 'US'}</msg>
<arg>${json_data['results'][0]}</arg>
<doc>Logs the given message with the given level.</doc>
<status status="PASS" start="2024-05-23T22:13:49.685462" elapsed="0.000424"/>
</kw>
<kw name="Log" owner="BuiltIn">
<msg time="2024-05-23T22:13:49.686313" level="INFO">gender</msg>
<arg>${key}</arg>
<doc>Logs the given message with the given level.</doc>
<status status="PASS" start="2024-05-23T22:13:49.686185" elapsed="0.000164"/>
</kw>
<var name="${key}">gender</var>
<status status="PASS" start="2024-05-23T22:13:49.684598" elapsed="0.001965"/>
</iter>
<iter>
<kw name="Dictionary Should Contain Key" owner="Collections">
<msg time="2024-05-23T22:13:49.687270" level="INFO">False</msg>
<arg>${json_data['results'][0]}</arg>
<arg>${key}</arg>
<doc>Fails if ``key`` is not found from ``dictionary``.</doc>
<status status="PASS" start="2024-05-23T22:13:49.686869" elapsed="0.000438"/>
</kw>
<kw name="Log" owner="BuiltIn">
<msg time="2024-05-23T22:13:49.687986" level="INFO">{'gender': 'female', 'name': {'title': 'Mrs', 'first': 'Edna', 'last': 'Lowe'}, 'location': {'street': {'number': 5797, 'name': 'Ash Dr'}, 'city': 'Provo', 'state': 'New Hampshire', 'country': 'United States', 'postcode': 76199, 'coordinates': {'latitude': '81.5004', 'longitude': '49.5826'}, 'timezone': {'offset': '-6:00', 'description': 'Central Time (US &amp; Canada), Mexico City'}}, 'email': 'edna.lowe@example.com', 'login': {'uuid': '489390b9-bc6c-449c-9bb4-0ed1b000616c', 'username': 'crazybear894', 'password': 'pumpkin', 'salt': 'XAUsKWKU', 'md5': 'c0b5423f0853fe5a506b32f099589c2c', 'sha1': '0fe1b89e82a07b6f8c86e9d1f0c6f0d30670d1e4', 'sha256': 'f14a4f18ea2bc7a6b0dad219f117f72bfd176320eb7c9f9c151d63ec2758bb93'}, 'dob': {'date': '1993-01-28T07:36:52.077Z', 'age': 31}, 'registered': {'date': '2004-06-07T16:14:39.937Z', 'age': 19}, 'phone': '(200) 504-7357', 'cell': '(618) 895-4070', 'id': {'name': 'SSN', 'value': '291-30-1886'}, 'picture': {'large': 'https://randomuser.me/api/portraits/women/71.jpg', 'medium': 'https://randomuser.me/api/portraits/med/women/71.jpg', 'thumbnail': 'https://randomuser.me/api/portraits/thumb/women/71.jpg'}, 'nat': 'US'}</msg>
<arg>${json_data['results'][0]}</arg>
<doc>Logs the given message with the given level.</doc>
<status status="PASS" start="2024-05-23T22:13:49.687632" elapsed="0.000401"/>
</kw>
<kw name="Log" owner="BuiltIn">
<msg time="2024-05-23T22:13:49.688471" level="INFO">name</msg>
<arg>${key}</arg>
<doc>Logs the given message with the given level.</doc>
<status status="PASS" start="2024-05-23T22:13:49.688346" elapsed="0.000161"/>
</kw>
<var name="${key}">name</var>
<status status="PASS" start="2024-05-23T22:13:49.686749" elapsed="0.001978"/>
</iter>
<iter>
<kw name="Dictionary Should Contain Key" owner="Collections">
<msg time="2024-05-23T22:13:49.689383" level="INFO">False</msg>
<arg>${json_data['results'][0]}</arg>
<arg>${key}</arg>
<doc>Fails if ``key`` is not found from ``dictionary``.</doc>
<status status="PASS" start="2024-05-23T22:13:49.689012" elapsed="0.000408"/>
</kw>
<kw name="Log" owner="BuiltIn">
<msg time="2024-05-23T22:13:49.690077" level="INFO">{'gender': 'female', 'name': {'title': 'Mrs', 'first': 'Edna', 'last': 'Lowe'}, 'location': {'street': {'number': 5797, 'name': 'Ash Dr'}, 'city': 'Provo', 'state': 'New Hampshire', 'country': 'United States', 'postcode': 76199, 'coordinates': {'latitude': '81.5004', 'longitude': '49.5826'}, 'timezone': {'offset': '-6:00', 'description': 'Central Time (US &amp; Canada), Mexico City'}}, 'email': 'edna.lowe@example.com', 'login': {'uuid': '489390b9-bc6c-449c-9bb4-0ed1b000616c', 'username': 'crazybear894', 'password': 'pumpkin', 'salt': 'XAUsKWKU', 'md5': 'c0b5423f0853fe5a506b32f099589c2c', 'sha1': '0fe1b89e82a07b6f8c86e9d1f0c6f0d30670d1e4', 'sha256': 'f14a4f18ea2bc7a6b0dad219f117f72bfd176320eb7c9f9c151d63ec2758bb93'}, 'dob': {'date': '1993-01-28T07:36:52.077Z', 'age': 31}, 'registered': {'date': '2004-06-07T16:14:39.937Z', 'age': 19}, 'phone': '(200) 504-7357', 'cell': '(618) 895-4070', 'id': {'name': 'SSN', 'value': '291-30-1886'}, 'picture': {'large': 'https://randomuser.me/api/portraits/women/71.jpg', 'medium': 'https://randomuser.me/api/portraits/med/women/71.jpg', 'thumbnail': 'https://randomuser.me/api/portraits/thumb/women/71.jpg'}, 'nat': 'US'}</msg>
<arg>${json_data['results'][0]}</arg>
<doc>Logs the given message with the given level.</doc>
<status status="PASS" start="2024-05-23T22:13:49.689716" elapsed="0.000419"/>
</kw>
<kw name="Log" owner="BuiltIn">
<msg time="2024-05-23T22:13:49.690553" level="INFO">location</msg>
<arg>${key}</arg>
<doc>Logs the given message with the given level.</doc>
<status status="PASS" start="2024-05-23T22:13:49.690428" elapsed="0.000161"/>
</kw>
<var name="${key}">location</var>
<status status="PASS" start="2024-05-23T22:13:49.688903" elapsed="0.001908"/>
</iter>
<iter>
<kw name="Dictionary Should Contain Key" owner="Collections">
<msg time="2024-05-23T22:13:49.691581" level="INFO">False</msg>
<arg>${json_data['results'][0]}</arg>
<arg>${key}</arg>
<doc>Fails if ``key`` is not found from ``dictionary``.</doc>
<status status="PASS" start="2024-05-23T22:13:49.691092" elapsed="0.000527"/>
</kw>
<kw name="Log" owner="BuiltIn">
<msg time="2024-05-23T22:13:49.692304" level="INFO">{'gender': 'female', 'name': {'title': 'Mrs', 'first': 'Edna', 'last': 'Lowe'}, 'location': {'street': {'number': 5797, 'name': 'Ash Dr'}, 'city': 'Provo', 'state': 'New Hampshire', 'country': 'United States', 'postcode': 76199, 'coordinates': {'latitude': '81.5004', 'longitude': '49.5826'}, 'timezone': {'offset': '-6:00', 'description': 'Central Time (US &amp; Canada), Mexico City'}}, 'email': 'edna.lowe@example.com', 'login': {'uuid': '489390b9-bc6c-449c-9bb4-0ed1b000616c', 'username': 'crazybear894', 'password': 'pumpkin', 'salt': 'XAUsKWKU', 'md5': 'c0b5423f0853fe5a506b32f099589c2c', 'sha1': '0fe1b89e82a07b6f8c86e9d1f0c6f0d30670d1e4', 'sha256': 'f14a4f18ea2bc7a6b0dad219f117f72bfd176320eb7c9f9c151d63ec2758bb93'}, 'dob': {'date': '1993-01-28T07:36:52.077Z', 'age': 31}, 'registered': {'date': '2004-06-07T16:14:39.937Z', 'age': 19}, 'phone': '(200) 504-7357', 'cell': '(618) 895-4070', 'id': {'name': 'SSN', 'value': '291-30-1886'}, 'picture': {'large': 'https://randomuser.me/api/portraits/women/71.jpg', 'medium': 'https://randomuser.me/api/portraits/med/women/71.jpg', 'thumbnail': 'https://randomuser.me/api/portraits/thumb/women/71.jpg'}, 'nat': 'US'}</msg>
<arg>${json_data['results'][0]}</arg>
<doc>Logs the given message with the given level.</doc>
<status status="PASS" start="2024-05-23T22:13:49.691914" elapsed="0.000442"/>
</kw>
<kw name="Log" owner="BuiltIn">
<msg time="2024-05-23T22:13:49.692781" level="INFO">email</msg>
<arg>${key}</arg>
<doc>Logs the given message with the given level.</doc>
<status status="PASS" start="2024-05-23T22:13:49.692655" elapsed="0.000163"/>
</kw>
<var name="${key}">email</var>
<status status="PASS" start="2024-05-23T22:13:49.690983" elapsed="0.002048"/>
</iter>
<iter>
<kw name="Dictionary Should Contain Key" owner="Collections">
<msg time="2024-05-23T22:13:49.693683" level="INFO">False</msg>
<arg>${json_data['results'][0]}</arg>
<arg>${key}</arg>
<doc>Fails if ``key`` is not found from ``dictionary``.</doc>
<status status="PASS" start="2024-05-23T22:13:49.693310" elapsed="0.000409"/>
</kw>
<kw name="Log" owner="BuiltIn">
<msg time="2024-05-23T22:13:49.694365" level="INFO">{'gender': 'female', 'name': {'title': 'Mrs', 'first': 'Edna', 'last': 'Lowe'}, 'location': {'street': {'number': 5797, 'name': 'Ash Dr'}, 'city': 'Provo', 'state': 'New Hampshire', 'country': 'United States', 'postcode': 76199, 'coordinates': {'latitude': '81.5004', 'longitude': '49.5826'}, 'timezone': {'offset': '-6:00', 'description': 'Central Time (US &amp; Canada), Mexico City'}}, 'email': 'edna.lowe@example.com', 'login': {'uuid': '489390b9-bc6c-449c-9bb4-0ed1b000616c', 'username': 'crazybear894', 'password': 'pumpkin', 'salt': 'XAUsKWKU', 'md5': 'c0b5423f0853fe5a506b32f099589c2c', 'sha1': '0fe1b89e82a07b6f8c86e9d1f0c6f0d30670d1e4', 'sha256': 'f14a4f18ea2bc7a6b0dad219f117f72bfd176320eb7c9f9c151d63ec2758bb93'}, 'dob': {'date': '1993-01-28T07:36:52.077Z', 'age': 31}, 'registered': {'date': '2004-06-07T16:14:39.937Z', 'age': 19}, 'phone': '(200) 504-7357', 'cell': '(618) 895-4070', 'id': {'name': 'SSN', 'value': '291-30-1886'}, 'picture': {'large': 'https://randomuser.me/api/portraits/women/71.jpg', 'medium': 'https://randomuser.me/api/portraits/med/women/71.jpg', 'thumbnail': 'https://randomuser.me/api/portraits/thumb/women/71.jpg'}, 'nat': 'US'}</msg>
<arg>${json_data['results'][0]}</arg>
<doc>Logs the given message with the given level.</doc>
<status status="PASS" start="2024-05-23T22:13:49.694013" elapsed="0.000400"/>
</kw>
<kw name="Log" owner="BuiltIn">
<msg time="2024-05-23T22:13:49.694825" level="INFO">login</msg>
<arg>${key}</arg>
<doc>Logs the given message with the given level.</doc>
<status status="PASS" start="2024-05-23T22:13:49.694701" elapsed="0.000160"/>
</kw>
<var name="${key}">login</var>
<status status="PASS" start="2024-05-23T22:13:49.693202" elapsed="0.001900"/>
</iter>
<var>${key}</var>
<value>@{expected_keys}</value>
<status status="PASS" start="2024-05-23T22:13:49.684406" elapsed="0.010816"/>
</for>
<kw name="Create List" owner="BuiltIn">
<msg time="2024-05-23T22:13:49.695547" level="INFO">${expected_keysTwo} = ['username', 'password']</msg>
<var>${expected_keysTwo}</var>
<arg>username</arg>
<arg>password</arg>
<doc>Returns a list containing given items.</doc>
<status status="PASS" start="2024-05-23T22:13:49.695414" elapsed="0.000156"/>
</kw>
<for flavor="IN">
<iter>
<kw name="Dictionary Should Contain Key" owner="Collections">
<msg time="2024-05-23T22:13:49.696468" level="INFO">False</msg>
<arg>${json_data['results'][0]['login']}</arg>
<arg>${keyTwo}</arg>
<doc>Fails if ``key`` is not found from ``dictionary``.</doc>
<status status="PASS" start="2024-05-23T22:13:49.696060" elapsed="0.000444"/>
</kw>
<kw name="Dictionary Should Contain Key" owner="Collections">
<msg time="2024-05-23T22:13:49.697206" level="INFO">False</msg>
<arg>${json_data['results'][0]['login']}</arg>
<arg>${keyTwo}</arg>
<doc>Fails if ``key`` is not found from ``dictionary``.</doc>
<status status="PASS" start="2024-05-23T22:13:49.696800" elapsed="0.000442"/>
</kw>
<kw name="Log" owner="BuiltIn">
<msg time="2024-05-23T22:13:49.697659" level="INFO">username</msg>
<arg>${keyTwo}</arg>
<doc>Logs the given message with the given level.</doc>
<status status="PASS" start="2024-05-23T22:13:49.697534" elapsed="0.000162"/>
</kw>
<var name="${keyTwo}">username</var>
<status status="PASS" start="2024-05-23T22:13:49.695952" elapsed="0.001954"/>
</iter>
<iter>
<kw name="Dictionary Should Contain Key" owner="Collections">
<msg time="2024-05-23T22:13:49.698554" level="INFO">False</msg>
<arg>${json_data['results'][0]['login']}</arg>
<arg>${keyTwo}</arg>
<doc>Fails if ``key`` is not found from ``dictionary``.</doc>
<status status="PASS" start="2024-05-23T22:13:49.698181" elapsed="0.000409"/>
</kw>
<kw name="Dictionary Should Contain Key" owner="Collections">
<msg time="2024-05-23T22:13:49.699247" level="INFO">False</msg>
<arg>${json_data['results'][0]['login']}</arg>
<arg>${keyTwo}</arg>
<doc>Fails if ``key`` is not found from ``dictionary``.</doc>
<status status="PASS" start="2024-05-23T22:13:49.698878" elapsed="0.000404"/>
</kw>
<kw name="Log" owner="BuiltIn">
<msg time="2024-05-23T22:13:49.699704" level="INFO">password</msg>
<arg>${keyTwo}</arg>
<doc>Logs the given message with the given level.</doc>
<status status="PASS" start="2024-05-23T22:13:49.699579" elapsed="0.000160"/>
</kw>
<var name="${keyTwo}">password</var>
<status status="PASS" start="2024-05-23T22:13:49.698074" elapsed="0.001878"/>
</iter>
<var>${keyTwo}</var>
<value>@{expected_keysTwo}</value>
<status status="PASS" start="2024-05-23T22:13:49.695804" elapsed="0.004265"/>
</for>
<status status="PASS" start="2024-05-23T22:13:49.602748" elapsed="0.097459"/>
</kw>
<doc>Testa a estrutura da resposta da API.</doc>
<tag>testeEstruturaResposta</tag>
<status status="PASS" start="2024-05-23T22:13:49.602252" elapsed="0.098152"/>
</test>
<test id="s1-s1-t4" name="Validar tipos de dados" line="28">
<kw name="Teste de Tipos de Dados" owner="random-user-service">
<kw name="GET On Session" owner="RequestsLibrary">
<msg time="2024-05-23T22:13:49.796449" level="INFO">GET Request : url=https://randomuser.me/api 
 path_url=/api 
 headers={'User-Agent': 'python-requests/2.32.2', 'Accept-Encoding': 'gzip, deflate', 'Accept': '*/*', 'Connection': 'keep-alive'} 
 body=None 
 </msg>
<msg time="2024-05-23T22:13:49.796533" level="INFO">GET Response : url=https://randomuser.me/api 
 status=200, reason=OK 
 headers={'Date': 'Thu, 23 May 2024 22:13:49 GMT', 'Content-Type': 'application/json; charset=utf-8', 'Transfer-Encoding': 'chunked', 'Connection': 'keep-alive', 'X-Powered-By': 'Express', 'Access-Control-Allow-Origin': '*', 'Cache-Control': 'no-cache', 'ETag': 'W/"4b1-aIhCLIECU34KX8xEFyJQZZ+lgvo"', 'Vary': 'Accept-Encoding', 'Content-Encoding': 'gzip', 'CF-Cache-Status': 'DYNAMIC', 'Report-To': '{"endpoints":[{"url":"https:\\/\\/a.nel.cloudflare.com\\/report\\/v4?s=W%2FlTLS0nKrUka6CWPAHJ%2FG3IgqacWxz%2BEQcLo1JSWm1%2B66bu29yUNATVA8LJicB%2BqAVG9QcUx8TaJ%2FcPiWC7k1Bho3VY2bCT0zGmxsak6X3ELL9imL%2FnhWZD1YveO9jI"}],"group":"cf-nel","max_age":604800}', 'NEL': '{"success_fraction":0,"report_to":"cf-nel","max_age":604800}', 'Server': 'cloudflare', 'CF-RAY': '88886539ae8a9c37-IAD', 'alt-svc': 'h3=":443"; ma=86400'} 
 body={"results":[{"gender":"female","name":{"title":"Miss","first":"Vanessa","last":"Steward"},"location":{"street":{"number":7622,"name":"Main Road"},"city":"St Davids","state":"Worcestershire","country":"United Kingdom","postcode":"M3 5PG","coordinates":{"latitude":"-9.9872","longitude":"92.5590"},"timezone":{"offset":"+10:00","description":"Eastern Australia, Guam, Vladivostok"}},"email":"vanessa.steward@example.com","login":{"uuid":"fd5fc5df-f93a-4ba5-b559-6be654332869","username":"organicgorilla738","password":"franklin","salt":"MnQTPu8w","md5":"5e8f6a4204c592f46861311138faa4b2","sha1":"524cf5e7059001d6569105da787a7901eb18916f","sha256":"5e7fa1a782e9ba7780b27c470bfd94cfc660556f65bb36287be41cd1783a0a33"},"dob":{"date":"1997-03-14T09:46:12.457Z","age":27},"registered":{"date":"2010-07-08T12:21:03.930Z","age":13},"phone":"017687 17953","cell":"07693 276150","id":{"name":"NINO","value":"JE 06 06 26 J"},"picture":{"large":"https://randomuser.me/api/portraits/women/34.jpg","medium":"https://randomuser.me/api/portraits/med/women/34.jpg","thumbnail":"https://randomuser.me/api/portraits/thumb/women/34.jpg"},"nat":"GB"}],"info":{"seed":"57dce5ad242e4b8f","results":1,"page":1,"version":"1.4"}} 
 </msg>
<msg time="2024-05-23T22:13:49.796606" level="INFO">/opt/hostedtoolcache/Python/3.12.3/x64/lib/python3.12/site-packages/urllib3/connectionpool.py:1103: InsecureRequestWarning: Unverified HTTPS request is being made to host 'randomuser.me'. Adding certificate verification is strongly advised. See: https://urllib3.readthedocs.io/en/latest/advanced-usage.html#tls-warnings
  warnings.warn(</msg>
<msg time="2024-05-23T22:13:49.796737" level="INFO">${response} = &lt;Response [200]&gt;</msg>
<var>${response}</var>
<arg>consultarAPI</arg>
<arg>/api</arg>
<doc>Sends a GET request on a previously created HTTP Session.</doc>
<status status="PASS" start="2024-05-23T22:13:49.702808" elapsed="0.093979"/>
</kw>
<kw name="Set Variable" owner="BuiltIn">
<msg time="2024-05-23T22:13:49.797826" level="INFO">${json_data} = {'results': [{'gender': 'female', 'name': {'title': 'Miss', 'first': 'Vanessa', 'last': 'Steward'}, 'location': {'street': {'number': 7622, 'name': 'Main Road'}, 'city': 'St Davids', 'state': 'Worcest...</msg>
<var>${json_data}</var>
<arg>${response.json()}</arg>
<doc>Returns the given values which can then be assigned to a variables.</doc>
<status status="PASS" start="2024-05-23T22:13:49.797258" elapsed="0.000598"/>
</kw>
<kw name="Log" owner="BuiltIn">
<msg time="2024-05-23T22:13:49.798338" level="INFO">{'results': [{'gender': 'female', 'name': {'title': 'Miss', 'first': 'Vanessa', 'last': 'Steward'}, 'location': {'street': {'number': 7622, 'name': 'Main Road'}, 'city': 'St Davids', 'state': 'Worcestershire', 'country': 'United Kingdom', 'postcode': 'M3 5PG', 'coordinates': {'latitude': '-9.9872', 'longitude': '92.5590'}, 'timezone': {'offset': '+10:00', 'description': 'Eastern Australia, Guam, Vladivostok'}}, 'email': 'vanessa.steward@example.com', 'login': {'uuid': 'fd5fc5df-f93a-4ba5-b559-6be654332869', 'username': 'organicgorilla738', 'password': 'franklin', 'salt': 'MnQTPu8w', 'md5': '5e8f6a4204c592f46861311138faa4b2', 'sha1': '524cf5e7059001d6569105da787a7901eb18916f', 'sha256': '5e7fa1a782e9ba7780b27c470bfd94cfc660556f65bb36287be41cd1783a0a33'}, 'dob': {'date': '1997-03-14T09:46:12.457Z', 'age': 27}, 'registered': {'date': '2010-07-08T12:21:03.930Z', 'age': 13}, 'phone': '017687 17953', 'cell': '07693 276150', 'id': {'name': 'NINO', 'value': 'JE 06 06 26 J'}, 'picture': {'large': 'https://randomuser.me/api/portraits/women/34.jpg', 'medium': 'https://randomuser.me/api/portraits/med/women/34.jpg', 'thumbnail': 'https://randomuser.me/api/portraits/thumb/women/34.jpg'}, 'nat': 'GB'}], 'info': {'seed': '57dce5ad242e4b8f', 'results': 1, 'page': 1, 'version': '1.4'}}</msg>
<arg>${json_data}</arg>
<doc>Logs the given message with the given level.</doc>
<status status="PASS" start="2024-05-23T22:13:49.798184" elapsed="0.000235"/>
</kw>
<kw name="Should Be String" owner="String">
<arg>${json_data['results'][0]['gender']}</arg>
<doc>Fails if the given ``item`` is not a string.</doc>
<status status="PASS" start="2024-05-23T22:13:49.798725" elapsed="0.000363"/>
</kw>
<kw name="Should Match Regexp" owner="BuiltIn">
<arg>${json_data['results'][0]['email']}</arg>
<arg>^[a-zA-Z0-9._%+-]+@[a-zA-Z0-9.-]+\.[a-zA-Z]{2,}$</arg>
<doc>Fails if ``string`` does not match ``pattern`` as a regular expression.</doc>
<status status="PASS" start="2024-05-23T22:13:49.799280" elapsed="0.000645"/>
</kw>
<kw name="Should Match Regexp" owner="BuiltIn">
<arg>${json_data['results'][0]['dob']['date']}</arg>
<arg>\\d{4}-\\d{2}-\\d{2}T\\d{2}:\\d{2}:\\d{2}\\.\\d{3}Z</arg>
<doc>Fails if ``string`` does not match ``pattern`` as a regular expression.</doc>
<status status="PASS" start="2024-05-23T22:13:49.800123" elapsed="0.000531"/>
</kw>
<kw name="Should Match Regexp" owner="BuiltIn">
<arg>${json_data['results'][0]['registered']['date']}</arg>
<arg>\\d{4}-\\d{2}-\\d{2}T\\d{2}:\\d{2}:\\d{2}\\.\\d{3}Z</arg>
<doc>Fails if ``string`` does not match ``pattern`` as a regular expression.</doc>
<status status="PASS" start="2024-05-23T22:13:49.800849" elapsed="0.000367"/>
</kw>
<kw name="Should Match Regexp" owner="BuiltIn">
<arg>${json_data['results'][0]['picture']['large']}</arg>
<arg>^https?://.*\.(?:png|jpe?g|gif|bmp)$</arg>
<doc>Fails if ``string`` does not match ``pattern`` as a regular expression.</doc>
<status status="PASS" start="2024-05-23T22:13:49.801405" elapsed="0.000465"/>
</kw>
<kw name="Should Match Regexp" owner="BuiltIn">
<arg>${json_data['results'][0]['picture']['medium']}</arg>
<arg>^https?://.*\.(?:png|jpe?g|gif|bmp)$</arg>
<doc>Fails if ``string`` does not match ``pattern`` as a regular expression.</doc>
<status status="PASS" start="2024-05-23T22:13:49.802062" elapsed="0.000349"/>
</kw>
<kw name="Should Match Regexp" owner="BuiltIn">
<arg>${json_data['results'][0]['picture']['thumbnail']}</arg>
<arg>^https?://.*\.(?:png|jpe?g|gif|bmp)$</arg>
<doc>Fails if ``string`` does not match ``pattern`` as a regular expression.</doc>
<status status="PASS" start="2024-05-23T22:13:49.802598" elapsed="0.000346"/>
</kw>
<kw name="Log" owner="BuiltIn">
<msg time="2024-05-23T22:13:49.803446" level="INFO">{'large': 'https://randomuser.me/api/portraits/women/34.jpg', 'medium': 'https://randomuser.me/api/portraits/med/women/34.jpg', 'thumbnail': 'https://randomuser.me/api/portraits/thumb/women/34.jpg'}</msg>
<arg>${json_data['results'][0]['picture']}</arg>
<doc>Logs the given message with the given level.</doc>
<status status="PASS" start="2024-05-23T22:13:49.803126" elapsed="0.000361"/>
</kw>
<status status="PASS" start="2024-05-23T22:13:49.702573" elapsed="0.101170"/>
</kw>
<kw name="Teste de Tipos de Dados - Postcode" owner="random-user-service">
<kw name="GET On Session" owner="RequestsLibrary">
<msg time="2024-05-23T22:13:49.914255" level="INFO">GET Request : url=https://randomuser.me/api 
 path_url=/api 
 headers={'User-Agent': 'python-requests/2.32.2', 'Accept-Encoding': 'gzip, deflate', 'Accept': '*/*', 'Connection': 'keep-alive'} 
 body=None 
 </msg>
<msg time="2024-05-23T22:13:49.914341" level="INFO">GET Response : url=https://randomuser.me/api 
 status=200, reason=OK 
 headers={'Date': 'Thu, 23 May 2024 22:13:49 GMT', 'Content-Type': 'application/json; charset=utf-8', 'Transfer-Encoding': 'chunked', 'Connection': 'keep-alive', 'X-Powered-By': 'Express', 'Access-Control-Allow-Origin': '*', 'Cache-Control': 'no-cache', 'ETag': 'W/"4a3-aZ1w/GS4Rd1u0nukEwgTq7IZeZQ"', 'Vary': 'Accept-Encoding', 'Content-Encoding': 'gzip', 'CF-Cache-Status': 'DYNAMIC', 'Report-To': '{"endpoints":[{"url":"https:\\/\\/a.nel.cloudflare.com\\/report\\/v4?s=Upa6O4lLMkMkjxoInLBE97IJq76rG0GMwm6zUqlTABb6Pt74Miqyo%2BhTSO41EO0jx%2FB0lWT2F4LqvQvOn3RKDZSK5MQq6iDtTuUSOoxlAjEdu5gpEnbMeXdz0svFT9CX"}],"group":"cf-nel","max_age":604800}', 'NEL': '{"success_fraction":0,"report_to":"cf-nel","max_age":604800}', 'Server': 'cloudflare', 'CF-RAY': '8888653a4f5a9c37-IAD', 'alt-svc': 'h3=":443"; ma=86400'} 
 body={"results":[{"gender":"female","name":{"title":"Miss","first":"ثنا","last":"رضاییان"},"location":{"street":{"number":2867,"name":"ولیعصر / مصدق"},"city":"آبادان","state":"مرکزی","country":"Iran","postcode":75691,"coordinates":{"latitude":"19.5179","longitude":"106.7169"},"timezone":{"offset":"+9:00","description":"Tokyo, Seoul, Osaka, Sapporo, Yakutsk"}},"email":"thn.rdyyn@example.com","login":{"uuid":"531e4d0a-b57c-4cea-857b-3bf4618d0c1f","username":"silverelephant745","password":"johnny5","salt":"wEVX3Oqv","md5":"87e92c18d72d33b780019801b10ab56c","sha1":"46bff914f8d9b2b531cbec3e7ce00ea36a11d448","sha256":"6518498f7b8d3cd2a66cde683a92235536d4fddce86ba87874a492eff68c2719"},"dob":{"date":"2000-09-14T01:39:49.559Z","age":23},"registered":{"date":"2008-01-21T17:07:29.455Z","age":16},"phone":"005-80709652","cell":"0946-268-7807","id":{"name":"","value":null},"picture":{"large":"https://randomuser.me/api/portraits/women/39.jpg","medium":"https://randomuser.me/api/portraits/med/women/39.jpg","thumbnail":"https://randomuser.me/api/portraits/thumb/women/39.jpg"},"nat":"IR"}],"info":{"seed":"f02b295fe74150df","results":1,"page":1,"version":"1.4"}} 
 </msg>
<msg time="2024-05-23T22:13:49.914411" level="INFO">/opt/hostedtoolcache/Python/3.12.3/x64/lib/python3.12/site-packages/urllib3/connectionpool.py:1103: InsecureRequestWarning: Unverified HTTPS request is being made to host 'randomuser.me'. Adding certificate verification is strongly advised. See: https://urllib3.readthedocs.io/en/latest/advanced-usage.html#tls-warnings
  warnings.warn(</msg>
<msg time="2024-05-23T22:13:49.914523" level="INFO">${response} = &lt;Response [200]&gt;</msg>
<var>${response}</var>
<arg>consultarAPI</arg>
<arg>/api</arg>
<doc>Sends a GET request on a previously created HTTP Session.</doc>
<status status="PASS" start="2024-05-23T22:13:49.804204" elapsed="0.110360"/>
</kw>
<kw name="Set Variable" owner="BuiltIn">
<msg time="2024-05-23T22:13:49.915442" level="INFO">${json_data} = {'results': [{'gender': 'female', 'name': {'title': 'Miss', 'first': 'ثنا', 'last': 'رضاییان'}, 'location': {'street': {'number': 2867, 'name': 'ولیعصر / مصدق'}, 'city': 'آبادان', 'state': 'مرکزی', 'c...</msg>
<var>${json_data}</var>
<arg>${response.json()}</arg>
<doc>Returns the given values which can then be assigned to a variables.</doc>
<status status="PASS" start="2024-05-23T22:13:49.914972" elapsed="0.000501"/>
</kw>
<kw name="Log" owner="BuiltIn">
<msg time="2024-05-23T22:13:49.915942" level="INFO">{'results': [{'gender': 'female', 'name': {'title': 'Miss', 'first': 'ثنا', 'last': 'رضاییان'}, 'location': {'street': {'number': 2867, 'name': 'ولیعصر / مصدق'}, 'city': 'آبادان', 'state': 'مرکزی', 'country': 'Iran', 'postcode': 75691, 'coordinates': {'latitude': '19.5179', 'longitude': '106.7169'}, 'timezone': {'offset': '+9:00', 'description': 'Tokyo, Seoul, Osaka, Sapporo, Yakutsk'}}, 'email': 'thn.rdyyn@example.com', 'login': {'uuid': '531e4d0a-b57c-4cea-857b-3bf4618d0c1f', 'username': 'silverelephant745', 'password': 'johnny5', 'salt': 'wEVX3Oqv', 'md5': '87e92c18d72d33b780019801b10ab56c', 'sha1': '46bff914f8d9b2b531cbec3e7ce00ea36a11d448', 'sha256': '6518498f7b8d3cd2a66cde683a92235536d4fddce86ba87874a492eff68c2719'}, 'dob': {'date': '2000-09-14T01:39:49.559Z', 'age': 23}, 'registered': {'date': '2008-01-21T17:07:29.455Z', 'age': 16}, 'phone': '005-80709652', 'cell': '0946-268-7807', 'id': {'name': '', 'value': None}, 'picture': {'large': 'https://randomuser.me/api/portraits/women/39.jpg', 'medium': 'https://randomuser.me/api/portraits/med/women/39.jpg', 'thumbnail': 'https://randomuser.me/api/portraits/thumb/women/39.jpg'}, 'nat': 'IR'}], 'info': {'seed': 'f02b295fe74150df', 'results': 1, 'page': 1, 'version': '1.4'}}</msg>
<arg>${json_data}</arg>
<doc>Logs the given message with the given level.</doc>
<status status="PASS" start="2024-05-23T22:13:49.915784" elapsed="0.000246"/>
</kw>
<kw name="Should Be Equal As Numbers" owner="BuiltIn">
<arg>${json_data['results'][0]['location']['postcode']}</arg>
<arg>${json_data['results'][0]['location']['postcode']}</arg>
<doc>Fails if objects are unequal after converting them to real numbers.</doc>
<status status="PASS" start="2024-05-23T22:13:49.916398" elapsed="0.000634"/>
</kw>
<kw name="Log" owner="BuiltIn">
<msg time="2024-05-23T22:13:49.917559" level="INFO">75691</msg>
<arg>${json_data['results'][0]['location']['postcode']}</arg>
<doc>Logs the given message with the given level.</doc>
<status status="PASS" start="2024-05-23T22:13:49.917224" elapsed="0.000376"/>
</kw>
<status status="PASS" start="2024-05-23T22:13:49.803982" elapsed="0.113871"/>
</kw>
<doc>Testa se os tipos de dados na resposta da API estão corretos.</doc>
<tag>testeTiposDados</tag>
<status status="PASS" start="2024-05-23T22:13:49.702136" elapsed="0.215877"/>
</test>
<test id="s1-s1-t5" name="Validar conteudo" line="35">
<kw name="Teste de Tipos de Conteudo" owner="random-user-service">
<kw name="GET On Session" owner="RequestsLibrary">
<msg time="2024-05-23T22:13:50.011302" level="INFO">GET Request : url=https://randomuser.me/api 
 path_url=/api 
 headers={'User-Agent': 'python-requests/2.32.2', 'Accept-Encoding': 'gzip, deflate', 'Accept': '*/*', 'Connection': 'keep-alive'} 
 body=None 
 </msg>
<msg time="2024-05-23T22:13:50.011383" level="INFO">GET Response : url=https://randomuser.me/api 
 status=200, reason=OK 
 headers={'Date': 'Thu, 23 May 2024 22:13:50 GMT', 'Content-Type': 'application/json; charset=utf-8', 'Transfer-Encoding': 'chunked', 'Connection': 'keep-alive', 'X-Powered-By': 'Express', 'Access-Control-Allow-Origin': '*', 'Cache-Control': 'no-cache', 'ETag': 'W/"492-J2s1wrq+acR3dfX6s42gJTWhRQU"', 'Vary': 'Accept-Encoding', 'Content-Encoding': 'gzip', 'CF-Cache-Status': 'DYNAMIC', 'Report-To': '{"endpoints":[{"url":"https:\\/\\/a.nel.cloudflare.com\\/report\\/v4?s=jr5cFLAoPGFItnNTG%2Bs9SE1uVa9fe%2B1Mn%2BhbudLUV%2Fb5A70bh7GWbXAuP2HQ00orlokaOlTVtODBk%2FaRBrKxBMX6fpuP2PvlEh6gWvdR3WeEOj8%2B1R5IzrtaYRxsv4O5"}],"group":"cf-nel","max_age":604800}', 'NEL': '{"success_fraction":0,"report_to":"cf-nel","max_age":604800}', 'Server': 'cloudflare', 'CF-RAY': '8888653b08549c37-IAD', 'alt-svc': 'h3=":443"; ma=86400'} 
 body={"results":[{"gender":"male","name":{"title":"Mr","first":"Jarbas","last":"Gonçalves"},"location":{"street":{"number":920,"name":"Rua São José "},"city":"Belém","state":"Mato Grosso","country":"Brazil","postcode":81277,"coordinates":{"latitude":"-78.4551","longitude":"-51.0349"},"timezone":{"offset":"-1:00","description":"Azores, Cape Verde Islands"}},"email":"jarbas.goncalves@example.com","login":{"uuid":"8761c16c-d029-4aa2-b237-204d52fe2dbf","username":"bluekoala258","password":"billie","salt":"ZbhJPPlD","md5":"74a7685b5f690ad07fc0886d3a926d05","sha1":"1ebb0975948ceae6e2e611d5d5003cacaea85f7f","sha256":"163239dbdda6d44200d07de97eb3ad99ad9eb0b493f4e67c64e2ad82cfbfc6ee"},"dob":{"date":"1947-03-14T02:41:37.037Z","age":77},"registered":{"date":"2008-07-06T08:25:10.097Z","age":15},"phone":"(31) 9818-7946","cell":"(94) 9240-5997","id":{"name":"CPF","value":"349.197.038-53"},"picture":{"large":"https://randomuser.me/api/portraits/men/86.jpg","medium":"https://randomuser.me/api/portraits/med/men/86.jpg","thumbnail":"https://randomuser.me/api/portraits/thumb/men/86.jpg"},"nat":"BR"}],"info":{"seed":"64b76daded1ec535","results":1,"page":1,"version":"1.4"}} 
 </msg>
<msg time="2024-05-23T22:13:50.011456" level="INFO">/opt/hostedtoolcache/Python/3.12.3/x64/lib/python3.12/site-packages/urllib3/connectionpool.py:1103: InsecureRequestWarning: Unverified HTTPS request is being made to host 'randomuser.me'. Adding certificate verification is strongly advised. See: https://urllib3.readthedocs.io/en/latest/advanced-usage.html#tls-warnings
  warnings.warn(</msg>
<msg time="2024-05-23T22:13:50.011583" level="INFO">${response} = &lt;Response [200]&gt;</msg>
<var>${response}</var>
<arg>consultarAPI</arg>
<arg>/api</arg>
<doc>Sends a GET request on a previously created HTTP Session.</doc>
<status status="PASS" start="2024-05-23T22:13:49.920444" elapsed="0.091181"/>
</kw>
<kw name="Set Variable" owner="BuiltIn">
<msg time="2024-05-23T22:13:50.012511" level="INFO">${json_data} = {'results': [{'gender': 'male', 'name': {'title': 'Mr', 'first': 'Jarbas', 'last': 'Gonçalves'}, 'location': {'street': {'number': 920, 'name': 'Rua São José '}, 'city': 'Belém', 'state': 'Mato Grosso...</msg>
<var>${json_data}</var>
<arg>${response.json()}</arg>
<doc>Returns the given values which can then be assigned to a variables.</doc>
<status status="PASS" start="2024-05-23T22:13:50.012006" elapsed="0.000536"/>
</kw>
<kw name="Set Variable" owner="BuiltIn">
<msg time="2024-05-23T22:13:50.013223" level="INFO">${name_title} = Mr</msg>
<var>${name_title}</var>
<arg>${json_data["results"][0]["name"]["title"]}</arg>
<doc>Returns the given values which can then be assigned to a variables.</doc>
<status status="PASS" start="2024-05-23T22:13:50.012843" elapsed="0.000406"/>
</kw>
<kw name="Create List" owner="BuiltIn">
<msg time="2024-05-23T22:13:50.013692" level="INFO">${allowed_titles} = ['Mr', 'Ms', 'Miss', 'Mrs', 'Madame', 'Monsieur']</msg>
<var>${allowed_titles}</var>
<arg>Mr</arg>
<arg>Ms</arg>
<arg>Miss</arg>
<arg>Mrs</arg>
<arg>Madame</arg>
<arg>Monsieur</arg>
<doc>Returns a list containing given items.</doc>
<status status="PASS" start="2024-05-23T22:13:50.013543" elapsed="0.000173"/>
</kw>
<kw name="List Should Contain Value" owner="Collections">
<msg time="2024-05-23T22:13:50.014193" level="INFO">False</msg>
<arg>${allowed_titles}</arg>
<arg>${name_title}</arg>
<doc>Fails if the ``value`` is not found from ``list``.</doc>
<status status="PASS" start="2024-05-23T22:13:50.014023" elapsed="0.000206"/>
</kw>
<kw name="Set Variable" owner="BuiltIn">
<msg time="2024-05-23T22:13:50.015032" level="INFO">${name_country} = BR</msg>
<var>${name_country}</var>
<arg>${json_data["results"][0]["nat"]}</arg>
<doc>Returns the given values which can then be assigned to a variables.</doc>
<status status="PASS" start="2024-05-23T22:13:50.014516" elapsed="0.000541"/>
</kw>
<kw name="Create List" owner="BuiltIn">
<msg time="2024-05-23T22:13:50.015957" level="INFO">${list_country} = ['AD', 'AE', 'AF', 'AG', 'AI', 'AL', 'AM', 'AO', 'AQ', 'AR', 'AS', 'AT', 'AU', 'AW', 'AX', 'AZ', 'BA', 'BB', 'BD', 'BE', 'BF', 'BG', 'BH', 'BI', 'BJ', 'BL', 'BM', 'BN', 'BO', 'BQ', 'BR', 'BS', 'BT', '...</msg>
<var>${list_country}</var>
<arg>AD</arg>
<arg>AE</arg>
<arg>AF</arg>
<arg>AG</arg>
<arg>AI</arg>
<arg>AL</arg>
<arg>AM</arg>
<arg>AO</arg>
<arg>AQ</arg>
<arg>AR</arg>
<arg>AS</arg>
<arg>AT</arg>
<arg>AU</arg>
<arg>AW</arg>
<arg>AX</arg>
<arg>AZ</arg>
<arg>BA</arg>
<arg>BB</arg>
<arg>BD</arg>
<arg>BE</arg>
<arg>BF</arg>
<arg>BG</arg>
<arg>BH</arg>
<arg>BI</arg>
<arg>BJ</arg>
<arg>BL</arg>
<arg>BM</arg>
<arg>BN</arg>
<arg>BO</arg>
<arg>BQ</arg>
<arg>BR</arg>
<arg>BS</arg>
<arg>BT</arg>
<arg>BV</arg>
<arg>BW</arg>
<arg>BY</arg>
<arg>BZ</arg>
<arg>CA</arg>
<arg>CC</arg>
<arg>CD</arg>
<arg>CF</arg>
<arg>CG</arg>
<arg>CH</arg>
<arg>CI</arg>
<arg>CK</arg>
<arg>CL</arg>
<arg>CM</arg>
<arg>CN</arg>
<arg>CO</arg>
<arg>CR</arg>
<arg>CU</arg>
<arg>CV</arg>
<arg>CW</arg>
<arg>CX</arg>
<arg>CY</arg>
<arg>CZ</arg>
<arg>DE</arg>
<arg>DJ</arg>
<arg>DK</arg>
<arg>DM</arg>
<arg>DO</arg>
<arg>DZ</arg>
<arg>EC</arg>
<arg>EE</arg>
<arg>EG</arg>
<arg>EH</arg>
<arg>ER</arg>
<arg>ES</arg>
<arg>ET</arg>
<arg>FI</arg>
<arg>FJ</arg>
<arg>FK</arg>
<arg>FM</arg>
<arg>FO</arg>
<arg>FR</arg>
<arg>GA</arg>
<arg>GB</arg>
<arg>GD</arg>
<arg>GE</arg>
<arg>GF</arg>
<arg>GG</arg>
<arg>GH</arg>
<arg>GI</arg>
<arg>GL</arg>
<arg>GM</arg>
<arg>GN</arg>
<arg>GP</arg>
<arg>GQ</arg>
<arg>GR</arg>
<arg>GS</arg>
<arg>GT</arg>
<arg>GU</arg>
<arg>GW</arg>
<arg>GY</arg>
<arg>HK</arg>
<arg>HM</arg>
<arg>HN</arg>
<arg>HR</arg>
<arg>HT</arg>
<arg>HU</arg>
<arg>ID</arg>
<arg>IE</arg>
<arg>IL</arg>
<arg>IM</arg>
<arg>IN</arg>
<arg>IO</arg>
<arg>IQ</arg>
<arg>IR</arg>
<arg>IS</arg>
<arg>IT</arg>
<arg>JE</arg>
<arg>JM</arg>
<arg>JO</arg>
<arg>JP</arg>
<arg>KE</arg>
<arg>KG</arg>
<arg>KH</arg>
<arg>KI</arg>
<arg>KM</arg>
<arg>KN</arg>
<arg>KP</arg>
<arg>KR</arg>
<arg>KW</arg>
<arg>KY</arg>
<arg>KZ</arg>
<arg>LA</arg>
<arg>LB</arg>
<arg>LC</arg>
<arg>LI</arg>
<arg>LK</arg>
<arg>LR</arg>
<arg>LS</arg>
<arg>LT</arg>
<arg>LU</arg>
<arg>LV</arg>
<arg>LY</arg>
<arg>MA</arg>
<arg>MC</arg>
<arg>MD</arg>
<arg>ME</arg>
<arg>MF</arg>
<arg>MG</arg>
<arg>MH</arg>
<arg>MK</arg>
<arg>ML</arg>
<arg>MM</arg>
<arg>MN</arg>
<arg>MO</arg>
<arg>MP</arg>
<arg>MQ</arg>
<arg>MR</arg>
<arg>MS</arg>
<arg>MT</arg>
<arg>MU</arg>
<arg>MV</arg>
<arg>MW</arg>
<arg>MX</arg>
<arg>MY</arg>
<arg>MZ</arg>
<arg>NA</arg>
<arg>NC</arg>
<arg>NE</arg>
<arg>NF</arg>
<arg>NG</arg>
<arg>NI</arg>
<arg>NL</arg>
<arg>NO</arg>
<arg>NP</arg>
<arg>NR</arg>
<arg>NU</arg>
<arg>NZ</arg>
<arg>OM</arg>
<arg>PA</arg>
<arg>PE</arg>
<arg>PF</arg>
<arg>PG</arg>
<arg>PH</arg>
<arg>PK</arg>
<arg>PL</arg>
<arg>PM</arg>
<arg>PN</arg>
<arg>PR</arg>
<arg>PS</arg>
<arg>PT</arg>
<arg>PW</arg>
<arg>PY</arg>
<arg>QA</arg>
<arg>RE</arg>
<arg>RO</arg>
<arg>RS</arg>
<arg>RU</arg>
<arg>RW</arg>
<arg>SA</arg>
<arg>SB</arg>
<arg>SC</arg>
<arg>SD</arg>
<arg>SE</arg>
<arg>SG</arg>
<arg>SH</arg>
<arg>SI</arg>
<arg>SJ</arg>
<arg>SK</arg>
<arg>SL</arg>
<arg>SM</arg>
<arg>SN</arg>
<arg>SO</arg>
<arg>SR</arg>
<arg>SS</arg>
<arg>ST</arg>
<arg>SV</arg>
<arg>SX</arg>
<arg>SY</arg>
<arg>SZ</arg>
<arg>TC</arg>
<arg>TD</arg>
<arg>TF</arg>
<arg>TG</arg>
<arg>TH</arg>
<arg>TJ</arg>
<arg>TK</arg>
<arg>TL</arg>
<arg>TM</arg>
<arg>TN</arg>
<arg>TO</arg>
<arg>TR</arg>
<arg>TT</arg>
<arg>TV</arg>
<arg>TW</arg>
<arg>TZ</arg>
<arg>UA</arg>
<arg>UG</arg>
<arg>UM</arg>
<arg>US</arg>
<arg>UY</arg>
<arg>UZ</arg>
<arg>VA</arg>
<arg>VC</arg>
<arg>VE</arg>
<arg>VG</arg>
<arg>VI</arg>
<arg>VN</arg>
<arg>VU</arg>
<arg>WF</arg>
<arg>WS</arg>
<arg>XK</arg>
<arg>YE</arg>
<arg>YT</arg>
<arg>ZA</arg>
<arg>ZM</arg>
<arg>ZW</arg>
<doc>Returns a list containing given items.</doc>
<status status="PASS" start="2024-05-23T22:13:50.015362" elapsed="0.000620"/>
</kw>
<kw name="List Should Contain Value" owner="Collections">
<msg time="2024-05-23T22:13:50.017000" level="INFO">False</msg>
<arg>${list_country}</arg>
<arg>${name_country}</arg>
<doc>Fails if the ``value`` is not found from ``list``.</doc>
<status status="PASS" start="2024-05-23T22:13:50.016794" elapsed="0.000243"/>
</kw>
<kw name="Run Keyword If" owner="BuiltIn">
<kw name="Should Be True" owner="BuiltIn">
<arg>${True}</arg>
<doc>Fails if the given condition is not true.</doc>
<status status="PASS" start="2024-05-23T22:13:50.018084" elapsed="0.000143"/>
</kw>
<arg>${json_data["results"][0]["location"]["coordinates"]["latitude"]} &gt;= -90 and ${json_data["results"][0]["location"]["coordinates"]["latitude"]} &lt;= 90</arg>
<arg>Should Be True</arg>
<arg>${True}</arg>
<doc>Runs the given keyword with the given arguments, if ``condition`` is true.</doc>
<status status="PASS" start="2024-05-23T22:13:50.017343" elapsed="0.001010"/>
</kw>
<kw name="Run Keyword If" owner="BuiltIn">
<kw name="Should Be True" owner="BuiltIn">
<arg>${True}</arg>
<doc>Fails if the given condition is not true.</doc>
<status status="PASS" start="2024-05-23T22:13:50.019225" elapsed="0.000134"/>
</kw>
<arg>${json_data["results"][0]["location"]["coordinates"]["longitude"]} &gt;= -180 and ${json_data["results"][0]["location"]["coordinates"]["longitude"]} &lt;= 180</arg>
<arg>Should Be True</arg>
<arg>${True}</arg>
<doc>Runs the given keyword with the given arguments, if ``condition`` is true.</doc>
<status status="PASS" start="2024-05-23T22:13:50.018546" elapsed="0.000934"/>
</kw>
<status status="PASS" start="2024-05-23T22:13:49.920200" elapsed="0.099406"/>
</kw>
<doc>Testa o conteúdo específico dos campos retornados pela API.</doc>
<tag>testeConteudo</tag>
<status status="PASS" start="2024-05-23T22:13:49.919741" elapsed="0.100010"/>
</test>
<status status="PASS" start="2024-05-23T22:13:49.049847" elapsed="0.971869"/>
</suite>
<status status="PASS" start="2024-05-23T22:13:49.036422" elapsed="0.990397"/>
</suite>
<statistics>
<total>
<stat pass="5" fail="0" skip="0">All Tests</stat>
</total>
<tag>
<stat pass="1" fail="0" skip="0">testeConteudo</stat>
<stat pass="1" fail="0" skip="0">testeEstruturaResposta</stat>
<stat pass="1" fail="0" skip="0">testeRequisicaoBasica</stat>
<stat pass="1" fail="0" skip="0">testeTiposDados</stat>
</tag>
<suite>
<stat pass="5" fail="0" skip="0" id="s1" name="Tests">Tests</stat>
<stat pass="5" fail="0" skip="0" id="s1-s1" name="Random-User-Test">Tests.Random-User-Test</stat>
</suite>
</statistics>
<errors>
</errors>
</robot>
