<?xml version="1.0" encoding="UTF-8"?>
<robot generator="Robot 7.0 (Python 3.12.2 on linux)" generated="2024-04-15T15:14:44.678026" rpa="false" schemaversion="5">
<suite id="s1" name="Tests" source="/home/runner/work/DesafioQAItauRogerioJordao/DesafioQAItauRogerioJordao/RamdonUser/tests">
<suite id="s1-s1" name="Random-User-Test" source="/home/runner/work/DesafioQAItauRogerioJordao/DesafioQAItauRogerioJordao/RamdonUser/tests/random-user-test.robot">
<test id="s1-s1-t1" name="Conectar" line="13">
<kw name="Conectar API" owner="random-user-service">
<kw name="Create Session" owner="RequestsLibrary">
<msg time="2024-04-15T15:14:45.064729" level="INFO">Creating Session using : alias=consultarAPI, url=https://randomuser.me/, headers={},                     cookies={}, auth=None, timeout=None, proxies=None, verify=False,                     debug=0 </msg>
<arg>consultarAPI</arg>
<arg>${URL}</arg>
<doc>Create Session: create a HTTP session to a server</doc>
<status status="PASS" start="2024-04-15T15:14:45.064507" elapsed="0.000422"/>
</kw>
<status status="PASS" start="2024-04-15T15:14:45.063372" elapsed="0.001945"/>
</kw>
<status status="PASS" start="2024-04-15T15:14:45.062765" elapsed="0.002763"/>
</test>
<test id="s1-s1-t2" name="Validar retorno 200 e JSON Válido" line="16">
<kw name="Teste de Requisicao Basica" owner="random-user-service">
<kw name="GET On Session" owner="RequestsLibrary">
<msg time="2024-04-15T15:14:45.355614" level="INFO">GET Request : url=https://randomuser.me/api 
 path_url=/api 
 headers={'User-Agent': 'python-requests/2.31.0', 'Accept-Encoding': 'gzip, deflate', 'Accept': '*/*', 'Connection': 'keep-alive'} 
 body=None 
 </msg>
<msg time="2024-04-15T15:14:45.355788" level="INFO">GET Response : url=https://randomuser.me/api 
 status=200, reason=OK 
 headers={'Date': 'Mon, 15 Apr 2024 15:14:45 GMT', 'Content-Type': 'application/json; charset=utf-8', 'Transfer-Encoding': 'chunked', 'Connection': 'keep-alive', 'X-Powered-By': 'Express', 'Access-Control-Allow-Origin': '*', 'Cache-Control': 'no-cache', 'ETag': 'W/"499-Gk0yTYof77rYa3qRhZPR+R4T/00"', 'Vary': 'Accept-Encoding', 'Content-Encoding': 'gzip', 'CF-Cache-Status': 'DYNAMIC', 'Report-To': '{"endpoints":[{"url":"https:\\/\\/a.nel.cloudflare.com\\/report\\/v4?s=YR%2FUb2MbAYdMV%2BZQ4K%2BJCGXwy3%2Bogm3B5m8Tt6ZH0wQnZIchoDi%2Bpq6bx8fwd3nwFu51%2FjE7AbVCpAKjrrqpwj%2BytJ%2BGriZBlsS9x%2F2dJE3sThWhsgFSfOwl7%2BhL9dI3"}],"group":"cf-nel","max_age":604800}', 'NEL': '{"success_fraction":0,"report_to":"cf-nel","max_age":604800}', 'Server': 'cloudflare', 'CF-RAY': '874ce318c9520fd9-LAX', 'alt-svc': 'h3=":443"; ma=86400'} 
 body={"results":[{"gender":"male","name":{"title":"Mr","first":"Cornelius","last":"Meiners"},"location":{"street":{"number":9279,"name":"Fliederweg"},"city":"Schmalkalden-Meiningen","state":"Hamburg","country":"Germany","postcode":94728,"coordinates":{"latitude":"-55.5812","longitude":"-38.6601"},"timezone":{"offset":"+2:00","description":"Kaliningrad, South Africa"}},"email":"cornelius.meiners@example.com","login":{"uuid":"298e5c5f-e623-4c96-bf2a-d3c3be70caa8","username":"blackmouse861","password":"volume","salt":"5zkmXMA7","md5":"acb63355c5b34a78493ec0aabca3121e","sha1":"c06f409e74ecb0ad26d081dc3926d564893d25e1","sha256":"f29a89cfebc8d987c351c7ba7f8112a32e93796fcc183566f0b6e03bd1bb07c2"},"dob":{"date":"1956-10-12T20:00:11.293Z","age":67},"registered":{"date":"2018-07-30T14:54:41.335Z","age":5},"phone":"0794-0766584","cell":"0171-1388579","id":{"name":"SVNR","value":"10 121056 M 380"},"picture":{"large":"https://randomuser.me/api/portraits/men/22.jpg","medium":"https://randomuser.me/api/portraits/med/men/22.jpg","thumbnail":"https://randomuser.me/api/portraits/thumb/men/22.jpg"},"nat":"DE"}],"info":{"seed":"1017eaaf59dc6d56","results":1,"page":1,"version":"1.4"}} 
 </msg>
<msg time="2024-04-15T15:14:45.355880" level="INFO">/opt/hostedtoolcache/Python/3.12.2/x64/lib/python3.12/site-packages/urllib3/connectionpool.py:1103: InsecureRequestWarning: Unverified HTTPS request is being made to host 'randomuser.me'. Adding certificate verification is strongly advised. See: https://urllib3.readthedocs.io/en/latest/advanced-usage.html#tls-warnings
  warnings.warn(</msg>
<msg time="2024-04-15T15:14:45.356029" level="INFO">${response} = &lt;Response [200]&gt;</msg>
<var>${response}</var>
<arg>consultarAPI</arg>
<arg>/api</arg>
<doc>Sends a GET request on a previously created HTTP Session.</doc>
<status status="PASS" start="2024-04-15T15:14:45.068147" elapsed="0.287926"/>
</kw>
<kw name="Should Be Equal As Numbers" owner="BuiltIn">
<msg time="2024-04-15T15:14:45.357267" level="INFO">Argument types are:
&lt;class 'int'&gt;
&lt;class 'str'&gt;</msg>
<arg>${response.status_code}</arg>
<arg>200</arg>
<doc>Fails if objects are unequal after converting them to real numbers.</doc>
<status status="PASS" start="2024-04-15T15:14:45.356747" elapsed="0.000597"/>
</kw>
<kw name="Log" owner="BuiltIn">
<msg time="2024-04-15T15:14:45.358162" level="INFO">200</msg>
<arg>${response.status_code}</arg>
<doc>Logs the given message with the given level.</doc>
<status status="PASS" start="2024-04-15T15:14:45.357760" elapsed="0.000452"/>
</kw>
<kw name="Set Variable" owner="BuiltIn">
<msg time="2024-04-15T15:14:45.359079" level="INFO">${json_data} = {'results': [{'gender': 'male', 'name': {'title': 'Mr', 'first': 'Cornelius', 'last': 'Meiners'}, 'location': {'street': {'number': 9279, 'name': 'Fliederweg'}, 'city': 'Schmalkalden-Meiningen', 'stat...</msg>
<var>${json_data}</var>
<arg>${response.json()}</arg>
<doc>Returns the given values which can then be assigned to a variables.</doc>
<status status="PASS" start="2024-04-15T15:14:45.358596" elapsed="0.000513"/>
</kw>
<kw name="Dictionary Should Contain Key" owner="Collections">
<msg time="2024-04-15T15:14:45.359636" level="INFO">False</msg>
<arg>${json_data}</arg>
<arg>results</arg>
<doc>Fails if ``key`` is not found from ``dictionary``.</doc>
<status status="PASS" start="2024-04-15T15:14:45.359453" elapsed="0.000229"/>
</kw>
<status status="PASS" start="2024-04-15T15:14:45.067874" elapsed="0.292095"/>
</kw>
<doc>Testa se a API responde corretamente e retorna um objeto JSON válido.</doc>
<tag>testeRequisicaoBasica</tag>
<status status="PASS" start="2024-04-15T15:14:45.067380" elapsed="0.292834"/>
</test>
<test id="s1-s1-t3" name="Validar estrutura de resposta" line="22">
<kw name="Teste de Estrutura de Resposta" owner="random-user-service">
<kw name="GET On Session" owner="RequestsLibrary">
<msg time="2024-04-15T15:14:45.467564" level="INFO">GET Request : url=https://randomuser.me/api 
 path_url=/api 
 headers={'User-Agent': 'python-requests/2.31.0', 'Accept-Encoding': 'gzip, deflate', 'Accept': '*/*', 'Connection': 'keep-alive'} 
 body=None 
 </msg>
<msg time="2024-04-15T15:14:45.467668" level="INFO">GET Response : url=https://randomuser.me/api 
 status=200, reason=OK 
 headers={'Date': 'Mon, 15 Apr 2024 15:14:45 GMT', 'Content-Type': 'application/json; charset=utf-8', 'Transfer-Encoding': 'chunked', 'Connection': 'keep-alive', 'X-Powered-By': 'Express', 'Access-Control-Allow-Origin': '*', 'Cache-Control': 'no-cache', 'ETag': 'W/"490-gsWxFZdbj78Ix4B+Evvcx9Bz5AA"', 'Vary': 'Accept-Encoding', 'Content-Encoding': 'gzip', 'CF-Cache-Status': 'DYNAMIC', 'Report-To': '{"endpoints":[{"url":"https:\\/\\/a.nel.cloudflare.com\\/report\\/v4?s=S%2BlKyz%2FSJChps425vI1hFNijN9w%2By00DsQcH7%2BFIr9XxUAyGOlZKbWCX%2BgdFOCWmobtHFzM1CRFxNJbzD8sCEiLxaYVVXdudJ4Zqe%2F%2FqR1O7JaPrFaGGObYihY4mZTdM"}],"group":"cf-nel","max_age":604800}', 'NEL': '{"success_fraction":0,"report_to":"cf-nel","max_age":604800}', 'Server': 'cloudflare', 'CF-RAY': '874ce3198a8a0fd9-LAX', 'alt-svc': 'h3=":443"; ma=86400'} 
 body={"results":[{"gender":"male","name":{"title":"Mr","first":"Bozheyko","last":"Yudenko"},"location":{"street":{"number":956,"name":"Lanzheronivska"},"city":"Ladizhin","state":"Hmelnicka","country":"Ukraine","postcode":34181,"coordinates":{"latitude":"80.3622","longitude":"-80.2668"},"timezone":{"offset":"-5:00","description":"Eastern Time (US &amp; Canada), Bogota, Lima"}},"email":"bozheyko.yudenko@example.com","login":{"uuid":"1f4177e4-e2e7-4757-abef-d4331983339c","username":"whitewolf831","password":"pyramid","salt":"4k3DEuCj","md5":"962d57474f27a8735e9154e438776f66","sha1":"1473fc6ad1dfbfae3b3827f3d4557df3a4f9a5d4","sha256":"cc0d016ced3e4b158036534de6e42ec47f97b9f87fd906e5b2265b79b23f53bd"},"dob":{"date":"1960-02-11T16:39:26.103Z","age":64},"registered":{"date":"2006-03-01T05:55:59.531Z","age":18},"phone":"(066) P52-2267","cell":"(066) T00-6319","id":{"name":"","value":null},"picture":{"large":"https://randomuser.me/api/portraits/men/19.jpg","medium":"https://randomuser.me/api/portraits/med/men/19.jpg","thumbnail":"https://randomuser.me/api/portraits/thumb/men/19.jpg"},"nat":"UA"}],"info":{"seed":"51dfd9f9fbcab0e9","results":1,"page":1,"version":"1.4"}} 
 </msg>
<msg time="2024-04-15T15:14:45.467826" level="INFO">/opt/hostedtoolcache/Python/3.12.2/x64/lib/python3.12/site-packages/urllib3/connectionpool.py:1103: InsecureRequestWarning: Unverified HTTPS request is being made to host 'randomuser.me'. Adding certificate verification is strongly advised. See: https://urllib3.readthedocs.io/en/latest/advanced-usage.html#tls-warnings
  warnings.warn(</msg>
<msg time="2024-04-15T15:14:45.467959" level="INFO">${response} = &lt;Response [200]&gt;</msg>
<var>${response}</var>
<arg>consultarAPI</arg>
<arg>/api</arg>
<doc>Sends a GET request on a previously created HTTP Session.</doc>
<status status="PASS" start="2024-04-15T15:14:45.363217" elapsed="0.104782"/>
</kw>
<kw name="Set Variable" owner="BuiltIn">
<msg time="2024-04-15T15:14:45.469106" level="INFO">${json_data} = {'results': [{'gender': 'male', 'name': {'title': 'Mr', 'first': 'Bozheyko', 'last': 'Yudenko'}, 'location': {'street': {'number': 956, 'name': 'Lanzheronivska'}, 'city': 'Ladizhin', 'state': 'Hmelnic...</msg>
<var>${json_data}</var>
<arg>${response.json()}</arg>
<doc>Returns the given values which can then be assigned to a variables.</doc>
<status status="PASS" start="2024-04-15T15:14:45.468576" elapsed="0.000559"/>
</kw>
<kw name="Log" owner="BuiltIn">
<msg time="2024-04-15T15:14:45.469612" level="INFO">{'results': [{'gender': 'male', 'name': {'title': 'Mr', 'first': 'Bozheyko', 'last': 'Yudenko'}, 'location': {'street': {'number': 956, 'name': 'Lanzheronivska'}, 'city': 'Ladizhin', 'state': 'Hmelnicka', 'country': 'Ukraine', 'postcode': 34181, 'coordinates': {'latitude': '80.3622', 'longitude': '-80.2668'}, 'timezone': {'offset': '-5:00', 'description': 'Eastern Time (US &amp; Canada), Bogota, Lima'}}, 'email': 'bozheyko.yudenko@example.com', 'login': {'uuid': '1f4177e4-e2e7-4757-abef-d4331983339c', 'username': 'whitewolf831', 'password': 'pyramid', 'salt': '4k3DEuCj', 'md5': '962d57474f27a8735e9154e438776f66', 'sha1': '1473fc6ad1dfbfae3b3827f3d4557df3a4f9a5d4', 'sha256': 'cc0d016ced3e4b158036534de6e42ec47f97b9f87fd906e5b2265b79b23f53bd'}, 'dob': {'date': '1960-02-11T16:39:26.103Z', 'age': 64}, 'registered': {'date': '2006-03-01T05:55:59.531Z', 'age': 18}, 'phone': '(066) P52-2267', 'cell': '(066) T00-6319', 'id': {'name': '', 'value': None}, 'picture': {'large': 'https://randomuser.me/api/portraits/men/19.jpg', 'medium': 'https://randomuser.me/api/portraits/med/men/19.jpg', 'thumbnail': 'https://randomuser.me/api/portraits/thumb/men/19.jpg'}, 'nat': 'UA'}], 'info': {'seed': '51dfd9f9fbcab0e9', 'results': 1, 'page': 1, 'version': '1.4'}}</msg>
<arg>${json_data}</arg>
<doc>Logs the given message with the given level.</doc>
<status status="PASS" start="2024-04-15T15:14:45.469449" elapsed="0.000211"/>
</kw>
<kw name="Dictionary Should Contain Key" owner="Collections">
<msg time="2024-04-15T15:14:45.470117" level="INFO">False</msg>
<arg>${json_data}</arg>
<arg>results</arg>
<doc>Fails if ``key`` is not found from ``dictionary``.</doc>
<status status="PASS" start="2024-04-15T15:14:45.469960" elapsed="0.000194"/>
</kw>
<kw name="Should Not Be Empty" owner="BuiltIn">
<msg time="2024-04-15T15:14:45.470586" level="INFO">Length is 2.</msg>
<arg>${json_data}</arg>
<doc>Verifies that the given item is not empty.</doc>
<status status="PASS" start="2024-04-15T15:14:45.470454" elapsed="0.000170"/>
</kw>
<kw name="Create List" owner="BuiltIn">
<msg time="2024-04-15T15:14:45.471066" level="INFO">${expected_keys} = ['gender', 'name', 'location', 'email', 'login']</msg>
<var>${expected_keys}</var>
<arg>gender</arg>
<arg>name</arg>
<arg>location</arg>
<arg>email</arg>
<arg>login</arg>
<doc>Returns a list containing given items.</doc>
<status status="PASS" start="2024-04-15T15:14:45.470913" elapsed="0.000178"/>
</kw>
<for flavor="IN">
<iter>
<kw name="Dictionary Should Contain Key" owner="Collections">
<msg time="2024-04-15T15:14:45.472087" level="INFO">False</msg>
<arg>${json_data['results'][0]}</arg>
<arg>${key}</arg>
<doc>Fails if ``key`` is not found from ``dictionary``.</doc>
<status status="PASS" start="2024-04-15T15:14:45.471681" elapsed="0.000446"/>
</kw>
<kw name="Log" owner="BuiltIn">
<msg time="2024-04-15T15:14:45.472825" level="INFO">{'gender': 'male', 'name': {'title': 'Mr', 'first': 'Bozheyko', 'last': 'Yudenko'}, 'location': {'street': {'number': 956, 'name': 'Lanzheronivska'}, 'city': 'Ladizhin', 'state': 'Hmelnicka', 'country': 'Ukraine', 'postcode': 34181, 'coordinates': {'latitude': '80.3622', 'longitude': '-80.2668'}, 'timezone': {'offset': '-5:00', 'description': 'Eastern Time (US &amp; Canada), Bogota, Lima'}}, 'email': 'bozheyko.yudenko@example.com', 'login': {'uuid': '1f4177e4-e2e7-4757-abef-d4331983339c', 'username': 'whitewolf831', 'password': 'pyramid', 'salt': '4k3DEuCj', 'md5': '962d57474f27a8735e9154e438776f66', 'sha1': '1473fc6ad1dfbfae3b3827f3d4557df3a4f9a5d4', 'sha256': 'cc0d016ced3e4b158036534de6e42ec47f97b9f87fd906e5b2265b79b23f53bd'}, 'dob': {'date': '1960-02-11T16:39:26.103Z', 'age': 64}, 'registered': {'date': '2006-03-01T05:55:59.531Z', 'age': 18}, 'phone': '(066) P52-2267', 'cell': '(066) T00-6319', 'id': {'name': '', 'value': None}, 'picture': {'large': 'https://randomuser.me/api/portraits/men/19.jpg', 'medium': 'https://randomuser.me/api/portraits/med/men/19.jpg', 'thumbnail': 'https://randomuser.me/api/portraits/thumb/men/19.jpg'}, 'nat': 'UA'}</msg>
<arg>${json_data['results'][0]}</arg>
<doc>Logs the given message with the given level.</doc>
<status status="PASS" start="2024-04-15T15:14:45.472461" elapsed="0.000413"/>
</kw>
<kw name="Log" owner="BuiltIn">
<msg time="2024-04-15T15:14:45.473309" level="INFO">gender</msg>
<arg>${key}</arg>
<doc>Logs the given message with the given level.</doc>
<status status="PASS" start="2024-04-15T15:14:45.473169" elapsed="0.000178"/>
</kw>
<var name="${key}">gender</var>
<status status="PASS" start="2024-04-15T15:14:45.471554" elapsed="0.002016"/>
</iter>
<iter>
<kw name="Dictionary Should Contain Key" owner="Collections">
<msg time="2024-04-15T15:14:45.474253" level="INFO">False</msg>
<arg>${json_data['results'][0]}</arg>
<arg>${key}</arg>
<doc>Fails if ``key`` is not found from ``dictionary``.</doc>
<status status="PASS" start="2024-04-15T15:14:45.473870" elapsed="0.000421"/>
</kw>
<kw name="Log" owner="BuiltIn">
<msg time="2024-04-15T15:14:45.474987" level="INFO">{'gender': 'male', 'name': {'title': 'Mr', 'first': 'Bozheyko', 'last': 'Yudenko'}, 'location': {'street': {'number': 956, 'name': 'Lanzheronivska'}, 'city': 'Ladizhin', 'state': 'Hmelnicka', 'country': 'Ukraine', 'postcode': 34181, 'coordinates': {'latitude': '80.3622', 'longitude': '-80.2668'}, 'timezone': {'offset': '-5:00', 'description': 'Eastern Time (US &amp; Canada), Bogota, Lima'}}, 'email': 'bozheyko.yudenko@example.com', 'login': {'uuid': '1f4177e4-e2e7-4757-abef-d4331983339c', 'username': 'whitewolf831', 'password': 'pyramid', 'salt': '4k3DEuCj', 'md5': '962d57474f27a8735e9154e438776f66', 'sha1': '1473fc6ad1dfbfae3b3827f3d4557df3a4f9a5d4', 'sha256': 'cc0d016ced3e4b158036534de6e42ec47f97b9f87fd906e5b2265b79b23f53bd'}, 'dob': {'date': '1960-02-11T16:39:26.103Z', 'age': 64}, 'registered': {'date': '2006-03-01T05:55:59.531Z', 'age': 18}, 'phone': '(066) P52-2267', 'cell': '(066) T00-6319', 'id': {'name': '', 'value': None}, 'picture': {'large': 'https://randomuser.me/api/portraits/men/19.jpg', 'medium': 'https://randomuser.me/api/portraits/med/men/19.jpg', 'thumbnail': 'https://randomuser.me/api/portraits/thumb/men/19.jpg'}, 'nat': 'UA'}</msg>
<arg>${json_data['results'][0]}</arg>
<doc>Logs the given message with the given level.</doc>
<status status="PASS" start="2024-04-15T15:14:45.474618" elapsed="0.000423"/>
</kw>
<kw name="Log" owner="BuiltIn">
<msg time="2024-04-15T15:14:45.475484" level="INFO">name</msg>
<arg>${key}</arg>
<doc>Logs the given message with the given level.</doc>
<status status="PASS" start="2024-04-15T15:14:45.475354" elapsed="0.000169"/>
</kw>
<var name="${key}">name</var>
<status status="PASS" start="2024-04-15T15:14:45.473755" elapsed="0.001993"/>
</iter>
<iter>
<kw name="Dictionary Should Contain Key" owner="Collections">
<msg time="2024-04-15T15:14:45.476462" level="INFO">False</msg>
<arg>${json_data['results'][0]}</arg>
<arg>${key}</arg>
<doc>Fails if ``key`` is not found from ``dictionary``.</doc>
<status status="PASS" start="2024-04-15T15:14:45.476039" elapsed="0.000461"/>
</kw>
<kw name="Log" owner="BuiltIn">
<msg time="2024-04-15T15:14:45.477158" level="INFO">{'gender': 'male', 'name': {'title': 'Mr', 'first': 'Bozheyko', 'last': 'Yudenko'}, 'location': {'street': {'number': 956, 'name': 'Lanzheronivska'}, 'city': 'Ladizhin', 'state': 'Hmelnicka', 'country': 'Ukraine', 'postcode': 34181, 'coordinates': {'latitude': '80.3622', 'longitude': '-80.2668'}, 'timezone': {'offset': '-5:00', 'description': 'Eastern Time (US &amp; Canada), Bogota, Lima'}}, 'email': 'bozheyko.yudenko@example.com', 'login': {'uuid': '1f4177e4-e2e7-4757-abef-d4331983339c', 'username': 'whitewolf831', 'password': 'pyramid', 'salt': '4k3DEuCj', 'md5': '962d57474f27a8735e9154e438776f66', 'sha1': '1473fc6ad1dfbfae3b3827f3d4557df3a4f9a5d4', 'sha256': 'cc0d016ced3e4b158036534de6e42ec47f97b9f87fd906e5b2265b79b23f53bd'}, 'dob': {'date': '1960-02-11T16:39:26.103Z', 'age': 64}, 'registered': {'date': '2006-03-01T05:55:59.531Z', 'age': 18}, 'phone': '(066) P52-2267', 'cell': '(066) T00-6319', 'id': {'name': '', 'value': None}, 'picture': {'large': 'https://randomuser.me/api/portraits/men/19.jpg', 'medium': 'https://randomuser.me/api/portraits/med/men/19.jpg', 'thumbnail': 'https://randomuser.me/api/portraits/thumb/men/19.jpg'}, 'nat': 'UA'}</msg>
<arg>${json_data['results'][0]}</arg>
<doc>Logs the given message with the given level.</doc>
<status status="PASS" start="2024-04-15T15:14:45.476800" elapsed="0.000405"/>
</kw>
<kw name="Log" owner="BuiltIn">
<msg time="2024-04-15T15:14:45.477627" level="INFO">location</msg>
<arg>${key}</arg>
<doc>Logs the given message with the given level.</doc>
<status status="PASS" start="2024-04-15T15:14:45.477501" elapsed="0.000164"/>
</kw>
<var name="${key}">location</var>
<status status="PASS" start="2024-04-15T15:14:45.475927" elapsed="0.001959"/>
</iter>
<iter>
<kw name="Dictionary Should Contain Key" owner="Collections">
<msg time="2024-04-15T15:14:45.478564" level="INFO">False</msg>
<arg>${json_data['results'][0]}</arg>
<arg>${key}</arg>
<doc>Fails if ``key`` is not found from ``dictionary``.</doc>
<status status="PASS" start="2024-04-15T15:14:45.478173" elapsed="0.000429"/>
</kw>
<kw name="Log" owner="BuiltIn">
<msg time="2024-04-15T15:14:45.479262" level="INFO">{'gender': 'male', 'name': {'title': 'Mr', 'first': 'Bozheyko', 'last': 'Yudenko'}, 'location': {'street': {'number': 956, 'name': 'Lanzheronivska'}, 'city': 'Ladizhin', 'state': 'Hmelnicka', 'country': 'Ukraine', 'postcode': 34181, 'coordinates': {'latitude': '80.3622', 'longitude': '-80.2668'}, 'timezone': {'offset': '-5:00', 'description': 'Eastern Time (US &amp; Canada), Bogota, Lima'}}, 'email': 'bozheyko.yudenko@example.com', 'login': {'uuid': '1f4177e4-e2e7-4757-abef-d4331983339c', 'username': 'whitewolf831', 'password': 'pyramid', 'salt': '4k3DEuCj', 'md5': '962d57474f27a8735e9154e438776f66', 'sha1': '1473fc6ad1dfbfae3b3827f3d4557df3a4f9a5d4', 'sha256': 'cc0d016ced3e4b158036534de6e42ec47f97b9f87fd906e5b2265b79b23f53bd'}, 'dob': {'date': '1960-02-11T16:39:26.103Z', 'age': 64}, 'registered': {'date': '2006-03-01T05:55:59.531Z', 'age': 18}, 'phone': '(066) P52-2267', 'cell': '(066) T00-6319', 'id': {'name': '', 'value': None}, 'picture': {'large': 'https://randomuser.me/api/portraits/men/19.jpg', 'medium': 'https://randomuser.me/api/portraits/med/men/19.jpg', 'thumbnail': 'https://randomuser.me/api/portraits/thumb/men/19.jpg'}, 'nat': 'UA'}</msg>
<arg>${json_data['results'][0]}</arg>
<doc>Logs the given message with the given level.</doc>
<status status="PASS" start="2024-04-15T15:14:45.478900" elapsed="0.000410"/>
</kw>
<kw name="Log" owner="BuiltIn">
<msg time="2024-04-15T15:14:45.479735" level="INFO">email</msg>
<arg>${key}</arg>
<doc>Logs the given message with the given level.</doc>
<status status="PASS" start="2024-04-15T15:14:45.479608" elapsed="0.000165"/>
</kw>
<var name="${key}">email</var>
<status status="PASS" start="2024-04-15T15:14:45.478060" elapsed="0.001929"/>
</iter>
<iter>
<kw name="Dictionary Should Contain Key" owner="Collections">
<msg time="2024-04-15T15:14:45.480671" level="INFO">False</msg>
<arg>${json_data['results'][0]}</arg>
<arg>${key}</arg>
<doc>Fails if ``key`` is not found from ``dictionary``.</doc>
<status status="PASS" start="2024-04-15T15:14:45.480292" elapsed="0.000416"/>
</kw>
<kw name="Log" owner="BuiltIn">
<msg time="2024-04-15T15:14:45.481359" level="INFO">{'gender': 'male', 'name': {'title': 'Mr', 'first': 'Bozheyko', 'last': 'Yudenko'}, 'location': {'street': {'number': 956, 'name': 'Lanzheronivska'}, 'city': 'Ladizhin', 'state': 'Hmelnicka', 'country': 'Ukraine', 'postcode': 34181, 'coordinates': {'latitude': '80.3622', 'longitude': '-80.2668'}, 'timezone': {'offset': '-5:00', 'description': 'Eastern Time (US &amp; Canada), Bogota, Lima'}}, 'email': 'bozheyko.yudenko@example.com', 'login': {'uuid': '1f4177e4-e2e7-4757-abef-d4331983339c', 'username': 'whitewolf831', 'password': 'pyramid', 'salt': '4k3DEuCj', 'md5': '962d57474f27a8735e9154e438776f66', 'sha1': '1473fc6ad1dfbfae3b3827f3d4557df3a4f9a5d4', 'sha256': 'cc0d016ced3e4b158036534de6e42ec47f97b9f87fd906e5b2265b79b23f53bd'}, 'dob': {'date': '1960-02-11T16:39:26.103Z', 'age': 64}, 'registered': {'date': '2006-03-01T05:55:59.531Z', 'age': 18}, 'phone': '(066) P52-2267', 'cell': '(066) T00-6319', 'id': {'name': '', 'value': None}, 'picture': {'large': 'https://randomuser.me/api/portraits/men/19.jpg', 'medium': 'https://randomuser.me/api/portraits/med/men/19.jpg', 'thumbnail': 'https://randomuser.me/api/portraits/thumb/men/19.jpg'}, 'nat': 'UA'}</msg>
<arg>${json_data['results'][0]}</arg>
<doc>Logs the given message with the given level.</doc>
<status status="PASS" start="2024-04-15T15:14:45.481009" elapsed="0.000397"/>
</kw>
<kw name="Log" owner="BuiltIn">
<msg time="2024-04-15T15:14:45.481821" level="INFO">login</msg>
<arg>${key}</arg>
<doc>Logs the given message with the given level.</doc>
<status status="PASS" start="2024-04-15T15:14:45.481697" elapsed="0.000162"/>
</kw>
<var name="${key}">login</var>
<status status="PASS" start="2024-04-15T15:14:45.480177" elapsed="0.001920"/>
</iter>
<var>${key}</var>
<value>@{expected_keys}</value>
<status status="PASS" start="2024-04-15T15:14:45.471353" elapsed="0.010870"/>
</for>
<kw name="Create List" owner="BuiltIn">
<msg time="2024-04-15T15:14:45.482560" level="INFO">${expected_keysTwo} = ['username', 'password']</msg>
<var>${expected_keysTwo}</var>
<arg>username</arg>
<arg>password</arg>
<doc>Returns a list containing given items.</doc>
<status status="PASS" start="2024-04-15T15:14:45.482421" elapsed="0.000162"/>
</kw>
<for flavor="IN">
<iter>
<kw name="Dictionary Should Contain Key" owner="Collections">
<msg time="2024-04-15T15:14:45.483589" level="INFO">False</msg>
<arg>${json_data['results'][0]['login']}</arg>
<arg>${keyTwo}</arg>
<doc>Fails if ``key`` is not found from ``dictionary``.</doc>
<status status="PASS" start="2024-04-15T15:14:45.483209" elapsed="0.000418"/>
</kw>
<kw name="Dictionary Should Contain Key" owner="Collections">
<msg time="2024-04-15T15:14:45.484367" level="INFO">False</msg>
<arg>${json_data['results'][0]['login']}</arg>
<arg>${keyTwo}</arg>
<doc>Fails if ``key`` is not found from ``dictionary``.</doc>
<status status="PASS" start="2024-04-15T15:14:45.483928" elapsed="0.000477"/>
</kw>
<kw name="Log" owner="BuiltIn">
<msg time="2024-04-15T15:14:45.484837" level="INFO">username</msg>
<arg>${keyTwo}</arg>
<doc>Logs the given message with the given level.</doc>
<status status="PASS" start="2024-04-15T15:14:45.484709" elapsed="0.000166"/>
</kw>
<var name="${keyTwo}">username</var>
<status status="PASS" start="2024-04-15T15:14:45.483097" elapsed="0.001994"/>
</iter>
<iter>
<kw name="Dictionary Should Contain Key" owner="Collections">
<msg time="2024-04-15T15:14:45.485747" level="INFO">False</msg>
<arg>${json_data['results'][0]['login']}</arg>
<arg>${keyTwo}</arg>
<doc>Fails if ``key`` is not found from ``dictionary``.</doc>
<status status="PASS" start="2024-04-15T15:14:45.485374" elapsed="0.000411"/>
</kw>
<kw name="Dictionary Should Contain Key" owner="Collections">
<msg time="2024-04-15T15:14:45.486460" level="INFO">False</msg>
<arg>${json_data['results'][0]['login']}</arg>
<arg>${keyTwo}</arg>
<doc>Fails if ``key`` is not found from ``dictionary``.</doc>
<status status="PASS" start="2024-04-15T15:14:45.486076" elapsed="0.000419"/>
</kw>
<kw name="Log" owner="BuiltIn">
<msg time="2024-04-15T15:14:45.486919" level="INFO">password</msg>
<arg>${keyTwo}</arg>
<doc>Logs the given message with the given level.</doc>
<status status="PASS" start="2024-04-15T15:14:45.486792" elapsed="0.000165"/>
</kw>
<var name="${keyTwo}">password</var>
<status status="PASS" start="2024-04-15T15:14:45.485263" elapsed="0.001912"/>
</iter>
<var>${keyTwo}</var>
<value>@{expected_keysTwo}</value>
<status status="PASS" start="2024-04-15T15:14:45.482822" elapsed="0.004475"/>
</for>
<status status="PASS" start="2024-04-15T15:14:45.362963" elapsed="0.124477"/>
</kw>
<doc>Testa a estrutura da resposta da API.</doc>
<tag>testeEstruturaResposta</tag>
<status status="PASS" start="2024-04-15T15:14:45.362161" elapsed="0.125443"/>
</test>
<test id="s1-s1-t4" name="Validar tipos de dados" line="28">
<kw name="Teste de Tipos de Dados" owner="random-user-service">
<kw name="GET On Session" owner="RequestsLibrary">
<msg time="2024-04-15T15:14:45.592872" level="INFO">GET Request : url=https://randomuser.me/api 
 path_url=/api 
 headers={'User-Agent': 'python-requests/2.31.0', 'Accept-Encoding': 'gzip, deflate', 'Accept': '*/*', 'Connection': 'keep-alive'} 
 body=None 
 </msg>
<msg time="2024-04-15T15:14:45.592982" level="INFO">GET Response : url=https://randomuser.me/api 
 status=200, reason=OK 
 headers={'Date': 'Mon, 15 Apr 2024 15:14:45 GMT', 'Content-Type': 'application/json; charset=utf-8', 'Transfer-Encoding': 'chunked', 'Connection': 'keep-alive', 'X-Powered-By': 'Express', 'Access-Control-Allow-Origin': '*', 'Cache-Control': 'no-cache', 'ETag': 'W/"48b-PAF3iJgAAA++iZU700DvsyOnoAo"', 'Vary': 'Accept-Encoding', 'Content-Encoding': 'gzip', 'CF-Cache-Status': 'DYNAMIC', 'Report-To': '{"endpoints":[{"url":"https:\\/\\/a.nel.cloudflare.com\\/report\\/v4?s=f1h%2B45lCw9eop0LPXUzIReFvvGD1f%2B2UV09ZOP4RwCsKEi4eTL6evy6Pb1xUoxAN0%2BRrwqnt35XaTjNzoFe1wf81WO0cZyqpZzDBDS43TWl%2F1GbLdncxw1ZTryhy0Y%2Bk"}],"group":"cf-nel","max_age":604800}', 'NEL': '{"success_fraction":0,"report_to":"cf-nel","max_age":604800}', 'Server': 'cloudflare', 'CF-RAY': '874ce31a5ba70fd9-LAX', 'alt-svc': 'h3=":443"; ma=86400'} 
 body={"results":[{"gender":"female","name":{"title":"Mrs","first":"غزل","last":"کوتی"},"location":{"street":{"number":8562,"name":"شهید باهنر"},"city":"شیراز","state":"خراسان شمالی","country":"Iran","postcode":58439,"coordinates":{"latitude":"20.5185","longitude":"98.1625"},"timezone":{"offset":"-12:00","description":"Eniwetok, Kwajalein"}},"email":"gzl.khwty@example.com","login":{"uuid":"8e90d695-84b3-42b6-aa6e-40c464d9e0ff","username":"tinyfish116","password":"hhhhhhh","salt":"sSolRAiN","md5":"8ae69314fb01935cf6a24da13869490c","sha1":"6666d92a5356bb19e54fb739741e5409b92184d6","sha256":"b006f0d150cd127e0e2ded88411d8093dd585f2b4fb762f906a10a5b5301eae5"},"dob":{"date":"1989-04-13T05:58:04.062Z","age":35},"registered":{"date":"2008-04-28T11:25:59.317Z","age":15},"phone":"028-59099221","cell":"0974-743-9776","id":{"name":"","value":null},"picture":{"large":"https://randomuser.me/api/portraits/women/39.jpg","medium":"https://randomuser.me/api/portraits/med/women/39.jpg","thumbnail":"https://randomuser.me/api/portraits/thumb/women/39.jpg"},"nat":"IR"}],"info":{"seed":"eae0810b8d687761","results":1,"page":1,"version":"1.4"}} 
 </msg>
<msg time="2024-04-15T15:14:45.593071" level="INFO">/opt/hostedtoolcache/Python/3.12.2/x64/lib/python3.12/site-packages/urllib3/connectionpool.py:1103: InsecureRequestWarning: Unverified HTTPS request is being made to host 'randomuser.me'. Adding certificate verification is strongly advised. See: https://urllib3.readthedocs.io/en/latest/advanced-usage.html#tls-warnings
  warnings.warn(</msg>
<msg time="2024-04-15T15:14:45.593209" level="INFO">${response} = &lt;Response [200]&gt;</msg>
<var>${response}</var>
<arg>consultarAPI</arg>
<arg>/api</arg>
<doc>Sends a GET request on a previously created HTTP Session.</doc>
<status status="PASS" start="2024-04-15T15:14:45.490393" elapsed="0.102856"/>
</kw>
<kw name="Set Variable" owner="BuiltIn">
<msg time="2024-04-15T15:14:45.594538" level="INFO">${json_data} = {'results': [{'gender': 'female', 'name': {'title': 'Mrs', 'first': 'غزل', 'last': 'کوتی'}, 'location': {'street': {'number': 8562, 'name': 'شهید باهنر'}, 'city': 'شیراز', 'state': 'خراسان شمالی', 'co...</msg>
<var>${json_data}</var>
<arg>${response.json()}</arg>
<doc>Returns the given values which can then be assigned to a variables.</doc>
<status status="PASS" start="2024-04-15T15:14:45.593942" elapsed="0.000628"/>
</kw>
<kw name="Log" owner="BuiltIn">
<msg time="2024-04-15T15:14:45.595060" level="INFO">{'results': [{'gender': 'female', 'name': {'title': 'Mrs', 'first': 'غزل', 'last': 'کوتی'}, 'location': {'street': {'number': 8562, 'name': 'شهید باهنر'}, 'city': 'شیراز', 'state': 'خراسان شمالی', 'country': 'Iran', 'postcode': 58439, 'coordinates': {'latitude': '20.5185', 'longitude': '98.1625'}, 'timezone': {'offset': '-12:00', 'description': 'Eniwetok, Kwajalein'}}, 'email': 'gzl.khwty@example.com', 'login': {'uuid': '8e90d695-84b3-42b6-aa6e-40c464d9e0ff', 'username': 'tinyfish116', 'password': 'hhhhhhh', 'salt': 'sSolRAiN', 'md5': '8ae69314fb01935cf6a24da13869490c', 'sha1': '6666d92a5356bb19e54fb739741e5409b92184d6', 'sha256': 'b006f0d150cd127e0e2ded88411d8093dd585f2b4fb762f906a10a5b5301eae5'}, 'dob': {'date': '1989-04-13T05:58:04.062Z', 'age': 35}, 'registered': {'date': '2008-04-28T11:25:59.317Z', 'age': 15}, 'phone': '028-59099221', 'cell': '0974-743-9776', 'id': {'name': '', 'value': None}, 'picture': {'large': 'https://randomuser.me/api/portraits/women/39.jpg', 'medium': 'https://randomuser.me/api/portraits/med/women/39.jpg', 'thumbnail': 'https://randomuser.me/api/portraits/thumb/women/39.jpg'}, 'nat': 'IR'}], 'info': {'seed': 'eae0810b8d687761', 'results': 1, 'page': 1, 'version': '1.4'}}</msg>
<arg>${json_data}</arg>
<doc>Logs the given message with the given level.</doc>
<status status="PASS" start="2024-04-15T15:14:45.594895" elapsed="0.000262"/>
</kw>
<kw name="Should Be String" owner="String">
<arg>${json_data['results'][0]['gender']}</arg>
<doc>Fails if the given ``item`` is not a string.</doc>
<status status="PASS" start="2024-04-15T15:14:45.595469" elapsed="0.000376"/>
</kw>
<kw name="Should Match Regexp" owner="BuiltIn">
<arg>${json_data['results'][0]['email']}</arg>
<arg>^[a-zA-Z0-9._%+-]+@[a-zA-Z0-9.-]+\.[a-zA-Z]{2,}$</arg>
<doc>Fails if ``string`` does not match ``pattern`` as a regular expression.</doc>
<status status="PASS" start="2024-04-15T15:14:45.596041" elapsed="0.000564"/>
</kw>
<kw name="Should Match Regexp" owner="BuiltIn">
<arg>${json_data['results'][0]['dob']['date']}</arg>
<arg>\\d{4}-\\d{2}-\\d{2}T\\d{2}:\\d{2}:\\d{2}\\.\\d{3}Z</arg>
<doc>Fails if ``string`` does not match ``pattern`` as a regular expression.</doc>
<status status="PASS" start="2024-04-15T15:14:45.596807" elapsed="0.000502"/>
</kw>
<kw name="Should Match Regexp" owner="BuiltIn">
<arg>${json_data['results'][0]['registered']['date']}</arg>
<arg>\\d{4}-\\d{2}-\\d{2}T\\d{2}:\\d{2}:\\d{2}\\.\\d{3}Z</arg>
<doc>Fails if ``string`` does not match ``pattern`` as a regular expression.</doc>
<status status="PASS" start="2024-04-15T15:14:45.597511" elapsed="0.000371"/>
</kw>
<kw name="Should Match Regexp" owner="BuiltIn">
<arg>${json_data['results'][0]['picture']['large']}</arg>
<arg>^https?://.*\.(?:png|jpe?g|gif|bmp)$</arg>
<doc>Fails if ``string`` does not match ``pattern`` as a regular expression.</doc>
<status status="PASS" start="2024-04-15T15:14:45.598072" elapsed="0.000482"/>
</kw>
<kw name="Should Match Regexp" owner="BuiltIn">
<arg>${json_data['results'][0]['picture']['medium']}</arg>
<arg>^https?://.*\.(?:png|jpe?g|gif|bmp)$</arg>
<doc>Fails if ``string`` does not match ``pattern`` as a regular expression.</doc>
<status status="PASS" start="2024-04-15T15:14:45.598745" elapsed="0.000352"/>
</kw>
<kw name="Should Match Regexp" owner="BuiltIn">
<arg>${json_data['results'][0]['picture']['thumbnail']}</arg>
<arg>^https?://.*\.(?:png|jpe?g|gif|bmp)$</arg>
<doc>Fails if ``string`` does not match ``pattern`` as a regular expression.</doc>
<status status="PASS" start="2024-04-15T15:14:45.599283" elapsed="0.000362"/>
</kw>
<kw name="Log" owner="BuiltIn">
<msg time="2024-04-15T15:14:45.600152" level="INFO">{'large': 'https://randomuser.me/api/portraits/women/39.jpg', 'medium': 'https://randomuser.me/api/portraits/med/women/39.jpg', 'thumbnail': 'https://randomuser.me/api/portraits/thumb/women/39.jpg'}</msg>
<arg>${json_data['results'][0]['picture']}</arg>
<doc>Logs the given message with the given level.</doc>
<status status="PASS" start="2024-04-15T15:14:45.599828" elapsed="0.000396"/>
</kw>
<status status="PASS" start="2024-04-15T15:14:45.490162" elapsed="0.110332"/>
</kw>
<kw name="Teste de Tipos de Dados - Postcode" owner="random-user-service">
<kw name="GET On Session" owner="RequestsLibrary">
<msg time="2024-04-15T15:14:45.697144" level="INFO">GET Request : url=https://randomuser.me/api 
 path_url=/api 
 headers={'User-Agent': 'python-requests/2.31.0', 'Accept-Encoding': 'gzip, deflate', 'Accept': '*/*', 'Connection': 'keep-alive'} 
 body=None 
 </msg>
<msg time="2024-04-15T15:14:45.697254" level="INFO">GET Response : url=https://randomuser.me/api 
 status=200, reason=OK 
 headers={'Date': 'Mon, 15 Apr 2024 15:14:45 GMT', 'Content-Type': 'application/json; charset=utf-8', 'Transfer-Encoding': 'chunked', 'Connection': 'keep-alive', 'X-Powered-By': 'Express', 'Access-Control-Allow-Origin': '*', 'Cache-Control': 'no-cache', 'ETag': 'W/"4a3-IZ2+7CijwdDZ5O6SHpxkV8EAw1A"', 'Vary': 'Accept-Encoding', 'Content-Encoding': 'gzip', 'CF-Cache-Status': 'DYNAMIC', 'Report-To': '{"endpoints":[{"url":"https:\\/\\/a.nel.cloudflare.com\\/report\\/v4?s=v79GxBs7jnvbYt39F6kzOQRyhxEfP3ffiPHrrBZBDLP3pH80Moc4wNaSmX9FkOcqFWZlFS%2FQdXx6iPvaQgb2F7fJteQOenV5UcrBpbuY%2Bv61SYNuS0fWl1ZpIwl5I027"}],"group":"cf-nel","max_age":604800}', 'NEL': '{"success_fraction":0,"report_to":"cf-nel","max_age":604800}', 'Server': 'cloudflare', 'CF-RAY': '874ce31b0cc10fd9-LAX', 'alt-svc': 'h3=":443"; ma=86400'} 
 body={"results":[{"gender":"male","name":{"title":"Mr","first":"Charles","last":"Vincent"},"location":{"street":{"number":3981,"name":"Avenue Tony-Garnier"},"city":"Metz","state":"Ardèche","country":"France","postcode":59533,"coordinates":{"latitude":"-16.8855","longitude":"-30.7765"},"timezone":{"offset":"+5:00","description":"Ekaterinburg, Islamabad, Karachi, Tashkent"}},"email":"charles.vincent@example.com","login":{"uuid":"2fa61708-bc17-46a6-91e9-05bcaa5f2bfa","username":"whitemeercat101","password":"abby","salt":"RXgDAPAu","md5":"96d76c0dbee624569a633a37a2ec87c3","sha1":"0a7e7df404b620b8a06c966ad13535871594b132","sha256":"c23621082119db461b0c932a02c5d56b91af1c779f1d9c748030532136a8bf7f"},"dob":{"date":"1964-08-03T23:13:58.365Z","age":59},"registered":{"date":"2016-09-12T18:12:59.857Z","age":7},"phone":"04-63-91-79-63","cell":"06-73-73-06-38","id":{"name":"INSEE","value":"1640713568851 24"},"picture":{"large":"https://randomuser.me/api/portraits/men/75.jpg","medium":"https://randomuser.me/api/portraits/med/men/75.jpg","thumbnail":"https://randomuser.me/api/portraits/thumb/men/75.jpg"},"nat":"FR"}],"info":{"seed":"e77fe403428e0521","results":1,"page":1,"version":"1.4"}} 
 </msg>
<msg time="2024-04-15T15:14:45.697351" level="INFO">/opt/hostedtoolcache/Python/3.12.2/x64/lib/python3.12/site-packages/urllib3/connectionpool.py:1103: InsecureRequestWarning: Unverified HTTPS request is being made to host 'randomuser.me'. Adding certificate verification is strongly advised. See: https://urllib3.readthedocs.io/en/latest/advanced-usage.html#tls-warnings
  warnings.warn(</msg>
<msg time="2024-04-15T15:14:45.697486" level="INFO">${response} = &lt;Response [200]&gt;</msg>
<var>${response}</var>
<arg>consultarAPI</arg>
<arg>/api</arg>
<doc>Sends a GET request on a previously created HTTP Session.</doc>
<status status="PASS" start="2024-04-15T15:14:45.600978" elapsed="0.096549"/>
</kw>
<kw name="Set Variable" owner="BuiltIn">
<msg time="2024-04-15T15:14:45.698796" level="INFO">${json_data} = {'results': [{'gender': 'male', 'name': {'title': 'Mr', 'first': 'Charles', 'last': 'Vincent'}, 'location': {'street': {'number': 3981, 'name': 'Avenue Tony-Garnier'}, 'city': 'Metz', 'state': 'Ardèch...</msg>
<var>${json_data}</var>
<arg>${response.json()}</arg>
<doc>Returns the given values which can then be assigned to a variables.</doc>
<status status="PASS" start="2024-04-15T15:14:45.698202" elapsed="0.000625"/>
</kw>
<kw name="Log" owner="BuiltIn">
<msg time="2024-04-15T15:14:45.699319" level="INFO">{'results': [{'gender': 'male', 'name': {'title': 'Mr', 'first': 'Charles', 'last': 'Vincent'}, 'location': {'street': {'number': 3981, 'name': 'Avenue Tony-Garnier'}, 'city': 'Metz', 'state': 'Ardèche', 'country': 'France', 'postcode': 59533, 'coordinates': {'latitude': '-16.8855', 'longitude': '-30.7765'}, 'timezone': {'offset': '+5:00', 'description': 'Ekaterinburg, Islamabad, Karachi, Tashkent'}}, 'email': 'charles.vincent@example.com', 'login': {'uuid': '2fa61708-bc17-46a6-91e9-05bcaa5f2bfa', 'username': 'whitemeercat101', 'password': 'abby', 'salt': 'RXgDAPAu', 'md5': '96d76c0dbee624569a633a37a2ec87c3', 'sha1': '0a7e7df404b620b8a06c966ad13535871594b132', 'sha256': 'c23621082119db461b0c932a02c5d56b91af1c779f1d9c748030532136a8bf7f'}, 'dob': {'date': '1964-08-03T23:13:58.365Z', 'age': 59}, 'registered': {'date': '2016-09-12T18:12:59.857Z', 'age': 7}, 'phone': '04-63-91-79-63', 'cell': '06-73-73-06-38', 'id': {'name': 'INSEE', 'value': '1640713568851 24'}, 'picture': {'large': 'https://randomuser.me/api/portraits/men/75.jpg', 'medium': 'https://randomuser.me/api/portraits/med/men/75.jpg', 'thumbnail': 'https://randomuser.me/api/portraits/thumb/men/75.jpg'}, 'nat': 'FR'}], 'info': {'seed': 'e77fe403428e0521', 'results': 1, 'page': 1, 'version': '1.4'}}</msg>
<arg>${json_data}</arg>
<doc>Logs the given message with the given level.</doc>
<status status="PASS" start="2024-04-15T15:14:45.699153" elapsed="0.000252"/>
</kw>
<kw name="Should Be Equal As Numbers" owner="BuiltIn">
<arg>${json_data['results'][0]['location']['postcode']}</arg>
<arg>${json_data['results'][0]['location']['postcode']}</arg>
<doc>Fails if objects are unequal after converting them to real numbers.</doc>
<status status="PASS" start="2024-04-15T15:14:45.699718" elapsed="0.000688"/>
</kw>
<kw name="Log" owner="BuiltIn">
<msg time="2024-04-15T15:14:45.700949" level="INFO">59533</msg>
<arg>${json_data['results'][0]['location']['postcode']}</arg>
<doc>Logs the given message with the given level.</doc>
<status status="PASS" start="2024-04-15T15:14:45.700605" elapsed="0.000386"/>
</kw>
<status status="PASS" start="2024-04-15T15:14:45.600735" elapsed="0.100520"/>
</kw>
<doc>Testa se os tipos de dados na resposta da API estão corretos.</doc>
<tag>testeTiposDados</tag>
<status status="PASS" start="2024-04-15T15:14:45.489577" elapsed="0.211859"/>
</test>
<test id="s1-s1-t5" name="Validar conteudo" line="35">
<kw name="Teste de Tipos de Conteudo" owner="random-user-service">
<kw name="GET On Session" owner="RequestsLibrary">
<msg time="2024-04-15T15:14:45.801443" level="INFO">GET Request : url=https://randomuser.me/api 
 path_url=/api 
 headers={'User-Agent': 'python-requests/2.31.0', 'Accept-Encoding': 'gzip, deflate', 'Accept': '*/*', 'Connection': 'keep-alive'} 
 body=None 
 </msg>
<msg time="2024-04-15T15:14:45.801554" level="INFO">GET Response : url=https://randomuser.me/api 
 status=200, reason=OK 
 headers={'Date': 'Mon, 15 Apr 2024 15:14:45 GMT', 'Content-Type': 'application/json; charset=utf-8', 'Transfer-Encoding': 'chunked', 'Connection': 'keep-alive', 'X-Powered-By': 'Express', 'Access-Control-Allow-Origin': '*', 'Cache-Control': 'no-cache', 'ETag': 'W/"4a1-9bbVm5bgKGSh7VaZEWLiubjOjj8"', 'Vary': 'Accept-Encoding', 'Content-Encoding': 'gzip', 'CF-Cache-Status': 'DYNAMIC', 'Report-To': '{"endpoints":[{"url":"https:\\/\\/a.nel.cloudflare.com\\/report\\/v4?s=IN7pwgIWz6QR107ZPPGPerV10f%2F%2B%2BCCKYH1U%2FTIeFJ1IWjh2Ar6GoQGk9T00N%2Bojs%2Bne%2FqwigBP4XWURDcGETu1EUWHKBrHp%2BivT4SxSzV8hGs8ajqrGzt33E1b7IFF8"}],"group":"cf-nel","max_age":604800}', 'NEL': '{"success_fraction":0,"report_to":"cf-nel","max_age":604800}', 'Server': 'cloudflare', 'CF-RAY': '874ce31bad900fd9-LAX', 'alt-svc': 'h3=":443"; ma=86400'} 
 body={"results":[{"gender":"male","name":{"title":"Mr","first":"Clarence","last":"Jackson"},"location":{"street":{"number":8147,"name":"W Pecan St"},"city":"Australian Capital Territory","state":"Northern Territory","country":"Australia","postcode":4785,"coordinates":{"latitude":"-82.4171","longitude":"-176.0145"},"timezone":{"offset":"-12:00","description":"Eniwetok, Kwajalein"}},"email":"clarence.jackson@example.com","login":{"uuid":"270de145-ad6a-4bff-a563-1f702f63e7e9","username":"happyelephant166","password":"freefree","salt":"PZxQR09M","md5":"1b258b453a4ed4c617f48a4d31df70dd","sha1":"801ba69c8199b9a33dad0a69f54f6e6bb5ca5cfc","sha256":"e44d7826b27a677e98ea1d7e014df158c7565f7d25d1a0a743a79cd8e11a1e97"},"dob":{"date":"1999-10-08T21:29:54.494Z","age":24},"registered":{"date":"2011-09-05T04:43:33.546Z","age":12},"phone":"01-9418-4852","cell":"0403-878-481","id":{"name":"TFN","value":"805422235"},"picture":{"large":"https://randomuser.me/api/portraits/men/4.jpg","medium":"https://randomuser.me/api/portraits/med/men/4.jpg","thumbnail":"https://randomuser.me/api/portraits/thumb/men/4.jpg"},"nat":"AU"}],"info":{"seed":"f4c7465538fbf6c5","results":1,"page":1,"version":"1.4"}} 
 </msg>
<msg time="2024-04-15T15:14:45.801631" level="INFO">/opt/hostedtoolcache/Python/3.12.2/x64/lib/python3.12/site-packages/urllib3/connectionpool.py:1103: InsecureRequestWarning: Unverified HTTPS request is being made to host 'randomuser.me'. Adding certificate verification is strongly advised. See: https://urllib3.readthedocs.io/en/latest/advanced-usage.html#tls-warnings
  warnings.warn(</msg>
<msg time="2024-04-15T15:14:45.801761" level="INFO">${response} = &lt;Response [200]&gt;</msg>
<var>${response}</var>
<arg>consultarAPI</arg>
<arg>/api</arg>
<doc>Sends a GET request on a previously created HTTP Session.</doc>
<status status="PASS" start="2024-04-15T15:14:45.704777" elapsed="0.097024"/>
</kw>
<kw name="Set Variable" owner="BuiltIn">
<msg time="2024-04-15T15:14:45.802944" level="INFO">${json_data} = {'results': [{'gender': 'male', 'name': {'title': 'Mr', 'first': 'Clarence', 'last': 'Jackson'}, 'location': {'street': {'number': 8147, 'name': 'W Pecan St'}, 'city': 'Australian Capital Territory', ...</msg>
<var>${json_data}</var>
<arg>${response.json()}</arg>
<doc>Returns the given values which can then be assigned to a variables.</doc>
<status status="PASS" start="2024-04-15T15:14:45.802386" elapsed="0.000587"/>
</kw>
<kw name="Set Variable" owner="BuiltIn">
<msg time="2024-04-15T15:14:45.803793" level="INFO">${name_title} = Mr</msg>
<var>${name_title}</var>
<arg>${json_data["results"][0]["name"]["title"]}</arg>
<doc>Returns the given values which can then be assigned to a variables.</doc>
<status status="PASS" start="2024-04-15T15:14:45.803354" elapsed="0.000466"/>
</kw>
<kw name="Create List" owner="BuiltIn">
<msg time="2024-04-15T15:14:45.804379" level="INFO">${allowed_titles} = ['Mr', 'Ms', 'Miss', 'Mrs', 'Madame', 'Monsieur']</msg>
<var>${allowed_titles}</var>
<arg>Mr</arg>
<arg>Ms</arg>
<arg>Miss</arg>
<arg>Mrs</arg>
<arg>Madame</arg>
<arg>Monsieur</arg>
<doc>Returns a list containing given items.</doc>
<status status="PASS" start="2024-04-15T15:14:45.804206" elapsed="0.000200"/>
</kw>
<kw name="List Should Contain Value" owner="Collections">
<msg time="2024-04-15T15:14:45.804921" level="INFO">False</msg>
<arg>${allowed_titles}</arg>
<arg>${name_title}</arg>
<doc>Fails if the ``value`` is not found from ``list``.</doc>
<status status="PASS" start="2024-04-15T15:14:45.804732" elapsed="0.000229"/>
</kw>
<kw name="Set Variable" owner="BuiltIn">
<msg time="2024-04-15T15:14:45.805666" level="INFO">${name_country} = AU</msg>
<var>${name_country}</var>
<arg>${json_data["results"][0]["nat"]}</arg>
<doc>Returns the given values which can then be assigned to a variables.</doc>
<status status="PASS" start="2024-04-15T15:14:45.805265" elapsed="0.000427"/>
</kw>
<kw name="Create List" owner="BuiltIn">
<msg time="2024-04-15T15:14:45.806620" level="INFO">${list_country} = ['AD', 'AE', 'AF', 'AG', 'AI', 'AL', 'AM', 'AO', 'AQ', 'AR', 'AS', 'AT', 'AU', 'AW', 'AX', 'AZ', 'BA', 'BB', 'BD', 'BE', 'BF', 'BG', 'BH', 'BI', 'BJ', 'BL', 'BM', 'BN', 'BO', 'BQ', 'BR', 'BS', 'BT', '...</msg>
<var>${list_country}</var>
<arg>AD</arg>
<arg>AE</arg>
<arg>AF</arg>
<arg>AG</arg>
<arg>AI</arg>
<arg>AL</arg>
<arg>AM</arg>
<arg>AO</arg>
<arg>AQ</arg>
<arg>AR</arg>
<arg>AS</arg>
<arg>AT</arg>
<arg>AU</arg>
<arg>AW</arg>
<arg>AX</arg>
<arg>AZ</arg>
<arg>BA</arg>
<arg>BB</arg>
<arg>BD</arg>
<arg>BE</arg>
<arg>BF</arg>
<arg>BG</arg>
<arg>BH</arg>
<arg>BI</arg>
<arg>BJ</arg>
<arg>BL</arg>
<arg>BM</arg>
<arg>BN</arg>
<arg>BO</arg>
<arg>BQ</arg>
<arg>BR</arg>
<arg>BS</arg>
<arg>BT</arg>
<arg>BV</arg>
<arg>BW</arg>
<arg>BY</arg>
<arg>BZ</arg>
<arg>CA</arg>
<arg>CC</arg>
<arg>CD</arg>
<arg>CF</arg>
<arg>CG</arg>
<arg>CH</arg>
<arg>CI</arg>
<arg>CK</arg>
<arg>CL</arg>
<arg>CM</arg>
<arg>CN</arg>
<arg>CO</arg>
<arg>CR</arg>
<arg>CU</arg>
<arg>CV</arg>
<arg>CW</arg>
<arg>CX</arg>
<arg>CY</arg>
<arg>CZ</arg>
<arg>DE</arg>
<arg>DJ</arg>
<arg>DK</arg>
<arg>DM</arg>
<arg>DO</arg>
<arg>DZ</arg>
<arg>EC</arg>
<arg>EE</arg>
<arg>EG</arg>
<arg>EH</arg>
<arg>ER</arg>
<arg>ES</arg>
<arg>ET</arg>
<arg>FI</arg>
<arg>FJ</arg>
<arg>FK</arg>
<arg>FM</arg>
<arg>FO</arg>
<arg>FR</arg>
<arg>GA</arg>
<arg>GB</arg>
<arg>GD</arg>
<arg>GE</arg>
<arg>GF</arg>
<arg>GG</arg>
<arg>GH</arg>
<arg>GI</arg>
<arg>GL</arg>
<arg>GM</arg>
<arg>GN</arg>
<arg>GP</arg>
<arg>GQ</arg>
<arg>GR</arg>
<arg>GS</arg>
<arg>GT</arg>
<arg>GU</arg>
<arg>GW</arg>
<arg>GY</arg>
<arg>HK</arg>
<arg>HM</arg>
<arg>HN</arg>
<arg>HR</arg>
<arg>HT</arg>
<arg>HU</arg>
<arg>ID</arg>
<arg>IE</arg>
<arg>IL</arg>
<arg>IM</arg>
<arg>IN</arg>
<arg>IO</arg>
<arg>IQ</arg>
<arg>IR</arg>
<arg>IS</arg>
<arg>IT</arg>
<arg>JE</arg>
<arg>JM</arg>
<arg>JO</arg>
<arg>JP</arg>
<arg>KE</arg>
<arg>KG</arg>
<arg>KH</arg>
<arg>KI</arg>
<arg>KM</arg>
<arg>KN</arg>
<arg>KP</arg>
<arg>KR</arg>
<arg>KW</arg>
<arg>KY</arg>
<arg>KZ</arg>
<arg>LA</arg>
<arg>LB</arg>
<arg>LC</arg>
<arg>LI</arg>
<arg>LK</arg>
<arg>LR</arg>
<arg>LS</arg>
<arg>LT</arg>
<arg>LU</arg>
<arg>LV</arg>
<arg>LY</arg>
<arg>MA</arg>
<arg>MC</arg>
<arg>MD</arg>
<arg>ME</arg>
<arg>MF</arg>
<arg>MG</arg>
<arg>MH</arg>
<arg>MK</arg>
<arg>ML</arg>
<arg>MM</arg>
<arg>MN</arg>
<arg>MO</arg>
<arg>MP</arg>
<arg>MQ</arg>
<arg>MR</arg>
<arg>MS</arg>
<arg>MT</arg>
<arg>MU</arg>
<arg>MV</arg>
<arg>MW</arg>
<arg>MX</arg>
<arg>MY</arg>
<arg>MZ</arg>
<arg>NA</arg>
<arg>NC</arg>
<arg>NE</arg>
<arg>NF</arg>
<arg>NG</arg>
<arg>NI</arg>
<arg>NL</arg>
<arg>NO</arg>
<arg>NP</arg>
<arg>NR</arg>
<arg>NU</arg>
<arg>NZ</arg>
<arg>OM</arg>
<arg>PA</arg>
<arg>PE</arg>
<arg>PF</arg>
<arg>PG</arg>
<arg>PH</arg>
<arg>PK</arg>
<arg>PL</arg>
<arg>PM</arg>
<arg>PN</arg>
<arg>PR</arg>
<arg>PS</arg>
<arg>PT</arg>
<arg>PW</arg>
<arg>PY</arg>
<arg>QA</arg>
<arg>RE</arg>
<arg>RO</arg>
<arg>RS</arg>
<arg>RU</arg>
<arg>RW</arg>
<arg>SA</arg>
<arg>SB</arg>
<arg>SC</arg>
<arg>SD</arg>
<arg>SE</arg>
<arg>SG</arg>
<arg>SH</arg>
<arg>SI</arg>
<arg>SJ</arg>
<arg>SK</arg>
<arg>SL</arg>
<arg>SM</arg>
<arg>SN</arg>
<arg>SO</arg>
<arg>SR</arg>
<arg>SS</arg>
<arg>ST</arg>
<arg>SV</arg>
<arg>SX</arg>
<arg>SY</arg>
<arg>SZ</arg>
<arg>TC</arg>
<arg>TD</arg>
<arg>TF</arg>
<arg>TG</arg>
<arg>TH</arg>
<arg>TJ</arg>
<arg>TK</arg>
<arg>TL</arg>
<arg>TM</arg>
<arg>TN</arg>
<arg>TO</arg>
<arg>TR</arg>
<arg>TT</arg>
<arg>TV</arg>
<arg>TW</arg>
<arg>TZ</arg>
<arg>UA</arg>
<arg>UG</arg>
<arg>UM</arg>
<arg>US</arg>
<arg>UY</arg>
<arg>UZ</arg>
<arg>VA</arg>
<arg>VC</arg>
<arg>VE</arg>
<arg>VG</arg>
<arg>VI</arg>
<arg>VN</arg>
<arg>VU</arg>
<arg>WF</arg>
<arg>WS</arg>
<arg>XK</arg>
<arg>YE</arg>
<arg>YT</arg>
<arg>ZA</arg>
<arg>ZM</arg>
<arg>ZW</arg>
<doc>Returns a list containing given items.</doc>
<status status="PASS" start="2024-04-15T15:14:45.806010" elapsed="0.000636"/>
</kw>
<kw name="List Should Contain Value" owner="Collections">
<msg time="2024-04-15T15:14:45.807655" level="INFO">False</msg>
<arg>${list_country}</arg>
<arg>${name_country}</arg>
<doc>Fails if the ``value`` is not found from ``list``.</doc>
<status status="PASS" start="2024-04-15T15:14:45.807440" elapsed="0.000253"/>
</kw>
<kw name="Run Keyword If" owner="BuiltIn">
<kw name="Should Be True" owner="BuiltIn">
<arg>${True}</arg>
<doc>Fails if the given condition is not true.</doc>
<status status="PASS" start="2024-04-15T15:14:45.808977" elapsed="0.000150"/>
</kw>
<arg>${json_data["results"][0]["location"]["coordinates"]["latitude"]} &gt;= -90 and ${json_data["results"][0]["location"]["coordinates"]["latitude"]} &lt;= 90</arg>
<arg>Should Be True</arg>
<arg>${True}</arg>
<doc>Runs the given keyword with the given arguments, if ``condition`` is true.</doc>
<status status="PASS" start="2024-04-15T15:14:45.808016" elapsed="0.001243"/>
</kw>
<kw name="Run Keyword If" owner="BuiltIn">
<kw name="Should Be True" owner="BuiltIn">
<arg>${True}</arg>
<doc>Fails if the given condition is not true.</doc>
<status status="PASS" start="2024-04-15T15:14:45.810179" elapsed="0.000143"/>
</kw>
<arg>${json_data["results"][0]["location"]["coordinates"]["longitude"]} &gt;= -180 and ${json_data["results"][0]["location"]["coordinates"]["longitude"]} &lt;= 180</arg>
<arg>Should Be True</arg>
<arg>${True}</arg>
<doc>Runs the given keyword with the given arguments, if ``condition`` is true.</doc>
<status status="PASS" start="2024-04-15T15:14:45.809453" elapsed="0.000996"/>
</kw>
<status status="PASS" start="2024-04-15T15:14:45.704395" elapsed="0.106190"/>
</kw>
<doc>Testa o conteúdo específico dos campos retornados pela API.</doc>
<tag>testeConteudo</tag>
<status status="PASS" start="2024-04-15T15:14:45.703613" elapsed="0.107137"/>
</test>
<status status="PASS" start="2024-04-15T15:14:44.733006" elapsed="1.079778"/>
</suite>
<status status="PASS" start="2024-04-15T15:14:44.718928" elapsed="1.099434"/>
</suite>
<statistics>
<total>
<stat pass="5" fail="0" skip="0">All Tests</stat>
</total>
<tag>
<stat pass="1" fail="0" skip="0">testeConteudo</stat>
<stat pass="1" fail="0" skip="0">testeEstruturaResposta</stat>
<stat pass="1" fail="0" skip="0">testeRequisicaoBasica</stat>
<stat pass="1" fail="0" skip="0">testeTiposDados</stat>
</tag>
<suite>
<stat pass="5" fail="0" skip="0" id="s1" name="Tests">Tests</stat>
<stat pass="5" fail="0" skip="0" id="s1-s1" name="Random-User-Test">Tests.Random-User-Test</stat>
</suite>
</statistics>
<errors>
</errors>
</robot>
