<?xml version="1.0" encoding="UTF-8"?>
<robot generator="Robot 7.0 (Python 3.12.3 on linux)" generated="2024-05-12T18:19:35.511424" rpa="false" schemaversion="5">
<suite id="s1" name="Tests" source="/home/runner/work/DesafioQAItauRogerioJordao/DesafioQAItauRogerioJordao/RamdonUser/tests">
<suite id="s1-s1" name="Random-User-Test" source="/home/runner/work/DesafioQAItauRogerioJordao/DesafioQAItauRogerioJordao/RamdonUser/tests/random-user-test.robot">
<test id="s1-s1-t1" name="Conectar" line="13">
<kw name="Conectar API" owner="random-user-service">
<kw name="Create Session" owner="RequestsLibrary">
<msg time="2024-05-12T18:19:35.883482" level="INFO">Creating Session using : alias=consultarAPI, url=https://randomuser.me/, headers={},                     cookies={}, auth=None, timeout=None, proxies=None, verify=False,                     debug=0 </msg>
<arg>consultarAPI</arg>
<arg>${URL}</arg>
<doc>Create Session: create a HTTP session to a server</doc>
<status status="PASS" start="2024-05-12T18:19:35.883285" elapsed="0.000384"/>
</kw>
<status status="PASS" start="2024-05-12T18:19:35.882307" elapsed="0.001730"/>
</kw>
<status status="PASS" start="2024-05-12T18:19:35.881672" elapsed="0.002554"/>
</test>
<test id="s1-s1-t2" name="Validar retorno 200 e JSON Válido" line="16">
<kw name="Teste de Requisicao Basica" owner="random-user-service">
<kw name="GET On Session" owner="RequestsLibrary">
<msg time="2024-05-12T18:19:36.009657" level="INFO">GET Request : url=https://randomuser.me/api 
 path_url=/api 
 headers={'User-Agent': 'python-requests/2.31.0', 'Accept-Encoding': 'gzip, deflate', 'Accept': '*/*', 'Connection': 'keep-alive'} 
 body=None 
 </msg>
<msg time="2024-05-12T18:19:36.009811" level="INFO">GET Response : url=https://randomuser.me/api 
 status=200, reason=OK 
 headers={'Date': 'Sun, 12 May 2024 18:19:36 GMT', 'Content-Type': 'application/json; charset=utf-8', 'Transfer-Encoding': 'chunked', 'Connection': 'keep-alive', 'X-Powered-By': 'Express', 'Access-Control-Allow-Origin': '*', 'Cache-Control': 'no-cache', 'ETag': 'W/"481-PtAcW9wtr42K8kwjXXMt1nh+7l4"', 'Vary': 'Accept-Encoding', 'Content-Encoding': 'gzip', 'CF-Cache-Status': 'DYNAMIC', 'Report-To': '{"endpoints":[{"url":"https:\\/\\/a.nel.cloudflare.com\\/report\\/v4?s=xDVbmPEzsYeQIg6e%2BvnQgmBdCGHo6BSRyF2S1LBnHVZgS9Qz7cBR9dg9pWdPgl2oQ5xo5oez7%2BjwYgLRzGsR8iuOKkqgDBu2jRBgOwqythb%2B0s9dypsfzuo6fXnqlTFU"}],"group":"cf-nel","max_age":604800}', 'NEL': '{"success_fraction":0,"report_to":"cf-nel","max_age":604800}', 'Server': 'cloudflare', 'CF-RAY': '882c6afd7cb415c6-SJC', 'alt-svc': 'h3=":443"; ma=86400'} 
 body={"results":[{"gender":"male","name":{"title":"Mr","first":"علی","last":"کامروا"},"location":{"street":{"number":2674,"name":"میدان ولیعصر (عج)"},"city":"قزوین","state":"هرمزگان","country":"Iran","postcode":46110,"coordinates":{"latitude":"18.7433","longitude":"-143.1514"},"timezone":{"offset":"+5:45","description":"Kathmandu"}},"email":"aaly.khmrw@example.com","login":{"uuid":"9dc4cab6-d538-4991-840d-1fea0a0aa43a","username":"angrysnake166","password":"delilah","salt":"1tmGKJeb","md5":"4f0b27ab837eeb69996f40cd42aee692","sha1":"399e040b92f052558ac16a567c0a8d61764b729c","sha256":"4a36f74bb2a8bb2ebc5792d6fef28c535aa63fd9fdf7f8adf3836f8c46d991c8"},"dob":{"date":"1998-09-18T11:13:40.719Z","age":25},"registered":{"date":"2020-07-21T15:06:18.148Z","age":3},"phone":"006-06622659","cell":"0973-302-9933","id":{"name":"","value":null},"picture":{"large":"https://randomuser.me/api/portraits/men/64.jpg","medium":"https://randomuser.me/api/portraits/med/men/64.jpg","thumbnail":"https://randomuser.me/api/portraits/thumb/men/64.jpg"},"nat":"IR"}],"info":{"seed":"28ed3eb2d5435264","results":1,"page":1,"version":"1.4"}} 
 </msg>
<msg time="2024-05-12T18:19:36.009895" level="INFO">/opt/hostedtoolcache/Python/3.12.3/x64/lib/python3.12/site-packages/urllib3/connectionpool.py:1103: InsecureRequestWarning: Unverified HTTPS request is being made to host 'randomuser.me'. Adding certificate verification is strongly advised. See: https://urllib3.readthedocs.io/en/latest/advanced-usage.html#tls-warnings
  warnings.warn(</msg>
<msg time="2024-05-12T18:19:36.010032" level="INFO">${response} = &lt;Response [200]&gt;</msg>
<var>${response}</var>
<arg>consultarAPI</arg>
<arg>/api</arg>
<doc>Sends a GET request on a previously created HTTP Session.</doc>
<status status="PASS" start="2024-05-12T18:19:35.886951" elapsed="0.123124"/>
</kw>
<kw name="Should Be Equal As Numbers" owner="BuiltIn">
<msg time="2024-05-12T18:19:36.011079" level="INFO">Argument types are:
&lt;class 'int'&gt;
&lt;class 'str'&gt;</msg>
<arg>${response.status_code}</arg>
<arg>200</arg>
<doc>Fails if objects are unequal after converting them to real numbers.</doc>
<status status="PASS" start="2024-05-12T18:19:36.010613" elapsed="0.000532"/>
</kw>
<kw name="Log" owner="BuiltIn">
<msg time="2024-05-12T18:19:36.011847" level="INFO">200</msg>
<arg>${response.status_code}</arg>
<doc>Logs the given message with the given level.</doc>
<status status="PASS" start="2024-05-12T18:19:36.011494" elapsed="0.000394"/>
</kw>
<kw name="Set Variable" owner="BuiltIn">
<msg time="2024-05-12T18:19:36.012680" level="INFO">${json_data} = {'results': [{'gender': 'male', 'name': {'title': 'Mr', 'first': 'علی', 'last': 'کامروا'}, 'location': {'street': {'number': 2674, 'name': 'میدان ولیعصر (عج)'}, 'city': 'قزوین', 'state': 'هرمزگان', 'c...</msg>
<var>${json_data}</var>
<arg>${response.json()}</arg>
<doc>Returns the given values which can then be assigned to a variables.</doc>
<status status="PASS" start="2024-05-12T18:19:36.012192" elapsed="0.000524"/>
</kw>
<kw name="Dictionary Should Contain Key" owner="Collections">
<msg time="2024-05-12T18:19:36.013208" level="INFO">False</msg>
<arg>${json_data}</arg>
<arg>results</arg>
<doc>Fails if ``key`` is not found from ``dictionary``.</doc>
<status status="PASS" start="2024-05-12T18:19:36.013034" elapsed="0.000214"/>
</kw>
<status status="PASS" start="2024-05-12T18:19:35.886705" elapsed="0.126807"/>
</kw>
<doc>Testa se a API responde corretamente e retorna um objeto JSON válido.</doc>
<tag>testeRequisicaoBasica</tag>
<status status="PASS" start="2024-05-12T18:19:35.886151" elapsed="0.127543"/>
</test>
<test id="s1-s1-t3" name="Validar estrutura de resposta" line="22">
<kw name="Teste de Estrutura de Resposta" owner="random-user-service">
<kw name="GET On Session" owner="RequestsLibrary">
<msg time="2024-05-12T18:19:36.120421" level="INFO">GET Request : url=https://randomuser.me/api 
 path_url=/api 
 headers={'User-Agent': 'python-requests/2.31.0', 'Accept-Encoding': 'gzip, deflate', 'Accept': '*/*', 'Connection': 'keep-alive'} 
 body=None 
 </msg>
<msg time="2024-05-12T18:19:36.120516" level="INFO">GET Response : url=https://randomuser.me/api 
 status=200, reason=OK 
 headers={'Date': 'Sun, 12 May 2024 18:19:36 GMT', 'Content-Type': 'application/json; charset=utf-8', 'Transfer-Encoding': 'chunked', 'Connection': 'keep-alive', 'X-Powered-By': 'Express', 'Access-Control-Allow-Origin': '*', 'Cache-Control': 'no-cache', 'ETag': 'W/"48f-or/KRtfml1mmjTl8KRZpsSD5lPs"', 'Vary': 'Accept-Encoding', 'Content-Encoding': 'gzip', 'CF-Cache-Status': 'DYNAMIC', 'Report-To': '{"endpoints":[{"url":"https:\\/\\/a.nel.cloudflare.com\\/report\\/v4?s=PjvLnKqw9DkEBI584JIrXEyYLj1QeH3VCcV23gUnM8vOKy1brhMy5zwxpOV5OaHyFcQROT%2B6v1spgrAlAGy3JZfZqQKVSRweVcePbNwW5V1bmAeY4Qtzk%2BPMdlYoZMXr"}],"group":"cf-nel","max_age":604800}', 'NEL': '{"success_fraction":0,"report_to":"cf-nel","max_age":604800}', 'Server': 'cloudflare', 'CF-RAY': '882c6afe2d5b15c6-SJC', 'alt-svc': 'h3=":443"; ma=86400'} 
 body={"results":[{"gender":"male","name":{"title":"Mr","first":"Sepp","last":"Van der Mierden"},"location":{"street":{"number":3431,"name":"De Ijssel"},"city":"Frieschepalen","state":"Noord-Holland","country":"Netherlands","postcode":"1944 MT","coordinates":{"latitude":"32.9352","longitude":"-43.8913"},"timezone":{"offset":"+9:30","description":"Adelaide, Darwin"}},"email":"sepp.vandermierden@example.com","login":{"uuid":"dce55490-f5cc-488d-b6e1-5c5d107ee650","username":"tinycat413","password":"great1","salt":"9wXXFI2D","md5":"f2de6b780a3f1163b8bc046fac679b33","sha1":"7f66ea4fd22279c562a98b4140aad47179a26d76","sha256":"b544369b18899e5a13acd9abfea4aa664b21302af9b022a7efd062cd905f6717"},"dob":{"date":"1990-07-18T09:31:02.225Z","age":33},"registered":{"date":"2009-01-04T18:11:02.023Z","age":15},"phone":"(0235) 658258","cell":"(06) 49722985","id":{"name":"BSN","value":"57889371"},"picture":{"large":"https://randomuser.me/api/portraits/men/82.jpg","medium":"https://randomuser.me/api/portraits/med/men/82.jpg","thumbnail":"https://randomuser.me/api/portraits/thumb/men/82.jpg"},"nat":"NL"}],"info":{"seed":"99ca2e4ee612ae8e","results":1,"page":1,"version":"1.4"}} 
 </msg>
<msg time="2024-05-12T18:19:36.120665" level="INFO">/opt/hostedtoolcache/Python/3.12.3/x64/lib/python3.12/site-packages/urllib3/connectionpool.py:1103: InsecureRequestWarning: Unverified HTTPS request is being made to host 'randomuser.me'. Adding certificate verification is strongly advised. See: https://urllib3.readthedocs.io/en/latest/advanced-usage.html#tls-warnings
  warnings.warn(</msg>
<msg time="2024-05-12T18:19:36.120789" level="INFO">${response} = &lt;Response [200]&gt;</msg>
<var>${response}</var>
<arg>consultarAPI</arg>
<arg>/api</arg>
<doc>Sends a GET request on a previously created HTTP Session.</doc>
<status status="PASS" start="2024-05-12T18:19:36.016319" elapsed="0.104505"/>
</kw>
<kw name="Set Variable" owner="BuiltIn">
<msg time="2024-05-12T18:19:36.121833" level="INFO">${json_data} = {'results': [{'gender': 'male', 'name': {'title': 'Mr', 'first': 'Sepp', 'last': 'Van der Mierden'}, 'location': {'street': {'number': 3431, 'name': 'De Ijssel'}, 'city': 'Frieschepalen', 'state': 'No...</msg>
<var>${json_data}</var>
<arg>${response.json()}</arg>
<doc>Returns the given values which can then be assigned to a variables.</doc>
<status status="PASS" start="2024-05-12T18:19:36.121323" elapsed="0.000539"/>
</kw>
<kw name="Log" owner="BuiltIn">
<msg time="2024-05-12T18:19:36.122328" level="INFO">{'results': [{'gender': 'male', 'name': {'title': 'Mr', 'first': 'Sepp', 'last': 'Van der Mierden'}, 'location': {'street': {'number': 3431, 'name': 'De Ijssel'}, 'city': 'Frieschepalen', 'state': 'Noord-Holland', 'country': 'Netherlands', 'postcode': '1944 MT', 'coordinates': {'latitude': '32.9352', 'longitude': '-43.8913'}, 'timezone': {'offset': '+9:30', 'description': 'Adelaide, Darwin'}}, 'email': 'sepp.vandermierden@example.com', 'login': {'uuid': 'dce55490-f5cc-488d-b6e1-5c5d107ee650', 'username': 'tinycat413', 'password': 'great1', 'salt': '9wXXFI2D', 'md5': 'f2de6b780a3f1163b8bc046fac679b33', 'sha1': '7f66ea4fd22279c562a98b4140aad47179a26d76', 'sha256': 'b544369b18899e5a13acd9abfea4aa664b21302af9b022a7efd062cd905f6717'}, 'dob': {'date': '1990-07-18T09:31:02.225Z', 'age': 33}, 'registered': {'date': '2009-01-04T18:11:02.023Z', 'age': 15}, 'phone': '(0235) 658258', 'cell': '(06) 49722985', 'id': {'name': 'BSN', 'value': '57889371'}, 'picture': {'large': 'https://randomuser.me/api/portraits/men/82.jpg', 'medium': 'https://randomuser.me/api/portraits/med/men/82.jpg', 'thumbnail': 'https://randomuser.me/api/portraits/thumb/men/82.jpg'}, 'nat': 'NL'}], 'info': {'seed': '99ca2e4ee612ae8e', 'results': 1, 'page': 1, 'version': '1.4'}}</msg>
<arg>${json_data}</arg>
<doc>Logs the given message with the given level.</doc>
<status status="PASS" start="2024-05-12T18:19:36.122171" elapsed="0.000206"/>
</kw>
<kw name="Dictionary Should Contain Key" owner="Collections">
<msg time="2024-05-12T18:19:36.122835" level="INFO">False</msg>
<arg>${json_data}</arg>
<arg>results</arg>
<doc>Fails if ``key`` is not found from ``dictionary``.</doc>
<status status="PASS" start="2024-05-12T18:19:36.122674" elapsed="0.000198"/>
</kw>
<kw name="Should Not Be Empty" owner="BuiltIn">
<msg time="2024-05-12T18:19:36.123302" level="INFO">Length is 2.</msg>
<arg>${json_data}</arg>
<doc>Verifies that the given item is not empty.</doc>
<status status="PASS" start="2024-05-12T18:19:36.123161" elapsed="0.000338"/>
</kw>
<kw name="Create List" owner="BuiltIn">
<msg time="2024-05-12T18:19:36.123945" level="INFO">${expected_keys} = ['gender', 'name', 'location', 'email', 'login']</msg>
<var>${expected_keys}</var>
<arg>gender</arg>
<arg>name</arg>
<arg>location</arg>
<arg>email</arg>
<arg>login</arg>
<doc>Returns a list containing given items.</doc>
<status status="PASS" start="2024-05-12T18:19:36.123793" elapsed="0.000176"/>
</kw>
<for flavor="IN">
<iter>
<kw name="Dictionary Should Contain Key" owner="Collections">
<msg time="2024-05-12T18:19:36.125000" level="INFO">False</msg>
<arg>${json_data['results'][0]}</arg>
<arg>${key}</arg>
<doc>Fails if ``key`` is not found from ``dictionary``.</doc>
<status status="PASS" start="2024-05-12T18:19:36.124552" elapsed="0.000487"/>
</kw>
<kw name="Log" owner="BuiltIn">
<msg time="2024-05-12T18:19:36.125723" level="INFO">{'gender': 'male', 'name': {'title': 'Mr', 'first': 'Sepp', 'last': 'Van der Mierden'}, 'location': {'street': {'number': 3431, 'name': 'De Ijssel'}, 'city': 'Frieschepalen', 'state': 'Noord-Holland', 'country': 'Netherlands', 'postcode': '1944 MT', 'coordinates': {'latitude': '32.9352', 'longitude': '-43.8913'}, 'timezone': {'offset': '+9:30', 'description': 'Adelaide, Darwin'}}, 'email': 'sepp.vandermierden@example.com', 'login': {'uuid': 'dce55490-f5cc-488d-b6e1-5c5d107ee650', 'username': 'tinycat413', 'password': 'great1', 'salt': '9wXXFI2D', 'md5': 'f2de6b780a3f1163b8bc046fac679b33', 'sha1': '7f66ea4fd22279c562a98b4140aad47179a26d76', 'sha256': 'b544369b18899e5a13acd9abfea4aa664b21302af9b022a7efd062cd905f6717'}, 'dob': {'date': '1990-07-18T09:31:02.225Z', 'age': 33}, 'registered': {'date': '2009-01-04T18:11:02.023Z', 'age': 15}, 'phone': '(0235) 658258', 'cell': '(06) 49722985', 'id': {'name': 'BSN', 'value': '57889371'}, 'picture': {'large': 'https://randomuser.me/api/portraits/men/82.jpg', 'medium': 'https://randomuser.me/api/portraits/med/men/82.jpg', 'thumbnail': 'https://randomuser.me/api/portraits/thumb/men/82.jpg'}, 'nat': 'NL'}</msg>
<arg>${json_data['results'][0]}</arg>
<doc>Logs the given message with the given level.</doc>
<status status="PASS" start="2024-05-12T18:19:36.125341" elapsed="0.000428"/>
</kw>
<kw name="Log" owner="BuiltIn">
<msg time="2024-05-12T18:19:36.126196" level="INFO">gender</msg>
<arg>${key}</arg>
<doc>Logs the given message with the given level.</doc>
<status status="PASS" start="2024-05-12T18:19:36.126068" elapsed="0.000166"/>
</kw>
<var name="${key}">gender</var>
<status status="PASS" start="2024-05-12T18:19:36.124426" elapsed="0.002017"/>
</iter>
<iter>
<kw name="Dictionary Should Contain Key" owner="Collections">
<msg time="2024-05-12T18:19:36.127121" level="INFO">False</msg>
<arg>${json_data['results'][0]}</arg>
<arg>${key}</arg>
<doc>Fails if ``key`` is not found from ``dictionary``.</doc>
<status status="PASS" start="2024-05-12T18:19:36.126745" elapsed="0.000411"/>
</kw>
<kw name="Log" owner="BuiltIn">
<msg time="2024-05-12T18:19:36.127829" level="INFO">{'gender': 'male', 'name': {'title': 'Mr', 'first': 'Sepp', 'last': 'Van der Mierden'}, 'location': {'street': {'number': 3431, 'name': 'De Ijssel'}, 'city': 'Frieschepalen', 'state': 'Noord-Holland', 'country': 'Netherlands', 'postcode': '1944 MT', 'coordinates': {'latitude': '32.9352', 'longitude': '-43.8913'}, 'timezone': {'offset': '+9:30', 'description': 'Adelaide, Darwin'}}, 'email': 'sepp.vandermierden@example.com', 'login': {'uuid': 'dce55490-f5cc-488d-b6e1-5c5d107ee650', 'username': 'tinycat413', 'password': 'great1', 'salt': '9wXXFI2D', 'md5': 'f2de6b780a3f1163b8bc046fac679b33', 'sha1': '7f66ea4fd22279c562a98b4140aad47179a26d76', 'sha256': 'b544369b18899e5a13acd9abfea4aa664b21302af9b022a7efd062cd905f6717'}, 'dob': {'date': '1990-07-18T09:31:02.225Z', 'age': 33}, 'registered': {'date': '2009-01-04T18:11:02.023Z', 'age': 15}, 'phone': '(0235) 658258', 'cell': '(06) 49722985', 'id': {'name': 'BSN', 'value': '57889371'}, 'picture': {'large': 'https://randomuser.me/api/portraits/men/82.jpg', 'medium': 'https://randomuser.me/api/portraits/med/men/82.jpg', 'thumbnail': 'https://randomuser.me/api/portraits/thumb/men/82.jpg'}, 'nat': 'NL'}</msg>
<arg>${json_data['results'][0]}</arg>
<doc>Logs the given message with the given level.</doc>
<status status="PASS" start="2024-05-12T18:19:36.127472" elapsed="0.000404"/>
</kw>
<kw name="Log" owner="BuiltIn">
<msg time="2024-05-12T18:19:36.128289" level="INFO">name</msg>
<arg>${key}</arg>
<doc>Logs the given message with the given level.</doc>
<status status="PASS" start="2024-05-12T18:19:36.128167" elapsed="0.000159"/>
</kw>
<var name="${key}">name</var>
<status status="PASS" start="2024-05-12T18:19:36.126627" elapsed="0.001913"/>
</iter>
<iter>
<kw name="Dictionary Should Contain Key" owner="Collections">
<msg time="2024-05-12T18:19:36.129247" level="INFO">False</msg>
<arg>${json_data['results'][0]}</arg>
<arg>${key}</arg>
<doc>Fails if ``key`` is not found from ``dictionary``.</doc>
<status status="PASS" start="2024-05-12T18:19:36.128861" elapsed="0.000423"/>
</kw>
<kw name="Log" owner="BuiltIn">
<msg time="2024-05-12T18:19:36.129939" level="INFO">{'gender': 'male', 'name': {'title': 'Mr', 'first': 'Sepp', 'last': 'Van der Mierden'}, 'location': {'street': {'number': 3431, 'name': 'De Ijssel'}, 'city': 'Frieschepalen', 'state': 'Noord-Holland', 'country': 'Netherlands', 'postcode': '1944 MT', 'coordinates': {'latitude': '32.9352', 'longitude': '-43.8913'}, 'timezone': {'offset': '+9:30', 'description': 'Adelaide, Darwin'}}, 'email': 'sepp.vandermierden@example.com', 'login': {'uuid': 'dce55490-f5cc-488d-b6e1-5c5d107ee650', 'username': 'tinycat413', 'password': 'great1', 'salt': '9wXXFI2D', 'md5': 'f2de6b780a3f1163b8bc046fac679b33', 'sha1': '7f66ea4fd22279c562a98b4140aad47179a26d76', 'sha256': 'b544369b18899e5a13acd9abfea4aa664b21302af9b022a7efd062cd905f6717'}, 'dob': {'date': '1990-07-18T09:31:02.225Z', 'age': 33}, 'registered': {'date': '2009-01-04T18:11:02.023Z', 'age': 15}, 'phone': '(0235) 658258', 'cell': '(06) 49722985', 'id': {'name': 'BSN', 'value': '57889371'}, 'picture': {'large': 'https://randomuser.me/api/portraits/men/82.jpg', 'medium': 'https://randomuser.me/api/portraits/med/men/82.jpg', 'thumbnail': 'https://randomuser.me/api/portraits/thumb/men/82.jpg'}, 'nat': 'NL'}</msg>
<arg>${json_data['results'][0]}</arg>
<doc>Logs the given message with the given level.</doc>
<status status="PASS" start="2024-05-12T18:19:36.129583" elapsed="0.000404"/>
</kw>
<kw name="Log" owner="BuiltIn">
<msg time="2024-05-12T18:19:36.130413" level="INFO">location</msg>
<arg>${key}</arg>
<doc>Logs the given message with the given level.</doc>
<status status="PASS" start="2024-05-12T18:19:36.130289" elapsed="0.000161"/>
</kw>
<var name="${key}">location</var>
<status status="PASS" start="2024-05-12T18:19:36.128748" elapsed="0.001911"/>
</iter>
<iter>
<kw name="Dictionary Should Contain Key" owner="Collections">
<msg time="2024-05-12T18:19:36.131327" level="INFO">False</msg>
<arg>${json_data['results'][0]}</arg>
<arg>${key}</arg>
<doc>Fails if ``key`` is not found from ``dictionary``.</doc>
<status status="PASS" start="2024-05-12T18:19:36.130942" elapsed="0.000421"/>
</kw>
<kw name="Log" owner="BuiltIn">
<msg time="2024-05-12T18:19:36.132023" level="INFO">{'gender': 'male', 'name': {'title': 'Mr', 'first': 'Sepp', 'last': 'Van der Mierden'}, 'location': {'street': {'number': 3431, 'name': 'De Ijssel'}, 'city': 'Frieschepalen', 'state': 'Noord-Holland', 'country': 'Netherlands', 'postcode': '1944 MT', 'coordinates': {'latitude': '32.9352', 'longitude': '-43.8913'}, 'timezone': {'offset': '+9:30', 'description': 'Adelaide, Darwin'}}, 'email': 'sepp.vandermierden@example.com', 'login': {'uuid': 'dce55490-f5cc-488d-b6e1-5c5d107ee650', 'username': 'tinycat413', 'password': 'great1', 'salt': '9wXXFI2D', 'md5': 'f2de6b780a3f1163b8bc046fac679b33', 'sha1': '7f66ea4fd22279c562a98b4140aad47179a26d76', 'sha256': 'b544369b18899e5a13acd9abfea4aa664b21302af9b022a7efd062cd905f6717'}, 'dob': {'date': '1990-07-18T09:31:02.225Z', 'age': 33}, 'registered': {'date': '2009-01-04T18:11:02.023Z', 'age': 15}, 'phone': '(0235) 658258', 'cell': '(06) 49722985', 'id': {'name': 'BSN', 'value': '57889371'}, 'picture': {'large': 'https://randomuser.me/api/portraits/men/82.jpg', 'medium': 'https://randomuser.me/api/portraits/med/men/82.jpg', 'thumbnail': 'https://randomuser.me/api/portraits/thumb/men/82.jpg'}, 'nat': 'NL'}</msg>
<arg>${json_data['results'][0]}</arg>
<doc>Logs the given message with the given level.</doc>
<status status="PASS" start="2024-05-12T18:19:36.131658" elapsed="0.000414"/>
</kw>
<kw name="Log" owner="BuiltIn">
<msg time="2024-05-12T18:19:36.132486" level="INFO">email</msg>
<arg>${key}</arg>
<doc>Logs the given message with the given level.</doc>
<status status="PASS" start="2024-05-12T18:19:36.132362" elapsed="0.000160"/>
</kw>
<var name="${key}">email</var>
<status status="PASS" start="2024-05-12T18:19:36.130831" elapsed="0.001946"/>
</iter>
<iter>
<kw name="Dictionary Should Contain Key" owner="Collections">
<msg time="2024-05-12T18:19:36.133459" level="INFO">False</msg>
<arg>${json_data['results'][0]}</arg>
<arg>${key}</arg>
<doc>Fails if ``key`` is not found from ``dictionary``.</doc>
<status status="PASS" start="2024-05-12T18:19:36.133064" elapsed="0.000432"/>
</kw>
<kw name="Log" owner="BuiltIn">
<msg time="2024-05-12T18:19:36.134143" level="INFO">{'gender': 'male', 'name': {'title': 'Mr', 'first': 'Sepp', 'last': 'Van der Mierden'}, 'location': {'street': {'number': 3431, 'name': 'De Ijssel'}, 'city': 'Frieschepalen', 'state': 'Noord-Holland', 'country': 'Netherlands', 'postcode': '1944 MT', 'coordinates': {'latitude': '32.9352', 'longitude': '-43.8913'}, 'timezone': {'offset': '+9:30', 'description': 'Adelaide, Darwin'}}, 'email': 'sepp.vandermierden@example.com', 'login': {'uuid': 'dce55490-f5cc-488d-b6e1-5c5d107ee650', 'username': 'tinycat413', 'password': 'great1', 'salt': '9wXXFI2D', 'md5': 'f2de6b780a3f1163b8bc046fac679b33', 'sha1': '7f66ea4fd22279c562a98b4140aad47179a26d76', 'sha256': 'b544369b18899e5a13acd9abfea4aa664b21302af9b022a7efd062cd905f6717'}, 'dob': {'date': '1990-07-18T09:31:02.225Z', 'age': 33}, 'registered': {'date': '2009-01-04T18:11:02.023Z', 'age': 15}, 'phone': '(0235) 658258', 'cell': '(06) 49722985', 'id': {'name': 'BSN', 'value': '57889371'}, 'picture': {'large': 'https://randomuser.me/api/portraits/men/82.jpg', 'medium': 'https://randomuser.me/api/portraits/med/men/82.jpg', 'thumbnail': 'https://randomuser.me/api/portraits/thumb/men/82.jpg'}, 'nat': 'NL'}</msg>
<arg>${json_data['results'][0]}</arg>
<doc>Logs the given message with the given level.</doc>
<status status="PASS" start="2024-05-12T18:19:36.133789" elapsed="0.000402"/>
</kw>
<kw name="Log" owner="BuiltIn">
<msg time="2024-05-12T18:19:36.134610" level="INFO">login</msg>
<arg>${key}</arg>
<doc>Logs the given message with the given level.</doc>
<status status="PASS" start="2024-05-12T18:19:36.134487" elapsed="0.000160"/>
</kw>
<var name="${key}">login</var>
<status status="PASS" start="2024-05-12T18:19:36.132953" elapsed="0.001932"/>
</iter>
<var>${key}</var>
<value>@{expected_keys}</value>
<status status="PASS" start="2024-05-12T18:19:36.124230" elapsed="0.010776"/>
</for>
<kw name="Create List" owner="BuiltIn">
<msg time="2024-05-12T18:19:36.135330" level="INFO">${expected_keysTwo} = ['username', 'password']</msg>
<var>${expected_keysTwo}</var>
<arg>username</arg>
<arg>password</arg>
<doc>Returns a list containing given items.</doc>
<status status="PASS" start="2024-05-12T18:19:36.135196" elapsed="0.000157"/>
</kw>
<for flavor="IN">
<iter>
<kw name="Dictionary Should Contain Key" owner="Collections">
<msg time="2024-05-12T18:19:36.136240" level="INFO">False</msg>
<arg>${json_data['results'][0]['login']}</arg>
<arg>${keyTwo}</arg>
<doc>Fails if ``key`` is not found from ``dictionary``.</doc>
<status status="PASS" start="2024-05-12T18:19:36.135849" elapsed="0.000428"/>
</kw>
<kw name="Dictionary Should Contain Key" owner="Collections">
<msg time="2024-05-12T18:19:36.136981" level="INFO">False</msg>
<arg>${json_data['results'][0]['login']}</arg>
<arg>${keyTwo}</arg>
<doc>Fails if ``key`` is not found from ``dictionary``.</doc>
<status status="PASS" start="2024-05-12T18:19:36.136575" elapsed="0.000442"/>
</kw>
<kw name="Log" owner="BuiltIn">
<msg time="2024-05-12T18:19:36.137428" level="INFO">username</msg>
<arg>${keyTwo}</arg>
<doc>Logs the given message with the given level.</doc>
<status status="PASS" start="2024-05-12T18:19:36.137304" elapsed="0.000166"/>
</kw>
<var name="${keyTwo}">username</var>
<status status="PASS" start="2024-05-12T18:19:36.135740" elapsed="0.001939"/>
</iter>
<iter>
<kw name="Dictionary Should Contain Key" owner="Collections">
<msg time="2024-05-12T18:19:36.138423" level="INFO">False</msg>
<arg>${json_data['results'][0]['login']}</arg>
<arg>${keyTwo}</arg>
<doc>Fails if ``key`` is not found from ``dictionary``.</doc>
<status status="PASS" start="2024-05-12T18:19:36.137958" elapsed="0.000507"/>
</kw>
<kw name="Dictionary Should Contain Key" owner="Collections">
<msg time="2024-05-12T18:19:36.139140" level="INFO">False</msg>
<arg>${json_data['results'][0]['login']}</arg>
<arg>${keyTwo}</arg>
<doc>Fails if ``key`` is not found from ``dictionary``.</doc>
<status status="PASS" start="2024-05-12T18:19:36.138760" elapsed="0.000416"/>
</kw>
<kw name="Log" owner="BuiltIn">
<msg time="2024-05-12T18:19:36.139593" level="INFO">password</msg>
<arg>${keyTwo}</arg>
<doc>Logs the given message with the given level.</doc>
<status status="PASS" start="2024-05-12T18:19:36.139467" elapsed="0.000161"/>
</kw>
<var name="${keyTwo}">password</var>
<status status="PASS" start="2024-05-12T18:19:36.137849" elapsed="0.001988"/>
</iter>
<var>${keyTwo}</var>
<value>@{expected_keysTwo}</value>
<status status="PASS" start="2024-05-12T18:19:36.135587" elapsed="0.004368"/>
</for>
<status status="PASS" start="2024-05-12T18:19:36.016086" elapsed="0.124008"/>
</kw>
<doc>Testa a estrutura da resposta da API.</doc>
<tag>testeEstruturaResposta</tag>
<status status="PASS" start="2024-05-12T18:19:36.015571" elapsed="0.124680"/>
</test>
<test id="s1-s1-t4" name="Validar tipos de dados" line="28">
<kw name="Teste de Tipos de Dados" owner="random-user-service">
<kw name="GET On Session" owner="RequestsLibrary">
<msg time="2024-05-12T18:19:36.234990" level="INFO">GET Request : url=https://randomuser.me/api 
 path_url=/api 
 headers={'User-Agent': 'python-requests/2.31.0', 'Accept-Encoding': 'gzip, deflate', 'Accept': '*/*', 'Connection': 'keep-alive'} 
 body=None 
 </msg>
<msg time="2024-05-12T18:19:36.235099" level="INFO">GET Response : url=https://randomuser.me/api 
 status=200, reason=OK 
 headers={'Date': 'Sun, 12 May 2024 18:19:36 GMT', 'Content-Type': 'application/json; charset=utf-8', 'Transfer-Encoding': 'chunked', 'Connection': 'keep-alive', 'X-Powered-By': 'Express', 'Access-Control-Allow-Origin': '*', 'Cache-Control': 'no-cache', 'ETag': 'W/"46d-xTuIvyfIFGnQ/FMICIymmUj+jSQ"', 'Vary': 'Accept-Encoding', 'Content-Encoding': 'gzip', 'CF-Cache-Status': 'DYNAMIC', 'Report-To': '{"endpoints":[{"url":"https:\\/\\/a.nel.cloudflare.com\\/report\\/v4?s=6HdMGfz9C%2FHNednM%2FtXXEoQp6RvIey8vWBU5KnZpBU7%2F2wwGQwRnaHUGOC1qUVwJx10v9iP3s%2FLOQdtRaM3RUUi2fjPWxzfUKuTCoEeJbDXUwASex%2BOO0l862l%2BOUd%2B0"}],"group":"cf-nel","max_age":604800}', 'NEL': '{"success_fraction":0,"report_to":"cf-nel","max_age":604800}', 'Server': 'cloudflare', 'CF-RAY': '882c6afeedf715c6-SJC', 'alt-svc': 'h3=":443"; ma=86400'} 
 body={"results":[{"gender":"male","name":{"title":"Mr","first":"Ravi","last":"Kamath"},"location":{"street":{"number":7863,"name":"Shivajinagar"},"city":"Gandhidham","state":"Sikkim","country":"India","postcode":44940,"coordinates":{"latitude":"6.4373","longitude":"-55.0680"},"timezone":{"offset":"-2:00","description":"Mid-Atlantic"}},"email":"ravi.kamath@example.com","login":{"uuid":"c66ce4d6-b617-4225-ade3-8d0d68f2fa30","username":"tinyelephant597","password":"sting","salt":"QAgBilxA","md5":"01079119d65bf2af8e8d4feca19f49e3","sha1":"b4e3c38b6e8579e9984fa6b1bae4842cd7a50ed3","sha256":"5b8f261b2abd55e08d4380d15f950084a25902648a0cca7a2d632986a3cd37a3"},"dob":{"date":"1991-10-05T08:10:39.386Z","age":32},"registered":{"date":"2003-06-13T12:53:45.379Z","age":20},"phone":"8591961019","cell":"8678301394","id":{"name":"UIDAI","value":"358194355841"},"picture":{"large":"https://randomuser.me/api/portraits/men/81.jpg","medium":"https://randomuser.me/api/portraits/med/men/81.jpg","thumbnail":"https://randomuser.me/api/portraits/thumb/men/81.jpg"},"nat":"IN"}],"info":{"seed":"a11af8785d8b973e","results":1,"page":1,"version":"1.4"}} 
 </msg>
<msg time="2024-05-12T18:19:36.235183" level="INFO">/opt/hostedtoolcache/Python/3.12.3/x64/lib/python3.12/site-packages/urllib3/connectionpool.py:1103: InsecureRequestWarning: Unverified HTTPS request is being made to host 'randomuser.me'. Adding certificate verification is strongly advised. See: https://urllib3.readthedocs.io/en/latest/advanced-usage.html#tls-warnings
  warnings.warn(</msg>
<msg time="2024-05-12T18:19:36.235322" level="INFO">${response} = &lt;Response [200]&gt;</msg>
<var>${response}</var>
<arg>consultarAPI</arg>
<arg>/api</arg>
<doc>Sends a GET request on a previously created HTTP Session.</doc>
<status status="PASS" start="2024-05-12T18:19:36.142765" elapsed="0.092605"/>
</kw>
<kw name="Set Variable" owner="BuiltIn">
<msg time="2024-05-12T18:19:36.236434" level="INFO">${json_data} = {'results': [{'gender': 'male', 'name': {'title': 'Mr', 'first': 'Ravi', 'last': 'Kamath'}, 'location': {'street': {'number': 7863, 'name': 'Shivajinagar'}, 'city': 'Gandhidham', 'state': 'Sikkim', 'c...</msg>
<var>${json_data}</var>
<arg>${response.json()}</arg>
<doc>Returns the given values which can then be assigned to a variables.</doc>
<status status="PASS" start="2024-05-12T18:19:36.235905" elapsed="0.000558"/>
</kw>
<kw name="Log" owner="BuiltIn">
<msg time="2024-05-12T18:19:36.236973" level="INFO">{'results': [{'gender': 'male', 'name': {'title': 'Mr', 'first': 'Ravi', 'last': 'Kamath'}, 'location': {'street': {'number': 7863, 'name': 'Shivajinagar'}, 'city': 'Gandhidham', 'state': 'Sikkim', 'country': 'India', 'postcode': 44940, 'coordinates': {'latitude': '6.4373', 'longitude': '-55.0680'}, 'timezone': {'offset': '-2:00', 'description': 'Mid-Atlantic'}}, 'email': 'ravi.kamath@example.com', 'login': {'uuid': 'c66ce4d6-b617-4225-ade3-8d0d68f2fa30', 'username': 'tinyelephant597', 'password': 'sting', 'salt': 'QAgBilxA', 'md5': '01079119d65bf2af8e8d4feca19f49e3', 'sha1': 'b4e3c38b6e8579e9984fa6b1bae4842cd7a50ed3', 'sha256': '5b8f261b2abd55e08d4380d15f950084a25902648a0cca7a2d632986a3cd37a3'}, 'dob': {'date': '1991-10-05T08:10:39.386Z', 'age': 32}, 'registered': {'date': '2003-06-13T12:53:45.379Z', 'age': 20}, 'phone': '8591961019', 'cell': '8678301394', 'id': {'name': 'UIDAI', 'value': '358194355841'}, 'picture': {'large': 'https://randomuser.me/api/portraits/men/81.jpg', 'medium': 'https://randomuser.me/api/portraits/med/men/81.jpg', 'thumbnail': 'https://randomuser.me/api/portraits/thumb/men/81.jpg'}, 'nat': 'IN'}], 'info': {'seed': 'a11af8785d8b973e', 'results': 1, 'page': 1, 'version': '1.4'}}</msg>
<arg>${json_data}</arg>
<doc>Logs the given message with the given level.</doc>
<status status="PASS" start="2024-05-12T18:19:36.236814" elapsed="0.000247"/>
</kw>
<kw name="Should Be String" owner="String">
<arg>${json_data['results'][0]['gender']}</arg>
<doc>Fails if the given ``item`` is not a string.</doc>
<status status="PASS" start="2024-05-12T18:19:36.237363" elapsed="0.000370"/>
</kw>
<kw name="Should Match Regexp" owner="BuiltIn">
<arg>${json_data['results'][0]['email']}</arg>
<arg>^[a-zA-Z0-9._%+-]+@[a-zA-Z0-9.-]+\.[a-zA-Z]{2,}$</arg>
<doc>Fails if ``string`` does not match ``pattern`` as a regular expression.</doc>
<status status="PASS" start="2024-05-12T18:19:36.237955" elapsed="0.000517"/>
</kw>
<kw name="Should Match Regexp" owner="BuiltIn">
<arg>${json_data['results'][0]['dob']['date']}</arg>
<arg>\\d{4}-\\d{2}-\\d{2}T\\d{2}:\\d{2}:\\d{2}\\.\\d{3}Z</arg>
<doc>Fails if ``string`` does not match ``pattern`` as a regular expression.</doc>
<status status="PASS" start="2024-05-12T18:19:36.238671" elapsed="0.000495"/>
</kw>
<kw name="Should Match Regexp" owner="BuiltIn">
<arg>${json_data['results'][0]['registered']['date']}</arg>
<arg>\\d{4}-\\d{2}-\\d{2}T\\d{2}:\\d{2}:\\d{2}\\.\\d{3}Z</arg>
<doc>Fails if ``string`` does not match ``pattern`` as a regular expression.</doc>
<status status="PASS" start="2024-05-12T18:19:36.239355" elapsed="0.000367"/>
</kw>
<kw name="Should Match Regexp" owner="BuiltIn">
<arg>${json_data['results'][0]['picture']['large']}</arg>
<arg>^https?://.*\.(?:png|jpe?g|gif|bmp)$</arg>
<doc>Fails if ``string`` does not match ``pattern`` as a regular expression.</doc>
<status status="PASS" start="2024-05-12T18:19:36.239912" elapsed="0.000457"/>
</kw>
<kw name="Should Match Regexp" owner="BuiltIn">
<arg>${json_data['results'][0]['picture']['medium']}</arg>
<arg>^https?://.*\.(?:png|jpe?g|gif|bmp)$</arg>
<doc>Fails if ``string`` does not match ``pattern`` as a regular expression.</doc>
<status status="PASS" start="2024-05-12T18:19:36.240557" elapsed="0.000391"/>
</kw>
<kw name="Should Match Regexp" owner="BuiltIn">
<arg>${json_data['results'][0]['picture']['thumbnail']}</arg>
<arg>^https?://.*\.(?:png|jpe?g|gif|bmp)$</arg>
<doc>Fails if ``string`` does not match ``pattern`` as a regular expression.</doc>
<status status="PASS" start="2024-05-12T18:19:36.241136" elapsed="0.000349"/>
</kw>
<kw name="Log" owner="BuiltIn">
<msg time="2024-05-12T18:19:36.241983" level="INFO">{'large': 'https://randomuser.me/api/portraits/men/81.jpg', 'medium': 'https://randomuser.me/api/portraits/med/men/81.jpg', 'thumbnail': 'https://randomuser.me/api/portraits/thumb/men/81.jpg'}</msg>
<arg>${json_data['results'][0]['picture']}</arg>
<doc>Logs the given message with the given level.</doc>
<status status="PASS" start="2024-05-12T18:19:36.241662" elapsed="0.000362"/>
</kw>
<status status="PASS" start="2024-05-12T18:19:36.142541" elapsed="0.099742"/>
</kw>
<kw name="Teste de Tipos de Dados - Postcode" owner="random-user-service">
<kw name="GET On Session" owner="RequestsLibrary">
<msg time="2024-05-12T18:19:36.335136" level="INFO">GET Request : url=https://randomuser.me/api 
 path_url=/api 
 headers={'User-Agent': 'python-requests/2.31.0', 'Accept-Encoding': 'gzip, deflate', 'Accept': '*/*', 'Connection': 'keep-alive'} 
 body=None 
 </msg>
<msg time="2024-05-12T18:19:36.335242" level="INFO">GET Response : url=https://randomuser.me/api 
 status=200, reason=OK 
 headers={'Date': 'Sun, 12 May 2024 18:19:36 GMT', 'Content-Type': 'application/json; charset=utf-8', 'Transfer-Encoding': 'chunked', 'Connection': 'keep-alive', 'X-Powered-By': 'Express', 'Access-Control-Allow-Origin': '*', 'Cache-Control': 'no-cache', 'ETag': 'W/"4bc-UEhzW9MqtRhYBFvU83MEG4RskX8"', 'Vary': 'Accept-Encoding', 'Content-Encoding': 'gzip', 'CF-Cache-Status': 'DYNAMIC', 'Report-To': '{"endpoints":[{"url":"https:\\/\\/a.nel.cloudflare.com\\/report\\/v4?s=%2Bhsx4VgFkFt4zcYJvjlKi2dlsnaFm85RaNK6u4JE5Sb5bEy97yJN4Jn%2B8QPr7ezgReMN4IbtuvXUISzlmG0hINnXU8oREM6%2Bz1SoRwxtAdHhq%2FUMM15YHieRFtFvXme3"}],"group":"cf-nel","max_age":604800}', 'NEL': '{"success_fraction":0,"report_to":"cf-nel","max_age":604800}', 'Server': 'cloudflare', 'CF-RAY': '882c6aff8e7615c6-SJC', 'alt-svc': 'h3=":443"; ma=86400'} 
 body={"results":[{"gender":"male","name":{"title":"Monsieur","first":"Tiziano","last":"Renaud"},"location":{"street":{"number":2529,"name":"Place de L'Abbé-Jean-Lebeuf"},"city":"Bottens","state":"St. Gallen","country":"Switzerland","postcode":3185,"coordinates":{"latitude":"-63.3866","longitude":"-116.5164"},"timezone":{"offset":"0:00","description":"Western Europe Time, London, Lisbon, Casablanca"}},"email":"tiziano.renaud@example.com","login":{"uuid":"ed7431b8-09e5-4f32-8bba-df1e34ba4080","username":"sadostrich848","password":"rachel1","salt":"bJ5v9olc","md5":"60349b2cb3cb3561bd44e9ba811c89c9","sha1":"65d6a9f3617608b4808a981d83e81d2dadef9d24","sha256":"d49697feeb5a1103a6d6f112387dafa2da5fd734b11d74a93dcc5ae03b3bf2e7"},"dob":{"date":"1997-12-25T07:09:42.693Z","age":26},"registered":{"date":"2003-07-14T00:09:16.085Z","age":20},"phone":"076 762 05 09","cell":"079 296 59 63","id":{"name":"AVS","value":"756.7074.5489.95"},"picture":{"large":"https://randomuser.me/api/portraits/men/91.jpg","medium":"https://randomuser.me/api/portraits/med/men/91.jpg","thumbnail":"https://randomuser.me/api/portraits/thumb/men/91.jpg"},"nat":"CH"}],"info":{"seed":"a4d48a19f19aedc4","results":1,"page":1,"version":"1.4"}} 
 </msg>
<msg time="2024-05-12T18:19:36.335325" level="INFO">/opt/hostedtoolcache/Python/3.12.3/x64/lib/python3.12/site-packages/urllib3/connectionpool.py:1103: InsecureRequestWarning: Unverified HTTPS request is being made to host 'randomuser.me'. Adding certificate verification is strongly advised. See: https://urllib3.readthedocs.io/en/latest/advanced-usage.html#tls-warnings
  warnings.warn(</msg>
<msg time="2024-05-12T18:19:36.335469" level="INFO">${response} = &lt;Response [200]&gt;</msg>
<var>${response}</var>
<arg>consultarAPI</arg>
<arg>/api</arg>
<doc>Sends a GET request on a previously created HTTP Session.</doc>
<status status="PASS" start="2024-05-12T18:19:36.242741" elapsed="0.092775"/>
</kw>
<kw name="Set Variable" owner="BuiltIn">
<msg time="2024-05-12T18:19:36.336799" level="INFO">${json_data} = {'results': [{'gender': 'male', 'name': {'title': 'Monsieur', 'first': 'Tiziano', 'last': 'Renaud'}, 'location': {'street': {'number': 2529, 'name': "Place de L'Abbé-Jean-Lebeuf"}, 'city': 'Bottens', ...</msg>
<var>${json_data}</var>
<arg>${response.json()}</arg>
<doc>Returns the given values which can then be assigned to a variables.</doc>
<status status="PASS" start="2024-05-12T18:19:36.336167" elapsed="0.000662"/>
</kw>
<kw name="Log" owner="BuiltIn">
<msg time="2024-05-12T18:19:36.337309" level="INFO">{'results': [{'gender': 'male', 'name': {'title': 'Monsieur', 'first': 'Tiziano', 'last': 'Renaud'}, 'location': {'street': {'number': 2529, 'name': "Place de L'Abbé-Jean-Lebeuf"}, 'city': 'Bottens', 'state': 'St. Gallen', 'country': 'Switzerland', 'postcode': 3185, 'coordinates': {'latitude': '-63.3866', 'longitude': '-116.5164'}, 'timezone': {'offset': '0:00', 'description': 'Western Europe Time, London, Lisbon, Casablanca'}}, 'email': 'tiziano.renaud@example.com', 'login': {'uuid': 'ed7431b8-09e5-4f32-8bba-df1e34ba4080', 'username': 'sadostrich848', 'password': 'rachel1', 'salt': 'bJ5v9olc', 'md5': '60349b2cb3cb3561bd44e9ba811c89c9', 'sha1': '65d6a9f3617608b4808a981d83e81d2dadef9d24', 'sha256': 'd49697feeb5a1103a6d6f112387dafa2da5fd734b11d74a93dcc5ae03b3bf2e7'}, 'dob': {'date': '1997-12-25T07:09:42.693Z', 'age': 26}, 'registered': {'date': '2003-07-14T00:09:16.085Z', 'age': 20}, 'phone': '076 762 05 09', 'cell': '079 296 59 63', 'id': {'name': 'AVS', 'value': '756.7074.5489.95'}, 'picture': {'large': 'https://randomuser.me/api/portraits/men/91.jpg', 'medium': 'https://randomuser.me/api/portraits/med/men/91.jpg', 'thumbnail': 'https://randomuser.me/api/portraits/thumb/men/91.jpg'}, 'nat': 'CH'}], 'info': {'seed': 'a4d48a19f19aedc4', 'results': 1, 'page': 1, 'version': '1.4'}}</msg>
<arg>${json_data}</arg>
<doc>Logs the given message with the given level.</doc>
<status status="PASS" start="2024-05-12T18:19:36.337147" elapsed="0.000246"/>
</kw>
<kw name="Should Be Equal As Numbers" owner="BuiltIn">
<arg>${json_data['results'][0]['location']['postcode']}</arg>
<arg>${json_data['results'][0]['location']['postcode']}</arg>
<doc>Fails if objects are unequal after converting them to real numbers.</doc>
<status status="PASS" start="2024-05-12T18:19:36.337870" elapsed="0.000625"/>
</kw>
<kw name="Log" owner="BuiltIn">
<msg time="2024-05-12T18:19:36.339029" level="INFO">3185</msg>
<arg>${json_data['results'][0]['location']['postcode']}</arg>
<doc>Logs the given message with the given level.</doc>
<status status="PASS" start="2024-05-12T18:19:36.338685" elapsed="0.000383"/>
</kw>
<status status="PASS" start="2024-05-12T18:19:36.242511" elapsed="0.096809"/>
</kw>
<doc>Testa se os tipos de dados na resposta da API estão corretos.</doc>
<tag>testeTiposDados</tag>
<status status="PASS" start="2024-05-12T18:19:36.142087" elapsed="0.197399"/>
</test>
<test id="s1-s1-t5" name="Validar conteudo" line="35">
<kw name="Teste de Tipos de Conteudo" owner="random-user-service">
<kw name="GET On Session" owner="RequestsLibrary">
<msg time="2024-05-12T18:19:36.431936" level="INFO">GET Request : url=https://randomuser.me/api 
 path_url=/api 
 headers={'User-Agent': 'python-requests/2.31.0', 'Accept-Encoding': 'gzip, deflate', 'Accept': '*/*', 'Connection': 'keep-alive'} 
 body=None 
 </msg>
<msg time="2024-05-12T18:19:36.432030" level="INFO">GET Response : url=https://randomuser.me/api 
 status=200, reason=OK 
 headers={'Date': 'Sun, 12 May 2024 18:19:36 GMT', 'Content-Type': 'application/json; charset=utf-8', 'Transfer-Encoding': 'chunked', 'Connection': 'keep-alive', 'X-Powered-By': 'Express', 'Access-Control-Allow-Origin': '*', 'Cache-Control': 'no-cache', 'ETag': 'W/"47b-gpVJacuzaFzBXvAux0BMX+kLjd8"', 'Vary': 'Accept-Encoding', 'Content-Encoding': 'gzip', 'CF-Cache-Status': 'DYNAMIC', 'Report-To': '{"endpoints":[{"url":"https:\\/\\/a.nel.cloudflare.com\\/report\\/v4?s=fSu53y%2Fhco0PTpLl8avdVoLZPYVEorlfwVqz89qDpraoXiO6xa5W8VOAz1RrShtGWRW7IiX8HFAmvTJs7YtDNNbeUl1HFVXm0dUxYPBvDbRKWbjQ9BgcExT4qcrFP%2BFz"}],"group":"cf-nel","max_age":604800}', 'NEL': '{"success_fraction":0,"report_to":"cf-nel","max_age":604800}', 'Server': 'cloudflare', 'CF-RAY': '882c6b002f2615c6-SJC', 'alt-svc': 'h3=":443"; ma=86400'} 
 body={"results":[{"gender":"male","name":{"title":"Mr","first":"Svyatoslav","last":"Mishchenko"},"location":{"street":{"number":2942,"name":"Svyatoshinska ploshcha"},"city":"Alupka","state":"Cherkaska","country":"Ukraine","postcode":49425,"coordinates":{"latitude":"77.8497","longitude":"-2.8127"},"timezone":{"offset":"+3:30","description":"Tehran"}},"email":"svyatoslav.mishchenko@example.com","login":{"uuid":"c994c0e7-910e-4d81-bf6f-47a234b96658","username":"happywolf364","password":"xxxxx","salt":"Ihd62Fg7","md5":"150881b3684d93a3c4d83f38c6e39791","sha1":"8ac754682ec1d47b3a922f130d6dff110a9b25d0","sha256":"0e34dc8f9cdebbc73ec2270ccf9da7635df8d44372fdf9c0d9851b9056a218e9"},"dob":{"date":"1972-09-17T19:01:31.467Z","age":51},"registered":{"date":"2015-10-07T04:50:39.041Z","age":8},"phone":"(067) I75-4335","cell":"(096) V32-0279","id":{"name":"","value":null},"picture":{"large":"https://randomuser.me/api/portraits/men/12.jpg","medium":"https://randomuser.me/api/portraits/med/men/12.jpg","thumbnail":"https://randomuser.me/api/portraits/thumb/men/12.jpg"},"nat":"UA"}],"info":{"seed":"d81b613ce58ad66f","results":1,"page":1,"version":"1.4"}} 
 </msg>
<msg time="2024-05-12T18:19:36.432098" level="INFO">/opt/hostedtoolcache/Python/3.12.3/x64/lib/python3.12/site-packages/urllib3/connectionpool.py:1103: InsecureRequestWarning: Unverified HTTPS request is being made to host 'randomuser.me'. Adding certificate verification is strongly advised. See: https://urllib3.readthedocs.io/en/latest/advanced-usage.html#tls-warnings
  warnings.warn(</msg>
<msg time="2024-05-12T18:19:36.432225" level="INFO">${response} = &lt;Response [200]&gt;</msg>
<var>${response}</var>
<arg>consultarAPI</arg>
<arg>/api</arg>
<doc>Sends a GET request on a previously created HTTP Session.</doc>
<status status="PASS" start="2024-05-12T18:19:36.342098" elapsed="0.090172"/>
</kw>
<kw name="Set Variable" owner="BuiltIn">
<msg time="2024-05-12T18:19:36.433487" level="INFO">${json_data} = {'results': [{'gender': 'male', 'name': {'title': 'Mr', 'first': 'Svyatoslav', 'last': 'Mishchenko'}, 'location': {'street': {'number': 2942, 'name': 'Svyatoshinska ploshcha'}, 'city': 'Alupka', 'stat...</msg>
<var>${json_data}</var>
<arg>${response.json()}</arg>
<doc>Returns the given values which can then be assigned to a variables.</doc>
<status status="PASS" start="2024-05-12T18:19:36.432918" elapsed="0.000598"/>
</kw>
<kw name="Set Variable" owner="BuiltIn">
<msg time="2024-05-12T18:19:36.434222" level="INFO">${name_title} = Mr</msg>
<var>${name_title}</var>
<arg>${json_data["results"][0]["name"]["title"]}</arg>
<doc>Returns the given values which can then be assigned to a variables.</doc>
<status status="PASS" start="2024-05-12T18:19:36.433828" elapsed="0.000419"/>
</kw>
<kw name="Create List" owner="BuiltIn">
<msg time="2024-05-12T18:19:36.434688" level="INFO">${allowed_titles} = ['Mr', 'Ms', 'Miss', 'Mrs', 'Madame', 'Monsieur']</msg>
<var>${allowed_titles}</var>
<arg>Mr</arg>
<arg>Ms</arg>
<arg>Miss</arg>
<arg>Mrs</arg>
<arg>Madame</arg>
<arg>Monsieur</arg>
<doc>Returns a list containing given items.</doc>
<status status="PASS" start="2024-05-12T18:19:36.434542" elapsed="0.000170"/>
</kw>
<kw name="List Should Contain Value" owner="Collections">
<msg time="2024-05-12T18:19:36.435174" level="INFO">False</msg>
<arg>${allowed_titles}</arg>
<arg>${name_title}</arg>
<doc>Fails if the ``value`` is not found from ``list``.</doc>
<status status="PASS" start="2024-05-12T18:19:36.435005" elapsed="0.000206"/>
</kw>
<kw name="Set Variable" owner="BuiltIn">
<msg time="2024-05-12T18:19:36.435868" level="INFO">${name_country} = UA</msg>
<var>${name_country}</var>
<arg>${json_data["results"][0]["nat"]}</arg>
<doc>Returns the given values which can then be assigned to a variables.</doc>
<status status="PASS" start="2024-05-12T18:19:36.435497" elapsed="0.000395"/>
</kw>
<kw name="Create List" owner="BuiltIn">
<msg time="2024-05-12T18:19:36.436805" level="INFO">${list_country} = ['AD', 'AE', 'AF', 'AG', 'AI', 'AL', 'AM', 'AO', 'AQ', 'AR', 'AS', 'AT', 'AU', 'AW', 'AX', 'AZ', 'BA', 'BB', 'BD', 'BE', 'BF', 'BG', 'BH', 'BI', 'BJ', 'BL', 'BM', 'BN', 'BO', 'BQ', 'BR', 'BS', 'BT', '...</msg>
<var>${list_country}</var>
<arg>AD</arg>
<arg>AE</arg>
<arg>AF</arg>
<arg>AG</arg>
<arg>AI</arg>
<arg>AL</arg>
<arg>AM</arg>
<arg>AO</arg>
<arg>AQ</arg>
<arg>AR</arg>
<arg>AS</arg>
<arg>AT</arg>
<arg>AU</arg>
<arg>AW</arg>
<arg>AX</arg>
<arg>AZ</arg>
<arg>BA</arg>
<arg>BB</arg>
<arg>BD</arg>
<arg>BE</arg>
<arg>BF</arg>
<arg>BG</arg>
<arg>BH</arg>
<arg>BI</arg>
<arg>BJ</arg>
<arg>BL</arg>
<arg>BM</arg>
<arg>BN</arg>
<arg>BO</arg>
<arg>BQ</arg>
<arg>BR</arg>
<arg>BS</arg>
<arg>BT</arg>
<arg>BV</arg>
<arg>BW</arg>
<arg>BY</arg>
<arg>BZ</arg>
<arg>CA</arg>
<arg>CC</arg>
<arg>CD</arg>
<arg>CF</arg>
<arg>CG</arg>
<arg>CH</arg>
<arg>CI</arg>
<arg>CK</arg>
<arg>CL</arg>
<arg>CM</arg>
<arg>CN</arg>
<arg>CO</arg>
<arg>CR</arg>
<arg>CU</arg>
<arg>CV</arg>
<arg>CW</arg>
<arg>CX</arg>
<arg>CY</arg>
<arg>CZ</arg>
<arg>DE</arg>
<arg>DJ</arg>
<arg>DK</arg>
<arg>DM</arg>
<arg>DO</arg>
<arg>DZ</arg>
<arg>EC</arg>
<arg>EE</arg>
<arg>EG</arg>
<arg>EH</arg>
<arg>ER</arg>
<arg>ES</arg>
<arg>ET</arg>
<arg>FI</arg>
<arg>FJ</arg>
<arg>FK</arg>
<arg>FM</arg>
<arg>FO</arg>
<arg>FR</arg>
<arg>GA</arg>
<arg>GB</arg>
<arg>GD</arg>
<arg>GE</arg>
<arg>GF</arg>
<arg>GG</arg>
<arg>GH</arg>
<arg>GI</arg>
<arg>GL</arg>
<arg>GM</arg>
<arg>GN</arg>
<arg>GP</arg>
<arg>GQ</arg>
<arg>GR</arg>
<arg>GS</arg>
<arg>GT</arg>
<arg>GU</arg>
<arg>GW</arg>
<arg>GY</arg>
<arg>HK</arg>
<arg>HM</arg>
<arg>HN</arg>
<arg>HR</arg>
<arg>HT</arg>
<arg>HU</arg>
<arg>ID</arg>
<arg>IE</arg>
<arg>IL</arg>
<arg>IM</arg>
<arg>IN</arg>
<arg>IO</arg>
<arg>IQ</arg>
<arg>IR</arg>
<arg>IS</arg>
<arg>IT</arg>
<arg>JE</arg>
<arg>JM</arg>
<arg>JO</arg>
<arg>JP</arg>
<arg>KE</arg>
<arg>KG</arg>
<arg>KH</arg>
<arg>KI</arg>
<arg>KM</arg>
<arg>KN</arg>
<arg>KP</arg>
<arg>KR</arg>
<arg>KW</arg>
<arg>KY</arg>
<arg>KZ</arg>
<arg>LA</arg>
<arg>LB</arg>
<arg>LC</arg>
<arg>LI</arg>
<arg>LK</arg>
<arg>LR</arg>
<arg>LS</arg>
<arg>LT</arg>
<arg>LU</arg>
<arg>LV</arg>
<arg>LY</arg>
<arg>MA</arg>
<arg>MC</arg>
<arg>MD</arg>
<arg>ME</arg>
<arg>MF</arg>
<arg>MG</arg>
<arg>MH</arg>
<arg>MK</arg>
<arg>ML</arg>
<arg>MM</arg>
<arg>MN</arg>
<arg>MO</arg>
<arg>MP</arg>
<arg>MQ</arg>
<arg>MR</arg>
<arg>MS</arg>
<arg>MT</arg>
<arg>MU</arg>
<arg>MV</arg>
<arg>MW</arg>
<arg>MX</arg>
<arg>MY</arg>
<arg>MZ</arg>
<arg>NA</arg>
<arg>NC</arg>
<arg>NE</arg>
<arg>NF</arg>
<arg>NG</arg>
<arg>NI</arg>
<arg>NL</arg>
<arg>NO</arg>
<arg>NP</arg>
<arg>NR</arg>
<arg>NU</arg>
<arg>NZ</arg>
<arg>OM</arg>
<arg>PA</arg>
<arg>PE</arg>
<arg>PF</arg>
<arg>PG</arg>
<arg>PH</arg>
<arg>PK</arg>
<arg>PL</arg>
<arg>PM</arg>
<arg>PN</arg>
<arg>PR</arg>
<arg>PS</arg>
<arg>PT</arg>
<arg>PW</arg>
<arg>PY</arg>
<arg>QA</arg>
<arg>RE</arg>
<arg>RO</arg>
<arg>RS</arg>
<arg>RU</arg>
<arg>RW</arg>
<arg>SA</arg>
<arg>SB</arg>
<arg>SC</arg>
<arg>SD</arg>
<arg>SE</arg>
<arg>SG</arg>
<arg>SH</arg>
<arg>SI</arg>
<arg>SJ</arg>
<arg>SK</arg>
<arg>SL</arg>
<arg>SM</arg>
<arg>SN</arg>
<arg>SO</arg>
<arg>SR</arg>
<arg>SS</arg>
<arg>ST</arg>
<arg>SV</arg>
<arg>SX</arg>
<arg>SY</arg>
<arg>SZ</arg>
<arg>TC</arg>
<arg>TD</arg>
<arg>TF</arg>
<arg>TG</arg>
<arg>TH</arg>
<arg>TJ</arg>
<arg>TK</arg>
<arg>TL</arg>
<arg>TM</arg>
<arg>TN</arg>
<arg>TO</arg>
<arg>TR</arg>
<arg>TT</arg>
<arg>TV</arg>
<arg>TW</arg>
<arg>TZ</arg>
<arg>UA</arg>
<arg>UG</arg>
<arg>UM</arg>
<arg>US</arg>
<arg>UY</arg>
<arg>UZ</arg>
<arg>VA</arg>
<arg>VC</arg>
<arg>VE</arg>
<arg>VG</arg>
<arg>VI</arg>
<arg>VN</arg>
<arg>VU</arg>
<arg>WF</arg>
<arg>WS</arg>
<arg>XK</arg>
<arg>YE</arg>
<arg>YT</arg>
<arg>ZA</arg>
<arg>ZM</arg>
<arg>ZW</arg>
<doc>Returns a list containing given items.</doc>
<status status="PASS" start="2024-05-12T18:19:36.436193" elapsed="0.000638"/>
</kw>
<kw name="List Should Contain Value" owner="Collections">
<msg time="2024-05-12T18:19:36.437814" level="INFO">False</msg>
<arg>${list_country}</arg>
<arg>${name_country}</arg>
<doc>Fails if the ``value`` is not found from ``list``.</doc>
<status status="PASS" start="2024-05-12T18:19:36.437616" elapsed="0.000234"/>
</kw>
<kw name="Run Keyword If" owner="BuiltIn">
<kw name="Should Be True" owner="BuiltIn">
<arg>${True}</arg>
<doc>Fails if the given condition is not true.</doc>
<status status="PASS" start="2024-05-12T18:19:36.438917" elapsed="0.000257"/>
</kw>
<arg>${json_data["results"][0]["location"]["coordinates"]["latitude"]} &gt;= -90 and ${json_data["results"][0]["location"]["coordinates"]["latitude"]} &lt;= 90</arg>
<arg>Should Be True</arg>
<arg>${True}</arg>
<doc>Runs the given keyword with the given arguments, if ``condition`` is true.</doc>
<status status="PASS" start="2024-05-12T18:19:36.438155" elapsed="0.001150"/>
</kw>
<kw name="Run Keyword If" owner="BuiltIn">
<kw name="Should Be True" owner="BuiltIn">
<arg>${True}</arg>
<doc>Fails if the given condition is not true.</doc>
<status status="PASS" start="2024-05-12T18:19:36.440199" elapsed="0.000137"/>
</kw>
<arg>${json_data["results"][0]["location"]["coordinates"]["longitude"]} &gt;= -180 and ${json_data["results"][0]["location"]["coordinates"]["longitude"]} &lt;= 180</arg>
<arg>Should Be True</arg>
<arg>${True}</arg>
<doc>Runs the given keyword with the given arguments, if ``condition`` is true.</doc>
<status status="PASS" start="2024-05-12T18:19:36.439491" elapsed="0.000967"/>
</kw>
<status status="PASS" start="2024-05-12T18:19:36.341873" elapsed="0.098719"/>
</kw>
<doc>Testa o conteúdo específico dos campos retornados pela API.</doc>
<tag>testeConteudo</tag>
<status status="PASS" start="2024-05-12T18:19:36.341334" elapsed="0.099436"/>
</test>
<status status="PASS" start="2024-05-12T18:19:35.568860" elapsed="0.874005"/>
</suite>
<status status="PASS" start="2024-05-12T18:19:35.555407" elapsed="0.892895"/>
</suite>
<statistics>
<total>
<stat pass="5" fail="0" skip="0">All Tests</stat>
</total>
<tag>
<stat pass="1" fail="0" skip="0">testeConteudo</stat>
<stat pass="1" fail="0" skip="0">testeEstruturaResposta</stat>
<stat pass="1" fail="0" skip="0">testeRequisicaoBasica</stat>
<stat pass="1" fail="0" skip="0">testeTiposDados</stat>
</tag>
<suite>
<stat pass="5" fail="0" skip="0" id="s1" name="Tests">Tests</stat>
<stat pass="5" fail="0" skip="0" id="s1-s1" name="Random-User-Test">Tests.Random-User-Test</stat>
</suite>
</statistics>
<errors>
</errors>
</robot>
