<?xml version="1.0" encoding="UTF-8"?>
<robot generator="Robot 7.0.1 (Python 3.12.4 on linux)" generated="2024-08-01T14:17:47.862753" rpa="false" schemaversion="5">
<suite id="s1" name="Tests" source="/home/runner/work/ApiRandomUser/ApiRandomUser/RamdonUser/tests">
<suite id="s1-s1" name="Random-User-Test" source="/home/runner/work/ApiRandomUser/ApiRandomUser/RamdonUser/tests/random-user-test.robot">
<test id="s1-s1-t1" name="Conectar" line="13">
<kw name="Conectar API" owner="random-user-service">
<kw name="Create Session" owner="RequestsLibrary">
<msg time="2024-08-01T14:17:48.261825" level="INFO">Creating Session using : alias=consultarAPI, url=https://randomuser.me/, headers={},                     cookies={}, auth=None, timeout=None, proxies=None, verify=False,                     debug=0 </msg>
<arg>consultarAPI</arg>
<arg>${URL}</arg>
<doc>Create Session: create a HTTP session to a server</doc>
<status status="PASS" start="2024-08-01T14:17:48.261634" elapsed="0.000360"/>
</kw>
<status status="PASS" start="2024-08-01T14:17:48.260644" elapsed="0.001694"/>
</kw>
<status status="PASS" start="2024-08-01T14:17:48.260041" elapsed="0.002489"/>
</test>
<test id="s1-s1-t2" name="Validar retorno 200 e JSON Válido" line="16">
<kw name="Teste de Requisicao Basica" owner="random-user-service">
<kw name="GET On Session" owner="RequestsLibrary">
<msg time="2024-08-01T14:17:48.488272" level="INFO">GET Request : url=https://randomuser.me/api 
 path_url=/api 
 headers={'User-Agent': 'python-requests/2.32.3', 'Accept-Encoding': 'gzip, deflate', 'Accept': '*/*', 'Connection': 'keep-alive'} 
 body=None 
 </msg>
<msg time="2024-08-01T14:17:48.488466" level="INFO">GET Response : url=https://randomuser.me/api 
 status=200, reason=OK 
 headers={'Date': 'Thu, 01 Aug 2024 14:17:48 GMT', 'Content-Type': 'application/json; charset=utf-8', 'Transfer-Encoding': 'chunked', 'Connection': 'keep-alive', 'X-Powered-By': 'Express', 'Access-Control-Allow-Origin': '*', 'Cache-Control': 'no-cache', 'ETag': 'W/"48e-5bcwsCpZC4tY1wkKqOUNA+NdMLw"', 'Vary': 'Accept-Encoding', 'Content-Encoding': 'gzip', 'CF-Cache-Status': 'DYNAMIC', 'Report-To': '{"endpoints":[{"url":"https:\\/\\/a.nel.cloudflare.com\\/report\\/v4?s=oM0LdH%2Bc1oihpCoQcBZSPl8o2%2FbkZL4b8ENIXieLqROb9G7waHvME9dIL5%2FMFFJbv5hIgHFfJSdLHELH%2FXux4HGLZXwXXlbl8OlN%2FvGZHbPQisx8XzNz%2BgMdLVB21vKO"}],"group":"cf-nel","max_age":604800}', 'NEL': '{"success_fraction":0,"report_to":"cf-nel","max_age":604800}', 'Server': 'cloudflare', 'CF-RAY': '8ac6742d8fdb6197-ORD', 'alt-svc': 'h3=":443"; ma=86400'} 
 body={"results":[{"gender":"male","name":{"title":"Mr","first":"Amar","last":"Gjessing"},"location":{"street":{"number":2639,"name":"Hovinveien"},"city":"Høyjord","state":"Finnmark - Finnmárku","country":"Norway","postcode":"4891","coordinates":{"latitude":"41.2764","longitude":"-177.9867"},"timezone":{"offset":"+9:00","description":"Tokyo, Seoul, Osaka, Sapporo, Yakutsk"}},"email":"amar.gjessing@example.com","login":{"uuid":"03d4554a-02a6-47cd-b0e5-07520f71cb5d","username":"tinyfrog135","password":"232323","salt":"cjNABY1n","md5":"9800ab702e6678c8692dc84af7d29354","sha1":"7e9341a2d81626cdebfb138cb6c0094f2559e492","sha256":"055264c114d36a472183dfdf543a604b7d732a8d9ef8d4bcdfd71f49564d419c"},"dob":{"date":"1972-07-31T02:21:02.083Z","age":52},"registered":{"date":"2009-03-06T09:48:58.141Z","age":15},"phone":"29407638","cell":"49878834","id":{"name":"FN","value":"31077228171"},"picture":{"large":"https://randomuser.me/api/portraits/men/15.jpg","medium":"https://randomuser.me/api/portraits/med/men/15.jpg","thumbnail":"https://randomuser.me/api/portraits/thumb/men/15.jpg"},"nat":"NO"}],"info":{"seed":"27204b6e99557660","results":1,"page":1,"version":"1.4"}} 
 </msg>
<msg time="2024-08-01T14:17:48.488557" level="INFO">/opt/hostedtoolcache/Python/3.12.4/x64/lib/python3.12/site-packages/urllib3/connectionpool.py:1099: InsecureRequestWarning: Unverified HTTPS request is being made to host 'randomuser.me'. Adding certificate verification is strongly advised. See: https://urllib3.readthedocs.io/en/latest/advanced-usage.html#tls-warnings
  warnings.warn(</msg>
<msg time="2024-08-01T14:17:48.488685" level="INFO">${response} = &lt;Response [200]&gt;</msg>
<var>${response}</var>
<arg>consultarAPI</arg>
<arg>/api</arg>
<doc>Sends a GET request on a previously created HTTP Session.</doc>
<status status="PASS" start="2024-08-01T14:17:48.265238" elapsed="0.223491"/>
</kw>
<kw name="Should Be Equal As Numbers" owner="BuiltIn">
<msg time="2024-08-01T14:17:48.489819" level="INFO">Argument types are:
&lt;class 'int'&gt;
&lt;class 'str'&gt;</msg>
<arg>${response.status_code}</arg>
<arg>200</arg>
<doc>Fails if objects are unequal after converting them to real numbers.</doc>
<status status="PASS" start="2024-08-01T14:17:48.489311" elapsed="0.000575"/>
</kw>
<kw name="Log" owner="BuiltIn">
<msg time="2024-08-01T14:17:48.490586" level="INFO">200</msg>
<arg>${response.status_code}</arg>
<doc>Logs the given message with the given level.</doc>
<status status="PASS" start="2024-08-01T14:17:48.490220" elapsed="0.000410"/>
</kw>
<kw name="Set Variable" owner="BuiltIn">
<msg time="2024-08-01T14:17:48.491400" level="INFO">${json_data} = {'results': [{'gender': 'male', 'name': {'title': 'Mr', 'first': 'Amar', 'last': 'Gjessing'}, 'location': {'street': {'number': 2639, 'name': 'Hovinveien'}, 'city': 'Høyjord', 'state': 'Finnmark - Fin...</msg>
<var>${json_data}</var>
<arg>${response.json()}</arg>
<doc>Returns the given values which can then be assigned to a variables.</doc>
<status status="PASS" start="2024-08-01T14:17:48.490946" elapsed="0.000484"/>
</kw>
<kw name="Dictionary Should Contain Key" owner="Collections">
<arg>${json_data}</arg>
<arg>results</arg>
<doc>Fails if ``key`` is not found from ``dictionary``.</doc>
<status status="PASS" start="2024-08-01T14:17:48.491746" elapsed="0.000316"/>
</kw>
<status status="PASS" start="2024-08-01T14:17:48.264982" elapsed="0.227233"/>
</kw>
<doc>Testa se a API responde corretamente e retorna um objeto JSON válido.</doc>
<tag>testeRequisicaoBasica</tag>
<status status="PASS" start="2024-08-01T14:17:48.264405" elapsed="0.228020"/>
</test>
<test id="s1-s1-t3" name="Validar estrutura de resposta" line="22">
<kw name="Teste de Estrutura de Resposta" owner="random-user-service">
<kw name="GET On Session" owner="RequestsLibrary">
<msg time="2024-08-01T14:17:48.549970" level="INFO">GET Request : url=https://randomuser.me/api 
 path_url=/api 
 headers={'User-Agent': 'python-requests/2.32.3', 'Accept-Encoding': 'gzip, deflate', 'Accept': '*/*', 'Connection': 'keep-alive'} 
 body=None 
 </msg>
<msg time="2024-08-01T14:17:48.550052" level="INFO">GET Response : url=https://randomuser.me/api 
 status=200, reason=OK 
 headers={'Date': 'Thu, 01 Aug 2024 14:17:48 GMT', 'Content-Type': 'application/json; charset=utf-8', 'Transfer-Encoding': 'chunked', 'Connection': 'keep-alive', 'X-Powered-By': 'Express', 'Access-Control-Allow-Origin': '*', 'Cache-Control': 'no-cache', 'ETag': 'W/"492-5o/pU7FdZHZLi5ebP+M+86D78qg"', 'Vary': 'Accept-Encoding', 'Content-Encoding': 'gzip', 'CF-Cache-Status': 'DYNAMIC', 'Report-To': '{"endpoints":[{"url":"https:\\/\\/a.nel.cloudflare.com\\/report\\/v4?s=NnifKP4tXznZxmSdwxd3Xbfl2N7fa8l%2BvUIiVFyek4wJLUJUwFLUM8e4ITwurXEqsl1MCCo3Cxuv4Zjtsz59MCeM5kc9mVTzPQXPv4JxUfzqJ96yNq5Gh%2BktyL5fahKB"}],"group":"cf-nel","max_age":604800}', 'NEL': '{"success_fraction":0,"report_to":"cf-nel","max_age":604800}', 'Server': 'cloudflare', 'CF-RAY': '8ac6742e18906197-ORD', 'alt-svc': 'h3=":443"; ma=86400'} 
 body={"results":[{"gender":"male","name":{"title":"Mr","first":"Eric","last":"Williams"},"location":{"street":{"number":9742,"name":"Highfield Road"},"city":"Stevenage","state":"Somerset","country":"United Kingdom","postcode":"P76 5BA","coordinates":{"latitude":"-6.1322","longitude":"-145.9373"},"timezone":{"offset":"+2:00","description":"Kaliningrad, South Africa"}},"email":"eric.williams@example.com","login":{"uuid":"4f8f4cc8-d6ad-4104-bf4a-48a74fd84943","username":"crazymouse380","password":"weston","salt":"2zNYfdpn","md5":"8c3835ccd960d156093f75895ef5c85b","sha1":"34624e1764efab387c10bd76fefacb3aa837f139","sha256":"a8f20cd9b4aaaeeec1b409d8215837f46d47d4432988331ed1378cb489753dd1"},"dob":{"date":"1974-04-25T12:18:02.082Z","age":50},"registered":{"date":"2015-08-13T02:28:09.409Z","age":8},"phone":"015395 95935","cell":"07591 041704","id":{"name":"NINO","value":"SP 53 58 54 R"},"picture":{"large":"https://randomuser.me/api/portraits/men/49.jpg","medium":"https://randomuser.me/api/portraits/med/men/49.jpg","thumbnail":"https://randomuser.me/api/portraits/thumb/men/49.jpg"},"nat":"GB"}],"info":{"seed":"6d99a878dcd92b45","results":1,"page":1,"version":"1.4"}} 
 </msg>
<msg time="2024-08-01T14:17:48.550174" level="INFO">/opt/hostedtoolcache/Python/3.12.4/x64/lib/python3.12/site-packages/urllib3/connectionpool.py:1099: InsecureRequestWarning: Unverified HTTPS request is being made to host 'randomuser.me'. Adding certificate verification is strongly advised. See: https://urllib3.readthedocs.io/en/latest/advanced-usage.html#tls-warnings
  warnings.warn(</msg>
<msg time="2024-08-01T14:17:48.550302" level="INFO">${response} = &lt;Response [200]&gt;</msg>
<var>${response}</var>
<arg>consultarAPI</arg>
<arg>/api</arg>
<doc>Sends a GET request on a previously created HTTP Session.</doc>
<status status="PASS" start="2024-08-01T14:17:48.495140" elapsed="0.055215"/>
</kw>
<kw name="Set Variable" owner="BuiltIn">
<msg time="2024-08-01T14:17:48.551518" level="INFO">${json_data} = {'results': [{'gender': 'male', 'name': {'title': 'Mr', 'first': 'Eric', 'last': 'Williams'}, 'location': {'street': {'number': 9742, 'name': 'Highfield Road'}, 'city': 'Stevenage', 'state': 'Somerset...</msg>
<var>${json_data}</var>
<arg>${response.json()}</arg>
<doc>Returns the given values which can then be assigned to a variables.</doc>
<status status="PASS" start="2024-08-01T14:17:48.550889" elapsed="0.000659"/>
</kw>
<kw name="Log" owner="BuiltIn">
<msg time="2024-08-01T14:17:48.552058" level="INFO">{'results': [{'gender': 'male', 'name': {'title': 'Mr', 'first': 'Eric', 'last': 'Williams'}, 'location': {'street': {'number': 9742, 'name': 'Highfield Road'}, 'city': 'Stevenage', 'state': 'Somerset', 'country': 'United Kingdom', 'postcode': 'P76 5BA', 'coordinates': {'latitude': '-6.1322', 'longitude': '-145.9373'}, 'timezone': {'offset': '+2:00', 'description': 'Kaliningrad, South Africa'}}, 'email': 'eric.williams@example.com', 'login': {'uuid': '4f8f4cc8-d6ad-4104-bf4a-48a74fd84943', 'username': 'crazymouse380', 'password': 'weston', 'salt': '2zNYfdpn', 'md5': '8c3835ccd960d156093f75895ef5c85b', 'sha1': '34624e1764efab387c10bd76fefacb3aa837f139', 'sha256': 'a8f20cd9b4aaaeeec1b409d8215837f46d47d4432988331ed1378cb489753dd1'}, 'dob': {'date': '1974-04-25T12:18:02.082Z', 'age': 50}, 'registered': {'date': '2015-08-13T02:28:09.409Z', 'age': 8}, 'phone': '015395 95935', 'cell': '07591 041704', 'id': {'name': 'NINO', 'value': 'SP 53 58 54 R'}, 'picture': {'large': 'https://randomuser.me/api/portraits/men/49.jpg', 'medium': 'https://randomuser.me/api/portraits/med/men/49.jpg', 'thumbnail': 'https://randomuser.me/api/portraits/thumb/men/49.jpg'}, 'nat': 'GB'}], 'info': {'seed': '6d99a878dcd92b45', 'results': 1, 'page': 1, 'version': '1.4'}}</msg>
<arg>${json_data}</arg>
<doc>Logs the given message with the given level.</doc>
<status status="PASS" start="2024-08-01T14:17:48.551863" elapsed="0.000248"/>
</kw>
<kw name="Dictionary Should Contain Key" owner="Collections">
<arg>${json_data}</arg>
<arg>results</arg>
<doc>Fails if ``key`` is not found from ``dictionary``.</doc>
<status status="PASS" start="2024-08-01T14:17:48.552446" elapsed="0.000179"/>
</kw>
<kw name="Should Not Be Empty" owner="BuiltIn">
<msg time="2024-08-01T14:17:48.552948" level="INFO">Length is 2.</msg>
<arg>${json_data}</arg>
<doc>Verifies that the given item is not empty.</doc>
<status status="PASS" start="2024-08-01T14:17:48.552818" elapsed="0.000170"/>
</kw>
<kw name="Create List" owner="BuiltIn">
<msg time="2024-08-01T14:17:48.553447" level="INFO">${expected_keys} = ['gender', 'name', 'location', 'email', 'login']</msg>
<var>${expected_keys}</var>
<arg>gender</arg>
<arg>name</arg>
<arg>location</arg>
<arg>email</arg>
<arg>login</arg>
<doc>Returns a list containing given items.</doc>
<status status="PASS" start="2024-08-01T14:17:48.553287" elapsed="0.000185"/>
</kw>
<for flavor="IN">
<iter>
<kw name="Dictionary Should Contain Key" owner="Collections">
<arg>${json_data['results'][0]}</arg>
<arg>${key}</arg>
<doc>Fails if ``key`` is not found from ``dictionary``.</doc>
<status status="PASS" start="2024-08-01T14:17:48.554061" elapsed="0.000410"/>
</kw>
<kw name="Log" owner="BuiltIn">
<msg time="2024-08-01T14:17:48.555021" level="INFO">{'gender': 'male', 'name': {'title': 'Mr', 'first': 'Eric', 'last': 'Williams'}, 'location': {'street': {'number': 9742, 'name': 'Highfield Road'}, 'city': 'Stevenage', 'state': 'Somerset', 'country': 'United Kingdom', 'postcode': 'P76 5BA', 'coordinates': {'latitude': '-6.1322', 'longitude': '-145.9373'}, 'timezone': {'offset': '+2:00', 'description': 'Kaliningrad, South Africa'}}, 'email': 'eric.williams@example.com', 'login': {'uuid': '4f8f4cc8-d6ad-4104-bf4a-48a74fd84943', 'username': 'crazymouse380', 'password': 'weston', 'salt': '2zNYfdpn', 'md5': '8c3835ccd960d156093f75895ef5c85b', 'sha1': '34624e1764efab387c10bd76fefacb3aa837f139', 'sha256': 'a8f20cd9b4aaaeeec1b409d8215837f46d47d4432988331ed1378cb489753dd1'}, 'dob': {'date': '1974-04-25T12:18:02.082Z', 'age': 50}, 'registered': {'date': '2015-08-13T02:28:09.409Z', 'age': 8}, 'phone': '015395 95935', 'cell': '07591 041704', 'id': {'name': 'NINO', 'value': 'SP 53 58 54 R'}, 'picture': {'large': 'https://randomuser.me/api/portraits/men/49.jpg', 'medium': 'https://randomuser.me/api/portraits/med/men/49.jpg', 'thumbnail': 'https://randomuser.me/api/portraits/thumb/men/49.jpg'}, 'nat': 'GB'}</msg>
<arg>${json_data['results'][0]}</arg>
<doc>Logs the given message with the given level.</doc>
<status status="PASS" start="2024-08-01T14:17:48.554660" elapsed="0.000420"/>
</kw>
<kw name="Log" owner="BuiltIn">
<msg time="2024-08-01T14:17:48.555512" level="INFO">gender</msg>
<arg>${key}</arg>
<doc>Logs the given message with the given level.</doc>
<status status="PASS" start="2024-08-01T14:17:48.555381" elapsed="0.000171"/>
</kw>
<var name="${key}">gender</var>
<status status="PASS" start="2024-08-01T14:17:48.553932" elapsed="0.001840"/>
</iter>
<iter>
<kw name="Dictionary Should Contain Key" owner="Collections">
<arg>${json_data['results'][0]}</arg>
<arg>${key}</arg>
<doc>Fails if ``key`` is not found from ``dictionary``.</doc>
<status status="PASS" start="2024-08-01T14:17:48.556082" elapsed="0.000420"/>
</kw>
<kw name="Log" owner="BuiltIn">
<msg time="2024-08-01T14:17:48.557064" level="INFO">{'gender': 'male', 'name': {'title': 'Mr', 'first': 'Eric', 'last': 'Williams'}, 'location': {'street': {'number': 9742, 'name': 'Highfield Road'}, 'city': 'Stevenage', 'state': 'Somerset', 'country': 'United Kingdom', 'postcode': 'P76 5BA', 'coordinates': {'latitude': '-6.1322', 'longitude': '-145.9373'}, 'timezone': {'offset': '+2:00', 'description': 'Kaliningrad, South Africa'}}, 'email': 'eric.williams@example.com', 'login': {'uuid': '4f8f4cc8-d6ad-4104-bf4a-48a74fd84943', 'username': 'crazymouse380', 'password': 'weston', 'salt': '2zNYfdpn', 'md5': '8c3835ccd960d156093f75895ef5c85b', 'sha1': '34624e1764efab387c10bd76fefacb3aa837f139', 'sha256': 'a8f20cd9b4aaaeeec1b409d8215837f46d47d4432988331ed1378cb489753dd1'}, 'dob': {'date': '1974-04-25T12:18:02.082Z', 'age': 50}, 'registered': {'date': '2015-08-13T02:28:09.409Z', 'age': 8}, 'phone': '015395 95935', 'cell': '07591 041704', 'id': {'name': 'NINO', 'value': 'SP 53 58 54 R'}, 'picture': {'large': 'https://randomuser.me/api/portraits/men/49.jpg', 'medium': 'https://randomuser.me/api/portraits/med/men/49.jpg', 'thumbnail': 'https://randomuser.me/api/portraits/thumb/men/49.jpg'}, 'nat': 'GB'}</msg>
<arg>${json_data['results'][0]}</arg>
<doc>Logs the given message with the given level.</doc>
<status status="PASS" start="2024-08-01T14:17:48.556698" elapsed="0.000459"/>
</kw>
<kw name="Log" owner="BuiltIn">
<msg time="2024-08-01T14:17:48.557603" level="INFO">name</msg>
<arg>${key}</arg>
<doc>Logs the given message with the given level.</doc>
<status status="PASS" start="2024-08-01T14:17:48.557470" elapsed="0.000172"/>
</kw>
<var name="${key}">name</var>
<status status="PASS" start="2024-08-01T14:17:48.555968" elapsed="0.001894"/>
</iter>
<iter>
<kw name="Dictionary Should Contain Key" owner="Collections">
<arg>${json_data['results'][0]}</arg>
<arg>${key}</arg>
<doc>Fails if ``key`` is not found from ``dictionary``.</doc>
<status status="PASS" start="2024-08-01T14:17:48.558162" elapsed="0.000386"/>
</kw>
<kw name="Log" owner="BuiltIn">
<msg time="2024-08-01T14:17:48.559100" level="INFO">{'gender': 'male', 'name': {'title': 'Mr', 'first': 'Eric', 'last': 'Williams'}, 'location': {'street': {'number': 9742, 'name': 'Highfield Road'}, 'city': 'Stevenage', 'state': 'Somerset', 'country': 'United Kingdom', 'postcode': 'P76 5BA', 'coordinates': {'latitude': '-6.1322', 'longitude': '-145.9373'}, 'timezone': {'offset': '+2:00', 'description': 'Kaliningrad, South Africa'}}, 'email': 'eric.williams@example.com', 'login': {'uuid': '4f8f4cc8-d6ad-4104-bf4a-48a74fd84943', 'username': 'crazymouse380', 'password': 'weston', 'salt': '2zNYfdpn', 'md5': '8c3835ccd960d156093f75895ef5c85b', 'sha1': '34624e1764efab387c10bd76fefacb3aa837f139', 'sha256': 'a8f20cd9b4aaaeeec1b409d8215837f46d47d4432988331ed1378cb489753dd1'}, 'dob': {'date': '1974-04-25T12:18:02.082Z', 'age': 50}, 'registered': {'date': '2015-08-13T02:28:09.409Z', 'age': 8}, 'phone': '015395 95935', 'cell': '07591 041704', 'id': {'name': 'NINO', 'value': 'SP 53 58 54 R'}, 'picture': {'large': 'https://randomuser.me/api/portraits/men/49.jpg', 'medium': 'https://randomuser.me/api/portraits/med/men/49.jpg', 'thumbnail': 'https://randomuser.me/api/portraits/thumb/men/49.jpg'}, 'nat': 'GB'}</msg>
<arg>${json_data['results'][0]}</arg>
<doc>Logs the given message with the given level.</doc>
<status status="PASS" start="2024-08-01T14:17:48.558748" elapsed="0.000399"/>
</kw>
<kw name="Log" owner="BuiltIn">
<msg time="2024-08-01T14:17:48.559575" level="INFO">location</msg>
<arg>${key}</arg>
<doc>Logs the given message with the given level.</doc>
<status status="PASS" start="2024-08-01T14:17:48.559445" elapsed="0.000169"/>
</kw>
<var name="${key}">location</var>
<status status="PASS" start="2024-08-01T14:17:48.558051" elapsed="0.001780"/>
</iter>
<iter>
<kw name="Dictionary Should Contain Key" owner="Collections">
<arg>${json_data['results'][0]}</arg>
<arg>${key}</arg>
<doc>Fails if ``key`` is not found from ``dictionary``.</doc>
<status status="PASS" start="2024-08-01T14:17:48.560117" elapsed="0.000424"/>
</kw>
<kw name="Log" owner="BuiltIn">
<msg time="2024-08-01T14:17:48.561203" level="INFO">{'gender': 'male', 'name': {'title': 'Mr', 'first': 'Eric', 'last': 'Williams'}, 'location': {'street': {'number': 9742, 'name': 'Highfield Road'}, 'city': 'Stevenage', 'state': 'Somerset', 'country': 'United Kingdom', 'postcode': 'P76 5BA', 'coordinates': {'latitude': '-6.1322', 'longitude': '-145.9373'}, 'timezone': {'offset': '+2:00', 'description': 'Kaliningrad, South Africa'}}, 'email': 'eric.williams@example.com', 'login': {'uuid': '4f8f4cc8-d6ad-4104-bf4a-48a74fd84943', 'username': 'crazymouse380', 'password': 'weston', 'salt': '2zNYfdpn', 'md5': '8c3835ccd960d156093f75895ef5c85b', 'sha1': '34624e1764efab387c10bd76fefacb3aa837f139', 'sha256': 'a8f20cd9b4aaaeeec1b409d8215837f46d47d4432988331ed1378cb489753dd1'}, 'dob': {'date': '1974-04-25T12:18:02.082Z', 'age': 50}, 'registered': {'date': '2015-08-13T02:28:09.409Z', 'age': 8}, 'phone': '015395 95935', 'cell': '07591 041704', 'id': {'name': 'NINO', 'value': 'SP 53 58 54 R'}, 'picture': {'large': 'https://randomuser.me/api/portraits/men/49.jpg', 'medium': 'https://randomuser.me/api/portraits/med/men/49.jpg', 'thumbnail': 'https://randomuser.me/api/portraits/thumb/men/49.jpg'}, 'nat': 'GB'}</msg>
<arg>${json_data['results'][0]}</arg>
<doc>Logs the given message with the given level.</doc>
<status status="PASS" start="2024-08-01T14:17:48.560843" elapsed="0.000408"/>
</kw>
<kw name="Log" owner="BuiltIn">
<msg time="2024-08-01T14:17:48.561685" level="INFO">email</msg>
<arg>${key}</arg>
<doc>Logs the given message with the given level.</doc>
<status status="PASS" start="2024-08-01T14:17:48.561552" elapsed="0.000172"/>
</kw>
<var name="${key}">email</var>
<status status="PASS" start="2024-08-01T14:17:48.560007" elapsed="0.001939"/>
</iter>
<iter>
<kw name="Dictionary Should Contain Key" owner="Collections">
<arg>${json_data['results'][0]}</arg>
<arg>${key}</arg>
<doc>Fails if ``key`` is not found from ``dictionary``.</doc>
<status status="PASS" start="2024-08-01T14:17:48.562233" elapsed="0.000384"/>
</kw>
<kw name="Log" owner="BuiltIn">
<msg time="2024-08-01T14:17:48.563161" level="INFO">{'gender': 'male', 'name': {'title': 'Mr', 'first': 'Eric', 'last': 'Williams'}, 'location': {'street': {'number': 9742, 'name': 'Highfield Road'}, 'city': 'Stevenage', 'state': 'Somerset', 'country': 'United Kingdom', 'postcode': 'P76 5BA', 'coordinates': {'latitude': '-6.1322', 'longitude': '-145.9373'}, 'timezone': {'offset': '+2:00', 'description': 'Kaliningrad, South Africa'}}, 'email': 'eric.williams@example.com', 'login': {'uuid': '4f8f4cc8-d6ad-4104-bf4a-48a74fd84943', 'username': 'crazymouse380', 'password': 'weston', 'salt': '2zNYfdpn', 'md5': '8c3835ccd960d156093f75895ef5c85b', 'sha1': '34624e1764efab387c10bd76fefacb3aa837f139', 'sha256': 'a8f20cd9b4aaaeeec1b409d8215837f46d47d4432988331ed1378cb489753dd1'}, 'dob': {'date': '1974-04-25T12:18:02.082Z', 'age': 50}, 'registered': {'date': '2015-08-13T02:28:09.409Z', 'age': 8}, 'phone': '015395 95935', 'cell': '07591 041704', 'id': {'name': 'NINO', 'value': 'SP 53 58 54 R'}, 'picture': {'large': 'https://randomuser.me/api/portraits/men/49.jpg', 'medium': 'https://randomuser.me/api/portraits/med/men/49.jpg', 'thumbnail': 'https://randomuser.me/api/portraits/thumb/men/49.jpg'}, 'nat': 'GB'}</msg>
<arg>${json_data['results'][0]}</arg>
<doc>Logs the given message with the given level.</doc>
<status status="PASS" start="2024-08-01T14:17:48.562811" elapsed="0.000408"/>
</kw>
<kw name="Log" owner="BuiltIn">
<msg time="2024-08-01T14:17:48.563646" level="INFO">login</msg>
<arg>${key}</arg>
<doc>Logs the given message with the given level.</doc>
<status status="PASS" start="2024-08-01T14:17:48.563515" elapsed="0.000170"/>
</kw>
<var name="${key}">login</var>
<status status="PASS" start="2024-08-01T14:17:48.562123" elapsed="0.001781"/>
</iter>
<var>${key}</var>
<value>@{expected_keys}</value>
<status status="PASS" start="2024-08-01T14:17:48.553735" elapsed="0.010297"/>
</for>
<kw name="Create List" owner="BuiltIn">
<msg time="2024-08-01T14:17:48.564362" level="INFO">${expected_keysTwo} = ['username', 'password']</msg>
<var>${expected_keysTwo}</var>
<arg>username</arg>
<arg>password</arg>
<doc>Returns a list containing given items.</doc>
<status status="PASS" start="2024-08-01T14:17:48.564225" elapsed="0.000212"/>
</kw>
<for flavor="IN">
<iter>
<kw name="Dictionary Should Contain Key" owner="Collections">
<arg>${json_data['results'][0]['login']}</arg>
<arg>${keyTwo}</arg>
<doc>Fails if ``key`` is not found from ``dictionary``.</doc>
<status status="PASS" start="2024-08-01T14:17:48.564962" elapsed="0.000387"/>
</kw>
<kw name="Dictionary Should Contain Key" owner="Collections">
<arg>${json_data['results'][0]['login']}</arg>
<arg>${keyTwo}</arg>
<doc>Fails if ``key`` is not found from ``dictionary``.</doc>
<status status="PASS" start="2024-08-01T14:17:48.565530" elapsed="0.000377"/>
</kw>
<kw name="Log" owner="BuiltIn">
<msg time="2024-08-01T14:17:48.566205" level="INFO">username</msg>
<arg>${keyTwo}</arg>
<doc>Logs the given message with the given level.</doc>
<status status="PASS" start="2024-08-01T14:17:48.566085" elapsed="0.000158"/>
</kw>
<var name="${keyTwo}">username</var>
<status status="PASS" start="2024-08-01T14:17:48.564854" elapsed="0.001615"/>
</iter>
<iter>
<kw name="Dictionary Should Contain Key" owner="Collections">
<arg>${json_data['results'][0]['login']}</arg>
<arg>${keyTwo}</arg>
<doc>Fails if ``key`` is not found from ``dictionary``.</doc>
<status status="PASS" start="2024-08-01T14:17:48.566756" elapsed="0.000378"/>
</kw>
<kw name="Dictionary Should Contain Key" owner="Collections">
<arg>${json_data['results'][0]['login']}</arg>
<arg>${keyTwo}</arg>
<doc>Fails if ``key`` is not found from ``dictionary``.</doc>
<status status="PASS" start="2024-08-01T14:17:48.567312" elapsed="0.000368"/>
</kw>
<kw name="Log" owner="BuiltIn">
<msg time="2024-08-01T14:17:48.567978" level="INFO">password</msg>
<arg>${keyTwo}</arg>
<doc>Logs the given message with the given level.</doc>
<status status="PASS" start="2024-08-01T14:17:48.567853" elapsed="0.000163"/>
</kw>
<var name="${keyTwo}">password</var>
<status status="PASS" start="2024-08-01T14:17:48.566645" elapsed="0.001592"/>
</iter>
<var>${keyTwo}</var>
<value>@{expected_keysTwo}</value>
<status status="PASS" start="2024-08-01T14:17:48.564692" elapsed="0.003667"/>
</for>
<status status="PASS" start="2024-08-01T14:17:48.494900" elapsed="0.073630"/>
</kw>
<doc>Testa a estrutura da resposta da API.</doc>
<tag>testeEstruturaResposta</tag>
<status status="PASS" start="2024-08-01T14:17:48.494266" elapsed="0.074416"/>
</test>
<test id="s1-s1-t4" name="Validar tipos de dados" line="28">
<kw name="Teste de Tipos de Dados" owner="random-user-service">
<kw name="GET On Session" owner="RequestsLibrary">
<msg time="2024-08-01T14:17:48.704949" level="INFO">GET Request : url=https://randomuser.me/api 
 path_url=/api 
 headers={'User-Agent': 'python-requests/2.32.3', 'Accept-Encoding': 'gzip, deflate', 'Accept': '*/*', 'Connection': 'keep-alive'} 
 body=None 
 </msg>
<msg time="2024-08-01T14:17:48.705020" level="INFO">GET Response : url=https://randomuser.me/api 
 status=200, reason=OK 
 headers={'Date': 'Thu, 01 Aug 2024 14:17:48 GMT', 'Content-Type': 'application/json; charset=utf-8', 'Transfer-Encoding': 'chunked', 'Connection': 'keep-alive', 'X-Powered-By': 'Express', 'Access-Control-Allow-Origin': '*', 'Cache-Control': 'no-cache', 'ETag': 'W/"49c-8uI9c2fi/qtjxZntutzXmtf7bhk"', 'Vary': 'Accept-Encoding', 'Content-Encoding': 'gzip', 'CF-Cache-Status': 'DYNAMIC', 'Report-To': '{"endpoints":[{"url":"https:\\/\\/a.nel.cloudflare.com\\/report\\/v4?s=gjEODzOJ3tgD5T3tRMZr%2FzmyHabI%2B%2BieFccjvh47dCW8HdT24AK1EEux6P%2BxKQfKEusml%2FgfABq3FUsH4ud87u0wsduWLw0heg091NFxi1E2wWY4y%2BRA9pMMB7%2BJn3A2"}],"group":"cf-nel","max_age":604800}', 'NEL': '{"success_fraction":0,"report_to":"cf-nel","max_age":604800}', 'Server': 'cloudflare', 'CF-RAY': '8ac6742e991c6197-ORD', 'alt-svc': 'h3=":443"; ma=86400'} 
 body={"results":[{"gender":"female","name":{"title":"Mrs","first":"Bowien","last":"Van der Loop"},"location":{"street":{"number":952,"name":"Korte Dorpsstraat"},"city":"Leidschendam","state":"Utrecht","country":"Netherlands","postcode":"9022 SD","coordinates":{"latitude":"36.4723","longitude":"4.3157"},"timezone":{"offset":"+6:00","description":"Almaty, Dhaka, Colombo"}},"email":"bowien.vanderloop@example.com","login":{"uuid":"1c7c1f7c-c371-4e89-9b59-92da05955526","username":"organicmeercat240","password":"fatty","salt":"mCg4HMKS","md5":"000be0408cc6cfe684a51efa2f84769f","sha1":"2e50c0702fbc7b6109b5c5eb5bacc677fe07d9ed","sha256":"3d5c7932ddb381b536a0cb1ff1004e4bbe95c958868451abb6097a94453564a1"},"dob":{"date":"1991-12-28T20:13:49.573Z","age":32},"registered":{"date":"2015-05-23T13:43:52.510Z","age":9},"phone":"(0384) 655673","cell":"(06) 15334394","id":{"name":"BSN","value":"15469157"},"picture":{"large":"https://randomuser.me/api/portraits/women/2.jpg","medium":"https://randomuser.me/api/portraits/med/women/2.jpg","thumbnail":"https://randomuser.me/api/portraits/thumb/women/2.jpg"},"nat":"NL"}],"info":{"seed":"e3be8c9594124691","results":1,"page":1,"version":"1.4"}} 
 </msg>
<msg time="2024-08-01T14:17:48.705081" level="INFO">/opt/hostedtoolcache/Python/3.12.4/x64/lib/python3.12/site-packages/urllib3/connectionpool.py:1099: InsecureRequestWarning: Unverified HTTPS request is being made to host 'randomuser.me'. Adding certificate verification is strongly advised. See: https://urllib3.readthedocs.io/en/latest/advanced-usage.html#tls-warnings
  warnings.warn(</msg>
<msg time="2024-08-01T14:17:48.705177" level="INFO">${response} = &lt;Response [200]&gt;</msg>
<var>${response}</var>
<arg>consultarAPI</arg>
<arg>/api</arg>
<doc>Sends a GET request on a previously created HTTP Session.</doc>
<status status="PASS" start="2024-08-01T14:17:48.571207" elapsed="0.134013"/>
</kw>
<kw name="Set Variable" owner="BuiltIn">
<msg time="2024-08-01T14:17:48.706314" level="INFO">${json_data} = {'results': [{'gender': 'female', 'name': {'title': 'Mrs', 'first': 'Bowien', 'last': 'Van der Loop'}, 'location': {'street': {'number': 952, 'name': 'Korte Dorpsstraat'}, 'city': 'Leidschendam', 'sta...</msg>
<var>${json_data}</var>
<arg>${response.json()}</arg>
<doc>Returns the given values which can then be assigned to a variables.</doc>
<status status="PASS" start="2024-08-01T14:17:48.705714" elapsed="0.000629"/>
</kw>
<kw name="Log" owner="BuiltIn">
<msg time="2024-08-01T14:17:48.706829" level="INFO">{'results': [{'gender': 'female', 'name': {'title': 'Mrs', 'first': 'Bowien', 'last': 'Van der Loop'}, 'location': {'street': {'number': 952, 'name': 'Korte Dorpsstraat'}, 'city': 'Leidschendam', 'state': 'Utrecht', 'country': 'Netherlands', 'postcode': '9022 SD', 'coordinates': {'latitude': '36.4723', 'longitude': '4.3157'}, 'timezone': {'offset': '+6:00', 'description': 'Almaty, Dhaka, Colombo'}}, 'email': 'bowien.vanderloop@example.com', 'login': {'uuid': '1c7c1f7c-c371-4e89-9b59-92da05955526', 'username': 'organicmeercat240', 'password': 'fatty', 'salt': 'mCg4HMKS', 'md5': '000be0408cc6cfe684a51efa2f84769f', 'sha1': '2e50c0702fbc7b6109b5c5eb5bacc677fe07d9ed', 'sha256': '3d5c7932ddb381b536a0cb1ff1004e4bbe95c958868451abb6097a94453564a1'}, 'dob': {'date': '1991-12-28T20:13:49.573Z', 'age': 32}, 'registered': {'date': '2015-05-23T13:43:52.510Z', 'age': 9}, 'phone': '(0384) 655673', 'cell': '(06) 15334394', 'id': {'name': 'BSN', 'value': '15469157'}, 'picture': {'large': 'https://randomuser.me/api/portraits/women/2.jpg', 'medium': 'https://randomuser.me/api/portraits/med/women/2.jpg', 'thumbnail': 'https://randomuser.me/api/portraits/thumb/women/2.jpg'}, 'nat': 'NL'}], 'info': {'seed': 'e3be8c9594124691', 'results': 1, 'page': 1, 'version': '1.4'}}</msg>
<arg>${json_data}</arg>
<doc>Logs the given message with the given level.</doc>
<status status="PASS" start="2024-08-01T14:17:48.706659" elapsed="0.000219"/>
</kw>
<kw name="Should Be String" owner="String">
<arg>${json_data['results'][0]['gender']}</arg>
<doc>Fails if the given ``item`` is not a string.</doc>
<status status="PASS" start="2024-08-01T14:17:48.707186" elapsed="0.000376"/>
</kw>
<kw name="Should Match Regexp" owner="BuiltIn">
<arg>${json_data['results'][0]['email']}</arg>
<arg>^[a-zA-Z0-9._%+-]+@[a-zA-Z0-9.-]+\.[a-zA-Z]{2,}$</arg>
<doc>Fails if ``string`` does not match ``pattern`` as a regular expression.</doc>
<status status="PASS" start="2024-08-01T14:17:48.707765" elapsed="0.000569"/>
</kw>
<kw name="Should Match Regexp" owner="BuiltIn">
<arg>${json_data['results'][0]['dob']['date']}</arg>
<arg>\\d{4}-\\d{2}-\\d{2}T\\d{2}:\\d{2}:\\d{2}\\.\\d{3}Z</arg>
<doc>Fails if ``string`` does not match ``pattern`` as a regular expression.</doc>
<status status="PASS" start="2024-08-01T14:17:48.708584" elapsed="0.000605"/>
</kw>
<kw name="Should Match Regexp" owner="BuiltIn">
<arg>${json_data['results'][0]['registered']['date']}</arg>
<arg>\\d{4}-\\d{2}-\\d{2}T\\d{2}:\\d{2}:\\d{2}\\.\\d{3}Z</arg>
<doc>Fails if ``string`` does not match ``pattern`` as a regular expression.</doc>
<status status="PASS" start="2024-08-01T14:17:48.709387" elapsed="0.000377"/>
</kw>
<kw name="Should Match Regexp" owner="BuiltIn">
<arg>${json_data['results'][0]['picture']['large']}</arg>
<arg>^https?://.*\.(?:png|jpe?g|gif|bmp)$</arg>
<doc>Fails if ``string`` does not match ``pattern`` as a regular expression.</doc>
<status status="PASS" start="2024-08-01T14:17:48.709955" elapsed="0.000465"/>
</kw>
<kw name="Should Match Regexp" owner="BuiltIn">
<arg>${json_data['results'][0]['picture']['medium']}</arg>
<arg>^https?://.*\.(?:png|jpe?g|gif|bmp)$</arg>
<doc>Fails if ``string`` does not match ``pattern`` as a regular expression.</doc>
<status status="PASS" start="2024-08-01T14:17:48.710613" elapsed="0.000369"/>
</kw>
<kw name="Should Match Regexp" owner="BuiltIn">
<arg>${json_data['results'][0]['picture']['thumbnail']}</arg>
<arg>^https?://.*\.(?:png|jpe?g|gif|bmp)$</arg>
<doc>Fails if ``string`` does not match ``pattern`` as a regular expression.</doc>
<status status="PASS" start="2024-08-01T14:17:48.711169" elapsed="0.000353"/>
</kw>
<kw name="Log" owner="BuiltIn">
<msg time="2024-08-01T14:17:48.712032" level="INFO">{'large': 'https://randomuser.me/api/portraits/women/2.jpg', 'medium': 'https://randomuser.me/api/portraits/med/women/2.jpg', 'thumbnail': 'https://randomuser.me/api/portraits/thumb/women/2.jpg'}</msg>
<arg>${json_data['results'][0]['picture']}</arg>
<doc>Logs the given message with the given level.</doc>
<status status="PASS" start="2024-08-01T14:17:48.711705" elapsed="0.000370"/>
</kw>
<status status="PASS" start="2024-08-01T14:17:48.570983" elapsed="0.141354"/>
</kw>
<kw name="Teste de Tipos de Dados - Postcode" owner="random-user-service">
<kw name="GET On Session" owner="RequestsLibrary">
<msg time="2024-08-01T14:17:48.817706" level="INFO">GET Request : url=https://randomuser.me/api 
 path_url=/api 
 headers={'User-Agent': 'python-requests/2.32.3', 'Accept-Encoding': 'gzip, deflate', 'Accept': '*/*', 'Connection': 'keep-alive'} 
 body=None 
 </msg>
<msg time="2024-08-01T14:17:48.817793" level="INFO">GET Response : url=https://randomuser.me/api 
 status=200, reason=OK 
 headers={'Date': 'Thu, 01 Aug 2024 14:17:48 GMT', 'Content-Type': 'application/json; charset=utf-8', 'Transfer-Encoding': 'chunked', 'Connection': 'keep-alive', 'X-Powered-By': 'Express', 'Access-Control-Allow-Origin': '*', 'Cache-Control': 'no-cache', 'ETag': 'W/"4a9-T3+GCDL1VnekznklX62JEW1FUmU"', 'Vary': 'Accept-Encoding', 'Content-Encoding': 'gzip', 'CF-Cache-Status': 'DYNAMIC', 'Report-To': '{"endpoints":[{"url":"https:\\/\\/a.nel.cloudflare.com\\/report\\/v4?s=5GPh%2B8aht3lrlCaUviWw40fkIMi77VrEiVCSvWC8zeyqGXwG36HzMLOJJ7QBzKIVha%2Fu1tTh2yGLDYF%2FDWGqajF7fTyP7dYuXWD%2F9WsLrhFSt%2BH7OzYVBtDvax5l2iQH"}],"group":"cf-nel","max_age":604800}', 'NEL': '{"success_fraction":0,"report_to":"cf-nel","max_age":604800}', 'Server': 'cloudflare', 'CF-RAY': '8ac6742f7a396197-ORD', 'alt-svc': 'h3=":443"; ma=86400'} 
 body={"results":[{"gender":"female","name":{"title":"Miss","first":"Inamar","last":"Almeida"},"location":{"street":{"number":1784,"name":"Rua Bela Vista "},"city":"Jaboatão dos Guararapes","state":"Paraíba","country":"Brazil","postcode":38601,"coordinates":{"latitude":"-73.1413","longitude":"157.2216"},"timezone":{"offset":"-3:00","description":"Brazil, Buenos Aires, Georgetown"}},"email":"inamar.almeida@example.com","login":{"uuid":"60252278-5488-43b2-920a-603b6cb1cb12","username":"redkoala129","password":"1991","salt":"qIIlQkLk","md5":"f3ef21a3ec35a0b0df636f741d92217d","sha1":"49c1aee8ca3280e3c3d817f9de57500f2a561ec7","sha256":"9140b8715552271da2dbb4b5381a841d8736201189b308277cfb1467db7f0bcc"},"dob":{"date":"1956-02-19T11:53:27.495Z","age":68},"registered":{"date":"2016-02-18T01:32:42.998Z","age":8},"phone":"(76) 1771-1937","cell":"(57) 3443-9278","id":{"name":"CPF","value":"905.850.244-03"},"picture":{"large":"https://randomuser.me/api/portraits/women/40.jpg","medium":"https://randomuser.me/api/portraits/med/women/40.jpg","thumbnail":"https://randomuser.me/api/portraits/thumb/women/40.jpg"},"nat":"BR"}],"info":{"seed":"67776577d5e7e164","results":1,"page":1,"version":"1.4"}} 
 </msg>
<msg time="2024-08-01T14:17:48.817871" level="INFO">/opt/hostedtoolcache/Python/3.12.4/x64/lib/python3.12/site-packages/urllib3/connectionpool.py:1099: InsecureRequestWarning: Unverified HTTPS request is being made to host 'randomuser.me'. Adding certificate verification is strongly advised. See: https://urllib3.readthedocs.io/en/latest/advanced-usage.html#tls-warnings
  warnings.warn(</msg>
<msg time="2024-08-01T14:17:48.817991" level="INFO">${response} = &lt;Response [200]&gt;</msg>
<var>${response}</var>
<arg>consultarAPI</arg>
<arg>/api</arg>
<doc>Sends a GET request on a previously created HTTP Session.</doc>
<status status="PASS" start="2024-08-01T14:17:48.712810" elapsed="0.105240"/>
</kw>
<kw name="Set Variable" owner="BuiltIn">
<msg time="2024-08-01T14:17:48.819139" level="INFO">${json_data} = {'results': [{'gender': 'female', 'name': {'title': 'Miss', 'first': 'Inamar', 'last': 'Almeida'}, 'location': {'street': {'number': 1784, 'name': 'Rua Bela Vista '}, 'city': 'Jaboatão dos Guararapes'...</msg>
<var>${json_data}</var>
<arg>${response.json()}</arg>
<doc>Returns the given values which can then be assigned to a variables.</doc>
<status status="PASS" start="2024-08-01T14:17:48.818534" elapsed="0.000636"/>
</kw>
<kw name="Log" owner="BuiltIn">
<msg time="2024-08-01T14:17:48.819648" level="INFO">{'results': [{'gender': 'female', 'name': {'title': 'Miss', 'first': 'Inamar', 'last': 'Almeida'}, 'location': {'street': {'number': 1784, 'name': 'Rua Bela Vista '}, 'city': 'Jaboatão dos Guararapes', 'state': 'Paraíba', 'country': 'Brazil', 'postcode': 38601, 'coordinates': {'latitude': '-73.1413', 'longitude': '157.2216'}, 'timezone': {'offset': '-3:00', 'description': 'Brazil, Buenos Aires, Georgetown'}}, 'email': 'inamar.almeida@example.com', 'login': {'uuid': '60252278-5488-43b2-920a-603b6cb1cb12', 'username': 'redkoala129', 'password': '1991', 'salt': 'qIIlQkLk', 'md5': 'f3ef21a3ec35a0b0df636f741d92217d', 'sha1': '49c1aee8ca3280e3c3d817f9de57500f2a561ec7', 'sha256': '9140b8715552271da2dbb4b5381a841d8736201189b308277cfb1467db7f0bcc'}, 'dob': {'date': '1956-02-19T11:53:27.495Z', 'age': 68}, 'registered': {'date': '2016-02-18T01:32:42.998Z', 'age': 8}, 'phone': '(76) 1771-1937', 'cell': '(57) 3443-9278', 'id': {'name': 'CPF', 'value': '905.850.244-03'}, 'picture': {'large': 'https://randomuser.me/api/portraits/women/40.jpg', 'medium': 'https://randomuser.me/api/portraits/med/women/40.jpg', 'thumbnail': 'https://randomuser.me/api/portraits/thumb/women/40.jpg'}, 'nat': 'BR'}], 'info': {'seed': '67776577d5e7e164', 'results': 1, 'page': 1, 'version': '1.4'}}</msg>
<arg>${json_data}</arg>
<doc>Logs the given message with the given level.</doc>
<status status="PASS" start="2024-08-01T14:17:48.819487" elapsed="0.000212"/>
</kw>
<kw name="Should Be Equal As Numbers" owner="BuiltIn">
<arg>${json_data['results'][0]['location']['postcode']}</arg>
<arg>${json_data['results'][0]['location']['postcode']}</arg>
<doc>Fails if objects are unequal after converting them to real numbers.</doc>
<status status="PASS" start="2024-08-01T14:17:48.819999" elapsed="0.000689"/>
</kw>
<kw name="Log" owner="BuiltIn">
<msg time="2024-08-01T14:17:48.821272" level="INFO">38601</msg>
<arg>${json_data['results'][0]['location']['postcode']}</arg>
<doc>Logs the given message with the given level.</doc>
<status status="PASS" start="2024-08-01T14:17:48.820891" elapsed="0.000424"/>
</kw>
<status status="PASS" start="2024-08-01T14:17:48.712586" elapsed="0.108988"/>
</kw>
<doc>Testa se os tipos de dados na resposta da API estão corretos.</doc>
<tag>testeTiposDados</tag>
<status status="PASS" start="2024-08-01T14:17:48.570428" elapsed="0.251312"/>
</test>
<test id="s1-s1-t5" name="Validar conteudo" line="35">
<kw name="Teste de Tipos de Conteudo" owner="random-user-service">
<kw name="GET On Session" owner="RequestsLibrary">
<msg time="2024-08-01T14:17:48.884501" level="INFO">GET Request : url=https://randomuser.me/api 
 path_url=/api 
 headers={'User-Agent': 'python-requests/2.32.3', 'Accept-Encoding': 'gzip, deflate', 'Accept': '*/*', 'Connection': 'keep-alive'} 
 body=None 
 </msg>
<msg time="2024-08-01T14:17:48.884587" level="INFO">GET Response : url=https://randomuser.me/api 
 status=200, reason=OK 
 headers={'Date': 'Thu, 01 Aug 2024 14:17:48 GMT', 'Content-Type': 'application/json; charset=utf-8', 'Transfer-Encoding': 'chunked', 'Connection': 'keep-alive', 'X-Powered-By': 'Express', 'Access-Control-Allow-Origin': '*', 'Cache-Control': 'no-cache', 'ETag': 'W/"4a7-FGAXNcRZ5B4UjlDjLow5hBGMmFo"', 'Vary': 'Accept-Encoding', 'Content-Encoding': 'gzip', 'CF-Cache-Status': 'DYNAMIC', 'Report-To': '{"endpoints":[{"url":"https:\\/\\/a.nel.cloudflare.com\\/report\\/v4?s=yNgLKboc7Nkqo9oz5BbxJQ4Y7btISuPbIkmAv6RJ%2BhtNTETOuPRQGNUmWZIfW3q70HfrJ4uJCevgra9WZQHbnJbGHufHtTt8JA18%2B5TMM62V%2FYZxGRSz9cABJ7cCgoLj"}],"group":"cf-nel","max_age":604800}', 'NEL': '{"success_fraction":0,"report_to":"cf-nel","max_age":604800}', 'Server': 'cloudflare', 'CF-RAY': '8ac674302b3e6197-ORD', 'alt-svc': 'h3=":443"; ma=86400'} 
 body={"results":[{"gender":"female","name":{"title":"Miss","first":"Marika","last":"Knopp"},"location":{"street":{"number":1017,"name":"Kirchstraße"},"city":"Nördlingen","state":"Schleswig-Holstein","country":"Germany","postcode":89047,"coordinates":{"latitude":"-49.9921","longitude":"106.9673"},"timezone":{"offset":"-5:00","description":"Eastern Time (US &amp; Canada), Bogota, Lima"}},"email":"marika.knopp@example.com","login":{"uuid":"b74318ae-eac7-45d1-a431-d39ca0adb82c","username":"bigswan278","password":"caught","salt":"NVEt3f5p","md5":"55e07c3b2d34dc230e15f558e8fc088e","sha1":"b5824cae93fe59bb3483914dd4a04e4b5c78c592","sha256":"8bc28ddb7963e6dbb9c85fe155547dc6e6221a93c7d9f8528134d367ad29f2fd"},"dob":{"date":"1979-07-16T14:29:18.569Z","age":45},"registered":{"date":"2017-12-16T12:43:11.616Z","age":6},"phone":"0068-6517711","cell":"0177-5628831","id":{"name":"SVNR","value":"56 160779 K 679"},"picture":{"large":"https://randomuser.me/api/portraits/women/63.jpg","medium":"https://randomuser.me/api/portraits/med/women/63.jpg","thumbnail":"https://randomuser.me/api/portraits/thumb/women/63.jpg"},"nat":"DE"}],"info":{"seed":"d2b8a9f0396d72c9","results":1,"page":1,"version":"1.4"}} 
 </msg>
<msg time="2024-08-01T14:17:48.884670" level="INFO">/opt/hostedtoolcache/Python/3.12.4/x64/lib/python3.12/site-packages/urllib3/connectionpool.py:1099: InsecureRequestWarning: Unverified HTTPS request is being made to host 'randomuser.me'. Adding certificate verification is strongly advised. See: https://urllib3.readthedocs.io/en/latest/advanced-usage.html#tls-warnings
  warnings.warn(</msg>
<msg time="2024-08-01T14:17:48.884786" level="INFO">${response} = &lt;Response [200]&gt;</msg>
<var>${response}</var>
<arg>consultarAPI</arg>
<arg>/api</arg>
<doc>Sends a GET request on a previously created HTTP Session.</doc>
<status status="PASS" start="2024-08-01T14:17:48.825015" elapsed="0.059816"/>
</kw>
<kw name="Set Variable" owner="BuiltIn">
<msg time="2024-08-01T14:17:48.885792" level="INFO">${json_data} = {'results': [{'gender': 'female', 'name': {'title': 'Miss', 'first': 'Marika', 'last': 'Knopp'}, 'location': {'street': {'number': 1017, 'name': 'Kirchstraße'}, 'city': 'Nördlingen', 'state': 'Schlesw...</msg>
<var>${json_data}</var>
<arg>${response.json()}</arg>
<doc>Returns the given values which can then be assigned to a variables.</doc>
<status status="PASS" start="2024-08-01T14:17:48.885319" elapsed="0.000505"/>
</kw>
<kw name="Set Variable" owner="BuiltIn">
<msg time="2024-08-01T14:17:48.886540" level="INFO">${name_title} = Miss</msg>
<var>${name_title}</var>
<arg>${json_data["results"][0]["name"]["title"]}</arg>
<doc>Returns the given values which can then be assigned to a variables.</doc>
<status status="PASS" start="2024-08-01T14:17:48.886141" elapsed="0.000426"/>
</kw>
<kw name="Create List" owner="BuiltIn">
<msg time="2024-08-01T14:17:48.887023" level="INFO">${allowed_titles} = ['Mr', 'Ms', 'Miss', 'Mrs', 'Madame', 'Monsieur']</msg>
<var>${allowed_titles}</var>
<arg>Mr</arg>
<arg>Ms</arg>
<arg>Miss</arg>
<arg>Mrs</arg>
<arg>Madame</arg>
<arg>Monsieur</arg>
<doc>Returns a list containing given items.</doc>
<status status="PASS" start="2024-08-01T14:17:48.886868" elapsed="0.000180"/>
</kw>
<kw name="List Should Contain Value" owner="Collections">
<arg>${allowed_titles}</arg>
<arg>${name_title}</arg>
<doc>Fails if the ``value`` is not found from ``list``.</doc>
<status status="PASS" start="2024-08-01T14:17:48.887353" elapsed="0.000186"/>
</kw>
<kw name="Set Variable" owner="BuiltIn">
<msg time="2024-08-01T14:17:48.888107" level="INFO">${name_country} = DE</msg>
<var>${name_country}</var>
<arg>${json_data["results"][0]["nat"]}</arg>
<doc>Returns the given values which can then be assigned to a variables.</doc>
<status status="PASS" start="2024-08-01T14:17:48.887725" elapsed="0.000416"/>
</kw>
<kw name="Create List" owner="BuiltIn">
<msg time="2024-08-01T14:17:48.889088" level="INFO">${list_country} = ['AD', 'AE', 'AF', 'AG', 'AI', 'AL', 'AM', 'AO', 'AQ', 'AR', 'AS', 'AT', 'AU', 'AW', 'AX', 'AZ', 'BA', 'BB', 'BD', 'BE', 'BF', 'BG', 'BH', 'BI', 'BJ', 'BL', 'BM', 'BN', 'BO', 'BQ', 'BR', 'BS', 'BT', '...</msg>
<var>${list_country}</var>
<arg>AD</arg>
<arg>AE</arg>
<arg>AF</arg>
<arg>AG</arg>
<arg>AI</arg>
<arg>AL</arg>
<arg>AM</arg>
<arg>AO</arg>
<arg>AQ</arg>
<arg>AR</arg>
<arg>AS</arg>
<arg>AT</arg>
<arg>AU</arg>
<arg>AW</arg>
<arg>AX</arg>
<arg>AZ</arg>
<arg>BA</arg>
<arg>BB</arg>
<arg>BD</arg>
<arg>BE</arg>
<arg>BF</arg>
<arg>BG</arg>
<arg>BH</arg>
<arg>BI</arg>
<arg>BJ</arg>
<arg>BL</arg>
<arg>BM</arg>
<arg>BN</arg>
<arg>BO</arg>
<arg>BQ</arg>
<arg>BR</arg>
<arg>BS</arg>
<arg>BT</arg>
<arg>BV</arg>
<arg>BW</arg>
<arg>BY</arg>
<arg>BZ</arg>
<arg>CA</arg>
<arg>CC</arg>
<arg>CD</arg>
<arg>CF</arg>
<arg>CG</arg>
<arg>CH</arg>
<arg>CI</arg>
<arg>CK</arg>
<arg>CL</arg>
<arg>CM</arg>
<arg>CN</arg>
<arg>CO</arg>
<arg>CR</arg>
<arg>CU</arg>
<arg>CV</arg>
<arg>CW</arg>
<arg>CX</arg>
<arg>CY</arg>
<arg>CZ</arg>
<arg>DE</arg>
<arg>DJ</arg>
<arg>DK</arg>
<arg>DM</arg>
<arg>DO</arg>
<arg>DZ</arg>
<arg>EC</arg>
<arg>EE</arg>
<arg>EG</arg>
<arg>EH</arg>
<arg>ER</arg>
<arg>ES</arg>
<arg>ET</arg>
<arg>FI</arg>
<arg>FJ</arg>
<arg>FK</arg>
<arg>FM</arg>
<arg>FO</arg>
<arg>FR</arg>
<arg>GA</arg>
<arg>GB</arg>
<arg>GD</arg>
<arg>GE</arg>
<arg>GF</arg>
<arg>GG</arg>
<arg>GH</arg>
<arg>GI</arg>
<arg>GL</arg>
<arg>GM</arg>
<arg>GN</arg>
<arg>GP</arg>
<arg>GQ</arg>
<arg>GR</arg>
<arg>GS</arg>
<arg>GT</arg>
<arg>GU</arg>
<arg>GW</arg>
<arg>GY</arg>
<arg>HK</arg>
<arg>HM</arg>
<arg>HN</arg>
<arg>HR</arg>
<arg>HT</arg>
<arg>HU</arg>
<arg>ID</arg>
<arg>IE</arg>
<arg>IL</arg>
<arg>IM</arg>
<arg>IN</arg>
<arg>IO</arg>
<arg>IQ</arg>
<arg>IR</arg>
<arg>IS</arg>
<arg>IT</arg>
<arg>JE</arg>
<arg>JM</arg>
<arg>JO</arg>
<arg>JP</arg>
<arg>KE</arg>
<arg>KG</arg>
<arg>KH</arg>
<arg>KI</arg>
<arg>KM</arg>
<arg>KN</arg>
<arg>KP</arg>
<arg>KR</arg>
<arg>KW</arg>
<arg>KY</arg>
<arg>KZ</arg>
<arg>LA</arg>
<arg>LB</arg>
<arg>LC</arg>
<arg>LI</arg>
<arg>LK</arg>
<arg>LR</arg>
<arg>LS</arg>
<arg>LT</arg>
<arg>LU</arg>
<arg>LV</arg>
<arg>LY</arg>
<arg>MA</arg>
<arg>MC</arg>
<arg>MD</arg>
<arg>ME</arg>
<arg>MF</arg>
<arg>MG</arg>
<arg>MH</arg>
<arg>MK</arg>
<arg>ML</arg>
<arg>MM</arg>
<arg>MN</arg>
<arg>MO</arg>
<arg>MP</arg>
<arg>MQ</arg>
<arg>MR</arg>
<arg>MS</arg>
<arg>MT</arg>
<arg>MU</arg>
<arg>MV</arg>
<arg>MW</arg>
<arg>MX</arg>
<arg>MY</arg>
<arg>MZ</arg>
<arg>NA</arg>
<arg>NC</arg>
<arg>NE</arg>
<arg>NF</arg>
<arg>NG</arg>
<arg>NI</arg>
<arg>NL</arg>
<arg>NO</arg>
<arg>NP</arg>
<arg>NR</arg>
<arg>NU</arg>
<arg>NZ</arg>
<arg>OM</arg>
<arg>PA</arg>
<arg>PE</arg>
<arg>PF</arg>
<arg>PG</arg>
<arg>PH</arg>
<arg>PK</arg>
<arg>PL</arg>
<arg>PM</arg>
<arg>PN</arg>
<arg>PR</arg>
<arg>PS</arg>
<arg>PT</arg>
<arg>PW</arg>
<arg>PY</arg>
<arg>QA</arg>
<arg>RE</arg>
<arg>RO</arg>
<arg>RS</arg>
<arg>RU</arg>
<arg>RW</arg>
<arg>SA</arg>
<arg>SB</arg>
<arg>SC</arg>
<arg>SD</arg>
<arg>SE</arg>
<arg>SG</arg>
<arg>SH</arg>
<arg>SI</arg>
<arg>SJ</arg>
<arg>SK</arg>
<arg>SL</arg>
<arg>SM</arg>
<arg>SN</arg>
<arg>SO</arg>
<arg>SR</arg>
<arg>SS</arg>
<arg>ST</arg>
<arg>SV</arg>
<arg>SX</arg>
<arg>SY</arg>
<arg>SZ</arg>
<arg>TC</arg>
<arg>TD</arg>
<arg>TF</arg>
<arg>TG</arg>
<arg>TH</arg>
<arg>TJ</arg>
<arg>TK</arg>
<arg>TL</arg>
<arg>TM</arg>
<arg>TN</arg>
<arg>TO</arg>
<arg>TR</arg>
<arg>TT</arg>
<arg>TV</arg>
<arg>TW</arg>
<arg>TZ</arg>
<arg>UA</arg>
<arg>UG</arg>
<arg>UM</arg>
<arg>US</arg>
<arg>UY</arg>
<arg>UZ</arg>
<arg>VA</arg>
<arg>VC</arg>
<arg>VE</arg>
<arg>VG</arg>
<arg>VI</arg>
<arg>VN</arg>
<arg>VU</arg>
<arg>WF</arg>
<arg>WS</arg>
<arg>XK</arg>
<arg>YE</arg>
<arg>YT</arg>
<arg>ZA</arg>
<arg>ZM</arg>
<arg>ZW</arg>
<doc>Returns a list containing given items.</doc>
<status status="PASS" start="2024-08-01T14:17:48.888487" elapsed="0.000635"/>
</kw>
<kw name="List Should Contain Value" owner="Collections">
<arg>${list_country}</arg>
<arg>${name_country}</arg>
<doc>Fails if the ``value`` is not found from ``list``.</doc>
<status status="PASS" start="2024-08-01T14:17:48.890066" elapsed="0.000225"/>
</kw>
<kw name="Run Keyword If" owner="BuiltIn">
<kw name="Should Be True" owner="BuiltIn">
<arg>${True}</arg>
<doc>Fails if the given condition is not true.</doc>
<status status="PASS" start="2024-08-01T14:17:48.891246" elapsed="0.000149"/>
</kw>
<arg>${json_data["results"][0]["location"]["coordinates"]["latitude"]} &gt;= -90 and ${json_data["results"][0]["location"]["coordinates"]["latitude"]} &lt;= 90</arg>
<arg>Should Be True</arg>
<arg>${True}</arg>
<doc>Runs the given keyword with the given arguments, if ``condition`` is true.</doc>
<status status="PASS" start="2024-08-01T14:17:48.890493" elapsed="0.001030"/>
</kw>
<kw name="Run Keyword If" owner="BuiltIn">
<kw name="Should Be True" owner="BuiltIn">
<arg>${True}</arg>
<doc>Fails if the given condition is not true.</doc>
<status status="PASS" start="2024-08-01T14:17:48.892439" elapsed="0.000162"/>
</kw>
<arg>${json_data["results"][0]["location"]["coordinates"]["longitude"]} &gt;= -180 and ${json_data["results"][0]["location"]["coordinates"]["longitude"]} &lt;= 180</arg>
<arg>Should Be True</arg>
<arg>${True}</arg>
<doc>Runs the given keyword with the given arguments, if ``condition`` is true.</doc>
<status status="PASS" start="2024-08-01T14:17:48.891708" elapsed="0.001018"/>
</kw>
<status status="PASS" start="2024-08-01T14:17:48.824647" elapsed="0.068206"/>
</kw>
<doc>Testa o conteúdo específico dos campos retornados pela API.</doc>
<tag>testeConteudo</tag>
<status status="PASS" start="2024-08-01T14:17:48.823916" elapsed="0.069081"/>
</test>
<status status="PASS" start="2024-08-01T14:17:47.920935" elapsed="0.973937"/>
</suite>
<status status="PASS" start="2024-08-01T14:17:47.906652" elapsed="0.993311"/>
</suite>
<statistics>
<total>
<stat pass="5" fail="0" skip="0">All Tests</stat>
</total>
<tag>
<stat pass="1" fail="0" skip="0">testeConteudo</stat>
<stat pass="1" fail="0" skip="0">testeEstruturaResposta</stat>
<stat pass="1" fail="0" skip="0">testeRequisicaoBasica</stat>
<stat pass="1" fail="0" skip="0">testeTiposDados</stat>
</tag>
<suite>
<stat pass="5" fail="0" skip="0" id="s1" name="Tests">Tests</stat>
<stat pass="5" fail="0" skip="0" id="s1-s1" name="Random-User-Test">Tests.Random-User-Test</stat>
</suite>
</statistics>
<errors>
</errors>
</robot>
