<?xml version="1.0" encoding="UTF-8"?>
<robot generator="Robot 7.0.1 (Python 3.12.4 on linux)" generated="2024-06-23T03:16:14.058199" rpa="false" schemaversion="5">
<suite id="s1" name="Tests" source="/home/runner/work/ApiRandomUser/ApiRandomUser/RamdonUser/tests">
<suite id="s1-s1" name="Random-User-Test" source="/home/runner/work/ApiRandomUser/ApiRandomUser/RamdonUser/tests/random-user-test.robot">
<test id="s1-s1-t1" name="Conectar" line="13">
<kw name="Conectar API" owner="random-user-service">
<kw name="Create Session" owner="RequestsLibrary">
<msg time="2024-06-23T03:16:14.468688" level="INFO">Creating Session using : alias=consultarAPI, url=https://randomuser.me/, headers={},                     cookies={}, auth=None, timeout=None, proxies=None, verify=False,                     debug=0 </msg>
<arg>consultarAPI</arg>
<arg>${URL}</arg>
<doc>Create Session: create a HTTP session to a server</doc>
<status status="PASS" start="2024-06-23T03:16:14.468471" elapsed="0.000412"/>
</kw>
<status status="PASS" start="2024-06-23T03:16:14.467473" elapsed="0.001833"/>
</kw>
<status status="PASS" start="2024-06-23T03:16:14.466886" elapsed="0.002621"/>
</test>
<test id="s1-s1-t2" name="Validar retorno 200 e JSON Válido" line="16">
<kw name="Teste de Requisicao Basica" owner="random-user-service">
<kw name="GET On Session" owner="RequestsLibrary">
<msg time="2024-06-23T03:16:14.642162" level="INFO">GET Request : url=https://randomuser.me/api 
 path_url=/api 
 headers={'User-Agent': 'python-requests/2.32.3', 'Accept-Encoding': 'gzip, deflate', 'Accept': '*/*', 'Connection': 'keep-alive'} 
 body=None 
 </msg>
<msg time="2024-06-23T03:16:14.642327" level="INFO">GET Response : url=https://randomuser.me/api 
 status=200, reason=OK 
 headers={'Date': 'Sun, 23 Jun 2024 03:16:14 GMT', 'Content-Type': 'application/json; charset=utf-8', 'Transfer-Encoding': 'chunked', 'Connection': 'keep-alive', 'X-Powered-By': 'Express', 'Access-Control-Allow-Origin': '*', 'Cache-Control': 'no-cache', 'ETag': 'W/"46c-P6vXi1zxx19gMWHat9jNOmbeKYk"', 'Vary': 'Accept-Encoding', 'Content-Encoding': 'gzip', 'CF-Cache-Status': 'DYNAMIC', 'Report-To': '{"endpoints":[{"url":"https:\\/\\/a.nel.cloudflare.com\\/report\\/v4?s=o5E0u%2FMwaibLaOmipYbNFvzCsfdeSCpLW%2FZZ9%2BZ65ZBc2oozwKNSV6L%2BzhnSF3fwzKxM3nXn%2FbZAfziQDVI2T9DUNN7p64qYx3dFi%2BpTX3HXPnhoXMuHjUHF1l59hrUK"}],"group":"cf-nel","max_age":604800}', 'NEL': '{"success_fraction":0,"report_to":"cf-nel","max_age":604800}', 'Server': 'cloudflare', 'CF-RAY': '898151774fbc3880-IAD', 'alt-svc': 'h3=":443"; ma=86400'} 
 body={"results":[{"gender":"female","name":{"title":"Mrs","first":"Alla","last":"Lebid"},"location":{"street":{"number":1973,"name":"Novodarnicka"},"city":"Gayvoron","state":"Rivnenska","country":"Ukraine","postcode":72252,"coordinates":{"latitude":"80.5837","longitude":"170.3946"},"timezone":{"offset":"+5:45","description":"Kathmandu"}},"email":"alla.lebid@example.com","login":{"uuid":"077c3a3a-ba41-4f72-9824-0b7a71e0c4cc","username":"goldenbird774","password":"bessie","salt":"Ord8ElwH","md5":"ffbd3e8729ad163425e4e99bbddf2946","sha1":"36d95734ca7a0852427fe7c3750c8b4e98d4483e","sha256":"aedea4bcf47d20bfe4f35f4aca81edb68790fe3fa46a4fe6db8acf5be978d29b"},"dob":{"date":"1971-12-05T16:16:34.964Z","age":52},"registered":{"date":"2014-11-24T03:43:17.766Z","age":9},"phone":"(066) X08-2779","cell":"(097) Q78-7222","id":{"name":"","value":null},"picture":{"large":"https://randomuser.me/api/portraits/women/46.jpg","medium":"https://randomuser.me/api/portraits/med/women/46.jpg","thumbnail":"https://randomuser.me/api/portraits/thumb/women/46.jpg"},"nat":"UA"}],"info":{"seed":"4bf5f80021490fab","results":1,"page":1,"version":"1.4"}} 
 </msg>
<msg time="2024-06-23T03:16:14.642409" level="INFO">/opt/hostedtoolcache/Python/3.12.4/x64/lib/python3.12/site-packages/urllib3/connectionpool.py:1099: InsecureRequestWarning: Unverified HTTPS request is being made to host 'randomuser.me'. Adding certificate verification is strongly advised. See: https://urllib3.readthedocs.io/en/latest/advanced-usage.html#tls-warnings
  warnings.warn(</msg>
<msg time="2024-06-23T03:16:14.642556" level="INFO">${response} = &lt;Response [200]&gt;</msg>
<var>${response}</var>
<arg>consultarAPI</arg>
<arg>/api</arg>
<doc>Sends a GET request on a previously created HTTP Session.</doc>
<status status="PASS" start="2024-06-23T03:16:14.472136" elapsed="0.170463"/>
</kw>
<kw name="Should Be Equal As Numbers" owner="BuiltIn">
<msg time="2024-06-23T03:16:14.643798" level="INFO">Argument types are:
&lt;class 'int'&gt;
&lt;class 'str'&gt;</msg>
<arg>${response.status_code}</arg>
<arg>200</arg>
<doc>Fails if objects are unequal after converting them to real numbers.</doc>
<status status="PASS" start="2024-06-23T03:16:14.643294" elapsed="0.000571"/>
</kw>
<kw name="Log" owner="BuiltIn">
<msg time="2024-06-23T03:16:14.644544" level="INFO">200</msg>
<arg>${response.status_code}</arg>
<doc>Logs the given message with the given level.</doc>
<status status="PASS" start="2024-06-23T03:16:14.644189" elapsed="0.000397"/>
</kw>
<kw name="Set Variable" owner="BuiltIn">
<msg time="2024-06-23T03:16:14.645369" level="INFO">${json_data} = {'results': [{'gender': 'female', 'name': {'title': 'Mrs', 'first': 'Alla', 'last': 'Lebid'}, 'location': {'street': {'number': 1973, 'name': 'Novodarnicka'}, 'city': 'Gayvoron', 'state': 'Rivnenska',...</msg>
<var>${json_data}</var>
<arg>${response.json()}</arg>
<doc>Returns the given values which can then be assigned to a variables.</doc>
<status status="PASS" start="2024-06-23T03:16:14.644888" elapsed="0.000510"/>
</kw>
<kw name="Dictionary Should Contain Key" owner="Collections">
<arg>${json_data}</arg>
<arg>results</arg>
<doc>Fails if ``key`` is not found from ``dictionary``.</doc>
<status status="PASS" start="2024-06-23T03:16:14.645702" elapsed="0.000176"/>
</kw>
<status status="PASS" start="2024-06-23T03:16:14.471882" elapsed="0.174152"/>
</kw>
<doc>Testa se a API responde corretamente e retorna um objeto JSON válido.</doc>
<tag>testeRequisicaoBasica</tag>
<status status="PASS" start="2024-06-23T03:16:14.471411" elapsed="0.174800"/>
</test>
<test id="s1-s1-t3" name="Validar estrutura de resposta" line="22">
<kw name="Teste de Estrutura de Resposta" owner="random-user-service">
<kw name="GET On Session" owner="RequestsLibrary">
<msg time="2024-06-23T03:16:14.757040" level="INFO">GET Request : url=https://randomuser.me/api 
 path_url=/api 
 headers={'User-Agent': 'python-requests/2.32.3', 'Accept-Encoding': 'gzip, deflate', 'Accept': '*/*', 'Connection': 'keep-alive'} 
 body=None 
 </msg>
<msg time="2024-06-23T03:16:14.757155" level="INFO">GET Response : url=https://randomuser.me/api 
 status=200, reason=OK 
 headers={'Date': 'Sun, 23 Jun 2024 03:16:14 GMT', 'Content-Type': 'application/json; charset=utf-8', 'Transfer-Encoding': 'chunked', 'Connection': 'keep-alive', 'X-Powered-By': 'Express', 'Access-Control-Allow-Origin': '*', 'Cache-Control': 'no-cache', 'ETag': 'W/"481-J8ehbL4+b15rW82Y7f2qJ2Q2ttA"', 'Vary': 'Accept-Encoding', 'Content-Encoding': 'gzip', 'CF-Cache-Status': 'DYNAMIC', 'Report-To': '{"endpoints":[{"url":"https:\\/\\/a.nel.cloudflare.com\\/report\\/v4?s=SvGrR6mT4HWgVJGptjdZoOQh4LU%2BTXh25QkLyFgqXe9ebVyQgnh2MLB7nyc5fZSeKvps4HHaDrh38ekKuKs1Sj6p%2FJT3f3GIrawuurfXWsP1FllzoKBjmj92Z0Tvp51m"}],"group":"cf-nel","max_age":604800}', 'NEL': '{"success_fraction":0,"report_to":"cf-nel","max_age":604800}', 'Server': 'cloudflare', 'CF-RAY': '898151778ff83880-IAD', 'alt-svc': 'h3=":443"; ma=86400'} 
 body={"results":[{"gender":"male","name":{"title":"Mr","first":"Alfredo","last":"Márquez"},"location":{"street":{"number":7199,"name":"Calle Mota"},"city":"Cartagena","state":"Asturias","country":"Spain","postcode":76865,"coordinates":{"latitude":"-38.3052","longitude":"-128.1616"},"timezone":{"offset":"-1:00","description":"Azores, Cape Verde Islands"}},"email":"alfredo.marquez@example.com","login":{"uuid":"186bd21b-3ed7-41df-a2b6-a06aa58bb16f","username":"sadgoose716","password":"briggs","salt":"p51BhY04","md5":"8beeb94c581299fee30692362fe9dc4f","sha1":"1e4af42d17e39d208b87781a939e562685397e7b","sha256":"0d8a28f4369fd62297b1f92fe620c87386f44b9e3b58b8960b9a7fb773b8e150"},"dob":{"date":"1946-11-04T12:42:38.467Z","age":77},"registered":{"date":"2010-08-07T18:03:27.199Z","age":13},"phone":"963-577-139","cell":"634-335-847","id":{"name":"DNI","value":"94102767-N"},"picture":{"large":"https://randomuser.me/api/portraits/men/64.jpg","medium":"https://randomuser.me/api/portraits/med/men/64.jpg","thumbnail":"https://randomuser.me/api/portraits/thumb/men/64.jpg"},"nat":"ES"}],"info":{"seed":"cb221c9db896c94c","results":1,"page":1,"version":"1.4"}} 
 </msg>
<msg time="2024-06-23T03:16:14.757299" level="INFO">/opt/hostedtoolcache/Python/3.12.4/x64/lib/python3.12/site-packages/urllib3/connectionpool.py:1099: InsecureRequestWarning: Unverified HTTPS request is being made to host 'randomuser.me'. Adding certificate verification is strongly advised. See: https://urllib3.readthedocs.io/en/latest/advanced-usage.html#tls-warnings
  warnings.warn(</msg>
<msg time="2024-06-23T03:16:14.757445" level="INFO">${response} = &lt;Response [200]&gt;</msg>
<var>${response}</var>
<arg>consultarAPI</arg>
<arg>/api</arg>
<doc>Sends a GET request on a previously created HTTP Session.</doc>
<status status="PASS" start="2024-06-23T03:16:14.648890" elapsed="0.108607"/>
</kw>
<kw name="Set Variable" owner="BuiltIn">
<msg time="2024-06-23T03:16:14.758784" level="INFO">${json_data} = {'results': [{'gender': 'male', 'name': {'title': 'Mr', 'first': 'Alfredo', 'last': 'Márquez'}, 'location': {'street': {'number': 7199, 'name': 'Calle Mota'}, 'city': 'Cartagena', 'state': 'Asturias',...</msg>
<var>${json_data}</var>
<arg>${response.json()}</arg>
<doc>Returns the given values which can then be assigned to a variables.</doc>
<status status="PASS" start="2024-06-23T03:16:14.758184" elapsed="0.000629"/>
</kw>
<kw name="Log" owner="BuiltIn">
<msg time="2024-06-23T03:16:14.759307" level="INFO">{'results': [{'gender': 'male', 'name': {'title': 'Mr', 'first': 'Alfredo', 'last': 'Márquez'}, 'location': {'street': {'number': 7199, 'name': 'Calle Mota'}, 'city': 'Cartagena', 'state': 'Asturias', 'country': 'Spain', 'postcode': 76865, 'coordinates': {'latitude': '-38.3052', 'longitude': '-128.1616'}, 'timezone': {'offset': '-1:00', 'description': 'Azores, Cape Verde Islands'}}, 'email': 'alfredo.marquez@example.com', 'login': {'uuid': '186bd21b-3ed7-41df-a2b6-a06aa58bb16f', 'username': 'sadgoose716', 'password': 'briggs', 'salt': 'p51BhY04', 'md5': '8beeb94c581299fee30692362fe9dc4f', 'sha1': '1e4af42d17e39d208b87781a939e562685397e7b', 'sha256': '0d8a28f4369fd62297b1f92fe620c87386f44b9e3b58b8960b9a7fb773b8e150'}, 'dob': {'date': '1946-11-04T12:42:38.467Z', 'age': 77}, 'registered': {'date': '2010-08-07T18:03:27.199Z', 'age': 13}, 'phone': '963-577-139', 'cell': '634-335-847', 'id': {'name': 'DNI', 'value': '94102767-N'}, 'picture': {'large': 'https://randomuser.me/api/portraits/men/64.jpg', 'medium': 'https://randomuser.me/api/portraits/med/men/64.jpg', 'thumbnail': 'https://randomuser.me/api/portraits/thumb/men/64.jpg'}, 'nat': 'ES'}], 'info': {'seed': 'cb221c9db896c94c', 'results': 1, 'page': 1, 'version': '1.4'}}</msg>
<arg>${json_data}</arg>
<doc>Logs the given message with the given level.</doc>
<status status="PASS" start="2024-06-23T03:16:14.759138" elapsed="0.000225"/>
</kw>
<kw name="Dictionary Should Contain Key" owner="Collections">
<arg>${json_data}</arg>
<arg>results</arg>
<doc>Fails if ``key`` is not found from ``dictionary``.</doc>
<status status="PASS" start="2024-06-23T03:16:14.759666" elapsed="0.000176"/>
</kw>
<kw name="Should Not Be Empty" owner="BuiltIn">
<msg time="2024-06-23T03:16:14.760169" level="INFO">Length is 2.</msg>
<arg>${json_data}</arg>
<doc>Verifies that the given item is not empty.</doc>
<status status="PASS" start="2024-06-23T03:16:14.760040" elapsed="0.000168"/>
</kw>
<kw name="Create List" owner="BuiltIn">
<msg time="2024-06-23T03:16:14.760835" level="INFO">${expected_keys} = ['gender', 'name', 'location', 'email', 'login']</msg>
<var>${expected_keys}</var>
<arg>gender</arg>
<arg>name</arg>
<arg>location</arg>
<arg>email</arg>
<arg>login</arg>
<doc>Returns a list containing given items.</doc>
<status status="PASS" start="2024-06-23T03:16:14.760512" elapsed="0.000349"/>
</kw>
<for flavor="IN">
<iter>
<kw name="Dictionary Should Contain Key" owner="Collections">
<arg>${json_data['results'][0]}</arg>
<arg>${key}</arg>
<doc>Fails if ``key`` is not found from ``dictionary``.</doc>
<status status="PASS" start="2024-06-23T03:16:14.761507" elapsed="0.000454"/>
</kw>
<kw name="Log" owner="BuiltIn">
<msg time="2024-06-23T03:16:14.762793" level="INFO">{'gender': 'male', 'name': {'title': 'Mr', 'first': 'Alfredo', 'last': 'Márquez'}, 'location': {'street': {'number': 7199, 'name': 'Calle Mota'}, 'city': 'Cartagena', 'state': 'Asturias', 'country': 'Spain', 'postcode': 76865, 'coordinates': {'latitude': '-38.3052', 'longitude': '-128.1616'}, 'timezone': {'offset': '-1:00', 'description': 'Azores, Cape Verde Islands'}}, 'email': 'alfredo.marquez@example.com', 'login': {'uuid': '186bd21b-3ed7-41df-a2b6-a06aa58bb16f', 'username': 'sadgoose716', 'password': 'briggs', 'salt': 'p51BhY04', 'md5': '8beeb94c581299fee30692362fe9dc4f', 'sha1': '1e4af42d17e39d208b87781a939e562685397e7b', 'sha256': '0d8a28f4369fd62297b1f92fe620c87386f44b9e3b58b8960b9a7fb773b8e150'}, 'dob': {'date': '1946-11-04T12:42:38.467Z', 'age': 77}, 'registered': {'date': '2010-08-07T18:03:27.199Z', 'age': 13}, 'phone': '963-577-139', 'cell': '634-335-847', 'id': {'name': 'DNI', 'value': '94102767-N'}, 'picture': {'large': 'https://randomuser.me/api/portraits/men/64.jpg', 'medium': 'https://randomuser.me/api/portraits/med/men/64.jpg', 'thumbnail': 'https://randomuser.me/api/portraits/thumb/men/64.jpg'}, 'nat': 'ES'}</msg>
<arg>${json_data['results'][0]}</arg>
<doc>Logs the given message with the given level.</doc>
<status status="PASS" start="2024-06-23T03:16:14.762241" elapsed="0.000637"/>
</kw>
<kw name="Log" owner="BuiltIn">
<msg time="2024-06-23T03:16:14.763350" level="INFO">gender</msg>
<arg>${key}</arg>
<doc>Logs the given message with the given level.</doc>
<status status="PASS" start="2024-06-23T03:16:14.763213" elapsed="0.000177"/>
</kw>
<var name="${key}">gender</var>
<status status="PASS" start="2024-06-23T03:16:14.761373" elapsed="0.002242"/>
</iter>
<iter>
<kw name="Dictionary Should Contain Key" owner="Collections">
<arg>${json_data['results'][0]}</arg>
<arg>${key}</arg>
<doc>Fails if ``key`` is not found from ``dictionary``.</doc>
<status status="PASS" start="2024-06-23T03:16:14.763920" elapsed="0.000392"/>
</kw>
<kw name="Log" owner="BuiltIn">
<msg time="2024-06-23T03:16:14.764860" level="INFO">{'gender': 'male', 'name': {'title': 'Mr', 'first': 'Alfredo', 'last': 'Márquez'}, 'location': {'street': {'number': 7199, 'name': 'Calle Mota'}, 'city': 'Cartagena', 'state': 'Asturias', 'country': 'Spain', 'postcode': 76865, 'coordinates': {'latitude': '-38.3052', 'longitude': '-128.1616'}, 'timezone': {'offset': '-1:00', 'description': 'Azores, Cape Verde Islands'}}, 'email': 'alfredo.marquez@example.com', 'login': {'uuid': '186bd21b-3ed7-41df-a2b6-a06aa58bb16f', 'username': 'sadgoose716', 'password': 'briggs', 'salt': 'p51BhY04', 'md5': '8beeb94c581299fee30692362fe9dc4f', 'sha1': '1e4af42d17e39d208b87781a939e562685397e7b', 'sha256': '0d8a28f4369fd62297b1f92fe620c87386f44b9e3b58b8960b9a7fb773b8e150'}, 'dob': {'date': '1946-11-04T12:42:38.467Z', 'age': 77}, 'registered': {'date': '2010-08-07T18:03:27.199Z', 'age': 13}, 'phone': '963-577-139', 'cell': '634-335-847', 'id': {'name': 'DNI', 'value': '94102767-N'}, 'picture': {'large': 'https://randomuser.me/api/portraits/men/64.jpg', 'medium': 'https://randomuser.me/api/portraits/med/men/64.jpg', 'thumbnail': 'https://randomuser.me/api/portraits/thumb/men/64.jpg'}, 'nat': 'ES'}</msg>
<arg>${json_data['results'][0]}</arg>
<doc>Logs the given message with the given level.</doc>
<status status="PASS" start="2024-06-23T03:16:14.764497" elapsed="0.000484"/>
</kw>
<kw name="Log" owner="BuiltIn">
<msg time="2024-06-23T03:16:14.765440" level="INFO">name</msg>
<arg>${key}</arg>
<doc>Logs the given message with the given level.</doc>
<status status="PASS" start="2024-06-23T03:16:14.765293" elapsed="0.000199"/>
</kw>
<var name="${key}">name</var>
<status status="PASS" start="2024-06-23T03:16:14.763805" elapsed="0.001977"/>
</iter>
<iter>
<kw name="Dictionary Should Contain Key" owner="Collections">
<arg>${json_data['results'][0]}</arg>
<arg>${key}</arg>
<doc>Fails if ``key`` is not found from ``dictionary``.</doc>
<status status="PASS" start="2024-06-23T03:16:14.766072" elapsed="0.000395"/>
</kw>
<kw name="Log" owner="BuiltIn">
<msg time="2024-06-23T03:16:14.767011" level="INFO">{'gender': 'male', 'name': {'title': 'Mr', 'first': 'Alfredo', 'last': 'Márquez'}, 'location': {'street': {'number': 7199, 'name': 'Calle Mota'}, 'city': 'Cartagena', 'state': 'Asturias', 'country': 'Spain', 'postcode': 76865, 'coordinates': {'latitude': '-38.3052', 'longitude': '-128.1616'}, 'timezone': {'offset': '-1:00', 'description': 'Azores, Cape Verde Islands'}}, 'email': 'alfredo.marquez@example.com', 'login': {'uuid': '186bd21b-3ed7-41df-a2b6-a06aa58bb16f', 'username': 'sadgoose716', 'password': 'briggs', 'salt': 'p51BhY04', 'md5': '8beeb94c581299fee30692362fe9dc4f', 'sha1': '1e4af42d17e39d208b87781a939e562685397e7b', 'sha256': '0d8a28f4369fd62297b1f92fe620c87386f44b9e3b58b8960b9a7fb773b8e150'}, 'dob': {'date': '1946-11-04T12:42:38.467Z', 'age': 77}, 'registered': {'date': '2010-08-07T18:03:27.199Z', 'age': 13}, 'phone': '963-577-139', 'cell': '634-335-847', 'id': {'name': 'DNI', 'value': '94102767-N'}, 'picture': {'large': 'https://randomuser.me/api/portraits/men/64.jpg', 'medium': 'https://randomuser.me/api/portraits/med/men/64.jpg', 'thumbnail': 'https://randomuser.me/api/portraits/thumb/men/64.jpg'}, 'nat': 'ES'}</msg>
<arg>${json_data['results'][0]}</arg>
<doc>Logs the given message with the given level.</doc>
<status status="PASS" start="2024-06-23T03:16:14.766652" elapsed="0.000410"/>
</kw>
<kw name="Log" owner="BuiltIn">
<msg time="2024-06-23T03:16:14.767495" level="INFO">location</msg>
<arg>${key}</arg>
<doc>Logs the given message with the given level.</doc>
<status status="PASS" start="2024-06-23T03:16:14.767365" elapsed="0.000168"/>
</kw>
<var name="${key}">location</var>
<status status="PASS" start="2024-06-23T03:16:14.765960" elapsed="0.001791"/>
</iter>
<iter>
<kw name="Dictionary Should Contain Key" owner="Collections">
<arg>${json_data['results'][0]}</arg>
<arg>${key}</arg>
<doc>Fails if ``key`` is not found from ``dictionary``.</doc>
<status status="PASS" start="2024-06-23T03:16:14.768030" elapsed="0.000388"/>
</kw>
<kw name="Log" owner="BuiltIn">
<msg time="2024-06-23T03:16:14.769002" level="INFO">{'gender': 'male', 'name': {'title': 'Mr', 'first': 'Alfredo', 'last': 'Márquez'}, 'location': {'street': {'number': 7199, 'name': 'Calle Mota'}, 'city': 'Cartagena', 'state': 'Asturias', 'country': 'Spain', 'postcode': 76865, 'coordinates': {'latitude': '-38.3052', 'longitude': '-128.1616'}, 'timezone': {'offset': '-1:00', 'description': 'Azores, Cape Verde Islands'}}, 'email': 'alfredo.marquez@example.com', 'login': {'uuid': '186bd21b-3ed7-41df-a2b6-a06aa58bb16f', 'username': 'sadgoose716', 'password': 'briggs', 'salt': 'p51BhY04', 'md5': '8beeb94c581299fee30692362fe9dc4f', 'sha1': '1e4af42d17e39d208b87781a939e562685397e7b', 'sha256': '0d8a28f4369fd62297b1f92fe620c87386f44b9e3b58b8960b9a7fb773b8e150'}, 'dob': {'date': '1946-11-04T12:42:38.467Z', 'age': 77}, 'registered': {'date': '2010-08-07T18:03:27.199Z', 'age': 13}, 'phone': '963-577-139', 'cell': '634-335-847', 'id': {'name': 'DNI', 'value': '94102767-N'}, 'picture': {'large': 'https://randomuser.me/api/portraits/men/64.jpg', 'medium': 'https://randomuser.me/api/portraits/med/men/64.jpg', 'thumbnail': 'https://randomuser.me/api/portraits/thumb/men/64.jpg'}, 'nat': 'ES'}</msg>
<arg>${json_data['results'][0]}</arg>
<doc>Logs the given message with the given level.</doc>
<status status="PASS" start="2024-06-23T03:16:14.768605" elapsed="0.000452"/>
</kw>
<kw name="Log" owner="BuiltIn">
<msg time="2024-06-23T03:16:14.769482" level="INFO">email</msg>
<arg>${key}</arg>
<doc>Logs the given message with the given level.</doc>
<status status="PASS" start="2024-06-23T03:16:14.769353" elapsed="0.000172"/>
</kw>
<var name="${key}">email</var>
<status status="PASS" start="2024-06-23T03:16:14.767922" elapsed="0.001818"/>
</iter>
<iter>
<kw name="Dictionary Should Contain Key" owner="Collections">
<arg>${json_data['results'][0]}</arg>
<arg>${key}</arg>
<doc>Fails if ``key`` is not found from ``dictionary``.</doc>
<status status="PASS" start="2024-06-23T03:16:14.770019" elapsed="0.000391"/>
</kw>
<kw name="Log" owner="BuiltIn">
<msg time="2024-06-23T03:16:14.770951" level="INFO">{'gender': 'male', 'name': {'title': 'Mr', 'first': 'Alfredo', 'last': 'Márquez'}, 'location': {'street': {'number': 7199, 'name': 'Calle Mota'}, 'city': 'Cartagena', 'state': 'Asturias', 'country': 'Spain', 'postcode': 76865, 'coordinates': {'latitude': '-38.3052', 'longitude': '-128.1616'}, 'timezone': {'offset': '-1:00', 'description': 'Azores, Cape Verde Islands'}}, 'email': 'alfredo.marquez@example.com', 'login': {'uuid': '186bd21b-3ed7-41df-a2b6-a06aa58bb16f', 'username': 'sadgoose716', 'password': 'briggs', 'salt': 'p51BhY04', 'md5': '8beeb94c581299fee30692362fe9dc4f', 'sha1': '1e4af42d17e39d208b87781a939e562685397e7b', 'sha256': '0d8a28f4369fd62297b1f92fe620c87386f44b9e3b58b8960b9a7fb773b8e150'}, 'dob': {'date': '1946-11-04T12:42:38.467Z', 'age': 77}, 'registered': {'date': '2010-08-07T18:03:27.199Z', 'age': 13}, 'phone': '963-577-139', 'cell': '634-335-847', 'id': {'name': 'DNI', 'value': '94102767-N'}, 'picture': {'large': 'https://randomuser.me/api/portraits/men/64.jpg', 'medium': 'https://randomuser.me/api/portraits/med/men/64.jpg', 'thumbnail': 'https://randomuser.me/api/portraits/thumb/men/64.jpg'}, 'nat': 'ES'}</msg>
<arg>${json_data['results'][0]}</arg>
<doc>Logs the given message with the given level.</doc>
<status status="PASS" start="2024-06-23T03:16:14.770593" elapsed="0.000416"/>
</kw>
<kw name="Log" owner="BuiltIn">
<msg time="2024-06-23T03:16:14.771444" level="INFO">login</msg>
<arg>${key}</arg>
<doc>Logs the given message with the given level.</doc>
<status status="PASS" start="2024-06-23T03:16:14.771311" elapsed="0.000172"/>
</kw>
<var name="${key}">login</var>
<status status="PASS" start="2024-06-23T03:16:14.769911" elapsed="0.001787"/>
</iter>
<var>${key}</var>
<value>@{expected_keys}</value>
<status status="PASS" start="2024-06-23T03:16:14.761171" elapsed="0.010647"/>
</for>
<kw name="Create List" owner="BuiltIn">
<msg time="2024-06-23T03:16:14.772156" level="INFO">${expected_keysTwo} = ['username', 'password']</msg>
<var>${expected_keysTwo}</var>
<arg>username</arg>
<arg>password</arg>
<doc>Returns a list containing given items.</doc>
<status status="PASS" start="2024-06-23T03:16:14.772016" elapsed="0.000166"/>
</kw>
<for flavor="IN">
<iter>
<kw name="Dictionary Should Contain Key" owner="Collections">
<arg>${json_data['results'][0]['login']}</arg>
<arg>${keyTwo}</arg>
<doc>Fails if ``key`` is not found from ``dictionary``.</doc>
<status status="PASS" start="2024-06-23T03:16:14.772797" elapsed="0.000435"/>
</kw>
<kw name="Dictionary Should Contain Key" owner="Collections">
<arg>${json_data['results'][0]['login']}</arg>
<arg>${keyTwo}</arg>
<doc>Fails if ``key`` is not found from ``dictionary``.</doc>
<status status="PASS" start="2024-06-23T03:16:14.773418" elapsed="0.000381"/>
</kw>
<kw name="Log" owner="BuiltIn">
<msg time="2024-06-23T03:16:14.774103" level="INFO">username</msg>
<arg>${keyTwo}</arg>
<doc>Logs the given message with the given level.</doc>
<status status="PASS" start="2024-06-23T03:16:14.773981" elapsed="0.000160"/>
</kw>
<var name="${keyTwo}">username</var>
<status status="PASS" start="2024-06-23T03:16:14.772655" elapsed="0.001714"/>
</iter>
<iter>
<kw name="Dictionary Should Contain Key" owner="Collections">
<arg>${json_data['results'][0]['login']}</arg>
<arg>${keyTwo}</arg>
<doc>Fails if ``key`` is not found from ``dictionary``.</doc>
<status status="PASS" start="2024-06-23T03:16:14.774651" elapsed="0.000384"/>
</kw>
<kw name="Dictionary Should Contain Key" owner="Collections">
<arg>${json_data['results'][0]['login']}</arg>
<arg>${keyTwo}</arg>
<doc>Fails if ``key`` is not found from ``dictionary``.</doc>
<status status="PASS" start="2024-06-23T03:16:14.775214" elapsed="0.000379"/>
</kw>
<kw name="Log" owner="BuiltIn">
<msg time="2024-06-23T03:16:14.775904" level="INFO">password</msg>
<arg>${keyTwo}</arg>
<doc>Logs the given message with the given level.</doc>
<status status="PASS" start="2024-06-23T03:16:14.775781" elapsed="0.000161"/>
</kw>
<var name="${keyTwo}">password</var>
<status status="PASS" start="2024-06-23T03:16:14.774543" elapsed="0.001726"/>
</iter>
<var>${keyTwo}</var>
<value>@{expected_keysTwo}</value>
<status status="PASS" start="2024-06-23T03:16:14.772456" elapsed="0.003935"/>
</for>
<status status="PASS" start="2024-06-23T03:16:14.648653" elapsed="0.127880"/>
</kw>
<doc>Testa a estrutura da resposta da API.</doc>
<tag>testeEstruturaResposta</tag>
<status status="PASS" start="2024-06-23T03:16:14.648046" elapsed="0.128650"/>
</test>
<test id="s1-s1-t4" name="Validar tipos de dados" line="28">
<kw name="Teste de Tipos de Dados" owner="random-user-service">
<kw name="GET On Session" owner="RequestsLibrary">
<msg time="2024-06-23T03:16:14.843208" level="INFO">GET Request : url=https://randomuser.me/api 
 path_url=/api 
 headers={'User-Agent': 'python-requests/2.32.3', 'Accept-Encoding': 'gzip, deflate', 'Accept': '*/*', 'Connection': 'keep-alive'} 
 body=None 
 </msg>
<msg time="2024-06-23T03:16:14.843321" level="INFO">GET Response : url=https://randomuser.me/api 
 status=200, reason=OK 
 headers={'Date': 'Sun, 23 Jun 2024 03:16:14 GMT', 'Content-Type': 'application/json; charset=utf-8', 'Transfer-Encoding': 'chunked', 'Connection': 'keep-alive', 'X-Powered-By': 'Express', 'Access-Control-Allow-Origin': '*', 'Cache-Control': 'no-cache', 'ETag': 'W/"4a6-Bdf0qBK6IoyK61tV44LbZiRPRWY"', 'Vary': 'Accept-Encoding', 'Content-Encoding': 'gzip', 'CF-Cache-Status': 'DYNAMIC', 'Report-To': '{"endpoints":[{"url":"https:\\/\\/a.nel.cloudflare.com\\/report\\/v4?s=y%2BR4EsmkLdpbGKcxakVU8Uvw98QwWDXoz29PfPu7mLdLIPEF%2BriKnqI89EcO8dbTpBok3aad11D5x0OpKmUjPbfJAUGIFES3T1dWiC4g52tdNlbHd%2B7lZyiUmRYfKAqM"}],"group":"cf-nel","max_age":604800}', 'NEL': '{"success_fraction":0,"report_to":"cf-nel","max_age":604800}', 'Server': 'cloudflare', 'CF-RAY': '8981517868d23880-IAD', 'alt-svc': 'h3=":443"; ma=86400'} 
 body={"results":[{"gender":"female","name":{"title":"Ms","first":"Gabriela","last":"Gamboa"},"location":{"street":{"number":3501,"name":"Corredor Sur Arevalo"},"city":"Santa María de Abajo","state":"Tlaxcala","country":"Mexico","postcode":29319,"coordinates":{"latitude":"24.0515","longitude":"97.6095"},"timezone":{"offset":"+2:00","description":"Kaliningrad, South Africa"}},"email":"gabriela.gamboa@example.com","login":{"uuid":"65d858ce-39aa-4c17-86e0-b86b12daf708","username":"angrypeacock567","password":"thedon","salt":"MQQVfCcy","md5":"f626ac3b819efb983eed72be418989af","sha1":"563f20bb8d650a761e092e11d526db0476dbf433","sha256":"43c93e97aaf0d7cd90002e2f990481c76d9fdc158370e7d04861610a8e878718"},"dob":{"date":"1967-01-27T18:32:04.939Z","age":57},"registered":{"date":"2017-02-20T03:34:15.502Z","age":7},"phone":"(618) 694 0585","cell":"(639) 514 1160","id":{"name":"NSS","value":"14 98 38 2853 9"},"picture":{"large":"https://randomuser.me/api/portraits/women/6.jpg","medium":"https://randomuser.me/api/portraits/med/women/6.jpg","thumbnail":"https://randomuser.me/api/portraits/thumb/women/6.jpg"},"nat":"MX"}],"info":{"seed":"70c6d1b07cf82d4f","results":1,"page":1,"version":"1.4"}} 
 </msg>
<msg time="2024-06-23T03:16:14.843394" level="INFO">/opt/hostedtoolcache/Python/3.12.4/x64/lib/python3.12/site-packages/urllib3/connectionpool.py:1099: InsecureRequestWarning: Unverified HTTPS request is being made to host 'randomuser.me'. Adding certificate verification is strongly advised. See: https://urllib3.readthedocs.io/en/latest/advanced-usage.html#tls-warnings
  warnings.warn(</msg>
<msg time="2024-06-23T03:16:14.843531" level="INFO">${response} = &lt;Response [200]&gt;</msg>
<var>${response}</var>
<arg>consultarAPI</arg>
<arg>/api</arg>
<doc>Sends a GET request on a previously created HTTP Session.</doc>
<status status="PASS" start="2024-06-23T03:16:14.779407" elapsed="0.064163"/>
</kw>
<kw name="Set Variable" owner="BuiltIn">
<msg time="2024-06-23T03:16:14.844758" level="INFO">${json_data} = {'results': [{'gender': 'female', 'name': {'title': 'Ms', 'first': 'Gabriela', 'last': 'Gamboa'}, 'location': {'street': {'number': 3501, 'name': 'Corredor Sur Arevalo'}, 'city': 'Santa María de Abajo...</msg>
<var>${json_data}</var>
<arg>${response.json()}</arg>
<doc>Returns the given values which can then be assigned to a variables.</doc>
<status status="PASS" start="2024-06-23T03:16:14.844213" elapsed="0.000574"/>
</kw>
<kw name="Log" owner="BuiltIn">
<msg time="2024-06-23T03:16:14.845294" level="INFO">{'results': [{'gender': 'female', 'name': {'title': 'Ms', 'first': 'Gabriela', 'last': 'Gamboa'}, 'location': {'street': {'number': 3501, 'name': 'Corredor Sur Arevalo'}, 'city': 'Santa María de Abajo', 'state': 'Tlaxcala', 'country': 'Mexico', 'postcode': 29319, 'coordinates': {'latitude': '24.0515', 'longitude': '97.6095'}, 'timezone': {'offset': '+2:00', 'description': 'Kaliningrad, South Africa'}}, 'email': 'gabriela.gamboa@example.com', 'login': {'uuid': '65d858ce-39aa-4c17-86e0-b86b12daf708', 'username': 'angrypeacock567', 'password': 'thedon', 'salt': 'MQQVfCcy', 'md5': 'f626ac3b819efb983eed72be418989af', 'sha1': '563f20bb8d650a761e092e11d526db0476dbf433', 'sha256': '43c93e97aaf0d7cd90002e2f990481c76d9fdc158370e7d04861610a8e878718'}, 'dob': {'date': '1967-01-27T18:32:04.939Z', 'age': 57}, 'registered': {'date': '2017-02-20T03:34:15.502Z', 'age': 7}, 'phone': '(618) 694 0585', 'cell': '(639) 514 1160', 'id': {'name': 'NSS', 'value': '14 98 38 2853 9'}, 'picture': {'large': 'https://randomuser.me/api/portraits/women/6.jpg', 'medium': 'https://randomuser.me/api/portraits/med/women/6.jpg', 'thumbnail': 'https://randomuser.me/api/portraits/thumb/women/6.jpg'}, 'nat': 'MX'}], 'info': {'seed': '70c6d1b07cf82d4f', 'results': 1, 'page': 1, 'version': '1.4'}}</msg>
<arg>${json_data}</arg>
<doc>Logs the given message with the given level.</doc>
<status status="PASS" start="2024-06-23T03:16:14.845130" elapsed="0.000214"/>
</kw>
<kw name="Should Be String" owner="String">
<arg>${json_data['results'][0]['gender']}</arg>
<doc>Fails if the given ``item`` is not a string.</doc>
<status status="PASS" start="2024-06-23T03:16:14.845646" elapsed="0.000370"/>
</kw>
<kw name="Should Match Regexp" owner="BuiltIn">
<arg>${json_data['results'][0]['email']}</arg>
<arg>^[a-zA-Z0-9._%+-]+@[a-zA-Z0-9.-]+\.[a-zA-Z]{2,}$</arg>
<doc>Fails if ``string`` does not match ``pattern`` as a regular expression.</doc>
<status status="PASS" start="2024-06-23T03:16:14.846207" elapsed="0.000530"/>
</kw>
<kw name="Should Match Regexp" owner="BuiltIn">
<arg>${json_data['results'][0]['dob']['date']}</arg>
<arg>\\d{4}-\\d{2}-\\d{2}T\\d{2}:\\d{2}:\\d{2}\\.\\d{3}Z</arg>
<doc>Fails if ``string`` does not match ``pattern`` as a regular expression.</doc>
<status status="PASS" start="2024-06-23T03:16:14.846968" elapsed="0.000497"/>
</kw>
<kw name="Should Match Regexp" owner="BuiltIn">
<arg>${json_data['results'][0]['registered']['date']}</arg>
<arg>\\d{4}-\\d{2}-\\d{2}T\\d{2}:\\d{2}:\\d{2}\\.\\d{3}Z</arg>
<doc>Fails if ``string`` does not match ``pattern`` as a regular expression.</doc>
<status status="PASS" start="2024-06-23T03:16:14.847658" elapsed="0.000373"/>
</kw>
<kw name="Should Match Regexp" owner="BuiltIn">
<arg>${json_data['results'][0]['picture']['large']}</arg>
<arg>^https?://.*\.(?:png|jpe?g|gif|bmp)$</arg>
<doc>Fails if ``string`` does not match ``pattern`` as a regular expression.</doc>
<status status="PASS" start="2024-06-23T03:16:14.848221" elapsed="0.000479"/>
</kw>
<kw name="Should Match Regexp" owner="BuiltIn">
<arg>${json_data['results'][0]['picture']['medium']}</arg>
<arg>^https?://.*\.(?:png|jpe?g|gif|bmp)$</arg>
<doc>Fails if ``string`` does not match ``pattern`` as a regular expression.</doc>
<status status="PASS" start="2024-06-23T03:16:14.848889" elapsed="0.000392"/>
</kw>
<kw name="Should Match Regexp" owner="BuiltIn">
<arg>${json_data['results'][0]['picture']['thumbnail']}</arg>
<arg>^https?://.*\.(?:png|jpe?g|gif|bmp)$</arg>
<doc>Fails if ``string`` does not match ``pattern`` as a regular expression.</doc>
<status status="PASS" start="2024-06-23T03:16:14.849468" elapsed="0.000360"/>
</kw>
<kw name="Log" owner="BuiltIn">
<msg time="2024-06-23T03:16:14.850336" level="INFO">{'large': 'https://randomuser.me/api/portraits/women/6.jpg', 'medium': 'https://randomuser.me/api/portraits/med/women/6.jpg', 'thumbnail': 'https://randomuser.me/api/portraits/thumb/women/6.jpg'}</msg>
<arg>${json_data['results'][0]['picture']}</arg>
<doc>Logs the given message with the given level.</doc>
<status status="PASS" start="2024-06-23T03:16:14.850012" elapsed="0.000368"/>
</kw>
<status status="PASS" start="2024-06-23T03:16:14.779154" elapsed="0.071485"/>
</kw>
<kw name="Teste de Tipos de Dados - Postcode" owner="random-user-service">
<kw name="GET On Session" owner="RequestsLibrary">
<msg time="2024-06-23T03:16:14.943561" level="INFO">GET Request : url=https://randomuser.me/api 
 path_url=/api 
 headers={'User-Agent': 'python-requests/2.32.3', 'Accept-Encoding': 'gzip, deflate', 'Accept': '*/*', 'Connection': 'keep-alive'} 
 body=None 
 </msg>
<msg time="2024-06-23T03:16:14.943660" level="INFO">GET Response : url=https://randomuser.me/api 
 status=200, reason=OK 
 headers={'Date': 'Sun, 23 Jun 2024 03:16:14 GMT', 'Content-Type': 'application/json; charset=utf-8', 'Transfer-Encoding': 'chunked', 'Connection': 'keep-alive', 'X-Powered-By': 'Express', 'Access-Control-Allow-Origin': '*', 'Cache-Control': 'no-cache', 'ETag': 'W/"497-G1UPy6yBhvnMh/N06It0+8MyH+U"', 'Vary': 'Accept-Encoding', 'Content-Encoding': 'gzip', 'CF-Cache-Status': 'DYNAMIC', 'Report-To': '{"endpoints":[{"url":"https:\\/\\/a.nel.cloudflare.com\\/report\\/v4?s=ufiranF15aT22%2FoewSwGiJ2rIQmNeQPTWOt7sQSN274ixSkGU2%2FwqjLf%2FEMs3z7mb4SpnpQFOr43N19mPOu%2BwSpCHiAxlwYQuzdpOoT0ydv05hC0k0uQQoJ74m5SJfWO"}],"group":"cf-nel","max_age":604800}', 'NEL': '{"success_fraction":0,"report_to":"cf-nel","max_age":604800}', 'Server': 'cloudflare', 'CF-RAY': '89815178d93a3880-IAD', 'alt-svc': 'h3=":443"; ma=86400'} 
 body={"results":[{"gender":"female","name":{"title":"Mrs","first":"Maëlyne","last":"Marchand"},"location":{"street":{"number":8574,"name":"Place de L'Abbé-Jean-Lebeuf"},"city":"Toulouse","state":"Haute-Loire","country":"France","postcode":95257,"coordinates":{"latitude":"-17.8208","longitude":"30.4939"},"timezone":{"offset":"-9:00","description":"Alaska"}},"email":"maelyne.marchand@example.com","login":{"uuid":"c982d3e6-ff9f-4fad-930b-a974e91fa11f","username":"redmouse615","password":"1010","salt":"9L97NZKn","md5":"c85d2961e8a120a3d4206d19b1e13765","sha1":"cffd0789e5960dffd3ef408dc3457ec52fc2f299","sha256":"119409e5bda81e7e4b48ca6f4db2aff8ba9293de41b4c9d6a297343b614adbe3"},"dob":{"date":"1972-02-28T16:06:08.167Z","age":52},"registered":{"date":"2008-06-06T08:48:41.019Z","age":16},"phone":"03-09-60-09-60","cell":"06-23-73-10-28","id":{"name":"INSEE","value":"2720101749787 70"},"picture":{"large":"https://randomuser.me/api/portraits/women/88.jpg","medium":"https://randomuser.me/api/portraits/med/women/88.jpg","thumbnail":"https://randomuser.me/api/portraits/thumb/women/88.jpg"},"nat":"FR"}],"info":{"seed":"04ebb171c8acd786","results":1,"page":1,"version":"1.4"}} 
 </msg>
<msg time="2024-06-23T03:16:14.943737" level="INFO">/opt/hostedtoolcache/Python/3.12.4/x64/lib/python3.12/site-packages/urllib3/connectionpool.py:1099: InsecureRequestWarning: Unverified HTTPS request is being made to host 'randomuser.me'. Adding certificate verification is strongly advised. See: https://urllib3.readthedocs.io/en/latest/advanced-usage.html#tls-warnings
  warnings.warn(</msg>
<msg time="2024-06-23T03:16:14.943879" level="INFO">${response} = &lt;Response [200]&gt;</msg>
<var>${response}</var>
<arg>consultarAPI</arg>
<arg>/api</arg>
<doc>Sends a GET request on a previously created HTTP Session.</doc>
<status status="PASS" start="2024-06-23T03:16:14.851108" elapsed="0.092811"/>
</kw>
<kw name="Set Variable" owner="BuiltIn">
<msg time="2024-06-23T03:16:14.944993" level="INFO">${json_data} = {'results': [{'gender': 'female', 'name': {'title': 'Mrs', 'first': 'Maëlyne', 'last': 'Marchand'}, 'location': {'street': {'number': 8574, 'name': "Place de L'Abbé-Jean-Lebeuf"}, 'city': 'Toulouse', ...</msg>
<var>${json_data}</var>
<arg>${response.json()}</arg>
<doc>Returns the given values which can then be assigned to a variables.</doc>
<status status="PASS" start="2024-06-23T03:16:14.944445" elapsed="0.000582"/>
</kw>
<kw name="Log" owner="BuiltIn">
<msg time="2024-06-23T03:16:14.945506" level="INFO">{'results': [{'gender': 'female', 'name': {'title': 'Mrs', 'first': 'Maëlyne', 'last': 'Marchand'}, 'location': {'street': {'number': 8574, 'name': "Place de L'Abbé-Jean-Lebeuf"}, 'city': 'Toulouse', 'state': 'Haute-Loire', 'country': 'France', 'postcode': 95257, 'coordinates': {'latitude': '-17.8208', 'longitude': '30.4939'}, 'timezone': {'offset': '-9:00', 'description': 'Alaska'}}, 'email': 'maelyne.marchand@example.com', 'login': {'uuid': 'c982d3e6-ff9f-4fad-930b-a974e91fa11f', 'username': 'redmouse615', 'password': '1010', 'salt': '9L97NZKn', 'md5': 'c85d2961e8a120a3d4206d19b1e13765', 'sha1': 'cffd0789e5960dffd3ef408dc3457ec52fc2f299', 'sha256': '119409e5bda81e7e4b48ca6f4db2aff8ba9293de41b4c9d6a297343b614adbe3'}, 'dob': {'date': '1972-02-28T16:06:08.167Z', 'age': 52}, 'registered': {'date': '2008-06-06T08:48:41.019Z', 'age': 16}, 'phone': '03-09-60-09-60', 'cell': '06-23-73-10-28', 'id': {'name': 'INSEE', 'value': '2720101749787 70'}, 'picture': {'large': 'https://randomuser.me/api/portraits/women/88.jpg', 'medium': 'https://randomuser.me/api/portraits/med/women/88.jpg', 'thumbnail': 'https://randomuser.me/api/portraits/thumb/women/88.jpg'}, 'nat': 'FR'}], 'info': {'seed': '04ebb171c8acd786', 'results': 1, 'page': 1, 'version': '1.4'}}</msg>
<arg>${json_data}</arg>
<doc>Logs the given message with the given level.</doc>
<status status="PASS" start="2024-06-23T03:16:14.945334" elapsed="0.000222"/>
</kw>
<kw name="Should Be Equal As Numbers" owner="BuiltIn">
<arg>${json_data['results'][0]['location']['postcode']}</arg>
<arg>${json_data['results'][0]['location']['postcode']}</arg>
<doc>Fails if objects are unequal after converting them to real numbers.</doc>
<status status="PASS" start="2024-06-23T03:16:14.945852" elapsed="0.000614"/>
</kw>
<kw name="Log" owner="BuiltIn">
<msg time="2024-06-23T03:16:14.947156" level="INFO">95257</msg>
<arg>${json_data['results'][0]['location']['postcode']}</arg>
<doc>Logs the given message with the given level.</doc>
<status status="PASS" start="2024-06-23T03:16:14.946651" elapsed="0.000547"/>
</kw>
<status status="PASS" start="2024-06-23T03:16:14.850875" elapsed="0.096606"/>
</kw>
<doc>Testa se os tipos de dados na resposta da API estão corretos.</doc>
<tag>testeTiposDados</tag>
<status status="PASS" start="2024-06-23T03:16:14.778515" elapsed="0.169131"/>
</test>
<test id="s1-s1-t5" name="Validar conteudo" line="35">
<kw name="Teste de Tipos de Conteudo" owner="random-user-service">
<kw name="GET On Session" owner="RequestsLibrary">
<msg time="2024-06-23T03:16:15.050116" level="INFO">GET Request : url=https://randomuser.me/api 
 path_url=/api 
 headers={'User-Agent': 'python-requests/2.32.3', 'Accept-Encoding': 'gzip, deflate', 'Accept': '*/*', 'Connection': 'keep-alive'} 
 body=None 
 </msg>
<msg time="2024-06-23T03:16:15.050229" level="INFO">GET Response : url=https://randomuser.me/api 
 status=200, reason=OK 
 headers={'Date': 'Sun, 23 Jun 2024 03:16:15 GMT', 'Content-Type': 'application/json; charset=utf-8', 'Transfer-Encoding': 'chunked', 'Connection': 'keep-alive', 'X-Powered-By': 'Express', 'Access-Control-Allow-Origin': '*', 'Cache-Control': 'no-cache', 'ETag': 'W/"4aa-OPvZe/HKzN3obebaP4DNl7RX3Jk"', 'Vary': 'Accept-Encoding', 'Content-Encoding': 'gzip', 'CF-Cache-Status': 'DYNAMIC', 'Report-To': '{"endpoints":[{"url":"https:\\/\\/a.nel.cloudflare.com\\/report\\/v4?s=tY0Pzl1yxUWFubR49rpFZSqtgEwO2YdsrCU7XuyorAxz7ym3ntBu1ImO3oRnDXaXxoq%2BAZhtr5PMRWyANVx%2BUusz0ikavefvQOVUUZNV1Ty4UrILBFrzVDN4KCDuI2hO"}],"group":"cf-nel","max_age":604800}', 'NEL': '{"success_fraction":0,"report_to":"cf-nel","max_age":604800}', 'Server': 'cloudflare', 'CF-RAY': '8981517979dd3880-IAD', 'alt-svc': 'h3=":443"; ma=86400'} 
 body={"results":[{"gender":"female","name":{"title":"Miss","first":"Tamimount","last":"Schellens"},"location":{"street":{"number":9534,"name":"Dr. Mollerlaan"},"city":"Meppen","state":"Noord-Holland","country":"Netherlands","postcode":"0500 LP","coordinates":{"latitude":"33.2811","longitude":"67.2569"},"timezone":{"offset":"-3:00","description":"Brazil, Buenos Aires, Georgetown"}},"email":"tamimount.schellens@example.com","login":{"uuid":"e955f78a-2a39-4ec1-b1c8-5242a425ee7d","username":"lazygoose243","password":"sapphire","salt":"PnL6VgCe","md5":"0268eb60d9ae63b458d2effb578b4679","sha1":"64190144ca1ad39d049ae29af29cc7db4b37e801","sha256":"60197218bc0adc4f8622b6c931ecda84f2c6958620cbdf550f155b69757d66f0"},"dob":{"date":"1959-12-10T11:59:45.054Z","age":64},"registered":{"date":"2005-07-22T18:16:30.083Z","age":18},"phone":"(0595) 314808","cell":"(06) 92013355","id":{"name":"BSN","value":"18867125"},"picture":{"large":"https://randomuser.me/api/portraits/women/62.jpg","medium":"https://randomuser.me/api/portraits/med/women/62.jpg","thumbnail":"https://randomuser.me/api/portraits/thumb/women/62.jpg"},"nat":"NL"}],"info":{"seed":"6db7108e74050005","results":1,"page":1,"version":"1.4"}} 
 </msg>
<msg time="2024-06-23T03:16:15.050312" level="INFO">/opt/hostedtoolcache/Python/3.12.4/x64/lib/python3.12/site-packages/urllib3/connectionpool.py:1099: InsecureRequestWarning: Unverified HTTPS request is being made to host 'randomuser.me'. Adding certificate verification is strongly advised. See: https://urllib3.readthedocs.io/en/latest/advanced-usage.html#tls-warnings
  warnings.warn(</msg>
<msg time="2024-06-23T03:16:15.050476" level="INFO">${response} = &lt;Response [200]&gt;</msg>
<var>${response}</var>
<arg>consultarAPI</arg>
<arg>/api</arg>
<doc>Sends a GET request on a previously created HTTP Session.</doc>
<status status="PASS" start="2024-06-23T03:16:14.950213" elapsed="0.100304"/>
</kw>
<kw name="Set Variable" owner="BuiltIn">
<msg time="2024-06-23T03:16:15.051566" level="INFO">${json_data} = {'results': [{'gender': 'female', 'name': {'title': 'Miss', 'first': 'Tamimount', 'last': 'Schellens'}, 'location': {'street': {'number': 9534, 'name': 'Dr. Mollerlaan'}, 'city': 'Meppen', 'state': 'N...</msg>
<var>${json_data}</var>
<arg>${response.json()}</arg>
<doc>Returns the given values which can then be assigned to a variables.</doc>
<status status="PASS" start="2024-06-23T03:16:15.051059" elapsed="0.000537"/>
</kw>
<kw name="Set Variable" owner="BuiltIn">
<msg time="2024-06-23T03:16:15.052288" level="INFO">${name_title} = Miss</msg>
<var>${name_title}</var>
<arg>${json_data["results"][0]["name"]["title"]}</arg>
<doc>Returns the given values which can then be assigned to a variables.</doc>
<status status="PASS" start="2024-06-23T03:16:15.051902" elapsed="0.000411"/>
</kw>
<kw name="Create List" owner="BuiltIn">
<msg time="2024-06-23T03:16:15.052754" level="INFO">${allowed_titles} = ['Mr', 'Ms', 'Miss', 'Mrs', 'Madame', 'Monsieur']</msg>
<var>${allowed_titles}</var>
<arg>Mr</arg>
<arg>Ms</arg>
<arg>Miss</arg>
<arg>Mrs</arg>
<arg>Madame</arg>
<arg>Monsieur</arg>
<doc>Returns a list containing given items.</doc>
<status status="PASS" start="2024-06-23T03:16:15.052606" elapsed="0.000171"/>
</kw>
<kw name="List Should Contain Value" owner="Collections">
<arg>${allowed_titles}</arg>
<arg>${name_title}</arg>
<doc>Fails if the ``value`` is not found from ``list``.</doc>
<status status="PASS" start="2024-06-23T03:16:15.053118" elapsed="0.000185"/>
</kw>
<kw name="Set Variable" owner="BuiltIn">
<msg time="2024-06-23T03:16:15.053851" level="INFO">${name_country} = NL</msg>
<var>${name_country}</var>
<arg>${json_data["results"][0]["nat"]}</arg>
<doc>Returns the given values which can then be assigned to a variables.</doc>
<status status="PASS" start="2024-06-23T03:16:15.053481" elapsed="0.000395"/>
</kw>
<kw name="Create List" owner="BuiltIn">
<msg time="2024-06-23T03:16:15.054766" level="INFO">${list_country} = ['AD', 'AE', 'AF', 'AG', 'AI', 'AL', 'AM', 'AO', 'AQ', 'AR', 'AS', 'AT', 'AU', 'AW', 'AX', 'AZ', 'BA', 'BB', 'BD', 'BE', 'BF', 'BG', 'BH', 'BI', 'BJ', 'BL', 'BM', 'BN', 'BO', 'BQ', 'BR', 'BS', 'BT', '...</msg>
<var>${list_country}</var>
<arg>AD</arg>
<arg>AE</arg>
<arg>AF</arg>
<arg>AG</arg>
<arg>AI</arg>
<arg>AL</arg>
<arg>AM</arg>
<arg>AO</arg>
<arg>AQ</arg>
<arg>AR</arg>
<arg>AS</arg>
<arg>AT</arg>
<arg>AU</arg>
<arg>AW</arg>
<arg>AX</arg>
<arg>AZ</arg>
<arg>BA</arg>
<arg>BB</arg>
<arg>BD</arg>
<arg>BE</arg>
<arg>BF</arg>
<arg>BG</arg>
<arg>BH</arg>
<arg>BI</arg>
<arg>BJ</arg>
<arg>BL</arg>
<arg>BM</arg>
<arg>BN</arg>
<arg>BO</arg>
<arg>BQ</arg>
<arg>BR</arg>
<arg>BS</arg>
<arg>BT</arg>
<arg>BV</arg>
<arg>BW</arg>
<arg>BY</arg>
<arg>BZ</arg>
<arg>CA</arg>
<arg>CC</arg>
<arg>CD</arg>
<arg>CF</arg>
<arg>CG</arg>
<arg>CH</arg>
<arg>CI</arg>
<arg>CK</arg>
<arg>CL</arg>
<arg>CM</arg>
<arg>CN</arg>
<arg>CO</arg>
<arg>CR</arg>
<arg>CU</arg>
<arg>CV</arg>
<arg>CW</arg>
<arg>CX</arg>
<arg>CY</arg>
<arg>CZ</arg>
<arg>DE</arg>
<arg>DJ</arg>
<arg>DK</arg>
<arg>DM</arg>
<arg>DO</arg>
<arg>DZ</arg>
<arg>EC</arg>
<arg>EE</arg>
<arg>EG</arg>
<arg>EH</arg>
<arg>ER</arg>
<arg>ES</arg>
<arg>ET</arg>
<arg>FI</arg>
<arg>FJ</arg>
<arg>FK</arg>
<arg>FM</arg>
<arg>FO</arg>
<arg>FR</arg>
<arg>GA</arg>
<arg>GB</arg>
<arg>GD</arg>
<arg>GE</arg>
<arg>GF</arg>
<arg>GG</arg>
<arg>GH</arg>
<arg>GI</arg>
<arg>GL</arg>
<arg>GM</arg>
<arg>GN</arg>
<arg>GP</arg>
<arg>GQ</arg>
<arg>GR</arg>
<arg>GS</arg>
<arg>GT</arg>
<arg>GU</arg>
<arg>GW</arg>
<arg>GY</arg>
<arg>HK</arg>
<arg>HM</arg>
<arg>HN</arg>
<arg>HR</arg>
<arg>HT</arg>
<arg>HU</arg>
<arg>ID</arg>
<arg>IE</arg>
<arg>IL</arg>
<arg>IM</arg>
<arg>IN</arg>
<arg>IO</arg>
<arg>IQ</arg>
<arg>IR</arg>
<arg>IS</arg>
<arg>IT</arg>
<arg>JE</arg>
<arg>JM</arg>
<arg>JO</arg>
<arg>JP</arg>
<arg>KE</arg>
<arg>KG</arg>
<arg>KH</arg>
<arg>KI</arg>
<arg>KM</arg>
<arg>KN</arg>
<arg>KP</arg>
<arg>KR</arg>
<arg>KW</arg>
<arg>KY</arg>
<arg>KZ</arg>
<arg>LA</arg>
<arg>LB</arg>
<arg>LC</arg>
<arg>LI</arg>
<arg>LK</arg>
<arg>LR</arg>
<arg>LS</arg>
<arg>LT</arg>
<arg>LU</arg>
<arg>LV</arg>
<arg>LY</arg>
<arg>MA</arg>
<arg>MC</arg>
<arg>MD</arg>
<arg>ME</arg>
<arg>MF</arg>
<arg>MG</arg>
<arg>MH</arg>
<arg>MK</arg>
<arg>ML</arg>
<arg>MM</arg>
<arg>MN</arg>
<arg>MO</arg>
<arg>MP</arg>
<arg>MQ</arg>
<arg>MR</arg>
<arg>MS</arg>
<arg>MT</arg>
<arg>MU</arg>
<arg>MV</arg>
<arg>MW</arg>
<arg>MX</arg>
<arg>MY</arg>
<arg>MZ</arg>
<arg>NA</arg>
<arg>NC</arg>
<arg>NE</arg>
<arg>NF</arg>
<arg>NG</arg>
<arg>NI</arg>
<arg>NL</arg>
<arg>NO</arg>
<arg>NP</arg>
<arg>NR</arg>
<arg>NU</arg>
<arg>NZ</arg>
<arg>OM</arg>
<arg>PA</arg>
<arg>PE</arg>
<arg>PF</arg>
<arg>PG</arg>
<arg>PH</arg>
<arg>PK</arg>
<arg>PL</arg>
<arg>PM</arg>
<arg>PN</arg>
<arg>PR</arg>
<arg>PS</arg>
<arg>PT</arg>
<arg>PW</arg>
<arg>PY</arg>
<arg>QA</arg>
<arg>RE</arg>
<arg>RO</arg>
<arg>RS</arg>
<arg>RU</arg>
<arg>RW</arg>
<arg>SA</arg>
<arg>SB</arg>
<arg>SC</arg>
<arg>SD</arg>
<arg>SE</arg>
<arg>SG</arg>
<arg>SH</arg>
<arg>SI</arg>
<arg>SJ</arg>
<arg>SK</arg>
<arg>SL</arg>
<arg>SM</arg>
<arg>SN</arg>
<arg>SO</arg>
<arg>SR</arg>
<arg>SS</arg>
<arg>ST</arg>
<arg>SV</arg>
<arg>SX</arg>
<arg>SY</arg>
<arg>SZ</arg>
<arg>TC</arg>
<arg>TD</arg>
<arg>TF</arg>
<arg>TG</arg>
<arg>TH</arg>
<arg>TJ</arg>
<arg>TK</arg>
<arg>TL</arg>
<arg>TM</arg>
<arg>TN</arg>
<arg>TO</arg>
<arg>TR</arg>
<arg>TT</arg>
<arg>TV</arg>
<arg>TW</arg>
<arg>TZ</arg>
<arg>UA</arg>
<arg>UG</arg>
<arg>UM</arg>
<arg>US</arg>
<arg>UY</arg>
<arg>UZ</arg>
<arg>VA</arg>
<arg>VC</arg>
<arg>VE</arg>
<arg>VG</arg>
<arg>VI</arg>
<arg>VN</arg>
<arg>VU</arg>
<arg>WF</arg>
<arg>WS</arg>
<arg>XK</arg>
<arg>YE</arg>
<arg>YT</arg>
<arg>ZA</arg>
<arg>ZM</arg>
<arg>ZW</arg>
<doc>Returns a list containing given items.</doc>
<status status="PASS" start="2024-06-23T03:16:15.054166" elapsed="0.000626"/>
</kw>
<kw name="List Should Contain Value" owner="Collections">
<arg>${list_country}</arg>
<arg>${name_country}</arg>
<doc>Fails if the ``value`` is not found from ``list``.</doc>
<status status="PASS" start="2024-06-23T03:16:15.055586" elapsed="0.000209"/>
</kw>
<kw name="Run Keyword If" owner="BuiltIn">
<kw name="Should Be True" owner="BuiltIn">
<arg>${True}</arg>
<doc>Fails if the given condition is not true.</doc>
<status status="PASS" start="2024-06-23T03:16:15.056738" elapsed="0.000139"/>
</kw>
<arg>${json_data["results"][0]["location"]["coordinates"]["latitude"]} &gt;= -90 and ${json_data["results"][0]["location"]["coordinates"]["latitude"]} &lt;= 90</arg>
<arg>Should Be True</arg>
<arg>${True}</arg>
<doc>Runs the given keyword with the given arguments, if ``condition`` is true.</doc>
<status status="PASS" start="2024-06-23T03:16:15.055995" elapsed="0.001059"/>
</kw>
<kw name="Run Keyword If" owner="BuiltIn">
<kw name="Should Be True" owner="BuiltIn">
<arg>${True}</arg>
<doc>Fails if the given condition is not true.</doc>
<status status="PASS" start="2024-06-23T03:16:15.057939" elapsed="0.000245"/>
</kw>
<arg>${json_data["results"][0]["location"]["coordinates"]["longitude"]} &gt;= -180 and ${json_data["results"][0]["location"]["coordinates"]["longitude"]} &lt;= 180</arg>
<arg>Should Be True</arg>
<arg>${True}</arg>
<doc>Runs the given keyword with the given arguments, if ``condition`` is true.</doc>
<status status="PASS" start="2024-06-23T03:16:15.057244" elapsed="0.001068"/>
</kw>
<status status="PASS" start="2024-06-23T03:16:14.949990" elapsed="0.108456"/>
</kw>
<doc>Testa o conteúdo específico dos campos retornados pela API.</doc>
<tag>testeConteudo</tag>
<status status="PASS" start="2024-06-23T03:16:14.949454" elapsed="0.109144"/>
</test>
<status status="PASS" start="2024-06-23T03:16:14.124141" elapsed="0.936369"/>
</suite>
<status status="PASS" start="2024-06-23T03:16:14.109442" elapsed="0.956182"/>
</suite>
<statistics>
<total>
<stat pass="5" fail="0" skip="0">All Tests</stat>
</total>
<tag>
<stat pass="1" fail="0" skip="0">testeConteudo</stat>
<stat pass="1" fail="0" skip="0">testeEstruturaResposta</stat>
<stat pass="1" fail="0" skip="0">testeRequisicaoBasica</stat>
<stat pass="1" fail="0" skip="0">testeTiposDados</stat>
</tag>
<suite>
<stat pass="5" fail="0" skip="0" id="s1" name="Tests">Tests</stat>
<stat pass="5" fail="0" skip="0" id="s1-s1" name="Random-User-Test">Tests.Random-User-Test</stat>
</suite>
</statistics>
<errors>
</errors>
</robot>
