<?xml version="1.0" encoding="UTF-8"?>
<robot generator="Robot 7.0.1 (Python 3.12.4 on linux)" generated="2024-06-30T10:14:25.532234" rpa="false" schemaversion="5">
<suite id="s1" name="Tests" source="/home/runner/work/ApiRandomUser/ApiRandomUser/RamdonUser/tests">
<suite id="s1-s1" name="Random-User-Test" source="/home/runner/work/ApiRandomUser/ApiRandomUser/RamdonUser/tests/random-user-test.robot">
<test id="s1-s1-t1" name="Conectar" line="13">
<kw name="Conectar API" owner="random-user-service">
<kw name="Create Session" owner="RequestsLibrary">
<msg time="2024-06-30T10:14:25.920492" level="INFO">Creating Session using : alias=consultarAPI, url=https://randomuser.me/, headers={},                     cookies={}, auth=None, timeout=None, proxies=None, verify=False,                     debug=0 </msg>
<arg>consultarAPI</arg>
<arg>${URL}</arg>
<doc>Create Session: create a HTTP session to a server</doc>
<status status="PASS" start="2024-06-30T10:14:25.920282" elapsed="0.000382"/>
</kw>
<status status="PASS" start="2024-06-30T10:14:25.919320" elapsed="0.001693"/>
</kw>
<status status="PASS" start="2024-06-30T10:14:25.918808" elapsed="0.002421"/>
</test>
<test id="s1-s1-t2" name="Validar retorno 200 e JSON Válido" line="16">
<kw name="Teste de Requisicao Basica" owner="random-user-service">
<kw name="GET On Session" owner="RequestsLibrary">
<msg time="2024-06-30T10:14:25.979157" level="INFO">GET Request : url=https://randomuser.me/api 
 path_url=/api 
 headers={'User-Agent': 'python-requests/2.32.3', 'Accept-Encoding': 'gzip, deflate', 'Accept': '*/*', 'Connection': 'keep-alive'} 
 body=None 
 </msg>
<msg time="2024-06-30T10:14:25.979280" level="INFO">GET Response : url=https://randomuser.me/api 
 status=200, reason=OK 
 headers={'Date': 'Sun, 30 Jun 2024 10:14:25 GMT', 'Content-Type': 'application/json; charset=utf-8', 'Transfer-Encoding': 'chunked', 'Connection': 'keep-alive', 'X-Powered-By': 'Express', 'Access-Control-Allow-Origin': '*', 'Cache-Control': 'no-cache', 'ETag': 'W/"49c-JrcZZYGyYr+5Q26KMmZWq70eHtI"', 'Vary': 'Accept-Encoding', 'Content-Encoding': 'gzip', 'CF-Cache-Status': 'DYNAMIC', 'Report-To': '{"endpoints":[{"url":"https:\\/\\/a.nel.cloudflare.com\\/report\\/v4?s=8Ykk38wNMnm0XBGBlenFN7kA5bPgFItihfmT%2FMeBGyaxVKnTct%2FTahRMfhNbqT%2BpaVJUSazgC2IeWJ2pvY7cQ%2FpxAIBnVYQpCJRtLmJgHbLc8nwO2BKWADsqPbJ3WUdt"}],"group":"cf-nel","max_age":604800}', 'NEL': '{"success_fraction":0,"report_to":"cf-nel","max_age":604800}', 'Server': 'cloudflare', 'CF-RAY': '89bd63ac2c091fe5-IAD', 'alt-svc': 'h3=":443"; ma=86400'} 
 body={"results":[{"gender":"female","name":{"title":"Mrs","first":"Noémie","last":"Anderson"},"location":{"street":{"number":8593,"name":"Regent Ave"},"city":"Selkirk","state":"Nova Scotia","country":"Canada","postcode":"K6H 9L1","coordinates":{"latitude":"-65.5241","longitude":"39.5584"},"timezone":{"offset":"+10:00","description":"Eastern Australia, Guam, Vladivostok"}},"email":"noemie.anderson@example.com","login":{"uuid":"d18fdcb7-f627-4f61-9d8a-13bf9d70fa68","username":"redbutterfly295","password":"kirby","salt":"xjD0AfxZ","md5":"7e6d66567ac410b4cb5390ac0bcbffab","sha1":"4cf731b283f641845f9f0489fab80c0c0c5dc1ec","sha256":"1afa9002cc11a64c00ec39a732af5ef6504a3f1a57ee94d8ee93f9fc17188e12"},"dob":{"date":"1985-05-05T06:26:46.959Z","age":39},"registered":{"date":"2021-04-28T11:04:10.003Z","age":3},"phone":"W40 Y64-5643","cell":"R31 O53-8424","id":{"name":"SIN","value":"169016003"},"picture":{"large":"https://randomuser.me/api/portraits/women/59.jpg","medium":"https://randomuser.me/api/portraits/med/women/59.jpg","thumbnail":"https://randomuser.me/api/portraits/thumb/women/59.jpg"},"nat":"CA"}],"info":{"seed":"8e10056829c32e95","results":1,"page":1,"version":"1.4"}} 
 </msg>
<msg time="2024-06-30T10:14:25.979370" level="INFO">/opt/hostedtoolcache/Python/3.12.4/x64/lib/python3.12/site-packages/urllib3/connectionpool.py:1099: InsecureRequestWarning: Unverified HTTPS request is being made to host 'randomuser.me'. Adding certificate verification is strongly advised. See: https://urllib3.readthedocs.io/en/latest/advanced-usage.html#tls-warnings
  warnings.warn(</msg>
<msg time="2024-06-30T10:14:25.979497" level="INFO">${response} = &lt;Response [200]&gt;</msg>
<var>${response}</var>
<arg>consultarAPI</arg>
<arg>/api</arg>
<doc>Sends a GET request on a previously created HTTP Session.</doc>
<status status="PASS" start="2024-06-30T10:14:25.923776" elapsed="0.055774"/>
</kw>
<kw name="Should Be Equal As Numbers" owner="BuiltIn">
<msg time="2024-06-30T10:14:25.980387" level="INFO">Argument types are:
&lt;class 'int'&gt;
&lt;class 'str'&gt;</msg>
<arg>${response.status_code}</arg>
<arg>200</arg>
<doc>Fails if objects are unequal after converting them to real numbers.</doc>
<status status="PASS" start="2024-06-30T10:14:25.979985" elapsed="0.000464"/>
</kw>
<kw name="Log" owner="BuiltIn">
<msg time="2024-06-30T10:14:25.981105" level="INFO">200</msg>
<arg>${response.status_code}</arg>
<doc>Logs the given message with the given level.</doc>
<status status="PASS" start="2024-06-30T10:14:25.980761" elapsed="0.000388"/>
</kw>
<kw name="Set Variable" owner="BuiltIn">
<msg time="2024-06-30T10:14:25.981939" level="INFO">${json_data} = {'results': [{'gender': 'female', 'name': {'title': 'Mrs', 'first': 'Noémie', 'last': 'Anderson'}, 'location': {'street': {'number': 8593, 'name': 'Regent Ave'}, 'city': 'Selkirk', 'state': 'Nova Scot...</msg>
<var>${json_data}</var>
<arg>${response.json()}</arg>
<doc>Returns the given values which can then be assigned to a variables.</doc>
<status status="PASS" start="2024-06-30T10:14:25.981503" elapsed="0.000466"/>
</kw>
<kw name="Dictionary Should Contain Key" owner="Collections">
<arg>${json_data}</arg>
<arg>results</arg>
<doc>Fails if ``key`` is not found from ``dictionary``.</doc>
<status status="PASS" start="2024-06-30T10:14:25.982266" elapsed="0.000167"/>
</kw>
<status status="PASS" start="2024-06-30T10:14:25.923534" elapsed="0.059043"/>
</kw>
<doc>Testa se a API responde corretamente e retorna um objeto JSON válido.</doc>
<tag>testeRequisicaoBasica</tag>
<status status="PASS" start="2024-06-30T10:14:25.923095" elapsed="0.059639"/>
</test>
<test id="s1-s1-t3" name="Validar estrutura de resposta" line="22">
<kw name="Teste de Estrutura de Resposta" owner="random-user-service">
<kw name="GET On Session" owner="RequestsLibrary">
<msg time="2024-06-30T10:14:26.072882" level="INFO">GET Request : url=https://randomuser.me/api 
 path_url=/api 
 headers={'User-Agent': 'python-requests/2.32.3', 'Accept-Encoding': 'gzip, deflate', 'Accept': '*/*', 'Connection': 'keep-alive'} 
 body=None 
 </msg>
<msg time="2024-06-30T10:14:26.072956" level="INFO">GET Response : url=https://randomuser.me/api 
 status=200, reason=OK 
 headers={'Date': 'Sun, 30 Jun 2024 10:14:26 GMT', 'Content-Type': 'application/json; charset=utf-8', 'Transfer-Encoding': 'chunked', 'Connection': 'keep-alive', 'X-Powered-By': 'Express', 'Access-Control-Allow-Origin': '*', 'Cache-Control': 'no-cache', 'ETag': 'W/"4aa-QYPLuQuJkj0yIeZFO/3YrKY8QJg"', 'Vary': 'Accept-Encoding', 'Content-Encoding': 'gzip', 'CF-Cache-Status': 'DYNAMIC', 'Report-To': '{"endpoints":[{"url":"https:\\/\\/a.nel.cloudflare.com\\/report\\/v4?s=Bj7azgM%2BkHlGrjMrMkruK5xDjnUYbm5jni9P0LgV3KAO8Jdx13Q0hSu%2FxTU%2FtVQK1YO4P32wmjLVyloGXDpnNGwWRyDBAPv8TWXSqAyRlHKepDI%2Fi4Af4fhWmMvrk8Op"}],"group":"cf-nel","max_age":604800}', 'NEL': '{"success_fraction":0,"report_to":"cf-nel","max_age":604800}', 'Server': 'cloudflare', 'CF-RAY': '89bd63ac6c4c1fe5-IAD', 'alt-svc': 'h3=":443"; ma=86400'} 
 body={"results":[{"gender":"female","name":{"title":"Mrs","first":"Anel","last":"Limón"},"location":{"street":{"number":4674,"name":"Circunvalación Bhután"},"city":"El Alazán","state":"Guerrero","country":"Mexico","postcode":19086,"coordinates":{"latitude":"29.9201","longitude":"22.2960"},"timezone":{"offset":"+3:00","description":"Baghdad, Riyadh, Moscow, St. Petersburg"}},"email":"anel.limon@example.com","login":{"uuid":"17587636-1716-4e01-a012-42e1bfa0cb24","username":"blackelephant258","password":"baddest","salt":"Bfy3de4a","md5":"53b3bf24fe754736ead996c6e9fe1c12","sha1":"2566d658e49d5c83b42176faad3ed00665e72e8a","sha256":"76d28e6db79cf66664c8dacea080b737d0e95b396d41fe5a1876e651bd293e1c"},"dob":{"date":"1994-04-27T06:52:17.308Z","age":30},"registered":{"date":"2004-04-19T17:18:03.320Z","age":20},"phone":"(696) 076 1216","cell":"(616) 628 1722","id":{"name":"NSS","value":"27 18 06 7460 6"},"picture":{"large":"https://randomuser.me/api/portraits/women/72.jpg","medium":"https://randomuser.me/api/portraits/med/women/72.jpg","thumbnail":"https://randomuser.me/api/portraits/thumb/women/72.jpg"},"nat":"MX"}],"info":{"seed":"ab11a4a71f19fd19","results":1,"page":1,"version":"1.4"}} 
 </msg>
<msg time="2024-06-30T10:14:26.073058" level="INFO">/opt/hostedtoolcache/Python/3.12.4/x64/lib/python3.12/site-packages/urllib3/connectionpool.py:1099: InsecureRequestWarning: Unverified HTTPS request is being made to host 'randomuser.me'. Adding certificate verification is strongly advised. See: https://urllib3.readthedocs.io/en/latest/advanced-usage.html#tls-warnings
  warnings.warn(</msg>
<msg time="2024-06-30T10:14:26.073174" level="INFO">${response} = &lt;Response [200]&gt;</msg>
<var>${response}</var>
<arg>consultarAPI</arg>
<arg>/api</arg>
<doc>Sends a GET request on a previously created HTTP Session.</doc>
<status status="PASS" start="2024-06-30T10:14:25.985620" elapsed="0.087615"/>
</kw>
<kw name="Set Variable" owner="BuiltIn">
<msg time="2024-06-30T10:14:26.074104" level="INFO">${json_data} = {'results': [{'gender': 'female', 'name': {'title': 'Mrs', 'first': 'Anel', 'last': 'Limón'}, 'location': {'street': {'number': 4674, 'name': 'Circunvalación Bhután'}, 'city': 'El Alazán', 'state': 'G...</msg>
<var>${json_data}</var>
<arg>${response.json()}</arg>
<doc>Returns the given values which can then be assigned to a variables.</doc>
<status status="PASS" start="2024-06-30T10:14:26.073637" elapsed="0.000497"/>
</kw>
<kw name="Log" owner="BuiltIn">
<msg time="2024-06-30T10:14:26.074608" level="INFO">{'results': [{'gender': 'female', 'name': {'title': 'Mrs', 'first': 'Anel', 'last': 'Limón'}, 'location': {'street': {'number': 4674, 'name': 'Circunvalación Bhután'}, 'city': 'El Alazán', 'state': 'Guerrero', 'country': 'Mexico', 'postcode': 19086, 'coordinates': {'latitude': '29.9201', 'longitude': '22.2960'}, 'timezone': {'offset': '+3:00', 'description': 'Baghdad, Riyadh, Moscow, St. Petersburg'}}, 'email': 'anel.limon@example.com', 'login': {'uuid': '17587636-1716-4e01-a012-42e1bfa0cb24', 'username': 'blackelephant258', 'password': 'baddest', 'salt': 'Bfy3de4a', 'md5': '53b3bf24fe754736ead996c6e9fe1c12', 'sha1': '2566d658e49d5c83b42176faad3ed00665e72e8a', 'sha256': '76d28e6db79cf66664c8dacea080b737d0e95b396d41fe5a1876e651bd293e1c'}, 'dob': {'date': '1994-04-27T06:52:17.308Z', 'age': 30}, 'registered': {'date': '2004-04-19T17:18:03.320Z', 'age': 20}, 'phone': '(696) 076 1216', 'cell': '(616) 628 1722', 'id': {'name': 'NSS', 'value': '27 18 06 7460 6'}, 'picture': {'large': 'https://randomuser.me/api/portraits/women/72.jpg', 'medium': 'https://randomuser.me/api/portraits/med/women/72.jpg', 'thumbnail': 'https://randomuser.me/api/portraits/thumb/women/72.jpg'}, 'nat': 'MX'}], 'info': {'seed': 'ab11a4a71f19fd19', 'results': 1, 'page': 1, 'version': '1.4'}}</msg>
<arg>${json_data}</arg>
<doc>Logs the given message with the given level.</doc>
<status status="PASS" start="2024-06-30T10:14:26.074444" elapsed="0.000215"/>
</kw>
<kw name="Dictionary Should Contain Key" owner="Collections">
<arg>${json_data}</arg>
<arg>results</arg>
<doc>Fails if ``key`` is not found from ``dictionary``.</doc>
<status status="PASS" start="2024-06-30T10:14:26.074956" elapsed="0.000165"/>
</kw>
<kw name="Should Not Be Empty" owner="BuiltIn">
<msg time="2024-06-30T10:14:26.075440" level="INFO">Length is 2.</msg>
<arg>${json_data}</arg>
<doc>Verifies that the given item is not empty.</doc>
<status status="PASS" start="2024-06-30T10:14:26.075309" elapsed="0.000179"/>
</kw>
<kw name="Create List" owner="BuiltIn">
<msg time="2024-06-30T10:14:26.076076" level="INFO">${expected_keys} = ['gender', 'name', 'location', 'email', 'login']</msg>
<var>${expected_keys}</var>
<arg>gender</arg>
<arg>name</arg>
<arg>location</arg>
<arg>email</arg>
<arg>login</arg>
<doc>Returns a list containing given items.</doc>
<status status="PASS" start="2024-06-30T10:14:26.075792" elapsed="0.000309"/>
</kw>
<for flavor="IN">
<iter>
<kw name="Dictionary Should Contain Key" owner="Collections">
<arg>${json_data['results'][0]}</arg>
<arg>${key}</arg>
<doc>Fails if ``key`` is not found from ``dictionary``.</doc>
<status status="PASS" start="2024-06-30T10:14:26.076673" elapsed="0.000409"/>
</kw>
<kw name="Log" owner="BuiltIn">
<msg time="2024-06-30T10:14:26.077684" level="INFO">{'gender': 'female', 'name': {'title': 'Mrs', 'first': 'Anel', 'last': 'Limón'}, 'location': {'street': {'number': 4674, 'name': 'Circunvalación Bhután'}, 'city': 'El Alazán', 'state': 'Guerrero', 'country': 'Mexico', 'postcode': 19086, 'coordinates': {'latitude': '29.9201', 'longitude': '22.2960'}, 'timezone': {'offset': '+3:00', 'description': 'Baghdad, Riyadh, Moscow, St. Petersburg'}}, 'email': 'anel.limon@example.com', 'login': {'uuid': '17587636-1716-4e01-a012-42e1bfa0cb24', 'username': 'blackelephant258', 'password': 'baddest', 'salt': 'Bfy3de4a', 'md5': '53b3bf24fe754736ead996c6e9fe1c12', 'sha1': '2566d658e49d5c83b42176faad3ed00665e72e8a', 'sha256': '76d28e6db79cf66664c8dacea080b737d0e95b396d41fe5a1876e651bd293e1c'}, 'dob': {'date': '1994-04-27T06:52:17.308Z', 'age': 30}, 'registered': {'date': '2004-04-19T17:18:03.320Z', 'age': 20}, 'phone': '(696) 076 1216', 'cell': '(616) 628 1722', 'id': {'name': 'NSS', 'value': '27 18 06 7460 6'}, 'picture': {'large': 'https://randomuser.me/api/portraits/women/72.jpg', 'medium': 'https://randomuser.me/api/portraits/med/women/72.jpg', 'thumbnail': 'https://randomuser.me/api/portraits/thumb/women/72.jpg'}, 'nat': 'MX'}</msg>
<arg>${json_data['results'][0]}</arg>
<doc>Logs the given message with the given level.</doc>
<status status="PASS" start="2024-06-30T10:14:26.077312" elapsed="0.000422"/>
</kw>
<kw name="Log" owner="BuiltIn">
<msg time="2024-06-30T10:14:26.078170" level="INFO">gender</msg>
<arg>${key}</arg>
<doc>Logs the given message with the given level.</doc>
<status status="PASS" start="2024-06-30T10:14:26.078033" elapsed="0.000175"/>
</kw>
<var name="${key}">gender</var>
<status status="PASS" start="2024-06-30T10:14:26.076549" elapsed="0.001876"/>
</iter>
<iter>
<kw name="Dictionary Should Contain Key" owner="Collections">
<arg>${json_data['results'][0]}</arg>
<arg>${key}</arg>
<doc>Fails if ``key`` is not found from ``dictionary``.</doc>
<status status="PASS" start="2024-06-30T10:14:26.078721" elapsed="0.000389"/>
</kw>
<kw name="Log" owner="BuiltIn">
<msg time="2024-06-30T10:14:26.079697" level="INFO">{'gender': 'female', 'name': {'title': 'Mrs', 'first': 'Anel', 'last': 'Limón'}, 'location': {'street': {'number': 4674, 'name': 'Circunvalación Bhután'}, 'city': 'El Alazán', 'state': 'Guerrero', 'country': 'Mexico', 'postcode': 19086, 'coordinates': {'latitude': '29.9201', 'longitude': '22.2960'}, 'timezone': {'offset': '+3:00', 'description': 'Baghdad, Riyadh, Moscow, St. Petersburg'}}, 'email': 'anel.limon@example.com', 'login': {'uuid': '17587636-1716-4e01-a012-42e1bfa0cb24', 'username': 'blackelephant258', 'password': 'baddest', 'salt': 'Bfy3de4a', 'md5': '53b3bf24fe754736ead996c6e9fe1c12', 'sha1': '2566d658e49d5c83b42176faad3ed00665e72e8a', 'sha256': '76d28e6db79cf66664c8dacea080b737d0e95b396d41fe5a1876e651bd293e1c'}, 'dob': {'date': '1994-04-27T06:52:17.308Z', 'age': 30}, 'registered': {'date': '2004-04-19T17:18:03.320Z', 'age': 20}, 'phone': '(696) 076 1216', 'cell': '(616) 628 1722', 'id': {'name': 'NSS', 'value': '27 18 06 7460 6'}, 'picture': {'large': 'https://randomuser.me/api/portraits/women/72.jpg', 'medium': 'https://randomuser.me/api/portraits/med/women/72.jpg', 'thumbnail': 'https://randomuser.me/api/portraits/thumb/women/72.jpg'}, 'nat': 'MX'}</msg>
<arg>${json_data['results'][0]}</arg>
<doc>Logs the given message with the given level.</doc>
<status status="PASS" start="2024-06-30T10:14:26.079326" elapsed="0.000420"/>
</kw>
<kw name="Log" owner="BuiltIn">
<msg time="2024-06-30T10:14:26.080171" level="INFO">name</msg>
<arg>${key}</arg>
<doc>Logs the given message with the given level.</doc>
<status status="PASS" start="2024-06-30T10:14:26.080045" elapsed="0.000164"/>
</kw>
<var name="${key}">name</var>
<status status="PASS" start="2024-06-30T10:14:26.078611" elapsed="0.001814"/>
</iter>
<iter>
<kw name="Dictionary Should Contain Key" owner="Collections">
<arg>${json_data['results'][0]}</arg>
<arg>${key}</arg>
<doc>Fails if ``key`` is not found from ``dictionary``.</doc>
<status status="PASS" start="2024-06-30T10:14:26.080708" elapsed="0.000377"/>
</kw>
<kw name="Log" owner="BuiltIn">
<msg time="2024-06-30T10:14:26.081656" level="INFO">{'gender': 'female', 'name': {'title': 'Mrs', 'first': 'Anel', 'last': 'Limón'}, 'location': {'street': {'number': 4674, 'name': 'Circunvalación Bhután'}, 'city': 'El Alazán', 'state': 'Guerrero', 'country': 'Mexico', 'postcode': 19086, 'coordinates': {'latitude': '29.9201', 'longitude': '22.2960'}, 'timezone': {'offset': '+3:00', 'description': 'Baghdad, Riyadh, Moscow, St. Petersburg'}}, 'email': 'anel.limon@example.com', 'login': {'uuid': '17587636-1716-4e01-a012-42e1bfa0cb24', 'username': 'blackelephant258', 'password': 'baddest', 'salt': 'Bfy3de4a', 'md5': '53b3bf24fe754736ead996c6e9fe1c12', 'sha1': '2566d658e49d5c83b42176faad3ed00665e72e8a', 'sha256': '76d28e6db79cf66664c8dacea080b737d0e95b396d41fe5a1876e651bd293e1c'}, 'dob': {'date': '1994-04-27T06:52:17.308Z', 'age': 30}, 'registered': {'date': '2004-04-19T17:18:03.320Z', 'age': 20}, 'phone': '(696) 076 1216', 'cell': '(616) 628 1722', 'id': {'name': 'NSS', 'value': '27 18 06 7460 6'}, 'picture': {'large': 'https://randomuser.me/api/portraits/women/72.jpg', 'medium': 'https://randomuser.me/api/portraits/med/women/72.jpg', 'thumbnail': 'https://randomuser.me/api/portraits/thumb/women/72.jpg'}, 'nat': 'MX'}</msg>
<arg>${json_data['results'][0]}</arg>
<doc>Logs the given message with the given level.</doc>
<status status="PASS" start="2024-06-30T10:14:26.081297" elapsed="0.000408"/>
</kw>
<kw name="Log" owner="BuiltIn">
<msg time="2024-06-30T10:14:26.082136" level="INFO">location</msg>
<arg>${key}</arg>
<doc>Logs the given message with the given level.</doc>
<status status="PASS" start="2024-06-30T10:14:26.082007" elapsed="0.000166"/>
</kw>
<var name="${key}">location</var>
<status status="PASS" start="2024-06-30T10:14:26.080601" elapsed="0.001787"/>
</iter>
<iter>
<kw name="Dictionary Should Contain Key" owner="Collections">
<arg>${json_data['results'][0]}</arg>
<arg>${key}</arg>
<doc>Fails if ``key`` is not found from ``dictionary``.</doc>
<status status="PASS" start="2024-06-30T10:14:26.082662" elapsed="0.000386"/>
</kw>
<kw name="Log" owner="BuiltIn">
<msg time="2024-06-30T10:14:26.083578" level="INFO">{'gender': 'female', 'name': {'title': 'Mrs', 'first': 'Anel', 'last': 'Limón'}, 'location': {'street': {'number': 4674, 'name': 'Circunvalación Bhután'}, 'city': 'El Alazán', 'state': 'Guerrero', 'country': 'Mexico', 'postcode': 19086, 'coordinates': {'latitude': '29.9201', 'longitude': '22.2960'}, 'timezone': {'offset': '+3:00', 'description': 'Baghdad, Riyadh, Moscow, St. Petersburg'}}, 'email': 'anel.limon@example.com', 'login': {'uuid': '17587636-1716-4e01-a012-42e1bfa0cb24', 'username': 'blackelephant258', 'password': 'baddest', 'salt': 'Bfy3de4a', 'md5': '53b3bf24fe754736ead996c6e9fe1c12', 'sha1': '2566d658e49d5c83b42176faad3ed00665e72e8a', 'sha256': '76d28e6db79cf66664c8dacea080b737d0e95b396d41fe5a1876e651bd293e1c'}, 'dob': {'date': '1994-04-27T06:52:17.308Z', 'age': 30}, 'registered': {'date': '2004-04-19T17:18:03.320Z', 'age': 20}, 'phone': '(696) 076 1216', 'cell': '(616) 628 1722', 'id': {'name': 'NSS', 'value': '27 18 06 7460 6'}, 'picture': {'large': 'https://randomuser.me/api/portraits/women/72.jpg', 'medium': 'https://randomuser.me/api/portraits/med/women/72.jpg', 'thumbnail': 'https://randomuser.me/api/portraits/thumb/women/72.jpg'}, 'nat': 'MX'}</msg>
<arg>${json_data['results'][0]}</arg>
<doc>Logs the given message with the given level.</doc>
<status status="PASS" start="2024-06-30T10:14:26.083229" elapsed="0.000398"/>
</kw>
<kw name="Log" owner="BuiltIn">
<msg time="2024-06-30T10:14:26.084045" level="INFO">email</msg>
<arg>${key}</arg>
<doc>Logs the given message with the given level.</doc>
<status status="PASS" start="2024-06-30T10:14:26.083920" elapsed="0.000163"/>
</kw>
<var name="${key}">email</var>
<status status="PASS" start="2024-06-30T10:14:26.082557" elapsed="0.001743"/>
</iter>
<iter>
<kw name="Dictionary Should Contain Key" owner="Collections">
<arg>${json_data['results'][0]}</arg>
<arg>${key}</arg>
<doc>Fails if ``key`` is not found from ``dictionary``.</doc>
<status status="PASS" start="2024-06-30T10:14:26.084589" elapsed="0.000381"/>
</kw>
<kw name="Log" owner="BuiltIn">
<msg time="2024-06-30T10:14:26.085539" level="INFO">{'gender': 'female', 'name': {'title': 'Mrs', 'first': 'Anel', 'last': 'Limón'}, 'location': {'street': {'number': 4674, 'name': 'Circunvalación Bhután'}, 'city': 'El Alazán', 'state': 'Guerrero', 'country': 'Mexico', 'postcode': 19086, 'coordinates': {'latitude': '29.9201', 'longitude': '22.2960'}, 'timezone': {'offset': '+3:00', 'description': 'Baghdad, Riyadh, Moscow, St. Petersburg'}}, 'email': 'anel.limon@example.com', 'login': {'uuid': '17587636-1716-4e01-a012-42e1bfa0cb24', 'username': 'blackelephant258', 'password': 'baddest', 'salt': 'Bfy3de4a', 'md5': '53b3bf24fe754736ead996c6e9fe1c12', 'sha1': '2566d658e49d5c83b42176faad3ed00665e72e8a', 'sha256': '76d28e6db79cf66664c8dacea080b737d0e95b396d41fe5a1876e651bd293e1c'}, 'dob': {'date': '1994-04-27T06:52:17.308Z', 'age': 30}, 'registered': {'date': '2004-04-19T17:18:03.320Z', 'age': 20}, 'phone': '(696) 076 1216', 'cell': '(616) 628 1722', 'id': {'name': 'NSS', 'value': '27 18 06 7460 6'}, 'picture': {'large': 'https://randomuser.me/api/portraits/women/72.jpg', 'medium': 'https://randomuser.me/api/portraits/med/women/72.jpg', 'thumbnail': 'https://randomuser.me/api/portraits/thumb/women/72.jpg'}, 'nat': 'MX'}</msg>
<arg>${json_data['results'][0]}</arg>
<doc>Logs the given message with the given level.</doc>
<status status="PASS" start="2024-06-30T10:14:26.085150" elapsed="0.000438"/>
</kw>
<kw name="Log" owner="BuiltIn">
<msg time="2024-06-30T10:14:26.086008" level="INFO">login</msg>
<arg>${key}</arg>
<doc>Logs the given message with the given level.</doc>
<status status="PASS" start="2024-06-30T10:14:26.085882" elapsed="0.000164"/>
</kw>
<var name="${key}">login</var>
<status status="PASS" start="2024-06-30T10:14:26.084472" elapsed="0.001786"/>
</iter>
<var>${key}</var>
<value>@{expected_keys}</value>
<status status="PASS" start="2024-06-30T10:14:26.076363" elapsed="0.010043"/>
</for>
<kw name="Create List" owner="BuiltIn">
<msg time="2024-06-30T10:14:26.086747" level="INFO">${expected_keysTwo} = ['username', 'password']</msg>
<var>${expected_keysTwo}</var>
<arg>username</arg>
<arg>password</arg>
<doc>Returns a list containing given items.</doc>
<status status="PASS" start="2024-06-30T10:14:26.086601" elapsed="0.000170"/>
</kw>
<for flavor="IN">
<iter>
<kw name="Dictionary Should Contain Key" owner="Collections">
<arg>${json_data['results'][0]['login']}</arg>
<arg>${keyTwo}</arg>
<doc>Fails if ``key`` is not found from ``dictionary``.</doc>
<status status="PASS" start="2024-06-30T10:14:26.087262" elapsed="0.000382"/>
</kw>
<kw name="Dictionary Should Contain Key" owner="Collections">
<arg>${json_data['results'][0]['login']}</arg>
<arg>${keyTwo}</arg>
<doc>Fails if ``key`` is not found from ``dictionary``.</doc>
<status status="PASS" start="2024-06-30T10:14:26.087820" elapsed="0.000380"/>
</kw>
<kw name="Log" owner="BuiltIn">
<msg time="2024-06-30T10:14:26.088501" level="INFO">username</msg>
<arg>${keyTwo}</arg>
<doc>Logs the given message with the given level.</doc>
<status status="PASS" start="2024-06-30T10:14:26.088381" elapsed="0.000157"/>
</kw>
<var name="${keyTwo}">username</var>
<status status="PASS" start="2024-06-30T10:14:26.087156" elapsed="0.001601"/>
</iter>
<iter>
<kw name="Dictionary Should Contain Key" owner="Collections">
<arg>${json_data['results'][0]['login']}</arg>
<arg>${keyTwo}</arg>
<doc>Fails if ``key`` is not found from ``dictionary``.</doc>
<status status="PASS" start="2024-06-30T10:14:26.089037" elapsed="0.000427"/>
</kw>
<kw name="Dictionary Should Contain Key" owner="Collections">
<arg>${json_data['results'][0]['login']}</arg>
<arg>${keyTwo}</arg>
<doc>Fails if ``key`` is not found from ``dictionary``.</doc>
<status status="PASS" start="2024-06-30T10:14:26.089644" elapsed="0.000367"/>
</kw>
<kw name="Log" owner="BuiltIn">
<msg time="2024-06-30T10:14:26.090367" level="INFO">password</msg>
<arg>${keyTwo}</arg>
<doc>Logs the given message with the given level.</doc>
<status status="PASS" start="2024-06-30T10:14:26.090201" elapsed="0.000211"/>
</kw>
<var name="${keyTwo}">password</var>
<status status="PASS" start="2024-06-30T10:14:26.088931" elapsed="0.001799"/>
</iter>
<var>${keyTwo}</var>
<value>@{expected_keysTwo}</value>
<status status="PASS" start="2024-06-30T10:14:26.087005" elapsed="0.003847"/>
</for>
<status status="PASS" start="2024-06-30T10:14:25.985271" elapsed="0.105720"/>
</kw>
<doc>Testa a estrutura da resposta da API.</doc>
<tag>testeEstruturaResposta</tag>
<status status="PASS" start="2024-06-30T10:14:25.984523" elapsed="0.106618"/>
</test>
<test id="s1-s1-t4" name="Validar tipos de dados" line="28">
<kw name="Teste de Tipos de Dados" owner="random-user-service">
<kw name="GET On Session" owner="RequestsLibrary">
<msg time="2024-06-30T10:14:26.175364" level="INFO">GET Request : url=https://randomuser.me/api 
 path_url=/api 
 headers={'User-Agent': 'python-requests/2.32.3', 'Accept-Encoding': 'gzip, deflate', 'Accept': '*/*', 'Connection': 'keep-alive'} 
 body=None 
 </msg>
<msg time="2024-06-30T10:14:26.175448" level="INFO">GET Response : url=https://randomuser.me/api 
 status=200, reason=OK 
 headers={'Date': 'Sun, 30 Jun 2024 10:14:26 GMT', 'Content-Type': 'application/json; charset=utf-8', 'Transfer-Encoding': 'chunked', 'Connection': 'keep-alive', 'X-Powered-By': 'Express', 'Access-Control-Allow-Origin': '*', 'Cache-Control': 'no-cache', 'ETag': 'W/"46f-+VSs8axetkgdpwV/RQiqZ5J9/F8"', 'Vary': 'Accept-Encoding', 'Content-Encoding': 'gzip', 'CF-Cache-Status': 'DYNAMIC', 'Report-To': '{"endpoints":[{"url":"https:\\/\\/a.nel.cloudflare.com\\/report\\/v4?s=OXD26TodfmK%2B6UrvacGGXOA9kg6cKfu8MFXlHRdzHNGwmYngSDKaUFg0VGdXUKZ1H5TfgTKzEXYu9OjoIhhyzH8Jz4uKmwvhslrUmDu%2B2g2xaTq9IhkBhG8gbGIk0uDd"}],"group":"cf-nel","max_age":604800}', 'NEL': '{"success_fraction":0,"report_to":"cf-nel","max_age":604800}', 'Server': 'cloudflare', 'CF-RAY': '89bd63ad1cdb1fe5-IAD', 'alt-svc': 'h3=":443"; ma=86400'} 
 body={"results":[{"gender":"male","name":{"title":"Mr","first":"Tony","last":"Jacobs"},"location":{"street":{"number":9866,"name":"Adams St"},"city":"Eugene","state":"Virginia","country":"United States","postcode":35613,"coordinates":{"latitude":"84.5163","longitude":"-93.1579"},"timezone":{"offset":"+5:45","description":"Kathmandu"}},"email":"tony.jacobs@example.com","login":{"uuid":"e7cf04e4-2553-48ce-a81f-1e0924f5dd0c","username":"bigzebra191","password":"laser1","salt":"kwuoHU5z","md5":"e58b7d15b9e28382bc5d9d6358a82f7a","sha1":"1479df6ec0fec22dadd08315c420ee68fa4ece46","sha256":"d32ee51983bc9aee58e90998a5198f4353906537d2e93ca6d68538eb60cd1dfd"},"dob":{"date":"1994-06-19T14:01:41.390Z","age":30},"registered":{"date":"2003-03-04T17:55:56.231Z","age":21},"phone":"(339) 488-0892","cell":"(816) 871-9990","id":{"name":"SSN","value":"502-10-5083"},"picture":{"large":"https://randomuser.me/api/portraits/men/60.jpg","medium":"https://randomuser.me/api/portraits/med/men/60.jpg","thumbnail":"https://randomuser.me/api/portraits/thumb/men/60.jpg"},"nat":"US"}],"info":{"seed":"6486ac7b238d23d3","results":1,"page":1,"version":"1.4"}} 
 </msg>
<msg time="2024-06-30T10:14:26.175516" level="INFO">/opt/hostedtoolcache/Python/3.12.4/x64/lib/python3.12/site-packages/urllib3/connectionpool.py:1099: InsecureRequestWarning: Unverified HTTPS request is being made to host 'randomuser.me'. Adding certificate verification is strongly advised. See: https://urllib3.readthedocs.io/en/latest/advanced-usage.html#tls-warnings
  warnings.warn(</msg>
<msg time="2024-06-30T10:14:26.175619" level="INFO">${response} = &lt;Response [200]&gt;</msg>
<var>${response}</var>
<arg>consultarAPI</arg>
<arg>/api</arg>
<doc>Sends a GET request on a previously created HTTP Session.</doc>
<status status="PASS" start="2024-06-30T10:14:26.093562" elapsed="0.082098"/>
</kw>
<kw name="Set Variable" owner="BuiltIn">
<msg time="2024-06-30T10:14:26.176542" level="INFO">${json_data} = {'results': [{'gender': 'male', 'name': {'title': 'Mr', 'first': 'Tony', 'last': 'Jacobs'}, 'location': {'street': {'number': 9866, 'name': 'Adams St'}, 'city': 'Eugene', 'state': 'Virginia', 'country...</msg>
<var>${json_data}</var>
<arg>${response.json()}</arg>
<doc>Returns the given values which can then be assigned to a variables.</doc>
<status status="PASS" start="2024-06-30T10:14:26.176112" elapsed="0.000457"/>
</kw>
<kw name="Log" owner="BuiltIn">
<msg time="2024-06-30T10:14:26.177057" level="INFO">{'results': [{'gender': 'male', 'name': {'title': 'Mr', 'first': 'Tony', 'last': 'Jacobs'}, 'location': {'street': {'number': 9866, 'name': 'Adams St'}, 'city': 'Eugene', 'state': 'Virginia', 'country': 'United States', 'postcode': 35613, 'coordinates': {'latitude': '84.5163', 'longitude': '-93.1579'}, 'timezone': {'offset': '+5:45', 'description': 'Kathmandu'}}, 'email': 'tony.jacobs@example.com', 'login': {'uuid': 'e7cf04e4-2553-48ce-a81f-1e0924f5dd0c', 'username': 'bigzebra191', 'password': 'laser1', 'salt': 'kwuoHU5z', 'md5': 'e58b7d15b9e28382bc5d9d6358a82f7a', 'sha1': '1479df6ec0fec22dadd08315c420ee68fa4ece46', 'sha256': 'd32ee51983bc9aee58e90998a5198f4353906537d2e93ca6d68538eb60cd1dfd'}, 'dob': {'date': '1994-06-19T14:01:41.390Z', 'age': 30}, 'registered': {'date': '2003-03-04T17:55:56.231Z', 'age': 21}, 'phone': '(339) 488-0892', 'cell': '(816) 871-9990', 'id': {'name': 'SSN', 'value': '502-10-5083'}, 'picture': {'large': 'https://randomuser.me/api/portraits/men/60.jpg', 'medium': 'https://randomuser.me/api/portraits/med/men/60.jpg', 'thumbnail': 'https://randomuser.me/api/portraits/thumb/men/60.jpg'}, 'nat': 'US'}], 'info': {'seed': '6486ac7b238d23d3', 'results': 1, 'page': 1, 'version': '1.4'}}</msg>
<arg>${json_data}</arg>
<doc>Logs the given message with the given level.</doc>
<status status="PASS" start="2024-06-30T10:14:26.176900" elapsed="0.000204"/>
</kw>
<kw name="Should Be String" owner="String">
<arg>${json_data['results'][0]['gender']}</arg>
<doc>Fails if the given ``item`` is not a string.</doc>
<status status="PASS" start="2024-06-30T10:14:26.177421" elapsed="0.000359"/>
</kw>
<kw name="Should Match Regexp" owner="BuiltIn">
<arg>${json_data['results'][0]['email']}</arg>
<arg>^[a-zA-Z0-9._%+-]+@[a-zA-Z0-9.-]+\.[a-zA-Z]{2,}$</arg>
<doc>Fails if ``string`` does not match ``pattern`` as a regular expression.</doc>
<status status="PASS" start="2024-06-30T10:14:26.178003" elapsed="0.000525"/>
</kw>
<kw name="Should Match Regexp" owner="BuiltIn">
<arg>${json_data['results'][0]['dob']['date']}</arg>
<arg>\\d{4}-\\d{2}-\\d{2}T\\d{2}:\\d{2}:\\d{2}\\.\\d{3}Z</arg>
<doc>Fails if ``string`` does not match ``pattern`` as a regular expression.</doc>
<status status="PASS" start="2024-06-30T10:14:26.178721" elapsed="0.000479"/>
</kw>
<kw name="Should Match Regexp" owner="BuiltIn">
<arg>${json_data['results'][0]['registered']['date']}</arg>
<arg>\\d{4}-\\d{2}-\\d{2}T\\d{2}:\\d{2}:\\d{2}\\.\\d{3}Z</arg>
<doc>Fails if ``string`` does not match ``pattern`` as a regular expression.</doc>
<status status="PASS" start="2024-06-30T10:14:26.179388" elapsed="0.000368"/>
</kw>
<kw name="Should Match Regexp" owner="BuiltIn">
<arg>${json_data['results'][0]['picture']['large']}</arg>
<arg>^https?://.*\.(?:png|jpe?g|gif|bmp)$</arg>
<doc>Fails if ``string`` does not match ``pattern`` as a regular expression.</doc>
<status status="PASS" start="2024-06-30T10:14:26.179939" elapsed="0.000450"/>
</kw>
<kw name="Should Match Regexp" owner="BuiltIn">
<arg>${json_data['results'][0]['picture']['medium']}</arg>
<arg>^https?://.*\.(?:png|jpe?g|gif|bmp)$</arg>
<doc>Fails if ``string`` does not match ``pattern`` as a regular expression.</doc>
<status status="PASS" start="2024-06-30T10:14:26.180581" elapsed="0.000348"/>
</kw>
<kw name="Should Match Regexp" owner="BuiltIn">
<arg>${json_data['results'][0]['picture']['thumbnail']}</arg>
<arg>^https?://.*\.(?:png|jpe?g|gif|bmp)$</arg>
<doc>Fails if ``string`` does not match ``pattern`` as a regular expression.</doc>
<status status="PASS" start="2024-06-30T10:14:26.181108" elapsed="0.000386"/>
</kw>
<kw name="Log" owner="BuiltIn">
<msg time="2024-06-30T10:14:26.182008" level="INFO">{'large': 'https://randomuser.me/api/portraits/men/60.jpg', 'medium': 'https://randomuser.me/api/portraits/med/men/60.jpg', 'thumbnail': 'https://randomuser.me/api/portraits/thumb/men/60.jpg'}</msg>
<arg>${json_data['results'][0]['picture']}</arg>
<doc>Logs the given message with the given level.</doc>
<status status="PASS" start="2024-06-30T10:14:26.181681" elapsed="0.000369"/>
</kw>
<status status="PASS" start="2024-06-30T10:14:26.093342" elapsed="0.088961"/>
</kw>
<kw name="Teste de Tipos de Dados - Postcode" owner="random-user-service">
<kw name="GET On Session" owner="RequestsLibrary">
<msg time="2024-06-30T10:14:26.276965" level="INFO">GET Request : url=https://randomuser.me/api 
 path_url=/api 
 headers={'User-Agent': 'python-requests/2.32.3', 'Accept-Encoding': 'gzip, deflate', 'Accept': '*/*', 'Connection': 'keep-alive'} 
 body=None 
 </msg>
<msg time="2024-06-30T10:14:26.277043" level="INFO">GET Response : url=https://randomuser.me/api 
 status=200, reason=OK 
 headers={'Date': 'Sun, 30 Jun 2024 10:14:26 GMT', 'Content-Type': 'application/json; charset=utf-8', 'Transfer-Encoding': 'chunked', 'Connection': 'keep-alive', 'X-Powered-By': 'Express', 'Access-Control-Allow-Origin': '*', 'Cache-Control': 'no-cache', 'ETag': 'W/"4ae-xA9BwZSkK8GyXENXRFocT5TKoYY"', 'Vary': 'Accept-Encoding', 'Content-Encoding': 'gzip', 'CF-Cache-Status': 'DYNAMIC', 'Report-To': '{"endpoints":[{"url":"https:\\/\\/a.nel.cloudflare.com\\/report\\/v4?s=ea8Ngxhv1tIWN3G%2B3%2ByMoN%2FYuSuxhZShtAMPVwWgti7Pjx65LExjUMEUMO17rCYIqaGoxOHemDGr%2FmnPDjYELXig3kv4UawERWxkY5GzoOmTPBvn01hvljew%2F%2FvL0nY0"}],"group":"cf-nel","max_age":604800}', 'NEL': '{"success_fraction":0,"report_to":"cf-nel","max_age":604800}', 'Server': 'cloudflare', 'CF-RAY': '89bd63adad551fe5-IAD', 'alt-svc': 'h3=":443"; ma=86400'} 
 body={"results":[{"gender":"female","name":{"title":"Mrs","first":"Magdalena","last":"Cantú"},"location":{"street":{"number":5857,"name":"Peatonal Eslovenia"},"city":"Hidalgo","state":"Estado de Mexico","country":"Mexico","postcode":42467,"coordinates":{"latitude":"25.4660","longitude":"92.2458"},"timezone":{"offset":"-5:00","description":"Eastern Time (US &amp; Canada), Bogota, Lima"}},"email":"magdalena.cantu@example.com","login":{"uuid":"92649b55-5fb1-4cb9-a645-f9bb0a5771f2","username":"goldenzebra638","password":"driver","salt":"8QeVSMAy","md5":"c3b911bd60e454196104c24250abe2e7","sha1":"d03b1f1a321d17a45e40f57964a18e97f571446c","sha256":"2a71a6f870953058d88d43fbab080e936cdaabbc20c1a02d6513319879533f79"},"dob":{"date":"1985-09-02T22:47:53.093Z","age":38},"registered":{"date":"2016-08-16T09:29:38.238Z","age":7},"phone":"(663) 440 9130","cell":"(614) 762 2030","id":{"name":"NSS","value":"79 52 74 1967 7"},"picture":{"large":"https://randomuser.me/api/portraits/women/1.jpg","medium":"https://randomuser.me/api/portraits/med/women/1.jpg","thumbnail":"https://randomuser.me/api/portraits/thumb/women/1.jpg"},"nat":"MX"}],"info":{"seed":"d9a0c4840286d444","results":1,"page":1,"version":"1.4"}} 
 </msg>
<msg time="2024-06-30T10:14:26.277114" level="INFO">/opt/hostedtoolcache/Python/3.12.4/x64/lib/python3.12/site-packages/urllib3/connectionpool.py:1099: InsecureRequestWarning: Unverified HTTPS request is being made to host 'randomuser.me'. Adding certificate verification is strongly advised. See: https://urllib3.readthedocs.io/en/latest/advanced-usage.html#tls-warnings
  warnings.warn(</msg>
<msg time="2024-06-30T10:14:26.277242" level="INFO">${response} = &lt;Response [200]&gt;</msg>
<var>${response}</var>
<arg>consultarAPI</arg>
<arg>/api</arg>
<doc>Sends a GET request on a previously created HTTP Session.</doc>
<status status="PASS" start="2024-06-30T10:14:26.182723" elapsed="0.094565"/>
</kw>
<kw name="Set Variable" owner="BuiltIn">
<msg time="2024-06-30T10:14:26.278218" level="INFO">${json_data} = {'results': [{'gender': 'female', 'name': {'title': 'Mrs', 'first': 'Magdalena', 'last': 'Cantú'}, 'location': {'street': {'number': 5857, 'name': 'Peatonal Eslovenia'}, 'city': 'Hidalgo', 'state': 'E...</msg>
<var>${json_data}</var>
<arg>${response.json()}</arg>
<doc>Returns the given values which can then be assigned to a variables.</doc>
<status status="PASS" start="2024-06-30T10:14:26.277742" elapsed="0.000505"/>
</kw>
<kw name="Log" owner="BuiltIn">
<msg time="2024-06-30T10:14:26.278712" level="INFO">{'results': [{'gender': 'female', 'name': {'title': 'Mrs', 'first': 'Magdalena', 'last': 'Cantú'}, 'location': {'street': {'number': 5857, 'name': 'Peatonal Eslovenia'}, 'city': 'Hidalgo', 'state': 'Estado de Mexico', 'country': 'Mexico', 'postcode': 42467, 'coordinates': {'latitude': '25.4660', 'longitude': '92.2458'}, 'timezone': {'offset': '-5:00', 'description': 'Eastern Time (US &amp; Canada), Bogota, Lima'}}, 'email': 'magdalena.cantu@example.com', 'login': {'uuid': '92649b55-5fb1-4cb9-a645-f9bb0a5771f2', 'username': 'goldenzebra638', 'password': 'driver', 'salt': '8QeVSMAy', 'md5': 'c3b911bd60e454196104c24250abe2e7', 'sha1': 'd03b1f1a321d17a45e40f57964a18e97f571446c', 'sha256': '2a71a6f870953058d88d43fbab080e936cdaabbc20c1a02d6513319879533f79'}, 'dob': {'date': '1985-09-02T22:47:53.093Z', 'age': 38}, 'registered': {'date': '2016-08-16T09:29:38.238Z', 'age': 7}, 'phone': '(663) 440 9130', 'cell': '(614) 762 2030', 'id': {'name': 'NSS', 'value': '79 52 74 1967 7'}, 'picture': {'large': 'https://randomuser.me/api/portraits/women/1.jpg', 'medium': 'https://randomuser.me/api/portraits/med/women/1.jpg', 'thumbnail': 'https://randomuser.me/api/portraits/thumb/women/1.jpg'}, 'nat': 'MX'}], 'info': {'seed': 'd9a0c4840286d444', 'results': 1, 'page': 1, 'version': '1.4'}}</msg>
<arg>${json_data}</arg>
<doc>Logs the given message with the given level.</doc>
<status status="PASS" start="2024-06-30T10:14:26.278557" elapsed="0.000205"/>
</kw>
<kw name="Should Be Equal As Numbers" owner="BuiltIn">
<arg>${json_data['results'][0]['location']['postcode']}</arg>
<arg>${json_data['results'][0]['location']['postcode']}</arg>
<doc>Fails if objects are unequal after converting them to real numbers.</doc>
<status status="PASS" start="2024-06-30T10:14:26.279052" elapsed="0.000622"/>
</kw>
<kw name="Log" owner="BuiltIn">
<msg time="2024-06-30T10:14:26.280357" level="INFO">42467</msg>
<arg>${json_data['results'][0]['location']['postcode']}</arg>
<doc>Logs the given message with the given level.</doc>
<status status="PASS" start="2024-06-30T10:14:26.279896" elapsed="0.000503"/>
</kw>
<status status="PASS" start="2024-06-30T10:14:26.182511" elapsed="0.098139"/>
</kw>
<doc>Testa se os tipos de dados na resposta da API estão corretos.</doc>
<tag>testeTiposDados</tag>
<status status="PASS" start="2024-06-30T10:14:26.092899" elapsed="0.187912"/>
</test>
<test id="s1-s1-t5" name="Validar conteudo" line="35">
<kw name="Teste de Tipos de Conteudo" owner="random-user-service">
<kw name="GET On Session" owner="RequestsLibrary">
<msg time="2024-06-30T10:14:26.374077" level="INFO">GET Request : url=https://randomuser.me/api 
 path_url=/api 
 headers={'User-Agent': 'python-requests/2.32.3', 'Accept-Encoding': 'gzip, deflate', 'Accept': '*/*', 'Connection': 'keep-alive'} 
 body=None 
 </msg>
<msg time="2024-06-30T10:14:26.374157" level="INFO">GET Response : url=https://randomuser.me/api 
 status=200, reason=OK 
 headers={'Date': 'Sun, 30 Jun 2024 10:14:26 GMT', 'Content-Type': 'application/json; charset=utf-8', 'Transfer-Encoding': 'chunked', 'Connection': 'keep-alive', 'X-Powered-By': 'Express', 'Access-Control-Allow-Origin': '*', 'Cache-Control': 'no-cache', 'ETag': 'W/"474-UD5t8mCnYT0PbjA/OkiZ+hDD++8"', 'Vary': 'Accept-Encoding', 'Content-Encoding': 'gzip', 'CF-Cache-Status': 'DYNAMIC', 'Report-To': '{"endpoints":[{"url":"https:\\/\\/a.nel.cloudflare.com\\/report\\/v4?s=aj2n7OrlCTaL9PPa6EPynOxEEErAj%2BZs8x0JNTUplRevyB1wKVWHQb30%2BizNEl%2B9XusSWb6RCt2ZAGd8XohIQZ9GJWebgddpq6QEqbIRM9VZMz7SerfdlVXxu0fFLImt"}],"group":"cf-nel","max_age":604800}', 'NEL': '{"success_fraction":0,"report_to":"cf-nel","max_age":604800}', 'Server': 'cloudflare', 'CF-RAY': '89bd63ae4dd21fe5-IAD', 'alt-svc': 'h3=":443"; ma=86400'} 
 body={"results":[{"gender":"male","name":{"title":"Mr","first":"Matias","last":"Didriksen"},"location":{"street":{"number":3473,"name":"Grusveien"},"city":"Melbu","state":"Aust-Agder","country":"Norway","postcode":"1752","coordinates":{"latitude":"43.9450","longitude":"-1.0880"},"timezone":{"offset":"-12:00","description":"Eniwetok, Kwajalein"}},"email":"matias.didriksen@example.com","login":{"uuid":"9205480f-faa4-40fc-80d0-621abe9dbe05","username":"ticklishbird469","password":"2001","salt":"8QOsb8XX","md5":"deee7afa7421f0131c82c50f3d41aba5","sha1":"b216713e36736f5210db842fdae9c285b62428ed","sha256":"3f76477b88315463b84979793a8956ad5e8c94ebd6f1048c495461704b2f4c43"},"dob":{"date":"1952-07-06T01:36:34.948Z","age":71},"registered":{"date":"2004-09-22T19:01:55.594Z","age":19},"phone":"79586903","cell":"45795987","id":{"name":"FN","value":"06075216961"},"picture":{"large":"https://randomuser.me/api/portraits/men/67.jpg","medium":"https://randomuser.me/api/portraits/med/men/67.jpg","thumbnail":"https://randomuser.me/api/portraits/thumb/men/67.jpg"},"nat":"NO"}],"info":{"seed":"66c96493b8e0a9cd","results":1,"page":1,"version":"1.4"}} 
 </msg>
<msg time="2024-06-30T10:14:26.374224" level="INFO">/opt/hostedtoolcache/Python/3.12.4/x64/lib/python3.12/site-packages/urllib3/connectionpool.py:1099: InsecureRequestWarning: Unverified HTTPS request is being made to host 'randomuser.me'. Adding certificate verification is strongly advised. See: https://urllib3.readthedocs.io/en/latest/advanced-usage.html#tls-warnings
  warnings.warn(</msg>
<msg time="2024-06-30T10:14:26.374339" level="INFO">${response} = &lt;Response [200]&gt;</msg>
<var>${response}</var>
<arg>consultarAPI</arg>
<arg>/api</arg>
<doc>Sends a GET request on a previously created HTTP Session.</doc>
<status status="PASS" start="2024-06-30T10:14:26.283201" elapsed="0.091190"/>
</kw>
<kw name="Set Variable" owner="BuiltIn">
<msg time="2024-06-30T10:14:26.375416" level="INFO">${json_data} = {'results': [{'gender': 'male', 'name': {'title': 'Mr', 'first': 'Matias', 'last': 'Didriksen'}, 'location': {'street': {'number': 3473, 'name': 'Grusveien'}, 'city': 'Melbu', 'state': 'Aust-Agder', '...</msg>
<var>${json_data}</var>
<arg>${response.json()}</arg>
<doc>Returns the given values which can then be assigned to a variables.</doc>
<status status="PASS" start="2024-06-30T10:14:26.374859" elapsed="0.000585"/>
</kw>
<kw name="Set Variable" owner="BuiltIn">
<msg time="2024-06-30T10:14:26.376125" level="INFO">${name_title} = Mr</msg>
<var>${name_title}</var>
<arg>${json_data["results"][0]["name"]["title"]}</arg>
<doc>Returns the given values which can then be assigned to a variables.</doc>
<status status="PASS" start="2024-06-30T10:14:26.375752" elapsed="0.000398"/>
</kw>
<kw name="Create List" owner="BuiltIn">
<msg time="2024-06-30T10:14:26.376602" level="INFO">${allowed_titles} = ['Mr', 'Ms', 'Miss', 'Mrs', 'Madame', 'Monsieur']</msg>
<var>${allowed_titles}</var>
<arg>Mr</arg>
<arg>Ms</arg>
<arg>Miss</arg>
<arg>Mrs</arg>
<arg>Madame</arg>
<arg>Monsieur</arg>
<doc>Returns a list containing given items.</doc>
<status status="PASS" start="2024-06-30T10:14:26.376454" elapsed="0.000173"/>
</kw>
<kw name="List Should Contain Value" owner="Collections">
<arg>${allowed_titles}</arg>
<arg>${name_title}</arg>
<doc>Fails if the ``value`` is not found from ``list``.</doc>
<status status="PASS" start="2024-06-30T10:14:26.376928" elapsed="0.000177"/>
</kw>
<kw name="Set Variable" owner="BuiltIn">
<msg time="2024-06-30T10:14:26.377694" level="INFO">${name_country} = NO</msg>
<var>${name_country}</var>
<arg>${json_data["results"][0]["nat"]}</arg>
<doc>Returns the given values which can then be assigned to a variables.</doc>
<status status="PASS" start="2024-06-30T10:14:26.377325" elapsed="0.000393"/>
</kw>
<kw name="Create List" owner="BuiltIn">
<msg time="2024-06-30T10:14:26.378604" level="INFO">${list_country} = ['AD', 'AE', 'AF', 'AG', 'AI', 'AL', 'AM', 'AO', 'AQ', 'AR', 'AS', 'AT', 'AU', 'AW', 'AX', 'AZ', 'BA', 'BB', 'BD', 'BE', 'BF', 'BG', 'BH', 'BI', 'BJ', 'BL', 'BM', 'BN', 'BO', 'BQ', 'BR', 'BS', 'BT', '...</msg>
<var>${list_country}</var>
<arg>AD</arg>
<arg>AE</arg>
<arg>AF</arg>
<arg>AG</arg>
<arg>AI</arg>
<arg>AL</arg>
<arg>AM</arg>
<arg>AO</arg>
<arg>AQ</arg>
<arg>AR</arg>
<arg>AS</arg>
<arg>AT</arg>
<arg>AU</arg>
<arg>AW</arg>
<arg>AX</arg>
<arg>AZ</arg>
<arg>BA</arg>
<arg>BB</arg>
<arg>BD</arg>
<arg>BE</arg>
<arg>BF</arg>
<arg>BG</arg>
<arg>BH</arg>
<arg>BI</arg>
<arg>BJ</arg>
<arg>BL</arg>
<arg>BM</arg>
<arg>BN</arg>
<arg>BO</arg>
<arg>BQ</arg>
<arg>BR</arg>
<arg>BS</arg>
<arg>BT</arg>
<arg>BV</arg>
<arg>BW</arg>
<arg>BY</arg>
<arg>BZ</arg>
<arg>CA</arg>
<arg>CC</arg>
<arg>CD</arg>
<arg>CF</arg>
<arg>CG</arg>
<arg>CH</arg>
<arg>CI</arg>
<arg>CK</arg>
<arg>CL</arg>
<arg>CM</arg>
<arg>CN</arg>
<arg>CO</arg>
<arg>CR</arg>
<arg>CU</arg>
<arg>CV</arg>
<arg>CW</arg>
<arg>CX</arg>
<arg>CY</arg>
<arg>CZ</arg>
<arg>DE</arg>
<arg>DJ</arg>
<arg>DK</arg>
<arg>DM</arg>
<arg>DO</arg>
<arg>DZ</arg>
<arg>EC</arg>
<arg>EE</arg>
<arg>EG</arg>
<arg>EH</arg>
<arg>ER</arg>
<arg>ES</arg>
<arg>ET</arg>
<arg>FI</arg>
<arg>FJ</arg>
<arg>FK</arg>
<arg>FM</arg>
<arg>FO</arg>
<arg>FR</arg>
<arg>GA</arg>
<arg>GB</arg>
<arg>GD</arg>
<arg>GE</arg>
<arg>GF</arg>
<arg>GG</arg>
<arg>GH</arg>
<arg>GI</arg>
<arg>GL</arg>
<arg>GM</arg>
<arg>GN</arg>
<arg>GP</arg>
<arg>GQ</arg>
<arg>GR</arg>
<arg>GS</arg>
<arg>GT</arg>
<arg>GU</arg>
<arg>GW</arg>
<arg>GY</arg>
<arg>HK</arg>
<arg>HM</arg>
<arg>HN</arg>
<arg>HR</arg>
<arg>HT</arg>
<arg>HU</arg>
<arg>ID</arg>
<arg>IE</arg>
<arg>IL</arg>
<arg>IM</arg>
<arg>IN</arg>
<arg>IO</arg>
<arg>IQ</arg>
<arg>IR</arg>
<arg>IS</arg>
<arg>IT</arg>
<arg>JE</arg>
<arg>JM</arg>
<arg>JO</arg>
<arg>JP</arg>
<arg>KE</arg>
<arg>KG</arg>
<arg>KH</arg>
<arg>KI</arg>
<arg>KM</arg>
<arg>KN</arg>
<arg>KP</arg>
<arg>KR</arg>
<arg>KW</arg>
<arg>KY</arg>
<arg>KZ</arg>
<arg>LA</arg>
<arg>LB</arg>
<arg>LC</arg>
<arg>LI</arg>
<arg>LK</arg>
<arg>LR</arg>
<arg>LS</arg>
<arg>LT</arg>
<arg>LU</arg>
<arg>LV</arg>
<arg>LY</arg>
<arg>MA</arg>
<arg>MC</arg>
<arg>MD</arg>
<arg>ME</arg>
<arg>MF</arg>
<arg>MG</arg>
<arg>MH</arg>
<arg>MK</arg>
<arg>ML</arg>
<arg>MM</arg>
<arg>MN</arg>
<arg>MO</arg>
<arg>MP</arg>
<arg>MQ</arg>
<arg>MR</arg>
<arg>MS</arg>
<arg>MT</arg>
<arg>MU</arg>
<arg>MV</arg>
<arg>MW</arg>
<arg>MX</arg>
<arg>MY</arg>
<arg>MZ</arg>
<arg>NA</arg>
<arg>NC</arg>
<arg>NE</arg>
<arg>NF</arg>
<arg>NG</arg>
<arg>NI</arg>
<arg>NL</arg>
<arg>NO</arg>
<arg>NP</arg>
<arg>NR</arg>
<arg>NU</arg>
<arg>NZ</arg>
<arg>OM</arg>
<arg>PA</arg>
<arg>PE</arg>
<arg>PF</arg>
<arg>PG</arg>
<arg>PH</arg>
<arg>PK</arg>
<arg>PL</arg>
<arg>PM</arg>
<arg>PN</arg>
<arg>PR</arg>
<arg>PS</arg>
<arg>PT</arg>
<arg>PW</arg>
<arg>PY</arg>
<arg>QA</arg>
<arg>RE</arg>
<arg>RO</arg>
<arg>RS</arg>
<arg>RU</arg>
<arg>RW</arg>
<arg>SA</arg>
<arg>SB</arg>
<arg>SC</arg>
<arg>SD</arg>
<arg>SE</arg>
<arg>SG</arg>
<arg>SH</arg>
<arg>SI</arg>
<arg>SJ</arg>
<arg>SK</arg>
<arg>SL</arg>
<arg>SM</arg>
<arg>SN</arg>
<arg>SO</arg>
<arg>SR</arg>
<arg>SS</arg>
<arg>ST</arg>
<arg>SV</arg>
<arg>SX</arg>
<arg>SY</arg>
<arg>SZ</arg>
<arg>TC</arg>
<arg>TD</arg>
<arg>TF</arg>
<arg>TG</arg>
<arg>TH</arg>
<arg>TJ</arg>
<arg>TK</arg>
<arg>TL</arg>
<arg>TM</arg>
<arg>TN</arg>
<arg>TO</arg>
<arg>TR</arg>
<arg>TT</arg>
<arg>TV</arg>
<arg>TW</arg>
<arg>TZ</arg>
<arg>UA</arg>
<arg>UG</arg>
<arg>UM</arg>
<arg>US</arg>
<arg>UY</arg>
<arg>UZ</arg>
<arg>VA</arg>
<arg>VC</arg>
<arg>VE</arg>
<arg>VG</arg>
<arg>VI</arg>
<arg>VN</arg>
<arg>VU</arg>
<arg>WF</arg>
<arg>WS</arg>
<arg>XK</arg>
<arg>YE</arg>
<arg>YT</arg>
<arg>ZA</arg>
<arg>ZM</arg>
<arg>ZW</arg>
<doc>Returns a list containing given items.</doc>
<status status="PASS" start="2024-06-30T10:14:26.378011" elapsed="0.000618"/>
</kw>
<kw name="List Should Contain Value" owner="Collections">
<arg>${list_country}</arg>
<arg>${name_country}</arg>
<doc>Fails if the ``value`` is not found from ``list``.</doc>
<status status="PASS" start="2024-06-30T10:14:26.379426" elapsed="0.000202"/>
</kw>
<kw name="Run Keyword If" owner="BuiltIn">
<kw name="Should Be True" owner="BuiltIn">
<arg>${True}</arg>
<doc>Fails if the given condition is not true.</doc>
<status status="PASS" start="2024-06-30T10:14:26.380555" elapsed="0.000141"/>
</kw>
<arg>${json_data["results"][0]["location"]["coordinates"]["latitude"]} &gt;= -90 and ${json_data["results"][0]["location"]["coordinates"]["latitude"]} &lt;= 90</arg>
<arg>Should Be True</arg>
<arg>${True}</arg>
<doc>Runs the given keyword with the given arguments, if ``condition`` is true.</doc>
<status status="PASS" start="2024-06-30T10:14:26.379823" elapsed="0.000998"/>
</kw>
<kw name="Run Keyword If" owner="BuiltIn">
<kw name="Should Be True" owner="BuiltIn">
<arg>${True}</arg>
<doc>Fails if the given condition is not true.</doc>
<status status="PASS" start="2024-06-30T10:14:26.381727" elapsed="0.000227"/>
</kw>
<arg>${json_data["results"][0]["location"]["coordinates"]["longitude"]} &gt;= -180 and ${json_data["results"][0]["location"]["coordinates"]["longitude"]} &lt;= 180</arg>
<arg>Should Be True</arg>
<arg>${True}</arg>
<doc>Runs the given keyword with the given arguments, if ``condition`` is true.</doc>
<status status="PASS" start="2024-06-30T10:14:26.381001" elapsed="0.001083"/>
</kw>
<status status="PASS" start="2024-06-30T10:14:26.282989" elapsed="0.099227"/>
</kw>
<doc>Testa o conteúdo específico dos campos retornados pela API.</doc>
<tag>testeConteudo</tag>
<status status="PASS" start="2024-06-30T10:14:26.282572" elapsed="0.099787"/>
</test>
<status status="PASS" start="2024-06-30T10:14:25.590536" elapsed="0.793736"/>
</suite>
<status status="PASS" start="2024-06-30T10:14:25.576274" elapsed="0.813041"/>
</suite>
<statistics>
<total>
<stat pass="5" fail="0" skip="0">All Tests</stat>
</total>
<tag>
<stat pass="1" fail="0" skip="0">testeConteudo</stat>
<stat pass="1" fail="0" skip="0">testeEstruturaResposta</stat>
<stat pass="1" fail="0" skip="0">testeRequisicaoBasica</stat>
<stat pass="1" fail="0" skip="0">testeTiposDados</stat>
</tag>
<suite>
<stat pass="5" fail="0" skip="0" id="s1" name="Tests">Tests</stat>
<stat pass="5" fail="0" skip="0" id="s1-s1" name="Random-User-Test">Tests.Random-User-Test</stat>
</suite>
</statistics>
<errors>
</errors>
</robot>
