<?xml version="1.0" encoding="UTF-8"?>
<robot generator="Robot 7.0 (Python 3.12.2 on linux)" generated="2024-03-26T10:15:39.961441" rpa="false" schemaversion="5">
<suite id="s1" name="Tests" source="/home/runner/work/DesafioQAItauRogerioJordao/DesafioQAItauRogerioJordao/RamdonUser/tests">
<suite id="s1-s1" name="Random-User-Test" source="/home/runner/work/DesafioQAItauRogerioJordao/DesafioQAItauRogerioJordao/RamdonUser/tests/random-user-test.robot">
<test id="s1-s1-t1" name="Conectar" line="13">
<kw name="Conectar API" owner="random-user-service">
<kw name="Create Session" owner="RequestsLibrary">
<msg time="2024-03-26T10:15:40.330168" level="INFO">Creating Session using : alias=consultarAPI, url=https://randomuser.me/, headers={},                     cookies={}, auth=None, timeout=None, proxies=None, verify=False,                     debug=0 </msg>
<arg>consultarAPI</arg>
<arg>${URL}</arg>
<doc>Create Session: create a HTTP session to a server</doc>
<status status="PASS" start="2024-03-26T10:15:40.329955" elapsed="0.000408"/>
</kw>
<status status="PASS" start="2024-03-26T10:15:40.328859" elapsed="0.001889"/>
</kw>
<status status="PASS" start="2024-03-26T10:15:40.328213" elapsed="0.002741"/>
</test>
<test id="s1-s1-t2" name="Validar retorno 200 e JSON Válido" line="16">
<kw name="Teste de Requisicao Basica" owner="random-user-service">
<kw name="GET On Session" owner="RequestsLibrary">
<msg time="2024-03-26T10:15:40.554874" level="INFO">GET Request : url=https://randomuser.me/api 
 path_url=/api 
 headers={'User-Agent': 'python-requests/2.31.0', 'Accept-Encoding': 'gzip, deflate', 'Accept': '*/*', 'Connection': 'keep-alive'} 
 body=None 
 </msg>
<msg time="2024-03-26T10:15:40.555032" level="INFO">GET Response : url=https://randomuser.me/api 
 status=200, reason=OK 
 headers={'Date': 'Tue, 26 Mar 2024 10:15:40 GMT', 'Content-Type': 'application/json; charset=utf-8', 'Transfer-Encoding': 'chunked', 'Connection': 'keep-alive', 'X-Powered-By': 'Express', 'Access-Control-Allow-Origin': '*', 'Cache-Control': 'no-cache', 'ETag': 'W/"499-L0g6yZjvYfobjqATxO/dLULFVig"', 'Vary': 'Accept-Encoding', 'Content-Encoding': 'gzip', 'CF-Cache-Status': 'DYNAMIC', 'Report-To': '{"endpoints":[{"url":"https:\\/\\/a.nel.cloudflare.com\\/report\\/v4?s=mK1WqYcvFNG0jnSKt6AhJCh%2FwmeaWtrSJaJTYO6aCxUati4Q0Gzn4A%2BeCKF2UBtyuisgZM3vNQp2b2rUNF0pw1SDuwKe5r6ejEFG8hzxrPTtYKnaSXZN61uhbD%2BuAKem"}],"group":"cf-nel","max_age":604800}', 'NEL': '{"success_fraction":0,"report_to":"cf-nel","max_age":604800}', 'Server': 'cloudflare', 'CF-RAY': '86a6617deedacf49-SJC', 'alt-svc': 'h3=":443"; ma=86400'} 
 body={"results":[{"gender":"male","name":{"title":"Mr","first":"Izalino","last":"Peixoto"},"location":{"street":{"number":1550,"name":"Rua Santa Rita "},"city":"Juazeiro do Norte","state":"Pernambuco","country":"Brazil","postcode":82115,"coordinates":{"latitude":"-79.9732","longitude":"-13.5180"},"timezone":{"offset":"-8:00","description":"Pacific Time (US &amp; Canada)"}},"email":"izalino.peixoto@example.com","login":{"uuid":"8b22a79c-b685-4bda-9a1e-4d8aa3610064","username":"bigwolf369","password":"nittany","salt":"RAHuRYNf","md5":"a84bc33f219d8a4c46f1fc04b39fc563","sha1":"10556cb19b290656996d07a1a9848a1f413da064","sha256":"bfdc25c830d83c1a6861ea11bf6596622ebad16795cd6eded885e922a7be4768"},"dob":{"date":"1992-05-27T23:17:21.714Z","age":31},"registered":{"date":"2012-06-23T14:21:45.059Z","age":11},"phone":"(62) 3000-3306","cell":"(29) 4494-0042","id":{"name":"CPF","value":"193.289.470-95"},"picture":{"large":"https://randomuser.me/api/portraits/men/63.jpg","medium":"https://randomuser.me/api/portraits/med/men/63.jpg","thumbnail":"https://randomuser.me/api/portraits/thumb/men/63.jpg"},"nat":"BR"}],"info":{"seed":"37594f22367699d7","results":1,"page":1,"version":"1.4"}} 
 </msg>
<msg time="2024-03-26T10:15:40.555145" level="INFO">/opt/hostedtoolcache/Python/3.12.2/x64/lib/python3.12/site-packages/urllib3/connectionpool.py:1103: InsecureRequestWarning: Unverified HTTPS request is being made to host 'randomuser.me'. Adding certificate verification is strongly advised. See: https://urllib3.readthedocs.io/en/latest/advanced-usage.html#tls-warnings
  warnings.warn(</msg>
<msg time="2024-03-26T10:15:40.555309" level="INFO">${response} = &lt;Response [200]&gt;</msg>
<var>${response}</var>
<arg>consultarAPI</arg>
<arg>/api</arg>
<doc>Sends a GET request on a previously created HTTP Session.</doc>
<status status="PASS" start="2024-03-26T10:15:40.333582" elapsed="0.221774"/>
</kw>
<kw name="Should Be Equal As Numbers" owner="BuiltIn">
<msg time="2024-03-26T10:15:40.556419" level="INFO">Argument types are:
&lt;class 'int'&gt;
&lt;class 'str'&gt;</msg>
<arg>${response.status_code}</arg>
<arg>200</arg>
<doc>Fails if objects are unequal after converting them to real numbers.</doc>
<status status="PASS" start="2024-03-26T10:15:40.555948" elapsed="0.000537"/>
</kw>
<kw name="Log" owner="BuiltIn">
<msg time="2024-03-26T10:15:40.557165" level="INFO">200</msg>
<arg>${response.status_code}</arg>
<doc>Logs the given message with the given level.</doc>
<status status="PASS" start="2024-03-26T10:15:40.556807" elapsed="0.000401"/>
</kw>
<kw name="Set Variable" owner="BuiltIn">
<msg time="2024-03-26T10:15:40.557975" level="INFO">${json_data} = {'results': [{'gender': 'male', 'name': {'title': 'Mr', 'first': 'Izalino', 'last': 'Peixoto'}, 'location': {'street': {'number': 1550, 'name': 'Rua Santa Rita '}, 'city': 'Juazeiro do Norte', 'state'...</msg>
<var>${json_data}</var>
<arg>${response.json()}</arg>
<doc>Returns the given values which can then be assigned to a variables.</doc>
<status status="PASS" start="2024-03-26T10:15:40.557534" elapsed="0.000469"/>
</kw>
<kw name="Dictionary Should Contain Key" owner="Collections">
<msg time="2024-03-26T10:15:40.558476" level="INFO">False</msg>
<arg>${json_data}</arg>
<arg>results</arg>
<doc>Fails if ``key`` is not found from ``dictionary``.</doc>
<status status="PASS" start="2024-03-26T10:15:40.558308" elapsed="0.000208"/>
</kw>
<status status="PASS" start="2024-03-26T10:15:40.333330" elapsed="0.225443"/>
</kw>
<doc>Testa se a API responde corretamente e retorna um objeto JSON válido.</doc>
<tag>testeRequisicaoBasica</tag>
<status status="PASS" start="2024-03-26T10:15:40.332862" elapsed="0.226101"/>
</test>
<test id="s1-s1-t3" name="Validar estrutura de resposta" line="22">
<kw name="Teste de Estrutura de Resposta" owner="random-user-service">
<kw name="GET On Session" owner="RequestsLibrary">
<msg time="2024-03-26T10:15:40.655131" level="INFO">GET Request : url=https://randomuser.me/api 
 path_url=/api 
 headers={'User-Agent': 'python-requests/2.31.0', 'Accept-Encoding': 'gzip, deflate', 'Accept': '*/*', 'Connection': 'keep-alive'} 
 body=None 
 </msg>
<msg time="2024-03-26T10:15:40.655230" level="INFO">GET Response : url=https://randomuser.me/api 
 status=200, reason=OK 
 headers={'Date': 'Tue, 26 Mar 2024 10:15:40 GMT', 'Content-Type': 'application/json; charset=utf-8', 'Transfer-Encoding': 'chunked', 'Connection': 'keep-alive', 'X-Powered-By': 'Express', 'Access-Control-Allow-Origin': '*', 'Cache-Control': 'no-cache', 'ETag': 'W/"472-rqwiJGruZSZVg2cnnbbxBJwOQlM"', 'Vary': 'Accept-Encoding', 'Content-Encoding': 'gzip', 'CF-Cache-Status': 'DYNAMIC', 'Report-To': '{"endpoints":[{"url":"https:\\/\\/a.nel.cloudflare.com\\/report\\/v4?s=%2FDvm6bfpWiKoFx0bjQZwTrYUUW9h%2Fj7a%2B010O0kyoxcr2JS7f2OsrbhnWrSZlNhF2tdL9x3YtWMEapoWtrqG2jagqjuqmZ3B7ubS78uTi08Vg3%2FLUopsSMyoc9uqe86I"}],"group":"cf-nel","max_age":604800}', 'NEL': '{"success_fraction":0,"report_to":"cf-nel","max_age":604800}', 'Server': 'cloudflare', 'CF-RAY': '86a6617e8f34cf49-SJC', 'alt-svc': 'h3=":443"; ma=86400'} 
 body={"results":[{"gender":"female","name":{"title":"Miss","first":"Sedef","last":"Dağdaş"},"location":{"street":{"number":9601,"name":"Tunalı Hilmi Cd"},"city":"Aydın","state":"Uşak","country":"Turkey","postcode":46978,"coordinates":{"latitude":"70.2944","longitude":"77.7745"},"timezone":{"offset":"-3:30","description":"Newfoundland"}},"email":"sedef.dagdas@example.com","login":{"uuid":"e404fa1c-678c-4f1f-853b-b4e1451c15d4","username":"redpanda350","password":"calvin1","salt":"CGY0g7qv","md5":"c8d38d9a95075a5803b3fa7fb79ee481","sha1":"028bee539e070904fed596cf21f903191406bbb2","sha256":"73ee83d14393d0c2837bbdef1f835bace0e2d0bb7bc1e293c19d01fcdb3f6367"},"dob":{"date":"1994-06-13T05:55:12.979Z","age":29},"registered":{"date":"2004-07-15T06:47:12.938Z","age":19},"phone":"(307)-038-2453","cell":"(225)-864-3840","id":{"name":"","value":null},"picture":{"large":"https://randomuser.me/api/portraits/women/29.jpg","medium":"https://randomuser.me/api/portraits/med/women/29.jpg","thumbnail":"https://randomuser.me/api/portraits/thumb/women/29.jpg"},"nat":"TR"}],"info":{"seed":"09ae6ce7b3c29e49","results":1,"page":1,"version":"1.4"}} 
 </msg>
<msg time="2024-03-26T10:15:40.655378" level="INFO">/opt/hostedtoolcache/Python/3.12.2/x64/lib/python3.12/site-packages/urllib3/connectionpool.py:1103: InsecureRequestWarning: Unverified HTTPS request is being made to host 'randomuser.me'. Adding certificate verification is strongly advised. See: https://urllib3.readthedocs.io/en/latest/advanced-usage.html#tls-warnings
  warnings.warn(</msg>
<msg time="2024-03-26T10:15:40.655540" level="INFO">${response} = &lt;Response [200]&gt;</msg>
<var>${response}</var>
<arg>consultarAPI</arg>
<arg>/api</arg>
<doc>Sends a GET request on a previously created HTTP Session.</doc>
<status status="PASS" start="2024-03-26T10:15:40.561888" elapsed="0.093704"/>
</kw>
<kw name="Set Variable" owner="BuiltIn">
<msg time="2024-03-26T10:15:40.656596" level="INFO">${json_data} = {'results': [{'gender': 'female', 'name': {'title': 'Miss', 'first': 'Sedef', 'last': 'Dağdaş'}, 'location': {'street': {'number': 9601, 'name': 'Tunalı Hilmi Cd'}, 'city': 'Aydın', 'state': 'Uşak', '...</msg>
<var>${json_data}</var>
<arg>${response.json()}</arg>
<doc>Returns the given values which can then be assigned to a variables.</doc>
<status status="PASS" start="2024-03-26T10:15:40.656082" elapsed="0.000546"/>
</kw>
<kw name="Log" owner="BuiltIn">
<msg time="2024-03-26T10:15:40.657110" level="INFO">{'results': [{'gender': 'female', 'name': {'title': 'Miss', 'first': 'Sedef', 'last': 'Dağdaş'}, 'location': {'street': {'number': 9601, 'name': 'Tunalı Hilmi Cd'}, 'city': 'Aydın', 'state': 'Uşak', 'country': 'Turkey', 'postcode': 46978, 'coordinates': {'latitude': '70.2944', 'longitude': '77.7745'}, 'timezone': {'offset': '-3:30', 'description': 'Newfoundland'}}, 'email': 'sedef.dagdas@example.com', 'login': {'uuid': 'e404fa1c-678c-4f1f-853b-b4e1451c15d4', 'username': 'redpanda350', 'password': 'calvin1', 'salt': 'CGY0g7qv', 'md5': 'c8d38d9a95075a5803b3fa7fb79ee481', 'sha1': '028bee539e070904fed596cf21f903191406bbb2', 'sha256': '73ee83d14393d0c2837bbdef1f835bace0e2d0bb7bc1e293c19d01fcdb3f6367'}, 'dob': {'date': '1994-06-13T05:55:12.979Z', 'age': 29}, 'registered': {'date': '2004-07-15T06:47:12.938Z', 'age': 19}, 'phone': '(307)-038-2453', 'cell': '(225)-864-3840', 'id': {'name': '', 'value': None}, 'picture': {'large': 'https://randomuser.me/api/portraits/women/29.jpg', 'medium': 'https://randomuser.me/api/portraits/med/women/29.jpg', 'thumbnail': 'https://randomuser.me/api/portraits/thumb/women/29.jpg'}, 'nat': 'TR'}], 'info': {'seed': '09ae6ce7b3c29e49', 'results': 1, 'page': 1, 'version': '1.4'}}</msg>
<arg>${json_data}</arg>
<doc>Logs the given message with the given level.</doc>
<status status="PASS" start="2024-03-26T10:15:40.656942" elapsed="0.000219"/>
</kw>
<kw name="Dictionary Should Contain Key" owner="Collections">
<msg time="2024-03-26T10:15:40.657627" level="INFO">False</msg>
<arg>${json_data}</arg>
<arg>results</arg>
<doc>Fails if ``key`` is not found from ``dictionary``.</doc>
<status status="PASS" start="2024-03-26T10:15:40.657466" elapsed="0.000198"/>
</kw>
<kw name="Should Not Be Empty" owner="BuiltIn">
<msg time="2024-03-26T10:15:40.658093" level="INFO">Length is 2.</msg>
<arg>${json_data}</arg>
<doc>Verifies that the given item is not empty.</doc>
<status status="PASS" start="2024-03-26T10:15:40.657959" elapsed="0.000172"/>
</kw>
<kw name="Create List" owner="BuiltIn">
<msg time="2024-03-26T10:15:40.658580" level="INFO">${expected_keys} = ['gender', 'name', 'location', 'email', 'login']</msg>
<var>${expected_keys}</var>
<arg>gender</arg>
<arg>name</arg>
<arg>location</arg>
<arg>email</arg>
<arg>login</arg>
<doc>Returns a list containing given items.</doc>
<status status="PASS" start="2024-03-26T10:15:40.658424" elapsed="0.000181"/>
</kw>
<for flavor="IN">
<iter>
<kw name="Dictionary Should Contain Key" owner="Collections">
<msg time="2024-03-26T10:15:40.659607" level="INFO">False</msg>
<arg>${json_data['results'][0]}</arg>
<arg>${key}</arg>
<doc>Fails if ``key`` is not found from ``dictionary``.</doc>
<status status="PASS" start="2024-03-26T10:15:40.659194" elapsed="0.000482"/>
</kw>
<kw name="Log" owner="BuiltIn">
<msg time="2024-03-26T10:15:40.660381" level="INFO">{'gender': 'female', 'name': {'title': 'Miss', 'first': 'Sedef', 'last': 'Dağdaş'}, 'location': {'street': {'number': 9601, 'name': 'Tunalı Hilmi Cd'}, 'city': 'Aydın', 'state': 'Uşak', 'country': 'Turkey', 'postcode': 46978, 'coordinates': {'latitude': '70.2944', 'longitude': '77.7745'}, 'timezone': {'offset': '-3:30', 'description': 'Newfoundland'}}, 'email': 'sedef.dagdas@example.com', 'login': {'uuid': 'e404fa1c-678c-4f1f-853b-b4e1451c15d4', 'username': 'redpanda350', 'password': 'calvin1', 'salt': 'CGY0g7qv', 'md5': 'c8d38d9a95075a5803b3fa7fb79ee481', 'sha1': '028bee539e070904fed596cf21f903191406bbb2', 'sha256': '73ee83d14393d0c2837bbdef1f835bace0e2d0bb7bc1e293c19d01fcdb3f6367'}, 'dob': {'date': '1994-06-13T05:55:12.979Z', 'age': 29}, 'registered': {'date': '2004-07-15T06:47:12.938Z', 'age': 19}, 'phone': '(307)-038-2453', 'cell': '(225)-864-3840', 'id': {'name': '', 'value': None}, 'picture': {'large': 'https://randomuser.me/api/portraits/women/29.jpg', 'medium': 'https://randomuser.me/api/portraits/med/women/29.jpg', 'thumbnail': 'https://randomuser.me/api/portraits/thumb/women/29.jpg'}, 'nat': 'TR'}</msg>
<arg>${json_data['results'][0]}</arg>
<doc>Logs the given message with the given level.</doc>
<status status="PASS" start="2024-03-26T10:15:40.660003" elapsed="0.000436"/>
</kw>
<kw name="Log" owner="BuiltIn">
<msg time="2024-03-26T10:15:40.660881" level="INFO">gender</msg>
<arg>${key}</arg>
<doc>Logs the given message with the given level.</doc>
<status status="PASS" start="2024-03-26T10:15:40.660748" elapsed="0.000173"/>
</kw>
<var name="${key}">gender</var>
<status status="PASS" start="2024-03-26T10:15:40.659060" elapsed="0.002079"/>
</iter>
<iter>
<kw name="Dictionary Should Contain Key" owner="Collections">
<msg time="2024-03-26T10:15:40.661828" level="INFO">False</msg>
<arg>${json_data['results'][0]}</arg>
<arg>${key}</arg>
<doc>Fails if ``key`` is not found from ``dictionary``.</doc>
<status status="PASS" start="2024-03-26T10:15:40.661446" elapsed="0.000420"/>
</kw>
<kw name="Log" owner="BuiltIn">
<msg time="2024-03-26T10:15:40.662573" level="INFO">{'gender': 'female', 'name': {'title': 'Miss', 'first': 'Sedef', 'last': 'Dağdaş'}, 'location': {'street': {'number': 9601, 'name': 'Tunalı Hilmi Cd'}, 'city': 'Aydın', 'state': 'Uşak', 'country': 'Turkey', 'postcode': 46978, 'coordinates': {'latitude': '70.2944', 'longitude': '77.7745'}, 'timezone': {'offset': '-3:30', 'description': 'Newfoundland'}}, 'email': 'sedef.dagdas@example.com', 'login': {'uuid': 'e404fa1c-678c-4f1f-853b-b4e1451c15d4', 'username': 'redpanda350', 'password': 'calvin1', 'salt': 'CGY0g7qv', 'md5': 'c8d38d9a95075a5803b3fa7fb79ee481', 'sha1': '028bee539e070904fed596cf21f903191406bbb2', 'sha256': '73ee83d14393d0c2837bbdef1f835bace0e2d0bb7bc1e293c19d01fcdb3f6367'}, 'dob': {'date': '1994-06-13T05:55:12.979Z', 'age': 29}, 'registered': {'date': '2004-07-15T06:47:12.938Z', 'age': 19}, 'phone': '(307)-038-2453', 'cell': '(225)-864-3840', 'id': {'name': '', 'value': None}, 'picture': {'large': 'https://randomuser.me/api/portraits/women/29.jpg', 'medium': 'https://randomuser.me/api/portraits/med/women/29.jpg', 'thumbnail': 'https://randomuser.me/api/portraits/thumb/women/29.jpg'}, 'nat': 'TR'}</msg>
<arg>${json_data['results'][0]}</arg>
<doc>Logs the given message with the given level.</doc>
<status status="PASS" start="2024-03-26T10:15:40.662198" elapsed="0.000426"/>
</kw>
<kw name="Log" owner="BuiltIn">
<msg time="2024-03-26T10:15:40.663057" level="INFO">name</msg>
<arg>${key}</arg>
<doc>Logs the given message with the given level.</doc>
<status status="PASS" start="2024-03-26T10:15:40.662927" elapsed="0.000168"/>
</kw>
<var name="${key}">name</var>
<status status="PASS" start="2024-03-26T10:15:40.661329" elapsed="0.001986"/>
</iter>
<iter>
<kw name="Dictionary Should Contain Key" owner="Collections">
<msg time="2024-03-26T10:15:40.664033" level="INFO">False</msg>
<arg>${json_data['results'][0]}</arg>
<arg>${key}</arg>
<doc>Fails if ``key`` is not found from ``dictionary``.</doc>
<status status="PASS" start="2024-03-26T10:15:40.663607" elapsed="0.000464"/>
</kw>
<kw name="Log" owner="BuiltIn">
<msg time="2024-03-26T10:15:40.664739" level="INFO">{'gender': 'female', 'name': {'title': 'Miss', 'first': 'Sedef', 'last': 'Dağdaş'}, 'location': {'street': {'number': 9601, 'name': 'Tunalı Hilmi Cd'}, 'city': 'Aydın', 'state': 'Uşak', 'country': 'Turkey', 'postcode': 46978, 'coordinates': {'latitude': '70.2944', 'longitude': '77.7745'}, 'timezone': {'offset': '-3:30', 'description': 'Newfoundland'}}, 'email': 'sedef.dagdas@example.com', 'login': {'uuid': 'e404fa1c-678c-4f1f-853b-b4e1451c15d4', 'username': 'redpanda350', 'password': 'calvin1', 'salt': 'CGY0g7qv', 'md5': 'c8d38d9a95075a5803b3fa7fb79ee481', 'sha1': '028bee539e070904fed596cf21f903191406bbb2', 'sha256': '73ee83d14393d0c2837bbdef1f835bace0e2d0bb7bc1e293c19d01fcdb3f6367'}, 'dob': {'date': '1994-06-13T05:55:12.979Z', 'age': 29}, 'registered': {'date': '2004-07-15T06:47:12.938Z', 'age': 19}, 'phone': '(307)-038-2453', 'cell': '(225)-864-3840', 'id': {'name': '', 'value': None}, 'picture': {'large': 'https://randomuser.me/api/portraits/women/29.jpg', 'medium': 'https://randomuser.me/api/portraits/med/women/29.jpg', 'thumbnail': 'https://randomuser.me/api/portraits/thumb/women/29.jpg'}, 'nat': 'TR'}</msg>
<arg>${json_data['results'][0]}</arg>
<doc>Logs the given message with the given level.</doc>
<status status="PASS" start="2024-03-26T10:15:40.664373" elapsed="0.000422"/>
</kw>
<kw name="Log" owner="BuiltIn">
<msg time="2024-03-26T10:15:40.665221" level="INFO">location</msg>
<arg>${key}</arg>
<doc>Logs the given message with the given level.</doc>
<status status="PASS" start="2024-03-26T10:15:40.665095" elapsed="0.000165"/>
</kw>
<var name="${key}">location</var>
<status status="PASS" start="2024-03-26T10:15:40.663495" elapsed="0.001979"/>
</iter>
<iter>
<kw name="Dictionary Should Contain Key" owner="Collections">
<msg time="2024-03-26T10:15:40.666155" level="INFO">False</msg>
<arg>${json_data['results'][0]}</arg>
<arg>${key}</arg>
<doc>Fails if ``key`` is not found from ``dictionary``.</doc>
<status status="PASS" start="2024-03-26T10:15:40.665758" elapsed="0.000434"/>
</kw>
<kw name="Log" owner="BuiltIn">
<msg time="2024-03-26T10:15:40.666889" level="INFO">{'gender': 'female', 'name': {'title': 'Miss', 'first': 'Sedef', 'last': 'Dağdaş'}, 'location': {'street': {'number': 9601, 'name': 'Tunalı Hilmi Cd'}, 'city': 'Aydın', 'state': 'Uşak', 'country': 'Turkey', 'postcode': 46978, 'coordinates': {'latitude': '70.2944', 'longitude': '77.7745'}, 'timezone': {'offset': '-3:30', 'description': 'Newfoundland'}}, 'email': 'sedef.dagdas@example.com', 'login': {'uuid': 'e404fa1c-678c-4f1f-853b-b4e1451c15d4', 'username': 'redpanda350', 'password': 'calvin1', 'salt': 'CGY0g7qv', 'md5': 'c8d38d9a95075a5803b3fa7fb79ee481', 'sha1': '028bee539e070904fed596cf21f903191406bbb2', 'sha256': '73ee83d14393d0c2837bbdef1f835bace0e2d0bb7bc1e293c19d01fcdb3f6367'}, 'dob': {'date': '1994-06-13T05:55:12.979Z', 'age': 29}, 'registered': {'date': '2004-07-15T06:47:12.938Z', 'age': 19}, 'phone': '(307)-038-2453', 'cell': '(225)-864-3840', 'id': {'name': '', 'value': None}, 'picture': {'large': 'https://randomuser.me/api/portraits/women/29.jpg', 'medium': 'https://randomuser.me/api/portraits/med/women/29.jpg', 'thumbnail': 'https://randomuser.me/api/portraits/thumb/women/29.jpg'}, 'nat': 'TR'}</msg>
<arg>${json_data['results'][0]}</arg>
<doc>Logs the given message with the given level.</doc>
<status status="PASS" start="2024-03-26T10:15:40.666512" elapsed="0.000428"/>
</kw>
<kw name="Log" owner="BuiltIn">
<msg time="2024-03-26T10:15:40.667375" level="INFO">email</msg>
<arg>${key}</arg>
<doc>Logs the given message with the given level.</doc>
<status status="PASS" start="2024-03-26T10:15:40.667246" elapsed="0.000168"/>
</kw>
<var name="${key}">email</var>
<status status="PASS" start="2024-03-26T10:15:40.665648" elapsed="0.001981"/>
</iter>
<iter>
<kw name="Dictionary Should Contain Key" owner="Collections">
<msg time="2024-03-26T10:15:40.668354" level="INFO">False</msg>
<arg>${json_data['results'][0]}</arg>
<arg>${key}</arg>
<doc>Fails if ``key`` is not found from ``dictionary``.</doc>
<status status="PASS" start="2024-03-26T10:15:40.667966" elapsed="0.000426"/>
</kw>
<kw name="Log" owner="BuiltIn">
<msg time="2024-03-26T10:15:40.669132" level="INFO">{'gender': 'female', 'name': {'title': 'Miss', 'first': 'Sedef', 'last': 'Dağdaş'}, 'location': {'street': {'number': 9601, 'name': 'Tunalı Hilmi Cd'}, 'city': 'Aydın', 'state': 'Uşak', 'country': 'Turkey', 'postcode': 46978, 'coordinates': {'latitude': '70.2944', 'longitude': '77.7745'}, 'timezone': {'offset': '-3:30', 'description': 'Newfoundland'}}, 'email': 'sedef.dagdas@example.com', 'login': {'uuid': 'e404fa1c-678c-4f1f-853b-b4e1451c15d4', 'username': 'redpanda350', 'password': 'calvin1', 'salt': 'CGY0g7qv', 'md5': 'c8d38d9a95075a5803b3fa7fb79ee481', 'sha1': '028bee539e070904fed596cf21f903191406bbb2', 'sha256': '73ee83d14393d0c2837bbdef1f835bace0e2d0bb7bc1e293c19d01fcdb3f6367'}, 'dob': {'date': '1994-06-13T05:55:12.979Z', 'age': 29}, 'registered': {'date': '2004-07-15T06:47:12.938Z', 'age': 19}, 'phone': '(307)-038-2453', 'cell': '(225)-864-3840', 'id': {'name': '', 'value': None}, 'picture': {'large': 'https://randomuser.me/api/portraits/women/29.jpg', 'medium': 'https://randomuser.me/api/portraits/med/women/29.jpg', 'thumbnail': 'https://randomuser.me/api/portraits/thumb/women/29.jpg'}, 'nat': 'TR'}</msg>
<arg>${json_data['results'][0]}</arg>
<doc>Logs the given message with the given level.</doc>
<status status="PASS" start="2024-03-26T10:15:40.668745" elapsed="0.000437"/>
</kw>
<kw name="Log" owner="BuiltIn">
<msg time="2024-03-26T10:15:40.669605" level="INFO">login</msg>
<arg>${key}</arg>
<doc>Logs the given message with the given level.</doc>
<status status="PASS" start="2024-03-26T10:15:40.669477" elapsed="0.000271"/>
</kw>
<var name="${key}">login</var>
<status status="PASS" start="2024-03-26T10:15:40.667847" elapsed="0.002124"/>
</iter>
<var>${key}</var>
<value>@{expected_keys}</value>
<status status="PASS" start="2024-03-26T10:15:40.658865" elapsed="0.011229"/>
</for>
<kw name="Create List" owner="BuiltIn">
<msg time="2024-03-26T10:15:40.670461" level="INFO">${expected_keysTwo} = ['username', 'password']</msg>
<var>${expected_keysTwo}</var>
<arg>username</arg>
<arg>password</arg>
<doc>Returns a list containing given items.</doc>
<status status="PASS" start="2024-03-26T10:15:40.670321" elapsed="0.000164"/>
</kw>
<for flavor="IN">
<iter>
<kw name="Dictionary Should Contain Key" owner="Collections">
<msg time="2024-03-26T10:15:40.671373" level="INFO">False</msg>
<arg>${json_data['results'][0]['login']}</arg>
<arg>${keyTwo}</arg>
<doc>Fails if ``key`` is not found from ``dictionary``.</doc>
<status status="PASS" start="2024-03-26T10:15:40.670987" elapsed="0.000424"/>
</kw>
<kw name="Dictionary Should Contain Key" owner="Collections">
<msg time="2024-03-26T10:15:40.672156" level="INFO">False</msg>
<arg>${json_data['results'][0]['login']}</arg>
<arg>${keyTwo}</arg>
<doc>Fails if ``key`` is not found from ``dictionary``.</doc>
<status status="PASS" start="2024-03-26T10:15:40.671755" elapsed="0.000439"/>
</kw>
<kw name="Log" owner="BuiltIn">
<msg time="2024-03-26T10:15:40.672626" level="INFO">username</msg>
<arg>${keyTwo}</arg>
<doc>Logs the given message with the given level.</doc>
<status status="PASS" start="2024-03-26T10:15:40.672490" elapsed="0.000174"/>
</kw>
<var name="${keyTwo}">username</var>
<status status="PASS" start="2024-03-26T10:15:40.670876" elapsed="0.002004"/>
</iter>
<iter>
<kw name="Dictionary Should Contain Key" owner="Collections">
<msg time="2024-03-26T10:15:40.673540" level="INFO">False</msg>
<arg>${json_data['results'][0]['login']}</arg>
<arg>${keyTwo}</arg>
<doc>Fails if ``key`` is not found from ``dictionary``.</doc>
<status status="PASS" start="2024-03-26T10:15:40.673166" elapsed="0.000413"/>
</kw>
<kw name="Dictionary Should Contain Key" owner="Collections">
<msg time="2024-03-26T10:15:40.674267" level="INFO">False</msg>
<arg>${json_data['results'][0]['login']}</arg>
<arg>${keyTwo}</arg>
<doc>Fails if ``key`` is not found from ``dictionary``.</doc>
<status status="PASS" start="2024-03-26T10:15:40.673875" elapsed="0.000429"/>
</kw>
<kw name="Log" owner="BuiltIn">
<msg time="2024-03-26T10:15:40.674728" level="INFO">password</msg>
<arg>${keyTwo}</arg>
<doc>Logs the given message with the given level.</doc>
<status status="PASS" start="2024-03-26T10:15:40.674599" elapsed="0.000167"/>
</kw>
<var name="${keyTwo}">password</var>
<status status="PASS" start="2024-03-26T10:15:40.673055" elapsed="0.001930"/>
</iter>
<var>${keyTwo}</var>
<value>@{expected_keysTwo}</value>
<status status="PASS" start="2024-03-26T10:15:40.670724" elapsed="0.004384"/>
</for>
<status status="PASS" start="2024-03-26T10:15:40.561644" elapsed="0.113607"/>
</kw>
<doc>Testa a estrutura da resposta da API.</doc>
<tag>testeEstruturaResposta</tag>
<status status="PASS" start="2024-03-26T10:15:40.560866" elapsed="0.114549"/>
</test>
<test id="s1-s1-t4" name="Validar tipos de dados" line="28">
<kw name="Teste de Tipos de Dados" owner="random-user-service">
<kw name="GET On Session" owner="RequestsLibrary">
<msg time="2024-03-26T10:15:40.761797" level="INFO">GET Request : url=https://randomuser.me/api 
 path_url=/api 
 headers={'User-Agent': 'python-requests/2.31.0', 'Accept-Encoding': 'gzip, deflate', 'Accept': '*/*', 'Connection': 'keep-alive'} 
 body=None 
 </msg>
<msg time="2024-03-26T10:15:40.761900" level="INFO">GET Response : url=https://randomuser.me/api 
 status=200, reason=OK 
 headers={'Date': 'Tue, 26 Mar 2024 10:15:40 GMT', 'Content-Type': 'application/json; charset=utf-8', 'Transfer-Encoding': 'chunked', 'Connection': 'keep-alive', 'X-Powered-By': 'Express', 'Access-Control-Allow-Origin': '*', 'Cache-Control': 'no-cache', 'ETag': 'W/"49d-pK91CmVtdrosfgvNJLB8c38PaTg"', 'Vary': 'Accept-Encoding', 'Content-Encoding': 'gzip', 'CF-Cache-Status': 'DYNAMIC', 'Report-To': '{"endpoints":[{"url":"https:\\/\\/a.nel.cloudflare.com\\/report\\/v4?s=HDtGTar67MpIKq21JckR942VYO6nLMeh04LWzC73m6BwK10sQfx0kDCQwJCq0iNpAQ9Emml7wF0DNI2mLSlHNf1bqCC1nEORUsffGAm%2BXGxpTjbxKnom4tzKXykQdRZq"}],"group":"cf-nel","max_age":604800}', 'NEL': '{"success_fraction":0,"report_to":"cf-nel","max_age":604800}', 'Server': 'cloudflare', 'CF-RAY': '86a6617f4f9dcf49-SJC', 'alt-svc': 'h3=":443"; ma=86400'} 
 body={"results":[{"gender":"female","name":{"title":"Ms","first":"Galaza","last":"Teixeira"},"location":{"street":{"number":5697,"name":"Rua Quinze de Novembro "},"city":"Alagoinhas","state":"Alagoas","country":"Brazil","postcode":34425,"coordinates":{"latitude":"-79.7983","longitude":"39.4106"},"timezone":{"offset":"-1:00","description":"Azores, Cape Verde Islands"}},"email":"galaza.teixeira@example.com","login":{"uuid":"5ff69900-472f-4670-89fb-592f6392acd6","username":"sadgoose622","password":"xxxxx1","salt":"Bh7ADaIL","md5":"159e2c48c7a8ff4f292369dc8ef87aa1","sha1":"16475868e22ebbffaaec6cb32f7d0affae5efb45","sha256":"48896a12ddd35baacb6e3b89815bf6cee04a97d767b7d09f1c34f5edb664960a"},"dob":{"date":"1951-10-05T03:34:48.930Z","age":72},"registered":{"date":"2021-06-10T06:15:20.785Z","age":2},"phone":"(25) 1678-4241","cell":"(37) 7801-0809","id":{"name":"CPF","value":"013.139.943-27"},"picture":{"large":"https://randomuser.me/api/portraits/women/41.jpg","medium":"https://randomuser.me/api/portraits/med/women/41.jpg","thumbnail":"https://randomuser.me/api/portraits/thumb/women/41.jpg"},"nat":"BR"}],"info":{"seed":"23200c26831e79e0","results":1,"page":1,"version":"1.4"}} 
 </msg>
<msg time="2024-03-26T10:15:40.761972" level="INFO">/opt/hostedtoolcache/Python/3.12.2/x64/lib/python3.12/site-packages/urllib3/connectionpool.py:1103: InsecureRequestWarning: Unverified HTTPS request is being made to host 'randomuser.me'. Adding certificate verification is strongly advised. See: https://urllib3.readthedocs.io/en/latest/advanced-usage.html#tls-warnings
  warnings.warn(</msg>
<msg time="2024-03-26T10:15:40.762096" level="INFO">${response} = &lt;Response [200]&gt;</msg>
<var>${response}</var>
<arg>consultarAPI</arg>
<arg>/api</arg>
<doc>Sends a GET request on a previously created HTTP Session.</doc>
<status status="PASS" start="2024-03-26T10:15:40.678023" elapsed="0.084114"/>
</kw>
<kw name="Set Variable" owner="BuiltIn">
<msg time="2024-03-26T10:15:40.763195" level="INFO">${json_data} = {'results': [{'gender': 'female', 'name': {'title': 'Ms', 'first': 'Galaza', 'last': 'Teixeira'}, 'location': {'street': {'number': 5697, 'name': 'Rua Quinze de Novembro '}, 'city': 'Alagoinhas', 'sta...</msg>
<var>${json_data}</var>
<arg>${response.json()}</arg>
<doc>Returns the given values which can then be assigned to a variables.</doc>
<status status="PASS" start="2024-03-26T10:15:40.762663" elapsed="0.000561"/>
</kw>
<kw name="Log" owner="BuiltIn">
<msg time="2024-03-26T10:15:40.763741" level="INFO">{'results': [{'gender': 'female', 'name': {'title': 'Ms', 'first': 'Galaza', 'last': 'Teixeira'}, 'location': {'street': {'number': 5697, 'name': 'Rua Quinze de Novembro '}, 'city': 'Alagoinhas', 'state': 'Alagoas', 'country': 'Brazil', 'postcode': 34425, 'coordinates': {'latitude': '-79.7983', 'longitude': '39.4106'}, 'timezone': {'offset': '-1:00', 'description': 'Azores, Cape Verde Islands'}}, 'email': 'galaza.teixeira@example.com', 'login': {'uuid': '5ff69900-472f-4670-89fb-592f6392acd6', 'username': 'sadgoose622', 'password': 'xxxxx1', 'salt': 'Bh7ADaIL', 'md5': '159e2c48c7a8ff4f292369dc8ef87aa1', 'sha1': '16475868e22ebbffaaec6cb32f7d0affae5efb45', 'sha256': '48896a12ddd35baacb6e3b89815bf6cee04a97d767b7d09f1c34f5edb664960a'}, 'dob': {'date': '1951-10-05T03:34:48.930Z', 'age': 72}, 'registered': {'date': '2021-06-10T06:15:20.785Z', 'age': 2}, 'phone': '(25) 1678-4241', 'cell': '(37) 7801-0809', 'id': {'name': 'CPF', 'value': '013.139.943-27'}, 'picture': {'large': 'https://randomuser.me/api/portraits/women/41.jpg', 'medium': 'https://randomuser.me/api/portraits/med/women/41.jpg', 'thumbnail': 'https://randomuser.me/api/portraits/thumb/women/41.jpg'}, 'nat': 'BR'}], 'info': {'seed': '23200c26831e79e0', 'results': 1, 'page': 1, 'version': '1.4'}}</msg>
<arg>${json_data}</arg>
<doc>Logs the given message with the given level.</doc>
<status status="PASS" start="2024-03-26T10:15:40.763542" elapsed="0.000250"/>
</kw>
<kw name="Should Be String" owner="String">
<arg>${json_data['results'][0]['gender']}</arg>
<doc>Fails if the given ``item`` is not a string.</doc>
<status status="PASS" start="2024-03-26T10:15:40.764129" elapsed="0.000390"/>
</kw>
<kw name="Should Match Regexp" owner="BuiltIn">
<arg>${json_data['results'][0]['email']}</arg>
<arg>^[a-zA-Z0-9._%+-]+@[a-zA-Z0-9.-]+\.[a-zA-Z]{2,}$</arg>
<doc>Fails if ``string`` does not match ``pattern`` as a regular expression.</doc>
<status status="PASS" start="2024-03-26T10:15:40.764718" elapsed="0.000520"/>
</kw>
<kw name="Should Match Regexp" owner="BuiltIn">
<arg>${json_data['results'][0]['dob']['date']}</arg>
<arg>\\d{4}-\\d{2}-\\d{2}T\\d{2}:\\d{2}:\\d{2}\\.\\d{3}Z</arg>
<doc>Fails if ``string`` does not match ``pattern`` as a regular expression.</doc>
<status status="PASS" start="2024-03-26T10:15:40.765436" elapsed="0.000489"/>
</kw>
<kw name="Should Match Regexp" owner="BuiltIn">
<arg>${json_data['results'][0]['registered']['date']}</arg>
<arg>\\d{4}-\\d{2}-\\d{2}T\\d{2}:\\d{2}:\\d{2}\\.\\d{3}Z</arg>
<doc>Fails if ``string`` does not match ``pattern`` as a regular expression.</doc>
<status status="PASS" start="2024-03-26T10:15:40.766125" elapsed="0.000366"/>
</kw>
<kw name="Should Match Regexp" owner="BuiltIn">
<arg>${json_data['results'][0]['picture']['large']}</arg>
<arg>^https?://.*\.(?:png|jpe?g|gif|bmp)$</arg>
<doc>Fails if ``string`` does not match ``pattern`` as a regular expression.</doc>
<status status="PASS" start="2024-03-26T10:15:40.766679" elapsed="0.000463"/>
</kw>
<kw name="Should Match Regexp" owner="BuiltIn">
<arg>${json_data['results'][0]['picture']['medium']}</arg>
<arg>^https?://.*\.(?:png|jpe?g|gif|bmp)$</arg>
<doc>Fails if ``string`` does not match ``pattern`` as a regular expression.</doc>
<status status="PASS" start="2024-03-26T10:15:40.767333" elapsed="0.000382"/>
</kw>
<kw name="Should Match Regexp" owner="BuiltIn">
<arg>${json_data['results'][0]['picture']['thumbnail']}</arg>
<arg>^https?://.*\.(?:png|jpe?g|gif|bmp)$</arg>
<doc>Fails if ``string`` does not match ``pattern`` as a regular expression.</doc>
<status status="PASS" start="2024-03-26T10:15:40.767903" elapsed="0.000352"/>
</kw>
<kw name="Log" owner="BuiltIn">
<msg time="2024-03-26T10:15:40.768764" level="INFO">{'large': 'https://randomuser.me/api/portraits/women/41.jpg', 'medium': 'https://randomuser.me/api/portraits/med/women/41.jpg', 'thumbnail': 'https://randomuser.me/api/portraits/thumb/women/41.jpg'}</msg>
<arg>${json_data['results'][0]['picture']}</arg>
<doc>Logs the given message with the given level.</doc>
<status status="PASS" start="2024-03-26T10:15:40.768439" elapsed="0.000371"/>
</kw>
<status status="PASS" start="2024-03-26T10:15:40.677789" elapsed="0.091281"/>
</kw>
<kw name="Teste de Tipos de Dados - Postcode" owner="random-user-service">
<kw name="GET On Session" owner="RequestsLibrary">
<msg time="2024-03-26T10:15:41.054459" level="INFO">GET Request : url=https://randomuser.me/api 
 path_url=/api 
 headers={'User-Agent': 'python-requests/2.31.0', 'Accept-Encoding': 'gzip, deflate', 'Accept': '*/*', 'Connection': 'keep-alive'} 
 body=None 
 </msg>
<msg time="2024-03-26T10:15:41.054557" level="INFO">GET Response : url=https://randomuser.me/api 
 status=200, reason=OK 
 headers={'Date': 'Tue, 26 Mar 2024 10:15:41 GMT', 'Content-Type': 'application/json; charset=utf-8', 'Transfer-Encoding': 'chunked', 'Connection': 'keep-alive', 'X-Powered-By': 'Express', 'Access-Control-Allow-Origin': '*', 'Cache-Control': 'no-cache', 'ETag': 'W/"49c-rOZRPo6hw1VHCZfb1ACRaL1uhgA"', 'Vary': 'Accept-Encoding', 'Content-Encoding': 'gzip', 'CF-Cache-Status': 'DYNAMIC', 'Report-To': '{"endpoints":[{"url":"https:\\/\\/a.nel.cloudflare.com\\/report\\/v4?s=jbUbGH5c8AxlllI%2BHsTZQZtCgfVS2uB1%2BRMObCiuMCBNtw6rAeaeOVXi5bUNsLR3ytnAywkqa1Lt9sL%2FUgMhpVawyRPeY1WSCtsU13o9rn2xCvq8Kz73cYIvlXZWTXvx"}],"group":"cf-nel","max_age":604800}', 'NEL': '{"success_fraction":0,"report_to":"cf-nel","max_age":604800}', 'Server': 'cloudflare', 'CF-RAY': '86a6617fdffbcf49-SJC', 'alt-svc': 'h3=":443"; ma=86400'} 
 body={"results":[{"gender":"female","name":{"title":"Mrs","first":"Anni","last":"Saarinen"},"location":{"street":{"number":7341,"name":"Korkeavuorenkatu"},"city":"Imatra","state":"North Karelia","country":"Finland","postcode":28718,"coordinates":{"latitude":"-27.4843","longitude":"2.4301"},"timezone":{"offset":"+4:00","description":"Abu Dhabi, Muscat, Baku, Tbilisi"}},"email":"anni.saarinen@example.com","login":{"uuid":"1da9b525-3df2-407a-b715-2d31ae8aae47","username":"goldendog839","password":"aptiva","salt":"29kcBNCE","md5":"d1a82ff6911fdfffdd91685a1658969a","sha1":"dbca1bc445690e7021719d871f01d4e58d959bf3","sha256":"12ed04d02afed13f34ecb09e98c8b07d3e02956f0291fa0e71e7bbf1795427dd"},"dob":{"date":"1955-07-12T14:04:23.531Z","age":68},"registered":{"date":"2004-08-21T10:50:06.842Z","age":19},"phone":"09-566-824","cell":"040-463-67-77","id":{"name":"HETU","value":"NaNNA252undefined"},"picture":{"large":"https://randomuser.me/api/portraits/women/62.jpg","medium":"https://randomuser.me/api/portraits/med/women/62.jpg","thumbnail":"https://randomuser.me/api/portraits/thumb/women/62.jpg"},"nat":"FI"}],"info":{"seed":"3e98bf70ab691ca3","results":1,"page":1,"version":"1.4"}} 
 </msg>
<msg time="2024-03-26T10:15:41.054645" level="INFO">/opt/hostedtoolcache/Python/3.12.2/x64/lib/python3.12/site-packages/urllib3/connectionpool.py:1103: InsecureRequestWarning: Unverified HTTPS request is being made to host 'randomuser.me'. Adding certificate verification is strongly advised. See: https://urllib3.readthedocs.io/en/latest/advanced-usage.html#tls-warnings
  warnings.warn(</msg>
<msg time="2024-03-26T10:15:41.054776" level="INFO">${response} = &lt;Response [200]&gt;</msg>
<var>${response}</var>
<arg>consultarAPI</arg>
<arg>/api</arg>
<doc>Sends a GET request on a previously created HTTP Session.</doc>
<status status="PASS" start="2024-03-26T10:15:40.769689" elapsed="0.285128"/>
</kw>
<kw name="Set Variable" owner="BuiltIn">
<msg time="2024-03-26T10:15:41.056043" level="INFO">${json_data} = {'results': [{'gender': 'female', 'name': {'title': 'Mrs', 'first': 'Anni', 'last': 'Saarinen'}, 'location': {'street': {'number': 7341, 'name': 'Korkeavuorenkatu'}, 'city': 'Imatra', 'state': 'North ...</msg>
<var>${json_data}</var>
<arg>${response.json()}</arg>
<doc>Returns the given values which can then be assigned to a variables.</doc>
<status status="PASS" start="2024-03-26T10:15:41.055449" elapsed="0.000623"/>
</kw>
<kw name="Log" owner="BuiltIn">
<msg time="2024-03-26T10:15:41.056542" level="INFO">{'results': [{'gender': 'female', 'name': {'title': 'Mrs', 'first': 'Anni', 'last': 'Saarinen'}, 'location': {'street': {'number': 7341, 'name': 'Korkeavuorenkatu'}, 'city': 'Imatra', 'state': 'North Karelia', 'country': 'Finland', 'postcode': 28718, 'coordinates': {'latitude': '-27.4843', 'longitude': '2.4301'}, 'timezone': {'offset': '+4:00', 'description': 'Abu Dhabi, Muscat, Baku, Tbilisi'}}, 'email': 'anni.saarinen@example.com', 'login': {'uuid': '1da9b525-3df2-407a-b715-2d31ae8aae47', 'username': 'goldendog839', 'password': 'aptiva', 'salt': '29kcBNCE', 'md5': 'd1a82ff6911fdfffdd91685a1658969a', 'sha1': 'dbca1bc445690e7021719d871f01d4e58d959bf3', 'sha256': '12ed04d02afed13f34ecb09e98c8b07d3e02956f0291fa0e71e7bbf1795427dd'}, 'dob': {'date': '1955-07-12T14:04:23.531Z', 'age': 68}, 'registered': {'date': '2004-08-21T10:50:06.842Z', 'age': 19}, 'phone': '09-566-824', 'cell': '040-463-67-77', 'id': {'name': 'HETU', 'value': 'NaNNA252undefined'}, 'picture': {'large': 'https://randomuser.me/api/portraits/women/62.jpg', 'medium': 'https://randomuser.me/api/portraits/med/women/62.jpg', 'thumbnail': 'https://randomuser.me/api/portraits/thumb/women/62.jpg'}, 'nat': 'FI'}], 'info': {'seed': '3e98bf70ab691ca3', 'results': 1, 'page': 1, 'version': '1.4'}}</msg>
<arg>${json_data}</arg>
<doc>Logs the given message with the given level.</doc>
<status status="PASS" start="2024-03-26T10:15:41.056383" elapsed="0.000207"/>
</kw>
<kw name="Should Be Equal As Numbers" owner="BuiltIn">
<arg>${json_data['results'][0]['location']['postcode']}</arg>
<arg>${json_data['results'][0]['location']['postcode']}</arg>
<doc>Fails if objects are unequal after converting them to real numbers.</doc>
<status status="PASS" start="2024-03-26T10:15:41.056919" elapsed="0.000627"/>
</kw>
<kw name="Log" owner="BuiltIn">
<msg time="2024-03-26T10:15:41.058076" level="INFO">28718</msg>
<arg>${json_data['results'][0]['location']['postcode']}</arg>
<doc>Logs the given message with the given level.</doc>
<status status="PASS" start="2024-03-26T10:15:41.057736" elapsed="0.000381"/>
</kw>
<status status="PASS" start="2024-03-26T10:15:40.769305" elapsed="0.289073"/>
</kw>
<doc>Testa se os tipos de dados na resposta da API estão corretos.</doc>
<tag>testeTiposDados</tag>
<status status="PASS" start="2024-03-26T10:15:40.677223" elapsed="0.381334"/>
</test>
<test id="s1-s1-t5" name="Validar conteudo" line="35">
<kw name="Teste de Tipos de Conteudo" owner="random-user-service">
<kw name="GET On Session" owner="RequestsLibrary">
<msg time="2024-03-26T10:15:41.316684" level="INFO">GET Request : url=https://randomuser.me/api 
 path_url=/api 
 headers={'User-Agent': 'python-requests/2.31.0', 'Accept-Encoding': 'gzip, deflate', 'Accept': '*/*', 'Connection': 'keep-alive'} 
 body=None 
 </msg>
<msg time="2024-03-26T10:15:41.316796" level="INFO">GET Response : url=https://randomuser.me/api 
 status=200, reason=OK 
 headers={'Date': 'Tue, 26 Mar 2024 10:15:41 GMT', 'Content-Type': 'application/json; charset=utf-8', 'Transfer-Encoding': 'chunked', 'Connection': 'keep-alive', 'X-Powered-By': 'Express', 'Access-Control-Allow-Origin': '*', 'Cache-Control': 'no-cache', 'ETag': 'W/"491-WfD45gDk846IWE3d8jODs9W8wdE"', 'Vary': 'Accept-Encoding', 'Content-Encoding': 'gzip', 'CF-Cache-Status': 'DYNAMIC', 'Report-To': '{"endpoints":[{"url":"https:\\/\\/a.nel.cloudflare.com\\/report\\/v4?s=viljefVz%2FpCltPTP8%2BonveVbs9YvPFnszGQb091uOCv3Rqpvqsab4F31SHaWkoPjrc8v%2BK%2B0NA5kQrv4XtaCJ8f7qNaxPzViKibS6w66KhXW%2FtykkKzLpGOaYU5aiSZM"}],"group":"cf-nel","max_age":604800}', 'NEL': '{"success_fraction":0,"report_to":"cf-nel","max_age":604800}', 'Server': 'cloudflare', 'CF-RAY': '86a66181a8f0cf49-SJC', 'alt-svc': 'h3=":443"; ma=86400'} 
 body={"results":[{"gender":"female","name":{"title":"Ms","first":"Ella","last":"Rasche"},"location":{"street":{"number":7145,"name":"Eichenweg"},"city":"Baiersdorf","state":"Bremen","country":"Germany","postcode":45179,"coordinates":{"latitude":"-48.1725","longitude":"124.5602"},"timezone":{"offset":"+8:00","description":"Beijing, Perth, Singapore, Hong Kong"}},"email":"ella.rasche@example.com","login":{"uuid":"4abdb414-6477-4b42-acdb-730f52f1de9e","username":"sadladybug309","password":"steve","salt":"rDDRplyX","md5":"b9909abe8a4aec9ee07ecab8a34d48d4","sha1":"c09cdc6f15d9890c1f8773be34d192da003feaa8","sha256":"6c543a085fd03e758dd76e8b9eb551f0176603783a7cf51e22eaab6b62687bec"},"dob":{"date":"1944-09-26T12:54:50.816Z","age":79},"registered":{"date":"2022-03-31T08:23:48.323Z","age":1},"phone":"0190-8959222","cell":"0172-2764207","id":{"name":"SVNR","value":"25 260944 R 766"},"picture":{"large":"https://randomuser.me/api/portraits/women/32.jpg","medium":"https://randomuser.me/api/portraits/med/women/32.jpg","thumbnail":"https://randomuser.me/api/portraits/thumb/women/32.jpg"},"nat":"DE"}],"info":{"seed":"d3da80537049a0dd","results":1,"page":1,"version":"1.4"}} 
 </msg>
<msg time="2024-03-26T10:15:41.316876" level="INFO">/opt/hostedtoolcache/Python/3.12.2/x64/lib/python3.12/site-packages/urllib3/connectionpool.py:1103: InsecureRequestWarning: Unverified HTTPS request is being made to host 'randomuser.me'. Adding certificate verification is strongly advised. See: https://urllib3.readthedocs.io/en/latest/advanced-usage.html#tls-warnings
  warnings.warn(</msg>
<msg time="2024-03-26T10:15:41.317023" level="INFO">${response} = &lt;Response [200]&gt;</msg>
<var>${response}</var>
<arg>consultarAPI</arg>
<arg>/api</arg>
<doc>Sends a GET request on a previously created HTTP Session.</doc>
<status status="PASS" start="2024-03-26T10:15:41.061127" elapsed="0.255945"/>
</kw>
<kw name="Set Variable" owner="BuiltIn">
<msg time="2024-03-26T10:15:41.318374" level="INFO">${json_data} = {'results': [{'gender': 'female', 'name': {'title': 'Ms', 'first': 'Ella', 'last': 'Rasche'}, 'location': {'street': {'number': 7145, 'name': 'Eichenweg'}, 'city': 'Baiersdorf', 'state': 'Bremen', 'co...</msg>
<var>${json_data}</var>
<arg>${response.json()}</arg>
<doc>Returns the given values which can then be assigned to a variables.</doc>
<status status="PASS" start="2024-03-26T10:15:41.317778" elapsed="0.000626"/>
</kw>
<kw name="Set Variable" owner="BuiltIn">
<msg time="2024-03-26T10:15:41.319105" level="INFO">${name_title} = Ms</msg>
<var>${name_title}</var>
<arg>${json_data["results"][0]["name"]["title"]}</arg>
<doc>Returns the given values which can then be assigned to a variables.</doc>
<status status="PASS" start="2024-03-26T10:15:41.318714" elapsed="0.000417"/>
</kw>
<kw name="Create List" owner="BuiltIn">
<msg time="2024-03-26T10:15:41.319585" level="INFO">${allowed_titles} = ['Mr', 'Ms', 'Miss', 'Mrs', 'Madame', 'Monsieur']</msg>
<var>${allowed_titles}</var>
<arg>Mr</arg>
<arg>Ms</arg>
<arg>Miss</arg>
<arg>Mrs</arg>
<arg>Madame</arg>
<arg>Monsieur</arg>
<doc>Returns a list containing given items.</doc>
<status status="PASS" start="2024-03-26T10:15:41.319435" elapsed="0.000175"/>
</kw>
<kw name="List Should Contain Value" owner="Collections">
<msg time="2024-03-26T10:15:41.320149" level="INFO">False</msg>
<arg>${allowed_titles}</arg>
<arg>${name_title}</arg>
<doc>Fails if the ``value`` is not found from ``list``.</doc>
<status status="PASS" start="2024-03-26T10:15:41.319973" elapsed="0.000214"/>
</kw>
<kw name="Set Variable" owner="BuiltIn">
<msg time="2024-03-26T10:15:41.320861" level="INFO">${name_country} = DE</msg>
<var>${name_country}</var>
<arg>${json_data["results"][0]["nat"]}</arg>
<doc>Returns the given values which can then be assigned to a variables.</doc>
<status status="PASS" start="2024-03-26T10:15:41.320477" elapsed="0.000409"/>
</kw>
<kw name="Create List" owner="BuiltIn">
<msg time="2024-03-26T10:15:41.321808" level="INFO">${list_country} = ['AD', 'AE', 'AF', 'AG', 'AI', 'AL', 'AM', 'AO', 'AQ', 'AR', 'AS', 'AT', 'AU', 'AW', 'AX', 'AZ', 'BA', 'BB', 'BD', 'BE', 'BF', 'BG', 'BH', 'BI', 'BJ', 'BL', 'BM', 'BN', 'BO', 'BQ', 'BR', 'BS', 'BT', '...</msg>
<var>${list_country}</var>
<arg>AD</arg>
<arg>AE</arg>
<arg>AF</arg>
<arg>AG</arg>
<arg>AI</arg>
<arg>AL</arg>
<arg>AM</arg>
<arg>AO</arg>
<arg>AQ</arg>
<arg>AR</arg>
<arg>AS</arg>
<arg>AT</arg>
<arg>AU</arg>
<arg>AW</arg>
<arg>AX</arg>
<arg>AZ</arg>
<arg>BA</arg>
<arg>BB</arg>
<arg>BD</arg>
<arg>BE</arg>
<arg>BF</arg>
<arg>BG</arg>
<arg>BH</arg>
<arg>BI</arg>
<arg>BJ</arg>
<arg>BL</arg>
<arg>BM</arg>
<arg>BN</arg>
<arg>BO</arg>
<arg>BQ</arg>
<arg>BR</arg>
<arg>BS</arg>
<arg>BT</arg>
<arg>BV</arg>
<arg>BW</arg>
<arg>BY</arg>
<arg>BZ</arg>
<arg>CA</arg>
<arg>CC</arg>
<arg>CD</arg>
<arg>CF</arg>
<arg>CG</arg>
<arg>CH</arg>
<arg>CI</arg>
<arg>CK</arg>
<arg>CL</arg>
<arg>CM</arg>
<arg>CN</arg>
<arg>CO</arg>
<arg>CR</arg>
<arg>CU</arg>
<arg>CV</arg>
<arg>CW</arg>
<arg>CX</arg>
<arg>CY</arg>
<arg>CZ</arg>
<arg>DE</arg>
<arg>DJ</arg>
<arg>DK</arg>
<arg>DM</arg>
<arg>DO</arg>
<arg>DZ</arg>
<arg>EC</arg>
<arg>EE</arg>
<arg>EG</arg>
<arg>EH</arg>
<arg>ER</arg>
<arg>ES</arg>
<arg>ET</arg>
<arg>FI</arg>
<arg>FJ</arg>
<arg>FK</arg>
<arg>FM</arg>
<arg>FO</arg>
<arg>FR</arg>
<arg>GA</arg>
<arg>GB</arg>
<arg>GD</arg>
<arg>GE</arg>
<arg>GF</arg>
<arg>GG</arg>
<arg>GH</arg>
<arg>GI</arg>
<arg>GL</arg>
<arg>GM</arg>
<arg>GN</arg>
<arg>GP</arg>
<arg>GQ</arg>
<arg>GR</arg>
<arg>GS</arg>
<arg>GT</arg>
<arg>GU</arg>
<arg>GW</arg>
<arg>GY</arg>
<arg>HK</arg>
<arg>HM</arg>
<arg>HN</arg>
<arg>HR</arg>
<arg>HT</arg>
<arg>HU</arg>
<arg>ID</arg>
<arg>IE</arg>
<arg>IL</arg>
<arg>IM</arg>
<arg>IN</arg>
<arg>IO</arg>
<arg>IQ</arg>
<arg>IR</arg>
<arg>IS</arg>
<arg>IT</arg>
<arg>JE</arg>
<arg>JM</arg>
<arg>JO</arg>
<arg>JP</arg>
<arg>KE</arg>
<arg>KG</arg>
<arg>KH</arg>
<arg>KI</arg>
<arg>KM</arg>
<arg>KN</arg>
<arg>KP</arg>
<arg>KR</arg>
<arg>KW</arg>
<arg>KY</arg>
<arg>KZ</arg>
<arg>LA</arg>
<arg>LB</arg>
<arg>LC</arg>
<arg>LI</arg>
<arg>LK</arg>
<arg>LR</arg>
<arg>LS</arg>
<arg>LT</arg>
<arg>LU</arg>
<arg>LV</arg>
<arg>LY</arg>
<arg>MA</arg>
<arg>MC</arg>
<arg>MD</arg>
<arg>ME</arg>
<arg>MF</arg>
<arg>MG</arg>
<arg>MH</arg>
<arg>MK</arg>
<arg>ML</arg>
<arg>MM</arg>
<arg>MN</arg>
<arg>MO</arg>
<arg>MP</arg>
<arg>MQ</arg>
<arg>MR</arg>
<arg>MS</arg>
<arg>MT</arg>
<arg>MU</arg>
<arg>MV</arg>
<arg>MW</arg>
<arg>MX</arg>
<arg>MY</arg>
<arg>MZ</arg>
<arg>NA</arg>
<arg>NC</arg>
<arg>NE</arg>
<arg>NF</arg>
<arg>NG</arg>
<arg>NI</arg>
<arg>NL</arg>
<arg>NO</arg>
<arg>NP</arg>
<arg>NR</arg>
<arg>NU</arg>
<arg>NZ</arg>
<arg>OM</arg>
<arg>PA</arg>
<arg>PE</arg>
<arg>PF</arg>
<arg>PG</arg>
<arg>PH</arg>
<arg>PK</arg>
<arg>PL</arg>
<arg>PM</arg>
<arg>PN</arg>
<arg>PR</arg>
<arg>PS</arg>
<arg>PT</arg>
<arg>PW</arg>
<arg>PY</arg>
<arg>QA</arg>
<arg>RE</arg>
<arg>RO</arg>
<arg>RS</arg>
<arg>RU</arg>
<arg>RW</arg>
<arg>SA</arg>
<arg>SB</arg>
<arg>SC</arg>
<arg>SD</arg>
<arg>SE</arg>
<arg>SG</arg>
<arg>SH</arg>
<arg>SI</arg>
<arg>SJ</arg>
<arg>SK</arg>
<arg>SL</arg>
<arg>SM</arg>
<arg>SN</arg>
<arg>SO</arg>
<arg>SR</arg>
<arg>SS</arg>
<arg>ST</arg>
<arg>SV</arg>
<arg>SX</arg>
<arg>SY</arg>
<arg>SZ</arg>
<arg>TC</arg>
<arg>TD</arg>
<arg>TF</arg>
<arg>TG</arg>
<arg>TH</arg>
<arg>TJ</arg>
<arg>TK</arg>
<arg>TL</arg>
<arg>TM</arg>
<arg>TN</arg>
<arg>TO</arg>
<arg>TR</arg>
<arg>TT</arg>
<arg>TV</arg>
<arg>TW</arg>
<arg>TZ</arg>
<arg>UA</arg>
<arg>UG</arg>
<arg>UM</arg>
<arg>US</arg>
<arg>UY</arg>
<arg>UZ</arg>
<arg>VA</arg>
<arg>VC</arg>
<arg>VE</arg>
<arg>VG</arg>
<arg>VI</arg>
<arg>VN</arg>
<arg>VU</arg>
<arg>WF</arg>
<arg>WS</arg>
<arg>XK</arg>
<arg>YE</arg>
<arg>YT</arg>
<arg>ZA</arg>
<arg>ZM</arg>
<arg>ZW</arg>
<doc>Returns a list containing given items.</doc>
<status status="PASS" start="2024-03-26T10:15:41.321202" elapsed="0.000633"/>
</kw>
<kw name="List Should Contain Value" owner="Collections">
<msg time="2024-03-26T10:15:41.322992" level="INFO">False</msg>
<arg>${list_country}</arg>
<arg>${name_country}</arg>
<doc>Fails if the ``value`` is not found from ``list``.</doc>
<status status="PASS" start="2024-03-26T10:15:41.322768" elapsed="0.000263"/>
</kw>
<kw name="Run Keyword If" owner="BuiltIn">
<kw name="Should Be True" owner="BuiltIn">
<arg>${True}</arg>
<doc>Fails if the given condition is not true.</doc>
<status status="PASS" start="2024-03-26T10:15:41.324180" elapsed="0.000150"/>
</kw>
<arg>${json_data["results"][0]["location"]["coordinates"]["latitude"]} &gt;= -90 and ${json_data["results"][0]["location"]["coordinates"]["latitude"]} &lt;= 90</arg>
<arg>Should Be True</arg>
<arg>${True}</arg>
<doc>Runs the given keyword with the given arguments, if ``condition`` is true.</doc>
<status status="PASS" start="2024-03-26T10:15:41.323357" elapsed="0.001111"/>
</kw>
<kw name="Run Keyword If" owner="BuiltIn">
<kw name="Should Be True" owner="BuiltIn">
<arg>${True}</arg>
<doc>Fails if the given condition is not true.</doc>
<status status="PASS" start="2024-03-26T10:15:41.325391" elapsed="0.000139"/>
</kw>
<arg>${json_data["results"][0]["location"]["coordinates"]["longitude"]} &gt;= -180 and ${json_data["results"][0]["location"]["coordinates"]["longitude"]} &lt;= 180</arg>
<arg>Should Be True</arg>
<arg>${True}</arg>
<doc>Runs the given keyword with the given arguments, if ``condition`` is true.</doc>
<status status="PASS" start="2024-03-26T10:15:41.324665" elapsed="0.000990"/>
</kw>
<status status="PASS" start="2024-03-26T10:15:41.060885" elapsed="0.264903"/>
</kw>
<doc>Testa o conteúdo específico dos campos retornados pela API.</doc>
<tag>testeConteudo</tag>
<status status="PASS" start="2024-03-26T10:15:41.060348" elapsed="0.265602"/>
</test>
<status status="PASS" start="2024-03-26T10:15:40.021242" elapsed="1.306700"/>
</suite>
<status status="PASS" start="2024-03-26T10:15:40.006119" elapsed="1.327336"/>
</suite>
<statistics>
<total>
<stat pass="5" fail="0" skip="0">All Tests</stat>
</total>
<tag>
<stat pass="1" fail="0" skip="0">testeConteudo</stat>
<stat pass="1" fail="0" skip="0">testeEstruturaResposta</stat>
<stat pass="1" fail="0" skip="0">testeRequisicaoBasica</stat>
<stat pass="1" fail="0" skip="0">testeTiposDados</stat>
</tag>
<suite>
<stat pass="5" fail="0" skip="0" id="s1" name="Tests">Tests</stat>
<stat pass="5" fail="0" skip="0" id="s1-s1" name="Random-User-Test">Tests.Random-User-Test</stat>
</suite>
</statistics>
<errors>
</errors>
</robot>
