<?xml version="1.0" encoding="UTF-8"?>
<robot generator="Robot 7.0 (Python 3.12.2 on linux)" generated="2024-04-15T14:13:09.580445" rpa="false" schemaversion="5">
<suite id="s1" name="Tests" source="/home/runner/work/DesafioQAItauRogerioJordao/DesafioQAItauRogerioJordao/RamdonUser/tests">
<suite id="s1-s1" name="Random-User-Test" source="/home/runner/work/DesafioQAItauRogerioJordao/DesafioQAItauRogerioJordao/RamdonUser/tests/random-user-test.robot">
<test id="s1-s1-t1" name="Conectar" line="13">
<kw name="Conectar API" owner="random-user-service">
<kw name="Create Session" owner="RequestsLibrary">
<msg time="2024-04-15T14:13:09.947164" level="INFO">Creating Session using : alias=consultarAPI, url=https://randomuser.me/, headers={},                     cookies={}, auth=None, timeout=None, proxies=None, verify=False,                     debug=0 </msg>
<arg>consultarAPI</arg>
<arg>${URL}</arg>
<doc>Create Session: create a HTTP session to a server</doc>
<status status="PASS" start="2024-04-15T14:13:09.946948" elapsed="0.000413"/>
</kw>
<status status="PASS" start="2024-04-15T14:13:09.945819" elapsed="0.001909"/>
</kw>
<status status="PASS" start="2024-04-15T14:13:09.945228" elapsed="0.002706"/>
</test>
<test id="s1-s1-t2" name="Validar retorno 200 e JSON Válido" line="16">
<kw name="Teste de Requisicao Basica" owner="random-user-service">
<kw name="GET On Session" owner="RequestsLibrary">
<msg time="2024-04-15T14:13:10.225963" level="INFO">GET Request : url=https://randomuser.me/api 
 path_url=/api 
 headers={'User-Agent': 'python-requests/2.31.0', 'Accept-Encoding': 'gzip, deflate', 'Accept': '*/*', 'Connection': 'keep-alive'} 
 body=None 
 </msg>
<msg time="2024-04-15T14:13:10.226129" level="INFO">GET Response : url=https://randomuser.me/api 
 status=200, reason=OK 
 headers={'Date': 'Mon, 15 Apr 2024 14:13:10 GMT', 'Content-Type': 'application/json; charset=utf-8', 'Transfer-Encoding': 'chunked', 'Connection': 'keep-alive', 'X-Powered-By': 'Express', 'Access-Control-Allow-Origin': '*', 'Cache-Control': 'no-cache', 'ETag': 'W/"4b6-YfBsmb5jwaxBaJuftJGm7TFU0vw"', 'Vary': 'Accept-Encoding', 'Content-Encoding': 'gzip', 'CF-Cache-Status': 'DYNAMIC', 'Report-To': '{"endpoints":[{"url":"https:\\/\\/a.nel.cloudflare.com\\/report\\/v4?s=wLqyxY8dUqDPR5klbDWsQp8QmcsNORLv1X1wLCFq5o%2BmhxE4Fzr4gFL43c2v2bzk90iIm%2FX4BS2g2XgGERbBskqQgp1%2BfUkeedeVDpNvYr%2BmT0UX6Hni2CXqmmqaMhIA"}],"group":"cf-nel","max_age":604800}', 'NEL': '{"success_fraction":0,"report_to":"cf-nel","max_age":604800}', 'Server': 'cloudflare', 'CF-RAY': '874c88e22fb97ee7-LAX', 'alt-svc': 'h3=":443"; ma=86400'} 
 body={"results":[{"gender":"female","name":{"title":"Mademoiselle","first":"Jeannette","last":"Muller"},"location":{"street":{"number":8882,"name":"Avenue de la République"},"city":"Uznach","state":"Zug","country":"Switzerland","postcode":3655,"coordinates":{"latitude":"-60.6548","longitude":"145.4985"},"timezone":{"offset":"-6:00","description":"Central Time (US &amp; Canada), Mexico City"}},"email":"jeannette.muller@example.com","login":{"uuid":"7b63e0ee-d473-490a-98b8-5bbcf341e36e","username":"orangefrog772","password":"qwert1","salt":"rEnJbQJF","md5":"3d45b061303ffe9dafc34c05b3089cf5","sha1":"24bc484dbef39dd31d3792251cc93536a56fd66c","sha256":"bb04ed46c6448c9e81a117a0277aa773f0ea6abdefc5855226837b76bfcbf0c0"},"dob":{"date":"1984-03-06T08:52:03.178Z","age":40},"registered":{"date":"2017-05-14T16:26:21.318Z","age":6},"phone":"075 923 96 31","cell":"076 962 89 39","id":{"name":"AVS","value":"756.4890.7290.91"},"picture":{"large":"https://randomuser.me/api/portraits/women/92.jpg","medium":"https://randomuser.me/api/portraits/med/women/92.jpg","thumbnail":"https://randomuser.me/api/portraits/thumb/women/92.jpg"},"nat":"CH"}],"info":{"seed":"e98b8f9b954d12d2","results":1,"page":1,"version":"1.4"}} 
 </msg>
<msg time="2024-04-15T14:13:10.226222" level="INFO">/opt/hostedtoolcache/Python/3.12.2/x64/lib/python3.12/site-packages/urllib3/connectionpool.py:1103: InsecureRequestWarning: Unverified HTTPS request is being made to host 'randomuser.me'. Adding certificate verification is strongly advised. See: https://urllib3.readthedocs.io/en/latest/advanced-usage.html#tls-warnings
  warnings.warn(</msg>
<msg time="2024-04-15T14:13:10.226361" level="INFO">${response} = &lt;Response [200]&gt;</msg>
<var>${response}</var>
<arg>consultarAPI</arg>
<arg>/api</arg>
<doc>Sends a GET request on a previously created HTTP Session.</doc>
<status status="PASS" start="2024-04-15T14:13:09.950607" elapsed="0.275797"/>
</kw>
<kw name="Should Be Equal As Numbers" owner="BuiltIn">
<msg time="2024-04-15T14:13:10.227457" level="INFO">Argument types are:
&lt;class 'int'&gt;
&lt;class 'str'&gt;</msg>
<arg>${response.status_code}</arg>
<arg>200</arg>
<doc>Fails if objects are unequal after converting them to real numbers.</doc>
<status status="PASS" start="2024-04-15T14:13:10.226975" elapsed="0.000549"/>
</kw>
<kw name="Log" owner="BuiltIn">
<msg time="2024-04-15T14:13:10.228231" level="INFO">200</msg>
<arg>${response.status_code}</arg>
<doc>Logs the given message with the given level.</doc>
<status status="PASS" start="2024-04-15T14:13:10.227868" elapsed="0.000408"/>
</kw>
<kw name="Set Variable" owner="BuiltIn">
<msg time="2024-04-15T14:13:10.229059" level="INFO">${json_data} = {'results': [{'gender': 'female', 'name': {'title': 'Mademoiselle', 'first': 'Jeannette', 'last': 'Muller'}, 'location': {'street': {'number': 8882, 'name': 'Avenue de la République'}, 'city': 'Uznach...</msg>
<var>${json_data}</var>
<arg>${response.json()}</arg>
<doc>Returns the given values which can then be assigned to a variables.</doc>
<status status="PASS" start="2024-04-15T14:13:10.228605" elapsed="0.000484"/>
</kw>
<kw name="Dictionary Should Contain Key" owner="Collections">
<msg time="2024-04-15T14:13:10.229574" level="INFO">False</msg>
<arg>${json_data}</arg>
<arg>results</arg>
<doc>Fails if ``key`` is not found from ``dictionary``.</doc>
<status status="PASS" start="2024-04-15T14:13:10.229400" elapsed="0.000221"/>
</kw>
<status status="PASS" start="2024-04-15T14:13:09.950344" elapsed="0.279547"/>
</kw>
<doc>Testa se a API responde corretamente e retorna um objeto JSON válido.</doc>
<tag>testeRequisicaoBasica</tag>
<status status="PASS" start="2024-04-15T14:13:09.949809" elapsed="0.280315"/>
</test>
<test id="s1-s1-t3" name="Validar estrutura de resposta" line="22">
<kw name="Teste de Estrutura de Resposta" owner="random-user-service">
<kw name="GET On Session" owner="RequestsLibrary">
<msg time="2024-04-15T14:13:10.338446" level="INFO">GET Request : url=https://randomuser.me/api 
 path_url=/api 
 headers={'User-Agent': 'python-requests/2.31.0', 'Accept-Encoding': 'gzip, deflate', 'Accept': '*/*', 'Connection': 'keep-alive'} 
 body=None 
 </msg>
<msg time="2024-04-15T14:13:10.338565" level="INFO">GET Response : url=https://randomuser.me/api 
 status=200, reason=OK 
 headers={'Date': 'Mon, 15 Apr 2024 14:13:10 GMT', 'Content-Type': 'application/json; charset=utf-8', 'Transfer-Encoding': 'chunked', 'Connection': 'keep-alive', 'X-Powered-By': 'Express', 'Access-Control-Allow-Origin': '*', 'Cache-Control': 'no-cache', 'ETag': 'W/"4a0-baVxvV1Td+DEGG3rMoiBwsuWXhU"', 'Vary': 'Accept-Encoding', 'Content-Encoding': 'gzip', 'CF-Cache-Status': 'DYNAMIC', 'Report-To': '{"endpoints":[{"url":"https:\\/\\/a.nel.cloudflare.com\\/report\\/v4?s=LkaLgGAfaMy2wd87PajE24DuSFVqzRLD%2Fl8oAxNuw2cdgDqwScHwrjIS3ZcycMoWZcGyBxMODpWPbztEOJAdXEY0FIq%2FfvCfOLLY99jnNdp4fkaeN4CcSdy3LKDQXXyE"}],"group":"cf-nel","max_age":604800}', 'NEL': '{"success_fraction":0,"report_to":"cf-nel","max_age":604800}', 'Server': 'cloudflare', 'CF-RAY': '874c88e2f8487ee7-LAX', 'alt-svc': 'h3=":443"; ma=86400'} 
 body={"results":[{"gender":"male","name":{"title":"Monsieur","first":"Marcel","last":"Adam"},"location":{"street":{"number":6646,"name":"Rue Docteur-Bonhomme"},"city":"Rebévelier","state":"Vaud","country":"Switzerland","postcode":2504,"coordinates":{"latitude":"-56.3564","longitude":"-9.6379"},"timezone":{"offset":"+8:00","description":"Beijing, Perth, Singapore, Hong Kong"}},"email":"marcel.adam@example.com","login":{"uuid":"90dacbe1-e6cb-4451-8e43-0c0421f31e96","username":"crazyduck128","password":"undertak","salt":"6zUSpufp","md5":"06dfe7329c7a1a63a9a0d3dcc02d2146","sha1":"a0e0ecb7c9929a63c99f1c836e7e33b00f3370a3","sha256":"1b45173b7cdca705f28fc2a515e775e1ffa285103b36a716c4529e17b1d2e6eb"},"dob":{"date":"1989-04-11T11:38:27.377Z","age":35},"registered":{"date":"2003-02-26T09:11:13.900Z","age":21},"phone":"075 911 95 49","cell":"075 214 60 81","id":{"name":"AVS","value":"756.0096.7220.46"},"picture":{"large":"https://randomuser.me/api/portraits/men/30.jpg","medium":"https://randomuser.me/api/portraits/med/men/30.jpg","thumbnail":"https://randomuser.me/api/portraits/thumb/men/30.jpg"},"nat":"CH"}],"info":{"seed":"94f5a25dc589e959","results":1,"page":1,"version":"1.4"}} 
 </msg>
<msg time="2024-04-15T14:13:10.338740" level="INFO">/opt/hostedtoolcache/Python/3.12.2/x64/lib/python3.12/site-packages/urllib3/connectionpool.py:1103: InsecureRequestWarning: Unverified HTTPS request is being made to host 'randomuser.me'. Adding certificate verification is strongly advised. See: https://urllib3.readthedocs.io/en/latest/advanced-usage.html#tls-warnings
  warnings.warn(</msg>
<msg time="2024-04-15T14:13:10.338895" level="INFO">${response} = &lt;Response [200]&gt;</msg>
<var>${response}</var>
<arg>consultarAPI</arg>
<arg>/api</arg>
<doc>Sends a GET request on a previously created HTTP Session.</doc>
<status status="PASS" start="2024-04-15T14:13:10.232948" elapsed="0.105998"/>
</kw>
<kw name="Set Variable" owner="BuiltIn">
<msg time="2024-04-15T14:13:10.340227" level="INFO">${json_data} = {'results': [{'gender': 'male', 'name': {'title': 'Monsieur', 'first': 'Marcel', 'last': 'Adam'}, 'location': {'street': {'number': 6646, 'name': 'Rue Docteur-Bonhomme'}, 'city': 'Rebévelier', 'state'...</msg>
<var>${json_data}</var>
<arg>${response.json()}</arg>
<doc>Returns the given values which can then be assigned to a variables.</doc>
<status status="PASS" start="2024-04-15T14:13:10.339638" elapsed="0.000620"/>
</kw>
<kw name="Log" owner="BuiltIn">
<msg time="2024-04-15T14:13:10.340738" level="INFO">{'results': [{'gender': 'male', 'name': {'title': 'Monsieur', 'first': 'Marcel', 'last': 'Adam'}, 'location': {'street': {'number': 6646, 'name': 'Rue Docteur-Bonhomme'}, 'city': 'Rebévelier', 'state': 'Vaud', 'country': 'Switzerland', 'postcode': 2504, 'coordinates': {'latitude': '-56.3564', 'longitude': '-9.6379'}, 'timezone': {'offset': '+8:00', 'description': 'Beijing, Perth, Singapore, Hong Kong'}}, 'email': 'marcel.adam@example.com', 'login': {'uuid': '90dacbe1-e6cb-4451-8e43-0c0421f31e96', 'username': 'crazyduck128', 'password': 'undertak', 'salt': '6zUSpufp', 'md5': '06dfe7329c7a1a63a9a0d3dcc02d2146', 'sha1': 'a0e0ecb7c9929a63c99f1c836e7e33b00f3370a3', 'sha256': '1b45173b7cdca705f28fc2a515e775e1ffa285103b36a716c4529e17b1d2e6eb'}, 'dob': {'date': '1989-04-11T11:38:27.377Z', 'age': 35}, 'registered': {'date': '2003-02-26T09:11:13.900Z', 'age': 21}, 'phone': '075 911 95 49', 'cell': '075 214 60 81', 'id': {'name': 'AVS', 'value': '756.0096.7220.46'}, 'picture': {'large': 'https://randomuser.me/api/portraits/men/30.jpg', 'medium': 'https://randomuser.me/api/portraits/med/men/30.jpg', 'thumbnail': 'https://randomuser.me/api/portraits/thumb/men/30.jpg'}, 'nat': 'CH'}], 'info': {'seed': '94f5a25dc589e959', 'results': 1, 'page': 1, 'version': '1.4'}}</msg>
<arg>${json_data}</arg>
<doc>Logs the given message with the given level.</doc>
<status status="PASS" start="2024-04-15T14:13:10.340574" elapsed="0.000214"/>
</kw>
<kw name="Dictionary Should Contain Key" owner="Collections">
<msg time="2024-04-15T14:13:10.341249" level="INFO">False</msg>
<arg>${json_data}</arg>
<arg>results</arg>
<doc>Fails if ``key`` is not found from ``dictionary``.</doc>
<status status="PASS" start="2024-04-15T14:13:10.341091" elapsed="0.000196"/>
</kw>
<kw name="Should Not Be Empty" owner="BuiltIn">
<msg time="2024-04-15T14:13:10.341753" level="INFO">Length is 2.</msg>
<arg>${json_data}</arg>
<doc>Verifies that the given item is not empty.</doc>
<status status="PASS" start="2024-04-15T14:13:10.341616" elapsed="0.000177"/>
</kw>
<kw name="Create List" owner="BuiltIn">
<msg time="2024-04-15T14:13:10.342280" level="INFO">${expected_keys} = ['gender', 'name', 'location', 'email', 'login']</msg>
<var>${expected_keys}</var>
<arg>gender</arg>
<arg>name</arg>
<arg>location</arg>
<arg>email</arg>
<arg>login</arg>
<doc>Returns a list containing given items.</doc>
<status status="PASS" start="2024-04-15T14:13:10.342120" elapsed="0.000186"/>
</kw>
<for flavor="IN">
<iter>
<kw name="Dictionary Should Contain Key" owner="Collections">
<msg time="2024-04-15T14:13:10.343302" level="INFO">False</msg>
<arg>${json_data['results'][0]}</arg>
<arg>${key}</arg>
<doc>Fails if ``key`` is not found from ``dictionary``.</doc>
<status status="PASS" start="2024-04-15T14:13:10.342897" elapsed="0.000445"/>
</kw>
<kw name="Log" owner="BuiltIn">
<msg time="2024-04-15T14:13:10.344015" level="INFO">{'gender': 'male', 'name': {'title': 'Monsieur', 'first': 'Marcel', 'last': 'Adam'}, 'location': {'street': {'number': 6646, 'name': 'Rue Docteur-Bonhomme'}, 'city': 'Rebévelier', 'state': 'Vaud', 'country': 'Switzerland', 'postcode': 2504, 'coordinates': {'latitude': '-56.3564', 'longitude': '-9.6379'}, 'timezone': {'offset': '+8:00', 'description': 'Beijing, Perth, Singapore, Hong Kong'}}, 'email': 'marcel.adam@example.com', 'login': {'uuid': '90dacbe1-e6cb-4451-8e43-0c0421f31e96', 'username': 'crazyduck128', 'password': 'undertak', 'salt': '6zUSpufp', 'md5': '06dfe7329c7a1a63a9a0d3dcc02d2146', 'sha1': 'a0e0ecb7c9929a63c99f1c836e7e33b00f3370a3', 'sha256': '1b45173b7cdca705f28fc2a515e775e1ffa285103b36a716c4529e17b1d2e6eb'}, 'dob': {'date': '1989-04-11T11:38:27.377Z', 'age': 35}, 'registered': {'date': '2003-02-26T09:11:13.900Z', 'age': 21}, 'phone': '075 911 95 49', 'cell': '075 214 60 81', 'id': {'name': 'AVS', 'value': '756.0096.7220.46'}, 'picture': {'large': 'https://randomuser.me/api/portraits/men/30.jpg', 'medium': 'https://randomuser.me/api/portraits/med/men/30.jpg', 'thumbnail': 'https://randomuser.me/api/portraits/thumb/men/30.jpg'}, 'nat': 'CH'}</msg>
<arg>${json_data['results'][0]}</arg>
<doc>Logs the given message with the given level.</doc>
<status status="PASS" start="2024-04-15T14:13:10.343646" elapsed="0.000419"/>
</kw>
<kw name="Log" owner="BuiltIn">
<msg time="2024-04-15T14:13:10.344491" level="INFO">gender</msg>
<arg>${key}</arg>
<doc>Logs the given message with the given level.</doc>
<status status="PASS" start="2024-04-15T14:13:10.344362" elapsed="0.000167"/>
</kw>
<var name="${key}">gender</var>
<status status="PASS" start="2024-04-15T14:13:10.342770" elapsed="0.001981"/>
</iter>
<iter>
<kw name="Dictionary Should Contain Key" owner="Collections">
<msg time="2024-04-15T14:13:10.345442" level="INFO">False</msg>
<arg>${json_data['results'][0]}</arg>
<arg>${key}</arg>
<doc>Fails if ``key`` is not found from ``dictionary``.</doc>
<status status="PASS" start="2024-04-15T14:13:10.345057" elapsed="0.000422"/>
</kw>
<kw name="Log" owner="BuiltIn">
<msg time="2024-04-15T14:13:10.346210" level="INFO">{'gender': 'male', 'name': {'title': 'Monsieur', 'first': 'Marcel', 'last': 'Adam'}, 'location': {'street': {'number': 6646, 'name': 'Rue Docteur-Bonhomme'}, 'city': 'Rebévelier', 'state': 'Vaud', 'country': 'Switzerland', 'postcode': 2504, 'coordinates': {'latitude': '-56.3564', 'longitude': '-9.6379'}, 'timezone': {'offset': '+8:00', 'description': 'Beijing, Perth, Singapore, Hong Kong'}}, 'email': 'marcel.adam@example.com', 'login': {'uuid': '90dacbe1-e6cb-4451-8e43-0c0421f31e96', 'username': 'crazyduck128', 'password': 'undertak', 'salt': '6zUSpufp', 'md5': '06dfe7329c7a1a63a9a0d3dcc02d2146', 'sha1': 'a0e0ecb7c9929a63c99f1c836e7e33b00f3370a3', 'sha256': '1b45173b7cdca705f28fc2a515e775e1ffa285103b36a716c4529e17b1d2e6eb'}, 'dob': {'date': '1989-04-11T11:38:27.377Z', 'age': 35}, 'registered': {'date': '2003-02-26T09:11:13.900Z', 'age': 21}, 'phone': '075 911 95 49', 'cell': '075 214 60 81', 'id': {'name': 'AVS', 'value': '756.0096.7220.46'}, 'picture': {'large': 'https://randomuser.me/api/portraits/men/30.jpg', 'medium': 'https://randomuser.me/api/portraits/med/men/30.jpg', 'thumbnail': 'https://randomuser.me/api/portraits/thumb/men/30.jpg'}, 'nat': 'CH'}</msg>
<arg>${json_data['results'][0]}</arg>
<doc>Logs the given message with the given level.</doc>
<status status="PASS" start="2024-04-15T14:13:10.345812" elapsed="0.000453"/>
</kw>
<kw name="Log" owner="BuiltIn">
<msg time="2024-04-15T14:13:10.346703" level="INFO">name</msg>
<arg>${key}</arg>
<doc>Logs the given message with the given level.</doc>
<status status="PASS" start="2024-04-15T14:13:10.346573" elapsed="0.000169"/>
</kw>
<var name="${key}">name</var>
<status status="PASS" start="2024-04-15T14:13:10.344943" elapsed="0.002023"/>
</iter>
<iter>
<kw name="Dictionary Should Contain Key" owner="Collections">
<msg time="2024-04-15T14:13:10.347665" level="INFO">False</msg>
<arg>${json_data['results'][0]}</arg>
<arg>${key}</arg>
<doc>Fails if ``key`` is not found from ``dictionary``.</doc>
<status status="PASS" start="2024-04-15T14:13:10.347275" elapsed="0.000428"/>
</kw>
<kw name="Log" owner="BuiltIn">
<msg time="2024-04-15T14:13:10.348370" level="INFO">{'gender': 'male', 'name': {'title': 'Monsieur', 'first': 'Marcel', 'last': 'Adam'}, 'location': {'street': {'number': 6646, 'name': 'Rue Docteur-Bonhomme'}, 'city': 'Rebévelier', 'state': 'Vaud', 'country': 'Switzerland', 'postcode': 2504, 'coordinates': {'latitude': '-56.3564', 'longitude': '-9.6379'}, 'timezone': {'offset': '+8:00', 'description': 'Beijing, Perth, Singapore, Hong Kong'}}, 'email': 'marcel.adam@example.com', 'login': {'uuid': '90dacbe1-e6cb-4451-8e43-0c0421f31e96', 'username': 'crazyduck128', 'password': 'undertak', 'salt': '6zUSpufp', 'md5': '06dfe7329c7a1a63a9a0d3dcc02d2146', 'sha1': 'a0e0ecb7c9929a63c99f1c836e7e33b00f3370a3', 'sha256': '1b45173b7cdca705f28fc2a515e775e1ffa285103b36a716c4529e17b1d2e6eb'}, 'dob': {'date': '1989-04-11T11:38:27.377Z', 'age': 35}, 'registered': {'date': '2003-02-26T09:11:13.900Z', 'age': 21}, 'phone': '075 911 95 49', 'cell': '075 214 60 81', 'id': {'name': 'AVS', 'value': '756.0096.7220.46'}, 'picture': {'large': 'https://randomuser.me/api/portraits/men/30.jpg', 'medium': 'https://randomuser.me/api/portraits/med/men/30.jpg', 'thumbnail': 'https://randomuser.me/api/portraits/thumb/men/30.jpg'}, 'nat': 'CH'}</msg>
<arg>${json_data['results'][0]}</arg>
<doc>Logs the given message with the given level.</doc>
<status status="PASS" start="2024-04-15T14:13:10.348002" elapsed="0.000418"/>
</kw>
<kw name="Log" owner="BuiltIn">
<msg time="2024-04-15T14:13:10.348849" level="INFO">location</msg>
<arg>${key}</arg>
<doc>Logs the given message with the given level.</doc>
<status status="PASS" start="2024-04-15T14:13:10.348720" elapsed="0.000169"/>
</kw>
<var name="${key}">location</var>
<status status="PASS" start="2024-04-15T14:13:10.347162" elapsed="0.001945"/>
</iter>
<iter>
<kw name="Dictionary Should Contain Key" owner="Collections">
<msg time="2024-04-15T14:13:10.349785" level="INFO">False</msg>
<arg>${json_data['results'][0]}</arg>
<arg>${key}</arg>
<doc>Fails if ``key`` is not found from ``dictionary``.</doc>
<status status="PASS" start="2024-04-15T14:13:10.349396" elapsed="0.000432"/>
</kw>
<kw name="Log" owner="BuiltIn">
<msg time="2024-04-15T14:13:10.350538" level="INFO">{'gender': 'male', 'name': {'title': 'Monsieur', 'first': 'Marcel', 'last': 'Adam'}, 'location': {'street': {'number': 6646, 'name': 'Rue Docteur-Bonhomme'}, 'city': 'Rebévelier', 'state': 'Vaud', 'country': 'Switzerland', 'postcode': 2504, 'coordinates': {'latitude': '-56.3564', 'longitude': '-9.6379'}, 'timezone': {'offset': '+8:00', 'description': 'Beijing, Perth, Singapore, Hong Kong'}}, 'email': 'marcel.adam@example.com', 'login': {'uuid': '90dacbe1-e6cb-4451-8e43-0c0421f31e96', 'username': 'crazyduck128', 'password': 'undertak', 'salt': '6zUSpufp', 'md5': '06dfe7329c7a1a63a9a0d3dcc02d2146', 'sha1': 'a0e0ecb7c9929a63c99f1c836e7e33b00f3370a3', 'sha256': '1b45173b7cdca705f28fc2a515e775e1ffa285103b36a716c4529e17b1d2e6eb'}, 'dob': {'date': '1989-04-11T11:38:27.377Z', 'age': 35}, 'registered': {'date': '2003-02-26T09:11:13.900Z', 'age': 21}, 'phone': '075 911 95 49', 'cell': '075 214 60 81', 'id': {'name': 'AVS', 'value': '756.0096.7220.46'}, 'picture': {'large': 'https://randomuser.me/api/portraits/men/30.jpg', 'medium': 'https://randomuser.me/api/portraits/med/men/30.jpg', 'thumbnail': 'https://randomuser.me/api/portraits/thumb/men/30.jpg'}, 'nat': 'CH'}</msg>
<arg>${json_data['results'][0]}</arg>
<doc>Logs the given message with the given level.</doc>
<status status="PASS" start="2024-04-15T14:13:10.350172" elapsed="0.000416"/>
</kw>
<kw name="Log" owner="BuiltIn">
<msg time="2024-04-15T14:13:10.351019" level="INFO">email</msg>
<arg>${key}</arg>
<doc>Logs the given message with the given level.</doc>
<status status="PASS" start="2024-04-15T14:13:10.350891" elapsed="0.000167"/>
</kw>
<var name="${key}">email</var>
<status status="PASS" start="2024-04-15T14:13:10.349284" elapsed="0.001988"/>
</iter>
<iter>
<kw name="Dictionary Should Contain Key" owner="Collections">
<msg time="2024-04-15T14:13:10.352114" level="INFO">False</msg>
<arg>${json_data['results'][0]}</arg>
<arg>${key}</arg>
<doc>Fails if ``key`` is not found from ``dictionary``.</doc>
<status status="PASS" start="2024-04-15T14:13:10.351557" elapsed="0.000617"/>
</kw>
<kw name="Log" owner="BuiltIn">
<msg time="2024-04-15T14:13:10.353191" level="INFO">{'gender': 'male', 'name': {'title': 'Monsieur', 'first': 'Marcel', 'last': 'Adam'}, 'location': {'street': {'number': 6646, 'name': 'Rue Docteur-Bonhomme'}, 'city': 'Rebévelier', 'state': 'Vaud', 'country': 'Switzerland', 'postcode': 2504, 'coordinates': {'latitude': '-56.3564', 'longitude': '-9.6379'}, 'timezone': {'offset': '+8:00', 'description': 'Beijing, Perth, Singapore, Hong Kong'}}, 'email': 'marcel.adam@example.com', 'login': {'uuid': '90dacbe1-e6cb-4451-8e43-0c0421f31e96', 'username': 'crazyduck128', 'password': 'undertak', 'salt': '6zUSpufp', 'md5': '06dfe7329c7a1a63a9a0d3dcc02d2146', 'sha1': 'a0e0ecb7c9929a63c99f1c836e7e33b00f3370a3', 'sha256': '1b45173b7cdca705f28fc2a515e775e1ffa285103b36a716c4529e17b1d2e6eb'}, 'dob': {'date': '1989-04-11T11:38:27.377Z', 'age': 35}, 'registered': {'date': '2003-02-26T09:11:13.900Z', 'age': 21}, 'phone': '075 911 95 49', 'cell': '075 214 60 81', 'id': {'name': 'AVS', 'value': '756.0096.7220.46'}, 'picture': {'large': 'https://randomuser.me/api/portraits/men/30.jpg', 'medium': 'https://randomuser.me/api/portraits/med/men/30.jpg', 'thumbnail': 'https://randomuser.me/api/portraits/thumb/men/30.jpg'}, 'nat': 'CH'}</msg>
<arg>${json_data['results'][0]}</arg>
<doc>Logs the given message with the given level.</doc>
<status status="PASS" start="2024-04-15T14:13:10.352640" elapsed="0.000603"/>
</kw>
<kw name="Log" owner="BuiltIn">
<msg time="2024-04-15T14:13:10.353684" level="INFO">login</msg>
<arg>${key}</arg>
<doc>Logs the given message with the given level.</doc>
<status status="PASS" start="2024-04-15T14:13:10.353552" elapsed="0.000171"/>
</kw>
<var name="${key}">login</var>
<status status="PASS" start="2024-04-15T14:13:10.351447" elapsed="0.002555"/>
</iter>
<var>${key}</var>
<value>@{expected_keys}</value>
<status status="PASS" start="2024-04-15T14:13:10.342573" elapsed="0.011560"/>
</for>
<kw name="Create List" owner="BuiltIn">
<msg time="2024-04-15T14:13:10.354473" level="INFO">${expected_keysTwo} = ['username', 'password']</msg>
<var>${expected_keysTwo}</var>
<arg>username</arg>
<arg>password</arg>
<doc>Returns a list containing given items.</doc>
<status status="PASS" start="2024-04-15T14:13:10.354331" elapsed="0.000167"/>
</kw>
<for flavor="IN">
<iter>
<kw name="Dictionary Should Contain Key" owner="Collections">
<msg time="2024-04-15T14:13:10.355523" level="INFO">False</msg>
<arg>${json_data['results'][0]['login']}</arg>
<arg>${keyTwo}</arg>
<doc>Fails if ``key`` is not found from ``dictionary``.</doc>
<status status="PASS" start="2024-04-15T14:13:10.355137" elapsed="0.000425"/>
</kw>
<kw name="Dictionary Should Contain Key" owner="Collections">
<msg time="2024-04-15T14:13:10.356252" level="INFO">False</msg>
<arg>${json_data['results'][0]['login']}</arg>
<arg>${keyTwo}</arg>
<doc>Fails if ``key`` is not found from ``dictionary``.</doc>
<status status="PASS" start="2024-04-15T14:13:10.355872" elapsed="0.000419"/>
</kw>
<kw name="Log" owner="BuiltIn">
<msg time="2024-04-15T14:13:10.356767" level="INFO">username</msg>
<arg>${keyTwo}</arg>
<doc>Logs the given message with the given level.</doc>
<status status="PASS" start="2024-04-15T14:13:10.356637" elapsed="0.000169"/>
</kw>
<var name="${keyTwo}">username</var>
<status status="PASS" start="2024-04-15T14:13:10.355021" elapsed="0.002006"/>
</iter>
<iter>
<kw name="Dictionary Should Contain Key" owner="Collections">
<msg time="2024-04-15T14:13:10.357726" level="INFO">False</msg>
<arg>${json_data['results'][0]['login']}</arg>
<arg>${keyTwo}</arg>
<doc>Fails if ``key`` is not found from ``dictionary``.</doc>
<status status="PASS" start="2024-04-15T14:13:10.357316" elapsed="0.000449"/>
</kw>
<kw name="Dictionary Should Contain Key" owner="Collections">
<msg time="2024-04-15T14:13:10.358484" level="INFO">False</msg>
<arg>${json_data['results'][0]['login']}</arg>
<arg>${keyTwo}</arg>
<doc>Fails if ``key`` is not found from ``dictionary``.</doc>
<status status="PASS" start="2024-04-15T14:13:10.358099" elapsed="0.000422"/>
</kw>
<kw name="Log" owner="BuiltIn">
<msg time="2024-04-15T14:13:10.358947" level="INFO">password</msg>
<arg>${keyTwo}</arg>
<doc>Logs the given message with the given level.</doc>
<status status="PASS" start="2024-04-15T14:13:10.358820" elapsed="0.000166"/>
</kw>
<var name="${keyTwo}">password</var>
<status status="PASS" start="2024-04-15T14:13:10.357204" elapsed="0.002000"/>
</iter>
<var>${keyTwo}</var>
<value>@{expected_keysTwo}</value>
<status status="PASS" start="2024-04-15T14:13:10.354742" elapsed="0.004586"/>
</for>
<status status="PASS" start="2024-04-15T14:13:10.232695" elapsed="0.126780"/>
</kw>
<doc>Testa a estrutura da resposta da API.</doc>
<tag>testeEstruturaResposta</tag>
<status status="PASS" start="2024-04-15T14:13:10.231991" elapsed="0.127652"/>
</test>
<test id="s1-s1-t4" name="Validar tipos de dados" line="28">
<kw name="Teste de Tipos de Dados" owner="random-user-service">
<kw name="GET On Session" owner="RequestsLibrary">
<msg time="2024-04-15T14:13:10.457258" level="INFO">GET Request : url=https://randomuser.me/api 
 path_url=/api 
 headers={'User-Agent': 'python-requests/2.31.0', 'Accept-Encoding': 'gzip, deflate', 'Accept': '*/*', 'Connection': 'keep-alive'} 
 body=None 
 </msg>
<msg time="2024-04-15T14:13:10.457357" level="INFO">GET Response : url=https://randomuser.me/api 
 status=200, reason=OK 
 headers={'Date': 'Mon, 15 Apr 2024 14:13:10 GMT', 'Content-Type': 'application/json; charset=utf-8', 'Transfer-Encoding': 'chunked', 'Connection': 'keep-alive', 'X-Powered-By': 'Express', 'Access-Control-Allow-Origin': '*', 'Cache-Control': 'no-cache', 'ETag': 'W/"465-bqIwsfrg047SOUbTGFPVrt3GgjQ"', 'Vary': 'Accept-Encoding', 'Content-Encoding': 'gzip', 'CF-Cache-Status': 'DYNAMIC', 'Report-To': '{"endpoints":[{"url":"https:\\/\\/a.nel.cloudflare.com\\/report\\/v4?s=Jp9S4WmKj5Vbo%2FSQDQwYOCpfzyQJeYuaAYD37PSirIZFuX6jAbXczUCSy%2B1PHrbv7AvtGxQlrNT2CXTjdQb9pJV%2BhaeYqDzVh%2FcjsTXfLGJowb2ksca7nTIJ%2BjqoPXo%2B"}],"group":"cf-nel","max_age":604800}', 'NEL': '{"success_fraction":0,"report_to":"cf-nel","max_age":604800}', 'Server': 'cloudflare', 'CF-RAY': '874c88e3c8d57ee7-LAX', 'alt-svc': 'h3=":443"; ma=86400'} 
 body={"results":[{"gender":"male","name":{"title":"Mr","first":"Marvin","last":"Gray"},"location":{"street":{"number":4431,"name":"Boghall Road"},"city":"Westport","state":"Kerry","country":"Ireland","postcode":28690,"coordinates":{"latitude":"-2.2371","longitude":"-60.9418"},"timezone":{"offset":"-3:30","description":"Newfoundland"}},"email":"marvin.gray@example.com","login":{"uuid":"a5570f53-6df5-4d9c-84b3-a6eff3128791","username":"saddog665","password":"crazy1","salt":"x27vYLWW","md5":"0798db1c1e453bf14a8faeb6bdcb91c4","sha1":"78581c89f2446344b63b33ebd7e963cbb7f39372","sha256":"c0e32360f93b6af059e1b6711255d6cb555f4e0868a062aa3565163cbce046a4"},"dob":{"date":"1967-11-23T20:18:57.403Z","age":56},"registered":{"date":"2020-04-30T02:33:08.196Z","age":3},"phone":"071-101-5450","cell":"081-828-4904","id":{"name":"PPS","value":"3449871T"},"picture":{"large":"https://randomuser.me/api/portraits/men/98.jpg","medium":"https://randomuser.me/api/portraits/med/men/98.jpg","thumbnail":"https://randomuser.me/api/portraits/thumb/men/98.jpg"},"nat":"IE"}],"info":{"seed":"4519509c41540d10","results":1,"page":1,"version":"1.4"}} 
 </msg>
<msg time="2024-04-15T14:13:10.457427" level="INFO">/opt/hostedtoolcache/Python/3.12.2/x64/lib/python3.12/site-packages/urllib3/connectionpool.py:1103: InsecureRequestWarning: Unverified HTTPS request is being made to host 'randomuser.me'. Adding certificate verification is strongly advised. See: https://urllib3.readthedocs.io/en/latest/advanced-usage.html#tls-warnings
  warnings.warn(</msg>
<msg time="2024-04-15T14:13:10.457551" level="INFO">${response} = &lt;Response [200]&gt;</msg>
<var>${response}</var>
<arg>consultarAPI</arg>
<arg>/api</arg>
<doc>Sends a GET request on a previously created HTTP Session.</doc>
<status status="PASS" start="2024-04-15T14:13:10.362135" elapsed="0.095457"/>
</kw>
<kw name="Set Variable" owner="BuiltIn">
<msg time="2024-04-15T14:13:10.458818" level="INFO">${json_data} = {'results': [{'gender': 'male', 'name': {'title': 'Mr', 'first': 'Marvin', 'last': 'Gray'}, 'location': {'street': {'number': 4431, 'name': 'Boghall Road'}, 'city': 'Westport', 'state': 'Kerry', 'coun...</msg>
<var>${json_data}</var>
<arg>${response.json()}</arg>
<doc>Returns the given values which can then be assigned to a variables.</doc>
<status status="PASS" start="2024-04-15T14:13:10.458252" elapsed="0.000596"/>
</kw>
<kw name="Log" owner="BuiltIn">
<msg time="2024-04-15T14:13:10.459329" level="INFO">{'results': [{'gender': 'male', 'name': {'title': 'Mr', 'first': 'Marvin', 'last': 'Gray'}, 'location': {'street': {'number': 4431, 'name': 'Boghall Road'}, 'city': 'Westport', 'state': 'Kerry', 'country': 'Ireland', 'postcode': 28690, 'coordinates': {'latitude': '-2.2371', 'longitude': '-60.9418'}, 'timezone': {'offset': '-3:30', 'description': 'Newfoundland'}}, 'email': 'marvin.gray@example.com', 'login': {'uuid': 'a5570f53-6df5-4d9c-84b3-a6eff3128791', 'username': 'saddog665', 'password': 'crazy1', 'salt': 'x27vYLWW', 'md5': '0798db1c1e453bf14a8faeb6bdcb91c4', 'sha1': '78581c89f2446344b63b33ebd7e963cbb7f39372', 'sha256': 'c0e32360f93b6af059e1b6711255d6cb555f4e0868a062aa3565163cbce046a4'}, 'dob': {'date': '1967-11-23T20:18:57.403Z', 'age': 56}, 'registered': {'date': '2020-04-30T02:33:08.196Z', 'age': 3}, 'phone': '071-101-5450', 'cell': '081-828-4904', 'id': {'name': 'PPS', 'value': '3449871T'}, 'picture': {'large': 'https://randomuser.me/api/portraits/men/98.jpg', 'medium': 'https://randomuser.me/api/portraits/med/men/98.jpg', 'thumbnail': 'https://randomuser.me/api/portraits/thumb/men/98.jpg'}, 'nat': 'IE'}], 'info': {'seed': '4519509c41540d10', 'results': 1, 'page': 1, 'version': '1.4'}}</msg>
<arg>${json_data}</arg>
<doc>Logs the given message with the given level.</doc>
<status status="PASS" start="2024-04-15T14:13:10.459169" elapsed="0.000247"/>
</kw>
<kw name="Should Be String" owner="String">
<arg>${json_data['results'][0]['gender']}</arg>
<doc>Fails if the given ``item`` is not a string.</doc>
<status status="PASS" start="2024-04-15T14:13:10.459722" elapsed="0.000374"/>
</kw>
<kw name="Should Match Regexp" owner="BuiltIn">
<arg>${json_data['results'][0]['email']}</arg>
<arg>^[a-zA-Z0-9._%+-]+@[a-zA-Z0-9.-]+\.[a-zA-Z]{2,}$</arg>
<doc>Fails if ``string`` does not match ``pattern`` as a regular expression.</doc>
<status status="PASS" start="2024-04-15T14:13:10.460294" elapsed="0.000526"/>
</kw>
<kw name="Should Match Regexp" owner="BuiltIn">
<arg>${json_data['results'][0]['dob']['date']}</arg>
<arg>\\d{4}-\\d{2}-\\d{2}T\\d{2}:\\d{2}:\\d{2}\\.\\d{3}Z</arg>
<doc>Fails if ``string`` does not match ``pattern`` as a regular expression.</doc>
<status status="PASS" start="2024-04-15T14:13:10.461021" elapsed="0.000494"/>
</kw>
<kw name="Should Match Regexp" owner="BuiltIn">
<arg>${json_data['results'][0]['registered']['date']}</arg>
<arg>\\d{4}-\\d{2}-\\d{2}T\\d{2}:\\d{2}:\\d{2}\\.\\d{3}Z</arg>
<doc>Fails if ``string`` does not match ``pattern`` as a regular expression.</doc>
<status status="PASS" start="2024-04-15T14:13:10.461716" elapsed="0.000415"/>
</kw>
<kw name="Should Match Regexp" owner="BuiltIn">
<arg>${json_data['results'][0]['picture']['large']}</arg>
<arg>^https?://.*\.(?:png|jpe?g|gif|bmp)$</arg>
<doc>Fails if ``string`` does not match ``pattern`` as a regular expression.</doc>
<status status="PASS" start="2024-04-15T14:13:10.462322" elapsed="0.000465"/>
</kw>
<kw name="Should Match Regexp" owner="BuiltIn">
<arg>${json_data['results'][0]['picture']['medium']}</arg>
<arg>^https?://.*\.(?:png|jpe?g|gif|bmp)$</arg>
<doc>Fails if ``string`` does not match ``pattern`` as a regular expression.</doc>
<status status="PASS" start="2024-04-15T14:13:10.462979" elapsed="0.000353"/>
</kw>
<kw name="Should Match Regexp" owner="BuiltIn">
<arg>${json_data['results'][0]['picture']['thumbnail']}</arg>
<arg>^https?://.*\.(?:png|jpe?g|gif|bmp)$</arg>
<doc>Fails if ``string`` does not match ``pattern`` as a regular expression.</doc>
<status status="PASS" start="2024-04-15T14:13:10.463521" elapsed="0.000361"/>
</kw>
<kw name="Log" owner="BuiltIn">
<msg time="2024-04-15T14:13:10.464406" level="INFO">{'large': 'https://randomuser.me/api/portraits/men/98.jpg', 'medium': 'https://randomuser.me/api/portraits/med/men/98.jpg', 'thumbnail': 'https://randomuser.me/api/portraits/thumb/men/98.jpg'}</msg>
<arg>${json_data['results'][0]['picture']}</arg>
<doc>Logs the given message with the given level.</doc>
<status status="PASS" start="2024-04-15T14:13:10.464066" elapsed="0.000384"/>
</kw>
<status status="PASS" start="2024-04-15T14:13:10.361874" elapsed="0.102847"/>
</kw>
<kw name="Teste de Tipos de Dados - Postcode" owner="random-user-service">
<kw name="GET On Session" owner="RequestsLibrary">
<msg time="2024-04-15T14:13:10.577639" level="INFO">GET Request : url=https://randomuser.me/api 
 path_url=/api 
 headers={'User-Agent': 'python-requests/2.31.0', 'Accept-Encoding': 'gzip, deflate', 'Accept': '*/*', 'Connection': 'keep-alive'} 
 body=None 
 </msg>
<msg time="2024-04-15T14:13:10.577740" level="INFO">GET Response : url=https://randomuser.me/api 
 status=200, reason=OK 
 headers={'Date': 'Mon, 15 Apr 2024 14:13:10 GMT', 'Content-Type': 'application/json; charset=utf-8', 'Transfer-Encoding': 'chunked', 'Connection': 'keep-alive', 'X-Powered-By': 'Express', 'Access-Control-Allow-Origin': '*', 'Cache-Control': 'no-cache', 'ETag': 'W/"4ba-AbKPhjJSSggCCqmixBknlLdecnc"', 'Vary': 'Accept-Encoding', 'Content-Encoding': 'gzip', 'CF-Cache-Status': 'DYNAMIC', 'Report-To': '{"endpoints":[{"url":"https:\\/\\/a.nel.cloudflare.com\\/report\\/v4?s=RKCbgEnLy8tMd8zafnlWMH4rlAAxx%2F9umrFSUy5CG2dUYXuAq8WynZcrAkQErpmJyjT8U7caoBPcTbSLblfrHXQs1iK95heLBz20gBZN6kN5b26np%2BYJq6HjPyjhE9%2FY"}],"group":"cf-nel","max_age":604800}', 'NEL': '{"success_fraction":0,"report_to":"cf-nel","max_age":604800}', 'Server': 'cloudflare', 'CF-RAY': '874c88e4696f7ee7-LAX', 'alt-svc': 'h3=":443"; ma=86400'} 
 body={"results":[{"gender":"female","name":{"title":"Mrs","first":"Marisela","last":"Garza"},"location":{"street":{"number":9770,"name":"Viaducto Yucatán"},"city":"Atemajac de Brizuela","state":"Quintana Roo","country":"Mexico","postcode":38934,"coordinates":{"latitude":"25.7729","longitude":"155.8215"},"timezone":{"offset":"-5:00","description":"Eastern Time (US &amp; Canada), Bogota, Lima"}},"email":"marisela.garza@example.com","login":{"uuid":"a583ff0b-52c8-484d-8fdf-71e84a16664f","username":"yellowladybug210","password":"strong","salt":"lYGIs2V0","md5":"f5ead2a5084e8ac1b5d493a7eb231aa2","sha1":"811a9f8574833d61a8ce65790cfa94d97badbce3","sha256":"798e119e78ab373d9decf1daea90f76d26a1519f5787ce0c897e707f75d5e0d9"},"dob":{"date":"1997-10-19T15:52:09.865Z","age":26},"registered":{"date":"2013-07-10T00:06:37.763Z","age":10},"phone":"(660) 444 3912","cell":"(660) 812 2451","id":{"name":"NSS","value":"82 92 76 5015 7"},"picture":{"large":"https://randomuser.me/api/portraits/women/25.jpg","medium":"https://randomuser.me/api/portraits/med/women/25.jpg","thumbnail":"https://randomuser.me/api/portraits/thumb/women/25.jpg"},"nat":"MX"}],"info":{"seed":"4c455c09b694a3bd","results":1,"page":1,"version":"1.4"}} 
 </msg>
<msg time="2024-04-15T14:13:10.577835" level="INFO">/opt/hostedtoolcache/Python/3.12.2/x64/lib/python3.12/site-packages/urllib3/connectionpool.py:1103: InsecureRequestWarning: Unverified HTTPS request is being made to host 'randomuser.me'. Adding certificate verification is strongly advised. See: https://urllib3.readthedocs.io/en/latest/advanced-usage.html#tls-warnings
  warnings.warn(</msg>
<msg time="2024-04-15T14:13:10.577987" level="INFO">${response} = &lt;Response [200]&gt;</msg>
<var>${response}</var>
<arg>consultarAPI</arg>
<arg>/api</arg>
<doc>Sends a GET request on a previously created HTTP Session.</doc>
<status status="PASS" start="2024-04-15T14:13:10.465210" elapsed="0.112818"/>
</kw>
<kw name="Set Variable" owner="BuiltIn">
<msg time="2024-04-15T14:13:10.579241" level="INFO">${json_data} = {'results': [{'gender': 'female', 'name': {'title': 'Mrs', 'first': 'Marisela', 'last': 'Garza'}, 'location': {'street': {'number': 9770, 'name': 'Viaducto Yucatán'}, 'city': 'Atemajac de Brizuela', '...</msg>
<var>${json_data}</var>
<arg>${response.json()}</arg>
<doc>Returns the given values which can then be assigned to a variables.</doc>
<status status="PASS" start="2024-04-15T14:13:10.578668" elapsed="0.000604"/>
</kw>
<kw name="Log" owner="BuiltIn">
<msg time="2024-04-15T14:13:10.579763" level="INFO">{'results': [{'gender': 'female', 'name': {'title': 'Mrs', 'first': 'Marisela', 'last': 'Garza'}, 'location': {'street': {'number': 9770, 'name': 'Viaducto Yucatán'}, 'city': 'Atemajac de Brizuela', 'state': 'Quintana Roo', 'country': 'Mexico', 'postcode': 38934, 'coordinates': {'latitude': '25.7729', 'longitude': '155.8215'}, 'timezone': {'offset': '-5:00', 'description': 'Eastern Time (US &amp; Canada), Bogota, Lima'}}, 'email': 'marisela.garza@example.com', 'login': {'uuid': 'a583ff0b-52c8-484d-8fdf-71e84a16664f', 'username': 'yellowladybug210', 'password': 'strong', 'salt': 'lYGIs2V0', 'md5': 'f5ead2a5084e8ac1b5d493a7eb231aa2', 'sha1': '811a9f8574833d61a8ce65790cfa94d97badbce3', 'sha256': '798e119e78ab373d9decf1daea90f76d26a1519f5787ce0c897e707f75d5e0d9'}, 'dob': {'date': '1997-10-19T15:52:09.865Z', 'age': 26}, 'registered': {'date': '2013-07-10T00:06:37.763Z', 'age': 10}, 'phone': '(660) 444 3912', 'cell': '(660) 812 2451', 'id': {'name': 'NSS', 'value': '82 92 76 5015 7'}, 'picture': {'large': 'https://randomuser.me/api/portraits/women/25.jpg', 'medium': 'https://randomuser.me/api/portraits/med/women/25.jpg', 'thumbnail': 'https://randomuser.me/api/portraits/thumb/women/25.jpg'}, 'nat': 'MX'}], 'info': {'seed': '4c455c09b694a3bd', 'results': 1, 'page': 1, 'version': '1.4'}}</msg>
<arg>${json_data}</arg>
<doc>Logs the given message with the given level.</doc>
<status status="PASS" start="2024-04-15T14:13:10.579596" elapsed="0.000252"/>
</kw>
<kw name="Should Be Equal As Numbers" owner="BuiltIn">
<arg>${json_data['results'][0]['location']['postcode']}</arg>
<arg>${json_data['results'][0]['location']['postcode']}</arg>
<doc>Fails if objects are unequal after converting them to real numbers.</doc>
<status status="PASS" start="2024-04-15T14:13:10.580168" elapsed="0.000639"/>
</kw>
<kw name="Log" owner="BuiltIn">
<msg time="2024-04-15T14:13:10.581342" level="INFO">38934</msg>
<arg>${json_data['results'][0]['location']['postcode']}</arg>
<doc>Logs the given message with the given level.</doc>
<status status="PASS" start="2024-04-15T14:13:10.581003" elapsed="0.000391"/>
</kw>
<status status="PASS" start="2024-04-15T14:13:10.464962" elapsed="0.116694"/>
</kw>
<doc>Testa se os tipos de dados na resposta da API estão corretos.</doc>
<tag>testeTiposDados</tag>
<status status="PASS" start="2024-04-15T14:13:10.361408" elapsed="0.220426"/>
</test>
<test id="s1-s1-t5" name="Validar conteudo" line="35">
<kw name="Teste de Tipos de Conteudo" owner="random-user-service">
<kw name="GET On Session" owner="RequestsLibrary">
<msg time="2024-04-15T14:13:10.828216" level="INFO">GET Request : url=https://randomuser.me/api 
 path_url=/api 
 headers={'User-Agent': 'python-requests/2.31.0', 'Accept-Encoding': 'gzip, deflate', 'Accept': '*/*', 'Connection': 'keep-alive'} 
 body=None 
 </msg>
<msg time="2024-04-15T14:13:10.828328" level="INFO">GET Response : url=https://randomuser.me/api 
 status=200, reason=OK 
 headers={'Date': 'Mon, 15 Apr 2024 14:13:10 GMT', 'Content-Type': 'application/json; charset=utf-8', 'Transfer-Encoding': 'chunked', 'Connection': 'keep-alive', 'X-Powered-By': 'Express', 'Access-Control-Allow-Origin': '*', 'Cache-Control': 'no-cache', 'ETag': 'W/"47b-qiQLs3WJlMOZ7RXdZM6nelIjaGw"', 'Vary': 'Accept-Encoding', 'Content-Encoding': 'gzip', 'CF-Cache-Status': 'DYNAMIC', 'Report-To': '{"endpoints":[{"url":"https:\\/\\/a.nel.cloudflare.com\\/report\\/v4?s=TulBBYUkPLqDLUxgRpAad85OCxkoL27hSBCRXhXUE3Q%2Fe5%2BrCqqyXngNB7UOgeaCwhyOfJIPrnss2hFXqzz%2ByqnO%2FSaamKlGtpvB0mZzBHCHOjc%2FtalVsuFwwETA3nZd"}],"group":"cf-nel","max_age":604800}', 'NEL': '{"success_fraction":0,"report_to":"cf-nel","max_age":604800}', 'Server': 'cloudflare', 'CF-RAY': '874c88e529eb7ee7-LAX', 'alt-svc': 'h3=":443"; ma=86400'} 
 body={"results":[{"gender":"male","name":{"title":"Mr","first":"Shayan","last":"Hognestad"},"location":{"street":{"number":3629,"name":"Snøggveien"},"city":"Blomvåg","state":"Rogaland","country":"Norway","postcode":"7714","coordinates":{"latitude":"44.2264","longitude":"-19.3933"},"timezone":{"offset":"-11:00","description":"Midway Island, Samoa"}},"email":"shayan.hognestad@example.com","login":{"uuid":"d505c0a3-682e-4276-8ee9-5f59fe8aa9d3","username":"whitemeercat408","password":"trance","salt":"xHk4kCzH","md5":"b5534be498af98dc27a41a376bec62b5","sha1":"16049771e70419f621565b65959563651104bc1b","sha256":"e4c8b6ece473a48f7c58f79bf98b888d644bda61893822cfb83205e871e5fbb0"},"dob":{"date":"1999-05-12T02:18:59.644Z","age":24},"registered":{"date":"2009-06-20T04:51:16.104Z","age":14},"phone":"88566682","cell":"44458541","id":{"name":"FN","value":"12059930514"},"picture":{"large":"https://randomuser.me/api/portraits/men/58.jpg","medium":"https://randomuser.me/api/portraits/med/men/58.jpg","thumbnail":"https://randomuser.me/api/portraits/thumb/men/58.jpg"},"nat":"NO"}],"info":{"seed":"2fce5acb4ead2f03","results":1,"page":1,"version":"1.4"}} 
 </msg>
<msg time="2024-04-15T14:13:10.828411" level="INFO">/opt/hostedtoolcache/Python/3.12.2/x64/lib/python3.12/site-packages/urllib3/connectionpool.py:1103: InsecureRequestWarning: Unverified HTTPS request is being made to host 'randomuser.me'. Adding certificate verification is strongly advised. See: https://urllib3.readthedocs.io/en/latest/advanced-usage.html#tls-warnings
  warnings.warn(</msg>
<msg time="2024-04-15T14:13:10.828554" level="INFO">${response} = &lt;Response [200]&gt;</msg>
<var>${response}</var>
<arg>consultarAPI</arg>
<arg>/api</arg>
<doc>Sends a GET request on a previously created HTTP Session.</doc>
<status status="PASS" start="2024-04-15T14:13:10.584470" elapsed="0.244134"/>
</kw>
<kw name="Set Variable" owner="BuiltIn">
<msg time="2024-04-15T14:13:10.829818" level="INFO">${json_data} = {'results': [{'gender': 'male', 'name': {'title': 'Mr', 'first': 'Shayan', 'last': 'Hognestad'}, 'location': {'street': {'number': 3629, 'name': 'Snøggveien'}, 'city': 'Blomvåg', 'state': 'Rogaland', ...</msg>
<var>${json_data}</var>
<arg>${response.json()}</arg>
<doc>Returns the given values which can then be assigned to a variables.</doc>
<status status="PASS" start="2024-04-15T14:13:10.829253" elapsed="0.000594"/>
</kw>
<kw name="Set Variable" owner="BuiltIn">
<msg time="2024-04-15T14:13:10.830592" level="INFO">${name_title} = Mr</msg>
<var>${name_title}</var>
<arg>${json_data["results"][0]["name"]["title"]}</arg>
<doc>Returns the given values which can then be assigned to a variables.</doc>
<status status="PASS" start="2024-04-15T14:13:10.830206" elapsed="0.000411"/>
</kw>
<kw name="Create List" owner="BuiltIn">
<msg time="2024-04-15T14:13:10.831076" level="INFO">${allowed_titles} = ['Mr', 'Ms', 'Miss', 'Mrs', 'Madame', 'Monsieur']</msg>
<var>${allowed_titles}</var>
<arg>Mr</arg>
<arg>Ms</arg>
<arg>Miss</arg>
<arg>Mrs</arg>
<arg>Madame</arg>
<arg>Monsieur</arg>
<doc>Returns a list containing given items.</doc>
<status status="PASS" start="2024-04-15T14:13:10.830926" elapsed="0.000173"/>
</kw>
<kw name="List Should Contain Value" owner="Collections">
<msg time="2024-04-15T14:13:10.831578" level="INFO">False</msg>
<arg>${allowed_titles}</arg>
<arg>${name_title}</arg>
<doc>Fails if the ``value`` is not found from ``list``.</doc>
<status status="PASS" start="2024-04-15T14:13:10.831398" elapsed="0.000219"/>
</kw>
<kw name="Set Variable" owner="BuiltIn">
<msg time="2024-04-15T14:13:10.832299" level="INFO">${name_country} = NO</msg>
<var>${name_country}</var>
<arg>${json_data["results"][0]["nat"]}</arg>
<doc>Returns the given values which can then be assigned to a variables.</doc>
<status status="PASS" start="2024-04-15T14:13:10.831918" elapsed="0.000406"/>
</kw>
<kw name="Create List" owner="BuiltIn">
<msg time="2024-04-15T14:13:10.833228" level="INFO">${list_country} = ['AD', 'AE', 'AF', 'AG', 'AI', 'AL', 'AM', 'AO', 'AQ', 'AR', 'AS', 'AT', 'AU', 'AW', 'AX', 'AZ', 'BA', 'BB', 'BD', 'BE', 'BF', 'BG', 'BH', 'BI', 'BJ', 'BL', 'BM', 'BN', 'BO', 'BQ', 'BR', 'BS', 'BT', '...</msg>
<var>${list_country}</var>
<arg>AD</arg>
<arg>AE</arg>
<arg>AF</arg>
<arg>AG</arg>
<arg>AI</arg>
<arg>AL</arg>
<arg>AM</arg>
<arg>AO</arg>
<arg>AQ</arg>
<arg>AR</arg>
<arg>AS</arg>
<arg>AT</arg>
<arg>AU</arg>
<arg>AW</arg>
<arg>AX</arg>
<arg>AZ</arg>
<arg>BA</arg>
<arg>BB</arg>
<arg>BD</arg>
<arg>BE</arg>
<arg>BF</arg>
<arg>BG</arg>
<arg>BH</arg>
<arg>BI</arg>
<arg>BJ</arg>
<arg>BL</arg>
<arg>BM</arg>
<arg>BN</arg>
<arg>BO</arg>
<arg>BQ</arg>
<arg>BR</arg>
<arg>BS</arg>
<arg>BT</arg>
<arg>BV</arg>
<arg>BW</arg>
<arg>BY</arg>
<arg>BZ</arg>
<arg>CA</arg>
<arg>CC</arg>
<arg>CD</arg>
<arg>CF</arg>
<arg>CG</arg>
<arg>CH</arg>
<arg>CI</arg>
<arg>CK</arg>
<arg>CL</arg>
<arg>CM</arg>
<arg>CN</arg>
<arg>CO</arg>
<arg>CR</arg>
<arg>CU</arg>
<arg>CV</arg>
<arg>CW</arg>
<arg>CX</arg>
<arg>CY</arg>
<arg>CZ</arg>
<arg>DE</arg>
<arg>DJ</arg>
<arg>DK</arg>
<arg>DM</arg>
<arg>DO</arg>
<arg>DZ</arg>
<arg>EC</arg>
<arg>EE</arg>
<arg>EG</arg>
<arg>EH</arg>
<arg>ER</arg>
<arg>ES</arg>
<arg>ET</arg>
<arg>FI</arg>
<arg>FJ</arg>
<arg>FK</arg>
<arg>FM</arg>
<arg>FO</arg>
<arg>FR</arg>
<arg>GA</arg>
<arg>GB</arg>
<arg>GD</arg>
<arg>GE</arg>
<arg>GF</arg>
<arg>GG</arg>
<arg>GH</arg>
<arg>GI</arg>
<arg>GL</arg>
<arg>GM</arg>
<arg>GN</arg>
<arg>GP</arg>
<arg>GQ</arg>
<arg>GR</arg>
<arg>GS</arg>
<arg>GT</arg>
<arg>GU</arg>
<arg>GW</arg>
<arg>GY</arg>
<arg>HK</arg>
<arg>HM</arg>
<arg>HN</arg>
<arg>HR</arg>
<arg>HT</arg>
<arg>HU</arg>
<arg>ID</arg>
<arg>IE</arg>
<arg>IL</arg>
<arg>IM</arg>
<arg>IN</arg>
<arg>IO</arg>
<arg>IQ</arg>
<arg>IR</arg>
<arg>IS</arg>
<arg>IT</arg>
<arg>JE</arg>
<arg>JM</arg>
<arg>JO</arg>
<arg>JP</arg>
<arg>KE</arg>
<arg>KG</arg>
<arg>KH</arg>
<arg>KI</arg>
<arg>KM</arg>
<arg>KN</arg>
<arg>KP</arg>
<arg>KR</arg>
<arg>KW</arg>
<arg>KY</arg>
<arg>KZ</arg>
<arg>LA</arg>
<arg>LB</arg>
<arg>LC</arg>
<arg>LI</arg>
<arg>LK</arg>
<arg>LR</arg>
<arg>LS</arg>
<arg>LT</arg>
<arg>LU</arg>
<arg>LV</arg>
<arg>LY</arg>
<arg>MA</arg>
<arg>MC</arg>
<arg>MD</arg>
<arg>ME</arg>
<arg>MF</arg>
<arg>MG</arg>
<arg>MH</arg>
<arg>MK</arg>
<arg>ML</arg>
<arg>MM</arg>
<arg>MN</arg>
<arg>MO</arg>
<arg>MP</arg>
<arg>MQ</arg>
<arg>MR</arg>
<arg>MS</arg>
<arg>MT</arg>
<arg>MU</arg>
<arg>MV</arg>
<arg>MW</arg>
<arg>MX</arg>
<arg>MY</arg>
<arg>MZ</arg>
<arg>NA</arg>
<arg>NC</arg>
<arg>NE</arg>
<arg>NF</arg>
<arg>NG</arg>
<arg>NI</arg>
<arg>NL</arg>
<arg>NO</arg>
<arg>NP</arg>
<arg>NR</arg>
<arg>NU</arg>
<arg>NZ</arg>
<arg>OM</arg>
<arg>PA</arg>
<arg>PE</arg>
<arg>PF</arg>
<arg>PG</arg>
<arg>PH</arg>
<arg>PK</arg>
<arg>PL</arg>
<arg>PM</arg>
<arg>PN</arg>
<arg>PR</arg>
<arg>PS</arg>
<arg>PT</arg>
<arg>PW</arg>
<arg>PY</arg>
<arg>QA</arg>
<arg>RE</arg>
<arg>RO</arg>
<arg>RS</arg>
<arg>RU</arg>
<arg>RW</arg>
<arg>SA</arg>
<arg>SB</arg>
<arg>SC</arg>
<arg>SD</arg>
<arg>SE</arg>
<arg>SG</arg>
<arg>SH</arg>
<arg>SI</arg>
<arg>SJ</arg>
<arg>SK</arg>
<arg>SL</arg>
<arg>SM</arg>
<arg>SN</arg>
<arg>SO</arg>
<arg>SR</arg>
<arg>SS</arg>
<arg>ST</arg>
<arg>SV</arg>
<arg>SX</arg>
<arg>SY</arg>
<arg>SZ</arg>
<arg>TC</arg>
<arg>TD</arg>
<arg>TF</arg>
<arg>TG</arg>
<arg>TH</arg>
<arg>TJ</arg>
<arg>TK</arg>
<arg>TL</arg>
<arg>TM</arg>
<arg>TN</arg>
<arg>TO</arg>
<arg>TR</arg>
<arg>TT</arg>
<arg>TV</arg>
<arg>TW</arg>
<arg>TZ</arg>
<arg>UA</arg>
<arg>UG</arg>
<arg>UM</arg>
<arg>US</arg>
<arg>UY</arg>
<arg>UZ</arg>
<arg>VA</arg>
<arg>VC</arg>
<arg>VE</arg>
<arg>VG</arg>
<arg>VI</arg>
<arg>VN</arg>
<arg>VU</arg>
<arg>WF</arg>
<arg>WS</arg>
<arg>XK</arg>
<arg>YE</arg>
<arg>YT</arg>
<arg>ZA</arg>
<arg>ZM</arg>
<arg>ZW</arg>
<doc>Returns a list containing given items.</doc>
<status status="PASS" start="2024-04-15T14:13:10.832625" elapsed="0.000628"/>
</kw>
<kw name="List Should Contain Value" owner="Collections">
<msg time="2024-04-15T14:13:10.834264" level="INFO">False</msg>
<arg>${list_country}</arg>
<arg>${name_country}</arg>
<doc>Fails if the ``value`` is not found from ``list``.</doc>
<status status="PASS" start="2024-04-15T14:13:10.834056" elapsed="0.000244"/>
</kw>
<kw name="Run Keyword If" owner="BuiltIn">
<kw name="Should Be True" owner="BuiltIn">
<arg>${True}</arg>
<doc>Fails if the given condition is not true.</doc>
<status status="PASS" start="2024-04-15T14:13:10.835508" elapsed="0.000149"/>
</kw>
<arg>${json_data["results"][0]["location"]["coordinates"]["latitude"]} &gt;= -90 and ${json_data["results"][0]["location"]["coordinates"]["latitude"]} &lt;= 90</arg>
<arg>Should Be True</arg>
<arg>${True}</arg>
<doc>Runs the given keyword with the given arguments, if ``condition`` is true.</doc>
<status status="PASS" start="2024-04-15T14:13:10.834614" elapsed="0.001173"/>
</kw>
<kw name="Run Keyword If" owner="BuiltIn">
<kw name="Should Be True" owner="BuiltIn">
<arg>${True}</arg>
<doc>Fails if the given condition is not true.</doc>
<status status="PASS" start="2024-04-15T14:13:10.836683" elapsed="0.000141"/>
</kw>
<arg>${json_data["results"][0]["location"]["coordinates"]["longitude"]} &gt;= -180 and ${json_data["results"][0]["location"]["coordinates"]["longitude"]} &lt;= 180</arg>
<arg>Should Be True</arg>
<arg>${True}</arg>
<doc>Runs the given keyword with the given arguments, if ``condition`` is true.</doc>
<status status="PASS" start="2024-04-15T14:13:10.835975" elapsed="0.000978"/>
</kw>
<status status="PASS" start="2024-04-15T14:13:10.584230" elapsed="0.252860"/>
</kw>
<doc>Testa o conteúdo específico dos campos retornados pela API.</doc>
<tag>testeConteudo</tag>
<status status="PASS" start="2024-04-15T14:13:10.583656" elapsed="0.253595"/>
</test>
<status status="PASS" start="2024-04-15T14:13:09.634364" elapsed="1.204959"/>
</suite>
<status status="PASS" start="2024-04-15T14:13:09.620275" elapsed="1.224544"/>
</suite>
<statistics>
<total>
<stat pass="5" fail="0" skip="0">All Tests</stat>
</total>
<tag>
<stat pass="1" fail="0" skip="0">testeConteudo</stat>
<stat pass="1" fail="0" skip="0">testeEstruturaResposta</stat>
<stat pass="1" fail="0" skip="0">testeRequisicaoBasica</stat>
<stat pass="1" fail="0" skip="0">testeTiposDados</stat>
</tag>
<suite>
<stat pass="5" fail="0" skip="0" id="s1" name="Tests">Tests</stat>
<stat pass="5" fail="0" skip="0" id="s1-s1" name="Random-User-Test">Tests.Random-User-Test</stat>
</suite>
</statistics>
<errors>
</errors>
</robot>
