<?xml version="1.0" encoding="UTF-8"?>
<robot generator="Robot 7.0.1 (Python 3.12.3 on linux)" generated="2024-06-11T01:05:58.086808" rpa="false" schemaversion="5">
<suite id="s1" name="Tests" source="/home/runner/work/ApiRandomUser/ApiRandomUser/RamdonUser/tests">
<suite id="s1-s1" name="Random-User-Test" source="/home/runner/work/ApiRandomUser/ApiRandomUser/RamdonUser/tests/random-user-test.robot">
<test id="s1-s1-t1" name="Conectar" line="13">
<kw name="Conectar API" owner="random-user-service">
<kw name="Create Session" owner="RequestsLibrary">
<msg time="2024-06-11T01:05:58.465422" level="INFO">Creating Session using : alias=consultarAPI, url=https://randomuser.me/, headers={},                     cookies={}, auth=None, timeout=None, proxies=None, verify=False,                     debug=0 </msg>
<arg>consultarAPI</arg>
<arg>${URL}</arg>
<doc>Create Session: create a HTTP session to a server</doc>
<status status="PASS" start="2024-06-11T01:05:58.465232" elapsed="0.000355"/>
</kw>
<status status="PASS" start="2024-06-11T01:05:58.464249" elapsed="0.001676"/>
</kw>
<status status="PASS" start="2024-06-11T01:05:58.463721" elapsed="0.002394"/>
</test>
<test id="s1-s1-t2" name="Validar retorno 200 e JSON Válido" line="16">
<kw name="Teste de Requisicao Basica" owner="random-user-service">
<kw name="GET On Session" owner="RequestsLibrary">
<msg time="2024-06-11T01:05:58.547809" level="INFO">GET Request : url=https://randomuser.me/api 
 path_url=/api 
 headers={'User-Agent': 'python-requests/2.32.3', 'Accept-Encoding': 'gzip, deflate', 'Accept': '*/*', 'Connection': 'keep-alive'} 
 body=None 
 </msg>
<msg time="2024-06-11T01:05:58.547934" level="INFO">GET Response : url=https://randomuser.me/api 
 status=200, reason=OK 
 headers={'Date': 'Tue, 11 Jun 2024 01:05:58 GMT', 'Content-Type': 'application/json; charset=utf-8', 'Transfer-Encoding': 'chunked', 'Connection': 'keep-alive', 'X-Powered-By': 'Express', 'Access-Control-Allow-Origin': '*', 'Cache-Control': 'no-cache', 'ETag': 'W/"497-mdW/gPzsKAA/1k92UJU4W/+F3nc"', 'Vary': 'Accept-Encoding', 'Content-Encoding': 'gzip', 'CF-Cache-Status': 'DYNAMIC', 'Report-To': '{"endpoints":[{"url":"https:\\/\\/a.nel.cloudflare.com\\/report\\/v4?s=bfv9fO2Ml6A5aIKDPX4h7%2BemxJqzzlUkb%2FT4qV26GEcROgV25Wa3bhICDjJY1qtigPXt7YFdgDwtyunRAim1Tbo3rnBZPYFecOYlGiT%2BJY%2BriMSxNre7%2BQ6os7ry3bl9"}],"group":"cf-nel","max_age":604800}', 'NEL': '{"success_fraction":0,"report_to":"cf-nel","max_age":604800}', 'Server': 'cloudflare', 'CF-RAY': '891db224ac3f2322-ORD', 'alt-svc': 'h3=":443"; ma=86400'} 
 body={"results":[{"gender":"female","name":{"title":"Madame","first":"Carine","last":"Vidal"},"location":{"street":{"number":176,"name":"Rue de la Barre"},"city":"Werthenstein","state":"Zug","country":"Switzerland","postcode":2449,"coordinates":{"latitude":"-60.5986","longitude":"44.6060"},"timezone":{"offset":"-7:00","description":"Mountain Time (US &amp; Canada)"}},"email":"carine.vidal@example.com","login":{"uuid":"2f420afe-9ba6-48e5-8f7c-2105e92ccc2b","username":"smallcat158","password":"jasmine","salt":"ROAF4ub0","md5":"c5961766f73bc13c64274670975cd1a1","sha1":"3c4c3c1f9bfdc46bbdd34d7d6895df818e703701","sha256":"a1aef5bb67704e0f4fe9b7ddb65510a00ae3c139796365f610ad17feda1eedf2"},"dob":{"date":"1947-05-18T22:10:50.667Z","age":77},"registered":{"date":"2009-07-26T05:09:59.542Z","age":14},"phone":"078 871 67 35","cell":"079 845 29 39","id":{"name":"AVS","value":"756.7669.2001.25"},"picture":{"large":"https://randomuser.me/api/portraits/women/88.jpg","medium":"https://randomuser.me/api/portraits/med/women/88.jpg","thumbnail":"https://randomuser.me/api/portraits/thumb/women/88.jpg"},"nat":"CH"}],"info":{"seed":"704daca494af4d3c","results":1,"page":1,"version":"1.4"}} 
 </msg>
<msg time="2024-06-11T01:05:58.548009" level="INFO">/opt/hostedtoolcache/Python/3.12.3/x64/lib/python3.12/site-packages/urllib3/connectionpool.py:1103: InsecureRequestWarning: Unverified HTTPS request is being made to host 'randomuser.me'. Adding certificate verification is strongly advised. See: https://urllib3.readthedocs.io/en/latest/advanced-usage.html#tls-warnings
  warnings.warn(</msg>
<msg time="2024-06-11T01:05:58.548117" level="INFO">${response} = &lt;Response [200]&gt;</msg>
<var>${response}</var>
<arg>consultarAPI</arg>
<arg>/api</arg>
<doc>Sends a GET request on a previously created HTTP Session.</doc>
<status status="PASS" start="2024-06-11T01:05:58.468667" elapsed="0.079490"/>
</kw>
<kw name="Should Be Equal As Numbers" owner="BuiltIn">
<msg time="2024-06-11T01:05:58.548942" level="INFO">Argument types are:
&lt;class 'int'&gt;
&lt;class 'str'&gt;</msg>
<arg>${response.status_code}</arg>
<arg>200</arg>
<doc>Fails if objects are unequal after converting them to real numbers.</doc>
<status status="PASS" start="2024-06-11T01:05:58.548548" elapsed="0.000456"/>
</kw>
<kw name="Log" owner="BuiltIn">
<msg time="2024-06-11T01:05:58.549655" level="INFO">200</msg>
<arg>${response.status_code}</arg>
<doc>Logs the given message with the given level.</doc>
<status status="PASS" start="2024-06-11T01:05:58.549315" elapsed="0.000386"/>
</kw>
<kw name="Set Variable" owner="BuiltIn">
<msg time="2024-06-11T01:05:58.550426" level="INFO">${json_data} = {'results': [{'gender': 'female', 'name': {'title': 'Madame', 'first': 'Carine', 'last': 'Vidal'}, 'location': {'street': {'number': 176, 'name': 'Rue de la Barre'}, 'city': 'Werthenstein', 'state': '...</msg>
<var>${json_data}</var>
<arg>${response.json()}</arg>
<doc>Returns the given values which can then be assigned to a variables.</doc>
<status status="PASS" start="2024-06-11T01:05:58.550002" elapsed="0.000452"/>
</kw>
<kw name="Dictionary Should Contain Key" owner="Collections">
<arg>${json_data}</arg>
<arg>results</arg>
<doc>Fails if ``key`` is not found from ``dictionary``.</doc>
<status status="PASS" start="2024-06-11T01:05:58.550751" elapsed="0.000158"/>
</kw>
<status status="PASS" start="2024-06-11T01:05:58.468435" elapsed="0.082618"/>
</kw>
<doc>Testa se a API responde corretamente e retorna um objeto JSON válido.</doc>
<tag>testeRequisicaoBasica</tag>
<status status="PASS" start="2024-06-11T01:05:58.467968" elapsed="0.083242"/>
</test>
<test id="s1-s1-t3" name="Validar estrutura de resposta" line="22">
<kw name="Teste de Estrutura de Resposta" owner="random-user-service">
<kw name="GET On Session" owner="RequestsLibrary">
<msg time="2024-06-11T01:05:58.763574" level="INFO">GET Request : url=https://randomuser.me/api 
 path_url=/api 
 headers={'User-Agent': 'python-requests/2.32.3', 'Accept-Encoding': 'gzip, deflate', 'Accept': '*/*', 'Connection': 'keep-alive'} 
 body=None 
 </msg>
<msg time="2024-06-11T01:05:58.763662" level="INFO">GET Response : url=https://randomuser.me/api 
 status=200, reason=OK 
 headers={'Date': 'Tue, 11 Jun 2024 01:05:58 GMT', 'Content-Type': 'application/json; charset=utf-8', 'Transfer-Encoding': 'chunked', 'Connection': 'keep-alive', 'X-Powered-By': 'Express', 'Access-Control-Allow-Origin': '*', 'Cache-Control': 'no-cache', 'ETag': 'W/"494-l5T3o5MoqA3nOAApTv1ZgSLC+ow"', 'Vary': 'Accept-Encoding', 'Content-Encoding': 'gzip', 'CF-Cache-Status': 'DYNAMIC', 'Report-To': '{"endpoints":[{"url":"https:\\/\\/a.nel.cloudflare.com\\/report\\/v4?s=MkbQNgRYpsl3goU4%2Fklq4G67DYsdqrFaH3Bo75rzYsd6A8CNBwQ1vD9lcDWxt2cQS%2BsDTPpdogZK4CCgo3hvcL1y81wtMSgiTftqez4MEnjWPpQj3frYVkgo27h3wWcx"}],"group":"cf-nel","max_age":604800}', 'NEL': '{"success_fraction":0,"report_to":"cf-nel","max_age":604800}', 'Server': 'cloudflare', 'CF-RAY': '891db224fcca2322-ORD', 'alt-svc': 'h3=":443"; ma=86400'} 
 body={"results":[{"gender":"female","name":{"title":"Miss","first":"Namitha","last":"Almeida"},"location":{"street":{"number":8493,"name":"Bhootnath Rd"},"city":"Narasaraopet","state":"Odisha","country":"India","postcode":19802,"coordinates":{"latitude":"6.7662","longitude":"165.9811"},"timezone":{"offset":"+5:30","description":"Bombay, Calcutta, Madras, New Delhi"}},"email":"namitha.almeida@example.com","login":{"uuid":"600bd1ab-1fc8-480c-af37-3e964030143d","username":"lazydog915","password":"chevys","salt":"8XIIdY40","md5":"00e8ab0f1e2f7ef48a842db15427972b","sha1":"c12998531cbf7e429ab6455e7078941831076aaf","sha256":"3b5e666889f5acc5e93ae70679961d298e7a8d522e478dd78840d210aafa9e9d"},"dob":{"date":"1979-01-30T01:56:03.784Z","age":45},"registered":{"date":"2010-08-24T19:32:18.212Z","age":13},"phone":"7100328628","cell":"9651895119","id":{"name":"UIDAI","value":"929636164016"},"picture":{"large":"https://randomuser.me/api/portraits/women/25.jpg","medium":"https://randomuser.me/api/portraits/med/women/25.jpg","thumbnail":"https://randomuser.me/api/portraits/thumb/women/25.jpg"},"nat":"IN"}],"info":{"seed":"58dda60f077cd618","results":1,"page":1,"version":"1.4"}} 
 </msg>
<msg time="2024-06-11T01:05:58.763801" level="INFO">/opt/hostedtoolcache/Python/3.12.3/x64/lib/python3.12/site-packages/urllib3/connectionpool.py:1103: InsecureRequestWarning: Unverified HTTPS request is being made to host 'randomuser.me'. Adding certificate verification is strongly advised. See: https://urllib3.readthedocs.io/en/latest/advanced-usage.html#tls-warnings
  warnings.warn(</msg>
<msg time="2024-06-11T01:05:58.763961" level="INFO">${response} = &lt;Response [200]&gt;</msg>
<var>${response}</var>
<arg>consultarAPI</arg>
<arg>/api</arg>
<doc>Sends a GET request on a previously created HTTP Session.</doc>
<status status="PASS" start="2024-06-11T01:05:58.553970" elapsed="0.210047"/>
</kw>
<kw name="Set Variable" owner="BuiltIn">
<msg time="2024-06-11T01:05:58.764841" level="INFO">${json_data} = {'results': [{'gender': 'female', 'name': {'title': 'Miss', 'first': 'Namitha', 'last': 'Almeida'}, 'location': {'street': {'number': 8493, 'name': 'Bhootnath Rd'}, 'city': 'Narasaraopet', 'state': 'O...</msg>
<var>${json_data}</var>
<arg>${response.json()}</arg>
<doc>Returns the given values which can then be assigned to a variables.</doc>
<status status="PASS" start="2024-06-11T01:05:58.764398" elapsed="0.000472"/>
</kw>
<kw name="Log" owner="BuiltIn">
<msg time="2024-06-11T01:05:58.765326" level="INFO">{'results': [{'gender': 'female', 'name': {'title': 'Miss', 'first': 'Namitha', 'last': 'Almeida'}, 'location': {'street': {'number': 8493, 'name': 'Bhootnath Rd'}, 'city': 'Narasaraopet', 'state': 'Odisha', 'country': 'India', 'postcode': 19802, 'coordinates': {'latitude': '6.7662', 'longitude': '165.9811'}, 'timezone': {'offset': '+5:30', 'description': 'Bombay, Calcutta, Madras, New Delhi'}}, 'email': 'namitha.almeida@example.com', 'login': {'uuid': '600bd1ab-1fc8-480c-af37-3e964030143d', 'username': 'lazydog915', 'password': 'chevys', 'salt': '8XIIdY40', 'md5': '00e8ab0f1e2f7ef48a842db15427972b', 'sha1': 'c12998531cbf7e429ab6455e7078941831076aaf', 'sha256': '3b5e666889f5acc5e93ae70679961d298e7a8d522e478dd78840d210aafa9e9d'}, 'dob': {'date': '1979-01-30T01:56:03.784Z', 'age': 45}, 'registered': {'date': '2010-08-24T19:32:18.212Z', 'age': 13}, 'phone': '7100328628', 'cell': '9651895119', 'id': {'name': 'UIDAI', 'value': '929636164016'}, 'picture': {'large': 'https://randomuser.me/api/portraits/women/25.jpg', 'medium': 'https://randomuser.me/api/portraits/med/women/25.jpg', 'thumbnail': 'https://randomuser.me/api/portraits/thumb/women/25.jpg'}, 'nat': 'IN'}], 'info': {'seed': '58dda60f077cd618', 'results': 1, 'page': 1, 'version': '1.4'}}</msg>
<arg>${json_data}</arg>
<doc>Logs the given message with the given level.</doc>
<status status="PASS" start="2024-06-11T01:05:58.765174" elapsed="0.000198"/>
</kw>
<kw name="Dictionary Should Contain Key" owner="Collections">
<arg>${json_data}</arg>
<arg>results</arg>
<doc>Fails if ``key`` is not found from ``dictionary``.</doc>
<status status="PASS" start="2024-06-11T01:05:58.765661" elapsed="0.000153"/>
</kw>
<kw name="Should Not Be Empty" owner="BuiltIn">
<msg time="2024-06-11T01:05:58.766121" level="INFO">Length is 2.</msg>
<arg>${json_data}</arg>
<doc>Verifies that the given item is not empty.</doc>
<status status="PASS" start="2024-06-11T01:05:58.765998" elapsed="0.000159"/>
</kw>
<kw name="Create List" owner="BuiltIn">
<msg time="2024-06-11T01:05:58.766595" level="INFO">${expected_keys} = ['gender', 'name', 'location', 'email', 'login']</msg>
<var>${expected_keys}</var>
<arg>gender</arg>
<arg>name</arg>
<arg>location</arg>
<arg>email</arg>
<arg>login</arg>
<doc>Returns a list containing given items.</doc>
<status status="PASS" start="2024-06-11T01:05:58.766445" elapsed="0.000173"/>
</kw>
<for flavor="IN">
<iter>
<kw name="Dictionary Should Contain Key" owner="Collections">
<arg>${json_data['results'][0]}</arg>
<arg>${key}</arg>
<doc>Fails if ``key`` is not found from ``dictionary``.</doc>
<status status="PASS" start="2024-06-11T01:05:58.767174" elapsed="0.000388"/>
</kw>
<kw name="Log" owner="BuiltIn">
<msg time="2024-06-11T01:05:58.768152" level="INFO">{'gender': 'female', 'name': {'title': 'Miss', 'first': 'Namitha', 'last': 'Almeida'}, 'location': {'street': {'number': 8493, 'name': 'Bhootnath Rd'}, 'city': 'Narasaraopet', 'state': 'Odisha', 'country': 'India', 'postcode': 19802, 'coordinates': {'latitude': '6.7662', 'longitude': '165.9811'}, 'timezone': {'offset': '+5:30', 'description': 'Bombay, Calcutta, Madras, New Delhi'}}, 'email': 'namitha.almeida@example.com', 'login': {'uuid': '600bd1ab-1fc8-480c-af37-3e964030143d', 'username': 'lazydog915', 'password': 'chevys', 'salt': '8XIIdY40', 'md5': '00e8ab0f1e2f7ef48a842db15427972b', 'sha1': 'c12998531cbf7e429ab6455e7078941831076aaf', 'sha256': '3b5e666889f5acc5e93ae70679961d298e7a8d522e478dd78840d210aafa9e9d'}, 'dob': {'date': '1979-01-30T01:56:03.784Z', 'age': 45}, 'registered': {'date': '2010-08-24T19:32:18.212Z', 'age': 13}, 'phone': '7100328628', 'cell': '9651895119', 'id': {'name': 'UIDAI', 'value': '929636164016'}, 'picture': {'large': 'https://randomuser.me/api/portraits/women/25.jpg', 'medium': 'https://randomuser.me/api/portraits/med/women/25.jpg', 'thumbnail': 'https://randomuser.me/api/portraits/thumb/women/25.jpg'}, 'nat': 'IN'}</msg>
<arg>${json_data['results'][0]}</arg>
<doc>Logs the given message with the given level.</doc>
<status status="PASS" start="2024-06-11T01:05:58.767754" elapsed="0.000447"/>
</kw>
<kw name="Log" owner="BuiltIn">
<msg time="2024-06-11T01:05:58.768621" level="INFO">gender</msg>
<arg>${key}</arg>
<doc>Logs the given message with the given level.</doc>
<status status="PASS" start="2024-06-11T01:05:58.768496" elapsed="0.000161"/>
</kw>
<var name="${key}">gender</var>
<status status="PASS" start="2024-06-11T01:05:58.767053" elapsed="0.001822"/>
</iter>
<iter>
<kw name="Dictionary Should Contain Key" owner="Collections">
<arg>${json_data['results'][0]}</arg>
<arg>${key}</arg>
<doc>Fails if ``key`` is not found from ``dictionary``.</doc>
<status status="PASS" start="2024-06-11T01:05:58.769172" elapsed="0.000380"/>
</kw>
<kw name="Log" owner="BuiltIn">
<msg time="2024-06-11T01:05:58.770084" level="INFO">{'gender': 'female', 'name': {'title': 'Miss', 'first': 'Namitha', 'last': 'Almeida'}, 'location': {'street': {'number': 8493, 'name': 'Bhootnath Rd'}, 'city': 'Narasaraopet', 'state': 'Odisha', 'country': 'India', 'postcode': 19802, 'coordinates': {'latitude': '6.7662', 'longitude': '165.9811'}, 'timezone': {'offset': '+5:30', 'description': 'Bombay, Calcutta, Madras, New Delhi'}}, 'email': 'namitha.almeida@example.com', 'login': {'uuid': '600bd1ab-1fc8-480c-af37-3e964030143d', 'username': 'lazydog915', 'password': 'chevys', 'salt': '8XIIdY40', 'md5': '00e8ab0f1e2f7ef48a842db15427972b', 'sha1': 'c12998531cbf7e429ab6455e7078941831076aaf', 'sha256': '3b5e666889f5acc5e93ae70679961d298e7a8d522e478dd78840d210aafa9e9d'}, 'dob': {'date': '1979-01-30T01:56:03.784Z', 'age': 45}, 'registered': {'date': '2010-08-24T19:32:18.212Z', 'age': 13}, 'phone': '7100328628', 'cell': '9651895119', 'id': {'name': 'UIDAI', 'value': '929636164016'}, 'picture': {'large': 'https://randomuser.me/api/portraits/women/25.jpg', 'medium': 'https://randomuser.me/api/portraits/med/women/25.jpg', 'thumbnail': 'https://randomuser.me/api/portraits/thumb/women/25.jpg'}, 'nat': 'IN'}</msg>
<arg>${json_data['results'][0]}</arg>
<doc>Logs the given message with the given level.</doc>
<status status="PASS" start="2024-06-11T01:05:58.769735" elapsed="0.000428"/>
</kw>
<kw name="Log" owner="BuiltIn">
<msg time="2024-06-11T01:05:58.770590" level="INFO">name</msg>
<arg>${key}</arg>
<doc>Logs the given message with the given level.</doc>
<status status="PASS" start="2024-06-11T01:05:58.770458" elapsed="0.000170"/>
</kw>
<var name="${key}">name</var>
<status status="PASS" start="2024-06-11T01:05:58.769061" elapsed="0.001780"/>
</iter>
<iter>
<kw name="Dictionary Should Contain Key" owner="Collections">
<arg>${json_data['results'][0]}</arg>
<arg>${key}</arg>
<doc>Fails if ``key`` is not found from ``dictionary``.</doc>
<status status="PASS" start="2024-06-11T01:05:58.771134" elapsed="0.000377"/>
</kw>
<kw name="Log" owner="BuiltIn">
<msg time="2024-06-11T01:05:58.772085" level="INFO">{'gender': 'female', 'name': {'title': 'Miss', 'first': 'Namitha', 'last': 'Almeida'}, 'location': {'street': {'number': 8493, 'name': 'Bhootnath Rd'}, 'city': 'Narasaraopet', 'state': 'Odisha', 'country': 'India', 'postcode': 19802, 'coordinates': {'latitude': '6.7662', 'longitude': '165.9811'}, 'timezone': {'offset': '+5:30', 'description': 'Bombay, Calcutta, Madras, New Delhi'}}, 'email': 'namitha.almeida@example.com', 'login': {'uuid': '600bd1ab-1fc8-480c-af37-3e964030143d', 'username': 'lazydog915', 'password': 'chevys', 'salt': '8XIIdY40', 'md5': '00e8ab0f1e2f7ef48a842db15427972b', 'sha1': 'c12998531cbf7e429ab6455e7078941831076aaf', 'sha256': '3b5e666889f5acc5e93ae70679961d298e7a8d522e478dd78840d210aafa9e9d'}, 'dob': {'date': '1979-01-30T01:56:03.784Z', 'age': 45}, 'registered': {'date': '2010-08-24T19:32:18.212Z', 'age': 13}, 'phone': '7100328628', 'cell': '9651895119', 'id': {'name': 'UIDAI', 'value': '929636164016'}, 'picture': {'large': 'https://randomuser.me/api/portraits/women/25.jpg', 'medium': 'https://randomuser.me/api/portraits/med/women/25.jpg', 'thumbnail': 'https://randomuser.me/api/portraits/thumb/women/25.jpg'}, 'nat': 'IN'}</msg>
<arg>${json_data['results'][0]}</arg>
<doc>Logs the given message with the given level.</doc>
<status status="PASS" start="2024-06-11T01:05:58.771699" elapsed="0.000433"/>
</kw>
<kw name="Log" owner="BuiltIn">
<msg time="2024-06-11T01:05:58.772555" level="INFO">location</msg>
<arg>${key}</arg>
<doc>Logs the given message with the given level.</doc>
<status status="PASS" start="2024-06-11T01:05:58.772422" elapsed="0.000168"/>
</kw>
<var name="${key}">location</var>
<status status="PASS" start="2024-06-11T01:05:58.771023" elapsed="0.001784"/>
</iter>
<iter>
<kw name="Dictionary Should Contain Key" owner="Collections">
<arg>${json_data['results'][0]}</arg>
<arg>${key}</arg>
<doc>Fails if ``key`` is not found from ``dictionary``.</doc>
<status status="PASS" start="2024-06-11T01:05:58.773111" elapsed="0.000373"/>
</kw>
<kw name="Log" owner="BuiltIn">
<msg time="2024-06-11T01:05:58.774015" level="INFO">{'gender': 'female', 'name': {'title': 'Miss', 'first': 'Namitha', 'last': 'Almeida'}, 'location': {'street': {'number': 8493, 'name': 'Bhootnath Rd'}, 'city': 'Narasaraopet', 'state': 'Odisha', 'country': 'India', 'postcode': 19802, 'coordinates': {'latitude': '6.7662', 'longitude': '165.9811'}, 'timezone': {'offset': '+5:30', 'description': 'Bombay, Calcutta, Madras, New Delhi'}}, 'email': 'namitha.almeida@example.com', 'login': {'uuid': '600bd1ab-1fc8-480c-af37-3e964030143d', 'username': 'lazydog915', 'password': 'chevys', 'salt': '8XIIdY40', 'md5': '00e8ab0f1e2f7ef48a842db15427972b', 'sha1': 'c12998531cbf7e429ab6455e7078941831076aaf', 'sha256': '3b5e666889f5acc5e93ae70679961d298e7a8d522e478dd78840d210aafa9e9d'}, 'dob': {'date': '1979-01-30T01:56:03.784Z', 'age': 45}, 'registered': {'date': '2010-08-24T19:32:18.212Z', 'age': 13}, 'phone': '7100328628', 'cell': '9651895119', 'id': {'name': 'UIDAI', 'value': '929636164016'}, 'picture': {'large': 'https://randomuser.me/api/portraits/women/25.jpg', 'medium': 'https://randomuser.me/api/portraits/med/women/25.jpg', 'thumbnail': 'https://randomuser.me/api/portraits/thumb/women/25.jpg'}, 'nat': 'IN'}</msg>
<arg>${json_data['results'][0]}</arg>
<doc>Logs the given message with the given level.</doc>
<status status="PASS" start="2024-06-11T01:05:58.773664" elapsed="0.000399"/>
</kw>
<kw name="Log" owner="BuiltIn">
<msg time="2024-06-11T01:05:58.774483" level="INFO">email</msg>
<arg>${key}</arg>
<doc>Logs the given message with the given level.</doc>
<status status="PASS" start="2024-06-11T01:05:58.774358" elapsed="0.000163"/>
</kw>
<var name="${key}">email</var>
<status status="PASS" start="2024-06-11T01:05:58.773002" elapsed="0.001729"/>
</iter>
<iter>
<kw name="Dictionary Should Contain Key" owner="Collections">
<arg>${json_data['results'][0]}</arg>
<arg>${key}</arg>
<doc>Fails if ``key`` is not found from ``dictionary``.</doc>
<status status="PASS" start="2024-06-11T01:05:58.775009" elapsed="0.000369"/>
</kw>
<kw name="Log" owner="BuiltIn">
<msg time="2024-06-11T01:05:58.775943" level="INFO">{'gender': 'female', 'name': {'title': 'Miss', 'first': 'Namitha', 'last': 'Almeida'}, 'location': {'street': {'number': 8493, 'name': 'Bhootnath Rd'}, 'city': 'Narasaraopet', 'state': 'Odisha', 'country': 'India', 'postcode': 19802, 'coordinates': {'latitude': '6.7662', 'longitude': '165.9811'}, 'timezone': {'offset': '+5:30', 'description': 'Bombay, Calcutta, Madras, New Delhi'}}, 'email': 'namitha.almeida@example.com', 'login': {'uuid': '600bd1ab-1fc8-480c-af37-3e964030143d', 'username': 'lazydog915', 'password': 'chevys', 'salt': '8XIIdY40', 'md5': '00e8ab0f1e2f7ef48a842db15427972b', 'sha1': 'c12998531cbf7e429ab6455e7078941831076aaf', 'sha256': '3b5e666889f5acc5e93ae70679961d298e7a8d522e478dd78840d210aafa9e9d'}, 'dob': {'date': '1979-01-30T01:56:03.784Z', 'age': 45}, 'registered': {'date': '2010-08-24T19:32:18.212Z', 'age': 13}, 'phone': '7100328628', 'cell': '9651895119', 'id': {'name': 'UIDAI', 'value': '929636164016'}, 'picture': {'large': 'https://randomuser.me/api/portraits/women/25.jpg', 'medium': 'https://randomuser.me/api/portraits/med/women/25.jpg', 'thumbnail': 'https://randomuser.me/api/portraits/thumb/women/25.jpg'}, 'nat': 'IN'}</msg>
<arg>${json_data['results'][0]}</arg>
<doc>Logs the given message with the given level.</doc>
<status status="PASS" start="2024-06-11T01:05:58.775563" elapsed="0.000441"/>
</kw>
<kw name="Log" owner="BuiltIn">
<msg time="2024-06-11T01:05:58.776532" level="INFO">login</msg>
<arg>${key}</arg>
<doc>Logs the given message with the given level.</doc>
<status status="PASS" start="2024-06-11T01:05:58.776303" elapsed="0.000268"/>
</kw>
<var name="${key}">login</var>
<status status="PASS" start="2024-06-11T01:05:58.774901" elapsed="0.001885"/>
</iter>
<var>${key}</var>
<value>@{expected_keys}</value>
<status status="PASS" start="2024-06-11T01:05:58.766873" elapsed="0.010035"/>
</for>
<kw name="Create List" owner="BuiltIn">
<msg time="2024-06-11T01:05:58.777228" level="INFO">${expected_keysTwo} = ['username', 'password']</msg>
<var>${expected_keysTwo}</var>
<arg>username</arg>
<arg>password</arg>
<doc>Returns a list containing given items.</doc>
<status status="PASS" start="2024-06-11T01:05:58.777095" elapsed="0.000184"/>
</kw>
<for flavor="IN">
<iter>
<kw name="Dictionary Should Contain Key" owner="Collections">
<arg>${json_data['results'][0]['login']}</arg>
<arg>${keyTwo}</arg>
<doc>Fails if ``key`` is not found from ``dictionary``.</doc>
<status status="PASS" start="2024-06-11T01:05:58.777777" elapsed="0.000374"/>
</kw>
<kw name="Dictionary Should Contain Key" owner="Collections">
<arg>${json_data['results'][0]['login']}</arg>
<arg>${keyTwo}</arg>
<doc>Fails if ``key`` is not found from ``dictionary``.</doc>
<status status="PASS" start="2024-06-11T01:05:58.778332" elapsed="0.000375"/>
</kw>
<kw name="Log" owner="BuiltIn">
<msg time="2024-06-11T01:05:58.779002" level="INFO">username</msg>
<arg>${keyTwo}</arg>
<doc>Logs the given message with the given level.</doc>
<status status="PASS" start="2024-06-11T01:05:58.778884" elapsed="0.000155"/>
</kw>
<var name="${keyTwo}">username</var>
<status status="PASS" start="2024-06-11T01:05:58.777670" elapsed="0.001585"/>
</iter>
<iter>
<kw name="Dictionary Should Contain Key" owner="Collections">
<arg>${json_data['results'][0]['login']}</arg>
<arg>${keyTwo}</arg>
<doc>Fails if ``key`` is not found from ``dictionary``.</doc>
<status status="PASS" start="2024-06-11T01:05:58.779551" elapsed="0.000388"/>
</kw>
<kw name="Dictionary Should Contain Key" owner="Collections">
<arg>${json_data['results'][0]['login']}</arg>
<arg>${keyTwo}</arg>
<doc>Fails if ``key`` is not found from ``dictionary``.</doc>
<status status="PASS" start="2024-06-11T01:05:58.780124" elapsed="0.000358"/>
</kw>
<kw name="Log" owner="BuiltIn">
<msg time="2024-06-11T01:05:58.780774" level="INFO">password</msg>
<arg>${keyTwo}</arg>
<doc>Logs the given message with the given level.</doc>
<status status="PASS" start="2024-06-11T01:05:58.780659" elapsed="0.000151"/>
</kw>
<var name="${keyTwo}">password</var>
<status status="PASS" start="2024-06-11T01:05:58.779433" elapsed="0.001592"/>
</iter>
<var>${keyTwo}</var>
<value>@{expected_keysTwo}</value>
<status status="PASS" start="2024-06-11T01:05:58.777518" elapsed="0.003627"/>
</for>
<status status="PASS" start="2024-06-11T01:05:58.553745" elapsed="0.227536"/>
</kw>
<doc>Testa a estrutura da resposta da API.</doc>
<tag>testeEstruturaResposta</tag>
<status status="PASS" start="2024-06-11T01:05:58.553057" elapsed="0.228369"/>
</test>
<test id="s1-s1-t4" name="Validar tipos de dados" line="28">
<kw name="Teste de Tipos de Dados" owner="random-user-service">
<kw name="GET On Session" owner="RequestsLibrary">
<msg time="2024-06-11T01:05:58.845718" level="INFO">GET Request : url=https://randomuser.me/api 
 path_url=/api 
 headers={'User-Agent': 'python-requests/2.32.3', 'Accept-Encoding': 'gzip, deflate', 'Accept': '*/*', 'Connection': 'keep-alive'} 
 body=None 
 </msg>
<msg time="2024-06-11T01:05:58.845794" level="INFO">GET Response : url=https://randomuser.me/api 
 status=200, reason=OK 
 headers={'Date': 'Tue, 11 Jun 2024 01:05:58 GMT', 'Content-Type': 'application/json; charset=utf-8', 'Transfer-Encoding': 'chunked', 'Connection': 'keep-alive', 'X-Powered-By': 'Express', 'Access-Control-Allow-Origin': '*', 'Cache-Control': 'no-cache', 'ETag': 'W/"48c-rcEjCPkjPPbjnevIy+aC8NyU0n4"', 'Vary': 'Accept-Encoding', 'Content-Encoding': 'gzip', 'CF-Cache-Status': 'DYNAMIC', 'Report-To': '{"endpoints":[{"url":"https:\\/\\/a.nel.cloudflare.com\\/report\\/v4?s=crBrS5QZA5T8H1%2BUtd37VgEV7D2wRCtXV%2FrmePigUJZIsZz5O2%2F2O4Oc8FoqOdcyYAuVzmuiuSnNvXTBF%2F84g641yxPsBIpsIEGY88poTMwOlTp0LaXaYlO99H3ujoH9"}],"group":"cf-nel","max_age":604800}', 'NEL': '{"success_fraction":0,"report_to":"cf-nel","max_age":604800}', 'Server': 'cloudflare', 'CF-RAY': '891db2266f222322-ORD', 'alt-svc': 'h3=":443"; ma=86400'} 
 body={"results":[{"gender":"male","name":{"title":"Mr","first":"Darío","last":"Ocampo"},"location":{"street":{"number":8245,"name":"Andador Soria"},"city":"Los Mochis","state":"Sinaloa","country":"Mexico","postcode":50450,"coordinates":{"latitude":"22.8971","longitude":"-77.8465"},"timezone":{"offset":"+6:00","description":"Almaty, Dhaka, Colombo"}},"email":"dario.ocampo@example.com","login":{"uuid":"39cd17c7-2207-43b0-9208-7cb38ace30cf","username":"beautifulleopard529","password":"blanche","salt":"kjaBpRbJ","md5":"a7bf74d0978a9d2e07c5734b034cc5f4","sha1":"a362d57a1e368204b26e71a390ee773a21bcf585","sha256":"a24cd40acee6ced3c13c11f5c4eff3de592dbbe7586b023ccd299e0c20cd9d46"},"dob":{"date":"1987-10-08T10:31:52.510Z","age":36},"registered":{"date":"2016-11-20T06:20:39.354Z","age":7},"phone":"(656) 792 0897","cell":"(696) 224 6621","id":{"name":"NSS","value":"01 04 32 1215 0"},"picture":{"large":"https://randomuser.me/api/portraits/men/20.jpg","medium":"https://randomuser.me/api/portraits/med/men/20.jpg","thumbnail":"https://randomuser.me/api/portraits/thumb/men/20.jpg"},"nat":"MX"}],"info":{"seed":"c5e98b420129370e","results":1,"page":1,"version":"1.4"}} 
 </msg>
<msg time="2024-06-11T01:05:58.845863" level="INFO">/opt/hostedtoolcache/Python/3.12.3/x64/lib/python3.12/site-packages/urllib3/connectionpool.py:1103: InsecureRequestWarning: Unverified HTTPS request is being made to host 'randomuser.me'. Adding certificate verification is strongly advised. See: https://urllib3.readthedocs.io/en/latest/advanced-usage.html#tls-warnings
  warnings.warn(</msg>
<msg time="2024-06-11T01:05:58.845966" level="INFO">${response} = &lt;Response [200]&gt;</msg>
<var>${response}</var>
<arg>consultarAPI</arg>
<arg>/api</arg>
<doc>Sends a GET request on a previously created HTTP Session.</doc>
<status status="PASS" start="2024-06-11T01:05:58.783814" elapsed="0.062202"/>
</kw>
<kw name="Set Variable" owner="BuiltIn">
<msg time="2024-06-11T01:05:58.846856" level="INFO">${json_data} = {'results': [{'gender': 'male', 'name': {'title': 'Mr', 'first': 'Darío', 'last': 'Ocampo'}, 'location': {'street': {'number': 8245, 'name': 'Andador Soria'}, 'city': 'Los Mochis', 'state': 'Sinaloa',...</msg>
<var>${json_data}</var>
<arg>${response.json()}</arg>
<doc>Returns the given values which can then be assigned to a variables.</doc>
<status status="PASS" start="2024-06-11T01:05:58.846412" elapsed="0.000473"/>
</kw>
<kw name="Log" owner="BuiltIn">
<msg time="2024-06-11T01:05:58.847340" level="INFO">{'results': [{'gender': 'male', 'name': {'title': 'Mr', 'first': 'Darío', 'last': 'Ocampo'}, 'location': {'street': {'number': 8245, 'name': 'Andador Soria'}, 'city': 'Los Mochis', 'state': 'Sinaloa', 'country': 'Mexico', 'postcode': 50450, 'coordinates': {'latitude': '22.8971', 'longitude': '-77.8465'}, 'timezone': {'offset': '+6:00', 'description': 'Almaty, Dhaka, Colombo'}}, 'email': 'dario.ocampo@example.com', 'login': {'uuid': '39cd17c7-2207-43b0-9208-7cb38ace30cf', 'username': 'beautifulleopard529', 'password': 'blanche', 'salt': 'kjaBpRbJ', 'md5': 'a7bf74d0978a9d2e07c5734b034cc5f4', 'sha1': 'a362d57a1e368204b26e71a390ee773a21bcf585', 'sha256': 'a24cd40acee6ced3c13c11f5c4eff3de592dbbe7586b023ccd299e0c20cd9d46'}, 'dob': {'date': '1987-10-08T10:31:52.510Z', 'age': 36}, 'registered': {'date': '2016-11-20T06:20:39.354Z', 'age': 7}, 'phone': '(656) 792 0897', 'cell': '(696) 224 6621', 'id': {'name': 'NSS', 'value': '01 04 32 1215 0'}, 'picture': {'large': 'https://randomuser.me/api/portraits/men/20.jpg', 'medium': 'https://randomuser.me/api/portraits/med/men/20.jpg', 'thumbnail': 'https://randomuser.me/api/portraits/thumb/men/20.jpg'}, 'nat': 'MX'}], 'info': {'seed': 'c5e98b420129370e', 'results': 1, 'page': 1, 'version': '1.4'}}</msg>
<arg>${json_data}</arg>
<doc>Logs the given message with the given level.</doc>
<status status="PASS" start="2024-06-11T01:05:58.847188" elapsed="0.000200"/>
</kw>
<kw name="Should Be String" owner="String">
<arg>${json_data['results'][0]['gender']}</arg>
<doc>Fails if the given ``item`` is not a string.</doc>
<status status="PASS" start="2024-06-11T01:05:58.847685" elapsed="0.000392"/>
</kw>
<kw name="Should Match Regexp" owner="BuiltIn">
<arg>${json_data['results'][0]['email']}</arg>
<arg>^[a-zA-Z0-9._%+-]+@[a-zA-Z0-9.-]+\.[a-zA-Z]{2,}$</arg>
<doc>Fails if ``string`` does not match ``pattern`` as a regular expression.</doc>
<status status="PASS" start="2024-06-11T01:05:58.848267" elapsed="0.000491"/>
</kw>
<kw name="Should Match Regexp" owner="BuiltIn">
<arg>${json_data['results'][0]['dob']['date']}</arg>
<arg>\\d{4}-\\d{2}-\\d{2}T\\d{2}:\\d{2}:\\d{2}\\.\\d{3}Z</arg>
<doc>Fails if ``string`` does not match ``pattern`` as a regular expression.</doc>
<status status="PASS" start="2024-06-11T01:05:58.848988" elapsed="0.000503"/>
</kw>
<kw name="Should Match Regexp" owner="BuiltIn">
<arg>${json_data['results'][0]['registered']['date']}</arg>
<arg>\\d{4}-\\d{2}-\\d{2}T\\d{2}:\\d{2}:\\d{2}\\.\\d{3}Z</arg>
<doc>Fails if ``string`` does not match ``pattern`` as a regular expression.</doc>
<status status="PASS" start="2024-06-11T01:05:58.849684" elapsed="0.000387"/>
</kw>
<kw name="Should Match Regexp" owner="BuiltIn">
<arg>${json_data['results'][0]['picture']['large']}</arg>
<arg>^https?://.*\.(?:png|jpe?g|gif|bmp)$</arg>
<doc>Fails if ``string`` does not match ``pattern`` as a regular expression.</doc>
<status status="PASS" start="2024-06-11T01:05:58.850260" elapsed="0.000459"/>
</kw>
<kw name="Should Match Regexp" owner="BuiltIn">
<arg>${json_data['results'][0]['picture']['medium']}</arg>
<arg>^https?://.*\.(?:png|jpe?g|gif|bmp)$</arg>
<doc>Fails if ``string`` does not match ``pattern`` as a regular expression.</doc>
<status status="PASS" start="2024-06-11T01:05:58.850915" elapsed="0.000347"/>
</kw>
<kw name="Should Match Regexp" owner="BuiltIn">
<arg>${json_data['results'][0]['picture']['thumbnail']}</arg>
<arg>^https?://.*\.(?:png|jpe?g|gif|bmp)$</arg>
<doc>Fails if ``string`` does not match ``pattern`` as a regular expression.</doc>
<status status="PASS" start="2024-06-11T01:05:58.851454" elapsed="0.000350"/>
</kw>
<kw name="Log" owner="BuiltIn">
<msg time="2024-06-11T01:05:58.852343" level="INFO">{'large': 'https://randomuser.me/api/portraits/men/20.jpg', 'medium': 'https://randomuser.me/api/portraits/med/men/20.jpg', 'thumbnail': 'https://randomuser.me/api/portraits/thumb/men/20.jpg'}</msg>
<arg>${json_data['results'][0]['picture']}</arg>
<doc>Logs the given message with the given level.</doc>
<status status="PASS" start="2024-06-11T01:05:58.852016" elapsed="0.000371"/>
</kw>
<status status="PASS" start="2024-06-11T01:05:58.783591" elapsed="0.069044"/>
</kw>
<kw name="Teste de Tipos de Dados - Postcode" owner="random-user-service">
<kw name="GET On Session" owner="RequestsLibrary">
<msg time="2024-06-11T01:05:58.944903" level="INFO">GET Request : url=https://randomuser.me/api 
 path_url=/api 
 headers={'User-Agent': 'python-requests/2.32.3', 'Accept-Encoding': 'gzip, deflate', 'Accept': '*/*', 'Connection': 'keep-alive'} 
 body=None 
 </msg>
<msg time="2024-06-11T01:05:58.944992" level="INFO">GET Response : url=https://randomuser.me/api 
 status=200, reason=OK 
 headers={'Date': 'Tue, 11 Jun 2024 01:05:58 GMT', 'Content-Type': 'application/json; charset=utf-8', 'Transfer-Encoding': 'chunked', 'Connection': 'keep-alive', 'X-Powered-By': 'Express', 'Access-Control-Allow-Origin': '*', 'Cache-Control': 'no-cache', 'ETag': 'W/"497-JB9fZJbZS6B/u9w4XrRo7xFC4Y8"', 'Vary': 'Accept-Encoding', 'Content-Encoding': 'gzip', 'CF-Cache-Status': 'DYNAMIC', 'Report-To': '{"endpoints":[{"url":"https:\\/\\/a.nel.cloudflare.com\\/report\\/v4?s=lPbVyW4uLxRmSE%2F0TB%2BqBkFPXcX2NGhKouAa3wiNPzPw%2FW9q48gPuBIR7n1QL6w2L3%2Fu%2BzmJZCZFkHUv7gjK2LvntLKOi2Am%2BTwWcF%2Fh1GpIEEJsNw51ymJ57MnHZIUQ"}],"group":"cf-nel","max_age":604800}', 'NEL': '{"success_fraction":0,"report_to":"cf-nel","max_age":604800}', 'Server': 'cloudflare', 'CF-RAY': '891db226dfd42322-ORD', 'alt-svc': 'h3=":443"; ma=86400'} 
 body={"results":[{"gender":"female","name":{"title":"Ms","first":"Mina","last":"Zdravković"},"location":{"street":{"number":227,"name":"Ilije Čalića"},"city":"Raška","state":"Nišava","country":"Serbia","postcode":50921,"coordinates":{"latitude":"62.0249","longitude":"89.9414"},"timezone":{"offset":"-4:00","description":"Atlantic Time (Canada), Caracas, La Paz"}},"email":"mina.zdravkovic@example.com","login":{"uuid":"9fc404b6-72b4-43b5-8e77-965cc87181f8","username":"heavymeercat482","password":"house1","salt":"kSrmTuq5","md5":"fd5ffa12edc94a8449e0bc0d82f93b73","sha1":"cc6e35436d27d432d6d6213e3ba6939524a743ec","sha256":"f52c6a21789949a3774d09fb7a2cf876ebceac8b8c0292d4aaed1a1502a55c32"},"dob":{"date":"1963-02-13T20:02:58.500Z","age":61},"registered":{"date":"2017-07-18T05:23:47.743Z","age":6},"phone":"024-0519-599","cell":"061-1775-729","id":{"name":"SID","value":"609876355"},"picture":{"large":"https://randomuser.me/api/portraits/women/78.jpg","medium":"https://randomuser.me/api/portraits/med/women/78.jpg","thumbnail":"https://randomuser.me/api/portraits/thumb/women/78.jpg"},"nat":"RS"}],"info":{"seed":"563544c01e83aed9","results":1,"page":1,"version":"1.4"}} 
 </msg>
<msg time="2024-06-11T01:05:58.945089" level="INFO">/opt/hostedtoolcache/Python/3.12.3/x64/lib/python3.12/site-packages/urllib3/connectionpool.py:1103: InsecureRequestWarning: Unverified HTTPS request is being made to host 'randomuser.me'. Adding certificate verification is strongly advised. See: https://urllib3.readthedocs.io/en/latest/advanced-usage.html#tls-warnings
  warnings.warn(</msg>
<msg time="2024-06-11T01:05:58.945214" level="INFO">${response} = &lt;Response [200]&gt;</msg>
<var>${response}</var>
<arg>consultarAPI</arg>
<arg>/api</arg>
<doc>Sends a GET request on a previously created HTTP Session.</doc>
<status status="PASS" start="2024-06-11T01:05:58.853067" elapsed="0.092203"/>
</kw>
<kw name="Set Variable" owner="BuiltIn">
<msg time="2024-06-11T01:05:58.946434" level="INFO">${json_data} = {'results': [{'gender': 'female', 'name': {'title': 'Ms', 'first': 'Mina', 'last': 'Zdravković'}, 'location': {'street': {'number': 227, 'name': 'Ilije Čalića'}, 'city': 'Raška', 'state': 'Nišava', 'c...</msg>
<var>${json_data}</var>
<arg>${response.json()}</arg>
<doc>Returns the given values which can then be assigned to a variables.</doc>
<status status="PASS" start="2024-06-11T01:05:58.945813" elapsed="0.000654"/>
</kw>
<kw name="Log" owner="BuiltIn">
<msg time="2024-06-11T01:05:58.946946" level="INFO">{'results': [{'gender': 'female', 'name': {'title': 'Ms', 'first': 'Mina', 'last': 'Zdravković'}, 'location': {'street': {'number': 227, 'name': 'Ilije Čalića'}, 'city': 'Raška', 'state': 'Nišava', 'country': 'Serbia', 'postcode': 50921, 'coordinates': {'latitude': '62.0249', 'longitude': '89.9414'}, 'timezone': {'offset': '-4:00', 'description': 'Atlantic Time (Canada), Caracas, La Paz'}}, 'email': 'mina.zdravkovic@example.com', 'login': {'uuid': '9fc404b6-72b4-43b5-8e77-965cc87181f8', 'username': 'heavymeercat482', 'password': 'house1', 'salt': 'kSrmTuq5', 'md5': 'fd5ffa12edc94a8449e0bc0d82f93b73', 'sha1': 'cc6e35436d27d432d6d6213e3ba6939524a743ec', 'sha256': 'f52c6a21789949a3774d09fb7a2cf876ebceac8b8c0292d4aaed1a1502a55c32'}, 'dob': {'date': '1963-02-13T20:02:58.500Z', 'age': 61}, 'registered': {'date': '2017-07-18T05:23:47.743Z', 'age': 6}, 'phone': '024-0519-599', 'cell': '061-1775-729', 'id': {'name': 'SID', 'value': '609876355'}, 'picture': {'large': 'https://randomuser.me/api/portraits/women/78.jpg', 'medium': 'https://randomuser.me/api/portraits/med/women/78.jpg', 'thumbnail': 'https://randomuser.me/api/portraits/thumb/women/78.jpg'}, 'nat': 'RS'}], 'info': {'seed': '563544c01e83aed9', 'results': 1, 'page': 1, 'version': '1.4'}}</msg>
<arg>${json_data}</arg>
<doc>Logs the given message with the given level.</doc>
<status status="PASS" start="2024-06-11T01:05:58.946779" elapsed="0.000221"/>
</kw>
<kw name="Should Be Equal As Numbers" owner="BuiltIn">
<arg>${json_data['results'][0]['location']['postcode']}</arg>
<arg>${json_data['results'][0]['location']['postcode']}</arg>
<doc>Fails if objects are unequal after converting them to real numbers.</doc>
<status status="PASS" start="2024-06-11T01:05:58.947299" elapsed="0.000661"/>
</kw>
<kw name="Log" owner="BuiltIn">
<msg time="2024-06-11T01:05:58.948507" level="INFO">50921</msg>
<arg>${json_data['results'][0]['location']['postcode']}</arg>
<doc>Logs the given message with the given level.</doc>
<status status="PASS" start="2024-06-11T01:05:58.948166" elapsed="0.000381"/>
</kw>
<status status="PASS" start="2024-06-11T01:05:58.852844" elapsed="0.095979"/>
</kw>
<doc>Testa se os tipos de dados na resposta da API estão corretos.</doc>
<tag>testeTiposDados</tag>
<status status="PASS" start="2024-06-11T01:05:58.783171" elapsed="0.165812"/>
</test>
<test id="s1-s1-t5" name="Validar conteudo" line="35">
<kw name="Teste de Tipos de Conteudo" owner="random-user-service">
<kw name="GET On Session" owner="RequestsLibrary">
<msg time="2024-06-11T01:05:59.050668" level="INFO">GET Request : url=https://randomuser.me/api 
 path_url=/api 
 headers={'User-Agent': 'python-requests/2.32.3', 'Accept-Encoding': 'gzip, deflate', 'Accept': '*/*', 'Connection': 'keep-alive'} 
 body=None 
 </msg>
<msg time="2024-06-11T01:05:59.050731" level="INFO">GET Response : url=https://randomuser.me/api 
 status=200, reason=OK 
 headers={'Date': 'Tue, 11 Jun 2024 01:05:59 GMT', 'Content-Type': 'application/json; charset=utf-8', 'Transfer-Encoding': 'chunked', 'Connection': 'keep-alive', 'X-Powered-By': 'Express', 'Access-Control-Allow-Origin': '*', 'Cache-Control': 'no-cache', 'ETag': 'W/"47d-kJF87I+htgKaDb8J4KjD6k90Ygw"', 'Vary': 'Accept-Encoding', 'Content-Encoding': 'gzip', 'CF-Cache-Status': 'DYNAMIC', 'Report-To': '{"endpoints":[{"url":"https:\\/\\/a.nel.cloudflare.com\\/report\\/v4?s=7KNgnizI7TzUHh7WRoIK3fshb0SVyhNgcnIdNNH6AmEZc2PD4L8G8laS6oSK9zuGZRophd%2Bn2yBLMeb36p3D0KYPCngTcKpFoYstM9hlxgFv7LrBgA%2BGz8aOMUOMPXbn"}],"group":"cf-nel","max_age":604800}', 'NEL': '{"success_fraction":0,"report_to":"cf-nel","max_age":604800}', 'Server': 'cloudflare', 'CF-RAY': '891db22778ca2322-ORD', 'alt-svc': 'h3=":443"; ma=86400'} 
 body={"results":[{"gender":"male","name":{"title":"Mr","first":"Mstislav","last":"Slaboshpickiy"},"location":{"street":{"number":4771,"name":"Novoprozorivska"},"city":"Snyatin","state":"Vinnicka","country":"Ukraine","postcode":79262,"coordinates":{"latitude":"81.1866","longitude":"-112.1993"},"timezone":{"offset":"-10:00","description":"Hawaii"}},"email":"mstislav.slaboshpickiy@example.com","login":{"uuid":"9c17ad0c-f400-4988-8035-1d52f12aa3fe","username":"bluegoose157","password":"21122112","salt":"0rdbMIFr","md5":"5d3def5c6486878b5377eff4f564720e","sha1":"82c5e49cc2d08aea7888f1a496255ce12d1987dc","sha256":"21d41ffa90d432f341a201fe5e3692db961d9ad1be183ad710f4d2dbc4934fb4"},"dob":{"date":"1990-11-30T03:00:11.485Z","age":33},"registered":{"date":"2009-09-11T04:02:15.212Z","age":14},"phone":"(099) D16-6299","cell":"(098) E45-8727","id":{"name":"","value":null},"picture":{"large":"https://randomuser.me/api/portraits/men/14.jpg","medium":"https://randomuser.me/api/portraits/med/men/14.jpg","thumbnail":"https://randomuser.me/api/portraits/thumb/men/14.jpg"},"nat":"UA"}],"info":{"seed":"110cc947c0a0196b","results":1,"page":1,"version":"1.4"}} 
 </msg>
<msg time="2024-06-11T01:05:59.050788" level="INFO">/opt/hostedtoolcache/Python/3.12.3/x64/lib/python3.12/site-packages/urllib3/connectionpool.py:1103: InsecureRequestWarning: Unverified HTTPS request is being made to host 'randomuser.me'. Adding certificate verification is strongly advised. See: https://urllib3.readthedocs.io/en/latest/advanced-usage.html#tls-warnings
  warnings.warn(</msg>
<msg time="2024-06-11T01:05:59.050880" level="INFO">${response} = &lt;Response [200]&gt;</msg>
<var>${response}</var>
<arg>consultarAPI</arg>
<arg>/api</arg>
<doc>Sends a GET request on a previously created HTTP Session.</doc>
<status status="PASS" start="2024-06-11T01:05:58.951735" elapsed="0.099187"/>
</kw>
<kw name="Set Variable" owner="BuiltIn">
<msg time="2024-06-11T01:05:59.052055" level="INFO">${json_data} = {'results': [{'gender': 'male', 'name': {'title': 'Mr', 'first': 'Mstislav', 'last': 'Slaboshpickiy'}, 'location': {'street': {'number': 4771, 'name': 'Novoprozorivska'}, 'city': 'Snyatin', 'state': '...</msg>
<var>${json_data}</var>
<arg>${response.json()}</arg>
<doc>Returns the given values which can then be assigned to a variables.</doc>
<status status="PASS" start="2024-06-11T01:05:59.051401" elapsed="0.000683"/>
</kw>
<kw name="Set Variable" owner="BuiltIn">
<msg time="2024-06-11T01:05:59.052762" level="INFO">${name_title} = Mr</msg>
<var>${name_title}</var>
<arg>${json_data["results"][0]["name"]["title"]}</arg>
<doc>Returns the given values which can then be assigned to a variables.</doc>
<status status="PASS" start="2024-06-11T01:05:59.052385" elapsed="0.000403"/>
</kw>
<kw name="Create List" owner="BuiltIn">
<msg time="2024-06-11T01:05:59.053233" level="INFO">${allowed_titles} = ['Mr', 'Ms', 'Miss', 'Mrs', 'Madame', 'Monsieur']</msg>
<var>${allowed_titles}</var>
<arg>Mr</arg>
<arg>Ms</arg>
<arg>Miss</arg>
<arg>Mrs</arg>
<arg>Madame</arg>
<arg>Monsieur</arg>
<doc>Returns a list containing given items.</doc>
<status status="PASS" start="2024-06-11T01:05:59.053085" elapsed="0.000182"/>
</kw>
<kw name="List Should Contain Value" owner="Collections">
<arg>${allowed_titles}</arg>
<arg>${name_title}</arg>
<doc>Fails if the ``value`` is not found from ``list``.</doc>
<status status="PASS" start="2024-06-11T01:05:59.053559" elapsed="0.000169"/>
</kw>
<kw name="Set Variable" owner="BuiltIn">
<msg time="2024-06-11T01:05:59.054275" level="INFO">${name_country} = UA</msg>
<var>${name_country}</var>
<arg>${json_data["results"][0]["nat"]}</arg>
<doc>Returns the given values which can then be assigned to a variables.</doc>
<status status="PASS" start="2024-06-11T01:05:59.053910" elapsed="0.000390"/>
</kw>
<kw name="Create List" owner="BuiltIn">
<msg time="2024-06-11T01:05:59.055181" level="INFO">${list_country} = ['AD', 'AE', 'AF', 'AG', 'AI', 'AL', 'AM', 'AO', 'AQ', 'AR', 'AS', 'AT', 'AU', 'AW', 'AX', 'AZ', 'BA', 'BB', 'BD', 'BE', 'BF', 'BG', 'BH', 'BI', 'BJ', 'BL', 'BM', 'BN', 'BO', 'BQ', 'BR', 'BS', 'BT', '...</msg>
<var>${list_country}</var>
<arg>AD</arg>
<arg>AE</arg>
<arg>AF</arg>
<arg>AG</arg>
<arg>AI</arg>
<arg>AL</arg>
<arg>AM</arg>
<arg>AO</arg>
<arg>AQ</arg>
<arg>AR</arg>
<arg>AS</arg>
<arg>AT</arg>
<arg>AU</arg>
<arg>AW</arg>
<arg>AX</arg>
<arg>AZ</arg>
<arg>BA</arg>
<arg>BB</arg>
<arg>BD</arg>
<arg>BE</arg>
<arg>BF</arg>
<arg>BG</arg>
<arg>BH</arg>
<arg>BI</arg>
<arg>BJ</arg>
<arg>BL</arg>
<arg>BM</arg>
<arg>BN</arg>
<arg>BO</arg>
<arg>BQ</arg>
<arg>BR</arg>
<arg>BS</arg>
<arg>BT</arg>
<arg>BV</arg>
<arg>BW</arg>
<arg>BY</arg>
<arg>BZ</arg>
<arg>CA</arg>
<arg>CC</arg>
<arg>CD</arg>
<arg>CF</arg>
<arg>CG</arg>
<arg>CH</arg>
<arg>CI</arg>
<arg>CK</arg>
<arg>CL</arg>
<arg>CM</arg>
<arg>CN</arg>
<arg>CO</arg>
<arg>CR</arg>
<arg>CU</arg>
<arg>CV</arg>
<arg>CW</arg>
<arg>CX</arg>
<arg>CY</arg>
<arg>CZ</arg>
<arg>DE</arg>
<arg>DJ</arg>
<arg>DK</arg>
<arg>DM</arg>
<arg>DO</arg>
<arg>DZ</arg>
<arg>EC</arg>
<arg>EE</arg>
<arg>EG</arg>
<arg>EH</arg>
<arg>ER</arg>
<arg>ES</arg>
<arg>ET</arg>
<arg>FI</arg>
<arg>FJ</arg>
<arg>FK</arg>
<arg>FM</arg>
<arg>FO</arg>
<arg>FR</arg>
<arg>GA</arg>
<arg>GB</arg>
<arg>GD</arg>
<arg>GE</arg>
<arg>GF</arg>
<arg>GG</arg>
<arg>GH</arg>
<arg>GI</arg>
<arg>GL</arg>
<arg>GM</arg>
<arg>GN</arg>
<arg>GP</arg>
<arg>GQ</arg>
<arg>GR</arg>
<arg>GS</arg>
<arg>GT</arg>
<arg>GU</arg>
<arg>GW</arg>
<arg>GY</arg>
<arg>HK</arg>
<arg>HM</arg>
<arg>HN</arg>
<arg>HR</arg>
<arg>HT</arg>
<arg>HU</arg>
<arg>ID</arg>
<arg>IE</arg>
<arg>IL</arg>
<arg>IM</arg>
<arg>IN</arg>
<arg>IO</arg>
<arg>IQ</arg>
<arg>IR</arg>
<arg>IS</arg>
<arg>IT</arg>
<arg>JE</arg>
<arg>JM</arg>
<arg>JO</arg>
<arg>JP</arg>
<arg>KE</arg>
<arg>KG</arg>
<arg>KH</arg>
<arg>KI</arg>
<arg>KM</arg>
<arg>KN</arg>
<arg>KP</arg>
<arg>KR</arg>
<arg>KW</arg>
<arg>KY</arg>
<arg>KZ</arg>
<arg>LA</arg>
<arg>LB</arg>
<arg>LC</arg>
<arg>LI</arg>
<arg>LK</arg>
<arg>LR</arg>
<arg>LS</arg>
<arg>LT</arg>
<arg>LU</arg>
<arg>LV</arg>
<arg>LY</arg>
<arg>MA</arg>
<arg>MC</arg>
<arg>MD</arg>
<arg>ME</arg>
<arg>MF</arg>
<arg>MG</arg>
<arg>MH</arg>
<arg>MK</arg>
<arg>ML</arg>
<arg>MM</arg>
<arg>MN</arg>
<arg>MO</arg>
<arg>MP</arg>
<arg>MQ</arg>
<arg>MR</arg>
<arg>MS</arg>
<arg>MT</arg>
<arg>MU</arg>
<arg>MV</arg>
<arg>MW</arg>
<arg>MX</arg>
<arg>MY</arg>
<arg>MZ</arg>
<arg>NA</arg>
<arg>NC</arg>
<arg>NE</arg>
<arg>NF</arg>
<arg>NG</arg>
<arg>NI</arg>
<arg>NL</arg>
<arg>NO</arg>
<arg>NP</arg>
<arg>NR</arg>
<arg>NU</arg>
<arg>NZ</arg>
<arg>OM</arg>
<arg>PA</arg>
<arg>PE</arg>
<arg>PF</arg>
<arg>PG</arg>
<arg>PH</arg>
<arg>PK</arg>
<arg>PL</arg>
<arg>PM</arg>
<arg>PN</arg>
<arg>PR</arg>
<arg>PS</arg>
<arg>PT</arg>
<arg>PW</arg>
<arg>PY</arg>
<arg>QA</arg>
<arg>RE</arg>
<arg>RO</arg>
<arg>RS</arg>
<arg>RU</arg>
<arg>RW</arg>
<arg>SA</arg>
<arg>SB</arg>
<arg>SC</arg>
<arg>SD</arg>
<arg>SE</arg>
<arg>SG</arg>
<arg>SH</arg>
<arg>SI</arg>
<arg>SJ</arg>
<arg>SK</arg>
<arg>SL</arg>
<arg>SM</arg>
<arg>SN</arg>
<arg>SO</arg>
<arg>SR</arg>
<arg>SS</arg>
<arg>ST</arg>
<arg>SV</arg>
<arg>SX</arg>
<arg>SY</arg>
<arg>SZ</arg>
<arg>TC</arg>
<arg>TD</arg>
<arg>TF</arg>
<arg>TG</arg>
<arg>TH</arg>
<arg>TJ</arg>
<arg>TK</arg>
<arg>TL</arg>
<arg>TM</arg>
<arg>TN</arg>
<arg>TO</arg>
<arg>TR</arg>
<arg>TT</arg>
<arg>TV</arg>
<arg>TW</arg>
<arg>TZ</arg>
<arg>UA</arg>
<arg>UG</arg>
<arg>UM</arg>
<arg>US</arg>
<arg>UY</arg>
<arg>UZ</arg>
<arg>VA</arg>
<arg>VC</arg>
<arg>VE</arg>
<arg>VG</arg>
<arg>VI</arg>
<arg>VN</arg>
<arg>VU</arg>
<arg>WF</arg>
<arg>WS</arg>
<arg>XK</arg>
<arg>YE</arg>
<arg>YT</arg>
<arg>ZA</arg>
<arg>ZM</arg>
<arg>ZW</arg>
<doc>Returns a list containing given items.</doc>
<status status="PASS" start="2024-06-11T01:05:59.054592" elapsed="0.000614"/>
</kw>
<kw name="List Should Contain Value" owner="Collections">
<arg>${list_country}</arg>
<arg>${name_country}</arg>
<doc>Fails if the ``value`` is not found from ``list``.</doc>
<status status="PASS" start="2024-06-11T01:05:59.056028" elapsed="0.000205"/>
</kw>
<kw name="Run Keyword If" owner="BuiltIn">
<kw name="Should Be True" owner="BuiltIn">
<arg>${True}</arg>
<doc>Fails if the given condition is not true.</doc>
<status status="PASS" start="2024-06-11T01:05:59.057267" elapsed="0.000142"/>
</kw>
<arg>${json_data["results"][0]["location"]["coordinates"]["latitude"]} &gt;= -90 and ${json_data["results"][0]["location"]["coordinates"]["latitude"]} &lt;= 90</arg>
<arg>Should Be True</arg>
<arg>${True}</arg>
<doc>Runs the given keyword with the given arguments, if ``condition`` is true.</doc>
<status status="PASS" start="2024-06-11T01:05:59.056428" elapsed="0.001108"/>
</kw>
<kw name="Run Keyword If" owner="BuiltIn">
<kw name="Should Be True" owner="BuiltIn">
<arg>${True}</arg>
<doc>Fails if the given condition is not true.</doc>
<status status="PASS" start="2024-06-11T01:05:59.058403" elapsed="0.000137"/>
</kw>
<arg>${json_data["results"][0]["location"]["coordinates"]["longitude"]} &gt;= -180 and ${json_data["results"][0]["location"]["coordinates"]["longitude"]} &lt;= 180</arg>
<arg>Should Be True</arg>
<arg>${True}</arg>
<doc>Runs the given keyword with the given arguments, if ``condition`` is true.</doc>
<status status="PASS" start="2024-06-11T01:05:59.057722" elapsed="0.000940"/>
</kw>
<status status="PASS" start="2024-06-11T01:05:58.951376" elapsed="0.107411"/>
</kw>
<doc>Testa o conteúdo específico dos campos retornados pela API.</doc>
<tag>testeConteudo</tag>
<status status="PASS" start="2024-06-11T01:05:58.950729" elapsed="0.108198"/>
</test>
<status status="PASS" start="2024-06-11T01:05:58.143041" elapsed="0.917852"/>
</suite>
<status status="PASS" start="2024-06-11T01:05:58.129804" elapsed="0.936117"/>
</suite>
<statistics>
<total>
<stat pass="5" fail="0" skip="0">All Tests</stat>
</total>
<tag>
<stat pass="1" fail="0" skip="0">testeConteudo</stat>
<stat pass="1" fail="0" skip="0">testeEstruturaResposta</stat>
<stat pass="1" fail="0" skip="0">testeRequisicaoBasica</stat>
<stat pass="1" fail="0" skip="0">testeTiposDados</stat>
</tag>
<suite>
<stat pass="5" fail="0" skip="0" id="s1" name="Tests">Tests</stat>
<stat pass="5" fail="0" skip="0" id="s1-s1" name="Random-User-Test">Tests.Random-User-Test</stat>
</suite>
</statistics>
<errors>
</errors>
</robot>
