<?xml version="1.0" encoding="UTF-8"?>
<robot generator="Robot 7.0 (Python 3.12.3 on linux)" generated="2024-06-06T03:17:24.405674" rpa="false" schemaversion="5">
<suite id="s1" name="Tests" source="/home/runner/work/ApiRandomUser/ApiRandomUser/RamdonUser/tests">
<suite id="s1-s1" name="Random-User-Test" source="/home/runner/work/ApiRandomUser/ApiRandomUser/RamdonUser/tests/random-user-test.robot">
<test id="s1-s1-t1" name="Conectar" line="13">
<kw name="Conectar API" owner="random-user-service">
<kw name="Create Session" owner="RequestsLibrary">
<msg time="2024-06-06T03:17:24.813051" level="INFO">Creating Session using : alias=consultarAPI, url=https://randomuser.me/, headers={},                     cookies={}, auth=None, timeout=None, proxies=None, verify=False,                     debug=0 </msg>
<arg>consultarAPI</arg>
<arg>${URL}</arg>
<doc>Create Session: create a HTTP session to a server</doc>
<status status="PASS" start="2024-06-06T03:17:24.812851" elapsed="0.000384"/>
</kw>
<status status="PASS" start="2024-06-06T03:17:24.811854" elapsed="0.001758"/>
</kw>
<status status="PASS" start="2024-06-06T03:17:24.811322" elapsed="0.002487"/>
</test>
<test id="s1-s1-t2" name="Validar retorno 200 e JSON Válido" line="16">
<kw name="Teste de Requisicao Basica" owner="random-user-service">
<kw name="GET On Session" owner="RequestsLibrary">
<msg time="2024-06-06T03:17:24.870859" level="INFO">GET Request : url=https://randomuser.me/api 
 path_url=/api 
 headers={'User-Agent': 'python-requests/2.32.3', 'Accept-Encoding': 'gzip, deflate', 'Accept': '*/*', 'Connection': 'keep-alive'} 
 body=None 
 </msg>
<msg time="2024-06-06T03:17:24.871023" level="INFO">GET Response : url=https://randomuser.me/api 
 status=200, reason=OK 
 headers={'Date': 'Thu, 06 Jun 2024 03:17:24 GMT', 'Content-Type': 'application/json; charset=utf-8', 'Transfer-Encoding': 'chunked', 'Connection': 'keep-alive', 'X-Powered-By': 'Express', 'Access-Control-Allow-Origin': '*', 'Cache-Control': 'no-cache', 'ETag': 'W/"49f-yut2PqaESgSVHezBcLrc6aa+1Jc"', 'Vary': 'Accept-Encoding', 'Content-Encoding': 'gzip', 'CF-Cache-Status': 'DYNAMIC', 'Report-To': '{"endpoints":[{"url":"https:\\/\\/a.nel.cloudflare.com\\/report\\/v4?s=T0OX4rdfhy4c7EnjUb2tLaClaPsQgyKp3yS7Q%2BINWB6qikM7TEKg0HOd6RnT%2BE7XWsyw25%2BnxY1ZD5Z5he4SbibaKpxkBdJSj6AGt6LStDsV4E4iqEpo5q1OWSo2IDh4"}],"group":"cf-nel","max_age":604800}', 'NEL': '{"success_fraction":0,"report_to":"cf-nel","max_age":604800}', 'Server': 'cloudflare', 'CF-RAY': '88f53fce3cc2084a-IAD', 'alt-svc': 'h3=":443"; ma=86400'} 
 body={"results":[{"gender":"female","name":{"title":"Mrs","first":"Navami","last":"Dalvi"},"location":{"street":{"number":7123,"name":"Gali Paranthe Wali"},"city":"Bhimavaram","state":"Uttar Pradesh","country":"India","postcode":68206,"coordinates":{"latitude":"8.5696","longitude":"143.8572"},"timezone":{"offset":"+9:00","description":"Tokyo, Seoul, Osaka, Sapporo, Yakutsk"}},"email":"navami.dalvi@example.com","login":{"uuid":"736db42f-a864-4dbc-8f17-6a3ebfe2c4a3","username":"heavygorilla672","password":"bananas","salt":"GAr2RUc0","md5":"ccca975db7c458826f98aff8e6c39c03","sha1":"9931e87fe50b875038b7d4c566c6c9ff17f4bdf0","sha256":"1501a932041ede668ff9cb379abaf1f3f92497c04df9165eed2c67158210b405"},"dob":{"date":"1956-05-18T07:41:22.656Z","age":68},"registered":{"date":"2020-10-26T21:34:50.156Z","age":3},"phone":"9817262031","cell":"7260264215","id":{"name":"UIDAI","value":"149918701792"},"picture":{"large":"https://randomuser.me/api/portraits/women/67.jpg","medium":"https://randomuser.me/api/portraits/med/women/67.jpg","thumbnail":"https://randomuser.me/api/portraits/thumb/women/67.jpg"},"nat":"IN"}],"info":{"seed":"eecbe781893aa0b7","results":1,"page":1,"version":"1.4"}} 
 </msg>
<msg time="2024-06-06T03:17:24.871118" level="INFO">/opt/hostedtoolcache/Python/3.12.3/x64/lib/python3.12/site-packages/urllib3/connectionpool.py:1103: InsecureRequestWarning: Unverified HTTPS request is being made to host 'randomuser.me'. Adding certificate verification is strongly advised. See: https://urllib3.readthedocs.io/en/latest/advanced-usage.html#tls-warnings
  warnings.warn(</msg>
<msg time="2024-06-06T03:17:24.871264" level="INFO">${response} = &lt;Response [200]&gt;</msg>
<var>${response}</var>
<arg>consultarAPI</arg>
<arg>/api</arg>
<doc>Sends a GET request on a previously created HTTP Session.</doc>
<status status="PASS" start="2024-06-06T03:17:24.816347" elapsed="0.054964"/>
</kw>
<kw name="Should Be Equal As Numbers" owner="BuiltIn">
<msg time="2024-06-06T03:17:24.872507" level="INFO">Argument types are:
&lt;class 'int'&gt;
&lt;class 'str'&gt;</msg>
<arg>${response.status_code}</arg>
<arg>200</arg>
<doc>Fails if objects are unequal after converting them to real numbers.</doc>
<status status="PASS" start="2024-06-06T03:17:24.871969" elapsed="0.000604"/>
</kw>
<kw name="Log" owner="BuiltIn">
<msg time="2024-06-06T03:17:24.873229" level="INFO">200</msg>
<arg>${response.status_code}</arg>
<doc>Logs the given message with the given level.</doc>
<status status="PASS" start="2024-06-06T03:17:24.872886" elapsed="0.000389"/>
</kw>
<kw name="Set Variable" owner="BuiltIn">
<msg time="2024-06-06T03:17:24.874043" level="INFO">${json_data} = {'results': [{'gender': 'female', 'name': {'title': 'Mrs', 'first': 'Navami', 'last': 'Dalvi'}, 'location': {'street': {'number': 7123, 'name': 'Gali Paranthe Wali'}, 'city': 'Bhimavaram', 'state': 'U...</msg>
<var>${json_data}</var>
<arg>${response.json()}</arg>
<doc>Returns the given values which can then be assigned to a variables.</doc>
<status status="PASS" start="2024-06-06T03:17:24.873584" elapsed="0.000488"/>
</kw>
<kw name="Dictionary Should Contain Key" owner="Collections">
<msg time="2024-06-06T03:17:24.874543" level="INFO">False</msg>
<arg>${json_data}</arg>
<arg>results</arg>
<doc>Fails if ``key`` is not found from ``dictionary``.</doc>
<status status="PASS" start="2024-06-06T03:17:24.874370" elapsed="0.000212"/>
</kw>
<status status="PASS" start="2024-06-06T03:17:24.816111" elapsed="0.058723"/>
</kw>
<doc>Testa se a API responde corretamente e retorna um objeto JSON válido.</doc>
<tag>testeRequisicaoBasica</tag>
<status status="PASS" start="2024-06-06T03:17:24.815666" elapsed="0.059352"/>
</test>
<test id="s1-s1-t3" name="Validar estrutura de resposta" line="22">
<kw name="Teste de Estrutura de Resposta" owner="random-user-service">
<kw name="GET On Session" owner="RequestsLibrary">
<msg time="2024-06-06T03:17:24.968632" level="INFO">GET Request : url=https://randomuser.me/api 
 path_url=/api 
 headers={'User-Agent': 'python-requests/2.32.3', 'Accept-Encoding': 'gzip, deflate', 'Accept': '*/*', 'Connection': 'keep-alive'} 
 body=None 
 </msg>
<msg time="2024-06-06T03:17:24.968743" level="INFO">GET Response : url=https://randomuser.me/api 
 status=200, reason=OK 
 headers={'Date': 'Thu, 06 Jun 2024 03:17:24 GMT', 'Content-Type': 'application/json; charset=utf-8', 'Transfer-Encoding': 'chunked', 'Connection': 'keep-alive', 'X-Powered-By': 'Express', 'Access-Control-Allow-Origin': '*', 'Cache-Control': 'no-cache', 'ETag': 'W/"476-sdXfItQr3oU4eEKMUQqS+6KHpd8"', 'Vary': 'Accept-Encoding', 'Content-Encoding': 'gzip', 'CF-Cache-Status': 'DYNAMIC', 'Report-To': '{"endpoints":[{"url":"https:\\/\\/a.nel.cloudflare.com\\/report\\/v4?s=DLxpSvZt3XLEnC6A9GwFRjsjucBLKl%2Bf4Yo0QSI8e7za3Zxe52cA7O9ik3bKHnXWlStHGmOOyrk5kMRiAlyVwRgw464w8qwIO6EO1bjM5%2Fu9x7pNteUFA8rKX53MeWvE"}],"group":"cf-nel","max_age":604800}', 'NEL': '{"success_fraction":0,"report_to":"cf-nel","max_age":604800}', 'Server': 'cloudflare', 'CF-RAY': '88f53fce7d16084a-IAD', 'alt-svc': 'h3=":443"; ma=86400'} 
 body={"results":[{"gender":"female","name":{"title":"Ms","first":"Sumaya","last":"Ravndal"},"location":{"street":{"number":4065,"name":"Holtveien"},"city":"Kvelde","state":"Møre og Romsdal","country":"Norway","postcode":"0579","coordinates":{"latitude":"46.3035","longitude":"172.5558"},"timezone":{"offset":"+4:30","description":"Kabul"}},"email":"sumaya.ravndal@example.com","login":{"uuid":"eafa6566-5b11-43cd-9333-1f2c3488c42f","username":"bluebutterfly948","password":"chocolate","salt":"RhfnW1Zn","md5":"dbfc1c521aba30aacb97d978acb09ede","sha1":"8fe48323ec735eaf6a988a008da3677e8eebc638","sha256":"d7e25a5cd5d705b6c211a13ad8b4a076c2de55932159709bc99dbbbb00a97fc3"},"dob":{"date":"1954-11-07T16:06:19.112Z","age":69},"registered":{"date":"2018-05-30T10:39:17.880Z","age":6},"phone":"35572195","cell":"40137142","id":{"name":"FN","value":"07115423856"},"picture":{"large":"https://randomuser.me/api/portraits/women/24.jpg","medium":"https://randomuser.me/api/portraits/med/women/24.jpg","thumbnail":"https://randomuser.me/api/portraits/thumb/women/24.jpg"},"nat":"NO"}],"info":{"seed":"1f30d9724bf40c01","results":1,"page":1,"version":"1.4"}} 
 </msg>
<msg time="2024-06-06T03:17:24.968878" level="INFO">/opt/hostedtoolcache/Python/3.12.3/x64/lib/python3.12/site-packages/urllib3/connectionpool.py:1103: InsecureRequestWarning: Unverified HTTPS request is being made to host 'randomuser.me'. Adding certificate verification is strongly advised. See: https://urllib3.readthedocs.io/en/latest/advanced-usage.html#tls-warnings
  warnings.warn(</msg>
<msg time="2024-06-06T03:17:24.969016" level="INFO">${response} = &lt;Response [200]&gt;</msg>
<var>${response}</var>
<arg>consultarAPI</arg>
<arg>/api</arg>
<doc>Sends a GET request on a previously created HTTP Session.</doc>
<status status="PASS" start="2024-06-06T03:17:24.877665" elapsed="0.091402"/>
</kw>
<kw name="Set Variable" owner="BuiltIn">
<msg time="2024-06-06T03:17:24.970409" level="INFO">${json_data} = {'results': [{'gender': 'female', 'name': {'title': 'Ms', 'first': 'Sumaya', 'last': 'Ravndal'}, 'location': {'street': {'number': 4065, 'name': 'Holtveien'}, 'city': 'Kvelde', 'state': 'Møre og Romsd...</msg>
<var>${json_data}</var>
<arg>${response.json()}</arg>
<doc>Returns the given values which can then be assigned to a variables.</doc>
<status status="PASS" start="2024-06-06T03:17:24.969726" elapsed="0.000714"/>
</kw>
<kw name="Log" owner="BuiltIn">
<msg time="2024-06-06T03:17:24.971000" level="INFO">{'results': [{'gender': 'female', 'name': {'title': 'Ms', 'first': 'Sumaya', 'last': 'Ravndal'}, 'location': {'street': {'number': 4065, 'name': 'Holtveien'}, 'city': 'Kvelde', 'state': 'Møre og Romsdal', 'country': 'Norway', 'postcode': '0579', 'coordinates': {'latitude': '46.3035', 'longitude': '172.5558'}, 'timezone': {'offset': '+4:30', 'description': 'Kabul'}}, 'email': 'sumaya.ravndal@example.com', 'login': {'uuid': 'eafa6566-5b11-43cd-9333-1f2c3488c42f', 'username': 'bluebutterfly948', 'password': 'chocolate', 'salt': 'RhfnW1Zn', 'md5': 'dbfc1c521aba30aacb97d978acb09ede', 'sha1': '8fe48323ec735eaf6a988a008da3677e8eebc638', 'sha256': 'd7e25a5cd5d705b6c211a13ad8b4a076c2de55932159709bc99dbbbb00a97fc3'}, 'dob': {'date': '1954-11-07T16:06:19.112Z', 'age': 69}, 'registered': {'date': '2018-05-30T10:39:17.880Z', 'age': 6}, 'phone': '35572195', 'cell': '40137142', 'id': {'name': 'FN', 'value': '07115423856'}, 'picture': {'large': 'https://randomuser.me/api/portraits/women/24.jpg', 'medium': 'https://randomuser.me/api/portraits/med/women/24.jpg', 'thumbnail': 'https://randomuser.me/api/portraits/thumb/women/24.jpg'}, 'nat': 'NO'}], 'info': {'seed': '1f30d9724bf40c01', 'results': 1, 'page': 1, 'version': '1.4'}}</msg>
<arg>${json_data}</arg>
<doc>Logs the given message with the given level.</doc>
<status status="PASS" start="2024-06-06T03:17:24.970813" elapsed="0.000243"/>
</kw>
<kw name="Dictionary Should Contain Key" owner="Collections">
<msg time="2024-06-06T03:17:24.971522" level="INFO">False</msg>
<arg>${json_data}</arg>
<arg>results</arg>
<doc>Fails if ``key`` is not found from ``dictionary``.</doc>
<status status="PASS" start="2024-06-06T03:17:24.971363" elapsed="0.000196"/>
</kw>
<kw name="Should Not Be Empty" owner="BuiltIn">
<msg time="2024-06-06T03:17:24.971986" level="INFO">Length is 2.</msg>
<arg>${json_data}</arg>
<doc>Verifies that the given item is not empty.</doc>
<status status="PASS" start="2024-06-06T03:17:24.971854" elapsed="0.000170"/>
</kw>
<kw name="Create List" owner="BuiltIn">
<msg time="2024-06-06T03:17:24.972629" level="INFO">${expected_keys} = ['gender', 'name', 'location', 'email', 'login']</msg>
<var>${expected_keys}</var>
<arg>gender</arg>
<arg>name</arg>
<arg>location</arg>
<arg>email</arg>
<arg>login</arg>
<doc>Returns a list containing given items.</doc>
<status status="PASS" start="2024-06-06T03:17:24.972316" elapsed="0.000338"/>
</kw>
<for flavor="IN">
<iter>
<kw name="Dictionary Should Contain Key" owner="Collections">
<msg time="2024-06-06T03:17:24.973653" level="INFO">False</msg>
<arg>${json_data['results'][0]}</arg>
<arg>${key}</arg>
<doc>Fails if ``key`` is not found from ``dictionary``.</doc>
<status status="PASS" start="2024-06-06T03:17:24.973251" elapsed="0.000440"/>
</kw>
<kw name="Log" owner="BuiltIn">
<msg time="2024-06-06T03:17:24.974392" level="INFO">{'gender': 'female', 'name': {'title': 'Ms', 'first': 'Sumaya', 'last': 'Ravndal'}, 'location': {'street': {'number': 4065, 'name': 'Holtveien'}, 'city': 'Kvelde', 'state': 'Møre og Romsdal', 'country': 'Norway', 'postcode': '0579', 'coordinates': {'latitude': '46.3035', 'longitude': '172.5558'}, 'timezone': {'offset': '+4:30', 'description': 'Kabul'}}, 'email': 'sumaya.ravndal@example.com', 'login': {'uuid': 'eafa6566-5b11-43cd-9333-1f2c3488c42f', 'username': 'bluebutterfly948', 'password': 'chocolate', 'salt': 'RhfnW1Zn', 'md5': 'dbfc1c521aba30aacb97d978acb09ede', 'sha1': '8fe48323ec735eaf6a988a008da3677e8eebc638', 'sha256': 'd7e25a5cd5d705b6c211a13ad8b4a076c2de55932159709bc99dbbbb00a97fc3'}, 'dob': {'date': '1954-11-07T16:06:19.112Z', 'age': 69}, 'registered': {'date': '2018-05-30T10:39:17.880Z', 'age': 6}, 'phone': '35572195', 'cell': '40137142', 'id': {'name': 'FN', 'value': '07115423856'}, 'picture': {'large': 'https://randomuser.me/api/portraits/women/24.jpg', 'medium': 'https://randomuser.me/api/portraits/med/women/24.jpg', 'thumbnail': 'https://randomuser.me/api/portraits/thumb/women/24.jpg'}, 'nat': 'NO'}</msg>
<arg>${json_data['results'][0]}</arg>
<doc>Logs the given message with the given level.</doc>
<status status="PASS" start="2024-06-06T03:17:24.974019" elapsed="0.000422"/>
</kw>
<kw name="Log" owner="BuiltIn">
<msg time="2024-06-06T03:17:24.974871" level="INFO">gender</msg>
<arg>${key}</arg>
<doc>Logs the given message with the given level.</doc>
<status status="PASS" start="2024-06-06T03:17:24.974743" elapsed="0.000171"/>
</kw>
<var name="${key}">gender</var>
<status status="PASS" start="2024-06-06T03:17:24.973124" elapsed="0.002004"/>
</iter>
<iter>
<kw name="Dictionary Should Contain Key" owner="Collections">
<msg time="2024-06-06T03:17:24.975814" level="INFO">False</msg>
<arg>${json_data['results'][0]}</arg>
<arg>${key}</arg>
<doc>Fails if ``key`` is not found from ``dictionary``.</doc>
<status status="PASS" start="2024-06-06T03:17:24.975428" elapsed="0.000423"/>
</kw>
<kw name="Log" owner="BuiltIn">
<msg time="2024-06-06T03:17:24.976535" level="INFO">{'gender': 'female', 'name': {'title': 'Ms', 'first': 'Sumaya', 'last': 'Ravndal'}, 'location': {'street': {'number': 4065, 'name': 'Holtveien'}, 'city': 'Kvelde', 'state': 'Møre og Romsdal', 'country': 'Norway', 'postcode': '0579', 'coordinates': {'latitude': '46.3035', 'longitude': '172.5558'}, 'timezone': {'offset': '+4:30', 'description': 'Kabul'}}, 'email': 'sumaya.ravndal@example.com', 'login': {'uuid': 'eafa6566-5b11-43cd-9333-1f2c3488c42f', 'username': 'bluebutterfly948', 'password': 'chocolate', 'salt': 'RhfnW1Zn', 'md5': 'dbfc1c521aba30aacb97d978acb09ede', 'sha1': '8fe48323ec735eaf6a988a008da3677e8eebc638', 'sha256': 'd7e25a5cd5d705b6c211a13ad8b4a076c2de55932159709bc99dbbbb00a97fc3'}, 'dob': {'date': '1954-11-07T16:06:19.112Z', 'age': 69}, 'registered': {'date': '2018-05-30T10:39:17.880Z', 'age': 6}, 'phone': '35572195', 'cell': '40137142', 'id': {'name': 'FN', 'value': '07115423856'}, 'picture': {'large': 'https://randomuser.me/api/portraits/women/24.jpg', 'medium': 'https://randomuser.me/api/portraits/med/women/24.jpg', 'thumbnail': 'https://randomuser.me/api/portraits/thumb/women/24.jpg'}, 'nat': 'NO'}</msg>
<arg>${json_data['results'][0]}</arg>
<doc>Logs the given message with the given level.</doc>
<status status="PASS" start="2024-06-06T03:17:24.976171" elapsed="0.000413"/>
</kw>
<kw name="Log" owner="BuiltIn">
<msg time="2024-06-06T03:17:24.977008" level="INFO">name</msg>
<arg>${key}</arg>
<doc>Logs the given message with the given level.</doc>
<status status="PASS" start="2024-06-06T03:17:24.976882" elapsed="0.000163"/>
</kw>
<var name="${key}">name</var>
<status status="PASS" start="2024-06-06T03:17:24.975315" elapsed="0.001954"/>
</iter>
<iter>
<kw name="Dictionary Should Contain Key" owner="Collections">
<msg time="2024-06-06T03:17:24.977929" level="INFO">False</msg>
<arg>${json_data['results'][0]}</arg>
<arg>${key}</arg>
<doc>Fails if ``key`` is not found from ``dictionary``.</doc>
<status status="PASS" start="2024-06-06T03:17:24.977560" elapsed="0.000431"/>
</kw>
<kw name="Log" owner="BuiltIn">
<msg time="2024-06-06T03:17:24.978640" level="INFO">{'gender': 'female', 'name': {'title': 'Ms', 'first': 'Sumaya', 'last': 'Ravndal'}, 'location': {'street': {'number': 4065, 'name': 'Holtveien'}, 'city': 'Kvelde', 'state': 'Møre og Romsdal', 'country': 'Norway', 'postcode': '0579', 'coordinates': {'latitude': '46.3035', 'longitude': '172.5558'}, 'timezone': {'offset': '+4:30', 'description': 'Kabul'}}, 'email': 'sumaya.ravndal@example.com', 'login': {'uuid': 'eafa6566-5b11-43cd-9333-1f2c3488c42f', 'username': 'bluebutterfly948', 'password': 'chocolate', 'salt': 'RhfnW1Zn', 'md5': 'dbfc1c521aba30aacb97d978acb09ede', 'sha1': '8fe48323ec735eaf6a988a008da3677e8eebc638', 'sha256': 'd7e25a5cd5d705b6c211a13ad8b4a076c2de55932159709bc99dbbbb00a97fc3'}, 'dob': {'date': '1954-11-07T16:06:19.112Z', 'age': 69}, 'registered': {'date': '2018-05-30T10:39:17.880Z', 'age': 6}, 'phone': '35572195', 'cell': '40137142', 'id': {'name': 'FN', 'value': '07115423856'}, 'picture': {'large': 'https://randomuser.me/api/portraits/women/24.jpg', 'medium': 'https://randomuser.me/api/portraits/med/women/24.jpg', 'thumbnail': 'https://randomuser.me/api/portraits/thumb/women/24.jpg'}, 'nat': 'NO'}</msg>
<arg>${json_data['results'][0]}</arg>
<doc>Logs the given message with the given level.</doc>
<status status="PASS" start="2024-06-06T03:17:24.978285" elapsed="0.000404"/>
</kw>
<kw name="Log" owner="BuiltIn">
<msg time="2024-06-06T03:17:24.979120" level="INFO">location</msg>
<arg>${key}</arg>
<doc>Logs the given message with the given level.</doc>
<status status="PASS" start="2024-06-06T03:17:24.978989" elapsed="0.000169"/>
</kw>
<var name="${key}">location</var>
<status status="PASS" start="2024-06-06T03:17:24.977450" elapsed="0.001928"/>
</iter>
<iter>
<kw name="Dictionary Should Contain Key" owner="Collections">
<msg time="2024-06-06T03:17:24.980042" level="INFO">False</msg>
<arg>${json_data['results'][0]}</arg>
<arg>${key}</arg>
<doc>Fails if ``key`` is not found from ``dictionary``.</doc>
<status status="PASS" start="2024-06-06T03:17:24.979668" elapsed="0.000410"/>
</kw>
<kw name="Log" owner="BuiltIn">
<msg time="2024-06-06T03:17:24.980725" level="INFO">{'gender': 'female', 'name': {'title': 'Ms', 'first': 'Sumaya', 'last': 'Ravndal'}, 'location': {'street': {'number': 4065, 'name': 'Holtveien'}, 'city': 'Kvelde', 'state': 'Møre og Romsdal', 'country': 'Norway', 'postcode': '0579', 'coordinates': {'latitude': '46.3035', 'longitude': '172.5558'}, 'timezone': {'offset': '+4:30', 'description': 'Kabul'}}, 'email': 'sumaya.ravndal@example.com', 'login': {'uuid': 'eafa6566-5b11-43cd-9333-1f2c3488c42f', 'username': 'bluebutterfly948', 'password': 'chocolate', 'salt': 'RhfnW1Zn', 'md5': 'dbfc1c521aba30aacb97d978acb09ede', 'sha1': '8fe48323ec735eaf6a988a008da3677e8eebc638', 'sha256': 'd7e25a5cd5d705b6c211a13ad8b4a076c2de55932159709bc99dbbbb00a97fc3'}, 'dob': {'date': '1954-11-07T16:06:19.112Z', 'age': 69}, 'registered': {'date': '2018-05-30T10:39:17.880Z', 'age': 6}, 'phone': '35572195', 'cell': '40137142', 'id': {'name': 'FN', 'value': '07115423856'}, 'picture': {'large': 'https://randomuser.me/api/portraits/women/24.jpg', 'medium': 'https://randomuser.me/api/portraits/med/women/24.jpg', 'thumbnail': 'https://randomuser.me/api/portraits/thumb/women/24.jpg'}, 'nat': 'NO'}</msg>
<arg>${json_data['results'][0]}</arg>
<doc>Logs the given message with the given level.</doc>
<status status="PASS" start="2024-06-06T03:17:24.980366" elapsed="0.000406"/>
</kw>
<kw name="Log" owner="BuiltIn">
<msg time="2024-06-06T03:17:24.981193" level="INFO">email</msg>
<arg>${key}</arg>
<doc>Logs the given message with the given level.</doc>
<status status="PASS" start="2024-06-06T03:17:24.981068" elapsed="0.000161"/>
</kw>
<var name="${key}">email</var>
<status status="PASS" start="2024-06-06T03:17:24.979552" elapsed="0.001893"/>
</iter>
<iter>
<kw name="Dictionary Should Contain Key" owner="Collections">
<msg time="2024-06-06T03:17:24.982143" level="INFO">False</msg>
<arg>${json_data['results'][0]}</arg>
<arg>${key}</arg>
<doc>Fails if ``key`` is not found from ``dictionary``.</doc>
<status status="PASS" start="2024-06-06T03:17:24.981734" elapsed="0.000446"/>
</kw>
<kw name="Log" owner="BuiltIn">
<msg time="2024-06-06T03:17:24.982832" level="INFO">{'gender': 'female', 'name': {'title': 'Ms', 'first': 'Sumaya', 'last': 'Ravndal'}, 'location': {'street': {'number': 4065, 'name': 'Holtveien'}, 'city': 'Kvelde', 'state': 'Møre og Romsdal', 'country': 'Norway', 'postcode': '0579', 'coordinates': {'latitude': '46.3035', 'longitude': '172.5558'}, 'timezone': {'offset': '+4:30', 'description': 'Kabul'}}, 'email': 'sumaya.ravndal@example.com', 'login': {'uuid': 'eafa6566-5b11-43cd-9333-1f2c3488c42f', 'username': 'bluebutterfly948', 'password': 'chocolate', 'salt': 'RhfnW1Zn', 'md5': 'dbfc1c521aba30aacb97d978acb09ede', 'sha1': '8fe48323ec735eaf6a988a008da3677e8eebc638', 'sha256': 'd7e25a5cd5d705b6c211a13ad8b4a076c2de55932159709bc99dbbbb00a97fc3'}, 'dob': {'date': '1954-11-07T16:06:19.112Z', 'age': 69}, 'registered': {'date': '2018-05-30T10:39:17.880Z', 'age': 6}, 'phone': '35572195', 'cell': '40137142', 'id': {'name': 'FN', 'value': '07115423856'}, 'picture': {'large': 'https://randomuser.me/api/portraits/women/24.jpg', 'medium': 'https://randomuser.me/api/portraits/med/women/24.jpg', 'thumbnail': 'https://randomuser.me/api/portraits/thumb/women/24.jpg'}, 'nat': 'NO'}</msg>
<arg>${json_data['results'][0]}</arg>
<doc>Logs the given message with the given level.</doc>
<status status="PASS" start="2024-06-06T03:17:24.982471" elapsed="0.000409"/>
</kw>
<kw name="Log" owner="BuiltIn">
<msg time="2024-06-06T03:17:24.983292" level="INFO">login</msg>
<arg>${key}</arg>
<doc>Logs the given message with the given level.</doc>
<status status="PASS" start="2024-06-06T03:17:24.983166" elapsed="0.000162"/>
</kw>
<var name="${key}">login</var>
<status status="PASS" start="2024-06-06T03:17:24.981624" elapsed="0.001923"/>
</iter>
<var>${key}</var>
<value>@{expected_keys}</value>
<status status="PASS" start="2024-06-06T03:17:24.972923" elapsed="0.010743"/>
</for>
<kw name="Create List" owner="BuiltIn">
<msg time="2024-06-06T03:17:24.984032" level="INFO">${expected_keysTwo} = ['username', 'password']</msg>
<var>${expected_keysTwo}</var>
<arg>username</arg>
<arg>password</arg>
<doc>Returns a list containing given items.</doc>
<status status="PASS" start="2024-06-06T03:17:24.983886" elapsed="0.000170"/>
</kw>
<for flavor="IN">
<iter>
<kw name="Dictionary Should Contain Key" owner="Collections">
<msg time="2024-06-06T03:17:24.984921" level="INFO">False</msg>
<arg>${json_data['results'][0]['login']}</arg>
<arg>${keyTwo}</arg>
<doc>Fails if ``key`` is not found from ``dictionary``.</doc>
<status status="PASS" start="2024-06-06T03:17:24.984549" elapsed="0.000408"/>
</kw>
<kw name="Dictionary Should Contain Key" owner="Collections">
<msg time="2024-06-06T03:17:24.985636" level="INFO">False</msg>
<arg>${json_data['results'][0]['login']}</arg>
<arg>${keyTwo}</arg>
<doc>Fails if ``key`` is not found from ``dictionary``.</doc>
<status status="PASS" start="2024-06-06T03:17:24.985245" elapsed="0.000428"/>
</kw>
<kw name="Log" owner="BuiltIn">
<msg time="2024-06-06T03:17:24.986116" level="INFO">username</msg>
<arg>${keyTwo}</arg>
<doc>Logs the given message with the given level.</doc>
<status status="PASS" start="2024-06-06T03:17:24.985986" elapsed="0.000172"/>
</kw>
<var name="${keyTwo}">username</var>
<status status="PASS" start="2024-06-06T03:17:24.984440" elapsed="0.001932"/>
</iter>
<iter>
<kw name="Dictionary Should Contain Key" owner="Collections">
<msg time="2024-06-06T03:17:24.987029" level="INFO">False</msg>
<arg>${json_data['results'][0]['login']}</arg>
<arg>${keyTwo}</arg>
<doc>Fails if ``key`` is not found from ``dictionary``.</doc>
<status status="PASS" start="2024-06-06T03:17:24.986656" elapsed="0.000409"/>
</kw>
<kw name="Dictionary Should Contain Key" owner="Collections">
<msg time="2024-06-06T03:17:24.987799" level="INFO">False</msg>
<arg>${json_data['results'][0]['login']}</arg>
<arg>${keyTwo}</arg>
<doc>Fails if ``key`` is not found from ``dictionary``.</doc>
<status status="PASS" start="2024-06-06T03:17:24.987350" elapsed="0.000487"/>
</kw>
<kw name="Log" owner="BuiltIn">
<msg time="2024-06-06T03:17:24.988259" level="INFO">password</msg>
<arg>${keyTwo}</arg>
<doc>Logs the given message with the given level.</doc>
<status status="PASS" start="2024-06-06T03:17:24.988133" elapsed="0.000162"/>
</kw>
<var name="${keyTwo}">password</var>
<status status="PASS" start="2024-06-06T03:17:24.986543" elapsed="0.001964"/>
</iter>
<var>${keyTwo}</var>
<value>@{expected_keysTwo}</value>
<status status="PASS" start="2024-06-06T03:17:24.984290" elapsed="0.004340"/>
</for>
<status status="PASS" start="2024-06-06T03:17:24.877424" elapsed="0.111345"/>
</kw>
<doc>Testa a estrutura da resposta da API.</doc>
<tag>testeEstruturaResposta</tag>
<status status="PASS" start="2024-06-06T03:17:24.876831" elapsed="0.112096"/>
</test>
<test id="s1-s1-t4" name="Validar tipos de dados" line="28">
<kw name="Teste de Tipos de Dados" owner="random-user-service">
<kw name="GET On Session" owner="RequestsLibrary">
<msg time="2024-06-06T03:17:25.068308" level="INFO">GET Request : url=https://randomuser.me/api 
 path_url=/api 
 headers={'User-Agent': 'python-requests/2.32.3', 'Accept-Encoding': 'gzip, deflate', 'Accept': '*/*', 'Connection': 'keep-alive'} 
 body=None 
 </msg>
<msg time="2024-06-06T03:17:25.068407" level="INFO">GET Response : url=https://randomuser.me/api 
 status=200, reason=OK 
 headers={'Date': 'Thu, 06 Jun 2024 03:17:25 GMT', 'Content-Type': 'application/json; charset=utf-8', 'Transfer-Encoding': 'chunked', 'Connection': 'keep-alive', 'X-Powered-By': 'Express', 'Access-Control-Allow-Origin': '*', 'Cache-Control': 'no-cache', 'ETag': 'W/"4a1-BVgCDjI5E28mIdZBMk5sD8M1n6U"', 'Vary': 'Accept-Encoding', 'Content-Encoding': 'gzip', 'CF-Cache-Status': 'DYNAMIC', 'Report-To': '{"endpoints":[{"url":"https:\\/\\/a.nel.cloudflare.com\\/report\\/v4?s=vu6ce2NX0r7z59MuMNSyoujBB5%2Bb%2FRiu14XKZEToNj2M3ufRBgwJl31xrkB%2Bv2uz0aTPdQe%2Bzp%2Bqn%2FVcf%2BuJgtoFy81DCWhoZwhUubuJe9lsKv0gmzzlKCqiGyjQOfVY"}],"group":"cf-nel","max_age":604800}', 'NEL': '{"success_fraction":0,"report_to":"cf-nel","max_age":604800}', 'Server': 'cloudflare', 'CF-RAY': '88f53fcf3de2084a-IAD', 'alt-svc': 'h3=":443"; ma=86400'} 
 body={"results":[{"gender":"male","name":{"title":"Mr","first":"Jay","last":"Gilbert"},"location":{"street":{"number":5109,"name":"Richmond Road"},"city":"Salisbury","state":"Humberside","country":"United Kingdom","postcode":"B9K 6TB","coordinates":{"latitude":"-9.3885","longitude":"-41.7551"},"timezone":{"offset":"+3:00","description":"Baghdad, Riyadh, Moscow, St. Petersburg"}},"email":"jay.gilbert@example.com","login":{"uuid":"7488ab82-f98a-4f2e-a6d7-62c816b6b82a","username":"ticklishladybug437","password":"gidget","salt":"7MGO9l3Q","md5":"d2ded341d36d2e37cbe06213bb779b1a","sha1":"af461451e3b2a79c31d5fc8de5a853c7e0ec9f31","sha256":"60a4af77eb00050fb247f4516a676cfae86647e5fcf7c8e9856631ad3becfc94"},"dob":{"date":"1954-01-18T00:15:28.550Z","age":70},"registered":{"date":"2017-10-30T06:04:29.266Z","age":6},"phone":"016973 45157","cell":"07027 876353","id":{"name":"NINO","value":"MR 06 69 90 N"},"picture":{"large":"https://randomuser.me/api/portraits/men/55.jpg","medium":"https://randomuser.me/api/portraits/med/men/55.jpg","thumbnail":"https://randomuser.me/api/portraits/thumb/men/55.jpg"},"nat":"GB"}],"info":{"seed":"047d0d0b2dc43fe1","results":1,"page":1,"version":"1.4"}} 
 </msg>
<msg time="2024-06-06T03:17:25.068483" level="INFO">/opt/hostedtoolcache/Python/3.12.3/x64/lib/python3.12/site-packages/urllib3/connectionpool.py:1103: InsecureRequestWarning: Unverified HTTPS request is being made to host 'randomuser.me'. Adding certificate verification is strongly advised. See: https://urllib3.readthedocs.io/en/latest/advanced-usage.html#tls-warnings
  warnings.warn(</msg>
<msg time="2024-06-06T03:17:25.068612" level="INFO">${response} = &lt;Response [200]&gt;</msg>
<var>${response}</var>
<arg>consultarAPI</arg>
<arg>/api</arg>
<doc>Sends a GET request on a previously created HTTP Session.</doc>
<status status="PASS" start="2024-06-06T03:17:24.991510" elapsed="0.077144"/>
</kw>
<kw name="Set Variable" owner="BuiltIn">
<msg time="2024-06-06T03:17:25.069854" level="INFO">${json_data} = {'results': [{'gender': 'male', 'name': {'title': 'Mr', 'first': 'Jay', 'last': 'Gilbert'}, 'location': {'street': {'number': 5109, 'name': 'Richmond Road'}, 'city': 'Salisbury', 'state': 'Humberside'...</msg>
<var>${json_data}</var>
<arg>${response.json()}</arg>
<doc>Returns the given values which can then be assigned to a variables.</doc>
<status status="PASS" start="2024-06-06T03:17:25.069259" elapsed="0.000623"/>
</kw>
<kw name="Log" owner="BuiltIn">
<msg time="2024-06-06T03:17:25.070378" level="INFO">{'results': [{'gender': 'male', 'name': {'title': 'Mr', 'first': 'Jay', 'last': 'Gilbert'}, 'location': {'street': {'number': 5109, 'name': 'Richmond Road'}, 'city': 'Salisbury', 'state': 'Humberside', 'country': 'United Kingdom', 'postcode': 'B9K 6TB', 'coordinates': {'latitude': '-9.3885', 'longitude': '-41.7551'}, 'timezone': {'offset': '+3:00', 'description': 'Baghdad, Riyadh, Moscow, St. Petersburg'}}, 'email': 'jay.gilbert@example.com', 'login': {'uuid': '7488ab82-f98a-4f2e-a6d7-62c816b6b82a', 'username': 'ticklishladybug437', 'password': 'gidget', 'salt': '7MGO9l3Q', 'md5': 'd2ded341d36d2e37cbe06213bb779b1a', 'sha1': 'af461451e3b2a79c31d5fc8de5a853c7e0ec9f31', 'sha256': '60a4af77eb00050fb247f4516a676cfae86647e5fcf7c8e9856631ad3becfc94'}, 'dob': {'date': '1954-01-18T00:15:28.550Z', 'age': 70}, 'registered': {'date': '2017-10-30T06:04:29.266Z', 'age': 6}, 'phone': '016973 45157', 'cell': '07027 876353', 'id': {'name': 'NINO', 'value': 'MR 06 69 90 N'}, 'picture': {'large': 'https://randomuser.me/api/portraits/men/55.jpg', 'medium': 'https://randomuser.me/api/portraits/med/men/55.jpg', 'thumbnail': 'https://randomuser.me/api/portraits/thumb/men/55.jpg'}, 'nat': 'GB'}], 'info': {'seed': '047d0d0b2dc43fe1', 'results': 1, 'page': 1, 'version': '1.4'}}</msg>
<arg>${json_data}</arg>
<doc>Logs the given message with the given level.</doc>
<status status="PASS" start="2024-06-06T03:17:25.070223" elapsed="0.000239"/>
</kw>
<kw name="Should Be String" owner="String">
<arg>${json_data['results'][0]['gender']}</arg>
<doc>Fails if the given ``item`` is not a string.</doc>
<status status="PASS" start="2024-06-06T03:17:25.070759" elapsed="0.000355"/>
</kw>
<kw name="Should Match Regexp" owner="BuiltIn">
<arg>${json_data['results'][0]['email']}</arg>
<arg>^[a-zA-Z0-9._%+-]+@[a-zA-Z0-9.-]+\.[a-zA-Z]{2,}$</arg>
<doc>Fails if ``string`` does not match ``pattern`` as a regular expression.</doc>
<status status="PASS" start="2024-06-06T03:17:25.071306" elapsed="0.000522"/>
</kw>
<kw name="Should Match Regexp" owner="BuiltIn">
<arg>${json_data['results'][0]['dob']['date']}</arg>
<arg>\\d{4}-\\d{2}-\\d{2}T\\d{2}:\\d{2}:\\d{2}\\.\\d{3}Z</arg>
<doc>Fails if ``string`` does not match ``pattern`` as a regular expression.</doc>
<status status="PASS" start="2024-06-06T03:17:25.072030" elapsed="0.000481"/>
</kw>
<kw name="Should Match Regexp" owner="BuiltIn">
<arg>${json_data['results'][0]['registered']['date']}</arg>
<arg>\\d{4}-\\d{2}-\\d{2}T\\d{2}:\\d{2}:\\d{2}\\.\\d{3}Z</arg>
<doc>Fails if ``string`` does not match ``pattern`` as a regular expression.</doc>
<status status="PASS" start="2024-06-06T03:17:25.072702" elapsed="0.000366"/>
</kw>
<kw name="Should Match Regexp" owner="BuiltIn">
<arg>${json_data['results'][0]['picture']['large']}</arg>
<arg>^https?://.*\.(?:png|jpe?g|gif|bmp)$</arg>
<doc>Fails if ``string`` does not match ``pattern`` as a regular expression.</doc>
<status status="PASS" start="2024-06-06T03:17:25.073254" elapsed="0.000462"/>
</kw>
<kw name="Should Match Regexp" owner="BuiltIn">
<arg>${json_data['results'][0]['picture']['medium']}</arg>
<arg>^https?://.*\.(?:png|jpe?g|gif|bmp)$</arg>
<doc>Fails if ``string`` does not match ``pattern`` as a regular expression.</doc>
<status status="PASS" start="2024-06-06T03:17:25.073904" elapsed="0.000394"/>
</kw>
<kw name="Should Match Regexp" owner="BuiltIn">
<arg>${json_data['results'][0]['picture']['thumbnail']}</arg>
<arg>^https?://.*\.(?:png|jpe?g|gif|bmp)$</arg>
<doc>Fails if ``string`` does not match ``pattern`` as a regular expression.</doc>
<status status="PASS" start="2024-06-06T03:17:25.074491" elapsed="0.000353"/>
</kw>
<kw name="Log" owner="BuiltIn">
<msg time="2024-06-06T03:17:25.075363" level="INFO">{'large': 'https://randomuser.me/api/portraits/men/55.jpg', 'medium': 'https://randomuser.me/api/portraits/med/men/55.jpg', 'thumbnail': 'https://randomuser.me/api/portraits/thumb/men/55.jpg'}</msg>
<arg>${json_data['results'][0]['picture']}</arg>
<doc>Logs the given message with the given level.</doc>
<status status="PASS" start="2024-06-06T03:17:25.075036" elapsed="0.000367"/>
</kw>
<status status="PASS" start="2024-06-06T03:17:24.991277" elapsed="0.084380"/>
</kw>
<kw name="Teste de Tipos de Dados - Postcode" owner="random-user-service">
<kw name="GET On Session" owner="RequestsLibrary">
<msg time="2024-06-06T03:17:25.175063" level="INFO">GET Request : url=https://randomuser.me/api 
 path_url=/api 
 headers={'User-Agent': 'python-requests/2.32.3', 'Accept-Encoding': 'gzip, deflate', 'Accept': '*/*', 'Connection': 'keep-alive'} 
 body=None 
 </msg>
<msg time="2024-06-06T03:17:25.175174" level="INFO">GET Response : url=https://randomuser.me/api 
 status=200, reason=OK 
 headers={'Date': 'Thu, 06 Jun 2024 03:17:25 GMT', 'Content-Type': 'application/json; charset=utf-8', 'Transfer-Encoding': 'chunked', 'Connection': 'keep-alive', 'X-Powered-By': 'Express', 'Access-Control-Allow-Origin': '*', 'Cache-Control': 'no-cache', 'ETag': 'W/"48f-fDElm8VzZ2DkcU2ymDL9m0pziP4"', 'Vary': 'Accept-Encoding', 'Content-Encoding': 'gzip', 'CF-Cache-Status': 'DYNAMIC', 'Report-To': '{"endpoints":[{"url":"https:\\/\\/a.nel.cloudflare.com\\/report\\/v4?s=HeQJE9KBxgZJSr%2FNnRMWeQjTyEkM4wt6MT%2Bm8yv1U6dtdDgpnyMaStVjze8%2F3FJtEg50f%2FGX90lMptgnoS%2F0uELk%2FghGJ%2FpT0d5cXrKaQ9qZj4WxdYzvwf2AHdym6sGj"}],"group":"cf-nel","max_age":604800}', 'NEL': '{"success_fraction":0,"report_to":"cf-nel","max_age":604800}', 'Server': 'cloudflare', 'CF-RAY': '88f53fcfbe73084a-IAD', 'alt-svc': 'h3=":443"; ma=86400'} 
 body={"results":[{"gender":"male","name":{"title":"Mr","first":"Átila","last":"Martins"},"location":{"street":{"number":8817,"name":"Rua São João "},"city":"Santo André","state":"Paraná","country":"Brazil","postcode":74810,"coordinates":{"latitude":"-74.8608","longitude":"-94.4523"},"timezone":{"offset":"-1:00","description":"Azores, Cape Verde Islands"}},"email":"atila.martins@example.com","login":{"uuid":"f86ecc8b-d44c-4b9f-8372-dd64b36a988d","username":"heavydog886","password":"coleman","salt":"ZrsXQK7X","md5":"8e83a5f181259ca52e41ef53e6839b57","sha1":"1bd912d157b41e10e7239a2496cf38ac8a96184a","sha256":"e9390f3d5aee5f5460a79c2e340bcbd1989ab42355815198b5d149526ea986a9"},"dob":{"date":"1993-09-25T15:41:21.260Z","age":30},"registered":{"date":"2010-12-15T17:41:10.258Z","age":13},"phone":"(72) 3655-5895","cell":"(22) 3179-0434","id":{"name":"CPF","value":"593.338.090-29"},"picture":{"large":"https://randomuser.me/api/portraits/men/26.jpg","medium":"https://randomuser.me/api/portraits/med/men/26.jpg","thumbnail":"https://randomuser.me/api/portraits/thumb/men/26.jpg"},"nat":"BR"}],"info":{"seed":"2791b0be9766a943","results":1,"page":1,"version":"1.4"}} 
 </msg>
<msg time="2024-06-06T03:17:25.175261" level="INFO">/opt/hostedtoolcache/Python/3.12.3/x64/lib/python3.12/site-packages/urllib3/connectionpool.py:1103: InsecureRequestWarning: Unverified HTTPS request is being made to host 'randomuser.me'. Adding certificate verification is strongly advised. See: https://urllib3.readthedocs.io/en/latest/advanced-usage.html#tls-warnings
  warnings.warn(</msg>
<msg time="2024-06-06T03:17:25.175405" level="INFO">${response} = &lt;Response [200]&gt;</msg>
<var>${response}</var>
<arg>consultarAPI</arg>
<arg>/api</arg>
<doc>Sends a GET request on a previously created HTTP Session.</doc>
<status status="PASS" start="2024-06-06T03:17:25.076117" elapsed="0.099336"/>
</kw>
<kw name="Set Variable" owner="BuiltIn">
<msg time="2024-06-06T03:17:25.176513" level="INFO">${json_data} = {'results': [{'gender': 'male', 'name': {'title': 'Mr', 'first': 'Átila', 'last': 'Martins'}, 'location': {'street': {'number': 8817, 'name': 'Rua São João '}, 'city': 'Santo André', 'state': 'Paraná'...</msg>
<var>${json_data}</var>
<arg>${response.json()}</arg>
<doc>Returns the given values which can then be assigned to a variables.</doc>
<status status="PASS" start="2024-06-06T03:17:25.175987" elapsed="0.000560"/>
</kw>
<kw name="Log" owner="BuiltIn">
<msg time="2024-06-06T03:17:25.177012" level="INFO">{'results': [{'gender': 'male', 'name': {'title': 'Mr', 'first': 'Átila', 'last': 'Martins'}, 'location': {'street': {'number': 8817, 'name': 'Rua São João '}, 'city': 'Santo André', 'state': 'Paraná', 'country': 'Brazil', 'postcode': 74810, 'coordinates': {'latitude': '-74.8608', 'longitude': '-94.4523'}, 'timezone': {'offset': '-1:00', 'description': 'Azores, Cape Verde Islands'}}, 'email': 'atila.martins@example.com', 'login': {'uuid': 'f86ecc8b-d44c-4b9f-8372-dd64b36a988d', 'username': 'heavydog886', 'password': 'coleman', 'salt': 'ZrsXQK7X', 'md5': '8e83a5f181259ca52e41ef53e6839b57', 'sha1': '1bd912d157b41e10e7239a2496cf38ac8a96184a', 'sha256': 'e9390f3d5aee5f5460a79c2e340bcbd1989ab42355815198b5d149526ea986a9'}, 'dob': {'date': '1993-09-25T15:41:21.260Z', 'age': 30}, 'registered': {'date': '2010-12-15T17:41:10.258Z', 'age': 13}, 'phone': '(72) 3655-5895', 'cell': '(22) 3179-0434', 'id': {'name': 'CPF', 'value': '593.338.090-29'}, 'picture': {'large': 'https://randomuser.me/api/portraits/men/26.jpg', 'medium': 'https://randomuser.me/api/portraits/med/men/26.jpg', 'thumbnail': 'https://randomuser.me/api/portraits/thumb/men/26.jpg'}, 'nat': 'BR'}], 'info': {'seed': '2791b0be9766a943', 'results': 1, 'page': 1, 'version': '1.4'}}</msg>
<arg>${json_data}</arg>
<doc>Logs the given message with the given level.</doc>
<status status="PASS" start="2024-06-06T03:17:25.176849" elapsed="0.000246"/>
</kw>
<kw name="Should Be Equal As Numbers" owner="BuiltIn">
<arg>${json_data['results'][0]['location']['postcode']}</arg>
<arg>${json_data['results'][0]['location']['postcode']}</arg>
<doc>Fails if objects are unequal after converting them to real numbers.</doc>
<status status="PASS" start="2024-06-06T03:17:25.177402" elapsed="0.000832"/>
</kw>
<kw name="Log" owner="BuiltIn">
<msg time="2024-06-06T03:17:25.178768" level="INFO">74810</msg>
<arg>${json_data['results'][0]['location']['postcode']}</arg>
<doc>Logs the given message with the given level.</doc>
<status status="PASS" start="2024-06-06T03:17:25.178427" elapsed="0.000381"/>
</kw>
<status status="PASS" start="2024-06-06T03:17:25.075886" elapsed="0.103179"/>
</kw>
<doc>Testa se os tipos de dados na resposta da API estão corretos.</doc>
<tag>testeTiposDados</tag>
<status status="PASS" start="2024-06-06T03:17:24.990732" elapsed="0.188505"/>
</test>
<test id="s1-s1-t5" name="Validar conteudo" line="35">
<kw name="Teste de Tipos de Conteudo" owner="random-user-service">
<kw name="GET On Session" owner="RequestsLibrary">
<msg time="2024-06-06T03:17:25.268033" level="INFO">GET Request : url=https://randomuser.me/api 
 path_url=/api 
 headers={'User-Agent': 'python-requests/2.32.3', 'Accept-Encoding': 'gzip, deflate', 'Accept': '*/*', 'Connection': 'keep-alive'} 
 body=None 
 </msg>
<msg time="2024-06-06T03:17:25.268148" level="INFO">GET Response : url=https://randomuser.me/api 
 status=200, reason=OK 
 headers={'Date': 'Thu, 06 Jun 2024 03:17:25 GMT', 'Content-Type': 'application/json; charset=utf-8', 'Transfer-Encoding': 'chunked', 'Connection': 'keep-alive', 'X-Powered-By': 'Express', 'Access-Control-Allow-Origin': '*', 'Cache-Control': 'no-cache', 'ETag': 'W/"497-mKvGmbsQsOGwqQ27jdN4Oxb3BM4"', 'Vary': 'Accept-Encoding', 'Content-Encoding': 'gzip', 'CF-Cache-Status': 'DYNAMIC', 'Report-To': '{"endpoints":[{"url":"https:\\/\\/a.nel.cloudflare.com\\/report\\/v4?s=BvYOv9O1DV3V73x%2FWUgjJW0UbvffPcek9RN60xhKjoMvIAhBIeMP611qnH1STp%2FTwuZxHN6AsSv6%2BsCPcsyHK0SMCXxEJJQGaI7BJAhQqYwjcd21TVZ5%2FyMqybEBHAED"}],"group":"cf-nel","max_age":604800}', 'NEL': '{"success_fraction":0,"report_to":"cf-nel","max_age":604800}', 'Server': 'cloudflare', 'CF-RAY': '88f53fd06f36084a-IAD', 'alt-svc': 'h3=":443"; ma=86400'} 
 body={"results":[{"gender":"male","name":{"title":"Mr","first":"Clayton","last":"Chapman"},"location":{"street":{"number":3692,"name":"South Street"},"city":"Balbriggan","state":"Wexford","country":"Ireland","postcode":49681,"coordinates":{"latitude":"-0.4034","longitude":"-126.4205"},"timezone":{"offset":"-5:00","description":"Eastern Time (US &amp; Canada), Bogota, Lima"}},"email":"clayton.chapman@example.com","login":{"uuid":"2245c1f7-4abe-4a6f-a88c-bfe7931c12a4","username":"orangerabbit743","password":"liverpool","salt":"qOS6NB05","md5":"e3933c303ff94343b70396a63da490c9","sha1":"74cda0be21515edffc306b39c9be870a9c4a75d6","sha256":"b74ba8b441cb476283dc8a533c7a37d58d02d77f9d2da13608d752230fe8c2b5"},"dob":{"date":"1998-10-07T09:05:31.364Z","age":25},"registered":{"date":"2020-02-26T20:05:21.472Z","age":4},"phone":"051-108-0162","cell":"081-355-1278","id":{"name":"PPS","value":"6193724T"},"picture":{"large":"https://randomuser.me/api/portraits/men/43.jpg","medium":"https://randomuser.me/api/portraits/med/men/43.jpg","thumbnail":"https://randomuser.me/api/portraits/thumb/men/43.jpg"},"nat":"IE"}],"info":{"seed":"b3fdeb4d670f10e9","results":1,"page":1,"version":"1.4"}} 
 </msg>
<msg time="2024-06-06T03:17:25.268238" level="INFO">/opt/hostedtoolcache/Python/3.12.3/x64/lib/python3.12/site-packages/urllib3/connectionpool.py:1103: InsecureRequestWarning: Unverified HTTPS request is being made to host 'randomuser.me'. Adding certificate verification is strongly advised. See: https://urllib3.readthedocs.io/en/latest/advanced-usage.html#tls-warnings
  warnings.warn(</msg>
<msg time="2024-06-06T03:17:25.268373" level="INFO">${response} = &lt;Response [200]&gt;</msg>
<var>${response}</var>
<arg>consultarAPI</arg>
<arg>/api</arg>
<doc>Sends a GET request on a previously created HTTP Session.</doc>
<status status="PASS" start="2024-06-06T03:17:25.181672" elapsed="0.086752"/>
</kw>
<kw name="Set Variable" owner="BuiltIn">
<msg time="2024-06-06T03:17:25.269448" level="INFO">${json_data} = {'results': [{'gender': 'male', 'name': {'title': 'Mr', 'first': 'Clayton', 'last': 'Chapman'}, 'location': {'street': {'number': 3692, 'name': 'South Street'}, 'city': 'Balbriggan', 'state': 'Wexford...</msg>
<var>${json_data}</var>
<arg>${response.json()}</arg>
<doc>Returns the given values which can then be assigned to a variables.</doc>
<status status="PASS" start="2024-06-06T03:17:25.268947" elapsed="0.000529"/>
</kw>
<kw name="Set Variable" owner="BuiltIn">
<msg time="2024-06-06T03:17:25.270193" level="INFO">${name_title} = Mr</msg>
<var>${name_title}</var>
<arg>${json_data["results"][0]["name"]["title"]}</arg>
<doc>Returns the given values which can then be assigned to a variables.</doc>
<status status="PASS" start="2024-06-06T03:17:25.269777" elapsed="0.000441"/>
</kw>
<kw name="Create List" owner="BuiltIn">
<msg time="2024-06-06T03:17:25.270674" level="INFO">${allowed_titles} = ['Mr', 'Ms', 'Miss', 'Mrs', 'Madame', 'Monsieur']</msg>
<var>${allowed_titles}</var>
<arg>Mr</arg>
<arg>Ms</arg>
<arg>Miss</arg>
<arg>Mrs</arg>
<arg>Madame</arg>
<arg>Monsieur</arg>
<doc>Returns a list containing given items.</doc>
<status status="PASS" start="2024-06-06T03:17:25.270525" elapsed="0.000173"/>
</kw>
<kw name="List Should Contain Value" owner="Collections">
<msg time="2024-06-06T03:17:25.271174" level="INFO">False</msg>
<arg>${allowed_titles}</arg>
<arg>${name_title}</arg>
<doc>Fails if the ``value`` is not found from ``list``.</doc>
<status status="PASS" start="2024-06-06T03:17:25.271000" elapsed="0.000210"/>
</kw>
<kw name="Set Variable" owner="BuiltIn">
<msg time="2024-06-06T03:17:25.271859" level="INFO">${name_country} = IE</msg>
<var>${name_country}</var>
<arg>${json_data["results"][0]["nat"]}</arg>
<doc>Returns the given values which can then be assigned to a variables.</doc>
<status status="PASS" start="2024-06-06T03:17:25.271494" elapsed="0.000392"/>
</kw>
<kw name="Create List" owner="BuiltIn">
<msg time="2024-06-06T03:17:25.272777" level="INFO">${list_country} = ['AD', 'AE', 'AF', 'AG', 'AI', 'AL', 'AM', 'AO', 'AQ', 'AR', 'AS', 'AT', 'AU', 'AW', 'AX', 'AZ', 'BA', 'BB', 'BD', 'BE', 'BF', 'BG', 'BH', 'BI', 'BJ', 'BL', 'BM', 'BN', 'BO', 'BQ', 'BR', 'BS', 'BT', '...</msg>
<var>${list_country}</var>
<arg>AD</arg>
<arg>AE</arg>
<arg>AF</arg>
<arg>AG</arg>
<arg>AI</arg>
<arg>AL</arg>
<arg>AM</arg>
<arg>AO</arg>
<arg>AQ</arg>
<arg>AR</arg>
<arg>AS</arg>
<arg>AT</arg>
<arg>AU</arg>
<arg>AW</arg>
<arg>AX</arg>
<arg>AZ</arg>
<arg>BA</arg>
<arg>BB</arg>
<arg>BD</arg>
<arg>BE</arg>
<arg>BF</arg>
<arg>BG</arg>
<arg>BH</arg>
<arg>BI</arg>
<arg>BJ</arg>
<arg>BL</arg>
<arg>BM</arg>
<arg>BN</arg>
<arg>BO</arg>
<arg>BQ</arg>
<arg>BR</arg>
<arg>BS</arg>
<arg>BT</arg>
<arg>BV</arg>
<arg>BW</arg>
<arg>BY</arg>
<arg>BZ</arg>
<arg>CA</arg>
<arg>CC</arg>
<arg>CD</arg>
<arg>CF</arg>
<arg>CG</arg>
<arg>CH</arg>
<arg>CI</arg>
<arg>CK</arg>
<arg>CL</arg>
<arg>CM</arg>
<arg>CN</arg>
<arg>CO</arg>
<arg>CR</arg>
<arg>CU</arg>
<arg>CV</arg>
<arg>CW</arg>
<arg>CX</arg>
<arg>CY</arg>
<arg>CZ</arg>
<arg>DE</arg>
<arg>DJ</arg>
<arg>DK</arg>
<arg>DM</arg>
<arg>DO</arg>
<arg>DZ</arg>
<arg>EC</arg>
<arg>EE</arg>
<arg>EG</arg>
<arg>EH</arg>
<arg>ER</arg>
<arg>ES</arg>
<arg>ET</arg>
<arg>FI</arg>
<arg>FJ</arg>
<arg>FK</arg>
<arg>FM</arg>
<arg>FO</arg>
<arg>FR</arg>
<arg>GA</arg>
<arg>GB</arg>
<arg>GD</arg>
<arg>GE</arg>
<arg>GF</arg>
<arg>GG</arg>
<arg>GH</arg>
<arg>GI</arg>
<arg>GL</arg>
<arg>GM</arg>
<arg>GN</arg>
<arg>GP</arg>
<arg>GQ</arg>
<arg>GR</arg>
<arg>GS</arg>
<arg>GT</arg>
<arg>GU</arg>
<arg>GW</arg>
<arg>GY</arg>
<arg>HK</arg>
<arg>HM</arg>
<arg>HN</arg>
<arg>HR</arg>
<arg>HT</arg>
<arg>HU</arg>
<arg>ID</arg>
<arg>IE</arg>
<arg>IL</arg>
<arg>IM</arg>
<arg>IN</arg>
<arg>IO</arg>
<arg>IQ</arg>
<arg>IR</arg>
<arg>IS</arg>
<arg>IT</arg>
<arg>JE</arg>
<arg>JM</arg>
<arg>JO</arg>
<arg>JP</arg>
<arg>KE</arg>
<arg>KG</arg>
<arg>KH</arg>
<arg>KI</arg>
<arg>KM</arg>
<arg>KN</arg>
<arg>KP</arg>
<arg>KR</arg>
<arg>KW</arg>
<arg>KY</arg>
<arg>KZ</arg>
<arg>LA</arg>
<arg>LB</arg>
<arg>LC</arg>
<arg>LI</arg>
<arg>LK</arg>
<arg>LR</arg>
<arg>LS</arg>
<arg>LT</arg>
<arg>LU</arg>
<arg>LV</arg>
<arg>LY</arg>
<arg>MA</arg>
<arg>MC</arg>
<arg>MD</arg>
<arg>ME</arg>
<arg>MF</arg>
<arg>MG</arg>
<arg>MH</arg>
<arg>MK</arg>
<arg>ML</arg>
<arg>MM</arg>
<arg>MN</arg>
<arg>MO</arg>
<arg>MP</arg>
<arg>MQ</arg>
<arg>MR</arg>
<arg>MS</arg>
<arg>MT</arg>
<arg>MU</arg>
<arg>MV</arg>
<arg>MW</arg>
<arg>MX</arg>
<arg>MY</arg>
<arg>MZ</arg>
<arg>NA</arg>
<arg>NC</arg>
<arg>NE</arg>
<arg>NF</arg>
<arg>NG</arg>
<arg>NI</arg>
<arg>NL</arg>
<arg>NO</arg>
<arg>NP</arg>
<arg>NR</arg>
<arg>NU</arg>
<arg>NZ</arg>
<arg>OM</arg>
<arg>PA</arg>
<arg>PE</arg>
<arg>PF</arg>
<arg>PG</arg>
<arg>PH</arg>
<arg>PK</arg>
<arg>PL</arg>
<arg>PM</arg>
<arg>PN</arg>
<arg>PR</arg>
<arg>PS</arg>
<arg>PT</arg>
<arg>PW</arg>
<arg>PY</arg>
<arg>QA</arg>
<arg>RE</arg>
<arg>RO</arg>
<arg>RS</arg>
<arg>RU</arg>
<arg>RW</arg>
<arg>SA</arg>
<arg>SB</arg>
<arg>SC</arg>
<arg>SD</arg>
<arg>SE</arg>
<arg>SG</arg>
<arg>SH</arg>
<arg>SI</arg>
<arg>SJ</arg>
<arg>SK</arg>
<arg>SL</arg>
<arg>SM</arg>
<arg>SN</arg>
<arg>SO</arg>
<arg>SR</arg>
<arg>SS</arg>
<arg>ST</arg>
<arg>SV</arg>
<arg>SX</arg>
<arg>SY</arg>
<arg>SZ</arg>
<arg>TC</arg>
<arg>TD</arg>
<arg>TF</arg>
<arg>TG</arg>
<arg>TH</arg>
<arg>TJ</arg>
<arg>TK</arg>
<arg>TL</arg>
<arg>TM</arg>
<arg>TN</arg>
<arg>TO</arg>
<arg>TR</arg>
<arg>TT</arg>
<arg>TV</arg>
<arg>TW</arg>
<arg>TZ</arg>
<arg>UA</arg>
<arg>UG</arg>
<arg>UM</arg>
<arg>US</arg>
<arg>UY</arg>
<arg>UZ</arg>
<arg>VA</arg>
<arg>VC</arg>
<arg>VE</arg>
<arg>VG</arg>
<arg>VI</arg>
<arg>VN</arg>
<arg>VU</arg>
<arg>WF</arg>
<arg>WS</arg>
<arg>XK</arg>
<arg>YE</arg>
<arg>YT</arg>
<arg>ZA</arg>
<arg>ZM</arg>
<arg>ZW</arg>
<doc>Returns a list containing given items.</doc>
<status status="PASS" start="2024-06-06T03:17:25.272183" elapsed="0.000619"/>
</kw>
<kw name="List Should Contain Value" owner="Collections">
<msg time="2024-06-06T03:17:25.273792" level="INFO">False</msg>
<arg>${list_country}</arg>
<arg>${name_country}</arg>
<doc>Fails if the ``value`` is not found from ``list``.</doc>
<status status="PASS" start="2024-06-06T03:17:25.273589" elapsed="0.000238"/>
</kw>
<kw name="Run Keyword If" owner="BuiltIn">
<kw name="Should Be True" owner="BuiltIn">
<arg>${True}</arg>
<doc>Fails if the given condition is not true.</doc>
<status status="PASS" start="2024-06-06T03:17:25.274939" elapsed="0.000144"/>
</kw>
<arg>${json_data["results"][0]["location"]["coordinates"]["latitude"]} &gt;= -90 and ${json_data["results"][0]["location"]["coordinates"]["latitude"]} &lt;= 90</arg>
<arg>Should Be True</arg>
<arg>${True}</arg>
<doc>Runs the given keyword with the given arguments, if ``condition`` is true.</doc>
<status status="PASS" start="2024-06-06T03:17:25.274174" elapsed="0.001033"/>
</kw>
<kw name="Run Keyword If" owner="BuiltIn">
<kw name="Should Be True" owner="BuiltIn">
<arg>${True}</arg>
<doc>Fails if the given condition is not true.</doc>
<status status="PASS" start="2024-06-06T03:17:25.276108" elapsed="0.000262"/>
</kw>
<arg>${json_data["results"][0]["location"]["coordinates"]["longitude"]} &gt;= -180 and ${json_data["results"][0]["location"]["coordinates"]["longitude"]} &lt;= 180</arg>
<arg>Should Be True</arg>
<arg>${True}</arg>
<doc>Runs the given keyword with the given arguments, if ``condition`` is true.</doc>
<status status="PASS" start="2024-06-06T03:17:25.275399" elapsed="0.001097"/>
</kw>
<status status="PASS" start="2024-06-06T03:17:25.181438" elapsed="0.095189"/>
</kw>
<doc>Testa o conteúdo específico dos campos retornados pela API.</doc>
<tag>testeConteudo</tag>
<status status="PASS" start="2024-06-06T03:17:25.180993" elapsed="0.095786"/>
</test>
<status status="PASS" start="2024-06-06T03:17:24.462781" elapsed="0.815952"/>
</suite>
<status status="PASS" start="2024-06-06T03:17:24.449253" elapsed="0.834554"/>
</suite>
<statistics>
<total>
<stat pass="5" fail="0" skip="0">All Tests</stat>
</total>
<tag>
<stat pass="1" fail="0" skip="0">testeConteudo</stat>
<stat pass="1" fail="0" skip="0">testeEstruturaResposta</stat>
<stat pass="1" fail="0" skip="0">testeRequisicaoBasica</stat>
<stat pass="1" fail="0" skip="0">testeTiposDados</stat>
</tag>
<suite>
<stat pass="5" fail="0" skip="0" id="s1" name="Tests">Tests</stat>
<stat pass="5" fail="0" skip="0" id="s1-s1" name="Random-User-Test">Tests.Random-User-Test</stat>
</suite>
</statistics>
<errors>
</errors>
</robot>
