<?xml version="1.0" encoding="UTF-8"?>
<robot generator="Robot 7.0 (Python 3.12.2 on linux)" generated="2024-03-21T09:13:08.326983" rpa="false" schemaversion="5">
<suite id="s1" name="Tests" source="/home/runner/work/DesafioQA---Itau---Rogerio-Jordao/DesafioQA---Itau---Rogerio-Jordao/DesafioQA - Itau - Rogerio Jordao/tests">
<suite id="s1-s1" name="Random-User-Test" source="/home/runner/work/DesafioQA---Itau---Rogerio-Jordao/DesafioQA---Itau---Rogerio-Jordao/DesafioQA - Itau - Rogerio Jordao/tests/random-user-test.robot">
<test id="s1-s1-t1" name="Conectar" line="24">
<kw name="Conectar API">
<kw name="Create Session" owner="RequestsLibrary">
<msg time="2024-03-21T09:13:08.647746" level="INFO">Creating Session using : alias=consultarAPI, url=https://randomuser.me/, headers={},                     cookies={}, auth=None, timeout=None, proxies=None, verify=False,                     debug=0 </msg>
<arg>consultarAPI</arg>
<arg>${URL}</arg>
<doc>Create Session: create a HTTP session to a server</doc>
<status status="PASS" start="2024-03-21T09:13:08.647543" elapsed="0.000388"/>
</kw>
<status status="PASS" start="2024-03-21T09:13:08.646649" elapsed="0.001657"/>
</kw>
<status status="PASS" start="2024-03-21T09:13:08.646119" elapsed="0.002381"/>
</test>
<test id="s1-s1-t2" name="Validar retorno 200 e JSON Válido" line="27">
<kw name="Teste de Requisicao Basica">
<kw name="GET On Session" owner="RequestsLibrary">
<msg time="2024-03-21T09:13:08.794761" level="INFO">GET Request : url=https://randomuser.me/api 
 path_url=/api 
 headers={'User-Agent': 'python-requests/2.31.0', 'Accept-Encoding': 'gzip, deflate', 'Accept': '*/*', 'Connection': 'keep-alive'} 
 body=None 
 </msg>
<msg time="2024-03-21T09:13:08.794891" level="INFO">GET Response : url=https://randomuser.me/api 
 status=200, reason=OK 
 headers={'Date': 'Thu, 21 Mar 2024 09:13:08 GMT', 'Content-Type': 'application/json; charset=utf-8', 'Transfer-Encoding': 'chunked', 'Connection': 'keep-alive', 'X-Powered-By': 'Express', 'Access-Control-Allow-Origin': '*', 'Cache-Control': 'no-cache', 'ETag': 'W/"499-Ll2m96we4VBZUqlCfjqzit512Qo"', 'Vary': 'Accept-Encoding', 'Content-Encoding': 'gzip', 'CF-Cache-Status': 'DYNAMIC', 'Report-To': '{"endpoints":[{"url":"https:\\/\\/a.nel.cloudflare.com\\/report\\/v4?s=Htxcaq47EdmxMtuW7urkhiiX5LdmWFIGoFBImDMeZuGxRCFH9WcvNcUi2jg6DGP9rNrKjc2lEsyyx%2F%2BgKpzNIB9rfmeZ09fRanAkznU%2Bwi31CYnx1TYUw8sA9CYuYox4"}],"group":"cf-nel","max_age":604800}', 'NEL': '{"success_fraction":0,"report_to":"cf-nel","max_age":604800}', 'Server': 'cloudflare', 'CF-RAY': '867cd3057a6021a3-ORD', 'alt-svc': 'h3=":443"; ma=86400'} 
 body={"results":[{"gender":"female","name":{"title":"Ms","first":"Aino","last":"Seppala"},"location":{"street":{"number":8727,"name":"Fredrikinkatu"},"city":"Vehmaa","state":"Northern Ostrobothnia","country":"Finland","postcode":39704,"coordinates":{"latitude":"-27.4359","longitude":"73.7756"},"timezone":{"offset":"-1:00","description":"Azores, Cape Verde Islands"}},"email":"aino.seppala@example.com","login":{"uuid":"0dc6d1f6-5e8b-462d-bbc7-2449a9623f05","username":"heavycat339","password":"sandiego","salt":"5FRzjZBT","md5":"e88561fff4921d410e9f448b3d38a6c2","sha1":"fe0e7e43cf613a68b1fd28c555892e5d0000a7e3","sha256":"62e222ba50718ba7c1dd8feab75d0eb3a783e75f2f1b999e8e7e095fda37f79b"},"dob":{"date":"1961-01-29T12:20:25.945Z","age":63},"registered":{"date":"2014-06-07T03:27:11.665Z","age":9},"phone":"06-312-903","cell":"049-607-28-04","id":{"name":"HETU","value":"NaNNA082undefined"},"picture":{"large":"https://randomuser.me/api/portraits/women/61.jpg","medium":"https://randomuser.me/api/portraits/med/women/61.jpg","thumbnail":"https://randomuser.me/api/portraits/thumb/women/61.jpg"},"nat":"FI"}],"info":{"seed":"71399bce9a2769a7","results":1,"page":1,"version":"1.4"}} 
 </msg>
<msg time="2024-03-21T09:13:08.795121" level="INFO">/opt/hostedtoolcache/Python/3.12.2/x64/lib/python3.12/site-packages/urllib3/connectionpool.py:1103: InsecureRequestWarning: Unverified HTTPS request is being made to host 'randomuser.me'. Adding certificate verification is strongly advised. See: https://urllib3.readthedocs.io/en/latest/advanced-usage.html#tls-warnings
  warnings.warn(</msg>
<msg time="2024-03-21T09:13:08.795255" level="INFO">${response} = &lt;Response [200]&gt;</msg>
<var>${response}</var>
<arg>consultarAPI</arg>
<arg>/api</arg>
<doc>Sends a GET request on a previously created HTTP Session.</doc>
<status status="PASS" start="2024-03-21T09:13:08.651135" elapsed="0.144165"/>
</kw>
<kw name="Should Be Equal As Numbers" owner="BuiltIn">
<msg time="2024-03-21T09:13:08.796100" level="INFO">Argument types are:
&lt;class 'int'&gt;
&lt;class 'str'&gt;</msg>
<arg>${response.status_code}</arg>
<arg>200</arg>
<doc>Fails if objects are unequal after converting them to real numbers.</doc>
<status status="PASS" start="2024-03-21T09:13:08.795687" elapsed="0.000480"/>
</kw>
<kw name="Log" owner="BuiltIn">
<msg time="2024-03-21T09:13:08.796828" level="INFO">200</msg>
<arg>${response.status_code}</arg>
<doc>Logs the given message with the given level.</doc>
<status status="PASS" start="2024-03-21T09:13:08.796480" elapsed="0.000392"/>
</kw>
<kw name="Set Variable" owner="BuiltIn">
<msg time="2024-03-21T09:13:08.797624" level="INFO">${json_data} = {'results': [{'gender': 'female', 'name': {'title': 'Ms', 'first': 'Aino', 'last': 'Seppala'}, 'location': {'street': {'number': 8727, 'name': 'Fredrikinkatu'}, 'city': 'Vehmaa', 'state': 'Northern Os...</msg>
<var>${json_data}</var>
<arg>${response.json()}</arg>
<doc>Returns the given values which can then be assigned to a variables.</doc>
<status status="PASS" start="2024-03-21T09:13:08.797174" elapsed="0.000478"/>
</kw>
<kw name="Dictionary Should Contain Key" owner="Collections">
<msg time="2024-03-21T09:13:08.798145" level="INFO">False</msg>
<arg>${json_data}</arg>
<arg>results</arg>
<doc>Fails if ``key`` is not found from ``dictionary``.</doc>
<status status="PASS" start="2024-03-21T09:13:08.797979" elapsed="0.000206"/>
</kw>
<status status="PASS" start="2024-03-21T09:13:08.650892" elapsed="0.147569"/>
</kw>
<doc>Testa se a API responde corretamente e retorna um objeto JSON válido.</doc>
<tag>testeRequisicaoBasica</tag>
<status status="PASS" start="2024-03-21T09:13:08.650351" elapsed="0.148288"/>
</test>
<test id="s1-s1-t3" name="Validar estrutura de resposta" line="33">
<kw name="Teste de Estrutura de Resposta">
<kw name="GET On Session" owner="RequestsLibrary">
<msg time="2024-03-21T09:13:08.853806" level="INFO">GET Request : url=https://randomuser.me/api 
 path_url=/api 
 headers={'User-Agent': 'python-requests/2.31.0', 'Accept-Encoding': 'gzip, deflate', 'Accept': '*/*', 'Connection': 'keep-alive'} 
 body=None 
 </msg>
<msg time="2024-03-21T09:13:08.853896" level="INFO">GET Response : url=https://randomuser.me/api 
 status=200, reason=OK 
 headers={'Date': 'Thu, 21 Mar 2024 09:13:08 GMT', 'Content-Type': 'application/json; charset=utf-8', 'Transfer-Encoding': 'chunked', 'Connection': 'keep-alive', 'X-Powered-By': 'Express', 'Access-Control-Allow-Origin': '*', 'Cache-Control': 'no-cache', 'ETag': 'W/"493-tJ5MmkGyWm/SLaQbeSoL/eAht8Q"', 'Vary': 'Accept-Encoding', 'Content-Encoding': 'gzip', 'CF-Cache-Status': 'DYNAMIC', 'Report-To': '{"endpoints":[{"url":"https:\\/\\/a.nel.cloudflare.com\\/report\\/v4?s=AZHU5GdvJbmWmbzGjohhPe%2BLmg9l7aqNdYtfWdVcTTnTIEg3%2BepDX2gp17z%2FoMrkEdZY0zBE4RhSs%2FeamkfWG8yOihhkIJX7onU%2FG6j6MYBTZo1bBYwzmBo0y7asAdbi"}],"group":"cf-nel","max_age":604800}', 'NEL': '{"success_fraction":0,"report_to":"cf-nel","max_age":604800}', 'Server': 'cloudflare', 'CF-RAY': '867cd3060ab321a3-ORD', 'alt-svc': 'h3=":443"; ma=86400'} 
 body={"results":[{"gender":"male","name":{"title":"Mr","first":"Soan","last":"Nicolas"},"location":{"street":{"number":3057,"name":"Rue de L'Abbé-Roger-Derry"},"city":"Dijon","state":"Seine-Maritime","country":"France","postcode":24042,"coordinates":{"latitude":"-20.1828","longitude":"-157.2631"},"timezone":{"offset":"-12:00","description":"Eniwetok, Kwajalein"}},"email":"soan.nicolas@example.com","login":{"uuid":"ec0495d2-75b8-4271-9ed7-0540bdc354a8","username":"tinykoala107","password":"tetsuo","salt":"CtQFiEhw","md5":"17899919defe7198e37cd8a84e58193d","sha1":"e9cffbbcaa581768358f55b95b89d9be71bba435","sha256":"c1f4528d036b0b4599c9fd5597f0a05ae8a9a53a171dcef422649864ba52475a"},"dob":{"date":"1965-01-04T03:05:34.868Z","age":59},"registered":{"date":"2007-09-20T07:47:46.540Z","age":16},"phone":"04-87-13-26-51","cell":"06-33-86-17-84","id":{"name":"INSEE","value":"1650076526392 75"},"picture":{"large":"https://randomuser.me/api/portraits/men/4.jpg","medium":"https://randomuser.me/api/portraits/med/men/4.jpg","thumbnail":"https://randomuser.me/api/portraits/thumb/men/4.jpg"},"nat":"FR"}],"info":{"seed":"7c87c320bc95e209","results":1,"page":1,"version":"1.4"}} 
 </msg>
<msg time="2024-03-21T09:13:08.854008" level="INFO">/opt/hostedtoolcache/Python/3.12.2/x64/lib/python3.12/site-packages/urllib3/connectionpool.py:1103: InsecureRequestWarning: Unverified HTTPS request is being made to host 'randomuser.me'. Adding certificate verification is strongly advised. See: https://urllib3.readthedocs.io/en/latest/advanced-usage.html#tls-warnings
  warnings.warn(</msg>
<msg time="2024-03-21T09:13:08.854120" level="INFO">${response} = &lt;Response [200]&gt;</msg>
<var>${response}</var>
<arg>consultarAPI</arg>
<arg>/api</arg>
<doc>Sends a GET request on a previously created HTTP Session.</doc>
<status status="PASS" start="2024-03-21T09:13:08.801130" elapsed="0.053031"/>
</kw>
<kw name="Set Variable" owner="BuiltIn">
<msg time="2024-03-21T09:13:08.855007" level="INFO">${json_data} = {'results': [{'gender': 'male', 'name': {'title': 'Mr', 'first': 'Soan', 'last': 'Nicolas'}, 'location': {'street': {'number': 3057, 'name': "Rue de L'Abbé-Roger-Derry"}, 'city': 'Dijon', 'state': 'Se...</msg>
<var>${json_data}</var>
<arg>${response.json()}</arg>
<doc>Returns the given values which can then be assigned to a variables.</doc>
<status status="PASS" start="2024-03-21T09:13:08.854539" elapsed="0.000497"/>
</kw>
<kw name="Log" owner="BuiltIn">
<msg time="2024-03-21T09:13:08.855503" level="INFO">{'results': [{'gender': 'male', 'name': {'title': 'Mr', 'first': 'Soan', 'last': 'Nicolas'}, 'location': {'street': {'number': 3057, 'name': "Rue de L'Abbé-Roger-Derry"}, 'city': 'Dijon', 'state': 'Seine-Maritime', 'country': 'France', 'postcode': 24042, 'coordinates': {'latitude': '-20.1828', 'longitude': '-157.2631'}, 'timezone': {'offset': '-12:00', 'description': 'Eniwetok, Kwajalein'}}, 'email': 'soan.nicolas@example.com', 'login': {'uuid': 'ec0495d2-75b8-4271-9ed7-0540bdc354a8', 'username': 'tinykoala107', 'password': 'tetsuo', 'salt': 'CtQFiEhw', 'md5': '17899919defe7198e37cd8a84e58193d', 'sha1': 'e9cffbbcaa581768358f55b95b89d9be71bba435', 'sha256': 'c1f4528d036b0b4599c9fd5597f0a05ae8a9a53a171dcef422649864ba52475a'}, 'dob': {'date': '1965-01-04T03:05:34.868Z', 'age': 59}, 'registered': {'date': '2007-09-20T07:47:46.540Z', 'age': 16}, 'phone': '04-87-13-26-51', 'cell': '06-33-86-17-84', 'id': {'name': 'INSEE', 'value': '1650076526392 75'}, 'picture': {'large': 'https://randomuser.me/api/portraits/men/4.jpg', 'medium': 'https://randomuser.me/api/portraits/med/men/4.jpg', 'thumbnail': 'https://randomuser.me/api/portraits/thumb/men/4.jpg'}, 'nat': 'FR'}], 'info': {'seed': '7c87c320bc95e209', 'results': 1, 'page': 1, 'version': '1.4'}}</msg>
<arg>${json_data}</arg>
<doc>Logs the given message with the given level.</doc>
<status status="PASS" start="2024-03-21T09:13:08.855339" elapsed="0.000215"/>
</kw>
<kw name="Dictionary Should Contain Key" owner="Collections">
<msg time="2024-03-21T09:13:08.856002" level="INFO">False</msg>
<arg>${json_data}</arg>
<arg>results</arg>
<doc>Fails if ``key`` is not found from ``dictionary``.</doc>
<status status="PASS" start="2024-03-21T09:13:08.855848" elapsed="0.000193"/>
</kw>
<kw name="Should Not Be Empty" owner="BuiltIn">
<msg time="2024-03-21T09:13:08.856466" level="INFO">Length is 2.</msg>
<arg>${json_data}</arg>
<doc>Verifies that the given item is not empty.</doc>
<status status="PASS" start="2024-03-21T09:13:08.856329" elapsed="0.000176"/>
</kw>
<kw name="Create List" owner="BuiltIn">
<msg time="2024-03-21T09:13:08.856932" level="INFO">${expected_keys} = ['gender', 'name', 'location', 'email', 'login']</msg>
<var>${expected_keys}</var>
<arg>gender</arg>
<arg>name</arg>
<arg>location</arg>
<arg>email</arg>
<arg>login</arg>
<doc>Returns a list containing given items.</doc>
<status status="PASS" start="2024-03-21T09:13:08.856785" elapsed="0.000171"/>
</kw>
<for flavor="IN">
<iter>
<kw name="Dictionary Should Contain Key" owner="Collections">
<msg time="2024-03-21T09:13:08.857918" level="INFO">False</msg>
<arg>${json_data['results'][0]}</arg>
<arg>${key}</arg>
<doc>Fails if ``key`` is not found from ``dictionary``.</doc>
<status status="PASS" start="2024-03-21T09:13:08.857518" elapsed="0.000440"/>
</kw>
<kw name="Log" owner="BuiltIn">
<msg time="2024-03-21T09:13:08.858664" level="INFO">{'gender': 'male', 'name': {'title': 'Mr', 'first': 'Soan', 'last': 'Nicolas'}, 'location': {'street': {'number': 3057, 'name': "Rue de L'Abbé-Roger-Derry"}, 'city': 'Dijon', 'state': 'Seine-Maritime', 'country': 'France', 'postcode': 24042, 'coordinates': {'latitude': '-20.1828', 'longitude': '-157.2631'}, 'timezone': {'offset': '-12:00', 'description': 'Eniwetok, Kwajalein'}}, 'email': 'soan.nicolas@example.com', 'login': {'uuid': 'ec0495d2-75b8-4271-9ed7-0540bdc354a8', 'username': 'tinykoala107', 'password': 'tetsuo', 'salt': 'CtQFiEhw', 'md5': '17899919defe7198e37cd8a84e58193d', 'sha1': 'e9cffbbcaa581768358f55b95b89d9be71bba435', 'sha256': 'c1f4528d036b0b4599c9fd5597f0a05ae8a9a53a171dcef422649864ba52475a'}, 'dob': {'date': '1965-01-04T03:05:34.868Z', 'age': 59}, 'registered': {'date': '2007-09-20T07:47:46.540Z', 'age': 16}, 'phone': '04-87-13-26-51', 'cell': '06-33-86-17-84', 'id': {'name': 'INSEE', 'value': '1650076526392 75'}, 'picture': {'large': 'https://randomuser.me/api/portraits/men/4.jpg', 'medium': 'https://randomuser.me/api/portraits/med/men/4.jpg', 'thumbnail': 'https://randomuser.me/api/portraits/thumb/men/4.jpg'}, 'nat': 'FR'}</msg>
<arg>${json_data['results'][0]}</arg>
<doc>Logs the given message with the given level.</doc>
<status status="PASS" start="2024-03-21T09:13:08.858255" elapsed="0.000459"/>
</kw>
<kw name="Log" owner="BuiltIn">
<msg time="2024-03-21T09:13:08.859148" level="INFO">gender</msg>
<arg>${key}</arg>
<doc>Logs the given message with the given level.</doc>
<status status="PASS" start="2024-03-21T09:13:08.859018" elapsed="0.000168"/>
</kw>
<var name="${key}">gender</var>
<status status="PASS" start="2024-03-21T09:13:08.857400" elapsed="0.002001"/>
</iter>
<iter>
<kw name="Dictionary Should Contain Key" owner="Collections">
<msg time="2024-03-21T09:13:08.860086" level="INFO">False</msg>
<arg>${json_data['results'][0]}</arg>
<arg>${key}</arg>
<doc>Fails if ``key`` is not found from ``dictionary``.</doc>
<status status="PASS" start="2024-03-21T09:13:08.859695" elapsed="0.000429"/>
</kw>
<kw name="Log" owner="BuiltIn">
<msg time="2024-03-21T09:13:08.860815" level="INFO">{'gender': 'male', 'name': {'title': 'Mr', 'first': 'Soan', 'last': 'Nicolas'}, 'location': {'street': {'number': 3057, 'name': "Rue de L'Abbé-Roger-Derry"}, 'city': 'Dijon', 'state': 'Seine-Maritime', 'country': 'France', 'postcode': 24042, 'coordinates': {'latitude': '-20.1828', 'longitude': '-157.2631'}, 'timezone': {'offset': '-12:00', 'description': 'Eniwetok, Kwajalein'}}, 'email': 'soan.nicolas@example.com', 'login': {'uuid': 'ec0495d2-75b8-4271-9ed7-0540bdc354a8', 'username': 'tinykoala107', 'password': 'tetsuo', 'salt': 'CtQFiEhw', 'md5': '17899919defe7198e37cd8a84e58193d', 'sha1': 'e9cffbbcaa581768358f55b95b89d9be71bba435', 'sha256': 'c1f4528d036b0b4599c9fd5597f0a05ae8a9a53a171dcef422649864ba52475a'}, 'dob': {'date': '1965-01-04T03:05:34.868Z', 'age': 59}, 'registered': {'date': '2007-09-20T07:47:46.540Z', 'age': 16}, 'phone': '04-87-13-26-51', 'cell': '06-33-86-17-84', 'id': {'name': 'INSEE', 'value': '1650076526392 75'}, 'picture': {'large': 'https://randomuser.me/api/portraits/men/4.jpg', 'medium': 'https://randomuser.me/api/portraits/med/men/4.jpg', 'thumbnail': 'https://randomuser.me/api/portraits/thumb/men/4.jpg'}, 'nat': 'FR'}</msg>
<arg>${json_data['results'][0]}</arg>
<doc>Logs the given message with the given level.</doc>
<status status="PASS" start="2024-03-21T09:13:08.860444" elapsed="0.000421"/>
</kw>
<kw name="Log" owner="BuiltIn">
<msg time="2024-03-21T09:13:08.861289" level="INFO">name</msg>
<arg>${key}</arg>
<doc>Logs the given message with the given level.</doc>
<status status="PASS" start="2024-03-21T09:13:08.861161" elapsed="0.000166"/>
</kw>
<var name="${key}">name</var>
<status status="PASS" start="2024-03-21T09:13:08.859588" elapsed="0.001959"/>
</iter>
<iter>
<kw name="Dictionary Should Contain Key" owner="Collections">
<msg time="2024-03-21T09:13:08.862213" level="INFO">False</msg>
<arg>${json_data['results'][0]}</arg>
<arg>${key}</arg>
<doc>Fails if ``key`` is not found from ``dictionary``.</doc>
<status status="PASS" start="2024-03-21T09:13:08.861833" elapsed="0.000523"/>
</kw>
<kw name="Log" owner="BuiltIn">
<msg time="2024-03-21T09:13:08.863066" level="INFO">{'gender': 'male', 'name': {'title': 'Mr', 'first': 'Soan', 'last': 'Nicolas'}, 'location': {'street': {'number': 3057, 'name': "Rue de L'Abbé-Roger-Derry"}, 'city': 'Dijon', 'state': 'Seine-Maritime', 'country': 'France', 'postcode': 24042, 'coordinates': {'latitude': '-20.1828', 'longitude': '-157.2631'}, 'timezone': {'offset': '-12:00', 'description': 'Eniwetok, Kwajalein'}}, 'email': 'soan.nicolas@example.com', 'login': {'uuid': 'ec0495d2-75b8-4271-9ed7-0540bdc354a8', 'username': 'tinykoala107', 'password': 'tetsuo', 'salt': 'CtQFiEhw', 'md5': '17899919defe7198e37cd8a84e58193d', 'sha1': 'e9cffbbcaa581768358f55b95b89d9be71bba435', 'sha256': 'c1f4528d036b0b4599c9fd5597f0a05ae8a9a53a171dcef422649864ba52475a'}, 'dob': {'date': '1965-01-04T03:05:34.868Z', 'age': 59}, 'registered': {'date': '2007-09-20T07:47:46.540Z', 'age': 16}, 'phone': '04-87-13-26-51', 'cell': '06-33-86-17-84', 'id': {'name': 'INSEE', 'value': '1650076526392 75'}, 'picture': {'large': 'https://randomuser.me/api/portraits/men/4.jpg', 'medium': 'https://randomuser.me/api/portraits/med/men/4.jpg', 'thumbnail': 'https://randomuser.me/api/portraits/thumb/men/4.jpg'}, 'nat': 'FR'}</msg>
<arg>${json_data['results'][0]}</arg>
<doc>Logs the given message with the given level.</doc>
<status status="PASS" start="2024-03-21T09:13:08.862689" elapsed="0.000427"/>
</kw>
<kw name="Log" owner="BuiltIn">
<msg time="2024-03-21T09:13:08.863542" level="INFO">location</msg>
<arg>${key}</arg>
<doc>Logs the given message with the given level.</doc>
<status status="PASS" start="2024-03-21T09:13:08.863412" elapsed="0.000169"/>
</kw>
<var name="${key}">location</var>
<status status="PASS" start="2024-03-21T09:13:08.861729" elapsed="0.002071"/>
</iter>
<iter>
<kw name="Dictionary Should Contain Key" owner="Collections">
<msg time="2024-03-21T09:13:08.864458" level="INFO">False</msg>
<arg>${json_data['results'][0]}</arg>
<arg>${key}</arg>
<doc>Fails if ``key`` is not found from ``dictionary``.</doc>
<status status="PASS" start="2024-03-21T09:13:08.864083" elapsed="0.000414"/>
</kw>
<kw name="Log" owner="BuiltIn">
<msg time="2024-03-21T09:13:08.865148" level="INFO">{'gender': 'male', 'name': {'title': 'Mr', 'first': 'Soan', 'last': 'Nicolas'}, 'location': {'street': {'number': 3057, 'name': "Rue de L'Abbé-Roger-Derry"}, 'city': 'Dijon', 'state': 'Seine-Maritime', 'country': 'France', 'postcode': 24042, 'coordinates': {'latitude': '-20.1828', 'longitude': '-157.2631'}, 'timezone': {'offset': '-12:00', 'description': 'Eniwetok, Kwajalein'}}, 'email': 'soan.nicolas@example.com', 'login': {'uuid': 'ec0495d2-75b8-4271-9ed7-0540bdc354a8', 'username': 'tinykoala107', 'password': 'tetsuo', 'salt': 'CtQFiEhw', 'md5': '17899919defe7198e37cd8a84e58193d', 'sha1': 'e9cffbbcaa581768358f55b95b89d9be71bba435', 'sha256': 'c1f4528d036b0b4599c9fd5597f0a05ae8a9a53a171dcef422649864ba52475a'}, 'dob': {'date': '1965-01-04T03:05:34.868Z', 'age': 59}, 'registered': {'date': '2007-09-20T07:47:46.540Z', 'age': 16}, 'phone': '04-87-13-26-51', 'cell': '06-33-86-17-84', 'id': {'name': 'INSEE', 'value': '1650076526392 75'}, 'picture': {'large': 'https://randomuser.me/api/portraits/men/4.jpg', 'medium': 'https://randomuser.me/api/portraits/med/men/4.jpg', 'thumbnail': 'https://randomuser.me/api/portraits/thumb/men/4.jpg'}, 'nat': 'FR'}</msg>
<arg>${json_data['results'][0]}</arg>
<doc>Logs the given message with the given level.</doc>
<status status="PASS" start="2024-03-21T09:13:08.864790" elapsed="0.000407"/>
</kw>
<kw name="Log" owner="BuiltIn">
<msg time="2024-03-21T09:13:08.865616" level="INFO">email</msg>
<arg>${key}</arg>
<doc>Logs the given message with the given level.</doc>
<status status="PASS" start="2024-03-21T09:13:08.865488" elapsed="0.000167"/>
</kw>
<var name="${key}">email</var>
<status status="PASS" start="2024-03-21T09:13:08.863979" elapsed="0.001893"/>
</iter>
<iter>
<kw name="Dictionary Should Contain Key" owner="Collections">
<msg time="2024-03-21T09:13:08.866586" level="INFO">False</msg>
<arg>${json_data['results'][0]}</arg>
<arg>${key}</arg>
<doc>Fails if ``key`` is not found from ``dictionary``.</doc>
<status status="PASS" start="2024-03-21T09:13:08.866180" elapsed="0.000444"/>
</kw>
<kw name="Log" owner="BuiltIn">
<msg time="2024-03-21T09:13:08.867295" level="INFO">{'gender': 'male', 'name': {'title': 'Mr', 'first': 'Soan', 'last': 'Nicolas'}, 'location': {'street': {'number': 3057, 'name': "Rue de L'Abbé-Roger-Derry"}, 'city': 'Dijon', 'state': 'Seine-Maritime', 'country': 'France', 'postcode': 24042, 'coordinates': {'latitude': '-20.1828', 'longitude': '-157.2631'}, 'timezone': {'offset': '-12:00', 'description': 'Eniwetok, Kwajalein'}}, 'email': 'soan.nicolas@example.com', 'login': {'uuid': 'ec0495d2-75b8-4271-9ed7-0540bdc354a8', 'username': 'tinykoala107', 'password': 'tetsuo', 'salt': 'CtQFiEhw', 'md5': '17899919defe7198e37cd8a84e58193d', 'sha1': 'e9cffbbcaa581768358f55b95b89d9be71bba435', 'sha256': 'c1f4528d036b0b4599c9fd5597f0a05ae8a9a53a171dcef422649864ba52475a'}, 'dob': {'date': '1965-01-04T03:05:34.868Z', 'age': 59}, 'registered': {'date': '2007-09-20T07:47:46.540Z', 'age': 16}, 'phone': '04-87-13-26-51', 'cell': '06-33-86-17-84', 'id': {'name': 'INSEE', 'value': '1650076526392 75'}, 'picture': {'large': 'https://randomuser.me/api/portraits/men/4.jpg', 'medium': 'https://randomuser.me/api/portraits/med/men/4.jpg', 'thumbnail': 'https://randomuser.me/api/portraits/thumb/men/4.jpg'}, 'nat': 'FR'}</msg>
<arg>${json_data['results'][0]}</arg>
<doc>Logs the given message with the given level.</doc>
<status status="PASS" start="2024-03-21T09:13:08.866923" elapsed="0.000421"/>
</kw>
<kw name="Log" owner="BuiltIn">
<msg time="2024-03-21T09:13:08.867762" level="INFO">login</msg>
<arg>${key}</arg>
<doc>Logs the given message with the given level.</doc>
<status status="PASS" start="2024-03-21T09:13:08.867635" elapsed="0.000166"/>
</kw>
<var name="${key}">login</var>
<status status="PASS" start="2024-03-21T09:13:08.866056" elapsed="0.001984"/>
</iter>
<var>${key}</var>
<value>@{expected_keys}</value>
<status status="PASS" start="2024-03-21T09:13:08.857212" elapsed="0.010957"/>
</for>
<kw name="Create List" owner="BuiltIn">
<msg time="2024-03-21T09:13:08.868495" level="INFO">${expected_keysTwo} = ['username', 'password']</msg>
<var>${expected_keysTwo}</var>
<arg>username</arg>
<arg>password</arg>
<doc>Returns a list containing given items.</doc>
<status status="PASS" start="2024-03-21T09:13:08.868355" elapsed="0.000164"/>
</kw>
<for flavor="IN">
<iter>
<kw name="Dictionary Should Contain Key" owner="Collections">
<msg time="2024-03-21T09:13:08.869404" level="INFO">False</msg>
<arg>${json_data['results'][0]['login']}</arg>
<arg>${keyTwo}</arg>
<doc>Fails if ``key`` is not found from ``dictionary``.</doc>
<status status="PASS" start="2024-03-21T09:13:08.869016" elapsed="0.000426"/>
</kw>
<kw name="Dictionary Should Contain Key" owner="Collections">
<msg time="2024-03-21T09:13:08.870114" level="INFO">False</msg>
<arg>${json_data['results'][0]['login']}</arg>
<arg>${keyTwo}</arg>
<doc>Fails if ``key`` is not found from ``dictionary``.</doc>
<status status="PASS" start="2024-03-21T09:13:08.869735" elapsed="0.000418"/>
</kw>
<kw name="Log" owner="BuiltIn">
<msg time="2024-03-21T09:13:08.870611" level="INFO">username</msg>
<arg>${keyTwo}</arg>
<doc>Logs the given message with the given level.</doc>
<status status="PASS" start="2024-03-21T09:13:08.870470" elapsed="0.000180"/>
</kw>
<var name="${keyTwo}">username</var>
<status status="PASS" start="2024-03-21T09:13:08.868913" elapsed="0.001961"/>
</iter>
<iter>
<kw name="Dictionary Should Contain Key" owner="Collections">
<msg time="2024-03-21T09:13:08.871541" level="INFO">False</msg>
<arg>${json_data['results'][0]['login']}</arg>
<arg>${keyTwo}</arg>
<doc>Fails if ``key`` is not found from ``dictionary``.</doc>
<status status="PASS" start="2024-03-21T09:13:08.871156" elapsed="0.000423"/>
</kw>
<kw name="Dictionary Should Contain Key" owner="Collections">
<msg time="2024-03-21T09:13:08.872246" level="INFO">False</msg>
<arg>${json_data['results'][0]['login']}</arg>
<arg>${keyTwo}</arg>
<doc>Fails if ``key`` is not found from ``dictionary``.</doc>
<status status="PASS" start="2024-03-21T09:13:08.871865" elapsed="0.000418"/>
</kw>
<kw name="Log" owner="BuiltIn">
<msg time="2024-03-21T09:13:08.872694" level="INFO">password</msg>
<arg>${keyTwo}</arg>
<doc>Logs the given message with the given level.</doc>
<status status="PASS" start="2024-03-21T09:13:08.872567" elapsed="0.000173"/>
</kw>
<var name="${keyTwo}">password</var>
<status status="PASS" start="2024-03-21T09:13:08.871051" elapsed="0.001909"/>
</iter>
<var>${keyTwo}</var>
<value>@{expected_keysTwo}</value>
<status status="PASS" start="2024-03-21T09:13:08.868759" elapsed="0.004323"/>
</for>
<status status="PASS" start="2024-03-21T09:13:08.800908" elapsed="0.072316"/>
</kw>
<doc>Testa a estrutura da resposta da API.</doc>
<tag>testeEstruturaResposta</tag>
<status status="PASS" start="2024-03-21T09:13:08.800448" elapsed="0.072929"/>
</test>
<test id="s1-s1-t4" name="Validar tipos de dados" line="39">
<kw name="Teste de Tipos de Dados">
<kw name="GET On Session" owner="RequestsLibrary">
<msg time="2024-03-21T09:13:08.974229" level="INFO">GET Request : url=https://randomuser.me/api 
 path_url=/api 
 headers={'User-Agent': 'python-requests/2.31.0', 'Accept-Encoding': 'gzip, deflate', 'Accept': '*/*', 'Connection': 'keep-alive'} 
 body=None 
 </msg>
<msg time="2024-03-21T09:13:08.974323" level="INFO">GET Response : url=https://randomuser.me/api 
 status=200, reason=OK 
 headers={'Date': 'Thu, 21 Mar 2024 09:13:08 GMT', 'Content-Type': 'application/json; charset=utf-8', 'Transfer-Encoding': 'chunked', 'Connection': 'keep-alive', 'X-Powered-By': 'Express', 'Access-Control-Allow-Origin': '*', 'Cache-Control': 'no-cache', 'ETag': 'W/"479-EAXiVNx1mizBlG90odcm5DZVVVY"', 'Vary': 'Accept-Encoding', 'Content-Encoding': 'gzip', 'CF-Cache-Status': 'DYNAMIC', 'Report-To': '{"endpoints":[{"url":"https:\\/\\/a.nel.cloudflare.com\\/report\\/v4?s=OIaQwwX4e1hdHDzGsRAawMP7qxsUyjSb26qzA35VHV%2B86L63gWYHhINKrI8o64Jv%2FvfUDvpP1uLdodlBZyx4wt8htEZ%2FOa99ikMgMlh%2Fl8jPrm0F58wS19G8rp3ITj%2BZ"}],"group":"cf-nel","max_age":604800}', 'NEL': '{"success_fraction":0,"report_to":"cf-nel","max_age":604800}', 'Server': 'cloudflare', 'CF-RAY': '867cd3067af121a3-ORD', 'alt-svc': 'h3=":443"; ma=86400'} 
 body={"results":[{"gender":"female","name":{"title":"Miss","first":"Cathriona","last":"Warren"},"location":{"street":{"number":1193,"name":"Albert Road"},"city":"Ennis","state":"Kildare","country":"Ireland","postcode":75141,"coordinates":{"latitude":"2.9463","longitude":"19.0606"},"timezone":{"offset":"+5:45","description":"Kathmandu"}},"email":"cathriona.warren@example.com","login":{"uuid":"3e0b1066-b246-476d-93e8-a31c59de90eb","username":"orangemouse324","password":"truelove","salt":"ksyDz2fn","md5":"ff552de741457ee32268e810bb93c09e","sha1":"e3ef7a41b4ac1cd5cddb9fd1985e0b4958ebe54e","sha256":"960e94d4f55c08008963da5b4ee1e6ea35d4c203205befa05f457a5ae34f4aeb"},"dob":{"date":"1951-05-06T01:17:14.210Z","age":72},"registered":{"date":"2018-07-24T12:42:52.047Z","age":5},"phone":"051-895-0974","cell":"081-634-4542","id":{"name":"PPS","value":"9788400T"},"picture":{"large":"https://randomuser.me/api/portraits/women/33.jpg","medium":"https://randomuser.me/api/portraits/med/women/33.jpg","thumbnail":"https://randomuser.me/api/portraits/thumb/women/33.jpg"},"nat":"IE"}],"info":{"seed":"91084a47dca3d7ab","results":1,"page":1,"version":"1.4"}} 
 </msg>
<msg time="2024-03-21T09:13:08.974424" level="INFO">/opt/hostedtoolcache/Python/3.12.2/x64/lib/python3.12/site-packages/urllib3/connectionpool.py:1103: InsecureRequestWarning: Unverified HTTPS request is being made to host 'randomuser.me'. Adding certificate verification is strongly advised. See: https://urllib3.readthedocs.io/en/latest/advanced-usage.html#tls-warnings
  warnings.warn(</msg>
<msg time="2024-03-21T09:13:08.974562" level="INFO">${response} = &lt;Response [200]&gt;</msg>
<var>${response}</var>
<arg>consultarAPI</arg>
<arg>/api</arg>
<doc>Sends a GET request on a previously created HTTP Session.</doc>
<status status="PASS" start="2024-03-21T09:13:08.875767" elapsed="0.098833"/>
</kw>
<kw name="Set Variable" owner="BuiltIn">
<msg time="2024-03-21T09:13:08.975597" level="INFO">${json_data} = {'results': [{'gender': 'female', 'name': {'title': 'Miss', 'first': 'Cathriona', 'last': 'Warren'}, 'location': {'street': {'number': 1193, 'name': 'Albert Road'}, 'city': 'Ennis', 'state': 'Kildare'...</msg>
<var>${json_data}</var>
<arg>${response.json()}</arg>
<doc>Returns the given values which can then be assigned to a variables.</doc>
<status status="PASS" start="2024-03-21T09:13:08.975068" elapsed="0.000559"/>
</kw>
<kw name="Log" owner="BuiltIn">
<msg time="2024-03-21T09:13:08.976088" level="INFO">{'results': [{'gender': 'female', 'name': {'title': 'Miss', 'first': 'Cathriona', 'last': 'Warren'}, 'location': {'street': {'number': 1193, 'name': 'Albert Road'}, 'city': 'Ennis', 'state': 'Kildare', 'country': 'Ireland', 'postcode': 75141, 'coordinates': {'latitude': '2.9463', 'longitude': '19.0606'}, 'timezone': {'offset': '+5:45', 'description': 'Kathmandu'}}, 'email': 'cathriona.warren@example.com', 'login': {'uuid': '3e0b1066-b246-476d-93e8-a31c59de90eb', 'username': 'orangemouse324', 'password': 'truelove', 'salt': 'ksyDz2fn', 'md5': 'ff552de741457ee32268e810bb93c09e', 'sha1': 'e3ef7a41b4ac1cd5cddb9fd1985e0b4958ebe54e', 'sha256': '960e94d4f55c08008963da5b4ee1e6ea35d4c203205befa05f457a5ae34f4aeb'}, 'dob': {'date': '1951-05-06T01:17:14.210Z', 'age': 72}, 'registered': {'date': '2018-07-24T12:42:52.047Z', 'age': 5}, 'phone': '051-895-0974', 'cell': '081-634-4542', 'id': {'name': 'PPS', 'value': '9788400T'}, 'picture': {'large': 'https://randomuser.me/api/portraits/women/33.jpg', 'medium': 'https://randomuser.me/api/portraits/med/women/33.jpg', 'thumbnail': 'https://randomuser.me/api/portraits/thumb/women/33.jpg'}, 'nat': 'IE'}], 'info': {'seed': '91084a47dca3d7ab', 'results': 1, 'page': 1, 'version': '1.4'}}</msg>
<arg>${json_data}</arg>
<doc>Logs the given message with the given level.</doc>
<status status="PASS" start="2024-03-21T09:13:08.975934" elapsed="0.000240"/>
</kw>
<kw name="Should Be String" owner="String">
<arg>${json_data['results'][0]['gender']}</arg>
<doc>Fails if the given ``item`` is not a string.</doc>
<status status="PASS" start="2024-03-21T09:13:08.976470" elapsed="0.000360"/>
</kw>
<kw name="Should Match Regexp" owner="BuiltIn">
<arg>${json_data['results'][0]['email']}</arg>
<arg>^[a-zA-Z0-9._%+-]+@[a-zA-Z0-9.-]+\.[a-zA-Z]{2,}$</arg>
<doc>Fails if ``string`` does not match ``pattern`` as a regular expression.</doc>
<status status="PASS" start="2024-03-21T09:13:08.977017" elapsed="0.000685"/>
</kw>
<kw name="Should Match Regexp" owner="BuiltIn">
<arg>${json_data['results'][0]['dob']['date']}</arg>
<arg>\\d{4}-\\d{2}-\\d{2}T\\d{2}:\\d{2}:\\d{2}\\.\\d{3}Z</arg>
<doc>Fails if ``string`` does not match ``pattern`` as a regular expression.</doc>
<status status="PASS" start="2024-03-21T09:13:08.977895" elapsed="0.000514"/>
</kw>
<kw name="Should Match Regexp" owner="BuiltIn">
<arg>${json_data['results'][0]['registered']['date']}</arg>
<arg>\\d{4}-\\d{2}-\\d{2}T\\d{2}:\\d{2}:\\d{2}\\.\\d{3}Z</arg>
<doc>Fails if ``string`` does not match ``pattern`` as a regular expression.</doc>
<status status="PASS" start="2024-03-21T09:13:08.978603" elapsed="0.000370"/>
</kw>
<kw name="Should Match Regexp" owner="BuiltIn">
<arg>${json_data['results'][0]['picture']['large']}</arg>
<arg>^https?://.*\.(?:png|jpe?g|gif|bmp)$</arg>
<doc>Fails if ``string`` does not match ``pattern`` as a regular expression.</doc>
<status status="PASS" start="2024-03-21T09:13:08.979157" elapsed="0.000456"/>
</kw>
<kw name="Should Match Regexp" owner="BuiltIn">
<arg>${json_data['results'][0]['picture']['medium']}</arg>
<arg>^https?://.*\.(?:png|jpe?g|gif|bmp)$</arg>
<doc>Fails if ``string`` does not match ``pattern`` as a regular expression.</doc>
<status status="PASS" start="2024-03-21T09:13:08.979793" elapsed="0.000351"/>
</kw>
<kw name="Should Match Regexp" owner="BuiltIn">
<arg>${json_data['results'][0]['picture']['thumbnail']}</arg>
<arg>^https?://.*\.(?:png|jpe?g|gif|bmp)$</arg>
<doc>Fails if ``string`` does not match ``pattern`` as a regular expression.</doc>
<status status="PASS" start="2024-03-21T09:13:08.980321" elapsed="0.000346"/>
</kw>
<kw name="Log" owner="BuiltIn">
<msg time="2024-03-21T09:13:08.981171" level="INFO">{'large': 'https://randomuser.me/api/portraits/women/33.jpg', 'medium': 'https://randomuser.me/api/portraits/med/women/33.jpg', 'thumbnail': 'https://randomuser.me/api/portraits/thumb/women/33.jpg'}</msg>
<arg>${json_data['results'][0]['picture']}</arg>
<doc>Logs the given message with the given level.</doc>
<status status="PASS" start="2024-03-21T09:13:08.980841" elapsed="0.000371"/>
</kw>
<status status="PASS" start="2024-03-21T09:13:08.875555" elapsed="0.105917"/>
</kw>
<kw name="Teste de Tipos de Dados - Postcode">
<kw name="GET On Session" owner="RequestsLibrary">
<msg time="2024-03-21T09:13:09.069712" level="INFO">GET Request : url=https://randomuser.me/api 
 path_url=/api 
 headers={'User-Agent': 'python-requests/2.31.0', 'Accept-Encoding': 'gzip, deflate', 'Accept': '*/*', 'Connection': 'keep-alive'} 
 body=None 
 </msg>
<msg time="2024-03-21T09:13:09.069801" level="INFO">GET Response : url=https://randomuser.me/api 
 status=200, reason=OK 
 headers={'Date': 'Thu, 21 Mar 2024 09:13:09 GMT', 'Content-Type': 'application/json; charset=utf-8', 'Transfer-Encoding': 'chunked', 'Connection': 'keep-alive', 'X-Powered-By': 'Express', 'Access-Control-Allow-Origin': '*', 'Cache-Control': 'no-cache', 'ETag': 'W/"48d-DGA9LATMwFIJYSoKegSiEhpdvFI"', 'Vary': 'Accept-Encoding', 'Content-Encoding': 'gzip', 'CF-Cache-Status': 'DYNAMIC', 'Report-To': '{"endpoints":[{"url":"https:\\/\\/a.nel.cloudflare.com\\/report\\/v4?s=yAkhl%2FyJW2MloHHuJYYZVMw4CLbcYdbegb2F3gFOk4SsWl5kZCeCpd%2FSjIN4zAv%2B4vB8vu8yZdlZfbSlqgRXM1MvasTuZfT4x2yQi%2BdtqJjnWVuRLfOy8IL%2B5yY4MkZN"}],"group":"cf-nel","max_age":604800}', 'NEL': '{"success_fraction":0,"report_to":"cf-nel","max_age":604800}', 'Server': 'cloudflare', 'CF-RAY': '867cd3072b5a21a3-ORD', 'alt-svc': 'h3=":443"; ma=86400'} 
 body={"results":[{"gender":"male","name":{"title":"Mr","first":"Jeppe","last":"Petersen"},"location":{"street":{"number":5725,"name":"Skibhusvej"},"city":"Vipperød","state":"Midtjylland","country":"Denmark","postcode":35109,"coordinates":{"latitude":"-46.7499","longitude":"-122.5445"},"timezone":{"offset":"+1:00","description":"Brussels, Copenhagen, Madrid, Paris"}},"email":"jeppe.petersen@example.com","login":{"uuid":"6c79bf74-f020-4436-861e-fffe79d92258","username":"beautifulwolf977","password":"grateful","salt":"8clbqoAq","md5":"a3c4c7f7c929f1dfbcf395fcfa73db0d","sha1":"63a9bffec99faece354ba9d8d65aad8d63e200dc","sha256":"e6caa53c01043a221036e896abccf28cacf5fb15ee36e496ed325432abd96a78"},"dob":{"date":"1998-07-18T16:28:49.012Z","age":25},"registered":{"date":"2022-05-06T13:44:12.637Z","age":1},"phone":"46851135","cell":"97946253","id":{"name":"CPR","value":"180798-9009"},"picture":{"large":"https://randomuser.me/api/portraits/men/90.jpg","medium":"https://randomuser.me/api/portraits/med/men/90.jpg","thumbnail":"https://randomuser.me/api/portraits/thumb/men/90.jpg"},"nat":"DK"}],"info":{"seed":"ecc9be7af0b88f87","results":1,"page":1,"version":"1.4"}} 
 </msg>
<msg time="2024-03-21T09:13:09.069878" level="INFO">/opt/hostedtoolcache/Python/3.12.2/x64/lib/python3.12/site-packages/urllib3/connectionpool.py:1103: InsecureRequestWarning: Unverified HTTPS request is being made to host 'randomuser.me'. Adding certificate verification is strongly advised. See: https://urllib3.readthedocs.io/en/latest/advanced-usage.html#tls-warnings
  warnings.warn(</msg>
<msg time="2024-03-21T09:13:09.070011" level="INFO">${response} = &lt;Response [200]&gt;</msg>
<var>${response}</var>
<arg>consultarAPI</arg>
<arg>/api</arg>
<doc>Sends a GET request on a previously created HTTP Session.</doc>
<status status="PASS" start="2024-03-21T09:13:08.981912" elapsed="0.088152"/>
</kw>
<kw name="Set Variable" owner="BuiltIn">
<msg time="2024-03-21T09:13:09.070965" level="INFO">${json_data} = {'results': [{'gender': 'male', 'name': {'title': 'Mr', 'first': 'Jeppe', 'last': 'Petersen'}, 'location': {'street': {'number': 5725, 'name': 'Skibhusvej'}, 'city': 'Vipperød', 'state': 'Midtjylland'...</msg>
<var>${json_data}</var>
<arg>${response.json()}</arg>
<doc>Returns the given values which can then be assigned to a variables.</doc>
<status status="PASS" start="2024-03-21T09:13:09.070499" elapsed="0.000496"/>
</kw>
<kw name="Log" owner="BuiltIn">
<msg time="2024-03-21T09:13:09.071445" level="INFO">{'results': [{'gender': 'male', 'name': {'title': 'Mr', 'first': 'Jeppe', 'last': 'Petersen'}, 'location': {'street': {'number': 5725, 'name': 'Skibhusvej'}, 'city': 'Vipperød', 'state': 'Midtjylland', 'country': 'Denmark', 'postcode': 35109, 'coordinates': {'latitude': '-46.7499', 'longitude': '-122.5445'}, 'timezone': {'offset': '+1:00', 'description': 'Brussels, Copenhagen, Madrid, Paris'}}, 'email': 'jeppe.petersen@example.com', 'login': {'uuid': '6c79bf74-f020-4436-861e-fffe79d92258', 'username': 'beautifulwolf977', 'password': 'grateful', 'salt': '8clbqoAq', 'md5': 'a3c4c7f7c929f1dfbcf395fcfa73db0d', 'sha1': '63a9bffec99faece354ba9d8d65aad8d63e200dc', 'sha256': 'e6caa53c01043a221036e896abccf28cacf5fb15ee36e496ed325432abd96a78'}, 'dob': {'date': '1998-07-18T16:28:49.012Z', 'age': 25}, 'registered': {'date': '2022-05-06T13:44:12.637Z', 'age': 1}, 'phone': '46851135', 'cell': '97946253', 'id': {'name': 'CPR', 'value': '180798-9009'}, 'picture': {'large': 'https://randomuser.me/api/portraits/men/90.jpg', 'medium': 'https://randomuser.me/api/portraits/med/men/90.jpg', 'thumbnail': 'https://randomuser.me/api/portraits/thumb/men/90.jpg'}, 'nat': 'DK'}], 'info': {'seed': 'ecc9be7af0b88f87', 'results': 1, 'page': 1, 'version': '1.4'}}</msg>
<arg>${json_data}</arg>
<doc>Logs the given message with the given level.</doc>
<status status="PASS" start="2024-03-21T09:13:09.071290" elapsed="0.000236"/>
</kw>
<kw name="Should Be Equal As Numbers" owner="BuiltIn">
<arg>${json_data['results'][0]['location']['postcode']}</arg>
<arg>${json_data['results'][0]['location']['postcode']}</arg>
<doc>Fails if objects are unequal after converting them to real numbers.</doc>
<status status="PASS" start="2024-03-21T09:13:09.071821" elapsed="0.000620"/>
</kw>
<kw name="Log" owner="BuiltIn">
<msg time="2024-03-21T09:13:09.072966" level="INFO">35109</msg>
<arg>${json_data['results'][0]['location']['postcode']}</arg>
<doc>Logs the given message with the given level.</doc>
<status status="PASS" start="2024-03-21T09:13:09.072633" elapsed="0.000373"/>
</kw>
<status status="PASS" start="2024-03-21T09:13:08.981693" elapsed="0.091568"/>
</kw>
<doc>Testa se os tipos de dados na resposta da API estão corretos.</doc>
<tag>testeTiposDados</tag>
<status status="PASS" start="2024-03-21T09:13:08.875122" elapsed="0.198308"/>
</test>
<test id="s1-s1-t5" name="Validar conteudo" line="46">
<kw name="Teste de Tipos de Conteudo">
<kw name="GET On Session" owner="RequestsLibrary">
<msg time="2024-03-21T09:13:09.160528" level="INFO">GET Request : url=https://randomuser.me/api 
 path_url=/api 
 headers={'User-Agent': 'python-requests/2.31.0', 'Accept-Encoding': 'gzip, deflate', 'Accept': '*/*', 'Connection': 'keep-alive'} 
 body=None 
 </msg>
<msg time="2024-03-21T09:13:09.160595" level="INFO">GET Response : url=https://randomuser.me/api 
 status=200, reason=OK 
 headers={'Date': 'Thu, 21 Mar 2024 09:13:09 GMT', 'Content-Type': 'application/json; charset=utf-8', 'Transfer-Encoding': 'chunked', 'Connection': 'keep-alive', 'X-Powered-By': 'Express', 'Access-Control-Allow-Origin': '*', 'Cache-Control': 'no-cache', 'ETag': 'W/"4a3-v1CUaatPatZbjopPuaEWiRLDt3Q"', 'Vary': 'Accept-Encoding', 'Content-Encoding': 'gzip', 'CF-Cache-Status': 'DYNAMIC', 'Report-To': '{"endpoints":[{"url":"https:\\/\\/a.nel.cloudflare.com\\/report\\/v4?s=8v9RfGU85zeUzCO671qNN%2BXbeIdpY2xb9HuSJQF3ZqgaHstY7LN8W4nLy%2B1jdBH1IDW7JNzZswbIi1cmKsu7CWAEA91bzuY3Bl3K5%2BsHb9lcOOPG5ryC8X0BO7jjJ2Vs"}],"group":"cf-nel","max_age":604800}', 'NEL': '{"success_fraction":0,"report_to":"cf-nel","max_age":604800}', 'Server': 'cloudflare', 'CF-RAY': '867cd307bbc321a3-ORD', 'alt-svc': 'h3=":443"; ma=86400'} 
 body={"results":[{"gender":"female","name":{"title":"Miss","first":"Arcelia","last":"Barrios"},"location":{"street":{"number":5956,"name":"Viaducto Tirado"},"city":"Huasabas","state":"Nayarit","country":"Mexico","postcode":82418,"coordinates":{"latitude":"22.8874","longitude":"42.4407"},"timezone":{"offset":"+11:00","description":"Magadan, Solomon Islands, New Caledonia"}},"email":"arcelia.barrios@example.com","login":{"uuid":"211f9f58-c7fd-48ff-ad52-d7ed899310a3","username":"bigsnake494","password":"duckie","salt":"C02H97xY","md5":"f34a3293b40738a227c7efa183f58c2e","sha1":"47cc26fb8e9cb25fb7f3480b620146428aebb1ad","sha256":"0c4ad00207aeb6901cf525fff2dd7f36499b5909a23c382cee561f50f075f5c8"},"dob":{"date":"1996-03-03T10:40:54.977Z","age":28},"registered":{"date":"2018-12-25T14:02:26.096Z","age":5},"phone":"(666) 110 6211","cell":"(626) 623 4462","id":{"name":"NSS","value":"38 20 61 1662 4"},"picture":{"large":"https://randomuser.me/api/portraits/women/53.jpg","medium":"https://randomuser.me/api/portraits/med/women/53.jpg","thumbnail":"https://randomuser.me/api/portraits/thumb/women/53.jpg"},"nat":"MX"}],"info":{"seed":"280b0c0be4448e3b","results":1,"page":1,"version":"1.4"}} 
 </msg>
<msg time="2024-03-21T09:13:09.160649" level="INFO">/opt/hostedtoolcache/Python/3.12.2/x64/lib/python3.12/site-packages/urllib3/connectionpool.py:1103: InsecureRequestWarning: Unverified HTTPS request is being made to host 'randomuser.me'. Adding certificate verification is strongly advised. See: https://urllib3.readthedocs.io/en/latest/advanced-usage.html#tls-warnings
  warnings.warn(</msg>
<msg time="2024-03-21T09:13:09.160753" level="INFO">${response} = &lt;Response [200]&gt;</msg>
<var>${response}</var>
<arg>consultarAPI</arg>
<arg>/api</arg>
<doc>Sends a GET request on a previously created HTTP Session.</doc>
<status status="PASS" start="2024-03-21T09:13:09.075835" elapsed="0.084961"/>
</kw>
<kw name="Set Variable" owner="BuiltIn">
<msg time="2024-03-21T09:13:09.161567" level="INFO">${json_data} = {'results': [{'gender': 'female', 'name': {'title': 'Miss', 'first': 'Arcelia', 'last': 'Barrios'}, 'location': {'street': {'number': 5956, 'name': 'Viaducto Tirado'}, 'city': 'Huasabas', 'state': 'Na...</msg>
<var>${json_data}</var>
<arg>${response.json()}</arg>
<doc>Returns the given values which can then be assigned to a variables.</doc>
<status status="PASS" start="2024-03-21T09:13:09.161131" elapsed="0.000463"/>
</kw>
<kw name="Set Variable" owner="BuiltIn">
<msg time="2024-03-21T09:13:09.162272" level="INFO">${name_title} = Miss</msg>
<var>${name_title}</var>
<arg>${json_data["results"][0]["name"]["title"]}</arg>
<doc>Returns the given values which can then be assigned to a variables.</doc>
<status status="PASS" start="2024-03-21T09:13:09.161889" elapsed="0.000408"/>
</kw>
<kw name="Create List" owner="BuiltIn">
<msg time="2024-03-21T09:13:09.162777" level="INFO">${allowed_titles} = ['Mr', 'Ms', 'Miss', 'Mrs', 'Madame', 'Monsieur']</msg>
<var>${allowed_titles}</var>
<arg>Mr</arg>
<arg>Ms</arg>
<arg>Miss</arg>
<arg>Mrs</arg>
<arg>Madame</arg>
<arg>Monsieur</arg>
<doc>Returns a list containing given items.</doc>
<status status="PASS" start="2024-03-21T09:13:09.162627" elapsed="0.000175"/>
</kw>
<kw name="List Should Contain Value" owner="Collections">
<msg time="2024-03-21T09:13:09.163280" level="INFO">False</msg>
<arg>${allowed_titles}</arg>
<arg>${name_title}</arg>
<doc>Fails if the ``value`` is not found from ``list``.</doc>
<status status="PASS" start="2024-03-21T09:13:09.163110" elapsed="0.000207"/>
</kw>
<kw name="Set Variable" owner="BuiltIn">
<msg time="2024-03-21T09:13:09.163982" level="INFO">${name_country} = MX</msg>
<var>${name_country}</var>
<arg>${json_data["results"][0]["nat"]}</arg>
<doc>Returns the given values which can then be assigned to a variables.</doc>
<status status="PASS" start="2024-03-21T09:13:09.163608" elapsed="0.000399"/>
</kw>
<kw name="Create List" owner="BuiltIn">
<msg time="2024-03-21T09:13:09.164902" level="INFO">${list_country} = ['AD', 'AE', 'AF', 'AG', 'AI', 'AL', 'AM', 'AO', 'AQ', 'AR', 'AS', 'AT', 'AU', 'AW', 'AX', 'AZ', 'BA', 'BB', 'BD', 'BE', 'BF', 'BG', 'BH', 'BI', 'BJ', 'BL', 'BM', 'BN', 'BO', 'BQ', 'BR', 'BS', 'BT', '...</msg>
<var>${list_country}</var>
<arg>AD</arg>
<arg>AE</arg>
<arg>AF</arg>
<arg>AG</arg>
<arg>AI</arg>
<arg>AL</arg>
<arg>AM</arg>
<arg>AO</arg>
<arg>AQ</arg>
<arg>AR</arg>
<arg>AS</arg>
<arg>AT</arg>
<arg>AU</arg>
<arg>AW</arg>
<arg>AX</arg>
<arg>AZ</arg>
<arg>BA</arg>
<arg>BB</arg>
<arg>BD</arg>
<arg>BE</arg>
<arg>BF</arg>
<arg>BG</arg>
<arg>BH</arg>
<arg>BI</arg>
<arg>BJ</arg>
<arg>BL</arg>
<arg>BM</arg>
<arg>BN</arg>
<arg>BO</arg>
<arg>BQ</arg>
<arg>BR</arg>
<arg>BS</arg>
<arg>BT</arg>
<arg>BV</arg>
<arg>BW</arg>
<arg>BY</arg>
<arg>BZ</arg>
<arg>CA</arg>
<arg>CC</arg>
<arg>CD</arg>
<arg>CF</arg>
<arg>CG</arg>
<arg>CH</arg>
<arg>CI</arg>
<arg>CK</arg>
<arg>CL</arg>
<arg>CM</arg>
<arg>CN</arg>
<arg>CO</arg>
<arg>CR</arg>
<arg>CU</arg>
<arg>CV</arg>
<arg>CW</arg>
<arg>CX</arg>
<arg>CY</arg>
<arg>CZ</arg>
<arg>DE</arg>
<arg>DJ</arg>
<arg>DK</arg>
<arg>DM</arg>
<arg>DO</arg>
<arg>DZ</arg>
<arg>EC</arg>
<arg>EE</arg>
<arg>EG</arg>
<arg>EH</arg>
<arg>ER</arg>
<arg>ES</arg>
<arg>ET</arg>
<arg>FI</arg>
<arg>FJ</arg>
<arg>FK</arg>
<arg>FM</arg>
<arg>FO</arg>
<arg>FR</arg>
<arg>GA</arg>
<arg>GB</arg>
<arg>GD</arg>
<arg>GE</arg>
<arg>GF</arg>
<arg>GG</arg>
<arg>GH</arg>
<arg>GI</arg>
<arg>GL</arg>
<arg>GM</arg>
<arg>GN</arg>
<arg>GP</arg>
<arg>GQ</arg>
<arg>GR</arg>
<arg>GS</arg>
<arg>GT</arg>
<arg>GU</arg>
<arg>GW</arg>
<arg>GY</arg>
<arg>HK</arg>
<arg>HM</arg>
<arg>HN</arg>
<arg>HR</arg>
<arg>HT</arg>
<arg>HU</arg>
<arg>ID</arg>
<arg>IE</arg>
<arg>IL</arg>
<arg>IM</arg>
<arg>IN</arg>
<arg>IO</arg>
<arg>IQ</arg>
<arg>IR</arg>
<arg>IS</arg>
<arg>IT</arg>
<arg>JE</arg>
<arg>JM</arg>
<arg>JO</arg>
<arg>JP</arg>
<arg>KE</arg>
<arg>KG</arg>
<arg>KH</arg>
<arg>KI</arg>
<arg>KM</arg>
<arg>KN</arg>
<arg>KP</arg>
<arg>KR</arg>
<arg>KW</arg>
<arg>KY</arg>
<arg>KZ</arg>
<arg>LA</arg>
<arg>LB</arg>
<arg>LC</arg>
<arg>LI</arg>
<arg>LK</arg>
<arg>LR</arg>
<arg>LS</arg>
<arg>LT</arg>
<arg>LU</arg>
<arg>LV</arg>
<arg>LY</arg>
<arg>MA</arg>
<arg>MC</arg>
<arg>MD</arg>
<arg>ME</arg>
<arg>MF</arg>
<arg>MG</arg>
<arg>MH</arg>
<arg>MK</arg>
<arg>ML</arg>
<arg>MM</arg>
<arg>MN</arg>
<arg>MO</arg>
<arg>MP</arg>
<arg>MQ</arg>
<arg>MR</arg>
<arg>MS</arg>
<arg>MT</arg>
<arg>MU</arg>
<arg>MV</arg>
<arg>MW</arg>
<arg>MX</arg>
<arg>MY</arg>
<arg>MZ</arg>
<arg>NA</arg>
<arg>NC</arg>
<arg>NE</arg>
<arg>NF</arg>
<arg>NG</arg>
<arg>NI</arg>
<arg>NL</arg>
<arg>NO</arg>
<arg>NP</arg>
<arg>NR</arg>
<arg>NU</arg>
<arg>NZ</arg>
<arg>OM</arg>
<arg>PA</arg>
<arg>PE</arg>
<arg>PF</arg>
<arg>PG</arg>
<arg>PH</arg>
<arg>PK</arg>
<arg>PL</arg>
<arg>PM</arg>
<arg>PN</arg>
<arg>PR</arg>
<arg>PS</arg>
<arg>PT</arg>
<arg>PW</arg>
<arg>PY</arg>
<arg>QA</arg>
<arg>RE</arg>
<arg>RO</arg>
<arg>RS</arg>
<arg>RU</arg>
<arg>RW</arg>
<arg>SA</arg>
<arg>SB</arg>
<arg>SC</arg>
<arg>SD</arg>
<arg>SE</arg>
<arg>SG</arg>
<arg>SH</arg>
<arg>SI</arg>
<arg>SJ</arg>
<arg>SK</arg>
<arg>SL</arg>
<arg>SM</arg>
<arg>SN</arg>
<arg>SO</arg>
<arg>SR</arg>
<arg>SS</arg>
<arg>ST</arg>
<arg>SV</arg>
<arg>SX</arg>
<arg>SY</arg>
<arg>SZ</arg>
<arg>TC</arg>
<arg>TD</arg>
<arg>TF</arg>
<arg>TG</arg>
<arg>TH</arg>
<arg>TJ</arg>
<arg>TK</arg>
<arg>TL</arg>
<arg>TM</arg>
<arg>TN</arg>
<arg>TO</arg>
<arg>TR</arg>
<arg>TT</arg>
<arg>TV</arg>
<arg>TW</arg>
<arg>TZ</arg>
<arg>UA</arg>
<arg>UG</arg>
<arg>UM</arg>
<arg>US</arg>
<arg>UY</arg>
<arg>UZ</arg>
<arg>VA</arg>
<arg>VC</arg>
<arg>VE</arg>
<arg>VG</arg>
<arg>VI</arg>
<arg>VN</arg>
<arg>VU</arg>
<arg>WF</arg>
<arg>WS</arg>
<arg>XK</arg>
<arg>YE</arg>
<arg>YT</arg>
<arg>ZA</arg>
<arg>ZM</arg>
<arg>ZW</arg>
<doc>Returns a list containing given items.</doc>
<status status="PASS" start="2024-03-21T09:13:09.164299" elapsed="0.000630"/>
</kw>
<kw name="List Should Contain Value" owner="Collections">
<msg time="2024-03-21T09:13:09.166062" level="INFO">False</msg>
<arg>${list_country}</arg>
<arg>${name_country}</arg>
<doc>Fails if the ``value`` is not found from ``list``.</doc>
<status status="PASS" start="2024-03-21T09:13:09.165853" elapsed="0.000247"/>
</kw>
<kw name="Run Keyword If" owner="BuiltIn">
<kw name="Should Be True" owner="BuiltIn">
<arg>${True}</arg>
<doc>Fails if the given condition is not true.</doc>
<status status="PASS" start="2024-03-21T09:13:09.167159" elapsed="0.000146"/>
</kw>
<arg>${json_data["results"][0]["location"]["coordinates"]["latitude"]} &gt;= -90 and ${json_data["results"][0]["location"]["coordinates"]["latitude"]} &lt;= 90</arg>
<arg>Should Be True</arg>
<arg>${True}</arg>
<doc>Runs the given keyword with the given arguments, if ``condition`` is true.</doc>
<status status="PASS" start="2024-03-21T09:13:09.166427" elapsed="0.001004"/>
</kw>
<kw name="Run Keyword If" owner="BuiltIn">
<kw name="Should Be True" owner="BuiltIn">
<arg>${True}</arg>
<doc>Fails if the given condition is not true.</doc>
<status status="PASS" start="2024-03-21T09:13:09.168302" elapsed="0.000140"/>
</kw>
<arg>${json_data["results"][0]["location"]["coordinates"]["longitude"]} &gt;= -180 and ${json_data["results"][0]["location"]["coordinates"]["longitude"]} &lt;= 180</arg>
<arg>Should Be True</arg>
<arg>${True}</arg>
<doc>Runs the given keyword with the given arguments, if ``condition`` is true.</doc>
<status status="PASS" start="2024-03-21T09:13:09.167608" elapsed="0.000960"/>
</kw>
<status status="PASS" start="2024-03-21T09:13:09.075614" elapsed="0.093081"/>
</kw>
<doc>Testa o conteúdo específico dos campos retornados pela API.</doc>
<tag>testeConteudo</tag>
<status status="PASS" start="2024-03-21T09:13:09.075193" elapsed="0.093648"/>
</test>
<status status="PASS" start="2024-03-21T09:13:08.380008" elapsed="0.790749"/>
</suite>
<status status="PASS" start="2024-03-21T09:13:08.365392" elapsed="0.810579"/>
</suite>
<statistics>
<total>
<stat pass="5" fail="0" skip="0">All Tests</stat>
</total>
<tag>
<stat pass="1" fail="0" skip="0">testeConteudo</stat>
<stat pass="1" fail="0" skip="0">testeEstruturaResposta</stat>
<stat pass="1" fail="0" skip="0">testeRequisicaoBasica</stat>
<stat pass="1" fail="0" skip="0">testeTiposDados</stat>
</tag>
<suite>
<stat pass="5" fail="0" skip="0" id="s1" name="Tests">Tests</stat>
<stat pass="5" fail="0" skip="0" id="s1-s1" name="Random-User-Test">Tests.Random-User-Test</stat>
</suite>
</statistics>
<errors>
</errors>
</robot>
