<?xml version="1.0" encoding="UTF-8"?>
<robot generator="Robot 7.0.1 (Python 3.12.4 on linux)" generated="2024-06-20T01:04:24.869347" rpa="false" schemaversion="5">
<suite id="s1" name="Tests" source="/home/runner/work/ApiRandomUser/ApiRandomUser/RamdonUser/tests">
<suite id="s1-s1" name="Random-User-Test" source="/home/runner/work/ApiRandomUser/ApiRandomUser/RamdonUser/tests/random-user-test.robot">
<test id="s1-s1-t1" name="Conectar" line="13">
<kw name="Conectar API" owner="random-user-service">
<kw name="Create Session" owner="RequestsLibrary">
<msg time="2024-06-20T01:04:25.277211" level="INFO">Creating Session using : alias=consultarAPI, url=https://randomuser.me/, headers={},                     cookies={}, auth=None, timeout=None, proxies=None, verify=False,                     debug=0 </msg>
<arg>consultarAPI</arg>
<arg>${URL}</arg>
<doc>Create Session: create a HTTP session to a server</doc>
<status status="PASS" start="2024-06-20T01:04:25.277009" elapsed="0.000378"/>
</kw>
<status status="PASS" start="2024-06-20T01:04:25.276032" elapsed="0.001725"/>
</kw>
<status status="PASS" start="2024-06-20T01:04:25.275486" elapsed="0.002539"/>
</test>
<test id="s1-s1-t2" name="Validar retorno 200 e JSON Válido" line="16">
<kw name="Teste de Requisicao Basica" owner="random-user-service">
<kw name="GET On Session" owner="RequestsLibrary">
<msg time="2024-06-20T01:04:25.624639" level="INFO">GET Request : url=https://randomuser.me/api 
 path_url=/api 
 headers={'User-Agent': 'python-requests/2.32.3', 'Accept-Encoding': 'gzip, deflate', 'Accept': '*/*', 'Connection': 'keep-alive'} 
 body=None 
 </msg>
<msg time="2024-06-20T01:04:25.624796" level="INFO">GET Response : url=https://randomuser.me/api 
 status=200, reason=OK 
 headers={'Date': 'Thu, 20 Jun 2024 01:04:25 GMT', 'Content-Type': 'application/json; charset=utf-8', 'Transfer-Encoding': 'chunked', 'Connection': 'keep-alive', 'X-Powered-By': 'Express', 'Access-Control-Allow-Origin': '*', 'Cache-Control': 'no-cache', 'ETag': 'W/"4ae-+d08XTy3+R5l4bturzDHdXZSvHI"', 'Vary': 'Accept-Encoding', 'Content-Encoding': 'gzip', 'CF-Cache-Status': 'DYNAMIC', 'Report-To': '{"endpoints":[{"url":"https:\\/\\/a.nel.cloudflare.com\\/report\\/v4?s=Vuj3st3fmZMGuaF4fu2DvkMg3vR2T5xWl9mAwJmtQCi1tUhgBNpFws751tapsRBR0%2B0xNHM1L8Dc4ONSSgUmzChgACErkoel7v8YzbYCtihaoy4ivbYibryy8ltIN3ic"}],"group":"cf-nel","max_age":604800}', 'NEL': '{"success_fraction":0,"report_to":"cf-nel","max_age":604800}', 'Server': 'cloudflare', 'CF-RAY': '8967d83eeb6757a8-IAD', 'alt-svc': 'h3=":443"; ma=86400'} 
 body={"results":[{"gender":"female","name":{"title":"Mademoiselle","first":"Elfriede","last":"Meyer"},"location":{"street":{"number":7529,"name":"Rue Bataille"},"city":"Montet (Glâne)","state":"Glarus","country":"Switzerland","postcode":4271,"coordinates":{"latitude":"-63.5898","longitude":"134.4874"},"timezone":{"offset":"+9:00","description":"Tokyo, Seoul, Osaka, Sapporo, Yakutsk"}},"email":"elfriede.meyer@example.com","login":{"uuid":"4a3ec695-4f18-4cf9-9f84-332dc65c9571","username":"crazydog274","password":"lakers","salt":"0eFV7I10","md5":"6e78dd922964f3bfc531c3b59cbf8a40","sha1":"ce8cf5d7546ee2889a99a1156b1ab3258555b36a","sha256":"f6ceb770b4d4e89321e05fc4283f14c794abf7790ae1332a3aec408cc91f1ac3"},"dob":{"date":"1955-01-10T03:22:01.973Z","age":69},"registered":{"date":"2018-09-17T14:41:50.946Z","age":5},"phone":"078 634 00 72","cell":"079 187 60 53","id":{"name":"AVS","value":"756.2649.9490.33"},"picture":{"large":"https://randomuser.me/api/portraits/women/74.jpg","medium":"https://randomuser.me/api/portraits/med/women/74.jpg","thumbnail":"https://randomuser.me/api/portraits/thumb/women/74.jpg"},"nat":"CH"}],"info":{"seed":"7d7707425795e9d4","results":1,"page":1,"version":"1.4"}} 
 </msg>
<msg time="2024-06-20T01:04:25.624880" level="INFO">/opt/hostedtoolcache/Python/3.12.4/x64/lib/python3.12/site-packages/urllib3/connectionpool.py:1099: InsecureRequestWarning: Unverified HTTPS request is being made to host 'randomuser.me'. Adding certificate verification is strongly advised. See: https://urllib3.readthedocs.io/en/latest/advanced-usage.html#tls-warnings
  warnings.warn(</msg>
<msg time="2024-06-20T01:04:25.625047" level="INFO">${response} = &lt;Response [200]&gt;</msg>
<var>${response}</var>
<arg>consultarAPI</arg>
<arg>/api</arg>
<doc>Sends a GET request on a previously created HTTP Session.</doc>
<status status="PASS" start="2024-06-20T01:04:25.282330" elapsed="0.342762"/>
</kw>
<kw name="Should Be Equal As Numbers" owner="BuiltIn">
<msg time="2024-06-20T01:04:25.626101" level="INFO">Argument types are:
&lt;class 'int'&gt;
&lt;class 'str'&gt;</msg>
<arg>${response.status_code}</arg>
<arg>200</arg>
<doc>Fails if objects are unequal after converting them to real numbers.</doc>
<status status="PASS" start="2024-06-20T01:04:25.625638" elapsed="0.000527"/>
</kw>
<kw name="Log" owner="BuiltIn">
<msg time="2024-06-20T01:04:25.626882" level="INFO">200</msg>
<arg>${response.status_code}</arg>
<doc>Logs the given message with the given level.</doc>
<status status="PASS" start="2024-06-20T01:04:25.626530" elapsed="0.000394"/>
</kw>
<kw name="Set Variable" owner="BuiltIn">
<msg time="2024-06-20T01:04:25.627660" level="INFO">${json_data} = {'results': [{'gender': 'female', 'name': {'title': 'Mademoiselle', 'first': 'Elfriede', 'last': 'Meyer'}, 'location': {'street': {'number': 7529, 'name': 'Rue Bataille'}, 'city': 'Montet (Glâne)', 's...</msg>
<var>${json_data}</var>
<arg>${response.json()}</arg>
<doc>Returns the given values which can then be assigned to a variables.</doc>
<status status="PASS" start="2024-06-20T01:04:25.627229" elapsed="0.000460"/>
</kw>
<kw name="Dictionary Should Contain Key" owner="Collections">
<arg>${json_data}</arg>
<arg>results</arg>
<doc>Fails if ``key`` is not found from ``dictionary``.</doc>
<status status="PASS" start="2024-06-20T01:04:25.627988" elapsed="0.000170"/>
</kw>
<status status="PASS" start="2024-06-20T01:04:25.281965" elapsed="0.346343"/>
</kw>
<doc>Testa se a API responde corretamente e retorna um objeto JSON válido.</doc>
<tag>testeRequisicaoBasica</tag>
<status status="PASS" start="2024-06-20T01:04:25.281249" elapsed="0.347227"/>
</test>
<test id="s1-s1-t3" name="Validar estrutura de resposta" line="22">
<kw name="Teste de Estrutura de Resposta" owner="random-user-service">
<kw name="GET On Session" owner="RequestsLibrary">
<msg time="2024-06-20T01:04:25.703774" level="INFO">GET Request : url=https://randomuser.me/api 
 path_url=/api 
 headers={'User-Agent': 'python-requests/2.32.3', 'Accept-Encoding': 'gzip, deflate', 'Accept': '*/*', 'Connection': 'keep-alive'} 
 body=None 
 </msg>
<msg time="2024-06-20T01:04:25.703859" level="INFO">GET Response : url=https://randomuser.me/api 
 status=200, reason=OK 
 headers={'Date': 'Thu, 20 Jun 2024 01:04:25 GMT', 'Content-Type': 'application/json; charset=utf-8', 'Transfer-Encoding': 'chunked', 'Connection': 'keep-alive', 'X-Powered-By': 'Express', 'Access-Control-Allow-Origin': '*', 'Cache-Control': 'no-cache', 'ETag': 'W/"4a9-tVPoLbOFzzmLnpttteABgsW4xu0"', 'Vary': 'Accept-Encoding', 'Content-Encoding': 'gzip', 'CF-Cache-Status': 'DYNAMIC', 'Report-To': '{"endpoints":[{"url":"https:\\/\\/a.nel.cloudflare.com\\/report\\/v4?s=aEDzaIjLX0XcdNHwzgiQGpd2OgwsbADDS9kIwmkcSOop6MKrdLWPqT1EGtWcG2qUedJcpQPsZVVCshK3Ml3V%2BQ8dcshwWZoKOp6uMEwfbREYuam6Z69T02JQBWYMb56p"}],"group":"cf-nel","max_age":604800}', 'NEL': '{"success_fraction":0,"report_to":"cf-nel","max_age":604800}', 'Server': 'cloudflare', 'CF-RAY': '8967d8403c4157a8-IAD', 'alt-svc': 'h3=":443"; ma=86400'} 
 body={"results":[{"gender":"female","name":{"title":"Ms","first":"Cindy","last":"Kühner"},"location":{"street":{"number":2244,"name":"Mühlenstraße"},"city":"Stadtsteinach","state":"Schleswig-Holstein","country":"Germany","postcode":54114,"coordinates":{"latitude":"-48.4467","longitude":"89.3881"},"timezone":{"offset":"-5:00","description":"Eastern Time (US &amp; Canada), Bogota, Lima"}},"email":"cindy.kuhner@example.com","login":{"uuid":"28b33bde-78dc-4d17-b4b1-53a979c38ab7","username":"biggoose269","password":"rene","salt":"F2VZeDos","md5":"a37d99d32a1539b8a4e201564fbcd5f7","sha1":"22fb980c2d94d12ca4bac08295b398234c0a0202","sha256":"d9de2bf576dcae19e2995ea472a872d9324b31fa3057aa2f8776e18137e20f83"},"dob":{"date":"1980-08-01T23:06:53.409Z","age":43},"registered":{"date":"2013-11-14T20:21:39.288Z","age":10},"phone":"0671-5674352","cell":"0174-3460996","id":{"name":"SVNR","value":"10 010880 K 850"},"picture":{"large":"https://randomuser.me/api/portraits/women/42.jpg","medium":"https://randomuser.me/api/portraits/med/women/42.jpg","thumbnail":"https://randomuser.me/api/portraits/thumb/women/42.jpg"},"nat":"DE"}],"info":{"seed":"1bdf70fa908ca9bc","results":1,"page":1,"version":"1.4"}} 
 </msg>
<msg time="2024-06-20T01:04:25.703986" level="INFO">/opt/hostedtoolcache/Python/3.12.4/x64/lib/python3.12/site-packages/urllib3/connectionpool.py:1099: InsecureRequestWarning: Unverified HTTPS request is being made to host 'randomuser.me'. Adding certificate verification is strongly advised. See: https://urllib3.readthedocs.io/en/latest/advanced-usage.html#tls-warnings
  warnings.warn(</msg>
<msg time="2024-06-20T01:04:25.704130" level="INFO">${response} = &lt;Response [200]&gt;</msg>
<var>${response}</var>
<arg>consultarAPI</arg>
<arg>/api</arg>
<doc>Sends a GET request on a previously created HTTP Session.</doc>
<status status="PASS" start="2024-06-20T01:04:25.631421" elapsed="0.072763"/>
</kw>
<kw name="Set Variable" owner="BuiltIn">
<msg time="2024-06-20T01:04:25.705104" level="INFO">${json_data} = {'results': [{'gender': 'female', 'name': {'title': 'Ms', 'first': 'Cindy', 'last': 'Kühner'}, 'location': {'street': {'number': 2244, 'name': 'Mühlenstraße'}, 'city': 'Stadtsteinach', 'state': 'Schle...</msg>
<var>${json_data}</var>
<arg>${response.json()}</arg>
<doc>Returns the given values which can then be assigned to a variables.</doc>
<status status="PASS" start="2024-06-20T01:04:25.704630" elapsed="0.000506"/>
</kw>
<kw name="Log" owner="BuiltIn">
<msg time="2024-06-20T01:04:25.705593" level="INFO">{'results': [{'gender': 'female', 'name': {'title': 'Ms', 'first': 'Cindy', 'last': 'Kühner'}, 'location': {'street': {'number': 2244, 'name': 'Mühlenstraße'}, 'city': 'Stadtsteinach', 'state': 'Schleswig-Holstein', 'country': 'Germany', 'postcode': 54114, 'coordinates': {'latitude': '-48.4467', 'longitude': '89.3881'}, 'timezone': {'offset': '-5:00', 'description': 'Eastern Time (US &amp; Canada), Bogota, Lima'}}, 'email': 'cindy.kuhner@example.com', 'login': {'uuid': '28b33bde-78dc-4d17-b4b1-53a979c38ab7', 'username': 'biggoose269', 'password': 'rene', 'salt': 'F2VZeDos', 'md5': 'a37d99d32a1539b8a4e201564fbcd5f7', 'sha1': '22fb980c2d94d12ca4bac08295b398234c0a0202', 'sha256': 'd9de2bf576dcae19e2995ea472a872d9324b31fa3057aa2f8776e18137e20f83'}, 'dob': {'date': '1980-08-01T23:06:53.409Z', 'age': 43}, 'registered': {'date': '2013-11-14T20:21:39.288Z', 'age': 10}, 'phone': '0671-5674352', 'cell': '0174-3460996', 'id': {'name': 'SVNR', 'value': '10 010880 K 850'}, 'picture': {'large': 'https://randomuser.me/api/portraits/women/42.jpg', 'medium': 'https://randomuser.me/api/portraits/med/women/42.jpg', 'thumbnail': 'https://randomuser.me/api/portraits/thumb/women/42.jpg'}, 'nat': 'DE'}], 'info': {'seed': '1bdf70fa908ca9bc', 'results': 1, 'page': 1, 'version': '1.4'}}</msg>
<arg>${json_data}</arg>
<doc>Logs the given message with the given level.</doc>
<status status="PASS" start="2024-06-20T01:04:25.705436" elapsed="0.000207"/>
</kw>
<kw name="Dictionary Should Contain Key" owner="Collections">
<arg>${json_data}</arg>
<arg>results</arg>
<doc>Fails if ``key`` is not found from ``dictionary``.</doc>
<status status="PASS" start="2024-06-20T01:04:25.705930" elapsed="0.000160"/>
</kw>
<kw name="Should Not Be Empty" owner="BuiltIn">
<msg time="2024-06-20T01:04:25.706435" level="INFO">Length is 2.</msg>
<arg>${json_data}</arg>
<doc>Verifies that the given item is not empty.</doc>
<status status="PASS" start="2024-06-20T01:04:25.706274" elapsed="0.000218"/>
</kw>
<kw name="Create List" owner="BuiltIn">
<msg time="2024-06-20T01:04:25.706941" level="INFO">${expected_keys} = ['gender', 'name', 'location', 'email', 'login']</msg>
<var>${expected_keys}</var>
<arg>gender</arg>
<arg>name</arg>
<arg>location</arg>
<arg>email</arg>
<arg>login</arg>
<doc>Returns a list containing given items.</doc>
<status status="PASS" start="2024-06-20T01:04:25.706789" elapsed="0.000177"/>
</kw>
<for flavor="IN">
<iter>
<kw name="Dictionary Should Contain Key" owner="Collections">
<arg>${json_data['results'][0]}</arg>
<arg>${key}</arg>
<doc>Fails if ``key`` is not found from ``dictionary``.</doc>
<status status="PASS" start="2024-06-20T01:04:25.707687" elapsed="0.000408"/>
</kw>
<kw name="Log" owner="BuiltIn">
<msg time="2024-06-20T01:04:25.708632" level="INFO">{'gender': 'female', 'name': {'title': 'Ms', 'first': 'Cindy', 'last': 'Kühner'}, 'location': {'street': {'number': 2244, 'name': 'Mühlenstraße'}, 'city': 'Stadtsteinach', 'state': 'Schleswig-Holstein', 'country': 'Germany', 'postcode': 54114, 'coordinates': {'latitude': '-48.4467', 'longitude': '89.3881'}, 'timezone': {'offset': '-5:00', 'description': 'Eastern Time (US &amp; Canada), Bogota, Lima'}}, 'email': 'cindy.kuhner@example.com', 'login': {'uuid': '28b33bde-78dc-4d17-b4b1-53a979c38ab7', 'username': 'biggoose269', 'password': 'rene', 'salt': 'F2VZeDos', 'md5': 'a37d99d32a1539b8a4e201564fbcd5f7', 'sha1': '22fb980c2d94d12ca4bac08295b398234c0a0202', 'sha256': 'd9de2bf576dcae19e2995ea472a872d9324b31fa3057aa2f8776e18137e20f83'}, 'dob': {'date': '1980-08-01T23:06:53.409Z', 'age': 43}, 'registered': {'date': '2013-11-14T20:21:39.288Z', 'age': 10}, 'phone': '0671-5674352', 'cell': '0174-3460996', 'id': {'name': 'SVNR', 'value': '10 010880 K 850'}, 'picture': {'large': 'https://randomuser.me/api/portraits/women/42.jpg', 'medium': 'https://randomuser.me/api/portraits/med/women/42.jpg', 'thumbnail': 'https://randomuser.me/api/portraits/thumb/women/42.jpg'}, 'nat': 'DE'}</msg>
<arg>${json_data['results'][0]}</arg>
<doc>Logs the given message with the given level.</doc>
<status status="PASS" start="2024-06-20T01:04:25.708278" elapsed="0.000403"/>
</kw>
<kw name="Log" owner="BuiltIn">
<msg time="2024-06-20T01:04:25.709105" level="INFO">gender</msg>
<arg>${key}</arg>
<doc>Logs the given message with the given level.</doc>
<status status="PASS" start="2024-06-20T01:04:25.708978" elapsed="0.000164"/>
</kw>
<var name="${key}">gender</var>
<status status="PASS" start="2024-06-20T01:04:25.707560" elapsed="0.001798"/>
</iter>
<iter>
<kw name="Dictionary Should Contain Key" owner="Collections">
<arg>${json_data['results'][0]}</arg>
<arg>${key}</arg>
<doc>Fails if ``key`` is not found from ``dictionary``.</doc>
<status status="PASS" start="2024-06-20T01:04:25.709649" elapsed="0.000376"/>
</kw>
<kw name="Log" owner="BuiltIn">
<msg time="2024-06-20T01:04:25.710610" level="INFO">{'gender': 'female', 'name': {'title': 'Ms', 'first': 'Cindy', 'last': 'Kühner'}, 'location': {'street': {'number': 2244, 'name': 'Mühlenstraße'}, 'city': 'Stadtsteinach', 'state': 'Schleswig-Holstein', 'country': 'Germany', 'postcode': 54114, 'coordinates': {'latitude': '-48.4467', 'longitude': '89.3881'}, 'timezone': {'offset': '-5:00', 'description': 'Eastern Time (US &amp; Canada), Bogota, Lima'}}, 'email': 'cindy.kuhner@example.com', 'login': {'uuid': '28b33bde-78dc-4d17-b4b1-53a979c38ab7', 'username': 'biggoose269', 'password': 'rene', 'salt': 'F2VZeDos', 'md5': 'a37d99d32a1539b8a4e201564fbcd5f7', 'sha1': '22fb980c2d94d12ca4bac08295b398234c0a0202', 'sha256': 'd9de2bf576dcae19e2995ea472a872d9324b31fa3057aa2f8776e18137e20f83'}, 'dob': {'date': '1980-08-01T23:06:53.409Z', 'age': 43}, 'registered': {'date': '2013-11-14T20:21:39.288Z', 'age': 10}, 'phone': '0671-5674352', 'cell': '0174-3460996', 'id': {'name': 'SVNR', 'value': '10 010880 K 850'}, 'picture': {'large': 'https://randomuser.me/api/portraits/women/42.jpg', 'medium': 'https://randomuser.me/api/portraits/med/women/42.jpg', 'thumbnail': 'https://randomuser.me/api/portraits/thumb/women/42.jpg'}, 'nat': 'DE'}</msg>
<arg>${json_data['results'][0]}</arg>
<doc>Logs the given message with the given level.</doc>
<status status="PASS" start="2024-06-20T01:04:25.710233" elapsed="0.000438"/>
</kw>
<kw name="Log" owner="BuiltIn">
<msg time="2024-06-20T01:04:25.711092" level="INFO">name</msg>
<arg>${key}</arg>
<doc>Logs the given message with the given level.</doc>
<status status="PASS" start="2024-06-20T01:04:25.710965" elapsed="0.000163"/>
</kw>
<var name="${key}">name</var>
<status status="PASS" start="2024-06-20T01:04:25.709539" elapsed="0.001802"/>
</iter>
<iter>
<kw name="Dictionary Should Contain Key" owner="Collections">
<arg>${json_data['results'][0]}</arg>
<arg>${key}</arg>
<doc>Fails if ``key`` is not found from ``dictionary``.</doc>
<status status="PASS" start="2024-06-20T01:04:25.711623" elapsed="0.000387"/>
</kw>
<kw name="Log" owner="BuiltIn">
<msg time="2024-06-20T01:04:25.712546" level="INFO">{'gender': 'female', 'name': {'title': 'Ms', 'first': 'Cindy', 'last': 'Kühner'}, 'location': {'street': {'number': 2244, 'name': 'Mühlenstraße'}, 'city': 'Stadtsteinach', 'state': 'Schleswig-Holstein', 'country': 'Germany', 'postcode': 54114, 'coordinates': {'latitude': '-48.4467', 'longitude': '89.3881'}, 'timezone': {'offset': '-5:00', 'description': 'Eastern Time (US &amp; Canada), Bogota, Lima'}}, 'email': 'cindy.kuhner@example.com', 'login': {'uuid': '28b33bde-78dc-4d17-b4b1-53a979c38ab7', 'username': 'biggoose269', 'password': 'rene', 'salt': 'F2VZeDos', 'md5': 'a37d99d32a1539b8a4e201564fbcd5f7', 'sha1': '22fb980c2d94d12ca4bac08295b398234c0a0202', 'sha256': 'd9de2bf576dcae19e2995ea472a872d9324b31fa3057aa2f8776e18137e20f83'}, 'dob': {'date': '1980-08-01T23:06:53.409Z', 'age': 43}, 'registered': {'date': '2013-11-14T20:21:39.288Z', 'age': 10}, 'phone': '0671-5674352', 'cell': '0174-3460996', 'id': {'name': 'SVNR', 'value': '10 010880 K 850'}, 'picture': {'large': 'https://randomuser.me/api/portraits/women/42.jpg', 'medium': 'https://randomuser.me/api/portraits/med/women/42.jpg', 'thumbnail': 'https://randomuser.me/api/portraits/thumb/women/42.jpg'}, 'nat': 'DE'}</msg>
<arg>${json_data['results'][0]}</arg>
<doc>Logs the given message with the given level.</doc>
<status status="PASS" start="2024-06-20T01:04:25.712191" elapsed="0.000405"/>
</kw>
<kw name="Log" owner="BuiltIn">
<msg time="2024-06-20T01:04:25.713013" level="INFO">location</msg>
<arg>${key}</arg>
<doc>Logs the given message with the given level.</doc>
<status status="PASS" start="2024-06-20T01:04:25.712887" elapsed="0.000162"/>
</kw>
<var name="${key}">location</var>
<status status="PASS" start="2024-06-20T01:04:25.711516" elapsed="0.001744"/>
</iter>
<iter>
<kw name="Dictionary Should Contain Key" owner="Collections">
<arg>${json_data['results'][0]}</arg>
<arg>${key}</arg>
<doc>Fails if ``key`` is not found from ``dictionary``.</doc>
<status status="PASS" start="2024-06-20T01:04:25.713533" elapsed="0.000382"/>
</kw>
<kw name="Log" owner="BuiltIn">
<msg time="2024-06-20T01:04:25.714496" level="INFO">{'gender': 'female', 'name': {'title': 'Ms', 'first': 'Cindy', 'last': 'Kühner'}, 'location': {'street': {'number': 2244, 'name': 'Mühlenstraße'}, 'city': 'Stadtsteinach', 'state': 'Schleswig-Holstein', 'country': 'Germany', 'postcode': 54114, 'coordinates': {'latitude': '-48.4467', 'longitude': '89.3881'}, 'timezone': {'offset': '-5:00', 'description': 'Eastern Time (US &amp; Canada), Bogota, Lima'}}, 'email': 'cindy.kuhner@example.com', 'login': {'uuid': '28b33bde-78dc-4d17-b4b1-53a979c38ab7', 'username': 'biggoose269', 'password': 'rene', 'salt': 'F2VZeDos', 'md5': 'a37d99d32a1539b8a4e201564fbcd5f7', 'sha1': '22fb980c2d94d12ca4bac08295b398234c0a0202', 'sha256': 'd9de2bf576dcae19e2995ea472a872d9324b31fa3057aa2f8776e18137e20f83'}, 'dob': {'date': '1980-08-01T23:06:53.409Z', 'age': 43}, 'registered': {'date': '2013-11-14T20:21:39.288Z', 'age': 10}, 'phone': '0671-5674352', 'cell': '0174-3460996', 'id': {'name': 'SVNR', 'value': '10 010880 K 850'}, 'picture': {'large': 'https://randomuser.me/api/portraits/women/42.jpg', 'medium': 'https://randomuser.me/api/portraits/med/women/42.jpg', 'thumbnail': 'https://randomuser.me/api/portraits/thumb/women/42.jpg'}, 'nat': 'DE'}</msg>
<arg>${json_data['results'][0]}</arg>
<doc>Logs the given message with the given level.</doc>
<status status="PASS" start="2024-06-20T01:04:25.714099" elapsed="0.000450"/>
</kw>
<kw name="Log" owner="BuiltIn">
<msg time="2024-06-20T01:04:25.714974" level="INFO">email</msg>
<arg>${key}</arg>
<doc>Logs the given message with the given level.</doc>
<status status="PASS" start="2024-06-20T01:04:25.714846" elapsed="0.000164"/>
</kw>
<var name="${key}">email</var>
<status status="PASS" start="2024-06-20T01:04:25.713428" elapsed="0.001792"/>
</iter>
<iter>
<kw name="Dictionary Should Contain Key" owner="Collections">
<arg>${json_data['results'][0]}</arg>
<arg>${key}</arg>
<doc>Fails if ``key`` is not found from ``dictionary``.</doc>
<status status="PASS" start="2024-06-20T01:04:25.715493" elapsed="0.000390"/>
</kw>
<kw name="Log" owner="BuiltIn">
<msg time="2024-06-20T01:04:25.716411" level="INFO">{'gender': 'female', 'name': {'title': 'Ms', 'first': 'Cindy', 'last': 'Kühner'}, 'location': {'street': {'number': 2244, 'name': 'Mühlenstraße'}, 'city': 'Stadtsteinach', 'state': 'Schleswig-Holstein', 'country': 'Germany', 'postcode': 54114, 'coordinates': {'latitude': '-48.4467', 'longitude': '89.3881'}, 'timezone': {'offset': '-5:00', 'description': 'Eastern Time (US &amp; Canada), Bogota, Lima'}}, 'email': 'cindy.kuhner@example.com', 'login': {'uuid': '28b33bde-78dc-4d17-b4b1-53a979c38ab7', 'username': 'biggoose269', 'password': 'rene', 'salt': 'F2VZeDos', 'md5': 'a37d99d32a1539b8a4e201564fbcd5f7', 'sha1': '22fb980c2d94d12ca4bac08295b398234c0a0202', 'sha256': 'd9de2bf576dcae19e2995ea472a872d9324b31fa3057aa2f8776e18137e20f83'}, 'dob': {'date': '1980-08-01T23:06:53.409Z', 'age': 43}, 'registered': {'date': '2013-11-14T20:21:39.288Z', 'age': 10}, 'phone': '0671-5674352', 'cell': '0174-3460996', 'id': {'name': 'SVNR', 'value': '10 010880 K 850'}, 'picture': {'large': 'https://randomuser.me/api/portraits/women/42.jpg', 'medium': 'https://randomuser.me/api/portraits/med/women/42.jpg', 'thumbnail': 'https://randomuser.me/api/portraits/thumb/women/42.jpg'}, 'nat': 'DE'}</msg>
<arg>${json_data['results'][0]}</arg>
<doc>Logs the given message with the given level.</doc>
<status status="PASS" start="2024-06-20T01:04:25.716063" elapsed="0.000399"/>
</kw>
<kw name="Log" owner="BuiltIn">
<msg time="2024-06-20T01:04:25.716892" level="INFO">login</msg>
<arg>${key}</arg>
<doc>Logs the given message with the given level.</doc>
<status status="PASS" start="2024-06-20T01:04:25.716755" elapsed="0.000174"/>
</kw>
<var name="${key}">login</var>
<status status="PASS" start="2024-06-20T01:04:25.715387" elapsed="0.001754"/>
</iter>
<var>${key}</var>
<value>@{expected_keys}</value>
<status status="PASS" start="2024-06-20T01:04:25.707371" elapsed="0.009914"/>
</for>
<kw name="Create List" owner="BuiltIn">
<msg time="2024-06-20T01:04:25.717607" level="INFO">${expected_keysTwo} = ['username', 'password']</msg>
<var>${expected_keysTwo}</var>
<arg>username</arg>
<arg>password</arg>
<doc>Returns a list containing given items.</doc>
<status status="PASS" start="2024-06-20T01:04:25.717472" elapsed="0.000159"/>
</kw>
<for flavor="IN">
<iter>
<kw name="Dictionary Should Contain Key" owner="Collections">
<arg>${json_data['results'][0]['login']}</arg>
<arg>${keyTwo}</arg>
<doc>Fails if ``key`` is not found from ``dictionary``.</doc>
<status status="PASS" start="2024-06-20T01:04:25.718117" elapsed="0.000415"/>
</kw>
<kw name="Dictionary Should Contain Key" owner="Collections">
<arg>${json_data['results'][0]['login']}</arg>
<arg>${keyTwo}</arg>
<doc>Fails if ``key`` is not found from ``dictionary``.</doc>
<status status="PASS" start="2024-06-20T01:04:25.718713" elapsed="0.000382"/>
</kw>
<kw name="Log" owner="BuiltIn">
<msg time="2024-06-20T01:04:25.719389" level="INFO">username</msg>
<arg>${keyTwo}</arg>
<doc>Logs the given message with the given level.</doc>
<status status="PASS" start="2024-06-20T01:04:25.719271" elapsed="0.000155"/>
</kw>
<var name="${keyTwo}">username</var>
<status status="PASS" start="2024-06-20T01:04:25.718011" elapsed="0.001634"/>
</iter>
<iter>
<kw name="Dictionary Should Contain Key" owner="Collections">
<arg>${json_data['results'][0]['login']}</arg>
<arg>${keyTwo}</arg>
<doc>Fails if ``key`` is not found from ``dictionary``.</doc>
<status status="PASS" start="2024-06-20T01:04:25.719928" elapsed="0.000383"/>
</kw>
<kw name="Dictionary Should Contain Key" owner="Collections">
<arg>${json_data['results'][0]['login']}</arg>
<arg>${keyTwo}</arg>
<doc>Fails if ``key`` is not found from ``dictionary``.</doc>
<status status="PASS" start="2024-06-20T01:04:25.720487" elapsed="0.000368"/>
</kw>
<kw name="Log" owner="BuiltIn">
<msg time="2024-06-20T01:04:25.721144" level="INFO">password</msg>
<arg>${keyTwo}</arg>
<doc>Logs the given message with the given level.</doc>
<status status="PASS" start="2024-06-20T01:04:25.721028" elapsed="0.000152"/>
</kw>
<var name="${keyTwo}">password</var>
<status status="PASS" start="2024-06-20T01:04:25.719822" elapsed="0.001578"/>
</iter>
<var>${keyTwo}</var>
<value>@{expected_keysTwo}</value>
<status status="PASS" start="2024-06-20T01:04:25.717862" elapsed="0.003658"/>
</for>
<status status="PASS" start="2024-06-20T01:04:25.631092" elapsed="0.090565"/>
</kw>
<doc>Testa a estrutura da resposta da API.</doc>
<tag>testeEstruturaResposta</tag>
<status status="PASS" start="2024-06-20T01:04:25.630302" elapsed="0.091501"/>
</test>
<test id="s1-s1-t4" name="Validar tipos de dados" line="28">
<kw name="Teste de Tipos de Dados" owner="random-user-service">
<kw name="GET On Session" owner="RequestsLibrary">
<msg time="2024-06-20T01:04:25.768461" level="INFO">GET Request : url=https://randomuser.me/api 
 path_url=/api 
 headers={'User-Agent': 'python-requests/2.32.3', 'Accept-Encoding': 'gzip, deflate', 'Accept': '*/*', 'Connection': 'keep-alive'} 
 body=None 
 </msg>
<msg time="2024-06-20T01:04:25.768528" level="INFO">GET Response : url=https://randomuser.me/api 
 status=200, reason=OK 
 headers={'Date': 'Thu, 20 Jun 2024 01:04:25 GMT', 'Content-Type': 'application/json; charset=utf-8', 'Transfer-Encoding': 'chunked', 'Connection': 'keep-alive', 'X-Powered-By': 'Express', 'Access-Control-Allow-Origin': '*', 'Cache-Control': 'no-cache', 'ETag': 'W/"46f-bxMD7Af98vZ91V9TIIbFlebpmlU"', 'Vary': 'Accept-Encoding', 'Content-Encoding': 'gzip', 'CF-Cache-Status': 'DYNAMIC', 'Report-To': '{"endpoints":[{"url":"https:\\/\\/a.nel.cloudflare.com\\/report\\/v4?s=DcC3AzlPqrWly7tzLI%2B%2BWdJRgkG%2B109ywXH%2Fg%2F%2F9UxucZj9TrYUVORqRSMTpHdxBbrpsu79F0pMa4M8fVWEKSJ%2BtvmNEeOrph7BWIt%2BPkfh%2FrUJl0KNoqXcEoELqqTvx"}],"group":"cf-nel","max_age":604800}', 'NEL': '{"success_fraction":0,"report_to":"cf-nel","max_age":604800}', 'Server': 'cloudflare', 'CF-RAY': '8967d840cca257a8-IAD', 'alt-svc': 'h3=":443"; ma=86400'} 
 body={"results":[{"gender":"male","name":{"title":"Mr","first":"Kadir","last":"Kulaksızoğlu"},"location":{"street":{"number":2398,"name":"Kushimoto Sk"},"city":"Tokat","state":"Bingöl","country":"Turkey","postcode":80192,"coordinates":{"latitude":"67.4388","longitude":"-106.2959"},"timezone":{"offset":"-10:00","description":"Hawaii"}},"email":"kadir.kulaksizoglu@example.com","login":{"uuid":"78133b2c-5b43-4704-9cb6-4f9e01319f42","username":"sadgorilla367","password":"shakur","salt":"wSqpDap2","md5":"89cf44f0e5d0055d76c078cf4bd4493f","sha1":"eccf5159e0a607efdaa4a21c3d41d48f44d02a23","sha256":"1df6f9ba9bc5b6a8a7637a41e1ed8406fc6929a4b4a91a4c81939286b05f2600"},"dob":{"date":"2000-05-25T06:47:15.385Z","age":24},"registered":{"date":"2013-09-13T23:13:52.633Z","age":10},"phone":"(002)-069-2127","cell":"(361)-267-2834","id":{"name":"","value":null},"picture":{"large":"https://randomuser.me/api/portraits/men/93.jpg","medium":"https://randomuser.me/api/portraits/med/men/93.jpg","thumbnail":"https://randomuser.me/api/portraits/thumb/men/93.jpg"},"nat":"TR"}],"info":{"seed":"eaff8bc30588574e","results":1,"page":1,"version":"1.4"}} 
 </msg>
<msg time="2024-06-20T01:04:25.768589" level="INFO">/opt/hostedtoolcache/Python/3.12.4/x64/lib/python3.12/site-packages/urllib3/connectionpool.py:1099: InsecureRequestWarning: Unverified HTTPS request is being made to host 'randomuser.me'. Adding certificate verification is strongly advised. See: https://urllib3.readthedocs.io/en/latest/advanced-usage.html#tls-warnings
  warnings.warn(</msg>
<msg time="2024-06-20T01:04:25.768693" level="INFO">${response} = &lt;Response [200]&gt;</msg>
<var>${response}</var>
<arg>consultarAPI</arg>
<arg>/api</arg>
<doc>Sends a GET request on a previously created HTTP Session.</doc>
<status status="PASS" start="2024-06-20T01:04:25.724527" elapsed="0.044207"/>
</kw>
<kw name="Set Variable" owner="BuiltIn">
<msg time="2024-06-20T01:04:25.769577" level="INFO">${json_data} = {'results': [{'gender': 'male', 'name': {'title': 'Mr', 'first': 'Kadir', 'last': 'Kulaksızoğlu'}, 'location': {'street': {'number': 2398, 'name': 'Kushimoto Sk'}, 'city': 'Tokat', 'state': 'Bingöl', ...</msg>
<var>${json_data}</var>
<arg>${response.json()}</arg>
<doc>Returns the given values which can then be assigned to a variables.</doc>
<status status="PASS" start="2024-06-20T01:04:25.769115" elapsed="0.000492"/>
</kw>
<kw name="Log" owner="BuiltIn">
<msg time="2024-06-20T01:04:25.770064" level="INFO">{'results': [{'gender': 'male', 'name': {'title': 'Mr', 'first': 'Kadir', 'last': 'Kulaksızoğlu'}, 'location': {'street': {'number': 2398, 'name': 'Kushimoto Sk'}, 'city': 'Tokat', 'state': 'Bingöl', 'country': 'Turkey', 'postcode': 80192, 'coordinates': {'latitude': '67.4388', 'longitude': '-106.2959'}, 'timezone': {'offset': '-10:00', 'description': 'Hawaii'}}, 'email': 'kadir.kulaksizoglu@example.com', 'login': {'uuid': '78133b2c-5b43-4704-9cb6-4f9e01319f42', 'username': 'sadgorilla367', 'password': 'shakur', 'salt': 'wSqpDap2', 'md5': '89cf44f0e5d0055d76c078cf4bd4493f', 'sha1': 'eccf5159e0a607efdaa4a21c3d41d48f44d02a23', 'sha256': '1df6f9ba9bc5b6a8a7637a41e1ed8406fc6929a4b4a91a4c81939286b05f2600'}, 'dob': {'date': '2000-05-25T06:47:15.385Z', 'age': 24}, 'registered': {'date': '2013-09-13T23:13:52.633Z', 'age': 10}, 'phone': '(002)-069-2127', 'cell': '(361)-267-2834', 'id': {'name': '', 'value': None}, 'picture': {'large': 'https://randomuser.me/api/portraits/men/93.jpg', 'medium': 'https://randomuser.me/api/portraits/med/men/93.jpg', 'thumbnail': 'https://randomuser.me/api/portraits/thumb/men/93.jpg'}, 'nat': 'TR'}], 'info': {'seed': 'eaff8bc30588574e', 'results': 1, 'page': 1, 'version': '1.4'}}</msg>
<arg>${json_data}</arg>
<doc>Logs the given message with the given level.</doc>
<status status="PASS" start="2024-06-20T01:04:25.769910" elapsed="0.000202"/>
</kw>
<kw name="Should Be String" owner="String">
<arg>${json_data['results'][0]['gender']}</arg>
<doc>Fails if the given ``item`` is not a string.</doc>
<status status="PASS" start="2024-06-20T01:04:25.770436" elapsed="0.000377"/>
</kw>
<kw name="Should Match Regexp" owner="BuiltIn">
<arg>${json_data['results'][0]['email']}</arg>
<arg>^[a-zA-Z0-9._%+-]+@[a-zA-Z0-9.-]+\.[a-zA-Z]{2,}$</arg>
<doc>Fails if ``string`` does not match ``pattern`` as a regular expression.</doc>
<status status="PASS" start="2024-06-20T01:04:25.771031" elapsed="0.000517"/>
</kw>
<kw name="Should Match Regexp" owner="BuiltIn">
<arg>${json_data['results'][0]['dob']['date']}</arg>
<arg>\\d{4}-\\d{2}-\\d{2}T\\d{2}:\\d{2}:\\d{2}\\.\\d{3}Z</arg>
<doc>Fails if ``string`` does not match ``pattern`` as a regular expression.</doc>
<status status="PASS" start="2024-06-20T01:04:25.771751" elapsed="0.000478"/>
</kw>
<kw name="Should Match Regexp" owner="BuiltIn">
<arg>${json_data['results'][0]['registered']['date']}</arg>
<arg>\\d{4}-\\d{2}-\\d{2}T\\d{2}:\\d{2}:\\d{2}\\.\\d{3}Z</arg>
<doc>Fails if ``string`` does not match ``pattern`` as a regular expression.</doc>
<status status="PASS" start="2024-06-20T01:04:25.772416" elapsed="0.000367"/>
</kw>
<kw name="Should Match Regexp" owner="BuiltIn">
<arg>${json_data['results'][0]['picture']['large']}</arg>
<arg>^https?://.*\.(?:png|jpe?g|gif|bmp)$</arg>
<doc>Fails if ``string`` does not match ``pattern`` as a regular expression.</doc>
<status status="PASS" start="2024-06-20T01:04:25.772965" elapsed="0.000451"/>
</kw>
<kw name="Should Match Regexp" owner="BuiltIn">
<arg>${json_data['results'][0]['picture']['medium']}</arg>
<arg>^https?://.*\.(?:png|jpe?g|gif|bmp)$</arg>
<doc>Fails if ``string`` does not match ``pattern`` as a regular expression.</doc>
<status status="PASS" start="2024-06-20T01:04:25.773599" elapsed="0.000348"/>
</kw>
<kw name="Should Match Regexp" owner="BuiltIn">
<arg>${json_data['results'][0]['picture']['thumbnail']}</arg>
<arg>^https?://.*\.(?:png|jpe?g|gif|bmp)$</arg>
<doc>Fails if ``string`` does not match ``pattern`` as a regular expression.</doc>
<status status="PASS" start="2024-06-20T01:04:25.774126" elapsed="0.000379"/>
</kw>
<kw name="Log" owner="BuiltIn">
<msg time="2024-06-20T01:04:25.775007" level="INFO">{'large': 'https://randomuser.me/api/portraits/men/93.jpg', 'medium': 'https://randomuser.me/api/portraits/med/men/93.jpg', 'thumbnail': 'https://randomuser.me/api/portraits/thumb/men/93.jpg'}</msg>
<arg>${json_data['results'][0]['picture']}</arg>
<doc>Logs the given message with the given level.</doc>
<status status="PASS" start="2024-06-20T01:04:25.774688" elapsed="0.000361"/>
</kw>
<status status="PASS" start="2024-06-20T01:04:25.724296" elapsed="0.051005"/>
</kw>
<kw name="Teste de Tipos de Dados - Postcode" owner="random-user-service">
<kw name="GET On Session" owner="RequestsLibrary">
<msg time="2024-06-20T01:04:25.893284" level="INFO">GET Request : url=https://randomuser.me/api 
 path_url=/api 
 headers={'User-Agent': 'python-requests/2.32.3', 'Accept-Encoding': 'gzip, deflate', 'Accept': '*/*', 'Connection': 'keep-alive'} 
 body=None 
 </msg>
<msg time="2024-06-20T01:04:25.893399" level="INFO">GET Response : url=https://randomuser.me/api 
 status=200, reason=OK 
 headers={'Date': 'Thu, 20 Jun 2024 01:04:25 GMT', 'Content-Type': 'application/json; charset=utf-8', 'Transfer-Encoding': 'chunked', 'Connection': 'keep-alive', 'X-Powered-By': 'Express', 'Access-Control-Allow-Origin': '*', 'Cache-Control': 'no-cache', 'ETag': 'W/"498-uU+Zwd01kpBuVqNjDvSogJ2CpyU"', 'Vary': 'Accept-Encoding', 'Content-Encoding': 'gzip', 'CF-Cache-Status': 'DYNAMIC', 'Report-To': '{"endpoints":[{"url":"https:\\/\\/a.nel.cloudflare.com\\/report\\/v4?s=nGLyFn%2BrZARa1E23ErQ70p0TAYdnzB8UhyH1NsTLcGE7OsoyNy%2FDLiJriEeQlM%2BP%2F5vWCPCQ2lFO9wimiCQ0gDI9xDcWfT0aSLaoEY%2By7qaNae44iyhPPasQiRwOiOcE"}],"group":"cf-nel","max_age":604800}', 'NEL': '{"success_fraction":0,"report_to":"cf-nel","max_age":604800}', 'Server': 'cloudflare', 'CF-RAY': '8967d8411cd957a8-IAD', 'alt-svc': 'h3=":443"; ma=86400'} 
 body={"results":[{"gender":"female","name":{"title":"Mrs","first":"Beatrice","last":"Porto"},"location":{"street":{"number":3679,"name":"Rua Primeiro de Maio "},"city":"Muriaé","state":"Pernambuco","country":"Brazil","postcode":58311,"coordinates":{"latitude":"-81.0593","longitude":"125.2134"},"timezone":{"offset":"-12:00","description":"Eniwetok, Kwajalein"}},"email":"beatrice.porto@example.com","login":{"uuid":"1c605899-8a8d-46c0-8832-e6587faa5cc7","username":"blackwolf469","password":"cartoon","salt":"OG3AVaWI","md5":"69eb0fde29b7f9b81171ed0764be646b","sha1":"a0765d57539ab7706315badac9bf9f40cbcf68d5","sha256":"89153e9d066bfa6f58c6b3958c96322fbdecd6210e39be44a6e94b7c135b1328"},"dob":{"date":"1963-07-03T16:31:06.030Z","age":60},"registered":{"date":"2012-08-29T07:20:06.330Z","age":11},"phone":"(96) 6377-4854","cell":"(36) 3045-7720","id":{"name":"CPF","value":"176.672.089-58"},"picture":{"large":"https://randomuser.me/api/portraits/women/48.jpg","medium":"https://randomuser.me/api/portraits/med/women/48.jpg","thumbnail":"https://randomuser.me/api/portraits/thumb/women/48.jpg"},"nat":"BR"}],"info":{"seed":"91eaf7202fadb20b","results":1,"page":1,"version":"1.4"}} 
 </msg>
<msg time="2024-06-20T01:04:25.893490" level="INFO">/opt/hostedtoolcache/Python/3.12.4/x64/lib/python3.12/site-packages/urllib3/connectionpool.py:1099: InsecureRequestWarning: Unverified HTTPS request is being made to host 'randomuser.me'. Adding certificate verification is strongly advised. See: https://urllib3.readthedocs.io/en/latest/advanced-usage.html#tls-warnings
  warnings.warn(</msg>
<msg time="2024-06-20T01:04:25.893639" level="INFO">${response} = &lt;Response [200]&gt;</msg>
<var>${response}</var>
<arg>consultarAPI</arg>
<arg>/api</arg>
<doc>Sends a GET request on a previously created HTTP Session.</doc>
<status status="PASS" start="2024-06-20T01:04:25.775718" elapsed="0.117968"/>
</kw>
<kw name="Set Variable" owner="BuiltIn">
<msg time="2024-06-20T01:04:25.894928" level="INFO">${json_data} = {'results': [{'gender': 'female', 'name': {'title': 'Mrs', 'first': 'Beatrice', 'last': 'Porto'}, 'location': {'street': {'number': 3679, 'name': 'Rua Primeiro de Maio '}, 'city': 'Muriaé', 'state': '...</msg>
<var>${json_data}</var>
<arg>${response.json()}</arg>
<doc>Returns the given values which can then be assigned to a variables.</doc>
<status status="PASS" start="2024-06-20T01:04:25.894302" elapsed="0.000655"/>
</kw>
<kw name="Log" owner="BuiltIn">
<msg time="2024-06-20T01:04:25.895418" level="INFO">{'results': [{'gender': 'female', 'name': {'title': 'Mrs', 'first': 'Beatrice', 'last': 'Porto'}, 'location': {'street': {'number': 3679, 'name': 'Rua Primeiro de Maio '}, 'city': 'Muriaé', 'state': 'Pernambuco', 'country': 'Brazil', 'postcode': 58311, 'coordinates': {'latitude': '-81.0593', 'longitude': '125.2134'}, 'timezone': {'offset': '-12:00', 'description': 'Eniwetok, Kwajalein'}}, 'email': 'beatrice.porto@example.com', 'login': {'uuid': '1c605899-8a8d-46c0-8832-e6587faa5cc7', 'username': 'blackwolf469', 'password': 'cartoon', 'salt': 'OG3AVaWI', 'md5': '69eb0fde29b7f9b81171ed0764be646b', 'sha1': 'a0765d57539ab7706315badac9bf9f40cbcf68d5', 'sha256': '89153e9d066bfa6f58c6b3958c96322fbdecd6210e39be44a6e94b7c135b1328'}, 'dob': {'date': '1963-07-03T16:31:06.030Z', 'age': 60}, 'registered': {'date': '2012-08-29T07:20:06.330Z', 'age': 11}, 'phone': '(96) 6377-4854', 'cell': '(36) 3045-7720', 'id': {'name': 'CPF', 'value': '176.672.089-58'}, 'picture': {'large': 'https://randomuser.me/api/portraits/women/48.jpg', 'medium': 'https://randomuser.me/api/portraits/med/women/48.jpg', 'thumbnail': 'https://randomuser.me/api/portraits/thumb/women/48.jpg'}, 'nat': 'BR'}], 'info': {'seed': '91eaf7202fadb20b', 'results': 1, 'page': 1, 'version': '1.4'}}</msg>
<arg>${json_data}</arg>
<doc>Logs the given message with the given level.</doc>
<status status="PASS" start="2024-06-20T01:04:25.895262" elapsed="0.000203"/>
</kw>
<kw name="Should Be Equal As Numbers" owner="BuiltIn">
<arg>${json_data['results'][0]['location']['postcode']}</arg>
<arg>${json_data['results'][0]['location']['postcode']}</arg>
<doc>Fails if objects are unequal after converting them to real numbers.</doc>
<status status="PASS" start="2024-06-20T01:04:25.895756" elapsed="0.000610"/>
</kw>
<kw name="Log" owner="BuiltIn">
<msg time="2024-06-20T01:04:25.896928" level="INFO">58311</msg>
<arg>${json_data['results'][0]['location']['postcode']}</arg>
<doc>Logs the given message with the given level.</doc>
<status status="PASS" start="2024-06-20T01:04:25.896587" elapsed="0.000381"/>
</kw>
<status status="PASS" start="2024-06-20T01:04:25.775507" elapsed="0.121715"/>
</kw>
<doc>Testa se os tipos de dados na resposta da API estão corretos.</doc>
<tag>testeTiposDados</tag>
<status status="PASS" start="2024-06-20T01:04:25.723603" elapsed="0.173790"/>
</test>
<test id="s1-s1-t5" name="Validar conteudo" line="35">
<kw name="Teste de Tipos de Conteudo" owner="random-user-service">
<kw name="GET On Session" owner="RequestsLibrary">
<msg time="2024-06-20T01:04:25.991116" level="INFO">GET Request : url=https://randomuser.me/api 
 path_url=/api 
 headers={'User-Agent': 'python-requests/2.32.3', 'Accept-Encoding': 'gzip, deflate', 'Accept': '*/*', 'Connection': 'keep-alive'} 
 body=None 
 </msg>
<msg time="2024-06-20T01:04:25.991199" level="INFO">GET Response : url=https://randomuser.me/api 
 status=200, reason=OK 
 headers={'Date': 'Thu, 20 Jun 2024 01:04:25 GMT', 'Content-Type': 'application/json; charset=utf-8', 'Transfer-Encoding': 'chunked', 'Connection': 'keep-alive', 'X-Powered-By': 'Express', 'Access-Control-Allow-Origin': '*', 'Cache-Control': 'no-cache', 'ETag': 'W/"490-YpJsQgyOh3FiSgDcQHh7IgNVtoA"', 'Vary': 'Accept-Encoding', 'Content-Encoding': 'gzip', 'CF-Cache-Status': 'DYNAMIC', 'Report-To': '{"endpoints":[{"url":"https:\\/\\/a.nel.cloudflare.com\\/report\\/v4?s=8PSoPJ4GZbNpHk9F%2BRG71yqIX0SpwlUTJU79XdUeAF0ibw0nF5lZy%2FkMkG%2B0rTA2f9iKvONS%2Fofv13TwnE0YWzBPAdfUgfy3VWsiWJUMLLrneE9KxrCKvBq%2FrvPIX%2Bgx"}],"group":"cf-nel","max_age":604800}', 'NEL': '{"success_fraction":0,"report_to":"cf-nel","max_age":604800}', 'Server': 'cloudflare', 'CF-RAY': '8967d841ed5957a8-IAD', 'alt-svc': 'h3=":443"; ma=86400'} 
 body={"results":[{"gender":"male","name":{"title":"Mr","first":"Jacob","last":"Côté"},"location":{"street":{"number":2307,"name":"York St"},"city":"Carleton","state":"British Columbia","country":"Canada","postcode":"W9R 1Q2","coordinates":{"latitude":"-68.0443","longitude":"-78.2092"},"timezone":{"offset":"+10:00","description":"Eastern Australia, Guam, Vladivostok"}},"email":"jacob.cote@example.com","login":{"uuid":"73f3f11b-ed00-47b5-91b7-10be97d26bda","username":"silverladybug173","password":"barfly","salt":"51abBRvx","md5":"fabc0e1a7cb4b7e80f2e32266e902fce","sha1":"fa676a4c365e8c8c12e20f9dce59541eee198c2f","sha256":"ddcaa55c9a34e1051385b81a1c77458aa5a37c4a2f65a2762e4386c55653a50a"},"dob":{"date":"1946-05-15T10:41:37.594Z","age":78},"registered":{"date":"2016-03-10T19:51:40.060Z","age":8},"phone":"O48 E47-8671","cell":"A78 O64-7256","id":{"name":"SIN","value":"321452245"},"picture":{"large":"https://randomuser.me/api/portraits/men/93.jpg","medium":"https://randomuser.me/api/portraits/med/men/93.jpg","thumbnail":"https://randomuser.me/api/portraits/thumb/men/93.jpg"},"nat":"CA"}],"info":{"seed":"614968940eba5eeb","results":1,"page":1,"version":"1.4"}} 
 </msg>
<msg time="2024-06-20T01:04:25.991288" level="INFO">/opt/hostedtoolcache/Python/3.12.4/x64/lib/python3.12/site-packages/urllib3/connectionpool.py:1099: InsecureRequestWarning: Unverified HTTPS request is being made to host 'randomuser.me'. Adding certificate verification is strongly advised. See: https://urllib3.readthedocs.io/en/latest/advanced-usage.html#tls-warnings
  warnings.warn(</msg>
<msg time="2024-06-20T01:04:25.991399" level="INFO">${response} = &lt;Response [200]&gt;</msg>
<var>${response}</var>
<arg>consultarAPI</arg>
<arg>/api</arg>
<doc>Sends a GET request on a previously created HTTP Session.</doc>
<status status="PASS" start="2024-06-20T01:04:25.900124" elapsed="0.091321"/>
</kw>
<kw name="Set Variable" owner="BuiltIn">
<msg time="2024-06-20T01:04:25.992345" level="INFO">${json_data} = {'results': [{'gender': 'male', 'name': {'title': 'Mr', 'first': 'Jacob', 'last': 'Côté'}, 'location': {'street': {'number': 2307, 'name': 'York St'}, 'city': 'Carleton', 'state': 'British Columbia', ...</msg>
<var>${json_data}</var>
<arg>${response.json()}</arg>
<doc>Returns the given values which can then be assigned to a variables.</doc>
<status status="PASS" start="2024-06-20T01:04:25.991902" elapsed="0.000472"/>
</kw>
<kw name="Set Variable" owner="BuiltIn">
<msg time="2024-06-20T01:04:25.993039" level="INFO">${name_title} = Mr</msg>
<var>${name_title}</var>
<arg>${json_data["results"][0]["name"]["title"]}</arg>
<doc>Returns the given values which can then be assigned to a variables.</doc>
<status status="PASS" start="2024-06-20T01:04:25.992672" elapsed="0.000392"/>
</kw>
<kw name="Create List" owner="BuiltIn">
<msg time="2024-06-20T01:04:25.993502" level="INFO">${allowed_titles} = ['Mr', 'Ms', 'Miss', 'Mrs', 'Madame', 'Monsieur']</msg>
<var>${allowed_titles}</var>
<arg>Mr</arg>
<arg>Ms</arg>
<arg>Miss</arg>
<arg>Mrs</arg>
<arg>Madame</arg>
<arg>Monsieur</arg>
<doc>Returns a list containing given items.</doc>
<status status="PASS" start="2024-06-20T01:04:25.993354" elapsed="0.000172"/>
</kw>
<kw name="List Should Contain Value" owner="Collections">
<arg>${allowed_titles}</arg>
<arg>${name_title}</arg>
<doc>Fails if the ``value`` is not found from ``list``.</doc>
<status status="PASS" start="2024-06-20T01:04:25.993818" elapsed="0.000181"/>
</kw>
<kw name="Set Variable" owner="BuiltIn">
<msg time="2024-06-20T01:04:25.994577" level="INFO">${name_country} = CA</msg>
<var>${name_country}</var>
<arg>${json_data["results"][0]["nat"]}</arg>
<doc>Returns the given values which can then be assigned to a variables.</doc>
<status status="PASS" start="2024-06-20T01:04:25.994175" elapsed="0.000427"/>
</kw>
<kw name="Create List" owner="BuiltIn">
<msg time="2024-06-20T01:04:25.995484" level="INFO">${list_country} = ['AD', 'AE', 'AF', 'AG', 'AI', 'AL', 'AM', 'AO', 'AQ', 'AR', 'AS', 'AT', 'AU', 'AW', 'AX', 'AZ', 'BA', 'BB', 'BD', 'BE', 'BF', 'BG', 'BH', 'BI', 'BJ', 'BL', 'BM', 'BN', 'BO', 'BQ', 'BR', 'BS', 'BT', '...</msg>
<var>${list_country}</var>
<arg>AD</arg>
<arg>AE</arg>
<arg>AF</arg>
<arg>AG</arg>
<arg>AI</arg>
<arg>AL</arg>
<arg>AM</arg>
<arg>AO</arg>
<arg>AQ</arg>
<arg>AR</arg>
<arg>AS</arg>
<arg>AT</arg>
<arg>AU</arg>
<arg>AW</arg>
<arg>AX</arg>
<arg>AZ</arg>
<arg>BA</arg>
<arg>BB</arg>
<arg>BD</arg>
<arg>BE</arg>
<arg>BF</arg>
<arg>BG</arg>
<arg>BH</arg>
<arg>BI</arg>
<arg>BJ</arg>
<arg>BL</arg>
<arg>BM</arg>
<arg>BN</arg>
<arg>BO</arg>
<arg>BQ</arg>
<arg>BR</arg>
<arg>BS</arg>
<arg>BT</arg>
<arg>BV</arg>
<arg>BW</arg>
<arg>BY</arg>
<arg>BZ</arg>
<arg>CA</arg>
<arg>CC</arg>
<arg>CD</arg>
<arg>CF</arg>
<arg>CG</arg>
<arg>CH</arg>
<arg>CI</arg>
<arg>CK</arg>
<arg>CL</arg>
<arg>CM</arg>
<arg>CN</arg>
<arg>CO</arg>
<arg>CR</arg>
<arg>CU</arg>
<arg>CV</arg>
<arg>CW</arg>
<arg>CX</arg>
<arg>CY</arg>
<arg>CZ</arg>
<arg>DE</arg>
<arg>DJ</arg>
<arg>DK</arg>
<arg>DM</arg>
<arg>DO</arg>
<arg>DZ</arg>
<arg>EC</arg>
<arg>EE</arg>
<arg>EG</arg>
<arg>EH</arg>
<arg>ER</arg>
<arg>ES</arg>
<arg>ET</arg>
<arg>FI</arg>
<arg>FJ</arg>
<arg>FK</arg>
<arg>FM</arg>
<arg>FO</arg>
<arg>FR</arg>
<arg>GA</arg>
<arg>GB</arg>
<arg>GD</arg>
<arg>GE</arg>
<arg>GF</arg>
<arg>GG</arg>
<arg>GH</arg>
<arg>GI</arg>
<arg>GL</arg>
<arg>GM</arg>
<arg>GN</arg>
<arg>GP</arg>
<arg>GQ</arg>
<arg>GR</arg>
<arg>GS</arg>
<arg>GT</arg>
<arg>GU</arg>
<arg>GW</arg>
<arg>GY</arg>
<arg>HK</arg>
<arg>HM</arg>
<arg>HN</arg>
<arg>HR</arg>
<arg>HT</arg>
<arg>HU</arg>
<arg>ID</arg>
<arg>IE</arg>
<arg>IL</arg>
<arg>IM</arg>
<arg>IN</arg>
<arg>IO</arg>
<arg>IQ</arg>
<arg>IR</arg>
<arg>IS</arg>
<arg>IT</arg>
<arg>JE</arg>
<arg>JM</arg>
<arg>JO</arg>
<arg>JP</arg>
<arg>KE</arg>
<arg>KG</arg>
<arg>KH</arg>
<arg>KI</arg>
<arg>KM</arg>
<arg>KN</arg>
<arg>KP</arg>
<arg>KR</arg>
<arg>KW</arg>
<arg>KY</arg>
<arg>KZ</arg>
<arg>LA</arg>
<arg>LB</arg>
<arg>LC</arg>
<arg>LI</arg>
<arg>LK</arg>
<arg>LR</arg>
<arg>LS</arg>
<arg>LT</arg>
<arg>LU</arg>
<arg>LV</arg>
<arg>LY</arg>
<arg>MA</arg>
<arg>MC</arg>
<arg>MD</arg>
<arg>ME</arg>
<arg>MF</arg>
<arg>MG</arg>
<arg>MH</arg>
<arg>MK</arg>
<arg>ML</arg>
<arg>MM</arg>
<arg>MN</arg>
<arg>MO</arg>
<arg>MP</arg>
<arg>MQ</arg>
<arg>MR</arg>
<arg>MS</arg>
<arg>MT</arg>
<arg>MU</arg>
<arg>MV</arg>
<arg>MW</arg>
<arg>MX</arg>
<arg>MY</arg>
<arg>MZ</arg>
<arg>NA</arg>
<arg>NC</arg>
<arg>NE</arg>
<arg>NF</arg>
<arg>NG</arg>
<arg>NI</arg>
<arg>NL</arg>
<arg>NO</arg>
<arg>NP</arg>
<arg>NR</arg>
<arg>NU</arg>
<arg>NZ</arg>
<arg>OM</arg>
<arg>PA</arg>
<arg>PE</arg>
<arg>PF</arg>
<arg>PG</arg>
<arg>PH</arg>
<arg>PK</arg>
<arg>PL</arg>
<arg>PM</arg>
<arg>PN</arg>
<arg>PR</arg>
<arg>PS</arg>
<arg>PT</arg>
<arg>PW</arg>
<arg>PY</arg>
<arg>QA</arg>
<arg>RE</arg>
<arg>RO</arg>
<arg>RS</arg>
<arg>RU</arg>
<arg>RW</arg>
<arg>SA</arg>
<arg>SB</arg>
<arg>SC</arg>
<arg>SD</arg>
<arg>SE</arg>
<arg>SG</arg>
<arg>SH</arg>
<arg>SI</arg>
<arg>SJ</arg>
<arg>SK</arg>
<arg>SL</arg>
<arg>SM</arg>
<arg>SN</arg>
<arg>SO</arg>
<arg>SR</arg>
<arg>SS</arg>
<arg>ST</arg>
<arg>SV</arg>
<arg>SX</arg>
<arg>SY</arg>
<arg>SZ</arg>
<arg>TC</arg>
<arg>TD</arg>
<arg>TF</arg>
<arg>TG</arg>
<arg>TH</arg>
<arg>TJ</arg>
<arg>TK</arg>
<arg>TL</arg>
<arg>TM</arg>
<arg>TN</arg>
<arg>TO</arg>
<arg>TR</arg>
<arg>TT</arg>
<arg>TV</arg>
<arg>TW</arg>
<arg>TZ</arg>
<arg>UA</arg>
<arg>UG</arg>
<arg>UM</arg>
<arg>US</arg>
<arg>UY</arg>
<arg>UZ</arg>
<arg>VA</arg>
<arg>VC</arg>
<arg>VE</arg>
<arg>VG</arg>
<arg>VI</arg>
<arg>VN</arg>
<arg>VU</arg>
<arg>WF</arg>
<arg>WS</arg>
<arg>XK</arg>
<arg>YE</arg>
<arg>YT</arg>
<arg>ZA</arg>
<arg>ZM</arg>
<arg>ZW</arg>
<doc>Returns a list containing given items.</doc>
<status status="PASS" start="2024-06-20T01:04:25.994890" elapsed="0.000619"/>
</kw>
<kw name="List Should Contain Value" owner="Collections">
<arg>${list_country}</arg>
<arg>${name_country}</arg>
<doc>Fails if the ``value`` is not found from ``list``.</doc>
<status status="PASS" start="2024-06-20T01:04:25.996293" elapsed="0.000200"/>
</kw>
<kw name="Run Keyword If" owner="BuiltIn">
<kw name="Should Be True" owner="BuiltIn">
<arg>${True}</arg>
<doc>Fails if the given condition is not true.</doc>
<status status="PASS" start="2024-06-20T01:04:25.997405" elapsed="0.000148"/>
</kw>
<arg>${json_data["results"][0]["location"]["coordinates"]["latitude"]} &gt;= -90 and ${json_data["results"][0]["location"]["coordinates"]["latitude"]} &lt;= 90</arg>
<arg>Should Be True</arg>
<arg>${True}</arg>
<doc>Runs the given keyword with the given arguments, if ``condition`` is true.</doc>
<status status="PASS" start="2024-06-20T01:04:25.996686" elapsed="0.000991"/>
</kw>
<kw name="Run Keyword If" owner="BuiltIn">
<kw name="Should Be True" owner="BuiltIn">
<arg>${True}</arg>
<doc>Fails if the given condition is not true.</doc>
<status status="PASS" start="2024-06-20T01:04:25.998579" elapsed="0.000135"/>
</kw>
<arg>${json_data["results"][0]["location"]["coordinates"]["longitude"]} &gt;= -180 and ${json_data["results"][0]["location"]["coordinates"]["longitude"]} &lt;= 180</arg>
<arg>Should Be True</arg>
<arg>${True}</arg>
<doc>Runs the given keyword with the given arguments, if ``condition`` is true.</doc>
<status status="PASS" start="2024-06-20T01:04:25.997854" elapsed="0.000982"/>
</kw>
<status status="PASS" start="2024-06-20T01:04:25.899739" elapsed="0.099226"/>
</kw>
<doc>Testa o conteúdo específico dos campos retornados pela API.</doc>
<tag>testeConteudo</tag>
<status status="PASS" start="2024-06-20T01:04:25.899206" elapsed="0.099901"/>
</test>
<status status="PASS" start="2024-06-20T01:04:24.927296" elapsed="1.073699"/>
</suite>
<status status="PASS" start="2024-06-20T01:04:24.912910" elapsed="1.093187"/>
</suite>
<statistics>
<total>
<stat pass="5" fail="0" skip="0">All Tests</stat>
</total>
<tag>
<stat pass="1" fail="0" skip="0">testeConteudo</stat>
<stat pass="1" fail="0" skip="0">testeEstruturaResposta</stat>
<stat pass="1" fail="0" skip="0">testeRequisicaoBasica</stat>
<stat pass="1" fail="0" skip="0">testeTiposDados</stat>
</tag>
<suite>
<stat pass="5" fail="0" skip="0" id="s1" name="Tests">Tests</stat>
<stat pass="5" fail="0" skip="0" id="s1-s1" name="Random-User-Test">Tests.Random-User-Test</stat>
</suite>
</statistics>
<errors>
</errors>
</robot>
