<?xml version="1.0" encoding="UTF-8"?>
<robot generator="Robot 7.0 (Python 3.12.3 on linux)" generated="2024-05-29T05:15:12.022116" rpa="false" schemaversion="5">
<suite id="s1" name="Tests" source="/home/runner/work/ApiRandomUser/ApiRandomUser/RamdonUser/tests">
<suite id="s1-s1" name="Random-User-Test" source="/home/runner/work/ApiRandomUser/ApiRandomUser/RamdonUser/tests/random-user-test.robot">
<test id="s1-s1-t1" name="Conectar" line="13">
<kw name="Conectar API" owner="random-user-service">
<kw name="Create Session" owner="RequestsLibrary">
<msg time="2024-05-29T05:15:12.410974" level="INFO">Creating Session using : alias=consultarAPI, url=https://randomuser.me/, headers={},                     cookies={}, auth=None, timeout=None, proxies=None, verify=False,                     debug=0 </msg>
<arg>consultarAPI</arg>
<arg>${URL}</arg>
<doc>Create Session: create a HTTP session to a server</doc>
<status status="PASS" start="2024-05-29T05:15:12.410769" elapsed="0.000391"/>
</kw>
<status status="PASS" start="2024-05-29T05:15:12.409671" elapsed="0.001860"/>
</kw>
<status status="PASS" start="2024-05-29T05:15:12.409051" elapsed="0.002677"/>
</test>
<test id="s1-s1-t2" name="Validar retorno 200 e JSON Válido" line="16">
<kw name="Teste de Requisicao Basica" owner="random-user-service">
<kw name="GET On Session" owner="RequestsLibrary">
<msg time="2024-05-29T05:15:12.531136" level="INFO">GET Request : url=https://randomuser.me/api 
 path_url=/api 
 headers={'User-Agent': 'python-requests/2.32.2', 'Accept-Encoding': 'gzip, deflate', 'Accept': '*/*', 'Connection': 'keep-alive'} 
 body=None 
 </msg>
<msg time="2024-05-29T05:15:12.531298" level="INFO">GET Response : url=https://randomuser.me/api 
 status=200, reason=OK 
 headers={'Date': 'Wed, 29 May 2024 05:15:12 GMT', 'Content-Type': 'application/json; charset=utf-8', 'Transfer-Encoding': 'chunked', 'Connection': 'keep-alive', 'X-Powered-By': 'Express', 'Access-Control-Allow-Origin': '*', 'Cache-Control': 'no-cache', 'ETag': 'W/"49d-kx9HRP5wVP3xBndiEHUuGgcuz90"', 'Vary': 'Accept-Encoding', 'Content-Encoding': 'gzip', 'CF-Cache-Status': 'DYNAMIC', 'Report-To': '{"endpoints":[{"url":"https:\\/\\/a.nel.cloudflare.com\\/report\\/v4?s=zPa1A4K%2FMfF%2FZVarGuqv3gu9ZdHxiIWI9JoLN5tAM4Kpbq39cDsFIAbMh%2BUMWkMDC7ftke2hBSrrYXTXmvrk5qZPS0s3EEdIaQJvYxJgrY4IOqKtsXUJHEL38YP%2FsCQ3"}],"group":"cf-nel","max_age":604800}', 'NEL': '{"success_fraction":0,"report_to":"cf-nel","max_age":604800}', 'Server': 'cloudflare', 'CF-RAY': '88b4015adf761153-ORD', 'alt-svc': 'h3=":443"; ma=86400'} 
 body={"results":[{"gender":"male","name":{"title":"Mr","first":"Manuel","last":"Vega"},"location":{"street":{"number":3114,"name":"Calle de Arganzuela"},"city":"Pozuelo de Alarcón","state":"Región de Murcia","country":"Spain","postcode":36441,"coordinates":{"latitude":"-31.4366","longitude":"-105.8397"},"timezone":{"offset":"+4:00","description":"Abu Dhabi, Muscat, Baku, Tbilisi"}},"email":"manuel.vega@example.com","login":{"uuid":"bfa44bf4-d473-437d-88f4-c0ba75a50567","username":"yellowelephant783","password":"loki","salt":"1rBmoD2I","md5":"08fb6bf48031e62eec0622f730211758","sha1":"ed8975a3b78c5507c65d08ad602e9885007ce54a","sha256":"228c6e60f47f24c91d8862b53ec71645ede327fd6bd31a26433ce7be75f055f7"},"dob":{"date":"1945-12-25T06:10:32.247Z","age":78},"registered":{"date":"2016-08-12T08:44:41.026Z","age":7},"phone":"943-630-334","cell":"624-508-698","id":{"name":"DNI","value":"86672532-F"},"picture":{"large":"https://randomuser.me/api/portraits/men/65.jpg","medium":"https://randomuser.me/api/portraits/med/men/65.jpg","thumbnail":"https://randomuser.me/api/portraits/thumb/men/65.jpg"},"nat":"ES"}],"info":{"seed":"669fd784bef33f77","results":1,"page":1,"version":"1.4"}} 
 </msg>
<msg time="2024-05-29T05:15:12.531391" level="INFO">/opt/hostedtoolcache/Python/3.12.3/x64/lib/python3.12/site-packages/urllib3/connectionpool.py:1103: InsecureRequestWarning: Unverified HTTPS request is being made to host 'randomuser.me'. Adding certificate verification is strongly advised. See: https://urllib3.readthedocs.io/en/latest/advanced-usage.html#tls-warnings
  warnings.warn(</msg>
<msg time="2024-05-29T05:15:12.531568" level="INFO">${response} = &lt;Response [200]&gt;</msg>
<var>${response}</var>
<arg>consultarAPI</arg>
<arg>/api</arg>
<doc>Sends a GET request on a previously created HTTP Session.</doc>
<status status="PASS" start="2024-05-29T05:15:12.414412" elapsed="0.117197"/>
</kw>
<kw name="Should Be Equal As Numbers" owner="BuiltIn">
<msg time="2024-05-29T05:15:12.532554" level="INFO">Argument types are:
&lt;class 'int'&gt;
&lt;class 'str'&gt;</msg>
<arg>${response.status_code}</arg>
<arg>200</arg>
<doc>Fails if objects are unequal after converting them to real numbers.</doc>
<status status="PASS" start="2024-05-29T05:15:12.532107" elapsed="0.000511"/>
</kw>
<kw name="Log" owner="BuiltIn">
<msg time="2024-05-29T05:15:12.533304" level="INFO">200</msg>
<arg>${response.status_code}</arg>
<doc>Logs the given message with the given level.</doc>
<status status="PASS" start="2024-05-29T05:15:12.532963" elapsed="0.000387"/>
</kw>
<kw name="Set Variable" owner="BuiltIn">
<msg time="2024-05-29T05:15:12.534140" level="INFO">${json_data} = {'results': [{'gender': 'male', 'name': {'title': 'Mr', 'first': 'Manuel', 'last': 'Vega'}, 'location': {'street': {'number': 3114, 'name': 'Calle de Arganzuela'}, 'city': 'Pozuelo de Alarcón', 'state...</msg>
<var>${json_data}</var>
<arg>${response.json()}</arg>
<doc>Returns the given values which can then be assigned to a variables.</doc>
<status status="PASS" start="2024-05-29T05:15:12.533664" elapsed="0.000505"/>
</kw>
<kw name="Dictionary Should Contain Key" owner="Collections">
<msg time="2024-05-29T05:15:12.534646" level="INFO">False</msg>
<arg>${json_data}</arg>
<arg>results</arg>
<doc>Fails if ``key`` is not found from ``dictionary``.</doc>
<status status="PASS" start="2024-05-29T05:15:12.534475" elapsed="0.000364"/>
</kw>
<status status="PASS" start="2024-05-29T05:15:12.414157" elapsed="0.120948"/>
</kw>
<doc>Testa se a API responde corretamente e retorna um objeto JSON válido.</doc>
<tag>testeRequisicaoBasica</tag>
<status status="PASS" start="2024-05-29T05:15:12.413614" elapsed="0.121675"/>
</test>
<test id="s1-s1-t3" name="Validar estrutura de resposta" line="22">
<kw name="Teste de Estrutura de Resposta" owner="random-user-service">
<kw name="GET On Session" owner="RequestsLibrary">
<msg time="2024-05-29T05:15:12.617432" level="INFO">GET Request : url=https://randomuser.me/api 
 path_url=/api 
 headers={'User-Agent': 'python-requests/2.32.2', 'Accept-Encoding': 'gzip, deflate', 'Accept': '*/*', 'Connection': 'keep-alive'} 
 body=None 
 </msg>
<msg time="2024-05-29T05:15:12.617549" level="INFO">GET Response : url=https://randomuser.me/api 
 status=200, reason=OK 
 headers={'Date': 'Wed, 29 May 2024 05:15:12 GMT', 'Content-Type': 'application/json; charset=utf-8', 'Transfer-Encoding': 'chunked', 'Connection': 'keep-alive', 'X-Powered-By': 'Express', 'Access-Control-Allow-Origin': '*', 'Cache-Control': 'no-cache', 'ETag': 'W/"478-8XlbwhKVxAi/ZLCePrJ+alkdR3c"', 'Vary': 'Accept-Encoding', 'Content-Encoding': 'gzip', 'CF-Cache-Status': 'DYNAMIC', 'Report-To': '{"endpoints":[{"url":"https:\\/\\/a.nel.cloudflare.com\\/report\\/v4?s=C24%2BJXAwj5pIF%2F53Kf%2BLMxWKxpHjtIfrn7NIwGYmZT540PszLHbRKs96LLjMBNfTuXtIUuvA7qyIRwVBQXOCVSeD%2FaXWrHXs3pDyJb3Dgo9IpDbkWGtx6HtWZT070yjX"}],"group":"cf-nel","max_age":604800}', 'NEL': '{"success_fraction":0,"report_to":"cf-nel","max_age":604800}', 'Server': 'cloudflare', 'CF-RAY': '88b4015b6ff31153-ORD', 'alt-svc': 'h3=":443"; ma=86400'} 
 body={"results":[{"gender":"male","name":{"title":"Mr","first":"Robbin","last":"Baaijens"},"location":{"street":{"number":943,"name":"Hoge Klei"},"city":"Hantumhuizen","state":"Overijssel","country":"Netherlands","postcode":"2894 RA","coordinates":{"latitude":"35.4188","longitude":"-53.1210"},"timezone":{"offset":"-10:00","description":"Hawaii"}},"email":"robbin.baaijens@example.com","login":{"uuid":"c011b5b8-dd7c-4e53-b934-03705b81a658","username":"brownfish134","password":"money1","salt":"Z2EX6voE","md5":"f7ab80bda2ce0e8d61407a8ad2205d9a","sha1":"750740dee953a053abf9d20d0fe678dbb44fbfdb","sha256":"6ef112d45fcdf3a776362281efef39dfaa01b841c6a3a2365404f208816fbe6f"},"dob":{"date":"1958-09-27T10:44:06.205Z","age":65},"registered":{"date":"2011-11-27T12:56:45.936Z","age":12},"phone":"(037) 5164351","cell":"(06) 69683266","id":{"name":"BSN","value":"15601423"},"picture":{"large":"https://randomuser.me/api/portraits/men/5.jpg","medium":"https://randomuser.me/api/portraits/med/men/5.jpg","thumbnail":"https://randomuser.me/api/portraits/thumb/men/5.jpg"},"nat":"NL"}],"info":{"seed":"001510a650b64bdc","results":1,"page":1,"version":"1.4"}} 
 </msg>
<msg time="2024-05-29T05:15:12.617700" level="INFO">/opt/hostedtoolcache/Python/3.12.3/x64/lib/python3.12/site-packages/urllib3/connectionpool.py:1103: InsecureRequestWarning: Unverified HTTPS request is being made to host 'randomuser.me'. Adding certificate verification is strongly advised. See: https://urllib3.readthedocs.io/en/latest/advanced-usage.html#tls-warnings
  warnings.warn(</msg>
<msg time="2024-05-29T05:15:12.617885" level="INFO">${response} = &lt;Response [200]&gt;</msg>
<var>${response}</var>
<arg>consultarAPI</arg>
<arg>/api</arg>
<doc>Sends a GET request on a previously created HTTP Session.</doc>
<status status="PASS" start="2024-05-29T05:15:12.537850" elapsed="0.080075"/>
</kw>
<kw name="Set Variable" owner="BuiltIn">
<msg time="2024-05-29T05:15:12.618967" level="INFO">${json_data} = {'results': [{'gender': 'male', 'name': {'title': 'Mr', 'first': 'Robbin', 'last': 'Baaijens'}, 'location': {'street': {'number': 943, 'name': 'Hoge Klei'}, 'city': 'Hantumhuizen', 'state': 'Overijsse...</msg>
<var>${json_data}</var>
<arg>${response.json()}</arg>
<doc>Returns the given values which can then be assigned to a variables.</doc>
<status status="PASS" start="2024-05-29T05:15:12.618443" elapsed="0.000553"/>
</kw>
<kw name="Log" owner="BuiltIn">
<msg time="2024-05-29T05:15:12.619471" level="INFO">{'results': [{'gender': 'male', 'name': {'title': 'Mr', 'first': 'Robbin', 'last': 'Baaijens'}, 'location': {'street': {'number': 943, 'name': 'Hoge Klei'}, 'city': 'Hantumhuizen', 'state': 'Overijssel', 'country': 'Netherlands', 'postcode': '2894 RA', 'coordinates': {'latitude': '35.4188', 'longitude': '-53.1210'}, 'timezone': {'offset': '-10:00', 'description': 'Hawaii'}}, 'email': 'robbin.baaijens@example.com', 'login': {'uuid': 'c011b5b8-dd7c-4e53-b934-03705b81a658', 'username': 'brownfish134', 'password': 'money1', 'salt': 'Z2EX6voE', 'md5': 'f7ab80bda2ce0e8d61407a8ad2205d9a', 'sha1': '750740dee953a053abf9d20d0fe678dbb44fbfdb', 'sha256': '6ef112d45fcdf3a776362281efef39dfaa01b841c6a3a2365404f208816fbe6f'}, 'dob': {'date': '1958-09-27T10:44:06.205Z', 'age': 65}, 'registered': {'date': '2011-11-27T12:56:45.936Z', 'age': 12}, 'phone': '(037) 5164351', 'cell': '(06) 69683266', 'id': {'name': 'BSN', 'value': '15601423'}, 'picture': {'large': 'https://randomuser.me/api/portraits/men/5.jpg', 'medium': 'https://randomuser.me/api/portraits/med/men/5.jpg', 'thumbnail': 'https://randomuser.me/api/portraits/thumb/men/5.jpg'}, 'nat': 'NL'}], 'info': {'seed': '001510a650b64bdc', 'results': 1, 'page': 1, 'version': '1.4'}}</msg>
<arg>${json_data}</arg>
<doc>Logs the given message with the given level.</doc>
<status status="PASS" start="2024-05-29T05:15:12.619310" elapsed="0.000209"/>
</kw>
<kw name="Dictionary Should Contain Key" owner="Collections">
<msg time="2024-05-29T05:15:12.619982" level="INFO">False</msg>
<arg>${json_data}</arg>
<arg>results</arg>
<doc>Fails if ``key`` is not found from ``dictionary``.</doc>
<status status="PASS" start="2024-05-29T05:15:12.619823" elapsed="0.000197"/>
</kw>
<kw name="Should Not Be Empty" owner="BuiltIn">
<msg time="2024-05-29T05:15:12.620458" level="INFO">Length is 2.</msg>
<arg>${json_data}</arg>
<doc>Verifies that the given item is not empty.</doc>
<status status="PASS" start="2024-05-29T05:15:12.620319" elapsed="0.000178"/>
</kw>
<kw name="Create List" owner="BuiltIn">
<msg time="2024-05-29T05:15:12.620947" level="INFO">${expected_keys} = ['gender', 'name', 'location', 'email', 'login']</msg>
<var>${expected_keys}</var>
<arg>gender</arg>
<arg>name</arg>
<arg>location</arg>
<arg>email</arg>
<arg>login</arg>
<doc>Returns a list containing given items.</doc>
<status status="PASS" start="2024-05-29T05:15:12.620798" elapsed="0.000173"/>
</kw>
<for flavor="IN">
<iter>
<kw name="Dictionary Should Contain Key" owner="Collections">
<msg time="2024-05-29T05:15:12.622028" level="INFO">False</msg>
<arg>${json_data['results'][0]}</arg>
<arg>${key}</arg>
<doc>Fails if ``key`` is not found from ``dictionary``.</doc>
<status status="PASS" start="2024-05-29T05:15:12.621588" elapsed="0.000480"/>
</kw>
<kw name="Log" owner="BuiltIn">
<msg time="2024-05-29T05:15:12.622748" level="INFO">{'gender': 'male', 'name': {'title': 'Mr', 'first': 'Robbin', 'last': 'Baaijens'}, 'location': {'street': {'number': 943, 'name': 'Hoge Klei'}, 'city': 'Hantumhuizen', 'state': 'Overijssel', 'country': 'Netherlands', 'postcode': '2894 RA', 'coordinates': {'latitude': '35.4188', 'longitude': '-53.1210'}, 'timezone': {'offset': '-10:00', 'description': 'Hawaii'}}, 'email': 'robbin.baaijens@example.com', 'login': {'uuid': 'c011b5b8-dd7c-4e53-b934-03705b81a658', 'username': 'brownfish134', 'password': 'money1', 'salt': 'Z2EX6voE', 'md5': 'f7ab80bda2ce0e8d61407a8ad2205d9a', 'sha1': '750740dee953a053abf9d20d0fe678dbb44fbfdb', 'sha256': '6ef112d45fcdf3a776362281efef39dfaa01b841c6a3a2365404f208816fbe6f'}, 'dob': {'date': '1958-09-27T10:44:06.205Z', 'age': 65}, 'registered': {'date': '2011-11-27T12:56:45.936Z', 'age': 12}, 'phone': '(037) 5164351', 'cell': '(06) 69683266', 'id': {'name': 'BSN', 'value': '15601423'}, 'picture': {'large': 'https://randomuser.me/api/portraits/men/5.jpg', 'medium': 'https://randomuser.me/api/portraits/med/men/5.jpg', 'thumbnail': 'https://randomuser.me/api/portraits/thumb/men/5.jpg'}, 'nat': 'NL'}</msg>
<arg>${json_data['results'][0]}</arg>
<doc>Logs the given message with the given level.</doc>
<status status="PASS" start="2024-05-29T05:15:12.622376" elapsed="0.000421"/>
</kw>
<kw name="Log" owner="BuiltIn">
<msg time="2024-05-29T05:15:12.623235" level="INFO">gender</msg>
<arg>${key}</arg>
<doc>Logs the given message with the given level.</doc>
<status status="PASS" start="2024-05-29T05:15:12.623104" elapsed="0.000169"/>
</kw>
<var name="${key}">gender</var>
<status status="PASS" start="2024-05-29T05:15:12.621457" elapsed="0.002035"/>
</iter>
<iter>
<kw name="Dictionary Should Contain Key" owner="Collections">
<msg time="2024-05-29T05:15:12.624182" level="INFO">False</msg>
<arg>${json_data['results'][0]}</arg>
<arg>${key}</arg>
<doc>Fails if ``key`` is not found from ``dictionary``.</doc>
<status status="PASS" start="2024-05-29T05:15:12.623798" elapsed="0.000421"/>
</kw>
<kw name="Log" owner="BuiltIn">
<msg time="2024-05-29T05:15:12.624905" level="INFO">{'gender': 'male', 'name': {'title': 'Mr', 'first': 'Robbin', 'last': 'Baaijens'}, 'location': {'street': {'number': 943, 'name': 'Hoge Klei'}, 'city': 'Hantumhuizen', 'state': 'Overijssel', 'country': 'Netherlands', 'postcode': '2894 RA', 'coordinates': {'latitude': '35.4188', 'longitude': '-53.1210'}, 'timezone': {'offset': '-10:00', 'description': 'Hawaii'}}, 'email': 'robbin.baaijens@example.com', 'login': {'uuid': 'c011b5b8-dd7c-4e53-b934-03705b81a658', 'username': 'brownfish134', 'password': 'money1', 'salt': 'Z2EX6voE', 'md5': 'f7ab80bda2ce0e8d61407a8ad2205d9a', 'sha1': '750740dee953a053abf9d20d0fe678dbb44fbfdb', 'sha256': '6ef112d45fcdf3a776362281efef39dfaa01b841c6a3a2365404f208816fbe6f'}, 'dob': {'date': '1958-09-27T10:44:06.205Z', 'age': 65}, 'registered': {'date': '2011-11-27T12:56:45.936Z', 'age': 12}, 'phone': '(037) 5164351', 'cell': '(06) 69683266', 'id': {'name': 'BSN', 'value': '15601423'}, 'picture': {'large': 'https://randomuser.me/api/portraits/men/5.jpg', 'medium': 'https://randomuser.me/api/portraits/med/men/5.jpg', 'thumbnail': 'https://randomuser.me/api/portraits/thumb/men/5.jpg'}, 'nat': 'NL'}</msg>
<arg>${json_data['results'][0]}</arg>
<doc>Logs the given message with the given level.</doc>
<status status="PASS" start="2024-05-29T05:15:12.624545" elapsed="0.000408"/>
</kw>
<kw name="Log" owner="BuiltIn">
<msg time="2024-05-29T05:15:12.625389" level="INFO">name</msg>
<arg>${key}</arg>
<doc>Logs the given message with the given level.</doc>
<status status="PASS" start="2024-05-29T05:15:12.625255" elapsed="0.000172"/>
</kw>
<var name="${key}">name</var>
<status status="PASS" start="2024-05-29T05:15:12.623681" elapsed="0.001964"/>
</iter>
<iter>
<kw name="Dictionary Should Contain Key" owner="Collections">
<msg time="2024-05-29T05:15:12.626344" level="INFO">False</msg>
<arg>${json_data['results'][0]}</arg>
<arg>${key}</arg>
<doc>Fails if ``key`` is not found from ``dictionary``.</doc>
<status status="PASS" start="2024-05-29T05:15:12.625967" elapsed="0.000415"/>
</kw>
<kw name="Log" owner="BuiltIn">
<msg time="2024-05-29T05:15:12.627048" level="INFO">{'gender': 'male', 'name': {'title': 'Mr', 'first': 'Robbin', 'last': 'Baaijens'}, 'location': {'street': {'number': 943, 'name': 'Hoge Klei'}, 'city': 'Hantumhuizen', 'state': 'Overijssel', 'country': 'Netherlands', 'postcode': '2894 RA', 'coordinates': {'latitude': '35.4188', 'longitude': '-53.1210'}, 'timezone': {'offset': '-10:00', 'description': 'Hawaii'}}, 'email': 'robbin.baaijens@example.com', 'login': {'uuid': 'c011b5b8-dd7c-4e53-b934-03705b81a658', 'username': 'brownfish134', 'password': 'money1', 'salt': 'Z2EX6voE', 'md5': 'f7ab80bda2ce0e8d61407a8ad2205d9a', 'sha1': '750740dee953a053abf9d20d0fe678dbb44fbfdb', 'sha256': '6ef112d45fcdf3a776362281efef39dfaa01b841c6a3a2365404f208816fbe6f'}, 'dob': {'date': '1958-09-27T10:44:06.205Z', 'age': 65}, 'registered': {'date': '2011-11-27T12:56:45.936Z', 'age': 12}, 'phone': '(037) 5164351', 'cell': '(06) 69683266', 'id': {'name': 'BSN', 'value': '15601423'}, 'picture': {'large': 'https://randomuser.me/api/portraits/men/5.jpg', 'medium': 'https://randomuser.me/api/portraits/med/men/5.jpg', 'thumbnail': 'https://randomuser.me/api/portraits/thumb/men/5.jpg'}, 'nat': 'NL'}</msg>
<arg>${json_data['results'][0]}</arg>
<doc>Logs the given message with the given level.</doc>
<status status="PASS" start="2024-05-29T05:15:12.626683" elapsed="0.000413"/>
</kw>
<kw name="Log" owner="BuiltIn">
<msg time="2024-05-29T05:15:12.627532" level="INFO">location</msg>
<arg>${key}</arg>
<doc>Logs the given message with the given level.</doc>
<status status="PASS" start="2024-05-29T05:15:12.627403" elapsed="0.000168"/>
</kw>
<var name="${key}">location</var>
<status status="PASS" start="2024-05-29T05:15:12.625849" elapsed="0.001942"/>
</iter>
<iter>
<kw name="Dictionary Should Contain Key" owner="Collections">
<msg time="2024-05-29T05:15:12.628588" level="INFO">False</msg>
<arg>${json_data['results'][0]}</arg>
<arg>${key}</arg>
<doc>Fails if ``key`` is not found from ``dictionary``.</doc>
<status status="PASS" start="2024-05-29T05:15:12.628079" elapsed="0.000548"/>
</kw>
<kw name="Log" owner="BuiltIn">
<msg time="2024-05-29T05:15:12.629290" level="INFO">{'gender': 'male', 'name': {'title': 'Mr', 'first': 'Robbin', 'last': 'Baaijens'}, 'location': {'street': {'number': 943, 'name': 'Hoge Klei'}, 'city': 'Hantumhuizen', 'state': 'Overijssel', 'country': 'Netherlands', 'postcode': '2894 RA', 'coordinates': {'latitude': '35.4188', 'longitude': '-53.1210'}, 'timezone': {'offset': '-10:00', 'description': 'Hawaii'}}, 'email': 'robbin.baaijens@example.com', 'login': {'uuid': 'c011b5b8-dd7c-4e53-b934-03705b81a658', 'username': 'brownfish134', 'password': 'money1', 'salt': 'Z2EX6voE', 'md5': 'f7ab80bda2ce0e8d61407a8ad2205d9a', 'sha1': '750740dee953a053abf9d20d0fe678dbb44fbfdb', 'sha256': '6ef112d45fcdf3a776362281efef39dfaa01b841c6a3a2365404f208816fbe6f'}, 'dob': {'date': '1958-09-27T10:44:06.205Z', 'age': 65}, 'registered': {'date': '2011-11-27T12:56:45.936Z', 'age': 12}, 'phone': '(037) 5164351', 'cell': '(06) 69683266', 'id': {'name': 'BSN', 'value': '15601423'}, 'picture': {'large': 'https://randomuser.me/api/portraits/men/5.jpg', 'medium': 'https://randomuser.me/api/portraits/med/men/5.jpg', 'thumbnail': 'https://randomuser.me/api/portraits/thumb/men/5.jpg'}, 'nat': 'NL'}</msg>
<arg>${json_data['results'][0]}</arg>
<doc>Logs the given message with the given level.</doc>
<status status="PASS" start="2024-05-29T05:15:12.628931" elapsed="0.000407"/>
</kw>
<kw name="Log" owner="BuiltIn">
<msg time="2024-05-29T05:15:12.629763" level="INFO">email</msg>
<arg>${key}</arg>
<doc>Logs the given message with the given level.</doc>
<status status="PASS" start="2024-05-29T05:15:12.629636" elapsed="0.000185"/>
</kw>
<var name="${key}">email</var>
<status status="PASS" start="2024-05-29T05:15:12.627966" elapsed="0.002077"/>
</iter>
<iter>
<kw name="Dictionary Should Contain Key" owner="Collections">
<msg time="2024-05-29T05:15:12.630708" level="INFO">False</msg>
<arg>${json_data['results'][0]}</arg>
<arg>${key}</arg>
<doc>Fails if ``key`` is not found from ``dictionary``.</doc>
<status status="PASS" start="2024-05-29T05:15:12.630332" elapsed="0.000412"/>
</kw>
<kw name="Log" owner="BuiltIn">
<msg time="2024-05-29T05:15:12.631401" level="INFO">{'gender': 'male', 'name': {'title': 'Mr', 'first': 'Robbin', 'last': 'Baaijens'}, 'location': {'street': {'number': 943, 'name': 'Hoge Klei'}, 'city': 'Hantumhuizen', 'state': 'Overijssel', 'country': 'Netherlands', 'postcode': '2894 RA', 'coordinates': {'latitude': '35.4188', 'longitude': '-53.1210'}, 'timezone': {'offset': '-10:00', 'description': 'Hawaii'}}, 'email': 'robbin.baaijens@example.com', 'login': {'uuid': 'c011b5b8-dd7c-4e53-b934-03705b81a658', 'username': 'brownfish134', 'password': 'money1', 'salt': 'Z2EX6voE', 'md5': 'f7ab80bda2ce0e8d61407a8ad2205d9a', 'sha1': '750740dee953a053abf9d20d0fe678dbb44fbfdb', 'sha256': '6ef112d45fcdf3a776362281efef39dfaa01b841c6a3a2365404f208816fbe6f'}, 'dob': {'date': '1958-09-27T10:44:06.205Z', 'age': 65}, 'registered': {'date': '2011-11-27T12:56:45.936Z', 'age': 12}, 'phone': '(037) 5164351', 'cell': '(06) 69683266', 'id': {'name': 'BSN', 'value': '15601423'}, 'picture': {'large': 'https://randomuser.me/api/portraits/men/5.jpg', 'medium': 'https://randomuser.me/api/portraits/med/men/5.jpg', 'thumbnail': 'https://randomuser.me/api/portraits/thumb/men/5.jpg'}, 'nat': 'NL'}</msg>
<arg>${json_data['results'][0]}</arg>
<doc>Logs the given message with the given level.</doc>
<status status="PASS" start="2024-05-29T05:15:12.631039" elapsed="0.000410"/>
</kw>
<kw name="Log" owner="BuiltIn">
<msg time="2024-05-29T05:15:12.631870" level="INFO">login</msg>
<arg>${key}</arg>
<doc>Logs the given message with the given level.</doc>
<status status="PASS" start="2024-05-29T05:15:12.631743" elapsed="0.000165"/>
</kw>
<var name="${key}">login</var>
<status status="PASS" start="2024-05-29T05:15:12.630217" elapsed="0.001910"/>
</iter>
<var>${key}</var>
<value>@{expected_keys}</value>
<status status="PASS" start="2024-05-29T05:15:12.621251" elapsed="0.011025"/>
</for>
<kw name="Create List" owner="BuiltIn">
<msg time="2024-05-29T05:15:12.632621" level="INFO">${expected_keysTwo} = ['username', 'password']</msg>
<var>${expected_keysTwo}</var>
<arg>username</arg>
<arg>password</arg>
<doc>Returns a list containing given items.</doc>
<status status="PASS" start="2024-05-29T05:15:12.632482" elapsed="0.000163"/>
</kw>
<for flavor="IN">
<iter>
<kw name="Dictionary Should Contain Key" owner="Collections">
<msg time="2024-05-29T05:15:12.633535" level="INFO">False</msg>
<arg>${json_data['results'][0]['login']}</arg>
<arg>${keyTwo}</arg>
<doc>Fails if ``key`` is not found from ``dictionary``.</doc>
<status status="PASS" start="2024-05-29T05:15:12.633152" elapsed="0.000419"/>
</kw>
<kw name="Dictionary Should Contain Key" owner="Collections">
<msg time="2024-05-29T05:15:12.634269" level="INFO">False</msg>
<arg>${json_data['results'][0]['login']}</arg>
<arg>${keyTwo}</arg>
<doc>Fails if ``key`` is not found from ``dictionary``.</doc>
<status status="PASS" start="2024-05-29T05:15:12.633890" elapsed="0.000416"/>
</kw>
<kw name="Log" owner="BuiltIn">
<msg time="2024-05-29T05:15:12.634727" level="INFO">username</msg>
<arg>${keyTwo}</arg>
<doc>Logs the given message with the given level.</doc>
<status status="PASS" start="2024-05-29T05:15:12.634599" elapsed="0.000165"/>
</kw>
<var name="${keyTwo}">username</var>
<status status="PASS" start="2024-05-29T05:15:12.633041" elapsed="0.001937"/>
</iter>
<iter>
<kw name="Dictionary Should Contain Key" owner="Collections">
<msg time="2024-05-29T05:15:12.635642" level="INFO">False</msg>
<arg>${json_data['results'][0]['login']}</arg>
<arg>${keyTwo}</arg>
<doc>Fails if ``key`` is not found from ``dictionary``.</doc>
<status status="PASS" start="2024-05-29T05:15:12.635260" elapsed="0.000420"/>
</kw>
<kw name="Dictionary Should Contain Key" owner="Collections">
<msg time="2024-05-29T05:15:12.636345" level="INFO">False</msg>
<arg>${json_data['results'][0]['login']}</arg>
<arg>${keyTwo}</arg>
<doc>Fails if ``key`` is not found from ``dictionary``.</doc>
<status status="PASS" start="2024-05-29T05:15:12.635972" elapsed="0.000410"/>
</kw>
<kw name="Log" owner="BuiltIn">
<msg time="2024-05-29T05:15:12.636808" level="INFO">password</msg>
<arg>${keyTwo}</arg>
<doc>Logs the given message with the given level.</doc>
<status status="PASS" start="2024-05-29T05:15:12.636681" elapsed="0.000163"/>
</kw>
<var name="${keyTwo}">password</var>
<status status="PASS" start="2024-05-29T05:15:12.635149" elapsed="0.001913"/>
</iter>
<var>${keyTwo}</var>
<value>@{expected_keysTwo}</value>
<status status="PASS" start="2024-05-29T05:15:12.632886" elapsed="0.004296"/>
</for>
<status status="PASS" start="2024-05-29T05:15:12.537581" elapsed="0.099745"/>
</kw>
<doc>Testa a estrutura da resposta da API.</doc>
<tag>testeEstruturaResposta</tag>
<status status="PASS" start="2024-05-29T05:15:12.537080" elapsed="0.100405"/>
</test>
<test id="s1-s1-t4" name="Validar tipos de dados" line="28">
<kw name="Teste de Tipos de Dados" owner="random-user-service">
<kw name="GET On Session" owner="RequestsLibrary">
<msg time="2024-05-29T05:15:12.710855" level="INFO">GET Request : url=https://randomuser.me/api 
 path_url=/api 
 headers={'User-Agent': 'python-requests/2.32.2', 'Accept-Encoding': 'gzip, deflate', 'Accept': '*/*', 'Connection': 'keep-alive'} 
 body=None 
 </msg>
<msg time="2024-05-29T05:15:12.710965" level="INFO">GET Response : url=https://randomuser.me/api 
 status=200, reason=OK 
 headers={'Date': 'Wed, 29 May 2024 05:15:12 GMT', 'Content-Type': 'application/json; charset=utf-8', 'Transfer-Encoding': 'chunked', 'Connection': 'keep-alive', 'X-Powered-By': 'Express', 'Access-Control-Allow-Origin': '*', 'Cache-Control': 'no-cache', 'ETag': 'W/"47c-wrxb/vW6N2EmAALzVJJiDddma/g"', 'Vary': 'Accept-Encoding', 'Content-Encoding': 'gzip', 'CF-Cache-Status': 'DYNAMIC', 'Report-To': '{"endpoints":[{"url":"https:\\/\\/a.nel.cloudflare.com\\/report\\/v4?s=OO%2FRoEcPpSJQbm0%2BLod7%2BVmgYDkagYNHLYbten8YRrV7jBrjisGxGTxj2Eyi%2BVryB2YEsPedQEy3Ts%2FM1n3ItZUCqrNMq86skRQacJLCrasDvvYRKJldhehvab4i7WQ4"}],"group":"cf-nel","max_age":604800}', 'NEL': '{"success_fraction":0,"report_to":"cf-nel","max_age":604800}', 'Server': 'cloudflare', 'CF-RAY': '88b4015c08741153-ORD', 'alt-svc': 'h3=":443"; ma=86400'} 
 body={"results":[{"gender":"female","name":{"title":"Miss","first":"آنیتا","last":"مرادی"},"location":{"street":{"number":6090,"name":"امام خمینی"},"city":"بابل","state":"کرمانشاه","country":"Iran","postcode":16919,"coordinates":{"latitude":"20.2501","longitude":"1.9591"},"timezone":{"offset":"-10:00","description":"Hawaii"}},"email":"anyt.mrdy@example.com","login":{"uuid":"0901913d-17ea-469a-92ee-bb3ebfa02ef4","username":"tinypanda749","password":"underdog","salt":"B4NzKN1k","md5":"84ec7461588dcbdb871be6aabceb73cd","sha1":"1ef16bec0c9a11e0a9cc9baa1eab645bb4ed3226","sha256":"9afb76e90a702a1b735fc055cb0946961c0a1c69c1dc7151d96f27def8f8d2d6"},"dob":{"date":"1957-10-22T08:21:29.431Z","age":66},"registered":{"date":"2020-05-08T19:04:02.440Z","age":4},"phone":"096-01992342","cell":"0991-362-0716","id":{"name":"","value":null},"picture":{"large":"https://randomuser.me/api/portraits/women/71.jpg","medium":"https://randomuser.me/api/portraits/med/women/71.jpg","thumbnail":"https://randomuser.me/api/portraits/thumb/women/71.jpg"},"nat":"IR"}],"info":{"seed":"89851fce43b3b40e","results":1,"page":1,"version":"1.4"}} 
 </msg>
<msg time="2024-05-29T05:15:12.711042" level="INFO">/opt/hostedtoolcache/Python/3.12.3/x64/lib/python3.12/site-packages/urllib3/connectionpool.py:1103: InsecureRequestWarning: Unverified HTTPS request is being made to host 'randomuser.me'. Adding certificate verification is strongly advised. See: https://urllib3.readthedocs.io/en/latest/advanced-usage.html#tls-warnings
  warnings.warn(</msg>
<msg time="2024-05-29T05:15:12.711185" level="INFO">${response} = &lt;Response [200]&gt;</msg>
<var>${response}</var>
<arg>consultarAPI</arg>
<arg>/api</arg>
<doc>Sends a GET request on a previously created HTTP Session.</doc>
<status status="PASS" start="2024-05-29T05:15:12.639990" elapsed="0.071238"/>
</kw>
<kw name="Set Variable" owner="BuiltIn">
<msg time="2024-05-29T05:15:12.712292" level="INFO">${json_data} = {'results': [{'gender': 'female', 'name': {'title': 'Miss', 'first': 'آنیتا', 'last': 'مرادی'}, 'location': {'street': {'number': 6090, 'name': 'امام خمینی'}, 'city': 'بابل', 'state': 'کرمانشاه', 'cou...</msg>
<var>${json_data}</var>
<arg>${response.json()}</arg>
<doc>Returns the given values which can then be assigned to a variables.</doc>
<status status="PASS" start="2024-05-29T05:15:12.711759" elapsed="0.000564"/>
</kw>
<kw name="Log" owner="BuiltIn">
<msg time="2024-05-29T05:15:12.712797" level="INFO">{'results': [{'gender': 'female', 'name': {'title': 'Miss', 'first': 'آنیتا', 'last': 'مرادی'}, 'location': {'street': {'number': 6090, 'name': 'امام خمینی'}, 'city': 'بابل', 'state': 'کرمانشاه', 'country': 'Iran', 'postcode': 16919, 'coordinates': {'latitude': '20.2501', 'longitude': '1.9591'}, 'timezone': {'offset': '-10:00', 'description': 'Hawaii'}}, 'email': 'anyt.mrdy@example.com', 'login': {'uuid': '0901913d-17ea-469a-92ee-bb3ebfa02ef4', 'username': 'tinypanda749', 'password': 'underdog', 'salt': 'B4NzKN1k', 'md5': '84ec7461588dcbdb871be6aabceb73cd', 'sha1': '1ef16bec0c9a11e0a9cc9baa1eab645bb4ed3226', 'sha256': '9afb76e90a702a1b735fc055cb0946961c0a1c69c1dc7151d96f27def8f8d2d6'}, 'dob': {'date': '1957-10-22T08:21:29.431Z', 'age': 66}, 'registered': {'date': '2020-05-08T19:04:02.440Z', 'age': 4}, 'phone': '096-01992342', 'cell': '0991-362-0716', 'id': {'name': '', 'value': None}, 'picture': {'large': 'https://randomuser.me/api/portraits/women/71.jpg', 'medium': 'https://randomuser.me/api/portraits/med/women/71.jpg', 'thumbnail': 'https://randomuser.me/api/portraits/thumb/women/71.jpg'}, 'nat': 'IR'}], 'info': {'seed': '89851fce43b3b40e', 'results': 1, 'page': 1, 'version': '1.4'}}</msg>
<arg>${json_data}</arg>
<doc>Logs the given message with the given level.</doc>
<status status="PASS" start="2024-05-29T05:15:12.712637" elapsed="0.000210"/>
</kw>
<kw name="Should Be String" owner="String">
<arg>${json_data['results'][0]['gender']}</arg>
<doc>Fails if the given ``item`` is not a string.</doc>
<status status="PASS" start="2024-05-29T05:15:12.713183" elapsed="0.000365"/>
</kw>
<kw name="Should Match Regexp" owner="BuiltIn">
<arg>${json_data['results'][0]['email']}</arg>
<arg>^[a-zA-Z0-9._%+-]+@[a-zA-Z0-9.-]+\.[a-zA-Z]{2,}$</arg>
<doc>Fails if ``string`` does not match ``pattern`` as a regular expression.</doc>
<status status="PASS" start="2024-05-29T05:15:12.713748" elapsed="0.000709"/>
</kw>
<kw name="Should Match Regexp" owner="BuiltIn">
<arg>${json_data['results'][0]['dob']['date']}</arg>
<arg>\\d{4}-\\d{2}-\\d{2}T\\d{2}:\\d{2}:\\d{2}\\.\\d{3}Z</arg>
<doc>Fails if ``string`` does not match ``pattern`` as a regular expression.</doc>
<status status="PASS" start="2024-05-29T05:15:12.714656" elapsed="0.000485"/>
</kw>
<kw name="Should Match Regexp" owner="BuiltIn">
<arg>${json_data['results'][0]['registered']['date']}</arg>
<arg>\\d{4}-\\d{2}-\\d{2}T\\d{2}:\\d{2}:\\d{2}\\.\\d{3}Z</arg>
<doc>Fails if ``string`` does not match ``pattern`` as a regular expression.</doc>
<status status="PASS" start="2024-05-29T05:15:12.715335" elapsed="0.000371"/>
</kw>
<kw name="Should Match Regexp" owner="BuiltIn">
<arg>${json_data['results'][0]['picture']['large']}</arg>
<arg>^https?://.*\.(?:png|jpe?g|gif|bmp)$</arg>
<doc>Fails if ``string`` does not match ``pattern`` as a regular expression.</doc>
<status status="PASS" start="2024-05-29T05:15:12.715897" elapsed="0.000458"/>
</kw>
<kw name="Should Match Regexp" owner="BuiltIn">
<arg>${json_data['results'][0]['picture']['medium']}</arg>
<arg>^https?://.*\.(?:png|jpe?g|gif|bmp)$</arg>
<doc>Fails if ``string`` does not match ``pattern`` as a regular expression.</doc>
<status status="PASS" start="2024-05-29T05:15:12.716546" elapsed="0.000351"/>
</kw>
<kw name="Should Match Regexp" owner="BuiltIn">
<arg>${json_data['results'][0]['picture']['thumbnail']}</arg>
<arg>^https?://.*\.(?:png|jpe?g|gif|bmp)$</arg>
<doc>Fails if ``string`` does not match ``pattern`` as a regular expression.</doc>
<status status="PASS" start="2024-05-29T05:15:12.717105" elapsed="0.000370"/>
</kw>
<kw name="Log" owner="BuiltIn">
<msg time="2024-05-29T05:15:12.718007" level="INFO">{'large': 'https://randomuser.me/api/portraits/women/71.jpg', 'medium': 'https://randomuser.me/api/portraits/med/women/71.jpg', 'thumbnail': 'https://randomuser.me/api/portraits/thumb/women/71.jpg'}</msg>
<arg>${json_data['results'][0]['picture']}</arg>
<doc>Logs the given message with the given level.</doc>
<status status="PASS" start="2024-05-29T05:15:12.717661" elapsed="0.000388"/>
</kw>
<status status="PASS" start="2024-05-29T05:15:12.639745" elapsed="0.078565"/>
</kw>
<kw name="Teste de Tipos de Dados - Postcode" owner="random-user-service">
<kw name="GET On Session" owner="RequestsLibrary">
<msg time="2024-05-29T05:15:12.809448" level="INFO">GET Request : url=https://randomuser.me/api 
 path_url=/api 
 headers={'User-Agent': 'python-requests/2.32.2', 'Accept-Encoding': 'gzip, deflate', 'Accept': '*/*', 'Connection': 'keep-alive'} 
 body=None 
 </msg>
<msg time="2024-05-29T05:15:12.809531" level="INFO">GET Response : url=https://randomuser.me/api 
 status=200, reason=OK 
 headers={'Date': 'Wed, 29 May 2024 05:15:12 GMT', 'Content-Type': 'application/json; charset=utf-8', 'Transfer-Encoding': 'chunked', 'Connection': 'keep-alive', 'X-Powered-By': 'Express', 'Access-Control-Allow-Origin': '*', 'Cache-Control': 'no-cache', 'ETag': 'W/"49d-mjyghClqT9HX64tzElGockhM/8w"', 'Vary': 'Accept-Encoding', 'Content-Encoding': 'gzip', 'CF-Cache-Status': 'DYNAMIC', 'Report-To': '{"endpoints":[{"url":"https:\\/\\/a.nel.cloudflare.com\\/report\\/v4?s=kApnEThw2Q%2FVbM1ATUnazqKSOqRHPD3w%2FSyWNIcCXxSYlVCoVEBV8P4UvjUxr6bumrz71PMdB7%2BDDYFNBGrW%2FkiHeUpfHqos91WXBnWk2dqykUnIsCwAaIGQ1%2BcJ3yX%2F"}],"group":"cf-nel","max_age":604800}', 'NEL': '{"success_fraction":0,"report_to":"cf-nel","max_age":604800}', 'Server': 'cloudflare', 'CF-RAY': '88b4015c88e91153-ORD', 'alt-svc': 'h3=":443"; ma=86400'} 
 body={"results":[{"gender":"male","name":{"title":"Mr","first":"Antonin","last":"Bourgeois"},"location":{"street":{"number":999,"name":"Rue du Cardinal-Gerlier"},"city":"Metz","state":"Morbihan","country":"France","postcode":98847,"coordinates":{"latitude":"-13.6131","longitude":"-2.3751"},"timezone":{"offset":"-7:00","description":"Mountain Time (US &amp; Canada)"}},"email":"antonin.bourgeois@example.com","login":{"uuid":"1121c7bf-784f-47f7-8185-e82426aa30b8","username":"orangefrog908","password":"a1b2c3d4","salt":"DIq0D9DH","md5":"10c14fe97b9adddf04f6d34783265801","sha1":"644cca88ba5bccd8325c7097dac658ca1c0aa243","sha256":"65e240c0fd9546b48685cb93ff1de2291d6c4462766a8b270f165476000200d3"},"dob":{"date":"1974-03-06T06:31:10.698Z","age":50},"registered":{"date":"2005-05-03T06:20:30.055Z","age":19},"phone":"01-46-61-07-55","cell":"06-21-12-32-82","id":{"name":"INSEE","value":"1740217866935 22"},"picture":{"large":"https://randomuser.me/api/portraits/men/28.jpg","medium":"https://randomuser.me/api/portraits/med/men/28.jpg","thumbnail":"https://randomuser.me/api/portraits/thumb/men/28.jpg"},"nat":"FR"}],"info":{"seed":"05ca91fd57c657ef","results":1,"page":1,"version":"1.4"}} 
 </msg>
<msg time="2024-05-29T05:15:12.809605" level="INFO">/opt/hostedtoolcache/Python/3.12.3/x64/lib/python3.12/site-packages/urllib3/connectionpool.py:1103: InsecureRequestWarning: Unverified HTTPS request is being made to host 'randomuser.me'. Adding certificate verification is strongly advised. See: https://urllib3.readthedocs.io/en/latest/advanced-usage.html#tls-warnings
  warnings.warn(</msg>
<msg time="2024-05-29T05:15:12.809740" level="INFO">${response} = &lt;Response [200]&gt;</msg>
<var>${response}</var>
<arg>consultarAPI</arg>
<arg>/api</arg>
<doc>Sends a GET request on a previously created HTTP Session.</doc>
<status status="PASS" start="2024-05-29T05:15:12.718775" elapsed="0.091013"/>
</kw>
<kw name="Set Variable" owner="BuiltIn">
<msg time="2024-05-29T05:15:12.810716" level="INFO">${json_data} = {'results': [{'gender': 'male', 'name': {'title': 'Mr', 'first': 'Antonin', 'last': 'Bourgeois'}, 'location': {'street': {'number': 999, 'name': 'Rue du Cardinal-Gerlier'}, 'city': 'Metz', 'state': 'M...</msg>
<var>${json_data}</var>
<arg>${response.json()}</arg>
<doc>Returns the given values which can then be assigned to a variables.</doc>
<status status="PASS" start="2024-05-29T05:15:12.810265" elapsed="0.000481"/>
</kw>
<kw name="Log" owner="BuiltIn">
<msg time="2024-05-29T05:15:12.811198" level="INFO">{'results': [{'gender': 'male', 'name': {'title': 'Mr', 'first': 'Antonin', 'last': 'Bourgeois'}, 'location': {'street': {'number': 999, 'name': 'Rue du Cardinal-Gerlier'}, 'city': 'Metz', 'state': 'Morbihan', 'country': 'France', 'postcode': 98847, 'coordinates': {'latitude': '-13.6131', 'longitude': '-2.3751'}, 'timezone': {'offset': '-7:00', 'description': 'Mountain Time (US &amp; Canada)'}}, 'email': 'antonin.bourgeois@example.com', 'login': {'uuid': '1121c7bf-784f-47f7-8185-e82426aa30b8', 'username': 'orangefrog908', 'password': 'a1b2c3d4', 'salt': 'DIq0D9DH', 'md5': '10c14fe97b9adddf04f6d34783265801', 'sha1': '644cca88ba5bccd8325c7097dac658ca1c0aa243', 'sha256': '65e240c0fd9546b48685cb93ff1de2291d6c4462766a8b270f165476000200d3'}, 'dob': {'date': '1974-03-06T06:31:10.698Z', 'age': 50}, 'registered': {'date': '2005-05-03T06:20:30.055Z', 'age': 19}, 'phone': '01-46-61-07-55', 'cell': '06-21-12-32-82', 'id': {'name': 'INSEE', 'value': '1740217866935 22'}, 'picture': {'large': 'https://randomuser.me/api/portraits/men/28.jpg', 'medium': 'https://randomuser.me/api/portraits/med/men/28.jpg', 'thumbnail': 'https://randomuser.me/api/portraits/thumb/men/28.jpg'}, 'nat': 'FR'}], 'info': {'seed': '05ca91fd57c657ef', 'results': 1, 'page': 1, 'version': '1.4'}}</msg>
<arg>${json_data}</arg>
<doc>Logs the given message with the given level.</doc>
<status status="PASS" start="2024-05-29T05:15:12.811049" elapsed="0.000207"/>
</kw>
<kw name="Should Be Equal As Numbers" owner="BuiltIn">
<arg>${json_data['results'][0]['location']['postcode']}</arg>
<arg>${json_data['results'][0]['location']['postcode']}</arg>
<doc>Fails if objects are unequal after converting them to real numbers.</doc>
<status status="PASS" start="2024-05-29T05:15:12.811582" elapsed="0.000621"/>
</kw>
<kw name="Log" owner="BuiltIn">
<msg time="2024-05-29T05:15:12.812731" level="INFO">98847</msg>
<arg>${json_data['results'][0]['location']['postcode']}</arg>
<doc>Logs the given message with the given level.</doc>
<status status="PASS" start="2024-05-29T05:15:12.812401" elapsed="0.000372"/>
</kw>
<status status="PASS" start="2024-05-29T05:15:12.718537" elapsed="0.094490"/>
</kw>
<doc>Testa se os tipos de dados na resposta da API estão corretos.</doc>
<tag>testeTiposDados</tag>
<status status="PASS" start="2024-05-29T05:15:12.639273" elapsed="0.173922"/>
</test>
<test id="s1-s1-t5" name="Validar conteudo" line="35">
<kw name="Teste de Tipos de Conteudo" owner="random-user-service">
<kw name="GET On Session" owner="RequestsLibrary">
<msg time="2024-05-29T05:15:12.920842" level="INFO">GET Request : url=https://randomuser.me/api 
 path_url=/api 
 headers={'User-Agent': 'python-requests/2.32.2', 'Accept-Encoding': 'gzip, deflate', 'Accept': '*/*', 'Connection': 'keep-alive'} 
 body=None 
 </msg>
<msg time="2024-05-29T05:15:12.920947" level="INFO">GET Response : url=https://randomuser.me/api 
 status=200, reason=OK 
 headers={'Date': 'Wed, 29 May 2024 05:15:12 GMT', 'Content-Type': 'application/json; charset=utf-8', 'Transfer-Encoding': 'chunked', 'Connection': 'keep-alive', 'X-Powered-By': 'Express', 'Access-Control-Allow-Origin': '*', 'Cache-Control': 'no-cache', 'ETag': 'W/"46a-MGAPwVwpQOrSdCsBk2colhyt0iQ"', 'Vary': 'Accept-Encoding', 'Content-Encoding': 'gzip', 'CF-Cache-Status': 'DYNAMIC', 'Report-To': '{"endpoints":[{"url":"https:\\/\\/a.nel.cloudflare.com\\/report\\/v4?s=kWZ0rt4a%2Ba3h4adb5NQKHDmtwWUB%2BdBiIVk5L%2BaaLcPFKaRoAN%2FMUE%2BTpnkJMxh2dwyhHPQWjsFljfWT2N8sl3i6vAKx9P6Koa%2BlGtZGUBoM8J%2BQ5VRaxuwVU%2FN5Ixzq"}],"group":"cf-nel","max_age":604800}', 'NEL': '{"success_fraction":0,"report_to":"cf-nel","max_age":604800}', 'Server': 'cloudflare', 'CF-RAY': '88b4015d19721153-ORD', 'alt-svc': 'h3=":443"; ma=86400'} 
 body={"results":[{"gender":"male","name":{"title":"Mr","first":"Blagovist","last":"Balenko"},"location":{"street":{"number":8038,"name":"Bulvar Slavi"},"city":"Nosivka","state":"Harkivska","country":"Ukraine","postcode":46326,"coordinates":{"latitude":"77.8677","longitude":"-168.7151"},"timezone":{"offset":"+4:30","description":"Kabul"}},"email":"blagovist.balenko@example.com","login":{"uuid":"10ac19c6-e8ca-44e4-8fbf-71e76c7a51c2","username":"sadzebra507","password":"villa","salt":"5GWNt4qW","md5":"007c2ef70909389c0ae355673a71c615","sha1":"6e8c5fc7b29e68c3a352c6a95f889d6d32874545","sha256":"74105b3007f29f5c1ee83d6011a8c0c86d47e4a8346acd18f56c26d51259c24b"},"dob":{"date":"1950-11-18T01:41:47.908Z","age":73},"registered":{"date":"2020-04-06T12:23:38.752Z","age":4},"phone":"(068) V46-3171","cell":"(067) Z94-5091","id":{"name":"","value":null},"picture":{"large":"https://randomuser.me/api/portraits/men/43.jpg","medium":"https://randomuser.me/api/portraits/med/men/43.jpg","thumbnail":"https://randomuser.me/api/portraits/thumb/men/43.jpg"},"nat":"UA"}],"info":{"seed":"5483368bf5db334f","results":1,"page":1,"version":"1.4"}} 
 </msg>
<msg time="2024-05-29T05:15:12.921024" level="INFO">/opt/hostedtoolcache/Python/3.12.3/x64/lib/python3.12/site-packages/urllib3/connectionpool.py:1103: InsecureRequestWarning: Unverified HTTPS request is being made to host 'randomuser.me'. Adding certificate verification is strongly advised. See: https://urllib3.readthedocs.io/en/latest/advanced-usage.html#tls-warnings
  warnings.warn(</msg>
<msg time="2024-05-29T05:15:12.921181" level="INFO">${response} = &lt;Response [200]&gt;</msg>
<var>${response}</var>
<arg>consultarAPI</arg>
<arg>/api</arg>
<doc>Sends a GET request on a previously created HTTP Session.</doc>
<status status="PASS" start="2024-05-29T05:15:12.815742" elapsed="0.105493"/>
</kw>
<kw name="Set Variable" owner="BuiltIn">
<msg time="2024-05-29T05:15:12.922305" level="INFO">${json_data} = {'results': [{'gender': 'male', 'name': {'title': 'Mr', 'first': 'Blagovist', 'last': 'Balenko'}, 'location': {'street': {'number': 8038, 'name': 'Bulvar Slavi'}, 'city': 'Nosivka', 'state': 'Harkivsk...</msg>
<var>${json_data}</var>
<arg>${response.json()}</arg>
<doc>Returns the given values which can then be assigned to a variables.</doc>
<status status="PASS" start="2024-05-29T05:15:12.921774" elapsed="0.000561"/>
</kw>
<kw name="Set Variable" owner="BuiltIn">
<msg time="2024-05-29T05:15:12.923034" level="INFO">${name_title} = Mr</msg>
<var>${name_title}</var>
<arg>${json_data["results"][0]["name"]["title"]}</arg>
<doc>Returns the given values which can then be assigned to a variables.</doc>
<status status="PASS" start="2024-05-29T05:15:12.922652" elapsed="0.000408"/>
</kw>
<kw name="Create List" owner="BuiltIn">
<msg time="2024-05-29T05:15:12.923507" level="INFO">${allowed_titles} = ['Mr', 'Ms', 'Miss', 'Mrs', 'Madame', 'Monsieur']</msg>
<var>${allowed_titles}</var>
<arg>Mr</arg>
<arg>Ms</arg>
<arg>Miss</arg>
<arg>Mrs</arg>
<arg>Madame</arg>
<arg>Monsieur</arg>
<doc>Returns a list containing given items.</doc>
<status status="PASS" start="2024-05-29T05:15:12.923361" elapsed="0.000170"/>
</kw>
<kw name="List Should Contain Value" owner="Collections">
<msg time="2024-05-29T05:15:12.924014" level="INFO">False</msg>
<arg>${allowed_titles}</arg>
<arg>${name_title}</arg>
<doc>Fails if the ``value`` is not found from ``list``.</doc>
<status status="PASS" start="2024-05-29T05:15:12.923835" elapsed="0.000216"/>
</kw>
<kw name="Set Variable" owner="BuiltIn">
<msg time="2024-05-29T05:15:12.924909" level="INFO">${name_country} = UA</msg>
<var>${name_country}</var>
<arg>${json_data["results"][0]["nat"]}</arg>
<doc>Returns the given values which can then be assigned to a variables.</doc>
<status status="PASS" start="2024-05-29T05:15:12.924346" elapsed="0.000588"/>
</kw>
<kw name="Create List" owner="BuiltIn">
<msg time="2024-05-29T05:15:12.925856" level="INFO">${list_country} = ['AD', 'AE', 'AF', 'AG', 'AI', 'AL', 'AM', 'AO', 'AQ', 'AR', 'AS', 'AT', 'AU', 'AW', 'AX', 'AZ', 'BA', 'BB', 'BD', 'BE', 'BF', 'BG', 'BH', 'BI', 'BJ', 'BL', 'BM', 'BN', 'BO', 'BQ', 'BR', 'BS', 'BT', '...</msg>
<var>${list_country}</var>
<arg>AD</arg>
<arg>AE</arg>
<arg>AF</arg>
<arg>AG</arg>
<arg>AI</arg>
<arg>AL</arg>
<arg>AM</arg>
<arg>AO</arg>
<arg>AQ</arg>
<arg>AR</arg>
<arg>AS</arg>
<arg>AT</arg>
<arg>AU</arg>
<arg>AW</arg>
<arg>AX</arg>
<arg>AZ</arg>
<arg>BA</arg>
<arg>BB</arg>
<arg>BD</arg>
<arg>BE</arg>
<arg>BF</arg>
<arg>BG</arg>
<arg>BH</arg>
<arg>BI</arg>
<arg>BJ</arg>
<arg>BL</arg>
<arg>BM</arg>
<arg>BN</arg>
<arg>BO</arg>
<arg>BQ</arg>
<arg>BR</arg>
<arg>BS</arg>
<arg>BT</arg>
<arg>BV</arg>
<arg>BW</arg>
<arg>BY</arg>
<arg>BZ</arg>
<arg>CA</arg>
<arg>CC</arg>
<arg>CD</arg>
<arg>CF</arg>
<arg>CG</arg>
<arg>CH</arg>
<arg>CI</arg>
<arg>CK</arg>
<arg>CL</arg>
<arg>CM</arg>
<arg>CN</arg>
<arg>CO</arg>
<arg>CR</arg>
<arg>CU</arg>
<arg>CV</arg>
<arg>CW</arg>
<arg>CX</arg>
<arg>CY</arg>
<arg>CZ</arg>
<arg>DE</arg>
<arg>DJ</arg>
<arg>DK</arg>
<arg>DM</arg>
<arg>DO</arg>
<arg>DZ</arg>
<arg>EC</arg>
<arg>EE</arg>
<arg>EG</arg>
<arg>EH</arg>
<arg>ER</arg>
<arg>ES</arg>
<arg>ET</arg>
<arg>FI</arg>
<arg>FJ</arg>
<arg>FK</arg>
<arg>FM</arg>
<arg>FO</arg>
<arg>FR</arg>
<arg>GA</arg>
<arg>GB</arg>
<arg>GD</arg>
<arg>GE</arg>
<arg>GF</arg>
<arg>GG</arg>
<arg>GH</arg>
<arg>GI</arg>
<arg>GL</arg>
<arg>GM</arg>
<arg>GN</arg>
<arg>GP</arg>
<arg>GQ</arg>
<arg>GR</arg>
<arg>GS</arg>
<arg>GT</arg>
<arg>GU</arg>
<arg>GW</arg>
<arg>GY</arg>
<arg>HK</arg>
<arg>HM</arg>
<arg>HN</arg>
<arg>HR</arg>
<arg>HT</arg>
<arg>HU</arg>
<arg>ID</arg>
<arg>IE</arg>
<arg>IL</arg>
<arg>IM</arg>
<arg>IN</arg>
<arg>IO</arg>
<arg>IQ</arg>
<arg>IR</arg>
<arg>IS</arg>
<arg>IT</arg>
<arg>JE</arg>
<arg>JM</arg>
<arg>JO</arg>
<arg>JP</arg>
<arg>KE</arg>
<arg>KG</arg>
<arg>KH</arg>
<arg>KI</arg>
<arg>KM</arg>
<arg>KN</arg>
<arg>KP</arg>
<arg>KR</arg>
<arg>KW</arg>
<arg>KY</arg>
<arg>KZ</arg>
<arg>LA</arg>
<arg>LB</arg>
<arg>LC</arg>
<arg>LI</arg>
<arg>LK</arg>
<arg>LR</arg>
<arg>LS</arg>
<arg>LT</arg>
<arg>LU</arg>
<arg>LV</arg>
<arg>LY</arg>
<arg>MA</arg>
<arg>MC</arg>
<arg>MD</arg>
<arg>ME</arg>
<arg>MF</arg>
<arg>MG</arg>
<arg>MH</arg>
<arg>MK</arg>
<arg>ML</arg>
<arg>MM</arg>
<arg>MN</arg>
<arg>MO</arg>
<arg>MP</arg>
<arg>MQ</arg>
<arg>MR</arg>
<arg>MS</arg>
<arg>MT</arg>
<arg>MU</arg>
<arg>MV</arg>
<arg>MW</arg>
<arg>MX</arg>
<arg>MY</arg>
<arg>MZ</arg>
<arg>NA</arg>
<arg>NC</arg>
<arg>NE</arg>
<arg>NF</arg>
<arg>NG</arg>
<arg>NI</arg>
<arg>NL</arg>
<arg>NO</arg>
<arg>NP</arg>
<arg>NR</arg>
<arg>NU</arg>
<arg>NZ</arg>
<arg>OM</arg>
<arg>PA</arg>
<arg>PE</arg>
<arg>PF</arg>
<arg>PG</arg>
<arg>PH</arg>
<arg>PK</arg>
<arg>PL</arg>
<arg>PM</arg>
<arg>PN</arg>
<arg>PR</arg>
<arg>PS</arg>
<arg>PT</arg>
<arg>PW</arg>
<arg>PY</arg>
<arg>QA</arg>
<arg>RE</arg>
<arg>RO</arg>
<arg>RS</arg>
<arg>RU</arg>
<arg>RW</arg>
<arg>SA</arg>
<arg>SB</arg>
<arg>SC</arg>
<arg>SD</arg>
<arg>SE</arg>
<arg>SG</arg>
<arg>SH</arg>
<arg>SI</arg>
<arg>SJ</arg>
<arg>SK</arg>
<arg>SL</arg>
<arg>SM</arg>
<arg>SN</arg>
<arg>SO</arg>
<arg>SR</arg>
<arg>SS</arg>
<arg>ST</arg>
<arg>SV</arg>
<arg>SX</arg>
<arg>SY</arg>
<arg>SZ</arg>
<arg>TC</arg>
<arg>TD</arg>
<arg>TF</arg>
<arg>TG</arg>
<arg>TH</arg>
<arg>TJ</arg>
<arg>TK</arg>
<arg>TL</arg>
<arg>TM</arg>
<arg>TN</arg>
<arg>TO</arg>
<arg>TR</arg>
<arg>TT</arg>
<arg>TV</arg>
<arg>TW</arg>
<arg>TZ</arg>
<arg>UA</arg>
<arg>UG</arg>
<arg>UM</arg>
<arg>US</arg>
<arg>UY</arg>
<arg>UZ</arg>
<arg>VA</arg>
<arg>VC</arg>
<arg>VE</arg>
<arg>VG</arg>
<arg>VI</arg>
<arg>VN</arg>
<arg>VU</arg>
<arg>WF</arg>
<arg>WS</arg>
<arg>XK</arg>
<arg>YE</arg>
<arg>YT</arg>
<arg>ZA</arg>
<arg>ZM</arg>
<arg>ZW</arg>
<doc>Returns a list containing given items.</doc>
<status status="PASS" start="2024-05-29T05:15:12.925242" elapsed="0.000643"/>
</kw>
<kw name="List Should Contain Value" owner="Collections">
<msg time="2024-05-29T05:15:12.926888" level="INFO">False</msg>
<arg>${list_country}</arg>
<arg>${name_country}</arg>
<doc>Fails if the ``value`` is not found from ``list``.</doc>
<status status="PASS" start="2024-05-29T05:15:12.926675" elapsed="0.000249"/>
</kw>
<kw name="Run Keyword If" owner="BuiltIn">
<kw name="Should Be True" owner="BuiltIn">
<arg>${True}</arg>
<doc>Fails if the given condition is not true.</doc>
<status status="PASS" start="2024-05-29T05:15:12.927972" elapsed="0.000144"/>
</kw>
<arg>${json_data["results"][0]["location"]["coordinates"]["latitude"]} &gt;= -90 and ${json_data["results"][0]["location"]["coordinates"]["latitude"]} &lt;= 90</arg>
<arg>Should Be True</arg>
<arg>${True}</arg>
<doc>Runs the given keyword with the given arguments, if ``condition`` is true.</doc>
<status status="PASS" start="2024-05-29T05:15:12.927232" elapsed="0.001011"/>
</kw>
<kw name="Run Keyword If" owner="BuiltIn">
<kw name="Should Be True" owner="BuiltIn">
<arg>${True}</arg>
<doc>Fails if the given condition is not true.</doc>
<status status="PASS" start="2024-05-29T05:15:12.929127" elapsed="0.000137"/>
</kw>
<arg>${json_data["results"][0]["location"]["coordinates"]["longitude"]} &gt;= -180 and ${json_data["results"][0]["location"]["coordinates"]["longitude"]} &lt;= 180</arg>
<arg>Should Be True</arg>
<arg>${True}</arg>
<doc>Runs the given keyword with the given arguments, if ``condition`` is true.</doc>
<status status="PASS" start="2024-05-29T05:15:12.928430" elapsed="0.000959"/>
</kw>
<status status="PASS" start="2024-05-29T05:15:12.815507" elapsed="0.114011"/>
</kw>
<doc>Testa o conteúdo específico dos campos retornados pela API.</doc>
<tag>testeConteudo</tag>
<status status="PASS" start="2024-05-29T05:15:12.815022" elapsed="0.114646"/>
</test>
<status status="PASS" start="2024-05-29T05:15:12.079671" elapsed="0.851984"/>
</suite>
<status status="PASS" start="2024-05-29T05:15:12.066148" elapsed="0.870681"/>
</suite>
<statistics>
<total>
<stat pass="5" fail="0" skip="0">All Tests</stat>
</total>
<tag>
<stat pass="1" fail="0" skip="0">testeConteudo</stat>
<stat pass="1" fail="0" skip="0">testeEstruturaResposta</stat>
<stat pass="1" fail="0" skip="0">testeRequisicaoBasica</stat>
<stat pass="1" fail="0" skip="0">testeTiposDados</stat>
</tag>
<suite>
<stat pass="5" fail="0" skip="0" id="s1" name="Tests">Tests</stat>
<stat pass="5" fail="0" skip="0" id="s1-s1" name="Random-User-Test">Tests.Random-User-Test</stat>
</suite>
</statistics>
<errors>
</errors>
</robot>
