<?xml version="1.0" encoding="UTF-8"?>
<robot generator="Robot 7.0 (Python 3.12.2 on linux)" generated="2024-03-31T11:11:41.077201" rpa="false" schemaversion="5">
<suite id="s1" name="Tests" source="/home/runner/work/DesafioQAItauRogerioJordao/DesafioQAItauRogerioJordao/RamdonUser/tests">
<suite id="s1-s1" name="Random-User-Test" source="/home/runner/work/DesafioQAItauRogerioJordao/DesafioQAItauRogerioJordao/RamdonUser/tests/random-user-test.robot">
<test id="s1-s1-t1" name="Conectar" line="13">
<kw name="Conectar API" owner="random-user-service">
<kw name="Create Session" owner="RequestsLibrary">
<msg time="2024-03-31T11:11:41.444214" level="INFO">Creating Session using : alias=consultarAPI, url=https://randomuser.me/, headers={},                     cookies={}, auth=None, timeout=None, proxies=None, verify=False,                     debug=0 </msg>
<arg>consultarAPI</arg>
<arg>${URL}</arg>
<doc>Create Session: create a HTTP session to a server</doc>
<status status="PASS" start="2024-03-31T11:11:41.444011" elapsed="0.000385"/>
</kw>
<status status="PASS" start="2024-03-31T11:11:41.442962" elapsed="0.001822"/>
</kw>
<status status="PASS" start="2024-03-31T11:11:41.442406" elapsed="0.002597"/>
</test>
<test id="s1-s1-t2" name="Validar retorno 200 e JSON Válido" line="16">
<kw name="Teste de Requisicao Basica" owner="random-user-service">
<kw name="GET On Session" owner="RequestsLibrary">
<msg time="2024-03-31T11:11:41.837227" level="INFO">GET Request : url=https://randomuser.me/api 
 path_url=/api 
 headers={'User-Agent': 'python-requests/2.31.0', 'Accept-Encoding': 'gzip, deflate', 'Accept': '*/*', 'Connection': 'keep-alive'} 
 body=None 
 </msg>
<msg time="2024-03-31T11:11:41.837370" level="INFO">GET Response : url=https://randomuser.me/api 
 status=200, reason=OK 
 headers={'Date': 'Sun, 31 Mar 2024 11:11:41 GMT', 'Content-Type': 'application/json; charset=utf-8', 'Transfer-Encoding': 'chunked', 'Connection': 'keep-alive', 'X-Powered-By': 'Express', 'Access-Control-Allow-Origin': '*', 'Cache-Control': 'no-cache', 'ETag': 'W/"472-w5rKh3vess0+Mppgi0Ni26z8oJI"', 'Vary': 'Accept-Encoding', 'Content-Encoding': 'gzip', 'CF-Cache-Status': 'DYNAMIC', 'Report-To': '{"endpoints":[{"url":"https:\\/\\/a.nel.cloudflare.com\\/report\\/v4?s=fFenfcOCUlB5jEYwjJg1zlBvmCOXepl%2B5O3gsgPT4wTFwQaG0GkbEXImkCaGoGpV2SBekXRzAVJwxZLNEdAxkaE%2B257ABnjb3y2YC%2F7Q%2FiFN3qUBO8eE6Dq%2FY6dxyN1u"}],"group":"cf-nel","max_age":604800}', 'NEL': '{"success_fraction":0,"report_to":"cf-nel","max_age":604800}', 'Server': 'cloudflare', 'CF-RAY': '86cfe66e3a342303-ORD', 'alt-svc': 'h3=":443"; ma=86400'} 
 body={"results":[{"gender":"male","name":{"title":"Mr","first":"Manthan","last":"Kouser"},"location":{"street":{"number":9894,"name":"Tilak Marg"},"city":"Bhimavaram","state":"Meghalaya","country":"India","postcode":72677,"coordinates":{"latitude":"7.4288","longitude":"-178.6398"},"timezone":{"offset":"-3:30","description":"Newfoundland"}},"email":"manthan.kouser@example.com","login":{"uuid":"974ff2ab-9563-47ed-a81e-ce5f909a60f4","username":"bigtiger824","password":"larry1","salt":"KwzoD6Z3","md5":"63c8439188d7ec449864521a352f67c9","sha1":"cbd7188653116a2f507a8320ad3505a110e586ad","sha256":"c789fbafa76b2f7765d2cebdfe76721a4605e3139dd06c39b0d901bf63e28225"},"dob":{"date":"1995-09-22T14:42:02.106Z","age":28},"registered":{"date":"2009-04-18T19:05:37.356Z","age":14},"phone":"8056409239","cell":"9353187572","id":{"name":"UIDAI","value":"679721596240"},"picture":{"large":"https://randomuser.me/api/portraits/men/98.jpg","medium":"https://randomuser.me/api/portraits/med/men/98.jpg","thumbnail":"https://randomuser.me/api/portraits/thumb/men/98.jpg"},"nat":"IN"}],"info":{"seed":"34b9eb4d8fce5a18","results":1,"page":1,"version":"1.4"}} 
 </msg>
<msg time="2024-03-31T11:11:41.837472" level="INFO">/opt/hostedtoolcache/Python/3.12.2/x64/lib/python3.12/site-packages/urllib3/connectionpool.py:1103: InsecureRequestWarning: Unverified HTTPS request is being made to host 'randomuser.me'. Adding certificate verification is strongly advised. See: https://urllib3.readthedocs.io/en/latest/advanced-usage.html#tls-warnings
  warnings.warn(</msg>
<msg time="2024-03-31T11:11:41.837600" level="INFO">${response} = &lt;Response [200]&gt;</msg>
<var>${response}</var>
<arg>consultarAPI</arg>
<arg>/api</arg>
<doc>Sends a GET request on a previously created HTTP Session.</doc>
<status status="PASS" start="2024-03-31T11:11:41.447517" elapsed="0.390121"/>
</kw>
<kw name="Should Be Equal As Numbers" owner="BuiltIn">
<msg time="2024-03-31T11:11:41.838633" level="INFO">Argument types are:
&lt;class 'int'&gt;
&lt;class 'str'&gt;</msg>
<arg>${response.status_code}</arg>
<arg>200</arg>
<doc>Fails if objects are unequal after converting them to real numbers.</doc>
<status status="PASS" start="2024-03-31T11:11:41.838177" elapsed="0.000520"/>
</kw>
<kw name="Log" owner="BuiltIn">
<msg time="2024-03-31T11:11:41.839367" level="INFO">200</msg>
<arg>${response.status_code}</arg>
<doc>Logs the given message with the given level.</doc>
<status status="PASS" start="2024-03-31T11:11:41.839014" elapsed="0.000395"/>
</kw>
<kw name="Set Variable" owner="BuiltIn">
<msg time="2024-03-31T11:11:41.840143" level="INFO">${json_data} = {'results': [{'gender': 'male', 'name': {'title': 'Mr', 'first': 'Manthan', 'last': 'Kouser'}, 'location': {'street': {'number': 9894, 'name': 'Tilak Marg'}, 'city': 'Bhimavaram', 'state': 'Meghalaya'...</msg>
<var>${json_data}</var>
<arg>${response.json()}</arg>
<doc>Returns the given values which can then be assigned to a variables.</doc>
<status status="PASS" start="2024-03-31T11:11:41.839714" elapsed="0.000457"/>
</kw>
<kw name="Dictionary Should Contain Key" owner="Collections">
<msg time="2024-03-31T11:11:41.840635" level="INFO">False</msg>
<arg>${json_data}</arg>
<arg>results</arg>
<doc>Fails if ``key`` is not found from ``dictionary``.</doc>
<status status="PASS" start="2024-03-31T11:11:41.840470" elapsed="0.000204"/>
</kw>
<status status="PASS" start="2024-03-31T11:11:41.447262" elapsed="0.393706"/>
</kw>
<doc>Testa se a API responde corretamente e retorna um objeto JSON válido.</doc>
<tag>testeRequisicaoBasica</tag>
<status status="PASS" start="2024-03-31T11:11:41.446803" elapsed="0.394352"/>
</test>
<test id="s1-s1-t3" name="Validar estrutura de resposta" line="22">
<kw name="Teste de Estrutura de Resposta" owner="random-user-service">
<kw name="GET On Session" owner="RequestsLibrary">
<msg time="2024-03-31T11:11:41.935968" level="INFO">GET Request : url=https://randomuser.me/api 
 path_url=/api 
 headers={'User-Agent': 'python-requests/2.31.0', 'Accept-Encoding': 'gzip, deflate', 'Accept': '*/*', 'Connection': 'keep-alive'} 
 body=None 
 </msg>
<msg time="2024-03-31T11:11:41.936054" level="INFO">GET Response : url=https://randomuser.me/api 
 status=200, reason=OK 
 headers={'Date': 'Sun, 31 Mar 2024 11:11:41 GMT', 'Content-Type': 'application/json; charset=utf-8', 'Transfer-Encoding': 'chunked', 'Connection': 'keep-alive', 'X-Powered-By': 'Express', 'Access-Control-Allow-Origin': '*', 'Cache-Control': 'no-cache', 'ETag': 'W/"478-CbqvhEERMLZkJ/9nJ6ATOsTo6Qk"', 'Vary': 'Accept-Encoding', 'Content-Encoding': 'gzip', 'CF-Cache-Status': 'DYNAMIC', 'Report-To': '{"endpoints":[{"url":"https:\\/\\/a.nel.cloudflare.com\\/report\\/v4?s=vNuHW8uph9piWf%2FOwPTJ9WLxX13DIImlMOySHimm8BKDYtjZuTa7K1pQZQDm4VRTbjCLxvpAudPsGXwyAzmM7Z4Hha7YsZL2VKb6v3IKeMHpMTPe8hAN95K0vjvpT8zC"}],"group":"cf-nel","max_age":604800}', 'NEL': '{"success_fraction":0,"report_to":"cf-nel","max_age":604800}', 'Server': 'cloudflare', 'CF-RAY': '86cfe66e8a752303-ORD', 'alt-svc': 'h3=":443"; ma=86400'} 
 body={"results":[{"gender":"male","name":{"title":"Mr","first":"James","last":"Soto"},"location":{"street":{"number":7236,"name":"The Green"},"city":"Ripon","state":"County Fermanagh","country":"United Kingdom","postcode":"S6L 7DD","coordinates":{"latitude":"-7.3005","longitude":"-65.8555"},"timezone":{"offset":"-10:00","description":"Hawaii"}},"email":"james.soto@example.com","login":{"uuid":"7d1beb3c-6ffe-467c-bbcb-2e92d1e1144b","username":"silverpanda227","password":"picher","salt":"A795zBVE","md5":"bbb6050174e1c41929ad9dd6067f8237","sha1":"d7a068322e55e515c215cad37f3c956745236f43","sha256":"4edba5ea93e997d95cf044cb5ea0ccf27bf19d4a081ef036d313069ea06f64aa"},"dob":{"date":"1995-09-18T12:42:35.114Z","age":28},"registered":{"date":"2014-10-11T05:39:21.098Z","age":9},"phone":"01819 00227","cell":"07744 644839","id":{"name":"NINO","value":"BS 39 82 93 Z"},"picture":{"large":"https://randomuser.me/api/portraits/men/18.jpg","medium":"https://randomuser.me/api/portraits/med/men/18.jpg","thumbnail":"https://randomuser.me/api/portraits/thumb/men/18.jpg"},"nat":"GB"}],"info":{"seed":"2dc310660a39621a","results":1,"page":1,"version":"1.4"}} 
 </msg>
<msg time="2024-03-31T11:11:41.936190" level="INFO">/opt/hostedtoolcache/Python/3.12.2/x64/lib/python3.12/site-packages/urllib3/connectionpool.py:1103: InsecureRequestWarning: Unverified HTTPS request is being made to host 'randomuser.me'. Adding certificate verification is strongly advised. See: https://urllib3.readthedocs.io/en/latest/advanced-usage.html#tls-warnings
  warnings.warn(</msg>
<msg time="2024-03-31T11:11:41.936321" level="INFO">${response} = &lt;Response [200]&gt;</msg>
<var>${response}</var>
<arg>consultarAPI</arg>
<arg>/api</arg>
<doc>Sends a GET request on a previously created HTTP Session.</doc>
<status status="PASS" start="2024-03-31T11:11:41.843871" elapsed="0.092505"/>
</kw>
<kw name="Set Variable" owner="BuiltIn">
<msg time="2024-03-31T11:11:41.937492" level="INFO">${json_data} = {'results': [{'gender': 'male', 'name': {'title': 'Mr', 'first': 'James', 'last': 'Soto'}, 'location': {'street': {'number': 7236, 'name': 'The Green'}, 'city': 'Ripon', 'state': 'County Fermanagh', '...</msg>
<var>${json_data}</var>
<arg>${response.json()}</arg>
<doc>Returns the given values which can then be assigned to a variables.</doc>
<status status="PASS" start="2024-03-31T11:11:41.936957" elapsed="0.000564"/>
</kw>
<kw name="Log" owner="BuiltIn">
<msg time="2024-03-31T11:11:41.937989" level="INFO">{'results': [{'gender': 'male', 'name': {'title': 'Mr', 'first': 'James', 'last': 'Soto'}, 'location': {'street': {'number': 7236, 'name': 'The Green'}, 'city': 'Ripon', 'state': 'County Fermanagh', 'country': 'United Kingdom', 'postcode': 'S6L 7DD', 'coordinates': {'latitude': '-7.3005', 'longitude': '-65.8555'}, 'timezone': {'offset': '-10:00', 'description': 'Hawaii'}}, 'email': 'james.soto@example.com', 'login': {'uuid': '7d1beb3c-6ffe-467c-bbcb-2e92d1e1144b', 'username': 'silverpanda227', 'password': 'picher', 'salt': 'A795zBVE', 'md5': 'bbb6050174e1c41929ad9dd6067f8237', 'sha1': 'd7a068322e55e515c215cad37f3c956745236f43', 'sha256': '4edba5ea93e997d95cf044cb5ea0ccf27bf19d4a081ef036d313069ea06f64aa'}, 'dob': {'date': '1995-09-18T12:42:35.114Z', 'age': 28}, 'registered': {'date': '2014-10-11T05:39:21.098Z', 'age': 9}, 'phone': '01819 00227', 'cell': '07744 644839', 'id': {'name': 'NINO', 'value': 'BS 39 82 93 Z'}, 'picture': {'large': 'https://randomuser.me/api/portraits/men/18.jpg', 'medium': 'https://randomuser.me/api/portraits/med/men/18.jpg', 'thumbnail': 'https://randomuser.me/api/portraits/thumb/men/18.jpg'}, 'nat': 'GB'}], 'info': {'seed': '2dc310660a39621a', 'results': 1, 'page': 1, 'version': '1.4'}}</msg>
<arg>${json_data}</arg>
<doc>Logs the given message with the given level.</doc>
<status status="PASS" start="2024-03-31T11:11:41.937832" elapsed="0.000202"/>
</kw>
<kw name="Dictionary Should Contain Key" owner="Collections">
<msg time="2024-03-31T11:11:41.938481" level="INFO">False</msg>
<arg>${json_data}</arg>
<arg>results</arg>
<doc>Fails if ``key`` is not found from ``dictionary``.</doc>
<status status="PASS" start="2024-03-31T11:11:41.938327" elapsed="0.000190"/>
</kw>
<kw name="Should Not Be Empty" owner="BuiltIn">
<msg time="2024-03-31T11:11:41.938935" level="INFO">Length is 2.</msg>
<arg>${json_data}</arg>
<doc>Verifies that the given item is not empty.</doc>
<status status="PASS" start="2024-03-31T11:11:41.938804" elapsed="0.000168"/>
</kw>
<kw name="Create List" owner="BuiltIn">
<msg time="2024-03-31T11:11:41.939401" level="INFO">${expected_keys} = ['gender', 'name', 'location', 'email', 'login']</msg>
<var>${expected_keys}</var>
<arg>gender</arg>
<arg>name</arg>
<arg>location</arg>
<arg>email</arg>
<arg>login</arg>
<doc>Returns a list containing given items.</doc>
<status status="PASS" start="2024-03-31T11:11:41.939255" elapsed="0.000169"/>
</kw>
<for flavor="IN">
<iter>
<kw name="Dictionary Should Contain Key" owner="Collections">
<msg time="2024-03-31T11:11:41.940387" level="INFO">False</msg>
<arg>${json_data['results'][0]}</arg>
<arg>${key}</arg>
<doc>Fails if ``key`` is not found from ``dictionary``.</doc>
<status status="PASS" start="2024-03-31T11:11:41.939983" elapsed="0.000442"/>
</kw>
<kw name="Log" owner="BuiltIn">
<msg time="2024-03-31T11:11:41.941152" level="INFO">{'gender': 'male', 'name': {'title': 'Mr', 'first': 'James', 'last': 'Soto'}, 'location': {'street': {'number': 7236, 'name': 'The Green'}, 'city': 'Ripon', 'state': 'County Fermanagh', 'country': 'United Kingdom', 'postcode': 'S6L 7DD', 'coordinates': {'latitude': '-7.3005', 'longitude': '-65.8555'}, 'timezone': {'offset': '-10:00', 'description': 'Hawaii'}}, 'email': 'james.soto@example.com', 'login': {'uuid': '7d1beb3c-6ffe-467c-bbcb-2e92d1e1144b', 'username': 'silverpanda227', 'password': 'picher', 'salt': 'A795zBVE', 'md5': 'bbb6050174e1c41929ad9dd6067f8237', 'sha1': 'd7a068322e55e515c215cad37f3c956745236f43', 'sha256': '4edba5ea93e997d95cf044cb5ea0ccf27bf19d4a081ef036d313069ea06f64aa'}, 'dob': {'date': '1995-09-18T12:42:35.114Z', 'age': 28}, 'registered': {'date': '2014-10-11T05:39:21.098Z', 'age': 9}, 'phone': '01819 00227', 'cell': '07744 644839', 'id': {'name': 'NINO', 'value': 'BS 39 82 93 Z'}, 'picture': {'large': 'https://randomuser.me/api/portraits/men/18.jpg', 'medium': 'https://randomuser.me/api/portraits/med/men/18.jpg', 'thumbnail': 'https://randomuser.me/api/portraits/thumb/men/18.jpg'}, 'nat': 'GB'}</msg>
<arg>${json_data['results'][0]}</arg>
<doc>Logs the given message with the given level.</doc>
<status status="PASS" start="2024-03-31T11:11:41.940774" elapsed="0.000432"/>
</kw>
<kw name="Log" owner="BuiltIn">
<msg time="2024-03-31T11:11:41.941643" level="INFO">gender</msg>
<arg>${key}</arg>
<doc>Logs the given message with the given level.</doc>
<status status="PASS" start="2024-03-31T11:11:41.941511" elapsed="0.000170"/>
</kw>
<var name="${key}">gender</var>
<status status="PASS" start="2024-03-31T11:11:41.939860" elapsed="0.002045"/>
</iter>
<iter>
<kw name="Dictionary Should Contain Key" owner="Collections">
<msg time="2024-03-31T11:11:41.942591" level="INFO">False</msg>
<arg>${json_data['results'][0]}</arg>
<arg>${key}</arg>
<doc>Fails if ``key`` is not found from ``dictionary``.</doc>
<status status="PASS" start="2024-03-31T11:11:41.942207" elapsed="0.000427"/>
</kw>
<kw name="Log" owner="BuiltIn">
<msg time="2024-03-31T11:11:41.943336" level="INFO">{'gender': 'male', 'name': {'title': 'Mr', 'first': 'James', 'last': 'Soto'}, 'location': {'street': {'number': 7236, 'name': 'The Green'}, 'city': 'Ripon', 'state': 'County Fermanagh', 'country': 'United Kingdom', 'postcode': 'S6L 7DD', 'coordinates': {'latitude': '-7.3005', 'longitude': '-65.8555'}, 'timezone': {'offset': '-10:00', 'description': 'Hawaii'}}, 'email': 'james.soto@example.com', 'login': {'uuid': '7d1beb3c-6ffe-467c-bbcb-2e92d1e1144b', 'username': 'silverpanda227', 'password': 'picher', 'salt': 'A795zBVE', 'md5': 'bbb6050174e1c41929ad9dd6067f8237', 'sha1': 'd7a068322e55e515c215cad37f3c956745236f43', 'sha256': '4edba5ea93e997d95cf044cb5ea0ccf27bf19d4a081ef036d313069ea06f64aa'}, 'dob': {'date': '1995-09-18T12:42:35.114Z', 'age': 28}, 'registered': {'date': '2014-10-11T05:39:21.098Z', 'age': 9}, 'phone': '01819 00227', 'cell': '07744 644839', 'id': {'name': 'NINO', 'value': 'BS 39 82 93 Z'}, 'picture': {'large': 'https://randomuser.me/api/portraits/men/18.jpg', 'medium': 'https://randomuser.me/api/portraits/med/men/18.jpg', 'thumbnail': 'https://randomuser.me/api/portraits/thumb/men/18.jpg'}, 'nat': 'GB'}</msg>
<arg>${json_data['results'][0]}</arg>
<doc>Logs the given message with the given level.</doc>
<status status="PASS" start="2024-03-31T11:11:41.942966" elapsed="0.000416"/>
</kw>
<kw name="Log" owner="BuiltIn">
<msg time="2024-03-31T11:11:41.943822" level="INFO">name</msg>
<arg>${key}</arg>
<doc>Logs the given message with the given level.</doc>
<status status="PASS" start="2024-03-31T11:11:41.943694" elapsed="0.000164"/>
</kw>
<var name="${key}">name</var>
<status status="PASS" start="2024-03-31T11:11:41.942092" elapsed="0.001982"/>
</iter>
<iter>
<kw name="Dictionary Should Contain Key" owner="Collections">
<msg time="2024-03-31T11:11:41.944769" level="INFO">False</msg>
<arg>${json_data['results'][0]}</arg>
<arg>${key}</arg>
<doc>Fails if ``key`` is not found from ``dictionary``.</doc>
<status status="PASS" start="2024-03-31T11:11:41.944364" elapsed="0.000451"/>
</kw>
<kw name="Log" owner="BuiltIn">
<msg time="2024-03-31T11:11:41.945480" level="INFO">{'gender': 'male', 'name': {'title': 'Mr', 'first': 'James', 'last': 'Soto'}, 'location': {'street': {'number': 7236, 'name': 'The Green'}, 'city': 'Ripon', 'state': 'County Fermanagh', 'country': 'United Kingdom', 'postcode': 'S6L 7DD', 'coordinates': {'latitude': '-7.3005', 'longitude': '-65.8555'}, 'timezone': {'offset': '-10:00', 'description': 'Hawaii'}}, 'email': 'james.soto@example.com', 'login': {'uuid': '7d1beb3c-6ffe-467c-bbcb-2e92d1e1144b', 'username': 'silverpanda227', 'password': 'picher', 'salt': 'A795zBVE', 'md5': 'bbb6050174e1c41929ad9dd6067f8237', 'sha1': 'd7a068322e55e515c215cad37f3c956745236f43', 'sha256': '4edba5ea93e997d95cf044cb5ea0ccf27bf19d4a081ef036d313069ea06f64aa'}, 'dob': {'date': '1995-09-18T12:42:35.114Z', 'age': 28}, 'registered': {'date': '2014-10-11T05:39:21.098Z', 'age': 9}, 'phone': '01819 00227', 'cell': '07744 644839', 'id': {'name': 'NINO', 'value': 'BS 39 82 93 Z'}, 'picture': {'large': 'https://randomuser.me/api/portraits/men/18.jpg', 'medium': 'https://randomuser.me/api/portraits/med/men/18.jpg', 'thumbnail': 'https://randomuser.me/api/portraits/thumb/men/18.jpg'}, 'nat': 'GB'}</msg>
<arg>${json_data['results'][0]}</arg>
<doc>Logs the given message with the given level.</doc>
<status status="PASS" start="2024-03-31T11:11:41.945119" elapsed="0.000413"/>
</kw>
<kw name="Log" owner="BuiltIn">
<msg time="2024-03-31T11:11:41.945953" level="INFO">location</msg>
<arg>${key}</arg>
<doc>Logs the given message with the given level.</doc>
<status status="PASS" start="2024-03-31T11:11:41.945825" elapsed="0.000165"/>
</kw>
<var name="${key}">location</var>
<status status="PASS" start="2024-03-31T11:11:41.944253" elapsed="0.001954"/>
</iter>
<iter>
<kw name="Dictionary Should Contain Key" owner="Collections">
<msg time="2024-03-31T11:11:41.946871" level="INFO">False</msg>
<arg>${json_data['results'][0]}</arg>
<arg>${key}</arg>
<doc>Fails if ``key`` is not found from ``dictionary``.</doc>
<status status="PASS" start="2024-03-31T11:11:41.946489" elapsed="0.000419"/>
</kw>
<kw name="Log" owner="BuiltIn">
<msg time="2024-03-31T11:11:41.947565" level="INFO">{'gender': 'male', 'name': {'title': 'Mr', 'first': 'James', 'last': 'Soto'}, 'location': {'street': {'number': 7236, 'name': 'The Green'}, 'city': 'Ripon', 'state': 'County Fermanagh', 'country': 'United Kingdom', 'postcode': 'S6L 7DD', 'coordinates': {'latitude': '-7.3005', 'longitude': '-65.8555'}, 'timezone': {'offset': '-10:00', 'description': 'Hawaii'}}, 'email': 'james.soto@example.com', 'login': {'uuid': '7d1beb3c-6ffe-467c-bbcb-2e92d1e1144b', 'username': 'silverpanda227', 'password': 'picher', 'salt': 'A795zBVE', 'md5': 'bbb6050174e1c41929ad9dd6067f8237', 'sha1': 'd7a068322e55e515c215cad37f3c956745236f43', 'sha256': '4edba5ea93e997d95cf044cb5ea0ccf27bf19d4a081ef036d313069ea06f64aa'}, 'dob': {'date': '1995-09-18T12:42:35.114Z', 'age': 28}, 'registered': {'date': '2014-10-11T05:39:21.098Z', 'age': 9}, 'phone': '01819 00227', 'cell': '07744 644839', 'id': {'name': 'NINO', 'value': 'BS 39 82 93 Z'}, 'picture': {'large': 'https://randomuser.me/api/portraits/men/18.jpg', 'medium': 'https://randomuser.me/api/portraits/med/men/18.jpg', 'thumbnail': 'https://randomuser.me/api/portraits/thumb/men/18.jpg'}, 'nat': 'GB'}</msg>
<arg>${json_data['results'][0]}</arg>
<doc>Logs the given message with the given level.</doc>
<status status="PASS" start="2024-03-31T11:11:41.947208" elapsed="0.000403"/>
</kw>
<kw name="Log" owner="BuiltIn">
<msg time="2024-03-31T11:11:41.948030" level="INFO">email</msg>
<arg>${key}</arg>
<doc>Logs the given message with the given level.</doc>
<status status="PASS" start="2024-03-31T11:11:41.947904" elapsed="0.000163"/>
</kw>
<var name="${key}">email</var>
<status status="PASS" start="2024-03-31T11:11:41.946378" elapsed="0.001904"/>
</iter>
<iter>
<kw name="Dictionary Should Contain Key" owner="Collections">
<msg time="2024-03-31T11:11:41.949012" level="INFO">False</msg>
<arg>${json_data['results'][0]}</arg>
<arg>${key}</arg>
<doc>Fails if ``key`` is not found from ``dictionary``.</doc>
<status status="PASS" start="2024-03-31T11:11:41.948594" elapsed="0.000455"/>
</kw>
<kw name="Log" owner="BuiltIn">
<msg time="2024-03-31T11:11:41.949705" level="INFO">{'gender': 'male', 'name': {'title': 'Mr', 'first': 'James', 'last': 'Soto'}, 'location': {'street': {'number': 7236, 'name': 'The Green'}, 'city': 'Ripon', 'state': 'County Fermanagh', 'country': 'United Kingdom', 'postcode': 'S6L 7DD', 'coordinates': {'latitude': '-7.3005', 'longitude': '-65.8555'}, 'timezone': {'offset': '-10:00', 'description': 'Hawaii'}}, 'email': 'james.soto@example.com', 'login': {'uuid': '7d1beb3c-6ffe-467c-bbcb-2e92d1e1144b', 'username': 'silverpanda227', 'password': 'picher', 'salt': 'A795zBVE', 'md5': 'bbb6050174e1c41929ad9dd6067f8237', 'sha1': 'd7a068322e55e515c215cad37f3c956745236f43', 'sha256': '4edba5ea93e997d95cf044cb5ea0ccf27bf19d4a081ef036d313069ea06f64aa'}, 'dob': {'date': '1995-09-18T12:42:35.114Z', 'age': 28}, 'registered': {'date': '2014-10-11T05:39:21.098Z', 'age': 9}, 'phone': '01819 00227', 'cell': '07744 644839', 'id': {'name': 'NINO', 'value': 'BS 39 82 93 Z'}, 'picture': {'large': 'https://randomuser.me/api/portraits/men/18.jpg', 'medium': 'https://randomuser.me/api/portraits/med/men/18.jpg', 'thumbnail': 'https://randomuser.me/api/portraits/thumb/men/18.jpg'}, 'nat': 'GB'}</msg>
<arg>${json_data['results'][0]}</arg>
<doc>Logs the given message with the given level.</doc>
<status status="PASS" start="2024-03-31T11:11:41.949348" elapsed="0.000403"/>
</kw>
<kw name="Log" owner="BuiltIn">
<msg time="2024-03-31T11:11:41.950167" level="INFO">login</msg>
<arg>${key}</arg>
<doc>Logs the given message with the given level.</doc>
<status status="PASS" start="2024-03-31T11:11:41.950041" elapsed="0.000265"/>
</kw>
<var name="${key}">login</var>
<status status="PASS" start="2024-03-31T11:11:41.948475" elapsed="0.002056"/>
</iter>
<var>${key}</var>
<value>@{expected_keys}</value>
<status status="PASS" start="2024-03-31T11:11:41.939677" elapsed="0.011003"/>
</for>
<kw name="Create List" owner="BuiltIn">
<msg time="2024-03-31T11:11:41.951018" level="INFO">${expected_keysTwo} = ['username', 'password']</msg>
<var>${expected_keysTwo}</var>
<arg>username</arg>
<arg>password</arg>
<doc>Returns a list containing given items.</doc>
<status status="PASS" start="2024-03-31T11:11:41.950881" elapsed="0.000161"/>
</kw>
<for flavor="IN">
<iter>
<kw name="Dictionary Should Contain Key" owner="Collections">
<msg time="2024-03-31T11:11:41.951925" level="INFO">False</msg>
<arg>${json_data['results'][0]['login']}</arg>
<arg>${keyTwo}</arg>
<doc>Fails if ``key`` is not found from ``dictionary``.</doc>
<status status="PASS" start="2024-03-31T11:11:41.951542" elapsed="0.000421"/>
</kw>
<kw name="Dictionary Should Contain Key" owner="Collections">
<msg time="2024-03-31T11:11:41.952648" level="INFO">False</msg>
<arg>${json_data['results'][0]['login']}</arg>
<arg>${keyTwo}</arg>
<doc>Fails if ``key`` is not found from ``dictionary``.</doc>
<status status="PASS" start="2024-03-31T11:11:41.952263" elapsed="0.000422"/>
</kw>
<kw name="Log" owner="BuiltIn">
<msg time="2024-03-31T11:11:41.953172" level="INFO">username</msg>
<arg>${keyTwo}</arg>
<doc>Logs the given message with the given level.</doc>
<status status="PASS" start="2024-03-31T11:11:41.953027" elapsed="0.000183"/>
</kw>
<var name="${keyTwo}">username</var>
<status status="PASS" start="2024-03-31T11:11:41.951431" elapsed="0.001995"/>
</iter>
<iter>
<kw name="Dictionary Should Contain Key" owner="Collections">
<msg time="2024-03-31T11:11:41.954094" level="INFO">False</msg>
<arg>${json_data['results'][0]['login']}</arg>
<arg>${keyTwo}</arg>
<doc>Fails if ``key`` is not found from ``dictionary``.</doc>
<status status="PASS" start="2024-03-31T11:11:41.953710" elapsed="0.000422"/>
</kw>
<kw name="Dictionary Should Contain Key" owner="Collections">
<msg time="2024-03-31T11:11:41.954800" level="INFO">False</msg>
<arg>${json_data['results'][0]['login']}</arg>
<arg>${keyTwo}</arg>
<doc>Fails if ``key`` is not found from ``dictionary``.</doc>
<status status="PASS" start="2024-03-31T11:11:41.954427" elapsed="0.000410"/>
</kw>
<kw name="Log" owner="BuiltIn">
<msg time="2024-03-31T11:11:41.955256" level="INFO">password</msg>
<arg>${keyTwo}</arg>
<doc>Logs the given message with the given level.</doc>
<status status="PASS" start="2024-03-31T11:11:41.955129" elapsed="0.000164"/>
</kw>
<var name="${keyTwo}">password</var>
<status status="PASS" start="2024-03-31T11:11:41.953600" elapsed="0.001909"/>
</iter>
<var>${keyTwo}</var>
<value>@{expected_keysTwo}</value>
<status status="PASS" start="2024-03-31T11:11:41.951278" elapsed="0.004351"/>
</for>
<status status="PASS" start="2024-03-31T11:11:41.843626" elapsed="0.112140"/>
</kw>
<doc>Testa a estrutura da resposta da API.</doc>
<tag>testeEstruturaResposta</tag>
<status status="PASS" start="2024-03-31T11:11:41.842958" elapsed="0.112961"/>
</test>
<test id="s1-s1-t4" name="Validar tipos de dados" line="28">
<kw name="Teste de Tipos de Dados" owner="random-user-service">
<kw name="GET On Session" owner="RequestsLibrary">
<msg time="2024-03-31T11:11:42.046701" level="INFO">GET Request : url=https://randomuser.me/api 
 path_url=/api 
 headers={'User-Agent': 'python-requests/2.31.0', 'Accept-Encoding': 'gzip, deflate', 'Accept': '*/*', 'Connection': 'keep-alive'} 
 body=None 
 </msg>
<msg time="2024-03-31T11:11:42.046781" level="INFO">GET Response : url=https://randomuser.me/api 
 status=200, reason=OK 
 headers={'Date': 'Sun, 31 Mar 2024 11:11:42 GMT', 'Content-Type': 'application/json; charset=utf-8', 'Transfer-Encoding': 'chunked', 'Connection': 'keep-alive', 'X-Powered-By': 'Express', 'Access-Control-Allow-Origin': '*', 'Cache-Control': 'no-cache', 'ETag': 'W/"4b4-bpr/syfnrHiJsqrpwG1xhAfKjy8"', 'Vary': 'Accept-Encoding', 'Content-Encoding': 'gzip', 'CF-Cache-Status': 'DYNAMIC', 'Report-To': '{"endpoints":[{"url":"https:\\/\\/a.nel.cloudflare.com\\/report\\/v4?s=3owBQWZq2tf9qsWQcYR4MSFjPvz%2FhEXoGiH8gFBr%2F7LN3xX7akh%2BHzugp0N2zp2rD1kjIkf6irj94BR%2F9PrT6dhm6M0ewNVALEvKwq%2BYX%2BT4YsTHKpnOWQCPIWIRbiK%2F"}],"group":"cf-nel","max_age":604800}', 'NEL': '{"success_fraction":0,"report_to":"cf-nel","max_age":604800}', 'Server': 'cloudflare', 'CF-RAY': '86cfe66f4b212303-ORD', 'alt-svc': 'h3=":443"; ma=86400'} 
 body={"results":[{"gender":"female","name":{"title":"Miss","first":"Stephanie","last":"Gonzales"},"location":{"street":{"number":8847,"name":"Park Lane"},"city":"Manchester","state":"Surrey","country":"United Kingdom","postcode":"BN25 6AG","coordinates":{"latitude":"-10.4693","longitude":"122.4224"},"timezone":{"offset":"0:00","description":"Western Europe Time, London, Lisbon, Casablanca"}},"email":"stephanie.gonzales@example.com","login":{"uuid":"e547e98d-d16e-402c-8a34-8cc985a3d30e","username":"crazylion808","password":"candy","salt":"gx3ckXqN","md5":"51dfad1c1cd60679e0f4375f384d810a","sha1":"7f7f2853e13fd23d93bcada5f0cafc5c410c5be4","sha256":"738805a30612ce0169809d94b47c4c3ac389121040ad7171c7843461689b1989"},"dob":{"date":"1988-04-11T05:34:27.263Z","age":35},"registered":{"date":"2014-09-13T06:22:29.788Z","age":9},"phone":"01439 988708","cell":"07982 927491","id":{"name":"NINO","value":"CB 03 71 85 C"},"picture":{"large":"https://randomuser.me/api/portraits/women/53.jpg","medium":"https://randomuser.me/api/portraits/med/women/53.jpg","thumbnail":"https://randomuser.me/api/portraits/thumb/women/53.jpg"},"nat":"GB"}],"info":{"seed":"14cc7099a5822c20","results":1,"page":1,"version":"1.4"}} 
 </msg>
<msg time="2024-03-31T11:11:42.046856" level="INFO">/opt/hostedtoolcache/Python/3.12.2/x64/lib/python3.12/site-packages/urllib3/connectionpool.py:1103: InsecureRequestWarning: Unverified HTTPS request is being made to host 'randomuser.me'. Adding certificate verification is strongly advised. See: https://urllib3.readthedocs.io/en/latest/advanced-usage.html#tls-warnings
  warnings.warn(</msg>
<msg time="2024-03-31T11:11:42.046968" level="INFO">${response} = &lt;Response [200]&gt;</msg>
<var>${response}</var>
<arg>consultarAPI</arg>
<arg>/api</arg>
<doc>Sends a GET request on a previously created HTTP Session.</doc>
<status status="PASS" start="2024-03-31T11:11:41.958395" elapsed="0.088624"/>
</kw>
<kw name="Set Variable" owner="BuiltIn">
<msg time="2024-03-31T11:11:42.048076" level="INFO">${json_data} = {'results': [{'gender': 'female', 'name': {'title': 'Miss', 'first': 'Stephanie', 'last': 'Gonzales'}, 'location': {'street': {'number': 8847, 'name': 'Park Lane'}, 'city': 'Manchester', 'state': 'Sur...</msg>
<var>${json_data}</var>
<arg>${response.json()}</arg>
<doc>Returns the given values which can then be assigned to a variables.</doc>
<status status="PASS" start="2024-03-31T11:11:42.047542" elapsed="0.000561"/>
</kw>
<kw name="Log" owner="BuiltIn">
<msg time="2024-03-31T11:11:42.048568" level="INFO">{'results': [{'gender': 'female', 'name': {'title': 'Miss', 'first': 'Stephanie', 'last': 'Gonzales'}, 'location': {'street': {'number': 8847, 'name': 'Park Lane'}, 'city': 'Manchester', 'state': 'Surrey', 'country': 'United Kingdom', 'postcode': 'BN25 6AG', 'coordinates': {'latitude': '-10.4693', 'longitude': '122.4224'}, 'timezone': {'offset': '0:00', 'description': 'Western Europe Time, London, Lisbon, Casablanca'}}, 'email': 'stephanie.gonzales@example.com', 'login': {'uuid': 'e547e98d-d16e-402c-8a34-8cc985a3d30e', 'username': 'crazylion808', 'password': 'candy', 'salt': 'gx3ckXqN', 'md5': '51dfad1c1cd60679e0f4375f384d810a', 'sha1': '7f7f2853e13fd23d93bcada5f0cafc5c410c5be4', 'sha256': '738805a30612ce0169809d94b47c4c3ac389121040ad7171c7843461689b1989'}, 'dob': {'date': '1988-04-11T05:34:27.263Z', 'age': 35}, 'registered': {'date': '2014-09-13T06:22:29.788Z', 'age': 9}, 'phone': '01439 988708', 'cell': '07982 927491', 'id': {'name': 'NINO', 'value': 'CB 03 71 85 C'}, 'picture': {'large': 'https://randomuser.me/api/portraits/women/53.jpg', 'medium': 'https://randomuser.me/api/portraits/med/women/53.jpg', 'thumbnail': 'https://randomuser.me/api/portraits/thumb/women/53.jpg'}, 'nat': 'GB'}], 'info': {'seed': '14cc7099a5822c20', 'results': 1, 'page': 1, 'version': '1.4'}}</msg>
<arg>${json_data}</arg>
<doc>Logs the given message with the given level.</doc>
<status status="PASS" start="2024-03-31T11:11:42.048414" elapsed="0.000235"/>
</kw>
<kw name="Should Be String" owner="String">
<arg>${json_data['results'][0]['gender']}</arg>
<doc>Fails if the given ``item`` is not a string.</doc>
<status status="PASS" start="2024-03-31T11:11:42.048997" elapsed="0.000363"/>
</kw>
<kw name="Should Match Regexp" owner="BuiltIn">
<arg>${json_data['results'][0]['email']}</arg>
<arg>^[a-zA-Z0-9._%+-]+@[a-zA-Z0-9.-]+\.[a-zA-Z]{2,}$</arg>
<doc>Fails if ``string`` does not match ``pattern`` as a regular expression.</doc>
<status status="PASS" start="2024-03-31T11:11:42.049552" elapsed="0.000525"/>
</kw>
<kw name="Should Match Regexp" owner="BuiltIn">
<arg>${json_data['results'][0]['dob']['date']}</arg>
<arg>\\d{4}-\\d{2}-\\d{2}T\\d{2}:\\d{2}:\\d{2}\\.\\d{3}Z</arg>
<doc>Fails if ``string`` does not match ``pattern`` as a regular expression.</doc>
<status status="PASS" start="2024-03-31T11:11:42.050276" elapsed="0.000502"/>
</kw>
<kw name="Should Match Regexp" owner="BuiltIn">
<arg>${json_data['results'][0]['registered']['date']}</arg>
<arg>\\d{4}-\\d{2}-\\d{2}T\\d{2}:\\d{2}:\\d{2}\\.\\d{3}Z</arg>
<doc>Fails if ``string`` does not match ``pattern`` as a regular expression.</doc>
<status status="PASS" start="2024-03-31T11:11:42.050970" elapsed="0.000372"/>
</kw>
<kw name="Should Match Regexp" owner="BuiltIn">
<arg>${json_data['results'][0]['picture']['large']}</arg>
<arg>^https?://.*\.(?:png|jpe?g|gif|bmp)$</arg>
<doc>Fails if ``string`` does not match ``pattern`` as a regular expression.</doc>
<status status="PASS" start="2024-03-31T11:11:42.051529" elapsed="0.000457"/>
</kw>
<kw name="Should Match Regexp" owner="BuiltIn">
<arg>${json_data['results'][0]['picture']['medium']}</arg>
<arg>^https?://.*\.(?:png|jpe?g|gif|bmp)$</arg>
<doc>Fails if ``string`` does not match ``pattern`` as a regular expression.</doc>
<status status="PASS" start="2024-03-31T11:11:42.052175" elapsed="0.000358"/>
</kw>
<kw name="Should Match Regexp" owner="BuiltIn">
<arg>${json_data['results'][0]['picture']['thumbnail']}</arg>
<arg>^https?://.*\.(?:png|jpe?g|gif|bmp)$</arg>
<doc>Fails if ``string`` does not match ``pattern`` as a regular expression.</doc>
<status status="PASS" start="2024-03-31T11:11:42.052738" elapsed="0.000351"/>
</kw>
<kw name="Log" owner="BuiltIn">
<msg time="2024-03-31T11:11:42.053602" level="INFO">{'large': 'https://randomuser.me/api/portraits/women/53.jpg', 'medium': 'https://randomuser.me/api/portraits/med/women/53.jpg', 'thumbnail': 'https://randomuser.me/api/portraits/thumb/women/53.jpg'}</msg>
<arg>${json_data['results'][0]['picture']}</arg>
<doc>Logs the given message with the given level.</doc>
<status status="PASS" start="2024-03-31T11:11:42.053271" elapsed="0.000377"/>
</kw>
<status status="PASS" start="2024-03-31T11:11:41.958164" elapsed="0.095740"/>
</kw>
<kw name="Teste de Tipos de Dados - Postcode" owner="random-user-service">
<kw name="GET On Session" owner="RequestsLibrary">
<msg time="2024-03-31T11:11:42.139766" level="INFO">GET Request : url=https://randomuser.me/api 
 path_url=/api 
 headers={'User-Agent': 'python-requests/2.31.0', 'Accept-Encoding': 'gzip, deflate', 'Accept': '*/*', 'Connection': 'keep-alive'} 
 body=None 
 </msg>
<msg time="2024-03-31T11:11:42.139849" level="INFO">GET Response : url=https://randomuser.me/api 
 status=200, reason=OK 
 headers={'Date': 'Sun, 31 Mar 2024 11:11:42 GMT', 'Content-Type': 'application/json; charset=utf-8', 'Transfer-Encoding': 'chunked', 'Connection': 'keep-alive', 'X-Powered-By': 'Express', 'Access-Control-Allow-Origin': '*', 'Cache-Control': 'no-cache', 'ETag': 'W/"478-bewm/blrkK0N49T7/Sm7efyMk9k"', 'Vary': 'Accept-Encoding', 'Content-Encoding': 'gzip', 'CF-Cache-Status': 'DYNAMIC', 'Report-To': '{"endpoints":[{"url":"https:\\/\\/a.nel.cloudflare.com\\/report\\/v4?s=jwOxjxGN7waugssoHicYLWznKUgDYurgV8hMHP%2BmW37xROhdz66YXPSVKF%2BUF8hN6lxj1GPF8yBqwfDG6X3u6lp81CJ9gVrajNmt8IpL1B63Yoq%2Bydj8frr0mlZVcD7W"}],"group":"cf-nel","max_age":604800}', 'NEL': '{"success_fraction":0,"report_to":"cf-nel","max_age":604800}', 'Server': 'cloudflare', 'CF-RAY': '86cfe66fdb7a2303-ORD', 'alt-svc': 'h3=":443"; ma=86400'} 
 body={"results":[{"gender":"female","name":{"title":"Ms","first":"Maddison","last":"Martin"},"location":{"street":{"number":5479,"name":"Broadway Avenue"},"city":"Gisborne","state":"Nelson","country":"New Zealand","postcode":15794,"coordinates":{"latitude":"52.0704","longitude":"110.4516"},"timezone":{"offset":"+5:45","description":"Kathmandu"}},"email":"maddison.martin@example.com","login":{"uuid":"98cb8137-1d70-474e-870d-4fc5f49ee78d","username":"tinyfish959","password":"191919","salt":"YBbCs3XC","md5":"5763b3e8e35e265b8ffddf3013e99505","sha1":"2b9de51a0d96a97fd01c5427137db191e281cf2b","sha256":"6038a6ca02895ff73ee538b7a71ef32123ea0dcdcef0fc3ff3f0db5b6965eabe"},"dob":{"date":"1989-01-06T15:36:28.669Z","age":35},"registered":{"date":"2009-09-20T10:22:52.163Z","age":14},"phone":"(359)-945-8846","cell":"(454)-148-7657","id":{"name":"","value":null},"picture":{"large":"https://randomuser.me/api/portraits/women/93.jpg","medium":"https://randomuser.me/api/portraits/med/women/93.jpg","thumbnail":"https://randomuser.me/api/portraits/thumb/women/93.jpg"},"nat":"NZ"}],"info":{"seed":"6080b5a04f4f6d06","results":1,"page":1,"version":"1.4"}} 
 </msg>
<msg time="2024-03-31T11:11:42.139932" level="INFO">/opt/hostedtoolcache/Python/3.12.2/x64/lib/python3.12/site-packages/urllib3/connectionpool.py:1103: InsecureRequestWarning: Unverified HTTPS request is being made to host 'randomuser.me'. Adding certificate verification is strongly advised. See: https://urllib3.readthedocs.io/en/latest/advanced-usage.html#tls-warnings
  warnings.warn(</msg>
<msg time="2024-03-31T11:11:42.140047" level="INFO">${response} = &lt;Response [200]&gt;</msg>
<var>${response}</var>
<arg>consultarAPI</arg>
<arg>/api</arg>
<doc>Sends a GET request on a previously created HTTP Session.</doc>
<status status="PASS" start="2024-03-31T11:11:42.054476" elapsed="0.085613"/>
</kw>
<kw name="Set Variable" owner="BuiltIn">
<msg time="2024-03-31T11:11:42.141034" level="INFO">${json_data} = {'results': [{'gender': 'female', 'name': {'title': 'Ms', 'first': 'Maddison', 'last': 'Martin'}, 'location': {'street': {'number': 5479, 'name': 'Broadway Avenue'}, 'city': 'Gisborne', 'state': 'Nels...</msg>
<var>${json_data}</var>
<arg>${response.json()}</arg>
<doc>Returns the given values which can then be assigned to a variables.</doc>
<status status="PASS" start="2024-03-31T11:11:42.140553" elapsed="0.000509"/>
</kw>
<kw name="Log" owner="BuiltIn">
<msg time="2024-03-31T11:11:42.141514" level="INFO">{'results': [{'gender': 'female', 'name': {'title': 'Ms', 'first': 'Maddison', 'last': 'Martin'}, 'location': {'street': {'number': 5479, 'name': 'Broadway Avenue'}, 'city': 'Gisborne', 'state': 'Nelson', 'country': 'New Zealand', 'postcode': 15794, 'coordinates': {'latitude': '52.0704', 'longitude': '110.4516'}, 'timezone': {'offset': '+5:45', 'description': 'Kathmandu'}}, 'email': 'maddison.martin@example.com', 'login': {'uuid': '98cb8137-1d70-474e-870d-4fc5f49ee78d', 'username': 'tinyfish959', 'password': '191919', 'salt': 'YBbCs3XC', 'md5': '5763b3e8e35e265b8ffddf3013e99505', 'sha1': '2b9de51a0d96a97fd01c5427137db191e281cf2b', 'sha256': '6038a6ca02895ff73ee538b7a71ef32123ea0dcdcef0fc3ff3f0db5b6965eabe'}, 'dob': {'date': '1989-01-06T15:36:28.669Z', 'age': 35}, 'registered': {'date': '2009-09-20T10:22:52.163Z', 'age': 14}, 'phone': '(359)-945-8846', 'cell': '(454)-148-7657', 'id': {'name': '', 'value': None}, 'picture': {'large': 'https://randomuser.me/api/portraits/women/93.jpg', 'medium': 'https://randomuser.me/api/portraits/med/women/93.jpg', 'thumbnail': 'https://randomuser.me/api/portraits/thumb/women/93.jpg'}, 'nat': 'NZ'}], 'info': {'seed': '6080b5a04f4f6d06', 'results': 1, 'page': 1, 'version': '1.4'}}</msg>
<arg>${json_data}</arg>
<doc>Logs the given message with the given level.</doc>
<status status="PASS" start="2024-03-31T11:11:42.141364" elapsed="0.000225"/>
</kw>
<kw name="Should Be Equal As Numbers" owner="BuiltIn">
<arg>${json_data['results'][0]['location']['postcode']}</arg>
<arg>${json_data['results'][0]['location']['postcode']}</arg>
<doc>Fails if objects are unequal after converting them to real numbers.</doc>
<status status="PASS" start="2024-03-31T11:11:42.141889" elapsed="0.000624"/>
</kw>
<kw name="Log" owner="BuiltIn">
<msg time="2024-03-31T11:11:42.143043" level="INFO">15794</msg>
<arg>${json_data['results'][0]['location']['postcode']}</arg>
<doc>Logs the given message with the given level.</doc>
<status status="PASS" start="2024-03-31T11:11:42.142707" elapsed="0.000375"/>
</kw>
<status status="PASS" start="2024-03-31T11:11:42.054123" elapsed="0.089209"/>
</kw>
<doc>Testa se os tipos de dados na resposta da API estão corretos.</doc>
<tag>testeTiposDados</tag>
<status status="PASS" start="2024-03-31T11:11:41.957727" elapsed="0.185767"/>
</test>
<test id="s1-s1-t5" name="Validar conteudo" line="35">
<kw name="Teste de Tipos de Conteudo" owner="random-user-service">
<kw name="GET On Session" owner="RequestsLibrary">
<msg time="2024-03-31T11:11:42.239591" level="INFO">GET Request : url=https://randomuser.me/api 
 path_url=/api 
 headers={'User-Agent': 'python-requests/2.31.0', 'Accept-Encoding': 'gzip, deflate', 'Accept': '*/*', 'Connection': 'keep-alive'} 
 body=None 
 </msg>
<msg time="2024-03-31T11:11:42.239682" level="INFO">GET Response : url=https://randomuser.me/api 
 status=200, reason=OK 
 headers={'Date': 'Sun, 31 Mar 2024 11:11:42 GMT', 'Content-Type': 'application/json; charset=utf-8', 'Transfer-Encoding': 'chunked', 'Connection': 'keep-alive', 'X-Powered-By': 'Express', 'Access-Control-Allow-Origin': '*', 'Cache-Control': 'no-cache', 'ETag': 'W/"491-8sbgn3wjfYpRQ555PWG2dO0z3Fc"', 'Vary': 'Accept-Encoding', 'Content-Encoding': 'gzip', 'CF-Cache-Status': 'DYNAMIC', 'Report-To': '{"endpoints":[{"url":"https:\\/\\/a.nel.cloudflare.com\\/report\\/v4?s=D6L4%2Few5HY9oF2JDLv6J6jCPjnoKSxXWn99ZsxreU75sWxuSW8kKcg6A2%2BHue%2F9pWSJ8RiYVIIzzFPsx4qoqM9wSsOpA5bmV%2FHHSlplQFKCof55AvoinGcRzrKGL3bmq"}],"group":"cf-nel","max_age":604800}', 'NEL': '{"success_fraction":0,"report_to":"cf-nel","max_age":604800}', 'Server': 'cloudflare', 'CF-RAY': '86cfe6706c2c2303-ORD', 'alt-svc': 'h3=":443"; ma=86400'} 
 body={"results":[{"gender":"female","name":{"title":"Mrs","first":"Miriam","last":"Moore"},"location":{"street":{"number":9467,"name":"Oak Lawn Ave"},"city":"Lakeland","state":"Oklahoma","country":"United States","postcode":85164,"coordinates":{"latitude":"81.7339","longitude":"50.3649"},"timezone":{"offset":"+2:00","description":"Kaliningrad, South Africa"}},"email":"miriam.moore@example.com","login":{"uuid":"b998f87b-daa4-4b7e-a3df-53d0e76a41c0","username":"whitegoose284","password":"snake1","salt":"PNrTD4Bn","md5":"6cdadde1097f808c71fde181b01a048d","sha1":"db8b66906110471000dfcc4e3e1f89f63ea15db4","sha256":"283e01a8429125198c4652e0c01d8f18962b634fbfce4f638866bfcae08ee8ce"},"dob":{"date":"1992-05-28T00:00:25.572Z","age":31},"registered":{"date":"2002-08-02T05:45:21.247Z","age":21},"phone":"(546) 407-0560","cell":"(397) 418-4786","id":{"name":"SSN","value":"484-47-1659"},"picture":{"large":"https://randomuser.me/api/portraits/women/87.jpg","medium":"https://randomuser.me/api/portraits/med/women/87.jpg","thumbnail":"https://randomuser.me/api/portraits/thumb/women/87.jpg"},"nat":"US"}],"info":{"seed":"b4e8632f758d2d75","results":1,"page":1,"version":"1.4"}} 
 </msg>
<msg time="2024-03-31T11:11:42.239795" level="INFO">/opt/hostedtoolcache/Python/3.12.2/x64/lib/python3.12/site-packages/urllib3/connectionpool.py:1103: InsecureRequestWarning: Unverified HTTPS request is being made to host 'randomuser.me'. Adding certificate verification is strongly advised. See: https://urllib3.readthedocs.io/en/latest/advanced-usage.html#tls-warnings
  warnings.warn(</msg>
<msg time="2024-03-31T11:11:42.239970" level="INFO">${response} = &lt;Response [200]&gt;</msg>
<var>${response}</var>
<arg>consultarAPI</arg>
<arg>/api</arg>
<doc>Sends a GET request on a previously created HTTP Session.</doc>
<status status="PASS" start="2024-03-31T11:11:42.146214" elapsed="0.093794"/>
</kw>
<kw name="Set Variable" owner="BuiltIn">
<msg time="2024-03-31T11:11:42.240942" level="INFO">${json_data} = {'results': [{'gender': 'female', 'name': {'title': 'Mrs', 'first': 'Miriam', 'last': 'Moore'}, 'location': {'street': {'number': 9467, 'name': 'Oak Lawn Ave'}, 'city': 'Lakeland', 'state': 'Oklahoma'...</msg>
<var>${json_data}</var>
<arg>${response.json()}</arg>
<doc>Returns the given values which can then be assigned to a variables.</doc>
<status status="PASS" start="2024-03-31T11:11:42.240442" elapsed="0.000528"/>
</kw>
<kw name="Set Variable" owner="BuiltIn">
<msg time="2024-03-31T11:11:42.241651" level="INFO">${name_title} = Mrs</msg>
<var>${name_title}</var>
<arg>${json_data["results"][0]["name"]["title"]}</arg>
<doc>Returns the given values which can then be assigned to a variables.</doc>
<status status="PASS" start="2024-03-31T11:11:42.241273" elapsed="0.000403"/>
</kw>
<kw name="Create List" owner="BuiltIn">
<msg time="2024-03-31T11:11:42.242133" level="INFO">${allowed_titles} = ['Mr', 'Ms', 'Miss', 'Mrs', 'Madame', 'Monsieur']</msg>
<var>${allowed_titles}</var>
<arg>Mr</arg>
<arg>Ms</arg>
<arg>Miss</arg>
<arg>Mrs</arg>
<arg>Madame</arg>
<arg>Monsieur</arg>
<doc>Returns a list containing given items.</doc>
<status status="PASS" start="2024-03-31T11:11:42.241983" elapsed="0.000174"/>
</kw>
<kw name="List Should Contain Value" owner="Collections">
<msg time="2024-03-31T11:11:42.242641" level="INFO">False</msg>
<arg>${allowed_titles}</arg>
<arg>${name_title}</arg>
<doc>Fails if the ``value`` is not found from ``list``.</doc>
<status status="PASS" start="2024-03-31T11:11:42.242466" elapsed="0.000211"/>
</kw>
<kw name="Set Variable" owner="BuiltIn">
<msg time="2024-03-31T11:11:42.243348" level="INFO">${name_country} = US</msg>
<var>${name_country}</var>
<arg>${json_data["results"][0]["nat"]}</arg>
<doc>Returns the given values which can then be assigned to a variables.</doc>
<status status="PASS" start="2024-03-31T11:11:42.242966" elapsed="0.000406"/>
</kw>
<kw name="Create List" owner="BuiltIn">
<msg time="2024-03-31T11:11:42.244276" level="INFO">${list_country} = ['AD', 'AE', 'AF', 'AG', 'AI', 'AL', 'AM', 'AO', 'AQ', 'AR', 'AS', 'AT', 'AU', 'AW', 'AX', 'AZ', 'BA', 'BB', 'BD', 'BE', 'BF', 'BG', 'BH', 'BI', 'BJ', 'BL', 'BM', 'BN', 'BO', 'BQ', 'BR', 'BS', 'BT', '...</msg>
<var>${list_country}</var>
<arg>AD</arg>
<arg>AE</arg>
<arg>AF</arg>
<arg>AG</arg>
<arg>AI</arg>
<arg>AL</arg>
<arg>AM</arg>
<arg>AO</arg>
<arg>AQ</arg>
<arg>AR</arg>
<arg>AS</arg>
<arg>AT</arg>
<arg>AU</arg>
<arg>AW</arg>
<arg>AX</arg>
<arg>AZ</arg>
<arg>BA</arg>
<arg>BB</arg>
<arg>BD</arg>
<arg>BE</arg>
<arg>BF</arg>
<arg>BG</arg>
<arg>BH</arg>
<arg>BI</arg>
<arg>BJ</arg>
<arg>BL</arg>
<arg>BM</arg>
<arg>BN</arg>
<arg>BO</arg>
<arg>BQ</arg>
<arg>BR</arg>
<arg>BS</arg>
<arg>BT</arg>
<arg>BV</arg>
<arg>BW</arg>
<arg>BY</arg>
<arg>BZ</arg>
<arg>CA</arg>
<arg>CC</arg>
<arg>CD</arg>
<arg>CF</arg>
<arg>CG</arg>
<arg>CH</arg>
<arg>CI</arg>
<arg>CK</arg>
<arg>CL</arg>
<arg>CM</arg>
<arg>CN</arg>
<arg>CO</arg>
<arg>CR</arg>
<arg>CU</arg>
<arg>CV</arg>
<arg>CW</arg>
<arg>CX</arg>
<arg>CY</arg>
<arg>CZ</arg>
<arg>DE</arg>
<arg>DJ</arg>
<arg>DK</arg>
<arg>DM</arg>
<arg>DO</arg>
<arg>DZ</arg>
<arg>EC</arg>
<arg>EE</arg>
<arg>EG</arg>
<arg>EH</arg>
<arg>ER</arg>
<arg>ES</arg>
<arg>ET</arg>
<arg>FI</arg>
<arg>FJ</arg>
<arg>FK</arg>
<arg>FM</arg>
<arg>FO</arg>
<arg>FR</arg>
<arg>GA</arg>
<arg>GB</arg>
<arg>GD</arg>
<arg>GE</arg>
<arg>GF</arg>
<arg>GG</arg>
<arg>GH</arg>
<arg>GI</arg>
<arg>GL</arg>
<arg>GM</arg>
<arg>GN</arg>
<arg>GP</arg>
<arg>GQ</arg>
<arg>GR</arg>
<arg>GS</arg>
<arg>GT</arg>
<arg>GU</arg>
<arg>GW</arg>
<arg>GY</arg>
<arg>HK</arg>
<arg>HM</arg>
<arg>HN</arg>
<arg>HR</arg>
<arg>HT</arg>
<arg>HU</arg>
<arg>ID</arg>
<arg>IE</arg>
<arg>IL</arg>
<arg>IM</arg>
<arg>IN</arg>
<arg>IO</arg>
<arg>IQ</arg>
<arg>IR</arg>
<arg>IS</arg>
<arg>IT</arg>
<arg>JE</arg>
<arg>JM</arg>
<arg>JO</arg>
<arg>JP</arg>
<arg>KE</arg>
<arg>KG</arg>
<arg>KH</arg>
<arg>KI</arg>
<arg>KM</arg>
<arg>KN</arg>
<arg>KP</arg>
<arg>KR</arg>
<arg>KW</arg>
<arg>KY</arg>
<arg>KZ</arg>
<arg>LA</arg>
<arg>LB</arg>
<arg>LC</arg>
<arg>LI</arg>
<arg>LK</arg>
<arg>LR</arg>
<arg>LS</arg>
<arg>LT</arg>
<arg>LU</arg>
<arg>LV</arg>
<arg>LY</arg>
<arg>MA</arg>
<arg>MC</arg>
<arg>MD</arg>
<arg>ME</arg>
<arg>MF</arg>
<arg>MG</arg>
<arg>MH</arg>
<arg>MK</arg>
<arg>ML</arg>
<arg>MM</arg>
<arg>MN</arg>
<arg>MO</arg>
<arg>MP</arg>
<arg>MQ</arg>
<arg>MR</arg>
<arg>MS</arg>
<arg>MT</arg>
<arg>MU</arg>
<arg>MV</arg>
<arg>MW</arg>
<arg>MX</arg>
<arg>MY</arg>
<arg>MZ</arg>
<arg>NA</arg>
<arg>NC</arg>
<arg>NE</arg>
<arg>NF</arg>
<arg>NG</arg>
<arg>NI</arg>
<arg>NL</arg>
<arg>NO</arg>
<arg>NP</arg>
<arg>NR</arg>
<arg>NU</arg>
<arg>NZ</arg>
<arg>OM</arg>
<arg>PA</arg>
<arg>PE</arg>
<arg>PF</arg>
<arg>PG</arg>
<arg>PH</arg>
<arg>PK</arg>
<arg>PL</arg>
<arg>PM</arg>
<arg>PN</arg>
<arg>PR</arg>
<arg>PS</arg>
<arg>PT</arg>
<arg>PW</arg>
<arg>PY</arg>
<arg>QA</arg>
<arg>RE</arg>
<arg>RO</arg>
<arg>RS</arg>
<arg>RU</arg>
<arg>RW</arg>
<arg>SA</arg>
<arg>SB</arg>
<arg>SC</arg>
<arg>SD</arg>
<arg>SE</arg>
<arg>SG</arg>
<arg>SH</arg>
<arg>SI</arg>
<arg>SJ</arg>
<arg>SK</arg>
<arg>SL</arg>
<arg>SM</arg>
<arg>SN</arg>
<arg>SO</arg>
<arg>SR</arg>
<arg>SS</arg>
<arg>ST</arg>
<arg>SV</arg>
<arg>SX</arg>
<arg>SY</arg>
<arg>SZ</arg>
<arg>TC</arg>
<arg>TD</arg>
<arg>TF</arg>
<arg>TG</arg>
<arg>TH</arg>
<arg>TJ</arg>
<arg>TK</arg>
<arg>TL</arg>
<arg>TM</arg>
<arg>TN</arg>
<arg>TO</arg>
<arg>TR</arg>
<arg>TT</arg>
<arg>TV</arg>
<arg>TW</arg>
<arg>TZ</arg>
<arg>UA</arg>
<arg>UG</arg>
<arg>UM</arg>
<arg>US</arg>
<arg>UY</arg>
<arg>UZ</arg>
<arg>VA</arg>
<arg>VC</arg>
<arg>VE</arg>
<arg>VG</arg>
<arg>VI</arg>
<arg>VN</arg>
<arg>VU</arg>
<arg>WF</arg>
<arg>WS</arg>
<arg>XK</arg>
<arg>YE</arg>
<arg>YT</arg>
<arg>ZA</arg>
<arg>ZM</arg>
<arg>ZW</arg>
<doc>Returns a list containing given items.</doc>
<status status="PASS" start="2024-03-31T11:11:42.243680" elapsed="0.000621"/>
</kw>
<kw name="List Should Contain Value" owner="Collections">
<msg time="2024-03-31T11:11:42.245432" level="INFO">False</msg>
<arg>${list_country}</arg>
<arg>${name_country}</arg>
<doc>Fails if the ``value`` is not found from ``list``.</doc>
<status status="PASS" start="2024-03-31T11:11:42.245227" elapsed="0.000242"/>
</kw>
<kw name="Run Keyword If" owner="BuiltIn">
<kw name="Should Be True" owner="BuiltIn">
<arg>${True}</arg>
<doc>Fails if the given condition is not true.</doc>
<status status="PASS" start="2024-03-31T11:11:42.246537" elapsed="0.000147"/>
</kw>
<arg>${json_data["results"][0]["location"]["coordinates"]["latitude"]} &gt;= -90 and ${json_data["results"][0]["location"]["coordinates"]["latitude"]} &lt;= 90</arg>
<arg>Should Be True</arg>
<arg>${True}</arg>
<doc>Runs the given keyword with the given arguments, if ``condition`` is true.</doc>
<status status="PASS" start="2024-03-31T11:11:42.245782" elapsed="0.001031"/>
</kw>
<kw name="Run Keyword If" owner="BuiltIn">
<kw name="Should Be True" owner="BuiltIn">
<arg>${True}</arg>
<doc>Fails if the given condition is not true.</doc>
<status status="PASS" start="2024-03-31T11:11:42.247703" elapsed="0.000139"/>
</kw>
<arg>${json_data["results"][0]["location"]["coordinates"]["longitude"]} &gt;= -180 and ${json_data["results"][0]["location"]["coordinates"]["longitude"]} &lt;= 180</arg>
<arg>Should Be True</arg>
<arg>${True}</arg>
<doc>Runs the given keyword with the given arguments, if ``condition`` is true.</doc>
<status status="PASS" start="2024-03-31T11:11:42.247000" elapsed="0.000969"/>
</kw>
<status status="PASS" start="2024-03-31T11:11:42.145846" elapsed="0.102253"/>
</kw>
<doc>Testa o conteúdo específico dos campos retornados pela API.</doc>
<tag>testeConteudo</tag>
<status status="PASS" start="2024-03-31T11:11:42.145219" elapsed="0.103032"/>
</test>
<status status="PASS" start="2024-03-31T11:11:41.129931" elapsed="1.120245"/>
</suite>
<status status="PASS" start="2024-03-31T11:11:41.116360" elapsed="1.139100"/>
</suite>
<statistics>
<total>
<stat pass="5" fail="0" skip="0">All Tests</stat>
</total>
<tag>
<stat pass="1" fail="0" skip="0">testeConteudo</stat>
<stat pass="1" fail="0" skip="0">testeEstruturaResposta</stat>
<stat pass="1" fail="0" skip="0">testeRequisicaoBasica</stat>
<stat pass="1" fail="0" skip="0">testeTiposDados</stat>
</tag>
<suite>
<stat pass="5" fail="0" skip="0" id="s1" name="Tests">Tests</stat>
<stat pass="5" fail="0" skip="0" id="s1-s1" name="Random-User-Test">Tests.Random-User-Test</stat>
</suite>
</statistics>
<errors>
</errors>
</robot>
