<?xml version="1.0" encoding="UTF-8"?>
<robot generator="Robot 7.0 (Python 3.12.3 on linux)" generated="2024-04-27T11:10:55.340821" rpa="false" schemaversion="5">
<suite id="s1" name="Tests" source="/home/runner/work/DesafioQAItauRogerioJordao/DesafioQAItauRogerioJordao/RamdonUser/tests">
<suite id="s1-s1" name="Random-User-Test" source="/home/runner/work/DesafioQAItauRogerioJordao/DesafioQAItauRogerioJordao/RamdonUser/tests/random-user-test.robot">
<test id="s1-s1-t1" name="Conectar" line="13">
<kw name="Conectar API" owner="random-user-service">
<kw name="Create Session" owner="RequestsLibrary">
<msg time="2024-04-27T11:10:55.709068" level="INFO">Creating Session using : alias=consultarAPI, url=https://randomuser.me/, headers={},                     cookies={}, auth=None, timeout=None, proxies=None, verify=False,                     debug=0 </msg>
<arg>consultarAPI</arg>
<arg>${URL}</arg>
<doc>Create Session: create a HTTP session to a server</doc>
<status status="PASS" start="2024-04-27T11:10:55.708870" elapsed="0.000377"/>
</kw>
<status status="PASS" start="2024-04-27T11:10:55.707885" elapsed="0.001720"/>
</kw>
<status status="PASS" start="2024-04-27T11:10:55.707346" elapsed="0.002453"/>
</test>
<test id="s1-s1-t2" name="Validar retorno 200 e JSON Válido" line="16">
<kw name="Teste de Requisicao Basica" owner="random-user-service">
<kw name="GET On Session" owner="RequestsLibrary">
<msg time="2024-04-27T11:10:55.866310" level="INFO">GET Request : url=https://randomuser.me/api 
 path_url=/api 
 headers={'User-Agent': 'python-requests/2.31.0', 'Accept-Encoding': 'gzip, deflate', 'Accept': '*/*', 'Connection': 'keep-alive'} 
 body=None 
 </msg>
<msg time="2024-04-27T11:10:55.866464" level="INFO">GET Response : url=https://randomuser.me/api 
 status=200, reason=OK 
 headers={'Date': 'Sat, 27 Apr 2024 11:10:55 GMT', 'Content-Type': 'application/json; charset=utf-8', 'Transfer-Encoding': 'chunked', 'Connection': 'keep-alive', 'X-Powered-By': 'Express', 'Access-Control-Allow-Origin': '*', 'Cache-Control': 'no-cache', 'ETag': 'W/"4a7-xVlDSJimFLj073JOagF/1p/EtIw"', 'Vary': 'Accept-Encoding', 'Content-Encoding': 'gzip', 'CF-Cache-Status': 'DYNAMIC', 'Report-To': '{"endpoints":[{"url":"https:\\/\\/a.nel.cloudflare.com\\/report\\/v4?s=Vv41qeP7SHI4acDylQ2DzSHRG33XFvOhvfIXaCxm5D1qsZnzY4hB0e89R6T%2BXFyQycLULpMk2%2FP8D7qWE3v12l0kwb2pFpWCvy7r9zbCrppNUrUWifDicr6zQuJy9axZ"}],"group":"cf-nel","max_age":604800}', 'NEL': '{"success_fraction":0,"report_to":"cf-nel","max_age":604800}', 'Server': 'cloudflare', 'CF-RAY': '87ae5e6e8cc62b95-LAX', 'alt-svc': 'h3=":443"; ma=86400'} 
 body={"results":[{"gender":"male","name":{"title":"Mr","first":"Mimon","last":"da Mota"},"location":{"street":{"number":7087,"name":"Rua Primeiro de Maio "},"city":"Pinhais","state":"Mato Grosso do Sul","country":"Brazil","postcode":60267,"coordinates":{"latitude":"-77.8233","longitude":"-112.0770"},"timezone":{"offset":"-5:00","description":"Eastern Time (US &amp; Canada), Bogota, Lima"}},"email":"mimon.damota@example.com","login":{"uuid":"a44b8a68-d385-4e95-afc4-a9e5e4f67c32","username":"smallfish700","password":"yessir","salt":"3pIw4LuN","md5":"8233b120baa53d8face67666965173e5","sha1":"50f4a248ea9ac6751ba1925475ac73862c3b89b7","sha256":"f3971f55c827ec0e21865cfb25cbc7fd79145133636d787c0ebb2fa256e54e55"},"dob":{"date":"1978-12-28T03:11:25.374Z","age":45},"registered":{"date":"2019-12-01T02:17:00.928Z","age":4},"phone":"(92) 9447-1189","cell":"(11) 5393-4430","id":{"name":"CPF","value":"383.810.657-51"},"picture":{"large":"https://randomuser.me/api/portraits/men/32.jpg","medium":"https://randomuser.me/api/portraits/med/men/32.jpg","thumbnail":"https://randomuser.me/api/portraits/thumb/men/32.jpg"},"nat":"BR"}],"info":{"seed":"75956b0369fb629e","results":1,"page":1,"version":"1.4"}} 
 </msg>
<msg time="2024-04-27T11:10:55.866561" level="INFO">/opt/hostedtoolcache/Python/3.12.3/x64/lib/python3.12/site-packages/urllib3/connectionpool.py:1103: InsecureRequestWarning: Unverified HTTPS request is being made to host 'randomuser.me'. Adding certificate verification is strongly advised. See: https://urllib3.readthedocs.io/en/latest/advanced-usage.html#tls-warnings
  warnings.warn(</msg>
<msg time="2024-04-27T11:10:55.866726" level="INFO">${response} = &lt;Response [200]&gt;</msg>
<var>${response}</var>
<arg>consultarAPI</arg>
<arg>/api</arg>
<doc>Sends a GET request on a previously created HTTP Session.</doc>
<status status="PASS" start="2024-04-27T11:10:55.712721" elapsed="0.154048"/>
</kw>
<kw name="Should Be Equal As Numbers" owner="BuiltIn">
<msg time="2024-04-27T11:10:55.867851" level="INFO">Argument types are:
&lt;class 'int'&gt;
&lt;class 'str'&gt;</msg>
<arg>${response.status_code}</arg>
<arg>200</arg>
<doc>Fails if objects are unequal after converting them to real numbers.</doc>
<status status="PASS" start="2024-04-27T11:10:55.867349" elapsed="0.000568"/>
</kw>
<kw name="Log" owner="BuiltIn">
<msg time="2024-04-27T11:10:55.868613" level="INFO">200</msg>
<arg>${response.status_code}</arg>
<doc>Logs the given message with the given level.</doc>
<status status="PASS" start="2024-04-27T11:10:55.868262" elapsed="0.000392"/>
</kw>
<kw name="Set Variable" owner="BuiltIn">
<msg time="2024-04-27T11:10:55.869455" level="INFO">${json_data} = {'results': [{'gender': 'male', 'name': {'title': 'Mr', 'first': 'Mimon', 'last': 'da Mota'}, 'location': {'street': {'number': 7087, 'name': 'Rua Primeiro de Maio '}, 'city': 'Pinhais', 'state': 'Mat...</msg>
<var>${json_data}</var>
<arg>${response.json()}</arg>
<doc>Returns the given values which can then be assigned to a variables.</doc>
<status status="PASS" start="2024-04-27T11:10:55.869013" elapsed="0.000471"/>
</kw>
<kw name="Dictionary Should Contain Key" owner="Collections">
<msg time="2024-04-27T11:10:55.869960" level="INFO">False</msg>
<arg>${json_data}</arg>
<arg>results</arg>
<doc>Fails if ``key`` is not found from ``dictionary``.</doc>
<status status="PASS" start="2024-04-27T11:10:55.869787" elapsed="0.000214"/>
</kw>
<status status="PASS" start="2024-04-27T11:10:55.712479" elapsed="0.157791"/>
</kw>
<doc>Testa se a API responde corretamente e retorna um objeto JSON válido.</doc>
<tag>testeRequisicaoBasica</tag>
<status status="PASS" start="2024-04-27T11:10:55.711939" elapsed="0.158506"/>
</test>
<test id="s1-s1-t3" name="Validar estrutura de resposta" line="22">
<kw name="Teste de Estrutura de Resposta" owner="random-user-service">
<kw name="GET On Session" owner="RequestsLibrary">
<msg time="2024-04-27T11:10:55.971511" level="INFO">GET Request : url=https://randomuser.me/api 
 path_url=/api 
 headers={'User-Agent': 'python-requests/2.31.0', 'Accept-Encoding': 'gzip, deflate', 'Accept': '*/*', 'Connection': 'keep-alive'} 
 body=None 
 </msg>
<msg time="2024-04-27T11:10:55.971608" level="INFO">GET Response : url=https://randomuser.me/api 
 status=200, reason=OK 
 headers={'Date': 'Sat, 27 Apr 2024 11:10:55 GMT', 'Content-Type': 'application/json; charset=utf-8', 'Transfer-Encoding': 'chunked', 'Connection': 'keep-alive', 'X-Powered-By': 'Express', 'Access-Control-Allow-Origin': '*', 'Cache-Control': 'no-cache', 'ETag': 'W/"475-Y9f3v0AGokYr6npCgqCF5y0LXdI"', 'Vary': 'Accept-Encoding', 'Content-Encoding': 'gzip', 'CF-Cache-Status': 'DYNAMIC', 'Report-To': '{"endpoints":[{"url":"https:\\/\\/a.nel.cloudflare.com\\/report\\/v4?s=9hY3jrV2E9wSGM31%2FSGfLsR5tzwN%2FucKQfvsub5vr%2BoErh9CH82VZMqRdJgGMQb5aBifwTKvN7%2FWDoFkWRgM%2BGiyFGrYtCRO%2BW8xGRxcx53JVtZq9nxK9hAb%2FFD4vVqJ"}],"group":"cf-nel","max_age":604800}', 'NEL': '{"success_fraction":0,"report_to":"cf-nel","max_age":604800}', 'Server': 'cloudflare', 'CF-RAY': '87ae5e6f3d362b95-LAX', 'alt-svc': 'h3=":443"; ma=86400'} 
 body={"results":[{"gender":"female","name":{"title":"Ms","first":"Vlatka","last":"Novak"},"location":{"street":{"number":7725,"name":"Ilije Vukićevića"},"city":"Belgrade","state":"Kosovo","country":"Serbia","postcode":50145,"coordinates":{"latitude":"63.9209","longitude":"123.4596"},"timezone":{"offset":"+3:30","description":"Tehran"}},"email":"vlatka.novak@example.com","login":{"uuid":"f7e9c412-7bc1-4978-af80-b1e5e8f20402","username":"angrypanda182","password":"lovers","salt":"UXhKDFi0","md5":"ca1598602d66b83ef1cc75d5ea860ec2","sha1":"d345e7ce48ea98b8259d4112da10878961cb7ee8","sha256":"4fbab6555a5697b118038c980d9220df8cf48e153a12e0c7ce9b055d8e573ff9"},"dob":{"date":"1996-01-05T13:02:57.881Z","age":28},"registered":{"date":"2009-06-07T11:11:32.717Z","age":14},"phone":"029-1020-159","cell":"060-7807-928","id":{"name":"SID","value":"129443256"},"picture":{"large":"https://randomuser.me/api/portraits/women/90.jpg","medium":"https://randomuser.me/api/portraits/med/women/90.jpg","thumbnail":"https://randomuser.me/api/portraits/thumb/women/90.jpg"},"nat":"RS"}],"info":{"seed":"ddec3107e0a77adf","results":1,"page":1,"version":"1.4"}} 
 </msg>
<msg time="2024-04-27T11:10:55.971741" level="INFO">/opt/hostedtoolcache/Python/3.12.3/x64/lib/python3.12/site-packages/urllib3/connectionpool.py:1103: InsecureRequestWarning: Unverified HTTPS request is being made to host 'randomuser.me'. Adding certificate verification is strongly advised. See: https://urllib3.readthedocs.io/en/latest/advanced-usage.html#tls-warnings
  warnings.warn(</msg>
<msg time="2024-04-27T11:10:55.971876" level="INFO">${response} = &lt;Response [200]&gt;</msg>
<var>${response}</var>
<arg>consultarAPI</arg>
<arg>/api</arg>
<doc>Sends a GET request on a previously created HTTP Session.</doc>
<status status="PASS" start="2024-04-27T11:10:55.873160" elapsed="0.098767"/>
</kw>
<kw name="Set Variable" owner="BuiltIn">
<msg time="2024-04-27T11:10:55.973017" level="INFO">${json_data} = {'results': [{'gender': 'female', 'name': {'title': 'Ms', 'first': 'Vlatka', 'last': 'Novak'}, 'location': {'street': {'number': 7725, 'name': 'Ilije Vukićevića'}, 'city': 'Belgrade', 'state': 'Kosovo...</msg>
<var>${json_data}</var>
<arg>${response.json()}</arg>
<doc>Returns the given values which can then be assigned to a variables.</doc>
<status status="PASS" start="2024-04-27T11:10:55.972420" elapsed="0.000628"/>
</kw>
<kw name="Log" owner="BuiltIn">
<msg time="2024-04-27T11:10:55.973520" level="INFO">{'results': [{'gender': 'female', 'name': {'title': 'Ms', 'first': 'Vlatka', 'last': 'Novak'}, 'location': {'street': {'number': 7725, 'name': 'Ilije Vukićevića'}, 'city': 'Belgrade', 'state': 'Kosovo', 'country': 'Serbia', 'postcode': 50145, 'coordinates': {'latitude': '63.9209', 'longitude': '123.4596'}, 'timezone': {'offset': '+3:30', 'description': 'Tehran'}}, 'email': 'vlatka.novak@example.com', 'login': {'uuid': 'f7e9c412-7bc1-4978-af80-b1e5e8f20402', 'username': 'angrypanda182', 'password': 'lovers', 'salt': 'UXhKDFi0', 'md5': 'ca1598602d66b83ef1cc75d5ea860ec2', 'sha1': 'd345e7ce48ea98b8259d4112da10878961cb7ee8', 'sha256': '4fbab6555a5697b118038c980d9220df8cf48e153a12e0c7ce9b055d8e573ff9'}, 'dob': {'date': '1996-01-05T13:02:57.881Z', 'age': 28}, 'registered': {'date': '2009-06-07T11:11:32.717Z', 'age': 14}, 'phone': '029-1020-159', 'cell': '060-7807-928', 'id': {'name': 'SID', 'value': '129443256'}, 'picture': {'large': 'https://randomuser.me/api/portraits/women/90.jpg', 'medium': 'https://randomuser.me/api/portraits/med/women/90.jpg', 'thumbnail': 'https://randomuser.me/api/portraits/thumb/women/90.jpg'}, 'nat': 'RS'}], 'info': {'seed': 'ddec3107e0a77adf', 'results': 1, 'page': 1, 'version': '1.4'}}</msg>
<arg>${json_data}</arg>
<doc>Logs the given message with the given level.</doc>
<status status="PASS" start="2024-04-27T11:10:55.973358" elapsed="0.000213"/>
</kw>
<kw name="Dictionary Should Contain Key" owner="Collections">
<msg time="2024-04-27T11:10:55.974030" level="INFO">False</msg>
<arg>${json_data}</arg>
<arg>results</arg>
<doc>Fails if ``key`` is not found from ``dictionary``.</doc>
<status status="PASS" start="2024-04-27T11:10:55.973869" elapsed="0.000198"/>
</kw>
<kw name="Should Not Be Empty" owner="BuiltIn">
<msg time="2024-04-27T11:10:55.974491" level="INFO">Length is 2.</msg>
<arg>${json_data}</arg>
<doc>Verifies that the given item is not empty.</doc>
<status status="PASS" start="2024-04-27T11:10:55.974360" elapsed="0.000305"/>
</kw>
<kw name="Create List" owner="BuiltIn">
<msg time="2024-04-27T11:10:55.975114" level="INFO">${expected_keys} = ['gender', 'name', 'location', 'email', 'login']</msg>
<var>${expected_keys}</var>
<arg>gender</arg>
<arg>name</arg>
<arg>location</arg>
<arg>email</arg>
<arg>login</arg>
<doc>Returns a list containing given items.</doc>
<status status="PASS" start="2024-04-27T11:10:55.974959" elapsed="0.000179"/>
</kw>
<for flavor="IN">
<iter>
<kw name="Dictionary Should Contain Key" owner="Collections">
<msg time="2024-04-27T11:10:55.976157" level="INFO">False</msg>
<arg>${json_data['results'][0]}</arg>
<arg>${key}</arg>
<doc>Fails if ``key`` is not found from ``dictionary``.</doc>
<status status="PASS" start="2024-04-27T11:10:55.975715" elapsed="0.000481"/>
</kw>
<kw name="Log" owner="BuiltIn">
<msg time="2024-04-27T11:10:55.976923" level="INFO">{'gender': 'female', 'name': {'title': 'Ms', 'first': 'Vlatka', 'last': 'Novak'}, 'location': {'street': {'number': 7725, 'name': 'Ilije Vukićevića'}, 'city': 'Belgrade', 'state': 'Kosovo', 'country': 'Serbia', 'postcode': 50145, 'coordinates': {'latitude': '63.9209', 'longitude': '123.4596'}, 'timezone': {'offset': '+3:30', 'description': 'Tehran'}}, 'email': 'vlatka.novak@example.com', 'login': {'uuid': 'f7e9c412-7bc1-4978-af80-b1e5e8f20402', 'username': 'angrypanda182', 'password': 'lovers', 'salt': 'UXhKDFi0', 'md5': 'ca1598602d66b83ef1cc75d5ea860ec2', 'sha1': 'd345e7ce48ea98b8259d4112da10878961cb7ee8', 'sha256': '4fbab6555a5697b118038c980d9220df8cf48e153a12e0c7ce9b055d8e573ff9'}, 'dob': {'date': '1996-01-05T13:02:57.881Z', 'age': 28}, 'registered': {'date': '2009-06-07T11:11:32.717Z', 'age': 14}, 'phone': '029-1020-159', 'cell': '060-7807-928', 'id': {'name': 'SID', 'value': '129443256'}, 'picture': {'large': 'https://randomuser.me/api/portraits/women/90.jpg', 'medium': 'https://randomuser.me/api/portraits/med/women/90.jpg', 'thumbnail': 'https://randomuser.me/api/portraits/thumb/women/90.jpg'}, 'nat': 'RS'}</msg>
<arg>${json_data['results'][0]}</arg>
<doc>Logs the given message with the given level.</doc>
<status status="PASS" start="2024-04-27T11:10:55.976500" elapsed="0.000475"/>
</kw>
<kw name="Log" owner="BuiltIn">
<msg time="2024-04-27T11:10:55.977404" level="INFO">gender</msg>
<arg>${key}</arg>
<doc>Logs the given message with the given level.</doc>
<status status="PASS" start="2024-04-27T11:10:55.977275" elapsed="0.000167"/>
</kw>
<var name="${key}">gender</var>
<status status="PASS" start="2024-04-27T11:10:55.975590" elapsed="0.002067"/>
</iter>
<iter>
<kw name="Dictionary Should Contain Key" owner="Collections">
<msg time="2024-04-27T11:10:55.978353" level="INFO">False</msg>
<arg>${json_data['results'][0]}</arg>
<arg>${key}</arg>
<doc>Fails if ``key`` is not found from ``dictionary``.</doc>
<status status="PASS" start="2024-04-27T11:10:55.977960" elapsed="0.000430"/>
</kw>
<kw name="Log" owner="BuiltIn">
<msg time="2024-04-27T11:10:55.979102" level="INFO">{'gender': 'female', 'name': {'title': 'Ms', 'first': 'Vlatka', 'last': 'Novak'}, 'location': {'street': {'number': 7725, 'name': 'Ilije Vukićevića'}, 'city': 'Belgrade', 'state': 'Kosovo', 'country': 'Serbia', 'postcode': 50145, 'coordinates': {'latitude': '63.9209', 'longitude': '123.4596'}, 'timezone': {'offset': '+3:30', 'description': 'Tehran'}}, 'email': 'vlatka.novak@example.com', 'login': {'uuid': 'f7e9c412-7bc1-4978-af80-b1e5e8f20402', 'username': 'angrypanda182', 'password': 'lovers', 'salt': 'UXhKDFi0', 'md5': 'ca1598602d66b83ef1cc75d5ea860ec2', 'sha1': 'd345e7ce48ea98b8259d4112da10878961cb7ee8', 'sha256': '4fbab6555a5697b118038c980d9220df8cf48e153a12e0c7ce9b055d8e573ff9'}, 'dob': {'date': '1996-01-05T13:02:57.881Z', 'age': 28}, 'registered': {'date': '2009-06-07T11:11:32.717Z', 'age': 14}, 'phone': '029-1020-159', 'cell': '060-7807-928', 'id': {'name': 'SID', 'value': '129443256'}, 'picture': {'large': 'https://randomuser.me/api/portraits/women/90.jpg', 'medium': 'https://randomuser.me/api/portraits/med/women/90.jpg', 'thumbnail': 'https://randomuser.me/api/portraits/thumb/women/90.jpg'}, 'nat': 'RS'}</msg>
<arg>${json_data['results'][0]}</arg>
<doc>Logs the given message with the given level.</doc>
<status status="PASS" start="2024-04-27T11:10:55.978720" elapsed="0.000432"/>
</kw>
<kw name="Log" owner="BuiltIn">
<msg time="2024-04-27T11:10:55.979579" level="INFO">name</msg>
<arg>${key}</arg>
<doc>Logs the given message with the given level.</doc>
<status status="PASS" start="2024-04-27T11:10:55.979450" elapsed="0.000166"/>
</kw>
<var name="${key}">name</var>
<status status="PASS" start="2024-04-27T11:10:55.977845" elapsed="0.001985"/>
</iter>
<iter>
<kw name="Dictionary Should Contain Key" owner="Collections">
<msg time="2024-04-27T11:10:55.980508" level="INFO">False</msg>
<arg>${json_data['results'][0]}</arg>
<arg>${key}</arg>
<doc>Fails if ``key`` is not found from ``dictionary``.</doc>
<status status="PASS" start="2024-04-27T11:10:55.980122" elapsed="0.000424"/>
</kw>
<kw name="Log" owner="BuiltIn">
<msg time="2024-04-27T11:10:55.981245" level="INFO">{'gender': 'female', 'name': {'title': 'Ms', 'first': 'Vlatka', 'last': 'Novak'}, 'location': {'street': {'number': 7725, 'name': 'Ilije Vukićevića'}, 'city': 'Belgrade', 'state': 'Kosovo', 'country': 'Serbia', 'postcode': 50145, 'coordinates': {'latitude': '63.9209', 'longitude': '123.4596'}, 'timezone': {'offset': '+3:30', 'description': 'Tehran'}}, 'email': 'vlatka.novak@example.com', 'login': {'uuid': 'f7e9c412-7bc1-4978-af80-b1e5e8f20402', 'username': 'angrypanda182', 'password': 'lovers', 'salt': 'UXhKDFi0', 'md5': 'ca1598602d66b83ef1cc75d5ea860ec2', 'sha1': 'd345e7ce48ea98b8259d4112da10878961cb7ee8', 'sha256': '4fbab6555a5697b118038c980d9220df8cf48e153a12e0c7ce9b055d8e573ff9'}, 'dob': {'date': '1996-01-05T13:02:57.881Z', 'age': 28}, 'registered': {'date': '2009-06-07T11:11:32.717Z', 'age': 14}, 'phone': '029-1020-159', 'cell': '060-7807-928', 'id': {'name': 'SID', 'value': '129443256'}, 'picture': {'large': 'https://randomuser.me/api/portraits/women/90.jpg', 'medium': 'https://randomuser.me/api/portraits/med/women/90.jpg', 'thumbnail': 'https://randomuser.me/api/portraits/thumb/women/90.jpg'}, 'nat': 'RS'}</msg>
<arg>${json_data['results'][0]}</arg>
<doc>Logs the given message with the given level.</doc>
<status status="PASS" start="2024-04-27T11:10:55.980877" elapsed="0.000419"/>
</kw>
<kw name="Log" owner="BuiltIn">
<msg time="2024-04-27T11:10:55.981720" level="INFO">location</msg>
<arg>${key}</arg>
<doc>Logs the given message with the given level.</doc>
<status status="PASS" start="2024-04-27T11:10:55.981594" elapsed="0.000164"/>
</kw>
<var name="${key}">location</var>
<status status="PASS" start="2024-04-27T11:10:55.980010" elapsed="0.001961"/>
</iter>
<iter>
<kw name="Dictionary Should Contain Key" owner="Collections">
<msg time="2024-04-27T11:10:55.982881" level="INFO">False</msg>
<arg>${json_data['results'][0]}</arg>
<arg>${key}</arg>
<doc>Fails if ``key`` is not found from ``dictionary``.</doc>
<status status="PASS" start="2024-04-27T11:10:55.982304" elapsed="0.000634"/>
</kw>
<kw name="Log" owner="BuiltIn">
<msg time="2024-04-27T11:10:55.983878" level="INFO">{'gender': 'female', 'name': {'title': 'Ms', 'first': 'Vlatka', 'last': 'Novak'}, 'location': {'street': {'number': 7725, 'name': 'Ilije Vukićevića'}, 'city': 'Belgrade', 'state': 'Kosovo', 'country': 'Serbia', 'postcode': 50145, 'coordinates': {'latitude': '63.9209', 'longitude': '123.4596'}, 'timezone': {'offset': '+3:30', 'description': 'Tehran'}}, 'email': 'vlatka.novak@example.com', 'login': {'uuid': 'f7e9c412-7bc1-4978-af80-b1e5e8f20402', 'username': 'angrypanda182', 'password': 'lovers', 'salt': 'UXhKDFi0', 'md5': 'ca1598602d66b83ef1cc75d5ea860ec2', 'sha1': 'd345e7ce48ea98b8259d4112da10878961cb7ee8', 'sha256': '4fbab6555a5697b118038c980d9220df8cf48e153a12e0c7ce9b055d8e573ff9'}, 'dob': {'date': '1996-01-05T13:02:57.881Z', 'age': 28}, 'registered': {'date': '2009-06-07T11:11:32.717Z', 'age': 14}, 'phone': '029-1020-159', 'cell': '060-7807-928', 'id': {'name': 'SID', 'value': '129443256'}, 'picture': {'large': 'https://randomuser.me/api/portraits/women/90.jpg', 'medium': 'https://randomuser.me/api/portraits/med/women/90.jpg', 'thumbnail': 'https://randomuser.me/api/portraits/thumb/women/90.jpg'}, 'nat': 'RS'}</msg>
<arg>${json_data['results'][0]}</arg>
<doc>Logs the given message with the given level.</doc>
<status status="PASS" start="2024-04-27T11:10:55.983384" elapsed="0.000546"/>
</kw>
<kw name="Log" owner="BuiltIn">
<msg time="2024-04-27T11:10:55.984372" level="INFO">email</msg>
<arg>${key}</arg>
<doc>Logs the given message with the given level.</doc>
<status status="PASS" start="2024-04-27T11:10:55.984240" elapsed="0.000170"/>
</kw>
<var name="${key}">email</var>
<status status="PASS" start="2024-04-27T11:10:55.982157" elapsed="0.002469"/>
</iter>
<iter>
<kw name="Dictionary Should Contain Key" owner="Collections">
<msg time="2024-04-27T11:10:55.985341" level="INFO">False</msg>
<arg>${json_data['results'][0]}</arg>
<arg>${key}</arg>
<doc>Fails if ``key`` is not found from ``dictionary``.</doc>
<status status="PASS" start="2024-04-27T11:10:55.984949" elapsed="0.000431"/>
</kw>
<kw name="Log" owner="BuiltIn">
<msg time="2024-04-27T11:10:55.986058" level="INFO">{'gender': 'female', 'name': {'title': 'Ms', 'first': 'Vlatka', 'last': 'Novak'}, 'location': {'street': {'number': 7725, 'name': 'Ilije Vukićevića'}, 'city': 'Belgrade', 'state': 'Kosovo', 'country': 'Serbia', 'postcode': 50145, 'coordinates': {'latitude': '63.9209', 'longitude': '123.4596'}, 'timezone': {'offset': '+3:30', 'description': 'Tehran'}}, 'email': 'vlatka.novak@example.com', 'login': {'uuid': 'f7e9c412-7bc1-4978-af80-b1e5e8f20402', 'username': 'angrypanda182', 'password': 'lovers', 'salt': 'UXhKDFi0', 'md5': 'ca1598602d66b83ef1cc75d5ea860ec2', 'sha1': 'd345e7ce48ea98b8259d4112da10878961cb7ee8', 'sha256': '4fbab6555a5697b118038c980d9220df8cf48e153a12e0c7ce9b055d8e573ff9'}, 'dob': {'date': '1996-01-05T13:02:57.881Z', 'age': 28}, 'registered': {'date': '2009-06-07T11:11:32.717Z', 'age': 14}, 'phone': '029-1020-159', 'cell': '060-7807-928', 'id': {'name': 'SID', 'value': '129443256'}, 'picture': {'large': 'https://randomuser.me/api/portraits/women/90.jpg', 'medium': 'https://randomuser.me/api/portraits/med/women/90.jpg', 'thumbnail': 'https://randomuser.me/api/portraits/thumb/women/90.jpg'}, 'nat': 'RS'}</msg>
<arg>${json_data['results'][0]}</arg>
<doc>Logs the given message with the given level.</doc>
<status status="PASS" start="2024-04-27T11:10:55.985675" elapsed="0.000434"/>
</kw>
<kw name="Log" owner="BuiltIn">
<msg time="2024-04-27T11:10:55.986540" level="INFO">login</msg>
<arg>${key}</arg>
<doc>Logs the given message with the given level.</doc>
<status status="PASS" start="2024-04-27T11:10:55.986412" elapsed="0.000166"/>
</kw>
<var name="${key}">login</var>
<status status="PASS" start="2024-04-27T11:10:55.984833" elapsed="0.001959"/>
</iter>
<var>${key}</var>
<value>@{expected_keys}</value>
<status status="PASS" start="2024-04-27T11:10:55.975399" elapsed="0.011514"/>
</for>
<kw name="Create List" owner="BuiltIn">
<msg time="2024-04-27T11:10:55.987277" level="INFO">${expected_keysTwo} = ['username', 'password']</msg>
<var>${expected_keysTwo}</var>
<arg>username</arg>
<arg>password</arg>
<doc>Returns a list containing given items.</doc>
<status status="PASS" start="2024-04-27T11:10:55.987137" elapsed="0.000164"/>
</kw>
<for flavor="IN">
<iter>
<kw name="Dictionary Should Contain Key" owner="Collections">
<msg time="2024-04-27T11:10:55.988201" level="INFO">False</msg>
<arg>${json_data['results'][0]['login']}</arg>
<arg>${keyTwo}</arg>
<doc>Fails if ``key`` is not found from ``dictionary``.</doc>
<status status="PASS" start="2024-04-27T11:10:55.987804" elapsed="0.000435"/>
</kw>
<kw name="Dictionary Should Contain Key" owner="Collections">
<msg time="2024-04-27T11:10:55.988964" level="INFO">False</msg>
<arg>${json_data['results'][0]['login']}</arg>
<arg>${keyTwo}</arg>
<doc>Fails if ``key`` is not found from ``dictionary``.</doc>
<status status="PASS" start="2024-04-27T11:10:55.988532" elapsed="0.000470"/>
</kw>
<kw name="Log" owner="BuiltIn">
<msg time="2024-04-27T11:10:55.989422" level="INFO">username</msg>
<arg>${keyTwo}</arg>
<doc>Logs the given message with the given level.</doc>
<status status="PASS" start="2024-04-27T11:10:55.989295" elapsed="0.000170"/>
</kw>
<var name="${keyTwo}">username</var>
<status status="PASS" start="2024-04-27T11:10:55.987695" elapsed="0.001988"/>
</iter>
<iter>
<kw name="Dictionary Should Contain Key" owner="Collections">
<msg time="2024-04-27T11:10:55.990435" level="INFO">False</msg>
<arg>${json_data['results'][0]['login']}</arg>
<arg>${keyTwo}</arg>
<doc>Fails if ``key`` is not found from ``dictionary``.</doc>
<status status="PASS" start="2024-04-27T11:10:55.989965" elapsed="0.000510"/>
</kw>
<kw name="Dictionary Should Contain Key" owner="Collections">
<msg time="2024-04-27T11:10:55.991422" level="INFO">False</msg>
<arg>${json_data['results'][0]['login']}</arg>
<arg>${keyTwo}</arg>
<doc>Fails if ``key`` is not found from ``dictionary``.</doc>
<status status="PASS" start="2024-04-27T11:10:55.990834" elapsed="0.000645"/>
</kw>
<kw name="Log" owner="BuiltIn">
<msg time="2024-04-27T11:10:55.991942" level="INFO">password</msg>
<arg>${keyTwo}</arg>
<doc>Logs the given message with the given level.</doc>
<status status="PASS" start="2024-04-27T11:10:55.991802" elapsed="0.000178"/>
</kw>
<var name="${keyTwo}">password</var>
<status status="PASS" start="2024-04-27T11:10:55.989856" elapsed="0.002340"/>
</iter>
<var>${keyTwo}</var>
<value>@{expected_keysTwo}</value>
<status status="PASS" start="2024-04-27T11:10:55.987541" elapsed="0.004774"/>
</for>
<status status="PASS" start="2024-04-27T11:10:55.872918" elapsed="0.119535"/>
</kw>
<doc>Testa a estrutura da resposta da API.</doc>
<tag>testeEstruturaResposta</tag>
<status status="PASS" start="2024-04-27T11:10:55.872289" elapsed="0.120313"/>
</test>
<test id="s1-s1-t4" name="Validar tipos de dados" line="28">
<kw name="Teste de Tipos de Dados" owner="random-user-service">
<kw name="GET On Session" owner="RequestsLibrary">
<msg time="2024-04-27T11:10:56.095135" level="INFO">GET Request : url=https://randomuser.me/api 
 path_url=/api 
 headers={'User-Agent': 'python-requests/2.31.0', 'Accept-Encoding': 'gzip, deflate', 'Accept': '*/*', 'Connection': 'keep-alive'} 
 body=None 
 </msg>
<msg time="2024-04-27T11:10:56.095227" level="INFO">GET Response : url=https://randomuser.me/api 
 status=200, reason=OK 
 headers={'Date': 'Sat, 27 Apr 2024 11:10:56 GMT', 'Content-Type': 'application/json; charset=utf-8', 'Transfer-Encoding': 'chunked', 'Connection': 'keep-alive', 'X-Powered-By': 'Express', 'Access-Control-Allow-Origin': '*', 'Cache-Control': 'no-cache', 'ETag': 'W/"482-nkyJfBJ+hU0cI3SZCVU3gWXMGB0"', 'Vary': 'Accept-Encoding', 'Content-Encoding': 'gzip', 'CF-Cache-Status': 'DYNAMIC', 'Report-To': '{"endpoints":[{"url":"https:\\/\\/a.nel.cloudflare.com\\/report\\/v4?s=fnrbxv54aIUjMLamcCBf9CDliDPebq2yNRxwavlAo1Po3fN3%2ByJpdtVG3PdTsPNhNx9ARK7LWIMq4LtsUs7QKs2KRNCyXkiS%2BXDWvkcIOateuAZgf8XXBqz0w5vjw0X8"}],"group":"cf-nel","max_age":604800}', 'NEL': '{"success_fraction":0,"report_to":"cf-nel","max_age":604800}', 'Server': 'cloudflare', 'CF-RAY': '87ae5e6ffd962b95-LAX', 'alt-svc': 'h3=":443"; ma=86400'} 
 body={"results":[{"gender":"female","name":{"title":"Mrs","first":"Alison","last":"Johnston"},"location":{"street":{"number":7168,"name":"Pearse Street"},"city":"Ardee","state":"Laois","country":"Ireland","postcode":61404,"coordinates":{"latitude":"-1.5331","longitude":"54.2340"},"timezone":{"offset":"+2:00","description":"Kaliningrad, South Africa"}},"email":"alison.johnston@example.com","login":{"uuid":"07a8ba07-947d-4de1-8f23-4bc1f3453388","username":"brownfish747","password":"big1","salt":"pDYZ3dH0","md5":"ede598eb89679183fa599a21bab63b73","sha1":"863f0a26ff561ae8ddfb33deca040a947d63e131","sha256":"472541835067defcd8ab7dc99b72841aa7c84ea66013dbb5929b9cff90a507aa"},"dob":{"date":"1989-10-02T17:54:13.626Z","age":34},"registered":{"date":"2004-02-05T04:07:24.603Z","age":20},"phone":"021-231-1557","cell":"081-421-2028","id":{"name":"PPS","value":"9524824T"},"picture":{"large":"https://randomuser.me/api/portraits/women/96.jpg","medium":"https://randomuser.me/api/portraits/med/women/96.jpg","thumbnail":"https://randomuser.me/api/portraits/thumb/women/96.jpg"},"nat":"IE"}],"info":{"seed":"d1f9ec5e30f8fbfa","results":1,"page":1,"version":"1.4"}} 
 </msg>
<msg time="2024-04-27T11:10:56.095293" level="INFO">/opt/hostedtoolcache/Python/3.12.3/x64/lib/python3.12/site-packages/urllib3/connectionpool.py:1103: InsecureRequestWarning: Unverified HTTPS request is being made to host 'randomuser.me'. Adding certificate verification is strongly advised. See: https://urllib3.readthedocs.io/en/latest/advanced-usage.html#tls-warnings
  warnings.warn(</msg>
<msg time="2024-04-27T11:10:56.095405" level="INFO">${response} = &lt;Response [200]&gt;</msg>
<var>${response}</var>
<arg>consultarAPI</arg>
<arg>/api</arg>
<doc>Sends a GET request on a previously created HTTP Session.</doc>
<status status="PASS" start="2024-04-27T11:10:55.995150" elapsed="0.100293"/>
</kw>
<kw name="Set Variable" owner="BuiltIn">
<msg time="2024-04-27T11:10:56.096426" level="INFO">${json_data} = {'results': [{'gender': 'female', 'name': {'title': 'Mrs', 'first': 'Alison', 'last': 'Johnston'}, 'location': {'street': {'number': 7168, 'name': 'Pearse Street'}, 'city': 'Ardee', 'state': 'Laois', ...</msg>
<var>${json_data}</var>
<arg>${response.json()}</arg>
<doc>Returns the given values which can then be assigned to a variables.</doc>
<status status="PASS" start="2024-04-27T11:10:56.095922" elapsed="0.000532"/>
</kw>
<kw name="Log" owner="BuiltIn">
<msg time="2024-04-27T11:10:56.096961" level="INFO">{'results': [{'gender': 'female', 'name': {'title': 'Mrs', 'first': 'Alison', 'last': 'Johnston'}, 'location': {'street': {'number': 7168, 'name': 'Pearse Street'}, 'city': 'Ardee', 'state': 'Laois', 'country': 'Ireland', 'postcode': 61404, 'coordinates': {'latitude': '-1.5331', 'longitude': '54.2340'}, 'timezone': {'offset': '+2:00', 'description': 'Kaliningrad, South Africa'}}, 'email': 'alison.johnston@example.com', 'login': {'uuid': '07a8ba07-947d-4de1-8f23-4bc1f3453388', 'username': 'brownfish747', 'password': 'big1', 'salt': 'pDYZ3dH0', 'md5': 'ede598eb89679183fa599a21bab63b73', 'sha1': '863f0a26ff561ae8ddfb33deca040a947d63e131', 'sha256': '472541835067defcd8ab7dc99b72841aa7c84ea66013dbb5929b9cff90a507aa'}, 'dob': {'date': '1989-10-02T17:54:13.626Z', 'age': 34}, 'registered': {'date': '2004-02-05T04:07:24.603Z', 'age': 20}, 'phone': '021-231-1557', 'cell': '081-421-2028', 'id': {'name': 'PPS', 'value': '9524824T'}, 'picture': {'large': 'https://randomuser.me/api/portraits/women/96.jpg', 'medium': 'https://randomuser.me/api/portraits/med/women/96.jpg', 'thumbnail': 'https://randomuser.me/api/portraits/thumb/women/96.jpg'}, 'nat': 'IE'}], 'info': {'seed': 'd1f9ec5e30f8fbfa', 'results': 1, 'page': 1, 'version': '1.4'}}</msg>
<arg>${json_data}</arg>
<doc>Logs the given message with the given level.</doc>
<status status="PASS" start="2024-04-27T11:10:56.096800" elapsed="0.000209"/>
</kw>
<kw name="Should Be String" owner="String">
<arg>${json_data['results'][0]['gender']}</arg>
<doc>Fails if the given ``item`` is not a string.</doc>
<status status="PASS" start="2024-04-27T11:10:56.097338" elapsed="0.000363"/>
</kw>
<kw name="Should Match Regexp" owner="BuiltIn">
<arg>${json_data['results'][0]['email']}</arg>
<arg>^[a-zA-Z0-9._%+-]+@[a-zA-Z0-9.-]+\.[a-zA-Z]{2,}$</arg>
<doc>Fails if ``string`` does not match ``pattern`` as a regular expression.</doc>
<status status="PASS" start="2024-04-27T11:10:56.097891" elapsed="0.000515"/>
</kw>
<kw name="Should Match Regexp" owner="BuiltIn">
<arg>${json_data['results'][0]['dob']['date']}</arg>
<arg>\\d{4}-\\d{2}-\\d{2}T\\d{2}:\\d{2}:\\d{2}\\.\\d{3}Z</arg>
<doc>Fails if ``string`` does not match ``pattern`` as a regular expression.</doc>
<status status="PASS" start="2024-04-27T11:10:56.098603" elapsed="0.000499"/>
</kw>
<kw name="Should Match Regexp" owner="BuiltIn">
<arg>${json_data['results'][0]['registered']['date']}</arg>
<arg>\\d{4}-\\d{2}-\\d{2}T\\d{2}:\\d{2}:\\d{2}\\.\\d{3}Z</arg>
<doc>Fails if ``string`` does not match ``pattern`` as a regular expression.</doc>
<status status="PASS" start="2024-04-27T11:10:56.099293" elapsed="0.000367"/>
</kw>
<kw name="Should Match Regexp" owner="BuiltIn">
<arg>${json_data['results'][0]['picture']['large']}</arg>
<arg>^https?://.*\.(?:png|jpe?g|gif|bmp)$</arg>
<doc>Fails if ``string`` does not match ``pattern`` as a regular expression.</doc>
<status status="PASS" start="2024-04-27T11:10:56.099845" elapsed="0.000468"/>
</kw>
<kw name="Should Match Regexp" owner="BuiltIn">
<arg>${json_data['results'][0]['picture']['medium']}</arg>
<arg>^https?://.*\.(?:png|jpe?g|gif|bmp)$</arg>
<doc>Fails if ``string`` does not match ``pattern`` as a regular expression.</doc>
<status status="PASS" start="2024-04-27T11:10:56.100500" elapsed="0.000403"/>
</kw>
<kw name="Should Match Regexp" owner="BuiltIn">
<arg>${json_data['results'][0]['picture']['thumbnail']}</arg>
<arg>^https?://.*\.(?:png|jpe?g|gif|bmp)$</arg>
<doc>Fails if ``string`` does not match ``pattern`` as a regular expression.</doc>
<status status="PASS" start="2024-04-27T11:10:56.101094" elapsed="0.000351"/>
</kw>
<kw name="Log" owner="BuiltIn">
<msg time="2024-04-27T11:10:56.101949" level="INFO">{'large': 'https://randomuser.me/api/portraits/women/96.jpg', 'medium': 'https://randomuser.me/api/portraits/med/women/96.jpg', 'thumbnail': 'https://randomuser.me/api/portraits/thumb/women/96.jpg'}</msg>
<arg>${json_data['results'][0]['picture']}</arg>
<doc>Logs the given message with the given level.</doc>
<status status="PASS" start="2024-04-27T11:10:56.101623" elapsed="0.000366"/>
</kw>
<status status="PASS" start="2024-04-27T11:10:55.994923" elapsed="0.107317"/>
</kw>
<kw name="Teste de Tipos de Dados - Postcode" owner="random-user-service">
<kw name="GET On Session" owner="RequestsLibrary">
<msg time="2024-04-27T11:10:56.205113" level="INFO">GET Request : url=https://randomuser.me/api 
 path_url=/api 
 headers={'User-Agent': 'python-requests/2.31.0', 'Accept-Encoding': 'gzip, deflate', 'Accept': '*/*', 'Connection': 'keep-alive'} 
 body=None 
 </msg>
<msg time="2024-04-27T11:10:56.205201" level="INFO">GET Response : url=https://randomuser.me/api 
 status=200, reason=OK 
 headers={'Date': 'Sat, 27 Apr 2024 11:10:56 GMT', 'Content-Type': 'application/json; charset=utf-8', 'Transfer-Encoding': 'chunked', 'Connection': 'keep-alive', 'X-Powered-By': 'Express', 'Access-Control-Allow-Origin': '*', 'Cache-Control': 'no-cache', 'ETag': 'W/"473-s3jlcqfg6fKjSYyg31WNpD6CFw0"', 'Vary': 'Accept-Encoding', 'Content-Encoding': 'gzip', 'CF-Cache-Status': 'DYNAMIC', 'Report-To': '{"endpoints":[{"url":"https:\\/\\/a.nel.cloudflare.com\\/report\\/v4?s=Z8FIsmxtjr9BauZfOYseyUGukXvDiO2dbtyKH7qPzw87oOMVFB4jBnIv7J9DbgYvLe1dJ1%2FKOMfAvltOsid%2BJauHTZY3QytHiBpWIvooR4JmNkkm1gzdsOXqXIjuU8md"}],"group":"cf-nel","max_age":604800}', 'NEL': '{"success_fraction":0,"report_to":"cf-nel","max_age":604800}', 'Server': 'cloudflare', 'CF-RAY': '87ae5e70ae522b95-LAX', 'alt-svc': 'h3=":443"; ma=86400'} 
 body={"results":[{"gender":"male","name":{"title":"Mr","first":"Kuzman","last":"Uzelac"},"location":{"street":{"number":6503,"name":"Pavlovog Luga"},"city":"Lapovo","state":"Šumadija","country":"Serbia","postcode":17144,"coordinates":{"latitude":"62.5041","longitude":"-119.8721"},"timezone":{"offset":"+9:30","description":"Adelaide, Darwin"}},"email":"kuzman.uzelac@example.com","login":{"uuid":"6eeaa6d1-378e-44fc-8cbf-bb2f4e715e1a","username":"sadwolf739","password":"shonuf","salt":"nDG3r8Wa","md5":"0c92f3eeb1b89e2a6f1696cf1ee74231","sha1":"5789d54c9a10977722896f1c7e2caa5c91bedc78","sha256":"8e4d5aba0e53ace61738e3783c8a751ed7ea49793496fa567d69c0429cd4ef26"},"dob":{"date":"1984-07-24T01:44:28.485Z","age":39},"registered":{"date":"2005-10-11T13:10:32.017Z","age":18},"phone":"018-4138-062","cell":"060-7474-728","id":{"name":"SID","value":"666953759"},"picture":{"large":"https://randomuser.me/api/portraits/men/95.jpg","medium":"https://randomuser.me/api/portraits/med/men/95.jpg","thumbnail":"https://randomuser.me/api/portraits/thumb/men/95.jpg"},"nat":"RS"}],"info":{"seed":"782ee93077a8753e","results":1,"page":1,"version":"1.4"}} 
 </msg>
<msg time="2024-04-27T11:10:56.205279" level="INFO">/opt/hostedtoolcache/Python/3.12.3/x64/lib/python3.12/site-packages/urllib3/connectionpool.py:1103: InsecureRequestWarning: Unverified HTTPS request is being made to host 'randomuser.me'. Adding certificate verification is strongly advised. See: https://urllib3.readthedocs.io/en/latest/advanced-usage.html#tls-warnings
  warnings.warn(</msg>
<msg time="2024-04-27T11:10:56.205381" level="INFO">${response} = &lt;Response [200]&gt;</msg>
<var>${response}</var>
<arg>consultarAPI</arg>
<arg>/api</arg>
<doc>Sends a GET request on a previously created HTTP Session.</doc>
<status status="PASS" start="2024-04-27T11:10:56.102702" elapsed="0.102715"/>
</kw>
<kw name="Set Variable" owner="BuiltIn">
<msg time="2024-04-27T11:10:56.206265" level="INFO">${json_data} = {'results': [{'gender': 'male', 'name': {'title': 'Mr', 'first': 'Kuzman', 'last': 'Uzelac'}, 'location': {'street': {'number': 6503, 'name': 'Pavlovog Luga'}, 'city': 'Lapovo', 'state': 'Šumadija', '...</msg>
<var>${json_data}</var>
<arg>${response.json()}</arg>
<doc>Returns the given values which can then be assigned to a variables.</doc>
<status status="PASS" start="2024-04-27T11:10:56.205799" elapsed="0.000496"/>
</kw>
<kw name="Log" owner="BuiltIn">
<msg time="2024-04-27T11:10:56.206763" level="INFO">{'results': [{'gender': 'male', 'name': {'title': 'Mr', 'first': 'Kuzman', 'last': 'Uzelac'}, 'location': {'street': {'number': 6503, 'name': 'Pavlovog Luga'}, 'city': 'Lapovo', 'state': 'Šumadija', 'country': 'Serbia', 'postcode': 17144, 'coordinates': {'latitude': '62.5041', 'longitude': '-119.8721'}, 'timezone': {'offset': '+9:30', 'description': 'Adelaide, Darwin'}}, 'email': 'kuzman.uzelac@example.com', 'login': {'uuid': '6eeaa6d1-378e-44fc-8cbf-bb2f4e715e1a', 'username': 'sadwolf739', 'password': 'shonuf', 'salt': 'nDG3r8Wa', 'md5': '0c92f3eeb1b89e2a6f1696cf1ee74231', 'sha1': '5789d54c9a10977722896f1c7e2caa5c91bedc78', 'sha256': '8e4d5aba0e53ace61738e3783c8a751ed7ea49793496fa567d69c0429cd4ef26'}, 'dob': {'date': '1984-07-24T01:44:28.485Z', 'age': 39}, 'registered': {'date': '2005-10-11T13:10:32.017Z', 'age': 18}, 'phone': '018-4138-062', 'cell': '060-7474-728', 'id': {'name': 'SID', 'value': '666953759'}, 'picture': {'large': 'https://randomuser.me/api/portraits/men/95.jpg', 'medium': 'https://randomuser.me/api/portraits/med/men/95.jpg', 'thumbnail': 'https://randomuser.me/api/portraits/thumb/men/95.jpg'}, 'nat': 'RS'}], 'info': {'seed': '782ee93077a8753e', 'results': 1, 'page': 1, 'version': '1.4'}}</msg>
<arg>${json_data}</arg>
<doc>Logs the given message with the given level.</doc>
<status status="PASS" start="2024-04-27T11:10:56.206605" elapsed="0.000207"/>
</kw>
<kw name="Should Be Equal As Numbers" owner="BuiltIn">
<arg>${json_data['results'][0]['location']['postcode']}</arg>
<arg>${json_data['results'][0]['location']['postcode']}</arg>
<doc>Fails if objects are unequal after converting them to real numbers.</doc>
<status status="PASS" start="2024-04-27T11:10:56.207254" elapsed="0.000619"/>
</kw>
<kw name="Log" owner="BuiltIn">
<msg time="2024-04-27T11:10:56.208436" level="INFO">17144</msg>
<arg>${json_data['results'][0]['location']['postcode']}</arg>
<doc>Logs the given message with the given level.</doc>
<status status="PASS" start="2024-04-27T11:10:56.208097" elapsed="0.000379"/>
</kw>
<status status="PASS" start="2024-04-27T11:10:56.102469" elapsed="0.106282"/>
</kw>
<doc>Testa se os tipos de dados na resposta da API estão corretos.</doc>
<tag>testeTiposDados</tag>
<status status="PASS" start="2024-04-27T11:10:55.994401" elapsed="0.214538"/>
</test>
<test id="s1-s1-t5" name="Validar conteudo" line="35">
<kw name="Teste de Tipos de Conteudo" owner="random-user-service">
<kw name="GET On Session" owner="RequestsLibrary">
<msg time="2024-04-27T11:10:56.315850" level="INFO">GET Request : url=https://randomuser.me/api 
 path_url=/api 
 headers={'User-Agent': 'python-requests/2.31.0', 'Accept-Encoding': 'gzip, deflate', 'Accept': '*/*', 'Connection': 'keep-alive'} 
 body=None 
 </msg>
<msg time="2024-04-27T11:10:56.315934" level="INFO">GET Response : url=https://randomuser.me/api 
 status=200, reason=OK 
 headers={'Date': 'Sat, 27 Apr 2024 11:10:56 GMT', 'Content-Type': 'application/json; charset=utf-8', 'Transfer-Encoding': 'chunked', 'Connection': 'keep-alive', 'X-Powered-By': 'Express', 'Access-Control-Allow-Origin': '*', 'Cache-Control': 'no-cache', 'ETag': 'W/"49b-J7oUGdVLMyOrcgalTROzOrdP0No"', 'Vary': 'Accept-Encoding', 'Content-Encoding': 'gzip', 'CF-Cache-Status': 'DYNAMIC', 'Report-To': '{"endpoints":[{"url":"https:\\/\\/a.nel.cloudflare.com\\/report\\/v4?s=uCjR8KywqpQzcuxOLFyqRQBue4rI1b47fOf95Kk9rU%2BrQgpZDN5JB5FuMuRL0UsCDM%2F6gKg4e7VdG%2FkatXSC7SBs8Oduh0XxG%2FaQi%2BZB7oX3aHLoDJOSA8v7iMKhdg%2Fo"}],"group":"cf-nel","max_age":604800}', 'NEL': '{"success_fraction":0,"report_to":"cf-nel","max_age":604800}', 'Server': 'cloudflare', 'CF-RAY': '87ae5e715ec92b95-LAX', 'alt-svc': 'h3=":443"; ma=86400'} 
 body={"results":[{"gender":"female","name":{"title":"Miss","first":"Vicenta","last":"Cortes"},"location":{"street":{"number":2180,"name":"Avenida de Salamanca"},"city":"Murcia","state":"Cataluña","country":"Spain","postcode":32300,"coordinates":{"latitude":"-38.1294","longitude":"119.3606"},"timezone":{"offset":"+10:00","description":"Eastern Australia, Guam, Vladivostok"}},"email":"vicenta.cortes@example.com","login":{"uuid":"f23f3286-3953-4c00-b2c5-aee7d45454a4","username":"greenmouse935","password":"scuba","salt":"LwnXabDl","md5":"fd395024cc4431000f8626ac9047c805","sha1":"679b5895b9d14637fc78289213d77a98e1045e2a","sha256":"fab5223dc5b35f3b7c908971edccbd1fd2e7c87d8bab6795d68f58ba936d36f3"},"dob":{"date":"1995-03-09T17:11:27.828Z","age":29},"registered":{"date":"2011-03-15T14:08:35.728Z","age":13},"phone":"923-332-621","cell":"689-786-794","id":{"name":"DNI","value":"86794858-N"},"picture":{"large":"https://randomuser.me/api/portraits/women/83.jpg","medium":"https://randomuser.me/api/portraits/med/women/83.jpg","thumbnail":"https://randomuser.me/api/portraits/thumb/women/83.jpg"},"nat":"ES"}],"info":{"seed":"571223c13b89b424","results":1,"page":1,"version":"1.4"}} 
 </msg>
<msg time="2024-04-27T11:10:56.315998" level="INFO">/opt/hostedtoolcache/Python/3.12.3/x64/lib/python3.12/site-packages/urllib3/connectionpool.py:1103: InsecureRequestWarning: Unverified HTTPS request is being made to host 'randomuser.me'. Adding certificate verification is strongly advised. See: https://urllib3.readthedocs.io/en/latest/advanced-usage.html#tls-warnings
  warnings.warn(</msg>
<msg time="2024-04-27T11:10:56.316104" level="INFO">${response} = &lt;Response [200]&gt;</msg>
<var>${response}</var>
<arg>consultarAPI</arg>
<arg>/api</arg>
<doc>Sends a GET request on a previously created HTTP Session.</doc>
<status status="PASS" start="2024-04-27T11:10:56.211440" elapsed="0.104704"/>
</kw>
<kw name="Set Variable" owner="BuiltIn">
<msg time="2024-04-27T11:10:56.317259" level="INFO">${json_data} = {'results': [{'gender': 'female', 'name': {'title': 'Miss', 'first': 'Vicenta', 'last': 'Cortes'}, 'location': {'street': {'number': 2180, 'name': 'Avenida de Salamanca'}, 'city': 'Murcia', 'state': '...</msg>
<var>${json_data}</var>
<arg>${response.json()}</arg>
<doc>Returns the given values which can then be assigned to a variables.</doc>
<status status="PASS" start="2024-04-27T11:10:56.316672" elapsed="0.000616"/>
</kw>
<kw name="Set Variable" owner="BuiltIn">
<msg time="2024-04-27T11:10:56.318005" level="INFO">${name_title} = Miss</msg>
<var>${name_title}</var>
<arg>${json_data["results"][0]["name"]["title"]}</arg>
<doc>Returns the given values which can then be assigned to a variables.</doc>
<status status="PASS" start="2024-04-27T11:10:56.317614" elapsed="0.000416"/>
</kw>
<kw name="Create List" owner="BuiltIn">
<msg time="2024-04-27T11:10:56.318510" level="INFO">${allowed_titles} = ['Mr', 'Ms', 'Miss', 'Mrs', 'Madame', 'Monsieur']</msg>
<var>${allowed_titles}</var>
<arg>Mr</arg>
<arg>Ms</arg>
<arg>Miss</arg>
<arg>Mrs</arg>
<arg>Madame</arg>
<arg>Monsieur</arg>
<doc>Returns a list containing given items.</doc>
<status status="PASS" start="2024-04-27T11:10:56.318330" elapsed="0.000214"/>
</kw>
<kw name="List Should Contain Value" owner="Collections">
<msg time="2024-04-27T11:10:56.319047" level="INFO">False</msg>
<arg>${allowed_titles}</arg>
<arg>${name_title}</arg>
<doc>Fails if the ``value`` is not found from ``list``.</doc>
<status status="PASS" start="2024-04-27T11:10:56.318876" elapsed="0.000207"/>
</kw>
<kw name="Set Variable" owner="BuiltIn">
<msg time="2024-04-27T11:10:56.319756" level="INFO">${name_country} = ES</msg>
<var>${name_country}</var>
<arg>${json_data["results"][0]["nat"]}</arg>
<doc>Returns the given values which can then be assigned to a variables.</doc>
<status status="PASS" start="2024-04-27T11:10:56.319371" elapsed="0.000410"/>
</kw>
<kw name="Create List" owner="BuiltIn">
<msg time="2024-04-27T11:10:56.320657" level="INFO">${list_country} = ['AD', 'AE', 'AF', 'AG', 'AI', 'AL', 'AM', 'AO', 'AQ', 'AR', 'AS', 'AT', 'AU', 'AW', 'AX', 'AZ', 'BA', 'BB', 'BD', 'BE', 'BF', 'BG', 'BH', 'BI', 'BJ', 'BL', 'BM', 'BN', 'BO', 'BQ', 'BR', 'BS', 'BT', '...</msg>
<var>${list_country}</var>
<arg>AD</arg>
<arg>AE</arg>
<arg>AF</arg>
<arg>AG</arg>
<arg>AI</arg>
<arg>AL</arg>
<arg>AM</arg>
<arg>AO</arg>
<arg>AQ</arg>
<arg>AR</arg>
<arg>AS</arg>
<arg>AT</arg>
<arg>AU</arg>
<arg>AW</arg>
<arg>AX</arg>
<arg>AZ</arg>
<arg>BA</arg>
<arg>BB</arg>
<arg>BD</arg>
<arg>BE</arg>
<arg>BF</arg>
<arg>BG</arg>
<arg>BH</arg>
<arg>BI</arg>
<arg>BJ</arg>
<arg>BL</arg>
<arg>BM</arg>
<arg>BN</arg>
<arg>BO</arg>
<arg>BQ</arg>
<arg>BR</arg>
<arg>BS</arg>
<arg>BT</arg>
<arg>BV</arg>
<arg>BW</arg>
<arg>BY</arg>
<arg>BZ</arg>
<arg>CA</arg>
<arg>CC</arg>
<arg>CD</arg>
<arg>CF</arg>
<arg>CG</arg>
<arg>CH</arg>
<arg>CI</arg>
<arg>CK</arg>
<arg>CL</arg>
<arg>CM</arg>
<arg>CN</arg>
<arg>CO</arg>
<arg>CR</arg>
<arg>CU</arg>
<arg>CV</arg>
<arg>CW</arg>
<arg>CX</arg>
<arg>CY</arg>
<arg>CZ</arg>
<arg>DE</arg>
<arg>DJ</arg>
<arg>DK</arg>
<arg>DM</arg>
<arg>DO</arg>
<arg>DZ</arg>
<arg>EC</arg>
<arg>EE</arg>
<arg>EG</arg>
<arg>EH</arg>
<arg>ER</arg>
<arg>ES</arg>
<arg>ET</arg>
<arg>FI</arg>
<arg>FJ</arg>
<arg>FK</arg>
<arg>FM</arg>
<arg>FO</arg>
<arg>FR</arg>
<arg>GA</arg>
<arg>GB</arg>
<arg>GD</arg>
<arg>GE</arg>
<arg>GF</arg>
<arg>GG</arg>
<arg>GH</arg>
<arg>GI</arg>
<arg>GL</arg>
<arg>GM</arg>
<arg>GN</arg>
<arg>GP</arg>
<arg>GQ</arg>
<arg>GR</arg>
<arg>GS</arg>
<arg>GT</arg>
<arg>GU</arg>
<arg>GW</arg>
<arg>GY</arg>
<arg>HK</arg>
<arg>HM</arg>
<arg>HN</arg>
<arg>HR</arg>
<arg>HT</arg>
<arg>HU</arg>
<arg>ID</arg>
<arg>IE</arg>
<arg>IL</arg>
<arg>IM</arg>
<arg>IN</arg>
<arg>IO</arg>
<arg>IQ</arg>
<arg>IR</arg>
<arg>IS</arg>
<arg>IT</arg>
<arg>JE</arg>
<arg>JM</arg>
<arg>JO</arg>
<arg>JP</arg>
<arg>KE</arg>
<arg>KG</arg>
<arg>KH</arg>
<arg>KI</arg>
<arg>KM</arg>
<arg>KN</arg>
<arg>KP</arg>
<arg>KR</arg>
<arg>KW</arg>
<arg>KY</arg>
<arg>KZ</arg>
<arg>LA</arg>
<arg>LB</arg>
<arg>LC</arg>
<arg>LI</arg>
<arg>LK</arg>
<arg>LR</arg>
<arg>LS</arg>
<arg>LT</arg>
<arg>LU</arg>
<arg>LV</arg>
<arg>LY</arg>
<arg>MA</arg>
<arg>MC</arg>
<arg>MD</arg>
<arg>ME</arg>
<arg>MF</arg>
<arg>MG</arg>
<arg>MH</arg>
<arg>MK</arg>
<arg>ML</arg>
<arg>MM</arg>
<arg>MN</arg>
<arg>MO</arg>
<arg>MP</arg>
<arg>MQ</arg>
<arg>MR</arg>
<arg>MS</arg>
<arg>MT</arg>
<arg>MU</arg>
<arg>MV</arg>
<arg>MW</arg>
<arg>MX</arg>
<arg>MY</arg>
<arg>MZ</arg>
<arg>NA</arg>
<arg>NC</arg>
<arg>NE</arg>
<arg>NF</arg>
<arg>NG</arg>
<arg>NI</arg>
<arg>NL</arg>
<arg>NO</arg>
<arg>NP</arg>
<arg>NR</arg>
<arg>NU</arg>
<arg>NZ</arg>
<arg>OM</arg>
<arg>PA</arg>
<arg>PE</arg>
<arg>PF</arg>
<arg>PG</arg>
<arg>PH</arg>
<arg>PK</arg>
<arg>PL</arg>
<arg>PM</arg>
<arg>PN</arg>
<arg>PR</arg>
<arg>PS</arg>
<arg>PT</arg>
<arg>PW</arg>
<arg>PY</arg>
<arg>QA</arg>
<arg>RE</arg>
<arg>RO</arg>
<arg>RS</arg>
<arg>RU</arg>
<arg>RW</arg>
<arg>SA</arg>
<arg>SB</arg>
<arg>SC</arg>
<arg>SD</arg>
<arg>SE</arg>
<arg>SG</arg>
<arg>SH</arg>
<arg>SI</arg>
<arg>SJ</arg>
<arg>SK</arg>
<arg>SL</arg>
<arg>SM</arg>
<arg>SN</arg>
<arg>SO</arg>
<arg>SR</arg>
<arg>SS</arg>
<arg>ST</arg>
<arg>SV</arg>
<arg>SX</arg>
<arg>SY</arg>
<arg>SZ</arg>
<arg>TC</arg>
<arg>TD</arg>
<arg>TF</arg>
<arg>TG</arg>
<arg>TH</arg>
<arg>TJ</arg>
<arg>TK</arg>
<arg>TL</arg>
<arg>TM</arg>
<arg>TN</arg>
<arg>TO</arg>
<arg>TR</arg>
<arg>TT</arg>
<arg>TV</arg>
<arg>TW</arg>
<arg>TZ</arg>
<arg>UA</arg>
<arg>UG</arg>
<arg>UM</arg>
<arg>US</arg>
<arg>UY</arg>
<arg>UZ</arg>
<arg>VA</arg>
<arg>VC</arg>
<arg>VE</arg>
<arg>VG</arg>
<arg>VI</arg>
<arg>VN</arg>
<arg>VU</arg>
<arg>WF</arg>
<arg>WS</arg>
<arg>XK</arg>
<arg>YE</arg>
<arg>YT</arg>
<arg>ZA</arg>
<arg>ZM</arg>
<arg>ZW</arg>
<doc>Returns a list containing given items.</doc>
<status status="PASS" start="2024-04-27T11:10:56.320077" elapsed="0.000605"/>
</kw>
<kw name="List Should Contain Value" owner="Collections">
<msg time="2024-04-27T11:10:56.321740" level="INFO">False</msg>
<arg>${list_country}</arg>
<arg>${name_country}</arg>
<doc>Fails if the ``value`` is not found from ``list``.</doc>
<status status="PASS" start="2024-04-27T11:10:56.321541" elapsed="0.000235"/>
</kw>
<kw name="Run Keyword If" owner="BuiltIn">
<kw name="Should Be True" owner="BuiltIn">
<arg>${True}</arg>
<doc>Fails if the given condition is not true.</doc>
<status status="PASS" start="2024-04-27T11:10:56.322841" elapsed="0.000251"/>
</kw>
<arg>${json_data["results"][0]["location"]["coordinates"]["latitude"]} &gt;= -90 and ${json_data["results"][0]["location"]["coordinates"]["latitude"]} &lt;= 90</arg>
<arg>Should Be True</arg>
<arg>${True}</arg>
<doc>Runs the given keyword with the given arguments, if ``condition`` is true.</doc>
<status status="PASS" start="2024-04-27T11:10:56.322087" elapsed="0.001139"/>
</kw>
<kw name="Run Keyword If" owner="BuiltIn">
<kw name="Should Be True" owner="BuiltIn">
<arg>${True}</arg>
<doc>Fails if the given condition is not true.</doc>
<status status="PASS" start="2024-04-27T11:10:56.324165" elapsed="0.000140"/>
</kw>
<arg>${json_data["results"][0]["location"]["coordinates"]["longitude"]} &gt;= -180 and ${json_data["results"][0]["location"]["coordinates"]["longitude"]} &lt;= 180</arg>
<arg>Should Be True</arg>
<arg>${True}</arg>
<doc>Runs the given keyword with the given arguments, if ``condition`` is true.</doc>
<status status="PASS" start="2024-04-27T11:10:56.323414" elapsed="0.001028"/>
</kw>
<status status="PASS" start="2024-04-27T11:10:56.211219" elapsed="0.113355"/>
</kw>
<doc>Testa o conteúdo específico dos campos retornados pela API.</doc>
<tag>testeConteudo</tag>
<status status="PASS" start="2024-04-27T11:10:56.210694" elapsed="0.114026"/>
</test>
<status status="PASS" start="2024-04-27T11:10:55.398566" elapsed="0.928172"/>
</suite>
<status status="PASS" start="2024-04-27T11:10:55.385156" elapsed="0.946756"/>
</suite>
<statistics>
<total>
<stat pass="5" fail="0" skip="0">All Tests</stat>
</total>
<tag>
<stat pass="1" fail="0" skip="0">testeConteudo</stat>
<stat pass="1" fail="0" skip="0">testeEstruturaResposta</stat>
<stat pass="1" fail="0" skip="0">testeRequisicaoBasica</stat>
<stat pass="1" fail="0" skip="0">testeTiposDados</stat>
</tag>
<suite>
<stat pass="5" fail="0" skip="0" id="s1" name="Tests">Tests</stat>
<stat pass="5" fail="0" skip="0" id="s1-s1" name="Random-User-Test">Tests.Random-User-Test</stat>
</suite>
</statistics>
<errors>
</errors>
</robot>
