<?xml version="1.0" encoding="UTF-8"?>
<robot generator="Robot 7.0 (Python 3.12.2 on linux)" generated="2024-04-10T11:14:19.036289" rpa="false" schemaversion="5">
<suite id="s1" name="Tests" source="/home/runner/work/DesafioQAItauRogerioJordao/DesafioQAItauRogerioJordao/RamdonUser/tests">
<suite id="s1-s1" name="Random-User-Test" source="/home/runner/work/DesafioQAItauRogerioJordao/DesafioQAItauRogerioJordao/RamdonUser/tests/random-user-test.robot">
<test id="s1-s1-t1" name="Conectar" line="13">
<kw name="Conectar API" owner="random-user-service">
<kw name="Create Session" owner="RequestsLibrary">
<msg time="2024-04-10T11:14:19.390368" level="INFO">Creating Session using : alias=consultarAPI, url=https://randomuser.me/, headers={},                     cookies={}, auth=None, timeout=None, proxies=None, verify=False,                     debug=0 </msg>
<arg>consultarAPI</arg>
<arg>${URL}</arg>
<doc>Create Session: create a HTTP session to a server</doc>
<status status="PASS" start="2024-04-10T11:14:19.390166" elapsed="0.000373"/>
</kw>
<status status="PASS" start="2024-04-10T11:14:19.389154" elapsed="0.001746"/>
</kw>
<status status="PASS" start="2024-04-10T11:14:19.388631" elapsed="0.002477"/>
</test>
<test id="s1-s1-t2" name="Validar retorno 200 e JSON Válido" line="16">
<kw name="Teste de Requisicao Basica" owner="random-user-service">
<kw name="GET On Session" owner="RequestsLibrary">
<msg time="2024-04-10T11:14:19.923332" level="INFO">GET Request : url=https://randomuser.me/api 
 path_url=/api 
 headers={'User-Agent': 'python-requests/2.31.0', 'Accept-Encoding': 'gzip, deflate', 'Accept': '*/*', 'Connection': 'keep-alive'} 
 body=None 
 </msg>
<msg time="2024-04-10T11:14:19.923493" level="INFO">GET Response : url=https://randomuser.me/api 
 status=200, reason=OK 
 headers={'Date': 'Wed, 10 Apr 2024 11:14:19 GMT', 'Content-Type': 'application/json; charset=utf-8', 'Transfer-Encoding': 'chunked', 'Connection': 'keep-alive', 'X-Powered-By': 'Express', 'Access-Control-Allow-Origin': '*', 'Cache-Control': 'no-cache', 'ETag': 'W/"468-4yA6TpMTtuCFiQF/oTHeQlco3Dc"', 'Vary': 'Accept-Encoding', 'Content-Encoding': 'gzip', 'CF-Cache-Status': 'DYNAMIC', 'Report-To': '{"endpoints":[{"url":"https:\\/\\/a.nel.cloudflare.com\\/report\\/v4?s=Cihw%2FKEvMhAwDNMsoVd%2FeAWck4MOkHojyWWxHQl2qY65ngUrKL89ZhTI3s1He54hDZs%2Ba3TKn9bKfT%2BXMDsIczr5ByajdJOGsBjQjXMiuFE1UWbLVLHvtZAOiHCGpvkx"}],"group":"cf-nel","max_age":604800}', 'NEL': '{"success_fraction":0,"report_to":"cf-nel","max_age":604800}', 'Server': 'cloudflare', 'CF-RAY': '87225007782e2f02-LAX', 'alt-svc': 'h3=":443"; ma=86400'} 
 body={"results":[{"gender":"male","name":{"title":"Mr","first":"Isaiah","last":"Hansen"},"location":{"street":{"number":71,"name":"New Road"},"city":"Waterford","state":"Kilkenny","country":"Ireland","postcode":88087,"coordinates":{"latitude":"0.7311","longitude":"-37.3340"},"timezone":{"offset":"+5:45","description":"Kathmandu"}},"email":"isaiah.hansen@example.com","login":{"uuid":"75b07f6d-dc95-428d-a6c7-83f9c2e666b8","username":"silverkoala552","password":"happy1","salt":"1XLwkIYO","md5":"3022cd6ab2eb19f3bb920774d744432c","sha1":"e8f828690abd19b066e60252508defc3ac7b1b55","sha256":"dd4e3034220b30697564e5b251664effb7018be9f7eda0619e0aa62ba73f0819"},"dob":{"date":"1955-08-06T16:02:09.516Z","age":68},"registered":{"date":"2021-08-07T11:03:25.945Z","age":2},"phone":"061-193-4475","cell":"081-283-0312","id":{"name":"PPS","value":"1071680T"},"picture":{"large":"https://randomuser.me/api/portraits/men/60.jpg","medium":"https://randomuser.me/api/portraits/med/men/60.jpg","thumbnail":"https://randomuser.me/api/portraits/thumb/men/60.jpg"},"nat":"IE"}],"info":{"seed":"1fb6d7683d7fdae6","results":1,"page":1,"version":"1.4"}} 
 </msg>
<msg time="2024-04-10T11:14:19.923573" level="INFO">/opt/hostedtoolcache/Python/3.12.2/x64/lib/python3.12/site-packages/urllib3/connectionpool.py:1103: InsecureRequestWarning: Unverified HTTPS request is being made to host 'randomuser.me'. Adding certificate verification is strongly advised. See: https://urllib3.readthedocs.io/en/latest/advanced-usage.html#tls-warnings
  warnings.warn(</msg>
<msg time="2024-04-10T11:14:19.923813" level="INFO">${response} = &lt;Response [200]&gt;</msg>
<var>${response}</var>
<arg>consultarAPI</arg>
<arg>/api</arg>
<doc>Sends a GET request on a previously created HTTP Session.</doc>
<status status="PASS" start="2024-04-10T11:14:19.393815" elapsed="0.530035"/>
</kw>
<kw name="Should Be Equal As Numbers" owner="BuiltIn">
<msg time="2024-04-10T11:14:19.924803" level="INFO">Argument types are:
&lt;class 'int'&gt;
&lt;class 'str'&gt;</msg>
<arg>${response.status_code}</arg>
<arg>200</arg>
<doc>Fails if objects are unequal after converting them to real numbers.</doc>
<status status="PASS" start="2024-04-10T11:14:19.924359" elapsed="0.000508"/>
</kw>
<kw name="Log" owner="BuiltIn">
<msg time="2024-04-10T11:14:19.925535" level="INFO">200</msg>
<arg>${response.status_code}</arg>
<doc>Logs the given message with the given level.</doc>
<status status="PASS" start="2024-04-10T11:14:19.925183" elapsed="0.000395"/>
</kw>
<kw name="Set Variable" owner="BuiltIn">
<msg time="2024-04-10T11:14:19.926327" level="INFO">${json_data} = {'results': [{'gender': 'male', 'name': {'title': 'Mr', 'first': 'Isaiah', 'last': 'Hansen'}, 'location': {'street': {'number': 71, 'name': 'New Road'}, 'city': 'Waterford', 'state': 'Kilkenny', 'coun...</msg>
<var>${json_data}</var>
<arg>${response.json()}</arg>
<doc>Returns the given values which can then be assigned to a variables.</doc>
<status status="PASS" start="2024-04-10T11:14:19.925898" elapsed="0.000457"/>
</kw>
<kw name="Dictionary Should Contain Key" owner="Collections">
<msg time="2024-04-10T11:14:19.926816" level="INFO">False</msg>
<arg>${json_data}</arg>
<arg>results</arg>
<doc>Fails if ``key`` is not found from ``dictionary``.</doc>
<status status="PASS" start="2024-04-10T11:14:19.926652" elapsed="0.000202"/>
</kw>
<status status="PASS" start="2024-04-10T11:14:19.393546" elapsed="0.533567"/>
</kw>
<doc>Testa se a API responde corretamente e retorna um objeto JSON válido.</doc>
<tag>testeRequisicaoBasica</tag>
<status status="PASS" start="2024-04-10T11:14:19.393020" elapsed="0.534333"/>
</test>
<test id="s1-s1-t3" name="Validar estrutura de resposta" line="22">
<kw name="Teste de Estrutura de Resposta" owner="random-user-service">
<kw name="GET On Session" owner="RequestsLibrary">
<msg time="2024-04-10T11:14:20.104518" level="INFO">GET Request : url=https://randomuser.me/api 
 path_url=/api 
 headers={'User-Agent': 'python-requests/2.31.0', 'Accept-Encoding': 'gzip, deflate', 'Accept': '*/*', 'Connection': 'keep-alive'} 
 body=None 
 </msg>
<msg time="2024-04-10T11:14:20.104633" level="INFO">GET Response : url=https://randomuser.me/api 
 status=200, reason=OK 
 headers={'Date': 'Wed, 10 Apr 2024 11:14:20 GMT', 'Content-Type': 'application/json; charset=utf-8', 'Transfer-Encoding': 'chunked', 'Connection': 'keep-alive', 'X-Powered-By': 'Express', 'Access-Control-Allow-Origin': '*', 'Cache-Control': 'no-cache', 'ETag': 'W/"497-JGhZwCHkGY6UMuzV9mrCFoPOWsc"', 'Vary': 'Accept-Encoding', 'Content-Encoding': 'gzip', 'CF-Cache-Status': 'DYNAMIC', 'Report-To': '{"endpoints":[{"url":"https:\\/\\/a.nel.cloudflare.com\\/report\\/v4?s=r27ntW7YQwjpk1h1erZ3Zg2%2BAEVVkhgcxz0cIfpVPIX2ADsJQW7WoaWN4MyY3llTW3n1seGEMjkbi6rgodRQMcWeAcWfWAZEOYOQoyvAcAbavwnEbWB5PQzfQ3Bsw41z"}],"group":"cf-nel","max_age":604800}', 'NEL': '{"success_fraction":0,"report_to":"cf-nel","max_age":604800}', 'Server': 'cloudflare', 'CF-RAY': '8722500a9b402f02-LAX', 'alt-svc': 'h3=":443"; ma=86400'} 
 body={"results":[{"gender":"female","name":{"title":"Miss","first":"Isa","last":"Sandli"},"location":{"street":{"number":9442,"name":"Selvbyggerveien"},"city":"Fjellstrand","state":"Troms - Romsa","country":"Norway","postcode":"8640","coordinates":{"latitude":"40.9710","longitude":"147.5055"},"timezone":{"offset":"-4:00","description":"Atlantic Time (Canada), Caracas, La Paz"}},"email":"isa.sandli@example.com","login":{"uuid":"6b44fb2d-783e-4f5b-a519-c10b6a3f849d","username":"organicrabbit191","password":"azsxdc","salt":"Fm70uUhw","md5":"fd5b36a52d8ad99ae466a726854a19ba","sha1":"b4e9f6c85df49d70d61e19c555310020556322ed","sha256":"114c6cf19163bd9fa693f2c476c7f0bc7c3e15468eeadd0f0acd60ee71803788"},"dob":{"date":"1947-11-13T22:44:14.916Z","age":76},"registered":{"date":"2016-06-17T21:51:50.318Z","age":7},"phone":"62953685","cell":"49097819","id":{"name":"FN","value":"13114703022"},"picture":{"large":"https://randomuser.me/api/portraits/women/42.jpg","medium":"https://randomuser.me/api/portraits/med/women/42.jpg","thumbnail":"https://randomuser.me/api/portraits/thumb/women/42.jpg"},"nat":"NO"}],"info":{"seed":"dcd2cd73885a9335","results":1,"page":1,"version":"1.4"}} 
 </msg>
<msg time="2024-04-10T11:14:20.104805" level="INFO">/opt/hostedtoolcache/Python/3.12.2/x64/lib/python3.12/site-packages/urllib3/connectionpool.py:1103: InsecureRequestWarning: Unverified HTTPS request is being made to host 'randomuser.me'. Adding certificate verification is strongly advised. See: https://urllib3.readthedocs.io/en/latest/advanced-usage.html#tls-warnings
  warnings.warn(</msg>
<msg time="2024-04-10T11:14:20.104933" level="INFO">${response} = &lt;Response [200]&gt;</msg>
<var>${response}</var>
<arg>consultarAPI</arg>
<arg>/api</arg>
<doc>Sends a GET request on a previously created HTTP Session.</doc>
<status status="PASS" start="2024-04-10T11:14:19.930048" elapsed="0.174926"/>
</kw>
<kw name="Set Variable" owner="BuiltIn">
<msg time="2024-04-10T11:14:20.106020" level="INFO">${json_data} = {'results': [{'gender': 'female', 'name': {'title': 'Miss', 'first': 'Isa', 'last': 'Sandli'}, 'location': {'street': {'number': 9442, 'name': 'Selvbyggerveien'}, 'city': 'Fjellstrand', 'state': 'Trom...</msg>
<var>${json_data}</var>
<arg>${response.json()}</arg>
<doc>Returns the given values which can then be assigned to a variables.</doc>
<status status="PASS" start="2024-04-10T11:14:20.105495" elapsed="0.000554"/>
</kw>
<kw name="Log" owner="BuiltIn">
<msg time="2024-04-10T11:14:20.106522" level="INFO">{'results': [{'gender': 'female', 'name': {'title': 'Miss', 'first': 'Isa', 'last': 'Sandli'}, 'location': {'street': {'number': 9442, 'name': 'Selvbyggerveien'}, 'city': 'Fjellstrand', 'state': 'Troms - Romsa', 'country': 'Norway', 'postcode': '8640', 'coordinates': {'latitude': '40.9710', 'longitude': '147.5055'}, 'timezone': {'offset': '-4:00', 'description': 'Atlantic Time (Canada), Caracas, La Paz'}}, 'email': 'isa.sandli@example.com', 'login': {'uuid': '6b44fb2d-783e-4f5b-a519-c10b6a3f849d', 'username': 'organicrabbit191', 'password': 'azsxdc', 'salt': 'Fm70uUhw', 'md5': 'fd5b36a52d8ad99ae466a726854a19ba', 'sha1': 'b4e9f6c85df49d70d61e19c555310020556322ed', 'sha256': '114c6cf19163bd9fa693f2c476c7f0bc7c3e15468eeadd0f0acd60ee71803788'}, 'dob': {'date': '1947-11-13T22:44:14.916Z', 'age': 76}, 'registered': {'date': '2016-06-17T21:51:50.318Z', 'age': 7}, 'phone': '62953685', 'cell': '49097819', 'id': {'name': 'FN', 'value': '13114703022'}, 'picture': {'large': 'https://randomuser.me/api/portraits/women/42.jpg', 'medium': 'https://randomuser.me/api/portraits/med/women/42.jpg', 'thumbnail': 'https://randomuser.me/api/portraits/thumb/women/42.jpg'}, 'nat': 'NO'}], 'info': {'seed': 'dcd2cd73885a9335', 'results': 1, 'page': 1, 'version': '1.4'}}</msg>
<arg>${json_data}</arg>
<doc>Logs the given message with the given level.</doc>
<status status="PASS" start="2024-04-10T11:14:20.106361" elapsed="0.000208"/>
</kw>
<kw name="Dictionary Should Contain Key" owner="Collections">
<msg time="2024-04-10T11:14:20.107020" level="INFO">False</msg>
<arg>${json_data}</arg>
<arg>results</arg>
<doc>Fails if ``key`` is not found from ``dictionary``.</doc>
<status status="PASS" start="2024-04-10T11:14:20.106862" elapsed="0.000194"/>
</kw>
<kw name="Should Not Be Empty" owner="BuiltIn">
<msg time="2024-04-10T11:14:20.107533" level="INFO">Length is 2.</msg>
<arg>${json_data}</arg>
<doc>Verifies that the given item is not empty.</doc>
<status status="PASS" start="2024-04-10T11:14:20.107399" elapsed="0.000172"/>
</kw>
<kw name="Create List" owner="BuiltIn">
<msg time="2024-04-10T11:14:20.108012" level="INFO">${expected_keys} = ['gender', 'name', 'location', 'email', 'login']</msg>
<var>${expected_keys}</var>
<arg>gender</arg>
<arg>name</arg>
<arg>location</arg>
<arg>email</arg>
<arg>login</arg>
<doc>Returns a list containing given items.</doc>
<status status="PASS" start="2024-04-10T11:14:20.107863" elapsed="0.000173"/>
</kw>
<for flavor="IN">
<iter>
<kw name="Dictionary Should Contain Key" owner="Collections">
<msg time="2024-04-10T11:14:20.109018" level="INFO">False</msg>
<arg>${json_data['results'][0]}</arg>
<arg>${key}</arg>
<doc>Fails if ``key`` is not found from ``dictionary``.</doc>
<status status="PASS" start="2024-04-10T11:14:20.108618" elapsed="0.000440"/>
</kw>
<kw name="Log" owner="BuiltIn">
<msg time="2024-04-10T11:14:20.109732" level="INFO">{'gender': 'female', 'name': {'title': 'Miss', 'first': 'Isa', 'last': 'Sandli'}, 'location': {'street': {'number': 9442, 'name': 'Selvbyggerveien'}, 'city': 'Fjellstrand', 'state': 'Troms - Romsa', 'country': 'Norway', 'postcode': '8640', 'coordinates': {'latitude': '40.9710', 'longitude': '147.5055'}, 'timezone': {'offset': '-4:00', 'description': 'Atlantic Time (Canada), Caracas, La Paz'}}, 'email': 'isa.sandli@example.com', 'login': {'uuid': '6b44fb2d-783e-4f5b-a519-c10b6a3f849d', 'username': 'organicrabbit191', 'password': 'azsxdc', 'salt': 'Fm70uUhw', 'md5': 'fd5b36a52d8ad99ae466a726854a19ba', 'sha1': 'b4e9f6c85df49d70d61e19c555310020556322ed', 'sha256': '114c6cf19163bd9fa693f2c476c7f0bc7c3e15468eeadd0f0acd60ee71803788'}, 'dob': {'date': '1947-11-13T22:44:14.916Z', 'age': 76}, 'registered': {'date': '2016-06-17T21:51:50.318Z', 'age': 7}, 'phone': '62953685', 'cell': '49097819', 'id': {'name': 'FN', 'value': '13114703022'}, 'picture': {'large': 'https://randomuser.me/api/portraits/women/42.jpg', 'medium': 'https://randomuser.me/api/portraits/med/women/42.jpg', 'thumbnail': 'https://randomuser.me/api/portraits/thumb/women/42.jpg'}, 'nat': 'NO'}</msg>
<arg>${json_data['results'][0]}</arg>
<doc>Logs the given message with the given level.</doc>
<status status="PASS" start="2024-04-10T11:14:20.109368" elapsed="0.000417"/>
</kw>
<kw name="Log" owner="BuiltIn">
<msg time="2024-04-10T11:14:20.110216" level="INFO">gender</msg>
<arg>${key}</arg>
<doc>Logs the given message with the given level.</doc>
<status status="PASS" start="2024-04-10T11:14:20.110085" elapsed="0.000170"/>
</kw>
<var name="${key}">gender</var>
<status status="PASS" start="2024-04-10T11:14:20.108491" elapsed="0.001988"/>
</iter>
<iter>
<kw name="Dictionary Should Contain Key" owner="Collections">
<msg time="2024-04-10T11:14:20.111188" level="INFO">False</msg>
<arg>${json_data['results'][0]}</arg>
<arg>${key}</arg>
<doc>Fails if ``key`` is not found from ``dictionary``.</doc>
<status status="PASS" start="2024-04-10T11:14:20.110783" elapsed="0.000444"/>
</kw>
<kw name="Log" owner="BuiltIn">
<msg time="2024-04-10T11:14:20.111915" level="INFO">{'gender': 'female', 'name': {'title': 'Miss', 'first': 'Isa', 'last': 'Sandli'}, 'location': {'street': {'number': 9442, 'name': 'Selvbyggerveien'}, 'city': 'Fjellstrand', 'state': 'Troms - Romsa', 'country': 'Norway', 'postcode': '8640', 'coordinates': {'latitude': '40.9710', 'longitude': '147.5055'}, 'timezone': {'offset': '-4:00', 'description': 'Atlantic Time (Canada), Caracas, La Paz'}}, 'email': 'isa.sandli@example.com', 'login': {'uuid': '6b44fb2d-783e-4f5b-a519-c10b6a3f849d', 'username': 'organicrabbit191', 'password': 'azsxdc', 'salt': 'Fm70uUhw', 'md5': 'fd5b36a52d8ad99ae466a726854a19ba', 'sha1': 'b4e9f6c85df49d70d61e19c555310020556322ed', 'sha256': '114c6cf19163bd9fa693f2c476c7f0bc7c3e15468eeadd0f0acd60ee71803788'}, 'dob': {'date': '1947-11-13T22:44:14.916Z', 'age': 76}, 'registered': {'date': '2016-06-17T21:51:50.318Z', 'age': 7}, 'phone': '62953685', 'cell': '49097819', 'id': {'name': 'FN', 'value': '13114703022'}, 'picture': {'large': 'https://randomuser.me/api/portraits/women/42.jpg', 'medium': 'https://randomuser.me/api/portraits/med/women/42.jpg', 'thumbnail': 'https://randomuser.me/api/portraits/thumb/women/42.jpg'}, 'nat': 'NO'}</msg>
<arg>${json_data['results'][0]}</arg>
<doc>Logs the given message with the given level.</doc>
<status status="PASS" start="2024-04-10T11:14:20.111552" elapsed="0.000410"/>
</kw>
<kw name="Log" owner="BuiltIn">
<msg time="2024-04-10T11:14:20.112390" level="INFO">name</msg>
<arg>${key}</arg>
<doc>Logs the given message with the given level.</doc>
<status status="PASS" start="2024-04-10T11:14:20.112262" elapsed="0.000166"/>
</kw>
<var name="${key}">name</var>
<status status="PASS" start="2024-04-10T11:14:20.110668" elapsed="0.001975"/>
</iter>
<iter>
<kw name="Dictionary Should Contain Key" owner="Collections">
<msg time="2024-04-10T11:14:20.113311" level="INFO">False</msg>
<arg>${json_data['results'][0]}</arg>
<arg>${key}</arg>
<doc>Fails if ``key`` is not found from ``dictionary``.</doc>
<status status="PASS" start="2024-04-10T11:14:20.112938" elapsed="0.000411"/>
</kw>
<kw name="Log" owner="BuiltIn">
<msg time="2024-04-10T11:14:20.114009" level="INFO">{'gender': 'female', 'name': {'title': 'Miss', 'first': 'Isa', 'last': 'Sandli'}, 'location': {'street': {'number': 9442, 'name': 'Selvbyggerveien'}, 'city': 'Fjellstrand', 'state': 'Troms - Romsa', 'country': 'Norway', 'postcode': '8640', 'coordinates': {'latitude': '40.9710', 'longitude': '147.5055'}, 'timezone': {'offset': '-4:00', 'description': 'Atlantic Time (Canada), Caracas, La Paz'}}, 'email': 'isa.sandli@example.com', 'login': {'uuid': '6b44fb2d-783e-4f5b-a519-c10b6a3f849d', 'username': 'organicrabbit191', 'password': 'azsxdc', 'salt': 'Fm70uUhw', 'md5': 'fd5b36a52d8ad99ae466a726854a19ba', 'sha1': 'b4e9f6c85df49d70d61e19c555310020556322ed', 'sha256': '114c6cf19163bd9fa693f2c476c7f0bc7c3e15468eeadd0f0acd60ee71803788'}, 'dob': {'date': '1947-11-13T22:44:14.916Z', 'age': 76}, 'registered': {'date': '2016-06-17T21:51:50.318Z', 'age': 7}, 'phone': '62953685', 'cell': '49097819', 'id': {'name': 'FN', 'value': '13114703022'}, 'picture': {'large': 'https://randomuser.me/api/portraits/women/42.jpg', 'medium': 'https://randomuser.me/api/portraits/med/women/42.jpg', 'thumbnail': 'https://randomuser.me/api/portraits/thumb/women/42.jpg'}, 'nat': 'NO'}</msg>
<arg>${json_data['results'][0]}</arg>
<doc>Logs the given message with the given level.</doc>
<status status="PASS" start="2024-04-10T11:14:20.113650" elapsed="0.000412"/>
</kw>
<kw name="Log" owner="BuiltIn">
<msg time="2024-04-10T11:14:20.114479" level="INFO">location</msg>
<arg>${key}</arg>
<doc>Logs the given message with the given level.</doc>
<status status="PASS" start="2024-04-10T11:14:20.114354" elapsed="0.000162"/>
</kw>
<var name="${key}">location</var>
<status status="PASS" start="2024-04-10T11:14:20.112827" elapsed="0.001903"/>
</iter>
<iter>
<kw name="Dictionary Should Contain Key" owner="Collections">
<msg time="2024-04-10T11:14:20.115417" level="INFO">False</msg>
<arg>${json_data['results'][0]}</arg>
<arg>${key}</arg>
<doc>Fails if ``key`` is not found from ``dictionary``.</doc>
<status status="PASS" start="2024-04-10T11:14:20.115010" elapsed="0.000445"/>
</kw>
<kw name="Log" owner="BuiltIn">
<msg time="2024-04-10T11:14:20.116108" level="INFO">{'gender': 'female', 'name': {'title': 'Miss', 'first': 'Isa', 'last': 'Sandli'}, 'location': {'street': {'number': 9442, 'name': 'Selvbyggerveien'}, 'city': 'Fjellstrand', 'state': 'Troms - Romsa', 'country': 'Norway', 'postcode': '8640', 'coordinates': {'latitude': '40.9710', 'longitude': '147.5055'}, 'timezone': {'offset': '-4:00', 'description': 'Atlantic Time (Canada), Caracas, La Paz'}}, 'email': 'isa.sandli@example.com', 'login': {'uuid': '6b44fb2d-783e-4f5b-a519-c10b6a3f849d', 'username': 'organicrabbit191', 'password': 'azsxdc', 'salt': 'Fm70uUhw', 'md5': 'fd5b36a52d8ad99ae466a726854a19ba', 'sha1': 'b4e9f6c85df49d70d61e19c555310020556322ed', 'sha256': '114c6cf19163bd9fa693f2c476c7f0bc7c3e15468eeadd0f0acd60ee71803788'}, 'dob': {'date': '1947-11-13T22:44:14.916Z', 'age': 76}, 'registered': {'date': '2016-06-17T21:51:50.318Z', 'age': 7}, 'phone': '62953685', 'cell': '49097819', 'id': {'name': 'FN', 'value': '13114703022'}, 'picture': {'large': 'https://randomuser.me/api/portraits/women/42.jpg', 'medium': 'https://randomuser.me/api/portraits/med/women/42.jpg', 'thumbnail': 'https://randomuser.me/api/portraits/thumb/women/42.jpg'}, 'nat': 'NO'}</msg>
<arg>${json_data['results'][0]}</arg>
<doc>Logs the given message with the given level.</doc>
<status status="PASS" start="2024-04-10T11:14:20.115749" elapsed="0.000407"/>
</kw>
<kw name="Log" owner="BuiltIn">
<msg time="2024-04-10T11:14:20.116578" level="INFO">email</msg>
<arg>${key}</arg>
<doc>Logs the given message with the given level.</doc>
<status status="PASS" start="2024-04-10T11:14:20.116451" elapsed="0.000165"/>
</kw>
<var name="${key}">email</var>
<status status="PASS" start="2024-04-10T11:14:20.114900" elapsed="0.001932"/>
</iter>
<iter>
<kw name="Dictionary Should Contain Key" owner="Collections">
<msg time="2024-04-10T11:14:20.117488" level="INFO">False</msg>
<arg>${json_data['results'][0]}</arg>
<arg>${key}</arg>
<doc>Fails if ``key`` is not found from ``dictionary``.</doc>
<status status="PASS" start="2024-04-10T11:14:20.117116" elapsed="0.000409"/>
</kw>
<kw name="Log" owner="BuiltIn">
<msg time="2024-04-10T11:14:20.118181" level="INFO">{'gender': 'female', 'name': {'title': 'Miss', 'first': 'Isa', 'last': 'Sandli'}, 'location': {'street': {'number': 9442, 'name': 'Selvbyggerveien'}, 'city': 'Fjellstrand', 'state': 'Troms - Romsa', 'country': 'Norway', 'postcode': '8640', 'coordinates': {'latitude': '40.9710', 'longitude': '147.5055'}, 'timezone': {'offset': '-4:00', 'description': 'Atlantic Time (Canada), Caracas, La Paz'}}, 'email': 'isa.sandli@example.com', 'login': {'uuid': '6b44fb2d-783e-4f5b-a519-c10b6a3f849d', 'username': 'organicrabbit191', 'password': 'azsxdc', 'salt': 'Fm70uUhw', 'md5': 'fd5b36a52d8ad99ae466a726854a19ba', 'sha1': 'b4e9f6c85df49d70d61e19c555310020556322ed', 'sha256': '114c6cf19163bd9fa693f2c476c7f0bc7c3e15468eeadd0f0acd60ee71803788'}, 'dob': {'date': '1947-11-13T22:44:14.916Z', 'age': 76}, 'registered': {'date': '2016-06-17T21:51:50.318Z', 'age': 7}, 'phone': '62953685', 'cell': '49097819', 'id': {'name': 'FN', 'value': '13114703022'}, 'picture': {'large': 'https://randomuser.me/api/portraits/women/42.jpg', 'medium': 'https://randomuser.me/api/portraits/med/women/42.jpg', 'thumbnail': 'https://randomuser.me/api/portraits/thumb/women/42.jpg'}, 'nat': 'NO'}</msg>
<arg>${json_data['results'][0]}</arg>
<doc>Logs the given message with the given level.</doc>
<status status="PASS" start="2024-04-10T11:14:20.117816" elapsed="0.000413"/>
</kw>
<kw name="Log" owner="BuiltIn">
<msg time="2024-04-10T11:14:20.118650" level="INFO">login</msg>
<arg>${key}</arg>
<doc>Logs the given message with the given level.</doc>
<status status="PASS" start="2024-04-10T11:14:20.118523" elapsed="0.000172"/>
</kw>
<var name="${key}">login</var>
<status status="PASS" start="2024-04-10T11:14:20.117006" elapsed="0.001931"/>
</iter>
<var>${key}</var>
<value>@{expected_keys}</value>
<status status="PASS" start="2024-04-10T11:14:20.108296" elapsed="0.010770"/>
</for>
<kw name="Create List" owner="BuiltIn">
<msg time="2024-04-10T11:14:20.119475" level="INFO">${expected_keysTwo} = ['username', 'password']</msg>
<var>${expected_keysTwo}</var>
<arg>username</arg>
<arg>password</arg>
<doc>Returns a list containing given items.</doc>
<status status="PASS" start="2024-04-10T11:14:20.119329" elapsed="0.000170"/>
</kw>
<for flavor="IN">
<iter>
<kw name="Dictionary Should Contain Key" owner="Collections">
<msg time="2024-04-10T11:14:20.120505" level="INFO">False</msg>
<arg>${json_data['results'][0]['login']}</arg>
<arg>${keyTwo}</arg>
<doc>Fails if ``key`` is not found from ``dictionary``.</doc>
<status status="PASS" start="2024-04-10T11:14:20.120120" elapsed="0.000424"/>
</kw>
<kw name="Dictionary Should Contain Key" owner="Collections">
<msg time="2024-04-10T11:14:20.121222" level="INFO">False</msg>
<arg>${json_data['results'][0]['login']}</arg>
<arg>${keyTwo}</arg>
<doc>Fails if ``key`` is not found from ``dictionary``.</doc>
<status status="PASS" start="2024-04-10T11:14:20.120839" elapsed="0.000420"/>
</kw>
<kw name="Log" owner="BuiltIn">
<msg time="2024-04-10T11:14:20.121682" level="INFO">username</msg>
<arg>${keyTwo}</arg>
<doc>Logs the given message with the given level.</doc>
<status status="PASS" start="2024-04-10T11:14:20.121553" elapsed="0.000167"/>
</kw>
<var name="${keyTwo}">username</var>
<status status="PASS" start="2024-04-10T11:14:20.120005" elapsed="0.001931"/>
</iter>
<iter>
<kw name="Dictionary Should Contain Key" owner="Collections">
<msg time="2024-04-10T11:14:20.122593" level="INFO">False</msg>
<arg>${json_data['results'][0]['login']}</arg>
<arg>${keyTwo}</arg>
<doc>Fails if ``key`` is not found from ``dictionary``.</doc>
<status status="PASS" start="2024-04-10T11:14:20.122220" elapsed="0.000410"/>
</kw>
<kw name="Dictionary Should Contain Key" owner="Collections">
<msg time="2024-04-10T11:14:20.123329" level="INFO">False</msg>
<arg>${json_data['results'][0]['login']}</arg>
<arg>${keyTwo}</arg>
<doc>Fails if ``key`` is not found from ``dictionary``.</doc>
<status status="PASS" start="2024-04-10T11:14:20.122925" elapsed="0.000441"/>
</kw>
<kw name="Log" owner="BuiltIn">
<msg time="2024-04-10T11:14:20.123785" level="INFO">password</msg>
<arg>${keyTwo}</arg>
<doc>Logs the given message with the given level.</doc>
<status status="PASS" start="2024-04-10T11:14:20.123657" elapsed="0.000165"/>
</kw>
<var name="${keyTwo}">password</var>
<status status="PASS" start="2024-04-10T11:14:20.122110" elapsed="0.001927"/>
</iter>
<var>${keyTwo}</var>
<value>@{expected_keysTwo}</value>
<status status="PASS" start="2024-04-10T11:14:20.119741" elapsed="0.004418"/>
</for>
<status status="PASS" start="2024-04-10T11:14:19.929817" elapsed="0.194487"/>
</kw>
<doc>Testa a estrutura da resposta da API.</doc>
<tag>testeEstruturaResposta</tag>
<status status="PASS" start="2024-04-10T11:14:19.929161" elapsed="0.195307"/>
</test>
<test id="s1-s1-t4" name="Validar tipos de dados" line="28">
<kw name="Teste de Tipos de Dados" owner="random-user-service">
<kw name="GET On Session" owner="RequestsLibrary">
<msg time="2024-04-10T11:14:20.222951" level="INFO">GET Request : url=https://randomuser.me/api 
 path_url=/api 
 headers={'User-Agent': 'python-requests/2.31.0', 'Accept-Encoding': 'gzip, deflate', 'Accept': '*/*', 'Connection': 'keep-alive'} 
 body=None 
 </msg>
<msg time="2024-04-10T11:14:20.223028" level="INFO">GET Response : url=https://randomuser.me/api 
 status=200, reason=OK 
 headers={'Date': 'Wed, 10 Apr 2024 11:14:20 GMT', 'Content-Type': 'application/json; charset=utf-8', 'Transfer-Encoding': 'chunked', 'Connection': 'keep-alive', 'X-Powered-By': 'Express', 'Access-Control-Allow-Origin': '*', 'Cache-Control': 'no-cache', 'ETag': 'W/"48d-hZnlEqeEU4mX+ryd3iAUGGMkNWU"', 'Vary': 'Accept-Encoding', 'Content-Encoding': 'gzip', 'CF-Cache-Status': 'DYNAMIC', 'Report-To': '{"endpoints":[{"url":"https:\\/\\/a.nel.cloudflare.com\\/report\\/v4?s=nBXoGaYb%2By9NoRrOjeEFtV7b73dcljuJPujrTmn3hzFx5kpZsuSVUg2y9npGXZmXb3icWeni6arCgqhI%2F%2BAn9XMVlOfbxUkJMZd9IW%2FlYAR9vh8g37ZtNpItTbgIS8uR"}],"group":"cf-nel","max_age":604800}', 'NEL': '{"success_fraction":0,"report_to":"cf-nel","max_age":604800}', 'Server': 'cloudflare', 'CF-RAY': '8722500bcc4d2f02-LAX', 'alt-svc': 'h3=":443"; ma=86400'} 
 body={"results":[{"gender":"female","name":{"title":"Ms","first":"Tonya","last":"Neal"},"location":{"street":{"number":2148,"name":"Pockrus Page Rd"},"city":"Geelong","state":"Australian Capital Territory","country":"Australia","postcode":5990,"coordinates":{"latitude":"-89.3519","longitude":"126.7417"},"timezone":{"offset":"-3:30","description":"Newfoundland"}},"email":"tonya.neal@example.com","login":{"uuid":"fad53a60-38a6-492e-b5be-3565e024b52c","username":"whiteduck407","password":"pinnacle","salt":"IOAJk4Dw","md5":"4320d46780bb13f25f0fa40493d0875c","sha1":"38189957fc7541f9cd04cbc54531f812fa523be1","sha256":"c22ed4f913492d30c2a0a56907c9f7c93858c2b7918224d4d8431e641ea945b5"},"dob":{"date":"1967-04-04T04:12:37.291Z","age":57},"registered":{"date":"2009-06-28T10:28:24.200Z","age":14},"phone":"00-1273-1760","cell":"0404-243-646","id":{"name":"TFN","value":"367163228"},"picture":{"large":"https://randomuser.me/api/portraits/women/87.jpg","medium":"https://randomuser.me/api/portraits/med/women/87.jpg","thumbnail":"https://randomuser.me/api/portraits/thumb/women/87.jpg"},"nat":"AU"}],"info":{"seed":"94931b489c37a329","results":1,"page":1,"version":"1.4"}} 
 </msg>
<msg time="2024-04-10T11:14:20.223091" level="INFO">/opt/hostedtoolcache/Python/3.12.2/x64/lib/python3.12/site-packages/urllib3/connectionpool.py:1103: InsecureRequestWarning: Unverified HTTPS request is being made to host 'randomuser.me'. Adding certificate verification is strongly advised. See: https://urllib3.readthedocs.io/en/latest/advanced-usage.html#tls-warnings
  warnings.warn(</msg>
<msg time="2024-04-10T11:14:20.223207" level="INFO">${response} = &lt;Response [200]&gt;</msg>
<var>${response}</var>
<arg>consultarAPI</arg>
<arg>/api</arg>
<doc>Sends a GET request on a previously created HTTP Session.</doc>
<status status="PASS" start="2024-04-10T11:14:20.126920" elapsed="0.096327"/>
</kw>
<kw name="Set Variable" owner="BuiltIn">
<msg time="2024-04-10T11:14:20.224042" level="INFO">${json_data} = {'results': [{'gender': 'female', 'name': {'title': 'Ms', 'first': 'Tonya', 'last': 'Neal'}, 'location': {'street': {'number': 2148, 'name': 'Pockrus Page Rd'}, 'city': 'Geelong', 'state': 'Australian...</msg>
<var>${json_data}</var>
<arg>${response.json()}</arg>
<doc>Returns the given values which can then be assigned to a variables.</doc>
<status status="PASS" start="2024-04-10T11:14:20.223601" elapsed="0.000470"/>
</kw>
<kw name="Log" owner="BuiltIn">
<msg time="2024-04-10T11:14:20.224534" level="INFO">{'results': [{'gender': 'female', 'name': {'title': 'Ms', 'first': 'Tonya', 'last': 'Neal'}, 'location': {'street': {'number': 2148, 'name': 'Pockrus Page Rd'}, 'city': 'Geelong', 'state': 'Australian Capital Territory', 'country': 'Australia', 'postcode': 5990, 'coordinates': {'latitude': '-89.3519', 'longitude': '126.7417'}, 'timezone': {'offset': '-3:30', 'description': 'Newfoundland'}}, 'email': 'tonya.neal@example.com', 'login': {'uuid': 'fad53a60-38a6-492e-b5be-3565e024b52c', 'username': 'whiteduck407', 'password': 'pinnacle', 'salt': 'IOAJk4Dw', 'md5': '4320d46780bb13f25f0fa40493d0875c', 'sha1': '38189957fc7541f9cd04cbc54531f812fa523be1', 'sha256': 'c22ed4f913492d30c2a0a56907c9f7c93858c2b7918224d4d8431e641ea945b5'}, 'dob': {'date': '1967-04-04T04:12:37.291Z', 'age': 57}, 'registered': {'date': '2009-06-28T10:28:24.200Z', 'age': 14}, 'phone': '00-1273-1760', 'cell': '0404-243-646', 'id': {'name': 'TFN', 'value': '367163228'}, 'picture': {'large': 'https://randomuser.me/api/portraits/women/87.jpg', 'medium': 'https://randomuser.me/api/portraits/med/women/87.jpg', 'thumbnail': 'https://randomuser.me/api/portraits/thumb/women/87.jpg'}, 'nat': 'AU'}], 'info': {'seed': '94931b489c37a329', 'results': 1, 'page': 1, 'version': '1.4'}}</msg>
<arg>${json_data}</arg>
<doc>Logs the given message with the given level.</doc>
<status status="PASS" start="2024-04-10T11:14:20.224377" elapsed="0.000235"/>
</kw>
<kw name="Should Be String" owner="String">
<arg>${json_data['results'][0]['gender']}</arg>
<doc>Fails if the given ``item`` is not a string.</doc>
<status status="PASS" start="2024-04-10T11:14:20.224912" elapsed="0.000357"/>
</kw>
<kw name="Should Match Regexp" owner="BuiltIn">
<arg>${json_data['results'][0]['email']}</arg>
<arg>^[a-zA-Z0-9._%+-]+@[a-zA-Z0-9.-]+\.[a-zA-Z]{2,}$</arg>
<doc>Fails if ``string`` does not match ``pattern`` as a regular expression.</doc>
<status status="PASS" start="2024-04-10T11:14:20.225458" elapsed="0.000501"/>
</kw>
<kw name="Should Match Regexp" owner="BuiltIn">
<arg>${json_data['results'][0]['dob']['date']}</arg>
<arg>\\d{4}-\\d{2}-\\d{2}T\\d{2}:\\d{2}:\\d{2}\\.\\d{3}Z</arg>
<doc>Fails if ``string`` does not match ``pattern`` as a regular expression.</doc>
<status status="PASS" start="2024-04-10T11:14:20.226151" elapsed="0.000488"/>
</kw>
<kw name="Should Match Regexp" owner="BuiltIn">
<arg>${json_data['results'][0]['registered']['date']}</arg>
<arg>\\d{4}-\\d{2}-\\d{2}T\\d{2}:\\d{2}:\\d{2}\\.\\d{3}Z</arg>
<doc>Fails if ``string`` does not match ``pattern`` as a regular expression.</doc>
<status status="PASS" start="2024-04-10T11:14:20.226836" elapsed="0.000400"/>
</kw>
<kw name="Should Match Regexp" owner="BuiltIn">
<arg>${json_data['results'][0]['picture']['large']}</arg>
<arg>^https?://.*\.(?:png|jpe?g|gif|bmp)$</arg>
<doc>Fails if ``string`` does not match ``pattern`` as a regular expression.</doc>
<status status="PASS" start="2024-04-10T11:14:20.227432" elapsed="0.000455"/>
</kw>
<kw name="Should Match Regexp" owner="BuiltIn">
<arg>${json_data['results'][0]['picture']['medium']}</arg>
<arg>^https?://.*\.(?:png|jpe?g|gif|bmp)$</arg>
<doc>Fails if ``string`` does not match ``pattern`` as a regular expression.</doc>
<status status="PASS" start="2024-04-10T11:14:20.228074" elapsed="0.000355"/>
</kw>
<kw name="Should Match Regexp" owner="BuiltIn">
<arg>${json_data['results'][0]['picture']['thumbnail']}</arg>
<arg>^https?://.*\.(?:png|jpe?g|gif|bmp)$</arg>
<doc>Fails if ``string`` does not match ``pattern`` as a regular expression.</doc>
<status status="PASS" start="2024-04-10T11:14:20.228614" elapsed="0.000357"/>
</kw>
<kw name="Log" owner="BuiltIn">
<msg time="2024-04-10T11:14:20.229472" level="INFO">{'large': 'https://randomuser.me/api/portraits/women/87.jpg', 'medium': 'https://randomuser.me/api/portraits/med/women/87.jpg', 'thumbnail': 'https://randomuser.me/api/portraits/thumb/women/87.jpg'}</msg>
<arg>${json_data['results'][0]['picture']}</arg>
<doc>Logs the given message with the given level.</doc>
<status status="PASS" start="2024-04-10T11:14:20.229151" elapsed="0.000362"/>
</kw>
<status status="PASS" start="2024-04-10T11:14:20.126675" elapsed="0.103090"/>
</kw>
<kw name="Teste de Tipos de Dados - Postcode" owner="random-user-service">
<kw name="GET On Session" owner="RequestsLibrary">
<msg time="2024-04-10T11:14:20.354401" level="INFO">GET Request : url=https://randomuser.me/api 
 path_url=/api 
 headers={'User-Agent': 'python-requests/2.31.0', 'Accept-Encoding': 'gzip, deflate', 'Accept': '*/*', 'Connection': 'keep-alive'} 
 body=None 
 </msg>
<msg time="2024-04-10T11:14:20.354490" level="INFO">GET Response : url=https://randomuser.me/api 
 status=200, reason=OK 
 headers={'Date': 'Wed, 10 Apr 2024 11:14:20 GMT', 'Content-Type': 'application/json; charset=utf-8', 'Transfer-Encoding': 'chunked', 'Connection': 'keep-alive', 'X-Powered-By': 'Express', 'Access-Control-Allow-Origin': '*', 'Cache-Control': 'no-cache', 'ETag': 'W/"493-P9gAXhFdQTHBGq46i8XNpWr7T5k"', 'Vary': 'Accept-Encoding', 'Content-Encoding': 'gzip', 'CF-Cache-Status': 'DYNAMIC', 'Report-To': '{"endpoints":[{"url":"https:\\/\\/a.nel.cloudflare.com\\/report\\/v4?s=y0HtlwMfHQM0jUbS5937rj7iYQwzBuAK%2BPPDurd6Z8MlQZ%2BiKoWrTzKiAw%2BGfXaNjIBpJBYb6xqYcTiQkGbnxvstl4Qbf4mz%2BosI9gncdQYV431a2okaCUM1bEJNv9PS"}],"group":"cf-nel","max_age":604800}', 'NEL': '{"success_fraction":0,"report_to":"cf-nel","max_age":604800}', 'Server': 'cloudflare', 'CF-RAY': '8722500c7ccf2f02-LAX', 'alt-svc': 'h3=":443"; ma=86400'} 
 body={"results":[{"gender":"male","name":{"title":"Mr","first":"Vistan","last":"Tockiy"},"location":{"street":{"number":4218,"name":"Sviencickogo"},"city":"Vilnogirsk","state":"Kirovogradska","country":"Ukraine","postcode":27605,"coordinates":{"latitude":"79.1335","longitude":"-142.1072"},"timezone":{"offset":"+8:00","description":"Beijing, Perth, Singapore, Hong Kong"}},"email":"vistan.tockiy@example.com","login":{"uuid":"2dd6c273-ef17-4b7b-9516-9d4286857d63","username":"beautifulgorilla622","password":"freedom","salt":"30hBUBSZ","md5":"6c4cae04b42bb58140e3c6823e0a9e05","sha1":"33cc96c661524433625f368c5f068fd5c67bf1ea","sha256":"7ef0445e7b5a20bd93eab4fe7060056dce74beb15744917e72c0a7ffde9b8899"},"dob":{"date":"1992-03-25T06:47:33.710Z","age":32},"registered":{"date":"2008-06-26T12:07:31.522Z","age":15},"phone":"(096) L53-4832","cell":"(097) V62-8837","id":{"name":"","value":null},"picture":{"large":"https://randomuser.me/api/portraits/men/15.jpg","medium":"https://randomuser.me/api/portraits/med/men/15.jpg","thumbnail":"https://randomuser.me/api/portraits/thumb/men/15.jpg"},"nat":"UA"}],"info":{"seed":"59a2647fd7b56256","results":1,"page":1,"version":"1.4"}} 
 </msg>
<msg time="2024-04-10T11:14:20.354570" level="INFO">/opt/hostedtoolcache/Python/3.12.2/x64/lib/python3.12/site-packages/urllib3/connectionpool.py:1103: InsecureRequestWarning: Unverified HTTPS request is being made to host 'randomuser.me'. Adding certificate verification is strongly advised. See: https://urllib3.readthedocs.io/en/latest/advanced-usage.html#tls-warnings
  warnings.warn(</msg>
<msg time="2024-04-10T11:14:20.354685" level="INFO">${response} = &lt;Response [200]&gt;</msg>
<var>${response}</var>
<arg>consultarAPI</arg>
<arg>/api</arg>
<doc>Sends a GET request on a previously created HTTP Session.</doc>
<status status="PASS" start="2024-04-10T11:14:20.230201" elapsed="0.124522"/>
</kw>
<kw name="Set Variable" owner="BuiltIn">
<msg time="2024-04-10T11:14:20.355886" level="INFO">${json_data} = {'results': [{'gender': 'male', 'name': {'title': 'Mr', 'first': 'Vistan', 'last': 'Tockiy'}, 'location': {'street': {'number': 4218, 'name': 'Sviencickogo'}, 'city': 'Vilnogirsk', 'state': 'Kirovogra...</msg>
<var>${json_data}</var>
<arg>${response.json()}</arg>
<doc>Returns the given values which can then be assigned to a variables.</doc>
<status status="PASS" start="2024-04-10T11:14:20.355327" elapsed="0.000587"/>
</kw>
<kw name="Log" owner="BuiltIn">
<msg time="2024-04-10T11:14:20.356375" level="INFO">{'results': [{'gender': 'male', 'name': {'title': 'Mr', 'first': 'Vistan', 'last': 'Tockiy'}, 'location': {'street': {'number': 4218, 'name': 'Sviencickogo'}, 'city': 'Vilnogirsk', 'state': 'Kirovogradska', 'country': 'Ukraine', 'postcode': 27605, 'coordinates': {'latitude': '79.1335', 'longitude': '-142.1072'}, 'timezone': {'offset': '+8:00', 'description': 'Beijing, Perth, Singapore, Hong Kong'}}, 'email': 'vistan.tockiy@example.com', 'login': {'uuid': '2dd6c273-ef17-4b7b-9516-9d4286857d63', 'username': 'beautifulgorilla622', 'password': 'freedom', 'salt': '30hBUBSZ', 'md5': '6c4cae04b42bb58140e3c6823e0a9e05', 'sha1': '33cc96c661524433625f368c5f068fd5c67bf1ea', 'sha256': '7ef0445e7b5a20bd93eab4fe7060056dce74beb15744917e72c0a7ffde9b8899'}, 'dob': {'date': '1992-03-25T06:47:33.710Z', 'age': 32}, 'registered': {'date': '2008-06-26T12:07:31.522Z', 'age': 15}, 'phone': '(096) L53-4832', 'cell': '(097) V62-8837', 'id': {'name': '', 'value': None}, 'picture': {'large': 'https://randomuser.me/api/portraits/men/15.jpg', 'medium': 'https://randomuser.me/api/portraits/med/men/15.jpg', 'thumbnail': 'https://randomuser.me/api/portraits/thumb/men/15.jpg'}, 'nat': 'UA'}], 'info': {'seed': '59a2647fd7b56256', 'results': 1, 'page': 1, 'version': '1.4'}}</msg>
<arg>${json_data}</arg>
<doc>Logs the given message with the given level.</doc>
<status status="PASS" start="2024-04-10T11:14:20.356218" elapsed="0.000237"/>
</kw>
<kw name="Should Be Equal As Numbers" owner="BuiltIn">
<arg>${json_data['results'][0]['location']['postcode']}</arg>
<arg>${json_data['results'][0]['location']['postcode']}</arg>
<doc>Fails if objects are unequal after converting them to real numbers.</doc>
<status status="PASS" start="2024-04-10T11:14:20.356756" elapsed="0.000628"/>
</kw>
<kw name="Log" owner="BuiltIn">
<msg time="2024-04-10T11:14:20.357910" level="INFO">27605</msg>
<arg>${json_data['results'][0]['location']['postcode']}</arg>
<doc>Logs the given message with the given level.</doc>
<status status="PASS" start="2024-04-10T11:14:20.357576" elapsed="0.000374"/>
</kw>
<status status="PASS" start="2024-04-10T11:14:20.229976" elapsed="0.128229"/>
</kw>
<doc>Testa se os tipos de dados na resposta da API estão corretos.</doc>
<tag>testeTiposDados</tag>
<status status="PASS" start="2024-04-10T11:14:20.126200" elapsed="0.232176"/>
</test>
<test id="s1-s1-t5" name="Validar conteudo" line="35">
<kw name="Teste de Tipos de Conteudo" owner="random-user-service">
<kw name="GET On Session" owner="RequestsLibrary">
<msg time="2024-04-10T11:14:20.459064" level="INFO">GET Request : url=https://randomuser.me/api 
 path_url=/api 
 headers={'User-Agent': 'python-requests/2.31.0', 'Accept-Encoding': 'gzip, deflate', 'Accept': '*/*', 'Connection': 'keep-alive'} 
 body=None 
 </msg>
<msg time="2024-04-10T11:14:20.459205" level="INFO">GET Response : url=https://randomuser.me/api 
 status=200, reason=OK 
 headers={'Date': 'Wed, 10 Apr 2024 11:14:20 GMT', 'Content-Type': 'application/json; charset=utf-8', 'Transfer-Encoding': 'chunked', 'Connection': 'keep-alive', 'X-Powered-By': 'Express', 'Access-Control-Allow-Origin': '*', 'Cache-Control': 'no-cache', 'ETag': 'W/"470-AchkMMNvCb5u6BiJTwCXqk6a9hE"', 'Vary': 'Accept-Encoding', 'Content-Encoding': 'gzip', 'CF-Cache-Status': 'DYNAMIC', 'Report-To': '{"endpoints":[{"url":"https:\\/\\/a.nel.cloudflare.com\\/report\\/v4?s=KAIRKeivngKAsPivhoYHcf564KZX5%2FpW2ekceBTkI7s9fxKCX5KCQyWcoAZA%2Bmgt%2FhD1hw84MGbtzzT6px5aSxEomcQ7WOi95ODUxYMI40OJ5zuqssIu3xSa1yn1WJLU"}],"group":"cf-nel","max_age":604800}', 'NEL': '{"success_fraction":0,"report_to":"cf-nel","max_age":604800}', 'Server': 'cloudflare', 'CF-RAY': '8722500d4d722f02-LAX', 'alt-svc': 'h3=":443"; ma=86400'} 
 body={"results":[{"gender":"male","name":{"title":"Mr","first":"Liam","last":"Bergeron"},"location":{"street":{"number":3346,"name":"22nd Ave"},"city":"Odessa","state":"Nova Scotia","country":"Canada","postcode":"Q9Y 1H8","coordinates":{"latitude":"-71.1296","longitude":"-86.2401"},"timezone":{"offset":"+5:45","description":"Kathmandu"}},"email":"liam.bergeron@example.com","login":{"uuid":"81b50a82-4a2a-4dcb-a686-b45d8ec76f66","username":"lazygorilla759","password":"happy","salt":"tPlQ2XU3","md5":"f87506a757b4de43193122ecb69929f3","sha1":"25a52d4efdd3f2dd005214b958239018c3875ff5","sha256":"d72ddc700af5733e9e74373d208e9e36d898ac412c17f6284d528186b22fe186"},"dob":{"date":"1959-05-04T05:21:53.608Z","age":64},"registered":{"date":"2009-07-11T15:11:58.377Z","age":14},"phone":"N88 M49-4417","cell":"A98 E20-9487","id":{"name":"SIN","value":"515299360"},"picture":{"large":"https://randomuser.me/api/portraits/men/87.jpg","medium":"https://randomuser.me/api/portraits/med/men/87.jpg","thumbnail":"https://randomuser.me/api/portraits/thumb/men/87.jpg"},"nat":"CA"}],"info":{"seed":"633984237e467727","results":1,"page":1,"version":"1.4"}} 
 </msg>
<msg time="2024-04-10T11:14:20.459289" level="INFO">/opt/hostedtoolcache/Python/3.12.2/x64/lib/python3.12/site-packages/urllib3/connectionpool.py:1103: InsecureRequestWarning: Unverified HTTPS request is being made to host 'randomuser.me'. Adding certificate verification is strongly advised. See: https://urllib3.readthedocs.io/en/latest/advanced-usage.html#tls-warnings
  warnings.warn(</msg>
<msg time="2024-04-10T11:14:20.459414" level="INFO">${response} = &lt;Response [200]&gt;</msg>
<var>${response}</var>
<arg>consultarAPI</arg>
<arg>/api</arg>
<doc>Sends a GET request on a previously created HTTP Session.</doc>
<status status="PASS" start="2024-04-10T11:14:20.360933" elapsed="0.098525"/>
</kw>
<kw name="Set Variable" owner="BuiltIn">
<msg time="2024-04-10T11:14:20.460497" level="INFO">${json_data} = {'results': [{'gender': 'male', 'name': {'title': 'Mr', 'first': 'Liam', 'last': 'Bergeron'}, 'location': {'street': {'number': 3346, 'name': '22nd Ave'}, 'city': 'Odessa', 'state': 'Nova Scotia', 'co...</msg>
<var>${json_data}</var>
<arg>${response.json()}</arg>
<doc>Returns the given values which can then be assigned to a variables.</doc>
<status status="PASS" start="2024-04-10T11:14:20.459999" elapsed="0.000526"/>
</kw>
<kw name="Set Variable" owner="BuiltIn">
<msg time="2024-04-10T11:14:20.461212" level="INFO">${name_title} = Mr</msg>
<var>${name_title}</var>
<arg>${json_data["results"][0]["name"]["title"]}</arg>
<doc>Returns the given values which can then be assigned to a variables.</doc>
<status status="PASS" start="2024-04-10T11:14:20.460829" elapsed="0.000407"/>
</kw>
<kw name="Create List" owner="BuiltIn">
<msg time="2024-04-10T11:14:20.461680" level="INFO">${allowed_titles} = ['Mr', 'Ms', 'Miss', 'Mrs', 'Madame', 'Monsieur']</msg>
<var>${allowed_titles}</var>
<arg>Mr</arg>
<arg>Ms</arg>
<arg>Miss</arg>
<arg>Mrs</arg>
<arg>Madame</arg>
<arg>Monsieur</arg>
<doc>Returns a list containing given items.</doc>
<status status="PASS" start="2024-04-10T11:14:20.461531" elapsed="0.000173"/>
</kw>
<kw name="List Should Contain Value" owner="Collections">
<msg time="2024-04-10T11:14:20.462188" level="INFO">False</msg>
<arg>${allowed_titles}</arg>
<arg>${name_title}</arg>
<doc>Fails if the ``value`` is not found from ``list``.</doc>
<status status="PASS" start="2024-04-10T11:14:20.462015" elapsed="0.000210"/>
</kw>
<kw name="Set Variable" owner="BuiltIn">
<msg time="2024-04-10T11:14:20.462890" level="INFO">${name_country} = CA</msg>
<var>${name_country}</var>
<arg>${json_data["results"][0]["nat"]}</arg>
<doc>Returns the given values which can then be assigned to a variables.</doc>
<status status="PASS" start="2024-04-10T11:14:20.462512" elapsed="0.000403"/>
</kw>
<kw name="Create List" owner="BuiltIn">
<msg time="2024-04-10T11:14:20.463853" level="INFO">${list_country} = ['AD', 'AE', 'AF', 'AG', 'AI', 'AL', 'AM', 'AO', 'AQ', 'AR', 'AS', 'AT', 'AU', 'AW', 'AX', 'AZ', 'BA', 'BB', 'BD', 'BE', 'BF', 'BG', 'BH', 'BI', 'BJ', 'BL', 'BM', 'BN', 'BO', 'BQ', 'BR', 'BS', 'BT', '...</msg>
<var>${list_country}</var>
<arg>AD</arg>
<arg>AE</arg>
<arg>AF</arg>
<arg>AG</arg>
<arg>AI</arg>
<arg>AL</arg>
<arg>AM</arg>
<arg>AO</arg>
<arg>AQ</arg>
<arg>AR</arg>
<arg>AS</arg>
<arg>AT</arg>
<arg>AU</arg>
<arg>AW</arg>
<arg>AX</arg>
<arg>AZ</arg>
<arg>BA</arg>
<arg>BB</arg>
<arg>BD</arg>
<arg>BE</arg>
<arg>BF</arg>
<arg>BG</arg>
<arg>BH</arg>
<arg>BI</arg>
<arg>BJ</arg>
<arg>BL</arg>
<arg>BM</arg>
<arg>BN</arg>
<arg>BO</arg>
<arg>BQ</arg>
<arg>BR</arg>
<arg>BS</arg>
<arg>BT</arg>
<arg>BV</arg>
<arg>BW</arg>
<arg>BY</arg>
<arg>BZ</arg>
<arg>CA</arg>
<arg>CC</arg>
<arg>CD</arg>
<arg>CF</arg>
<arg>CG</arg>
<arg>CH</arg>
<arg>CI</arg>
<arg>CK</arg>
<arg>CL</arg>
<arg>CM</arg>
<arg>CN</arg>
<arg>CO</arg>
<arg>CR</arg>
<arg>CU</arg>
<arg>CV</arg>
<arg>CW</arg>
<arg>CX</arg>
<arg>CY</arg>
<arg>CZ</arg>
<arg>DE</arg>
<arg>DJ</arg>
<arg>DK</arg>
<arg>DM</arg>
<arg>DO</arg>
<arg>DZ</arg>
<arg>EC</arg>
<arg>EE</arg>
<arg>EG</arg>
<arg>EH</arg>
<arg>ER</arg>
<arg>ES</arg>
<arg>ET</arg>
<arg>FI</arg>
<arg>FJ</arg>
<arg>FK</arg>
<arg>FM</arg>
<arg>FO</arg>
<arg>FR</arg>
<arg>GA</arg>
<arg>GB</arg>
<arg>GD</arg>
<arg>GE</arg>
<arg>GF</arg>
<arg>GG</arg>
<arg>GH</arg>
<arg>GI</arg>
<arg>GL</arg>
<arg>GM</arg>
<arg>GN</arg>
<arg>GP</arg>
<arg>GQ</arg>
<arg>GR</arg>
<arg>GS</arg>
<arg>GT</arg>
<arg>GU</arg>
<arg>GW</arg>
<arg>GY</arg>
<arg>HK</arg>
<arg>HM</arg>
<arg>HN</arg>
<arg>HR</arg>
<arg>HT</arg>
<arg>HU</arg>
<arg>ID</arg>
<arg>IE</arg>
<arg>IL</arg>
<arg>IM</arg>
<arg>IN</arg>
<arg>IO</arg>
<arg>IQ</arg>
<arg>IR</arg>
<arg>IS</arg>
<arg>IT</arg>
<arg>JE</arg>
<arg>JM</arg>
<arg>JO</arg>
<arg>JP</arg>
<arg>KE</arg>
<arg>KG</arg>
<arg>KH</arg>
<arg>KI</arg>
<arg>KM</arg>
<arg>KN</arg>
<arg>KP</arg>
<arg>KR</arg>
<arg>KW</arg>
<arg>KY</arg>
<arg>KZ</arg>
<arg>LA</arg>
<arg>LB</arg>
<arg>LC</arg>
<arg>LI</arg>
<arg>LK</arg>
<arg>LR</arg>
<arg>LS</arg>
<arg>LT</arg>
<arg>LU</arg>
<arg>LV</arg>
<arg>LY</arg>
<arg>MA</arg>
<arg>MC</arg>
<arg>MD</arg>
<arg>ME</arg>
<arg>MF</arg>
<arg>MG</arg>
<arg>MH</arg>
<arg>MK</arg>
<arg>ML</arg>
<arg>MM</arg>
<arg>MN</arg>
<arg>MO</arg>
<arg>MP</arg>
<arg>MQ</arg>
<arg>MR</arg>
<arg>MS</arg>
<arg>MT</arg>
<arg>MU</arg>
<arg>MV</arg>
<arg>MW</arg>
<arg>MX</arg>
<arg>MY</arg>
<arg>MZ</arg>
<arg>NA</arg>
<arg>NC</arg>
<arg>NE</arg>
<arg>NF</arg>
<arg>NG</arg>
<arg>NI</arg>
<arg>NL</arg>
<arg>NO</arg>
<arg>NP</arg>
<arg>NR</arg>
<arg>NU</arg>
<arg>NZ</arg>
<arg>OM</arg>
<arg>PA</arg>
<arg>PE</arg>
<arg>PF</arg>
<arg>PG</arg>
<arg>PH</arg>
<arg>PK</arg>
<arg>PL</arg>
<arg>PM</arg>
<arg>PN</arg>
<arg>PR</arg>
<arg>PS</arg>
<arg>PT</arg>
<arg>PW</arg>
<arg>PY</arg>
<arg>QA</arg>
<arg>RE</arg>
<arg>RO</arg>
<arg>RS</arg>
<arg>RU</arg>
<arg>RW</arg>
<arg>SA</arg>
<arg>SB</arg>
<arg>SC</arg>
<arg>SD</arg>
<arg>SE</arg>
<arg>SG</arg>
<arg>SH</arg>
<arg>SI</arg>
<arg>SJ</arg>
<arg>SK</arg>
<arg>SL</arg>
<arg>SM</arg>
<arg>SN</arg>
<arg>SO</arg>
<arg>SR</arg>
<arg>SS</arg>
<arg>ST</arg>
<arg>SV</arg>
<arg>SX</arg>
<arg>SY</arg>
<arg>SZ</arg>
<arg>TC</arg>
<arg>TD</arg>
<arg>TF</arg>
<arg>TG</arg>
<arg>TH</arg>
<arg>TJ</arg>
<arg>TK</arg>
<arg>TL</arg>
<arg>TM</arg>
<arg>TN</arg>
<arg>TO</arg>
<arg>TR</arg>
<arg>TT</arg>
<arg>TV</arg>
<arg>TW</arg>
<arg>TZ</arg>
<arg>UA</arg>
<arg>UG</arg>
<arg>UM</arg>
<arg>US</arg>
<arg>UY</arg>
<arg>UZ</arg>
<arg>VA</arg>
<arg>VC</arg>
<arg>VE</arg>
<arg>VG</arg>
<arg>VI</arg>
<arg>VN</arg>
<arg>VU</arg>
<arg>WF</arg>
<arg>WS</arg>
<arg>XK</arg>
<arg>YE</arg>
<arg>YT</arg>
<arg>ZA</arg>
<arg>ZM</arg>
<arg>ZW</arg>
<doc>Returns a list containing given items.</doc>
<status status="PASS" start="2024-04-10T11:14:20.463253" elapsed="0.000625"/>
</kw>
<kw name="List Should Contain Value" owner="Collections">
<msg time="2024-04-10T11:14:20.464855" level="INFO">False</msg>
<arg>${list_country}</arg>
<arg>${name_country}</arg>
<doc>Fails if the ``value`` is not found from ``list``.</doc>
<status status="PASS" start="2024-04-10T11:14:20.464657" elapsed="0.000240"/>
</kw>
<kw name="Run Keyword If" owner="BuiltIn">
<kw name="Should Be True" owner="BuiltIn">
<arg>${True}</arg>
<doc>Fails if the given condition is not true.</doc>
<status status="PASS" start="2024-04-10T11:14:20.466103" elapsed="0.000146"/>
</kw>
<arg>${json_data["results"][0]["location"]["coordinates"]["latitude"]} &gt;= -90 and ${json_data["results"][0]["location"]["coordinates"]["latitude"]} &lt;= 90</arg>
<arg>Should Be True</arg>
<arg>${True}</arg>
<doc>Runs the given keyword with the given arguments, if ``condition`` is true.</doc>
<status status="PASS" start="2024-04-10T11:14:20.465216" elapsed="0.001162"/>
</kw>
<kw name="Run Keyword If" owner="BuiltIn">
<kw name="Should Be True" owner="BuiltIn">
<arg>${True}</arg>
<doc>Fails if the given condition is not true.</doc>
<status status="PASS" start="2024-04-10T11:14:20.467293" elapsed="0.000140"/>
</kw>
<arg>${json_data["results"][0]["location"]["coordinates"]["longitude"]} &gt;= -180 and ${json_data["results"][0]["location"]["coordinates"]["longitude"]} &lt;= 180</arg>
<arg>Should Be True</arg>
<arg>${True}</arg>
<doc>Runs the given keyword with the given arguments, if ``condition`` is true.</doc>
<status status="PASS" start="2024-04-10T11:14:20.466561" elapsed="0.000998"/>
</kw>
<status status="PASS" start="2024-04-10T11:14:20.360707" elapsed="0.106983"/>
</kw>
<doc>Testa o conteúdo específico dos campos retornados pela API.</doc>
<tag>testeConteudo</tag>
<status status="PASS" start="2024-04-10T11:14:20.360163" elapsed="0.107681"/>
</test>
<status status="PASS" start="2024-04-10T11:14:19.088479" elapsed="1.381320"/>
</suite>
<status status="PASS" start="2024-04-10T11:14:19.074854" elapsed="1.400378"/>
</suite>
<statistics>
<total>
<stat pass="5" fail="0" skip="0">All Tests</stat>
</total>
<tag>
<stat pass="1" fail="0" skip="0">testeConteudo</stat>
<stat pass="1" fail="0" skip="0">testeEstruturaResposta</stat>
<stat pass="1" fail="0" skip="0">testeRequisicaoBasica</stat>
<stat pass="1" fail="0" skip="0">testeTiposDados</stat>
</tag>
<suite>
<stat pass="5" fail="0" skip="0" id="s1" name="Tests">Tests</stat>
<stat pass="5" fail="0" skip="0" id="s1-s1" name="Random-User-Test">Tests.Random-User-Test</stat>
</suite>
</statistics>
<errors>
</errors>
</robot>
