<?xml version="1.0" encoding="UTF-8"?>
<robot generator="Robot 7.0 (Python 3.12.3 on linux)" generated="2024-04-20T01:54:36.240250" rpa="false" schemaversion="5">
<suite id="s1" name="Tests" source="/home/runner/work/DesafioQAItauRogerioJordao/DesafioQAItauRogerioJordao/RamdonUser/tests">
<suite id="s1-s1" name="Random-User-Test" source="/home/runner/work/DesafioQAItauRogerioJordao/DesafioQAItauRogerioJordao/RamdonUser/tests/random-user-test.robot">
<test id="s1-s1-t1" name="Conectar" line="13">
<kw name="Conectar API" owner="random-user-service">
<kw name="Create Session" owner="RequestsLibrary">
<msg time="2024-04-20T01:54:36.596443" level="INFO">Creating Session using : alias=consultarAPI, url=https://randomuser.me/, headers={},                     cookies={}, auth=None, timeout=None, proxies=None, verify=False,                     debug=0 </msg>
<arg>consultarAPI</arg>
<arg>${URL}</arg>
<doc>Create Session: create a HTTP session to a server</doc>
<status status="PASS" start="2024-04-20T01:54:36.596252" elapsed="0.000359"/>
</kw>
<status status="PASS" start="2024-04-20T01:54:36.595354" elapsed="0.001607"/>
</kw>
<status status="PASS" start="2024-04-20T01:54:36.594787" elapsed="0.002364"/>
</test>
<test id="s1-s1-t2" name="Validar retorno 200 e JSON Válido" line="16">
<kw name="Teste de Requisicao Basica" owner="random-user-service">
<kw name="GET On Session" owner="RequestsLibrary">
<msg time="2024-04-20T01:54:36.816679" level="INFO">GET Request : url=https://randomuser.me/api 
 path_url=/api 
 headers={'User-Agent': 'python-requests/2.31.0', 'Accept-Encoding': 'gzip, deflate', 'Accept': '*/*', 'Connection': 'keep-alive'} 
 body=None 
 </msg>
<msg time="2024-04-20T01:54:36.816834" level="INFO">GET Response : url=https://randomuser.me/api 
 status=200, reason=OK 
 headers={'Date': 'Sat, 20 Apr 2024 01:54:36 GMT', 'Content-Type': 'application/json; charset=utf-8', 'Transfer-Encoding': 'chunked', 'Connection': 'keep-alive', 'X-Powered-By': 'Express', 'Access-Control-Allow-Origin': '*', 'Cache-Control': 'no-cache', 'ETag': 'W/"4af-Vgxoa5ikegffO6tKhAujNvIxCMo"', 'Vary': 'Accept-Encoding', 'Content-Encoding': 'gzip', 'CF-Cache-Status': 'DYNAMIC', 'Report-To': '{"endpoints":[{"url":"https:\\/\\/a.nel.cloudflare.com\\/report\\/v4?s=vblFwSQlqfsGwXOujB5w2eqvDCm5PnMCYfKWtHZpxkU4Peq8DS9puCLRLW4qJcky9VKLcAauR9ZdKo2EUH3WMGPvF%2BVGy3ZsFqtLAolEeM30DuFC%2B4PhRK08heb%2FvKf%2F"}],"group":"cf-nel","max_age":604800}', 'NEL': '{"success_fraction":0,"report_to":"cf-nel","max_age":604800}', 'Server': 'cloudflare', 'CF-RAY': '877181e3faec05ac-IAD', 'alt-svc': 'h3=":443"; ma=86400'} 
 body={"results":[{"gender":"female","name":{"title":"Ms","first":"Nadia","last":"Ordóñez"},"location":{"street":{"number":9017,"name":"Privada Ecuador"},"city":"San Miguel Tecuixiapan","state":"Nayarit","country":"Mexico","postcode":53921,"coordinates":{"latitude":"25.5917","longitude":"152.6416"},"timezone":{"offset":"+5:30","description":"Bombay, Calcutta, Madras, New Delhi"}},"email":"nadia.ordonez@example.com","login":{"uuid":"babbedb8-7c39-4e9b-b329-a9b217dc86d5","username":"organicostrich607","password":"bread","salt":"WoL6KT8m","md5":"9714663d53e6c27f453c95c52400460a","sha1":"09f607399994260aac6e1d26b79e12ab1d20f270","sha256":"0017d2e9b0ba4fad00cf45aa80c7a1cc7db5c7c0749f52618af9c6c30394fde4"},"dob":{"date":"1986-07-23T18:36:16.984Z","age":37},"registered":{"date":"2005-05-21T04:55:20.085Z","age":18},"phone":"(648) 753 8313","cell":"(694) 176 4873","id":{"name":"NSS","value":"59 44 57 5115 3"},"picture":{"large":"https://randomuser.me/api/portraits/women/10.jpg","medium":"https://randomuser.me/api/portraits/med/women/10.jpg","thumbnail":"https://randomuser.me/api/portraits/thumb/women/10.jpg"},"nat":"MX"}],"info":{"seed":"aae6adbee02499d8","results":1,"page":1,"version":"1.4"}} 
 </msg>
<msg time="2024-04-20T01:54:36.816936" level="INFO">/opt/hostedtoolcache/Python/3.12.3/x64/lib/python3.12/site-packages/urllib3/connectionpool.py:1103: InsecureRequestWarning: Unverified HTTPS request is being made to host 'randomuser.me'. Adding certificate verification is strongly advised. See: https://urllib3.readthedocs.io/en/latest/advanced-usage.html#tls-warnings
  warnings.warn(</msg>
<msg time="2024-04-20T01:54:36.817116" level="INFO">${response} = &lt;Response [200]&gt;</msg>
<var>${response}</var>
<arg>consultarAPI</arg>
<arg>/api</arg>
<doc>Sends a GET request on a previously created HTTP Session.</doc>
<status status="PASS" start="2024-04-20T01:54:36.600106" elapsed="0.217064"/>
</kw>
<kw name="Should Be Equal As Numbers" owner="BuiltIn">
<msg time="2024-04-20T01:54:36.818054" level="INFO">Argument types are:
&lt;class 'int'&gt;
&lt;class 'str'&gt;</msg>
<arg>${response.status_code}</arg>
<arg>200</arg>
<doc>Fails if objects are unequal after converting them to real numbers.</doc>
<status status="PASS" start="2024-04-20T01:54:36.817627" elapsed="0.000527"/>
</kw>
<kw name="Log" owner="BuiltIn">
<msg time="2024-04-20T01:54:36.818874" level="INFO">200</msg>
<arg>${response.status_code}</arg>
<doc>Logs the given message with the given level.</doc>
<status status="PASS" start="2024-04-20T01:54:36.818517" elapsed="0.000399"/>
</kw>
<kw name="Set Variable" owner="BuiltIn">
<msg time="2024-04-20T01:54:36.819677" level="INFO">${json_data} = {'results': [{'gender': 'female', 'name': {'title': 'Ms', 'first': 'Nadia', 'last': 'Ordóñez'}, 'location': {'street': {'number': 9017, 'name': 'Privada Ecuador'}, 'city': 'San Miguel Tecuixiapan', 's...</msg>
<var>${json_data}</var>
<arg>${response.json()}</arg>
<doc>Returns the given values which can then be assigned to a variables.</doc>
<status status="PASS" start="2024-04-20T01:54:36.819225" elapsed="0.000481"/>
</kw>
<kw name="Dictionary Should Contain Key" owner="Collections">
<msg time="2024-04-20T01:54:36.820183" level="INFO">False</msg>
<arg>${json_data}</arg>
<arg>results</arg>
<doc>Fails if ``key`` is not found from ``dictionary``.</doc>
<status status="PASS" start="2024-04-20T01:54:36.820012" elapsed="0.000212"/>
</kw>
<status status="PASS" start="2024-04-20T01:54:36.599859" elapsed="0.220623"/>
</kw>
<doc>Testa se a API responde corretamente e retorna um objeto JSON válido.</doc>
<tag>testeRequisicaoBasica</tag>
<status status="PASS" start="2024-04-20T01:54:36.599352" elapsed="0.221305"/>
</test>
<test id="s1-s1-t3" name="Validar estrutura de resposta" line="22">
<kw name="Teste de Estrutura de Resposta" owner="random-user-service">
<kw name="GET On Session" owner="RequestsLibrary">
<msg time="2024-04-20T01:54:36.925554" level="INFO">GET Request : url=https://randomuser.me/api 
 path_url=/api 
 headers={'User-Agent': 'python-requests/2.31.0', 'Accept-Encoding': 'gzip, deflate', 'Accept': '*/*', 'Connection': 'keep-alive'} 
 body=None 
 </msg>
<msg time="2024-04-20T01:54:36.925621" level="INFO">GET Response : url=https://randomuser.me/api 
 status=200, reason=OK 
 headers={'Date': 'Sat, 20 Apr 2024 01:54:36 GMT', 'Content-Type': 'application/json; charset=utf-8', 'Transfer-Encoding': 'chunked', 'Connection': 'keep-alive', 'X-Powered-By': 'Express', 'Access-Control-Allow-Origin': '*', 'Cache-Control': 'no-cache', 'ETag': 'W/"494-vxpZ77fK+tmoelIfWI3Kr4LoE4w"', 'Vary': 'Accept-Encoding', 'Content-Encoding': 'gzip', 'CF-Cache-Status': 'DYNAMIC', 'Report-To': '{"endpoints":[{"url":"https:\\/\\/a.nel.cloudflare.com\\/report\\/v4?s=oAt2i5cC24MhfjE39ySj1%2BxOZkzzOO%2FHc9w30wZssyXchp1A1SK3PsaNr6DXf3OmPv7r%2BhDMdWYZ%2FcBVlsBU%2ByZSFfIsd1tVg0IL66LVWEe%2B%2FFwGpWcVtfWQeikFLgPm"}],"group":"cf-nel","max_age":604800}', 'NEL': '{"success_fraction":0,"report_to":"cf-nel","max_age":604800}', 'Server': 'cloudflare', 'CF-RAY': '877181e42b1505ac-IAD', 'alt-svc': 'h3=":443"; ma=86400'} 
 body={"results":[{"gender":"female","name":{"title":"Ms","first":"Asta","last":"Christensen"},"location":{"street":{"number":8842,"name":"Bøgevang"},"city":"Viby Sj.","state":"Nordjylland","country":"Denmark","postcode":88242,"coordinates":{"latitude":"-38.6318","longitude":"82.0773"},"timezone":{"offset":"+1:00","description":"Brussels, Copenhagen, Madrid, Paris"}},"email":"asta.christensen@example.com","login":{"uuid":"11f7e1f9-d9bd-42a5-bea1-57dbf0fddc76","username":"beautifulfrog547","password":"orgasms","salt":"KUZkPuR5","md5":"9986a2352ac9ea15b6b70cebd82bf100","sha1":"d2f916194c3b3b5016b0aeaac73027a7b5e0736b","sha256":"3e66ee39aead181d17552518335220f9e015b95f9d8dca58be57f40f2a81e67a"},"dob":{"date":"1992-12-20T15:31:24.056Z","age":31},"registered":{"date":"2016-09-06T04:55:53.656Z","age":7},"phone":"09887431","cell":"00364469","id":{"name":"CPR","value":"201292-7371"},"picture":{"large":"https://randomuser.me/api/portraits/women/93.jpg","medium":"https://randomuser.me/api/portraits/med/women/93.jpg","thumbnail":"https://randomuser.me/api/portraits/thumb/women/93.jpg"},"nat":"DK"}],"info":{"seed":"8fad44424434a625","results":1,"page":1,"version":"1.4"}} 
 </msg>
<msg time="2024-04-20T01:54:36.925721" level="INFO">/opt/hostedtoolcache/Python/3.12.3/x64/lib/python3.12/site-packages/urllib3/connectionpool.py:1103: InsecureRequestWarning: Unverified HTTPS request is being made to host 'randomuser.me'. Adding certificate verification is strongly advised. See: https://urllib3.readthedocs.io/en/latest/advanced-usage.html#tls-warnings
  warnings.warn(</msg>
<msg time="2024-04-20T01:54:36.925814" level="INFO">${response} = &lt;Response [200]&gt;</msg>
<var>${response}</var>
<arg>consultarAPI</arg>
<arg>/api</arg>
<doc>Sends a GET request on a previously created HTTP Session.</doc>
<status status="PASS" start="2024-04-20T01:54:36.823340" elapsed="0.102500"/>
</kw>
<kw name="Set Variable" owner="BuiltIn">
<msg time="2024-04-20T01:54:36.926789" level="INFO">${json_data} = {'results': [{'gender': 'female', 'name': {'title': 'Ms', 'first': 'Asta', 'last': 'Christensen'}, 'location': {'street': {'number': 8842, 'name': 'Bøgevang'}, 'city': 'Viby Sj.', 'state': 'Nordjyllan...</msg>
<var>${json_data}</var>
<arg>${response.json()}</arg>
<doc>Returns the given values which can then be assigned to a variables.</doc>
<status status="PASS" start="2024-04-20T01:54:36.926318" elapsed="0.000500"/>
</kw>
<kw name="Log" owner="BuiltIn">
<msg time="2024-04-20T01:54:36.927280" level="INFO">{'results': [{'gender': 'female', 'name': {'title': 'Ms', 'first': 'Asta', 'last': 'Christensen'}, 'location': {'street': {'number': 8842, 'name': 'Bøgevang'}, 'city': 'Viby Sj.', 'state': 'Nordjylland', 'country': 'Denmark', 'postcode': 88242, 'coordinates': {'latitude': '-38.6318', 'longitude': '82.0773'}, 'timezone': {'offset': '+1:00', 'description': 'Brussels, Copenhagen, Madrid, Paris'}}, 'email': 'asta.christensen@example.com', 'login': {'uuid': '11f7e1f9-d9bd-42a5-bea1-57dbf0fddc76', 'username': 'beautifulfrog547', 'password': 'orgasms', 'salt': 'KUZkPuR5', 'md5': '9986a2352ac9ea15b6b70cebd82bf100', 'sha1': 'd2f916194c3b3b5016b0aeaac73027a7b5e0736b', 'sha256': '3e66ee39aead181d17552518335220f9e015b95f9d8dca58be57f40f2a81e67a'}, 'dob': {'date': '1992-12-20T15:31:24.056Z', 'age': 31}, 'registered': {'date': '2016-09-06T04:55:53.656Z', 'age': 7}, 'phone': '09887431', 'cell': '00364469', 'id': {'name': 'CPR', 'value': '201292-7371'}, 'picture': {'large': 'https://randomuser.me/api/portraits/women/93.jpg', 'medium': 'https://randomuser.me/api/portraits/med/women/93.jpg', 'thumbnail': 'https://randomuser.me/api/portraits/thumb/women/93.jpg'}, 'nat': 'DK'}], 'info': {'seed': '8fad44424434a625', 'results': 1, 'page': 1, 'version': '1.4'}}</msg>
<arg>${json_data}</arg>
<doc>Logs the given message with the given level.</doc>
<status status="PASS" start="2024-04-20T01:54:36.927123" elapsed="0.000205"/>
</kw>
<kw name="Dictionary Should Contain Key" owner="Collections">
<msg time="2024-04-20T01:54:36.927777" level="INFO">False</msg>
<arg>${json_data}</arg>
<arg>results</arg>
<doc>Fails if ``key`` is not found from ``dictionary``.</doc>
<status status="PASS" start="2024-04-20T01:54:36.927618" elapsed="0.000198"/>
</kw>
<kw name="Should Not Be Empty" owner="BuiltIn">
<msg time="2024-04-20T01:54:36.928243" level="INFO">Length is 2.</msg>
<arg>${json_data}</arg>
<doc>Verifies that the given item is not empty.</doc>
<status status="PASS" start="2024-04-20T01:54:36.928114" elapsed="0.000293"/>
</kw>
<kw name="Create List" owner="BuiltIn">
<msg time="2024-04-20T01:54:36.928844" level="INFO">${expected_keys} = ['gender', 'name', 'location', 'email', 'login']</msg>
<var>${expected_keys}</var>
<arg>gender</arg>
<arg>name</arg>
<arg>location</arg>
<arg>email</arg>
<arg>login</arg>
<doc>Returns a list containing given items.</doc>
<status status="PASS" start="2024-04-20T01:54:36.928699" elapsed="0.000169"/>
</kw>
<for flavor="IN">
<iter>
<kw name="Dictionary Should Contain Key" owner="Collections">
<msg time="2024-04-20T01:54:36.929822" level="INFO">False</msg>
<arg>${json_data['results'][0]}</arg>
<arg>${key}</arg>
<doc>Fails if ``key`` is not found from ``dictionary``.</doc>
<status status="PASS" start="2024-04-20T01:54:36.929431" elapsed="0.000429"/>
</kw>
<kw name="Log" owner="BuiltIn">
<msg time="2024-04-20T01:54:36.930557" level="INFO">{'gender': 'female', 'name': {'title': 'Ms', 'first': 'Asta', 'last': 'Christensen'}, 'location': {'street': {'number': 8842, 'name': 'Bøgevang'}, 'city': 'Viby Sj.', 'state': 'Nordjylland', 'country': 'Denmark', 'postcode': 88242, 'coordinates': {'latitude': '-38.6318', 'longitude': '82.0773'}, 'timezone': {'offset': '+1:00', 'description': 'Brussels, Copenhagen, Madrid, Paris'}}, 'email': 'asta.christensen@example.com', 'login': {'uuid': '11f7e1f9-d9bd-42a5-bea1-57dbf0fddc76', 'username': 'beautifulfrog547', 'password': 'orgasms', 'salt': 'KUZkPuR5', 'md5': '9986a2352ac9ea15b6b70cebd82bf100', 'sha1': 'd2f916194c3b3b5016b0aeaac73027a7b5e0736b', 'sha256': '3e66ee39aead181d17552518335220f9e015b95f9d8dca58be57f40f2a81e67a'}, 'dob': {'date': '1992-12-20T15:31:24.056Z', 'age': 31}, 'registered': {'date': '2016-09-06T04:55:53.656Z', 'age': 7}, 'phone': '09887431', 'cell': '00364469', 'id': {'name': 'CPR', 'value': '201292-7371'}, 'picture': {'large': 'https://randomuser.me/api/portraits/women/93.jpg', 'medium': 'https://randomuser.me/api/portraits/med/women/93.jpg', 'thumbnail': 'https://randomuser.me/api/portraits/thumb/women/93.jpg'}, 'nat': 'DK'}</msg>
<arg>${json_data['results'][0]}</arg>
<doc>Logs the given message with the given level.</doc>
<status status="PASS" start="2024-04-20T01:54:36.930184" elapsed="0.000422"/>
</kw>
<kw name="Log" owner="BuiltIn">
<msg time="2024-04-20T01:54:36.931035" level="INFO">gender</msg>
<arg>${key}</arg>
<doc>Logs the given message with the given level.</doc>
<status status="PASS" start="2024-04-20T01:54:36.930908" elapsed="0.000164"/>
</kw>
<var name="${key}">gender</var>
<status status="PASS" start="2024-04-20T01:54:36.929306" elapsed="0.001977"/>
</iter>
<iter>
<kw name="Dictionary Should Contain Key" owner="Collections">
<msg time="2024-04-20T01:54:36.931965" level="INFO">False</msg>
<arg>${json_data['results'][0]}</arg>
<arg>${key}</arg>
<doc>Fails if ``key`` is not found from ``dictionary``.</doc>
<status status="PASS" start="2024-04-20T01:54:36.931581" elapsed="0.000421"/>
</kw>
<kw name="Log" owner="BuiltIn">
<msg time="2024-04-20T01:54:36.932696" level="INFO">{'gender': 'female', 'name': {'title': 'Ms', 'first': 'Asta', 'last': 'Christensen'}, 'location': {'street': {'number': 8842, 'name': 'Bøgevang'}, 'city': 'Viby Sj.', 'state': 'Nordjylland', 'country': 'Denmark', 'postcode': 88242, 'coordinates': {'latitude': '-38.6318', 'longitude': '82.0773'}, 'timezone': {'offset': '+1:00', 'description': 'Brussels, Copenhagen, Madrid, Paris'}}, 'email': 'asta.christensen@example.com', 'login': {'uuid': '11f7e1f9-d9bd-42a5-bea1-57dbf0fddc76', 'username': 'beautifulfrog547', 'password': 'orgasms', 'salt': 'KUZkPuR5', 'md5': '9986a2352ac9ea15b6b70cebd82bf100', 'sha1': 'd2f916194c3b3b5016b0aeaac73027a7b5e0736b', 'sha256': '3e66ee39aead181d17552518335220f9e015b95f9d8dca58be57f40f2a81e67a'}, 'dob': {'date': '1992-12-20T15:31:24.056Z', 'age': 31}, 'registered': {'date': '2016-09-06T04:55:53.656Z', 'age': 7}, 'phone': '09887431', 'cell': '00364469', 'id': {'name': 'CPR', 'value': '201292-7371'}, 'picture': {'large': 'https://randomuser.me/api/portraits/women/93.jpg', 'medium': 'https://randomuser.me/api/portraits/med/women/93.jpg', 'thumbnail': 'https://randomuser.me/api/portraits/thumb/women/93.jpg'}, 'nat': 'DK'}</msg>
<arg>${json_data['results'][0]}</arg>
<doc>Logs the given message with the given level.</doc>
<status status="PASS" start="2024-04-20T01:54:36.932332" elapsed="0.000413"/>
</kw>
<kw name="Log" owner="BuiltIn">
<msg time="2024-04-20T01:54:36.933173" level="INFO">name</msg>
<arg>${key}</arg>
<doc>Logs the given message with the given level.</doc>
<status status="PASS" start="2024-04-20T01:54:36.933046" elapsed="0.000165"/>
</kw>
<var name="${key}">name</var>
<status status="PASS" start="2024-04-20T01:54:36.931466" elapsed="0.001956"/>
</iter>
<iter>
<kw name="Dictionary Should Contain Key" owner="Collections">
<msg time="2024-04-20T01:54:36.934113" level="INFO">False</msg>
<arg>${json_data['results'][0]}</arg>
<arg>${key}</arg>
<doc>Fails if ``key`` is not found from ``dictionary``.</doc>
<status status="PASS" start="2024-04-20T01:54:36.933710" elapsed="0.000442"/>
</kw>
<kw name="Log" owner="BuiltIn">
<msg time="2024-04-20T01:54:36.934819" level="INFO">{'gender': 'female', 'name': {'title': 'Ms', 'first': 'Asta', 'last': 'Christensen'}, 'location': {'street': {'number': 8842, 'name': 'Bøgevang'}, 'city': 'Viby Sj.', 'state': 'Nordjylland', 'country': 'Denmark', 'postcode': 88242, 'coordinates': {'latitude': '-38.6318', 'longitude': '82.0773'}, 'timezone': {'offset': '+1:00', 'description': 'Brussels, Copenhagen, Madrid, Paris'}}, 'email': 'asta.christensen@example.com', 'login': {'uuid': '11f7e1f9-d9bd-42a5-bea1-57dbf0fddc76', 'username': 'beautifulfrog547', 'password': 'orgasms', 'salt': 'KUZkPuR5', 'md5': '9986a2352ac9ea15b6b70cebd82bf100', 'sha1': 'd2f916194c3b3b5016b0aeaac73027a7b5e0736b', 'sha256': '3e66ee39aead181d17552518335220f9e015b95f9d8dca58be57f40f2a81e67a'}, 'dob': {'date': '1992-12-20T15:31:24.056Z', 'age': 31}, 'registered': {'date': '2016-09-06T04:55:53.656Z', 'age': 7}, 'phone': '09887431', 'cell': '00364469', 'id': {'name': 'CPR', 'value': '201292-7371'}, 'picture': {'large': 'https://randomuser.me/api/portraits/women/93.jpg', 'medium': 'https://randomuser.me/api/portraits/med/women/93.jpg', 'thumbnail': 'https://randomuser.me/api/portraits/thumb/women/93.jpg'}, 'nat': 'DK'}</msg>
<arg>${json_data['results'][0]}</arg>
<doc>Logs the given message with the given level.</doc>
<status status="PASS" start="2024-04-20T01:54:36.934457" elapsed="0.000410"/>
</kw>
<kw name="Log" owner="BuiltIn">
<msg time="2024-04-20T01:54:36.935287" level="INFO">location</msg>
<arg>${key}</arg>
<doc>Logs the given message with the given level.</doc>
<status status="PASS" start="2024-04-20T01:54:36.935161" elapsed="0.000163"/>
</kw>
<var name="${key}">location</var>
<status status="PASS" start="2024-04-20T01:54:36.933598" elapsed="0.001939"/>
</iter>
<iter>
<kw name="Dictionary Should Contain Key" owner="Collections">
<msg time="2024-04-20T01:54:36.936203" level="INFO">False</msg>
<arg>${json_data['results'][0]}</arg>
<arg>${key}</arg>
<doc>Fails if ``key`` is not found from ``dictionary``.</doc>
<status status="PASS" start="2024-04-20T01:54:36.935819" elapsed="0.000420"/>
</kw>
<kw name="Log" owner="BuiltIn">
<msg time="2024-04-20T01:54:36.936905" level="INFO">{'gender': 'female', 'name': {'title': 'Ms', 'first': 'Asta', 'last': 'Christensen'}, 'location': {'street': {'number': 8842, 'name': 'Bøgevang'}, 'city': 'Viby Sj.', 'state': 'Nordjylland', 'country': 'Denmark', 'postcode': 88242, 'coordinates': {'latitude': '-38.6318', 'longitude': '82.0773'}, 'timezone': {'offset': '+1:00', 'description': 'Brussels, Copenhagen, Madrid, Paris'}}, 'email': 'asta.christensen@example.com', 'login': {'uuid': '11f7e1f9-d9bd-42a5-bea1-57dbf0fddc76', 'username': 'beautifulfrog547', 'password': 'orgasms', 'salt': 'KUZkPuR5', 'md5': '9986a2352ac9ea15b6b70cebd82bf100', 'sha1': 'd2f916194c3b3b5016b0aeaac73027a7b5e0736b', 'sha256': '3e66ee39aead181d17552518335220f9e015b95f9d8dca58be57f40f2a81e67a'}, 'dob': {'date': '1992-12-20T15:31:24.056Z', 'age': 31}, 'registered': {'date': '2016-09-06T04:55:53.656Z', 'age': 7}, 'phone': '09887431', 'cell': '00364469', 'id': {'name': 'CPR', 'value': '201292-7371'}, 'picture': {'large': 'https://randomuser.me/api/portraits/women/93.jpg', 'medium': 'https://randomuser.me/api/portraits/med/women/93.jpg', 'thumbnail': 'https://randomuser.me/api/portraits/thumb/women/93.jpg'}, 'nat': 'DK'}</msg>
<arg>${json_data['results'][0]}</arg>
<doc>Logs the given message with the given level.</doc>
<status status="PASS" start="2024-04-20T01:54:36.936535" elapsed="0.000420"/>
</kw>
<kw name="Log" owner="BuiltIn">
<msg time="2024-04-20T01:54:36.937401" level="INFO">email</msg>
<arg>${key}</arg>
<doc>Logs the given message with the given level.</doc>
<status status="PASS" start="2024-04-20T01:54:36.937250" elapsed="0.000190"/>
</kw>
<var name="${key}">email</var>
<status status="PASS" start="2024-04-20T01:54:36.935709" elapsed="0.001948"/>
</iter>
<iter>
<kw name="Dictionary Should Contain Key" owner="Collections">
<msg time="2024-04-20T01:54:36.938367" level="INFO">False</msg>
<arg>${json_data['results'][0]}</arg>
<arg>${key}</arg>
<doc>Fails if ``key`` is not found from ``dictionary``.</doc>
<status status="PASS" start="2024-04-20T01:54:36.937938" elapsed="0.000483"/>
</kw>
<kw name="Log" owner="BuiltIn">
<msg time="2024-04-20T01:54:36.939090" level="INFO">{'gender': 'female', 'name': {'title': 'Ms', 'first': 'Asta', 'last': 'Christensen'}, 'location': {'street': {'number': 8842, 'name': 'Bøgevang'}, 'city': 'Viby Sj.', 'state': 'Nordjylland', 'country': 'Denmark', 'postcode': 88242, 'coordinates': {'latitude': '-38.6318', 'longitude': '82.0773'}, 'timezone': {'offset': '+1:00', 'description': 'Brussels, Copenhagen, Madrid, Paris'}}, 'email': 'asta.christensen@example.com', 'login': {'uuid': '11f7e1f9-d9bd-42a5-bea1-57dbf0fddc76', 'username': 'beautifulfrog547', 'password': 'orgasms', 'salt': 'KUZkPuR5', 'md5': '9986a2352ac9ea15b6b70cebd82bf100', 'sha1': 'd2f916194c3b3b5016b0aeaac73027a7b5e0736b', 'sha256': '3e66ee39aead181d17552518335220f9e015b95f9d8dca58be57f40f2a81e67a'}, 'dob': {'date': '1992-12-20T15:31:24.056Z', 'age': 31}, 'registered': {'date': '2016-09-06T04:55:53.656Z', 'age': 7}, 'phone': '09887431', 'cell': '00364469', 'id': {'name': 'CPR', 'value': '201292-7371'}, 'picture': {'large': 'https://randomuser.me/api/portraits/women/93.jpg', 'medium': 'https://randomuser.me/api/portraits/med/women/93.jpg', 'thumbnail': 'https://randomuser.me/api/portraits/thumb/women/93.jpg'}, 'nat': 'DK'}</msg>
<arg>${json_data['results'][0]}</arg>
<doc>Logs the given message with the given level.</doc>
<status status="PASS" start="2024-04-20T01:54:36.938727" elapsed="0.000412"/>
</kw>
<kw name="Log" owner="BuiltIn">
<msg time="2024-04-20T01:54:36.939561" level="INFO">login</msg>
<arg>${key}</arg>
<doc>Logs the given message with the given level.</doc>
<status status="PASS" start="2024-04-20T01:54:36.939434" elapsed="0.000166"/>
</kw>
<var name="${key}">login</var>
<status status="PASS" start="2024-04-20T01:54:36.937828" elapsed="0.002013"/>
</iter>
<var>${key}</var>
<value>@{expected_keys}</value>
<status status="PASS" start="2024-04-20T01:54:36.929120" elapsed="0.010847"/>
</for>
<kw name="Create List" owner="BuiltIn">
<msg time="2024-04-20T01:54:36.940296" level="INFO">${expected_keysTwo} = ['username', 'password']</msg>
<var>${expected_keysTwo}</var>
<arg>username</arg>
<arg>password</arg>
<doc>Returns a list containing given items.</doc>
<status status="PASS" start="2024-04-20T01:54:36.940161" elapsed="0.000158"/>
</kw>
<for flavor="IN">
<iter>
<kw name="Dictionary Should Contain Key" owner="Collections">
<msg time="2024-04-20T01:54:36.941205" level="INFO">False</msg>
<arg>${json_data['results'][0]['login']}</arg>
<arg>${keyTwo}</arg>
<doc>Fails if ``key`` is not found from ``dictionary``.</doc>
<status status="PASS" start="2024-04-20T01:54:36.940815" elapsed="0.000427"/>
</kw>
<kw name="Dictionary Should Contain Key" owner="Collections">
<msg time="2024-04-20T01:54:36.941910" level="INFO">False</msg>
<arg>${json_data['results'][0]['login']}</arg>
<arg>${keyTwo}</arg>
<doc>Fails if ``key`` is not found from ``dictionary``.</doc>
<status status="PASS" start="2024-04-20T01:54:36.941531" elapsed="0.000415"/>
</kw>
<kw name="Log" owner="BuiltIn">
<msg time="2024-04-20T01:54:36.942394" level="INFO">username</msg>
<arg>${keyTwo}</arg>
<doc>Logs the given message with the given level.</doc>
<status status="PASS" start="2024-04-20T01:54:36.942266" elapsed="0.000170"/>
</kw>
<var name="${keyTwo}">username</var>
<status status="PASS" start="2024-04-20T01:54:36.940705" elapsed="0.001955"/>
</iter>
<iter>
<kw name="Dictionary Should Contain Key" owner="Collections">
<msg time="2024-04-20T01:54:36.943415" level="INFO">False</msg>
<arg>${json_data['results'][0]['login']}</arg>
<arg>${keyTwo}</arg>
<doc>Fails if ``key`` is not found from ``dictionary``.</doc>
<status status="PASS" start="2024-04-20T01:54:36.942940" elapsed="0.000521"/>
</kw>
<kw name="Dictionary Should Contain Key" owner="Collections">
<msg time="2024-04-20T01:54:36.944164" level="INFO">False</msg>
<arg>${json_data['results'][0]['login']}</arg>
<arg>${keyTwo}</arg>
<doc>Fails if ``key`` is not found from ``dictionary``.</doc>
<status status="PASS" start="2024-04-20T01:54:36.943757" elapsed="0.000445"/>
</kw>
<kw name="Log" owner="BuiltIn">
<msg time="2024-04-20T01:54:36.944629" level="INFO">password</msg>
<arg>${keyTwo}</arg>
<doc>Logs the given message with the given level.</doc>
<status status="PASS" start="2024-04-20T01:54:36.944500" elapsed="0.000167"/>
</kw>
<var name="${keyTwo}">password</var>
<status status="PASS" start="2024-04-20T01:54:36.942831" elapsed="0.002048"/>
</iter>
<var>${keyTwo}</var>
<value>@{expected_keysTwo}</value>
<status status="PASS" start="2024-04-20T01:54:36.940553" elapsed="0.004446"/>
</for>
<status status="PASS" start="2024-04-20T01:54:36.823107" elapsed="0.122027"/>
</kw>
<doc>Testa a estrutura da resposta da API.</doc>
<tag>testeEstruturaResposta</tag>
<status status="PASS" start="2024-04-20T01:54:36.822525" elapsed="0.122756"/>
</test>
<test id="s1-s1-t4" name="Validar tipos de dados" line="28">
<kw name="Teste de Tipos de Dados" owner="random-user-service">
<kw name="GET On Session" owner="RequestsLibrary">
<msg time="2024-04-20T01:54:37.022725" level="INFO">GET Request : url=https://randomuser.me/api 
 path_url=/api 
 headers={'User-Agent': 'python-requests/2.31.0', 'Accept-Encoding': 'gzip, deflate', 'Accept': '*/*', 'Connection': 'keep-alive'} 
 body=None 
 </msg>
<msg time="2024-04-20T01:54:37.022790" level="INFO">GET Response : url=https://randomuser.me/api 
 status=200, reason=OK 
 headers={'Date': 'Sat, 20 Apr 2024 01:54:37 GMT', 'Content-Type': 'application/json; charset=utf-8', 'Transfer-Encoding': 'chunked', 'Connection': 'keep-alive', 'X-Powered-By': 'Express', 'Access-Control-Allow-Origin': '*', 'Cache-Control': 'no-cache', 'ETag': 'W/"485-gVK4nvSZlwQA8giBAk2gSE0v4Vc"', 'Vary': 'Accept-Encoding', 'Content-Encoding': 'gzip', 'CF-Cache-Status': 'DYNAMIC', 'Report-To': '{"endpoints":[{"url":"https:\\/\\/a.nel.cloudflare.com\\/report\\/v4?s=TGbDKwQ0xpeTl6Br0QdEKmvkxOeXwud3iTsmDpEIQyofPBIvdudSAqPz6PUOtIPHPVw7WQu980sv1fZLYaNW7T6%2FW0ONjPKYWRuHmZIu%2BinTr4frYhIY60pjiq7lLlcL"}],"group":"cf-nel","max_age":604800}', 'NEL': '{"success_fraction":0,"report_to":"cf-nel","max_age":604800}', 'Server': 'cloudflare', 'CF-RAY': '877181e4ebae05ac-IAD', 'alt-svc': 'h3=":443"; ma=86400'} 
 body={"results":[{"gender":"male","name":{"title":"Mr","first":"Alexandre","last":"Meyer"},"location":{"street":{"number":7536,"name":"Place de L'Église"},"city":"Versailles","state":"Lozère","country":"France","postcode":41292,"coordinates":{"latitude":"-20.6735","longitude":"-57.1868"},"timezone":{"offset":"+3:30","description":"Tehran"}},"email":"alexandre.meyer@example.com","login":{"uuid":"0b9c3f95-f643-4500-8d67-a7aa227ce806","username":"happyladybug688","password":"smelly","salt":"8Asmvaaq","md5":"5a643346147985fdd163d140d0ada45c","sha1":"4fec3c12bc3daa222a429a653c7b24c9837d4ae5","sha256":"3febf2bd3311fdb9cc732b4baa5a1a8ce0ea79d35fa966502b9808cee1a08bc8"},"dob":{"date":"1969-09-05T14:49:29.521Z","age":54},"registered":{"date":"2015-03-24T21:11:00.090Z","age":9},"phone":"01-14-79-50-45","cell":"06-12-39-08-57","id":{"name":"INSEE","value":"1690854898319 87"},"picture":{"large":"https://randomuser.me/api/portraits/men/63.jpg","medium":"https://randomuser.me/api/portraits/med/men/63.jpg","thumbnail":"https://randomuser.me/api/portraits/thumb/men/63.jpg"},"nat":"FR"}],"info":{"seed":"d9148c4c7d4e29cd","results":1,"page":1,"version":"1.4"}} 
 </msg>
<msg time="2024-04-20T01:54:37.022846" level="INFO">/opt/hostedtoolcache/Python/3.12.3/x64/lib/python3.12/site-packages/urllib3/connectionpool.py:1103: InsecureRequestWarning: Unverified HTTPS request is being made to host 'randomuser.me'. Adding certificate verification is strongly advised. See: https://urllib3.readthedocs.io/en/latest/advanced-usage.html#tls-warnings
  warnings.warn(</msg>
<msg time="2024-04-20T01:54:37.022928" level="INFO">${response} = &lt;Response [200]&gt;</msg>
<var>${response}</var>
<arg>consultarAPI</arg>
<arg>/api</arg>
<doc>Sends a GET request on a previously created HTTP Session.</doc>
<status status="PASS" start="2024-04-20T01:54:36.947742" elapsed="0.075211"/>
</kw>
<kw name="Set Variable" owner="BuiltIn">
<msg time="2024-04-20T01:54:37.023785" level="INFO">${json_data} = {'results': [{'gender': 'male', 'name': {'title': 'Mr', 'first': 'Alexandre', 'last': 'Meyer'}, 'location': {'street': {'number': 7536, 'name': "Place de L'Église"}, 'city': 'Versailles', 'state': 'Lo...</msg>
<var>${json_data}</var>
<arg>${response.json()}</arg>
<doc>Returns the given values which can then be assigned to a variables.</doc>
<status status="PASS" start="2024-04-20T01:54:37.023332" elapsed="0.000481"/>
</kw>
<kw name="Log" owner="BuiltIn">
<msg time="2024-04-20T01:54:37.024271" level="INFO">{'results': [{'gender': 'male', 'name': {'title': 'Mr', 'first': 'Alexandre', 'last': 'Meyer'}, 'location': {'street': {'number': 7536, 'name': "Place de L'Église"}, 'city': 'Versailles', 'state': 'Lozère', 'country': 'France', 'postcode': 41292, 'coordinates': {'latitude': '-20.6735', 'longitude': '-57.1868'}, 'timezone': {'offset': '+3:30', 'description': 'Tehran'}}, 'email': 'alexandre.meyer@example.com', 'login': {'uuid': '0b9c3f95-f643-4500-8d67-a7aa227ce806', 'username': 'happyladybug688', 'password': 'smelly', 'salt': '8Asmvaaq', 'md5': '5a643346147985fdd163d140d0ada45c', 'sha1': '4fec3c12bc3daa222a429a653c7b24c9837d4ae5', 'sha256': '3febf2bd3311fdb9cc732b4baa5a1a8ce0ea79d35fa966502b9808cee1a08bc8'}, 'dob': {'date': '1969-09-05T14:49:29.521Z', 'age': 54}, 'registered': {'date': '2015-03-24T21:11:00.090Z', 'age': 9}, 'phone': '01-14-79-50-45', 'cell': '06-12-39-08-57', 'id': {'name': 'INSEE', 'value': '1690854898319 87'}, 'picture': {'large': 'https://randomuser.me/api/portraits/men/63.jpg', 'medium': 'https://randomuser.me/api/portraits/med/men/63.jpg', 'thumbnail': 'https://randomuser.me/api/portraits/thumb/men/63.jpg'}, 'nat': 'FR'}], 'info': {'seed': 'd9148c4c7d4e29cd', 'results': 1, 'page': 1, 'version': '1.4'}}</msg>
<arg>${json_data}</arg>
<doc>Logs the given message with the given level.</doc>
<status status="PASS" start="2024-04-20T01:54:37.024117" elapsed="0.000232"/>
</kw>
<kw name="Should Be String" owner="String">
<arg>${json_data['results'][0]['gender']}</arg>
<doc>Fails if the given ``item`` is not a string.</doc>
<status status="PASS" start="2024-04-20T01:54:37.024647" elapsed="0.000365"/>
</kw>
<kw name="Should Match Regexp" owner="BuiltIn">
<arg>${json_data['results'][0]['email']}</arg>
<arg>^[a-zA-Z0-9._%+-]+@[a-zA-Z0-9.-]+\.[a-zA-Z]{2,}$</arg>
<doc>Fails if ``string`` does not match ``pattern`` as a regular expression.</doc>
<status status="PASS" start="2024-04-20T01:54:37.025203" elapsed="0.000509"/>
</kw>
<kw name="Should Match Regexp" owner="BuiltIn">
<arg>${json_data['results'][0]['dob']['date']}</arg>
<arg>\\d{4}-\\d{2}-\\d{2}T\\d{2}:\\d{2}:\\d{2}\\.\\d{3}Z</arg>
<doc>Fails if ``string`` does not match ``pattern`` as a regular expression.</doc>
<status status="PASS" start="2024-04-20T01:54:37.025908" elapsed="0.000546"/>
</kw>
<kw name="Should Match Regexp" owner="BuiltIn">
<arg>${json_data['results'][0]['registered']['date']}</arg>
<arg>\\d{4}-\\d{2}-\\d{2}T\\d{2}:\\d{2}:\\d{2}\\.\\d{3}Z</arg>
<doc>Fails if ``string`` does not match ``pattern`` as a regular expression.</doc>
<status status="PASS" start="2024-04-20T01:54:37.026648" elapsed="0.000370"/>
</kw>
<kw name="Should Match Regexp" owner="BuiltIn">
<arg>${json_data['results'][0]['picture']['large']}</arg>
<arg>^https?://.*\.(?:png|jpe?g|gif|bmp)$</arg>
<doc>Fails if ``string`` does not match ``pattern`` as a regular expression.</doc>
<status status="PASS" start="2024-04-20T01:54:37.027209" elapsed="0.000461"/>
</kw>
<kw name="Should Match Regexp" owner="BuiltIn">
<arg>${json_data['results'][0]['picture']['medium']}</arg>
<arg>^https?://.*\.(?:png|jpe?g|gif|bmp)$</arg>
<doc>Fails if ``string`` does not match ``pattern`` as a regular expression.</doc>
<status status="PASS" start="2024-04-20T01:54:37.027860" elapsed="0.000368"/>
</kw>
<kw name="Should Match Regexp" owner="BuiltIn">
<arg>${json_data['results'][0]['picture']['thumbnail']}</arg>
<arg>^https?://.*\.(?:png|jpe?g|gif|bmp)$</arg>
<doc>Fails if ``string`` does not match ``pattern`` as a regular expression.</doc>
<status status="PASS" start="2024-04-20T01:54:37.028419" elapsed="0.000358"/>
</kw>
<kw name="Log" owner="BuiltIn">
<msg time="2024-04-20T01:54:37.029280" level="INFO">{'large': 'https://randomuser.me/api/portraits/men/63.jpg', 'medium': 'https://randomuser.me/api/portraits/med/men/63.jpg', 'thumbnail': 'https://randomuser.me/api/portraits/thumb/men/63.jpg'}</msg>
<arg>${json_data['results'][0]['picture']}</arg>
<doc>Logs the given message with the given level.</doc>
<status status="PASS" start="2024-04-20T01:54:37.028958" elapsed="0.000363"/>
</kw>
<status status="PASS" start="2024-04-20T01:54:36.947521" elapsed="0.082049"/>
</kw>
<kw name="Teste de Tipos de Dados - Postcode" owner="random-user-service">
<kw name="GET On Session" owner="RequestsLibrary">
<msg time="2024-04-20T01:54:37.129974" level="INFO">GET Request : url=https://randomuser.me/api 
 path_url=/api 
 headers={'User-Agent': 'python-requests/2.31.0', 'Accept-Encoding': 'gzip, deflate', 'Accept': '*/*', 'Connection': 'keep-alive'} 
 body=None 
 </msg>
<msg time="2024-04-20T01:54:37.130052" level="INFO">GET Response : url=https://randomuser.me/api 
 status=200, reason=OK 
 headers={'Date': 'Sat, 20 Apr 2024 01:54:37 GMT', 'Content-Type': 'application/json; charset=utf-8', 'Transfer-Encoding': 'chunked', 'Connection': 'keep-alive', 'X-Powered-By': 'Express', 'Access-Control-Allow-Origin': '*', 'Cache-Control': 'no-cache', 'ETag': 'W/"488-gyZdwx+AqgYUmcWBy3Hx4nUUBB4"', 'Vary': 'Accept-Encoding', 'Content-Encoding': 'gzip', 'CF-Cache-Status': 'DYNAMIC', 'Report-To': '{"endpoints":[{"url":"https:\\/\\/a.nel.cloudflare.com\\/report\\/v4?s=%2BfkvVYrC3kxYEIm6CFU5o4e92VKvE6QW3SYgcOtrY9WnmLR5mYNoGdA1lnsJB2ZhnTuWiihyCQesoXCujDs31Szs%2FoBfCdJLDCdo6Xw3yTCg66DfkvbdQz%2BSh%2BGw4NUl"}],"group":"cf-nel","max_age":604800}', 'NEL': '{"success_fraction":0,"report_to":"cf-nel","max_age":604800}', 'Server': 'cloudflare', 'CF-RAY': '877181e56c2005ac-IAD', 'alt-svc': 'h3=":443"; ma=86400'} 
 body={"results":[{"gender":"female","name":{"title":"Miss","first":"Marwa","last":"Gillebo"},"location":{"street":{"number":7740,"name":"Hjørungveien"},"city":"Ulefoss","state":"Hordaland","country":"Norway","postcode":"4645","coordinates":{"latitude":"44.4984","longitude":"2.0394"},"timezone":{"offset":"+8:00","description":"Beijing, Perth, Singapore, Hong Kong"}},"email":"marwa.gillebo@example.com","login":{"uuid":"a30dc5e6-26f4-41ac-8dda-2d81fee9d89b","username":"redcat848","password":"spread","salt":"z8sgPWIZ","md5":"8f25b578de6148d50f99a85d6e99d579","sha1":"0e86c3481e84f6bd7eaabfb5de2b78e0901d2dba","sha256":"32866ec1035650317cce8f967d96b2cccc3261e7e21a17af63ebc10b308361f0"},"dob":{"date":"1973-10-15T00:35:46.146Z","age":50},"registered":{"date":"2004-01-20T17:45:08.817Z","age":20},"phone":"89585577","cell":"41864047","id":{"name":"FN","value":"15107304662"},"picture":{"large":"https://randomuser.me/api/portraits/women/93.jpg","medium":"https://randomuser.me/api/portraits/med/women/93.jpg","thumbnail":"https://randomuser.me/api/portraits/thumb/women/93.jpg"},"nat":"NO"}],"info":{"seed":"e4d9d013b176e05c","results":1,"page":1,"version":"1.4"}} 
 </msg>
<msg time="2024-04-20T01:54:37.130139" level="INFO">/opt/hostedtoolcache/Python/3.12.3/x64/lib/python3.12/site-packages/urllib3/connectionpool.py:1103: InsecureRequestWarning: Unverified HTTPS request is being made to host 'randomuser.me'. Adding certificate verification is strongly advised. See: https://urllib3.readthedocs.io/en/latest/advanced-usage.html#tls-warnings
  warnings.warn(</msg>
<msg time="2024-04-20T01:54:37.130239" level="INFO">${response} = &lt;Response [200]&gt;</msg>
<var>${response}</var>
<arg>consultarAPI</arg>
<arg>/api</arg>
<doc>Sends a GET request on a previously created HTTP Session.</doc>
<status status="PASS" start="2024-04-20T01:54:37.030002" elapsed="0.100278"/>
</kw>
<kw name="Set Variable" owner="BuiltIn">
<msg time="2024-04-20T01:54:37.131209" level="INFO">${json_data} = {'results': [{'gender': 'female', 'name': {'title': 'Miss', 'first': 'Marwa', 'last': 'Gillebo'}, 'location': {'street': {'number': 7740, 'name': 'Hjørungveien'}, 'city': 'Ulefoss', 'state': 'Hordalan...</msg>
<var>${json_data}</var>
<arg>${response.json()}</arg>
<doc>Returns the given values which can then be assigned to a variables.</doc>
<status status="PASS" start="2024-04-20T01:54:37.130729" elapsed="0.000509"/>
</kw>
<kw name="Log" owner="BuiltIn">
<msg time="2024-04-20T01:54:37.131697" level="INFO">{'results': [{'gender': 'female', 'name': {'title': 'Miss', 'first': 'Marwa', 'last': 'Gillebo'}, 'location': {'street': {'number': 7740, 'name': 'Hjørungveien'}, 'city': 'Ulefoss', 'state': 'Hordaland', 'country': 'Norway', 'postcode': '4645', 'coordinates': {'latitude': '44.4984', 'longitude': '2.0394'}, 'timezone': {'offset': '+8:00', 'description': 'Beijing, Perth, Singapore, Hong Kong'}}, 'email': 'marwa.gillebo@example.com', 'login': {'uuid': 'a30dc5e6-26f4-41ac-8dda-2d81fee9d89b', 'username': 'redcat848', 'password': 'spread', 'salt': 'z8sgPWIZ', 'md5': '8f25b578de6148d50f99a85d6e99d579', 'sha1': '0e86c3481e84f6bd7eaabfb5de2b78e0901d2dba', 'sha256': '32866ec1035650317cce8f967d96b2cccc3261e7e21a17af63ebc10b308361f0'}, 'dob': {'date': '1973-10-15T00:35:46.146Z', 'age': 50}, 'registered': {'date': '2004-01-20T17:45:08.817Z', 'age': 20}, 'phone': '89585577', 'cell': '41864047', 'id': {'name': 'FN', 'value': '15107304662'}, 'picture': {'large': 'https://randomuser.me/api/portraits/women/93.jpg', 'medium': 'https://randomuser.me/api/portraits/med/women/93.jpg', 'thumbnail': 'https://randomuser.me/api/portraits/thumb/women/93.jpg'}, 'nat': 'NO'}], 'info': {'seed': 'e4d9d013b176e05c', 'results': 1, 'page': 1, 'version': '1.4'}}</msg>
<arg>${json_data}</arg>
<doc>Logs the given message with the given level.</doc>
<status status="PASS" start="2024-04-20T01:54:37.131541" elapsed="0.000236"/>
</kw>
<kw name="Should Be Equal As Numbers" owner="BuiltIn">
<arg>${json_data['results'][0]['location']['postcode']}</arg>
<arg>${json_data['results'][0]['location']['postcode']}</arg>
<doc>Fails if objects are unequal after converting them to real numbers.</doc>
<status status="PASS" start="2024-04-20T01:54:37.132223" elapsed="0.000630"/>
</kw>
<kw name="Log" owner="BuiltIn">
<msg time="2024-04-20T01:54:37.133381" level="INFO">4645</msg>
<arg>${json_data['results'][0]['location']['postcode']}</arg>
<doc>Logs the given message with the given level.</doc>
<status status="PASS" start="2024-04-20T01:54:37.133044" elapsed="0.000378"/>
</kw>
<status status="PASS" start="2024-04-20T01:54:37.029780" elapsed="0.103892"/>
</kw>
<doc>Testa se os tipos de dados na resposta da API estão corretos.</doc>
<tag>testeTiposDados</tag>
<status status="PASS" start="2024-04-20T01:54:36.947089" elapsed="0.186744"/>
</test>
<test id="s1-s1-t5" name="Validar conteudo" line="35">
<kw name="Teste de Tipos de Conteudo" owner="random-user-service">
<kw name="GET On Session" owner="RequestsLibrary">
<msg time="2024-04-20T01:54:37.219024" level="INFO">GET Request : url=https://randomuser.me/api 
 path_url=/api 
 headers={'User-Agent': 'python-requests/2.31.0', 'Accept-Encoding': 'gzip, deflate', 'Accept': '*/*', 'Connection': 'keep-alive'} 
 body=None 
 </msg>
<msg time="2024-04-20T01:54:37.219089" level="INFO">GET Response : url=https://randomuser.me/api 
 status=200, reason=OK 
 headers={'Date': 'Sat, 20 Apr 2024 01:54:37 GMT', 'Content-Type': 'application/json; charset=utf-8', 'Transfer-Encoding': 'chunked', 'Connection': 'keep-alive', 'X-Powered-By': 'Express', 'Access-Control-Allow-Origin': '*', 'Cache-Control': 'no-cache', 'ETag': 'W/"4b0-u+kqfjaAsZjyD1NeRBVnFstStoo"', 'Vary': 'Accept-Encoding', 'Content-Encoding': 'gzip', 'CF-Cache-Status': 'DYNAMIC', 'Report-To': '{"endpoints":[{"url":"https:\\/\\/a.nel.cloudflare.com\\/report\\/v4?s=SaratnknIqTFPcgWuzmCflqrF2iRdbythh8mzuXUSWTTBYz1%2BOnbbahZgfLCAhxNOEuvoQJmkeHMp9AiZ8wawZbtV55nFYSlQK4ux2FQTD3OJeOlMCS5MGQaAgDgzzFa"}],"group":"cf-nel","max_age":604800}', 'NEL': '{"success_fraction":0,"report_to":"cf-nel","max_age":604800}', 'Server': 'cloudflare', 'CF-RAY': '877181e61cab05ac-IAD', 'alt-svc': 'h3=":443"; ma=86400'} 
 body={"results":[{"gender":"female","name":{"title":"Mrs","first":"Theresa","last":"Pearson"},"location":{"street":{"number":2663,"name":"W Campbell Ave"},"city":"Townsville","state":"Australian Capital Territory","country":"Australia","postcode":967,"coordinates":{"latitude":"-85.0106","longitude":"14.3939"},"timezone":{"offset":"+3:00","description":"Baghdad, Riyadh, Moscow, St. Petersburg"}},"email":"theresa.pearson@example.com","login":{"uuid":"eb584ed1-a9b6-4fb6-a2d7-3ca8ef3b4804","username":"lazyduck801","password":"steffi","salt":"LTA0Tyki","md5":"dce19aaad169cc700cf067e0ec17d80b","sha1":"4058c80258f59276c605b030a7933efe9f3abd37","sha256":"216381308def0e83ffccdacc674660c26900c3c572b275bd57602b1556e10ed0"},"dob":{"date":"1982-09-09T11:52:45.306Z","age":41},"registered":{"date":"2012-06-17T21:48:33.562Z","age":11},"phone":"09-2725-0270","cell":"0483-659-368","id":{"name":"TFN","value":"317826603"},"picture":{"large":"https://randomuser.me/api/portraits/women/85.jpg","medium":"https://randomuser.me/api/portraits/med/women/85.jpg","thumbnail":"https://randomuser.me/api/portraits/thumb/women/85.jpg"},"nat":"AU"}],"info":{"seed":"9e28face44cf07d9","results":1,"page":1,"version":"1.4"}} 
 </msg>
<msg time="2024-04-20T01:54:37.219145" level="INFO">/opt/hostedtoolcache/Python/3.12.3/x64/lib/python3.12/site-packages/urllib3/connectionpool.py:1103: InsecureRequestWarning: Unverified HTTPS request is being made to host 'randomuser.me'. Adding certificate verification is strongly advised. See: https://urllib3.readthedocs.io/en/latest/advanced-usage.html#tls-warnings
  warnings.warn(</msg>
<msg time="2024-04-20T01:54:37.219232" level="INFO">${response} = &lt;Response [200]&gt;</msg>
<var>${response}</var>
<arg>consultarAPI</arg>
<arg>/api</arg>
<doc>Sends a GET request on a previously created HTTP Session.</doc>
<status status="PASS" start="2024-04-20T01:54:37.136682" elapsed="0.082576"/>
</kw>
<kw name="Set Variable" owner="BuiltIn">
<msg time="2024-04-20T01:54:37.220093" level="INFO">${json_data} = {'results': [{'gender': 'female', 'name': {'title': 'Mrs', 'first': 'Theresa', 'last': 'Pearson'}, 'location': {'street': {'number': 2663, 'name': 'W Campbell Ave'}, 'city': 'Townsville', 'state': 'Au...</msg>
<var>${json_data}</var>
<arg>${response.json()}</arg>
<doc>Returns the given values which can then be assigned to a variables.</doc>
<status status="PASS" start="2024-04-20T01:54:37.219635" elapsed="0.000486"/>
</kw>
<kw name="Set Variable" owner="BuiltIn">
<msg time="2024-04-20T01:54:37.220819" level="INFO">${name_title} = Mrs</msg>
<var>${name_title}</var>
<arg>${json_data["results"][0]["name"]["title"]}</arg>
<doc>Returns the given values which can then be assigned to a variables.</doc>
<status status="PASS" start="2024-04-20T01:54:37.220430" elapsed="0.000414"/>
</kw>
<kw name="Create List" owner="BuiltIn">
<msg time="2024-04-20T01:54:37.221290" level="INFO">${allowed_titles} = ['Mr', 'Ms', 'Miss', 'Mrs', 'Madame', 'Monsieur']</msg>
<var>${allowed_titles}</var>
<arg>Mr</arg>
<arg>Ms</arg>
<arg>Miss</arg>
<arg>Mrs</arg>
<arg>Madame</arg>
<arg>Monsieur</arg>
<doc>Returns a list containing given items.</doc>
<status status="PASS" start="2024-04-20T01:54:37.221142" elapsed="0.000172"/>
</kw>
<kw name="List Should Contain Value" owner="Collections">
<msg time="2024-04-20T01:54:37.221780" level="INFO">False</msg>
<arg>${allowed_titles}</arg>
<arg>${name_title}</arg>
<doc>Fails if the ``value`` is not found from ``list``.</doc>
<status status="PASS" start="2024-04-20T01:54:37.221609" elapsed="0.000207"/>
</kw>
<kw name="Set Variable" owner="BuiltIn">
<msg time="2024-04-20T01:54:37.222538" level="INFO">${name_country} = AU</msg>
<var>${name_country}</var>
<arg>${json_data["results"][0]["nat"]}</arg>
<doc>Returns the given values which can then be assigned to a variables.</doc>
<status status="PASS" start="2024-04-20T01:54:37.222137" elapsed="0.000427"/>
</kw>
<kw name="Create List" owner="BuiltIn">
<msg time="2024-04-20T01:54:37.223456" level="INFO">${list_country} = ['AD', 'AE', 'AF', 'AG', 'AI', 'AL', 'AM', 'AO', 'AQ', 'AR', 'AS', 'AT', 'AU', 'AW', 'AX', 'AZ', 'BA', 'BB', 'BD', 'BE', 'BF', 'BG', 'BH', 'BI', 'BJ', 'BL', 'BM', 'BN', 'BO', 'BQ', 'BR', 'BS', 'BT', '...</msg>
<var>${list_country}</var>
<arg>AD</arg>
<arg>AE</arg>
<arg>AF</arg>
<arg>AG</arg>
<arg>AI</arg>
<arg>AL</arg>
<arg>AM</arg>
<arg>AO</arg>
<arg>AQ</arg>
<arg>AR</arg>
<arg>AS</arg>
<arg>AT</arg>
<arg>AU</arg>
<arg>AW</arg>
<arg>AX</arg>
<arg>AZ</arg>
<arg>BA</arg>
<arg>BB</arg>
<arg>BD</arg>
<arg>BE</arg>
<arg>BF</arg>
<arg>BG</arg>
<arg>BH</arg>
<arg>BI</arg>
<arg>BJ</arg>
<arg>BL</arg>
<arg>BM</arg>
<arg>BN</arg>
<arg>BO</arg>
<arg>BQ</arg>
<arg>BR</arg>
<arg>BS</arg>
<arg>BT</arg>
<arg>BV</arg>
<arg>BW</arg>
<arg>BY</arg>
<arg>BZ</arg>
<arg>CA</arg>
<arg>CC</arg>
<arg>CD</arg>
<arg>CF</arg>
<arg>CG</arg>
<arg>CH</arg>
<arg>CI</arg>
<arg>CK</arg>
<arg>CL</arg>
<arg>CM</arg>
<arg>CN</arg>
<arg>CO</arg>
<arg>CR</arg>
<arg>CU</arg>
<arg>CV</arg>
<arg>CW</arg>
<arg>CX</arg>
<arg>CY</arg>
<arg>CZ</arg>
<arg>DE</arg>
<arg>DJ</arg>
<arg>DK</arg>
<arg>DM</arg>
<arg>DO</arg>
<arg>DZ</arg>
<arg>EC</arg>
<arg>EE</arg>
<arg>EG</arg>
<arg>EH</arg>
<arg>ER</arg>
<arg>ES</arg>
<arg>ET</arg>
<arg>FI</arg>
<arg>FJ</arg>
<arg>FK</arg>
<arg>FM</arg>
<arg>FO</arg>
<arg>FR</arg>
<arg>GA</arg>
<arg>GB</arg>
<arg>GD</arg>
<arg>GE</arg>
<arg>GF</arg>
<arg>GG</arg>
<arg>GH</arg>
<arg>GI</arg>
<arg>GL</arg>
<arg>GM</arg>
<arg>GN</arg>
<arg>GP</arg>
<arg>GQ</arg>
<arg>GR</arg>
<arg>GS</arg>
<arg>GT</arg>
<arg>GU</arg>
<arg>GW</arg>
<arg>GY</arg>
<arg>HK</arg>
<arg>HM</arg>
<arg>HN</arg>
<arg>HR</arg>
<arg>HT</arg>
<arg>HU</arg>
<arg>ID</arg>
<arg>IE</arg>
<arg>IL</arg>
<arg>IM</arg>
<arg>IN</arg>
<arg>IO</arg>
<arg>IQ</arg>
<arg>IR</arg>
<arg>IS</arg>
<arg>IT</arg>
<arg>JE</arg>
<arg>JM</arg>
<arg>JO</arg>
<arg>JP</arg>
<arg>KE</arg>
<arg>KG</arg>
<arg>KH</arg>
<arg>KI</arg>
<arg>KM</arg>
<arg>KN</arg>
<arg>KP</arg>
<arg>KR</arg>
<arg>KW</arg>
<arg>KY</arg>
<arg>KZ</arg>
<arg>LA</arg>
<arg>LB</arg>
<arg>LC</arg>
<arg>LI</arg>
<arg>LK</arg>
<arg>LR</arg>
<arg>LS</arg>
<arg>LT</arg>
<arg>LU</arg>
<arg>LV</arg>
<arg>LY</arg>
<arg>MA</arg>
<arg>MC</arg>
<arg>MD</arg>
<arg>ME</arg>
<arg>MF</arg>
<arg>MG</arg>
<arg>MH</arg>
<arg>MK</arg>
<arg>ML</arg>
<arg>MM</arg>
<arg>MN</arg>
<arg>MO</arg>
<arg>MP</arg>
<arg>MQ</arg>
<arg>MR</arg>
<arg>MS</arg>
<arg>MT</arg>
<arg>MU</arg>
<arg>MV</arg>
<arg>MW</arg>
<arg>MX</arg>
<arg>MY</arg>
<arg>MZ</arg>
<arg>NA</arg>
<arg>NC</arg>
<arg>NE</arg>
<arg>NF</arg>
<arg>NG</arg>
<arg>NI</arg>
<arg>NL</arg>
<arg>NO</arg>
<arg>NP</arg>
<arg>NR</arg>
<arg>NU</arg>
<arg>NZ</arg>
<arg>OM</arg>
<arg>PA</arg>
<arg>PE</arg>
<arg>PF</arg>
<arg>PG</arg>
<arg>PH</arg>
<arg>PK</arg>
<arg>PL</arg>
<arg>PM</arg>
<arg>PN</arg>
<arg>PR</arg>
<arg>PS</arg>
<arg>PT</arg>
<arg>PW</arg>
<arg>PY</arg>
<arg>QA</arg>
<arg>RE</arg>
<arg>RO</arg>
<arg>RS</arg>
<arg>RU</arg>
<arg>RW</arg>
<arg>SA</arg>
<arg>SB</arg>
<arg>SC</arg>
<arg>SD</arg>
<arg>SE</arg>
<arg>SG</arg>
<arg>SH</arg>
<arg>SI</arg>
<arg>SJ</arg>
<arg>SK</arg>
<arg>SL</arg>
<arg>SM</arg>
<arg>SN</arg>
<arg>SO</arg>
<arg>SR</arg>
<arg>SS</arg>
<arg>ST</arg>
<arg>SV</arg>
<arg>SX</arg>
<arg>SY</arg>
<arg>SZ</arg>
<arg>TC</arg>
<arg>TD</arg>
<arg>TF</arg>
<arg>TG</arg>
<arg>TH</arg>
<arg>TJ</arg>
<arg>TK</arg>
<arg>TL</arg>
<arg>TM</arg>
<arg>TN</arg>
<arg>TO</arg>
<arg>TR</arg>
<arg>TT</arg>
<arg>TV</arg>
<arg>TW</arg>
<arg>TZ</arg>
<arg>UA</arg>
<arg>UG</arg>
<arg>UM</arg>
<arg>US</arg>
<arg>UY</arg>
<arg>UZ</arg>
<arg>VA</arg>
<arg>VC</arg>
<arg>VE</arg>
<arg>VG</arg>
<arg>VI</arg>
<arg>VN</arg>
<arg>VU</arg>
<arg>WF</arg>
<arg>WS</arg>
<arg>XK</arg>
<arg>YE</arg>
<arg>YT</arg>
<arg>ZA</arg>
<arg>ZM</arg>
<arg>ZW</arg>
<doc>Returns a list containing given items.</doc>
<status status="PASS" start="2024-04-20T01:54:37.222867" elapsed="0.000614"/>
</kw>
<kw name="List Should Contain Value" owner="Collections">
<msg time="2024-04-20T01:54:37.224510" level="INFO">False</msg>
<arg>${list_country}</arg>
<arg>${name_country}</arg>
<doc>Fails if the ``value`` is not found from ``list``.</doc>
<status status="PASS" start="2024-04-20T01:54:37.224276" elapsed="0.000274"/>
</kw>
<kw name="Run Keyword If" owner="BuiltIn">
<kw name="Should Be True" owner="BuiltIn">
<arg>${True}</arg>
<doc>Fails if the given condition is not true.</doc>
<status status="PASS" start="2024-04-20T01:54:37.225631" elapsed="0.000247"/>
</kw>
<arg>${json_data["results"][0]["location"]["coordinates"]["latitude"]} &gt;= -90 and ${json_data["results"][0]["location"]["coordinates"]["latitude"]} &lt;= 90</arg>
<arg>Should Be True</arg>
<arg>${True}</arg>
<doc>Runs the given keyword with the given arguments, if ``condition`` is true.</doc>
<status status="PASS" start="2024-04-20T01:54:37.224868" elapsed="0.001142"/>
</kw>
<kw name="Run Keyword If" owner="BuiltIn">
<kw name="Should Be True" owner="BuiltIn">
<arg>${True}</arg>
<doc>Fails if the given condition is not true.</doc>
<status status="PASS" start="2024-04-20T01:54:37.226943" elapsed="0.000138"/>
</kw>
<arg>${json_data["results"][0]["location"]["coordinates"]["longitude"]} &gt;= -180 and ${json_data["results"][0]["location"]["coordinates"]["longitude"]} &lt;= 180</arg>
<arg>Should Be True</arg>
<arg>${True}</arg>
<doc>Runs the given keyword with the given arguments, if ``condition`` is true.</doc>
<status status="PASS" start="2024-04-20T01:54:37.226232" elapsed="0.000972"/>
</kw>
<status status="PASS" start="2024-04-20T01:54:37.136310" elapsed="0.091028"/>
</kw>
<doc>Testa o conteúdo específico dos campos retornados pela API.</doc>
<tag>testeConteudo</tag>
<status status="PASS" start="2024-04-20T01:54:37.135642" elapsed="0.091839"/>
</test>
<status status="PASS" start="2024-04-20T01:54:36.297593" elapsed="0.931785"/>
</suite>
<status status="PASS" start="2024-04-20T01:54:36.284100" elapsed="0.950411"/>
</suite>
<statistics>
<total>
<stat pass="5" fail="0" skip="0">All Tests</stat>
</total>
<tag>
<stat pass="1" fail="0" skip="0">testeConteudo</stat>
<stat pass="1" fail="0" skip="0">testeEstruturaResposta</stat>
<stat pass="1" fail="0" skip="0">testeRequisicaoBasica</stat>
<stat pass="1" fail="0" skip="0">testeTiposDados</stat>
</tag>
<suite>
<stat pass="5" fail="0" skip="0" id="s1" name="Tests">Tests</stat>
<stat pass="5" fail="0" skip="0" id="s1-s1" name="Random-User-Test">Tests.Random-User-Test</stat>
</suite>
</statistics>
<errors>
</errors>
</robot>
