<?xml version="1.0" encoding="UTF-8"?>
<robot generator="Robot 7.0 (Python 3.12.2 on linux)" generated="2024-03-26T18:16:53.651932" rpa="false" schemaversion="5">
<suite id="s1" name="Tests" source="/home/runner/work/DesafioQAItauRogerioJordao/DesafioQAItauRogerioJordao/RamdonUser/tests">
<suite id="s1-s1" name="Random-User-Test" source="/home/runner/work/DesafioQAItauRogerioJordao/DesafioQAItauRogerioJordao/RamdonUser/tests/random-user-test.robot">
<test id="s1-s1-t1" name="Conectar" line="13">
<kw name="Conectar API" owner="random-user-service">
<kw name="Create Session" owner="RequestsLibrary">
<msg time="2024-03-26T18:16:54.037378" level="INFO">Creating Session using : alias=consultarAPI, url=https://randomuser.me/, headers={},                     cookies={}, auth=None, timeout=None, proxies=None, verify=False,                     debug=0 </msg>
<arg>consultarAPI</arg>
<arg>${URL}</arg>
<doc>Create Session: create a HTTP session to a server</doc>
<status status="PASS" start="2024-03-26T18:16:54.037177" elapsed="0.000376"/>
</kw>
<status status="PASS" start="2024-03-26T18:16:54.036141" elapsed="0.001775"/>
</kw>
<status status="PASS" start="2024-03-26T18:16:54.035603" elapsed="0.002518"/>
</test>
<test id="s1-s1-t2" name="Validar retorno 200 e JSON Válido" line="16">
<kw name="Teste de Requisicao Basica" owner="random-user-service">
<kw name="GET On Session" owner="RequestsLibrary">
<msg time="2024-03-26T18:16:54.159363" level="INFO">GET Request : url=https://randomuser.me/api 
 path_url=/api 
 headers={'User-Agent': 'python-requests/2.31.0', 'Accept-Encoding': 'gzip, deflate', 'Accept': '*/*', 'Connection': 'keep-alive'} 
 body=None 
 </msg>
<msg time="2024-03-26T18:16:54.159497" level="INFO">GET Response : url=https://randomuser.me/api 
 status=200, reason=OK 
 headers={'Date': 'Tue, 26 Mar 2024 18:16:54 GMT', 'Content-Type': 'application/json; charset=utf-8', 'Transfer-Encoding': 'chunked', 'Connection': 'keep-alive', 'X-Powered-By': 'Express', 'Access-Control-Allow-Origin': '*', 'Cache-Control': 'no-cache', 'ETag': 'W/"4ac-FqPIhj6r0OKNcGSVUtmGyHRm/1s"', 'Vary': 'Accept-Encoding', 'Content-Encoding': 'gzip', 'CF-Cache-Status': 'DYNAMIC', 'Report-To': '{"endpoints":[{"url":"https:\\/\\/a.nel.cloudflare.com\\/report\\/v4?s=hdgX3etlSQfkOT7EQZSXQf3O1VRkTKUWAy0wu5wc5VIfAbv25WC%2BX9342w6CGFsKiTI0pahyowoELtFh%2BSL9Dd0A6%2Fe7whXfc7lCRbK6ZgfssYxjXCKV2FKG2xtvogdA"}],"group":"cf-nel","max_age":604800}', 'NEL': '{"success_fraction":0,"report_to":"cf-nel","max_age":604800}', 'Server': 'cloudflare', 'CF-RAY': '86a9226a0f905a46-IAD', 'alt-svc': 'h3=":443"; ma=86400'} 
 body={"results":[{"gender":"female","name":{"title":"Mrs","first":"Sara","last":"Pedersen"},"location":{"street":{"number":7006,"name":"Haveforeningen Kildegården"},"city":"Sønder Stenderup","state":"Sjælland","country":"Denmark","postcode":76531,"coordinates":{"latitude":"-46.4830","longitude":"155.6962"},"timezone":{"offset":"-4:00","description":"Atlantic Time (Canada), Caracas, La Paz"}},"email":"sara.pedersen@example.com","login":{"uuid":"cb74b4dc-be26-4d23-85f6-7b7626079107","username":"happyladybug750","password":"wonder","salt":"4iz1koGx","md5":"cbcc449d8c31d9f1280fdc11664932ff","sha1":"2a3231c21245a4db7e8291dc2e799c1374523364","sha256":"41122ac5c923d377405b8a40116f254e91abeadb611787b033f1d9f6b99d4177"},"dob":{"date":"1971-09-19T04:42:56.111Z","age":52},"registered":{"date":"2009-11-18T04:09:53.990Z","age":14},"phone":"30450048","cell":"93703885","id":{"name":"CPR","value":"180971-1951"},"picture":{"large":"https://randomuser.me/api/portraits/women/12.jpg","medium":"https://randomuser.me/api/portraits/med/women/12.jpg","thumbnail":"https://randomuser.me/api/portraits/thumb/women/12.jpg"},"nat":"DK"}],"info":{"seed":"0ba11f226bcb1cbf","results":1,"page":1,"version":"1.4"}} 
 </msg>
<msg time="2024-03-26T18:16:54.159626" level="INFO">/opt/hostedtoolcache/Python/3.12.2/x64/lib/python3.12/site-packages/urllib3/connectionpool.py:1103: InsecureRequestWarning: Unverified HTTPS request is being made to host 'randomuser.me'. Adding certificate verification is strongly advised. See: https://urllib3.readthedocs.io/en/latest/advanced-usage.html#tls-warnings
  warnings.warn(</msg>
<msg time="2024-03-26T18:16:54.159785" level="INFO">${response} = &lt;Response [200]&gt;</msg>
<var>${response}</var>
<arg>consultarAPI</arg>
<arg>/api</arg>
<doc>Sends a GET request on a previously created HTTP Session.</doc>
<status status="PASS" start="2024-03-26T18:16:54.040682" elapsed="0.119149"/>
</kw>
<kw name="Should Be Equal As Numbers" owner="BuiltIn">
<msg time="2024-03-26T18:16:54.160771" level="INFO">Argument types are:
&lt;class 'int'&gt;
&lt;class 'str'&gt;</msg>
<arg>${response.status_code}</arg>
<arg>200</arg>
<doc>Fails if objects are unequal after converting them to real numbers.</doc>
<status status="PASS" start="2024-03-26T18:16:54.160321" elapsed="0.000516"/>
</kw>
<kw name="Log" owner="BuiltIn">
<msg time="2024-03-26T18:16:54.161532" level="INFO">200</msg>
<arg>${response.status_code}</arg>
<doc>Logs the given message with the given level.</doc>
<status status="PASS" start="2024-03-26T18:16:54.161174" elapsed="0.000403"/>
</kw>
<kw name="Set Variable" owner="BuiltIn">
<msg time="2024-03-26T18:16:54.162363" level="INFO">${json_data} = {'results': [{'gender': 'female', 'name': {'title': 'Mrs', 'first': 'Sara', 'last': 'Pedersen'}, 'location': {'street': {'number': 7006, 'name': 'Haveforeningen Kildegården'}, 'city': 'Sønder Stenderu...</msg>
<var>${json_data}</var>
<arg>${response.json()}</arg>
<doc>Returns the given values which can then be assigned to a variables.</doc>
<status status="PASS" start="2024-03-26T18:16:54.161909" elapsed="0.000484"/>
</kw>
<kw name="Dictionary Should Contain Key" owner="Collections">
<msg time="2024-03-26T18:16:54.162865" level="INFO">False</msg>
<arg>${json_data}</arg>
<arg>results</arg>
<doc>Fails if ``key`` is not found from ``dictionary``.</doc>
<status status="PASS" start="2024-03-26T18:16:54.162697" elapsed="0.000208"/>
</kw>
<status status="PASS" start="2024-03-26T18:16:54.040433" elapsed="0.122734"/>
</kw>
<doc>Testa se a API responde corretamente e retorna um objeto JSON válido.</doc>
<tag>testeRequisicaoBasica</tag>
<status status="PASS" start="2024-03-26T18:16:54.039974" elapsed="0.123379"/>
</test>
<test id="s1-s1-t3" name="Validar estrutura de resposta" line="22">
<kw name="Teste de Estrutura de Resposta" owner="random-user-service">
<kw name="GET On Session" owner="RequestsLibrary">
<msg time="2024-03-26T18:16:54.226805" level="INFO">GET Request : url=https://randomuser.me/api 
 path_url=/api 
 headers={'User-Agent': 'python-requests/2.31.0', 'Accept-Encoding': 'gzip, deflate', 'Accept': '*/*', 'Connection': 'keep-alive'} 
 body=None 
 </msg>
<msg time="2024-03-26T18:16:54.226878" level="INFO">GET Response : url=https://randomuser.me/api 
 status=200, reason=OK 
 headers={'Date': 'Tue, 26 Mar 2024 18:16:54 GMT', 'Content-Type': 'application/json; charset=utf-8', 'Transfer-Encoding': 'chunked', 'Connection': 'keep-alive', 'X-Powered-By': 'Express', 'Access-Control-Allow-Origin': '*', 'Cache-Control': 'no-cache', 'ETag': 'W/"489-1BKPxKKDoRRCbi7Nak8a8IJtV3E"', 'Vary': 'Accept-Encoding', 'Content-Encoding': 'gzip', 'CF-Cache-Status': 'DYNAMIC', 'Report-To': '{"endpoints":[{"url":"https:\\/\\/a.nel.cloudflare.com\\/report\\/v4?s=h87EO2S75rr6R6x9%2FuOntIbCSkKYu7kyYGcYxFkW32C7qQQeZZ2pT1bbhRGFz8ut5MhJPKnOZsDun%2B4w3K%2BF5IZ1tMad4Em2y2VhPfhsA0Iw62PxHn0ivhxjOoOYJ3ql"}],"group":"cf-nel","max_age":604800}', 'NEL': '{"success_fraction":0,"report_to":"cf-nel","max_age":604800}', 'Server': 'cloudflare', 'CF-RAY': '86a9226a8ffa5a46-IAD', 'alt-svc': 'h3=":443"; ma=86400'} 
 body={"results":[{"gender":"male","name":{"title":"Mr","first":"Samuel","last":"Rintala"},"location":{"street":{"number":2615,"name":"Mechelininkatu"},"city":"Juupajoki","state":"Pirkanmaa","country":"Finland","postcode":95932,"coordinates":{"latitude":"-21.5815","longitude":"-94.5538"},"timezone":{"offset":"-12:00","description":"Eniwetok, Kwajalein"}},"email":"samuel.rintala@example.com","login":{"uuid":"dc04638f-5023-40e5-baba-0bb14b55941a","username":"sadostrich155","password":"palermo","salt":"wahna6up","md5":"7dc0a9deec12bd6ef25c73f0850f9c3f","sha1":"e3426460483fb01b53796a6d0eb063e5c021a583","sha256":"ece0683c08f341007da012acc35decd35f4749f2ba73e3d1a38ddb1e776536f7"},"dob":{"date":"1984-04-14T19:19:18.078Z","age":39},"registered":{"date":"2016-07-13T03:56:35.324Z","age":7},"phone":"04-733-621","cell":"046-957-33-74","id":{"name":"HETU","value":"NaNNA109undefined"},"picture":{"large":"https://randomuser.me/api/portraits/men/10.jpg","medium":"https://randomuser.me/api/portraits/med/men/10.jpg","thumbnail":"https://randomuser.me/api/portraits/thumb/men/10.jpg"},"nat":"FI"}],"info":{"seed":"7984adc0fc106289","results":1,"page":1,"version":"1.4"}} 
 </msg>
<msg time="2024-03-26T18:16:54.226988" level="INFO">/opt/hostedtoolcache/Python/3.12.2/x64/lib/python3.12/site-packages/urllib3/connectionpool.py:1103: InsecureRequestWarning: Unverified HTTPS request is being made to host 'randomuser.me'. Adding certificate verification is strongly advised. See: https://urllib3.readthedocs.io/en/latest/advanced-usage.html#tls-warnings
  warnings.warn(</msg>
<msg time="2024-03-26T18:16:54.227111" level="INFO">${response} = &lt;Response [200]&gt;</msg>
<var>${response}</var>
<arg>consultarAPI</arg>
<arg>/api</arg>
<doc>Sends a GET request on a previously created HTTP Session.</doc>
<status status="PASS" start="2024-03-26T18:16:54.166333" elapsed="0.060821"/>
</kw>
<kw name="Set Variable" owner="BuiltIn">
<msg time="2024-03-26T18:16:54.228057" level="INFO">${json_data} = {'results': [{'gender': 'male', 'name': {'title': 'Mr', 'first': 'Samuel', 'last': 'Rintala'}, 'location': {'street': {'number': 2615, 'name': 'Mechelininkatu'}, 'city': 'Juupajoki', 'state': 'Pirkanm...</msg>
<var>${json_data}</var>
<arg>${response.json()}</arg>
<doc>Returns the given values which can then be assigned to a variables.</doc>
<status status="PASS" start="2024-03-26T18:16:54.227574" elapsed="0.000513"/>
</kw>
<kw name="Log" owner="BuiltIn">
<msg time="2024-03-26T18:16:54.228566" level="INFO">{'results': [{'gender': 'male', 'name': {'title': 'Mr', 'first': 'Samuel', 'last': 'Rintala'}, 'location': {'street': {'number': 2615, 'name': 'Mechelininkatu'}, 'city': 'Juupajoki', 'state': 'Pirkanmaa', 'country': 'Finland', 'postcode': 95932, 'coordinates': {'latitude': '-21.5815', 'longitude': '-94.5538'}, 'timezone': {'offset': '-12:00', 'description': 'Eniwetok, Kwajalein'}}, 'email': 'samuel.rintala@example.com', 'login': {'uuid': 'dc04638f-5023-40e5-baba-0bb14b55941a', 'username': 'sadostrich155', 'password': 'palermo', 'salt': 'wahna6up', 'md5': '7dc0a9deec12bd6ef25c73f0850f9c3f', 'sha1': 'e3426460483fb01b53796a6d0eb063e5c021a583', 'sha256': 'ece0683c08f341007da012acc35decd35f4749f2ba73e3d1a38ddb1e776536f7'}, 'dob': {'date': '1984-04-14T19:19:18.078Z', 'age': 39}, 'registered': {'date': '2016-07-13T03:56:35.324Z', 'age': 7}, 'phone': '04-733-621', 'cell': '046-957-33-74', 'id': {'name': 'HETU', 'value': 'NaNNA109undefined'}, 'picture': {'large': 'https://randomuser.me/api/portraits/men/10.jpg', 'medium': 'https://randomuser.me/api/portraits/med/men/10.jpg', 'thumbnail': 'https://randomuser.me/api/portraits/thumb/men/10.jpg'}, 'nat': 'FI'}], 'info': {'seed': '7984adc0fc106289', 'results': 1, 'page': 1, 'version': '1.4'}}</msg>
<arg>${json_data}</arg>
<doc>Logs the given message with the given level.</doc>
<status status="PASS" start="2024-03-26T18:16:54.228405" elapsed="0.000210"/>
</kw>
<kw name="Dictionary Should Contain Key" owner="Collections">
<msg time="2024-03-26T18:16:54.229072" level="INFO">False</msg>
<arg>${json_data}</arg>
<arg>results</arg>
<doc>Fails if ``key`` is not found from ``dictionary``.</doc>
<status status="PASS" start="2024-03-26T18:16:54.228914" elapsed="0.000202"/>
</kw>
<kw name="Should Not Be Empty" owner="BuiltIn">
<msg time="2024-03-26T18:16:54.229558" level="INFO">Length is 2.</msg>
<arg>${json_data}</arg>
<doc>Verifies that the given item is not empty.</doc>
<status status="PASS" start="2024-03-26T18:16:54.229419" elapsed="0.000180"/>
</kw>
<kw name="Create List" owner="BuiltIn">
<msg time="2024-03-26T18:16:54.230050" level="INFO">${expected_keys} = ['gender', 'name', 'location', 'email', 'login']</msg>
<var>${expected_keys}</var>
<arg>gender</arg>
<arg>name</arg>
<arg>location</arg>
<arg>email</arg>
<arg>login</arg>
<doc>Returns a list containing given items.</doc>
<status status="PASS" start="2024-03-26T18:16:54.229898" elapsed="0.000177"/>
</kw>
<for flavor="IN">
<iter>
<kw name="Dictionary Should Contain Key" owner="Collections">
<msg time="2024-03-26T18:16:54.231066" level="INFO">False</msg>
<arg>${json_data['results'][0]}</arg>
<arg>${key}</arg>
<doc>Fails if ``key`` is not found from ``dictionary``.</doc>
<status status="PASS" start="2024-03-26T18:16:54.230657" elapsed="0.000449"/>
</kw>
<kw name="Log" owner="BuiltIn">
<msg time="2024-03-26T18:16:54.231819" level="INFO">{'gender': 'male', 'name': {'title': 'Mr', 'first': 'Samuel', 'last': 'Rintala'}, 'location': {'street': {'number': 2615, 'name': 'Mechelininkatu'}, 'city': 'Juupajoki', 'state': 'Pirkanmaa', 'country': 'Finland', 'postcode': 95932, 'coordinates': {'latitude': '-21.5815', 'longitude': '-94.5538'}, 'timezone': {'offset': '-12:00', 'description': 'Eniwetok, Kwajalein'}}, 'email': 'samuel.rintala@example.com', 'login': {'uuid': 'dc04638f-5023-40e5-baba-0bb14b55941a', 'username': 'sadostrich155', 'password': 'palermo', 'salt': 'wahna6up', 'md5': '7dc0a9deec12bd6ef25c73f0850f9c3f', 'sha1': 'e3426460483fb01b53796a6d0eb063e5c021a583', 'sha256': 'ece0683c08f341007da012acc35decd35f4749f2ba73e3d1a38ddb1e776536f7'}, 'dob': {'date': '1984-04-14T19:19:18.078Z', 'age': 39}, 'registered': {'date': '2016-07-13T03:56:35.324Z', 'age': 7}, 'phone': '04-733-621', 'cell': '046-957-33-74', 'id': {'name': 'HETU', 'value': 'NaNNA109undefined'}, 'picture': {'large': 'https://randomuser.me/api/portraits/men/10.jpg', 'medium': 'https://randomuser.me/api/portraits/med/men/10.jpg', 'thumbnail': 'https://randomuser.me/api/portraits/thumb/men/10.jpg'}, 'nat': 'FI'}</msg>
<arg>${json_data['results'][0]}</arg>
<doc>Logs the given message with the given level.</doc>
<status status="PASS" start="2024-03-26T18:16:54.231414" elapsed="0.000461"/>
</kw>
<kw name="Log" owner="BuiltIn">
<msg time="2024-03-26T18:16:54.232319" level="INFO">gender</msg>
<arg>${key}</arg>
<doc>Logs the given message with the given level.</doc>
<status status="PASS" start="2024-03-26T18:16:54.232186" elapsed="0.000172"/>
</kw>
<var name="${key}">gender</var>
<status status="PASS" start="2024-03-26T18:16:54.230526" elapsed="0.002054"/>
</iter>
<iter>
<kw name="Dictionary Should Contain Key" owner="Collections">
<msg time="2024-03-26T18:16:54.233264" level="INFO">False</msg>
<arg>${json_data['results'][0]}</arg>
<arg>${key}</arg>
<doc>Fails if ``key`` is not found from ``dictionary``.</doc>
<status status="PASS" start="2024-03-26T18:16:54.232886" elapsed="0.000416"/>
</kw>
<kw name="Log" owner="BuiltIn">
<msg time="2024-03-26T18:16:54.234000" level="INFO">{'gender': 'male', 'name': {'title': 'Mr', 'first': 'Samuel', 'last': 'Rintala'}, 'location': {'street': {'number': 2615, 'name': 'Mechelininkatu'}, 'city': 'Juupajoki', 'state': 'Pirkanmaa', 'country': 'Finland', 'postcode': 95932, 'coordinates': {'latitude': '-21.5815', 'longitude': '-94.5538'}, 'timezone': {'offset': '-12:00', 'description': 'Eniwetok, Kwajalein'}}, 'email': 'samuel.rintala@example.com', 'login': {'uuid': 'dc04638f-5023-40e5-baba-0bb14b55941a', 'username': 'sadostrich155', 'password': 'palermo', 'salt': 'wahna6up', 'md5': '7dc0a9deec12bd6ef25c73f0850f9c3f', 'sha1': 'e3426460483fb01b53796a6d0eb063e5c021a583', 'sha256': 'ece0683c08f341007da012acc35decd35f4749f2ba73e3d1a38ddb1e776536f7'}, 'dob': {'date': '1984-04-14T19:19:18.078Z', 'age': 39}, 'registered': {'date': '2016-07-13T03:56:35.324Z', 'age': 7}, 'phone': '04-733-621', 'cell': '046-957-33-74', 'id': {'name': 'HETU', 'value': 'NaNNA109undefined'}, 'picture': {'large': 'https://randomuser.me/api/portraits/men/10.jpg', 'medium': 'https://randomuser.me/api/portraits/med/men/10.jpg', 'thumbnail': 'https://randomuser.me/api/portraits/thumb/men/10.jpg'}, 'nat': 'FI'}</msg>
<arg>${json_data['results'][0]}</arg>
<doc>Logs the given message with the given level.</doc>
<status status="PASS" start="2024-03-26T18:16:54.233635" elapsed="0.000414"/>
</kw>
<kw name="Log" owner="BuiltIn">
<msg time="2024-03-26T18:16:54.234479" level="INFO">name</msg>
<arg>${key}</arg>
<doc>Logs the given message with the given level.</doc>
<status status="PASS" start="2024-03-26T18:16:54.234349" elapsed="0.000168"/>
</kw>
<var name="${key}">name</var>
<status status="PASS" start="2024-03-26T18:16:54.232772" elapsed="0.001963"/>
</iter>
<iter>
<kw name="Dictionary Should Contain Key" owner="Collections">
<msg time="2024-03-26T18:16:54.235406" level="INFO">False</msg>
<arg>${json_data['results'][0]}</arg>
<arg>${key}</arg>
<doc>Fails if ``key`` is not found from ``dictionary``.</doc>
<status status="PASS" start="2024-03-26T18:16:54.235028" elapsed="0.000417"/>
</kw>
<kw name="Log" owner="BuiltIn">
<msg time="2024-03-26T18:16:54.236143" level="INFO">{'gender': 'male', 'name': {'title': 'Mr', 'first': 'Samuel', 'last': 'Rintala'}, 'location': {'street': {'number': 2615, 'name': 'Mechelininkatu'}, 'city': 'Juupajoki', 'state': 'Pirkanmaa', 'country': 'Finland', 'postcode': 95932, 'coordinates': {'latitude': '-21.5815', 'longitude': '-94.5538'}, 'timezone': {'offset': '-12:00', 'description': 'Eniwetok, Kwajalein'}}, 'email': 'samuel.rintala@example.com', 'login': {'uuid': 'dc04638f-5023-40e5-baba-0bb14b55941a', 'username': 'sadostrich155', 'password': 'palermo', 'salt': 'wahna6up', 'md5': '7dc0a9deec12bd6ef25c73f0850f9c3f', 'sha1': 'e3426460483fb01b53796a6d0eb063e5c021a583', 'sha256': 'ece0683c08f341007da012acc35decd35f4749f2ba73e3d1a38ddb1e776536f7'}, 'dob': {'date': '1984-04-14T19:19:18.078Z', 'age': 39}, 'registered': {'date': '2016-07-13T03:56:35.324Z', 'age': 7}, 'phone': '04-733-621', 'cell': '046-957-33-74', 'id': {'name': 'HETU', 'value': 'NaNNA109undefined'}, 'picture': {'large': 'https://randomuser.me/api/portraits/men/10.jpg', 'medium': 'https://randomuser.me/api/portraits/med/men/10.jpg', 'thumbnail': 'https://randomuser.me/api/portraits/thumb/men/10.jpg'}, 'nat': 'FI'}</msg>
<arg>${json_data['results'][0]}</arg>
<doc>Logs the given message with the given level.</doc>
<status status="PASS" start="2024-03-26T18:16:54.235774" elapsed="0.000422"/>
</kw>
<kw name="Log" owner="BuiltIn">
<msg time="2024-03-26T18:16:54.236622" level="INFO">location</msg>
<arg>${key}</arg>
<doc>Logs the given message with the given level.</doc>
<status status="PASS" start="2024-03-26T18:16:54.236491" elapsed="0.000170"/>
</kw>
<var name="${key}">location</var>
<status status="PASS" start="2024-03-26T18:16:54.234917" elapsed="0.001960"/>
</iter>
<iter>
<kw name="Dictionary Should Contain Key" owner="Collections">
<msg time="2024-03-26T18:16:54.237537" level="INFO">False</msg>
<arg>${json_data['results'][0]}</arg>
<arg>${key}</arg>
<doc>Fails if ``key`` is not found from ``dictionary``.</doc>
<status status="PASS" start="2024-03-26T18:16:54.237161" elapsed="0.000413"/>
</kw>
<kw name="Log" owner="BuiltIn">
<msg time="2024-03-26T18:16:54.238227" level="INFO">{'gender': 'male', 'name': {'title': 'Mr', 'first': 'Samuel', 'last': 'Rintala'}, 'location': {'street': {'number': 2615, 'name': 'Mechelininkatu'}, 'city': 'Juupajoki', 'state': 'Pirkanmaa', 'country': 'Finland', 'postcode': 95932, 'coordinates': {'latitude': '-21.5815', 'longitude': '-94.5538'}, 'timezone': {'offset': '-12:00', 'description': 'Eniwetok, Kwajalein'}}, 'email': 'samuel.rintala@example.com', 'login': {'uuid': 'dc04638f-5023-40e5-baba-0bb14b55941a', 'username': 'sadostrich155', 'password': 'palermo', 'salt': 'wahna6up', 'md5': '7dc0a9deec12bd6ef25c73f0850f9c3f', 'sha1': 'e3426460483fb01b53796a6d0eb063e5c021a583', 'sha256': 'ece0683c08f341007da012acc35decd35f4749f2ba73e3d1a38ddb1e776536f7'}, 'dob': {'date': '1984-04-14T19:19:18.078Z', 'age': 39}, 'registered': {'date': '2016-07-13T03:56:35.324Z', 'age': 7}, 'phone': '04-733-621', 'cell': '046-957-33-74', 'id': {'name': 'HETU', 'value': 'NaNNA109undefined'}, 'picture': {'large': 'https://randomuser.me/api/portraits/men/10.jpg', 'medium': 'https://randomuser.me/api/portraits/med/men/10.jpg', 'thumbnail': 'https://randomuser.me/api/portraits/thumb/men/10.jpg'}, 'nat': 'FI'}</msg>
<arg>${json_data['results'][0]}</arg>
<doc>Logs the given message with the given level.</doc>
<status status="PASS" start="2024-03-26T18:16:54.237873" elapsed="0.000402"/>
</kw>
<kw name="Log" owner="BuiltIn">
<msg time="2024-03-26T18:16:54.238698" level="INFO">email</msg>
<arg>${key}</arg>
<doc>Logs the given message with the given level.</doc>
<status status="PASS" start="2024-03-26T18:16:54.238569" elapsed="0.000167"/>
</kw>
<var name="${key}">email</var>
<status status="PASS" start="2024-03-26T18:16:54.237051" elapsed="0.001898"/>
</iter>
<iter>
<kw name="Dictionary Should Contain Key" owner="Collections">
<msg time="2024-03-26T18:16:54.239659" level="INFO">False</msg>
<arg>${json_data['results'][0]}</arg>
<arg>${key}</arg>
<doc>Fails if ``key`` is not found from ``dictionary``.</doc>
<status status="PASS" start="2024-03-26T18:16:54.239245" elapsed="0.000463"/>
</kw>
<kw name="Log" owner="BuiltIn">
<msg time="2024-03-26T18:16:54.240368" level="INFO">{'gender': 'male', 'name': {'title': 'Mr', 'first': 'Samuel', 'last': 'Rintala'}, 'location': {'street': {'number': 2615, 'name': 'Mechelininkatu'}, 'city': 'Juupajoki', 'state': 'Pirkanmaa', 'country': 'Finland', 'postcode': 95932, 'coordinates': {'latitude': '-21.5815', 'longitude': '-94.5538'}, 'timezone': {'offset': '-12:00', 'description': 'Eniwetok, Kwajalein'}}, 'email': 'samuel.rintala@example.com', 'login': {'uuid': 'dc04638f-5023-40e5-baba-0bb14b55941a', 'username': 'sadostrich155', 'password': 'palermo', 'salt': 'wahna6up', 'md5': '7dc0a9deec12bd6ef25c73f0850f9c3f', 'sha1': 'e3426460483fb01b53796a6d0eb063e5c021a583', 'sha256': 'ece0683c08f341007da012acc35decd35f4749f2ba73e3d1a38ddb1e776536f7'}, 'dob': {'date': '1984-04-14T19:19:18.078Z', 'age': 39}, 'registered': {'date': '2016-07-13T03:56:35.324Z', 'age': 7}, 'phone': '04-733-621', 'cell': '046-957-33-74', 'id': {'name': 'HETU', 'value': 'NaNNA109undefined'}, 'picture': {'large': 'https://randomuser.me/api/portraits/men/10.jpg', 'medium': 'https://randomuser.me/api/portraits/med/men/10.jpg', 'thumbnail': 'https://randomuser.me/api/portraits/thumb/men/10.jpg'}, 'nat': 'FI'}</msg>
<arg>${json_data['results'][0]}</arg>
<doc>Logs the given message with the given level.</doc>
<status status="PASS" start="2024-03-26T18:16:54.240006" elapsed="0.000411"/>
</kw>
<kw name="Log" owner="BuiltIn">
<msg time="2024-03-26T18:16:54.240841" level="INFO">login</msg>
<arg>${key}</arg>
<doc>Logs the given message with the given level.</doc>
<status status="PASS" start="2024-03-26T18:16:54.240711" elapsed="0.000274"/>
</kw>
<var name="${key}">login</var>
<status status="PASS" start="2024-03-26T18:16:54.239129" elapsed="0.002115"/>
</iter>
<var>${key}</var>
<value>@{expected_keys}</value>
<status status="PASS" start="2024-03-26T18:16:54.230336" elapsed="0.011037"/>
</for>
<kw name="Create List" owner="BuiltIn">
<msg time="2024-03-26T18:16:54.241715" level="INFO">${expected_keysTwo} = ['username', 'password']</msg>
<var>${expected_keysTwo}</var>
<arg>username</arg>
<arg>password</arg>
<doc>Returns a list containing given items.</doc>
<status status="PASS" start="2024-03-26T18:16:54.241577" elapsed="0.000162"/>
</kw>
<for flavor="IN">
<iter>
<kw name="Dictionary Should Contain Key" owner="Collections">
<msg time="2024-03-26T18:16:54.242617" level="INFO">False</msg>
<arg>${json_data['results'][0]['login']}</arg>
<arg>${keyTwo}</arg>
<doc>Fails if ``key`` is not found from ``dictionary``.</doc>
<status status="PASS" start="2024-03-26T18:16:54.242235" elapsed="0.000420"/>
</kw>
<kw name="Dictionary Should Contain Key" owner="Collections">
<msg time="2024-03-26T18:16:54.243325" level="INFO">False</msg>
<arg>${json_data['results'][0]['login']}</arg>
<arg>${keyTwo}</arg>
<doc>Fails if ``key`` is not found from ``dictionary``.</doc>
<status status="PASS" start="2024-03-26T18:16:54.242947" elapsed="0.000416"/>
</kw>
<kw name="Log" owner="BuiltIn">
<msg time="2024-03-26T18:16:54.243811" level="INFO">username</msg>
<arg>${keyTwo}</arg>
<doc>Logs the given message with the given level.</doc>
<status status="PASS" start="2024-03-26T18:16:54.243680" elapsed="0.000170"/>
</kw>
<var name="${keyTwo}">username</var>
<status status="PASS" start="2024-03-26T18:16:54.242126" elapsed="0.001941"/>
</iter>
<iter>
<kw name="Dictionary Should Contain Key" owner="Collections">
<msg time="2024-03-26T18:16:54.244723" level="INFO">False</msg>
<arg>${json_data['results'][0]['login']}</arg>
<arg>${keyTwo}</arg>
<doc>Fails if ``key`` is not found from ``dictionary``.</doc>
<status status="PASS" start="2024-03-26T18:16:54.244349" elapsed="0.000413"/>
</kw>
<kw name="Dictionary Should Contain Key" owner="Collections">
<msg time="2024-03-26T18:16:54.245439" level="INFO">False</msg>
<arg>${json_data['results'][0]['login']}</arg>
<arg>${keyTwo}</arg>
<doc>Fails if ``key`` is not found from ``dictionary``.</doc>
<status status="PASS" start="2024-03-26T18:16:54.245055" elapsed="0.000422"/>
</kw>
<kw name="Log" owner="BuiltIn">
<msg time="2024-03-26T18:16:54.245900" level="INFO">password</msg>
<arg>${keyTwo}</arg>
<doc>Logs the given message with the given level.</doc>
<status status="PASS" start="2024-03-26T18:16:54.245770" elapsed="0.000169"/>
</kw>
<var name="${keyTwo}">password</var>
<status status="PASS" start="2024-03-26T18:16:54.244240" elapsed="0.001916"/>
</iter>
<var>${keyTwo}</var>
<value>@{expected_keysTwo}</value>
<status status="PASS" start="2024-03-26T18:16:54.241976" elapsed="0.004303"/>
</for>
<status status="PASS" start="2024-03-26T18:16:54.166082" elapsed="0.080344"/>
</kw>
<doc>Testa a estrutura da resposta da API.</doc>
<tag>testeEstruturaResposta</tag>
<status status="PASS" start="2024-03-26T18:16:54.165304" elapsed="0.081280"/>
</test>
<test id="s1-s1-t4" name="Validar tipos de dados" line="28">
<kw name="Teste de Tipos de Dados" owner="random-user-service">
<kw name="GET On Session" owner="RequestsLibrary">
<msg time="2024-03-26T18:16:54.328177" level="INFO">GET Request : url=https://randomuser.me/api 
 path_url=/api 
 headers={'User-Agent': 'python-requests/2.31.0', 'Accept-Encoding': 'gzip, deflate', 'Accept': '*/*', 'Connection': 'keep-alive'} 
 body=None 
 </msg>
<msg time="2024-03-26T18:16:54.328288" level="INFO">GET Response : url=https://randomuser.me/api 
 status=200, reason=OK 
 headers={'Date': 'Tue, 26 Mar 2024 18:16:54 GMT', 'Content-Type': 'application/json; charset=utf-8', 'Transfer-Encoding': 'chunked', 'Connection': 'keep-alive', 'X-Powered-By': 'Express', 'Access-Control-Allow-Origin': '*', 'Cache-Control': 'no-cache', 'ETag': 'W/"47d-FrV/1P/RyXGpwz9KIMxdwLL022Q"', 'Vary': 'Accept-Encoding', 'Content-Encoding': 'gzip', 'CF-Cache-Status': 'DYNAMIC', 'Report-To': '{"endpoints":[{"url":"https:\\/\\/a.nel.cloudflare.com\\/report\\/v4?s=qjjR4pm15FUkZ%2BOpWdm%2FqaoXuwAnrpRfQkUp3WCuaXUnwdjj1zwGP6WUgZ%2F2PYPH8EjbkOFAZ3iKbR1Lxh6q%2Brd%2FrQKMZXBs8%2BLoCUEKMz5FjUdRleG9WdiqAiNvmIJ%2F"}],"group":"cf-nel","max_age":604800}', 'NEL': '{"success_fraction":0,"report_to":"cf-nel","max_age":604800}', 'Server': 'cloudflare', 'CF-RAY': '86a9226b18805a46-IAD', 'alt-svc': 'h3=":443"; ma=86400'} 
 body={"results":[{"gender":"male","name":{"title":"Mr","first":"Gavrilo","last":"Jelačić"},"location":{"street":{"number":693,"name":"Moravska"},"city":"Sečanj","state":"Kolubara","country":"Serbia","postcode":57976,"coordinates":{"latitude":"61.8261","longitude":"-149.0617"},"timezone":{"offset":"+7:00","description":"Bangkok, Hanoi, Jakarta"}},"email":"gavrilo.jelacic@example.com","login":{"uuid":"44d19b28-c9ce-4428-bdff-5b655fdcdf07","username":"yellowwolf408","password":"sophie","salt":"WMX6siHn","md5":"d384af0ffa92badb782e5a4ac00b2e6b","sha1":"ef78c828a030d35d36d1319493f260012a0c5745","sha256":"40ed30f0ba516e1d109bb251703bfb43bde6b1afe286381eb39544ddea0c7ee2"},"dob":{"date":"1985-09-06T20:49:45.500Z","age":38},"registered":{"date":"2010-09-03T09:39:31.033Z","age":13},"phone":"019-8789-045","cell":"069-6631-808","id":{"name":"SID","value":"323751487"},"picture":{"large":"https://randomuser.me/api/portraits/men/31.jpg","medium":"https://randomuser.me/api/portraits/med/men/31.jpg","thumbnail":"https://randomuser.me/api/portraits/thumb/men/31.jpg"},"nat":"RS"}],"info":{"seed":"da5024778dca95f4","results":1,"page":1,"version":"1.4"}} 
 </msg>
<msg time="2024-03-26T18:16:54.328374" level="INFO">/opt/hostedtoolcache/Python/3.12.2/x64/lib/python3.12/site-packages/urllib3/connectionpool.py:1103: InsecureRequestWarning: Unverified HTTPS request is being made to host 'randomuser.me'. Adding certificate verification is strongly advised. See: https://urllib3.readthedocs.io/en/latest/advanced-usage.html#tls-warnings
  warnings.warn(</msg>
<msg time="2024-03-26T18:16:54.328501" level="INFO">${response} = &lt;Response [200]&gt;</msg>
<var>${response}</var>
<arg>consultarAPI</arg>
<arg>/api</arg>
<doc>Sends a GET request on a previously created HTTP Session.</doc>
<status status="PASS" start="2024-03-26T18:16:54.249074" elapsed="0.079468"/>
</kw>
<kw name="Set Variable" owner="BuiltIn">
<msg time="2024-03-26T18:16:54.329611" level="INFO">${json_data} = {'results': [{'gender': 'male', 'name': {'title': 'Mr', 'first': 'Gavrilo', 'last': 'Jelačić'}, 'location': {'street': {'number': 693, 'name': 'Moravska'}, 'city': 'Sečanj', 'state': 'Kolubara', 'coun...</msg>
<var>${json_data}</var>
<arg>${response.json()}</arg>
<doc>Returns the given values which can then be assigned to a variables.</doc>
<status status="PASS" start="2024-03-26T18:16:54.329059" elapsed="0.000584"/>
</kw>
<kw name="Log" owner="BuiltIn">
<msg time="2024-03-26T18:16:54.330132" level="INFO">{'results': [{'gender': 'male', 'name': {'title': 'Mr', 'first': 'Gavrilo', 'last': 'Jelačić'}, 'location': {'street': {'number': 693, 'name': 'Moravska'}, 'city': 'Sečanj', 'state': 'Kolubara', 'country': 'Serbia', 'postcode': 57976, 'coordinates': {'latitude': '61.8261', 'longitude': '-149.0617'}, 'timezone': {'offset': '+7:00', 'description': 'Bangkok, Hanoi, Jakarta'}}, 'email': 'gavrilo.jelacic@example.com', 'login': {'uuid': '44d19b28-c9ce-4428-bdff-5b655fdcdf07', 'username': 'yellowwolf408', 'password': 'sophie', 'salt': 'WMX6siHn', 'md5': 'd384af0ffa92badb782e5a4ac00b2e6b', 'sha1': 'ef78c828a030d35d36d1319493f260012a0c5745', 'sha256': '40ed30f0ba516e1d109bb251703bfb43bde6b1afe286381eb39544ddea0c7ee2'}, 'dob': {'date': '1985-09-06T20:49:45.500Z', 'age': 38}, 'registered': {'date': '2010-09-03T09:39:31.033Z', 'age': 13}, 'phone': '019-8789-045', 'cell': '069-6631-808', 'id': {'name': 'SID', 'value': '323751487'}, 'picture': {'large': 'https://randomuser.me/api/portraits/men/31.jpg', 'medium': 'https://randomuser.me/api/portraits/med/men/31.jpg', 'thumbnail': 'https://randomuser.me/api/portraits/thumb/men/31.jpg'}, 'nat': 'RS'}], 'info': {'seed': 'da5024778dca95f4', 'results': 1, 'page': 1, 'version': '1.4'}}</msg>
<arg>${json_data}</arg>
<doc>Logs the given message with the given level.</doc>
<status status="PASS" start="2024-03-26T18:16:54.329967" elapsed="0.000259"/>
</kw>
<kw name="Should Be String" owner="String">
<arg>${json_data['results'][0]['gender']}</arg>
<doc>Fails if the given ``item`` is not a string.</doc>
<status status="PASS" start="2024-03-26T18:16:54.330531" elapsed="0.000367"/>
</kw>
<kw name="Should Match Regexp" owner="BuiltIn">
<arg>${json_data['results'][0]['email']}</arg>
<arg>^[a-zA-Z0-9._%+-]+@[a-zA-Z0-9.-]+\.[a-zA-Z]{2,}$</arg>
<doc>Fails if ``string`` does not match ``pattern`` as a regular expression.</doc>
<status status="PASS" start="2024-03-26T18:16:54.331092" elapsed="0.000549"/>
</kw>
<kw name="Should Match Regexp" owner="BuiltIn">
<arg>${json_data['results'][0]['dob']['date']}</arg>
<arg>\\d{4}-\\d{2}-\\d{2}T\\d{2}:\\d{2}:\\d{2}\\.\\d{3}Z</arg>
<doc>Fails if ``string`` does not match ``pattern`` as a regular expression.</doc>
<status status="PASS" start="2024-03-26T18:16:54.331840" elapsed="0.000490"/>
</kw>
<kw name="Should Match Regexp" owner="BuiltIn">
<arg>${json_data['results'][0]['registered']['date']}</arg>
<arg>\\d{4}-\\d{2}-\\d{2}T\\d{2}:\\d{2}:\\d{2}\\.\\d{3}Z</arg>
<doc>Fails if ``string`` does not match ``pattern`` as a regular expression.</doc>
<status status="PASS" start="2024-03-26T18:16:54.332526" elapsed="0.000368"/>
</kw>
<kw name="Should Match Regexp" owner="BuiltIn">
<arg>${json_data['results'][0]['picture']['large']}</arg>
<arg>^https?://.*\.(?:png|jpe?g|gif|bmp)$</arg>
<doc>Fails if ``string`` does not match ``pattern`` as a regular expression.</doc>
<status status="PASS" start="2024-03-26T18:16:54.333084" elapsed="0.000469"/>
</kw>
<kw name="Should Match Regexp" owner="BuiltIn">
<arg>${json_data['results'][0]['picture']['medium']}</arg>
<arg>^https?://.*\.(?:png|jpe?g|gif|bmp)$</arg>
<doc>Fails if ``string`` does not match ``pattern`` as a regular expression.</doc>
<status status="PASS" start="2024-03-26T18:16:54.333745" elapsed="0.000368"/>
</kw>
<kw name="Should Match Regexp" owner="BuiltIn">
<arg>${json_data['results'][0]['picture']['thumbnail']}</arg>
<arg>^https?://.*\.(?:png|jpe?g|gif|bmp)$</arg>
<doc>Fails if ``string`` does not match ``pattern`` as a regular expression.</doc>
<status status="PASS" start="2024-03-26T18:16:54.334299" elapsed="0.000350"/>
</kw>
<kw name="Log" owner="BuiltIn">
<msg time="2024-03-26T18:16:54.335158" level="INFO">{'large': 'https://randomuser.me/api/portraits/men/31.jpg', 'medium': 'https://randomuser.me/api/portraits/med/men/31.jpg', 'thumbnail': 'https://randomuser.me/api/portraits/thumb/men/31.jpg'}</msg>
<arg>${json_data['results'][0]['picture']}</arg>
<doc>Logs the given message with the given level.</doc>
<status status="PASS" start="2024-03-26T18:16:54.334831" elapsed="0.000376"/>
</kw>
<status status="PASS" start="2024-03-26T18:16:54.248845" elapsed="0.086621"/>
</kw>
<kw name="Teste de Tipos de Dados - Postcode" owner="random-user-service">
<kw name="GET On Session" owner="RequestsLibrary">
<msg time="2024-03-26T18:16:54.429426" level="INFO">GET Request : url=https://randomuser.me/api 
 path_url=/api 
 headers={'User-Agent': 'python-requests/2.31.0', 'Accept-Encoding': 'gzip, deflate', 'Accept': '*/*', 'Connection': 'keep-alive'} 
 body=None 
 </msg>
<msg time="2024-03-26T18:16:54.429519" level="INFO">GET Response : url=https://randomuser.me/api 
 status=200, reason=OK 
 headers={'Date': 'Tue, 26 Mar 2024 18:16:54 GMT', 'Content-Type': 'application/json; charset=utf-8', 'Transfer-Encoding': 'chunked', 'Connection': 'keep-alive', 'X-Powered-By': 'Express', 'Access-Control-Allow-Origin': '*', 'Cache-Control': 'no-cache', 'ETag': 'W/"487-/9mk/sVUrstOHHtT5pZeWaDmHRI"', 'Vary': 'Accept-Encoding', 'Content-Encoding': 'gzip', 'CF-Cache-Status': 'DYNAMIC', 'Report-To': '{"endpoints":[{"url":"https:\\/\\/a.nel.cloudflare.com\\/report\\/v4?s=x1U80WL8P1mJAeHk6SpR1hqTLqNioEGRSv0NpIwsk0gxHecreWf0aJwikj3xl1BmozxXRahHaiTsSzS882VV%2FvYMVoXIKurwkFqX0HcaVQywrM0tBKRB0ovnxH3xpjxp"}],"group":"cf-nel","max_age":604800}', 'NEL': '{"success_fraction":0,"report_to":"cf-nel","max_age":604800}', 'Server': 'cloudflare', 'CF-RAY': '86a9226b99115a46-IAD', 'alt-svc': 'h3=":443"; ma=86400'} 
 body={"results":[{"gender":"female","name":{"title":"Ms","first":"Ayla","last":"Moore"},"location":{"street":{"number":2458,"name":"Anzac Drive"},"city":"Wellington","state":"Nelson","country":"New Zealand","postcode":53697,"coordinates":{"latitude":"48.1063","longitude":"145.9280"},"timezone":{"offset":"+8:00","description":"Beijing, Perth, Singapore, Hong Kong"}},"email":"ayla.moore@example.com","login":{"uuid":"28dd30e7-7615-4c45-a2d1-904aa93dba84","username":"bigmeercat131","password":"skunk","salt":"ygxVrvzi","md5":"d9ddf31b09a5ff668d7fb85593918566","sha1":"cae1e5499afb91c130f41721882b9d683608f58b","sha256":"46fbe1ccff4dd9cca38bc18b07aeb455416a453a3a5fdb5c8b6044997de2724e"},"dob":{"date":"1961-06-16T21:22:01.552Z","age":62},"registered":{"date":"2015-07-21T06:57:46.830Z","age":8},"phone":"(528)-765-2570","cell":"(875)-254-6850","id":{"name":"","value":null},"picture":{"large":"https://randomuser.me/api/portraits/women/64.jpg","medium":"https://randomuser.me/api/portraits/med/women/64.jpg","thumbnail":"https://randomuser.me/api/portraits/thumb/women/64.jpg"},"nat":"NZ"}],"info":{"seed":"9ed9df20c1260dad","results":1,"page":1,"version":"1.4"}} 
 </msg>
<msg time="2024-03-26T18:16:54.429609" level="INFO">/opt/hostedtoolcache/Python/3.12.2/x64/lib/python3.12/site-packages/urllib3/connectionpool.py:1103: InsecureRequestWarning: Unverified HTTPS request is being made to host 'randomuser.me'. Adding certificate verification is strongly advised. See: https://urllib3.readthedocs.io/en/latest/advanced-usage.html#tls-warnings
  warnings.warn(</msg>
<msg time="2024-03-26T18:16:54.429717" level="INFO">${response} = &lt;Response [200]&gt;</msg>
<var>${response}</var>
<arg>consultarAPI</arg>
<arg>/api</arg>
<doc>Sends a GET request on a previously created HTTP Session.</doc>
<status status="PASS" start="2024-03-26T18:16:54.336144" elapsed="0.093615"/>
</kw>
<kw name="Set Variable" owner="BuiltIn">
<msg time="2024-03-26T18:16:54.430678" level="INFO">${json_data} = {'results': [{'gender': 'female', 'name': {'title': 'Ms', 'first': 'Ayla', 'last': 'Moore'}, 'location': {'street': {'number': 2458, 'name': 'Anzac Drive'}, 'city': 'Wellington', 'state': 'Nelson', 'c...</msg>
<var>${json_data}</var>
<arg>${response.json()}</arg>
<doc>Returns the given values which can then be assigned to a variables.</doc>
<status status="PASS" start="2024-03-26T18:16:54.430208" elapsed="0.000498"/>
</kw>
<kw name="Log" owner="BuiltIn">
<msg time="2024-03-26T18:16:54.431163" level="INFO">{'results': [{'gender': 'female', 'name': {'title': 'Ms', 'first': 'Ayla', 'last': 'Moore'}, 'location': {'street': {'number': 2458, 'name': 'Anzac Drive'}, 'city': 'Wellington', 'state': 'Nelson', 'country': 'New Zealand', 'postcode': 53697, 'coordinates': {'latitude': '48.1063', 'longitude': '145.9280'}, 'timezone': {'offset': '+8:00', 'description': 'Beijing, Perth, Singapore, Hong Kong'}}, 'email': 'ayla.moore@example.com', 'login': {'uuid': '28dd30e7-7615-4c45-a2d1-904aa93dba84', 'username': 'bigmeercat131', 'password': 'skunk', 'salt': 'ygxVrvzi', 'md5': 'd9ddf31b09a5ff668d7fb85593918566', 'sha1': 'cae1e5499afb91c130f41721882b9d683608f58b', 'sha256': '46fbe1ccff4dd9cca38bc18b07aeb455416a453a3a5fdb5c8b6044997de2724e'}, 'dob': {'date': '1961-06-16T21:22:01.552Z', 'age': 62}, 'registered': {'date': '2015-07-21T06:57:46.830Z', 'age': 8}, 'phone': '(528)-765-2570', 'cell': '(875)-254-6850', 'id': {'name': '', 'value': None}, 'picture': {'large': 'https://randomuser.me/api/portraits/women/64.jpg', 'medium': 'https://randomuser.me/api/portraits/med/women/64.jpg', 'thumbnail': 'https://randomuser.me/api/portraits/thumb/women/64.jpg'}, 'nat': 'NZ'}], 'info': {'seed': '9ed9df20c1260dad', 'results': 1, 'page': 1, 'version': '1.4'}}</msg>
<arg>${json_data}</arg>
<doc>Logs the given message with the given level.</doc>
<status status="PASS" start="2024-03-26T18:16:54.431007" elapsed="0.000237"/>
</kw>
<kw name="Should Be Equal As Numbers" owner="BuiltIn">
<arg>${json_data['results'][0]['location']['postcode']}</arg>
<arg>${json_data['results'][0]['location']['postcode']}</arg>
<doc>Fails if objects are unequal after converting them to real numbers.</doc>
<status status="PASS" start="2024-03-26T18:16:54.431580" elapsed="0.000640"/>
</kw>
<kw name="Log" owner="BuiltIn">
<msg time="2024-03-26T18:16:54.432751" level="INFO">53697</msg>
<arg>${json_data['results'][0]['location']['postcode']}</arg>
<doc>Logs the given message with the given level.</doc>
<status status="PASS" start="2024-03-26T18:16:54.432414" elapsed="0.000379"/>
</kw>
<status status="PASS" start="2024-03-26T18:16:54.335739" elapsed="0.097311"/>
</kw>
<doc>Testa se os tipos de dados na resposta da API estão corretos.</doc>
<tag>testeTiposDados</tag>
<status status="PASS" start="2024-03-26T18:16:54.248395" elapsed="0.184830"/>
</test>
<test id="s1-s1-t5" name="Validar conteudo" line="35">
<kw name="Teste de Tipos de Conteudo" owner="random-user-service">
<kw name="GET On Session" owner="RequestsLibrary">
<msg time="2024-03-26T18:16:54.525615" level="INFO">GET Request : url=https://randomuser.me/api 
 path_url=/api 
 headers={'User-Agent': 'python-requests/2.31.0', 'Accept-Encoding': 'gzip, deflate', 'Accept': '*/*', 'Connection': 'keep-alive'} 
 body=None 
 </msg>
<msg time="2024-03-26T18:16:54.525726" level="INFO">GET Response : url=https://randomuser.me/api 
 status=200, reason=OK 
 headers={'Date': 'Tue, 26 Mar 2024 18:16:54 GMT', 'Content-Type': 'application/json; charset=utf-8', 'Transfer-Encoding': 'chunked', 'Connection': 'keep-alive', 'X-Powered-By': 'Express', 'Access-Control-Allow-Origin': '*', 'Cache-Control': 'no-cache', 'ETag': 'W/"492-DoaWYBtJcIXpIhnA2nzvO+si9ug"', 'Vary': 'Accept-Encoding', 'Content-Encoding': 'gzip', 'CF-Cache-Status': 'DYNAMIC', 'Report-To': '{"endpoints":[{"url":"https:\\/\\/a.nel.cloudflare.com\\/report\\/v4?s=2dK66f2YpRJNaYr%2Ba%2F3MFbZQpjysSmHzrCYsGXizekZCm105qsfuYJCals6aN%2BhNziDgSVYPuLUOSHxptEiiLlWm7dPdi1bkNJTaKgYqQV2fHI5Ai7YkpIP%2BEha16Rtz"}],"group":"cf-nel","max_age":604800}', 'NEL': '{"success_fraction":0,"report_to":"cf-nel","max_age":604800}', 'Server': 'cloudflare', 'CF-RAY': '86a9226c49c65a46-IAD', 'alt-svc': 'h3=":443"; ma=86400'} 
 body={"results":[{"gender":"female","name":{"title":"Mrs","first":"Hafssa","last":"Kaandorp"},"location":{"street":{"number":4853,"name":"Horstveld"},"city":"Heerenveen","state":"Limburg","country":"Netherlands","postcode":"0384 DZ","coordinates":{"latitude":"33.0968","longitude":"160.8087"},"timezone":{"offset":"-1:00","description":"Azores, Cape Verde Islands"}},"email":"hafssa.kaandorp@example.com","login":{"uuid":"55567c57-3257-45d1-bc6a-074d57483cf6","username":"redbear539","password":"godfathe","salt":"huEt1gEU","md5":"597a9635d3d7a997d1383d56ae73c5cc","sha1":"03052e2bfb28050c211d0408d06ee66c15b24905","sha256":"ed81219e6fbeb7361f20ed0cb5c36e000c914ad9aa8f6b869262d483cfbd6068"},"dob":{"date":"1961-09-24T11:21:36.408Z","age":62},"registered":{"date":"2019-09-16T05:12:36.956Z","age":4},"phone":"(043) 5279453","cell":"(06) 93311466","id":{"name":"BSN","value":"22574921"},"picture":{"large":"https://randomuser.me/api/portraits/women/31.jpg","medium":"https://randomuser.me/api/portraits/med/women/31.jpg","thumbnail":"https://randomuser.me/api/portraits/thumb/women/31.jpg"},"nat":"NL"}],"info":{"seed":"dd07922b20ce15ab","results":1,"page":1,"version":"1.4"}} 
 </msg>
<msg time="2024-03-26T18:16:54.525806" level="INFO">/opt/hostedtoolcache/Python/3.12.2/x64/lib/python3.12/site-packages/urllib3/connectionpool.py:1103: InsecureRequestWarning: Unverified HTTPS request is being made to host 'randomuser.me'. Adding certificate verification is strongly advised. See: https://urllib3.readthedocs.io/en/latest/advanced-usage.html#tls-warnings
  warnings.warn(</msg>
<msg time="2024-03-26T18:16:54.525926" level="INFO">${response} = &lt;Response [200]&gt;</msg>
<var>${response}</var>
<arg>consultarAPI</arg>
<arg>/api</arg>
<doc>Sends a GET request on a previously created HTTP Session.</doc>
<status status="PASS" start="2024-03-26T18:16:54.436071" elapsed="0.089897"/>
</kw>
<kw name="Set Variable" owner="BuiltIn">
<msg time="2024-03-26T18:16:54.527033" level="INFO">${json_data} = {'results': [{'gender': 'female', 'name': {'title': 'Mrs', 'first': 'Hafssa', 'last': 'Kaandorp'}, 'location': {'street': {'number': 4853, 'name': 'Horstveld'}, 'city': 'Heerenveen', 'state': 'Limburg...</msg>
<var>${json_data}</var>
<arg>${response.json()}</arg>
<doc>Returns the given values which can then be assigned to a variables.</doc>
<status status="PASS" start="2024-03-26T18:16:54.526499" elapsed="0.000564"/>
</kw>
<kw name="Set Variable" owner="BuiltIn">
<msg time="2024-03-26T18:16:54.527802" level="INFO">${name_title} = Mrs</msg>
<var>${name_title}</var>
<arg>${json_data["results"][0]["name"]["title"]}</arg>
<doc>Returns the given values which can then be assigned to a variables.</doc>
<status status="PASS" start="2024-03-26T18:16:54.527379" elapsed="0.000450"/>
</kw>
<kw name="Create List" owner="BuiltIn">
<msg time="2024-03-26T18:16:54.528290" level="INFO">${allowed_titles} = ['Mr', 'Ms', 'Miss', 'Mrs', 'Madame', 'Monsieur']</msg>
<var>${allowed_titles}</var>
<arg>Mr</arg>
<arg>Ms</arg>
<arg>Miss</arg>
<arg>Mrs</arg>
<arg>Madame</arg>
<arg>Monsieur</arg>
<doc>Returns a list containing given items.</doc>
<status status="PASS" start="2024-03-26T18:16:54.528135" elapsed="0.000181"/>
</kw>
<kw name="List Should Contain Value" owner="Collections">
<msg time="2024-03-26T18:16:54.528807" level="INFO">False</msg>
<arg>${allowed_titles}</arg>
<arg>${name_title}</arg>
<doc>Fails if the ``value`` is not found from ``list``.</doc>
<status status="PASS" start="2024-03-26T18:16:54.528627" elapsed="0.000219"/>
</kw>
<kw name="Set Variable" owner="BuiltIn">
<msg time="2024-03-26T18:16:54.529528" level="INFO">${name_country} = NL</msg>
<var>${name_country}</var>
<arg>${json_data["results"][0]["nat"]}</arg>
<doc>Returns the given values which can then be assigned to a variables.</doc>
<status status="PASS" start="2024-03-26T18:16:54.529145" elapsed="0.000408"/>
</kw>
<kw name="Create List" owner="BuiltIn">
<msg time="2024-03-26T18:16:54.530534" level="INFO">${list_country} = ['AD', 'AE', 'AF', 'AG', 'AI', 'AL', 'AM', 'AO', 'AQ', 'AR', 'AS', 'AT', 'AU', 'AW', 'AX', 'AZ', 'BA', 'BB', 'BD', 'BE', 'BF', 'BG', 'BH', 'BI', 'BJ', 'BL', 'BM', 'BN', 'BO', 'BQ', 'BR', 'BS', 'BT', '...</msg>
<var>${list_country}</var>
<arg>AD</arg>
<arg>AE</arg>
<arg>AF</arg>
<arg>AG</arg>
<arg>AI</arg>
<arg>AL</arg>
<arg>AM</arg>
<arg>AO</arg>
<arg>AQ</arg>
<arg>AR</arg>
<arg>AS</arg>
<arg>AT</arg>
<arg>AU</arg>
<arg>AW</arg>
<arg>AX</arg>
<arg>AZ</arg>
<arg>BA</arg>
<arg>BB</arg>
<arg>BD</arg>
<arg>BE</arg>
<arg>BF</arg>
<arg>BG</arg>
<arg>BH</arg>
<arg>BI</arg>
<arg>BJ</arg>
<arg>BL</arg>
<arg>BM</arg>
<arg>BN</arg>
<arg>BO</arg>
<arg>BQ</arg>
<arg>BR</arg>
<arg>BS</arg>
<arg>BT</arg>
<arg>BV</arg>
<arg>BW</arg>
<arg>BY</arg>
<arg>BZ</arg>
<arg>CA</arg>
<arg>CC</arg>
<arg>CD</arg>
<arg>CF</arg>
<arg>CG</arg>
<arg>CH</arg>
<arg>CI</arg>
<arg>CK</arg>
<arg>CL</arg>
<arg>CM</arg>
<arg>CN</arg>
<arg>CO</arg>
<arg>CR</arg>
<arg>CU</arg>
<arg>CV</arg>
<arg>CW</arg>
<arg>CX</arg>
<arg>CY</arg>
<arg>CZ</arg>
<arg>DE</arg>
<arg>DJ</arg>
<arg>DK</arg>
<arg>DM</arg>
<arg>DO</arg>
<arg>DZ</arg>
<arg>EC</arg>
<arg>EE</arg>
<arg>EG</arg>
<arg>EH</arg>
<arg>ER</arg>
<arg>ES</arg>
<arg>ET</arg>
<arg>FI</arg>
<arg>FJ</arg>
<arg>FK</arg>
<arg>FM</arg>
<arg>FO</arg>
<arg>FR</arg>
<arg>GA</arg>
<arg>GB</arg>
<arg>GD</arg>
<arg>GE</arg>
<arg>GF</arg>
<arg>GG</arg>
<arg>GH</arg>
<arg>GI</arg>
<arg>GL</arg>
<arg>GM</arg>
<arg>GN</arg>
<arg>GP</arg>
<arg>GQ</arg>
<arg>GR</arg>
<arg>GS</arg>
<arg>GT</arg>
<arg>GU</arg>
<arg>GW</arg>
<arg>GY</arg>
<arg>HK</arg>
<arg>HM</arg>
<arg>HN</arg>
<arg>HR</arg>
<arg>HT</arg>
<arg>HU</arg>
<arg>ID</arg>
<arg>IE</arg>
<arg>IL</arg>
<arg>IM</arg>
<arg>IN</arg>
<arg>IO</arg>
<arg>IQ</arg>
<arg>IR</arg>
<arg>IS</arg>
<arg>IT</arg>
<arg>JE</arg>
<arg>JM</arg>
<arg>JO</arg>
<arg>JP</arg>
<arg>KE</arg>
<arg>KG</arg>
<arg>KH</arg>
<arg>KI</arg>
<arg>KM</arg>
<arg>KN</arg>
<arg>KP</arg>
<arg>KR</arg>
<arg>KW</arg>
<arg>KY</arg>
<arg>KZ</arg>
<arg>LA</arg>
<arg>LB</arg>
<arg>LC</arg>
<arg>LI</arg>
<arg>LK</arg>
<arg>LR</arg>
<arg>LS</arg>
<arg>LT</arg>
<arg>LU</arg>
<arg>LV</arg>
<arg>LY</arg>
<arg>MA</arg>
<arg>MC</arg>
<arg>MD</arg>
<arg>ME</arg>
<arg>MF</arg>
<arg>MG</arg>
<arg>MH</arg>
<arg>MK</arg>
<arg>ML</arg>
<arg>MM</arg>
<arg>MN</arg>
<arg>MO</arg>
<arg>MP</arg>
<arg>MQ</arg>
<arg>MR</arg>
<arg>MS</arg>
<arg>MT</arg>
<arg>MU</arg>
<arg>MV</arg>
<arg>MW</arg>
<arg>MX</arg>
<arg>MY</arg>
<arg>MZ</arg>
<arg>NA</arg>
<arg>NC</arg>
<arg>NE</arg>
<arg>NF</arg>
<arg>NG</arg>
<arg>NI</arg>
<arg>NL</arg>
<arg>NO</arg>
<arg>NP</arg>
<arg>NR</arg>
<arg>NU</arg>
<arg>NZ</arg>
<arg>OM</arg>
<arg>PA</arg>
<arg>PE</arg>
<arg>PF</arg>
<arg>PG</arg>
<arg>PH</arg>
<arg>PK</arg>
<arg>PL</arg>
<arg>PM</arg>
<arg>PN</arg>
<arg>PR</arg>
<arg>PS</arg>
<arg>PT</arg>
<arg>PW</arg>
<arg>PY</arg>
<arg>QA</arg>
<arg>RE</arg>
<arg>RO</arg>
<arg>RS</arg>
<arg>RU</arg>
<arg>RW</arg>
<arg>SA</arg>
<arg>SB</arg>
<arg>SC</arg>
<arg>SD</arg>
<arg>SE</arg>
<arg>SG</arg>
<arg>SH</arg>
<arg>SI</arg>
<arg>SJ</arg>
<arg>SK</arg>
<arg>SL</arg>
<arg>SM</arg>
<arg>SN</arg>
<arg>SO</arg>
<arg>SR</arg>
<arg>SS</arg>
<arg>ST</arg>
<arg>SV</arg>
<arg>SX</arg>
<arg>SY</arg>
<arg>SZ</arg>
<arg>TC</arg>
<arg>TD</arg>
<arg>TF</arg>
<arg>TG</arg>
<arg>TH</arg>
<arg>TJ</arg>
<arg>TK</arg>
<arg>TL</arg>
<arg>TM</arg>
<arg>TN</arg>
<arg>TO</arg>
<arg>TR</arg>
<arg>TT</arg>
<arg>TV</arg>
<arg>TW</arg>
<arg>TZ</arg>
<arg>UA</arg>
<arg>UG</arg>
<arg>UM</arg>
<arg>US</arg>
<arg>UY</arg>
<arg>UZ</arg>
<arg>VA</arg>
<arg>VC</arg>
<arg>VE</arg>
<arg>VG</arg>
<arg>VI</arg>
<arg>VN</arg>
<arg>VU</arg>
<arg>WF</arg>
<arg>WS</arg>
<arg>XK</arg>
<arg>YE</arg>
<arg>YT</arg>
<arg>ZA</arg>
<arg>ZM</arg>
<arg>ZW</arg>
<doc>Returns a list containing given items.</doc>
<status status="PASS" start="2024-03-26T18:16:54.529920" elapsed="0.000642"/>
</kw>
<kw name="List Should Contain Value" owner="Collections">
<msg time="2024-03-26T18:16:54.531716" level="INFO">False</msg>
<arg>${list_country}</arg>
<arg>${name_country}</arg>
<doc>Fails if the ``value`` is not found from ``list``.</doc>
<status status="PASS" start="2024-03-26T18:16:54.531484" elapsed="0.000271"/>
</kw>
<kw name="Run Keyword If" owner="BuiltIn">
<kw name="Should Be True" owner="BuiltIn">
<arg>${True}</arg>
<doc>Fails if the given condition is not true.</doc>
<status status="PASS" start="2024-03-26T18:16:54.532848" elapsed="0.000148"/>
</kw>
<arg>${json_data["results"][0]["location"]["coordinates"]["latitude"]} &gt;= -90 and ${json_data["results"][0]["location"]["coordinates"]["latitude"]} &lt;= 90</arg>
<arg>Should Be True</arg>
<arg>${True}</arg>
<doc>Runs the given keyword with the given arguments, if ``condition`` is true.</doc>
<status status="PASS" start="2024-03-26T18:16:54.532074" elapsed="0.001052"/>
</kw>
<kw name="Run Keyword If" owner="BuiltIn">
<kw name="Should Be True" owner="BuiltIn">
<arg>${True}</arg>
<doc>Fails if the given condition is not true.</doc>
<status status="PASS" start="2024-03-26T18:16:54.534023" elapsed="0.000141"/>
</kw>
<arg>${json_data["results"][0]["location"]["coordinates"]["longitude"]} &gt;= -180 and ${json_data["results"][0]["location"]["coordinates"]["longitude"]} &lt;= 180</arg>
<arg>Should Be True</arg>
<arg>${True}</arg>
<doc>Runs the given keyword with the given arguments, if ``condition`` is true.</doc>
<status status="PASS" start="2024-03-26T18:16:54.533314" elapsed="0.000980"/>
</kw>
<status status="PASS" start="2024-03-26T18:16:54.435685" elapsed="0.098744"/>
</kw>
<doc>Testa o conteúdo específico dos campos retornados pela API.</doc>
<tag>testeConteudo</tag>
<status status="PASS" start="2024-03-26T18:16:54.435005" elapsed="0.099583"/>
</test>
<status status="PASS" start="2024-03-26T18:16:53.704909" elapsed="0.831705"/>
</suite>
<status status="PASS" start="2024-03-26T18:16:53.691112" elapsed="0.850984"/>
</suite>
<statistics>
<total>
<stat pass="5" fail="0" skip="0">All Tests</stat>
</total>
<tag>
<stat pass="1" fail="0" skip="0">testeConteudo</stat>
<stat pass="1" fail="0" skip="0">testeEstruturaResposta</stat>
<stat pass="1" fail="0" skip="0">testeRequisicaoBasica</stat>
<stat pass="1" fail="0" skip="0">testeTiposDados</stat>
</tag>
<suite>
<stat pass="5" fail="0" skip="0" id="s1" name="Tests">Tests</stat>
<stat pass="5" fail="0" skip="0" id="s1-s1" name="Random-User-Test">Tests.Random-User-Test</stat>
</suite>
</statistics>
<errors>
</errors>
</robot>
