<?xml version="1.0" encoding="UTF-8"?>
<robot generator="Robot 7.0 (Python 3.12.3 on linux)" generated="2024-05-07T11:13:29.397540" rpa="false" schemaversion="5">
<suite id="s1" name="Tests" source="/home/runner/work/DesafioQAItauRogerioJordao/DesafioQAItauRogerioJordao/RamdonUser/tests">
<suite id="s1-s1" name="Random-User-Test" source="/home/runner/work/DesafioQAItauRogerioJordao/DesafioQAItauRogerioJordao/RamdonUser/tests/random-user-test.robot">
<test id="s1-s1-t1" name="Conectar" line="13">
<kw name="Conectar API" owner="random-user-service">
<kw name="Create Session" owner="RequestsLibrary">
<msg time="2024-05-07T11:13:29.775152" level="INFO">Creating Session using : alias=consultarAPI, url=https://randomuser.me/, headers={},                     cookies={}, auth=None, timeout=None, proxies=None, verify=False,                     debug=0 </msg>
<arg>consultarAPI</arg>
<arg>${URL}</arg>
<doc>Create Session: create a HTTP session to a server</doc>
<status status="PASS" start="2024-05-07T11:13:29.774941" elapsed="0.000402"/>
</kw>
<status status="PASS" start="2024-05-07T11:13:29.773880" elapsed="0.001878"/>
</kw>
<status status="PASS" start="2024-05-07T11:13:29.773250" elapsed="0.002719"/>
</test>
<test id="s1-s1-t2" name="Validar retorno 200 e JSON Válido" line="16">
<kw name="Teste de Requisicao Basica" owner="random-user-service">
<kw name="GET On Session" owner="RequestsLibrary">
<msg time="2024-05-07T11:13:29.859476" level="INFO">GET Request : url=https://randomuser.me/api 
 path_url=/api 
 headers={'User-Agent': 'python-requests/2.31.0', 'Accept-Encoding': 'gzip, deflate', 'Accept': '*/*', 'Connection': 'keep-alive'} 
 body=None 
 </msg>
<msg time="2024-05-07T11:13:29.859638" level="INFO">GET Response : url=https://randomuser.me/api 
 status=200, reason=OK 
 headers={'Date': 'Tue, 07 May 2024 11:13:29 GMT', 'Content-Type': 'application/json; charset=utf-8', 'Transfer-Encoding': 'chunked', 'Connection': 'keep-alive', 'X-Powered-By': 'Express', 'Access-Control-Allow-Origin': '*', 'Cache-Control': 'no-cache', 'ETag': 'W/"496-1VnG4RsNfglh1X4UGtW2fuGBQdU"', 'Vary': 'Accept-Encoding', 'Content-Encoding': 'gzip', 'CF-Cache-Status': 'DYNAMIC', 'Report-To': '{"endpoints":[{"url":"https:\\/\\/a.nel.cloudflare.com\\/report\\/v4?s=746SLDQg5Oi5Ftsn%2BSzzulrVkDUv8sdGu%2B6dEBGBVSTaIhlcSuJKky4bJmXlnc9%2BtcoX%2Fx6sesqHKkZrJfJbk2e%2BA69Ivu%2BLzikPwVKTb7f%2BJtOllM6dqQxkY2cIv5zr"}],"group":"cf-nel","max_age":604800}', 'NEL': '{"success_fraction":0,"report_to":"cf-nel","max_age":604800}', 'Server': 'cloudflare', 'CF-RAY': '8800c7f15c332066-IAD', 'alt-svc': 'h3=":443"; ma=86400'} 
 body={"results":[{"gender":"male","name":{"title":"Mr","first":"Alwin","last":"Scholze"},"location":{"street":{"number":2964,"name":"Waldweg"},"city":"Mühlberg/Elbe","state":"Sachsen-Anhalt","country":"Germany","postcode":17179,"coordinates":{"latitude":"-52.5077","longitude":"-84.9299"},"timezone":{"offset":"+1:00","description":"Brussels, Copenhagen, Madrid, Paris"}},"email":"alwin.scholze@example.com","login":{"uuid":"0c74f9d1-f88c-4194-aabd-4f98c9ed976f","username":"sadsnake337","password":"nasty1","salt":"8FHUgJsM","md5":"b09f40c34af060f80586b190169c3b0e","sha1":"5e473e33f11950816e13964452a6aad9c16be339","sha256":"cb9bda1a0a6885ee0e9c4eae033d41f2187ee99b8bc09a4ca63e63961afcbb85"},"dob":{"date":"1999-12-07T21:53:26.930Z","age":24},"registered":{"date":"2013-11-11T12:16:20.691Z","age":10},"phone":"0858-8543980","cell":"0173-1377090","id":{"name":"SVNR","value":"49 071299 S 156"},"picture":{"large":"https://randomuser.me/api/portraits/men/50.jpg","medium":"https://randomuser.me/api/portraits/med/men/50.jpg","thumbnail":"https://randomuser.me/api/portraits/thumb/men/50.jpg"},"nat":"DE"}],"info":{"seed":"c7921d22d5928553","results":1,"page":1,"version":"1.4"}} 
 </msg>
<msg time="2024-05-07T11:13:29.859746" level="INFO">/opt/hostedtoolcache/Python/3.12.3/x64/lib/python3.12/site-packages/urllib3/connectionpool.py:1103: InsecureRequestWarning: Unverified HTTPS request is being made to host 'randomuser.me'. Adding certificate verification is strongly advised. See: https://urllib3.readthedocs.io/en/latest/advanced-usage.html#tls-warnings
  warnings.warn(</msg>
<msg time="2024-05-07T11:13:29.859903" level="INFO">${response} = &lt;Response [200]&gt;</msg>
<var>${response}</var>
<arg>consultarAPI</arg>
<arg>/api</arg>
<doc>Sends a GET request on a previously created HTTP Session.</doc>
<status status="PASS" start="2024-05-07T11:13:29.778785" elapsed="0.081161"/>
</kw>
<kw name="Should Be Equal As Numbers" owner="BuiltIn">
<msg time="2024-05-07T11:13:29.860923" level="INFO">Argument types are:
&lt;class 'int'&gt;
&lt;class 'str'&gt;</msg>
<arg>${response.status_code}</arg>
<arg>200</arg>
<doc>Fails if objects are unequal after converting them to real numbers.</doc>
<status status="PASS" start="2024-05-07T11:13:29.860460" elapsed="0.000534"/>
</kw>
<kw name="Log" owner="BuiltIn">
<msg time="2024-05-07T11:13:29.861784" level="INFO">200</msg>
<arg>${response.status_code}</arg>
<doc>Logs the given message with the given level.</doc>
<status status="PASS" start="2024-05-07T11:13:29.861382" elapsed="0.000448"/>
</kw>
<kw name="Set Variable" owner="BuiltIn">
<msg time="2024-05-07T11:13:29.862699" level="INFO">${json_data} = {'results': [{'gender': 'male', 'name': {'title': 'Mr', 'first': 'Alwin', 'last': 'Scholze'}, 'location': {'street': {'number': 2964, 'name': 'Waldweg'}, 'city': 'Mühlberg/Elbe', 'state': 'Sachsen-Anh...</msg>
<var>${json_data}</var>
<arg>${response.json()}</arg>
<doc>Returns the given values which can then be assigned to a variables.</doc>
<status status="PASS" start="2024-05-07T11:13:29.862216" elapsed="0.000514"/>
</kw>
<kw name="Dictionary Should Contain Key" owner="Collections">
<msg time="2024-05-07T11:13:29.863243" level="INFO">False</msg>
<arg>${json_data}</arg>
<arg>results</arg>
<doc>Fails if ``key`` is not found from ``dictionary``.</doc>
<status status="PASS" start="2024-05-07T11:13:29.863059" elapsed="0.000229"/>
</kw>
<status status="PASS" start="2024-05-07T11:13:29.778514" elapsed="0.085046"/>
</kw>
<doc>Testa se a API responde corretamente e retorna um objeto JSON válido.</doc>
<tag>testeRequisicaoBasica</tag>
<status status="PASS" start="2024-05-07T11:13:29.778001" elapsed="0.085754"/>
</test>
<test id="s1-s1-t3" name="Validar estrutura de resposta" line="22">
<kw name="Teste de Estrutura de Resposta" owner="random-user-service">
<kw name="GET On Session" owner="RequestsLibrary">
<msg time="2024-05-07T11:13:29.968599" level="INFO">GET Request : url=https://randomuser.me/api 
 path_url=/api 
 headers={'User-Agent': 'python-requests/2.31.0', 'Accept-Encoding': 'gzip, deflate', 'Accept': '*/*', 'Connection': 'keep-alive'} 
 body=None 
 </msg>
<msg time="2024-05-07T11:13:29.968707" level="INFO">GET Response : url=https://randomuser.me/api 
 status=200, reason=OK 
 headers={'Date': 'Tue, 07 May 2024 11:13:29 GMT', 'Content-Type': 'application/json; charset=utf-8', 'Transfer-Encoding': 'chunked', 'Connection': 'keep-alive', 'X-Powered-By': 'Express', 'Access-Control-Allow-Origin': '*', 'Cache-Control': 'no-cache', 'ETag': 'W/"485-bRiWkxf1KjQppmVzMVGSSGXQcGo"', 'Vary': 'Accept-Encoding', 'Content-Encoding': 'gzip', 'CF-Cache-Status': 'DYNAMIC', 'Report-To': '{"endpoints":[{"url":"https:\\/\\/a.nel.cloudflare.com\\/report\\/v4?s=hoay%2FU8JJB%2BXIJJRn1jjMyLYzstsxw0Fhmdm6MyNP3nZIYhhw6jZP3YMiAV0RVfbJWcyy3Q2s%2BzE7kBXZmyILqqws%2FUWQqJtgRyfU1Fup8cY4uObWjRR5q0hrfmWa5wR"}],"group":"cf-nel","max_age":604800}', 'NEL': '{"success_fraction":0,"report_to":"cf-nel","max_age":604800}', 'Server': 'cloudflare', 'CF-RAY': '8800c7f1ac862066-IAD', 'alt-svc': 'h3=":443"; ma=86400'} 
 body={"results":[{"gender":"male","name":{"title":"Mr","first":"Craig","last":"Chavez"},"location":{"street":{"number":5345,"name":"Crockett St"},"city":"Shepparton","state":"Tasmania","country":"Australia","postcode":8717,"coordinates":{"latitude":"-85.6130","longitude":"-114.4727"},"timezone":{"offset":"-3:00","description":"Brazil, Buenos Aires, Georgetown"}},"email":"craig.chavez@example.com","login":{"uuid":"32582ca5-469e-4a71-882e-fccb7ab593a7","username":"bigtiger957","password":"keegan","salt":"rzL5NDfX","md5":"ad3bb69d75a91bf0f33457543ce10574","sha1":"3cd344300a2bd1ff1b14b238bf262b993ff67c5e","sha256":"fe770c76ddfa52afd26bf74792b6b7e0b6958b2955bf0f7f69ea4ac429c996de"},"dob":{"date":"1988-05-16T03:30:57.224Z","age":35},"registered":{"date":"2018-07-02T23:58:42.627Z","age":5},"phone":"04-6636-1646","cell":"0413-667-092","id":{"name":"TFN","value":"338540095"},"picture":{"large":"https://randomuser.me/api/portraits/men/69.jpg","medium":"https://randomuser.me/api/portraits/med/men/69.jpg","thumbnail":"https://randomuser.me/api/portraits/thumb/men/69.jpg"},"nat":"AU"}],"info":{"seed":"364d419a47fba1f5","results":1,"page":1,"version":"1.4"}} 
 </msg>
<msg time="2024-05-07T11:13:29.968853" level="INFO">/opt/hostedtoolcache/Python/3.12.3/x64/lib/python3.12/site-packages/urllib3/connectionpool.py:1103: InsecureRequestWarning: Unverified HTTPS request is being made to host 'randomuser.me'. Adding certificate verification is strongly advised. See: https://urllib3.readthedocs.io/en/latest/advanced-usage.html#tls-warnings
  warnings.warn(</msg>
<msg time="2024-05-07T11:13:29.969006" level="INFO">${response} = &lt;Response [200]&gt;</msg>
<var>${response}</var>
<arg>consultarAPI</arg>
<arg>/api</arg>
<doc>Sends a GET request on a previously created HTTP Session.</doc>
<status status="PASS" start="2024-05-07T11:13:29.866547" elapsed="0.102510"/>
</kw>
<kw name="Set Variable" owner="BuiltIn">
<msg time="2024-05-07T11:13:29.970335" level="INFO">${json_data} = {'results': [{'gender': 'male', 'name': {'title': 'Mr', 'first': 'Craig', 'last': 'Chavez'}, 'location': {'street': {'number': 5345, 'name': 'Crockett St'}, 'city': 'Shepparton', 'state': 'Tasmania', ...</msg>
<var>${json_data}</var>
<arg>${response.json()}</arg>
<doc>Returns the given values which can then be assigned to a variables.</doc>
<status status="PASS" start="2024-05-07T11:13:29.969671" elapsed="0.000695"/>
</kw>
<kw name="Log" owner="BuiltIn">
<msg time="2024-05-07T11:13:29.970904" level="INFO">{'results': [{'gender': 'male', 'name': {'title': 'Mr', 'first': 'Craig', 'last': 'Chavez'}, 'location': {'street': {'number': 5345, 'name': 'Crockett St'}, 'city': 'Shepparton', 'state': 'Tasmania', 'country': 'Australia', 'postcode': 8717, 'coordinates': {'latitude': '-85.6130', 'longitude': '-114.4727'}, 'timezone': {'offset': '-3:00', 'description': 'Brazil, Buenos Aires, Georgetown'}}, 'email': 'craig.chavez@example.com', 'login': {'uuid': '32582ca5-469e-4a71-882e-fccb7ab593a7', 'username': 'bigtiger957', 'password': 'keegan', 'salt': 'rzL5NDfX', 'md5': 'ad3bb69d75a91bf0f33457543ce10574', 'sha1': '3cd344300a2bd1ff1b14b238bf262b993ff67c5e', 'sha256': 'fe770c76ddfa52afd26bf74792b6b7e0b6958b2955bf0f7f69ea4ac429c996de'}, 'dob': {'date': '1988-05-16T03:30:57.224Z', 'age': 35}, 'registered': {'date': '2018-07-02T23:58:42.627Z', 'age': 5}, 'phone': '04-6636-1646', 'cell': '0413-667-092', 'id': {'name': 'TFN', 'value': '338540095'}, 'picture': {'large': 'https://randomuser.me/api/portraits/men/69.jpg', 'medium': 'https://randomuser.me/api/portraits/med/men/69.jpg', 'thumbnail': 'https://randomuser.me/api/portraits/thumb/men/69.jpg'}, 'nat': 'AU'}], 'info': {'seed': '364d419a47fba1f5', 'results': 1, 'page': 1, 'version': '1.4'}}</msg>
<arg>${json_data}</arg>
<doc>Logs the given message with the given level.</doc>
<status status="PASS" start="2024-05-07T11:13:29.970729" elapsed="0.000225"/>
</kw>
<kw name="Dictionary Should Contain Key" owner="Collections">
<msg time="2024-05-07T11:13:29.971454" level="INFO">False</msg>
<arg>${json_data}</arg>
<arg>results</arg>
<doc>Fails if ``key`` is not found from ``dictionary``.</doc>
<status status="PASS" start="2024-05-07T11:13:29.971281" elapsed="0.000214"/>
</kw>
<kw name="Should Not Be Empty" owner="BuiltIn">
<msg time="2024-05-07T11:13:29.971954" level="INFO">Length is 2.</msg>
<arg>${json_data}</arg>
<doc>Verifies that the given item is not empty.</doc>
<status status="PASS" start="2024-05-07T11:13:29.971809" elapsed="0.000351"/>
</kw>
<kw name="Create List" owner="BuiltIn">
<msg time="2024-05-07T11:13:29.972640" level="INFO">${expected_keys} = ['gender', 'name', 'location', 'email', 'login']</msg>
<var>${expected_keys}</var>
<arg>gender</arg>
<arg>name</arg>
<arg>location</arg>
<arg>email</arg>
<arg>login</arg>
<doc>Returns a list containing given items.</doc>
<status status="PASS" start="2024-05-07T11:13:29.972477" elapsed="0.000189"/>
</kw>
<for flavor="IN">
<iter>
<kw name="Dictionary Should Contain Key" owner="Collections">
<msg time="2024-05-07T11:13:29.973732" level="INFO">False</msg>
<arg>${json_data['results'][0]}</arg>
<arg>${key}</arg>
<doc>Fails if ``key`` is not found from ``dictionary``.</doc>
<status status="PASS" start="2024-05-07T11:13:29.973287" elapsed="0.000486"/>
</kw>
<kw name="Log" owner="BuiltIn">
<msg time="2024-05-07T11:13:29.974525" level="INFO">{'gender': 'male', 'name': {'title': 'Mr', 'first': 'Craig', 'last': 'Chavez'}, 'location': {'street': {'number': 5345, 'name': 'Crockett St'}, 'city': 'Shepparton', 'state': 'Tasmania', 'country': 'Australia', 'postcode': 8717, 'coordinates': {'latitude': '-85.6130', 'longitude': '-114.4727'}, 'timezone': {'offset': '-3:00', 'description': 'Brazil, Buenos Aires, Georgetown'}}, 'email': 'craig.chavez@example.com', 'login': {'uuid': '32582ca5-469e-4a71-882e-fccb7ab593a7', 'username': 'bigtiger957', 'password': 'keegan', 'salt': 'rzL5NDfX', 'md5': 'ad3bb69d75a91bf0f33457543ce10574', 'sha1': '3cd344300a2bd1ff1b14b238bf262b993ff67c5e', 'sha256': 'fe770c76ddfa52afd26bf74792b6b7e0b6958b2955bf0f7f69ea4ac429c996de'}, 'dob': {'date': '1988-05-16T03:30:57.224Z', 'age': 35}, 'registered': {'date': '2018-07-02T23:58:42.627Z', 'age': 5}, 'phone': '04-6636-1646', 'cell': '0413-667-092', 'id': {'name': 'TFN', 'value': '338540095'}, 'picture': {'large': 'https://randomuser.me/api/portraits/men/69.jpg', 'medium': 'https://randomuser.me/api/portraits/med/men/69.jpg', 'thumbnail': 'https://randomuser.me/api/portraits/thumb/men/69.jpg'}, 'nat': 'AU'}</msg>
<arg>${json_data['results'][0]}</arg>
<doc>Logs the given message with the given level.</doc>
<status status="PASS" start="2024-05-07T11:13:29.974124" elapsed="0.000453"/>
</kw>
<kw name="Log" owner="BuiltIn">
<msg time="2024-05-07T11:13:29.975033" level="INFO">gender</msg>
<arg>${key}</arg>
<doc>Logs the given message with the given level.</doc>
<status status="PASS" start="2024-05-07T11:13:29.974896" elapsed="0.000177"/>
</kw>
<var name="${key}">gender</var>
<status status="PASS" start="2024-05-07T11:13:29.973150" elapsed="0.002150"/>
</iter>
<iter>
<kw name="Dictionary Should Contain Key" owner="Collections">
<msg time="2024-05-07T11:13:29.976037" level="INFO">False</msg>
<arg>${json_data['results'][0]}</arg>
<arg>${key}</arg>
<doc>Fails if ``key`` is not found from ``dictionary``.</doc>
<status status="PASS" start="2024-05-07T11:13:29.975632" elapsed="0.000445"/>
</kw>
<kw name="Log" owner="BuiltIn">
<msg time="2024-05-07T11:13:29.976808" level="INFO">{'gender': 'male', 'name': {'title': 'Mr', 'first': 'Craig', 'last': 'Chavez'}, 'location': {'street': {'number': 5345, 'name': 'Crockett St'}, 'city': 'Shepparton', 'state': 'Tasmania', 'country': 'Australia', 'postcode': 8717, 'coordinates': {'latitude': '-85.6130', 'longitude': '-114.4727'}, 'timezone': {'offset': '-3:00', 'description': 'Brazil, Buenos Aires, Georgetown'}}, 'email': 'craig.chavez@example.com', 'login': {'uuid': '32582ca5-469e-4a71-882e-fccb7ab593a7', 'username': 'bigtiger957', 'password': 'keegan', 'salt': 'rzL5NDfX', 'md5': 'ad3bb69d75a91bf0f33457543ce10574', 'sha1': '3cd344300a2bd1ff1b14b238bf262b993ff67c5e', 'sha256': 'fe770c76ddfa52afd26bf74792b6b7e0b6958b2955bf0f7f69ea4ac429c996de'}, 'dob': {'date': '1988-05-16T03:30:57.224Z', 'age': 35}, 'registered': {'date': '2018-07-02T23:58:42.627Z', 'age': 5}, 'phone': '04-6636-1646', 'cell': '0413-667-092', 'id': {'name': 'TFN', 'value': '338540095'}, 'picture': {'large': 'https://randomuser.me/api/portraits/men/69.jpg', 'medium': 'https://randomuser.me/api/portraits/med/men/69.jpg', 'thumbnail': 'https://randomuser.me/api/portraits/thumb/men/69.jpg'}, 'nat': 'AU'}</msg>
<arg>${json_data['results'][0]}</arg>
<doc>Logs the given message with the given level.</doc>
<status status="PASS" start="2024-05-07T11:13:29.976415" elapsed="0.000443"/>
</kw>
<kw name="Log" owner="BuiltIn">
<msg time="2024-05-07T11:13:29.977306" level="INFO">name</msg>
<arg>${key}</arg>
<doc>Logs the given message with the given level.</doc>
<status status="PASS" start="2024-05-07T11:13:29.977171" elapsed="0.000174"/>
</kw>
<var name="${key}">name</var>
<status status="PASS" start="2024-05-07T11:13:29.975506" elapsed="0.002069"/>
</iter>
<iter>
<kw name="Dictionary Should Contain Key" owner="Collections">
<msg time="2024-05-07T11:13:29.978337" level="INFO">False</msg>
<arg>${json_data['results'][0]}</arg>
<arg>${key}</arg>
<doc>Fails if ``key`` is not found from ``dictionary``.</doc>
<status status="PASS" start="2024-05-07T11:13:29.977888" elapsed="0.000488"/>
</kw>
<kw name="Log" owner="BuiltIn">
<msg time="2024-05-07T11:13:29.979095" level="INFO">{'gender': 'male', 'name': {'title': 'Mr', 'first': 'Craig', 'last': 'Chavez'}, 'location': {'street': {'number': 5345, 'name': 'Crockett St'}, 'city': 'Shepparton', 'state': 'Tasmania', 'country': 'Australia', 'postcode': 8717, 'coordinates': {'latitude': '-85.6130', 'longitude': '-114.4727'}, 'timezone': {'offset': '-3:00', 'description': 'Brazil, Buenos Aires, Georgetown'}}, 'email': 'craig.chavez@example.com', 'login': {'uuid': '32582ca5-469e-4a71-882e-fccb7ab593a7', 'username': 'bigtiger957', 'password': 'keegan', 'salt': 'rzL5NDfX', 'md5': 'ad3bb69d75a91bf0f33457543ce10574', 'sha1': '3cd344300a2bd1ff1b14b238bf262b993ff67c5e', 'sha256': 'fe770c76ddfa52afd26bf74792b6b7e0b6958b2955bf0f7f69ea4ac429c996de'}, 'dob': {'date': '1988-05-16T03:30:57.224Z', 'age': 35}, 'registered': {'date': '2018-07-02T23:58:42.627Z', 'age': 5}, 'phone': '04-6636-1646', 'cell': '0413-667-092', 'id': {'name': 'TFN', 'value': '338540095'}, 'picture': {'large': 'https://randomuser.me/api/portraits/men/69.jpg', 'medium': 'https://randomuser.me/api/portraits/med/men/69.jpg', 'thumbnail': 'https://randomuser.me/api/portraits/thumb/men/69.jpg'}, 'nat': 'AU'}</msg>
<arg>${json_data['results'][0]}</arg>
<doc>Logs the given message with the given level.</doc>
<status status="PASS" start="2024-05-07T11:13:29.978710" elapsed="0.000434"/>
</kw>
<kw name="Log" owner="BuiltIn">
<msg time="2024-05-07T11:13:29.979587" level="INFO">location</msg>
<arg>${key}</arg>
<doc>Logs the given message with the given level.</doc>
<status status="PASS" start="2024-05-07T11:13:29.979455" elapsed="0.000171"/>
</kw>
<var name="${key}">location</var>
<status status="PASS" start="2024-05-07T11:13:29.977769" elapsed="0.002086"/>
</iter>
<iter>
<kw name="Dictionary Should Contain Key" owner="Collections">
<msg time="2024-05-07T11:13:29.980572" level="INFO">False</msg>
<arg>${json_data['results'][0]}</arg>
<arg>${key}</arg>
<doc>Fails if ``key`` is not found from ``dictionary``.</doc>
<status status="PASS" start="2024-05-07T11:13:29.980163" elapsed="0.000450"/>
</kw>
<kw name="Log" owner="BuiltIn">
<msg time="2024-05-07T11:13:29.981311" level="INFO">{'gender': 'male', 'name': {'title': 'Mr', 'first': 'Craig', 'last': 'Chavez'}, 'location': {'street': {'number': 5345, 'name': 'Crockett St'}, 'city': 'Shepparton', 'state': 'Tasmania', 'country': 'Australia', 'postcode': 8717, 'coordinates': {'latitude': '-85.6130', 'longitude': '-114.4727'}, 'timezone': {'offset': '-3:00', 'description': 'Brazil, Buenos Aires, Georgetown'}}, 'email': 'craig.chavez@example.com', 'login': {'uuid': '32582ca5-469e-4a71-882e-fccb7ab593a7', 'username': 'bigtiger957', 'password': 'keegan', 'salt': 'rzL5NDfX', 'md5': 'ad3bb69d75a91bf0f33457543ce10574', 'sha1': '3cd344300a2bd1ff1b14b238bf262b993ff67c5e', 'sha256': 'fe770c76ddfa52afd26bf74792b6b7e0b6958b2955bf0f7f69ea4ac429c996de'}, 'dob': {'date': '1988-05-16T03:30:57.224Z', 'age': 35}, 'registered': {'date': '2018-07-02T23:58:42.627Z', 'age': 5}, 'phone': '04-6636-1646', 'cell': '0413-667-092', 'id': {'name': 'TFN', 'value': '338540095'}, 'picture': {'large': 'https://randomuser.me/api/portraits/men/69.jpg', 'medium': 'https://randomuser.me/api/portraits/med/men/69.jpg', 'thumbnail': 'https://randomuser.me/api/portraits/thumb/men/69.jpg'}, 'nat': 'AU'}</msg>
<arg>${json_data['results'][0]}</arg>
<doc>Logs the given message with the given level.</doc>
<status status="PASS" start="2024-05-07T11:13:29.980926" elapsed="0.000437"/>
</kw>
<kw name="Log" owner="BuiltIn">
<msg time="2024-05-07T11:13:29.981802" level="INFO">email</msg>
<arg>${key}</arg>
<doc>Logs the given message with the given level.</doc>
<status status="PASS" start="2024-05-07T11:13:29.981668" elapsed="0.000174"/>
</kw>
<var name="${key}">email</var>
<status status="PASS" start="2024-05-07T11:13:29.980046" elapsed="0.002069"/>
</iter>
<iter>
<kw name="Dictionary Should Contain Key" owner="Collections">
<msg time="2024-05-07T11:13:29.982837" level="INFO">False</msg>
<arg>${json_data['results'][0]}</arg>
<arg>${key}</arg>
<doc>Fails if ``key`` is not found from ``dictionary``.</doc>
<status status="PASS" start="2024-05-07T11:13:29.982419" elapsed="0.000458"/>
</kw>
<kw name="Log" owner="BuiltIn">
<msg time="2024-05-07T11:13:29.983581" level="INFO">{'gender': 'male', 'name': {'title': 'Mr', 'first': 'Craig', 'last': 'Chavez'}, 'location': {'street': {'number': 5345, 'name': 'Crockett St'}, 'city': 'Shepparton', 'state': 'Tasmania', 'country': 'Australia', 'postcode': 8717, 'coordinates': {'latitude': '-85.6130', 'longitude': '-114.4727'}, 'timezone': {'offset': '-3:00', 'description': 'Brazil, Buenos Aires, Georgetown'}}, 'email': 'craig.chavez@example.com', 'login': {'uuid': '32582ca5-469e-4a71-882e-fccb7ab593a7', 'username': 'bigtiger957', 'password': 'keegan', 'salt': 'rzL5NDfX', 'md5': 'ad3bb69d75a91bf0f33457543ce10574', 'sha1': '3cd344300a2bd1ff1b14b238bf262b993ff67c5e', 'sha256': 'fe770c76ddfa52afd26bf74792b6b7e0b6958b2955bf0f7f69ea4ac429c996de'}, 'dob': {'date': '1988-05-16T03:30:57.224Z', 'age': 35}, 'registered': {'date': '2018-07-02T23:58:42.627Z', 'age': 5}, 'phone': '04-6636-1646', 'cell': '0413-667-092', 'id': {'name': 'TFN', 'value': '338540095'}, 'picture': {'large': 'https://randomuser.me/api/portraits/men/69.jpg', 'medium': 'https://randomuser.me/api/portraits/med/men/69.jpg', 'thumbnail': 'https://randomuser.me/api/portraits/thumb/men/69.jpg'}, 'nat': 'AU'}</msg>
<arg>${json_data['results'][0]}</arg>
<doc>Logs the given message with the given level.</doc>
<status status="PASS" start="2024-05-07T11:13:29.983192" elapsed="0.000439"/>
</kw>
<kw name="Log" owner="BuiltIn">
<msg time="2024-05-07T11:13:29.984088" level="INFO">login</msg>
<arg>${key}</arg>
<doc>Logs the given message with the given level.</doc>
<status status="PASS" start="2024-05-07T11:13:29.983951" elapsed="0.000178"/>
</kw>
<var name="${key}">login</var>
<status status="PASS" start="2024-05-07T11:13:29.982300" elapsed="0.002058"/>
</iter>
<var>${key}</var>
<value>@{expected_keys}</value>
<status status="PASS" start="2024-05-07T11:13:29.972942" elapsed="0.011584"/>
</for>
<kw name="Create List" owner="BuiltIn">
<msg time="2024-05-07T11:13:29.984900" level="INFO">${expected_keysTwo} = ['username', 'password']</msg>
<var>${expected_keysTwo}</var>
<arg>username</arg>
<arg>password</arg>
<doc>Returns a list containing given items.</doc>
<status status="PASS" start="2024-05-07T11:13:29.984741" elapsed="0.000184"/>
</kw>
<for flavor="IN">
<iter>
<kw name="Dictionary Should Contain Key" owner="Collections">
<msg time="2024-05-07T11:13:29.985874" level="INFO">False</msg>
<arg>${json_data['results'][0]['login']}</arg>
<arg>${keyTwo}</arg>
<doc>Fails if ``key`` is not found from ``dictionary``.</doc>
<status status="PASS" start="2024-05-07T11:13:29.985461" elapsed="0.000478"/>
</kw>
<kw name="Dictionary Should Contain Key" owner="Collections">
<msg time="2024-05-07T11:13:29.986666" level="INFO">False</msg>
<arg>${json_data['results'][0]['login']}</arg>
<arg>${keyTwo}</arg>
<doc>Fails if ``key`` is not found from ``dictionary``.</doc>
<status status="PASS" start="2024-05-07T11:13:29.986252" elapsed="0.000455"/>
</kw>
<kw name="Log" owner="BuiltIn">
<msg time="2024-05-07T11:13:29.987151" level="INFO">username</msg>
<arg>${keyTwo}</arg>
<doc>Logs the given message with the given level.</doc>
<status status="PASS" start="2024-05-07T11:13:29.987017" elapsed="0.000180"/>
</kw>
<var name="${keyTwo}">username</var>
<status status="PASS" start="2024-05-07T11:13:29.985342" elapsed="0.002084"/>
</iter>
<iter>
<kw name="Dictionary Should Contain Key" owner="Collections">
<msg time="2024-05-07T11:13:29.988219" level="INFO">False</msg>
<arg>${json_data['results'][0]['login']}</arg>
<arg>${keyTwo}</arg>
<doc>Fails if ``key`` is not found from ``dictionary``.</doc>
<status status="PASS" start="2024-05-07T11:13:29.987728" elapsed="0.000533"/>
</kw>
<kw name="Dictionary Should Contain Key" owner="Collections">
<msg time="2024-05-07T11:13:29.988986" level="INFO">False</msg>
<arg>${json_data['results'][0]['login']}</arg>
<arg>${keyTwo}</arg>
<doc>Fails if ``key`` is not found from ``dictionary``.</doc>
<status status="PASS" start="2024-05-07T11:13:29.988575" elapsed="0.000450"/>
</kw>
<kw name="Log" owner="BuiltIn">
<msg time="2024-05-07T11:13:29.989463" level="INFO">password</msg>
<arg>${keyTwo}</arg>
<doc>Logs the given message with the given level.</doc>
<status status="PASS" start="2024-05-07T11:13:29.989330" elapsed="0.000172"/>
</kw>
<var name="${keyTwo}">password</var>
<status status="PASS" start="2024-05-07T11:13:29.987611" elapsed="0.002117"/>
</iter>
<var>${keyTwo}</var>
<value>@{expected_keysTwo}</value>
<status status="PASS" start="2024-05-07T11:13:29.985175" elapsed="0.004683"/>
</for>
<status status="PASS" start="2024-05-07T11:13:29.866290" elapsed="0.123756"/>
</kw>
<doc>Testa a estrutura da resposta da API.</doc>
<tag>testeEstruturaResposta</tag>
<status status="PASS" start="2024-05-07T11:13:29.865706" elapsed="0.124557"/>
</test>
<test id="s1-s1-t4" name="Validar tipos de dados" line="28">
<kw name="Teste de Tipos de Dados" owner="random-user-service">
<kw name="GET On Session" owner="RequestsLibrary">
<msg time="2024-05-07T11:13:30.062337" level="INFO">GET Request : url=https://randomuser.me/api 
 path_url=/api 
 headers={'User-Agent': 'python-requests/2.31.0', 'Accept-Encoding': 'gzip, deflate', 'Accept': '*/*', 'Connection': 'keep-alive'} 
 body=None 
 </msg>
<msg time="2024-05-07T11:13:30.062450" level="INFO">GET Response : url=https://randomuser.me/api 
 status=200, reason=OK 
 headers={'Date': 'Tue, 07 May 2024 11:13:30 GMT', 'Content-Type': 'application/json; charset=utf-8', 'Transfer-Encoding': 'chunked', 'Connection': 'keep-alive', 'X-Powered-By': 'Express', 'Access-Control-Allow-Origin': '*', 'Cache-Control': 'no-cache', 'ETag': 'W/"48f-PEuWNTB26sky5YtHth9bED/K7i4"', 'Vary': 'Accept-Encoding', 'Content-Encoding': 'gzip', 'CF-Cache-Status': 'DYNAMIC', 'Report-To': '{"endpoints":[{"url":"https:\\/\\/a.nel.cloudflare.com\\/report\\/v4?s=rLaOzIk8a2bkrBn4vd6aAv%2B1oIgIZDNwHVM99CktBWKBb0sxeP%2Bo4swsqZhsks6B9UiX%2FotYfMRx86I2oOBqKGYO6uCxJJrLi2krSa3QMLwsPWMHzHbflXAfvUA%2B6IEF"}],"group":"cf-nel","max_age":604800}', 'NEL': '{"success_fraction":0,"report_to":"cf-nel","max_age":604800}', 'Server': 'cloudflare', 'CF-RAY': '8800c7f27d4f2066-IAD', 'alt-svc': 'h3=":443"; ma=86400'} 
 body={"results":[{"gender":"male","name":{"title":"Mr","first":"Julien","last":"Brunet"},"location":{"street":{"number":624,"name":"Rue de la Baleine"},"city":"Besançon","state":"Nord","country":"France","postcode":98589,"coordinates":{"latitude":"-14.9779","longitude":"-149.3560"},"timezone":{"offset":"-8:00","description":"Pacific Time (US &amp; Canada)"}},"email":"julien.brunet@example.com","login":{"uuid":"612092bf-0e08-4288-93cd-119a8718a1de","username":"silversnake187","password":"cirrus","salt":"b5cFjHGZ","md5":"2d00ab5451e0814283cf1fcdc435f879","sha1":"ed9cbd4c64386cf25d533a5fa193cd788e63e6e8","sha256":"131eb2e1c8a590c8cde336b7c8fb965529d18130fb4b12f30689688a9a5ba834"},"dob":{"date":"1951-05-17T14:02:50.987Z","age":72},"registered":{"date":"2014-06-17T12:34:30.738Z","age":9},"phone":"03-40-56-08-83","cell":"06-50-36-64-12","id":{"name":"INSEE","value":"1510432037369 22"},"picture":{"large":"https://randomuser.me/api/portraits/men/67.jpg","medium":"https://randomuser.me/api/portraits/med/men/67.jpg","thumbnail":"https://randomuser.me/api/portraits/thumb/men/67.jpg"},"nat":"FR"}],"info":{"seed":"846dd2f42b5d2230","results":1,"page":1,"version":"1.4"}} 
 </msg>
<msg time="2024-05-07T11:13:30.062545" level="INFO">/opt/hostedtoolcache/Python/3.12.3/x64/lib/python3.12/site-packages/urllib3/connectionpool.py:1103: InsecureRequestWarning: Unverified HTTPS request is being made to host 'randomuser.me'. Adding certificate verification is strongly advised. See: https://urllib3.readthedocs.io/en/latest/advanced-usage.html#tls-warnings
  warnings.warn(</msg>
<msg time="2024-05-07T11:13:30.062651" level="INFO">${response} = &lt;Response [200]&gt;</msg>
<var>${response}</var>
<arg>consultarAPI</arg>
<arg>/api</arg>
<doc>Sends a GET request on a previously created HTTP Session.</doc>
<status status="PASS" start="2024-05-07T11:13:29.992998" elapsed="0.069693"/>
</kw>
<kw name="Set Variable" owner="BuiltIn">
<msg time="2024-05-07T11:13:30.063825" level="INFO">${json_data} = {'results': [{'gender': 'male', 'name': {'title': 'Mr', 'first': 'Julien', 'last': 'Brunet'}, 'location': {'street': {'number': 624, 'name': 'Rue de la Baleine'}, 'city': 'Besançon', 'state': 'Nord', ...</msg>
<var>${json_data}</var>
<arg>${response.json()}</arg>
<doc>Returns the given values which can then be assigned to a variables.</doc>
<status status="PASS" start="2024-05-07T11:13:30.063211" elapsed="0.000644"/>
</kw>
<kw name="Log" owner="BuiltIn">
<msg time="2024-05-07T11:13:30.064334" level="INFO">{'results': [{'gender': 'male', 'name': {'title': 'Mr', 'first': 'Julien', 'last': 'Brunet'}, 'location': {'street': {'number': 624, 'name': 'Rue de la Baleine'}, 'city': 'Besançon', 'state': 'Nord', 'country': 'France', 'postcode': 98589, 'coordinates': {'latitude': '-14.9779', 'longitude': '-149.3560'}, 'timezone': {'offset': '-8:00', 'description': 'Pacific Time (US &amp; Canada)'}}, 'email': 'julien.brunet@example.com', 'login': {'uuid': '612092bf-0e08-4288-93cd-119a8718a1de', 'username': 'silversnake187', 'password': 'cirrus', 'salt': 'b5cFjHGZ', 'md5': '2d00ab5451e0814283cf1fcdc435f879', 'sha1': 'ed9cbd4c64386cf25d533a5fa193cd788e63e6e8', 'sha256': '131eb2e1c8a590c8cde336b7c8fb965529d18130fb4b12f30689688a9a5ba834'}, 'dob': {'date': '1951-05-17T14:02:50.987Z', 'age': 72}, 'registered': {'date': '2014-06-17T12:34:30.738Z', 'age': 9}, 'phone': '03-40-56-08-83', 'cell': '06-50-36-64-12', 'id': {'name': 'INSEE', 'value': '1510432037369 22'}, 'picture': {'large': 'https://randomuser.me/api/portraits/men/67.jpg', 'medium': 'https://randomuser.me/api/portraits/med/men/67.jpg', 'thumbnail': 'https://randomuser.me/api/portraits/thumb/men/67.jpg'}, 'nat': 'FR'}], 'info': {'seed': '846dd2f42b5d2230', 'results': 1, 'page': 1, 'version': '1.4'}}</msg>
<arg>${json_data}</arg>
<doc>Logs the given message with the given level.</doc>
<status status="PASS" start="2024-05-07T11:13:30.064173" elapsed="0.000247"/>
</kw>
<kw name="Should Be String" owner="String">
<arg>${json_data['results'][0]['gender']}</arg>
<doc>Fails if the given ``item`` is not a string.</doc>
<status status="PASS" start="2024-05-07T11:13:30.064733" elapsed="0.000379"/>
</kw>
<kw name="Should Match Regexp" owner="BuiltIn">
<arg>${json_data['results'][0]['email']}</arg>
<arg>^[a-zA-Z0-9._%+-]+@[a-zA-Z0-9.-]+\.[a-zA-Z]{2,}$</arg>
<doc>Fails if ``string`` does not match ``pattern`` as a regular expression.</doc>
<status status="PASS" start="2024-05-07T11:13:30.065317" elapsed="0.000541"/>
</kw>
<kw name="Should Match Regexp" owner="BuiltIn">
<arg>${json_data['results'][0]['dob']['date']}</arg>
<arg>\\d{4}-\\d{2}-\\d{2}T\\d{2}:\\d{2}:\\d{2}\\.\\d{3}Z</arg>
<doc>Fails if ``string`` does not match ``pattern`` as a regular expression.</doc>
<status status="PASS" start="2024-05-07T11:13:30.066104" elapsed="0.000519"/>
</kw>
<kw name="Should Match Regexp" owner="BuiltIn">
<arg>${json_data['results'][0]['registered']['date']}</arg>
<arg>\\d{4}-\\d{2}-\\d{2}T\\d{2}:\\d{2}:\\d{2}\\.\\d{3}Z</arg>
<doc>Fails if ``string`` does not match ``pattern`` as a regular expression.</doc>
<status status="PASS" start="2024-05-07T11:13:30.066827" elapsed="0.000388"/>
</kw>
<kw name="Should Match Regexp" owner="BuiltIn">
<arg>${json_data['results'][0]['picture']['large']}</arg>
<arg>^https?://.*\.(?:png|jpe?g|gif|bmp)$</arg>
<doc>Fails if ``string`` does not match ``pattern`` as a regular expression.</doc>
<status status="PASS" start="2024-05-07T11:13:30.067418" elapsed="0.000482"/>
</kw>
<kw name="Should Match Regexp" owner="BuiltIn">
<arg>${json_data['results'][0]['picture']['medium']}</arg>
<arg>^https?://.*\.(?:png|jpe?g|gif|bmp)$</arg>
<doc>Fails if ``string`` does not match ``pattern`` as a regular expression.</doc>
<status status="PASS" start="2024-05-07T11:13:30.068098" elapsed="0.000380"/>
</kw>
<kw name="Should Match Regexp" owner="BuiltIn">
<arg>${json_data['results'][0]['picture']['thumbnail']}</arg>
<arg>^https?://.*\.(?:png|jpe?g|gif|bmp)$</arg>
<doc>Fails if ``string`` does not match ``pattern`` as a regular expression.</doc>
<status status="PASS" start="2024-05-07T11:13:30.068678" elapsed="0.000371"/>
</kw>
<kw name="Log" owner="BuiltIn">
<msg time="2024-05-07T11:13:30.069580" level="INFO">{'large': 'https://randomuser.me/api/portraits/men/67.jpg', 'medium': 'https://randomuser.me/api/portraits/med/men/67.jpg', 'thumbnail': 'https://randomuser.me/api/portraits/thumb/men/67.jpg'}</msg>
<arg>${json_data['results'][0]['picture']}</arg>
<doc>Logs the given message with the given level.</doc>
<status status="PASS" start="2024-05-07T11:13:30.069240" elapsed="0.000383"/>
</kw>
<status status="PASS" start="2024-05-07T11:13:29.992752" elapsed="0.077135"/>
</kw>
<kw name="Teste de Tipos de Dados - Postcode" owner="random-user-service">
<kw name="GET On Session" owner="RequestsLibrary">
<msg time="2024-05-07T11:13:30.157850" level="INFO">GET Request : url=https://randomuser.me/api 
 path_url=/api 
 headers={'User-Agent': 'python-requests/2.31.0', 'Accept-Encoding': 'gzip, deflate', 'Accept': '*/*', 'Connection': 'keep-alive'} 
 body=None 
 </msg>
<msg time="2024-05-07T11:13:30.157975" level="INFO">GET Response : url=https://randomuser.me/api 
 status=200, reason=OK 
 headers={'Date': 'Tue, 07 May 2024 11:13:30 GMT', 'Content-Type': 'application/json; charset=utf-8', 'Transfer-Encoding': 'chunked', 'Connection': 'keep-alive', 'X-Powered-By': 'Express', 'Access-Control-Allow-Origin': '*', 'Cache-Control': 'no-cache', 'ETag': 'W/"485-OVofevdzrHhT5KnXSr3ymXDokRI"', 'Vary': 'Accept-Encoding', 'Content-Encoding': 'gzip', 'CF-Cache-Status': 'DYNAMIC', 'Report-To': '{"endpoints":[{"url":"https:\\/\\/a.nel.cloudflare.com\\/report\\/v4?s=7Rx%2Fl%2FHBMYQE65SDr9GpD3M4TBNj1%2Fvhl%2FGdW8sDHMTqL3lOu4WO%2FpNjrXaoOZjlvVevCffJFbK7n1Ps2GLyNSKNb4Z4mMxCmGpDATXLd4rm1Ox5jNEVgwgZyuHokcOW"}],"group":"cf-nel","max_age":604800}', 'NEL': '{"success_fraction":0,"report_to":"cf-nel","max_age":604800}', 'Server': 'cloudflare', 'CF-RAY': '8800c7f2fdca2066-IAD', 'alt-svc': 'h3=":443"; ma=86400'} 
 body={"results":[{"gender":"male","name":{"title":"Mr","first":"Petro","last":"Radzishevskiy"},"location":{"street":{"number":4626,"name":"Tashkentska"},"city":"Odesa","state":"Ternopilska","country":"Ukraine","postcode":99637,"coordinates":{"latitude":"73.4019","longitude":"-74.5464"},"timezone":{"offset":"-1:00","description":"Azores, Cape Verde Islands"}},"email":"petro.radzishevskiy@example.com","login":{"uuid":"ab67dacf-26ad-451f-ac52-51bc84126396","username":"goldencat395","password":"riversid","salt":"lzN1ue06","md5":"d0fa1f6e0331dff220dc2bf7d894932a","sha1":"789a663ceb3ed7640d1832f70bae6c187b1455ab","sha256":"a8f7b71bfa7b0368195453036d0304f84096e58193edd13b6a58efbaa57db915"},"dob":{"date":"1948-12-14T08:03:36.963Z","age":75},"registered":{"date":"2016-07-12T11:27:05.503Z","age":7},"phone":"(096) H01-4253","cell":"(096) X79-8513","id":{"name":"","value":null},"picture":{"large":"https://randomuser.me/api/portraits/men/79.jpg","medium":"https://randomuser.me/api/portraits/med/men/79.jpg","thumbnail":"https://randomuser.me/api/portraits/thumb/men/79.jpg"},"nat":"UA"}],"info":{"seed":"0176bdebef07a771","results":1,"page":1,"version":"1.4"}} 
 </msg>
<msg time="2024-05-07T11:13:30.158059" level="INFO">/opt/hostedtoolcache/Python/3.12.3/x64/lib/python3.12/site-packages/urllib3/connectionpool.py:1103: InsecureRequestWarning: Unverified HTTPS request is being made to host 'randomuser.me'. Adding certificate verification is strongly advised. See: https://urllib3.readthedocs.io/en/latest/advanced-usage.html#tls-warnings
  warnings.warn(</msg>
<msg time="2024-05-07T11:13:30.158187" level="INFO">${response} = &lt;Response [200]&gt;</msg>
<var>${response}</var>
<arg>consultarAPI</arg>
<arg>/api</arg>
<doc>Sends a GET request on a previously created HTTP Session.</doc>
<status status="PASS" start="2024-05-07T11:13:30.070391" elapsed="0.087850"/>
</kw>
<kw name="Set Variable" owner="BuiltIn">
<msg time="2024-05-07T11:13:30.159449" level="INFO">${json_data} = {'results': [{'gender': 'male', 'name': {'title': 'Mr', 'first': 'Petro', 'last': 'Radzishevskiy'}, 'location': {'street': {'number': 4626, 'name': 'Tashkentska'}, 'city': 'Odesa', 'state': 'Ternopils...</msg>
<var>${json_data}</var>
<arg>${response.json()}</arg>
<doc>Returns the given values which can then be assigned to a variables.</doc>
<status status="PASS" start="2024-05-07T11:13:30.158820" elapsed="0.000658"/>
</kw>
<kw name="Log" owner="BuiltIn">
<msg time="2024-05-07T11:13:30.159950" level="INFO">{'results': [{'gender': 'male', 'name': {'title': 'Mr', 'first': 'Petro', 'last': 'Radzishevskiy'}, 'location': {'street': {'number': 4626, 'name': 'Tashkentska'}, 'city': 'Odesa', 'state': 'Ternopilska', 'country': 'Ukraine', 'postcode': 99637, 'coordinates': {'latitude': '73.4019', 'longitude': '-74.5464'}, 'timezone': {'offset': '-1:00', 'description': 'Azores, Cape Verde Islands'}}, 'email': 'petro.radzishevskiy@example.com', 'login': {'uuid': 'ab67dacf-26ad-451f-ac52-51bc84126396', 'username': 'goldencat395', 'password': 'riversid', 'salt': 'lzN1ue06', 'md5': 'd0fa1f6e0331dff220dc2bf7d894932a', 'sha1': '789a663ceb3ed7640d1832f70bae6c187b1455ab', 'sha256': 'a8f7b71bfa7b0368195453036d0304f84096e58193edd13b6a58efbaa57db915'}, 'dob': {'date': '1948-12-14T08:03:36.963Z', 'age': 75}, 'registered': {'date': '2016-07-12T11:27:05.503Z', 'age': 7}, 'phone': '(096) H01-4253', 'cell': '(096) X79-8513', 'id': {'name': '', 'value': None}, 'picture': {'large': 'https://randomuser.me/api/portraits/men/79.jpg', 'medium': 'https://randomuser.me/api/portraits/med/men/79.jpg', 'thumbnail': 'https://randomuser.me/api/portraits/thumb/men/79.jpg'}, 'nat': 'UA'}], 'info': {'seed': '0176bdebef07a771', 'results': 1, 'page': 1, 'version': '1.4'}}</msg>
<arg>${json_data}</arg>
<doc>Logs the given message with the given level.</doc>
<status status="PASS" start="2024-05-07T11:13:30.159797" elapsed="0.000230"/>
</kw>
<kw name="Should Be Equal As Numbers" owner="BuiltIn">
<arg>${json_data['results'][0]['location']['postcode']}</arg>
<arg>${json_data['results'][0]['location']['postcode']}</arg>
<doc>Fails if objects are unequal after converting them to real numbers.</doc>
<status status="PASS" start="2024-05-07T11:13:30.160479" elapsed="0.000651"/>
</kw>
<kw name="Log" owner="BuiltIn">
<msg time="2024-05-07T11:13:30.161701" level="INFO">99637</msg>
<arg>${json_data['results'][0]['location']['postcode']}</arg>
<doc>Logs the given message with the given level.</doc>
<status status="PASS" start="2024-05-07T11:13:30.161345" elapsed="0.000398"/>
</kw>
<status status="PASS" start="2024-05-07T11:13:30.070150" elapsed="0.091907"/>
</kw>
<doc>Testa se os tipos de dados na resposta da API estão corretos.</doc>
<tag>testeTiposDados</tag>
<status status="PASS" start="2024-05-07T11:13:29.992191" elapsed="0.170046"/>
</test>
<test id="s1-s1-t5" name="Validar conteudo" line="35">
<kw name="Teste de Tipos de Conteudo" owner="random-user-service">
<kw name="GET On Session" owner="RequestsLibrary">
<msg time="2024-05-07T11:13:30.271193" level="INFO">GET Request : url=https://randomuser.me/api 
 path_url=/api 
 headers={'User-Agent': 'python-requests/2.31.0', 'Accept-Encoding': 'gzip, deflate', 'Accept': '*/*', 'Connection': 'keep-alive'} 
 body=None 
 </msg>
<msg time="2024-05-07T11:13:30.271290" level="INFO">GET Response : url=https://randomuser.me/api 
 status=200, reason=OK 
 headers={'Date': 'Tue, 07 May 2024 11:13:30 GMT', 'Content-Type': 'application/json; charset=utf-8', 'Transfer-Encoding': 'chunked', 'Connection': 'keep-alive', 'X-Powered-By': 'Express', 'Access-Control-Allow-Origin': '*', 'Cache-Control': 'no-cache', 'ETag': 'W/"49c-+kvzLnmoOGK0qACnpr5ay2FdA60"', 'Vary': 'Accept-Encoding', 'Content-Encoding': 'gzip', 'CF-Cache-Status': 'DYNAMIC', 'Report-To': '{"endpoints":[{"url":"https:\\/\\/a.nel.cloudflare.com\\/report\\/v4?s=lxSTXQ5ZPTQAU9Wb0c7BcragTkrLAnzRa6rj2d9oUCCIaUX4bYUcPbma9Bek95Kv0rlsJGuzZ1vhe20eqKCAgKx8sL22tGco%2B9jogdAO0fMKr2pcg3yQA1mnM5wbly9f"}],"group":"cf-nel","max_age":604800}', 'NEL': '{"success_fraction":0,"report_to":"cf-nel","max_age":604800}', 'Server': 'cloudflare', 'CF-RAY': '8800c7f38e612066-IAD', 'alt-svc': 'h3=":443"; ma=86400'} 
 body={"results":[{"gender":"female","name":{"title":"Ms","first":"Nella","last":"Lepisto"},"location":{"street":{"number":367,"name":"Bulevardi"},"city":"Vörå","state":"Ostrobothnia","country":"Finland","postcode":46828,"coordinates":{"latitude":"-27.4169","longitude":"61.4975"},"timezone":{"offset":"-4:00","description":"Atlantic Time (Canada), Caracas, La Paz"}},"email":"nella.lepisto@example.com","login":{"uuid":"a8b400f7-6266-43ae-9515-81fc89338e9e","username":"greenleopard200","password":"barron","salt":"lzxpO5uw","md5":"bf4e0be8fa52a78d722706b8e6aebff1","sha1":"a2a7f398ddf75852f5992de95a99fe5b8059b930","sha256":"dca5b99c5e7e5d1e5e6624b829983487459dfb8713ee7242b1a625b0176475f8"},"dob":{"date":"2001-01-09T21:43:01.408Z","age":23},"registered":{"date":"2017-11-04T19:33:24.659Z","age":6},"phone":"06-225-958","cell":"047-452-75-52","id":{"name":"HETU","value":"NaNNA946undefined"},"picture":{"large":"https://randomuser.me/api/portraits/women/49.jpg","medium":"https://randomuser.me/api/portraits/med/women/49.jpg","thumbnail":"https://randomuser.me/api/portraits/thumb/women/49.jpg"},"nat":"FI"}],"info":{"seed":"4e6d9b4d3c1c52ec","results":1,"page":1,"version":"1.4"}} 
 </msg>
<msg time="2024-05-07T11:13:30.271368" level="INFO">/opt/hostedtoolcache/Python/3.12.3/x64/lib/python3.12/site-packages/urllib3/connectionpool.py:1103: InsecureRequestWarning: Unverified HTTPS request is being made to host 'randomuser.me'. Adding certificate verification is strongly advised. See: https://urllib3.readthedocs.io/en/latest/advanced-usage.html#tls-warnings
  warnings.warn(</msg>
<msg time="2024-05-07T11:13:30.271495" level="INFO">${response} = &lt;Response [200]&gt;</msg>
<var>${response}</var>
<arg>consultarAPI</arg>
<arg>/api</arg>
<doc>Sends a GET request on a previously created HTTP Session.</doc>
<status status="PASS" start="2024-05-07T11:13:30.164878" elapsed="0.106667"/>
</kw>
<kw name="Set Variable" owner="BuiltIn">
<msg time="2024-05-07T11:13:30.272718" level="INFO">${json_data} = {'results': [{'gender': 'female', 'name': {'title': 'Ms', 'first': 'Nella', 'last': 'Lepisto'}, 'location': {'street': {'number': 367, 'name': 'Bulevardi'}, 'city': 'Vörå', 'state': 'Ostrobothnia', 'c...</msg>
<var>${json_data}</var>
<arg>${response.json()}</arg>
<doc>Returns the given values which can then be assigned to a variables.</doc>
<status status="PASS" start="2024-05-07T11:13:30.272119" elapsed="0.000631"/>
</kw>
<kw name="Set Variable" owner="BuiltIn">
<msg time="2024-05-07T11:13:30.273476" level="INFO">${name_title} = Ms</msg>
<var>${name_title}</var>
<arg>${json_data["results"][0]["name"]["title"]}</arg>
<doc>Returns the given values which can then be assigned to a variables.</doc>
<status status="PASS" start="2024-05-07T11:13:30.273075" elapsed="0.000428"/>
</kw>
<kw name="Create List" owner="BuiltIn">
<msg time="2024-05-07T11:13:30.274003" level="INFO">${allowed_titles} = ['Mr', 'Ms', 'Miss', 'Mrs', 'Madame', 'Monsieur']</msg>
<var>${allowed_titles}</var>
<arg>Mr</arg>
<arg>Ms</arg>
<arg>Miss</arg>
<arg>Mrs</arg>
<arg>Madame</arg>
<arg>Monsieur</arg>
<doc>Returns a list containing given items.</doc>
<status status="PASS" start="2024-05-07T11:13:30.273812" elapsed="0.000220"/>
</kw>
<kw name="List Should Contain Value" owner="Collections">
<msg time="2024-05-07T11:13:30.274539" level="INFO">False</msg>
<arg>${allowed_titles}</arg>
<arg>${name_title}</arg>
<doc>Fails if the ``value`` is not found from ``list``.</doc>
<status status="PASS" start="2024-05-07T11:13:30.274355" elapsed="0.000223"/>
</kw>
<kw name="Set Variable" owner="BuiltIn">
<msg time="2024-05-07T11:13:30.275283" level="INFO">${name_country} = FI</msg>
<var>${name_country}</var>
<arg>${json_data["results"][0]["nat"]}</arg>
<doc>Returns the given values which can then be assigned to a variables.</doc>
<status status="PASS" start="2024-05-07T11:13:30.274886" elapsed="0.000423"/>
</kw>
<kw name="Create List" owner="BuiltIn">
<msg time="2024-05-07T11:13:30.276241" level="INFO">${list_country} = ['AD', 'AE', 'AF', 'AG', 'AI', 'AL', 'AM', 'AO', 'AQ', 'AR', 'AS', 'AT', 'AU', 'AW', 'AX', 'AZ', 'BA', 'BB', 'BD', 'BE', 'BF', 'BG', 'BH', 'BI', 'BJ', 'BL', 'BM', 'BN', 'BO', 'BQ', 'BR', 'BS', 'BT', '...</msg>
<var>${list_country}</var>
<arg>AD</arg>
<arg>AE</arg>
<arg>AF</arg>
<arg>AG</arg>
<arg>AI</arg>
<arg>AL</arg>
<arg>AM</arg>
<arg>AO</arg>
<arg>AQ</arg>
<arg>AR</arg>
<arg>AS</arg>
<arg>AT</arg>
<arg>AU</arg>
<arg>AW</arg>
<arg>AX</arg>
<arg>AZ</arg>
<arg>BA</arg>
<arg>BB</arg>
<arg>BD</arg>
<arg>BE</arg>
<arg>BF</arg>
<arg>BG</arg>
<arg>BH</arg>
<arg>BI</arg>
<arg>BJ</arg>
<arg>BL</arg>
<arg>BM</arg>
<arg>BN</arg>
<arg>BO</arg>
<arg>BQ</arg>
<arg>BR</arg>
<arg>BS</arg>
<arg>BT</arg>
<arg>BV</arg>
<arg>BW</arg>
<arg>BY</arg>
<arg>BZ</arg>
<arg>CA</arg>
<arg>CC</arg>
<arg>CD</arg>
<arg>CF</arg>
<arg>CG</arg>
<arg>CH</arg>
<arg>CI</arg>
<arg>CK</arg>
<arg>CL</arg>
<arg>CM</arg>
<arg>CN</arg>
<arg>CO</arg>
<arg>CR</arg>
<arg>CU</arg>
<arg>CV</arg>
<arg>CW</arg>
<arg>CX</arg>
<arg>CY</arg>
<arg>CZ</arg>
<arg>DE</arg>
<arg>DJ</arg>
<arg>DK</arg>
<arg>DM</arg>
<arg>DO</arg>
<arg>DZ</arg>
<arg>EC</arg>
<arg>EE</arg>
<arg>EG</arg>
<arg>EH</arg>
<arg>ER</arg>
<arg>ES</arg>
<arg>ET</arg>
<arg>FI</arg>
<arg>FJ</arg>
<arg>FK</arg>
<arg>FM</arg>
<arg>FO</arg>
<arg>FR</arg>
<arg>GA</arg>
<arg>GB</arg>
<arg>GD</arg>
<arg>GE</arg>
<arg>GF</arg>
<arg>GG</arg>
<arg>GH</arg>
<arg>GI</arg>
<arg>GL</arg>
<arg>GM</arg>
<arg>GN</arg>
<arg>GP</arg>
<arg>GQ</arg>
<arg>GR</arg>
<arg>GS</arg>
<arg>GT</arg>
<arg>GU</arg>
<arg>GW</arg>
<arg>GY</arg>
<arg>HK</arg>
<arg>HM</arg>
<arg>HN</arg>
<arg>HR</arg>
<arg>HT</arg>
<arg>HU</arg>
<arg>ID</arg>
<arg>IE</arg>
<arg>IL</arg>
<arg>IM</arg>
<arg>IN</arg>
<arg>IO</arg>
<arg>IQ</arg>
<arg>IR</arg>
<arg>IS</arg>
<arg>IT</arg>
<arg>JE</arg>
<arg>JM</arg>
<arg>JO</arg>
<arg>JP</arg>
<arg>KE</arg>
<arg>KG</arg>
<arg>KH</arg>
<arg>KI</arg>
<arg>KM</arg>
<arg>KN</arg>
<arg>KP</arg>
<arg>KR</arg>
<arg>KW</arg>
<arg>KY</arg>
<arg>KZ</arg>
<arg>LA</arg>
<arg>LB</arg>
<arg>LC</arg>
<arg>LI</arg>
<arg>LK</arg>
<arg>LR</arg>
<arg>LS</arg>
<arg>LT</arg>
<arg>LU</arg>
<arg>LV</arg>
<arg>LY</arg>
<arg>MA</arg>
<arg>MC</arg>
<arg>MD</arg>
<arg>ME</arg>
<arg>MF</arg>
<arg>MG</arg>
<arg>MH</arg>
<arg>MK</arg>
<arg>ML</arg>
<arg>MM</arg>
<arg>MN</arg>
<arg>MO</arg>
<arg>MP</arg>
<arg>MQ</arg>
<arg>MR</arg>
<arg>MS</arg>
<arg>MT</arg>
<arg>MU</arg>
<arg>MV</arg>
<arg>MW</arg>
<arg>MX</arg>
<arg>MY</arg>
<arg>MZ</arg>
<arg>NA</arg>
<arg>NC</arg>
<arg>NE</arg>
<arg>NF</arg>
<arg>NG</arg>
<arg>NI</arg>
<arg>NL</arg>
<arg>NO</arg>
<arg>NP</arg>
<arg>NR</arg>
<arg>NU</arg>
<arg>NZ</arg>
<arg>OM</arg>
<arg>PA</arg>
<arg>PE</arg>
<arg>PF</arg>
<arg>PG</arg>
<arg>PH</arg>
<arg>PK</arg>
<arg>PL</arg>
<arg>PM</arg>
<arg>PN</arg>
<arg>PR</arg>
<arg>PS</arg>
<arg>PT</arg>
<arg>PW</arg>
<arg>PY</arg>
<arg>QA</arg>
<arg>RE</arg>
<arg>RO</arg>
<arg>RS</arg>
<arg>RU</arg>
<arg>RW</arg>
<arg>SA</arg>
<arg>SB</arg>
<arg>SC</arg>
<arg>SD</arg>
<arg>SE</arg>
<arg>SG</arg>
<arg>SH</arg>
<arg>SI</arg>
<arg>SJ</arg>
<arg>SK</arg>
<arg>SL</arg>
<arg>SM</arg>
<arg>SN</arg>
<arg>SO</arg>
<arg>SR</arg>
<arg>SS</arg>
<arg>ST</arg>
<arg>SV</arg>
<arg>SX</arg>
<arg>SY</arg>
<arg>SZ</arg>
<arg>TC</arg>
<arg>TD</arg>
<arg>TF</arg>
<arg>TG</arg>
<arg>TH</arg>
<arg>TJ</arg>
<arg>TK</arg>
<arg>TL</arg>
<arg>TM</arg>
<arg>TN</arg>
<arg>TO</arg>
<arg>TR</arg>
<arg>TT</arg>
<arg>TV</arg>
<arg>TW</arg>
<arg>TZ</arg>
<arg>UA</arg>
<arg>UG</arg>
<arg>UM</arg>
<arg>US</arg>
<arg>UY</arg>
<arg>UZ</arg>
<arg>VA</arg>
<arg>VC</arg>
<arg>VE</arg>
<arg>VG</arg>
<arg>VI</arg>
<arg>VN</arg>
<arg>VU</arg>
<arg>WF</arg>
<arg>WS</arg>
<arg>XK</arg>
<arg>YE</arg>
<arg>YT</arg>
<arg>ZA</arg>
<arg>ZM</arg>
<arg>ZW</arg>
<doc>Returns a list containing given items.</doc>
<status status="PASS" start="2024-05-07T11:13:30.275634" elapsed="0.000633"/>
</kw>
<kw name="List Should Contain Value" owner="Collections">
<msg time="2024-05-07T11:13:30.277295" level="INFO">False</msg>
<arg>${list_country}</arg>
<arg>${name_country}</arg>
<doc>Fails if the ``value`` is not found from ``list``.</doc>
<status status="PASS" start="2024-05-07T11:13:30.277087" elapsed="0.000247"/>
</kw>
<kw name="Run Keyword If" owner="BuiltIn">
<kw name="Should Be True" owner="BuiltIn">
<arg>${True}</arg>
<doc>Fails if the given condition is not true.</doc>
<status status="PASS" start="2024-05-07T11:13:30.278509" elapsed="0.000263"/>
</kw>
<arg>${json_data["results"][0]["location"]["coordinates"]["latitude"]} &gt;= -90 and ${json_data["results"][0]["location"]["coordinates"]["latitude"]} &lt;= 90</arg>
<arg>Should Be True</arg>
<arg>${True}</arg>
<doc>Runs the given keyword with the given arguments, if ``condition`` is true.</doc>
<status status="PASS" start="2024-05-07T11:13:30.277663" elapsed="0.001249"/>
</kw>
<kw name="Run Keyword If" owner="BuiltIn">
<kw name="Should Be True" owner="BuiltIn">
<arg>${True}</arg>
<doc>Fails if the given condition is not true.</doc>
<status status="PASS" start="2024-05-07T11:13:30.279868" elapsed="0.000146"/>
</kw>
<arg>${json_data["results"][0]["location"]["coordinates"]["longitude"]} &gt;= -180 and ${json_data["results"][0]["location"]["coordinates"]["longitude"]} &lt;= 180</arg>
<arg>Should Be True</arg>
<arg>${True}</arg>
<doc>Runs the given keyword with the given arguments, if ``condition`` is true.</doc>
<status status="PASS" start="2024-05-07T11:13:30.279113" elapsed="0.001035"/>
</kw>
<status status="PASS" start="2024-05-07T11:13:30.164638" elapsed="0.115650"/>
</kw>
<doc>Testa o conteúdo específico dos campos retornados pela API.</doc>
<tag>testeConteudo</tag>
<status status="PASS" start="2024-05-07T11:13:30.164087" elapsed="0.116356"/>
</test>
<status status="PASS" start="2024-05-07T11:13:29.457245" elapsed="0.825363"/>
</suite>
<status status="PASS" start="2024-05-07T11:13:29.443073" elapsed="0.844954"/>
</suite>
<statistics>
<total>
<stat pass="5" fail="0" skip="0">All Tests</stat>
</total>
<tag>
<stat pass="1" fail="0" skip="0">testeConteudo</stat>
<stat pass="1" fail="0" skip="0">testeEstruturaResposta</stat>
<stat pass="1" fail="0" skip="0">testeRequisicaoBasica</stat>
<stat pass="1" fail="0" skip="0">testeTiposDados</stat>
</tag>
<suite>
<stat pass="5" fail="0" skip="0" id="s1" name="Tests">Tests</stat>
<stat pass="5" fail="0" skip="0" id="s1-s1" name="Random-User-Test">Tests.Random-User-Test</stat>
</suite>
</statistics>
<errors>
</errors>
</robot>
