<?xml version="1.0" encoding="UTF-8"?>
<robot generator="Robot 7.0 (Python 3.12.3 on linux)" generated="2024-05-08T12:27:04.223269" rpa="false" schemaversion="5">
<suite id="s1" name="Tests" source="/home/runner/work/DesafioQAItauRogerioJordao/DesafioQAItauRogerioJordao/RamdonUser/tests">
<suite id="s1-s1" name="Random-User-Test" source="/home/runner/work/DesafioQAItauRogerioJordao/DesafioQAItauRogerioJordao/RamdonUser/tests/random-user-test.robot">
<test id="s1-s1-t1" name="Conectar" line="13">
<kw name="Conectar API" owner="random-user-service">
<kw name="Create Session" owner="RequestsLibrary">
<msg time="2024-05-08T12:27:04.586336" level="INFO">Creating Session using : alias=consultarAPI, url=https://randomuser.me/, headers={},                     cookies={}, auth=None, timeout=None, proxies=None, verify=False,                     debug=0 </msg>
<arg>consultarAPI</arg>
<arg>${URL}</arg>
<doc>Create Session: create a HTTP session to a server</doc>
<status status="PASS" start="2024-05-08T12:27:04.586139" elapsed="0.000373"/>
</kw>
<status status="PASS" start="2024-05-08T12:27:04.585180" elapsed="0.001685"/>
</kw>
<status status="PASS" start="2024-05-08T12:27:04.584573" elapsed="0.002485"/>
</test>
<test id="s1-s1-t2" name="Validar retorno 200 e JSON Válido" line="16">
<kw name="Teste de Requisicao Basica" owner="random-user-service">
<kw name="GET On Session" owner="RequestsLibrary">
<msg time="2024-05-08T12:27:04.947803" level="INFO">GET Request : url=https://randomuser.me/api 
 path_url=/api 
 headers={'User-Agent': 'python-requests/2.31.0', 'Accept-Encoding': 'gzip, deflate', 'Accept': '*/*', 'Connection': 'keep-alive'} 
 body=None 
 </msg>
<msg time="2024-05-08T12:27:04.947973" level="INFO">GET Response : url=https://randomuser.me/api 
 status=200, reason=OK 
 headers={'Date': 'Wed, 08 May 2024 12:27:04 GMT', 'Content-Type': 'application/json; charset=utf-8', 'Transfer-Encoding': 'chunked', 'Connection': 'keep-alive', 'X-Powered-By': 'Express', 'Access-Control-Allow-Origin': '*', 'Cache-Control': 'no-cache', 'ETag': 'W/"484-/Aa3g7JlE845KBWGGev8d7NYNVU"', 'Vary': 'Accept-Encoding', 'Content-Encoding': 'gzip', 'CF-Cache-Status': 'DYNAMIC', 'Report-To': '{"endpoints":[{"url":"https:\\/\\/a.nel.cloudflare.com\\/report\\/v4?s=N0zKeVHigricTjPGHrOVd5xUp2Wmb858ftegpk%2B%2FTTT8qk4z2AireYYrv9JEj3bQFD2z8mA6V4FTcD9AIeTd84oxgFzjIzlV4ijuTteP%2FFmEq8WDDpPoCWOHt5q5jTnA"}],"group":"cf-nel","max_age":604800}', 'NEL': '{"success_fraction":0,"report_to":"cf-nel","max_age":604800}', 'Server': 'cloudflare', 'CF-RAY': '88097119e942700f-IAD', 'alt-svc': 'h3=":443"; ma=86400'} 
 body={"results":[{"gender":"male","name":{"title":"Monsieur","first":"Mohammed","last":"Rousseau"},"location":{"street":{"number":9427,"name":"Rue Baraban"},"city":"Gettnau","state":"Zug","country":"Switzerland","postcode":1030,"coordinates":{"latitude":"-61.5499","longitude":"-173.2956"},"timezone":{"offset":"+5:45","description":"Kathmandu"}},"email":"mohammed.rousseau@example.com","login":{"uuid":"bebf65e4-64fe-49ea-b538-869c09bc3c1c","username":"brownlion584","password":"eastside","salt":"Bq86J6O9","md5":"c0016f50ccf092f00e28f8ac407eaeb2","sha1":"7ad5b913a8f31c50eccb40c73e6d4d1725379497","sha256":"8c2e058020ffa1b2947602dd30475d868288e4124eb59e8c190fbb1c5109c8fa"},"dob":{"date":"1966-02-05T23:35:03.835Z","age":58},"registered":{"date":"2014-06-23T14:33:15.132Z","age":9},"phone":"078 772 70 74","cell":"075 569 03 69","id":{"name":"AVS","value":"756.9069.0923.52"},"picture":{"large":"https://randomuser.me/api/portraits/men/77.jpg","medium":"https://randomuser.me/api/portraits/med/men/77.jpg","thumbnail":"https://randomuser.me/api/portraits/thumb/men/77.jpg"},"nat":"CH"}],"info":{"seed":"ecb887a60cf19ac6","results":1,"page":1,"version":"1.4"}} 
 </msg>
<msg time="2024-05-08T12:27:04.948054" level="INFO">/opt/hostedtoolcache/Python/3.12.3/x64/lib/python3.12/site-packages/urllib3/connectionpool.py:1103: InsecureRequestWarning: Unverified HTTPS request is being made to host 'randomuser.me'. Adding certificate verification is strongly advised. See: https://urllib3.readthedocs.io/en/latest/advanced-usage.html#tls-warnings
  warnings.warn(</msg>
<msg time="2024-05-08T12:27:04.948238" level="INFO">${response} = &lt;Response [200]&gt;</msg>
<var>${response}</var>
<arg>consultarAPI</arg>
<arg>/api</arg>
<doc>Sends a GET request on a previously created HTTP Session.</doc>
<status status="PASS" start="2024-05-08T12:27:04.589758" elapsed="0.358521"/>
</kw>
<kw name="Should Be Equal As Numbers" owner="BuiltIn">
<msg time="2024-05-08T12:27:04.949412" level="INFO">Argument types are:
&lt;class 'int'&gt;
&lt;class 'str'&gt;</msg>
<arg>${response.status_code}</arg>
<arg>200</arg>
<doc>Fails if objects are unequal after converting them to real numbers.</doc>
<status status="PASS" start="2024-05-08T12:27:04.948939" elapsed="0.000540"/>
</kw>
<kw name="Log" owner="BuiltIn">
<msg time="2024-05-08T12:27:04.950167" level="INFO">200</msg>
<arg>${response.status_code}</arg>
<doc>Logs the given message with the given level.</doc>
<status status="PASS" start="2024-05-08T12:27:04.949819" elapsed="0.000389"/>
</kw>
<kw name="Set Variable" owner="BuiltIn">
<msg time="2024-05-08T12:27:04.950947" level="INFO">${json_data} = {'results': [{'gender': 'male', 'name': {'title': 'Monsieur', 'first': 'Mohammed', 'last': 'Rousseau'}, 'location': {'street': {'number': 9427, 'name': 'Rue Baraban'}, 'city': 'Gettnau', 'state': 'Zug...</msg>
<var>${json_data}</var>
<arg>${response.json()}</arg>
<doc>Returns the given values which can then be assigned to a variables.</doc>
<status status="PASS" start="2024-05-08T12:27:04.950511" elapsed="0.000465"/>
</kw>
<kw name="Dictionary Should Contain Key" owner="Collections">
<msg time="2024-05-08T12:27:04.951439" level="INFO">False</msg>
<arg>${json_data}</arg>
<arg>results</arg>
<doc>Fails if ``key`` is not found from ``dictionary``.</doc>
<status status="PASS" start="2024-05-08T12:27:04.951271" elapsed="0.000208"/>
</kw>
<status status="PASS" start="2024-05-08T12:27:04.589511" elapsed="0.362228"/>
</kw>
<doc>Testa se a API responde corretamente e retorna um objeto JSON válido.</doc>
<tag>testeRequisicaoBasica</tag>
<status status="PASS" start="2024-05-08T12:27:04.589018" elapsed="0.362907"/>
</test>
<test id="s1-s1-t3" name="Validar estrutura de resposta" line="22">
<kw name="Teste de Estrutura de Resposta" owner="random-user-service">
<kw name="GET On Session" owner="RequestsLibrary">
<msg time="2024-05-08T12:27:05.001875" level="INFO">GET Request : url=https://randomuser.me/api 
 path_url=/api 
 headers={'User-Agent': 'python-requests/2.31.0', 'Accept-Encoding': 'gzip, deflate', 'Accept': '*/*', 'Connection': 'keep-alive'} 
 body=None 
 </msg>
<msg time="2024-05-08T12:27:05.001956" level="INFO">GET Response : url=https://randomuser.me/api 
 status=200, reason=OK 
 headers={'Date': 'Wed, 08 May 2024 12:27:04 GMT', 'Content-Type': 'application/json; charset=utf-8', 'Transfer-Encoding': 'chunked', 'Connection': 'keep-alive', 'X-Powered-By': 'Express', 'Access-Control-Allow-Origin': '*', 'Cache-Control': 'no-cache', 'ETag': 'W/"494-oZWa2uZqIwLKxc0BwgMC7uZZAJw"', 'Vary': 'Accept-Encoding', 'Content-Encoding': 'gzip', 'CF-Cache-Status': 'DYNAMIC', 'Report-To': '{"endpoints":[{"url":"https:\\/\\/a.nel.cloudflare.com\\/report\\/v4?s=0ViDQPoUKC%2Broc7z%2F5nMh9leyCO62fUEm8ArCniBInZ6jqzuJwxUmRd%2BmEGIMbxiYYIQk4IpEsVid7j5VTje8wmYhXc3KQBBe7XceC7TiCJUsOfoRCJcgtNMPhdXVRUx"}],"group":"cf-nel","max_age":604800}', 'NEL': '{"success_fraction":0,"report_to":"cf-nel","max_age":604800}', 'Server': 'cloudflare', 'CF-RAY': '8809711bfb4e700f-IAD', 'alt-svc': 'h3=":443"; ma=86400'} 
 body={"results":[{"gender":"male","name":{"title":"Mr","first":"Romeu","last":"Carvalho"},"location":{"street":{"number":6813,"name":"Rua São José "},"city":"Natal","state":"Sergipe","country":"Brazil","postcode":98935,"coordinates":{"latitude":"-75.4607","longitude":"-142.1862"},"timezone":{"offset":"-3:00","description":"Brazil, Buenos Aires, Georgetown"}},"email":"romeu.carvalho@example.com","login":{"uuid":"d25ac9ef-2a07-436b-a1fb-c85d00594482","username":"whitepeacock779","password":"aaliyah","salt":"jOaCmzQj","md5":"e7113dd7e5b52ab941ab277f6f647aa1","sha1":"475297f81a6710768c92863a1398ae275a91e065","sha256":"d5fa46e46eaf1bc5c7b1a8cd6a2e499108cff2c31f5cce102bd42fa6de7258f4"},"dob":{"date":"1973-07-22T05:30:28.653Z","age":50},"registered":{"date":"2009-06-15T18:06:02.877Z","age":14},"phone":"(00) 3622-5145","cell":"(82) 0852-3231","id":{"name":"CPF","value":"701.278.761-19"},"picture":{"large":"https://randomuser.me/api/portraits/men/86.jpg","medium":"https://randomuser.me/api/portraits/med/men/86.jpg","thumbnail":"https://randomuser.me/api/portraits/thumb/men/86.jpg"},"nat":"BR"}],"info":{"seed":"68a8bc841e525ecb","results":1,"page":1,"version":"1.4"}} 
 </msg>
<msg time="2024-05-08T12:27:05.002064" level="INFO">/opt/hostedtoolcache/Python/3.12.3/x64/lib/python3.12/site-packages/urllib3/connectionpool.py:1103: InsecureRequestWarning: Unverified HTTPS request is being made to host 'randomuser.me'. Adding certificate verification is strongly advised. See: https://urllib3.readthedocs.io/en/latest/advanced-usage.html#tls-warnings
  warnings.warn(</msg>
<msg time="2024-05-08T12:27:05.002157" level="INFO">${response} = &lt;Response [200]&gt;</msg>
<var>${response}</var>
<arg>consultarAPI</arg>
<arg>/api</arg>
<doc>Sends a GET request on a previously created HTTP Session.</doc>
<status status="PASS" start="2024-05-08T12:27:04.954894" elapsed="0.047301"/>
</kw>
<kw name="Set Variable" owner="BuiltIn">
<msg time="2024-05-08T12:27:05.003016" level="INFO">${json_data} = {'results': [{'gender': 'male', 'name': {'title': 'Mr', 'first': 'Romeu', 'last': 'Carvalho'}, 'location': {'street': {'number': 6813, 'name': 'Rua São José '}, 'city': 'Natal', 'state': 'Sergipe', 'c...</msg>
<var>${json_data}</var>
<arg>${response.json()}</arg>
<doc>Returns the given values which can then be assigned to a variables.</doc>
<status status="PASS" start="2024-05-08T12:27:05.002560" elapsed="0.000486"/>
</kw>
<kw name="Log" owner="BuiltIn">
<msg time="2024-05-08T12:27:05.003515" level="INFO">{'results': [{'gender': 'male', 'name': {'title': 'Mr', 'first': 'Romeu', 'last': 'Carvalho'}, 'location': {'street': {'number': 6813, 'name': 'Rua São José '}, 'city': 'Natal', 'state': 'Sergipe', 'country': 'Brazil', 'postcode': 98935, 'coordinates': {'latitude': '-75.4607', 'longitude': '-142.1862'}, 'timezone': {'offset': '-3:00', 'description': 'Brazil, Buenos Aires, Georgetown'}}, 'email': 'romeu.carvalho@example.com', 'login': {'uuid': 'd25ac9ef-2a07-436b-a1fb-c85d00594482', 'username': 'whitepeacock779', 'password': 'aaliyah', 'salt': 'jOaCmzQj', 'md5': 'e7113dd7e5b52ab941ab277f6f647aa1', 'sha1': '475297f81a6710768c92863a1398ae275a91e065', 'sha256': 'd5fa46e46eaf1bc5c7b1a8cd6a2e499108cff2c31f5cce102bd42fa6de7258f4'}, 'dob': {'date': '1973-07-22T05:30:28.653Z', 'age': 50}, 'registered': {'date': '2009-06-15T18:06:02.877Z', 'age': 14}, 'phone': '(00) 3622-5145', 'cell': '(82) 0852-3231', 'id': {'name': 'CPF', 'value': '701.278.761-19'}, 'picture': {'large': 'https://randomuser.me/api/portraits/men/86.jpg', 'medium': 'https://randomuser.me/api/portraits/med/men/86.jpg', 'thumbnail': 'https://randomuser.me/api/portraits/thumb/men/86.jpg'}, 'nat': 'BR'}], 'info': {'seed': '68a8bc841e525ecb', 'results': 1, 'page': 1, 'version': '1.4'}}</msg>
<arg>${json_data}</arg>
<doc>Logs the given message with the given level.</doc>
<status status="PASS" start="2024-05-08T12:27:05.003351" elapsed="0.000216"/>
</kw>
<kw name="Dictionary Should Contain Key" owner="Collections">
<msg time="2024-05-08T12:27:05.004015" level="INFO">False</msg>
<arg>${json_data}</arg>
<arg>results</arg>
<doc>Fails if ``key`` is not found from ``dictionary``.</doc>
<status status="PASS" start="2024-05-08T12:27:05.003864" elapsed="0.000188"/>
</kw>
<kw name="Should Not Be Empty" owner="BuiltIn">
<msg time="2024-05-08T12:27:05.004532" level="INFO">Length is 2.</msg>
<arg>${json_data}</arg>
<doc>Verifies that the given item is not empty.</doc>
<status status="PASS" start="2024-05-08T12:27:05.004399" elapsed="0.000172"/>
</kw>
<kw name="Create List" owner="BuiltIn">
<msg time="2024-05-08T12:27:05.005143" level="INFO">${expected_keys} = ['gender', 'name', 'location', 'email', 'login']</msg>
<var>${expected_keys}</var>
<arg>gender</arg>
<arg>name</arg>
<arg>location</arg>
<arg>email</arg>
<arg>login</arg>
<doc>Returns a list containing given items.</doc>
<status status="PASS" start="2024-05-08T12:27:05.004861" elapsed="0.000307"/>
</kw>
<for flavor="IN">
<iter>
<kw name="Dictionary Should Contain Key" owner="Collections">
<msg time="2024-05-08T12:27:05.006137" level="INFO">False</msg>
<arg>${json_data['results'][0]}</arg>
<arg>${key}</arg>
<doc>Fails if ``key`` is not found from ``dictionary``.</doc>
<status status="PASS" start="2024-05-08T12:27:05.005741" elapsed="0.000434"/>
</kw>
<kw name="Log" owner="BuiltIn">
<msg time="2024-05-08T12:27:05.006843" level="INFO">{'gender': 'male', 'name': {'title': 'Mr', 'first': 'Romeu', 'last': 'Carvalho'}, 'location': {'street': {'number': 6813, 'name': 'Rua São José '}, 'city': 'Natal', 'state': 'Sergipe', 'country': 'Brazil', 'postcode': 98935, 'coordinates': {'latitude': '-75.4607', 'longitude': '-142.1862'}, 'timezone': {'offset': '-3:00', 'description': 'Brazil, Buenos Aires, Georgetown'}}, 'email': 'romeu.carvalho@example.com', 'login': {'uuid': 'd25ac9ef-2a07-436b-a1fb-c85d00594482', 'username': 'whitepeacock779', 'password': 'aaliyah', 'salt': 'jOaCmzQj', 'md5': 'e7113dd7e5b52ab941ab277f6f647aa1', 'sha1': '475297f81a6710768c92863a1398ae275a91e065', 'sha256': 'd5fa46e46eaf1bc5c7b1a8cd6a2e499108cff2c31f5cce102bd42fa6de7258f4'}, 'dob': {'date': '1973-07-22T05:30:28.653Z', 'age': 50}, 'registered': {'date': '2009-06-15T18:06:02.877Z', 'age': 14}, 'phone': '(00) 3622-5145', 'cell': '(82) 0852-3231', 'id': {'name': 'CPF', 'value': '701.278.761-19'}, 'picture': {'large': 'https://randomuser.me/api/portraits/men/86.jpg', 'medium': 'https://randomuser.me/api/portraits/med/men/86.jpg', 'thumbnail': 'https://randomuser.me/api/portraits/thumb/men/86.jpg'}, 'nat': 'BR'}</msg>
<arg>${json_data['results'][0]}</arg>
<doc>Logs the given message with the given level.</doc>
<status status="PASS" start="2024-05-08T12:27:05.006474" elapsed="0.000418"/>
</kw>
<kw name="Log" owner="BuiltIn">
<msg time="2024-05-08T12:27:05.007319" level="INFO">gender</msg>
<arg>${key}</arg>
<doc>Logs the given message with the given level.</doc>
<status status="PASS" start="2024-05-08T12:27:05.007191" elapsed="0.000165"/>
</kw>
<var name="${key}">gender</var>
<status status="PASS" start="2024-05-08T12:27:05.005617" elapsed="0.001953"/>
</iter>
<iter>
<kw name="Dictionary Should Contain Key" owner="Collections">
<msg time="2024-05-08T12:27:05.008288" level="INFO">False</msg>
<arg>${json_data['results'][0]}</arg>
<arg>${key}</arg>
<doc>Fails if ``key`` is not found from ``dictionary``.</doc>
<status status="PASS" start="2024-05-08T12:27:05.007869" elapsed="0.000458"/>
</kw>
<kw name="Log" owner="BuiltIn">
<msg time="2024-05-08T12:27:05.009025" level="INFO">{'gender': 'male', 'name': {'title': 'Mr', 'first': 'Romeu', 'last': 'Carvalho'}, 'location': {'street': {'number': 6813, 'name': 'Rua São José '}, 'city': 'Natal', 'state': 'Sergipe', 'country': 'Brazil', 'postcode': 98935, 'coordinates': {'latitude': '-75.4607', 'longitude': '-142.1862'}, 'timezone': {'offset': '-3:00', 'description': 'Brazil, Buenos Aires, Georgetown'}}, 'email': 'romeu.carvalho@example.com', 'login': {'uuid': 'd25ac9ef-2a07-436b-a1fb-c85d00594482', 'username': 'whitepeacock779', 'password': 'aaliyah', 'salt': 'jOaCmzQj', 'md5': 'e7113dd7e5b52ab941ab277f6f647aa1', 'sha1': '475297f81a6710768c92863a1398ae275a91e065', 'sha256': 'd5fa46e46eaf1bc5c7b1a8cd6a2e499108cff2c31f5cce102bd42fa6de7258f4'}, 'dob': {'date': '1973-07-22T05:30:28.653Z', 'age': 50}, 'registered': {'date': '2009-06-15T18:06:02.877Z', 'age': 14}, 'phone': '(00) 3622-5145', 'cell': '(82) 0852-3231', 'id': {'name': 'CPF', 'value': '701.278.761-19'}, 'picture': {'large': 'https://randomuser.me/api/portraits/men/86.jpg', 'medium': 'https://randomuser.me/api/portraits/med/men/86.jpg', 'thumbnail': 'https://randomuser.me/api/portraits/thumb/men/86.jpg'}, 'nat': 'BR'}</msg>
<arg>${json_data['results'][0]}</arg>
<doc>Logs the given message with the given level.</doc>
<status status="PASS" start="2024-05-08T12:27:05.008660" elapsed="0.000415"/>
</kw>
<kw name="Log" owner="BuiltIn">
<msg time="2024-05-08T12:27:05.009498" level="INFO">name</msg>
<arg>${key}</arg>
<doc>Logs the given message with the given level.</doc>
<status status="PASS" start="2024-05-08T12:27:05.009373" elapsed="0.000162"/>
</kw>
<var name="${key}">name</var>
<status status="PASS" start="2024-05-08T12:27:05.007753" elapsed="0.001999"/>
</iter>
<iter>
<kw name="Dictionary Should Contain Key" owner="Collections">
<msg time="2024-05-08T12:27:05.010431" level="INFO">False</msg>
<arg>${json_data['results'][0]}</arg>
<arg>${key}</arg>
<doc>Fails if ``key`` is not found from ``dictionary``.</doc>
<status status="PASS" start="2024-05-08T12:27:05.010043" elapsed="0.000425"/>
</kw>
<kw name="Log" owner="BuiltIn">
<msg time="2024-05-08T12:27:05.011125" level="INFO">{'gender': 'male', 'name': {'title': 'Mr', 'first': 'Romeu', 'last': 'Carvalho'}, 'location': {'street': {'number': 6813, 'name': 'Rua São José '}, 'city': 'Natal', 'state': 'Sergipe', 'country': 'Brazil', 'postcode': 98935, 'coordinates': {'latitude': '-75.4607', 'longitude': '-142.1862'}, 'timezone': {'offset': '-3:00', 'description': 'Brazil, Buenos Aires, Georgetown'}}, 'email': 'romeu.carvalho@example.com', 'login': {'uuid': 'd25ac9ef-2a07-436b-a1fb-c85d00594482', 'username': 'whitepeacock779', 'password': 'aaliyah', 'salt': 'jOaCmzQj', 'md5': 'e7113dd7e5b52ab941ab277f6f647aa1', 'sha1': '475297f81a6710768c92863a1398ae275a91e065', 'sha256': 'd5fa46e46eaf1bc5c7b1a8cd6a2e499108cff2c31f5cce102bd42fa6de7258f4'}, 'dob': {'date': '1973-07-22T05:30:28.653Z', 'age': 50}, 'registered': {'date': '2009-06-15T18:06:02.877Z', 'age': 14}, 'phone': '(00) 3622-5145', 'cell': '(82) 0852-3231', 'id': {'name': 'CPF', 'value': '701.278.761-19'}, 'picture': {'large': 'https://randomuser.me/api/portraits/men/86.jpg', 'medium': 'https://randomuser.me/api/portraits/med/men/86.jpg', 'thumbnail': 'https://randomuser.me/api/portraits/thumb/men/86.jpg'}, 'nat': 'BR'}</msg>
<arg>${json_data['results'][0]}</arg>
<doc>Logs the given message with the given level.</doc>
<status status="PASS" start="2024-05-08T12:27:05.010766" elapsed="0.000409"/>
</kw>
<kw name="Log" owner="BuiltIn">
<msg time="2024-05-08T12:27:05.011591" level="INFO">location</msg>
<arg>${key}</arg>
<doc>Logs the given message with the given level.</doc>
<status status="PASS" start="2024-05-08T12:27:05.011468" elapsed="0.000161"/>
</kw>
<var name="${key}">location</var>
<status status="PASS" start="2024-05-08T12:27:05.009930" elapsed="0.001909"/>
</iter>
<iter>
<kw name="Dictionary Should Contain Key" owner="Collections">
<msg time="2024-05-08T12:27:05.012543" level="INFO">False</msg>
<arg>${json_data['results'][0]}</arg>
<arg>${key}</arg>
<doc>Fails if ``key`` is not found from ``dictionary``.</doc>
<status status="PASS" start="2024-05-08T12:27:05.012152" elapsed="0.000433"/>
</kw>
<kw name="Log" owner="BuiltIn">
<msg time="2024-05-08T12:27:05.013252" level="INFO">{'gender': 'male', 'name': {'title': 'Mr', 'first': 'Romeu', 'last': 'Carvalho'}, 'location': {'street': {'number': 6813, 'name': 'Rua São José '}, 'city': 'Natal', 'state': 'Sergipe', 'country': 'Brazil', 'postcode': 98935, 'coordinates': {'latitude': '-75.4607', 'longitude': '-142.1862'}, 'timezone': {'offset': '-3:00', 'description': 'Brazil, Buenos Aires, Georgetown'}}, 'email': 'romeu.carvalho@example.com', 'login': {'uuid': 'd25ac9ef-2a07-436b-a1fb-c85d00594482', 'username': 'whitepeacock779', 'password': 'aaliyah', 'salt': 'jOaCmzQj', 'md5': 'e7113dd7e5b52ab941ab277f6f647aa1', 'sha1': '475297f81a6710768c92863a1398ae275a91e065', 'sha256': 'd5fa46e46eaf1bc5c7b1a8cd6a2e499108cff2c31f5cce102bd42fa6de7258f4'}, 'dob': {'date': '1973-07-22T05:30:28.653Z', 'age': 50}, 'registered': {'date': '2009-06-15T18:06:02.877Z', 'age': 14}, 'phone': '(00) 3622-5145', 'cell': '(82) 0852-3231', 'id': {'name': 'CPF', 'value': '701.278.761-19'}, 'picture': {'large': 'https://randomuser.me/api/portraits/men/86.jpg', 'medium': 'https://randomuser.me/api/portraits/med/men/86.jpg', 'thumbnail': 'https://randomuser.me/api/portraits/thumb/men/86.jpg'}, 'nat': 'BR'}</msg>
<arg>${json_data['results'][0]}</arg>
<doc>Logs the given message with the given level.</doc>
<status status="PASS" start="2024-05-08T12:27:05.012889" elapsed="0.000414"/>
</kw>
<kw name="Log" owner="BuiltIn">
<msg time="2024-05-08T12:27:05.013723" level="INFO">email</msg>
<arg>${key}</arg>
<doc>Logs the given message with the given level.</doc>
<status status="PASS" start="2024-05-08T12:27:05.013597" elapsed="0.000163"/>
</kw>
<var name="${key}">email</var>
<status status="PASS" start="2024-05-08T12:27:05.012011" elapsed="0.001969"/>
</iter>
<iter>
<kw name="Dictionary Should Contain Key" owner="Collections">
<msg time="2024-05-08T12:27:05.014658" level="INFO">False</msg>
<arg>${json_data['results'][0]}</arg>
<arg>${key}</arg>
<doc>Fails if ``key`` is not found from ``dictionary``.</doc>
<status status="PASS" start="2024-05-08T12:27:05.014269" elapsed="0.000426"/>
</kw>
<kw name="Log" owner="BuiltIn">
<msg time="2024-05-08T12:27:05.015351" level="INFO">{'gender': 'male', 'name': {'title': 'Mr', 'first': 'Romeu', 'last': 'Carvalho'}, 'location': {'street': {'number': 6813, 'name': 'Rua São José '}, 'city': 'Natal', 'state': 'Sergipe', 'country': 'Brazil', 'postcode': 98935, 'coordinates': {'latitude': '-75.4607', 'longitude': '-142.1862'}, 'timezone': {'offset': '-3:00', 'description': 'Brazil, Buenos Aires, Georgetown'}}, 'email': 'romeu.carvalho@example.com', 'login': {'uuid': 'd25ac9ef-2a07-436b-a1fb-c85d00594482', 'username': 'whitepeacock779', 'password': 'aaliyah', 'salt': 'jOaCmzQj', 'md5': 'e7113dd7e5b52ab941ab277f6f647aa1', 'sha1': '475297f81a6710768c92863a1398ae275a91e065', 'sha256': 'd5fa46e46eaf1bc5c7b1a8cd6a2e499108cff2c31f5cce102bd42fa6de7258f4'}, 'dob': {'date': '1973-07-22T05:30:28.653Z', 'age': 50}, 'registered': {'date': '2009-06-15T18:06:02.877Z', 'age': 14}, 'phone': '(00) 3622-5145', 'cell': '(82) 0852-3231', 'id': {'name': 'CPF', 'value': '701.278.761-19'}, 'picture': {'large': 'https://randomuser.me/api/portraits/men/86.jpg', 'medium': 'https://randomuser.me/api/portraits/med/men/86.jpg', 'thumbnail': 'https://randomuser.me/api/portraits/thumb/men/86.jpg'}, 'nat': 'BR'}</msg>
<arg>${json_data['results'][0]}</arg>
<doc>Logs the given message with the given level.</doc>
<status status="PASS" start="2024-05-08T12:27:05.014991" elapsed="0.000411"/>
</kw>
<kw name="Log" owner="BuiltIn">
<msg time="2024-05-08T12:27:05.015825" level="INFO">login</msg>
<arg>${key}</arg>
<doc>Logs the given message with the given level.</doc>
<status status="PASS" start="2024-05-08T12:27:05.015699" elapsed="0.000165"/>
</kw>
<var name="${key}">login</var>
<status status="PASS" start="2024-05-08T12:27:05.014155" elapsed="0.001969"/>
</iter>
<var>${key}</var>
<value>@{expected_keys}</value>
<status status="PASS" start="2024-05-08T12:27:05.005434" elapsed="0.010820"/>
</for>
<kw name="Create List" owner="BuiltIn">
<msg time="2024-05-08T12:27:05.016587" level="INFO">${expected_keysTwo} = ['username', 'password']</msg>
<var>${expected_keysTwo}</var>
<arg>username</arg>
<arg>password</arg>
<doc>Returns a list containing given items.</doc>
<status status="PASS" start="2024-05-08T12:27:05.016449" elapsed="0.000162"/>
</kw>
<for flavor="IN">
<iter>
<kw name="Dictionary Should Contain Key" owner="Collections">
<msg time="2024-05-08T12:27:05.017501" level="INFO">False</msg>
<arg>${json_data['results'][0]['login']}</arg>
<arg>${keyTwo}</arg>
<doc>Fails if ``key`` is not found from ``dictionary``.</doc>
<status status="PASS" start="2024-05-08T12:27:05.017110" elapsed="0.000428"/>
</kw>
<kw name="Dictionary Should Contain Key" owner="Collections">
<msg time="2024-05-08T12:27:05.018215" level="INFO">False</msg>
<arg>${json_data['results'][0]['login']}</arg>
<arg>${keyTwo}</arg>
<doc>Fails if ``key`` is not found from ``dictionary``.</doc>
<status status="PASS" start="2024-05-08T12:27:05.017835" elapsed="0.000417"/>
</kw>
<kw name="Log" owner="BuiltIn">
<msg time="2024-05-08T12:27:05.018670" level="INFO">username</msg>
<arg>${keyTwo}</arg>
<doc>Logs the given message with the given level.</doc>
<status status="PASS" start="2024-05-08T12:27:05.018544" elapsed="0.000169"/>
</kw>
<var name="${keyTwo}">username</var>
<status status="PASS" start="2024-05-08T12:27:05.016999" elapsed="0.001929"/>
</iter>
<iter>
<kw name="Dictionary Should Contain Key" owner="Collections">
<msg time="2024-05-08T12:27:05.019593" level="INFO">False</msg>
<arg>${json_data['results'][0]['login']}</arg>
<arg>${keyTwo}</arg>
<doc>Fails if ``key`` is not found from ``dictionary``.</doc>
<status status="PASS" start="2024-05-08T12:27:05.019210" elapsed="0.000420"/>
</kw>
<kw name="Dictionary Should Contain Key" owner="Collections">
<msg time="2024-05-08T12:27:05.020433" level="INFO">False</msg>
<arg>${json_data['results'][0]['login']}</arg>
<arg>${keyTwo}</arg>
<doc>Fails if ``key`` is not found from ``dictionary``.</doc>
<status status="PASS" start="2024-05-08T12:27:05.019926" elapsed="0.000547"/>
</kw>
<kw name="Log" owner="BuiltIn">
<msg time="2024-05-08T12:27:05.020904" level="INFO">password</msg>
<arg>${keyTwo}</arg>
<doc>Logs the given message with the given level.</doc>
<status status="PASS" start="2024-05-08T12:27:05.020776" elapsed="0.000167"/>
</kw>
<var name="${keyTwo}">password</var>
<status status="PASS" start="2024-05-08T12:27:05.019100" elapsed="0.002060"/>
</iter>
<var>${keyTwo}</var>
<value>@{expected_keysTwo}</value>
<status status="PASS" start="2024-05-08T12:27:05.016847" elapsed="0.004437"/>
</for>
<status status="PASS" start="2024-05-08T12:27:04.954554" elapsed="0.066872"/>
</kw>
<doc>Testa a estrutura da resposta da API.</doc>
<tag>testeEstruturaResposta</tag>
<status status="PASS" start="2024-05-08T12:27:04.953793" elapsed="0.067783"/>
</test>
<test id="s1-s1-t4" name="Validar tipos de dados" line="28">
<kw name="Teste de Tipos de Dados" owner="random-user-service">
<kw name="GET On Session" owner="RequestsLibrary">
<msg time="2024-05-08T12:27:05.094905" level="INFO">GET Request : url=https://randomuser.me/api 
 path_url=/api 
 headers={'User-Agent': 'python-requests/2.31.0', 'Accept-Encoding': 'gzip, deflate', 'Accept': '*/*', 'Connection': 'keep-alive'} 
 body=None 
 </msg>
<msg time="2024-05-08T12:27:05.094997" level="INFO">GET Response : url=https://randomuser.me/api 
 status=200, reason=OK 
 headers={'Date': 'Wed, 08 May 2024 12:27:05 GMT', 'Content-Type': 'application/json; charset=utf-8', 'Transfer-Encoding': 'chunked', 'Connection': 'keep-alive', 'X-Powered-By': 'Express', 'Access-Control-Allow-Origin': '*', 'Cache-Control': 'no-cache', 'ETag': 'W/"494-zhG2grfEv8FI69BFFWAD2LnHydE"', 'Vary': 'Accept-Encoding', 'Content-Encoding': 'gzip', 'CF-Cache-Status': 'DYNAMIC', 'Report-To': '{"endpoints":[{"url":"https:\\/\\/a.nel.cloudflare.com\\/report\\/v4?s=xAiW%2FVWD%2Fi%2BmlrHkxCkbW3w7s%2BFDetkHigc3bt5%2B8CDUwm8O%2FggL%2F%2FZ7mLijFtFmw46s9MXd5W13YZrcWygw1CH5SkXg6LkcBbXote0js%2FPNwlOK%2FugcEN0s7XDRtIAz"}],"group":"cf-nel","max_age":604800}', 'NEL': '{"success_fraction":0,"report_to":"cf-nel","max_age":604800}', 'Server': 'cloudflare', 'CF-RAY': '8809711c6ba0700f-IAD', 'alt-svc': 'h3=":443"; ma=86400'} 
 body={"results":[{"gender":"male","name":{"title":"Mr","first":"Hasan","last":"Sevaldsen"},"location":{"street":{"number":4473,"name":"Christian Benneches vei"},"city":"Farstad","state":"Vest-Agder","country":"Norway","postcode":"8411","coordinates":{"latitude":"40.6883","longitude":"-168.9008"},"timezone":{"offset":"+9:00","description":"Tokyo, Seoul, Osaka, Sapporo, Yakutsk"}},"email":"hasan.sevaldsen@example.com","login":{"uuid":"5be722ed-f7de-4b69-bf80-58f65f185f9b","username":"lazybear413","password":"wildwood","salt":"8EZ4RAKo","md5":"8836d4671251040de4b3e827e89c9974","sha1":"6456f49e3f620a7599d89e13e1ed2f6b3e4bf9d2","sha256":"795de1226073b39de82a683c72eefb083dcb653035eedc63047e7f022e48ccdd"},"dob":{"date":"1975-09-15T23:27:53.311Z","age":48},"registered":{"date":"2021-02-27T00:29:56.163Z","age":3},"phone":"39153957","cell":"96025449","id":{"name":"FN","value":"15097515937"},"picture":{"large":"https://randomuser.me/api/portraits/men/43.jpg","medium":"https://randomuser.me/api/portraits/med/men/43.jpg","thumbnail":"https://randomuser.me/api/portraits/thumb/men/43.jpg"},"nat":"NO"}],"info":{"seed":"10e9005ebdc96e5d","results":1,"page":1,"version":"1.4"}} 
 </msg>
<msg time="2024-05-08T12:27:05.095071" level="INFO">/opt/hostedtoolcache/Python/3.12.3/x64/lib/python3.12/site-packages/urllib3/connectionpool.py:1103: InsecureRequestWarning: Unverified HTTPS request is being made to host 'randomuser.me'. Adding certificate verification is strongly advised. See: https://urllib3.readthedocs.io/en/latest/advanced-usage.html#tls-warnings
  warnings.warn(</msg>
<msg time="2024-05-08T12:27:05.095196" level="INFO">${response} = &lt;Response [200]&gt;</msg>
<var>${response}</var>
<arg>consultarAPI</arg>
<arg>/api</arg>
<doc>Sends a GET request on a previously created HTTP Session.</doc>
<status status="PASS" start="2024-05-08T12:27:05.023974" elapsed="0.071261"/>
</kw>
<kw name="Set Variable" owner="BuiltIn">
<msg time="2024-05-08T12:27:05.096201" level="INFO">${json_data} = {'results': [{'gender': 'male', 'name': {'title': 'Mr', 'first': 'Hasan', 'last': 'Sevaldsen'}, 'location': {'street': {'number': 4473, 'name': 'Christian Benneches vei'}, 'city': 'Farstad', 'state': ...</msg>
<var>${json_data}</var>
<arg>${response.json()}</arg>
<doc>Returns the given values which can then be assigned to a variables.</doc>
<status status="PASS" start="2024-05-08T12:27:05.095683" elapsed="0.000548"/>
</kw>
<kw name="Log" owner="BuiltIn">
<msg time="2024-05-08T12:27:05.096694" level="INFO">{'results': [{'gender': 'male', 'name': {'title': 'Mr', 'first': 'Hasan', 'last': 'Sevaldsen'}, 'location': {'street': {'number': 4473, 'name': 'Christian Benneches vei'}, 'city': 'Farstad', 'state': 'Vest-Agder', 'country': 'Norway', 'postcode': '8411', 'coordinates': {'latitude': '40.6883', 'longitude': '-168.9008'}, 'timezone': {'offset': '+9:00', 'description': 'Tokyo, Seoul, Osaka, Sapporo, Yakutsk'}}, 'email': 'hasan.sevaldsen@example.com', 'login': {'uuid': '5be722ed-f7de-4b69-bf80-58f65f185f9b', 'username': 'lazybear413', 'password': 'wildwood', 'salt': '8EZ4RAKo', 'md5': '8836d4671251040de4b3e827e89c9974', 'sha1': '6456f49e3f620a7599d89e13e1ed2f6b3e4bf9d2', 'sha256': '795de1226073b39de82a683c72eefb083dcb653035eedc63047e7f022e48ccdd'}, 'dob': {'date': '1975-09-15T23:27:53.311Z', 'age': 48}, 'registered': {'date': '2021-02-27T00:29:56.163Z', 'age': 3}, 'phone': '39153957', 'cell': '96025449', 'id': {'name': 'FN', 'value': '15097515937'}, 'picture': {'large': 'https://randomuser.me/api/portraits/men/43.jpg', 'medium': 'https://randomuser.me/api/portraits/med/men/43.jpg', 'thumbnail': 'https://randomuser.me/api/portraits/thumb/men/43.jpg'}, 'nat': 'NO'}], 'info': {'seed': '10e9005ebdc96e5d', 'results': 1, 'page': 1, 'version': '1.4'}}</msg>
<arg>${json_data}</arg>
<doc>Logs the given message with the given level.</doc>
<status status="PASS" start="2024-05-08T12:27:05.096541" elapsed="0.000234"/>
</kw>
<kw name="Should Be String" owner="String">
<arg>${json_data['results'][0]['gender']}</arg>
<doc>Fails if the given ``item`` is not a string.</doc>
<status status="PASS" start="2024-05-08T12:27:05.097078" elapsed="0.000365"/>
</kw>
<kw name="Should Match Regexp" owner="BuiltIn">
<arg>${json_data['results'][0]['email']}</arg>
<arg>^[a-zA-Z0-9._%+-]+@[a-zA-Z0-9.-]+\.[a-zA-Z]{2,}$</arg>
<doc>Fails if ``string`` does not match ``pattern`` as a regular expression.</doc>
<status status="PASS" start="2024-05-08T12:27:05.097638" elapsed="0.000516"/>
</kw>
<kw name="Should Match Regexp" owner="BuiltIn">
<arg>${json_data['results'][0]['dob']['date']}</arg>
<arg>\\d{4}-\\d{2}-\\d{2}T\\d{2}:\\d{2}:\\d{2}\\.\\d{3}Z</arg>
<doc>Fails if ``string`` does not match ``pattern`` as a regular expression.</doc>
<status status="PASS" start="2024-05-08T12:27:05.098351" elapsed="0.000493"/>
</kw>
<kw name="Should Match Regexp" owner="BuiltIn">
<arg>${json_data['results'][0]['registered']['date']}</arg>
<arg>\\d{4}-\\d{2}-\\d{2}T\\d{2}:\\d{2}:\\d{2}\\.\\d{3}Z</arg>
<doc>Fails if ``string`` does not match ``pattern`` as a regular expression.</doc>
<status status="PASS" start="2024-05-08T12:27:05.099035" elapsed="0.000364"/>
</kw>
<kw name="Should Match Regexp" owner="BuiltIn">
<arg>${json_data['results'][0]['picture']['large']}</arg>
<arg>^https?://.*\.(?:png|jpe?g|gif|bmp)$</arg>
<doc>Fails if ``string`` does not match ``pattern`` as a regular expression.</doc>
<status status="PASS" start="2024-05-08T12:27:05.099584" elapsed="0.000454"/>
</kw>
<kw name="Should Match Regexp" owner="BuiltIn">
<arg>${json_data['results'][0]['picture']['medium']}</arg>
<arg>^https?://.*\.(?:png|jpe?g|gif|bmp)$</arg>
<doc>Fails if ``string`` does not match ``pattern`` as a regular expression.</doc>
<status status="PASS" start="2024-05-08T12:27:05.100284" elapsed="0.000370"/>
</kw>
<kw name="Should Match Regexp" owner="BuiltIn">
<arg>${json_data['results'][0]['picture']['thumbnail']}</arg>
<arg>^https?://.*\.(?:png|jpe?g|gif|bmp)$</arg>
<doc>Fails if ``string`` does not match ``pattern`` as a regular expression.</doc>
<status status="PASS" start="2024-05-08T12:27:05.100844" elapsed="0.000354"/>
</kw>
<kw name="Log" owner="BuiltIn">
<msg time="2024-05-08T12:27:05.101697" level="INFO">{'large': 'https://randomuser.me/api/portraits/men/43.jpg', 'medium': 'https://randomuser.me/api/portraits/med/men/43.jpg', 'thumbnail': 'https://randomuser.me/api/portraits/thumb/men/43.jpg'}</msg>
<arg>${json_data['results'][0]['picture']}</arg>
<doc>Logs the given message with the given level.</doc>
<status status="PASS" start="2024-05-08T12:27:05.101377" elapsed="0.000361"/>
</kw>
<status status="PASS" start="2024-05-08T12:27:05.023752" elapsed="0.078239"/>
</kw>
<kw name="Teste de Tipos de Dados - Postcode" owner="random-user-service">
<kw name="GET On Session" owner="RequestsLibrary">
<msg time="2024-05-08T12:27:05.200818" level="INFO">GET Request : url=https://randomuser.me/api 
 path_url=/api 
 headers={'User-Agent': 'python-requests/2.31.0', 'Accept-Encoding': 'gzip, deflate', 'Accept': '*/*', 'Connection': 'keep-alive'} 
 body=None 
 </msg>
<msg time="2024-05-08T12:27:05.200907" level="INFO">GET Response : url=https://randomuser.me/api 
 status=200, reason=OK 
 headers={'Date': 'Wed, 08 May 2024 12:27:05 GMT', 'Content-Type': 'application/json; charset=utf-8', 'Transfer-Encoding': 'chunked', 'Connection': 'keep-alive', 'X-Powered-By': 'Express', 'Access-Control-Allow-Origin': '*', 'Cache-Control': 'no-cache', 'ETag': 'W/"49f-hY7O20IYLPHur48hm1PRA6OcXUE"', 'Vary': 'Accept-Encoding', 'Content-Encoding': 'gzip', 'CF-Cache-Status': 'DYNAMIC', 'Report-To': '{"endpoints":[{"url":"https:\\/\\/a.nel.cloudflare.com\\/report\\/v4?s=Ixsn2Drk3Pf5nnDljWijJ%2FgudNVIHCdz3eAzajMCXE9EQSQCdnQgscMNnnO0qN3CSEuJR3ghB9ssxrlD9DPKfSENBDp4D6493RMneas%2FP1hd2k0tcXd6GtDbjDIksZsr"}],"group":"cf-nel","max_age":604800}', 'NEL': '{"success_fraction":0,"report_to":"cf-nel","max_age":604800}', 'Server': 'cloudflare', 'CF-RAY': '8809711cec00700f-IAD', 'alt-svc': 'h3=":443"; ma=86400'} 
 body={"results":[{"gender":"female","name":{"title":"Ms","first":"Martha","last":"Simpson"},"location":{"street":{"number":3423,"name":"Daisy Dr"},"city":"Dumas","state":"Delaware","country":"United States","postcode":44415,"coordinates":{"latitude":"89.9509","longitude":"39.8514"},"timezone":{"offset":"-5:00","description":"Eastern Time (US &amp; Canada), Bogota, Lima"}},"email":"martha.simpson@example.com","login":{"uuid":"ada45232-6176-4e08-9e38-55c51d1e55cd","username":"orangegoose381","password":"chelsea1","salt":"gBy3bHL5","md5":"ac5046b8e4323918ebf4f02b49f494fe","sha1":"cd3d27c0f8eca81a8a39647b48ca47f8c5e650ca","sha256":"d1565be25cd2862d5b7159b7da83888e173c4653850b0c76f60d845217d23dbd"},"dob":{"date":"1988-11-02T17:52:25.597Z","age":35},"registered":{"date":"2009-06-22T07:18:40.480Z","age":14},"phone":"(819) 437-8132","cell":"(872) 204-4015","id":{"name":"SSN","value":"885-35-0127"},"picture":{"large":"https://randomuser.me/api/portraits/women/10.jpg","medium":"https://randomuser.me/api/portraits/med/women/10.jpg","thumbnail":"https://randomuser.me/api/portraits/thumb/women/10.jpg"},"nat":"US"}],"info":{"seed":"352bd010389659c8","results":1,"page":1,"version":"1.4"}} 
 </msg>
<msg time="2024-05-08T12:27:05.200978" level="INFO">/opt/hostedtoolcache/Python/3.12.3/x64/lib/python3.12/site-packages/urllib3/connectionpool.py:1103: InsecureRequestWarning: Unverified HTTPS request is being made to host 'randomuser.me'. Adding certificate verification is strongly advised. See: https://urllib3.readthedocs.io/en/latest/advanced-usage.html#tls-warnings
  warnings.warn(</msg>
<msg time="2024-05-08T12:27:05.201099" level="INFO">${response} = &lt;Response [200]&gt;</msg>
<var>${response}</var>
<arg>consultarAPI</arg>
<arg>/api</arg>
<doc>Sends a GET request on a previously created HTTP Session.</doc>
<status status="PASS" start="2024-05-08T12:27:05.102455" elapsed="0.098692"/>
</kw>
<kw name="Set Variable" owner="BuiltIn">
<msg time="2024-05-08T12:27:05.202081" level="INFO">${json_data} = {'results': [{'gender': 'female', 'name': {'title': 'Ms', 'first': 'Martha', 'last': 'Simpson'}, 'location': {'street': {'number': 3423, 'name': 'Daisy Dr'}, 'city': 'Dumas', 'state': 'Delaware', 'cou...</msg>
<var>${json_data}</var>
<arg>${response.json()}</arg>
<doc>Returns the given values which can then be assigned to a variables.</doc>
<status status="PASS" start="2024-05-08T12:27:05.201603" elapsed="0.000506"/>
</kw>
<kw name="Log" owner="BuiltIn">
<msg time="2024-05-08T12:27:05.202564" level="INFO">{'results': [{'gender': 'female', 'name': {'title': 'Ms', 'first': 'Martha', 'last': 'Simpson'}, 'location': {'street': {'number': 3423, 'name': 'Daisy Dr'}, 'city': 'Dumas', 'state': 'Delaware', 'country': 'United States', 'postcode': 44415, 'coordinates': {'latitude': '89.9509', 'longitude': '39.8514'}, 'timezone': {'offset': '-5:00', 'description': 'Eastern Time (US &amp; Canada), Bogota, Lima'}}, 'email': 'martha.simpson@example.com', 'login': {'uuid': 'ada45232-6176-4e08-9e38-55c51d1e55cd', 'username': 'orangegoose381', 'password': 'chelsea1', 'salt': 'gBy3bHL5', 'md5': 'ac5046b8e4323918ebf4f02b49f494fe', 'sha1': 'cd3d27c0f8eca81a8a39647b48ca47f8c5e650ca', 'sha256': 'd1565be25cd2862d5b7159b7da83888e173c4653850b0c76f60d845217d23dbd'}, 'dob': {'date': '1988-11-02T17:52:25.597Z', 'age': 35}, 'registered': {'date': '2009-06-22T07:18:40.480Z', 'age': 14}, 'phone': '(819) 437-8132', 'cell': '(872) 204-4015', 'id': {'name': 'SSN', 'value': '885-35-0127'}, 'picture': {'large': 'https://randomuser.me/api/portraits/women/10.jpg', 'medium': 'https://randomuser.me/api/portraits/med/women/10.jpg', 'thumbnail': 'https://randomuser.me/api/portraits/thumb/women/10.jpg'}, 'nat': 'US'}], 'info': {'seed': '352bd010389659c8', 'results': 1, 'page': 1, 'version': '1.4'}}</msg>
<arg>${json_data}</arg>
<doc>Logs the given message with the given level.</doc>
<status status="PASS" start="2024-05-08T12:27:05.202412" elapsed="0.000234"/>
</kw>
<kw name="Should Be Equal As Numbers" owner="BuiltIn">
<arg>${json_data['results'][0]['location']['postcode']}</arg>
<arg>${json_data['results'][0]['location']['postcode']}</arg>
<doc>Fails if objects are unequal after converting them to real numbers.</doc>
<status status="PASS" start="2024-05-08T12:27:05.202947" elapsed="0.000771"/>
</kw>
<kw name="Log" owner="BuiltIn">
<msg time="2024-05-08T12:27:05.204289" level="INFO">44415</msg>
<arg>${json_data['results'][0]['location']['postcode']}</arg>
<doc>Logs the given message with the given level.</doc>
<status status="PASS" start="2024-05-08T12:27:05.203912" elapsed="0.000417"/>
</kw>
<status status="PASS" start="2024-05-08T12:27:05.102226" elapsed="0.102360"/>
</kw>
<doc>Testa se os tipos de dados na resposta da API estão corretos.</doc>
<tag>testeTiposDados</tag>
<status status="PASS" start="2024-05-08T12:27:05.023317" elapsed="0.181434"/>
</test>
<test id="s1-s1-t5" name="Validar conteudo" line="35">
<kw name="Teste de Tipos de Conteudo" owner="random-user-service">
<kw name="GET On Session" owner="RequestsLibrary">
<msg time="2024-05-08T12:27:05.296874" level="INFO">GET Request : url=https://randomuser.me/api 
 path_url=/api 
 headers={'User-Agent': 'python-requests/2.31.0', 'Accept-Encoding': 'gzip, deflate', 'Accept': '*/*', 'Connection': 'keep-alive'} 
 body=None 
 </msg>
<msg time="2024-05-08T12:27:05.296967" level="INFO">GET Response : url=https://randomuser.me/api 
 status=200, reason=OK 
 headers={'Date': 'Wed, 08 May 2024 12:27:05 GMT', 'Content-Type': 'application/json; charset=utf-8', 'Transfer-Encoding': 'chunked', 'Connection': 'keep-alive', 'X-Powered-By': 'Express', 'Access-Control-Allow-Origin': '*', 'Cache-Control': 'no-cache', 'ETag': 'W/"48a-4XUQPKIxsm0/iYKP3i2GPtIRYgE"', 'Vary': 'Accept-Encoding', 'Content-Encoding': 'gzip', 'CF-Cache-Status': 'DYNAMIC', 'Report-To': '{"endpoints":[{"url":"https:\\/\\/a.nel.cloudflare.com\\/report\\/v4?s=Jkqk%2Bb2wXJTdCx1PVbCD1m5VQW3bGbYQtdZxQjJ8WpHb1WL8m9dcIXfqfn%2BvuyW5YeVnuOMiavX5LQ9aIRctoYS%2B0CKK5zvtNv%2FQTOZda%2F02GovDxCUVgYf65Cc0UZXa"}],"group":"cf-nel","max_age":604800}', 'NEL': '{"success_fraction":0,"report_to":"cf-nel","max_age":604800}', 'Server': 'cloudflare', 'CF-RAY': '8809711d9c85700f-IAD', 'alt-svc': 'h3=":443"; ma=86400'} 
 body={"results":[{"gender":"female","name":{"title":"Mrs","first":"Latife","last":"Tuğluk"},"location":{"street":{"number":9114,"name":"Atatürk Sk"},"city":"Elazığ","state":"Konya","country":"Turkey","postcode":36113,"coordinates":{"latitude":"71.3083","longitude":"74.1634"},"timezone":{"offset":"+10:00","description":"Eastern Australia, Guam, Vladivostok"}},"email":"latife.tugluk@example.com","login":{"uuid":"9d5fe048-4e32-47fa-b63c-77cf290b59db","username":"silverladybug532","password":"chris","salt":"4mhE8NCz","md5":"f0ece6a65ca72fb02c0d01fa8ff78f51","sha1":"71235a76aacf49dc78d1fda102e9da7587137df1","sha256":"155199c2286460731302590df80ab18fd365ae13b75232a7ce1a6c0067e39a84"},"dob":{"date":"1988-06-25T23:15:18.295Z","age":35},"registered":{"date":"2022-02-20T13:31:39.345Z","age":2},"phone":"(606)-368-7681","cell":"(743)-488-2547","id":{"name":"","value":null},"picture":{"large":"https://randomuser.me/api/portraits/women/12.jpg","medium":"https://randomuser.me/api/portraits/med/women/12.jpg","thumbnail":"https://randomuser.me/api/portraits/thumb/women/12.jpg"},"nat":"TR"}],"info":{"seed":"d8857a85144c0bf3","results":1,"page":1,"version":"1.4"}} 
 </msg>
<msg time="2024-05-08T12:27:05.297044" level="INFO">/opt/hostedtoolcache/Python/3.12.3/x64/lib/python3.12/site-packages/urllib3/connectionpool.py:1103: InsecureRequestWarning: Unverified HTTPS request is being made to host 'randomuser.me'. Adding certificate verification is strongly advised. See: https://urllib3.readthedocs.io/en/latest/advanced-usage.html#tls-warnings
  warnings.warn(</msg>
<msg time="2024-05-08T12:27:05.297163" level="INFO">${response} = &lt;Response [200]&gt;</msg>
<var>${response}</var>
<arg>consultarAPI</arg>
<arg>/api</arg>
<doc>Sends a GET request on a previously created HTTP Session.</doc>
<status status="PASS" start="2024-05-08T12:27:05.207506" elapsed="0.089706"/>
</kw>
<kw name="Set Variable" owner="BuiltIn">
<msg time="2024-05-08T12:27:05.298219" level="INFO">${json_data} = {'results': [{'gender': 'female', 'name': {'title': 'Mrs', 'first': 'Latife', 'last': 'Tuğluk'}, 'location': {'street': {'number': 9114, 'name': 'Atatürk Sk'}, 'city': 'Elazığ', 'state': 'Konya', 'cou...</msg>
<var>${json_data}</var>
<arg>${response.json()}</arg>
<doc>Returns the given values which can then be assigned to a variables.</doc>
<status status="PASS" start="2024-05-08T12:27:05.297734" elapsed="0.000515"/>
</kw>
<kw name="Set Variable" owner="BuiltIn">
<msg time="2024-05-08T12:27:05.298948" level="INFO">${name_title} = Mrs</msg>
<var>${name_title}</var>
<arg>${json_data["results"][0]["name"]["title"]}</arg>
<doc>Returns the given values which can then be assigned to a variables.</doc>
<status status="PASS" start="2024-05-08T12:27:05.298556" elapsed="0.000417"/>
</kw>
<kw name="Create List" owner="BuiltIn">
<msg time="2024-05-08T12:27:05.299420" level="INFO">${allowed_titles} = ['Mr', 'Ms', 'Miss', 'Mrs', 'Madame', 'Monsieur']</msg>
<var>${allowed_titles}</var>
<arg>Mr</arg>
<arg>Ms</arg>
<arg>Miss</arg>
<arg>Mrs</arg>
<arg>Madame</arg>
<arg>Monsieur</arg>
<doc>Returns a list containing given items.</doc>
<status status="PASS" start="2024-05-08T12:27:05.299270" elapsed="0.000173"/>
</kw>
<kw name="List Should Contain Value" owner="Collections">
<msg time="2024-05-08T12:27:05.299919" level="INFO">False</msg>
<arg>${allowed_titles}</arg>
<arg>${name_title}</arg>
<doc>Fails if the ``value`` is not found from ``list``.</doc>
<status status="PASS" start="2024-05-08T12:27:05.299743" elapsed="0.000212"/>
</kw>
<kw name="Set Variable" owner="BuiltIn">
<msg time="2024-05-08T12:27:05.300672" level="INFO">${name_country} = TR</msg>
<var>${name_country}</var>
<arg>${json_data["results"][0]["nat"]}</arg>
<doc>Returns the given values which can then be assigned to a variables.</doc>
<status status="PASS" start="2024-05-08T12:27:05.300286" elapsed="0.000411"/>
</kw>
<kw name="Create List" owner="BuiltIn">
<msg time="2024-05-08T12:27:05.301589" level="INFO">${list_country} = ['AD', 'AE', 'AF', 'AG', 'AI', 'AL', 'AM', 'AO', 'AQ', 'AR', 'AS', 'AT', 'AU', 'AW', 'AX', 'AZ', 'BA', 'BB', 'BD', 'BE', 'BF', 'BG', 'BH', 'BI', 'BJ', 'BL', 'BM', 'BN', 'BO', 'BQ', 'BR', 'BS', 'BT', '...</msg>
<var>${list_country}</var>
<arg>AD</arg>
<arg>AE</arg>
<arg>AF</arg>
<arg>AG</arg>
<arg>AI</arg>
<arg>AL</arg>
<arg>AM</arg>
<arg>AO</arg>
<arg>AQ</arg>
<arg>AR</arg>
<arg>AS</arg>
<arg>AT</arg>
<arg>AU</arg>
<arg>AW</arg>
<arg>AX</arg>
<arg>AZ</arg>
<arg>BA</arg>
<arg>BB</arg>
<arg>BD</arg>
<arg>BE</arg>
<arg>BF</arg>
<arg>BG</arg>
<arg>BH</arg>
<arg>BI</arg>
<arg>BJ</arg>
<arg>BL</arg>
<arg>BM</arg>
<arg>BN</arg>
<arg>BO</arg>
<arg>BQ</arg>
<arg>BR</arg>
<arg>BS</arg>
<arg>BT</arg>
<arg>BV</arg>
<arg>BW</arg>
<arg>BY</arg>
<arg>BZ</arg>
<arg>CA</arg>
<arg>CC</arg>
<arg>CD</arg>
<arg>CF</arg>
<arg>CG</arg>
<arg>CH</arg>
<arg>CI</arg>
<arg>CK</arg>
<arg>CL</arg>
<arg>CM</arg>
<arg>CN</arg>
<arg>CO</arg>
<arg>CR</arg>
<arg>CU</arg>
<arg>CV</arg>
<arg>CW</arg>
<arg>CX</arg>
<arg>CY</arg>
<arg>CZ</arg>
<arg>DE</arg>
<arg>DJ</arg>
<arg>DK</arg>
<arg>DM</arg>
<arg>DO</arg>
<arg>DZ</arg>
<arg>EC</arg>
<arg>EE</arg>
<arg>EG</arg>
<arg>EH</arg>
<arg>ER</arg>
<arg>ES</arg>
<arg>ET</arg>
<arg>FI</arg>
<arg>FJ</arg>
<arg>FK</arg>
<arg>FM</arg>
<arg>FO</arg>
<arg>FR</arg>
<arg>GA</arg>
<arg>GB</arg>
<arg>GD</arg>
<arg>GE</arg>
<arg>GF</arg>
<arg>GG</arg>
<arg>GH</arg>
<arg>GI</arg>
<arg>GL</arg>
<arg>GM</arg>
<arg>GN</arg>
<arg>GP</arg>
<arg>GQ</arg>
<arg>GR</arg>
<arg>GS</arg>
<arg>GT</arg>
<arg>GU</arg>
<arg>GW</arg>
<arg>GY</arg>
<arg>HK</arg>
<arg>HM</arg>
<arg>HN</arg>
<arg>HR</arg>
<arg>HT</arg>
<arg>HU</arg>
<arg>ID</arg>
<arg>IE</arg>
<arg>IL</arg>
<arg>IM</arg>
<arg>IN</arg>
<arg>IO</arg>
<arg>IQ</arg>
<arg>IR</arg>
<arg>IS</arg>
<arg>IT</arg>
<arg>JE</arg>
<arg>JM</arg>
<arg>JO</arg>
<arg>JP</arg>
<arg>KE</arg>
<arg>KG</arg>
<arg>KH</arg>
<arg>KI</arg>
<arg>KM</arg>
<arg>KN</arg>
<arg>KP</arg>
<arg>KR</arg>
<arg>KW</arg>
<arg>KY</arg>
<arg>KZ</arg>
<arg>LA</arg>
<arg>LB</arg>
<arg>LC</arg>
<arg>LI</arg>
<arg>LK</arg>
<arg>LR</arg>
<arg>LS</arg>
<arg>LT</arg>
<arg>LU</arg>
<arg>LV</arg>
<arg>LY</arg>
<arg>MA</arg>
<arg>MC</arg>
<arg>MD</arg>
<arg>ME</arg>
<arg>MF</arg>
<arg>MG</arg>
<arg>MH</arg>
<arg>MK</arg>
<arg>ML</arg>
<arg>MM</arg>
<arg>MN</arg>
<arg>MO</arg>
<arg>MP</arg>
<arg>MQ</arg>
<arg>MR</arg>
<arg>MS</arg>
<arg>MT</arg>
<arg>MU</arg>
<arg>MV</arg>
<arg>MW</arg>
<arg>MX</arg>
<arg>MY</arg>
<arg>MZ</arg>
<arg>NA</arg>
<arg>NC</arg>
<arg>NE</arg>
<arg>NF</arg>
<arg>NG</arg>
<arg>NI</arg>
<arg>NL</arg>
<arg>NO</arg>
<arg>NP</arg>
<arg>NR</arg>
<arg>NU</arg>
<arg>NZ</arg>
<arg>OM</arg>
<arg>PA</arg>
<arg>PE</arg>
<arg>PF</arg>
<arg>PG</arg>
<arg>PH</arg>
<arg>PK</arg>
<arg>PL</arg>
<arg>PM</arg>
<arg>PN</arg>
<arg>PR</arg>
<arg>PS</arg>
<arg>PT</arg>
<arg>PW</arg>
<arg>PY</arg>
<arg>QA</arg>
<arg>RE</arg>
<arg>RO</arg>
<arg>RS</arg>
<arg>RU</arg>
<arg>RW</arg>
<arg>SA</arg>
<arg>SB</arg>
<arg>SC</arg>
<arg>SD</arg>
<arg>SE</arg>
<arg>SG</arg>
<arg>SH</arg>
<arg>SI</arg>
<arg>SJ</arg>
<arg>SK</arg>
<arg>SL</arg>
<arg>SM</arg>
<arg>SN</arg>
<arg>SO</arg>
<arg>SR</arg>
<arg>SS</arg>
<arg>ST</arg>
<arg>SV</arg>
<arg>SX</arg>
<arg>SY</arg>
<arg>SZ</arg>
<arg>TC</arg>
<arg>TD</arg>
<arg>TF</arg>
<arg>TG</arg>
<arg>TH</arg>
<arg>TJ</arg>
<arg>TK</arg>
<arg>TL</arg>
<arg>TM</arg>
<arg>TN</arg>
<arg>TO</arg>
<arg>TR</arg>
<arg>TT</arg>
<arg>TV</arg>
<arg>TW</arg>
<arg>TZ</arg>
<arg>UA</arg>
<arg>UG</arg>
<arg>UM</arg>
<arg>US</arg>
<arg>UY</arg>
<arg>UZ</arg>
<arg>VA</arg>
<arg>VC</arg>
<arg>VE</arg>
<arg>VG</arg>
<arg>VI</arg>
<arg>VN</arg>
<arg>VU</arg>
<arg>WF</arg>
<arg>WS</arg>
<arg>XK</arg>
<arg>YE</arg>
<arg>YT</arg>
<arg>ZA</arg>
<arg>ZM</arg>
<arg>ZW</arg>
<doc>Returns a list containing given items.</doc>
<status status="PASS" start="2024-05-08T12:27:05.300998" elapsed="0.000617"/>
</kw>
<kw name="List Should Contain Value" owner="Collections">
<msg time="2024-05-08T12:27:05.302612" level="INFO">False</msg>
<arg>${list_country}</arg>
<arg>${name_country}</arg>
<doc>Fails if the ``value`` is not found from ``list``.</doc>
<status status="PASS" start="2024-05-08T12:27:05.302410" elapsed="0.000238"/>
</kw>
<kw name="Run Keyword If" owner="BuiltIn">
<kw name="Should Be True" owner="BuiltIn">
<arg>${True}</arg>
<doc>Fails if the given condition is not true.</doc>
<status status="PASS" start="2024-05-08T12:27:05.303724" elapsed="0.000145"/>
</kw>
<arg>${json_data["results"][0]["location"]["coordinates"]["latitude"]} &gt;= -90 and ${json_data["results"][0]["location"]["coordinates"]["latitude"]} &lt;= 90</arg>
<arg>Should Be True</arg>
<arg>${True}</arg>
<doc>Runs the given keyword with the given arguments, if ``condition`` is true.</doc>
<status status="PASS" start="2024-05-08T12:27:05.302957" elapsed="0.001037"/>
</kw>
<kw name="Run Keyword If" owner="BuiltIn">
<kw name="Should Be True" owner="BuiltIn">
<arg>${True}</arg>
<doc>Fails if the given condition is not true.</doc>
<status status="PASS" start="2024-05-08T12:27:05.304893" elapsed="0.000252"/>
</kw>
<arg>${json_data["results"][0]["location"]["coordinates"]["longitude"]} &gt;= -180 and ${json_data["results"][0]["location"]["coordinates"]["longitude"]} &lt;= 180</arg>
<arg>Should Be True</arg>
<arg>${True}</arg>
<doc>Runs the given keyword with the given arguments, if ``condition`` is true.</doc>
<status status="PASS" start="2024-05-08T12:27:05.304200" elapsed="0.001072"/>
</kw>
<status status="PASS" start="2024-05-08T12:27:05.207139" elapsed="0.098264"/>
</kw>
<doc>Testa o conteúdo específico dos campos retornados pela API.</doc>
<tag>testeConteudo</tag>
<status status="PASS" start="2024-05-08T12:27:05.206505" elapsed="0.099050"/>
</test>
<status status="PASS" start="2024-05-08T12:27:04.281854" elapsed="1.025605"/>
</suite>
<status status="PASS" start="2024-05-08T12:27:04.267458" elapsed="1.045211"/>
</suite>
<statistics>
<total>
<stat pass="5" fail="0" skip="0">All Tests</stat>
</total>
<tag>
<stat pass="1" fail="0" skip="0">testeConteudo</stat>
<stat pass="1" fail="0" skip="0">testeEstruturaResposta</stat>
<stat pass="1" fail="0" skip="0">testeRequisicaoBasica</stat>
<stat pass="1" fail="0" skip="0">testeTiposDados</stat>
</tag>
<suite>
<stat pass="5" fail="0" skip="0" id="s1" name="Tests">Tests</stat>
<stat pass="5" fail="0" skip="0" id="s1-s1" name="Random-User-Test">Tests.Random-User-Test</stat>
</suite>
</statistics>
<errors>
</errors>
</robot>
