<?xml version="1.0" encoding="UTF-8"?>
<robot generator="Robot 7.0 (Python 3.12.3 on linux)" generated="2024-05-26T15:15:28.949018" rpa="false" schemaversion="5">
<suite id="s1" name="Tests" source="/home/runner/work/ApiRandomUser/ApiRandomUser/RamdonUser/tests">
<suite id="s1-s1" name="Random-User-Test" source="/home/runner/work/ApiRandomUser/ApiRandomUser/RamdonUser/tests/random-user-test.robot">
<test id="s1-s1-t1" name="Conectar" line="13">
<kw name="Conectar API" owner="random-user-service">
<kw name="Create Session" owner="RequestsLibrary">
<msg time="2024-05-26T15:15:29.337086" level="INFO">Creating Session using : alias=consultarAPI, url=https://randomuser.me/, headers={},                     cookies={}, auth=None, timeout=None, proxies=None, verify=False,                     debug=0 </msg>
<arg>consultarAPI</arg>
<arg>${URL}</arg>
<doc>Create Session: create a HTTP session to a server</doc>
<status status="PASS" start="2024-05-26T15:15:29.336892" elapsed="0.000367"/>
</kw>
<status status="PASS" start="2024-05-26T15:15:29.335948" elapsed="0.001672"/>
</kw>
<status status="PASS" start="2024-05-26T15:15:29.335429" elapsed="0.002382"/>
</test>
<test id="s1-s1-t2" name="Validar retorno 200 e JSON Válido" line="16">
<kw name="Teste de Requisicao Basica" owner="random-user-service">
<kw name="GET On Session" owner="RequestsLibrary">
<msg time="2024-05-26T15:15:29.544577" level="INFO">GET Request : url=https://randomuser.me/api 
 path_url=/api 
 headers={'User-Agent': 'python-requests/2.32.2', 'Accept-Encoding': 'gzip, deflate', 'Accept': '*/*', 'Connection': 'keep-alive'} 
 body=None 
 </msg>
<msg time="2024-05-26T15:15:29.544726" level="INFO">GET Response : url=https://randomuser.me/api 
 status=200, reason=OK 
 headers={'Date': 'Sun, 26 May 2024 15:15:29 GMT', 'Content-Type': 'application/json; charset=utf-8', 'Transfer-Encoding': 'chunked', 'Connection': 'keep-alive', 'X-Powered-By': 'Express', 'Access-Control-Allow-Origin': '*', 'Cache-Control': 'no-cache', 'ETag': 'W/"490-jSPVn+pHsHic4qbenUfqky7IrLc"', 'Vary': 'Accept-Encoding', 'Content-Encoding': 'gzip', 'CF-Cache-Status': 'DYNAMIC', 'Report-To': '{"endpoints":[{"url":"https:\\/\\/a.nel.cloudflare.com\\/report\\/v4?s=2I%2FLTB5aiJvGQeu8DxrElL%2FJKkKmvyI77gvFy9q5PcoGCRPORql4ujFHTL05r0D2ODu5tgy9WZOOgrjRs1ZUahWpgfr0mXxCx6MFQAnhy0prJZBREVOWn0WCxwDGT%2Bat"}],"group":"cf-nel","max_age":604800}', 'NEL': '{"success_fraction":0,"report_to":"cf-nel","max_age":604800}', 'Server': 'cloudflare', 'CF-RAY': '889eb88d3a670684-IAD', 'alt-svc': 'h3=":443"; ma=86400'} 
 body={"results":[{"gender":"female","name":{"title":"Ms","first":"Enni","last":"Peltola"},"location":{"street":{"number":921,"name":"Mannerheimintie"},"city":"Kökar","state":"South Karelia","country":"Finland","postcode":77831,"coordinates":{"latitude":"-22.9305","longitude":"154.0838"},"timezone":{"offset":"-11:00","description":"Midway Island, Samoa"}},"email":"enni.peltola@example.com","login":{"uuid":"4be0156b-c1f3-4cba-ac8e-10f287bf35ad","username":"tinybutterfly151","password":"lisa","salt":"h7nWRNPV","md5":"125ab4064164ce159e629c9eeec71cbd","sha1":"59b88e57daee0d0d2d0c9e5a8fda078aa0beae06","sha256":"ffd0d113ad049a7b3e049bc72d4fee0e0ff1d6129f6532164bc00a75b637568c"},"dob":{"date":"1999-10-19T23:43:42.464Z","age":24},"registered":{"date":"2005-12-07T23:25:59.425Z","age":18},"phone":"05-792-368","cell":"042-559-94-81","id":{"name":"HETU","value":"NaNNA328undefined"},"picture":{"large":"https://randomuser.me/api/portraits/women/50.jpg","medium":"https://randomuser.me/api/portraits/med/women/50.jpg","thumbnail":"https://randomuser.me/api/portraits/thumb/women/50.jpg"},"nat":"FI"}],"info":{"seed":"58dfcba7acc46da2","results":1,"page":1,"version":"1.4"}} 
 </msg>
<msg time="2024-05-26T15:15:29.544806" level="INFO">/opt/hostedtoolcache/Python/3.12.3/x64/lib/python3.12/site-packages/urllib3/connectionpool.py:1103: InsecureRequestWarning: Unverified HTTPS request is being made to host 'randomuser.me'. Adding certificate verification is strongly advised. See: https://urllib3.readthedocs.io/en/latest/advanced-usage.html#tls-warnings
  warnings.warn(</msg>
<msg time="2024-05-26T15:15:29.544964" level="INFO">${response} = &lt;Response [200]&gt;</msg>
<var>${response}</var>
<arg>consultarAPI</arg>
<arg>/api</arg>
<doc>Sends a GET request on a previously created HTTP Session.</doc>
<status status="PASS" start="2024-05-26T15:15:29.340452" elapsed="0.204553"/>
</kw>
<kw name="Should Be Equal As Numbers" owner="BuiltIn">
<msg time="2024-05-26T15:15:29.545966" level="INFO">Argument types are:
&lt;class 'int'&gt;
&lt;class 'str'&gt;</msg>
<arg>${response.status_code}</arg>
<arg>200</arg>
<doc>Fails if objects are unequal after converting them to real numbers.</doc>
<status status="PASS" start="2024-05-26T15:15:29.545512" elapsed="0.000520"/>
</kw>
<kw name="Log" owner="BuiltIn">
<msg time="2024-05-26T15:15:29.546711" level="INFO">200</msg>
<arg>${response.status_code}</arg>
<doc>Logs the given message with the given level.</doc>
<status status="PASS" start="2024-05-26T15:15:29.546354" elapsed="0.000404"/>
</kw>
<kw name="Set Variable" owner="BuiltIn">
<msg time="2024-05-26T15:15:29.547557" level="INFO">${json_data} = {'results': [{'gender': 'female', 'name': {'title': 'Ms', 'first': 'Enni', 'last': 'Peltola'}, 'location': {'street': {'number': 921, 'name': 'Mannerheimintie'}, 'city': 'Kökar', 'state': 'South Karel...</msg>
<var>${json_data}</var>
<arg>${response.json()}</arg>
<doc>Returns the given values which can then be assigned to a variables.</doc>
<status status="PASS" start="2024-05-26T15:15:29.547114" elapsed="0.000472"/>
</kw>
<kw name="Dictionary Should Contain Key" owner="Collections">
<msg time="2024-05-26T15:15:29.548067" level="INFO">False</msg>
<arg>${json_data}</arg>
<arg>results</arg>
<doc>Fails if ``key`` is not found from ``dictionary``.</doc>
<status status="PASS" start="2024-05-26T15:15:29.547897" elapsed="0.000210"/>
</kw>
<status status="PASS" start="2024-05-26T15:15:29.340205" elapsed="0.208162"/>
</kw>
<doc>Testa se a API responde corretamente e retorna um objeto JSON válido.</doc>
<tag>testeRequisicaoBasica</tag>
<status status="PASS" start="2024-05-26T15:15:29.339743" elapsed="0.208815"/>
</test>
<test id="s1-s1-t3" name="Validar estrutura de resposta" line="22">
<kw name="Teste de Estrutura de Resposta" owner="random-user-service">
<kw name="GET On Session" owner="RequestsLibrary">
<msg time="2024-05-26T15:15:29.645071" level="INFO">GET Request : url=https://randomuser.me/api 
 path_url=/api 
 headers={'User-Agent': 'python-requests/2.32.2', 'Accept-Encoding': 'gzip, deflate', 'Accept': '*/*', 'Connection': 'keep-alive'} 
 body=None 
 </msg>
<msg time="2024-05-26T15:15:29.645161" level="INFO">GET Response : url=https://randomuser.me/api 
 status=200, reason=OK 
 headers={'Date': 'Sun, 26 May 2024 15:15:29 GMT', 'Content-Type': 'application/json; charset=utf-8', 'Transfer-Encoding': 'chunked', 'Connection': 'keep-alive', 'X-Powered-By': 'Express', 'Access-Control-Allow-Origin': '*', 'Cache-Control': 'no-cache', 'ETag': 'W/"47d-SCaviBjnlDD/mwiiVAqSz3I6lDk"', 'Vary': 'Accept-Encoding', 'Content-Encoding': 'gzip', 'CF-Cache-Status': 'DYNAMIC', 'Report-To': '{"endpoints":[{"url":"https:\\/\\/a.nel.cloudflare.com\\/report\\/v4?s=8%2BrrYtvKT7kH%2FnhfLtyQECQU3nd6%2BJXxZaVslJqh8fZurfkUNJ8rAUSdu%2F9pvEY33%2F%2BpM445NrmN2WYeud4HzDx%2FW8IRcTxjgyWQ3BiwRB4B%2FW8DbBmUFlEyC3mD63gg"}],"group":"cf-nel","max_age":604800}', 'NEL': '{"success_fraction":0,"report_to":"cf-nel","max_age":604800}', 'Server': 'cloudflare', 'CF-RAY': '889eb88dbae20684-IAD', 'alt-svc': 'h3=":443"; ma=86400'} 
 body={"results":[{"gender":"female","name":{"title":"Miss","first":"Nuran","last":"Klasen"},"location":{"street":{"number":410,"name":"Kiefernweg"},"city":"Neckarsulm","state":"Hessen","country":"Germany","postcode":43104,"coordinates":{"latitude":"-55.3923","longitude":"153.1051"},"timezone":{"offset":"-3:30","description":"Newfoundland"}},"email":"nuran.klasen@example.com","login":{"uuid":"c7050796-5760-4d0a-918e-ad1c52ecf1a6","username":"whitemouse883","password":"litle","salt":"Eya2dOLh","md5":"b78acfcbb2f2706cbefdf5474d46f3f6","sha1":"fcbb7c6371dc20970920db2a531563632e28407f","sha256":"252b9c4c7e8f8072f114eaee84baaa8bc32f79d6e2c311904045432fed64c906"},"dob":{"date":"1950-04-11T15:34:45.404Z","age":74},"registered":{"date":"2018-02-16T19:37:37.967Z","age":6},"phone":"0197-9164927","cell":"0176-8186168","id":{"name":"SVNR","value":"44 110450 K 719"},"picture":{"large":"https://randomuser.me/api/portraits/women/34.jpg","medium":"https://randomuser.me/api/portraits/med/women/34.jpg","thumbnail":"https://randomuser.me/api/portraits/thumb/women/34.jpg"},"nat":"DE"}],"info":{"seed":"378703aee30ff1fc","results":1,"page":1,"version":"1.4"}} 
 </msg>
<msg time="2024-05-26T15:15:29.645284" level="INFO">/opt/hostedtoolcache/Python/3.12.3/x64/lib/python3.12/site-packages/urllib3/connectionpool.py:1103: InsecureRequestWarning: Unverified HTTPS request is being made to host 'randomuser.me'. Adding certificate verification is strongly advised. See: https://urllib3.readthedocs.io/en/latest/advanced-usage.html#tls-warnings
  warnings.warn(</msg>
<msg time="2024-05-26T15:15:29.645413" level="INFO">${response} = &lt;Response [200]&gt;</msg>
<var>${response}</var>
<arg>consultarAPI</arg>
<arg>/api</arg>
<doc>Sends a GET request on a previously created HTTP Session.</doc>
<status status="PASS" start="2024-05-26T15:15:29.551186" elapsed="0.094283"/>
</kw>
<kw name="Set Variable" owner="BuiltIn">
<msg time="2024-05-26T15:15:29.646503" level="INFO">${json_data} = {'results': [{'gender': 'female', 'name': {'title': 'Miss', 'first': 'Nuran', 'last': 'Klasen'}, 'location': {'street': {'number': 410, 'name': 'Kiefernweg'}, 'city': 'Neckarsulm', 'state': 'Hessen', ...</msg>
<var>${json_data}</var>
<arg>${response.json()}</arg>
<doc>Returns the given values which can then be assigned to a variables.</doc>
<status status="PASS" start="2024-05-26T15:15:29.645938" elapsed="0.000593"/>
</kw>
<kw name="Log" owner="BuiltIn">
<msg time="2024-05-26T15:15:29.647046" level="INFO">{'results': [{'gender': 'female', 'name': {'title': 'Miss', 'first': 'Nuran', 'last': 'Klasen'}, 'location': {'street': {'number': 410, 'name': 'Kiefernweg'}, 'city': 'Neckarsulm', 'state': 'Hessen', 'country': 'Germany', 'postcode': 43104, 'coordinates': {'latitude': '-55.3923', 'longitude': '153.1051'}, 'timezone': {'offset': '-3:30', 'description': 'Newfoundland'}}, 'email': 'nuran.klasen@example.com', 'login': {'uuid': 'c7050796-5760-4d0a-918e-ad1c52ecf1a6', 'username': 'whitemouse883', 'password': 'litle', 'salt': 'Eya2dOLh', 'md5': 'b78acfcbb2f2706cbefdf5474d46f3f6', 'sha1': 'fcbb7c6371dc20970920db2a531563632e28407f', 'sha256': '252b9c4c7e8f8072f114eaee84baaa8bc32f79d6e2c311904045432fed64c906'}, 'dob': {'date': '1950-04-11T15:34:45.404Z', 'age': 74}, 'registered': {'date': '2018-02-16T19:37:37.967Z', 'age': 6}, 'phone': '0197-9164927', 'cell': '0176-8186168', 'id': {'name': 'SVNR', 'value': '44 110450 K 719'}, 'picture': {'large': 'https://randomuser.me/api/portraits/women/34.jpg', 'medium': 'https://randomuser.me/api/portraits/med/women/34.jpg', 'thumbnail': 'https://randomuser.me/api/portraits/thumb/women/34.jpg'}, 'nat': 'DE'}], 'info': {'seed': '378703aee30ff1fc', 'results': 1, 'page': 1, 'version': '1.4'}}</msg>
<arg>${json_data}</arg>
<doc>Logs the given message with the given level.</doc>
<status status="PASS" start="2024-05-26T15:15:29.646877" elapsed="0.000221"/>
</kw>
<kw name="Dictionary Should Contain Key" owner="Collections">
<msg time="2024-05-26T15:15:29.647553" level="INFO">False</msg>
<arg>${json_data}</arg>
<arg>results</arg>
<doc>Fails if ``key`` is not found from ``dictionary``.</doc>
<status status="PASS" start="2024-05-26T15:15:29.647401" elapsed="0.000189"/>
</kw>
<kw name="Should Not Be Empty" owner="BuiltIn">
<msg time="2024-05-26T15:15:29.648018" level="INFO">Length is 2.</msg>
<arg>${json_data}</arg>
<doc>Verifies that the given item is not empty.</doc>
<status status="PASS" start="2024-05-26T15:15:29.647884" elapsed="0.000173"/>
</kw>
<kw name="Create List" owner="BuiltIn">
<msg time="2024-05-26T15:15:29.648657" level="INFO">${expected_keys} = ['gender', 'name', 'location', 'email', 'login']</msg>
<var>${expected_keys}</var>
<arg>gender</arg>
<arg>name</arg>
<arg>location</arg>
<arg>email</arg>
<arg>login</arg>
<doc>Returns a list containing given items.</doc>
<status status="PASS" start="2024-05-26T15:15:29.648348" elapsed="0.000333"/>
</kw>
<for flavor="IN">
<iter>
<kw name="Dictionary Should Contain Key" owner="Collections">
<msg time="2024-05-26T15:15:29.649676" level="INFO">False</msg>
<arg>${json_data['results'][0]}</arg>
<arg>${key}</arg>
<doc>Fails if ``key`` is not found from ``dictionary``.</doc>
<status status="PASS" start="2024-05-26T15:15:29.649272" elapsed="0.000442"/>
</kw>
<kw name="Log" owner="BuiltIn">
<msg time="2024-05-26T15:15:29.650389" level="INFO">{'gender': 'female', 'name': {'title': 'Miss', 'first': 'Nuran', 'last': 'Klasen'}, 'location': {'street': {'number': 410, 'name': 'Kiefernweg'}, 'city': 'Neckarsulm', 'state': 'Hessen', 'country': 'Germany', 'postcode': 43104, 'coordinates': {'latitude': '-55.3923', 'longitude': '153.1051'}, 'timezone': {'offset': '-3:30', 'description': 'Newfoundland'}}, 'email': 'nuran.klasen@example.com', 'login': {'uuid': 'c7050796-5760-4d0a-918e-ad1c52ecf1a6', 'username': 'whitemouse883', 'password': 'litle', 'salt': 'Eya2dOLh', 'md5': 'b78acfcbb2f2706cbefdf5474d46f3f6', 'sha1': 'fcbb7c6371dc20970920db2a531563632e28407f', 'sha256': '252b9c4c7e8f8072f114eaee84baaa8bc32f79d6e2c311904045432fed64c906'}, 'dob': {'date': '1950-04-11T15:34:45.404Z', 'age': 74}, 'registered': {'date': '2018-02-16T19:37:37.967Z', 'age': 6}, 'phone': '0197-9164927', 'cell': '0176-8186168', 'id': {'name': 'SVNR', 'value': '44 110450 K 719'}, 'picture': {'large': 'https://randomuser.me/api/portraits/women/34.jpg', 'medium': 'https://randomuser.me/api/portraits/med/women/34.jpg', 'thumbnail': 'https://randomuser.me/api/portraits/thumb/women/34.jpg'}, 'nat': 'DE'}</msg>
<arg>${json_data['results'][0]}</arg>
<doc>Logs the given message with the given level.</doc>
<status status="PASS" start="2024-05-26T15:15:29.650018" elapsed="0.000418"/>
</kw>
<kw name="Log" owner="BuiltIn">
<msg time="2024-05-26T15:15:29.650900" level="INFO">gender</msg>
<arg>${key}</arg>
<doc>Logs the given message with the given level.</doc>
<status status="PASS" start="2024-05-26T15:15:29.650737" elapsed="0.000213"/>
</kw>
<var name="${key}">gender</var>
<status status="PASS" start="2024-05-26T15:15:29.649147" elapsed="0.002028"/>
</iter>
<iter>
<kw name="Dictionary Should Contain Key" owner="Collections">
<msg time="2024-05-26T15:15:29.651882" level="INFO">False</msg>
<arg>${json_data['results'][0]}</arg>
<arg>${key}</arg>
<doc>Fails if ``key`` is not found from ``dictionary``.</doc>
<status status="PASS" start="2024-05-26T15:15:29.651480" elapsed="0.000440"/>
</kw>
<kw name="Log" owner="BuiltIn">
<msg time="2024-05-26T15:15:29.652620" level="INFO">{'gender': 'female', 'name': {'title': 'Miss', 'first': 'Nuran', 'last': 'Klasen'}, 'location': {'street': {'number': 410, 'name': 'Kiefernweg'}, 'city': 'Neckarsulm', 'state': 'Hessen', 'country': 'Germany', 'postcode': 43104, 'coordinates': {'latitude': '-55.3923', 'longitude': '153.1051'}, 'timezone': {'offset': '-3:30', 'description': 'Newfoundland'}}, 'email': 'nuran.klasen@example.com', 'login': {'uuid': 'c7050796-5760-4d0a-918e-ad1c52ecf1a6', 'username': 'whitemouse883', 'password': 'litle', 'salt': 'Eya2dOLh', 'md5': 'b78acfcbb2f2706cbefdf5474d46f3f6', 'sha1': 'fcbb7c6371dc20970920db2a531563632e28407f', 'sha256': '252b9c4c7e8f8072f114eaee84baaa8bc32f79d6e2c311904045432fed64c906'}, 'dob': {'date': '1950-04-11T15:34:45.404Z', 'age': 74}, 'registered': {'date': '2018-02-16T19:37:37.967Z', 'age': 6}, 'phone': '0197-9164927', 'cell': '0176-8186168', 'id': {'name': 'SVNR', 'value': '44 110450 K 719'}, 'picture': {'large': 'https://randomuser.me/api/portraits/women/34.jpg', 'medium': 'https://randomuser.me/api/portraits/med/women/34.jpg', 'thumbnail': 'https://randomuser.me/api/portraits/thumb/women/34.jpg'}, 'nat': 'DE'}</msg>
<arg>${json_data['results'][0]}</arg>
<doc>Logs the given message with the given level.</doc>
<status status="PASS" start="2024-05-26T15:15:29.652248" elapsed="0.000421"/>
</kw>
<kw name="Log" owner="BuiltIn">
<msg time="2024-05-26T15:15:29.653104" level="INFO">name</msg>
<arg>${key}</arg>
<doc>Logs the given message with the given level.</doc>
<status status="PASS" start="2024-05-26T15:15:29.652977" elapsed="0.000163"/>
</kw>
<var name="${key}">name</var>
<status status="PASS" start="2024-05-26T15:15:29.651362" elapsed="0.001994"/>
</iter>
<iter>
<kw name="Dictionary Should Contain Key" owner="Collections">
<msg time="2024-05-26T15:15:29.654035" level="INFO">False</msg>
<arg>${json_data['results'][0]}</arg>
<arg>${key}</arg>
<doc>Fails if ``key`` is not found from ``dictionary``.</doc>
<status status="PASS" start="2024-05-26T15:15:29.653647" elapsed="0.000426"/>
</kw>
<kw name="Log" owner="BuiltIn">
<msg time="2024-05-26T15:15:29.654731" level="INFO">{'gender': 'female', 'name': {'title': 'Miss', 'first': 'Nuran', 'last': 'Klasen'}, 'location': {'street': {'number': 410, 'name': 'Kiefernweg'}, 'city': 'Neckarsulm', 'state': 'Hessen', 'country': 'Germany', 'postcode': 43104, 'coordinates': {'latitude': '-55.3923', 'longitude': '153.1051'}, 'timezone': {'offset': '-3:30', 'description': 'Newfoundland'}}, 'email': 'nuran.klasen@example.com', 'login': {'uuid': 'c7050796-5760-4d0a-918e-ad1c52ecf1a6', 'username': 'whitemouse883', 'password': 'litle', 'salt': 'Eya2dOLh', 'md5': 'b78acfcbb2f2706cbefdf5474d46f3f6', 'sha1': 'fcbb7c6371dc20970920db2a531563632e28407f', 'sha256': '252b9c4c7e8f8072f114eaee84baaa8bc32f79d6e2c311904045432fed64c906'}, 'dob': {'date': '1950-04-11T15:34:45.404Z', 'age': 74}, 'registered': {'date': '2018-02-16T19:37:37.967Z', 'age': 6}, 'phone': '0197-9164927', 'cell': '0176-8186168', 'id': {'name': 'SVNR', 'value': '44 110450 K 719'}, 'picture': {'large': 'https://randomuser.me/api/portraits/women/34.jpg', 'medium': 'https://randomuser.me/api/portraits/med/women/34.jpg', 'thumbnail': 'https://randomuser.me/api/portraits/thumb/women/34.jpg'}, 'nat': 'DE'}</msg>
<arg>${json_data['results'][0]}</arg>
<doc>Logs the given message with the given level.</doc>
<status status="PASS" start="2024-05-26T15:15:29.654370" elapsed="0.000409"/>
</kw>
<kw name="Log" owner="BuiltIn">
<msg time="2024-05-26T15:15:29.655258" level="INFO">location</msg>
<arg>${key}</arg>
<doc>Logs the given message with the given level.</doc>
<status status="PASS" start="2024-05-26T15:15:29.655129" elapsed="0.000167"/>
</kw>
<var name="${key}">location</var>
<status status="PASS" start="2024-05-26T15:15:29.653535" elapsed="0.001981"/>
</iter>
<iter>
<kw name="Dictionary Should Contain Key" owner="Collections">
<msg time="2024-05-26T15:15:29.656191" level="INFO">False</msg>
<arg>${json_data['results'][0]}</arg>
<arg>${key}</arg>
<doc>Fails if ``key`` is not found from ``dictionary``.</doc>
<status status="PASS" start="2024-05-26T15:15:29.655806" elapsed="0.000422"/>
</kw>
<kw name="Log" owner="BuiltIn">
<msg time="2024-05-26T15:15:29.656898" level="INFO">{'gender': 'female', 'name': {'title': 'Miss', 'first': 'Nuran', 'last': 'Klasen'}, 'location': {'street': {'number': 410, 'name': 'Kiefernweg'}, 'city': 'Neckarsulm', 'state': 'Hessen', 'country': 'Germany', 'postcode': 43104, 'coordinates': {'latitude': '-55.3923', 'longitude': '153.1051'}, 'timezone': {'offset': '-3:30', 'description': 'Newfoundland'}}, 'email': 'nuran.klasen@example.com', 'login': {'uuid': 'c7050796-5760-4d0a-918e-ad1c52ecf1a6', 'username': 'whitemouse883', 'password': 'litle', 'salt': 'Eya2dOLh', 'md5': 'b78acfcbb2f2706cbefdf5474d46f3f6', 'sha1': 'fcbb7c6371dc20970920db2a531563632e28407f', 'sha256': '252b9c4c7e8f8072f114eaee84baaa8bc32f79d6e2c311904045432fed64c906'}, 'dob': {'date': '1950-04-11T15:34:45.404Z', 'age': 74}, 'registered': {'date': '2018-02-16T19:37:37.967Z', 'age': 6}, 'phone': '0197-9164927', 'cell': '0176-8186168', 'id': {'name': 'SVNR', 'value': '44 110450 K 719'}, 'picture': {'large': 'https://randomuser.me/api/portraits/women/34.jpg', 'medium': 'https://randomuser.me/api/portraits/med/women/34.jpg', 'thumbnail': 'https://randomuser.me/api/portraits/thumb/women/34.jpg'}, 'nat': 'DE'}</msg>
<arg>${json_data['results'][0]}</arg>
<doc>Logs the given message with the given level.</doc>
<status status="PASS" start="2024-05-26T15:15:29.656526" elapsed="0.000421"/>
</kw>
<kw name="Log" owner="BuiltIn">
<msg time="2024-05-26T15:15:29.657376" level="INFO">email</msg>
<arg>${key}</arg>
<doc>Logs the given message with the given level.</doc>
<status status="PASS" start="2024-05-26T15:15:29.657249" elapsed="0.000164"/>
</kw>
<var name="${key}">email</var>
<status status="PASS" start="2024-05-26T15:15:29.655690" elapsed="0.001937"/>
</iter>
<iter>
<kw name="Dictionary Should Contain Key" owner="Collections">
<msg time="2024-05-26T15:15:29.658302" level="INFO">False</msg>
<arg>${json_data['results'][0]}</arg>
<arg>${key}</arg>
<doc>Fails if ``key`` is not found from ``dictionary``.</doc>
<status status="PASS" start="2024-05-26T15:15:29.657910" elapsed="0.000429"/>
</kw>
<kw name="Log" owner="BuiltIn">
<msg time="2024-05-26T15:15:29.659038" level="INFO">{'gender': 'female', 'name': {'title': 'Miss', 'first': 'Nuran', 'last': 'Klasen'}, 'location': {'street': {'number': 410, 'name': 'Kiefernweg'}, 'city': 'Neckarsulm', 'state': 'Hessen', 'country': 'Germany', 'postcode': 43104, 'coordinates': {'latitude': '-55.3923', 'longitude': '153.1051'}, 'timezone': {'offset': '-3:30', 'description': 'Newfoundland'}}, 'email': 'nuran.klasen@example.com', 'login': {'uuid': 'c7050796-5760-4d0a-918e-ad1c52ecf1a6', 'username': 'whitemouse883', 'password': 'litle', 'salt': 'Eya2dOLh', 'md5': 'b78acfcbb2f2706cbefdf5474d46f3f6', 'sha1': 'fcbb7c6371dc20970920db2a531563632e28407f', 'sha256': '252b9c4c7e8f8072f114eaee84baaa8bc32f79d6e2c311904045432fed64c906'}, 'dob': {'date': '1950-04-11T15:34:45.404Z', 'age': 74}, 'registered': {'date': '2018-02-16T19:37:37.967Z', 'age': 6}, 'phone': '0197-9164927', 'cell': '0176-8186168', 'id': {'name': 'SVNR', 'value': '44 110450 K 719'}, 'picture': {'large': 'https://randomuser.me/api/portraits/women/34.jpg', 'medium': 'https://randomuser.me/api/portraits/med/women/34.jpg', 'thumbnail': 'https://randomuser.me/api/portraits/thumb/women/34.jpg'}, 'nat': 'DE'}</msg>
<arg>${json_data['results'][0]}</arg>
<doc>Logs the given message with the given level.</doc>
<status status="PASS" start="2024-05-26T15:15:29.658635" elapsed="0.000461"/>
</kw>
<kw name="Log" owner="BuiltIn">
<msg time="2024-05-26T15:15:29.659524" level="INFO">login</msg>
<arg>${key}</arg>
<doc>Logs the given message with the given level.</doc>
<status status="PASS" start="2024-05-26T15:15:29.659395" elapsed="0.000167"/>
</kw>
<var name="${key}">login</var>
<status status="PASS" start="2024-05-26T15:15:29.657799" elapsed="0.001981"/>
</iter>
<var>${key}</var>
<value>@{expected_keys}</value>
<status status="PASS" start="2024-05-26T15:15:29.648955" elapsed="0.010971"/>
</for>
<kw name="Create List" owner="BuiltIn">
<msg time="2024-05-26T15:15:29.660269" level="INFO">${expected_keysTwo} = ['username', 'password']</msg>
<var>${expected_keysTwo}</var>
<arg>username</arg>
<arg>password</arg>
<doc>Returns a list containing given items.</doc>
<status status="PASS" start="2024-05-26T15:15:29.660125" elapsed="0.000167"/>
</kw>
<for flavor="IN">
<iter>
<kw name="Dictionary Should Contain Key" owner="Collections">
<msg time="2024-05-26T15:15:29.661191" level="INFO">False</msg>
<arg>${json_data['results'][0]['login']}</arg>
<arg>${keyTwo}</arg>
<doc>Fails if ``key`` is not found from ``dictionary``.</doc>
<status status="PASS" start="2024-05-26T15:15:29.660791" elapsed="0.000436"/>
</kw>
<kw name="Dictionary Should Contain Key" owner="Collections">
<msg time="2024-05-26T15:15:29.661911" level="INFO">False</msg>
<arg>${json_data['results'][0]['login']}</arg>
<arg>${keyTwo}</arg>
<doc>Fails if ``key`` is not found from ``dictionary``.</doc>
<status status="PASS" start="2024-05-26T15:15:29.661531" elapsed="0.000417"/>
</kw>
<kw name="Log" owner="BuiltIn">
<msg time="2024-05-26T15:15:29.662366" level="INFO">username</msg>
<arg>${keyTwo}</arg>
<doc>Logs the given message with the given level.</doc>
<status status="PASS" start="2024-05-26T15:15:29.662241" elapsed="0.000173"/>
</kw>
<var name="${keyTwo}">username</var>
<status status="PASS" start="2024-05-26T15:15:29.660681" elapsed="0.001946"/>
</iter>
<iter>
<kw name="Dictionary Should Contain Key" owner="Collections">
<msg time="2024-05-26T15:15:29.663314" level="INFO">False</msg>
<arg>${json_data['results'][0]['login']}</arg>
<arg>${keyTwo}</arg>
<doc>Fails if ``key`` is not found from ``dictionary``.</doc>
<status status="PASS" start="2024-05-26T15:15:29.662941" elapsed="0.000410"/>
</kw>
<kw name="Dictionary Should Contain Key" owner="Collections">
<msg time="2024-05-26T15:15:29.664143" level="INFO">False</msg>
<arg>${json_data['results'][0]['login']}</arg>
<arg>${keyTwo}</arg>
<doc>Fails if ``key`` is not found from ``dictionary``.</doc>
<status status="PASS" start="2024-05-26T15:15:29.663669" elapsed="0.000513"/>
</kw>
<kw name="Log" owner="BuiltIn">
<msg time="2024-05-26T15:15:29.664610" level="INFO">password</msg>
<arg>${keyTwo}</arg>
<doc>Logs the given message with the given level.</doc>
<status status="PASS" start="2024-05-26T15:15:29.664483" elapsed="0.000164"/>
</kw>
<var name="${keyTwo}">password</var>
<status status="PASS" start="2024-05-26T15:15:29.662813" elapsed="0.002063"/>
</iter>
<var>${keyTwo}</var>
<value>@{expected_keysTwo}</value>
<status status="PASS" start="2024-05-26T15:15:29.660531" elapsed="0.004466"/>
</for>
<status status="PASS" start="2024-05-26T15:15:29.550941" elapsed="0.114192"/>
</kw>
<doc>Testa a estrutura da resposta da API.</doc>
<tag>testeEstruturaResposta</tag>
<status status="PASS" start="2024-05-26T15:15:29.550402" elapsed="0.114879"/>
</test>
<test id="s1-s1-t4" name="Validar tipos de dados" line="28">
<kw name="Teste de Tipos de Dados" owner="random-user-service">
<kw name="GET On Session" owner="RequestsLibrary">
<msg time="2024-05-26T15:15:29.749434" level="INFO">GET Request : url=https://randomuser.me/api 
 path_url=/api 
 headers={'User-Agent': 'python-requests/2.32.2', 'Accept-Encoding': 'gzip, deflate', 'Accept': '*/*', 'Connection': 'keep-alive'} 
 body=None 
 </msg>
<msg time="2024-05-26T15:15:29.749526" level="INFO">GET Response : url=https://randomuser.me/api 
 status=200, reason=OK 
 headers={'Date': 'Sun, 26 May 2024 15:15:29 GMT', 'Content-Type': 'application/json; charset=utf-8', 'Transfer-Encoding': 'chunked', 'Connection': 'keep-alive', 'X-Powered-By': 'Express', 'Access-Control-Allow-Origin': '*', 'Cache-Control': 'no-cache', 'ETag': 'W/"479-JUsnBw/nmF1F0D7AgBhK28TqALw"', 'Vary': 'Accept-Encoding', 'Content-Encoding': 'gzip', 'CF-Cache-Status': 'DYNAMIC', 'Report-To': '{"endpoints":[{"url":"https:\\/\\/a.nel.cloudflare.com\\/report\\/v4?s=Ox%2B9hTmNXlzjwkDmo8EVwm4ZRtl8rZEZh8MDX%2FZehSx6yK84QOFD72CFhQ6uq3%2FlSPJOHEnzWQEJzjkOS5vy26nVR1eDv2USQbi1Ufre0aOhMoDEKvjVF23p4SCGapaX"}],"group":"cf-nel","max_age":604800}', 'NEL': '{"success_fraction":0,"report_to":"cf-nel","max_age":604800}', 'Server': 'cloudflare', 'CF-RAY': '889eb88e7b9d0684-IAD', 'alt-svc': 'h3=":443"; ma=86400'} 
 body={"results":[{"gender":"male","name":{"title":"Mr","first":"ایلیا","last":"جعفری"},"location":{"street":{"number":5322,"name":"قدس"},"city":"بروجرد","state":"فارس","country":"Iran","postcode":57922,"coordinates":{"latitude":"19.9858","longitude":"-116.0803"},"timezone":{"offset":"+4:00","description":"Abu Dhabi, Muscat, Baku, Tbilisi"}},"email":"yly.jaafry@example.com","login":{"uuid":"30a89378-d1e7-4bcb-a104-2ee0778692be","username":"angryfrog217","password":"ashley","salt":"Ye3BTYSz","md5":"c61eef771db95456257e2c0ec5db7b9d","sha1":"9e938c422f52e464b71389817eff0ffd4fe3ed5a","sha256":"f4794bf45c6b5bffec2bfba687a46f576579b0f4c0b9951de23e0dfe81459a46"},"dob":{"date":"1995-09-06T18:25:41.069Z","age":28},"registered":{"date":"2020-03-24T21:26:39.916Z","age":4},"phone":"044-54617905","cell":"0955-183-7113","id":{"name":"","value":null},"picture":{"large":"https://randomuser.me/api/portraits/men/1.jpg","medium":"https://randomuser.me/api/portraits/med/men/1.jpg","thumbnail":"https://randomuser.me/api/portraits/thumb/men/1.jpg"},"nat":"IR"}],"info":{"seed":"f75d43339abf286c","results":1,"page":1,"version":"1.4"}} 
 </msg>
<msg time="2024-05-26T15:15:29.749616" level="INFO">/opt/hostedtoolcache/Python/3.12.3/x64/lib/python3.12/site-packages/urllib3/connectionpool.py:1103: InsecureRequestWarning: Unverified HTTPS request is being made to host 'randomuser.me'. Adding certificate verification is strongly advised. See: https://urllib3.readthedocs.io/en/latest/advanced-usage.html#tls-warnings
  warnings.warn(</msg>
<msg time="2024-05-26T15:15:29.749748" level="INFO">${response} = &lt;Response [200]&gt;</msg>
<var>${response}</var>
<arg>consultarAPI</arg>
<arg>/api</arg>
<doc>Sends a GET request on a previously created HTTP Session.</doc>
<status status="PASS" start="2024-05-26T15:15:29.667743" elapsed="0.082042"/>
</kw>
<kw name="Set Variable" owner="BuiltIn">
<msg time="2024-05-26T15:15:29.751172" level="INFO">${json_data} = {'results': [{'gender': 'male', 'name': {'title': 'Mr', 'first': 'ایلیا', 'last': 'جعفری'}, 'location': {'street': {'number': 5322, 'name': 'قدس'}, 'city': 'بروجرد', 'state': 'فارس', 'country': 'Iran'...</msg>
<var>${json_data}</var>
<arg>${response.json()}</arg>
<doc>Returns the given values which can then be assigned to a variables.</doc>
<status status="PASS" start="2024-05-26T15:15:29.750432" elapsed="0.000794"/>
</kw>
<kw name="Log" owner="BuiltIn">
<msg time="2024-05-26T15:15:29.751928" level="INFO">{'results': [{'gender': 'male', 'name': {'title': 'Mr', 'first': 'ایلیا', 'last': 'جعفری'}, 'location': {'street': {'number': 5322, 'name': 'قدس'}, 'city': 'بروجرد', 'state': 'فارس', 'country': 'Iran', 'postcode': 57922, 'coordinates': {'latitude': '19.9858', 'longitude': '-116.0803'}, 'timezone': {'offset': '+4:00', 'description': 'Abu Dhabi, Muscat, Baku, Tbilisi'}}, 'email': 'yly.jaafry@example.com', 'login': {'uuid': '30a89378-d1e7-4bcb-a104-2ee0778692be', 'username': 'angryfrog217', 'password': 'ashley', 'salt': 'Ye3BTYSz', 'md5': 'c61eef771db95456257e2c0ec5db7b9d', 'sha1': '9e938c422f52e464b71389817eff0ffd4fe3ed5a', 'sha256': 'f4794bf45c6b5bffec2bfba687a46f576579b0f4c0b9951de23e0dfe81459a46'}, 'dob': {'date': '1995-09-06T18:25:41.069Z', 'age': 28}, 'registered': {'date': '2020-03-24T21:26:39.916Z', 'age': 4}, 'phone': '044-54617905', 'cell': '0955-183-7113', 'id': {'name': '', 'value': None}, 'picture': {'large': 'https://randomuser.me/api/portraits/men/1.jpg', 'medium': 'https://randomuser.me/api/portraits/med/men/1.jpg', 'thumbnail': 'https://randomuser.me/api/portraits/thumb/men/1.jpg'}, 'nat': 'IR'}], 'info': {'seed': 'f75d43339abf286c', 'results': 1, 'page': 1, 'version': '1.4'}}</msg>
<arg>${json_data}</arg>
<doc>Logs the given message with the given level.</doc>
<status status="PASS" start="2024-05-26T15:15:29.751694" elapsed="0.000365"/>
</kw>
<kw name="Should Be String" owner="String">
<arg>${json_data['results'][0]['gender']}</arg>
<doc>Fails if the given ``item`` is not a string.</doc>
<status status="PASS" start="2024-05-26T15:15:29.752521" elapsed="0.000595"/>
</kw>
<kw name="Should Match Regexp" owner="BuiltIn">
<arg>${json_data['results'][0]['email']}</arg>
<arg>^[a-zA-Z0-9._%+-]+@[a-zA-Z0-9.-]+\.[a-zA-Z]{2,}$</arg>
<doc>Fails if ``string`` does not match ``pattern`` as a regular expression.</doc>
<status status="PASS" start="2024-05-26T15:15:29.753413" elapsed="0.000853"/>
</kw>
<kw name="Should Match Regexp" owner="BuiltIn">
<arg>${json_data['results'][0]['dob']['date']}</arg>
<arg>\\d{4}-\\d{2}-\\d{2}T\\d{2}:\\d{2}:\\d{2}\\.\\d{3}Z</arg>
<doc>Fails if ``string`` does not match ``pattern`` as a regular expression.</doc>
<status status="PASS" start="2024-05-26T15:15:29.754597" elapsed="0.000831"/>
</kw>
<kw name="Should Match Regexp" owner="BuiltIn">
<arg>${json_data['results'][0]['registered']['date']}</arg>
<arg>\\d{4}-\\d{2}-\\d{2}T\\d{2}:\\d{2}:\\d{2}\\.\\d{3}Z</arg>
<doc>Fails if ``string`` does not match ``pattern`` as a regular expression.</doc>
<status status="PASS" start="2024-05-26T15:15:29.755745" elapsed="0.000639"/>
</kw>
<kw name="Should Match Regexp" owner="BuiltIn">
<arg>${json_data['results'][0]['picture']['large']}</arg>
<arg>^https?://.*\.(?:png|jpe?g|gif|bmp)$</arg>
<doc>Fails if ``string`` does not match ``pattern`` as a regular expression.</doc>
<status status="PASS" start="2024-05-26T15:15:29.756710" elapsed="0.000800"/>
</kw>
<kw name="Should Match Regexp" owner="BuiltIn">
<arg>${json_data['results'][0]['picture']['medium']}</arg>
<arg>^https?://.*\.(?:png|jpe?g|gif|bmp)$</arg>
<doc>Fails if ``string`` does not match ``pattern`` as a regular expression.</doc>
<status status="PASS" start="2024-05-26T15:15:29.757806" elapsed="0.000598"/>
</kw>
<kw name="Should Match Regexp" owner="BuiltIn">
<arg>${json_data['results'][0]['picture']['thumbnail']}</arg>
<arg>^https?://.*\.(?:png|jpe?g|gif|bmp)$</arg>
<doc>Fails if ``string`` does not match ``pattern`` as a regular expression.</doc>
<status status="PASS" start="2024-05-26T15:15:29.758740" elapsed="0.000599"/>
</kw>
<kw name="Log" owner="BuiltIn">
<msg time="2024-05-26T15:15:29.760221" level="INFO">{'large': 'https://randomuser.me/api/portraits/men/1.jpg', 'medium': 'https://randomuser.me/api/portraits/med/men/1.jpg', 'thumbnail': 'https://randomuser.me/api/portraits/thumb/men/1.jpg'}</msg>
<arg>${json_data['results'][0]['picture']}</arg>
<doc>Logs the given message with the given level.</doc>
<status status="PASS" start="2024-05-26T15:15:29.759643" elapsed="0.000651"/>
</kw>
<status status="PASS" start="2024-05-26T15:15:29.667520" elapsed="0.093141"/>
</kw>
<kw name="Teste de Tipos de Dados - Postcode" owner="random-user-service">
<kw name="GET On Session" owner="RequestsLibrary">
<msg time="2024-05-26T15:15:29.969641" level="INFO">GET Request : url=https://randomuser.me/api 
 path_url=/api 
 headers={'User-Agent': 'python-requests/2.32.2', 'Accept-Encoding': 'gzip, deflate', 'Accept': '*/*', 'Connection': 'keep-alive'} 
 body=None 
 </msg>
<msg time="2024-05-26T15:15:29.969736" level="INFO">GET Response : url=https://randomuser.me/api 
 status=200, reason=OK 
 headers={'Date': 'Sun, 26 May 2024 15:15:29 GMT', 'Content-Type': 'application/json; charset=utf-8', 'Transfer-Encoding': 'chunked', 'Connection': 'keep-alive', 'X-Powered-By': 'Express', 'Access-Control-Allow-Origin': '*', 'Cache-Control': 'no-cache', 'ETag': 'W/"46d-8Gm1rFEsLnvoyyHrytFjVNNMZfw"', 'Vary': 'Accept-Encoding', 'Content-Encoding': 'gzip', 'CF-Cache-Status': 'DYNAMIC', 'Report-To': '{"endpoints":[{"url":"https:\\/\\/a.nel.cloudflare.com\\/report\\/v4?s=pJ7zMxRLb%2BbwpRUD4Z1qScXlulkcGnx2WXb9fJN4dOpXsWrmfKTSB6A9EUzsFjRQP%2FJSXMmAgaPLPbuFobdPFbbBAJfmQp%2BW3LT%2BqiWFAy5cITv1IfljVQ5DEw%2BCBa0Q"}],"group":"cf-nel","max_age":604800}', 'NEL': '{"success_fraction":0,"report_to":"cf-nel","max_age":604800}', 'Server': 'cloudflare', 'CF-RAY': '889eb88f0c490684-IAD', 'alt-svc': 'h3=":443"; ma=86400'} 
 body={"results":[{"gender":"male","name":{"title":"Mr","first":"Knut","last":"Stang"},"location":{"street":{"number":5961,"name":"Lindbäckveien"},"city":"Sessvollmoen","state":"Møre og Romsdal","country":"Norway","postcode":"6728","coordinates":{"latitude":"40.8460","longitude":"-15.0084"},"timezone":{"offset":"+4:30","description":"Kabul"}},"email":"knut.stang@example.com","login":{"uuid":"7ca98b63-9118-40c2-bf28-1b42634f1822","username":"blackleopard209","password":"world","salt":"MggGbXjn","md5":"0cad0b0a79a058b63e00710d19dd22cc","sha1":"2b1c2140dc3aa527f9e0afb74384484dfad9f227","sha256":"b916ec6f5ed76061d785b0fb2a36c8b8e3a47f53e4f29e1d03bb57ba1172a6a8"},"dob":{"date":"1985-11-13T19:13:15.746Z","age":38},"registered":{"date":"2008-06-15T15:51:08.443Z","age":15},"phone":"52290511","cell":"49073648","id":{"name":"FN","value":"13118544948"},"picture":{"large":"https://randomuser.me/api/portraits/men/12.jpg","medium":"https://randomuser.me/api/portraits/med/men/12.jpg","thumbnail":"https://randomuser.me/api/portraits/thumb/men/12.jpg"},"nat":"NO"}],"info":{"seed":"ed447c7c49270f07","results":1,"page":1,"version":"1.4"}} 
 </msg>
<msg time="2024-05-26T15:15:29.969815" level="INFO">/opt/hostedtoolcache/Python/3.12.3/x64/lib/python3.12/site-packages/urllib3/connectionpool.py:1103: InsecureRequestWarning: Unverified HTTPS request is being made to host 'randomuser.me'. Adding certificate verification is strongly advised. See: https://urllib3.readthedocs.io/en/latest/advanced-usage.html#tls-warnings
  warnings.warn(</msg>
<msg time="2024-05-26T15:15:29.969936" level="INFO">${response} = &lt;Response [200]&gt;</msg>
<var>${response}</var>
<arg>consultarAPI</arg>
<arg>/api</arg>
<doc>Sends a GET request on a previously created HTTP Session.</doc>
<status status="PASS" start="2024-05-26T15:15:29.761375" elapsed="0.208595"/>
</kw>
<kw name="Set Variable" owner="BuiltIn">
<msg time="2024-05-26T15:15:29.970990" level="INFO">${json_data} = {'results': [{'gender': 'male', 'name': {'title': 'Mr', 'first': 'Knut', 'last': 'Stang'}, 'location': {'street': {'number': 5961, 'name': 'Lindbäckveien'}, 'city': 'Sessvollmoen', 'state': 'Møre og R...</msg>
<var>${json_data}</var>
<arg>${response.json()}</arg>
<doc>Returns the given values which can then be assigned to a variables.</doc>
<status status="PASS" start="2024-05-26T15:15:29.970434" elapsed="0.000590"/>
</kw>
<kw name="Log" owner="BuiltIn">
<msg time="2024-05-26T15:15:29.971498" level="INFO">{'results': [{'gender': 'male', 'name': {'title': 'Mr', 'first': 'Knut', 'last': 'Stang'}, 'location': {'street': {'number': 5961, 'name': 'Lindbäckveien'}, 'city': 'Sessvollmoen', 'state': 'Møre og Romsdal', 'country': 'Norway', 'postcode': '6728', 'coordinates': {'latitude': '40.8460', 'longitude': '-15.0084'}, 'timezone': {'offset': '+4:30', 'description': 'Kabul'}}, 'email': 'knut.stang@example.com', 'login': {'uuid': '7ca98b63-9118-40c2-bf28-1b42634f1822', 'username': 'blackleopard209', 'password': 'world', 'salt': 'MggGbXjn', 'md5': '0cad0b0a79a058b63e00710d19dd22cc', 'sha1': '2b1c2140dc3aa527f9e0afb74384484dfad9f227', 'sha256': 'b916ec6f5ed76061d785b0fb2a36c8b8e3a47f53e4f29e1d03bb57ba1172a6a8'}, 'dob': {'date': '1985-11-13T19:13:15.746Z', 'age': 38}, 'registered': {'date': '2008-06-15T15:51:08.443Z', 'age': 15}, 'phone': '52290511', 'cell': '49073648', 'id': {'name': 'FN', 'value': '13118544948'}, 'picture': {'large': 'https://randomuser.me/api/portraits/men/12.jpg', 'medium': 'https://randomuser.me/api/portraits/med/men/12.jpg', 'thumbnail': 'https://randomuser.me/api/portraits/thumb/men/12.jpg'}, 'nat': 'NO'}], 'info': {'seed': 'ed447c7c49270f07', 'results': 1, 'page': 1, 'version': '1.4'}}</msg>
<arg>${json_data}</arg>
<doc>Logs the given message with the given level.</doc>
<status status="PASS" start="2024-05-26T15:15:29.971338" elapsed="0.000242"/>
</kw>
<kw name="Should Be Equal As Numbers" owner="BuiltIn">
<arg>${json_data['results'][0]['location']['postcode']}</arg>
<arg>${json_data['results'][0]['location']['postcode']}</arg>
<doc>Fails if objects are unequal after converting them to real numbers.</doc>
<status status="PASS" start="2024-05-26T15:15:29.971899" elapsed="0.000787"/>
</kw>
<kw name="Log" owner="BuiltIn">
<msg time="2024-05-26T15:15:29.973240" level="INFO">6728</msg>
<arg>${json_data['results'][0]['location']['postcode']}</arg>
<doc>Logs the given message with the given level.</doc>
<status status="PASS" start="2024-05-26T15:15:29.972899" elapsed="0.000382"/>
</kw>
<status status="PASS" start="2024-05-26T15:15:29.760991" elapsed="0.212549"/>
</kw>
<doc>Testa se os tipos de dados na resposta da API estão corretos.</doc>
<tag>testeTiposDados</tag>
<status status="PASS" start="2024-05-26T15:15:29.667048" elapsed="0.306658"/>
</test>
<test id="s1-s1-t5" name="Validar conteudo" line="35">
<kw name="Teste de Tipos de Conteudo" owner="random-user-service">
<kw name="GET On Session" owner="RequestsLibrary">
<msg time="2024-05-26T15:15:30.034383" level="INFO">GET Request : url=https://randomuser.me/api 
 path_url=/api 
 headers={'User-Agent': 'python-requests/2.32.2', 'Accept-Encoding': 'gzip, deflate', 'Accept': '*/*', 'Connection': 'keep-alive'} 
 body=None 
 </msg>
<msg time="2024-05-26T15:15:30.034466" level="INFO">GET Response : url=https://randomuser.me/api 
 status=200, reason=OK 
 headers={'Date': 'Sun, 26 May 2024 15:15:30 GMT', 'Content-Type': 'application/json; charset=utf-8', 'Transfer-Encoding': 'chunked', 'Connection': 'keep-alive', 'X-Powered-By': 'Express', 'Access-Control-Allow-Origin': '*', 'Cache-Control': 'no-cache', 'ETag': 'W/"49e-tDwYfwRomNdo1wY8i2Z5GelVW1I"', 'Vary': 'Accept-Encoding', 'Content-Encoding': 'gzip', 'CF-Cache-Status': 'DYNAMIC', 'Report-To': '{"endpoints":[{"url":"https:\\/\\/a.nel.cloudflare.com\\/report\\/v4?s=sexYomnjArQ0m2Ocbs0IHychpsyPFVqG%2BhKFZTBbGR7%2BXYTE7qr2K3v8tMigVET3BqvqjmoYNP6OlCB%2FWbqPb6o1h0nyB2zjdQ2NuaWKASHnmcDorJSgLf2vG9kYq01E"}],"group":"cf-nel","max_age":604800}', 'NEL': '{"success_fraction":0,"report_to":"cf-nel","max_age":604800}', 'Server': 'cloudflare', 'CF-RAY': '889eb8905dd70684-IAD', 'alt-svc': 'h3=":443"; ma=86400'} 
 body={"results":[{"gender":"female","name":{"title":"Mrs","first":"Molly","last":"Thompson"},"location":{"street":{"number":6444,"name":"Frederick Street"},"city":"Palmerston North","state":"Waikato","country":"New Zealand","postcode":55445,"coordinates":{"latitude":"47.7626","longitude":"165.7144"},"timezone":{"offset":"-3:00","description":"Brazil, Buenos Aires, Georgetown"}},"email":"molly.thompson@example.com","login":{"uuid":"bc85a49d-8c66-4250-9bf4-1141ba56c9be","username":"brownbutterfly170","password":"warren","salt":"VxxhxdgU","md5":"55824880b4c17beb3aecfece87586bd1","sha1":"b8f72b7a8d2f728a5407a33a4f417ef79c3d397f","sha256":"d331e75a92cca5c6bc4ba0f0f547d03b302748ff626e11add66b8c215820ff5a"},"dob":{"date":"1959-03-31T16:21:55.438Z","age":65},"registered":{"date":"2004-08-05T07:05:33.347Z","age":19},"phone":"(633)-756-9712","cell":"(977)-610-3865","id":{"name":"","value":null},"picture":{"large":"https://randomuser.me/api/portraits/women/68.jpg","medium":"https://randomuser.me/api/portraits/med/women/68.jpg","thumbnail":"https://randomuser.me/api/portraits/thumb/women/68.jpg"},"nat":"NZ"}],"info":{"seed":"e4879fcff750ef6d","results":1,"page":1,"version":"1.4"}} 
 </msg>
<msg time="2024-05-26T15:15:30.034537" level="INFO">/opt/hostedtoolcache/Python/3.12.3/x64/lib/python3.12/site-packages/urllib3/connectionpool.py:1103: InsecureRequestWarning: Unverified HTTPS request is being made to host 'randomuser.me'. Adding certificate verification is strongly advised. See: https://urllib3.readthedocs.io/en/latest/advanced-usage.html#tls-warnings
  warnings.warn(</msg>
<msg time="2024-05-26T15:15:30.034649" level="INFO">${response} = &lt;Response [200]&gt;</msg>
<var>${response}</var>
<arg>consultarAPI</arg>
<arg>/api</arg>
<doc>Sends a GET request on a previously created HTTP Session.</doc>
<status status="PASS" start="2024-05-26T15:15:29.976173" elapsed="0.058519"/>
</kw>
<kw name="Set Variable" owner="BuiltIn">
<msg time="2024-05-26T15:15:30.035679" level="INFO">${json_data} = {'results': [{'gender': 'female', 'name': {'title': 'Mrs', 'first': 'Molly', 'last': 'Thompson'}, 'location': {'street': {'number': 6444, 'name': 'Frederick Street'}, 'city': 'Palmerston North', 'stat...</msg>
<var>${json_data}</var>
<arg>${response.json()}</arg>
<doc>Returns the given values which can then be assigned to a variables.</doc>
<status status="PASS" start="2024-05-26T15:15:30.035236" elapsed="0.000473"/>
</kw>
<kw name="Set Variable" owner="BuiltIn">
<msg time="2024-05-26T15:15:30.036401" level="INFO">${name_title} = Mrs</msg>
<var>${name_title}</var>
<arg>${json_data["results"][0]["name"]["title"]}</arg>
<doc>Returns the given values which can then be assigned to a variables.</doc>
<status status="PASS" start="2024-05-26T15:15:30.036014" elapsed="0.000412"/>
</kw>
<kw name="Create List" owner="BuiltIn">
<msg time="2024-05-26T15:15:30.036883" level="INFO">${allowed_titles} = ['Mr', 'Ms', 'Miss', 'Mrs', 'Madame', 'Monsieur']</msg>
<var>${allowed_titles}</var>
<arg>Mr</arg>
<arg>Ms</arg>
<arg>Miss</arg>
<arg>Mrs</arg>
<arg>Madame</arg>
<arg>Monsieur</arg>
<doc>Returns a list containing given items.</doc>
<status status="PASS" start="2024-05-26T15:15:30.036728" elapsed="0.000179"/>
</kw>
<kw name="List Should Contain Value" owner="Collections">
<msg time="2024-05-26T15:15:30.037402" level="INFO">False</msg>
<arg>${allowed_titles}</arg>
<arg>${name_title}</arg>
<doc>Fails if the ``value`` is not found from ``list``.</doc>
<status status="PASS" start="2024-05-26T15:15:30.037219" elapsed="0.000220"/>
</kw>
<kw name="Set Variable" owner="BuiltIn">
<msg time="2024-05-26T15:15:30.038107" level="INFO">${name_country} = NZ</msg>
<var>${name_country}</var>
<arg>${json_data["results"][0]["nat"]}</arg>
<doc>Returns the given values which can then be assigned to a variables.</doc>
<status status="PASS" start="2024-05-26T15:15:30.037733" elapsed="0.000399"/>
</kw>
<kw name="Create List" owner="BuiltIn">
<msg time="2024-05-26T15:15:30.039068" level="INFO">${list_country} = ['AD', 'AE', 'AF', 'AG', 'AI', 'AL', 'AM', 'AO', 'AQ', 'AR', 'AS', 'AT', 'AU', 'AW', 'AX', 'AZ', 'BA', 'BB', 'BD', 'BE', 'BF', 'BG', 'BH', 'BI', 'BJ', 'BL', 'BM', 'BN', 'BO', 'BQ', 'BR', 'BS', 'BT', '...</msg>
<var>${list_country}</var>
<arg>AD</arg>
<arg>AE</arg>
<arg>AF</arg>
<arg>AG</arg>
<arg>AI</arg>
<arg>AL</arg>
<arg>AM</arg>
<arg>AO</arg>
<arg>AQ</arg>
<arg>AR</arg>
<arg>AS</arg>
<arg>AT</arg>
<arg>AU</arg>
<arg>AW</arg>
<arg>AX</arg>
<arg>AZ</arg>
<arg>BA</arg>
<arg>BB</arg>
<arg>BD</arg>
<arg>BE</arg>
<arg>BF</arg>
<arg>BG</arg>
<arg>BH</arg>
<arg>BI</arg>
<arg>BJ</arg>
<arg>BL</arg>
<arg>BM</arg>
<arg>BN</arg>
<arg>BO</arg>
<arg>BQ</arg>
<arg>BR</arg>
<arg>BS</arg>
<arg>BT</arg>
<arg>BV</arg>
<arg>BW</arg>
<arg>BY</arg>
<arg>BZ</arg>
<arg>CA</arg>
<arg>CC</arg>
<arg>CD</arg>
<arg>CF</arg>
<arg>CG</arg>
<arg>CH</arg>
<arg>CI</arg>
<arg>CK</arg>
<arg>CL</arg>
<arg>CM</arg>
<arg>CN</arg>
<arg>CO</arg>
<arg>CR</arg>
<arg>CU</arg>
<arg>CV</arg>
<arg>CW</arg>
<arg>CX</arg>
<arg>CY</arg>
<arg>CZ</arg>
<arg>DE</arg>
<arg>DJ</arg>
<arg>DK</arg>
<arg>DM</arg>
<arg>DO</arg>
<arg>DZ</arg>
<arg>EC</arg>
<arg>EE</arg>
<arg>EG</arg>
<arg>EH</arg>
<arg>ER</arg>
<arg>ES</arg>
<arg>ET</arg>
<arg>FI</arg>
<arg>FJ</arg>
<arg>FK</arg>
<arg>FM</arg>
<arg>FO</arg>
<arg>FR</arg>
<arg>GA</arg>
<arg>GB</arg>
<arg>GD</arg>
<arg>GE</arg>
<arg>GF</arg>
<arg>GG</arg>
<arg>GH</arg>
<arg>GI</arg>
<arg>GL</arg>
<arg>GM</arg>
<arg>GN</arg>
<arg>GP</arg>
<arg>GQ</arg>
<arg>GR</arg>
<arg>GS</arg>
<arg>GT</arg>
<arg>GU</arg>
<arg>GW</arg>
<arg>GY</arg>
<arg>HK</arg>
<arg>HM</arg>
<arg>HN</arg>
<arg>HR</arg>
<arg>HT</arg>
<arg>HU</arg>
<arg>ID</arg>
<arg>IE</arg>
<arg>IL</arg>
<arg>IM</arg>
<arg>IN</arg>
<arg>IO</arg>
<arg>IQ</arg>
<arg>IR</arg>
<arg>IS</arg>
<arg>IT</arg>
<arg>JE</arg>
<arg>JM</arg>
<arg>JO</arg>
<arg>JP</arg>
<arg>KE</arg>
<arg>KG</arg>
<arg>KH</arg>
<arg>KI</arg>
<arg>KM</arg>
<arg>KN</arg>
<arg>KP</arg>
<arg>KR</arg>
<arg>KW</arg>
<arg>KY</arg>
<arg>KZ</arg>
<arg>LA</arg>
<arg>LB</arg>
<arg>LC</arg>
<arg>LI</arg>
<arg>LK</arg>
<arg>LR</arg>
<arg>LS</arg>
<arg>LT</arg>
<arg>LU</arg>
<arg>LV</arg>
<arg>LY</arg>
<arg>MA</arg>
<arg>MC</arg>
<arg>MD</arg>
<arg>ME</arg>
<arg>MF</arg>
<arg>MG</arg>
<arg>MH</arg>
<arg>MK</arg>
<arg>ML</arg>
<arg>MM</arg>
<arg>MN</arg>
<arg>MO</arg>
<arg>MP</arg>
<arg>MQ</arg>
<arg>MR</arg>
<arg>MS</arg>
<arg>MT</arg>
<arg>MU</arg>
<arg>MV</arg>
<arg>MW</arg>
<arg>MX</arg>
<arg>MY</arg>
<arg>MZ</arg>
<arg>NA</arg>
<arg>NC</arg>
<arg>NE</arg>
<arg>NF</arg>
<arg>NG</arg>
<arg>NI</arg>
<arg>NL</arg>
<arg>NO</arg>
<arg>NP</arg>
<arg>NR</arg>
<arg>NU</arg>
<arg>NZ</arg>
<arg>OM</arg>
<arg>PA</arg>
<arg>PE</arg>
<arg>PF</arg>
<arg>PG</arg>
<arg>PH</arg>
<arg>PK</arg>
<arg>PL</arg>
<arg>PM</arg>
<arg>PN</arg>
<arg>PR</arg>
<arg>PS</arg>
<arg>PT</arg>
<arg>PW</arg>
<arg>PY</arg>
<arg>QA</arg>
<arg>RE</arg>
<arg>RO</arg>
<arg>RS</arg>
<arg>RU</arg>
<arg>RW</arg>
<arg>SA</arg>
<arg>SB</arg>
<arg>SC</arg>
<arg>SD</arg>
<arg>SE</arg>
<arg>SG</arg>
<arg>SH</arg>
<arg>SI</arg>
<arg>SJ</arg>
<arg>SK</arg>
<arg>SL</arg>
<arg>SM</arg>
<arg>SN</arg>
<arg>SO</arg>
<arg>SR</arg>
<arg>SS</arg>
<arg>ST</arg>
<arg>SV</arg>
<arg>SX</arg>
<arg>SY</arg>
<arg>SZ</arg>
<arg>TC</arg>
<arg>TD</arg>
<arg>TF</arg>
<arg>TG</arg>
<arg>TH</arg>
<arg>TJ</arg>
<arg>TK</arg>
<arg>TL</arg>
<arg>TM</arg>
<arg>TN</arg>
<arg>TO</arg>
<arg>TR</arg>
<arg>TT</arg>
<arg>TV</arg>
<arg>TW</arg>
<arg>TZ</arg>
<arg>UA</arg>
<arg>UG</arg>
<arg>UM</arg>
<arg>US</arg>
<arg>UY</arg>
<arg>UZ</arg>
<arg>VA</arg>
<arg>VC</arg>
<arg>VE</arg>
<arg>VG</arg>
<arg>VI</arg>
<arg>VN</arg>
<arg>VU</arg>
<arg>WF</arg>
<arg>WS</arg>
<arg>XK</arg>
<arg>YE</arg>
<arg>YT</arg>
<arg>ZA</arg>
<arg>ZM</arg>
<arg>ZW</arg>
<doc>Returns a list containing given items.</doc>
<status status="PASS" start="2024-05-26T15:15:30.038435" elapsed="0.000659"/>
</kw>
<kw name="List Should Contain Value" owner="Collections">
<msg time="2024-05-26T15:15:30.040086" level="INFO">False</msg>
<arg>${list_country}</arg>
<arg>${name_country}</arg>
<doc>Fails if the ``value`` is not found from ``list``.</doc>
<status status="PASS" start="2024-05-26T15:15:30.039882" elapsed="0.000240"/>
</kw>
<kw name="Run Keyword If" owner="BuiltIn">
<kw name="Should Be True" owner="BuiltIn">
<arg>${True}</arg>
<doc>Fails if the given condition is not true.</doc>
<status status="PASS" start="2024-05-26T15:15:30.041205" elapsed="0.000152"/>
</kw>
<arg>${json_data["results"][0]["location"]["coordinates"]["latitude"]} &gt;= -90 and ${json_data["results"][0]["location"]["coordinates"]["latitude"]} &lt;= 90</arg>
<arg>Should Be True</arg>
<arg>${True}</arg>
<doc>Runs the given keyword with the given arguments, if ``condition`` is true.</doc>
<status status="PASS" start="2024-05-26T15:15:30.040441" elapsed="0.001041"/>
</kw>
<kw name="Run Keyword If" owner="BuiltIn">
<kw name="Should Be True" owner="BuiltIn">
<arg>${True}</arg>
<doc>Fails if the given condition is not true.</doc>
<status status="PASS" start="2024-05-26T15:15:30.042370" elapsed="0.000247"/>
</kw>
<arg>${json_data["results"][0]["location"]["coordinates"]["longitude"]} &gt;= -180 and ${json_data["results"][0]["location"]["coordinates"]["longitude"]} &lt;= 180</arg>
<arg>Should Be True</arg>
<arg>${True}</arg>
<doc>Runs the given keyword with the given arguments, if ``condition`` is true.</doc>
<status status="PASS" start="2024-05-26T15:15:30.041670" elapsed="0.001077"/>
</kw>
<status status="PASS" start="2024-05-26T15:15:29.975941" elapsed="0.066989"/>
</kw>
<doc>Testa o conteúdo específico dos campos retornados pela API.</doc>
<tag>testeConteudo</tag>
<status status="PASS" start="2024-05-26T15:15:29.975496" elapsed="0.067582"/>
</test>
<status status="PASS" start="2024-05-26T15:15:29.006839" elapsed="1.038119"/>
</suite>
<status status="PASS" start="2024-05-26T15:15:28.992937" elapsed="1.057103"/>
</suite>
<statistics>
<total>
<stat pass="5" fail="0" skip="0">All Tests</stat>
</total>
<tag>
<stat pass="1" fail="0" skip="0">testeConteudo</stat>
<stat pass="1" fail="0" skip="0">testeEstruturaResposta</stat>
<stat pass="1" fail="0" skip="0">testeRequisicaoBasica</stat>
<stat pass="1" fail="0" skip="0">testeTiposDados</stat>
</tag>
<suite>
<stat pass="5" fail="0" skip="0" id="s1" name="Tests">Tests</stat>
<stat pass="5" fail="0" skip="0" id="s1-s1" name="Random-User-Test">Tests.Random-User-Test</stat>
</suite>
</statistics>
<errors>
</errors>
</robot>
