<?xml version="1.0" encoding="UTF-8"?>
<robot generator="Robot 7.0 (Python 3.12.3 on linux)" generated="2024-05-08T15:14:19.719493" rpa="false" schemaversion="5">
<suite id="s1" name="Tests" source="/home/runner/work/DesafioQAItauRogerioJordao/DesafioQAItauRogerioJordao/RamdonUser/tests">
<suite id="s1-s1" name="Random-User-Test" source="/home/runner/work/DesafioQAItauRogerioJordao/DesafioQAItauRogerioJordao/RamdonUser/tests/random-user-test.robot">
<test id="s1-s1-t1" name="Conectar" line="13">
<kw name="Conectar API" owner="random-user-service">
<kw name="Create Session" owner="RequestsLibrary">
<msg time="2024-05-08T15:14:20.075303" level="INFO">Creating Session using : alias=consultarAPI, url=https://randomuser.me/, headers={},                     cookies={}, auth=None, timeout=None, proxies=None, verify=False,                     debug=0 </msg>
<arg>consultarAPI</arg>
<arg>${URL}</arg>
<doc>Create Session: create a HTTP session to a server</doc>
<status status="PASS" start="2024-05-08T15:14:20.075106" elapsed="0.000371"/>
</kw>
<status status="PASS" start="2024-05-08T15:14:20.074175" elapsed="0.001648"/>
</kw>
<status status="PASS" start="2024-05-08T15:14:20.073570" elapsed="0.002446"/>
</test>
<test id="s1-s1-t2" name="Validar retorno 200 e JSON Válido" line="16">
<kw name="Teste de Requisicao Basica" owner="random-user-service">
<kw name="GET On Session" owner="RequestsLibrary">
<msg time="2024-05-08T15:14:20.189792" level="INFO">GET Request : url=https://randomuser.me/api 
 path_url=/api 
 headers={'User-Agent': 'python-requests/2.31.0', 'Accept-Encoding': 'gzip, deflate', 'Accept': '*/*', 'Connection': 'keep-alive'} 
 body=None 
 </msg>
<msg time="2024-05-08T15:14:20.189923" level="INFO">GET Response : url=https://randomuser.me/api 
 status=200, reason=OK 
 headers={'Date': 'Wed, 08 May 2024 15:14:20 GMT', 'Content-Type': 'application/json; charset=utf-8', 'Transfer-Encoding': 'chunked', 'Connection': 'keep-alive', 'X-Powered-By': 'Express', 'Access-Control-Allow-Origin': '*', 'Cache-Control': 'no-cache', 'ETag': 'W/"481-94R1mg2fqfDGpeqLV/piZqtHoac"', 'Vary': 'Accept-Encoding', 'Content-Encoding': 'gzip', 'CF-Cache-Status': 'DYNAMIC', 'Report-To': '{"endpoints":[{"url":"https:\\/\\/a.nel.cloudflare.com\\/report\\/v4?s=YoRcL1vfZ0eNcsk%2BDgBrJR962ztvgTgNVQXDTokPhAGm6rdqpntrVy5TDleTRDJpI2fKCDgoAg536tE4ToUwVrsre3DURV3npjvpQLLeMHW35Qg5ASjyfHjlZSi79WjQ"}],"group":"cf-nel","max_age":604800}', 'NEL': '{"success_fraction":0,"report_to":"cf-nel","max_age":604800}', 'Server': 'cloudflare', 'CF-RAY': '880a661baf2f67fe-SJC', 'alt-svc': 'h3=":443"; ma=86400'} 
 body={"results":[{"gender":"male","name":{"title":"Mr","first":"Aaron","last":"Rana"},"location":{"street":{"number":2788,"name":"Otto Sogns vei"},"city":"Hammerfest","state":"Nordland","country":"Norway","postcode":"1444","coordinates":{"latitude":"43.9982","longitude":"-159.1451"},"timezone":{"offset":"+1:00","description":"Brussels, Copenhagen, Madrid, Paris"}},"email":"aaron.rana@example.com","login":{"uuid":"fa74a37a-3188-4d5c-98c0-4fec91388e89","username":"silverbear347","password":"kimball","salt":"ngGI1uXt","md5":"9517f1f1103f344f6b900b25f07f1378","sha1":"f7a744f70c4ce83e675efa69b63366637c1a951d","sha256":"951d6e63978b0711a27498aea5b6b079526c626f8b26b5a7dbc00c6574447524"},"dob":{"date":"1999-10-26T04:45:03.125Z","age":24},"registered":{"date":"2020-12-02T20:46:38.214Z","age":3},"phone":"60255955","cell":"92296343","id":{"name":"FN","value":"26109916799"},"picture":{"large":"https://randomuser.me/api/portraits/men/76.jpg","medium":"https://randomuser.me/api/portraits/med/men/76.jpg","thumbnail":"https://randomuser.me/api/portraits/thumb/men/76.jpg"},"nat":"NO"}],"info":{"seed":"8a2289b802d911ae","results":1,"page":1,"version":"1.4"}} 
 </msg>
<msg time="2024-05-08T15:14:20.190011" level="INFO">/opt/hostedtoolcache/Python/3.12.3/x64/lib/python3.12/site-packages/urllib3/connectionpool.py:1103: InsecureRequestWarning: Unverified HTTPS request is being made to host 'randomuser.me'. Adding certificate verification is strongly advised. See: https://urllib3.readthedocs.io/en/latest/advanced-usage.html#tls-warnings
  warnings.warn(</msg>
<msg time="2024-05-08T15:14:20.190158" level="INFO">${response} = &lt;Response [200]&gt;</msg>
<var>${response}</var>
<arg>consultarAPI</arg>
<arg>/api</arg>
<doc>Sends a GET request on a previously created HTTP Session.</doc>
<status status="PASS" start="2024-05-08T15:14:20.078626" elapsed="0.111584"/>
</kw>
<kw name="Should Be Equal As Numbers" owner="BuiltIn">
<msg time="2024-05-08T15:14:20.191012" level="INFO">Argument types are:
&lt;class 'int'&gt;
&lt;class 'str'&gt;</msg>
<arg>${response.status_code}</arg>
<arg>200</arg>
<doc>Fails if objects are unequal after converting them to real numbers.</doc>
<status status="PASS" start="2024-05-08T15:14:20.190608" elapsed="0.000467"/>
</kw>
<kw name="Log" owner="BuiltIn">
<msg time="2024-05-08T15:14:20.191786" level="INFO">200</msg>
<arg>${response.status_code}</arg>
<doc>Logs the given message with the given level.</doc>
<status status="PASS" start="2024-05-08T15:14:20.191430" elapsed="0.000400"/>
</kw>
<kw name="Set Variable" owner="BuiltIn">
<msg time="2024-05-08T15:14:20.192575" level="INFO">${json_data} = {'results': [{'gender': 'male', 'name': {'title': 'Mr', 'first': 'Aaron', 'last': 'Rana'}, 'location': {'street': {'number': 2788, 'name': 'Otto Sogns vei'}, 'city': 'Hammerfest', 'state': 'Nordland',...</msg>
<var>${json_data}</var>
<arg>${response.json()}</arg>
<doc>Returns the given values which can then be assigned to a variables.</doc>
<status status="PASS" start="2024-05-08T15:14:20.192136" elapsed="0.000467"/>
</kw>
<kw name="Dictionary Should Contain Key" owner="Collections">
<msg time="2024-05-08T15:14:20.193105" level="INFO">False</msg>
<arg>${json_data}</arg>
<arg>results</arg>
<doc>Fails if ``key`` is not found from ``dictionary``.</doc>
<status status="PASS" start="2024-05-08T15:14:20.192905" elapsed="0.000241"/>
</kw>
<status status="PASS" start="2024-05-08T15:14:20.078383" elapsed="0.115016"/>
</kw>
<doc>Testa se a API responde corretamente e retorna um objeto JSON válido.</doc>
<tag>testeRequisicaoBasica</tag>
<status status="PASS" start="2024-05-08T15:14:20.077924" elapsed="0.115645"/>
</test>
<test id="s1-s1-t3" name="Validar estrutura de resposta" line="22">
<kw name="Teste de Estrutura de Resposta" owner="random-user-service">
<kw name="GET On Session" owner="RequestsLibrary">
<msg time="2024-05-08T15:14:20.297181" level="INFO">GET Request : url=https://randomuser.me/api 
 path_url=/api 
 headers={'User-Agent': 'python-requests/2.31.0', 'Accept-Encoding': 'gzip, deflate', 'Accept': '*/*', 'Connection': 'keep-alive'} 
 body=None 
 </msg>
<msg time="2024-05-08T15:14:20.297270" level="INFO">GET Response : url=https://randomuser.me/api 
 status=200, reason=OK 
 headers={'Date': 'Wed, 08 May 2024 15:14:20 GMT', 'Content-Type': 'application/json; charset=utf-8', 'Transfer-Encoding': 'chunked', 'Connection': 'keep-alive', 'X-Powered-By': 'Express', 'Access-Control-Allow-Origin': '*', 'Cache-Control': 'no-cache', 'ETag': 'W/"473-08Gs/p6Ta4IwvsVW2P4wz7QIGOg"', 'Vary': 'Accept-Encoding', 'Content-Encoding': 'gzip', 'CF-Cache-Status': 'DYNAMIC', 'Report-To': '{"endpoints":[{"url":"https:\\/\\/a.nel.cloudflare.com\\/report\\/v4?s=Uh7fYvK8sJ8TyqVKpIvDy8A39HV7XVETBRpfG0ShoWvDj8c22aj0W%2BYHtng%2Fi6yULk1HHVZxt1Xq0sJOnoze01IfJneWP%2Fj1Li4DXupho3yj9DC4oytsyHOhcXT%2BKl6y"}],"group":"cf-nel","max_age":604800}', 'NEL': '{"success_fraction":0,"report_to":"cf-nel","max_age":604800}', 'Server': 'cloudflare', 'CF-RAY': '880a661c380f67fe-SJC', 'alt-svc': 'h3=":443"; ma=86400'} 
 body={"results":[{"gender":"male","name":{"title":"Mr","first":"Harrison","last":"Jackson"},"location":{"street":{"number":7857,"name":"Opawa Road"},"city":"Nelson","state":"Canterbury","country":"New Zealand","postcode":21314,"coordinates":{"latitude":"50.6199","longitude":"-23.3814"},"timezone":{"offset":"-10:00","description":"Hawaii"}},"email":"harrison.jackson@example.com","login":{"uuid":"641c9822-db3c-4fed-8b98-028aa004142e","username":"purpleleopard117","password":"philips","salt":"1SpU831X","md5":"dd9e14399571542a7561ebfb742147eb","sha1":"4e73cf07a0d6e17ef54fe00539c8d4b4d57d61a5","sha256":"747949b2d9e9811395f26f4af5fb7941c3fe567a7536ab8f8ac59dc0dfacb752"},"dob":{"date":"1952-12-23T03:25:03.767Z","age":71},"registered":{"date":"2013-01-10T06:10:18.538Z","age":11},"phone":"(600)-202-1859","cell":"(954)-658-3023","id":{"name":"","value":null},"picture":{"large":"https://randomuser.me/api/portraits/men/64.jpg","medium":"https://randomuser.me/api/portraits/med/men/64.jpg","thumbnail":"https://randomuser.me/api/portraits/thumb/men/64.jpg"},"nat":"NZ"}],"info":{"seed":"52290a8fe39929c3","results":1,"page":1,"version":"1.4"}} 
 </msg>
<msg time="2024-05-08T15:14:20.297394" level="INFO">/opt/hostedtoolcache/Python/3.12.3/x64/lib/python3.12/site-packages/urllib3/connectionpool.py:1103: InsecureRequestWarning: Unverified HTTPS request is being made to host 'randomuser.me'. Adding certificate verification is strongly advised. See: https://urllib3.readthedocs.io/en/latest/advanced-usage.html#tls-warnings
  warnings.warn(</msg>
<msg time="2024-05-08T15:14:20.297492" level="INFO">${response} = &lt;Response [200]&gt;</msg>
<var>${response}</var>
<arg>consultarAPI</arg>
<arg>/api</arg>
<doc>Sends a GET request on a previously created HTTP Session.</doc>
<status status="PASS" start="2024-05-08T15:14:20.196076" elapsed="0.101452"/>
</kw>
<kw name="Set Variable" owner="BuiltIn">
<msg time="2024-05-08T15:14:20.298374" level="INFO">${json_data} = {'results': [{'gender': 'male', 'name': {'title': 'Mr', 'first': 'Harrison', 'last': 'Jackson'}, 'location': {'street': {'number': 7857, 'name': 'Opawa Road'}, 'city': 'Nelson', 'state': 'Canterbury',...</msg>
<var>${json_data}</var>
<arg>${response.json()}</arg>
<doc>Returns the given values which can then be assigned to a variables.</doc>
<status status="PASS" start="2024-05-08T15:14:20.297916" elapsed="0.000487"/>
</kw>
<kw name="Log" owner="BuiltIn">
<msg time="2024-05-08T15:14:20.298873" level="INFO">{'results': [{'gender': 'male', 'name': {'title': 'Mr', 'first': 'Harrison', 'last': 'Jackson'}, 'location': {'street': {'number': 7857, 'name': 'Opawa Road'}, 'city': 'Nelson', 'state': 'Canterbury', 'country': 'New Zealand', 'postcode': 21314, 'coordinates': {'latitude': '50.6199', 'longitude': '-23.3814'}, 'timezone': {'offset': '-10:00', 'description': 'Hawaii'}}, 'email': 'harrison.jackson@example.com', 'login': {'uuid': '641c9822-db3c-4fed-8b98-028aa004142e', 'username': 'purpleleopard117', 'password': 'philips', 'salt': '1SpU831X', 'md5': 'dd9e14399571542a7561ebfb742147eb', 'sha1': '4e73cf07a0d6e17ef54fe00539c8d4b4d57d61a5', 'sha256': '747949b2d9e9811395f26f4af5fb7941c3fe567a7536ab8f8ac59dc0dfacb752'}, 'dob': {'date': '1952-12-23T03:25:03.767Z', 'age': 71}, 'registered': {'date': '2013-01-10T06:10:18.538Z', 'age': 11}, 'phone': '(600)-202-1859', 'cell': '(954)-658-3023', 'id': {'name': '', 'value': None}, 'picture': {'large': 'https://randomuser.me/api/portraits/men/64.jpg', 'medium': 'https://randomuser.me/api/portraits/med/men/64.jpg', 'thumbnail': 'https://randomuser.me/api/portraits/thumb/men/64.jpg'}, 'nat': 'NZ'}], 'info': {'seed': '52290a8fe39929c3', 'results': 1, 'page': 1, 'version': '1.4'}}</msg>
<arg>${json_data}</arg>
<doc>Logs the given message with the given level.</doc>
<status status="PASS" start="2024-05-08T15:14:20.298711" elapsed="0.000213"/>
</kw>
<kw name="Dictionary Should Contain Key" owner="Collections">
<msg time="2024-05-08T15:14:20.299386" level="INFO">False</msg>
<arg>${json_data}</arg>
<arg>results</arg>
<doc>Fails if ``key`` is not found from ``dictionary``.</doc>
<status status="PASS" start="2024-05-08T15:14:20.299229" elapsed="0.000196"/>
</kw>
<kw name="Should Not Be Empty" owner="BuiltIn">
<msg time="2024-05-08T15:14:20.299849" level="INFO">Length is 2.</msg>
<arg>${json_data}</arg>
<doc>Verifies that the given item is not empty.</doc>
<status status="PASS" start="2024-05-08T15:14:20.299718" elapsed="0.000170"/>
</kw>
<kw name="Create List" owner="BuiltIn">
<msg time="2024-05-08T15:14:20.300452" level="INFO">${expected_keys} = ['gender', 'name', 'location', 'email', 'login']</msg>
<var>${expected_keys}</var>
<arg>gender</arg>
<arg>name</arg>
<arg>location</arg>
<arg>email</arg>
<arg>login</arg>
<doc>Returns a list containing given items.</doc>
<status status="PASS" start="2024-05-08T15:14:20.300175" elapsed="0.000302"/>
</kw>
<for flavor="IN">
<iter>
<kw name="Dictionary Should Contain Key" owner="Collections">
<msg time="2024-05-08T15:14:20.301493" level="INFO">False</msg>
<arg>${json_data['results'][0]}</arg>
<arg>${key}</arg>
<doc>Fails if ``key`` is not found from ``dictionary``.</doc>
<status status="PASS" start="2024-05-08T15:14:20.301083" elapsed="0.000449"/>
</kw>
<kw name="Log" owner="BuiltIn">
<msg time="2024-05-08T15:14:20.302211" level="INFO">{'gender': 'male', 'name': {'title': 'Mr', 'first': 'Harrison', 'last': 'Jackson'}, 'location': {'street': {'number': 7857, 'name': 'Opawa Road'}, 'city': 'Nelson', 'state': 'Canterbury', 'country': 'New Zealand', 'postcode': 21314, 'coordinates': {'latitude': '50.6199', 'longitude': '-23.3814'}, 'timezone': {'offset': '-10:00', 'description': 'Hawaii'}}, 'email': 'harrison.jackson@example.com', 'login': {'uuid': '641c9822-db3c-4fed-8b98-028aa004142e', 'username': 'purpleleopard117', 'password': 'philips', 'salt': '1SpU831X', 'md5': 'dd9e14399571542a7561ebfb742147eb', 'sha1': '4e73cf07a0d6e17ef54fe00539c8d4b4d57d61a5', 'sha256': '747949b2d9e9811395f26f4af5fb7941c3fe567a7536ab8f8ac59dc0dfacb752'}, 'dob': {'date': '1952-12-23T03:25:03.767Z', 'age': 71}, 'registered': {'date': '2013-01-10T06:10:18.538Z', 'age': 11}, 'phone': '(600)-202-1859', 'cell': '(954)-658-3023', 'id': {'name': '', 'value': None}, 'picture': {'large': 'https://randomuser.me/api/portraits/men/64.jpg', 'medium': 'https://randomuser.me/api/portraits/med/men/64.jpg', 'thumbnail': 'https://randomuser.me/api/portraits/thumb/men/64.jpg'}, 'nat': 'NZ'}</msg>
<arg>${json_data['results'][0]}</arg>
<doc>Logs the given message with the given level.</doc>
<status status="PASS" start="2024-05-08T15:14:20.301837" elapsed="0.000423"/>
</kw>
<kw name="Log" owner="BuiltIn">
<msg time="2024-05-08T15:14:20.302693" level="INFO">gender</msg>
<arg>${key}</arg>
<doc>Logs the given message with the given level.</doc>
<status status="PASS" start="2024-05-08T15:14:20.302564" elapsed="0.000167"/>
</kw>
<var name="${key}">gender</var>
<status status="PASS" start="2024-05-08T15:14:20.300928" elapsed="0.002018"/>
</iter>
<iter>
<kw name="Dictionary Should Contain Key" owner="Collections">
<msg time="2024-05-08T15:14:20.303635" level="INFO">False</msg>
<arg>${json_data['results'][0]}</arg>
<arg>${key}</arg>
<doc>Fails if ``key`` is not found from ``dictionary``.</doc>
<status status="PASS" start="2024-05-08T15:14:20.303248" elapsed="0.000424"/>
</kw>
<kw name="Log" owner="BuiltIn">
<msg time="2024-05-08T15:14:20.304364" level="INFO">{'gender': 'male', 'name': {'title': 'Mr', 'first': 'Harrison', 'last': 'Jackson'}, 'location': {'street': {'number': 7857, 'name': 'Opawa Road'}, 'city': 'Nelson', 'state': 'Canterbury', 'country': 'New Zealand', 'postcode': 21314, 'coordinates': {'latitude': '50.6199', 'longitude': '-23.3814'}, 'timezone': {'offset': '-10:00', 'description': 'Hawaii'}}, 'email': 'harrison.jackson@example.com', 'login': {'uuid': '641c9822-db3c-4fed-8b98-028aa004142e', 'username': 'purpleleopard117', 'password': 'philips', 'salt': '1SpU831X', 'md5': 'dd9e14399571542a7561ebfb742147eb', 'sha1': '4e73cf07a0d6e17ef54fe00539c8d4b4d57d61a5', 'sha256': '747949b2d9e9811395f26f4af5fb7941c3fe567a7536ab8f8ac59dc0dfacb752'}, 'dob': {'date': '1952-12-23T03:25:03.767Z', 'age': 71}, 'registered': {'date': '2013-01-10T06:10:18.538Z', 'age': 11}, 'phone': '(600)-202-1859', 'cell': '(954)-658-3023', 'id': {'name': '', 'value': None}, 'picture': {'large': 'https://randomuser.me/api/portraits/men/64.jpg', 'medium': 'https://randomuser.me/api/portraits/med/men/64.jpg', 'thumbnail': 'https://randomuser.me/api/portraits/thumb/men/64.jpg'}, 'nat': 'NZ'}</msg>
<arg>${json_data['results'][0]}</arg>
<doc>Logs the given message with the given level.</doc>
<status status="PASS" start="2024-05-08T15:14:20.304000" elapsed="0.000413"/>
</kw>
<kw name="Log" owner="BuiltIn">
<msg time="2024-05-08T15:14:20.304837" level="INFO">name</msg>
<arg>${key}</arg>
<doc>Logs the given message with the given level.</doc>
<status status="PASS" start="2024-05-08T15:14:20.304709" elapsed="0.000166"/>
</kw>
<var name="${key}">name</var>
<status status="PASS" start="2024-05-08T15:14:20.303133" elapsed="0.001979"/>
</iter>
<iter>
<kw name="Dictionary Should Contain Key" owner="Collections">
<msg time="2024-05-08T15:14:20.305788" level="INFO">False</msg>
<arg>${json_data['results'][0]}</arg>
<arg>${key}</arg>
<doc>Fails if ``key`` is not found from ``dictionary``.</doc>
<status status="PASS" start="2024-05-08T15:14:20.305402" elapsed="0.000424"/>
</kw>
<kw name="Log" owner="BuiltIn">
<msg time="2024-05-08T15:14:20.306501" level="INFO">{'gender': 'male', 'name': {'title': 'Mr', 'first': 'Harrison', 'last': 'Jackson'}, 'location': {'street': {'number': 7857, 'name': 'Opawa Road'}, 'city': 'Nelson', 'state': 'Canterbury', 'country': 'New Zealand', 'postcode': 21314, 'coordinates': {'latitude': '50.6199', 'longitude': '-23.3814'}, 'timezone': {'offset': '-10:00', 'description': 'Hawaii'}}, 'email': 'harrison.jackson@example.com', 'login': {'uuid': '641c9822-db3c-4fed-8b98-028aa004142e', 'username': 'purpleleopard117', 'password': 'philips', 'salt': '1SpU831X', 'md5': 'dd9e14399571542a7561ebfb742147eb', 'sha1': '4e73cf07a0d6e17ef54fe00539c8d4b4d57d61a5', 'sha256': '747949b2d9e9811395f26f4af5fb7941c3fe567a7536ab8f8ac59dc0dfacb752'}, 'dob': {'date': '1952-12-23T03:25:03.767Z', 'age': 71}, 'registered': {'date': '2013-01-10T06:10:18.538Z', 'age': 11}, 'phone': '(600)-202-1859', 'cell': '(954)-658-3023', 'id': {'name': '', 'value': None}, 'picture': {'large': 'https://randomuser.me/api/portraits/men/64.jpg', 'medium': 'https://randomuser.me/api/portraits/med/men/64.jpg', 'thumbnail': 'https://randomuser.me/api/portraits/thumb/men/64.jpg'}, 'nat': 'NZ'}</msg>
<arg>${json_data['results'][0]}</arg>
<doc>Logs the given message with the given level.</doc>
<status status="PASS" start="2024-05-08T15:14:20.306131" elapsed="0.000420"/>
</kw>
<kw name="Log" owner="BuiltIn">
<msg time="2024-05-08T15:14:20.306973" level="INFO">location</msg>
<arg>${key}</arg>
<doc>Logs the given message with the given level.</doc>
<status status="PASS" start="2024-05-08T15:14:20.306845" elapsed="0.000166"/>
</kw>
<var name="${key}">location</var>
<status status="PASS" start="2024-05-08T15:14:20.305290" elapsed="0.001937"/>
</iter>
<iter>
<kw name="Dictionary Should Contain Key" owner="Collections">
<msg time="2024-05-08T15:14:20.307893" level="INFO">False</msg>
<arg>${json_data['results'][0]}</arg>
<arg>${key}</arg>
<doc>Fails if ``key`` is not found from ``dictionary``.</doc>
<status status="PASS" start="2024-05-08T15:14:20.307510" elapsed="0.000420"/>
</kw>
<kw name="Log" owner="BuiltIn">
<msg time="2024-05-08T15:14:20.308585" level="INFO">{'gender': 'male', 'name': {'title': 'Mr', 'first': 'Harrison', 'last': 'Jackson'}, 'location': {'street': {'number': 7857, 'name': 'Opawa Road'}, 'city': 'Nelson', 'state': 'Canterbury', 'country': 'New Zealand', 'postcode': 21314, 'coordinates': {'latitude': '50.6199', 'longitude': '-23.3814'}, 'timezone': {'offset': '-10:00', 'description': 'Hawaii'}}, 'email': 'harrison.jackson@example.com', 'login': {'uuid': '641c9822-db3c-4fed-8b98-028aa004142e', 'username': 'purpleleopard117', 'password': 'philips', 'salt': '1SpU831X', 'md5': 'dd9e14399571542a7561ebfb742147eb', 'sha1': '4e73cf07a0d6e17ef54fe00539c8d4b4d57d61a5', 'sha256': '747949b2d9e9811395f26f4af5fb7941c3fe567a7536ab8f8ac59dc0dfacb752'}, 'dob': {'date': '1952-12-23T03:25:03.767Z', 'age': 71}, 'registered': {'date': '2013-01-10T06:10:18.538Z', 'age': 11}, 'phone': '(600)-202-1859', 'cell': '(954)-658-3023', 'id': {'name': '', 'value': None}, 'picture': {'large': 'https://randomuser.me/api/portraits/men/64.jpg', 'medium': 'https://randomuser.me/api/portraits/med/men/64.jpg', 'thumbnail': 'https://randomuser.me/api/portraits/thumb/men/64.jpg'}, 'nat': 'NZ'}</msg>
<arg>${json_data['results'][0]}</arg>
<doc>Logs the given message with the given level.</doc>
<status status="PASS" start="2024-05-08T15:14:20.308225" elapsed="0.000409"/>
</kw>
<kw name="Log" owner="BuiltIn">
<msg time="2024-05-08T15:14:20.309078" level="INFO">email</msg>
<arg>${key}</arg>
<doc>Logs the given message with the given level.</doc>
<status status="PASS" start="2024-05-08T15:14:20.308926" elapsed="0.000197"/>
</kw>
<var name="${key}">email</var>
<status status="PASS" start="2024-05-08T15:14:20.307401" elapsed="0.001946"/>
</iter>
<iter>
<kw name="Dictionary Should Contain Key" owner="Collections">
<msg time="2024-05-08T15:14:20.310016" level="INFO">False</msg>
<arg>${json_data['results'][0]}</arg>
<arg>${key}</arg>
<doc>Fails if ``key`` is not found from ``dictionary``.</doc>
<status status="PASS" start="2024-05-08T15:14:20.309633" elapsed="0.000420"/>
</kw>
<kw name="Log" owner="BuiltIn">
<msg time="2024-05-08T15:14:20.310713" level="INFO">{'gender': 'male', 'name': {'title': 'Mr', 'first': 'Harrison', 'last': 'Jackson'}, 'location': {'street': {'number': 7857, 'name': 'Opawa Road'}, 'city': 'Nelson', 'state': 'Canterbury', 'country': 'New Zealand', 'postcode': 21314, 'coordinates': {'latitude': '50.6199', 'longitude': '-23.3814'}, 'timezone': {'offset': '-10:00', 'description': 'Hawaii'}}, 'email': 'harrison.jackson@example.com', 'login': {'uuid': '641c9822-db3c-4fed-8b98-028aa004142e', 'username': 'purpleleopard117', 'password': 'philips', 'salt': '1SpU831X', 'md5': 'dd9e14399571542a7561ebfb742147eb', 'sha1': '4e73cf07a0d6e17ef54fe00539c8d4b4d57d61a5', 'sha256': '747949b2d9e9811395f26f4af5fb7941c3fe567a7536ab8f8ac59dc0dfacb752'}, 'dob': {'date': '1952-12-23T03:25:03.767Z', 'age': 71}, 'registered': {'date': '2013-01-10T06:10:18.538Z', 'age': 11}, 'phone': '(600)-202-1859', 'cell': '(954)-658-3023', 'id': {'name': '', 'value': None}, 'picture': {'large': 'https://randomuser.me/api/portraits/men/64.jpg', 'medium': 'https://randomuser.me/api/portraits/med/men/64.jpg', 'thumbnail': 'https://randomuser.me/api/portraits/thumb/men/64.jpg'}, 'nat': 'NZ'}</msg>
<arg>${json_data['results'][0]}</arg>
<doc>Logs the given message with the given level.</doc>
<status status="PASS" start="2024-05-08T15:14:20.310345" elapsed="0.000417"/>
</kw>
<kw name="Log" owner="BuiltIn">
<msg time="2024-05-08T15:14:20.311183" level="INFO">login</msg>
<arg>${key}</arg>
<doc>Logs the given message with the given level.</doc>
<status status="PASS" start="2024-05-08T15:14:20.311058" elapsed="0.000163"/>
</kw>
<var name="${key}">login</var>
<status status="PASS" start="2024-05-08T15:14:20.309522" elapsed="0.001912"/>
</iter>
<var>${key}</var>
<value>@{expected_keys}</value>
<status status="PASS" start="2024-05-08T15:14:20.300742" elapsed="0.010813"/>
</for>
<kw name="Create List" owner="BuiltIn">
<msg time="2024-05-08T15:14:20.311917" level="INFO">${expected_keysTwo} = ['username', 'password']</msg>
<var>${expected_keysTwo}</var>
<arg>username</arg>
<arg>password</arg>
<doc>Returns a list containing given items.</doc>
<status status="PASS" start="2024-05-08T15:14:20.311779" elapsed="0.000162"/>
</kw>
<for flavor="IN">
<iter>
<kw name="Dictionary Should Contain Key" owner="Collections">
<msg time="2024-05-08T15:14:20.312832" level="INFO">False</msg>
<arg>${json_data['results'][0]['login']}</arg>
<arg>${keyTwo}</arg>
<doc>Fails if ``key`` is not found from ``dictionary``.</doc>
<status status="PASS" start="2024-05-08T15:14:20.312439" elapsed="0.000431"/>
</kw>
<kw name="Dictionary Should Contain Key" owner="Collections">
<msg time="2024-05-08T15:14:20.313581" level="INFO">False</msg>
<arg>${json_data['results'][0]['login']}</arg>
<arg>${keyTwo}</arg>
<doc>Fails if ``key`` is not found from ``dictionary``.</doc>
<status status="PASS" start="2024-05-08T15:14:20.313198" elapsed="0.000419"/>
</kw>
<kw name="Log" owner="BuiltIn">
<msg time="2024-05-08T15:14:20.314034" level="INFO">username</msg>
<arg>${keyTwo}</arg>
<doc>Logs the given message with the given level.</doc>
<status status="PASS" start="2024-05-08T15:14:20.313908" elapsed="0.000168"/>
</kw>
<var name="${keyTwo}">username</var>
<status status="PASS" start="2024-05-08T15:14:20.312329" elapsed="0.001959"/>
</iter>
<iter>
<kw name="Dictionary Should Contain Key" owner="Collections">
<msg time="2024-05-08T15:14:20.314954" level="INFO">False</msg>
<arg>${json_data['results'][0]['login']}</arg>
<arg>${keyTwo}</arg>
<doc>Fails if ``key`` is not found from ``dictionary``.</doc>
<status status="PASS" start="2024-05-08T15:14:20.314569" elapsed="0.000422"/>
</kw>
<kw name="Dictionary Should Contain Key" owner="Collections">
<msg time="2024-05-08T15:14:20.315752" level="INFO">False</msg>
<arg>${json_data['results'][0]['login']}</arg>
<arg>${keyTwo}</arg>
<doc>Fails if ``key`` is not found from ``dictionary``.</doc>
<status status="PASS" start="2024-05-08T15:14:20.315281" elapsed="0.000510"/>
</kw>
<kw name="Log" owner="BuiltIn">
<msg time="2024-05-08T15:14:20.316225" level="INFO">password</msg>
<arg>${keyTwo}</arg>
<doc>Logs the given message with the given level.</doc>
<status status="PASS" start="2024-05-08T15:14:20.316096" elapsed="0.000167"/>
</kw>
<var name="${keyTwo}">password</var>
<status status="PASS" start="2024-05-08T15:14:20.314459" elapsed="0.002020"/>
</iter>
<var>${keyTwo}</var>
<value>@{expected_keysTwo}</value>
<status status="PASS" start="2024-05-08T15:14:20.312176" elapsed="0.004426"/>
</for>
<status status="PASS" start="2024-05-08T15:14:20.195846" elapsed="0.120894"/>
</kw>
<doc>Testa a estrutura da resposta da API.</doc>
<tag>testeEstruturaResposta</tag>
<status status="PASS" start="2024-05-08T15:14:20.195371" elapsed="0.121518"/>
</test>
<test id="s1-s1-t4" name="Validar tipos de dados" line="28">
<kw name="Teste de Tipos de Dados" owner="random-user-service">
<kw name="GET On Session" owner="RequestsLibrary">
<msg time="2024-05-08T15:14:20.404572" level="INFO">GET Request : url=https://randomuser.me/api 
 path_url=/api 
 headers={'User-Agent': 'python-requests/2.31.0', 'Accept-Encoding': 'gzip, deflate', 'Accept': '*/*', 'Connection': 'keep-alive'} 
 body=None 
 </msg>
<msg time="2024-05-08T15:14:20.404643" level="INFO">GET Response : url=https://randomuser.me/api 
 status=200, reason=OK 
 headers={'Date': 'Wed, 08 May 2024 15:14:20 GMT', 'Content-Type': 'application/json; charset=utf-8', 'Transfer-Encoding': 'chunked', 'Connection': 'keep-alive', 'X-Powered-By': 'Express', 'Access-Control-Allow-Origin': '*', 'Cache-Control': 'no-cache', 'ETag': 'W/"47d-OdzeTGBfsGBG3IUwf3GzZgIF0a0"', 'Vary': 'Accept-Encoding', 'Content-Encoding': 'gzip', 'CF-Cache-Status': 'DYNAMIC', 'Report-To': '{"endpoints":[{"url":"https:\\/\\/a.nel.cloudflare.com\\/report\\/v4?s=Ny87gZmIcOx%2FwOf5W1kG5ucz5z1G5%2BGN7BtFW0cSNRFLPx%2FqZapTpJcEQvJFHr3bJin7OA4M0CpaqoiROR83lD5ZVaQ%2BXiXQHUElQYvy3SUpUMmcbMi1rNyhCkrjPCpH"}],"group":"cf-nel","max_age":604800}', 'NEL': '{"success_fraction":0,"report_to":"cf-nel","max_age":604800}', 'Server': 'cloudflare', 'CF-RAY': '880a661d08d967fe-SJC', 'alt-svc': 'h3=":443"; ma=86400'} 
 body={"results":[{"gender":"male","name":{"title":"Mr","first":"Jatin","last":"Bhat"},"location":{"street":{"number":3469,"name":"Mall Rd"},"city":"Jaipur","state":"Karnataka","country":"India","postcode":71469,"coordinates":{"latitude":"4.6518","longitude":"-77.1298"},"timezone":{"offset":"+10:00","description":"Eastern Australia, Guam, Vladivostok"}},"email":"jatin.bhat@example.com","login":{"uuid":"82f5767a-f2aa-4e4f-9a05-9ef57c269e06","username":"beautifulfrog658","password":"nuan","salt":"8lOO5q7e","md5":"1f60cc26deee8c1b7b8dbbaba37af220","sha1":"9b19f8f92b4cd6d6aa7bca50b6db7feda127cbd9","sha256":"66c97f034e05bb1036034177739a655c610ed8f7c9737af7eefed310e4f1a5e2"},"dob":{"date":"1995-05-27T13:58:28.079Z","age":28},"registered":{"date":"2022-04-07T01:21:05.639Z","age":2},"phone":"8714680425","cell":"7499066245","id":{"name":"UIDAI","value":"368450447436"},"picture":{"large":"https://randomuser.me/api/portraits/men/33.jpg","medium":"https://randomuser.me/api/portraits/med/men/33.jpg","thumbnail":"https://randomuser.me/api/portraits/thumb/men/33.jpg"},"nat":"IN"}],"info":{"seed":"ba2059c62b2027f3","results":1,"page":1,"version":"1.4"}} 
 </msg>
<msg time="2024-05-08T15:14:20.404698" level="INFO">/opt/hostedtoolcache/Python/3.12.3/x64/lib/python3.12/site-packages/urllib3/connectionpool.py:1103: InsecureRequestWarning: Unverified HTTPS request is being made to host 'randomuser.me'. Adding certificate verification is strongly advised. See: https://urllib3.readthedocs.io/en/latest/advanced-usage.html#tls-warnings
  warnings.warn(</msg>
<msg time="2024-05-08T15:14:20.404781" level="INFO">${response} = &lt;Response [200]&gt;</msg>
<var>${response}</var>
<arg>consultarAPI</arg>
<arg>/api</arg>
<doc>Sends a GET request on a previously created HTTP Session.</doc>
<status status="PASS" start="2024-05-08T15:14:20.319322" elapsed="0.085483"/>
</kw>
<kw name="Set Variable" owner="BuiltIn">
<msg time="2024-05-08T15:14:20.405652" level="INFO">${json_data} = {'results': [{'gender': 'male', 'name': {'title': 'Mr', 'first': 'Jatin', 'last': 'Bhat'}, 'location': {'street': {'number': 3469, 'name': 'Mall Rd'}, 'city': 'Jaipur', 'state': 'Karnataka', 'country'...</msg>
<var>${json_data}</var>
<arg>${response.json()}</arg>
<doc>Returns the given values which can then be assigned to a variables.</doc>
<status status="PASS" start="2024-05-08T15:14:20.405203" elapsed="0.000476"/>
</kw>
<kw name="Log" owner="BuiltIn">
<msg time="2024-05-08T15:14:20.406135" level="INFO">{'results': [{'gender': 'male', 'name': {'title': 'Mr', 'first': 'Jatin', 'last': 'Bhat'}, 'location': {'street': {'number': 3469, 'name': 'Mall Rd'}, 'city': 'Jaipur', 'state': 'Karnataka', 'country': 'India', 'postcode': 71469, 'coordinates': {'latitude': '4.6518', 'longitude': '-77.1298'}, 'timezone': {'offset': '+10:00', 'description': 'Eastern Australia, Guam, Vladivostok'}}, 'email': 'jatin.bhat@example.com', 'login': {'uuid': '82f5767a-f2aa-4e4f-9a05-9ef57c269e06', 'username': 'beautifulfrog658', 'password': 'nuan', 'salt': '8lOO5q7e', 'md5': '1f60cc26deee8c1b7b8dbbaba37af220', 'sha1': '9b19f8f92b4cd6d6aa7bca50b6db7feda127cbd9', 'sha256': '66c97f034e05bb1036034177739a655c610ed8f7c9737af7eefed310e4f1a5e2'}, 'dob': {'date': '1995-05-27T13:58:28.079Z', 'age': 28}, 'registered': {'date': '2022-04-07T01:21:05.639Z', 'age': 2}, 'phone': '8714680425', 'cell': '7499066245', 'id': {'name': 'UIDAI', 'value': '368450447436'}, 'picture': {'large': 'https://randomuser.me/api/portraits/men/33.jpg', 'medium': 'https://randomuser.me/api/portraits/med/men/33.jpg', 'thumbnail': 'https://randomuser.me/api/portraits/thumb/men/33.jpg'}, 'nat': 'IN'}], 'info': {'seed': 'ba2059c62b2027f3', 'results': 1, 'page': 1, 'version': '1.4'}}</msg>
<arg>${json_data}</arg>
<doc>Logs the given message with the given level.</doc>
<status status="PASS" start="2024-05-08T15:14:20.405986" elapsed="0.000196"/>
</kw>
<kw name="Should Be String" owner="String">
<arg>${json_data['results'][0]['gender']}</arg>
<doc>Fails if the given ``item`` is not a string.</doc>
<status status="PASS" start="2024-05-08T15:14:20.406501" elapsed="0.000363"/>
</kw>
<kw name="Should Match Regexp" owner="BuiltIn">
<arg>${json_data['results'][0]['email']}</arg>
<arg>^[a-zA-Z0-9._%+-]+@[a-zA-Z0-9.-]+\.[a-zA-Z]{2,}$</arg>
<doc>Fails if ``string`` does not match ``pattern`` as a regular expression.</doc>
<status status="PASS" start="2024-05-08T15:14:20.407054" elapsed="0.000493"/>
</kw>
<kw name="Should Match Regexp" owner="BuiltIn">
<arg>${json_data['results'][0]['dob']['date']}</arg>
<arg>\\d{4}-\\d{2}-\\d{2}T\\d{2}:\\d{2}:\\d{2}\\.\\d{3}Z</arg>
<doc>Fails if ``string`` does not match ``pattern`` as a regular expression.</doc>
<status status="PASS" start="2024-05-08T15:14:20.407741" elapsed="0.000488"/>
</kw>
<kw name="Should Match Regexp" owner="BuiltIn">
<arg>${json_data['results'][0]['registered']['date']}</arg>
<arg>\\d{4}-\\d{2}-\\d{2}T\\d{2}:\\d{2}:\\d{2}\\.\\d{3}Z</arg>
<doc>Fails if ``string`` does not match ``pattern`` as a regular expression.</doc>
<status status="PASS" start="2024-05-08T15:14:20.408419" elapsed="0.000370"/>
</kw>
<kw name="Should Match Regexp" owner="BuiltIn">
<arg>${json_data['results'][0]['picture']['large']}</arg>
<arg>^https?://.*\.(?:png|jpe?g|gif|bmp)$</arg>
<doc>Fails if ``string`` does not match ``pattern`` as a regular expression.</doc>
<status status="PASS" start="2024-05-08T15:14:20.408975" elapsed="0.000497"/>
</kw>
<kw name="Should Match Regexp" owner="BuiltIn">
<arg>${json_data['results'][0]['picture']['medium']}</arg>
<arg>^https?://.*\.(?:png|jpe?g|gif|bmp)$</arg>
<doc>Fails if ``string`` does not match ``pattern`` as a regular expression.</doc>
<status status="PASS" start="2024-05-08T15:14:20.409661" elapsed="0.000357"/>
</kw>
<kw name="Should Match Regexp" owner="BuiltIn">
<arg>${json_data['results'][0]['picture']['thumbnail']}</arg>
<arg>^https?://.*\.(?:png|jpe?g|gif|bmp)$</arg>
<doc>Fails if ``string`` does not match ``pattern`` as a regular expression.</doc>
<status status="PASS" start="2024-05-08T15:14:20.410207" elapsed="0.000354"/>
</kw>
<kw name="Log" owner="BuiltIn">
<msg time="2024-05-08T15:14:20.411061" level="INFO">{'large': 'https://randomuser.me/api/portraits/men/33.jpg', 'medium': 'https://randomuser.me/api/portraits/med/men/33.jpg', 'thumbnail': 'https://randomuser.me/api/portraits/thumb/men/33.jpg'}</msg>
<arg>${json_data['results'][0]['picture']}</arg>
<doc>Logs the given message with the given level.</doc>
<status status="PASS" start="2024-05-08T15:14:20.410739" elapsed="0.000363"/>
</kw>
<status status="PASS" start="2024-05-08T15:14:20.319099" elapsed="0.092253"/>
</kw>
<kw name="Teste de Tipos de Dados - Postcode" owner="random-user-service">
<kw name="GET On Session" owner="RequestsLibrary">
<msg time="2024-05-08T15:14:20.507746" level="INFO">GET Request : url=https://randomuser.me/api 
 path_url=/api 
 headers={'User-Agent': 'python-requests/2.31.0', 'Accept-Encoding': 'gzip, deflate', 'Accept': '*/*', 'Connection': 'keep-alive'} 
 body=None 
 </msg>
<msg time="2024-05-08T15:14:20.507809" level="INFO">GET Response : url=https://randomuser.me/api 
 status=200, reason=OK 
 headers={'Date': 'Wed, 08 May 2024 15:14:20 GMT', 'Content-Type': 'application/json; charset=utf-8', 'Transfer-Encoding': 'chunked', 'Connection': 'keep-alive', 'X-Powered-By': 'Express', 'Access-Control-Allow-Origin': '*', 'Cache-Control': 'no-cache', 'ETag': 'W/"490-nWOoeFtu5NU+slLILaaOf6oT10A"', 'Vary': 'Accept-Encoding', 'Content-Encoding': 'gzip', 'CF-Cache-Status': 'DYNAMIC', 'Report-To': '{"endpoints":[{"url":"https:\\/\\/a.nel.cloudflare.com\\/report\\/v4?s=TeSZYYpHLh9RlW6jJ8yj9b55fOoeIWpfO%2FuMlz%2Fur7Zuf7xoT1diwSYAE1kYVWC4rZR%2BcOiViFI1rm9D28YSFVl8i4%2B%2FOMfcApIs7KvDT3hEPY2ZyIm1kI65RfN65B4R"}],"group":"cf-nel","max_age":604800}', 'NEL': '{"success_fraction":0,"report_to":"cf-nel","max_age":604800}', 'Server': 'cloudflare', 'CF-RAY': '880a661d996167fe-SJC', 'alt-svc': 'h3=":443"; ma=86400'} 
 body={"results":[{"gender":"male","name":{"title":"Mr","first":"Enrique","last":"Ortega"},"location":{"street":{"number":4891,"name":"Calle de Alberto Aguilera"},"city":"Móstoles","state":"Comunidad de Madrid","country":"Spain","postcode":60594,"coordinates":{"latitude":"-34.2918","longitude":"-85.0326"},"timezone":{"offset":"+9:30","description":"Adelaide, Darwin"}},"email":"enrique.ortega@example.com","login":{"uuid":"4ae73978-9f0a-4904-81be-4b95e76c8cee","username":"silverwolf371","password":"basketba","salt":"K0dNLbst","md5":"15aab785335c99884d089662bf8f901b","sha1":"33653f3779377afee5abc00a823ac48a2ebeff53","sha256":"f3e1200f171f6b335f291ec5b1eeb28014c995c4875049e9ea3d2a41d7bfcdda"},"dob":{"date":"1986-04-14T17:18:11.781Z","age":38},"registered":{"date":"2014-05-30T04:25:36.259Z","age":9},"phone":"994-475-799","cell":"646-973-756","id":{"name":"DNI","value":"75848884-S"},"picture":{"large":"https://randomuser.me/api/portraits/men/36.jpg","medium":"https://randomuser.me/api/portraits/med/men/36.jpg","thumbnail":"https://randomuser.me/api/portraits/thumb/men/36.jpg"},"nat":"ES"}],"info":{"seed":"255c1a8255fd85da","results":1,"page":1,"version":"1.4"}} 
 </msg>
<msg time="2024-05-08T15:14:20.507866" level="INFO">/opt/hostedtoolcache/Python/3.12.3/x64/lib/python3.12/site-packages/urllib3/connectionpool.py:1103: InsecureRequestWarning: Unverified HTTPS request is being made to host 'randomuser.me'. Adding certificate verification is strongly advised. See: https://urllib3.readthedocs.io/en/latest/advanced-usage.html#tls-warnings
  warnings.warn(</msg>
<msg time="2024-05-08T15:14:20.507951" level="INFO">${response} = &lt;Response [200]&gt;</msg>
<var>${response}</var>
<arg>consultarAPI</arg>
<arg>/api</arg>
<doc>Sends a GET request on a previously created HTTP Session.</doc>
<status status="PASS" start="2024-05-08T15:14:20.411779" elapsed="0.096204"/>
</kw>
<kw name="Set Variable" owner="BuiltIn">
<msg time="2024-05-08T15:14:20.508806" level="INFO">${json_data} = {'results': [{'gender': 'male', 'name': {'title': 'Mr', 'first': 'Enrique', 'last': 'Ortega'}, 'location': {'street': {'number': 4891, 'name': 'Calle de Alberto Aguilera'}, 'city': 'Móstoles', 'state'...</msg>
<var>${json_data}</var>
<arg>${response.json()}</arg>
<doc>Returns the given values which can then be assigned to a variables.</doc>
<status status="PASS" start="2024-05-08T15:14:20.508357" elapsed="0.000477"/>
</kw>
<kw name="Log" owner="BuiltIn">
<msg time="2024-05-08T15:14:20.509349" level="INFO">{'results': [{'gender': 'male', 'name': {'title': 'Mr', 'first': 'Enrique', 'last': 'Ortega'}, 'location': {'street': {'number': 4891, 'name': 'Calle de Alberto Aguilera'}, 'city': 'Móstoles', 'state': 'Comunidad de Madrid', 'country': 'Spain', 'postcode': 60594, 'coordinates': {'latitude': '-34.2918', 'longitude': '-85.0326'}, 'timezone': {'offset': '+9:30', 'description': 'Adelaide, Darwin'}}, 'email': 'enrique.ortega@example.com', 'login': {'uuid': '4ae73978-9f0a-4904-81be-4b95e76c8cee', 'username': 'silverwolf371', 'password': 'basketba', 'salt': 'K0dNLbst', 'md5': '15aab785335c99884d089662bf8f901b', 'sha1': '33653f3779377afee5abc00a823ac48a2ebeff53', 'sha256': 'f3e1200f171f6b335f291ec5b1eeb28014c995c4875049e9ea3d2a41d7bfcdda'}, 'dob': {'date': '1986-04-14T17:18:11.781Z', 'age': 38}, 'registered': {'date': '2014-05-30T04:25:36.259Z', 'age': 9}, 'phone': '994-475-799', 'cell': '646-973-756', 'id': {'name': 'DNI', 'value': '75848884-S'}, 'picture': {'large': 'https://randomuser.me/api/portraits/men/36.jpg', 'medium': 'https://randomuser.me/api/portraits/med/men/36.jpg', 'thumbnail': 'https://randomuser.me/api/portraits/thumb/men/36.jpg'}, 'nat': 'ES'}], 'info': {'seed': '255c1a8255fd85da', 'results': 1, 'page': 1, 'version': '1.4'}}</msg>
<arg>${json_data}</arg>
<doc>Logs the given message with the given level.</doc>
<status status="PASS" start="2024-05-08T15:14:20.509193" elapsed="0.000205"/>
</kw>
<kw name="Should Be Equal As Numbers" owner="BuiltIn">
<arg>${json_data['results'][0]['location']['postcode']}</arg>
<arg>${json_data['results'][0]['location']['postcode']}</arg>
<doc>Fails if objects are unequal after converting them to real numbers.</doc>
<status status="PASS" start="2024-05-08T15:14:20.509695" elapsed="0.000791"/>
</kw>
<kw name="Log" owner="BuiltIn">
<msg time="2024-05-08T15:14:20.511016" level="INFO">60594</msg>
<arg>${json_data['results'][0]['location']['postcode']}</arg>
<doc>Logs the given message with the given level.</doc>
<status status="PASS" start="2024-05-08T15:14:20.510681" elapsed="0.000375"/>
</kw>
<status status="PASS" start="2024-05-08T15:14:20.411563" elapsed="0.099743"/>
</kw>
<doc>Testa se os tipos de dados na resposta da API estão corretos.</doc>
<tag>testeTiposDados</tag>
<status status="PASS" start="2024-05-08T15:14:20.318673" elapsed="0.192790"/>
</test>
<test id="s1-s1-t5" name="Validar conteudo" line="35">
<kw name="Teste de Tipos de Conteudo" owner="random-user-service">
<kw name="GET On Session" owner="RequestsLibrary">
<msg time="2024-05-08T15:14:20.605991" level="INFO">GET Request : url=https://randomuser.me/api 
 path_url=/api 
 headers={'User-Agent': 'python-requests/2.31.0', 'Accept-Encoding': 'gzip, deflate', 'Accept': '*/*', 'Connection': 'keep-alive'} 
 body=None 
 </msg>
<msg time="2024-05-08T15:14:20.606058" level="INFO">GET Response : url=https://randomuser.me/api 
 status=200, reason=OK 
 headers={'Date': 'Wed, 08 May 2024 15:14:20 GMT', 'Content-Type': 'application/json; charset=utf-8', 'Transfer-Encoding': 'chunked', 'Connection': 'keep-alive', 'X-Powered-By': 'Express', 'Access-Control-Allow-Origin': '*', 'Cache-Control': 'no-cache', 'ETag': 'W/"4ab-vMJLqhlqFxK+uYja9W/HDEeA0Wo"', 'Vary': 'Accept-Encoding', 'Content-Encoding': 'gzip', 'CF-Cache-Status': 'DYNAMIC', 'Report-To': '{"endpoints":[{"url":"https:\\/\\/a.nel.cloudflare.com\\/report\\/v4?s=atVeAC2tRL0BCKgmHTd2ur5UspY9xhLDlPK4o0Q29F0CIkGj8muFfeRZvTBY%2FwtUepD9FoCZQAFOLATc3OzDlsvrcup8P5su1mugZwInAfWS%2Fxit0BUtzWBvO8I0gfss"}],"group":"cf-nel","max_age":604800}', 'NEL': '{"success_fraction":0,"report_to":"cf-nel","max_age":604800}', 'Server': 'cloudflare', 'CF-RAY': '880a661e3a3467fe-SJC', 'alt-svc': 'h3=":443"; ma=86400'} 
 body={"results":[{"gender":"female","name":{"title":"Miss","first":"Aurore","last":"Simon"},"location":{"street":{"number":6209,"name":"Place de L'Abbé-Georges-Hénocque"},"city":"Rouen","state":"Eure-et-Loir","country":"France","postcode":44345,"coordinates":{"latitude":"-19.1508","longitude":"125.8235"},"timezone":{"offset":"+2:00","description":"Kaliningrad, South Africa"}},"email":"aurore.simon@example.com","login":{"uuid":"2f2893c4-6236-424c-9313-e5ade3dccfc6","username":"browntiger406","password":"angelus","salt":"kozirXun","md5":"04d04e2c83b3ff0e3ca749f474925573","sha1":"44bd8fdc77c931021654ddc938c3c4bf710b0290","sha256":"b93dab1486138fe6274bfc53a6014cb8ca3105bf33bf41544ec3e1ff3d52325d"},"dob":{"date":"1980-05-25T15:28:02.414Z","age":43},"registered":{"date":"2018-11-04T01:17:03.045Z","age":5},"phone":"02-88-79-84-05","cell":"06-72-04-94-89","id":{"name":"INSEE","value":"2800409433126 48"},"picture":{"large":"https://randomuser.me/api/portraits/women/90.jpg","medium":"https://randomuser.me/api/portraits/med/women/90.jpg","thumbnail":"https://randomuser.me/api/portraits/thumb/women/90.jpg"},"nat":"FR"}],"info":{"seed":"278d182763be6eb8","results":1,"page":1,"version":"1.4"}} 
 </msg>
<msg time="2024-05-08T15:14:20.606114" level="INFO">/opt/hostedtoolcache/Python/3.12.3/x64/lib/python3.12/site-packages/urllib3/connectionpool.py:1103: InsecureRequestWarning: Unverified HTTPS request is being made to host 'randomuser.me'. Adding certificate verification is strongly advised. See: https://urllib3.readthedocs.io/en/latest/advanced-usage.html#tls-warnings
  warnings.warn(</msg>
<msg time="2024-05-08T15:14:20.606198" level="INFO">${response} = &lt;Response [200]&gt;</msg>
<var>${response}</var>
<arg>consultarAPI</arg>
<arg>/api</arg>
<doc>Sends a GET request on a previously created HTTP Session.</doc>
<status status="PASS" start="2024-05-08T15:14:20.513866" elapsed="0.092362"/>
</kw>
<kw name="Set Variable" owner="BuiltIn">
<msg time="2024-05-08T15:14:20.607049" level="INFO">${json_data} = {'results': [{'gender': 'female', 'name': {'title': 'Miss', 'first': 'Aurore', 'last': 'Simon'}, 'location': {'street': {'number': 6209, 'name': "Place de L'Abbé-Georges-Hénocque"}, 'city': 'Rouen', '...</msg>
<var>${json_data}</var>
<arg>${response.json()}</arg>
<doc>Returns the given values which can then be assigned to a variables.</doc>
<status status="PASS" start="2024-05-08T15:14:20.606598" elapsed="0.000479"/>
</kw>
<kw name="Set Variable" owner="BuiltIn">
<msg time="2024-05-08T15:14:20.607758" level="INFO">${name_title} = Miss</msg>
<var>${name_title}</var>
<arg>${json_data["results"][0]["name"]["title"]}</arg>
<doc>Returns the given values which can then be assigned to a variables.</doc>
<status status="PASS" start="2024-05-08T15:14:20.607377" elapsed="0.000406"/>
</kw>
<kw name="Create List" owner="BuiltIn">
<msg time="2024-05-08T15:14:20.608222" level="INFO">${allowed_titles} = ['Mr', 'Ms', 'Miss', 'Mrs', 'Madame', 'Monsieur']</msg>
<var>${allowed_titles}</var>
<arg>Mr</arg>
<arg>Ms</arg>
<arg>Miss</arg>
<arg>Mrs</arg>
<arg>Madame</arg>
<arg>Monsieur</arg>
<doc>Returns a list containing given items.</doc>
<status status="PASS" start="2024-05-08T15:14:20.608078" elapsed="0.000167"/>
</kw>
<kw name="List Should Contain Value" owner="Collections">
<msg time="2024-05-08T15:14:20.608704" level="INFO">False</msg>
<arg>${allowed_titles}</arg>
<arg>${name_title}</arg>
<doc>Fails if the ``value`` is not found from ``list``.</doc>
<status status="PASS" start="2024-05-08T15:14:20.608539" elapsed="0.000200"/>
</kw>
<kw name="Set Variable" owner="BuiltIn">
<msg time="2024-05-08T15:14:20.609460" level="INFO">${name_country} = FR</msg>
<var>${name_country}</var>
<arg>${json_data["results"][0]["nat"]}</arg>
<doc>Returns the given values which can then be assigned to a variables.</doc>
<status status="PASS" start="2024-05-08T15:14:20.609066" elapsed="0.000419"/>
</kw>
<kw name="Create List" owner="BuiltIn">
<msg time="2024-05-08T15:14:20.610373" level="INFO">${list_country} = ['AD', 'AE', 'AF', 'AG', 'AI', 'AL', 'AM', 'AO', 'AQ', 'AR', 'AS', 'AT', 'AU', 'AW', 'AX', 'AZ', 'BA', 'BB', 'BD', 'BE', 'BF', 'BG', 'BH', 'BI', 'BJ', 'BL', 'BM', 'BN', 'BO', 'BQ', 'BR', 'BS', 'BT', '...</msg>
<var>${list_country}</var>
<arg>AD</arg>
<arg>AE</arg>
<arg>AF</arg>
<arg>AG</arg>
<arg>AI</arg>
<arg>AL</arg>
<arg>AM</arg>
<arg>AO</arg>
<arg>AQ</arg>
<arg>AR</arg>
<arg>AS</arg>
<arg>AT</arg>
<arg>AU</arg>
<arg>AW</arg>
<arg>AX</arg>
<arg>AZ</arg>
<arg>BA</arg>
<arg>BB</arg>
<arg>BD</arg>
<arg>BE</arg>
<arg>BF</arg>
<arg>BG</arg>
<arg>BH</arg>
<arg>BI</arg>
<arg>BJ</arg>
<arg>BL</arg>
<arg>BM</arg>
<arg>BN</arg>
<arg>BO</arg>
<arg>BQ</arg>
<arg>BR</arg>
<arg>BS</arg>
<arg>BT</arg>
<arg>BV</arg>
<arg>BW</arg>
<arg>BY</arg>
<arg>BZ</arg>
<arg>CA</arg>
<arg>CC</arg>
<arg>CD</arg>
<arg>CF</arg>
<arg>CG</arg>
<arg>CH</arg>
<arg>CI</arg>
<arg>CK</arg>
<arg>CL</arg>
<arg>CM</arg>
<arg>CN</arg>
<arg>CO</arg>
<arg>CR</arg>
<arg>CU</arg>
<arg>CV</arg>
<arg>CW</arg>
<arg>CX</arg>
<arg>CY</arg>
<arg>CZ</arg>
<arg>DE</arg>
<arg>DJ</arg>
<arg>DK</arg>
<arg>DM</arg>
<arg>DO</arg>
<arg>DZ</arg>
<arg>EC</arg>
<arg>EE</arg>
<arg>EG</arg>
<arg>EH</arg>
<arg>ER</arg>
<arg>ES</arg>
<arg>ET</arg>
<arg>FI</arg>
<arg>FJ</arg>
<arg>FK</arg>
<arg>FM</arg>
<arg>FO</arg>
<arg>FR</arg>
<arg>GA</arg>
<arg>GB</arg>
<arg>GD</arg>
<arg>GE</arg>
<arg>GF</arg>
<arg>GG</arg>
<arg>GH</arg>
<arg>GI</arg>
<arg>GL</arg>
<arg>GM</arg>
<arg>GN</arg>
<arg>GP</arg>
<arg>GQ</arg>
<arg>GR</arg>
<arg>GS</arg>
<arg>GT</arg>
<arg>GU</arg>
<arg>GW</arg>
<arg>GY</arg>
<arg>HK</arg>
<arg>HM</arg>
<arg>HN</arg>
<arg>HR</arg>
<arg>HT</arg>
<arg>HU</arg>
<arg>ID</arg>
<arg>IE</arg>
<arg>IL</arg>
<arg>IM</arg>
<arg>IN</arg>
<arg>IO</arg>
<arg>IQ</arg>
<arg>IR</arg>
<arg>IS</arg>
<arg>IT</arg>
<arg>JE</arg>
<arg>JM</arg>
<arg>JO</arg>
<arg>JP</arg>
<arg>KE</arg>
<arg>KG</arg>
<arg>KH</arg>
<arg>KI</arg>
<arg>KM</arg>
<arg>KN</arg>
<arg>KP</arg>
<arg>KR</arg>
<arg>KW</arg>
<arg>KY</arg>
<arg>KZ</arg>
<arg>LA</arg>
<arg>LB</arg>
<arg>LC</arg>
<arg>LI</arg>
<arg>LK</arg>
<arg>LR</arg>
<arg>LS</arg>
<arg>LT</arg>
<arg>LU</arg>
<arg>LV</arg>
<arg>LY</arg>
<arg>MA</arg>
<arg>MC</arg>
<arg>MD</arg>
<arg>ME</arg>
<arg>MF</arg>
<arg>MG</arg>
<arg>MH</arg>
<arg>MK</arg>
<arg>ML</arg>
<arg>MM</arg>
<arg>MN</arg>
<arg>MO</arg>
<arg>MP</arg>
<arg>MQ</arg>
<arg>MR</arg>
<arg>MS</arg>
<arg>MT</arg>
<arg>MU</arg>
<arg>MV</arg>
<arg>MW</arg>
<arg>MX</arg>
<arg>MY</arg>
<arg>MZ</arg>
<arg>NA</arg>
<arg>NC</arg>
<arg>NE</arg>
<arg>NF</arg>
<arg>NG</arg>
<arg>NI</arg>
<arg>NL</arg>
<arg>NO</arg>
<arg>NP</arg>
<arg>NR</arg>
<arg>NU</arg>
<arg>NZ</arg>
<arg>OM</arg>
<arg>PA</arg>
<arg>PE</arg>
<arg>PF</arg>
<arg>PG</arg>
<arg>PH</arg>
<arg>PK</arg>
<arg>PL</arg>
<arg>PM</arg>
<arg>PN</arg>
<arg>PR</arg>
<arg>PS</arg>
<arg>PT</arg>
<arg>PW</arg>
<arg>PY</arg>
<arg>QA</arg>
<arg>RE</arg>
<arg>RO</arg>
<arg>RS</arg>
<arg>RU</arg>
<arg>RW</arg>
<arg>SA</arg>
<arg>SB</arg>
<arg>SC</arg>
<arg>SD</arg>
<arg>SE</arg>
<arg>SG</arg>
<arg>SH</arg>
<arg>SI</arg>
<arg>SJ</arg>
<arg>SK</arg>
<arg>SL</arg>
<arg>SM</arg>
<arg>SN</arg>
<arg>SO</arg>
<arg>SR</arg>
<arg>SS</arg>
<arg>ST</arg>
<arg>SV</arg>
<arg>SX</arg>
<arg>SY</arg>
<arg>SZ</arg>
<arg>TC</arg>
<arg>TD</arg>
<arg>TF</arg>
<arg>TG</arg>
<arg>TH</arg>
<arg>TJ</arg>
<arg>TK</arg>
<arg>TL</arg>
<arg>TM</arg>
<arg>TN</arg>
<arg>TO</arg>
<arg>TR</arg>
<arg>TT</arg>
<arg>TV</arg>
<arg>TW</arg>
<arg>TZ</arg>
<arg>UA</arg>
<arg>UG</arg>
<arg>UM</arg>
<arg>US</arg>
<arg>UY</arg>
<arg>UZ</arg>
<arg>VA</arg>
<arg>VC</arg>
<arg>VE</arg>
<arg>VG</arg>
<arg>VI</arg>
<arg>VN</arg>
<arg>VU</arg>
<arg>WF</arg>
<arg>WS</arg>
<arg>XK</arg>
<arg>YE</arg>
<arg>YT</arg>
<arg>ZA</arg>
<arg>ZM</arg>
<arg>ZW</arg>
<doc>Returns a list containing given items.</doc>
<status status="PASS" start="2024-05-08T15:14:20.609784" elapsed="0.000614"/>
</kw>
<kw name="List Should Contain Value" owner="Collections">
<msg time="2024-05-08T15:14:20.611381" level="INFO">False</msg>
<arg>${list_country}</arg>
<arg>${name_country}</arg>
<doc>Fails if the ``value`` is not found from ``list``.</doc>
<status status="PASS" start="2024-05-08T15:14:20.611185" elapsed="0.000231"/>
</kw>
<kw name="Run Keyword If" owner="BuiltIn">
<kw name="Should Be True" owner="BuiltIn">
<arg>${True}</arg>
<doc>Fails if the given condition is not true.</doc>
<status status="PASS" start="2024-05-08T15:14:20.612466" elapsed="0.000141"/>
</kw>
<arg>${json_data["results"][0]["location"]["coordinates"]["latitude"]} &gt;= -90 and ${json_data["results"][0]["location"]["coordinates"]["latitude"]} &lt;= 90</arg>
<arg>Should Be True</arg>
<arg>${True}</arg>
<doc>Runs the given keyword with the given arguments, if ``condition`` is true.</doc>
<status status="PASS" start="2024-05-08T15:14:20.611719" elapsed="0.001013"/>
</kw>
<kw name="Run Keyword If" owner="BuiltIn">
<kw name="Should Be True" owner="BuiltIn">
<arg>${True}</arg>
<doc>Fails if the given condition is not true.</doc>
<status status="PASS" start="2024-05-08T15:14:20.613642" elapsed="0.000236"/>
</kw>
<arg>${json_data["results"][0]["location"]["coordinates"]["longitude"]} &gt;= -180 and ${json_data["results"][0]["location"]["coordinates"]["longitude"]} &lt;= 180</arg>
<arg>Should Be True</arg>
<arg>${True}</arg>
<doc>Runs the given keyword with the given arguments, if ``condition`` is true.</doc>
<status status="PASS" start="2024-05-08T15:14:20.612914" elapsed="0.001088"/>
</kw>
<status status="PASS" start="2024-05-08T15:14:20.513650" elapsed="0.100480"/>
</kw>
<doc>Testa o conteúdo específico dos campos retornados pela API.</doc>
<tag>testeConteudo</tag>
<status status="PASS" start="2024-05-08T15:14:20.513234" elapsed="0.101033"/>
</test>
<status status="PASS" start="2024-05-08T15:14:19.776915" elapsed="0.839312"/>
</suite>
<status status="PASS" start="2024-05-08T15:14:19.763366" elapsed="0.857862"/>
</suite>
<statistics>
<total>
<stat pass="5" fail="0" skip="0">All Tests</stat>
</total>
<tag>
<stat pass="1" fail="0" skip="0">testeConteudo</stat>
<stat pass="1" fail="0" skip="0">testeEstruturaResposta</stat>
<stat pass="1" fail="0" skip="0">testeRequisicaoBasica</stat>
<stat pass="1" fail="0" skip="0">testeTiposDados</stat>
</tag>
<suite>
<stat pass="5" fail="0" skip="0" id="s1" name="Tests">Tests</stat>
<stat pass="5" fail="0" skip="0" id="s1-s1" name="Random-User-Test">Tests.Random-User-Test</stat>
</suite>
</statistics>
<errors>
</errors>
</robot>
