<?xml version="1.0" encoding="UTF-8"?>
<robot generator="Robot 7.0 (Python 3.12.3 on linux)" generated="2024-05-09T12:26:01.049669" rpa="false" schemaversion="5">
<suite id="s1" name="Tests" source="/home/runner/work/DesafioQAItauRogerioJordao/DesafioQAItauRogerioJordao/RamdonUser/tests">
<suite id="s1-s1" name="Random-User-Test" source="/home/runner/work/DesafioQAItauRogerioJordao/DesafioQAItauRogerioJordao/RamdonUser/tests/random-user-test.robot">
<test id="s1-s1-t1" name="Conectar" line="13">
<kw name="Conectar API" owner="random-user-service">
<kw name="Create Session" owner="RequestsLibrary">
<msg time="2024-05-09T12:26:01.416485" level="INFO">Creating Session using : alias=consultarAPI, url=https://randomuser.me/, headers={},                     cookies={}, auth=None, timeout=None, proxies=None, verify=False,                     debug=0 </msg>
<arg>consultarAPI</arg>
<arg>${URL}</arg>
<doc>Create Session: create a HTTP session to a server</doc>
<status status="PASS" start="2024-05-09T12:26:01.416272" elapsed="0.000423"/>
</kw>
<status status="PASS" start="2024-05-09T12:26:01.415208" elapsed="0.001867"/>
</kw>
<status status="PASS" start="2024-05-09T12:26:01.414421" elapsed="0.002857"/>
</test>
<test id="s1-s1-t2" name="Validar retorno 200 e JSON Válido" line="16">
<kw name="Teste de Requisicao Basica" owner="random-user-service">
<kw name="GET On Session" owner="RequestsLibrary">
<msg time="2024-05-09T12:26:01.504420" level="INFO">GET Request : url=https://randomuser.me/api 
 path_url=/api 
 headers={'User-Agent': 'python-requests/2.31.0', 'Accept-Encoding': 'gzip, deflate', 'Accept': '*/*', 'Connection': 'keep-alive'} 
 body=None 
 </msg>
<msg time="2024-05-09T12:26:01.504576" level="INFO">GET Response : url=https://randomuser.me/api 
 status=200, reason=OK 
 headers={'Date': 'Thu, 09 May 2024 12:26:01 GMT', 'Content-Type': 'application/json; charset=utf-8', 'Transfer-Encoding': 'chunked', 'Connection': 'keep-alive', 'X-Powered-By': 'Express', 'Access-Control-Allow-Origin': '*', 'Cache-Control': 'no-cache', 'ETag': 'W/"49c-lW3nqt23oYR7dl7+642BENagplw"', 'Vary': 'Accept-Encoding', 'Content-Encoding': 'gzip', 'CF-Cache-Status': 'DYNAMIC', 'Report-To': '{"endpoints":[{"url":"https:\\/\\/a.nel.cloudflare.com\\/report\\/v4?s=4rEzTFQiq70Dsd6D8QfuUPES5UMWDBM0kbUxYhvqQMPQzltcSY66hS4lE03rgW8v5Ndfm2RySShThu8Nm86fgWY4OyPZBDb0suku%2FC9%2BjDu8JrCG9irO6cOlwOE8RpLT"}],"group":"cf-nel","max_age":604800}', 'NEL': '{"success_fraction":0,"report_to":"cf-nel","max_age":604800}', 'Server': 'cloudflare', 'CF-RAY': '8811acef1fa349f4-ORD', 'alt-svc': 'h3=":443"; ma=86400'} 
 body={"results":[{"gender":"female","name":{"title":"Mrs","first":"Iracilda","last":"Martins"},"location":{"street":{"number":7221,"name":"Rua Paraná "},"city":"Cachoeiro de Itapemirim","state":"Minas Gerais","country":"Brazil","postcode":50156,"coordinates":{"latitude":"-78.1540","longitude":"74.4811"},"timezone":{"offset":"+5:45","description":"Kathmandu"}},"email":"iracilda.martins@example.com","login":{"uuid":"689cb727-7f4e-4126-a17f-88f74af4b6ed","username":"yellowleopard572","password":"jewels","salt":"9r6hiAkg","md5":"6a6364d7643ff486d7c3b980f4b32086","sha1":"2dd718c7727ec3551eeb4d6b022a88a03e9c7ed1","sha256":"1d4070614677f147e439ae8fb99253e89f831e5b33d9566e1ded1017ce0a3d7b"},"dob":{"date":"1998-03-02T09:07:32.257Z","age":26},"registered":{"date":"2011-10-23T04:35:13.580Z","age":12},"phone":"(69) 2748-8988","cell":"(75) 5149-8824","id":{"name":"CPF","value":"048.721.570-85"},"picture":{"large":"https://randomuser.me/api/portraits/women/27.jpg","medium":"https://randomuser.me/api/portraits/med/women/27.jpg","thumbnail":"https://randomuser.me/api/portraits/thumb/women/27.jpg"},"nat":"BR"}],"info":{"seed":"b3c414e4537232a6","results":1,"page":1,"version":"1.4"}} 
 </msg>
<msg time="2024-05-09T12:26:01.504661" level="INFO">/opt/hostedtoolcache/Python/3.12.3/x64/lib/python3.12/site-packages/urllib3/connectionpool.py:1103: InsecureRequestWarning: Unverified HTTPS request is being made to host 'randomuser.me'. Adding certificate verification is strongly advised. See: https://urllib3.readthedocs.io/en/latest/advanced-usage.html#tls-warnings
  warnings.warn(</msg>
<msg time="2024-05-09T12:26:01.504809" level="INFO">${response} = &lt;Response [200]&gt;</msg>
<var>${response}</var>
<arg>consultarAPI</arg>
<arg>/api</arg>
<doc>Sends a GET request on a previously created HTTP Session.</doc>
<status status="PASS" start="2024-05-09T12:26:01.419960" elapsed="0.084892"/>
</kw>
<kw name="Should Be Equal As Numbers" owner="BuiltIn">
<msg time="2024-05-09T12:26:01.506029" level="INFO">Argument types are:
&lt;class 'int'&gt;
&lt;class 'str'&gt;</msg>
<arg>${response.status_code}</arg>
<arg>200</arg>
<doc>Fails if objects are unequal after converting them to real numbers.</doc>
<status status="PASS" start="2024-05-09T12:26:01.505530" elapsed="0.000567"/>
</kw>
<kw name="Log" owner="BuiltIn">
<msg time="2024-05-09T12:26:01.506825" level="INFO">200</msg>
<arg>${response.status_code}</arg>
<doc>Logs the given message with the given level.</doc>
<status status="PASS" start="2024-05-09T12:26:01.506461" elapsed="0.000407"/>
</kw>
<kw name="Set Variable" owner="BuiltIn">
<msg time="2024-05-09T12:26:01.507681" level="INFO">${json_data} = {'results': [{'gender': 'female', 'name': {'title': 'Mrs', 'first': 'Iracilda', 'last': 'Martins'}, 'location': {'street': {'number': 7221, 'name': 'Rua Paraná '}, 'city': 'Cachoeiro de Itapemirim', '...</msg>
<var>${json_data}</var>
<arg>${response.json()}</arg>
<doc>Returns the given values which can then be assigned to a variables.</doc>
<status status="PASS" start="2024-05-09T12:26:01.507224" elapsed="0.000487"/>
</kw>
<kw name="Dictionary Should Contain Key" owner="Collections">
<msg time="2024-05-09T12:26:01.508196" level="INFO">False</msg>
<arg>${json_data}</arg>
<arg>results</arg>
<doc>Fails if ``key`` is not found from ``dictionary``.</doc>
<status status="PASS" start="2024-05-09T12:26:01.508024" elapsed="0.000213"/>
</kw>
<status status="PASS" start="2024-05-09T12:26:01.419705" elapsed="0.088790"/>
</kw>
<doc>Testa se a API responde corretamente e retorna um objeto JSON válido.</doc>
<tag>testeRequisicaoBasica</tag>
<status status="PASS" start="2024-05-09T12:26:01.419232" elapsed="0.089451"/>
</test>
<test id="s1-s1-t3" name="Validar estrutura de resposta" line="22">
<kw name="Teste de Estrutura de Resposta" owner="random-user-service">
<kw name="GET On Session" owner="RequestsLibrary">
<msg time="2024-05-09T12:26:01.611793" level="INFO">GET Request : url=https://randomuser.me/api 
 path_url=/api 
 headers={'User-Agent': 'python-requests/2.31.0', 'Accept-Encoding': 'gzip, deflate', 'Accept': '*/*', 'Connection': 'keep-alive'} 
 body=None 
 </msg>
<msg time="2024-05-09T12:26:01.611909" level="INFO">GET Response : url=https://randomuser.me/api 
 status=200, reason=OK 
 headers={'Date': 'Thu, 09 May 2024 12:26:01 GMT', 'Content-Type': 'application/json; charset=utf-8', 'Transfer-Encoding': 'chunked', 'Connection': 'keep-alive', 'X-Powered-By': 'Express', 'Access-Control-Allow-Origin': '*', 'Cache-Control': 'no-cache', 'ETag': 'W/"462-15KvENdOIi/Hsn0kJBA4AY2wdTc"', 'Vary': 'Accept-Encoding', 'Content-Encoding': 'gzip', 'CF-Cache-Status': 'DYNAMIC', 'Report-To': '{"endpoints":[{"url":"https:\\/\\/a.nel.cloudflare.com\\/report\\/v4?s=mw%2FWwOpahtC6GYos31VisvWBBLCYrM303p5TdoZkUSdtCMeiqYtgQuIqdVSi7lEVFH0cdYvnzDc8v%2FcPI9wUTdiZW5Pg1SciwE0STS2FPmHnet7i2zpLj6CGWS3TTUf4"}],"group":"cf-nel","max_age":604800}', 'NEL': '{"success_fraction":0,"report_to":"cf-nel","max_age":604800}', 'Server': 'cloudflare', 'CF-RAY': '8811acef780949f4-ORD', 'alt-svc': 'h3=":443"; ma=86400'} 
 body={"results":[{"gender":"male","name":{"title":"Mr","first":"Kamil","last":"Olaussen"},"location":{"street":{"number":7060,"name":"Askekroken"},"city":"Skien","state":"Vestfold","country":"Norway","postcode":"3407","coordinates":{"latitude":"45.5278","longitude":"-179.5311"},"timezone":{"offset":"-10:00","description":"Hawaii"}},"email":"kamil.olaussen@example.com","login":{"uuid":"7a1b0bf8-ebe7-400c-b8f4-d0713a359fbd","username":"yellowfish859","password":"kiteboy","salt":"3S6BbbX0","md5":"765d10c8251ef3446fcce431319c2e66","sha1":"7a59a95c3da2b2460b9c52a7881f36452b143caa","sha256":"ad44224762efd793a191ac3893fc3a8731791fbd1cc652788ae0941b34308c4f"},"dob":{"date":"1946-07-27T03:16:24.266Z","age":77},"registered":{"date":"2011-10-10T06:56:31.915Z","age":12},"phone":"36136978","cell":"90195164","id":{"name":"FN","value":"27074614391"},"picture":{"large":"https://randomuser.me/api/portraits/men/6.jpg","medium":"https://randomuser.me/api/portraits/med/men/6.jpg","thumbnail":"https://randomuser.me/api/portraits/thumb/men/6.jpg"},"nat":"NO"}],"info":{"seed":"7d9510e3a12f14cd","results":1,"page":1,"version":"1.4"}} 
 </msg>
<msg time="2024-05-09T12:26:01.612052" level="INFO">/opt/hostedtoolcache/Python/3.12.3/x64/lib/python3.12/site-packages/urllib3/connectionpool.py:1103: InsecureRequestWarning: Unverified HTTPS request is being made to host 'randomuser.me'. Adding certificate verification is strongly advised. See: https://urllib3.readthedocs.io/en/latest/advanced-usage.html#tls-warnings
  warnings.warn(</msg>
<msg time="2024-05-09T12:26:01.612202" level="INFO">${response} = &lt;Response [200]&gt;</msg>
<var>${response}</var>
<arg>consultarAPI</arg>
<arg>/api</arg>
<doc>Sends a GET request on a previously created HTTP Session.</doc>
<status status="PASS" start="2024-05-09T12:26:01.511350" elapsed="0.100893"/>
</kw>
<kw name="Set Variable" owner="BuiltIn">
<msg time="2024-05-09T12:26:01.613471" level="INFO">${json_data} = {'results': [{'gender': 'male', 'name': {'title': 'Mr', 'first': 'Kamil', 'last': 'Olaussen'}, 'location': {'street': {'number': 7060, 'name': 'Askekroken'}, 'city': 'Skien', 'state': 'Vestfold', 'cou...</msg>
<var>${json_data}</var>
<arg>${response.json()}</arg>
<doc>Returns the given values which can then be assigned to a variables.</doc>
<status status="PASS" start="2024-05-09T12:26:01.612894" elapsed="0.000607"/>
</kw>
<kw name="Log" owner="BuiltIn">
<msg time="2024-05-09T12:26:01.613980" level="INFO">{'results': [{'gender': 'male', 'name': {'title': 'Mr', 'first': 'Kamil', 'last': 'Olaussen'}, 'location': {'street': {'number': 7060, 'name': 'Askekroken'}, 'city': 'Skien', 'state': 'Vestfold', 'country': 'Norway', 'postcode': '3407', 'coordinates': {'latitude': '45.5278', 'longitude': '-179.5311'}, 'timezone': {'offset': '-10:00', 'description': 'Hawaii'}}, 'email': 'kamil.olaussen@example.com', 'login': {'uuid': '7a1b0bf8-ebe7-400c-b8f4-d0713a359fbd', 'username': 'yellowfish859', 'password': 'kiteboy', 'salt': '3S6BbbX0', 'md5': '765d10c8251ef3446fcce431319c2e66', 'sha1': '7a59a95c3da2b2460b9c52a7881f36452b143caa', 'sha256': 'ad44224762efd793a191ac3893fc3a8731791fbd1cc652788ae0941b34308c4f'}, 'dob': {'date': '1946-07-27T03:16:24.266Z', 'age': 77}, 'registered': {'date': '2011-10-10T06:56:31.915Z', 'age': 12}, 'phone': '36136978', 'cell': '90195164', 'id': {'name': 'FN', 'value': '27074614391'}, 'picture': {'large': 'https://randomuser.me/api/portraits/men/6.jpg', 'medium': 'https://randomuser.me/api/portraits/med/men/6.jpg', 'thumbnail': 'https://randomuser.me/api/portraits/thumb/men/6.jpg'}, 'nat': 'NO'}], 'info': {'seed': '7d9510e3a12f14cd', 'results': 1, 'page': 1, 'version': '1.4'}}</msg>
<arg>${json_data}</arg>
<doc>Logs the given message with the given level.</doc>
<status status="PASS" start="2024-05-09T12:26:01.613816" elapsed="0.000213"/>
</kw>
<kw name="Dictionary Should Contain Key" owner="Collections">
<msg time="2024-05-09T12:26:01.614484" level="INFO">False</msg>
<arg>${json_data}</arg>
<arg>results</arg>
<doc>Fails if ``key`` is not found from ``dictionary``.</doc>
<status status="PASS" start="2024-05-09T12:26:01.614327" elapsed="0.000194"/>
</kw>
<kw name="Should Not Be Empty" owner="BuiltIn">
<msg time="2024-05-09T12:26:01.614942" level="INFO">Length is 2.</msg>
<arg>${json_data}</arg>
<doc>Verifies that the given item is not empty.</doc>
<status status="PASS" start="2024-05-09T12:26:01.614811" elapsed="0.000210"/>
</kw>
<kw name="Create List" owner="BuiltIn">
<msg time="2024-05-09T12:26:01.615647" level="INFO">${expected_keys} = ['gender', 'name', 'location', 'email', 'login']</msg>
<var>${expected_keys}</var>
<arg>gender</arg>
<arg>name</arg>
<arg>location</arg>
<arg>email</arg>
<arg>login</arg>
<doc>Returns a list containing given items.</doc>
<status status="PASS" start="2024-05-09T12:26:01.615333" elapsed="0.000339"/>
</kw>
<for flavor="IN">
<iter>
<kw name="Dictionary Should Contain Key" owner="Collections">
<msg time="2024-05-09T12:26:01.616686" level="INFO">False</msg>
<arg>${json_data['results'][0]}</arg>
<arg>${key}</arg>
<doc>Fails if ``key`` is not found from ``dictionary``.</doc>
<status status="PASS" start="2024-05-09T12:26:01.616283" elapsed="0.000442"/>
</kw>
<kw name="Log" owner="BuiltIn">
<msg time="2024-05-09T12:26:01.617413" level="INFO">{'gender': 'male', 'name': {'title': 'Mr', 'first': 'Kamil', 'last': 'Olaussen'}, 'location': {'street': {'number': 7060, 'name': 'Askekroken'}, 'city': 'Skien', 'state': 'Vestfold', 'country': 'Norway', 'postcode': '3407', 'coordinates': {'latitude': '45.5278', 'longitude': '-179.5311'}, 'timezone': {'offset': '-10:00', 'description': 'Hawaii'}}, 'email': 'kamil.olaussen@example.com', 'login': {'uuid': '7a1b0bf8-ebe7-400c-b8f4-d0713a359fbd', 'username': 'yellowfish859', 'password': 'kiteboy', 'salt': '3S6BbbX0', 'md5': '765d10c8251ef3446fcce431319c2e66', 'sha1': '7a59a95c3da2b2460b9c52a7881f36452b143caa', 'sha256': 'ad44224762efd793a191ac3893fc3a8731791fbd1cc652788ae0941b34308c4f'}, 'dob': {'date': '1946-07-27T03:16:24.266Z', 'age': 77}, 'registered': {'date': '2011-10-10T06:56:31.915Z', 'age': 12}, 'phone': '36136978', 'cell': '90195164', 'id': {'name': 'FN', 'value': '27074614391'}, 'picture': {'large': 'https://randomuser.me/api/portraits/men/6.jpg', 'medium': 'https://randomuser.me/api/portraits/med/men/6.jpg', 'thumbnail': 'https://randomuser.me/api/portraits/thumb/men/6.jpg'}, 'nat': 'NO'}</msg>
<arg>${json_data['results'][0]}</arg>
<doc>Logs the given message with the given level.</doc>
<status status="PASS" start="2024-05-09T12:26:01.617044" elapsed="0.000422"/>
</kw>
<kw name="Log" owner="BuiltIn">
<msg time="2024-05-09T12:26:01.617896" level="INFO">gender</msg>
<arg>${key}</arg>
<doc>Logs the given message with the given level.</doc>
<status status="PASS" start="2024-05-09T12:26:01.617766" elapsed="0.000168"/>
</kw>
<var name="${key}">gender</var>
<status status="PASS" start="2024-05-09T12:26:01.616150" elapsed="0.002008"/>
</iter>
<iter>
<kw name="Dictionary Should Contain Key" owner="Collections">
<msg time="2024-05-09T12:26:01.618854" level="INFO">False</msg>
<arg>${json_data['results'][0]}</arg>
<arg>${key}</arg>
<doc>Fails if ``key`` is not found from ``dictionary``.</doc>
<status status="PASS" start="2024-05-09T12:26:01.618463" elapsed="0.000430"/>
</kw>
<kw name="Log" owner="BuiltIn">
<msg time="2024-05-09T12:26:01.619624" level="INFO">{'gender': 'male', 'name': {'title': 'Mr', 'first': 'Kamil', 'last': 'Olaussen'}, 'location': {'street': {'number': 7060, 'name': 'Askekroken'}, 'city': 'Skien', 'state': 'Vestfold', 'country': 'Norway', 'postcode': '3407', 'coordinates': {'latitude': '45.5278', 'longitude': '-179.5311'}, 'timezone': {'offset': '-10:00', 'description': 'Hawaii'}}, 'email': 'kamil.olaussen@example.com', 'login': {'uuid': '7a1b0bf8-ebe7-400c-b8f4-d0713a359fbd', 'username': 'yellowfish859', 'password': 'kiteboy', 'salt': '3S6BbbX0', 'md5': '765d10c8251ef3446fcce431319c2e66', 'sha1': '7a59a95c3da2b2460b9c52a7881f36452b143caa', 'sha256': 'ad44224762efd793a191ac3893fc3a8731791fbd1cc652788ae0941b34308c4f'}, 'dob': {'date': '1946-07-27T03:16:24.266Z', 'age': 77}, 'registered': {'date': '2011-10-10T06:56:31.915Z', 'age': 12}, 'phone': '36136978', 'cell': '90195164', 'id': {'name': 'FN', 'value': '27074614391'}, 'picture': {'large': 'https://randomuser.me/api/portraits/men/6.jpg', 'medium': 'https://randomuser.me/api/portraits/med/men/6.jpg', 'thumbnail': 'https://randomuser.me/api/portraits/thumb/men/6.jpg'}, 'nat': 'NO'}</msg>
<arg>${json_data['results'][0]}</arg>
<doc>Logs the given message with the given level.</doc>
<status status="PASS" start="2024-05-09T12:26:01.619224" elapsed="0.000449"/>
</kw>
<kw name="Log" owner="BuiltIn">
<msg time="2024-05-09T12:26:01.620103" level="INFO">name</msg>
<arg>${key}</arg>
<doc>Logs the given message with the given level.</doc>
<status status="PASS" start="2024-05-09T12:26:01.619974" elapsed="0.000166"/>
</kw>
<var name="${key}">name</var>
<status status="PASS" start="2024-05-09T12:26:01.618345" elapsed="0.002009"/>
</iter>
<iter>
<kw name="Dictionary Should Contain Key" owner="Collections">
<msg time="2024-05-09T12:26:01.621027" level="INFO">False</msg>
<arg>${json_data['results'][0]}</arg>
<arg>${key}</arg>
<doc>Fails if ``key`` is not found from ``dictionary``.</doc>
<status status="PASS" start="2024-05-09T12:26:01.620646" elapsed="0.000419"/>
</kw>
<kw name="Log" owner="BuiltIn">
<msg time="2024-05-09T12:26:01.621721" level="INFO">{'gender': 'male', 'name': {'title': 'Mr', 'first': 'Kamil', 'last': 'Olaussen'}, 'location': {'street': {'number': 7060, 'name': 'Askekroken'}, 'city': 'Skien', 'state': 'Vestfold', 'country': 'Norway', 'postcode': '3407', 'coordinates': {'latitude': '45.5278', 'longitude': '-179.5311'}, 'timezone': {'offset': '-10:00', 'description': 'Hawaii'}}, 'email': 'kamil.olaussen@example.com', 'login': {'uuid': '7a1b0bf8-ebe7-400c-b8f4-d0713a359fbd', 'username': 'yellowfish859', 'password': 'kiteboy', 'salt': '3S6BbbX0', 'md5': '765d10c8251ef3446fcce431319c2e66', 'sha1': '7a59a95c3da2b2460b9c52a7881f36452b143caa', 'sha256': 'ad44224762efd793a191ac3893fc3a8731791fbd1cc652788ae0941b34308c4f'}, 'dob': {'date': '1946-07-27T03:16:24.266Z', 'age': 77}, 'registered': {'date': '2011-10-10T06:56:31.915Z', 'age': 12}, 'phone': '36136978', 'cell': '90195164', 'id': {'name': 'FN', 'value': '27074614391'}, 'picture': {'large': 'https://randomuser.me/api/portraits/men/6.jpg', 'medium': 'https://randomuser.me/api/portraits/med/men/6.jpg', 'thumbnail': 'https://randomuser.me/api/portraits/thumb/men/6.jpg'}, 'nat': 'NO'}</msg>
<arg>${json_data['results'][0]}</arg>
<doc>Logs the given message with the given level.</doc>
<status status="PASS" start="2024-05-09T12:26:01.621364" elapsed="0.000404"/>
</kw>
<kw name="Log" owner="BuiltIn">
<msg time="2024-05-09T12:26:01.622191" level="INFO">location</msg>
<arg>${key}</arg>
<doc>Logs the given message with the given level.</doc>
<status status="PASS" start="2024-05-09T12:26:01.622064" elapsed="0.000164"/>
</kw>
<var name="${key}">location</var>
<status status="PASS" start="2024-05-09T12:26:01.620532" elapsed="0.001910"/>
</iter>
<iter>
<kw name="Dictionary Should Contain Key" owner="Collections">
<msg time="2024-05-09T12:26:01.623155" level="INFO">False</msg>
<arg>${json_data['results'][0]}</arg>
<arg>${key}</arg>
<doc>Fails if ``key`` is not found from ``dictionary``.</doc>
<status status="PASS" start="2024-05-09T12:26:01.622731" elapsed="0.000463"/>
</kw>
<kw name="Log" owner="BuiltIn">
<msg time="2024-05-09T12:26:01.624032" level="INFO">{'gender': 'male', 'name': {'title': 'Mr', 'first': 'Kamil', 'last': 'Olaussen'}, 'location': {'street': {'number': 7060, 'name': 'Askekroken'}, 'city': 'Skien', 'state': 'Vestfold', 'country': 'Norway', 'postcode': '3407', 'coordinates': {'latitude': '45.5278', 'longitude': '-179.5311'}, 'timezone': {'offset': '-10:00', 'description': 'Hawaii'}}, 'email': 'kamil.olaussen@example.com', 'login': {'uuid': '7a1b0bf8-ebe7-400c-b8f4-d0713a359fbd', 'username': 'yellowfish859', 'password': 'kiteboy', 'salt': '3S6BbbX0', 'md5': '765d10c8251ef3446fcce431319c2e66', 'sha1': '7a59a95c3da2b2460b9c52a7881f36452b143caa', 'sha256': 'ad44224762efd793a191ac3893fc3a8731791fbd1cc652788ae0941b34308c4f'}, 'dob': {'date': '1946-07-27T03:16:24.266Z', 'age': 77}, 'registered': {'date': '2011-10-10T06:56:31.915Z', 'age': 12}, 'phone': '36136978', 'cell': '90195164', 'id': {'name': 'FN', 'value': '27074614391'}, 'picture': {'large': 'https://randomuser.me/api/portraits/men/6.jpg', 'medium': 'https://randomuser.me/api/portraits/med/men/6.jpg', 'thumbnail': 'https://randomuser.me/api/portraits/thumb/men/6.jpg'}, 'nat': 'NO'}</msg>
<arg>${json_data['results'][0]}</arg>
<doc>Logs the given message with the given level.</doc>
<status status="PASS" start="2024-05-09T12:26:01.623498" elapsed="0.000585"/>
</kw>
<kw name="Log" owner="BuiltIn">
<msg time="2024-05-09T12:26:01.624522" level="INFO">email</msg>
<arg>${key}</arg>
<doc>Logs the given message with the given level.</doc>
<status status="PASS" start="2024-05-09T12:26:01.624391" elapsed="0.000168"/>
</kw>
<var name="${key}">email</var>
<status status="PASS" start="2024-05-09T12:26:01.622617" elapsed="0.002165"/>
</iter>
<iter>
<kw name="Dictionary Should Contain Key" owner="Collections">
<msg time="2024-05-09T12:26:01.625461" level="INFO">False</msg>
<arg>${json_data['results'][0]}</arg>
<arg>${key}</arg>
<doc>Fails if ``key`` is not found from ``dictionary``.</doc>
<status status="PASS" start="2024-05-09T12:26:01.625071" elapsed="0.000427"/>
</kw>
<kw name="Log" owner="BuiltIn">
<msg time="2024-05-09T12:26:01.626174" level="INFO">{'gender': 'male', 'name': {'title': 'Mr', 'first': 'Kamil', 'last': 'Olaussen'}, 'location': {'street': {'number': 7060, 'name': 'Askekroken'}, 'city': 'Skien', 'state': 'Vestfold', 'country': 'Norway', 'postcode': '3407', 'coordinates': {'latitude': '45.5278', 'longitude': '-179.5311'}, 'timezone': {'offset': '-10:00', 'description': 'Hawaii'}}, 'email': 'kamil.olaussen@example.com', 'login': {'uuid': '7a1b0bf8-ebe7-400c-b8f4-d0713a359fbd', 'username': 'yellowfish859', 'password': 'kiteboy', 'salt': '3S6BbbX0', 'md5': '765d10c8251ef3446fcce431319c2e66', 'sha1': '7a59a95c3da2b2460b9c52a7881f36452b143caa', 'sha256': 'ad44224762efd793a191ac3893fc3a8731791fbd1cc652788ae0941b34308c4f'}, 'dob': {'date': '1946-07-27T03:16:24.266Z', 'age': 77}, 'registered': {'date': '2011-10-10T06:56:31.915Z', 'age': 12}, 'phone': '36136978', 'cell': '90195164', 'id': {'name': 'FN', 'value': '27074614391'}, 'picture': {'large': 'https://randomuser.me/api/portraits/men/6.jpg', 'medium': 'https://randomuser.me/api/portraits/med/men/6.jpg', 'thumbnail': 'https://randomuser.me/api/portraits/thumb/men/6.jpg'}, 'nat': 'NO'}</msg>
<arg>${json_data['results'][0]}</arg>
<doc>Logs the given message with the given level.</doc>
<status status="PASS" start="2024-05-09T12:26:01.625797" elapsed="0.000423"/>
</kw>
<kw name="Log" owner="BuiltIn">
<msg time="2024-05-09T12:26:01.626648" level="INFO">login</msg>
<arg>${key}</arg>
<doc>Logs the given message with the given level.</doc>
<status status="PASS" start="2024-05-09T12:26:01.626521" elapsed="0.000165"/>
</kw>
<var name="${key}">login</var>
<status status="PASS" start="2024-05-09T12:26:01.624957" elapsed="0.001945"/>
</iter>
<var>${key}</var>
<value>@{expected_keys}</value>
<status status="PASS" start="2024-05-09T12:26:01.615946" elapsed="0.011115"/>
</for>
<kw name="Create List" owner="BuiltIn">
<msg time="2024-05-09T12:26:01.627434" level="INFO">${expected_keysTwo} = ['username', 'password']</msg>
<var>${expected_keysTwo}</var>
<arg>username</arg>
<arg>password</arg>
<doc>Returns a list containing given items.</doc>
<status status="PASS" start="2024-05-09T12:26:01.627261" elapsed="0.000197"/>
</kw>
<for flavor="IN">
<iter>
<kw name="Dictionary Should Contain Key" owner="Collections">
<msg time="2024-05-09T12:26:01.628352" level="INFO">False</msg>
<arg>${json_data['results'][0]['login']}</arg>
<arg>${keyTwo}</arg>
<doc>Fails if ``key`` is not found from ``dictionary``.</doc>
<status status="PASS" start="2024-05-09T12:26:01.627962" elapsed="0.000428"/>
</kw>
<kw name="Dictionary Should Contain Key" owner="Collections">
<msg time="2024-05-09T12:26:01.629072" level="INFO">False</msg>
<arg>${json_data['results'][0]['login']}</arg>
<arg>${keyTwo}</arg>
<doc>Fails if ``key`` is not found from ``dictionary``.</doc>
<status status="PASS" start="2024-05-09T12:26:01.628682" elapsed="0.000430"/>
</kw>
<kw name="Log" owner="BuiltIn">
<msg time="2024-05-09T12:26:01.629546" level="INFO">username</msg>
<arg>${keyTwo}</arg>
<doc>Logs the given message with the given level.</doc>
<status status="PASS" start="2024-05-09T12:26:01.629417" elapsed="0.000175"/>
</kw>
<var name="${keyTwo}">username</var>
<status status="PASS" start="2024-05-09T12:26:01.627851" elapsed="0.001962"/>
</iter>
<iter>
<kw name="Dictionary Should Contain Key" owner="Collections">
<msg time="2024-05-09T12:26:01.630495" level="INFO">False</msg>
<arg>${json_data['results'][0]['login']}</arg>
<arg>${keyTwo}</arg>
<doc>Fails if ``key`` is not found from ``dictionary``.</doc>
<status status="PASS" start="2024-05-09T12:26:01.630104" elapsed="0.000428"/>
</kw>
<kw name="Dictionary Should Contain Key" owner="Collections">
<msg time="2024-05-09T12:26:01.631331" level="INFO">False</msg>
<arg>${json_data['results'][0]['login']}</arg>
<arg>${keyTwo}</arg>
<doc>Fails if ``key`` is not found from ``dictionary``.</doc>
<status status="PASS" start="2024-05-09T12:26:01.630829" elapsed="0.000542"/>
</kw>
<kw name="Log" owner="BuiltIn">
<msg time="2024-05-09T12:26:01.631797" level="INFO">password</msg>
<arg>${keyTwo}</arg>
<doc>Logs the given message with the given level.</doc>
<status status="PASS" start="2024-05-09T12:26:01.631668" elapsed="0.000166"/>
</kw>
<var name="${keyTwo}">password</var>
<status status="PASS" start="2024-05-09T12:26:01.629992" elapsed="0.002060"/>
</iter>
<var>${keyTwo}</var>
<value>@{expected_keysTwo}</value>
<status status="PASS" start="2024-05-09T12:26:01.627696" elapsed="0.004478"/>
</for>
<status status="PASS" start="2024-05-09T12:26:01.511102" elapsed="0.121216"/>
</kw>
<doc>Testa a estrutura da resposta da API.</doc>
<tag>testeEstruturaResposta</tag>
<status status="PASS" start="2024-05-09T12:26:01.510567" elapsed="0.121912"/>
</test>
<test id="s1-s1-t4" name="Validar tipos de dados" line="28">
<kw name="Teste de Tipos de Dados" owner="random-user-service">
<kw name="GET On Session" owner="RequestsLibrary">
<msg time="2024-05-09T12:26:01.727979" level="INFO">GET Request : url=https://randomuser.me/api 
 path_url=/api 
 headers={'User-Agent': 'python-requests/2.31.0', 'Accept-Encoding': 'gzip, deflate', 'Accept': '*/*', 'Connection': 'keep-alive'} 
 body=None 
 </msg>
<msg time="2024-05-09T12:26:01.728078" level="INFO">GET Response : url=https://randomuser.me/api 
 status=200, reason=OK 
 headers={'Date': 'Thu, 09 May 2024 12:26:01 GMT', 'Content-Type': 'application/json; charset=utf-8', 'Transfer-Encoding': 'chunked', 'Connection': 'keep-alive', 'X-Powered-By': 'Express', 'Access-Control-Allow-Origin': '*', 'Cache-Control': 'no-cache', 'ETag': 'W/"46b-0wnCcSg3WMQMnaZvWmHqL+yKBfg"', 'Vary': 'Accept-Encoding', 'Content-Encoding': 'gzip', 'CF-Cache-Status': 'DYNAMIC', 'Report-To': '{"endpoints":[{"url":"https:\\/\\/a.nel.cloudflare.com\\/report\\/v4?s=bGGzT7VAXZICi%2BELrnlgEw4eNOTywjFFdCs8O19jQ83%2F4xw8iNoprxAC5JBeIUXTEqT85YHV1Szfx5EsBkGiKiz7zixmB7q%2F1RpduuLi1gJbBE0fcQWfALlyVdljgE6%2F"}],"group":"cf-nel","max_age":604800}', 'NEL': '{"success_fraction":0,"report_to":"cf-nel","max_age":604800}', 'Server': 'cloudflare', 'CF-RAY': '8811acf038b549f4-ORD', 'alt-svc': 'h3=":443"; ma=86400'} 
 body={"results":[{"gender":"female","name":{"title":"Miss","first":"Sedef","last":"Adal"},"location":{"street":{"number":6922,"name":"Necatibey Cd"},"city":"Erzincan","state":"Zonguldak","country":"Turkey","postcode":31513,"coordinates":{"latitude":"67.8815","longitude":"53.1709"},"timezone":{"offset":"-3:30","description":"Newfoundland"}},"email":"sedef.adal@example.com","login":{"uuid":"e035b84d-36ad-4df3-a872-7eb9ede0872e","username":"bigkoala918","password":"jason","salt":"AQZZ0nNF","md5":"59619aa7a2cf4cb14e0cbee67fbdefdf","sha1":"d628142a5367652dc41709436c72f164bc846a84","sha256":"13fc42a0cff92297e8364597ca53a3eefd7d30582e4932e9efc3f35cb8655649"},"dob":{"date":"1985-05-14T20:02:36.874Z","age":38},"registered":{"date":"2014-09-03T23:19:48.874Z","age":9},"phone":"(890)-541-9843","cell":"(669)-513-3596","id":{"name":"","value":null},"picture":{"large":"https://randomuser.me/api/portraits/women/89.jpg","medium":"https://randomuser.me/api/portraits/med/women/89.jpg","thumbnail":"https://randomuser.me/api/portraits/thumb/women/89.jpg"},"nat":"TR"}],"info":{"seed":"09f6dc3a434cb569","results":1,"page":1,"version":"1.4"}} 
 </msg>
<msg time="2024-05-09T12:26:01.728148" level="INFO">/opt/hostedtoolcache/Python/3.12.3/x64/lib/python3.12/site-packages/urllib3/connectionpool.py:1103: InsecureRequestWarning: Unverified HTTPS request is being made to host 'randomuser.me'. Adding certificate verification is strongly advised. See: https://urllib3.readthedocs.io/en/latest/advanced-usage.html#tls-warnings
  warnings.warn(</msg>
<msg time="2024-05-09T12:26:01.728276" level="INFO">${response} = &lt;Response [200]&gt;</msg>
<var>${response}</var>
<arg>consultarAPI</arg>
<arg>/api</arg>
<doc>Sends a GET request on a previously created HTTP Session.</doc>
<status status="PASS" start="2024-05-09T12:26:01.635106" elapsed="0.093209"/>
</kw>
<kw name="Set Variable" owner="BuiltIn">
<msg time="2024-05-09T12:26:01.729497" level="INFO">${json_data} = {'results': [{'gender': 'female', 'name': {'title': 'Miss', 'first': 'Sedef', 'last': 'Adal'}, 'location': {'street': {'number': 6922, 'name': 'Necatibey Cd'}, 'city': 'Erzincan', 'state': 'Zonguldak'...</msg>
<var>${json_data}</var>
<arg>${response.json()}</arg>
<doc>Returns the given values which can then be assigned to a variables.</doc>
<status status="PASS" start="2024-05-09T12:26:01.728949" elapsed="0.000577"/>
</kw>
<kw name="Log" owner="BuiltIn">
<msg time="2024-05-09T12:26:01.730016" level="INFO">{'results': [{'gender': 'female', 'name': {'title': 'Miss', 'first': 'Sedef', 'last': 'Adal'}, 'location': {'street': {'number': 6922, 'name': 'Necatibey Cd'}, 'city': 'Erzincan', 'state': 'Zonguldak', 'country': 'Turkey', 'postcode': 31513, 'coordinates': {'latitude': '67.8815', 'longitude': '53.1709'}, 'timezone': {'offset': '-3:30', 'description': 'Newfoundland'}}, 'email': 'sedef.adal@example.com', 'login': {'uuid': 'e035b84d-36ad-4df3-a872-7eb9ede0872e', 'username': 'bigkoala918', 'password': 'jason', 'salt': 'AQZZ0nNF', 'md5': '59619aa7a2cf4cb14e0cbee67fbdefdf', 'sha1': 'd628142a5367652dc41709436c72f164bc846a84', 'sha256': '13fc42a0cff92297e8364597ca53a3eefd7d30582e4932e9efc3f35cb8655649'}, 'dob': {'date': '1985-05-14T20:02:36.874Z', 'age': 38}, 'registered': {'date': '2014-09-03T23:19:48.874Z', 'age': 9}, 'phone': '(890)-541-9843', 'cell': '(669)-513-3596', 'id': {'name': '', 'value': None}, 'picture': {'large': 'https://randomuser.me/api/portraits/women/89.jpg', 'medium': 'https://randomuser.me/api/portraits/med/women/89.jpg', 'thumbnail': 'https://randomuser.me/api/portraits/thumb/women/89.jpg'}, 'nat': 'TR'}], 'info': {'seed': '09f6dc3a434cb569', 'results': 1, 'page': 1, 'version': '1.4'}}</msg>
<arg>${json_data}</arg>
<doc>Logs the given message with the given level.</doc>
<status status="PASS" start="2024-05-09T12:26:01.729848" elapsed="0.000217"/>
</kw>
<kw name="Should Be String" owner="String">
<arg>${json_data['results'][0]['gender']}</arg>
<doc>Fails if the given ``item`` is not a string.</doc>
<status status="PASS" start="2024-05-09T12:26:01.730365" elapsed="0.000374"/>
</kw>
<kw name="Should Match Regexp" owner="BuiltIn">
<arg>${json_data['results'][0]['email']}</arg>
<arg>^[a-zA-Z0-9._%+-]+@[a-zA-Z0-9.-]+\.[a-zA-Z]{2,}$</arg>
<doc>Fails if ``string`` does not match ``pattern`` as a regular expression.</doc>
<status status="PASS" start="2024-05-09T12:26:01.731011" elapsed="0.000537"/>
</kw>
<kw name="Should Match Regexp" owner="BuiltIn">
<arg>${json_data['results'][0]['dob']['date']}</arg>
<arg>\\d{4}-\\d{2}-\\d{2}T\\d{2}:\\d{2}:\\d{2}\\.\\d{3}Z</arg>
<doc>Fails if ``string`` does not match ``pattern`` as a regular expression.</doc>
<status status="PASS" start="2024-05-09T12:26:01.731751" elapsed="0.000495"/>
</kw>
<kw name="Should Match Regexp" owner="BuiltIn">
<arg>${json_data['results'][0]['registered']['date']}</arg>
<arg>\\d{4}-\\d{2}-\\d{2}T\\d{2}:\\d{2}:\\d{2}\\.\\d{3}Z</arg>
<doc>Fails if ``string`` does not match ``pattern`` as a regular expression.</doc>
<status status="PASS" start="2024-05-09T12:26:01.732443" elapsed="0.000382"/>
</kw>
<kw name="Should Match Regexp" owner="BuiltIn">
<arg>${json_data['results'][0]['picture']['large']}</arg>
<arg>^https?://.*\.(?:png|jpe?g|gif|bmp)$</arg>
<doc>Fails if ``string`` does not match ``pattern`` as a regular expression.</doc>
<status status="PASS" start="2024-05-09T12:26:01.733015" elapsed="0.000462"/>
</kw>
<kw name="Should Match Regexp" owner="BuiltIn">
<arg>${json_data['results'][0]['picture']['medium']}</arg>
<arg>^https?://.*\.(?:png|jpe?g|gif|bmp)$</arg>
<doc>Fails if ``string`` does not match ``pattern`` as a regular expression.</doc>
<status status="PASS" start="2024-05-09T12:26:01.733675" elapsed="0.000368"/>
</kw>
<kw name="Should Match Regexp" owner="BuiltIn">
<arg>${json_data['results'][0]['picture']['thumbnail']}</arg>
<arg>^https?://.*\.(?:png|jpe?g|gif|bmp)$</arg>
<doc>Fails if ``string`` does not match ``pattern`` as a regular expression.</doc>
<status status="PASS" start="2024-05-09T12:26:01.734238" elapsed="0.000365"/>
</kw>
<kw name="Log" owner="BuiltIn">
<msg time="2024-05-09T12:26:01.735161" level="INFO">{'large': 'https://randomuser.me/api/portraits/women/89.jpg', 'medium': 'https://randomuser.me/api/portraits/med/women/89.jpg', 'thumbnail': 'https://randomuser.me/api/portraits/thumb/women/89.jpg'}</msg>
<arg>${json_data['results'][0]['picture']}</arg>
<doc>Logs the given message with the given level.</doc>
<status status="PASS" start="2024-05-09T12:26:01.734787" elapsed="0.000417"/>
</kw>
<status status="PASS" start="2024-05-09T12:26:01.634835" elapsed="0.100632"/>
</kw>
<kw name="Teste de Tipos de Dados - Postcode" owner="random-user-service">
<kw name="GET On Session" owner="RequestsLibrary">
<msg time="2024-05-09T12:26:01.819795" level="INFO">GET Request : url=https://randomuser.me/api 
 path_url=/api 
 headers={'User-Agent': 'python-requests/2.31.0', 'Accept-Encoding': 'gzip, deflate', 'Accept': '*/*', 'Connection': 'keep-alive'} 
 body=None 
 </msg>
<msg time="2024-05-09T12:26:01.819897" level="INFO">GET Response : url=https://randomuser.me/api 
 status=200, reason=OK 
 headers={'Date': 'Thu, 09 May 2024 12:26:01 GMT', 'Content-Type': 'application/json; charset=utf-8', 'Transfer-Encoding': 'chunked', 'Connection': 'keep-alive', 'X-Powered-By': 'Express', 'Access-Control-Allow-Origin': '*', 'Cache-Control': 'no-cache', 'ETag': 'W/"497-JXiBJhzMUXsQT5z+rWtbyvhAvAM"', 'Vary': 'Accept-Encoding', 'Content-Encoding': 'gzip', 'CF-Cache-Status': 'DYNAMIC', 'Report-To': '{"endpoints":[{"url":"https:\\/\\/a.nel.cloudflare.com\\/report\\/v4?s=4nj1VsYAPGnToAyOV4Ov%2Flxb4QEoRYt9eiqsgWcApCB2MNjc1uz5HYWBz7%2BoaDPi7xvgrAzTOvdJT0usfuus9o%2Fz7BgoL5qaLgYXjrtaKxabAmb%2FmStBw8DtYXL%2Fkyeh"}],"group":"cf-nel","max_age":604800}', 'NEL': '{"success_fraction":0,"report_to":"cf-nel","max_age":604800}', 'Server': 'cloudflare', 'CF-RAY': '8811acf0d95349f4-ORD', 'alt-svc': 'h3=":443"; ma=86400'} 
 body={"results":[{"gender":"male","name":{"title":"Mr","first":"آراد","last":"موسوی"},"location":{"street":{"number":9700,"name":"مقدس اردبیلی"},"city":"ملارد","state":"کرمانشاه","country":"Iran","postcode":30257,"coordinates":{"latitude":"20.0774","longitude":"-98.5610"},"timezone":{"offset":"+9:00","description":"Tokyo, Seoul, Osaka, Sapporo, Yakutsk"}},"email":"ard.mwswy@example.com","login":{"uuid":"0aef9bd3-adc7-4b91-a602-cdeefa4eabc2","username":"beautifuldog822","password":"gabber","salt":"N2XESJhO","md5":"4488e4fe9a2d36e99ac08b85fdd8cb53","sha1":"2e1328b98ab7a7500940f7df286050fdab5bd05c","sha256":"9e9142a1a5fa8ef77f0b69721ad615a508381aa57c4905877214845054dfc7e4"},"dob":{"date":"1991-01-30T16:59:32.836Z","age":33},"registered":{"date":"2020-01-26T15:28:18.418Z","age":4},"phone":"096-28677141","cell":"0998-446-4895","id":{"name":"","value":null},"picture":{"large":"https://randomuser.me/api/portraits/men/93.jpg","medium":"https://randomuser.me/api/portraits/med/men/93.jpg","thumbnail":"https://randomuser.me/api/portraits/thumb/men/93.jpg"},"nat":"IR"}],"info":{"seed":"9d5f27bc4714bcd2","results":1,"page":1,"version":"1.4"}} 
 </msg>
<msg time="2024-05-09T12:26:01.819970" level="INFO">/opt/hostedtoolcache/Python/3.12.3/x64/lib/python3.12/site-packages/urllib3/connectionpool.py:1103: InsecureRequestWarning: Unverified HTTPS request is being made to host 'randomuser.me'. Adding certificate verification is strongly advised. See: https://urllib3.readthedocs.io/en/latest/advanced-usage.html#tls-warnings
  warnings.warn(</msg>
<msg time="2024-05-09T12:26:01.820104" level="INFO">${response} = &lt;Response [200]&gt;</msg>
<var>${response}</var>
<arg>consultarAPI</arg>
<arg>/api</arg>
<doc>Sends a GET request on a previously created HTTP Session.</doc>
<status status="PASS" start="2024-05-09T12:26:01.735940" elapsed="0.084205"/>
</kw>
<kw name="Set Variable" owner="BuiltIn">
<msg time="2024-05-09T12:26:01.821245" level="INFO">${json_data} = {'results': [{'gender': 'male', 'name': {'title': 'Mr', 'first': 'آراد', 'last': 'موسوی'}, 'location': {'street': {'number': 9700, 'name': 'مقدس اردبیلی'}, 'city': 'ملارد', 'state': 'کرمانشاه', 'count...</msg>
<var>${json_data}</var>
<arg>${response.json()}</arg>
<doc>Returns the given values which can then be assigned to a variables.</doc>
<status status="PASS" start="2024-05-09T12:26:01.820717" elapsed="0.000558"/>
</kw>
<kw name="Log" owner="BuiltIn">
<msg time="2024-05-09T12:26:01.821757" level="INFO">{'results': [{'gender': 'male', 'name': {'title': 'Mr', 'first': 'آراد', 'last': 'موسوی'}, 'location': {'street': {'number': 9700, 'name': 'مقدس اردبیلی'}, 'city': 'ملارد', 'state': 'کرمانشاه', 'country': 'Iran', 'postcode': 30257, 'coordinates': {'latitude': '20.0774', 'longitude': '-98.5610'}, 'timezone': {'offset': '+9:00', 'description': 'Tokyo, Seoul, Osaka, Sapporo, Yakutsk'}}, 'email': 'ard.mwswy@example.com', 'login': {'uuid': '0aef9bd3-adc7-4b91-a602-cdeefa4eabc2', 'username': 'beautifuldog822', 'password': 'gabber', 'salt': 'N2XESJhO', 'md5': '4488e4fe9a2d36e99ac08b85fdd8cb53', 'sha1': '2e1328b98ab7a7500940f7df286050fdab5bd05c', 'sha256': '9e9142a1a5fa8ef77f0b69721ad615a508381aa57c4905877214845054dfc7e4'}, 'dob': {'date': '1991-01-30T16:59:32.836Z', 'age': 33}, 'registered': {'date': '2020-01-26T15:28:18.418Z', 'age': 4}, 'phone': '096-28677141', 'cell': '0998-446-4895', 'id': {'name': '', 'value': None}, 'picture': {'large': 'https://randomuser.me/api/portraits/men/93.jpg', 'medium': 'https://randomuser.me/api/portraits/med/men/93.jpg', 'thumbnail': 'https://randomuser.me/api/portraits/thumb/men/93.jpg'}, 'nat': 'IR'}], 'info': {'seed': '9d5f27bc4714bcd2', 'results': 1, 'page': 1, 'version': '1.4'}}</msg>
<arg>${json_data}</arg>
<doc>Logs the given message with the given level.</doc>
<status status="PASS" start="2024-05-09T12:26:01.821593" elapsed="0.000215"/>
</kw>
<kw name="Should Be Equal As Numbers" owner="BuiltIn">
<arg>${json_data['results'][0]['location']['postcode']}</arg>
<arg>${json_data['results'][0]['location']['postcode']}</arg>
<doc>Fails if objects are unequal after converting them to real numbers.</doc>
<status status="PASS" start="2024-05-09T12:26:01.822118" elapsed="0.000818"/>
</kw>
<kw name="Log" owner="BuiltIn">
<msg time="2024-05-09T12:26:01.823561" level="INFO">30257</msg>
<arg>${json_data['results'][0]['location']['postcode']}</arg>
<doc>Logs the given message with the given level.</doc>
<status status="PASS" start="2024-05-09T12:26:01.823212" elapsed="0.000390"/>
</kw>
<status status="PASS" start="2024-05-09T12:26:01.735702" elapsed="0.088159"/>
</kw>
<doc>Testa se os tipos de dados na resposta da API estão corretos.</doc>
<tag>testeTiposDados</tag>
<status status="PASS" start="2024-05-09T12:26:01.634273" elapsed="0.189757"/>
</test>
<test id="s1-s1-t5" name="Validar conteudo" line="35">
<kw name="Teste de Tipos de Conteudo" owner="random-user-service">
<kw name="GET On Session" owner="RequestsLibrary">
<msg time="2024-05-09T12:26:01.958062" level="INFO">GET Request : url=https://randomuser.me/api 
 path_url=/api 
 headers={'User-Agent': 'python-requests/2.31.0', 'Accept-Encoding': 'gzip, deflate', 'Accept': '*/*', 'Connection': 'keep-alive'} 
 body=None 
 </msg>
<msg time="2024-05-09T12:26:01.958162" level="INFO">GET Response : url=https://randomuser.me/api 
 status=200, reason=OK 
 headers={'Date': 'Thu, 09 May 2024 12:26:01 GMT', 'Content-Type': 'application/json; charset=utf-8', 'Transfer-Encoding': 'chunked', 'Connection': 'keep-alive', 'X-Powered-By': 'Express', 'Access-Control-Allow-Origin': '*', 'Cache-Control': 'no-cache', 'ETag': 'W/"480-HQV4SE4J4gAyh/s0Etepo4T/MII"', 'Vary': 'Accept-Encoding', 'Content-Encoding': 'gzip', 'CF-Cache-Status': 'DYNAMIC', 'Report-To': '{"endpoints":[{"url":"https:\\/\\/a.nel.cloudflare.com\\/report\\/v4?s=W21WhhY0Xc%2FpNFGMc0pvCx7b0Qaod5xGTrffNCHql7TCoqvRPxvOasd5MGGOcFQuDKnvktiFqDp7HRzoheuvdcEqTQCdlIovWtjy6yuL%2F6FzUq2FrxT1oCcmwdgl%2BDUd"}],"group":"cf-nel","max_age":604800}', 'NEL': '{"success_fraction":0,"report_to":"cf-nel","max_age":604800}', 'Server': 'cloudflare', 'CF-RAY': '8811acf169ea49f4-ORD', 'alt-svc': 'h3=":443"; ma=86400'} 
 body={"results":[{"gender":"male","name":{"title":"Mr","first":"Ceyhun","last":"Evliyaoğlu"},"location":{"street":{"number":1591,"name":"Filistin Cd"},"city":"Sivas","state":"Şanlıurfa","country":"Turkey","postcode":37801,"coordinates":{"latitude":"67.2734","longitude":"-123.1983"},"timezone":{"offset":"-1:00","description":"Azores, Cape Verde Islands"}},"email":"ceyhun.evliyaoglu@example.com","login":{"uuid":"26629bc4-6c79-47b7-b854-fbacf41ce2a8","username":"goldenfrog966","password":"lotus","salt":"xXEMCQB7","md5":"690864f770e0e8b53945874f9d1c592a","sha1":"851053dd0f8f2e663c86cd45f6f3de03cd3da048","sha256":"67d189afc1e458e203b0a5d7e35f9ee2907ea7727e20b50fb6de26a0eabb7b27"},"dob":{"date":"1985-07-16T23:04:17.520Z","age":38},"registered":{"date":"2015-12-24T03:03:06.592Z","age":8},"phone":"(920)-791-6520","cell":"(123)-172-7361","id":{"name":"","value":null},"picture":{"large":"https://randomuser.me/api/portraits/men/78.jpg","medium":"https://randomuser.me/api/portraits/med/men/78.jpg","thumbnail":"https://randomuser.me/api/portraits/thumb/men/78.jpg"},"nat":"TR"}],"info":{"seed":"4dd414cd467b0ef0","results":1,"page":1,"version":"1.4"}} 
 </msg>
<msg time="2024-05-09T12:26:01.958234" level="INFO">/opt/hostedtoolcache/Python/3.12.3/x64/lib/python3.12/site-packages/urllib3/connectionpool.py:1103: InsecureRequestWarning: Unverified HTTPS request is being made to host 'randomuser.me'. Adding certificate verification is strongly advised. See: https://urllib3.readthedocs.io/en/latest/advanced-usage.html#tls-warnings
  warnings.warn(</msg>
<msg time="2024-05-09T12:26:01.958352" level="INFO">${response} = &lt;Response [200]&gt;</msg>
<var>${response}</var>
<arg>consultarAPI</arg>
<arg>/api</arg>
<doc>Sends a GET request on a previously created HTTP Session.</doc>
<status status="PASS" start="2024-05-09T12:26:01.826478" elapsed="0.131908"/>
</kw>
<kw name="Set Variable" owner="BuiltIn">
<msg time="2024-05-09T12:26:01.959550" level="INFO">${json_data} = {'results': [{'gender': 'male', 'name': {'title': 'Mr', 'first': 'Ceyhun', 'last': 'Evliyaoğlu'}, 'location': {'street': {'number': 1591, 'name': 'Filistin Cd'}, 'city': 'Sivas', 'state': 'Şanlıurfa',...</msg>
<var>${json_data}</var>
<arg>${response.json()}</arg>
<doc>Returns the given values which can then be assigned to a variables.</doc>
<status status="PASS" start="2024-05-09T12:26:01.958997" elapsed="0.000584"/>
</kw>
<kw name="Set Variable" owner="BuiltIn">
<msg time="2024-05-09T12:26:01.960279" level="INFO">${name_title} = Mr</msg>
<var>${name_title}</var>
<arg>${json_data["results"][0]["name"]["title"]}</arg>
<doc>Returns the given values which can then be assigned to a variables.</doc>
<status status="PASS" start="2024-05-09T12:26:01.959896" elapsed="0.000409"/>
</kw>
<kw name="Create List" owner="BuiltIn">
<msg time="2024-05-09T12:26:01.960753" level="INFO">${allowed_titles} = ['Mr', 'Ms', 'Miss', 'Mrs', 'Madame', 'Monsieur']</msg>
<var>${allowed_titles}</var>
<arg>Mr</arg>
<arg>Ms</arg>
<arg>Miss</arg>
<arg>Mrs</arg>
<arg>Madame</arg>
<arg>Monsieur</arg>
<doc>Returns a list containing given items.</doc>
<status status="PASS" start="2024-05-09T12:26:01.960604" elapsed="0.000173"/>
</kw>
<kw name="List Should Contain Value" owner="Collections">
<msg time="2024-05-09T12:26:01.961257" level="INFO">False</msg>
<arg>${allowed_titles}</arg>
<arg>${name_title}</arg>
<doc>Fails if the ``value`` is not found from ``list``.</doc>
<status status="PASS" start="2024-05-09T12:26:01.961079" elapsed="0.000216"/>
</kw>
<kw name="Set Variable" owner="BuiltIn">
<msg time="2024-05-09T12:26:01.961967" level="INFO">${name_country} = TR</msg>
<var>${name_country}</var>
<arg>${json_data["results"][0]["nat"]}</arg>
<doc>Returns the given values which can then be assigned to a variables.</doc>
<status status="PASS" start="2024-05-09T12:26:01.961586" elapsed="0.000406"/>
</kw>
<kw name="Create List" owner="BuiltIn">
<msg time="2024-05-09T12:26:01.962876" level="INFO">${list_country} = ['AD', 'AE', 'AF', 'AG', 'AI', 'AL', 'AM', 'AO', 'AQ', 'AR', 'AS', 'AT', 'AU', 'AW', 'AX', 'AZ', 'BA', 'BB', 'BD', 'BE', 'BF', 'BG', 'BH', 'BI', 'BJ', 'BL', 'BM', 'BN', 'BO', 'BQ', 'BR', 'BS', 'BT', '...</msg>
<var>${list_country}</var>
<arg>AD</arg>
<arg>AE</arg>
<arg>AF</arg>
<arg>AG</arg>
<arg>AI</arg>
<arg>AL</arg>
<arg>AM</arg>
<arg>AO</arg>
<arg>AQ</arg>
<arg>AR</arg>
<arg>AS</arg>
<arg>AT</arg>
<arg>AU</arg>
<arg>AW</arg>
<arg>AX</arg>
<arg>AZ</arg>
<arg>BA</arg>
<arg>BB</arg>
<arg>BD</arg>
<arg>BE</arg>
<arg>BF</arg>
<arg>BG</arg>
<arg>BH</arg>
<arg>BI</arg>
<arg>BJ</arg>
<arg>BL</arg>
<arg>BM</arg>
<arg>BN</arg>
<arg>BO</arg>
<arg>BQ</arg>
<arg>BR</arg>
<arg>BS</arg>
<arg>BT</arg>
<arg>BV</arg>
<arg>BW</arg>
<arg>BY</arg>
<arg>BZ</arg>
<arg>CA</arg>
<arg>CC</arg>
<arg>CD</arg>
<arg>CF</arg>
<arg>CG</arg>
<arg>CH</arg>
<arg>CI</arg>
<arg>CK</arg>
<arg>CL</arg>
<arg>CM</arg>
<arg>CN</arg>
<arg>CO</arg>
<arg>CR</arg>
<arg>CU</arg>
<arg>CV</arg>
<arg>CW</arg>
<arg>CX</arg>
<arg>CY</arg>
<arg>CZ</arg>
<arg>DE</arg>
<arg>DJ</arg>
<arg>DK</arg>
<arg>DM</arg>
<arg>DO</arg>
<arg>DZ</arg>
<arg>EC</arg>
<arg>EE</arg>
<arg>EG</arg>
<arg>EH</arg>
<arg>ER</arg>
<arg>ES</arg>
<arg>ET</arg>
<arg>FI</arg>
<arg>FJ</arg>
<arg>FK</arg>
<arg>FM</arg>
<arg>FO</arg>
<arg>FR</arg>
<arg>GA</arg>
<arg>GB</arg>
<arg>GD</arg>
<arg>GE</arg>
<arg>GF</arg>
<arg>GG</arg>
<arg>GH</arg>
<arg>GI</arg>
<arg>GL</arg>
<arg>GM</arg>
<arg>GN</arg>
<arg>GP</arg>
<arg>GQ</arg>
<arg>GR</arg>
<arg>GS</arg>
<arg>GT</arg>
<arg>GU</arg>
<arg>GW</arg>
<arg>GY</arg>
<arg>HK</arg>
<arg>HM</arg>
<arg>HN</arg>
<arg>HR</arg>
<arg>HT</arg>
<arg>HU</arg>
<arg>ID</arg>
<arg>IE</arg>
<arg>IL</arg>
<arg>IM</arg>
<arg>IN</arg>
<arg>IO</arg>
<arg>IQ</arg>
<arg>IR</arg>
<arg>IS</arg>
<arg>IT</arg>
<arg>JE</arg>
<arg>JM</arg>
<arg>JO</arg>
<arg>JP</arg>
<arg>KE</arg>
<arg>KG</arg>
<arg>KH</arg>
<arg>KI</arg>
<arg>KM</arg>
<arg>KN</arg>
<arg>KP</arg>
<arg>KR</arg>
<arg>KW</arg>
<arg>KY</arg>
<arg>KZ</arg>
<arg>LA</arg>
<arg>LB</arg>
<arg>LC</arg>
<arg>LI</arg>
<arg>LK</arg>
<arg>LR</arg>
<arg>LS</arg>
<arg>LT</arg>
<arg>LU</arg>
<arg>LV</arg>
<arg>LY</arg>
<arg>MA</arg>
<arg>MC</arg>
<arg>MD</arg>
<arg>ME</arg>
<arg>MF</arg>
<arg>MG</arg>
<arg>MH</arg>
<arg>MK</arg>
<arg>ML</arg>
<arg>MM</arg>
<arg>MN</arg>
<arg>MO</arg>
<arg>MP</arg>
<arg>MQ</arg>
<arg>MR</arg>
<arg>MS</arg>
<arg>MT</arg>
<arg>MU</arg>
<arg>MV</arg>
<arg>MW</arg>
<arg>MX</arg>
<arg>MY</arg>
<arg>MZ</arg>
<arg>NA</arg>
<arg>NC</arg>
<arg>NE</arg>
<arg>NF</arg>
<arg>NG</arg>
<arg>NI</arg>
<arg>NL</arg>
<arg>NO</arg>
<arg>NP</arg>
<arg>NR</arg>
<arg>NU</arg>
<arg>NZ</arg>
<arg>OM</arg>
<arg>PA</arg>
<arg>PE</arg>
<arg>PF</arg>
<arg>PG</arg>
<arg>PH</arg>
<arg>PK</arg>
<arg>PL</arg>
<arg>PM</arg>
<arg>PN</arg>
<arg>PR</arg>
<arg>PS</arg>
<arg>PT</arg>
<arg>PW</arg>
<arg>PY</arg>
<arg>QA</arg>
<arg>RE</arg>
<arg>RO</arg>
<arg>RS</arg>
<arg>RU</arg>
<arg>RW</arg>
<arg>SA</arg>
<arg>SB</arg>
<arg>SC</arg>
<arg>SD</arg>
<arg>SE</arg>
<arg>SG</arg>
<arg>SH</arg>
<arg>SI</arg>
<arg>SJ</arg>
<arg>SK</arg>
<arg>SL</arg>
<arg>SM</arg>
<arg>SN</arg>
<arg>SO</arg>
<arg>SR</arg>
<arg>SS</arg>
<arg>ST</arg>
<arg>SV</arg>
<arg>SX</arg>
<arg>SY</arg>
<arg>SZ</arg>
<arg>TC</arg>
<arg>TD</arg>
<arg>TF</arg>
<arg>TG</arg>
<arg>TH</arg>
<arg>TJ</arg>
<arg>TK</arg>
<arg>TL</arg>
<arg>TM</arg>
<arg>TN</arg>
<arg>TO</arg>
<arg>TR</arg>
<arg>TT</arg>
<arg>TV</arg>
<arg>TW</arg>
<arg>TZ</arg>
<arg>UA</arg>
<arg>UG</arg>
<arg>UM</arg>
<arg>US</arg>
<arg>UY</arg>
<arg>UZ</arg>
<arg>VA</arg>
<arg>VC</arg>
<arg>VE</arg>
<arg>VG</arg>
<arg>VI</arg>
<arg>VN</arg>
<arg>VU</arg>
<arg>WF</arg>
<arg>WS</arg>
<arg>XK</arg>
<arg>YE</arg>
<arg>YT</arg>
<arg>ZA</arg>
<arg>ZM</arg>
<arg>ZW</arg>
<doc>Returns a list containing given items.</doc>
<status status="PASS" start="2024-05-09T12:26:01.962292" elapsed="0.000609"/>
</kw>
<kw name="List Should Contain Value" owner="Collections">
<msg time="2024-05-09T12:26:01.963943" level="INFO">False</msg>
<arg>${list_country}</arg>
<arg>${name_country}</arg>
<doc>Fails if the ``value`` is not found from ``list``.</doc>
<status status="PASS" start="2024-05-09T12:26:01.963736" elapsed="0.000244"/>
</kw>
<kw name="Run Keyword If" owner="BuiltIn">
<kw name="Should Be True" owner="BuiltIn">
<arg>${True}</arg>
<doc>Fails if the given condition is not true.</doc>
<status status="PASS" start="2024-05-09T12:26:01.965052" elapsed="0.000149"/>
</kw>
<arg>${json_data["results"][0]["location"]["coordinates"]["latitude"]} &gt;= -90 and ${json_data["results"][0]["location"]["coordinates"]["latitude"]} &lt;= 90</arg>
<arg>Should Be True</arg>
<arg>${True}</arg>
<doc>Runs the given keyword with the given arguments, if ``condition`` is true.</doc>
<status status="PASS" start="2024-05-09T12:26:01.964295" elapsed="0.001032"/>
</kw>
<kw name="Run Keyword If" owner="BuiltIn">
<kw name="Should Be True" owner="BuiltIn">
<arg>${True}</arg>
<doc>Fails if the given condition is not true.</doc>
<status status="PASS" start="2024-05-09T12:26:01.966203" elapsed="0.000260"/>
</kw>
<arg>${json_data["results"][0]["location"]["coordinates"]["longitude"]} &gt;= -180 and ${json_data["results"][0]["location"]["coordinates"]["longitude"]} &lt;= 180</arg>
<arg>Should Be True</arg>
<arg>${True}</arg>
<doc>Runs the given keyword with the given arguments, if ``condition`` is true.</doc>
<status status="PASS" start="2024-05-09T12:26:01.965510" elapsed="0.001079"/>
</kw>
<status status="PASS" start="2024-05-09T12:26:01.826247" elapsed="0.140518"/>
</kw>
<doc>Testa o conteúdo específico dos campos retornados pela API.</doc>
<tag>testeConteudo</tag>
<status status="PASS" start="2024-05-09T12:26:01.825800" elapsed="0.141238"/>
</test>
<status status="PASS" start="2024-05-09T12:26:01.108788" elapsed="0.861005"/>
</suite>
<status status="PASS" start="2024-05-09T12:26:01.094821" elapsed="0.880138"/>
</suite>
<statistics>
<total>
<stat pass="5" fail="0" skip="0">All Tests</stat>
</total>
<tag>
<stat pass="1" fail="0" skip="0">testeConteudo</stat>
<stat pass="1" fail="0" skip="0">testeEstruturaResposta</stat>
<stat pass="1" fail="0" skip="0">testeRequisicaoBasica</stat>
<stat pass="1" fail="0" skip="0">testeTiposDados</stat>
</tag>
<suite>
<stat pass="5" fail="0" skip="0" id="s1" name="Tests">Tests</stat>
<stat pass="5" fail="0" skip="0" id="s1-s1" name="Random-User-Test">Tests.Random-User-Test</stat>
</suite>
</statistics>
<errors>
</errors>
</robot>
