<?xml version="1.0" encoding="UTF-8"?>
<robot generator="Robot 7.0.1 (Python 3.12.4 on linux)" generated="2024-07-07T16:16:54.508139" rpa="false" schemaversion="5">
<suite id="s1" name="Tests" source="/home/runner/work/ApiRandomUser/ApiRandomUser/RamdonUser/tests">
<suite id="s1-s1" name="Random-User-Test" source="/home/runner/work/ApiRandomUser/ApiRandomUser/RamdonUser/tests/random-user-test.robot">
<test id="s1-s1-t1" name="Conectar" line="13">
<kw name="Conectar API" owner="random-user-service">
<kw name="Create Session" owner="RequestsLibrary">
<msg time="2024-07-07T16:16:54.919265" level="INFO">Creating Session using : alias=consultarAPI, url=https://randomuser.me/, headers={},                     cookies={}, auth=None, timeout=None, proxies=None, verify=False,                     debug=0 </msg>
<arg>consultarAPI</arg>
<arg>${URL}</arg>
<doc>Create Session: create a HTTP session to a server</doc>
<status status="PASS" start="2024-07-07T16:16:54.919058" elapsed="0.000416"/>
</kw>
<status status="PASS" start="2024-07-07T16:16:54.918068" elapsed="0.001782"/>
</kw>
<status status="PASS" start="2024-07-07T16:16:54.917470" elapsed="0.002574"/>
</test>
<test id="s1-s1-t2" name="Validar retorno 200 e JSON Válido" line="16">
<kw name="Teste de Requisicao Basica" owner="random-user-service">
<kw name="GET On Session" owner="RequestsLibrary">
<msg time="2024-07-07T16:16:55.173246" level="INFO">GET Request : url=https://randomuser.me/api 
 path_url=/api 
 headers={'User-Agent': 'python-requests/2.32.3', 'Accept-Encoding': 'gzip, deflate', 'Accept': '*/*', 'Connection': 'keep-alive'} 
 body=None 
 </msg>
<msg time="2024-07-07T16:16:55.173398" level="INFO">GET Response : url=https://randomuser.me/api 
 status=200, reason=OK 
 headers={'Date': 'Sun, 07 Jul 2024 16:16:55 GMT', 'Content-Type': 'application/json; charset=utf-8', 'Transfer-Encoding': 'chunked', 'Connection': 'keep-alive', 'X-Powered-By': 'Express', 'Access-Control-Allow-Origin': '*', 'Cache-Control': 'no-cache', 'ETag': 'W/"4b9-z9IfmJ4PE/SZ1wAsq7EesTdh5qA"', 'Vary': 'Accept-Encoding', 'Content-Encoding': 'gzip', 'CF-Cache-Status': 'DYNAMIC', 'Report-To': '{"endpoints":[{"url":"https:\\/\\/a.nel.cloudflare.com\\/report\\/v4?s=Wx0G1qSSaYaMEoKR%2F8TcNwkVUYt%2F5VQ1JafmfBeLdWwbveSW67oJfDLoChlVK%2BLjf0GRuj5%2FBZp3JiagZhGBSKjhLxF7jdbcenDzAq9%2BG4NHiSUX2ERESNS6aWPKlAhv"}],"group":"cf-nel","max_age":604800}', 'NEL': '{"success_fraction":0,"report_to":"cf-nel","max_age":604800}', 'Server': 'cloudflare', 'CF-RAY': '89f924488ba4879b-IAD', 'alt-svc': 'h3=":443"; ma=86400'} 
 body={"results":[{"gender":"male","name":{"title":"Mr","first":"كيان","last":"سلطانی نژاد"},"location":{"street":{"number":3610,"name":"مجاهدین اسلام"},"city":"بندرعباس","state":"سیستان و بلوچستان","country":"Iran","postcode":27658,"coordinates":{"latitude":"18.6141","longitude":"-173.1223"},"timezone":{"offset":"+4:00","description":"Abu Dhabi, Muscat, Baku, Tbilisi"}},"email":"kyn.sltnynjd@example.com","login":{"uuid":"a5959373-d693-488d-a5f6-a02491660ec7","username":"yellowkoala673","password":"franks","salt":"ZzJpHFZ3","md5":"0f583269ce8638747534421a6440a35f","sha1":"e04345423c0bbbf6ed7e5ec5a54d3472fa2ab358","sha256":"a6f100ecce0c532f09397ac8be0565d96ea572d81cefe102c5839b08c16d747b"},"dob":{"date":"1947-10-07T02:18:46.086Z","age":76},"registered":{"date":"2005-06-09T05:54:55.334Z","age":19},"phone":"061-43097423","cell":"0903-690-6105","id":{"name":"","value":null},"picture":{"large":"https://randomuser.me/api/portraits/men/29.jpg","medium":"https://randomuser.me/api/portraits/med/men/29.jpg","thumbnail":"https://randomuser.me/api/portraits/thumb/men/29.jpg"},"nat":"IR"}],"info":{"seed":"c669f1b5a13e325e","results":1,"page":1,"version":"1.4"}} 
 </msg>
<msg time="2024-07-07T16:16:55.173489" level="INFO">/opt/hostedtoolcache/Python/3.12.4/x64/lib/python3.12/site-packages/urllib3/connectionpool.py:1099: InsecureRequestWarning: Unverified HTTPS request is being made to host 'randomuser.me'. Adding certificate verification is strongly advised. See: https://urllib3.readthedocs.io/en/latest/advanced-usage.html#tls-warnings
  warnings.warn(</msg>
<msg time="2024-07-07T16:16:55.173654" level="INFO">${response} = &lt;Response [200]&gt;</msg>
<var>${response}</var>
<arg>consultarAPI</arg>
<arg>/api</arg>
<doc>Sends a GET request on a previously created HTTP Session.</doc>
<status status="PASS" start="2024-07-07T16:16:54.922568" elapsed="0.251125"/>
</kw>
<kw name="Should Be Equal As Numbers" owner="BuiltIn">
<msg time="2024-07-07T16:16:55.174683" level="INFO">Argument types are:
&lt;class 'int'&gt;
&lt;class 'str'&gt;</msg>
<arg>${response.status_code}</arg>
<arg>200</arg>
<doc>Fails if objects are unequal after converting them to real numbers.</doc>
<status status="PASS" start="2024-07-07T16:16:55.174220" elapsed="0.000529"/>
</kw>
<kw name="Log" owner="BuiltIn">
<msg time="2024-07-07T16:16:55.175466" level="INFO">200</msg>
<arg>${response.status_code}</arg>
<doc>Logs the given message with the given level.</doc>
<status status="PASS" start="2024-07-07T16:16:55.175069" elapsed="0.000442"/>
</kw>
<kw name="Set Variable" owner="BuiltIn">
<msg time="2024-07-07T16:16:55.176276" level="INFO">${json_data} = {'results': [{'gender': 'male', 'name': {'title': 'Mr', 'first': 'كيان', 'last': 'سلطانی نژاد'}, 'location': {'street': {'number': 3610, 'name': 'مجاهدین اسلام'}, 'city': 'بندرعباس', 'state': 'سیستان ...</msg>
<var>${json_data}</var>
<arg>${response.json()}</arg>
<doc>Returns the given values which can then be assigned to a variables.</doc>
<status status="PASS" start="2024-07-07T16:16:55.175830" elapsed="0.000477"/>
</kw>
<kw name="Dictionary Should Contain Key" owner="Collections">
<arg>${json_data}</arg>
<arg>results</arg>
<doc>Fails if ``key`` is not found from ``dictionary``.</doc>
<status status="PASS" start="2024-07-07T16:16:55.176613" elapsed="0.000163"/>
</kw>
<status status="PASS" start="2024-07-07T16:16:54.922324" elapsed="0.254602"/>
</kw>
<doc>Testa se a API responde corretamente e retorna um objeto JSON válido.</doc>
<tag>testeRequisicaoBasica</tag>
<status status="PASS" start="2024-07-07T16:16:54.921883" elapsed="0.255219"/>
</test>
<test id="s1-s1-t3" name="Validar estrutura de resposta" line="22">
<kw name="Teste de Estrutura de Resposta" owner="random-user-service">
<kw name="GET On Session" owner="RequestsLibrary">
<msg time="2024-07-07T16:16:55.353457" level="INFO">GET Request : url=https://randomuser.me/api 
 path_url=/api 
 headers={'User-Agent': 'python-requests/2.32.3', 'Accept-Encoding': 'gzip, deflate', 'Accept': '*/*', 'Connection': 'keep-alive'} 
 body=None 
 </msg>
<msg time="2024-07-07T16:16:55.353559" level="INFO">GET Response : url=https://randomuser.me/api 
 status=200, reason=OK 
 headers={'Date': 'Sun, 07 Jul 2024 16:16:55 GMT', 'Content-Type': 'application/json; charset=utf-8', 'Transfer-Encoding': 'chunked', 'Connection': 'keep-alive', 'X-Powered-By': 'Express', 'Access-Control-Allow-Origin': '*', 'Cache-Control': 'no-cache', 'ETag': 'W/"492-J2+g4S7cphxvPX9Hut9Wf7i7g9Q"', 'Vary': 'Accept-Encoding', 'Content-Encoding': 'gzip', 'CF-Cache-Status': 'DYNAMIC', 'Report-To': '{"endpoints":[{"url":"https:\\/\\/a.nel.cloudflare.com\\/report\\/v4?s=fC4fGEqBWN3%2FpWc90HqlFCo1yZxn%2BtMJPrPr0sMD%2BtHly9aNEbBPRXU7xMfrmtq0P0G%2BAdAZXP%2BDBGhgZ8jCb7OVRm8usG78iE0chvYZMOHJNXnonfD8wtEAkUhQWm9Z"}],"group":"cf-nel","max_age":604800}', 'NEL': '{"success_fraction":0,"report_to":"cf-nel","max_age":604800}', 'Server': 'cloudflare', 'CF-RAY': '89f92448ec80879b-IAD', 'alt-svc': 'h3=":443"; ma=86400'} 
 body={"results":[{"gender":"male","name":{"title":"Mr","first":"آراد","last":"کامروا"},"location":{"street":{"number":4086,"name":"میدان توحید"},"city":"ملارد","state":"کرمانشاه","country":"Iran","postcode":86242,"coordinates":{"latitude":"17.1583","longitude":"-55.9826"},"timezone":{"offset":"+1:00","description":"Brussels, Copenhagen, Madrid, Paris"}},"email":"ard.khmrw@example.com","login":{"uuid":"0c76bbdd-1a5a-49e6-a371-10e4c7bc1f61","username":"heavybird200","password":"clancy","salt":"gNvML3z6","md5":"2da83eec198394fa62ce50fcfed861bd","sha1":"991ff5b1476ab82ea8f832f0f306f0391c1d7a3e","sha256":"bb0540d8d09fc8a21d543e1b4118eaf70f0f5e2eaefbe4c73c583be966a32f55"},"dob":{"date":"1945-09-21T06:56:17.092Z","age":78},"registered":{"date":"2020-08-17T05:29:25.107Z","age":3},"phone":"074-77094089","cell":"0947-698-0757","id":{"name":"","value":null},"picture":{"large":"https://randomuser.me/api/portraits/men/30.jpg","medium":"https://randomuser.me/api/portraits/med/men/30.jpg","thumbnail":"https://randomuser.me/api/portraits/thumb/men/30.jpg"},"nat":"IR"}],"info":{"seed":"b54a06237fcccd1f","results":1,"page":1,"version":"1.4"}} 
 </msg>
<msg time="2024-07-07T16:16:55.353688" level="INFO">/opt/hostedtoolcache/Python/3.12.4/x64/lib/python3.12/site-packages/urllib3/connectionpool.py:1099: InsecureRequestWarning: Unverified HTTPS request is being made to host 'randomuser.me'. Adding certificate verification is strongly advised. See: https://urllib3.readthedocs.io/en/latest/advanced-usage.html#tls-warnings
  warnings.warn(</msg>
<msg time="2024-07-07T16:16:55.353837" level="INFO">${response} = &lt;Response [200]&gt;</msg>
<var>${response}</var>
<arg>consultarAPI</arg>
<arg>/api</arg>
<doc>Sends a GET request on a previously created HTTP Session.</doc>
<status status="PASS" start="2024-07-07T16:16:55.179833" elapsed="0.174049"/>
</kw>
<kw name="Set Variable" owner="BuiltIn">
<msg time="2024-07-07T16:16:55.354920" level="INFO">${json_data} = {'results': [{'gender': 'male', 'name': {'title': 'Mr', 'first': 'آراد', 'last': 'کامروا'}, 'location': {'street': {'number': 4086, 'name': 'میدان توحید'}, 'city': 'ملارد', 'state': 'کرمانشاه', 'count...</msg>
<var>${json_data}</var>
<arg>${response.json()}</arg>
<doc>Returns the given values which can then be assigned to a variables.</doc>
<status status="PASS" start="2024-07-07T16:16:55.354401" elapsed="0.000549"/>
</kw>
<kw name="Log" owner="BuiltIn">
<msg time="2024-07-07T16:16:55.355471" level="INFO">{'results': [{'gender': 'male', 'name': {'title': 'Mr', 'first': 'آراد', 'last': 'کامروا'}, 'location': {'street': {'number': 4086, 'name': 'میدان توحید'}, 'city': 'ملارد', 'state': 'کرمانشاه', 'country': 'Iran', 'postcode': 86242, 'coordinates': {'latitude': '17.1583', 'longitude': '-55.9826'}, 'timezone': {'offset': '+1:00', 'description': 'Brussels, Copenhagen, Madrid, Paris'}}, 'email': 'ard.khmrw@example.com', 'login': {'uuid': '0c76bbdd-1a5a-49e6-a371-10e4c7bc1f61', 'username': 'heavybird200', 'password': 'clancy', 'salt': 'gNvML3z6', 'md5': '2da83eec198394fa62ce50fcfed861bd', 'sha1': '991ff5b1476ab82ea8f832f0f306f0391c1d7a3e', 'sha256': 'bb0540d8d09fc8a21d543e1b4118eaf70f0f5e2eaefbe4c73c583be966a32f55'}, 'dob': {'date': '1945-09-21T06:56:17.092Z', 'age': 78}, 'registered': {'date': '2020-08-17T05:29:25.107Z', 'age': 3}, 'phone': '074-77094089', 'cell': '0947-698-0757', 'id': {'name': '', 'value': None}, 'picture': {'large': 'https://randomuser.me/api/portraits/men/30.jpg', 'medium': 'https://randomuser.me/api/portraits/med/men/30.jpg', 'thumbnail': 'https://randomuser.me/api/portraits/thumb/men/30.jpg'}, 'nat': 'IR'}], 'info': {'seed': 'b54a06237fcccd1f', 'results': 1, 'page': 1, 'version': '1.4'}}</msg>
<arg>${json_data}</arg>
<doc>Logs the given message with the given level.</doc>
<status status="PASS" start="2024-07-07T16:16:55.355258" elapsed="0.000266"/>
</kw>
<kw name="Dictionary Should Contain Key" owner="Collections">
<arg>${json_data}</arg>
<arg>results</arg>
<doc>Fails if ``key`` is not found from ``dictionary``.</doc>
<status status="PASS" start="2024-07-07T16:16:55.355821" elapsed="0.000160"/>
</kw>
<kw name="Should Not Be Empty" owner="BuiltIn">
<msg time="2024-07-07T16:16:55.356294" level="INFO">Length is 2.</msg>
<arg>${json_data}</arg>
<doc>Verifies that the given item is not empty.</doc>
<status status="PASS" start="2024-07-07T16:16:55.356161" elapsed="0.000171"/>
</kw>
<kw name="Create List" owner="BuiltIn">
<msg time="2024-07-07T16:16:55.356941" level="INFO">${expected_keys} = ['gender', 'name', 'location', 'email', 'login']</msg>
<var>${expected_keys}</var>
<arg>gender</arg>
<arg>name</arg>
<arg>location</arg>
<arg>email</arg>
<arg>login</arg>
<doc>Returns a list containing given items.</doc>
<status status="PASS" start="2024-07-07T16:16:55.356628" elapsed="0.000338"/>
</kw>
<for flavor="IN">
<iter>
<kw name="Dictionary Should Contain Key" owner="Collections">
<arg>${json_data['results'][0]}</arg>
<arg>${key}</arg>
<doc>Fails if ``key`` is not found from ``dictionary``.</doc>
<status status="PASS" start="2024-07-07T16:16:55.357556" elapsed="0.000394"/>
</kw>
<kw name="Log" owner="BuiltIn">
<msg time="2024-07-07T16:16:55.358508" level="INFO">{'gender': 'male', 'name': {'title': 'Mr', 'first': 'آراد', 'last': 'کامروا'}, 'location': {'street': {'number': 4086, 'name': 'میدان توحید'}, 'city': 'ملارد', 'state': 'کرمانشاه', 'country': 'Iran', 'postcode': 86242, 'coordinates': {'latitude': '17.1583', 'longitude': '-55.9826'}, 'timezone': {'offset': '+1:00', 'description': 'Brussels, Copenhagen, Madrid, Paris'}}, 'email': 'ard.khmrw@example.com', 'login': {'uuid': '0c76bbdd-1a5a-49e6-a371-10e4c7bc1f61', 'username': 'heavybird200', 'password': 'clancy', 'salt': 'gNvML3z6', 'md5': '2da83eec198394fa62ce50fcfed861bd', 'sha1': '991ff5b1476ab82ea8f832f0f306f0391c1d7a3e', 'sha256': 'bb0540d8d09fc8a21d543e1b4118eaf70f0f5e2eaefbe4c73c583be966a32f55'}, 'dob': {'date': '1945-09-21T06:56:17.092Z', 'age': 78}, 'registered': {'date': '2020-08-17T05:29:25.107Z', 'age': 3}, 'phone': '074-77094089', 'cell': '0947-698-0757', 'id': {'name': '', 'value': None}, 'picture': {'large': 'https://randomuser.me/api/portraits/men/30.jpg', 'medium': 'https://randomuser.me/api/portraits/med/men/30.jpg', 'thumbnail': 'https://randomuser.me/api/portraits/thumb/men/30.jpg'}, 'nat': 'IR'}</msg>
<arg>${json_data['results'][0]}</arg>
<doc>Logs the given message with the given level.</doc>
<status status="PASS" start="2024-07-07T16:16:55.358143" elapsed="0.000417"/>
</kw>
<kw name="Log" owner="BuiltIn">
<msg time="2024-07-07T16:16:55.358975" level="INFO">gender</msg>
<arg>${key}</arg>
<doc>Logs the given message with the given level.</doc>
<status status="PASS" start="2024-07-07T16:16:55.358850" elapsed="0.000162"/>
</kw>
<var name="${key}">gender</var>
<status status="PASS" start="2024-07-07T16:16:55.357430" elapsed="0.001797"/>
</iter>
<iter>
<kw name="Dictionary Should Contain Key" owner="Collections">
<arg>${json_data['results'][0]}</arg>
<arg>${key}</arg>
<doc>Fails if ``key`` is not found from ``dictionary``.</doc>
<status status="PASS" start="2024-07-07T16:16:55.359553" elapsed="0.000386"/>
</kw>
<kw name="Log" owner="BuiltIn">
<msg time="2024-07-07T16:16:55.360510" level="INFO">{'gender': 'male', 'name': {'title': 'Mr', 'first': 'آراد', 'last': 'کامروا'}, 'location': {'street': {'number': 4086, 'name': 'میدان توحید'}, 'city': 'ملارد', 'state': 'کرمانشاه', 'country': 'Iran', 'postcode': 86242, 'coordinates': {'latitude': '17.1583', 'longitude': '-55.9826'}, 'timezone': {'offset': '+1:00', 'description': 'Brussels, Copenhagen, Madrid, Paris'}}, 'email': 'ard.khmrw@example.com', 'login': {'uuid': '0c76bbdd-1a5a-49e6-a371-10e4c7bc1f61', 'username': 'heavybird200', 'password': 'clancy', 'salt': 'gNvML3z6', 'md5': '2da83eec198394fa62ce50fcfed861bd', 'sha1': '991ff5b1476ab82ea8f832f0f306f0391c1d7a3e', 'sha256': 'bb0540d8d09fc8a21d543e1b4118eaf70f0f5e2eaefbe4c73c583be966a32f55'}, 'dob': {'date': '1945-09-21T06:56:17.092Z', 'age': 78}, 'registered': {'date': '2020-08-17T05:29:25.107Z', 'age': 3}, 'phone': '074-77094089', 'cell': '0947-698-0757', 'id': {'name': '', 'value': None}, 'picture': {'large': 'https://randomuser.me/api/portraits/men/30.jpg', 'medium': 'https://randomuser.me/api/portraits/med/men/30.jpg', 'thumbnail': 'https://randomuser.me/api/portraits/thumb/men/30.jpg'}, 'nat': 'IR'}</msg>
<arg>${json_data['results'][0]}</arg>
<doc>Logs the given message with the given level.</doc>
<status status="PASS" start="2024-07-07T16:16:55.360117" elapsed="0.000444"/>
</kw>
<kw name="Log" owner="BuiltIn">
<msg time="2024-07-07T16:16:55.360978" level="INFO">name</msg>
<arg>${key}</arg>
<doc>Logs the given message with the given level.</doc>
<status status="PASS" start="2024-07-07T16:16:55.360854" elapsed="0.000160"/>
</kw>
<var name="${key}">name</var>
<status status="PASS" start="2024-07-07T16:16:55.359431" elapsed="0.001794"/>
</iter>
<iter>
<kw name="Dictionary Should Contain Key" owner="Collections">
<arg>${json_data['results'][0]}</arg>
<arg>${key}</arg>
<doc>Fails if ``key`` is not found from ``dictionary``.</doc>
<status status="PASS" start="2024-07-07T16:16:55.361502" elapsed="0.000370"/>
</kw>
<kw name="Log" owner="BuiltIn">
<msg time="2024-07-07T16:16:55.362392" level="INFO">{'gender': 'male', 'name': {'title': 'Mr', 'first': 'آراد', 'last': 'کامروا'}, 'location': {'street': {'number': 4086, 'name': 'میدان توحید'}, 'city': 'ملارد', 'state': 'کرمانشاه', 'country': 'Iran', 'postcode': 86242, 'coordinates': {'latitude': '17.1583', 'longitude': '-55.9826'}, 'timezone': {'offset': '+1:00', 'description': 'Brussels, Copenhagen, Madrid, Paris'}}, 'email': 'ard.khmrw@example.com', 'login': {'uuid': '0c76bbdd-1a5a-49e6-a371-10e4c7bc1f61', 'username': 'heavybird200', 'password': 'clancy', 'salt': 'gNvML3z6', 'md5': '2da83eec198394fa62ce50fcfed861bd', 'sha1': '991ff5b1476ab82ea8f832f0f306f0391c1d7a3e', 'sha256': 'bb0540d8d09fc8a21d543e1b4118eaf70f0f5e2eaefbe4c73c583be966a32f55'}, 'dob': {'date': '1945-09-21T06:56:17.092Z', 'age': 78}, 'registered': {'date': '2020-08-17T05:29:25.107Z', 'age': 3}, 'phone': '074-77094089', 'cell': '0947-698-0757', 'id': {'name': '', 'value': None}, 'picture': {'large': 'https://randomuser.me/api/portraits/men/30.jpg', 'medium': 'https://randomuser.me/api/portraits/med/men/30.jpg', 'thumbnail': 'https://randomuser.me/api/portraits/thumb/men/30.jpg'}, 'nat': 'IR'}</msg>
<arg>${json_data['results'][0]}</arg>
<doc>Logs the given message with the given level.</doc>
<status status="PASS" start="2024-07-07T16:16:55.362047" elapsed="0.000399"/>
</kw>
<kw name="Log" owner="BuiltIn">
<msg time="2024-07-07T16:16:55.362869" level="INFO">location</msg>
<arg>${key}</arg>
<doc>Logs the given message with the given level.</doc>
<status status="PASS" start="2024-07-07T16:16:55.362746" elapsed="0.000159"/>
</kw>
<var name="${key}">location</var>
<status status="PASS" start="2024-07-07T16:16:55.361396" elapsed="0.001721"/>
</iter>
<iter>
<kw name="Dictionary Should Contain Key" owner="Collections">
<arg>${json_data['results'][0]}</arg>
<arg>${key}</arg>
<doc>Fails if ``key`` is not found from ``dictionary``.</doc>
<status status="PASS" start="2024-07-07T16:16:55.363428" elapsed="0.000395"/>
</kw>
<kw name="Log" owner="BuiltIn">
<msg time="2024-07-07T16:16:55.364350" level="INFO">{'gender': 'male', 'name': {'title': 'Mr', 'first': 'آراد', 'last': 'کامروا'}, 'location': {'street': {'number': 4086, 'name': 'میدان توحید'}, 'city': 'ملارد', 'state': 'کرمانشاه', 'country': 'Iran', 'postcode': 86242, 'coordinates': {'latitude': '17.1583', 'longitude': '-55.9826'}, 'timezone': {'offset': '+1:00', 'description': 'Brussels, Copenhagen, Madrid, Paris'}}, 'email': 'ard.khmrw@example.com', 'login': {'uuid': '0c76bbdd-1a5a-49e6-a371-10e4c7bc1f61', 'username': 'heavybird200', 'password': 'clancy', 'salt': 'gNvML3z6', 'md5': '2da83eec198394fa62ce50fcfed861bd', 'sha1': '991ff5b1476ab82ea8f832f0f306f0391c1d7a3e', 'sha256': 'bb0540d8d09fc8a21d543e1b4118eaf70f0f5e2eaefbe4c73c583be966a32f55'}, 'dob': {'date': '1945-09-21T06:56:17.092Z', 'age': 78}, 'registered': {'date': '2020-08-17T05:29:25.107Z', 'age': 3}, 'phone': '074-77094089', 'cell': '0947-698-0757', 'id': {'name': '', 'value': None}, 'picture': {'large': 'https://randomuser.me/api/portraits/men/30.jpg', 'medium': 'https://randomuser.me/api/portraits/med/men/30.jpg', 'thumbnail': 'https://randomuser.me/api/portraits/thumb/men/30.jpg'}, 'nat': 'IR'}</msg>
<arg>${json_data['results'][0]}</arg>
<doc>Logs the given message with the given level.</doc>
<status status="PASS" start="2024-07-07T16:16:55.364003" elapsed="0.000397"/>
</kw>
<kw name="Log" owner="BuiltIn">
<msg time="2024-07-07T16:16:55.364835" level="INFO">email</msg>
<arg>${key}</arg>
<doc>Logs the given message with the given level.</doc>
<status status="PASS" start="2024-07-07T16:16:55.364710" elapsed="0.000163"/>
</kw>
<var name="${key}">email</var>
<status status="PASS" start="2024-07-07T16:16:55.363286" elapsed="0.001798"/>
</iter>
<iter>
<kw name="Dictionary Should Contain Key" owner="Collections">
<arg>${json_data['results'][0]}</arg>
<arg>${key}</arg>
<doc>Fails if ``key`` is not found from ``dictionary``.</doc>
<status status="PASS" start="2024-07-07T16:16:55.365366" elapsed="0.000384"/>
</kw>
<kw name="Log" owner="BuiltIn">
<msg time="2024-07-07T16:16:55.366274" level="INFO">{'gender': 'male', 'name': {'title': 'Mr', 'first': 'آراد', 'last': 'کامروا'}, 'location': {'street': {'number': 4086, 'name': 'میدان توحید'}, 'city': 'ملارد', 'state': 'کرمانشاه', 'country': 'Iran', 'postcode': 86242, 'coordinates': {'latitude': '17.1583', 'longitude': '-55.9826'}, 'timezone': {'offset': '+1:00', 'description': 'Brussels, Copenhagen, Madrid, Paris'}}, 'email': 'ard.khmrw@example.com', 'login': {'uuid': '0c76bbdd-1a5a-49e6-a371-10e4c7bc1f61', 'username': 'heavybird200', 'password': 'clancy', 'salt': 'gNvML3z6', 'md5': '2da83eec198394fa62ce50fcfed861bd', 'sha1': '991ff5b1476ab82ea8f832f0f306f0391c1d7a3e', 'sha256': 'bb0540d8d09fc8a21d543e1b4118eaf70f0f5e2eaefbe4c73c583be966a32f55'}, 'dob': {'date': '1945-09-21T06:56:17.092Z', 'age': 78}, 'registered': {'date': '2020-08-17T05:29:25.107Z', 'age': 3}, 'phone': '074-77094089', 'cell': '0947-698-0757', 'id': {'name': '', 'value': None}, 'picture': {'large': 'https://randomuser.me/api/portraits/men/30.jpg', 'medium': 'https://randomuser.me/api/portraits/med/men/30.jpg', 'thumbnail': 'https://randomuser.me/api/portraits/thumb/men/30.jpg'}, 'nat': 'IR'}</msg>
<arg>${json_data['results'][0]}</arg>
<doc>Logs the given message with the given level.</doc>
<status status="PASS" start="2024-07-07T16:16:55.365929" elapsed="0.000396"/>
</kw>
<kw name="Log" owner="BuiltIn">
<msg time="2024-07-07T16:16:55.366741" level="INFO">login</msg>
<arg>${key}</arg>
<doc>Logs the given message with the given level.</doc>
<status status="PASS" start="2024-07-07T16:16:55.366616" elapsed="0.000162"/>
</kw>
<var name="${key}">login</var>
<status status="PASS" start="2024-07-07T16:16:55.365253" elapsed="0.001737"/>
</iter>
<var>${key}</var>
<value>@{expected_keys}</value>
<status status="PASS" start="2024-07-07T16:16:55.357228" elapsed="0.009883"/>
</for>
<kw name="Create List" owner="BuiltIn">
<msg time="2024-07-07T16:16:55.367496" level="INFO">${expected_keysTwo} = ['username', 'password']</msg>
<var>${expected_keysTwo}</var>
<arg>username</arg>
<arg>password</arg>
<doc>Returns a list containing given items.</doc>
<status status="PASS" start="2024-07-07T16:16:55.367297" elapsed="0.000224"/>
</kw>
<for flavor="IN">
<iter>
<kw name="Dictionary Should Contain Key" owner="Collections">
<arg>${json_data['results'][0]['login']}</arg>
<arg>${keyTwo}</arg>
<doc>Fails if ``key`` is not found from ``dictionary``.</doc>
<status status="PASS" start="2024-07-07T16:16:55.368019" elapsed="0.000384"/>
</kw>
<kw name="Dictionary Should Contain Key" owner="Collections">
<arg>${json_data['results'][0]['login']}</arg>
<arg>${keyTwo}</arg>
<doc>Fails if ``key`` is not found from ``dictionary``.</doc>
<status status="PASS" start="2024-07-07T16:16:55.368583" elapsed="0.000372"/>
</kw>
<kw name="Log" owner="BuiltIn">
<msg time="2024-07-07T16:16:55.369256" level="INFO">username</msg>
<arg>${keyTwo}</arg>
<doc>Logs the given message with the given level.</doc>
<status status="PASS" start="2024-07-07T16:16:55.369135" elapsed="0.000158"/>
</kw>
<var name="${keyTwo}">username</var>
<status status="PASS" start="2024-07-07T16:16:55.367913" elapsed="0.001608"/>
</iter>
<iter>
<kw name="Dictionary Should Contain Key" owner="Collections">
<arg>${json_data['results'][0]['login']}</arg>
<arg>${keyTwo}</arg>
<doc>Fails if ``key`` is not found from ``dictionary``.</doc>
<status status="PASS" start="2024-07-07T16:16:55.369800" elapsed="0.000384"/>
</kw>
<kw name="Dictionary Should Contain Key" owner="Collections">
<arg>${json_data['results'][0]['login']}</arg>
<arg>${keyTwo}</arg>
<doc>Fails if ``key`` is not found from ``dictionary``.</doc>
<status status="PASS" start="2024-07-07T16:16:55.370361" elapsed="0.000365"/>
</kw>
<kw name="Log" owner="BuiltIn">
<msg time="2024-07-07T16:16:55.371018" level="INFO">password</msg>
<arg>${keyTwo}</arg>
<doc>Logs the given message with the given level.</doc>
<status status="PASS" start="2024-07-07T16:16:55.370899" elapsed="0.000160"/>
</kw>
<var name="${keyTwo}">password</var>
<status status="PASS" start="2024-07-07T16:16:55.369693" elapsed="0.001709"/>
</iter>
<var>${keyTwo}</var>
<value>@{expected_keysTwo}</value>
<status status="PASS" start="2024-07-07T16:16:55.367760" elapsed="0.003767"/>
</for>
<status status="PASS" start="2024-07-07T16:16:55.179594" elapsed="0.192084"/>
</kw>
<doc>Testa a estrutura da resposta da API.</doc>
<tag>testeEstruturaResposta</tag>
<status status="PASS" start="2024-07-07T16:16:55.178969" elapsed="0.192864"/>
</test>
<test id="s1-s1-t4" name="Validar tipos de dados" line="28">
<kw name="Teste de Tipos de Dados" owner="random-user-service">
<kw name="GET On Session" owner="RequestsLibrary">
<msg time="2024-07-07T16:16:55.430752" level="INFO">GET Request : url=https://randomuser.me/api 
 path_url=/api 
 headers={'User-Agent': 'python-requests/2.32.3', 'Accept-Encoding': 'gzip, deflate', 'Accept': '*/*', 'Connection': 'keep-alive'} 
 body=None 
 </msg>
<msg time="2024-07-07T16:16:55.430840" level="INFO">GET Response : url=https://randomuser.me/api 
 status=200, reason=OK 
 headers={'Date': 'Sun, 07 Jul 2024 16:16:55 GMT', 'Content-Type': 'application/json; charset=utf-8', 'Transfer-Encoding': 'chunked', 'Connection': 'keep-alive', 'X-Powered-By': 'Express', 'Access-Control-Allow-Origin': '*', 'Cache-Control': 'no-cache', 'ETag': 'W/"477-vEab8u5t9lzW9FF/HDnrrqgHT5s"', 'Vary': 'Accept-Encoding', 'Content-Encoding': 'gzip', 'CF-Cache-Status': 'DYNAMIC', 'Report-To': '{"endpoints":[{"url":"https:\\/\\/a.nel.cloudflare.com\\/report\\/v4?s=%2FXZF4bdQGRcW8M%2BBvI8e%2FTJkRAEU883lUIhqpnwkgXhA21lYFjZqHhMb9gljTE7ywdobZA%2Fyn11Sr3xj20v5DXyZ2ZfXAdmvZcXptrGsYxHCgmAp9Mu4fFdRb6l0wdZv"}],"group":"cf-nel","max_age":604800}', 'NEL': '{"success_fraction":0,"report_to":"cf-nel","max_age":604800}', 'Server': 'cloudflare', 'CF-RAY': '89f9244a2f19879b-IAD', 'alt-svc': 'h3=":443"; ma=86400'} 
 body={"results":[{"gender":"male","name":{"title":"Mr","first":"Kuzman","last":"Lazović"},"location":{"street":{"number":7625,"name":"Stublinska"},"city":"Pančevo","state":"Kosovo","country":"Serbia","postcode":69337,"coordinates":{"latitude":"58.9898","longitude":"-68.7119"},"timezone":{"offset":"+7:00","description":"Bangkok, Hanoi, Jakarta"}},"email":"kuzman.lazovic@example.com","login":{"uuid":"65ccd93a-5e5f-4c8e-8927-5858f8eb6b5e","username":"bigkoala409","password":"more","salt":"w3w8VH3V","md5":"700165f8abe0bd6114d232d1e04a8ba1","sha1":"f98412fd98c7341dd2af9487c4fc94dbe3731e03","sha256":"0942598feb78487e9c7d4ba58801442bc3938ba9df25968754146ebd4a0e1cea"},"dob":{"date":"1973-05-17T12:41:56.113Z","age":51},"registered":{"date":"2009-07-18T18:50:59.797Z","age":14},"phone":"035-9747-397","cell":"069-3787-611","id":{"name":"SID","value":"934116537"},"picture":{"large":"https://randomuser.me/api/portraits/men/52.jpg","medium":"https://randomuser.me/api/portraits/med/men/52.jpg","thumbnail":"https://randomuser.me/api/portraits/thumb/men/52.jpg"},"nat":"RS"}],"info":{"seed":"238a60b7a6b83b68","results":1,"page":1,"version":"1.4"}} 
 </msg>
<msg time="2024-07-07T16:16:55.430916" level="INFO">/opt/hostedtoolcache/Python/3.12.4/x64/lib/python3.12/site-packages/urllib3/connectionpool.py:1099: InsecureRequestWarning: Unverified HTTPS request is being made to host 'randomuser.me'. Adding certificate verification is strongly advised. See: https://urllib3.readthedocs.io/en/latest/advanced-usage.html#tls-warnings
  warnings.warn(</msg>
<msg time="2024-07-07T16:16:55.431047" level="INFO">${response} = &lt;Response [200]&gt;</msg>
<var>${response}</var>
<arg>consultarAPI</arg>
<arg>/api</arg>
<doc>Sends a GET request on a previously created HTTP Session.</doc>
<status status="PASS" start="2024-07-07T16:16:55.374288" elapsed="0.056811"/>
</kw>
<kw name="Set Variable" owner="BuiltIn">
<msg time="2024-07-07T16:16:55.432062" level="INFO">${json_data} = {'results': [{'gender': 'male', 'name': {'title': 'Mr', 'first': 'Kuzman', 'last': 'Lazović'}, 'location': {'street': {'number': 7625, 'name': 'Stublinska'}, 'city': 'Pančevo', 'state': 'Kosovo', 'cou...</msg>
<var>${json_data}</var>
<arg>${response.json()}</arg>
<doc>Returns the given values which can then be assigned to a variables.</doc>
<status status="PASS" start="2024-07-07T16:16:55.431588" elapsed="0.000505"/>
</kw>
<kw name="Log" owner="BuiltIn">
<msg time="2024-07-07T16:16:55.432557" level="INFO">{'results': [{'gender': 'male', 'name': {'title': 'Mr', 'first': 'Kuzman', 'last': 'Lazović'}, 'location': {'street': {'number': 7625, 'name': 'Stublinska'}, 'city': 'Pančevo', 'state': 'Kosovo', 'country': 'Serbia', 'postcode': 69337, 'coordinates': {'latitude': '58.9898', 'longitude': '-68.7119'}, 'timezone': {'offset': '+7:00', 'description': 'Bangkok, Hanoi, Jakarta'}}, 'email': 'kuzman.lazovic@example.com', 'login': {'uuid': '65ccd93a-5e5f-4c8e-8927-5858f8eb6b5e', 'username': 'bigkoala409', 'password': 'more', 'salt': 'w3w8VH3V', 'md5': '700165f8abe0bd6114d232d1e04a8ba1', 'sha1': 'f98412fd98c7341dd2af9487c4fc94dbe3731e03', 'sha256': '0942598feb78487e9c7d4ba58801442bc3938ba9df25968754146ebd4a0e1cea'}, 'dob': {'date': '1973-05-17T12:41:56.113Z', 'age': 51}, 'registered': {'date': '2009-07-18T18:50:59.797Z', 'age': 14}, 'phone': '035-9747-397', 'cell': '069-3787-611', 'id': {'name': 'SID', 'value': '934116537'}, 'picture': {'large': 'https://randomuser.me/api/portraits/men/52.jpg', 'medium': 'https://randomuser.me/api/portraits/med/men/52.jpg', 'thumbnail': 'https://randomuser.me/api/portraits/thumb/men/52.jpg'}, 'nat': 'RS'}], 'info': {'seed': '238a60b7a6b83b68', 'results': 1, 'page': 1, 'version': '1.4'}}</msg>
<arg>${json_data}</arg>
<doc>Logs the given message with the given level.</doc>
<status status="PASS" start="2024-07-07T16:16:55.432396" elapsed="0.000212"/>
</kw>
<kw name="Should Be String" owner="String">
<arg>${json_data['results'][0]['gender']}</arg>
<doc>Fails if the given ``item`` is not a string.</doc>
<status status="PASS" start="2024-07-07T16:16:55.432893" elapsed="0.000375"/>
</kw>
<kw name="Should Match Regexp" owner="BuiltIn">
<arg>${json_data['results'][0]['email']}</arg>
<arg>^[a-zA-Z0-9._%+-]+@[a-zA-Z0-9.-]+\.[a-zA-Z]{2,}$</arg>
<doc>Fails if ``string`` does not match ``pattern`` as a regular expression.</doc>
<status status="PASS" start="2024-07-07T16:16:55.433455" elapsed="0.000514"/>
</kw>
<kw name="Should Match Regexp" owner="BuiltIn">
<arg>${json_data['results'][0]['dob']['date']}</arg>
<arg>\\d{4}-\\d{2}-\\d{2}T\\d{2}:\\d{2}:\\d{2}\\.\\d{3}Z</arg>
<doc>Fails if ``string`` does not match ``pattern`` as a regular expression.</doc>
<status status="PASS" start="2024-07-07T16:16:55.434211" elapsed="0.000509"/>
</kw>
<kw name="Should Match Regexp" owner="BuiltIn">
<arg>${json_data['results'][0]['registered']['date']}</arg>
<arg>\\d{4}-\\d{2}-\\d{2}T\\d{2}:\\d{2}:\\d{2}\\.\\d{3}Z</arg>
<doc>Fails if ``string`` does not match ``pattern`` as a regular expression.</doc>
<status status="PASS" start="2024-07-07T16:16:55.434910" elapsed="0.000373"/>
</kw>
<kw name="Should Match Regexp" owner="BuiltIn">
<arg>${json_data['results'][0]['picture']['large']}</arg>
<arg>^https?://.*\.(?:png|jpe?g|gif|bmp)$</arg>
<doc>Fails if ``string`` does not match ``pattern`` as a regular expression.</doc>
<status status="PASS" start="2024-07-07T16:16:55.435521" elapsed="0.000461"/>
</kw>
<kw name="Should Match Regexp" owner="BuiltIn">
<arg>${json_data['results'][0]['picture']['medium']}</arg>
<arg>^https?://.*\.(?:png|jpe?g|gif|bmp)$</arg>
<doc>Fails if ``string`` does not match ``pattern`` as a regular expression.</doc>
<status status="PASS" start="2024-07-07T16:16:55.436169" elapsed="0.000355"/>
</kw>
<kw name="Should Match Regexp" owner="BuiltIn">
<arg>${json_data['results'][0]['picture']['thumbnail']}</arg>
<arg>^https?://.*\.(?:png|jpe?g|gif|bmp)$</arg>
<doc>Fails if ``string`` does not match ``pattern`` as a regular expression.</doc>
<status status="PASS" start="2024-07-07T16:16:55.436705" elapsed="0.000349"/>
</kw>
<kw name="Log" owner="BuiltIn">
<msg time="2024-07-07T16:16:55.437559" level="INFO">{'large': 'https://randomuser.me/api/portraits/men/52.jpg', 'medium': 'https://randomuser.me/api/portraits/med/men/52.jpg', 'thumbnail': 'https://randomuser.me/api/portraits/thumb/men/52.jpg'}</msg>
<arg>${json_data['results'][0]['picture']}</arg>
<doc>Logs the given message with the given level.</doc>
<status status="PASS" start="2024-07-07T16:16:55.437232" elapsed="0.000372"/>
</kw>
<status status="PASS" start="2024-07-07T16:16:55.374070" elapsed="0.063789"/>
</kw>
<kw name="Teste de Tipos de Dados - Postcode" owner="random-user-service">
<kw name="GET On Session" owner="RequestsLibrary">
<msg time="2024-07-07T16:16:55.506067" level="INFO">GET Request : url=https://randomuser.me/api 
 path_url=/api 
 headers={'User-Agent': 'python-requests/2.32.3', 'Accept-Encoding': 'gzip, deflate', 'Accept': '*/*', 'Connection': 'keep-alive'} 
 body=None 
 </msg>
<msg time="2024-07-07T16:16:55.506163" level="INFO">GET Response : url=https://randomuser.me/api 
 status=200, reason=OK 
 headers={'Date': 'Sun, 07 Jul 2024 16:16:55 GMT', 'Content-Type': 'application/json; charset=utf-8', 'Transfer-Encoding': 'chunked', 'Connection': 'keep-alive', 'X-Powered-By': 'Express', 'Access-Control-Allow-Origin': '*', 'Cache-Control': 'no-cache', 'ETag': 'W/"47e-l3avu6thQxMtCNxSKE0ZnqaSFfk"', 'Vary': 'Accept-Encoding', 'Content-Encoding': 'gzip', 'CF-Cache-Status': 'DYNAMIC', 'Report-To': '{"endpoints":[{"url":"https:\\/\\/a.nel.cloudflare.com\\/report\\/v4?s=IS8XioJil4eo9tl7DrZqP9swjIIUNBeLxlT97nRQlf3rMdSUuwajcJ0NEnmigNEt7%2B2ZmKMaC3jtM%2FPn6CxTeYMjCl0%2BmhqGrHpC6aI7oPMc2mjQ7Bb%2FZUoii8lx5zmD"}],"group":"cf-nel","max_age":604800}', 'NEL': '{"success_fraction":0,"report_to":"cf-nel","max_age":604800}', 'Server': 'cloudflare', 'CF-RAY': '89f9244a8803879b-IAD', 'alt-svc': 'h3=":443"; ma=86400'} 
 body={"results":[{"gender":"male","name":{"title":"Mr","first":"مهراد","last":"محمدخان"},"location":{"street":{"number":3977,"name":"رسالت"},"city":"همدان","state":"لرستان","country":"Iran","postcode":92889,"coordinates":{"latitude":"13.6475","longitude":"-5.3285"},"timezone":{"offset":"+2:00","description":"Kaliningrad, South Africa"}},"email":"mhrd.mhmdkhn@example.com","login":{"uuid":"d9865c9e-eff1-4c3f-95a4-5588ea04ed9f","username":"redfish433","password":"edison","salt":"600eXp8f","md5":"29ec53cde4fff07d67bf9dd4ab94d84a","sha1":"4ad583dec10de9f3b8b436aa5442b966c4acf974","sha256":"85bca7fcfaba7e1aa2b407c3815d0975e644f514e7321976115e2624bf9b44b6"},"dob":{"date":"1965-10-07T06:14:03.487Z","age":58},"registered":{"date":"2012-12-17T11:42:31.635Z","age":11},"phone":"086-03886955","cell":"0957-628-9342","id":{"name":"","value":null},"picture":{"large":"https://randomuser.me/api/portraits/men/54.jpg","medium":"https://randomuser.me/api/portraits/med/men/54.jpg","thumbnail":"https://randomuser.me/api/portraits/thumb/men/54.jpg"},"nat":"IR"}],"info":{"seed":"362873a08f1d8cc2","results":1,"page":1,"version":"1.4"}} 
 </msg>
<msg time="2024-07-07T16:16:55.506247" level="INFO">/opt/hostedtoolcache/Python/3.12.4/x64/lib/python3.12/site-packages/urllib3/connectionpool.py:1099: InsecureRequestWarning: Unverified HTTPS request is being made to host 'randomuser.me'. Adding certificate verification is strongly advised. See: https://urllib3.readthedocs.io/en/latest/advanced-usage.html#tls-warnings
  warnings.warn(</msg>
<msg time="2024-07-07T16:16:55.506396" level="INFO">${response} = &lt;Response [200]&gt;</msg>
<var>${response}</var>
<arg>consultarAPI</arg>
<arg>/api</arg>
<doc>Sends a GET request on a previously created HTTP Session.</doc>
<status status="PASS" start="2024-07-07T16:16:55.438304" elapsed="0.068149"/>
</kw>
<kw name="Set Variable" owner="BuiltIn">
<msg time="2024-07-07T16:16:55.507432" level="INFO">${json_data} = {'results': [{'gender': 'male', 'name': {'title': 'Mr', 'first': 'مهراد', 'last': 'محمدخان'}, 'location': {'street': {'number': 3977, 'name': 'رسالت'}, 'city': 'همدان', 'state': 'لرستان', 'country': '...</msg>
<var>${json_data}</var>
<arg>${response.json()}</arg>
<doc>Returns the given values which can then be assigned to a variables.</doc>
<status status="PASS" start="2024-07-07T16:16:55.506928" elapsed="0.000540"/>
</kw>
<kw name="Log" owner="BuiltIn">
<msg time="2024-07-07T16:16:55.507936" level="INFO">{'results': [{'gender': 'male', 'name': {'title': 'Mr', 'first': 'مهراد', 'last': 'محمدخان'}, 'location': {'street': {'number': 3977, 'name': 'رسالت'}, 'city': 'همدان', 'state': 'لرستان', 'country': 'Iran', 'postcode': 92889, 'coordinates': {'latitude': '13.6475', 'longitude': '-5.3285'}, 'timezone': {'offset': '+2:00', 'description': 'Kaliningrad, South Africa'}}, 'email': 'mhrd.mhmdkhn@example.com', 'login': {'uuid': 'd9865c9e-eff1-4c3f-95a4-5588ea04ed9f', 'username': 'redfish433', 'password': 'edison', 'salt': '600eXp8f', 'md5': '29ec53cde4fff07d67bf9dd4ab94d84a', 'sha1': '4ad583dec10de9f3b8b436aa5442b966c4acf974', 'sha256': '85bca7fcfaba7e1aa2b407c3815d0975e644f514e7321976115e2624bf9b44b6'}, 'dob': {'date': '1965-10-07T06:14:03.487Z', 'age': 58}, 'registered': {'date': '2012-12-17T11:42:31.635Z', 'age': 11}, 'phone': '086-03886955', 'cell': '0957-628-9342', 'id': {'name': '', 'value': None}, 'picture': {'large': 'https://randomuser.me/api/portraits/men/54.jpg', 'medium': 'https://randomuser.me/api/portraits/med/men/54.jpg', 'thumbnail': 'https://randomuser.me/api/portraits/thumb/men/54.jpg'}, 'nat': 'IR'}], 'info': {'seed': '362873a08f1d8cc2', 'results': 1, 'page': 1, 'version': '1.4'}}</msg>
<arg>${json_data}</arg>
<doc>Logs the given message with the given level.</doc>
<status status="PASS" start="2024-07-07T16:16:55.507776" elapsed="0.000209"/>
</kw>
<kw name="Should Be Equal As Numbers" owner="BuiltIn">
<arg>${json_data['results'][0]['location']['postcode']}</arg>
<arg>${json_data['results'][0]['location']['postcode']}</arg>
<doc>Fails if objects are unequal after converting them to real numbers.</doc>
<status status="PASS" start="2024-07-07T16:16:55.508275" elapsed="0.000618"/>
</kw>
<kw name="Log" owner="BuiltIn">
<msg time="2024-07-07T16:16:55.509568" level="INFO">92889</msg>
<arg>${json_data['results'][0]['location']['postcode']}</arg>
<doc>Logs the given message with the given level.</doc>
<status status="PASS" start="2024-07-07T16:16:55.509085" elapsed="0.000524"/>
</kw>
<status status="PASS" start="2024-07-07T16:16:55.438081" elapsed="0.071810"/>
</kw>
<doc>Testa se os tipos de dados na resposta da API estão corretos.</doc>
<tag>testeTiposDados</tag>
<status status="PASS" start="2024-07-07T16:16:55.373616" elapsed="0.136437"/>
</test>
<test id="s1-s1-t5" name="Validar conteudo" line="35">
<kw name="Teste de Tipos de Conteudo" owner="random-user-service">
<kw name="GET On Session" owner="RequestsLibrary">
<msg time="2024-07-07T16:16:55.630749" level="INFO">GET Request : url=https://randomuser.me/api 
 path_url=/api 
 headers={'User-Agent': 'python-requests/2.32.3', 'Accept-Encoding': 'gzip, deflate', 'Accept': '*/*', 'Connection': 'keep-alive'} 
 body=None 
 </msg>
<msg time="2024-07-07T16:16:55.630862" level="INFO">GET Response : url=https://randomuser.me/api 
 status=200, reason=OK 
 headers={'Date': 'Sun, 07 Jul 2024 16:16:55 GMT', 'Content-Type': 'application/json; charset=utf-8', 'Transfer-Encoding': 'chunked', 'Connection': 'keep-alive', 'X-Powered-By': 'Express', 'Access-Control-Allow-Origin': '*', 'Cache-Control': 'no-cache', 'ETag': 'W/"494-cUyWVq0R2C9tRgwyS4PJLJoakMY"', 'Vary': 'Accept-Encoding', 'Content-Encoding': 'gzip', 'CF-Cache-Status': 'DYNAMIC', 'Report-To': '{"endpoints":[{"url":"https:\\/\\/a.nel.cloudflare.com\\/report\\/v4?s=Qpo42ItF28VBYF7s78hr%2BIlM0szV1c1PnhE79CwMqcjVUn8upjcipaY%2BH%2BKc3gwHCuy%2B90fKTYY%2FjE184IPMUqzf%2Fj8SzCOy54%2FappEloLerV0UgvuLLDYoDG09VEDWd"}],"group":"cf-nel","max_age":604800}', 'NEL': '{"success_fraction":0,"report_to":"cf-nel","max_age":604800}', 'Server': 'cloudflare', 'CF-RAY': '89f9244af904879b-IAD', 'alt-svc': 'h3=":443"; ma=86400'} 
 body={"results":[{"gender":"female","name":{"title":"Mrs","first":"Lotta","last":"Kallio"},"location":{"street":{"number":212,"name":"Korkeavuorenkatu"},"city":"Lapua","state":"Finland Proper","country":"Finland","postcode":55867,"coordinates":{"latitude":"-21.9340","longitude":"8.1516"},"timezone":{"offset":"-7:00","description":"Mountain Time (US &amp; Canada)"}},"email":"lotta.kallio@example.com","login":{"uuid":"83930561-8921-4e34-a0fb-4a0f67128398","username":"silverfish675","password":"worthy","salt":"Mhf4lp3d","md5":"2b756faa61485a75befa21ffc47de412","sha1":"14fa1d2e2be34ab930d65354a9c50447d5298765","sha256":"121565ae575b4769b175fbddcaf5d6235c44290316f86edb04b8a832e7e67062"},"dob":{"date":"1946-04-03T12:49:37.613Z","age":78},"registered":{"date":"2021-07-02T12:13:11.322Z","age":3},"phone":"05-015-155","cell":"042-275-19-47","id":{"name":"HETU","value":"NaNNA500undefined"},"picture":{"large":"https://randomuser.me/api/portraits/women/42.jpg","medium":"https://randomuser.me/api/portraits/med/women/42.jpg","thumbnail":"https://randomuser.me/api/portraits/thumb/women/42.jpg"},"nat":"FI"}],"info":{"seed":"29c2666ad1b2119f","results":1,"page":1,"version":"1.4"}} 
 </msg>
<msg time="2024-07-07T16:16:55.630950" level="INFO">/opt/hostedtoolcache/Python/3.12.4/x64/lib/python3.12/site-packages/urllib3/connectionpool.py:1099: InsecureRequestWarning: Unverified HTTPS request is being made to host 'randomuser.me'. Adding certificate verification is strongly advised. See: https://urllib3.readthedocs.io/en/latest/advanced-usage.html#tls-warnings
  warnings.warn(</msg>
<msg time="2024-07-07T16:16:55.631085" level="INFO">${response} = &lt;Response [200]&gt;</msg>
<var>${response}</var>
<arg>consultarAPI</arg>
<arg>/api</arg>
<doc>Sends a GET request on a previously created HTTP Session.</doc>
<status status="PASS" start="2024-07-07T16:16:55.512833" elapsed="0.118295"/>
</kw>
<kw name="Set Variable" owner="BuiltIn">
<msg time="2024-07-07T16:16:55.632105" level="INFO">${json_data} = {'results': [{'gender': 'female', 'name': {'title': 'Mrs', 'first': 'Lotta', 'last': 'Kallio'}, 'location': {'street': {'number': 212, 'name': 'Korkeavuorenkatu'}, 'city': 'Lapua', 'state': 'Finland P...</msg>
<var>${json_data}</var>
<arg>${response.json()}</arg>
<doc>Returns the given values which can then be assigned to a variables.</doc>
<status status="PASS" start="2024-07-07T16:16:55.631618" elapsed="0.000516"/>
</kw>
<kw name="Set Variable" owner="BuiltIn">
<msg time="2024-07-07T16:16:55.632810" level="INFO">${name_title} = Mrs</msg>
<var>${name_title}</var>
<arg>${json_data["results"][0]["name"]["title"]}</arg>
<doc>Returns the given values which can then be assigned to a variables.</doc>
<status status="PASS" start="2024-07-07T16:16:55.632435" elapsed="0.000400"/>
</kw>
<kw name="Create List" owner="BuiltIn">
<msg time="2024-07-07T16:16:55.633269" level="INFO">${allowed_titles} = ['Mr', 'Ms', 'Miss', 'Mrs', 'Madame', 'Monsieur']</msg>
<var>${allowed_titles}</var>
<arg>Mr</arg>
<arg>Ms</arg>
<arg>Miss</arg>
<arg>Mrs</arg>
<arg>Madame</arg>
<arg>Monsieur</arg>
<doc>Returns a list containing given items.</doc>
<status status="PASS" start="2024-07-07T16:16:55.633123" elapsed="0.000170"/>
</kw>
<kw name="List Should Contain Value" owner="Collections">
<arg>${allowed_titles}</arg>
<arg>${name_title}</arg>
<doc>Fails if the ``value`` is not found from ``list``.</doc>
<status status="PASS" start="2024-07-07T16:16:55.633587" elapsed="0.000178"/>
</kw>
<kw name="Set Variable" owner="BuiltIn">
<msg time="2024-07-07T16:16:55.634321" level="INFO">${name_country} = FI</msg>
<var>${name_country}</var>
<arg>${json_data["results"][0]["nat"]}</arg>
<doc>Returns the given values which can then be assigned to a variables.</doc>
<status status="PASS" start="2024-07-07T16:16:55.633946" elapsed="0.000399"/>
</kw>
<kw name="Create List" owner="BuiltIn">
<msg time="2024-07-07T16:16:55.635222" level="INFO">${list_country} = ['AD', 'AE', 'AF', 'AG', 'AI', 'AL', 'AM', 'AO', 'AQ', 'AR', 'AS', 'AT', 'AU', 'AW', 'AX', 'AZ', 'BA', 'BB', 'BD', 'BE', 'BF', 'BG', 'BH', 'BI', 'BJ', 'BL', 'BM', 'BN', 'BO', 'BQ', 'BR', 'BS', 'BT', '...</msg>
<var>${list_country}</var>
<arg>AD</arg>
<arg>AE</arg>
<arg>AF</arg>
<arg>AG</arg>
<arg>AI</arg>
<arg>AL</arg>
<arg>AM</arg>
<arg>AO</arg>
<arg>AQ</arg>
<arg>AR</arg>
<arg>AS</arg>
<arg>AT</arg>
<arg>AU</arg>
<arg>AW</arg>
<arg>AX</arg>
<arg>AZ</arg>
<arg>BA</arg>
<arg>BB</arg>
<arg>BD</arg>
<arg>BE</arg>
<arg>BF</arg>
<arg>BG</arg>
<arg>BH</arg>
<arg>BI</arg>
<arg>BJ</arg>
<arg>BL</arg>
<arg>BM</arg>
<arg>BN</arg>
<arg>BO</arg>
<arg>BQ</arg>
<arg>BR</arg>
<arg>BS</arg>
<arg>BT</arg>
<arg>BV</arg>
<arg>BW</arg>
<arg>BY</arg>
<arg>BZ</arg>
<arg>CA</arg>
<arg>CC</arg>
<arg>CD</arg>
<arg>CF</arg>
<arg>CG</arg>
<arg>CH</arg>
<arg>CI</arg>
<arg>CK</arg>
<arg>CL</arg>
<arg>CM</arg>
<arg>CN</arg>
<arg>CO</arg>
<arg>CR</arg>
<arg>CU</arg>
<arg>CV</arg>
<arg>CW</arg>
<arg>CX</arg>
<arg>CY</arg>
<arg>CZ</arg>
<arg>DE</arg>
<arg>DJ</arg>
<arg>DK</arg>
<arg>DM</arg>
<arg>DO</arg>
<arg>DZ</arg>
<arg>EC</arg>
<arg>EE</arg>
<arg>EG</arg>
<arg>EH</arg>
<arg>ER</arg>
<arg>ES</arg>
<arg>ET</arg>
<arg>FI</arg>
<arg>FJ</arg>
<arg>FK</arg>
<arg>FM</arg>
<arg>FO</arg>
<arg>FR</arg>
<arg>GA</arg>
<arg>GB</arg>
<arg>GD</arg>
<arg>GE</arg>
<arg>GF</arg>
<arg>GG</arg>
<arg>GH</arg>
<arg>GI</arg>
<arg>GL</arg>
<arg>GM</arg>
<arg>GN</arg>
<arg>GP</arg>
<arg>GQ</arg>
<arg>GR</arg>
<arg>GS</arg>
<arg>GT</arg>
<arg>GU</arg>
<arg>GW</arg>
<arg>GY</arg>
<arg>HK</arg>
<arg>HM</arg>
<arg>HN</arg>
<arg>HR</arg>
<arg>HT</arg>
<arg>HU</arg>
<arg>ID</arg>
<arg>IE</arg>
<arg>IL</arg>
<arg>IM</arg>
<arg>IN</arg>
<arg>IO</arg>
<arg>IQ</arg>
<arg>IR</arg>
<arg>IS</arg>
<arg>IT</arg>
<arg>JE</arg>
<arg>JM</arg>
<arg>JO</arg>
<arg>JP</arg>
<arg>KE</arg>
<arg>KG</arg>
<arg>KH</arg>
<arg>KI</arg>
<arg>KM</arg>
<arg>KN</arg>
<arg>KP</arg>
<arg>KR</arg>
<arg>KW</arg>
<arg>KY</arg>
<arg>KZ</arg>
<arg>LA</arg>
<arg>LB</arg>
<arg>LC</arg>
<arg>LI</arg>
<arg>LK</arg>
<arg>LR</arg>
<arg>LS</arg>
<arg>LT</arg>
<arg>LU</arg>
<arg>LV</arg>
<arg>LY</arg>
<arg>MA</arg>
<arg>MC</arg>
<arg>MD</arg>
<arg>ME</arg>
<arg>MF</arg>
<arg>MG</arg>
<arg>MH</arg>
<arg>MK</arg>
<arg>ML</arg>
<arg>MM</arg>
<arg>MN</arg>
<arg>MO</arg>
<arg>MP</arg>
<arg>MQ</arg>
<arg>MR</arg>
<arg>MS</arg>
<arg>MT</arg>
<arg>MU</arg>
<arg>MV</arg>
<arg>MW</arg>
<arg>MX</arg>
<arg>MY</arg>
<arg>MZ</arg>
<arg>NA</arg>
<arg>NC</arg>
<arg>NE</arg>
<arg>NF</arg>
<arg>NG</arg>
<arg>NI</arg>
<arg>NL</arg>
<arg>NO</arg>
<arg>NP</arg>
<arg>NR</arg>
<arg>NU</arg>
<arg>NZ</arg>
<arg>OM</arg>
<arg>PA</arg>
<arg>PE</arg>
<arg>PF</arg>
<arg>PG</arg>
<arg>PH</arg>
<arg>PK</arg>
<arg>PL</arg>
<arg>PM</arg>
<arg>PN</arg>
<arg>PR</arg>
<arg>PS</arg>
<arg>PT</arg>
<arg>PW</arg>
<arg>PY</arg>
<arg>QA</arg>
<arg>RE</arg>
<arg>RO</arg>
<arg>RS</arg>
<arg>RU</arg>
<arg>RW</arg>
<arg>SA</arg>
<arg>SB</arg>
<arg>SC</arg>
<arg>SD</arg>
<arg>SE</arg>
<arg>SG</arg>
<arg>SH</arg>
<arg>SI</arg>
<arg>SJ</arg>
<arg>SK</arg>
<arg>SL</arg>
<arg>SM</arg>
<arg>SN</arg>
<arg>SO</arg>
<arg>SR</arg>
<arg>SS</arg>
<arg>ST</arg>
<arg>SV</arg>
<arg>SX</arg>
<arg>SY</arg>
<arg>SZ</arg>
<arg>TC</arg>
<arg>TD</arg>
<arg>TF</arg>
<arg>TG</arg>
<arg>TH</arg>
<arg>TJ</arg>
<arg>TK</arg>
<arg>TL</arg>
<arg>TM</arg>
<arg>TN</arg>
<arg>TO</arg>
<arg>TR</arg>
<arg>TT</arg>
<arg>TV</arg>
<arg>TW</arg>
<arg>TZ</arg>
<arg>UA</arg>
<arg>UG</arg>
<arg>UM</arg>
<arg>US</arg>
<arg>UY</arg>
<arg>UZ</arg>
<arg>VA</arg>
<arg>VC</arg>
<arg>VE</arg>
<arg>VG</arg>
<arg>VI</arg>
<arg>VN</arg>
<arg>VU</arg>
<arg>WF</arg>
<arg>WS</arg>
<arg>XK</arg>
<arg>YE</arg>
<arg>YT</arg>
<arg>ZA</arg>
<arg>ZM</arg>
<arg>ZW</arg>
<doc>Returns a list containing given items.</doc>
<status status="PASS" start="2024-07-07T16:16:55.634632" elapsed="0.000615"/>
</kw>
<kw name="List Should Contain Value" owner="Collections">
<arg>${list_country}</arg>
<arg>${name_country}</arg>
<doc>Fails if the ``value`` is not found from ``list``.</doc>
<status status="PASS" start="2024-07-07T16:16:55.636075" elapsed="0.000199"/>
</kw>
<kw name="Run Keyword If" owner="BuiltIn">
<kw name="Should Be True" owner="BuiltIn">
<arg>${True}</arg>
<doc>Fails if the given condition is not true.</doc>
<status status="PASS" start="2024-07-07T16:16:55.637192" elapsed="0.000140"/>
</kw>
<arg>${json_data["results"][0]["location"]["coordinates"]["latitude"]} &gt;= -90 and ${json_data["results"][0]["location"]["coordinates"]["latitude"]} &lt;= 90</arg>
<arg>Should Be True</arg>
<arg>${True}</arg>
<doc>Runs the given keyword with the given arguments, if ``condition`` is true.</doc>
<status status="PASS" start="2024-07-07T16:16:55.636467" elapsed="0.000988"/>
</kw>
<kw name="Run Keyword If" owner="BuiltIn">
<kw name="Should Be True" owner="BuiltIn">
<arg>${True}</arg>
<doc>Fails if the given condition is not true.</doc>
<status status="PASS" start="2024-07-07T16:16:55.638324" elapsed="0.000236"/>
</kw>
<arg>${json_data["results"][0]["location"]["coordinates"]["longitude"]} &gt;= -180 and ${json_data["results"][0]["location"]["coordinates"]["longitude"]} &lt;= 180</arg>
<arg>Should Be True</arg>
<arg>${True}</arg>
<doc>Runs the given keyword with the given arguments, if ``condition`` is true.</doc>
<status status="PASS" start="2024-07-07T16:16:55.637632" elapsed="0.001056"/>
</kw>
<status status="PASS" start="2024-07-07T16:16:55.512464" elapsed="0.126358"/>
</kw>
<doc>Testa o conteúdo específico dos campos retornados pela API.</doc>
<tag>testeConteudo</tag>
<status status="PASS" start="2024-07-07T16:16:55.511840" elapsed="0.127132"/>
</test>
<status status="PASS" start="2024-07-07T16:16:54.566862" elapsed="1.074044"/>
</suite>
<status status="PASS" start="2024-07-07T16:16:54.552327" elapsed="1.093553"/>
</suite>
<statistics>
<total>
<stat pass="5" fail="0" skip="0">All Tests</stat>
</total>
<tag>
<stat pass="1" fail="0" skip="0">testeConteudo</stat>
<stat pass="1" fail="0" skip="0">testeEstruturaResposta</stat>
<stat pass="1" fail="0" skip="0">testeRequisicaoBasica</stat>
<stat pass="1" fail="0" skip="0">testeTiposDados</stat>
</tag>
<suite>
<stat pass="5" fail="0" skip="0" id="s1" name="Tests">Tests</stat>
<stat pass="5" fail="0" skip="0" id="s1-s1" name="Random-User-Test">Tests.Random-User-Test</stat>
</suite>
</statistics>
<errors>
</errors>
</robot>
