<?xml version="1.0" encoding="UTF-8"?>
<robot generator="Robot 7.0.1 (Python 3.12.4 on linux)" generated="2024-07-20T01:06:36.216021" rpa="false" schemaversion="5">
<suite id="s1" name="Tests" source="/home/runner/work/ApiRandomUser/ApiRandomUser/RamdonUser/tests">
<suite id="s1-s1" name="Random-User-Test" source="/home/runner/work/ApiRandomUser/ApiRandomUser/RamdonUser/tests/random-user-test.robot">
<test id="s1-s1-t1" name="Conectar" line="13">
<kw name="Conectar API" owner="random-user-service">
<kw name="Create Session" owner="RequestsLibrary">
<msg time="2024-07-20T01:06:36.644496" level="INFO">Creating Session using : alias=consultarAPI, url=https://randomuser.me/, headers={},                     cookies={}, auth=None, timeout=None, proxies=None, verify=False,                     debug=0 </msg>
<arg>consultarAPI</arg>
<arg>${URL}</arg>
<doc>Create Session: create a HTTP session to a server</doc>
<status status="PASS" start="2024-07-20T01:06:36.644304" elapsed="0.000359"/>
</kw>
<status status="PASS" start="2024-07-20T01:06:36.643281" elapsed="0.001746"/>
</kw>
<status status="PASS" start="2024-07-20T01:06:36.642770" elapsed="0.002449"/>
</test>
<test id="s1-s1-t2" name="Validar retorno 200 e JSON Válido" line="16">
<kw name="Teste de Requisicao Basica" owner="random-user-service">
<kw name="GET On Session" owner="RequestsLibrary">
<msg time="2024-07-20T01:06:36.876527" level="INFO">GET Request : url=https://randomuser.me/api 
 path_url=/api 
 headers={'User-Agent': 'python-requests/2.32.3', 'Accept-Encoding': 'gzip, deflate', 'Accept': '*/*', 'Connection': 'keep-alive'} 
 body=None 
 </msg>
<msg time="2024-07-20T01:06:36.876631" level="INFO">GET Response : url=https://randomuser.me/api 
 status=200, reason=OK 
 headers={'Date': 'Sat, 20 Jul 2024 01:06:36 GMT', 'Content-Type': 'application/json; charset=utf-8', 'Transfer-Encoding': 'chunked', 'Connection': 'keep-alive', 'X-Powered-By': 'Express', 'Access-Control-Allow-Origin': '*', 'Cache-Control': 'no-cache', 'ETag': 'W/"492-KySmlwfJB3XKGyn6wZEZ0ICPYm4"', 'Vary': 'Accept-Encoding', 'Content-Encoding': 'gzip', 'CF-Cache-Status': 'DYNAMIC', 'Report-To': '{"endpoints":[{"url":"https:\\/\\/a.nel.cloudflare.com\\/report\\/v4?s=U1KFyrVRiLgFKfvVym%2FA8xigcLW8lXS%2F8H%2BykRnZjoxYH19xPB8FPyMhbiq7%2B2GLBD7Voy480XlwZxAd7PvDAmozhbvJldljRVFjsazmG9%2BdZ2TWpO8g1IrakbXU8bkf"}],"group":"cf-nel","max_age":604800}', 'NEL': '{"success_fraction":0,"report_to":"cf-nel","max_age":604800}', 'Server': 'cloudflare', 'CF-RAY': '8a5f0cb43c9c1ff7-IAD', 'alt-svc': 'h3=":443"; ma=86400'} 
 body={"results":[{"gender":"female","name":{"title":"Miss","first":"Alette","last":"Solbu"},"location":{"street":{"number":3877,"name":"Tostrup terrasse"},"city":"Leland","state":"Description","country":"Norway","postcode":"5238","coordinates":{"latitude":"42.7115","longitude":"135.6282"},"timezone":{"offset":"-5:00","description":"Eastern Time (US &amp; Canada), Bogota, Lima"}},"email":"alette.solbu@example.com","login":{"uuid":"0c136e73-539c-4365-9f4f-44f8749a856e","username":"yellowfrog342","password":"dawg","salt":"mJVoyvK7","md5":"b82302a05a07e1c6c679d2e80b523ed4","sha1":"facf6312546f0fdce234bb542e811d210a2884fe","sha256":"5caed865b03ddd2bbabbeda6a4b3de92d2843c885fafbe18ba410d2c543ea38d"},"dob":{"date":"1999-10-24T01:18:33.622Z","age":24},"registered":{"date":"2012-08-08T11:42:10.215Z","age":11},"phone":"36653388","cell":"42430381","id":{"name":"FN","value":"24109928875"},"picture":{"large":"https://randomuser.me/api/portraits/women/47.jpg","medium":"https://randomuser.me/api/portraits/med/women/47.jpg","thumbnail":"https://randomuser.me/api/portraits/thumb/women/47.jpg"},"nat":"NO"}],"info":{"seed":"1f0fd7e645f961ae","results":1,"page":1,"version":"1.4"}} 
 </msg>
<msg time="2024-07-20T01:06:36.876700" level="INFO">/opt/hostedtoolcache/Python/3.12.4/x64/lib/python3.12/site-packages/urllib3/connectionpool.py:1099: InsecureRequestWarning: Unverified HTTPS request is being made to host 'randomuser.me'. Adding certificate verification is strongly advised. See: https://urllib3.readthedocs.io/en/latest/advanced-usage.html#tls-warnings
  warnings.warn(</msg>
<msg time="2024-07-20T01:06:36.876827" level="INFO">${response} = &lt;Response [200]&gt;</msg>
<var>${response}</var>
<arg>consultarAPI</arg>
<arg>/api</arg>
<doc>Sends a GET request on a previously created HTTP Session.</doc>
<status status="PASS" start="2024-07-20T01:06:36.647874" elapsed="0.228995"/>
</kw>
<kw name="Should Be Equal As Numbers" owner="BuiltIn">
<msg time="2024-07-20T01:06:36.877673" level="INFO">Argument types are:
&lt;class 'int'&gt;
&lt;class 'str'&gt;</msg>
<arg>${response.status_code}</arg>
<arg>200</arg>
<doc>Fails if objects are unequal after converting them to real numbers.</doc>
<status status="PASS" start="2024-07-20T01:06:36.877266" elapsed="0.000477"/>
</kw>
<kw name="Log" owner="BuiltIn">
<msg time="2024-07-20T01:06:36.878420" level="INFO">200</msg>
<arg>${response.status_code}</arg>
<doc>Logs the given message with the given level.</doc>
<status status="PASS" start="2024-07-20T01:06:36.878060" elapsed="0.000404"/>
</kw>
<kw name="Set Variable" owner="BuiltIn">
<msg time="2024-07-20T01:06:36.879247" level="INFO">${json_data} = {'results': [{'gender': 'female', 'name': {'title': 'Miss', 'first': 'Alette', 'last': 'Solbu'}, 'location': {'street': {'number': 3877, 'name': 'Tostrup terrasse'}, 'city': 'Leland', 'state': 'Descri...</msg>
<var>${json_data}</var>
<arg>${response.json()}</arg>
<doc>Returns the given values which can then be assigned to a variables.</doc>
<status status="PASS" start="2024-07-20T01:06:36.878813" elapsed="0.000463"/>
</kw>
<kw name="Dictionary Should Contain Key" owner="Collections">
<arg>${json_data}</arg>
<arg>results</arg>
<doc>Fails if ``key`` is not found from ``dictionary``.</doc>
<status status="PASS" start="2024-07-20T01:06:36.879574" elapsed="0.000293"/>
</kw>
<status status="PASS" start="2024-07-20T01:06:36.647630" elapsed="0.232385"/>
</kw>
<doc>Testa se a API responde corretamente e retorna um objeto JSON válido.</doc>
<tag>testeRequisicaoBasica</tag>
<status status="PASS" start="2024-07-20T01:06:36.647084" elapsed="0.233094"/>
</test>
<test id="s1-s1-t3" name="Validar estrutura de resposta" line="22">
<kw name="Teste de Estrutura de Resposta" owner="random-user-service">
<kw name="GET On Session" owner="RequestsLibrary">
<msg time="2024-07-20T01:06:36.968862" level="INFO">GET Request : url=https://randomuser.me/api 
 path_url=/api 
 headers={'User-Agent': 'python-requests/2.32.3', 'Accept-Encoding': 'gzip, deflate', 'Accept': '*/*', 'Connection': 'keep-alive'} 
 body=None 
 </msg>
<msg time="2024-07-20T01:06:36.968929" level="INFO">GET Response : url=https://randomuser.me/api 
 status=200, reason=OK 
 headers={'Date': 'Sat, 20 Jul 2024 01:06:36 GMT', 'Content-Type': 'application/json; charset=utf-8', 'Transfer-Encoding': 'chunked', 'Connection': 'keep-alive', 'X-Powered-By': 'Express', 'Access-Control-Allow-Origin': '*', 'Cache-Control': 'no-cache', 'ETag': 'W/"482-teGCK71G2KZT45SkXeXUlb8bMPU"', 'Vary': 'Accept-Encoding', 'Content-Encoding': 'gzip', 'CF-Cache-Status': 'DYNAMIC', 'Report-To': '{"endpoints":[{"url":"https:\\/\\/a.nel.cloudflare.com\\/report\\/v4?s=AH%2BuIxo5ws9Yc3g7gO8vVXi9JjxXKHGUSMSbTHSx1SEpRaXn%2Boo%2F8ZmEig8efUyqKeDfC2GgMNVyJELeGyDjGXWLfhdJEZLVXvWGe7H8ivKMG%2FVWo0s98OQ3URtxhHr9"}],"group":"cf-nel","max_age":604800}', 'NEL': '{"success_fraction":0,"report_to":"cf-nel","max_age":604800}', 'Server': 'cloudflare', 'CF-RAY': '8a5f0cb48d0c1ff7-IAD', 'alt-svc': 'h3=":443"; ma=86400'} 
 body={"results":[{"gender":"male","name":{"title":"Mr","first":"Emil","last":"Poulsen"},"location":{"street":{"number":1334,"name":"Feriebyen"},"city":"Sørvad","state":"Danmark","country":"Denmark","postcode":43710,"coordinates":{"latitude":"-42.3750","longitude":"-109.9064"},"timezone":{"offset":"+5:00","description":"Ekaterinburg, Islamabad, Karachi, Tashkent"}},"email":"emil.poulsen@example.com","login":{"uuid":"4da22d15-2b90-4238-adb3-0347998dd291","username":"sadduck105","password":"snapon","salt":"jSJclnIP","md5":"b760d9423d68cfa1b82eafe56757bd2d","sha1":"afe37ad3484ee04decfad9cc1286fbdd8aa0d4cf","sha256":"0261ab18f749d633fab53f862ed79e82e69f2f80d7407f7d6acb696da9c16875"},"dob":{"date":"1958-05-09T21:58:22.281Z","age":66},"registered":{"date":"2008-01-08T11:16:54.459Z","age":16},"phone":"65588150","cell":"94349977","id":{"name":"CPR","value":"090558-8259"},"picture":{"large":"https://randomuser.me/api/portraits/men/45.jpg","medium":"https://randomuser.me/api/portraits/med/men/45.jpg","thumbnail":"https://randomuser.me/api/portraits/thumb/men/45.jpg"},"nat":"DK"}],"info":{"seed":"c8a060a16409f064","results":1,"page":1,"version":"1.4"}} 
 </msg>
<msg time="2024-07-20T01:06:36.969022" level="INFO">/opt/hostedtoolcache/Python/3.12.4/x64/lib/python3.12/site-packages/urllib3/connectionpool.py:1099: InsecureRequestWarning: Unverified HTTPS request is being made to host 'randomuser.me'. Adding certificate verification is strongly advised. See: https://urllib3.readthedocs.io/en/latest/advanced-usage.html#tls-warnings
  warnings.warn(</msg>
<msg time="2024-07-20T01:06:36.969114" level="INFO">${response} = &lt;Response [200]&gt;</msg>
<var>${response}</var>
<arg>consultarAPI</arg>
<arg>/api</arg>
<doc>Sends a GET request on a previously created HTTP Session.</doc>
<status status="PASS" start="2024-07-20T01:06:36.882818" elapsed="0.086339"/>
</kw>
<kw name="Set Variable" owner="BuiltIn">
<msg time="2024-07-20T01:06:36.970170" level="INFO">${json_data} = {'results': [{'gender': 'male', 'name': {'title': 'Mr', 'first': 'Emil', 'last': 'Poulsen'}, 'location': {'street': {'number': 1334, 'name': 'Feriebyen'}, 'city': 'Sørvad', 'state': 'Danmark', 'countr...</msg>
<var>${json_data}</var>
<arg>${response.json()}</arg>
<doc>Returns the given values which can then be assigned to a variables.</doc>
<status status="PASS" start="2024-07-20T01:06:36.969607" elapsed="0.000593"/>
</kw>
<kw name="Log" owner="BuiltIn">
<msg time="2024-07-20T01:06:36.970697" level="INFO">{'results': [{'gender': 'male', 'name': {'title': 'Mr', 'first': 'Emil', 'last': 'Poulsen'}, 'location': {'street': {'number': 1334, 'name': 'Feriebyen'}, 'city': 'Sørvad', 'state': 'Danmark', 'country': 'Denmark', 'postcode': 43710, 'coordinates': {'latitude': '-42.3750', 'longitude': '-109.9064'}, 'timezone': {'offset': '+5:00', 'description': 'Ekaterinburg, Islamabad, Karachi, Tashkent'}}, 'email': 'emil.poulsen@example.com', 'login': {'uuid': '4da22d15-2b90-4238-adb3-0347998dd291', 'username': 'sadduck105', 'password': 'snapon', 'salt': 'jSJclnIP', 'md5': 'b760d9423d68cfa1b82eafe56757bd2d', 'sha1': 'afe37ad3484ee04decfad9cc1286fbdd8aa0d4cf', 'sha256': '0261ab18f749d633fab53f862ed79e82e69f2f80d7407f7d6acb696da9c16875'}, 'dob': {'date': '1958-05-09T21:58:22.281Z', 'age': 66}, 'registered': {'date': '2008-01-08T11:16:54.459Z', 'age': 16}, 'phone': '65588150', 'cell': '94349977', 'id': {'name': 'CPR', 'value': '090558-8259'}, 'picture': {'large': 'https://randomuser.me/api/portraits/men/45.jpg', 'medium': 'https://randomuser.me/api/portraits/med/men/45.jpg', 'thumbnail': 'https://randomuser.me/api/portraits/thumb/men/45.jpg'}, 'nat': 'DK'}], 'info': {'seed': 'c8a060a16409f064', 'results': 1, 'page': 1, 'version': '1.4'}}</msg>
<arg>${json_data}</arg>
<doc>Logs the given message with the given level.</doc>
<status status="PASS" start="2024-07-20T01:06:36.970504" elapsed="0.000249"/>
</kw>
<kw name="Dictionary Should Contain Key" owner="Collections">
<arg>${json_data}</arg>
<arg>results</arg>
<doc>Fails if ``key`` is not found from ``dictionary``.</doc>
<status status="PASS" start="2024-07-20T01:06:36.971056" elapsed="0.000159"/>
</kw>
<kw name="Should Not Be Empty" owner="BuiltIn">
<msg time="2024-07-20T01:06:36.971527" level="INFO">Length is 2.</msg>
<arg>${json_data}</arg>
<doc>Verifies that the given item is not empty.</doc>
<status status="PASS" start="2024-07-20T01:06:36.971398" elapsed="0.000166"/>
</kw>
<kw name="Create List" owner="BuiltIn">
<msg time="2024-07-20T01:06:36.972001" level="INFO">${expected_keys} = ['gender', 'name', 'location', 'email', 'login']</msg>
<var>${expected_keys}</var>
<arg>gender</arg>
<arg>name</arg>
<arg>location</arg>
<arg>email</arg>
<arg>login</arg>
<doc>Returns a list containing given items.</doc>
<status status="PASS" start="2024-07-20T01:06:36.971848" elapsed="0.000177"/>
</kw>
<for flavor="IN">
<iter>
<kw name="Dictionary Should Contain Key" owner="Collections">
<arg>${json_data['results'][0]}</arg>
<arg>${key}</arg>
<doc>Fails if ``key`` is not found from ``dictionary``.</doc>
<status status="PASS" start="2024-07-20T01:06:36.972581" elapsed="0.000407"/>
</kw>
<kw name="Log" owner="BuiltIn">
<msg time="2024-07-20T01:06:36.973535" level="INFO">{'gender': 'male', 'name': {'title': 'Mr', 'first': 'Emil', 'last': 'Poulsen'}, 'location': {'street': {'number': 1334, 'name': 'Feriebyen'}, 'city': 'Sørvad', 'state': 'Danmark', 'country': 'Denmark', 'postcode': 43710, 'coordinates': {'latitude': '-42.3750', 'longitude': '-109.9064'}, 'timezone': {'offset': '+5:00', 'description': 'Ekaterinburg, Islamabad, Karachi, Tashkent'}}, 'email': 'emil.poulsen@example.com', 'login': {'uuid': '4da22d15-2b90-4238-adb3-0347998dd291', 'username': 'sadduck105', 'password': 'snapon', 'salt': 'jSJclnIP', 'md5': 'b760d9423d68cfa1b82eafe56757bd2d', 'sha1': 'afe37ad3484ee04decfad9cc1286fbdd8aa0d4cf', 'sha256': '0261ab18f749d633fab53f862ed79e82e69f2f80d7407f7d6acb696da9c16875'}, 'dob': {'date': '1958-05-09T21:58:22.281Z', 'age': 66}, 'registered': {'date': '2008-01-08T11:16:54.459Z', 'age': 16}, 'phone': '65588150', 'cell': '94349977', 'id': {'name': 'CPR', 'value': '090558-8259'}, 'picture': {'large': 'https://randomuser.me/api/portraits/men/45.jpg', 'medium': 'https://randomuser.me/api/portraits/med/men/45.jpg', 'thumbnail': 'https://randomuser.me/api/portraits/thumb/men/45.jpg'}, 'nat': 'DK'}</msg>
<arg>${json_data['results'][0]}</arg>
<doc>Logs the given message with the given level.</doc>
<status status="PASS" start="2024-07-20T01:06:36.973173" elapsed="0.000414"/>
</kw>
<kw name="Log" owner="BuiltIn">
<msg time="2024-07-20T01:06:36.974014" level="INFO">gender</msg>
<arg>${key}</arg>
<doc>Logs the given message with the given level.</doc>
<status status="PASS" start="2024-07-20T01:06:36.973886" elapsed="0.000165"/>
</kw>
<var name="${key}">gender</var>
<status status="PASS" start="2024-07-20T01:06:36.972458" elapsed="0.001812"/>
</iter>
<iter>
<kw name="Dictionary Should Contain Key" owner="Collections">
<arg>${json_data['results'][0]}</arg>
<arg>${key}</arg>
<doc>Fails if ``key`` is not found from ``dictionary``.</doc>
<status status="PASS" start="2024-07-20T01:06:36.974596" elapsed="0.000410"/>
</kw>
<kw name="Log" owner="BuiltIn">
<msg time="2024-07-20T01:06:36.975551" level="INFO">{'gender': 'male', 'name': {'title': 'Mr', 'first': 'Emil', 'last': 'Poulsen'}, 'location': {'street': {'number': 1334, 'name': 'Feriebyen'}, 'city': 'Sørvad', 'state': 'Danmark', 'country': 'Denmark', 'postcode': 43710, 'coordinates': {'latitude': '-42.3750', 'longitude': '-109.9064'}, 'timezone': {'offset': '+5:00', 'description': 'Ekaterinburg, Islamabad, Karachi, Tashkent'}}, 'email': 'emil.poulsen@example.com', 'login': {'uuid': '4da22d15-2b90-4238-adb3-0347998dd291', 'username': 'sadduck105', 'password': 'snapon', 'salt': 'jSJclnIP', 'md5': 'b760d9423d68cfa1b82eafe56757bd2d', 'sha1': 'afe37ad3484ee04decfad9cc1286fbdd8aa0d4cf', 'sha256': '0261ab18f749d633fab53f862ed79e82e69f2f80d7407f7d6acb696da9c16875'}, 'dob': {'date': '1958-05-09T21:58:22.281Z', 'age': 66}, 'registered': {'date': '2008-01-08T11:16:54.459Z', 'age': 16}, 'phone': '65588150', 'cell': '94349977', 'id': {'name': 'CPR', 'value': '090558-8259'}, 'picture': {'large': 'https://randomuser.me/api/portraits/men/45.jpg', 'medium': 'https://randomuser.me/api/portraits/med/men/45.jpg', 'thumbnail': 'https://randomuser.me/api/portraits/thumb/men/45.jpg'}, 'nat': 'DK'}</msg>
<arg>${json_data['results'][0]}</arg>
<doc>Logs the given message with the given level.</doc>
<status status="PASS" start="2024-07-20T01:06:36.975189" elapsed="0.000445"/>
</kw>
<kw name="Log" owner="BuiltIn">
<msg time="2024-07-20T01:06:36.976058" level="INFO">name</msg>
<arg>${key}</arg>
<doc>Logs the given message with the given level.</doc>
<status status="PASS" start="2024-07-20T01:06:36.975931" elapsed="0.000164"/>
</kw>
<var name="${key}">name</var>
<status status="PASS" start="2024-07-20T01:06:36.974474" elapsed="0.001836"/>
</iter>
<iter>
<kw name="Dictionary Should Contain Key" owner="Collections">
<arg>${json_data['results'][0]}</arg>
<arg>${key}</arg>
<doc>Fails if ``key`` is not found from ``dictionary``.</doc>
<status status="PASS" start="2024-07-20T01:06:36.976591" elapsed="0.000384"/>
</kw>
<kw name="Log" owner="BuiltIn">
<msg time="2024-07-20T01:06:36.977517" level="INFO">{'gender': 'male', 'name': {'title': 'Mr', 'first': 'Emil', 'last': 'Poulsen'}, 'location': {'street': {'number': 1334, 'name': 'Feriebyen'}, 'city': 'Sørvad', 'state': 'Danmark', 'country': 'Denmark', 'postcode': 43710, 'coordinates': {'latitude': '-42.3750', 'longitude': '-109.9064'}, 'timezone': {'offset': '+5:00', 'description': 'Ekaterinburg, Islamabad, Karachi, Tashkent'}}, 'email': 'emil.poulsen@example.com', 'login': {'uuid': '4da22d15-2b90-4238-adb3-0347998dd291', 'username': 'sadduck105', 'password': 'snapon', 'salt': 'jSJclnIP', 'md5': 'b760d9423d68cfa1b82eafe56757bd2d', 'sha1': 'afe37ad3484ee04decfad9cc1286fbdd8aa0d4cf', 'sha256': '0261ab18f749d633fab53f862ed79e82e69f2f80d7407f7d6acb696da9c16875'}, 'dob': {'date': '1958-05-09T21:58:22.281Z', 'age': 66}, 'registered': {'date': '2008-01-08T11:16:54.459Z', 'age': 16}, 'phone': '65588150', 'cell': '94349977', 'id': {'name': 'CPR', 'value': '090558-8259'}, 'picture': {'large': 'https://randomuser.me/api/portraits/men/45.jpg', 'medium': 'https://randomuser.me/api/portraits/med/men/45.jpg', 'thumbnail': 'https://randomuser.me/api/portraits/thumb/men/45.jpg'}, 'nat': 'DK'}</msg>
<arg>${json_data['results'][0]}</arg>
<doc>Logs the given message with the given level.</doc>
<status status="PASS" start="2024-07-20T01:06:36.977164" elapsed="0.000404"/>
</kw>
<kw name="Log" owner="BuiltIn">
<msg time="2024-07-20T01:06:36.977987" level="INFO">location</msg>
<arg>${key}</arg>
<doc>Logs the given message with the given level.</doc>
<status status="PASS" start="2024-07-20T01:06:36.977861" elapsed="0.000163"/>
</kw>
<var name="${key}">location</var>
<status status="PASS" start="2024-07-20T01:06:36.976484" elapsed="0.001758"/>
</iter>
<iter>
<kw name="Dictionary Should Contain Key" owner="Collections">
<arg>${json_data['results'][0]}</arg>
<arg>${key}</arg>
<doc>Fails if ``key`` is not found from ``dictionary``.</doc>
<status status="PASS" start="2024-07-20T01:06:36.978522" elapsed="0.000419"/>
</kw>
<kw name="Log" owner="BuiltIn">
<msg time="2024-07-20T01:06:36.979598" level="INFO">{'gender': 'male', 'name': {'title': 'Mr', 'first': 'Emil', 'last': 'Poulsen'}, 'location': {'street': {'number': 1334, 'name': 'Feriebyen'}, 'city': 'Sørvad', 'state': 'Danmark', 'country': 'Denmark', 'postcode': 43710, 'coordinates': {'latitude': '-42.3750', 'longitude': '-109.9064'}, 'timezone': {'offset': '+5:00', 'description': 'Ekaterinburg, Islamabad, Karachi, Tashkent'}}, 'email': 'emil.poulsen@example.com', 'login': {'uuid': '4da22d15-2b90-4238-adb3-0347998dd291', 'username': 'sadduck105', 'password': 'snapon', 'salt': 'jSJclnIP', 'md5': 'b760d9423d68cfa1b82eafe56757bd2d', 'sha1': 'afe37ad3484ee04decfad9cc1286fbdd8aa0d4cf', 'sha256': '0261ab18f749d633fab53f862ed79e82e69f2f80d7407f7d6acb696da9c16875'}, 'dob': {'date': '1958-05-09T21:58:22.281Z', 'age': 66}, 'registered': {'date': '2008-01-08T11:16:54.459Z', 'age': 16}, 'phone': '65588150', 'cell': '94349977', 'id': {'name': 'CPR', 'value': '090558-8259'}, 'picture': {'large': 'https://randomuser.me/api/portraits/men/45.jpg', 'medium': 'https://randomuser.me/api/portraits/med/men/45.jpg', 'thumbnail': 'https://randomuser.me/api/portraits/thumb/men/45.jpg'}, 'nat': 'DK'}</msg>
<arg>${json_data['results'][0]}</arg>
<doc>Logs the given message with the given level.</doc>
<status status="PASS" start="2024-07-20T01:06:36.979238" elapsed="0.000419"/>
</kw>
<kw name="Log" owner="BuiltIn">
<msg time="2024-07-20T01:06:36.980087" level="INFO">email</msg>
<arg>${key}</arg>
<doc>Logs the given message with the given level.</doc>
<status status="PASS" start="2024-07-20T01:06:36.979958" elapsed="0.000168"/>
</kw>
<var name="${key}">email</var>
<status status="PASS" start="2024-07-20T01:06:36.978415" elapsed="0.001926"/>
</iter>
<iter>
<kw name="Dictionary Should Contain Key" owner="Collections">
<arg>${json_data['results'][0]}</arg>
<arg>${key}</arg>
<doc>Fails if ``key`` is not found from ``dictionary``.</doc>
<status status="PASS" start="2024-07-20T01:06:36.980621" elapsed="0.000379"/>
</kw>
<kw name="Log" owner="BuiltIn">
<msg time="2024-07-20T01:06:36.981534" level="INFO">{'gender': 'male', 'name': {'title': 'Mr', 'first': 'Emil', 'last': 'Poulsen'}, 'location': {'street': {'number': 1334, 'name': 'Feriebyen'}, 'city': 'Sørvad', 'state': 'Danmark', 'country': 'Denmark', 'postcode': 43710, 'coordinates': {'latitude': '-42.3750', 'longitude': '-109.9064'}, 'timezone': {'offset': '+5:00', 'description': 'Ekaterinburg, Islamabad, Karachi, Tashkent'}}, 'email': 'emil.poulsen@example.com', 'login': {'uuid': '4da22d15-2b90-4238-adb3-0347998dd291', 'username': 'sadduck105', 'password': 'snapon', 'salt': 'jSJclnIP', 'md5': 'b760d9423d68cfa1b82eafe56757bd2d', 'sha1': 'afe37ad3484ee04decfad9cc1286fbdd8aa0d4cf', 'sha256': '0261ab18f749d633fab53f862ed79e82e69f2f80d7407f7d6acb696da9c16875'}, 'dob': {'date': '1958-05-09T21:58:22.281Z', 'age': 66}, 'registered': {'date': '2008-01-08T11:16:54.459Z', 'age': 16}, 'phone': '65588150', 'cell': '94349977', 'id': {'name': 'CPR', 'value': '090558-8259'}, 'picture': {'large': 'https://randomuser.me/api/portraits/men/45.jpg', 'medium': 'https://randomuser.me/api/portraits/med/men/45.jpg', 'thumbnail': 'https://randomuser.me/api/portraits/thumb/men/45.jpg'}, 'nat': 'DK'}</msg>
<arg>${json_data['results'][0]}</arg>
<doc>Logs the given message with the given level.</doc>
<status status="PASS" start="2024-07-20T01:06:36.981182" elapsed="0.000403"/>
</kw>
<kw name="Log" owner="BuiltIn">
<msg time="2024-07-20T01:06:36.982007" level="INFO">login</msg>
<arg>${key}</arg>
<doc>Logs the given message with the given level.</doc>
<status status="PASS" start="2024-07-20T01:06:36.981880" elapsed="0.000164"/>
</kw>
<var name="${key}">login</var>
<status status="PASS" start="2024-07-20T01:06:36.980514" elapsed="0.001742"/>
</iter>
<var>${key}</var>
<value>@{expected_keys}</value>
<status status="PASS" start="2024-07-20T01:06:36.972282" elapsed="0.010094"/>
</for>
<kw name="Create List" owner="BuiltIn">
<msg time="2024-07-20T01:06:36.982722" level="INFO">${expected_keysTwo} = ['username', 'password']</msg>
<var>${expected_keysTwo}</var>
<arg>username</arg>
<arg>password</arg>
<doc>Returns a list containing given items.</doc>
<status status="PASS" start="2024-07-20T01:06:36.982560" elapsed="0.000187"/>
</kw>
<for flavor="IN">
<iter>
<kw name="Dictionary Should Contain Key" owner="Collections">
<arg>${json_data['results'][0]['login']}</arg>
<arg>${keyTwo}</arg>
<doc>Fails if ``key`` is not found from ``dictionary``.</doc>
<status status="PASS" start="2024-07-20T01:06:36.983266" elapsed="0.000386"/>
</kw>
<kw name="Dictionary Should Contain Key" owner="Collections">
<arg>${json_data['results'][0]['login']}</arg>
<arg>${keyTwo}</arg>
<doc>Fails if ``key`` is not found from ``dictionary``.</doc>
<status status="PASS" start="2024-07-20T01:06:36.983834" elapsed="0.000374"/>
</kw>
<kw name="Log" owner="BuiltIn">
<msg time="2024-07-20T01:06:36.984507" level="INFO">username</msg>
<arg>${keyTwo}</arg>
<doc>Logs the given message with the given level.</doc>
<status status="PASS" start="2024-07-20T01:06:36.984386" elapsed="0.000159"/>
</kw>
<var name="${keyTwo}">username</var>
<status status="PASS" start="2024-07-20T01:06:36.983158" elapsed="0.001605"/>
</iter>
<iter>
<kw name="Dictionary Should Contain Key" owner="Collections">
<arg>${json_data['results'][0]['login']}</arg>
<arg>${keyTwo}</arg>
<doc>Fails if ``key`` is not found from ``dictionary``.</doc>
<status status="PASS" start="2024-07-20T01:06:36.985047" elapsed="0.000386"/>
</kw>
<kw name="Dictionary Should Contain Key" owner="Collections">
<arg>${json_data['results'][0]['login']}</arg>
<arg>${keyTwo}</arg>
<doc>Fails if ``key`` is not found from ``dictionary``.</doc>
<status status="PASS" start="2024-07-20T01:06:36.985612" elapsed="0.000377"/>
</kw>
<kw name="Log" owner="BuiltIn">
<msg time="2024-07-20T01:06:36.986291" level="INFO">password</msg>
<arg>${keyTwo}</arg>
<doc>Logs the given message with the given level.</doc>
<status status="PASS" start="2024-07-20T01:06:36.986166" elapsed="0.000161"/>
</kw>
<var name="${keyTwo}">password</var>
<status status="PASS" start="2024-07-20T01:06:36.984935" elapsed="0.001612"/>
</iter>
<var>${keyTwo}</var>
<value>@{expected_keysTwo}</value>
<status status="PASS" start="2024-07-20T01:06:36.983009" elapsed="0.003676"/>
</for>
<status status="PASS" start="2024-07-20T01:06:36.882553" elapsed="0.104282"/>
</kw>
<doc>Testa a estrutura da resposta da API.</doc>
<tag>testeEstruturaResposta</tag>
<status status="PASS" start="2024-07-20T01:06:36.881985" elapsed="0.104995"/>
</test>
<test id="s1-s1-t4" name="Validar tipos de dados" line="28">
<kw name="Teste de Tipos de Dados" owner="random-user-service">
<kw name="GET On Session" owner="RequestsLibrary">
<msg time="2024-07-20T01:06:37.066452" level="INFO">GET Request : url=https://randomuser.me/api 
 path_url=/api 
 headers={'User-Agent': 'python-requests/2.32.3', 'Accept-Encoding': 'gzip, deflate', 'Accept': '*/*', 'Connection': 'keep-alive'} 
 body=None 
 </msg>
<msg time="2024-07-20T01:06:37.066537" level="INFO">GET Response : url=https://randomuser.me/api 
 status=200, reason=OK 
 headers={'Date': 'Sat, 20 Jul 2024 01:06:37 GMT', 'Content-Type': 'application/json; charset=utf-8', 'Transfer-Encoding': 'chunked', 'Connection': 'keep-alive', 'X-Powered-By': 'Express', 'Access-Control-Allow-Origin': '*', 'Cache-Control': 'no-cache', 'ETag': 'W/"46f-WsB1uP6BWk/IDHO0sd8+k+OYQak"', 'Vary': 'Accept-Encoding', 'Content-Encoding': 'gzip', 'CF-Cache-Status': 'DYNAMIC', 'Report-To': '{"endpoints":[{"url":"https:\\/\\/a.nel.cloudflare.com\\/report\\/v4?s=y2Yg4%2Buw5cmRbXBVCzRw%2Bfh4cfTRdEwJRKHlqYZU8K1eOEh7wYkJwWb%2FRJz2uQ%2F39OnsaHh1ZV3UR03qiUuXEoXbAiX8PC0lv%2FcAs9lzyqtrLa0P63DRoh4uxW1NGueV"}],"group":"cf-nel","max_age":604800}', 'NEL': '{"success_fraction":0,"report_to":"cf-nel","max_age":604800}', 'Server': 'cloudflare', 'CF-RAY': '8a5f0cb52dbb1ff7-IAD', 'alt-svc': 'h3=":443"; ma=86400'} 
 body={"results":[{"gender":"female","name":{"title":"Mrs","first":"النا","last":"کوتی"},"location":{"street":{"number":6684,"name":"دستغیب"},"city":"سیرجان","state":"گلستان","country":"Iran","postcode":90459,"coordinates":{"latitude":"14.8499","longitude":"97.0733"},"timezone":{"offset":"+3:30","description":"Tehran"}},"email":"ln.khwty@example.com","login":{"uuid":"2e89a49e-e56b-46c7-abb3-17c18334ada5","username":"bluebird500","password":"rebecca1","salt":"vxRxWDAT","md5":"d35ba560c89cb7b898a0d3856fb6100c","sha1":"f3e0a756b0ea9e2be088f7e0b686dc1d960624e5","sha256":"5baa5b50acc4fac80ad34e45121bea8894f5615799632ccbe00f0687a6935dca"},"dob":{"date":"1988-02-03T22:21:28.751Z","age":36},"registered":{"date":"2004-03-23T03:48:45.514Z","age":20},"phone":"022-26863379","cell":"0906-810-6245","id":{"name":"","value":null},"picture":{"large":"https://randomuser.me/api/portraits/women/52.jpg","medium":"https://randomuser.me/api/portraits/med/women/52.jpg","thumbnail":"https://randomuser.me/api/portraits/thumb/women/52.jpg"},"nat":"IR"}],"info":{"seed":"806e393224876bec","results":1,"page":1,"version":"1.4"}} 
 </msg>
<msg time="2024-07-20T01:06:37.066613" level="INFO">/opt/hostedtoolcache/Python/3.12.4/x64/lib/python3.12/site-packages/urllib3/connectionpool.py:1099: InsecureRequestWarning: Unverified HTTPS request is being made to host 'randomuser.me'. Adding certificate verification is strongly advised. See: https://urllib3.readthedocs.io/en/latest/advanced-usage.html#tls-warnings
  warnings.warn(</msg>
<msg time="2024-07-20T01:06:37.066779" level="INFO">${response} = &lt;Response [200]&gt;</msg>
<var>${response}</var>
<arg>consultarAPI</arg>
<arg>/api</arg>
<doc>Sends a GET request on a previously created HTTP Session.</doc>
<status status="PASS" start="2024-07-20T01:06:36.989439" elapsed="0.077392"/>
</kw>
<kw name="Set Variable" owner="BuiltIn">
<msg time="2024-07-20T01:06:37.067830" level="INFO">${json_data} = {'results': [{'gender': 'female', 'name': {'title': 'Mrs', 'first': 'النا', 'last': 'کوتی'}, 'location': {'street': {'number': 6684, 'name': 'دستغیب'}, 'city': 'سیرجان', 'state': 'گلستان', 'country': ...</msg>
<var>${json_data}</var>
<arg>${response.json()}</arg>
<doc>Returns the given values which can then be assigned to a variables.</doc>
<status status="PASS" start="2024-07-20T01:06:37.067280" elapsed="0.000581"/>
</kw>
<kw name="Log" owner="BuiltIn">
<msg time="2024-07-20T01:06:37.068329" level="INFO">{'results': [{'gender': 'female', 'name': {'title': 'Mrs', 'first': 'النا', 'last': 'کوتی'}, 'location': {'street': {'number': 6684, 'name': 'دستغیب'}, 'city': 'سیرجان', 'state': 'گلستان', 'country': 'Iran', 'postcode': 90459, 'coordinates': {'latitude': '14.8499', 'longitude': '97.0733'}, 'timezone': {'offset': '+3:30', 'description': 'Tehran'}}, 'email': 'ln.khwty@example.com', 'login': {'uuid': '2e89a49e-e56b-46c7-abb3-17c18334ada5', 'username': 'bluebird500', 'password': 'rebecca1', 'salt': 'vxRxWDAT', 'md5': 'd35ba560c89cb7b898a0d3856fb6100c', 'sha1': 'f3e0a756b0ea9e2be088f7e0b686dc1d960624e5', 'sha256': '5baa5b50acc4fac80ad34e45121bea8894f5615799632ccbe00f0687a6935dca'}, 'dob': {'date': '1988-02-03T22:21:28.751Z', 'age': 36}, 'registered': {'date': '2004-03-23T03:48:45.514Z', 'age': 20}, 'phone': '022-26863379', 'cell': '0906-810-6245', 'id': {'name': '', 'value': None}, 'picture': {'large': 'https://randomuser.me/api/portraits/women/52.jpg', 'medium': 'https://randomuser.me/api/portraits/med/women/52.jpg', 'thumbnail': 'https://randomuser.me/api/portraits/thumb/women/52.jpg'}, 'nat': 'IR'}], 'info': {'seed': '806e393224876bec', 'results': 1, 'page': 1, 'version': '1.4'}}</msg>
<arg>${json_data}</arg>
<doc>Logs the given message with the given level.</doc>
<status status="PASS" start="2024-07-20T01:06:37.068175" elapsed="0.000202"/>
</kw>
<kw name="Should Be String" owner="String">
<arg>${json_data['results'][0]['gender']}</arg>
<doc>Fails if the given ``item`` is not a string.</doc>
<status status="PASS" start="2024-07-20T01:06:37.068664" elapsed="0.000381"/>
</kw>
<kw name="Should Match Regexp" owner="BuiltIn">
<arg>${json_data['results'][0]['email']}</arg>
<arg>^[a-zA-Z0-9._%+-]+@[a-zA-Z0-9.-]+\.[a-zA-Z]{2,}$</arg>
<doc>Fails if ``string`` does not match ``pattern`` as a regular expression.</doc>
<status status="PASS" start="2024-07-20T01:06:37.069233" elapsed="0.000498"/>
</kw>
<kw name="Should Match Regexp" owner="BuiltIn">
<arg>${json_data['results'][0]['dob']['date']}</arg>
<arg>\\d{4}-\\d{2}-\\d{2}T\\d{2}:\\d{2}:\\d{2}\\.\\d{3}Z</arg>
<doc>Fails if ``string`` does not match ``pattern`` as a regular expression.</doc>
<status status="PASS" start="2024-07-20T01:06:37.069958" elapsed="0.000600"/>
</kw>
<kw name="Should Match Regexp" owner="BuiltIn">
<arg>${json_data['results'][0]['registered']['date']}</arg>
<arg>\\d{4}-\\d{2}-\\d{2}T\\d{2}:\\d{2}:\\d{2}\\.\\d{3}Z</arg>
<doc>Fails if ``string`` does not match ``pattern`` as a regular expression.</doc>
<status status="PASS" start="2024-07-20T01:06:37.070793" elapsed="0.000378"/>
</kw>
<kw name="Should Match Regexp" owner="BuiltIn">
<arg>${json_data['results'][0]['picture']['large']}</arg>
<arg>^https?://.*\.(?:png|jpe?g|gif|bmp)$</arg>
<doc>Fails if ``string`` does not match ``pattern`` as a regular expression.</doc>
<status status="PASS" start="2024-07-20T01:06:37.071358" elapsed="0.000466"/>
</kw>
<kw name="Should Match Regexp" owner="BuiltIn">
<arg>${json_data['results'][0]['picture']['medium']}</arg>
<arg>^https?://.*\.(?:png|jpe?g|gif|bmp)$</arg>
<doc>Fails if ``string`` does not match ``pattern`` as a regular expression.</doc>
<status status="PASS" start="2024-07-20T01:06:37.072010" elapsed="0.000356"/>
</kw>
<kw name="Should Match Regexp" owner="BuiltIn">
<arg>${json_data['results'][0]['picture']['thumbnail']}</arg>
<arg>^https?://.*\.(?:png|jpe?g|gif|bmp)$</arg>
<doc>Fails if ``string`` does not match ``pattern`` as a regular expression.</doc>
<status status="PASS" start="2024-07-20T01:06:37.072549" elapsed="0.000351"/>
</kw>
<kw name="Log" owner="BuiltIn">
<msg time="2024-07-20T01:06:37.073408" level="INFO">{'large': 'https://randomuser.me/api/portraits/women/52.jpg', 'medium': 'https://randomuser.me/api/portraits/med/women/52.jpg', 'thumbnail': 'https://randomuser.me/api/portraits/thumb/women/52.jpg'}</msg>
<arg>${json_data['results'][0]['picture']}</arg>
<doc>Logs the given message with the given level.</doc>
<status status="PASS" start="2024-07-20T01:06:37.073080" elapsed="0.000370"/>
</kw>
<status status="PASS" start="2024-07-20T01:06:36.989222" elapsed="0.084481"/>
</kw>
<kw name="Teste de Tipos de Dados - Postcode" owner="random-user-service">
<kw name="GET On Session" owner="RequestsLibrary">
<msg time="2024-07-20T01:06:37.166585" level="INFO">GET Request : url=https://randomuser.me/api 
 path_url=/api 
 headers={'User-Agent': 'python-requests/2.32.3', 'Accept-Encoding': 'gzip, deflate', 'Accept': '*/*', 'Connection': 'keep-alive'} 
 body=None 
 </msg>
<msg time="2024-07-20T01:06:37.166706" level="INFO">GET Response : url=https://randomuser.me/api 
 status=200, reason=OK 
 headers={'Date': 'Sat, 20 Jul 2024 01:06:37 GMT', 'Content-Type': 'application/json; charset=utf-8', 'Transfer-Encoding': 'chunked', 'Connection': 'keep-alive', 'X-Powered-By': 'Express', 'Access-Control-Allow-Origin': '*', 'Cache-Control': 'no-cache', 'ETag': 'W/"471-ix81CJyOJVgt+ENx1V0npHb7KJ0"', 'Vary': 'Accept-Encoding', 'Content-Encoding': 'gzip', 'CF-Cache-Status': 'DYNAMIC', 'Report-To': '{"endpoints":[{"url":"https:\\/\\/a.nel.cloudflare.com\\/report\\/v4?s=Dcwuk0%2BE1yGpyI%2B%2BbkN7R19Y0vw%2BG3z8Yz7jJp1zCMAnYtObjCfs%2F9ZAzA%2FdPPJX%2BOV5RCt0vvyW%2B2XrkQgx87QaO8%2BN76UWowVW4MZ1nDkqEt7Qvg3IuG673mVfPfox"}],"group":"cf-nel","max_age":604800}', 'NEL': '{"success_fraction":0,"report_to":"cf-nel","max_age":604800}', 'Server': 'cloudflare', 'CF-RAY': '8a5f0cb5be491ff7-IAD', 'alt-svc': 'h3=":443"; ma=86400'} 
 body={"results":[{"gender":"female","name":{"title":"Mrs","first":"Layla","last":"Wood"},"location":{"street":{"number":7986,"name":"Tweed Street"},"city":"Wellington","state":"Taranaki","country":"New Zealand","postcode":61198,"coordinates":{"latitude":"53.7107","longitude":"7.8217"},"timezone":{"offset":"-3:30","description":"Newfoundland"}},"email":"layla.wood@example.com","login":{"uuid":"8e85ceeb-928e-4348-bb57-0e691a0557ca","username":"heavybear924","password":"firefigh","salt":"jG5nqGEU","md5":"1ebfe9ca830ce9a45b063f563ca3c4a3","sha1":"bfd2626ad70c90d29803365012325424b018970c","sha256":"a798b5f6eb986f2eac2f3f4ad698014b600a558dc89d3e2737c3568ccbdf970e"},"dob":{"date":"1968-06-30T11:22:05.052Z","age":56},"registered":{"date":"2014-07-01T16:33:49.720Z","age":10},"phone":"(603)-347-6289","cell":"(657)-124-2314","id":{"name":"","value":null},"picture":{"large":"https://randomuser.me/api/portraits/women/9.jpg","medium":"https://randomuser.me/api/portraits/med/women/9.jpg","thumbnail":"https://randomuser.me/api/portraits/thumb/women/9.jpg"},"nat":"NZ"}],"info":{"seed":"e6c511ebcda35a94","results":1,"page":1,"version":"1.4"}} 
 </msg>
<msg time="2024-07-20T01:06:37.166784" level="INFO">/opt/hostedtoolcache/Python/3.12.4/x64/lib/python3.12/site-packages/urllib3/connectionpool.py:1099: InsecureRequestWarning: Unverified HTTPS request is being made to host 'randomuser.me'. Adding certificate verification is strongly advised. See: https://urllib3.readthedocs.io/en/latest/advanced-usage.html#tls-warnings
  warnings.warn(</msg>
<msg time="2024-07-20T01:06:37.166898" level="INFO">${response} = &lt;Response [200]&gt;</msg>
<var>${response}</var>
<arg>consultarAPI</arg>
<arg>/api</arg>
<doc>Sends a GET request on a previously created HTTP Session.</doc>
<status status="PASS" start="2024-07-20T01:06:37.074127" elapsed="0.092826"/>
</kw>
<kw name="Set Variable" owner="BuiltIn">
<msg time="2024-07-20T01:06:37.167974" level="INFO">${json_data} = {'results': [{'gender': 'female', 'name': {'title': 'Mrs', 'first': 'Layla', 'last': 'Wood'}, 'location': {'street': {'number': 7986, 'name': 'Tweed Street'}, 'city': 'Wellington', 'state': 'Taranaki'...</msg>
<var>${json_data}</var>
<arg>${response.json()}</arg>
<doc>Returns the given values which can then be assigned to a variables.</doc>
<status status="PASS" start="2024-07-20T01:06:37.167425" elapsed="0.000577"/>
</kw>
<kw name="Log" owner="BuiltIn">
<msg time="2024-07-20T01:06:37.168466" level="INFO">{'results': [{'gender': 'female', 'name': {'title': 'Mrs', 'first': 'Layla', 'last': 'Wood'}, 'location': {'street': {'number': 7986, 'name': 'Tweed Street'}, 'city': 'Wellington', 'state': 'Taranaki', 'country': 'New Zealand', 'postcode': 61198, 'coordinates': {'latitude': '53.7107', 'longitude': '7.8217'}, 'timezone': {'offset': '-3:30', 'description': 'Newfoundland'}}, 'email': 'layla.wood@example.com', 'login': {'uuid': '8e85ceeb-928e-4348-bb57-0e691a0557ca', 'username': 'heavybear924', 'password': 'firefigh', 'salt': 'jG5nqGEU', 'md5': '1ebfe9ca830ce9a45b063f563ca3c4a3', 'sha1': 'bfd2626ad70c90d29803365012325424b018970c', 'sha256': 'a798b5f6eb986f2eac2f3f4ad698014b600a558dc89d3e2737c3568ccbdf970e'}, 'dob': {'date': '1968-06-30T11:22:05.052Z', 'age': 56}, 'registered': {'date': '2014-07-01T16:33:49.720Z', 'age': 10}, 'phone': '(603)-347-6289', 'cell': '(657)-124-2314', 'id': {'name': '', 'value': None}, 'picture': {'large': 'https://randomuser.me/api/portraits/women/9.jpg', 'medium': 'https://randomuser.me/api/portraits/med/women/9.jpg', 'thumbnail': 'https://randomuser.me/api/portraits/thumb/women/9.jpg'}, 'nat': 'NZ'}], 'info': {'seed': 'e6c511ebcda35a94', 'results': 1, 'page': 1, 'version': '1.4'}}</msg>
<arg>${json_data}</arg>
<doc>Logs the given message with the given level.</doc>
<status status="PASS" start="2024-07-20T01:06:37.168314" elapsed="0.000197"/>
</kw>
<kw name="Should Be Equal As Numbers" owner="BuiltIn">
<arg>${json_data['results'][0]['location']['postcode']}</arg>
<arg>${json_data['results'][0]['location']['postcode']}</arg>
<doc>Fails if objects are unequal after converting them to real numbers.</doc>
<status status="PASS" start="2024-07-20T01:06:37.168796" elapsed="0.000615"/>
</kw>
<kw name="Log" owner="BuiltIn">
<msg time="2024-07-20T01:06:37.169936" level="INFO">61198</msg>
<arg>${json_data['results'][0]['location']['postcode']}</arg>
<doc>Logs the given message with the given level.</doc>
<status status="PASS" start="2024-07-20T01:06:37.169602" elapsed="0.000374"/>
</kw>
<status status="PASS" start="2024-07-20T01:06:37.073906" elapsed="0.096340"/>
</kw>
<doc>Testa se os tipos de dados na resposta da API estão corretos.</doc>
<tag>testeTiposDados</tag>
<status status="PASS" start="2024-07-20T01:06:36.988693" elapsed="0.181711"/>
</test>
<test id="s1-s1-t5" name="Validar conteudo" line="35">
<kw name="Teste de Tipos de Conteudo" owner="random-user-service">
<kw name="GET On Session" owner="RequestsLibrary">
<msg time="2024-07-20T01:06:37.266077" level="INFO">GET Request : url=https://randomuser.me/api 
 path_url=/api 
 headers={'User-Agent': 'python-requests/2.32.3', 'Accept-Encoding': 'gzip, deflate', 'Accept': '*/*', 'Connection': 'keep-alive'} 
 body=None 
 </msg>
<msg time="2024-07-20T01:06:37.266161" level="INFO">GET Response : url=https://randomuser.me/api 
 status=200, reason=OK 
 headers={'Date': 'Sat, 20 Jul 2024 01:06:37 GMT', 'Content-Type': 'application/json; charset=utf-8', 'Transfer-Encoding': 'chunked', 'Connection': 'keep-alive', 'X-Powered-By': 'Express', 'Access-Control-Allow-Origin': '*', 'Cache-Control': 'no-cache', 'ETag': 'W/"484-aqIheWx0/pyS/2N8xnzYLCN0nfM"', 'Vary': 'Accept-Encoding', 'Content-Encoding': 'gzip', 'CF-Cache-Status': 'DYNAMIC', 'Report-To': '{"endpoints":[{"url":"https:\\/\\/a.nel.cloudflare.com\\/report\\/v4?s=08fYQ6d2iEbV%2FNOIY7b7brwhoYsYOvpIzyriuZxe1E%2FBlXUfDxwbCZxpEhr308D%2F%2FBZXC8XY5WrXlA%2BnP388onXjeMZmOjRpcpjcaX0k0lGaXkK3HjvvqAxE76fK5lle"}],"group":"cf-nel","max_age":604800}', 'NEL': '{"success_fraction":0,"report_to":"cf-nel","max_age":604800}', 'Server': 'cloudflare', 'CF-RAY': '8a5f0cb65f041ff7-IAD', 'alt-svc': 'h3=":443"; ma=86400'} 
 body={"results":[{"gender":"male","name":{"title":"Mr","first":"Alan","last":"Pena"},"location":{"street":{"number":4180,"name":"Mockingbird Ln"},"city":"Fresno","state":"Kentucky","country":"United States","postcode":19546,"coordinates":{"latitude":"86.7622","longitude":"-168.7056"},"timezone":{"offset":"+6:00","description":"Almaty, Dhaka, Colombo"}},"email":"alan.pena@example.com","login":{"uuid":"0bc68551-6899-4b70-bcaa-395a93accdd1","username":"purpleostrich295","password":"ronald","salt":"xIKKSCdC","md5":"9318d11ced5e4e3108d5147bda3c7df9","sha1":"d44d26b4260f22117d03f81534a47cfeafe62441","sha256":"c64afc39c534891965463de053e926c2b9583404199261858e82731fea9e730f"},"dob":{"date":"1977-11-12T13:28:02.317Z","age":46},"registered":{"date":"2008-10-13T04:37:34.194Z","age":15},"phone":"(626) 878-8017","cell":"(498) 789-4613","id":{"name":"SSN","value":"504-85-6466"},"picture":{"large":"https://randomuser.me/api/portraits/men/64.jpg","medium":"https://randomuser.me/api/portraits/med/men/64.jpg","thumbnail":"https://randomuser.me/api/portraits/thumb/men/64.jpg"},"nat":"US"}],"info":{"seed":"ec001f93c4cf9944","results":1,"page":1,"version":"1.4"}} 
 </msg>
<msg time="2024-07-20T01:06:37.266233" level="INFO">/opt/hostedtoolcache/Python/3.12.4/x64/lib/python3.12/site-packages/urllib3/connectionpool.py:1099: InsecureRequestWarning: Unverified HTTPS request is being made to host 'randomuser.me'. Adding certificate verification is strongly advised. See: https://urllib3.readthedocs.io/en/latest/advanced-usage.html#tls-warnings
  warnings.warn(</msg>
<msg time="2024-07-20T01:06:37.266319" level="INFO">${response} = &lt;Response [200]&gt;</msg>
<var>${response}</var>
<arg>consultarAPI</arg>
<arg>/api</arg>
<doc>Sends a GET request on a previously created HTTP Session.</doc>
<status status="PASS" start="2024-07-20T01:06:37.172860" elapsed="0.093492"/>
</kw>
<kw name="Set Variable" owner="BuiltIn">
<msg time="2024-07-20T01:06:37.267212" level="INFO">${json_data} = {'results': [{'gender': 'male', 'name': {'title': 'Mr', 'first': 'Alan', 'last': 'Pena'}, 'location': {'street': {'number': 4180, 'name': 'Mockingbird Ln'}, 'city': 'Fresno', 'state': 'Kentucky', 'cou...</msg>
<var>${json_data}</var>
<arg>${response.json()}</arg>
<doc>Returns the given values which can then be assigned to a variables.</doc>
<status status="PASS" start="2024-07-20T01:06:37.266758" elapsed="0.000484"/>
</kw>
<kw name="Set Variable" owner="BuiltIn">
<msg time="2024-07-20T01:06:37.267933" level="INFO">${name_title} = Mr</msg>
<var>${name_title}</var>
<arg>${json_data["results"][0]["name"]["title"]}</arg>
<doc>Returns the given values which can then be assigned to a variables.</doc>
<status status="PASS" start="2024-07-20T01:06:37.267541" elapsed="0.000417"/>
</kw>
<kw name="Create List" owner="BuiltIn">
<msg time="2024-07-20T01:06:37.268406" level="INFO">${allowed_titles} = ['Mr', 'Ms', 'Miss', 'Mrs', 'Madame', 'Monsieur']</msg>
<var>${allowed_titles}</var>
<arg>Mr</arg>
<arg>Ms</arg>
<arg>Miss</arg>
<arg>Mrs</arg>
<arg>Madame</arg>
<arg>Monsieur</arg>
<doc>Returns a list containing given items.</doc>
<status status="PASS" start="2024-07-20T01:06:37.268259" elapsed="0.000172"/>
</kw>
<kw name="List Should Contain Value" owner="Collections">
<arg>${allowed_titles}</arg>
<arg>${name_title}</arg>
<doc>Fails if the ``value`` is not found from ``list``.</doc>
<status status="PASS" start="2024-07-20T01:06:37.268720" elapsed="0.000179"/>
</kw>
<kw name="Set Variable" owner="BuiltIn">
<msg time="2024-07-20T01:06:37.269474" level="INFO">${name_country} = US</msg>
<var>${name_country}</var>
<arg>${json_data["results"][0]["nat"]}</arg>
<doc>Returns the given values which can then be assigned to a variables.</doc>
<status status="PASS" start="2024-07-20T01:06:37.269084" elapsed="0.000415"/>
</kw>
<kw name="Create List" owner="BuiltIn">
<msg time="2024-07-20T01:06:37.270406" level="INFO">${list_country} = ['AD', 'AE', 'AF', 'AG', 'AI', 'AL', 'AM', 'AO', 'AQ', 'AR', 'AS', 'AT', 'AU', 'AW', 'AX', 'AZ', 'BA', 'BB', 'BD', 'BE', 'BF', 'BG', 'BH', 'BI', 'BJ', 'BL', 'BM', 'BN', 'BO', 'BQ', 'BR', 'BS', 'BT', '...</msg>
<var>${list_country}</var>
<arg>AD</arg>
<arg>AE</arg>
<arg>AF</arg>
<arg>AG</arg>
<arg>AI</arg>
<arg>AL</arg>
<arg>AM</arg>
<arg>AO</arg>
<arg>AQ</arg>
<arg>AR</arg>
<arg>AS</arg>
<arg>AT</arg>
<arg>AU</arg>
<arg>AW</arg>
<arg>AX</arg>
<arg>AZ</arg>
<arg>BA</arg>
<arg>BB</arg>
<arg>BD</arg>
<arg>BE</arg>
<arg>BF</arg>
<arg>BG</arg>
<arg>BH</arg>
<arg>BI</arg>
<arg>BJ</arg>
<arg>BL</arg>
<arg>BM</arg>
<arg>BN</arg>
<arg>BO</arg>
<arg>BQ</arg>
<arg>BR</arg>
<arg>BS</arg>
<arg>BT</arg>
<arg>BV</arg>
<arg>BW</arg>
<arg>BY</arg>
<arg>BZ</arg>
<arg>CA</arg>
<arg>CC</arg>
<arg>CD</arg>
<arg>CF</arg>
<arg>CG</arg>
<arg>CH</arg>
<arg>CI</arg>
<arg>CK</arg>
<arg>CL</arg>
<arg>CM</arg>
<arg>CN</arg>
<arg>CO</arg>
<arg>CR</arg>
<arg>CU</arg>
<arg>CV</arg>
<arg>CW</arg>
<arg>CX</arg>
<arg>CY</arg>
<arg>CZ</arg>
<arg>DE</arg>
<arg>DJ</arg>
<arg>DK</arg>
<arg>DM</arg>
<arg>DO</arg>
<arg>DZ</arg>
<arg>EC</arg>
<arg>EE</arg>
<arg>EG</arg>
<arg>EH</arg>
<arg>ER</arg>
<arg>ES</arg>
<arg>ET</arg>
<arg>FI</arg>
<arg>FJ</arg>
<arg>FK</arg>
<arg>FM</arg>
<arg>FO</arg>
<arg>FR</arg>
<arg>GA</arg>
<arg>GB</arg>
<arg>GD</arg>
<arg>GE</arg>
<arg>GF</arg>
<arg>GG</arg>
<arg>GH</arg>
<arg>GI</arg>
<arg>GL</arg>
<arg>GM</arg>
<arg>GN</arg>
<arg>GP</arg>
<arg>GQ</arg>
<arg>GR</arg>
<arg>GS</arg>
<arg>GT</arg>
<arg>GU</arg>
<arg>GW</arg>
<arg>GY</arg>
<arg>HK</arg>
<arg>HM</arg>
<arg>HN</arg>
<arg>HR</arg>
<arg>HT</arg>
<arg>HU</arg>
<arg>ID</arg>
<arg>IE</arg>
<arg>IL</arg>
<arg>IM</arg>
<arg>IN</arg>
<arg>IO</arg>
<arg>IQ</arg>
<arg>IR</arg>
<arg>IS</arg>
<arg>IT</arg>
<arg>JE</arg>
<arg>JM</arg>
<arg>JO</arg>
<arg>JP</arg>
<arg>KE</arg>
<arg>KG</arg>
<arg>KH</arg>
<arg>KI</arg>
<arg>KM</arg>
<arg>KN</arg>
<arg>KP</arg>
<arg>KR</arg>
<arg>KW</arg>
<arg>KY</arg>
<arg>KZ</arg>
<arg>LA</arg>
<arg>LB</arg>
<arg>LC</arg>
<arg>LI</arg>
<arg>LK</arg>
<arg>LR</arg>
<arg>LS</arg>
<arg>LT</arg>
<arg>LU</arg>
<arg>LV</arg>
<arg>LY</arg>
<arg>MA</arg>
<arg>MC</arg>
<arg>MD</arg>
<arg>ME</arg>
<arg>MF</arg>
<arg>MG</arg>
<arg>MH</arg>
<arg>MK</arg>
<arg>ML</arg>
<arg>MM</arg>
<arg>MN</arg>
<arg>MO</arg>
<arg>MP</arg>
<arg>MQ</arg>
<arg>MR</arg>
<arg>MS</arg>
<arg>MT</arg>
<arg>MU</arg>
<arg>MV</arg>
<arg>MW</arg>
<arg>MX</arg>
<arg>MY</arg>
<arg>MZ</arg>
<arg>NA</arg>
<arg>NC</arg>
<arg>NE</arg>
<arg>NF</arg>
<arg>NG</arg>
<arg>NI</arg>
<arg>NL</arg>
<arg>NO</arg>
<arg>NP</arg>
<arg>NR</arg>
<arg>NU</arg>
<arg>NZ</arg>
<arg>OM</arg>
<arg>PA</arg>
<arg>PE</arg>
<arg>PF</arg>
<arg>PG</arg>
<arg>PH</arg>
<arg>PK</arg>
<arg>PL</arg>
<arg>PM</arg>
<arg>PN</arg>
<arg>PR</arg>
<arg>PS</arg>
<arg>PT</arg>
<arg>PW</arg>
<arg>PY</arg>
<arg>QA</arg>
<arg>RE</arg>
<arg>RO</arg>
<arg>RS</arg>
<arg>RU</arg>
<arg>RW</arg>
<arg>SA</arg>
<arg>SB</arg>
<arg>SC</arg>
<arg>SD</arg>
<arg>SE</arg>
<arg>SG</arg>
<arg>SH</arg>
<arg>SI</arg>
<arg>SJ</arg>
<arg>SK</arg>
<arg>SL</arg>
<arg>SM</arg>
<arg>SN</arg>
<arg>SO</arg>
<arg>SR</arg>
<arg>SS</arg>
<arg>ST</arg>
<arg>SV</arg>
<arg>SX</arg>
<arg>SY</arg>
<arg>SZ</arg>
<arg>TC</arg>
<arg>TD</arg>
<arg>TF</arg>
<arg>TG</arg>
<arg>TH</arg>
<arg>TJ</arg>
<arg>TK</arg>
<arg>TL</arg>
<arg>TM</arg>
<arg>TN</arg>
<arg>TO</arg>
<arg>TR</arg>
<arg>TT</arg>
<arg>TV</arg>
<arg>TW</arg>
<arg>TZ</arg>
<arg>UA</arg>
<arg>UG</arg>
<arg>UM</arg>
<arg>US</arg>
<arg>UY</arg>
<arg>UZ</arg>
<arg>VA</arg>
<arg>VC</arg>
<arg>VE</arg>
<arg>VG</arg>
<arg>VI</arg>
<arg>VN</arg>
<arg>VU</arg>
<arg>WF</arg>
<arg>WS</arg>
<arg>XK</arg>
<arg>YE</arg>
<arg>YT</arg>
<arg>ZA</arg>
<arg>ZM</arg>
<arg>ZW</arg>
<doc>Returns a list containing given items.</doc>
<status status="PASS" start="2024-07-20T01:06:37.269789" elapsed="0.000642"/>
</kw>
<kw name="List Should Contain Value" owner="Collections">
<arg>${list_country}</arg>
<arg>${name_country}</arg>
<doc>Fails if the ``value`` is not found from ``list``.</doc>
<status status="PASS" start="2024-07-20T01:06:37.271382" elapsed="0.000211"/>
</kw>
<kw name="Run Keyword If" owner="BuiltIn">
<kw name="Should Be True" owner="BuiltIn">
<arg>${True}</arg>
<doc>Fails if the given condition is not true.</doc>
<status status="PASS" start="2024-07-20T01:06:37.272532" elapsed="0.000139"/>
</kw>
<arg>${json_data["results"][0]["location"]["coordinates"]["latitude"]} &gt;= -90 and ${json_data["results"][0]["location"]["coordinates"]["latitude"]} &lt;= 90</arg>
<arg>Should Be True</arg>
<arg>${True}</arg>
<doc>Runs the given keyword with the given arguments, if ``condition`` is true.</doc>
<status status="PASS" start="2024-07-20T01:06:37.271789" elapsed="0.001004"/>
</kw>
<kw name="Run Keyword If" owner="BuiltIn">
<kw name="Should Be True" owner="BuiltIn">
<arg>${True}</arg>
<doc>Fails if the given condition is not true.</doc>
<status status="PASS" start="2024-07-20T01:06:37.273676" elapsed="0.000136"/>
</kw>
<arg>${json_data["results"][0]["location"]["coordinates"]["longitude"]} &gt;= -180 and ${json_data["results"][0]["location"]["coordinates"]["longitude"]} &lt;= 180</arg>
<arg>Should Be True</arg>
<arg>${True}</arg>
<doc>Runs the given keyword with the given arguments, if ``condition`` is true.</doc>
<status status="PASS" start="2024-07-20T01:06:37.272975" elapsed="0.000960"/>
</kw>
<status status="PASS" start="2024-07-20T01:06:37.172646" elapsed="0.101415"/>
</kw>
<doc>Testa o conteúdo específico dos campos retornados pela API.</doc>
<tag>testeConteudo</tag>
<status status="PASS" start="2024-07-20T01:06:37.172145" elapsed="0.102055"/>
</test>
<status status="PASS" start="2024-07-20T01:06:36.275020" elapsed="1.001073"/>
</suite>
<status status="PASS" start="2024-07-20T01:06:36.260547" elapsed="1.020454"/>
</suite>
<statistics>
<total>
<stat pass="5" fail="0" skip="0">All Tests</stat>
</total>
<tag>
<stat pass="1" fail="0" skip="0">testeConteudo</stat>
<stat pass="1" fail="0" skip="0">testeEstruturaResposta</stat>
<stat pass="1" fail="0" skip="0">testeRequisicaoBasica</stat>
<stat pass="1" fail="0" skip="0">testeTiposDados</stat>
</tag>
<suite>
<stat pass="5" fail="0" skip="0" id="s1" name="Tests">Tests</stat>
<stat pass="5" fail="0" skip="0" id="s1-s1" name="Random-User-Test">Tests.Random-User-Test</stat>
</suite>
</statistics>
<errors>
</errors>
</robot>
