<?xml version="1.0" encoding="UTF-8"?>
<robot generator="Robot 7.0 (Python 3.12.3 on linux)" generated="2024-04-27T17:12:21.569824" rpa="false" schemaversion="5">
<suite id="s1" name="Tests" source="/home/runner/work/DesafioQAItauRogerioJordao/DesafioQAItauRogerioJordao/RamdonUser/tests">
<suite id="s1-s1" name="Random-User-Test" source="/home/runner/work/DesafioQAItauRogerioJordao/DesafioQAItauRogerioJordao/RamdonUser/tests/random-user-test.robot">
<test id="s1-s1-t1" name="Conectar" line="13">
<kw name="Conectar API" owner="random-user-service">
<kw name="Create Session" owner="RequestsLibrary">
<msg time="2024-04-27T17:12:21.932898" level="INFO">Creating Session using : alias=consultarAPI, url=https://randomuser.me/, headers={},                     cookies={}, auth=None, timeout=None, proxies=None, verify=False,                     debug=0 </msg>
<arg>consultarAPI</arg>
<arg>${URL}</arg>
<doc>Create Session: create a HTTP session to a server</doc>
<status status="PASS" start="2024-04-27T17:12:21.932650" elapsed="0.000473"/>
</kw>
<status status="PASS" start="2024-04-27T17:12:21.931256" elapsed="0.002304"/>
</kw>
<status status="PASS" start="2024-04-27T17:12:21.930535" elapsed="0.003262"/>
</test>
<test id="s1-s1-t2" name="Validar retorno 200 e JSON Válido" line="16">
<kw name="Teste de Requisicao Basica" owner="random-user-service">
<kw name="GET On Session" owner="RequestsLibrary">
<msg time="2024-04-27T17:12:22.023563" level="INFO">GET Request : url=https://randomuser.me/api 
 path_url=/api 
 headers={'User-Agent': 'python-requests/2.31.0', 'Accept-Encoding': 'gzip, deflate', 'Accept': '*/*', 'Connection': 'keep-alive'} 
 body=None 
 </msg>
<msg time="2024-04-27T17:12:22.023681" level="INFO">GET Response : url=https://randomuser.me/api 
 status=200, reason=OK 
 headers={'Date': 'Sat, 27 Apr 2024 17:12:22 GMT', 'Content-Type': 'application/json; charset=utf-8', 'Transfer-Encoding': 'chunked', 'Connection': 'keep-alive', 'X-Powered-By': 'Express', 'Access-Control-Allow-Origin': '*', 'Cache-Control': 'no-cache', 'ETag': 'W/"48e-poz+uA4EPBhz7yRscmUUcMbbxg0"', 'Vary': 'Accept-Encoding', 'Content-Encoding': 'gzip', 'CF-Cache-Status': 'DYNAMIC', 'Report-To': '{"endpoints":[{"url":"https:\\/\\/a.nel.cloudflare.com\\/report\\/v4?s=Sb%2FrLxxorZABEda3jz5XnSzgQxX3Z3SSWmAnH3Ry2DXS35yzl8HOZ3crrSwjyPRkREMuOsTIAgU%2Fj67JGQE700vok3RKhEEzmXzZaJmZNoTkGw7NX%2Fnu8bZeMGdRttyQ"}],"group":"cf-nel","max_age":604800}', 'NEL': '{"success_fraction":0,"report_to":"cf-nel","max_age":604800}', 'Server': 'cloudflare', 'CF-RAY': '87b06fe16a2d8286-IAD', 'alt-svc': 'h3=":443"; ma=86400'} 
 body={"results":[{"gender":"male","name":{"title":"Mr","first":"Rochdi","last":"Van Slooten"},"location":{"street":{"number":5711,"name":"Grettingalaan"},"city":"Ooltgensplaat","state":"Overijssel","country":"Netherlands","postcode":"4047 RG","coordinates":{"latitude":"35.9650","longitude":"-63.0155"},"timezone":{"offset":"-2:00","description":"Mid-Atlantic"}},"email":"rochdi.vanslooten@example.com","login":{"uuid":"ce699ab4-22ac-4b57-9a57-0d6a4635ed04","username":"greenladybug154","password":"muscle","salt":"ijQYRwDe","md5":"bf8f71c40bd647d39fde172c7d3589cd","sha1":"89f0088dbde89a7a989904a8a83a2c72c754250b","sha256":"6c89347daef5336016d7a82fb3c22cc49d00a12d9f3711b4ac0f980d14404b16"},"dob":{"date":"1991-07-05T08:02:04.550Z","age":32},"registered":{"date":"2010-06-12T11:08:11.656Z","age":13},"phone":"(0435) 431553","cell":"(06) 76839613","id":{"name":"BSN","value":"27847350"},"picture":{"large":"https://randomuser.me/api/portraits/men/66.jpg","medium":"https://randomuser.me/api/portraits/med/men/66.jpg","thumbnail":"https://randomuser.me/api/portraits/thumb/men/66.jpg"},"nat":"NL"}],"info":{"seed":"e880c67fa34abcd1","results":1,"page":1,"version":"1.4"}} 
 </msg>
<msg time="2024-04-27T17:12:22.023748" level="INFO">/opt/hostedtoolcache/Python/3.12.3/x64/lib/python3.12/site-packages/urllib3/connectionpool.py:1103: InsecureRequestWarning: Unverified HTTPS request is being made to host 'randomuser.me'. Adding certificate verification is strongly advised. See: https://urllib3.readthedocs.io/en/latest/advanced-usage.html#tls-warnings
  warnings.warn(</msg>
<msg time="2024-04-27T17:12:22.023852" level="INFO">${response} = &lt;Response [200]&gt;</msg>
<var>${response}</var>
<arg>consultarAPI</arg>
<arg>/api</arg>
<doc>Sends a GET request on a previously created HTTP Session.</doc>
<status status="PASS" start="2024-04-27T17:12:21.936448" elapsed="0.087445"/>
</kw>
<kw name="Should Be Equal As Numbers" owner="BuiltIn">
<msg time="2024-04-27T17:12:22.024737" level="INFO">Argument types are:
&lt;class 'int'&gt;
&lt;class 'str'&gt;</msg>
<arg>${response.status_code}</arg>
<arg>200</arg>
<doc>Fails if objects are unequal after converting them to real numbers.</doc>
<status status="PASS" start="2024-04-27T17:12:22.024321" elapsed="0.000480"/>
</kw>
<kw name="Log" owner="BuiltIn">
<msg time="2024-04-27T17:12:22.025522" level="INFO">200</msg>
<arg>${response.status_code}</arg>
<doc>Logs the given message with the given level.</doc>
<status status="PASS" start="2024-04-27T17:12:22.025154" elapsed="0.000413"/>
</kw>
<kw name="Set Variable" owner="BuiltIn">
<msg time="2024-04-27T17:12:22.026352" level="INFO">${json_data} = {'results': [{'gender': 'male', 'name': {'title': 'Mr', 'first': 'Rochdi', 'last': 'Van Slooten'}, 'location': {'street': {'number': 5711, 'name': 'Grettingalaan'}, 'city': 'Ooltgensplaat', 'state': '...</msg>
<var>${json_data}</var>
<arg>${response.json()}</arg>
<doc>Returns the given values which can then be assigned to a variables.</doc>
<status status="PASS" start="2024-04-27T17:12:22.025874" elapsed="0.000512"/>
</kw>
<kw name="Dictionary Should Contain Key" owner="Collections">
<msg time="2024-04-27T17:12:22.026871" level="INFO">False</msg>
<arg>${json_data}</arg>
<arg>results</arg>
<doc>Fails if ``key`` is not found from ``dictionary``.</doc>
<status status="PASS" start="2024-04-27T17:12:22.026703" elapsed="0.000213"/>
</kw>
<status status="PASS" start="2024-04-27T17:12:21.936191" elapsed="0.090984"/>
</kw>
<doc>Testa se a API responde corretamente e retorna um objeto JSON válido.</doc>
<tag>testeRequisicaoBasica</tag>
<status status="PASS" start="2024-04-27T17:12:21.935711" elapsed="0.091634"/>
</test>
<test id="s1-s1-t3" name="Validar estrutura de resposta" line="22">
<kw name="Teste de Estrutura de Resposta" owner="random-user-service">
<kw name="GET On Session" owner="RequestsLibrary">
<msg time="2024-04-27T17:12:22.129105" level="INFO">GET Request : url=https://randomuser.me/api 
 path_url=/api 
 headers={'User-Agent': 'python-requests/2.31.0', 'Accept-Encoding': 'gzip, deflate', 'Accept': '*/*', 'Connection': 'keep-alive'} 
 body=None 
 </msg>
<msg time="2024-04-27T17:12:22.129198" level="INFO">GET Response : url=https://randomuser.me/api 
 status=200, reason=OK 
 headers={'Date': 'Sat, 27 Apr 2024 17:12:22 GMT', 'Content-Type': 'application/json; charset=utf-8', 'Transfer-Encoding': 'chunked', 'Connection': 'keep-alive', 'X-Powered-By': 'Express', 'Access-Control-Allow-Origin': '*', 'Cache-Control': 'no-cache', 'ETag': 'W/"49c-1KyPsFiQnj2yCmIzXLfAR1cDHbk"', 'Vary': 'Accept-Encoding', 'Content-Encoding': 'gzip', 'CF-Cache-Status': 'DYNAMIC', 'Report-To': '{"endpoints":[{"url":"https:\\/\\/a.nel.cloudflare.com\\/report\\/v4?s=40Eb%2BNCdaV984e%2FPC28eJ7iYLlOHp3ZyJIF1lPmy%2Fe84sbc%2BSmq%2BJWo2tJtgBRv4t2cgwqqHQpIMel0Ncuzw68AB4SgB0GaOfWrGcIu6l7tTnyo4LHnMhZA2G5K4OBy5"}],"group":"cf-nel","max_age":604800}', 'NEL': '{"success_fraction":0,"report_to":"cf-nel","max_age":604800}', 'Server': 'cloudflare', 'CF-RAY': '87b06fe1ba808286-IAD', 'alt-svc': 'h3=":443"; ma=86400'} 
 body={"results":[{"gender":"female","name":{"title":"Ms","first":"Olivia","last":"Rosas"},"location":{"street":{"number":4108,"name":"Boulevard República Checa"},"city":"San Lucas Ojitlán","state":"Michoacan","country":"Mexico","postcode":14306,"coordinates":{"latitude":"28.0093","longitude":"52.7664"},"timezone":{"offset":"-11:00","description":"Midway Island, Samoa"}},"email":"olivia.rosas@example.com","login":{"uuid":"ccb062b7-0a64-498b-8908-2c6c74baad45","username":"lazycat795","password":"1972","salt":"QytLFRaJ","md5":"6147dac31c8ab2868ac59d27d5125cf7","sha1":"b505ef17a8092e231ad94d99062d036a3561381a","sha256":"11cbd8823bb62e8d63d1c28a73620b54f9cfe2e3b6aa65f348694d539c7f7483"},"dob":{"date":"1966-12-07T17:47:26.094Z","age":57},"registered":{"date":"2018-04-11T07:24:36.107Z","age":6},"phone":"(627) 668 2357","cell":"(674) 285 4383","id":{"name":"NSS","value":"95 42 85 1912 5"},"picture":{"large":"https://randomuser.me/api/portraits/women/47.jpg","medium":"https://randomuser.me/api/portraits/med/women/47.jpg","thumbnail":"https://randomuser.me/api/portraits/thumb/women/47.jpg"},"nat":"MX"}],"info":{"seed":"47112b646d075839","results":1,"page":1,"version":"1.4"}} 
 </msg>
<msg time="2024-04-27T17:12:22.129331" level="INFO">/opt/hostedtoolcache/Python/3.12.3/x64/lib/python3.12/site-packages/urllib3/connectionpool.py:1103: InsecureRequestWarning: Unverified HTTPS request is being made to host 'randomuser.me'. Adding certificate verification is strongly advised. See: https://urllib3.readthedocs.io/en/latest/advanced-usage.html#tls-warnings
  warnings.warn(</msg>
<msg time="2024-04-27T17:12:22.129464" level="INFO">${response} = &lt;Response [200]&gt;</msg>
<var>${response}</var>
<arg>consultarAPI</arg>
<arg>/api</arg>
<doc>Sends a GET request on a previously created HTTP Session.</doc>
<status status="PASS" start="2024-04-27T17:12:22.029892" elapsed="0.099625"/>
</kw>
<kw name="Set Variable" owner="BuiltIn">
<msg time="2024-04-27T17:12:22.130720" level="INFO">${json_data} = {'results': [{'gender': 'female', 'name': {'title': 'Ms', 'first': 'Olivia', 'last': 'Rosas'}, 'location': {'street': {'number': 4108, 'name': 'Boulevard República Checa'}, 'city': 'San Lucas Ojitlán'...</msg>
<var>${json_data}</var>
<arg>${response.json()}</arg>
<doc>Returns the given values which can then be assigned to a variables.</doc>
<status status="PASS" start="2024-04-27T17:12:22.130084" elapsed="0.000667"/>
</kw>
<kw name="Log" owner="BuiltIn">
<msg time="2024-04-27T17:12:22.131254" level="INFO">{'results': [{'gender': 'female', 'name': {'title': 'Ms', 'first': 'Olivia', 'last': 'Rosas'}, 'location': {'street': {'number': 4108, 'name': 'Boulevard República Checa'}, 'city': 'San Lucas Ojitlán', 'state': 'Michoacan', 'country': 'Mexico', 'postcode': 14306, 'coordinates': {'latitude': '28.0093', 'longitude': '52.7664'}, 'timezone': {'offset': '-11:00', 'description': 'Midway Island, Samoa'}}, 'email': 'olivia.rosas@example.com', 'login': {'uuid': 'ccb062b7-0a64-498b-8908-2c6c74baad45', 'username': 'lazycat795', 'password': '1972', 'salt': 'QytLFRaJ', 'md5': '6147dac31c8ab2868ac59d27d5125cf7', 'sha1': 'b505ef17a8092e231ad94d99062d036a3561381a', 'sha256': '11cbd8823bb62e8d63d1c28a73620b54f9cfe2e3b6aa65f348694d539c7f7483'}, 'dob': {'date': '1966-12-07T17:47:26.094Z', 'age': 57}, 'registered': {'date': '2018-04-11T07:24:36.107Z', 'age': 6}, 'phone': '(627) 668 2357', 'cell': '(674) 285 4383', 'id': {'name': 'NSS', 'value': '95 42 85 1912 5'}, 'picture': {'large': 'https://randomuser.me/api/portraits/women/47.jpg', 'medium': 'https://randomuser.me/api/portraits/med/women/47.jpg', 'thumbnail': 'https://randomuser.me/api/portraits/thumb/women/47.jpg'}, 'nat': 'MX'}], 'info': {'seed': '47112b646d075839', 'results': 1, 'page': 1, 'version': '1.4'}}</msg>
<arg>${json_data}</arg>
<doc>Logs the given message with the given level.</doc>
<status status="PASS" start="2024-04-27T17:12:22.131085" elapsed="0.000221"/>
</kw>
<kw name="Dictionary Should Contain Key" owner="Collections">
<msg time="2024-04-27T17:12:22.131775" level="INFO">False</msg>
<arg>${json_data}</arg>
<arg>results</arg>
<doc>Fails if ``key`` is not found from ``dictionary``.</doc>
<status status="PASS" start="2024-04-27T17:12:22.131610" elapsed="0.000204"/>
</kw>
<kw name="Should Not Be Empty" owner="BuiltIn">
<msg time="2024-04-27T17:12:22.132252" level="INFO">Length is 2.</msg>
<arg>${json_data}</arg>
<doc>Verifies that the given item is not empty.</doc>
<status status="PASS" start="2024-04-27T17:12:22.132112" elapsed="0.000179"/>
</kw>
<kw name="Create List" owner="BuiltIn">
<msg time="2024-04-27T17:12:22.132888" level="INFO">${expected_keys} = ['gender', 'name', 'location', 'email', 'login']</msg>
<var>${expected_keys}</var>
<arg>gender</arg>
<arg>name</arg>
<arg>location</arg>
<arg>email</arg>
<arg>login</arg>
<doc>Returns a list containing given items.</doc>
<status status="PASS" start="2024-04-27T17:12:22.132593" elapsed="0.000320"/>
</kw>
<for flavor="IN">
<iter>
<kw name="Dictionary Should Contain Key" owner="Collections">
<msg time="2024-04-27T17:12:22.133905" level="INFO">False</msg>
<arg>${json_data['results'][0]}</arg>
<arg>${key}</arg>
<doc>Fails if ``key`` is not found from ``dictionary``.</doc>
<status status="PASS" start="2024-04-27T17:12:22.133501" elapsed="0.000443"/>
</kw>
<kw name="Log" owner="BuiltIn">
<msg time="2024-04-27T17:12:22.134664" level="INFO">{'gender': 'female', 'name': {'title': 'Ms', 'first': 'Olivia', 'last': 'Rosas'}, 'location': {'street': {'number': 4108, 'name': 'Boulevard República Checa'}, 'city': 'San Lucas Ojitlán', 'state': 'Michoacan', 'country': 'Mexico', 'postcode': 14306, 'coordinates': {'latitude': '28.0093', 'longitude': '52.7664'}, 'timezone': {'offset': '-11:00', 'description': 'Midway Island, Samoa'}}, 'email': 'olivia.rosas@example.com', 'login': {'uuid': 'ccb062b7-0a64-498b-8908-2c6c74baad45', 'username': 'lazycat795', 'password': '1972', 'salt': 'QytLFRaJ', 'md5': '6147dac31c8ab2868ac59d27d5125cf7', 'sha1': 'b505ef17a8092e231ad94d99062d036a3561381a', 'sha256': '11cbd8823bb62e8d63d1c28a73620b54f9cfe2e3b6aa65f348694d539c7f7483'}, 'dob': {'date': '1966-12-07T17:47:26.094Z', 'age': 57}, 'registered': {'date': '2018-04-11T07:24:36.107Z', 'age': 6}, 'phone': '(627) 668 2357', 'cell': '(674) 285 4383', 'id': {'name': 'NSS', 'value': '95 42 85 1912 5'}, 'picture': {'large': 'https://randomuser.me/api/portraits/women/47.jpg', 'medium': 'https://randomuser.me/api/portraits/med/women/47.jpg', 'thumbnail': 'https://randomuser.me/api/portraits/thumb/women/47.jpg'}, 'nat': 'MX'}</msg>
<arg>${json_data['results'][0]}</arg>
<doc>Logs the given message with the given level.</doc>
<status status="PASS" start="2024-04-27T17:12:22.134252" elapsed="0.000463"/>
</kw>
<kw name="Log" owner="BuiltIn">
<msg time="2024-04-27T17:12:22.135146" level="INFO">gender</msg>
<arg>${key}</arg>
<doc>Logs the given message with the given level.</doc>
<status status="PASS" start="2024-04-27T17:12:22.135016" elapsed="0.000168"/>
</kw>
<var name="${key}">gender</var>
<status status="PASS" start="2024-04-27T17:12:22.133376" elapsed="0.002025"/>
</iter>
<iter>
<kw name="Dictionary Should Contain Key" owner="Collections">
<msg time="2024-04-27T17:12:22.136283" level="INFO">False</msg>
<arg>${json_data['results'][0]}</arg>
<arg>${key}</arg>
<doc>Fails if ``key`` is not found from ``dictionary``.</doc>
<status status="PASS" start="2024-04-27T17:12:22.135869" elapsed="0.000453"/>
</kw>
<kw name="Log" owner="BuiltIn">
<msg time="2024-04-27T17:12:22.137018" level="INFO">{'gender': 'female', 'name': {'title': 'Ms', 'first': 'Olivia', 'last': 'Rosas'}, 'location': {'street': {'number': 4108, 'name': 'Boulevard República Checa'}, 'city': 'San Lucas Ojitlán', 'state': 'Michoacan', 'country': 'Mexico', 'postcode': 14306, 'coordinates': {'latitude': '28.0093', 'longitude': '52.7664'}, 'timezone': {'offset': '-11:00', 'description': 'Midway Island, Samoa'}}, 'email': 'olivia.rosas@example.com', 'login': {'uuid': 'ccb062b7-0a64-498b-8908-2c6c74baad45', 'username': 'lazycat795', 'password': '1972', 'salt': 'QytLFRaJ', 'md5': '6147dac31c8ab2868ac59d27d5125cf7', 'sha1': 'b505ef17a8092e231ad94d99062d036a3561381a', 'sha256': '11cbd8823bb62e8d63d1c28a73620b54f9cfe2e3b6aa65f348694d539c7f7483'}, 'dob': {'date': '1966-12-07T17:47:26.094Z', 'age': 57}, 'registered': {'date': '2018-04-11T07:24:36.107Z', 'age': 6}, 'phone': '(627) 668 2357', 'cell': '(674) 285 4383', 'id': {'name': 'NSS', 'value': '95 42 85 1912 5'}, 'picture': {'large': 'https://randomuser.me/api/portraits/women/47.jpg', 'medium': 'https://randomuser.me/api/portraits/med/women/47.jpg', 'thumbnail': 'https://randomuser.me/api/portraits/thumb/women/47.jpg'}, 'nat': 'MX'}</msg>
<arg>${json_data['results'][0]}</arg>
<doc>Logs the given message with the given level.</doc>
<status status="PASS" start="2024-04-27T17:12:22.136652" elapsed="0.000416"/>
</kw>
<kw name="Log" owner="BuiltIn">
<msg time="2024-04-27T17:12:22.137496" level="INFO">name</msg>
<arg>${key}</arg>
<doc>Logs the given message with the given level.</doc>
<status status="PASS" start="2024-04-27T17:12:22.137367" elapsed="0.000167"/>
</kw>
<var name="${key}">name</var>
<status status="PASS" start="2024-04-27T17:12:22.135673" elapsed="0.002074"/>
</iter>
<iter>
<kw name="Dictionary Should Contain Key" owner="Collections">
<msg time="2024-04-27T17:12:22.138459" level="INFO">False</msg>
<arg>${json_data['results'][0]}</arg>
<arg>${key}</arg>
<doc>Fails if ``key`` is not found from ``dictionary``.</doc>
<status status="PASS" start="2024-04-27T17:12:22.138039" elapsed="0.000459"/>
</kw>
<kw name="Log" owner="BuiltIn">
<msg time="2024-04-27T17:12:22.139174" level="INFO">{'gender': 'female', 'name': {'title': 'Ms', 'first': 'Olivia', 'last': 'Rosas'}, 'location': {'street': {'number': 4108, 'name': 'Boulevard República Checa'}, 'city': 'San Lucas Ojitlán', 'state': 'Michoacan', 'country': 'Mexico', 'postcode': 14306, 'coordinates': {'latitude': '28.0093', 'longitude': '52.7664'}, 'timezone': {'offset': '-11:00', 'description': 'Midway Island, Samoa'}}, 'email': 'olivia.rosas@example.com', 'login': {'uuid': 'ccb062b7-0a64-498b-8908-2c6c74baad45', 'username': 'lazycat795', 'password': '1972', 'salt': 'QytLFRaJ', 'md5': '6147dac31c8ab2868ac59d27d5125cf7', 'sha1': 'b505ef17a8092e231ad94d99062d036a3561381a', 'sha256': '11cbd8823bb62e8d63d1c28a73620b54f9cfe2e3b6aa65f348694d539c7f7483'}, 'dob': {'date': '1966-12-07T17:47:26.094Z', 'age': 57}, 'registered': {'date': '2018-04-11T07:24:36.107Z', 'age': 6}, 'phone': '(627) 668 2357', 'cell': '(674) 285 4383', 'id': {'name': 'NSS', 'value': '95 42 85 1912 5'}, 'picture': {'large': 'https://randomuser.me/api/portraits/women/47.jpg', 'medium': 'https://randomuser.me/api/portraits/med/women/47.jpg', 'thumbnail': 'https://randomuser.me/api/portraits/thumb/women/47.jpg'}, 'nat': 'MX'}</msg>
<arg>${json_data['results'][0]}</arg>
<doc>Logs the given message with the given level.</doc>
<status status="PASS" start="2024-04-27T17:12:22.138806" elapsed="0.000418"/>
</kw>
<kw name="Log" owner="BuiltIn">
<msg time="2024-04-27T17:12:22.139649" level="INFO">location</msg>
<arg>${key}</arg>
<doc>Logs the given message with the given level.</doc>
<status status="PASS" start="2024-04-27T17:12:22.139520" elapsed="0.000189"/>
</kw>
<var name="${key}">location</var>
<status status="PASS" start="2024-04-27T17:12:22.137928" elapsed="0.001999"/>
</iter>
<iter>
<kw name="Dictionary Should Contain Key" owner="Collections">
<msg time="2024-04-27T17:12:22.140593" level="INFO">False</msg>
<arg>${json_data['results'][0]}</arg>
<arg>${key}</arg>
<doc>Fails if ``key`` is not found from ``dictionary``.</doc>
<status status="PASS" start="2024-04-27T17:12:22.140212" elapsed="0.000417"/>
</kw>
<kw name="Log" owner="BuiltIn">
<msg time="2024-04-27T17:12:22.141295" level="INFO">{'gender': 'female', 'name': {'title': 'Ms', 'first': 'Olivia', 'last': 'Rosas'}, 'location': {'street': {'number': 4108, 'name': 'Boulevard República Checa'}, 'city': 'San Lucas Ojitlán', 'state': 'Michoacan', 'country': 'Mexico', 'postcode': 14306, 'coordinates': {'latitude': '28.0093', 'longitude': '52.7664'}, 'timezone': {'offset': '-11:00', 'description': 'Midway Island, Samoa'}}, 'email': 'olivia.rosas@example.com', 'login': {'uuid': 'ccb062b7-0a64-498b-8908-2c6c74baad45', 'username': 'lazycat795', 'password': '1972', 'salt': 'QytLFRaJ', 'md5': '6147dac31c8ab2868ac59d27d5125cf7', 'sha1': 'b505ef17a8092e231ad94d99062d036a3561381a', 'sha256': '11cbd8823bb62e8d63d1c28a73620b54f9cfe2e3b6aa65f348694d539c7f7483'}, 'dob': {'date': '1966-12-07T17:47:26.094Z', 'age': 57}, 'registered': {'date': '2018-04-11T07:24:36.107Z', 'age': 6}, 'phone': '(627) 668 2357', 'cell': '(674) 285 4383', 'id': {'name': 'NSS', 'value': '95 42 85 1912 5'}, 'picture': {'large': 'https://randomuser.me/api/portraits/women/47.jpg', 'medium': 'https://randomuser.me/api/portraits/med/women/47.jpg', 'thumbnail': 'https://randomuser.me/api/portraits/thumb/women/47.jpg'}, 'nat': 'MX'}</msg>
<arg>${json_data['results'][0]}</arg>
<doc>Logs the given message with the given level.</doc>
<status status="PASS" start="2024-04-27T17:12:22.140926" elapsed="0.000418"/>
</kw>
<kw name="Log" owner="BuiltIn">
<msg time="2024-04-27T17:12:22.141767" level="INFO">email</msg>
<arg>${key}</arg>
<doc>Logs the given message with the given level.</doc>
<status status="PASS" start="2024-04-27T17:12:22.141639" elapsed="0.000166"/>
</kw>
<var name="${key}">email</var>
<status status="PASS" start="2024-04-27T17:12:22.140102" elapsed="0.001918"/>
</iter>
<iter>
<kw name="Dictionary Should Contain Key" owner="Collections">
<msg time="2024-04-27T17:12:22.142729" level="INFO">False</msg>
<arg>${json_data['results'][0]}</arg>
<arg>${key}</arg>
<doc>Fails if ``key`` is not found from ``dictionary``.</doc>
<status status="PASS" start="2024-04-27T17:12:22.142327" elapsed="0.000439"/>
</kw>
<kw name="Log" owner="BuiltIn">
<msg time="2024-04-27T17:12:22.143436" level="INFO">{'gender': 'female', 'name': {'title': 'Ms', 'first': 'Olivia', 'last': 'Rosas'}, 'location': {'street': {'number': 4108, 'name': 'Boulevard República Checa'}, 'city': 'San Lucas Ojitlán', 'state': 'Michoacan', 'country': 'Mexico', 'postcode': 14306, 'coordinates': {'latitude': '28.0093', 'longitude': '52.7664'}, 'timezone': {'offset': '-11:00', 'description': 'Midway Island, Samoa'}}, 'email': 'olivia.rosas@example.com', 'login': {'uuid': 'ccb062b7-0a64-498b-8908-2c6c74baad45', 'username': 'lazycat795', 'password': '1972', 'salt': 'QytLFRaJ', 'md5': '6147dac31c8ab2868ac59d27d5125cf7', 'sha1': 'b505ef17a8092e231ad94d99062d036a3561381a', 'sha256': '11cbd8823bb62e8d63d1c28a73620b54f9cfe2e3b6aa65f348694d539c7f7483'}, 'dob': {'date': '1966-12-07T17:47:26.094Z', 'age': 57}, 'registered': {'date': '2018-04-11T07:24:36.107Z', 'age': 6}, 'phone': '(627) 668 2357', 'cell': '(674) 285 4383', 'id': {'name': 'NSS', 'value': '95 42 85 1912 5'}, 'picture': {'large': 'https://randomuser.me/api/portraits/women/47.jpg', 'medium': 'https://randomuser.me/api/portraits/med/women/47.jpg', 'thumbnail': 'https://randomuser.me/api/portraits/thumb/women/47.jpg'}, 'nat': 'MX'}</msg>
<arg>${json_data['results'][0]}</arg>
<doc>Logs the given message with the given level.</doc>
<status status="PASS" start="2024-04-27T17:12:22.143067" elapsed="0.000419"/>
</kw>
<kw name="Log" owner="BuiltIn">
<msg time="2024-04-27T17:12:22.143908" level="INFO">login</msg>
<arg>${key}</arg>
<doc>Logs the given message with the given level.</doc>
<status status="PASS" start="2024-04-27T17:12:22.143782" elapsed="0.000164"/>
</kw>
<var name="${key}">login</var>
<status status="PASS" start="2024-04-27T17:12:22.142193" elapsed="0.001994"/>
</iter>
<var>${key}</var>
<value>@{expected_keys}</value>
<status status="PASS" start="2024-04-27T17:12:22.133188" elapsed="0.011125"/>
</for>
<kw name="Create List" owner="BuiltIn">
<msg time="2024-04-27T17:12:22.144642" level="INFO">${expected_keysTwo} = ['username', 'password']</msg>
<var>${expected_keysTwo}</var>
<arg>username</arg>
<arg>password</arg>
<doc>Returns a list containing given items.</doc>
<status status="PASS" start="2024-04-27T17:12:22.144504" elapsed="0.000162"/>
</kw>
<for flavor="IN">
<iter>
<kw name="Dictionary Should Contain Key" owner="Collections">
<msg time="2024-04-27T17:12:22.145556" level="INFO">False</msg>
<arg>${json_data['results'][0]['login']}</arg>
<arg>${keyTwo}</arg>
<doc>Fails if ``key`` is not found from ``dictionary``.</doc>
<status status="PASS" start="2024-04-27T17:12:22.145170" elapsed="0.000424"/>
</kw>
<kw name="Dictionary Should Contain Key" owner="Collections">
<msg time="2024-04-27T17:12:22.146281" level="INFO">False</msg>
<arg>${json_data['results'][0]['login']}</arg>
<arg>${keyTwo}</arg>
<doc>Fails if ``key`` is not found from ``dictionary``.</doc>
<status status="PASS" start="2024-04-27T17:12:22.145888" elapsed="0.000461"/>
</kw>
<kw name="Log" owner="BuiltIn">
<msg time="2024-04-27T17:12:22.146775" level="INFO">username</msg>
<arg>${keyTwo}</arg>
<doc>Logs the given message with the given level.</doc>
<status status="PASS" start="2024-04-27T17:12:22.146648" elapsed="0.000164"/>
</kw>
<var name="${keyTwo}">username</var>
<status status="PASS" start="2024-04-27T17:12:22.145059" elapsed="0.001963"/>
</iter>
<iter>
<kw name="Dictionary Should Contain Key" owner="Collections">
<msg time="2024-04-27T17:12:22.147691" level="INFO">False</msg>
<arg>${json_data['results'][0]['login']}</arg>
<arg>${keyTwo}</arg>
<doc>Fails if ``key`` is not found from ``dictionary``.</doc>
<status status="PASS" start="2024-04-27T17:12:22.147306" elapsed="0.000428"/>
</kw>
<kw name="Dictionary Should Contain Key" owner="Collections">
<msg time="2024-04-27T17:12:22.148486" level="INFO">False</msg>
<arg>${json_data['results'][0]['login']}</arg>
<arg>${keyTwo}</arg>
<doc>Fails if ``key`` is not found from ``dictionary``.</doc>
<status status="PASS" start="2024-04-27T17:12:22.148027" elapsed="0.000497"/>
</kw>
<kw name="Log" owner="BuiltIn">
<msg time="2024-04-27T17:12:22.148951" level="INFO">password</msg>
<arg>${keyTwo}</arg>
<doc>Logs the given message with the given level.</doc>
<status status="PASS" start="2024-04-27T17:12:22.148825" elapsed="0.000164"/>
</kw>
<var name="${keyTwo}">password</var>
<status status="PASS" start="2024-04-27T17:12:22.147192" elapsed="0.002009"/>
</iter>
<var>${keyTwo}</var>
<value>@{expected_keysTwo}</value>
<status status="PASS" start="2024-04-27T17:12:22.144904" elapsed="0.004418"/>
</for>
<status status="PASS" start="2024-04-27T17:12:22.029662" elapsed="0.119800"/>
</kw>
<doc>Testa a estrutura da resposta da API.</doc>
<tag>testeEstruturaResposta</tag>
<status status="PASS" start="2024-04-27T17:12:22.029173" elapsed="0.120442"/>
</test>
<test id="s1-s1-t4" name="Validar tipos de dados" line="28">
<kw name="Teste de Tipos de Dados" owner="random-user-service">
<kw name="GET On Session" owner="RequestsLibrary">
<msg time="2024-04-27T17:12:22.238393" level="INFO">GET Request : url=https://randomuser.me/api 
 path_url=/api 
 headers={'User-Agent': 'python-requests/2.31.0', 'Accept-Encoding': 'gzip, deflate', 'Accept': '*/*', 'Connection': 'keep-alive'} 
 body=None 
 </msg>
<msg time="2024-04-27T17:12:22.238478" level="INFO">GET Response : url=https://randomuser.me/api 
 status=200, reason=OK 
 headers={'Date': 'Sat, 27 Apr 2024 17:12:22 GMT', 'Content-Type': 'application/json; charset=utf-8', 'Transfer-Encoding': 'chunked', 'Connection': 'keep-alive', 'X-Powered-By': 'Express', 'Access-Control-Allow-Origin': '*', 'Cache-Control': 'no-cache', 'ETag': 'W/"478-BtfOQT1TBRh30ZhpCzZB+8MXR78"', 'Vary': 'Accept-Encoding', 'Content-Encoding': 'gzip', 'CF-Cache-Status': 'DYNAMIC', 'Report-To': '{"endpoints":[{"url":"https:\\/\\/a.nel.cloudflare.com\\/report\\/v4?s=gPZ45xsk6AL2sVoYw2ErkBLT58LwWMwlqNInyy4UcIIUgONpj963xTLIpkDV2rivld4KgiMPlcFJJWVQ%2F%2Bvs2ZHpP7j%2Bq843cH9iZxyMlc6WJFTTQfQ1bQn7jZlVRU1A"}],"group":"cf-nel","max_age":604800}', 'NEL': '{"success_fraction":0,"report_to":"cf-nel","max_age":604800}', 'Server': 'cloudflare', 'CF-RAY': '87b06fe27b1d8286-IAD', 'alt-svc': 'h3=":443"; ma=86400'} 
 body={"results":[{"gender":"male","name":{"title":"Mr","first":"Shaun","last":"Ray"},"location":{"street":{"number":5229,"name":"New Street"},"city":"Liverpool","state":"Cheshire","country":"United Kingdom","postcode":"Y40 5QP","coordinates":{"latitude":"-5.3747","longitude":"-97.5326"},"timezone":{"offset":"+5:45","description":"Kathmandu"}},"email":"shaun.ray@example.com","login":{"uuid":"ebc8881d-971c-485b-b765-b222bcd70cbe","username":"greengoose726","password":"islander","salt":"KDfVItQR","md5":"0fc49f765e6d2d8afe6618fc0e3bdae0","sha1":"4f245904faf3e2985e6eb05629bf5c00afb3c234","sha256":"8543d44ab2a6caf68a72b86a7a2087b03f9c00475f6b34b21cc353acb16da0bc"},"dob":{"date":"1953-09-25T06:59:24.535Z","age":70},"registered":{"date":"2004-12-17T00:03:01.445Z","age":19},"phone":"017684 71621","cell":"07869 681405","id":{"name":"NINO","value":"BL 23 08 67 H"},"picture":{"large":"https://randomuser.me/api/portraits/men/17.jpg","medium":"https://randomuser.me/api/portraits/med/men/17.jpg","thumbnail":"https://randomuser.me/api/portraits/thumb/men/17.jpg"},"nat":"GB"}],"info":{"seed":"ee61e3cc6854d953","results":1,"page":1,"version":"1.4"}} 
 </msg>
<msg time="2024-04-27T17:12:22.238554" level="INFO">/opt/hostedtoolcache/Python/3.12.3/x64/lib/python3.12/site-packages/urllib3/connectionpool.py:1103: InsecureRequestWarning: Unverified HTTPS request is being made to host 'randomuser.me'. Adding certificate verification is strongly advised. See: https://urllib3.readthedocs.io/en/latest/advanced-usage.html#tls-warnings
  warnings.warn(</msg>
<msg time="2024-04-27T17:12:22.238686" level="INFO">${response} = &lt;Response [200]&gt;</msg>
<var>${response}</var>
<arg>consultarAPI</arg>
<arg>/api</arg>
<doc>Sends a GET request on a previously created HTTP Session.</doc>
<status status="PASS" start="2024-04-27T17:12:22.152189" elapsed="0.086548"/>
</kw>
<kw name="Set Variable" owner="BuiltIn">
<msg time="2024-04-27T17:12:22.239813" level="INFO">${json_data} = {'results': [{'gender': 'male', 'name': {'title': 'Mr', 'first': 'Shaun', 'last': 'Ray'}, 'location': {'street': {'number': 5229, 'name': 'New Street'}, 'city': 'Liverpool', 'state': 'Cheshire', 'coun...</msg>
<var>${json_data}</var>
<arg>${response.json()}</arg>
<doc>Returns the given values which can then be assigned to a variables.</doc>
<status status="PASS" start="2024-04-27T17:12:22.239246" elapsed="0.000596"/>
</kw>
<kw name="Log" owner="BuiltIn">
<msg time="2024-04-27T17:12:22.240305" level="INFO">{'results': [{'gender': 'male', 'name': {'title': 'Mr', 'first': 'Shaun', 'last': 'Ray'}, 'location': {'street': {'number': 5229, 'name': 'New Street'}, 'city': 'Liverpool', 'state': 'Cheshire', 'country': 'United Kingdom', 'postcode': 'Y40 5QP', 'coordinates': {'latitude': '-5.3747', 'longitude': '-97.5326'}, 'timezone': {'offset': '+5:45', 'description': 'Kathmandu'}}, 'email': 'shaun.ray@example.com', 'login': {'uuid': 'ebc8881d-971c-485b-b765-b222bcd70cbe', 'username': 'greengoose726', 'password': 'islander', 'salt': 'KDfVItQR', 'md5': '0fc49f765e6d2d8afe6618fc0e3bdae0', 'sha1': '4f245904faf3e2985e6eb05629bf5c00afb3c234', 'sha256': '8543d44ab2a6caf68a72b86a7a2087b03f9c00475f6b34b21cc353acb16da0bc'}, 'dob': {'date': '1953-09-25T06:59:24.535Z', 'age': 70}, 'registered': {'date': '2004-12-17T00:03:01.445Z', 'age': 19}, 'phone': '017684 71621', 'cell': '07869 681405', 'id': {'name': 'NINO', 'value': 'BL 23 08 67 H'}, 'picture': {'large': 'https://randomuser.me/api/portraits/men/17.jpg', 'medium': 'https://randomuser.me/api/portraits/med/men/17.jpg', 'thumbnail': 'https://randomuser.me/api/portraits/thumb/men/17.jpg'}, 'nat': 'GB'}], 'info': {'seed': 'ee61e3cc6854d953', 'results': 1, 'page': 1, 'version': '1.4'}}</msg>
<arg>${json_data}</arg>
<doc>Logs the given message with the given level.</doc>
<status status="PASS" start="2024-04-27T17:12:22.240150" elapsed="0.000235"/>
</kw>
<kw name="Should Be String" owner="String">
<arg>${json_data['results'][0]['gender']}</arg>
<doc>Fails if the given ``item`` is not a string.</doc>
<status status="PASS" start="2024-04-27T17:12:22.240686" elapsed="0.000361"/>
</kw>
<kw name="Should Match Regexp" owner="BuiltIn">
<arg>${json_data['results'][0]['email']}</arg>
<arg>^[a-zA-Z0-9._%+-]+@[a-zA-Z0-9.-]+\.[a-zA-Z]{2,}$</arg>
<doc>Fails if ``string`` does not match ``pattern`` as a regular expression.</doc>
<status status="PASS" start="2024-04-27T17:12:22.241237" elapsed="0.000509"/>
</kw>
<kw name="Should Match Regexp" owner="BuiltIn">
<arg>${json_data['results'][0]['dob']['date']}</arg>
<arg>\\d{4}-\\d{2}-\\d{2}T\\d{2}:\\d{2}:\\d{2}\\.\\d{3}Z</arg>
<doc>Fails if ``string`` does not match ``pattern`` as a regular expression.</doc>
<status status="PASS" start="2024-04-27T17:12:22.241939" elapsed="0.000523"/>
</kw>
<kw name="Should Match Regexp" owner="BuiltIn">
<arg>${json_data['results'][0]['registered']['date']}</arg>
<arg>\\d{4}-\\d{2}-\\d{2}T\\d{2}:\\d{2}:\\d{2}\\.\\d{3}Z</arg>
<doc>Fails if ``string`` does not match ``pattern`` as a regular expression.</doc>
<status status="PASS" start="2024-04-27T17:12:22.242657" elapsed="0.000374"/>
</kw>
<kw name="Should Match Regexp" owner="BuiltIn">
<arg>${json_data['results'][0]['picture']['large']}</arg>
<arg>^https?://.*\.(?:png|jpe?g|gif|bmp)$</arg>
<doc>Fails if ``string`` does not match ``pattern`` as a regular expression.</doc>
<status status="PASS" start="2024-04-27T17:12:22.243217" elapsed="0.000457"/>
</kw>
<kw name="Should Match Regexp" owner="BuiltIn">
<arg>${json_data['results'][0]['picture']['medium']}</arg>
<arg>^https?://.*\.(?:png|jpe?g|gif|bmp)$</arg>
<doc>Fails if ``string`` does not match ``pattern`` as a regular expression.</doc>
<status status="PASS" start="2024-04-27T17:12:22.243866" elapsed="0.000363"/>
</kw>
<kw name="Should Match Regexp" owner="BuiltIn">
<arg>${json_data['results'][0]['picture']['thumbnail']}</arg>
<arg>^https?://.*\.(?:png|jpe?g|gif|bmp)$</arg>
<doc>Fails if ``string`` does not match ``pattern`` as a regular expression.</doc>
<status status="PASS" start="2024-04-27T17:12:22.244411" elapsed="0.000352"/>
</kw>
<kw name="Log" owner="BuiltIn">
<msg time="2024-04-27T17:12:22.245270" level="INFO">{'large': 'https://randomuser.me/api/portraits/men/17.jpg', 'medium': 'https://randomuser.me/api/portraits/med/men/17.jpg', 'thumbnail': 'https://randomuser.me/api/portraits/thumb/men/17.jpg'}</msg>
<arg>${json_data['results'][0]['picture']}</arg>
<doc>Logs the given message with the given level.</doc>
<status status="PASS" start="2024-04-27T17:12:22.244943" elapsed="0.000369"/>
</kw>
<status status="PASS" start="2024-04-27T17:12:22.151960" elapsed="0.093602"/>
</kw>
<kw name="Teste de Tipos de Dados - Postcode" owner="random-user-service">
<kw name="GET On Session" owner="RequestsLibrary">
<msg time="2024-04-27T17:12:22.344609" level="INFO">GET Request : url=https://randomuser.me/api 
 path_url=/api 
 headers={'User-Agent': 'python-requests/2.31.0', 'Accept-Encoding': 'gzip, deflate', 'Accept': '*/*', 'Connection': 'keep-alive'} 
 body=None 
 </msg>
<msg time="2024-04-27T17:12:22.344691" level="INFO">GET Response : url=https://randomuser.me/api 
 status=200, reason=OK 
 headers={'Date': 'Sat, 27 Apr 2024 17:12:22 GMT', 'Content-Type': 'application/json; charset=utf-8', 'Transfer-Encoding': 'chunked', 'Connection': 'keep-alive', 'X-Powered-By': 'Express', 'Access-Control-Allow-Origin': '*', 'Cache-Control': 'no-cache', 'ETag': 'W/"456-b1fAoyjQPFLgC3EsheOQvyg3TmU"', 'Vary': 'Accept-Encoding', 'Content-Encoding': 'gzip', 'CF-Cache-Status': 'DYNAMIC', 'Report-To': '{"endpoints":[{"url":"https:\\/\\/a.nel.cloudflare.com\\/report\\/v4?s=Sx3iulqNWGB4pUOjrgNNyR7wC3d%2FrBdz4hgaEA6gTScViIKrVVe%2BMMPXKyXvICBiltzcu32uQ27EmcqfFC%2BO07vTvsB2zMMrtBWIcwEobLcO8J1kOamrd6mxTt0Uf%2Fqa"}],"group":"cf-nel","max_age":604800}', 'NEL': '{"success_fraction":0,"report_to":"cf-nel","max_age":604800}', 'Server': 'cloudflare', 'CF-RAY': '87b06fe31bc18286-IAD', 'alt-svc': 'h3=":443"; ma=86400'} 
 body={"results":[{"gender":"male","name":{"title":"Mr","first":"Umut","last":"Akman"},"location":{"street":{"number":830,"name":"Mevlana Cd"},"city":"Van","state":"Malatya","country":"Turkey","postcode":17589,"coordinates":{"latitude":"64.5550","longitude":"-122.5447"},"timezone":{"offset":"+3:30","description":"Tehran"}},"email":"umut.akman@example.com","login":{"uuid":"e191ec81-92ec-49f8-8bff-be39fed4ca1d","username":"whitewolf727","password":"picard","salt":"Ik3VL7Gc","md5":"02c92d53099cb512378888513aee48f6","sha1":"54595d306375ce389ac908c8c8fc711db3749b47","sha256":"3a4a220cb24cac85dbd4bcc6b9de61a0ac1bf768d75e4a913ceb42e18aedf526"},"dob":{"date":"1997-05-04T06:58:46.764Z","age":26},"registered":{"date":"2006-02-06T00:34:14.131Z","age":18},"phone":"(998)-276-0815","cell":"(501)-200-0633","id":{"name":"","value":null},"picture":{"large":"https://randomuser.me/api/portraits/men/59.jpg","medium":"https://randomuser.me/api/portraits/med/men/59.jpg","thumbnail":"https://randomuser.me/api/portraits/thumb/men/59.jpg"},"nat":"TR"}],"info":{"seed":"06981b8f2e8afd75","results":1,"page":1,"version":"1.4"}} 
 </msg>
<msg time="2024-04-27T17:12:22.344757" level="INFO">/opt/hostedtoolcache/Python/3.12.3/x64/lib/python3.12/site-packages/urllib3/connectionpool.py:1103: InsecureRequestWarning: Unverified HTTPS request is being made to host 'randomuser.me'. Adding certificate verification is strongly advised. See: https://urllib3.readthedocs.io/en/latest/advanced-usage.html#tls-warnings
  warnings.warn(</msg>
<msg time="2024-04-27T17:12:22.344864" level="INFO">${response} = &lt;Response [200]&gt;</msg>
<var>${response}</var>
<arg>consultarAPI</arg>
<arg>/api</arg>
<doc>Sends a GET request on a previously created HTTP Session.</doc>
<status status="PASS" start="2024-04-27T17:12:22.246001" elapsed="0.098913"/>
</kw>
<kw name="Set Variable" owner="BuiltIn">
<msg time="2024-04-27T17:12:22.345967" level="INFO">${json_data} = {'results': [{'gender': 'male', 'name': {'title': 'Mr', 'first': 'Umut', 'last': 'Akman'}, 'location': {'street': {'number': 830, 'name': 'Mevlana Cd'}, 'city': 'Van', 'state': 'Malatya', 'country': '...</msg>
<var>${json_data}</var>
<arg>${response.json()}</arg>
<doc>Returns the given values which can then be assigned to a variables.</doc>
<status status="PASS" start="2024-04-27T17:12:22.345400" elapsed="0.000595"/>
</kw>
<kw name="Log" owner="BuiltIn">
<msg time="2024-04-27T17:12:22.346499" level="INFO">{'results': [{'gender': 'male', 'name': {'title': 'Mr', 'first': 'Umut', 'last': 'Akman'}, 'location': {'street': {'number': 830, 'name': 'Mevlana Cd'}, 'city': 'Van', 'state': 'Malatya', 'country': 'Turkey', 'postcode': 17589, 'coordinates': {'latitude': '64.5550', 'longitude': '-122.5447'}, 'timezone': {'offset': '+3:30', 'description': 'Tehran'}}, 'email': 'umut.akman@example.com', 'login': {'uuid': 'e191ec81-92ec-49f8-8bff-be39fed4ca1d', 'username': 'whitewolf727', 'password': 'picard', 'salt': 'Ik3VL7Gc', 'md5': '02c92d53099cb512378888513aee48f6', 'sha1': '54595d306375ce389ac908c8c8fc711db3749b47', 'sha256': '3a4a220cb24cac85dbd4bcc6b9de61a0ac1bf768d75e4a913ceb42e18aedf526'}, 'dob': {'date': '1997-05-04T06:58:46.764Z', 'age': 26}, 'registered': {'date': '2006-02-06T00:34:14.131Z', 'age': 18}, 'phone': '(998)-276-0815', 'cell': '(501)-200-0633', 'id': {'name': '', 'value': None}, 'picture': {'large': 'https://randomuser.me/api/portraits/men/59.jpg', 'medium': 'https://randomuser.me/api/portraits/med/men/59.jpg', 'thumbnail': 'https://randomuser.me/api/portraits/thumb/men/59.jpg'}, 'nat': 'TR'}], 'info': {'seed': '06981b8f2e8afd75', 'results': 1, 'page': 1, 'version': '1.4'}}</msg>
<arg>${json_data}</arg>
<doc>Logs the given message with the given level.</doc>
<status status="PASS" start="2024-04-27T17:12:22.346299" elapsed="0.000277"/>
</kw>
<kw name="Should Be Equal As Numbers" owner="BuiltIn">
<arg>${json_data['results'][0]['location']['postcode']}</arg>
<arg>${json_data['results'][0]['location']['postcode']}</arg>
<doc>Fails if objects are unequal after converting them to real numbers.</doc>
<status status="PASS" start="2024-04-27T17:12:22.346872" elapsed="0.000741"/>
</kw>
<kw name="Log" owner="BuiltIn">
<msg time="2024-04-27T17:12:22.348144" level="INFO">17589</msg>
<arg>${json_data['results'][0]['location']['postcode']}</arg>
<doc>Logs the given message with the given level.</doc>
<status status="PASS" start="2024-04-27T17:12:22.347807" elapsed="0.000377"/>
</kw>
<status status="PASS" start="2024-04-27T17:12:22.245775" elapsed="0.102658"/>
</kw>
<doc>Testa se os tipos de dados na resposta da API estão corretos.</doc>
<tag>testeTiposDados</tag>
<status status="PASS" start="2024-04-27T17:12:22.151434" elapsed="0.197157"/>
</test>
<test id="s1-s1-t5" name="Validar conteudo" line="35">
<kw name="Teste de Tipos de Conteudo" owner="random-user-service">
<kw name="GET On Session" owner="RequestsLibrary">
<msg time="2024-04-27T17:12:22.424877" level="INFO">GET Request : url=https://randomuser.me/api 
 path_url=/api 
 headers={'User-Agent': 'python-requests/2.31.0', 'Accept-Encoding': 'gzip, deflate', 'Accept': '*/*', 'Connection': 'keep-alive'} 
 body=None 
 </msg>
<msg time="2024-04-27T17:12:22.424961" level="INFO">GET Response : url=https://randomuser.me/api 
 status=200, reason=OK 
 headers={'Date': 'Sat, 27 Apr 2024 17:12:22 GMT', 'Content-Type': 'application/json; charset=utf-8', 'Transfer-Encoding': 'chunked', 'Connection': 'keep-alive', 'X-Powered-By': 'Express', 'Access-Control-Allow-Origin': '*', 'Cache-Control': 'no-cache', 'ETag': 'W/"4a5-ZKZNFqtdehtO6PgZEyMaNmIeTVg"', 'Vary': 'Accept-Encoding', 'Content-Encoding': 'gzip', 'CF-Cache-Status': 'DYNAMIC', 'Report-To': '{"endpoints":[{"url":"https:\\/\\/a.nel.cloudflare.com\\/report\\/v4?s=fhW0MBgaPvHBznXwE739F%2FCkzZK3aW56QWud7RetXCaIVy%2BOp56DF32wT7YIEB5d0bsraeoW2ETqc5MyAmGzxtG%2FsN281kZkvV8J0jmyMX021b2ei1C6tczSUOAtUsf8"}],"group":"cf-nel","max_age":604800}', 'NEL': '{"success_fraction":0,"report_to":"cf-nel","max_age":604800}', 'Server': 'cloudflare', 'CF-RAY': '87b06fe3bc788286-IAD', 'alt-svc': 'h3=":443"; ma=86400'} 
 body={"results":[{"gender":"male","name":{"title":"Mr","first":"Franklin","last":"Adams"},"location":{"street":{"number":2262,"name":"Victoria Road"},"city":"Carlisle","state":"County Tyrone","country":"United Kingdom","postcode":"SI84 1RN","coordinates":{"latitude":"-12.0845","longitude":"-37.8466"},"timezone":{"offset":"+3:00","description":"Baghdad, Riyadh, Moscow, St. Petersburg"}},"email":"franklin.adams@example.com","login":{"uuid":"5083e339-81c0-407f-97a5-cb0ccf956e18","username":"redgoose809","password":"joseph","salt":"HeVddC81","md5":"e8db1ab5cd0a0d4fe3b4b99ec1066cc4","sha1":"5af17356a9460adba94ef64cd4985a6a7ac7501a","sha256":"715dff4189e9c3fea9048da91b703ea8a057ad0efedb5cfcf4f0881c3d0185e0"},"dob":{"date":"1985-10-25T01:31:03.717Z","age":38},"registered":{"date":"2003-06-12T02:29:42.965Z","age":20},"phone":"013873 93452","cell":"07310 136872","id":{"name":"NINO","value":"RY 59 37 61 J"},"picture":{"large":"https://randomuser.me/api/portraits/men/75.jpg","medium":"https://randomuser.me/api/portraits/med/men/75.jpg","thumbnail":"https://randomuser.me/api/portraits/thumb/men/75.jpg"},"nat":"GB"}],"info":{"seed":"d0d43bc674de5d9f","results":1,"page":1,"version":"1.4"}} 
 </msg>
<msg time="2024-04-27T17:12:22.425033" level="INFO">/opt/hostedtoolcache/Python/3.12.3/x64/lib/python3.12/site-packages/urllib3/connectionpool.py:1103: InsecureRequestWarning: Unverified HTTPS request is being made to host 'randomuser.me'. Adding certificate verification is strongly advised. See: https://urllib3.readthedocs.io/en/latest/advanced-usage.html#tls-warnings
  warnings.warn(</msg>
<msg time="2024-04-27T17:12:22.425149" level="INFO">${response} = &lt;Response [200]&gt;</msg>
<var>${response}</var>
<arg>consultarAPI</arg>
<arg>/api</arg>
<doc>Sends a GET request on a previously created HTTP Session.</doc>
<status status="PASS" start="2024-04-27T17:12:22.351088" elapsed="0.074116"/>
</kw>
<kw name="Set Variable" owner="BuiltIn">
<msg time="2024-04-27T17:12:22.426240" level="INFO">${json_data} = {'results': [{'gender': 'male', 'name': {'title': 'Mr', 'first': 'Franklin', 'last': 'Adams'}, 'location': {'street': {'number': 2262, 'name': 'Victoria Road'}, 'city': 'Carlisle', 'state': 'County Ty...</msg>
<var>${json_data}</var>
<arg>${response.json()}</arg>
<doc>Returns the given values which can then be assigned to a variables.</doc>
<status status="PASS" start="2024-04-27T17:12:22.425682" elapsed="0.000586"/>
</kw>
<kw name="Set Variable" owner="BuiltIn">
<msg time="2024-04-27T17:12:22.427004" level="INFO">${name_title} = Mr</msg>
<var>${name_title}</var>
<arg>${json_data["results"][0]["name"]["title"]}</arg>
<doc>Returns the given values which can then be assigned to a variables.</doc>
<status status="PASS" start="2024-04-27T17:12:22.426622" elapsed="0.000408"/>
</kw>
<kw name="Create List" owner="BuiltIn">
<msg time="2024-04-27T17:12:22.427477" level="INFO">${allowed_titles} = ['Mr', 'Ms', 'Miss', 'Mrs', 'Madame', 'Monsieur']</msg>
<var>${allowed_titles}</var>
<arg>Mr</arg>
<arg>Ms</arg>
<arg>Miss</arg>
<arg>Mrs</arg>
<arg>Madame</arg>
<arg>Monsieur</arg>
<doc>Returns a list containing given items.</doc>
<status status="PASS" start="2024-04-27T17:12:22.427329" elapsed="0.000172"/>
</kw>
<kw name="List Should Contain Value" owner="Collections">
<msg time="2024-04-27T17:12:22.427965" level="INFO">False</msg>
<arg>${allowed_titles}</arg>
<arg>${name_title}</arg>
<doc>Fails if the ``value`` is not found from ``list``.</doc>
<status status="PASS" start="2024-04-27T17:12:22.427797" elapsed="0.000204"/>
</kw>
<kw name="Set Variable" owner="BuiltIn">
<msg time="2024-04-27T17:12:22.428663" level="INFO">${name_country} = GB</msg>
<var>${name_country}</var>
<arg>${json_data["results"][0]["nat"]}</arg>
<doc>Returns the given values which can then be assigned to a variables.</doc>
<status status="PASS" start="2024-04-27T17:12:22.428290" elapsed="0.000398"/>
</kw>
<kw name="Create List" owner="BuiltIn">
<msg time="2024-04-27T17:12:22.429565" level="INFO">${list_country} = ['AD', 'AE', 'AF', 'AG', 'AI', 'AL', 'AM', 'AO', 'AQ', 'AR', 'AS', 'AT', 'AU', 'AW', 'AX', 'AZ', 'BA', 'BB', 'BD', 'BE', 'BF', 'BG', 'BH', 'BI', 'BJ', 'BL', 'BM', 'BN', 'BO', 'BQ', 'BR', 'BS', 'BT', '...</msg>
<var>${list_country}</var>
<arg>AD</arg>
<arg>AE</arg>
<arg>AF</arg>
<arg>AG</arg>
<arg>AI</arg>
<arg>AL</arg>
<arg>AM</arg>
<arg>AO</arg>
<arg>AQ</arg>
<arg>AR</arg>
<arg>AS</arg>
<arg>AT</arg>
<arg>AU</arg>
<arg>AW</arg>
<arg>AX</arg>
<arg>AZ</arg>
<arg>BA</arg>
<arg>BB</arg>
<arg>BD</arg>
<arg>BE</arg>
<arg>BF</arg>
<arg>BG</arg>
<arg>BH</arg>
<arg>BI</arg>
<arg>BJ</arg>
<arg>BL</arg>
<arg>BM</arg>
<arg>BN</arg>
<arg>BO</arg>
<arg>BQ</arg>
<arg>BR</arg>
<arg>BS</arg>
<arg>BT</arg>
<arg>BV</arg>
<arg>BW</arg>
<arg>BY</arg>
<arg>BZ</arg>
<arg>CA</arg>
<arg>CC</arg>
<arg>CD</arg>
<arg>CF</arg>
<arg>CG</arg>
<arg>CH</arg>
<arg>CI</arg>
<arg>CK</arg>
<arg>CL</arg>
<arg>CM</arg>
<arg>CN</arg>
<arg>CO</arg>
<arg>CR</arg>
<arg>CU</arg>
<arg>CV</arg>
<arg>CW</arg>
<arg>CX</arg>
<arg>CY</arg>
<arg>CZ</arg>
<arg>DE</arg>
<arg>DJ</arg>
<arg>DK</arg>
<arg>DM</arg>
<arg>DO</arg>
<arg>DZ</arg>
<arg>EC</arg>
<arg>EE</arg>
<arg>EG</arg>
<arg>EH</arg>
<arg>ER</arg>
<arg>ES</arg>
<arg>ET</arg>
<arg>FI</arg>
<arg>FJ</arg>
<arg>FK</arg>
<arg>FM</arg>
<arg>FO</arg>
<arg>FR</arg>
<arg>GA</arg>
<arg>GB</arg>
<arg>GD</arg>
<arg>GE</arg>
<arg>GF</arg>
<arg>GG</arg>
<arg>GH</arg>
<arg>GI</arg>
<arg>GL</arg>
<arg>GM</arg>
<arg>GN</arg>
<arg>GP</arg>
<arg>GQ</arg>
<arg>GR</arg>
<arg>GS</arg>
<arg>GT</arg>
<arg>GU</arg>
<arg>GW</arg>
<arg>GY</arg>
<arg>HK</arg>
<arg>HM</arg>
<arg>HN</arg>
<arg>HR</arg>
<arg>HT</arg>
<arg>HU</arg>
<arg>ID</arg>
<arg>IE</arg>
<arg>IL</arg>
<arg>IM</arg>
<arg>IN</arg>
<arg>IO</arg>
<arg>IQ</arg>
<arg>IR</arg>
<arg>IS</arg>
<arg>IT</arg>
<arg>JE</arg>
<arg>JM</arg>
<arg>JO</arg>
<arg>JP</arg>
<arg>KE</arg>
<arg>KG</arg>
<arg>KH</arg>
<arg>KI</arg>
<arg>KM</arg>
<arg>KN</arg>
<arg>KP</arg>
<arg>KR</arg>
<arg>KW</arg>
<arg>KY</arg>
<arg>KZ</arg>
<arg>LA</arg>
<arg>LB</arg>
<arg>LC</arg>
<arg>LI</arg>
<arg>LK</arg>
<arg>LR</arg>
<arg>LS</arg>
<arg>LT</arg>
<arg>LU</arg>
<arg>LV</arg>
<arg>LY</arg>
<arg>MA</arg>
<arg>MC</arg>
<arg>MD</arg>
<arg>ME</arg>
<arg>MF</arg>
<arg>MG</arg>
<arg>MH</arg>
<arg>MK</arg>
<arg>ML</arg>
<arg>MM</arg>
<arg>MN</arg>
<arg>MO</arg>
<arg>MP</arg>
<arg>MQ</arg>
<arg>MR</arg>
<arg>MS</arg>
<arg>MT</arg>
<arg>MU</arg>
<arg>MV</arg>
<arg>MW</arg>
<arg>MX</arg>
<arg>MY</arg>
<arg>MZ</arg>
<arg>NA</arg>
<arg>NC</arg>
<arg>NE</arg>
<arg>NF</arg>
<arg>NG</arg>
<arg>NI</arg>
<arg>NL</arg>
<arg>NO</arg>
<arg>NP</arg>
<arg>NR</arg>
<arg>NU</arg>
<arg>NZ</arg>
<arg>OM</arg>
<arg>PA</arg>
<arg>PE</arg>
<arg>PF</arg>
<arg>PG</arg>
<arg>PH</arg>
<arg>PK</arg>
<arg>PL</arg>
<arg>PM</arg>
<arg>PN</arg>
<arg>PR</arg>
<arg>PS</arg>
<arg>PT</arg>
<arg>PW</arg>
<arg>PY</arg>
<arg>QA</arg>
<arg>RE</arg>
<arg>RO</arg>
<arg>RS</arg>
<arg>RU</arg>
<arg>RW</arg>
<arg>SA</arg>
<arg>SB</arg>
<arg>SC</arg>
<arg>SD</arg>
<arg>SE</arg>
<arg>SG</arg>
<arg>SH</arg>
<arg>SI</arg>
<arg>SJ</arg>
<arg>SK</arg>
<arg>SL</arg>
<arg>SM</arg>
<arg>SN</arg>
<arg>SO</arg>
<arg>SR</arg>
<arg>SS</arg>
<arg>ST</arg>
<arg>SV</arg>
<arg>SX</arg>
<arg>SY</arg>
<arg>SZ</arg>
<arg>TC</arg>
<arg>TD</arg>
<arg>TF</arg>
<arg>TG</arg>
<arg>TH</arg>
<arg>TJ</arg>
<arg>TK</arg>
<arg>TL</arg>
<arg>TM</arg>
<arg>TN</arg>
<arg>TO</arg>
<arg>TR</arg>
<arg>TT</arg>
<arg>TV</arg>
<arg>TW</arg>
<arg>TZ</arg>
<arg>UA</arg>
<arg>UG</arg>
<arg>UM</arg>
<arg>US</arg>
<arg>UY</arg>
<arg>UZ</arg>
<arg>VA</arg>
<arg>VC</arg>
<arg>VE</arg>
<arg>VG</arg>
<arg>VI</arg>
<arg>VN</arg>
<arg>VU</arg>
<arg>WF</arg>
<arg>WS</arg>
<arg>XK</arg>
<arg>YE</arg>
<arg>YT</arg>
<arg>ZA</arg>
<arg>ZM</arg>
<arg>ZW</arg>
<doc>Returns a list containing given items.</doc>
<status status="PASS" start="2024-04-27T17:12:22.428986" elapsed="0.000604"/>
</kw>
<kw name="List Should Contain Value" owner="Collections">
<msg time="2024-04-27T17:12:22.430602" level="INFO">False</msg>
<arg>${list_country}</arg>
<arg>${name_country}</arg>
<doc>Fails if the ``value`` is not found from ``list``.</doc>
<status status="PASS" start="2024-04-27T17:12:22.430401" elapsed="0.000238"/>
</kw>
<kw name="Run Keyword If" owner="BuiltIn">
<kw name="Should Be True" owner="BuiltIn">
<arg>${True}</arg>
<doc>Fails if the given condition is not true.</doc>
<status status="PASS" start="2024-04-27T17:12:22.431706" elapsed="0.000141"/>
</kw>
<arg>${json_data["results"][0]["location"]["coordinates"]["latitude"]} &gt;= -90 and ${json_data["results"][0]["location"]["coordinates"]["latitude"]} &lt;= 90</arg>
<arg>Should Be True</arg>
<arg>${True}</arg>
<doc>Runs the given keyword with the given arguments, if ``condition`` is true.</doc>
<status status="PASS" start="2024-04-27T17:12:22.430953" elapsed="0.001017"/>
</kw>
<kw name="Run Keyword If" owner="BuiltIn">
<kw name="Should Be True" owner="BuiltIn">
<arg>${True}</arg>
<doc>Fails if the given condition is not true.</doc>
<status status="PASS" start="2024-04-27T17:12:22.432839" elapsed="0.000238"/>
</kw>
<arg>${json_data["results"][0]["location"]["coordinates"]["longitude"]} &gt;= -180 and ${json_data["results"][0]["location"]["coordinates"]["longitude"]} &lt;= 180</arg>
<arg>Should Be True</arg>
<arg>${True}</arg>
<doc>Runs the given keyword with the given arguments, if ``condition`` is true.</doc>
<status status="PASS" start="2024-04-27T17:12:22.432153" elapsed="0.001051"/>
</kw>
<status status="PASS" start="2024-04-27T17:12:22.350867" elapsed="0.082467"/>
</kw>
<doc>Testa o conteúdo específico dos campos retornados pela API.</doc>
<tag>testeConteudo</tag>
<status status="PASS" start="2024-04-27T17:12:22.350337" elapsed="0.083141"/>
</test>
<status status="PASS" start="2024-04-27T17:12:21.627390" elapsed="0.808064"/>
</suite>
<status status="PASS" start="2024-04-27T17:12:21.613807" elapsed="0.826850"/>
</suite>
<statistics>
<total>
<stat pass="5" fail="0" skip="0">All Tests</stat>
</total>
<tag>
<stat pass="1" fail="0" skip="0">testeConteudo</stat>
<stat pass="1" fail="0" skip="0">testeEstruturaResposta</stat>
<stat pass="1" fail="0" skip="0">testeRequisicaoBasica</stat>
<stat pass="1" fail="0" skip="0">testeTiposDados</stat>
</tag>
<suite>
<stat pass="5" fail="0" skip="0" id="s1" name="Tests">Tests</stat>
<stat pass="5" fail="0" skip="0" id="s1-s1" name="Random-User-Test">Tests.Random-User-Test</stat>
</suite>
</statistics>
<errors>
</errors>
</robot>
