<?xml version="1.0" encoding="UTF-8"?>
<robot generator="Robot 7.0 (Python 3.12.3 on linux)" generated="2024-05-06T17:14:47.217137" rpa="false" schemaversion="5">
<suite id="s1" name="Tests" source="/home/runner/work/DesafioQAItauRogerioJordao/DesafioQAItauRogerioJordao/RamdonUser/tests">
<suite id="s1-s1" name="Random-User-Test" source="/home/runner/work/DesafioQAItauRogerioJordao/DesafioQAItauRogerioJordao/RamdonUser/tests/random-user-test.robot">
<test id="s1-s1-t1" name="Conectar" line="13">
<kw name="Conectar API" owner="random-user-service">
<kw name="Create Session" owner="RequestsLibrary">
<msg time="2024-05-06T17:14:47.580408" level="INFO">Creating Session using : alias=consultarAPI, url=https://randomuser.me/, headers={},                     cookies={}, auth=None, timeout=None, proxies=None, verify=False,                     debug=0 </msg>
<arg>consultarAPI</arg>
<arg>${URL}</arg>
<doc>Create Session: create a HTTP session to a server</doc>
<status status="PASS" start="2024-05-06T17:14:47.580204" elapsed="0.000390"/>
</kw>
<status status="PASS" start="2024-05-06T17:14:47.579216" elapsed="0.001741"/>
</kw>
<status status="PASS" start="2024-05-06T17:14:47.578633" elapsed="0.002514"/>
</test>
<test id="s1-s1-t2" name="Validar retorno 200 e JSON Válido" line="16">
<kw name="Teste de Requisicao Basica" owner="random-user-service">
<kw name="GET On Session" owner="RequestsLibrary">
<msg time="2024-05-06T17:14:47.796767" level="INFO">GET Request : url=https://randomuser.me/api 
 path_url=/api 
 headers={'User-Agent': 'python-requests/2.31.0', 'Accept-Encoding': 'gzip, deflate', 'Accept': '*/*', 'Connection': 'keep-alive'} 
 body=None 
 </msg>
<msg time="2024-05-06T17:14:47.796978" level="INFO">GET Response : url=https://randomuser.me/api 
 status=200, reason=OK 
 headers={'Date': 'Mon, 06 May 2024 17:14:47 GMT', 'Content-Type': 'application/json; charset=utf-8', 'Transfer-Encoding': 'chunked', 'Connection': 'keep-alive', 'X-Powered-By': 'Express', 'Access-Control-Allow-Origin': '*', 'Cache-Control': 'no-cache', 'ETag': 'W/"4a6-1T633PFIt8bdtSn+0ms5AWPk0sM"', 'Vary': 'Accept-Encoding', 'Content-Encoding': 'gzip', 'CF-Cache-Status': 'DYNAMIC', 'Report-To': '{"endpoints":[{"url":"https:\\/\\/a.nel.cloudflare.com\\/report\\/v4?s=%2FwOkdspAWEtSpOHJGpkG9BTNKBpmrXhJYJ2z3Qzu476xn3wg5B%2FlzNwjwFBsot5BQb76V2aGkAAaTnpCVcYtHgMA7YwGuO7%2By%2FkovXEUEJ8oUiFVNMeF%2Bu39JWtRvHhf"}],"group":"cf-nel","max_age":604800}', 'NEL': '{"success_fraction":0,"report_to":"cf-nel","max_age":604800}', 'Server': 'cloudflare', 'CF-RAY': '87fa9bd04e2b395c-IAD', 'alt-svc': 'h3=":443"; ma=86400'} 
 body={"results":[{"gender":"female","name":{"title":"Miss","first":"Aurora","last":"Velásquez"},"location":{"street":{"number":5015,"name":"Callejón Mauricio"},"city":"Ejido General Leandro Valle","state":"Aguascalientes","country":"Mexico","postcode":46470,"coordinates":{"latitude":"26.8502","longitude":"143.0969"},"timezone":{"offset":"+3:30","description":"Tehran"}},"email":"aurora.velasquez@example.com","login":{"uuid":"2f598330-6d46-4918-8be4-57342c077614","username":"goldengoose493","password":"tzpvaw","salt":"1pxJfIHU","md5":"617d998718f00778fc4c4565f24bc5e5","sha1":"9d969be35de123127b93efc7252c3036f5f6cb03","sha256":"1852e5a9a98fc7910a2b72331473c67b356d41e5142cf1007395b60d667ad344"},"dob":{"date":"1957-06-08T17:50:56.424Z","age":66},"registered":{"date":"2007-08-05T03:16:58.461Z","age":16},"phone":"(670) 443 1246","cell":"(618) 927 7995","id":{"name":"NSS","value":"94 33 83 5604 5"},"picture":{"large":"https://randomuser.me/api/portraits/women/17.jpg","medium":"https://randomuser.me/api/portraits/med/women/17.jpg","thumbnail":"https://randomuser.me/api/portraits/thumb/women/17.jpg"},"nat":"MX"}],"info":{"seed":"6dbabca9219c296e","results":1,"page":1,"version":"1.4"}} 
 </msg>
<msg time="2024-05-06T17:14:47.797120" level="INFO">/opt/hostedtoolcache/Python/3.12.3/x64/lib/python3.12/site-packages/urllib3/connectionpool.py:1103: InsecureRequestWarning: Unverified HTTPS request is being made to host 'randomuser.me'. Adding certificate verification is strongly advised. See: https://urllib3.readthedocs.io/en/latest/advanced-usage.html#tls-warnings
  warnings.warn(</msg>
<msg time="2024-05-06T17:14:47.797415" level="INFO">${response} = &lt;Response [200]&gt;</msg>
<var>${response}</var>
<arg>consultarAPI</arg>
<arg>/api</arg>
<doc>Sends a GET request on a previously created HTTP Session.</doc>
<status status="PASS" start="2024-05-06T17:14:47.583800" elapsed="0.213656"/>
</kw>
<kw name="Should Be Equal As Numbers" owner="BuiltIn">
<msg time="2024-05-06T17:14:47.798696" level="INFO">Argument types are:
&lt;class 'int'&gt;
&lt;class 'str'&gt;</msg>
<arg>${response.status_code}</arg>
<arg>200</arg>
<doc>Fails if objects are unequal after converting them to real numbers.</doc>
<status status="PASS" start="2024-05-06T17:14:47.798080" elapsed="0.000703"/>
</kw>
<kw name="Log" owner="BuiltIn">
<msg time="2024-05-06T17:14:47.799792" level="INFO">200</msg>
<arg>${response.status_code}</arg>
<doc>Logs the given message with the given level.</doc>
<status status="PASS" start="2024-05-06T17:14:47.799293" elapsed="0.000546"/>
</kw>
<kw name="Set Variable" owner="BuiltIn">
<msg time="2024-05-06T17:14:47.800634" level="INFO">${json_data} = {'results': [{'gender': 'female', 'name': {'title': 'Miss', 'first': 'Aurora', 'last': 'Velásquez'}, 'location': {'street': {'number': 5015, 'name': 'Callejón Mauricio'}, 'city': 'Ejido General Leandr...</msg>
<var>${json_data}</var>
<arg>${response.json()}</arg>
<doc>Returns the given values which can then be assigned to a variables.</doc>
<status status="PASS" start="2024-05-06T17:14:47.800170" elapsed="0.000494"/>
</kw>
<kw name="Dictionary Should Contain Key" owner="Collections">
<msg time="2024-05-06T17:14:47.801151" level="INFO">False</msg>
<arg>${json_data}</arg>
<arg>results</arg>
<doc>Fails if ``key`` is not found from ``dictionary``.</doc>
<status status="PASS" start="2024-05-06T17:14:47.800975" elapsed="0.000215"/>
</kw>
<status status="PASS" start="2024-05-06T17:14:47.583550" elapsed="0.217914"/>
</kw>
<doc>Testa se a API responde corretamente e retorna um objeto JSON válido.</doc>
<tag>testeRequisicaoBasica</tag>
<status status="PASS" start="2024-05-06T17:14:47.583029" elapsed="0.218621"/>
</test>
<test id="s1-s1-t3" name="Validar estrutura de resposta" line="22">
<kw name="Teste de Estrutura de Resposta" owner="random-user-service">
<kw name="GET On Session" owner="RequestsLibrary">
<msg time="2024-05-06T17:14:47.900336" level="INFO">GET Request : url=https://randomuser.me/api 
 path_url=/api 
 headers={'User-Agent': 'python-requests/2.31.0', 'Accept-Encoding': 'gzip, deflate', 'Accept': '*/*', 'Connection': 'keep-alive'} 
 body=None 
 </msg>
<msg time="2024-05-06T17:14:47.900440" level="INFO">GET Response : url=https://randomuser.me/api 
 status=200, reason=OK 
 headers={'Date': 'Mon, 06 May 2024 17:14:47 GMT', 'Content-Type': 'application/json; charset=utf-8', 'Transfer-Encoding': 'chunked', 'Connection': 'keep-alive', 'X-Powered-By': 'Express', 'Access-Control-Allow-Origin': '*', 'Cache-Control': 'no-cache', 'ETag': 'W/"493-9keMY9o84JoT8/+9LztOwRQ0Ej0"', 'Vary': 'Accept-Encoding', 'Content-Encoding': 'gzip', 'CF-Cache-Status': 'DYNAMIC', 'Report-To': '{"endpoints":[{"url":"https:\\/\\/a.nel.cloudflare.com\\/report\\/v4?s=d%2B30q%2BKUMtr299MgCHZ645JdbaGdZu9fUlu4k8gIf7DDfPHqLt3zdH45hknJCuMcQreWdYVLlLDrcjxDfAcbRtzEYmF%2Bp9B1q3nNlOEXI44Z63qfQSWUt8Eu0F817gZn"}],"group":"cf-nel","max_age":604800}', 'NEL': '{"success_fraction":0,"report_to":"cf-nel","max_age":604800}', 'Server': 'cloudflare', 'CF-RAY': '87fa9bd0ceee395c-IAD', 'alt-svc': 'h3=":443"; ma=86400'} 
 body={"results":[{"gender":"male","name":{"title":"Mr","first":"Roger","last":"Stoffer"},"location":{"street":{"number":2636,"name":"Kinderlaan"},"city":"Ooij","state":"Drenthe","country":"Netherlands","postcode":"0036 SB","coordinates":{"latitude":"34.0050","longitude":"-25.5098"},"timezone":{"offset":"+11:00","description":"Magadan, Solomon Islands, New Caledonia"}},"email":"roger.stoffer@example.com","login":{"uuid":"caf4ea01-5a95-4019-9ec9-0368b926af1a","username":"smallmeercat147","password":"tripleh","salt":"wOKvdhKf","md5":"88b606077d3e31466dccf0cc85c34ef1","sha1":"688ae286f03bdfaae437185db242f170b2762c1b","sha256":"291a2b42cbd638fd2910b2b9be11eb10c3c955ef476777bfcfb7bcf9105ef0c2"},"dob":{"date":"1956-07-05T17:37:27.301Z","age":67},"registered":{"date":"2010-10-10T13:55:00.628Z","age":13},"phone":"(0202) 695385","cell":"(06) 84603770","id":{"name":"BSN","value":"54626637"},"picture":{"large":"https://randomuser.me/api/portraits/men/52.jpg","medium":"https://randomuser.me/api/portraits/med/men/52.jpg","thumbnail":"https://randomuser.me/api/portraits/thumb/men/52.jpg"},"nat":"NL"}],"info":{"seed":"81759876c524775d","results":1,"page":1,"version":"1.4"}} 
 </msg>
<msg time="2024-05-06T17:14:47.900565" level="INFO">/opt/hostedtoolcache/Python/3.12.3/x64/lib/python3.12/site-packages/urllib3/connectionpool.py:1103: InsecureRequestWarning: Unverified HTTPS request is being made to host 'randomuser.me'. Adding certificate verification is strongly advised. See: https://urllib3.readthedocs.io/en/latest/advanced-usage.html#tls-warnings
  warnings.warn(</msg>
<msg time="2024-05-06T17:14:47.900712" level="INFO">${response} = &lt;Response [200]&gt;</msg>
<var>${response}</var>
<arg>consultarAPI</arg>
<arg>/api</arg>
<doc>Sends a GET request on a previously created HTTP Session.</doc>
<status status="PASS" start="2024-05-06T17:14:47.804326" elapsed="0.096428"/>
</kw>
<kw name="Set Variable" owner="BuiltIn">
<msg time="2024-05-06T17:14:47.901934" level="INFO">${json_data} = {'results': [{'gender': 'male', 'name': {'title': 'Mr', 'first': 'Roger', 'last': 'Stoffer'}, 'location': {'street': {'number': 2636, 'name': 'Kinderlaan'}, 'city': 'Ooij', 'state': 'Drenthe', 'countr...</msg>
<var>${json_data}</var>
<arg>${response.json()}</arg>
<doc>Returns the given values which can then be assigned to a variables.</doc>
<status status="PASS" start="2024-05-06T17:14:47.901373" elapsed="0.000590"/>
</kw>
<kw name="Log" owner="BuiltIn">
<msg time="2024-05-06T17:14:47.902477" level="INFO">{'results': [{'gender': 'male', 'name': {'title': 'Mr', 'first': 'Roger', 'last': 'Stoffer'}, 'location': {'street': {'number': 2636, 'name': 'Kinderlaan'}, 'city': 'Ooij', 'state': 'Drenthe', 'country': 'Netherlands', 'postcode': '0036 SB', 'coordinates': {'latitude': '34.0050', 'longitude': '-25.5098'}, 'timezone': {'offset': '+11:00', 'description': 'Magadan, Solomon Islands, New Caledonia'}}, 'email': 'roger.stoffer@example.com', 'login': {'uuid': 'caf4ea01-5a95-4019-9ec9-0368b926af1a', 'username': 'smallmeercat147', 'password': 'tripleh', 'salt': 'wOKvdhKf', 'md5': '88b606077d3e31466dccf0cc85c34ef1', 'sha1': '688ae286f03bdfaae437185db242f170b2762c1b', 'sha256': '291a2b42cbd638fd2910b2b9be11eb10c3c955ef476777bfcfb7bcf9105ef0c2'}, 'dob': {'date': '1956-07-05T17:37:27.301Z', 'age': 67}, 'registered': {'date': '2010-10-10T13:55:00.628Z', 'age': 13}, 'phone': '(0202) 695385', 'cell': '(06) 84603770', 'id': {'name': 'BSN', 'value': '54626637'}, 'picture': {'large': 'https://randomuser.me/api/portraits/men/52.jpg', 'medium': 'https://randomuser.me/api/portraits/med/men/52.jpg', 'thumbnail': 'https://randomuser.me/api/portraits/thumb/men/52.jpg'}, 'nat': 'NL'}], 'info': {'seed': '81759876c524775d', 'results': 1, 'page': 1, 'version': '1.4'}}</msg>
<arg>${json_data}</arg>
<doc>Logs the given message with the given level.</doc>
<status status="PASS" start="2024-05-06T17:14:47.902307" elapsed="0.000219"/>
</kw>
<kw name="Dictionary Should Contain Key" owner="Collections">
<msg time="2024-05-06T17:14:47.902993" level="INFO">False</msg>
<arg>${json_data}</arg>
<arg>results</arg>
<doc>Fails if ``key`` is not found from ``dictionary``.</doc>
<status status="PASS" start="2024-05-06T17:14:47.902827" elapsed="0.000203"/>
</kw>
<kw name="Should Not Be Empty" owner="BuiltIn">
<msg time="2024-05-06T17:14:47.903502" level="INFO">Length is 2.</msg>
<arg>${json_data}</arg>
<doc>Verifies that the given item is not empty.</doc>
<status status="PASS" start="2024-05-06T17:14:47.903365" elapsed="0.000344"/>
</kw>
<kw name="Create List" owner="BuiltIn">
<msg time="2024-05-06T17:14:47.904177" level="INFO">${expected_keys} = ['gender', 'name', 'location', 'email', 'login']</msg>
<var>${expected_keys}</var>
<arg>gender</arg>
<arg>name</arg>
<arg>location</arg>
<arg>email</arg>
<arg>login</arg>
<doc>Returns a list containing given items.</doc>
<status status="PASS" start="2024-05-06T17:14:47.904018" elapsed="0.000183"/>
</kw>
<for flavor="IN">
<iter>
<kw name="Dictionary Should Contain Key" owner="Collections">
<msg time="2024-05-06T17:14:47.905219" level="INFO">False</msg>
<arg>${json_data['results'][0]}</arg>
<arg>${key}</arg>
<doc>Fails if ``key`` is not found from ``dictionary``.</doc>
<status status="PASS" start="2024-05-06T17:14:47.904800" elapsed="0.000457"/>
</kw>
<kw name="Log" owner="BuiltIn">
<msg time="2024-05-06T17:14:47.905926" level="INFO">{'gender': 'male', 'name': {'title': 'Mr', 'first': 'Roger', 'last': 'Stoffer'}, 'location': {'street': {'number': 2636, 'name': 'Kinderlaan'}, 'city': 'Ooij', 'state': 'Drenthe', 'country': 'Netherlands', 'postcode': '0036 SB', 'coordinates': {'latitude': '34.0050', 'longitude': '-25.5098'}, 'timezone': {'offset': '+11:00', 'description': 'Magadan, Solomon Islands, New Caledonia'}}, 'email': 'roger.stoffer@example.com', 'login': {'uuid': 'caf4ea01-5a95-4019-9ec9-0368b926af1a', 'username': 'smallmeercat147', 'password': 'tripleh', 'salt': 'wOKvdhKf', 'md5': '88b606077d3e31466dccf0cc85c34ef1', 'sha1': '688ae286f03bdfaae437185db242f170b2762c1b', 'sha256': '291a2b42cbd638fd2910b2b9be11eb10c3c955ef476777bfcfb7bcf9105ef0c2'}, 'dob': {'date': '1956-07-05T17:37:27.301Z', 'age': 67}, 'registered': {'date': '2010-10-10T13:55:00.628Z', 'age': 13}, 'phone': '(0202) 695385', 'cell': '(06) 84603770', 'id': {'name': 'BSN', 'value': '54626637'}, 'picture': {'large': 'https://randomuser.me/api/portraits/men/52.jpg', 'medium': 'https://randomuser.me/api/portraits/med/men/52.jpg', 'thumbnail': 'https://randomuser.me/api/portraits/thumb/men/52.jpg'}, 'nat': 'NL'}</msg>
<arg>${json_data['results'][0]}</arg>
<doc>Logs the given message with the given level.</doc>
<status status="PASS" start="2024-05-06T17:14:47.905558" elapsed="0.000417"/>
</kw>
<kw name="Log" owner="BuiltIn">
<msg time="2024-05-06T17:14:47.906407" level="INFO">gender</msg>
<arg>${key}</arg>
<doc>Logs the given message with the given level.</doc>
<status status="PASS" start="2024-05-06T17:14:47.906279" elapsed="0.000166"/>
</kw>
<var name="${key}">gender</var>
<status status="PASS" start="2024-05-06T17:14:47.904662" elapsed="0.001998"/>
</iter>
<iter>
<kw name="Dictionary Should Contain Key" owner="Collections">
<msg time="2024-05-06T17:14:47.907388" level="INFO">False</msg>
<arg>${json_data['results'][0]}</arg>
<arg>${key}</arg>
<doc>Fails if ``key`` is not found from ``dictionary``.</doc>
<status status="PASS" start="2024-05-06T17:14:47.906967" elapsed="0.000473"/>
</kw>
<kw name="Log" owner="BuiltIn">
<msg time="2024-05-06T17:14:47.908128" level="INFO">{'gender': 'male', 'name': {'title': 'Mr', 'first': 'Roger', 'last': 'Stoffer'}, 'location': {'street': {'number': 2636, 'name': 'Kinderlaan'}, 'city': 'Ooij', 'state': 'Drenthe', 'country': 'Netherlands', 'postcode': '0036 SB', 'coordinates': {'latitude': '34.0050', 'longitude': '-25.5098'}, 'timezone': {'offset': '+11:00', 'description': 'Magadan, Solomon Islands, New Caledonia'}}, 'email': 'roger.stoffer@example.com', 'login': {'uuid': 'caf4ea01-5a95-4019-9ec9-0368b926af1a', 'username': 'smallmeercat147', 'password': 'tripleh', 'salt': 'wOKvdhKf', 'md5': '88b606077d3e31466dccf0cc85c34ef1', 'sha1': '688ae286f03bdfaae437185db242f170b2762c1b', 'sha256': '291a2b42cbd638fd2910b2b9be11eb10c3c955ef476777bfcfb7bcf9105ef0c2'}, 'dob': {'date': '1956-07-05T17:37:27.301Z', 'age': 67}, 'registered': {'date': '2010-10-10T13:55:00.628Z', 'age': 13}, 'phone': '(0202) 695385', 'cell': '(06) 84603770', 'id': {'name': 'BSN', 'value': '54626637'}, 'picture': {'large': 'https://randomuser.me/api/portraits/men/52.jpg', 'medium': 'https://randomuser.me/api/portraits/med/men/52.jpg', 'thumbnail': 'https://randomuser.me/api/portraits/thumb/men/52.jpg'}, 'nat': 'NL'}</msg>
<arg>${json_data['results'][0]}</arg>
<doc>Logs the given message with the given level.</doc>
<status status="PASS" start="2024-05-06T17:14:47.907766" elapsed="0.000409"/>
</kw>
<kw name="Log" owner="BuiltIn">
<msg time="2024-05-06T17:14:47.908595" level="INFO">name</msg>
<arg>${key}</arg>
<doc>Logs the given message with the given level.</doc>
<status status="PASS" start="2024-05-06T17:14:47.908468" elapsed="0.000164"/>
</kw>
<var name="${key}">name</var>
<status status="PASS" start="2024-05-06T17:14:47.906852" elapsed="0.001994"/>
</iter>
<iter>
<kw name="Dictionary Should Contain Key" owner="Collections">
<msg time="2024-05-06T17:14:47.909518" level="INFO">False</msg>
<arg>${json_data['results'][0]}</arg>
<arg>${key}</arg>
<doc>Fails if ``key`` is not found from ``dictionary``.</doc>
<status status="PASS" start="2024-05-06T17:14:47.909135" elapsed="0.000421"/>
</kw>
<kw name="Log" owner="BuiltIn">
<msg time="2024-05-06T17:14:47.910206" level="INFO">{'gender': 'male', 'name': {'title': 'Mr', 'first': 'Roger', 'last': 'Stoffer'}, 'location': {'street': {'number': 2636, 'name': 'Kinderlaan'}, 'city': 'Ooij', 'state': 'Drenthe', 'country': 'Netherlands', 'postcode': '0036 SB', 'coordinates': {'latitude': '34.0050', 'longitude': '-25.5098'}, 'timezone': {'offset': '+11:00', 'description': 'Magadan, Solomon Islands, New Caledonia'}}, 'email': 'roger.stoffer@example.com', 'login': {'uuid': 'caf4ea01-5a95-4019-9ec9-0368b926af1a', 'username': 'smallmeercat147', 'password': 'tripleh', 'salt': 'wOKvdhKf', 'md5': '88b606077d3e31466dccf0cc85c34ef1', 'sha1': '688ae286f03bdfaae437185db242f170b2762c1b', 'sha256': '291a2b42cbd638fd2910b2b9be11eb10c3c955ef476777bfcfb7bcf9105ef0c2'}, 'dob': {'date': '1956-07-05T17:37:27.301Z', 'age': 67}, 'registered': {'date': '2010-10-10T13:55:00.628Z', 'age': 13}, 'phone': '(0202) 695385', 'cell': '(06) 84603770', 'id': {'name': 'BSN', 'value': '54626637'}, 'picture': {'large': 'https://randomuser.me/api/portraits/men/52.jpg', 'medium': 'https://randomuser.me/api/portraits/med/men/52.jpg', 'thumbnail': 'https://randomuser.me/api/portraits/thumb/men/52.jpg'}, 'nat': 'NL'}</msg>
<arg>${json_data['results'][0]}</arg>
<doc>Logs the given message with the given level.</doc>
<status status="PASS" start="2024-05-06T17:14:47.909850" elapsed="0.000404"/>
</kw>
<kw name="Log" owner="BuiltIn">
<msg time="2024-05-06T17:14:47.910667" level="INFO">location</msg>
<arg>${key}</arg>
<doc>Logs the given message with the given level.</doc>
<status status="PASS" start="2024-05-06T17:14:47.910544" elapsed="0.000160"/>
</kw>
<var name="${key}">location</var>
<status status="PASS" start="2024-05-06T17:14:47.909025" elapsed="0.001891"/>
</iter>
<iter>
<kw name="Dictionary Should Contain Key" owner="Collections">
<msg time="2024-05-06T17:14:47.911635" level="INFO">False</msg>
<arg>${json_data['results'][0]}</arg>
<arg>${key}</arg>
<doc>Fails if ``key`` is not found from ``dictionary``.</doc>
<status status="PASS" start="2024-05-06T17:14:47.911224" elapsed="0.000447"/>
</kw>
<kw name="Log" owner="BuiltIn">
<msg time="2024-05-06T17:14:47.912327" level="INFO">{'gender': 'male', 'name': {'title': 'Mr', 'first': 'Roger', 'last': 'Stoffer'}, 'location': {'street': {'number': 2636, 'name': 'Kinderlaan'}, 'city': 'Ooij', 'state': 'Drenthe', 'country': 'Netherlands', 'postcode': '0036 SB', 'coordinates': {'latitude': '34.0050', 'longitude': '-25.5098'}, 'timezone': {'offset': '+11:00', 'description': 'Magadan, Solomon Islands, New Caledonia'}}, 'email': 'roger.stoffer@example.com', 'login': {'uuid': 'caf4ea01-5a95-4019-9ec9-0368b926af1a', 'username': 'smallmeercat147', 'password': 'tripleh', 'salt': 'wOKvdhKf', 'md5': '88b606077d3e31466dccf0cc85c34ef1', 'sha1': '688ae286f03bdfaae437185db242f170b2762c1b', 'sha256': '291a2b42cbd638fd2910b2b9be11eb10c3c955ef476777bfcfb7bcf9105ef0c2'}, 'dob': {'date': '1956-07-05T17:37:27.301Z', 'age': 67}, 'registered': {'date': '2010-10-10T13:55:00.628Z', 'age': 13}, 'phone': '(0202) 695385', 'cell': '(06) 84603770', 'id': {'name': 'BSN', 'value': '54626637'}, 'picture': {'large': 'https://randomuser.me/api/portraits/men/52.jpg', 'medium': 'https://randomuser.me/api/portraits/med/men/52.jpg', 'thumbnail': 'https://randomuser.me/api/portraits/thumb/men/52.jpg'}, 'nat': 'NL'}</msg>
<arg>${json_data['results'][0]}</arg>
<doc>Logs the given message with the given level.</doc>
<status status="PASS" start="2024-05-06T17:14:47.911972" elapsed="0.000402"/>
</kw>
<kw name="Log" owner="BuiltIn">
<msg time="2024-05-06T17:14:47.912786" level="INFO">email</msg>
<arg>${key}</arg>
<doc>Logs the given message with the given level.</doc>
<status status="PASS" start="2024-05-06T17:14:47.912661" elapsed="0.000161"/>
</kw>
<var name="${key}">email</var>
<status status="PASS" start="2024-05-06T17:14:47.911087" elapsed="0.001947"/>
</iter>
<iter>
<kw name="Dictionary Should Contain Key" owner="Collections">
<msg time="2024-05-06T17:14:47.913898" level="INFO">False</msg>
<arg>${json_data['results'][0]}</arg>
<arg>${key}</arg>
<doc>Fails if ``key`` is not found from ``dictionary``.</doc>
<status status="PASS" start="2024-05-06T17:14:47.913311" elapsed="0.000651"/>
</kw>
<kw name="Log" owner="BuiltIn">
<msg time="2024-05-06T17:14:47.914669" level="INFO">{'gender': 'male', 'name': {'title': 'Mr', 'first': 'Roger', 'last': 'Stoffer'}, 'location': {'street': {'number': 2636, 'name': 'Kinderlaan'}, 'city': 'Ooij', 'state': 'Drenthe', 'country': 'Netherlands', 'postcode': '0036 SB', 'coordinates': {'latitude': '34.0050', 'longitude': '-25.5098'}, 'timezone': {'offset': '+11:00', 'description': 'Magadan, Solomon Islands, New Caledonia'}}, 'email': 'roger.stoffer@example.com', 'login': {'uuid': 'caf4ea01-5a95-4019-9ec9-0368b926af1a', 'username': 'smallmeercat147', 'password': 'tripleh', 'salt': 'wOKvdhKf', 'md5': '88b606077d3e31466dccf0cc85c34ef1', 'sha1': '688ae286f03bdfaae437185db242f170b2762c1b', 'sha256': '291a2b42cbd638fd2910b2b9be11eb10c3c955ef476777bfcfb7bcf9105ef0c2'}, 'dob': {'date': '1956-07-05T17:37:27.301Z', 'age': 67}, 'registered': {'date': '2010-10-10T13:55:00.628Z', 'age': 13}, 'phone': '(0202) 695385', 'cell': '(06) 84603770', 'id': {'name': 'BSN', 'value': '54626637'}, 'picture': {'large': 'https://randomuser.me/api/portraits/men/52.jpg', 'medium': 'https://randomuser.me/api/portraits/med/men/52.jpg', 'thumbnail': 'https://randomuser.me/api/portraits/thumb/men/52.jpg'}, 'nat': 'NL'}</msg>
<arg>${json_data['results'][0]}</arg>
<doc>Logs the given message with the given level.</doc>
<status status="PASS" start="2024-05-06T17:14:47.914296" elapsed="0.000421"/>
</kw>
<kw name="Log" owner="BuiltIn">
<msg time="2024-05-06T17:14:47.915140" level="INFO">login</msg>
<arg>${key}</arg>
<doc>Logs the given message with the given level.</doc>
<status status="PASS" start="2024-05-06T17:14:47.915012" elapsed="0.000193"/>
</kw>
<var name="${key}">login</var>
<status status="PASS" start="2024-05-06T17:14:47.913203" elapsed="0.002272"/>
</iter>
<var>${key}</var>
<value>@{expected_keys}</value>
<status status="PASS" start="2024-05-06T17:14:47.904465" elapsed="0.011149"/>
</for>
<kw name="Create List" owner="BuiltIn">
<msg time="2024-05-06T17:14:47.916079" level="INFO">${expected_keysTwo} = ['username', 'password']</msg>
<var>${expected_keysTwo}</var>
<arg>username</arg>
<arg>password</arg>
<doc>Returns a list containing given items.</doc>
<status status="PASS" start="2024-05-06T17:14:47.915922" elapsed="0.000181"/>
</kw>
<for flavor="IN">
<iter>
<kw name="Dictionary Should Contain Key" owner="Collections">
<msg time="2024-05-06T17:14:47.917015" level="INFO">False</msg>
<arg>${json_data['results'][0]['login']}</arg>
<arg>${keyTwo}</arg>
<doc>Fails if ``key`` is not found from ``dictionary``.</doc>
<status status="PASS" start="2024-05-06T17:14:47.916623" elapsed="0.000429"/>
</kw>
<kw name="Dictionary Should Contain Key" owner="Collections">
<msg time="2024-05-06T17:14:47.917756" level="INFO">False</msg>
<arg>${json_data['results'][0]['login']}</arg>
<arg>${keyTwo}</arg>
<doc>Fails if ``key`` is not found from ``dictionary``.</doc>
<status status="PASS" start="2024-05-06T17:14:47.917368" elapsed="0.000425"/>
</kw>
<kw name="Log" owner="BuiltIn">
<msg time="2024-05-06T17:14:47.918213" level="INFO">username</msg>
<arg>${keyTwo}</arg>
<doc>Logs the given message with the given level.</doc>
<status status="PASS" start="2024-05-06T17:14:47.918086" elapsed="0.000170"/>
</kw>
<var name="${keyTwo}">username</var>
<status status="PASS" start="2024-05-06T17:14:47.916511" elapsed="0.001959"/>
</iter>
<iter>
<kw name="Dictionary Should Contain Key" owner="Collections">
<msg time="2024-05-06T17:14:47.919243" level="INFO">False</msg>
<arg>${json_data['results'][0]['login']}</arg>
<arg>${keyTwo}</arg>
<doc>Fails if ``key`` is not found from ``dictionary``.</doc>
<status status="PASS" start="2024-05-06T17:14:47.918748" elapsed="0.000541"/>
</kw>
<kw name="Dictionary Should Contain Key" owner="Collections">
<msg time="2024-05-06T17:14:47.919971" level="INFO">False</msg>
<arg>${json_data['results'][0]['login']}</arg>
<arg>${keyTwo}</arg>
<doc>Fails if ``key`` is not found from ``dictionary``.</doc>
<status status="PASS" start="2024-05-06T17:14:47.919588" elapsed="0.000421"/>
</kw>
<kw name="Log" owner="BuiltIn">
<msg time="2024-05-06T17:14:47.920426" level="INFO">password</msg>
<arg>${keyTwo}</arg>
<doc>Logs the given message with the given level.</doc>
<status status="PASS" start="2024-05-06T17:14:47.920299" elapsed="0.000165"/>
</kw>
<var name="${keyTwo}">password</var>
<status status="PASS" start="2024-05-06T17:14:47.918640" elapsed="0.002036"/>
</iter>
<var>${keyTwo}</var>
<value>@{expected_keysTwo}</value>
<status status="PASS" start="2024-05-06T17:14:47.916353" elapsed="0.004444"/>
</for>
<status status="PASS" start="2024-05-06T17:14:47.804081" elapsed="0.116859"/>
</kw>
<doc>Testa a estrutura da resposta da API.</doc>
<tag>testeEstruturaResposta</tag>
<status status="PASS" start="2024-05-06T17:14:47.803558" elapsed="0.117542"/>
</test>
<test id="s1-s1-t4" name="Validar tipos de dados" line="28">
<kw name="Teste de Tipos de Dados" owner="random-user-service">
<kw name="GET On Session" owner="RequestsLibrary">
<msg time="2024-05-06T17:14:48.001682" level="INFO">GET Request : url=https://randomuser.me/api 
 path_url=/api 
 headers={'User-Agent': 'python-requests/2.31.0', 'Accept-Encoding': 'gzip, deflate', 'Accept': '*/*', 'Connection': 'keep-alive'} 
 body=None 
 </msg>
<msg time="2024-05-06T17:14:48.001784" level="INFO">GET Response : url=https://randomuser.me/api 
 status=200, reason=OK 
 headers={'Date': 'Mon, 06 May 2024 17:14:48 GMT', 'Content-Type': 'application/json; charset=utf-8', 'Transfer-Encoding': 'chunked', 'Connection': 'keep-alive', 'X-Powered-By': 'Express', 'Access-Control-Allow-Origin': '*', 'Cache-Control': 'no-cache', 'ETag': 'W/"46d-gdIo0hNXbQzreXmUXmEH6uSGSE0"', 'Vary': 'Accept-Encoding', 'Content-Encoding': 'gzip', 'CF-Cache-Status': 'DYNAMIC', 'Report-To': '{"endpoints":[{"url":"https:\\/\\/a.nel.cloudflare.com\\/report\\/v4?s=3gq%2BhncasbJKCg2cLjw0BlO4xDdjxmOzxLG%2B1GsaAsbGjJPURJkHaiGL%2FvjT169o5Q%2BHjKqkS1DrlhmRURCkHa3UL2FL90kXIdTxqbtFvauR7WuwaNpucE2vi8SxkE3v"}],"group":"cf-nel","max_age":604800}', 'NEL': '{"success_fraction":0,"report_to":"cf-nel","max_age":604800}', 'Server': 'cloudflare', 'CF-RAY': '87fa9bd18fea395c-IAD', 'alt-svc': 'h3=":443"; ma=86400'} 
 body={"results":[{"gender":"male","name":{"title":"Mr","first":"Denis","last":"Langli"},"location":{"street":{"number":2947,"name":"Grønland"},"city":"Hasvik","state":"Finnmark - Finnmárku","country":"Norway","postcode":"1258","coordinates":{"latitude":"42.2716","longitude":"-121.6974"},"timezone":{"offset":"+5:45","description":"Kathmandu"}},"email":"denis.langli@example.com","login":{"uuid":"37c44439-47c4-4f27-90ae-f01fd8bbc76d","username":"redtiger973","password":"282828","salt":"rEXr0kBe","md5":"ac5e6a0c4052ccfe0c0e8271cda6ae39","sha1":"78950f4a5e7f84042f864c94ccb865bcdff108b6","sha256":"cd7c110d6a8b4367413674c48a18409010d77fa2940462380dd8ed7606d53b6c"},"dob":{"date":"1947-02-17T03:13:58.688Z","age":77},"registered":{"date":"2004-01-13T07:53:55.211Z","age":20},"phone":"85777438","cell":"91966559","id":{"name":"FN","value":"17024724506"},"picture":{"large":"https://randomuser.me/api/portraits/men/98.jpg","medium":"https://randomuser.me/api/portraits/med/men/98.jpg","thumbnail":"https://randomuser.me/api/portraits/thumb/men/98.jpg"},"nat":"NO"}],"info":{"seed":"a635a42a873c77da","results":1,"page":1,"version":"1.4"}} 
 </msg>
<msg time="2024-05-06T17:14:48.001863" level="INFO">/opt/hostedtoolcache/Python/3.12.3/x64/lib/python3.12/site-packages/urllib3/connectionpool.py:1103: InsecureRequestWarning: Unverified HTTPS request is being made to host 'randomuser.me'. Adding certificate verification is strongly advised. See: https://urllib3.readthedocs.io/en/latest/advanced-usage.html#tls-warnings
  warnings.warn(</msg>
<msg time="2024-05-06T17:14:48.002000" level="INFO">${response} = &lt;Response [200]&gt;</msg>
<var>${response}</var>
<arg>consultarAPI</arg>
<arg>/api</arg>
<doc>Sends a GET request on a previously created HTTP Session.</doc>
<status status="PASS" start="2024-05-06T17:14:47.923624" elapsed="0.078420"/>
</kw>
<kw name="Set Variable" owner="BuiltIn">
<msg time="2024-05-06T17:14:48.003348" level="INFO">${json_data} = {'results': [{'gender': 'male', 'name': {'title': 'Mr', 'first': 'Denis', 'last': 'Langli'}, 'location': {'street': {'number': 2947, 'name': 'Grønland'}, 'city': 'Hasvik', 'state': 'Finnmark - Finnmár...</msg>
<var>${json_data}</var>
<arg>${response.json()}</arg>
<doc>Returns the given values which can then be assigned to a variables.</doc>
<status status="PASS" start="2024-05-06T17:14:48.002687" elapsed="0.000692"/>
</kw>
<kw name="Log" owner="BuiltIn">
<msg time="2024-05-06T17:14:48.003941" level="INFO">{'results': [{'gender': 'male', 'name': {'title': 'Mr', 'first': 'Denis', 'last': 'Langli'}, 'location': {'street': {'number': 2947, 'name': 'Grønland'}, 'city': 'Hasvik', 'state': 'Finnmark - Finnmárku', 'country': 'Norway', 'postcode': '1258', 'coordinates': {'latitude': '42.2716', 'longitude': '-121.6974'}, 'timezone': {'offset': '+5:45', 'description': 'Kathmandu'}}, 'email': 'denis.langli@example.com', 'login': {'uuid': '37c44439-47c4-4f27-90ae-f01fd8bbc76d', 'username': 'redtiger973', 'password': '282828', 'salt': 'rEXr0kBe', 'md5': 'ac5e6a0c4052ccfe0c0e8271cda6ae39', 'sha1': '78950f4a5e7f84042f864c94ccb865bcdff108b6', 'sha256': 'cd7c110d6a8b4367413674c48a18409010d77fa2940462380dd8ed7606d53b6c'}, 'dob': {'date': '1947-02-17T03:13:58.688Z', 'age': 77}, 'registered': {'date': '2004-01-13T07:53:55.211Z', 'age': 20}, 'phone': '85777438', 'cell': '91966559', 'id': {'name': 'FN', 'value': '17024724506'}, 'picture': {'large': 'https://randomuser.me/api/portraits/men/98.jpg', 'medium': 'https://randomuser.me/api/portraits/med/men/98.jpg', 'thumbnail': 'https://randomuser.me/api/portraits/thumb/men/98.jpg'}, 'nat': 'NO'}], 'info': {'seed': 'a635a42a873c77da', 'results': 1, 'page': 1, 'version': '1.4'}}</msg>
<arg>${json_data}</arg>
<doc>Logs the given message with the given level.</doc>
<status status="PASS" start="2024-05-06T17:14:48.003761" elapsed="0.000269"/>
</kw>
<kw name="Should Be String" owner="String">
<arg>${json_data['results'][0]['gender']}</arg>
<doc>Fails if the given ``item`` is not a string.</doc>
<status status="PASS" start="2024-05-06T17:14:48.004355" elapsed="0.000387"/>
</kw>
<kw name="Should Match Regexp" owner="BuiltIn">
<arg>${json_data['results'][0]['email']}</arg>
<arg>^[a-zA-Z0-9._%+-]+@[a-zA-Z0-9.-]+\.[a-zA-Z]{2,}$</arg>
<doc>Fails if ``string`` does not match ``pattern`` as a regular expression.</doc>
<status status="PASS" start="2024-05-06T17:14:48.004942" elapsed="0.000537"/>
</kw>
<kw name="Should Match Regexp" owner="BuiltIn">
<arg>${json_data['results'][0]['dob']['date']}</arg>
<arg>\\d{4}-\\d{2}-\\d{2}T\\d{2}:\\d{2}:\\d{2}\\.\\d{3}Z</arg>
<doc>Fails if ``string`` does not match ``pattern`` as a regular expression.</doc>
<status status="PASS" start="2024-05-06T17:14:48.005677" elapsed="0.000500"/>
</kw>
<kw name="Should Match Regexp" owner="BuiltIn">
<arg>${json_data['results'][0]['registered']['date']}</arg>
<arg>\\d{4}-\\d{2}-\\d{2}T\\d{2}:\\d{2}:\\d{2}\\.\\d{3}Z</arg>
<doc>Fails if ``string`` does not match ``pattern`` as a regular expression.</doc>
<status status="PASS" start="2024-05-06T17:14:48.006369" elapsed="0.000366"/>
</kw>
<kw name="Should Match Regexp" owner="BuiltIn">
<arg>${json_data['results'][0]['picture']['large']}</arg>
<arg>^https?://.*\.(?:png|jpe?g|gif|bmp)$</arg>
<doc>Fails if ``string`` does not match ``pattern`` as a regular expression.</doc>
<status status="PASS" start="2024-05-06T17:14:48.006929" elapsed="0.000497"/>
</kw>
<kw name="Should Match Regexp" owner="BuiltIn">
<arg>${json_data['results'][0]['picture']['medium']}</arg>
<arg>^https?://.*\.(?:png|jpe?g|gif|bmp)$</arg>
<doc>Fails if ``string`` does not match ``pattern`` as a regular expression.</doc>
<status status="PASS" start="2024-05-06T17:14:48.007616" elapsed="0.000364"/>
</kw>
<kw name="Should Match Regexp" owner="BuiltIn">
<arg>${json_data['results'][0]['picture']['thumbnail']}</arg>
<arg>^https?://.*\.(?:png|jpe?g|gif|bmp)$</arg>
<doc>Fails if ``string`` does not match ``pattern`` as a regular expression.</doc>
<status status="PASS" start="2024-05-06T17:14:48.008171" elapsed="0.000355"/>
</kw>
<kw name="Log" owner="BuiltIn">
<msg time="2024-05-06T17:14:48.009034" level="INFO">{'large': 'https://randomuser.me/api/portraits/men/98.jpg', 'medium': 'https://randomuser.me/api/portraits/med/men/98.jpg', 'thumbnail': 'https://randomuser.me/api/portraits/thumb/men/98.jpg'}</msg>
<arg>${json_data['results'][0]['picture']}</arg>
<doc>Logs the given message with the given level.</doc>
<status status="PASS" start="2024-05-06T17:14:48.008707" elapsed="0.000368"/>
</kw>
<status status="PASS" start="2024-05-06T17:14:47.923391" elapsed="0.085948"/>
</kw>
<kw name="Teste de Tipos de Dados - Postcode" owner="random-user-service">
<kw name="GET On Session" owner="RequestsLibrary">
<msg time="2024-05-06T17:14:48.102939" level="INFO">GET Request : url=https://randomuser.me/api 
 path_url=/api 
 headers={'User-Agent': 'python-requests/2.31.0', 'Accept-Encoding': 'gzip, deflate', 'Accept': '*/*', 'Connection': 'keep-alive'} 
 body=None 
 </msg>
<msg time="2024-05-06T17:14:48.103057" level="INFO">GET Response : url=https://randomuser.me/api 
 status=200, reason=OK 
 headers={'Date': 'Mon, 06 May 2024 17:14:48 GMT', 'Content-Type': 'application/json; charset=utf-8', 'Transfer-Encoding': 'chunked', 'Connection': 'keep-alive', 'X-Powered-By': 'Express', 'Access-Control-Allow-Origin': '*', 'Cache-Control': 'no-cache', 'ETag': 'W/"486-khAYsC1L9RMVxoZrz4PMmFd19Io"', 'Vary': 'Accept-Encoding', 'Content-Encoding': 'gzip', 'CF-Cache-Status': 'DYNAMIC', 'Report-To': '{"endpoints":[{"url":"https:\\/\\/a.nel.cloudflare.com\\/report\\/v4?s=W3TVC2AJ9hKghwG4zkL0m5O80I6hHm0L%2FYclH%2BoOFEsIfBwLRcD87ks9l6A6xH5Ydw4uDILQdFz%2FAT3CELXL4MO0ZmcndQrK%2FXxpD%2B6g%2F3SRqw34sd7LZGhS6t2lfJAD"}],"group":"cf-nel","max_age":604800}', 'NEL': '{"success_fraction":0,"report_to":"cf-nel","max_age":604800}', 'Server': 'cloudflare', 'CF-RAY': '87fa9bd2189f395c-IAD', 'alt-svc': 'h3=":443"; ma=86400'} 
 body={"results":[{"gender":"female","name":{"title":"Mrs","first":"Elena","last":"Krasić"},"location":{"street":{"number":1548,"name":"Ljiljane Jovanović"},"city":"Rača","state":"Pirot","country":"Serbia","postcode":92098,"coordinates":{"latitude":"57.1764","longitude":"40.0608"},"timezone":{"offset":"+2:00","description":"Kaliningrad, South Africa"}},"email":"elena.krasic@example.com","login":{"uuid":"358827a8-ea0c-41f6-87db-85f76726806c","username":"redleopard406","password":"slick1","salt":"OdXf7ypD","md5":"2125a43c290bf614bfb46dc18d3e9396","sha1":"14e40b2909c56299cd398bc7faba9177ccd60dba","sha256":"c810fb42f5c9e2549c9c1872690a82ff4cb8fd73e43bfd4327f0a1194de9a6de"},"dob":{"date":"1999-09-06T18:26:53.273Z","age":24},"registered":{"date":"2011-11-28T01:37:28.051Z","age":12},"phone":"021-4503-780","cell":"069-2748-398","id":{"name":"SID","value":"989016357"},"picture":{"large":"https://randomuser.me/api/portraits/women/41.jpg","medium":"https://randomuser.me/api/portraits/med/women/41.jpg","thumbnail":"https://randomuser.me/api/portraits/thumb/women/41.jpg"},"nat":"RS"}],"info":{"seed":"a280c93209e1804c","results":1,"page":1,"version":"1.4"}} 
 </msg>
<msg time="2024-05-06T17:14:48.103146" level="INFO">/opt/hostedtoolcache/Python/3.12.3/x64/lib/python3.12/site-packages/urllib3/connectionpool.py:1103: InsecureRequestWarning: Unverified HTTPS request is being made to host 'randomuser.me'. Adding certificate verification is strongly advised. See: https://urllib3.readthedocs.io/en/latest/advanced-usage.html#tls-warnings
  warnings.warn(</msg>
<msg time="2024-05-06T17:14:48.103327" level="INFO">${response} = &lt;Response [200]&gt;</msg>
<var>${response}</var>
<arg>consultarAPI</arg>
<arg>/api</arg>
<doc>Sends a GET request on a previously created HTTP Session.</doc>
<status status="PASS" start="2024-05-06T17:14:48.009815" elapsed="0.093555"/>
</kw>
<kw name="Set Variable" owner="BuiltIn">
<msg time="2024-05-06T17:14:48.104633" level="INFO">${json_data} = {'results': [{'gender': 'female', 'name': {'title': 'Mrs', 'first': 'Elena', 'last': 'Krasić'}, 'location': {'street': {'number': 1548, 'name': 'Ljiljane Jovanović'}, 'city': 'Rača', 'state': 'Pirot',...</msg>
<var>${json_data}</var>
<arg>${response.json()}</arg>
<doc>Returns the given values which can then be assigned to a variables.</doc>
<status status="PASS" start="2024-05-06T17:14:48.104025" elapsed="0.000640"/>
</kw>
<kw name="Log" owner="BuiltIn">
<msg time="2024-05-06T17:14:48.105210" level="INFO">{'results': [{'gender': 'female', 'name': {'title': 'Mrs', 'first': 'Elena', 'last': 'Krasić'}, 'location': {'street': {'number': 1548, 'name': 'Ljiljane Jovanović'}, 'city': 'Rača', 'state': 'Pirot', 'country': 'Serbia', 'postcode': 92098, 'coordinates': {'latitude': '57.1764', 'longitude': '40.0608'}, 'timezone': {'offset': '+2:00', 'description': 'Kaliningrad, South Africa'}}, 'email': 'elena.krasic@example.com', 'login': {'uuid': '358827a8-ea0c-41f6-87db-85f76726806c', 'username': 'redleopard406', 'password': 'slick1', 'salt': 'OdXf7ypD', 'md5': '2125a43c290bf614bfb46dc18d3e9396', 'sha1': '14e40b2909c56299cd398bc7faba9177ccd60dba', 'sha256': 'c810fb42f5c9e2549c9c1872690a82ff4cb8fd73e43bfd4327f0a1194de9a6de'}, 'dob': {'date': '1999-09-06T18:26:53.273Z', 'age': 24}, 'registered': {'date': '2011-11-28T01:37:28.051Z', 'age': 12}, 'phone': '021-4503-780', 'cell': '069-2748-398', 'id': {'name': 'SID', 'value': '989016357'}, 'picture': {'large': 'https://randomuser.me/api/portraits/women/41.jpg', 'medium': 'https://randomuser.me/api/portraits/med/women/41.jpg', 'thumbnail': 'https://randomuser.me/api/portraits/thumb/women/41.jpg'}, 'nat': 'RS'}], 'info': {'seed': 'a280c93209e1804c', 'results': 1, 'page': 1, 'version': '1.4'}}</msg>
<arg>${json_data}</arg>
<doc>Logs the given message with the given level.</doc>
<status status="PASS" start="2024-05-06T17:14:48.105032" elapsed="0.000267"/>
</kw>
<kw name="Should Be Equal As Numbers" owner="BuiltIn">
<arg>${json_data['results'][0]['location']['postcode']}</arg>
<arg>${json_data['results'][0]['location']['postcode']}</arg>
<doc>Fails if objects are unequal after converting them to real numbers.</doc>
<status status="PASS" start="2024-05-06T17:14:48.105818" elapsed="0.000657"/>
</kw>
<kw name="Log" owner="BuiltIn">
<msg time="2024-05-06T17:14:48.107023" level="INFO">92098</msg>
<arg>${json_data['results'][0]['location']['postcode']}</arg>
<doc>Logs the given message with the given level.</doc>
<status status="PASS" start="2024-05-06T17:14:48.106677" elapsed="0.000386"/>
</kw>
<status status="PASS" start="2024-05-06T17:14:48.009578" elapsed="0.097793"/>
</kw>
<doc>Testa se os tipos de dados na resposta da API estão corretos.</doc>
<tag>testeTiposDados</tag>
<status status="PASS" start="2024-05-06T17:14:47.922885" elapsed="0.184662"/>
</test>
<test id="s1-s1-t5" name="Validar conteudo" line="35">
<kw name="Teste de Tipos de Conteudo" owner="random-user-service">
<kw name="GET On Session" owner="RequestsLibrary">
<msg time="2024-05-06T17:14:48.206737" level="INFO">GET Request : url=https://randomuser.me/api 
 path_url=/api 
 headers={'User-Agent': 'python-requests/2.31.0', 'Accept-Encoding': 'gzip, deflate', 'Accept': '*/*', 'Connection': 'keep-alive'} 
 body=None 
 </msg>
<msg time="2024-05-06T17:14:48.206840" level="INFO">GET Response : url=https://randomuser.me/api 
 status=200, reason=OK 
 headers={'Date': 'Mon, 06 May 2024 17:14:48 GMT', 'Content-Type': 'application/json; charset=utf-8', 'Transfer-Encoding': 'chunked', 'Connection': 'keep-alive', 'X-Powered-By': 'Express', 'Access-Control-Allow-Origin': '*', 'Cache-Control': 'no-cache', 'ETag': 'W/"49b-A/6cGWn79oTW2YY8uFflceNH6ZA"', 'Vary': 'Accept-Encoding', 'Content-Encoding': 'gzip', 'CF-Cache-Status': 'DYNAMIC', 'Report-To': '{"endpoints":[{"url":"https:\\/\\/a.nel.cloudflare.com\\/report\\/v4?s=da1QVu2MVheln3FS2LC%2BC54hNJObsxH4waGMcT8M5Yr9RIc5%2F815B91aNLFRy%2B5De9Th8uZdbbllQdqKK7cjVGvTv79HOBf%2B%2B95mrC15GOfcOFP1CPLZr%2BDhYE9zEPl2"}],"group":"cf-nel","max_age":604800}', 'NEL': '{"success_fraction":0,"report_to":"cf-nel","max_age":604800}', 'Server': 'cloudflare', 'CF-RAY': '87fa9bd2b970395c-IAD', 'alt-svc': 'h3=":443"; ma=86400'} 
 body={"results":[{"gender":"male","name":{"title":"Mr","first":"Darryl","last":"Chavez"},"location":{"street":{"number":3722,"name":"Poplar Dr"},"city":"Grand Prairie","state":"Montana","country":"United States","postcode":19587,"coordinates":{"latitude":"87.2572","longitude":"-23.2313"},"timezone":{"offset":"+10:00","description":"Eastern Australia, Guam, Vladivostok"}},"email":"darryl.chavez@example.com","login":{"uuid":"32f5a581-2cbf-42be-88d0-2a679060df9f","username":"ticklishbear225","password":"klingon","salt":"lWU8iT4Y","md5":"985b623d08cd9d89feb4e045b32d9f8a","sha1":"7d7d78ea297774ea4795b258d281240fc4d7f6c0","sha256":"3532a0553b2c0989992cb8ef131ec25c6d9d276a143a2e41b38362b4dbab71e2"},"dob":{"date":"1981-05-29T01:48:07.387Z","age":42},"registered":{"date":"2009-11-23T08:35:53.707Z","age":14},"phone":"(603) 289-6939","cell":"(911) 374-6356","id":{"name":"SSN","value":"308-18-9555"},"picture":{"large":"https://randomuser.me/api/portraits/men/45.jpg","medium":"https://randomuser.me/api/portraits/med/men/45.jpg","thumbnail":"https://randomuser.me/api/portraits/thumb/men/45.jpg"},"nat":"US"}],"info":{"seed":"50d57d12f4c697bc","results":1,"page":1,"version":"1.4"}} 
 </msg>
<msg time="2024-05-06T17:14:48.206913" level="INFO">/opt/hostedtoolcache/Python/3.12.3/x64/lib/python3.12/site-packages/urllib3/connectionpool.py:1103: InsecureRequestWarning: Unverified HTTPS request is being made to host 'randomuser.me'. Adding certificate verification is strongly advised. See: https://urllib3.readthedocs.io/en/latest/advanced-usage.html#tls-warnings
  warnings.warn(</msg>
<msg time="2024-05-06T17:14:48.207044" level="INFO">${response} = &lt;Response [200]&gt;</msg>
<var>${response}</var>
<arg>consultarAPI</arg>
<arg>/api</arg>
<doc>Sends a GET request on a previously created HTTP Session.</doc>
<status status="PASS" start="2024-05-06T17:14:48.110157" elapsed="0.096931"/>
</kw>
<kw name="Set Variable" owner="BuiltIn">
<msg time="2024-05-06T17:14:48.208364" level="INFO">${json_data} = {'results': [{'gender': 'male', 'name': {'title': 'Mr', 'first': 'Darryl', 'last': 'Chavez'}, 'location': {'street': {'number': 3722, 'name': 'Poplar Dr'}, 'city': 'Grand Prairie', 'state': 'Montana',...</msg>
<var>${json_data}</var>
<arg>${response.json()}</arg>
<doc>Returns the given values which can then be assigned to a variables.</doc>
<status status="PASS" start="2024-05-06T17:14:48.207778" elapsed="0.000616"/>
</kw>
<kw name="Set Variable" owner="BuiltIn">
<msg time="2024-05-06T17:14:48.209230" level="INFO">${name_title} = Mr</msg>
<var>${name_title}</var>
<arg>${json_data["results"][0]["name"]["title"]}</arg>
<doc>Returns the given values which can then be assigned to a variables.</doc>
<status status="PASS" start="2024-05-06T17:14:48.208778" elapsed="0.000479"/>
</kw>
<kw name="Create List" owner="BuiltIn">
<msg time="2024-05-06T17:14:48.209762" level="INFO">${allowed_titles} = ['Mr', 'Ms', 'Miss', 'Mrs', 'Madame', 'Monsieur']</msg>
<var>${allowed_titles}</var>
<arg>Mr</arg>
<arg>Ms</arg>
<arg>Miss</arg>
<arg>Mrs</arg>
<arg>Madame</arg>
<arg>Monsieur</arg>
<doc>Returns a list containing given items.</doc>
<status status="PASS" start="2024-05-06T17:14:48.209600" elapsed="0.000187"/>
</kw>
<kw name="List Should Contain Value" owner="Collections">
<msg time="2024-05-06T17:14:48.210283" level="INFO">False</msg>
<arg>${allowed_titles}</arg>
<arg>${name_title}</arg>
<doc>Fails if the ``value`` is not found from ``list``.</doc>
<status status="PASS" start="2024-05-06T17:14:48.210100" elapsed="0.000221"/>
</kw>
<kw name="Set Variable" owner="BuiltIn">
<msg time="2024-05-06T17:14:48.211025" level="INFO">${name_country} = US</msg>
<var>${name_country}</var>
<arg>${json_data["results"][0]["nat"]}</arg>
<doc>Returns the given values which can then be assigned to a variables.</doc>
<status status="PASS" start="2024-05-06T17:14:48.210622" elapsed="0.000429"/>
</kw>
<kw name="Create List" owner="BuiltIn">
<msg time="2024-05-06T17:14:48.211995" level="INFO">${list_country} = ['AD', 'AE', 'AF', 'AG', 'AI', 'AL', 'AM', 'AO', 'AQ', 'AR', 'AS', 'AT', 'AU', 'AW', 'AX', 'AZ', 'BA', 'BB', 'BD', 'BE', 'BF', 'BG', 'BH', 'BI', 'BJ', 'BL', 'BM', 'BN', 'BO', 'BQ', 'BR', 'BS', 'BT', '...</msg>
<var>${list_country}</var>
<arg>AD</arg>
<arg>AE</arg>
<arg>AF</arg>
<arg>AG</arg>
<arg>AI</arg>
<arg>AL</arg>
<arg>AM</arg>
<arg>AO</arg>
<arg>AQ</arg>
<arg>AR</arg>
<arg>AS</arg>
<arg>AT</arg>
<arg>AU</arg>
<arg>AW</arg>
<arg>AX</arg>
<arg>AZ</arg>
<arg>BA</arg>
<arg>BB</arg>
<arg>BD</arg>
<arg>BE</arg>
<arg>BF</arg>
<arg>BG</arg>
<arg>BH</arg>
<arg>BI</arg>
<arg>BJ</arg>
<arg>BL</arg>
<arg>BM</arg>
<arg>BN</arg>
<arg>BO</arg>
<arg>BQ</arg>
<arg>BR</arg>
<arg>BS</arg>
<arg>BT</arg>
<arg>BV</arg>
<arg>BW</arg>
<arg>BY</arg>
<arg>BZ</arg>
<arg>CA</arg>
<arg>CC</arg>
<arg>CD</arg>
<arg>CF</arg>
<arg>CG</arg>
<arg>CH</arg>
<arg>CI</arg>
<arg>CK</arg>
<arg>CL</arg>
<arg>CM</arg>
<arg>CN</arg>
<arg>CO</arg>
<arg>CR</arg>
<arg>CU</arg>
<arg>CV</arg>
<arg>CW</arg>
<arg>CX</arg>
<arg>CY</arg>
<arg>CZ</arg>
<arg>DE</arg>
<arg>DJ</arg>
<arg>DK</arg>
<arg>DM</arg>
<arg>DO</arg>
<arg>DZ</arg>
<arg>EC</arg>
<arg>EE</arg>
<arg>EG</arg>
<arg>EH</arg>
<arg>ER</arg>
<arg>ES</arg>
<arg>ET</arg>
<arg>FI</arg>
<arg>FJ</arg>
<arg>FK</arg>
<arg>FM</arg>
<arg>FO</arg>
<arg>FR</arg>
<arg>GA</arg>
<arg>GB</arg>
<arg>GD</arg>
<arg>GE</arg>
<arg>GF</arg>
<arg>GG</arg>
<arg>GH</arg>
<arg>GI</arg>
<arg>GL</arg>
<arg>GM</arg>
<arg>GN</arg>
<arg>GP</arg>
<arg>GQ</arg>
<arg>GR</arg>
<arg>GS</arg>
<arg>GT</arg>
<arg>GU</arg>
<arg>GW</arg>
<arg>GY</arg>
<arg>HK</arg>
<arg>HM</arg>
<arg>HN</arg>
<arg>HR</arg>
<arg>HT</arg>
<arg>HU</arg>
<arg>ID</arg>
<arg>IE</arg>
<arg>IL</arg>
<arg>IM</arg>
<arg>IN</arg>
<arg>IO</arg>
<arg>IQ</arg>
<arg>IR</arg>
<arg>IS</arg>
<arg>IT</arg>
<arg>JE</arg>
<arg>JM</arg>
<arg>JO</arg>
<arg>JP</arg>
<arg>KE</arg>
<arg>KG</arg>
<arg>KH</arg>
<arg>KI</arg>
<arg>KM</arg>
<arg>KN</arg>
<arg>KP</arg>
<arg>KR</arg>
<arg>KW</arg>
<arg>KY</arg>
<arg>KZ</arg>
<arg>LA</arg>
<arg>LB</arg>
<arg>LC</arg>
<arg>LI</arg>
<arg>LK</arg>
<arg>LR</arg>
<arg>LS</arg>
<arg>LT</arg>
<arg>LU</arg>
<arg>LV</arg>
<arg>LY</arg>
<arg>MA</arg>
<arg>MC</arg>
<arg>MD</arg>
<arg>ME</arg>
<arg>MF</arg>
<arg>MG</arg>
<arg>MH</arg>
<arg>MK</arg>
<arg>ML</arg>
<arg>MM</arg>
<arg>MN</arg>
<arg>MO</arg>
<arg>MP</arg>
<arg>MQ</arg>
<arg>MR</arg>
<arg>MS</arg>
<arg>MT</arg>
<arg>MU</arg>
<arg>MV</arg>
<arg>MW</arg>
<arg>MX</arg>
<arg>MY</arg>
<arg>MZ</arg>
<arg>NA</arg>
<arg>NC</arg>
<arg>NE</arg>
<arg>NF</arg>
<arg>NG</arg>
<arg>NI</arg>
<arg>NL</arg>
<arg>NO</arg>
<arg>NP</arg>
<arg>NR</arg>
<arg>NU</arg>
<arg>NZ</arg>
<arg>OM</arg>
<arg>PA</arg>
<arg>PE</arg>
<arg>PF</arg>
<arg>PG</arg>
<arg>PH</arg>
<arg>PK</arg>
<arg>PL</arg>
<arg>PM</arg>
<arg>PN</arg>
<arg>PR</arg>
<arg>PS</arg>
<arg>PT</arg>
<arg>PW</arg>
<arg>PY</arg>
<arg>QA</arg>
<arg>RE</arg>
<arg>RO</arg>
<arg>RS</arg>
<arg>RU</arg>
<arg>RW</arg>
<arg>SA</arg>
<arg>SB</arg>
<arg>SC</arg>
<arg>SD</arg>
<arg>SE</arg>
<arg>SG</arg>
<arg>SH</arg>
<arg>SI</arg>
<arg>SJ</arg>
<arg>SK</arg>
<arg>SL</arg>
<arg>SM</arg>
<arg>SN</arg>
<arg>SO</arg>
<arg>SR</arg>
<arg>SS</arg>
<arg>ST</arg>
<arg>SV</arg>
<arg>SX</arg>
<arg>SY</arg>
<arg>SZ</arg>
<arg>TC</arg>
<arg>TD</arg>
<arg>TF</arg>
<arg>TG</arg>
<arg>TH</arg>
<arg>TJ</arg>
<arg>TK</arg>
<arg>TL</arg>
<arg>TM</arg>
<arg>TN</arg>
<arg>TO</arg>
<arg>TR</arg>
<arg>TT</arg>
<arg>TV</arg>
<arg>TW</arg>
<arg>TZ</arg>
<arg>UA</arg>
<arg>UG</arg>
<arg>UM</arg>
<arg>US</arg>
<arg>UY</arg>
<arg>UZ</arg>
<arg>VA</arg>
<arg>VC</arg>
<arg>VE</arg>
<arg>VG</arg>
<arg>VI</arg>
<arg>VN</arg>
<arg>VU</arg>
<arg>WF</arg>
<arg>WS</arg>
<arg>XK</arg>
<arg>YE</arg>
<arg>YT</arg>
<arg>ZA</arg>
<arg>ZM</arg>
<arg>ZW</arg>
<doc>Returns a list containing given items.</doc>
<status status="PASS" start="2024-05-06T17:14:48.211400" elapsed="0.000621"/>
</kw>
<kw name="List Should Contain Value" owner="Collections">
<msg time="2024-05-06T17:14:48.213032" level="INFO">False</msg>
<arg>${list_country}</arg>
<arg>${name_country}</arg>
<doc>Fails if the ``value`` is not found from ``list``.</doc>
<status status="PASS" start="2024-05-06T17:14:48.212822" elapsed="0.000246"/>
</kw>
<kw name="Run Keyword If" owner="BuiltIn">
<kw name="Should Be True" owner="BuiltIn">
<arg>${True}</arg>
<doc>Fails if the given condition is not true.</doc>
<status status="PASS" start="2024-05-06T17:14:48.214175" elapsed="0.000273"/>
</kw>
<arg>${json_data["results"][0]["location"]["coordinates"]["latitude"]} &gt;= -90 and ${json_data["results"][0]["location"]["coordinates"]["latitude"]} &lt;= 90</arg>
<arg>Should Be True</arg>
<arg>${True}</arg>
<doc>Runs the given keyword with the given arguments, if ``condition`` is true.</doc>
<status status="PASS" start="2024-05-06T17:14:48.213384" elapsed="0.001200"/>
</kw>
<kw name="Run Keyword If" owner="BuiltIn">
<kw name="Should Be True" owner="BuiltIn">
<arg>${True}</arg>
<doc>Fails if the given condition is not true.</doc>
<status status="PASS" start="2024-05-06T17:14:48.215537" elapsed="0.000142"/>
</kw>
<arg>${json_data["results"][0]["location"]["coordinates"]["longitude"]} &gt;= -180 and ${json_data["results"][0]["location"]["coordinates"]["longitude"]} &lt;= 180</arg>
<arg>Should Be True</arg>
<arg>${True}</arg>
<doc>Runs the given keyword with the given arguments, if ``condition`` is true.</doc>
<status status="PASS" start="2024-05-06T17:14:48.214774" elapsed="0.001032"/>
</kw>
<status status="PASS" start="2024-05-06T17:14:48.109918" elapsed="0.106022"/>
</kw>
<doc>Testa o conteúdo específico dos campos retornados pela API.</doc>
<tag>testeConteudo</tag>
<status status="PASS" start="2024-05-06T17:14:48.109366" elapsed="0.106730"/>
</test>
<status status="PASS" start="2024-05-06T17:14:47.276956" elapsed="0.941172"/>
</suite>
<status status="PASS" start="2024-05-06T17:14:47.263012" elapsed="0.960441"/>
</suite>
<statistics>
<total>
<stat pass="5" fail="0" skip="0">All Tests</stat>
</total>
<tag>
<stat pass="1" fail="0" skip="0">testeConteudo</stat>
<stat pass="1" fail="0" skip="0">testeEstruturaResposta</stat>
<stat pass="1" fail="0" skip="0">testeRequisicaoBasica</stat>
<stat pass="1" fail="0" skip="0">testeTiposDados</stat>
</tag>
<suite>
<stat pass="5" fail="0" skip="0" id="s1" name="Tests">Tests</stat>
<stat pass="5" fail="0" skip="0" id="s1-s1" name="Random-User-Test">Tests.Random-User-Test</stat>
</suite>
</statistics>
<errors>
</errors>
</robot>
