<?xml version="1.0" encoding="UTF-8"?>
<robot generator="Robot 7.0 (Python 3.12.3 on linux)" generated="2024-05-13T01:04:14.362617" rpa="false" schemaversion="5">
<suite id="s1" name="Tests" source="/home/runner/work/DesafioQAItauRogerioJordao/DesafioQAItauRogerioJordao/RamdonUser/tests">
<suite id="s1-s1" name="Random-User-Test" source="/home/runner/work/DesafioQAItauRogerioJordao/DesafioQAItauRogerioJordao/RamdonUser/tests/random-user-test.robot">
<test id="s1-s1-t1" name="Conectar" line="13">
<kw name="Conectar API" owner="random-user-service">
<kw name="Create Session" owner="RequestsLibrary">
<msg time="2024-05-13T01:04:14.736711" level="INFO">Creating Session using : alias=consultarAPI, url=https://randomuser.me/, headers={},                     cookies={}, auth=None, timeout=None, proxies=None, verify=False,                     debug=0 </msg>
<arg>consultarAPI</arg>
<arg>${URL}</arg>
<doc>Create Session: create a HTTP session to a server</doc>
<status status="PASS" start="2024-05-13T01:04:14.736495" elapsed="0.000415"/>
</kw>
<status status="PASS" start="2024-05-13T01:04:14.735436" elapsed="0.001846"/>
</kw>
<status status="PASS" start="2024-05-13T01:04:14.734772" elapsed="0.002705"/>
</test>
<test id="s1-s1-t2" name="Validar retorno 200 e JSON Válido" line="16">
<kw name="Teste de Requisicao Basica" owner="random-user-service">
<kw name="GET On Session" owner="RequestsLibrary">
<msg time="2024-05-13T01:04:15.088744" level="INFO">GET Request : url=https://randomuser.me/api 
 path_url=/api 
 headers={'User-Agent': 'python-requests/2.31.0', 'Accept-Encoding': 'gzip, deflate', 'Accept': '*/*', 'Connection': 'keep-alive'} 
 body=None 
 </msg>
<msg time="2024-05-13T01:04:15.088896" level="INFO">GET Response : url=https://randomuser.me/api 
 status=200, reason=OK 
 headers={'Date': 'Mon, 13 May 2024 01:04:15 GMT', 'Content-Type': 'application/json; charset=utf-8', 'Transfer-Encoding': 'chunked', 'Connection': 'keep-alive', 'X-Powered-By': 'Express', 'Access-Control-Allow-Origin': '*', 'Cache-Control': 'no-cache', 'ETag': 'W/"486-z2WqPEqFRPgZvrGD5jCan0b5ykM"', 'Vary': 'Accept-Encoding', 'Content-Encoding': 'gzip', 'CF-Cache-Status': 'DYNAMIC', 'Report-To': '{"endpoints":[{"url":"https:\\/\\/a.nel.cloudflare.com\\/report\\/v4?s=UQ042EGWigng1D9%2BJZZVEUkAAU5M%2FdJUUBo7tb2aFX2tOPG2BPml2W72N%2B1rztsgu6QM8jctGGu7FgrFpHMhizsqN562r0z5a4UeShZHqPep%2FPHg%2FMWOSztQdphQIP79"}],"group":"cf-nel","max_age":604800}', 'NEL': '{"success_fraction":0,"report_to":"cf-nel","max_age":604800}', 'Server': 'cloudflare', 'CF-RAY': '882ebbbc5bc861db-ORD', 'alt-svc': 'h3=":443"; ma=86400'} 
 body={"results":[{"gender":"female","name":{"title":"Mrs","first":"Afşar","last":"Özbir"},"location":{"street":{"number":2180,"name":"Abanoz Sk"},"city":"Tokat","state":"Tokat","country":"Turkey","postcode":90645,"coordinates":{"latitude":"69.5684","longitude":"100.1823"},"timezone":{"offset":"-4:00","description":"Atlantic Time (Canada), Caracas, La Paz"}},"email":"afsar.ozbir@example.com","login":{"uuid":"1f8436bb-e13d-4011-91da-b6ec2c42b254","username":"purplepeacock463","password":"snapon","salt":"fo3dfete","md5":"b97f67360db3bcdd51309057feb3956f","sha1":"8ad49e747f0af6bf22188a070b5a1531c725dc12","sha256":"ea8dbe3fba7c3d5c175720e6997949af502ace506a431b28cfff7343b1d854bf"},"dob":{"date":"1995-02-01T02:17:43.705Z","age":29},"registered":{"date":"2017-05-19T16:23:05.718Z","age":6},"phone":"(821)-713-2830","cell":"(007)-129-9635","id":{"name":"","value":null},"picture":{"large":"https://randomuser.me/api/portraits/women/12.jpg","medium":"https://randomuser.me/api/portraits/med/women/12.jpg","thumbnail":"https://randomuser.me/api/portraits/thumb/women/12.jpg"},"nat":"TR"}],"info":{"seed":"3fed7b2bf4fe94c7","results":1,"page":1,"version":"1.4"}} 
 </msg>
<msg time="2024-05-13T01:04:15.088982" level="INFO">/opt/hostedtoolcache/Python/3.12.3/x64/lib/python3.12/site-packages/urllib3/connectionpool.py:1103: InsecureRequestWarning: Unverified HTTPS request is being made to host 'randomuser.me'. Adding certificate verification is strongly advised. See: https://urllib3.readthedocs.io/en/latest/advanced-usage.html#tls-warnings
  warnings.warn(</msg>
<msg time="2024-05-13T01:04:15.089153" level="INFO">${response} = &lt;Response [200]&gt;</msg>
<var>${response}</var>
<arg>consultarAPI</arg>
<arg>/api</arg>
<doc>Sends a GET request on a previously created HTTP Session.</doc>
<status status="PASS" start="2024-05-13T01:04:14.740203" elapsed="0.348994"/>
</kw>
<kw name="Should Be Equal As Numbers" owner="BuiltIn">
<msg time="2024-05-13T01:04:15.090207" level="INFO">Argument types are:
&lt;class 'int'&gt;
&lt;class 'str'&gt;</msg>
<arg>${response.status_code}</arg>
<arg>200</arg>
<doc>Fails if objects are unequal after converting them to real numbers.</doc>
<status status="PASS" start="2024-05-13T01:04:15.089738" elapsed="0.000536"/>
</kw>
<kw name="Log" owner="BuiltIn">
<msg time="2024-05-13T01:04:15.090970" level="INFO">200</msg>
<arg>${response.status_code}</arg>
<doc>Logs the given message with the given level.</doc>
<status status="PASS" start="2024-05-13T01:04:15.090621" elapsed="0.000391"/>
</kw>
<kw name="Set Variable" owner="BuiltIn">
<msg time="2024-05-13T01:04:15.091822" level="INFO">${json_data} = {'results': [{'gender': 'female', 'name': {'title': 'Mrs', 'first': 'Afşar', 'last': 'Özbir'}, 'location': {'street': {'number': 2180, 'name': 'Abanoz Sk'}, 'city': 'Tokat', 'state': 'Tokat', 'country...</msg>
<var>${json_data}</var>
<arg>${response.json()}</arg>
<doc>Returns the given values which can then be assigned to a variables.</doc>
<status status="PASS" start="2024-05-13T01:04:15.091316" elapsed="0.000536"/>
</kw>
<kw name="Dictionary Should Contain Key" owner="Collections">
<msg time="2024-05-13T01:04:15.092339" level="INFO">False</msg>
<arg>${json_data}</arg>
<arg>results</arg>
<doc>Fails if ``key`` is not found from ``dictionary``.</doc>
<status status="PASS" start="2024-05-13T01:04:15.092158" elapsed="0.000231"/>
</kw>
<status status="PASS" start="2024-05-13T01:04:14.739955" elapsed="0.352691"/>
</kw>
<doc>Testa se a API responde corretamente e retorna um objeto JSON válido.</doc>
<tag>testeRequisicaoBasica</tag>
<status status="PASS" start="2024-05-13T01:04:14.739398" elapsed="0.353430"/>
</test>
<test id="s1-s1-t3" name="Validar estrutura de resposta" line="22">
<kw name="Teste de Estrutura de Resposta" owner="random-user-service">
<kw name="GET On Session" owner="RequestsLibrary">
<msg time="2024-05-13T01:04:15.182253" level="INFO">GET Request : url=https://randomuser.me/api 
 path_url=/api 
 headers={'User-Agent': 'python-requests/2.31.0', 'Accept-Encoding': 'gzip, deflate', 'Accept': '*/*', 'Connection': 'keep-alive'} 
 body=None 
 </msg>
<msg time="2024-05-13T01:04:15.182365" level="INFO">GET Response : url=https://randomuser.me/api 
 status=200, reason=OK 
 headers={'Date': 'Mon, 13 May 2024 01:04:15 GMT', 'Content-Type': 'application/json; charset=utf-8', 'Transfer-Encoding': 'chunked', 'Connection': 'keep-alive', 'X-Powered-By': 'Express', 'Access-Control-Allow-Origin': '*', 'Cache-Control': 'no-cache', 'ETag': 'W/"491-io5oA7EIx3vlL85IHNRObR1sKnY"', 'Vary': 'Accept-Encoding', 'Content-Encoding': 'gzip', 'CF-Cache-Status': 'DYNAMIC', 'Report-To': '{"endpoints":[{"url":"https:\\/\\/a.nel.cloudflare.com\\/report\\/v4?s=%2BuC2EMqnvbDflvvTJIT%2BRI5DWe8amqGjVp0SHUyIa1mF%2FIUnwHF%2B9Wapjccx0mRo61CCdVEMascAVVpLuiw4232BnodXUfVRGZz7cNGqAOyhQEF7dtxEJ0JUeMjB3yrK"}],"group":"cf-nel","max_age":604800}', 'NEL': '{"success_fraction":0,"report_to":"cf-nel","max_age":604800}', 'Server': 'cloudflare', 'CF-RAY': '882ebbbe5e0761db-ORD', 'alt-svc': 'h3=":443"; ma=86400'} 
 body={"results":[{"gender":"female","name":{"title":"Ms","first":"Melinda","last":"Hustoft"},"location":{"street":{"number":5451,"name":"Dronning Ingrids plass"},"city":"Tyristrand","state":"Hedmark","country":"Norway","postcode":"2241","coordinates":{"latitude":"39.4272","longitude":"101.5177"},"timezone":{"offset":"-7:00","description":"Mountain Time (US &amp; Canada)"}},"email":"melinda.hustoft@example.com","login":{"uuid":"a5e282e4-8ab3-4f2e-9fef-c83e80cdb5e8","username":"whiterabbit603","password":"tracey","salt":"QSo0j510","md5":"59ea46336447d7627e2962a39cbf119c","sha1":"17879bc4e813b34e61554f32f649e0de5b4a75a3","sha256":"1b482e2decc143ec7fb91a078310871ad600db6fe3ab50f7f074fdf8fade0747"},"dob":{"date":"1956-10-21T06:08:17.391Z","age":67},"registered":{"date":"2020-10-04T00:59:02.516Z","age":3},"phone":"27873950","cell":"92099858","id":{"name":"FN","value":"21105615873"},"picture":{"large":"https://randomuser.me/api/portraits/women/51.jpg","medium":"https://randomuser.me/api/portraits/med/women/51.jpg","thumbnail":"https://randomuser.me/api/portraits/thumb/women/51.jpg"},"nat":"NO"}],"info":{"seed":"6e5e9f9f34b63546","results":1,"page":1,"version":"1.4"}} 
 </msg>
<msg time="2024-05-13T01:04:15.182514" level="INFO">/opt/hostedtoolcache/Python/3.12.3/x64/lib/python3.12/site-packages/urllib3/connectionpool.py:1103: InsecureRequestWarning: Unverified HTTPS request is being made to host 'randomuser.me'. Adding certificate verification is strongly advised. See: https://urllib3.readthedocs.io/en/latest/advanced-usage.html#tls-warnings
  warnings.warn(</msg>
<msg time="2024-05-13T01:04:15.182671" level="INFO">${response} = &lt;Response [200]&gt;</msg>
<var>${response}</var>
<arg>consultarAPI</arg>
<arg>/api</arg>
<doc>Sends a GET request on a previously created HTTP Session.</doc>
<status status="PASS" start="2024-05-13T01:04:15.095606" elapsed="0.087109"/>
</kw>
<kw name="Set Variable" owner="BuiltIn">
<msg time="2024-05-13T01:04:15.183777" level="INFO">${json_data} = {'results': [{'gender': 'female', 'name': {'title': 'Ms', 'first': 'Melinda', 'last': 'Hustoft'}, 'location': {'street': {'number': 5451, 'name': 'Dronning Ingrids plass'}, 'city': 'Tyristrand', 'stat...</msg>
<var>${json_data}</var>
<arg>${response.json()}</arg>
<doc>Returns the given values which can then be assigned to a variables.</doc>
<status status="PASS" start="2024-05-13T01:04:15.183210" elapsed="0.000605"/>
</kw>
<kw name="Log" owner="BuiltIn">
<msg time="2024-05-13T01:04:15.184288" level="INFO">{'results': [{'gender': 'female', 'name': {'title': 'Ms', 'first': 'Melinda', 'last': 'Hustoft'}, 'location': {'street': {'number': 5451, 'name': 'Dronning Ingrids plass'}, 'city': 'Tyristrand', 'state': 'Hedmark', 'country': 'Norway', 'postcode': '2241', 'coordinates': {'latitude': '39.4272', 'longitude': '101.5177'}, 'timezone': {'offset': '-7:00', 'description': 'Mountain Time (US &amp; Canada)'}}, 'email': 'melinda.hustoft@example.com', 'login': {'uuid': 'a5e282e4-8ab3-4f2e-9fef-c83e80cdb5e8', 'username': 'whiterabbit603', 'password': 'tracey', 'salt': 'QSo0j510', 'md5': '59ea46336447d7627e2962a39cbf119c', 'sha1': '17879bc4e813b34e61554f32f649e0de5b4a75a3', 'sha256': '1b482e2decc143ec7fb91a078310871ad600db6fe3ab50f7f074fdf8fade0747'}, 'dob': {'date': '1956-10-21T06:08:17.391Z', 'age': 67}, 'registered': {'date': '2020-10-04T00:59:02.516Z', 'age': 3}, 'phone': '27873950', 'cell': '92099858', 'id': {'name': 'FN', 'value': '21105615873'}, 'picture': {'large': 'https://randomuser.me/api/portraits/women/51.jpg', 'medium': 'https://randomuser.me/api/portraits/med/women/51.jpg', 'thumbnail': 'https://randomuser.me/api/portraits/thumb/women/51.jpg'}, 'nat': 'NO'}], 'info': {'seed': '6e5e9f9f34b63546', 'results': 1, 'page': 1, 'version': '1.4'}}</msg>
<arg>${json_data}</arg>
<doc>Logs the given message with the given level.</doc>
<status status="PASS" start="2024-05-13T01:04:15.184129" elapsed="0.000208"/>
</kw>
<kw name="Dictionary Should Contain Key" owner="Collections">
<msg time="2024-05-13T01:04:15.184793" level="INFO">False</msg>
<arg>${json_data}</arg>
<arg>results</arg>
<doc>Fails if ``key`` is not found from ``dictionary``.</doc>
<status status="PASS" start="2024-05-13T01:04:15.184631" elapsed="0.000199"/>
</kw>
<kw name="Should Not Be Empty" owner="BuiltIn">
<msg time="2024-05-13T01:04:15.185254" level="INFO">Length is 2.</msg>
<arg>${json_data}</arg>
<doc>Verifies that the given item is not empty.</doc>
<status status="PASS" start="2024-05-13T01:04:15.185120" elapsed="0.000333"/>
</kw>
<kw name="Create List" owner="BuiltIn">
<msg time="2024-05-13T01:04:15.185901" level="INFO">${expected_keys} = ['gender', 'name', 'location', 'email', 'login']</msg>
<var>${expected_keys}</var>
<arg>gender</arg>
<arg>name</arg>
<arg>location</arg>
<arg>email</arg>
<arg>login</arg>
<doc>Returns a list containing given items.</doc>
<status status="PASS" start="2024-05-13T01:04:15.185747" elapsed="0.000178"/>
</kw>
<for flavor="IN">
<iter>
<kw name="Dictionary Should Contain Key" owner="Collections">
<msg time="2024-05-13T01:04:15.186939" level="INFO">False</msg>
<arg>${json_data['results'][0]}</arg>
<arg>${key}</arg>
<doc>Fails if ``key`` is not found from ``dictionary``.</doc>
<status status="PASS" start="2024-05-13T01:04:15.186534" elapsed="0.000442"/>
</kw>
<kw name="Log" owner="BuiltIn">
<msg time="2024-05-13T01:04:15.187661" level="INFO">{'gender': 'female', 'name': {'title': 'Ms', 'first': 'Melinda', 'last': 'Hustoft'}, 'location': {'street': {'number': 5451, 'name': 'Dronning Ingrids plass'}, 'city': 'Tyristrand', 'state': 'Hedmark', 'country': 'Norway', 'postcode': '2241', 'coordinates': {'latitude': '39.4272', 'longitude': '101.5177'}, 'timezone': {'offset': '-7:00', 'description': 'Mountain Time (US &amp; Canada)'}}, 'email': 'melinda.hustoft@example.com', 'login': {'uuid': 'a5e282e4-8ab3-4f2e-9fef-c83e80cdb5e8', 'username': 'whiterabbit603', 'password': 'tracey', 'salt': 'QSo0j510', 'md5': '59ea46336447d7627e2962a39cbf119c', 'sha1': '17879bc4e813b34e61554f32f649e0de5b4a75a3', 'sha256': '1b482e2decc143ec7fb91a078310871ad600db6fe3ab50f7f074fdf8fade0747'}, 'dob': {'date': '1956-10-21T06:08:17.391Z', 'age': 67}, 'registered': {'date': '2020-10-04T00:59:02.516Z', 'age': 3}, 'phone': '27873950', 'cell': '92099858', 'id': {'name': 'FN', 'value': '21105615873'}, 'picture': {'large': 'https://randomuser.me/api/portraits/women/51.jpg', 'medium': 'https://randomuser.me/api/portraits/med/women/51.jpg', 'thumbnail': 'https://randomuser.me/api/portraits/thumb/women/51.jpg'}, 'nat': 'NO'}</msg>
<arg>${json_data['results'][0]}</arg>
<doc>Logs the given message with the given level.</doc>
<status status="PASS" start="2024-05-13T01:04:15.187271" elapsed="0.000441"/>
</kw>
<kw name="Log" owner="BuiltIn">
<msg time="2024-05-13T01:04:15.188144" level="INFO">gender</msg>
<arg>${key}</arg>
<doc>Logs the given message with the given level.</doc>
<status status="PASS" start="2024-05-13T01:04:15.188017" elapsed="0.000164"/>
</kw>
<var name="${key}">gender</var>
<status status="PASS" start="2024-05-13T01:04:15.186407" elapsed="0.001985"/>
</iter>
<iter>
<kw name="Dictionary Should Contain Key" owner="Collections">
<msg time="2024-05-13T01:04:15.189082" level="INFO">False</msg>
<arg>${json_data['results'][0]}</arg>
<arg>${key}</arg>
<doc>Fails if ``key`` is not found from ``dictionary``.</doc>
<status status="PASS" start="2024-05-13T01:04:15.188692" elapsed="0.000426"/>
</kw>
<kw name="Log" owner="BuiltIn">
<msg time="2024-05-13T01:04:15.189806" level="INFO">{'gender': 'female', 'name': {'title': 'Ms', 'first': 'Melinda', 'last': 'Hustoft'}, 'location': {'street': {'number': 5451, 'name': 'Dronning Ingrids plass'}, 'city': 'Tyristrand', 'state': 'Hedmark', 'country': 'Norway', 'postcode': '2241', 'coordinates': {'latitude': '39.4272', 'longitude': '101.5177'}, 'timezone': {'offset': '-7:00', 'description': 'Mountain Time (US &amp; Canada)'}}, 'email': 'melinda.hustoft@example.com', 'login': {'uuid': 'a5e282e4-8ab3-4f2e-9fef-c83e80cdb5e8', 'username': 'whiterabbit603', 'password': 'tracey', 'salt': 'QSo0j510', 'md5': '59ea46336447d7627e2962a39cbf119c', 'sha1': '17879bc4e813b34e61554f32f649e0de5b4a75a3', 'sha256': '1b482e2decc143ec7fb91a078310871ad600db6fe3ab50f7f074fdf8fade0747'}, 'dob': {'date': '1956-10-21T06:08:17.391Z', 'age': 67}, 'registered': {'date': '2020-10-04T00:59:02.516Z', 'age': 3}, 'phone': '27873950', 'cell': '92099858', 'id': {'name': 'FN', 'value': '21105615873'}, 'picture': {'large': 'https://randomuser.me/api/portraits/women/51.jpg', 'medium': 'https://randomuser.me/api/portraits/med/women/51.jpg', 'thumbnail': 'https://randomuser.me/api/portraits/thumb/women/51.jpg'}, 'nat': 'NO'}</msg>
<arg>${json_data['results'][0]}</arg>
<doc>Logs the given message with the given level.</doc>
<status status="PASS" start="2024-05-13T01:04:15.189439" elapsed="0.000416"/>
</kw>
<kw name="Log" owner="BuiltIn">
<msg time="2024-05-13T01:04:15.190273" level="INFO">name</msg>
<arg>${key}</arg>
<doc>Logs the given message with the given level.</doc>
<status status="PASS" start="2024-05-13T01:04:15.190148" elapsed="0.000162"/>
</kw>
<var name="${key}">name</var>
<status status="PASS" start="2024-05-13T01:04:15.188576" elapsed="0.001950"/>
</iter>
<iter>
<kw name="Dictionary Should Contain Key" owner="Collections">
<msg time="2024-05-13T01:04:15.191200" level="INFO">False</msg>
<arg>${json_data['results'][0]}</arg>
<arg>${key}</arg>
<doc>Fails if ``key`` is not found from ``dictionary``.</doc>
<status status="PASS" start="2024-05-13T01:04:15.190819" elapsed="0.000417"/>
</kw>
<kw name="Log" owner="BuiltIn">
<msg time="2024-05-13T01:04:15.191942" level="INFO">{'gender': 'female', 'name': {'title': 'Ms', 'first': 'Melinda', 'last': 'Hustoft'}, 'location': {'street': {'number': 5451, 'name': 'Dronning Ingrids plass'}, 'city': 'Tyristrand', 'state': 'Hedmark', 'country': 'Norway', 'postcode': '2241', 'coordinates': {'latitude': '39.4272', 'longitude': '101.5177'}, 'timezone': {'offset': '-7:00', 'description': 'Mountain Time (US &amp; Canada)'}}, 'email': 'melinda.hustoft@example.com', 'login': {'uuid': 'a5e282e4-8ab3-4f2e-9fef-c83e80cdb5e8', 'username': 'whiterabbit603', 'password': 'tracey', 'salt': 'QSo0j510', 'md5': '59ea46336447d7627e2962a39cbf119c', 'sha1': '17879bc4e813b34e61554f32f649e0de5b4a75a3', 'sha256': '1b482e2decc143ec7fb91a078310871ad600db6fe3ab50f7f074fdf8fade0747'}, 'dob': {'date': '1956-10-21T06:08:17.391Z', 'age': 67}, 'registered': {'date': '2020-10-04T00:59:02.516Z', 'age': 3}, 'phone': '27873950', 'cell': '92099858', 'id': {'name': 'FN', 'value': '21105615873'}, 'picture': {'large': 'https://randomuser.me/api/portraits/women/51.jpg', 'medium': 'https://randomuser.me/api/portraits/med/women/51.jpg', 'thumbnail': 'https://randomuser.me/api/portraits/thumb/women/51.jpg'}, 'nat': 'NO'}</msg>
<arg>${json_data['results'][0]}</arg>
<doc>Logs the given message with the given level.</doc>
<status status="PASS" start="2024-05-13T01:04:15.191549" elapsed="0.000442"/>
</kw>
<kw name="Log" owner="BuiltIn">
<msg time="2024-05-13T01:04:15.192410" level="INFO">location</msg>
<arg>${key}</arg>
<doc>Logs the given message with the given level.</doc>
<status status="PASS" start="2024-05-13T01:04:15.192285" elapsed="0.000161"/>
</kw>
<var name="${key}">location</var>
<status status="PASS" start="2024-05-13T01:04:15.190706" elapsed="0.001951"/>
</iter>
<iter>
<kw name="Dictionary Should Contain Key" owner="Collections">
<msg time="2024-05-13T01:04:15.193318" level="INFO">False</msg>
<arg>${json_data['results'][0]}</arg>
<arg>${key}</arg>
<doc>Fails if ``key`` is not found from ``dictionary``.</doc>
<status status="PASS" start="2024-05-13T01:04:15.192936" elapsed="0.000418"/>
</kw>
<kw name="Log" owner="BuiltIn">
<msg time="2024-05-13T01:04:15.194003" level="INFO">{'gender': 'female', 'name': {'title': 'Ms', 'first': 'Melinda', 'last': 'Hustoft'}, 'location': {'street': {'number': 5451, 'name': 'Dronning Ingrids plass'}, 'city': 'Tyristrand', 'state': 'Hedmark', 'country': 'Norway', 'postcode': '2241', 'coordinates': {'latitude': '39.4272', 'longitude': '101.5177'}, 'timezone': {'offset': '-7:00', 'description': 'Mountain Time (US &amp; Canada)'}}, 'email': 'melinda.hustoft@example.com', 'login': {'uuid': 'a5e282e4-8ab3-4f2e-9fef-c83e80cdb5e8', 'username': 'whiterabbit603', 'password': 'tracey', 'salt': 'QSo0j510', 'md5': '59ea46336447d7627e2962a39cbf119c', 'sha1': '17879bc4e813b34e61554f32f649e0de5b4a75a3', 'sha256': '1b482e2decc143ec7fb91a078310871ad600db6fe3ab50f7f074fdf8fade0747'}, 'dob': {'date': '1956-10-21T06:08:17.391Z', 'age': 67}, 'registered': {'date': '2020-10-04T00:59:02.516Z', 'age': 3}, 'phone': '27873950', 'cell': '92099858', 'id': {'name': 'FN', 'value': '21105615873'}, 'picture': {'large': 'https://randomuser.me/api/portraits/women/51.jpg', 'medium': 'https://randomuser.me/api/portraits/med/women/51.jpg', 'thumbnail': 'https://randomuser.me/api/portraits/thumb/women/51.jpg'}, 'nat': 'NO'}</msg>
<arg>${json_data['results'][0]}</arg>
<doc>Logs the given message with the given level.</doc>
<status status="PASS" start="2024-05-13T01:04:15.193649" elapsed="0.000403"/>
</kw>
<kw name="Log" owner="BuiltIn">
<msg time="2024-05-13T01:04:15.194465" level="INFO">email</msg>
<arg>${key}</arg>
<doc>Logs the given message with the given level.</doc>
<status status="PASS" start="2024-05-13T01:04:15.194341" elapsed="0.000161"/>
</kw>
<var name="${key}">email</var>
<status status="PASS" start="2024-05-13T01:04:15.192827" elapsed="0.001885"/>
</iter>
<iter>
<kw name="Dictionary Should Contain Key" owner="Collections">
<msg time="2024-05-13T01:04:15.195373" level="INFO">False</msg>
<arg>${json_data['results'][0]}</arg>
<arg>${key}</arg>
<doc>Fails if ``key`` is not found from ``dictionary``.</doc>
<status status="PASS" start="2024-05-13T01:04:15.194990" elapsed="0.000421"/>
</kw>
<kw name="Log" owner="BuiltIn">
<msg time="2024-05-13T01:04:15.196114" level="INFO">{'gender': 'female', 'name': {'title': 'Ms', 'first': 'Melinda', 'last': 'Hustoft'}, 'location': {'street': {'number': 5451, 'name': 'Dronning Ingrids plass'}, 'city': 'Tyristrand', 'state': 'Hedmark', 'country': 'Norway', 'postcode': '2241', 'coordinates': {'latitude': '39.4272', 'longitude': '101.5177'}, 'timezone': {'offset': '-7:00', 'description': 'Mountain Time (US &amp; Canada)'}}, 'email': 'melinda.hustoft@example.com', 'login': {'uuid': 'a5e282e4-8ab3-4f2e-9fef-c83e80cdb5e8', 'username': 'whiterabbit603', 'password': 'tracey', 'salt': 'QSo0j510', 'md5': '59ea46336447d7627e2962a39cbf119c', 'sha1': '17879bc4e813b34e61554f32f649e0de5b4a75a3', 'sha256': '1b482e2decc143ec7fb91a078310871ad600db6fe3ab50f7f074fdf8fade0747'}, 'dob': {'date': '1956-10-21T06:08:17.391Z', 'age': 67}, 'registered': {'date': '2020-10-04T00:59:02.516Z', 'age': 3}, 'phone': '27873950', 'cell': '92099858', 'id': {'name': 'FN', 'value': '21105615873'}, 'picture': {'large': 'https://randomuser.me/api/portraits/women/51.jpg', 'medium': 'https://randomuser.me/api/portraits/med/women/51.jpg', 'thumbnail': 'https://randomuser.me/api/portraits/thumb/women/51.jpg'}, 'nat': 'NO'}</msg>
<arg>${json_data['results'][0]}</arg>
<doc>Logs the given message with the given level.</doc>
<status status="PASS" start="2024-05-13T01:04:15.195746" elapsed="0.000417"/>
</kw>
<kw name="Log" owner="BuiltIn">
<msg time="2024-05-13T01:04:15.196585" level="INFO">login</msg>
<arg>${key}</arg>
<doc>Logs the given message with the given level.</doc>
<status status="PASS" start="2024-05-13T01:04:15.196460" elapsed="0.000162"/>
</kw>
<var name="${key}">login</var>
<status status="PASS" start="2024-05-13T01:04:15.194881" elapsed="0.001984"/>
</iter>
<var>${key}</var>
<value>@{expected_keys}</value>
<status status="PASS" start="2024-05-13T01:04:15.186214" elapsed="0.010776"/>
</for>
<kw name="Create List" owner="BuiltIn">
<msg time="2024-05-13T01:04:15.197323" level="INFO">${expected_keysTwo} = ['username', 'password']</msg>
<var>${expected_keysTwo}</var>
<arg>username</arg>
<arg>password</arg>
<doc>Returns a list containing given items.</doc>
<status status="PASS" start="2024-05-13T01:04:15.197184" elapsed="0.000163"/>
</kw>
<for flavor="IN">
<iter>
<kw name="Dictionary Should Contain Key" owner="Collections">
<msg time="2024-05-13T01:04:15.198241" level="INFO">False</msg>
<arg>${json_data['results'][0]['login']}</arg>
<arg>${keyTwo}</arg>
<doc>Fails if ``key`` is not found from ``dictionary``.</doc>
<status status="PASS" start="2024-05-13T01:04:15.197853" elapsed="0.000424"/>
</kw>
<kw name="Dictionary Should Contain Key" owner="Collections">
<msg time="2024-05-13T01:04:15.198965" level="INFO">False</msg>
<arg>${json_data['results'][0]['login']}</arg>
<arg>${keyTwo}</arg>
<doc>Fails if ``key`` is not found from ``dictionary``.</doc>
<status status="PASS" start="2024-05-13T01:04:15.198569" elapsed="0.000431"/>
</kw>
<kw name="Log" owner="BuiltIn">
<msg time="2024-05-13T01:04:15.199426" level="INFO">username</msg>
<arg>${keyTwo}</arg>
<doc>Logs the given message with the given level.</doc>
<status status="PASS" start="2024-05-13T01:04:15.199300" elapsed="0.000168"/>
</kw>
<var name="${keyTwo}">username</var>
<status status="PASS" start="2024-05-13T01:04:15.197743" elapsed="0.002005"/>
</iter>
<iter>
<kw name="Dictionary Should Contain Key" owner="Collections">
<msg time="2024-05-13T01:04:15.200516" level="INFO">False</msg>
<arg>${json_data['results'][0]['login']}</arg>
<arg>${keyTwo}</arg>
<doc>Fails if ``key`` is not found from ``dictionary``.</doc>
<status status="PASS" start="2024-05-13T01:04:15.200052" elapsed="0.000504"/>
</kw>
<kw name="Dictionary Should Contain Key" owner="Collections">
<msg time="2024-05-13T01:04:15.201233" level="INFO">False</msg>
<arg>${json_data['results'][0]['login']}</arg>
<arg>${keyTwo}</arg>
<doc>Fails if ``key`` is not found from ``dictionary``.</doc>
<status status="PASS" start="2024-05-13T01:04:15.200854" elapsed="0.000415"/>
</kw>
<kw name="Log" owner="BuiltIn">
<msg time="2024-05-13T01:04:15.201696" level="INFO">password</msg>
<arg>${keyTwo}</arg>
<doc>Logs the given message with the given level.</doc>
<status status="PASS" start="2024-05-13T01:04:15.201561" elapsed="0.000172"/>
</kw>
<var name="${keyTwo}">password</var>
<status status="PASS" start="2024-05-13T01:04:15.199941" elapsed="0.002004"/>
</iter>
<var>${keyTwo}</var>
<value>@{expected_keysTwo}</value>
<status status="PASS" start="2024-05-13T01:04:15.197589" elapsed="0.004477"/>
</for>
<status status="PASS" start="2024-05-13T01:04:15.095337" elapsed="0.106870"/>
</kw>
<doc>Testa a estrutura da resposta da API.</doc>
<tag>testeEstruturaResposta</tag>
<status status="PASS" start="2024-05-13T01:04:15.094697" elapsed="0.107669"/>
</test>
<test id="s1-s1-t4" name="Validar tipos de dados" line="28">
<kw name="Teste de Tipos de Dados" owner="random-user-service">
<kw name="GET On Session" owner="RequestsLibrary">
<msg time="2024-05-13T01:04:15.246633" level="INFO">GET Request : url=https://randomuser.me/api 
 path_url=/api 
 headers={'User-Agent': 'python-requests/2.31.0', 'Accept-Encoding': 'gzip, deflate', 'Accept': '*/*', 'Connection': 'keep-alive'} 
 body=None 
 </msg>
<msg time="2024-05-13T01:04:15.246741" level="INFO">GET Response : url=https://randomuser.me/api 
 status=200, reason=OK 
 headers={'Date': 'Mon, 13 May 2024 01:04:15 GMT', 'Content-Type': 'application/json; charset=utf-8', 'Transfer-Encoding': 'chunked', 'Connection': 'keep-alive', 'X-Powered-By': 'Express', 'Access-Control-Allow-Origin': '*', 'Cache-Control': 'no-cache', 'ETag': 'W/"46d-8jBnKpyVePJTxE10pV0vYRP3Tcc"', 'Vary': 'Accept-Encoding', 'Content-Encoding': 'gzip', 'CF-Cache-Status': 'DYNAMIC', 'Report-To': '{"endpoints":[{"url":"https:\\/\\/a.nel.cloudflare.com\\/report\\/v4?s=kBouWczqk3PnPXknzp%2F7%2FpEenJ6zhLI1nmT%2Fh7zID%2BP7Xz0of%2FmbfEFTBij0W1XPeaHHJo%2BPFQXu4uQRZ7ENAKErPlbLSCdemyX1XexOHrec%2B6UxqIs%2BMxLOWlJWD9I%2F"}],"group":"cf-nel","max_age":604800}', 'NEL': '{"success_fraction":0,"report_to":"cf-nel","max_age":604800}', 'Server': 'cloudflare', 'CF-RAY': '882ebbbf0eab61db-ORD', 'alt-svc': 'h3=":443"; ma=86400'} 
 body={"results":[{"gender":"female","name":{"title":"Mrs","first":"Lamar","last":"Rønnestad"},"location":{"street":{"number":5594,"name":"Killingen"},"city":"Ringebu","state":"Bergen","country":"Norway","postcode":"3403","coordinates":{"latitude":"42.8847","longitude":"12.5725"},"timezone":{"offset":"-3:30","description":"Newfoundland"}},"email":"lamar.ronnestad@example.com","login":{"uuid":"8b8586a2-6da3-4a93-ade5-f3fd08c2e983","username":"goldenwolf311","password":"thong","salt":"2MpQLnM1","md5":"3bfd440058376fe7126c1bed125ccc01","sha1":"50606f4f1a1db36c285a3fe8cd434e4fac116051","sha256":"66ad73c592b2569b1f510261d9d7163cd95948e5acf3993a53aec892bae8b409"},"dob":{"date":"1998-05-29T18:59:14.172Z","age":25},"registered":{"date":"2019-06-23T02:07:45.021Z","age":4},"phone":"67195529","cell":"99205317","id":{"name":"FN","value":"29059806805"},"picture":{"large":"https://randomuser.me/api/portraits/women/0.jpg","medium":"https://randomuser.me/api/portraits/med/women/0.jpg","thumbnail":"https://randomuser.me/api/portraits/thumb/women/0.jpg"},"nat":"NO"}],"info":{"seed":"c5e1629acfa7b199","results":1,"page":1,"version":"1.4"}} 
 </msg>
<msg time="2024-05-13T01:04:15.246813" level="INFO">/opt/hostedtoolcache/Python/3.12.3/x64/lib/python3.12/site-packages/urllib3/connectionpool.py:1103: InsecureRequestWarning: Unverified HTTPS request is being made to host 'randomuser.me'. Adding certificate verification is strongly advised. See: https://urllib3.readthedocs.io/en/latest/advanced-usage.html#tls-warnings
  warnings.warn(</msg>
<msg time="2024-05-13T01:04:15.246950" level="INFO">${response} = &lt;Response [200]&gt;</msg>
<var>${response}</var>
<arg>consultarAPI</arg>
<arg>/api</arg>
<doc>Sends a GET request on a previously created HTTP Session.</doc>
<status status="PASS" start="2024-05-13T01:04:15.204963" elapsed="0.042023"/>
</kw>
<kw name="Set Variable" owner="BuiltIn">
<msg time="2024-05-13T01:04:15.248066" level="INFO">${json_data} = {'results': [{'gender': 'female', 'name': {'title': 'Mrs', 'first': 'Lamar', 'last': 'Rønnestad'}, 'location': {'street': {'number': 5594, 'name': 'Killingen'}, 'city': 'Ringebu', 'state': 'Bergen', '...</msg>
<var>${json_data}</var>
<arg>${response.json()}</arg>
<doc>Returns the given values which can then be assigned to a variables.</doc>
<status status="PASS" start="2024-05-13T01:04:15.247500" elapsed="0.000597"/>
</kw>
<kw name="Log" owner="BuiltIn">
<msg time="2024-05-13T01:04:15.248573" level="INFO">{'results': [{'gender': 'female', 'name': {'title': 'Mrs', 'first': 'Lamar', 'last': 'Rønnestad'}, 'location': {'street': {'number': 5594, 'name': 'Killingen'}, 'city': 'Ringebu', 'state': 'Bergen', 'country': 'Norway', 'postcode': '3403', 'coordinates': {'latitude': '42.8847', 'longitude': '12.5725'}, 'timezone': {'offset': '-3:30', 'description': 'Newfoundland'}}, 'email': 'lamar.ronnestad@example.com', 'login': {'uuid': '8b8586a2-6da3-4a93-ade5-f3fd08c2e983', 'username': 'goldenwolf311', 'password': 'thong', 'salt': '2MpQLnM1', 'md5': '3bfd440058376fe7126c1bed125ccc01', 'sha1': '50606f4f1a1db36c285a3fe8cd434e4fac116051', 'sha256': '66ad73c592b2569b1f510261d9d7163cd95948e5acf3993a53aec892bae8b409'}, 'dob': {'date': '1998-05-29T18:59:14.172Z', 'age': 25}, 'registered': {'date': '2019-06-23T02:07:45.021Z', 'age': 4}, 'phone': '67195529', 'cell': '99205317', 'id': {'name': 'FN', 'value': '29059806805'}, 'picture': {'large': 'https://randomuser.me/api/portraits/women/0.jpg', 'medium': 'https://randomuser.me/api/portraits/med/women/0.jpg', 'thumbnail': 'https://randomuser.me/api/portraits/thumb/women/0.jpg'}, 'nat': 'NO'}], 'info': {'seed': 'c5e1629acfa7b199', 'results': 1, 'page': 1, 'version': '1.4'}}</msg>
<arg>${json_data}</arg>
<doc>Logs the given message with the given level.</doc>
<status status="PASS" start="2024-05-13T01:04:15.248409" elapsed="0.000258"/>
</kw>
<kw name="Should Be String" owner="String">
<arg>${json_data['results'][0]['gender']}</arg>
<doc>Fails if the given ``item`` is not a string.</doc>
<status status="PASS" start="2024-05-13T01:04:15.248974" elapsed="0.000369"/>
</kw>
<kw name="Should Match Regexp" owner="BuiltIn">
<arg>${json_data['results'][0]['email']}</arg>
<arg>^[a-zA-Z0-9._%+-]+@[a-zA-Z0-9.-]+\.[a-zA-Z]{2,}$</arg>
<doc>Fails if ``string`` does not match ``pattern`` as a regular expression.</doc>
<status status="PASS" start="2024-05-13T01:04:15.249536" elapsed="0.000515"/>
</kw>
<kw name="Should Match Regexp" owner="BuiltIn">
<arg>${json_data['results'][0]['dob']['date']}</arg>
<arg>\\d{4}-\\d{2}-\\d{2}T\\d{2}:\\d{2}:\\d{2}\\.\\d{3}Z</arg>
<doc>Fails if ``string`` does not match ``pattern`` as a regular expression.</doc>
<status status="PASS" start="2024-05-13T01:04:15.250246" elapsed="0.000491"/>
</kw>
<kw name="Should Match Regexp" owner="BuiltIn">
<arg>${json_data['results'][0]['registered']['date']}</arg>
<arg>\\d{4}-\\d{2}-\\d{2}T\\d{2}:\\d{2}:\\d{2}\\.\\d{3}Z</arg>
<doc>Fails if ``string`` does not match ``pattern`` as a regular expression.</doc>
<status status="PASS" start="2024-05-13T01:04:15.250927" elapsed="0.000372"/>
</kw>
<kw name="Should Match Regexp" owner="BuiltIn">
<arg>${json_data['results'][0]['picture']['large']}</arg>
<arg>^https?://.*\.(?:png|jpe?g|gif|bmp)$</arg>
<doc>Fails if ``string`` does not match ``pattern`` as a regular expression.</doc>
<status status="PASS" start="2024-05-13T01:04:15.251492" elapsed="0.000507"/>
</kw>
<kw name="Should Match Regexp" owner="BuiltIn">
<arg>${json_data['results'][0]['picture']['medium']}</arg>
<arg>^https?://.*\.(?:png|jpe?g|gif|bmp)$</arg>
<doc>Fails if ``string`` does not match ``pattern`` as a regular expression.</doc>
<status status="PASS" start="2024-05-13T01:04:15.252187" elapsed="0.000358"/>
</kw>
<kw name="Should Match Regexp" owner="BuiltIn">
<arg>${json_data['results'][0]['picture']['thumbnail']}</arg>
<arg>^https?://.*\.(?:png|jpe?g|gif|bmp)$</arg>
<doc>Fails if ``string`` does not match ``pattern`` as a regular expression.</doc>
<status status="PASS" start="2024-05-13T01:04:15.252734" elapsed="0.000352"/>
</kw>
<kw name="Log" owner="BuiltIn">
<msg time="2024-05-13T01:04:15.253587" level="INFO">{'large': 'https://randomuser.me/api/portraits/women/0.jpg', 'medium': 'https://randomuser.me/api/portraits/med/women/0.jpg', 'thumbnail': 'https://randomuser.me/api/portraits/thumb/women/0.jpg'}</msg>
<arg>${json_data['results'][0]['picture']}</arg>
<doc>Logs the given message with the given level.</doc>
<status status="PASS" start="2024-05-13T01:04:15.253266" elapsed="0.000362"/>
</kw>
<status status="PASS" start="2024-05-13T01:04:15.204733" elapsed="0.049156"/>
</kw>
<kw name="Teste de Tipos de Dados - Postcode" owner="random-user-service">
<kw name="GET On Session" owner="RequestsLibrary">
<msg time="2024-05-13T01:04:15.350378" level="INFO">GET Request : url=https://randomuser.me/api 
 path_url=/api 
 headers={'User-Agent': 'python-requests/2.31.0', 'Accept-Encoding': 'gzip, deflate', 'Accept': '*/*', 'Connection': 'keep-alive'} 
 body=None 
 </msg>
<msg time="2024-05-13T01:04:15.350500" level="INFO">GET Response : url=https://randomuser.me/api 
 status=200, reason=OK 
 headers={'Date': 'Mon, 13 May 2024 01:04:15 GMT', 'Content-Type': 'application/json; charset=utf-8', 'Transfer-Encoding': 'chunked', 'Connection': 'keep-alive', 'X-Powered-By': 'Express', 'Access-Control-Allow-Origin': '*', 'Cache-Control': 'no-cache', 'ETag': 'W/"481-SsSEQffN0RqTMwqZTdkrsB0penQ"', 'Vary': 'Accept-Encoding', 'Content-Encoding': 'gzip', 'CF-Cache-Status': 'DYNAMIC', 'Report-To': '{"endpoints":[{"url":"https:\\/\\/a.nel.cloudflare.com\\/report\\/v4?s=89QnCN0w0RPf%2Fq961h6ndD0hYIntDofCTZaJuZWhG6DmhO1twnzTGzYXgd6iiR5qDpf%2FfMRYLpK5mZ%2B1XfOV%2FQRw7zsao3uVCpDoNVsLxC7JiUTxYhsO7E9pfdVXeMWg"}],"group":"cf-nel","max_age":604800}', 'NEL': '{"success_fraction":0,"report_to":"cf-nel","max_age":604800}', 'Server': 'cloudflare', 'CF-RAY': '882ebbbf5ee261db-ORD', 'alt-svc': 'h3=":443"; ma=86400'} 
 body={"results":[{"gender":"male","name":{"title":"Mr","first":"میلاد","last":"جعفری"},"location":{"street":{"number":4595,"name":"پاسداران"},"city":"تبریز","state":"قزوین","country":"Iran","postcode":72140,"coordinates":{"latitude":"18.0340","longitude":"-80.9990"},"timezone":{"offset":"+7:00","description":"Bangkok, Hanoi, Jakarta"}},"email":"myld.jaafry@example.com","login":{"uuid":"e0c7f48b-7989-416f-b4a3-3d821c537e84","username":"redelephant287","password":"daytona","salt":"DMIJey8C","md5":"7667907e50ae3c910252361373079236","sha1":"4f9016aedcacb1a648c09c4e0f7f3512dc669e3a","sha256":"8fbfbb6f963752339fe3c57674ae63575bad143cadd7ba2f281bd6ab6cbab131"},"dob":{"date":"1991-05-11T04:42:23.153Z","age":33},"registered":{"date":"2012-09-26T06:57:42.056Z","age":11},"phone":"007-32485249","cell":"0945-635-5248","id":{"name":"","value":null},"picture":{"large":"https://randomuser.me/api/portraits/men/12.jpg","medium":"https://randomuser.me/api/portraits/med/men/12.jpg","thumbnail":"https://randomuser.me/api/portraits/thumb/men/12.jpg"},"nat":"IR"}],"info":{"seed":"120783e0a3ad261c","results":1,"page":1,"version":"1.4"}} 
 </msg>
<msg time="2024-05-13T01:04:15.350584" level="INFO">/opt/hostedtoolcache/Python/3.12.3/x64/lib/python3.12/site-packages/urllib3/connectionpool.py:1103: InsecureRequestWarning: Unverified HTTPS request is being made to host 'randomuser.me'. Adding certificate verification is strongly advised. See: https://urllib3.readthedocs.io/en/latest/advanced-usage.html#tls-warnings
  warnings.warn(</msg>
<msg time="2024-05-13T01:04:15.350747" level="INFO">${response} = &lt;Response [200]&gt;</msg>
<var>${response}</var>
<arg>consultarAPI</arg>
<arg>/api</arg>
<doc>Sends a GET request on a previously created HTTP Session.</doc>
<status status="PASS" start="2024-05-13T01:04:15.254357" elapsed="0.096436"/>
</kw>
<kw name="Set Variable" owner="BuiltIn">
<msg time="2024-05-13T01:04:15.351924" level="INFO">${json_data} = {'results': [{'gender': 'male', 'name': {'title': 'Mr', 'first': 'میلاد', 'last': 'جعفری'}, 'location': {'street': {'number': 4595, 'name': 'پاسداران'}, 'city': 'تبریز', 'state': 'قزوین', 'country': '...</msg>
<var>${json_data}</var>
<arg>${response.json()}</arg>
<doc>Returns the given values which can then be assigned to a variables.</doc>
<status status="PASS" start="2024-05-13T01:04:15.351340" elapsed="0.000615"/>
</kw>
<kw name="Log" owner="BuiltIn">
<msg time="2024-05-13T01:04:15.352447" level="INFO">{'results': [{'gender': 'male', 'name': {'title': 'Mr', 'first': 'میلاد', 'last': 'جعفری'}, 'location': {'street': {'number': 4595, 'name': 'پاسداران'}, 'city': 'تبریز', 'state': 'قزوین', 'country': 'Iran', 'postcode': 72140, 'coordinates': {'latitude': '18.0340', 'longitude': '-80.9990'}, 'timezone': {'offset': '+7:00', 'description': 'Bangkok, Hanoi, Jakarta'}}, 'email': 'myld.jaafry@example.com', 'login': {'uuid': 'e0c7f48b-7989-416f-b4a3-3d821c537e84', 'username': 'redelephant287', 'password': 'daytona', 'salt': 'DMIJey8C', 'md5': '7667907e50ae3c910252361373079236', 'sha1': '4f9016aedcacb1a648c09c4e0f7f3512dc669e3a', 'sha256': '8fbfbb6f963752339fe3c57674ae63575bad143cadd7ba2f281bd6ab6cbab131'}, 'dob': {'date': '1991-05-11T04:42:23.153Z', 'age': 33}, 'registered': {'date': '2012-09-26T06:57:42.056Z', 'age': 11}, 'phone': '007-32485249', 'cell': '0945-635-5248', 'id': {'name': '', 'value': None}, 'picture': {'large': 'https://randomuser.me/api/portraits/men/12.jpg', 'medium': 'https://randomuser.me/api/portraits/med/men/12.jpg', 'thumbnail': 'https://randomuser.me/api/portraits/thumb/men/12.jpg'}, 'nat': 'IR'}], 'info': {'seed': '120783e0a3ad261c', 'results': 1, 'page': 1, 'version': '1.4'}}</msg>
<arg>${json_data}</arg>
<doc>Logs the given message with the given level.</doc>
<status status="PASS" start="2024-05-13T01:04:15.352282" elapsed="0.000250"/>
</kw>
<kw name="Should Be Equal As Numbers" owner="BuiltIn">
<arg>${json_data['results'][0]['location']['postcode']}</arg>
<arg>${json_data['results'][0]['location']['postcode']}</arg>
<doc>Fails if objects are unequal after converting them to real numbers.</doc>
<status status="PASS" start="2024-05-13T01:04:15.353061" elapsed="0.000646"/>
</kw>
<kw name="Log" owner="BuiltIn">
<msg time="2024-05-13T01:04:15.354241" level="INFO">72140</msg>
<arg>${json_data['results'][0]['location']['postcode']}</arg>
<doc>Logs the given message with the given level.</doc>
<status status="PASS" start="2024-05-13T01:04:15.353901" elapsed="0.000381"/>
</kw>
<status status="PASS" start="2024-05-13T01:04:15.254121" elapsed="0.100427"/>
</kw>
<doc>Testa se os tipos de dados na resposta da API estão corretos.</doc>
<tag>testeTiposDados</tag>
<status status="PASS" start="2024-05-13T01:04:15.204193" elapsed="0.150527"/>
</test>
<test id="s1-s1-t5" name="Validar conteudo" line="35">
<kw name="Teste de Tipos de Conteudo" owner="random-user-service">
<kw name="GET On Session" owner="RequestsLibrary">
<msg time="2024-05-13T01:04:15.449151" level="INFO">GET Request : url=https://randomuser.me/api 
 path_url=/api 
 headers={'User-Agent': 'python-requests/2.31.0', 'Accept-Encoding': 'gzip, deflate', 'Accept': '*/*', 'Connection': 'keep-alive'} 
 body=None 
 </msg>
<msg time="2024-05-13T01:04:15.449248" level="INFO">GET Response : url=https://randomuser.me/api 
 status=200, reason=OK 
 headers={'Date': 'Mon, 13 May 2024 01:04:15 GMT', 'Content-Type': 'application/json; charset=utf-8', 'Transfer-Encoding': 'chunked', 'Connection': 'keep-alive', 'X-Powered-By': 'Express', 'Access-Control-Allow-Origin': '*', 'Cache-Control': 'no-cache', 'ETag': 'W/"487-yOp8KETdD92rN9E2QM0a2+ok7OI"', 'Vary': 'Accept-Encoding', 'Content-Encoding': 'gzip', 'CF-Cache-Status': 'DYNAMIC', 'Report-To': '{"endpoints":[{"url":"https:\\/\\/a.nel.cloudflare.com\\/report\\/v4?s=MPqbrZAdZ8k6K79zbXJcap77M5NEd8FIAz5fuIlVaXG8BzwTdrrE3HDP20dRQtAEgxrEV%2BX8aua7eBtJqRk2%2FxfFcpKiFT1zyoVA%2FaU8YdbZFmcyy58OGsfDFprrctyR"}],"group":"cf-nel","max_age":604800}', 'NEL': '{"success_fraction":0,"report_to":"cf-nel","max_age":604800}', 'Server': 'cloudflare', 'CF-RAY': '882ebbbfff8d61db-ORD', 'alt-svc': 'h3=":443"; ma=86400'} 
 body={"results":[{"gender":"male","name":{"title":"Mr","first":"Ralph","last":"Jordan"},"location":{"street":{"number":987,"name":"Groveland Terrace"},"city":"Edison","state":"Utah","country":"United States","postcode":10898,"coordinates":{"latitude":"85.9942","longitude":"-102.8905"},"timezone":{"offset":"-8:00","description":"Pacific Time (US &amp; Canada)"}},"email":"ralph.jordan@example.com","login":{"uuid":"c72154d0-ba02-481e-a501-2a717dd888f9","username":"beautifulcat216","password":"frodo","salt":"TQdkGg6i","md5":"d1d448050a4478ebf56593234406580e","sha1":"999f4f6e8ad490f234d49bf35eabb69ade03e2c6","sha256":"f433017f53a094fec6cd59bfbd2d8fedea3134feda9b7c58b88da2f78cd75614"},"dob":{"date":"1981-10-02T15:18:53.105Z","age":42},"registered":{"date":"2012-03-08T09:26:51.391Z","age":12},"phone":"(588) 655-9512","cell":"(632) 859-4224","id":{"name":"SSN","value":"773-17-2132"},"picture":{"large":"https://randomuser.me/api/portraits/men/9.jpg","medium":"https://randomuser.me/api/portraits/med/men/9.jpg","thumbnail":"https://randomuser.me/api/portraits/thumb/men/9.jpg"},"nat":"US"}],"info":{"seed":"518d3a4730680434","results":1,"page":1,"version":"1.4"}} 
 </msg>
<msg time="2024-05-13T01:04:15.449320" level="INFO">/opt/hostedtoolcache/Python/3.12.3/x64/lib/python3.12/site-packages/urllib3/connectionpool.py:1103: InsecureRequestWarning: Unverified HTTPS request is being made to host 'randomuser.me'. Adding certificate verification is strongly advised. See: https://urllib3.readthedocs.io/en/latest/advanced-usage.html#tls-warnings
  warnings.warn(</msg>
<msg time="2024-05-13T01:04:15.449461" level="INFO">${response} = &lt;Response [200]&gt;</msg>
<var>${response}</var>
<arg>consultarAPI</arg>
<arg>/api</arg>
<doc>Sends a GET request on a previously created HTTP Session.</doc>
<status status="PASS" start="2024-05-13T01:04:15.357372" elapsed="0.092130"/>
</kw>
<kw name="Set Variable" owner="BuiltIn">
<msg time="2024-05-13T01:04:15.450578" level="INFO">${json_data} = {'results': [{'gender': 'male', 'name': {'title': 'Mr', 'first': 'Ralph', 'last': 'Jordan'}, 'location': {'street': {'number': 987, 'name': 'Groveland Terrace'}, 'city': 'Edison', 'state': 'Utah', 'co...</msg>
<var>${json_data}</var>
<arg>${response.json()}</arg>
<doc>Returns the given values which can then be assigned to a variables.</doc>
<status status="PASS" start="2024-05-13T01:04:15.450064" elapsed="0.000543"/>
</kw>
<kw name="Set Variable" owner="BuiltIn">
<msg time="2024-05-13T01:04:15.451302" level="INFO">${name_title} = Mr</msg>
<var>${name_title}</var>
<arg>${json_data["results"][0]["name"]["title"]}</arg>
<doc>Returns the given values which can then be assigned to a variables.</doc>
<status status="PASS" start="2024-05-13T01:04:15.450916" elapsed="0.000411"/>
</kw>
<kw name="Create List" owner="BuiltIn">
<msg time="2024-05-13T01:04:15.451872" level="INFO">${allowed_titles} = ['Mr', 'Ms', 'Miss', 'Mrs', 'Madame', 'Monsieur']</msg>
<var>${allowed_titles}</var>
<arg>Mr</arg>
<arg>Ms</arg>
<arg>Miss</arg>
<arg>Mrs</arg>
<arg>Madame</arg>
<arg>Monsieur</arg>
<doc>Returns a list containing given items.</doc>
<status status="PASS" start="2024-05-13T01:04:15.451702" elapsed="0.000194"/>
</kw>
<kw name="List Should Contain Value" owner="Collections">
<msg time="2024-05-13T01:04:15.452385" level="INFO">False</msg>
<arg>${allowed_titles}</arg>
<arg>${name_title}</arg>
<doc>Fails if the ``value`` is not found from ``list``.</doc>
<status status="PASS" start="2024-05-13T01:04:15.452209" elapsed="0.000213"/>
</kw>
<kw name="Set Variable" owner="BuiltIn">
<msg time="2024-05-13T01:04:15.453108" level="INFO">${name_country} = US</msg>
<var>${name_country}</var>
<arg>${json_data["results"][0]["nat"]}</arg>
<doc>Returns the given values which can then be assigned to a variables.</doc>
<status status="PASS" start="2024-05-13T01:04:15.452721" elapsed="0.000412"/>
</kw>
<kw name="Create List" owner="BuiltIn">
<msg time="2024-05-13T01:04:15.454043" level="INFO">${list_country} = ['AD', 'AE', 'AF', 'AG', 'AI', 'AL', 'AM', 'AO', 'AQ', 'AR', 'AS', 'AT', 'AU', 'AW', 'AX', 'AZ', 'BA', 'BB', 'BD', 'BE', 'BF', 'BG', 'BH', 'BI', 'BJ', 'BL', 'BM', 'BN', 'BO', 'BQ', 'BR', 'BS', 'BT', '...</msg>
<var>${list_country}</var>
<arg>AD</arg>
<arg>AE</arg>
<arg>AF</arg>
<arg>AG</arg>
<arg>AI</arg>
<arg>AL</arg>
<arg>AM</arg>
<arg>AO</arg>
<arg>AQ</arg>
<arg>AR</arg>
<arg>AS</arg>
<arg>AT</arg>
<arg>AU</arg>
<arg>AW</arg>
<arg>AX</arg>
<arg>AZ</arg>
<arg>BA</arg>
<arg>BB</arg>
<arg>BD</arg>
<arg>BE</arg>
<arg>BF</arg>
<arg>BG</arg>
<arg>BH</arg>
<arg>BI</arg>
<arg>BJ</arg>
<arg>BL</arg>
<arg>BM</arg>
<arg>BN</arg>
<arg>BO</arg>
<arg>BQ</arg>
<arg>BR</arg>
<arg>BS</arg>
<arg>BT</arg>
<arg>BV</arg>
<arg>BW</arg>
<arg>BY</arg>
<arg>BZ</arg>
<arg>CA</arg>
<arg>CC</arg>
<arg>CD</arg>
<arg>CF</arg>
<arg>CG</arg>
<arg>CH</arg>
<arg>CI</arg>
<arg>CK</arg>
<arg>CL</arg>
<arg>CM</arg>
<arg>CN</arg>
<arg>CO</arg>
<arg>CR</arg>
<arg>CU</arg>
<arg>CV</arg>
<arg>CW</arg>
<arg>CX</arg>
<arg>CY</arg>
<arg>CZ</arg>
<arg>DE</arg>
<arg>DJ</arg>
<arg>DK</arg>
<arg>DM</arg>
<arg>DO</arg>
<arg>DZ</arg>
<arg>EC</arg>
<arg>EE</arg>
<arg>EG</arg>
<arg>EH</arg>
<arg>ER</arg>
<arg>ES</arg>
<arg>ET</arg>
<arg>FI</arg>
<arg>FJ</arg>
<arg>FK</arg>
<arg>FM</arg>
<arg>FO</arg>
<arg>FR</arg>
<arg>GA</arg>
<arg>GB</arg>
<arg>GD</arg>
<arg>GE</arg>
<arg>GF</arg>
<arg>GG</arg>
<arg>GH</arg>
<arg>GI</arg>
<arg>GL</arg>
<arg>GM</arg>
<arg>GN</arg>
<arg>GP</arg>
<arg>GQ</arg>
<arg>GR</arg>
<arg>GS</arg>
<arg>GT</arg>
<arg>GU</arg>
<arg>GW</arg>
<arg>GY</arg>
<arg>HK</arg>
<arg>HM</arg>
<arg>HN</arg>
<arg>HR</arg>
<arg>HT</arg>
<arg>HU</arg>
<arg>ID</arg>
<arg>IE</arg>
<arg>IL</arg>
<arg>IM</arg>
<arg>IN</arg>
<arg>IO</arg>
<arg>IQ</arg>
<arg>IR</arg>
<arg>IS</arg>
<arg>IT</arg>
<arg>JE</arg>
<arg>JM</arg>
<arg>JO</arg>
<arg>JP</arg>
<arg>KE</arg>
<arg>KG</arg>
<arg>KH</arg>
<arg>KI</arg>
<arg>KM</arg>
<arg>KN</arg>
<arg>KP</arg>
<arg>KR</arg>
<arg>KW</arg>
<arg>KY</arg>
<arg>KZ</arg>
<arg>LA</arg>
<arg>LB</arg>
<arg>LC</arg>
<arg>LI</arg>
<arg>LK</arg>
<arg>LR</arg>
<arg>LS</arg>
<arg>LT</arg>
<arg>LU</arg>
<arg>LV</arg>
<arg>LY</arg>
<arg>MA</arg>
<arg>MC</arg>
<arg>MD</arg>
<arg>ME</arg>
<arg>MF</arg>
<arg>MG</arg>
<arg>MH</arg>
<arg>MK</arg>
<arg>ML</arg>
<arg>MM</arg>
<arg>MN</arg>
<arg>MO</arg>
<arg>MP</arg>
<arg>MQ</arg>
<arg>MR</arg>
<arg>MS</arg>
<arg>MT</arg>
<arg>MU</arg>
<arg>MV</arg>
<arg>MW</arg>
<arg>MX</arg>
<arg>MY</arg>
<arg>MZ</arg>
<arg>NA</arg>
<arg>NC</arg>
<arg>NE</arg>
<arg>NF</arg>
<arg>NG</arg>
<arg>NI</arg>
<arg>NL</arg>
<arg>NO</arg>
<arg>NP</arg>
<arg>NR</arg>
<arg>NU</arg>
<arg>NZ</arg>
<arg>OM</arg>
<arg>PA</arg>
<arg>PE</arg>
<arg>PF</arg>
<arg>PG</arg>
<arg>PH</arg>
<arg>PK</arg>
<arg>PL</arg>
<arg>PM</arg>
<arg>PN</arg>
<arg>PR</arg>
<arg>PS</arg>
<arg>PT</arg>
<arg>PW</arg>
<arg>PY</arg>
<arg>QA</arg>
<arg>RE</arg>
<arg>RO</arg>
<arg>RS</arg>
<arg>RU</arg>
<arg>RW</arg>
<arg>SA</arg>
<arg>SB</arg>
<arg>SC</arg>
<arg>SD</arg>
<arg>SE</arg>
<arg>SG</arg>
<arg>SH</arg>
<arg>SI</arg>
<arg>SJ</arg>
<arg>SK</arg>
<arg>SL</arg>
<arg>SM</arg>
<arg>SN</arg>
<arg>SO</arg>
<arg>SR</arg>
<arg>SS</arg>
<arg>ST</arg>
<arg>SV</arg>
<arg>SX</arg>
<arg>SY</arg>
<arg>SZ</arg>
<arg>TC</arg>
<arg>TD</arg>
<arg>TF</arg>
<arg>TG</arg>
<arg>TH</arg>
<arg>TJ</arg>
<arg>TK</arg>
<arg>TL</arg>
<arg>TM</arg>
<arg>TN</arg>
<arg>TO</arg>
<arg>TR</arg>
<arg>TT</arg>
<arg>TV</arg>
<arg>TW</arg>
<arg>TZ</arg>
<arg>UA</arg>
<arg>UG</arg>
<arg>UM</arg>
<arg>US</arg>
<arg>UY</arg>
<arg>UZ</arg>
<arg>VA</arg>
<arg>VC</arg>
<arg>VE</arg>
<arg>VG</arg>
<arg>VI</arg>
<arg>VN</arg>
<arg>VU</arg>
<arg>WF</arg>
<arg>WS</arg>
<arg>XK</arg>
<arg>YE</arg>
<arg>YT</arg>
<arg>ZA</arg>
<arg>ZM</arg>
<arg>ZW</arg>
<doc>Returns a list containing given items.</doc>
<status status="PASS" start="2024-05-13T01:04:15.453440" elapsed="0.000629"/>
</kw>
<kw name="List Should Contain Value" owner="Collections">
<msg time="2024-05-13T01:04:15.455061" level="INFO">False</msg>
<arg>${list_country}</arg>
<arg>${name_country}</arg>
<doc>Fails if the ``value`` is not found from ``list``.</doc>
<status status="PASS" start="2024-05-13T01:04:15.454857" elapsed="0.000242"/>
</kw>
<kw name="Run Keyword If" owner="BuiltIn">
<kw name="Should Be True" owner="BuiltIn">
<arg>${True}</arg>
<doc>Fails if the given condition is not true.</doc>
<status status="PASS" start="2024-05-13T01:04:15.456218" elapsed="0.000269"/>
</kw>
<arg>${json_data["results"][0]["location"]["coordinates"]["latitude"]} &gt;= -90 and ${json_data["results"][0]["location"]["coordinates"]["latitude"]} &lt;= 90</arg>
<arg>Should Be True</arg>
<arg>${True}</arg>
<doc>Runs the given keyword with the given arguments, if ``condition`` is true.</doc>
<status status="PASS" start="2024-05-13T01:04:15.455412" elapsed="0.001208"/>
</kw>
<kw name="Run Keyword If" owner="BuiltIn">
<kw name="Should Be True" owner="BuiltIn">
<arg>${True}</arg>
<doc>Fails if the given condition is not true.</doc>
<status status="PASS" start="2024-05-13T01:04:15.457516" elapsed="0.000139"/>
</kw>
<arg>${json_data["results"][0]["location"]["coordinates"]["longitude"]} &gt;= -180 and ${json_data["results"][0]["location"]["coordinates"]["longitude"]} &lt;= 180</arg>
<arg>Should Be True</arg>
<arg>${True}</arg>
<doc>Runs the given keyword with the given arguments, if ``condition`` is true.</doc>
<status status="PASS" start="2024-05-13T01:04:15.456808" elapsed="0.000972"/>
</kw>
<status status="PASS" start="2024-05-13T01:04:15.357135" elapsed="0.100778"/>
</kw>
<doc>Testa o conteúdo específico dos campos retornados pela API.</doc>
<tag>testeConteudo</tag>
<status status="PASS" start="2024-05-13T01:04:15.356601" elapsed="0.101467"/>
</test>
<status status="PASS" start="2024-05-13T01:04:14.421023" elapsed="1.039072"/>
</suite>
<status status="PASS" start="2024-05-13T01:04:14.407257" elapsed="1.058028"/>
</suite>
<statistics>
<total>
<stat pass="5" fail="0" skip="0">All Tests</stat>
</total>
<tag>
<stat pass="1" fail="0" skip="0">testeConteudo</stat>
<stat pass="1" fail="0" skip="0">testeEstruturaResposta</stat>
<stat pass="1" fail="0" skip="0">testeRequisicaoBasica</stat>
<stat pass="1" fail="0" skip="0">testeTiposDados</stat>
</tag>
<suite>
<stat pass="5" fail="0" skip="0" id="s1" name="Tests">Tests</stat>
<stat pass="5" fail="0" skip="0" id="s1-s1" name="Random-User-Test">Tests.Random-User-Test</stat>
</suite>
</statistics>
<errors>
</errors>
</robot>
