<?xml version="1.0" encoding="UTF-8"?>
<robot generator="Robot 7.0.1 (Python 3.12.4 on linux)" generated="2024-07-31T09:17:29.907307" rpa="false" schemaversion="5">
<suite id="s1" name="Tests" source="/home/runner/work/ApiRandomUser/ApiRandomUser/RamdonUser/tests">
<suite id="s1-s1" name="Random-User-Test" source="/home/runner/work/ApiRandomUser/ApiRandomUser/RamdonUser/tests/random-user-test.robot">
<test id="s1-s1-t1" name="Conectar" line="13">
<kw name="Conectar API" owner="random-user-service">
<kw name="Create Session" owner="RequestsLibrary">
<msg time="2024-07-31T09:17:30.302694" level="INFO">Creating Session using : alias=consultarAPI, url=https://randomuser.me/, headers={},                     cookies={}, auth=None, timeout=None, proxies=None, verify=False,                     debug=0 </msg>
<arg>consultarAPI</arg>
<arg>${URL}</arg>
<doc>Create Session: create a HTTP session to a server</doc>
<status status="PASS" start="2024-07-31T09:17:30.302498" elapsed="0.000368"/>
</kw>
<status status="PASS" start="2024-07-31T09:17:30.301485" elapsed="0.001731"/>
</kw>
<status status="PASS" start="2024-07-31T09:17:30.300839" elapsed="0.002572"/>
</test>
<test id="s1-s1-t2" name="Validar retorno 200 e JSON Válido" line="16">
<kw name="Teste de Requisicao Basica" owner="random-user-service">
<kw name="GET On Session" owner="RequestsLibrary">
<msg time="2024-07-31T09:17:30.477572" level="INFO">GET Request : url=https://randomuser.me/api 
 path_url=/api 
 headers={'User-Agent': 'python-requests/2.32.3', 'Accept-Encoding': 'gzip, deflate', 'Accept': '*/*', 'Connection': 'keep-alive'} 
 body=None 
 </msg>
<msg time="2024-07-31T09:17:30.477706" level="INFO">GET Response : url=https://randomuser.me/api 
 status=200, reason=OK 
 headers={'Date': 'Wed, 31 Jul 2024 09:17:30 GMT', 'Content-Type': 'application/json; charset=utf-8', 'Transfer-Encoding': 'chunked', 'Connection': 'keep-alive', 'X-Powered-By': 'Express', 'Access-Control-Allow-Origin': '*', 'Cache-Control': 'no-cache', 'ETag': 'W/"4b7-wMjIPu/YUEz8xQA0SMHoaDh4r+k"', 'Vary': 'Accept-Encoding', 'Content-Encoding': 'gzip', 'CF-Cache-Status': 'DYNAMIC', 'Report-To': '{"endpoints":[{"url":"https:\\/\\/a.nel.cloudflare.com\\/report\\/v4?s=W2wBF81fkZ7Stn7wYEd2hb9x9hqdEFYXQcJKHyGMqvvveh6Jybk2kFUaxuntqVILkBxq3LkHfku3ynNK0U0KKQJOYV3vLA482vmWlZguDhtOqA4Ou8KCgtkq418jvJ3f"}],"group":"cf-nel","max_age":604800}', 'NEL': '{"success_fraction":0,"report_to":"cf-nel","max_age":604800}', 'Server': 'cloudflare', 'CF-RAY': '8abc7ee93853204b-IAD', 'alt-svc': 'h3=":443"; ma=86400'} 
 body={"results":[{"gender":"female","name":{"title":"Ms","first":"Rosalia","last":"Rivas"},"location":{"street":{"number":2741,"name":"Cerrada Sur Rico"},"city":"San Andrés Tuxtla","state":"Estado de Mexico","country":"Mexico","postcode":86353,"coordinates":{"latitude":"25.4586","longitude":"87.5070"},"timezone":{"offset":"+5:00","description":"Ekaterinburg, Islamabad, Karachi, Tashkent"}},"email":"rosalia.rivas@example.com","login":{"uuid":"dcba45a5-d9c4-49bf-9448-04347770a962","username":"orangebear331","password":"dancing","salt":"JXqJS7vq","md5":"ea5c35750ebd8d180fb7691b9f418432","sha1":"27d6546653af72a797bec000c267709577237cf6","sha256":"37334614264ebcb51286cc40ed199efbf2850033a9529a17a55cac47d19f57e5"},"dob":{"date":"1957-05-29T19:05:18.542Z","age":67},"registered":{"date":"2007-11-26T04:33:35.471Z","age":16},"phone":"(644) 065 3198","cell":"(620) 975 7776","id":{"name":"NSS","value":"20 87 39 5485 0"},"picture":{"large":"https://randomuser.me/api/portraits/women/47.jpg","medium":"https://randomuser.me/api/portraits/med/women/47.jpg","thumbnail":"https://randomuser.me/api/portraits/thumb/women/47.jpg"},"nat":"MX"}],"info":{"seed":"84e069ba965ddb33","results":1,"page":1,"version":"1.4"}} 
 </msg>
<msg time="2024-07-31T09:17:30.477797" level="INFO">/opt/hostedtoolcache/Python/3.12.4/x64/lib/python3.12/site-packages/urllib3/connectionpool.py:1099: InsecureRequestWarning: Unverified HTTPS request is being made to host 'randomuser.me'. Adding certificate verification is strongly advised. See: https://urllib3.readthedocs.io/en/latest/advanced-usage.html#tls-warnings
  warnings.warn(</msg>
<msg time="2024-07-31T09:17:30.477942" level="INFO">${response} = &lt;Response [200]&gt;</msg>
<var>${response}</var>
<arg>consultarAPI</arg>
<arg>/api</arg>
<doc>Sends a GET request on a previously created HTTP Session.</doc>
<status status="PASS" start="2024-07-31T09:17:30.305992" elapsed="0.172004"/>
</kw>
<kw name="Should Be Equal As Numbers" owner="BuiltIn">
<msg time="2024-07-31T09:17:30.478858" level="INFO">Argument types are:
&lt;class 'int'&gt;
&lt;class 'str'&gt;</msg>
<arg>${response.status_code}</arg>
<arg>200</arg>
<doc>Fails if objects are unequal after converting them to real numbers.</doc>
<status status="PASS" start="2024-07-31T09:17:30.478453" elapsed="0.000469"/>
</kw>
<kw name="Log" owner="BuiltIn">
<msg time="2024-07-31T09:17:30.479597" level="INFO">200</msg>
<arg>${response.status_code}</arg>
<doc>Logs the given message with the given level.</doc>
<status status="PASS" start="2024-07-31T09:17:30.479243" elapsed="0.000395"/>
</kw>
<kw name="Set Variable" owner="BuiltIn">
<msg time="2024-07-31T09:17:30.480439" level="INFO">${json_data} = {'results': [{'gender': 'female', 'name': {'title': 'Ms', 'first': 'Rosalia', 'last': 'Rivas'}, 'location': {'street': {'number': 2741, 'name': 'Cerrada Sur Rico'}, 'city': 'San Andrés Tuxtla', 'state...</msg>
<var>${json_data}</var>
<arg>${response.json()}</arg>
<doc>Returns the given values which can then be assigned to a variables.</doc>
<status status="PASS" start="2024-07-31T09:17:30.479995" elapsed="0.000474"/>
</kw>
<kw name="Dictionary Should Contain Key" owner="Collections">
<arg>${json_data}</arg>
<arg>results</arg>
<doc>Fails if ``key`` is not found from ``dictionary``.</doc>
<status status="PASS" start="2024-07-31T09:17:30.480775" elapsed="0.000294"/>
</kw>
<status status="PASS" start="2024-07-31T09:17:30.305749" elapsed="0.175471"/>
</kw>
<doc>Testa se a API responde corretamente e retorna um objeto JSON válido.</doc>
<tag>testeRequisicaoBasica</tag>
<status status="PASS" start="2024-07-31T09:17:30.305299" elapsed="0.176084"/>
</test>
<test id="s1-s1-t3" name="Validar estrutura de resposta" line="22">
<kw name="Teste de Estrutura de Resposta" owner="random-user-service">
<kw name="GET On Session" owner="RequestsLibrary">
<msg time="2024-07-31T09:17:30.572528" level="INFO">GET Request : url=https://randomuser.me/api 
 path_url=/api 
 headers={'User-Agent': 'python-requests/2.32.3', 'Accept-Encoding': 'gzip, deflate', 'Accept': '*/*', 'Connection': 'keep-alive'} 
 body=None 
 </msg>
<msg time="2024-07-31T09:17:30.572594" level="INFO">GET Response : url=https://randomuser.me/api 
 status=200, reason=OK 
 headers={'Date': 'Wed, 31 Jul 2024 09:17:30 GMT', 'Content-Type': 'application/json; charset=utf-8', 'Transfer-Encoding': 'chunked', 'Connection': 'keep-alive', 'X-Powered-By': 'Express', 'Access-Control-Allow-Origin': '*', 'Cache-Control': 'no-cache', 'ETag': 'W/"493-ZJxnYajRvavwCZ/qLaJcxME36XM"', 'Vary': 'Accept-Encoding', 'Content-Encoding': 'gzip', 'CF-Cache-Status': 'DYNAMIC', 'Report-To': '{"endpoints":[{"url":"https:\\/\\/a.nel.cloudflare.com\\/report\\/v4?s=Ewl8fqmvNMcWQOI3eBKEUaajBCX6bLt6kEVNaS%2Fj9PORZoApgr4PWIDQZf2A%2B6NXJd%2B63YDY%2BQ5f4DoNyQCuWMzndPUonY99o8S1sRHiaPt3YVyN2vFwAggA0tQ%2B8ao5"}],"group":"cf-nel","max_age":604800}', 'NEL': '{"success_fraction":0,"report_to":"cf-nel","max_age":604800}', 'Server': 'cloudflare', 'CF-RAY': '8abc7ee98889204b-IAD', 'alt-svc': 'h3=":443"; ma=86400'} 
 body={"results":[{"gender":"female","name":{"title":"Ms","first":"Melina","last":"Kojić"},"location":{"street":{"number":11,"name":"Porodice Josipović"},"city":"Babušnica","state":"Bor","country":"Serbia","postcode":38486,"coordinates":{"latitude":"63.9822","longitude":"179.8076"},"timezone":{"offset":"+5:30","description":"Bombay, Calcutta, Madras, New Delhi"}},"email":"melina.kojic@example.com","login":{"uuid":"85db0a00-52d6-4b9e-9a65-a4443bd577b6","username":"goldenmouse325","password":"gryphon","salt":"j2yUK3gO","md5":"3e2b1c5d54b5d09fd493b9fb4f3179d3","sha1":"a9b3ee09af21ad5e6eb1d54c918104f91b9a2f91","sha256":"e6d05dff3b644ad8d8ce273a469a68c24b627ef5451dcb0ca22e28a6028d7ab5"},"dob":{"date":"1961-03-31T02:07:08.403Z","age":63},"registered":{"date":"2008-01-31T23:44:57.012Z","age":16},"phone":"038-3447-336","cell":"069-5905-036","id":{"name":"SID","value":"519034518"},"picture":{"large":"https://randomuser.me/api/portraits/women/20.jpg","medium":"https://randomuser.me/api/portraits/med/women/20.jpg","thumbnail":"https://randomuser.me/api/portraits/thumb/women/20.jpg"},"nat":"RS"}],"info":{"seed":"d60144dac79222c9","results":1,"page":1,"version":"1.4"}} 
 </msg>
<msg time="2024-07-31T09:17:30.572697" level="INFO">/opt/hostedtoolcache/Python/3.12.4/x64/lib/python3.12/site-packages/urllib3/connectionpool.py:1099: InsecureRequestWarning: Unverified HTTPS request is being made to host 'randomuser.me'. Adding certificate verification is strongly advised. See: https://urllib3.readthedocs.io/en/latest/advanced-usage.html#tls-warnings
  warnings.warn(</msg>
<msg time="2024-07-31T09:17:30.572796" level="INFO">${response} = &lt;Response [200]&gt;</msg>
<var>${response}</var>
<arg>consultarAPI</arg>
<arg>/api</arg>
<doc>Sends a GET request on a previously created HTTP Session.</doc>
<status status="PASS" start="2024-07-31T09:17:30.483993" elapsed="0.088845"/>
</kw>
<kw name="Set Variable" owner="BuiltIn">
<msg time="2024-07-31T09:17:30.573804" level="INFO">${json_data} = {'results': [{'gender': 'female', 'name': {'title': 'Ms', 'first': 'Melina', 'last': 'Kojić'}, 'location': {'street': {'number': 11, 'name': 'Porodice Josipović'}, 'city': 'Babušnica', 'state': 'Bor',...</msg>
<var>${json_data}</var>
<arg>${response.json()}</arg>
<doc>Returns the given values which can then be assigned to a variables.</doc>
<status status="PASS" start="2024-07-31T09:17:30.573309" elapsed="0.000526"/>
</kw>
<kw name="Log" owner="BuiltIn">
<msg time="2024-07-31T09:17:30.574314" level="INFO">{'results': [{'gender': 'female', 'name': {'title': 'Ms', 'first': 'Melina', 'last': 'Kojić'}, 'location': {'street': {'number': 11, 'name': 'Porodice Josipović'}, 'city': 'Babušnica', 'state': 'Bor', 'country': 'Serbia', 'postcode': 38486, 'coordinates': {'latitude': '63.9822', 'longitude': '179.8076'}, 'timezone': {'offset': '+5:30', 'description': 'Bombay, Calcutta, Madras, New Delhi'}}, 'email': 'melina.kojic@example.com', 'login': {'uuid': '85db0a00-52d6-4b9e-9a65-a4443bd577b6', 'username': 'goldenmouse325', 'password': 'gryphon', 'salt': 'j2yUK3gO', 'md5': '3e2b1c5d54b5d09fd493b9fb4f3179d3', 'sha1': 'a9b3ee09af21ad5e6eb1d54c918104f91b9a2f91', 'sha256': 'e6d05dff3b644ad8d8ce273a469a68c24b627ef5451dcb0ca22e28a6028d7ab5'}, 'dob': {'date': '1961-03-31T02:07:08.403Z', 'age': 63}, 'registered': {'date': '2008-01-31T23:44:57.012Z', 'age': 16}, 'phone': '038-3447-336', 'cell': '069-5905-036', 'id': {'name': 'SID', 'value': '519034518'}, 'picture': {'large': 'https://randomuser.me/api/portraits/women/20.jpg', 'medium': 'https://randomuser.me/api/portraits/med/women/20.jpg', 'thumbnail': 'https://randomuser.me/api/portraits/thumb/women/20.jpg'}, 'nat': 'RS'}], 'info': {'seed': 'd60144dac79222c9', 'results': 1, 'page': 1, 'version': '1.4'}}</msg>
<arg>${json_data}</arg>
<doc>Logs the given message with the given level.</doc>
<status status="PASS" start="2024-07-31T09:17:30.574146" elapsed="0.000219"/>
</kw>
<kw name="Dictionary Should Contain Key" owner="Collections">
<arg>${json_data}</arg>
<arg>results</arg>
<doc>Fails if ``key`` is not found from ``dictionary``.</doc>
<status status="PASS" start="2024-07-31T09:17:30.574662" elapsed="0.000163"/>
</kw>
<kw name="Should Not Be Empty" owner="BuiltIn">
<msg time="2024-07-31T09:17:30.575140" level="INFO">Length is 2.</msg>
<arg>${json_data}</arg>
<doc>Verifies that the given item is not empty.</doc>
<status status="PASS" start="2024-07-31T09:17:30.575014" elapsed="0.000164"/>
</kw>
<kw name="Create List" owner="BuiltIn">
<msg time="2024-07-31T09:17:30.575618" level="INFO">${expected_keys} = ['gender', 'name', 'location', 'email', 'login']</msg>
<var>${expected_keys}</var>
<arg>gender</arg>
<arg>name</arg>
<arg>location</arg>
<arg>email</arg>
<arg>login</arg>
<doc>Returns a list containing given items.</doc>
<status status="PASS" start="2024-07-31T09:17:30.575465" elapsed="0.000177"/>
</kw>
<for flavor="IN">
<iter>
<kw name="Dictionary Should Contain Key" owner="Collections">
<arg>${json_data['results'][0]}</arg>
<arg>${key}</arg>
<doc>Fails if ``key`` is not found from ``dictionary``.</doc>
<status status="PASS" start="2024-07-31T09:17:30.576260" elapsed="0.000404"/>
</kw>
<kw name="Log" owner="BuiltIn">
<msg time="2024-07-31T09:17:30.577222" level="INFO">{'gender': 'female', 'name': {'title': 'Ms', 'first': 'Melina', 'last': 'Kojić'}, 'location': {'street': {'number': 11, 'name': 'Porodice Josipović'}, 'city': 'Babušnica', 'state': 'Bor', 'country': 'Serbia', 'postcode': 38486, 'coordinates': {'latitude': '63.9822', 'longitude': '179.8076'}, 'timezone': {'offset': '+5:30', 'description': 'Bombay, Calcutta, Madras, New Delhi'}}, 'email': 'melina.kojic@example.com', 'login': {'uuid': '85db0a00-52d6-4b9e-9a65-a4443bd577b6', 'username': 'goldenmouse325', 'password': 'gryphon', 'salt': 'j2yUK3gO', 'md5': '3e2b1c5d54b5d09fd493b9fb4f3179d3', 'sha1': 'a9b3ee09af21ad5e6eb1d54c918104f91b9a2f91', 'sha256': 'e6d05dff3b644ad8d8ce273a469a68c24b627ef5451dcb0ca22e28a6028d7ab5'}, 'dob': {'date': '1961-03-31T02:07:08.403Z', 'age': 63}, 'registered': {'date': '2008-01-31T23:44:57.012Z', 'age': 16}, 'phone': '038-3447-336', 'cell': '069-5905-036', 'id': {'name': 'SID', 'value': '519034518'}, 'picture': {'large': 'https://randomuser.me/api/portraits/women/20.jpg', 'medium': 'https://randomuser.me/api/portraits/med/women/20.jpg', 'thumbnail': 'https://randomuser.me/api/portraits/thumb/women/20.jpg'}, 'nat': 'RS'}</msg>
<arg>${json_data['results'][0]}</arg>
<doc>Logs the given message with the given level.</doc>
<status status="PASS" start="2024-07-31T09:17:30.576859" elapsed="0.000415"/>
</kw>
<kw name="Log" owner="BuiltIn">
<msg time="2024-07-31T09:17:30.577705" level="INFO">gender</msg>
<arg>${key}</arg>
<doc>Logs the given message with the given level.</doc>
<status status="PASS" start="2024-07-31T09:17:30.577574" elapsed="0.000170"/>
</kw>
<var name="${key}">gender</var>
<status status="PASS" start="2024-07-31T09:17:30.576133" elapsed="0.001829"/>
</iter>
<iter>
<kw name="Dictionary Should Contain Key" owner="Collections">
<arg>${json_data['results'][0]}</arg>
<arg>${key}</arg>
<doc>Fails if ``key`` is not found from ``dictionary``.</doc>
<status status="PASS" start="2024-07-31T09:17:30.578262" elapsed="0.000394"/>
</kw>
<kw name="Log" owner="BuiltIn">
<msg time="2024-07-31T09:17:30.579204" level="INFO">{'gender': 'female', 'name': {'title': 'Ms', 'first': 'Melina', 'last': 'Kojić'}, 'location': {'street': {'number': 11, 'name': 'Porodice Josipović'}, 'city': 'Babušnica', 'state': 'Bor', 'country': 'Serbia', 'postcode': 38486, 'coordinates': {'latitude': '63.9822', 'longitude': '179.8076'}, 'timezone': {'offset': '+5:30', 'description': 'Bombay, Calcutta, Madras, New Delhi'}}, 'email': 'melina.kojic@example.com', 'login': {'uuid': '85db0a00-52d6-4b9e-9a65-a4443bd577b6', 'username': 'goldenmouse325', 'password': 'gryphon', 'salt': 'j2yUK3gO', 'md5': '3e2b1c5d54b5d09fd493b9fb4f3179d3', 'sha1': 'a9b3ee09af21ad5e6eb1d54c918104f91b9a2f91', 'sha256': 'e6d05dff3b644ad8d8ce273a469a68c24b627ef5451dcb0ca22e28a6028d7ab5'}, 'dob': {'date': '1961-03-31T02:07:08.403Z', 'age': 63}, 'registered': {'date': '2008-01-31T23:44:57.012Z', 'age': 16}, 'phone': '038-3447-336', 'cell': '069-5905-036', 'id': {'name': 'SID', 'value': '519034518'}, 'picture': {'large': 'https://randomuser.me/api/portraits/women/20.jpg', 'medium': 'https://randomuser.me/api/portraits/med/women/20.jpg', 'thumbnail': 'https://randomuser.me/api/portraits/thumb/women/20.jpg'}, 'nat': 'RS'}</msg>
<arg>${json_data['results'][0]}</arg>
<doc>Logs the given message with the given level.</doc>
<status status="PASS" start="2024-07-31T09:17:30.578843" elapsed="0.000444"/>
</kw>
<kw name="Log" owner="BuiltIn">
<msg time="2024-07-31T09:17:30.579752" level="INFO">name</msg>
<arg>${key}</arg>
<doc>Logs the given message with the given level.</doc>
<status status="PASS" start="2024-07-31T09:17:30.579588" elapsed="0.000211"/>
</kw>
<var name="${key}">name</var>
<status status="PASS" start="2024-07-31T09:17:30.578149" elapsed="0.001876"/>
</iter>
<iter>
<kw name="Dictionary Should Contain Key" owner="Collections">
<arg>${json_data['results'][0]}</arg>
<arg>${key}</arg>
<doc>Fails if ``key`` is not found from ``dictionary``.</doc>
<status status="PASS" start="2024-07-31T09:17:30.580316" elapsed="0.000390"/>
</kw>
<kw name="Log" owner="BuiltIn">
<msg time="2024-07-31T09:17:30.581244" level="INFO">{'gender': 'female', 'name': {'title': 'Ms', 'first': 'Melina', 'last': 'Kojić'}, 'location': {'street': {'number': 11, 'name': 'Porodice Josipović'}, 'city': 'Babušnica', 'state': 'Bor', 'country': 'Serbia', 'postcode': 38486, 'coordinates': {'latitude': '63.9822', 'longitude': '179.8076'}, 'timezone': {'offset': '+5:30', 'description': 'Bombay, Calcutta, Madras, New Delhi'}}, 'email': 'melina.kojic@example.com', 'login': {'uuid': '85db0a00-52d6-4b9e-9a65-a4443bd577b6', 'username': 'goldenmouse325', 'password': 'gryphon', 'salt': 'j2yUK3gO', 'md5': '3e2b1c5d54b5d09fd493b9fb4f3179d3', 'sha1': 'a9b3ee09af21ad5e6eb1d54c918104f91b9a2f91', 'sha256': 'e6d05dff3b644ad8d8ce273a469a68c24b627ef5451dcb0ca22e28a6028d7ab5'}, 'dob': {'date': '1961-03-31T02:07:08.403Z', 'age': 63}, 'registered': {'date': '2008-01-31T23:44:57.012Z', 'age': 16}, 'phone': '038-3447-336', 'cell': '069-5905-036', 'id': {'name': 'SID', 'value': '519034518'}, 'picture': {'large': 'https://randomuser.me/api/portraits/women/20.jpg', 'medium': 'https://randomuser.me/api/portraits/med/women/20.jpg', 'thumbnail': 'https://randomuser.me/api/portraits/thumb/women/20.jpg'}, 'nat': 'RS'}</msg>
<arg>${json_data['results'][0]}</arg>
<doc>Logs the given message with the given level.</doc>
<status status="PASS" start="2024-07-31T09:17:30.580895" elapsed="0.000400"/>
</kw>
<kw name="Log" owner="BuiltIn">
<msg time="2024-07-31T09:17:30.581720" level="INFO">location</msg>
<arg>${key}</arg>
<doc>Logs the given message with the given level.</doc>
<status status="PASS" start="2024-07-31T09:17:30.581589" elapsed="0.000168"/>
</kw>
<var name="${key}">location</var>
<status status="PASS" start="2024-07-31T09:17:30.580208" elapsed="0.001766"/>
</iter>
<iter>
<kw name="Dictionary Should Contain Key" owner="Collections">
<arg>${json_data['results'][0]}</arg>
<arg>${key}</arg>
<doc>Fails if ``key`` is not found from ``dictionary``.</doc>
<status status="PASS" start="2024-07-31T09:17:30.582252" elapsed="0.000380"/>
</kw>
<kw name="Log" owner="BuiltIn">
<msg time="2024-07-31T09:17:30.583289" level="INFO">{'gender': 'female', 'name': {'title': 'Ms', 'first': 'Melina', 'last': 'Kojić'}, 'location': {'street': {'number': 11, 'name': 'Porodice Josipović'}, 'city': 'Babušnica', 'state': 'Bor', 'country': 'Serbia', 'postcode': 38486, 'coordinates': {'latitude': '63.9822', 'longitude': '179.8076'}, 'timezone': {'offset': '+5:30', 'description': 'Bombay, Calcutta, Madras, New Delhi'}}, 'email': 'melina.kojic@example.com', 'login': {'uuid': '85db0a00-52d6-4b9e-9a65-a4443bd577b6', 'username': 'goldenmouse325', 'password': 'gryphon', 'salt': 'j2yUK3gO', 'md5': '3e2b1c5d54b5d09fd493b9fb4f3179d3', 'sha1': 'a9b3ee09af21ad5e6eb1d54c918104f91b9a2f91', 'sha256': 'e6d05dff3b644ad8d8ce273a469a68c24b627ef5451dcb0ca22e28a6028d7ab5'}, 'dob': {'date': '1961-03-31T02:07:08.403Z', 'age': 63}, 'registered': {'date': '2008-01-31T23:44:57.012Z', 'age': 16}, 'phone': '038-3447-336', 'cell': '069-5905-036', 'id': {'name': 'SID', 'value': '519034518'}, 'picture': {'large': 'https://randomuser.me/api/portraits/women/20.jpg', 'medium': 'https://randomuser.me/api/portraits/med/women/20.jpg', 'thumbnail': 'https://randomuser.me/api/portraits/thumb/women/20.jpg'}, 'nat': 'RS'}</msg>
<arg>${json_data['results'][0]}</arg>
<doc>Logs the given message with the given level.</doc>
<status status="PASS" start="2024-07-31T09:17:30.582931" elapsed="0.000410"/>
</kw>
<kw name="Log" owner="BuiltIn">
<msg time="2024-07-31T09:17:30.583802" level="INFO">email</msg>
<arg>${key}</arg>
<doc>Logs the given message with the given level.</doc>
<status status="PASS" start="2024-07-31T09:17:30.583640" elapsed="0.000201"/>
</kw>
<var name="${key}">email</var>
<status status="PASS" start="2024-07-31T09:17:30.582146" elapsed="0.001915"/>
</iter>
<iter>
<kw name="Dictionary Should Contain Key" owner="Collections">
<arg>${json_data['results'][0]}</arg>
<arg>${key}</arg>
<doc>Fails if ``key`` is not found from ``dictionary``.</doc>
<status status="PASS" start="2024-07-31T09:17:30.584343" elapsed="0.000378"/>
</kw>
<kw name="Log" owner="BuiltIn">
<msg time="2024-07-31T09:17:30.585262" level="INFO">{'gender': 'female', 'name': {'title': 'Ms', 'first': 'Melina', 'last': 'Kojić'}, 'location': {'street': {'number': 11, 'name': 'Porodice Josipović'}, 'city': 'Babušnica', 'state': 'Bor', 'country': 'Serbia', 'postcode': 38486, 'coordinates': {'latitude': '63.9822', 'longitude': '179.8076'}, 'timezone': {'offset': '+5:30', 'description': 'Bombay, Calcutta, Madras, New Delhi'}}, 'email': 'melina.kojic@example.com', 'login': {'uuid': '85db0a00-52d6-4b9e-9a65-a4443bd577b6', 'username': 'goldenmouse325', 'password': 'gryphon', 'salt': 'j2yUK3gO', 'md5': '3e2b1c5d54b5d09fd493b9fb4f3179d3', 'sha1': 'a9b3ee09af21ad5e6eb1d54c918104f91b9a2f91', 'sha256': 'e6d05dff3b644ad8d8ce273a469a68c24b627ef5451dcb0ca22e28a6028d7ab5'}, 'dob': {'date': '1961-03-31T02:07:08.403Z', 'age': 63}, 'registered': {'date': '2008-01-31T23:44:57.012Z', 'age': 16}, 'phone': '038-3447-336', 'cell': '069-5905-036', 'id': {'name': 'SID', 'value': '519034518'}, 'picture': {'large': 'https://randomuser.me/api/portraits/women/20.jpg', 'medium': 'https://randomuser.me/api/portraits/med/women/20.jpg', 'thumbnail': 'https://randomuser.me/api/portraits/thumb/women/20.jpg'}, 'nat': 'RS'}</msg>
<arg>${json_data['results'][0]}</arg>
<doc>Logs the given message with the given level.</doc>
<status status="PASS" start="2024-07-31T09:17:30.584902" elapsed="0.000410"/>
</kw>
<kw name="Log" owner="BuiltIn">
<msg time="2024-07-31T09:17:30.585734" level="INFO">login</msg>
<arg>${key}</arg>
<doc>Logs the given message with the given level.</doc>
<status status="PASS" start="2024-07-31T09:17:30.585608" elapsed="0.000163"/>
</kw>
<var name="${key}">login</var>
<status status="PASS" start="2024-07-31T09:17:30.584236" elapsed="0.001749"/>
</iter>
<var>${key}</var>
<value>@{expected_keys}</value>
<status status="PASS" start="2024-07-31T09:17:30.575951" elapsed="0.010154"/>
</for>
<kw name="Create List" owner="BuiltIn">
<msg time="2024-07-31T09:17:30.586425" level="INFO">${expected_keysTwo} = ['username', 'password']</msg>
<var>${expected_keysTwo}</var>
<arg>username</arg>
<arg>password</arg>
<doc>Returns a list containing given items.</doc>
<status status="PASS" start="2024-07-31T09:17:30.586292" elapsed="0.000184"/>
</kw>
<for flavor="IN">
<iter>
<kw name="Dictionary Should Contain Key" owner="Collections">
<arg>${json_data['results'][0]['login']}</arg>
<arg>${keyTwo}</arg>
<doc>Fails if ``key`` is not found from ``dictionary``.</doc>
<status status="PASS" start="2024-07-31T09:17:30.586976" elapsed="0.000382"/>
</kw>
<kw name="Dictionary Should Contain Key" owner="Collections">
<arg>${json_data['results'][0]['login']}</arg>
<arg>${keyTwo}</arg>
<doc>Fails if ``key`` is not found from ``dictionary``.</doc>
<status status="PASS" start="2024-07-31T09:17:30.587536" elapsed="0.000400"/>
</kw>
<kw name="Log" owner="BuiltIn">
<msg time="2024-07-31T09:17:30.588236" level="INFO">username</msg>
<arg>${keyTwo}</arg>
<doc>Logs the given message with the given level.</doc>
<status status="PASS" start="2024-07-31T09:17:30.588115" elapsed="0.000158"/>
</kw>
<var name="${keyTwo}">username</var>
<status status="PASS" start="2024-07-31T09:17:30.586869" elapsed="0.001625"/>
</iter>
<iter>
<kw name="Dictionary Should Contain Key" owner="Collections">
<arg>${json_data['results'][0]['login']}</arg>
<arg>${keyTwo}</arg>
<doc>Fails if ``key`` is not found from ``dictionary``.</doc>
<status status="PASS" start="2024-07-31T09:17:30.588779" elapsed="0.000386"/>
</kw>
<kw name="Dictionary Should Contain Key" owner="Collections">
<arg>${json_data['results'][0]['login']}</arg>
<arg>${keyTwo}</arg>
<doc>Fails if ``key`` is not found from ``dictionary``.</doc>
<status status="PASS" start="2024-07-31T09:17:30.589343" elapsed="0.000371"/>
</kw>
<kw name="Log" owner="BuiltIn">
<msg time="2024-07-31T09:17:30.590011" level="INFO">password</msg>
<arg>${keyTwo}</arg>
<doc>Logs the given message with the given level.</doc>
<status status="PASS" start="2024-07-31T09:17:30.589888" elapsed="0.000160"/>
</kw>
<var name="${keyTwo}">password</var>
<status status="PASS" start="2024-07-31T09:17:30.588669" elapsed="0.001605"/>
</iter>
<var>${keyTwo}</var>
<value>@{expected_keysTwo}</value>
<status status="PASS" start="2024-07-31T09:17:30.586719" elapsed="0.003675"/>
</for>
<status status="PASS" start="2024-07-31T09:17:30.483761" elapsed="0.106773"/>
</kw>
<doc>Testa a estrutura da resposta da API.</doc>
<tag>testeEstruturaResposta</tag>
<status status="PASS" start="2024-07-31T09:17:30.483180" elapsed="0.107504"/>
</test>
<test id="s1-s1-t4" name="Validar tipos de dados" line="28">
<kw name="Teste de Tipos de Dados" owner="random-user-service">
<kw name="GET On Session" owner="RequestsLibrary">
<msg time="2024-07-31T09:17:30.685818" level="INFO">GET Request : url=https://randomuser.me/api 
 path_url=/api 
 headers={'User-Agent': 'python-requests/2.32.3', 'Accept-Encoding': 'gzip, deflate', 'Accept': '*/*', 'Connection': 'keep-alive'} 
 body=None 
 </msg>
<msg time="2024-07-31T09:17:30.685905" level="INFO">GET Response : url=https://randomuser.me/api 
 status=200, reason=OK 
 headers={'Date': 'Wed, 31 Jul 2024 09:17:30 GMT', 'Content-Type': 'application/json; charset=utf-8', 'Transfer-Encoding': 'chunked', 'Connection': 'keep-alive', 'X-Powered-By': 'Express', 'Access-Control-Allow-Origin': '*', 'Cache-Control': 'no-cache', 'ETag': 'W/"486-8uVdOdgpIDqHUA7aeGgjmk9i2cM"', 'Vary': 'Accept-Encoding', 'Content-Encoding': 'gzip', 'CF-Cache-Status': 'DYNAMIC', 'Report-To': '{"endpoints":[{"url":"https:\\/\\/a.nel.cloudflare.com\\/report\\/v4?s=q9O2%2BhwJC0ihZ1OnKfP6o0cbBovqcavTHoWGYLtP%2B8S6LORuol1upJj%2FmKDRFQOX8O5aQZG5L9fi3CXAUfablblN5LrsgIJyCyOvVHwxIttFW0xqu8yLOAF7kVA5CAZh"}],"group":"cf-nel","max_age":604800}', 'NEL': '{"success_fraction":0,"report_to":"cf-nel","max_age":604800}', 'Server': 'cloudflare', 'CF-RAY': '8abc7eea3902204b-IAD', 'alt-svc': 'h3=":443"; ma=86400'} 
 body={"results":[{"gender":"female","name":{"title":"Miss","first":"José","last":"Gil"},"location":{"street":{"number":3287,"name":"Calle de Argumosa"},"city":"Parla","state":"Melilla","country":"Spain","postcode":88019,"coordinates":{"latitude":"-33.2845","longitude":"157.5377"},"timezone":{"offset":"+4:00","description":"Abu Dhabi, Muscat, Baku, Tbilisi"}},"email":"jose.gil@example.com","login":{"uuid":"750955ac-d8bd-41b7-b720-bf07c30bb56c","username":"angrypanda956","password":"bombay","salt":"IS3fRCSE","md5":"1d86aa252f189e2d6f8178f9fb1d7941","sha1":"61863bcf78836814977f5ab1c6fe741acb05914d","sha256":"3fe84e514131647bd64dbd5989c02b0a63e69e486d9029099a5fee4898b8f73f"},"dob":{"date":"1947-07-06T06:48:13.393Z","age":77},"registered":{"date":"2011-12-07T23:57:53.656Z","age":12},"phone":"920-773-376","cell":"611-424-280","id":{"name":"DNI","value":"23580109-D"},"picture":{"large":"https://randomuser.me/api/portraits/women/77.jpg","medium":"https://randomuser.me/api/portraits/med/women/77.jpg","thumbnail":"https://randomuser.me/api/portraits/thumb/women/77.jpg"},"nat":"ES"}],"info":{"seed":"780a9f296c39670b","results":1,"page":1,"version":"1.4"}} 
 </msg>
<msg time="2024-07-31T09:17:30.685980" level="INFO">/opt/hostedtoolcache/Python/3.12.4/x64/lib/python3.12/site-packages/urllib3/connectionpool.py:1099: InsecureRequestWarning: Unverified HTTPS request is being made to host 'randomuser.me'. Adding certificate verification is strongly advised. See: https://urllib3.readthedocs.io/en/latest/advanced-usage.html#tls-warnings
  warnings.warn(</msg>
<msg time="2024-07-31T09:17:30.686114" level="INFO">${response} = &lt;Response [200]&gt;</msg>
<var>${response}</var>
<arg>consultarAPI</arg>
<arg>/api</arg>
<doc>Sends a GET request on a previously created HTTP Session.</doc>
<status status="PASS" start="2024-07-31T09:17:30.593147" elapsed="0.093018"/>
</kw>
<kw name="Set Variable" owner="BuiltIn">
<msg time="2024-07-31T09:17:30.687197" level="INFO">${json_data} = {'results': [{'gender': 'female', 'name': {'title': 'Miss', 'first': 'José', 'last': 'Gil'}, 'location': {'street': {'number': 3287, 'name': 'Calle de Argumosa'}, 'city': 'Parla', 'state': 'Melilla', ...</msg>
<var>${json_data}</var>
<arg>${response.json()}</arg>
<doc>Returns the given values which can then be assigned to a variables.</doc>
<status status="PASS" start="2024-07-31T09:17:30.686715" elapsed="0.000511"/>
</kw>
<kw name="Log" owner="BuiltIn">
<msg time="2024-07-31T09:17:30.687734" level="INFO">{'results': [{'gender': 'female', 'name': {'title': 'Miss', 'first': 'José', 'last': 'Gil'}, 'location': {'street': {'number': 3287, 'name': 'Calle de Argumosa'}, 'city': 'Parla', 'state': 'Melilla', 'country': 'Spain', 'postcode': 88019, 'coordinates': {'latitude': '-33.2845', 'longitude': '157.5377'}, 'timezone': {'offset': '+4:00', 'description': 'Abu Dhabi, Muscat, Baku, Tbilisi'}}, 'email': 'jose.gil@example.com', 'login': {'uuid': '750955ac-d8bd-41b7-b720-bf07c30bb56c', 'username': 'angrypanda956', 'password': 'bombay', 'salt': 'IS3fRCSE', 'md5': '1d86aa252f189e2d6f8178f9fb1d7941', 'sha1': '61863bcf78836814977f5ab1c6fe741acb05914d', 'sha256': '3fe84e514131647bd64dbd5989c02b0a63e69e486d9029099a5fee4898b8f73f'}, 'dob': {'date': '1947-07-06T06:48:13.393Z', 'age': 77}, 'registered': {'date': '2011-12-07T23:57:53.656Z', 'age': 12}, 'phone': '920-773-376', 'cell': '611-424-280', 'id': {'name': 'DNI', 'value': '23580109-D'}, 'picture': {'large': 'https://randomuser.me/api/portraits/women/77.jpg', 'medium': 'https://randomuser.me/api/portraits/med/women/77.jpg', 'thumbnail': 'https://randomuser.me/api/portraits/thumb/women/77.jpg'}, 'nat': 'ES'}], 'info': {'seed': '780a9f296c39670b', 'results': 1, 'page': 1, 'version': '1.4'}}</msg>
<arg>${json_data}</arg>
<doc>Logs the given message with the given level.</doc>
<status status="PASS" start="2024-07-31T09:17:30.687533" elapsed="0.000254"/>
</kw>
<kw name="Should Be String" owner="String">
<arg>${json_data['results'][0]['gender']}</arg>
<doc>Fails if the given ``item`` is not a string.</doc>
<status status="PASS" start="2024-07-31T09:17:30.688089" elapsed="0.000387"/>
</kw>
<kw name="Should Match Regexp" owner="BuiltIn">
<arg>${json_data['results'][0]['email']}</arg>
<arg>^[a-zA-Z0-9._%+-]+@[a-zA-Z0-9.-]+\.[a-zA-Z]{2,}$</arg>
<doc>Fails if ``string`` does not match ``pattern`` as a regular expression.</doc>
<status status="PASS" start="2024-07-31T09:17:30.688672" elapsed="0.000526"/>
</kw>
<kw name="Should Match Regexp" owner="BuiltIn">
<arg>${json_data['results'][0]['dob']['date']}</arg>
<arg>\\d{4}-\\d{2}-\\d{2}T\\d{2}:\\d{2}:\\d{2}\\.\\d{3}Z</arg>
<doc>Fails if ``string`` does not match ``pattern`` as a regular expression.</doc>
<status status="PASS" start="2024-07-31T09:17:30.689432" elapsed="0.000602"/>
</kw>
<kw name="Should Match Regexp" owner="BuiltIn">
<arg>${json_data['results'][0]['registered']['date']}</arg>
<arg>\\d{4}-\\d{2}-\\d{2}T\\d{2}:\\d{2}:\\d{2}\\.\\d{3}Z</arg>
<doc>Fails if ``string`` does not match ``pattern`` as a regular expression.</doc>
<status status="PASS" start="2024-07-31T09:17:30.690229" elapsed="0.000374"/>
</kw>
<kw name="Should Match Regexp" owner="BuiltIn">
<arg>${json_data['results'][0]['picture']['large']}</arg>
<arg>^https?://.*\.(?:png|jpe?g|gif|bmp)$</arg>
<doc>Fails if ``string`` does not match ``pattern`` as a regular expression.</doc>
<status status="PASS" start="2024-07-31T09:17:30.690789" elapsed="0.000460"/>
</kw>
<kw name="Should Match Regexp" owner="BuiltIn">
<arg>${json_data['results'][0]['picture']['medium']}</arg>
<arg>^https?://.*\.(?:png|jpe?g|gif|bmp)$</arg>
<doc>Fails if ``string`` does not match ``pattern`` as a regular expression.</doc>
<status status="PASS" start="2024-07-31T09:17:30.691435" elapsed="0.000395"/>
</kw>
<kw name="Should Match Regexp" owner="BuiltIn">
<arg>${json_data['results'][0]['picture']['thumbnail']}</arg>
<arg>^https?://.*\.(?:png|jpe?g|gif|bmp)$</arg>
<doc>Fails if ``string`` does not match ``pattern`` as a regular expression.</doc>
<status status="PASS" start="2024-07-31T09:17:30.692018" elapsed="0.000354"/>
</kw>
<kw name="Log" owner="BuiltIn">
<msg time="2024-07-31T09:17:30.692877" level="INFO">{'large': 'https://randomuser.me/api/portraits/women/77.jpg', 'medium': 'https://randomuser.me/api/portraits/med/women/77.jpg', 'thumbnail': 'https://randomuser.me/api/portraits/thumb/women/77.jpg'}</msg>
<arg>${json_data['results'][0]['picture']}</arg>
<doc>Logs the given message with the given level.</doc>
<status status="PASS" start="2024-07-31T09:17:30.692554" elapsed="0.000365"/>
</kw>
<status status="PASS" start="2024-07-31T09:17:30.592931" elapsed="0.100243"/>
</kw>
<kw name="Teste de Tipos de Dados - Postcode" owner="random-user-service">
<kw name="GET On Session" owner="RequestsLibrary">
<msg time="2024-07-31T09:17:30.771529" level="INFO">GET Request : url=https://randomuser.me/api 
 path_url=/api 
 headers={'User-Agent': 'python-requests/2.32.3', 'Accept-Encoding': 'gzip, deflate', 'Accept': '*/*', 'Connection': 'keep-alive'} 
 body=None 
 </msg>
<msg time="2024-07-31T09:17:30.771605" level="INFO">GET Response : url=https://randomuser.me/api 
 status=200, reason=OK 
 headers={'Date': 'Wed, 31 Jul 2024 09:17:30 GMT', 'Content-Type': 'application/json; charset=utf-8', 'Transfer-Encoding': 'chunked', 'Connection': 'keep-alive', 'X-Powered-By': 'Express', 'Access-Control-Allow-Origin': '*', 'Cache-Control': 'no-cache', 'ETag': 'W/"48b-9v9foEA0wKoXnvusbWyLfg9znik"', 'Vary': 'Accept-Encoding', 'Content-Encoding': 'gzip', 'CF-Cache-Status': 'DYNAMIC', 'Report-To': '{"endpoints":[{"url":"https:\\/\\/a.nel.cloudflare.com\\/report\\/v4?s=WytDye28woGIWN3cLp69CeYWFcptNBdNjk%2BkVx%2BQ%2Bvdlr%2BYCh3Cs75Z%2FBr0855Z2n2ImEykSNfT8qTZm6Icj96wsRtBJUytl%2F6Zj6AxRsNfpLctDmZ8N4Aqmt7nVgW3f"}],"group":"cf-nel","max_age":604800}', 'NEL': '{"success_fraction":0,"report_to":"cf-nel","max_age":604800}', 'Server': 'cloudflare', 'CF-RAY': '8abc7eead983204b-IAD', 'alt-svc': 'h3=":443"; ma=86400'} 
 body={"results":[{"gender":"female","name":{"title":"Mrs","first":"Afina","last":"Voycehovskiy"},"location":{"street":{"number":3180,"name":"Ploshcha Katedralna"},"city":"Varash","state":"Sumska","country":"Ukraine","postcode":72846,"coordinates":{"latitude":"79.0375","longitude":"54.1907"},"timezone":{"offset":"+6:00","description":"Almaty, Dhaka, Colombo"}},"email":"afina.voycehovskiy@example.com","login":{"uuid":"129c562b-bdab-4147-85d8-e0b3fff81f05","username":"orangewolf152","password":"sunny1","salt":"ZNTftDst","md5":"0e0fb17471ecedad0b9e4da39ce9e867","sha1":"21064b7e8f064a81e4a73e9f173a5598a21d2c9a","sha256":"1ddec879c2a719aa835eb5870b337f8c903fb374c3cae50c4ac05c4a6f6029d4"},"dob":{"date":"1984-02-05T22:48:50.333Z","age":40},"registered":{"date":"2006-07-06T16:19:21.930Z","age":18},"phone":"(099) Z50-9038","cell":"(097) F91-9832","id":{"name":"","value":null},"picture":{"large":"https://randomuser.me/api/portraits/women/93.jpg","medium":"https://randomuser.me/api/portraits/med/women/93.jpg","thumbnail":"https://randomuser.me/api/portraits/thumb/women/93.jpg"},"nat":"UA"}],"info":{"seed":"a4c8632298f4f623","results":1,"page":1,"version":"1.4"}} 
 </msg>
<msg time="2024-07-31T09:17:30.771707" level="INFO">/opt/hostedtoolcache/Python/3.12.4/x64/lib/python3.12/site-packages/urllib3/connectionpool.py:1099: InsecureRequestWarning: Unverified HTTPS request is being made to host 'randomuser.me'. Adding certificate verification is strongly advised. See: https://urllib3.readthedocs.io/en/latest/advanced-usage.html#tls-warnings
  warnings.warn(</msg>
<msg time="2024-07-31T09:17:30.771817" level="INFO">${response} = &lt;Response [200]&gt;</msg>
<var>${response}</var>
<arg>consultarAPI</arg>
<arg>/api</arg>
<doc>Sends a GET request on a previously created HTTP Session.</doc>
<status status="PASS" start="2024-07-31T09:17:30.693603" elapsed="0.078253"/>
</kw>
<kw name="Set Variable" owner="BuiltIn">
<msg time="2024-07-31T09:17:30.772641" level="INFO">${json_data} = {'results': [{'gender': 'female', 'name': {'title': 'Mrs', 'first': 'Afina', 'last': 'Voycehovskiy'}, 'location': {'street': {'number': 3180, 'name': 'Ploshcha Katedralna'}, 'city': 'Varash', 'state':...</msg>
<var>${json_data}</var>
<arg>${response.json()}</arg>
<doc>Returns the given values which can then be assigned to a variables.</doc>
<status status="PASS" start="2024-07-31T09:17:30.772218" elapsed="0.000451"/>
</kw>
<kw name="Log" owner="BuiltIn">
<msg time="2024-07-31T09:17:30.773126" level="INFO">{'results': [{'gender': 'female', 'name': {'title': 'Mrs', 'first': 'Afina', 'last': 'Voycehovskiy'}, 'location': {'street': {'number': 3180, 'name': 'Ploshcha Katedralna'}, 'city': 'Varash', 'state': 'Sumska', 'country': 'Ukraine', 'postcode': 72846, 'coordinates': {'latitude': '79.0375', 'longitude': '54.1907'}, 'timezone': {'offset': '+6:00', 'description': 'Almaty, Dhaka, Colombo'}}, 'email': 'afina.voycehovskiy@example.com', 'login': {'uuid': '129c562b-bdab-4147-85d8-e0b3fff81f05', 'username': 'orangewolf152', 'password': 'sunny1', 'salt': 'ZNTftDst', 'md5': '0e0fb17471ecedad0b9e4da39ce9e867', 'sha1': '21064b7e8f064a81e4a73e9f173a5598a21d2c9a', 'sha256': '1ddec879c2a719aa835eb5870b337f8c903fb374c3cae50c4ac05c4a6f6029d4'}, 'dob': {'date': '1984-02-05T22:48:50.333Z', 'age': 40}, 'registered': {'date': '2006-07-06T16:19:21.930Z', 'age': 18}, 'phone': '(099) Z50-9038', 'cell': '(097) F91-9832', 'id': {'name': '', 'value': None}, 'picture': {'large': 'https://randomuser.me/api/portraits/women/93.jpg', 'medium': 'https://randomuser.me/api/portraits/med/women/93.jpg', 'thumbnail': 'https://randomuser.me/api/portraits/thumb/women/93.jpg'}, 'nat': 'UA'}], 'info': {'seed': 'a4c8632298f4f623', 'results': 1, 'page': 1, 'version': '1.4'}}</msg>
<arg>${json_data}</arg>
<doc>Logs the given message with the given level.</doc>
<status status="PASS" start="2024-07-31T09:17:30.772970" elapsed="0.000203"/>
</kw>
<kw name="Should Be Equal As Numbers" owner="BuiltIn">
<arg>${json_data['results'][0]['location']['postcode']}</arg>
<arg>${json_data['results'][0]['location']['postcode']}</arg>
<doc>Fails if objects are unequal after converting them to real numbers.</doc>
<status status="PASS" start="2024-07-31T09:17:30.773470" elapsed="0.000612"/>
</kw>
<kw name="Log" owner="BuiltIn">
<msg time="2024-07-31T09:17:30.774603" level="INFO">72846</msg>
<arg>${json_data['results'][0]['location']['postcode']}</arg>
<doc>Logs the given message with the given level.</doc>
<status status="PASS" start="2024-07-31T09:17:30.774276" elapsed="0.000366"/>
</kw>
<status status="PASS" start="2024-07-31T09:17:30.693382" elapsed="0.081532"/>
</kw>
<doc>Testa se os tipos de dados na resposta da API estão corretos.</doc>
<tag>testeTiposDados</tag>
<status status="PASS" start="2024-07-31T09:17:30.592406" elapsed="0.182664"/>
</test>
<test id="s1-s1-t5" name="Validar conteudo" line="35">
<kw name="Teste de Tipos de Conteudo" owner="random-user-service">
<kw name="GET On Session" owner="RequestsLibrary">
<msg time="2024-07-31T09:17:30.872213" level="INFO">GET Request : url=https://randomuser.me/api 
 path_url=/api 
 headers={'User-Agent': 'python-requests/2.32.3', 'Accept-Encoding': 'gzip, deflate', 'Accept': '*/*', 'Connection': 'keep-alive'} 
 body=None 
 </msg>
<msg time="2024-07-31T09:17:30.872298" level="INFO">GET Response : url=https://randomuser.me/api 
 status=200, reason=OK 
 headers={'Date': 'Wed, 31 Jul 2024 09:17:30 GMT', 'Content-Type': 'application/json; charset=utf-8', 'Transfer-Encoding': 'chunked', 'Connection': 'keep-alive', 'X-Powered-By': 'Express', 'Access-Control-Allow-Origin': '*', 'Cache-Control': 'no-cache', 'ETag': 'W/"48b-9HPh0WHi1LzBpVlumqA8hX0cpZU"', 'Vary': 'Accept-Encoding', 'Content-Encoding': 'gzip', 'CF-Cache-Status': 'DYNAMIC', 'Report-To': '{"endpoints":[{"url":"https:\\/\\/a.nel.cloudflare.com\\/report\\/v4?s=geXc7LlCao0nfFNMX2JFVtmDwtrdIMElaHC3XPoIlR46GN%2Fw72Cj89ct%2FsSnax9ZNI4BbVine6c4sjA%2FOIl1xFZikPSd1G28ulEiBzCXWGZV3q%2BacKsxUvuLNyQJPLrj"}],"group":"cf-nel","max_age":604800}', 'NEL': '{"success_fraction":0,"report_to":"cf-nel","max_age":604800}', 'Server': 'cloudflare', 'CF-RAY': '8abc7eeb59fb204b-IAD', 'alt-svc': 'h3=":443"; ma=86400'} 
 body={"results":[{"gender":"male","name":{"title":"Mr","first":"Slawomir","last":"Kurz"},"location":{"street":{"number":9388,"name":"Neue Straße"},"city":"Moringen","state":"Baden-Württemberg","country":"Germany","postcode":81864,"coordinates":{"latitude":"-52.0823","longitude":"-141.6484"},"timezone":{"offset":"+6:00","description":"Almaty, Dhaka, Colombo"}},"email":"slawomir.kurz@example.com","login":{"uuid":"d7cfb90c-02c7-4a54-abb2-7255f7bf41a0","username":"sadcat545","password":"prissy","salt":"blVDPvqQ","md5":"1ca2bf19ebdd6ffec964457da888bb4b","sha1":"c8219d3f6bd7b301fe179a12a85752866ad2e53e","sha256":"a89c6a10b3125c650ea07c9ac093a4086d1a22d6b48be93049de6ea5c2340b87"},"dob":{"date":"1953-03-21T22:22:02.170Z","age":71},"registered":{"date":"2009-07-19T20:06:20.561Z","age":15},"phone":"0947-9206089","cell":"0172-3489532","id":{"name":"SVNR","value":"63 210353 K 314"},"picture":{"large":"https://randomuser.me/api/portraits/men/31.jpg","medium":"https://randomuser.me/api/portraits/med/men/31.jpg","thumbnail":"https://randomuser.me/api/portraits/thumb/men/31.jpg"},"nat":"DE"}],"info":{"seed":"cc91d0c8bd29b440","results":1,"page":1,"version":"1.4"}} 
 </msg>
<msg time="2024-07-31T09:17:30.872373" level="INFO">/opt/hostedtoolcache/Python/3.12.4/x64/lib/python3.12/site-packages/urllib3/connectionpool.py:1099: InsecureRequestWarning: Unverified HTTPS request is being made to host 'randomuser.me'. Adding certificate verification is strongly advised. See: https://urllib3.readthedocs.io/en/latest/advanced-usage.html#tls-warnings
  warnings.warn(</msg>
<msg time="2024-07-31T09:17:30.872512" level="INFO">${response} = &lt;Response [200]&gt;</msg>
<var>${response}</var>
<arg>consultarAPI</arg>
<arg>/api</arg>
<doc>Sends a GET request on a previously created HTTP Session.</doc>
<status status="PASS" start="2024-07-31T09:17:30.777536" elapsed="0.095026"/>
</kw>
<kw name="Set Variable" owner="BuiltIn">
<msg time="2024-07-31T09:17:30.873446" level="INFO">${json_data} = {'results': [{'gender': 'male', 'name': {'title': 'Mr', 'first': 'Slawomir', 'last': 'Kurz'}, 'location': {'street': {'number': 9388, 'name': 'Neue Straße'}, 'city': 'Moringen', 'state': 'Baden-Württe...</msg>
<var>${json_data}</var>
<arg>${response.json()}</arg>
<doc>Returns the given values which can then be assigned to a variables.</doc>
<status status="PASS" start="2024-07-31T09:17:30.872996" elapsed="0.000479"/>
</kw>
<kw name="Set Variable" owner="BuiltIn">
<msg time="2024-07-31T09:17:30.874153" level="INFO">${name_title} = Mr</msg>
<var>${name_title}</var>
<arg>${json_data["results"][0]["name"]["title"]}</arg>
<doc>Returns the given values which can then be assigned to a variables.</doc>
<status status="PASS" start="2024-07-31T09:17:30.873778" elapsed="0.000400"/>
</kw>
<kw name="Create List" owner="BuiltIn">
<msg time="2024-07-31T09:17:30.874620" level="INFO">${allowed_titles} = ['Mr', 'Ms', 'Miss', 'Mrs', 'Madame', 'Monsieur']</msg>
<var>${allowed_titles}</var>
<arg>Mr</arg>
<arg>Ms</arg>
<arg>Miss</arg>
<arg>Mrs</arg>
<arg>Madame</arg>
<arg>Monsieur</arg>
<doc>Returns a list containing given items.</doc>
<status status="PASS" start="2024-07-31T09:17:30.874471" elapsed="0.000173"/>
</kw>
<kw name="List Should Contain Value" owner="Collections">
<arg>${allowed_titles}</arg>
<arg>${name_title}</arg>
<doc>Fails if the ``value`` is not found from ``list``.</doc>
<status status="PASS" start="2024-07-31T09:17:30.874936" elapsed="0.000180"/>
</kw>
<kw name="Set Variable" owner="BuiltIn">
<msg time="2024-07-31T09:17:30.875709" level="INFO">${name_country} = DE</msg>
<var>${name_country}</var>
<arg>${json_data["results"][0]["nat"]}</arg>
<doc>Returns the given values which can then be assigned to a variables.</doc>
<status status="PASS" start="2024-07-31T09:17:30.875294" elapsed="0.000444"/>
</kw>
<kw name="Create List" owner="BuiltIn">
<msg time="2024-07-31T09:17:30.876627" level="INFO">${list_country} = ['AD', 'AE', 'AF', 'AG', 'AI', 'AL', 'AM', 'AO', 'AQ', 'AR', 'AS', 'AT', 'AU', 'AW', 'AX', 'AZ', 'BA', 'BB', 'BD', 'BE', 'BF', 'BG', 'BH', 'BI', 'BJ', 'BL', 'BM', 'BN', 'BO', 'BQ', 'BR', 'BS', 'BT', '...</msg>
<var>${list_country}</var>
<arg>AD</arg>
<arg>AE</arg>
<arg>AF</arg>
<arg>AG</arg>
<arg>AI</arg>
<arg>AL</arg>
<arg>AM</arg>
<arg>AO</arg>
<arg>AQ</arg>
<arg>AR</arg>
<arg>AS</arg>
<arg>AT</arg>
<arg>AU</arg>
<arg>AW</arg>
<arg>AX</arg>
<arg>AZ</arg>
<arg>BA</arg>
<arg>BB</arg>
<arg>BD</arg>
<arg>BE</arg>
<arg>BF</arg>
<arg>BG</arg>
<arg>BH</arg>
<arg>BI</arg>
<arg>BJ</arg>
<arg>BL</arg>
<arg>BM</arg>
<arg>BN</arg>
<arg>BO</arg>
<arg>BQ</arg>
<arg>BR</arg>
<arg>BS</arg>
<arg>BT</arg>
<arg>BV</arg>
<arg>BW</arg>
<arg>BY</arg>
<arg>BZ</arg>
<arg>CA</arg>
<arg>CC</arg>
<arg>CD</arg>
<arg>CF</arg>
<arg>CG</arg>
<arg>CH</arg>
<arg>CI</arg>
<arg>CK</arg>
<arg>CL</arg>
<arg>CM</arg>
<arg>CN</arg>
<arg>CO</arg>
<arg>CR</arg>
<arg>CU</arg>
<arg>CV</arg>
<arg>CW</arg>
<arg>CX</arg>
<arg>CY</arg>
<arg>CZ</arg>
<arg>DE</arg>
<arg>DJ</arg>
<arg>DK</arg>
<arg>DM</arg>
<arg>DO</arg>
<arg>DZ</arg>
<arg>EC</arg>
<arg>EE</arg>
<arg>EG</arg>
<arg>EH</arg>
<arg>ER</arg>
<arg>ES</arg>
<arg>ET</arg>
<arg>FI</arg>
<arg>FJ</arg>
<arg>FK</arg>
<arg>FM</arg>
<arg>FO</arg>
<arg>FR</arg>
<arg>GA</arg>
<arg>GB</arg>
<arg>GD</arg>
<arg>GE</arg>
<arg>GF</arg>
<arg>GG</arg>
<arg>GH</arg>
<arg>GI</arg>
<arg>GL</arg>
<arg>GM</arg>
<arg>GN</arg>
<arg>GP</arg>
<arg>GQ</arg>
<arg>GR</arg>
<arg>GS</arg>
<arg>GT</arg>
<arg>GU</arg>
<arg>GW</arg>
<arg>GY</arg>
<arg>HK</arg>
<arg>HM</arg>
<arg>HN</arg>
<arg>HR</arg>
<arg>HT</arg>
<arg>HU</arg>
<arg>ID</arg>
<arg>IE</arg>
<arg>IL</arg>
<arg>IM</arg>
<arg>IN</arg>
<arg>IO</arg>
<arg>IQ</arg>
<arg>IR</arg>
<arg>IS</arg>
<arg>IT</arg>
<arg>JE</arg>
<arg>JM</arg>
<arg>JO</arg>
<arg>JP</arg>
<arg>KE</arg>
<arg>KG</arg>
<arg>KH</arg>
<arg>KI</arg>
<arg>KM</arg>
<arg>KN</arg>
<arg>KP</arg>
<arg>KR</arg>
<arg>KW</arg>
<arg>KY</arg>
<arg>KZ</arg>
<arg>LA</arg>
<arg>LB</arg>
<arg>LC</arg>
<arg>LI</arg>
<arg>LK</arg>
<arg>LR</arg>
<arg>LS</arg>
<arg>LT</arg>
<arg>LU</arg>
<arg>LV</arg>
<arg>LY</arg>
<arg>MA</arg>
<arg>MC</arg>
<arg>MD</arg>
<arg>ME</arg>
<arg>MF</arg>
<arg>MG</arg>
<arg>MH</arg>
<arg>MK</arg>
<arg>ML</arg>
<arg>MM</arg>
<arg>MN</arg>
<arg>MO</arg>
<arg>MP</arg>
<arg>MQ</arg>
<arg>MR</arg>
<arg>MS</arg>
<arg>MT</arg>
<arg>MU</arg>
<arg>MV</arg>
<arg>MW</arg>
<arg>MX</arg>
<arg>MY</arg>
<arg>MZ</arg>
<arg>NA</arg>
<arg>NC</arg>
<arg>NE</arg>
<arg>NF</arg>
<arg>NG</arg>
<arg>NI</arg>
<arg>NL</arg>
<arg>NO</arg>
<arg>NP</arg>
<arg>NR</arg>
<arg>NU</arg>
<arg>NZ</arg>
<arg>OM</arg>
<arg>PA</arg>
<arg>PE</arg>
<arg>PF</arg>
<arg>PG</arg>
<arg>PH</arg>
<arg>PK</arg>
<arg>PL</arg>
<arg>PM</arg>
<arg>PN</arg>
<arg>PR</arg>
<arg>PS</arg>
<arg>PT</arg>
<arg>PW</arg>
<arg>PY</arg>
<arg>QA</arg>
<arg>RE</arg>
<arg>RO</arg>
<arg>RS</arg>
<arg>RU</arg>
<arg>RW</arg>
<arg>SA</arg>
<arg>SB</arg>
<arg>SC</arg>
<arg>SD</arg>
<arg>SE</arg>
<arg>SG</arg>
<arg>SH</arg>
<arg>SI</arg>
<arg>SJ</arg>
<arg>SK</arg>
<arg>SL</arg>
<arg>SM</arg>
<arg>SN</arg>
<arg>SO</arg>
<arg>SR</arg>
<arg>SS</arg>
<arg>ST</arg>
<arg>SV</arg>
<arg>SX</arg>
<arg>SY</arg>
<arg>SZ</arg>
<arg>TC</arg>
<arg>TD</arg>
<arg>TF</arg>
<arg>TG</arg>
<arg>TH</arg>
<arg>TJ</arg>
<arg>TK</arg>
<arg>TL</arg>
<arg>TM</arg>
<arg>TN</arg>
<arg>TO</arg>
<arg>TR</arg>
<arg>TT</arg>
<arg>TV</arg>
<arg>TW</arg>
<arg>TZ</arg>
<arg>UA</arg>
<arg>UG</arg>
<arg>UM</arg>
<arg>US</arg>
<arg>UY</arg>
<arg>UZ</arg>
<arg>VA</arg>
<arg>VC</arg>
<arg>VE</arg>
<arg>VG</arg>
<arg>VI</arg>
<arg>VN</arg>
<arg>VU</arg>
<arg>WF</arg>
<arg>WS</arg>
<arg>XK</arg>
<arg>YE</arg>
<arg>YT</arg>
<arg>ZA</arg>
<arg>ZM</arg>
<arg>ZW</arg>
<doc>Returns a list containing given items.</doc>
<status status="PASS" start="2024-07-31T09:17:30.876028" elapsed="0.000625"/>
</kw>
<kw name="List Should Contain Value" owner="Collections">
<arg>${list_country}</arg>
<arg>${name_country}</arg>
<doc>Fails if the ``value`` is not found from ``list``.</doc>
<status status="PASS" start="2024-07-31T09:17:30.877578" elapsed="0.000208"/>
</kw>
<kw name="Run Keyword If" owner="BuiltIn">
<kw name="Should Be True" owner="BuiltIn">
<arg>${True}</arg>
<doc>Fails if the given condition is not true.</doc>
<status status="PASS" start="2024-07-31T09:17:30.878712" elapsed="0.000142"/>
</kw>
<arg>${json_data["results"][0]["location"]["coordinates"]["latitude"]} &gt;= -90 and ${json_data["results"][0]["location"]["coordinates"]["latitude"]} &lt;= 90</arg>
<arg>Should Be True</arg>
<arg>${True}</arg>
<doc>Runs the given keyword with the given arguments, if ``condition`` is true.</doc>
<status status="PASS" start="2024-07-31T09:17:30.877981" elapsed="0.000997"/>
</kw>
<kw name="Run Keyword If" owner="BuiltIn">
<kw name="Should Be True" owner="BuiltIn">
<arg>${True}</arg>
<doc>Fails if the given condition is not true.</doc>
<status status="PASS" start="2024-07-31T09:17:30.879869" elapsed="0.000136"/>
</kw>
<arg>${json_data["results"][0]["location"]["coordinates"]["longitude"]} &gt;= -180 and ${json_data["results"][0]["location"]["coordinates"]["longitude"]} &lt;= 180</arg>
<arg>Should Be True</arg>
<arg>${True}</arg>
<doc>Runs the given keyword with the given arguments, if ``condition`` is true.</doc>
<status status="PASS" start="2024-07-31T09:17:30.879158" elapsed="0.000969"/>
</kw>
<status status="PASS" start="2024-07-31T09:17:30.777321" elapsed="0.102935"/>
</kw>
<doc>Testa o conteúdo específico dos campos retornados pela API.</doc>
<tag>testeConteudo</tag>
<status status="PASS" start="2024-07-31T09:17:30.776838" elapsed="0.103560"/>
</test>
<status status="PASS" start="2024-07-31T09:17:29.972915" elapsed="0.909389"/>
</suite>
<status status="PASS" start="2024-07-31T09:17:29.958603" elapsed="0.928737"/>
</suite>
<statistics>
<total>
<stat pass="5" fail="0" skip="0">All Tests</stat>
</total>
<tag>
<stat pass="1" fail="0" skip="0">testeConteudo</stat>
<stat pass="1" fail="0" skip="0">testeEstruturaResposta</stat>
<stat pass="1" fail="0" skip="0">testeRequisicaoBasica</stat>
<stat pass="1" fail="0" skip="0">testeTiposDados</stat>
</tag>
<suite>
<stat pass="5" fail="0" skip="0" id="s1" name="Tests">Tests</stat>
<stat pass="5" fail="0" skip="0" id="s1-s1" name="Random-User-Test">Tests.Random-User-Test</stat>
</suite>
</statistics>
<errors>
</errors>
</robot>
