<?xml version="1.0" encoding="UTF-8"?>
<robot generator="Robot 7.0 (Python 3.12.2 on linux)" generated="2024-04-01T15:13:49.845342" rpa="false" schemaversion="5">
<suite id="s1" name="Tests" source="/home/runner/work/DesafioQAItauRogerioJordao/DesafioQAItauRogerioJordao/RamdonUser/tests">
<suite id="s1-s1" name="Random-User-Test" source="/home/runner/work/DesafioQAItauRogerioJordao/DesafioQAItauRogerioJordao/RamdonUser/tests/random-user-test.robot">
<test id="s1-s1-t1" name="Conectar" line="13">
<kw name="Conectar API" owner="random-user-service">
<kw name="Create Session" owner="RequestsLibrary">
<msg time="2024-04-01T15:13:50.210521" level="INFO">Creating Session using : alias=consultarAPI, url=https://randomuser.me/, headers={},                     cookies={}, auth=None, timeout=None, proxies=None, verify=False,                     debug=0 </msg>
<arg>consultarAPI</arg>
<arg>${URL}</arg>
<doc>Create Session: create a HTTP session to a server</doc>
<status status="PASS" start="2024-04-01T15:13:50.210317" elapsed="0.000394"/>
</kw>
<status status="PASS" start="2024-04-01T15:13:50.209254" elapsed="0.001829"/>
</kw>
<status status="PASS" start="2024-04-01T15:13:50.208681" elapsed="0.002611"/>
</test>
<test id="s1-s1-t2" name="Validar retorno 200 e JSON Válido" line="16">
<kw name="Teste de Requisicao Basica" owner="random-user-service">
<kw name="GET On Session" owner="RequestsLibrary">
<msg time="2024-04-01T15:13:51.406667" level="INFO">GET Request : url=https://randomuser.me/api 
 path_url=/api 
 headers={'User-Agent': 'python-requests/2.31.0', 'Accept-Encoding': 'gzip, deflate', 'Accept': '*/*', 'Connection': 'keep-alive'} 
 body=None 
 </msg>
<msg time="2024-04-01T15:13:51.406855" level="INFO">GET Response : url=https://randomuser.me/api 
 status=200, reason=OK 
 headers={'Date': 'Mon, 01 Apr 2024 15:13:51 GMT', 'Content-Type': 'application/json; charset=utf-8', 'Transfer-Encoding': 'chunked', 'Connection': 'keep-alive', 'X-Powered-By': 'Express', 'Access-Control-Allow-Origin': '*', 'Cache-Control': 'no-cache', 'ETag': 'W/"493-BEyyyrw0wSmP+wj5w1/DQpbsF9k"', 'Vary': 'Accept-Encoding', 'Content-Encoding': 'gzip', 'CF-Cache-Status': 'DYNAMIC', 'Report-To': '{"endpoints":[{"url":"https:\\/\\/a.nel.cloudflare.com\\/report\\/v4?s=nt7QFhx6eYL99wFHDVzMfNcnOitNyWNjNaivzd1eAa%2FhQSzR6pVwspgnmr4kQmyhe1rp5QHiLziaanbPhhSWTrWJZi43Vyfe3PFnONKKFYRFaB3agTjKFysT1MMyyqHe"}],"group":"cf-nel","max_age":604800}', 'NEL': '{"success_fraction":0,"report_to":"cf-nel","max_age":604800}', 'Server': 'cloudflare', 'CF-RAY': '86d98681199f0684-IAD', 'alt-svc': 'h3=":443"; ma=86400'} 
 body={"results":[{"gender":"female","name":{"title":"Ms","first":"Soline","last":"Morel"},"location":{"street":{"number":1037,"name":"Rue du Dauphiné"},"city":"Villeurbanne","state":"Sarthe","country":"France","postcode":51171,"coordinates":{"latitude":"-15.6537","longitude":"76.9404"},"timezone":{"offset":"-12:00","description":"Eniwetok, Kwajalein"}},"email":"soline.morel@example.com","login":{"uuid":"ebf01cfd-7bbb-4e7b-bd6b-c95efae802b3","username":"silverpeacock645","password":"hippo","salt":"SQU6BR72","md5":"760cac082595798d6df5ffe8eca8f9c4","sha1":"e66bf132767793a2c99c69c6e88e5a044b110643","sha256":"cd336ea291734ac02cb7010635510c5c6f91334e1bce7b252e44599350826240"},"dob":{"date":"1964-05-24T09:59:10.949Z","age":59},"registered":{"date":"2020-12-01T22:53:13.272Z","age":3},"phone":"04-95-01-72-72","cell":"06-21-05-36-17","id":{"name":"INSEE","value":"2640479586215 83"},"picture":{"large":"https://randomuser.me/api/portraits/women/93.jpg","medium":"https://randomuser.me/api/portraits/med/women/93.jpg","thumbnail":"https://randomuser.me/api/portraits/thumb/women/93.jpg"},"nat":"FR"}],"info":{"seed":"929d8e4a675ae4cb","results":1,"page":1,"version":"1.4"}} 
 </msg>
<msg time="2024-04-01T15:13:51.406965" level="INFO">/opt/hostedtoolcache/Python/3.12.2/x64/lib/python3.12/site-packages/urllib3/connectionpool.py:1103: InsecureRequestWarning: Unverified HTTPS request is being made to host 'randomuser.me'. Adding certificate verification is strongly advised. See: https://urllib3.readthedocs.io/en/latest/advanced-usage.html#tls-warnings
  warnings.warn(</msg>
<msg time="2024-04-01T15:13:51.407111" level="INFO">${response} = &lt;Response [200]&gt;</msg>
<var>${response}</var>
<arg>consultarAPI</arg>
<arg>/api</arg>
<doc>Sends a GET request on a previously created HTTP Session.</doc>
<status status="PASS" start="2024-04-01T15:13:50.213934" elapsed="1.193218"/>
</kw>
<kw name="Should Be Equal As Numbers" owner="BuiltIn">
<msg time="2024-04-01T15:13:51.408341" level="INFO">Argument types are:
&lt;class 'int'&gt;
&lt;class 'str'&gt;</msg>
<arg>${response.status_code}</arg>
<arg>200</arg>
<doc>Fails if objects are unequal after converting them to real numbers.</doc>
<status status="PASS" start="2024-04-01T15:13:51.407807" elapsed="0.000600"/>
</kw>
<kw name="Log" owner="BuiltIn">
<msg time="2024-04-01T15:13:51.409091" level="INFO">200</msg>
<arg>${response.status_code}</arg>
<doc>Logs the given message with the given level.</doc>
<status status="PASS" start="2024-04-01T15:13:51.408737" elapsed="0.000396"/>
</kw>
<kw name="Set Variable" owner="BuiltIn">
<msg time="2024-04-01T15:13:51.409891" level="INFO">${json_data} = {'results': [{'gender': 'female', 'name': {'title': 'Ms', 'first': 'Soline', 'last': 'Morel'}, 'location': {'street': {'number': 1037, 'name': 'Rue du Dauphiné'}, 'city': 'Villeurbanne', 'state': 'Sar...</msg>
<var>${json_data}</var>
<arg>${response.json()}</arg>
<doc>Returns the given values which can then be assigned to a variables.</doc>
<status status="PASS" start="2024-04-01T15:13:51.409447" elapsed="0.000472"/>
</kw>
<kw name="Dictionary Should Contain Key" owner="Collections">
<msg time="2024-04-01T15:13:51.410388" level="INFO">False</msg>
<arg>${json_data}</arg>
<arg>results</arg>
<doc>Fails if ``key`` is not found from ``dictionary``.</doc>
<status status="PASS" start="2024-04-01T15:13:51.410220" elapsed="0.000206"/>
</kw>
<status status="PASS" start="2024-04-01T15:13:50.213680" elapsed="1.197003"/>
</kw>
<doc>Testa se a API responde corretamente e retorna um objeto JSON válido.</doc>
<tag>testeRequisicaoBasica</tag>
<status status="PASS" start="2024-04-01T15:13:50.213215" elapsed="1.197657"/>
</test>
<test id="s1-s1-t3" name="Validar estrutura de resposta" line="22">
<kw name="Teste de Estrutura de Resposta" owner="random-user-service">
<kw name="GET On Session" owner="RequestsLibrary">
<msg time="2024-04-01T15:13:51.587282" level="INFO">GET Request : url=https://randomuser.me/api 
 path_url=/api 
 headers={'User-Agent': 'python-requests/2.31.0', 'Accept-Encoding': 'gzip, deflate', 'Accept': '*/*', 'Connection': 'keep-alive'} 
 body=None 
 </msg>
<msg time="2024-04-01T15:13:51.587372" level="INFO">GET Response : url=https://randomuser.me/api 
 status=200, reason=OK 
 headers={'Date': 'Mon, 01 Apr 2024 15:13:51 GMT', 'Content-Type': 'application/json; charset=utf-8', 'Transfer-Encoding': 'chunked', 'Connection': 'keep-alive', 'X-Powered-By': 'Express', 'Access-Control-Allow-Origin': '*', 'Cache-Control': 'no-cache', 'ETag': 'W/"477-YcDcLbpVbeUy7K3TvnnSAJpTJ0k"', 'Vary': 'Accept-Encoding', 'Content-Encoding': 'gzip', 'CF-Cache-Status': 'DYNAMIC', 'Report-To': '{"endpoints":[{"url":"https:\\/\\/a.nel.cloudflare.com\\/report\\/v4?s=DSeX2JJZPBoZ5dw%2Bbu286C3GLxnBigIJIBicB3VbW8ss6WFXBX03CT6Ex7ET4idLXl15f2ReY0IDNvGQAnSW5KB4PhzV7KczI4%2FIS7NTSXCo2w2xvZ45RG%2FuzuFwuG3y"}],"group":"cf-nel","max_age":604800}', 'NEL': '{"success_fraction":0,"report_to":"cf-nel","max_age":604800}', 'Server': 'cloudflare', 'CF-RAY': '86d9868859880684-IAD', 'alt-svc': 'h3=":443"; ma=86400'} 
 body={"results":[{"gender":"male","name":{"title":"Mr","first":"Patrick","last":"Walker"},"location":{"street":{"number":4191,"name":"Manukau Road"},"city":"New Plymouth","state":"Nelson","country":"New Zealand","postcode":38601,"coordinates":{"latitude":"47.9122","longitude":"-8.6865"},"timezone":{"offset":"+9:30","description":"Adelaide, Darwin"}},"email":"patrick.walker@example.com","login":{"uuid":"dce68975-d3ff-4375-b6ec-65ef15d35264","username":"tinypeacock482","password":"gunnar","salt":"1m70lEwn","md5":"9c98d33183c80605a6f744983502c689","sha1":"7bdcdf6b11cc7a2efeb2cbc85fa5ed167fb5bd8c","sha256":"6ce98afd7780d3da7d1b50c3089706662c608f2975ea2d1620735c4229b025ca"},"dob":{"date":"1962-06-08T21:33:19.393Z","age":61},"registered":{"date":"2020-03-21T01:25:30.373Z","age":4},"phone":"(038)-231-4264","cell":"(435)-568-0928","id":{"name":"","value":null},"picture":{"large":"https://randomuser.me/api/portraits/men/98.jpg","medium":"https://randomuser.me/api/portraits/med/men/98.jpg","thumbnail":"https://randomuser.me/api/portraits/thumb/men/98.jpg"},"nat":"NZ"}],"info":{"seed":"0b531002572ce698","results":1,"page":1,"version":"1.4"}} 
 </msg>
<msg time="2024-04-01T15:13:51.587514" level="INFO">/opt/hostedtoolcache/Python/3.12.2/x64/lib/python3.12/site-packages/urllib3/connectionpool.py:1103: InsecureRequestWarning: Unverified HTTPS request is being made to host 'randomuser.me'. Adding certificate verification is strongly advised. See: https://urllib3.readthedocs.io/en/latest/advanced-usage.html#tls-warnings
  warnings.warn(</msg>
<msg time="2024-04-01T15:13:51.587650" level="INFO">${response} = &lt;Response [200]&gt;</msg>
<var>${response}</var>
<arg>consultarAPI</arg>
<arg>/api</arg>
<doc>Sends a GET request on a previously created HTTP Session.</doc>
<status status="PASS" start="2024-04-01T15:13:51.414150" elapsed="0.173556"/>
</kw>
<kw name="Set Variable" owner="BuiltIn">
<msg time="2024-04-01T15:13:51.588811" level="INFO">${json_data} = {'results': [{'gender': 'male', 'name': {'title': 'Mr', 'first': 'Patrick', 'last': 'Walker'}, 'location': {'street': {'number': 4191, 'name': 'Manukau Road'}, 'city': 'New Plymouth', 'state': 'Nelson...</msg>
<var>${json_data}</var>
<arg>${response.json()}</arg>
<doc>Returns the given values which can then be assigned to a variables.</doc>
<status status="PASS" start="2024-04-01T15:13:51.588254" elapsed="0.000586"/>
</kw>
<kw name="Log" owner="BuiltIn">
<msg time="2024-04-01T15:13:51.589327" level="INFO">{'results': [{'gender': 'male', 'name': {'title': 'Mr', 'first': 'Patrick', 'last': 'Walker'}, 'location': {'street': {'number': 4191, 'name': 'Manukau Road'}, 'city': 'New Plymouth', 'state': 'Nelson', 'country': 'New Zealand', 'postcode': 38601, 'coordinates': {'latitude': '47.9122', 'longitude': '-8.6865'}, 'timezone': {'offset': '+9:30', 'description': 'Adelaide, Darwin'}}, 'email': 'patrick.walker@example.com', 'login': {'uuid': 'dce68975-d3ff-4375-b6ec-65ef15d35264', 'username': 'tinypeacock482', 'password': 'gunnar', 'salt': '1m70lEwn', 'md5': '9c98d33183c80605a6f744983502c689', 'sha1': '7bdcdf6b11cc7a2efeb2cbc85fa5ed167fb5bd8c', 'sha256': '6ce98afd7780d3da7d1b50c3089706662c608f2975ea2d1620735c4229b025ca'}, 'dob': {'date': '1962-06-08T21:33:19.393Z', 'age': 61}, 'registered': {'date': '2020-03-21T01:25:30.373Z', 'age': 4}, 'phone': '(038)-231-4264', 'cell': '(435)-568-0928', 'id': {'name': '', 'value': None}, 'picture': {'large': 'https://randomuser.me/api/portraits/men/98.jpg', 'medium': 'https://randomuser.me/api/portraits/med/men/98.jpg', 'thumbnail': 'https://randomuser.me/api/portraits/thumb/men/98.jpg'}, 'nat': 'NZ'}], 'info': {'seed': '0b531002572ce698', 'results': 1, 'page': 1, 'version': '1.4'}}</msg>
<arg>${json_data}</arg>
<doc>Logs the given message with the given level.</doc>
<status status="PASS" start="2024-04-01T15:13:51.589158" elapsed="0.000215"/>
</kw>
<kw name="Dictionary Should Contain Key" owner="Collections">
<msg time="2024-04-01T15:13:51.589824" level="INFO">False</msg>
<arg>${json_data}</arg>
<arg>results</arg>
<doc>Fails if ``key`` is not found from ``dictionary``.</doc>
<status status="PASS" start="2024-04-01T15:13:51.589671" elapsed="0.000190"/>
</kw>
<kw name="Should Not Be Empty" owner="BuiltIn">
<msg time="2024-04-01T15:13:51.590287" level="INFO">Length is 2.</msg>
<arg>${json_data}</arg>
<doc>Verifies that the given item is not empty.</doc>
<status status="PASS" start="2024-04-01T15:13:51.590155" elapsed="0.000170"/>
</kw>
<kw name="Create List" owner="BuiltIn">
<msg time="2024-04-01T15:13:51.590772" level="INFO">${expected_keys} = ['gender', 'name', 'location', 'email', 'login']</msg>
<var>${expected_keys}</var>
<arg>gender</arg>
<arg>name</arg>
<arg>location</arg>
<arg>email</arg>
<arg>login</arg>
<doc>Returns a list containing given items.</doc>
<status status="PASS" start="2024-04-01T15:13:51.590620" elapsed="0.000177"/>
</kw>
<for flavor="IN">
<iter>
<kw name="Dictionary Should Contain Key" owner="Collections">
<msg time="2024-04-01T15:13:51.591770" level="INFO">False</msg>
<arg>${json_data['results'][0]}</arg>
<arg>${key}</arg>
<doc>Fails if ``key`` is not found from ``dictionary``.</doc>
<status status="PASS" start="2024-04-01T15:13:51.591368" elapsed="0.000440"/>
</kw>
<kw name="Log" owner="BuiltIn">
<msg time="2024-04-01T15:13:51.592519" level="INFO">{'gender': 'male', 'name': {'title': 'Mr', 'first': 'Patrick', 'last': 'Walker'}, 'location': {'street': {'number': 4191, 'name': 'Manukau Road'}, 'city': 'New Plymouth', 'state': 'Nelson', 'country': 'New Zealand', 'postcode': 38601, 'coordinates': {'latitude': '47.9122', 'longitude': '-8.6865'}, 'timezone': {'offset': '+9:30', 'description': 'Adelaide, Darwin'}}, 'email': 'patrick.walker@example.com', 'login': {'uuid': 'dce68975-d3ff-4375-b6ec-65ef15d35264', 'username': 'tinypeacock482', 'password': 'gunnar', 'salt': '1m70lEwn', 'md5': '9c98d33183c80605a6f744983502c689', 'sha1': '7bdcdf6b11cc7a2efeb2cbc85fa5ed167fb5bd8c', 'sha256': '6ce98afd7780d3da7d1b50c3089706662c608f2975ea2d1620735c4229b025ca'}, 'dob': {'date': '1962-06-08T21:33:19.393Z', 'age': 61}, 'registered': {'date': '2020-03-21T01:25:30.373Z', 'age': 4}, 'phone': '(038)-231-4264', 'cell': '(435)-568-0928', 'id': {'name': '', 'value': None}, 'picture': {'large': 'https://randomuser.me/api/portraits/men/98.jpg', 'medium': 'https://randomuser.me/api/portraits/med/men/98.jpg', 'thumbnail': 'https://randomuser.me/api/portraits/thumb/men/98.jpg'}, 'nat': 'NZ'}</msg>
<arg>${json_data['results'][0]}</arg>
<doc>Logs the given message with the given level.</doc>
<status status="PASS" start="2024-04-01T15:13:51.592115" elapsed="0.000458"/>
</kw>
<kw name="Log" owner="BuiltIn">
<msg time="2024-04-01T15:13:51.593014" level="INFO">gender</msg>
<arg>${key}</arg>
<doc>Logs the given message with the given level.</doc>
<status status="PASS" start="2024-04-01T15:13:51.592882" elapsed="0.000170"/>
</kw>
<var name="${key}">gender</var>
<status status="PASS" start="2024-04-01T15:13:51.591243" elapsed="0.002031"/>
</iter>
<iter>
<kw name="Dictionary Should Contain Key" owner="Collections">
<msg time="2024-04-01T15:13:51.593965" level="INFO">False</msg>
<arg>${json_data['results'][0]}</arg>
<arg>${key}</arg>
<doc>Fails if ``key`` is not found from ``dictionary``.</doc>
<status status="PASS" start="2024-04-01T15:13:51.593578" elapsed="0.000425"/>
</kw>
<kw name="Log" owner="BuiltIn">
<msg time="2024-04-01T15:13:51.594724" level="INFO">{'gender': 'male', 'name': {'title': 'Mr', 'first': 'Patrick', 'last': 'Walker'}, 'location': {'street': {'number': 4191, 'name': 'Manukau Road'}, 'city': 'New Plymouth', 'state': 'Nelson', 'country': 'New Zealand', 'postcode': 38601, 'coordinates': {'latitude': '47.9122', 'longitude': '-8.6865'}, 'timezone': {'offset': '+9:30', 'description': 'Adelaide, Darwin'}}, 'email': 'patrick.walker@example.com', 'login': {'uuid': 'dce68975-d3ff-4375-b6ec-65ef15d35264', 'username': 'tinypeacock482', 'password': 'gunnar', 'salt': '1m70lEwn', 'md5': '9c98d33183c80605a6f744983502c689', 'sha1': '7bdcdf6b11cc7a2efeb2cbc85fa5ed167fb5bd8c', 'sha256': '6ce98afd7780d3da7d1b50c3089706662c608f2975ea2d1620735c4229b025ca'}, 'dob': {'date': '1962-06-08T21:33:19.393Z', 'age': 61}, 'registered': {'date': '2020-03-21T01:25:30.373Z', 'age': 4}, 'phone': '(038)-231-4264', 'cell': '(435)-568-0928', 'id': {'name': '', 'value': None}, 'picture': {'large': 'https://randomuser.me/api/portraits/men/98.jpg', 'medium': 'https://randomuser.me/api/portraits/med/men/98.jpg', 'thumbnail': 'https://randomuser.me/api/portraits/thumb/men/98.jpg'}, 'nat': 'NZ'}</msg>
<arg>${json_data['results'][0]}</arg>
<doc>Logs the given message with the given level.</doc>
<status status="PASS" start="2024-04-01T15:13:51.594364" elapsed="0.000407"/>
</kw>
<kw name="Log" owner="BuiltIn">
<msg time="2024-04-01T15:13:51.595206" level="INFO">name</msg>
<arg>${key}</arg>
<doc>Logs the given message with the given level.</doc>
<status status="PASS" start="2024-04-01T15:13:51.595078" elapsed="0.000165"/>
</kw>
<var name="${key}">name</var>
<status status="PASS" start="2024-04-01T15:13:51.593464" elapsed="0.001995"/>
</iter>
<iter>
<kw name="Dictionary Should Contain Key" owner="Collections">
<msg time="2024-04-01T15:13:51.596132" level="INFO">False</msg>
<arg>${json_data['results'][0]}</arg>
<arg>${key}</arg>
<doc>Fails if ``key`` is not found from ``dictionary``.</doc>
<status status="PASS" start="2024-04-01T15:13:51.595752" elapsed="0.000418"/>
</kw>
<kw name="Log" owner="BuiltIn">
<msg time="2024-04-01T15:13:51.596895" level="INFO">{'gender': 'male', 'name': {'title': 'Mr', 'first': 'Patrick', 'last': 'Walker'}, 'location': {'street': {'number': 4191, 'name': 'Manukau Road'}, 'city': 'New Plymouth', 'state': 'Nelson', 'country': 'New Zealand', 'postcode': 38601, 'coordinates': {'latitude': '47.9122', 'longitude': '-8.6865'}, 'timezone': {'offset': '+9:30', 'description': 'Adelaide, Darwin'}}, 'email': 'patrick.walker@example.com', 'login': {'uuid': 'dce68975-d3ff-4375-b6ec-65ef15d35264', 'username': 'tinypeacock482', 'password': 'gunnar', 'salt': '1m70lEwn', 'md5': '9c98d33183c80605a6f744983502c689', 'sha1': '7bdcdf6b11cc7a2efeb2cbc85fa5ed167fb5bd8c', 'sha256': '6ce98afd7780d3da7d1b50c3089706662c608f2975ea2d1620735c4229b025ca'}, 'dob': {'date': '1962-06-08T21:33:19.393Z', 'age': 61}, 'registered': {'date': '2020-03-21T01:25:30.373Z', 'age': 4}, 'phone': '(038)-231-4264', 'cell': '(435)-568-0928', 'id': {'name': '', 'value': None}, 'picture': {'large': 'https://randomuser.me/api/portraits/men/98.jpg', 'medium': 'https://randomuser.me/api/portraits/med/men/98.jpg', 'thumbnail': 'https://randomuser.me/api/portraits/thumb/men/98.jpg'}, 'nat': 'NZ'}</msg>
<arg>${json_data['results'][0]}</arg>
<doc>Logs the given message with the given level.</doc>
<status status="PASS" start="2024-04-01T15:13:51.596532" elapsed="0.000415"/>
</kw>
<kw name="Log" owner="BuiltIn">
<msg time="2024-04-01T15:13:51.597370" level="INFO">location</msg>
<arg>${key}</arg>
<doc>Logs the given message with the given level.</doc>
<status status="PASS" start="2024-04-01T15:13:51.597244" elapsed="0.000164"/>
</kw>
<var name="${key}">location</var>
<status status="PASS" start="2024-04-01T15:13:51.595640" elapsed="0.001984"/>
</iter>
<iter>
<kw name="Dictionary Should Contain Key" owner="Collections">
<msg time="2024-04-01T15:13:51.598293" level="INFO">False</msg>
<arg>${json_data['results'][0]}</arg>
<arg>${key}</arg>
<doc>Fails if ``key`` is not found from ``dictionary``.</doc>
<status status="PASS" start="2024-04-01T15:13:51.597907" elapsed="0.000423"/>
</kw>
<kw name="Log" owner="BuiltIn">
<msg time="2024-04-01T15:13:51.598982" level="INFO">{'gender': 'male', 'name': {'title': 'Mr', 'first': 'Patrick', 'last': 'Walker'}, 'location': {'street': {'number': 4191, 'name': 'Manukau Road'}, 'city': 'New Plymouth', 'state': 'Nelson', 'country': 'New Zealand', 'postcode': 38601, 'coordinates': {'latitude': '47.9122', 'longitude': '-8.6865'}, 'timezone': {'offset': '+9:30', 'description': 'Adelaide, Darwin'}}, 'email': 'patrick.walker@example.com', 'login': {'uuid': 'dce68975-d3ff-4375-b6ec-65ef15d35264', 'username': 'tinypeacock482', 'password': 'gunnar', 'salt': '1m70lEwn', 'md5': '9c98d33183c80605a6f744983502c689', 'sha1': '7bdcdf6b11cc7a2efeb2cbc85fa5ed167fb5bd8c', 'sha256': '6ce98afd7780d3da7d1b50c3089706662c608f2975ea2d1620735c4229b025ca'}, 'dob': {'date': '1962-06-08T21:33:19.393Z', 'age': 61}, 'registered': {'date': '2020-03-21T01:25:30.373Z', 'age': 4}, 'phone': '(038)-231-4264', 'cell': '(435)-568-0928', 'id': {'name': '', 'value': None}, 'picture': {'large': 'https://randomuser.me/api/portraits/men/98.jpg', 'medium': 'https://randomuser.me/api/portraits/med/men/98.jpg', 'thumbnail': 'https://randomuser.me/api/portraits/thumb/men/98.jpg'}, 'nat': 'NZ'}</msg>
<arg>${json_data['results'][0]}</arg>
<doc>Logs the given message with the given level.</doc>
<status status="PASS" start="2024-04-01T15:13:51.598629" elapsed="0.000399"/>
</kw>
<kw name="Log" owner="BuiltIn">
<msg time="2024-04-01T15:13:51.599452" level="INFO">email</msg>
<arg>${key}</arg>
<doc>Logs the given message with the given level.</doc>
<status status="PASS" start="2024-04-01T15:13:51.599325" elapsed="0.000163"/>
</kw>
<var name="${key}">email</var>
<status status="PASS" start="2024-04-01T15:13:51.597797" elapsed="0.001908"/>
</iter>
<iter>
<kw name="Dictionary Should Contain Key" owner="Collections">
<msg time="2024-04-01T15:13:51.600446" level="INFO">False</msg>
<arg>${json_data['results'][0]}</arg>
<arg>${key}</arg>
<doc>Fails if ``key`` is not found from ``dictionary``.</doc>
<status status="PASS" start="2024-04-01T15:13:51.600022" elapsed="0.000470"/>
</kw>
<kw name="Log" owner="BuiltIn">
<msg time="2024-04-01T15:13:51.601156" level="INFO">{'gender': 'male', 'name': {'title': 'Mr', 'first': 'Patrick', 'last': 'Walker'}, 'location': {'street': {'number': 4191, 'name': 'Manukau Road'}, 'city': 'New Plymouth', 'state': 'Nelson', 'country': 'New Zealand', 'postcode': 38601, 'coordinates': {'latitude': '47.9122', 'longitude': '-8.6865'}, 'timezone': {'offset': '+9:30', 'description': 'Adelaide, Darwin'}}, 'email': 'patrick.walker@example.com', 'login': {'uuid': 'dce68975-d3ff-4375-b6ec-65ef15d35264', 'username': 'tinypeacock482', 'password': 'gunnar', 'salt': '1m70lEwn', 'md5': '9c98d33183c80605a6f744983502c689', 'sha1': '7bdcdf6b11cc7a2efeb2cbc85fa5ed167fb5bd8c', 'sha256': '6ce98afd7780d3da7d1b50c3089706662c608f2975ea2d1620735c4229b025ca'}, 'dob': {'date': '1962-06-08T21:33:19.393Z', 'age': 61}, 'registered': {'date': '2020-03-21T01:25:30.373Z', 'age': 4}, 'phone': '(038)-231-4264', 'cell': '(435)-568-0928', 'id': {'name': '', 'value': None}, 'picture': {'large': 'https://randomuser.me/api/portraits/men/98.jpg', 'medium': 'https://randomuser.me/api/portraits/med/men/98.jpg', 'thumbnail': 'https://randomuser.me/api/portraits/thumb/men/98.jpg'}, 'nat': 'NZ'}</msg>
<arg>${json_data['results'][0]}</arg>
<doc>Logs the given message with the given level.</doc>
<status status="PASS" start="2024-04-01T15:13:51.600796" elapsed="0.000406"/>
</kw>
<kw name="Log" owner="BuiltIn">
<msg time="2024-04-01T15:13:51.601637" level="INFO">login</msg>
<arg>${key}</arg>
<doc>Logs the given message with the given level.</doc>
<status status="PASS" start="2024-04-01T15:13:51.601496" elapsed="0.000280"/>
</kw>
<var name="${key}">login</var>
<status status="PASS" start="2024-04-01T15:13:51.599886" elapsed="0.002117"/>
</iter>
<var>${key}</var>
<value>@{expected_keys}</value>
<status status="PASS" start="2024-04-01T15:13:51.591058" elapsed="0.011069"/>
</for>
<kw name="Create List" owner="BuiltIn">
<msg time="2024-04-01T15:13:51.602493" level="INFO">${expected_keysTwo} = ['username', 'password']</msg>
<var>${expected_keysTwo}</var>
<arg>username</arg>
<arg>password</arg>
<doc>Returns a list containing given items.</doc>
<status status="PASS" start="2024-04-01T15:13:51.602352" elapsed="0.000165"/>
</kw>
<for flavor="IN">
<iter>
<kw name="Dictionary Should Contain Key" owner="Collections">
<msg time="2024-04-01T15:13:51.603405" level="INFO">False</msg>
<arg>${json_data['results'][0]['login']}</arg>
<arg>${keyTwo}</arg>
<doc>Fails if ``key`` is not found from ``dictionary``.</doc>
<status status="PASS" start="2024-04-01T15:13:51.603021" elapsed="0.000421"/>
</kw>
<kw name="Dictionary Should Contain Key" owner="Collections">
<msg time="2024-04-01T15:13:51.604117" level="INFO">False</msg>
<arg>${json_data['results'][0]['login']}</arg>
<arg>${keyTwo}</arg>
<doc>Fails if ``key`` is not found from ``dictionary``.</doc>
<status status="PASS" start="2024-04-01T15:13:51.603740" elapsed="0.000414"/>
</kw>
<kw name="Log" owner="BuiltIn">
<msg time="2024-04-01T15:13:51.604622" level="INFO">username</msg>
<arg>${keyTwo}</arg>
<doc>Logs the given message with the given level.</doc>
<status status="PASS" start="2024-04-01T15:13:51.604493" elapsed="0.000166"/>
</kw>
<var name="${keyTwo}">username</var>
<status status="PASS" start="2024-04-01T15:13:51.602911" elapsed="0.001965"/>
</iter>
<iter>
<kw name="Dictionary Should Contain Key" owner="Collections">
<msg time="2024-04-01T15:13:51.605550" level="INFO">False</msg>
<arg>${json_data['results'][0]['login']}</arg>
<arg>${keyTwo}</arg>
<doc>Fails if ``key`` is not found from ``dictionary``.</doc>
<status status="PASS" start="2024-04-01T15:13:51.605170" elapsed="0.000418"/>
</kw>
<kw name="Dictionary Should Contain Key" owner="Collections">
<msg time="2024-04-01T15:13:51.606262" level="INFO">False</msg>
<arg>${json_data['results'][0]['login']}</arg>
<arg>${keyTwo}</arg>
<doc>Fails if ``key`` is not found from ``dictionary``.</doc>
<status status="PASS" start="2024-04-01T15:13:51.605882" elapsed="0.000417"/>
</kw>
<kw name="Log" owner="BuiltIn">
<msg time="2024-04-01T15:13:51.606717" level="INFO">password</msg>
<arg>${keyTwo}</arg>
<doc>Logs the given message with the given level.</doc>
<status status="PASS" start="2024-04-01T15:13:51.606590" elapsed="0.000165"/>
</kw>
<var name="${keyTwo}">password</var>
<status status="PASS" start="2024-04-01T15:13:51.605058" elapsed="0.001915"/>
</iter>
<var>${keyTwo}</var>
<value>@{expected_keysTwo}</value>
<status status="PASS" start="2024-04-01T15:13:51.602761" elapsed="0.004334"/>
</for>
<status status="PASS" start="2024-04-01T15:13:51.413780" elapsed="0.193457"/>
</kw>
<doc>Testa a estrutura da resposta da API.</doc>
<tag>testeEstruturaResposta</tag>
<status status="PASS" start="2024-04-01T15:13:51.412783" elapsed="0.194612"/>
</test>
<test id="s1-s1-t4" name="Validar tipos de dados" line="28">
<kw name="Teste de Tipos de Dados" owner="random-user-service">
<kw name="GET On Session" owner="RequestsLibrary">
<msg time="2024-04-01T15:13:51.732930" level="INFO">GET Request : url=https://randomuser.me/api 
 path_url=/api 
 headers={'User-Agent': 'python-requests/2.31.0', 'Accept-Encoding': 'gzip, deflate', 'Accept': '*/*', 'Connection': 'keep-alive'} 
 body=None 
 </msg>
<msg time="2024-04-01T15:13:51.733036" level="INFO">GET Response : url=https://randomuser.me/api 
 status=200, reason=OK 
 headers={'Date': 'Mon, 01 Apr 2024 15:13:51 GMT', 'Content-Type': 'application/json; charset=utf-8', 'Transfer-Encoding': 'chunked', 'Connection': 'keep-alive', 'X-Powered-By': 'Express', 'Access-Control-Allow-Origin': '*', 'Cache-Control': 'no-cache', 'ETag': 'W/"487-TSOQLWJP/KptWFtQ9knS93mt5gQ"', 'Vary': 'Accept-Encoding', 'Content-Encoding': 'gzip', 'CF-Cache-Status': 'DYNAMIC', 'Report-To': '{"endpoints":[{"url":"https:\\/\\/a.nel.cloudflare.com\\/report\\/v4?s=snXbr2zZ2emH%2BtByZSL0zyldbVv1z%2FATSW%2FToq42gWm0Jwmn2RK3u1cnJBXcONCNn3N7KQL8UVsdOnK%2BTziAxHHFigfUCUfWWKDHFN%2Bc8Jv7elTRPCNLQHN0mJcKKTjJ"}],"group":"cf-nel","max_age":604800}', 'NEL': '{"success_fraction":0,"report_to":"cf-nel","max_age":604800}', 'Server': 'cloudflare', 'CF-RAY': '86d986899ace0684-IAD', 'alt-svc': 'h3=":443"; ma=86400'} 
 body={"results":[{"gender":"male","name":{"title":"Mr","first":"Antonin","last":"Barbier"},"location":{"street":{"number":3129,"name":"Rue Chazière"},"city":"Toulouse","state":"Somme","country":"France","postcode":67121,"coordinates":{"latitude":"-21.0880","longitude":"-138.5996"},"timezone":{"offset":"-11:00","description":"Midway Island, Samoa"}},"email":"antonin.barbier@example.com","login":{"uuid":"10057eda-d753-4acd-bb23-9bdd655d44a1","username":"blueduck612","password":"qwert","salt":"3DxnPVY9","md5":"78eeb03e59a8919814541f37051865d1","sha1":"93b4fe85ff80415eac9746a55dc8f35a9e1ddc85","sha256":"c080c48bd3aee3277a6b00b2263f8fbd87df55a6c66f55eb27f32175f523baf1"},"dob":{"date":"1986-03-03T12:10:16.709Z","age":38},"registered":{"date":"2019-03-15T07:41:56.036Z","age":5},"phone":"02-33-82-26-18","cell":"06-81-78-63-57","id":{"name":"INSEE","value":"1860260040980 19"},"picture":{"large":"https://randomuser.me/api/portraits/men/85.jpg","medium":"https://randomuser.me/api/portraits/med/men/85.jpg","thumbnail":"https://randomuser.me/api/portraits/thumb/men/85.jpg"},"nat":"FR"}],"info":{"seed":"2bc77114315367f8","results":1,"page":1,"version":"1.4"}} 
 </msg>
<msg time="2024-04-01T15:13:51.733119" level="INFO">/opt/hostedtoolcache/Python/3.12.2/x64/lib/python3.12/site-packages/urllib3/connectionpool.py:1103: InsecureRequestWarning: Unverified HTTPS request is being made to host 'randomuser.me'. Adding certificate verification is strongly advised. See: https://urllib3.readthedocs.io/en/latest/advanced-usage.html#tls-warnings
  warnings.warn(</msg>
<msg time="2024-04-01T15:13:51.733246" level="INFO">${response} = &lt;Response [200]&gt;</msg>
<var>${response}</var>
<arg>consultarAPI</arg>
<arg>/api</arg>
<doc>Sends a GET request on a previously created HTTP Session.</doc>
<status status="PASS" start="2024-04-01T15:13:51.610009" elapsed="0.123277"/>
</kw>
<kw name="Set Variable" owner="BuiltIn">
<msg time="2024-04-01T15:13:51.734425" level="INFO">${json_data} = {'results': [{'gender': 'male', 'name': {'title': 'Mr', 'first': 'Antonin', 'last': 'Barbier'}, 'location': {'street': {'number': 3129, 'name': 'Rue Chazière'}, 'city': 'Toulouse', 'state': 'Somme', '...</msg>
<var>${json_data}</var>
<arg>${response.json()}</arg>
<doc>Returns the given values which can then be assigned to a variables.</doc>
<status status="PASS" start="2024-04-01T15:13:51.733861" elapsed="0.000599"/>
</kw>
<kw name="Log" owner="BuiltIn">
<msg time="2024-04-01T15:13:51.734965" level="INFO">{'results': [{'gender': 'male', 'name': {'title': 'Mr', 'first': 'Antonin', 'last': 'Barbier'}, 'location': {'street': {'number': 3129, 'name': 'Rue Chazière'}, 'city': 'Toulouse', 'state': 'Somme', 'country': 'France', 'postcode': 67121, 'coordinates': {'latitude': '-21.0880', 'longitude': '-138.5996'}, 'timezone': {'offset': '-11:00', 'description': 'Midway Island, Samoa'}}, 'email': 'antonin.barbier@example.com', 'login': {'uuid': '10057eda-d753-4acd-bb23-9bdd655d44a1', 'username': 'blueduck612', 'password': 'qwert', 'salt': '3DxnPVY9', 'md5': '78eeb03e59a8919814541f37051865d1', 'sha1': '93b4fe85ff80415eac9746a55dc8f35a9e1ddc85', 'sha256': 'c080c48bd3aee3277a6b00b2263f8fbd87df55a6c66f55eb27f32175f523baf1'}, 'dob': {'date': '1986-03-03T12:10:16.709Z', 'age': 38}, 'registered': {'date': '2019-03-15T07:41:56.036Z', 'age': 5}, 'phone': '02-33-82-26-18', 'cell': '06-81-78-63-57', 'id': {'name': 'INSEE', 'value': '1860260040980 19'}, 'picture': {'large': 'https://randomuser.me/api/portraits/men/85.jpg', 'medium': 'https://randomuser.me/api/portraits/med/men/85.jpg', 'thumbnail': 'https://randomuser.me/api/portraits/thumb/men/85.jpg'}, 'nat': 'FR'}], 'info': {'seed': '2bc77114315367f8', 'results': 1, 'page': 1, 'version': '1.4'}}</msg>
<arg>${json_data}</arg>
<doc>Logs the given message with the given level.</doc>
<status status="PASS" start="2024-04-01T15:13:51.734787" elapsed="0.000227"/>
</kw>
<kw name="Should Be String" owner="String">
<arg>${json_data['results'][0]['gender']}</arg>
<doc>Fails if the given ``item`` is not a string.</doc>
<status status="PASS" start="2024-04-01T15:13:51.735353" elapsed="0.000369"/>
</kw>
<kw name="Should Match Regexp" owner="BuiltIn">
<arg>${json_data['results'][0]['email']}</arg>
<arg>^[a-zA-Z0-9._%+-]+@[a-zA-Z0-9.-]+\.[a-zA-Z]{2,}$</arg>
<doc>Fails if ``string`` does not match ``pattern`` as a regular expression.</doc>
<status status="PASS" start="2024-04-01T15:13:51.735924" elapsed="0.000562"/>
</kw>
<kw name="Should Match Regexp" owner="BuiltIn">
<arg>${json_data['results'][0]['dob']['date']}</arg>
<arg>\\d{4}-\\d{2}-\\d{2}T\\d{2}:\\d{2}:\\d{2}\\.\\d{3}Z</arg>
<doc>Fails if ``string`` does not match ``pattern`` as a regular expression.</doc>
<status status="PASS" start="2024-04-01T15:13:51.736684" elapsed="0.000486"/>
</kw>
<kw name="Should Match Regexp" owner="BuiltIn">
<arg>${json_data['results'][0]['registered']['date']}</arg>
<arg>\\d{4}-\\d{2}-\\d{2}T\\d{2}:\\d{2}:\\d{2}\\.\\d{3}Z</arg>
<doc>Fails if ``string`` does not match ``pattern`` as a regular expression.</doc>
<status status="PASS" start="2024-04-01T15:13:51.737363" elapsed="0.000364"/>
</kw>
<kw name="Should Match Regexp" owner="BuiltIn">
<arg>${json_data['results'][0]['picture']['large']}</arg>
<arg>^https?://.*\.(?:png|jpe?g|gif|bmp)$</arg>
<doc>Fails if ``string`` does not match ``pattern`` as a regular expression.</doc>
<status status="PASS" start="2024-04-01T15:13:51.737915" elapsed="0.000463"/>
</kw>
<kw name="Should Match Regexp" owner="BuiltIn">
<arg>${json_data['results'][0]['picture']['medium']}</arg>
<arg>^https?://.*\.(?:png|jpe?g|gif|bmp)$</arg>
<doc>Fails if ``string`` does not match ``pattern`` as a regular expression.</doc>
<status status="PASS" start="2024-04-01T15:13:51.738567" elapsed="0.000358"/>
</kw>
<kw name="Should Match Regexp" owner="BuiltIn">
<arg>${json_data['results'][0]['picture']['thumbnail']}</arg>
<arg>^https?://.*\.(?:png|jpe?g|gif|bmp)$</arg>
<doc>Fails if ``string`` does not match ``pattern`` as a regular expression.</doc>
<status status="PASS" start="2024-04-01T15:13:51.739109" elapsed="0.000348"/>
</kw>
<kw name="Log" owner="BuiltIn">
<msg time="2024-04-01T15:13:51.739974" level="INFO">{'large': 'https://randomuser.me/api/portraits/men/85.jpg', 'medium': 'https://randomuser.me/api/portraits/med/men/85.jpg', 'thumbnail': 'https://randomuser.me/api/portraits/thumb/men/85.jpg'}</msg>
<arg>${json_data['results'][0]['picture']}</arg>
<doc>Logs the given message with the given level.</doc>
<status status="PASS" start="2024-04-01T15:13:51.739647" elapsed="0.000373"/>
</kw>
<status status="PASS" start="2024-04-01T15:13:51.609780" elapsed="0.130526"/>
</kw>
<kw name="Teste de Tipos de Dados - Postcode" owner="random-user-service">
<kw name="GET On Session" owner="RequestsLibrary">
<msg time="2024-04-01T15:13:51.867946" level="INFO">GET Request : url=https://randomuser.me/api 
 path_url=/api 
 headers={'User-Agent': 'python-requests/2.31.0', 'Accept-Encoding': 'gzip, deflate', 'Accept': '*/*', 'Connection': 'keep-alive'} 
 body=None 
 </msg>
<msg time="2024-04-01T15:13:51.868055" level="INFO">GET Response : url=https://randomuser.me/api 
 status=200, reason=OK 
 headers={'Date': 'Mon, 01 Apr 2024 15:13:51 GMT', 'Content-Type': 'application/json; charset=utf-8', 'Transfer-Encoding': 'chunked', 'Connection': 'keep-alive', 'X-Powered-By': 'Express', 'Access-Control-Allow-Origin': '*', 'Cache-Control': 'no-cache', 'ETag': 'W/"475-YUZ9tDYhUUVS8oZNyKenjkHKowQ"', 'Vary': 'Accept-Encoding', 'Content-Encoding': 'gzip', 'CF-Cache-Status': 'DYNAMIC', 'Report-To': '{"endpoints":[{"url":"https:\\/\\/a.nel.cloudflare.com\\/report\\/v4?s=v0jDoI%2FAMd9W8UBTq46QrtiZJZPrlxQk1mauwpyltZyCSDn1XUCWMGIsi1BYYbHk8UtjCRBqtBkGDUzsMdzlbZ23LCUexSP%2B8G1b1s%2BHsTAMmfXYMmJGc87ESjIzbdb5"}],"group":"cf-nel","max_age":604800}', 'NEL': '{"success_fraction":0,"report_to":"cf-nel","max_age":604800}', 'Server': 'cloudflare', 'CF-RAY': '86d9868a6bc10684-IAD', 'alt-svc': 'h3=":443"; ma=86400'} 
 body={"results":[{"gender":"male","name":{"title":"Mr","first":"George","last":"Anderson"},"location":{"street":{"number":3320,"name":"Target Road"},"city":"Taupo","state":"Auckland","country":"New Zealand","postcode":88275,"coordinates":{"latitude":"49.3070","longitude":"-98.8334"},"timezone":{"offset":"+9:30","description":"Adelaide, Darwin"}},"email":"george.anderson@example.com","login":{"uuid":"60e5db0d-6732-40d8-87e7-7c520e1b6ee4","username":"whiteladybug508","password":"jonny","salt":"ABnjbZHY","md5":"d1a051c38e0bfd80f22abe4d24c32c7b","sha1":"3e1e9462fa08b3cb3b8c72f8b34a7c9fa734055a","sha256":"05db05336fee7b42edfcd5674248a1652322fa1be1ea8b695272a56f06abd9ad"},"dob":{"date":"1988-12-23T22:34:31.937Z","age":35},"registered":{"date":"2009-05-13T23:42:17.265Z","age":14},"phone":"(090)-739-9266","cell":"(432)-153-4761","id":{"name":"","value":null},"picture":{"large":"https://randomuser.me/api/portraits/men/12.jpg","medium":"https://randomuser.me/api/portraits/med/men/12.jpg","thumbnail":"https://randomuser.me/api/portraits/thumb/men/12.jpg"},"nat":"NZ"}],"info":{"seed":"05ec9c4970a2dad8","results":1,"page":1,"version":"1.4"}} 
 </msg>
<msg time="2024-04-01T15:13:51.868158" level="INFO">/opt/hostedtoolcache/Python/3.12.2/x64/lib/python3.12/site-packages/urllib3/connectionpool.py:1103: InsecureRequestWarning: Unverified HTTPS request is being made to host 'randomuser.me'. Adding certificate verification is strongly advised. See: https://urllib3.readthedocs.io/en/latest/advanced-usage.html#tls-warnings
  warnings.warn(</msg>
<msg time="2024-04-01T15:13:51.868364" level="INFO">${response} = &lt;Response [200]&gt;</msg>
<var>${response}</var>
<arg>consultarAPI</arg>
<arg>/api</arg>
<doc>Sends a GET request on a previously created HTTP Session.</doc>
<status status="PASS" start="2024-04-01T15:13:51.740911" elapsed="0.127506"/>
</kw>
<kw name="Set Variable" owner="BuiltIn">
<msg time="2024-04-01T15:13:51.869537" level="INFO">${json_data} = {'results': [{'gender': 'male', 'name': {'title': 'Mr', 'first': 'George', 'last': 'Anderson'}, 'location': {'street': {'number': 3320, 'name': 'Target Road'}, 'city': 'Taupo', 'state': 'Auckland', 'c...</msg>
<var>${json_data}</var>
<arg>${response.json()}</arg>
<doc>Returns the given values which can then be assigned to a variables.</doc>
<status status="PASS" start="2024-04-01T15:13:51.869009" elapsed="0.000556"/>
</kw>
<kw name="Log" owner="BuiltIn">
<msg time="2024-04-01T15:13:51.870036" level="INFO">{'results': [{'gender': 'male', 'name': {'title': 'Mr', 'first': 'George', 'last': 'Anderson'}, 'location': {'street': {'number': 3320, 'name': 'Target Road'}, 'city': 'Taupo', 'state': 'Auckland', 'country': 'New Zealand', 'postcode': 88275, 'coordinates': {'latitude': '49.3070', 'longitude': '-98.8334'}, 'timezone': {'offset': '+9:30', 'description': 'Adelaide, Darwin'}}, 'email': 'george.anderson@example.com', 'login': {'uuid': '60e5db0d-6732-40d8-87e7-7c520e1b6ee4', 'username': 'whiteladybug508', 'password': 'jonny', 'salt': 'ABnjbZHY', 'md5': 'd1a051c38e0bfd80f22abe4d24c32c7b', 'sha1': '3e1e9462fa08b3cb3b8c72f8b34a7c9fa734055a', 'sha256': '05db05336fee7b42edfcd5674248a1652322fa1be1ea8b695272a56f06abd9ad'}, 'dob': {'date': '1988-12-23T22:34:31.937Z', 'age': 35}, 'registered': {'date': '2009-05-13T23:42:17.265Z', 'age': 14}, 'phone': '(090)-739-9266', 'cell': '(432)-153-4761', 'id': {'name': '', 'value': None}, 'picture': {'large': 'https://randomuser.me/api/portraits/men/12.jpg', 'medium': 'https://randomuser.me/api/portraits/med/men/12.jpg', 'thumbnail': 'https://randomuser.me/api/portraits/thumb/men/12.jpg'}, 'nat': 'NZ'}], 'info': {'seed': '05ec9c4970a2dad8', 'results': 1, 'page': 1, 'version': '1.4'}}</msg>
<arg>${json_data}</arg>
<doc>Logs the given message with the given level.</doc>
<status status="PASS" start="2024-04-01T15:13:51.869879" elapsed="0.000204"/>
</kw>
<kw name="Should Be Equal As Numbers" owner="BuiltIn">
<arg>${json_data['results'][0]['location']['postcode']}</arg>
<arg>${json_data['results'][0]['location']['postcode']}</arg>
<doc>Fails if objects are unequal after converting them to real numbers.</doc>
<status status="PASS" start="2024-04-01T15:13:51.870394" elapsed="0.000632"/>
</kw>
<kw name="Log" owner="BuiltIn">
<msg time="2024-04-01T15:13:51.871595" level="INFO">88275</msg>
<arg>${json_data['results'][0]['location']['postcode']}</arg>
<doc>Logs the given message with the given level.</doc>
<status status="PASS" start="2024-04-01T15:13:51.871257" elapsed="0.000379"/>
</kw>
<status status="PASS" start="2024-04-01T15:13:51.740538" elapsed="0.131357"/>
</kw>
<doc>Testa se os tipos de dados na resposta da API estão corretos.</doc>
<tag>testeTiposDados</tag>
<status status="PASS" start="2024-04-01T15:13:51.609223" elapsed="0.262845"/>
</test>
<test id="s1-s1-t5" name="Validar conteudo" line="35">
<kw name="Teste de Tipos de Conteudo" owner="random-user-service">
<kw name="GET On Session" owner="RequestsLibrary">
<msg time="2024-04-01T15:13:51.952844" level="INFO">GET Request : url=https://randomuser.me/api 
 path_url=/api 
 headers={'User-Agent': 'python-requests/2.31.0', 'Accept-Encoding': 'gzip, deflate', 'Accept': '*/*', 'Connection': 'keep-alive'} 
 body=None 
 </msg>
<msg time="2024-04-01T15:13:51.952934" level="INFO">GET Response : url=https://randomuser.me/api 
 status=200, reason=OK 
 headers={'Date': 'Mon, 01 Apr 2024 15:13:51 GMT', 'Content-Type': 'application/json; charset=utf-8', 'Transfer-Encoding': 'chunked', 'Connection': 'keep-alive', 'X-Powered-By': 'Express', 'Access-Control-Allow-Origin': '*', 'Cache-Control': 'no-cache', 'ETag': 'W/"4b5-unlwGLQEWtSWGVh9esOG4qmPPUQ"', 'Vary': 'Accept-Encoding', 'Content-Encoding': 'gzip', 'CF-Cache-Status': 'DYNAMIC', 'Report-To': '{"endpoints":[{"url":"https:\\/\\/a.nel.cloudflare.com\\/report\\/v4?s=bw%2B%2BBVPKF%2F%2BtZUmdYSZ9h28mVujbxvS3B20FuHxKzsZAE7Yx0ntPbjCDBDdPQr1aX4641cqAbLL%2BVp6j%2BvZWlsds39yMCi3SW%2FJuLN00SBuIyIFmU5JcDMu2MkgS74TO"}],"group":"cf-nel","max_age":604800}', 'NEL': '{"success_fraction":0,"report_to":"cf-nel","max_age":604800}', 'Server': 'cloudflare', 'CF-RAY': '86d9868b3cec0684-IAD', 'alt-svc': 'h3=":443"; ma=86400'} 
 body={"results":[{"gender":"female","name":{"title":"Miss","first":"Amanda","last":"Patiño"},"location":{"street":{"number":7323,"name":"Privada Somalia"},"city":"Guadalupe Distrito Bravos","state":"Sinaloa","country":"Mexico","postcode":62174,"coordinates":{"latitude":"29.9979","longitude":"149.8861"},"timezone":{"offset":"+1:00","description":"Brussels, Copenhagen, Madrid, Paris"}},"email":"amanda.patino@example.com","login":{"uuid":"0a27bd5c-9b32-4684-af89-9ae043c17be1","username":"purplemeercat708","password":"lifehack","salt":"SoiAHrz7","md5":"741d11296f8f2d61eec14c0f4e10babe","sha1":"3369f03e76463c491b9b6138121a1c6425eab13b","sha256":"05e1de1c754f94660455eb55cad3bbbbce9913dc46809b23041321879498dfd1"},"dob":{"date":"1994-10-26T06:58:31.174Z","age":29},"registered":{"date":"2002-09-15T00:06:11.144Z","age":21},"phone":"(627) 047 8037","cell":"(638) 450 7766","id":{"name":"NSS","value":"88 32 20 8187 0"},"picture":{"large":"https://randomuser.me/api/portraits/women/24.jpg","medium":"https://randomuser.me/api/portraits/med/women/24.jpg","thumbnail":"https://randomuser.me/api/portraits/thumb/women/24.jpg"},"nat":"MX"}],"info":{"seed":"21c7f40837aceeef","results":1,"page":1,"version":"1.4"}} 
 </msg>
<msg time="2024-04-01T15:13:51.953012" level="INFO">/opt/hostedtoolcache/Python/3.12.2/x64/lib/python3.12/site-packages/urllib3/connectionpool.py:1103: InsecureRequestWarning: Unverified HTTPS request is being made to host 'randomuser.me'. Adding certificate verification is strongly advised. See: https://urllib3.readthedocs.io/en/latest/advanced-usage.html#tls-warnings
  warnings.warn(</msg>
<msg time="2024-04-01T15:13:51.953137" level="INFO">${response} = &lt;Response [200]&gt;</msg>
<var>${response}</var>
<arg>consultarAPI</arg>
<arg>/api</arg>
<doc>Sends a GET request on a previously created HTTP Session.</doc>
<status status="PASS" start="2024-04-01T15:13:51.874632" elapsed="0.078559"/>
</kw>
<kw name="Set Variable" owner="BuiltIn">
<msg time="2024-04-01T15:13:51.954350" level="INFO">${json_data} = {'results': [{'gender': 'female', 'name': {'title': 'Miss', 'first': 'Amanda', 'last': 'Patiño'}, 'location': {'street': {'number': 7323, 'name': 'Privada Somalia'}, 'city': 'Guadalupe Distrito Bravos...</msg>
<var>${json_data}</var>
<arg>${response.json()}</arg>
<doc>Returns the given values which can then be assigned to a variables.</doc>
<status status="PASS" start="2024-04-01T15:13:51.953789" elapsed="0.000591"/>
</kw>
<kw name="Set Variable" owner="BuiltIn">
<msg time="2024-04-01T15:13:51.955093" level="INFO">${name_title} = Miss</msg>
<var>${name_title}</var>
<arg>${json_data["results"][0]["name"]["title"]}</arg>
<doc>Returns the given values which can then be assigned to a variables.</doc>
<status status="PASS" start="2024-04-01T15:13:51.954689" elapsed="0.000430"/>
</kw>
<kw name="Create List" owner="BuiltIn">
<msg time="2024-04-01T15:13:51.955591" level="INFO">${allowed_titles} = ['Mr', 'Ms', 'Miss', 'Mrs', 'Madame', 'Monsieur']</msg>
<var>${allowed_titles}</var>
<arg>Mr</arg>
<arg>Ms</arg>
<arg>Miss</arg>
<arg>Mrs</arg>
<arg>Madame</arg>
<arg>Monsieur</arg>
<doc>Returns a list containing given items.</doc>
<status status="PASS" start="2024-04-01T15:13:51.955440" elapsed="0.000176"/>
</kw>
<kw name="List Should Contain Value" owner="Collections">
<msg time="2024-04-01T15:13:51.956096" level="INFO">False</msg>
<arg>${allowed_titles}</arg>
<arg>${name_title}</arg>
<doc>Fails if the ``value`` is not found from ``list``.</doc>
<status status="PASS" start="2024-04-01T15:13:51.955922" elapsed="0.000211"/>
</kw>
<kw name="Set Variable" owner="BuiltIn">
<msg time="2024-04-01T15:13:51.956867" level="INFO">${name_country} = MX</msg>
<var>${name_country}</var>
<arg>${json_data["results"][0]["nat"]}</arg>
<doc>Returns the given values which can then be assigned to a variables.</doc>
<status status="PASS" start="2024-04-01T15:13:51.956479" elapsed="0.000413"/>
</kw>
<kw name="Create List" owner="BuiltIn">
<msg time="2024-04-01T15:13:51.957804" level="INFO">${list_country} = ['AD', 'AE', 'AF', 'AG', 'AI', 'AL', 'AM', 'AO', 'AQ', 'AR', 'AS', 'AT', 'AU', 'AW', 'AX', 'AZ', 'BA', 'BB', 'BD', 'BE', 'BF', 'BG', 'BH', 'BI', 'BJ', 'BL', 'BM', 'BN', 'BO', 'BQ', 'BR', 'BS', 'BT', '...</msg>
<var>${list_country}</var>
<arg>AD</arg>
<arg>AE</arg>
<arg>AF</arg>
<arg>AG</arg>
<arg>AI</arg>
<arg>AL</arg>
<arg>AM</arg>
<arg>AO</arg>
<arg>AQ</arg>
<arg>AR</arg>
<arg>AS</arg>
<arg>AT</arg>
<arg>AU</arg>
<arg>AW</arg>
<arg>AX</arg>
<arg>AZ</arg>
<arg>BA</arg>
<arg>BB</arg>
<arg>BD</arg>
<arg>BE</arg>
<arg>BF</arg>
<arg>BG</arg>
<arg>BH</arg>
<arg>BI</arg>
<arg>BJ</arg>
<arg>BL</arg>
<arg>BM</arg>
<arg>BN</arg>
<arg>BO</arg>
<arg>BQ</arg>
<arg>BR</arg>
<arg>BS</arg>
<arg>BT</arg>
<arg>BV</arg>
<arg>BW</arg>
<arg>BY</arg>
<arg>BZ</arg>
<arg>CA</arg>
<arg>CC</arg>
<arg>CD</arg>
<arg>CF</arg>
<arg>CG</arg>
<arg>CH</arg>
<arg>CI</arg>
<arg>CK</arg>
<arg>CL</arg>
<arg>CM</arg>
<arg>CN</arg>
<arg>CO</arg>
<arg>CR</arg>
<arg>CU</arg>
<arg>CV</arg>
<arg>CW</arg>
<arg>CX</arg>
<arg>CY</arg>
<arg>CZ</arg>
<arg>DE</arg>
<arg>DJ</arg>
<arg>DK</arg>
<arg>DM</arg>
<arg>DO</arg>
<arg>DZ</arg>
<arg>EC</arg>
<arg>EE</arg>
<arg>EG</arg>
<arg>EH</arg>
<arg>ER</arg>
<arg>ES</arg>
<arg>ET</arg>
<arg>FI</arg>
<arg>FJ</arg>
<arg>FK</arg>
<arg>FM</arg>
<arg>FO</arg>
<arg>FR</arg>
<arg>GA</arg>
<arg>GB</arg>
<arg>GD</arg>
<arg>GE</arg>
<arg>GF</arg>
<arg>GG</arg>
<arg>GH</arg>
<arg>GI</arg>
<arg>GL</arg>
<arg>GM</arg>
<arg>GN</arg>
<arg>GP</arg>
<arg>GQ</arg>
<arg>GR</arg>
<arg>GS</arg>
<arg>GT</arg>
<arg>GU</arg>
<arg>GW</arg>
<arg>GY</arg>
<arg>HK</arg>
<arg>HM</arg>
<arg>HN</arg>
<arg>HR</arg>
<arg>HT</arg>
<arg>HU</arg>
<arg>ID</arg>
<arg>IE</arg>
<arg>IL</arg>
<arg>IM</arg>
<arg>IN</arg>
<arg>IO</arg>
<arg>IQ</arg>
<arg>IR</arg>
<arg>IS</arg>
<arg>IT</arg>
<arg>JE</arg>
<arg>JM</arg>
<arg>JO</arg>
<arg>JP</arg>
<arg>KE</arg>
<arg>KG</arg>
<arg>KH</arg>
<arg>KI</arg>
<arg>KM</arg>
<arg>KN</arg>
<arg>KP</arg>
<arg>KR</arg>
<arg>KW</arg>
<arg>KY</arg>
<arg>KZ</arg>
<arg>LA</arg>
<arg>LB</arg>
<arg>LC</arg>
<arg>LI</arg>
<arg>LK</arg>
<arg>LR</arg>
<arg>LS</arg>
<arg>LT</arg>
<arg>LU</arg>
<arg>LV</arg>
<arg>LY</arg>
<arg>MA</arg>
<arg>MC</arg>
<arg>MD</arg>
<arg>ME</arg>
<arg>MF</arg>
<arg>MG</arg>
<arg>MH</arg>
<arg>MK</arg>
<arg>ML</arg>
<arg>MM</arg>
<arg>MN</arg>
<arg>MO</arg>
<arg>MP</arg>
<arg>MQ</arg>
<arg>MR</arg>
<arg>MS</arg>
<arg>MT</arg>
<arg>MU</arg>
<arg>MV</arg>
<arg>MW</arg>
<arg>MX</arg>
<arg>MY</arg>
<arg>MZ</arg>
<arg>NA</arg>
<arg>NC</arg>
<arg>NE</arg>
<arg>NF</arg>
<arg>NG</arg>
<arg>NI</arg>
<arg>NL</arg>
<arg>NO</arg>
<arg>NP</arg>
<arg>NR</arg>
<arg>NU</arg>
<arg>NZ</arg>
<arg>OM</arg>
<arg>PA</arg>
<arg>PE</arg>
<arg>PF</arg>
<arg>PG</arg>
<arg>PH</arg>
<arg>PK</arg>
<arg>PL</arg>
<arg>PM</arg>
<arg>PN</arg>
<arg>PR</arg>
<arg>PS</arg>
<arg>PT</arg>
<arg>PW</arg>
<arg>PY</arg>
<arg>QA</arg>
<arg>RE</arg>
<arg>RO</arg>
<arg>RS</arg>
<arg>RU</arg>
<arg>RW</arg>
<arg>SA</arg>
<arg>SB</arg>
<arg>SC</arg>
<arg>SD</arg>
<arg>SE</arg>
<arg>SG</arg>
<arg>SH</arg>
<arg>SI</arg>
<arg>SJ</arg>
<arg>SK</arg>
<arg>SL</arg>
<arg>SM</arg>
<arg>SN</arg>
<arg>SO</arg>
<arg>SR</arg>
<arg>SS</arg>
<arg>ST</arg>
<arg>SV</arg>
<arg>SX</arg>
<arg>SY</arg>
<arg>SZ</arg>
<arg>TC</arg>
<arg>TD</arg>
<arg>TF</arg>
<arg>TG</arg>
<arg>TH</arg>
<arg>TJ</arg>
<arg>TK</arg>
<arg>TL</arg>
<arg>TM</arg>
<arg>TN</arg>
<arg>TO</arg>
<arg>TR</arg>
<arg>TT</arg>
<arg>TV</arg>
<arg>TW</arg>
<arg>TZ</arg>
<arg>UA</arg>
<arg>UG</arg>
<arg>UM</arg>
<arg>US</arg>
<arg>UY</arg>
<arg>UZ</arg>
<arg>VA</arg>
<arg>VC</arg>
<arg>VE</arg>
<arg>VG</arg>
<arg>VI</arg>
<arg>VN</arg>
<arg>VU</arg>
<arg>WF</arg>
<arg>WS</arg>
<arg>XK</arg>
<arg>YE</arg>
<arg>YT</arg>
<arg>ZA</arg>
<arg>ZM</arg>
<arg>ZW</arg>
<doc>Returns a list containing given items.</doc>
<status status="PASS" start="2024-04-01T15:13:51.957204" elapsed="0.000625"/>
</kw>
<kw name="List Should Contain Value" owner="Collections">
<msg time="2024-04-01T15:13:51.958935" level="INFO">False</msg>
<arg>${list_country}</arg>
<arg>${name_country}</arg>
<doc>Fails if the ``value`` is not found from ``list``.</doc>
<status status="PASS" start="2024-04-01T15:13:51.958730" elapsed="0.000242"/>
</kw>
<kw name="Run Keyword If" owner="BuiltIn">
<kw name="Should Be True" owner="BuiltIn">
<arg>${True}</arg>
<doc>Fails if the given condition is not true.</doc>
<status status="PASS" start="2024-04-01T15:13:51.960066" elapsed="0.000145"/>
</kw>
<arg>${json_data["results"][0]["location"]["coordinates"]["latitude"]} &gt;= -90 and ${json_data["results"][0]["location"]["coordinates"]["latitude"]} &lt;= 90</arg>
<arg>Should Be True</arg>
<arg>${True}</arg>
<doc>Runs the given keyword with the given arguments, if ``condition`` is true.</doc>
<status status="PASS" start="2024-04-01T15:13:51.959299" elapsed="0.001082"/>
</kw>
<kw name="Run Keyword If" owner="BuiltIn">
<kw name="Should Be True" owner="BuiltIn">
<arg>${True}</arg>
<doc>Fails if the given condition is not true.</doc>
<status status="PASS" start="2024-04-01T15:13:51.961275" elapsed="0.000139"/>
</kw>
<arg>${json_data["results"][0]["location"]["coordinates"]["longitude"]} &gt;= -180 and ${json_data["results"][0]["location"]["coordinates"]["longitude"]} &lt;= 180</arg>
<arg>Should Be True</arg>
<arg>${True}</arg>
<doc>Runs the given keyword with the given arguments, if ``condition`` is true.</doc>
<status status="PASS" start="2024-04-01T15:13:51.960570" elapsed="0.000970"/>
</kw>
<status status="PASS" start="2024-04-01T15:13:51.874401" elapsed="0.087270"/>
</kw>
<doc>Testa o conteúdo específico dos campos retornados pela API.</doc>
<tag>testeConteudo</tag>
<status status="PASS" start="2024-04-01T15:13:51.873856" elapsed="0.087969"/>
</test>
<status status="PASS" start="2024-04-01T15:13:49.898091" elapsed="2.065679"/>
</suite>
<status status="PASS" start="2024-04-01T15:13:49.884404" elapsed="2.084748"/>
</suite>
<statistics>
<total>
<stat pass="5" fail="0" skip="0">All Tests</stat>
</total>
<tag>
<stat pass="1" fail="0" skip="0">testeConteudo</stat>
<stat pass="1" fail="0" skip="0">testeEstruturaResposta</stat>
<stat pass="1" fail="0" skip="0">testeRequisicaoBasica</stat>
<stat pass="1" fail="0" skip="0">testeTiposDados</stat>
</tag>
<suite>
<stat pass="5" fail="0" skip="0" id="s1" name="Tests">Tests</stat>
<stat pass="5" fail="0" skip="0" id="s1-s1" name="Random-User-Test">Tests.Random-User-Test</stat>
</suite>
</statistics>
<errors>
</errors>
</robot>
