<?xml version="1.0" encoding="UTF-8"?>
<robot generator="Robot 7.0 (Python 3.12.3 on linux)" generated="2024-05-22T20:15:33.771144" rpa="false" schemaversion="5">
<suite id="s1" name="Tests" source="/home/runner/work/DesafioQAItauRogerioJordao/DesafioQAItauRogerioJordao/RamdonUser/tests">
<suite id="s1-s1" name="Random-User-Test" source="/home/runner/work/DesafioQAItauRogerioJordao/DesafioQAItauRogerioJordao/RamdonUser/tests/random-user-test.robot">
<test id="s1-s1-t1" name="Conectar" line="13">
<kw name="Conectar API" owner="random-user-service">
<kw name="Create Session" owner="RequestsLibrary">
<msg time="2024-05-22T20:15:34.172195" level="INFO">Creating Session using : alias=consultarAPI, url=https://randomuser.me/, headers={},                     cookies={}, auth=None, timeout=None, proxies=None, verify=False,                     debug=0 </msg>
<arg>consultarAPI</arg>
<arg>${URL}</arg>
<doc>Create Session: create a HTTP session to a server</doc>
<status status="PASS" start="2024-05-22T20:15:34.171987" elapsed="0.000391"/>
</kw>
<status status="PASS" start="2024-05-22T20:15:34.170985" elapsed="0.001763"/>
</kw>
<status status="PASS" start="2024-05-22T20:15:34.170467" elapsed="0.002479"/>
</test>
<test id="s1-s1-t2" name="Validar retorno 200 e JSON Válido" line="16">
<kw name="Teste de Requisicao Basica" owner="random-user-service">
<kw name="GET On Session" owner="RequestsLibrary">
<msg time="2024-05-22T20:15:34.388902" level="INFO">GET Request : url=https://randomuser.me/api 
 path_url=/api 
 headers={'User-Agent': 'python-requests/2.32.2', 'Accept-Encoding': 'gzip, deflate', 'Accept': '*/*', 'Connection': 'keep-alive'} 
 body=None 
 </msg>
<msg time="2024-05-22T20:15:34.389062" level="INFO">GET Response : url=https://randomuser.me/api 
 status=200, reason=OK 
 headers={'Date': 'Wed, 22 May 2024 20:15:34 GMT', 'Content-Type': 'application/json; charset=utf-8', 'Transfer-Encoding': 'chunked', 'Connection': 'keep-alive', 'X-Powered-By': 'Express', 'Access-Control-Allow-Origin': '*', 'Cache-Control': 'no-cache', 'ETag': 'W/"49b-KnoNFcuXbiqcx2kQv0HPfNCmr9w"', 'Vary': 'Accept-Encoding', 'Content-Encoding': 'gzip', 'CF-Cache-Status': 'DYNAMIC', 'Report-To': '{"endpoints":[{"url":"https:\\/\\/a.nel.cloudflare.com\\/report\\/v4?s=Kf0f%2FhmFK5CD3D9HdPw46aTiv5tXia84Zk1COGB1n%2FaIdIauwd0%2BdSsbMtjF%2FXDjhJV2zZH1UwEovPIXUwdEAzE0r7BZAKB0JYYnYWtRXo%2FZ65lN3IfTDEzbcMfPrle9"}],"group":"cf-nel","max_age":604800}', 'NEL': '{"success_fraction":0,"report_to":"cf-nel","max_age":604800}', 'Server': 'cloudflare', 'CF-RAY': '887f7a9f896e1fe0-IAD', 'alt-svc': 'h3=":443"; ma=86400'} 
 body={"results":[{"gender":"female","name":{"title":"Ms","first":"Hilda","last":"Gibson"},"location":{"street":{"number":7799,"name":"Mcgowen St"},"city":"Devonport","state":"Queensland","country":"Australia","postcode":7740,"coordinates":{"latitude":"-83.8418","longitude":"30.7181"},"timezone":{"offset":"+5:00","description":"Ekaterinburg, Islamabad, Karachi, Tashkent"}},"email":"hilda.gibson@example.com","login":{"uuid":"64fac757-87d7-4a31-85d6-604260ecb024","username":"happygorilla107","password":"success","salt":"E2BOmgHw","md5":"8386b228b7f3483a83ac6715115958b5","sha1":"f035838e45b0b8f26a9c45662bba42260a155819","sha256":"3aebf238aec0449abd6e4a378390a42babdfba414bc12e71c3d2f921170d903f"},"dob":{"date":"1960-02-02T13:35:36.253Z","age":64},"registered":{"date":"2005-12-26T09:31:27.979Z","age":18},"phone":"00-9770-1290","cell":"0486-552-996","id":{"name":"TFN","value":"853556583"},"picture":{"large":"https://randomuser.me/api/portraits/women/39.jpg","medium":"https://randomuser.me/api/portraits/med/women/39.jpg","thumbnail":"https://randomuser.me/api/portraits/thumb/women/39.jpg"},"nat":"AU"}],"info":{"seed":"d6597150746edde3","results":1,"page":1,"version":"1.4"}} 
 </msg>
<msg time="2024-05-22T20:15:34.389156" level="INFO">/opt/hostedtoolcache/Python/3.12.3/x64/lib/python3.12/site-packages/urllib3/connectionpool.py:1103: InsecureRequestWarning: Unverified HTTPS request is being made to host 'randomuser.me'. Adding certificate verification is strongly advised. See: https://urllib3.readthedocs.io/en/latest/advanced-usage.html#tls-warnings
  warnings.warn(</msg>
<msg time="2024-05-22T20:15:34.389326" level="INFO">${response} = &lt;Response [200]&gt;</msg>
<var>${response}</var>
<arg>consultarAPI</arg>
<arg>/api</arg>
<doc>Sends a GET request on a previously created HTTP Session.</doc>
<status status="PASS" start="2024-05-22T20:15:34.175561" elapsed="0.213815"/>
</kw>
<kw name="Should Be Equal As Numbers" owner="BuiltIn">
<msg time="2024-05-22T20:15:34.390514" level="INFO">Argument types are:
&lt;class 'int'&gt;
&lt;class 'str'&gt;</msg>
<arg>${response.status_code}</arg>
<arg>200</arg>
<doc>Fails if objects are unequal after converting them to real numbers.</doc>
<status status="PASS" start="2024-05-22T20:15:34.390017" elapsed="0.000567"/>
</kw>
<kw name="Log" owner="BuiltIn">
<msg time="2024-05-22T20:15:34.391377" level="INFO">200</msg>
<arg>${response.status_code}</arg>
<doc>Logs the given message with the given level.</doc>
<status status="PASS" start="2024-05-22T20:15:34.390960" elapsed="0.000469"/>
</kw>
<kw name="Set Variable" owner="BuiltIn">
<msg time="2024-05-22T20:15:34.392190" level="INFO">${json_data} = {'results': [{'gender': 'female', 'name': {'title': 'Ms', 'first': 'Hilda', 'last': 'Gibson'}, 'location': {'street': {'number': 7799, 'name': 'Mcgowen St'}, 'city': 'Devonport', 'state': 'Queensland'...</msg>
<var>${json_data}</var>
<arg>${response.json()}</arg>
<doc>Returns the given values which can then be assigned to a variables.</doc>
<status status="PASS" start="2024-05-22T20:15:34.391747" elapsed="0.000472"/>
</kw>
<kw name="Dictionary Should Contain Key" owner="Collections">
<msg time="2024-05-22T20:15:34.392697" level="INFO">False</msg>
<arg>${json_data}</arg>
<arg>results</arg>
<doc>Fails if ``key`` is not found from ``dictionary``.</doc>
<status status="PASS" start="2024-05-22T20:15:34.392529" elapsed="0.000207"/>
</kw>
<status status="PASS" start="2024-05-22T20:15:34.175310" elapsed="0.217684"/>
</kw>
<doc>Testa se a API responde corretamente e retorna um objeto JSON válido.</doc>
<tag>testeRequisicaoBasica</tag>
<status status="PASS" start="2024-05-22T20:15:34.174821" elapsed="0.218359"/>
</test>
<test id="s1-s1-t3" name="Validar estrutura de resposta" line="22">
<kw name="Teste de Estrutura de Resposta" owner="random-user-service">
<kw name="GET On Session" owner="RequestsLibrary">
<msg time="2024-05-22T20:15:34.505381" level="INFO">GET Request : url=https://randomuser.me/api 
 path_url=/api 
 headers={'User-Agent': 'python-requests/2.32.2', 'Accept-Encoding': 'gzip, deflate', 'Accept': '*/*', 'Connection': 'keep-alive'} 
 body=None 
 </msg>
<msg time="2024-05-22T20:15:34.505469" level="INFO">GET Response : url=https://randomuser.me/api 
 status=200, reason=OK 
 headers={'Date': 'Wed, 22 May 2024 20:15:34 GMT', 'Content-Type': 'application/json; charset=utf-8', 'Transfer-Encoding': 'chunked', 'Connection': 'keep-alive', 'X-Powered-By': 'Express', 'Access-Control-Allow-Origin': '*', 'Cache-Control': 'no-cache', 'ETag': 'W/"4aa-y/8dCVsoSWQW7PtwMDTCClOXhds"', 'Vary': 'Accept-Encoding', 'Content-Encoding': 'gzip', 'CF-Cache-Status': 'DYNAMIC', 'Report-To': '{"endpoints":[{"url":"https:\\/\\/a.nel.cloudflare.com\\/report\\/v4?s=nNmJ1hPLAr1ITolkK26KRgKMcADZWNLyrBdBX8E2vrTjNnYh28JCY07ZSElag52ii5zIMGIZfLx%2BvYRGV3tGacxvd3J6COQtkMyK4f9QSIIAi%2FAbafWxkvIWdXecIo5H"}],"group":"cf-nel","max_age":604800}', 'NEL': '{"success_fraction":0,"report_to":"cf-nel","max_age":604800}', 'Server': 'cloudflare', 'CF-RAY': '887f7aa00a0c1fe0-IAD', 'alt-svc': 'h3=":443"; ma=86400'} 
 body={"results":[{"gender":"female","name":{"title":"Miss","first":"Jolanda","last":"Keppler"},"location":{"street":{"number":2882,"name":"Grüner Weg"},"city":"Oelsnitz/Erzgeb.","state":"Hamburg","country":"Germany","postcode":19217,"coordinates":{"latitude":"-51.4198","longitude":"161.4369"},"timezone":{"offset":"+3:00","description":"Baghdad, Riyadh, Moscow, St. Petersburg"}},"email":"jolanda.keppler@example.com","login":{"uuid":"860846a5-151e-41ef-837e-ce2a8142b93e","username":"whitepeacock935","password":"jordan","salt":"wf5f59Vm","md5":"7844a15ed799fc30d02a3977e79a7be4","sha1":"6e822e8273649cca08072896cdf856317ecade56","sha256":"0151a9090e2e6c5340eecff01e803dc69f249544ffd031498d142265dfd3770b"},"dob":{"date":"1954-06-20T13:36:23.179Z","age":69},"registered":{"date":"2015-10-21T17:43:58.133Z","age":8},"phone":"0031-7519009","cell":"0174-7205077","id":{"name":"SVNR","value":"38 200654 K 924"},"picture":{"large":"https://randomuser.me/api/portraits/women/50.jpg","medium":"https://randomuser.me/api/portraits/med/women/50.jpg","thumbnail":"https://randomuser.me/api/portraits/thumb/women/50.jpg"},"nat":"DE"}],"info":{"seed":"ed76786ade094cec","results":1,"page":1,"version":"1.4"}} 
 </msg>
<msg time="2024-05-22T20:15:34.505598" level="INFO">/opt/hostedtoolcache/Python/3.12.3/x64/lib/python3.12/site-packages/urllib3/connectionpool.py:1103: InsecureRequestWarning: Unverified HTTPS request is being made to host 'randomuser.me'. Adding certificate verification is strongly advised. See: https://urllib3.readthedocs.io/en/latest/advanced-usage.html#tls-warnings
  warnings.warn(</msg>
<msg time="2024-05-22T20:15:34.505705" level="INFO">${response} = &lt;Response [200]&gt;</msg>
<var>${response}</var>
<arg>consultarAPI</arg>
<arg>/api</arg>
<doc>Sends a GET request on a previously created HTTP Session.</doc>
<status status="PASS" start="2024-05-22T20:15:34.395918" elapsed="0.109828"/>
</kw>
<kw name="Set Variable" owner="BuiltIn">
<msg time="2024-05-22T20:15:34.506834" level="INFO">${json_data} = {'results': [{'gender': 'female', 'name': {'title': 'Miss', 'first': 'Jolanda', 'last': 'Keppler'}, 'location': {'street': {'number': 2882, 'name': 'Grüner Weg'}, 'city': 'Oelsnitz/Erzgeb.', 'state': ...</msg>
<var>${json_data}</var>
<arg>${response.json()}</arg>
<doc>Returns the given values which can then be assigned to a variables.</doc>
<status status="PASS" start="2024-05-22T20:15:34.506247" elapsed="0.000616"/>
</kw>
<kw name="Log" owner="BuiltIn">
<msg time="2024-05-22T20:15:34.507377" level="INFO">{'results': [{'gender': 'female', 'name': {'title': 'Miss', 'first': 'Jolanda', 'last': 'Keppler'}, 'location': {'street': {'number': 2882, 'name': 'Grüner Weg'}, 'city': 'Oelsnitz/Erzgeb.', 'state': 'Hamburg', 'country': 'Germany', 'postcode': 19217, 'coordinates': {'latitude': '-51.4198', 'longitude': '161.4369'}, 'timezone': {'offset': '+3:00', 'description': 'Baghdad, Riyadh, Moscow, St. Petersburg'}}, 'email': 'jolanda.keppler@example.com', 'login': {'uuid': '860846a5-151e-41ef-837e-ce2a8142b93e', 'username': 'whitepeacock935', 'password': 'jordan', 'salt': 'wf5f59Vm', 'md5': '7844a15ed799fc30d02a3977e79a7be4', 'sha1': '6e822e8273649cca08072896cdf856317ecade56', 'sha256': '0151a9090e2e6c5340eecff01e803dc69f249544ffd031498d142265dfd3770b'}, 'dob': {'date': '1954-06-20T13:36:23.179Z', 'age': 69}, 'registered': {'date': '2015-10-21T17:43:58.133Z', 'age': 8}, 'phone': '0031-7519009', 'cell': '0174-7205077', 'id': {'name': 'SVNR', 'value': '38 200654 K 924'}, 'picture': {'large': 'https://randomuser.me/api/portraits/women/50.jpg', 'medium': 'https://randomuser.me/api/portraits/med/women/50.jpg', 'thumbnail': 'https://randomuser.me/api/portraits/thumb/women/50.jpg'}, 'nat': 'DE'}], 'info': {'seed': 'ed76786ade094cec', 'results': 1, 'page': 1, 'version': '1.4'}}</msg>
<arg>${json_data}</arg>
<doc>Logs the given message with the given level.</doc>
<status status="PASS" start="2024-05-22T20:15:34.507215" elapsed="0.000217"/>
</kw>
<kw name="Dictionary Should Contain Key" owner="Collections">
<msg time="2024-05-22T20:15:34.507888" level="INFO">False</msg>
<arg>${json_data}</arg>
<arg>results</arg>
<doc>Fails if ``key`` is not found from ``dictionary``.</doc>
<status status="PASS" start="2024-05-22T20:15:34.507732" elapsed="0.000193"/>
</kw>
<kw name="Should Not Be Empty" owner="BuiltIn">
<msg time="2024-05-22T20:15:34.508350" level="INFO">Length is 2.</msg>
<arg>${json_data}</arg>
<doc>Verifies that the given item is not empty.</doc>
<status status="PASS" start="2024-05-22T20:15:34.508219" elapsed="0.000168"/>
</kw>
<kw name="Create List" owner="BuiltIn">
<msg time="2024-05-22T20:15:34.508972" level="INFO">${expected_keys} = ['gender', 'name', 'location', 'email', 'login']</msg>
<var>${expected_keys}</var>
<arg>gender</arg>
<arg>name</arg>
<arg>location</arg>
<arg>email</arg>
<arg>login</arg>
<doc>Returns a list containing given items.</doc>
<status status="PASS" start="2024-05-22T20:15:34.508675" elapsed="0.000322"/>
</kw>
<for flavor="IN">
<iter>
<kw name="Dictionary Should Contain Key" owner="Collections">
<msg time="2024-05-22T20:15:34.509969" level="INFO">False</msg>
<arg>${json_data['results'][0]}</arg>
<arg>${key}</arg>
<doc>Fails if ``key`` is not found from ``dictionary``.</doc>
<status status="PASS" start="2024-05-22T20:15:34.509571" elapsed="0.000436"/>
</kw>
<kw name="Log" owner="BuiltIn">
<msg time="2024-05-22T20:15:34.510657" level="INFO">{'gender': 'female', 'name': {'title': 'Miss', 'first': 'Jolanda', 'last': 'Keppler'}, 'location': {'street': {'number': 2882, 'name': 'Grüner Weg'}, 'city': 'Oelsnitz/Erzgeb.', 'state': 'Hamburg', 'country': 'Germany', 'postcode': 19217, 'coordinates': {'latitude': '-51.4198', 'longitude': '161.4369'}, 'timezone': {'offset': '+3:00', 'description': 'Baghdad, Riyadh, Moscow, St. Petersburg'}}, 'email': 'jolanda.keppler@example.com', 'login': {'uuid': '860846a5-151e-41ef-837e-ce2a8142b93e', 'username': 'whitepeacock935', 'password': 'jordan', 'salt': 'wf5f59Vm', 'md5': '7844a15ed799fc30d02a3977e79a7be4', 'sha1': '6e822e8273649cca08072896cdf856317ecade56', 'sha256': '0151a9090e2e6c5340eecff01e803dc69f249544ffd031498d142265dfd3770b'}, 'dob': {'date': '1954-06-20T13:36:23.179Z', 'age': 69}, 'registered': {'date': '2015-10-21T17:43:58.133Z', 'age': 8}, 'phone': '0031-7519009', 'cell': '0174-7205077', 'id': {'name': 'SVNR', 'value': '38 200654 K 924'}, 'picture': {'large': 'https://randomuser.me/api/portraits/women/50.jpg', 'medium': 'https://randomuser.me/api/portraits/med/women/50.jpg', 'thumbnail': 'https://randomuser.me/api/portraits/thumb/women/50.jpg'}, 'nat': 'DE'}</msg>
<arg>${json_data['results'][0]}</arg>
<doc>Logs the given message with the given level.</doc>
<status status="PASS" start="2024-05-22T20:15:34.510301" elapsed="0.000406"/>
</kw>
<kw name="Log" owner="BuiltIn">
<msg time="2024-05-22T20:15:34.511149" level="INFO">gender</msg>
<arg>${key}</arg>
<doc>Logs the given message with the given level.</doc>
<status status="PASS" start="2024-05-22T20:15:34.510997" elapsed="0.000191"/>
</kw>
<var name="${key}">gender</var>
<status status="PASS" start="2024-05-22T20:15:34.509446" elapsed="0.001959"/>
</iter>
<iter>
<kw name="Dictionary Should Contain Key" owner="Collections">
<msg time="2024-05-22T20:15:34.512080" level="INFO">False</msg>
<arg>${json_data['results'][0]}</arg>
<arg>${key}</arg>
<doc>Fails if ``key`` is not found from ``dictionary``.</doc>
<status status="PASS" start="2024-05-22T20:15:34.511702" elapsed="0.000415"/>
</kw>
<kw name="Log" owner="BuiltIn">
<msg time="2024-05-22T20:15:34.512797" level="INFO">{'gender': 'female', 'name': {'title': 'Miss', 'first': 'Jolanda', 'last': 'Keppler'}, 'location': {'street': {'number': 2882, 'name': 'Grüner Weg'}, 'city': 'Oelsnitz/Erzgeb.', 'state': 'Hamburg', 'country': 'Germany', 'postcode': 19217, 'coordinates': {'latitude': '-51.4198', 'longitude': '161.4369'}, 'timezone': {'offset': '+3:00', 'description': 'Baghdad, Riyadh, Moscow, St. Petersburg'}}, 'email': 'jolanda.keppler@example.com', 'login': {'uuid': '860846a5-151e-41ef-837e-ce2a8142b93e', 'username': 'whitepeacock935', 'password': 'jordan', 'salt': 'wf5f59Vm', 'md5': '7844a15ed799fc30d02a3977e79a7be4', 'sha1': '6e822e8273649cca08072896cdf856317ecade56', 'sha256': '0151a9090e2e6c5340eecff01e803dc69f249544ffd031498d142265dfd3770b'}, 'dob': {'date': '1954-06-20T13:36:23.179Z', 'age': 69}, 'registered': {'date': '2015-10-21T17:43:58.133Z', 'age': 8}, 'phone': '0031-7519009', 'cell': '0174-7205077', 'id': {'name': 'SVNR', 'value': '38 200654 K 924'}, 'picture': {'large': 'https://randomuser.me/api/portraits/women/50.jpg', 'medium': 'https://randomuser.me/api/portraits/med/women/50.jpg', 'thumbnail': 'https://randomuser.me/api/portraits/thumb/women/50.jpg'}, 'nat': 'DE'}</msg>
<arg>${json_data['results'][0]}</arg>
<doc>Logs the given message with the given level.</doc>
<status status="PASS" start="2024-05-22T20:15:34.512437" elapsed="0.000409"/>
</kw>
<kw name="Log" owner="BuiltIn">
<msg time="2024-05-22T20:15:34.513263" level="INFO">name</msg>
<arg>${key}</arg>
<doc>Logs the given message with the given level.</doc>
<status status="PASS" start="2024-05-22T20:15:34.513139" elapsed="0.000160"/>
</kw>
<var name="${key}">name</var>
<status status="PASS" start="2024-05-22T20:15:34.511588" elapsed="0.001922"/>
</iter>
<iter>
<kw name="Dictionary Should Contain Key" owner="Collections">
<msg time="2024-05-22T20:15:34.514175" level="INFO">False</msg>
<arg>${json_data['results'][0]}</arg>
<arg>${key}</arg>
<doc>Fails if ``key`` is not found from ``dictionary``.</doc>
<status status="PASS" start="2024-05-22T20:15:34.513805" elapsed="0.000407"/>
</kw>
<kw name="Log" owner="BuiltIn">
<msg time="2024-05-22T20:15:34.514856" level="INFO">{'gender': 'female', 'name': {'title': 'Miss', 'first': 'Jolanda', 'last': 'Keppler'}, 'location': {'street': {'number': 2882, 'name': 'Grüner Weg'}, 'city': 'Oelsnitz/Erzgeb.', 'state': 'Hamburg', 'country': 'Germany', 'postcode': 19217, 'coordinates': {'latitude': '-51.4198', 'longitude': '161.4369'}, 'timezone': {'offset': '+3:00', 'description': 'Baghdad, Riyadh, Moscow, St. Petersburg'}}, 'email': 'jolanda.keppler@example.com', 'login': {'uuid': '860846a5-151e-41ef-837e-ce2a8142b93e', 'username': 'whitepeacock935', 'password': 'jordan', 'salt': 'wf5f59Vm', 'md5': '7844a15ed799fc30d02a3977e79a7be4', 'sha1': '6e822e8273649cca08072896cdf856317ecade56', 'sha256': '0151a9090e2e6c5340eecff01e803dc69f249544ffd031498d142265dfd3770b'}, 'dob': {'date': '1954-06-20T13:36:23.179Z', 'age': 69}, 'registered': {'date': '2015-10-21T17:43:58.133Z', 'age': 8}, 'phone': '0031-7519009', 'cell': '0174-7205077', 'id': {'name': 'SVNR', 'value': '38 200654 K 924'}, 'picture': {'large': 'https://randomuser.me/api/portraits/women/50.jpg', 'medium': 'https://randomuser.me/api/portraits/med/women/50.jpg', 'thumbnail': 'https://randomuser.me/api/portraits/thumb/women/50.jpg'}, 'nat': 'DE'}</msg>
<arg>${json_data['results'][0]}</arg>
<doc>Logs the given message with the given level.</doc>
<status status="PASS" start="2024-05-22T20:15:34.514503" elapsed="0.000401"/>
</kw>
<kw name="Log" owner="BuiltIn">
<msg time="2024-05-22T20:15:34.515363" level="INFO">location</msg>
<arg>${key}</arg>
<doc>Logs the given message with the given level.</doc>
<status status="PASS" start="2024-05-22T20:15:34.515235" elapsed="0.000164"/>
</kw>
<var name="${key}">location</var>
<status status="PASS" start="2024-05-22T20:15:34.513689" elapsed="0.001925"/>
</iter>
<iter>
<kw name="Dictionary Should Contain Key" owner="Collections">
<msg time="2024-05-22T20:15:34.516273" level="INFO">False</msg>
<arg>${json_data['results'][0]}</arg>
<arg>${key}</arg>
<doc>Fails if ``key`` is not found from ``dictionary``.</doc>
<status status="PASS" start="2024-05-22T20:15:34.515894" elapsed="0.000415"/>
</kw>
<kw name="Log" owner="BuiltIn">
<msg time="2024-05-22T20:15:34.516970" level="INFO">{'gender': 'female', 'name': {'title': 'Miss', 'first': 'Jolanda', 'last': 'Keppler'}, 'location': {'street': {'number': 2882, 'name': 'Grüner Weg'}, 'city': 'Oelsnitz/Erzgeb.', 'state': 'Hamburg', 'country': 'Germany', 'postcode': 19217, 'coordinates': {'latitude': '-51.4198', 'longitude': '161.4369'}, 'timezone': {'offset': '+3:00', 'description': 'Baghdad, Riyadh, Moscow, St. Petersburg'}}, 'email': 'jolanda.keppler@example.com', 'login': {'uuid': '860846a5-151e-41ef-837e-ce2a8142b93e', 'username': 'whitepeacock935', 'password': 'jordan', 'salt': 'wf5f59Vm', 'md5': '7844a15ed799fc30d02a3977e79a7be4', 'sha1': '6e822e8273649cca08072896cdf856317ecade56', 'sha256': '0151a9090e2e6c5340eecff01e803dc69f249544ffd031498d142265dfd3770b'}, 'dob': {'date': '1954-06-20T13:36:23.179Z', 'age': 69}, 'registered': {'date': '2015-10-21T17:43:58.133Z', 'age': 8}, 'phone': '0031-7519009', 'cell': '0174-7205077', 'id': {'name': 'SVNR', 'value': '38 200654 K 924'}, 'picture': {'large': 'https://randomuser.me/api/portraits/women/50.jpg', 'medium': 'https://randomuser.me/api/portraits/med/women/50.jpg', 'thumbnail': 'https://randomuser.me/api/portraits/thumb/women/50.jpg'}, 'nat': 'DE'}</msg>
<arg>${json_data['results'][0]}</arg>
<doc>Logs the given message with the given level.</doc>
<status status="PASS" start="2024-05-22T20:15:34.516614" elapsed="0.000415"/>
</kw>
<kw name="Log" owner="BuiltIn">
<msg time="2024-05-22T20:15:34.517447" level="INFO">email</msg>
<arg>${key}</arg>
<doc>Logs the given message with the given level.</doc>
<status status="PASS" start="2024-05-22T20:15:34.517321" elapsed="0.000164"/>
</kw>
<var name="${key}">email</var>
<status status="PASS" start="2024-05-22T20:15:34.515783" elapsed="0.001915"/>
</iter>
<iter>
<kw name="Dictionary Should Contain Key" owner="Collections">
<msg time="2024-05-22T20:15:34.518356" level="INFO">False</msg>
<arg>${json_data['results'][0]}</arg>
<arg>${key}</arg>
<doc>Fails if ``key`` is not found from ``dictionary``.</doc>
<status status="PASS" start="2024-05-22T20:15:34.517980" elapsed="0.000414"/>
</kw>
<kw name="Log" owner="BuiltIn">
<msg time="2024-05-22T20:15:34.519049" level="INFO">{'gender': 'female', 'name': {'title': 'Miss', 'first': 'Jolanda', 'last': 'Keppler'}, 'location': {'street': {'number': 2882, 'name': 'Grüner Weg'}, 'city': 'Oelsnitz/Erzgeb.', 'state': 'Hamburg', 'country': 'Germany', 'postcode': 19217, 'coordinates': {'latitude': '-51.4198', 'longitude': '161.4369'}, 'timezone': {'offset': '+3:00', 'description': 'Baghdad, Riyadh, Moscow, St. Petersburg'}}, 'email': 'jolanda.keppler@example.com', 'login': {'uuid': '860846a5-151e-41ef-837e-ce2a8142b93e', 'username': 'whitepeacock935', 'password': 'jordan', 'salt': 'wf5f59Vm', 'md5': '7844a15ed799fc30d02a3977e79a7be4', 'sha1': '6e822e8273649cca08072896cdf856317ecade56', 'sha256': '0151a9090e2e6c5340eecff01e803dc69f249544ffd031498d142265dfd3770b'}, 'dob': {'date': '1954-06-20T13:36:23.179Z', 'age': 69}, 'registered': {'date': '2015-10-21T17:43:58.133Z', 'age': 8}, 'phone': '0031-7519009', 'cell': '0174-7205077', 'id': {'name': 'SVNR', 'value': '38 200654 K 924'}, 'picture': {'large': 'https://randomuser.me/api/portraits/women/50.jpg', 'medium': 'https://randomuser.me/api/portraits/med/women/50.jpg', 'thumbnail': 'https://randomuser.me/api/portraits/thumb/women/50.jpg'}, 'nat': 'DE'}</msg>
<arg>${json_data['results'][0]}</arg>
<doc>Logs the given message with the given level.</doc>
<status status="PASS" start="2024-05-22T20:15:34.518686" elapsed="0.000440"/>
</kw>
<kw name="Log" owner="BuiltIn">
<msg time="2024-05-22T20:15:34.519557" level="INFO">login</msg>
<arg>${key}</arg>
<doc>Logs the given message with the given level.</doc>
<status status="PASS" start="2024-05-22T20:15:34.519430" elapsed="0.000195"/>
</kw>
<var name="${key}">login</var>
<status status="PASS" start="2024-05-22T20:15:34.517869" elapsed="0.001979"/>
</iter>
<var>${key}</var>
<value>@{expected_keys}</value>
<status status="PASS" start="2024-05-22T20:15:34.509261" elapsed="0.010707"/>
</for>
<kw name="Create List" owner="BuiltIn">
<msg time="2024-05-22T20:15:34.520294" level="INFO">${expected_keysTwo} = ['username', 'password']</msg>
<var>${expected_keysTwo}</var>
<arg>username</arg>
<arg>password</arg>
<doc>Returns a list containing given items.</doc>
<status status="PASS" start="2024-05-22T20:15:34.520159" elapsed="0.000159"/>
</kw>
<for flavor="IN">
<iter>
<kw name="Dictionary Should Contain Key" owner="Collections">
<msg time="2024-05-22T20:15:34.521189" level="INFO">False</msg>
<arg>${json_data['results'][0]['login']}</arg>
<arg>${keyTwo}</arg>
<doc>Fails if ``key`` is not found from ``dictionary``.</doc>
<status status="PASS" start="2024-05-22T20:15:34.520811" elapsed="0.000414"/>
</kw>
<kw name="Dictionary Should Contain Key" owner="Collections">
<msg time="2024-05-22T20:15:34.521896" level="INFO">False</msg>
<arg>${json_data['results'][0]['login']}</arg>
<arg>${keyTwo}</arg>
<doc>Fails if ``key`` is not found from ``dictionary``.</doc>
<status status="PASS" start="2024-05-22T20:15:34.521517" elapsed="0.000416"/>
</kw>
<kw name="Log" owner="BuiltIn">
<msg time="2024-05-22T20:15:34.522350" level="INFO">username</msg>
<arg>${keyTwo}</arg>
<doc>Logs the given message with the given level.</doc>
<status status="PASS" start="2024-05-22T20:15:34.522226" elapsed="0.000161"/>
</kw>
<var name="${keyTwo}">username</var>
<status status="PASS" start="2024-05-22T20:15:34.520701" elapsed="0.001899"/>
</iter>
<iter>
<kw name="Dictionary Should Contain Key" owner="Collections">
<msg time="2024-05-22T20:15:34.523296" level="INFO">False</msg>
<arg>${json_data['results'][0]['login']}</arg>
<arg>${keyTwo}</arg>
<doc>Fails if ``key`` is not found from ``dictionary``.</doc>
<status status="PASS" start="2024-05-22T20:15:34.522881" elapsed="0.000453"/>
</kw>
<kw name="Dictionary Should Contain Key" owner="Collections">
<msg time="2024-05-22T20:15:34.524086" level="INFO">False</msg>
<arg>${json_data['results'][0]['login']}</arg>
<arg>${keyTwo}</arg>
<doc>Fails if ``key`` is not found from ``dictionary``.</doc>
<status status="PASS" start="2024-05-22T20:15:34.523627" elapsed="0.000499"/>
</kw>
<kw name="Log" owner="BuiltIn">
<msg time="2024-05-22T20:15:34.524552" level="INFO">password</msg>
<arg>${keyTwo}</arg>
<doc>Logs the given message with the given level.</doc>
<status status="PASS" start="2024-05-22T20:15:34.524426" elapsed="0.000163"/>
</kw>
<var name="${keyTwo}">password</var>
<status status="PASS" start="2024-05-22T20:15:34.522771" elapsed="0.002033"/>
</iter>
<var>${keyTwo}</var>
<value>@{expected_keysTwo}</value>
<status status="PASS" start="2024-05-22T20:15:34.520552" elapsed="0.004372"/>
</for>
<status status="PASS" start="2024-05-22T20:15:34.395671" elapsed="0.129394"/>
</kw>
<doc>Testa a estrutura da resposta da API.</doc>
<tag>testeEstruturaResposta</tag>
<status status="PASS" start="2024-05-22T20:15:34.395023" elapsed="0.130196"/>
</test>
<test id="s1-s1-t4" name="Validar tipos de dados" line="28">
<kw name="Teste de Tipos de Dados" owner="random-user-service">
<kw name="GET On Session" owner="RequestsLibrary">
<msg time="2024-05-22T20:15:34.593118" level="INFO">GET Request : url=https://randomuser.me/api 
 path_url=/api 
 headers={'User-Agent': 'python-requests/2.32.2', 'Accept-Encoding': 'gzip, deflate', 'Accept': '*/*', 'Connection': 'keep-alive'} 
 body=None 
 </msg>
<msg time="2024-05-22T20:15:34.593181" level="INFO">GET Response : url=https://randomuser.me/api 
 status=200, reason=OK 
 headers={'Date': 'Wed, 22 May 2024 20:15:34 GMT', 'Content-Type': 'application/json; charset=utf-8', 'Transfer-Encoding': 'chunked', 'Connection': 'keep-alive', 'X-Powered-By': 'Express', 'Access-Control-Allow-Origin': '*', 'Cache-Control': 'no-cache', 'ETag': 'W/"48e-mSbzkOb4wlc73Hwh4GBNkHMIEN0"', 'Vary': 'Accept-Encoding', 'Content-Encoding': 'gzip', 'CF-Cache-Status': 'DYNAMIC', 'Report-To': '{"endpoints":[{"url":"https:\\/\\/a.nel.cloudflare.com\\/report\\/v4?s=NCAGT4KQNtbjNjZb32%2BXNCr9q7uDkmHxH1v%2B0BDDjFkeAYqCy2fla6yVfDfLT7ljwKUCSM8KHOqbZwAAMWm%2Bo14BDY2KPLEYg2HX9Hr1pO12KXewfZW8Ddx5KjFmglat"}],"group":"cf-nel","max_age":604800}', 'NEL': '{"success_fraction":0,"report_to":"cf-nel","max_age":604800}', 'Server': 'cloudflare', 'CF-RAY': '887f7aa0db641fe0-IAD', 'alt-svc': 'h3=":443"; ma=86400'} 
 body={"results":[{"gender":"female","name":{"title":"Miss","first":"Liesel","last":"Laskowski"},"location":{"street":{"number":8498,"name":"Parkstraße"},"city":"Chemnitz","state":"Sachsen-Anhalt","country":"Germany","postcode":35282,"coordinates":{"latitude":"-52.7010","longitude":"74.8649"},"timezone":{"offset":"+5:45","description":"Kathmandu"}},"email":"liesel.laskowski@example.com","login":{"uuid":"983cdb2d-49c3-4af0-bef2-c986fc5b66c4","username":"blackrabbit607","password":"yamahar1","salt":"JVnM9c75","md5":"8a2b930b7aedd6a855fac0a1a61ab1e6","sha1":"5e3a45303ef9b2b574d2762aa2bc3785347ef544","sha256":"7008a4014afeed9946dce5fd16df558442aef7d2b8465ffbd88421b73f558384"},"dob":{"date":"1974-09-22T04:34:58.082Z","age":49},"registered":{"date":"2010-04-29T17:32:26.122Z","age":14},"phone":"0737-3472242","cell":"0174-7838883","id":{"name":"SVNR","value":"81 210974 L 653"},"picture":{"large":"https://randomuser.me/api/portraits/women/95.jpg","medium":"https://randomuser.me/api/portraits/med/women/95.jpg","thumbnail":"https://randomuser.me/api/portraits/thumb/women/95.jpg"},"nat":"DE"}],"info":{"seed":"379d7d317155c46f","results":1,"page":1,"version":"1.4"}} 
 </msg>
<msg time="2024-05-22T20:15:34.593240" level="INFO">/opt/hostedtoolcache/Python/3.12.3/x64/lib/python3.12/site-packages/urllib3/connectionpool.py:1103: InsecureRequestWarning: Unverified HTTPS request is being made to host 'randomuser.me'. Adding certificate verification is strongly advised. See: https://urllib3.readthedocs.io/en/latest/advanced-usage.html#tls-warnings
  warnings.warn(</msg>
<msg time="2024-05-22T20:15:34.593330" level="INFO">${response} = &lt;Response [200]&gt;</msg>
<var>${response}</var>
<arg>consultarAPI</arg>
<arg>/api</arg>
<doc>Sends a GET request on a previously created HTTP Session.</doc>
<status status="PASS" start="2024-05-22T20:15:34.527803" elapsed="0.065568"/>
</kw>
<kw name="Set Variable" owner="BuiltIn">
<msg time="2024-05-22T20:15:34.594416" level="INFO">${json_data} = {'results': [{'gender': 'female', 'name': {'title': 'Miss', 'first': 'Liesel', 'last': 'Laskowski'}, 'location': {'street': {'number': 8498, 'name': 'Parkstraße'}, 'city': 'Chemnitz', 'state': 'Sachse...</msg>
<var>${json_data}</var>
<arg>${response.json()}</arg>
<doc>Returns the given values which can then be assigned to a variables.</doc>
<status status="PASS" start="2024-05-22T20:15:34.593838" elapsed="0.000608"/>
</kw>
<kw name="Log" owner="BuiltIn">
<msg time="2024-05-22T20:15:34.594910" level="INFO">{'results': [{'gender': 'female', 'name': {'title': 'Miss', 'first': 'Liesel', 'last': 'Laskowski'}, 'location': {'street': {'number': 8498, 'name': 'Parkstraße'}, 'city': 'Chemnitz', 'state': 'Sachsen-Anhalt', 'country': 'Germany', 'postcode': 35282, 'coordinates': {'latitude': '-52.7010', 'longitude': '74.8649'}, 'timezone': {'offset': '+5:45', 'description': 'Kathmandu'}}, 'email': 'liesel.laskowski@example.com', 'login': {'uuid': '983cdb2d-49c3-4af0-bef2-c986fc5b66c4', 'username': 'blackrabbit607', 'password': 'yamahar1', 'salt': 'JVnM9c75', 'md5': '8a2b930b7aedd6a855fac0a1a61ab1e6', 'sha1': '5e3a45303ef9b2b574d2762aa2bc3785347ef544', 'sha256': '7008a4014afeed9946dce5fd16df558442aef7d2b8465ffbd88421b73f558384'}, 'dob': {'date': '1974-09-22T04:34:58.082Z', 'age': 49}, 'registered': {'date': '2010-04-29T17:32:26.122Z', 'age': 14}, 'phone': '0737-3472242', 'cell': '0174-7838883', 'id': {'name': 'SVNR', 'value': '81 210974 L 653'}, 'picture': {'large': 'https://randomuser.me/api/portraits/women/95.jpg', 'medium': 'https://randomuser.me/api/portraits/med/women/95.jpg', 'thumbnail': 'https://randomuser.me/api/portraits/thumb/women/95.jpg'}, 'nat': 'DE'}], 'info': {'seed': '379d7d317155c46f', 'results': 1, 'page': 1, 'version': '1.4'}}</msg>
<arg>${json_data}</arg>
<doc>Logs the given message with the given level.</doc>
<status status="PASS" start="2024-05-22T20:15:34.594754" elapsed="0.000236"/>
</kw>
<kw name="Should Be String" owner="String">
<arg>${json_data['results'][0]['gender']}</arg>
<doc>Fails if the given ``item`` is not a string.</doc>
<status status="PASS" start="2024-05-22T20:15:34.595330" elapsed="0.000364"/>
</kw>
<kw name="Should Match Regexp" owner="BuiltIn">
<arg>${json_data['results'][0]['email']}</arg>
<arg>^[a-zA-Z0-9._%+-]+@[a-zA-Z0-9.-]+\.[a-zA-Z]{2,}$</arg>
<doc>Fails if ``string`` does not match ``pattern`` as a regular expression.</doc>
<status status="PASS" start="2024-05-22T20:15:34.595887" elapsed="0.000517"/>
</kw>
<kw name="Should Match Regexp" owner="BuiltIn">
<arg>${json_data['results'][0]['dob']['date']}</arg>
<arg>\\d{4}-\\d{2}-\\d{2}T\\d{2}:\\d{2}:\\d{2}\\.\\d{3}Z</arg>
<doc>Fails if ``string`` does not match ``pattern`` as a regular expression.</doc>
<status status="PASS" start="2024-05-22T20:15:34.596599" elapsed="0.000486"/>
</kw>
<kw name="Should Match Regexp" owner="BuiltIn">
<arg>${json_data['results'][0]['registered']['date']}</arg>
<arg>\\d{4}-\\d{2}-\\d{2}T\\d{2}:\\d{2}:\\d{2}\\.\\d{3}Z</arg>
<doc>Fails if ``string`` does not match ``pattern`` as a regular expression.</doc>
<status status="PASS" start="2024-05-22T20:15:34.597275" elapsed="0.000362"/>
</kw>
<kw name="Should Match Regexp" owner="BuiltIn">
<arg>${json_data['results'][0]['picture']['large']}</arg>
<arg>^https?://.*\.(?:png|jpe?g|gif|bmp)$</arg>
<doc>Fails if ``string`` does not match ``pattern`` as a regular expression.</doc>
<status status="PASS" start="2024-05-22T20:15:34.597823" elapsed="0.000453"/>
</kw>
<kw name="Should Match Regexp" owner="BuiltIn">
<arg>${json_data['results'][0]['picture']['medium']}</arg>
<arg>^https?://.*\.(?:png|jpe?g|gif|bmp)$</arg>
<doc>Fails if ``string`` does not match ``pattern`` as a regular expression.</doc>
<status status="PASS" start="2024-05-22T20:15:34.598466" elapsed="0.000359"/>
</kw>
<kw name="Should Match Regexp" owner="BuiltIn">
<arg>${json_data['results'][0]['picture']['thumbnail']}</arg>
<arg>^https?://.*\.(?:png|jpe?g|gif|bmp)$</arg>
<doc>Fails if ``string`` does not match ``pattern`` as a regular expression.</doc>
<status status="PASS" start="2024-05-22T20:15:34.599013" elapsed="0.000395"/>
</kw>
<kw name="Log" owner="BuiltIn">
<msg time="2024-05-22T20:15:34.599925" level="INFO">{'large': 'https://randomuser.me/api/portraits/women/95.jpg', 'medium': 'https://randomuser.me/api/portraits/med/women/95.jpg', 'thumbnail': 'https://randomuser.me/api/portraits/thumb/women/95.jpg'}</msg>
<arg>${json_data['results'][0]['picture']}</arg>
<doc>Logs the given message with the given level.</doc>
<status status="PASS" start="2024-05-22T20:15:34.599600" elapsed="0.000368"/>
</kw>
<status status="PASS" start="2024-05-22T20:15:34.527567" elapsed="0.072663"/>
</kw>
<kw name="Teste de Tipos de Dados - Postcode" owner="random-user-service">
<kw name="GET On Session" owner="RequestsLibrary">
<msg time="2024-05-22T20:15:34.682727" level="INFO">GET Request : url=https://randomuser.me/api 
 path_url=/api 
 headers={'User-Agent': 'python-requests/2.32.2', 'Accept-Encoding': 'gzip, deflate', 'Accept': '*/*', 'Connection': 'keep-alive'} 
 body=None 
 </msg>
<msg time="2024-05-22T20:15:34.682793" level="INFO">GET Response : url=https://randomuser.me/api 
 status=200, reason=OK 
 headers={'Date': 'Wed, 22 May 2024 20:15:34 GMT', 'Content-Type': 'application/json; charset=utf-8', 'Transfer-Encoding': 'chunked', 'Connection': 'keep-alive', 'X-Powered-By': 'Express', 'Access-Control-Allow-Origin': '*', 'Cache-Control': 'no-cache', 'ETag': 'W/"48a-XsgG8/dW+zdQ639IKiMYpzeafaw"', 'Vary': 'Accept-Encoding', 'Content-Encoding': 'gzip', 'CF-Cache-Status': 'DYNAMIC', 'Report-To': '{"endpoints":[{"url":"https:\\/\\/a.nel.cloudflare.com\\/report\\/v4?s=3e4cu3SxFKaD8XrbMAVy0dfCHTdZVoh0jJrwyDl%2BH2ppqPXUq8c%2F3UK4eZ0LONtJxfhaTNozwKq7rhliDfdWorqsAPhn3oPs2xzH%2Bxmc2%2FDFOjzsxhoQLFf4laNBfmrQ"}],"group":"cf-nel","max_age":604800}', 'NEL': '{"success_fraction":0,"report_to":"cf-nel","max_age":604800}', 'Server': 'cloudflare', 'CF-RAY': '887f7aa14c091fe0-IAD', 'alt-svc': 'h3=":443"; ma=86400'} 
 body={"results":[{"gender":"female","name":{"title":"Ms","first":"Laroê","last":"Vieira"},"location":{"street":{"number":3964,"name":"Rua Vinte E Dois "},"city":"Novo Hamburgo","state":"Rondônia","country":"Brazil","postcode":98759,"coordinates":{"latitude":"-78.9952","longitude":"80.1577"},"timezone":{"offset":"-3:30","description":"Newfoundland"}},"email":"laroe.vieira@example.com","login":{"uuid":"8fe56e9c-fc49-4ab0-920d-8adc9ff141ed","username":"smalllion707","password":"161616","salt":"YpJNRdKl","md5":"717326aa796ad81713e9470c005309b1","sha1":"3b335150631f681ee78448b1be1ad9b6daa4134d","sha256":"c0d102383088571f6c0ed7b4e8bb797c2ea4a15ceaef47f5e9e97816e9e29c09"},"dob":{"date":"1991-09-24T03:15:53.227Z","age":32},"registered":{"date":"2017-06-25T14:36:25.398Z","age":6},"phone":"(99) 0218-8573","cell":"(21) 0973-0597","id":{"name":"CPF","value":"030.131.121-72"},"picture":{"large":"https://randomuser.me/api/portraits/women/56.jpg","medium":"https://randomuser.me/api/portraits/med/women/56.jpg","thumbnail":"https://randomuser.me/api/portraits/thumb/women/56.jpg"},"nat":"BR"}],"info":{"seed":"bd4d776c83d3cf04","results":1,"page":1,"version":"1.4"}} 
 </msg>
<msg time="2024-05-22T20:15:34.682851" level="INFO">/opt/hostedtoolcache/Python/3.12.3/x64/lib/python3.12/site-packages/urllib3/connectionpool.py:1103: InsecureRequestWarning: Unverified HTTPS request is being made to host 'randomuser.me'. Adding certificate verification is strongly advised. See: https://urllib3.readthedocs.io/en/latest/advanced-usage.html#tls-warnings
  warnings.warn(</msg>
<msg time="2024-05-22T20:15:34.682944" level="INFO">${response} = &lt;Response [200]&gt;</msg>
<var>${response}</var>
<arg>consultarAPI</arg>
<arg>/api</arg>
<doc>Sends a GET request on a previously created HTTP Session.</doc>
<status status="PASS" start="2024-05-22T20:15:34.600674" elapsed="0.082309"/>
</kw>
<kw name="Set Variable" owner="BuiltIn">
<msg time="2024-05-22T20:15:34.684056" level="INFO">${json_data} = {'results': [{'gender': 'female', 'name': {'title': 'Ms', 'first': 'Laroê', 'last': 'Vieira'}, 'location': {'street': {'number': 3964, 'name': 'Rua Vinte E Dois '}, 'city': 'Novo Hamburgo', 'state': '...</msg>
<var>${json_data}</var>
<arg>${response.json()}</arg>
<doc>Returns the given values which can then be assigned to a variables.</doc>
<status status="PASS" start="2024-05-22T20:15:34.683482" elapsed="0.000603"/>
</kw>
<kw name="Log" owner="BuiltIn">
<msg time="2024-05-22T20:15:34.684551" level="INFO">{'results': [{'gender': 'female', 'name': {'title': 'Ms', 'first': 'Laroê', 'last': 'Vieira'}, 'location': {'street': {'number': 3964, 'name': 'Rua Vinte E Dois '}, 'city': 'Novo Hamburgo', 'state': 'Rondônia', 'country': 'Brazil', 'postcode': 98759, 'coordinates': {'latitude': '-78.9952', 'longitude': '80.1577'}, 'timezone': {'offset': '-3:30', 'description': 'Newfoundland'}}, 'email': 'laroe.vieira@example.com', 'login': {'uuid': '8fe56e9c-fc49-4ab0-920d-8adc9ff141ed', 'username': 'smalllion707', 'password': '161616', 'salt': 'YpJNRdKl', 'md5': '717326aa796ad81713e9470c005309b1', 'sha1': '3b335150631f681ee78448b1be1ad9b6daa4134d', 'sha256': 'c0d102383088571f6c0ed7b4e8bb797c2ea4a15ceaef47f5e9e97816e9e29c09'}, 'dob': {'date': '1991-09-24T03:15:53.227Z', 'age': 32}, 'registered': {'date': '2017-06-25T14:36:25.398Z', 'age': 6}, 'phone': '(99) 0218-8573', 'cell': '(21) 0973-0597', 'id': {'name': 'CPF', 'value': '030.131.121-72'}, 'picture': {'large': 'https://randomuser.me/api/portraits/women/56.jpg', 'medium': 'https://randomuser.me/api/portraits/med/women/56.jpg', 'thumbnail': 'https://randomuser.me/api/portraits/thumb/women/56.jpg'}, 'nat': 'BR'}], 'info': {'seed': 'bd4d776c83d3cf04', 'results': 1, 'page': 1, 'version': '1.4'}}</msg>
<arg>${json_data}</arg>
<doc>Logs the given message with the given level.</doc>
<status status="PASS" start="2024-05-22T20:15:34.684396" elapsed="0.000233"/>
</kw>
<kw name="Should Be Equal As Numbers" owner="BuiltIn">
<arg>${json_data['results'][0]['location']['postcode']}</arg>
<arg>${json_data['results'][0]['location']['postcode']}</arg>
<doc>Fails if objects are unequal after converting them to real numbers.</doc>
<status status="PASS" start="2024-05-22T20:15:34.684929" elapsed="0.000754"/>
</kw>
<kw name="Log" owner="BuiltIn">
<msg time="2024-05-22T20:15:34.686214" level="INFO">98759</msg>
<arg>${json_data['results'][0]['location']['postcode']}</arg>
<doc>Logs the given message with the given level.</doc>
<status status="PASS" start="2024-05-22T20:15:34.685879" elapsed="0.000375"/>
</kw>
<status status="PASS" start="2024-05-22T20:15:34.600447" elapsed="0.086060"/>
</kw>
<doc>Testa se os tipos de dados na resposta da API estão corretos.</doc>
<tag>testeTiposDados</tag>
<status status="PASS" start="2024-05-22T20:15:34.526977" elapsed="0.159691"/>
</test>
<test id="s1-s1-t5" name="Validar conteudo" line="35">
<kw name="Teste de Tipos de Conteudo" owner="random-user-service">
<kw name="GET On Session" owner="RequestsLibrary">
<msg time="2024-05-22T20:15:34.797705" level="INFO">GET Request : url=https://randomuser.me/api 
 path_url=/api 
 headers={'User-Agent': 'python-requests/2.32.2', 'Accept-Encoding': 'gzip, deflate', 'Accept': '*/*', 'Connection': 'keep-alive'} 
 body=None 
 </msg>
<msg time="2024-05-22T20:15:34.797795" level="INFO">GET Response : url=https://randomuser.me/api 
 status=200, reason=OK 
 headers={'Date': 'Wed, 22 May 2024 20:15:34 GMT', 'Content-Type': 'application/json; charset=utf-8', 'Transfer-Encoding': 'chunked', 'Connection': 'keep-alive', 'X-Powered-By': 'Express', 'Access-Control-Allow-Origin': '*', 'Cache-Control': 'no-cache', 'ETag': 'W/"48b-/ZNnAfG15tKMcDBIHTPCxrxGPG8"', 'Vary': 'Accept-Encoding', 'Content-Encoding': 'gzip', 'CF-Cache-Status': 'DYNAMIC', 'Report-To': '{"endpoints":[{"url":"https:\\/\\/a.nel.cloudflare.com\\/report\\/v4?s=SSkhN4nkPiotuLJ8GP8IFveFPuGQfcD0OEvy5ljphEKLZYr0%2B7YvBjS4LvdGFaLJHFeWQus3swOUtZZFxbcb04wc1CxVY3n8yEPe%2BA9vpmiZ3ww5QqSPQ1OFKxR8jVtd"}],"group":"cf-nel","max_age":604800}', 'NEL': '{"success_fraction":0,"report_to":"cf-nel","max_age":604800}', 'Server': 'cloudflare', 'CF-RAY': '887f7aa1dce71fe0-IAD', 'alt-svc': 'h3=":443"; ma=86400'} 
 body={"results":[{"gender":"male","name":{"title":"Mr","first":"Boyan","last":"Gladchuk"},"location":{"street":{"number":1570,"name":"Borovinska"},"city":"Ienakiieve","state":"Zhitomirska","country":"Ukraine","postcode":57133,"coordinates":{"latitude":"72.9627","longitude":"-98.6500"},"timezone":{"offset":"+10:00","description":"Eastern Australia, Guam, Vladivostok"}},"email":"boyan.gladchuk@example.com","login":{"uuid":"12f21438-f684-4eb1-8ef6-29da6a9f706b","username":"yellowgorilla260","password":"tupac","salt":"7BIs4SfI","md5":"c18ac6ed698c1769a4e55e209360edfe","sha1":"da93f7bcaf42d25e05c5b1e8f0bfc4cfd7885764","sha256":"62fc745193de2cc92d31792d6d8bf20041151471c185b3d405d3b99b0a5d667a"},"dob":{"date":"1979-12-21T03:34:27.478Z","age":44},"registered":{"date":"2018-08-16T15:02:30.010Z","age":5},"phone":"(068) Q59-4047","cell":"(068) N96-7647","id":{"name":"","value":null},"picture":{"large":"https://randomuser.me/api/portraits/men/65.jpg","medium":"https://randomuser.me/api/portraits/med/men/65.jpg","thumbnail":"https://randomuser.me/api/portraits/thumb/men/65.jpg"},"nat":"UA"}],"info":{"seed":"04d0052b9c4945ee","results":1,"page":1,"version":"1.4"}} 
 </msg>
<msg time="2024-05-22T20:15:34.797869" level="INFO">/opt/hostedtoolcache/Python/3.12.3/x64/lib/python3.12/site-packages/urllib3/connectionpool.py:1103: InsecureRequestWarning: Unverified HTTPS request is being made to host 'randomuser.me'. Adding certificate verification is strongly advised. See: https://urllib3.readthedocs.io/en/latest/advanced-usage.html#tls-warnings
  warnings.warn(</msg>
<msg time="2024-05-22T20:15:34.797994" level="INFO">${response} = &lt;Response [200]&gt;</msg>
<var>${response}</var>
<arg>consultarAPI</arg>
<arg>/api</arg>
<doc>Sends a GET request on a previously created HTTP Session.</doc>
<status status="PASS" start="2024-05-22T20:15:34.689180" elapsed="0.108864"/>
</kw>
<kw name="Set Variable" owner="BuiltIn">
<msg time="2024-05-22T20:15:34.799173" level="INFO">${json_data} = {'results': [{'gender': 'male', 'name': {'title': 'Mr', 'first': 'Boyan', 'last': 'Gladchuk'}, 'location': {'street': {'number': 1570, 'name': 'Borovinska'}, 'city': 'Ienakiieve', 'state': 'Zhitomirsk...</msg>
<var>${json_data}</var>
<arg>${response.json()}</arg>
<doc>Returns the given values which can then be assigned to a variables.</doc>
<status status="PASS" start="2024-05-22T20:15:34.798588" elapsed="0.000618"/>
</kw>
<kw name="Set Variable" owner="BuiltIn">
<msg time="2024-05-22T20:15:34.799897" level="INFO">${name_title} = Mr</msg>
<var>${name_title}</var>
<arg>${json_data["results"][0]["name"]["title"]}</arg>
<doc>Returns the given values which can then be assigned to a variables.</doc>
<status status="PASS" start="2024-05-22T20:15:34.799514" elapsed="0.000408"/>
</kw>
<kw name="Create List" owner="BuiltIn">
<msg time="2024-05-22T20:15:34.800366" level="INFO">${allowed_titles} = ['Mr', 'Ms', 'Miss', 'Mrs', 'Madame', 'Monsieur']</msg>
<var>${allowed_titles}</var>
<arg>Mr</arg>
<arg>Ms</arg>
<arg>Miss</arg>
<arg>Mrs</arg>
<arg>Madame</arg>
<arg>Monsieur</arg>
<doc>Returns a list containing given items.</doc>
<status status="PASS" start="2024-05-22T20:15:34.800220" elapsed="0.000170"/>
</kw>
<kw name="List Should Contain Value" owner="Collections">
<msg time="2024-05-22T20:15:34.800857" level="INFO">False</msg>
<arg>${allowed_titles}</arg>
<arg>${name_title}</arg>
<doc>Fails if the ``value`` is not found from ``list``.</doc>
<status status="PASS" start="2024-05-22T20:15:34.800685" elapsed="0.000207"/>
</kw>
<kw name="Set Variable" owner="BuiltIn">
<msg time="2024-05-22T20:15:34.801557" level="INFO">${name_country} = UA</msg>
<var>${name_country}</var>
<arg>${json_data["results"][0]["nat"]}</arg>
<doc>Returns the given values which can then be assigned to a variables.</doc>
<status status="PASS" start="2024-05-22T20:15:34.801176" elapsed="0.000405"/>
</kw>
<kw name="Create List" owner="BuiltIn">
<msg time="2024-05-22T20:15:34.802468" level="INFO">${list_country} = ['AD', 'AE', 'AF', 'AG', 'AI', 'AL', 'AM', 'AO', 'AQ', 'AR', 'AS', 'AT', 'AU', 'AW', 'AX', 'AZ', 'BA', 'BB', 'BD', 'BE', 'BF', 'BG', 'BH', 'BI', 'BJ', 'BL', 'BM', 'BN', 'BO', 'BQ', 'BR', 'BS', 'BT', '...</msg>
<var>${list_country}</var>
<arg>AD</arg>
<arg>AE</arg>
<arg>AF</arg>
<arg>AG</arg>
<arg>AI</arg>
<arg>AL</arg>
<arg>AM</arg>
<arg>AO</arg>
<arg>AQ</arg>
<arg>AR</arg>
<arg>AS</arg>
<arg>AT</arg>
<arg>AU</arg>
<arg>AW</arg>
<arg>AX</arg>
<arg>AZ</arg>
<arg>BA</arg>
<arg>BB</arg>
<arg>BD</arg>
<arg>BE</arg>
<arg>BF</arg>
<arg>BG</arg>
<arg>BH</arg>
<arg>BI</arg>
<arg>BJ</arg>
<arg>BL</arg>
<arg>BM</arg>
<arg>BN</arg>
<arg>BO</arg>
<arg>BQ</arg>
<arg>BR</arg>
<arg>BS</arg>
<arg>BT</arg>
<arg>BV</arg>
<arg>BW</arg>
<arg>BY</arg>
<arg>BZ</arg>
<arg>CA</arg>
<arg>CC</arg>
<arg>CD</arg>
<arg>CF</arg>
<arg>CG</arg>
<arg>CH</arg>
<arg>CI</arg>
<arg>CK</arg>
<arg>CL</arg>
<arg>CM</arg>
<arg>CN</arg>
<arg>CO</arg>
<arg>CR</arg>
<arg>CU</arg>
<arg>CV</arg>
<arg>CW</arg>
<arg>CX</arg>
<arg>CY</arg>
<arg>CZ</arg>
<arg>DE</arg>
<arg>DJ</arg>
<arg>DK</arg>
<arg>DM</arg>
<arg>DO</arg>
<arg>DZ</arg>
<arg>EC</arg>
<arg>EE</arg>
<arg>EG</arg>
<arg>EH</arg>
<arg>ER</arg>
<arg>ES</arg>
<arg>ET</arg>
<arg>FI</arg>
<arg>FJ</arg>
<arg>FK</arg>
<arg>FM</arg>
<arg>FO</arg>
<arg>FR</arg>
<arg>GA</arg>
<arg>GB</arg>
<arg>GD</arg>
<arg>GE</arg>
<arg>GF</arg>
<arg>GG</arg>
<arg>GH</arg>
<arg>GI</arg>
<arg>GL</arg>
<arg>GM</arg>
<arg>GN</arg>
<arg>GP</arg>
<arg>GQ</arg>
<arg>GR</arg>
<arg>GS</arg>
<arg>GT</arg>
<arg>GU</arg>
<arg>GW</arg>
<arg>GY</arg>
<arg>HK</arg>
<arg>HM</arg>
<arg>HN</arg>
<arg>HR</arg>
<arg>HT</arg>
<arg>HU</arg>
<arg>ID</arg>
<arg>IE</arg>
<arg>IL</arg>
<arg>IM</arg>
<arg>IN</arg>
<arg>IO</arg>
<arg>IQ</arg>
<arg>IR</arg>
<arg>IS</arg>
<arg>IT</arg>
<arg>JE</arg>
<arg>JM</arg>
<arg>JO</arg>
<arg>JP</arg>
<arg>KE</arg>
<arg>KG</arg>
<arg>KH</arg>
<arg>KI</arg>
<arg>KM</arg>
<arg>KN</arg>
<arg>KP</arg>
<arg>KR</arg>
<arg>KW</arg>
<arg>KY</arg>
<arg>KZ</arg>
<arg>LA</arg>
<arg>LB</arg>
<arg>LC</arg>
<arg>LI</arg>
<arg>LK</arg>
<arg>LR</arg>
<arg>LS</arg>
<arg>LT</arg>
<arg>LU</arg>
<arg>LV</arg>
<arg>LY</arg>
<arg>MA</arg>
<arg>MC</arg>
<arg>MD</arg>
<arg>ME</arg>
<arg>MF</arg>
<arg>MG</arg>
<arg>MH</arg>
<arg>MK</arg>
<arg>ML</arg>
<arg>MM</arg>
<arg>MN</arg>
<arg>MO</arg>
<arg>MP</arg>
<arg>MQ</arg>
<arg>MR</arg>
<arg>MS</arg>
<arg>MT</arg>
<arg>MU</arg>
<arg>MV</arg>
<arg>MW</arg>
<arg>MX</arg>
<arg>MY</arg>
<arg>MZ</arg>
<arg>NA</arg>
<arg>NC</arg>
<arg>NE</arg>
<arg>NF</arg>
<arg>NG</arg>
<arg>NI</arg>
<arg>NL</arg>
<arg>NO</arg>
<arg>NP</arg>
<arg>NR</arg>
<arg>NU</arg>
<arg>NZ</arg>
<arg>OM</arg>
<arg>PA</arg>
<arg>PE</arg>
<arg>PF</arg>
<arg>PG</arg>
<arg>PH</arg>
<arg>PK</arg>
<arg>PL</arg>
<arg>PM</arg>
<arg>PN</arg>
<arg>PR</arg>
<arg>PS</arg>
<arg>PT</arg>
<arg>PW</arg>
<arg>PY</arg>
<arg>QA</arg>
<arg>RE</arg>
<arg>RO</arg>
<arg>RS</arg>
<arg>RU</arg>
<arg>RW</arg>
<arg>SA</arg>
<arg>SB</arg>
<arg>SC</arg>
<arg>SD</arg>
<arg>SE</arg>
<arg>SG</arg>
<arg>SH</arg>
<arg>SI</arg>
<arg>SJ</arg>
<arg>SK</arg>
<arg>SL</arg>
<arg>SM</arg>
<arg>SN</arg>
<arg>SO</arg>
<arg>SR</arg>
<arg>SS</arg>
<arg>ST</arg>
<arg>SV</arg>
<arg>SX</arg>
<arg>SY</arg>
<arg>SZ</arg>
<arg>TC</arg>
<arg>TD</arg>
<arg>TF</arg>
<arg>TG</arg>
<arg>TH</arg>
<arg>TJ</arg>
<arg>TK</arg>
<arg>TL</arg>
<arg>TM</arg>
<arg>TN</arg>
<arg>TO</arg>
<arg>TR</arg>
<arg>TT</arg>
<arg>TV</arg>
<arg>TW</arg>
<arg>TZ</arg>
<arg>UA</arg>
<arg>UG</arg>
<arg>UM</arg>
<arg>US</arg>
<arg>UY</arg>
<arg>UZ</arg>
<arg>VA</arg>
<arg>VC</arg>
<arg>VE</arg>
<arg>VG</arg>
<arg>VI</arg>
<arg>VN</arg>
<arg>VU</arg>
<arg>WF</arg>
<arg>WS</arg>
<arg>XK</arg>
<arg>YE</arg>
<arg>YT</arg>
<arg>ZA</arg>
<arg>ZM</arg>
<arg>ZW</arg>
<doc>Returns a list containing given items.</doc>
<status status="PASS" start="2024-05-22T20:15:34.801877" elapsed="0.000616"/>
</kw>
<kw name="List Should Contain Value" owner="Collections">
<msg time="2024-05-22T20:15:34.803506" level="INFO">False</msg>
<arg>${list_country}</arg>
<arg>${name_country}</arg>
<doc>Fails if the ``value`` is not found from ``list``.</doc>
<status status="PASS" start="2024-05-22T20:15:34.803302" elapsed="0.000240"/>
</kw>
<kw name="Run Keyword If" owner="BuiltIn">
<kw name="Should Be True" owner="BuiltIn">
<arg>${True}</arg>
<doc>Fails if the given condition is not true.</doc>
<status status="PASS" start="2024-05-22T20:15:34.804596" elapsed="0.000143"/>
</kw>
<arg>${json_data["results"][0]["location"]["coordinates"]["latitude"]} &gt;= -90 and ${json_data["results"][0]["location"]["coordinates"]["latitude"]} &lt;= 90</arg>
<arg>Should Be True</arg>
<arg>${True}</arg>
<doc>Runs the given keyword with the given arguments, if ``condition`` is true.</doc>
<status status="PASS" start="2024-05-22T20:15:34.803846" elapsed="0.001017"/>
</kw>
<kw name="Run Keyword If" owner="BuiltIn">
<kw name="Should Be True" owner="BuiltIn">
<arg>${True}</arg>
<doc>Fails if the given condition is not true.</doc>
<status status="PASS" start="2024-05-22T20:15:34.805724" elapsed="0.000249"/>
</kw>
<arg>${json_data["results"][0]["location"]["coordinates"]["longitude"]} &gt;= -180 and ${json_data["results"][0]["location"]["coordinates"]["longitude"]} &lt;= 180</arg>
<arg>Should Be True</arg>
<arg>${True}</arg>
<doc>Runs the given keyword with the given arguments, if ``condition`` is true.</doc>
<status status="PASS" start="2024-05-22T20:15:34.805044" elapsed="0.001055"/>
</kw>
<status status="PASS" start="2024-05-22T20:15:34.688957" elapsed="0.117271"/>
</kw>
<doc>Testa o conteúdo específico dos campos retornados pela API.</doc>
<tag>testeConteudo</tag>
<status status="PASS" start="2024-05-22T20:15:34.688439" elapsed="0.117936"/>
</test>
<status status="PASS" start="2024-05-22T20:15:33.835277" elapsed="0.973108"/>
</suite>
<status status="PASS" start="2024-05-22T20:15:33.821878" elapsed="0.991745"/>
</suite>
<statistics>
<total>
<stat pass="5" fail="0" skip="0">All Tests</stat>
</total>
<tag>
<stat pass="1" fail="0" skip="0">testeConteudo</stat>
<stat pass="1" fail="0" skip="0">testeEstruturaResposta</stat>
<stat pass="1" fail="0" skip="0">testeRequisicaoBasica</stat>
<stat pass="1" fail="0" skip="0">testeTiposDados</stat>
</tag>
<suite>
<stat pass="5" fail="0" skip="0" id="s1" name="Tests">Tests</stat>
<stat pass="5" fail="0" skip="0" id="s1-s1" name="Random-User-Test">Tests.Random-User-Test</stat>
</suite>
</statistics>
<errors>
</errors>
</robot>
