<?xml version="1.0" encoding="UTF-8"?>
<robot generator="Robot 7.0.1 (Python 3.12.4 on linux)" generated="2024-08-06T18:21:48.749884" rpa="false" schemaversion="5">
<suite id="s1" name="Tests" source="/home/runner/work/ApiRandomUser/ApiRandomUser/RamdonUser/tests">
<suite id="s1-s1" name="Random-User-Test" source="/home/runner/work/ApiRandomUser/ApiRandomUser/RamdonUser/tests/random-user-test.robot">
<test id="s1-s1-t1" name="Conectar" line="13">
<kw name="Conectar API" owner="random-user-service">
<kw name="Create Session" owner="RequestsLibrary">
<msg time="2024-08-06T18:21:49.192767" level="INFO">Creating Session using : alias=consultarAPI, url=https://randomuser.me/, headers={},                     cookies={}, auth=None, timeout=None, proxies=None, verify=False,                     debug=0 </msg>
<arg>consultarAPI</arg>
<arg>${URL}</arg>
<doc>Create Session: create a HTTP session to a server</doc>
<status status="PASS" start="2024-08-06T18:21:49.192548" elapsed="0.000417"/>
</kw>
<status status="PASS" start="2024-08-06T18:21:49.191479" elapsed="0.001869"/>
</kw>
<status status="PASS" start="2024-08-06T18:21:49.190837" elapsed="0.002714"/>
</test>
<test id="s1-s1-t2" name="Validar retorno 200 e JSON Válido" line="16">
<kw name="Teste de Requisicao Basica" owner="random-user-service">
<kw name="GET On Session" owner="RequestsLibrary">
<msg time="2024-08-06T18:21:49.413776" level="INFO">GET Request : url=https://randomuser.me/api 
 path_url=/api 
 headers={'User-Agent': 'python-requests/2.32.3', 'Accept-Encoding': 'gzip, deflate', 'Accept': '*/*', 'Connection': 'keep-alive'} 
 body=None 
 </msg>
<msg time="2024-08-06T18:21:49.413936" level="INFO">GET Response : url=https://randomuser.me/api 
 status=200, reason=OK 
 headers={'Date': 'Tue, 06 Aug 2024 18:21:49 GMT', 'Content-Type': 'application/json; charset=utf-8', 'Transfer-Encoding': 'chunked', 'Connection': 'keep-alive', 'X-Powered-By': 'Express', 'Access-Control-Allow-Origin': '*', 'Cache-Control': 'no-cache', 'ETag': 'W/"4a9-k5wsmViZW3nEVuIjViB4n+dx75M"', 'Vary': 'Accept-Encoding', 'Content-Encoding': 'gzip', 'CF-Cache-Status': 'DYNAMIC', 'Report-To': '{"endpoints":[{"url":"https:\\/\\/a.nel.cloudflare.com\\/report\\/v4?s=uQP4oAWqDUuH4Ldf8aBZIz0SDrD5vXPuKiHv88FSQbMr0DLEYHcH86ABaqILbtWwmEBRYAv7RBsA4vD0YrdQ9uBULLU3Uce41XZIgfzsnoQI2uVzz7Izk57I0Shzh%2FTn"}],"group":"cf-nel","max_age":604800}', 'NEL': '{"success_fraction":0,"report_to":"cf-nel","max_age":604800}', 'Server': 'cloudflare', 'CF-RAY': '8af10c7f0ac47d80-LAX', 'alt-svc': 'h3=":443"; ma=86400'} 
 body={"results":[{"gender":"female","name":{"title":"Miss","first":"Eden","last":"Blanchard"},"location":{"street":{"number":7570,"name":"Rue Paul Bert"},"city":"Paris","state":"Martinique","country":"France","postcode":37201,"coordinates":{"latitude":"-20.4865","longitude":"110.1974"},"timezone":{"offset":"+11:00","description":"Magadan, Solomon Islands, New Caledonia"}},"email":"eden.blanchard@example.com","login":{"uuid":"413fcfaa-4cb7-4bd9-b41a-b2a483055748","username":"purplepeacock233","password":"bacon","salt":"XRDT1JBs","md5":"4904a8719612d1afda42bb24c0b304a8","sha1":"a9b914e83690ae5b3d9623ffc3fd3b3422b88a41","sha256":"d55307a95e308444c44c80f6a142dcaa69e837144f875e6d5c3fcd232c32d510"},"dob":{"date":"1981-09-14T09:53:25.970Z","age":42},"registered":{"date":"2007-06-11T02:45:40.201Z","age":17},"phone":"02-03-34-25-77","cell":"06-69-06-01-05","id":{"name":"INSEE","value":"2810899345820 64"},"picture":{"large":"https://randomuser.me/api/portraits/women/50.jpg","medium":"https://randomuser.me/api/portraits/med/women/50.jpg","thumbnail":"https://randomuser.me/api/portraits/thumb/women/50.jpg"},"nat":"FR"}],"info":{"seed":"58a285310b5af755","results":1,"page":1,"version":"1.4"}} 
 </msg>
<msg time="2024-08-06T18:21:49.414017" level="INFO">/opt/hostedtoolcache/Python/3.12.4/x64/lib/python3.12/site-packages/urllib3/connectionpool.py:1099: InsecureRequestWarning: Unverified HTTPS request is being made to host 'randomuser.me'. Adding certificate verification is strongly advised. See: https://urllib3.readthedocs.io/en/latest/advanced-usage.html#tls-warnings
  warnings.warn(</msg>
<msg time="2024-08-06T18:21:49.414182" level="INFO">${response} = &lt;Response [200]&gt;</msg>
<var>${response}</var>
<arg>consultarAPI</arg>
<arg>/api</arg>
<doc>Sends a GET request on a previously created HTTP Session.</doc>
<status status="PASS" start="2024-08-06T18:21:49.196151" elapsed="0.218064"/>
</kw>
<kw name="Should Be Equal As Numbers" owner="BuiltIn">
<msg time="2024-08-06T18:21:49.415198" level="INFO">Argument types are:
&lt;class 'int'&gt;
&lt;class 'str'&gt;</msg>
<arg>${response.status_code}</arg>
<arg>200</arg>
<doc>Fails if objects are unequal after converting them to real numbers.</doc>
<status status="PASS" start="2024-08-06T18:21:49.414746" elapsed="0.000564"/>
</kw>
<kw name="Log" owner="BuiltIn">
<msg time="2024-08-06T18:21:49.415989" level="INFO">200</msg>
<arg>${response.status_code}</arg>
<doc>Logs the given message with the given level.</doc>
<status status="PASS" start="2024-08-06T18:21:49.415626" elapsed="0.000404"/>
</kw>
<kw name="Set Variable" owner="BuiltIn">
<msg time="2024-08-06T18:21:49.416776" level="INFO">${json_data} = {'results': [{'gender': 'female', 'name': {'title': 'Miss', 'first': 'Eden', 'last': 'Blanchard'}, 'location': {'street': {'number': 7570, 'name': 'Rue Paul Bert'}, 'city': 'Paris', 'state': 'Martiniq...</msg>
<var>${json_data}</var>
<arg>${response.json()}</arg>
<doc>Returns the given values which can then be assigned to a variables.</doc>
<status status="PASS" start="2024-08-06T18:21:49.416334" elapsed="0.000472"/>
</kw>
<kw name="Dictionary Should Contain Key" owner="Collections">
<arg>${json_data}</arg>
<arg>results</arg>
<doc>Fails if ``key`` is not found from ``dictionary``.</doc>
<status status="PASS" start="2024-08-06T18:21:49.417101" elapsed="0.000322"/>
</kw>
<status status="PASS" start="2024-08-06T18:21:49.195894" elapsed="0.221681"/>
</kw>
<doc>Testa se a API responde corretamente e retorna um objeto JSON válido.</doc>
<tag>testeRequisicaoBasica</tag>
<status status="PASS" start="2024-08-06T18:21:49.195425" elapsed="0.222322"/>
</test>
<test id="s1-s1-t3" name="Validar estrutura de resposta" line="22">
<kw name="Teste de Estrutura de Resposta" owner="random-user-service">
<kw name="GET On Session" owner="RequestsLibrary">
<msg time="2024-08-06T18:21:49.533955" level="INFO">GET Request : url=https://randomuser.me/api 
 path_url=/api 
 headers={'User-Agent': 'python-requests/2.32.3', 'Accept-Encoding': 'gzip, deflate', 'Accept': '*/*', 'Connection': 'keep-alive'} 
 body=None 
 </msg>
<msg time="2024-08-06T18:21:49.534061" level="INFO">GET Response : url=https://randomuser.me/api 
 status=200, reason=OK 
 headers={'Date': 'Tue, 06 Aug 2024 18:21:49 GMT', 'Content-Type': 'application/json; charset=utf-8', 'Transfer-Encoding': 'chunked', 'Connection': 'keep-alive', 'X-Powered-By': 'Express', 'Access-Control-Allow-Origin': '*', 'Cache-Control': 'no-cache', 'ETag': 'W/"481-DrgzKCMVUddqaBgOHxkWALLnBM4"', 'Vary': 'Accept-Encoding', 'Content-Encoding': 'gzip', 'CF-Cache-Status': 'DYNAMIC', 'Report-To': '{"endpoints":[{"url":"https:\\/\\/a.nel.cloudflare.com\\/report\\/v4?s=pD2iz0XuizXxhBHGirg8IjTsrLotuJjVQdjMKmCRr3MfeMjyEJnFec8kAG%2BBI3kBNyrCE6A0Nw1oGz31Lf1VBxA75gYC3n83AcUh5tef63MeyuzVf5yYvtnpcXknnZLq"}],"group":"cf-nel","max_age":604800}', 'NEL': '{"success_fraction":0,"report_to":"cf-nel","max_age":604800}', 'Server': 'cloudflare', 'CF-RAY': '8af10c7fec307d80-LAX', 'alt-svc': 'h3=":443"; ma=86400'} 
 body={"results":[{"gender":"female","name":{"title":"Mrs","first":"Sofie","last":"Møller"},"location":{"street":{"number":9487,"name":"Smedevej"},"city":"Roedovre","state":"Danmark","country":"Denmark","postcode":41877,"coordinates":{"latitude":"-38.7912","longitude":"31.9434"},"timezone":{"offset":"-3:00","description":"Brazil, Buenos Aires, Georgetown"}},"email":"sofie.moller@example.com","login":{"uuid":"e865fca0-57cc-4750-bc96-0d7e575f52b0","username":"happybear862","password":"magick","salt":"EUWBwcCY","md5":"4034d022e216f59093dcdd4d510ce166","sha1":"cf57f2dfc2f23967436676929304c59808954a79","sha256":"8870c06f080907576a845e3ed6e047cf466ee2a9a3baaa9f9278052b8f05c2d9"},"dob":{"date":"1972-03-19T15:14:08.435Z","age":52},"registered":{"date":"2020-04-28T03:55:12.735Z","age":4},"phone":"43931703","cell":"58551757","id":{"name":"CPR","value":"190372-1673"},"picture":{"large":"https://randomuser.me/api/portraits/women/34.jpg","medium":"https://randomuser.me/api/portraits/med/women/34.jpg","thumbnail":"https://randomuser.me/api/portraits/thumb/women/34.jpg"},"nat":"DK"}],"info":{"seed":"da341bc5269be879","results":1,"page":1,"version":"1.4"}} 
 </msg>
<msg time="2024-08-06T18:21:49.534193" level="INFO">/opt/hostedtoolcache/Python/3.12.4/x64/lib/python3.12/site-packages/urllib3/connectionpool.py:1099: InsecureRequestWarning: Unverified HTTPS request is being made to host 'randomuser.me'. Adding certificate verification is strongly advised. See: https://urllib3.readthedocs.io/en/latest/advanced-usage.html#tls-warnings
  warnings.warn(</msg>
<msg time="2024-08-06T18:21:49.534337" level="INFO">${response} = &lt;Response [200]&gt;</msg>
<var>${response}</var>
<arg>consultarAPI</arg>
<arg>/api</arg>
<doc>Sends a GET request on a previously created HTTP Session.</doc>
<status status="PASS" start="2024-08-06T18:21:49.420359" elapsed="0.114020"/>
</kw>
<kw name="Set Variable" owner="BuiltIn">
<msg time="2024-08-06T18:21:49.535494" level="INFO">${json_data} = {'results': [{'gender': 'female', 'name': {'title': 'Mrs', 'first': 'Sofie', 'last': 'Møller'}, 'location': {'street': {'number': 9487, 'name': 'Smedevej'}, 'city': 'Roedovre', 'state': 'Danmark', 'co...</msg>
<var>${json_data}</var>
<arg>${response.json()}</arg>
<doc>Returns the given values which can then be assigned to a variables.</doc>
<status status="PASS" start="2024-08-06T18:21:49.534933" elapsed="0.000591"/>
</kw>
<kw name="Log" owner="BuiltIn">
<msg time="2024-08-06T18:21:49.535990" level="INFO">{'results': [{'gender': 'female', 'name': {'title': 'Mrs', 'first': 'Sofie', 'last': 'Møller'}, 'location': {'street': {'number': 9487, 'name': 'Smedevej'}, 'city': 'Roedovre', 'state': 'Danmark', 'country': 'Denmark', 'postcode': 41877, 'coordinates': {'latitude': '-38.7912', 'longitude': '31.9434'}, 'timezone': {'offset': '-3:00', 'description': 'Brazil, Buenos Aires, Georgetown'}}, 'email': 'sofie.moller@example.com', 'login': {'uuid': 'e865fca0-57cc-4750-bc96-0d7e575f52b0', 'username': 'happybear862', 'password': 'magick', 'salt': 'EUWBwcCY', 'md5': '4034d022e216f59093dcdd4d510ce166', 'sha1': 'cf57f2dfc2f23967436676929304c59808954a79', 'sha256': '8870c06f080907576a845e3ed6e047cf466ee2a9a3baaa9f9278052b8f05c2d9'}, 'dob': {'date': '1972-03-19T15:14:08.435Z', 'age': 52}, 'registered': {'date': '2020-04-28T03:55:12.735Z', 'age': 4}, 'phone': '43931703', 'cell': '58551757', 'id': {'name': 'CPR', 'value': '190372-1673'}, 'picture': {'large': 'https://randomuser.me/api/portraits/women/34.jpg', 'medium': 'https://randomuser.me/api/portraits/med/women/34.jpg', 'thumbnail': 'https://randomuser.me/api/portraits/thumb/women/34.jpg'}, 'nat': 'DK'}], 'info': {'seed': 'da341bc5269be879', 'results': 1, 'page': 1, 'version': '1.4'}}</msg>
<arg>${json_data}</arg>
<doc>Logs the given message with the given level.</doc>
<status status="PASS" start="2024-08-06T18:21:49.535831" elapsed="0.000207"/>
</kw>
<kw name="Dictionary Should Contain Key" owner="Collections">
<arg>${json_data}</arg>
<arg>results</arg>
<doc>Fails if ``key`` is not found from ``dictionary``.</doc>
<status status="PASS" start="2024-08-06T18:21:49.536331" elapsed="0.000170"/>
</kw>
<kw name="Should Not Be Empty" owner="BuiltIn">
<msg time="2024-08-06T18:21:49.536807" level="INFO">Length is 2.</msg>
<arg>${json_data}</arg>
<doc>Verifies that the given item is not empty.</doc>
<status status="PASS" start="2024-08-06T18:21:49.536682" elapsed="0.000162"/>
</kw>
<kw name="Create List" owner="BuiltIn">
<msg time="2024-08-06T18:21:49.537269" level="INFO">${expected_keys} = ['gender', 'name', 'location', 'email', 'login']</msg>
<var>${expected_keys}</var>
<arg>gender</arg>
<arg>name</arg>
<arg>location</arg>
<arg>email</arg>
<arg>login</arg>
<doc>Returns a list containing given items.</doc>
<status status="PASS" start="2024-08-06T18:21:49.537125" elapsed="0.000167"/>
</kw>
<for flavor="IN">
<iter>
<kw name="Dictionary Should Contain Key" owner="Collections">
<arg>${json_data['results'][0]}</arg>
<arg>${key}</arg>
<doc>Fails if ``key`` is not found from ``dictionary``.</doc>
<status status="PASS" start="2024-08-06T18:21:49.537864" elapsed="0.000408"/>
</kw>
<kw name="Log" owner="BuiltIn">
<msg time="2024-08-06T18:21:49.538855" level="INFO">{'gender': 'female', 'name': {'title': 'Mrs', 'first': 'Sofie', 'last': 'Møller'}, 'location': {'street': {'number': 9487, 'name': 'Smedevej'}, 'city': 'Roedovre', 'state': 'Danmark', 'country': 'Denmark', 'postcode': 41877, 'coordinates': {'latitude': '-38.7912', 'longitude': '31.9434'}, 'timezone': {'offset': '-3:00', 'description': 'Brazil, Buenos Aires, Georgetown'}}, 'email': 'sofie.moller@example.com', 'login': {'uuid': 'e865fca0-57cc-4750-bc96-0d7e575f52b0', 'username': 'happybear862', 'password': 'magick', 'salt': 'EUWBwcCY', 'md5': '4034d022e216f59093dcdd4d510ce166', 'sha1': 'cf57f2dfc2f23967436676929304c59808954a79', 'sha256': '8870c06f080907576a845e3ed6e047cf466ee2a9a3baaa9f9278052b8f05c2d9'}, 'dob': {'date': '1972-03-19T15:14:08.435Z', 'age': 52}, 'registered': {'date': '2020-04-28T03:55:12.735Z', 'age': 4}, 'phone': '43931703', 'cell': '58551757', 'id': {'name': 'CPR', 'value': '190372-1673'}, 'picture': {'large': 'https://randomuser.me/api/portraits/women/34.jpg', 'medium': 'https://randomuser.me/api/portraits/med/women/34.jpg', 'thumbnail': 'https://randomuser.me/api/portraits/thumb/women/34.jpg'}, 'nat': 'DK'}</msg>
<arg>${json_data['results'][0]}</arg>
<doc>Logs the given message with the given level.</doc>
<status status="PASS" start="2024-08-06T18:21:49.538489" elapsed="0.000415"/>
</kw>
<kw name="Log" owner="BuiltIn">
<msg time="2024-08-06T18:21:49.539352" level="INFO">gender</msg>
<arg>${key}</arg>
<doc>Logs the given message with the given level.</doc>
<status status="PASS" start="2024-08-06T18:21:49.539197" elapsed="0.000192"/>
</kw>
<var name="${key}">gender</var>
<status status="PASS" start="2024-08-06T18:21:49.537744" elapsed="0.001860"/>
</iter>
<iter>
<kw name="Dictionary Should Contain Key" owner="Collections">
<arg>${json_data['results'][0]}</arg>
<arg>${key}</arg>
<doc>Fails if ``key`` is not found from ``dictionary``.</doc>
<status status="PASS" start="2024-08-06T18:21:49.539899" elapsed="0.000387"/>
</kw>
<kw name="Log" owner="BuiltIn">
<msg time="2024-08-06T18:21:49.540824" level="INFO">{'gender': 'female', 'name': {'title': 'Mrs', 'first': 'Sofie', 'last': 'Møller'}, 'location': {'street': {'number': 9487, 'name': 'Smedevej'}, 'city': 'Roedovre', 'state': 'Danmark', 'country': 'Denmark', 'postcode': 41877, 'coordinates': {'latitude': '-38.7912', 'longitude': '31.9434'}, 'timezone': {'offset': '-3:00', 'description': 'Brazil, Buenos Aires, Georgetown'}}, 'email': 'sofie.moller@example.com', 'login': {'uuid': 'e865fca0-57cc-4750-bc96-0d7e575f52b0', 'username': 'happybear862', 'password': 'magick', 'salt': 'EUWBwcCY', 'md5': '4034d022e216f59093dcdd4d510ce166', 'sha1': 'cf57f2dfc2f23967436676929304c59808954a79', 'sha256': '8870c06f080907576a845e3ed6e047cf466ee2a9a3baaa9f9278052b8f05c2d9'}, 'dob': {'date': '1972-03-19T15:14:08.435Z', 'age': 52}, 'registered': {'date': '2020-04-28T03:55:12.735Z', 'age': 4}, 'phone': '43931703', 'cell': '58551757', 'id': {'name': 'CPR', 'value': '190372-1673'}, 'picture': {'large': 'https://randomuser.me/api/portraits/women/34.jpg', 'medium': 'https://randomuser.me/api/portraits/med/women/34.jpg', 'thumbnail': 'https://randomuser.me/api/portraits/thumb/women/34.jpg'}, 'nat': 'DK'}</msg>
<arg>${json_data['results'][0]}</arg>
<doc>Logs the given message with the given level.</doc>
<status status="PASS" start="2024-08-06T18:21:49.540467" elapsed="0.000439"/>
</kw>
<kw name="Log" owner="BuiltIn">
<msg time="2024-08-06T18:21:49.541330" level="INFO">name</msg>
<arg>${key}</arg>
<doc>Logs the given message with the given level.</doc>
<status status="PASS" start="2024-08-06T18:21:49.541205" elapsed="0.000163"/>
</kw>
<var name="${key}">name</var>
<status status="PASS" start="2024-08-06T18:21:49.539785" elapsed="0.001795"/>
</iter>
<iter>
<kw name="Dictionary Should Contain Key" owner="Collections">
<arg>${json_data['results'][0]}</arg>
<arg>${key}</arg>
<doc>Fails if ``key`` is not found from ``dictionary``.</doc>
<status status="PASS" start="2024-08-06T18:21:49.541860" elapsed="0.000374"/>
</kw>
<kw name="Log" owner="BuiltIn">
<msg time="2024-08-06T18:21:49.542769" level="INFO">{'gender': 'female', 'name': {'title': 'Mrs', 'first': 'Sofie', 'last': 'Møller'}, 'location': {'street': {'number': 9487, 'name': 'Smedevej'}, 'city': 'Roedovre', 'state': 'Danmark', 'country': 'Denmark', 'postcode': 41877, 'coordinates': {'latitude': '-38.7912', 'longitude': '31.9434'}, 'timezone': {'offset': '-3:00', 'description': 'Brazil, Buenos Aires, Georgetown'}}, 'email': 'sofie.moller@example.com', 'login': {'uuid': 'e865fca0-57cc-4750-bc96-0d7e575f52b0', 'username': 'happybear862', 'password': 'magick', 'salt': 'EUWBwcCY', 'md5': '4034d022e216f59093dcdd4d510ce166', 'sha1': 'cf57f2dfc2f23967436676929304c59808954a79', 'sha256': '8870c06f080907576a845e3ed6e047cf466ee2a9a3baaa9f9278052b8f05c2d9'}, 'dob': {'date': '1972-03-19T15:14:08.435Z', 'age': 52}, 'registered': {'date': '2020-04-28T03:55:12.735Z', 'age': 4}, 'phone': '43931703', 'cell': '58551757', 'id': {'name': 'CPR', 'value': '190372-1673'}, 'picture': {'large': 'https://randomuser.me/api/portraits/women/34.jpg', 'medium': 'https://randomuser.me/api/portraits/med/women/34.jpg', 'thumbnail': 'https://randomuser.me/api/portraits/thumb/women/34.jpg'}, 'nat': 'DK'}</msg>
<arg>${json_data['results'][0]}</arg>
<doc>Logs the given message with the given level.</doc>
<status status="PASS" start="2024-08-06T18:21:49.542416" elapsed="0.000404"/>
</kw>
<kw name="Log" owner="BuiltIn">
<msg time="2024-08-06T18:21:49.543280" level="INFO">location</msg>
<arg>${key}</arg>
<doc>Logs the given message with the given level.</doc>
<status status="PASS" start="2024-08-06T18:21:49.543119" elapsed="0.000211"/>
</kw>
<var name="${key}">location</var>
<status status="PASS" start="2024-08-06T18:21:49.541752" elapsed="0.001800"/>
</iter>
<iter>
<kw name="Dictionary Should Contain Key" owner="Collections">
<arg>${json_data['results'][0]}</arg>
<arg>${key}</arg>
<doc>Fails if ``key`` is not found from ``dictionary``.</doc>
<status status="PASS" start="2024-08-06T18:21:49.543832" elapsed="0.000381"/>
</kw>
<kw name="Log" owner="BuiltIn">
<msg time="2024-08-06T18:21:49.544884" level="INFO">{'gender': 'female', 'name': {'title': 'Mrs', 'first': 'Sofie', 'last': 'Møller'}, 'location': {'street': {'number': 9487, 'name': 'Smedevej'}, 'city': 'Roedovre', 'state': 'Danmark', 'country': 'Denmark', 'postcode': 41877, 'coordinates': {'latitude': '-38.7912', 'longitude': '31.9434'}, 'timezone': {'offset': '-3:00', 'description': 'Brazil, Buenos Aires, Georgetown'}}, 'email': 'sofie.moller@example.com', 'login': {'uuid': 'e865fca0-57cc-4750-bc96-0d7e575f52b0', 'username': 'happybear862', 'password': 'magick', 'salt': 'EUWBwcCY', 'md5': '4034d022e216f59093dcdd4d510ce166', 'sha1': 'cf57f2dfc2f23967436676929304c59808954a79', 'sha256': '8870c06f080907576a845e3ed6e047cf466ee2a9a3baaa9f9278052b8f05c2d9'}, 'dob': {'date': '1972-03-19T15:14:08.435Z', 'age': 52}, 'registered': {'date': '2020-04-28T03:55:12.735Z', 'age': 4}, 'phone': '43931703', 'cell': '58551757', 'id': {'name': 'CPR', 'value': '190372-1673'}, 'picture': {'large': 'https://randomuser.me/api/portraits/women/34.jpg', 'medium': 'https://randomuser.me/api/portraits/med/women/34.jpg', 'thumbnail': 'https://randomuser.me/api/portraits/thumb/women/34.jpg'}, 'nat': 'DK'}</msg>
<arg>${json_data['results'][0]}</arg>
<doc>Logs the given message with the given level.</doc>
<status status="PASS" start="2024-08-06T18:21:49.544525" elapsed="0.000409"/>
</kw>
<kw name="Log" owner="BuiltIn">
<msg time="2024-08-06T18:21:49.545363" level="INFO">email</msg>
<arg>${key}</arg>
<doc>Logs the given message with the given level.</doc>
<status status="PASS" start="2024-08-06T18:21:49.545233" elapsed="0.000168"/>
</kw>
<var name="${key}">email</var>
<status status="PASS" start="2024-08-06T18:21:49.543725" elapsed="0.001894"/>
</iter>
<iter>
<kw name="Dictionary Should Contain Key" owner="Collections">
<arg>${json_data['results'][0]}</arg>
<arg>${key}</arg>
<doc>Fails if ``key`` is not found from ``dictionary``.</doc>
<status status="PASS" start="2024-08-06T18:21:49.545899" elapsed="0.000372"/>
</kw>
<kw name="Log" owner="BuiltIn">
<msg time="2024-08-06T18:21:49.546805" level="INFO">{'gender': 'female', 'name': {'title': 'Mrs', 'first': 'Sofie', 'last': 'Møller'}, 'location': {'street': {'number': 9487, 'name': 'Smedevej'}, 'city': 'Roedovre', 'state': 'Danmark', 'country': 'Denmark', 'postcode': 41877, 'coordinates': {'latitude': '-38.7912', 'longitude': '31.9434'}, 'timezone': {'offset': '-3:00', 'description': 'Brazil, Buenos Aires, Georgetown'}}, 'email': 'sofie.moller@example.com', 'login': {'uuid': 'e865fca0-57cc-4750-bc96-0d7e575f52b0', 'username': 'happybear862', 'password': 'magick', 'salt': 'EUWBwcCY', 'md5': '4034d022e216f59093dcdd4d510ce166', 'sha1': 'cf57f2dfc2f23967436676929304c59808954a79', 'sha256': '8870c06f080907576a845e3ed6e047cf466ee2a9a3baaa9f9278052b8f05c2d9'}, 'dob': {'date': '1972-03-19T15:14:08.435Z', 'age': 52}, 'registered': {'date': '2020-04-28T03:55:12.735Z', 'age': 4}, 'phone': '43931703', 'cell': '58551757', 'id': {'name': 'CPR', 'value': '190372-1673'}, 'picture': {'large': 'https://randomuser.me/api/portraits/women/34.jpg', 'medium': 'https://randomuser.me/api/portraits/med/women/34.jpg', 'thumbnail': 'https://randomuser.me/api/portraits/thumb/women/34.jpg'}, 'nat': 'DK'}</msg>
<arg>${json_data['results'][0]}</arg>
<doc>Logs the given message with the given level.</doc>
<status status="PASS" start="2024-08-06T18:21:49.546450" elapsed="0.000405"/>
</kw>
<kw name="Log" owner="BuiltIn">
<msg time="2024-08-06T18:21:49.547296" level="INFO">login</msg>
<arg>${key}</arg>
<doc>Logs the given message with the given level.</doc>
<status status="PASS" start="2024-08-06T18:21:49.547148" elapsed="0.000193"/>
</kw>
<var name="${key}">login</var>
<status status="PASS" start="2024-08-06T18:21:49.545791" elapsed="0.001767"/>
</iter>
<var>${key}</var>
<value>@{expected_keys}</value>
<status status="PASS" start="2024-08-06T18:21:49.537553" elapsed="0.010125"/>
</for>
<kw name="Create List" owner="BuiltIn">
<msg time="2024-08-06T18:21:49.548001" level="INFO">${expected_keysTwo} = ['username', 'password']</msg>
<var>${expected_keysTwo}</var>
<arg>username</arg>
<arg>password</arg>
<doc>Returns a list containing given items.</doc>
<status status="PASS" start="2024-08-06T18:21:49.547866" elapsed="0.000159"/>
</kw>
<for flavor="IN">
<iter>
<kw name="Dictionary Should Contain Key" owner="Collections">
<arg>${json_data['results'][0]['login']}</arg>
<arg>${keyTwo}</arg>
<doc>Fails if ``key`` is not found from ``dictionary``.</doc>
<status status="PASS" start="2024-08-06T18:21:49.548551" elapsed="0.000391"/>
</kw>
<kw name="Dictionary Should Contain Key" owner="Collections">
<arg>${json_data['results'][0]['login']}</arg>
<arg>${keyTwo}</arg>
<doc>Fails if ``key`` is not found from ``dictionary``.</doc>
<status status="PASS" start="2024-08-06T18:21:49.549120" elapsed="0.000370"/>
</kw>
<kw name="Log" owner="BuiltIn">
<msg time="2024-08-06T18:21:49.549786" level="INFO">username</msg>
<arg>${keyTwo}</arg>
<doc>Logs the given message with the given level.</doc>
<status status="PASS" start="2024-08-06T18:21:49.549667" elapsed="0.000156"/>
</kw>
<var name="${keyTwo}">username</var>
<status status="PASS" start="2024-08-06T18:21:49.548444" elapsed="0.001595"/>
</iter>
<iter>
<kw name="Dictionary Should Contain Key" owner="Collections">
<arg>${json_data['results'][0]['login']}</arg>
<arg>${keyTwo}</arg>
<doc>Fails if ``key`` is not found from ``dictionary``.</doc>
<status status="PASS" start="2024-08-06T18:21:49.550318" elapsed="0.000385"/>
</kw>
<kw name="Dictionary Should Contain Key" owner="Collections">
<arg>${json_data['results'][0]['login']}</arg>
<arg>${keyTwo}</arg>
<doc>Fails if ``key`` is not found from ``dictionary``.</doc>
<status status="PASS" start="2024-08-06T18:21:49.550881" elapsed="0.000390"/>
</kw>
<kw name="Log" owner="BuiltIn">
<msg time="2024-08-06T18:21:49.551574" level="INFO">password</msg>
<arg>${keyTwo}</arg>
<doc>Logs the given message with the given level.</doc>
<status status="PASS" start="2024-08-06T18:21:49.551455" elapsed="0.000156"/>
</kw>
<var name="${keyTwo}">password</var>
<status status="PASS" start="2024-08-06T18:21:49.550212" elapsed="0.001618"/>
</iter>
<var>${keyTwo}</var>
<value>@{expected_keysTwo}</value>
<status status="PASS" start="2024-08-06T18:21:49.548293" elapsed="0.003658"/>
</for>
<status status="PASS" start="2024-08-06T18:21:49.420125" elapsed="0.131967"/>
</kw>
<doc>Testa a estrutura da resposta da API.</doc>
<tag>testeEstruturaResposta</tag>
<status status="PASS" start="2024-08-06T18:21:49.419613" elapsed="0.132636"/>
</test>
<test id="s1-s1-t4" name="Validar tipos de dados" line="28">
<kw name="Teste de Tipos de Dados" owner="random-user-service">
<kw name="GET On Session" owner="RequestsLibrary">
<msg time="2024-08-06T18:21:49.674878" level="INFO">GET Request : url=https://randomuser.me/api 
 path_url=/api 
 headers={'User-Agent': 'python-requests/2.32.3', 'Accept-Encoding': 'gzip, deflate', 'Accept': '*/*', 'Connection': 'keep-alive'} 
 body=None 
 </msg>
<msg time="2024-08-06T18:21:49.674977" level="INFO">GET Response : url=https://randomuser.me/api 
 status=200, reason=OK 
 headers={'Date': 'Tue, 06 Aug 2024 18:21:49 GMT', 'Content-Type': 'application/json; charset=utf-8', 'Transfer-Encoding': 'chunked', 'Connection': 'keep-alive', 'X-Powered-By': 'Express', 'Access-Control-Allow-Origin': '*', 'Cache-Control': 'no-cache', 'ETag': 'W/"4a7-fqOUN+R/0o4xMm5kLDchbefyoAQ"', 'Vary': 'Accept-Encoding', 'Content-Encoding': 'gzip', 'CF-Cache-Status': 'DYNAMIC', 'Report-To': '{"endpoints":[{"url":"https:\\/\\/a.nel.cloudflare.com\\/report\\/v4?s=4yW%2BWPk%2F40gjEpapC92M%2F9kL545qlbhGcgRjmxV8leq%2BjoaZegM%2FsZfVhaguX2X3LkEiAQJ%2B5CdL51OijrF6PWOMc5abQzNfi%2FzlDhqqeXTV49bnuELxAurvYHQOTTn7"}],"group":"cf-nel","max_age":604800}', 'NEL': '{"success_fraction":0,"report_to":"cf-nel","max_age":604800}', 'Server': 'cloudflare', 'CF-RAY': '8af10c80cd107d80-LAX', 'alt-svc': 'h3=":443"; ma=86400'} 
 body={"results":[{"gender":"female","name":{"title":"Mrs","first":"Elli","last":"Kuusisto"},"location":{"street":{"number":7749,"name":"Fredrikinkatu"},"city":"Karijoki","state":"Satakunta","country":"Finland","postcode":37395,"coordinates":{"latitude":"-25.9561","longitude":"92.1458"},"timezone":{"offset":"+5:00","description":"Ekaterinburg, Islamabad, Karachi, Tashkent"}},"email":"elli.kuusisto@example.com","login":{"uuid":"266ac13a-4ddf-49c1-9d10-99d82160a9cd","username":"angrymeercat644","password":"alejandr","salt":"2Z0JXhKY","md5":"8b13a73ef0c62e13eb2f22fb59c6cf69","sha1":"061589336c5f727e6679346a6b7bf6f7de5be94b","sha256":"2240bb5ff3e1a9ccd5a8c78f62a3c529bf970e433147ac1016372709400ca982"},"dob":{"date":"1993-03-22T15:10:35.314Z","age":31},"registered":{"date":"2012-05-12T21:43:42.748Z","age":12},"phone":"02-406-678","cell":"049-755-56-08","id":{"name":"HETU","value":"NaNNA438undefined"},"picture":{"large":"https://randomuser.me/api/portraits/women/12.jpg","medium":"https://randomuser.me/api/portraits/med/women/12.jpg","thumbnail":"https://randomuser.me/api/portraits/thumb/women/12.jpg"},"nat":"FI"}],"info":{"seed":"23686c33312bab33","results":1,"page":1,"version":"1.4"}} 
 </msg>
<msg time="2024-08-06T18:21:49.675048" level="INFO">/opt/hostedtoolcache/Python/3.12.4/x64/lib/python3.12/site-packages/urllib3/connectionpool.py:1099: InsecureRequestWarning: Unverified HTTPS request is being made to host 'randomuser.me'. Adding certificate verification is strongly advised. See: https://urllib3.readthedocs.io/en/latest/advanced-usage.html#tls-warnings
  warnings.warn(</msg>
<msg time="2024-08-06T18:21:49.675191" level="INFO">${response} = &lt;Response [200]&gt;</msg>
<var>${response}</var>
<arg>consultarAPI</arg>
<arg>/api</arg>
<doc>Sends a GET request on a previously created HTTP Session.</doc>
<status status="PASS" start="2024-08-06T18:21:49.554708" elapsed="0.120551"/>
</kw>
<kw name="Set Variable" owner="BuiltIn">
<msg time="2024-08-06T18:21:49.676416" level="INFO">${json_data} = {'results': [{'gender': 'female', 'name': {'title': 'Mrs', 'first': 'Elli', 'last': 'Kuusisto'}, 'location': {'street': {'number': 7749, 'name': 'Fredrikinkatu'}, 'city': 'Karijoki', 'state': 'Satakun...</msg>
<var>${json_data}</var>
<arg>${response.json()}</arg>
<doc>Returns the given values which can then be assigned to a variables.</doc>
<status status="PASS" start="2024-08-06T18:21:49.675856" elapsed="0.000589"/>
</kw>
<kw name="Log" owner="BuiltIn">
<msg time="2024-08-06T18:21:49.676928" level="INFO">{'results': [{'gender': 'female', 'name': {'title': 'Mrs', 'first': 'Elli', 'last': 'Kuusisto'}, 'location': {'street': {'number': 7749, 'name': 'Fredrikinkatu'}, 'city': 'Karijoki', 'state': 'Satakunta', 'country': 'Finland', 'postcode': 37395, 'coordinates': {'latitude': '-25.9561', 'longitude': '92.1458'}, 'timezone': {'offset': '+5:00', 'description': 'Ekaterinburg, Islamabad, Karachi, Tashkent'}}, 'email': 'elli.kuusisto@example.com', 'login': {'uuid': '266ac13a-4ddf-49c1-9d10-99d82160a9cd', 'username': 'angrymeercat644', 'password': 'alejandr', 'salt': '2Z0JXhKY', 'md5': '8b13a73ef0c62e13eb2f22fb59c6cf69', 'sha1': '061589336c5f727e6679346a6b7bf6f7de5be94b', 'sha256': '2240bb5ff3e1a9ccd5a8c78f62a3c529bf970e433147ac1016372709400ca982'}, 'dob': {'date': '1993-03-22T15:10:35.314Z', 'age': 31}, 'registered': {'date': '2012-05-12T21:43:42.748Z', 'age': 12}, 'phone': '02-406-678', 'cell': '049-755-56-08', 'id': {'name': 'HETU', 'value': 'NaNNA438undefined'}, 'picture': {'large': 'https://randomuser.me/api/portraits/women/12.jpg', 'medium': 'https://randomuser.me/api/portraits/med/women/12.jpg', 'thumbnail': 'https://randomuser.me/api/portraits/thumb/women/12.jpg'}, 'nat': 'FI'}], 'info': {'seed': '23686c33312bab33', 'results': 1, 'page': 1, 'version': '1.4'}}</msg>
<arg>${json_data}</arg>
<doc>Logs the given message with the given level.</doc>
<status status="PASS" start="2024-08-06T18:21:49.676770" elapsed="0.000205"/>
</kw>
<kw name="Should Be String" owner="String">
<arg>${json_data['results'][0]['gender']}</arg>
<doc>Fails if the given ``item`` is not a string.</doc>
<status status="PASS" start="2024-08-06T18:21:49.677274" elapsed="0.000366"/>
</kw>
<kw name="Should Match Regexp" owner="BuiltIn">
<arg>${json_data['results'][0]['email']}</arg>
<arg>^[a-zA-Z0-9._%+-]+@[a-zA-Z0-9.-]+\.[a-zA-Z]{2,}$</arg>
<doc>Fails if ``string`` does not match ``pattern`` as a regular expression.</doc>
<status status="PASS" start="2024-08-06T18:21:49.677839" elapsed="0.000519"/>
</kw>
<kw name="Should Match Regexp" owner="BuiltIn">
<arg>${json_data['results'][0]['dob']['date']}</arg>
<arg>\\d{4}-\\d{2}-\\d{2}T\\d{2}:\\d{2}:\\d{2}\\.\\d{3}Z</arg>
<doc>Fails if ``string`` does not match ``pattern`` as a regular expression.</doc>
<status status="PASS" start="2024-08-06T18:21:49.678592" elapsed="0.000674"/>
</kw>
<kw name="Should Match Regexp" owner="BuiltIn">
<arg>${json_data['results'][0]['registered']['date']}</arg>
<arg>\\d{4}-\\d{2}-\\d{2}T\\d{2}:\\d{2}:\\d{2}\\.\\d{3}Z</arg>
<doc>Fails if ``string`` does not match ``pattern`` as a regular expression.</doc>
<status status="PASS" start="2024-08-06T18:21:49.679466" elapsed="0.000373"/>
</kw>
<kw name="Should Match Regexp" owner="BuiltIn">
<arg>${json_data['results'][0]['picture']['large']}</arg>
<arg>^https?://.*\.(?:png|jpe?g|gif|bmp)$</arg>
<doc>Fails if ``string`` does not match ``pattern`` as a regular expression.</doc>
<status status="PASS" start="2024-08-06T18:21:49.680023" elapsed="0.000460"/>
</kw>
<kw name="Should Match Regexp" owner="BuiltIn">
<arg>${json_data['results'][0]['picture']['medium']}</arg>
<arg>^https?://.*\.(?:png|jpe?g|gif|bmp)$</arg>
<doc>Fails if ``string`` does not match ``pattern`` as a regular expression.</doc>
<status status="PASS" start="2024-08-06T18:21:49.680675" elapsed="0.000365"/>
</kw>
<kw name="Should Match Regexp" owner="BuiltIn">
<arg>${json_data['results'][0]['picture']['thumbnail']}</arg>
<arg>^https?://.*\.(?:png|jpe?g|gif|bmp)$</arg>
<doc>Fails if ``string`` does not match ``pattern`` as a regular expression.</doc>
<status status="PASS" start="2024-08-06T18:21:49.681223" elapsed="0.000347"/>
</kw>
<kw name="Log" owner="BuiltIn">
<msg time="2024-08-06T18:21:49.682071" level="INFO">{'large': 'https://randomuser.me/api/portraits/women/12.jpg', 'medium': 'https://randomuser.me/api/portraits/med/women/12.jpg', 'thumbnail': 'https://randomuser.me/api/portraits/thumb/women/12.jpg'}</msg>
<arg>${json_data['results'][0]['picture']}</arg>
<doc>Logs the given message with the given level.</doc>
<status status="PASS" start="2024-08-06T18:21:49.681749" elapsed="0.000365"/>
</kw>
<status status="PASS" start="2024-08-06T18:21:49.554477" elapsed="0.127954"/>
</kw>
<kw name="Teste de Tipos de Dados - Postcode" owner="random-user-service">
<kw name="GET On Session" owner="RequestsLibrary">
<msg time="2024-08-06T18:21:49.792679" level="INFO">GET Request : url=https://randomuser.me/api 
 path_url=/api 
 headers={'User-Agent': 'python-requests/2.32.3', 'Accept-Encoding': 'gzip, deflate', 'Accept': '*/*', 'Connection': 'keep-alive'} 
 body=None 
 </msg>
<msg time="2024-08-06T18:21:49.792792" level="INFO">GET Response : url=https://randomuser.me/api 
 status=200, reason=OK 
 headers={'Date': 'Tue, 06 Aug 2024 18:21:49 GMT', 'Content-Type': 'application/json; charset=utf-8', 'Transfer-Encoding': 'chunked', 'Connection': 'keep-alive', 'X-Powered-By': 'Express', 'Access-Control-Allow-Origin': '*', 'Cache-Control': 'no-cache', 'ETag': 'W/"4be-f+ZVQI/mqL6pSxhGeW6uEd81yQk"', 'Vary': 'Accept-Encoding', 'Content-Encoding': 'gzip', 'CF-Cache-Status': 'DYNAMIC', 'Report-To': '{"endpoints":[{"url":"https:\\/\\/a.nel.cloudflare.com\\/report\\/v4?s=S5bxL2qmXyVQW7xwCeKl8SFgPP2ezRrh6o6H%2Fb7xCKu6inWYM50%2B4RW9ddvfSreQN6Q99lY3OvM0In38zNJcpBd34wXSB%2FcaJicdqyVrjzYQGrhM1%2FVctmFKpi1Gnm6Y"}],"group":"cf-nel","max_age":604800}', 'NEL': '{"success_fraction":0,"report_to":"cf-nel","max_age":604800}', 'Server': 'cloudflare', 'CF-RAY': '8af10c819df17d80-LAX', 'alt-svc': 'h3=":443"; ma=86400'} 
 body={"results":[{"gender":"female","name":{"title":"Miss","first":"María del Carmen","last":"Mascareñas"},"location":{"street":{"number":7626,"name":"Eje vial Sur Borrego"},"city":"Tepezala","state":"Coahuila","country":"Mexico","postcode":37457,"coordinates":{"latitude":"27.6146","longitude":"36.2173"},"timezone":{"offset":"+10:00","description":"Eastern Australia, Guam, Vladivostok"}},"email":"mariadelcarmen.mascarenas@example.com","login":{"uuid":"a81fcad3-4ed3-4e2e-bbcb-d08ee1fa128e","username":"sadsnake101","password":"sahara","salt":"5Yo4l5CS","md5":"6d01f80e95953d23bc3c1ec56edde1bc","sha1":"02bfdf6311dd44ddd1725a39b055d467c2a9191a","sha256":"f7ddcfbe5e3c04c0db2955c065031d257db33a0af6f4f581b502e5e143c7684e"},"dob":{"date":"1976-07-28T03:58:51.953Z","age":48},"registered":{"date":"2020-12-17T21:47:29.097Z","age":3},"phone":"(609) 611 5883","cell":"(652) 033 4150","id":{"name":"NSS","value":"47 81 66 3924 7"},"picture":{"large":"https://randomuser.me/api/portraits/women/90.jpg","medium":"https://randomuser.me/api/portraits/med/women/90.jpg","thumbnail":"https://randomuser.me/api/portraits/thumb/women/90.jpg"},"nat":"MX"}],"info":{"seed":"ff8db31f80326fe8","results":1,"page":1,"version":"1.4"}} 
 </msg>
<msg time="2024-08-06T18:21:49.792879" level="INFO">/opt/hostedtoolcache/Python/3.12.4/x64/lib/python3.12/site-packages/urllib3/connectionpool.py:1099: InsecureRequestWarning: Unverified HTTPS request is being made to host 'randomuser.me'. Adding certificate verification is strongly advised. See: https://urllib3.readthedocs.io/en/latest/advanced-usage.html#tls-warnings
  warnings.warn(</msg>
<msg time="2024-08-06T18:21:49.793059" level="INFO">${response} = &lt;Response [200]&gt;</msg>
<var>${response}</var>
<arg>consultarAPI</arg>
<arg>/api</arg>
<doc>Sends a GET request on a previously created HTTP Session.</doc>
<status status="PASS" start="2024-08-06T18:21:49.682892" elapsed="0.110216"/>
</kw>
<kw name="Set Variable" owner="BuiltIn">
<msg time="2024-08-06T18:21:49.794183" level="INFO">${json_data} = {'results': [{'gender': 'female', 'name': {'title': 'Miss', 'first': 'María del Carmen', 'last': 'Mascareñas'}, 'location': {'street': {'number': 7626, 'name': 'Eje vial Sur Borrego'}, 'city': 'Tepeza...</msg>
<var>${json_data}</var>
<arg>${response.json()}</arg>
<doc>Returns the given values which can then be assigned to a variables.</doc>
<status status="PASS" start="2024-08-06T18:21:49.793644" elapsed="0.000569"/>
</kw>
<kw name="Log" owner="BuiltIn">
<msg time="2024-08-06T18:21:49.794704" level="INFO">{'results': [{'gender': 'female', 'name': {'title': 'Miss', 'first': 'María del Carmen', 'last': 'Mascareñas'}, 'location': {'street': {'number': 7626, 'name': 'Eje vial Sur Borrego'}, 'city': 'Tepezala', 'state': 'Coahuila', 'country': 'Mexico', 'postcode': 37457, 'coordinates': {'latitude': '27.6146', 'longitude': '36.2173'}, 'timezone': {'offset': '+10:00', 'description': 'Eastern Australia, Guam, Vladivostok'}}, 'email': 'mariadelcarmen.mascarenas@example.com', 'login': {'uuid': 'a81fcad3-4ed3-4e2e-bbcb-d08ee1fa128e', 'username': 'sadsnake101', 'password': 'sahara', 'salt': '5Yo4l5CS', 'md5': '6d01f80e95953d23bc3c1ec56edde1bc', 'sha1': '02bfdf6311dd44ddd1725a39b055d467c2a9191a', 'sha256': 'f7ddcfbe5e3c04c0db2955c065031d257db33a0af6f4f581b502e5e143c7684e'}, 'dob': {'date': '1976-07-28T03:58:51.953Z', 'age': 48}, 'registered': {'date': '2020-12-17T21:47:29.097Z', 'age': 3}, 'phone': '(609) 611 5883', 'cell': '(652) 033 4150', 'id': {'name': 'NSS', 'value': '47 81 66 3924 7'}, 'picture': {'large': 'https://randomuser.me/api/portraits/women/90.jpg', 'medium': 'https://randomuser.me/api/portraits/med/women/90.jpg', 'thumbnail': 'https://randomuser.me/api/portraits/thumb/women/90.jpg'}, 'nat': 'MX'}], 'info': {'seed': 'ff8db31f80326fe8', 'results': 1, 'page': 1, 'version': '1.4'}}</msg>
<arg>${json_data}</arg>
<doc>Logs the given message with the given level.</doc>
<status status="PASS" start="2024-08-06T18:21:49.794537" elapsed="0.000215"/>
</kw>
<kw name="Should Be Equal As Numbers" owner="BuiltIn">
<arg>${json_data['results'][0]['location']['postcode']}</arg>
<arg>${json_data['results'][0]['location']['postcode']}</arg>
<doc>Fails if objects are unequal after converting them to real numbers.</doc>
<status status="PASS" start="2024-08-06T18:21:49.795046" elapsed="0.000702"/>
</kw>
<kw name="Log" owner="BuiltIn">
<msg time="2024-08-06T18:21:49.796285" level="INFO">37457</msg>
<arg>${json_data['results'][0]['location']['postcode']}</arg>
<doc>Logs the given message with the given level.</doc>
<status status="PASS" start="2024-08-06T18:21:49.795939" elapsed="0.000424"/>
</kw>
<status status="PASS" start="2024-08-06T18:21:49.682663" elapsed="0.113963"/>
</kw>
<doc>Testa se os tipos de dados na resposta da API estão corretos.</doc>
<tag>testeTiposDados</tag>
<status status="PASS" start="2024-08-06T18:21:49.554015" elapsed="0.242782"/>
</test>
<test id="s1-s1-t5" name="Validar conteudo" line="35">
<kw name="Teste de Tipos de Conteudo" owner="random-user-service">
<kw name="GET On Session" owner="RequestsLibrary">
<msg time="2024-08-06T18:21:49.918100" level="INFO">GET Request : url=https://randomuser.me/api 
 path_url=/api 
 headers={'User-Agent': 'python-requests/2.32.3', 'Accept-Encoding': 'gzip, deflate', 'Accept': '*/*', 'Connection': 'keep-alive'} 
 body=None 
 </msg>
<msg time="2024-08-06T18:21:49.918201" level="INFO">GET Response : url=https://randomuser.me/api 
 status=200, reason=OK 
 headers={'Date': 'Tue, 06 Aug 2024 18:21:49 GMT', 'Content-Type': 'application/json; charset=utf-8', 'Transfer-Encoding': 'chunked', 'Connection': 'keep-alive', 'X-Powered-By': 'Express', 'Access-Control-Allow-Origin': '*', 'Cache-Control': 'no-cache', 'ETag': 'W/"47f-ShYa7t2EgFEBzaB8sQZW0MPSmM8"', 'Vary': 'Accept-Encoding', 'Content-Encoding': 'gzip', 'CF-Cache-Status': 'DYNAMIC', 'Report-To': '{"endpoints":[{"url":"https:\\/\\/a.nel.cloudflare.com\\/report\\/v4?s=Vp%2BFLmhVSGioha3kZfLX0rcGE8uLciWL0B7I0i2NA32FLcLgfJmSmOgTcqmNM2QYrwkG24%2FXphVftXkykQVSTdC3RCc31pzAuwPsaUhLBRGwDsWOG%2FvBApNGpEIytiHJ"}],"group":"cf-nel","max_age":604800}', 'NEL': '{"success_fraction":0,"report_to":"cf-nel","max_age":604800}', 'Server': 'cloudflare', 'CF-RAY': '8af10c824ed37d80-LAX', 'alt-svc': 'h3=":443"; ma=86400'} 
 body={"results":[{"gender":"male","name":{"title":"Monsieur","first":"Kay","last":"Blanchard"},"location":{"street":{"number":3867,"name":"Rue du Stade"},"city":"Weisslingen","state":"Luzern","country":"Switzerland","postcode":3327,"coordinates":{"latitude":"-62.7946","longitude":"-135.0957"},"timezone":{"offset":"+4:30","description":"Kabul"}},"email":"kay.blanchard@example.com","login":{"uuid":"81a6df73-6d0c-470b-9542-5dd3453ad65b","username":"crazydog404","password":"frontier","salt":"xZdWEcTh","md5":"e3742f4d0e9b11639f501938623b1619","sha1":"aa9700c823144f15aa973f69fe373ef119a01e71","sha256":"051292de6eafcb490c122f715729358255e5ad7f1b793f8c9df7b7418daa32eb"},"dob":{"date":"1990-11-16T03:04:35.795Z","age":33},"registered":{"date":"2018-10-15T04:07:55.753Z","age":5},"phone":"076 268 43 73","cell":"077 043 16 79","id":{"name":"AVS","value":"756.1089.6501.85"},"picture":{"large":"https://randomuser.me/api/portraits/men/23.jpg","medium":"https://randomuser.me/api/portraits/med/men/23.jpg","thumbnail":"https://randomuser.me/api/portraits/thumb/men/23.jpg"},"nat":"CH"}],"info":{"seed":"0ac624527ef2e0de","results":1,"page":1,"version":"1.4"}} 
 </msg>
<msg time="2024-08-06T18:21:49.918270" level="INFO">/opt/hostedtoolcache/Python/3.12.4/x64/lib/python3.12/site-packages/urllib3/connectionpool.py:1099: InsecureRequestWarning: Unverified HTTPS request is being made to host 'randomuser.me'. Adding certificate verification is strongly advised. See: https://urllib3.readthedocs.io/en/latest/advanced-usage.html#tls-warnings
  warnings.warn(</msg>
<msg time="2024-08-06T18:21:49.918415" level="INFO">${response} = &lt;Response [200]&gt;</msg>
<var>${response}</var>
<arg>consultarAPI</arg>
<arg>/api</arg>
<doc>Sends a GET request on a previously created HTTP Session.</doc>
<status status="PASS" start="2024-08-06T18:21:49.799590" elapsed="0.118870"/>
</kw>
<kw name="Set Variable" owner="BuiltIn">
<msg time="2024-08-06T18:21:49.919543" level="INFO">${json_data} = {'results': [{'gender': 'male', 'name': {'title': 'Monsieur', 'first': 'Kay', 'last': 'Blanchard'}, 'location': {'street': {'number': 3867, 'name': 'Rue du Stade'}, 'city': 'Weisslingen', 'state': 'Lu...</msg>
<var>${json_data}</var>
<arg>${response.json()}</arg>
<doc>Returns the given values which can then be assigned to a variables.</doc>
<status status="PASS" start="2024-08-06T18:21:49.918958" elapsed="0.000614"/>
</kw>
<kw name="Set Variable" owner="BuiltIn">
<msg time="2024-08-06T18:21:49.920289" level="INFO">${name_title} = Monsieur</msg>
<var>${name_title}</var>
<arg>${json_data["results"][0]["name"]["title"]}</arg>
<doc>Returns the given values which can then be assigned to a variables.</doc>
<status status="PASS" start="2024-08-06T18:21:49.919898" elapsed="0.000417"/>
</kw>
<kw name="Create List" owner="BuiltIn">
<msg time="2024-08-06T18:21:49.920772" level="INFO">${allowed_titles} = ['Mr', 'Ms', 'Miss', 'Mrs', 'Madame', 'Monsieur']</msg>
<var>${allowed_titles}</var>
<arg>Mr</arg>
<arg>Ms</arg>
<arg>Miss</arg>
<arg>Mrs</arg>
<arg>Madame</arg>
<arg>Monsieur</arg>
<doc>Returns a list containing given items.</doc>
<status status="PASS" start="2024-08-06T18:21:49.920618" elapsed="0.000179"/>
</kw>
<kw name="List Should Contain Value" owner="Collections">
<arg>${allowed_titles}</arg>
<arg>${name_title}</arg>
<doc>Fails if the ``value`` is not found from ``list``.</doc>
<status status="PASS" start="2024-08-06T18:21:49.921099" elapsed="0.000181"/>
</kw>
<kw name="Set Variable" owner="BuiltIn">
<msg time="2024-08-06T18:21:49.921840" level="INFO">${name_country} = CH</msg>
<var>${name_country}</var>
<arg>${json_data["results"][0]["nat"]}</arg>
<doc>Returns the given values which can then be assigned to a variables.</doc>
<status status="PASS" start="2024-08-06T18:21:49.921468" elapsed="0.000398"/>
</kw>
<kw name="Create List" owner="BuiltIn">
<msg time="2024-08-06T18:21:49.922761" level="INFO">${list_country} = ['AD', 'AE', 'AF', 'AG', 'AI', 'AL', 'AM', 'AO', 'AQ', 'AR', 'AS', 'AT', 'AU', 'AW', 'AX', 'AZ', 'BA', 'BB', 'BD', 'BE', 'BF', 'BG', 'BH', 'BI', 'BJ', 'BL', 'BM', 'BN', 'BO', 'BQ', 'BR', 'BS', 'BT', '...</msg>
<var>${list_country}</var>
<arg>AD</arg>
<arg>AE</arg>
<arg>AF</arg>
<arg>AG</arg>
<arg>AI</arg>
<arg>AL</arg>
<arg>AM</arg>
<arg>AO</arg>
<arg>AQ</arg>
<arg>AR</arg>
<arg>AS</arg>
<arg>AT</arg>
<arg>AU</arg>
<arg>AW</arg>
<arg>AX</arg>
<arg>AZ</arg>
<arg>BA</arg>
<arg>BB</arg>
<arg>BD</arg>
<arg>BE</arg>
<arg>BF</arg>
<arg>BG</arg>
<arg>BH</arg>
<arg>BI</arg>
<arg>BJ</arg>
<arg>BL</arg>
<arg>BM</arg>
<arg>BN</arg>
<arg>BO</arg>
<arg>BQ</arg>
<arg>BR</arg>
<arg>BS</arg>
<arg>BT</arg>
<arg>BV</arg>
<arg>BW</arg>
<arg>BY</arg>
<arg>BZ</arg>
<arg>CA</arg>
<arg>CC</arg>
<arg>CD</arg>
<arg>CF</arg>
<arg>CG</arg>
<arg>CH</arg>
<arg>CI</arg>
<arg>CK</arg>
<arg>CL</arg>
<arg>CM</arg>
<arg>CN</arg>
<arg>CO</arg>
<arg>CR</arg>
<arg>CU</arg>
<arg>CV</arg>
<arg>CW</arg>
<arg>CX</arg>
<arg>CY</arg>
<arg>CZ</arg>
<arg>DE</arg>
<arg>DJ</arg>
<arg>DK</arg>
<arg>DM</arg>
<arg>DO</arg>
<arg>DZ</arg>
<arg>EC</arg>
<arg>EE</arg>
<arg>EG</arg>
<arg>EH</arg>
<arg>ER</arg>
<arg>ES</arg>
<arg>ET</arg>
<arg>FI</arg>
<arg>FJ</arg>
<arg>FK</arg>
<arg>FM</arg>
<arg>FO</arg>
<arg>FR</arg>
<arg>GA</arg>
<arg>GB</arg>
<arg>GD</arg>
<arg>GE</arg>
<arg>GF</arg>
<arg>GG</arg>
<arg>GH</arg>
<arg>GI</arg>
<arg>GL</arg>
<arg>GM</arg>
<arg>GN</arg>
<arg>GP</arg>
<arg>GQ</arg>
<arg>GR</arg>
<arg>GS</arg>
<arg>GT</arg>
<arg>GU</arg>
<arg>GW</arg>
<arg>GY</arg>
<arg>HK</arg>
<arg>HM</arg>
<arg>HN</arg>
<arg>HR</arg>
<arg>HT</arg>
<arg>HU</arg>
<arg>ID</arg>
<arg>IE</arg>
<arg>IL</arg>
<arg>IM</arg>
<arg>IN</arg>
<arg>IO</arg>
<arg>IQ</arg>
<arg>IR</arg>
<arg>IS</arg>
<arg>IT</arg>
<arg>JE</arg>
<arg>JM</arg>
<arg>JO</arg>
<arg>JP</arg>
<arg>KE</arg>
<arg>KG</arg>
<arg>KH</arg>
<arg>KI</arg>
<arg>KM</arg>
<arg>KN</arg>
<arg>KP</arg>
<arg>KR</arg>
<arg>KW</arg>
<arg>KY</arg>
<arg>KZ</arg>
<arg>LA</arg>
<arg>LB</arg>
<arg>LC</arg>
<arg>LI</arg>
<arg>LK</arg>
<arg>LR</arg>
<arg>LS</arg>
<arg>LT</arg>
<arg>LU</arg>
<arg>LV</arg>
<arg>LY</arg>
<arg>MA</arg>
<arg>MC</arg>
<arg>MD</arg>
<arg>ME</arg>
<arg>MF</arg>
<arg>MG</arg>
<arg>MH</arg>
<arg>MK</arg>
<arg>ML</arg>
<arg>MM</arg>
<arg>MN</arg>
<arg>MO</arg>
<arg>MP</arg>
<arg>MQ</arg>
<arg>MR</arg>
<arg>MS</arg>
<arg>MT</arg>
<arg>MU</arg>
<arg>MV</arg>
<arg>MW</arg>
<arg>MX</arg>
<arg>MY</arg>
<arg>MZ</arg>
<arg>NA</arg>
<arg>NC</arg>
<arg>NE</arg>
<arg>NF</arg>
<arg>NG</arg>
<arg>NI</arg>
<arg>NL</arg>
<arg>NO</arg>
<arg>NP</arg>
<arg>NR</arg>
<arg>NU</arg>
<arg>NZ</arg>
<arg>OM</arg>
<arg>PA</arg>
<arg>PE</arg>
<arg>PF</arg>
<arg>PG</arg>
<arg>PH</arg>
<arg>PK</arg>
<arg>PL</arg>
<arg>PM</arg>
<arg>PN</arg>
<arg>PR</arg>
<arg>PS</arg>
<arg>PT</arg>
<arg>PW</arg>
<arg>PY</arg>
<arg>QA</arg>
<arg>RE</arg>
<arg>RO</arg>
<arg>RS</arg>
<arg>RU</arg>
<arg>RW</arg>
<arg>SA</arg>
<arg>SB</arg>
<arg>SC</arg>
<arg>SD</arg>
<arg>SE</arg>
<arg>SG</arg>
<arg>SH</arg>
<arg>SI</arg>
<arg>SJ</arg>
<arg>SK</arg>
<arg>SL</arg>
<arg>SM</arg>
<arg>SN</arg>
<arg>SO</arg>
<arg>SR</arg>
<arg>SS</arg>
<arg>ST</arg>
<arg>SV</arg>
<arg>SX</arg>
<arg>SY</arg>
<arg>SZ</arg>
<arg>TC</arg>
<arg>TD</arg>
<arg>TF</arg>
<arg>TG</arg>
<arg>TH</arg>
<arg>TJ</arg>
<arg>TK</arg>
<arg>TL</arg>
<arg>TM</arg>
<arg>TN</arg>
<arg>TO</arg>
<arg>TR</arg>
<arg>TT</arg>
<arg>TV</arg>
<arg>TW</arg>
<arg>TZ</arg>
<arg>UA</arg>
<arg>UG</arg>
<arg>UM</arg>
<arg>US</arg>
<arg>UY</arg>
<arg>UZ</arg>
<arg>VA</arg>
<arg>VC</arg>
<arg>VE</arg>
<arg>VG</arg>
<arg>VI</arg>
<arg>VN</arg>
<arg>VU</arg>
<arg>WF</arg>
<arg>WS</arg>
<arg>XK</arg>
<arg>YE</arg>
<arg>YT</arg>
<arg>ZA</arg>
<arg>ZM</arg>
<arg>ZW</arg>
<doc>Returns a list containing given items.</doc>
<status status="PASS" start="2024-08-06T18:21:49.922160" elapsed="0.000628"/>
</kw>
<kw name="List Should Contain Value" owner="Collections">
<arg>${list_country}</arg>
<arg>${name_country}</arg>
<doc>Fails if the ``value`` is not found from ``list``.</doc>
<status status="PASS" start="2024-08-06T18:21:49.923838" elapsed="0.000219"/>
</kw>
<kw name="Run Keyword If" owner="BuiltIn">
<kw name="Should Be True" owner="BuiltIn">
<arg>${True}</arg>
<doc>Fails if the given condition is not true.</doc>
<status status="PASS" start="2024-08-06T18:21:49.925025" elapsed="0.000143"/>
</kw>
<arg>${json_data["results"][0]["location"]["coordinates"]["latitude"]} &gt;= -90 and ${json_data["results"][0]["location"]["coordinates"]["latitude"]} &lt;= 90</arg>
<arg>Should Be True</arg>
<arg>${True}</arg>
<doc>Runs the given keyword with the given arguments, if ``condition`` is true.</doc>
<status status="PASS" start="2024-08-06T18:21:49.924258" elapsed="0.001036"/>
</kw>
<kw name="Run Keyword If" owner="BuiltIn">
<kw name="Should Be True" owner="BuiltIn">
<arg>${True}</arg>
<doc>Fails if the given condition is not true.</doc>
<status status="PASS" start="2024-08-06T18:21:49.926167" elapsed="0.000136"/>
</kw>
<arg>${json_data["results"][0]["location"]["coordinates"]["longitude"]} &gt;= -180 and ${json_data["results"][0]["location"]["coordinates"]["longitude"]} &lt;= 180</arg>
<arg>Should Be True</arg>
<arg>${True}</arg>
<doc>Runs the given keyword with the given arguments, if ``condition`` is true.</doc>
<status status="PASS" start="2024-08-06T18:21:49.925475" elapsed="0.000950"/>
</kw>
<status status="PASS" start="2024-08-06T18:21:49.799182" elapsed="0.127377"/>
</kw>
<doc>Testa o conteúdo específico dos campos retornados pela API.</doc>
<tag>testeConteudo</tag>
<status status="PASS" start="2024-08-06T18:21:49.798519" elapsed="0.128194"/>
</test>
<status status="PASS" start="2024-08-06T18:21:48.812999" elapsed="1.116244"/>
</suite>
<status status="PASS" start="2024-08-06T18:21:48.797037" elapsed="1.137475"/>
</suite>
<statistics>
<total>
<stat pass="5" fail="0" skip="0">All Tests</stat>
</total>
<tag>
<stat pass="1" fail="0" skip="0">testeConteudo</stat>
<stat pass="1" fail="0" skip="0">testeEstruturaResposta</stat>
<stat pass="1" fail="0" skip="0">testeRequisicaoBasica</stat>
<stat pass="1" fail="0" skip="0">testeTiposDados</stat>
</tag>
<suite>
<stat pass="5" fail="0" skip="0" id="s1" name="Tests">Tests</stat>
<stat pass="5" fail="0" skip="0" id="s1-s1" name="Random-User-Test">Tests.Random-User-Test</stat>
</suite>
</statistics>
<errors>
</errors>
</robot>
