<?xml version="1.0" encoding="UTF-8"?>
<robot generator="Robot 7.0.1 (Python 3.12.4 on linux)" generated="2024-07-18T12:30:18.825461" rpa="false" schemaversion="5">
<suite id="s1" name="Tests" source="/home/runner/work/ApiRandomUser/ApiRandomUser/RamdonUser/tests">
<suite id="s1-s1" name="Random-User-Test" source="/home/runner/work/ApiRandomUser/ApiRandomUser/RamdonUser/tests/random-user-test.robot">
<test id="s1-s1-t1" name="Conectar" line="13">
<kw name="Conectar API" owner="random-user-service">
<kw name="Create Session" owner="RequestsLibrary">
<msg time="2024-07-18T12:30:19.242706" level="INFO">Creating Session using : alias=consultarAPI, url=https://randomuser.me/, headers={},                     cookies={}, auth=None, timeout=None, proxies=None, verify=False,                     debug=0 </msg>
<arg>consultarAPI</arg>
<arg>${URL}</arg>
<doc>Create Session: create a HTTP session to a server</doc>
<status status="PASS" start="2024-07-18T12:30:19.242498" elapsed="0.000403"/>
</kw>
<status status="PASS" start="2024-07-18T12:30:19.241422" elapsed="0.001888"/>
</kw>
<status status="PASS" start="2024-07-18T12:30:19.240776" elapsed="0.002728"/>
</test>
<test id="s1-s1-t2" name="Validar retorno 200 e JSON Válido" line="16">
<kw name="Teste de Requisicao Basica" owner="random-user-service">
<kw name="GET On Session" owner="RequestsLibrary">
<msg time="2024-07-18T12:30:19.379196" level="INFO">GET Request : url=https://randomuser.me/api 
 path_url=/api 
 headers={'User-Agent': 'python-requests/2.32.3', 'Accept-Encoding': 'gzip, deflate', 'Accept': '*/*', 'Connection': 'keep-alive'} 
 body=None 
 </msg>
<msg time="2024-07-18T12:30:19.379393" level="INFO">GET Response : url=https://randomuser.me/api 
 status=200, reason=OK 
 headers={'Date': 'Thu, 18 Jul 2024 12:30:19 GMT', 'Content-Type': 'application/json; charset=utf-8', 'Transfer-Encoding': 'chunked', 'Connection': 'keep-alive', 'X-Powered-By': 'Express', 'Access-Control-Allow-Origin': '*', 'Cache-Control': 'no-cache', 'ETag': 'W/"47c-8JjbA4TPz/5FtWqsHuI7nV1hZVo"', 'Vary': 'Accept-Encoding', 'Content-Encoding': 'gzip', 'CF-Cache-Status': 'DYNAMIC', 'Report-To': '{"endpoints":[{"url":"https:\\/\\/a.nel.cloudflare.com\\/report\\/v4?s=7yDLk0vD%2BG9nrb4wEwcUDjAtDwWUqjfYSLah9CFu4SZSbxoHXNYgFH5ZUcVQ5Di180tT8TZgsKwGnGVkMsJs%2BBoZlyR0iEGQJ0qkKIDxLeP3N5bsKxA15oiEa1SM%2B2KY"}],"group":"cf-nel","max_age":604800}', 'NEL': '{"success_fraction":0,"report_to":"cf-nel","max_age":604800}', 'Server': 'cloudflare', 'CF-RAY': '8a527b7adfb020ae-IAD', 'alt-svc': 'h3=":443"; ma=86400'} 
 body={"results":[{"gender":"female","name":{"title":"Ms","first":"Maja","last":"Vujić"},"location":{"street":{"number":4530,"name":"Siniše Stankovića"},"city":"Knić","state":"Peć","country":"Serbia","postcode":72048,"coordinates":{"latitude":"61.6515","longitude":"36.3744"},"timezone":{"offset":"-12:00","description":"Eniwetok, Kwajalein"}},"email":"maja.vujic@example.com","login":{"uuid":"7ef07c57-b432-4b29-8964-b3f532545ae8","username":"crazypanda286","password":"gymnast","salt":"qniQkMaM","md5":"01b9a325ad5a11093d010a72c05f914a","sha1":"333a2505db8e030963f4c69af6df766042cce842","sha256":"0ca2e0a38f1b7fb982bba8f6de6eca4fe12e5b5900e4b59a66d1962447a2ee02"},"dob":{"date":"1999-12-06T00:02:31.162Z","age":24},"registered":{"date":"2009-07-15T22:15:32.438Z","age":15},"phone":"013-2369-528","cell":"063-0330-597","id":{"name":"SID","value":"519394096"},"picture":{"large":"https://randomuser.me/api/portraits/women/21.jpg","medium":"https://randomuser.me/api/portraits/med/women/21.jpg","thumbnail":"https://randomuser.me/api/portraits/thumb/women/21.jpg"},"nat":"RS"}],"info":{"seed":"ee0457944800b37e","results":1,"page":1,"version":"1.4"}} 
 </msg>
<msg time="2024-07-18T12:30:19.379499" level="INFO">/opt/hostedtoolcache/Python/3.12.4/x64/lib/python3.12/site-packages/urllib3/connectionpool.py:1099: InsecureRequestWarning: Unverified HTTPS request is being made to host 'randomuser.me'. Adding certificate verification is strongly advised. See: https://urllib3.readthedocs.io/en/latest/advanced-usage.html#tls-warnings
  warnings.warn(</msg>
<msg time="2024-07-18T12:30:19.379652" level="INFO">${response} = &lt;Response [200]&gt;</msg>
<var>${response}</var>
<arg>consultarAPI</arg>
<arg>/api</arg>
<doc>Sends a GET request on a previously created HTTP Session.</doc>
<status status="PASS" start="2024-07-18T12:30:19.246199" elapsed="0.133496"/>
</kw>
<kw name="Should Be Equal As Numbers" owner="BuiltIn">
<msg time="2024-07-18T12:30:19.380847" level="INFO">Argument types are:
&lt;class 'int'&gt;
&lt;class 'str'&gt;</msg>
<arg>${response.status_code}</arg>
<arg>200</arg>
<doc>Fails if objects are unequal after converting them to real numbers.</doc>
<status status="PASS" start="2024-07-18T12:30:19.380340" elapsed="0.000575"/>
</kw>
<kw name="Log" owner="BuiltIn">
<msg time="2024-07-18T12:30:19.381592" level="INFO">200</msg>
<arg>${response.status_code}</arg>
<doc>Logs the given message with the given level.</doc>
<status status="PASS" start="2024-07-18T12:30:19.381238" elapsed="0.000397"/>
</kw>
<kw name="Set Variable" owner="BuiltIn">
<msg time="2024-07-18T12:30:19.382387" level="INFO">${json_data} = {'results': [{'gender': 'female', 'name': {'title': 'Ms', 'first': 'Maja', 'last': 'Vujić'}, 'location': {'street': {'number': 4530, 'name': 'Siniše Stankovića'}, 'city': 'Knić', 'state': 'Peć', 'coun...</msg>
<var>${json_data}</var>
<arg>${response.json()}</arg>
<doc>Returns the given values which can then be assigned to a variables.</doc>
<status status="PASS" start="2024-07-18T12:30:19.381938" elapsed="0.000480"/>
</kw>
<kw name="Dictionary Should Contain Key" owner="Collections">
<arg>${json_data}</arg>
<arg>results</arg>
<doc>Fails if ``key`` is not found from ``dictionary``.</doc>
<status status="PASS" start="2024-07-18T12:30:19.382729" elapsed="0.000392"/>
</kw>
<status status="PASS" start="2024-07-18T12:30:19.245951" elapsed="0.137343"/>
</kw>
<doc>Testa se a API responde corretamente e retorna um objeto JSON válido.</doc>
<tag>testeRequisicaoBasica</tag>
<status status="PASS" start="2024-07-18T12:30:19.245387" elapsed="0.138090"/>
</test>
<test id="s1-s1-t3" name="Validar estrutura de resposta" line="22">
<kw name="Teste de Estrutura de Resposta" owner="random-user-service">
<kw name="GET On Session" owner="RequestsLibrary">
<msg time="2024-07-18T12:30:19.468458" level="INFO">GET Request : url=https://randomuser.me/api 
 path_url=/api 
 headers={'User-Agent': 'python-requests/2.32.3', 'Accept-Encoding': 'gzip, deflate', 'Accept': '*/*', 'Connection': 'keep-alive'} 
 body=None 
 </msg>
<msg time="2024-07-18T12:30:19.468581" level="INFO">GET Response : url=https://randomuser.me/api 
 status=200, reason=OK 
 headers={'Date': 'Thu, 18 Jul 2024 12:30:19 GMT', 'Content-Type': 'application/json; charset=utf-8', 'Transfer-Encoding': 'chunked', 'Connection': 'keep-alive', 'X-Powered-By': 'Express', 'Access-Control-Allow-Origin': '*', 'Cache-Control': 'no-cache', 'ETag': 'W/"49d-jDQfC/e+d3PZCeI/t6LWmeYqGw8"', 'Vary': 'Accept-Encoding', 'Content-Encoding': 'gzip', 'CF-Cache-Status': 'DYNAMIC', 'Report-To': '{"endpoints":[{"url":"https:\\/\\/a.nel.cloudflare.com\\/report\\/v4?s=k3iuju4dqs3gZmxehGOvDzSSfqoXIPRqP1TKBzCU35ER1L3yfqFOr3qDCbHn80r5pXrUjGBGc0vqGXbXuoscgv8ARIJIcUhon012vH90mdTWj90EVWIgfxO6aRnLpuQL"}],"group":"cf-nel","max_age":604800}', 'NEL': '{"success_fraction":0,"report_to":"cf-nel","max_age":604800}', 'Server': 'cloudflare', 'CF-RAY': '8a527b7b2ff520ae-IAD', 'alt-svc': 'h3=":443"; ma=86400'} 
 body={"results":[{"gender":"female","name":{"title":"Miss","first":"Leyla","last":"Lieder"},"location":{"street":{"number":7212,"name":"Marktplatz"},"city":"Bad Düben","state":"Bremen","country":"Germany","postcode":36145,"coordinates":{"latitude":"-48.1313","longitude":"179.7848"},"timezone":{"offset":"-6:00","description":"Central Time (US &amp; Canada), Mexico City"}},"email":"leyla.lieder@example.com","login":{"uuid":"9823b904-4541-465f-aaee-22a023697318","username":"whitecat258","password":"uncencored","salt":"utfyw0jM","md5":"650d1f3d34ab1c36dd8ea09ad4357ede","sha1":"4f8399534ad95bf1c7b49aa1705bcbdea194ee7d","sha256":"e5a86cd830eeae1cafb88a01991bd0e5b06a15549f6954fe4dbfa392dad2c76a"},"dob":{"date":"1982-05-25T02:39:17.339Z","age":42},"registered":{"date":"2003-02-26T21:00:22.245Z","age":21},"phone":"0135-4115631","cell":"0176-5382606","id":{"name":"SVNR","value":"28 240582 L 592"},"picture":{"large":"https://randomuser.me/api/portraits/women/17.jpg","medium":"https://randomuser.me/api/portraits/med/women/17.jpg","thumbnail":"https://randomuser.me/api/portraits/thumb/women/17.jpg"},"nat":"DE"}],"info":{"seed":"b21c613942af8378","results":1,"page":1,"version":"1.4"}} 
 </msg>
<msg time="2024-07-18T12:30:19.468732" level="INFO">/opt/hostedtoolcache/Python/3.12.4/x64/lib/python3.12/site-packages/urllib3/connectionpool.py:1099: InsecureRequestWarning: Unverified HTTPS request is being made to host 'randomuser.me'. Adding certificate verification is strongly advised. See: https://urllib3.readthedocs.io/en/latest/advanced-usage.html#tls-warnings
  warnings.warn(</msg>
<msg time="2024-07-18T12:30:19.468879" level="INFO">${response} = &lt;Response [200]&gt;</msg>
<var>${response}</var>
<arg>consultarAPI</arg>
<arg>/api</arg>
<doc>Sends a GET request on a previously created HTTP Session.</doc>
<status status="PASS" start="2024-07-18T12:30:19.386099" elapsed="0.082819"/>
</kw>
<kw name="Set Variable" owner="BuiltIn">
<msg time="2024-07-18T12:30:19.470255" level="INFO">${json_data} = {'results': [{'gender': 'female', 'name': {'title': 'Miss', 'first': 'Leyla', 'last': 'Lieder'}, 'location': {'street': {'number': 7212, 'name': 'Marktplatz'}, 'city': 'Bad Düben', 'state': 'Bremen', ...</msg>
<var>${json_data}</var>
<arg>${response.json()}</arg>
<doc>Returns the given values which can then be assigned to a variables.</doc>
<status status="PASS" start="2024-07-18T12:30:19.469628" elapsed="0.000657"/>
</kw>
<kw name="Log" owner="BuiltIn">
<msg time="2024-07-18T12:30:19.470767" level="INFO">{'results': [{'gender': 'female', 'name': {'title': 'Miss', 'first': 'Leyla', 'last': 'Lieder'}, 'location': {'street': {'number': 7212, 'name': 'Marktplatz'}, 'city': 'Bad Düben', 'state': 'Bremen', 'country': 'Germany', 'postcode': 36145, 'coordinates': {'latitude': '-48.1313', 'longitude': '179.7848'}, 'timezone': {'offset': '-6:00', 'description': 'Central Time (US &amp; Canada), Mexico City'}}, 'email': 'leyla.lieder@example.com', 'login': {'uuid': '9823b904-4541-465f-aaee-22a023697318', 'username': 'whitecat258', 'password': 'uncencored', 'salt': 'utfyw0jM', 'md5': '650d1f3d34ab1c36dd8ea09ad4357ede', 'sha1': '4f8399534ad95bf1c7b49aa1705bcbdea194ee7d', 'sha256': 'e5a86cd830eeae1cafb88a01991bd0e5b06a15549f6954fe4dbfa392dad2c76a'}, 'dob': {'date': '1982-05-25T02:39:17.339Z', 'age': 42}, 'registered': {'date': '2003-02-26T21:00:22.245Z', 'age': 21}, 'phone': '0135-4115631', 'cell': '0176-5382606', 'id': {'name': 'SVNR', 'value': '28 240582 L 592'}, 'picture': {'large': 'https://randomuser.me/api/portraits/women/17.jpg', 'medium': 'https://randomuser.me/api/portraits/med/women/17.jpg', 'thumbnail': 'https://randomuser.me/api/portraits/thumb/women/17.jpg'}, 'nat': 'DE'}], 'info': {'seed': 'b21c613942af8378', 'results': 1, 'page': 1, 'version': '1.4'}}</msg>
<arg>${json_data}</arg>
<doc>Logs the given message with the given level.</doc>
<status status="PASS" start="2024-07-18T12:30:19.470600" elapsed="0.000219"/>
</kw>
<kw name="Dictionary Should Contain Key" owner="Collections">
<arg>${json_data}</arg>
<arg>results</arg>
<doc>Fails if ``key`` is not found from ``dictionary``.</doc>
<status status="PASS" start="2024-07-18T12:30:19.471155" elapsed="0.000177"/>
</kw>
<kw name="Should Not Be Empty" owner="BuiltIn">
<msg time="2024-07-18T12:30:19.471645" level="INFO">Length is 2.</msg>
<arg>${json_data}</arg>
<doc>Verifies that the given item is not empty.</doc>
<status status="PASS" start="2024-07-18T12:30:19.471518" elapsed="0.000171"/>
</kw>
<kw name="Create List" owner="BuiltIn">
<msg time="2024-07-18T12:30:19.472136" level="INFO">${expected_keys} = ['gender', 'name', 'location', 'email', 'login']</msg>
<var>${expected_keys}</var>
<arg>gender</arg>
<arg>name</arg>
<arg>location</arg>
<arg>email</arg>
<arg>login</arg>
<doc>Returns a list containing given items.</doc>
<status status="PASS" start="2024-07-18T12:30:19.471981" elapsed="0.000180"/>
</kw>
<for flavor="IN">
<iter>
<kw name="Dictionary Should Contain Key" owner="Collections">
<arg>${json_data['results'][0]}</arg>
<arg>${key}</arg>
<doc>Fails if ``key`` is not found from ``dictionary``.</doc>
<status status="PASS" start="2024-07-18T12:30:19.472763" elapsed="0.000449"/>
</kw>
<kw name="Log" owner="BuiltIn">
<msg time="2024-07-18T12:30:19.473773" level="INFO">{'gender': 'female', 'name': {'title': 'Miss', 'first': 'Leyla', 'last': 'Lieder'}, 'location': {'street': {'number': 7212, 'name': 'Marktplatz'}, 'city': 'Bad Düben', 'state': 'Bremen', 'country': 'Germany', 'postcode': 36145, 'coordinates': {'latitude': '-48.1313', 'longitude': '179.7848'}, 'timezone': {'offset': '-6:00', 'description': 'Central Time (US &amp; Canada), Mexico City'}}, 'email': 'leyla.lieder@example.com', 'login': {'uuid': '9823b904-4541-465f-aaee-22a023697318', 'username': 'whitecat258', 'password': 'uncencored', 'salt': 'utfyw0jM', 'md5': '650d1f3d34ab1c36dd8ea09ad4357ede', 'sha1': '4f8399534ad95bf1c7b49aa1705bcbdea194ee7d', 'sha256': 'e5a86cd830eeae1cafb88a01991bd0e5b06a15549f6954fe4dbfa392dad2c76a'}, 'dob': {'date': '1982-05-25T02:39:17.339Z', 'age': 42}, 'registered': {'date': '2003-02-26T21:00:22.245Z', 'age': 21}, 'phone': '0135-4115631', 'cell': '0176-5382606', 'id': {'name': 'SVNR', 'value': '28 240582 L 592'}, 'picture': {'large': 'https://randomuser.me/api/portraits/women/17.jpg', 'medium': 'https://randomuser.me/api/portraits/med/women/17.jpg', 'thumbnail': 'https://randomuser.me/api/portraits/thumb/women/17.jpg'}, 'nat': 'DE'}</msg>
<arg>${json_data['results'][0]}</arg>
<doc>Logs the given message with the given level.</doc>
<status status="PASS" start="2024-07-18T12:30:19.473400" elapsed="0.000428"/>
</kw>
<kw name="Log" owner="BuiltIn">
<msg time="2024-07-18T12:30:19.474263" level="INFO">gender</msg>
<arg>${key}</arg>
<doc>Logs the given message with the given level.</doc>
<status status="PASS" start="2024-07-18T12:30:19.474129" elapsed="0.000173"/>
</kw>
<var name="${key}">gender</var>
<status status="PASS" start="2024-07-18T12:30:19.472640" elapsed="0.001880"/>
</iter>
<iter>
<kw name="Dictionary Should Contain Key" owner="Collections">
<arg>${json_data['results'][0]}</arg>
<arg>${key}</arg>
<doc>Fails if ``key`` is not found from ``dictionary``.</doc>
<status status="PASS" start="2024-07-18T12:30:19.474830" elapsed="0.000429"/>
</kw>
<kw name="Log" owner="BuiltIn">
<msg time="2024-07-18T12:30:19.475846" level="INFO">{'gender': 'female', 'name': {'title': 'Miss', 'first': 'Leyla', 'last': 'Lieder'}, 'location': {'street': {'number': 7212, 'name': 'Marktplatz'}, 'city': 'Bad Düben', 'state': 'Bremen', 'country': 'Germany', 'postcode': 36145, 'coordinates': {'latitude': '-48.1313', 'longitude': '179.7848'}, 'timezone': {'offset': '-6:00', 'description': 'Central Time (US &amp; Canada), Mexico City'}}, 'email': 'leyla.lieder@example.com', 'login': {'uuid': '9823b904-4541-465f-aaee-22a023697318', 'username': 'whitecat258', 'password': 'uncencored', 'salt': 'utfyw0jM', 'md5': '650d1f3d34ab1c36dd8ea09ad4357ede', 'sha1': '4f8399534ad95bf1c7b49aa1705bcbdea194ee7d', 'sha256': 'e5a86cd830eeae1cafb88a01991bd0e5b06a15549f6954fe4dbfa392dad2c76a'}, 'dob': {'date': '1982-05-25T02:39:17.339Z', 'age': 42}, 'registered': {'date': '2003-02-26T21:00:22.245Z', 'age': 21}, 'phone': '0135-4115631', 'cell': '0176-5382606', 'id': {'name': 'SVNR', 'value': '28 240582 L 592'}, 'picture': {'large': 'https://randomuser.me/api/portraits/women/17.jpg', 'medium': 'https://randomuser.me/api/portraits/med/women/17.jpg', 'thumbnail': 'https://randomuser.me/api/portraits/thumb/women/17.jpg'}, 'nat': 'DE'}</msg>
<arg>${json_data['results'][0]}</arg>
<doc>Logs the given message with the given level.</doc>
<status status="PASS" start="2024-07-18T12:30:19.475446" elapsed="0.000455"/>
</kw>
<kw name="Log" owner="BuiltIn">
<msg time="2024-07-18T12:30:19.476331" level="INFO">name</msg>
<arg>${key}</arg>
<doc>Logs the given message with the given level.</doc>
<status status="PASS" start="2024-07-18T12:30:19.476202" elapsed="0.000173"/>
</kw>
<var name="${key}">name</var>
<status status="PASS" start="2024-07-18T12:30:19.474714" elapsed="0.001882"/>
</iter>
<iter>
<kw name="Dictionary Should Contain Key" owner="Collections">
<arg>${json_data['results'][0]}</arg>
<arg>${key}</arg>
<doc>Fails if ``key`` is not found from ``dictionary``.</doc>
<status status="PASS" start="2024-07-18T12:30:19.476882" elapsed="0.000392"/>
</kw>
<kw name="Log" owner="BuiltIn">
<msg time="2024-07-18T12:30:19.477808" level="INFO">{'gender': 'female', 'name': {'title': 'Miss', 'first': 'Leyla', 'last': 'Lieder'}, 'location': {'street': {'number': 7212, 'name': 'Marktplatz'}, 'city': 'Bad Düben', 'state': 'Bremen', 'country': 'Germany', 'postcode': 36145, 'coordinates': {'latitude': '-48.1313', 'longitude': '179.7848'}, 'timezone': {'offset': '-6:00', 'description': 'Central Time (US &amp; Canada), Mexico City'}}, 'email': 'leyla.lieder@example.com', 'login': {'uuid': '9823b904-4541-465f-aaee-22a023697318', 'username': 'whitecat258', 'password': 'uncencored', 'salt': 'utfyw0jM', 'md5': '650d1f3d34ab1c36dd8ea09ad4357ede', 'sha1': '4f8399534ad95bf1c7b49aa1705bcbdea194ee7d', 'sha256': 'e5a86cd830eeae1cafb88a01991bd0e5b06a15549f6954fe4dbfa392dad2c76a'}, 'dob': {'date': '1982-05-25T02:39:17.339Z', 'age': 42}, 'registered': {'date': '2003-02-26T21:00:22.245Z', 'age': 21}, 'phone': '0135-4115631', 'cell': '0176-5382606', 'id': {'name': 'SVNR', 'value': '28 240582 L 592'}, 'picture': {'large': 'https://randomuser.me/api/portraits/women/17.jpg', 'medium': 'https://randomuser.me/api/portraits/med/women/17.jpg', 'thumbnail': 'https://randomuser.me/api/portraits/thumb/women/17.jpg'}, 'nat': 'DE'}</msg>
<arg>${json_data['results'][0]}</arg>
<doc>Logs the given message with the given level.</doc>
<status status="PASS" start="2024-07-18T12:30:19.477457" elapsed="0.000404"/>
</kw>
<kw name="Log" owner="BuiltIn">
<msg time="2024-07-18T12:30:19.478292" level="INFO">location</msg>
<arg>${key}</arg>
<doc>Logs the given message with the given level.</doc>
<status status="PASS" start="2024-07-18T12:30:19.478166" elapsed="0.000164"/>
</kw>
<var name="${key}">location</var>
<status status="PASS" start="2024-07-18T12:30:19.476773" elapsed="0.001772"/>
</iter>
<iter>
<kw name="Dictionary Should Contain Key" owner="Collections">
<arg>${json_data['results'][0]}</arg>
<arg>${key}</arg>
<doc>Fails if ``key`` is not found from ``dictionary``.</doc>
<status status="PASS" start="2024-07-18T12:30:19.478825" elapsed="0.000455"/>
</kw>
<kw name="Log" owner="BuiltIn">
<msg time="2024-07-18T12:30:19.479987" level="INFO">{'gender': 'female', 'name': {'title': 'Miss', 'first': 'Leyla', 'last': 'Lieder'}, 'location': {'street': {'number': 7212, 'name': 'Marktplatz'}, 'city': 'Bad Düben', 'state': 'Bremen', 'country': 'Germany', 'postcode': 36145, 'coordinates': {'latitude': '-48.1313', 'longitude': '179.7848'}, 'timezone': {'offset': '-6:00', 'description': 'Central Time (US &amp; Canada), Mexico City'}}, 'email': 'leyla.lieder@example.com', 'login': {'uuid': '9823b904-4541-465f-aaee-22a023697318', 'username': 'whitecat258', 'password': 'uncencored', 'salt': 'utfyw0jM', 'md5': '650d1f3d34ab1c36dd8ea09ad4357ede', 'sha1': '4f8399534ad95bf1c7b49aa1705bcbdea194ee7d', 'sha256': 'e5a86cd830eeae1cafb88a01991bd0e5b06a15549f6954fe4dbfa392dad2c76a'}, 'dob': {'date': '1982-05-25T02:39:17.339Z', 'age': 42}, 'registered': {'date': '2003-02-26T21:00:22.245Z', 'age': 21}, 'phone': '0135-4115631', 'cell': '0176-5382606', 'id': {'name': 'SVNR', 'value': '28 240582 L 592'}, 'picture': {'large': 'https://randomuser.me/api/portraits/women/17.jpg', 'medium': 'https://randomuser.me/api/portraits/med/women/17.jpg', 'thumbnail': 'https://randomuser.me/api/portraits/thumb/women/17.jpg'}, 'nat': 'DE'}</msg>
<arg>${json_data['results'][0]}</arg>
<doc>Logs the given message with the given level.</doc>
<status status="PASS" start="2024-07-18T12:30:19.479606" elapsed="0.000436"/>
</kw>
<kw name="Log" owner="BuiltIn">
<msg time="2024-07-18T12:30:19.480481" level="INFO">email</msg>
<arg>${key}</arg>
<doc>Logs the given message with the given level.</doc>
<status status="PASS" start="2024-07-18T12:30:19.480353" elapsed="0.000167"/>
</kw>
<var name="${key}">email</var>
<status status="PASS" start="2024-07-18T12:30:19.478718" elapsed="0.002020"/>
</iter>
<iter>
<kw name="Dictionary Should Contain Key" owner="Collections">
<arg>${json_data['results'][0]}</arg>
<arg>${key}</arg>
<doc>Fails if ``key`` is not found from ``dictionary``.</doc>
<status status="PASS" start="2024-07-18T12:30:19.481025" elapsed="0.000380"/>
</kw>
<kw name="Log" owner="BuiltIn">
<msg time="2024-07-18T12:30:19.481946" level="INFO">{'gender': 'female', 'name': {'title': 'Miss', 'first': 'Leyla', 'last': 'Lieder'}, 'location': {'street': {'number': 7212, 'name': 'Marktplatz'}, 'city': 'Bad Düben', 'state': 'Bremen', 'country': 'Germany', 'postcode': 36145, 'coordinates': {'latitude': '-48.1313', 'longitude': '179.7848'}, 'timezone': {'offset': '-6:00', 'description': 'Central Time (US &amp; Canada), Mexico City'}}, 'email': 'leyla.lieder@example.com', 'login': {'uuid': '9823b904-4541-465f-aaee-22a023697318', 'username': 'whitecat258', 'password': 'uncencored', 'salt': 'utfyw0jM', 'md5': '650d1f3d34ab1c36dd8ea09ad4357ede', 'sha1': '4f8399534ad95bf1c7b49aa1705bcbdea194ee7d', 'sha256': 'e5a86cd830eeae1cafb88a01991bd0e5b06a15549f6954fe4dbfa392dad2c76a'}, 'dob': {'date': '1982-05-25T02:39:17.339Z', 'age': 42}, 'registered': {'date': '2003-02-26T21:00:22.245Z', 'age': 21}, 'phone': '0135-4115631', 'cell': '0176-5382606', 'id': {'name': 'SVNR', 'value': '28 240582 L 592'}, 'picture': {'large': 'https://randomuser.me/api/portraits/women/17.jpg', 'medium': 'https://randomuser.me/api/portraits/med/women/17.jpg', 'thumbnail': 'https://randomuser.me/api/portraits/thumb/women/17.jpg'}, 'nat': 'DE'}</msg>
<arg>${json_data['results'][0]}</arg>
<doc>Logs the given message with the given level.</doc>
<status status="PASS" start="2024-07-18T12:30:19.481588" elapsed="0.000410"/>
</kw>
<kw name="Log" owner="BuiltIn">
<msg time="2024-07-18T12:30:19.482415" level="INFO">login</msg>
<arg>${key}</arg>
<doc>Logs the given message with the given level.</doc>
<status status="PASS" start="2024-07-18T12:30:19.482293" elapsed="0.000159"/>
</kw>
<var name="${key}">login</var>
<status status="PASS" start="2024-07-18T12:30:19.480913" elapsed="0.001750"/>
</iter>
<var>${key}</var>
<value>@{expected_keys}</value>
<status status="PASS" start="2024-07-18T12:30:19.472427" elapsed="0.010355"/>
</for>
<kw name="Create List" owner="BuiltIn">
<msg time="2024-07-18T12:30:19.483194" level="INFO">${expected_keysTwo} = ['username', 'password']</msg>
<var>${expected_keysTwo}</var>
<arg>username</arg>
<arg>password</arg>
<doc>Returns a list containing given items.</doc>
<status status="PASS" start="2024-07-18T12:30:19.483010" elapsed="0.000211"/>
</kw>
<for flavor="IN">
<iter>
<kw name="Dictionary Should Contain Key" owner="Collections">
<arg>${json_data['results'][0]['login']}</arg>
<arg>${keyTwo}</arg>
<doc>Fails if ``key`` is not found from ``dictionary``.</doc>
<status status="PASS" start="2024-07-18T12:30:19.483735" elapsed="0.000385"/>
</kw>
<kw name="Dictionary Should Contain Key" owner="Collections">
<arg>${json_data['results'][0]['login']}</arg>
<arg>${keyTwo}</arg>
<doc>Fails if ``key`` is not found from ``dictionary``.</doc>
<status status="PASS" start="2024-07-18T12:30:19.484305" elapsed="0.000378"/>
</kw>
<kw name="Log" owner="BuiltIn">
<msg time="2024-07-18T12:30:19.484986" level="INFO">username</msg>
<arg>${keyTwo}</arg>
<doc>Logs the given message with the given level.</doc>
<status status="PASS" start="2024-07-18T12:30:19.484865" elapsed="0.000159"/>
</kw>
<var name="${keyTwo}">username</var>
<status status="PASS" start="2024-07-18T12:30:19.483628" elapsed="0.001612"/>
</iter>
<iter>
<kw name="Dictionary Should Contain Key" owner="Collections">
<arg>${json_data['results'][0]['login']}</arg>
<arg>${keyTwo}</arg>
<doc>Fails if ``key`` is not found from ``dictionary``.</doc>
<status status="PASS" start="2024-07-18T12:30:19.485517" elapsed="0.000386"/>
</kw>
<kw name="Dictionary Should Contain Key" owner="Collections">
<arg>${json_data['results'][0]['login']}</arg>
<arg>${keyTwo}</arg>
<doc>Fails if ``key`` is not found from ``dictionary``.</doc>
<status status="PASS" start="2024-07-18T12:30:19.486082" elapsed="0.000366"/>
</kw>
<kw name="Log" owner="BuiltIn">
<msg time="2024-07-18T12:30:19.486741" level="INFO">password</msg>
<arg>${keyTwo}</arg>
<doc>Logs the given message with the given level.</doc>
<status status="PASS" start="2024-07-18T12:30:19.486623" elapsed="0.000155"/>
</kw>
<var name="${keyTwo}">password</var>
<status status="PASS" start="2024-07-18T12:30:19.485412" elapsed="0.001587"/>
</iter>
<var>${keyTwo}</var>
<value>@{expected_keysTwo}</value>
<status status="PASS" start="2024-07-18T12:30:19.483467" elapsed="0.003695"/>
</for>
<status status="PASS" start="2024-07-18T12:30:19.385861" elapsed="0.101454"/>
</kw>
<doc>Testa a estrutura da resposta da API.</doc>
<tag>testeEstruturaResposta</tag>
<status status="PASS" start="2024-07-18T12:30:19.385336" elapsed="0.102147"/>
</test>
<test id="s1-s1-t4" name="Validar tipos de dados" line="28">
<kw name="Teste de Tipos de Dados" owner="random-user-service">
<kw name="GET On Session" owner="RequestsLibrary">
<msg time="2024-07-18T12:30:19.575191" level="INFO">GET Request : url=https://randomuser.me/api 
 path_url=/api 
 headers={'User-Agent': 'python-requests/2.32.3', 'Accept-Encoding': 'gzip, deflate', 'Accept': '*/*', 'Connection': 'keep-alive'} 
 body=None 
 </msg>
<msg time="2024-07-18T12:30:19.575302" level="INFO">GET Response : url=https://randomuser.me/api 
 status=200, reason=OK 
 headers={'Date': 'Thu, 18 Jul 2024 12:30:19 GMT', 'Content-Type': 'application/json; charset=utf-8', 'Transfer-Encoding': 'chunked', 'Connection': 'keep-alive', 'X-Powered-By': 'Express', 'Access-Control-Allow-Origin': '*', 'Cache-Control': 'no-cache', 'ETag': 'W/"4b9-fGaBF0sE8aQtd5BGcpH6jwFQrk8"', 'Vary': 'Accept-Encoding', 'Content-Encoding': 'gzip', 'CF-Cache-Status': 'DYNAMIC', 'Report-To': '{"endpoints":[{"url":"https:\\/\\/a.nel.cloudflare.com\\/report\\/v4?s=pF8KJAm%2Bz7MuLRn%2FKrwyBJ9Hwphq72QWtBHEqGVA043nGi1LTgRzBXb%2BrLmxO%2FkkES6%2BJNpr8UwdtbRgYoXHPt%2B1y1pzjmPTptqaVrNkEA4jhvk8Okfxgd8wc7%2BTD66T"}],"group":"cf-nel","max_age":604800}', 'NEL': '{"success_fraction":0,"report_to":"cf-nel","max_age":604800}', 'Server': 'cloudflare', 'CF-RAY': '8a527b7bd8ad20ae-IAD', 'alt-svc': 'h3=":443"; ma=86400'} 
 body={"results":[{"gender":"female","name":{"title":"Ms","first":"Léane","last":"Carpentier"},"location":{"street":{"number":7287,"name":"Rue de L'Abbé-Carton"},"city":"Aulnay-sous-Bois","state":"Charente","country":"France","postcode":55103,"coordinates":{"latitude":"-15.3407","longitude":"116.8030"},"timezone":{"offset":"+9:00","description":"Tokyo, Seoul, Osaka, Sapporo, Yakutsk"}},"email":"leane.carpentier@example.com","login":{"uuid":"a2ddb812-8e3a-45b1-921d-37ea88df538f","username":"ticklishduck537","password":"azerty","salt":"4nPtRhfi","md5":"0e480d63d3c8f92ad1436cfd26de43fd","sha1":"6ca06da32bce303d6052c7f4c45fce6cbbf881ee","sha256":"96adeaf12f648ce15fc707f4c3e852581fe10f7d93912ae8f553c54a0c997a7e"},"dob":{"date":"1997-03-13T13:18:52.108Z","age":27},"registered":{"date":"2015-01-24T23:07:12.707Z","age":9},"phone":"03-89-32-59-91","cell":"06-00-02-82-61","id":{"name":"INSEE","value":"2970223910112 29"},"picture":{"large":"https://randomuser.me/api/portraits/women/52.jpg","medium":"https://randomuser.me/api/portraits/med/women/52.jpg","thumbnail":"https://randomuser.me/api/portraits/thumb/women/52.jpg"},"nat":"FR"}],"info":{"seed":"bf249c76227451c2","results":1,"page":1,"version":"1.4"}} 
 </msg>
<msg time="2024-07-18T12:30:19.575388" level="INFO">/opt/hostedtoolcache/Python/3.12.4/x64/lib/python3.12/site-packages/urllib3/connectionpool.py:1099: InsecureRequestWarning: Unverified HTTPS request is being made to host 'randomuser.me'. Adding certificate verification is strongly advised. See: https://urllib3.readthedocs.io/en/latest/advanced-usage.html#tls-warnings
  warnings.warn(</msg>
<msg time="2024-07-18T12:30:19.575525" level="INFO">${response} = &lt;Response [200]&gt;</msg>
<var>${response}</var>
<arg>consultarAPI</arg>
<arg>/api</arg>
<doc>Sends a GET request on a previously created HTTP Session.</doc>
<status status="PASS" start="2024-07-18T12:30:19.490179" elapsed="0.085388"/>
</kw>
<kw name="Set Variable" owner="BuiltIn">
<msg time="2024-07-18T12:30:19.576937" level="INFO">${json_data} = {'results': [{'gender': 'female', 'name': {'title': 'Ms', 'first': 'Léane', 'last': 'Carpentier'}, 'location': {'street': {'number': 7287, 'name': "Rue de L'Abbé-Carton"}, 'city': 'Aulnay-sous-Bois', ...</msg>
<var>${json_data}</var>
<arg>${response.json()}</arg>
<doc>Returns the given values which can then be assigned to a variables.</doc>
<status status="PASS" start="2024-07-18T12:30:19.576316" elapsed="0.000653"/>
</kw>
<kw name="Log" owner="BuiltIn">
<msg time="2024-07-18T12:30:19.577544" level="INFO">{'results': [{'gender': 'female', 'name': {'title': 'Ms', 'first': 'Léane', 'last': 'Carpentier'}, 'location': {'street': {'number': 7287, 'name': "Rue de L'Abbé-Carton"}, 'city': 'Aulnay-sous-Bois', 'state': 'Charente', 'country': 'France', 'postcode': 55103, 'coordinates': {'latitude': '-15.3407', 'longitude': '116.8030'}, 'timezone': {'offset': '+9:00', 'description': 'Tokyo, Seoul, Osaka, Sapporo, Yakutsk'}}, 'email': 'leane.carpentier@example.com', 'login': {'uuid': 'a2ddb812-8e3a-45b1-921d-37ea88df538f', 'username': 'ticklishduck537', 'password': 'azerty', 'salt': '4nPtRhfi', 'md5': '0e480d63d3c8f92ad1436cfd26de43fd', 'sha1': '6ca06da32bce303d6052c7f4c45fce6cbbf881ee', 'sha256': '96adeaf12f648ce15fc707f4c3e852581fe10f7d93912ae8f553c54a0c997a7e'}, 'dob': {'date': '1997-03-13T13:18:52.108Z', 'age': 27}, 'registered': {'date': '2015-01-24T23:07:12.707Z', 'age': 9}, 'phone': '03-89-32-59-91', 'cell': '06-00-02-82-61', 'id': {'name': 'INSEE', 'value': '2970223910112 29'}, 'picture': {'large': 'https://randomuser.me/api/portraits/women/52.jpg', 'medium': 'https://randomuser.me/api/portraits/med/women/52.jpg', 'thumbnail': 'https://randomuser.me/api/portraits/thumb/women/52.jpg'}, 'nat': 'FR'}], 'info': {'seed': 'bf249c76227451c2', 'results': 1, 'page': 1, 'version': '1.4'}}</msg>
<arg>${json_data}</arg>
<doc>Logs the given message with the given level.</doc>
<status status="PASS" start="2024-07-18T12:30:19.577358" elapsed="0.000242"/>
</kw>
<kw name="Should Be String" owner="String">
<arg>${json_data['results'][0]['gender']}</arg>
<doc>Fails if the given ``item`` is not a string.</doc>
<status status="PASS" start="2024-07-18T12:30:19.577958" elapsed="0.000408"/>
</kw>
<kw name="Should Match Regexp" owner="BuiltIn">
<arg>${json_data['results'][0]['email']}</arg>
<arg>^[a-zA-Z0-9._%+-]+@[a-zA-Z0-9.-]+\.[a-zA-Z]{2,}$</arg>
<doc>Fails if ``string`` does not match ``pattern`` as a regular expression.</doc>
<status status="PASS" start="2024-07-18T12:30:19.578612" elapsed="0.000581"/>
</kw>
<kw name="Should Match Regexp" owner="BuiltIn">
<arg>${json_data['results'][0]['dob']['date']}</arg>
<arg>\\d{4}-\\d{2}-\\d{2}T\\d{2}:\\d{2}:\\d{2}\\.\\d{3}Z</arg>
<doc>Fails if ``string`` does not match ``pattern`` as a regular expression.</doc>
<status status="PASS" start="2024-07-18T12:30:19.579403" elapsed="0.000713"/>
</kw>
<kw name="Should Match Regexp" owner="BuiltIn">
<arg>${json_data['results'][0]['registered']['date']}</arg>
<arg>\\d{4}-\\d{2}-\\d{2}T\\d{2}:\\d{2}:\\d{2}\\.\\d{3}Z</arg>
<doc>Fails if ``string`` does not match ``pattern`` as a regular expression.</doc>
<status status="PASS" start="2024-07-18T12:30:19.580320" elapsed="0.000408"/>
</kw>
<kw name="Should Match Regexp" owner="BuiltIn">
<arg>${json_data['results'][0]['picture']['large']}</arg>
<arg>^https?://.*\.(?:png|jpe?g|gif|bmp)$</arg>
<doc>Fails if ``string`` does not match ``pattern`` as a regular expression.</doc>
<status status="PASS" start="2024-07-18T12:30:19.580929" elapsed="0.000479"/>
</kw>
<kw name="Should Match Regexp" owner="BuiltIn">
<arg>${json_data['results'][0]['picture']['medium']}</arg>
<arg>^https?://.*\.(?:png|jpe?g|gif|bmp)$</arg>
<doc>Fails if ``string`` does not match ``pattern`` as a regular expression.</doc>
<status status="PASS" start="2024-07-18T12:30:19.581601" elapsed="0.000361"/>
</kw>
<kw name="Should Match Regexp" owner="BuiltIn">
<arg>${json_data['results'][0]['picture']['thumbnail']}</arg>
<arg>^https?://.*\.(?:png|jpe?g|gif|bmp)$</arg>
<doc>Fails if ``string`` does not match ``pattern`` as a regular expression.</doc>
<status status="PASS" start="2024-07-18T12:30:19.582156" elapsed="0.000357"/>
</kw>
<kw name="Log" owner="BuiltIn">
<msg time="2024-07-18T12:30:19.583040" level="INFO">{'large': 'https://randomuser.me/api/portraits/women/52.jpg', 'medium': 'https://randomuser.me/api/portraits/med/women/52.jpg', 'thumbnail': 'https://randomuser.me/api/portraits/thumb/women/52.jpg'}</msg>
<arg>${json_data['results'][0]['picture']}</arg>
<doc>Logs the given message with the given level.</doc>
<status status="PASS" start="2024-07-18T12:30:19.582706" elapsed="0.000399"/>
</kw>
<status status="PASS" start="2024-07-18T12:30:19.489924" elapsed="0.093461"/>
</kw>
<kw name="Teste de Tipos de Dados - Postcode" owner="random-user-service">
<kw name="GET On Session" owner="RequestsLibrary">
<msg time="2024-07-18T12:30:19.680716" level="INFO">GET Request : url=https://randomuser.me/api 
 path_url=/api 
 headers={'User-Agent': 'python-requests/2.32.3', 'Accept-Encoding': 'gzip, deflate', 'Accept': '*/*', 'Connection': 'keep-alive'} 
 body=None 
 </msg>
<msg time="2024-07-18T12:30:19.680840" level="INFO">GET Response : url=https://randomuser.me/api 
 status=200, reason=OK 
 headers={'Date': 'Thu, 18 Jul 2024 12:30:19 GMT', 'Content-Type': 'application/json; charset=utf-8', 'Transfer-Encoding': 'chunked', 'Connection': 'keep-alive', 'X-Powered-By': 'Express', 'Access-Control-Allow-Origin': '*', 'Cache-Control': 'no-cache', 'ETag': 'W/"497-IlVd3YmdPQjw5DsGufZSWscBW70"', 'Vary': 'Accept-Encoding', 'Content-Encoding': 'gzip', 'CF-Cache-Status': 'DYNAMIC', 'Report-To': '{"endpoints":[{"url":"https:\\/\\/a.nel.cloudflare.com\\/report\\/v4?s=B8IQAQhm7dhCfkuA0qAORcvU21RzpSQUY1dNH3EtXtIkZ49fAwBp7DSxV8EXlOeBp7xC3JzS%2Fohy%2BSGJtEKRyRBVkXfOSSLwJg%2Bk0HbXDymvbwFW7RKDzBLYg%2FCodNT9"}],"group":"cf-nel","max_age":604800}', 'NEL': '{"success_fraction":0,"report_to":"cf-nel","max_age":604800}', 'Server': 'cloudflare', 'CF-RAY': '8a527b7c694220ae-IAD', 'alt-svc': 'h3=":443"; ma=86400'} 
 body={"results":[{"gender":"male","name":{"title":"Mr","first":"Özkan","last":"Limoncuoğlu"},"location":{"street":{"number":6790,"name":"Talak Göktepe Cd"},"city":"Batman","state":"Kahramanmaraş","country":"Turkey","postcode":83943,"coordinates":{"latitude":"66.5573","longitude":"-47.6544"},"timezone":{"offset":"-4:00","description":"Atlantic Time (Canada), Caracas, La Paz"}},"email":"ozkan.limoncuoglu@example.com","login":{"uuid":"e94a4e9d-4e89-40b3-83bc-833435f919de","username":"redrabbit590","password":"casey","salt":"s4FLbQos","md5":"fe845a02312ec719f7ba7d58f87c742b","sha1":"82f6d45cb1fe6912751b5a29a54bf698f308b3f9","sha256":"cd3d19e487f8dff0d604cb782ead6e7e2de07c636b6bf3397d240765c2024cd3"},"dob":{"date":"1958-10-13T03:24:20.833Z","age":65},"registered":{"date":"2007-03-14T16:58:17.400Z","age":17},"phone":"(239)-506-8978","cell":"(506)-371-3920","id":{"name":"","value":null},"picture":{"large":"https://randomuser.me/api/portraits/men/25.jpg","medium":"https://randomuser.me/api/portraits/med/men/25.jpg","thumbnail":"https://randomuser.me/api/portraits/thumb/men/25.jpg"},"nat":"TR"}],"info":{"seed":"7fd2172aa098d9cc","results":1,"page":1,"version":"1.4"}} 
 </msg>
<msg time="2024-07-18T12:30:19.680939" level="INFO">/opt/hostedtoolcache/Python/3.12.4/x64/lib/python3.12/site-packages/urllib3/connectionpool.py:1099: InsecureRequestWarning: Unverified HTTPS request is being made to host 'randomuser.me'. Adding certificate verification is strongly advised. See: https://urllib3.readthedocs.io/en/latest/advanced-usage.html#tls-warnings
  warnings.warn(</msg>
<msg time="2024-07-18T12:30:19.681077" level="INFO">${response} = &lt;Response [200]&gt;</msg>
<var>${response}</var>
<arg>consultarAPI</arg>
<arg>/api</arg>
<doc>Sends a GET request on a previously created HTTP Session.</doc>
<status status="PASS" start="2024-07-18T12:30:19.583869" elapsed="0.097241"/>
</kw>
<kw name="Set Variable" owner="BuiltIn">
<msg time="2024-07-18T12:30:19.682310" level="INFO">${json_data} = {'results': [{'gender': 'male', 'name': {'title': 'Mr', 'first': 'Özkan', 'last': 'Limoncuoğlu'}, 'location': {'street': {'number': 6790, 'name': 'Talak Göktepe Cd'}, 'city': 'Batman', 'state': 'Kahra...</msg>
<var>${json_data}</var>
<arg>${response.json()}</arg>
<doc>Returns the given values which can then be assigned to a variables.</doc>
<status status="PASS" start="2024-07-18T12:30:19.681722" elapsed="0.000619"/>
</kw>
<kw name="Log" owner="BuiltIn">
<msg time="2024-07-18T12:30:19.682897" level="INFO">{'results': [{'gender': 'male', 'name': {'title': 'Mr', 'first': 'Özkan', 'last': 'Limoncuoğlu'}, 'location': {'street': {'number': 6790, 'name': 'Talak Göktepe Cd'}, 'city': 'Batman', 'state': 'Kahramanmaraş', 'country': 'Turkey', 'postcode': 83943, 'coordinates': {'latitude': '66.5573', 'longitude': '-47.6544'}, 'timezone': {'offset': '-4:00', 'description': 'Atlantic Time (Canada), Caracas, La Paz'}}, 'email': 'ozkan.limoncuoglu@example.com', 'login': {'uuid': 'e94a4e9d-4e89-40b3-83bc-833435f919de', 'username': 'redrabbit590', 'password': 'casey', 'salt': 's4FLbQos', 'md5': 'fe845a02312ec719f7ba7d58f87c742b', 'sha1': '82f6d45cb1fe6912751b5a29a54bf698f308b3f9', 'sha256': 'cd3d19e487f8dff0d604cb782ead6e7e2de07c636b6bf3397d240765c2024cd3'}, 'dob': {'date': '1958-10-13T03:24:20.833Z', 'age': 65}, 'registered': {'date': '2007-03-14T16:58:17.400Z', 'age': 17}, 'phone': '(239)-506-8978', 'cell': '(506)-371-3920', 'id': {'name': '', 'value': None}, 'picture': {'large': 'https://randomuser.me/api/portraits/men/25.jpg', 'medium': 'https://randomuser.me/api/portraits/med/men/25.jpg', 'thumbnail': 'https://randomuser.me/api/portraits/thumb/men/25.jpg'}, 'nat': 'TR'}], 'info': {'seed': '7fd2172aa098d9cc', 'results': 1, 'page': 1, 'version': '1.4'}}</msg>
<arg>${json_data}</arg>
<doc>Logs the given message with the given level.</doc>
<status status="PASS" start="2024-07-18T12:30:19.682718" elapsed="0.000232"/>
</kw>
<kw name="Should Be Equal As Numbers" owner="BuiltIn">
<arg>${json_data['results'][0]['location']['postcode']}</arg>
<arg>${json_data['results'][0]['location']['postcode']}</arg>
<doc>Fails if objects are unequal after converting them to real numbers.</doc>
<status status="PASS" start="2024-07-18T12:30:19.683364" elapsed="0.000683"/>
</kw>
<kw name="Log" owner="BuiltIn">
<msg time="2024-07-18T12:30:19.684638" level="INFO">83943</msg>
<arg>${json_data['results'][0]['location']['postcode']}</arg>
<doc>Logs the given message with the given level.</doc>
<status status="PASS" start="2024-07-18T12:30:19.684289" elapsed="0.000392"/>
</kw>
<status status="PASS" start="2024-07-18T12:30:19.583623" elapsed="0.101332"/>
</kw>
<doc>Testa se os tipos de dados na resposta da API estão corretos.</doc>
<tag>testeTiposDados</tag>
<status status="PASS" start="2024-07-18T12:30:19.489300" elapsed="0.195835"/>
</test>
<test id="s1-s1-t5" name="Validar conteudo" line="35">
<kw name="Teste de Tipos de Conteudo" owner="random-user-service">
<kw name="GET On Session" owner="RequestsLibrary">
<msg time="2024-07-18T12:30:19.781782" level="INFO">GET Request : url=https://randomuser.me/api 
 path_url=/api 
 headers={'User-Agent': 'python-requests/2.32.3', 'Accept-Encoding': 'gzip, deflate', 'Accept': '*/*', 'Connection': 'keep-alive'} 
 body=None 
 </msg>
<msg time="2024-07-18T12:30:19.781889" level="INFO">GET Response : url=https://randomuser.me/api 
 status=200, reason=OK 
 headers={'Date': 'Thu, 18 Jul 2024 12:30:19 GMT', 'Content-Type': 'application/json; charset=utf-8', 'Transfer-Encoding': 'chunked', 'Connection': 'keep-alive', 'X-Powered-By': 'Express', 'Access-Control-Allow-Origin': '*', 'Cache-Control': 'no-cache', 'ETag': 'W/"46c-WZrjFLbLEpeB6rTYdZ2nC/7UiPI"', 'Vary': 'Accept-Encoding', 'Content-Encoding': 'gzip', 'CF-Cache-Status': 'DYNAMIC', 'Report-To': '{"endpoints":[{"url":"https:\\/\\/a.nel.cloudflare.com\\/report\\/v4?s=adGMFxAwnndDnuRqCgl8LP3xH2ENyTKRx8k75EMz0Ohie8GpNhlf3oCcNk56QF0nHemTPgWI7%2BgxNub%2Ffl0i61TFr4LhmKIMZRpwYDp2g6F6AenN1yEG4xd2vFwMC7rb"}],"group":"cf-nel","max_age":604800}', 'NEL': '{"success_fraction":0,"report_to":"cf-nel","max_age":604800}', 'Server': 'cloudflare', 'CF-RAY': '8a527b7d1a1120ae-IAD', 'alt-svc': 'h3=":443"; ma=86400'} 
 body={"results":[{"gender":"male","name":{"title":"Mr","first":"Albert","last":"Jacobs"},"location":{"street":{"number":8866,"name":"Ormond Quay"},"city":"Celbridge","state":"Offaly","country":"Ireland","postcode":41438,"coordinates":{"latitude":"-3.9071","longitude":"-176.0447"},"timezone":{"offset":"+9:30","description":"Adelaide, Darwin"}},"email":"albert.jacobs@example.com","login":{"uuid":"07ee93b5-1983-40f9-8212-c7d0193874f7","username":"bigcat802","password":"bmwbmw","salt":"eLHla8Js","md5":"2d99fc36daa482a183acfbe18918ff1f","sha1":"2d1c27292f815db79f89adfc8c83ef4420dcaa94","sha256":"f02d97cb2b2f858c3f5a93eb600a241540b153292ac4b0e6f91fa9a099c914e7"},"dob":{"date":"1970-05-08T00:53:25.279Z","age":54},"registered":{"date":"2018-12-03T08:08:36.142Z","age":5},"phone":"011-625-4394","cell":"081-682-8066","id":{"name":"PPS","value":"0138764T"},"picture":{"large":"https://randomuser.me/api/portraits/men/4.jpg","medium":"https://randomuser.me/api/portraits/med/men/4.jpg","thumbnail":"https://randomuser.me/api/portraits/thumb/men/4.jpg"},"nat":"IE"}],"info":{"seed":"cc6d9268a7cae2dc","results":1,"page":1,"version":"1.4"}} 
 </msg>
<msg time="2024-07-18T12:30:19.781965" level="INFO">/opt/hostedtoolcache/Python/3.12.4/x64/lib/python3.12/site-packages/urllib3/connectionpool.py:1099: InsecureRequestWarning: Unverified HTTPS request is being made to host 'randomuser.me'. Adding certificate verification is strongly advised. See: https://urllib3.readthedocs.io/en/latest/advanced-usage.html#tls-warnings
  warnings.warn(</msg>
<msg time="2024-07-18T12:30:19.782095" level="INFO">${response} = &lt;Response [200]&gt;</msg>
<var>${response}</var>
<arg>consultarAPI</arg>
<arg>/api</arg>
<doc>Sends a GET request on a previously created HTTP Session.</doc>
<status status="PASS" start="2024-07-18T12:30:19.687781" elapsed="0.094348"/>
</kw>
<kw name="Set Variable" owner="BuiltIn">
<msg time="2024-07-18T12:30:19.783293" level="INFO">${json_data} = {'results': [{'gender': 'male', 'name': {'title': 'Mr', 'first': 'Albert', 'last': 'Jacobs'}, 'location': {'street': {'number': 8866, 'name': 'Ormond Quay'}, 'city': 'Celbridge', 'state': 'Offaly', 'c...</msg>
<var>${json_data}</var>
<arg>${response.json()}</arg>
<doc>Returns the given values which can then be assigned to a variables.</doc>
<status status="PASS" start="2024-07-18T12:30:19.782709" elapsed="0.000614"/>
</kw>
<kw name="Set Variable" owner="BuiltIn">
<msg time="2024-07-18T12:30:19.784007" level="INFO">${name_title} = Mr</msg>
<var>${name_title}</var>
<arg>${json_data["results"][0]["name"]["title"]}</arg>
<doc>Returns the given values which can then be assigned to a variables.</doc>
<status status="PASS" start="2024-07-18T12:30:19.783626" elapsed="0.000407"/>
</kw>
<kw name="Create List" owner="BuiltIn">
<msg time="2024-07-18T12:30:19.784475" level="INFO">${allowed_titles} = ['Mr', 'Ms', 'Miss', 'Mrs', 'Madame', 'Monsieur']</msg>
<var>${allowed_titles}</var>
<arg>Mr</arg>
<arg>Ms</arg>
<arg>Miss</arg>
<arg>Mrs</arg>
<arg>Madame</arg>
<arg>Monsieur</arg>
<doc>Returns a list containing given items.</doc>
<status status="PASS" start="2024-07-18T12:30:19.784328" elapsed="0.000171"/>
</kw>
<kw name="List Should Contain Value" owner="Collections">
<arg>${allowed_titles}</arg>
<arg>${name_title}</arg>
<doc>Fails if the ``value`` is not found from ``list``.</doc>
<status status="PASS" start="2024-07-18T12:30:19.784795" elapsed="0.000177"/>
</kw>
<kw name="Set Variable" owner="BuiltIn">
<msg time="2024-07-18T12:30:19.785531" level="INFO">${name_country} = IE</msg>
<var>${name_country}</var>
<arg>${json_data["results"][0]["nat"]}</arg>
<doc>Returns the given values which can then be assigned to a variables.</doc>
<status status="PASS" start="2024-07-18T12:30:19.785151" elapsed="0.000405"/>
</kw>
<kw name="Create List" owner="BuiltIn">
<msg time="2024-07-18T12:30:19.786439" level="INFO">${list_country} = ['AD', 'AE', 'AF', 'AG', 'AI', 'AL', 'AM', 'AO', 'AQ', 'AR', 'AS', 'AT', 'AU', 'AW', 'AX', 'AZ', 'BA', 'BB', 'BD', 'BE', 'BF', 'BG', 'BH', 'BI', 'BJ', 'BL', 'BM', 'BN', 'BO', 'BQ', 'BR', 'BS', 'BT', '...</msg>
<var>${list_country}</var>
<arg>AD</arg>
<arg>AE</arg>
<arg>AF</arg>
<arg>AG</arg>
<arg>AI</arg>
<arg>AL</arg>
<arg>AM</arg>
<arg>AO</arg>
<arg>AQ</arg>
<arg>AR</arg>
<arg>AS</arg>
<arg>AT</arg>
<arg>AU</arg>
<arg>AW</arg>
<arg>AX</arg>
<arg>AZ</arg>
<arg>BA</arg>
<arg>BB</arg>
<arg>BD</arg>
<arg>BE</arg>
<arg>BF</arg>
<arg>BG</arg>
<arg>BH</arg>
<arg>BI</arg>
<arg>BJ</arg>
<arg>BL</arg>
<arg>BM</arg>
<arg>BN</arg>
<arg>BO</arg>
<arg>BQ</arg>
<arg>BR</arg>
<arg>BS</arg>
<arg>BT</arg>
<arg>BV</arg>
<arg>BW</arg>
<arg>BY</arg>
<arg>BZ</arg>
<arg>CA</arg>
<arg>CC</arg>
<arg>CD</arg>
<arg>CF</arg>
<arg>CG</arg>
<arg>CH</arg>
<arg>CI</arg>
<arg>CK</arg>
<arg>CL</arg>
<arg>CM</arg>
<arg>CN</arg>
<arg>CO</arg>
<arg>CR</arg>
<arg>CU</arg>
<arg>CV</arg>
<arg>CW</arg>
<arg>CX</arg>
<arg>CY</arg>
<arg>CZ</arg>
<arg>DE</arg>
<arg>DJ</arg>
<arg>DK</arg>
<arg>DM</arg>
<arg>DO</arg>
<arg>DZ</arg>
<arg>EC</arg>
<arg>EE</arg>
<arg>EG</arg>
<arg>EH</arg>
<arg>ER</arg>
<arg>ES</arg>
<arg>ET</arg>
<arg>FI</arg>
<arg>FJ</arg>
<arg>FK</arg>
<arg>FM</arg>
<arg>FO</arg>
<arg>FR</arg>
<arg>GA</arg>
<arg>GB</arg>
<arg>GD</arg>
<arg>GE</arg>
<arg>GF</arg>
<arg>GG</arg>
<arg>GH</arg>
<arg>GI</arg>
<arg>GL</arg>
<arg>GM</arg>
<arg>GN</arg>
<arg>GP</arg>
<arg>GQ</arg>
<arg>GR</arg>
<arg>GS</arg>
<arg>GT</arg>
<arg>GU</arg>
<arg>GW</arg>
<arg>GY</arg>
<arg>HK</arg>
<arg>HM</arg>
<arg>HN</arg>
<arg>HR</arg>
<arg>HT</arg>
<arg>HU</arg>
<arg>ID</arg>
<arg>IE</arg>
<arg>IL</arg>
<arg>IM</arg>
<arg>IN</arg>
<arg>IO</arg>
<arg>IQ</arg>
<arg>IR</arg>
<arg>IS</arg>
<arg>IT</arg>
<arg>JE</arg>
<arg>JM</arg>
<arg>JO</arg>
<arg>JP</arg>
<arg>KE</arg>
<arg>KG</arg>
<arg>KH</arg>
<arg>KI</arg>
<arg>KM</arg>
<arg>KN</arg>
<arg>KP</arg>
<arg>KR</arg>
<arg>KW</arg>
<arg>KY</arg>
<arg>KZ</arg>
<arg>LA</arg>
<arg>LB</arg>
<arg>LC</arg>
<arg>LI</arg>
<arg>LK</arg>
<arg>LR</arg>
<arg>LS</arg>
<arg>LT</arg>
<arg>LU</arg>
<arg>LV</arg>
<arg>LY</arg>
<arg>MA</arg>
<arg>MC</arg>
<arg>MD</arg>
<arg>ME</arg>
<arg>MF</arg>
<arg>MG</arg>
<arg>MH</arg>
<arg>MK</arg>
<arg>ML</arg>
<arg>MM</arg>
<arg>MN</arg>
<arg>MO</arg>
<arg>MP</arg>
<arg>MQ</arg>
<arg>MR</arg>
<arg>MS</arg>
<arg>MT</arg>
<arg>MU</arg>
<arg>MV</arg>
<arg>MW</arg>
<arg>MX</arg>
<arg>MY</arg>
<arg>MZ</arg>
<arg>NA</arg>
<arg>NC</arg>
<arg>NE</arg>
<arg>NF</arg>
<arg>NG</arg>
<arg>NI</arg>
<arg>NL</arg>
<arg>NO</arg>
<arg>NP</arg>
<arg>NR</arg>
<arg>NU</arg>
<arg>NZ</arg>
<arg>OM</arg>
<arg>PA</arg>
<arg>PE</arg>
<arg>PF</arg>
<arg>PG</arg>
<arg>PH</arg>
<arg>PK</arg>
<arg>PL</arg>
<arg>PM</arg>
<arg>PN</arg>
<arg>PR</arg>
<arg>PS</arg>
<arg>PT</arg>
<arg>PW</arg>
<arg>PY</arg>
<arg>QA</arg>
<arg>RE</arg>
<arg>RO</arg>
<arg>RS</arg>
<arg>RU</arg>
<arg>RW</arg>
<arg>SA</arg>
<arg>SB</arg>
<arg>SC</arg>
<arg>SD</arg>
<arg>SE</arg>
<arg>SG</arg>
<arg>SH</arg>
<arg>SI</arg>
<arg>SJ</arg>
<arg>SK</arg>
<arg>SL</arg>
<arg>SM</arg>
<arg>SN</arg>
<arg>SO</arg>
<arg>SR</arg>
<arg>SS</arg>
<arg>ST</arg>
<arg>SV</arg>
<arg>SX</arg>
<arg>SY</arg>
<arg>SZ</arg>
<arg>TC</arg>
<arg>TD</arg>
<arg>TF</arg>
<arg>TG</arg>
<arg>TH</arg>
<arg>TJ</arg>
<arg>TK</arg>
<arg>TL</arg>
<arg>TM</arg>
<arg>TN</arg>
<arg>TO</arg>
<arg>TR</arg>
<arg>TT</arg>
<arg>TV</arg>
<arg>TW</arg>
<arg>TZ</arg>
<arg>UA</arg>
<arg>UG</arg>
<arg>UM</arg>
<arg>US</arg>
<arg>UY</arg>
<arg>UZ</arg>
<arg>VA</arg>
<arg>VC</arg>
<arg>VE</arg>
<arg>VG</arg>
<arg>VI</arg>
<arg>VN</arg>
<arg>VU</arg>
<arg>WF</arg>
<arg>WS</arg>
<arg>XK</arg>
<arg>YE</arg>
<arg>YT</arg>
<arg>ZA</arg>
<arg>ZM</arg>
<arg>ZW</arg>
<doc>Returns a list containing given items.</doc>
<status status="PASS" start="2024-07-18T12:30:19.785846" elapsed="0.000630"/>
</kw>
<kw name="List Should Contain Value" owner="Collections">
<arg>${list_country}</arg>
<arg>${name_country}</arg>
<doc>Fails if the ``value`` is not found from ``list``.</doc>
<status status="PASS" start="2024-07-18T12:30:19.787502" elapsed="0.000211"/>
</kw>
<kw name="Run Keyword If" owner="BuiltIn">
<kw name="Should Be True" owner="BuiltIn">
<arg>${True}</arg>
<doc>Fails if the given condition is not true.</doc>
<status status="PASS" start="2024-07-18T12:30:19.788671" elapsed="0.000144"/>
</kw>
<arg>${json_data["results"][0]["location"]["coordinates"]["latitude"]} &gt;= -90 and ${json_data["results"][0]["location"]["coordinates"]["latitude"]} &lt;= 90</arg>
<arg>Should Be True</arg>
<arg>${True}</arg>
<doc>Runs the given keyword with the given arguments, if ``condition`` is true.</doc>
<status status="PASS" start="2024-07-18T12:30:19.787915" elapsed="0.001025"/>
</kw>
<kw name="Run Keyword If" owner="BuiltIn">
<kw name="Should Be True" owner="BuiltIn">
<arg>${True}</arg>
<doc>Fails if the given condition is not true.</doc>
<status status="PASS" start="2024-07-18T12:30:19.789814" elapsed="0.000134"/>
</kw>
<arg>${json_data["results"][0]["location"]["coordinates"]["longitude"]} &gt;= -180 and ${json_data["results"][0]["location"]["coordinates"]["longitude"]} &lt;= 180</arg>
<arg>Should Be True</arg>
<arg>${True}</arg>
<doc>Runs the given keyword with the given arguments, if ``condition`` is true.</doc>
<status status="PASS" start="2024-07-18T12:30:19.789127" elapsed="0.000942"/>
</kw>
<status status="PASS" start="2024-07-18T12:30:19.687530" elapsed="0.102673"/>
</kw>
<doc>Testa o conteúdo específico dos campos retornados pela API.</doc>
<tag>testeConteudo</tag>
<status status="PASS" start="2024-07-18T12:30:19.686975" elapsed="0.103386"/>
</test>
<status status="PASS" start="2024-07-18T12:30:18.885194" elapsed="0.907201"/>
</suite>
<status status="PASS" start="2024-07-18T12:30:18.870531" elapsed="0.926930"/>
</suite>
<statistics>
<total>
<stat pass="5" fail="0" skip="0">All Tests</stat>
</total>
<tag>
<stat pass="1" fail="0" skip="0">testeConteudo</stat>
<stat pass="1" fail="0" skip="0">testeEstruturaResposta</stat>
<stat pass="1" fail="0" skip="0">testeRequisicaoBasica</stat>
<stat pass="1" fail="0" skip="0">testeTiposDados</stat>
</tag>
<suite>
<stat pass="5" fail="0" skip="0" id="s1" name="Tests">Tests</stat>
<stat pass="5" fail="0" skip="0" id="s1-s1" name="Random-User-Test">Tests.Random-User-Test</stat>
</suite>
</statistics>
<errors>
</errors>
</robot>
