<?xml version="1.0" encoding="UTF-8"?>
<robot generator="Robot 7.0 (Python 3.12.3 on linux)" generated="2024-05-26T09:15:51.199876" rpa="false" schemaversion="5">
<suite id="s1" name="Tests" source="/home/runner/work/ApiRandomUser/ApiRandomUser/RamdonUser/tests">
<suite id="s1-s1" name="Random-User-Test" source="/home/runner/work/ApiRandomUser/ApiRandomUser/RamdonUser/tests/random-user-test.robot">
<test id="s1-s1-t1" name="Conectar" line="13">
<kw name="Conectar API" owner="random-user-service">
<kw name="Create Session" owner="RequestsLibrary">
<msg time="2024-05-26T09:15:51.611827" level="INFO">Creating Session using : alias=consultarAPI, url=https://randomuser.me/, headers={},                     cookies={}, auth=None, timeout=None, proxies=None, verify=False,                     debug=0 </msg>
<arg>consultarAPI</arg>
<arg>${URL}</arg>
<doc>Create Session: create a HTTP session to a server</doc>
<status status="PASS" start="2024-05-26T09:15:51.611624" elapsed="0.000390"/>
</kw>
<status status="PASS" start="2024-05-26T09:15:51.610554" elapsed="0.001824"/>
</kw>
<status status="PASS" start="2024-05-26T09:15:51.610005" elapsed="0.002567"/>
</test>
<test id="s1-s1-t2" name="Validar retorno 200 e JSON Válido" line="16">
<kw name="Teste de Requisicao Basica" owner="random-user-service">
<kw name="GET On Session" owner="RequestsLibrary">
<msg time="2024-05-26T09:15:51.680454" level="INFO">GET Request : url=https://randomuser.me/api 
 path_url=/api 
 headers={'User-Agent': 'python-requests/2.32.2', 'Accept-Encoding': 'gzip, deflate', 'Accept': '*/*', 'Connection': 'keep-alive'} 
 body=None 
 </msg>
<msg time="2024-05-26T09:15:51.680597" level="INFO">GET Response : url=https://randomuser.me/api 
 status=200, reason=OK 
 headers={'Date': 'Sun, 26 May 2024 09:15:51 GMT', 'Content-Type': 'application/json; charset=utf-8', 'Transfer-Encoding': 'chunked', 'Connection': 'keep-alive', 'X-Powered-By': 'Express', 'Access-Control-Allow-Origin': '*', 'Cache-Control': 'no-cache', 'ETag': 'W/"489-bLUZxDCb9YwRv7V+Z1MPjoEUvWU"', 'Vary': 'Accept-Encoding', 'Content-Encoding': 'gzip', 'CF-Cache-Status': 'DYNAMIC', 'Report-To': '{"endpoints":[{"url":"https:\\/\\/a.nel.cloudflare.com\\/report\\/v4?s=Y3KMr2NkoJbUJy87WySs0V93DPBItS7u7d5Hce5DEYHvo7XqVNKgwO%2B6bChQc6dssazlAMfvlbGsCvNY0SCb%2BvZnOnHcx4kKw1LjWC69trbM%2BEEzT%2BnPvOsY8ZGIUhak"}],"group":"cf-nel","max_age":604800}', 'NEL': '{"success_fraction":0,"report_to":"cf-nel","max_age":604800}', 'Server': 'cloudflare', 'CF-RAY': '889ca9bfda40081a-IAD', 'alt-svc': 'h3=":443"; ma=86400'} 
 body={"results":[{"gender":"female","name":{"title":"Ms","first":"Alizee","last":"Lucas"},"location":{"street":{"number":3435,"name":"Rue Bossuet"},"city":"Le Mans","state":"Aisne","country":"France","postcode":67762,"coordinates":{"latitude":"-13.0465","longitude":"166.1937"},"timezone":{"offset":"+7:00","description":"Bangkok, Hanoi, Jakarta"}},"email":"alizee.lucas@example.com","login":{"uuid":"09bd5660-a167-45de-acc7-7e89f79136b8","username":"heavykoala923","password":"roger","salt":"gyEwY3OX","md5":"c0d789636ea4d460eb1db950477b225b","sha1":"6a9e6fdbc126906457c48b59941cedabb2a3c362","sha256":"7a45e293d203005e04df9680a02f29b8d177d08327d5ee5e20809a4bb39ac527"},"dob":{"date":"1974-07-20T12:19:09.957Z","age":49},"registered":{"date":"2014-07-26T21:42:21.241Z","age":9},"phone":"03-50-23-75-17","cell":"06-92-68-59-61","id":{"name":"INSEE","value":"2740623406083 73"},"picture":{"large":"https://randomuser.me/api/portraits/women/90.jpg","medium":"https://randomuser.me/api/portraits/med/women/90.jpg","thumbnail":"https://randomuser.me/api/portraits/thumb/women/90.jpg"},"nat":"FR"}],"info":{"seed":"888caabfacbd82db","results":1,"page":1,"version":"1.4"}} 
 </msg>
<msg time="2024-05-26T09:15:51.680681" level="INFO">/opt/hostedtoolcache/Python/3.12.3/x64/lib/python3.12/site-packages/urllib3/connectionpool.py:1103: InsecureRequestWarning: Unverified HTTPS request is being made to host 'randomuser.me'. Adding certificate verification is strongly advised. See: https://urllib3.readthedocs.io/en/latest/advanced-usage.html#tls-warnings
  warnings.warn(</msg>
<msg time="2024-05-26T09:15:51.680818" level="INFO">${response} = &lt;Response [200]&gt;</msg>
<var>${response}</var>
<arg>consultarAPI</arg>
<arg>/api</arg>
<doc>Sends a GET request on a previously created HTTP Session.</doc>
<status status="PASS" start="2024-05-26T09:15:51.615170" elapsed="0.065690"/>
</kw>
<kw name="Should Be Equal As Numbers" owner="BuiltIn">
<msg time="2024-05-26T09:15:51.681856" level="INFO">Argument types are:
&lt;class 'int'&gt;
&lt;class 'str'&gt;</msg>
<arg>${response.status_code}</arg>
<arg>200</arg>
<doc>Fails if objects are unequal after converting them to real numbers.</doc>
<status status="PASS" start="2024-05-26T09:15:51.681368" elapsed="0.000554"/>
</kw>
<kw name="Log" owner="BuiltIn">
<msg time="2024-05-26T09:15:51.682625" level="INFO">200</msg>
<arg>${response.status_code}</arg>
<doc>Logs the given message with the given level.</doc>
<status status="PASS" start="2024-05-26T09:15:51.682274" elapsed="0.000399"/>
</kw>
<kw name="Set Variable" owner="BuiltIn">
<msg time="2024-05-26T09:15:51.683411" level="INFO">${json_data} = {'results': [{'gender': 'female', 'name': {'title': 'Ms', 'first': 'Alizee', 'last': 'Lucas'}, 'location': {'street': {'number': 3435, 'name': 'Rue Bossuet'}, 'city': 'Le Mans', 'state': 'Aisne', 'cou...</msg>
<var>${json_data}</var>
<arg>${response.json()}</arg>
<doc>Returns the given values which can then be assigned to a variables.</doc>
<status status="PASS" start="2024-05-26T09:15:51.682985" elapsed="0.000454"/>
</kw>
<kw name="Dictionary Should Contain Key" owner="Collections">
<msg time="2024-05-26T09:15:51.683911" level="INFO">False</msg>
<arg>${json_data}</arg>
<arg>results</arg>
<doc>Fails if ``key`` is not found from ``dictionary``.</doc>
<status status="PASS" start="2024-05-26T09:15:51.683741" elapsed="0.000358"/>
</kw>
<status status="PASS" start="2024-05-26T09:15:51.614927" elapsed="0.069440"/>
</kw>
<doc>Testa se a API responde corretamente e retorna um objeto JSON válido.</doc>
<tag>testeRequisicaoBasica</tag>
<status status="PASS" start="2024-05-26T09:15:51.614481" elapsed="0.070068"/>
</test>
<test id="s1-s1-t3" name="Validar estrutura de resposta" line="22">
<kw name="Teste de Estrutura de Resposta" owner="random-user-service">
<kw name="GET On Session" owner="RequestsLibrary">
<msg time="2024-05-26T09:15:51.787061" level="INFO">GET Request : url=https://randomuser.me/api 
 path_url=/api 
 headers={'User-Agent': 'python-requests/2.32.2', 'Accept-Encoding': 'gzip, deflate', 'Accept': '*/*', 'Connection': 'keep-alive'} 
 body=None 
 </msg>
<msg time="2024-05-26T09:15:51.787165" level="INFO">GET Response : url=https://randomuser.me/api 
 status=200, reason=OK 
 headers={'Date': 'Sun, 26 May 2024 09:15:51 GMT', 'Content-Type': 'application/json; charset=utf-8', 'Transfer-Encoding': 'chunked', 'Connection': 'keep-alive', 'X-Powered-By': 'Express', 'Access-Control-Allow-Origin': '*', 'Cache-Control': 'no-cache', 'ETag': 'W/"496-zm9r/gOEUL7EZJHHaewv9RlE32o"', 'Vary': 'Accept-Encoding', 'Content-Encoding': 'gzip', 'CF-Cache-Status': 'DYNAMIC', 'Report-To': '{"endpoints":[{"url":"https:\\/\\/a.nel.cloudflare.com\\/report\\/v4?s=YrE4tUcHlvTM3hHLmKftt9zPKJuCLZMdVtd4y0UlUjGiKOmSTWhVFrzq8kn00VOeZlSmgBh7ToYcQp5rqUUiG5d07QW74p3C4yzOXfKlBmAts3tyMA5j4nLdNCyvinGk"}],"group":"cf-nel","max_age":604800}', 'NEL': '{"success_fraction":0,"report_to":"cf-nel","max_age":604800}', 'Server': 'cloudflare', 'CF-RAY': '889ca9c00a6e081a-IAD', 'alt-svc': 'h3=":443"; ma=86400'} 
 body={"results":[{"gender":"male","name":{"title":"Mr","first":"Ed","last":"Campbell"},"location":{"street":{"number":2023,"name":"Albert Road"},"city":"Chichester","state":"Dorset","country":"United Kingdom","postcode":"T0 4NY","coordinates":{"latitude":"-9.4707","longitude":"-66.1781"},"timezone":{"offset":"+9:00","description":"Tokyo, Seoul, Osaka, Sapporo, Yakutsk"}},"email":"ed.campbell@example.com","login":{"uuid":"41e3034a-8df0-47a3-aaa8-9d80675ad52c","username":"purpleleopard625","password":"paradox","salt":"HY9aBMoQ","md5":"23ed2948ff16ffcae38d43a71b8e4fb1","sha1":"ce60b84d6ad3045d7f6c0da4eb861143c5f96769","sha256":"6535372504f30a4025e03a4e179307364f587403edfd43e5892951764124d08b"},"dob":{"date":"1992-07-01T02:58:13.026Z","age":31},"registered":{"date":"2013-02-02T02:25:47.999Z","age":11},"phone":"017683 41615","cell":"07940 068347","id":{"name":"NINO","value":"PB 49 12 34 C"},"picture":{"large":"https://randomuser.me/api/portraits/men/3.jpg","medium":"https://randomuser.me/api/portraits/med/men/3.jpg","thumbnail":"https://randomuser.me/api/portraits/thumb/men/3.jpg"},"nat":"GB"}],"info":{"seed":"78d0a4e81614fb80","results":1,"page":1,"version":"1.4"}} 
 </msg>
<msg time="2024-05-26T09:15:51.787296" level="INFO">/opt/hostedtoolcache/Python/3.12.3/x64/lib/python3.12/site-packages/urllib3/connectionpool.py:1103: InsecureRequestWarning: Unverified HTTPS request is being made to host 'randomuser.me'. Adding certificate verification is strongly advised. See: https://urllib3.readthedocs.io/en/latest/advanced-usage.html#tls-warnings
  warnings.warn(</msg>
<msg time="2024-05-26T09:15:51.787432" level="INFO">${response} = &lt;Response [200]&gt;</msg>
<var>${response}</var>
<arg>consultarAPI</arg>
<arg>/api</arg>
<doc>Sends a GET request on a previously created HTTP Session.</doc>
<status status="PASS" start="2024-05-26T09:15:51.687200" elapsed="0.100273"/>
</kw>
<kw name="Set Variable" owner="BuiltIn">
<msg time="2024-05-26T09:15:51.788791" level="INFO">${json_data} = {'results': [{'gender': 'male', 'name': {'title': 'Mr', 'first': 'Ed', 'last': 'Campbell'}, 'location': {'street': {'number': 2023, 'name': 'Albert Road'}, 'city': 'Chichester', 'state': 'Dorset', 'co...</msg>
<var>${json_data}</var>
<arg>${response.json()}</arg>
<doc>Returns the given values which can then be assigned to a variables.</doc>
<status status="PASS" start="2024-05-26T09:15:51.788152" elapsed="0.000669"/>
</kw>
<kw name="Log" owner="BuiltIn">
<msg time="2024-05-26T09:15:51.789308" level="INFO">{'results': [{'gender': 'male', 'name': {'title': 'Mr', 'first': 'Ed', 'last': 'Campbell'}, 'location': {'street': {'number': 2023, 'name': 'Albert Road'}, 'city': 'Chichester', 'state': 'Dorset', 'country': 'United Kingdom', 'postcode': 'T0 4NY', 'coordinates': {'latitude': '-9.4707', 'longitude': '-66.1781'}, 'timezone': {'offset': '+9:00', 'description': 'Tokyo, Seoul, Osaka, Sapporo, Yakutsk'}}, 'email': 'ed.campbell@example.com', 'login': {'uuid': '41e3034a-8df0-47a3-aaa8-9d80675ad52c', 'username': 'purpleleopard625', 'password': 'paradox', 'salt': 'HY9aBMoQ', 'md5': '23ed2948ff16ffcae38d43a71b8e4fb1', 'sha1': 'ce60b84d6ad3045d7f6c0da4eb861143c5f96769', 'sha256': '6535372504f30a4025e03a4e179307364f587403edfd43e5892951764124d08b'}, 'dob': {'date': '1992-07-01T02:58:13.026Z', 'age': 31}, 'registered': {'date': '2013-02-02T02:25:47.999Z', 'age': 11}, 'phone': '017683 41615', 'cell': '07940 068347', 'id': {'name': 'NINO', 'value': 'PB 49 12 34 C'}, 'picture': {'large': 'https://randomuser.me/api/portraits/men/3.jpg', 'medium': 'https://randomuser.me/api/portraits/med/men/3.jpg', 'thumbnail': 'https://randomuser.me/api/portraits/thumb/men/3.jpg'}, 'nat': 'GB'}], 'info': {'seed': '78d0a4e81614fb80', 'results': 1, 'page': 1, 'version': '1.4'}}</msg>
<arg>${json_data}</arg>
<doc>Logs the given message with the given level.</doc>
<status status="PASS" start="2024-05-26T09:15:51.789142" elapsed="0.000214"/>
</kw>
<kw name="Dictionary Should Contain Key" owner="Collections">
<msg time="2024-05-26T09:15:51.789860" level="INFO">False</msg>
<arg>${json_data}</arg>
<arg>results</arg>
<doc>Fails if ``key`` is not found from ``dictionary``.</doc>
<status status="PASS" start="2024-05-26T09:15:51.789694" elapsed="0.000204"/>
</kw>
<kw name="Should Not Be Empty" owner="BuiltIn">
<msg time="2024-05-26T09:15:51.790340" level="INFO">Length is 2.</msg>
<arg>${json_data}</arg>
<doc>Verifies that the given item is not empty.</doc>
<status status="PASS" start="2024-05-26T09:15:51.790200" elapsed="0.000177"/>
</kw>
<kw name="Create List" owner="BuiltIn">
<msg time="2024-05-26T09:15:51.790816" level="INFO">${expected_keys} = ['gender', 'name', 'location', 'email', 'login']</msg>
<var>${expected_keys}</var>
<arg>gender</arg>
<arg>name</arg>
<arg>location</arg>
<arg>email</arg>
<arg>login</arg>
<doc>Returns a list containing given items.</doc>
<status status="PASS" start="2024-05-26T09:15:51.790671" elapsed="0.000169"/>
</kw>
<for flavor="IN">
<iter>
<kw name="Dictionary Should Contain Key" owner="Collections">
<msg time="2024-05-26T09:15:51.791854" level="INFO">False</msg>
<arg>${json_data['results'][0]}</arg>
<arg>${key}</arg>
<doc>Fails if ``key`` is not found from ``dictionary``.</doc>
<status status="PASS" start="2024-05-26T09:15:51.791438" elapsed="0.000456"/>
</kw>
<kw name="Log" owner="BuiltIn">
<msg time="2024-05-26T09:15:51.792567" level="INFO">{'gender': 'male', 'name': {'title': 'Mr', 'first': 'Ed', 'last': 'Campbell'}, 'location': {'street': {'number': 2023, 'name': 'Albert Road'}, 'city': 'Chichester', 'state': 'Dorset', 'country': 'United Kingdom', 'postcode': 'T0 4NY', 'coordinates': {'latitude': '-9.4707', 'longitude': '-66.1781'}, 'timezone': {'offset': '+9:00', 'description': 'Tokyo, Seoul, Osaka, Sapporo, Yakutsk'}}, 'email': 'ed.campbell@example.com', 'login': {'uuid': '41e3034a-8df0-47a3-aaa8-9d80675ad52c', 'username': 'purpleleopard625', 'password': 'paradox', 'salt': 'HY9aBMoQ', 'md5': '23ed2948ff16ffcae38d43a71b8e4fb1', 'sha1': 'ce60b84d6ad3045d7f6c0da4eb861143c5f96769', 'sha256': '6535372504f30a4025e03a4e179307364f587403edfd43e5892951764124d08b'}, 'dob': {'date': '1992-07-01T02:58:13.026Z', 'age': 31}, 'registered': {'date': '2013-02-02T02:25:47.999Z', 'age': 11}, 'phone': '017683 41615', 'cell': '07940 068347', 'id': {'name': 'NINO', 'value': 'PB 49 12 34 C'}, 'picture': {'large': 'https://randomuser.me/api/portraits/men/3.jpg', 'medium': 'https://randomuser.me/api/portraits/med/men/3.jpg', 'thumbnail': 'https://randomuser.me/api/portraits/thumb/men/3.jpg'}, 'nat': 'GB'}</msg>
<arg>${json_data['results'][0]}</arg>
<doc>Logs the given message with the given level.</doc>
<status status="PASS" start="2024-05-26T09:15:51.792196" elapsed="0.000421"/>
</kw>
<kw name="Log" owner="BuiltIn">
<msg time="2024-05-26T09:15:51.793071" level="INFO">gender</msg>
<arg>${key}</arg>
<doc>Logs the given message with the given level.</doc>
<status status="PASS" start="2024-05-26T09:15:51.792923" elapsed="0.000188"/>
</kw>
<var name="${key}">gender</var>
<status status="PASS" start="2024-05-26T09:15:51.791311" elapsed="0.002022"/>
</iter>
<iter>
<kw name="Dictionary Should Contain Key" owner="Collections">
<msg time="2024-05-26T09:15:51.794057" level="INFO">False</msg>
<arg>${json_data['results'][0]}</arg>
<arg>${key}</arg>
<doc>Fails if ``key`` is not found from ``dictionary``.</doc>
<status status="PASS" start="2024-05-26T09:15:51.793662" elapsed="0.000432"/>
</kw>
<kw name="Log" owner="BuiltIn">
<msg time="2024-05-26T09:15:51.794785" level="INFO">{'gender': 'male', 'name': {'title': 'Mr', 'first': 'Ed', 'last': 'Campbell'}, 'location': {'street': {'number': 2023, 'name': 'Albert Road'}, 'city': 'Chichester', 'state': 'Dorset', 'country': 'United Kingdom', 'postcode': 'T0 4NY', 'coordinates': {'latitude': '-9.4707', 'longitude': '-66.1781'}, 'timezone': {'offset': '+9:00', 'description': 'Tokyo, Seoul, Osaka, Sapporo, Yakutsk'}}, 'email': 'ed.campbell@example.com', 'login': {'uuid': '41e3034a-8df0-47a3-aaa8-9d80675ad52c', 'username': 'purpleleopard625', 'password': 'paradox', 'salt': 'HY9aBMoQ', 'md5': '23ed2948ff16ffcae38d43a71b8e4fb1', 'sha1': 'ce60b84d6ad3045d7f6c0da4eb861143c5f96769', 'sha256': '6535372504f30a4025e03a4e179307364f587403edfd43e5892951764124d08b'}, 'dob': {'date': '1992-07-01T02:58:13.026Z', 'age': 31}, 'registered': {'date': '2013-02-02T02:25:47.999Z', 'age': 11}, 'phone': '017683 41615', 'cell': '07940 068347', 'id': {'name': 'NINO', 'value': 'PB 49 12 34 C'}, 'picture': {'large': 'https://randomuser.me/api/portraits/men/3.jpg', 'medium': 'https://randomuser.me/api/portraits/med/men/3.jpg', 'thumbnail': 'https://randomuser.me/api/portraits/thumb/men/3.jpg'}, 'nat': 'GB'}</msg>
<arg>${json_data['results'][0]}</arg>
<doc>Logs the given message with the given level.</doc>
<status status="PASS" start="2024-05-26T09:15:51.794423" elapsed="0.000420"/>
</kw>
<kw name="Log" owner="BuiltIn">
<msg time="2024-05-26T09:15:51.795330" level="INFO">name</msg>
<arg>${key}</arg>
<doc>Logs the given message with the given level.</doc>
<status status="PASS" start="2024-05-26T09:15:51.795171" elapsed="0.000199"/>
</kw>
<var name="${key}">name</var>
<status status="PASS" start="2024-05-26T09:15:51.793520" elapsed="0.002127"/>
</iter>
<iter>
<kw name="Dictionary Should Contain Key" owner="Collections">
<msg time="2024-05-26T09:15:51.796326" level="INFO">False</msg>
<arg>${json_data['results'][0]}</arg>
<arg>${key}</arg>
<doc>Fails if ``key`` is not found from ``dictionary``.</doc>
<status status="PASS" start="2024-05-26T09:15:51.795941" elapsed="0.000424"/>
</kw>
<kw name="Log" owner="BuiltIn">
<msg time="2024-05-26T09:15:51.797035" level="INFO">{'gender': 'male', 'name': {'title': 'Mr', 'first': 'Ed', 'last': 'Campbell'}, 'location': {'street': {'number': 2023, 'name': 'Albert Road'}, 'city': 'Chichester', 'state': 'Dorset', 'country': 'United Kingdom', 'postcode': 'T0 4NY', 'coordinates': {'latitude': '-9.4707', 'longitude': '-66.1781'}, 'timezone': {'offset': '+9:00', 'description': 'Tokyo, Seoul, Osaka, Sapporo, Yakutsk'}}, 'email': 'ed.campbell@example.com', 'login': {'uuid': '41e3034a-8df0-47a3-aaa8-9d80675ad52c', 'username': 'purpleleopard625', 'password': 'paradox', 'salt': 'HY9aBMoQ', 'md5': '23ed2948ff16ffcae38d43a71b8e4fb1', 'sha1': 'ce60b84d6ad3045d7f6c0da4eb861143c5f96769', 'sha256': '6535372504f30a4025e03a4e179307364f587403edfd43e5892951764124d08b'}, 'dob': {'date': '1992-07-01T02:58:13.026Z', 'age': 31}, 'registered': {'date': '2013-02-02T02:25:47.999Z', 'age': 11}, 'phone': '017683 41615', 'cell': '07940 068347', 'id': {'name': 'NINO', 'value': 'PB 49 12 34 C'}, 'picture': {'large': 'https://randomuser.me/api/portraits/men/3.jpg', 'medium': 'https://randomuser.me/api/portraits/med/men/3.jpg', 'thumbnail': 'https://randomuser.me/api/portraits/thumb/men/3.jpg'}, 'nat': 'GB'}</msg>
<arg>${json_data['results'][0]}</arg>
<doc>Logs the given message with the given level.</doc>
<status status="PASS" start="2024-05-26T09:15:51.796669" elapsed="0.000414"/>
</kw>
<kw name="Log" owner="BuiltIn">
<msg time="2024-05-26T09:15:51.797514" level="INFO">location</msg>
<arg>${key}</arg>
<doc>Logs the given message with the given level.</doc>
<status status="PASS" start="2024-05-26T09:15:51.797386" elapsed="0.000165"/>
</kw>
<var name="${key}">location</var>
<status status="PASS" start="2024-05-26T09:15:51.795827" elapsed="0.001978"/>
</iter>
<iter>
<kw name="Dictionary Should Contain Key" owner="Collections">
<msg time="2024-05-26T09:15:51.798581" level="INFO">False</msg>
<arg>${json_data['results'][0]}</arg>
<arg>${key}</arg>
<doc>Fails if ``key`` is not found from ``dictionary``.</doc>
<status status="PASS" start="2024-05-26T09:15:51.798091" elapsed="0.000528"/>
</kw>
<kw name="Log" owner="BuiltIn">
<msg time="2024-05-26T09:15:51.799275" level="INFO">{'gender': 'male', 'name': {'title': 'Mr', 'first': 'Ed', 'last': 'Campbell'}, 'location': {'street': {'number': 2023, 'name': 'Albert Road'}, 'city': 'Chichester', 'state': 'Dorset', 'country': 'United Kingdom', 'postcode': 'T0 4NY', 'coordinates': {'latitude': '-9.4707', 'longitude': '-66.1781'}, 'timezone': {'offset': '+9:00', 'description': 'Tokyo, Seoul, Osaka, Sapporo, Yakutsk'}}, 'email': 'ed.campbell@example.com', 'login': {'uuid': '41e3034a-8df0-47a3-aaa8-9d80675ad52c', 'username': 'purpleleopard625', 'password': 'paradox', 'salt': 'HY9aBMoQ', 'md5': '23ed2948ff16ffcae38d43a71b8e4fb1', 'sha1': 'ce60b84d6ad3045d7f6c0da4eb861143c5f96769', 'sha256': '6535372504f30a4025e03a4e179307364f587403edfd43e5892951764124d08b'}, 'dob': {'date': '1992-07-01T02:58:13.026Z', 'age': 31}, 'registered': {'date': '2013-02-02T02:25:47.999Z', 'age': 11}, 'phone': '017683 41615', 'cell': '07940 068347', 'id': {'name': 'NINO', 'value': 'PB 49 12 34 C'}, 'picture': {'large': 'https://randomuser.me/api/portraits/men/3.jpg', 'medium': 'https://randomuser.me/api/portraits/med/men/3.jpg', 'thumbnail': 'https://randomuser.me/api/portraits/thumb/men/3.jpg'}, 'nat': 'GB'}</msg>
<arg>${json_data['results'][0]}</arg>
<doc>Logs the given message with the given level.</doc>
<status status="PASS" start="2024-05-26T09:15:51.798920" elapsed="0.000404"/>
</kw>
<kw name="Log" owner="BuiltIn">
<msg time="2024-05-26T09:15:51.799750" level="INFO">email</msg>
<arg>${key}</arg>
<doc>Logs the given message with the given level.</doc>
<status status="PASS" start="2024-05-26T09:15:51.799621" elapsed="0.000166"/>
</kw>
<var name="${key}">email</var>
<status status="PASS" start="2024-05-26T09:15:51.797978" elapsed="0.002025"/>
</iter>
<iter>
<kw name="Dictionary Should Contain Key" owner="Collections">
<msg time="2024-05-26T09:15:51.800661" level="INFO">False</msg>
<arg>${json_data['results'][0]}</arg>
<arg>${key}</arg>
<doc>Fails if ``key`` is not found from ``dictionary``.</doc>
<status status="PASS" start="2024-05-26T09:15:51.800290" elapsed="0.000407"/>
</kw>
<kw name="Log" owner="BuiltIn">
<msg time="2024-05-26T09:15:51.801349" level="INFO">{'gender': 'male', 'name': {'title': 'Mr', 'first': 'Ed', 'last': 'Campbell'}, 'location': {'street': {'number': 2023, 'name': 'Albert Road'}, 'city': 'Chichester', 'state': 'Dorset', 'country': 'United Kingdom', 'postcode': 'T0 4NY', 'coordinates': {'latitude': '-9.4707', 'longitude': '-66.1781'}, 'timezone': {'offset': '+9:00', 'description': 'Tokyo, Seoul, Osaka, Sapporo, Yakutsk'}}, 'email': 'ed.campbell@example.com', 'login': {'uuid': '41e3034a-8df0-47a3-aaa8-9d80675ad52c', 'username': 'purpleleopard625', 'password': 'paradox', 'salt': 'HY9aBMoQ', 'md5': '23ed2948ff16ffcae38d43a71b8e4fb1', 'sha1': 'ce60b84d6ad3045d7f6c0da4eb861143c5f96769', 'sha256': '6535372504f30a4025e03a4e179307364f587403edfd43e5892951764124d08b'}, 'dob': {'date': '1992-07-01T02:58:13.026Z', 'age': 31}, 'registered': {'date': '2013-02-02T02:25:47.999Z', 'age': 11}, 'phone': '017683 41615', 'cell': '07940 068347', 'id': {'name': 'NINO', 'value': 'PB 49 12 34 C'}, 'picture': {'large': 'https://randomuser.me/api/portraits/men/3.jpg', 'medium': 'https://randomuser.me/api/portraits/med/men/3.jpg', 'thumbnail': 'https://randomuser.me/api/portraits/thumb/men/3.jpg'}, 'nat': 'GB'}</msg>
<arg>${json_data['results'][0]}</arg>
<doc>Logs the given message with the given level.</doc>
<status status="PASS" start="2024-05-26T09:15:51.800991" elapsed="0.000406"/>
</kw>
<kw name="Log" owner="BuiltIn">
<msg time="2024-05-26T09:15:51.801859" level="INFO">login</msg>
<arg>${key}</arg>
<doc>Logs the given message with the given level.</doc>
<status status="PASS" start="2024-05-26T09:15:51.801726" elapsed="0.000171"/>
</kw>
<var name="${key}">login</var>
<status status="PASS" start="2024-05-26T09:15:51.800177" elapsed="0.001963"/>
</iter>
<var>${key}</var>
<value>@{expected_keys}</value>
<status status="PASS" start="2024-05-26T09:15:51.791106" elapsed="0.011161"/>
</for>
<kw name="Create List" owner="BuiltIn">
<msg time="2024-05-26T09:15:51.802601" level="INFO">${expected_keysTwo} = ['username', 'password']</msg>
<var>${expected_keysTwo}</var>
<arg>username</arg>
<arg>password</arg>
<doc>Returns a list containing given items.</doc>
<status status="PASS" start="2024-05-26T09:15:51.802463" elapsed="0.000161"/>
</kw>
<for flavor="IN">
<iter>
<kw name="Dictionary Should Contain Key" owner="Collections">
<msg time="2024-05-26T09:15:51.803510" level="INFO">False</msg>
<arg>${json_data['results'][0]['login']}</arg>
<arg>${keyTwo}</arg>
<doc>Fails if ``key`` is not found from ``dictionary``.</doc>
<status status="PASS" start="2024-05-26T09:15:51.803124" elapsed="0.000423"/>
</kw>
<kw name="Dictionary Should Contain Key" owner="Collections">
<msg time="2024-05-26T09:15:51.804230" level="INFO">False</msg>
<arg>${json_data['results'][0]['login']}</arg>
<arg>${keyTwo}</arg>
<doc>Fails if ``key`` is not found from ``dictionary``.</doc>
<status status="PASS" start="2024-05-26T09:15:51.803847" elapsed="0.000422"/>
</kw>
<kw name="Log" owner="BuiltIn">
<msg time="2024-05-26T09:15:51.804698" level="INFO">username</msg>
<arg>${keyTwo}</arg>
<doc>Logs the given message with the given level.</doc>
<status status="PASS" start="2024-05-26T09:15:51.804570" elapsed="0.000166"/>
</kw>
<var name="${keyTwo}">username</var>
<status status="PASS" start="2024-05-26T09:15:51.803014" elapsed="0.001940"/>
</iter>
<iter>
<kw name="Dictionary Should Contain Key" owner="Collections">
<msg time="2024-05-26T09:15:51.805653" level="INFO">False</msg>
<arg>${json_data['results'][0]['login']}</arg>
<arg>${keyTwo}</arg>
<doc>Fails if ``key`` is not found from ``dictionary``.</doc>
<status status="PASS" start="2024-05-26T09:15:51.805239" elapsed="0.000455"/>
</kw>
<kw name="Dictionary Should Contain Key" owner="Collections">
<msg time="2024-05-26T09:15:51.806374" level="INFO">False</msg>
<arg>${json_data['results'][0]['login']}</arg>
<arg>${keyTwo}</arg>
<doc>Fails if ``key`` is not found from ``dictionary``.</doc>
<status status="PASS" start="2024-05-26T09:15:51.805995" elapsed="0.000416"/>
</kw>
<kw name="Log" owner="BuiltIn">
<msg time="2024-05-26T09:15:51.806832" level="INFO">password</msg>
<arg>${keyTwo}</arg>
<doc>Logs the given message with the given level.</doc>
<status status="PASS" start="2024-05-26T09:15:51.806705" elapsed="0.000164"/>
</kw>
<var name="${keyTwo}">password</var>
<status status="PASS" start="2024-05-26T09:15:51.805129" elapsed="0.001957"/>
</iter>
<var>${keyTwo}</var>
<value>@{expected_keysTwo}</value>
<status status="PASS" start="2024-05-26T09:15:51.802864" elapsed="0.004342"/>
</for>
<status status="PASS" start="2024-05-26T09:15:51.686960" elapsed="0.120390"/>
</kw>
<doc>Testa a estrutura da resposta da API.</doc>
<tag>testeEstruturaResposta</tag>
<status status="PASS" start="2024-05-26T09:15:51.686391" elapsed="0.121120"/>
</test>
<test id="s1-s1-t4" name="Validar tipos de dados" line="28">
<kw name="Teste de Tipos de Dados" owner="random-user-service">
<kw name="GET On Session" owner="RequestsLibrary">
<msg time="2024-05-26T09:15:51.888850" level="INFO">GET Request : url=https://randomuser.me/api 
 path_url=/api 
 headers={'User-Agent': 'python-requests/2.32.2', 'Accept-Encoding': 'gzip, deflate', 'Accept': '*/*', 'Connection': 'keep-alive'} 
 body=None 
 </msg>
<msg time="2024-05-26T09:15:51.888951" level="INFO">GET Response : url=https://randomuser.me/api 
 status=200, reason=OK 
 headers={'Date': 'Sun, 26 May 2024 09:15:51 GMT', 'Content-Type': 'application/json; charset=utf-8', 'Transfer-Encoding': 'chunked', 'Connection': 'keep-alive', 'X-Powered-By': 'Express', 'Access-Control-Allow-Origin': '*', 'Cache-Control': 'no-cache', 'ETag': 'W/"49d-LAgDy6CX5wdYYJExjoldyd9IhWI"', 'Vary': 'Accept-Encoding', 'Content-Encoding': 'gzip', 'CF-Cache-Status': 'DYNAMIC', 'Report-To': '{"endpoints":[{"url":"https:\\/\\/a.nel.cloudflare.com\\/report\\/v4?s=TbcEO%2FhPJ%2BQ24k%2FXdUUVX4yM3nkwjNwZMr8qDBXFeP4ybPyo3u28UjJmPabjnqzvKD3ZMkv1h5T90CreiSpDBNb0F5ozfo%2FVX226oN67xbQy2zDMxCReGMwg%2BHzLZ8I1"}],"group":"cf-nel","max_age":604800}', 'NEL': '{"success_fraction":0,"report_to":"cf-nel","max_age":604800}', 'Server': 'cloudflare', 'CF-RAY': '889ca9c0daf8081a-IAD', 'alt-svc': 'h3=":443"; ma=86400'} 
 body={"results":[{"gender":"female","name":{"title":"Mrs","first":"Inmaculada","last":"Herrero"},"location":{"street":{"number":4121,"name":"Avenida de América"},"city":"Pozuelo de Alarcón","state":"Comunidad de Madrid","country":"Spain","postcode":30861,"coordinates":{"latitude":"-31.4125","longitude":"76.3626"},"timezone":{"offset":"-2:00","description":"Mid-Atlantic"}},"email":"inmaculada.herrero@example.com","login":{"uuid":"667560b8-39fc-4d82-9986-315a5f3a815f","username":"happyduck180","password":"kenny1","salt":"L0V2GjYL","md5":"2f4f3db485dbda250604813b7812f432","sha1":"5d49342fb37d7eac3ac489fec6c781b242fe1d12","sha256":"e0f5ba44d7d0426289348f23dee85fde7892c90fe844bea414bec8aee01d1e33"},"dob":{"date":"1964-01-31T17:29:00.436Z","age":60},"registered":{"date":"2015-11-21T03:48:49.673Z","age":8},"phone":"992-650-397","cell":"653-972-889","id":{"name":"DNI","value":"79086533-A"},"picture":{"large":"https://randomuser.me/api/portraits/women/31.jpg","medium":"https://randomuser.me/api/portraits/med/women/31.jpg","thumbnail":"https://randomuser.me/api/portraits/thumb/women/31.jpg"},"nat":"ES"}],"info":{"seed":"b32aa6ad4a98d366","results":1,"page":1,"version":"1.4"}} 
 </msg>
<msg time="2024-05-26T09:15:51.889035" level="INFO">/opt/hostedtoolcache/Python/3.12.3/x64/lib/python3.12/site-packages/urllib3/connectionpool.py:1103: InsecureRequestWarning: Unverified HTTPS request is being made to host 'randomuser.me'. Adding certificate verification is strongly advised. See: https://urllib3.readthedocs.io/en/latest/advanced-usage.html#tls-warnings
  warnings.warn(</msg>
<msg time="2024-05-26T09:15:51.889182" level="INFO">${response} = &lt;Response [200]&gt;</msg>
<var>${response}</var>
<arg>consultarAPI</arg>
<arg>/api</arg>
<doc>Sends a GET request on a previously created HTTP Session.</doc>
<status status="PASS" start="2024-05-26T09:15:51.810092" elapsed="0.079134"/>
</kw>
<kw name="Set Variable" owner="BuiltIn">
<msg time="2024-05-26T09:15:51.890527" level="INFO">${json_data} = {'results': [{'gender': 'female', 'name': {'title': 'Mrs', 'first': 'Inmaculada', 'last': 'Herrero'}, 'location': {'street': {'number': 4121, 'name': 'Avenida de América'}, 'city': 'Pozuelo de Alarcón...</msg>
<var>${json_data}</var>
<arg>${response.json()}</arg>
<doc>Returns the given values which can then be assigned to a variables.</doc>
<status status="PASS" start="2024-05-26T09:15:51.889931" elapsed="0.000627"/>
</kw>
<kw name="Log" owner="BuiltIn">
<msg time="2024-05-26T09:15:51.891087" level="INFO">{'results': [{'gender': 'female', 'name': {'title': 'Mrs', 'first': 'Inmaculada', 'last': 'Herrero'}, 'location': {'street': {'number': 4121, 'name': 'Avenida de América'}, 'city': 'Pozuelo de Alarcón', 'state': 'Comunidad de Madrid', 'country': 'Spain', 'postcode': 30861, 'coordinates': {'latitude': '-31.4125', 'longitude': '76.3626'}, 'timezone': {'offset': '-2:00', 'description': 'Mid-Atlantic'}}, 'email': 'inmaculada.herrero@example.com', 'login': {'uuid': '667560b8-39fc-4d82-9986-315a5f3a815f', 'username': 'happyduck180', 'password': 'kenny1', 'salt': 'L0V2GjYL', 'md5': '2f4f3db485dbda250604813b7812f432', 'sha1': '5d49342fb37d7eac3ac489fec6c781b242fe1d12', 'sha256': 'e0f5ba44d7d0426289348f23dee85fde7892c90fe844bea414bec8aee01d1e33'}, 'dob': {'date': '1964-01-31T17:29:00.436Z', 'age': 60}, 'registered': {'date': '2015-11-21T03:48:49.673Z', 'age': 8}, 'phone': '992-650-397', 'cell': '653-972-889', 'id': {'name': 'DNI', 'value': '79086533-A'}, 'picture': {'large': 'https://randomuser.me/api/portraits/women/31.jpg', 'medium': 'https://randomuser.me/api/portraits/med/women/31.jpg', 'thumbnail': 'https://randomuser.me/api/portraits/thumb/women/31.jpg'}, 'nat': 'ES'}], 'info': {'seed': 'b32aa6ad4a98d366', 'results': 1, 'page': 1, 'version': '1.4'}}</msg>
<arg>${json_data}</arg>
<doc>Logs the given message with the given level.</doc>
<status status="PASS" start="2024-05-26T09:15:51.890914" elapsed="0.000262"/>
</kw>
<kw name="Should Be String" owner="String">
<arg>${json_data['results'][0]['gender']}</arg>
<doc>Fails if the given ``item`` is not a string.</doc>
<status status="PASS" start="2024-05-26T09:15:51.891497" elapsed="0.000389"/>
</kw>
<kw name="Should Match Regexp" owner="BuiltIn">
<arg>${json_data['results'][0]['email']}</arg>
<arg>^[a-zA-Z0-9._%+-]+@[a-zA-Z0-9.-]+\.[a-zA-Z]{2,}$</arg>
<doc>Fails if ``string`` does not match ``pattern`` as a regular expression.</doc>
<status status="PASS" start="2024-05-26T09:15:51.892084" elapsed="0.000679"/>
</kw>
<kw name="Should Match Regexp" owner="BuiltIn">
<arg>${json_data['results'][0]['dob']['date']}</arg>
<arg>\\d{4}-\\d{2}-\\d{2}T\\d{2}:\\d{2}:\\d{2}\\.\\d{3}Z</arg>
<doc>Fails if ``string`` does not match ``pattern`` as a regular expression.</doc>
<status status="PASS" start="2024-05-26T09:15:51.892965" elapsed="0.000496"/>
</kw>
<kw name="Should Match Regexp" owner="BuiltIn">
<arg>${json_data['results'][0]['registered']['date']}</arg>
<arg>\\d{4}-\\d{2}-\\d{2}T\\d{2}:\\d{2}:\\d{2}\\.\\d{3}Z</arg>
<doc>Fails if ``string`` does not match ``pattern`` as a regular expression.</doc>
<status status="PASS" start="2024-05-26T09:15:51.893697" elapsed="0.000384"/>
</kw>
<kw name="Should Match Regexp" owner="BuiltIn">
<arg>${json_data['results'][0]['picture']['large']}</arg>
<arg>^https?://.*\.(?:png|jpe?g|gif|bmp)$</arg>
<doc>Fails if ``string`` does not match ``pattern`` as a regular expression.</doc>
<status status="PASS" start="2024-05-26T09:15:51.894279" elapsed="0.000465"/>
</kw>
<kw name="Should Match Regexp" owner="BuiltIn">
<arg>${json_data['results'][0]['picture']['medium']}</arg>
<arg>^https?://.*\.(?:png|jpe?g|gif|bmp)$</arg>
<doc>Fails if ``string`` does not match ``pattern`` as a regular expression.</doc>
<status status="PASS" start="2024-05-26T09:15:51.894937" elapsed="0.000355"/>
</kw>
<kw name="Should Match Regexp" owner="BuiltIn">
<arg>${json_data['results'][0]['picture']['thumbnail']}</arg>
<arg>^https?://.*\.(?:png|jpe?g|gif|bmp)$</arg>
<doc>Fails if ``string`` does not match ``pattern`` as a regular expression.</doc>
<status status="PASS" start="2024-05-26T09:15:51.895481" elapsed="0.000345"/>
</kw>
<kw name="Log" owner="BuiltIn">
<msg time="2024-05-26T09:15:51.896332" level="INFO">{'large': 'https://randomuser.me/api/portraits/women/31.jpg', 'medium': 'https://randomuser.me/api/portraits/med/women/31.jpg', 'thumbnail': 'https://randomuser.me/api/portraits/thumb/women/31.jpg'}</msg>
<arg>${json_data['results'][0]['picture']}</arg>
<doc>Logs the given message with the given level.</doc>
<status status="PASS" start="2024-05-26T09:15:51.896006" elapsed="0.000367"/>
</kw>
<status status="PASS" start="2024-05-26T09:15:51.809854" elapsed="0.086784"/>
</kw>
<kw name="Teste de Tipos de Dados - Postcode" owner="random-user-service">
<kw name="GET On Session" owner="RequestsLibrary">
<msg time="2024-05-26T09:15:51.980351" level="INFO">GET Request : url=https://randomuser.me/api 
 path_url=/api 
 headers={'User-Agent': 'python-requests/2.32.2', 'Accept-Encoding': 'gzip, deflate', 'Accept': '*/*', 'Connection': 'keep-alive'} 
 body=None 
 </msg>
<msg time="2024-05-26T09:15:51.980463" level="INFO">GET Response : url=https://randomuser.me/api 
 status=200, reason=OK 
 headers={'Date': 'Sun, 26 May 2024 09:15:51 GMT', 'Content-Type': 'application/json; charset=utf-8', 'Transfer-Encoding': 'chunked', 'Connection': 'keep-alive', 'X-Powered-By': 'Express', 'Access-Control-Allow-Origin': '*', 'Cache-Control': 'no-cache', 'ETag': 'W/"49c-eG1epx70NjAwpA1CmbbRvk+Dzno"', 'Vary': 'Accept-Encoding', 'Content-Encoding': 'gzip', 'CF-Cache-Status': 'DYNAMIC', 'Report-To': '{"endpoints":[{"url":"https:\\/\\/a.nel.cloudflare.com\\/report\\/v4?s=kDMOim8eIiuwvXQu%2BPEaGNeuroo7bdvVZY0oSkAwlDSU9tLhqJLM16CuDJrixzvEK0vfv83XWLa0nb9yV7nQzhcHQrN5081T5rNszuGKh2XZfmXbyJF7QZvvwffPwRpH"}],"group":"cf-nel","max_age":604800}', 'NEL': '{"success_fraction":0,"report_to":"cf-nel","max_age":604800}', 'Server': 'cloudflare', 'CF-RAY': '889ca9c15b55081a-IAD', 'alt-svc': 'h3=":443"; ma=86400'} 
 body={"results":[{"gender":"female","name":{"title":"Mrs","first":"Mauren","last":"da Costa"},"location":{"street":{"number":6996,"name":"Rua Dois"},"city":"Mesquita","state":"Paraíba","country":"Brazil","postcode":46953,"coordinates":{"latitude":"-79.9901","longitude":"62.4278"},"timezone":{"offset":"+5:00","description":"Ekaterinburg, Islamabad, Karachi, Tashkent"}},"email":"mauren.dacosta@example.com","login":{"uuid":"a3aab488-6d10-4822-bdfe-50bc77bfda55","username":"tinyfrog137","password":"weird","salt":"2fcGkk71","md5":"80aba28d1b7b0b01e79f5e6eb704b9a3","sha1":"9f09e3559e87fc4b29b46fd898b5140f2d24ca6e","sha256":"c3dd3b79b6a43079c4f711e414fd7742106a953ae5ae99b17183954c40a8a9d5"},"dob":{"date":"1986-01-07T12:44:01.352Z","age":38},"registered":{"date":"2017-09-19T12:33:29.091Z","age":6},"phone":"(46) 9863-3789","cell":"(98) 5390-5826","id":{"name":"CPF","value":"607.996.431-04"},"picture":{"large":"https://randomuser.me/api/portraits/women/44.jpg","medium":"https://randomuser.me/api/portraits/med/women/44.jpg","thumbnail":"https://randomuser.me/api/portraits/thumb/women/44.jpg"},"nat":"BR"}],"info":{"seed":"176b1f71be2210fb","results":1,"page":1,"version":"1.4"}} 
 </msg>
<msg time="2024-05-26T09:15:51.980552" level="INFO">/opt/hostedtoolcache/Python/3.12.3/x64/lib/python3.12/site-packages/urllib3/connectionpool.py:1103: InsecureRequestWarning: Unverified HTTPS request is being made to host 'randomuser.me'. Adding certificate verification is strongly advised. See: https://urllib3.readthedocs.io/en/latest/advanced-usage.html#tls-warnings
  warnings.warn(</msg>
<msg time="2024-05-26T09:15:51.980687" level="INFO">${response} = &lt;Response [200]&gt;</msg>
<var>${response}</var>
<arg>consultarAPI</arg>
<arg>/api</arg>
<doc>Sends a GET request on a previously created HTTP Session.</doc>
<status status="PASS" start="2024-05-26T09:15:51.897113" elapsed="0.083623"/>
</kw>
<kw name="Set Variable" owner="BuiltIn">
<msg time="2024-05-26T09:15:51.982132" level="INFO">${json_data} = {'results': [{'gender': 'female', 'name': {'title': 'Mrs', 'first': 'Mauren', 'last': 'da Costa'}, 'location': {'street': {'number': 6996, 'name': 'Rua Dois'}, 'city': 'Mesquita', 'state': 'Paraíba', ...</msg>
<var>${json_data}</var>
<arg>${response.json()}</arg>
<doc>Returns the given values which can then be assigned to a variables.</doc>
<status status="PASS" start="2024-05-26T09:15:51.981412" elapsed="0.000751"/>
</kw>
<kw name="Log" owner="BuiltIn">
<msg time="2024-05-26T09:15:51.982685" level="INFO">{'results': [{'gender': 'female', 'name': {'title': 'Mrs', 'first': 'Mauren', 'last': 'da Costa'}, 'location': {'street': {'number': 6996, 'name': 'Rua Dois'}, 'city': 'Mesquita', 'state': 'Paraíba', 'country': 'Brazil', 'postcode': 46953, 'coordinates': {'latitude': '-79.9901', 'longitude': '62.4278'}, 'timezone': {'offset': '+5:00', 'description': 'Ekaterinburg, Islamabad, Karachi, Tashkent'}}, 'email': 'mauren.dacosta@example.com', 'login': {'uuid': 'a3aab488-6d10-4822-bdfe-50bc77bfda55', 'username': 'tinyfrog137', 'password': 'weird', 'salt': '2fcGkk71', 'md5': '80aba28d1b7b0b01e79f5e6eb704b9a3', 'sha1': '9f09e3559e87fc4b29b46fd898b5140f2d24ca6e', 'sha256': 'c3dd3b79b6a43079c4f711e414fd7742106a953ae5ae99b17183954c40a8a9d5'}, 'dob': {'date': '1986-01-07T12:44:01.352Z', 'age': 38}, 'registered': {'date': '2017-09-19T12:33:29.091Z', 'age': 6}, 'phone': '(46) 9863-3789', 'cell': '(98) 5390-5826', 'id': {'name': 'CPF', 'value': '607.996.431-04'}, 'picture': {'large': 'https://randomuser.me/api/portraits/women/44.jpg', 'medium': 'https://randomuser.me/api/portraits/med/women/44.jpg', 'thumbnail': 'https://randomuser.me/api/portraits/thumb/women/44.jpg'}, 'nat': 'BR'}], 'info': {'seed': '176b1f71be2210fb', 'results': 1, 'page': 1, 'version': '1.4'}}</msg>
<arg>${json_data}</arg>
<doc>Logs the given message with the given level.</doc>
<status status="PASS" start="2024-05-26T09:15:51.982514" elapsed="0.000258"/>
</kw>
<kw name="Should Be Equal As Numbers" owner="BuiltIn">
<arg>${json_data['results'][0]['location']['postcode']}</arg>
<arg>${json_data['results'][0]['location']['postcode']}</arg>
<doc>Fails if objects are unequal after converting them to real numbers.</doc>
<status status="PASS" start="2024-05-26T09:15:51.983091" elapsed="0.000639"/>
</kw>
<kw name="Log" owner="BuiltIn">
<msg time="2024-05-26T09:15:51.984262" level="INFO">46953</msg>
<arg>${json_data['results'][0]['location']['postcode']}</arg>
<doc>Logs the given message with the given level.</doc>
<status status="PASS" start="2024-05-26T09:15:51.983927" elapsed="0.000377"/>
</kw>
<status status="PASS" start="2024-05-26T09:15:51.896870" elapsed="0.087697"/>
</kw>
<doc>Testa se os tipos de dados na resposta da API estão corretos.</doc>
<tag>testeTiposDados</tag>
<status status="PASS" start="2024-05-26T09:15:51.809276" elapsed="0.175461"/>
</test>
<test id="s1-s1-t5" name="Validar conteudo" line="35">
<kw name="Teste de Tipos de Conteudo" owner="random-user-service">
<kw name="GET On Session" owner="RequestsLibrary">
<msg time="2024-05-26T09:15:52.087049" level="INFO">GET Request : url=https://randomuser.me/api 
 path_url=/api 
 headers={'User-Agent': 'python-requests/2.32.2', 'Accept-Encoding': 'gzip, deflate', 'Accept': '*/*', 'Connection': 'keep-alive'} 
 body=None 
 </msg>
<msg time="2024-05-26T09:15:52.087149" level="INFO">GET Response : url=https://randomuser.me/api 
 status=200, reason=OK 
 headers={'Date': 'Sun, 26 May 2024 09:15:52 GMT', 'Content-Type': 'application/json; charset=utf-8', 'Transfer-Encoding': 'chunked', 'Connection': 'keep-alive', 'X-Powered-By': 'Express', 'Access-Control-Allow-Origin': '*', 'Cache-Control': 'no-cache', 'ETag': 'W/"498-77ijSXMFoqHeU/+/iOt5R14QZUY"', 'Vary': 'Accept-Encoding', 'Content-Encoding': 'gzip', 'CF-Cache-Status': 'DYNAMIC', 'Report-To': '{"endpoints":[{"url":"https:\\/\\/a.nel.cloudflare.com\\/report\\/v4?s=QNIqv0yrVm820wgsBcZ39JH55rTTNAkEgezgZ0xNl8tweTBavP0uswOms%2B02YYlUP5Eu9b2GABJler3Zvdazj9y%2FyhwHHUUeeI%2FFJY2b99%2FX46Vof17X437M1YElYMAM"}],"group":"cf-nel","max_age":604800}', 'NEL': '{"success_fraction":0,"report_to":"cf-nel","max_age":604800}', 'Server': 'cloudflare', 'CF-RAY': '889ca9c1ebca081a-IAD', 'alt-svc': 'h3=":443"; ma=86400'} 
 body={"results":[{"gender":"female","name":{"title":"Mrs","first":"Adrijana","last":"Terzić"},"location":{"street":{"number":9345,"name":"Katarine Jovanović"},"city":"Velika Plana","state":"Pirot","country":"Serbia","postcode":74484,"coordinates":{"latitude":"56.4810","longitude":"129.7881"},"timezone":{"offset":"-1:00","description":"Azores, Cape Verde Islands"}},"email":"adrijana.terzic@example.com","login":{"uuid":"0d96e5e8-b2ad-4c83-a749-7fe3a6b7ad08","username":"purpleladybug944","password":"dandan","salt":"hNZYGp4B","md5":"8909c01645c05ffda97d60718f3277cb","sha1":"1572d6dafbac3e4d7b17062814f1acba9b60a46f","sha256":"ec6fc6203d2708a49e58b4520c5f4f2aa35e38ba00016a2d6fb80190a859ef19"},"dob":{"date":"1995-07-31T18:16:36.198Z","age":28},"registered":{"date":"2006-11-10T22:45:11.136Z","age":17},"phone":"027-4680-539","cell":"060-7958-051","id":{"name":"SID","value":"867403967"},"picture":{"large":"https://randomuser.me/api/portraits/women/66.jpg","medium":"https://randomuser.me/api/portraits/med/women/66.jpg","thumbnail":"https://randomuser.me/api/portraits/thumb/women/66.jpg"},"nat":"RS"}],"info":{"seed":"c25285d33f93f789","results":1,"page":1,"version":"1.4"}} 
 </msg>
<msg time="2024-05-26T09:15:52.087228" level="INFO">/opt/hostedtoolcache/Python/3.12.3/x64/lib/python3.12/site-packages/urllib3/connectionpool.py:1103: InsecureRequestWarning: Unverified HTTPS request is being made to host 'randomuser.me'. Adding certificate verification is strongly advised. See: https://urllib3.readthedocs.io/en/latest/advanced-usage.html#tls-warnings
  warnings.warn(</msg>
<msg time="2024-05-26T09:15:52.087368" level="INFO">${response} = &lt;Response [200]&gt;</msg>
<var>${response}</var>
<arg>consultarAPI</arg>
<arg>/api</arg>
<doc>Sends a GET request on a previously created HTTP Session.</doc>
<status status="PASS" start="2024-05-26T09:15:51.987371" elapsed="0.100042"/>
</kw>
<kw name="Set Variable" owner="BuiltIn">
<msg time="2024-05-26T09:15:52.088479" level="INFO">${json_data} = {'results': [{'gender': 'female', 'name': {'title': 'Mrs', 'first': 'Adrijana', 'last': 'Terzić'}, 'location': {'street': {'number': 9345, 'name': 'Katarine Jovanović'}, 'city': 'Velika Plana', 'state...</msg>
<var>${json_data}</var>
<arg>${response.json()}</arg>
<doc>Returns the given values which can then be assigned to a variables.</doc>
<status status="PASS" start="2024-05-26T09:15:52.087938" elapsed="0.000572"/>
</kw>
<kw name="Set Variable" owner="BuiltIn">
<msg time="2024-05-26T09:15:52.089202" level="INFO">${name_title} = Mrs</msg>
<var>${name_title}</var>
<arg>${json_data["results"][0]["name"]["title"]}</arg>
<doc>Returns the given values which can then be assigned to a variables.</doc>
<status status="PASS" start="2024-05-26T09:15:52.088819" elapsed="0.000409"/>
</kw>
<kw name="Create List" owner="BuiltIn">
<msg time="2024-05-26T09:15:52.089722" level="INFO">${allowed_titles} = ['Mr', 'Ms', 'Miss', 'Mrs', 'Madame', 'Monsieur']</msg>
<var>${allowed_titles}</var>
<arg>Mr</arg>
<arg>Ms</arg>
<arg>Miss</arg>
<arg>Mrs</arg>
<arg>Madame</arg>
<arg>Monsieur</arg>
<doc>Returns a list containing given items.</doc>
<status status="PASS" start="2024-05-26T09:15:52.089527" elapsed="0.000220"/>
</kw>
<kw name="List Should Contain Value" owner="Collections">
<msg time="2024-05-26T09:15:52.090243" level="INFO">False</msg>
<arg>${allowed_titles}</arg>
<arg>${name_title}</arg>
<doc>Fails if the ``value`` is not found from ``list``.</doc>
<status status="PASS" start="2024-05-26T09:15:52.090064" elapsed="0.000215"/>
</kw>
<kw name="Set Variable" owner="BuiltIn">
<msg time="2024-05-26T09:15:52.091142" level="INFO">${name_country} = RS</msg>
<var>${name_country}</var>
<arg>${json_data["results"][0]["nat"]}</arg>
<doc>Returns the given values which can then be assigned to a variables.</doc>
<status status="PASS" start="2024-05-26T09:15:52.090579" elapsed="0.000589"/>
</kw>
<kw name="Create List" owner="BuiltIn">
<msg time="2024-05-26T09:15:52.092095" level="INFO">${list_country} = ['AD', 'AE', 'AF', 'AG', 'AI', 'AL', 'AM', 'AO', 'AQ', 'AR', 'AS', 'AT', 'AU', 'AW', 'AX', 'AZ', 'BA', 'BB', 'BD', 'BE', 'BF', 'BG', 'BH', 'BI', 'BJ', 'BL', 'BM', 'BN', 'BO', 'BQ', 'BR', 'BS', 'BT', '...</msg>
<var>${list_country}</var>
<arg>AD</arg>
<arg>AE</arg>
<arg>AF</arg>
<arg>AG</arg>
<arg>AI</arg>
<arg>AL</arg>
<arg>AM</arg>
<arg>AO</arg>
<arg>AQ</arg>
<arg>AR</arg>
<arg>AS</arg>
<arg>AT</arg>
<arg>AU</arg>
<arg>AW</arg>
<arg>AX</arg>
<arg>AZ</arg>
<arg>BA</arg>
<arg>BB</arg>
<arg>BD</arg>
<arg>BE</arg>
<arg>BF</arg>
<arg>BG</arg>
<arg>BH</arg>
<arg>BI</arg>
<arg>BJ</arg>
<arg>BL</arg>
<arg>BM</arg>
<arg>BN</arg>
<arg>BO</arg>
<arg>BQ</arg>
<arg>BR</arg>
<arg>BS</arg>
<arg>BT</arg>
<arg>BV</arg>
<arg>BW</arg>
<arg>BY</arg>
<arg>BZ</arg>
<arg>CA</arg>
<arg>CC</arg>
<arg>CD</arg>
<arg>CF</arg>
<arg>CG</arg>
<arg>CH</arg>
<arg>CI</arg>
<arg>CK</arg>
<arg>CL</arg>
<arg>CM</arg>
<arg>CN</arg>
<arg>CO</arg>
<arg>CR</arg>
<arg>CU</arg>
<arg>CV</arg>
<arg>CW</arg>
<arg>CX</arg>
<arg>CY</arg>
<arg>CZ</arg>
<arg>DE</arg>
<arg>DJ</arg>
<arg>DK</arg>
<arg>DM</arg>
<arg>DO</arg>
<arg>DZ</arg>
<arg>EC</arg>
<arg>EE</arg>
<arg>EG</arg>
<arg>EH</arg>
<arg>ER</arg>
<arg>ES</arg>
<arg>ET</arg>
<arg>FI</arg>
<arg>FJ</arg>
<arg>FK</arg>
<arg>FM</arg>
<arg>FO</arg>
<arg>FR</arg>
<arg>GA</arg>
<arg>GB</arg>
<arg>GD</arg>
<arg>GE</arg>
<arg>GF</arg>
<arg>GG</arg>
<arg>GH</arg>
<arg>GI</arg>
<arg>GL</arg>
<arg>GM</arg>
<arg>GN</arg>
<arg>GP</arg>
<arg>GQ</arg>
<arg>GR</arg>
<arg>GS</arg>
<arg>GT</arg>
<arg>GU</arg>
<arg>GW</arg>
<arg>GY</arg>
<arg>HK</arg>
<arg>HM</arg>
<arg>HN</arg>
<arg>HR</arg>
<arg>HT</arg>
<arg>HU</arg>
<arg>ID</arg>
<arg>IE</arg>
<arg>IL</arg>
<arg>IM</arg>
<arg>IN</arg>
<arg>IO</arg>
<arg>IQ</arg>
<arg>IR</arg>
<arg>IS</arg>
<arg>IT</arg>
<arg>JE</arg>
<arg>JM</arg>
<arg>JO</arg>
<arg>JP</arg>
<arg>KE</arg>
<arg>KG</arg>
<arg>KH</arg>
<arg>KI</arg>
<arg>KM</arg>
<arg>KN</arg>
<arg>KP</arg>
<arg>KR</arg>
<arg>KW</arg>
<arg>KY</arg>
<arg>KZ</arg>
<arg>LA</arg>
<arg>LB</arg>
<arg>LC</arg>
<arg>LI</arg>
<arg>LK</arg>
<arg>LR</arg>
<arg>LS</arg>
<arg>LT</arg>
<arg>LU</arg>
<arg>LV</arg>
<arg>LY</arg>
<arg>MA</arg>
<arg>MC</arg>
<arg>MD</arg>
<arg>ME</arg>
<arg>MF</arg>
<arg>MG</arg>
<arg>MH</arg>
<arg>MK</arg>
<arg>ML</arg>
<arg>MM</arg>
<arg>MN</arg>
<arg>MO</arg>
<arg>MP</arg>
<arg>MQ</arg>
<arg>MR</arg>
<arg>MS</arg>
<arg>MT</arg>
<arg>MU</arg>
<arg>MV</arg>
<arg>MW</arg>
<arg>MX</arg>
<arg>MY</arg>
<arg>MZ</arg>
<arg>NA</arg>
<arg>NC</arg>
<arg>NE</arg>
<arg>NF</arg>
<arg>NG</arg>
<arg>NI</arg>
<arg>NL</arg>
<arg>NO</arg>
<arg>NP</arg>
<arg>NR</arg>
<arg>NU</arg>
<arg>NZ</arg>
<arg>OM</arg>
<arg>PA</arg>
<arg>PE</arg>
<arg>PF</arg>
<arg>PG</arg>
<arg>PH</arg>
<arg>PK</arg>
<arg>PL</arg>
<arg>PM</arg>
<arg>PN</arg>
<arg>PR</arg>
<arg>PS</arg>
<arg>PT</arg>
<arg>PW</arg>
<arg>PY</arg>
<arg>QA</arg>
<arg>RE</arg>
<arg>RO</arg>
<arg>RS</arg>
<arg>RU</arg>
<arg>RW</arg>
<arg>SA</arg>
<arg>SB</arg>
<arg>SC</arg>
<arg>SD</arg>
<arg>SE</arg>
<arg>SG</arg>
<arg>SH</arg>
<arg>SI</arg>
<arg>SJ</arg>
<arg>SK</arg>
<arg>SL</arg>
<arg>SM</arg>
<arg>SN</arg>
<arg>SO</arg>
<arg>SR</arg>
<arg>SS</arg>
<arg>ST</arg>
<arg>SV</arg>
<arg>SX</arg>
<arg>SY</arg>
<arg>SZ</arg>
<arg>TC</arg>
<arg>TD</arg>
<arg>TF</arg>
<arg>TG</arg>
<arg>TH</arg>
<arg>TJ</arg>
<arg>TK</arg>
<arg>TL</arg>
<arg>TM</arg>
<arg>TN</arg>
<arg>TO</arg>
<arg>TR</arg>
<arg>TT</arg>
<arg>TV</arg>
<arg>TW</arg>
<arg>TZ</arg>
<arg>UA</arg>
<arg>UG</arg>
<arg>UM</arg>
<arg>US</arg>
<arg>UY</arg>
<arg>UZ</arg>
<arg>VA</arg>
<arg>VC</arg>
<arg>VE</arg>
<arg>VG</arg>
<arg>VI</arg>
<arg>VN</arg>
<arg>VU</arg>
<arg>WF</arg>
<arg>WS</arg>
<arg>XK</arg>
<arg>YE</arg>
<arg>YT</arg>
<arg>ZA</arg>
<arg>ZM</arg>
<arg>ZW</arg>
<doc>Returns a list containing given items.</doc>
<status status="PASS" start="2024-05-26T09:15:52.091478" elapsed="0.000642"/>
</kw>
<kw name="List Should Contain Value" owner="Collections">
<msg time="2024-05-26T09:15:52.093105" level="INFO">False</msg>
<arg>${list_country}</arg>
<arg>${name_country}</arg>
<doc>Fails if the ``value`` is not found from ``list``.</doc>
<status status="PASS" start="2024-05-26T09:15:52.092902" elapsed="0.000238"/>
</kw>
<kw name="Run Keyword If" owner="BuiltIn">
<kw name="Should Be True" owner="BuiltIn">
<arg>${True}</arg>
<doc>Fails if the given condition is not true.</doc>
<status status="PASS" start="2024-05-26T09:15:52.094240" elapsed="0.000145"/>
</kw>
<arg>${json_data["results"][0]["location"]["coordinates"]["latitude"]} &gt;= -90 and ${json_data["results"][0]["location"]["coordinates"]["latitude"]} &lt;= 90</arg>
<arg>Should Be True</arg>
<arg>${True}</arg>
<doc>Runs the given keyword with the given arguments, if ``condition`` is true.</doc>
<status status="PASS" start="2024-05-26T09:15:52.093451" elapsed="0.001063"/>
</kw>
<kw name="Run Keyword If" owner="BuiltIn">
<kw name="Should Be True" owner="BuiltIn">
<arg>${True}</arg>
<doc>Fails if the given condition is not true.</doc>
<status status="PASS" start="2024-05-26T09:15:52.095385" elapsed="0.000135"/>
</kw>
<arg>${json_data["results"][0]["location"]["coordinates"]["longitude"]} &gt;= -180 and ${json_data["results"][0]["location"]["coordinates"]["longitude"]} &lt;= 180</arg>
<arg>Should Be True</arg>
<arg>${True}</arg>
<doc>Runs the given keyword with the given arguments, if ``condition`` is true.</doc>
<status status="PASS" start="2024-05-26T09:15:52.094701" elapsed="0.000940"/>
</kw>
<status status="PASS" start="2024-05-26T09:15:51.987134" elapsed="0.108636"/>
</kw>
<doc>Testa o conteúdo específico dos campos retornados pela API.</doc>
<tag>testeConteudo</tag>
<status status="PASS" start="2024-05-26T09:15:51.986575" elapsed="0.109346"/>
</test>
<status status="PASS" start="2024-05-26T09:15:51.257485" elapsed="0.840386"/>
</suite>
<status status="PASS" start="2024-05-26T09:15:51.244079" elapsed="0.858907"/>
</suite>
<statistics>
<total>
<stat pass="5" fail="0" skip="0">All Tests</stat>
</total>
<tag>
<stat pass="1" fail="0" skip="0">testeConteudo</stat>
<stat pass="1" fail="0" skip="0">testeEstruturaResposta</stat>
<stat pass="1" fail="0" skip="0">testeRequisicaoBasica</stat>
<stat pass="1" fail="0" skip="0">testeTiposDados</stat>
</tag>
<suite>
<stat pass="5" fail="0" skip="0" id="s1" name="Tests">Tests</stat>
<stat pass="5" fail="0" skip="0" id="s1-s1" name="Random-User-Test">Tests.Random-User-Test</stat>
</suite>
</statistics>
<errors>
</errors>
</robot>
