<?xml version="1.0" encoding="UTF-8"?>
<robot generator="Robot 7.0.1 (Python 3.12.3 on linux)" generated="2024-06-12T17:13:04.785947" rpa="false" schemaversion="5">
<suite id="s1" name="Tests" source="/home/runner/work/ApiRandomUser/ApiRandomUser/RamdonUser/tests">
<suite id="s1-s1" name="Random-User-Test" source="/home/runner/work/ApiRandomUser/ApiRandomUser/RamdonUser/tests/random-user-test.robot">
<test id="s1-s1-t1" name="Conectar" line="13">
<kw name="Conectar API" owner="random-user-service">
<kw name="Create Session" owner="RequestsLibrary">
<msg time="2024-06-12T17:13:05.188697" level="INFO">Creating Session using : alias=consultarAPI, url=https://randomuser.me/, headers={},                     cookies={}, auth=None, timeout=None, proxies=None, verify=False,                     debug=0 </msg>
<arg>consultarAPI</arg>
<arg>${URL}</arg>
<doc>Create Session: create a HTTP session to a server</doc>
<status status="PASS" start="2024-06-12T17:13:05.188496" elapsed="0.000385"/>
</kw>
<status status="PASS" start="2024-06-12T17:13:05.187377" elapsed="0.001871"/>
</kw>
<status status="PASS" start="2024-06-12T17:13:05.186681" elapsed="0.002762"/>
</test>
<test id="s1-s1-t2" name="Validar retorno 200 e JSON Válido" line="16">
<kw name="Teste de Requisicao Basica" owner="random-user-service">
<kw name="GET On Session" owner="RequestsLibrary">
<msg time="2024-06-12T17:13:05.302608" level="INFO">GET Request : url=https://randomuser.me/api 
 path_url=/api 
 headers={'User-Agent': 'python-requests/2.32.3', 'Accept-Encoding': 'gzip, deflate', 'Accept': '*/*', 'Connection': 'keep-alive'} 
 body=None 
 </msg>
<msg time="2024-06-12T17:13:05.302756" level="INFO">GET Response : url=https://randomuser.me/api 
 status=200, reason=OK 
 headers={'Date': 'Wed, 12 Jun 2024 17:13:05 GMT', 'Content-Type': 'application/json; charset=utf-8', 'Transfer-Encoding': 'chunked', 'Connection': 'keep-alive', 'X-Powered-By': 'Express', 'Access-Control-Allow-Origin': '*', 'Cache-Control': 'no-cache', 'ETag': 'W/"48d-hPZjQ42lGp+0nIbzvJReilHPcCQ"', 'Vary': 'Accept-Encoding', 'Content-Encoding': 'gzip', 'CF-Cache-Status': 'DYNAMIC', 'Report-To': '{"endpoints":[{"url":"https:\\/\\/a.nel.cloudflare.com\\/report\\/v4?s=PGdLimKsWu4PKtgvCymWUBFBLkZYu0gB2%2Fx8r7FpsTABliyMskVntl%2FtRUOn5F8jO7xGGz5cm3rNJUaLzNj5q9TJUI9%2BvtDR66%2BV4GC6kJsB39DE7DHuLGrS0XMSj%2BdT"}],"group":"cf-nel","max_age":604800}', 'NEL': '{"success_fraction":0,"report_to":"cf-nel","max_age":604800}', 'Server': 'cloudflare', 'CF-RAY': '892b782fb9523b77-IAD', 'alt-svc': 'h3=":443"; ma=86400'} 
 body={"results":[{"gender":"male","name":{"title":"Mr","first":"Arman","last":"Kydland"},"location":{"street":{"number":309,"name":"Eikelundveien"},"city":"Vikøy","state":"Sogn og Fjordane","country":"Norway","postcode":"2333","coordinates":{"latitude":"43.8528","longitude":"-168.2512"},"timezone":{"offset":"-5:00","description":"Eastern Time (US &amp; Canada), Bogota, Lima"}},"email":"arman.kydland@example.com","login":{"uuid":"17402fa2-9faa-4bd5-bb05-b019bf213226","username":"angryfrog774","password":"regina","salt":"M7ONS2uo","md5":"30ed80f6774387501d85e368e546fa93","sha1":"3703683a59725de8318bff12a7f8a698b7acafd1","sha256":"aa7b9b288574d3454eea3bf44126943358b25033e2879ef96f4894fe29e2b894"},"dob":{"date":"1945-06-23T20:07:24.018Z","age":78},"registered":{"date":"2004-01-30T03:31:15.489Z","age":20},"phone":"79102113","cell":"46492086","id":{"name":"FN","value":"23064533576"},"picture":{"large":"https://randomuser.me/api/portraits/men/56.jpg","medium":"https://randomuser.me/api/portraits/med/men/56.jpg","thumbnail":"https://randomuser.me/api/portraits/thumb/men/56.jpg"},"nat":"NO"}],"info":{"seed":"b45ae233ab6cbf3c","results":1,"page":1,"version":"1.4"}} 
 </msg>
<msg time="2024-06-12T17:13:05.302847" level="INFO">/opt/hostedtoolcache/Python/3.12.3/x64/lib/python3.12/site-packages/urllib3/connectionpool.py:1103: InsecureRequestWarning: Unverified HTTPS request is being made to host 'randomuser.me'. Adding certificate verification is strongly advised. See: https://urllib3.readthedocs.io/en/latest/advanced-usage.html#tls-warnings
  warnings.warn(</msg>
<msg time="2024-06-12T17:13:05.302961" level="INFO">${response} = &lt;Response [200]&gt;</msg>
<var>${response}</var>
<arg>consultarAPI</arg>
<arg>/api</arg>
<doc>Sends a GET request on a previously created HTTP Session.</doc>
<status status="PASS" start="2024-06-12T17:13:05.192011" elapsed="0.110986"/>
</kw>
<kw name="Should Be Equal As Numbers" owner="BuiltIn">
<msg time="2024-06-12T17:13:05.303942" level="INFO">Argument types are:
&lt;class 'int'&gt;
&lt;class 'str'&gt;</msg>
<arg>${response.status_code}</arg>
<arg>200</arg>
<doc>Fails if objects are unequal after converting them to real numbers.</doc>
<status status="PASS" start="2024-06-12T17:13:05.303523" elapsed="0.000484"/>
</kw>
<kw name="Log" owner="BuiltIn">
<msg time="2024-06-12T17:13:05.304700" level="INFO">200</msg>
<arg>${response.status_code}</arg>
<doc>Logs the given message with the given level.</doc>
<status status="PASS" start="2024-06-12T17:13:05.304349" elapsed="0.000399"/>
</kw>
<kw name="Set Variable" owner="BuiltIn">
<msg time="2024-06-12T17:13:05.305494" level="INFO">${json_data} = {'results': [{'gender': 'male', 'name': {'title': 'Mr', 'first': 'Arman', 'last': 'Kydland'}, 'location': {'street': {'number': 309, 'name': 'Eikelundveien'}, 'city': 'Vikøy', 'state': 'Sogn og Fjorda...</msg>
<var>${json_data}</var>
<arg>${response.json()}</arg>
<doc>Returns the given values which can then be assigned to a variables.</doc>
<status status="PASS" start="2024-06-12T17:13:05.305058" elapsed="0.000465"/>
</kw>
<kw name="Dictionary Should Contain Key" owner="Collections">
<arg>${json_data}</arg>
<arg>results</arg>
<doc>Fails if ``key`` is not found from ``dictionary``.</doc>
<status status="PASS" start="2024-06-12T17:13:05.305821" elapsed="0.000171"/>
</kw>
<status status="PASS" start="2024-06-12T17:13:05.191774" elapsed="0.114365"/>
</kw>
<doc>Testa se a API responde corretamente e retorna um objeto JSON válido.</doc>
<tag>testeRequisicaoBasica</tag>
<status status="PASS" start="2024-06-12T17:13:05.191310" elapsed="0.114996"/>
</test>
<test id="s1-s1-t3" name="Validar estrutura de resposta" line="22">
<kw name="Teste de Estrutura de Resposta" owner="random-user-service">
<kw name="GET On Session" owner="RequestsLibrary">
<msg time="2024-06-12T17:13:05.400889" level="INFO">GET Request : url=https://randomuser.me/api 
 path_url=/api 
 headers={'User-Agent': 'python-requests/2.32.3', 'Accept-Encoding': 'gzip, deflate', 'Accept': '*/*', 'Connection': 'keep-alive'} 
 body=None 
 </msg>
<msg time="2024-06-12T17:13:05.400969" level="INFO">GET Response : url=https://randomuser.me/api 
 status=200, reason=OK 
 headers={'Date': 'Wed, 12 Jun 2024 17:13:05 GMT', 'Content-Type': 'application/json; charset=utf-8', 'Transfer-Encoding': 'chunked', 'Connection': 'keep-alive', 'X-Powered-By': 'Express', 'Access-Control-Allow-Origin': '*', 'Cache-Control': 'no-cache', 'ETag': 'W/"498-Oz+ZmXt9SbSrbzXl8aWQXuPJktw"', 'Vary': 'Accept-Encoding', 'Content-Encoding': 'gzip', 'CF-Cache-Status': 'DYNAMIC', 'Report-To': '{"endpoints":[{"url":"https:\\/\\/a.nel.cloudflare.com\\/report\\/v4?s=950DkC7IH1yYPTuryN%2BGjtcffWNRp2ODd%2Fza16ije0U87gRM4dwsS4xZIyoImf%2FtPo5JaRY8cq58zIwfg%2FCShhqphnigfSnJ3UFaxqf5V1%2FFDdzCbQGT3KYfRddwzluM"}],"group":"cf-nel","max_age":604800}', 'NEL': '{"success_fraction":0,"report_to":"cf-nel","max_age":604800}', 'Server': 'cloudflare', 'CF-RAY': '892b78303a083b77-IAD', 'alt-svc': 'h3=":443"; ma=86400'} 
 body={"results":[{"gender":"male","name":{"title":"Mr","first":"Isaac","last":"Rosado"},"location":{"street":{"number":2660,"name":"Calzada Nauru"},"city":"Pujal Coy","state":"Campeche","country":"Mexico","postcode":63538,"coordinates":{"latitude":"22.1368","longitude":"-84.1261"},"timezone":{"offset":"-4:00","description":"Atlantic Time (Canada), Caracas, La Paz"}},"email":"isaac.rosado@example.com","login":{"uuid":"6c444919-d267-4638-9934-966d8d04a13d","username":"brownelephant653","password":"mmmmm","salt":"2iAEzpIY","md5":"9e946d04b2a1c8d127c22196a0aef19c","sha1":"c42f6bf459b09f7c2b391e32e768cee0f1785a41","sha256":"de956eff0f95ae6681d586bea8c02a15b5a5af134308b2c0e68650d11adc6ee3"},"dob":{"date":"1967-03-24T14:33:20.618Z","age":57},"registered":{"date":"2010-03-08T06:28:37.270Z","age":14},"phone":"(658) 026 0285","cell":"(694) 494 8200","id":{"name":"NSS","value":"01 78 94 5544 4"},"picture":{"large":"https://randomuser.me/api/portraits/men/85.jpg","medium":"https://randomuser.me/api/portraits/med/men/85.jpg","thumbnail":"https://randomuser.me/api/portraits/thumb/men/85.jpg"},"nat":"MX"}],"info":{"seed":"61f1fc556008f187","results":1,"page":1,"version":"1.4"}} 
 </msg>
<msg time="2024-06-12T17:13:05.401088" level="INFO">/opt/hostedtoolcache/Python/3.12.3/x64/lib/python3.12/site-packages/urllib3/connectionpool.py:1103: InsecureRequestWarning: Unverified HTTPS request is being made to host 'randomuser.me'. Adding certificate verification is strongly advised. See: https://urllib3.readthedocs.io/en/latest/advanced-usage.html#tls-warnings
  warnings.warn(</msg>
<msg time="2024-06-12T17:13:05.401201" level="INFO">${response} = &lt;Response [200]&gt;</msg>
<var>${response}</var>
<arg>consultarAPI</arg>
<arg>/api</arg>
<doc>Sends a GET request on a previously created HTTP Session.</doc>
<status status="PASS" start="2024-06-12T17:13:05.309047" elapsed="0.092195"/>
</kw>
<kw name="Set Variable" owner="BuiltIn">
<msg time="2024-06-12T17:13:05.402068" level="INFO">${json_data} = {'results': [{'gender': 'male', 'name': {'title': 'Mr', 'first': 'Isaac', 'last': 'Rosado'}, 'location': {'street': {'number': 2660, 'name': 'Calzada Nauru'}, 'city': 'Pujal Coy', 'state': 'Campeche',...</msg>
<var>${json_data}</var>
<arg>${response.json()}</arg>
<doc>Returns the given values which can then be assigned to a variables.</doc>
<status status="PASS" start="2024-06-12T17:13:05.401619" elapsed="0.000479"/>
</kw>
<kw name="Log" owner="BuiltIn">
<msg time="2024-06-12T17:13:05.402561" level="INFO">{'results': [{'gender': 'male', 'name': {'title': 'Mr', 'first': 'Isaac', 'last': 'Rosado'}, 'location': {'street': {'number': 2660, 'name': 'Calzada Nauru'}, 'city': 'Pujal Coy', 'state': 'Campeche', 'country': 'Mexico', 'postcode': 63538, 'coordinates': {'latitude': '22.1368', 'longitude': '-84.1261'}, 'timezone': {'offset': '-4:00', 'description': 'Atlantic Time (Canada), Caracas, La Paz'}}, 'email': 'isaac.rosado@example.com', 'login': {'uuid': '6c444919-d267-4638-9934-966d8d04a13d', 'username': 'brownelephant653', 'password': 'mmmmm', 'salt': '2iAEzpIY', 'md5': '9e946d04b2a1c8d127c22196a0aef19c', 'sha1': 'c42f6bf459b09f7c2b391e32e768cee0f1785a41', 'sha256': 'de956eff0f95ae6681d586bea8c02a15b5a5af134308b2c0e68650d11adc6ee3'}, 'dob': {'date': '1967-03-24T14:33:20.618Z', 'age': 57}, 'registered': {'date': '2010-03-08T06:28:37.270Z', 'age': 14}, 'phone': '(658) 026 0285', 'cell': '(694) 494 8200', 'id': {'name': 'NSS', 'value': '01 78 94 5544 4'}, 'picture': {'large': 'https://randomuser.me/api/portraits/men/85.jpg', 'medium': 'https://randomuser.me/api/portraits/med/men/85.jpg', 'thumbnail': 'https://randomuser.me/api/portraits/thumb/men/85.jpg'}, 'nat': 'MX'}], 'info': {'seed': '61f1fc556008f187', 'results': 1, 'page': 1, 'version': '1.4'}}</msg>
<arg>${json_data}</arg>
<doc>Logs the given message with the given level.</doc>
<status status="PASS" start="2024-06-12T17:13:05.402405" elapsed="0.000203"/>
</kw>
<kw name="Dictionary Should Contain Key" owner="Collections">
<arg>${json_data}</arg>
<arg>results</arg>
<doc>Fails if ``key`` is not found from ``dictionary``.</doc>
<status status="PASS" start="2024-06-12T17:13:05.402896" elapsed="0.000153"/>
</kw>
<kw name="Should Not Be Empty" owner="BuiltIn">
<msg time="2024-06-12T17:13:05.403386" level="INFO">Length is 2.</msg>
<arg>${json_data}</arg>
<doc>Verifies that the given item is not empty.</doc>
<status status="PASS" start="2024-06-12T17:13:05.403231" elapsed="0.000196"/>
</kw>
<kw name="Create List" owner="BuiltIn">
<msg time="2024-06-12T17:13:05.403861" level="INFO">${expected_keys} = ['gender', 'name', 'location', 'email', 'login']</msg>
<var>${expected_keys}</var>
<arg>gender</arg>
<arg>name</arg>
<arg>location</arg>
<arg>email</arg>
<arg>login</arg>
<doc>Returns a list containing given items.</doc>
<status status="PASS" start="2024-06-12T17:13:05.403716" elapsed="0.000169"/>
</kw>
<for flavor="IN">
<iter>
<kw name="Dictionary Should Contain Key" owner="Collections">
<arg>${json_data['results'][0]}</arg>
<arg>${key}</arg>
<doc>Fails if ``key`` is not found from ``dictionary``.</doc>
<status status="PASS" start="2024-06-12T17:13:05.404458" elapsed="0.000411"/>
</kw>
<kw name="Log" owner="BuiltIn">
<msg time="2024-06-12T17:13:05.405430" level="INFO">{'gender': 'male', 'name': {'title': 'Mr', 'first': 'Isaac', 'last': 'Rosado'}, 'location': {'street': {'number': 2660, 'name': 'Calzada Nauru'}, 'city': 'Pujal Coy', 'state': 'Campeche', 'country': 'Mexico', 'postcode': 63538, 'coordinates': {'latitude': '22.1368', 'longitude': '-84.1261'}, 'timezone': {'offset': '-4:00', 'description': 'Atlantic Time (Canada), Caracas, La Paz'}}, 'email': 'isaac.rosado@example.com', 'login': {'uuid': '6c444919-d267-4638-9934-966d8d04a13d', 'username': 'brownelephant653', 'password': 'mmmmm', 'salt': '2iAEzpIY', 'md5': '9e946d04b2a1c8d127c22196a0aef19c', 'sha1': 'c42f6bf459b09f7c2b391e32e768cee0f1785a41', 'sha256': 'de956eff0f95ae6681d586bea8c02a15b5a5af134308b2c0e68650d11adc6ee3'}, 'dob': {'date': '1967-03-24T14:33:20.618Z', 'age': 57}, 'registered': {'date': '2010-03-08T06:28:37.270Z', 'age': 14}, 'phone': '(658) 026 0285', 'cell': '(694) 494 8200', 'id': {'name': 'NSS', 'value': '01 78 94 5544 4'}, 'picture': {'large': 'https://randomuser.me/api/portraits/men/85.jpg', 'medium': 'https://randomuser.me/api/portraits/med/men/85.jpg', 'thumbnail': 'https://randomuser.me/api/portraits/thumb/men/85.jpg'}, 'nat': 'MX'}</msg>
<arg>${json_data['results'][0]}</arg>
<doc>Logs the given message with the given level.</doc>
<status status="PASS" start="2024-06-12T17:13:05.405064" elapsed="0.000425"/>
</kw>
<kw name="Log" owner="BuiltIn">
<msg time="2024-06-12T17:13:05.405921" level="INFO">gender</msg>
<arg>${key}</arg>
<doc>Logs the given message with the given level.</doc>
<status status="PASS" start="2024-06-12T17:13:05.405795" elapsed="0.000163"/>
</kw>
<var name="${key}">gender</var>
<status status="PASS" start="2024-06-12T17:13:05.404329" elapsed="0.001857"/>
</iter>
<iter>
<kw name="Dictionary Should Contain Key" owner="Collections">
<arg>${json_data['results'][0]}</arg>
<arg>${key}</arg>
<doc>Fails if ``key`` is not found from ``dictionary``.</doc>
<status status="PASS" start="2024-06-12T17:13:05.406485" elapsed="0.000385"/>
</kw>
<kw name="Log" owner="BuiltIn">
<msg time="2024-06-12T17:13:05.407432" level="INFO">{'gender': 'male', 'name': {'title': 'Mr', 'first': 'Isaac', 'last': 'Rosado'}, 'location': {'street': {'number': 2660, 'name': 'Calzada Nauru'}, 'city': 'Pujal Coy', 'state': 'Campeche', 'country': 'Mexico', 'postcode': 63538, 'coordinates': {'latitude': '22.1368', 'longitude': '-84.1261'}, 'timezone': {'offset': '-4:00', 'description': 'Atlantic Time (Canada), Caracas, La Paz'}}, 'email': 'isaac.rosado@example.com', 'login': {'uuid': '6c444919-d267-4638-9934-966d8d04a13d', 'username': 'brownelephant653', 'password': 'mmmmm', 'salt': '2iAEzpIY', 'md5': '9e946d04b2a1c8d127c22196a0aef19c', 'sha1': 'c42f6bf459b09f7c2b391e32e768cee0f1785a41', 'sha256': 'de956eff0f95ae6681d586bea8c02a15b5a5af134308b2c0e68650d11adc6ee3'}, 'dob': {'date': '1967-03-24T14:33:20.618Z', 'age': 57}, 'registered': {'date': '2010-03-08T06:28:37.270Z', 'age': 14}, 'phone': '(658) 026 0285', 'cell': '(694) 494 8200', 'id': {'name': 'NSS', 'value': '01 78 94 5544 4'}, 'picture': {'large': 'https://randomuser.me/api/portraits/men/85.jpg', 'medium': 'https://randomuser.me/api/portraits/med/men/85.jpg', 'thumbnail': 'https://randomuser.me/api/portraits/thumb/men/85.jpg'}, 'nat': 'MX'}</msg>
<arg>${json_data['results'][0]}</arg>
<doc>Logs the given message with the given level.</doc>
<status status="PASS" start="2024-06-12T17:13:05.407055" elapsed="0.000458"/>
</kw>
<kw name="Log" owner="BuiltIn">
<msg time="2024-06-12T17:13:05.407948" level="INFO">name</msg>
<arg>${key}</arg>
<doc>Logs the given message with the given level.</doc>
<status status="PASS" start="2024-06-12T17:13:05.407812" elapsed="0.000175"/>
</kw>
<var name="${key}">name</var>
<status status="PASS" start="2024-06-12T17:13:05.406373" elapsed="0.001835"/>
</iter>
<iter>
<kw name="Dictionary Should Contain Key" owner="Collections">
<arg>${json_data['results'][0]}</arg>
<arg>${key}</arg>
<doc>Fails if ``key`` is not found from ``dictionary``.</doc>
<status status="PASS" start="2024-06-12T17:13:05.408505" elapsed="0.000381"/>
</kw>
<kw name="Log" owner="BuiltIn">
<msg time="2024-06-12T17:13:05.409420" level="INFO">{'gender': 'male', 'name': {'title': 'Mr', 'first': 'Isaac', 'last': 'Rosado'}, 'location': {'street': {'number': 2660, 'name': 'Calzada Nauru'}, 'city': 'Pujal Coy', 'state': 'Campeche', 'country': 'Mexico', 'postcode': 63538, 'coordinates': {'latitude': '22.1368', 'longitude': '-84.1261'}, 'timezone': {'offset': '-4:00', 'description': 'Atlantic Time (Canada), Caracas, La Paz'}}, 'email': 'isaac.rosado@example.com', 'login': {'uuid': '6c444919-d267-4638-9934-966d8d04a13d', 'username': 'brownelephant653', 'password': 'mmmmm', 'salt': '2iAEzpIY', 'md5': '9e946d04b2a1c8d127c22196a0aef19c', 'sha1': 'c42f6bf459b09f7c2b391e32e768cee0f1785a41', 'sha256': 'de956eff0f95ae6681d586bea8c02a15b5a5af134308b2c0e68650d11adc6ee3'}, 'dob': {'date': '1967-03-24T14:33:20.618Z', 'age': 57}, 'registered': {'date': '2010-03-08T06:28:37.270Z', 'age': 14}, 'phone': '(658) 026 0285', 'cell': '(694) 494 8200', 'id': {'name': 'NSS', 'value': '01 78 94 5544 4'}, 'picture': {'large': 'https://randomuser.me/api/portraits/men/85.jpg', 'medium': 'https://randomuser.me/api/portraits/med/men/85.jpg', 'thumbnail': 'https://randomuser.me/api/portraits/thumb/men/85.jpg'}, 'nat': 'MX'}</msg>
<arg>${json_data['results'][0]}</arg>
<doc>Logs the given message with the given level.</doc>
<status status="PASS" start="2024-06-12T17:13:05.409075" elapsed="0.000393"/>
</kw>
<kw name="Log" owner="BuiltIn">
<msg time="2024-06-12T17:13:05.409885" level="INFO">location</msg>
<arg>${key}</arg>
<doc>Logs the given message with the given level.</doc>
<status status="PASS" start="2024-06-12T17:13:05.409760" elapsed="0.000162"/>
</kw>
<var name="${key}">location</var>
<status status="PASS" start="2024-06-12T17:13:05.408397" elapsed="0.001751"/>
</iter>
<iter>
<kw name="Dictionary Should Contain Key" owner="Collections">
<arg>${json_data['results'][0]}</arg>
<arg>${key}</arg>
<doc>Fails if ``key`` is not found from ``dictionary``.</doc>
<status status="PASS" start="2024-06-12T17:13:05.410516" elapsed="0.000640"/>
</kw>
<kw name="Log" owner="BuiltIn">
<msg time="2024-06-12T17:13:05.411886" level="INFO">{'gender': 'male', 'name': {'title': 'Mr', 'first': 'Isaac', 'last': 'Rosado'}, 'location': {'street': {'number': 2660, 'name': 'Calzada Nauru'}, 'city': 'Pujal Coy', 'state': 'Campeche', 'country': 'Mexico', 'postcode': 63538, 'coordinates': {'latitude': '22.1368', 'longitude': '-84.1261'}, 'timezone': {'offset': '-4:00', 'description': 'Atlantic Time (Canada), Caracas, La Paz'}}, 'email': 'isaac.rosado@example.com', 'login': {'uuid': '6c444919-d267-4638-9934-966d8d04a13d', 'username': 'brownelephant653', 'password': 'mmmmm', 'salt': '2iAEzpIY', 'md5': '9e946d04b2a1c8d127c22196a0aef19c', 'sha1': 'c42f6bf459b09f7c2b391e32e768cee0f1785a41', 'sha256': 'de956eff0f95ae6681d586bea8c02a15b5a5af134308b2c0e68650d11adc6ee3'}, 'dob': {'date': '1967-03-24T14:33:20.618Z', 'age': 57}, 'registered': {'date': '2010-03-08T06:28:37.270Z', 'age': 14}, 'phone': '(658) 026 0285', 'cell': '(694) 494 8200', 'id': {'name': 'NSS', 'value': '01 78 94 5544 4'}, 'picture': {'large': 'https://randomuser.me/api/portraits/men/85.jpg', 'medium': 'https://randomuser.me/api/portraits/med/men/85.jpg', 'thumbnail': 'https://randomuser.me/api/portraits/thumb/men/85.jpg'}, 'nat': 'MX'}</msg>
<arg>${json_data['results'][0]}</arg>
<doc>Logs the given message with the given level.</doc>
<status status="PASS" start="2024-06-12T17:13:05.411480" elapsed="0.000465"/>
</kw>
<kw name="Log" owner="BuiltIn">
<msg time="2024-06-12T17:13:05.412376" level="INFO">email</msg>
<arg>${key}</arg>
<doc>Logs the given message with the given level.</doc>
<status status="PASS" start="2024-06-12T17:13:05.412246" elapsed="0.000169"/>
</kw>
<var name="${key}">email</var>
<status status="PASS" start="2024-06-12T17:13:05.410351" elapsed="0.002280"/>
</iter>
<iter>
<kw name="Dictionary Should Contain Key" owner="Collections">
<arg>${json_data['results'][0]}</arg>
<arg>${key}</arg>
<doc>Fails if ``key`` is not found from ``dictionary``.</doc>
<status status="PASS" start="2024-06-12T17:13:05.412915" elapsed="0.000379"/>
</kw>
<kw name="Log" owner="BuiltIn">
<msg time="2024-06-12T17:13:05.413845" level="INFO">{'gender': 'male', 'name': {'title': 'Mr', 'first': 'Isaac', 'last': 'Rosado'}, 'location': {'street': {'number': 2660, 'name': 'Calzada Nauru'}, 'city': 'Pujal Coy', 'state': 'Campeche', 'country': 'Mexico', 'postcode': 63538, 'coordinates': {'latitude': '22.1368', 'longitude': '-84.1261'}, 'timezone': {'offset': '-4:00', 'description': 'Atlantic Time (Canada), Caracas, La Paz'}}, 'email': 'isaac.rosado@example.com', 'login': {'uuid': '6c444919-d267-4638-9934-966d8d04a13d', 'username': 'brownelephant653', 'password': 'mmmmm', 'salt': '2iAEzpIY', 'md5': '9e946d04b2a1c8d127c22196a0aef19c', 'sha1': 'c42f6bf459b09f7c2b391e32e768cee0f1785a41', 'sha256': 'de956eff0f95ae6681d586bea8c02a15b5a5af134308b2c0e68650d11adc6ee3'}, 'dob': {'date': '1967-03-24T14:33:20.618Z', 'age': 57}, 'registered': {'date': '2010-03-08T06:28:37.270Z', 'age': 14}, 'phone': '(658) 026 0285', 'cell': '(694) 494 8200', 'id': {'name': 'NSS', 'value': '01 78 94 5544 4'}, 'picture': {'large': 'https://randomuser.me/api/portraits/men/85.jpg', 'medium': 'https://randomuser.me/api/portraits/med/men/85.jpg', 'thumbnail': 'https://randomuser.me/api/portraits/thumb/men/85.jpg'}, 'nat': 'MX'}</msg>
<arg>${json_data['results'][0]}</arg>
<doc>Logs the given message with the given level.</doc>
<status status="PASS" start="2024-06-12T17:13:05.413483" elapsed="0.000409"/>
</kw>
<kw name="Log" owner="BuiltIn">
<msg time="2024-06-12T17:13:05.414410" level="INFO">login</msg>
<arg>${key}</arg>
<doc>Logs the given message with the given level.</doc>
<status status="PASS" start="2024-06-12T17:13:05.414181" elapsed="0.000268"/>
</kw>
<var name="${key}">login</var>
<status status="PASS" start="2024-06-12T17:13:05.412805" elapsed="0.001861"/>
</iter>
<var>${key}</var>
<value>@{expected_keys}</value>
<status status="PASS" start="2024-06-12T17:13:05.404146" elapsed="0.010641"/>
</for>
<kw name="Create List" owner="BuiltIn">
<msg time="2024-06-12T17:13:05.415107" level="INFO">${expected_keysTwo} = ['username', 'password']</msg>
<var>${expected_keysTwo}</var>
<arg>username</arg>
<arg>password</arg>
<doc>Returns a list containing given items.</doc>
<status status="PASS" start="2024-06-12T17:13:05.414973" elapsed="0.000184"/>
</kw>
<for flavor="IN">
<iter>
<kw name="Dictionary Should Contain Key" owner="Collections">
<arg>${json_data['results'][0]['login']}</arg>
<arg>${keyTwo}</arg>
<doc>Fails if ``key`` is not found from ``dictionary``.</doc>
<status status="PASS" start="2024-06-12T17:13:05.415695" elapsed="0.000378"/>
</kw>
<kw name="Dictionary Should Contain Key" owner="Collections">
<arg>${json_data['results'][0]['login']}</arg>
<arg>${keyTwo}</arg>
<doc>Fails if ``key`` is not found from ``dictionary``.</doc>
<status status="PASS" start="2024-06-12T17:13:05.416254" elapsed="0.000375"/>
</kw>
<kw name="Log" owner="BuiltIn">
<msg time="2024-06-12T17:13:05.416924" level="INFO">username</msg>
<arg>${keyTwo}</arg>
<doc>Logs the given message with the given level.</doc>
<status status="PASS" start="2024-06-12T17:13:05.416806" elapsed="0.000155"/>
</kw>
<var name="${keyTwo}">username</var>
<status status="PASS" start="2024-06-12T17:13:05.415584" elapsed="0.001597"/>
</iter>
<iter>
<kw name="Dictionary Should Contain Key" owner="Collections">
<arg>${json_data['results'][0]['login']}</arg>
<arg>${keyTwo}</arg>
<doc>Fails if ``key`` is not found from ``dictionary``.</doc>
<status status="PASS" start="2024-06-12T17:13:05.417468" elapsed="0.000379"/>
</kw>
<kw name="Dictionary Should Contain Key" owner="Collections">
<arg>${json_data['results'][0]['login']}</arg>
<arg>${keyTwo}</arg>
<doc>Fails if ``key`` is not found from ``dictionary``.</doc>
<status status="PASS" start="2024-06-12T17:13:05.418025" elapsed="0.000363"/>
</kw>
<kw name="Log" owner="BuiltIn">
<msg time="2024-06-12T17:13:05.418679" level="INFO">password</msg>
<arg>${keyTwo}</arg>
<doc>Logs the given message with the given level.</doc>
<status status="PASS" start="2024-06-12T17:13:05.418562" elapsed="0.000153"/>
</kw>
<var name="${keyTwo}">password</var>
<status status="PASS" start="2024-06-12T17:13:05.417362" elapsed="0.001571"/>
</iter>
<var>${keyTwo}</var>
<value>@{expected_keysTwo}</value>
<status status="PASS" start="2024-06-12T17:13:05.415432" elapsed="0.003623"/>
</for>
<status status="PASS" start="2024-06-12T17:13:05.308818" elapsed="0.110376"/>
</kw>
<doc>Testa a estrutura da resposta da API.</doc>
<tag>testeEstruturaResposta</tag>
<status status="PASS" start="2024-06-12T17:13:05.308183" elapsed="0.111205"/>
</test>
<test id="s1-s1-t4" name="Validar tipos de dados" line="28">
<kw name="Teste de Tipos de Dados" owner="random-user-service">
<kw name="GET On Session" owner="RequestsLibrary">
<msg time="2024-06-12T17:13:05.492042" level="INFO">GET Request : url=https://randomuser.me/api 
 path_url=/api 
 headers={'User-Agent': 'python-requests/2.32.3', 'Accept-Encoding': 'gzip, deflate', 'Accept': '*/*', 'Connection': 'keep-alive'} 
 body=None 
 </msg>
<msg time="2024-06-12T17:13:05.492122" level="INFO">GET Response : url=https://randomuser.me/api 
 status=200, reason=OK 
 headers={'Date': 'Wed, 12 Jun 2024 17:13:05 GMT', 'Content-Type': 'application/json; charset=utf-8', 'Transfer-Encoding': 'chunked', 'Connection': 'keep-alive', 'X-Powered-By': 'Express', 'Access-Control-Allow-Origin': '*', 'Cache-Control': 'no-cache', 'ETag': 'W/"49a-W8MiLMgjcgB0Qy43A+LIsvz8hKs"', 'Vary': 'Accept-Encoding', 'Content-Encoding': 'gzip', 'CF-Cache-Status': 'DYNAMIC', 'Report-To': '{"endpoints":[{"url":"https:\\/\\/a.nel.cloudflare.com\\/report\\/v4?s=kRgxbHADg10NrMuOF%2BR%2FEtTXNCL%2FYpzBpLwticiotosXYGTiUekd8mjwd66p%2Bv%2FDCrCD3EY8gwXgQMz2kGciY%2FTzmGXHDqR5O3DV9EiGeTTmvn0FijJvZJx62%2F5m3eK2"}],"group":"cf-nel","max_age":604800}', 'NEL': '{"success_fraction":0,"report_to":"cf-nel","max_age":604800}', 'Server': 'cloudflare', 'CF-RAY': '892b7830eb4f3b77-IAD', 'alt-svc': 'h3=":443"; ma=86400'} 
 body={"results":[{"gender":"male","name":{"title":"Mr","first":"Tyrone","last":"Perkins"},"location":{"street":{"number":2661,"name":"Alexander Road"},"city":"Wakefield","state":"Staffordshire","country":"United Kingdom","postcode":"HV28 7YU","coordinates":{"latitude":"-10.2325","longitude":"-41.2840"},"timezone":{"offset":"+6:00","description":"Almaty, Dhaka, Colombo"}},"email":"tyrone.perkins@example.com","login":{"uuid":"fbc40edc-dbad-4c83-ac95-2ec88425bc51","username":"organicgoose212","password":"rrpass1","salt":"1TOZVIoh","md5":"207063c5036cbc5c7e1d29873075d322","sha1":"cb1700d29dc9d830dcd937091ece32fd51cee44b","sha256":"fed23e2d93724025dfc5f339f095cb4b9fe26abe1157ff7a49af10ba57217adb"},"dob":{"date":"1995-06-17T11:28:47.044Z","age":28},"registered":{"date":"2018-07-05T18:42:06.436Z","age":5},"phone":"01443 638995","cell":"07649 234196","id":{"name":"NINO","value":"CP 68 28 19 J"},"picture":{"large":"https://randomuser.me/api/portraits/men/51.jpg","medium":"https://randomuser.me/api/portraits/med/men/51.jpg","thumbnail":"https://randomuser.me/api/portraits/thumb/men/51.jpg"},"nat":"GB"}],"info":{"seed":"e34b9ead551543b4","results":1,"page":1,"version":"1.4"}} 
 </msg>
<msg time="2024-06-12T17:13:05.492189" level="INFO">/opt/hostedtoolcache/Python/3.12.3/x64/lib/python3.12/site-packages/urllib3/connectionpool.py:1103: InsecureRequestWarning: Unverified HTTPS request is being made to host 'randomuser.me'. Adding certificate verification is strongly advised. See: https://urllib3.readthedocs.io/en/latest/advanced-usage.html#tls-warnings
  warnings.warn(</msg>
<msg time="2024-06-12T17:13:05.492296" level="INFO">${response} = &lt;Response [200]&gt;</msg>
<var>${response}</var>
<arg>consultarAPI</arg>
<arg>/api</arg>
<doc>Sends a GET request on a previously created HTTP Session.</doc>
<status status="PASS" start="2024-06-12T17:13:05.421960" elapsed="0.070376"/>
</kw>
<kw name="Set Variable" owner="BuiltIn">
<msg time="2024-06-12T17:13:05.493180" level="INFO">${json_data} = {'results': [{'gender': 'male', 'name': {'title': 'Mr', 'first': 'Tyrone', 'last': 'Perkins'}, 'location': {'street': {'number': 2661, 'name': 'Alexander Road'}, 'city': 'Wakefield', 'state': 'Staffor...</msg>
<var>${json_data}</var>
<arg>${response.json()}</arg>
<doc>Returns the given values which can then be assigned to a variables.</doc>
<status status="PASS" start="2024-06-12T17:13:05.492728" elapsed="0.000484"/>
</kw>
<kw name="Log" owner="BuiltIn">
<msg time="2024-06-12T17:13:05.493675" level="INFO">{'results': [{'gender': 'male', 'name': {'title': 'Mr', 'first': 'Tyrone', 'last': 'Perkins'}, 'location': {'street': {'number': 2661, 'name': 'Alexander Road'}, 'city': 'Wakefield', 'state': 'Staffordshire', 'country': 'United Kingdom', 'postcode': 'HV28 7YU', 'coordinates': {'latitude': '-10.2325', 'longitude': '-41.2840'}, 'timezone': {'offset': '+6:00', 'description': 'Almaty, Dhaka, Colombo'}}, 'email': 'tyrone.perkins@example.com', 'login': {'uuid': 'fbc40edc-dbad-4c83-ac95-2ec88425bc51', 'username': 'organicgoose212', 'password': 'rrpass1', 'salt': '1TOZVIoh', 'md5': '207063c5036cbc5c7e1d29873075d322', 'sha1': 'cb1700d29dc9d830dcd937091ece32fd51cee44b', 'sha256': 'fed23e2d93724025dfc5f339f095cb4b9fe26abe1157ff7a49af10ba57217adb'}, 'dob': {'date': '1995-06-17T11:28:47.044Z', 'age': 28}, 'registered': {'date': '2018-07-05T18:42:06.436Z', 'age': 5}, 'phone': '01443 638995', 'cell': '07649 234196', 'id': {'name': 'NINO', 'value': 'CP 68 28 19 J'}, 'picture': {'large': 'https://randomuser.me/api/portraits/men/51.jpg', 'medium': 'https://randomuser.me/api/portraits/med/men/51.jpg', 'thumbnail': 'https://randomuser.me/api/portraits/thumb/men/51.jpg'}, 'nat': 'GB'}], 'info': {'seed': 'e34b9ead551543b4', 'results': 1, 'page': 1, 'version': '1.4'}}</msg>
<arg>${json_data}</arg>
<doc>Logs the given message with the given level.</doc>
<status status="PASS" start="2024-06-12T17:13:05.493517" elapsed="0.000204"/>
</kw>
<kw name="Should Be String" owner="String">
<arg>${json_data['results'][0]['gender']}</arg>
<doc>Fails if the given ``item`` is not a string.</doc>
<status status="PASS" start="2024-06-12T17:13:05.494006" elapsed="0.000361"/>
</kw>
<kw name="Should Match Regexp" owner="BuiltIn">
<arg>${json_data['results'][0]['email']}</arg>
<arg>^[a-zA-Z0-9._%+-]+@[a-zA-Z0-9.-]+\.[a-zA-Z]{2,}$</arg>
<doc>Fails if ``string`` does not match ``pattern`` as a regular expression.</doc>
<status status="PASS" start="2024-06-12T17:13:05.494556" elapsed="0.000549"/>
</kw>
<kw name="Should Match Regexp" owner="BuiltIn">
<arg>${json_data['results'][0]['dob']['date']}</arg>
<arg>\\d{4}-\\d{2}-\\d{2}T\\d{2}:\\d{2}:\\d{2}\\.\\d{3}Z</arg>
<doc>Fails if ``string`` does not match ``pattern`` as a regular expression.</doc>
<status status="PASS" start="2024-06-12T17:13:05.495330" elapsed="0.000501"/>
</kw>
<kw name="Should Match Regexp" owner="BuiltIn">
<arg>${json_data['results'][0]['registered']['date']}</arg>
<arg>\\d{4}-\\d{2}-\\d{2}T\\d{2}:\\d{2}:\\d{2}\\.\\d{3}Z</arg>
<doc>Fails if ``string`` does not match ``pattern`` as a regular expression.</doc>
<status status="PASS" start="2024-06-12T17:13:05.496021" elapsed="0.000363"/>
</kw>
<kw name="Should Match Regexp" owner="BuiltIn">
<arg>${json_data['results'][0]['picture']['large']}</arg>
<arg>^https?://.*\.(?:png|jpe?g|gif|bmp)$</arg>
<doc>Fails if ``string`` does not match ``pattern`` as a regular expression.</doc>
<status status="PASS" start="2024-06-12T17:13:05.496567" elapsed="0.000451"/>
</kw>
<kw name="Should Match Regexp" owner="BuiltIn">
<arg>${json_data['results'][0]['picture']['medium']}</arg>
<arg>^https?://.*\.(?:png|jpe?g|gif|bmp)$</arg>
<doc>Fails if ``string`` does not match ``pattern`` as a regular expression.</doc>
<status status="PASS" start="2024-06-12T17:13:05.497205" elapsed="0.000345"/>
</kw>
<kw name="Should Match Regexp" owner="BuiltIn">
<arg>${json_data['results'][0]['picture']['thumbnail']}</arg>
<arg>^https?://.*\.(?:png|jpe?g|gif|bmp)$</arg>
<doc>Fails if ``string`` does not match ``pattern`` as a regular expression.</doc>
<status status="PASS" start="2024-06-12T17:13:05.497738" elapsed="0.000342"/>
</kw>
<kw name="Log" owner="BuiltIn">
<msg time="2024-06-12T17:13:05.498621" level="INFO">{'large': 'https://randomuser.me/api/portraits/men/51.jpg', 'medium': 'https://randomuser.me/api/portraits/med/men/51.jpg', 'thumbnail': 'https://randomuser.me/api/portraits/thumb/men/51.jpg'}</msg>
<arg>${json_data['results'][0]['picture']}</arg>
<doc>Logs the given message with the given level.</doc>
<status status="PASS" start="2024-06-12T17:13:05.498259" elapsed="0.000407"/>
</kw>
<status status="PASS" start="2024-06-12T17:13:05.421736" elapsed="0.077188"/>
</kw>
<kw name="Teste de Tipos de Dados - Postcode" owner="random-user-service">
<kw name="GET On Session" owner="RequestsLibrary">
<msg time="2024-06-12T17:13:05.587503" level="INFO">GET Request : url=https://randomuser.me/api 
 path_url=/api 
 headers={'User-Agent': 'python-requests/2.32.3', 'Accept-Encoding': 'gzip, deflate', 'Accept': '*/*', 'Connection': 'keep-alive'} 
 body=None 
 </msg>
<msg time="2024-06-12T17:13:05.587595" level="INFO">GET Response : url=https://randomuser.me/api 
 status=200, reason=OK 
 headers={'Date': 'Wed, 12 Jun 2024 17:13:05 GMT', 'Content-Type': 'application/json; charset=utf-8', 'Transfer-Encoding': 'chunked', 'Connection': 'keep-alive', 'X-Powered-By': 'Express', 'Access-Control-Allow-Origin': '*', 'Cache-Control': 'no-cache', 'ETag': 'W/"46e-H58Zb9i1f8Zkvnh52QvflceomK0"', 'Vary': 'Accept-Encoding', 'Content-Encoding': 'gzip', 'CF-Cache-Status': 'DYNAMIC', 'Report-To': '{"endpoints":[{"url":"https:\\/\\/a.nel.cloudflare.com\\/report\\/v4?s=V3LRKuKPdNXD2EEorhXFrTC0QHKTOZMvmjK8BE2%2FhuaQiH03LLDoVJ0dtGa4ri7TDDS%2F8k1IRd2HLrcQ2WjJLox5g4AfSXplan7A4eqGK%2BaxcI3Rk2cj9u8zFnalyoCv"}],"group":"cf-nel","max_age":604800}', 'NEL': '{"success_fraction":0,"report_to":"cf-nel","max_age":604800}', 'Server': 'cloudflare', 'CF-RAY': '892b78316bfd3b77-IAD', 'alt-svc': 'h3=":443"; ma=86400'} 
 body={"results":[{"gender":"male","name":{"title":"Mr","first":"Arthur","last":"Richards"},"location":{"street":{"number":4427,"name":"George Street"},"city":"Ennis","state":"Kildare","country":"Ireland","postcode":20889,"coordinates":{"latitude":"-1.7960","longitude":"-63.8659"},"timezone":{"offset":"-9:00","description":"Alaska"}},"email":"arthur.richards@example.com","login":{"uuid":"0c273661-5ca5-4f17-bcd0-af264992fc88","username":"ticklishbird664","password":"server","salt":"wUOv0gEC","md5":"918bdea443ad1fee995611b3bc39daa9","sha1":"75b6ca9c5a3d0098b67b1ef5a8f93b4d5db210d8","sha256":"9b4a82639e23cd4c014ae97fc2cb09aa4696dd549ca9bdf86b5c7a0f1b324797"},"dob":{"date":"1998-02-14T03:24:26.558Z","age":26},"registered":{"date":"2005-06-27T06:37:05.884Z","age":18},"phone":"031-561-9755","cell":"081-368-3919","id":{"name":"PPS","value":"4281073T"},"picture":{"large":"https://randomuser.me/api/portraits/men/42.jpg","medium":"https://randomuser.me/api/portraits/med/men/42.jpg","thumbnail":"https://randomuser.me/api/portraits/thumb/men/42.jpg"},"nat":"IE"}],"info":{"seed":"a9e426b96a4121ad","results":1,"page":1,"version":"1.4"}} 
 </msg>
<msg time="2024-06-12T17:13:05.587678" level="INFO">/opt/hostedtoolcache/Python/3.12.3/x64/lib/python3.12/site-packages/urllib3/connectionpool.py:1103: InsecureRequestWarning: Unverified HTTPS request is being made to host 'randomuser.me'. Adding certificate verification is strongly advised. See: https://urllib3.readthedocs.io/en/latest/advanced-usage.html#tls-warnings
  warnings.warn(</msg>
<msg time="2024-06-12T17:13:05.587810" level="INFO">${response} = &lt;Response [200]&gt;</msg>
<var>${response}</var>
<arg>consultarAPI</arg>
<arg>/api</arg>
<doc>Sends a GET request on a previously created HTTP Session.</doc>
<status status="PASS" start="2024-06-12T17:13:05.499411" elapsed="0.088444"/>
</kw>
<kw name="Set Variable" owner="BuiltIn">
<msg time="2024-06-12T17:13:05.588859" level="INFO">${json_data} = {'results': [{'gender': 'male', 'name': {'title': 'Mr', 'first': 'Arthur', 'last': 'Richards'}, 'location': {'street': {'number': 4427, 'name': 'George Street'}, 'city': 'Ennis', 'state': 'Kildare', '...</msg>
<var>${json_data}</var>
<arg>${response.json()}</arg>
<doc>Returns the given values which can then be assigned to a variables.</doc>
<status status="PASS" start="2024-06-12T17:13:05.588364" elapsed="0.000525"/>
</kw>
<kw name="Log" owner="BuiltIn">
<msg time="2024-06-12T17:13:05.589342" level="INFO">{'results': [{'gender': 'male', 'name': {'title': 'Mr', 'first': 'Arthur', 'last': 'Richards'}, 'location': {'street': {'number': 4427, 'name': 'George Street'}, 'city': 'Ennis', 'state': 'Kildare', 'country': 'Ireland', 'postcode': 20889, 'coordinates': {'latitude': '-1.7960', 'longitude': '-63.8659'}, 'timezone': {'offset': '-9:00', 'description': 'Alaska'}}, 'email': 'arthur.richards@example.com', 'login': {'uuid': '0c273661-5ca5-4f17-bcd0-af264992fc88', 'username': 'ticklishbird664', 'password': 'server', 'salt': 'wUOv0gEC', 'md5': '918bdea443ad1fee995611b3bc39daa9', 'sha1': '75b6ca9c5a3d0098b67b1ef5a8f93b4d5db210d8', 'sha256': '9b4a82639e23cd4c014ae97fc2cb09aa4696dd549ca9bdf86b5c7a0f1b324797'}, 'dob': {'date': '1998-02-14T03:24:26.558Z', 'age': 26}, 'registered': {'date': '2005-06-27T06:37:05.884Z', 'age': 18}, 'phone': '031-561-9755', 'cell': '081-368-3919', 'id': {'name': 'PPS', 'value': '4281073T'}, 'picture': {'large': 'https://randomuser.me/api/portraits/men/42.jpg', 'medium': 'https://randomuser.me/api/portraits/med/men/42.jpg', 'thumbnail': 'https://randomuser.me/api/portraits/thumb/men/42.jpg'}, 'nat': 'IE'}], 'info': {'seed': 'a9e426b96a4121ad', 'results': 1, 'page': 1, 'version': '1.4'}}</msg>
<arg>${json_data}</arg>
<doc>Logs the given message with the given level.</doc>
<status status="PASS" start="2024-06-12T17:13:05.589190" elapsed="0.000198"/>
</kw>
<kw name="Should Be Equal As Numbers" owner="BuiltIn">
<arg>${json_data['results'][0]['location']['postcode']}</arg>
<arg>${json_data['results'][0]['location']['postcode']}</arg>
<doc>Fails if objects are unequal after converting them to real numbers.</doc>
<status status="PASS" start="2024-06-12T17:13:05.589681" elapsed="0.000609"/>
</kw>
<kw name="Log" owner="BuiltIn">
<msg time="2024-06-12T17:13:05.590808" level="INFO">20889</msg>
<arg>${json_data['results'][0]['location']['postcode']}</arg>
<doc>Logs the given message with the given level.</doc>
<status status="PASS" start="2024-06-12T17:13:05.590478" elapsed="0.000369"/>
</kw>
<status status="PASS" start="2024-06-12T17:13:05.499152" elapsed="0.091979"/>
</kw>
<doc>Testa se os tipos de dados na resposta da API estão corretos.</doc>
<tag>testeTiposDados</tag>
<status status="PASS" start="2024-06-12T17:13:05.421224" elapsed="0.170104"/>
</test>
<test id="s1-s1-t5" name="Validar conteudo" line="35">
<kw name="Teste de Tipos de Conteudo" owner="random-user-service">
<kw name="GET On Session" owner="RequestsLibrary">
<msg time="2024-06-12T17:13:05.705760" level="INFO">GET Request : url=https://randomuser.me/api 
 path_url=/api 
 headers={'User-Agent': 'python-requests/2.32.3', 'Accept-Encoding': 'gzip, deflate', 'Accept': '*/*', 'Connection': 'keep-alive'} 
 body=None 
 </msg>
<msg time="2024-06-12T17:13:05.705852" level="INFO">GET Response : url=https://randomuser.me/api 
 status=200, reason=OK 
 headers={'Date': 'Wed, 12 Jun 2024 17:13:05 GMT', 'Content-Type': 'application/json; charset=utf-8', 'Transfer-Encoding': 'chunked', 'Connection': 'keep-alive', 'X-Powered-By': 'Express', 'Access-Control-Allow-Origin': '*', 'Cache-Control': 'no-cache', 'ETag': 'W/"496-1bQ6Dq3pXYVGIhDNVHtDxUddZIc"', 'Vary': 'Accept-Encoding', 'Content-Encoding': 'gzip', 'CF-Cache-Status': 'DYNAMIC', 'Report-To': '{"endpoints":[{"url":"https:\\/\\/a.nel.cloudflare.com\\/report\\/v4?s=3T98Nhz1NZhGg8mCgi6J80iSbkPeRBnlU1MXMkAHCsoQI7pOcrXh7wap8OO9a6EoN3LG2PHOg%2FciIO2F6qa1PtH%2FghcZwdcksUjUNonMDXyna9GSfHjGM50X0LeBRaYx"}],"group":"cf-nel","max_age":604800}', 'NEL': '{"success_fraction":0,"report_to":"cf-nel","max_age":604800}', 'Server': 'cloudflare', 'CF-RAY': '892b7831fcee3b77-IAD', 'alt-svc': 'h3=":443"; ma=86400'} 
 body={"results":[{"gender":"male","name":{"title":"Mr","first":"Miloš","last":"Tišma"},"location":{"street":{"number":6926,"name":"Branislava Petrovića"},"city":"Bojnik","state":"Nišava","country":"Serbia","postcode":85540,"coordinates":{"latitude":"56.0772","longitude":"-0.8647"},"timezone":{"offset":"-6:00","description":"Central Time (US &amp; Canada), Mexico City"}},"email":"milos.tisma@example.com","login":{"uuid":"7d3b125d-318e-4e99-b518-2c9c58e38b4a","username":"beautifulleopard252","password":"express","salt":"meH54KMl","md5":"1ea9b72978d880b616e87115e67e9a70","sha1":"bfa659eb545d12c1022af5c7bb743827754222f7","sha256":"19f456097e82c6ccb9cf5d3c491a1e6b22bcbfadf20c3eff7d075a829b6d02d4"},"dob":{"date":"1989-05-13T21:32:25.752Z","age":35},"registered":{"date":"2013-10-08T00:46:06.848Z","age":10},"phone":"025-9257-268","cell":"067-4074-449","id":{"name":"SID","value":"453093587"},"picture":{"large":"https://randomuser.me/api/portraits/men/79.jpg","medium":"https://randomuser.me/api/portraits/med/men/79.jpg","thumbnail":"https://randomuser.me/api/portraits/thumb/men/79.jpg"},"nat":"RS"}],"info":{"seed":"12a86d851471d9a6","results":1,"page":1,"version":"1.4"}} 
 </msg>
<msg time="2024-06-12T17:13:05.705923" level="INFO">/opt/hostedtoolcache/Python/3.12.3/x64/lib/python3.12/site-packages/urllib3/connectionpool.py:1103: InsecureRequestWarning: Unverified HTTPS request is being made to host 'randomuser.me'. Adding certificate verification is strongly advised. See: https://urllib3.readthedocs.io/en/latest/advanced-usage.html#tls-warnings
  warnings.warn(</msg>
<msg time="2024-06-12T17:13:05.706053" level="INFO">${response} = &lt;Response [200]&gt;</msg>
<var>${response}</var>
<arg>consultarAPI</arg>
<arg>/api</arg>
<doc>Sends a GET request on a previously created HTTP Session.</doc>
<status status="PASS" start="2024-06-12T17:13:05.593767" elapsed="0.112331"/>
</kw>
<kw name="Set Variable" owner="BuiltIn">
<msg time="2024-06-12T17:13:05.707089" level="INFO">${json_data} = {'results': [{'gender': 'male', 'name': {'title': 'Mr', 'first': 'Miloš', 'last': 'Tišma'}, 'location': {'street': {'number': 6926, 'name': 'Branislava Petrovića'}, 'city': 'Bojnik', 'state': 'Nišava'...</msg>
<var>${json_data}</var>
<arg>${response.json()}</arg>
<doc>Returns the given values which can then be assigned to a variables.</doc>
<status status="PASS" start="2024-06-12T17:13:05.706574" elapsed="0.000546"/>
</kw>
<kw name="Set Variable" owner="BuiltIn">
<msg time="2024-06-12T17:13:05.707854" level="INFO">${name_title} = Mr</msg>
<var>${name_title}</var>
<arg>${json_data["results"][0]["name"]["title"]}</arg>
<doc>Returns the given values which can then be assigned to a variables.</doc>
<status status="PASS" start="2024-06-12T17:13:05.707463" elapsed="0.000416"/>
</kw>
<kw name="Create List" owner="BuiltIn">
<msg time="2024-06-12T17:13:05.708332" level="INFO">${allowed_titles} = ['Mr', 'Ms', 'Miss', 'Mrs', 'Madame', 'Monsieur']</msg>
<var>${allowed_titles}</var>
<arg>Mr</arg>
<arg>Ms</arg>
<arg>Miss</arg>
<arg>Mrs</arg>
<arg>Madame</arg>
<arg>Monsieur</arg>
<doc>Returns a list containing given items.</doc>
<status status="PASS" start="2024-06-12T17:13:05.708182" elapsed="0.000174"/>
</kw>
<kw name="List Should Contain Value" owner="Collections">
<arg>${allowed_titles}</arg>
<arg>${name_title}</arg>
<doc>Fails if the ``value`` is not found from ``list``.</doc>
<status status="PASS" start="2024-06-12T17:13:05.708652" elapsed="0.000176"/>
</kw>
<kw name="Set Variable" owner="BuiltIn">
<msg time="2024-06-12T17:13:05.709375" level="INFO">${name_country} = RS</msg>
<var>${name_country}</var>
<arg>${json_data["results"][0]["nat"]}</arg>
<doc>Returns the given values which can then be assigned to a variables.</doc>
<status status="PASS" start="2024-06-12T17:13:05.709005" elapsed="0.000395"/>
</kw>
<kw name="Create List" owner="BuiltIn">
<msg time="2024-06-12T17:13:05.710286" level="INFO">${list_country} = ['AD', 'AE', 'AF', 'AG', 'AI', 'AL', 'AM', 'AO', 'AQ', 'AR', 'AS', 'AT', 'AU', 'AW', 'AX', 'AZ', 'BA', 'BB', 'BD', 'BE', 'BF', 'BG', 'BH', 'BI', 'BJ', 'BL', 'BM', 'BN', 'BO', 'BQ', 'BR', 'BS', 'BT', '...</msg>
<var>${list_country}</var>
<arg>AD</arg>
<arg>AE</arg>
<arg>AF</arg>
<arg>AG</arg>
<arg>AI</arg>
<arg>AL</arg>
<arg>AM</arg>
<arg>AO</arg>
<arg>AQ</arg>
<arg>AR</arg>
<arg>AS</arg>
<arg>AT</arg>
<arg>AU</arg>
<arg>AW</arg>
<arg>AX</arg>
<arg>AZ</arg>
<arg>BA</arg>
<arg>BB</arg>
<arg>BD</arg>
<arg>BE</arg>
<arg>BF</arg>
<arg>BG</arg>
<arg>BH</arg>
<arg>BI</arg>
<arg>BJ</arg>
<arg>BL</arg>
<arg>BM</arg>
<arg>BN</arg>
<arg>BO</arg>
<arg>BQ</arg>
<arg>BR</arg>
<arg>BS</arg>
<arg>BT</arg>
<arg>BV</arg>
<arg>BW</arg>
<arg>BY</arg>
<arg>BZ</arg>
<arg>CA</arg>
<arg>CC</arg>
<arg>CD</arg>
<arg>CF</arg>
<arg>CG</arg>
<arg>CH</arg>
<arg>CI</arg>
<arg>CK</arg>
<arg>CL</arg>
<arg>CM</arg>
<arg>CN</arg>
<arg>CO</arg>
<arg>CR</arg>
<arg>CU</arg>
<arg>CV</arg>
<arg>CW</arg>
<arg>CX</arg>
<arg>CY</arg>
<arg>CZ</arg>
<arg>DE</arg>
<arg>DJ</arg>
<arg>DK</arg>
<arg>DM</arg>
<arg>DO</arg>
<arg>DZ</arg>
<arg>EC</arg>
<arg>EE</arg>
<arg>EG</arg>
<arg>EH</arg>
<arg>ER</arg>
<arg>ES</arg>
<arg>ET</arg>
<arg>FI</arg>
<arg>FJ</arg>
<arg>FK</arg>
<arg>FM</arg>
<arg>FO</arg>
<arg>FR</arg>
<arg>GA</arg>
<arg>GB</arg>
<arg>GD</arg>
<arg>GE</arg>
<arg>GF</arg>
<arg>GG</arg>
<arg>GH</arg>
<arg>GI</arg>
<arg>GL</arg>
<arg>GM</arg>
<arg>GN</arg>
<arg>GP</arg>
<arg>GQ</arg>
<arg>GR</arg>
<arg>GS</arg>
<arg>GT</arg>
<arg>GU</arg>
<arg>GW</arg>
<arg>GY</arg>
<arg>HK</arg>
<arg>HM</arg>
<arg>HN</arg>
<arg>HR</arg>
<arg>HT</arg>
<arg>HU</arg>
<arg>ID</arg>
<arg>IE</arg>
<arg>IL</arg>
<arg>IM</arg>
<arg>IN</arg>
<arg>IO</arg>
<arg>IQ</arg>
<arg>IR</arg>
<arg>IS</arg>
<arg>IT</arg>
<arg>JE</arg>
<arg>JM</arg>
<arg>JO</arg>
<arg>JP</arg>
<arg>KE</arg>
<arg>KG</arg>
<arg>KH</arg>
<arg>KI</arg>
<arg>KM</arg>
<arg>KN</arg>
<arg>KP</arg>
<arg>KR</arg>
<arg>KW</arg>
<arg>KY</arg>
<arg>KZ</arg>
<arg>LA</arg>
<arg>LB</arg>
<arg>LC</arg>
<arg>LI</arg>
<arg>LK</arg>
<arg>LR</arg>
<arg>LS</arg>
<arg>LT</arg>
<arg>LU</arg>
<arg>LV</arg>
<arg>LY</arg>
<arg>MA</arg>
<arg>MC</arg>
<arg>MD</arg>
<arg>ME</arg>
<arg>MF</arg>
<arg>MG</arg>
<arg>MH</arg>
<arg>MK</arg>
<arg>ML</arg>
<arg>MM</arg>
<arg>MN</arg>
<arg>MO</arg>
<arg>MP</arg>
<arg>MQ</arg>
<arg>MR</arg>
<arg>MS</arg>
<arg>MT</arg>
<arg>MU</arg>
<arg>MV</arg>
<arg>MW</arg>
<arg>MX</arg>
<arg>MY</arg>
<arg>MZ</arg>
<arg>NA</arg>
<arg>NC</arg>
<arg>NE</arg>
<arg>NF</arg>
<arg>NG</arg>
<arg>NI</arg>
<arg>NL</arg>
<arg>NO</arg>
<arg>NP</arg>
<arg>NR</arg>
<arg>NU</arg>
<arg>NZ</arg>
<arg>OM</arg>
<arg>PA</arg>
<arg>PE</arg>
<arg>PF</arg>
<arg>PG</arg>
<arg>PH</arg>
<arg>PK</arg>
<arg>PL</arg>
<arg>PM</arg>
<arg>PN</arg>
<arg>PR</arg>
<arg>PS</arg>
<arg>PT</arg>
<arg>PW</arg>
<arg>PY</arg>
<arg>QA</arg>
<arg>RE</arg>
<arg>RO</arg>
<arg>RS</arg>
<arg>RU</arg>
<arg>RW</arg>
<arg>SA</arg>
<arg>SB</arg>
<arg>SC</arg>
<arg>SD</arg>
<arg>SE</arg>
<arg>SG</arg>
<arg>SH</arg>
<arg>SI</arg>
<arg>SJ</arg>
<arg>SK</arg>
<arg>SL</arg>
<arg>SM</arg>
<arg>SN</arg>
<arg>SO</arg>
<arg>SR</arg>
<arg>SS</arg>
<arg>ST</arg>
<arg>SV</arg>
<arg>SX</arg>
<arg>SY</arg>
<arg>SZ</arg>
<arg>TC</arg>
<arg>TD</arg>
<arg>TF</arg>
<arg>TG</arg>
<arg>TH</arg>
<arg>TJ</arg>
<arg>TK</arg>
<arg>TL</arg>
<arg>TM</arg>
<arg>TN</arg>
<arg>TO</arg>
<arg>TR</arg>
<arg>TT</arg>
<arg>TV</arg>
<arg>TW</arg>
<arg>TZ</arg>
<arg>UA</arg>
<arg>UG</arg>
<arg>UM</arg>
<arg>US</arg>
<arg>UY</arg>
<arg>UZ</arg>
<arg>VA</arg>
<arg>VC</arg>
<arg>VE</arg>
<arg>VG</arg>
<arg>VI</arg>
<arg>VN</arg>
<arg>VU</arg>
<arg>WF</arg>
<arg>WS</arg>
<arg>XK</arg>
<arg>YE</arg>
<arg>YT</arg>
<arg>ZA</arg>
<arg>ZM</arg>
<arg>ZW</arg>
<doc>Returns a list containing given items.</doc>
<status status="PASS" start="2024-06-12T17:13:05.709688" elapsed="0.000623"/>
</kw>
<kw name="List Should Contain Value" owner="Collections">
<arg>${list_country}</arg>
<arg>${name_country}</arg>
<doc>Fails if the ``value`` is not found from ``list``.</doc>
<status status="PASS" start="2024-06-12T17:13:05.711096" elapsed="0.000226"/>
</kw>
<kw name="Run Keyword If" owner="BuiltIn">
<kw name="Should Be True" owner="BuiltIn">
<arg>${True}</arg>
<doc>Fails if the given condition is not true.</doc>
<status status="PASS" start="2024-06-12T17:13:05.712397" elapsed="0.000142"/>
</kw>
<arg>${json_data["results"][0]["location"]["coordinates"]["latitude"]} &gt;= -90 and ${json_data["results"][0]["location"]["coordinates"]["latitude"]} &lt;= 90</arg>
<arg>Should Be True</arg>
<arg>${True}</arg>
<doc>Runs the given keyword with the given arguments, if ``condition`` is true.</doc>
<status status="PASS" start="2024-06-12T17:13:05.711529" elapsed="0.001135"/>
</kw>
<kw name="Run Keyword If" owner="BuiltIn">
<kw name="Should Be True" owner="BuiltIn">
<arg>${True}</arg>
<doc>Fails if the given condition is not true.</doc>
<status status="PASS" start="2024-06-12T17:13:05.713528" elapsed="0.000135"/>
</kw>
<arg>${json_data["results"][0]["location"]["coordinates"]["longitude"]} &gt;= -180 and ${json_data["results"][0]["location"]["coordinates"]["longitude"]} &lt;= 180</arg>
<arg>Should Be True</arg>
<arg>${True}</arg>
<doc>Runs the given keyword with the given arguments, if ``condition`` is true.</doc>
<status status="PASS" start="2024-06-12T17:13:05.712846" elapsed="0.000937"/>
</kw>
<status status="PASS" start="2024-06-12T17:13:05.593546" elapsed="0.120365"/>
</kw>
<doc>Testa o conteúdo específico dos campos retornados pela API.</doc>
<tag>testeConteudo</tag>
<status status="PASS" start="2024-06-12T17:13:05.593099" elapsed="0.120960"/>
</test>
<status status="PASS" start="2024-06-12T17:13:04.844003" elapsed="0.871980"/>
</suite>
<status status="PASS" start="2024-06-12T17:13:04.830414" elapsed="0.890558"/>
</suite>
<statistics>
<total>
<stat pass="5" fail="0" skip="0">All Tests</stat>
</total>
<tag>
<stat pass="1" fail="0" skip="0">testeConteudo</stat>
<stat pass="1" fail="0" skip="0">testeEstruturaResposta</stat>
<stat pass="1" fail="0" skip="0">testeRequisicaoBasica</stat>
<stat pass="1" fail="0" skip="0">testeTiposDados</stat>
</tag>
<suite>
<stat pass="5" fail="0" skip="0" id="s1" name="Tests">Tests</stat>
<stat pass="5" fail="0" skip="0" id="s1-s1" name="Random-User-Test">Tests.Random-User-Test</stat>
</suite>
</statistics>
<errors>
</errors>
</robot>
