<?xml version="1.0" encoding="UTF-8"?>
<robot generator="Robot 7.0.1 (Python 3.12.4 on linux)" generated="2024-07-21T04:17:42.711069" rpa="false" schemaversion="5">
<suite id="s1" name="Tests" source="/home/runner/work/ApiRandomUser/ApiRandomUser/RamdonUser/tests">
<suite id="s1-s1" name="Random-User-Test" source="/home/runner/work/ApiRandomUser/ApiRandomUser/RamdonUser/tests/random-user-test.robot">
<test id="s1-s1-t1" name="Conectar" line="13">
<kw name="Conectar API" owner="random-user-service">
<kw name="Create Session" owner="RequestsLibrary">
<msg time="2024-07-21T04:17:43.096489" level="INFO">Creating Session using : alias=consultarAPI, url=https://randomuser.me/, headers={},                     cookies={}, auth=None, timeout=None, proxies=None, verify=False,                     debug=0 </msg>
<arg>consultarAPI</arg>
<arg>${URL}</arg>
<doc>Create Session: create a HTTP session to a server</doc>
<status status="PASS" start="2024-07-21T04:17:43.096294" elapsed="0.000370"/>
</kw>
<status status="PASS" start="2024-07-21T04:17:43.095274" elapsed="0.001760"/>
</kw>
<status status="PASS" start="2024-07-21T04:17:43.094699" elapsed="0.002529"/>
</test>
<test id="s1-s1-t2" name="Validar retorno 200 e JSON Válido" line="16">
<kw name="Teste de Requisicao Basica" owner="random-user-service">
<kw name="GET On Session" owner="RequestsLibrary">
<msg time="2024-07-21T04:17:43.272629" level="INFO">GET Request : url=https://randomuser.me/api 
 path_url=/api 
 headers={'User-Agent': 'python-requests/2.32.3', 'Accept-Encoding': 'gzip, deflate', 'Accept': '*/*', 'Connection': 'keep-alive'} 
 body=None 
 </msg>
<msg time="2024-07-21T04:17:43.272800" level="INFO">GET Response : url=https://randomuser.me/api 
 status=200, reason=OK 
 headers={'Date': 'Sun, 21 Jul 2024 04:17:43 GMT', 'Content-Type': 'application/json; charset=utf-8', 'Transfer-Encoding': 'chunked', 'Connection': 'keep-alive', 'X-Powered-By': 'Express', 'Access-Control-Allow-Origin': '*', 'Cache-Control': 'no-cache', 'ETag': 'W/"46d-iyLhFDoytSr8aSPkBf/7Cpvvhn4"', 'Vary': 'Accept-Encoding', 'Content-Encoding': 'gzip', 'CF-Cache-Status': 'DYNAMIC', 'Report-To': '{"endpoints":[{"url":"https:\\/\\/a.nel.cloudflare.com\\/report\\/v4?s=KE8hXScqojazhty56LB0eDn5yiNfJTm%2BfXPkNAD%2BUDyuVc1Xydr9nKyIoDazZrLk%2FlsNkUQnZCH6LY69zQ9%2BJ1D0I17HQ1yRT5aZ%2BJw6Mlurvrldo7aF4UxHPpmdRFYb"}],"group":"cf-nel","max_age":604800}', 'NEL': '{"success_fraction":0,"report_to":"cf-nel","max_age":604800}', 'Server': 'cloudflare', 'CF-RAY': '8a686204da225239-LAX', 'alt-svc': 'h3=":443"; ma=86400'} 
 body={"results":[{"gender":"male","name":{"title":"Mr","first":"Isaac","last":"Griffin"},"location":{"street":{"number":2829,"name":"Park Lane"},"city":"Kilkenny","state":"Waterford","country":"Ireland","postcode":57269,"coordinates":{"latitude":"0.0788","longitude":"-81.6187"},"timezone":{"offset":"+5:45","description":"Kathmandu"}},"email":"isaac.griffin@example.com","login":{"uuid":"75b497e8-954b-49c1-8fc3-22800e9817ff","username":"smallelephant227","password":"williams","salt":"KxsSLYeX","md5":"b15222abe50fa12be25430992cc2ec4b","sha1":"0958527b1f5cf5759abf42c275d75984a8856d8a","sha256":"969095a2cdb0530e61237f5c94a8f3bb316bea3a32463d4734eb82c93ccc9082"},"dob":{"date":"1954-04-15T02:39:23.604Z","age":70},"registered":{"date":"2012-06-08T02:09:47.136Z","age":12},"phone":"011-855-1499","cell":"081-090-8131","id":{"name":"PPS","value":"6065000T"},"picture":{"large":"https://randomuser.me/api/portraits/men/0.jpg","medium":"https://randomuser.me/api/portraits/med/men/0.jpg","thumbnail":"https://randomuser.me/api/portraits/thumb/men/0.jpg"},"nat":"IE"}],"info":{"seed":"dde47ff4d4c7b173","results":1,"page":1,"version":"1.4"}} 
 </msg>
<msg time="2024-07-21T04:17:43.272897" level="INFO">/opt/hostedtoolcache/Python/3.12.4/x64/lib/python3.12/site-packages/urllib3/connectionpool.py:1099: InsecureRequestWarning: Unverified HTTPS request is being made to host 'randomuser.me'. Adding certificate verification is strongly advised. See: https://urllib3.readthedocs.io/en/latest/advanced-usage.html#tls-warnings
  warnings.warn(</msg>
<msg time="2024-07-21T04:17:43.273032" level="INFO">${response} = &lt;Response [200]&gt;</msg>
<var>${response}</var>
<arg>consultarAPI</arg>
<arg>/api</arg>
<doc>Sends a GET request on a previously created HTTP Session.</doc>
<status status="PASS" start="2024-07-21T04:17:43.099807" elapsed="0.173269"/>
</kw>
<kw name="Should Be Equal As Numbers" owner="BuiltIn">
<msg time="2024-07-21T04:17:43.274053" level="INFO">Argument types are:
&lt;class 'int'&gt;
&lt;class 'str'&gt;</msg>
<arg>${response.status_code}</arg>
<arg>200</arg>
<doc>Fails if objects are unequal after converting them to real numbers.</doc>
<status status="PASS" start="2024-07-21T04:17:43.273592" elapsed="0.000527"/>
</kw>
<kw name="Log" owner="BuiltIn">
<msg time="2024-07-21T04:17:43.274826" level="INFO">200</msg>
<arg>${response.status_code}</arg>
<doc>Logs the given message with the given level.</doc>
<status status="PASS" start="2024-07-21T04:17:43.274460" elapsed="0.000411"/>
</kw>
<kw name="Set Variable" owner="BuiltIn">
<msg time="2024-07-21T04:17:43.275679" level="INFO">${json_data} = {'results': [{'gender': 'male', 'name': {'title': 'Mr', 'first': 'Isaac', 'last': 'Griffin'}, 'location': {'street': {'number': 2829, 'name': 'Park Lane'}, 'city': 'Kilkenny', 'state': 'Waterford', 'c...</msg>
<var>${json_data}</var>
<arg>${response.json()}</arg>
<doc>Returns the given values which can then be assigned to a variables.</doc>
<status status="PASS" start="2024-07-21T04:17:43.275239" elapsed="0.000468"/>
</kw>
<kw name="Dictionary Should Contain Key" owner="Collections">
<arg>${json_data}</arg>
<arg>results</arg>
<doc>Fails if ``key`` is not found from ``dictionary``.</doc>
<status status="PASS" start="2024-07-21T04:17:43.276007" elapsed="0.000324"/>
</kw>
<status status="PASS" start="2024-07-21T04:17:43.099555" elapsed="0.176930"/>
</kw>
<doc>Testa se a API responde corretamente e retorna um objeto JSON válido.</doc>
<tag>testeRequisicaoBasica</tag>
<status status="PASS" start="2024-07-21T04:17:43.099093" elapsed="0.177565"/>
</test>
<test id="s1-s1-t3" name="Validar estrutura de resposta" line="22">
<kw name="Teste de Estrutura de Resposta" owner="random-user-service">
<kw name="GET On Session" owner="RequestsLibrary">
<msg time="2024-07-21T04:17:43.373895" level="INFO">GET Request : url=https://randomuser.me/api 
 path_url=/api 
 headers={'User-Agent': 'python-requests/2.32.3', 'Accept-Encoding': 'gzip, deflate', 'Accept': '*/*', 'Connection': 'keep-alive'} 
 body=None 
 </msg>
<msg time="2024-07-21T04:17:43.373987" level="INFO">GET Response : url=https://randomuser.me/api 
 status=200, reason=OK 
 headers={'Date': 'Sun, 21 Jul 2024 04:17:43 GMT', 'Content-Type': 'application/json; charset=utf-8', 'Transfer-Encoding': 'chunked', 'Connection': 'keep-alive', 'X-Powered-By': 'Express', 'Access-Control-Allow-Origin': '*', 'Cache-Control': 'no-cache', 'ETag': 'W/"4a0-oZB6WMby6VGx1dV+EeiU4jJTano"', 'Vary': 'Accept-Encoding', 'Content-Encoding': 'gzip', 'CF-Cache-Status': 'DYNAMIC', 'Report-To': '{"endpoints":[{"url":"https:\\/\\/a.nel.cloudflare.com\\/report\\/v4?s=E3zIAnJXicXlW9TArDUlUa2HyNVzjo1hOyciu8eRwdCF7N0kwSq%2Bok%2FsLeaKj6DwswP5lJFAdGigNrCIYTAMoECvKXhNKW7ZPMBKR1yH4fHGl4Kqp%2BjZ0fLsvZQqjQGZ"}],"group":"cf-nel","max_age":604800}', 'NEL': '{"success_fraction":0,"report_to":"cf-nel","max_age":604800}', 'Server': 'cloudflare', 'CF-RAY': '8a6862058ae25239-LAX', 'alt-svc': 'h3=":443"; ma=86400'} 
 body={"results":[{"gender":"female","name":{"title":"Ms","first":"Raquel","last":"Ríos"},"location":{"street":{"number":8930,"name":"Retorno Sonora"},"city":"Pedro Meoqui","state":"Quintana Roo","country":"Mexico","postcode":68546,"coordinates":{"latitude":"24.0188","longitude":"179.2009"},"timezone":{"offset":"+4:00","description":"Abu Dhabi, Muscat, Baku, Tbilisi"}},"email":"raquel.rios@example.com","login":{"uuid":"dccaef9b-ac67-48e5-b396-6355cb972356","username":"happygorilla323","password":"mooses","salt":"WyBG4wSp","md5":"8ae36303304ffaf1b86ef3d793dfd506","sha1":"5a6d609b331cbe7b2d842823c8c90746069ef430","sha256":"a5544bd181a2db664e6486881a060675f4e82e7e0e2aa0753232474d5cd1f125"},"dob":{"date":"1965-04-29T20:00:22.717Z","age":59},"registered":{"date":"2008-08-20T02:37:56.560Z","age":15},"phone":"(676) 412 3356","cell":"(601) 037 0994","id":{"name":"NSS","value":"74 98 36 0964 3"},"picture":{"large":"https://randomuser.me/api/portraits/women/78.jpg","medium":"https://randomuser.me/api/portraits/med/women/78.jpg","thumbnail":"https://randomuser.me/api/portraits/thumb/women/78.jpg"},"nat":"MX"}],"info":{"seed":"b68aefee65c0845e","results":1,"page":1,"version":"1.4"}} 
 </msg>
<msg time="2024-07-21T04:17:43.374122" level="INFO">/opt/hostedtoolcache/Python/3.12.4/x64/lib/python3.12/site-packages/urllib3/connectionpool.py:1099: InsecureRequestWarning: Unverified HTTPS request is being made to host 'randomuser.me'. Adding certificate verification is strongly advised. See: https://urllib3.readthedocs.io/en/latest/advanced-usage.html#tls-warnings
  warnings.warn(</msg>
<msg time="2024-07-21T04:17:43.374218" level="INFO">${response} = &lt;Response [200]&gt;</msg>
<var>${response}</var>
<arg>consultarAPI</arg>
<arg>/api</arg>
<doc>Sends a GET request on a previously created HTTP Session.</doc>
<status status="PASS" start="2024-07-21T04:17:43.279323" elapsed="0.094930"/>
</kw>
<kw name="Set Variable" owner="BuiltIn">
<msg time="2024-07-21T04:17:43.375159" level="INFO">${json_data} = {'results': [{'gender': 'female', 'name': {'title': 'Ms', 'first': 'Raquel', 'last': 'Ríos'}, 'location': {'street': {'number': 8930, 'name': 'Retorno Sonora'}, 'city': 'Pedro Meoqui', 'state': 'Quint...</msg>
<var>${json_data}</var>
<arg>${response.json()}</arg>
<doc>Returns the given values which can then be assigned to a variables.</doc>
<status status="PASS" start="2024-07-21T04:17:43.374647" elapsed="0.000542"/>
</kw>
<kw name="Log" owner="BuiltIn">
<msg time="2024-07-21T04:17:43.375666" level="INFO">{'results': [{'gender': 'female', 'name': {'title': 'Ms', 'first': 'Raquel', 'last': 'Ríos'}, 'location': {'street': {'number': 8930, 'name': 'Retorno Sonora'}, 'city': 'Pedro Meoqui', 'state': 'Quintana Roo', 'country': 'Mexico', 'postcode': 68546, 'coordinates': {'latitude': '24.0188', 'longitude': '179.2009'}, 'timezone': {'offset': '+4:00', 'description': 'Abu Dhabi, Muscat, Baku, Tbilisi'}}, 'email': 'raquel.rios@example.com', 'login': {'uuid': 'dccaef9b-ac67-48e5-b396-6355cb972356', 'username': 'happygorilla323', 'password': 'mooses', 'salt': 'WyBG4wSp', 'md5': '8ae36303304ffaf1b86ef3d793dfd506', 'sha1': '5a6d609b331cbe7b2d842823c8c90746069ef430', 'sha256': 'a5544bd181a2db664e6486881a060675f4e82e7e0e2aa0753232474d5cd1f125'}, 'dob': {'date': '1965-04-29T20:00:22.717Z', 'age': 59}, 'registered': {'date': '2008-08-20T02:37:56.560Z', 'age': 15}, 'phone': '(676) 412 3356', 'cell': '(601) 037 0994', 'id': {'name': 'NSS', 'value': '74 98 36 0964 3'}, 'picture': {'large': 'https://randomuser.me/api/portraits/women/78.jpg', 'medium': 'https://randomuser.me/api/portraits/med/women/78.jpg', 'thumbnail': 'https://randomuser.me/api/portraits/thumb/women/78.jpg'}, 'nat': 'MX'}], 'info': {'seed': 'b68aefee65c0845e', 'results': 1, 'page': 1, 'version': '1.4'}}</msg>
<arg>${json_data}</arg>
<doc>Logs the given message with the given level.</doc>
<status status="PASS" start="2024-07-21T04:17:43.375499" elapsed="0.000218"/>
</kw>
<kw name="Dictionary Should Contain Key" owner="Collections">
<arg>${json_data}</arg>
<arg>results</arg>
<doc>Fails if ``key`` is not found from ``dictionary``.</doc>
<status status="PASS" start="2024-07-21T04:17:43.376011" elapsed="0.000162"/>
</kw>
<kw name="Should Not Be Empty" owner="BuiltIn">
<msg time="2024-07-21T04:17:43.376486" level="INFO">Length is 2.</msg>
<arg>${json_data}</arg>
<doc>Verifies that the given item is not empty.</doc>
<status status="PASS" start="2024-07-21T04:17:43.376357" elapsed="0.000167"/>
</kw>
<kw name="Create List" owner="BuiltIn">
<msg time="2024-07-21T04:17:43.376967" level="INFO">${expected_keys} = ['gender', 'name', 'location', 'email', 'login']</msg>
<var>${expected_keys}</var>
<arg>gender</arg>
<arg>name</arg>
<arg>location</arg>
<arg>email</arg>
<arg>login</arg>
<doc>Returns a list containing given items.</doc>
<status status="PASS" start="2024-07-21T04:17:43.376817" elapsed="0.000174"/>
</kw>
<for flavor="IN">
<iter>
<kw name="Dictionary Should Contain Key" owner="Collections">
<arg>${json_data['results'][0]}</arg>
<arg>${key}</arg>
<doc>Fails if ``key`` is not found from ``dictionary``.</doc>
<status status="PASS" start="2024-07-21T04:17:43.377568" elapsed="0.000416"/>
</kw>
<kw name="Log" owner="BuiltIn">
<msg time="2024-07-21T04:17:43.378531" level="INFO">{'gender': 'female', 'name': {'title': 'Ms', 'first': 'Raquel', 'last': 'Ríos'}, 'location': {'street': {'number': 8930, 'name': 'Retorno Sonora'}, 'city': 'Pedro Meoqui', 'state': 'Quintana Roo', 'country': 'Mexico', 'postcode': 68546, 'coordinates': {'latitude': '24.0188', 'longitude': '179.2009'}, 'timezone': {'offset': '+4:00', 'description': 'Abu Dhabi, Muscat, Baku, Tbilisi'}}, 'email': 'raquel.rios@example.com', 'login': {'uuid': 'dccaef9b-ac67-48e5-b396-6355cb972356', 'username': 'happygorilla323', 'password': 'mooses', 'salt': 'WyBG4wSp', 'md5': '8ae36303304ffaf1b86ef3d793dfd506', 'sha1': '5a6d609b331cbe7b2d842823c8c90746069ef430', 'sha256': 'a5544bd181a2db664e6486881a060675f4e82e7e0e2aa0753232474d5cd1f125'}, 'dob': {'date': '1965-04-29T20:00:22.717Z', 'age': 59}, 'registered': {'date': '2008-08-20T02:37:56.560Z', 'age': 15}, 'phone': '(676) 412 3356', 'cell': '(601) 037 0994', 'id': {'name': 'NSS', 'value': '74 98 36 0964 3'}, 'picture': {'large': 'https://randomuser.me/api/portraits/women/78.jpg', 'medium': 'https://randomuser.me/api/portraits/med/women/78.jpg', 'thumbnail': 'https://randomuser.me/api/portraits/thumb/women/78.jpg'}, 'nat': 'MX'}</msg>
<arg>${json_data['results'][0]}</arg>
<doc>Logs the given message with the given level.</doc>
<status status="PASS" start="2024-07-21T04:17:43.378173" elapsed="0.000410"/>
</kw>
<kw name="Log" owner="BuiltIn">
<msg time="2024-07-21T04:17:43.379047" level="INFO">gender</msg>
<arg>${key}</arg>
<doc>Logs the given message with the given level.</doc>
<status status="PASS" start="2024-07-21T04:17:43.378888" elapsed="0.000199"/>
</kw>
<var name="${key}">gender</var>
<status status="PASS" start="2024-07-21T04:17:43.377442" elapsed="0.001865"/>
</iter>
<iter>
<kw name="Dictionary Should Contain Key" owner="Collections">
<arg>${json_data['results'][0]}</arg>
<arg>${key}</arg>
<doc>Fails if ``key`` is not found from ``dictionary``.</doc>
<status status="PASS" start="2024-07-21T04:17:43.379605" elapsed="0.000383"/>
</kw>
<kw name="Log" owner="BuiltIn">
<msg time="2024-07-21T04:17:43.380574" level="INFO">{'gender': 'female', 'name': {'title': 'Ms', 'first': 'Raquel', 'last': 'Ríos'}, 'location': {'street': {'number': 8930, 'name': 'Retorno Sonora'}, 'city': 'Pedro Meoqui', 'state': 'Quintana Roo', 'country': 'Mexico', 'postcode': 68546, 'coordinates': {'latitude': '24.0188', 'longitude': '179.2009'}, 'timezone': {'offset': '+4:00', 'description': 'Abu Dhabi, Muscat, Baku, Tbilisi'}}, 'email': 'raquel.rios@example.com', 'login': {'uuid': 'dccaef9b-ac67-48e5-b396-6355cb972356', 'username': 'happygorilla323', 'password': 'mooses', 'salt': 'WyBG4wSp', 'md5': '8ae36303304ffaf1b86ef3d793dfd506', 'sha1': '5a6d609b331cbe7b2d842823c8c90746069ef430', 'sha256': 'a5544bd181a2db664e6486881a060675f4e82e7e0e2aa0753232474d5cd1f125'}, 'dob': {'date': '1965-04-29T20:00:22.717Z', 'age': 59}, 'registered': {'date': '2008-08-20T02:37:56.560Z', 'age': 15}, 'phone': '(676) 412 3356', 'cell': '(601) 037 0994', 'id': {'name': 'NSS', 'value': '74 98 36 0964 3'}, 'picture': {'large': 'https://randomuser.me/api/portraits/women/78.jpg', 'medium': 'https://randomuser.me/api/portraits/med/women/78.jpg', 'thumbnail': 'https://randomuser.me/api/portraits/thumb/women/78.jpg'}, 'nat': 'MX'}</msg>
<arg>${json_data['results'][0]}</arg>
<doc>Logs the given message with the given level.</doc>
<status status="PASS" start="2024-07-21T04:17:43.380171" elapsed="0.000456"/>
</kw>
<kw name="Log" owner="BuiltIn">
<msg time="2024-07-21T04:17:43.381051" level="INFO">name</msg>
<arg>${key}</arg>
<doc>Logs the given message with the given level.</doc>
<status status="PASS" start="2024-07-21T04:17:43.380924" elapsed="0.000165"/>
</kw>
<var name="${key}">name</var>
<status status="PASS" start="2024-07-21T04:17:43.379493" elapsed="0.001810"/>
</iter>
<iter>
<kw name="Dictionary Should Contain Key" owner="Collections">
<arg>${json_data['results'][0]}</arg>
<arg>${key}</arg>
<doc>Fails if ``key`` is not found from ``dictionary``.</doc>
<status status="PASS" start="2024-07-21T04:17:43.381584" elapsed="0.000389"/>
</kw>
<kw name="Log" owner="BuiltIn">
<msg time="2024-07-21T04:17:43.382521" level="INFO">{'gender': 'female', 'name': {'title': 'Ms', 'first': 'Raquel', 'last': 'Ríos'}, 'location': {'street': {'number': 8930, 'name': 'Retorno Sonora'}, 'city': 'Pedro Meoqui', 'state': 'Quintana Roo', 'country': 'Mexico', 'postcode': 68546, 'coordinates': {'latitude': '24.0188', 'longitude': '179.2009'}, 'timezone': {'offset': '+4:00', 'description': 'Abu Dhabi, Muscat, Baku, Tbilisi'}}, 'email': 'raquel.rios@example.com', 'login': {'uuid': 'dccaef9b-ac67-48e5-b396-6355cb972356', 'username': 'happygorilla323', 'password': 'mooses', 'salt': 'WyBG4wSp', 'md5': '8ae36303304ffaf1b86ef3d793dfd506', 'sha1': '5a6d609b331cbe7b2d842823c8c90746069ef430', 'sha256': 'a5544bd181a2db664e6486881a060675f4e82e7e0e2aa0753232474d5cd1f125'}, 'dob': {'date': '1965-04-29T20:00:22.717Z', 'age': 59}, 'registered': {'date': '2008-08-20T02:37:56.560Z', 'age': 15}, 'phone': '(676) 412 3356', 'cell': '(601) 037 0994', 'id': {'name': 'NSS', 'value': '74 98 36 0964 3'}, 'picture': {'large': 'https://randomuser.me/api/portraits/women/78.jpg', 'medium': 'https://randomuser.me/api/portraits/med/women/78.jpg', 'thumbnail': 'https://randomuser.me/api/portraits/thumb/women/78.jpg'}, 'nat': 'MX'}</msg>
<arg>${json_data['results'][0]}</arg>
<doc>Logs the given message with the given level.</doc>
<status status="PASS" start="2024-07-21T04:17:43.382161" elapsed="0.000412"/>
</kw>
<kw name="Log" owner="BuiltIn">
<msg time="2024-07-21T04:17:43.383014" level="INFO">location</msg>
<arg>${key}</arg>
<doc>Logs the given message with the given level.</doc>
<status status="PASS" start="2024-07-21T04:17:43.382867" elapsed="0.000194"/>
</kw>
<var name="${key}">location</var>
<status status="PASS" start="2024-07-21T04:17:43.381478" elapsed="0.001800"/>
</iter>
<iter>
<kw name="Dictionary Should Contain Key" owner="Collections">
<arg>${json_data['results'][0]}</arg>
<arg>${key}</arg>
<doc>Fails if ``key`` is not found from ``dictionary``.</doc>
<status status="PASS" start="2024-07-21T04:17:43.383553" elapsed="0.000388"/>
</kw>
<kw name="Log" owner="BuiltIn">
<msg time="2024-07-21T04:17:43.384600" level="INFO">{'gender': 'female', 'name': {'title': 'Ms', 'first': 'Raquel', 'last': 'Ríos'}, 'location': {'street': {'number': 8930, 'name': 'Retorno Sonora'}, 'city': 'Pedro Meoqui', 'state': 'Quintana Roo', 'country': 'Mexico', 'postcode': 68546, 'coordinates': {'latitude': '24.0188', 'longitude': '179.2009'}, 'timezone': {'offset': '+4:00', 'description': 'Abu Dhabi, Muscat, Baku, Tbilisi'}}, 'email': 'raquel.rios@example.com', 'login': {'uuid': 'dccaef9b-ac67-48e5-b396-6355cb972356', 'username': 'happygorilla323', 'password': 'mooses', 'salt': 'WyBG4wSp', 'md5': '8ae36303304ffaf1b86ef3d793dfd506', 'sha1': '5a6d609b331cbe7b2d842823c8c90746069ef430', 'sha256': 'a5544bd181a2db664e6486881a060675f4e82e7e0e2aa0753232474d5cd1f125'}, 'dob': {'date': '1965-04-29T20:00:22.717Z', 'age': 59}, 'registered': {'date': '2008-08-20T02:37:56.560Z', 'age': 15}, 'phone': '(676) 412 3356', 'cell': '(601) 037 0994', 'id': {'name': 'NSS', 'value': '74 98 36 0964 3'}, 'picture': {'large': 'https://randomuser.me/api/portraits/women/78.jpg', 'medium': 'https://randomuser.me/api/portraits/med/women/78.jpg', 'thumbnail': 'https://randomuser.me/api/portraits/thumb/women/78.jpg'}, 'nat': 'MX'}</msg>
<arg>${json_data['results'][0]}</arg>
<doc>Logs the given message with the given level.</doc>
<status status="PASS" start="2024-07-21T04:17:43.384240" elapsed="0.000412"/>
</kw>
<kw name="Log" owner="BuiltIn">
<msg time="2024-07-21T04:17:43.385079" level="INFO">email</msg>
<arg>${key}</arg>
<doc>Logs the given message with the given level.</doc>
<status status="PASS" start="2024-07-21T04:17:43.384949" elapsed="0.000168"/>
</kw>
<var name="${key}">email</var>
<status status="PASS" start="2024-07-21T04:17:43.383447" elapsed="0.001887"/>
</iter>
<iter>
<kw name="Dictionary Should Contain Key" owner="Collections">
<arg>${json_data['results'][0]}</arg>
<arg>${key}</arg>
<doc>Fails if ``key`` is not found from ``dictionary``.</doc>
<status status="PASS" start="2024-07-21T04:17:43.385612" elapsed="0.000377"/>
</kw>
<kw name="Log" owner="BuiltIn">
<msg time="2024-07-21T04:17:43.386518" level="INFO">{'gender': 'female', 'name': {'title': 'Ms', 'first': 'Raquel', 'last': 'Ríos'}, 'location': {'street': {'number': 8930, 'name': 'Retorno Sonora'}, 'city': 'Pedro Meoqui', 'state': 'Quintana Roo', 'country': 'Mexico', 'postcode': 68546, 'coordinates': {'latitude': '24.0188', 'longitude': '179.2009'}, 'timezone': {'offset': '+4:00', 'description': 'Abu Dhabi, Muscat, Baku, Tbilisi'}}, 'email': 'raquel.rios@example.com', 'login': {'uuid': 'dccaef9b-ac67-48e5-b396-6355cb972356', 'username': 'happygorilla323', 'password': 'mooses', 'salt': 'WyBG4wSp', 'md5': '8ae36303304ffaf1b86ef3d793dfd506', 'sha1': '5a6d609b331cbe7b2d842823c8c90746069ef430', 'sha256': 'a5544bd181a2db664e6486881a060675f4e82e7e0e2aa0753232474d5cd1f125'}, 'dob': {'date': '1965-04-29T20:00:22.717Z', 'age': 59}, 'registered': {'date': '2008-08-20T02:37:56.560Z', 'age': 15}, 'phone': '(676) 412 3356', 'cell': '(601) 037 0994', 'id': {'name': 'NSS', 'value': '74 98 36 0964 3'}, 'picture': {'large': 'https://randomuser.me/api/portraits/women/78.jpg', 'medium': 'https://randomuser.me/api/portraits/med/women/78.jpg', 'thumbnail': 'https://randomuser.me/api/portraits/thumb/women/78.jpg'}, 'nat': 'MX'}</msg>
<arg>${json_data['results'][0]}</arg>
<doc>Logs the given message with the given level.</doc>
<status status="PASS" start="2024-07-21T04:17:43.386171" elapsed="0.000397"/>
</kw>
<kw name="Log" owner="BuiltIn">
<msg time="2024-07-21T04:17:43.387004" level="INFO">login</msg>
<arg>${key}</arg>
<doc>Logs the given message with the given level.</doc>
<status status="PASS" start="2024-07-21T04:17:43.386858" elapsed="0.000192"/>
</kw>
<var name="${key}">login</var>
<status status="PASS" start="2024-07-21T04:17:43.385505" elapsed="0.001763"/>
</iter>
<var>${key}</var>
<value>@{expected_keys}</value>
<status status="PASS" start="2024-07-21T04:17:43.377253" elapsed="0.010134"/>
</for>
<kw name="Create List" owner="BuiltIn">
<msg time="2024-07-21T04:17:43.387743" level="INFO">${expected_keysTwo} = ['username', 'password']</msg>
<var>${expected_keysTwo}</var>
<arg>username</arg>
<arg>password</arg>
<doc>Returns a list containing given items.</doc>
<status status="PASS" start="2024-07-21T04:17:43.387603" elapsed="0.000165"/>
</kw>
<for flavor="IN">
<iter>
<kw name="Dictionary Should Contain Key" owner="Collections">
<arg>${json_data['results'][0]['login']}</arg>
<arg>${keyTwo}</arg>
<doc>Fails if ``key`` is not found from ``dictionary``.</doc>
<status status="PASS" start="2024-07-21T04:17:43.388267" elapsed="0.000382"/>
</kw>
<kw name="Dictionary Should Contain Key" owner="Collections">
<arg>${json_data['results'][0]['login']}</arg>
<arg>${keyTwo}</arg>
<doc>Fails if ``key`` is not found from ``dictionary``.</doc>
<status status="PASS" start="2024-07-21T04:17:43.388831" elapsed="0.000384"/>
</kw>
<kw name="Log" owner="BuiltIn">
<msg time="2024-07-21T04:17:43.389514" level="INFO">username</msg>
<arg>${keyTwo}</arg>
<doc>Logs the given message with the given level.</doc>
<status status="PASS" start="2024-07-21T04:17:43.389395" elapsed="0.000156"/>
</kw>
<var name="${keyTwo}">username</var>
<status status="PASS" start="2024-07-21T04:17:43.388159" elapsed="0.001613"/>
</iter>
<iter>
<kw name="Dictionary Should Contain Key" owner="Collections">
<arg>${json_data['results'][0]['login']}</arg>
<arg>${keyTwo}</arg>
<doc>Fails if ``key`` is not found from ``dictionary``.</doc>
<status status="PASS" start="2024-07-21T04:17:43.390056" elapsed="0.000382"/>
</kw>
<kw name="Dictionary Should Contain Key" owner="Collections">
<arg>${json_data['results'][0]['login']}</arg>
<arg>${keyTwo}</arg>
<doc>Fails if ``key`` is not found from ``dictionary``.</doc>
<status status="PASS" start="2024-07-21T04:17:43.390616" elapsed="0.000425"/>
</kw>
<kw name="Log" owner="BuiltIn">
<msg time="2024-07-21T04:17:43.391360" level="INFO">password</msg>
<arg>${keyTwo}</arg>
<doc>Logs the given message with the given level.</doc>
<status status="PASS" start="2024-07-21T04:17:43.391234" elapsed="0.000163"/>
</kw>
<var name="${keyTwo}">password</var>
<status status="PASS" start="2024-07-21T04:17:43.389944" elapsed="0.001674"/>
</iter>
<var>${keyTwo}</var>
<value>@{expected_keysTwo}</value>
<status status="PASS" start="2024-07-21T04:17:43.388006" elapsed="0.003731"/>
</for>
<status status="PASS" start="2024-07-21T04:17:43.279082" elapsed="0.112826"/>
</kw>
<doc>Testa a estrutura da resposta da API.</doc>
<tag>testeEstruturaResposta</tag>
<status status="PASS" start="2024-07-21T04:17:43.278543" elapsed="0.113515"/>
</test>
<test id="s1-s1-t4" name="Validar tipos de dados" line="28">
<kw name="Teste de Tipos de Dados" owner="random-user-service">
<kw name="GET On Session" owner="RequestsLibrary">
<msg time="2024-07-21T04:17:43.522481" level="INFO">GET Request : url=https://randomuser.me/api 
 path_url=/api 
 headers={'User-Agent': 'python-requests/2.32.3', 'Accept-Encoding': 'gzip, deflate', 'Accept': '*/*', 'Connection': 'keep-alive'} 
 body=None 
 </msg>
<msg time="2024-07-21T04:17:43.522570" level="INFO">GET Response : url=https://randomuser.me/api 
 status=200, reason=OK 
 headers={'Date': 'Sun, 21 Jul 2024 04:17:43 GMT', 'Content-Type': 'application/json; charset=utf-8', 'Transfer-Encoding': 'chunked', 'Connection': 'keep-alive', 'X-Powered-By': 'Express', 'Access-Control-Allow-Origin': '*', 'Cache-Control': 'no-cache', 'ETag': 'W/"482-RkVB+S4z28xofg02BWkEj6lXuvA"', 'Vary': 'Accept-Encoding', 'Content-Encoding': 'gzip', 'CF-Cache-Status': 'DYNAMIC', 'Report-To': '{"endpoints":[{"url":"https:\\/\\/a.nel.cloudflare.com\\/report\\/v4?s=wYM4XktTzkWSe1up9DT5UVhsN1DmYTLNRTuxNCOQGYYwB1v99Aw%2BXMXjg%2Fbpjnkxi9W1%2BgUjBmJCS8GueZ6HeIfoeG8czwitojNCpV0%2Bg4rSKvwL1BQx2Gl1qa5TprpG"}],"group":"cf-nel","max_age":604800}', 'NEL': '{"success_fraction":0,"report_to":"cf-nel","max_age":604800}', 'Server': 'cloudflare', 'CF-RAY': '8a6862064bbf5239-LAX', 'alt-svc': 'h3=":443"; ma=86400'} 
 body={"results":[{"gender":"female","name":{"title":"Mrs","first":"Inaya","last":"Mundal"},"location":{"street":{"number":1641,"name":"Bankplassen"},"city":"Vik","state":"Finnmark - Finnmárku","country":"Norway","postcode":"1590","coordinates":{"latitude":"39.7299","longitude":"177.8074"},"timezone":{"offset":"+6:00","description":"Almaty, Dhaka, Colombo"}},"email":"inaya.mundal@example.com","login":{"uuid":"697c20e4-a088-4f07-9209-725f6e5e8de3","username":"organickoala250","password":"1021","salt":"dHG0cDhl","md5":"d7ca3ac7c077d75549ce8a1b256a372b","sha1":"f7803f33281e9f7b34a8024b061b6d968f4d17c5","sha256":"377824dac45749c820dd04d8b79c79038d0c1622ce6875bfa515731163593b32"},"dob":{"date":"1962-05-22T23:59:29.081Z","age":62},"registered":{"date":"2022-01-19T22:24:47.113Z","age":2},"phone":"83858821","cell":"41704425","id":{"name":"FN","value":"22056232838"},"picture":{"large":"https://randomuser.me/api/portraits/women/41.jpg","medium":"https://randomuser.me/api/portraits/med/women/41.jpg","thumbnail":"https://randomuser.me/api/portraits/thumb/women/41.jpg"},"nat":"NO"}],"info":{"seed":"64353f4fb3877486","results":1,"page":1,"version":"1.4"}} 
 </msg>
<msg time="2024-07-21T04:17:43.522636" level="INFO">/opt/hostedtoolcache/Python/3.12.4/x64/lib/python3.12/site-packages/urllib3/connectionpool.py:1099: InsecureRequestWarning: Unverified HTTPS request is being made to host 'randomuser.me'. Adding certificate verification is strongly advised. See: https://urllib3.readthedocs.io/en/latest/advanced-usage.html#tls-warnings
  warnings.warn(</msg>
<msg time="2024-07-21T04:17:43.522749" level="INFO">${response} = &lt;Response [200]&gt;</msg>
<var>${response}</var>
<arg>consultarAPI</arg>
<arg>/api</arg>
<doc>Sends a GET request on a previously created HTTP Session.</doc>
<status status="PASS" start="2024-07-21T04:17:43.394518" elapsed="0.128275"/>
</kw>
<kw name="Set Variable" owner="BuiltIn">
<msg time="2024-07-21T04:17:43.523981" level="INFO">${json_data} = {'results': [{'gender': 'female', 'name': {'title': 'Mrs', 'first': 'Inaya', 'last': 'Mundal'}, 'location': {'street': {'number': 1641, 'name': 'Bankplassen'}, 'city': 'Vik', 'state': 'Finnmark - Finn...</msg>
<var>${json_data}</var>
<arg>${response.json()}</arg>
<doc>Returns the given values which can then be assigned to a variables.</doc>
<status status="PASS" start="2024-07-21T04:17:43.523408" elapsed="0.000602"/>
</kw>
<kw name="Log" owner="BuiltIn">
<msg time="2024-07-21T04:17:43.524476" level="INFO">{'results': [{'gender': 'female', 'name': {'title': 'Mrs', 'first': 'Inaya', 'last': 'Mundal'}, 'location': {'street': {'number': 1641, 'name': 'Bankplassen'}, 'city': 'Vik', 'state': 'Finnmark - Finnmárku', 'country': 'Norway', 'postcode': '1590', 'coordinates': {'latitude': '39.7299', 'longitude': '177.8074'}, 'timezone': {'offset': '+6:00', 'description': 'Almaty, Dhaka, Colombo'}}, 'email': 'inaya.mundal@example.com', 'login': {'uuid': '697c20e4-a088-4f07-9209-725f6e5e8de3', 'username': 'organickoala250', 'password': '1021', 'salt': 'dHG0cDhl', 'md5': 'd7ca3ac7c077d75549ce8a1b256a372b', 'sha1': 'f7803f33281e9f7b34a8024b061b6d968f4d17c5', 'sha256': '377824dac45749c820dd04d8b79c79038d0c1622ce6875bfa515731163593b32'}, 'dob': {'date': '1962-05-22T23:59:29.081Z', 'age': 62}, 'registered': {'date': '2022-01-19T22:24:47.113Z', 'age': 2}, 'phone': '83858821', 'cell': '41704425', 'id': {'name': 'FN', 'value': '22056232838'}, 'picture': {'large': 'https://randomuser.me/api/portraits/women/41.jpg', 'medium': 'https://randomuser.me/api/portraits/med/women/41.jpg', 'thumbnail': 'https://randomuser.me/api/portraits/thumb/women/41.jpg'}, 'nat': 'NO'}], 'info': {'seed': '64353f4fb3877486', 'results': 1, 'page': 1, 'version': '1.4'}}</msg>
<arg>${json_data}</arg>
<doc>Logs the given message with the given level.</doc>
<status status="PASS" start="2024-07-21T04:17:43.524319" elapsed="0.000207"/>
</kw>
<kw name="Should Be String" owner="String">
<arg>${json_data['results'][0]['gender']}</arg>
<doc>Fails if the given ``item`` is not a string.</doc>
<status status="PASS" start="2024-07-21T04:17:43.524822" elapsed="0.000374"/>
</kw>
<kw name="Should Match Regexp" owner="BuiltIn">
<arg>${json_data['results'][0]['email']}</arg>
<arg>^[a-zA-Z0-9._%+-]+@[a-zA-Z0-9.-]+\.[a-zA-Z]{2,}$</arg>
<doc>Fails if ``string`` does not match ``pattern`` as a regular expression.</doc>
<status status="PASS" start="2024-07-21T04:17:43.525424" elapsed="0.000528"/>
</kw>
<kw name="Should Match Regexp" owner="BuiltIn">
<arg>${json_data['results'][0]['dob']['date']}</arg>
<arg>\\d{4}-\\d{2}-\\d{2}T\\d{2}:\\d{2}:\\d{2}\\.\\d{3}Z</arg>
<doc>Fails if ``string`` does not match ``pattern`` as a regular expression.</doc>
<status status="PASS" start="2024-07-21T04:17:43.526150" elapsed="0.000622"/>
</kw>
<kw name="Should Match Regexp" owner="BuiltIn">
<arg>${json_data['results'][0]['registered']['date']}</arg>
<arg>\\d{4}-\\d{2}-\\d{2}T\\d{2}:\\d{2}:\\d{2}\\.\\d{3}Z</arg>
<doc>Fails if ``string`` does not match ``pattern`` as a regular expression.</doc>
<status status="PASS" start="2024-07-21T04:17:43.526994" elapsed="0.000387"/>
</kw>
<kw name="Should Match Regexp" owner="BuiltIn">
<arg>${json_data['results'][0]['picture']['large']}</arg>
<arg>^https?://.*\.(?:png|jpe?g|gif|bmp)$</arg>
<doc>Fails if ``string`` does not match ``pattern`` as a regular expression.</doc>
<status status="PASS" start="2024-07-21T04:17:43.527568" elapsed="0.000461"/>
</kw>
<kw name="Should Match Regexp" owner="BuiltIn">
<arg>${json_data['results'][0]['picture']['medium']}</arg>
<arg>^https?://.*\.(?:png|jpe?g|gif|bmp)$</arg>
<doc>Fails if ``string`` does not match ``pattern`` as a regular expression.</doc>
<status status="PASS" start="2024-07-21T04:17:43.528218" elapsed="0.000357"/>
</kw>
<kw name="Should Match Regexp" owner="BuiltIn">
<arg>${json_data['results'][0]['picture']['thumbnail']}</arg>
<arg>^https?://.*\.(?:png|jpe?g|gif|bmp)$</arg>
<doc>Fails if ``string`` does not match ``pattern`` as a regular expression.</doc>
<status status="PASS" start="2024-07-21T04:17:43.528759" elapsed="0.000354"/>
</kw>
<kw name="Log" owner="BuiltIn">
<msg time="2024-07-21T04:17:43.529629" level="INFO">{'large': 'https://randomuser.me/api/portraits/women/41.jpg', 'medium': 'https://randomuser.me/api/portraits/med/women/41.jpg', 'thumbnail': 'https://randomuser.me/api/portraits/thumb/women/41.jpg'}</msg>
<arg>${json_data['results'][0]['picture']}</arg>
<doc>Logs the given message with the given level.</doc>
<status status="PASS" start="2024-07-21T04:17:43.529294" elapsed="0.000378"/>
</kw>
<status status="PASS" start="2024-07-21T04:17:43.394299" elapsed="0.135629"/>
</kw>
<kw name="Teste de Tipos de Dados - Postcode" owner="random-user-service">
<kw name="GET On Session" owner="RequestsLibrary">
<msg time="2024-07-21T04:17:43.835081" level="INFO">GET Request : url=https://randomuser.me/api 
 path_url=/api 
 headers={'User-Agent': 'python-requests/2.32.3', 'Accept-Encoding': 'gzip, deflate', 'Accept': '*/*', 'Connection': 'keep-alive'} 
 body=None 
 </msg>
<msg time="2024-07-21T04:17:43.835160" level="INFO">GET Response : url=https://randomuser.me/api 
 status=200, reason=OK 
 headers={'Date': 'Sun, 21 Jul 2024 04:17:43 GMT', 'Content-Type': 'application/json; charset=utf-8', 'Transfer-Encoding': 'chunked', 'Connection': 'keep-alive', 'X-Powered-By': 'Express', 'Access-Control-Allow-Origin': '*', 'Cache-Control': 'no-cache', 'ETag': 'W/"48e-0d0yDfJ4Vdq9PBIZyOYiWqBf2ec"', 'Vary': 'Accept-Encoding', 'Content-Encoding': 'gzip', 'CF-Cache-Status': 'DYNAMIC', 'Report-To': '{"endpoints":[{"url":"https:\\/\\/a.nel.cloudflare.com\\/report\\/v4?s=2BjgMZmu71AnCVxGH5za9FMG4ebQ%2FTireKf8dOGp%2BCBfk%2FqHgN5VNVo4u7Guht%2BmlGKkNJApDTsvYTdsLLwE9N6tuBro08SMEEC0Jc9W91uZTpfmrNRVbY9RwDwRvHoN"}],"group":"cf-nel","max_age":604800}', 'NEL': '{"success_fraction":0,"report_to":"cf-nel","max_age":604800}', 'Server': 'cloudflare', 'CF-RAY': '8a6862071c9e5239-LAX', 'alt-svc': 'h3=":443"; ma=86400'} 
 body={"results":[{"gender":"male","name":{"title":"Mr","first":"Niilo","last":"Lampo"},"location":{"street":{"number":2242,"name":"Nordenskiöldinkatu"},"city":"Kristinestad","state":"Satakunta","country":"Finland","postcode":33126,"coordinates":{"latitude":"-23.1762","longitude":"-134.7327"},"timezone":{"offset":"-11:00","description":"Midway Island, Samoa"}},"email":"niilo.lampo@example.com","login":{"uuid":"a70375a4-450d-4f32-bacf-d257ed34178f","username":"smallzebra883","password":"onelove","salt":"twdZ0njU","md5":"0cc7636edc456dc8a23ab75297cd52fd","sha1":"1a1ba7b7e774a5613ed41d8a92f5ebfa7d59dab7","sha256":"1bd882e93fd9a584fa5dc16b02a1c6ac72dfe40b989d050fd63d9fed1969f4d2"},"dob":{"date":"1953-01-29T05:59:02.259Z","age":71},"registered":{"date":"2009-09-19T03:27:35.730Z","age":14},"phone":"09-822-045","cell":"049-790-24-56","id":{"name":"HETU","value":"NaNNA945undefined"},"picture":{"large":"https://randomuser.me/api/portraits/men/45.jpg","medium":"https://randomuser.me/api/portraits/med/men/45.jpg","thumbnail":"https://randomuser.me/api/portraits/thumb/men/45.jpg"},"nat":"FI"}],"info":{"seed":"2902e2fed7a4239e","results":1,"page":1,"version":"1.4"}} 
 </msg>
<msg time="2024-07-21T04:17:43.835222" level="INFO">/opt/hostedtoolcache/Python/3.12.4/x64/lib/python3.12/site-packages/urllib3/connectionpool.py:1099: InsecureRequestWarning: Unverified HTTPS request is being made to host 'randomuser.me'. Adding certificate verification is strongly advised. See: https://urllib3.readthedocs.io/en/latest/advanced-usage.html#tls-warnings
  warnings.warn(</msg>
<msg time="2024-07-21T04:17:43.835328" level="INFO">${response} = &lt;Response [200]&gt;</msg>
<var>${response}</var>
<arg>consultarAPI</arg>
<arg>/api</arg>
<doc>Sends a GET request on a previously created HTTP Session.</doc>
<status status="PASS" start="2024-07-21T04:17:43.530373" elapsed="0.304995"/>
</kw>
<kw name="Set Variable" owner="BuiltIn">
<msg time="2024-07-21T04:17:43.836435" level="INFO">${json_data} = {'results': [{'gender': 'male', 'name': {'title': 'Mr', 'first': 'Niilo', 'last': 'Lampo'}, 'location': {'street': {'number': 2242, 'name': 'Nordenskiöldinkatu'}, 'city': 'Kristinestad', 'state': 'Sat...</msg>
<var>${json_data}</var>
<arg>${response.json()}</arg>
<doc>Returns the given values which can then be assigned to a variables.</doc>
<status status="PASS" start="2024-07-21T04:17:43.835884" elapsed="0.000579"/>
</kw>
<kw name="Log" owner="BuiltIn">
<msg time="2024-07-21T04:17:43.836919" level="INFO">{'results': [{'gender': 'male', 'name': {'title': 'Mr', 'first': 'Niilo', 'last': 'Lampo'}, 'location': {'street': {'number': 2242, 'name': 'Nordenskiöldinkatu'}, 'city': 'Kristinestad', 'state': 'Satakunta', 'country': 'Finland', 'postcode': 33126, 'coordinates': {'latitude': '-23.1762', 'longitude': '-134.7327'}, 'timezone': {'offset': '-11:00', 'description': 'Midway Island, Samoa'}}, 'email': 'niilo.lampo@example.com', 'login': {'uuid': 'a70375a4-450d-4f32-bacf-d257ed34178f', 'username': 'smallzebra883', 'password': 'onelove', 'salt': 'twdZ0njU', 'md5': '0cc7636edc456dc8a23ab75297cd52fd', 'sha1': '1a1ba7b7e774a5613ed41d8a92f5ebfa7d59dab7', 'sha256': '1bd882e93fd9a584fa5dc16b02a1c6ac72dfe40b989d050fd63d9fed1969f4d2'}, 'dob': {'date': '1953-01-29T05:59:02.259Z', 'age': 71}, 'registered': {'date': '2009-09-19T03:27:35.730Z', 'age': 14}, 'phone': '09-822-045', 'cell': '049-790-24-56', 'id': {'name': 'HETU', 'value': 'NaNNA945undefined'}, 'picture': {'large': 'https://randomuser.me/api/portraits/men/45.jpg', 'medium': 'https://randomuser.me/api/portraits/med/men/45.jpg', 'thumbnail': 'https://randomuser.me/api/portraits/thumb/men/45.jpg'}, 'nat': 'FI'}], 'info': {'seed': '2902e2fed7a4239e', 'results': 1, 'page': 1, 'version': '1.4'}}</msg>
<arg>${json_data}</arg>
<doc>Logs the given message with the given level.</doc>
<status status="PASS" start="2024-07-21T04:17:43.836767" elapsed="0.000199"/>
</kw>
<kw name="Should Be Equal As Numbers" owner="BuiltIn">
<arg>${json_data['results'][0]['location']['postcode']}</arg>
<arg>${json_data['results'][0]['location']['postcode']}</arg>
<doc>Fails if objects are unequal after converting them to real numbers.</doc>
<status status="PASS" start="2024-07-21T04:17:43.837253" elapsed="0.000619"/>
</kw>
<kw name="Log" owner="BuiltIn">
<msg time="2024-07-21T04:17:43.838430" level="INFO">33126</msg>
<arg>${json_data['results'][0]['location']['postcode']}</arg>
<doc>Logs the given message with the given level.</doc>
<status status="PASS" start="2024-07-21T04:17:43.838093" elapsed="0.000377"/>
</kw>
<status status="PASS" start="2024-07-21T04:17:43.530149" elapsed="0.308577"/>
</kw>
<doc>Testa se os tipos de dados na resposta da API estão corretos.</doc>
<tag>testeTiposDados</tag>
<status status="PASS" start="2024-07-21T04:17:43.393847" elapsed="0.445044"/>
</test>
<test id="s1-s1-t5" name="Validar conteudo" line="35">
<kw name="Teste de Tipos de Conteudo" owner="random-user-service">
<kw name="GET On Session" owner="RequestsLibrary">
<msg time="2024-07-21T04:17:43.935281" level="INFO">GET Request : url=https://randomuser.me/api 
 path_url=/api 
 headers={'User-Agent': 'python-requests/2.32.3', 'Accept-Encoding': 'gzip, deflate', 'Accept': '*/*', 'Connection': 'keep-alive'} 
 body=None 
 </msg>
<msg time="2024-07-21T04:17:43.935345" level="INFO">GET Response : url=https://randomuser.me/api 
 status=200, reason=OK 
 headers={'Date': 'Sun, 21 Jul 2024 04:17:43 GMT', 'Content-Type': 'application/json; charset=utf-8', 'Transfer-Encoding': 'chunked', 'Connection': 'keep-alive', 'X-Powered-By': 'Express', 'Access-Control-Allow-Origin': '*', 'Cache-Control': 'no-cache', 'ETag': 'W/"483-Ys81649Xn5zhrsR7TZ5sfQKj920"', 'Vary': 'Accept-Encoding', 'Content-Encoding': 'gzip', 'CF-Cache-Status': 'DYNAMIC', 'Report-To': '{"endpoints":[{"url":"https:\\/\\/a.nel.cloudflare.com\\/report\\/v4?s=w%2BTgfp5Lrp8DRAhKNwNCGM00rUu0a7KaA%2FgLALCYQaQ1t2%2BdGvrHHRLujp5vcEES5v0YtzDA7%2FkiNk2rSTsgz%2BXDipfCeqBlT3rLeBf0T8QTFPNBBMYtA0CELQy8jh0i"}],"group":"cf-nel","max_age":604800}', 'NEL': '{"success_fraction":0,"report_to":"cf-nel","max_age":604800}', 'Server': 'cloudflare', 'CF-RAY': '8a6862090ee85239-LAX', 'alt-svc': 'h3=":443"; ma=86400'} 
 body={"results":[{"gender":"male","name":{"title":"Mr","first":"Martin","last":"Nguyen"},"location":{"street":{"number":2059,"name":"Rue Louis-Garrand"},"city":"Dunkerque","state":"Haute-Loire","country":"France","postcode":22604,"coordinates":{"latitude":"-14.5960","longitude":"-92.2411"},"timezone":{"offset":"+3:30","description":"Tehran"}},"email":"martin.nguyen@example.com","login":{"uuid":"9b93e562-ed4c-456b-9478-ce1cfbed5961","username":"heavyleopard804","password":"dawgs","salt":"4YsVwySw","md5":"2c728c8113b35a9c5de2292a08ae7b83","sha1":"e6e68354a47707554694899fc11a2b28dbaa02d3","sha256":"546392a3edcd34640670d063127f87fc5469ae4eccf03327b6323f314ee815d7"},"dob":{"date":"1997-07-18T18:55:23.619Z","age":27},"registered":{"date":"2004-07-24T06:46:50.143Z","age":19},"phone":"05-69-83-63-01","cell":"06-44-21-99-67","id":{"name":"INSEE","value":"1970693352168 96"},"picture":{"large":"https://randomuser.me/api/portraits/men/78.jpg","medium":"https://randomuser.me/api/portraits/med/men/78.jpg","thumbnail":"https://randomuser.me/api/portraits/thumb/men/78.jpg"},"nat":"FR"}],"info":{"seed":"1d8b3b09c1812112","results":1,"page":1,"version":"1.4"}} 
 </msg>
<msg time="2024-07-21T04:17:43.935399" level="INFO">/opt/hostedtoolcache/Python/3.12.4/x64/lib/python3.12/site-packages/urllib3/connectionpool.py:1099: InsecureRequestWarning: Unverified HTTPS request is being made to host 'randomuser.me'. Adding certificate verification is strongly advised. See: https://urllib3.readthedocs.io/en/latest/advanced-usage.html#tls-warnings
  warnings.warn(</msg>
<msg time="2024-07-21T04:17:43.935486" level="INFO">${response} = &lt;Response [200]&gt;</msg>
<var>${response}</var>
<arg>consultarAPI</arg>
<arg>/api</arg>
<doc>Sends a GET request on a previously created HTTP Session.</doc>
<status status="PASS" start="2024-07-21T04:17:43.841750" elapsed="0.093774"/>
</kw>
<kw name="Set Variable" owner="BuiltIn">
<msg time="2024-07-21T04:17:43.936318" level="INFO">${json_data} = {'results': [{'gender': 'male', 'name': {'title': 'Mr', 'first': 'Martin', 'last': 'Nguyen'}, 'location': {'street': {'number': 2059, 'name': 'Rue Louis-Garrand'}, 'city': 'Dunkerque', 'state': 'Haute...</msg>
<var>${json_data}</var>
<arg>${response.json()}</arg>
<doc>Returns the given values which can then be assigned to a variables.</doc>
<status status="PASS" start="2024-07-21T04:17:43.935879" elapsed="0.000467"/>
</kw>
<kw name="Set Variable" owner="BuiltIn">
<msg time="2024-07-21T04:17:43.937027" level="INFO">${name_title} = Mr</msg>
<var>${name_title}</var>
<arg>${json_data["results"][0]["name"]["title"]}</arg>
<doc>Returns the given values which can then be assigned to a variables.</doc>
<status status="PASS" start="2024-07-21T04:17:43.936647" elapsed="0.000405"/>
</kw>
<kw name="Create List" owner="BuiltIn">
<msg time="2024-07-21T04:17:43.937488" level="INFO">${allowed_titles} = ['Mr', 'Ms', 'Miss', 'Mrs', 'Madame', 'Monsieur']</msg>
<var>${allowed_titles}</var>
<arg>Mr</arg>
<arg>Ms</arg>
<arg>Miss</arg>
<arg>Mrs</arg>
<arg>Madame</arg>
<arg>Monsieur</arg>
<doc>Returns a list containing given items.</doc>
<status status="PASS" start="2024-07-21T04:17:43.937342" elapsed="0.000171"/>
</kw>
<kw name="List Should Contain Value" owner="Collections">
<arg>${allowed_titles}</arg>
<arg>${name_title}</arg>
<doc>Fails if the ``value`` is not found from ``list``.</doc>
<status status="PASS" start="2024-07-21T04:17:43.937811" elapsed="0.000177"/>
</kw>
<kw name="Set Variable" owner="BuiltIn">
<msg time="2024-07-21T04:17:43.938834" level="INFO">${name_country} = FR</msg>
<var>${name_country}</var>
<arg>${json_data["results"][0]["nat"]}</arg>
<doc>Returns the given values which can then be assigned to a variables.</doc>
<status status="PASS" start="2024-07-21T04:17:43.938209" elapsed="0.000669"/>
</kw>
<kw name="Create List" owner="BuiltIn">
<msg time="2024-07-21T04:17:43.940095" level="INFO">${list_country} = ['AD', 'AE', 'AF', 'AG', 'AI', 'AL', 'AM', 'AO', 'AQ', 'AR', 'AS', 'AT', 'AU', 'AW', 'AX', 'AZ', 'BA', 'BB', 'BD', 'BE', 'BF', 'BG', 'BH', 'BI', 'BJ', 'BL', 'BM', 'BN', 'BO', 'BQ', 'BR', 'BS', 'BT', '...</msg>
<var>${list_country}</var>
<arg>AD</arg>
<arg>AE</arg>
<arg>AF</arg>
<arg>AG</arg>
<arg>AI</arg>
<arg>AL</arg>
<arg>AM</arg>
<arg>AO</arg>
<arg>AQ</arg>
<arg>AR</arg>
<arg>AS</arg>
<arg>AT</arg>
<arg>AU</arg>
<arg>AW</arg>
<arg>AX</arg>
<arg>AZ</arg>
<arg>BA</arg>
<arg>BB</arg>
<arg>BD</arg>
<arg>BE</arg>
<arg>BF</arg>
<arg>BG</arg>
<arg>BH</arg>
<arg>BI</arg>
<arg>BJ</arg>
<arg>BL</arg>
<arg>BM</arg>
<arg>BN</arg>
<arg>BO</arg>
<arg>BQ</arg>
<arg>BR</arg>
<arg>BS</arg>
<arg>BT</arg>
<arg>BV</arg>
<arg>BW</arg>
<arg>BY</arg>
<arg>BZ</arg>
<arg>CA</arg>
<arg>CC</arg>
<arg>CD</arg>
<arg>CF</arg>
<arg>CG</arg>
<arg>CH</arg>
<arg>CI</arg>
<arg>CK</arg>
<arg>CL</arg>
<arg>CM</arg>
<arg>CN</arg>
<arg>CO</arg>
<arg>CR</arg>
<arg>CU</arg>
<arg>CV</arg>
<arg>CW</arg>
<arg>CX</arg>
<arg>CY</arg>
<arg>CZ</arg>
<arg>DE</arg>
<arg>DJ</arg>
<arg>DK</arg>
<arg>DM</arg>
<arg>DO</arg>
<arg>DZ</arg>
<arg>EC</arg>
<arg>EE</arg>
<arg>EG</arg>
<arg>EH</arg>
<arg>ER</arg>
<arg>ES</arg>
<arg>ET</arg>
<arg>FI</arg>
<arg>FJ</arg>
<arg>FK</arg>
<arg>FM</arg>
<arg>FO</arg>
<arg>FR</arg>
<arg>GA</arg>
<arg>GB</arg>
<arg>GD</arg>
<arg>GE</arg>
<arg>GF</arg>
<arg>GG</arg>
<arg>GH</arg>
<arg>GI</arg>
<arg>GL</arg>
<arg>GM</arg>
<arg>GN</arg>
<arg>GP</arg>
<arg>GQ</arg>
<arg>GR</arg>
<arg>GS</arg>
<arg>GT</arg>
<arg>GU</arg>
<arg>GW</arg>
<arg>GY</arg>
<arg>HK</arg>
<arg>HM</arg>
<arg>HN</arg>
<arg>HR</arg>
<arg>HT</arg>
<arg>HU</arg>
<arg>ID</arg>
<arg>IE</arg>
<arg>IL</arg>
<arg>IM</arg>
<arg>IN</arg>
<arg>IO</arg>
<arg>IQ</arg>
<arg>IR</arg>
<arg>IS</arg>
<arg>IT</arg>
<arg>JE</arg>
<arg>JM</arg>
<arg>JO</arg>
<arg>JP</arg>
<arg>KE</arg>
<arg>KG</arg>
<arg>KH</arg>
<arg>KI</arg>
<arg>KM</arg>
<arg>KN</arg>
<arg>KP</arg>
<arg>KR</arg>
<arg>KW</arg>
<arg>KY</arg>
<arg>KZ</arg>
<arg>LA</arg>
<arg>LB</arg>
<arg>LC</arg>
<arg>LI</arg>
<arg>LK</arg>
<arg>LR</arg>
<arg>LS</arg>
<arg>LT</arg>
<arg>LU</arg>
<arg>LV</arg>
<arg>LY</arg>
<arg>MA</arg>
<arg>MC</arg>
<arg>MD</arg>
<arg>ME</arg>
<arg>MF</arg>
<arg>MG</arg>
<arg>MH</arg>
<arg>MK</arg>
<arg>ML</arg>
<arg>MM</arg>
<arg>MN</arg>
<arg>MO</arg>
<arg>MP</arg>
<arg>MQ</arg>
<arg>MR</arg>
<arg>MS</arg>
<arg>MT</arg>
<arg>MU</arg>
<arg>MV</arg>
<arg>MW</arg>
<arg>MX</arg>
<arg>MY</arg>
<arg>MZ</arg>
<arg>NA</arg>
<arg>NC</arg>
<arg>NE</arg>
<arg>NF</arg>
<arg>NG</arg>
<arg>NI</arg>
<arg>NL</arg>
<arg>NO</arg>
<arg>NP</arg>
<arg>NR</arg>
<arg>NU</arg>
<arg>NZ</arg>
<arg>OM</arg>
<arg>PA</arg>
<arg>PE</arg>
<arg>PF</arg>
<arg>PG</arg>
<arg>PH</arg>
<arg>PK</arg>
<arg>PL</arg>
<arg>PM</arg>
<arg>PN</arg>
<arg>PR</arg>
<arg>PS</arg>
<arg>PT</arg>
<arg>PW</arg>
<arg>PY</arg>
<arg>QA</arg>
<arg>RE</arg>
<arg>RO</arg>
<arg>RS</arg>
<arg>RU</arg>
<arg>RW</arg>
<arg>SA</arg>
<arg>SB</arg>
<arg>SC</arg>
<arg>SD</arg>
<arg>SE</arg>
<arg>SG</arg>
<arg>SH</arg>
<arg>SI</arg>
<arg>SJ</arg>
<arg>SK</arg>
<arg>SL</arg>
<arg>SM</arg>
<arg>SN</arg>
<arg>SO</arg>
<arg>SR</arg>
<arg>SS</arg>
<arg>ST</arg>
<arg>SV</arg>
<arg>SX</arg>
<arg>SY</arg>
<arg>SZ</arg>
<arg>TC</arg>
<arg>TD</arg>
<arg>TF</arg>
<arg>TG</arg>
<arg>TH</arg>
<arg>TJ</arg>
<arg>TK</arg>
<arg>TL</arg>
<arg>TM</arg>
<arg>TN</arg>
<arg>TO</arg>
<arg>TR</arg>
<arg>TT</arg>
<arg>TV</arg>
<arg>TW</arg>
<arg>TZ</arg>
<arg>UA</arg>
<arg>UG</arg>
<arg>UM</arg>
<arg>US</arg>
<arg>UY</arg>
<arg>UZ</arg>
<arg>VA</arg>
<arg>VC</arg>
<arg>VE</arg>
<arg>VG</arg>
<arg>VI</arg>
<arg>VN</arg>
<arg>VU</arg>
<arg>WF</arg>
<arg>WS</arg>
<arg>XK</arg>
<arg>YE</arg>
<arg>YT</arg>
<arg>ZA</arg>
<arg>ZM</arg>
<arg>ZW</arg>
<doc>Returns a list containing given items.</doc>
<status status="PASS" start="2024-07-21T04:17:43.939361" elapsed="0.000781"/>
</kw>
<kw name="List Should Contain Value" owner="Collections">
<arg>${list_country}</arg>
<arg>${name_country}</arg>
<doc>Fails if the ``value`` is not found from ``list``.</doc>
<status status="PASS" start="2024-07-21T04:17:43.941385" elapsed="0.000361"/>
</kw>
<kw name="Run Keyword If" owner="BuiltIn">
<kw name="Should Be True" owner="BuiltIn">
<arg>${True}</arg>
<doc>Fails if the given condition is not true.</doc>
<status status="PASS" start="2024-07-21T04:17:43.942738" elapsed="0.000144"/>
</kw>
<arg>${json_data["results"][0]["location"]["coordinates"]["latitude"]} &gt;= -90 and ${json_data["results"][0]["location"]["coordinates"]["latitude"]} &lt;= 90</arg>
<arg>Should Be True</arg>
<arg>${True}</arg>
<doc>Runs the given keyword with the given arguments, if ``condition`` is true.</doc>
<status status="PASS" start="2024-07-21T04:17:43.941969" elapsed="0.001074"/>
</kw>
<kw name="Run Keyword If" owner="BuiltIn">
<kw name="Should Be True" owner="BuiltIn">
<arg>${True}</arg>
<doc>Fails if the given condition is not true.</doc>
<status status="PASS" start="2024-07-21T04:17:43.943926" elapsed="0.000136"/>
</kw>
<arg>${json_data["results"][0]["location"]["coordinates"]["longitude"]} &gt;= -180 and ${json_data["results"][0]["location"]["coordinates"]["longitude"]} &lt;= 180</arg>
<arg>Should Be True</arg>
<arg>${True}</arg>
<doc>Runs the given keyword with the given arguments, if ``condition`` is true.</doc>
<status status="PASS" start="2024-07-21T04:17:43.943230" elapsed="0.000955"/>
</kw>
<status status="PASS" start="2024-07-21T04:17:43.841386" elapsed="0.102928"/>
</kw>
<doc>Testa o conteúdo específico dos campos retornados pela API.</doc>
<tag>testeConteudo</tag>
<status status="PASS" start="2024-07-21T04:17:43.840693" elapsed="0.103763"/>
</test>
<status status="PASS" start="2024-07-21T04:17:42.768763" elapsed="1.177625"/>
</suite>
<status status="PASS" start="2024-07-21T04:17:42.754209" elapsed="1.197235"/>
</suite>
<statistics>
<total>
<stat pass="5" fail="0" skip="0">All Tests</stat>
</total>
<tag>
<stat pass="1" fail="0" skip="0">testeConteudo</stat>
<stat pass="1" fail="0" skip="0">testeEstruturaResposta</stat>
<stat pass="1" fail="0" skip="0">testeRequisicaoBasica</stat>
<stat pass="1" fail="0" skip="0">testeTiposDados</stat>
</tag>
<suite>
<stat pass="5" fail="0" skip="0" id="s1" name="Tests">Tests</stat>
<stat pass="5" fail="0" skip="0" id="s1-s1" name="Random-User-Test">Tests.Random-User-Test</stat>
</suite>
</statistics>
<errors>
</errors>
</robot>
