<?xml version="1.0" encoding="UTF-8"?>
<robot generator="Robot 7.0 (Python 3.12.3 on linux)" generated="2024-06-02T07:13:53.375911" rpa="false" schemaversion="5">
<suite id="s1" name="Tests" source="/home/runner/work/ApiRandomUser/ApiRandomUser/RamdonUser/tests">
<suite id="s1-s1" name="Random-User-Test" source="/home/runner/work/ApiRandomUser/ApiRandomUser/RamdonUser/tests/random-user-test.robot">
<test id="s1-s1-t1" name="Conectar" line="13">
<kw name="Conectar API" owner="random-user-service">
<kw name="Create Session" owner="RequestsLibrary">
<msg time="2024-06-02T07:13:53.760627" level="INFO">Creating Session using : alias=consultarAPI, url=https://randomuser.me/, headers={},                     cookies={}, auth=None, timeout=None, proxies=None, verify=False,                     debug=0 </msg>
<arg>consultarAPI</arg>
<arg>${URL}</arg>
<doc>Create Session: create a HTTP session to a server</doc>
<status status="PASS" start="2024-06-02T07:13:53.760418" elapsed="0.000399"/>
</kw>
<status status="PASS" start="2024-06-02T07:13:53.759416" elapsed="0.001773"/>
</kw>
<status status="PASS" start="2024-06-02T07:13:53.758819" elapsed="0.002568"/>
</test>
<test id="s1-s1-t2" name="Validar retorno 200 e JSON Válido" line="16">
<kw name="Teste de Requisicao Basica" owner="random-user-service">
<kw name="GET On Session" owner="RequestsLibrary">
<msg time="2024-06-02T07:13:54.007458" level="INFO">GET Request : url=https://randomuser.me/api 
 path_url=/api 
 headers={'User-Agent': 'python-requests/2.32.3', 'Accept-Encoding': 'gzip, deflate', 'Accept': '*/*', 'Connection': 'keep-alive'} 
 body=None 
 </msg>
<msg time="2024-06-02T07:13:54.007614" level="INFO">GET Response : url=https://randomuser.me/api 
 status=200, reason=OK 
 headers={'Date': 'Sun, 02 Jun 2024 07:13:54 GMT', 'Content-Type': 'application/json; charset=utf-8', 'Transfer-Encoding': 'chunked', 'Connection': 'keep-alive', 'X-Powered-By': 'Express', 'Access-Control-Allow-Origin': '*', 'Cache-Control': 'no-cache', 'ETag': 'W/"473-0QH/dNSjA5Xlg6k++mX1+X+tluw"', 'Vary': 'Accept-Encoding', 'Content-Encoding': 'gzip', 'CF-Cache-Status': 'DYNAMIC', 'Report-To': '{"endpoints":[{"url":"https:\\/\\/a.nel.cloudflare.com\\/report\\/v4?s=sys9Nr3jP1aw3rXt1zWWt%2BRK81PbZaNz8gN4g94DFURxEUrP3yDt8vNG4lkYlNGO5fxJC8lktk32%2FV%2BlINA0XxBZF2CvJYG%2Fw3a35AOt35%2Bxg3Dh51nEZCzeLGA9gihS"}],"group":"cf-nel","max_age":604800}', 'NEL': '{"success_fraction":0,"report_to":"cf-nel","max_age":604800}', 'Server': 'cloudflare', 'CF-RAY': '88d5a4b8395482c2-IAD', 'alt-svc': 'h3=":443"; ma=86400'} 
 body={"results":[{"gender":"female","name":{"title":"Mrs","first":"Mestan","last":"Akbulut"},"location":{"street":{"number":6359,"name":"Vatan Cd"},"city":"Osmaniye","state":"Van","country":"Turkey","postcode":59159,"coordinates":{"latitude":"71.8199","longitude":"5.7811"},"timezone":{"offset":"+7:00","description":"Bangkok, Hanoi, Jakarta"}},"email":"mestan.akbulut@example.com","login":{"uuid":"908caffc-8794-4b5c-b4eb-40e2509be578","username":"sadfish115","password":"throat","salt":"CKtUxX9s","md5":"44ad64bd0214da15aeff79c2cde54a2a","sha1":"2adddfac48411a686c7c56532eddcab81a40f7be","sha256":"3569e5fe4080de8386710890fc475287dbb972b721ba0db6c75fa8765a133a91"},"dob":{"date":"1996-07-03T07:53:04.166Z","age":27},"registered":{"date":"2005-09-21T17:20:41.966Z","age":18},"phone":"(067)-934-5084","cell":"(196)-048-1765","id":{"name":"","value":null},"picture":{"large":"https://randomuser.me/api/portraits/women/32.jpg","medium":"https://randomuser.me/api/portraits/med/women/32.jpg","thumbnail":"https://randomuser.me/api/portraits/thumb/women/32.jpg"},"nat":"TR"}],"info":{"seed":"639deca20e8c83e6","results":1,"page":1,"version":"1.4"}} 
 </msg>
<msg time="2024-06-02T07:13:54.007694" level="INFO">/opt/hostedtoolcache/Python/3.12.3/x64/lib/python3.12/site-packages/urllib3/connectionpool.py:1103: InsecureRequestWarning: Unverified HTTPS request is being made to host 'randomuser.me'. Adding certificate verification is strongly advised. See: https://urllib3.readthedocs.io/en/latest/advanced-usage.html#tls-warnings
  warnings.warn(</msg>
<msg time="2024-06-02T07:13:54.007850" level="INFO">${response} = &lt;Response [200]&gt;</msg>
<var>${response}</var>
<arg>consultarAPI</arg>
<arg>/api</arg>
<doc>Sends a GET request on a previously created HTTP Session.</doc>
<status status="PASS" start="2024-06-02T07:13:53.763976" elapsed="0.243919"/>
</kw>
<kw name="Should Be Equal As Numbers" owner="BuiltIn">
<msg time="2024-06-02T07:13:54.008857" level="INFO">Argument types are:
&lt;class 'int'&gt;
&lt;class 'str'&gt;</msg>
<arg>${response.status_code}</arg>
<arg>200</arg>
<doc>Fails if objects are unequal after converting them to real numbers.</doc>
<status status="PASS" start="2024-06-02T07:13:54.008409" elapsed="0.000512"/>
</kw>
<kw name="Log" owner="BuiltIn">
<msg time="2024-06-02T07:13:54.009779" level="INFO">200</msg>
<arg>${response.status_code}</arg>
<doc>Logs the given message with the given level.</doc>
<status status="PASS" start="2024-06-02T07:13:54.009311" elapsed="0.000518"/>
</kw>
<kw name="Set Variable" owner="BuiltIn">
<msg time="2024-06-02T07:13:54.010575" level="INFO">${json_data} = {'results': [{'gender': 'female', 'name': {'title': 'Mrs', 'first': 'Mestan', 'last': 'Akbulut'}, 'location': {'street': {'number': 6359, 'name': 'Vatan Cd'}, 'city': 'Osmaniye', 'state': 'Van', 'coun...</msg>
<var>${json_data}</var>
<arg>${response.json()}</arg>
<doc>Returns the given values which can then be assigned to a variables.</doc>
<status status="PASS" start="2024-06-02T07:13:54.010143" elapsed="0.000460"/>
</kw>
<kw name="Dictionary Should Contain Key" owner="Collections">
<msg time="2024-06-02T07:13:54.011078" level="INFO">False</msg>
<arg>${json_data}</arg>
<arg>results</arg>
<doc>Fails if ``key`` is not found from ``dictionary``.</doc>
<status status="PASS" start="2024-06-02T07:13:54.010906" elapsed="0.000212"/>
</kw>
<status status="PASS" start="2024-06-02T07:13:53.763738" elapsed="0.247661"/>
</kw>
<doc>Testa se a API responde corretamente e retorna um objeto JSON válido.</doc>
<tag>testeRequisicaoBasica</tag>
<status status="PASS" start="2024-06-02T07:13:53.763282" elapsed="0.248322"/>
</test>
<test id="s1-s1-t3" name="Validar estrutura de resposta" line="22">
<kw name="Teste de Estrutura de Resposta" owner="random-user-service">
<kw name="GET On Session" owner="RequestsLibrary">
<msg time="2024-06-02T07:13:54.089861" level="INFO">GET Request : url=https://randomuser.me/api 
 path_url=/api 
 headers={'User-Agent': 'python-requests/2.32.3', 'Accept-Encoding': 'gzip, deflate', 'Accept': '*/*', 'Connection': 'keep-alive'} 
 body=None 
 </msg>
<msg time="2024-06-02T07:13:54.089954" level="INFO">GET Response : url=https://randomuser.me/api 
 status=200, reason=OK 
 headers={'Date': 'Sun, 02 Jun 2024 07:13:54 GMT', 'Content-Type': 'application/json; charset=utf-8', 'Transfer-Encoding': 'chunked', 'Connection': 'keep-alive', 'X-Powered-By': 'Express', 'Access-Control-Allow-Origin': '*', 'Cache-Control': 'no-cache', 'ETag': 'W/"4a8-cqPK9Zw9AzHkP5EGyqWiT0lO4pU"', 'Vary': 'Accept-Encoding', 'Content-Encoding': 'gzip', 'CF-Cache-Status': 'DYNAMIC', 'Report-To': '{"endpoints":[{"url":"https:\\/\\/a.nel.cloudflare.com\\/report\\/v4?s=RUzwLYoFVqK5ybvFW3v9HwBcbAg174Ia9Xx30DaTm6PJXnY%2B3bwQ1D18bFSCt%2BJSO2cyi%2FfJUpFBlubDY1A9jEXUDsBSsdqIJMcwB%2F%2FRgiQX5VpGid6u8FBqGU6Suw%2FV"}],"group":"cf-nel","max_age":604800}', 'NEL': '{"success_fraction":0,"report_to":"cf-nel","max_age":604800}', 'Server': 'cloudflare', 'CF-RAY': '88d5a4b8999782c2-IAD', 'alt-svc': 'h3=":443"; ma=86400'} 
 body={"results":[{"gender":"female","name":{"title":"Mrs","first":"Flora","last":"Caron"},"location":{"street":{"number":2169,"name":"Cours Charlemagne"},"city":"Tours","state":"Pyrénées-Orientales","country":"France","postcode":49769,"coordinates":{"latitude":"-18.3421","longitude":"122.1442"},"timezone":{"offset":"+8:00","description":"Beijing, Perth, Singapore, Hong Kong"}},"email":"flora.caron@example.com","login":{"uuid":"629d32fc-70dd-41ee-9de5-7b560f6f6481","username":"greenkoala725","password":"taurus","salt":"c1Zf35JZ","md5":"37a28fa72ffd905f1f63fc778b9e481d","sha1":"5e468b269fdfa0eddd6d773707d4633f4bc1cf70","sha256":"e7256010f9964c24ee0db1291171d17db7c09d1ff07f32153535baadb605bab3"},"dob":{"date":"1964-09-14T08:55:57.879Z","age":59},"registered":{"date":"2010-08-03T15:50:54.684Z","age":13},"phone":"05-49-42-51-00","cell":"06-87-62-98-71","id":{"name":"INSEE","value":"2640807499930 09"},"picture":{"large":"https://randomuser.me/api/portraits/women/4.jpg","medium":"https://randomuser.me/api/portraits/med/women/4.jpg","thumbnail":"https://randomuser.me/api/portraits/thumb/women/4.jpg"},"nat":"FR"}],"info":{"seed":"d1361f0b689a4dfc","results":1,"page":1,"version":"1.4"}} 
 </msg>
<msg time="2024-06-02T07:13:54.090078" level="INFO">/opt/hostedtoolcache/Python/3.12.3/x64/lib/python3.12/site-packages/urllib3/connectionpool.py:1103: InsecureRequestWarning: Unverified HTTPS request is being made to host 'randomuser.me'. Adding certificate verification is strongly advised. See: https://urllib3.readthedocs.io/en/latest/advanced-usage.html#tls-warnings
  warnings.warn(</msg>
<msg time="2024-06-02T07:13:54.090219" level="INFO">${response} = &lt;Response [200]&gt;</msg>
<var>${response}</var>
<arg>consultarAPI</arg>
<arg>/api</arg>
<doc>Sends a GET request on a previously created HTTP Session.</doc>
<status status="PASS" start="2024-06-02T07:13:54.014258" elapsed="0.076006"/>
</kw>
<kw name="Set Variable" owner="BuiltIn">
<msg time="2024-06-02T07:13:54.091292" level="INFO">${json_data} = {'results': [{'gender': 'female', 'name': {'title': 'Mrs', 'first': 'Flora', 'last': 'Caron'}, 'location': {'street': {'number': 2169, 'name': 'Cours Charlemagne'}, 'city': 'Tours', 'state': 'Pyrénées...</msg>
<var>${json_data}</var>
<arg>${response.json()}</arg>
<doc>Returns the given values which can then be assigned to a variables.</doc>
<status status="PASS" start="2024-06-02T07:13:54.090736" elapsed="0.000589"/>
</kw>
<kw name="Log" owner="BuiltIn">
<msg time="2024-06-02T07:13:54.091811" level="INFO">{'results': [{'gender': 'female', 'name': {'title': 'Mrs', 'first': 'Flora', 'last': 'Caron'}, 'location': {'street': {'number': 2169, 'name': 'Cours Charlemagne'}, 'city': 'Tours', 'state': 'Pyrénées-Orientales', 'country': 'France', 'postcode': 49769, 'coordinates': {'latitude': '-18.3421', 'longitude': '122.1442'}, 'timezone': {'offset': '+8:00', 'description': 'Beijing, Perth, Singapore, Hong Kong'}}, 'email': 'flora.caron@example.com', 'login': {'uuid': '629d32fc-70dd-41ee-9de5-7b560f6f6481', 'username': 'greenkoala725', 'password': 'taurus', 'salt': 'c1Zf35JZ', 'md5': '37a28fa72ffd905f1f63fc778b9e481d', 'sha1': '5e468b269fdfa0eddd6d773707d4633f4bc1cf70', 'sha256': 'e7256010f9964c24ee0db1291171d17db7c09d1ff07f32153535baadb605bab3'}, 'dob': {'date': '1964-09-14T08:55:57.879Z', 'age': 59}, 'registered': {'date': '2010-08-03T15:50:54.684Z', 'age': 13}, 'phone': '05-49-42-51-00', 'cell': '06-87-62-98-71', 'id': {'name': 'INSEE', 'value': '2640807499930 09'}, 'picture': {'large': 'https://randomuser.me/api/portraits/women/4.jpg', 'medium': 'https://randomuser.me/api/portraits/med/women/4.jpg', 'thumbnail': 'https://randomuser.me/api/portraits/thumb/women/4.jpg'}, 'nat': 'FR'}], 'info': {'seed': 'd1361f0b689a4dfc', 'results': 1, 'page': 1, 'version': '1.4'}}</msg>
<arg>${json_data}</arg>
<doc>Logs the given message with the given level.</doc>
<status status="PASS" start="2024-06-02T07:13:54.091646" elapsed="0.000221"/>
</kw>
<kw name="Dictionary Should Contain Key" owner="Collections">
<msg time="2024-06-02T07:13:54.092347" level="INFO">False</msg>
<arg>${json_data}</arg>
<arg>results</arg>
<doc>Fails if ``key`` is not found from ``dictionary``.</doc>
<status status="PASS" start="2024-06-02T07:13:54.092179" elapsed="0.000207"/>
</kw>
<kw name="Should Not Be Empty" owner="BuiltIn">
<msg time="2024-06-02T07:13:54.092839" level="INFO">Length is 2.</msg>
<arg>${json_data}</arg>
<doc>Verifies that the given item is not empty.</doc>
<status status="PASS" start="2024-06-02T07:13:54.092692" elapsed="0.000187"/>
</kw>
<kw name="Create List" owner="BuiltIn">
<msg time="2024-06-02T07:13:54.093485" level="INFO">${expected_keys} = ['gender', 'name', 'location', 'email', 'login']</msg>
<var>${expected_keys}</var>
<arg>gender</arg>
<arg>name</arg>
<arg>location</arg>
<arg>email</arg>
<arg>login</arg>
<doc>Returns a list containing given items.</doc>
<status status="PASS" start="2024-06-02T07:13:54.093177" elapsed="0.000334"/>
</kw>
<for flavor="IN">
<iter>
<kw name="Dictionary Should Contain Key" owner="Collections">
<msg time="2024-06-02T07:13:54.094533" level="INFO">False</msg>
<arg>${json_data['results'][0]}</arg>
<arg>${key}</arg>
<doc>Fails if ``key`` is not found from ``dictionary``.</doc>
<status status="PASS" start="2024-06-02T07:13:54.094124" elapsed="0.000449"/>
</kw>
<kw name="Log" owner="BuiltIn">
<msg time="2024-06-02T07:13:54.095294" level="INFO">{'gender': 'female', 'name': {'title': 'Mrs', 'first': 'Flora', 'last': 'Caron'}, 'location': {'street': {'number': 2169, 'name': 'Cours Charlemagne'}, 'city': 'Tours', 'state': 'Pyrénées-Orientales', 'country': 'France', 'postcode': 49769, 'coordinates': {'latitude': '-18.3421', 'longitude': '122.1442'}, 'timezone': {'offset': '+8:00', 'description': 'Beijing, Perth, Singapore, Hong Kong'}}, 'email': 'flora.caron@example.com', 'login': {'uuid': '629d32fc-70dd-41ee-9de5-7b560f6f6481', 'username': 'greenkoala725', 'password': 'taurus', 'salt': 'c1Zf35JZ', 'md5': '37a28fa72ffd905f1f63fc778b9e481d', 'sha1': '5e468b269fdfa0eddd6d773707d4633f4bc1cf70', 'sha256': 'e7256010f9964c24ee0db1291171d17db7c09d1ff07f32153535baadb605bab3'}, 'dob': {'date': '1964-09-14T08:55:57.879Z', 'age': 59}, 'registered': {'date': '2010-08-03T15:50:54.684Z', 'age': 13}, 'phone': '05-49-42-51-00', 'cell': '06-87-62-98-71', 'id': {'name': 'INSEE', 'value': '2640807499930 09'}, 'picture': {'large': 'https://randomuser.me/api/portraits/women/4.jpg', 'medium': 'https://randomuser.me/api/portraits/med/women/4.jpg', 'thumbnail': 'https://randomuser.me/api/portraits/thumb/women/4.jpg'}, 'nat': 'FR'}</msg>
<arg>${json_data['results'][0]}</arg>
<doc>Logs the given message with the given level.</doc>
<status status="PASS" start="2024-06-02T07:13:54.094881" elapsed="0.000477"/>
</kw>
<kw name="Log" owner="BuiltIn">
<msg time="2024-06-02T07:13:54.095800" level="INFO">gender</msg>
<arg>${key}</arg>
<doc>Logs the given message with the given level.</doc>
<status status="PASS" start="2024-06-02T07:13:54.095662" elapsed="0.000178"/>
</kw>
<var name="${key}">gender</var>
<status status="PASS" start="2024-06-02T07:13:54.093988" elapsed="0.002072"/>
</iter>
<iter>
<kw name="Dictionary Should Contain Key" owner="Collections">
<msg time="2024-06-02T07:13:54.096763" level="INFO">False</msg>
<arg>${json_data['results'][0]}</arg>
<arg>${key}</arg>
<doc>Fails if ``key`` is not found from ``dictionary``.</doc>
<status status="PASS" start="2024-06-02T07:13:54.096372" elapsed="0.000461"/>
</kw>
<kw name="Log" owner="BuiltIn">
<msg time="2024-06-02T07:13:54.097496" level="INFO">{'gender': 'female', 'name': {'title': 'Mrs', 'first': 'Flora', 'last': 'Caron'}, 'location': {'street': {'number': 2169, 'name': 'Cours Charlemagne'}, 'city': 'Tours', 'state': 'Pyrénées-Orientales', 'country': 'France', 'postcode': 49769, 'coordinates': {'latitude': '-18.3421', 'longitude': '122.1442'}, 'timezone': {'offset': '+8:00', 'description': 'Beijing, Perth, Singapore, Hong Kong'}}, 'email': 'flora.caron@example.com', 'login': {'uuid': '629d32fc-70dd-41ee-9de5-7b560f6f6481', 'username': 'greenkoala725', 'password': 'taurus', 'salt': 'c1Zf35JZ', 'md5': '37a28fa72ffd905f1f63fc778b9e481d', 'sha1': '5e468b269fdfa0eddd6d773707d4633f4bc1cf70', 'sha256': 'e7256010f9964c24ee0db1291171d17db7c09d1ff07f32153535baadb605bab3'}, 'dob': {'date': '1964-09-14T08:55:57.879Z', 'age': 59}, 'registered': {'date': '2010-08-03T15:50:54.684Z', 'age': 13}, 'phone': '05-49-42-51-00', 'cell': '06-87-62-98-71', 'id': {'name': 'INSEE', 'value': '2640807499930 09'}, 'picture': {'large': 'https://randomuser.me/api/portraits/women/4.jpg', 'medium': 'https://randomuser.me/api/portraits/med/women/4.jpg', 'thumbnail': 'https://randomuser.me/api/portraits/thumb/women/4.jpg'}, 'nat': 'FR'}</msg>
<arg>${json_data['results'][0]}</arg>
<doc>Logs the given message with the given level.</doc>
<status status="PASS" start="2024-06-02T07:13:54.097136" elapsed="0.000420"/>
</kw>
<kw name="Log" owner="BuiltIn">
<msg time="2024-06-02T07:13:54.097989" level="INFO">name</msg>
<arg>${key}</arg>
<doc>Logs the given message with the given level.</doc>
<status status="PASS" start="2024-06-02T07:13:54.097858" elapsed="0.000170"/>
</kw>
<var name="${key}">name</var>
<status status="PASS" start="2024-06-02T07:13:54.096253" elapsed="0.001993"/>
</iter>
<iter>
<kw name="Dictionary Should Contain Key" owner="Collections">
<msg time="2024-06-02T07:13:54.098919" level="INFO">False</msg>
<arg>${json_data['results'][0]}</arg>
<arg>${key}</arg>
<doc>Fails if ``key`` is not found from ``dictionary``.</doc>
<status status="PASS" start="2024-06-02T07:13:54.098539" elapsed="0.000418"/>
</kw>
<kw name="Log" owner="BuiltIn">
<msg time="2024-06-02T07:13:54.099659" level="INFO">{'gender': 'female', 'name': {'title': 'Mrs', 'first': 'Flora', 'last': 'Caron'}, 'location': {'street': {'number': 2169, 'name': 'Cours Charlemagne'}, 'city': 'Tours', 'state': 'Pyrénées-Orientales', 'country': 'France', 'postcode': 49769, 'coordinates': {'latitude': '-18.3421', 'longitude': '122.1442'}, 'timezone': {'offset': '+8:00', 'description': 'Beijing, Perth, Singapore, Hong Kong'}}, 'email': 'flora.caron@example.com', 'login': {'uuid': '629d32fc-70dd-41ee-9de5-7b560f6f6481', 'username': 'greenkoala725', 'password': 'taurus', 'salt': 'c1Zf35JZ', 'md5': '37a28fa72ffd905f1f63fc778b9e481d', 'sha1': '5e468b269fdfa0eddd6d773707d4633f4bc1cf70', 'sha256': 'e7256010f9964c24ee0db1291171d17db7c09d1ff07f32153535baadb605bab3'}, 'dob': {'date': '1964-09-14T08:55:57.879Z', 'age': 59}, 'registered': {'date': '2010-08-03T15:50:54.684Z', 'age': 13}, 'phone': '05-49-42-51-00', 'cell': '06-87-62-98-71', 'id': {'name': 'INSEE', 'value': '2640807499930 09'}, 'picture': {'large': 'https://randomuser.me/api/portraits/women/4.jpg', 'medium': 'https://randomuser.me/api/portraits/med/women/4.jpg', 'thumbnail': 'https://randomuser.me/api/portraits/thumb/women/4.jpg'}, 'nat': 'FR'}</msg>
<arg>${json_data['results'][0]}</arg>
<doc>Logs the given message with the given level.</doc>
<status status="PASS" start="2024-06-02T07:13:54.099286" elapsed="0.000434"/>
</kw>
<kw name="Log" owner="BuiltIn">
<msg time="2024-06-02T07:13:54.100172" level="INFO">location</msg>
<arg>${key}</arg>
<doc>Logs the given message with the given level.</doc>
<status status="PASS" start="2024-06-02T07:13:54.100031" elapsed="0.000180"/>
</kw>
<var name="${key}">location</var>
<status status="PASS" start="2024-06-02T07:13:54.098426" elapsed="0.002003"/>
</iter>
<iter>
<kw name="Dictionary Should Contain Key" owner="Collections">
<msg time="2024-06-02T07:13:54.101096" level="INFO">False</msg>
<arg>${json_data['results'][0]}</arg>
<arg>${key}</arg>
<doc>Fails if ``key`` is not found from ``dictionary``.</doc>
<status status="PASS" start="2024-06-02T07:13:54.100717" elapsed="0.000417"/>
</kw>
<kw name="Log" owner="BuiltIn">
<msg time="2024-06-02T07:13:54.101793" level="INFO">{'gender': 'female', 'name': {'title': 'Mrs', 'first': 'Flora', 'last': 'Caron'}, 'location': {'street': {'number': 2169, 'name': 'Cours Charlemagne'}, 'city': 'Tours', 'state': 'Pyrénées-Orientales', 'country': 'France', 'postcode': 49769, 'coordinates': {'latitude': '-18.3421', 'longitude': '122.1442'}, 'timezone': {'offset': '+8:00', 'description': 'Beijing, Perth, Singapore, Hong Kong'}}, 'email': 'flora.caron@example.com', 'login': {'uuid': '629d32fc-70dd-41ee-9de5-7b560f6f6481', 'username': 'greenkoala725', 'password': 'taurus', 'salt': 'c1Zf35JZ', 'md5': '37a28fa72ffd905f1f63fc778b9e481d', 'sha1': '5e468b269fdfa0eddd6d773707d4633f4bc1cf70', 'sha256': 'e7256010f9964c24ee0db1291171d17db7c09d1ff07f32153535baadb605bab3'}, 'dob': {'date': '1964-09-14T08:55:57.879Z', 'age': 59}, 'registered': {'date': '2010-08-03T15:50:54.684Z', 'age': 13}, 'phone': '05-49-42-51-00', 'cell': '06-87-62-98-71', 'id': {'name': 'INSEE', 'value': '2640807499930 09'}, 'picture': {'large': 'https://randomuser.me/api/portraits/women/4.jpg', 'medium': 'https://randomuser.me/api/portraits/med/women/4.jpg', 'thumbnail': 'https://randomuser.me/api/portraits/thumb/women/4.jpg'}, 'nat': 'FR'}</msg>
<arg>${json_data['results'][0]}</arg>
<doc>Logs the given message with the given level.</doc>
<status status="PASS" start="2024-06-02T07:13:54.101429" elapsed="0.000414"/>
</kw>
<kw name="Log" owner="BuiltIn">
<msg time="2024-06-02T07:13:54.102274" level="INFO">email</msg>
<arg>${key}</arg>
<doc>Logs the given message with the given level.</doc>
<status status="PASS" start="2024-06-02T07:13:54.102142" elapsed="0.000170"/>
</kw>
<var name="${key}">email</var>
<status status="PASS" start="2024-06-02T07:13:54.100600" elapsed="0.001929"/>
</iter>
<iter>
<kw name="Dictionary Should Contain Key" owner="Collections">
<msg time="2024-06-02T07:13:54.103220" level="INFO">False</msg>
<arg>${json_data['results'][0]}</arg>
<arg>${key}</arg>
<doc>Fails if ``key`` is not found from ``dictionary``.</doc>
<status status="PASS" start="2024-06-02T07:13:54.102815" elapsed="0.000453"/>
</kw>
<kw name="Log" owner="BuiltIn">
<msg time="2024-06-02T07:13:54.103934" level="INFO">{'gender': 'female', 'name': {'title': 'Mrs', 'first': 'Flora', 'last': 'Caron'}, 'location': {'street': {'number': 2169, 'name': 'Cours Charlemagne'}, 'city': 'Tours', 'state': 'Pyrénées-Orientales', 'country': 'France', 'postcode': 49769, 'coordinates': {'latitude': '-18.3421', 'longitude': '122.1442'}, 'timezone': {'offset': '+8:00', 'description': 'Beijing, Perth, Singapore, Hong Kong'}}, 'email': 'flora.caron@example.com', 'login': {'uuid': '629d32fc-70dd-41ee-9de5-7b560f6f6481', 'username': 'greenkoala725', 'password': 'taurus', 'salt': 'c1Zf35JZ', 'md5': '37a28fa72ffd905f1f63fc778b9e481d', 'sha1': '5e468b269fdfa0eddd6d773707d4633f4bc1cf70', 'sha256': 'e7256010f9964c24ee0db1291171d17db7c09d1ff07f32153535baadb605bab3'}, 'dob': {'date': '1964-09-14T08:55:57.879Z', 'age': 59}, 'registered': {'date': '2010-08-03T15:50:54.684Z', 'age': 13}, 'phone': '05-49-42-51-00', 'cell': '06-87-62-98-71', 'id': {'name': 'INSEE', 'value': '2640807499930 09'}, 'picture': {'large': 'https://randomuser.me/api/portraits/women/4.jpg', 'medium': 'https://randomuser.me/api/portraits/med/women/4.jpg', 'thumbnail': 'https://randomuser.me/api/portraits/thumb/women/4.jpg'}, 'nat': 'FR'}</msg>
<arg>${json_data['results'][0]}</arg>
<doc>Logs the given message with the given level.</doc>
<status status="PASS" start="2024-06-02T07:13:54.103564" elapsed="0.000422"/>
</kw>
<kw name="Log" owner="BuiltIn">
<msg time="2024-06-02T07:13:54.104417" level="INFO">login</msg>
<arg>${key}</arg>
<doc>Logs the given message with the given level.</doc>
<status status="PASS" start="2024-06-02T07:13:54.104289" elapsed="0.000198"/>
</kw>
<var name="${key}">login</var>
<status status="PASS" start="2024-06-02T07:13:54.102702" elapsed="0.002011"/>
</iter>
<var>${key}</var>
<value>@{expected_keys}</value>
<status status="PASS" start="2024-06-02T07:13:54.093783" elapsed="0.011053"/>
</for>
<kw name="Create List" owner="BuiltIn">
<msg time="2024-06-02T07:13:54.105174" level="INFO">${expected_keysTwo} = ['username', 'password']</msg>
<var>${expected_keysTwo}</var>
<arg>username</arg>
<arg>password</arg>
<doc>Returns a list containing given items.</doc>
<status status="PASS" start="2024-06-02T07:13:54.105032" elapsed="0.000166"/>
</kw>
<for flavor="IN">
<iter>
<kw name="Dictionary Should Contain Key" owner="Collections">
<msg time="2024-06-02T07:13:54.106078" level="INFO">False</msg>
<arg>${json_data['results'][0]['login']}</arg>
<arg>${keyTwo}</arg>
<doc>Fails if ``key`` is not found from ``dictionary``.</doc>
<status status="PASS" start="2024-06-02T07:13:54.105697" elapsed="0.000417"/>
</kw>
<kw name="Dictionary Should Contain Key" owner="Collections">
<msg time="2024-06-02T07:13:54.106793" level="INFO">False</msg>
<arg>${json_data['results'][0]['login']}</arg>
<arg>${keyTwo}</arg>
<doc>Fails if ``key`` is not found from ``dictionary``.</doc>
<status status="PASS" start="2024-06-02T07:13:54.106411" elapsed="0.000420"/>
</kw>
<kw name="Log" owner="BuiltIn">
<msg time="2024-06-02T07:13:54.107279" level="INFO">username</msg>
<arg>${keyTwo}</arg>
<doc>Logs the given message with the given level.</doc>
<status status="PASS" start="2024-06-02T07:13:54.107121" elapsed="0.000196"/>
</kw>
<var name="${keyTwo}">username</var>
<status status="PASS" start="2024-06-02T07:13:54.105588" elapsed="0.001946"/>
</iter>
<iter>
<kw name="Dictionary Should Contain Key" owner="Collections">
<msg time="2024-06-02T07:13:54.108196" level="INFO">False</msg>
<arg>${json_data['results'][0]['login']}</arg>
<arg>${keyTwo}</arg>
<doc>Fails if ``key`` is not found from ``dictionary``.</doc>
<status status="PASS" start="2024-06-02T07:13:54.107822" elapsed="0.000411"/>
</kw>
<kw name="Dictionary Should Contain Key" owner="Collections">
<msg time="2024-06-02T07:13:54.108976" level="INFO">False</msg>
<arg>${json_data['results'][0]['login']}</arg>
<arg>${keyTwo}</arg>
<doc>Fails if ``key`` is not found from ``dictionary``.</doc>
<status status="PASS" start="2024-06-02T07:13:54.108523" elapsed="0.000492"/>
</kw>
<kw name="Log" owner="BuiltIn">
<msg time="2024-06-02T07:13:54.109451" level="INFO">password</msg>
<arg>${keyTwo}</arg>
<doc>Logs the given message with the given level.</doc>
<status status="PASS" start="2024-06-02T07:13:54.109319" elapsed="0.000170"/>
</kw>
<var name="${keyTwo}">password</var>
<status status="PASS" start="2024-06-02T07:13:54.107706" elapsed="0.002000"/>
</iter>
<var>${keyTwo}</var>
<value>@{expected_keysTwo}</value>
<status status="PASS" start="2024-06-02T07:13:54.105435" elapsed="0.004393"/>
</for>
<status status="PASS" start="2024-06-02T07:13:54.014025" elapsed="0.095948"/>
</kw>
<doc>Testa a estrutura da resposta da API.</doc>
<tag>testeEstruturaResposta</tag>
<status status="PASS" start="2024-06-02T07:13:54.013427" elapsed="0.096704"/>
</test>
<test id="s1-s1-t4" name="Validar tipos de dados" line="28">
<kw name="Teste de Tipos de Dados" owner="random-user-service">
<kw name="GET On Session" owner="RequestsLibrary">
<msg time="2024-06-02T07:13:54.203676" level="INFO">GET Request : url=https://randomuser.me/api 
 path_url=/api 
 headers={'User-Agent': 'python-requests/2.32.3', 'Accept-Encoding': 'gzip, deflate', 'Accept': '*/*', 'Connection': 'keep-alive'} 
 body=None 
 </msg>
<msg time="2024-06-02T07:13:54.203772" level="INFO">GET Response : url=https://randomuser.me/api 
 status=200, reason=OK 
 headers={'Date': 'Sun, 02 Jun 2024 07:13:54 GMT', 'Content-Type': 'application/json; charset=utf-8', 'Transfer-Encoding': 'chunked', 'Connection': 'keep-alive', 'X-Powered-By': 'Express', 'Access-Control-Allow-Origin': '*', 'Cache-Control': 'no-cache', 'ETag': 'W/"482-wVfjHYBKsh38CFjiuNpQkkyOsU4"', 'Vary': 'Accept-Encoding', 'Content-Encoding': 'gzip', 'CF-Cache-Status': 'DYNAMIC', 'Report-To': '{"endpoints":[{"url":"https:\\/\\/a.nel.cloudflare.com\\/report\\/v4?s=ft1PKzsC1z1ED4Yd7OvQ6%2FKwiUbnV7JOK%2BlQEMcTzWeihnmJrfIYlno2QC9Tmq%2FFVl8F5NzfxFR9faNzsocDoPsuVIFPfwRjg%2Ff2Kq5atH6jKLHcPB9GN3pUt%2B4OCX%2Bv"}],"group":"cf-nel","max_age":604800}', 'NEL': '{"success_fraction":0,"report_to":"cf-nel","max_age":604800}', 'Server': 'cloudflare', 'CF-RAY': '88d5a4b939f882c2-IAD', 'alt-svc': 'h3=":443"; ma=86400'} 
 body={"results":[{"gender":"female","name":{"title":"Ms","first":"Doris","last":"Hunt"},"location":{"street":{"number":7205,"name":"Valwood Pkwy"},"city":"Warragul","state":"Tasmania","country":"Australia","postcode":7565,"coordinates":{"latitude":"-81.5063","longitude":"98.2355"},"timezone":{"offset":"+2:00","description":"Kaliningrad, South Africa"}},"email":"doris.hunt@example.com","login":{"uuid":"47b8bdfb-7d5b-4a0f-8604-6e37a71e4628","username":"crazygoose891","password":"555555","salt":"YxTPb0dy","md5":"888c6fa7422f9b8222c73075ab15fa50","sha1":"bf64756bfe6fdb7fed8ce5d7e6a42681adf7de07","sha256":"440e28b4ce417243ee48ea3d8e2c052176d2379ab1dae2b52e8afda2222976ee"},"dob":{"date":"1955-04-22T16:04:12.224Z","age":69},"registered":{"date":"2012-03-02T13:56:26.699Z","age":12},"phone":"04-1924-1520","cell":"0479-721-005","id":{"name":"TFN","value":"665044404"},"picture":{"large":"https://randomuser.me/api/portraits/women/66.jpg","medium":"https://randomuser.me/api/portraits/med/women/66.jpg","thumbnail":"https://randomuser.me/api/portraits/thumb/women/66.jpg"},"nat":"AU"}],"info":{"seed":"0c141ff5eb0d8040","results":1,"page":1,"version":"1.4"}} 
 </msg>
<msg time="2024-06-02T07:13:54.203848" level="INFO">/opt/hostedtoolcache/Python/3.12.3/x64/lib/python3.12/site-packages/urllib3/connectionpool.py:1103: InsecureRequestWarning: Unverified HTTPS request is being made to host 'randomuser.me'. Adding certificate verification is strongly advised. See: https://urllib3.readthedocs.io/en/latest/advanced-usage.html#tls-warnings
  warnings.warn(</msg>
<msg time="2024-06-02T07:13:54.203985" level="INFO">${response} = &lt;Response [200]&gt;</msg>
<var>${response}</var>
<arg>consultarAPI</arg>
<arg>/api</arg>
<doc>Sends a GET request on a previously created HTTP Session.</doc>
<status status="PASS" start="2024-06-02T07:13:54.112753" elapsed="0.091278"/>
</kw>
<kw name="Set Variable" owner="BuiltIn">
<msg time="2024-06-02T07:13:54.205008" level="INFO">${json_data} = {'results': [{'gender': 'female', 'name': {'title': 'Ms', 'first': 'Doris', 'last': 'Hunt'}, 'location': {'street': {'number': 7205, 'name': 'Valwood Pkwy'}, 'city': 'Warragul', 'state': 'Tasmania', '...</msg>
<var>${json_data}</var>
<arg>${response.json()}</arg>
<doc>Returns the given values which can then be assigned to a variables.</doc>
<status status="PASS" start="2024-06-02T07:13:54.204512" elapsed="0.000526"/>
</kw>
<kw name="Log" owner="BuiltIn">
<msg time="2024-06-02T07:13:54.205503" level="INFO">{'results': [{'gender': 'female', 'name': {'title': 'Ms', 'first': 'Doris', 'last': 'Hunt'}, 'location': {'street': {'number': 7205, 'name': 'Valwood Pkwy'}, 'city': 'Warragul', 'state': 'Tasmania', 'country': 'Australia', 'postcode': 7565, 'coordinates': {'latitude': '-81.5063', 'longitude': '98.2355'}, 'timezone': {'offset': '+2:00', 'description': 'Kaliningrad, South Africa'}}, 'email': 'doris.hunt@example.com', 'login': {'uuid': '47b8bdfb-7d5b-4a0f-8604-6e37a71e4628', 'username': 'crazygoose891', 'password': '555555', 'salt': 'YxTPb0dy', 'md5': '888c6fa7422f9b8222c73075ab15fa50', 'sha1': 'bf64756bfe6fdb7fed8ce5d7e6a42681adf7de07', 'sha256': '440e28b4ce417243ee48ea3d8e2c052176d2379ab1dae2b52e8afda2222976ee'}, 'dob': {'date': '1955-04-22T16:04:12.224Z', 'age': 69}, 'registered': {'date': '2012-03-02T13:56:26.699Z', 'age': 12}, 'phone': '04-1924-1520', 'cell': '0479-721-005', 'id': {'name': 'TFN', 'value': '665044404'}, 'picture': {'large': 'https://randomuser.me/api/portraits/women/66.jpg', 'medium': 'https://randomuser.me/api/portraits/med/women/66.jpg', 'thumbnail': 'https://randomuser.me/api/portraits/thumb/women/66.jpg'}, 'nat': 'AU'}], 'info': {'seed': '0c141ff5eb0d8040', 'results': 1, 'page': 1, 'version': '1.4'}}</msg>
<arg>${json_data}</arg>
<doc>Logs the given message with the given level.</doc>
<status status="PASS" start="2024-06-02T07:13:54.205349" elapsed="0.000248"/>
</kw>
<kw name="Should Be String" owner="String">
<arg>${json_data['results'][0]['gender']}</arg>
<doc>Fails if the given ``item`` is not a string.</doc>
<status status="PASS" start="2024-06-02T07:13:54.205901" elapsed="0.000366"/>
</kw>
<kw name="Should Match Regexp" owner="BuiltIn">
<arg>${json_data['results'][0]['email']}</arg>
<arg>^[a-zA-Z0-9._%+-]+@[a-zA-Z0-9.-]+\.[a-zA-Z]{2,}$</arg>
<doc>Fails if ``string`` does not match ``pattern`` as a regular expression.</doc>
<status status="PASS" start="2024-06-02T07:13:54.206462" elapsed="0.000523"/>
</kw>
<kw name="Should Match Regexp" owner="BuiltIn">
<arg>${json_data['results'][0]['dob']['date']}</arg>
<arg>\\d{4}-\\d{2}-\\d{2}T\\d{2}:\\d{2}:\\d{2}\\.\\d{3}Z</arg>
<doc>Fails if ``string`` does not match ``pattern`` as a regular expression.</doc>
<status status="PASS" start="2024-06-02T07:13:54.207209" elapsed="0.000506"/>
</kw>
<kw name="Should Match Regexp" owner="BuiltIn">
<arg>${json_data['results'][0]['registered']['date']}</arg>
<arg>\\d{4}-\\d{2}-\\d{2}T\\d{2}:\\d{2}:\\d{2}\\.\\d{3}Z</arg>
<doc>Fails if ``string`` does not match ``pattern`` as a regular expression.</doc>
<status status="PASS" start="2024-06-02T07:13:54.207916" elapsed="0.000362"/>
</kw>
<kw name="Should Match Regexp" owner="BuiltIn">
<arg>${json_data['results'][0]['picture']['large']}</arg>
<arg>^https?://.*\.(?:png|jpe?g|gif|bmp)$</arg>
<doc>Fails if ``string`` does not match ``pattern`` as a regular expression.</doc>
<status status="PASS" start="2024-06-02T07:13:54.208466" elapsed="0.000459"/>
</kw>
<kw name="Should Match Regexp" owner="BuiltIn">
<arg>${json_data['results'][0]['picture']['medium']}</arg>
<arg>^https?://.*\.(?:png|jpe?g|gif|bmp)$</arg>
<doc>Fails if ``string`` does not match ``pattern`` as a regular expression.</doc>
<status status="PASS" start="2024-06-02T07:13:54.209116" elapsed="0.000350"/>
</kw>
<kw name="Should Match Regexp" owner="BuiltIn">
<arg>${json_data['results'][0]['picture']['thumbnail']}</arg>
<arg>^https?://.*\.(?:png|jpe?g|gif|bmp)$</arg>
<doc>Fails if ``string`` does not match ``pattern`` as a regular expression.</doc>
<status status="PASS" start="2024-06-02T07:13:54.209654" elapsed="0.000348"/>
</kw>
<kw name="Log" owner="BuiltIn">
<msg time="2024-06-02T07:13:54.210514" level="INFO">{'large': 'https://randomuser.me/api/portraits/women/66.jpg', 'medium': 'https://randomuser.me/api/portraits/med/women/66.jpg', 'thumbnail': 'https://randomuser.me/api/portraits/thumb/women/66.jpg'}</msg>
<arg>${json_data['results'][0]['picture']}</arg>
<doc>Logs the given message with the given level.</doc>
<status status="PASS" start="2024-06-02T07:13:54.210192" elapsed="0.000364"/>
</kw>
<status status="PASS" start="2024-06-02T07:13:54.112516" elapsed="0.098298"/>
</kw>
<kw name="Teste de Tipos de Dados - Postcode" owner="random-user-service">
<kw name="GET On Session" owner="RequestsLibrary">
<msg time="2024-06-02T07:13:54.292202" level="INFO">GET Request : url=https://randomuser.me/api 
 path_url=/api 
 headers={'User-Agent': 'python-requests/2.32.3', 'Accept-Encoding': 'gzip, deflate', 'Accept': '*/*', 'Connection': 'keep-alive'} 
 body=None 
 </msg>
<msg time="2024-06-02T07:13:54.292282" level="INFO">GET Response : url=https://randomuser.me/api 
 status=200, reason=OK 
 headers={'Date': 'Sun, 02 Jun 2024 07:13:54 GMT', 'Content-Type': 'application/json; charset=utf-8', 'Transfer-Encoding': 'chunked', 'Connection': 'keep-alive', 'X-Powered-By': 'Express', 'Access-Control-Allow-Origin': '*', 'Cache-Control': 'no-cache', 'ETag': 'W/"493-BmTm6lN55/zN7TtduF0jlBYsjjU"', 'Vary': 'Accept-Encoding', 'Content-Encoding': 'gzip', 'CF-Cache-Status': 'DYNAMIC', 'Report-To': '{"endpoints":[{"url":"https:\\/\\/a.nel.cloudflare.com\\/report\\/v4?s=ueEtaOmFunON5m5CezvMcDaPZNk%2BnDkZJ450N9cAFUM77HeGAkp4CzpQNuH6QCmE%2FLmxffVq0ZcgS%2BKm0bFtPiwwPao4Ogwb6ZQKb0nK%2BpVxZp4eHr6K7d10NrSsM7nK"}],"group":"cf-nel","max_age":604800}', 'NEL': '{"success_fraction":0,"report_to":"cf-nel","max_age":604800}', 'Server': 'cloudflare', 'CF-RAY': '88d5a4b9da7b82c2-IAD', 'alt-svc': 'h3=":443"; ma=86400'} 
 body={"results":[{"gender":"female","name":{"title":"Ms","first":"آیناز","last":"حسینی"},"location":{"street":{"number":798,"name":"دکتر لواسانی"},"city":"خوی","state":"خراسان رضوی","country":"Iran","postcode":33780,"coordinates":{"latitude":"15.8822","longitude":"10.5523"},"timezone":{"offset":"-1:00","description":"Azores, Cape Verde Islands"}},"email":"aynz.hsyny@example.com","login":{"uuid":"21f61464-4d51-4ca1-8222-01eefc073910","username":"bluebear202","password":"bernard","salt":"YwhVPeGk","md5":"129cc81695d24d7f5a77cb4150457e5b","sha1":"ab4c33665fc944e47eca87240fed15ddded7bf2a","sha256":"b73843b91c13acd2016991989e29e0945c049f05801f9a66f42fef6e09e8b58e"},"dob":{"date":"1994-11-11T19:42:33.286Z","age":29},"registered":{"date":"2020-04-11T09:43:28.284Z","age":4},"phone":"080-41510283","cell":"0931-852-5887","id":{"name":"","value":null},"picture":{"large":"https://randomuser.me/api/portraits/women/93.jpg","medium":"https://randomuser.me/api/portraits/med/women/93.jpg","thumbnail":"https://randomuser.me/api/portraits/thumb/women/93.jpg"},"nat":"IR"}],"info":{"seed":"cb52448721200112","results":1,"page":1,"version":"1.4"}} 
 </msg>
<msg time="2024-06-02T07:13:54.292347" level="INFO">/opt/hostedtoolcache/Python/3.12.3/x64/lib/python3.12/site-packages/urllib3/connectionpool.py:1103: InsecureRequestWarning: Unverified HTTPS request is being made to host 'randomuser.me'. Adding certificate verification is strongly advised. See: https://urllib3.readthedocs.io/en/latest/advanced-usage.html#tls-warnings
  warnings.warn(</msg>
<msg time="2024-06-02T07:13:54.292450" level="INFO">${response} = &lt;Response [200]&gt;</msg>
<var>${response}</var>
<arg>consultarAPI</arg>
<arg>/api</arg>
<doc>Sends a GET request on a previously created HTTP Session.</doc>
<status status="PASS" start="2024-06-02T07:13:54.211297" elapsed="0.081192"/>
</kw>
<kw name="Set Variable" owner="BuiltIn">
<msg time="2024-06-02T07:13:54.293441" level="INFO">${json_data} = {'results': [{'gender': 'female', 'name': {'title': 'Ms', 'first': 'آیناز', 'last': 'حسینی'}, 'location': {'street': {'number': 798, 'name': 'دکتر لواسانی'}, 'city': 'خوی', 'state': 'خراسان رضوی', 'co...</msg>
<var>${json_data}</var>
<arg>${response.json()}</arg>
<doc>Returns the given values which can then be assigned to a variables.</doc>
<status status="PASS" start="2024-06-02T07:13:54.292929" elapsed="0.000542"/>
</kw>
<kw name="Log" owner="BuiltIn">
<msg time="2024-06-02T07:13:54.293951" level="INFO">{'results': [{'gender': 'female', 'name': {'title': 'Ms', 'first': 'آیناز', 'last': 'حسینی'}, 'location': {'street': {'number': 798, 'name': 'دکتر لواسانی'}, 'city': 'خوی', 'state': 'خراسان رضوی', 'country': 'Iran', 'postcode': 33780, 'coordinates': {'latitude': '15.8822', 'longitude': '10.5523'}, 'timezone': {'offset': '-1:00', 'description': 'Azores, Cape Verde Islands'}}, 'email': 'aynz.hsyny@example.com', 'login': {'uuid': '21f61464-4d51-4ca1-8222-01eefc073910', 'username': 'bluebear202', 'password': 'bernard', 'salt': 'YwhVPeGk', 'md5': '129cc81695d24d7f5a77cb4150457e5b', 'sha1': 'ab4c33665fc944e47eca87240fed15ddded7bf2a', 'sha256': 'b73843b91c13acd2016991989e29e0945c049f05801f9a66f42fef6e09e8b58e'}, 'dob': {'date': '1994-11-11T19:42:33.286Z', 'age': 29}, 'registered': {'date': '2020-04-11T09:43:28.284Z', 'age': 4}, 'phone': '080-41510283', 'cell': '0931-852-5887', 'id': {'name': '', 'value': None}, 'picture': {'large': 'https://randomuser.me/api/portraits/women/93.jpg', 'medium': 'https://randomuser.me/api/portraits/med/women/93.jpg', 'thumbnail': 'https://randomuser.me/api/portraits/thumb/women/93.jpg'}, 'nat': 'IR'}], 'info': {'seed': 'cb52448721200112', 'results': 1, 'page': 1, 'version': '1.4'}}</msg>
<arg>${json_data}</arg>
<doc>Logs the given message with the given level.</doc>
<status status="PASS" start="2024-06-02T07:13:54.293790" elapsed="0.000246"/>
</kw>
<kw name="Should Be Equal As Numbers" owner="BuiltIn">
<arg>${json_data['results'][0]['location']['postcode']}</arg>
<arg>${json_data['results'][0]['location']['postcode']}</arg>
<doc>Fails if objects are unequal after converting them to real numbers.</doc>
<status status="PASS" start="2024-06-02T07:13:54.294344" elapsed="0.000790"/>
</kw>
<kw name="Log" owner="BuiltIn">
<msg time="2024-06-02T07:13:54.295729" level="INFO">33780</msg>
<arg>${json_data['results'][0]['location']['postcode']}</arg>
<doc>Logs the given message with the given level.</doc>
<status status="PASS" start="2024-06-02T07:13:54.295386" elapsed="0.000384"/>
</kw>
<status status="PASS" start="2024-06-02T07:13:54.211045" elapsed="0.084985"/>
</kw>
<doc>Testa se os tipos de dados na resposta da API estão corretos.</doc>
<tag>testeTiposDados</tag>
<status status="PASS" start="2024-06-02T07:13:54.111921" elapsed="0.184282"/>
</test>
<test id="s1-s1-t5" name="Validar conteudo" line="35">
<kw name="Teste de Tipos de Conteudo" owner="random-user-service">
<kw name="GET On Session" owner="RequestsLibrary">
<msg time="2024-06-02T07:13:54.382589" level="INFO">GET Request : url=https://randomuser.me/api 
 path_url=/api 
 headers={'User-Agent': 'python-requests/2.32.3', 'Accept-Encoding': 'gzip, deflate', 'Accept': '*/*', 'Connection': 'keep-alive'} 
 body=None 
 </msg>
<msg time="2024-06-02T07:13:54.382685" level="INFO">GET Response : url=https://randomuser.me/api 
 status=200, reason=OK 
 headers={'Date': 'Sun, 02 Jun 2024 07:13:54 GMT', 'Content-Type': 'application/json; charset=utf-8', 'Transfer-Encoding': 'chunked', 'Connection': 'keep-alive', 'X-Powered-By': 'Express', 'Access-Control-Allow-Origin': '*', 'Cache-Control': 'no-cache', 'ETag': 'W/"499-ogIYCQ3FxEPlVk6sP7NJIeeOb98"', 'Vary': 'Accept-Encoding', 'Content-Encoding': 'gzip', 'CF-Cache-Status': 'DYNAMIC', 'Report-To': '{"endpoints":[{"url":"https:\\/\\/a.nel.cloudflare.com\\/report\\/v4?s=Pakw1mL4uuoqKT5U9tDz6YenN2CZmuidbMB%2FhfD0JAF%2BMBNhEfyu4r4RywuOsR%2BzE5u1Q0S2r2UrgHHW0zHzVlRW3vOKiwjwG7IcqIJi2QV7pKxa%2FCymVp19wrAhqvib"}],"group":"cf-nel","max_age":604800}', 'NEL': '{"success_fraction":0,"report_to":"cf-nel","max_age":604800}', 'Server': 'cloudflare', 'CF-RAY': '88d5a4ba6ae982c2-IAD', 'alt-svc': 'h3=":443"; ma=86400'} 
 body={"results":[{"gender":"female","name":{"title":"Ms","first":"Inmaculada","last":"Esteban"},"location":{"street":{"number":4754,"name":"Avenida del Planetario"},"city":"Vitoria","state":"Castilla la Mancha","country":"Spain","postcode":48913,"coordinates":{"latitude":"-31.1714","longitude":"21.3558"},"timezone":{"offset":"+6:00","description":"Almaty, Dhaka, Colombo"}},"email":"inmaculada.esteban@example.com","login":{"uuid":"63fc72f5-6eb1-4a4f-9527-f3bf0fdbfc55","username":"heavywolf271","password":"benoit","salt":"6ReOp9Yu","md5":"f361593c86baab3085081dd192bf4253","sha1":"7b9e8144348b9411b5a9a018fac5c681d4d6e853","sha256":"7cd74b680b916e456056a48289d83e941884ff1cc35840a744e633e5c4b324a0"},"dob":{"date":"1987-03-03T06:31:59.015Z","age":37},"registered":{"date":"2021-11-25T13:49:21.270Z","age":2},"phone":"998-697-333","cell":"613-025-401","id":{"name":"DNI","value":"25131773-B"},"picture":{"large":"https://randomuser.me/api/portraits/women/0.jpg","medium":"https://randomuser.me/api/portraits/med/women/0.jpg","thumbnail":"https://randomuser.me/api/portraits/thumb/women/0.jpg"},"nat":"ES"}],"info":{"seed":"f7f6b298816e3561","results":1,"page":1,"version":"1.4"}} 
 </msg>
<msg time="2024-06-02T07:13:54.382761" level="INFO">/opt/hostedtoolcache/Python/3.12.3/x64/lib/python3.12/site-packages/urllib3/connectionpool.py:1103: InsecureRequestWarning: Unverified HTTPS request is being made to host 'randomuser.me'. Adding certificate verification is strongly advised. See: https://urllib3.readthedocs.io/en/latest/advanced-usage.html#tls-warnings
  warnings.warn(</msg>
<msg time="2024-06-02T07:13:54.382880" level="INFO">${response} = &lt;Response [200]&gt;</msg>
<var>${response}</var>
<arg>consultarAPI</arg>
<arg>/api</arg>
<doc>Sends a GET request on a previously created HTTP Session.</doc>
<status status="PASS" start="2024-06-02T07:13:54.299515" elapsed="0.083414"/>
</kw>
<kw name="Set Variable" owner="BuiltIn">
<msg time="2024-06-02T07:13:54.383971" level="INFO">${json_data} = {'results': [{'gender': 'female', 'name': {'title': 'Ms', 'first': 'Inmaculada', 'last': 'Esteban'}, 'location': {'street': {'number': 4754, 'name': 'Avenida del Planetario'}, 'city': 'Vitoria', 'stat...</msg>
<var>${json_data}</var>
<arg>${response.json()}</arg>
<doc>Returns the given values which can then be assigned to a variables.</doc>
<status status="PASS" start="2024-06-02T07:13:54.383480" elapsed="0.000519"/>
</kw>
<kw name="Set Variable" owner="BuiltIn">
<msg time="2024-06-02T07:13:54.384697" level="INFO">${name_title} = Ms</msg>
<var>${name_title}</var>
<arg>${json_data["results"][0]["name"]["title"]}</arg>
<doc>Returns the given values which can then be assigned to a variables.</doc>
<status status="PASS" start="2024-06-02T07:13:54.384311" elapsed="0.000411"/>
</kw>
<kw name="Create List" owner="BuiltIn">
<msg time="2024-06-02T07:13:54.385182" level="INFO">${allowed_titles} = ['Mr', 'Ms', 'Miss', 'Mrs', 'Madame', 'Monsieur']</msg>
<var>${allowed_titles}</var>
<arg>Mr</arg>
<arg>Ms</arg>
<arg>Miss</arg>
<arg>Mrs</arg>
<arg>Madame</arg>
<arg>Monsieur</arg>
<doc>Returns a list containing given items.</doc>
<status status="PASS" start="2024-06-02T07:13:54.385031" elapsed="0.000177"/>
</kw>
<kw name="List Should Contain Value" owner="Collections">
<msg time="2024-06-02T07:13:54.385701" level="INFO">False</msg>
<arg>${allowed_titles}</arg>
<arg>${name_title}</arg>
<doc>Fails if the ``value`` is not found from ``list``.</doc>
<status status="PASS" start="2024-06-02T07:13:54.385517" elapsed="0.000222"/>
</kw>
<kw name="Set Variable" owner="BuiltIn">
<msg time="2024-06-02T07:13:54.386404" level="INFO">${name_country} = ES</msg>
<var>${name_country}</var>
<arg>${json_data["results"][0]["nat"]}</arg>
<doc>Returns the given values which can then be assigned to a variables.</doc>
<status status="PASS" start="2024-06-02T07:13:54.386030" elapsed="0.000399"/>
</kw>
<kw name="Create List" owner="BuiltIn">
<msg time="2024-06-02T07:13:54.387378" level="INFO">${list_country} = ['AD', 'AE', 'AF', 'AG', 'AI', 'AL', 'AM', 'AO', 'AQ', 'AR', 'AS', 'AT', 'AU', 'AW', 'AX', 'AZ', 'BA', 'BB', 'BD', 'BE', 'BF', 'BG', 'BH', 'BI', 'BJ', 'BL', 'BM', 'BN', 'BO', 'BQ', 'BR', 'BS', 'BT', '...</msg>
<var>${list_country}</var>
<arg>AD</arg>
<arg>AE</arg>
<arg>AF</arg>
<arg>AG</arg>
<arg>AI</arg>
<arg>AL</arg>
<arg>AM</arg>
<arg>AO</arg>
<arg>AQ</arg>
<arg>AR</arg>
<arg>AS</arg>
<arg>AT</arg>
<arg>AU</arg>
<arg>AW</arg>
<arg>AX</arg>
<arg>AZ</arg>
<arg>BA</arg>
<arg>BB</arg>
<arg>BD</arg>
<arg>BE</arg>
<arg>BF</arg>
<arg>BG</arg>
<arg>BH</arg>
<arg>BI</arg>
<arg>BJ</arg>
<arg>BL</arg>
<arg>BM</arg>
<arg>BN</arg>
<arg>BO</arg>
<arg>BQ</arg>
<arg>BR</arg>
<arg>BS</arg>
<arg>BT</arg>
<arg>BV</arg>
<arg>BW</arg>
<arg>BY</arg>
<arg>BZ</arg>
<arg>CA</arg>
<arg>CC</arg>
<arg>CD</arg>
<arg>CF</arg>
<arg>CG</arg>
<arg>CH</arg>
<arg>CI</arg>
<arg>CK</arg>
<arg>CL</arg>
<arg>CM</arg>
<arg>CN</arg>
<arg>CO</arg>
<arg>CR</arg>
<arg>CU</arg>
<arg>CV</arg>
<arg>CW</arg>
<arg>CX</arg>
<arg>CY</arg>
<arg>CZ</arg>
<arg>DE</arg>
<arg>DJ</arg>
<arg>DK</arg>
<arg>DM</arg>
<arg>DO</arg>
<arg>DZ</arg>
<arg>EC</arg>
<arg>EE</arg>
<arg>EG</arg>
<arg>EH</arg>
<arg>ER</arg>
<arg>ES</arg>
<arg>ET</arg>
<arg>FI</arg>
<arg>FJ</arg>
<arg>FK</arg>
<arg>FM</arg>
<arg>FO</arg>
<arg>FR</arg>
<arg>GA</arg>
<arg>GB</arg>
<arg>GD</arg>
<arg>GE</arg>
<arg>GF</arg>
<arg>GG</arg>
<arg>GH</arg>
<arg>GI</arg>
<arg>GL</arg>
<arg>GM</arg>
<arg>GN</arg>
<arg>GP</arg>
<arg>GQ</arg>
<arg>GR</arg>
<arg>GS</arg>
<arg>GT</arg>
<arg>GU</arg>
<arg>GW</arg>
<arg>GY</arg>
<arg>HK</arg>
<arg>HM</arg>
<arg>HN</arg>
<arg>HR</arg>
<arg>HT</arg>
<arg>HU</arg>
<arg>ID</arg>
<arg>IE</arg>
<arg>IL</arg>
<arg>IM</arg>
<arg>IN</arg>
<arg>IO</arg>
<arg>IQ</arg>
<arg>IR</arg>
<arg>IS</arg>
<arg>IT</arg>
<arg>JE</arg>
<arg>JM</arg>
<arg>JO</arg>
<arg>JP</arg>
<arg>KE</arg>
<arg>KG</arg>
<arg>KH</arg>
<arg>KI</arg>
<arg>KM</arg>
<arg>KN</arg>
<arg>KP</arg>
<arg>KR</arg>
<arg>KW</arg>
<arg>KY</arg>
<arg>KZ</arg>
<arg>LA</arg>
<arg>LB</arg>
<arg>LC</arg>
<arg>LI</arg>
<arg>LK</arg>
<arg>LR</arg>
<arg>LS</arg>
<arg>LT</arg>
<arg>LU</arg>
<arg>LV</arg>
<arg>LY</arg>
<arg>MA</arg>
<arg>MC</arg>
<arg>MD</arg>
<arg>ME</arg>
<arg>MF</arg>
<arg>MG</arg>
<arg>MH</arg>
<arg>MK</arg>
<arg>ML</arg>
<arg>MM</arg>
<arg>MN</arg>
<arg>MO</arg>
<arg>MP</arg>
<arg>MQ</arg>
<arg>MR</arg>
<arg>MS</arg>
<arg>MT</arg>
<arg>MU</arg>
<arg>MV</arg>
<arg>MW</arg>
<arg>MX</arg>
<arg>MY</arg>
<arg>MZ</arg>
<arg>NA</arg>
<arg>NC</arg>
<arg>NE</arg>
<arg>NF</arg>
<arg>NG</arg>
<arg>NI</arg>
<arg>NL</arg>
<arg>NO</arg>
<arg>NP</arg>
<arg>NR</arg>
<arg>NU</arg>
<arg>NZ</arg>
<arg>OM</arg>
<arg>PA</arg>
<arg>PE</arg>
<arg>PF</arg>
<arg>PG</arg>
<arg>PH</arg>
<arg>PK</arg>
<arg>PL</arg>
<arg>PM</arg>
<arg>PN</arg>
<arg>PR</arg>
<arg>PS</arg>
<arg>PT</arg>
<arg>PW</arg>
<arg>PY</arg>
<arg>QA</arg>
<arg>RE</arg>
<arg>RO</arg>
<arg>RS</arg>
<arg>RU</arg>
<arg>RW</arg>
<arg>SA</arg>
<arg>SB</arg>
<arg>SC</arg>
<arg>SD</arg>
<arg>SE</arg>
<arg>SG</arg>
<arg>SH</arg>
<arg>SI</arg>
<arg>SJ</arg>
<arg>SK</arg>
<arg>SL</arg>
<arg>SM</arg>
<arg>SN</arg>
<arg>SO</arg>
<arg>SR</arg>
<arg>SS</arg>
<arg>ST</arg>
<arg>SV</arg>
<arg>SX</arg>
<arg>SY</arg>
<arg>SZ</arg>
<arg>TC</arg>
<arg>TD</arg>
<arg>TF</arg>
<arg>TG</arg>
<arg>TH</arg>
<arg>TJ</arg>
<arg>TK</arg>
<arg>TL</arg>
<arg>TM</arg>
<arg>TN</arg>
<arg>TO</arg>
<arg>TR</arg>
<arg>TT</arg>
<arg>TV</arg>
<arg>TW</arg>
<arg>TZ</arg>
<arg>UA</arg>
<arg>UG</arg>
<arg>UM</arg>
<arg>US</arg>
<arg>UY</arg>
<arg>UZ</arg>
<arg>VA</arg>
<arg>VC</arg>
<arg>VE</arg>
<arg>VG</arg>
<arg>VI</arg>
<arg>VN</arg>
<arg>VU</arg>
<arg>WF</arg>
<arg>WS</arg>
<arg>XK</arg>
<arg>YE</arg>
<arg>YT</arg>
<arg>ZA</arg>
<arg>ZM</arg>
<arg>ZW</arg>
<doc>Returns a list containing given items.</doc>
<status status="PASS" start="2024-06-02T07:13:54.386731" elapsed="0.000675"/>
</kw>
<kw name="List Should Contain Value" owner="Collections">
<msg time="2024-06-02T07:13:54.388409" level="INFO">False</msg>
<arg>${list_country}</arg>
<arg>${name_country}</arg>
<doc>Fails if the ``value`` is not found from ``list``.</doc>
<status status="PASS" start="2024-06-02T07:13:54.388198" elapsed="0.000248"/>
</kw>
<kw name="Run Keyword If" owner="BuiltIn">
<kw name="Should Be True" owner="BuiltIn">
<arg>${True}</arg>
<doc>Fails if the given condition is not true.</doc>
<status status="PASS" start="2024-06-02T07:13:54.389497" elapsed="0.000146"/>
</kw>
<arg>${json_data["results"][0]["location"]["coordinates"]["latitude"]} &gt;= -90 and ${json_data["results"][0]["location"]["coordinates"]["latitude"]} &lt;= 90</arg>
<arg>Should Be True</arg>
<arg>${True}</arg>
<doc>Runs the given keyword with the given arguments, if ``condition`` is true.</doc>
<status status="PASS" start="2024-06-02T07:13:54.388754" elapsed="0.001016"/>
</kw>
<kw name="Run Keyword If" owner="BuiltIn">
<kw name="Should Be True" owner="BuiltIn">
<arg>${True}</arg>
<doc>Fails if the given condition is not true.</doc>
<status status="PASS" start="2024-06-02T07:13:54.390659" elapsed="0.000256"/>
</kw>
<arg>${json_data["results"][0]["location"]["coordinates"]["longitude"]} &gt;= -180 and ${json_data["results"][0]["location"]["coordinates"]["longitude"]} &lt;= 180</arg>
<arg>Should Be True</arg>
<arg>${True}</arg>
<doc>Runs the given keyword with the given arguments, if ``condition`` is true.</doc>
<status status="PASS" start="2024-06-02T07:13:54.389955" elapsed="0.001087"/>
</kw>
<status status="PASS" start="2024-06-02T07:13:54.299101" elapsed="0.092091"/>
</kw>
<doc>Testa o conteúdo específico dos campos retornados pela API.</doc>
<tag>testeConteudo</tag>
<status status="PASS" start="2024-06-02T07:13:54.298383" elapsed="0.092976"/>
</test>
<status status="PASS" start="2024-06-02T07:13:53.433378" elapsed="0.959952"/>
</suite>
<status status="PASS" start="2024-06-02T07:13:53.419847" elapsed="0.978751"/>
</suite>
<statistics>
<total>
<stat pass="5" fail="0" skip="0">All Tests</stat>
</total>
<tag>
<stat pass="1" fail="0" skip="0">testeConteudo</stat>
<stat pass="1" fail="0" skip="0">testeEstruturaResposta</stat>
<stat pass="1" fail="0" skip="0">testeRequisicaoBasica</stat>
<stat pass="1" fail="0" skip="0">testeTiposDados</stat>
</tag>
<suite>
<stat pass="5" fail="0" skip="0" id="s1" name="Tests">Tests</stat>
<stat pass="5" fail="0" skip="0" id="s1-s1" name="Random-User-Test">Tests.Random-User-Test</stat>
</suite>
</statistics>
<errors>
</errors>
</robot>
