<?xml version="1.0" encoding="UTF-8"?>
<robot generator="Robot 7.0.1 (Python 3.12.4 on linux)" generated="2024-07-15T17:13:46.261347" rpa="false" schemaversion="5">
<suite id="s1" name="Tests" source="/home/runner/work/ApiRandomUser/ApiRandomUser/RamdonUser/tests">
<suite id="s1-s1" name="Random-User-Test" source="/home/runner/work/ApiRandomUser/ApiRandomUser/RamdonUser/tests/random-user-test.robot">
<test id="s1-s1-t1" name="Conectar" line="13">
<kw name="Conectar API" owner="random-user-service">
<kw name="Create Session" owner="RequestsLibrary">
<msg time="2024-07-15T17:13:46.649142" level="INFO">Creating Session using : alias=consultarAPI, url=https://randomuser.me/, headers={},                     cookies={}, auth=None, timeout=None, proxies=None, verify=False,                     debug=0 </msg>
<arg>consultarAPI</arg>
<arg>${URL}</arg>
<doc>Create Session: create a HTTP session to a server</doc>
<status status="PASS" start="2024-07-15T17:13:46.648935" elapsed="0.000388"/>
</kw>
<status status="PASS" start="2024-07-15T17:13:46.647923" elapsed="0.001758"/>
</kw>
<status status="PASS" start="2024-07-15T17:13:46.647382" elapsed="0.002487"/>
</test>
<test id="s1-s1-t2" name="Validar retorno 200 e JSON Válido" line="16">
<kw name="Teste de Requisicao Basica" owner="random-user-service">
<kw name="GET On Session" owner="RequestsLibrary">
<msg time="2024-07-15T17:13:50.083922" level="INFO">GET Request : url=https://randomuser.me/api 
 path_url=/api 
 headers={'User-Agent': 'python-requests/2.32.3', 'Accept-Encoding': 'gzip, deflate', 'Accept': '*/*', 'Connection': 'keep-alive'} 
 body=None 
 </msg>
<msg time="2024-07-15T17:13:50.084073" level="INFO">GET Response : url=https://randomuser.me/api 
 status=200, reason=OK 
 headers={'Date': 'Mon, 15 Jul 2024 17:13:50 GMT', 'Content-Type': 'application/json; charset=utf-8', 'Transfer-Encoding': 'chunked', 'Connection': 'keep-alive', 'X-Powered-By': 'Express', 'Access-Control-Allow-Origin': '*', 'Cache-Control': 'no-cache', 'ETag': 'W/"49e-92WbpAcZlm8+hbqDAE5n2vebMsQ"', 'Vary': 'Accept-Encoding', 'Content-Encoding': 'gzip', 'CF-Cache-Status': 'DYNAMIC', 'Report-To': '{"endpoints":[{"url":"https:\\/\\/a.nel.cloudflare.com\\/report\\/v4?s=QuYY5Flpzqn9kpImOZZu7xsG0L5ztj2Ny9Wkt1eaJfItZArkpv6bGovuApR%2FjzE0NQDjV62AmD8x1rmxsJWxrDtFUl3UXRzug9vHO5koHBrS9HdrIxA1Di30L0Gq0%2FQH"}],"group":"cf-nel","max_age":604800}', 'NEL': '{"success_fraction":0,"report_to":"cf-nel","max_age":604800}', 'Server': 'cloudflare', 'CF-RAY': '8a3b6292cfb85934-IAD', 'alt-svc': 'h3=":443"; ma=86400'} 
 body={"results":[{"gender":"female","name":{"title":"Mrs","first":"Saula","last":"Nogueira"},"location":{"street":{"number":8040,"name":"Travessa dos Martírios"},"city":"Birigüi","state":"Bahia","country":"Brazil","postcode":74824,"coordinates":{"latitude":"-76.8606","longitude":"65.3287"},"timezone":{"offset":"+4:00","description":"Abu Dhabi, Muscat, Baku, Tbilisi"}},"email":"saula.nogueira@example.com","login":{"uuid":"da7acf22-bd40-431c-bc53-31b660a52982","username":"blueduck208","password":"ducks","salt":"1scneXSV","md5":"857e0c1021e5c31dc3ef288caa74e159","sha1":"2cee89c21090166e39f2f5243bd473609ff8ac15","sha256":"d9d5d4a34952c39f87af0f3024ec5407fcf49cf120c8d2a7855ff729dc55eba0"},"dob":{"date":"1984-09-04T08:32:21.142Z","age":39},"registered":{"date":"2010-06-18T01:20:47.067Z","age":14},"phone":"(06) 3165-1761","cell":"(92) 4899-1812","id":{"name":"CPF","value":"892.263.245-47"},"picture":{"large":"https://randomuser.me/api/portraits/women/41.jpg","medium":"https://randomuser.me/api/portraits/med/women/41.jpg","thumbnail":"https://randomuser.me/api/portraits/thumb/women/41.jpg"},"nat":"BR"}],"info":{"seed":"0a553fea929cfcdf","results":1,"page":1,"version":"1.4"}} 
 </msg>
<msg time="2024-07-15T17:13:50.084163" level="INFO">/opt/hostedtoolcache/Python/3.12.4/x64/lib/python3.12/site-packages/urllib3/connectionpool.py:1099: InsecureRequestWarning: Unverified HTTPS request is being made to host 'randomuser.me'. Adding certificate verification is strongly advised. See: https://urllib3.readthedocs.io/en/latest/advanced-usage.html#tls-warnings
  warnings.warn(</msg>
<msg time="2024-07-15T17:13:50.084325" level="INFO">${response} = &lt;Response [200]&gt;</msg>
<var>${response}</var>
<arg>consultarAPI</arg>
<arg>/api</arg>
<doc>Sends a GET request on a previously created HTTP Session.</doc>
<status status="PASS" start="2024-07-15T17:13:46.652394" elapsed="3.431976"/>
</kw>
<kw name="Should Be Equal As Numbers" owner="BuiltIn">
<msg time="2024-07-15T17:13:50.085408" level="INFO">Argument types are:
&lt;class 'int'&gt;
&lt;class 'str'&gt;</msg>
<arg>${response.status_code}</arg>
<arg>200</arg>
<doc>Fails if objects are unequal after converting them to real numbers.</doc>
<status status="PASS" start="2024-07-15T17:13:50.084941" elapsed="0.000533"/>
</kw>
<kw name="Log" owner="BuiltIn">
<msg time="2024-07-15T17:13:50.086155" level="INFO">200</msg>
<arg>${response.status_code}</arg>
<doc>Logs the given message with the given level.</doc>
<status status="PASS" start="2024-07-15T17:13:50.085804" elapsed="0.000393"/>
</kw>
<kw name="Set Variable" owner="BuiltIn">
<msg time="2024-07-15T17:13:50.086941" level="INFO">${json_data} = {'results': [{'gender': 'female', 'name': {'title': 'Mrs', 'first': 'Saula', 'last': 'Nogueira'}, 'location': {'street': {'number': 8040, 'name': 'Travessa dos Martírios'}, 'city': 'Birigüi', 'state':...</msg>
<var>${json_data}</var>
<arg>${response.json()}</arg>
<doc>Returns the given values which can then be assigned to a variables.</doc>
<status status="PASS" start="2024-07-15T17:13:50.086502" elapsed="0.000469"/>
</kw>
<kw name="Dictionary Should Contain Key" owner="Collections">
<arg>${json_data}</arg>
<arg>results</arg>
<doc>Fails if ``key`` is not found from ``dictionary``.</doc>
<status status="PASS" start="2024-07-15T17:13:50.087265" elapsed="0.000169"/>
</kw>
<status status="PASS" start="2024-07-15T17:13:46.652155" elapsed="3.435428"/>
</kw>
<doc>Testa se a API responde corretamente e retorna um objeto JSON válido.</doc>
<tag>testeRequisicaoBasica</tag>
<status status="PASS" start="2024-07-15T17:13:46.651725" elapsed="3.436037"/>
</test>
<test id="s1-s1-t3" name="Validar estrutura de resposta" line="22">
<kw name="Teste de Estrutura de Resposta" owner="random-user-service">
<kw name="GET On Session" owner="RequestsLibrary">
<msg time="2024-07-15T17:13:56.556925" level="INFO">GET Request : url=https://randomuser.me/api 
 path_url=/api 
 headers={'User-Agent': 'python-requests/2.32.3', 'Accept-Encoding': 'gzip, deflate', 'Accept': '*/*', 'Connection': 'keep-alive'} 
 body=None 
 </msg>
<msg time="2024-07-15T17:13:56.557024" level="INFO">GET Response : url=https://randomuser.me/api 
 status=200, reason=OK 
 headers={'Date': 'Mon, 15 Jul 2024 17:13:56 GMT', 'Content-Type': 'application/json; charset=utf-8', 'Transfer-Encoding': 'chunked', 'Connection': 'keep-alive', 'X-Powered-By': 'Express', 'Access-Control-Allow-Origin': '*', 'Cache-Control': 'no-cache', 'ETag': 'W/"489-OztDZl0IicwpHQtvI3xiz1oqYSo"', 'Vary': 'Accept-Encoding', 'Content-Encoding': 'gzip', 'CF-Cache-Status': 'DYNAMIC', 'Report-To': '{"endpoints":[{"url":"https:\\/\\/a.nel.cloudflare.com\\/report\\/v4?s=U6cY4p5mLpp2vLZIMeGbUdQhfGlWw5rjvoBaPrOXj2SG%2FkgUSvKTbeLVGfP9qbf1r%2BZkB8GwEGqj%2Bu1spYbXIHQWBWZ7fI9KXk1rbpwBbWydZzbeUCEyKI%2BRwVjvQKRO"}],"group":"cf-nel","max_age":604800}', 'NEL': '{"success_fraction":0,"report_to":"cf-nel","max_age":604800}', 'Server': 'cloudflare', 'CF-RAY': '8a3b62a81e665934-IAD', 'alt-svc': 'h3=":443"; ma=86400'} 
 body={"results":[{"gender":"female","name":{"title":"Ms","first":"Hellen","last":"Meulendijk"},"location":{"street":{"number":1557,"name":"Amstelslag"},"city":"Den Bommel","state":"Utrecht","country":"Netherlands","postcode":"7118 QW","coordinates":{"latitude":"38.0625","longitude":"131.7045"},"timezone":{"offset":"+5:45","description":"Kathmandu"}},"email":"hellen.meulendijk@example.com","login":{"uuid":"57dc202c-b4ce-48df-afe8-93fc4fcd4689","username":"lazymeercat279","password":"turkey50","salt":"qX4H17k0","md5":"a5abbcdd8d7ad6e350a70f6daa0af12c","sha1":"62bf6ec7cba315b4ec73ef863fcf6c50cc4d746d","sha256":"426467ecb6cb42a9826ff1db14d398c3bb137a7d854aa97fc135fc35f21d6033"},"dob":{"date":"1999-10-04T12:57:42.523Z","age":24},"registered":{"date":"2018-07-24T02:01:27.361Z","age":5},"phone":"(0095) 392452","cell":"(06) 01491819","id":{"name":"BSN","value":"08544117"},"picture":{"large":"https://randomuser.me/api/portraits/women/24.jpg","medium":"https://randomuser.me/api/portraits/med/women/24.jpg","thumbnail":"https://randomuser.me/api/portraits/thumb/women/24.jpg"},"nat":"NL"}],"info":{"seed":"e571ca4772116eea","results":1,"page":1,"version":"1.4"}} 
 </msg>
<msg time="2024-07-15T17:13:56.557156" level="INFO">/opt/hostedtoolcache/Python/3.12.4/x64/lib/python3.12/site-packages/urllib3/connectionpool.py:1099: InsecureRequestWarning: Unverified HTTPS request is being made to host 'randomuser.me'. Adding certificate verification is strongly advised. See: https://urllib3.readthedocs.io/en/latest/advanced-usage.html#tls-warnings
  warnings.warn(</msg>
<msg time="2024-07-15T17:13:56.557279" level="INFO">${response} = &lt;Response [200]&gt;</msg>
<var>${response}</var>
<arg>consultarAPI</arg>
<arg>/api</arg>
<doc>Sends a GET request on a previously created HTTP Session.</doc>
<status status="PASS" start="2024-07-15T17:13:50.090362" elapsed="6.466946"/>
</kw>
<kw name="Set Variable" owner="BuiltIn">
<msg time="2024-07-15T17:13:56.558372" level="INFO">${json_data} = {'results': [{'gender': 'female', 'name': {'title': 'Ms', 'first': 'Hellen', 'last': 'Meulendijk'}, 'location': {'street': {'number': 1557, 'name': 'Amstelslag'}, 'city': 'Den Bommel', 'state': 'Utrec...</msg>
<var>${json_data}</var>
<arg>${response.json()}</arg>
<doc>Returns the given values which can then be assigned to a variables.</doc>
<status status="PASS" start="2024-07-15T17:13:56.557860" elapsed="0.000541"/>
</kw>
<kw name="Log" owner="BuiltIn">
<msg time="2024-07-15T17:13:56.558869" level="INFO">{'results': [{'gender': 'female', 'name': {'title': 'Ms', 'first': 'Hellen', 'last': 'Meulendijk'}, 'location': {'street': {'number': 1557, 'name': 'Amstelslag'}, 'city': 'Den Bommel', 'state': 'Utrecht', 'country': 'Netherlands', 'postcode': '7118 QW', 'coordinates': {'latitude': '38.0625', 'longitude': '131.7045'}, 'timezone': {'offset': '+5:45', 'description': 'Kathmandu'}}, 'email': 'hellen.meulendijk@example.com', 'login': {'uuid': '57dc202c-b4ce-48df-afe8-93fc4fcd4689', 'username': 'lazymeercat279', 'password': 'turkey50', 'salt': 'qX4H17k0', 'md5': 'a5abbcdd8d7ad6e350a70f6daa0af12c', 'sha1': '62bf6ec7cba315b4ec73ef863fcf6c50cc4d746d', 'sha256': '426467ecb6cb42a9826ff1db14d398c3bb137a7d854aa97fc135fc35f21d6033'}, 'dob': {'date': '1999-10-04T12:57:42.523Z', 'age': 24}, 'registered': {'date': '2018-07-24T02:01:27.361Z', 'age': 5}, 'phone': '(0095) 392452', 'cell': '(06) 01491819', 'id': {'name': 'BSN', 'value': '08544117'}, 'picture': {'large': 'https://randomuser.me/api/portraits/women/24.jpg', 'medium': 'https://randomuser.me/api/portraits/med/women/24.jpg', 'thumbnail': 'https://randomuser.me/api/portraits/thumb/women/24.jpg'}, 'nat': 'NL'}], 'info': {'seed': 'e571ca4772116eea', 'results': 1, 'page': 1, 'version': '1.4'}}</msg>
<arg>${json_data}</arg>
<doc>Logs the given message with the given level.</doc>
<status status="PASS" start="2024-07-15T17:13:56.558714" elapsed="0.000202"/>
</kw>
<kw name="Dictionary Should Contain Key" owner="Collections">
<arg>${json_data}</arg>
<arg>results</arg>
<doc>Fails if ``key`` is not found from ``dictionary``.</doc>
<status status="PASS" start="2024-07-15T17:13:56.559202" elapsed="0.000162"/>
</kw>
<kw name="Should Not Be Empty" owner="BuiltIn">
<msg time="2024-07-15T17:13:56.559676" level="INFO">Length is 2.</msg>
<arg>${json_data}</arg>
<doc>Verifies that the given item is not empty.</doc>
<status status="PASS" start="2024-07-15T17:13:56.559546" elapsed="0.000168"/>
</kw>
<kw name="Create List" owner="BuiltIn">
<msg time="2024-07-15T17:13:56.560311" level="INFO">${expected_keys} = ['gender', 'name', 'location', 'email', 'login']</msg>
<var>${expected_keys}</var>
<arg>gender</arg>
<arg>name</arg>
<arg>location</arg>
<arg>email</arg>
<arg>login</arg>
<doc>Returns a list containing given items.</doc>
<status status="PASS" start="2024-07-15T17:13:56.560005" elapsed="0.000331"/>
</kw>
<for flavor="IN">
<iter>
<kw name="Dictionary Should Contain Key" owner="Collections">
<arg>${json_data['results'][0]}</arg>
<arg>${key}</arg>
<doc>Fails if ``key`` is not found from ``dictionary``.</doc>
<status status="PASS" start="2024-07-15T17:13:56.560969" elapsed="0.000415"/>
</kw>
<kw name="Log" owner="BuiltIn">
<msg time="2024-07-15T17:13:56.561917" level="INFO">{'gender': 'female', 'name': {'title': 'Ms', 'first': 'Hellen', 'last': 'Meulendijk'}, 'location': {'street': {'number': 1557, 'name': 'Amstelslag'}, 'city': 'Den Bommel', 'state': 'Utrecht', 'country': 'Netherlands', 'postcode': '7118 QW', 'coordinates': {'latitude': '38.0625', 'longitude': '131.7045'}, 'timezone': {'offset': '+5:45', 'description': 'Kathmandu'}}, 'email': 'hellen.meulendijk@example.com', 'login': {'uuid': '57dc202c-b4ce-48df-afe8-93fc4fcd4689', 'username': 'lazymeercat279', 'password': 'turkey50', 'salt': 'qX4H17k0', 'md5': 'a5abbcdd8d7ad6e350a70f6daa0af12c', 'sha1': '62bf6ec7cba315b4ec73ef863fcf6c50cc4d746d', 'sha256': '426467ecb6cb42a9826ff1db14d398c3bb137a7d854aa97fc135fc35f21d6033'}, 'dob': {'date': '1999-10-04T12:57:42.523Z', 'age': 24}, 'registered': {'date': '2018-07-24T02:01:27.361Z', 'age': 5}, 'phone': '(0095) 392452', 'cell': '(06) 01491819', 'id': {'name': 'BSN', 'value': '08544117'}, 'picture': {'large': 'https://randomuser.me/api/portraits/women/24.jpg', 'medium': 'https://randomuser.me/api/portraits/med/women/24.jpg', 'thumbnail': 'https://randomuser.me/api/portraits/thumb/women/24.jpg'}, 'nat': 'NL'}</msg>
<arg>${json_data['results'][0]}</arg>
<doc>Logs the given message with the given level.</doc>
<status status="PASS" start="2024-07-15T17:13:56.561566" elapsed="0.000400"/>
</kw>
<kw name="Log" owner="BuiltIn">
<msg time="2024-07-15T17:13:56.562388" level="INFO">gender</msg>
<arg>${key}</arg>
<doc>Logs the given message with the given level.</doc>
<status status="PASS" start="2024-07-15T17:13:56.562261" elapsed="0.000165"/>
</kw>
<var name="${key}">gender</var>
<status status="PASS" start="2024-07-15T17:13:56.560836" elapsed="0.001804"/>
</iter>
<iter>
<kw name="Dictionary Should Contain Key" owner="Collections">
<arg>${json_data['results'][0]}</arg>
<arg>${key}</arg>
<doc>Fails if ``key`` is not found from ``dictionary``.</doc>
<status status="PASS" start="2024-07-15T17:13:56.562936" elapsed="0.000385"/>
</kw>
<kw name="Log" owner="BuiltIn">
<msg time="2024-07-15T17:13:56.563855" level="INFO">{'gender': 'female', 'name': {'title': 'Ms', 'first': 'Hellen', 'last': 'Meulendijk'}, 'location': {'street': {'number': 1557, 'name': 'Amstelslag'}, 'city': 'Den Bommel', 'state': 'Utrecht', 'country': 'Netherlands', 'postcode': '7118 QW', 'coordinates': {'latitude': '38.0625', 'longitude': '131.7045'}, 'timezone': {'offset': '+5:45', 'description': 'Kathmandu'}}, 'email': 'hellen.meulendijk@example.com', 'login': {'uuid': '57dc202c-b4ce-48df-afe8-93fc4fcd4689', 'username': 'lazymeercat279', 'password': 'turkey50', 'salt': 'qX4H17k0', 'md5': 'a5abbcdd8d7ad6e350a70f6daa0af12c', 'sha1': '62bf6ec7cba315b4ec73ef863fcf6c50cc4d746d', 'sha256': '426467ecb6cb42a9826ff1db14d398c3bb137a7d854aa97fc135fc35f21d6033'}, 'dob': {'date': '1999-10-04T12:57:42.523Z', 'age': 24}, 'registered': {'date': '2018-07-24T02:01:27.361Z', 'age': 5}, 'phone': '(0095) 392452', 'cell': '(06) 01491819', 'id': {'name': 'BSN', 'value': '08544117'}, 'picture': {'large': 'https://randomuser.me/api/portraits/women/24.jpg', 'medium': 'https://randomuser.me/api/portraits/med/women/24.jpg', 'thumbnail': 'https://randomuser.me/api/portraits/thumb/women/24.jpg'}, 'nat': 'NL'}</msg>
<arg>${json_data['results'][0]}</arg>
<doc>Logs the given message with the given level.</doc>
<status status="PASS" start="2024-07-15T17:13:56.563503" elapsed="0.000433"/>
</kw>
<kw name="Log" owner="BuiltIn">
<msg time="2024-07-15T17:13:56.564361" level="INFO">name</msg>
<arg>${key}</arg>
<doc>Logs the given message with the given level.</doc>
<status status="PASS" start="2024-07-15T17:13:56.564233" elapsed="0.000164"/>
</kw>
<var name="${key}">name</var>
<status status="PASS" start="2024-07-15T17:13:56.562824" elapsed="0.001791"/>
</iter>
<iter>
<kw name="Dictionary Should Contain Key" owner="Collections">
<arg>${json_data['results'][0]}</arg>
<arg>${key}</arg>
<doc>Fails if ``key`` is not found from ``dictionary``.</doc>
<status status="PASS" start="2024-07-15T17:13:56.564930" elapsed="0.000377"/>
</kw>
<kw name="Log" owner="BuiltIn">
<msg time="2024-07-15T17:13:56.565842" level="INFO">{'gender': 'female', 'name': {'title': 'Ms', 'first': 'Hellen', 'last': 'Meulendijk'}, 'location': {'street': {'number': 1557, 'name': 'Amstelslag'}, 'city': 'Den Bommel', 'state': 'Utrecht', 'country': 'Netherlands', 'postcode': '7118 QW', 'coordinates': {'latitude': '38.0625', 'longitude': '131.7045'}, 'timezone': {'offset': '+5:45', 'description': 'Kathmandu'}}, 'email': 'hellen.meulendijk@example.com', 'login': {'uuid': '57dc202c-b4ce-48df-afe8-93fc4fcd4689', 'username': 'lazymeercat279', 'password': 'turkey50', 'salt': 'qX4H17k0', 'md5': 'a5abbcdd8d7ad6e350a70f6daa0af12c', 'sha1': '62bf6ec7cba315b4ec73ef863fcf6c50cc4d746d', 'sha256': '426467ecb6cb42a9826ff1db14d398c3bb137a7d854aa97fc135fc35f21d6033'}, 'dob': {'date': '1999-10-04T12:57:42.523Z', 'age': 24}, 'registered': {'date': '2018-07-24T02:01:27.361Z', 'age': 5}, 'phone': '(0095) 392452', 'cell': '(06) 01491819', 'id': {'name': 'BSN', 'value': '08544117'}, 'picture': {'large': 'https://randomuser.me/api/portraits/women/24.jpg', 'medium': 'https://randomuser.me/api/portraits/med/women/24.jpg', 'thumbnail': 'https://randomuser.me/api/portraits/thumb/women/24.jpg'}, 'nat': 'NL'}</msg>
<arg>${json_data['results'][0]}</arg>
<doc>Logs the given message with the given level.</doc>
<status status="PASS" start="2024-07-15T17:13:56.565495" elapsed="0.000395"/>
</kw>
<kw name="Log" owner="BuiltIn">
<msg time="2024-07-15T17:13:56.566310" level="INFO">location</msg>
<arg>${key}</arg>
<doc>Logs the given message with the given level.</doc>
<status status="PASS" start="2024-07-15T17:13:56.566184" elapsed="0.000162"/>
</kw>
<var name="${key}">location</var>
<status status="PASS" start="2024-07-15T17:13:56.564820" elapsed="0.001740"/>
</iter>
<iter>
<kw name="Dictionary Should Contain Key" owner="Collections">
<arg>${json_data['results'][0]}</arg>
<arg>${key}</arg>
<doc>Fails if ``key`` is not found from ``dictionary``.</doc>
<status status="PASS" start="2024-07-15T17:13:56.566843" elapsed="0.000381"/>
</kw>
<kw name="Log" owner="BuiltIn">
<msg time="2024-07-15T17:13:56.567755" level="INFO">{'gender': 'female', 'name': {'title': 'Ms', 'first': 'Hellen', 'last': 'Meulendijk'}, 'location': {'street': {'number': 1557, 'name': 'Amstelslag'}, 'city': 'Den Bommel', 'state': 'Utrecht', 'country': 'Netherlands', 'postcode': '7118 QW', 'coordinates': {'latitude': '38.0625', 'longitude': '131.7045'}, 'timezone': {'offset': '+5:45', 'description': 'Kathmandu'}}, 'email': 'hellen.meulendijk@example.com', 'login': {'uuid': '57dc202c-b4ce-48df-afe8-93fc4fcd4689', 'username': 'lazymeercat279', 'password': 'turkey50', 'salt': 'qX4H17k0', 'md5': 'a5abbcdd8d7ad6e350a70f6daa0af12c', 'sha1': '62bf6ec7cba315b4ec73ef863fcf6c50cc4d746d', 'sha256': '426467ecb6cb42a9826ff1db14d398c3bb137a7d854aa97fc135fc35f21d6033'}, 'dob': {'date': '1999-10-04T12:57:42.523Z', 'age': 24}, 'registered': {'date': '2018-07-24T02:01:27.361Z', 'age': 5}, 'phone': '(0095) 392452', 'cell': '(06) 01491819', 'id': {'name': 'BSN', 'value': '08544117'}, 'picture': {'large': 'https://randomuser.me/api/portraits/women/24.jpg', 'medium': 'https://randomuser.me/api/portraits/med/women/24.jpg', 'thumbnail': 'https://randomuser.me/api/portraits/thumb/women/24.jpg'}, 'nat': 'NL'}</msg>
<arg>${json_data['results'][0]}</arg>
<doc>Logs the given message with the given level.</doc>
<status status="PASS" start="2024-07-15T17:13:56.567408" elapsed="0.000402"/>
</kw>
<kw name="Log" owner="BuiltIn">
<msg time="2024-07-15T17:13:56.568234" level="INFO">email</msg>
<arg>${key}</arg>
<doc>Logs the given message with the given level.</doc>
<status status="PASS" start="2024-07-15T17:13:56.568103" elapsed="0.000169"/>
</kw>
<var name="${key}">email</var>
<status status="PASS" start="2024-07-15T17:13:56.566732" elapsed="0.001753"/>
</iter>
<iter>
<kw name="Dictionary Should Contain Key" owner="Collections">
<arg>${json_data['results'][0]}</arg>
<arg>${key}</arg>
<doc>Fails if ``key`` is not found from ``dictionary``.</doc>
<status status="PASS" start="2024-07-15T17:13:56.568801" elapsed="0.000381"/>
</kw>
<kw name="Log" owner="BuiltIn">
<msg time="2024-07-15T17:13:56.569702" level="INFO">{'gender': 'female', 'name': {'title': 'Ms', 'first': 'Hellen', 'last': 'Meulendijk'}, 'location': {'street': {'number': 1557, 'name': 'Amstelslag'}, 'city': 'Den Bommel', 'state': 'Utrecht', 'country': 'Netherlands', 'postcode': '7118 QW', 'coordinates': {'latitude': '38.0625', 'longitude': '131.7045'}, 'timezone': {'offset': '+5:45', 'description': 'Kathmandu'}}, 'email': 'hellen.meulendijk@example.com', 'login': {'uuid': '57dc202c-b4ce-48df-afe8-93fc4fcd4689', 'username': 'lazymeercat279', 'password': 'turkey50', 'salt': 'qX4H17k0', 'md5': 'a5abbcdd8d7ad6e350a70f6daa0af12c', 'sha1': '62bf6ec7cba315b4ec73ef863fcf6c50cc4d746d', 'sha256': '426467ecb6cb42a9826ff1db14d398c3bb137a7d854aa97fc135fc35f21d6033'}, 'dob': {'date': '1999-10-04T12:57:42.523Z', 'age': 24}, 'registered': {'date': '2018-07-24T02:01:27.361Z', 'age': 5}, 'phone': '(0095) 392452', 'cell': '(06) 01491819', 'id': {'name': 'BSN', 'value': '08544117'}, 'picture': {'large': 'https://randomuser.me/api/portraits/women/24.jpg', 'medium': 'https://randomuser.me/api/portraits/med/women/24.jpg', 'thumbnail': 'https://randomuser.me/api/portraits/thumb/women/24.jpg'}, 'nat': 'NL'}</msg>
<arg>${json_data['results'][0]}</arg>
<doc>Logs the given message with the given level.</doc>
<status status="PASS" start="2024-07-15T17:13:56.569362" elapsed="0.000389"/>
</kw>
<kw name="Log" owner="BuiltIn">
<msg time="2024-07-15T17:13:56.570164" level="INFO">login</msg>
<arg>${key}</arg>
<doc>Logs the given message with the given level.</doc>
<status status="PASS" start="2024-07-15T17:13:56.570039" elapsed="0.000162"/>
</kw>
<var name="${key}">login</var>
<status status="PASS" start="2024-07-15T17:13:56.568679" elapsed="0.001735"/>
</iter>
<var>${key}</var>
<value>@{expected_keys}</value>
<status status="PASS" start="2024-07-15T17:13:56.560603" elapsed="0.009929"/>
</for>
<kw name="Create List" owner="BuiltIn">
<msg time="2024-07-15T17:13:56.570867" level="INFO">${expected_keysTwo} = ['username', 'password']</msg>
<var>${expected_keysTwo}</var>
<arg>username</arg>
<arg>password</arg>
<doc>Returns a list containing given items.</doc>
<status status="PASS" start="2024-07-15T17:13:56.570728" elapsed="0.000163"/>
</kw>
<for flavor="IN">
<iter>
<kw name="Dictionary Should Contain Key" owner="Collections">
<arg>${json_data['results'][0]['login']}</arg>
<arg>${keyTwo}</arg>
<doc>Fails if ``key`` is not found from ``dictionary``.</doc>
<status status="PASS" start="2024-07-15T17:13:56.571410" elapsed="0.000387"/>
</kw>
<kw name="Dictionary Should Contain Key" owner="Collections">
<arg>${json_data['results'][0]['login']}</arg>
<arg>${keyTwo}</arg>
<doc>Fails if ``key`` is not found from ``dictionary``.</doc>
<status status="PASS" start="2024-07-15T17:13:56.571976" elapsed="0.000370"/>
</kw>
<kw name="Log" owner="BuiltIn">
<msg time="2024-07-15T17:13:56.572673" level="INFO">username</msg>
<arg>${keyTwo}</arg>
<doc>Logs the given message with the given level.</doc>
<status status="PASS" start="2024-07-15T17:13:56.572527" elapsed="0.000198"/>
</kw>
<var name="${keyTwo}">username</var>
<status status="PASS" start="2024-07-15T17:13:56.571303" elapsed="0.001644"/>
</iter>
<iter>
<kw name="Dictionary Should Contain Key" owner="Collections">
<arg>${json_data['results'][0]['login']}</arg>
<arg>${keyTwo}</arg>
<doc>Fails if ``key`` is not found from ``dictionary``.</doc>
<status status="PASS" start="2024-07-15T17:13:56.573225" elapsed="0.000385"/>
</kw>
<kw name="Dictionary Should Contain Key" owner="Collections">
<arg>${json_data['results'][0]['login']}</arg>
<arg>${keyTwo}</arg>
<doc>Fails if ``key`` is not found from ``dictionary``.</doc>
<status status="PASS" start="2024-07-15T17:13:56.573787" elapsed="0.000363"/>
</kw>
<kw name="Log" owner="BuiltIn">
<msg time="2024-07-15T17:13:56.574440" level="INFO">password</msg>
<arg>${keyTwo}</arg>
<doc>Logs the given message with the given level.</doc>
<status status="PASS" start="2024-07-15T17:13:56.574323" elapsed="0.000157"/>
</kw>
<var name="${keyTwo}">password</var>
<status status="PASS" start="2024-07-15T17:13:56.573118" elapsed="0.001696"/>
</iter>
<var>${keyTwo}</var>
<value>@{expected_keysTwo}</value>
<status status="PASS" start="2024-07-15T17:13:56.571152" elapsed="0.003793"/>
</for>
<status status="PASS" start="2024-07-15T17:13:50.090126" elapsed="6.484962"/>
</kw>
<doc>Testa a estrutura da resposta da API.</doc>
<tag>testeEstruturaResposta</tag>
<status status="PASS" start="2024-07-15T17:13:50.089605" elapsed="6.485653"/>
</test>
<test id="s1-s1-t4" name="Validar tipos de dados" line="28">
<kw name="Teste de Tipos de Dados" owner="random-user-service">
<kw name="GET On Session" owner="RequestsLibrary">
<msg time="2024-07-15T17:13:58.708679" level="INFO">GET Request : url=https://randomuser.me/api 
 path_url=/api 
 headers={'User-Agent': 'python-requests/2.32.3', 'Accept-Encoding': 'gzip, deflate', 'Accept': '*/*', 'Connection': 'keep-alive'} 
 body=None 
 </msg>
<msg time="2024-07-15T17:13:58.708781" level="INFO">GET Response : url=https://randomuser.me/api 
 status=200, reason=OK 
 headers={'Date': 'Mon, 15 Jul 2024 17:13:58 GMT', 'Content-Type': 'application/json; charset=utf-8', 'Transfer-Encoding': 'chunked', 'Connection': 'keep-alive', 'X-Powered-By': 'Express', 'Access-Control-Allow-Origin': '*', 'Cache-Control': 'no-cache', 'ETag': 'W/"48e-Gy+azVmSi+9c7+VH/tGapzvB3ls"', 'Vary': 'Accept-Encoding', 'Content-Encoding': 'gzip', 'CF-Cache-Status': 'DYNAMIC', 'Report-To': '{"endpoints":[{"url":"https:\\/\\/a.nel.cloudflare.com\\/report\\/v4?s=MpL3woMVWZ%2BxJPtw%2B9vmkUzQ7LblanHEQ%2BfsIFwpxrUcyjZZcfo%2F8ghIc6vtWZfo2HwuVOnLV%2FBkxbTJmLHw00NjUPmupDumoZS5ffUc7gQNCNER%2Fp1lPzMRZIaEpBdi"}],"group":"cf-nel","max_age":604800}', 'NEL': '{"success_fraction":0,"report_to":"cf-nel","max_age":604800}', 'Server': 'cloudflare', 'CF-RAY': '8a3b62d0aab55934-IAD', 'alt-svc': 'h3=":443"; ma=86400'} 
 body={"results":[{"gender":"male","name":{"title":"Monsieur","first":"Gian","last":"Pierre"},"location":{"street":{"number":1139,"name":"Rue de la Barre"},"city":"Hemmiken","state":"Appenzell Innerrhoden","country":"Switzerland","postcode":9251,"coordinates":{"latitude":"-62.5400","longitude":"-156.0312"},"timezone":{"offset":"-9:00","description":"Alaska"}},"email":"gian.pierre@example.com","login":{"uuid":"5d11a617-2681-4ac6-8d95-8c9bec1d369f","username":"organicgoose561","password":"sleepy","salt":"ixFfOYxc","md5":"723d13c55498701b025dca188e9b7bab","sha1":"dd6b2f7ca31e6d96617fda425023db889f89e446","sha256":"78c20fcb463a060ea41624339f1a6e09fa6ea6d55f79c27fb1823fa7a1c29e18"},"dob":{"date":"1990-01-29T01:39:53.708Z","age":34},"registered":{"date":"2013-11-04T19:32:36.433Z","age":10},"phone":"078 082 35 95","cell":"077 227 26 83","id":{"name":"AVS","value":"756.4002.9738.08"},"picture":{"large":"https://randomuser.me/api/portraits/men/69.jpg","medium":"https://randomuser.me/api/portraits/med/men/69.jpg","thumbnail":"https://randomuser.me/api/portraits/thumb/men/69.jpg"},"nat":"CH"}],"info":{"seed":"987084db02191fb2","results":1,"page":1,"version":"1.4"}} 
 </msg>
<msg time="2024-07-15T17:13:58.708851" level="INFO">/opt/hostedtoolcache/Python/3.12.4/x64/lib/python3.12/site-packages/urllib3/connectionpool.py:1099: InsecureRequestWarning: Unverified HTTPS request is being made to host 'randomuser.me'. Adding certificate verification is strongly advised. See: https://urllib3.readthedocs.io/en/latest/advanced-usage.html#tls-warnings
  warnings.warn(</msg>
<msg time="2024-07-15T17:13:58.708965" level="INFO">${response} = &lt;Response [200]&gt;</msg>
<var>${response}</var>
<arg>consultarAPI</arg>
<arg>/api</arg>
<doc>Sends a GET request on a previously created HTTP Session.</doc>
<status status="PASS" start="2024-07-15T17:13:56.577796" elapsed="2.131212"/>
</kw>
<kw name="Set Variable" owner="BuiltIn">
<msg time="2024-07-15T17:13:58.710064" level="INFO">${json_data} = {'results': [{'gender': 'male', 'name': {'title': 'Monsieur', 'first': 'Gian', 'last': 'Pierre'}, 'location': {'street': {'number': 1139, 'name': 'Rue de la Barre'}, 'city': 'Hemmiken', 'state': 'Appe...</msg>
<var>${json_data}</var>
<arg>${response.json()}</arg>
<doc>Returns the given values which can then be assigned to a variables.</doc>
<status status="PASS" start="2024-07-15T17:13:58.709532" elapsed="0.000562"/>
</kw>
<kw name="Log" owner="BuiltIn">
<msg time="2024-07-15T17:13:58.710553" level="INFO">{'results': [{'gender': 'male', 'name': {'title': 'Monsieur', 'first': 'Gian', 'last': 'Pierre'}, 'location': {'street': {'number': 1139, 'name': 'Rue de la Barre'}, 'city': 'Hemmiken', 'state': 'Appenzell Innerrhoden', 'country': 'Switzerland', 'postcode': 9251, 'coordinates': {'latitude': '-62.5400', 'longitude': '-156.0312'}, 'timezone': {'offset': '-9:00', 'description': 'Alaska'}}, 'email': 'gian.pierre@example.com', 'login': {'uuid': '5d11a617-2681-4ac6-8d95-8c9bec1d369f', 'username': 'organicgoose561', 'password': 'sleepy', 'salt': 'ixFfOYxc', 'md5': '723d13c55498701b025dca188e9b7bab', 'sha1': 'dd6b2f7ca31e6d96617fda425023db889f89e446', 'sha256': '78c20fcb463a060ea41624339f1a6e09fa6ea6d55f79c27fb1823fa7a1c29e18'}, 'dob': {'date': '1990-01-29T01:39:53.708Z', 'age': 34}, 'registered': {'date': '2013-11-04T19:32:36.433Z', 'age': 10}, 'phone': '078 082 35 95', 'cell': '077 227 26 83', 'id': {'name': 'AVS', 'value': '756.4002.9738.08'}, 'picture': {'large': 'https://randomuser.me/api/portraits/men/69.jpg', 'medium': 'https://randomuser.me/api/portraits/med/men/69.jpg', 'thumbnail': 'https://randomuser.me/api/portraits/thumb/men/69.jpg'}, 'nat': 'CH'}], 'info': {'seed': '987084db02191fb2', 'results': 1, 'page': 1, 'version': '1.4'}}</msg>
<arg>${json_data}</arg>
<doc>Logs the given message with the given level.</doc>
<status status="PASS" start="2024-07-15T17:13:58.710397" elapsed="0.000204"/>
</kw>
<kw name="Should Be String" owner="String">
<arg>${json_data['results'][0]['gender']}</arg>
<doc>Fails if the given ``item`` is not a string.</doc>
<status status="PASS" start="2024-07-15T17:13:58.710886" elapsed="0.000354"/>
</kw>
<kw name="Should Match Regexp" owner="BuiltIn">
<arg>${json_data['results'][0]['email']}</arg>
<arg>^[a-zA-Z0-9._%+-]+@[a-zA-Z0-9.-]+\.[a-zA-Z]{2,}$</arg>
<doc>Fails if ``string`` does not match ``pattern`` as a regular expression.</doc>
<status status="PASS" start="2024-07-15T17:13:58.711426" elapsed="0.000508"/>
</kw>
<kw name="Should Match Regexp" owner="BuiltIn">
<arg>${json_data['results'][0]['dob']['date']}</arg>
<arg>\\d{4}-\\d{2}-\\d{2}T\\d{2}:\\d{2}:\\d{2}\\.\\d{3}Z</arg>
<doc>Fails if ``string`` does not match ``pattern`` as a regular expression.</doc>
<status status="PASS" start="2024-07-15T17:13:58.712162" elapsed="0.000511"/>
</kw>
<kw name="Should Match Regexp" owner="BuiltIn">
<arg>${json_data['results'][0]['registered']['date']}</arg>
<arg>\\d{4}-\\d{2}-\\d{2}T\\d{2}:\\d{2}:\\d{2}\\.\\d{3}Z</arg>
<doc>Fails if ``string`` does not match ``pattern`` as a regular expression.</doc>
<status status="PASS" start="2024-07-15T17:13:58.712872" elapsed="0.000367"/>
</kw>
<kw name="Should Match Regexp" owner="BuiltIn">
<arg>${json_data['results'][0]['picture']['large']}</arg>
<arg>^https?://.*\.(?:png|jpe?g|gif|bmp)$</arg>
<doc>Fails if ``string`` does not match ``pattern`` as a regular expression.</doc>
<status status="PASS" start="2024-07-15T17:13:58.713424" elapsed="0.000451"/>
</kw>
<kw name="Should Match Regexp" owner="BuiltIn">
<arg>${json_data['results'][0]['picture']['medium']}</arg>
<arg>^https?://.*\.(?:png|jpe?g|gif|bmp)$</arg>
<doc>Fails if ``string`` does not match ``pattern`` as a regular expression.</doc>
<status status="PASS" start="2024-07-15T17:13:58.714061" elapsed="0.000346"/>
</kw>
<kw name="Should Match Regexp" owner="BuiltIn">
<arg>${json_data['results'][0]['picture']['thumbnail']}</arg>
<arg>^https?://.*\.(?:png|jpe?g|gif|bmp)$</arg>
<doc>Fails if ``string`` does not match ``pattern`` as a regular expression.</doc>
<status status="PASS" start="2024-07-15T17:13:58.714588" elapsed="0.000350"/>
</kw>
<kw name="Log" owner="BuiltIn">
<msg time="2024-07-15T17:13:58.715440" level="INFO">{'large': 'https://randomuser.me/api/portraits/men/69.jpg', 'medium': 'https://randomuser.me/api/portraits/med/men/69.jpg', 'thumbnail': 'https://randomuser.me/api/portraits/thumb/men/69.jpg'}</msg>
<arg>${json_data['results'][0]['picture']}</arg>
<doc>Logs the given message with the given level.</doc>
<status status="PASS" start="2024-07-15T17:13:58.715118" elapsed="0.000363"/>
</kw>
<status status="PASS" start="2024-07-15T17:13:56.577569" elapsed="2.138170"/>
</kw>
<kw name="Teste de Tipos de Dados - Postcode" owner="random-user-service">
<kw name="GET On Session" owner="RequestsLibrary">
<msg time="2024-07-15T17:13:59.366118" level="INFO">GET Request : url=https://randomuser.me/api 
 path_url=/api 
 headers={'User-Agent': 'python-requests/2.32.3', 'Accept-Encoding': 'gzip, deflate', 'Accept': '*/*', 'Connection': 'keep-alive'} 
 body=None 
 </msg>
<msg time="2024-07-15T17:13:59.366215" level="INFO">GET Response : url=https://randomuser.me/api 
 status=200, reason=OK 
 headers={'Date': 'Mon, 15 Jul 2024 17:13:59 GMT', 'Content-Type': 'application/json; charset=utf-8', 'Transfer-Encoding': 'chunked', 'Connection': 'keep-alive', 'X-Powered-By': 'Express', 'Access-Control-Allow-Origin': '*', 'Cache-Control': 'no-cache', 'ETag': 'W/"497-jOPgQXwQ0xvDaNTj5UlRYaHqJFY"', 'Vary': 'Accept-Encoding', 'Content-Encoding': 'gzip', 'CF-Cache-Status': 'DYNAMIC', 'Report-To': '{"endpoints":[{"url":"https:\\/\\/a.nel.cloudflare.com\\/report\\/v4?s=1mNxaq3aTQQU2SvziK1xk4R3xK4Xo2tPC9G8Cmr%2BrjtIhb%2BKRIpkEsYhQ%2Bso5MEJ1gtu5BfRVEnTWUfZ45zCWVleU5oe%2FoIU8O%2B%2BfMollxWEILCfFp2MUfUnlwKnefTK"}],"group":"cf-nel","max_age":604800}', 'NEL': '{"success_fraction":0,"report_to":"cf-nel","max_age":604800}', 'Server': 'cloudflare', 'CF-RAY': '8a3b62de08935934-IAD', 'alt-svc': 'h3=":443"; ma=86400'} 
 body={"results":[{"gender":"female","name":{"title":"Mrs","first":"Elzbieta","last":"Schrade"},"location":{"street":{"number":8768,"name":"Meisenweg"},"city":"Solms","state":"Hessen","country":"Germany","postcode":81282,"coordinates":{"latitude":"-51.8641","longitude":"97.4713"},"timezone":{"offset":"+5:30","description":"Bombay, Calcutta, Madras, New Delhi"}},"email":"elzbieta.schrade@example.com","login":{"uuid":"4cabead6-c949-4d6a-b3ef-7d4ff87b8b3e","username":"yellowladybug887","password":"tony","salt":"KrKZAP9p","md5":"d1dcfb26f783fd59b33b9e6f2301eb8c","sha1":"8ebac5088477e467af84fa91582f9f9dfd6f9bce","sha256":"9e991498440761bb124c1ad0ab34d896b9d824c2b5600d27bd76dfbe5742e851"},"dob":{"date":"1962-01-26T06:41:05.949Z","age":62},"registered":{"date":"2022-01-12T05:58:25.868Z","age":2},"phone":"0547-5729596","cell":"0176-0984714","id":{"name":"SVNR","value":"19 260162 S 559"},"picture":{"large":"https://randomuser.me/api/portraits/women/96.jpg","medium":"https://randomuser.me/api/portraits/med/women/96.jpg","thumbnail":"https://randomuser.me/api/portraits/thumb/women/96.jpg"},"nat":"DE"}],"info":{"seed":"67eb36469d46fd4c","results":1,"page":1,"version":"1.4"}} 
 </msg>
<msg time="2024-07-15T17:13:59.366283" level="INFO">/opt/hostedtoolcache/Python/3.12.4/x64/lib/python3.12/site-packages/urllib3/connectionpool.py:1099: InsecureRequestWarning: Unverified HTTPS request is being made to host 'randomuser.me'. Adding certificate verification is strongly advised. See: https://urllib3.readthedocs.io/en/latest/advanced-usage.html#tls-warnings
  warnings.warn(</msg>
<msg time="2024-07-15T17:13:59.366399" level="INFO">${response} = &lt;Response [200]&gt;</msg>
<var>${response}</var>
<arg>consultarAPI</arg>
<arg>/api</arg>
<doc>Sends a GET request on a previously created HTTP Session.</doc>
<status status="PASS" start="2024-07-15T17:13:58.716195" elapsed="0.650240"/>
</kw>
<kw name="Set Variable" owner="BuiltIn">
<msg time="2024-07-15T17:13:59.367482" level="INFO">${json_data} = {'results': [{'gender': 'female', 'name': {'title': 'Mrs', 'first': 'Elzbieta', 'last': 'Schrade'}, 'location': {'street': {'number': 8768, 'name': 'Meisenweg'}, 'city': 'Solms', 'state': 'Hessen', 'c...</msg>
<var>${json_data}</var>
<arg>${response.json()}</arg>
<doc>Returns the given values which can then be assigned to a variables.</doc>
<status status="PASS" start="2024-07-15T17:13:59.366957" elapsed="0.000554"/>
</kw>
<kw name="Log" owner="BuiltIn">
<msg time="2024-07-15T17:13:59.367974" level="INFO">{'results': [{'gender': 'female', 'name': {'title': 'Mrs', 'first': 'Elzbieta', 'last': 'Schrade'}, 'location': {'street': {'number': 8768, 'name': 'Meisenweg'}, 'city': 'Solms', 'state': 'Hessen', 'country': 'Germany', 'postcode': 81282, 'coordinates': {'latitude': '-51.8641', 'longitude': '97.4713'}, 'timezone': {'offset': '+5:30', 'description': 'Bombay, Calcutta, Madras, New Delhi'}}, 'email': 'elzbieta.schrade@example.com', 'login': {'uuid': '4cabead6-c949-4d6a-b3ef-7d4ff87b8b3e', 'username': 'yellowladybug887', 'password': 'tony', 'salt': 'KrKZAP9p', 'md5': 'd1dcfb26f783fd59b33b9e6f2301eb8c', 'sha1': '8ebac5088477e467af84fa91582f9f9dfd6f9bce', 'sha256': '9e991498440761bb124c1ad0ab34d896b9d824c2b5600d27bd76dfbe5742e851'}, 'dob': {'date': '1962-01-26T06:41:05.949Z', 'age': 62}, 'registered': {'date': '2022-01-12T05:58:25.868Z', 'age': 2}, 'phone': '0547-5729596', 'cell': '0176-0984714', 'id': {'name': 'SVNR', 'value': '19 260162 S 559'}, 'picture': {'large': 'https://randomuser.me/api/portraits/women/96.jpg', 'medium': 'https://randomuser.me/api/portraits/med/women/96.jpg', 'thumbnail': 'https://randomuser.me/api/portraits/thumb/women/96.jpg'}, 'nat': 'DE'}], 'info': {'seed': '67eb36469d46fd4c', 'results': 1, 'page': 1, 'version': '1.4'}}</msg>
<arg>${json_data}</arg>
<doc>Logs the given message with the given level.</doc>
<status status="PASS" start="2024-07-15T17:13:59.367820" elapsed="0.000200"/>
</kw>
<kw name="Should Be Equal As Numbers" owner="BuiltIn">
<arg>${json_data['results'][0]['location']['postcode']}</arg>
<arg>${json_data['results'][0]['location']['postcode']}</arg>
<doc>Fails if objects are unequal after converting them to real numbers.</doc>
<status status="PASS" start="2024-07-15T17:13:59.368308" elapsed="0.000670"/>
</kw>
<kw name="Log" owner="BuiltIn">
<msg time="2024-07-15T17:13:59.369664" level="INFO">81282</msg>
<arg>${json_data['results'][0]['location']['postcode']}</arg>
<doc>Logs the given message with the given level.</doc>
<status status="PASS" start="2024-07-15T17:13:59.369165" elapsed="0.000539"/>
</kw>
<status status="PASS" start="2024-07-15T17:13:58.715966" elapsed="0.654022"/>
</kw>
<doc>Testa se os tipos de dados na resposta da API estão corretos.</doc>
<tag>testeTiposDados</tag>
<status status="PASS" start="2024-07-15T17:13:56.577094" elapsed="2.793063"/>
</test>
<test id="s1-s1-t5" name="Validar conteudo" line="35">
<kw name="Teste de Tipos de Conteudo" owner="random-user-service">
<kw name="GET On Session" owner="RequestsLibrary">
<msg time="2024-07-15T17:13:59.626568" level="INFO">GET Request : url=https://randomuser.me/api 
 path_url=/api 
 headers={'User-Agent': 'python-requests/2.32.3', 'Accept-Encoding': 'gzip, deflate', 'Accept': '*/*', 'Connection': 'keep-alive'} 
 body=None 
 </msg>
<msg time="2024-07-15T17:13:59.626667" level="INFO">GET Response : url=https://randomuser.me/api 
 status=200, reason=OK 
 headers={'Date': 'Mon, 15 Jul 2024 17:13:59 GMT', 'Content-Type': 'application/json; charset=utf-8', 'Transfer-Encoding': 'chunked', 'Connection': 'keep-alive', 'X-Powered-By': 'Express', 'Access-Control-Allow-Origin': '*', 'Cache-Control': 'no-cache', 'ETag': 'W/"48a-8gtYhdjF63krKhMOwoNenfPT84c"', 'Vary': 'Accept-Encoding', 'Content-Encoding': 'gzip', 'CF-Cache-Status': 'DYNAMIC', 'Report-To': '{"endpoints":[{"url":"https:\\/\\/a.nel.cloudflare.com\\/report\\/v4?s=zYhNN0t8s7Iu3mkYmGeumxBVsT%2FJubA%2FzpSMPa0nN1uJYS7vt94U%2BN2GiJjiEKVon4B2waCcEqHWMCg7imlX8UpBDVublBN3lSzg7a6XRZmO%2F%2FvzWcr0REQjvbYImWT1"}],"group":"cf-nel","max_age":604800}', 'NEL': '{"success_fraction":0,"report_to":"cf-nel","max_age":604800}', 'Server': 'cloudflare', 'CF-RAY': '8a3b62e21c775934-IAD', 'alt-svc': 'h3=":443"; ma=86400'} 
 body={"results":[{"gender":"female","name":{"title":"Mrs","first":"Melany","last":"Duister"},"location":{"street":{"number":3402,"name":"De Lage Paarden"},"city":"Wehe-Den Hoorn","state":"Overijssel","country":"Netherlands","postcode":"8839 FB","coordinates":{"latitude":"36.0336","longitude":"61.6428"},"timezone":{"offset":"-9:00","description":"Alaska"}},"email":"melany.duister@example.com","login":{"uuid":"a39155eb-c177-4e19-9de3-bcd48c25d6d2","username":"brownpanda780","password":"topper","salt":"hEE3dKJZ","md5":"18bd483278f25df5f570570bf9bdd341","sha1":"2a8fe820d13cd06c98ed0bd9382faedbc11840c4","sha256":"85d36661fad0438ade3b6dd68437b4218e1beb80aab729959ddc31efb33e1b65"},"dob":{"date":"1992-04-16T12:02:49.994Z","age":32},"registered":{"date":"2007-08-31T00:36:58.740Z","age":16},"phone":"(071) 3838187","cell":"(06) 22721558","id":{"name":"BSN","value":"16865615"},"picture":{"large":"https://randomuser.me/api/portraits/women/54.jpg","medium":"https://randomuser.me/api/portraits/med/women/54.jpg","thumbnail":"https://randomuser.me/api/portraits/thumb/women/54.jpg"},"nat":"NL"}],"info":{"seed":"97dd50b30c5d9e5f","results":1,"page":1,"version":"1.4"}} 
 </msg>
<msg time="2024-07-15T17:13:59.626735" level="INFO">/opt/hostedtoolcache/Python/3.12.4/x64/lib/python3.12/site-packages/urllib3/connectionpool.py:1099: InsecureRequestWarning: Unverified HTTPS request is being made to host 'randomuser.me'. Adding certificate verification is strongly advised. See: https://urllib3.readthedocs.io/en/latest/advanced-usage.html#tls-warnings
  warnings.warn(</msg>
<msg time="2024-07-15T17:13:59.626865" level="INFO">${response} = &lt;Response [200]&gt;</msg>
<var>${response}</var>
<arg>consultarAPI</arg>
<arg>/api</arg>
<doc>Sends a GET request on a previously created HTTP Session.</doc>
<status status="PASS" start="2024-07-15T17:13:59.372583" elapsed="0.254323"/>
</kw>
<kw name="Set Variable" owner="BuiltIn">
<msg time="2024-07-15T17:13:59.628107" level="INFO">${json_data} = {'results': [{'gender': 'female', 'name': {'title': 'Mrs', 'first': 'Melany', 'last': 'Duister'}, 'location': {'street': {'number': 3402, 'name': 'De Lage Paarden'}, 'city': 'Wehe-Den Hoorn', 'state':...</msg>
<var>${json_data}</var>
<arg>${response.json()}</arg>
<doc>Returns the given values which can then be assigned to a variables.</doc>
<status status="PASS" start="2024-07-15T17:13:59.627529" elapsed="0.000607"/>
</kw>
<kw name="Set Variable" owner="BuiltIn">
<msg time="2024-07-15T17:13:59.628904" level="INFO">${name_title} = Mrs</msg>
<var>${name_title}</var>
<arg>${json_data["results"][0]["name"]["title"]}</arg>
<doc>Returns the given values which can then be assigned to a variables.</doc>
<status status="PASS" start="2024-07-15T17:13:59.628457" elapsed="0.000473"/>
</kw>
<kw name="Create List" owner="BuiltIn">
<msg time="2024-07-15T17:13:59.629379" level="INFO">${allowed_titles} = ['Mr', 'Ms', 'Miss', 'Mrs', 'Madame', 'Monsieur']</msg>
<var>${allowed_titles}</var>
<arg>Mr</arg>
<arg>Ms</arg>
<arg>Miss</arg>
<arg>Mrs</arg>
<arg>Madame</arg>
<arg>Monsieur</arg>
<doc>Returns a list containing given items.</doc>
<status status="PASS" start="2024-07-15T17:13:59.629227" elapsed="0.000176"/>
</kw>
<kw name="List Should Contain Value" owner="Collections">
<arg>${allowed_titles}</arg>
<arg>${name_title}</arg>
<doc>Fails if the ``value`` is not found from ``list``.</doc>
<status status="PASS" start="2024-07-15T17:13:59.629703" elapsed="0.000176"/>
</kw>
<kw name="Set Variable" owner="BuiltIn">
<msg time="2024-07-15T17:13:59.630427" level="INFO">${name_country} = NL</msg>
<var>${name_country}</var>
<arg>${json_data["results"][0]["nat"]}</arg>
<doc>Returns the given values which can then be assigned to a variables.</doc>
<status status="PASS" start="2024-07-15T17:13:59.630056" elapsed="0.000397"/>
</kw>
<kw name="Create List" owner="BuiltIn">
<msg time="2024-07-15T17:13:59.631334" level="INFO">${list_country} = ['AD', 'AE', 'AF', 'AG', 'AI', 'AL', 'AM', 'AO', 'AQ', 'AR', 'AS', 'AT', 'AU', 'AW', 'AX', 'AZ', 'BA', 'BB', 'BD', 'BE', 'BF', 'BG', 'BH', 'BI', 'BJ', 'BL', 'BM', 'BN', 'BO', 'BQ', 'BR', 'BS', 'BT', '...</msg>
<var>${list_country}</var>
<arg>AD</arg>
<arg>AE</arg>
<arg>AF</arg>
<arg>AG</arg>
<arg>AI</arg>
<arg>AL</arg>
<arg>AM</arg>
<arg>AO</arg>
<arg>AQ</arg>
<arg>AR</arg>
<arg>AS</arg>
<arg>AT</arg>
<arg>AU</arg>
<arg>AW</arg>
<arg>AX</arg>
<arg>AZ</arg>
<arg>BA</arg>
<arg>BB</arg>
<arg>BD</arg>
<arg>BE</arg>
<arg>BF</arg>
<arg>BG</arg>
<arg>BH</arg>
<arg>BI</arg>
<arg>BJ</arg>
<arg>BL</arg>
<arg>BM</arg>
<arg>BN</arg>
<arg>BO</arg>
<arg>BQ</arg>
<arg>BR</arg>
<arg>BS</arg>
<arg>BT</arg>
<arg>BV</arg>
<arg>BW</arg>
<arg>BY</arg>
<arg>BZ</arg>
<arg>CA</arg>
<arg>CC</arg>
<arg>CD</arg>
<arg>CF</arg>
<arg>CG</arg>
<arg>CH</arg>
<arg>CI</arg>
<arg>CK</arg>
<arg>CL</arg>
<arg>CM</arg>
<arg>CN</arg>
<arg>CO</arg>
<arg>CR</arg>
<arg>CU</arg>
<arg>CV</arg>
<arg>CW</arg>
<arg>CX</arg>
<arg>CY</arg>
<arg>CZ</arg>
<arg>DE</arg>
<arg>DJ</arg>
<arg>DK</arg>
<arg>DM</arg>
<arg>DO</arg>
<arg>DZ</arg>
<arg>EC</arg>
<arg>EE</arg>
<arg>EG</arg>
<arg>EH</arg>
<arg>ER</arg>
<arg>ES</arg>
<arg>ET</arg>
<arg>FI</arg>
<arg>FJ</arg>
<arg>FK</arg>
<arg>FM</arg>
<arg>FO</arg>
<arg>FR</arg>
<arg>GA</arg>
<arg>GB</arg>
<arg>GD</arg>
<arg>GE</arg>
<arg>GF</arg>
<arg>GG</arg>
<arg>GH</arg>
<arg>GI</arg>
<arg>GL</arg>
<arg>GM</arg>
<arg>GN</arg>
<arg>GP</arg>
<arg>GQ</arg>
<arg>GR</arg>
<arg>GS</arg>
<arg>GT</arg>
<arg>GU</arg>
<arg>GW</arg>
<arg>GY</arg>
<arg>HK</arg>
<arg>HM</arg>
<arg>HN</arg>
<arg>HR</arg>
<arg>HT</arg>
<arg>HU</arg>
<arg>ID</arg>
<arg>IE</arg>
<arg>IL</arg>
<arg>IM</arg>
<arg>IN</arg>
<arg>IO</arg>
<arg>IQ</arg>
<arg>IR</arg>
<arg>IS</arg>
<arg>IT</arg>
<arg>JE</arg>
<arg>JM</arg>
<arg>JO</arg>
<arg>JP</arg>
<arg>KE</arg>
<arg>KG</arg>
<arg>KH</arg>
<arg>KI</arg>
<arg>KM</arg>
<arg>KN</arg>
<arg>KP</arg>
<arg>KR</arg>
<arg>KW</arg>
<arg>KY</arg>
<arg>KZ</arg>
<arg>LA</arg>
<arg>LB</arg>
<arg>LC</arg>
<arg>LI</arg>
<arg>LK</arg>
<arg>LR</arg>
<arg>LS</arg>
<arg>LT</arg>
<arg>LU</arg>
<arg>LV</arg>
<arg>LY</arg>
<arg>MA</arg>
<arg>MC</arg>
<arg>MD</arg>
<arg>ME</arg>
<arg>MF</arg>
<arg>MG</arg>
<arg>MH</arg>
<arg>MK</arg>
<arg>ML</arg>
<arg>MM</arg>
<arg>MN</arg>
<arg>MO</arg>
<arg>MP</arg>
<arg>MQ</arg>
<arg>MR</arg>
<arg>MS</arg>
<arg>MT</arg>
<arg>MU</arg>
<arg>MV</arg>
<arg>MW</arg>
<arg>MX</arg>
<arg>MY</arg>
<arg>MZ</arg>
<arg>NA</arg>
<arg>NC</arg>
<arg>NE</arg>
<arg>NF</arg>
<arg>NG</arg>
<arg>NI</arg>
<arg>NL</arg>
<arg>NO</arg>
<arg>NP</arg>
<arg>NR</arg>
<arg>NU</arg>
<arg>NZ</arg>
<arg>OM</arg>
<arg>PA</arg>
<arg>PE</arg>
<arg>PF</arg>
<arg>PG</arg>
<arg>PH</arg>
<arg>PK</arg>
<arg>PL</arg>
<arg>PM</arg>
<arg>PN</arg>
<arg>PR</arg>
<arg>PS</arg>
<arg>PT</arg>
<arg>PW</arg>
<arg>PY</arg>
<arg>QA</arg>
<arg>RE</arg>
<arg>RO</arg>
<arg>RS</arg>
<arg>RU</arg>
<arg>RW</arg>
<arg>SA</arg>
<arg>SB</arg>
<arg>SC</arg>
<arg>SD</arg>
<arg>SE</arg>
<arg>SG</arg>
<arg>SH</arg>
<arg>SI</arg>
<arg>SJ</arg>
<arg>SK</arg>
<arg>SL</arg>
<arg>SM</arg>
<arg>SN</arg>
<arg>SO</arg>
<arg>SR</arg>
<arg>SS</arg>
<arg>ST</arg>
<arg>SV</arg>
<arg>SX</arg>
<arg>SY</arg>
<arg>SZ</arg>
<arg>TC</arg>
<arg>TD</arg>
<arg>TF</arg>
<arg>TG</arg>
<arg>TH</arg>
<arg>TJ</arg>
<arg>TK</arg>
<arg>TL</arg>
<arg>TM</arg>
<arg>TN</arg>
<arg>TO</arg>
<arg>TR</arg>
<arg>TT</arg>
<arg>TV</arg>
<arg>TW</arg>
<arg>TZ</arg>
<arg>UA</arg>
<arg>UG</arg>
<arg>UM</arg>
<arg>US</arg>
<arg>UY</arg>
<arg>UZ</arg>
<arg>VA</arg>
<arg>VC</arg>
<arg>VE</arg>
<arg>VG</arg>
<arg>VI</arg>
<arg>VN</arg>
<arg>VU</arg>
<arg>WF</arg>
<arg>WS</arg>
<arg>XK</arg>
<arg>YE</arg>
<arg>YT</arg>
<arg>ZA</arg>
<arg>ZM</arg>
<arg>ZW</arg>
<doc>Returns a list containing given items.</doc>
<status status="PASS" start="2024-07-15T17:13:59.630741" elapsed="0.000621"/>
</kw>
<kw name="List Should Contain Value" owner="Collections">
<arg>${list_country}</arg>
<arg>${name_country}</arg>
<doc>Fails if the ``value`` is not found from ``list``.</doc>
<status status="PASS" start="2024-07-15T17:13:59.632155" elapsed="0.000201"/>
</kw>
<kw name="Run Keyword If" owner="BuiltIn">
<kw name="Should Be True" owner="BuiltIn">
<arg>${True}</arg>
<doc>Fails if the given condition is not true.</doc>
<status status="PASS" start="2024-07-15T17:13:59.633313" elapsed="0.000142"/>
</kw>
<arg>${json_data["results"][0]["location"]["coordinates"]["latitude"]} &gt;= -90 and ${json_data["results"][0]["location"]["coordinates"]["latitude"]} &lt;= 90</arg>
<arg>Should Be True</arg>
<arg>${True}</arg>
<doc>Runs the given keyword with the given arguments, if ``condition`` is true.</doc>
<status status="PASS" start="2024-07-15T17:13:59.632549" elapsed="0.001031"/>
</kw>
<kw name="Run Keyword If" owner="BuiltIn">
<kw name="Should Be True" owner="BuiltIn">
<arg>${True}</arg>
<doc>Fails if the given condition is not true.</doc>
<status status="PASS" start="2024-07-15T17:13:59.634450" elapsed="0.000247"/>
</kw>
<arg>${json_data["results"][0]["location"]["coordinates"]["longitude"]} &gt;= -180 and ${json_data["results"][0]["location"]["coordinates"]["longitude"]} &lt;= 180</arg>
<arg>Should Be True</arg>
<arg>${True}</arg>
<doc>Runs the given keyword with the given arguments, if ``condition`` is true.</doc>
<status status="PASS" start="2024-07-15T17:13:59.633761" elapsed="0.001065"/>
</kw>
<status status="PASS" start="2024-07-15T17:13:59.372362" elapsed="0.262598"/>
</kw>
<doc>Testa o conteúdo específico dos campos retornados pela API.</doc>
<tag>testeConteudo</tag>
<status status="PASS" start="2024-07-15T17:13:59.371907" elapsed="0.263205"/>
</test>
<status status="PASS" start="2024-07-15T17:13:46.320909" elapsed="13.316184"/>
</suite>
<status status="PASS" start="2024-07-15T17:13:46.306402" elapsed="13.335678"/>
</suite>
<statistics>
<total>
<stat pass="5" fail="0" skip="0">All Tests</stat>
</total>
<tag>
<stat pass="1" fail="0" skip="0">testeConteudo</stat>
<stat pass="1" fail="0" skip="0">testeEstruturaResposta</stat>
<stat pass="1" fail="0" skip="0">testeRequisicaoBasica</stat>
<stat pass="1" fail="0" skip="0">testeTiposDados</stat>
</tag>
<suite>
<stat pass="5" fail="0" skip="0" id="s1" name="Tests">Tests</stat>
<stat pass="5" fail="0" skip="0" id="s1-s1" name="Random-User-Test">Tests.Random-User-Test</stat>
</suite>
</statistics>
<errors>
</errors>
</robot>
