<?xml version="1.0" encoding="UTF-8"?>
<robot generator="Robot 7.0 (Python 3.12.3 on linux)" generated="2024-04-27T21:12:10.892995" rpa="false" schemaversion="5">
<suite id="s1" name="Tests" source="/home/runner/work/DesafioQAItauRogerioJordao/DesafioQAItauRogerioJordao/RamdonUser/tests">
<suite id="s1-s1" name="Random-User-Test" source="/home/runner/work/DesafioQAItauRogerioJordao/DesafioQAItauRogerioJordao/RamdonUser/tests/random-user-test.robot">
<test id="s1-s1-t1" name="Conectar" line="13">
<kw name="Conectar API" owner="random-user-service">
<kw name="Create Session" owner="RequestsLibrary">
<msg time="2024-04-27T21:12:11.257392" level="INFO">Creating Session using : alias=consultarAPI, url=https://randomuser.me/, headers={},                     cookies={}, auth=None, timeout=None, proxies=None, verify=False,                     debug=0 </msg>
<arg>consultarAPI</arg>
<arg>${URL}</arg>
<doc>Create Session: create a HTTP session to a server</doc>
<status status="PASS" start="2024-04-27T21:12:11.257192" elapsed="0.000392"/>
</kw>
<status status="PASS" start="2024-04-27T21:12:11.256198" elapsed="0.001791"/>
</kw>
<status status="PASS" start="2024-04-27T21:12:11.255604" elapsed="0.002579"/>
</test>
<test id="s1-s1-t2" name="Validar retorno 200 e JSON Válido" line="16">
<kw name="Teste de Requisicao Basica" owner="random-user-service">
<kw name="GET On Session" owner="RequestsLibrary">
<msg time="2024-04-27T21:12:11.413256" level="INFO">GET Request : url=https://randomuser.me/api 
 path_url=/api 
 headers={'User-Agent': 'python-requests/2.31.0', 'Accept-Encoding': 'gzip, deflate', 'Accept': '*/*', 'Connection': 'keep-alive'} 
 body=None 
 </msg>
<msg time="2024-04-27T21:12:11.413407" level="INFO">GET Response : url=https://randomuser.me/api 
 status=200, reason=OK 
 headers={'Date': 'Sat, 27 Apr 2024 21:12:11 GMT', 'Content-Type': 'application/json; charset=utf-8', 'Transfer-Encoding': 'chunked', 'Connection': 'keep-alive', 'X-Powered-By': 'Express', 'Access-Control-Allow-Origin': '*', 'Cache-Control': 'no-cache', 'ETag': 'W/"48f-QuOrPhKFWHYlSSCtXvno9YYUfh0"', 'Vary': 'Accept-Encoding', 'Content-Encoding': 'gzip', 'CF-Cache-Status': 'DYNAMIC', 'Report-To': '{"endpoints":[{"url":"https:\\/\\/a.nel.cloudflare.com\\/report\\/v4?s=W4IUr9FEA1LUMDQXd%2Fd9ayb9DNCKZT7wpZ5I4pGqlxAbWDRQDfOsBoHGsYX%2Bf9DQLzzV6hCYBP19lgOyHc8GjGDg002Nn3G5rZzqY6IBrfKrgYrp29mRBVsqRly1%2FqkG"}],"group":"cf-nel","max_age":604800}', 'NEL': '{"success_fraction":0,"report_to":"cf-nel","max_age":604800}', 'Server': 'cloudflare', 'CF-RAY': '87b1cf2ebb682b5b-LAX', 'alt-svc': 'h3=":443"; ma=86400'} 
 body={"results":[{"gender":"male","name":{"title":"Mr","first":"Vorotislav","last":"Averchenko"},"location":{"street":{"number":6881,"name":"Kropiv'yanskogo"},"city":"Krolevec","state":"Odeska","country":"Ukraine","postcode":79604,"coordinates":{"latitude":"75.4228","longitude":"-14.3601"},"timezone":{"offset":"-3:00","description":"Brazil, Buenos Aires, Georgetown"}},"email":"vorotislav.averchenko@example.com","login":{"uuid":"305b779c-a55e-48c8-9cce-a703c7636419","username":"smalltiger706","password":"ruth","salt":"Pwu6FYFL","md5":"7e4503a2a9e2562a5d2c8f1b45fb366b","sha1":"8a58b3b700f8b814848dfd41bb01e2234330a28e","sha256":"8976a787954c430571463fa2ca90d315e126d7f796313276742a6697c0de8806"},"dob":{"date":"1969-12-04T11:05:50.628Z","age":54},"registered":{"date":"2002-11-15T07:59:13.182Z","age":21},"phone":"(098) M42-3215","cell":"(096) R65-3502","id":{"name":"","value":null},"picture":{"large":"https://randomuser.me/api/portraits/men/23.jpg","medium":"https://randomuser.me/api/portraits/med/men/23.jpg","thumbnail":"https://randomuser.me/api/portraits/thumb/men/23.jpg"},"nat":"UA"}],"info":{"seed":"4a7a441e78861ff2","results":1,"page":1,"version":"1.4"}} 
 </msg>
<msg time="2024-04-27T21:12:11.413490" level="INFO">/opt/hostedtoolcache/Python/3.12.3/x64/lib/python3.12/site-packages/urllib3/connectionpool.py:1103: InsecureRequestWarning: Unverified HTTPS request is being made to host 'randomuser.me'. Adding certificate verification is strongly advised. See: https://urllib3.readthedocs.io/en/latest/advanced-usage.html#tls-warnings
  warnings.warn(</msg>
<msg time="2024-04-27T21:12:11.413650" level="INFO">${response} = &lt;Response [200]&gt;</msg>
<var>${response}</var>
<arg>consultarAPI</arg>
<arg>/api</arg>
<doc>Sends a GET request on a previously created HTTP Session.</doc>
<status status="PASS" start="2024-04-27T21:12:11.260788" elapsed="0.152904"/>
</kw>
<kw name="Should Be Equal As Numbers" owner="BuiltIn">
<msg time="2024-04-27T21:12:11.414754" level="INFO">Argument types are:
&lt;class 'int'&gt;
&lt;class 'str'&gt;</msg>
<arg>${response.status_code}</arg>
<arg>200</arg>
<doc>Fails if objects are unequal after converting them to real numbers.</doc>
<status status="PASS" start="2024-04-27T21:12:11.414276" elapsed="0.000547"/>
</kw>
<kw name="Log" owner="BuiltIn">
<msg time="2024-04-27T21:12:11.415536" level="INFO">200</msg>
<arg>${response.status_code}</arg>
<doc>Logs the given message with the given level.</doc>
<status status="PASS" start="2024-04-27T21:12:11.415173" elapsed="0.000407"/>
</kw>
<kw name="Set Variable" owner="BuiltIn">
<msg time="2024-04-27T21:12:11.416336" level="INFO">${json_data} = {'results': [{'gender': 'male', 'name': {'title': 'Mr', 'first': 'Vorotislav', 'last': 'Averchenko'}, 'location': {'street': {'number': 6881, 'name': "Kropiv'yanskogo"}, 'city': 'Krolevec', 'state': '...</msg>
<var>${json_data}</var>
<arg>${response.json()}</arg>
<doc>Returns the given values which can then be assigned to a variables.</doc>
<status status="PASS" start="2024-04-27T21:12:11.415893" elapsed="0.000471"/>
</kw>
<kw name="Dictionary Should Contain Key" owner="Collections">
<msg time="2024-04-27T21:12:11.416842" level="INFO">False</msg>
<arg>${json_data}</arg>
<arg>results</arg>
<doc>Fails if ``key`` is not found from ``dictionary``.</doc>
<status status="PASS" start="2024-04-27T21:12:11.416668" elapsed="0.000215"/>
</kw>
<status status="PASS" start="2024-04-27T21:12:11.260546" elapsed="0.156604"/>
</kw>
<doc>Testa se a API responde corretamente e retorna um objeto JSON válido.</doc>
<tag>testeRequisicaoBasica</tag>
<status status="PASS" start="2024-04-27T21:12:11.260061" elapsed="0.157282"/>
</test>
<test id="s1-s1-t3" name="Validar estrutura de resposta" line="22">
<kw name="Teste de Estrutura de Resposta" owner="random-user-service">
<kw name="GET On Session" owner="RequestsLibrary">
<msg time="2024-04-27T21:12:11.515638" level="INFO">GET Request : url=https://randomuser.me/api 
 path_url=/api 
 headers={'User-Agent': 'python-requests/2.31.0', 'Accept-Encoding': 'gzip, deflate', 'Accept': '*/*', 'Connection': 'keep-alive'} 
 body=None 
 </msg>
<msg time="2024-04-27T21:12:11.515740" level="INFO">GET Response : url=https://randomuser.me/api 
 status=200, reason=OK 
 headers={'Date': 'Sat, 27 Apr 2024 21:12:11 GMT', 'Content-Type': 'application/json; charset=utf-8', 'Transfer-Encoding': 'chunked', 'Connection': 'keep-alive', 'X-Powered-By': 'Express', 'Access-Control-Allow-Origin': '*', 'Cache-Control': 'no-cache', 'ETag': 'W/"479-6fb6DjPMkLT0TqOj2HCmhdiimqc"', 'Vary': 'Accept-Encoding', 'Content-Encoding': 'gzip', 'CF-Cache-Status': 'DYNAMIC', 'Report-To': '{"endpoints":[{"url":"https:\\/\\/a.nel.cloudflare.com\\/report\\/v4?s=A0wPEKh1zt01%2Ff04SEdnL%2Fr%2FNxV7kWvhQRuKv8R02mtk3jazgo%2BXyDJbTkHj0K%2B1gmwR5Mwho482uYBJR5ZEubq1iUB8T4fQmajlDyLEMRCtUWpmpP4kzpHQNKZYgI90"}],"group":"cf-nel","max_age":604800}', 'NEL': '{"success_fraction":0,"report_to":"cf-nel","max_age":604800}', 'Server': 'cloudflare', 'CF-RAY': '87b1cf2f6c202b5b-LAX', 'alt-svc': 'h3=":443"; ma=86400'} 
 body={"results":[{"gender":"male","name":{"title":"Mr","first":"Cristian","last":"Castillo"},"location":{"street":{"number":9018,"name":"Calle de La Luna"},"city":"Santander","state":"Asturias","country":"Spain","postcode":64060,"coordinates":{"latitude":"-34.9645","longitude":"-149.8671"},"timezone":{"offset":"-10:00","description":"Hawaii"}},"email":"cristian.castillo@example.com","login":{"uuid":"321e8c19-0a5d-45ce-8975-06bb74ab433c","username":"lazygoose144","password":"matthew1","salt":"bNwZvY6t","md5":"d959962cee6cdb7d3bfa93a842363daf","sha1":"e515c1690cad0bf679efb0b1afd029b43fe219d5","sha256":"3eb730837934e7561d8f39a06657a9d3fbdfd6c82f3c807207dab1e9b3761bc4"},"dob":{"date":"1967-12-19T18:40:22.717Z","age":56},"registered":{"date":"2017-02-08T13:35:56.707Z","age":7},"phone":"942-662-127","cell":"666-112-345","id":{"name":"DNI","value":"91516512-I"},"picture":{"large":"https://randomuser.me/api/portraits/men/73.jpg","medium":"https://randomuser.me/api/portraits/med/men/73.jpg","thumbnail":"https://randomuser.me/api/portraits/thumb/men/73.jpg"},"nat":"ES"}],"info":{"seed":"82714c679cc216d4","results":1,"page":1,"version":"1.4"}} 
 </msg>
<msg time="2024-04-27T21:12:11.515860" level="INFO">/opt/hostedtoolcache/Python/3.12.3/x64/lib/python3.12/site-packages/urllib3/connectionpool.py:1103: InsecureRequestWarning: Unverified HTTPS request is being made to host 'randomuser.me'. Adding certificate verification is strongly advised. See: https://urllib3.readthedocs.io/en/latest/advanced-usage.html#tls-warnings
  warnings.warn(</msg>
<msg time="2024-04-27T21:12:11.516001" level="INFO">${response} = &lt;Response [200]&gt;</msg>
<var>${response}</var>
<arg>consultarAPI</arg>
<arg>/api</arg>
<doc>Sends a GET request on a previously created HTTP Session.</doc>
<status status="PASS" start="2024-04-27T21:12:11.420061" elapsed="0.095979"/>
</kw>
<kw name="Set Variable" owner="BuiltIn">
<msg time="2024-04-27T21:12:11.517063" level="INFO">${json_data} = {'results': [{'gender': 'male', 'name': {'title': 'Mr', 'first': 'Cristian', 'last': 'Castillo'}, 'location': {'street': {'number': 9018, 'name': 'Calle de La Luna'}, 'city': 'Santander', 'state': 'As...</msg>
<var>${json_data}</var>
<arg>${response.json()}</arg>
<doc>Returns the given values which can then be assigned to a variables.</doc>
<status status="PASS" start="2024-04-27T21:12:11.516528" elapsed="0.000564"/>
</kw>
<kw name="Log" owner="BuiltIn">
<msg time="2024-04-27T21:12:11.517569" level="INFO">{'results': [{'gender': 'male', 'name': {'title': 'Mr', 'first': 'Cristian', 'last': 'Castillo'}, 'location': {'street': {'number': 9018, 'name': 'Calle de La Luna'}, 'city': 'Santander', 'state': 'Asturias', 'country': 'Spain', 'postcode': 64060, 'coordinates': {'latitude': '-34.9645', 'longitude': '-149.8671'}, 'timezone': {'offset': '-10:00', 'description': 'Hawaii'}}, 'email': 'cristian.castillo@example.com', 'login': {'uuid': '321e8c19-0a5d-45ce-8975-06bb74ab433c', 'username': 'lazygoose144', 'password': 'matthew1', 'salt': 'bNwZvY6t', 'md5': 'd959962cee6cdb7d3bfa93a842363daf', 'sha1': 'e515c1690cad0bf679efb0b1afd029b43fe219d5', 'sha256': '3eb730837934e7561d8f39a06657a9d3fbdfd6c82f3c807207dab1e9b3761bc4'}, 'dob': {'date': '1967-12-19T18:40:22.717Z', 'age': 56}, 'registered': {'date': '2017-02-08T13:35:56.707Z', 'age': 7}, 'phone': '942-662-127', 'cell': '666-112-345', 'id': {'name': 'DNI', 'value': '91516512-I'}, 'picture': {'large': 'https://randomuser.me/api/portraits/men/73.jpg', 'medium': 'https://randomuser.me/api/portraits/med/men/73.jpg', 'thumbnail': 'https://randomuser.me/api/portraits/thumb/men/73.jpg'}, 'nat': 'ES'}], 'info': {'seed': '82714c679cc216d4', 'results': 1, 'page': 1, 'version': '1.4'}}</msg>
<arg>${json_data}</arg>
<doc>Logs the given message with the given level.</doc>
<status status="PASS" start="2024-04-27T21:12:11.517403" elapsed="0.000216"/>
</kw>
<kw name="Dictionary Should Contain Key" owner="Collections">
<msg time="2024-04-27T21:12:11.518122" level="INFO">False</msg>
<arg>${json_data}</arg>
<arg>results</arg>
<doc>Fails if ``key`` is not found from ``dictionary``.</doc>
<status status="PASS" start="2024-04-27T21:12:11.517955" elapsed="0.000205"/>
</kw>
<kw name="Should Not Be Empty" owner="BuiltIn">
<msg time="2024-04-27T21:12:11.518604" level="INFO">Length is 2.</msg>
<arg>${json_data}</arg>
<doc>Verifies that the given item is not empty.</doc>
<status status="PASS" start="2024-04-27T21:12:11.518460" elapsed="0.000349"/>
</kw>
<kw name="Create List" owner="BuiltIn">
<msg time="2024-04-27T21:12:11.519272" level="INFO">${expected_keys} = ['gender', 'name', 'location', 'email', 'login']</msg>
<var>${expected_keys}</var>
<arg>gender</arg>
<arg>name</arg>
<arg>location</arg>
<arg>email</arg>
<arg>login</arg>
<doc>Returns a list containing given items.</doc>
<status status="PASS" start="2024-04-27T21:12:11.519116" elapsed="0.000182"/>
</kw>
<for flavor="IN">
<iter>
<kw name="Dictionary Should Contain Key" owner="Collections">
<msg time="2024-04-27T21:12:11.520314" level="INFO">False</msg>
<arg>${json_data['results'][0]}</arg>
<arg>${key}</arg>
<doc>Fails if ``key`` is not found from ``dictionary``.</doc>
<status status="PASS" start="2024-04-27T21:12:11.519904" elapsed="0.000450"/>
</kw>
<kw name="Log" owner="BuiltIn">
<msg time="2024-04-27T21:12:11.521037" level="INFO">{'gender': 'male', 'name': {'title': 'Mr', 'first': 'Cristian', 'last': 'Castillo'}, 'location': {'street': {'number': 9018, 'name': 'Calle de La Luna'}, 'city': 'Santander', 'state': 'Asturias', 'country': 'Spain', 'postcode': 64060, 'coordinates': {'latitude': '-34.9645', 'longitude': '-149.8671'}, 'timezone': {'offset': '-10:00', 'description': 'Hawaii'}}, 'email': 'cristian.castillo@example.com', 'login': {'uuid': '321e8c19-0a5d-45ce-8975-06bb74ab433c', 'username': 'lazygoose144', 'password': 'matthew1', 'salt': 'bNwZvY6t', 'md5': 'd959962cee6cdb7d3bfa93a842363daf', 'sha1': 'e515c1690cad0bf679efb0b1afd029b43fe219d5', 'sha256': '3eb730837934e7561d8f39a06657a9d3fbdfd6c82f3c807207dab1e9b3761bc4'}, 'dob': {'date': '1967-12-19T18:40:22.717Z', 'age': 56}, 'registered': {'date': '2017-02-08T13:35:56.707Z', 'age': 7}, 'phone': '942-662-127', 'cell': '666-112-345', 'id': {'name': 'DNI', 'value': '91516512-I'}, 'picture': {'large': 'https://randomuser.me/api/portraits/men/73.jpg', 'medium': 'https://randomuser.me/api/portraits/med/men/73.jpg', 'thumbnail': 'https://randomuser.me/api/portraits/thumb/men/73.jpg'}, 'nat': 'ES'}</msg>
<arg>${json_data['results'][0]}</arg>
<doc>Logs the given message with the given level.</doc>
<status status="PASS" start="2024-04-27T21:12:11.520669" elapsed="0.000416"/>
</kw>
<kw name="Log" owner="BuiltIn">
<msg time="2024-04-27T21:12:11.521513" level="INFO">gender</msg>
<arg>${key}</arg>
<doc>Logs the given message with the given level.</doc>
<status status="PASS" start="2024-04-27T21:12:11.521383" elapsed="0.000167"/>
</kw>
<var name="${key}">gender</var>
<status status="PASS" start="2024-04-27T21:12:11.519775" elapsed="0.002020"/>
</iter>
<iter>
<kw name="Dictionary Should Contain Key" owner="Collections">
<msg time="2024-04-27T21:12:11.522502" level="INFO">False</msg>
<arg>${json_data['results'][0]}</arg>
<arg>${key}</arg>
<doc>Fails if ``key`` is not found from ``dictionary``.</doc>
<status status="PASS" start="2024-04-27T21:12:11.522106" elapsed="0.000434"/>
</kw>
<kw name="Log" owner="BuiltIn">
<msg time="2024-04-27T21:12:11.523232" level="INFO">{'gender': 'male', 'name': {'title': 'Mr', 'first': 'Cristian', 'last': 'Castillo'}, 'location': {'street': {'number': 9018, 'name': 'Calle de La Luna'}, 'city': 'Santander', 'state': 'Asturias', 'country': 'Spain', 'postcode': 64060, 'coordinates': {'latitude': '-34.9645', 'longitude': '-149.8671'}, 'timezone': {'offset': '-10:00', 'description': 'Hawaii'}}, 'email': 'cristian.castillo@example.com', 'login': {'uuid': '321e8c19-0a5d-45ce-8975-06bb74ab433c', 'username': 'lazygoose144', 'password': 'matthew1', 'salt': 'bNwZvY6t', 'md5': 'd959962cee6cdb7d3bfa93a842363daf', 'sha1': 'e515c1690cad0bf679efb0b1afd029b43fe219d5', 'sha256': '3eb730837934e7561d8f39a06657a9d3fbdfd6c82f3c807207dab1e9b3761bc4'}, 'dob': {'date': '1967-12-19T18:40:22.717Z', 'age': 56}, 'registered': {'date': '2017-02-08T13:35:56.707Z', 'age': 7}, 'phone': '942-662-127', 'cell': '666-112-345', 'id': {'name': 'DNI', 'value': '91516512-I'}, 'picture': {'large': 'https://randomuser.me/api/portraits/men/73.jpg', 'medium': 'https://randomuser.me/api/portraits/med/men/73.jpg', 'thumbnail': 'https://randomuser.me/api/portraits/thumb/men/73.jpg'}, 'nat': 'ES'}</msg>
<arg>${json_data['results'][0]}</arg>
<doc>Logs the given message with the given level.</doc>
<status status="PASS" start="2024-04-27T21:12:11.522866" elapsed="0.000415"/>
</kw>
<kw name="Log" owner="BuiltIn">
<msg time="2024-04-27T21:12:11.523712" level="INFO">name</msg>
<arg>${key}</arg>
<doc>Logs the given message with the given level.</doc>
<status status="PASS" start="2024-04-27T21:12:11.523583" elapsed="0.000167"/>
</kw>
<var name="${key}">name</var>
<status status="PASS" start="2024-04-27T21:12:11.521989" elapsed="0.001986"/>
</iter>
<iter>
<kw name="Dictionary Should Contain Key" owner="Collections">
<msg time="2024-04-27T21:12:11.524652" level="INFO">False</msg>
<arg>${json_data['results'][0]}</arg>
<arg>${key}</arg>
<doc>Fails if ``key`` is not found from ``dictionary``.</doc>
<status status="PASS" start="2024-04-27T21:12:11.524265" elapsed="0.000424"/>
</kw>
<kw name="Log" owner="BuiltIn">
<msg time="2024-04-27T21:12:11.525351" level="INFO">{'gender': 'male', 'name': {'title': 'Mr', 'first': 'Cristian', 'last': 'Castillo'}, 'location': {'street': {'number': 9018, 'name': 'Calle de La Luna'}, 'city': 'Santander', 'state': 'Asturias', 'country': 'Spain', 'postcode': 64060, 'coordinates': {'latitude': '-34.9645', 'longitude': '-149.8671'}, 'timezone': {'offset': '-10:00', 'description': 'Hawaii'}}, 'email': 'cristian.castillo@example.com', 'login': {'uuid': '321e8c19-0a5d-45ce-8975-06bb74ab433c', 'username': 'lazygoose144', 'password': 'matthew1', 'salt': 'bNwZvY6t', 'md5': 'd959962cee6cdb7d3bfa93a842363daf', 'sha1': 'e515c1690cad0bf679efb0b1afd029b43fe219d5', 'sha256': '3eb730837934e7561d8f39a06657a9d3fbdfd6c82f3c807207dab1e9b3761bc4'}, 'dob': {'date': '1967-12-19T18:40:22.717Z', 'age': 56}, 'registered': {'date': '2017-02-08T13:35:56.707Z', 'age': 7}, 'phone': '942-662-127', 'cell': '666-112-345', 'id': {'name': 'DNI', 'value': '91516512-I'}, 'picture': {'large': 'https://randomuser.me/api/portraits/men/73.jpg', 'medium': 'https://randomuser.me/api/portraits/med/men/73.jpg', 'thumbnail': 'https://randomuser.me/api/portraits/thumb/men/73.jpg'}, 'nat': 'ES'}</msg>
<arg>${json_data['results'][0]}</arg>
<doc>Logs the given message with the given level.</doc>
<status status="PASS" start="2024-04-27T21:12:11.524991" elapsed="0.000409"/>
</kw>
<kw name="Log" owner="BuiltIn">
<msg time="2024-04-27T21:12:11.525852" level="INFO">location</msg>
<arg>${key}</arg>
<doc>Logs the given message with the given level.</doc>
<status status="PASS" start="2024-04-27T21:12:11.525692" elapsed="0.000199"/>
</kw>
<var name="${key}">location</var>
<status status="PASS" start="2024-04-27T21:12:11.524154" elapsed="0.001956"/>
</iter>
<iter>
<kw name="Dictionary Should Contain Key" owner="Collections">
<msg time="2024-04-27T21:12:11.526781" level="INFO">False</msg>
<arg>${json_data['results'][0]}</arg>
<arg>${key}</arg>
<doc>Fails if ``key`` is not found from ``dictionary``.</doc>
<status status="PASS" start="2024-04-27T21:12:11.526395" elapsed="0.000424"/>
</kw>
<kw name="Log" owner="BuiltIn">
<msg time="2024-04-27T21:12:11.527484" level="INFO">{'gender': 'male', 'name': {'title': 'Mr', 'first': 'Cristian', 'last': 'Castillo'}, 'location': {'street': {'number': 9018, 'name': 'Calle de La Luna'}, 'city': 'Santander', 'state': 'Asturias', 'country': 'Spain', 'postcode': 64060, 'coordinates': {'latitude': '-34.9645', 'longitude': '-149.8671'}, 'timezone': {'offset': '-10:00', 'description': 'Hawaii'}}, 'email': 'cristian.castillo@example.com', 'login': {'uuid': '321e8c19-0a5d-45ce-8975-06bb74ab433c', 'username': 'lazygoose144', 'password': 'matthew1', 'salt': 'bNwZvY6t', 'md5': 'd959962cee6cdb7d3bfa93a842363daf', 'sha1': 'e515c1690cad0bf679efb0b1afd029b43fe219d5', 'sha256': '3eb730837934e7561d8f39a06657a9d3fbdfd6c82f3c807207dab1e9b3761bc4'}, 'dob': {'date': '1967-12-19T18:40:22.717Z', 'age': 56}, 'registered': {'date': '2017-02-08T13:35:56.707Z', 'age': 7}, 'phone': '942-662-127', 'cell': '666-112-345', 'id': {'name': 'DNI', 'value': '91516512-I'}, 'picture': {'large': 'https://randomuser.me/api/portraits/men/73.jpg', 'medium': 'https://randomuser.me/api/portraits/med/men/73.jpg', 'thumbnail': 'https://randomuser.me/api/portraits/thumb/men/73.jpg'}, 'nat': 'ES'}</msg>
<arg>${json_data['results'][0]}</arg>
<doc>Logs the given message with the given level.</doc>
<status status="PASS" start="2024-04-27T21:12:11.527115" elapsed="0.000417"/>
</kw>
<kw name="Log" owner="BuiltIn">
<msg time="2024-04-27T21:12:11.527959" level="INFO">email</msg>
<arg>${key}</arg>
<doc>Logs the given message with the given level.</doc>
<status status="PASS" start="2024-04-27T21:12:11.527831" elapsed="0.000165"/>
</kw>
<var name="${key}">email</var>
<status status="PASS" start="2024-04-27T21:12:11.526283" elapsed="0.001926"/>
</iter>
<iter>
<kw name="Dictionary Should Contain Key" owner="Collections">
<msg time="2024-04-27T21:12:11.528879" level="INFO">False</msg>
<arg>${json_data['results'][0]}</arg>
<arg>${key}</arg>
<doc>Fails if ``key`` is not found from ``dictionary``.</doc>
<status status="PASS" start="2024-04-27T21:12:11.528495" elapsed="0.000420"/>
</kw>
<kw name="Log" owner="BuiltIn">
<msg time="2024-04-27T21:12:11.529586" level="INFO">{'gender': 'male', 'name': {'title': 'Mr', 'first': 'Cristian', 'last': 'Castillo'}, 'location': {'street': {'number': 9018, 'name': 'Calle de La Luna'}, 'city': 'Santander', 'state': 'Asturias', 'country': 'Spain', 'postcode': 64060, 'coordinates': {'latitude': '-34.9645', 'longitude': '-149.8671'}, 'timezone': {'offset': '-10:00', 'description': 'Hawaii'}}, 'email': 'cristian.castillo@example.com', 'login': {'uuid': '321e8c19-0a5d-45ce-8975-06bb74ab433c', 'username': 'lazygoose144', 'password': 'matthew1', 'salt': 'bNwZvY6t', 'md5': 'd959962cee6cdb7d3bfa93a842363daf', 'sha1': 'e515c1690cad0bf679efb0b1afd029b43fe219d5', 'sha256': '3eb730837934e7561d8f39a06657a9d3fbdfd6c82f3c807207dab1e9b3761bc4'}, 'dob': {'date': '1967-12-19T18:40:22.717Z', 'age': 56}, 'registered': {'date': '2017-02-08T13:35:56.707Z', 'age': 7}, 'phone': '942-662-127', 'cell': '666-112-345', 'id': {'name': 'DNI', 'value': '91516512-I'}, 'picture': {'large': 'https://randomuser.me/api/portraits/men/73.jpg', 'medium': 'https://randomuser.me/api/portraits/med/men/73.jpg', 'thumbnail': 'https://randomuser.me/api/portraits/thumb/men/73.jpg'}, 'nat': 'ES'}</msg>
<arg>${json_data['results'][0]}</arg>
<doc>Logs the given message with the given level.</doc>
<status status="PASS" start="2024-04-27T21:12:11.529216" elapsed="0.000423"/>
</kw>
<kw name="Log" owner="BuiltIn">
<msg time="2024-04-27T21:12:11.530099" level="INFO">login</msg>
<arg>${key}</arg>
<doc>Logs the given message with the given level.</doc>
<status status="PASS" start="2024-04-27T21:12:11.529971" elapsed="0.000165"/>
</kw>
<var name="${key}">login</var>
<status status="PASS" start="2024-04-27T21:12:11.528379" elapsed="0.001972"/>
</iter>
<var>${key}</var>
<value>@{expected_keys}</value>
<status status="PASS" start="2024-04-27T21:12:11.519561" elapsed="0.010935"/>
</for>
<kw name="Create List" owner="BuiltIn">
<msg time="2024-04-27T21:12:11.530835" level="INFO">${expected_keysTwo} = ['username', 'password']</msg>
<var>${expected_keysTwo}</var>
<arg>username</arg>
<arg>password</arg>
<doc>Returns a list containing given items.</doc>
<status status="PASS" start="2024-04-27T21:12:11.530698" elapsed="0.000161"/>
</kw>
<for flavor="IN">
<iter>
<kw name="Dictionary Should Contain Key" owner="Collections">
<msg time="2024-04-27T21:12:11.531744" level="INFO">False</msg>
<arg>${json_data['results'][0]['login']}</arg>
<arg>${keyTwo}</arg>
<doc>Fails if ``key`` is not found from ``dictionary``.</doc>
<status status="PASS" start="2024-04-27T21:12:11.531356" elapsed="0.000426"/>
</kw>
<kw name="Dictionary Should Contain Key" owner="Collections">
<msg time="2024-04-27T21:12:11.532466" level="INFO">False</msg>
<arg>${json_data['results'][0]['login']}</arg>
<arg>${keyTwo}</arg>
<doc>Fails if ``key`` is not found from ``dictionary``.</doc>
<status status="PASS" start="2024-04-27T21:12:11.532076" elapsed="0.000428"/>
</kw>
<kw name="Log" owner="BuiltIn">
<msg time="2024-04-27T21:12:11.532925" level="INFO">username</msg>
<arg>${keyTwo}</arg>
<doc>Logs the given message with the given level.</doc>
<status status="PASS" start="2024-04-27T21:12:11.532798" elapsed="0.000173"/>
</kw>
<var name="${keyTwo}">username</var>
<status status="PASS" start="2024-04-27T21:12:11.531246" elapsed="0.001940"/>
</iter>
<iter>
<kw name="Dictionary Should Contain Key" owner="Collections">
<msg time="2024-04-27T21:12:11.533968" level="INFO">False</msg>
<arg>${json_data['results'][0]['login']}</arg>
<arg>${keyTwo}</arg>
<doc>Fails if ``key`` is not found from ``dictionary``.</doc>
<status status="PASS" start="2024-04-27T21:12:11.533466" elapsed="0.000548"/>
</kw>
<kw name="Dictionary Should Contain Key" owner="Collections">
<msg time="2024-04-27T21:12:11.534701" level="INFO">False</msg>
<arg>${json_data['results'][0]['login']}</arg>
<arg>${keyTwo}</arg>
<doc>Fails if ``key`` is not found from ``dictionary``.</doc>
<status status="PASS" start="2024-04-27T21:12:11.534318" elapsed="0.000419"/>
</kw>
<kw name="Log" owner="BuiltIn">
<msg time="2024-04-27T21:12:11.535157" level="INFO">password</msg>
<arg>${keyTwo}</arg>
<doc>Logs the given message with the given level.</doc>
<status status="PASS" start="2024-04-27T21:12:11.535031" elapsed="0.000163"/>
</kw>
<var name="${keyTwo}">password</var>
<status status="PASS" start="2024-04-27T21:12:11.533356" elapsed="0.002054"/>
</iter>
<var>${keyTwo}</var>
<value>@{expected_keysTwo}</value>
<status status="PASS" start="2024-04-27T21:12:11.531092" elapsed="0.004440"/>
</for>
<status status="PASS" start="2024-04-27T21:12:11.419820" elapsed="0.115853"/>
</kw>
<doc>Testa a estrutura da resposta da API.</doc>
<tag>testeEstruturaResposta</tag>
<status status="PASS" start="2024-04-27T21:12:11.419284" elapsed="0.116548"/>
</test>
<test id="s1-s1-t4" name="Validar tipos de dados" line="28">
<kw name="Teste de Tipos de Dados" owner="random-user-service">
<kw name="GET On Session" owner="RequestsLibrary">
<msg time="2024-04-27T21:12:11.636790" level="INFO">GET Request : url=https://randomuser.me/api 
 path_url=/api 
 headers={'User-Agent': 'python-requests/2.31.0', 'Accept-Encoding': 'gzip, deflate', 'Accept': '*/*', 'Connection': 'keep-alive'} 
 body=None 
 </msg>
<msg time="2024-04-27T21:12:11.636902" level="INFO">GET Response : url=https://randomuser.me/api 
 status=200, reason=OK 
 headers={'Date': 'Sat, 27 Apr 2024 21:12:11 GMT', 'Content-Type': 'application/json; charset=utf-8', 'Transfer-Encoding': 'chunked', 'Connection': 'keep-alive', 'X-Powered-By': 'Express', 'Access-Control-Allow-Origin': '*', 'Cache-Control': 'no-cache', 'ETag': 'W/"485-p/LfJzYpdPG7k2TLROTe3+B26y0"', 'Vary': 'Accept-Encoding', 'Content-Encoding': 'gzip', 'CF-Cache-Status': 'DYNAMIC', 'Report-To': '{"endpoints":[{"url":"https:\\/\\/a.nel.cloudflare.com\\/report\\/v4?s=lY6OxXs5O4%2FMdu%2FzvaMlTTs2oPLpqbi7Z7JV915MpFG32FUAR3zUFIou31sRJA9MtnYczgRDSRbVO9KkuL7GExmVsML%2F4MY95eY3SgwCF5SuuSRg4MEXCAOu6TU4f7Z1"}],"group":"cf-nel","max_age":604800}', 'NEL': '{"success_fraction":0,"report_to":"cf-nel","max_age":604800}', 'Server': 'cloudflare', 'CF-RAY': '87b1cf302cdb2b5b-LAX', 'alt-svc': 'h3=":443"; ma=86400'} 
 body={"results":[{"gender":"male","name":{"title":"Mr","first":"Bryan","last":"Phillips"},"location":{"street":{"number":3360,"name":"Manor Road"},"city":"Birr","state":"Clare","country":"Ireland","postcode":28681,"coordinates":{"latitude":"-0.0820","longitude":"-30.0343"},"timezone":{"offset":"-4:00","description":"Atlantic Time (Canada), Caracas, La Paz"}},"email":"bryan.phillips@example.com","login":{"uuid":"1b456113-b102-46aa-9ad8-963c81734292","username":"smalllion619","password":"paragon","salt":"UhckzNOh","md5":"ca1476379b560604f8a299d2fd304148","sha1":"f74e5b6965a8da0551814ed9ae35fca9d16b6ecb","sha256":"acf980612213c9233c5af90f0a3625a6fb6a3cde6eaef005c928788d60bf4952"},"dob":{"date":"1969-04-04T15:47:48.683Z","age":55},"registered":{"date":"2006-01-10T23:27:06.795Z","age":18},"phone":"041-142-2161","cell":"081-315-8412","id":{"name":"PPS","value":"6222506T"},"picture":{"large":"https://randomuser.me/api/portraits/men/75.jpg","medium":"https://randomuser.me/api/portraits/med/men/75.jpg","thumbnail":"https://randomuser.me/api/portraits/thumb/men/75.jpg"},"nat":"IE"}],"info":{"seed":"daddbb6483852ba6","results":1,"page":1,"version":"1.4"}} 
 </msg>
<msg time="2024-04-27T21:12:11.636981" level="INFO">/opt/hostedtoolcache/Python/3.12.3/x64/lib/python3.12/site-packages/urllib3/connectionpool.py:1103: InsecureRequestWarning: Unverified HTTPS request is being made to host 'randomuser.me'. Adding certificate verification is strongly advised. See: https://urllib3.readthedocs.io/en/latest/advanced-usage.html#tls-warnings
  warnings.warn(</msg>
<msg time="2024-04-27T21:12:11.637126" level="INFO">${response} = &lt;Response [200]&gt;</msg>
<var>${response}</var>
<arg>consultarAPI</arg>
<arg>/api</arg>
<doc>Sends a GET request on a previously created HTTP Session.</doc>
<status status="PASS" start="2024-04-27T21:12:11.538339" elapsed="0.098828"/>
</kw>
<kw name="Set Variable" owner="BuiltIn">
<msg time="2024-04-27T21:12:11.638468" level="INFO">${json_data} = {'results': [{'gender': 'male', 'name': {'title': 'Mr', 'first': 'Bryan', 'last': 'Phillips'}, 'location': {'street': {'number': 3360, 'name': 'Manor Road'}, 'city': 'Birr', 'state': 'Clare', 'country...</msg>
<var>${json_data}</var>
<arg>${response.json()}</arg>
<doc>Returns the given values which can then be assigned to a variables.</doc>
<status status="PASS" start="2024-04-27T21:12:11.637851" elapsed="0.000647"/>
</kw>
<kw name="Log" owner="BuiltIn">
<msg time="2024-04-27T21:12:11.638970" level="INFO">{'results': [{'gender': 'male', 'name': {'title': 'Mr', 'first': 'Bryan', 'last': 'Phillips'}, 'location': {'street': {'number': 3360, 'name': 'Manor Road'}, 'city': 'Birr', 'state': 'Clare', 'country': 'Ireland', 'postcode': 28681, 'coordinates': {'latitude': '-0.0820', 'longitude': '-30.0343'}, 'timezone': {'offset': '-4:00', 'description': 'Atlantic Time (Canada), Caracas, La Paz'}}, 'email': 'bryan.phillips@example.com', 'login': {'uuid': '1b456113-b102-46aa-9ad8-963c81734292', 'username': 'smalllion619', 'password': 'paragon', 'salt': 'UhckzNOh', 'md5': 'ca1476379b560604f8a299d2fd304148', 'sha1': 'f74e5b6965a8da0551814ed9ae35fca9d16b6ecb', 'sha256': 'acf980612213c9233c5af90f0a3625a6fb6a3cde6eaef005c928788d60bf4952'}, 'dob': {'date': '1969-04-04T15:47:48.683Z', 'age': 55}, 'registered': {'date': '2006-01-10T23:27:06.795Z', 'age': 18}, 'phone': '041-142-2161', 'cell': '081-315-8412', 'id': {'name': 'PPS', 'value': '6222506T'}, 'picture': {'large': 'https://randomuser.me/api/portraits/men/75.jpg', 'medium': 'https://randomuser.me/api/portraits/med/men/75.jpg', 'thumbnail': 'https://randomuser.me/api/portraits/thumb/men/75.jpg'}, 'nat': 'IE'}], 'info': {'seed': 'daddbb6483852ba6', 'results': 1, 'page': 1, 'version': '1.4'}}</msg>
<arg>${json_data}</arg>
<doc>Logs the given message with the given level.</doc>
<status status="PASS" start="2024-04-27T21:12:11.638812" elapsed="0.000205"/>
</kw>
<kw name="Should Be String" owner="String">
<arg>${json_data['results'][0]['gender']}</arg>
<doc>Fails if the given ``item`` is not a string.</doc>
<status status="PASS" start="2024-04-27T21:12:11.639348" elapsed="0.000362"/>
</kw>
<kw name="Should Match Regexp" owner="BuiltIn">
<arg>${json_data['results'][0]['email']}</arg>
<arg>^[a-zA-Z0-9._%+-]+@[a-zA-Z0-9.-]+\.[a-zA-Z]{2,}$</arg>
<doc>Fails if ``string`` does not match ``pattern`` as a regular expression.</doc>
<status status="PASS" start="2024-04-27T21:12:11.639899" elapsed="0.000515"/>
</kw>
<kw name="Should Match Regexp" owner="BuiltIn">
<arg>${json_data['results'][0]['dob']['date']}</arg>
<arg>\\d{4}-\\d{2}-\\d{2}T\\d{2}:\\d{2}:\\d{2}\\.\\d{3}Z</arg>
<doc>Fails if ``string`` does not match ``pattern`` as a regular expression.</doc>
<status status="PASS" start="2024-04-27T21:12:11.640609" elapsed="0.000496"/>
</kw>
<kw name="Should Match Regexp" owner="BuiltIn">
<arg>${json_data['results'][0]['registered']['date']}</arg>
<arg>\\d{4}-\\d{2}-\\d{2}T\\d{2}:\\d{2}:\\d{2}\\.\\d{3}Z</arg>
<doc>Fails if ``string`` does not match ``pattern`` as a regular expression.</doc>
<status status="PASS" start="2024-04-27T21:12:11.641298" elapsed="0.000368"/>
</kw>
<kw name="Should Match Regexp" owner="BuiltIn">
<arg>${json_data['results'][0]['picture']['large']}</arg>
<arg>^https?://.*\.(?:png|jpe?g|gif|bmp)$</arg>
<doc>Fails if ``string`` does not match ``pattern`` as a regular expression.</doc>
<status status="PASS" start="2024-04-27T21:12:11.641904" elapsed="0.000479"/>
</kw>
<kw name="Should Match Regexp" owner="BuiltIn">
<arg>${json_data['results'][0]['picture']['medium']}</arg>
<arg>^https?://.*\.(?:png|jpe?g|gif|bmp)$</arg>
<doc>Fails if ``string`` does not match ``pattern`` as a regular expression.</doc>
<status status="PASS" start="2024-04-27T21:12:11.642572" elapsed="0.000362"/>
</kw>
<kw name="Should Match Regexp" owner="BuiltIn">
<arg>${json_data['results'][0]['picture']['thumbnail']}</arg>
<arg>^https?://.*\.(?:png|jpe?g|gif|bmp)$</arg>
<doc>Fails if ``string`` does not match ``pattern`` as a regular expression.</doc>
<status status="PASS" start="2024-04-27T21:12:11.643126" elapsed="0.000356"/>
</kw>
<kw name="Log" owner="BuiltIn">
<msg time="2024-04-27T21:12:11.643986" level="INFO">{'large': 'https://randomuser.me/api/portraits/men/75.jpg', 'medium': 'https://randomuser.me/api/portraits/med/men/75.jpg', 'thumbnail': 'https://randomuser.me/api/portraits/thumb/men/75.jpg'}</msg>
<arg>${json_data['results'][0]['picture']}</arg>
<doc>Logs the given message with the given level.</doc>
<status status="PASS" start="2024-04-27T21:12:11.643662" elapsed="0.000366"/>
</kw>
<status status="PASS" start="2024-04-27T21:12:11.538109" elapsed="0.106176"/>
</kw>
<kw name="Teste de Tipos de Dados - Postcode" owner="random-user-service">
<kw name="GET On Session" owner="RequestsLibrary">
<msg time="2024-04-27T21:12:11.758557" level="INFO">GET Request : url=https://randomuser.me/api 
 path_url=/api 
 headers={'User-Agent': 'python-requests/2.31.0', 'Accept-Encoding': 'gzip, deflate', 'Accept': '*/*', 'Connection': 'keep-alive'} 
 body=None 
 </msg>
<msg time="2024-04-27T21:12:11.758653" level="INFO">GET Response : url=https://randomuser.me/api 
 status=200, reason=OK 
 headers={'Date': 'Sat, 27 Apr 2024 21:12:11 GMT', 'Content-Type': 'application/json; charset=utf-8', 'Transfer-Encoding': 'chunked', 'Connection': 'keep-alive', 'X-Powered-By': 'Express', 'Access-Control-Allow-Origin': '*', 'Cache-Control': 'no-cache', 'ETag': 'W/"496-0ynVZCY0VkaXwN6u+cou1ZzBOfo"', 'Vary': 'Accept-Encoding', 'Content-Encoding': 'gzip', 'CF-Cache-Status': 'DYNAMIC', 'Report-To': '{"endpoints":[{"url":"https:\\/\\/a.nel.cloudflare.com\\/report\\/v4?s=YHmCp2OWY0WYgWbbZuYpajFQW1u9a0BxJVDvnEDR0yCUihnPAr65OmHeQ1N8SO6BHUowFZs8ieGzyU9PN94S9L2WfNjLyDsSnfLzRba0unCXXsSI0hpDeqTvh%2F8Hecx8"}],"group":"cf-nel","max_age":604800}', 'NEL': '{"success_fraction":0,"report_to":"cf-nel","max_age":604800}', 'Server': 'cloudflare', 'CF-RAY': '87b1cf30cd852b5b-LAX', 'alt-svc': 'h3=":443"; ma=86400'} 
 body={"results":[{"gender":"male","name":{"title":"Mr","first":"Archie","last":"Roberts"},"location":{"street":{"number":4387,"name":"Great King Street"},"city":"Wellington","state":"Southland","country":"New Zealand","postcode":54908,"coordinates":{"latitude":"49.0459","longitude":"-143.8313"},"timezone":{"offset":"+3:00","description":"Baghdad, Riyadh, Moscow, St. Petersburg"}},"email":"archie.roberts@example.com","login":{"uuid":"19975ea7-7b98-4f48-92ec-cda5d6e179ea","username":"whiterabbit808","password":"beavis","salt":"DQMF0sIh","md5":"2ea056198f17da0e252da1e552175329","sha1":"7c4f772945d9fec3e546b722f089aa4064d3df45","sha256":"de52b617e8967a136b358cbe7a0a6de87a7524efaa3b5107ba1c3caaf88404f5"},"dob":{"date":"1993-09-30T01:13:20.856Z","age":30},"registered":{"date":"2015-02-16T21:52:32.943Z","age":9},"phone":"(849)-146-9678","cell":"(052)-015-6860","id":{"name":"","value":null},"picture":{"large":"https://randomuser.me/api/portraits/men/36.jpg","medium":"https://randomuser.me/api/portraits/med/men/36.jpg","thumbnail":"https://randomuser.me/api/portraits/thumb/men/36.jpg"},"nat":"NZ"}],"info":{"seed":"b72d878ff2db2d14","results":1,"page":1,"version":"1.4"}} 
 </msg>
<msg time="2024-04-27T21:12:11.758721" level="INFO">/opt/hostedtoolcache/Python/3.12.3/x64/lib/python3.12/site-packages/urllib3/connectionpool.py:1103: InsecureRequestWarning: Unverified HTTPS request is being made to host 'randomuser.me'. Adding certificate verification is strongly advised. See: https://urllib3.readthedocs.io/en/latest/advanced-usage.html#tls-warnings
  warnings.warn(</msg>
<msg time="2024-04-27T21:12:11.758840" level="INFO">${response} = &lt;Response [200]&gt;</msg>
<var>${response}</var>
<arg>consultarAPI</arg>
<arg>/api</arg>
<doc>Sends a GET request on a previously created HTTP Session.</doc>
<status status="PASS" start="2024-04-27T21:12:11.644763" elapsed="0.114118"/>
</kw>
<kw name="Set Variable" owner="BuiltIn">
<msg time="2024-04-27T21:12:11.759903" level="INFO">${json_data} = {'results': [{'gender': 'male', 'name': {'title': 'Mr', 'first': 'Archie', 'last': 'Roberts'}, 'location': {'street': {'number': 4387, 'name': 'Great King Street'}, 'city': 'Wellington', 'state': 'Sou...</msg>
<var>${json_data}</var>
<arg>${response.json()}</arg>
<doc>Returns the given values which can then be assigned to a variables.</doc>
<status status="PASS" start="2024-04-27T21:12:11.759381" elapsed="0.000551"/>
</kw>
<kw name="Log" owner="BuiltIn">
<msg time="2024-04-27T21:12:11.760402" level="INFO">{'results': [{'gender': 'male', 'name': {'title': 'Mr', 'first': 'Archie', 'last': 'Roberts'}, 'location': {'street': {'number': 4387, 'name': 'Great King Street'}, 'city': 'Wellington', 'state': 'Southland', 'country': 'New Zealand', 'postcode': 54908, 'coordinates': {'latitude': '49.0459', 'longitude': '-143.8313'}, 'timezone': {'offset': '+3:00', 'description': 'Baghdad, Riyadh, Moscow, St. Petersburg'}}, 'email': 'archie.roberts@example.com', 'login': {'uuid': '19975ea7-7b98-4f48-92ec-cda5d6e179ea', 'username': 'whiterabbit808', 'password': 'beavis', 'salt': 'DQMF0sIh', 'md5': '2ea056198f17da0e252da1e552175329', 'sha1': '7c4f772945d9fec3e546b722f089aa4064d3df45', 'sha256': 'de52b617e8967a136b358cbe7a0a6de87a7524efaa3b5107ba1c3caaf88404f5'}, 'dob': {'date': '1993-09-30T01:13:20.856Z', 'age': 30}, 'registered': {'date': '2015-02-16T21:52:32.943Z', 'age': 9}, 'phone': '(849)-146-9678', 'cell': '(052)-015-6860', 'id': {'name': '', 'value': None}, 'picture': {'large': 'https://randomuser.me/api/portraits/men/36.jpg', 'medium': 'https://randomuser.me/api/portraits/med/men/36.jpg', 'thumbnail': 'https://randomuser.me/api/portraits/thumb/men/36.jpg'}, 'nat': 'NZ'}], 'info': {'seed': 'b72d878ff2db2d14', 'results': 1, 'page': 1, 'version': '1.4'}}</msg>
<arg>${json_data}</arg>
<doc>Logs the given message with the given level.</doc>
<status status="PASS" start="2024-04-27T21:12:11.760241" elapsed="0.000208"/>
</kw>
<kw name="Should Be Equal As Numbers" owner="BuiltIn">
<arg>${json_data['results'][0]['location']['postcode']}</arg>
<arg>${json_data['results'][0]['location']['postcode']}</arg>
<doc>Fails if objects are unequal after converting them to real numbers.</doc>
<status status="PASS" start="2024-04-27T21:12:11.760934" elapsed="0.000660"/>
</kw>
<kw name="Log" owner="BuiltIn">
<msg time="2024-04-27T21:12:11.762175" level="INFO">54908</msg>
<arg>${json_data['results'][0]['location']['postcode']}</arg>
<doc>Logs the given message with the given level.</doc>
<status status="PASS" start="2024-04-27T21:12:11.761832" elapsed="0.000383"/>
</kw>
<status status="PASS" start="2024-04-27T21:12:11.644521" elapsed="0.117949"/>
</kw>
<doc>Testa se os tipos de dados na resposta da API estão corretos.</doc>
<tag>testeTiposDados</tag>
<status status="PASS" start="2024-04-27T21:12:11.537608" elapsed="0.225027"/>
</test>
<test id="s1-s1-t5" name="Validar conteudo" line="35">
<kw name="Teste de Tipos de Conteudo" owner="random-user-service">
<kw name="GET On Session" owner="RequestsLibrary">
<msg time="2024-04-27T21:12:11.862683" level="INFO">GET Request : url=https://randomuser.me/api 
 path_url=/api 
 headers={'User-Agent': 'python-requests/2.31.0', 'Accept-Encoding': 'gzip, deflate', 'Accept': '*/*', 'Connection': 'keep-alive'} 
 body=None 
 </msg>
<msg time="2024-04-27T21:12:11.862780" level="INFO">GET Response : url=https://randomuser.me/api 
 status=200, reason=OK 
 headers={'Date': 'Sat, 27 Apr 2024 21:12:11 GMT', 'Content-Type': 'application/json; charset=utf-8', 'Transfer-Encoding': 'chunked', 'Connection': 'keep-alive', 'X-Powered-By': 'Express', 'Access-Control-Allow-Origin': '*', 'Cache-Control': 'no-cache', 'ETag': 'W/"49a-yyFu6sn6csoynHjm7TNp8UHULEw"', 'Vary': 'Accept-Encoding', 'Content-Encoding': 'gzip', 'CF-Cache-Status': 'DYNAMIC', 'Report-To': '{"endpoints":[{"url":"https:\\/\\/a.nel.cloudflare.com\\/report\\/v4?s=WNnJHN8fjIz6MlbLfGOoo0rsL5n85zK80TstNr5IyVpyaH6iPr8CFH2Trqj%2FfWIriUGialsukIi2pr3kc%2FBcu94e8U67zA%2F4vpihwZLDAnuofiSCde%2Bg133XIJqPB84E"}],"group":"cf-nel","max_age":604800}', 'NEL': '{"success_fraction":0,"report_to":"cf-nel","max_age":604800}', 'Server': 'cloudflare', 'CF-RAY': '87b1cf318e702b5b-LAX', 'alt-svc': 'h3=":443"; ma=86400'} 
 body={"results":[{"gender":"female","name":{"title":"Mrs","first":"Dragica","last":"Silić"},"location":{"street":{"number":7488,"name":"Porodice Petrović"},"city":"Malo Crniće","state":"Toplica","country":"Serbia","postcode":44049,"coordinates":{"latitude":"60.0632","longitude":"99.8543"},"timezone":{"offset":"-3:00","description":"Brazil, Buenos Aires, Georgetown"}},"email":"dragica.silic@example.com","login":{"uuid":"3b95ba7e-60a4-432a-82b0-b3f190b9b14e","username":"angrypeacock273","password":"raymond","salt":"cQpmjQsi","md5":"4fdaea0e9c817b21f4eb8d08b44604fb","sha1":"8f488a05b0082b044738452c8bdc915dd2f6d5a4","sha256":"f5f8bef64e7bd74421043bff6ef965b94ef72a74faff48712c0baddf026fdd12"},"dob":{"date":"2000-11-18T15:47:59.358Z","age":23},"registered":{"date":"2003-09-15T21:46:15.207Z","age":20},"phone":"017-6602-955","cell":"062-9320-292","id":{"name":"SID","value":"133600697"},"picture":{"large":"https://randomuser.me/api/portraits/women/57.jpg","medium":"https://randomuser.me/api/portraits/med/women/57.jpg","thumbnail":"https://randomuser.me/api/portraits/thumb/women/57.jpg"},"nat":"RS"}],"info":{"seed":"61dcea69bda83aa6","results":1,"page":1,"version":"1.4"}} 
 </msg>
<msg time="2024-04-27T21:12:11.862852" level="INFO">/opt/hostedtoolcache/Python/3.12.3/x64/lib/python3.12/site-packages/urllib3/connectionpool.py:1103: InsecureRequestWarning: Unverified HTTPS request is being made to host 'randomuser.me'. Adding certificate verification is strongly advised. See: https://urllib3.readthedocs.io/en/latest/advanced-usage.html#tls-warnings
  warnings.warn(</msg>
<msg time="2024-04-27T21:12:11.862970" level="INFO">${response} = &lt;Response [200]&gt;</msg>
<var>${response}</var>
<arg>consultarAPI</arg>
<arg>/api</arg>
<doc>Sends a GET request on a previously created HTTP Session.</doc>
<status status="PASS" start="2024-04-27T21:12:11.765061" elapsed="0.097946"/>
</kw>
<kw name="Set Variable" owner="BuiltIn">
<msg time="2024-04-27T21:12:11.864074" level="INFO">${json_data} = {'results': [{'gender': 'female', 'name': {'title': 'Mrs', 'first': 'Dragica', 'last': 'Silić'}, 'location': {'street': {'number': 7488, 'name': 'Porodice Petrović'}, 'city': 'Malo Crniće', 'state': '...</msg>
<var>${json_data}</var>
<arg>${response.json()}</arg>
<doc>Returns the given values which can then be assigned to a variables.</doc>
<status status="PASS" start="2024-04-27T21:12:11.863548" elapsed="0.000557"/>
</kw>
<kw name="Set Variable" owner="BuiltIn">
<msg time="2024-04-27T21:12:11.864793" level="INFO">${name_title} = Mrs</msg>
<var>${name_title}</var>
<arg>${json_data["results"][0]["name"]["title"]}</arg>
<doc>Returns the given values which can then be assigned to a variables.</doc>
<status status="PASS" start="2024-04-27T21:12:11.864408" elapsed="0.000410"/>
</kw>
<kw name="Create List" owner="BuiltIn">
<msg time="2024-04-27T21:12:11.865269" level="INFO">${allowed_titles} = ['Mr', 'Ms', 'Miss', 'Mrs', 'Madame', 'Monsieur']</msg>
<var>${allowed_titles}</var>
<arg>Mr</arg>
<arg>Ms</arg>
<arg>Miss</arg>
<arg>Mrs</arg>
<arg>Madame</arg>
<arg>Monsieur</arg>
<doc>Returns a list containing given items.</doc>
<status status="PASS" start="2024-04-27T21:12:11.865115" elapsed="0.000178"/>
</kw>
<kw name="List Should Contain Value" owner="Collections">
<msg time="2024-04-27T21:12:11.865823" level="INFO">False</msg>
<arg>${allowed_titles}</arg>
<arg>${name_title}</arg>
<doc>Fails if the ``value`` is not found from ``list``.</doc>
<status status="PASS" start="2024-04-27T21:12:11.865595" elapsed="0.000267"/>
</kw>
<kw name="Set Variable" owner="BuiltIn">
<msg time="2024-04-27T21:12:11.866541" level="INFO">${name_country} = RS</msg>
<var>${name_country}</var>
<arg>${json_data["results"][0]["nat"]}</arg>
<doc>Returns the given values which can then be assigned to a variables.</doc>
<status status="PASS" start="2024-04-27T21:12:11.866157" elapsed="0.000410"/>
</kw>
<kw name="Create List" owner="BuiltIn">
<msg time="2024-04-27T21:12:11.867445" level="INFO">${list_country} = ['AD', 'AE', 'AF', 'AG', 'AI', 'AL', 'AM', 'AO', 'AQ', 'AR', 'AS', 'AT', 'AU', 'AW', 'AX', 'AZ', 'BA', 'BB', 'BD', 'BE', 'BF', 'BG', 'BH', 'BI', 'BJ', 'BL', 'BM', 'BN', 'BO', 'BQ', 'BR', 'BS', 'BT', '...</msg>
<var>${list_country}</var>
<arg>AD</arg>
<arg>AE</arg>
<arg>AF</arg>
<arg>AG</arg>
<arg>AI</arg>
<arg>AL</arg>
<arg>AM</arg>
<arg>AO</arg>
<arg>AQ</arg>
<arg>AR</arg>
<arg>AS</arg>
<arg>AT</arg>
<arg>AU</arg>
<arg>AW</arg>
<arg>AX</arg>
<arg>AZ</arg>
<arg>BA</arg>
<arg>BB</arg>
<arg>BD</arg>
<arg>BE</arg>
<arg>BF</arg>
<arg>BG</arg>
<arg>BH</arg>
<arg>BI</arg>
<arg>BJ</arg>
<arg>BL</arg>
<arg>BM</arg>
<arg>BN</arg>
<arg>BO</arg>
<arg>BQ</arg>
<arg>BR</arg>
<arg>BS</arg>
<arg>BT</arg>
<arg>BV</arg>
<arg>BW</arg>
<arg>BY</arg>
<arg>BZ</arg>
<arg>CA</arg>
<arg>CC</arg>
<arg>CD</arg>
<arg>CF</arg>
<arg>CG</arg>
<arg>CH</arg>
<arg>CI</arg>
<arg>CK</arg>
<arg>CL</arg>
<arg>CM</arg>
<arg>CN</arg>
<arg>CO</arg>
<arg>CR</arg>
<arg>CU</arg>
<arg>CV</arg>
<arg>CW</arg>
<arg>CX</arg>
<arg>CY</arg>
<arg>CZ</arg>
<arg>DE</arg>
<arg>DJ</arg>
<arg>DK</arg>
<arg>DM</arg>
<arg>DO</arg>
<arg>DZ</arg>
<arg>EC</arg>
<arg>EE</arg>
<arg>EG</arg>
<arg>EH</arg>
<arg>ER</arg>
<arg>ES</arg>
<arg>ET</arg>
<arg>FI</arg>
<arg>FJ</arg>
<arg>FK</arg>
<arg>FM</arg>
<arg>FO</arg>
<arg>FR</arg>
<arg>GA</arg>
<arg>GB</arg>
<arg>GD</arg>
<arg>GE</arg>
<arg>GF</arg>
<arg>GG</arg>
<arg>GH</arg>
<arg>GI</arg>
<arg>GL</arg>
<arg>GM</arg>
<arg>GN</arg>
<arg>GP</arg>
<arg>GQ</arg>
<arg>GR</arg>
<arg>GS</arg>
<arg>GT</arg>
<arg>GU</arg>
<arg>GW</arg>
<arg>GY</arg>
<arg>HK</arg>
<arg>HM</arg>
<arg>HN</arg>
<arg>HR</arg>
<arg>HT</arg>
<arg>HU</arg>
<arg>ID</arg>
<arg>IE</arg>
<arg>IL</arg>
<arg>IM</arg>
<arg>IN</arg>
<arg>IO</arg>
<arg>IQ</arg>
<arg>IR</arg>
<arg>IS</arg>
<arg>IT</arg>
<arg>JE</arg>
<arg>JM</arg>
<arg>JO</arg>
<arg>JP</arg>
<arg>KE</arg>
<arg>KG</arg>
<arg>KH</arg>
<arg>KI</arg>
<arg>KM</arg>
<arg>KN</arg>
<arg>KP</arg>
<arg>KR</arg>
<arg>KW</arg>
<arg>KY</arg>
<arg>KZ</arg>
<arg>LA</arg>
<arg>LB</arg>
<arg>LC</arg>
<arg>LI</arg>
<arg>LK</arg>
<arg>LR</arg>
<arg>LS</arg>
<arg>LT</arg>
<arg>LU</arg>
<arg>LV</arg>
<arg>LY</arg>
<arg>MA</arg>
<arg>MC</arg>
<arg>MD</arg>
<arg>ME</arg>
<arg>MF</arg>
<arg>MG</arg>
<arg>MH</arg>
<arg>MK</arg>
<arg>ML</arg>
<arg>MM</arg>
<arg>MN</arg>
<arg>MO</arg>
<arg>MP</arg>
<arg>MQ</arg>
<arg>MR</arg>
<arg>MS</arg>
<arg>MT</arg>
<arg>MU</arg>
<arg>MV</arg>
<arg>MW</arg>
<arg>MX</arg>
<arg>MY</arg>
<arg>MZ</arg>
<arg>NA</arg>
<arg>NC</arg>
<arg>NE</arg>
<arg>NF</arg>
<arg>NG</arg>
<arg>NI</arg>
<arg>NL</arg>
<arg>NO</arg>
<arg>NP</arg>
<arg>NR</arg>
<arg>NU</arg>
<arg>NZ</arg>
<arg>OM</arg>
<arg>PA</arg>
<arg>PE</arg>
<arg>PF</arg>
<arg>PG</arg>
<arg>PH</arg>
<arg>PK</arg>
<arg>PL</arg>
<arg>PM</arg>
<arg>PN</arg>
<arg>PR</arg>
<arg>PS</arg>
<arg>PT</arg>
<arg>PW</arg>
<arg>PY</arg>
<arg>QA</arg>
<arg>RE</arg>
<arg>RO</arg>
<arg>RS</arg>
<arg>RU</arg>
<arg>RW</arg>
<arg>SA</arg>
<arg>SB</arg>
<arg>SC</arg>
<arg>SD</arg>
<arg>SE</arg>
<arg>SG</arg>
<arg>SH</arg>
<arg>SI</arg>
<arg>SJ</arg>
<arg>SK</arg>
<arg>SL</arg>
<arg>SM</arg>
<arg>SN</arg>
<arg>SO</arg>
<arg>SR</arg>
<arg>SS</arg>
<arg>ST</arg>
<arg>SV</arg>
<arg>SX</arg>
<arg>SY</arg>
<arg>SZ</arg>
<arg>TC</arg>
<arg>TD</arg>
<arg>TF</arg>
<arg>TG</arg>
<arg>TH</arg>
<arg>TJ</arg>
<arg>TK</arg>
<arg>TL</arg>
<arg>TM</arg>
<arg>TN</arg>
<arg>TO</arg>
<arg>TR</arg>
<arg>TT</arg>
<arg>TV</arg>
<arg>TW</arg>
<arg>TZ</arg>
<arg>UA</arg>
<arg>UG</arg>
<arg>UM</arg>
<arg>US</arg>
<arg>UY</arg>
<arg>UZ</arg>
<arg>VA</arg>
<arg>VC</arg>
<arg>VE</arg>
<arg>VG</arg>
<arg>VI</arg>
<arg>VN</arg>
<arg>VU</arg>
<arg>WF</arg>
<arg>WS</arg>
<arg>XK</arg>
<arg>YE</arg>
<arg>YT</arg>
<arg>ZA</arg>
<arg>ZM</arg>
<arg>ZW</arg>
<doc>Returns a list containing given items.</doc>
<status status="PASS" start="2024-04-27T21:12:11.866865" elapsed="0.000605"/>
</kw>
<kw name="List Should Contain Value" owner="Collections">
<msg time="2024-04-27T21:12:11.868457" level="INFO">False</msg>
<arg>${list_country}</arg>
<arg>${name_country}</arg>
<doc>Fails if the ``value`` is not found from ``list``.</doc>
<status status="PASS" start="2024-04-27T21:12:11.868258" elapsed="0.000235"/>
</kw>
<kw name="Run Keyword If" owner="BuiltIn">
<kw name="Should Be True" owner="BuiltIn">
<arg>${True}</arg>
<doc>Fails if the given condition is not true.</doc>
<status status="PASS" start="2024-04-27T21:12:11.869561" elapsed="0.000283"/>
</kw>
<arg>${json_data["results"][0]["location"]["coordinates"]["latitude"]} &gt;= -90 and ${json_data["results"][0]["location"]["coordinates"]["latitude"]} &lt;= 90</arg>
<arg>Should Be True</arg>
<arg>${True}</arg>
<doc>Runs the given keyword with the given arguments, if ``condition`` is true.</doc>
<status status="PASS" start="2024-04-27T21:12:11.868804" elapsed="0.001177"/>
</kw>
<kw name="Run Keyword If" owner="BuiltIn">
<kw name="Should Be True" owner="BuiltIn">
<arg>${True}</arg>
<doc>Fails if the given condition is not true.</doc>
<status status="PASS" start="2024-04-27T21:12:11.870875" elapsed="0.000137"/>
</kw>
<arg>${json_data["results"][0]["location"]["coordinates"]["longitude"]} &gt;= -180 and ${json_data["results"][0]["location"]["coordinates"]["longitude"]} &lt;= 180</arg>
<arg>Should Be True</arg>
<arg>${True}</arg>
<doc>Runs the given keyword with the given arguments, if ``condition`` is true.</doc>
<status status="PASS" start="2024-04-27T21:12:11.870180" elapsed="0.000963"/>
</kw>
<status status="PASS" start="2024-04-27T21:12:11.764834" elapsed="0.106439"/>
</kw>
<doc>Testa o conteúdo específico dos campos retornados pela API.</doc>
<tag>testeConteudo</tag>
<status status="PASS" start="2024-04-27T21:12:11.764385" elapsed="0.107040"/>
</test>
<status status="PASS" start="2024-04-27T21:12:10.952789" elapsed="0.920596"/>
</suite>
<status status="PASS" start="2024-04-27T21:12:10.938830" elapsed="0.939695"/>
</suite>
<statistics>
<total>
<stat pass="5" fail="0" skip="0">All Tests</stat>
</total>
<tag>
<stat pass="1" fail="0" skip="0">testeConteudo</stat>
<stat pass="1" fail="0" skip="0">testeEstruturaResposta</stat>
<stat pass="1" fail="0" skip="0">testeRequisicaoBasica</stat>
<stat pass="1" fail="0" skip="0">testeTiposDados</stat>
</tag>
<suite>
<stat pass="5" fail="0" skip="0" id="s1" name="Tests">Tests</stat>
<stat pass="5" fail="0" skip="0" id="s1-s1" name="Random-User-Test">Tests.Random-User-Test</stat>
</suite>
</statistics>
<errors>
</errors>
</robot>
