<?xml version="1.0" encoding="UTF-8"?>
<robot generator="Robot 7.0 (Python 3.12.3 on linux)" generated="2024-05-17T06:19:42.646012" rpa="false" schemaversion="5">
<suite id="s1" name="Tests" source="/home/runner/work/DesafioQAItauRogerioJordao/DesafioQAItauRogerioJordao/RamdonUser/tests">
<suite id="s1-s1" name="Random-User-Test" source="/home/runner/work/DesafioQAItauRogerioJordao/DesafioQAItauRogerioJordao/RamdonUser/tests/random-user-test.robot">
<test id="s1-s1-t1" name="Conectar" line="13">
<kw name="Conectar API" owner="random-user-service">
<kw name="Create Session" owner="RequestsLibrary">
<msg time="2024-05-17T06:19:43.064476" level="INFO">Creating Session using : alias=consultarAPI, url=https://randomuser.me/, headers={},                     cookies={}, auth=None, timeout=None, proxies=None, verify=False,                     debug=0 </msg>
<arg>consultarAPI</arg>
<arg>${URL}</arg>
<doc>Create Session: create a HTTP session to a server</doc>
<status status="PASS" start="2024-05-17T06:19:43.064260" elapsed="0.000396"/>
</kw>
<status status="PASS" start="2024-05-17T06:19:43.063258" elapsed="0.001763"/>
</kw>
<status status="PASS" start="2024-05-17T06:19:43.062676" elapsed="0.002549"/>
</test>
<test id="s1-s1-t2" name="Validar retorno 200 e JSON Válido" line="16">
<kw name="Teste de Requisicao Basica" owner="random-user-service">
<kw name="GET On Session" owner="RequestsLibrary">
<msg time="2024-05-17T06:19:43.140069" level="INFO">GET Request : url=https://randomuser.me/api 
 path_url=/api 
 headers={'User-Agent': 'python-requests/2.31.0', 'Accept-Encoding': 'gzip, deflate', 'Accept': '*/*', 'Connection': 'keep-alive'} 
 body=None 
 </msg>
<msg time="2024-05-17T06:19:43.140187" level="INFO">GET Response : url=https://randomuser.me/api 
 status=200, reason=OK 
 headers={'Date': 'Fri, 17 May 2024 06:19:43 GMT', 'Content-Type': 'application/json; charset=utf-8', 'Transfer-Encoding': 'chunked', 'Connection': 'keep-alive', 'X-Powered-By': 'Express', 'Access-Control-Allow-Origin': '*', 'Cache-Control': 'no-cache', 'ETag': 'W/"490-2i+Vps0yBvuxr6G6m57xtfqPhI8"', 'Vary': 'Accept-Encoding', 'Content-Encoding': 'gzip', 'CF-Cache-Status': 'DYNAMIC', 'Report-To': '{"endpoints":[{"url":"https:\\/\\/a.nel.cloudflare.com\\/report\\/v4?s=LbqtG5%2FOOPhT0ZVRJ%2FvianmLKSEKYfgGU%2BSU1noSzo60gNHeh2PGr2FXHrbkbWdc0AABFRYTtRJuVJIHGgsz7lgLX6opDYiFh7ZBynfv0Skl5qUdX7Q0h5b1dKvM9Hjf"}],"group":"cf-nel","max_age":604800}', 'NEL': '{"success_fraction":0,"report_to":"cf-nel","max_age":604800}', 'Server': 'cloudflare', 'CF-RAY': '88517f5a4c2982a8-IAD', 'alt-svc': 'h3=":443"; ma=86400'} 
 body={"results":[{"gender":"male","name":{"title":"Mr","first":"Zackary","last":"Campbell"},"location":{"street":{"number":7511,"name":"Regent Ave"},"city":"Hampstead","state":"Yukon","country":"Canada","postcode":"L8O 2N8","coordinates":{"latitude":"-65.7333","longitude":"-156.1414"},"timezone":{"offset":"+10:00","description":"Eastern Australia, Guam, Vladivostok"}},"email":"zackary.campbell@example.com","login":{"uuid":"f2ecc6f5-07d5-4301-9e6e-ebaad8e3b21f","username":"happywolf900","password":"turnip","salt":"cDZwlaeJ","md5":"174ee5aa806ce5abbd3329f50d3a0d38","sha1":"e552341bd8cd15426f52136f6185a9507eacf62d","sha256":"92707d2da7f609248b0ef47aa4f26ba1e646f90dd3f0b6a6b2eb9245af63d529"},"dob":{"date":"1986-05-23T09:41:25.288Z","age":37},"registered":{"date":"2015-08-02T12:38:53.694Z","age":8},"phone":"V59 G61-1946","cell":"U73 Z04-4520","id":{"name":"SIN","value":"676934342"},"picture":{"large":"https://randomuser.me/api/portraits/men/65.jpg","medium":"https://randomuser.me/api/portraits/med/men/65.jpg","thumbnail":"https://randomuser.me/api/portraits/thumb/men/65.jpg"},"nat":"CA"}],"info":{"seed":"9206b709d24dd62a","results":1,"page":1,"version":"1.4"}} 
 </msg>
<msg time="2024-05-17T06:19:43.140264" level="INFO">/opt/hostedtoolcache/Python/3.12.3/x64/lib/python3.12/site-packages/urllib3/connectionpool.py:1103: InsecureRequestWarning: Unverified HTTPS request is being made to host 'randomuser.me'. Adding certificate verification is strongly advised. See: https://urllib3.readthedocs.io/en/latest/advanced-usage.html#tls-warnings
  warnings.warn(</msg>
<msg time="2024-05-17T06:19:43.140385" level="INFO">${response} = &lt;Response [200]&gt;</msg>
<var>${response}</var>
<arg>consultarAPI</arg>
<arg>/api</arg>
<doc>Sends a GET request on a previously created HTTP Session.</doc>
<status status="PASS" start="2024-05-17T06:19:43.067992" elapsed="0.072435"/>
</kw>
<kw name="Should Be Equal As Numbers" owner="BuiltIn">
<msg time="2024-05-17T06:19:43.141468" level="INFO">Argument types are:
&lt;class 'int'&gt;
&lt;class 'str'&gt;</msg>
<arg>${response.status_code}</arg>
<arg>200</arg>
<doc>Fails if objects are unequal after converting them to real numbers.</doc>
<status status="PASS" start="2024-05-17T06:19:43.140967" elapsed="0.000566"/>
</kw>
<kw name="Log" owner="BuiltIn">
<msg time="2024-05-17T06:19:43.142249" level="INFO">200</msg>
<arg>${response.status_code}</arg>
<doc>Logs the given message with the given level.</doc>
<status status="PASS" start="2024-05-17T06:19:43.141891" elapsed="0.000401"/>
</kw>
<kw name="Set Variable" owner="BuiltIn">
<msg time="2024-05-17T06:19:43.143092" level="INFO">${json_data} = {'results': [{'gender': 'male', 'name': {'title': 'Mr', 'first': 'Zackary', 'last': 'Campbell'}, 'location': {'street': {'number': 7511, 'name': 'Regent Ave'}, 'city': 'Hampstead', 'state': 'Yukon', '...</msg>
<var>${json_data}</var>
<arg>${response.json()}</arg>
<doc>Returns the given values which can then be assigned to a variables.</doc>
<status status="PASS" start="2024-05-17T06:19:43.142641" elapsed="0.000481"/>
</kw>
<kw name="Dictionary Should Contain Key" owner="Collections">
<msg time="2024-05-17T06:19:43.143606" level="INFO">False</msg>
<arg>${json_data}</arg>
<arg>results</arg>
<doc>Fails if ``key`` is not found from ``dictionary``.</doc>
<status status="PASS" start="2024-05-17T06:19:43.143435" elapsed="0.000213"/>
</kw>
<status status="PASS" start="2024-05-17T06:19:43.067733" elapsed="0.076170"/>
</kw>
<doc>Testa se a API responde corretamente e retorna um objeto JSON válido.</doc>
<tag>testeRequisicaoBasica</tag>
<status status="PASS" start="2024-05-17T06:19:43.067252" elapsed="0.076832"/>
</test>
<test id="s1-s1-t3" name="Validar estrutura de resposta" line="22">
<kw name="Teste de Estrutura de Resposta" owner="random-user-service">
<kw name="GET On Session" owner="RequestsLibrary">
<msg time="2024-05-17T06:19:43.242688" level="INFO">GET Request : url=https://randomuser.me/api 
 path_url=/api 
 headers={'User-Agent': 'python-requests/2.31.0', 'Accept-Encoding': 'gzip, deflate', 'Accept': '*/*', 'Connection': 'keep-alive'} 
 body=None 
 </msg>
<msg time="2024-05-17T06:19:43.242797" level="INFO">GET Response : url=https://randomuser.me/api 
 status=200, reason=OK 
 headers={'Date': 'Fri, 17 May 2024 06:19:43 GMT', 'Content-Type': 'application/json; charset=utf-8', 'Transfer-Encoding': 'chunked', 'Connection': 'keep-alive', 'X-Powered-By': 'Express', 'Access-Control-Allow-Origin': '*', 'Cache-Control': 'no-cache', 'ETag': 'W/"491-B3m+cdtsauXBuG7wttXH268FmjU"', 'Vary': 'Accept-Encoding', 'Content-Encoding': 'gzip', 'CF-Cache-Status': 'DYNAMIC', 'Report-To': '{"endpoints":[{"url":"https:\\/\\/a.nel.cloudflare.com\\/report\\/v4?s=3tOOkaZuo880mWCKMMp62lpu%2BiFsz91yEKE%2BBBKeQhapyaY1xoFzB%2FOPlZx6uJJ82CE8eDrD7XrRqsSlREQuO183F1lPP6uUosO4Xcv6IEdZfvFVSZw1BlZYsEpvLJ3w"}],"group":"cf-nel","max_age":604800}', 'NEL': '{"success_fraction":0,"report_to":"cf-nel","max_age":604800}', 'Server': 'cloudflare', 'CF-RAY': '88517f5aac7482a8-IAD', 'alt-svc': 'h3=":443"; ma=86400'} 
 body={"results":[{"gender":"female","name":{"title":"Ms","first":"Margot","last":"Leclerc"},"location":{"street":{"number":9990,"name":"Montée Saint-Barthélémy"},"city":"Nîmes","state":"Drôme","country":"France","postcode":55530,"coordinates":{"latitude":"-20.6997","longitude":"89.7809"},"timezone":{"offset":"-3:30","description":"Newfoundland"}},"email":"margot.leclerc@example.com","login":{"uuid":"b8e4f3a4-89ec-4b44-8a60-8200c5ade5ab","username":"angrylion245","password":"hanson","salt":"M5UTprrP","md5":"8264c50f8bb4e93ba839027c6c7553b8","sha1":"8b82e4919d02a43cb3dc82be16b8169ed808b8a4","sha256":"318d0018956731381d469ca275b87ecce00679281267bb1e49a3c7627dcefbbe"},"dob":{"date":"1947-05-24T01:22:24.161Z","age":76},"registered":{"date":"2003-04-16T09:44:25.981Z","age":21},"phone":"02-68-83-67-72","cell":"06-47-69-93-74","id":{"name":"INSEE","value":"2470467979613 13"},"picture":{"large":"https://randomuser.me/api/portraits/women/74.jpg","medium":"https://randomuser.me/api/portraits/med/women/74.jpg","thumbnail":"https://randomuser.me/api/portraits/thumb/women/74.jpg"},"nat":"FR"}],"info":{"seed":"0e748319206b0433","results":1,"page":1,"version":"1.4"}} 
 </msg>
<msg time="2024-05-17T06:19:43.242918" level="INFO">/opt/hostedtoolcache/Python/3.12.3/x64/lib/python3.12/site-packages/urllib3/connectionpool.py:1103: InsecureRequestWarning: Unverified HTTPS request is being made to host 'randomuser.me'. Adding certificate verification is strongly advised. See: https://urllib3.readthedocs.io/en/latest/advanced-usage.html#tls-warnings
  warnings.warn(</msg>
<msg time="2024-05-17T06:19:43.243048" level="INFO">${response} = &lt;Response [200]&gt;</msg>
<var>${response}</var>
<arg>consultarAPI</arg>
<arg>/api</arg>
<doc>Sends a GET request on a previously created HTTP Session.</doc>
<status status="PASS" start="2024-05-17T06:19:43.147034" elapsed="0.096057"/>
</kw>
<kw name="Set Variable" owner="BuiltIn">
<msg time="2024-05-17T06:19:43.244261" level="INFO">${json_data} = {'results': [{'gender': 'female', 'name': {'title': 'Ms', 'first': 'Margot', 'last': 'Leclerc'}, 'location': {'street': {'number': 9990, 'name': 'Montée Saint-Barthélémy'}, 'city': 'Nîmes', 'state': '...</msg>
<var>${json_data}</var>
<arg>${response.json()}</arg>
<doc>Returns the given values which can then be assigned to a variables.</doc>
<status status="PASS" start="2024-05-17T06:19:43.243680" elapsed="0.000612"/>
</kw>
<kw name="Log" owner="BuiltIn">
<msg time="2024-05-17T06:19:43.244785" level="INFO">{'results': [{'gender': 'female', 'name': {'title': 'Ms', 'first': 'Margot', 'last': 'Leclerc'}, 'location': {'street': {'number': 9990, 'name': 'Montée Saint-Barthélémy'}, 'city': 'Nîmes', 'state': 'Drôme', 'country': 'France', 'postcode': 55530, 'coordinates': {'latitude': '-20.6997', 'longitude': '89.7809'}, 'timezone': {'offset': '-3:30', 'description': 'Newfoundland'}}, 'email': 'margot.leclerc@example.com', 'login': {'uuid': 'b8e4f3a4-89ec-4b44-8a60-8200c5ade5ab', 'username': 'angrylion245', 'password': 'hanson', 'salt': 'M5UTprrP', 'md5': '8264c50f8bb4e93ba839027c6c7553b8', 'sha1': '8b82e4919d02a43cb3dc82be16b8169ed808b8a4', 'sha256': '318d0018956731381d469ca275b87ecce00679281267bb1e49a3c7627dcefbbe'}, 'dob': {'date': '1947-05-24T01:22:24.161Z', 'age': 76}, 'registered': {'date': '2003-04-16T09:44:25.981Z', 'age': 21}, 'phone': '02-68-83-67-72', 'cell': '06-47-69-93-74', 'id': {'name': 'INSEE', 'value': '2470467979613 13'}, 'picture': {'large': 'https://randomuser.me/api/portraits/women/74.jpg', 'medium': 'https://randomuser.me/api/portraits/med/women/74.jpg', 'thumbnail': 'https://randomuser.me/api/portraits/thumb/women/74.jpg'}, 'nat': 'FR'}], 'info': {'seed': '0e748319206b0433', 'results': 1, 'page': 1, 'version': '1.4'}}</msg>
<arg>${json_data}</arg>
<doc>Logs the given message with the given level.</doc>
<status status="PASS" start="2024-05-17T06:19:43.244611" elapsed="0.000224"/>
</kw>
<kw name="Dictionary Should Contain Key" owner="Collections">
<msg time="2024-05-17T06:19:43.245303" level="INFO">False</msg>
<arg>${json_data}</arg>
<arg>results</arg>
<doc>Fails if ``key`` is not found from ``dictionary``.</doc>
<status status="PASS" start="2024-05-17T06:19:43.245139" elapsed="0.000202"/>
</kw>
<kw name="Should Not Be Empty" owner="BuiltIn">
<msg time="2024-05-17T06:19:43.245767" level="INFO">Length is 2.</msg>
<arg>${json_data}</arg>
<doc>Verifies that the given item is not empty.</doc>
<status status="PASS" start="2024-05-17T06:19:43.245635" elapsed="0.000337"/>
</kw>
<kw name="Create List" owner="BuiltIn">
<msg time="2024-05-17T06:19:43.246425" level="INFO">${expected_keys} = ['gender', 'name', 'location', 'email', 'login']</msg>
<var>${expected_keys}</var>
<arg>gender</arg>
<arg>name</arg>
<arg>location</arg>
<arg>email</arg>
<arg>login</arg>
<doc>Returns a list containing given items.</doc>
<status status="PASS" start="2024-05-17T06:19:43.246269" elapsed="0.000180"/>
</kw>
<for flavor="IN">
<iter>
<kw name="Dictionary Should Contain Key" owner="Collections">
<msg time="2024-05-17T06:19:43.247509" level="INFO">False</msg>
<arg>${json_data['results'][0]}</arg>
<arg>${key}</arg>
<doc>Fails if ``key`` is not found from ``dictionary``.</doc>
<status status="PASS" start="2024-05-17T06:19:43.247096" elapsed="0.000453"/>
</kw>
<kw name="Log" owner="BuiltIn">
<msg time="2024-05-17T06:19:43.248216" level="INFO">{'gender': 'female', 'name': {'title': 'Ms', 'first': 'Margot', 'last': 'Leclerc'}, 'location': {'street': {'number': 9990, 'name': 'Montée Saint-Barthélémy'}, 'city': 'Nîmes', 'state': 'Drôme', 'country': 'France', 'postcode': 55530, 'coordinates': {'latitude': '-20.6997', 'longitude': '89.7809'}, 'timezone': {'offset': '-3:30', 'description': 'Newfoundland'}}, 'email': 'margot.leclerc@example.com', 'login': {'uuid': 'b8e4f3a4-89ec-4b44-8a60-8200c5ade5ab', 'username': 'angrylion245', 'password': 'hanson', 'salt': 'M5UTprrP', 'md5': '8264c50f8bb4e93ba839027c6c7553b8', 'sha1': '8b82e4919d02a43cb3dc82be16b8169ed808b8a4', 'sha256': '318d0018956731381d469ca275b87ecce00679281267bb1e49a3c7627dcefbbe'}, 'dob': {'date': '1947-05-24T01:22:24.161Z', 'age': 76}, 'registered': {'date': '2003-04-16T09:44:25.981Z', 'age': 21}, 'phone': '02-68-83-67-72', 'cell': '06-47-69-93-74', 'id': {'name': 'INSEE', 'value': '2470467979613 13'}, 'picture': {'large': 'https://randomuser.me/api/portraits/women/74.jpg', 'medium': 'https://randomuser.me/api/portraits/med/women/74.jpg', 'thumbnail': 'https://randomuser.me/api/portraits/thumb/women/74.jpg'}, 'nat': 'FR'}</msg>
<arg>${json_data['results'][0]}</arg>
<doc>Logs the given message with the given level.</doc>
<status status="PASS" start="2024-05-17T06:19:43.247851" elapsed="0.000417"/>
</kw>
<kw name="Log" owner="BuiltIn">
<msg time="2024-05-17T06:19:43.248698" level="INFO">gender</msg>
<arg>${key}</arg>
<doc>Logs the given message with the given level.</doc>
<status status="PASS" start="2024-05-17T06:19:43.248570" elapsed="0.000166"/>
</kw>
<var name="${key}">gender</var>
<status status="PASS" start="2024-05-17T06:19:43.246966" elapsed="0.001988"/>
</iter>
<iter>
<kw name="Dictionary Should Contain Key" owner="Collections">
<msg time="2024-05-17T06:19:43.249646" level="INFO">False</msg>
<arg>${json_data['results'][0]}</arg>
<arg>${key}</arg>
<doc>Fails if ``key`` is not found from ``dictionary``.</doc>
<status status="PASS" start="2024-05-17T06:19:43.249259" elapsed="0.000425"/>
</kw>
<kw name="Log" owner="BuiltIn">
<msg time="2024-05-17T06:19:43.250377" level="INFO">{'gender': 'female', 'name': {'title': 'Ms', 'first': 'Margot', 'last': 'Leclerc'}, 'location': {'street': {'number': 9990, 'name': 'Montée Saint-Barthélémy'}, 'city': 'Nîmes', 'state': 'Drôme', 'country': 'France', 'postcode': 55530, 'coordinates': {'latitude': '-20.6997', 'longitude': '89.7809'}, 'timezone': {'offset': '-3:30', 'description': 'Newfoundland'}}, 'email': 'margot.leclerc@example.com', 'login': {'uuid': 'b8e4f3a4-89ec-4b44-8a60-8200c5ade5ab', 'username': 'angrylion245', 'password': 'hanson', 'salt': 'M5UTprrP', 'md5': '8264c50f8bb4e93ba839027c6c7553b8', 'sha1': '8b82e4919d02a43cb3dc82be16b8169ed808b8a4', 'sha256': '318d0018956731381d469ca275b87ecce00679281267bb1e49a3c7627dcefbbe'}, 'dob': {'date': '1947-05-24T01:22:24.161Z', 'age': 76}, 'registered': {'date': '2003-04-16T09:44:25.981Z', 'age': 21}, 'phone': '02-68-83-67-72', 'cell': '06-47-69-93-74', 'id': {'name': 'INSEE', 'value': '2470467979613 13'}, 'picture': {'large': 'https://randomuser.me/api/portraits/women/74.jpg', 'medium': 'https://randomuser.me/api/portraits/med/women/74.jpg', 'thumbnail': 'https://randomuser.me/api/portraits/thumb/women/74.jpg'}, 'nat': 'FR'}</msg>
<arg>${json_data['results'][0]}</arg>
<doc>Logs the given message with the given level.</doc>
<status status="PASS" start="2024-05-17T06:19:43.250008" elapsed="0.000420"/>
</kw>
<kw name="Log" owner="BuiltIn">
<msg time="2024-05-17T06:19:43.250885" level="INFO">name</msg>
<arg>${key}</arg>
<doc>Logs the given message with the given level.</doc>
<status status="PASS" start="2024-05-17T06:19:43.250757" elapsed="0.000167"/>
</kw>
<var name="${key}">name</var>
<status status="PASS" start="2024-05-17T06:19:43.249145" elapsed="0.001995"/>
</iter>
<iter>
<kw name="Dictionary Should Contain Key" owner="Collections">
<msg time="2024-05-17T06:19:43.251813" level="INFO">False</msg>
<arg>${json_data['results'][0]}</arg>
<arg>${key}</arg>
<doc>Fails if ``key`` is not found from ``dictionary``.</doc>
<status status="PASS" start="2024-05-17T06:19:43.251431" elapsed="0.000419"/>
</kw>
<kw name="Log" owner="BuiltIn">
<msg time="2024-05-17T06:19:43.252840" level="INFO">{'gender': 'female', 'name': {'title': 'Ms', 'first': 'Margot', 'last': 'Leclerc'}, 'location': {'street': {'number': 9990, 'name': 'Montée Saint-Barthélémy'}, 'city': 'Nîmes', 'state': 'Drôme', 'country': 'France', 'postcode': 55530, 'coordinates': {'latitude': '-20.6997', 'longitude': '89.7809'}, 'timezone': {'offset': '-3:30', 'description': 'Newfoundland'}}, 'email': 'margot.leclerc@example.com', 'login': {'uuid': 'b8e4f3a4-89ec-4b44-8a60-8200c5ade5ab', 'username': 'angrylion245', 'password': 'hanson', 'salt': 'M5UTprrP', 'md5': '8264c50f8bb4e93ba839027c6c7553b8', 'sha1': '8b82e4919d02a43cb3dc82be16b8169ed808b8a4', 'sha256': '318d0018956731381d469ca275b87ecce00679281267bb1e49a3c7627dcefbbe'}, 'dob': {'date': '1947-05-24T01:22:24.161Z', 'age': 76}, 'registered': {'date': '2003-04-16T09:44:25.981Z', 'age': 21}, 'phone': '02-68-83-67-72', 'cell': '06-47-69-93-74', 'id': {'name': 'INSEE', 'value': '2470467979613 13'}, 'picture': {'large': 'https://randomuser.me/api/portraits/women/74.jpg', 'medium': 'https://randomuser.me/api/portraits/med/women/74.jpg', 'thumbnail': 'https://randomuser.me/api/portraits/thumb/women/74.jpg'}, 'nat': 'FR'}</msg>
<arg>${json_data['results'][0]}</arg>
<doc>Logs the given message with the given level.</doc>
<status status="PASS" start="2024-05-17T06:19:43.252265" elapsed="0.000660"/>
</kw>
<kw name="Log" owner="BuiltIn">
<msg time="2024-05-17T06:19:43.253578" level="INFO">location</msg>
<arg>${key}</arg>
<doc>Logs the given message with the given level.</doc>
<status status="PASS" start="2024-05-17T06:19:43.253391" elapsed="0.000249"/>
</kw>
<var name="${key}">location</var>
<status status="PASS" start="2024-05-17T06:19:43.251319" elapsed="0.002648"/>
</iter>
<iter>
<kw name="Dictionary Should Contain Key" owner="Collections">
<msg time="2024-05-17T06:19:43.254757" level="INFO">False</msg>
<arg>${json_data['results'][0]}</arg>
<arg>${key}</arg>
<doc>Fails if ``key`` is not found from ``dictionary``.</doc>
<status status="PASS" start="2024-05-17T06:19:43.254326" elapsed="0.000471"/>
</kw>
<kw name="Log" owner="BuiltIn">
<msg time="2024-05-17T06:19:43.255495" level="INFO">{'gender': 'female', 'name': {'title': 'Ms', 'first': 'Margot', 'last': 'Leclerc'}, 'location': {'street': {'number': 9990, 'name': 'Montée Saint-Barthélémy'}, 'city': 'Nîmes', 'state': 'Drôme', 'country': 'France', 'postcode': 55530, 'coordinates': {'latitude': '-20.6997', 'longitude': '89.7809'}, 'timezone': {'offset': '-3:30', 'description': 'Newfoundland'}}, 'email': 'margot.leclerc@example.com', 'login': {'uuid': 'b8e4f3a4-89ec-4b44-8a60-8200c5ade5ab', 'username': 'angrylion245', 'password': 'hanson', 'salt': 'M5UTprrP', 'md5': '8264c50f8bb4e93ba839027c6c7553b8', 'sha1': '8b82e4919d02a43cb3dc82be16b8169ed808b8a4', 'sha256': '318d0018956731381d469ca275b87ecce00679281267bb1e49a3c7627dcefbbe'}, 'dob': {'date': '1947-05-24T01:22:24.161Z', 'age': 76}, 'registered': {'date': '2003-04-16T09:44:25.981Z', 'age': 21}, 'phone': '02-68-83-67-72', 'cell': '06-47-69-93-74', 'id': {'name': 'INSEE', 'value': '2470467979613 13'}, 'picture': {'large': 'https://randomuser.me/api/portraits/women/74.jpg', 'medium': 'https://randomuser.me/api/portraits/med/women/74.jpg', 'thumbnail': 'https://randomuser.me/api/portraits/thumb/women/74.jpg'}, 'nat': 'FR'}</msg>
<arg>${json_data['results'][0]}</arg>
<doc>Logs the given message with the given level.</doc>
<status status="PASS" start="2024-05-17T06:19:43.255105" elapsed="0.000441"/>
</kw>
<kw name="Log" owner="BuiltIn">
<msg time="2024-05-17T06:19:43.255981" level="INFO">email</msg>
<arg>${key}</arg>
<doc>Logs the given message with the given level.</doc>
<status status="PASS" start="2024-05-17T06:19:43.255847" elapsed="0.000172"/>
</kw>
<var name="${key}">email</var>
<status status="PASS" start="2024-05-17T06:19:43.254209" elapsed="0.002025"/>
</iter>
<iter>
<kw name="Dictionary Should Contain Key" owner="Collections">
<msg time="2024-05-17T06:19:43.256904" level="INFO">False</msg>
<arg>${json_data['results'][0]}</arg>
<arg>${key}</arg>
<doc>Fails if ``key`` is not found from ``dictionary``.</doc>
<status status="PASS" start="2024-05-17T06:19:43.256519" elapsed="0.000422"/>
</kw>
<kw name="Log" owner="BuiltIn">
<msg time="2024-05-17T06:19:43.257606" level="INFO">{'gender': 'female', 'name': {'title': 'Ms', 'first': 'Margot', 'last': 'Leclerc'}, 'location': {'street': {'number': 9990, 'name': 'Montée Saint-Barthélémy'}, 'city': 'Nîmes', 'state': 'Drôme', 'country': 'France', 'postcode': 55530, 'coordinates': {'latitude': '-20.6997', 'longitude': '89.7809'}, 'timezone': {'offset': '-3:30', 'description': 'Newfoundland'}}, 'email': 'margot.leclerc@example.com', 'login': {'uuid': 'b8e4f3a4-89ec-4b44-8a60-8200c5ade5ab', 'username': 'angrylion245', 'password': 'hanson', 'salt': 'M5UTprrP', 'md5': '8264c50f8bb4e93ba839027c6c7553b8', 'sha1': '8b82e4919d02a43cb3dc82be16b8169ed808b8a4', 'sha256': '318d0018956731381d469ca275b87ecce00679281267bb1e49a3c7627dcefbbe'}, 'dob': {'date': '1947-05-24T01:22:24.161Z', 'age': 76}, 'registered': {'date': '2003-04-16T09:44:25.981Z', 'age': 21}, 'phone': '02-68-83-67-72', 'cell': '06-47-69-93-74', 'id': {'name': 'INSEE', 'value': '2470467979613 13'}, 'picture': {'large': 'https://randomuser.me/api/portraits/women/74.jpg', 'medium': 'https://randomuser.me/api/portraits/med/women/74.jpg', 'thumbnail': 'https://randomuser.me/api/portraits/thumb/women/74.jpg'}, 'nat': 'FR'}</msg>
<arg>${json_data['results'][0]}</arg>
<doc>Logs the given message with the given level.</doc>
<status status="PASS" start="2024-05-17T06:19:43.257236" elapsed="0.000419"/>
</kw>
<kw name="Log" owner="BuiltIn">
<msg time="2024-05-17T06:19:43.258076" level="INFO">login</msg>
<arg>${key}</arg>
<doc>Logs the given message with the given level.</doc>
<status status="PASS" start="2024-05-17T06:19:43.257950" elapsed="0.000164"/>
</kw>
<var name="${key}">login</var>
<status status="PASS" start="2024-05-17T06:19:43.256407" elapsed="0.001971"/>
</iter>
<var>${key}</var>
<value>@{expected_keys}</value>
<status status="PASS" start="2024-05-17T06:19:43.246752" elapsed="0.011785"/>
</for>
<kw name="Create List" owner="BuiltIn">
<msg time="2024-05-17T06:19:43.258884" level="INFO">${expected_keysTwo} = ['username', 'password']</msg>
<var>${expected_keysTwo}</var>
<arg>username</arg>
<arg>password</arg>
<doc>Returns a list containing given items.</doc>
<status status="PASS" start="2024-05-17T06:19:43.258748" elapsed="0.000160"/>
</kw>
<for flavor="IN">
<iter>
<kw name="Dictionary Should Contain Key" owner="Collections">
<msg time="2024-05-17T06:19:43.259923" level="INFO">False</msg>
<arg>${json_data['results'][0]['login']}</arg>
<arg>${keyTwo}</arg>
<doc>Fails if ``key`` is not found from ``dictionary``.</doc>
<status status="PASS" start="2024-05-17T06:19:43.259407" elapsed="0.000571"/>
</kw>
<kw name="Dictionary Should Contain Key" owner="Collections">
<msg time="2024-05-17T06:19:43.260816" level="INFO">False</msg>
<arg>${json_data['results'][0]['login']}</arg>
<arg>${keyTwo}</arg>
<doc>Fails if ``key`` is not found from ``dictionary``.</doc>
<status status="PASS" start="2024-05-17T06:19:43.260415" elapsed="0.000440"/>
</kw>
<kw name="Log" owner="BuiltIn">
<msg time="2024-05-17T06:19:43.261280" level="INFO">username</msg>
<arg>${keyTwo}</arg>
<doc>Logs the given message with the given level.</doc>
<status status="PASS" start="2024-05-17T06:19:43.261152" elapsed="0.000170"/>
</kw>
<var name="${keyTwo}">username</var>
<status status="PASS" start="2024-05-17T06:19:43.259297" elapsed="0.002242"/>
</iter>
<iter>
<kw name="Dictionary Should Contain Key" owner="Collections">
<msg time="2024-05-17T06:19:43.262296" level="INFO">False</msg>
<arg>${json_data['results'][0]['login']}</arg>
<arg>${keyTwo}</arg>
<doc>Fails if ``key`` is not found from ``dictionary``.</doc>
<status status="PASS" start="2024-05-17T06:19:43.261832" elapsed="0.000505"/>
</kw>
<kw name="Dictionary Should Contain Key" owner="Collections">
<msg time="2024-05-17T06:19:43.263050" level="INFO">False</msg>
<arg>${json_data['results'][0]['login']}</arg>
<arg>${keyTwo}</arg>
<doc>Fails if ``key`` is not found from ``dictionary``.</doc>
<status status="PASS" start="2024-05-17T06:19:43.262666" elapsed="0.000421"/>
</kw>
<kw name="Log" owner="BuiltIn">
<msg time="2024-05-17T06:19:43.263510" level="INFO">password</msg>
<arg>${keyTwo}</arg>
<doc>Logs the given message with the given level.</doc>
<status status="PASS" start="2024-05-17T06:19:43.263383" elapsed="0.000164"/>
</kw>
<var name="${keyTwo}">password</var>
<status status="PASS" start="2024-05-17T06:19:43.261711" elapsed="0.002050"/>
</iter>
<var>${keyTwo}</var>
<value>@{expected_keysTwo}</value>
<status status="PASS" start="2024-05-17T06:19:43.259145" elapsed="0.004737"/>
</for>
<status status="PASS" start="2024-05-17T06:19:43.146696" elapsed="0.117328"/>
</kw>
<doc>Testa a estrutura da resposta da API.</doc>
<tag>testeEstruturaResposta</tag>
<status status="PASS" start="2024-05-17T06:19:43.145917" elapsed="0.118265"/>
</test>
<test id="s1-s1-t4" name="Validar tipos de dados" line="28">
<kw name="Teste de Tipos de Dados" owner="random-user-service">
<kw name="GET On Session" owner="RequestsLibrary">
<msg time="2024-05-17T06:19:43.331212" level="INFO">GET Request : url=https://randomuser.me/api 
 path_url=/api 
 headers={'User-Agent': 'python-requests/2.31.0', 'Accept-Encoding': 'gzip, deflate', 'Accept': '*/*', 'Connection': 'keep-alive'} 
 body=None 
 </msg>
<msg time="2024-05-17T06:19:43.331279" level="INFO">GET Response : url=https://randomuser.me/api 
 status=200, reason=OK 
 headers={'Date': 'Fri, 17 May 2024 06:19:43 GMT', 'Content-Type': 'application/json; charset=utf-8', 'Transfer-Encoding': 'chunked', 'Connection': 'keep-alive', 'X-Powered-By': 'Express', 'Access-Control-Allow-Origin': '*', 'Cache-Control': 'no-cache', 'ETag': 'W/"47c-rM/vF69cBIlKkLR2nrVc9qFvrxo"', 'Vary': 'Accept-Encoding', 'Content-Encoding': 'gzip', 'CF-Cache-Status': 'DYNAMIC', 'Report-To': '{"endpoints":[{"url":"https:\\/\\/a.nel.cloudflare.com\\/report\\/v4?s=YIuCvT28wRyG5ijqnabJuQitbHvx1pCo7GImDQNeikIypN2FJuXW%2FZg%2BOZo4GBMcexAkMpmAAZH%2BgPpE7WQUnWSoc%2BVwP2JblKPbbvEQwr5x5IbiTiaZiYxp4KzfanUW"}],"group":"cf-nel","max_age":604800}', 'NEL': '{"success_fraction":0,"report_to":"cf-nel","max_age":604800}', 'Server': 'cloudflare', 'CF-RAY': '88517f5b6d2282a8-IAD', 'alt-svc': 'h3=":443"; ma=86400'} 
 body={"results":[{"gender":"male","name":{"title":"Mr","first":"Eduardo","last":"Rogers"},"location":{"street":{"number":5787,"name":"Killarney Road"},"city":"Clane","state":"Offaly","country":"Ireland","postcode":88007,"coordinates":{"latitude":"-0.3308","longitude":"-67.6825"},"timezone":{"offset":"-7:00","description":"Mountain Time (US &amp; Canada)"}},"email":"eduardo.rogers@example.com","login":{"uuid":"4c2954bd-31fc-42f6-8d34-c190687b651c","username":"brownelephant817","password":"snow","salt":"of0Vi0xF","md5":"1b51742837b3c9f9376f577adda92cd7","sha1":"a129204f7da2ed957812a3321aaee6db0fc4a38c","sha256":"ff899cf7678d2de987226ebdf8e0aca05b2101a7c66d3e5aea9150a04873a995"},"dob":{"date":"1950-04-21T09:09:52.490Z","age":74},"registered":{"date":"2014-10-18T11:35:30.634Z","age":9},"phone":"031-547-4307","cell":"081-791-9906","id":{"name":"PPS","value":"3350640T"},"picture":{"large":"https://randomuser.me/api/portraits/men/4.jpg","medium":"https://randomuser.me/api/portraits/med/men/4.jpg","thumbnail":"https://randomuser.me/api/portraits/thumb/men/4.jpg"},"nat":"IE"}],"info":{"seed":"3c31382cf6fc9bf8","results":1,"page":1,"version":"1.4"}} 
 </msg>
<msg time="2024-05-17T06:19:43.331339" level="INFO">/opt/hostedtoolcache/Python/3.12.3/x64/lib/python3.12/site-packages/urllib3/connectionpool.py:1103: InsecureRequestWarning: Unverified HTTPS request is being made to host 'randomuser.me'. Adding certificate verification is strongly advised. See: https://urllib3.readthedocs.io/en/latest/advanced-usage.html#tls-warnings
  warnings.warn(</msg>
<msg time="2024-05-17T06:19:43.331435" level="INFO">${response} = &lt;Response [200]&gt;</msg>
<var>${response}</var>
<arg>consultarAPI</arg>
<arg>/api</arg>
<doc>Sends a GET request on a previously created HTTP Session.</doc>
<status status="PASS" start="2024-05-17T06:19:43.266754" elapsed="0.064722"/>
</kw>
<kw name="Set Variable" owner="BuiltIn">
<msg time="2024-05-17T06:19:43.332521" level="INFO">${json_data} = {'results': [{'gender': 'male', 'name': {'title': 'Mr', 'first': 'Eduardo', 'last': 'Rogers'}, 'location': {'street': {'number': 5787, 'name': 'Killarney Road'}, 'city': 'Clane', 'state': 'Offaly', 'c...</msg>
<var>${json_data}</var>
<arg>${response.json()}</arg>
<doc>Returns the given values which can then be assigned to a variables.</doc>
<status status="PASS" start="2024-05-17T06:19:43.331953" elapsed="0.000597"/>
</kw>
<kw name="Log" owner="BuiltIn">
<msg time="2024-05-17T06:19:43.333016" level="INFO">{'results': [{'gender': 'male', 'name': {'title': 'Mr', 'first': 'Eduardo', 'last': 'Rogers'}, 'location': {'street': {'number': 5787, 'name': 'Killarney Road'}, 'city': 'Clane', 'state': 'Offaly', 'country': 'Ireland', 'postcode': 88007, 'coordinates': {'latitude': '-0.3308', 'longitude': '-67.6825'}, 'timezone': {'offset': '-7:00', 'description': 'Mountain Time (US &amp; Canada)'}}, 'email': 'eduardo.rogers@example.com', 'login': {'uuid': '4c2954bd-31fc-42f6-8d34-c190687b651c', 'username': 'brownelephant817', 'password': 'snow', 'salt': 'of0Vi0xF', 'md5': '1b51742837b3c9f9376f577adda92cd7', 'sha1': 'a129204f7da2ed957812a3321aaee6db0fc4a38c', 'sha256': 'ff899cf7678d2de987226ebdf8e0aca05b2101a7c66d3e5aea9150a04873a995'}, 'dob': {'date': '1950-04-21T09:09:52.490Z', 'age': 74}, 'registered': {'date': '2014-10-18T11:35:30.634Z', 'age': 9}, 'phone': '031-547-4307', 'cell': '081-791-9906', 'id': {'name': 'PPS', 'value': '3350640T'}, 'picture': {'large': 'https://randomuser.me/api/portraits/men/4.jpg', 'medium': 'https://randomuser.me/api/portraits/med/men/4.jpg', 'thumbnail': 'https://randomuser.me/api/portraits/thumb/men/4.jpg'}, 'nat': 'IE'}], 'info': {'seed': '3c31382cf6fc9bf8', 'results': 1, 'page': 1, 'version': '1.4'}}</msg>
<arg>${json_data}</arg>
<doc>Logs the given message with the given level.</doc>
<status status="PASS" start="2024-05-17T06:19:43.332863" elapsed="0.000233"/>
</kw>
<kw name="Should Be String" owner="String">
<arg>${json_data['results'][0]['gender']}</arg>
<doc>Fails if the given ``item`` is not a string.</doc>
<status status="PASS" start="2024-05-17T06:19:43.333406" elapsed="0.000362"/>
</kw>
<kw name="Should Match Regexp" owner="BuiltIn">
<arg>${json_data['results'][0]['email']}</arg>
<arg>^[a-zA-Z0-9._%+-]+@[a-zA-Z0-9.-]+\.[a-zA-Z]{2,}$</arg>
<doc>Fails if ``string`` does not match ``pattern`` as a regular expression.</doc>
<status status="PASS" start="2024-05-17T06:19:43.333964" elapsed="0.000512"/>
</kw>
<kw name="Should Match Regexp" owner="BuiltIn">
<arg>${json_data['results'][0]['dob']['date']}</arg>
<arg>\\d{4}-\\d{2}-\\d{2}T\\d{2}:\\d{2}:\\d{2}\\.\\d{3}Z</arg>
<doc>Fails if ``string`` does not match ``pattern`` as a regular expression.</doc>
<status status="PASS" start="2024-05-17T06:19:43.334723" elapsed="0.000504"/>
</kw>
<kw name="Should Match Regexp" owner="BuiltIn">
<arg>${json_data['results'][0]['registered']['date']}</arg>
<arg>\\d{4}-\\d{2}-\\d{2}T\\d{2}:\\d{2}:\\d{2}\\.\\d{3}Z</arg>
<doc>Fails if ``string`` does not match ``pattern`` as a regular expression.</doc>
<status status="PASS" start="2024-05-17T06:19:43.335430" elapsed="0.000373"/>
</kw>
<kw name="Should Match Regexp" owner="BuiltIn">
<arg>${json_data['results'][0]['picture']['large']}</arg>
<arg>^https?://.*\.(?:png|jpe?g|gif|bmp)$</arg>
<doc>Fails if ``string`` does not match ``pattern`` as a regular expression.</doc>
<status status="PASS" start="2024-05-17T06:19:43.336001" elapsed="0.000463"/>
</kw>
<kw name="Should Match Regexp" owner="BuiltIn">
<arg>${json_data['results'][0]['picture']['medium']}</arg>
<arg>^https?://.*\.(?:png|jpe?g|gif|bmp)$</arg>
<doc>Fails if ``string`` does not match ``pattern`` as a regular expression.</doc>
<status status="PASS" start="2024-05-17T06:19:43.336657" elapsed="0.000360"/>
</kw>
<kw name="Should Match Regexp" owner="BuiltIn">
<arg>${json_data['results'][0]['picture']['thumbnail']}</arg>
<arg>^https?://.*\.(?:png|jpe?g|gif|bmp)$</arg>
<doc>Fails if ``string`` does not match ``pattern`` as a regular expression.</doc>
<status status="PASS" start="2024-05-17T06:19:43.337213" elapsed="0.000363"/>
</kw>
<kw name="Log" owner="BuiltIn">
<msg time="2024-05-17T06:19:43.338087" level="INFO">{'large': 'https://randomuser.me/api/portraits/men/4.jpg', 'medium': 'https://randomuser.me/api/portraits/med/men/4.jpg', 'thumbnail': 'https://randomuser.me/api/portraits/thumb/men/4.jpg'}</msg>
<arg>${json_data['results'][0]['picture']}</arg>
<doc>Logs the given message with the given level.</doc>
<status status="PASS" start="2024-05-17T06:19:43.337762" elapsed="0.000368"/>
</kw>
<status status="PASS" start="2024-05-17T06:19:43.266494" elapsed="0.071896"/>
</kw>
<kw name="Teste de Tipos de Dados - Postcode" owner="random-user-service">
<kw name="GET On Session" owner="RequestsLibrary">
<msg time="2024-05-17T06:19:43.439482" level="INFO">GET Request : url=https://randomuser.me/api 
 path_url=/api 
 headers={'User-Agent': 'python-requests/2.31.0', 'Accept-Encoding': 'gzip, deflate', 'Accept': '*/*', 'Connection': 'keep-alive'} 
 body=None 
 </msg>
<msg time="2024-05-17T06:19:43.439594" level="INFO">GET Response : url=https://randomuser.me/api 
 status=200, reason=OK 
 headers={'Date': 'Fri, 17 May 2024 06:19:43 GMT', 'Content-Type': 'application/json; charset=utf-8', 'Transfer-Encoding': 'chunked', 'Connection': 'keep-alive', 'X-Powered-By': 'Express', 'Access-Control-Allow-Origin': '*', 'Cache-Control': 'no-cache', 'ETag': 'W/"486-/axnY0CMseRMVYCYj4yljQ5D0bA"', 'Vary': 'Accept-Encoding', 'Content-Encoding': 'gzip', 'CF-Cache-Status': 'DYNAMIC', 'Report-To': '{"endpoints":[{"url":"https:\\/\\/a.nel.cloudflare.com\\/report\\/v4?s=aAdW14HkvgQqqrTAhM1uobe1PODVXyXQYeZDmakd8qX63XXkKQUaoZdosNFpHZspP%2FbwPbPgF3awCsLrS6Xz49u2DirTPewAa27b0tcZr8BWXsGiy5TVtQsTjGFu23h4"}],"group":"cf-nel","max_age":604800}', 'NEL': '{"success_fraction":0,"report_to":"cf-nel","max_age":604800}', 'Server': 'cloudflare', 'CF-RAY': '88517f5bdd6c82a8-IAD', 'alt-svc': 'h3=":443"; ma=86400'} 
 body={"results":[{"gender":"female","name":{"title":"Ms","first":"Deniz","last":"Yorulmaz"},"location":{"street":{"number":9963,"name":"Maçka Cd"},"city":"Karaman","state":"Uşak","country":"Turkey","postcode":73140,"coordinates":{"latitude":"64.8045","longitude":"121.4713"},"timezone":{"offset":"+1:00","description":"Brussels, Copenhagen, Madrid, Paris"}},"email":"deniz.yorulmaz@example.com","login":{"uuid":"4ed7fbdc-be7b-490f-b0ae-9565de109965","username":"whitemouse381","password":"onetime","salt":"3DTKc0Ua","md5":"7bd33af733fccd959f28704f5068aef1","sha1":"f7d7819df6a3267601cae6bf44926bd7369fa528","sha256":"2302e5f5b0fbb7cb7f28f80babf6b0a84403929fb1d146ae1bc5cdde0ae76eae"},"dob":{"date":"1967-10-23T17:14:35.197Z","age":56},"registered":{"date":"2009-03-29T12:52:58.071Z","age":15},"phone":"(910)-653-3048","cell":"(248)-077-7932","id":{"name":"","value":null},"picture":{"large":"https://randomuser.me/api/portraits/women/83.jpg","medium":"https://randomuser.me/api/portraits/med/women/83.jpg","thumbnail":"https://randomuser.me/api/portraits/thumb/women/83.jpg"},"nat":"TR"}],"info":{"seed":"c919c4a332ea0a9d","results":1,"page":1,"version":"1.4"}} 
 </msg>
<msg time="2024-05-17T06:19:43.439697" level="INFO">/opt/hostedtoolcache/Python/3.12.3/x64/lib/python3.12/site-packages/urllib3/connectionpool.py:1103: InsecureRequestWarning: Unverified HTTPS request is being made to host 'randomuser.me'. Adding certificate verification is strongly advised. See: https://urllib3.readthedocs.io/en/latest/advanced-usage.html#tls-warnings
  warnings.warn(</msg>
<msg time="2024-05-17T06:19:43.439837" level="INFO">${response} = &lt;Response [200]&gt;</msg>
<var>${response}</var>
<arg>consultarAPI</arg>
<arg>/api</arg>
<doc>Sends a GET request on a previously created HTTP Session.</doc>
<status status="PASS" start="2024-05-17T06:19:43.338862" elapsed="0.101011"/>
</kw>
<kw name="Set Variable" owner="BuiltIn">
<msg time="2024-05-17T06:19:43.441249" level="INFO">${json_data} = {'results': [{'gender': 'female', 'name': {'title': 'Ms', 'first': 'Deniz', 'last': 'Yorulmaz'}, 'location': {'street': {'number': 9963, 'name': 'Maçka Cd'}, 'city': 'Karaman', 'state': 'Uşak', 'count...</msg>
<var>${json_data}</var>
<arg>${response.json()}</arg>
<doc>Returns the given values which can then be assigned to a variables.</doc>
<status status="PASS" start="2024-05-17T06:19:43.440461" elapsed="0.000848"/>
</kw>
<kw name="Log" owner="BuiltIn">
<msg time="2024-05-17T06:19:43.442039" level="INFO">{'results': [{'gender': 'female', 'name': {'title': 'Ms', 'first': 'Deniz', 'last': 'Yorulmaz'}, 'location': {'street': {'number': 9963, 'name': 'Maçka Cd'}, 'city': 'Karaman', 'state': 'Uşak', 'country': 'Turkey', 'postcode': 73140, 'coordinates': {'latitude': '64.8045', 'longitude': '121.4713'}, 'timezone': {'offset': '+1:00', 'description': 'Brussels, Copenhagen, Madrid, Paris'}}, 'email': 'deniz.yorulmaz@example.com', 'login': {'uuid': '4ed7fbdc-be7b-490f-b0ae-9565de109965', 'username': 'whitemouse381', 'password': 'onetime', 'salt': '3DTKc0Ua', 'md5': '7bd33af733fccd959f28704f5068aef1', 'sha1': 'f7d7819df6a3267601cae6bf44926bd7369fa528', 'sha256': '2302e5f5b0fbb7cb7f28f80babf6b0a84403929fb1d146ae1bc5cdde0ae76eae'}, 'dob': {'date': '1967-10-23T17:14:35.197Z', 'age': 56}, 'registered': {'date': '2009-03-29T12:52:58.071Z', 'age': 15}, 'phone': '(910)-653-3048', 'cell': '(248)-077-7932', 'id': {'name': '', 'value': None}, 'picture': {'large': 'https://randomuser.me/api/portraits/women/83.jpg', 'medium': 'https://randomuser.me/api/portraits/med/women/83.jpg', 'thumbnail': 'https://randomuser.me/api/portraits/thumb/women/83.jpg'}, 'nat': 'TR'}], 'info': {'seed': 'c919c4a332ea0a9d', 'results': 1, 'page': 1, 'version': '1.4'}}</msg>
<arg>${json_data}</arg>
<doc>Logs the given message with the given level.</doc>
<status status="PASS" start="2024-05-17T06:19:43.441808" elapsed="0.000356"/>
</kw>
<kw name="Should Be Equal As Numbers" owner="BuiltIn">
<arg>${json_data['results'][0]['location']['postcode']}</arg>
<arg>${json_data['results'][0]['location']['postcode']}</arg>
<doc>Fails if objects are unequal after converting them to real numbers.</doc>
<status status="PASS" start="2024-05-17T06:19:43.442865" elapsed="0.001095"/>
</kw>
<kw name="Log" owner="BuiltIn">
<msg time="2024-05-17T06:19:43.444824" level="INFO">73140</msg>
<arg>${json_data['results'][0]['location']['postcode']}</arg>
<doc>Logs the given message with the given level.</doc>
<status status="PASS" start="2024-05-17T06:19:43.444287" elapsed="0.000599"/>
</kw>
<status status="PASS" start="2024-05-17T06:19:43.338635" elapsed="0.106632"/>
</kw>
<doc>Testa se os tipos de dados na resposta da API estão corretos.</doc>
<tag>testeTiposDados</tag>
<status status="PASS" start="2024-05-17T06:19:43.265950" elapsed="0.179599"/>
</test>
<test id="s1-s1-t5" name="Validar conteudo" line="35">
<kw name="Teste de Tipos de Conteudo" owner="random-user-service">
<kw name="GET On Session" owner="RequestsLibrary">
<msg time="2024-05-17T06:19:43.535988" level="INFO">GET Request : url=https://randomuser.me/api 
 path_url=/api 
 headers={'User-Agent': 'python-requests/2.31.0', 'Accept-Encoding': 'gzip, deflate', 'Accept': '*/*', 'Connection': 'keep-alive'} 
 body=None 
 </msg>
<msg time="2024-05-17T06:19:43.536066" level="INFO">GET Response : url=https://randomuser.me/api 
 status=200, reason=OK 
 headers={'Date': 'Fri, 17 May 2024 06:19:43 GMT', 'Content-Type': 'application/json; charset=utf-8', 'Transfer-Encoding': 'chunked', 'Connection': 'keep-alive', 'X-Powered-By': 'Express', 'Access-Control-Allow-Origin': '*', 'Cache-Control': 'no-cache', 'ETag': 'W/"489-J/MKDBqYuB3WjXBcsH+DX1TRdfI"', 'Vary': 'Accept-Encoding', 'Content-Encoding': 'gzip', 'CF-Cache-Status': 'DYNAMIC', 'Report-To': '{"endpoints":[{"url":"https:\\/\\/a.nel.cloudflare.com\\/report\\/v4?s=lTdloY2aSqA0KoUbz1NwG%2By7lTIFl%2FpfkxY23kOPZfvLC6jtNtqfJ0%2Bia76BYnKS35ZnCAaNi%2B%2BZDSfieyoz5g%2BeaSfXlMoTLdh21PnJK5FJBQvZqZA%2FEJ0Fbjy0G58b"}],"group":"cf-nel","max_age":604800}', 'NEL': '{"success_fraction":0,"report_to":"cf-nel","max_age":604800}', 'Server': 'cloudflare', 'CF-RAY': '88517f5c9e0682a8-IAD', 'alt-svc': 'h3=":443"; ma=86400'} 
 body={"results":[{"gender":"female","name":{"title":"Madame","first":"Rita","last":"Charles"},"location":{"street":{"number":110,"name":"Rue de la Baleine"},"city":"Orges","state":"Thurgau","country":"Switzerland","postcode":5027,"coordinates":{"latitude":"-63.1273","longitude":"105.9159"},"timezone":{"offset":"+5:45","description":"Kathmandu"}},"email":"rita.charles@example.com","login":{"uuid":"d21c09ab-a6f4-4262-bcb5-ad075970b4a8","username":"goldenostrich882","password":"poison","salt":"z9tjxipX","md5":"375d669514fd1b67de52e1e4fefac803","sha1":"c33bbc581d0b83278e2885b0e7ea520ff24e0690","sha256":"5654a7acdabd1debcd80eb6cba44ca4f3149f5d3862ad8f634b19723f78f64c4"},"dob":{"date":"1945-10-11T21:03:23.095Z","age":78},"registered":{"date":"2011-05-22T17:37:38.308Z","age":12},"phone":"075 726 59 44","cell":"078 118 76 11","id":{"name":"AVS","value":"756.3543.3944.83"},"picture":{"large":"https://randomuser.me/api/portraits/women/34.jpg","medium":"https://randomuser.me/api/portraits/med/women/34.jpg","thumbnail":"https://randomuser.me/api/portraits/thumb/women/34.jpg"},"nat":"CH"}],"info":{"seed":"3690d906b47fcaa8","results":1,"page":1,"version":"1.4"}} 
 </msg>
<msg time="2024-05-17T06:19:43.536127" level="INFO">/opt/hostedtoolcache/Python/3.12.3/x64/lib/python3.12/site-packages/urllib3/connectionpool.py:1103: InsecureRequestWarning: Unverified HTTPS request is being made to host 'randomuser.me'. Adding certificate verification is strongly advised. See: https://urllib3.readthedocs.io/en/latest/advanced-usage.html#tls-warnings
  warnings.warn(</msg>
<msg time="2024-05-17T06:19:43.536224" level="INFO">${response} = &lt;Response [200]&gt;</msg>
<var>${response}</var>
<arg>consultarAPI</arg>
<arg>/api</arg>
<doc>Sends a GET request on a previously created HTTP Session.</doc>
<status status="PASS" start="2024-05-17T06:19:43.449789" elapsed="0.086476"/>
</kw>
<kw name="Set Variable" owner="BuiltIn">
<msg time="2024-05-17T06:19:43.537162" level="INFO">${json_data} = {'results': [{'gender': 'female', 'name': {'title': 'Madame', 'first': 'Rita', 'last': 'Charles'}, 'location': {'street': {'number': 110, 'name': 'Rue de la Baleine'}, 'city': 'Orges', 'state': 'Thurg...</msg>
<var>${json_data}</var>
<arg>${response.json()}</arg>
<doc>Returns the given values which can then be assigned to a variables.</doc>
<status status="PASS" start="2024-05-17T06:19:43.536685" elapsed="0.000507"/>
</kw>
<kw name="Set Variable" owner="BuiltIn">
<msg time="2024-05-17T06:19:43.537878" level="INFO">${name_title} = Madame</msg>
<var>${name_title}</var>
<arg>${json_data["results"][0]["name"]["title"]}</arg>
<doc>Returns the given values which can then be assigned to a variables.</doc>
<status status="PASS" start="2024-05-17T06:19:43.537499" elapsed="0.000404"/>
</kw>
<kw name="Create List" owner="BuiltIn">
<msg time="2024-05-17T06:19:43.538359" level="INFO">${allowed_titles} = ['Mr', 'Ms', 'Miss', 'Mrs', 'Madame', 'Monsieur']</msg>
<var>${allowed_titles}</var>
<arg>Mr</arg>
<arg>Ms</arg>
<arg>Miss</arg>
<arg>Mrs</arg>
<arg>Madame</arg>
<arg>Monsieur</arg>
<doc>Returns a list containing given items.</doc>
<status status="PASS" start="2024-05-17T06:19:43.538210" elapsed="0.000173"/>
</kw>
<kw name="List Should Contain Value" owner="Collections">
<msg time="2024-05-17T06:19:43.538920" level="INFO">False</msg>
<arg>${allowed_titles}</arg>
<arg>${name_title}</arg>
<doc>Fails if the ``value`` is not found from ``list``.</doc>
<status status="PASS" start="2024-05-17T06:19:43.538739" elapsed="0.000219"/>
</kw>
<kw name="Set Variable" owner="BuiltIn">
<msg time="2024-05-17T06:19:43.539673" level="INFO">${name_country} = CH</msg>
<var>${name_country}</var>
<arg>${json_data["results"][0]["nat"]}</arg>
<doc>Returns the given values which can then be assigned to a variables.</doc>
<status status="PASS" start="2024-05-17T06:19:43.539282" elapsed="0.000417"/>
</kw>
<kw name="Create List" owner="BuiltIn">
<msg time="2024-05-17T06:19:43.540598" level="INFO">${list_country} = ['AD', 'AE', 'AF', 'AG', 'AI', 'AL', 'AM', 'AO', 'AQ', 'AR', 'AS', 'AT', 'AU', 'AW', 'AX', 'AZ', 'BA', 'BB', 'BD', 'BE', 'BF', 'BG', 'BH', 'BI', 'BJ', 'BL', 'BM', 'BN', 'BO', 'BQ', 'BR', 'BS', 'BT', '...</msg>
<var>${list_country}</var>
<arg>AD</arg>
<arg>AE</arg>
<arg>AF</arg>
<arg>AG</arg>
<arg>AI</arg>
<arg>AL</arg>
<arg>AM</arg>
<arg>AO</arg>
<arg>AQ</arg>
<arg>AR</arg>
<arg>AS</arg>
<arg>AT</arg>
<arg>AU</arg>
<arg>AW</arg>
<arg>AX</arg>
<arg>AZ</arg>
<arg>BA</arg>
<arg>BB</arg>
<arg>BD</arg>
<arg>BE</arg>
<arg>BF</arg>
<arg>BG</arg>
<arg>BH</arg>
<arg>BI</arg>
<arg>BJ</arg>
<arg>BL</arg>
<arg>BM</arg>
<arg>BN</arg>
<arg>BO</arg>
<arg>BQ</arg>
<arg>BR</arg>
<arg>BS</arg>
<arg>BT</arg>
<arg>BV</arg>
<arg>BW</arg>
<arg>BY</arg>
<arg>BZ</arg>
<arg>CA</arg>
<arg>CC</arg>
<arg>CD</arg>
<arg>CF</arg>
<arg>CG</arg>
<arg>CH</arg>
<arg>CI</arg>
<arg>CK</arg>
<arg>CL</arg>
<arg>CM</arg>
<arg>CN</arg>
<arg>CO</arg>
<arg>CR</arg>
<arg>CU</arg>
<arg>CV</arg>
<arg>CW</arg>
<arg>CX</arg>
<arg>CY</arg>
<arg>CZ</arg>
<arg>DE</arg>
<arg>DJ</arg>
<arg>DK</arg>
<arg>DM</arg>
<arg>DO</arg>
<arg>DZ</arg>
<arg>EC</arg>
<arg>EE</arg>
<arg>EG</arg>
<arg>EH</arg>
<arg>ER</arg>
<arg>ES</arg>
<arg>ET</arg>
<arg>FI</arg>
<arg>FJ</arg>
<arg>FK</arg>
<arg>FM</arg>
<arg>FO</arg>
<arg>FR</arg>
<arg>GA</arg>
<arg>GB</arg>
<arg>GD</arg>
<arg>GE</arg>
<arg>GF</arg>
<arg>GG</arg>
<arg>GH</arg>
<arg>GI</arg>
<arg>GL</arg>
<arg>GM</arg>
<arg>GN</arg>
<arg>GP</arg>
<arg>GQ</arg>
<arg>GR</arg>
<arg>GS</arg>
<arg>GT</arg>
<arg>GU</arg>
<arg>GW</arg>
<arg>GY</arg>
<arg>HK</arg>
<arg>HM</arg>
<arg>HN</arg>
<arg>HR</arg>
<arg>HT</arg>
<arg>HU</arg>
<arg>ID</arg>
<arg>IE</arg>
<arg>IL</arg>
<arg>IM</arg>
<arg>IN</arg>
<arg>IO</arg>
<arg>IQ</arg>
<arg>IR</arg>
<arg>IS</arg>
<arg>IT</arg>
<arg>JE</arg>
<arg>JM</arg>
<arg>JO</arg>
<arg>JP</arg>
<arg>KE</arg>
<arg>KG</arg>
<arg>KH</arg>
<arg>KI</arg>
<arg>KM</arg>
<arg>KN</arg>
<arg>KP</arg>
<arg>KR</arg>
<arg>KW</arg>
<arg>KY</arg>
<arg>KZ</arg>
<arg>LA</arg>
<arg>LB</arg>
<arg>LC</arg>
<arg>LI</arg>
<arg>LK</arg>
<arg>LR</arg>
<arg>LS</arg>
<arg>LT</arg>
<arg>LU</arg>
<arg>LV</arg>
<arg>LY</arg>
<arg>MA</arg>
<arg>MC</arg>
<arg>MD</arg>
<arg>ME</arg>
<arg>MF</arg>
<arg>MG</arg>
<arg>MH</arg>
<arg>MK</arg>
<arg>ML</arg>
<arg>MM</arg>
<arg>MN</arg>
<arg>MO</arg>
<arg>MP</arg>
<arg>MQ</arg>
<arg>MR</arg>
<arg>MS</arg>
<arg>MT</arg>
<arg>MU</arg>
<arg>MV</arg>
<arg>MW</arg>
<arg>MX</arg>
<arg>MY</arg>
<arg>MZ</arg>
<arg>NA</arg>
<arg>NC</arg>
<arg>NE</arg>
<arg>NF</arg>
<arg>NG</arg>
<arg>NI</arg>
<arg>NL</arg>
<arg>NO</arg>
<arg>NP</arg>
<arg>NR</arg>
<arg>NU</arg>
<arg>NZ</arg>
<arg>OM</arg>
<arg>PA</arg>
<arg>PE</arg>
<arg>PF</arg>
<arg>PG</arg>
<arg>PH</arg>
<arg>PK</arg>
<arg>PL</arg>
<arg>PM</arg>
<arg>PN</arg>
<arg>PR</arg>
<arg>PS</arg>
<arg>PT</arg>
<arg>PW</arg>
<arg>PY</arg>
<arg>QA</arg>
<arg>RE</arg>
<arg>RO</arg>
<arg>RS</arg>
<arg>RU</arg>
<arg>RW</arg>
<arg>SA</arg>
<arg>SB</arg>
<arg>SC</arg>
<arg>SD</arg>
<arg>SE</arg>
<arg>SG</arg>
<arg>SH</arg>
<arg>SI</arg>
<arg>SJ</arg>
<arg>SK</arg>
<arg>SL</arg>
<arg>SM</arg>
<arg>SN</arg>
<arg>SO</arg>
<arg>SR</arg>
<arg>SS</arg>
<arg>ST</arg>
<arg>SV</arg>
<arg>SX</arg>
<arg>SY</arg>
<arg>SZ</arg>
<arg>TC</arg>
<arg>TD</arg>
<arg>TF</arg>
<arg>TG</arg>
<arg>TH</arg>
<arg>TJ</arg>
<arg>TK</arg>
<arg>TL</arg>
<arg>TM</arg>
<arg>TN</arg>
<arg>TO</arg>
<arg>TR</arg>
<arg>TT</arg>
<arg>TV</arg>
<arg>TW</arg>
<arg>TZ</arg>
<arg>UA</arg>
<arg>UG</arg>
<arg>UM</arg>
<arg>US</arg>
<arg>UY</arg>
<arg>UZ</arg>
<arg>VA</arg>
<arg>VC</arg>
<arg>VE</arg>
<arg>VG</arg>
<arg>VI</arg>
<arg>VN</arg>
<arg>VU</arg>
<arg>WF</arg>
<arg>WS</arg>
<arg>XK</arg>
<arg>YE</arg>
<arg>YT</arg>
<arg>ZA</arg>
<arg>ZM</arg>
<arg>ZW</arg>
<doc>Returns a list containing given items.</doc>
<status status="PASS" start="2024-05-17T06:19:43.540006" elapsed="0.000624"/>
</kw>
<kw name="List Should Contain Value" owner="Collections">
<msg time="2024-05-17T06:19:43.541620" level="INFO">False</msg>
<arg>${list_country}</arg>
<arg>${name_country}</arg>
<doc>Fails if the ``value`` is not found from ``list``.</doc>
<status status="PASS" start="2024-05-17T06:19:43.541420" elapsed="0.000235"/>
</kw>
<kw name="Run Keyword If" owner="BuiltIn">
<kw name="Should Be True" owner="BuiltIn">
<arg>${True}</arg>
<doc>Fails if the given condition is not true.</doc>
<status status="PASS" start="2024-05-17T06:19:43.542780" elapsed="0.000249"/>
</kw>
<arg>${json_data["results"][0]["location"]["coordinates"]["latitude"]} &gt;= -90 and ${json_data["results"][0]["location"]["coordinates"]["latitude"]} &lt;= 90</arg>
<arg>Should Be True</arg>
<arg>${True}</arg>
<doc>Runs the given keyword with the given arguments, if ``condition`` is true.</doc>
<status status="PASS" start="2024-05-17T06:19:43.541983" elapsed="0.001179"/>
</kw>
<kw name="Run Keyword If" owner="BuiltIn">
<kw name="Should Be True" owner="BuiltIn">
<arg>${True}</arg>
<doc>Fails if the given condition is not true.</doc>
<status status="PASS" start="2024-05-17T06:19:43.544053" elapsed="0.000138"/>
</kw>
<arg>${json_data["results"][0]["location"]["coordinates"]["longitude"]} &gt;= -180 and ${json_data["results"][0]["location"]["coordinates"]["longitude"]} &lt;= 180</arg>
<arg>Should Be True</arg>
<arg>${True}</arg>
<doc>Runs the given keyword with the given arguments, if ``condition`` is true.</doc>
<status status="PASS" start="2024-05-17T06:19:43.543353" elapsed="0.000962"/>
</kw>
<status status="PASS" start="2024-05-17T06:19:43.449419" elapsed="0.095028"/>
</kw>
<doc>Testa o conteúdo específico dos campos retornados pela API.</doc>
<tag>testeConteudo</tag>
<status status="PASS" start="2024-05-17T06:19:43.448773" elapsed="0.095824"/>
</test>
<status status="PASS" start="2024-05-17T06:19:42.702583" elapsed="0.843921"/>
</suite>
<status status="PASS" start="2024-05-17T06:19:42.689243" elapsed="0.862423"/>
</suite>
<statistics>
<total>
<stat pass="5" fail="0" skip="0">All Tests</stat>
</total>
<tag>
<stat pass="1" fail="0" skip="0">testeConteudo</stat>
<stat pass="1" fail="0" skip="0">testeEstruturaResposta</stat>
<stat pass="1" fail="0" skip="0">testeRequisicaoBasica</stat>
<stat pass="1" fail="0" skip="0">testeTiposDados</stat>
</tag>
<suite>
<stat pass="5" fail="0" skip="0" id="s1" name="Tests">Tests</stat>
<stat pass="5" fail="0" skip="0" id="s1-s1" name="Random-User-Test">Tests.Random-User-Test</stat>
</suite>
</statistics>
<errors>
</errors>
</robot>
