<?xml version="1.0" encoding="UTF-8"?>
<robot generator="Robot 7.0.1 (Python 3.12.3 on linux)" generated="2024-06-16T14:12:56.065636" rpa="false" schemaversion="5">
<suite id="s1" name="Tests" source="/home/runner/work/ApiRandomUser/ApiRandomUser/RamdonUser/tests">
<suite id="s1-s1" name="Random-User-Test" source="/home/runner/work/ApiRandomUser/ApiRandomUser/RamdonUser/tests/random-user-test.robot">
<test id="s1-s1-t1" name="Conectar" line="13">
<kw name="Conectar API" owner="random-user-service">
<kw name="Create Session" owner="RequestsLibrary">
<msg time="2024-06-16T14:12:56.448922" level="INFO">Creating Session using : alias=consultarAPI, url=https://randomuser.me/, headers={},                     cookies={}, auth=None, timeout=None, proxies=None, verify=False,                     debug=0 </msg>
<arg>consultarAPI</arg>
<arg>${URL}</arg>
<doc>Create Session: create a HTTP session to a server</doc>
<status status="PASS" start="2024-06-16T14:12:56.448723" elapsed="0.000371"/>
</kw>
<status status="PASS" start="2024-06-16T14:12:56.447678" elapsed="0.001775"/>
</kw>
<status status="PASS" start="2024-06-16T14:12:56.447076" elapsed="0.002568"/>
</test>
<test id="s1-s1-t2" name="Validar retorno 200 e JSON Válido" line="16">
<kw name="Teste de Requisicao Basica" owner="random-user-service">
<kw name="GET On Session" owner="RequestsLibrary">
<msg time="2024-06-16T14:12:56.625438" level="INFO">GET Request : url=https://randomuser.me/api 
 path_url=/api 
 headers={'User-Agent': 'python-requests/2.32.3', 'Accept-Encoding': 'gzip, deflate', 'Accept': '*/*', 'Connection': 'keep-alive'} 
 body=None 
 </msg>
<msg time="2024-06-16T14:12:56.625561" level="INFO">GET Response : url=https://randomuser.me/api 
 status=200, reason=OK 
 headers={'Date': 'Sun, 16 Jun 2024 14:12:56 GMT', 'Content-Type': 'application/json; charset=utf-8', 'Transfer-Encoding': 'chunked', 'Connection': 'keep-alive', 'X-Powered-By': 'Express', 'Access-Control-Allow-Origin': '*', 'Cache-Control': 'no-cache', 'ETag': 'W/"481-CynRhIioAVdTs9inE+XmITLLmg0"', 'Vary': 'Accept-Encoding', 'Content-Encoding': 'gzip', 'CF-Cache-Status': 'DYNAMIC', 'Report-To': '{"endpoints":[{"url":"https:\\/\\/a.nel.cloudflare.com\\/report\\/v4?s=bOD32SVJO1Bsw067J4FXSZnOxKBUKg9Lc1K6ibzUe6Sa5vDppMHvqLnez9WZx%2FERuijevPpcY3ZNyxyKd5XLXm1kL6Dcr4gZVU5ptkc%2BOh3Ov%2B8EELJTSGZRfxLJ5B0B"}],"group":"cf-nel","max_age":604800}', 'NEL': '{"success_fraction":0,"report_to":"cf-nel","max_age":604800}', 'Server': 'cloudflare', 'CF-RAY': '894b65cdba05242f-IAD', 'alt-svc': 'h3=":443"; ma=86400'} 
 body={"results":[{"gender":"male","name":{"title":"Mr","first":"Karsten","last":"Veiby"},"location":{"street":{"number":2021,"name":"Sagstukroken"},"city":"Leira","state":"Hedmark","country":"Norway","postcode":"5834","coordinates":{"latitude":"42.8934","longitude":"-179.4634"},"timezone":{"offset":"-6:00","description":"Central Time (US &amp; Canada), Mexico City"}},"email":"karsten.veiby@example.com","login":{"uuid":"7e33b749-f160-4c04-b65d-45b1a49555f2","username":"goldenswan334","password":"gilligan","salt":"7fAbVbq9","md5":"76a25d9ee6906c65c838eb592473a109","sha1":"e2b01a1653ac05218d6877049e065ec351571202","sha256":"595a22ec3a84fea6d67e3817ccc0f6f86f71b43b7ed696ea1005d78ee41c25cb"},"dob":{"date":"1963-03-13T16:13:23.650Z","age":61},"registered":{"date":"2016-06-04T08:16:06.761Z","age":8},"phone":"62633391","cell":"42333908","id":{"name":"FN","value":"13036329771"},"picture":{"large":"https://randomuser.me/api/portraits/men/7.jpg","medium":"https://randomuser.me/api/portraits/med/men/7.jpg","thumbnail":"https://randomuser.me/api/portraits/thumb/men/7.jpg"},"nat":"NO"}],"info":{"seed":"9f2401e8e7d5fa4e","results":1,"page":1,"version":"1.4"}} 
 </msg>
<msg time="2024-06-16T14:12:56.625637" level="INFO">/opt/hostedtoolcache/Python/3.12.3/x64/lib/python3.12/site-packages/urllib3/connectionpool.py:1103: InsecureRequestWarning: Unverified HTTPS request is being made to host 'randomuser.me'. Adding certificate verification is strongly advised. See: https://urllib3.readthedocs.io/en/latest/advanced-usage.html#tls-warnings
  warnings.warn(</msg>
<msg time="2024-06-16T14:12:56.625781" level="INFO">${response} = &lt;Response [200]&gt;</msg>
<var>${response}</var>
<arg>consultarAPI</arg>
<arg>/api</arg>
<doc>Sends a GET request on a previously created HTTP Session.</doc>
<status status="PASS" start="2024-06-16T14:12:56.452283" elapsed="0.173552"/>
</kw>
<kw name="Should Be Equal As Numbers" owner="BuiltIn">
<msg time="2024-06-16T14:12:56.626704" level="INFO">Argument types are:
&lt;class 'int'&gt;
&lt;class 'str'&gt;</msg>
<arg>${response.status_code}</arg>
<arg>200</arg>
<doc>Fails if objects are unequal after converting them to real numbers.</doc>
<status status="PASS" start="2024-06-16T14:12:56.626277" elapsed="0.000491"/>
</kw>
<kw name="Log" owner="BuiltIn">
<msg time="2024-06-16T14:12:56.627475" level="INFO">200</msg>
<arg>${response.status_code}</arg>
<doc>Logs the given message with the given level.</doc>
<status status="PASS" start="2024-06-16T14:12:56.627122" elapsed="0.000399"/>
</kw>
<kw name="Set Variable" owner="BuiltIn">
<msg time="2024-06-16T14:12:56.628261" level="INFO">${json_data} = {'results': [{'gender': 'male', 'name': {'title': 'Mr', 'first': 'Karsten', 'last': 'Veiby'}, 'location': {'street': {'number': 2021, 'name': 'Sagstukroken'}, 'city': 'Leira', 'state': 'Hedmark', 'cou...</msg>
<var>${json_data}</var>
<arg>${response.json()}</arg>
<doc>Returns the given values which can then be assigned to a variables.</doc>
<status status="PASS" start="2024-06-16T14:12:56.627827" elapsed="0.000462"/>
</kw>
<kw name="Dictionary Should Contain Key" owner="Collections">
<arg>${json_data}</arg>
<arg>results</arg>
<doc>Fails if ``key`` is not found from ``dictionary``.</doc>
<status status="PASS" start="2024-06-16T14:12:56.628626" elapsed="0.000164"/>
</kw>
<status status="PASS" start="2024-06-16T14:12:56.452038" elapsed="0.176899"/>
</kw>
<doc>Testa se a API responde corretamente e retorna um objeto JSON válido.</doc>
<tag>testeRequisicaoBasica</tag>
<status status="PASS" start="2024-06-16T14:12:56.451518" elapsed="0.177589"/>
</test>
<test id="s1-s1-t3" name="Validar estrutura de resposta" line="22">
<kw name="Teste de Estrutura de Resposta" owner="random-user-service">
<kw name="GET On Session" owner="RequestsLibrary">
<msg time="2024-06-16T14:12:56.743955" level="INFO">GET Request : url=https://randomuser.me/api 
 path_url=/api 
 headers={'User-Agent': 'python-requests/2.32.3', 'Accept-Encoding': 'gzip, deflate', 'Accept': '*/*', 'Connection': 'keep-alive'} 
 body=None 
 </msg>
<msg time="2024-06-16T14:12:56.744037" level="INFO">GET Response : url=https://randomuser.me/api 
 status=200, reason=OK 
 headers={'Date': 'Sun, 16 Jun 2024 14:12:56 GMT', 'Content-Type': 'application/json; charset=utf-8', 'Transfer-Encoding': 'chunked', 'Connection': 'keep-alive', 'X-Powered-By': 'Express', 'Access-Control-Allow-Origin': '*', 'Cache-Control': 'no-cache', 'ETag': 'W/"48b-R/89ikKnhLMmzWx7i0FwHhtm++s"', 'Vary': 'Accept-Encoding', 'Content-Encoding': 'gzip', 'CF-Cache-Status': 'DYNAMIC', 'Report-To': '{"endpoints":[{"url":"https:\\/\\/a.nel.cloudflare.com\\/report\\/v4?s=AsvBC0TI2%2BsazQe0Jn5inAhIrUibIhSilmw6%2BRU2%2Fx5GyZAH24XBNqJ83PUKM4xW1%2FpyK7wJZ0ouDeMLRe3upxUQrsDqHThPMO5Q02Z%2FKZnn6fwSZOcifzDUXgYKtyO9"}],"group":"cf-nel","max_age":604800}', 'NEL': '{"success_fraction":0,"report_to":"cf-nel","max_age":604800}', 'Server': 'cloudflare', 'CF-RAY': '894b65cdfa43242f-IAD', 'alt-svc': 'h3=":443"; ma=86400'} 
 body={"results":[{"gender":"female","name":{"title":"Ms","first":"Anna","last":"Moreno"},"location":{"street":{"number":8110,"name":"Avenida del Planetario"},"city":"Móstoles","state":"Ceuta","country":"Spain","postcode":97326,"coordinates":{"latitude":"-37.7813","longitude":"74.5778"},"timezone":{"offset":"+4:00","description":"Abu Dhabi, Muscat, Baku, Tbilisi"}},"email":"anna.moreno@example.com","login":{"uuid":"19e9c297-fb4a-4fe7-a3d6-24d866718f06","username":"greencat359","password":"stud","salt":"TqP06DAl","md5":"ec3152b9864d166ac11817979f4ccb76","sha1":"fe870eba19e380bafdb6d700348c8b37fa72e94d","sha256":"e6cfd82835fcd25cedbea1ed9fe5398157e464cccd0aa6ff2e7c2574f4dfa9d9"},"dob":{"date":"1991-03-09T15:58:06.537Z","age":33},"registered":{"date":"2013-06-05T10:28:13.150Z","age":11},"phone":"934-159-040","cell":"639-722-112","id":{"name":"DNI","value":"82468186-G"},"picture":{"large":"https://randomuser.me/api/portraits/women/37.jpg","medium":"https://randomuser.me/api/portraits/med/women/37.jpg","thumbnail":"https://randomuser.me/api/portraits/thumb/women/37.jpg"},"nat":"ES"}],"info":{"seed":"a8bf3861c64ca2bc","results":1,"page":1,"version":"1.4"}} 
 </msg>
<msg time="2024-06-16T14:12:56.744173" level="INFO">/opt/hostedtoolcache/Python/3.12.3/x64/lib/python3.12/site-packages/urllib3/connectionpool.py:1103: InsecureRequestWarning: Unverified HTTPS request is being made to host 'randomuser.me'. Adding certificate verification is strongly advised. See: https://urllib3.readthedocs.io/en/latest/advanced-usage.html#tls-warnings
  warnings.warn(</msg>
<msg time="2024-06-16T14:12:56.744311" level="INFO">${response} = &lt;Response [200]&gt;</msg>
<var>${response}</var>
<arg>consultarAPI</arg>
<arg>/api</arg>
<doc>Sends a GET request on a previously created HTTP Session.</doc>
<status status="PASS" start="2024-06-16T14:12:56.631798" elapsed="0.112563"/>
</kw>
<kw name="Set Variable" owner="BuiltIn">
<msg time="2024-06-16T14:12:56.745220" level="INFO">${json_data} = {'results': [{'gender': 'female', 'name': {'title': 'Ms', 'first': 'Anna', 'last': 'Moreno'}, 'location': {'street': {'number': 8110, 'name': 'Avenida del Planetario'}, 'city': 'Móstoles', 'state': 'C...</msg>
<var>${json_data}</var>
<arg>${response.json()}</arg>
<doc>Returns the given values which can then be assigned to a variables.</doc>
<status status="PASS" start="2024-06-16T14:12:56.744769" elapsed="0.000480"/>
</kw>
<kw name="Log" owner="BuiltIn">
<msg time="2024-06-16T14:12:56.745711" level="INFO">{'results': [{'gender': 'female', 'name': {'title': 'Ms', 'first': 'Anna', 'last': 'Moreno'}, 'location': {'street': {'number': 8110, 'name': 'Avenida del Planetario'}, 'city': 'Móstoles', 'state': 'Ceuta', 'country': 'Spain', 'postcode': 97326, 'coordinates': {'latitude': '-37.7813', 'longitude': '74.5778'}, 'timezone': {'offset': '+4:00', 'description': 'Abu Dhabi, Muscat, Baku, Tbilisi'}}, 'email': 'anna.moreno@example.com', 'login': {'uuid': '19e9c297-fb4a-4fe7-a3d6-24d866718f06', 'username': 'greencat359', 'password': 'stud', 'salt': 'TqP06DAl', 'md5': 'ec3152b9864d166ac11817979f4ccb76', 'sha1': 'fe870eba19e380bafdb6d700348c8b37fa72e94d', 'sha256': 'e6cfd82835fcd25cedbea1ed9fe5398157e464cccd0aa6ff2e7c2574f4dfa9d9'}, 'dob': {'date': '1991-03-09T15:58:06.537Z', 'age': 33}, 'registered': {'date': '2013-06-05T10:28:13.150Z', 'age': 11}, 'phone': '934-159-040', 'cell': '639-722-112', 'id': {'name': 'DNI', 'value': '82468186-G'}, 'picture': {'large': 'https://randomuser.me/api/portraits/women/37.jpg', 'medium': 'https://randomuser.me/api/portraits/med/women/37.jpg', 'thumbnail': 'https://randomuser.me/api/portraits/thumb/women/37.jpg'}, 'nat': 'ES'}], 'info': {'seed': 'a8bf3861c64ca2bc', 'results': 1, 'page': 1, 'version': '1.4'}}</msg>
<arg>${json_data}</arg>
<doc>Logs the given message with the given level.</doc>
<status status="PASS" start="2024-06-16T14:12:56.745553" elapsed="0.000207"/>
</kw>
<kw name="Dictionary Should Contain Key" owner="Collections">
<arg>${json_data}</arg>
<arg>results</arg>
<doc>Fails if ``key`` is not found from ``dictionary``.</doc>
<status status="PASS" start="2024-06-16T14:12:56.746050" elapsed="0.000153"/>
</kw>
<kw name="Should Not Be Empty" owner="BuiltIn">
<msg time="2024-06-16T14:12:56.746500" level="INFO">Length is 2.</msg>
<arg>${json_data}</arg>
<doc>Verifies that the given item is not empty.</doc>
<status status="PASS" start="2024-06-16T14:12:56.746379" elapsed="0.000157"/>
</kw>
<kw name="Create List" owner="BuiltIn">
<msg time="2024-06-16T14:12:56.746963" level="INFO">${expected_keys} = ['gender', 'name', 'location', 'email', 'login']</msg>
<var>${expected_keys}</var>
<arg>gender</arg>
<arg>name</arg>
<arg>location</arg>
<arg>email</arg>
<arg>login</arg>
<doc>Returns a list containing given items.</doc>
<status status="PASS" start="2024-06-16T14:12:56.746818" elapsed="0.000167"/>
</kw>
<for flavor="IN">
<iter>
<kw name="Dictionary Should Contain Key" owner="Collections">
<arg>${json_data['results'][0]}</arg>
<arg>${key}</arg>
<doc>Fails if ``key`` is not found from ``dictionary``.</doc>
<status status="PASS" start="2024-06-16T14:12:56.747554" elapsed="0.000404"/>
</kw>
<kw name="Log" owner="BuiltIn">
<msg time="2024-06-16T14:12:56.748538" level="INFO">{'gender': 'female', 'name': {'title': 'Ms', 'first': 'Anna', 'last': 'Moreno'}, 'location': {'street': {'number': 8110, 'name': 'Avenida del Planetario'}, 'city': 'Móstoles', 'state': 'Ceuta', 'country': 'Spain', 'postcode': 97326, 'coordinates': {'latitude': '-37.7813', 'longitude': '74.5778'}, 'timezone': {'offset': '+4:00', 'description': 'Abu Dhabi, Muscat, Baku, Tbilisi'}}, 'email': 'anna.moreno@example.com', 'login': {'uuid': '19e9c297-fb4a-4fe7-a3d6-24d866718f06', 'username': 'greencat359', 'password': 'stud', 'salt': 'TqP06DAl', 'md5': 'ec3152b9864d166ac11817979f4ccb76', 'sha1': 'fe870eba19e380bafdb6d700348c8b37fa72e94d', 'sha256': 'e6cfd82835fcd25cedbea1ed9fe5398157e464cccd0aa6ff2e7c2574f4dfa9d9'}, 'dob': {'date': '1991-03-09T15:58:06.537Z', 'age': 33}, 'registered': {'date': '2013-06-05T10:28:13.150Z', 'age': 11}, 'phone': '934-159-040', 'cell': '639-722-112', 'id': {'name': 'DNI', 'value': '82468186-G'}, 'picture': {'large': 'https://randomuser.me/api/portraits/women/37.jpg', 'medium': 'https://randomuser.me/api/portraits/med/women/37.jpg', 'thumbnail': 'https://randomuser.me/api/portraits/thumb/women/37.jpg'}, 'nat': 'ES'}</msg>
<arg>${json_data['results'][0]}</arg>
<doc>Logs the given message with the given level.</doc>
<status status="PASS" start="2024-06-16T14:12:56.748148" elapsed="0.000448"/>
</kw>
<kw name="Log" owner="BuiltIn">
<msg time="2024-06-16T14:12:56.749020" level="INFO">gender</msg>
<arg>${key}</arg>
<doc>Logs the given message with the given level.</doc>
<status status="PASS" start="2024-06-16T14:12:56.748894" elapsed="0.000164"/>
</kw>
<var name="${key}">gender</var>
<status status="PASS" start="2024-06-16T14:12:56.747430" elapsed="0.001860"/>
</iter>
<iter>
<kw name="Dictionary Should Contain Key" owner="Collections">
<arg>${json_data['results'][0]}</arg>
<arg>${key}</arg>
<doc>Fails if ``key`` is not found from ``dictionary``.</doc>
<status status="PASS" start="2024-06-16T14:12:56.749597" elapsed="0.000390"/>
</kw>
<kw name="Log" owner="BuiltIn">
<msg time="2024-06-16T14:12:56.750515" level="INFO">{'gender': 'female', 'name': {'title': 'Ms', 'first': 'Anna', 'last': 'Moreno'}, 'location': {'street': {'number': 8110, 'name': 'Avenida del Planetario'}, 'city': 'Móstoles', 'state': 'Ceuta', 'country': 'Spain', 'postcode': 97326, 'coordinates': {'latitude': '-37.7813', 'longitude': '74.5778'}, 'timezone': {'offset': '+4:00', 'description': 'Abu Dhabi, Muscat, Baku, Tbilisi'}}, 'email': 'anna.moreno@example.com', 'login': {'uuid': '19e9c297-fb4a-4fe7-a3d6-24d866718f06', 'username': 'greencat359', 'password': 'stud', 'salt': 'TqP06DAl', 'md5': 'ec3152b9864d166ac11817979f4ccb76', 'sha1': 'fe870eba19e380bafdb6d700348c8b37fa72e94d', 'sha256': 'e6cfd82835fcd25cedbea1ed9fe5398157e464cccd0aa6ff2e7c2574f4dfa9d9'}, 'dob': {'date': '1991-03-09T15:58:06.537Z', 'age': 33}, 'registered': {'date': '2013-06-05T10:28:13.150Z', 'age': 11}, 'phone': '934-159-040', 'cell': '639-722-112', 'id': {'name': 'DNI', 'value': '82468186-G'}, 'picture': {'large': 'https://randomuser.me/api/portraits/women/37.jpg', 'medium': 'https://randomuser.me/api/portraits/med/women/37.jpg', 'thumbnail': 'https://randomuser.me/api/portraits/thumb/women/37.jpg'}, 'nat': 'ES'}</msg>
<arg>${json_data['results'][0]}</arg>
<doc>Logs the given message with the given level.</doc>
<status status="PASS" start="2024-06-16T14:12:56.750167" elapsed="0.000433"/>
</kw>
<kw name="Log" owner="BuiltIn">
<msg time="2024-06-16T14:12:56.751033" level="INFO">name</msg>
<arg>${key}</arg>
<doc>Logs the given message with the given level.</doc>
<status status="PASS" start="2024-06-16T14:12:56.750900" elapsed="0.000170"/>
</kw>
<var name="${key}">name</var>
<status status="PASS" start="2024-06-16T14:12:56.749486" elapsed="0.001805"/>
</iter>
<iter>
<kw name="Dictionary Should Contain Key" owner="Collections">
<arg>${json_data['results'][0]}</arg>
<arg>${key}</arg>
<doc>Fails if ``key`` is not found from ``dictionary``.</doc>
<status status="PASS" start="2024-06-16T14:12:56.751578" elapsed="0.000381"/>
</kw>
<kw name="Log" owner="BuiltIn">
<msg time="2024-06-16T14:12:56.752521" level="INFO">{'gender': 'female', 'name': {'title': 'Ms', 'first': 'Anna', 'last': 'Moreno'}, 'location': {'street': {'number': 8110, 'name': 'Avenida del Planetario'}, 'city': 'Móstoles', 'state': 'Ceuta', 'country': 'Spain', 'postcode': 97326, 'coordinates': {'latitude': '-37.7813', 'longitude': '74.5778'}, 'timezone': {'offset': '+4:00', 'description': 'Abu Dhabi, Muscat, Baku, Tbilisi'}}, 'email': 'anna.moreno@example.com', 'login': {'uuid': '19e9c297-fb4a-4fe7-a3d6-24d866718f06', 'username': 'greencat359', 'password': 'stud', 'salt': 'TqP06DAl', 'md5': 'ec3152b9864d166ac11817979f4ccb76', 'sha1': 'fe870eba19e380bafdb6d700348c8b37fa72e94d', 'sha256': 'e6cfd82835fcd25cedbea1ed9fe5398157e464cccd0aa6ff2e7c2574f4dfa9d9'}, 'dob': {'date': '1991-03-09T15:58:06.537Z', 'age': 33}, 'registered': {'date': '2013-06-05T10:28:13.150Z', 'age': 11}, 'phone': '934-159-040', 'cell': '639-722-112', 'id': {'name': 'DNI', 'value': '82468186-G'}, 'picture': {'large': 'https://randomuser.me/api/portraits/women/37.jpg', 'medium': 'https://randomuser.me/api/portraits/med/women/37.jpg', 'thumbnail': 'https://randomuser.me/api/portraits/thumb/women/37.jpg'}, 'nat': 'ES'}</msg>
<arg>${json_data['results'][0]}</arg>
<doc>Logs the given message with the given level.</doc>
<status status="PASS" start="2024-06-16T14:12:56.752144" elapsed="0.000436"/>
</kw>
<kw name="Log" owner="BuiltIn">
<msg time="2024-06-16T14:12:56.753006" level="INFO">location</msg>
<arg>${key}</arg>
<doc>Logs the given message with the given level.</doc>
<status status="PASS" start="2024-06-16T14:12:56.752879" elapsed="0.000165"/>
</kw>
<var name="${key}">location</var>
<status status="PASS" start="2024-06-16T14:12:56.751471" elapsed="0.001818"/>
</iter>
<iter>
<kw name="Dictionary Should Contain Key" owner="Collections">
<arg>${json_data['results'][0]}</arg>
<arg>${key}</arg>
<doc>Fails if ``key`` is not found from ``dictionary``.</doc>
<status status="PASS" start="2024-06-16T14:12:56.753571" elapsed="0.000380"/>
</kw>
<kw name="Log" owner="BuiltIn">
<msg time="2024-06-16T14:12:56.754487" level="INFO">{'gender': 'female', 'name': {'title': 'Ms', 'first': 'Anna', 'last': 'Moreno'}, 'location': {'street': {'number': 8110, 'name': 'Avenida del Planetario'}, 'city': 'Móstoles', 'state': 'Ceuta', 'country': 'Spain', 'postcode': 97326, 'coordinates': {'latitude': '-37.7813', 'longitude': '74.5778'}, 'timezone': {'offset': '+4:00', 'description': 'Abu Dhabi, Muscat, Baku, Tbilisi'}}, 'email': 'anna.moreno@example.com', 'login': {'uuid': '19e9c297-fb4a-4fe7-a3d6-24d866718f06', 'username': 'greencat359', 'password': 'stud', 'salt': 'TqP06DAl', 'md5': 'ec3152b9864d166ac11817979f4ccb76', 'sha1': 'fe870eba19e380bafdb6d700348c8b37fa72e94d', 'sha256': 'e6cfd82835fcd25cedbea1ed9fe5398157e464cccd0aa6ff2e7c2574f4dfa9d9'}, 'dob': {'date': '1991-03-09T15:58:06.537Z', 'age': 33}, 'registered': {'date': '2013-06-05T10:28:13.150Z', 'age': 11}, 'phone': '934-159-040', 'cell': '639-722-112', 'id': {'name': 'DNI', 'value': '82468186-G'}, 'picture': {'large': 'https://randomuser.me/api/portraits/women/37.jpg', 'medium': 'https://randomuser.me/api/portraits/med/women/37.jpg', 'thumbnail': 'https://randomuser.me/api/portraits/thumb/women/37.jpg'}, 'nat': 'ES'}</msg>
<arg>${json_data['results'][0]}</arg>
<doc>Logs the given message with the given level.</doc>
<status status="PASS" start="2024-06-16T14:12:56.754130" elapsed="0.000406"/>
</kw>
<kw name="Log" owner="BuiltIn">
<msg time="2024-06-16T14:12:56.754959" level="INFO">email</msg>
<arg>${key}</arg>
<doc>Logs the given message with the given level.</doc>
<status status="PASS" start="2024-06-16T14:12:56.754832" elapsed="0.000164"/>
</kw>
<var name="${key}">email</var>
<status status="PASS" start="2024-06-16T14:12:56.753461" elapsed="0.001747"/>
</iter>
<iter>
<kw name="Dictionary Should Contain Key" owner="Collections">
<arg>${json_data['results'][0]}</arg>
<arg>${key}</arg>
<doc>Fails if ``key`` is not found from ``dictionary``.</doc>
<status status="PASS" start="2024-06-16T14:12:56.755482" elapsed="0.000374"/>
</kw>
<kw name="Log" owner="BuiltIn">
<msg time="2024-06-16T14:12:56.756391" level="INFO">{'gender': 'female', 'name': {'title': 'Ms', 'first': 'Anna', 'last': 'Moreno'}, 'location': {'street': {'number': 8110, 'name': 'Avenida del Planetario'}, 'city': 'Móstoles', 'state': 'Ceuta', 'country': 'Spain', 'postcode': 97326, 'coordinates': {'latitude': '-37.7813', 'longitude': '74.5778'}, 'timezone': {'offset': '+4:00', 'description': 'Abu Dhabi, Muscat, Baku, Tbilisi'}}, 'email': 'anna.moreno@example.com', 'login': {'uuid': '19e9c297-fb4a-4fe7-a3d6-24d866718f06', 'username': 'greencat359', 'password': 'stud', 'salt': 'TqP06DAl', 'md5': 'ec3152b9864d166ac11817979f4ccb76', 'sha1': 'fe870eba19e380bafdb6d700348c8b37fa72e94d', 'sha256': 'e6cfd82835fcd25cedbea1ed9fe5398157e464cccd0aa6ff2e7c2574f4dfa9d9'}, 'dob': {'date': '1991-03-09T15:58:06.537Z', 'age': 33}, 'registered': {'date': '2013-06-05T10:28:13.150Z', 'age': 11}, 'phone': '934-159-040', 'cell': '639-722-112', 'id': {'name': 'DNI', 'value': '82468186-G'}, 'picture': {'large': 'https://randomuser.me/api/portraits/women/37.jpg', 'medium': 'https://randomuser.me/api/portraits/med/women/37.jpg', 'thumbnail': 'https://randomuser.me/api/portraits/thumb/women/37.jpg'}, 'nat': 'ES'}</msg>
<arg>${json_data['results'][0]}</arg>
<doc>Logs the given message with the given level.</doc>
<status status="PASS" start="2024-06-16T14:12:56.756040" elapsed="0.000400"/>
</kw>
<kw name="Log" owner="BuiltIn">
<msg time="2024-06-16T14:12:56.756987" level="INFO">login</msg>
<arg>${key}</arg>
<doc>Logs the given message with the given level.</doc>
<status status="PASS" start="2024-06-16T14:12:56.756758" elapsed="0.000265"/>
</kw>
<var name="${key}">login</var>
<status status="PASS" start="2024-06-16T14:12:56.755377" elapsed="0.001860"/>
</iter>
<var>${key}</var>
<value>@{expected_keys}</value>
<status status="PASS" start="2024-06-16T14:12:56.747243" elapsed="0.010112"/>
</for>
<kw name="Create List" owner="BuiltIn">
<msg time="2024-06-16T14:12:56.757673" level="INFO">${expected_keysTwo} = ['username', 'password']</msg>
<var>${expected_keysTwo}</var>
<arg>username</arg>
<arg>password</arg>
<doc>Returns a list containing given items.</doc>
<status status="PASS" start="2024-06-16T14:12:56.757540" elapsed="0.000183"/>
</kw>
<for flavor="IN">
<iter>
<kw name="Dictionary Should Contain Key" owner="Collections">
<arg>${json_data['results'][0]['login']}</arg>
<arg>${keyTwo}</arg>
<doc>Fails if ``key`` is not found from ``dictionary``.</doc>
<status status="PASS" start="2024-06-16T14:12:56.758219" elapsed="0.000376"/>
</kw>
<kw name="Dictionary Should Contain Key" owner="Collections">
<arg>${json_data['results'][0]['login']}</arg>
<arg>${keyTwo}</arg>
<doc>Fails if ``key`` is not found from ``dictionary``.</doc>
<status status="PASS" start="2024-06-16T14:12:56.758776" elapsed="0.000377"/>
</kw>
<kw name="Log" owner="BuiltIn">
<msg time="2024-06-16T14:12:56.759449" level="INFO">username</msg>
<arg>${keyTwo}</arg>
<doc>Logs the given message with the given level.</doc>
<status status="PASS" start="2024-06-16T14:12:56.759328" elapsed="0.000158"/>
</kw>
<var name="${keyTwo}">username</var>
<status status="PASS" start="2024-06-16T14:12:56.758114" elapsed="0.001591"/>
</iter>
<iter>
<kw name="Dictionary Should Contain Key" owner="Collections">
<arg>${json_data['results'][0]['login']}</arg>
<arg>${keyTwo}</arg>
<doc>Fails if ``key`` is not found from ``dictionary``.</doc>
<status status="PASS" start="2024-06-16T14:12:56.759983" elapsed="0.000375"/>
</kw>
<kw name="Dictionary Should Contain Key" owner="Collections">
<arg>${json_data['results'][0]['login']}</arg>
<arg>${keyTwo}</arg>
<doc>Fails if ``key`` is not found from ``dictionary``.</doc>
<status status="PASS" start="2024-06-16T14:12:56.760559" elapsed="0.000377"/>
</kw>
<kw name="Log" owner="BuiltIn">
<msg time="2024-06-16T14:12:56.761236" level="INFO">password</msg>
<arg>${keyTwo}</arg>
<doc>Logs the given message with the given level.</doc>
<status status="PASS" start="2024-06-16T14:12:56.761111" elapsed="0.000161"/>
</kw>
<var name="${keyTwo}">password</var>
<status status="PASS" start="2024-06-16T14:12:56.759878" elapsed="0.001610"/>
</iter>
<var>${keyTwo}</var>
<value>@{expected_keysTwo}</value>
<status status="PASS" start="2024-06-16T14:12:56.757966" elapsed="0.003640"/>
</for>
<status status="PASS" start="2024-06-16T14:12:56.631565" elapsed="0.130176"/>
</kw>
<doc>Testa a estrutura da resposta da API.</doc>
<tag>testeEstruturaResposta</tag>
<status status="PASS" start="2024-06-16T14:12:56.630906" elapsed="0.130984"/>
</test>
<test id="s1-s1-t4" name="Validar tipos de dados" line="28">
<kw name="Teste de Tipos de Dados" owner="random-user-service">
<kw name="GET On Session" owner="RequestsLibrary">
<msg time="2024-06-16T14:12:56.827750" level="INFO">GET Request : url=https://randomuser.me/api 
 path_url=/api 
 headers={'User-Agent': 'python-requests/2.32.3', 'Accept-Encoding': 'gzip, deflate', 'Accept': '*/*', 'Connection': 'keep-alive'} 
 body=None 
 </msg>
<msg time="2024-06-16T14:12:56.827828" level="INFO">GET Response : url=https://randomuser.me/api 
 status=200, reason=OK 
 headers={'Date': 'Sun, 16 Jun 2024 14:12:56 GMT', 'Content-Type': 'application/json; charset=utf-8', 'Transfer-Encoding': 'chunked', 'Connection': 'keep-alive', 'X-Powered-By': 'Express', 'Access-Control-Allow-Origin': '*', 'Cache-Control': 'no-cache', 'ETag': 'W/"492-RatXOEDSPRz2s9TgZ3VIC/+ddNI"', 'Vary': 'Accept-Encoding', 'Content-Encoding': 'gzip', 'CF-Cache-Status': 'DYNAMIC', 'Report-To': '{"endpoints":[{"url":"https:\\/\\/a.nel.cloudflare.com\\/report\\/v4?s=Q1%2FgIlK2qn%2BPVkGV%2FMnNm223SNCIxjnYjKIGTzGdDBt6Z81Tf3AFIhIRTAOFMHZhvFcZHdezQKX7SZT7oc7x2Y%2BcVEBBo9WHFTZgei%2BMRhEnbkNrDP7GiCes7D5HOKgO"}],"group":"cf-nel","max_age":604800}', 'NEL': '{"success_fraction":0,"report_to":"cf-nel","max_age":604800}', 'Server': 'cloudflare', 'CF-RAY': '894b65cecb34242f-IAD', 'alt-svc': 'h3=":443"; ma=86400'} 
 body={"results":[{"gender":"female","name":{"title":"Mrs","first":"Emmi","last":"Storhaug"},"location":{"street":{"number":8728,"name":"Minåsveien"},"city":"Svelgen","state":"Sogn og Fjordane","country":"Norway","postcode":"4892","coordinates":{"latitude":"45.7809","longitude":"156.0763"},"timezone":{"offset":"+5:30","description":"Bombay, Calcutta, Madras, New Delhi"}},"email":"emmi.storhaug@example.com","login":{"uuid":"4c5bd9cb-5c93-4f15-8429-e67609853bcb","username":"organictiger442","password":"bigmoney","salt":"XKn0evHr","md5":"a2d3921cd4ed03178ec054277f946c42","sha1":"ece40212b6a66750becf36bb328fd9813d4d7cc7","sha256":"ac771bc96a0d1bc1a896622df2857a0760bd1695daa9801406b62cfafba9b933"},"dob":{"date":"1970-04-28T06:57:11.702Z","age":54},"registered":{"date":"2010-03-14T13:55:39.008Z","age":14},"phone":"65327760","cell":"94208738","id":{"name":"FN","value":"28047007242"},"picture":{"large":"https://randomuser.me/api/portraits/women/0.jpg","medium":"https://randomuser.me/api/portraits/med/women/0.jpg","thumbnail":"https://randomuser.me/api/portraits/thumb/women/0.jpg"},"nat":"NO"}],"info":{"seed":"a8aeea2496510385","results":1,"page":1,"version":"1.4"}} 
 </msg>
<msg time="2024-06-16T14:12:56.827898" level="INFO">/opt/hostedtoolcache/Python/3.12.3/x64/lib/python3.12/site-packages/urllib3/connectionpool.py:1103: InsecureRequestWarning: Unverified HTTPS request is being made to host 'randomuser.me'. Adding certificate verification is strongly advised. See: https://urllib3.readthedocs.io/en/latest/advanced-usage.html#tls-warnings
  warnings.warn(</msg>
<msg time="2024-06-16T14:12:56.828009" level="INFO">${response} = &lt;Response [200]&gt;</msg>
<var>${response}</var>
<arg>consultarAPI</arg>
<arg>/api</arg>
<doc>Sends a GET request on a previously created HTTP Session.</doc>
<status status="PASS" start="2024-06-16T14:12:56.764323" elapsed="0.063737"/>
</kw>
<kw name="Set Variable" owner="BuiltIn">
<msg time="2024-06-16T14:12:56.829219" level="INFO">${json_data} = {'results': [{'gender': 'female', 'name': {'title': 'Mrs', 'first': 'Emmi', 'last': 'Storhaug'}, 'location': {'street': {'number': 8728, 'name': 'Minåsveien'}, 'city': 'Svelgen', 'state': 'Sogn og Fjo...</msg>
<var>${json_data}</var>
<arg>${response.json()}</arg>
<doc>Returns the given values which can then be assigned to a variables.</doc>
<status status="PASS" start="2024-06-16T14:12:56.828653" elapsed="0.000595"/>
</kw>
<kw name="Log" owner="BuiltIn">
<msg time="2024-06-16T14:12:56.829721" level="INFO">{'results': [{'gender': 'female', 'name': {'title': 'Mrs', 'first': 'Emmi', 'last': 'Storhaug'}, 'location': {'street': {'number': 8728, 'name': 'Minåsveien'}, 'city': 'Svelgen', 'state': 'Sogn og Fjordane', 'country': 'Norway', 'postcode': '4892', 'coordinates': {'latitude': '45.7809', 'longitude': '156.0763'}, 'timezone': {'offset': '+5:30', 'description': 'Bombay, Calcutta, Madras, New Delhi'}}, 'email': 'emmi.storhaug@example.com', 'login': {'uuid': '4c5bd9cb-5c93-4f15-8429-e67609853bcb', 'username': 'organictiger442', 'password': 'bigmoney', 'salt': 'XKn0evHr', 'md5': 'a2d3921cd4ed03178ec054277f946c42', 'sha1': 'ece40212b6a66750becf36bb328fd9813d4d7cc7', 'sha256': 'ac771bc96a0d1bc1a896622df2857a0760bd1695daa9801406b62cfafba9b933'}, 'dob': {'date': '1970-04-28T06:57:11.702Z', 'age': 54}, 'registered': {'date': '2010-03-14T13:55:39.008Z', 'age': 14}, 'phone': '65327760', 'cell': '94208738', 'id': {'name': 'FN', 'value': '28047007242'}, 'picture': {'large': 'https://randomuser.me/api/portraits/women/0.jpg', 'medium': 'https://randomuser.me/api/portraits/med/women/0.jpg', 'thumbnail': 'https://randomuser.me/api/portraits/thumb/women/0.jpg'}, 'nat': 'NO'}], 'info': {'seed': 'a8aeea2496510385', 'results': 1, 'page': 1, 'version': '1.4'}}</msg>
<arg>${json_data}</arg>
<doc>Logs the given message with the given level.</doc>
<status status="PASS" start="2024-06-16T14:12:56.829563" elapsed="0.000206"/>
</kw>
<kw name="Should Be String" owner="String">
<arg>${json_data['results'][0]['gender']}</arg>
<doc>Fails if the given ``item`` is not a string.</doc>
<status status="PASS" start="2024-06-16T14:12:56.830063" elapsed="0.000356"/>
</kw>
<kw name="Should Match Regexp" owner="BuiltIn">
<arg>${json_data['results'][0]['email']}</arg>
<arg>^[a-zA-Z0-9._%+-]+@[a-zA-Z0-9.-]+\.[a-zA-Z]{2,}$</arg>
<doc>Fails if ``string`` does not match ``pattern`` as a regular expression.</doc>
<status status="PASS" start="2024-06-16T14:12:56.830607" elapsed="0.000505"/>
</kw>
<kw name="Should Match Regexp" owner="BuiltIn">
<arg>${json_data['results'][0]['dob']['date']}</arg>
<arg>\\d{4}-\\d{2}-\\d{2}T\\d{2}:\\d{2}:\\d{2}\\.\\d{3}Z</arg>
<doc>Fails if ``string`` does not match ``pattern`` as a regular expression.</doc>
<status status="PASS" start="2024-06-16T14:12:56.831344" elapsed="0.000501"/>
</kw>
<kw name="Should Match Regexp" owner="BuiltIn">
<arg>${json_data['results'][0]['registered']['date']}</arg>
<arg>\\d{4}-\\d{2}-\\d{2}T\\d{2}:\\d{2}:\\d{2}\\.\\d{3}Z</arg>
<doc>Fails if ``string`` does not match ``pattern`` as a regular expression.</doc>
<status status="PASS" start="2024-06-16T14:12:56.832036" elapsed="0.000368"/>
</kw>
<kw name="Should Match Regexp" owner="BuiltIn">
<arg>${json_data['results'][0]['picture']['large']}</arg>
<arg>^https?://.*\.(?:png|jpe?g|gif|bmp)$</arg>
<doc>Fails if ``string`` does not match ``pattern`` as a regular expression.</doc>
<status status="PASS" start="2024-06-16T14:12:56.832638" elapsed="0.000457"/>
</kw>
<kw name="Should Match Regexp" owner="BuiltIn">
<arg>${json_data['results'][0]['picture']['medium']}</arg>
<arg>^https?://.*\.(?:png|jpe?g|gif|bmp)$</arg>
<doc>Fails if ``string`` does not match ``pattern`` as a regular expression.</doc>
<status status="PASS" start="2024-06-16T14:12:56.833287" elapsed="0.000351"/>
</kw>
<kw name="Should Match Regexp" owner="BuiltIn">
<arg>${json_data['results'][0]['picture']['thumbnail']}</arg>
<arg>^https?://.*\.(?:png|jpe?g|gif|bmp)$</arg>
<doc>Fails if ``string`` does not match ``pattern`` as a regular expression.</doc>
<status status="PASS" start="2024-06-16T14:12:56.833829" elapsed="0.000348"/>
</kw>
<kw name="Log" owner="BuiltIn">
<msg time="2024-06-16T14:12:56.834686" level="INFO">{'large': 'https://randomuser.me/api/portraits/women/0.jpg', 'medium': 'https://randomuser.me/api/portraits/med/women/0.jpg', 'thumbnail': 'https://randomuser.me/api/portraits/thumb/women/0.jpg'}</msg>
<arg>${json_data['results'][0]['picture']}</arg>
<doc>Logs the given message with the given level.</doc>
<status status="PASS" start="2024-06-16T14:12:56.834354" elapsed="0.000375"/>
</kw>
<status status="PASS" start="2024-06-16T14:12:56.764093" elapsed="0.070885"/>
</kw>
<kw name="Teste de Tipos de Dados - Postcode" owner="random-user-service">
<kw name="GET On Session" owner="RequestsLibrary">
<msg time="2024-06-16T14:12:56.932082" level="INFO">GET Request : url=https://randomuser.me/api 
 path_url=/api 
 headers={'User-Agent': 'python-requests/2.32.3', 'Accept-Encoding': 'gzip, deflate', 'Accept': '*/*', 'Connection': 'keep-alive'} 
 body=None 
 </msg>
<msg time="2024-06-16T14:12:56.932167" level="INFO">GET Response : url=https://randomuser.me/api 
 status=200, reason=OK 
 headers={'Date': 'Sun, 16 Jun 2024 14:12:56 GMT', 'Content-Type': 'application/json; charset=utf-8', 'Transfer-Encoding': 'chunked', 'Connection': 'keep-alive', 'X-Powered-By': 'Express', 'Access-Control-Allow-Origin': '*', 'Cache-Control': 'no-cache', 'ETag': 'W/"4b8-vxbugKFNGBBjrXWRT6Ut4mpV4Jg"', 'Vary': 'Accept-Encoding', 'Content-Encoding': 'gzip', 'CF-Cache-Status': 'DYNAMIC', 'Report-To': '{"endpoints":[{"url":"https:\\/\\/a.nel.cloudflare.com\\/report\\/v4?s=svwPoQ9Wdl8Ga5wQ8SRc1RgcNuu1t4FnUuVnfzyjcxM5CgDLvD5qry5jzi1Sx9oxHf3B6%2FdDCQ2iHMiWHPdP0zXi%2FT8HrmlCTThq2yDDVnfzQlAH17KmGWmkzq4bnwNm"}],"group":"cf-nel","max_age":604800}', 'NEL': '{"success_fraction":0,"report_to":"cf-nel","max_age":604800}', 'Server': 'cloudflare', 'CF-RAY': '894b65cf3ba8242f-IAD', 'alt-svc': 'h3=":443"; ma=86400'} 
 body={"results":[{"gender":"male","name":{"title":"Mr","first":"Augusto","last":"Ordóñez"},"location":{"street":{"number":181,"name":"Continuación Grecia"},"city":"El Sauz de Abajo","state":"Baja California","country":"Mexico","postcode":87368,"coordinates":{"latitude":"26.5561","longitude":"-0.1316"},"timezone":{"offset":"0:00","description":"Western Europe Time, London, Lisbon, Casablanca"}},"email":"augusto.ordonez@example.com","login":{"uuid":"1a70740d-b80b-462f-9d5f-afb874e97ab0","username":"goldenzebra663","password":"simon1","salt":"SHaQAk7w","md5":"279db405efc6ec6093ea4f515ca7e30d","sha1":"bd93e1eb5860fd98fb4fa81ab8ca79f7f2b2e1d7","sha256":"fbf950578aa79dcd782b26bc36532b7ec6c23f9e69ec80ecde7f89706ac2b4ee"},"dob":{"date":"1999-02-04T10:24:07.423Z","age":25},"registered":{"date":"2016-06-12T02:12:12.716Z","age":8},"phone":"(642) 954 6708","cell":"(640) 226 9925","id":{"name":"NSS","value":"32 59 60 5109 0"},"picture":{"large":"https://randomuser.me/api/portraits/men/50.jpg","medium":"https://randomuser.me/api/portraits/med/men/50.jpg","thumbnail":"https://randomuser.me/api/portraits/thumb/men/50.jpg"},"nat":"MX"}],"info":{"seed":"53ed021109f02e91","results":1,"page":1,"version":"1.4"}} 
 </msg>
<msg time="2024-06-16T14:12:56.932258" level="INFO">/opt/hostedtoolcache/Python/3.12.3/x64/lib/python3.12/site-packages/urllib3/connectionpool.py:1103: InsecureRequestWarning: Unverified HTTPS request is being made to host 'randomuser.me'. Adding certificate verification is strongly advised. See: https://urllib3.readthedocs.io/en/latest/advanced-usage.html#tls-warnings
  warnings.warn(</msg>
<msg time="2024-06-16T14:12:56.932393" level="INFO">${response} = &lt;Response [200]&gt;</msg>
<var>${response}</var>
<arg>consultarAPI</arg>
<arg>/api</arg>
<doc>Sends a GET request on a previously created HTTP Session.</doc>
<status status="PASS" start="2024-06-16T14:12:56.835415" elapsed="0.097029"/>
</kw>
<kw name="Set Variable" owner="BuiltIn">
<msg time="2024-06-16T14:12:56.933560" level="INFO">${json_data} = {'results': [{'gender': 'male', 'name': {'title': 'Mr', 'first': 'Augusto', 'last': 'Ordóñez'}, 'location': {'street': {'number': 181, 'name': 'Continuación Grecia'}, 'city': 'El Sauz de Abajo', 'stat...</msg>
<var>${json_data}</var>
<arg>${response.json()}</arg>
<doc>Returns the given values which can then be assigned to a variables.</doc>
<status status="PASS" start="2024-06-16T14:12:56.933000" elapsed="0.000590"/>
</kw>
<kw name="Log" owner="BuiltIn">
<msg time="2024-06-16T14:12:56.934056" level="INFO">{'results': [{'gender': 'male', 'name': {'title': 'Mr', 'first': 'Augusto', 'last': 'Ordóñez'}, 'location': {'street': {'number': 181, 'name': 'Continuación Grecia'}, 'city': 'El Sauz de Abajo', 'state': 'Baja California', 'country': 'Mexico', 'postcode': 87368, 'coordinates': {'latitude': '26.5561', 'longitude': '-0.1316'}, 'timezone': {'offset': '0:00', 'description': 'Western Europe Time, London, Lisbon, Casablanca'}}, 'email': 'augusto.ordonez@example.com', 'login': {'uuid': '1a70740d-b80b-462f-9d5f-afb874e97ab0', 'username': 'goldenzebra663', 'password': 'simon1', 'salt': 'SHaQAk7w', 'md5': '279db405efc6ec6093ea4f515ca7e30d', 'sha1': 'bd93e1eb5860fd98fb4fa81ab8ca79f7f2b2e1d7', 'sha256': 'fbf950578aa79dcd782b26bc36532b7ec6c23f9e69ec80ecde7f89706ac2b4ee'}, 'dob': {'date': '1999-02-04T10:24:07.423Z', 'age': 25}, 'registered': {'date': '2016-06-12T02:12:12.716Z', 'age': 8}, 'phone': '(642) 954 6708', 'cell': '(640) 226 9925', 'id': {'name': 'NSS', 'value': '32 59 60 5109 0'}, 'picture': {'large': 'https://randomuser.me/api/portraits/men/50.jpg', 'medium': 'https://randomuser.me/api/portraits/med/men/50.jpg', 'thumbnail': 'https://randomuser.me/api/portraits/thumb/men/50.jpg'}, 'nat': 'MX'}], 'info': {'seed': '53ed021109f02e91', 'results': 1, 'page': 1, 'version': '1.4'}}</msg>
<arg>${json_data}</arg>
<doc>Logs the given message with the given level.</doc>
<status status="PASS" start="2024-06-16T14:12:56.933899" elapsed="0.000205"/>
</kw>
<kw name="Should Be Equal As Numbers" owner="BuiltIn">
<arg>${json_data['results'][0]['location']['postcode']}</arg>
<arg>${json_data['results'][0]['location']['postcode']}</arg>
<doc>Fails if objects are unequal after converting them to real numbers.</doc>
<status status="PASS" start="2024-06-16T14:12:56.934396" elapsed="0.000623"/>
</kw>
<kw name="Log" owner="BuiltIn">
<msg time="2024-06-16T14:12:56.935543" level="INFO">87368</msg>
<arg>${json_data['results'][0]['location']['postcode']}</arg>
<doc>Logs the given message with the given level.</doc>
<status status="PASS" start="2024-06-16T14:12:56.935209" elapsed="0.000406"/>
</kw>
<status status="PASS" start="2024-06-16T14:12:56.835190" elapsed="0.100677"/>
</kw>
<doc>Testa se os tipos de dados na resposta da API estão corretos.</doc>
<tag>testeTiposDados</tag>
<status status="PASS" start="2024-06-16T14:12:56.763645" elapsed="0.172382"/>
</test>
<test id="s1-s1-t5" name="Validar conteudo" line="35">
<kw name="Teste de Tipos de Conteudo" owner="random-user-service">
<kw name="GET On Session" owner="RequestsLibrary">
<msg time="2024-06-16T14:12:57.032316" level="INFO">GET Request : url=https://randomuser.me/api 
 path_url=/api 
 headers={'User-Agent': 'python-requests/2.32.3', 'Accept-Encoding': 'gzip, deflate', 'Accept': '*/*', 'Connection': 'keep-alive'} 
 body=None 
 </msg>
<msg time="2024-06-16T14:12:57.032409" level="INFO">GET Response : url=https://randomuser.me/api 
 status=200, reason=OK 
 headers={'Date': 'Sun, 16 Jun 2024 14:12:57 GMT', 'Content-Type': 'application/json; charset=utf-8', 'Transfer-Encoding': 'chunked', 'Connection': 'keep-alive', 'X-Powered-By': 'Express', 'Access-Control-Allow-Origin': '*', 'Cache-Control': 'no-cache', 'ETag': 'W/"49d-GLhYHcSDoMxGXGnqhwy0dSoYzqM"', 'Vary': 'Accept-Encoding', 'Content-Encoding': 'gzip', 'CF-Cache-Status': 'DYNAMIC', 'Report-To': '{"endpoints":[{"url":"https:\\/\\/a.nel.cloudflare.com\\/report\\/v4?s=Gw941N7oLxJe73IDiv3Ej6NhKjL7ViL0zVXI2jy%2FFlImmlOEEYMZy4b0pg1ZwukIpqauzJD0GQEPmFfnQErzCjtztLBbCOzYRLHsFsZt0gfkYPlu0AfAabj4fo2oivje"}],"group":"cf-nel","max_age":604800}', 'NEL': '{"success_fraction":0,"report_to":"cf-nel","max_age":604800}', 'Server': 'cloudflare', 'CF-RAY': '894b65cfec95242f-IAD', 'alt-svc': 'h3=":443"; ma=86400'} 
 body={"results":[{"gender":"female","name":{"title":"Mrs","first":"Luise","last":"Monteiro"},"location":{"street":{"number":720,"name":"Rua Santos Dumont "},"city":"Juazeiro do Norte","state":"Tocantins","country":"Brazil","postcode":64887,"coordinates":{"latitude":"-78.0682","longitude":"89.0544"},"timezone":{"offset":"+9:30","description":"Adelaide, Darwin"}},"email":"luise.monteiro@example.com","login":{"uuid":"998e1b7f-9435-4dbd-923d-d4d6de64670f","username":"ticklishswan333","password":"charlotte","salt":"sou1Q3hk","md5":"a6b0bc4623762b40f8b7ede2e727a95d","sha1":"1e2ee6e5f596aae87facfdf3a791a2339bebde58","sha256":"26c016bd0f7c680ccf55671cf1c0c499ebff3b147ac3f901d9f5f92cef941b63"},"dob":{"date":"1992-03-21T22:22:53.706Z","age":32},"registered":{"date":"2011-01-12T01:05:25.310Z","age":13},"phone":"(84) 2340-9738","cell":"(83) 7231-5098","id":{"name":"CPF","value":"198.998.507-99"},"picture":{"large":"https://randomuser.me/api/portraits/women/80.jpg","medium":"https://randomuser.me/api/portraits/med/women/80.jpg","thumbnail":"https://randomuser.me/api/portraits/thumb/women/80.jpg"},"nat":"BR"}],"info":{"seed":"262633b716bb4c09","results":1,"page":1,"version":"1.4"}} 
 </msg>
<msg time="2024-06-16T14:12:57.032506" level="INFO">/opt/hostedtoolcache/Python/3.12.3/x64/lib/python3.12/site-packages/urllib3/connectionpool.py:1103: InsecureRequestWarning: Unverified HTTPS request is being made to host 'randomuser.me'. Adding certificate verification is strongly advised. See: https://urllib3.readthedocs.io/en/latest/advanced-usage.html#tls-warnings
  warnings.warn(</msg>
<msg time="2024-06-16T14:12:57.032627" level="INFO">${response} = &lt;Response [200]&gt;</msg>
<var>${response}</var>
<arg>consultarAPI</arg>
<arg>/api</arg>
<doc>Sends a GET request on a previously created HTTP Session.</doc>
<status status="PASS" start="2024-06-16T14:12:56.938543" elapsed="0.094131"/>
</kw>
<kw name="Set Variable" owner="BuiltIn">
<msg time="2024-06-16T14:12:57.033768" level="INFO">${json_data} = {'results': [{'gender': 'female', 'name': {'title': 'Mrs', 'first': 'Luise', 'last': 'Monteiro'}, 'location': {'street': {'number': 720, 'name': 'Rua Santos Dumont '}, 'city': 'Juazeiro do Norte', 'st...</msg>
<var>${json_data}</var>
<arg>${response.json()}</arg>
<doc>Returns the given values which can then be assigned to a variables.</doc>
<status status="PASS" start="2024-06-16T14:12:57.033193" elapsed="0.000603"/>
</kw>
<kw name="Set Variable" owner="BuiltIn">
<msg time="2024-06-16T14:12:57.034472" level="INFO">${name_title} = Mrs</msg>
<var>${name_title}</var>
<arg>${json_data["results"][0]["name"]["title"]}</arg>
<doc>Returns the given values which can then be assigned to a variables.</doc>
<status status="PASS" start="2024-06-16T14:12:57.034098" elapsed="0.000399"/>
</kw>
<kw name="Create List" owner="BuiltIn">
<msg time="2024-06-16T14:12:57.034937" level="INFO">${allowed_titles} = ['Mr', 'Ms', 'Miss', 'Mrs', 'Madame', 'Monsieur']</msg>
<var>${allowed_titles}</var>
<arg>Mr</arg>
<arg>Ms</arg>
<arg>Miss</arg>
<arg>Mrs</arg>
<arg>Madame</arg>
<arg>Monsieur</arg>
<doc>Returns a list containing given items.</doc>
<status status="PASS" start="2024-06-16T14:12:57.034790" elapsed="0.000170"/>
</kw>
<kw name="List Should Contain Value" owner="Collections">
<arg>${allowed_titles}</arg>
<arg>${name_title}</arg>
<doc>Fails if the ``value`` is not found from ``list``.</doc>
<status status="PASS" start="2024-06-16T14:12:57.035254" elapsed="0.000170"/>
</kw>
<kw name="Set Variable" owner="BuiltIn">
<msg time="2024-06-16T14:12:57.035972" level="INFO">${name_country} = BR</msg>
<var>${name_country}</var>
<arg>${json_data["results"][0]["nat"]}</arg>
<doc>Returns the given values which can then be assigned to a variables.</doc>
<status status="PASS" start="2024-06-16T14:12:57.035604" elapsed="0.000393"/>
</kw>
<kw name="Create List" owner="BuiltIn">
<msg time="2024-06-16T14:12:57.036906" level="INFO">${list_country} = ['AD', 'AE', 'AF', 'AG', 'AI', 'AL', 'AM', 'AO', 'AQ', 'AR', 'AS', 'AT', 'AU', 'AW', 'AX', 'AZ', 'BA', 'BB', 'BD', 'BE', 'BF', 'BG', 'BH', 'BI', 'BJ', 'BL', 'BM', 'BN', 'BO', 'BQ', 'BR', 'BS', 'BT', '...</msg>
<var>${list_country}</var>
<arg>AD</arg>
<arg>AE</arg>
<arg>AF</arg>
<arg>AG</arg>
<arg>AI</arg>
<arg>AL</arg>
<arg>AM</arg>
<arg>AO</arg>
<arg>AQ</arg>
<arg>AR</arg>
<arg>AS</arg>
<arg>AT</arg>
<arg>AU</arg>
<arg>AW</arg>
<arg>AX</arg>
<arg>AZ</arg>
<arg>BA</arg>
<arg>BB</arg>
<arg>BD</arg>
<arg>BE</arg>
<arg>BF</arg>
<arg>BG</arg>
<arg>BH</arg>
<arg>BI</arg>
<arg>BJ</arg>
<arg>BL</arg>
<arg>BM</arg>
<arg>BN</arg>
<arg>BO</arg>
<arg>BQ</arg>
<arg>BR</arg>
<arg>BS</arg>
<arg>BT</arg>
<arg>BV</arg>
<arg>BW</arg>
<arg>BY</arg>
<arg>BZ</arg>
<arg>CA</arg>
<arg>CC</arg>
<arg>CD</arg>
<arg>CF</arg>
<arg>CG</arg>
<arg>CH</arg>
<arg>CI</arg>
<arg>CK</arg>
<arg>CL</arg>
<arg>CM</arg>
<arg>CN</arg>
<arg>CO</arg>
<arg>CR</arg>
<arg>CU</arg>
<arg>CV</arg>
<arg>CW</arg>
<arg>CX</arg>
<arg>CY</arg>
<arg>CZ</arg>
<arg>DE</arg>
<arg>DJ</arg>
<arg>DK</arg>
<arg>DM</arg>
<arg>DO</arg>
<arg>DZ</arg>
<arg>EC</arg>
<arg>EE</arg>
<arg>EG</arg>
<arg>EH</arg>
<arg>ER</arg>
<arg>ES</arg>
<arg>ET</arg>
<arg>FI</arg>
<arg>FJ</arg>
<arg>FK</arg>
<arg>FM</arg>
<arg>FO</arg>
<arg>FR</arg>
<arg>GA</arg>
<arg>GB</arg>
<arg>GD</arg>
<arg>GE</arg>
<arg>GF</arg>
<arg>GG</arg>
<arg>GH</arg>
<arg>GI</arg>
<arg>GL</arg>
<arg>GM</arg>
<arg>GN</arg>
<arg>GP</arg>
<arg>GQ</arg>
<arg>GR</arg>
<arg>GS</arg>
<arg>GT</arg>
<arg>GU</arg>
<arg>GW</arg>
<arg>GY</arg>
<arg>HK</arg>
<arg>HM</arg>
<arg>HN</arg>
<arg>HR</arg>
<arg>HT</arg>
<arg>HU</arg>
<arg>ID</arg>
<arg>IE</arg>
<arg>IL</arg>
<arg>IM</arg>
<arg>IN</arg>
<arg>IO</arg>
<arg>IQ</arg>
<arg>IR</arg>
<arg>IS</arg>
<arg>IT</arg>
<arg>JE</arg>
<arg>JM</arg>
<arg>JO</arg>
<arg>JP</arg>
<arg>KE</arg>
<arg>KG</arg>
<arg>KH</arg>
<arg>KI</arg>
<arg>KM</arg>
<arg>KN</arg>
<arg>KP</arg>
<arg>KR</arg>
<arg>KW</arg>
<arg>KY</arg>
<arg>KZ</arg>
<arg>LA</arg>
<arg>LB</arg>
<arg>LC</arg>
<arg>LI</arg>
<arg>LK</arg>
<arg>LR</arg>
<arg>LS</arg>
<arg>LT</arg>
<arg>LU</arg>
<arg>LV</arg>
<arg>LY</arg>
<arg>MA</arg>
<arg>MC</arg>
<arg>MD</arg>
<arg>ME</arg>
<arg>MF</arg>
<arg>MG</arg>
<arg>MH</arg>
<arg>MK</arg>
<arg>ML</arg>
<arg>MM</arg>
<arg>MN</arg>
<arg>MO</arg>
<arg>MP</arg>
<arg>MQ</arg>
<arg>MR</arg>
<arg>MS</arg>
<arg>MT</arg>
<arg>MU</arg>
<arg>MV</arg>
<arg>MW</arg>
<arg>MX</arg>
<arg>MY</arg>
<arg>MZ</arg>
<arg>NA</arg>
<arg>NC</arg>
<arg>NE</arg>
<arg>NF</arg>
<arg>NG</arg>
<arg>NI</arg>
<arg>NL</arg>
<arg>NO</arg>
<arg>NP</arg>
<arg>NR</arg>
<arg>NU</arg>
<arg>NZ</arg>
<arg>OM</arg>
<arg>PA</arg>
<arg>PE</arg>
<arg>PF</arg>
<arg>PG</arg>
<arg>PH</arg>
<arg>PK</arg>
<arg>PL</arg>
<arg>PM</arg>
<arg>PN</arg>
<arg>PR</arg>
<arg>PS</arg>
<arg>PT</arg>
<arg>PW</arg>
<arg>PY</arg>
<arg>QA</arg>
<arg>RE</arg>
<arg>RO</arg>
<arg>RS</arg>
<arg>RU</arg>
<arg>RW</arg>
<arg>SA</arg>
<arg>SB</arg>
<arg>SC</arg>
<arg>SD</arg>
<arg>SE</arg>
<arg>SG</arg>
<arg>SH</arg>
<arg>SI</arg>
<arg>SJ</arg>
<arg>SK</arg>
<arg>SL</arg>
<arg>SM</arg>
<arg>SN</arg>
<arg>SO</arg>
<arg>SR</arg>
<arg>SS</arg>
<arg>ST</arg>
<arg>SV</arg>
<arg>SX</arg>
<arg>SY</arg>
<arg>SZ</arg>
<arg>TC</arg>
<arg>TD</arg>
<arg>TF</arg>
<arg>TG</arg>
<arg>TH</arg>
<arg>TJ</arg>
<arg>TK</arg>
<arg>TL</arg>
<arg>TM</arg>
<arg>TN</arg>
<arg>TO</arg>
<arg>TR</arg>
<arg>TT</arg>
<arg>TV</arg>
<arg>TW</arg>
<arg>TZ</arg>
<arg>UA</arg>
<arg>UG</arg>
<arg>UM</arg>
<arg>US</arg>
<arg>UY</arg>
<arg>UZ</arg>
<arg>VA</arg>
<arg>VC</arg>
<arg>VE</arg>
<arg>VG</arg>
<arg>VI</arg>
<arg>VN</arg>
<arg>VU</arg>
<arg>WF</arg>
<arg>WS</arg>
<arg>XK</arg>
<arg>YE</arg>
<arg>YT</arg>
<arg>ZA</arg>
<arg>ZM</arg>
<arg>ZW</arg>
<doc>Returns a list containing given items.</doc>
<status status="PASS" start="2024-06-16T14:12:57.036283" elapsed="0.000649"/>
</kw>
<kw name="List Should Contain Value" owner="Collections">
<arg>${list_country}</arg>
<arg>${name_country}</arg>
<doc>Fails if the ``value`` is not found from ``list``.</doc>
<status status="PASS" start="2024-06-16T14:12:57.037718" elapsed="0.000200"/>
</kw>
<kw name="Run Keyword If" owner="BuiltIn">
<kw name="Should Be True" owner="BuiltIn">
<arg>${True}</arg>
<doc>Fails if the given condition is not true.</doc>
<status status="PASS" start="2024-06-16T14:12:57.038948" elapsed="0.000142"/>
</kw>
<arg>${json_data["results"][0]["location"]["coordinates"]["latitude"]} &gt;= -90 and ${json_data["results"][0]["location"]["coordinates"]["latitude"]} &lt;= 90</arg>
<arg>Should Be True</arg>
<arg>${True}</arg>
<doc>Runs the given keyword with the given arguments, if ``condition`` is true.</doc>
<status status="PASS" start="2024-06-16T14:12:57.038116" elapsed="0.001098"/>
</kw>
<kw name="Run Keyword If" owner="BuiltIn">
<kw name="Should Be True" owner="BuiltIn">
<arg>${True}</arg>
<doc>Fails if the given condition is not true.</doc>
<status status="PASS" start="2024-06-16T14:12:57.040071" elapsed="0.000135"/>
</kw>
<arg>${json_data["results"][0]["location"]["coordinates"]["longitude"]} &gt;= -180 and ${json_data["results"][0]["location"]["coordinates"]["longitude"]} &lt;= 180</arg>
<arg>Should Be True</arg>
<arg>${True}</arg>
<doc>Runs the given keyword with the given arguments, if ``condition`` is true.</doc>
<status status="PASS" start="2024-06-16T14:12:57.039394" elapsed="0.000933"/>
</kw>
<status status="PASS" start="2024-06-16T14:12:56.938325" elapsed="0.102128"/>
</kw>
<doc>Testa o conteúdo específico dos campos retornados pela API.</doc>
<tag>testeConteudo</tag>
<status status="PASS" start="2024-06-16T14:12:56.937834" elapsed="0.102804"/>
</test>
<status status="PASS" start="2024-06-16T14:12:56.122700" elapsed="0.919857"/>
</suite>
<status status="PASS" start="2024-06-16T14:12:56.109378" elapsed="0.938176"/>
</suite>
<statistics>
<total>
<stat pass="5" fail="0" skip="0">All Tests</stat>
</total>
<tag>
<stat pass="1" fail="0" skip="0">testeConteudo</stat>
<stat pass="1" fail="0" skip="0">testeEstruturaResposta</stat>
<stat pass="1" fail="0" skip="0">testeRequisicaoBasica</stat>
<stat pass="1" fail="0" skip="0">testeTiposDados</stat>
</tag>
<suite>
<stat pass="5" fail="0" skip="0" id="s1" name="Tests">Tests</stat>
<stat pass="5" fail="0" skip="0" id="s1-s1" name="Random-User-Test">Tests.Random-User-Test</stat>
</suite>
</statistics>
<errors>
</errors>
</robot>
