<?xml version="1.0" encoding="UTF-8"?>
<robot generator="Robot 7.0 (Python 3.12.3 on linux)" generated="2024-05-02T10:15:31.367063" rpa="false" schemaversion="5">
<suite id="s1" name="Tests" source="/home/runner/work/DesafioQAItauRogerioJordao/DesafioQAItauRogerioJordao/RamdonUser/tests">
<suite id="s1-s1" name="Random-User-Test" source="/home/runner/work/DesafioQAItauRogerioJordao/DesafioQAItauRogerioJordao/RamdonUser/tests/random-user-test.robot">
<test id="s1-s1-t1" name="Conectar" line="13">
<kw name="Conectar API" owner="random-user-service">
<kw name="Create Session" owner="RequestsLibrary">
<msg time="2024-05-02T10:15:31.744600" level="INFO">Creating Session using : alias=consultarAPI, url=https://randomuser.me/, headers={},                     cookies={}, auth=None, timeout=None, proxies=None, verify=False,                     debug=0 </msg>
<arg>consultarAPI</arg>
<arg>${URL}</arg>
<doc>Create Session: create a HTTP session to a server</doc>
<status status="PASS" start="2024-05-02T10:15:31.744406" elapsed="0.000364"/>
</kw>
<status status="PASS" start="2024-05-02T10:15:31.743484" elapsed="0.001633"/>
</kw>
<status status="PASS" start="2024-05-02T10:15:31.742964" elapsed="0.002341"/>
</test>
<test id="s1-s1-t2" name="Validar retorno 200 e JSON Válido" line="16">
<kw name="Teste de Requisicao Basica" owner="random-user-service">
<kw name="GET On Session" owner="RequestsLibrary">
<msg time="2024-05-02T10:15:31.825356" level="INFO">GET Request : url=https://randomuser.me/api 
 path_url=/api 
 headers={'User-Agent': 'python-requests/2.31.0', 'Accept-Encoding': 'gzip, deflate', 'Accept': '*/*', 'Connection': 'keep-alive'} 
 body=None 
 </msg>
<msg time="2024-05-02T10:15:31.825546" level="INFO">GET Response : url=https://randomuser.me/api 
 status=200, reason=OK 
 headers={'Date': 'Thu, 02 May 2024 10:15:31 GMT', 'Content-Type': 'application/json; charset=utf-8', 'Transfer-Encoding': 'chunked', 'Connection': 'keep-alive', 'X-Powered-By': 'Express', 'Access-Control-Allow-Origin': '*', 'Cache-Control': 'no-cache', 'ETag': 'W/"483-vU6EAGs6OG5GJN1lfuOXZtBfD/o"', 'Vary': 'Accept-Encoding', 'Content-Encoding': 'gzip', 'CF-Cache-Status': 'DYNAMIC', 'Report-To': '{"endpoints":[{"url":"https:\\/\\/a.nel.cloudflare.com\\/report\\/v4?s=HUYQGnd8KIHK8fPUw%2B1AtoMmEg%2FeThVrBjkjM7elYFMUOVGrCo5PPjfNK1Am278AVPyAkXMEvcuG%2BKQp9q5QDgmk2%2BQHblBsI%2FRxOBlNhj3YMXjxud7bEgFdDbErmPgB"}],"group":"cf-nel","max_age":604800}', 'NEL': '{"success_fraction":0,"report_to":"cf-nel","max_age":604800}', 'Server': 'cloudflare', 'CF-RAY': '87d74027acc728a4-IAD', 'alt-svc': 'h3=":443"; ma=86400'} 
 body={"results":[{"gender":"female","name":{"title":"Miss","first":"Marianne","last":"Odden"},"location":{"street":{"number":3965,"name":"Skøyensvingen"},"city":"Grimstad","state":"Troms - Romsa","country":"Norway","postcode":"6683","coordinates":{"latitude":"40.9385","longitude":"80.9069"},"timezone":{"offset":"-12:00","description":"Eniwetok, Kwajalein"}},"email":"marianne.odden@example.com","login":{"uuid":"a9406c3d-8aa2-4506-b3c9-d672a586b415","username":"purpleswan487","password":"shai","salt":"NNkvdyDp","md5":"885383a83b95c0d647bfc82afea70aa2","sha1":"b2bc7bc0b15d4e0ac0fee2dd4ac40ac077a87473","sha256":"70191dff7ba56dc74ad7ee5e9df0ddbbee42f09fe8924fb76bab97e9149ce37f"},"dob":{"date":"1971-10-10T07:55:46.666Z","age":52},"registered":{"date":"2005-07-16T14:47:39.040Z","age":18},"phone":"35472030","cell":"42557977","id":{"name":"FN","value":"10107123615"},"picture":{"large":"https://randomuser.me/api/portraits/women/65.jpg","medium":"https://randomuser.me/api/portraits/med/women/65.jpg","thumbnail":"https://randomuser.me/api/portraits/thumb/women/65.jpg"},"nat":"NO"}],"info":{"seed":"3816472f35c18080","results":1,"page":1,"version":"1.4"}} 
 </msg>
<msg time="2024-05-02T10:15:31.825673" level="INFO">/opt/hostedtoolcache/Python/3.12.3/x64/lib/python3.12/site-packages/urllib3/connectionpool.py:1103: InsecureRequestWarning: Unverified HTTPS request is being made to host 'randomuser.me'. Adding certificate verification is strongly advised. See: https://urllib3.readthedocs.io/en/latest/advanced-usage.html#tls-warnings
  warnings.warn(</msg>
<msg time="2024-05-02T10:15:31.825866" level="INFO">${response} = &lt;Response [200]&gt;</msg>
<var>${response}</var>
<arg>consultarAPI</arg>
<arg>/api</arg>
<doc>Sends a GET request on a previously created HTTP Session.</doc>
<status status="PASS" start="2024-05-02T10:15:31.747953" elapsed="0.077962"/>
</kw>
<kw name="Should Be Equal As Numbers" owner="BuiltIn">
<msg time="2024-05-02T10:15:31.827359" level="INFO">Argument types are:
&lt;class 'int'&gt;
&lt;class 'str'&gt;</msg>
<arg>${response.status_code}</arg>
<arg>200</arg>
<doc>Fails if objects are unequal after converting them to real numbers.</doc>
<status status="PASS" start="2024-05-02T10:15:31.826615" elapsed="0.000848"/>
</kw>
<kw name="Log" owner="BuiltIn">
<msg time="2024-05-02T10:15:31.828610" level="INFO">200</msg>
<arg>${response.status_code}</arg>
<doc>Logs the given message with the given level.</doc>
<status status="PASS" start="2024-05-02T10:15:31.827995" elapsed="0.000688"/>
</kw>
<kw name="Set Variable" owner="BuiltIn">
<msg time="2024-05-02T10:15:31.829917" level="INFO">${json_data} = {'results': [{'gender': 'female', 'name': {'title': 'Miss', 'first': 'Marianne', 'last': 'Odden'}, 'location': {'street': {'number': 3965, 'name': 'Skøyensvingen'}, 'city': 'Grimstad', 'state': 'Troms...</msg>
<var>${json_data}</var>
<arg>${response.json()}</arg>
<doc>Returns the given values which can then be assigned to a variables.</doc>
<status status="PASS" start="2024-05-02T10:15:31.829163" elapsed="0.000806"/>
</kw>
<kw name="Dictionary Should Contain Key" owner="Collections">
<msg time="2024-05-02T10:15:31.830725" level="INFO">False</msg>
<arg>${json_data}</arg>
<arg>results</arg>
<doc>Fails if ``key`` is not found from ``dictionary``.</doc>
<status status="PASS" start="2024-05-02T10:15:31.830447" elapsed="0.000371"/>
</kw>
<status status="PASS" start="2024-05-02T10:15:31.747708" elapsed="0.083524"/>
</kw>
<doc>Testa se a API responde corretamente e retorna um objeto JSON válido.</doc>
<tag>testeRequisicaoBasica</tag>
<status status="PASS" start="2024-05-02T10:15:31.747244" elapsed="0.084273"/>
</test>
<test id="s1-s1-t3" name="Validar estrutura de resposta" line="22">
<kw name="Teste de Estrutura de Resposta" owner="random-user-service">
<kw name="GET On Session" owner="RequestsLibrary">
<msg time="2024-05-02T10:15:31.921155" level="INFO">GET Request : url=https://randomuser.me/api 
 path_url=/api 
 headers={'User-Agent': 'python-requests/2.31.0', 'Accept-Encoding': 'gzip, deflate', 'Accept': '*/*', 'Connection': 'keep-alive'} 
 body=None 
 </msg>
<msg time="2024-05-02T10:15:31.921229" level="INFO">GET Response : url=https://randomuser.me/api 
 status=200, reason=OK 
 headers={'Date': 'Thu, 02 May 2024 10:15:31 GMT', 'Content-Type': 'application/json; charset=utf-8', 'Transfer-Encoding': 'chunked', 'Connection': 'keep-alive', 'X-Powered-By': 'Express', 'Access-Control-Allow-Origin': '*', 'Cache-Control': 'no-cache', 'ETag': 'W/"492-vuW85ghgq4Ixqu+Y09XQyIeMWz4"', 'Vary': 'Accept-Encoding', 'Content-Encoding': 'gzip', 'CF-Cache-Status': 'DYNAMIC', 'Report-To': '{"endpoints":[{"url":"https:\\/\\/a.nel.cloudflare.com\\/report\\/v4?s=UDHg7PZxqlsNmL5LH2N%2B48MaH%2BuZIT7Az10abKhpQcwLSfPmqMwqbmsGvtJVrvcT5NLx3TSTAS2Ei8iVD1lJc%2BFGEH5dl3jpUqJw3NjOXOyo3tdjEWlofeXQspJvT9da"}],"group":"cf-nel","max_age":604800}', 'NEL': '{"success_fraction":0,"report_to":"cf-nel","max_age":604800}', 'Server': 'cloudflare', 'CF-RAY': '87d74027fd1528a4-IAD', 'alt-svc': 'h3=":443"; ma=86400'} 
 body={"results":[{"gender":"male","name":{"title":"Mr","first":"Aaron","last":"Gamboa"},"location":{"street":{"number":5415,"name":"Calle Papua Nueva Guinea"},"city":"Los Aztecas","state":"Sinaloa","country":"Mexico","postcode":22548,"coordinates":{"latitude":"28.6529","longitude":"-169.8269"},"timezone":{"offset":"-1:00","description":"Azores, Cape Verde Islands"}},"email":"aaron.gamboa@example.com","login":{"uuid":"056837c2-8107-49b8-9041-e0bc5b7ea86b","username":"brownbird897","password":"1025","salt":"GedDJSHw","md5":"ce8ec7a3d8292ae93d0f11a4e64c4c4c","sha1":"1b371ee07b050b496c1e9538393c8611ada1be90","sha256":"525f1df43a30d5ca6a3d1145eb900ba91f95a9d2c8980fc5a9daa5e525d1b05f"},"dob":{"date":"1946-11-03T03:11:10.732Z","age":77},"registered":{"date":"2016-11-14T06:05:51.120Z","age":7},"phone":"(636) 496 5475","cell":"(692) 577 0465","id":{"name":"NSS","value":"12 63 63 1873 1"},"picture":{"large":"https://randomuser.me/api/portraits/men/76.jpg","medium":"https://randomuser.me/api/portraits/med/men/76.jpg","thumbnail":"https://randomuser.me/api/portraits/thumb/men/76.jpg"},"nat":"MX"}],"info":{"seed":"920ae9c0efa8ec83","results":1,"page":1,"version":"1.4"}} 
 </msg>
<msg time="2024-05-02T10:15:31.921332" level="INFO">/opt/hostedtoolcache/Python/3.12.3/x64/lib/python3.12/site-packages/urllib3/connectionpool.py:1103: InsecureRequestWarning: Unverified HTTPS request is being made to host 'randomuser.me'. Adding certificate verification is strongly advised. See: https://urllib3.readthedocs.io/en/latest/advanced-usage.html#tls-warnings
  warnings.warn(</msg>
<msg time="2024-05-02T10:15:31.921433" level="INFO">${response} = &lt;Response [200]&gt;</msg>
<var>${response}</var>
<arg>consultarAPI</arg>
<arg>/api</arg>
<doc>Sends a GET request on a previously created HTTP Session.</doc>
<status status="PASS" start="2024-05-02T10:15:31.836183" elapsed="0.085276"/>
</kw>
<kw name="Set Variable" owner="BuiltIn">
<msg time="2024-05-02T10:15:31.922374" level="INFO">${json_data} = {'results': [{'gender': 'male', 'name': {'title': 'Mr', 'first': 'Aaron', 'last': 'Gamboa'}, 'location': {'street': {'number': 5415, 'name': 'Calle Papua Nueva Guinea'}, 'city': 'Los Aztecas', 'state'...</msg>
<var>${json_data}</var>
<arg>${response.json()}</arg>
<doc>Returns the given values which can then be assigned to a variables.</doc>
<status status="PASS" start="2024-05-02T10:15:31.921890" elapsed="0.000512"/>
</kw>
<kw name="Log" owner="BuiltIn">
<msg time="2024-05-02T10:15:31.922913" level="INFO">{'results': [{'gender': 'male', 'name': {'title': 'Mr', 'first': 'Aaron', 'last': 'Gamboa'}, 'location': {'street': {'number': 5415, 'name': 'Calle Papua Nueva Guinea'}, 'city': 'Los Aztecas', 'state': 'Sinaloa', 'country': 'Mexico', 'postcode': 22548, 'coordinates': {'latitude': '28.6529', 'longitude': '-169.8269'}, 'timezone': {'offset': '-1:00', 'description': 'Azores, Cape Verde Islands'}}, 'email': 'aaron.gamboa@example.com', 'login': {'uuid': '056837c2-8107-49b8-9041-e0bc5b7ea86b', 'username': 'brownbird897', 'password': '1025', 'salt': 'GedDJSHw', 'md5': 'ce8ec7a3d8292ae93d0f11a4e64c4c4c', 'sha1': '1b371ee07b050b496c1e9538393c8611ada1be90', 'sha256': '525f1df43a30d5ca6a3d1145eb900ba91f95a9d2c8980fc5a9daa5e525d1b05f'}, 'dob': {'date': '1946-11-03T03:11:10.732Z', 'age': 77}, 'registered': {'date': '2016-11-14T06:05:51.120Z', 'age': 7}, 'phone': '(636) 496 5475', 'cell': '(692) 577 0465', 'id': {'name': 'NSS', 'value': '12 63 63 1873 1'}, 'picture': {'large': 'https://randomuser.me/api/portraits/men/76.jpg', 'medium': 'https://randomuser.me/api/portraits/med/men/76.jpg', 'thumbnail': 'https://randomuser.me/api/portraits/thumb/men/76.jpg'}, 'nat': 'MX'}], 'info': {'seed': '920ae9c0efa8ec83', 'results': 1, 'page': 1, 'version': '1.4'}}</msg>
<arg>${json_data}</arg>
<doc>Logs the given message with the given level.</doc>
<status status="PASS" start="2024-05-02T10:15:31.922715" elapsed="0.000250"/>
</kw>
<kw name="Dictionary Should Contain Key" owner="Collections">
<msg time="2024-05-02T10:15:31.923436" level="INFO">False</msg>
<arg>${json_data}</arg>
<arg>results</arg>
<doc>Fails if ``key`` is not found from ``dictionary``.</doc>
<status status="PASS" start="2024-05-02T10:15:31.923275" elapsed="0.000200"/>
</kw>
<kw name="Should Not Be Empty" owner="BuiltIn">
<msg time="2024-05-02T10:15:31.923912" level="INFO">Length is 2.</msg>
<arg>${json_data}</arg>
<doc>Verifies that the given item is not empty.</doc>
<status status="PASS" start="2024-05-02T10:15:31.923773" elapsed="0.000320"/>
</kw>
<kw name="Create List" owner="BuiltIn">
<msg time="2024-05-02T10:15:31.924548" level="INFO">${expected_keys} = ['gender', 'name', 'location', 'email', 'login']</msg>
<var>${expected_keys}</var>
<arg>gender</arg>
<arg>name</arg>
<arg>location</arg>
<arg>email</arg>
<arg>login</arg>
<doc>Returns a list containing given items.</doc>
<status status="PASS" start="2024-05-02T10:15:31.924394" elapsed="0.000179"/>
</kw>
<for flavor="IN">
<iter>
<kw name="Dictionary Should Contain Key" owner="Collections">
<msg time="2024-05-02T10:15:31.925555" level="INFO">False</msg>
<arg>${json_data['results'][0]}</arg>
<arg>${key}</arg>
<doc>Fails if ``key`` is not found from ``dictionary``.</doc>
<status status="PASS" start="2024-05-02T10:15:31.925146" elapsed="0.000447"/>
</kw>
<kw name="Log" owner="BuiltIn">
<msg time="2024-05-02T10:15:31.926253" level="INFO">{'gender': 'male', 'name': {'title': 'Mr', 'first': 'Aaron', 'last': 'Gamboa'}, 'location': {'street': {'number': 5415, 'name': 'Calle Papua Nueva Guinea'}, 'city': 'Los Aztecas', 'state': 'Sinaloa', 'country': 'Mexico', 'postcode': 22548, 'coordinates': {'latitude': '28.6529', 'longitude': '-169.8269'}, 'timezone': {'offset': '-1:00', 'description': 'Azores, Cape Verde Islands'}}, 'email': 'aaron.gamboa@example.com', 'login': {'uuid': '056837c2-8107-49b8-9041-e0bc5b7ea86b', 'username': 'brownbird897', 'password': '1025', 'salt': 'GedDJSHw', 'md5': 'ce8ec7a3d8292ae93d0f11a4e64c4c4c', 'sha1': '1b371ee07b050b496c1e9538393c8611ada1be90', 'sha256': '525f1df43a30d5ca6a3d1145eb900ba91f95a9d2c8980fc5a9daa5e525d1b05f'}, 'dob': {'date': '1946-11-03T03:11:10.732Z', 'age': 77}, 'registered': {'date': '2016-11-14T06:05:51.120Z', 'age': 7}, 'phone': '(636) 496 5475', 'cell': '(692) 577 0465', 'id': {'name': 'NSS', 'value': '12 63 63 1873 1'}, 'picture': {'large': 'https://randomuser.me/api/portraits/men/76.jpg', 'medium': 'https://randomuser.me/api/portraits/med/men/76.jpg', 'thumbnail': 'https://randomuser.me/api/portraits/thumb/men/76.jpg'}, 'nat': 'MX'}</msg>
<arg>${json_data['results'][0]}</arg>
<doc>Logs the given message with the given level.</doc>
<status status="PASS" start="2024-05-02T10:15:31.925890" elapsed="0.000410"/>
</kw>
<kw name="Log" owner="BuiltIn">
<msg time="2024-05-02T10:15:31.926722" level="INFO">gender</msg>
<arg>${key}</arg>
<doc>Logs the given message with the given level.</doc>
<status status="PASS" start="2024-05-02T10:15:31.926596" elapsed="0.000163"/>
</kw>
<var name="${key}">gender</var>
<status status="PASS" start="2024-05-02T10:15:31.925018" elapsed="0.001992"/>
</iter>
<iter>
<kw name="Dictionary Should Contain Key" owner="Collections">
<msg time="2024-05-02T10:15:31.927706" level="INFO">False</msg>
<arg>${json_data['results'][0]}</arg>
<arg>${key}</arg>
<doc>Fails if ``key`` is not found from ``dictionary``.</doc>
<status status="PASS" start="2024-05-02T10:15:31.927319" elapsed="0.000424"/>
</kw>
<kw name="Log" owner="BuiltIn">
<msg time="2024-05-02T10:15:31.928427" level="INFO">{'gender': 'male', 'name': {'title': 'Mr', 'first': 'Aaron', 'last': 'Gamboa'}, 'location': {'street': {'number': 5415, 'name': 'Calle Papua Nueva Guinea'}, 'city': 'Los Aztecas', 'state': 'Sinaloa', 'country': 'Mexico', 'postcode': 22548, 'coordinates': {'latitude': '28.6529', 'longitude': '-169.8269'}, 'timezone': {'offset': '-1:00', 'description': 'Azores, Cape Verde Islands'}}, 'email': 'aaron.gamboa@example.com', 'login': {'uuid': '056837c2-8107-49b8-9041-e0bc5b7ea86b', 'username': 'brownbird897', 'password': '1025', 'salt': 'GedDJSHw', 'md5': 'ce8ec7a3d8292ae93d0f11a4e64c4c4c', 'sha1': '1b371ee07b050b496c1e9538393c8611ada1be90', 'sha256': '525f1df43a30d5ca6a3d1145eb900ba91f95a9d2c8980fc5a9daa5e525d1b05f'}, 'dob': {'date': '1946-11-03T03:11:10.732Z', 'age': 77}, 'registered': {'date': '2016-11-14T06:05:51.120Z', 'age': 7}, 'phone': '(636) 496 5475', 'cell': '(692) 577 0465', 'id': {'name': 'NSS', 'value': '12 63 63 1873 1'}, 'picture': {'large': 'https://randomuser.me/api/portraits/men/76.jpg', 'medium': 'https://randomuser.me/api/portraits/med/men/76.jpg', 'thumbnail': 'https://randomuser.me/api/portraits/thumb/men/76.jpg'}, 'nat': 'MX'}</msg>
<arg>${json_data['results'][0]}</arg>
<doc>Logs the given message with the given level.</doc>
<status status="PASS" start="2024-05-02T10:15:31.928066" elapsed="0.000408"/>
</kw>
<kw name="Log" owner="BuiltIn">
<msg time="2024-05-02T10:15:31.928895" level="INFO">name</msg>
<arg>${key}</arg>
<doc>Logs the given message with the given level.</doc>
<status status="PASS" start="2024-05-02T10:15:31.928769" elapsed="0.000164"/>
</kw>
<var name="${key}">name</var>
<status status="PASS" start="2024-05-02T10:15:31.927201" elapsed="0.001959"/>
</iter>
<iter>
<kw name="Dictionary Should Contain Key" owner="Collections">
<msg time="2024-05-02T10:15:31.929840" level="INFO">False</msg>
<arg>${json_data['results'][0]}</arg>
<arg>${key}</arg>
<doc>Fails if ``key`` is not found from ``dictionary``.</doc>
<status status="PASS" start="2024-05-02T10:15:31.929456" elapsed="0.000420"/>
</kw>
<kw name="Log" owner="BuiltIn">
<msg time="2024-05-02T10:15:31.930526" level="INFO">{'gender': 'male', 'name': {'title': 'Mr', 'first': 'Aaron', 'last': 'Gamboa'}, 'location': {'street': {'number': 5415, 'name': 'Calle Papua Nueva Guinea'}, 'city': 'Los Aztecas', 'state': 'Sinaloa', 'country': 'Mexico', 'postcode': 22548, 'coordinates': {'latitude': '28.6529', 'longitude': '-169.8269'}, 'timezone': {'offset': '-1:00', 'description': 'Azores, Cape Verde Islands'}}, 'email': 'aaron.gamboa@example.com', 'login': {'uuid': '056837c2-8107-49b8-9041-e0bc5b7ea86b', 'username': 'brownbird897', 'password': '1025', 'salt': 'GedDJSHw', 'md5': 'ce8ec7a3d8292ae93d0f11a4e64c4c4c', 'sha1': '1b371ee07b050b496c1e9538393c8611ada1be90', 'sha256': '525f1df43a30d5ca6a3d1145eb900ba91f95a9d2c8980fc5a9daa5e525d1b05f'}, 'dob': {'date': '1946-11-03T03:11:10.732Z', 'age': 77}, 'registered': {'date': '2016-11-14T06:05:51.120Z', 'age': 7}, 'phone': '(636) 496 5475', 'cell': '(692) 577 0465', 'id': {'name': 'NSS', 'value': '12 63 63 1873 1'}, 'picture': {'large': 'https://randomuser.me/api/portraits/men/76.jpg', 'medium': 'https://randomuser.me/api/portraits/med/men/76.jpg', 'thumbnail': 'https://randomuser.me/api/portraits/thumb/men/76.jpg'}, 'nat': 'MX'}</msg>
<arg>${json_data['results'][0]}</arg>
<doc>Logs the given message with the given level.</doc>
<status status="PASS" start="2024-05-02T10:15:31.930172" elapsed="0.000400"/>
</kw>
<kw name="Log" owner="BuiltIn">
<msg time="2024-05-02T10:15:31.931019" level="INFO">location</msg>
<arg>${key}</arg>
<doc>Logs the given message with the given level.</doc>
<status status="PASS" start="2024-05-02T10:15:31.930894" elapsed="0.000162"/>
</kw>
<var name="${key}">location</var>
<status status="PASS" start="2024-05-02T10:15:31.929338" elapsed="0.001928"/>
</iter>
<iter>
<kw name="Dictionary Should Contain Key" owner="Collections">
<msg time="2024-05-02T10:15:31.931937" level="INFO">False</msg>
<arg>${json_data['results'][0]}</arg>
<arg>${key}</arg>
<doc>Fails if ``key`` is not found from ``dictionary``.</doc>
<status status="PASS" start="2024-05-02T10:15:31.931551" elapsed="0.000423"/>
</kw>
<kw name="Log" owner="BuiltIn">
<msg time="2024-05-02T10:15:31.932626" level="INFO">{'gender': 'male', 'name': {'title': 'Mr', 'first': 'Aaron', 'last': 'Gamboa'}, 'location': {'street': {'number': 5415, 'name': 'Calle Papua Nueva Guinea'}, 'city': 'Los Aztecas', 'state': 'Sinaloa', 'country': 'Mexico', 'postcode': 22548, 'coordinates': {'latitude': '28.6529', 'longitude': '-169.8269'}, 'timezone': {'offset': '-1:00', 'description': 'Azores, Cape Verde Islands'}}, 'email': 'aaron.gamboa@example.com', 'login': {'uuid': '056837c2-8107-49b8-9041-e0bc5b7ea86b', 'username': 'brownbird897', 'password': '1025', 'salt': 'GedDJSHw', 'md5': 'ce8ec7a3d8292ae93d0f11a4e64c4c4c', 'sha1': '1b371ee07b050b496c1e9538393c8611ada1be90', 'sha256': '525f1df43a30d5ca6a3d1145eb900ba91f95a9d2c8980fc5a9daa5e525d1b05f'}, 'dob': {'date': '1946-11-03T03:11:10.732Z', 'age': 77}, 'registered': {'date': '2016-11-14T06:05:51.120Z', 'age': 7}, 'phone': '(636) 496 5475', 'cell': '(692) 577 0465', 'id': {'name': 'NSS', 'value': '12 63 63 1873 1'}, 'picture': {'large': 'https://randomuser.me/api/portraits/men/76.jpg', 'medium': 'https://randomuser.me/api/portraits/med/men/76.jpg', 'thumbnail': 'https://randomuser.me/api/portraits/thumb/men/76.jpg'}, 'nat': 'MX'}</msg>
<arg>${json_data['results'][0]}</arg>
<doc>Logs the given message with the given level.</doc>
<status status="PASS" start="2024-05-02T10:15:31.932268" elapsed="0.000405"/>
</kw>
<kw name="Log" owner="BuiltIn">
<msg time="2024-05-02T10:15:31.933083" level="INFO">email</msg>
<arg>${key}</arg>
<doc>Logs the given message with the given level.</doc>
<status status="PASS" start="2024-05-02T10:15:31.932961" elapsed="0.000158"/>
</kw>
<var name="${key}">email</var>
<status status="PASS" start="2024-05-02T10:15:31.931439" elapsed="0.001891"/>
</iter>
<iter>
<kw name="Dictionary Should Contain Key" owner="Collections">
<msg time="2024-05-02T10:15:31.933993" level="INFO">False</msg>
<arg>${json_data['results'][0]}</arg>
<arg>${key}</arg>
<doc>Fails if ``key`` is not found from ``dictionary``.</doc>
<status status="PASS" start="2024-05-02T10:15:31.933613" elapsed="0.000417"/>
</kw>
<kw name="Log" owner="BuiltIn">
<msg time="2024-05-02T10:15:31.934712" level="INFO">{'gender': 'male', 'name': {'title': 'Mr', 'first': 'Aaron', 'last': 'Gamboa'}, 'location': {'street': {'number': 5415, 'name': 'Calle Papua Nueva Guinea'}, 'city': 'Los Aztecas', 'state': 'Sinaloa', 'country': 'Mexico', 'postcode': 22548, 'coordinates': {'latitude': '28.6529', 'longitude': '-169.8269'}, 'timezone': {'offset': '-1:00', 'description': 'Azores, Cape Verde Islands'}}, 'email': 'aaron.gamboa@example.com', 'login': {'uuid': '056837c2-8107-49b8-9041-e0bc5b7ea86b', 'username': 'brownbird897', 'password': '1025', 'salt': 'GedDJSHw', 'md5': 'ce8ec7a3d8292ae93d0f11a4e64c4c4c', 'sha1': '1b371ee07b050b496c1e9538393c8611ada1be90', 'sha256': '525f1df43a30d5ca6a3d1145eb900ba91f95a9d2c8980fc5a9daa5e525d1b05f'}, 'dob': {'date': '1946-11-03T03:11:10.732Z', 'age': 77}, 'registered': {'date': '2016-11-14T06:05:51.120Z', 'age': 7}, 'phone': '(636) 496 5475', 'cell': '(692) 577 0465', 'id': {'name': 'NSS', 'value': '12 63 63 1873 1'}, 'picture': {'large': 'https://randomuser.me/api/portraits/men/76.jpg', 'medium': 'https://randomuser.me/api/portraits/med/men/76.jpg', 'thumbnail': 'https://randomuser.me/api/portraits/thumb/men/76.jpg'}, 'nat': 'MX'}</msg>
<arg>${json_data['results'][0]}</arg>
<doc>Logs the given message with the given level.</doc>
<status status="PASS" start="2024-05-02T10:15:31.934342" elapsed="0.000417"/>
</kw>
<kw name="Log" owner="BuiltIn">
<msg time="2024-05-02T10:15:31.935206" level="INFO">login</msg>
<arg>${key}</arg>
<doc>Logs the given message with the given level.</doc>
<status status="PASS" start="2024-05-02T10:15:31.935083" elapsed="0.000159"/>
</kw>
<var name="${key}">login</var>
<status status="PASS" start="2024-05-02T10:15:31.933502" elapsed="0.001980"/>
</iter>
<var>${key}</var>
<value>@{expected_keys}</value>
<status status="PASS" start="2024-05-02T10:15:31.924829" elapsed="0.010779"/>
</for>
<kw name="Create List" owner="BuiltIn">
<msg time="2024-05-02T10:15:31.935933" level="INFO">${expected_keysTwo} = ['username', 'password']</msg>
<var>${expected_keysTwo}</var>
<arg>username</arg>
<arg>password</arg>
<doc>Returns a list containing given items.</doc>
<status status="PASS" start="2024-05-02T10:15:31.935800" elapsed="0.000156"/>
</kw>
<for flavor="IN">
<iter>
<kw name="Dictionary Should Contain Key" owner="Collections">
<msg time="2024-05-02T10:15:31.936833" level="INFO">False</msg>
<arg>${json_data['results'][0]['login']}</arg>
<arg>${keyTwo}</arg>
<doc>Fails if ``key`` is not found from ``dictionary``.</doc>
<status status="PASS" start="2024-05-02T10:15:31.936452" elapsed="0.000417"/>
</kw>
<kw name="Dictionary Should Contain Key" owner="Collections">
<msg time="2024-05-02T10:15:31.937534" level="INFO">False</msg>
<arg>${json_data['results'][0]['login']}</arg>
<arg>${keyTwo}</arg>
<doc>Fails if ``key`` is not found from ``dictionary``.</doc>
<status status="PASS" start="2024-05-02T10:15:31.937159" elapsed="0.000411"/>
</kw>
<kw name="Log" owner="BuiltIn">
<msg time="2024-05-02T10:15:31.937981" level="INFO">username</msg>
<arg>${keyTwo}</arg>
<doc>Logs the given message with the given level.</doc>
<status status="PASS" start="2024-05-02T10:15:31.937857" elapsed="0.000165"/>
</kw>
<var name="${keyTwo}">username</var>
<status status="PASS" start="2024-05-02T10:15:31.936342" elapsed="0.001894"/>
</iter>
<iter>
<kw name="Dictionary Should Contain Key" owner="Collections">
<msg time="2024-05-02T10:15:31.939019" level="INFO">False</msg>
<arg>${json_data['results'][0]['login']}</arg>
<arg>${keyTwo}</arg>
<doc>Fails if ``key`` is not found from ``dictionary``.</doc>
<status status="PASS" start="2024-05-02T10:15:31.938528" elapsed="0.000532"/>
</kw>
<kw name="Dictionary Should Contain Key" owner="Collections">
<msg time="2024-05-02T10:15:31.939740" level="INFO">False</msg>
<arg>${json_data['results'][0]['login']}</arg>
<arg>${keyTwo}</arg>
<doc>Fails if ``key`` is not found from ``dictionary``.</doc>
<status status="PASS" start="2024-05-02T10:15:31.939357" elapsed="0.000420"/>
</kw>
<kw name="Log" owner="BuiltIn">
<msg time="2024-05-02T10:15:31.940193" level="INFO">password</msg>
<arg>${keyTwo}</arg>
<doc>Logs the given message with the given level.</doc>
<status status="PASS" start="2024-05-02T10:15:31.940067" elapsed="0.000163"/>
</kw>
<var name="${keyTwo}">password</var>
<status status="PASS" start="2024-05-02T10:15:31.938414" elapsed="0.002025"/>
</iter>
<var>${keyTwo}</var>
<value>@{expected_keysTwo}</value>
<status status="PASS" start="2024-05-02T10:15:31.936190" elapsed="0.004365"/>
</for>
<status status="PASS" start="2024-05-02T10:15:31.835806" elapsed="0.104888"/>
</kw>
<doc>Testa a estrutura da resposta da API.</doc>
<tag>testeEstruturaResposta</tag>
<status status="PASS" start="2024-05-02T10:15:31.834974" elapsed="0.105871"/>
</test>
<test id="s1-s1-t4" name="Validar tipos de dados" line="28">
<kw name="Teste de Tipos de Dados" owner="random-user-service">
<kw name="GET On Session" owner="RequestsLibrary">
<msg time="2024-05-02T10:15:32.029358" level="INFO">GET Request : url=https://randomuser.me/api 
 path_url=/api 
 headers={'User-Agent': 'python-requests/2.31.0', 'Accept-Encoding': 'gzip, deflate', 'Accept': '*/*', 'Connection': 'keep-alive'} 
 body=None 
 </msg>
<msg time="2024-05-02T10:15:32.029501" level="INFO">GET Response : url=https://randomuser.me/api 
 status=200, reason=OK 
 headers={'Date': 'Thu, 02 May 2024 10:15:32 GMT', 'Content-Type': 'application/json; charset=utf-8', 'Transfer-Encoding': 'chunked', 'Connection': 'keep-alive', 'X-Powered-By': 'Express', 'Access-Control-Allow-Origin': '*', 'Cache-Control': 'no-cache', 'ETag': 'W/"465-xQAFPVATZPk38FtF5/9eUVKO8Gc"', 'Vary': 'Accept-Encoding', 'Content-Encoding': 'gzip', 'CF-Cache-Status': 'DYNAMIC', 'Report-To': '{"endpoints":[{"url":"https:\\/\\/a.nel.cloudflare.com\\/report\\/v4?s=m6XZRqwM%2BnT%2F40PqUQhQVV03xB5kWXsC1ZBgXmMW9SWhYverQEIcwj7g0OpjLjAg5E%2BzsJGNb%2BJ6bkdG93%2FEkPtG2axXW0S8Ir9Nw7zSUI4cNalt70jHSDIqJJVK1I4X"}],"group":"cf-nel","max_age":604800}', 'NEL': '{"success_fraction":0,"report_to":"cf-nel","max_age":604800}', 'Server': 'cloudflare', 'CF-RAY': '87d74028adbb28a4-IAD', 'alt-svc': 'h3=":443"; ma=86400'} 
 body={"results":[{"gender":"male","name":{"title":"Mr","first":"Macit","last":"Özbey"},"location":{"street":{"number":7538,"name":"Istiklal Cd"},"city":"Iğdır","state":"Bartın","country":"Turkey","postcode":93455,"coordinates":{"latitude":"70.3304","longitude":"-124.6454"},"timezone":{"offset":"+5:45","description":"Kathmandu"}},"email":"macit.ozbey@example.com","login":{"uuid":"afcc7fee-fa82-4d98-949e-2784d7a36459","username":"organicwolf267","password":"counter","salt":"9NGjYJHd","md5":"f7066cae24b11ac80c6c92a28b28a90c","sha1":"e053421116c4129e5c9799d96893c8f11aa84a69","sha256":"99f87b72551a78d35f9f88c5f908ae1d9dd8d0eb1d74b4b0fb5ce5535f436a62"},"dob":{"date":"1970-08-05T09:42:12.244Z","age":53},"registered":{"date":"2012-08-31T09:59:01.917Z","age":11},"phone":"(846)-142-3513","cell":"(176)-011-8121","id":{"name":"","value":null},"picture":{"large":"https://randomuser.me/api/portraits/men/29.jpg","medium":"https://randomuser.me/api/portraits/med/men/29.jpg","thumbnail":"https://randomuser.me/api/portraits/thumb/men/29.jpg"},"nat":"TR"}],"info":{"seed":"05bc9eee967bc89b","results":1,"page":1,"version":"1.4"}} 
 </msg>
<msg time="2024-05-02T10:15:32.029617" level="INFO">/opt/hostedtoolcache/Python/3.12.3/x64/lib/python3.12/site-packages/urllib3/connectionpool.py:1103: InsecureRequestWarning: Unverified HTTPS request is being made to host 'randomuser.me'. Adding certificate verification is strongly advised. See: https://urllib3.readthedocs.io/en/latest/advanced-usage.html#tls-warnings
  warnings.warn(</msg>
<msg time="2024-05-02T10:15:32.029789" level="INFO">${response} = &lt;Response [200]&gt;</msg>
<var>${response}</var>
<arg>consultarAPI</arg>
<arg>/api</arg>
<doc>Sends a GET request on a previously created HTTP Session.</doc>
<status status="PASS" start="2024-05-02T10:15:31.943396" elapsed="0.086440"/>
</kw>
<kw name="Set Variable" owner="BuiltIn">
<msg time="2024-05-02T10:15:32.031488" level="INFO">${json_data} = {'results': [{'gender': 'male', 'name': {'title': 'Mr', 'first': 'Macit', 'last': 'Özbey'}, 'location': {'street': {'number': 7538, 'name': 'Istiklal Cd'}, 'city': 'Iğdır', 'state': 'Bartın', 'country...</msg>
<var>${json_data}</var>
<arg>${response.json()}</arg>
<doc>Returns the given values which can then be assigned to a variables.</doc>
<status status="PASS" start="2024-05-02T10:15:32.030590" elapsed="0.000950"/>
</kw>
<kw name="Log" owner="BuiltIn">
<msg time="2024-05-02T10:15:32.032338" level="INFO">{'results': [{'gender': 'male', 'name': {'title': 'Mr', 'first': 'Macit', 'last': 'Özbey'}, 'location': {'street': {'number': 7538, 'name': 'Istiklal Cd'}, 'city': 'Iğdır', 'state': 'Bartın', 'country': 'Turkey', 'postcode': 93455, 'coordinates': {'latitude': '70.3304', 'longitude': '-124.6454'}, 'timezone': {'offset': '+5:45', 'description': 'Kathmandu'}}, 'email': 'macit.ozbey@example.com', 'login': {'uuid': 'afcc7fee-fa82-4d98-949e-2784d7a36459', 'username': 'organicwolf267', 'password': 'counter', 'salt': '9NGjYJHd', 'md5': 'f7066cae24b11ac80c6c92a28b28a90c', 'sha1': 'e053421116c4129e5c9799d96893c8f11aa84a69', 'sha256': '99f87b72551a78d35f9f88c5f908ae1d9dd8d0eb1d74b4b0fb5ce5535f436a62'}, 'dob': {'date': '1970-08-05T09:42:12.244Z', 'age': 53}, 'registered': {'date': '2012-08-31T09:59:01.917Z', 'age': 11}, 'phone': '(846)-142-3513', 'cell': '(176)-011-8121', 'id': {'name': '', 'value': None}, 'picture': {'large': 'https://randomuser.me/api/portraits/men/29.jpg', 'medium': 'https://randomuser.me/api/portraits/med/men/29.jpg', 'thumbnail': 'https://randomuser.me/api/portraits/thumb/men/29.jpg'}, 'nat': 'TR'}], 'info': {'seed': '05bc9eee967bc89b', 'results': 1, 'page': 1, 'version': '1.4'}}</msg>
<arg>${json_data}</arg>
<doc>Logs the given message with the given level.</doc>
<status status="PASS" start="2024-05-02T10:15:32.032071" elapsed="0.000409"/>
</kw>
<kw name="Should Be String" owner="String">
<arg>${json_data['results'][0]['gender']}</arg>
<doc>Fails if the given ``item`` is not a string.</doc>
<status status="PASS" start="2024-05-02T10:15:32.033002" elapsed="0.000443"/>
</kw>
<kw name="Should Match Regexp" owner="BuiltIn">
<arg>${json_data['results'][0]['email']}</arg>
<arg>^[a-zA-Z0-9._%+-]+@[a-zA-Z0-9.-]+\.[a-zA-Z]{2,}$</arg>
<doc>Fails if ``string`` does not match ``pattern`` as a regular expression.</doc>
<status status="PASS" start="2024-05-02T10:15:32.033658" elapsed="0.000548"/>
</kw>
<kw name="Should Match Regexp" owner="BuiltIn">
<arg>${json_data['results'][0]['dob']['date']}</arg>
<arg>\\d{4}-\\d{2}-\\d{2}T\\d{2}:\\d{2}:\\d{2}\\.\\d{3}Z</arg>
<doc>Fails if ``string`` does not match ``pattern`` as a regular expression.</doc>
<status status="PASS" start="2024-05-02T10:15:32.034412" elapsed="0.000540"/>
</kw>
<kw name="Should Match Regexp" owner="BuiltIn">
<arg>${json_data['results'][0]['registered']['date']}</arg>
<arg>\\d{4}-\\d{2}-\\d{2}T\\d{2}:\\d{2}:\\d{2}\\.\\d{3}Z</arg>
<doc>Fails if ``string`` does not match ``pattern`` as a regular expression.</doc>
<status status="PASS" start="2024-05-02T10:15:32.035153" elapsed="0.000382"/>
</kw>
<kw name="Should Match Regexp" owner="BuiltIn">
<arg>${json_data['results'][0]['picture']['large']}</arg>
<arg>^https?://.*\.(?:png|jpe?g|gif|bmp)$</arg>
<doc>Fails if ``string`` does not match ``pattern`` as a regular expression.</doc>
<status status="PASS" start="2024-05-02T10:15:32.035731" elapsed="0.000468"/>
</kw>
<kw name="Should Match Regexp" owner="BuiltIn">
<arg>${json_data['results'][0]['picture']['medium']}</arg>
<arg>^https?://.*\.(?:png|jpe?g|gif|bmp)$</arg>
<doc>Fails if ``string`` does not match ``pattern`` as a regular expression.</doc>
<status status="PASS" start="2024-05-02T10:15:32.036387" elapsed="0.000359"/>
</kw>
<kw name="Should Match Regexp" owner="BuiltIn">
<arg>${json_data['results'][0]['picture']['thumbnail']}</arg>
<arg>^https?://.*\.(?:png|jpe?g|gif|bmp)$</arg>
<doc>Fails if ``string`` does not match ``pattern`` as a regular expression.</doc>
<status status="PASS" start="2024-05-02T10:15:32.036935" elapsed="0.000347"/>
</kw>
<kw name="Log" owner="BuiltIn">
<msg time="2024-05-02T10:15:32.037787" level="INFO">{'large': 'https://randomuser.me/api/portraits/men/29.jpg', 'medium': 'https://randomuser.me/api/portraits/med/men/29.jpg', 'thumbnail': 'https://randomuser.me/api/portraits/thumb/men/29.jpg'}</msg>
<arg>${json_data['results'][0]['picture']}</arg>
<doc>Logs the given message with the given level.</doc>
<status status="PASS" start="2024-05-02T10:15:32.037461" elapsed="0.000366"/>
</kw>
<status status="PASS" start="2024-05-02T10:15:31.943167" elapsed="0.094927"/>
</kw>
<kw name="Teste de Tipos de Dados - Postcode" owner="random-user-service">
<kw name="GET On Session" owner="RequestsLibrary">
<msg time="2024-05-02T10:15:32.115292" level="INFO">GET Request : url=https://randomuser.me/api 
 path_url=/api 
 headers={'User-Agent': 'python-requests/2.31.0', 'Accept-Encoding': 'gzip, deflate', 'Accept': '*/*', 'Connection': 'keep-alive'} 
 body=None 
 </msg>
<msg time="2024-05-02T10:15:32.115403" level="INFO">GET Response : url=https://randomuser.me/api 
 status=200, reason=OK 
 headers={'Date': 'Thu, 02 May 2024 10:15:32 GMT', 'Content-Type': 'application/json; charset=utf-8', 'Transfer-Encoding': 'chunked', 'Connection': 'keep-alive', 'X-Powered-By': 'Express', 'Access-Control-Allow-Origin': '*', 'Cache-Control': 'no-cache', 'ETag': 'W/"4aa-3xFYIFmYjCc0faXh8xsjmvVo1OU"', 'Vary': 'Accept-Encoding', 'Content-Encoding': 'gzip', 'CF-Cache-Status': 'DYNAMIC', 'Report-To': '{"endpoints":[{"url":"https:\\/\\/a.nel.cloudflare.com\\/report\\/v4?s=hc%2FF5oHdJiroJslKDT08lpF%2BMbE0ayqF4sXZ46NyTNzAUBEoK%2BWycxYTqkrbLdGT7dEslXMS5MFm8PcZZTRboG7Z7SAYOQKGz17ZYOlG2sxEK18ImID4I%2B12g3E%2FjcMk"}],"group":"cf-nel","max_age":604800}', 'NEL': '{"success_fraction":0,"report_to":"cf-nel","max_age":604800}', 'Server': 'cloudflare', 'CF-RAY': '87d740294e4228a4-IAD', 'alt-svc': 'h3=":443"; ma=86400'} 
 body={"results":[{"gender":"female","name":{"title":"Miss","first":"Ellen","last":"Edwards"},"location":{"street":{"number":7141,"name":"Hickory Creek Dr"},"city":"Coffs Harbour","state":"Queensland","country":"Australia","postcode":4839,"coordinates":{"latitude":"-87.3389","longitude":"132.3259"},"timezone":{"offset":"+11:00","description":"Magadan, Solomon Islands, New Caledonia"}},"email":"ellen.edwards@example.com","login":{"uuid":"434fb547-ec47-4127-99fc-13427f36b20a","username":"silverbutterfly307","password":"zaphod","salt":"VsDhiEJJ","md5":"1cbc0c57111cadbe12c8446c303f9b03","sha1":"bdd7083644bdbbb0e5b3502dfa48150302f10e11","sha256":"b7d7488f1c7a02b67e07485d7a04caaffb36ee465ab93544c580b2dc4d810426"},"dob":{"date":"1960-11-21T12:35:32.894Z","age":63},"registered":{"date":"2004-11-17T17:43:33.301Z","age":19},"phone":"09-2461-0645","cell":"0429-102-910","id":{"name":"TFN","value":"066627128"},"picture":{"large":"https://randomuser.me/api/portraits/women/46.jpg","medium":"https://randomuser.me/api/portraits/med/women/46.jpg","thumbnail":"https://randomuser.me/api/portraits/thumb/women/46.jpg"},"nat":"AU"}],"info":{"seed":"071c5e9172f6cc24","results":1,"page":1,"version":"1.4"}} 
 </msg>
<msg time="2024-05-02T10:15:32.115478" level="INFO">/opt/hostedtoolcache/Python/3.12.3/x64/lib/python3.12/site-packages/urllib3/connectionpool.py:1103: InsecureRequestWarning: Unverified HTTPS request is being made to host 'randomuser.me'. Adding certificate verification is strongly advised. See: https://urllib3.readthedocs.io/en/latest/advanced-usage.html#tls-warnings
  warnings.warn(</msg>
<msg time="2024-05-02T10:15:32.115600" level="INFO">${response} = &lt;Response [200]&gt;</msg>
<var>${response}</var>
<arg>consultarAPI</arg>
<arg>/api</arg>
<doc>Sends a GET request on a previously created HTTP Session.</doc>
<status status="PASS" start="2024-05-02T10:15:32.038569" elapsed="0.077072"/>
</kw>
<kw name="Set Variable" owner="BuiltIn">
<msg time="2024-05-02T10:15:32.116712" level="INFO">${json_data} = {'results': [{'gender': 'female', 'name': {'title': 'Miss', 'first': 'Ellen', 'last': 'Edwards'}, 'location': {'street': {'number': 7141, 'name': 'Hickory Creek Dr'}, 'city': 'Coffs Harbour', 'state':...</msg>
<var>${json_data}</var>
<arg>${response.json()}</arg>
<doc>Returns the given values which can then be assigned to a variables.</doc>
<status status="PASS" start="2024-05-02T10:15:32.116167" elapsed="0.000573"/>
</kw>
<kw name="Log" owner="BuiltIn">
<msg time="2024-05-02T10:15:32.117252" level="INFO">{'results': [{'gender': 'female', 'name': {'title': 'Miss', 'first': 'Ellen', 'last': 'Edwards'}, 'location': {'street': {'number': 7141, 'name': 'Hickory Creek Dr'}, 'city': 'Coffs Harbour', 'state': 'Queensland', 'country': 'Australia', 'postcode': 4839, 'coordinates': {'latitude': '-87.3389', 'longitude': '132.3259'}, 'timezone': {'offset': '+11:00', 'description': 'Magadan, Solomon Islands, New Caledonia'}}, 'email': 'ellen.edwards@example.com', 'login': {'uuid': '434fb547-ec47-4127-99fc-13427f36b20a', 'username': 'silverbutterfly307', 'password': 'zaphod', 'salt': 'VsDhiEJJ', 'md5': '1cbc0c57111cadbe12c8446c303f9b03', 'sha1': 'bdd7083644bdbbb0e5b3502dfa48150302f10e11', 'sha256': 'b7d7488f1c7a02b67e07485d7a04caaffb36ee465ab93544c580b2dc4d810426'}, 'dob': {'date': '1960-11-21T12:35:32.894Z', 'age': 63}, 'registered': {'date': '2004-11-17T17:43:33.301Z', 'age': 19}, 'phone': '09-2461-0645', 'cell': '0429-102-910', 'id': {'name': 'TFN', 'value': '066627128'}, 'picture': {'large': 'https://randomuser.me/api/portraits/women/46.jpg', 'medium': 'https://randomuser.me/api/portraits/med/women/46.jpg', 'thumbnail': 'https://randomuser.me/api/portraits/thumb/women/46.jpg'}, 'nat': 'AU'}], 'info': {'seed': '071c5e9172f6cc24', 'results': 1, 'page': 1, 'version': '1.4'}}</msg>
<arg>${json_data}</arg>
<doc>Logs the given message with the given level.</doc>
<status status="PASS" start="2024-05-02T10:15:32.117087" elapsed="0.000249"/>
</kw>
<kw name="Should Be Equal As Numbers" owner="BuiltIn">
<arg>${json_data['results'][0]['location']['postcode']}</arg>
<arg>${json_data['results'][0]['location']['postcode']}</arg>
<doc>Fails if objects are unequal after converting them to real numbers.</doc>
<status status="PASS" start="2024-05-02T10:15:32.117841" elapsed="0.000642"/>
</kw>
<kw name="Log" owner="BuiltIn">
<msg time="2024-05-02T10:15:32.119047" level="INFO">4839</msg>
<arg>${json_data['results'][0]['location']['postcode']}</arg>
<doc>Logs the given message with the given level.</doc>
<status status="PASS" start="2024-05-02T10:15:32.118677" elapsed="0.000409"/>
</kw>
<status status="PASS" start="2024-05-02T10:15:32.038331" elapsed="0.081010"/>
</kw>
<doc>Testa se os tipos de dados na resposta da API estão corretos.</doc>
<tag>testeTiposDados</tag>
<status status="PASS" start="2024-05-02T10:15:31.942600" elapsed="0.176910"/>
</test>
<test id="s1-s1-t5" name="Validar conteudo" line="35">
<kw name="Teste de Tipos de Conteudo" owner="random-user-service">
<kw name="GET On Session" owner="RequestsLibrary">
<msg time="2024-05-02T10:15:32.215818" level="INFO">GET Request : url=https://randomuser.me/api 
 path_url=/api 
 headers={'User-Agent': 'python-requests/2.31.0', 'Accept-Encoding': 'gzip, deflate', 'Accept': '*/*', 'Connection': 'keep-alive'} 
 body=None 
 </msg>
<msg time="2024-05-02T10:15:32.215919" level="INFO">GET Response : url=https://randomuser.me/api 
 status=200, reason=OK 
 headers={'Date': 'Thu, 02 May 2024 10:15:32 GMT', 'Content-Type': 'application/json; charset=utf-8', 'Transfer-Encoding': 'chunked', 'Connection': 'keep-alive', 'X-Powered-By': 'Express', 'Access-Control-Allow-Origin': '*', 'Cache-Control': 'no-cache', 'ETag': 'W/"490-EF/gcys76HVIHbHql8KP/+qJANQ"', 'Vary': 'Accept-Encoding', 'Content-Encoding': 'gzip', 'CF-Cache-Status': 'DYNAMIC', 'Report-To': '{"endpoints":[{"url":"https:\\/\\/a.nel.cloudflare.com\\/report\\/v4?s=Fl5uf5b6p80Ub%2BJTWWeUBuqy2bVtX2f3zEWQa8MDYrln12BROawrUkmQIxOMxpvTlh9UlD3M1img%2FhI2Y2RAhMOpFR79jLnQ9WGmaRQ2iK6bcSPcfD8sntAmZ7TNFr%2FH"}],"group":"cf-nel","max_age":604800}', 'NEL': '{"success_fraction":0,"report_to":"cf-nel","max_age":604800}', 'Server': 'cloudflare', 'CF-RAY': '87d74029ceb928a4-IAD', 'alt-svc': 'h3=":443"; ma=86400'} 
 body={"results":[{"gender":"male","name":{"title":"Mr","first":"Roberto","last":"Santiago"},"location":{"street":{"number":1830,"name":"Calle Covadonga"},"city":"Elche","state":"Ceuta","country":"Spain","postcode":40039,"coordinates":{"latitude":"-33.8257","longitude":"-153.1697"},"timezone":{"offset":"+11:00","description":"Magadan, Solomon Islands, New Caledonia"}},"email":"roberto.santiago@example.com","login":{"uuid":"edf23375-7e99-4a7b-8424-70892621f346","username":"blackfish529","password":"dallas1","salt":"E6LKNBSF","md5":"bc34b93b3892294c23121f7f26b33728","sha1":"a07643fab8312b7bd3d4d6a568911005f7fc53ff","sha256":"211ddf2c9214adc5d768816a8463e3a35f7c39818a32b3c155472292f38b10c0"},"dob":{"date":"1947-10-26T09:45:37.229Z","age":76},"registered":{"date":"2012-07-12T13:26:47.339Z","age":11},"phone":"914-109-223","cell":"636-441-947","id":{"name":"DNI","value":"01502535-P"},"picture":{"large":"https://randomuser.me/api/portraits/men/62.jpg","medium":"https://randomuser.me/api/portraits/med/men/62.jpg","thumbnail":"https://randomuser.me/api/portraits/thumb/men/62.jpg"},"nat":"ES"}],"info":{"seed":"3ed84f5c776e693c","results":1,"page":1,"version":"1.4"}} 
 </msg>
<msg time="2024-05-02T10:15:32.215991" level="INFO">/opt/hostedtoolcache/Python/3.12.3/x64/lib/python3.12/site-packages/urllib3/connectionpool.py:1103: InsecureRequestWarning: Unverified HTTPS request is being made to host 'randomuser.me'. Adding certificate verification is strongly advised. See: https://urllib3.readthedocs.io/en/latest/advanced-usage.html#tls-warnings
  warnings.warn(</msg>
<msg time="2024-05-02T10:15:32.216115" level="INFO">${response} = &lt;Response [200]&gt;</msg>
<var>${response}</var>
<arg>consultarAPI</arg>
<arg>/api</arg>
<doc>Sends a GET request on a previously created HTTP Session.</doc>
<status status="PASS" start="2024-05-02T10:15:32.122556" elapsed="0.093589"/>
</kw>
<kw name="Set Variable" owner="BuiltIn">
<msg time="2024-05-02T10:15:32.217264" level="INFO">${json_data} = {'results': [{'gender': 'male', 'name': {'title': 'Mr', 'first': 'Roberto', 'last': 'Santiago'}, 'location': {'street': {'number': 1830, 'name': 'Calle Covadonga'}, 'city': 'Elche', 'state': 'Ceuta', ...</msg>
<var>${json_data}</var>
<arg>${response.json()}</arg>
<doc>Returns the given values which can then be assigned to a variables.</doc>
<status status="PASS" start="2024-05-02T10:15:32.216715" elapsed="0.000578"/>
</kw>
<kw name="Set Variable" owner="BuiltIn">
<msg time="2024-05-02T10:15:32.218075" level="INFO">${name_title} = Mr</msg>
<var>${name_title}</var>
<arg>${json_data["results"][0]["name"]["title"]}</arg>
<doc>Returns the given values which can then be assigned to a variables.</doc>
<status status="PASS" start="2024-05-02T10:15:32.217653" elapsed="0.000448"/>
</kw>
<kw name="Create List" owner="BuiltIn">
<msg time="2024-05-02T10:15:32.218570" level="INFO">${allowed_titles} = ['Mr', 'Ms', 'Miss', 'Mrs', 'Madame', 'Monsieur']</msg>
<var>${allowed_titles}</var>
<arg>Mr</arg>
<arg>Ms</arg>
<arg>Miss</arg>
<arg>Mrs</arg>
<arg>Madame</arg>
<arg>Monsieur</arg>
<doc>Returns a list containing given items.</doc>
<status status="PASS" start="2024-05-02T10:15:32.218417" elapsed="0.000177"/>
</kw>
<kw name="List Should Contain Value" owner="Collections">
<msg time="2024-05-02T10:15:32.219139" level="INFO">False</msg>
<arg>${allowed_titles}</arg>
<arg>${name_title}</arg>
<doc>Fails if the ``value`` is not found from ``list``.</doc>
<status status="PASS" start="2024-05-02T10:15:32.218953" elapsed="0.000225"/>
</kw>
<kw name="Set Variable" owner="BuiltIn">
<msg time="2024-05-02T10:15:32.219869" level="INFO">${name_country} = ES</msg>
<var>${name_country}</var>
<arg>${json_data["results"][0]["nat"]}</arg>
<doc>Returns the given values which can then be assigned to a variables.</doc>
<status status="PASS" start="2024-05-02T10:15:32.219477" elapsed="0.000418"/>
</kw>
<kw name="Create List" owner="BuiltIn">
<msg time="2024-05-02T10:15:32.220785" level="INFO">${list_country} = ['AD', 'AE', 'AF', 'AG', 'AI', 'AL', 'AM', 'AO', 'AQ', 'AR', 'AS', 'AT', 'AU', 'AW', 'AX', 'AZ', 'BA', 'BB', 'BD', 'BE', 'BF', 'BG', 'BH', 'BI', 'BJ', 'BL', 'BM', 'BN', 'BO', 'BQ', 'BR', 'BS', 'BT', '...</msg>
<var>${list_country}</var>
<arg>AD</arg>
<arg>AE</arg>
<arg>AF</arg>
<arg>AG</arg>
<arg>AI</arg>
<arg>AL</arg>
<arg>AM</arg>
<arg>AO</arg>
<arg>AQ</arg>
<arg>AR</arg>
<arg>AS</arg>
<arg>AT</arg>
<arg>AU</arg>
<arg>AW</arg>
<arg>AX</arg>
<arg>AZ</arg>
<arg>BA</arg>
<arg>BB</arg>
<arg>BD</arg>
<arg>BE</arg>
<arg>BF</arg>
<arg>BG</arg>
<arg>BH</arg>
<arg>BI</arg>
<arg>BJ</arg>
<arg>BL</arg>
<arg>BM</arg>
<arg>BN</arg>
<arg>BO</arg>
<arg>BQ</arg>
<arg>BR</arg>
<arg>BS</arg>
<arg>BT</arg>
<arg>BV</arg>
<arg>BW</arg>
<arg>BY</arg>
<arg>BZ</arg>
<arg>CA</arg>
<arg>CC</arg>
<arg>CD</arg>
<arg>CF</arg>
<arg>CG</arg>
<arg>CH</arg>
<arg>CI</arg>
<arg>CK</arg>
<arg>CL</arg>
<arg>CM</arg>
<arg>CN</arg>
<arg>CO</arg>
<arg>CR</arg>
<arg>CU</arg>
<arg>CV</arg>
<arg>CW</arg>
<arg>CX</arg>
<arg>CY</arg>
<arg>CZ</arg>
<arg>DE</arg>
<arg>DJ</arg>
<arg>DK</arg>
<arg>DM</arg>
<arg>DO</arg>
<arg>DZ</arg>
<arg>EC</arg>
<arg>EE</arg>
<arg>EG</arg>
<arg>EH</arg>
<arg>ER</arg>
<arg>ES</arg>
<arg>ET</arg>
<arg>FI</arg>
<arg>FJ</arg>
<arg>FK</arg>
<arg>FM</arg>
<arg>FO</arg>
<arg>FR</arg>
<arg>GA</arg>
<arg>GB</arg>
<arg>GD</arg>
<arg>GE</arg>
<arg>GF</arg>
<arg>GG</arg>
<arg>GH</arg>
<arg>GI</arg>
<arg>GL</arg>
<arg>GM</arg>
<arg>GN</arg>
<arg>GP</arg>
<arg>GQ</arg>
<arg>GR</arg>
<arg>GS</arg>
<arg>GT</arg>
<arg>GU</arg>
<arg>GW</arg>
<arg>GY</arg>
<arg>HK</arg>
<arg>HM</arg>
<arg>HN</arg>
<arg>HR</arg>
<arg>HT</arg>
<arg>HU</arg>
<arg>ID</arg>
<arg>IE</arg>
<arg>IL</arg>
<arg>IM</arg>
<arg>IN</arg>
<arg>IO</arg>
<arg>IQ</arg>
<arg>IR</arg>
<arg>IS</arg>
<arg>IT</arg>
<arg>JE</arg>
<arg>JM</arg>
<arg>JO</arg>
<arg>JP</arg>
<arg>KE</arg>
<arg>KG</arg>
<arg>KH</arg>
<arg>KI</arg>
<arg>KM</arg>
<arg>KN</arg>
<arg>KP</arg>
<arg>KR</arg>
<arg>KW</arg>
<arg>KY</arg>
<arg>KZ</arg>
<arg>LA</arg>
<arg>LB</arg>
<arg>LC</arg>
<arg>LI</arg>
<arg>LK</arg>
<arg>LR</arg>
<arg>LS</arg>
<arg>LT</arg>
<arg>LU</arg>
<arg>LV</arg>
<arg>LY</arg>
<arg>MA</arg>
<arg>MC</arg>
<arg>MD</arg>
<arg>ME</arg>
<arg>MF</arg>
<arg>MG</arg>
<arg>MH</arg>
<arg>MK</arg>
<arg>ML</arg>
<arg>MM</arg>
<arg>MN</arg>
<arg>MO</arg>
<arg>MP</arg>
<arg>MQ</arg>
<arg>MR</arg>
<arg>MS</arg>
<arg>MT</arg>
<arg>MU</arg>
<arg>MV</arg>
<arg>MW</arg>
<arg>MX</arg>
<arg>MY</arg>
<arg>MZ</arg>
<arg>NA</arg>
<arg>NC</arg>
<arg>NE</arg>
<arg>NF</arg>
<arg>NG</arg>
<arg>NI</arg>
<arg>NL</arg>
<arg>NO</arg>
<arg>NP</arg>
<arg>NR</arg>
<arg>NU</arg>
<arg>NZ</arg>
<arg>OM</arg>
<arg>PA</arg>
<arg>PE</arg>
<arg>PF</arg>
<arg>PG</arg>
<arg>PH</arg>
<arg>PK</arg>
<arg>PL</arg>
<arg>PM</arg>
<arg>PN</arg>
<arg>PR</arg>
<arg>PS</arg>
<arg>PT</arg>
<arg>PW</arg>
<arg>PY</arg>
<arg>QA</arg>
<arg>RE</arg>
<arg>RO</arg>
<arg>RS</arg>
<arg>RU</arg>
<arg>RW</arg>
<arg>SA</arg>
<arg>SB</arg>
<arg>SC</arg>
<arg>SD</arg>
<arg>SE</arg>
<arg>SG</arg>
<arg>SH</arg>
<arg>SI</arg>
<arg>SJ</arg>
<arg>SK</arg>
<arg>SL</arg>
<arg>SM</arg>
<arg>SN</arg>
<arg>SO</arg>
<arg>SR</arg>
<arg>SS</arg>
<arg>ST</arg>
<arg>SV</arg>
<arg>SX</arg>
<arg>SY</arg>
<arg>SZ</arg>
<arg>TC</arg>
<arg>TD</arg>
<arg>TF</arg>
<arg>TG</arg>
<arg>TH</arg>
<arg>TJ</arg>
<arg>TK</arg>
<arg>TL</arg>
<arg>TM</arg>
<arg>TN</arg>
<arg>TO</arg>
<arg>TR</arg>
<arg>TT</arg>
<arg>TV</arg>
<arg>TW</arg>
<arg>TZ</arg>
<arg>UA</arg>
<arg>UG</arg>
<arg>UM</arg>
<arg>US</arg>
<arg>UY</arg>
<arg>UZ</arg>
<arg>VA</arg>
<arg>VC</arg>
<arg>VE</arg>
<arg>VG</arg>
<arg>VI</arg>
<arg>VN</arg>
<arg>VU</arg>
<arg>WF</arg>
<arg>WS</arg>
<arg>XK</arg>
<arg>YE</arg>
<arg>YT</arg>
<arg>ZA</arg>
<arg>ZM</arg>
<arg>ZW</arg>
<doc>Returns a list containing given items.</doc>
<status status="PASS" start="2024-05-02T10:15:32.220200" elapsed="0.000611"/>
</kw>
<kw name="List Should Contain Value" owner="Collections">
<msg time="2024-05-02T10:15:32.221814" level="INFO">False</msg>
<arg>${list_country}</arg>
<arg>${name_country}</arg>
<doc>Fails if the ``value`` is not found from ``list``.</doc>
<status status="PASS" start="2024-05-02T10:15:32.221608" elapsed="0.000243"/>
</kw>
<kw name="Run Keyword If" owner="BuiltIn">
<kw name="Should Be True" owner="BuiltIn">
<arg>${True}</arg>
<doc>Fails if the given condition is not true.</doc>
<status status="PASS" start="2024-05-02T10:15:32.222973" elapsed="0.000274"/>
</kw>
<arg>${json_data["results"][0]["location"]["coordinates"]["latitude"]} &gt;= -90 and ${json_data["results"][0]["location"]["coordinates"]["latitude"]} &lt;= 90</arg>
<arg>Should Be True</arg>
<arg>${True}</arg>
<doc>Runs the given keyword with the given arguments, if ``condition`` is true.</doc>
<status status="PASS" start="2024-05-02T10:15:32.222171" elapsed="0.001210"/>
</kw>
<kw name="Run Keyword If" owner="BuiltIn">
<kw name="Should Be True" owner="BuiltIn">
<arg>${True}</arg>
<doc>Fails if the given condition is not true.</doc>
<status status="PASS" start="2024-05-02T10:15:32.224284" elapsed="0.000135"/>
</kw>
<arg>${json_data["results"][0]["location"]["coordinates"]["longitude"]} &gt;= -180 and ${json_data["results"][0]["location"]["coordinates"]["longitude"]} &lt;= 180</arg>
<arg>Should Be True</arg>
<arg>${True}</arg>
<doc>Runs the given keyword with the given arguments, if ``condition`` is true.</doc>
<status status="PASS" start="2024-05-02T10:15:32.223573" elapsed="0.000967"/>
</kw>
<status status="PASS" start="2024-05-02T10:15:32.122154" elapsed="0.102516"/>
</kw>
<doc>Testa o conteúdo específico dos campos retornados pela API.</doc>
<tag>testeConteudo</tag>
<status status="PASS" start="2024-05-02T10:15:32.121416" elapsed="0.103419"/>
</test>
<status status="PASS" start="2024-05-02T10:15:31.436704" elapsed="0.790129"/>
</suite>
<status status="PASS" start="2024-05-02T10:15:31.423241" elapsed="0.809178"/>
</suite>
<statistics>
<total>
<stat pass="5" fail="0" skip="0">All Tests</stat>
</total>
<tag>
<stat pass="1" fail="0" skip="0">testeConteudo</stat>
<stat pass="1" fail="0" skip="0">testeEstruturaResposta</stat>
<stat pass="1" fail="0" skip="0">testeRequisicaoBasica</stat>
<stat pass="1" fail="0" skip="0">testeTiposDados</stat>
</tag>
<suite>
<stat pass="5" fail="0" skip="0" id="s1" name="Tests">Tests</stat>
<stat pass="5" fail="0" skip="0" id="s1-s1" name="Random-User-Test">Tests.Random-User-Test</stat>
</suite>
</statistics>
<errors>
</errors>
</robot>
