<?xml version="1.0" encoding="UTF-8"?>
<robot generator="Robot 7.0.1 (Python 3.12.4 on linux)" generated="2024-07-06T21:14:54.722895" rpa="false" schemaversion="5">
<suite id="s1" name="Tests" source="/home/runner/work/ApiRandomUser/ApiRandomUser/RamdonUser/tests">
<suite id="s1-s1" name="Random-User-Test" source="/home/runner/work/ApiRandomUser/ApiRandomUser/RamdonUser/tests/random-user-test.robot">
<test id="s1-s1-t1" name="Conectar" line="13">
<kw name="Conectar API" owner="random-user-service">
<kw name="Create Session" owner="RequestsLibrary">
<msg time="2024-07-06T21:14:55.127470" level="INFO">Creating Session using : alias=consultarAPI, url=https://randomuser.me/, headers={},                     cookies={}, auth=None, timeout=None, proxies=None, verify=False,                     debug=0 </msg>
<arg>consultarAPI</arg>
<arg>${URL}</arg>
<doc>Create Session: create a HTTP session to a server</doc>
<status status="PASS" start="2024-07-06T21:14:55.127257" elapsed="0.000409"/>
</kw>
<status status="PASS" start="2024-07-06T21:14:55.126253" elapsed="0.001783"/>
</kw>
<status status="PASS" start="2024-07-06T21:14:55.125584" elapsed="0.002647"/>
</test>
<test id="s1-s1-t2" name="Validar retorno 200 e JSON Válido" line="16">
<kw name="Teste de Requisicao Basica" owner="random-user-service">
<kw name="GET On Session" owner="RequestsLibrary">
<msg time="2024-07-06T21:14:55.419235" level="INFO">GET Request : url=https://randomuser.me/api 
 path_url=/api 
 headers={'User-Agent': 'python-requests/2.32.3', 'Accept-Encoding': 'gzip, deflate', 'Accept': '*/*', 'Connection': 'keep-alive'} 
 body=None 
 </msg>
<msg time="2024-07-06T21:14:55.419384" level="INFO">GET Response : url=https://randomuser.me/api 
 status=200, reason=OK 
 headers={'Date': 'Sat, 06 Jul 2024 21:14:55 GMT', 'Content-Type': 'application/json; charset=utf-8', 'Transfer-Encoding': 'chunked', 'Connection': 'keep-alive', 'X-Powered-By': 'Express', 'Access-Control-Allow-Origin': '*', 'Cache-Control': 'no-cache', 'ETag': 'W/"471-4lf00ym9AmhKVBmB3keRTf39cgU"', 'Vary': 'Accept-Encoding', 'Content-Encoding': 'gzip', 'CF-Cache-Status': 'DYNAMIC', 'Report-To': '{"endpoints":[{"url":"https:\\/\\/a.nel.cloudflare.com\\/report\\/v4?s=yynYvXV0QIMdgLWAaorjVo4M1vHY7hbMJeo5t3tv9qwpEWEOAqOmrhyVR7n%2Fl3Nv2lFJn3g3NY9cKkX%2F0bYcL7kN7Hd5VF3ft2jfproJgUd%2BFonlFfteiW2r0PmjqPmG"}],"group":"cf-nel","max_age":604800}', 'NEL': '{"success_fraction":0,"report_to":"cf-nel","max_age":604800}', 'Server': 'cloudflare', 'CF-RAY': '89f29b6fffa4e1ad-ORD', 'alt-svc': 'h3=":443"; ma=86400'} 
 body={"results":[{"gender":"male","name":{"title":"Mr","first":"Ali","last":"Türkdoğan"},"location":{"street":{"number":4417,"name":"Vatan Cd"},"city":"Tunceli","state":"Van","country":"Turkey","postcode":74760,"coordinates":{"latitude":"67.0700","longitude":"-132.1921"},"timezone":{"offset":"+2:00","description":"Kaliningrad, South Africa"}},"email":"ali.turkdogan@example.com","login":{"uuid":"0d87fccb-0feb-4b03-9b8a-6edeecff7084","username":"lazymouse460","password":"playboy2","salt":"c93RRcmZ","md5":"133aad5e333a6a81b0ec967fb858f41b","sha1":"e80957c01ecb435fde0bebda60b0519204b20e62","sha256":"ff441bec9e783d6a9d16bd4be50ca3b1e65a75c440ca1930845ec0fb06874a4e"},"dob":{"date":"1997-03-14T00:22:30.450Z","age":27},"registered":{"date":"2019-09-03T19:26:21.675Z","age":4},"phone":"(979)-940-5268","cell":"(216)-042-8358","id":{"name":"","value":null},"picture":{"large":"https://randomuser.me/api/portraits/men/91.jpg","medium":"https://randomuser.me/api/portraits/med/men/91.jpg","thumbnail":"https://randomuser.me/api/portraits/thumb/men/91.jpg"},"nat":"TR"}],"info":{"seed":"6579c5ddec6a8dc8","results":1,"page":1,"version":"1.4"}} 
 </msg>
<msg time="2024-07-06T21:14:55.419466" level="INFO">/opt/hostedtoolcache/Python/3.12.4/x64/lib/python3.12/site-packages/urllib3/connectionpool.py:1099: InsecureRequestWarning: Unverified HTTPS request is being made to host 'randomuser.me'. Adding certificate verification is strongly advised. See: https://urllib3.readthedocs.io/en/latest/advanced-usage.html#tls-warnings
  warnings.warn(</msg>
<msg time="2024-07-06T21:14:55.419601" level="INFO">${response} = &lt;Response [200]&gt;</msg>
<var>${response}</var>
<arg>consultarAPI</arg>
<arg>/api</arg>
<doc>Sends a GET request on a previously created HTTP Session.</doc>
<status status="PASS" start="2024-07-06T21:14:55.130911" elapsed="0.288724"/>
</kw>
<kw name="Should Be Equal As Numbers" owner="BuiltIn">
<msg time="2024-07-06T21:14:55.420645" level="INFO">Argument types are:
&lt;class 'int'&gt;
&lt;class 'str'&gt;</msg>
<arg>${response.status_code}</arg>
<arg>200</arg>
<doc>Fails if objects are unequal after converting them to real numbers.</doc>
<status status="PASS" start="2024-07-06T21:14:55.420188" elapsed="0.000522"/>
</kw>
<kw name="Log" owner="BuiltIn">
<msg time="2024-07-06T21:14:55.421374" level="INFO">200</msg>
<arg>${response.status_code}</arg>
<doc>Logs the given message with the given level.</doc>
<status status="PASS" start="2024-07-06T21:14:55.421029" elapsed="0.000387"/>
</kw>
<kw name="Set Variable" owner="BuiltIn">
<msg time="2024-07-06T21:14:55.422207" level="INFO">${json_data} = {'results': [{'gender': 'male', 'name': {'title': 'Mr', 'first': 'Ali', 'last': 'Türkdoğan'}, 'location': {'street': {'number': 4417, 'name': 'Vatan Cd'}, 'city': 'Tunceli', 'state': 'Van', 'country':...</msg>
<var>${json_data}</var>
<arg>${response.json()}</arg>
<doc>Returns the given values which can then be assigned to a variables.</doc>
<status status="PASS" start="2024-07-06T21:14:55.421715" elapsed="0.000522"/>
</kw>
<kw name="Dictionary Should Contain Key" owner="Collections">
<arg>${json_data}</arg>
<arg>results</arg>
<doc>Fails if ``key`` is not found from ``dictionary``.</doc>
<status status="PASS" start="2024-07-06T21:14:55.422535" elapsed="0.000163"/>
</kw>
<status status="PASS" start="2024-07-06T21:14:55.130658" elapsed="0.292188"/>
</kw>
<doc>Testa se a API responde corretamente e retorna um objeto JSON válido.</doc>
<tag>testeRequisicaoBasica</tag>
<status status="PASS" start="2024-07-06T21:14:55.130178" elapsed="0.292835"/>
</test>
<test id="s1-s1-t3" name="Validar estrutura de resposta" line="22">
<kw name="Teste de Estrutura de Resposta" owner="random-user-service">
<kw name="GET On Session" owner="RequestsLibrary">
<msg time="2024-07-06T21:14:55.519158" level="INFO">GET Request : url=https://randomuser.me/api 
 path_url=/api 
 headers={'User-Agent': 'python-requests/2.32.3', 'Accept-Encoding': 'gzip, deflate', 'Accept': '*/*', 'Connection': 'keep-alive'} 
 body=None 
 </msg>
<msg time="2024-07-06T21:14:55.519261" level="INFO">GET Response : url=https://randomuser.me/api 
 status=200, reason=OK 
 headers={'Date': 'Sat, 06 Jul 2024 21:14:55 GMT', 'Content-Type': 'application/json; charset=utf-8', 'Transfer-Encoding': 'chunked', 'Connection': 'keep-alive', 'X-Powered-By': 'Express', 'Access-Control-Allow-Origin': '*', 'Cache-Control': 'no-cache', 'ETag': 'W/"4a9-OfdV7Af4NQLTBsO4Jy8Gjws+tZs"', 'Vary': 'Accept-Encoding', 'Content-Encoding': 'gzip', 'CF-Cache-Status': 'DYNAMIC', 'Report-To': '{"endpoints":[{"url":"https:\\/\\/a.nel.cloudflare.com\\/report\\/v4?s=bHRPrj%2BBIpS5TxNOb8Z%2FtivMyl8OXdOgcGgpOJIiRL23nwGiGqcmryw1uNV01rLkgedI6QirLoGQ52%2BXEpjkQSDtatWFZuK0COFCsRMTlamFpSgVitxWtjypenxZ%2FBDJ"}],"group":"cf-nel","max_age":604800}', 'NEL': '{"success_fraction":0,"report_to":"cf-nel","max_age":604800}', 'Server': 'cloudflare', 'CF-RAY': '89f29b706fe4e1ad-ORD', 'alt-svc': 'h3=":443"; ma=86400'} 
 body={"results":[{"gender":"female","name":{"title":"Mrs","first":"Holly","last":"Bates"},"location":{"street":{"number":8037,"name":"Bridge Road"},"city":"Preston","state":"Gloucestershire","country":"United Kingdom","postcode":"YV9 3JB","coordinates":{"latitude":"-5.5092","longitude":"115.0059"},"timezone":{"offset":"+8:00","description":"Beijing, Perth, Singapore, Hong Kong"}},"email":"holly.bates@example.com","login":{"uuid":"608dc1a6-5c88-4f30-8f96-65f8243111ea","username":"happygorilla408","password":"microsoft","salt":"XGF8nbH9","md5":"8fa1bbf3fbb9efb9020faf63be066baa","sha1":"1ddedbf83d9981c330d0da398c96348752759de4","sha256":"ec5cd0430bbc5be5759a509cc509990fb5bd761c98f675db39818539a23be08e"},"dob":{"date":"1998-11-15T19:30:00.706Z","age":25},"registered":{"date":"2012-11-11T03:33:33.089Z","age":11},"phone":"015394 63103","cell":"07709 777806","id":{"name":"NINO","value":"NW 55 30 24 A"},"picture":{"large":"https://randomuser.me/api/portraits/women/14.jpg","medium":"https://randomuser.me/api/portraits/med/women/14.jpg","thumbnail":"https://randomuser.me/api/portraits/thumb/women/14.jpg"},"nat":"GB"}],"info":{"seed":"447e31392f1591d0","results":1,"page":1,"version":"1.4"}} 
 </msg>
<msg time="2024-07-06T21:14:55.519390" level="INFO">/opt/hostedtoolcache/Python/3.12.4/x64/lib/python3.12/site-packages/urllib3/connectionpool.py:1099: InsecureRequestWarning: Unverified HTTPS request is being made to host 'randomuser.me'. Adding certificate verification is strongly advised. See: https://urllib3.readthedocs.io/en/latest/advanced-usage.html#tls-warnings
  warnings.warn(</msg>
<msg time="2024-07-06T21:14:55.519513" level="INFO">${response} = &lt;Response [200]&gt;</msg>
<var>${response}</var>
<arg>consultarAPI</arg>
<arg>/api</arg>
<doc>Sends a GET request on a previously created HTTP Session.</doc>
<status status="PASS" start="2024-07-06T21:14:55.425662" elapsed="0.093891"/>
</kw>
<kw name="Set Variable" owner="BuiltIn">
<msg time="2024-07-06T21:14:55.520590" level="INFO">${json_data} = {'results': [{'gender': 'female', 'name': {'title': 'Mrs', 'first': 'Holly', 'last': 'Bates'}, 'location': {'street': {'number': 8037, 'name': 'Bridge Road'}, 'city': 'Preston', 'state': 'Gloucestersh...</msg>
<var>${json_data}</var>
<arg>${response.json()}</arg>
<doc>Returns the given values which can then be assigned to a variables.</doc>
<status status="PASS" start="2024-07-06T21:14:55.520073" elapsed="0.000545"/>
</kw>
<kw name="Log" owner="BuiltIn">
<msg time="2024-07-06T21:14:55.521080" level="INFO">{'results': [{'gender': 'female', 'name': {'title': 'Mrs', 'first': 'Holly', 'last': 'Bates'}, 'location': {'street': {'number': 8037, 'name': 'Bridge Road'}, 'city': 'Preston', 'state': 'Gloucestershire', 'country': 'United Kingdom', 'postcode': 'YV9 3JB', 'coordinates': {'latitude': '-5.5092', 'longitude': '115.0059'}, 'timezone': {'offset': '+8:00', 'description': 'Beijing, Perth, Singapore, Hong Kong'}}, 'email': 'holly.bates@example.com', 'login': {'uuid': '608dc1a6-5c88-4f30-8f96-65f8243111ea', 'username': 'happygorilla408', 'password': 'microsoft', 'salt': 'XGF8nbH9', 'md5': '8fa1bbf3fbb9efb9020faf63be066baa', 'sha1': '1ddedbf83d9981c330d0da398c96348752759de4', 'sha256': 'ec5cd0430bbc5be5759a509cc509990fb5bd761c98f675db39818539a23be08e'}, 'dob': {'date': '1998-11-15T19:30:00.706Z', 'age': 25}, 'registered': {'date': '2012-11-11T03:33:33.089Z', 'age': 11}, 'phone': '015394 63103', 'cell': '07709 777806', 'id': {'name': 'NINO', 'value': 'NW 55 30 24 A'}, 'picture': {'large': 'https://randomuser.me/api/portraits/women/14.jpg', 'medium': 'https://randomuser.me/api/portraits/med/women/14.jpg', 'thumbnail': 'https://randomuser.me/api/portraits/thumb/women/14.jpg'}, 'nat': 'GB'}], 'info': {'seed': '447e31392f1591d0', 'results': 1, 'page': 1, 'version': '1.4'}}</msg>
<arg>${json_data}</arg>
<doc>Logs the given message with the given level.</doc>
<status status="PASS" start="2024-07-06T21:14:55.520923" elapsed="0.000206"/>
</kw>
<kw name="Dictionary Should Contain Key" owner="Collections">
<arg>${json_data}</arg>
<arg>results</arg>
<doc>Fails if ``key`` is not found from ``dictionary``.</doc>
<status status="PASS" start="2024-07-06T21:14:55.521415" elapsed="0.000160"/>
</kw>
<kw name="Should Not Be Empty" owner="BuiltIn">
<msg time="2024-07-06T21:14:55.521887" level="INFO">Length is 2.</msg>
<arg>${json_data}</arg>
<doc>Verifies that the given item is not empty.</doc>
<status status="PASS" start="2024-07-06T21:14:55.521758" elapsed="0.000167"/>
</kw>
<kw name="Create List" owner="BuiltIn">
<msg time="2024-07-06T21:14:55.522433" level="INFO">${expected_keys} = ['gender', 'name', 'location', 'email', 'login']</msg>
<var>${expected_keys}</var>
<arg>gender</arg>
<arg>name</arg>
<arg>location</arg>
<arg>email</arg>
<arg>login</arg>
<doc>Returns a list containing given items.</doc>
<status status="PASS" start="2024-07-06T21:14:55.522284" elapsed="0.000173"/>
</kw>
<for flavor="IN">
<iter>
<kw name="Dictionary Should Contain Key" owner="Collections">
<arg>${json_data['results'][0]}</arg>
<arg>${key}</arg>
<doc>Fails if ``key`` is not found from ``dictionary``.</doc>
<status status="PASS" start="2024-07-06T21:14:55.523205" elapsed="0.000395"/>
</kw>
<kw name="Log" owner="BuiltIn">
<msg time="2024-07-06T21:14:55.524155" level="INFO">{'gender': 'female', 'name': {'title': 'Mrs', 'first': 'Holly', 'last': 'Bates'}, 'location': {'street': {'number': 8037, 'name': 'Bridge Road'}, 'city': 'Preston', 'state': 'Gloucestershire', 'country': 'United Kingdom', 'postcode': 'YV9 3JB', 'coordinates': {'latitude': '-5.5092', 'longitude': '115.0059'}, 'timezone': {'offset': '+8:00', 'description': 'Beijing, Perth, Singapore, Hong Kong'}}, 'email': 'holly.bates@example.com', 'login': {'uuid': '608dc1a6-5c88-4f30-8f96-65f8243111ea', 'username': 'happygorilla408', 'password': 'microsoft', 'salt': 'XGF8nbH9', 'md5': '8fa1bbf3fbb9efb9020faf63be066baa', 'sha1': '1ddedbf83d9981c330d0da398c96348752759de4', 'sha256': 'ec5cd0430bbc5be5759a509cc509990fb5bd761c98f675db39818539a23be08e'}, 'dob': {'date': '1998-11-15T19:30:00.706Z', 'age': 25}, 'registered': {'date': '2012-11-11T03:33:33.089Z', 'age': 11}, 'phone': '015394 63103', 'cell': '07709 777806', 'id': {'name': 'NINO', 'value': 'NW 55 30 24 A'}, 'picture': {'large': 'https://randomuser.me/api/portraits/women/14.jpg', 'medium': 'https://randomuser.me/api/portraits/med/women/14.jpg', 'thumbnail': 'https://randomuser.me/api/portraits/thumb/women/14.jpg'}, 'nat': 'GB'}</msg>
<arg>${json_data['results'][0]}</arg>
<doc>Logs the given message with the given level.</doc>
<status status="PASS" start="2024-07-06T21:14:55.523793" elapsed="0.000411"/>
</kw>
<kw name="Log" owner="BuiltIn">
<msg time="2024-07-06T21:14:55.524625" level="INFO">gender</msg>
<arg>${key}</arg>
<doc>Logs the given message with the given level.</doc>
<status status="PASS" start="2024-07-06T21:14:55.524499" elapsed="0.000164"/>
</kw>
<var name="${key}">gender</var>
<status status="PASS" start="2024-07-06T21:14:55.523082" elapsed="0.001795"/>
</iter>
<iter>
<kw name="Dictionary Should Contain Key" owner="Collections">
<arg>${json_data['results'][0]}</arg>
<arg>${key}</arg>
<doc>Fails if ``key`` is not found from ``dictionary``.</doc>
<status status="PASS" start="2024-07-06T21:14:55.525177" elapsed="0.000386"/>
</kw>
<kw name="Log" owner="BuiltIn">
<msg time="2024-07-06T21:14:55.526161" level="INFO">{'gender': 'female', 'name': {'title': 'Mrs', 'first': 'Holly', 'last': 'Bates'}, 'location': {'street': {'number': 8037, 'name': 'Bridge Road'}, 'city': 'Preston', 'state': 'Gloucestershire', 'country': 'United Kingdom', 'postcode': 'YV9 3JB', 'coordinates': {'latitude': '-5.5092', 'longitude': '115.0059'}, 'timezone': {'offset': '+8:00', 'description': 'Beijing, Perth, Singapore, Hong Kong'}}, 'email': 'holly.bates@example.com', 'login': {'uuid': '608dc1a6-5c88-4f30-8f96-65f8243111ea', 'username': 'happygorilla408', 'password': 'microsoft', 'salt': 'XGF8nbH9', 'md5': '8fa1bbf3fbb9efb9020faf63be066baa', 'sha1': '1ddedbf83d9981c330d0da398c96348752759de4', 'sha256': 'ec5cd0430bbc5be5759a509cc509990fb5bd761c98f675db39818539a23be08e'}, 'dob': {'date': '1998-11-15T19:30:00.706Z', 'age': 25}, 'registered': {'date': '2012-11-11T03:33:33.089Z', 'age': 11}, 'phone': '015394 63103', 'cell': '07709 777806', 'id': {'name': 'NINO', 'value': 'NW 55 30 24 A'}, 'picture': {'large': 'https://randomuser.me/api/portraits/women/14.jpg', 'medium': 'https://randomuser.me/api/portraits/med/women/14.jpg', 'thumbnail': 'https://randomuser.me/api/portraits/thumb/women/14.jpg'}, 'nat': 'GB'}</msg>
<arg>${json_data['results'][0]}</arg>
<doc>Logs the given message with the given level.</doc>
<status status="PASS" start="2024-07-06T21:14:55.525781" elapsed="0.000435"/>
</kw>
<kw name="Log" owner="BuiltIn">
<msg time="2024-07-06T21:14:55.526641" level="INFO">name</msg>
<arg>${key}</arg>
<doc>Logs the given message with the given level.</doc>
<status status="PASS" start="2024-07-06T21:14:55.526513" elapsed="0.000165"/>
</kw>
<var name="${key}">name</var>
<status status="PASS" start="2024-07-06T21:14:55.525061" elapsed="0.001834"/>
</iter>
<iter>
<kw name="Dictionary Should Contain Key" owner="Collections">
<arg>${json_data['results'][0]}</arg>
<arg>${key}</arg>
<doc>Fails if ``key`` is not found from ``dictionary``.</doc>
<status status="PASS" start="2024-07-06T21:14:55.527179" elapsed="0.000374"/>
</kw>
<kw name="Log" owner="BuiltIn">
<msg time="2024-07-06T21:14:55.528073" level="INFO">{'gender': 'female', 'name': {'title': 'Mrs', 'first': 'Holly', 'last': 'Bates'}, 'location': {'street': {'number': 8037, 'name': 'Bridge Road'}, 'city': 'Preston', 'state': 'Gloucestershire', 'country': 'United Kingdom', 'postcode': 'YV9 3JB', 'coordinates': {'latitude': '-5.5092', 'longitude': '115.0059'}, 'timezone': {'offset': '+8:00', 'description': 'Beijing, Perth, Singapore, Hong Kong'}}, 'email': 'holly.bates@example.com', 'login': {'uuid': '608dc1a6-5c88-4f30-8f96-65f8243111ea', 'username': 'happygorilla408', 'password': 'microsoft', 'salt': 'XGF8nbH9', 'md5': '8fa1bbf3fbb9efb9020faf63be066baa', 'sha1': '1ddedbf83d9981c330d0da398c96348752759de4', 'sha256': 'ec5cd0430bbc5be5759a509cc509990fb5bd761c98f675db39818539a23be08e'}, 'dob': {'date': '1998-11-15T19:30:00.706Z', 'age': 25}, 'registered': {'date': '2012-11-11T03:33:33.089Z', 'age': 11}, 'phone': '015394 63103', 'cell': '07709 777806', 'id': {'name': 'NINO', 'value': 'NW 55 30 24 A'}, 'picture': {'large': 'https://randomuser.me/api/portraits/women/14.jpg', 'medium': 'https://randomuser.me/api/portraits/med/women/14.jpg', 'thumbnail': 'https://randomuser.me/api/portraits/thumb/women/14.jpg'}, 'nat': 'GB'}</msg>
<arg>${json_data['results'][0]}</arg>
<doc>Logs the given message with the given level.</doc>
<status status="PASS" start="2024-07-06T21:14:55.527731" elapsed="0.000389"/>
</kw>
<kw name="Log" owner="BuiltIn">
<msg time="2024-07-06T21:14:55.528541" level="INFO">location</msg>
<arg>${key}</arg>
<doc>Logs the given message with the given level.</doc>
<status status="PASS" start="2024-07-06T21:14:55.528414" elapsed="0.000164"/>
</kw>
<var name="${key}">location</var>
<status status="PASS" start="2024-07-06T21:14:55.527072" elapsed="0.001722"/>
</iter>
<iter>
<kw name="Dictionary Should Contain Key" owner="Collections">
<arg>${json_data['results'][0]}</arg>
<arg>${key}</arg>
<doc>Fails if ``key`` is not found from ``dictionary``.</doc>
<status status="PASS" start="2024-07-06T21:14:55.529072" elapsed="0.000385"/>
</kw>
<kw name="Log" owner="BuiltIn">
<msg time="2024-07-06T21:14:55.530006" level="INFO">{'gender': 'female', 'name': {'title': 'Mrs', 'first': 'Holly', 'last': 'Bates'}, 'location': {'street': {'number': 8037, 'name': 'Bridge Road'}, 'city': 'Preston', 'state': 'Gloucestershire', 'country': 'United Kingdom', 'postcode': 'YV9 3JB', 'coordinates': {'latitude': '-5.5092', 'longitude': '115.0059'}, 'timezone': {'offset': '+8:00', 'description': 'Beijing, Perth, Singapore, Hong Kong'}}, 'email': 'holly.bates@example.com', 'login': {'uuid': '608dc1a6-5c88-4f30-8f96-65f8243111ea', 'username': 'happygorilla408', 'password': 'microsoft', 'salt': 'XGF8nbH9', 'md5': '8fa1bbf3fbb9efb9020faf63be066baa', 'sha1': '1ddedbf83d9981c330d0da398c96348752759de4', 'sha256': 'ec5cd0430bbc5be5759a509cc509990fb5bd761c98f675db39818539a23be08e'}, 'dob': {'date': '1998-11-15T19:30:00.706Z', 'age': 25}, 'registered': {'date': '2012-11-11T03:33:33.089Z', 'age': 11}, 'phone': '015394 63103', 'cell': '07709 777806', 'id': {'name': 'NINO', 'value': 'NW 55 30 24 A'}, 'picture': {'large': 'https://randomuser.me/api/portraits/women/14.jpg', 'medium': 'https://randomuser.me/api/portraits/med/women/14.jpg', 'thumbnail': 'https://randomuser.me/api/portraits/thumb/women/14.jpg'}, 'nat': 'GB'}</msg>
<arg>${json_data['results'][0]}</arg>
<doc>Logs the given message with the given level.</doc>
<status status="PASS" start="2024-07-06T21:14:55.529640" elapsed="0.000418"/>
</kw>
<kw name="Log" owner="BuiltIn">
<msg time="2024-07-06T21:14:55.530495" level="INFO">email</msg>
<arg>${key}</arg>
<doc>Logs the given message with the given level.</doc>
<status status="PASS" start="2024-07-06T21:14:55.530368" elapsed="0.000165"/>
</kw>
<var name="${key}">email</var>
<status status="PASS" start="2024-07-06T21:14:55.528965" elapsed="0.001788"/>
</iter>
<iter>
<kw name="Dictionary Should Contain Key" owner="Collections">
<arg>${json_data['results'][0]}</arg>
<arg>${key}</arg>
<doc>Fails if ``key`` is not found from ``dictionary``.</doc>
<status status="PASS" start="2024-07-06T21:14:55.531038" elapsed="0.000387"/>
</kw>
<kw name="Log" owner="BuiltIn">
<msg time="2024-07-06T21:14:55.531957" level="INFO">{'gender': 'female', 'name': {'title': 'Mrs', 'first': 'Holly', 'last': 'Bates'}, 'location': {'street': {'number': 8037, 'name': 'Bridge Road'}, 'city': 'Preston', 'state': 'Gloucestershire', 'country': 'United Kingdom', 'postcode': 'YV9 3JB', 'coordinates': {'latitude': '-5.5092', 'longitude': '115.0059'}, 'timezone': {'offset': '+8:00', 'description': 'Beijing, Perth, Singapore, Hong Kong'}}, 'email': 'holly.bates@example.com', 'login': {'uuid': '608dc1a6-5c88-4f30-8f96-65f8243111ea', 'username': 'happygorilla408', 'password': 'microsoft', 'salt': 'XGF8nbH9', 'md5': '8fa1bbf3fbb9efb9020faf63be066baa', 'sha1': '1ddedbf83d9981c330d0da398c96348752759de4', 'sha256': 'ec5cd0430bbc5be5759a509cc509990fb5bd761c98f675db39818539a23be08e'}, 'dob': {'date': '1998-11-15T19:30:00.706Z', 'age': 25}, 'registered': {'date': '2012-11-11T03:33:33.089Z', 'age': 11}, 'phone': '015394 63103', 'cell': '07709 777806', 'id': {'name': 'NINO', 'value': 'NW 55 30 24 A'}, 'picture': {'large': 'https://randomuser.me/api/portraits/women/14.jpg', 'medium': 'https://randomuser.me/api/portraits/med/women/14.jpg', 'thumbnail': 'https://randomuser.me/api/portraits/thumb/women/14.jpg'}, 'nat': 'GB'}</msg>
<arg>${json_data['results'][0]}</arg>
<doc>Logs the given message with the given level.</doc>
<status status="PASS" start="2024-07-06T21:14:55.531606" elapsed="0.000399"/>
</kw>
<kw name="Log" owner="BuiltIn">
<msg time="2024-07-06T21:14:55.532422" level="INFO">login</msg>
<arg>${key}</arg>
<doc>Logs the given message with the given level.</doc>
<status status="PASS" start="2024-07-06T21:14:55.532295" elapsed="0.000165"/>
</kw>
<var name="${key}">login</var>
<status status="PASS" start="2024-07-06T21:14:55.530924" elapsed="0.001755"/>
</iter>
<var>${key}</var>
<value>@{expected_keys}</value>
<status status="PASS" start="2024-07-06T21:14:55.522888" elapsed="0.009936"/>
</for>
<kw name="Create List" owner="BuiltIn">
<msg time="2024-07-06T21:14:55.533156" level="INFO">${expected_keysTwo} = ['username', 'password']</msg>
<var>${expected_keysTwo}</var>
<arg>username</arg>
<arg>password</arg>
<doc>Returns a list containing given items.</doc>
<status status="PASS" start="2024-07-06T21:14:55.533021" elapsed="0.000159"/>
</kw>
<for flavor="IN">
<iter>
<kw name="Dictionary Should Contain Key" owner="Collections">
<arg>${json_data['results'][0]['login']}</arg>
<arg>${keyTwo}</arg>
<doc>Fails if ``key`` is not found from ``dictionary``.</doc>
<status status="PASS" start="2024-07-06T21:14:55.533678" elapsed="0.000406"/>
</kw>
<kw name="Dictionary Should Contain Key" owner="Collections">
<arg>${json_data['results'][0]['login']}</arg>
<arg>${keyTwo}</arg>
<doc>Fails if ``key`` is not found from ``dictionary``.</doc>
<status status="PASS" start="2024-07-06T21:14:55.534265" elapsed="0.000382"/>
</kw>
<kw name="Log" owner="BuiltIn">
<msg time="2024-07-06T21:14:55.534959" level="INFO">username</msg>
<arg>${keyTwo}</arg>
<doc>Logs the given message with the given level.</doc>
<status status="PASS" start="2024-07-06T21:14:55.534833" elapsed="0.000164"/>
</kw>
<var name="${keyTwo}">username</var>
<status status="PASS" start="2024-07-06T21:14:55.533570" elapsed="0.001645"/>
</iter>
<iter>
<kw name="Dictionary Should Contain Key" owner="Collections">
<arg>${json_data['results'][0]['login']}</arg>
<arg>${keyTwo}</arg>
<doc>Fails if ``key`` is not found from ``dictionary``.</doc>
<status status="PASS" start="2024-07-06T21:14:55.535491" elapsed="0.000381"/>
</kw>
<kw name="Dictionary Should Contain Key" owner="Collections">
<arg>${json_data['results'][0]['login']}</arg>
<arg>${keyTwo}</arg>
<doc>Fails if ``key`` is not found from ``dictionary``.</doc>
<status status="PASS" start="2024-07-06T21:14:55.536048" elapsed="0.000373"/>
</kw>
<kw name="Log" owner="BuiltIn">
<msg time="2024-07-06T21:14:55.536716" level="INFO">password</msg>
<arg>${keyTwo}</arg>
<doc>Logs the given message with the given level.</doc>
<status status="PASS" start="2024-07-06T21:14:55.536598" elapsed="0.000162"/>
</kw>
<var name="${keyTwo}">password</var>
<status status="PASS" start="2024-07-06T21:14:55.535386" elapsed="0.001597"/>
</iter>
<var>${keyTwo}</var>
<value>@{expected_keysTwo}</value>
<status status="PASS" start="2024-07-06T21:14:55.533416" elapsed="0.003686"/>
</for>
<status status="PASS" start="2024-07-06T21:14:55.425421" elapsed="0.111824"/>
</kw>
<doc>Testa a estrutura da resposta da API.</doc>
<tag>testeEstruturaResposta</tag>
<status status="PASS" start="2024-07-06T21:14:55.424854" elapsed="0.112549"/>
</test>
<test id="s1-s1-t4" name="Validar tipos de dados" line="28">
<kw name="Teste de Tipos de Dados" owner="random-user-service">
<kw name="GET On Session" owner="RequestsLibrary">
<msg time="2024-07-06T21:14:55.624126" level="INFO">GET Request : url=https://randomuser.me/api 
 path_url=/api 
 headers={'User-Agent': 'python-requests/2.32.3', 'Accept-Encoding': 'gzip, deflate', 'Accept': '*/*', 'Connection': 'keep-alive'} 
 body=None 
 </msg>
<msg time="2024-07-06T21:14:55.624226" level="INFO">GET Response : url=https://randomuser.me/api 
 status=200, reason=OK 
 headers={'Date': 'Sat, 06 Jul 2024 21:14:55 GMT', 'Content-Type': 'application/json; charset=utf-8', 'Transfer-Encoding': 'chunked', 'Connection': 'keep-alive', 'X-Powered-By': 'Express', 'Access-Control-Allow-Origin': '*', 'Cache-Control': 'no-cache', 'ETag': 'W/"483-rjFBGlmeS7RaxB1g6d0Pt7cgni4"', 'Vary': 'Accept-Encoding', 'Content-Encoding': 'gzip', 'CF-Cache-Status': 'DYNAMIC', 'Report-To': '{"endpoints":[{"url":"https:\\/\\/a.nel.cloudflare.com\\/report\\/v4?s=74OUstCmsOaUznBJlfT1ck1MIPLa5zAACnS231B%2FrmQXHXxpH7mT1JSs%2FkbOnyMx%2BNu6rPZK2kAUrZRBSgYF7dYsn9cGXOzU9Ua8nSmtUh57atYefuCMWsRtWCvE7Rwf"}],"group":"cf-nel","max_age":604800}', 'NEL': '{"success_fraction":0,"report_to":"cf-nel","max_age":604800}', 'Server': 'cloudflare', 'CF-RAY': '89f29b71284be1ad-ORD', 'alt-svc': 'h3=":443"; ma=86400'} 
 body={"results":[{"gender":"male","name":{"title":"Mr","first":"Pedro","last":"Hernández"},"location":{"street":{"number":5664,"name":"Calle de Arganzuela"},"city":"Málaga","state":"La Rioja","country":"Spain","postcode":92677,"coordinates":{"latitude":"-35.7034","longitude":"-155.6192"},"timezone":{"offset":"+6:00","description":"Almaty, Dhaka, Colombo"}},"email":"pedro.hernandez@example.com","login":{"uuid":"d6c948ce-1424-40e8-8b18-aa5671ee30f1","username":"biglion671","password":"python","salt":"hritb6Hd","md5":"1606831129f7e78c119c19faebb44ff4","sha1":"1e2878a70a72e81aca4f1a6959314699cb5b9804","sha256":"60dc816b20e3db3ac64f84640da8becafb59e75591d7aae466bd34ec83555f39"},"dob":{"date":"1980-05-31T06:11:18.593Z","age":44},"registered":{"date":"2008-09-29T08:28:52.109Z","age":15},"phone":"940-882-090","cell":"691-829-595","id":{"name":"DNI","value":"21508355-L"},"picture":{"large":"https://randomuser.me/api/portraits/men/38.jpg","medium":"https://randomuser.me/api/portraits/med/men/38.jpg","thumbnail":"https://randomuser.me/api/portraits/thumb/men/38.jpg"},"nat":"ES"}],"info":{"seed":"fdf0137bfd1aa8d9","results":1,"page":1,"version":"1.4"}} 
 </msg>
<msg time="2024-07-06T21:14:55.624296" level="INFO">/opt/hostedtoolcache/Python/3.12.4/x64/lib/python3.12/site-packages/urllib3/connectionpool.py:1099: InsecureRequestWarning: Unverified HTTPS request is being made to host 'randomuser.me'. Adding certificate verification is strongly advised. See: https://urllib3.readthedocs.io/en/latest/advanced-usage.html#tls-warnings
  warnings.warn(</msg>
<msg time="2024-07-06T21:14:55.624424" level="INFO">${response} = &lt;Response [200]&gt;</msg>
<var>${response}</var>
<arg>consultarAPI</arg>
<arg>/api</arg>
<doc>Sends a GET request on a previously created HTTP Session.</doc>
<status status="PASS" start="2024-07-06T21:14:55.540028" elapsed="0.084434"/>
</kw>
<kw name="Set Variable" owner="BuiltIn">
<msg time="2024-07-06T21:14:55.625641" level="INFO">${json_data} = {'results': [{'gender': 'male', 'name': {'title': 'Mr', 'first': 'Pedro', 'last': 'Hernández'}, 'location': {'street': {'number': 5664, 'name': 'Calle de Arganzuela'}, 'city': 'Málaga', 'state': 'La R...</msg>
<var>${json_data}</var>
<arg>${response.json()}</arg>
<doc>Returns the given values which can then be assigned to a variables.</doc>
<status status="PASS" start="2024-07-06T21:14:55.625084" elapsed="0.000587"/>
</kw>
<kw name="Log" owner="BuiltIn">
<msg time="2024-07-06T21:14:55.626200" level="INFO">{'results': [{'gender': 'male', 'name': {'title': 'Mr', 'first': 'Pedro', 'last': 'Hernández'}, 'location': {'street': {'number': 5664, 'name': 'Calle de Arganzuela'}, 'city': 'Málaga', 'state': 'La Rioja', 'country': 'Spain', 'postcode': 92677, 'coordinates': {'latitude': '-35.7034', 'longitude': '-155.6192'}, 'timezone': {'offset': '+6:00', 'description': 'Almaty, Dhaka, Colombo'}}, 'email': 'pedro.hernandez@example.com', 'login': {'uuid': 'd6c948ce-1424-40e8-8b18-aa5671ee30f1', 'username': 'biglion671', 'password': 'python', 'salt': 'hritb6Hd', 'md5': '1606831129f7e78c119c19faebb44ff4', 'sha1': '1e2878a70a72e81aca4f1a6959314699cb5b9804', 'sha256': '60dc816b20e3db3ac64f84640da8becafb59e75591d7aae466bd34ec83555f39'}, 'dob': {'date': '1980-05-31T06:11:18.593Z', 'age': 44}, 'registered': {'date': '2008-09-29T08:28:52.109Z', 'age': 15}, 'phone': '940-882-090', 'cell': '691-829-595', 'id': {'name': 'DNI', 'value': '21508355-L'}, 'picture': {'large': 'https://randomuser.me/api/portraits/men/38.jpg', 'medium': 'https://randomuser.me/api/portraits/med/men/38.jpg', 'thumbnail': 'https://randomuser.me/api/portraits/thumb/men/38.jpg'}, 'nat': 'ES'}], 'info': {'seed': 'fdf0137bfd1aa8d9', 'results': 1, 'page': 1, 'version': '1.4'}}</msg>
<arg>${json_data}</arg>
<doc>Logs the given message with the given level.</doc>
<status status="PASS" start="2024-07-06T21:14:55.626027" elapsed="0.000224"/>
</kw>
<kw name="Should Be String" owner="String">
<arg>${json_data['results'][0]['gender']}</arg>
<doc>Fails if the given ``item`` is not a string.</doc>
<status status="PASS" start="2024-07-06T21:14:55.626554" elapsed="0.000364"/>
</kw>
<kw name="Should Match Regexp" owner="BuiltIn">
<arg>${json_data['results'][0]['email']}</arg>
<arg>^[a-zA-Z0-9._%+-]+@[a-zA-Z0-9.-]+\.[a-zA-Z]{2,}$</arg>
<doc>Fails if ``string`` does not match ``pattern`` as a regular expression.</doc>
<status status="PASS" start="2024-07-06T21:14:55.627150" elapsed="0.000522"/>
</kw>
<kw name="Should Match Regexp" owner="BuiltIn">
<arg>${json_data['results'][0]['dob']['date']}</arg>
<arg>\\d{4}-\\d{2}-\\d{2}T\\d{2}:\\d{2}:\\d{2}\\.\\d{3}Z</arg>
<doc>Fails if ``string`` does not match ``pattern`` as a regular expression.</doc>
<status status="PASS" start="2024-07-06T21:14:55.627864" elapsed="0.000489"/>
</kw>
<kw name="Should Match Regexp" owner="BuiltIn">
<arg>${json_data['results'][0]['registered']['date']}</arg>
<arg>\\d{4}-\\d{2}-\\d{2}T\\d{2}:\\d{2}:\\d{2}\\.\\d{3}Z</arg>
<doc>Fails if ``string`` does not match ``pattern`` as a regular expression.</doc>
<status status="PASS" start="2024-07-06T21:14:55.628544" elapsed="0.000372"/>
</kw>
<kw name="Should Match Regexp" owner="BuiltIn">
<arg>${json_data['results'][0]['picture']['large']}</arg>
<arg>^https?://.*\.(?:png|jpe?g|gif|bmp)$</arg>
<doc>Fails if ``string`` does not match ``pattern`` as a regular expression.</doc>
<status status="PASS" start="2024-07-06T21:14:55.629100" elapsed="0.000453"/>
</kw>
<kw name="Should Match Regexp" owner="BuiltIn">
<arg>${json_data['results'][0]['picture']['medium']}</arg>
<arg>^https?://.*\.(?:png|jpe?g|gif|bmp)$</arg>
<doc>Fails if ``string`` does not match ``pattern`` as a regular expression.</doc>
<status status="PASS" start="2024-07-06T21:14:55.629737" elapsed="0.000381"/>
</kw>
<kw name="Should Match Regexp" owner="BuiltIn">
<arg>${json_data['results'][0]['picture']['thumbnail']}</arg>
<arg>^https?://.*\.(?:png|jpe?g|gif|bmp)$</arg>
<doc>Fails if ``string`` does not match ``pattern`` as a regular expression.</doc>
<status status="PASS" start="2024-07-06T21:14:55.630304" elapsed="0.000357"/>
</kw>
<kw name="Log" owner="BuiltIn">
<msg time="2024-07-06T21:14:55.631177" level="INFO">{'large': 'https://randomuser.me/api/portraits/men/38.jpg', 'medium': 'https://randomuser.me/api/portraits/med/men/38.jpg', 'thumbnail': 'https://randomuser.me/api/portraits/thumb/men/38.jpg'}</msg>
<arg>${json_data['results'][0]['picture']}</arg>
<doc>Logs the given message with the given level.</doc>
<status status="PASS" start="2024-07-06T21:14:55.630844" elapsed="0.000376"/>
</kw>
<status status="PASS" start="2024-07-06T21:14:55.539798" elapsed="0.091682"/>
</kw>
<kw name="Teste de Tipos de Dados - Postcode" owner="random-user-service">
<kw name="GET On Session" owner="RequestsLibrary">
<msg time="2024-07-06T21:14:55.720315" level="INFO">GET Request : url=https://randomuser.me/api 
 path_url=/api 
 headers={'User-Agent': 'python-requests/2.32.3', 'Accept-Encoding': 'gzip, deflate', 'Accept': '*/*', 'Connection': 'keep-alive'} 
 body=None 
 </msg>
<msg time="2024-07-06T21:14:55.720444" level="INFO">GET Response : url=https://randomuser.me/api 
 status=200, reason=OK 
 headers={'Date': 'Sat, 06 Jul 2024 21:14:55 GMT', 'Content-Type': 'application/json; charset=utf-8', 'Transfer-Encoding': 'chunked', 'Connection': 'keep-alive', 'X-Powered-By': 'Express', 'Access-Control-Allow-Origin': '*', 'Cache-Control': 'no-cache', 'ETag': 'W/"49d-5PTw1nUrj9W0bWnTkICDS3eodpY"', 'Vary': 'Accept-Encoding', 'Content-Encoding': 'gzip', 'CF-Cache-Status': 'DYNAMIC', 'Report-To': '{"endpoints":[{"url":"https:\\/\\/a.nel.cloudflare.com\\/report\\/v4?s=N0%2FOy4%2FbQ6kUZuJx2Oua5l6W3cJzZTj6LFvK49uJna9SMzI3kObwgM2YF5pk0fpSnSUIj1c2vQ6Q%2FlIM77MpSkf11fEeekT0aAMRvec2jH9TxkBi9W0stuuUZbrIvgTs"}],"group":"cf-nel","max_age":604800}', 'NEL': '{"success_fraction":0,"report_to":"cf-nel","max_age":604800}', 'Server': 'cloudflare', 'CF-RAY': '89f29b71b8a8e1ad-ORD', 'alt-svc': 'h3=":443"; ma=86400'} 
 body={"results":[{"gender":"female","name":{"title":"Ms","first":"Isabelle","last":"Smith"},"location":{"street":{"number":2555,"name":"Halifax Street"},"city":"Palmerston North","state":"Canterbury","country":"New Zealand","postcode":28968,"coordinates":{"latitude":"49.5425","longitude":"140.5205"},"timezone":{"offset":"-3:00","description":"Brazil, Buenos Aires, Georgetown"}},"email":"isabelle.smith@example.com","login":{"uuid":"7ae54592-3634-42f9-af7f-19e04409d9d8","username":"yellowbutterfly649","password":"junk","salt":"ynri9LO8","md5":"9313f7d689537bf223a998b5644333ff","sha1":"6e0485fbf73df7dc4b85efbd2648c1e8b66bb44d","sha256":"abc7ff57a1a16189bded6eb5d5ac13dc26f657e2f382779ccd1499bd2adbf4eb"},"dob":{"date":"1997-07-04T22:27:20.570Z","age":27},"registered":{"date":"2003-02-15T01:36:09.595Z","age":21},"phone":"(206)-858-5397","cell":"(820)-203-1475","id":{"name":"","value":null},"picture":{"large":"https://randomuser.me/api/portraits/women/30.jpg","medium":"https://randomuser.me/api/portraits/med/women/30.jpg","thumbnail":"https://randomuser.me/api/portraits/thumb/women/30.jpg"},"nat":"NZ"}],"info":{"seed":"b852f74ff5d0f05f","results":1,"page":1,"version":"1.4"}} 
 </msg>
<msg time="2024-07-06T21:14:55.720514" level="INFO">/opt/hostedtoolcache/Python/3.12.4/x64/lib/python3.12/site-packages/urllib3/connectionpool.py:1099: InsecureRequestWarning: Unverified HTTPS request is being made to host 'randomuser.me'. Adding certificate verification is strongly advised. See: https://urllib3.readthedocs.io/en/latest/advanced-usage.html#tls-warnings
  warnings.warn(</msg>
<msg time="2024-07-06T21:14:55.720637" level="INFO">${response} = &lt;Response [200]&gt;</msg>
<var>${response}</var>
<arg>consultarAPI</arg>
<arg>/api</arg>
<doc>Sends a GET request on a previously created HTTP Session.</doc>
<status status="PASS" start="2024-07-06T21:14:55.631942" elapsed="0.088734"/>
</kw>
<kw name="Set Variable" owner="BuiltIn">
<msg time="2024-07-06T21:14:55.721823" level="INFO">${json_data} = {'results': [{'gender': 'female', 'name': {'title': 'Ms', 'first': 'Isabelle', 'last': 'Smith'}, 'location': {'street': {'number': 2555, 'name': 'Halifax Street'}, 'city': 'Palmerston North', 'state':...</msg>
<var>${json_data}</var>
<arg>${response.json()}</arg>
<doc>Returns the given values which can then be assigned to a variables.</doc>
<status status="PASS" start="2024-07-06T21:14:55.721287" elapsed="0.000566"/>
</kw>
<kw name="Log" owner="BuiltIn">
<msg time="2024-07-06T21:14:55.722375" level="INFO">{'results': [{'gender': 'female', 'name': {'title': 'Ms', 'first': 'Isabelle', 'last': 'Smith'}, 'location': {'street': {'number': 2555, 'name': 'Halifax Street'}, 'city': 'Palmerston North', 'state': 'Canterbury', 'country': 'New Zealand', 'postcode': 28968, 'coordinates': {'latitude': '49.5425', 'longitude': '140.5205'}, 'timezone': {'offset': '-3:00', 'description': 'Brazil, Buenos Aires, Georgetown'}}, 'email': 'isabelle.smith@example.com', 'login': {'uuid': '7ae54592-3634-42f9-af7f-19e04409d9d8', 'username': 'yellowbutterfly649', 'password': 'junk', 'salt': 'ynri9LO8', 'md5': '9313f7d689537bf223a998b5644333ff', 'sha1': '6e0485fbf73df7dc4b85efbd2648c1e8b66bb44d', 'sha256': 'abc7ff57a1a16189bded6eb5d5ac13dc26f657e2f382779ccd1499bd2adbf4eb'}, 'dob': {'date': '1997-07-04T22:27:20.570Z', 'age': 27}, 'registered': {'date': '2003-02-15T01:36:09.595Z', 'age': 21}, 'phone': '(206)-858-5397', 'cell': '(820)-203-1475', 'id': {'name': '', 'value': None}, 'picture': {'large': 'https://randomuser.me/api/portraits/women/30.jpg', 'medium': 'https://randomuser.me/api/portraits/med/women/30.jpg', 'thumbnail': 'https://randomuser.me/api/portraits/thumb/women/30.jpg'}, 'nat': 'NZ'}], 'info': {'seed': 'b852f74ff5d0f05f', 'results': 1, 'page': 1, 'version': '1.4'}}</msg>
<arg>${json_data}</arg>
<doc>Logs the given message with the given level.</doc>
<status status="PASS" start="2024-07-06T21:14:55.722210" elapsed="0.000212"/>
</kw>
<kw name="Should Be Equal As Numbers" owner="BuiltIn">
<arg>${json_data['results'][0]['location']['postcode']}</arg>
<arg>${json_data['results'][0]['location']['postcode']}</arg>
<doc>Fails if objects are unequal after converting them to real numbers.</doc>
<status status="PASS" start="2024-07-06T21:14:55.722716" elapsed="0.000619"/>
</kw>
<kw name="Log" owner="BuiltIn">
<msg time="2024-07-06T21:14:55.723897" level="INFO">28968</msg>
<arg>${json_data['results'][0]['location']['postcode']}</arg>
<doc>Logs the given message with the given level.</doc>
<status status="PASS" start="2024-07-06T21:14:55.723559" elapsed="0.000379"/>
</kw>
<status status="PASS" start="2024-07-06T21:14:55.631712" elapsed="0.092485"/>
</kw>
<doc>Testa se os tipos de dados na resposta da API estão corretos.</doc>
<tag>testeTiposDados</tag>
<status status="PASS" start="2024-07-06T21:14:55.539232" elapsed="0.185136"/>
</test>
<test id="s1-s1-t5" name="Validar conteudo" line="35">
<kw name="Teste de Tipos de Conteudo" owner="random-user-service">
<kw name="GET On Session" owner="RequestsLibrary">
<msg time="2024-07-06T21:14:55.820028" level="INFO">GET Request : url=https://randomuser.me/api 
 path_url=/api 
 headers={'User-Agent': 'python-requests/2.32.3', 'Accept-Encoding': 'gzip, deflate', 'Accept': '*/*', 'Connection': 'keep-alive'} 
 body=None 
 </msg>
<msg time="2024-07-06T21:14:55.820141" level="INFO">GET Response : url=https://randomuser.me/api 
 status=200, reason=OK 
 headers={'Date': 'Sat, 06 Jul 2024 21:14:55 GMT', 'Content-Type': 'application/json; charset=utf-8', 'Transfer-Encoding': 'chunked', 'Connection': 'keep-alive', 'X-Powered-By': 'Express', 'Access-Control-Allow-Origin': '*', 'Cache-Control': 'no-cache', 'ETag': 'W/"47f-u8+IXfHrZqG/EfHV4I+l3/NZ07w"', 'Vary': 'Accept-Encoding', 'Content-Encoding': 'gzip', 'CF-Cache-Status': 'DYNAMIC', 'Report-To': '{"endpoints":[{"url":"https:\\/\\/a.nel.cloudflare.com\\/report\\/v4?s=Ackk4VaYhWT3KTrnvTfT5lQx%2Bc1GLN5TxwFv3DQm54y8OrTI%2B5IX%2FVz1QFDcvjN0DyFdRcA7b9ReHNbE%2FcA1YPvf1qPWTCSQko4lkKb8a%2B6V8zlLaowQnXnFBJoHzXGN"}],"group":"cf-nel","max_age":604800}', 'NEL': '{"success_fraction":0,"report_to":"cf-nel","max_age":604800}', 'Server': 'cloudflare', 'CF-RAY': '89f29b724905e1ad-ORD', 'alt-svc': 'h3=":443"; ma=86400'} 
 body={"results":[{"gender":"female","name":{"title":"Ms","first":"ستایش","last":"حسینی"},"location":{"street":{"number":7815,"name":"رسالت"},"city":"ورامین","state":"خراسان رضوی","country":"Iran","postcode":86085,"coordinates":{"latitude":"18.6114","longitude":"15.1355"},"timezone":{"offset":"-9:00","description":"Alaska"}},"email":"stysh.hsyny@example.com","login":{"uuid":"71e1c5d4-d4b0-4034-b670-3fe5d551b766","username":"beautifulduck969","password":"jennie","salt":"qRabnp9y","md5":"6b5de92acb60cfdd7936aa88ef5bcc7b","sha1":"2e58d2246f5a87c3cfdfbb2746140aedb08d15fb","sha256":"c5d3ad7e853f4718ce598c2e12393e06aa910450afb290e764af3b982b1dd0dc"},"dob":{"date":"1994-10-07T00:15:28.092Z","age":29},"registered":{"date":"2009-01-12T03:53:32.663Z","age":15},"phone":"033-17434117","cell":"0904-401-3027","id":{"name":"","value":null},"picture":{"large":"https://randomuser.me/api/portraits/women/83.jpg","medium":"https://randomuser.me/api/portraits/med/women/83.jpg","thumbnail":"https://randomuser.me/api/portraits/thumb/women/83.jpg"},"nat":"IR"}],"info":{"seed":"3b91cf3093e96f26","results":1,"page":1,"version":"1.4"}} 
 </msg>
<msg time="2024-07-06T21:14:55.820245" level="INFO">/opt/hostedtoolcache/Python/3.12.4/x64/lib/python3.12/site-packages/urllib3/connectionpool.py:1099: InsecureRequestWarning: Unverified HTTPS request is being made to host 'randomuser.me'. Adding certificate verification is strongly advised. See: https://urllib3.readthedocs.io/en/latest/advanced-usage.html#tls-warnings
  warnings.warn(</msg>
<msg time="2024-07-06T21:14:55.820390" level="INFO">${response} = &lt;Response [200]&gt;</msg>
<var>${response}</var>
<arg>consultarAPI</arg>
<arg>/api</arg>
<doc>Sends a GET request on a previously created HTTP Session.</doc>
<status status="PASS" start="2024-07-06T21:14:55.727018" elapsed="0.093422"/>
</kw>
<kw name="Set Variable" owner="BuiltIn">
<msg time="2024-07-06T21:14:55.821634" level="INFO">${json_data} = {'results': [{'gender': 'female', 'name': {'title': 'Ms', 'first': 'ستایش', 'last': 'حسینی'}, 'location': {'street': {'number': 7815, 'name': 'رسالت'}, 'city': 'ورامین', 'state': 'خراسان رضوی', 'count...</msg>
<var>${json_data}</var>
<arg>${response.json()}</arg>
<doc>Returns the given values which can then be assigned to a variables.</doc>
<status status="PASS" start="2024-07-06T21:14:55.821078" elapsed="0.000587"/>
</kw>
<kw name="Set Variable" owner="BuiltIn">
<msg time="2024-07-06T21:14:55.822431" level="INFO">${name_title} = Ms</msg>
<var>${name_title}</var>
<arg>${json_data["results"][0]["name"]["title"]}</arg>
<doc>Returns the given values which can then be assigned to a variables.</doc>
<status status="PASS" start="2024-07-06T21:14:55.822024" elapsed="0.000433"/>
</kw>
<kw name="Create List" owner="BuiltIn">
<msg time="2024-07-06T21:14:55.822914" level="INFO">${allowed_titles} = ['Mr', 'Ms', 'Miss', 'Mrs', 'Madame', 'Monsieur']</msg>
<var>${allowed_titles}</var>
<arg>Mr</arg>
<arg>Ms</arg>
<arg>Miss</arg>
<arg>Mrs</arg>
<arg>Madame</arg>
<arg>Monsieur</arg>
<doc>Returns a list containing given items.</doc>
<status status="PASS" start="2024-07-06T21:14:55.822760" elapsed="0.000178"/>
</kw>
<kw name="List Should Contain Value" owner="Collections">
<arg>${allowed_titles}</arg>
<arg>${name_title}</arg>
<doc>Fails if the ``value`` is not found from ``list``.</doc>
<status status="PASS" start="2024-07-06T21:14:55.823239" elapsed="0.000177"/>
</kw>
<kw name="Set Variable" owner="BuiltIn">
<msg time="2024-07-06T21:14:55.823971" level="INFO">${name_country} = IR</msg>
<var>${name_country}</var>
<arg>${json_data["results"][0]["nat"]}</arg>
<doc>Returns the given values which can then be assigned to a variables.</doc>
<status status="PASS" start="2024-07-06T21:14:55.823593" elapsed="0.000403"/>
</kw>
<kw name="Create List" owner="BuiltIn">
<msg time="2024-07-06T21:14:55.824884" level="INFO">${list_country} = ['AD', 'AE', 'AF', 'AG', 'AI', 'AL', 'AM', 'AO', 'AQ', 'AR', 'AS', 'AT', 'AU', 'AW', 'AX', 'AZ', 'BA', 'BB', 'BD', 'BE', 'BF', 'BG', 'BH', 'BI', 'BJ', 'BL', 'BM', 'BN', 'BO', 'BQ', 'BR', 'BS', 'BT', '...</msg>
<var>${list_country}</var>
<arg>AD</arg>
<arg>AE</arg>
<arg>AF</arg>
<arg>AG</arg>
<arg>AI</arg>
<arg>AL</arg>
<arg>AM</arg>
<arg>AO</arg>
<arg>AQ</arg>
<arg>AR</arg>
<arg>AS</arg>
<arg>AT</arg>
<arg>AU</arg>
<arg>AW</arg>
<arg>AX</arg>
<arg>AZ</arg>
<arg>BA</arg>
<arg>BB</arg>
<arg>BD</arg>
<arg>BE</arg>
<arg>BF</arg>
<arg>BG</arg>
<arg>BH</arg>
<arg>BI</arg>
<arg>BJ</arg>
<arg>BL</arg>
<arg>BM</arg>
<arg>BN</arg>
<arg>BO</arg>
<arg>BQ</arg>
<arg>BR</arg>
<arg>BS</arg>
<arg>BT</arg>
<arg>BV</arg>
<arg>BW</arg>
<arg>BY</arg>
<arg>BZ</arg>
<arg>CA</arg>
<arg>CC</arg>
<arg>CD</arg>
<arg>CF</arg>
<arg>CG</arg>
<arg>CH</arg>
<arg>CI</arg>
<arg>CK</arg>
<arg>CL</arg>
<arg>CM</arg>
<arg>CN</arg>
<arg>CO</arg>
<arg>CR</arg>
<arg>CU</arg>
<arg>CV</arg>
<arg>CW</arg>
<arg>CX</arg>
<arg>CY</arg>
<arg>CZ</arg>
<arg>DE</arg>
<arg>DJ</arg>
<arg>DK</arg>
<arg>DM</arg>
<arg>DO</arg>
<arg>DZ</arg>
<arg>EC</arg>
<arg>EE</arg>
<arg>EG</arg>
<arg>EH</arg>
<arg>ER</arg>
<arg>ES</arg>
<arg>ET</arg>
<arg>FI</arg>
<arg>FJ</arg>
<arg>FK</arg>
<arg>FM</arg>
<arg>FO</arg>
<arg>FR</arg>
<arg>GA</arg>
<arg>GB</arg>
<arg>GD</arg>
<arg>GE</arg>
<arg>GF</arg>
<arg>GG</arg>
<arg>GH</arg>
<arg>GI</arg>
<arg>GL</arg>
<arg>GM</arg>
<arg>GN</arg>
<arg>GP</arg>
<arg>GQ</arg>
<arg>GR</arg>
<arg>GS</arg>
<arg>GT</arg>
<arg>GU</arg>
<arg>GW</arg>
<arg>GY</arg>
<arg>HK</arg>
<arg>HM</arg>
<arg>HN</arg>
<arg>HR</arg>
<arg>HT</arg>
<arg>HU</arg>
<arg>ID</arg>
<arg>IE</arg>
<arg>IL</arg>
<arg>IM</arg>
<arg>IN</arg>
<arg>IO</arg>
<arg>IQ</arg>
<arg>IR</arg>
<arg>IS</arg>
<arg>IT</arg>
<arg>JE</arg>
<arg>JM</arg>
<arg>JO</arg>
<arg>JP</arg>
<arg>KE</arg>
<arg>KG</arg>
<arg>KH</arg>
<arg>KI</arg>
<arg>KM</arg>
<arg>KN</arg>
<arg>KP</arg>
<arg>KR</arg>
<arg>KW</arg>
<arg>KY</arg>
<arg>KZ</arg>
<arg>LA</arg>
<arg>LB</arg>
<arg>LC</arg>
<arg>LI</arg>
<arg>LK</arg>
<arg>LR</arg>
<arg>LS</arg>
<arg>LT</arg>
<arg>LU</arg>
<arg>LV</arg>
<arg>LY</arg>
<arg>MA</arg>
<arg>MC</arg>
<arg>MD</arg>
<arg>ME</arg>
<arg>MF</arg>
<arg>MG</arg>
<arg>MH</arg>
<arg>MK</arg>
<arg>ML</arg>
<arg>MM</arg>
<arg>MN</arg>
<arg>MO</arg>
<arg>MP</arg>
<arg>MQ</arg>
<arg>MR</arg>
<arg>MS</arg>
<arg>MT</arg>
<arg>MU</arg>
<arg>MV</arg>
<arg>MW</arg>
<arg>MX</arg>
<arg>MY</arg>
<arg>MZ</arg>
<arg>NA</arg>
<arg>NC</arg>
<arg>NE</arg>
<arg>NF</arg>
<arg>NG</arg>
<arg>NI</arg>
<arg>NL</arg>
<arg>NO</arg>
<arg>NP</arg>
<arg>NR</arg>
<arg>NU</arg>
<arg>NZ</arg>
<arg>OM</arg>
<arg>PA</arg>
<arg>PE</arg>
<arg>PF</arg>
<arg>PG</arg>
<arg>PH</arg>
<arg>PK</arg>
<arg>PL</arg>
<arg>PM</arg>
<arg>PN</arg>
<arg>PR</arg>
<arg>PS</arg>
<arg>PT</arg>
<arg>PW</arg>
<arg>PY</arg>
<arg>QA</arg>
<arg>RE</arg>
<arg>RO</arg>
<arg>RS</arg>
<arg>RU</arg>
<arg>RW</arg>
<arg>SA</arg>
<arg>SB</arg>
<arg>SC</arg>
<arg>SD</arg>
<arg>SE</arg>
<arg>SG</arg>
<arg>SH</arg>
<arg>SI</arg>
<arg>SJ</arg>
<arg>SK</arg>
<arg>SL</arg>
<arg>SM</arg>
<arg>SN</arg>
<arg>SO</arg>
<arg>SR</arg>
<arg>SS</arg>
<arg>ST</arg>
<arg>SV</arg>
<arg>SX</arg>
<arg>SY</arg>
<arg>SZ</arg>
<arg>TC</arg>
<arg>TD</arg>
<arg>TF</arg>
<arg>TG</arg>
<arg>TH</arg>
<arg>TJ</arg>
<arg>TK</arg>
<arg>TL</arg>
<arg>TM</arg>
<arg>TN</arg>
<arg>TO</arg>
<arg>TR</arg>
<arg>TT</arg>
<arg>TV</arg>
<arg>TW</arg>
<arg>TZ</arg>
<arg>UA</arg>
<arg>UG</arg>
<arg>UM</arg>
<arg>US</arg>
<arg>UY</arg>
<arg>UZ</arg>
<arg>VA</arg>
<arg>VC</arg>
<arg>VE</arg>
<arg>VG</arg>
<arg>VI</arg>
<arg>VN</arg>
<arg>VU</arg>
<arg>WF</arg>
<arg>WS</arg>
<arg>XK</arg>
<arg>YE</arg>
<arg>YT</arg>
<arg>ZA</arg>
<arg>ZM</arg>
<arg>ZW</arg>
<doc>Returns a list containing given items.</doc>
<status status="PASS" start="2024-07-06T21:14:55.824295" elapsed="0.000614"/>
</kw>
<kw name="List Should Contain Value" owner="Collections">
<arg>${list_country}</arg>
<arg>${name_country}</arg>
<doc>Fails if the ``value`` is not found from ``list``.</doc>
<status status="PASS" start="2024-07-06T21:14:55.825703" elapsed="0.000203"/>
</kw>
<kw name="Run Keyword If" owner="BuiltIn">
<kw name="Should Be True" owner="BuiltIn">
<arg>${True}</arg>
<doc>Fails if the given condition is not true.</doc>
<status status="PASS" start="2024-07-06T21:14:55.826874" elapsed="0.000142"/>
</kw>
<arg>${json_data["results"][0]["location"]["coordinates"]["latitude"]} &gt;= -90 and ${json_data["results"][0]["location"]["coordinates"]["latitude"]} &lt;= 90</arg>
<arg>Should Be True</arg>
<arg>${True}</arg>
<doc>Runs the given keyword with the given arguments, if ``condition`` is true.</doc>
<status status="PASS" start="2024-07-06T21:14:55.826135" elapsed="0.001003"/>
</kw>
<kw name="Run Keyword If" owner="BuiltIn">
<kw name="Should Be True" owner="BuiltIn">
<arg>${True}</arg>
<doc>Fails if the given condition is not true.</doc>
<status status="PASS" start="2024-07-06T21:14:55.828008" elapsed="0.000138"/>
</kw>
<arg>${json_data["results"][0]["location"]["coordinates"]["longitude"]} &gt;= -180 and ${json_data["results"][0]["location"]["coordinates"]["longitude"]} &lt;= 180</arg>
<arg>Should Be True</arg>
<arg>${True}</arg>
<doc>Runs the given keyword with the given arguments, if ``condition`` is true.</doc>
<status status="PASS" start="2024-07-06T21:14:55.827319" elapsed="0.000947"/>
</kw>
<status status="PASS" start="2024-07-06T21:14:55.726630" elapsed="0.101767"/>
</kw>
<doc>Testa o conteúdo específico dos campos retornados pela API.</doc>
<tag>testeConteudo</tag>
<status status="PASS" start="2024-07-06T21:14:55.726178" elapsed="0.102376"/>
</test>
<status status="PASS" start="2024-07-06T21:14:54.782397" elapsed="1.048167"/>
</suite>
<status status="PASS" start="2024-07-06T21:14:54.767332" elapsed="1.068332"/>
</suite>
<statistics>
<total>
<stat pass="5" fail="0" skip="0">All Tests</stat>
</total>
<tag>
<stat pass="1" fail="0" skip="0">testeConteudo</stat>
<stat pass="1" fail="0" skip="0">testeEstruturaResposta</stat>
<stat pass="1" fail="0" skip="0">testeRequisicaoBasica</stat>
<stat pass="1" fail="0" skip="0">testeTiposDados</stat>
</tag>
<suite>
<stat pass="5" fail="0" skip="0" id="s1" name="Tests">Tests</stat>
<stat pass="5" fail="0" skip="0" id="s1-s1" name="Random-User-Test">Tests.Random-User-Test</stat>
</suite>
</statistics>
<errors>
</errors>
</robot>
