<?xml version="1.0" encoding="UTF-8"?>
<robot generator="Robot 7.0.1 (Python 3.12.3 on linux)" generated="2024-06-16T22:15:01.376622" rpa="false" schemaversion="5">
<suite id="s1" name="Tests" source="/home/runner/work/ApiRandomUser/ApiRandomUser/RamdonUser/tests">
<suite id="s1-s1" name="Random-User-Test" source="/home/runner/work/ApiRandomUser/ApiRandomUser/RamdonUser/tests/random-user-test.robot">
<test id="s1-s1-t1" name="Conectar" line="13">
<kw name="Conectar API" owner="random-user-service">
<kw name="Create Session" owner="RequestsLibrary">
<msg time="2024-06-16T22:15:01.779624" level="INFO">Creating Session using : alias=consultarAPI, url=https://randomuser.me/, headers={},                     cookies={}, auth=None, timeout=None, proxies=None, verify=False,                     debug=0 </msg>
<arg>consultarAPI</arg>
<arg>${URL}</arg>
<doc>Create Session: create a HTTP session to a server</doc>
<status status="PASS" start="2024-06-16T22:15:01.779422" elapsed="0.000393"/>
</kw>
<status status="PASS" start="2024-06-16T22:15:01.778358" elapsed="0.001829"/>
</kw>
<status status="PASS" start="2024-06-16T22:15:01.777788" elapsed="0.002596"/>
</test>
<test id="s1-s1-t2" name="Validar retorno 200 e JSON Válido" line="16">
<kw name="Teste de Requisicao Basica" owner="random-user-service">
<kw name="GET On Session" owner="RequestsLibrary">
<msg time="2024-06-16T22:15:02.165440" level="INFO">GET Request : url=https://randomuser.me/api 
 path_url=/api 
 headers={'User-Agent': 'python-requests/2.32.3', 'Accept-Encoding': 'gzip, deflate', 'Accept': '*/*', 'Connection': 'keep-alive'} 
 body=None 
 </msg>
<msg time="2024-06-16T22:15:02.165597" level="INFO">GET Response : url=https://randomuser.me/api 
 status=200, reason=OK 
 headers={'Date': 'Sun, 16 Jun 2024 22:15:02 GMT', 'Content-Type': 'application/json; charset=utf-8', 'Transfer-Encoding': 'chunked', 'Connection': 'keep-alive', 'X-Powered-By': 'Express', 'Access-Control-Allow-Origin': '*', 'Cache-Control': 'no-cache', 'ETag': 'W/"49d-UnqKR1pW5QTIThUMtmSwGet/qSA"', 'Vary': 'Accept-Encoding', 'Content-Encoding': 'gzip', 'CF-Cache-Status': 'DYNAMIC', 'Report-To': '{"endpoints":[{"url":"https:\\/\\/a.nel.cloudflare.com\\/report\\/v4?s=K%2FAjcZn7JhhGo8rHpsKMWA3HeYYiyCGdA3xLpsz1hMfIkXm0Uo%2F%2BHiM%2FCNeXXLGm%2FmBgDPGn%2F0Kv053FnTgee3bimVy14V4I8pqyTs2fR4JR5gVpqHfH6VyZJzB0K%2Fe9"}],"group":"cf-nel","max_age":604800}', 'NEL': '{"success_fraction":0,"report_to":"cf-nel","max_age":604800}', 'Server': 'cloudflare', 'CF-RAY': '894e27fd6d2356b6-IAD', 'alt-svc': 'h3=":443"; ma=86400'} 
 body={"results":[{"gender":"male","name":{"title":"Mr","first":"محمد","last":"نكو نظر"},"location":{"street":{"number":8503,"name":"میدان شهید نامجو"},"city":"اردبیل","state":"سیستان و بلوچستان","country":"Iran","postcode":60561,"coordinates":{"latitude":"14.6068","longitude":"-104.0705"},"timezone":{"offset":"-3:30","description":"Newfoundland"}},"email":"mhmd.nkwnzr@example.com","login":{"uuid":"bb5dc178-687a-4fe6-bff5-7777c6af90f7","username":"yellowgoose535","password":"xander","salt":"BHBP05y0","md5":"62361388d6c172d83f248853df5ed685","sha1":"989ebbdee72919cf8f7f9598d014f27dc272f37a","sha256":"63600890cf8c2ba850c79467f3a8f448bd091ef9de7ed6b1426257366acd4097"},"dob":{"date":"1969-10-13T07:57:50.825Z","age":54},"registered":{"date":"2012-04-08T21:09:39.729Z","age":12},"phone":"073-69509452","cell":"0951-819-5096","id":{"name":"","value":null},"picture":{"large":"https://randomuser.me/api/portraits/men/47.jpg","medium":"https://randomuser.me/api/portraits/med/men/47.jpg","thumbnail":"https://randomuser.me/api/portraits/thumb/men/47.jpg"},"nat":"IR"}],"info":{"seed":"6ef2853250c89190","results":1,"page":1,"version":"1.4"}} 
 </msg>
<msg time="2024-06-16T22:15:02.165682" level="INFO">/opt/hostedtoolcache/Python/3.12.3/x64/lib/python3.12/site-packages/urllib3/connectionpool.py:1103: InsecureRequestWarning: Unverified HTTPS request is being made to host 'randomuser.me'. Adding certificate verification is strongly advised. See: https://urllib3.readthedocs.io/en/latest/advanced-usage.html#tls-warnings
  warnings.warn(</msg>
<msg time="2024-06-16T22:15:02.165826" level="INFO">${response} = &lt;Response [200]&gt;</msg>
<var>${response}</var>
<arg>consultarAPI</arg>
<arg>/api</arg>
<doc>Sends a GET request on a previously created HTTP Session.</doc>
<status status="PASS" start="2024-06-16T22:15:01.783021" elapsed="0.382846"/>
</kw>
<kw name="Should Be Equal As Numbers" owner="BuiltIn">
<msg time="2024-06-16T22:15:02.167022" level="INFO">Argument types are:
&lt;class 'int'&gt;
&lt;class 'str'&gt;</msg>
<arg>${response.status_code}</arg>
<arg>200</arg>
<doc>Fails if objects are unequal after converting them to real numbers.</doc>
<status status="PASS" start="2024-06-16T22:15:02.166549" elapsed="0.000547"/>
</kw>
<kw name="Log" owner="BuiltIn">
<msg time="2024-06-16T22:15:02.167808" level="INFO">200</msg>
<arg>${response.status_code}</arg>
<doc>Logs the given message with the given level.</doc>
<status status="PASS" start="2024-06-16T22:15:02.167458" elapsed="0.000397"/>
</kw>
<kw name="Set Variable" owner="BuiltIn">
<msg time="2024-06-16T22:15:02.168598" level="INFO">${json_data} = {'results': [{'gender': 'male', 'name': {'title': 'Mr', 'first': 'محمد', 'last': 'نكو نظر'}, 'location': {'street': {'number': 8503, 'name': 'میدان شهید نامجو'}, 'city': 'اردبیل', 'state': 'سیستان و ب...</msg>
<var>${json_data}</var>
<arg>${response.json()}</arg>
<doc>Returns the given values which can then be assigned to a variables.</doc>
<status status="PASS" start="2024-06-16T22:15:02.168159" elapsed="0.000470"/>
</kw>
<kw name="Dictionary Should Contain Key" owner="Collections">
<arg>${json_data}</arg>
<arg>results</arg>
<doc>Fails if ``key`` is not found from ``dictionary``.</doc>
<status status="PASS" start="2024-06-16T22:15:02.168969" elapsed="0.000162"/>
</kw>
<status status="PASS" start="2024-06-16T22:15:01.782778" elapsed="0.386512"/>
</kw>
<doc>Testa se a API responde corretamente e retorna um objeto JSON válido.</doc>
<tag>testeRequisicaoBasica</tag>
<status status="PASS" start="2024-06-16T22:15:01.782317" elapsed="0.387150"/>
</test>
<test id="s1-s1-t3" name="Validar estrutura de resposta" line="22">
<kw name="Teste de Estrutura de Resposta" owner="random-user-service">
<kw name="GET On Session" owner="RequestsLibrary">
<msg time="2024-06-16T22:15:02.284338" level="INFO">GET Request : url=https://randomuser.me/api 
 path_url=/api 
 headers={'User-Agent': 'python-requests/2.32.3', 'Accept-Encoding': 'gzip, deflate', 'Accept': '*/*', 'Connection': 'keep-alive'} 
 body=None 
 </msg>
<msg time="2024-06-16T22:15:02.284480" level="INFO">GET Response : url=https://randomuser.me/api 
 status=200, reason=OK 
 headers={'Date': 'Sun, 16 Jun 2024 22:15:02 GMT', 'Content-Type': 'application/json; charset=utf-8', 'Transfer-Encoding': 'chunked', 'Connection': 'keep-alive', 'X-Powered-By': 'Express', 'Access-Control-Allow-Origin': '*', 'Cache-Control': 'no-cache', 'ETag': 'W/"48e-xpoV21BEkj6M7vDjFGUhG6QQ3yM"', 'Vary': 'Accept-Encoding', 'Content-Encoding': 'gzip', 'CF-Cache-Status': 'DYNAMIC', 'Report-To': '{"endpoints":[{"url":"https:\\/\\/a.nel.cloudflare.com\\/report\\/v4?s=nzdgK2YNvyooDCzboasi5x3bloxw3z3c0tO0MMwgHwWCs6%2B0X7BY5GvWboUFUtwuDxBwpahmrYZ%2FDbYBGQaCvmNsZ15F3xQ%2FTNzXkFgCxEtLt0y%2F7tu6dgBe%2BG2nNSpD"}],"group":"cf-nel","max_age":604800}', 'NEL': '{"success_fraction":0,"report_to":"cf-nel","max_age":604800}', 'Server': 'cloudflare', 'CF-RAY': '894e27feae1156b6-IAD', 'alt-svc': 'h3=":443"; ma=86400'} 
 body={"results":[{"gender":"female","name":{"title":"Ms","first":"Rekha","last":"Nair"},"location":{"street":{"number":6616,"name":"Naiduthota"},"city":"Phusro","state":"Telangana","country":"India","postcode":19778,"coordinates":{"latitude":"4.8690","longitude":"26.0486"},"timezone":{"offset":"+5:00","description":"Ekaterinburg, Islamabad, Karachi, Tashkent"}},"email":"rekha.nair@example.com","login":{"uuid":"99eba9be-13c7-4f78-a819-ffcb76e084ec","username":"organicwolf955","password":"airforce","salt":"oXE9CGOF","md5":"27dd5295cc6609f828e09610ede05369","sha1":"d597fa57a1cbc12848e5cb19c916e0d49231fdda","sha256":"25606ae807c36a9ab07403610c9d8ca7b897f449757a399aef530878077bde52"},"dob":{"date":"1988-04-02T07:49:47.399Z","age":36},"registered":{"date":"2016-02-18T10:06:47.906Z","age":8},"phone":"8905297621","cell":"7516698943","id":{"name":"UIDAI","value":"705380094463"},"picture":{"large":"https://randomuser.me/api/portraits/women/48.jpg","medium":"https://randomuser.me/api/portraits/med/women/48.jpg","thumbnail":"https://randomuser.me/api/portraits/thumb/women/48.jpg"},"nat":"IN"}],"info":{"seed":"f8aa093d8e1c0023","results":1,"page":1,"version":"1.4"}} 
 </msg>
<msg time="2024-06-16T22:15:02.284728" level="INFO">/opt/hostedtoolcache/Python/3.12.3/x64/lib/python3.12/site-packages/urllib3/connectionpool.py:1103: InsecureRequestWarning: Unverified HTTPS request is being made to host 'randomuser.me'. Adding certificate verification is strongly advised. See: https://urllib3.readthedocs.io/en/latest/advanced-usage.html#tls-warnings
  warnings.warn(</msg>
<msg time="2024-06-16T22:15:02.284898" level="INFO">${response} = &lt;Response [200]&gt;</msg>
<var>${response}</var>
<arg>consultarAPI</arg>
<arg>/api</arg>
<doc>Sends a GET request on a previously created HTTP Session.</doc>
<status status="PASS" start="2024-06-16T22:15:02.172229" elapsed="0.112714"/>
</kw>
<kw name="Set Variable" owner="BuiltIn">
<msg time="2024-06-16T22:15:02.286476" level="INFO">${json_data} = {'results': [{'gender': 'female', 'name': {'title': 'Ms', 'first': 'Rekha', 'last': 'Nair'}, 'location': {'street': {'number': 6616, 'name': 'Naiduthota'}, 'city': 'Phusro', 'state': 'Telangana', 'cou...</msg>
<var>${json_data}</var>
<arg>${response.json()}</arg>
<doc>Returns the given values which can then be assigned to a variables.</doc>
<status status="PASS" start="2024-06-16T22:15:02.285641" elapsed="0.000883"/>
</kw>
<kw name="Log" owner="BuiltIn">
<msg time="2024-06-16T22:15:02.287256" level="INFO">{'results': [{'gender': 'female', 'name': {'title': 'Ms', 'first': 'Rekha', 'last': 'Nair'}, 'location': {'street': {'number': 6616, 'name': 'Naiduthota'}, 'city': 'Phusro', 'state': 'Telangana', 'country': 'India', 'postcode': 19778, 'coordinates': {'latitude': '4.8690', 'longitude': '26.0486'}, 'timezone': {'offset': '+5:00', 'description': 'Ekaterinburg, Islamabad, Karachi, Tashkent'}}, 'email': 'rekha.nair@example.com', 'login': {'uuid': '99eba9be-13c7-4f78-a819-ffcb76e084ec', 'username': 'organicwolf955', 'password': 'airforce', 'salt': 'oXE9CGOF', 'md5': '27dd5295cc6609f828e09610ede05369', 'sha1': 'd597fa57a1cbc12848e5cb19c916e0d49231fdda', 'sha256': '25606ae807c36a9ab07403610c9d8ca7b897f449757a399aef530878077bde52'}, 'dob': {'date': '1988-04-02T07:49:47.399Z', 'age': 36}, 'registered': {'date': '2016-02-18T10:06:47.906Z', 'age': 8}, 'phone': '8905297621', 'cell': '7516698943', 'id': {'name': 'UIDAI', 'value': '705380094463'}, 'picture': {'large': 'https://randomuser.me/api/portraits/women/48.jpg', 'medium': 'https://randomuser.me/api/portraits/med/women/48.jpg', 'thumbnail': 'https://randomuser.me/api/portraits/thumb/women/48.jpg'}, 'nat': 'IN'}], 'info': {'seed': 'f8aa093d8e1c0023', 'results': 1, 'page': 1, 'version': '1.4'}}</msg>
<arg>${json_data}</arg>
<doc>Logs the given message with the given level.</doc>
<status status="PASS" start="2024-06-16T22:15:02.287010" elapsed="0.000323"/>
</kw>
<kw name="Dictionary Should Contain Key" owner="Collections">
<arg>${json_data}</arg>
<arg>results</arg>
<doc>Fails if ``key`` is not found from ``dictionary``.</doc>
<status status="PASS" start="2024-06-16T22:15:02.287766" elapsed="0.000260"/>
</kw>
<kw name="Should Not Be Empty" owner="BuiltIn">
<msg time="2024-06-16T22:15:02.288538" level="INFO">Length is 2.</msg>
<arg>${json_data}</arg>
<doc>Verifies that the given item is not empty.</doc>
<status status="PASS" start="2024-06-16T22:15:02.288328" elapsed="0.000273"/>
</kw>
<kw name="Create List" owner="BuiltIn">
<msg time="2024-06-16T22:15:02.289350" level="INFO">${expected_keys} = ['gender', 'name', 'location', 'email', 'login']</msg>
<var>${expected_keys}</var>
<arg>gender</arg>
<arg>name</arg>
<arg>location</arg>
<arg>email</arg>
<arg>login</arg>
<doc>Returns a list containing given items.</doc>
<status status="PASS" start="2024-06-16T22:15:02.289107" elapsed="0.000288"/>
</kw>
<for flavor="IN">
<iter>
<kw name="Dictionary Should Contain Key" owner="Collections">
<arg>${json_data['results'][0]}</arg>
<arg>${key}</arg>
<doc>Fails if ``key`` is not found from ``dictionary``.</doc>
<status status="PASS" start="2024-06-16T22:15:02.290292" elapsed="0.000653"/>
</kw>
<kw name="Log" owner="BuiltIn">
<msg time="2024-06-16T22:15:02.291898" level="INFO">{'gender': 'female', 'name': {'title': 'Ms', 'first': 'Rekha', 'last': 'Nair'}, 'location': {'street': {'number': 6616, 'name': 'Naiduthota'}, 'city': 'Phusro', 'state': 'Telangana', 'country': 'India', 'postcode': 19778, 'coordinates': {'latitude': '4.8690', 'longitude': '26.0486'}, 'timezone': {'offset': '+5:00', 'description': 'Ekaterinburg, Islamabad, Karachi, Tashkent'}}, 'email': 'rekha.nair@example.com', 'login': {'uuid': '99eba9be-13c7-4f78-a819-ffcb76e084ec', 'username': 'organicwolf955', 'password': 'airforce', 'salt': 'oXE9CGOF', 'md5': '27dd5295cc6609f828e09610ede05369', 'sha1': 'd597fa57a1cbc12848e5cb19c916e0d49231fdda', 'sha256': '25606ae807c36a9ab07403610c9d8ca7b897f449757a399aef530878077bde52'}, 'dob': {'date': '1988-04-02T07:49:47.399Z', 'age': 36}, 'registered': {'date': '2016-02-18T10:06:47.906Z', 'age': 8}, 'phone': '8905297621', 'cell': '7516698943', 'id': {'name': 'UIDAI', 'value': '705380094463'}, 'picture': {'large': 'https://randomuser.me/api/portraits/women/48.jpg', 'medium': 'https://randomuser.me/api/portraits/med/women/48.jpg', 'thumbnail': 'https://randomuser.me/api/portraits/thumb/women/48.jpg'}, 'nat': 'IN'}</msg>
<arg>${json_data['results'][0]}</arg>
<doc>Logs the given message with the given level.</doc>
<status status="PASS" start="2024-06-16T22:15:02.291275" elapsed="0.000710"/>
</kw>
<kw name="Log" owner="BuiltIn">
<msg time="2024-06-16T22:15:02.292696" level="INFO">gender</msg>
<arg>${key}</arg>
<doc>Logs the given message with the given level.</doc>
<status status="PASS" start="2024-06-16T22:15:02.292471" elapsed="0.000294"/>
</kw>
<var name="${key}">gender</var>
<status status="PASS" start="2024-06-16T22:15:02.290099" elapsed="0.003000"/>
</iter>
<iter>
<kw name="Dictionary Should Contain Key" owner="Collections">
<arg>${json_data['results'][0]}</arg>
<arg>${key}</arg>
<doc>Fails if ``key`` is not found from ``dictionary``.</doc>
<status status="PASS" start="2024-06-16T22:15:02.293544" elapsed="0.000600"/>
</kw>
<kw name="Log" owner="BuiltIn">
<msg time="2024-06-16T22:15:02.294974" level="INFO">{'gender': 'female', 'name': {'title': 'Ms', 'first': 'Rekha', 'last': 'Nair'}, 'location': {'street': {'number': 6616, 'name': 'Naiduthota'}, 'city': 'Phusro', 'state': 'Telangana', 'country': 'India', 'postcode': 19778, 'coordinates': {'latitude': '4.8690', 'longitude': '26.0486'}, 'timezone': {'offset': '+5:00', 'description': 'Ekaterinburg, Islamabad, Karachi, Tashkent'}}, 'email': 'rekha.nair@example.com', 'login': {'uuid': '99eba9be-13c7-4f78-a819-ffcb76e084ec', 'username': 'organicwolf955', 'password': 'airforce', 'salt': 'oXE9CGOF', 'md5': '27dd5295cc6609f828e09610ede05369', 'sha1': 'd597fa57a1cbc12848e5cb19c916e0d49231fdda', 'sha256': '25606ae807c36a9ab07403610c9d8ca7b897f449757a399aef530878077bde52'}, 'dob': {'date': '1988-04-02T07:49:47.399Z', 'age': 36}, 'registered': {'date': '2016-02-18T10:06:47.906Z', 'age': 8}, 'phone': '8905297621', 'cell': '7516698943', 'id': {'name': 'UIDAI', 'value': '705380094463'}, 'picture': {'large': 'https://randomuser.me/api/portraits/women/48.jpg', 'medium': 'https://randomuser.me/api/portraits/med/women/48.jpg', 'thumbnail': 'https://randomuser.me/api/portraits/thumb/women/48.jpg'}, 'nat': 'IN'}</msg>
<arg>${json_data['results'][0]}</arg>
<doc>Logs the given message with the given level.</doc>
<status status="PASS" start="2024-06-16T22:15:02.294421" elapsed="0.000670"/>
</kw>
<kw name="Log" owner="BuiltIn">
<msg time="2024-06-16T22:15:02.295803" level="INFO">name</msg>
<arg>${key}</arg>
<doc>Logs the given message with the given level.</doc>
<status status="PASS" start="2024-06-16T22:15:02.295581" elapsed="0.000288"/>
</kw>
<var name="${key}">name</var>
<status status="PASS" start="2024-06-16T22:15:02.293380" elapsed="0.002821"/>
</iter>
<iter>
<kw name="Dictionary Should Contain Key" owner="Collections">
<arg>${json_data['results'][0]}</arg>
<arg>${key}</arg>
<doc>Fails if ``key`` is not found from ``dictionary``.</doc>
<status status="PASS" start="2024-06-16T22:15:02.296716" elapsed="0.000670"/>
</kw>
<kw name="Log" owner="BuiltIn">
<msg time="2024-06-16T22:15:02.298194" level="INFO">{'gender': 'female', 'name': {'title': 'Ms', 'first': 'Rekha', 'last': 'Nair'}, 'location': {'street': {'number': 6616, 'name': 'Naiduthota'}, 'city': 'Phusro', 'state': 'Telangana', 'country': 'India', 'postcode': 19778, 'coordinates': {'latitude': '4.8690', 'longitude': '26.0486'}, 'timezone': {'offset': '+5:00', 'description': 'Ekaterinburg, Islamabad, Karachi, Tashkent'}}, 'email': 'rekha.nair@example.com', 'login': {'uuid': '99eba9be-13c7-4f78-a819-ffcb76e084ec', 'username': 'organicwolf955', 'password': 'airforce', 'salt': 'oXE9CGOF', 'md5': '27dd5295cc6609f828e09610ede05369', 'sha1': 'd597fa57a1cbc12848e5cb19c916e0d49231fdda', 'sha256': '25606ae807c36a9ab07403610c9d8ca7b897f449757a399aef530878077bde52'}, 'dob': {'date': '1988-04-02T07:49:47.399Z', 'age': 36}, 'registered': {'date': '2016-02-18T10:06:47.906Z', 'age': 8}, 'phone': '8905297621', 'cell': '7516698943', 'id': {'name': 'UIDAI', 'value': '705380094463'}, 'picture': {'large': 'https://randomuser.me/api/portraits/women/48.jpg', 'medium': 'https://randomuser.me/api/portraits/med/women/48.jpg', 'thumbnail': 'https://randomuser.me/api/portraits/thumb/women/48.jpg'}, 'nat': 'IN'}</msg>
<arg>${json_data['results'][0]}</arg>
<doc>Logs the given message with the given level.</doc>
<status status="PASS" start="2024-06-16T22:15:02.297679" elapsed="0.000568"/>
</kw>
<kw name="Log" owner="BuiltIn">
<msg time="2024-06-16T22:15:02.298693" level="INFO">location</msg>
<arg>${key}</arg>
<doc>Logs the given message with the given level.</doc>
<status status="PASS" start="2024-06-16T22:15:02.298560" elapsed="0.000172"/>
</kw>
<var name="${key}">location</var>
<status status="PASS" start="2024-06-16T22:15:02.296490" elapsed="0.002475"/>
</iter>
<iter>
<kw name="Dictionary Should Contain Key" owner="Collections">
<arg>${json_data['results'][0]}</arg>
<arg>${key}</arg>
<doc>Fails if ``key`` is not found from ``dictionary``.</doc>
<status status="PASS" start="2024-06-16T22:15:02.299253" elapsed="0.000386"/>
</kw>
<kw name="Log" owner="BuiltIn">
<msg time="2024-06-16T22:15:02.300196" level="INFO">{'gender': 'female', 'name': {'title': 'Ms', 'first': 'Rekha', 'last': 'Nair'}, 'location': {'street': {'number': 6616, 'name': 'Naiduthota'}, 'city': 'Phusro', 'state': 'Telangana', 'country': 'India', 'postcode': 19778, 'coordinates': {'latitude': '4.8690', 'longitude': '26.0486'}, 'timezone': {'offset': '+5:00', 'description': 'Ekaterinburg, Islamabad, Karachi, Tashkent'}}, 'email': 'rekha.nair@example.com', 'login': {'uuid': '99eba9be-13c7-4f78-a819-ffcb76e084ec', 'username': 'organicwolf955', 'password': 'airforce', 'salt': 'oXE9CGOF', 'md5': '27dd5295cc6609f828e09610ede05369', 'sha1': 'd597fa57a1cbc12848e5cb19c916e0d49231fdda', 'sha256': '25606ae807c36a9ab07403610c9d8ca7b897f449757a399aef530878077bde52'}, 'dob': {'date': '1988-04-02T07:49:47.399Z', 'age': 36}, 'registered': {'date': '2016-02-18T10:06:47.906Z', 'age': 8}, 'phone': '8905297621', 'cell': '7516698943', 'id': {'name': 'UIDAI', 'value': '705380094463'}, 'picture': {'large': 'https://randomuser.me/api/portraits/women/48.jpg', 'medium': 'https://randomuser.me/api/portraits/med/women/48.jpg', 'thumbnail': 'https://randomuser.me/api/portraits/thumb/women/48.jpg'}, 'nat': 'IN'}</msg>
<arg>${json_data['results'][0]}</arg>
<doc>Logs the given message with the given level.</doc>
<status status="PASS" start="2024-06-16T22:15:02.299825" elapsed="0.000419"/>
</kw>
<kw name="Log" owner="BuiltIn">
<msg time="2024-06-16T22:15:02.300710" level="INFO">email</msg>
<arg>${key}</arg>
<doc>Logs the given message with the given level.</doc>
<status status="PASS" start="2024-06-16T22:15:02.300546" elapsed="0.000208"/>
</kw>
<var name="${key}">email</var>
<status status="PASS" start="2024-06-16T22:15:02.299143" elapsed="0.001839"/>
</iter>
<iter>
<kw name="Dictionary Should Contain Key" owner="Collections">
<arg>${json_data['results'][0]}</arg>
<arg>${key}</arg>
<doc>Fails if ``key`` is not found from ``dictionary``.</doc>
<status status="PASS" start="2024-06-16T22:15:02.301268" elapsed="0.000391"/>
</kw>
<kw name="Log" owner="BuiltIn">
<msg time="2024-06-16T22:15:02.302194" level="INFO">{'gender': 'female', 'name': {'title': 'Ms', 'first': 'Rekha', 'last': 'Nair'}, 'location': {'street': {'number': 6616, 'name': 'Naiduthota'}, 'city': 'Phusro', 'state': 'Telangana', 'country': 'India', 'postcode': 19778, 'coordinates': {'latitude': '4.8690', 'longitude': '26.0486'}, 'timezone': {'offset': '+5:00', 'description': 'Ekaterinburg, Islamabad, Karachi, Tashkent'}}, 'email': 'rekha.nair@example.com', 'login': {'uuid': '99eba9be-13c7-4f78-a819-ffcb76e084ec', 'username': 'organicwolf955', 'password': 'airforce', 'salt': 'oXE9CGOF', 'md5': '27dd5295cc6609f828e09610ede05369', 'sha1': 'd597fa57a1cbc12848e5cb19c916e0d49231fdda', 'sha256': '25606ae807c36a9ab07403610c9d8ca7b897f449757a399aef530878077bde52'}, 'dob': {'date': '1988-04-02T07:49:47.399Z', 'age': 36}, 'registered': {'date': '2016-02-18T10:06:47.906Z', 'age': 8}, 'phone': '8905297621', 'cell': '7516698943', 'id': {'name': 'UIDAI', 'value': '705380094463'}, 'picture': {'large': 'https://randomuser.me/api/portraits/women/48.jpg', 'medium': 'https://randomuser.me/api/portraits/med/women/48.jpg', 'thumbnail': 'https://randomuser.me/api/portraits/thumb/women/48.jpg'}, 'nat': 'IN'}</msg>
<arg>${json_data['results'][0]}</arg>
<doc>Logs the given message with the given level.</doc>
<status status="PASS" start="2024-06-16T22:15:02.301845" elapsed="0.000396"/>
</kw>
<kw name="Log" owner="BuiltIn">
<msg time="2024-06-16T22:15:02.302781" level="INFO">login</msg>
<arg>${key}</arg>
<doc>Logs the given message with the given level.</doc>
<status status="PASS" start="2024-06-16T22:15:02.302539" elapsed="0.000279"/>
</kw>
<var name="${key}">login</var>
<status status="PASS" start="2024-06-16T22:15:02.301157" elapsed="0.001877"/>
</iter>
<var>${key}</var>
<value>@{expected_keys}</value>
<status status="PASS" start="2024-06-16T22:15:02.289802" elapsed="0.013352"/>
</for>
<kw name="Create List" owner="BuiltIn">
<msg time="2024-06-16T22:15:02.303488" level="INFO">${expected_keysTwo} = ['username', 'password']</msg>
<var>${expected_keysTwo}</var>
<arg>username</arg>
<arg>password</arg>
<doc>Returns a list containing given items.</doc>
<status status="PASS" start="2024-06-16T22:15:02.303344" elapsed="0.000195"/>
</kw>
<for flavor="IN">
<iter>
<kw name="Dictionary Should Contain Key" owner="Collections">
<arg>${json_data['results'][0]['login']}</arg>
<arg>${keyTwo}</arg>
<doc>Fails if ``key`` is not found from ``dictionary``.</doc>
<status status="PASS" start="2024-06-16T22:15:02.304052" elapsed="0.000382"/>
</kw>
<kw name="Dictionary Should Contain Key" owner="Collections">
<arg>${json_data['results'][0]['login']}</arg>
<arg>${keyTwo}</arg>
<doc>Fails if ``key`` is not found from ``dictionary``.</doc>
<status status="PASS" start="2024-06-16T22:15:02.304618" elapsed="0.000417"/>
</kw>
<kw name="Log" owner="BuiltIn">
<msg time="2024-06-16T22:15:02.305338" level="INFO">username</msg>
<arg>${keyTwo}</arg>
<doc>Logs the given message with the given level.</doc>
<status status="PASS" start="2024-06-16T22:15:02.305217" elapsed="0.000158"/>
</kw>
<var name="${keyTwo}">username</var>
<status status="PASS" start="2024-06-16T22:15:02.303945" elapsed="0.001650"/>
</iter>
<iter>
<kw name="Dictionary Should Contain Key" owner="Collections">
<arg>${json_data['results'][0]['login']}</arg>
<arg>${keyTwo}</arg>
<doc>Fails if ``key`` is not found from ``dictionary``.</doc>
<status status="PASS" start="2024-06-16T22:15:02.305882" elapsed="0.000379"/>
</kw>
<kw name="Dictionary Should Contain Key" owner="Collections">
<arg>${json_data['results'][0]['login']}</arg>
<arg>${keyTwo}</arg>
<doc>Fails if ``key`` is not found from ``dictionary``.</doc>
<status status="PASS" start="2024-06-16T22:15:02.306442" elapsed="0.000366"/>
</kw>
<kw name="Log" owner="BuiltIn">
<msg time="2024-06-16T22:15:02.307106" level="INFO">password</msg>
<arg>${keyTwo}</arg>
<doc>Logs the given message with the given level.</doc>
<status status="PASS" start="2024-06-16T22:15:02.306987" elapsed="0.000155"/>
</kw>
<var name="${keyTwo}">password</var>
<status status="PASS" start="2024-06-16T22:15:02.305773" elapsed="0.001592"/>
</iter>
<var>${keyTwo}</var>
<value>@{expected_keysTwo}</value>
<status status="PASS" start="2024-06-16T22:15:02.303790" elapsed="0.003699"/>
</for>
<status status="PASS" start="2024-06-16T22:15:02.171996" elapsed="0.135660"/>
</kw>
<doc>Testa a estrutura da resposta da API.</doc>
<tag>testeEstruturaResposta</tag>
<status status="PASS" start="2024-06-16T22:15:02.171314" elapsed="0.136510"/>
</test>
<test id="s1-s1-t4" name="Validar tipos de dados" line="28">
<kw name="Teste de Tipos de Dados" owner="random-user-service">
<kw name="GET On Session" owner="RequestsLibrary">
<msg time="2024-06-16T22:15:02.390283" level="INFO">GET Request : url=https://randomuser.me/api 
 path_url=/api 
 headers={'User-Agent': 'python-requests/2.32.3', 'Accept-Encoding': 'gzip, deflate', 'Accept': '*/*', 'Connection': 'keep-alive'} 
 body=None 
 </msg>
<msg time="2024-06-16T22:15:02.390388" level="INFO">GET Response : url=https://randomuser.me/api 
 status=200, reason=OK 
 headers={'Date': 'Sun, 16 Jun 2024 22:15:02 GMT', 'Content-Type': 'application/json; charset=utf-8', 'Transfer-Encoding': 'chunked', 'Connection': 'keep-alive', 'X-Powered-By': 'Express', 'Access-Control-Allow-Origin': '*', 'Cache-Control': 'no-cache', 'ETag': 'W/"491-TL0qhwsvjumr3Arbq6BWV04fQ84"', 'Vary': 'Accept-Encoding', 'Content-Encoding': 'gzip', 'CF-Cache-Status': 'DYNAMIC', 'Report-To': '{"endpoints":[{"url":"https:\\/\\/a.nel.cloudflare.com\\/report\\/v4?s=RbVpTeUsOS5iBk3RWM3gzYps62iBSSsVt4%2FrsVkoVrc5KrwWrJ6lalhEc9ybF6gJU%2Fst4N41xZ8sAdlgmqY4MxFialX7siwywtpOHTt3sUEPID5PrVkhbBB59ozLX5oT"}],"group":"cf-nel","max_age":604800}', 'NEL': '{"success_fraction":0,"report_to":"cf-nel","max_age":604800}', 'Server': 'cloudflare', 'CF-RAY': '894e27ff7ec756b6-IAD', 'alt-svc': 'h3=":443"; ma=86400'} 
 body={"results":[{"gender":"male","name":{"title":"Mr","first":"Kurt","last":"Tucker"},"location":{"street":{"number":4065,"name":"Kingsway"},"city":"Coventry","state":"Cheshire","country":"United Kingdom","postcode":"V6E 0AD","coordinates":{"latitude":"-4.5068","longitude":"-120.3494"},"timezone":{"offset":"+9:00","description":"Tokyo, Seoul, Osaka, Sapporo, Yakutsk"}},"email":"kurt.tucker@example.com","login":{"uuid":"9ed65311-56ab-4eb9-b841-43bedc0c11c4","username":"crazybird328","password":"logan","salt":"uAPU6SJU","md5":"288a64d9c4ab3cf597cdacfce6340fc7","sha1":"d1453fe8673c7c40bb045ee2e27c8bafb86cade6","sha256":"0be8d5530989ef24da0d69b4ba948b0ffea8ee0bd00b647b2434f6281e5e7a4f"},"dob":{"date":"1955-06-03T07:04:22.506Z","age":69},"registered":{"date":"2016-12-25T03:14:32.843Z","age":7},"phone":"017687 42017","cell":"07692 167696","id":{"name":"NINO","value":"LE 55 63 10 B"},"picture":{"large":"https://randomuser.me/api/portraits/men/92.jpg","medium":"https://randomuser.me/api/portraits/med/men/92.jpg","thumbnail":"https://randomuser.me/api/portraits/thumb/men/92.jpg"},"nat":"GB"}],"info":{"seed":"af386fa527681f04","results":1,"page":1,"version":"1.4"}} 
 </msg>
<msg time="2024-06-16T22:15:02.390469" level="INFO">/opt/hostedtoolcache/Python/3.12.3/x64/lib/python3.12/site-packages/urllib3/connectionpool.py:1103: InsecureRequestWarning: Unverified HTTPS request is being made to host 'randomuser.me'. Adding certificate verification is strongly advised. See: https://urllib3.readthedocs.io/en/latest/advanced-usage.html#tls-warnings
  warnings.warn(</msg>
<msg time="2024-06-16T22:15:02.390598" level="INFO">${response} = &lt;Response [200]&gt;</msg>
<var>${response}</var>
<arg>consultarAPI</arg>
<arg>/api</arg>
<doc>Sends a GET request on a previously created HTTP Session.</doc>
<status status="PASS" start="2024-06-16T22:15:02.310340" elapsed="0.080296"/>
</kw>
<kw name="Set Variable" owner="BuiltIn">
<msg time="2024-06-16T22:15:02.391815" level="INFO">${json_data} = {'results': [{'gender': 'male', 'name': {'title': 'Mr', 'first': 'Kurt', 'last': 'Tucker'}, 'location': {'street': {'number': 4065, 'name': 'Kingsway'}, 'city': 'Coventry', 'state': 'Cheshire', 'count...</msg>
<var>${json_data}</var>
<arg>${response.json()}</arg>
<doc>Returns the given values which can then be assigned to a variables.</doc>
<status status="PASS" start="2024-06-16T22:15:02.391253" elapsed="0.000592"/>
</kw>
<kw name="Log" owner="BuiltIn">
<msg time="2024-06-16T22:15:02.392349" level="INFO">{'results': [{'gender': 'male', 'name': {'title': 'Mr', 'first': 'Kurt', 'last': 'Tucker'}, 'location': {'street': {'number': 4065, 'name': 'Kingsway'}, 'city': 'Coventry', 'state': 'Cheshire', 'country': 'United Kingdom', 'postcode': 'V6E 0AD', 'coordinates': {'latitude': '-4.5068', 'longitude': '-120.3494'}, 'timezone': {'offset': '+9:00', 'description': 'Tokyo, Seoul, Osaka, Sapporo, Yakutsk'}}, 'email': 'kurt.tucker@example.com', 'login': {'uuid': '9ed65311-56ab-4eb9-b841-43bedc0c11c4', 'username': 'crazybird328', 'password': 'logan', 'salt': 'uAPU6SJU', 'md5': '288a64d9c4ab3cf597cdacfce6340fc7', 'sha1': 'd1453fe8673c7c40bb045ee2e27c8bafb86cade6', 'sha256': '0be8d5530989ef24da0d69b4ba948b0ffea8ee0bd00b647b2434f6281e5e7a4f'}, 'dob': {'date': '1955-06-03T07:04:22.506Z', 'age': 69}, 'registered': {'date': '2016-12-25T03:14:32.843Z', 'age': 7}, 'phone': '017687 42017', 'cell': '07692 167696', 'id': {'name': 'NINO', 'value': 'LE 55 63 10 B'}, 'picture': {'large': 'https://randomuser.me/api/portraits/men/92.jpg', 'medium': 'https://randomuser.me/api/portraits/med/men/92.jpg', 'thumbnail': 'https://randomuser.me/api/portraits/thumb/men/92.jpg'}, 'nat': 'GB'}], 'info': {'seed': 'af386fa527681f04', 'results': 1, 'page': 1, 'version': '1.4'}}</msg>
<arg>${json_data}</arg>
<doc>Logs the given message with the given level.</doc>
<status status="PASS" start="2024-06-16T22:15:02.392190" elapsed="0.000207"/>
</kw>
<kw name="Should Be String" owner="String">
<arg>${json_data['results'][0]['gender']}</arg>
<doc>Fails if the given ``item`` is not a string.</doc>
<status status="PASS" start="2024-06-16T22:15:02.392746" elapsed="0.000391"/>
</kw>
<kw name="Should Match Regexp" owner="BuiltIn">
<arg>${json_data['results'][0]['email']}</arg>
<arg>^[a-zA-Z0-9._%+-]+@[a-zA-Z0-9.-]+\.[a-zA-Z]{2,}$</arg>
<doc>Fails if ``string`` does not match ``pattern`` as a regular expression.</doc>
<status status="PASS" start="2024-06-16T22:15:02.393332" elapsed="0.000589"/>
</kw>
<kw name="Should Match Regexp" owner="BuiltIn">
<arg>${json_data['results'][0]['dob']['date']}</arg>
<arg>\\d{4}-\\d{2}-\\d{2}T\\d{2}:\\d{2}:\\d{2}\\.\\d{3}Z</arg>
<doc>Fails if ``string`` does not match ``pattern`` as a regular expression.</doc>
<status status="PASS" start="2024-06-16T22:15:02.394122" elapsed="0.000507"/>
</kw>
<kw name="Should Match Regexp" owner="BuiltIn">
<arg>${json_data['results'][0]['registered']['date']}</arg>
<arg>\\d{4}-\\d{2}-\\d{2}T\\d{2}:\\d{2}:\\d{2}\\.\\d{3}Z</arg>
<doc>Fails if ``string`` does not match ``pattern`` as a regular expression.</doc>
<status status="PASS" start="2024-06-16T22:15:02.394823" elapsed="0.000366"/>
</kw>
<kw name="Should Match Regexp" owner="BuiltIn">
<arg>${json_data['results'][0]['picture']['large']}</arg>
<arg>^https?://.*\.(?:png|jpe?g|gif|bmp)$</arg>
<doc>Fails if ``string`` does not match ``pattern`` as a regular expression.</doc>
<status status="PASS" start="2024-06-16T22:15:02.395375" elapsed="0.000456"/>
</kw>
<kw name="Should Match Regexp" owner="BuiltIn">
<arg>${json_data['results'][0]['picture']['medium']}</arg>
<arg>^https?://.*\.(?:png|jpe?g|gif|bmp)$</arg>
<doc>Fails if ``string`` does not match ``pattern`` as a regular expression.</doc>
<status status="PASS" start="2024-06-16T22:15:02.396027" elapsed="0.000352"/>
</kw>
<kw name="Should Match Regexp" owner="BuiltIn">
<arg>${json_data['results'][0]['picture']['thumbnail']}</arg>
<arg>^https?://.*\.(?:png|jpe?g|gif|bmp)$</arg>
<doc>Fails if ``string`` does not match ``pattern`` as a regular expression.</doc>
<status status="PASS" start="2024-06-16T22:15:02.396571" elapsed="0.000374"/>
</kw>
<kw name="Log" owner="BuiltIn">
<msg time="2024-06-16T22:15:02.397462" level="INFO">{'large': 'https://randomuser.me/api/portraits/men/92.jpg', 'medium': 'https://randomuser.me/api/portraits/med/men/92.jpg', 'thumbnail': 'https://randomuser.me/api/portraits/thumb/men/92.jpg'}</msg>
<arg>${json_data['results'][0]['picture']}</arg>
<doc>Logs the given message with the given level.</doc>
<status status="PASS" start="2024-06-16T22:15:02.397130" elapsed="0.000376"/>
</kw>
<status status="PASS" start="2024-06-16T22:15:02.310108" elapsed="0.087672"/>
</kw>
<kw name="Teste de Tipos de Dados - Postcode" owner="random-user-service">
<kw name="GET On Session" owner="RequestsLibrary">
<msg time="2024-06-16T22:15:02.482667" level="INFO">GET Request : url=https://randomuser.me/api 
 path_url=/api 
 headers={'User-Agent': 'python-requests/2.32.3', 'Accept-Encoding': 'gzip, deflate', 'Accept': '*/*', 'Connection': 'keep-alive'} 
 body=None 
 </msg>
<msg time="2024-06-16T22:15:02.482777" level="INFO">GET Response : url=https://randomuser.me/api 
 status=200, reason=OK 
 headers={'Date': 'Sun, 16 Jun 2024 22:15:02 GMT', 'Content-Type': 'application/json; charset=utf-8', 'Transfer-Encoding': 'chunked', 'Connection': 'keep-alive', 'X-Powered-By': 'Express', 'Access-Control-Allow-Origin': '*', 'Cache-Control': 'no-cache', 'ETag': 'W/"489-c+73rzpTebfE5S577JXiwwvj4Kw"', 'Vary': 'Accept-Encoding', 'Content-Encoding': 'gzip', 'CF-Cache-Status': 'DYNAMIC', 'Report-To': '{"endpoints":[{"url":"https:\\/\\/a.nel.cloudflare.com\\/report\\/v4?s=tIoy1kUqSZ3YYb0iyDYmVr8nrZUFfIpRxVccGpbBUl%2Fu6wEWETEXDUC7Yd591I5yMAr2OHBW%2Bx8jwxQUOHhdSDl7Xt5WNXF1%2BEGbpBdvFrRmU1FIeRk%2Bo0r75RazboRI"}],"group":"cf-nel","max_age":604800}', 'NEL': '{"success_fraction":0,"report_to":"cf-nel","max_age":604800}', 'Server': 'cloudflare', 'CF-RAY': '894e28000f2f56b6-IAD', 'alt-svc': 'h3=":443"; ma=86400'} 
 body={"results":[{"gender":"male","name":{"title":"Mr","first":"Lucas","last":"Stewart"},"location":{"street":{"number":2832,"name":"Wheeler Ridge Dr"},"city":"Townsville","state":"Victoria","country":"Australia","postcode":5116,"coordinates":{"latitude":"-84.6112","longitude":"-6.0097"},"timezone":{"offset":"-1:00","description":"Azores, Cape Verde Islands"}},"email":"lucas.stewart@example.com","login":{"uuid":"ad64fdc6-d591-4af3-b8d9-5d3845bca0ff","username":"ticklishlion389","password":"loveit","salt":"YwKfP9n8","md5":"6aba66fc7d670d2d522f879e1955306e","sha1":"6435ec48557c3c301110b76cc9d047d709a6850b","sha256":"815da95ca3d94f20416230bf58ef69ef276dbc7030bd5ea9e68772ac0e7f2bd9"},"dob":{"date":"1993-04-10T07:55:05.741Z","age":31},"registered":{"date":"2006-12-10T18:14:35.880Z","age":17},"phone":"02-3776-0992","cell":"0449-564-342","id":{"name":"TFN","value":"253576054"},"picture":{"large":"https://randomuser.me/api/portraits/men/51.jpg","medium":"https://randomuser.me/api/portraits/med/men/51.jpg","thumbnail":"https://randomuser.me/api/portraits/thumb/men/51.jpg"},"nat":"AU"}],"info":{"seed":"589c76ebf3e03a99","results":1,"page":1,"version":"1.4"}} 
 </msg>
<msg time="2024-06-16T22:15:02.482881" level="INFO">/opt/hostedtoolcache/Python/3.12.3/x64/lib/python3.12/site-packages/urllib3/connectionpool.py:1103: InsecureRequestWarning: Unverified HTTPS request is being made to host 'randomuser.me'. Adding certificate verification is strongly advised. See: https://urllib3.readthedocs.io/en/latest/advanced-usage.html#tls-warnings
  warnings.warn(</msg>
<msg time="2024-06-16T22:15:02.483017" level="INFO">${response} = &lt;Response [200]&gt;</msg>
<var>${response}</var>
<arg>consultarAPI</arg>
<arg>/api</arg>
<doc>Sends a GET request on a previously created HTTP Session.</doc>
<status status="PASS" start="2024-06-16T22:15:02.398257" elapsed="0.084799"/>
</kw>
<kw name="Set Variable" owner="BuiltIn">
<msg time="2024-06-16T22:15:02.484106" level="INFO">${json_data} = {'results': [{'gender': 'male', 'name': {'title': 'Mr', 'first': 'Lucas', 'last': 'Stewart'}, 'location': {'street': {'number': 2832, 'name': 'Wheeler Ridge Dr'}, 'city': 'Townsville', 'state': 'Victo...</msg>
<var>${json_data}</var>
<arg>${response.json()}</arg>
<doc>Returns the given values which can then be assigned to a variables.</doc>
<status status="PASS" start="2024-06-16T22:15:02.483595" elapsed="0.000541"/>
</kw>
<kw name="Log" owner="BuiltIn">
<msg time="2024-06-16T22:15:02.484640" level="INFO">{'results': [{'gender': 'male', 'name': {'title': 'Mr', 'first': 'Lucas', 'last': 'Stewart'}, 'location': {'street': {'number': 2832, 'name': 'Wheeler Ridge Dr'}, 'city': 'Townsville', 'state': 'Victoria', 'country': 'Australia', 'postcode': 5116, 'coordinates': {'latitude': '-84.6112', 'longitude': '-6.0097'}, 'timezone': {'offset': '-1:00', 'description': 'Azores, Cape Verde Islands'}}, 'email': 'lucas.stewart@example.com', 'login': {'uuid': 'ad64fdc6-d591-4af3-b8d9-5d3845bca0ff', 'username': 'ticklishlion389', 'password': 'loveit', 'salt': 'YwKfP9n8', 'md5': '6aba66fc7d670d2d522f879e1955306e', 'sha1': '6435ec48557c3c301110b76cc9d047d709a6850b', 'sha256': '815da95ca3d94f20416230bf58ef69ef276dbc7030bd5ea9e68772ac0e7f2bd9'}, 'dob': {'date': '1993-04-10T07:55:05.741Z', 'age': 31}, 'registered': {'date': '2006-12-10T18:14:35.880Z', 'age': 17}, 'phone': '02-3776-0992', 'cell': '0449-564-342', 'id': {'name': 'TFN', 'value': '253576054'}, 'picture': {'large': 'https://randomuser.me/api/portraits/men/51.jpg', 'medium': 'https://randomuser.me/api/portraits/med/men/51.jpg', 'thumbnail': 'https://randomuser.me/api/portraits/thumb/men/51.jpg'}, 'nat': 'AU'}], 'info': {'seed': '589c76ebf3e03a99', 'results': 1, 'page': 1, 'version': '1.4'}}</msg>
<arg>${json_data}</arg>
<doc>Logs the given message with the given level.</doc>
<status status="PASS" start="2024-06-16T22:15:02.484478" elapsed="0.000260"/>
</kw>
<kw name="Should Be Equal As Numbers" owner="BuiltIn">
<arg>${json_data['results'][0]['location']['postcode']}</arg>
<arg>${json_data['results'][0]['location']['postcode']}</arg>
<doc>Fails if objects are unequal after converting them to real numbers.</doc>
<status status="PASS" start="2024-06-16T22:15:02.485060" elapsed="0.000627"/>
</kw>
<kw name="Log" owner="BuiltIn">
<msg time="2024-06-16T22:15:02.486215" level="INFO">5116</msg>
<arg>${json_data['results'][0]['location']['postcode']}</arg>
<doc>Logs the given message with the given level.</doc>
<status status="PASS" start="2024-06-16T22:15:02.485881" elapsed="0.000409"/>
</kw>
<status status="PASS" start="2024-06-16T22:15:02.398016" elapsed="0.088534"/>
</kw>
<doc>Testa se os tipos de dados na resposta da API estão corretos.</doc>
<tag>testeTiposDados</tag>
<status status="PASS" start="2024-06-16T22:15:02.309652" elapsed="0.177071"/>
</test>
<test id="s1-s1-t5" name="Validar conteudo" line="35">
<kw name="Teste de Tipos de Conteudo" owner="random-user-service">
<kw name="GET On Session" owner="RequestsLibrary">
<msg time="2024-06-16T22:15:02.573858" level="INFO">GET Request : url=https://randomuser.me/api 
 path_url=/api 
 headers={'User-Agent': 'python-requests/2.32.3', 'Accept-Encoding': 'gzip, deflate', 'Accept': '*/*', 'Connection': 'keep-alive'} 
 body=None 
 </msg>
<msg time="2024-06-16T22:15:02.573957" level="INFO">GET Response : url=https://randomuser.me/api 
 status=200, reason=OK 
 headers={'Date': 'Sun, 16 Jun 2024 22:15:02 GMT', 'Content-Type': 'application/json; charset=utf-8', 'Transfer-Encoding': 'chunked', 'Connection': 'keep-alive', 'X-Powered-By': 'Express', 'Access-Control-Allow-Origin': '*', 'Cache-Control': 'no-cache', 'ETag': 'W/"498-hrMDxo33/3xRV6bbAuHE38+YDjc"', 'Vary': 'Accept-Encoding', 'Content-Encoding': 'gzip', 'CF-Cache-Status': 'DYNAMIC', 'Report-To': '{"endpoints":[{"url":"https:\\/\\/a.nel.cloudflare.com\\/report\\/v4?s=TIERbEd2ckiGg%2BL1BQF5rdgH1cXU4F734qM5eCQ%2B2Psa4hJkZFgkyMYcKRR9yWMpo9fxlTKjLxYz6BLiGeJct2iBmjbXu5CeWmOdxDIbMzio64Jc%2FlI4SRfD%2BVDCn7Cr"}],"group":"cf-nel","max_age":604800}', 'NEL': '{"success_fraction":0,"report_to":"cf-nel","max_age":604800}', 'Server': 'cloudflare', 'CF-RAY': '894e2800af9256b6-IAD', 'alt-svc': 'h3=":443"; ma=86400'} 
 body={"results":[{"gender":"male","name":{"title":"Mr","first":"Felipe","last":"Centeno"},"location":{"street":{"number":7394,"name":"Calle Tlaxcala"},"city":"Cuitláhuac","state":"Sinaloa","country":"Mexico","postcode":36744,"coordinates":{"latitude":"23.8285","longitude":"-101.7412"},"timezone":{"offset":"+10:00","description":"Eastern Australia, Guam, Vladivostok"}},"email":"felipe.centeno@example.com","login":{"uuid":"43fb33c4-8649-4093-a05e-9075324f3c21","username":"greenswan633","password":"1979","salt":"FyrJaMnQ","md5":"8f96cc8120adb7b2151bea1662ac0797","sha1":"ef4231cc2538c127adecc3789b1ad1b5e92b3a48","sha256":"7970ac18c7976c13bf9d3082f4dfcc239b07ab477faa42c1de4e91fe6eb33de3"},"dob":{"date":"1945-07-09T19:37:59.102Z","age":78},"registered":{"date":"2011-06-19T15:19:30.654Z","age":12},"phone":"(621) 292 7101","cell":"(626) 184 6250","id":{"name":"NSS","value":"51 69 12 3721 0"},"picture":{"large":"https://randomuser.me/api/portraits/men/36.jpg","medium":"https://randomuser.me/api/portraits/med/men/36.jpg","thumbnail":"https://randomuser.me/api/portraits/thumb/men/36.jpg"},"nat":"MX"}],"info":{"seed":"d3bf5208db7f5dce","results":1,"page":1,"version":"1.4"}} 
 </msg>
<msg time="2024-06-16T22:15:02.574034" level="INFO">/opt/hostedtoolcache/Python/3.12.3/x64/lib/python3.12/site-packages/urllib3/connectionpool.py:1103: InsecureRequestWarning: Unverified HTTPS request is being made to host 'randomuser.me'. Adding certificate verification is strongly advised. See: https://urllib3.readthedocs.io/en/latest/advanced-usage.html#tls-warnings
  warnings.warn(</msg>
<msg time="2024-06-16T22:15:02.574155" level="INFO">${response} = &lt;Response [200]&gt;</msg>
<var>${response}</var>
<arg>consultarAPI</arg>
<arg>/api</arg>
<doc>Sends a GET request on a previously created HTTP Session.</doc>
<status status="PASS" start="2024-06-16T22:15:02.489588" elapsed="0.084610"/>
</kw>
<kw name="Set Variable" owner="BuiltIn">
<msg time="2024-06-16T22:15:02.575295" level="INFO">${json_data} = {'results': [{'gender': 'male', 'name': {'title': 'Mr', 'first': 'Felipe', 'last': 'Centeno'}, 'location': {'street': {'number': 7394, 'name': 'Calle Tlaxcala'}, 'city': 'Cuitláhuac', 'state': 'Sinalo...</msg>
<var>${json_data}</var>
<arg>${response.json()}</arg>
<doc>Returns the given values which can then be assigned to a variables.</doc>
<status status="PASS" start="2024-06-16T22:15:02.574750" elapsed="0.000576"/>
</kw>
<kw name="Set Variable" owner="BuiltIn">
<msg time="2024-06-16T22:15:02.576093" level="INFO">${name_title} = Mr</msg>
<var>${name_title}</var>
<arg>${json_data["results"][0]["name"]["title"]}</arg>
<doc>Returns the given values which can then be assigned to a variables.</doc>
<status status="PASS" start="2024-06-16T22:15:02.575681" elapsed="0.000438"/>
</kw>
<kw name="Create List" owner="BuiltIn">
<msg time="2024-06-16T22:15:02.576611" level="INFO">${allowed_titles} = ['Mr', 'Ms', 'Miss', 'Mrs', 'Madame', 'Monsieur']</msg>
<var>${allowed_titles}</var>
<arg>Mr</arg>
<arg>Ms</arg>
<arg>Miss</arg>
<arg>Mrs</arg>
<arg>Madame</arg>
<arg>Monsieur</arg>
<doc>Returns a list containing given items.</doc>
<status status="PASS" start="2024-06-16T22:15:02.576455" elapsed="0.000182"/>
</kw>
<kw name="List Should Contain Value" owner="Collections">
<arg>${allowed_titles}</arg>
<arg>${name_title}</arg>
<doc>Fails if the ``value`` is not found from ``list``.</doc>
<status status="PASS" start="2024-06-16T22:15:02.576990" elapsed="0.000201"/>
</kw>
<kw name="Set Variable" owner="BuiltIn">
<msg time="2024-06-16T22:15:02.577769" level="INFO">${name_country} = MX</msg>
<var>${name_country}</var>
<arg>${json_data["results"][0]["nat"]}</arg>
<doc>Returns the given values which can then be assigned to a variables.</doc>
<status status="PASS" start="2024-06-16T22:15:02.577377" elapsed="0.000418"/>
</kw>
<kw name="Create List" owner="BuiltIn">
<msg time="2024-06-16T22:15:02.578697" level="INFO">${list_country} = ['AD', 'AE', 'AF', 'AG', 'AI', 'AL', 'AM', 'AO', 'AQ', 'AR', 'AS', 'AT', 'AU', 'AW', 'AX', 'AZ', 'BA', 'BB', 'BD', 'BE', 'BF', 'BG', 'BH', 'BI', 'BJ', 'BL', 'BM', 'BN', 'BO', 'BQ', 'BR', 'BS', 'BT', '...</msg>
<var>${list_country}</var>
<arg>AD</arg>
<arg>AE</arg>
<arg>AF</arg>
<arg>AG</arg>
<arg>AI</arg>
<arg>AL</arg>
<arg>AM</arg>
<arg>AO</arg>
<arg>AQ</arg>
<arg>AR</arg>
<arg>AS</arg>
<arg>AT</arg>
<arg>AU</arg>
<arg>AW</arg>
<arg>AX</arg>
<arg>AZ</arg>
<arg>BA</arg>
<arg>BB</arg>
<arg>BD</arg>
<arg>BE</arg>
<arg>BF</arg>
<arg>BG</arg>
<arg>BH</arg>
<arg>BI</arg>
<arg>BJ</arg>
<arg>BL</arg>
<arg>BM</arg>
<arg>BN</arg>
<arg>BO</arg>
<arg>BQ</arg>
<arg>BR</arg>
<arg>BS</arg>
<arg>BT</arg>
<arg>BV</arg>
<arg>BW</arg>
<arg>BY</arg>
<arg>BZ</arg>
<arg>CA</arg>
<arg>CC</arg>
<arg>CD</arg>
<arg>CF</arg>
<arg>CG</arg>
<arg>CH</arg>
<arg>CI</arg>
<arg>CK</arg>
<arg>CL</arg>
<arg>CM</arg>
<arg>CN</arg>
<arg>CO</arg>
<arg>CR</arg>
<arg>CU</arg>
<arg>CV</arg>
<arg>CW</arg>
<arg>CX</arg>
<arg>CY</arg>
<arg>CZ</arg>
<arg>DE</arg>
<arg>DJ</arg>
<arg>DK</arg>
<arg>DM</arg>
<arg>DO</arg>
<arg>DZ</arg>
<arg>EC</arg>
<arg>EE</arg>
<arg>EG</arg>
<arg>EH</arg>
<arg>ER</arg>
<arg>ES</arg>
<arg>ET</arg>
<arg>FI</arg>
<arg>FJ</arg>
<arg>FK</arg>
<arg>FM</arg>
<arg>FO</arg>
<arg>FR</arg>
<arg>GA</arg>
<arg>GB</arg>
<arg>GD</arg>
<arg>GE</arg>
<arg>GF</arg>
<arg>GG</arg>
<arg>GH</arg>
<arg>GI</arg>
<arg>GL</arg>
<arg>GM</arg>
<arg>GN</arg>
<arg>GP</arg>
<arg>GQ</arg>
<arg>GR</arg>
<arg>GS</arg>
<arg>GT</arg>
<arg>GU</arg>
<arg>GW</arg>
<arg>GY</arg>
<arg>HK</arg>
<arg>HM</arg>
<arg>HN</arg>
<arg>HR</arg>
<arg>HT</arg>
<arg>HU</arg>
<arg>ID</arg>
<arg>IE</arg>
<arg>IL</arg>
<arg>IM</arg>
<arg>IN</arg>
<arg>IO</arg>
<arg>IQ</arg>
<arg>IR</arg>
<arg>IS</arg>
<arg>IT</arg>
<arg>JE</arg>
<arg>JM</arg>
<arg>JO</arg>
<arg>JP</arg>
<arg>KE</arg>
<arg>KG</arg>
<arg>KH</arg>
<arg>KI</arg>
<arg>KM</arg>
<arg>KN</arg>
<arg>KP</arg>
<arg>KR</arg>
<arg>KW</arg>
<arg>KY</arg>
<arg>KZ</arg>
<arg>LA</arg>
<arg>LB</arg>
<arg>LC</arg>
<arg>LI</arg>
<arg>LK</arg>
<arg>LR</arg>
<arg>LS</arg>
<arg>LT</arg>
<arg>LU</arg>
<arg>LV</arg>
<arg>LY</arg>
<arg>MA</arg>
<arg>MC</arg>
<arg>MD</arg>
<arg>ME</arg>
<arg>MF</arg>
<arg>MG</arg>
<arg>MH</arg>
<arg>MK</arg>
<arg>ML</arg>
<arg>MM</arg>
<arg>MN</arg>
<arg>MO</arg>
<arg>MP</arg>
<arg>MQ</arg>
<arg>MR</arg>
<arg>MS</arg>
<arg>MT</arg>
<arg>MU</arg>
<arg>MV</arg>
<arg>MW</arg>
<arg>MX</arg>
<arg>MY</arg>
<arg>MZ</arg>
<arg>NA</arg>
<arg>NC</arg>
<arg>NE</arg>
<arg>NF</arg>
<arg>NG</arg>
<arg>NI</arg>
<arg>NL</arg>
<arg>NO</arg>
<arg>NP</arg>
<arg>NR</arg>
<arg>NU</arg>
<arg>NZ</arg>
<arg>OM</arg>
<arg>PA</arg>
<arg>PE</arg>
<arg>PF</arg>
<arg>PG</arg>
<arg>PH</arg>
<arg>PK</arg>
<arg>PL</arg>
<arg>PM</arg>
<arg>PN</arg>
<arg>PR</arg>
<arg>PS</arg>
<arg>PT</arg>
<arg>PW</arg>
<arg>PY</arg>
<arg>QA</arg>
<arg>RE</arg>
<arg>RO</arg>
<arg>RS</arg>
<arg>RU</arg>
<arg>RW</arg>
<arg>SA</arg>
<arg>SB</arg>
<arg>SC</arg>
<arg>SD</arg>
<arg>SE</arg>
<arg>SG</arg>
<arg>SH</arg>
<arg>SI</arg>
<arg>SJ</arg>
<arg>SK</arg>
<arg>SL</arg>
<arg>SM</arg>
<arg>SN</arg>
<arg>SO</arg>
<arg>SR</arg>
<arg>SS</arg>
<arg>ST</arg>
<arg>SV</arg>
<arg>SX</arg>
<arg>SY</arg>
<arg>SZ</arg>
<arg>TC</arg>
<arg>TD</arg>
<arg>TF</arg>
<arg>TG</arg>
<arg>TH</arg>
<arg>TJ</arg>
<arg>TK</arg>
<arg>TL</arg>
<arg>TM</arg>
<arg>TN</arg>
<arg>TO</arg>
<arg>TR</arg>
<arg>TT</arg>
<arg>TV</arg>
<arg>TW</arg>
<arg>TZ</arg>
<arg>UA</arg>
<arg>UG</arg>
<arg>UM</arg>
<arg>US</arg>
<arg>UY</arg>
<arg>UZ</arg>
<arg>VA</arg>
<arg>VC</arg>
<arg>VE</arg>
<arg>VG</arg>
<arg>VI</arg>
<arg>VN</arg>
<arg>VU</arg>
<arg>WF</arg>
<arg>WS</arg>
<arg>XK</arg>
<arg>YE</arg>
<arg>YT</arg>
<arg>ZA</arg>
<arg>ZM</arg>
<arg>ZW</arg>
<doc>Returns a list containing given items.</doc>
<status status="PASS" start="2024-06-16T22:15:02.578097" elapsed="0.000625"/>
</kw>
<kw name="List Should Contain Value" owner="Collections">
<arg>${list_country}</arg>
<arg>${name_country}</arg>
<doc>Fails if the ``value`` is not found from ``list``.</doc>
<status status="PASS" start="2024-06-16T22:15:02.579530" elapsed="0.000211"/>
</kw>
<kw name="Run Keyword If" owner="BuiltIn">
<kw name="Should Be True" owner="BuiltIn">
<arg>${True}</arg>
<doc>Fails if the given condition is not true.</doc>
<status status="PASS" start="2024-06-16T22:15:02.580923" elapsed="0.000160"/>
</kw>
<arg>${json_data["results"][0]["location"]["coordinates"]["latitude"]} &gt;= -90 and ${json_data["results"][0]["location"]["coordinates"]["latitude"]} &lt;= 90</arg>
<arg>Should Be True</arg>
<arg>${True}</arg>
<doc>Runs the given keyword with the given arguments, if ``condition`` is true.</doc>
<status status="PASS" start="2024-06-16T22:15:02.579944" elapsed="0.001269"/>
</kw>
<kw name="Run Keyword If" owner="BuiltIn">
<kw name="Should Be True" owner="BuiltIn">
<arg>${True}</arg>
<doc>Fails if the given condition is not true.</doc>
<status status="PASS" start="2024-06-16T22:15:02.582116" elapsed="0.000149"/>
</kw>
<arg>${json_data["results"][0]["location"]["coordinates"]["longitude"]} &gt;= -180 and ${json_data["results"][0]["location"]["coordinates"]["longitude"]} &lt;= 180</arg>
<arg>Should Be True</arg>
<arg>${True}</arg>
<doc>Runs the given keyword with the given arguments, if ``condition`` is true.</doc>
<status status="PASS" start="2024-06-16T22:15:02.581407" elapsed="0.000999"/>
</kw>
<status status="PASS" start="2024-06-16T22:15:02.489212" elapsed="0.093345"/>
</kw>
<doc>Testa o conteúdo específico dos campos retornados pela API.</doc>
<tag>testeConteudo</tag>
<status status="PASS" start="2024-06-16T22:15:02.488517" elapsed="0.094205"/>
</test>
<status status="PASS" start="2024-06-16T22:15:01.434864" elapsed="1.149919"/>
</suite>
<status status="PASS" start="2024-06-16T22:15:01.421242" elapsed="1.168901"/>
</suite>
<statistics>
<total>
<stat pass="5" fail="0" skip="0">All Tests</stat>
</total>
<tag>
<stat pass="1" fail="0" skip="0">testeConteudo</stat>
<stat pass="1" fail="0" skip="0">testeEstruturaResposta</stat>
<stat pass="1" fail="0" skip="0">testeRequisicaoBasica</stat>
<stat pass="1" fail="0" skip="0">testeTiposDados</stat>
</tag>
<suite>
<stat pass="5" fail="0" skip="0" id="s1" name="Tests">Tests</stat>
<stat pass="5" fail="0" skip="0" id="s1-s1" name="Random-User-Test">Tests.Random-User-Test</stat>
</suite>
</statistics>
<errors>
</errors>
</robot>
