<?xml version="1.0" encoding="UTF-8"?>
<robot generator="Robot 7.0.1 (Python 3.12.4 on linux)" generated="2024-08-10T08:18:30.428950" rpa="false" schemaversion="5">
<suite id="s1" name="Tests" source="/home/runner/work/ApiRandomUser/ApiRandomUser/RamdonUser/tests">
<suite id="s1-s1" name="Random-User-Test" source="/home/runner/work/ApiRandomUser/ApiRandomUser/RamdonUser/tests/random-user-test.robot">
<test id="s1-s1-t1" name="Conectar" line="13">
<kw name="Conectar API" owner="random-user-service">
<kw name="Create Session" owner="RequestsLibrary">
<msg time="2024-08-10T08:18:30.832014" level="INFO">Creating Session using : alias=consultarAPI, url=https://randomuser.me/, headers={},                     cookies={}, auth=None, timeout=None, proxies=None, verify=False,                     debug=0 </msg>
<arg>consultarAPI</arg>
<arg>${URL}</arg>
<doc>Create Session: create a HTTP session to a server</doc>
<status status="PASS" start="2024-08-10T08:18:30.831807" elapsed="0.000388"/>
</kw>
<status status="PASS" start="2024-08-10T08:18:30.830702" elapsed="0.001893"/>
</kw>
<status status="PASS" start="2024-08-10T08:18:30.829915" elapsed="0.002880"/>
</test>
<test id="s1-s1-t2" name="Validar retorno 200 e JSON Válido" line="16">
<kw name="Teste de Requisicao Basica" owner="random-user-service">
<kw name="GET On Session" owner="RequestsLibrary">
<msg time="2024-08-10T08:18:31.064582" level="INFO">GET Request : url=https://randomuser.me/api 
 path_url=/api 
 headers={'User-Agent': 'python-requests/2.32.3', 'Accept-Encoding': 'gzip, deflate', 'Accept': '*/*', 'Connection': 'keep-alive'} 
 body=None 
 </msg>
<msg time="2024-08-10T08:18:31.064736" level="INFO">GET Response : url=https://randomuser.me/api 
 status=200, reason=OK 
 headers={'Date': 'Sat, 10 Aug 2024 08:18:31 GMT', 'Content-Type': 'application/json; charset=utf-8', 'Transfer-Encoding': 'chunked', 'Connection': 'keep-alive', 'X-Powered-By': 'Express', 'Access-Control-Allow-Origin': '*', 'Cache-Control': 'no-cache', 'ETag': 'W/"4a7-CZE1H4wdSLLAc/ACxWuim7LkNHA"', 'Vary': 'Accept-Encoding', 'Content-Encoding': 'gzip', 'CF-Cache-Status': 'DYNAMIC', 'Report-To': '{"endpoints":[{"url":"https:\\/\\/a.nel.cloudflare.com\\/report\\/v4?s=Hs17p1eVUqIuZUwOYqHEXrD0ce5D5Ml3mTzqvUTnSZkKmVvqjP4XR0mvvQ6ssGxAfBeocofac6PdNQJyL80GnoLwI%2BSODixAChsPRP3Rl1n%2BygPEO192BSjxlDCXfFFO"}],"group":"cf-nel","max_age":604800}', 'NEL': '{"success_fraction":0,"report_to":"cf-nel","max_age":604800}', 'Server': 'cloudflare', 'CF-RAY': '8b0e8e3fefd429d8-ORD', 'alt-svc': 'h3=":443"; ma=86400'} 
 body={"results":[{"gender":"male","name":{"title":"Monsieur","first":"Finn","last":"Bourgeois"},"location":{"street":{"number":8980,"name":"Place Paul-Duquaire"},"city":"Roche (Vd)","state":"Ticino","country":"Switzerland","postcode":8214,"coordinates":{"latitude":"-56.6045","longitude":"-69.0494"},"timezone":{"offset":"-5:00","description":"Eastern Time (US &amp; Canada), Bogota, Lima"}},"email":"finn.bourgeois@example.com","login":{"uuid":"413e4bc5-f5b1-41c1-9606-52a1c11b5eef","username":"angrykoala397","password":"georgia","salt":"0wReeYfJ","md5":"59711efc4627069cf052dbb3aa9c374a","sha1":"15ceea1c5580280ae504f520ddc4dfac844e57ab","sha256":"e6f95d5156e0b8da87e4a5333e9227d4f3999206c865dc86c0395355475ac30a"},"dob":{"date":"1951-11-06T00:29:58.105Z","age":72},"registered":{"date":"2015-04-03T17:43:41.848Z","age":9},"phone":"075 073 89 90","cell":"077 784 49 85","id":{"name":"AVS","value":"756.8245.1585.17"},"picture":{"large":"https://randomuser.me/api/portraits/men/9.jpg","medium":"https://randomuser.me/api/portraits/med/men/9.jpg","thumbnail":"https://randomuser.me/api/portraits/thumb/men/9.jpg"},"nat":"CH"}],"info":{"seed":"cc53b61b58e2ca48","results":1,"page":1,"version":"1.4"}} 
 </msg>
<msg time="2024-08-10T08:18:31.064826" level="INFO">/opt/hostedtoolcache/Python/3.12.4/x64/lib/python3.12/site-packages/urllib3/connectionpool.py:1099: InsecureRequestWarning: Unverified HTTPS request is being made to host 'randomuser.me'. Adding certificate verification is strongly advised. See: https://urllib3.readthedocs.io/en/latest/advanced-usage.html#tls-warnings
  warnings.warn(</msg>
<msg time="2024-08-10T08:18:31.064986" level="INFO">${response} = &lt;Response [200]&gt;</msg>
<var>${response}</var>
<arg>consultarAPI</arg>
<arg>/api</arg>
<doc>Sends a GET request on a previously created HTTP Session.</doc>
<status status="PASS" start="2024-08-10T08:18:30.835366" elapsed="0.229666"/>
</kw>
<kw name="Should Be Equal As Numbers" owner="BuiltIn">
<msg time="2024-08-10T08:18:31.066021" level="INFO">Argument types are:
&lt;class 'int'&gt;
&lt;class 'str'&gt;</msg>
<arg>${response.status_code}</arg>
<arg>200</arg>
<doc>Fails if objects are unequal after converting them to real numbers.</doc>
<status status="PASS" start="2024-08-10T08:18:31.065551" elapsed="0.000534"/>
</kw>
<kw name="Log" owner="BuiltIn">
<msg time="2024-08-10T08:18:31.066765" level="INFO">200</msg>
<arg>${response.status_code}</arg>
<doc>Logs the given message with the given level.</doc>
<status status="PASS" start="2024-08-10T08:18:31.066409" elapsed="0.000397"/>
</kw>
<kw name="Set Variable" owner="BuiltIn">
<msg time="2024-08-10T08:18:31.067548" level="INFO">${json_data} = {'results': [{'gender': 'male', 'name': {'title': 'Monsieur', 'first': 'Finn', 'last': 'Bourgeois'}, 'location': {'street': {'number': 8980, 'name': 'Place Paul-Duquaire'}, 'city': 'Roche (Vd)', 'stat...</msg>
<var>${json_data}</var>
<arg>${response.json()}</arg>
<doc>Returns the given values which can then be assigned to a variables.</doc>
<status status="PASS" start="2024-08-10T08:18:31.067116" elapsed="0.000461"/>
</kw>
<kw name="Dictionary Should Contain Key" owner="Collections">
<arg>${json_data}</arg>
<arg>results</arg>
<doc>Fails if ``key`` is not found from ``dictionary``.</doc>
<status status="PASS" start="2024-08-10T08:18:31.067882" elapsed="0.000325"/>
</kw>
<status status="PASS" start="2024-08-10T08:18:30.835121" elapsed="0.233244"/>
</kw>
<doc>Testa se a API responde corretamente e retorna um objeto JSON válido.</doc>
<tag>testeRequisicaoBasica</tag>
<status status="PASS" start="2024-08-10T08:18:30.834665" elapsed="0.233914"/>
</test>
<test id="s1-s1-t3" name="Validar estrutura de resposta" line="22">
<kw name="Teste de Estrutura de Resposta" owner="random-user-service">
<kw name="GET On Session" owner="RequestsLibrary">
<msg time="2024-08-10T08:18:31.166754" level="INFO">GET Request : url=https://randomuser.me/api 
 path_url=/api 
 headers={'User-Agent': 'python-requests/2.32.3', 'Accept-Encoding': 'gzip, deflate', 'Accept': '*/*', 'Connection': 'keep-alive'} 
 body=None 
 </msg>
<msg time="2024-08-10T08:18:31.166855" level="INFO">GET Response : url=https://randomuser.me/api 
 status=200, reason=OK 
 headers={'Date': 'Sat, 10 Aug 2024 08:18:31 GMT', 'Content-Type': 'application/json; charset=utf-8', 'Transfer-Encoding': 'chunked', 'Connection': 'keep-alive', 'X-Powered-By': 'Express', 'Access-Control-Allow-Origin': '*', 'Cache-Control': 'no-cache', 'ETag': 'W/"476-EK07jQXy73m+WwhrXUN1a9QFHYM"', 'Vary': 'Accept-Encoding', 'Content-Encoding': 'gzip', 'CF-Cache-Status': 'DYNAMIC', 'Report-To': '{"endpoints":[{"url":"https:\\/\\/a.nel.cloudflare.com\\/report\\/v4?s=8cmcvMYG3RdAO5Bo6Q%2FCczstTILrTiFBzIIWU%2BnAev7Hrf0kqhnt6Q%2Fcy4GjPg%2FSdAfxDZq5PYT8HS56k3MYVBvEq%2Bs4ILBjK%2FfxSkAyAp8CxPcjzuIQM1IARkIP9B%2B7"}],"group":"cf-nel","max_age":604800}', 'NEL': '{"success_fraction":0,"report_to":"cf-nel","max_age":604800}', 'Server': 'cloudflare', 'CF-RAY': '8b0e8e403ff729d8-ORD', 'alt-svc': 'h3=":443"; ma=86400'} 
 body={"results":[{"gender":"female","name":{"title":"Ms","first":"Sham","last":"Kalstad"},"location":{"street":{"number":8934,"name":"Gjøvikgata"},"city":"Spydeberg","state":"Oslo","country":"Norway","postcode":"3511","coordinates":{"latitude":"40.7086","longitude":"126.3235"},"timezone":{"offset":"+6:00","description":"Almaty, Dhaka, Colombo"}},"email":"sham.kalstad@example.com","login":{"uuid":"d6ece4c9-ffe3-405e-af5e-d2af545d2ab8","username":"whitesnake231","password":"froggy","salt":"95lcu6B0","md5":"8bfb9aa8a2603817b50d177ed3b6d0f0","sha1":"7b4196c38c31352aa3af25621b65edafb78863e8","sha256":"88c7bbfb619addcb59e9501625d0323dfe193660bb95fe1103ab21f71f8163c7"},"dob":{"date":"1982-08-05T01:45:36.928Z","age":42},"registered":{"date":"2022-01-11T19:41:11.641Z","age":2},"phone":"33816753","cell":"40796776","id":{"name":"FN","value":"05088231017"},"picture":{"large":"https://randomuser.me/api/portraits/women/34.jpg","medium":"https://randomuser.me/api/portraits/med/women/34.jpg","thumbnail":"https://randomuser.me/api/portraits/thumb/women/34.jpg"},"nat":"NO"}],"info":{"seed":"8aa1ccff1c4ea85e","results":1,"page":1,"version":"1.4"}} 
 </msg>
<msg time="2024-08-10T08:18:31.167000" level="INFO">/opt/hostedtoolcache/Python/3.12.4/x64/lib/python3.12/site-packages/urllib3/connectionpool.py:1099: InsecureRequestWarning: Unverified HTTPS request is being made to host 'randomuser.me'. Adding certificate verification is strongly advised. See: https://urllib3.readthedocs.io/en/latest/advanced-usage.html#tls-warnings
  warnings.warn(</msg>
<msg time="2024-08-10T08:18:31.167169" level="INFO">${response} = &lt;Response [200]&gt;</msg>
<var>${response}</var>
<arg>consultarAPI</arg>
<arg>/api</arg>
<doc>Sends a GET request on a previously created HTTP Session.</doc>
<status status="PASS" start="2024-08-10T08:18:31.071169" elapsed="0.096059"/>
</kw>
<kw name="Set Variable" owner="BuiltIn">
<msg time="2024-08-10T08:18:31.168197" level="INFO">${json_data} = {'results': [{'gender': 'female', 'name': {'title': 'Ms', 'first': 'Sham', 'last': 'Kalstad'}, 'location': {'street': {'number': 8934, 'name': 'Gjøvikgata'}, 'city': 'Spydeberg', 'state': 'Oslo', 'cou...</msg>
<var>${json_data}</var>
<arg>${response.json()}</arg>
<doc>Returns the given values which can then be assigned to a variables.</doc>
<status status="PASS" start="2024-08-10T08:18:31.167701" elapsed="0.000527"/>
</kw>
<kw name="Log" owner="BuiltIn">
<msg time="2024-08-10T08:18:31.168756" level="INFO">{'results': [{'gender': 'female', 'name': {'title': 'Ms', 'first': 'Sham', 'last': 'Kalstad'}, 'location': {'street': {'number': 8934, 'name': 'Gjøvikgata'}, 'city': 'Spydeberg', 'state': 'Oslo', 'country': 'Norway', 'postcode': '3511', 'coordinates': {'latitude': '40.7086', 'longitude': '126.3235'}, 'timezone': {'offset': '+6:00', 'description': 'Almaty, Dhaka, Colombo'}}, 'email': 'sham.kalstad@example.com', 'login': {'uuid': 'd6ece4c9-ffe3-405e-af5e-d2af545d2ab8', 'username': 'whitesnake231', 'password': 'froggy', 'salt': '95lcu6B0', 'md5': '8bfb9aa8a2603817b50d177ed3b6d0f0', 'sha1': '7b4196c38c31352aa3af25621b65edafb78863e8', 'sha256': '88c7bbfb619addcb59e9501625d0323dfe193660bb95fe1103ab21f71f8163c7'}, 'dob': {'date': '1982-08-05T01:45:36.928Z', 'age': 42}, 'registered': {'date': '2022-01-11T19:41:11.641Z', 'age': 2}, 'phone': '33816753', 'cell': '40796776', 'id': {'name': 'FN', 'value': '05088231017'}, 'picture': {'large': 'https://randomuser.me/api/portraits/women/34.jpg', 'medium': 'https://randomuser.me/api/portraits/med/women/34.jpg', 'thumbnail': 'https://randomuser.me/api/portraits/thumb/women/34.jpg'}, 'nat': 'NO'}], 'info': {'seed': '8aa1ccff1c4ea85e', 'results': 1, 'page': 1, 'version': '1.4'}}</msg>
<arg>${json_data}</arg>
<doc>Logs the given message with the given level.</doc>
<status status="PASS" start="2024-08-10T08:18:31.168579" elapsed="0.000228"/>
</kw>
<kw name="Dictionary Should Contain Key" owner="Collections">
<arg>${json_data}</arg>
<arg>results</arg>
<doc>Fails if ``key`` is not found from ``dictionary``.</doc>
<status status="PASS" start="2024-08-10T08:18:31.169110" elapsed="0.000167"/>
</kw>
<kw name="Should Not Be Empty" owner="BuiltIn">
<msg time="2024-08-10T08:18:31.169589" level="INFO">Length is 2.</msg>
<arg>${json_data}</arg>
<doc>Verifies that the given item is not empty.</doc>
<status status="PASS" start="2024-08-10T08:18:31.169463" elapsed="0.000166"/>
</kw>
<kw name="Create List" owner="BuiltIn">
<msg time="2024-08-10T08:18:31.170077" level="INFO">${expected_keys} = ['gender', 'name', 'location', 'email', 'login']</msg>
<var>${expected_keys}</var>
<arg>gender</arg>
<arg>name</arg>
<arg>location</arg>
<arg>email</arg>
<arg>login</arg>
<doc>Returns a list containing given items.</doc>
<status status="PASS" start="2024-08-10T08:18:31.169921" elapsed="0.000180"/>
</kw>
<for flavor="IN">
<iter>
<kw name="Dictionary Should Contain Key" owner="Collections">
<arg>${json_data['results'][0]}</arg>
<arg>${key}</arg>
<doc>Fails if ``key`` is not found from ``dictionary``.</doc>
<status status="PASS" start="2024-08-10T08:18:31.170678" elapsed="0.000411"/>
</kw>
<kw name="Log" owner="BuiltIn">
<msg time="2024-08-10T08:18:31.171639" level="INFO">{'gender': 'female', 'name': {'title': 'Ms', 'first': 'Sham', 'last': 'Kalstad'}, 'location': {'street': {'number': 8934, 'name': 'Gjøvikgata'}, 'city': 'Spydeberg', 'state': 'Oslo', 'country': 'Norway', 'postcode': '3511', 'coordinates': {'latitude': '40.7086', 'longitude': '126.3235'}, 'timezone': {'offset': '+6:00', 'description': 'Almaty, Dhaka, Colombo'}}, 'email': 'sham.kalstad@example.com', 'login': {'uuid': 'd6ece4c9-ffe3-405e-af5e-d2af545d2ab8', 'username': 'whitesnake231', 'password': 'froggy', 'salt': '95lcu6B0', 'md5': '8bfb9aa8a2603817b50d177ed3b6d0f0', 'sha1': '7b4196c38c31352aa3af25621b65edafb78863e8', 'sha256': '88c7bbfb619addcb59e9501625d0323dfe193660bb95fe1103ab21f71f8163c7'}, 'dob': {'date': '1982-08-05T01:45:36.928Z', 'age': 42}, 'registered': {'date': '2022-01-11T19:41:11.641Z', 'age': 2}, 'phone': '33816753', 'cell': '40796776', 'id': {'name': 'FN', 'value': '05088231017'}, 'picture': {'large': 'https://randomuser.me/api/portraits/women/34.jpg', 'medium': 'https://randomuser.me/api/portraits/med/women/34.jpg', 'thumbnail': 'https://randomuser.me/api/portraits/thumb/women/34.jpg'}, 'nat': 'NO'}</msg>
<arg>${json_data['results'][0]}</arg>
<doc>Logs the given message with the given level.</doc>
<status status="PASS" start="2024-08-10T08:18:31.171281" elapsed="0.000410"/>
</kw>
<kw name="Log" owner="BuiltIn">
<msg time="2024-08-10T08:18:31.172122" level="INFO">gender</msg>
<arg>${key}</arg>
<doc>Logs the given message with the given level.</doc>
<status status="PASS" start="2024-08-10T08:18:31.171991" elapsed="0.000169"/>
</kw>
<var name="${key}">gender</var>
<status status="PASS" start="2024-08-10T08:18:31.170553" elapsed="0.001826"/>
</iter>
<iter>
<kw name="Dictionary Should Contain Key" owner="Collections">
<arg>${json_data['results'][0]}</arg>
<arg>${key}</arg>
<doc>Fails if ``key`` is not found from ``dictionary``.</doc>
<status status="PASS" start="2024-08-10T08:18:31.172715" elapsed="0.000399"/>
</kw>
<kw name="Log" owner="BuiltIn">
<msg time="2024-08-10T08:18:31.173657" level="INFO">{'gender': 'female', 'name': {'title': 'Ms', 'first': 'Sham', 'last': 'Kalstad'}, 'location': {'street': {'number': 8934, 'name': 'Gjøvikgata'}, 'city': 'Spydeberg', 'state': 'Oslo', 'country': 'Norway', 'postcode': '3511', 'coordinates': {'latitude': '40.7086', 'longitude': '126.3235'}, 'timezone': {'offset': '+6:00', 'description': 'Almaty, Dhaka, Colombo'}}, 'email': 'sham.kalstad@example.com', 'login': {'uuid': 'd6ece4c9-ffe3-405e-af5e-d2af545d2ab8', 'username': 'whitesnake231', 'password': 'froggy', 'salt': '95lcu6B0', 'md5': '8bfb9aa8a2603817b50d177ed3b6d0f0', 'sha1': '7b4196c38c31352aa3af25621b65edafb78863e8', 'sha256': '88c7bbfb619addcb59e9501625d0323dfe193660bb95fe1103ab21f71f8163c7'}, 'dob': {'date': '1982-08-05T01:45:36.928Z', 'age': 42}, 'registered': {'date': '2022-01-11T19:41:11.641Z', 'age': 2}, 'phone': '33816753', 'cell': '40796776', 'id': {'name': 'FN', 'value': '05088231017'}, 'picture': {'large': 'https://randomuser.me/api/portraits/women/34.jpg', 'medium': 'https://randomuser.me/api/portraits/med/women/34.jpg', 'thumbnail': 'https://randomuser.me/api/portraits/thumb/women/34.jpg'}, 'nat': 'NO'}</msg>
<arg>${json_data['results'][0]}</arg>
<doc>Logs the given message with the given level.</doc>
<status status="PASS" start="2024-08-10T08:18:31.173299" elapsed="0.000439"/>
</kw>
<kw name="Log" owner="BuiltIn">
<msg time="2024-08-10T08:18:31.174167" level="INFO">name</msg>
<arg>${key}</arg>
<doc>Logs the given message with the given level.</doc>
<status status="PASS" start="2024-08-10T08:18:31.174039" elapsed="0.000167"/>
</kw>
<var name="${key}">name</var>
<status status="PASS" start="2024-08-10T08:18:31.172589" elapsed="0.001833"/>
</iter>
<iter>
<kw name="Dictionary Should Contain Key" owner="Collections">
<arg>${json_data['results'][0]}</arg>
<arg>${key}</arg>
<doc>Fails if ``key`` is not found from ``dictionary``.</doc>
<status status="PASS" start="2024-08-10T08:18:31.174711" elapsed="0.000381"/>
</kw>
<kw name="Log" owner="BuiltIn">
<msg time="2024-08-10T08:18:31.175644" level="INFO">{'gender': 'female', 'name': {'title': 'Ms', 'first': 'Sham', 'last': 'Kalstad'}, 'location': {'street': {'number': 8934, 'name': 'Gjøvikgata'}, 'city': 'Spydeberg', 'state': 'Oslo', 'country': 'Norway', 'postcode': '3511', 'coordinates': {'latitude': '40.7086', 'longitude': '126.3235'}, 'timezone': {'offset': '+6:00', 'description': 'Almaty, Dhaka, Colombo'}}, 'email': 'sham.kalstad@example.com', 'login': {'uuid': 'd6ece4c9-ffe3-405e-af5e-d2af545d2ab8', 'username': 'whitesnake231', 'password': 'froggy', 'salt': '95lcu6B0', 'md5': '8bfb9aa8a2603817b50d177ed3b6d0f0', 'sha1': '7b4196c38c31352aa3af25621b65edafb78863e8', 'sha256': '88c7bbfb619addcb59e9501625d0323dfe193660bb95fe1103ab21f71f8163c7'}, 'dob': {'date': '1982-08-05T01:45:36.928Z', 'age': 42}, 'registered': {'date': '2022-01-11T19:41:11.641Z', 'age': 2}, 'phone': '33816753', 'cell': '40796776', 'id': {'name': 'FN', 'value': '05088231017'}, 'picture': {'large': 'https://randomuser.me/api/portraits/women/34.jpg', 'medium': 'https://randomuser.me/api/portraits/med/women/34.jpg', 'thumbnail': 'https://randomuser.me/api/portraits/thumb/women/34.jpg'}, 'nat': 'NO'}</msg>
<arg>${json_data['results'][0]}</arg>
<doc>Logs the given message with the given level.</doc>
<status status="PASS" start="2024-08-10T08:18:31.175275" elapsed="0.000419"/>
</kw>
<kw name="Log" owner="BuiltIn">
<msg time="2024-08-10T08:18:31.176131" level="INFO">location</msg>
<arg>${key}</arg>
<doc>Logs the given message with the given level.</doc>
<status status="PASS" start="2024-08-10T08:18:31.176002" elapsed="0.000167"/>
</kw>
<var name="${key}">location</var>
<status status="PASS" start="2024-08-10T08:18:31.174602" elapsed="0.001783"/>
</iter>
<iter>
<kw name="Dictionary Should Contain Key" owner="Collections">
<arg>${json_data['results'][0]}</arg>
<arg>${key}</arg>
<doc>Fails if ``key`` is not found from ``dictionary``.</doc>
<status status="PASS" start="2024-08-10T08:18:31.176721" elapsed="0.000387"/>
</kw>
<kw name="Log" owner="BuiltIn">
<msg time="2024-08-10T08:18:31.177757" level="INFO">{'gender': 'female', 'name': {'title': 'Ms', 'first': 'Sham', 'last': 'Kalstad'}, 'location': {'street': {'number': 8934, 'name': 'Gjøvikgata'}, 'city': 'Spydeberg', 'state': 'Oslo', 'country': 'Norway', 'postcode': '3511', 'coordinates': {'latitude': '40.7086', 'longitude': '126.3235'}, 'timezone': {'offset': '+6:00', 'description': 'Almaty, Dhaka, Colombo'}}, 'email': 'sham.kalstad@example.com', 'login': {'uuid': 'd6ece4c9-ffe3-405e-af5e-d2af545d2ab8', 'username': 'whitesnake231', 'password': 'froggy', 'salt': '95lcu6B0', 'md5': '8bfb9aa8a2603817b50d177ed3b6d0f0', 'sha1': '7b4196c38c31352aa3af25621b65edafb78863e8', 'sha256': '88c7bbfb619addcb59e9501625d0323dfe193660bb95fe1103ab21f71f8163c7'}, 'dob': {'date': '1982-08-05T01:45:36.928Z', 'age': 42}, 'registered': {'date': '2022-01-11T19:41:11.641Z', 'age': 2}, 'phone': '33816753', 'cell': '40796776', 'id': {'name': 'FN', 'value': '05088231017'}, 'picture': {'large': 'https://randomuser.me/api/portraits/women/34.jpg', 'medium': 'https://randomuser.me/api/portraits/med/women/34.jpg', 'thumbnail': 'https://randomuser.me/api/portraits/thumb/women/34.jpg'}, 'nat': 'NO'}</msg>
<arg>${json_data['results'][0]}</arg>
<doc>Logs the given message with the given level.</doc>
<status status="PASS" start="2024-08-10T08:18:31.177401" elapsed="0.000406"/>
</kw>
<kw name="Log" owner="BuiltIn">
<msg time="2024-08-10T08:18:31.178239" level="INFO">email</msg>
<arg>${key}</arg>
<doc>Logs the given message with the given level.</doc>
<status status="PASS" start="2024-08-10T08:18:31.178109" elapsed="0.000169"/>
</kw>
<var name="${key}">email</var>
<status status="PASS" start="2024-08-10T08:18:31.176601" elapsed="0.001890"/>
</iter>
<iter>
<kw name="Dictionary Should Contain Key" owner="Collections">
<arg>${json_data['results'][0]}</arg>
<arg>${key}</arg>
<doc>Fails if ``key`` is not found from ``dictionary``.</doc>
<status status="PASS" start="2024-08-10T08:18:31.178768" elapsed="0.000374"/>
</kw>
<kw name="Log" owner="BuiltIn">
<msg time="2024-08-10T08:18:31.179669" level="INFO">{'gender': 'female', 'name': {'title': 'Ms', 'first': 'Sham', 'last': 'Kalstad'}, 'location': {'street': {'number': 8934, 'name': 'Gjøvikgata'}, 'city': 'Spydeberg', 'state': 'Oslo', 'country': 'Norway', 'postcode': '3511', 'coordinates': {'latitude': '40.7086', 'longitude': '126.3235'}, 'timezone': {'offset': '+6:00', 'description': 'Almaty, Dhaka, Colombo'}}, 'email': 'sham.kalstad@example.com', 'login': {'uuid': 'd6ece4c9-ffe3-405e-af5e-d2af545d2ab8', 'username': 'whitesnake231', 'password': 'froggy', 'salt': '95lcu6B0', 'md5': '8bfb9aa8a2603817b50d177ed3b6d0f0', 'sha1': '7b4196c38c31352aa3af25621b65edafb78863e8', 'sha256': '88c7bbfb619addcb59e9501625d0323dfe193660bb95fe1103ab21f71f8163c7'}, 'dob': {'date': '1982-08-05T01:45:36.928Z', 'age': 42}, 'registered': {'date': '2022-01-11T19:41:11.641Z', 'age': 2}, 'phone': '33816753', 'cell': '40796776', 'id': {'name': 'FN', 'value': '05088231017'}, 'picture': {'large': 'https://randomuser.me/api/portraits/women/34.jpg', 'medium': 'https://randomuser.me/api/portraits/med/women/34.jpg', 'thumbnail': 'https://randomuser.me/api/portraits/thumb/women/34.jpg'}, 'nat': 'NO'}</msg>
<arg>${json_data['results'][0]}</arg>
<doc>Logs the given message with the given level.</doc>
<status status="PASS" start="2024-08-10T08:18:31.179323" elapsed="0.000394"/>
</kw>
<kw name="Log" owner="BuiltIn">
<msg time="2024-08-10T08:18:31.180132" level="INFO">login</msg>
<arg>${key}</arg>
<doc>Logs the given message with the given level.</doc>
<status status="PASS" start="2024-08-10T08:18:31.180007" elapsed="0.000162"/>
</kw>
<var name="${key}">login</var>
<status status="PASS" start="2024-08-10T08:18:31.178663" elapsed="0.001718"/>
</iter>
<var>${key}</var>
<value>@{expected_keys}</value>
<status status="PASS" start="2024-08-10T08:18:31.170359" elapsed="0.010143"/>
</for>
<kw name="Create List" owner="BuiltIn">
<msg time="2024-08-10T08:18:31.180849" level="INFO">${expected_keysTwo} = ['username', 'password']</msg>
<var>${expected_keysTwo}</var>
<arg>username</arg>
<arg>password</arg>
<doc>Returns a list containing given items.</doc>
<status status="PASS" start="2024-08-10T08:18:31.180717" elapsed="0.000156"/>
</kw>
<for flavor="IN">
<iter>
<kw name="Dictionary Should Contain Key" owner="Collections">
<arg>${json_data['results'][0]['login']}</arg>
<arg>${keyTwo}</arg>
<doc>Fails if ``key`` is not found from ``dictionary``.</doc>
<status status="PASS" start="2024-08-10T08:18:31.181397" elapsed="0.000395"/>
</kw>
<kw name="Dictionary Should Contain Key" owner="Collections">
<arg>${json_data['results'][0]['login']}</arg>
<arg>${keyTwo}</arg>
<doc>Fails if ``key`` is not found from ``dictionary``.</doc>
<status status="PASS" start="2024-08-10T08:18:31.181973" elapsed="0.000370"/>
</kw>
<kw name="Log" owner="BuiltIn">
<msg time="2024-08-10T08:18:31.182636" level="INFO">username</msg>
<arg>${keyTwo}</arg>
<doc>Logs the given message with the given level.</doc>
<status status="PASS" start="2024-08-10T08:18:31.182518" elapsed="0.000156"/>
</kw>
<var name="${keyTwo}">username</var>
<status status="PASS" start="2024-08-10T08:18:31.181291" elapsed="0.001599"/>
</iter>
<iter>
<kw name="Dictionary Should Contain Key" owner="Collections">
<arg>${json_data['results'][0]['login']}</arg>
<arg>${keyTwo}</arg>
<doc>Fails if ``key`` is not found from ``dictionary``.</doc>
<status status="PASS" start="2024-08-10T08:18:31.183165" elapsed="0.000396"/>
</kw>
<kw name="Dictionary Should Contain Key" owner="Collections">
<arg>${json_data['results'][0]['login']}</arg>
<arg>${keyTwo}</arg>
<doc>Fails if ``key`` is not found from ``dictionary``.</doc>
<status status="PASS" start="2024-08-10T08:18:31.183735" elapsed="0.000374"/>
</kw>
<kw name="Log" owner="BuiltIn">
<msg time="2024-08-10T08:18:31.184404" level="INFO">password</msg>
<arg>${keyTwo}</arg>
<doc>Logs the given message with the given level.</doc>
<status status="PASS" start="2024-08-10T08:18:31.184285" elapsed="0.000156"/>
</kw>
<var name="${keyTwo}">password</var>
<status status="PASS" start="2024-08-10T08:18:31.183062" elapsed="0.001631"/>
</iter>
<var>${keyTwo}</var>
<value>@{expected_keysTwo}</value>
<status status="PASS" start="2024-08-10T08:18:31.181140" elapsed="0.003676"/>
</for>
<status status="PASS" start="2024-08-10T08:18:31.070939" elapsed="0.114016"/>
</kw>
<doc>Testa a estrutura da resposta da API.</doc>
<tag>testeEstruturaResposta</tag>
<status status="PASS" start="2024-08-10T08:18:31.070417" elapsed="0.114693"/>
</test>
<test id="s1-s1-t4" name="Validar tipos de dados" line="28">
<kw name="Teste de Tipos de Dados" owner="random-user-service">
<kw name="GET On Session" owner="RequestsLibrary">
<msg time="2024-08-10T08:18:31.275785" level="INFO">GET Request : url=https://randomuser.me/api 
 path_url=/api 
 headers={'User-Agent': 'python-requests/2.32.3', 'Accept-Encoding': 'gzip, deflate', 'Accept': '*/*', 'Connection': 'keep-alive'} 
 body=None 
 </msg>
<msg time="2024-08-10T08:18:31.275859" level="INFO">GET Response : url=https://randomuser.me/api 
 status=200, reason=OK 
 headers={'Date': 'Sat, 10 Aug 2024 08:18:31 GMT', 'Content-Type': 'application/json; charset=utf-8', 'Transfer-Encoding': 'chunked', 'Connection': 'keep-alive', 'X-Powered-By': 'Express', 'Access-Control-Allow-Origin': '*', 'Cache-Control': 'no-cache', 'ETag': 'W/"492-KvrAatEmrvIqVOnwTjVS3EkhVko"', 'Vary': 'Accept-Encoding', 'Content-Encoding': 'gzip', 'CF-Cache-Status': 'DYNAMIC', 'Report-To': '{"endpoints":[{"url":"https:\\/\\/a.nel.cloudflare.com\\/report\\/v4?s=WSYbuL7457An7OqqWf61VrGg9tPD4JBZ%2BpHPZFieTwMdCSwj0aOr9lNnS63W3UXgHRfQqkULOHB%2FdsXB%2B0KAtCUV4o1hoxqsKH%2FfIei%2BT5VTEwTW4kYvxqzsk94cmfYd"}],"group":"cf-nel","max_age":604800}', 'NEL': '{"success_fraction":0,"report_to":"cf-nel","max_age":604800}', 'Server': 'cloudflare', 'CF-RAY': '8b0e8e40e84029d8-ORD', 'alt-svc': 'h3=":443"; ma=86400'} 
 body={"results":[{"gender":"male","name":{"title":"Mr","first":"Nelson","last":"Hopkins"},"location":{"street":{"number":8972,"name":"Hamilton Ave"},"city":"Sydney","state":"New South Wales","country":"Australia","postcode":8152,"coordinates":{"latitude":"-83.9832","longitude":"-163.7678"},"timezone":{"offset":"+10:00","description":"Eastern Australia, Guam, Vladivostok"}},"email":"nelson.hopkins@example.com","login":{"uuid":"b6fe5c34-a14b-492d-9f21-33e95c434b3e","username":"bluecat304","password":"vvvvvvv","salt":"PesTJiZI","md5":"567a4f686b749d211ebee9a9939e79a3","sha1":"840e00a3032d995ece57aa05a7bec3f7796b9226","sha256":"18b0355ef8d44ef068917041af33dfc7adcd2630a7b4c0bd91335bf8589696b3"},"dob":{"date":"1955-07-25T07:44:19.361Z","age":69},"registered":{"date":"2020-04-12T10:37:15.270Z","age":4},"phone":"03-8223-7293","cell":"0451-909-540","id":{"name":"TFN","value":"210609259"},"picture":{"large":"https://randomuser.me/api/portraits/men/62.jpg","medium":"https://randomuser.me/api/portraits/med/men/62.jpg","thumbnail":"https://randomuser.me/api/portraits/thumb/men/62.jpg"},"nat":"AU"}],"info":{"seed":"d8ad96c8177b6fe7","results":1,"page":1,"version":"1.4"}} 
 </msg>
<msg time="2024-08-10T08:18:31.275919" level="INFO">/opt/hostedtoolcache/Python/3.12.4/x64/lib/python3.12/site-packages/urllib3/connectionpool.py:1099: InsecureRequestWarning: Unverified HTTPS request is being made to host 'randomuser.me'. Adding certificate verification is strongly advised. See: https://urllib3.readthedocs.io/en/latest/advanced-usage.html#tls-warnings
  warnings.warn(</msg>
<msg time="2024-08-10T08:18:31.276012" level="INFO">${response} = &lt;Response [200]&gt;</msg>
<var>${response}</var>
<arg>consultarAPI</arg>
<arg>/api</arg>
<doc>Sends a GET request on a previously created HTTP Session.</doc>
<status status="PASS" start="2024-08-10T08:18:31.188069" elapsed="0.087978"/>
</kw>
<kw name="Set Variable" owner="BuiltIn">
<msg time="2024-08-10T08:18:31.276987" level="INFO">${json_data} = {'results': [{'gender': 'male', 'name': {'title': 'Mr', 'first': 'Nelson', 'last': 'Hopkins'}, 'location': {'street': {'number': 8972, 'name': 'Hamilton Ave'}, 'city': 'Sydney', 'state': 'New South Wa...</msg>
<var>${json_data}</var>
<arg>${response.json()}</arg>
<doc>Returns the given values which can then be assigned to a variables.</doc>
<status status="PASS" start="2024-08-10T08:18:31.276480" elapsed="0.000543"/>
</kw>
<kw name="Log" owner="BuiltIn">
<msg time="2024-08-10T08:18:31.277474" level="INFO">{'results': [{'gender': 'male', 'name': {'title': 'Mr', 'first': 'Nelson', 'last': 'Hopkins'}, 'location': {'street': {'number': 8972, 'name': 'Hamilton Ave'}, 'city': 'Sydney', 'state': 'New South Wales', 'country': 'Australia', 'postcode': 8152, 'coordinates': {'latitude': '-83.9832', 'longitude': '-163.7678'}, 'timezone': {'offset': '+10:00', 'description': 'Eastern Australia, Guam, Vladivostok'}}, 'email': 'nelson.hopkins@example.com', 'login': {'uuid': 'b6fe5c34-a14b-492d-9f21-33e95c434b3e', 'username': 'bluecat304', 'password': 'vvvvvvv', 'salt': 'PesTJiZI', 'md5': '567a4f686b749d211ebee9a9939e79a3', 'sha1': '840e00a3032d995ece57aa05a7bec3f7796b9226', 'sha256': '18b0355ef8d44ef068917041af33dfc7adcd2630a7b4c0bd91335bf8589696b3'}, 'dob': {'date': '1955-07-25T07:44:19.361Z', 'age': 69}, 'registered': {'date': '2020-04-12T10:37:15.270Z', 'age': 4}, 'phone': '03-8223-7293', 'cell': '0451-909-540', 'id': {'name': 'TFN', 'value': '210609259'}, 'picture': {'large': 'https://randomuser.me/api/portraits/men/62.jpg', 'medium': 'https://randomuser.me/api/portraits/med/men/62.jpg', 'thumbnail': 'https://randomuser.me/api/portraits/thumb/men/62.jpg'}, 'nat': 'AU'}], 'info': {'seed': 'd8ad96c8177b6fe7', 'results': 1, 'page': 1, 'version': '1.4'}}</msg>
<arg>${json_data}</arg>
<doc>Logs the given message with the given level.</doc>
<status status="PASS" start="2024-08-10T08:18:31.277323" elapsed="0.000198"/>
</kw>
<kw name="Should Be String" owner="String">
<arg>${json_data['results'][0]['gender']}</arg>
<doc>Fails if the given ``item`` is not a string.</doc>
<status status="PASS" start="2024-08-10T08:18:31.277814" elapsed="0.000358"/>
</kw>
<kw name="Should Match Regexp" owner="BuiltIn">
<arg>${json_data['results'][0]['email']}</arg>
<arg>^[a-zA-Z0-9._%+-]+@[a-zA-Z0-9.-]+\.[a-zA-Z]{2,}$</arg>
<doc>Fails if ``string`` does not match ``pattern`` as a regular expression.</doc>
<status status="PASS" start="2024-08-10T08:18:31.278362" elapsed="0.000517"/>
</kw>
<kw name="Should Match Regexp" owner="BuiltIn">
<arg>${json_data['results'][0]['dob']['date']}</arg>
<arg>\\d{4}-\\d{2}-\\d{2}T\\d{2}:\\d{2}:\\d{2}\\.\\d{3}Z</arg>
<doc>Fails if ``string`` does not match ``pattern`` as a regular expression.</doc>
<status status="PASS" start="2024-08-10T08:18:31.279108" elapsed="0.000610"/>
</kw>
<kw name="Should Match Regexp" owner="BuiltIn">
<arg>${json_data['results'][0]['registered']['date']}</arg>
<arg>\\d{4}-\\d{2}-\\d{2}T\\d{2}:\\d{2}:\\d{2}\\.\\d{3}Z</arg>
<doc>Fails if ``string`` does not match ``pattern`` as a regular expression.</doc>
<status status="PASS" start="2024-08-10T08:18:31.279911" elapsed="0.000371"/>
</kw>
<kw name="Should Match Regexp" owner="BuiltIn">
<arg>${json_data['results'][0]['picture']['large']}</arg>
<arg>^https?://.*\.(?:png|jpe?g|gif|bmp)$</arg>
<doc>Fails if ``string`` does not match ``pattern`` as a regular expression.</doc>
<status status="PASS" start="2024-08-10T08:18:31.280467" elapsed="0.000485"/>
</kw>
<kw name="Should Match Regexp" owner="BuiltIn">
<arg>${json_data['results'][0]['picture']['medium']}</arg>
<arg>^https?://.*\.(?:png|jpe?g|gif|bmp)$</arg>
<doc>Fails if ``string`` does not match ``pattern`` as a regular expression.</doc>
<status status="PASS" start="2024-08-10T08:18:31.281141" elapsed="0.000359"/>
</kw>
<kw name="Should Match Regexp" owner="BuiltIn">
<arg>${json_data['results'][0]['picture']['thumbnail']}</arg>
<arg>^https?://.*\.(?:png|jpe?g|gif|bmp)$</arg>
<doc>Fails if ``string`` does not match ``pattern`` as a regular expression.</doc>
<status status="PASS" start="2024-08-10T08:18:31.281682" elapsed="0.000361"/>
</kw>
<kw name="Log" owner="BuiltIn">
<msg time="2024-08-10T08:18:31.282543" level="INFO">{'large': 'https://randomuser.me/api/portraits/men/62.jpg', 'medium': 'https://randomuser.me/api/portraits/med/men/62.jpg', 'thumbnail': 'https://randomuser.me/api/portraits/thumb/men/62.jpg'}</msg>
<arg>${json_data['results'][0]['picture']}</arg>
<doc>Logs the given message with the given level.</doc>
<status status="PASS" start="2024-08-10T08:18:31.282222" elapsed="0.000366"/>
</kw>
<status status="PASS" start="2024-08-10T08:18:31.187735" elapsed="0.095107"/>
</kw>
<kw name="Teste de Tipos de Dados - Postcode" owner="random-user-service">
<kw name="GET On Session" owner="RequestsLibrary">
<msg time="2024-08-10T08:18:31.363461" level="INFO">GET Request : url=https://randomuser.me/api 
 path_url=/api 
 headers={'User-Agent': 'python-requests/2.32.3', 'Accept-Encoding': 'gzip, deflate', 'Accept': '*/*', 'Connection': 'keep-alive'} 
 body=None 
 </msg>
<msg time="2024-08-10T08:18:31.363551" level="INFO">GET Response : url=https://randomuser.me/api 
 status=200, reason=OK 
 headers={'Date': 'Sat, 10 Aug 2024 08:18:31 GMT', 'Content-Type': 'application/json; charset=utf-8', 'Transfer-Encoding': 'chunked', 'Connection': 'keep-alive', 'X-Powered-By': 'Express', 'Access-Control-Allow-Origin': '*', 'Cache-Control': 'no-cache', 'ETag': 'W/"48a-zNkSpnBPWsTzpcgGWufQo40xNh8"', 'Vary': 'Accept-Encoding', 'Content-Encoding': 'gzip', 'CF-Cache-Status': 'DYNAMIC', 'Report-To': '{"endpoints":[{"url":"https:\\/\\/a.nel.cloudflare.com\\/report\\/v4?s=YDRKPYfyZ9AficArmuYrg1EmRymO9AuwxOMKqvt04uLs81BB%2B43OO9rBvJ6Sq8cgTFjLhJ9e2980A234rGVNmqU1VBXZgkZlLQNIUo9cxF8G97XRMzNHeBhek8AkLMA7"}],"group":"cf-nel","max_age":604800}', 'NEL': '{"success_fraction":0,"report_to":"cf-nel","max_age":604800}', 'Server': 'cloudflare', 'CF-RAY': '8b0e8e41888229d8-ORD', 'alt-svc': 'h3=":443"; ma=86400'} 
 body={"results":[{"gender":"male","name":{"title":"Mr","first":"Anthony","last":"Thomas"},"location":{"street":{"number":3446,"name":"Rue Dumenge"},"city":"Champigny-sur-Marne","state":"Ille-et-Vilaine","country":"France","postcode":74328,"coordinates":{"latitude":"-20.6339","longitude":"-32.0229"},"timezone":{"offset":"+4:30","description":"Kabul"}},"email":"anthony.thomas@example.com","login":{"uuid":"1fa5d37b-39bf-4e2c-9c7e-e80ad3499751","username":"heavyswan905","password":"rookie","salt":"mJR94iWK","md5":"70d0302254b6f4d5665c0199c6fb5bc8","sha1":"876e59ace6fbc7289d0038112e2026d78a09f9c3","sha256":"0a7afc9489d79874c3631e6017ec0be9f79b73e312b0ea369781df52fcbca3e4"},"dob":{"date":"1976-07-16T19:01:21.780Z","age":48},"registered":{"date":"2003-04-17T05:50:28.718Z","age":21},"phone":"05-23-55-43-07","cell":"06-14-47-76-90","id":{"name":"INSEE","value":"1760645791084 05"},"picture":{"large":"https://randomuser.me/api/portraits/men/63.jpg","medium":"https://randomuser.me/api/portraits/med/men/63.jpg","thumbnail":"https://randomuser.me/api/portraits/thumb/men/63.jpg"},"nat":"FR"}],"info":{"seed":"8a81a504a0fceca2","results":1,"page":1,"version":"1.4"}} 
 </msg>
<msg time="2024-08-10T08:18:31.363623" level="INFO">/opt/hostedtoolcache/Python/3.12.4/x64/lib/python3.12/site-packages/urllib3/connectionpool.py:1099: InsecureRequestWarning: Unverified HTTPS request is being made to host 'randomuser.me'. Adding certificate verification is strongly advised. See: https://urllib3.readthedocs.io/en/latest/advanced-usage.html#tls-warnings
  warnings.warn(</msg>
<msg time="2024-08-10T08:18:31.363745" level="INFO">${response} = &lt;Response [200]&gt;</msg>
<var>${response}</var>
<arg>consultarAPI</arg>
<arg>/api</arg>
<doc>Sends a GET request on a previously created HTTP Session.</doc>
<status status="PASS" start="2024-08-10T08:18:31.283279" elapsed="0.080513"/>
</kw>
<kw name="Set Variable" owner="BuiltIn">
<msg time="2024-08-10T08:18:31.364816" level="INFO">${json_data} = {'results': [{'gender': 'male', 'name': {'title': 'Mr', 'first': 'Anthony', 'last': 'Thomas'}, 'location': {'street': {'number': 3446, 'name': 'Rue Dumenge'}, 'city': 'Champigny-sur-Marne', 'state': '...</msg>
<var>${json_data}</var>
<arg>${response.json()}</arg>
<doc>Returns the given values which can then be assigned to a variables.</doc>
<status status="PASS" start="2024-08-10T08:18:31.364282" elapsed="0.000562"/>
</kw>
<kw name="Log" owner="BuiltIn">
<msg time="2024-08-10T08:18:31.365300" level="INFO">{'results': [{'gender': 'male', 'name': {'title': 'Mr', 'first': 'Anthony', 'last': 'Thomas'}, 'location': {'street': {'number': 3446, 'name': 'Rue Dumenge'}, 'city': 'Champigny-sur-Marne', 'state': 'Ille-et-Vilaine', 'country': 'France', 'postcode': 74328, 'coordinates': {'latitude': '-20.6339', 'longitude': '-32.0229'}, 'timezone': {'offset': '+4:30', 'description': 'Kabul'}}, 'email': 'anthony.thomas@example.com', 'login': {'uuid': '1fa5d37b-39bf-4e2c-9c7e-e80ad3499751', 'username': 'heavyswan905', 'password': 'rookie', 'salt': 'mJR94iWK', 'md5': '70d0302254b6f4d5665c0199c6fb5bc8', 'sha1': '876e59ace6fbc7289d0038112e2026d78a09f9c3', 'sha256': '0a7afc9489d79874c3631e6017ec0be9f79b73e312b0ea369781df52fcbca3e4'}, 'dob': {'date': '1976-07-16T19:01:21.780Z', 'age': 48}, 'registered': {'date': '2003-04-17T05:50:28.718Z', 'age': 21}, 'phone': '05-23-55-43-07', 'cell': '06-14-47-76-90', 'id': {'name': 'INSEE', 'value': '1760645791084 05'}, 'picture': {'large': 'https://randomuser.me/api/portraits/men/63.jpg', 'medium': 'https://randomuser.me/api/portraits/med/men/63.jpg', 'thumbnail': 'https://randomuser.me/api/portraits/thumb/men/63.jpg'}, 'nat': 'FR'}], 'info': {'seed': '8a81a504a0fceca2', 'results': 1, 'page': 1, 'version': '1.4'}}</msg>
<arg>${json_data}</arg>
<doc>Logs the given message with the given level.</doc>
<status status="PASS" start="2024-08-10T08:18:31.365146" elapsed="0.000200"/>
</kw>
<kw name="Should Be Equal As Numbers" owner="BuiltIn">
<arg>${json_data['results'][0]['location']['postcode']}</arg>
<arg>${json_data['results'][0]['location']['postcode']}</arg>
<doc>Fails if objects are unequal after converting them to real numbers.</doc>
<status status="PASS" start="2024-08-10T08:18:31.365636" elapsed="0.000621"/>
</kw>
<kw name="Log" owner="BuiltIn">
<msg time="2024-08-10T08:18:31.366791" level="INFO">74328</msg>
<arg>${json_data['results'][0]['location']['postcode']}</arg>
<doc>Logs the given message with the given level.</doc>
<status status="PASS" start="2024-08-10T08:18:31.366443" elapsed="0.000389"/>
</kw>
<status status="PASS" start="2024-08-10T08:18:31.283059" elapsed="0.084052"/>
</kw>
<doc>Testa se os tipos de dados na resposta da API estão corretos.</doc>
<tag>testeTiposDados</tag>
<status status="PASS" start="2024-08-10T08:18:31.187014" elapsed="0.180265"/>
</test>
<test id="s1-s1-t5" name="Validar conteudo" line="35">
<kw name="Teste de Tipos de Conteudo" owner="random-user-service">
<kw name="GET On Session" owner="RequestsLibrary">
<msg time="2024-08-10T08:18:31.474087" level="INFO">GET Request : url=https://randomuser.me/api 
 path_url=/api 
 headers={'User-Agent': 'python-requests/2.32.3', 'Accept-Encoding': 'gzip, deflate', 'Accept': '*/*', 'Connection': 'keep-alive'} 
 body=None 
 </msg>
<msg time="2024-08-10T08:18:31.474150" level="INFO">GET Response : url=https://randomuser.me/api 
 status=200, reason=OK 
 headers={'Date': 'Sat, 10 Aug 2024 08:18:31 GMT', 'Content-Type': 'application/json; charset=utf-8', 'Transfer-Encoding': 'chunked', 'Connection': 'keep-alive', 'X-Powered-By': 'Express', 'Access-Control-Allow-Origin': '*', 'Cache-Control': 'no-cache', 'ETag': 'W/"48b-F9CCMooQx/ZCIrmAUXVO8UbQO7E"', 'Vary': 'Accept-Encoding', 'Content-Encoding': 'gzip', 'CF-Cache-Status': 'DYNAMIC', 'Report-To': '{"endpoints":[{"url":"https:\\/\\/a.nel.cloudflare.com\\/report\\/v4?s=6NKG1PlOmmFbnp0HAambhLyultwZaZ9YjlzvX02KHWbKP8B2RircBU%2BylE2uOILGDWVyajcrwv%2BymaHqALLVKHRDxa9uEhYBCBAUJoGAkE0C3rTQl2FpF4Dl3xwjr1pH"}],"group":"cf-nel","max_age":604800}', 'NEL': '{"success_fraction":0,"report_to":"cf-nel","max_age":604800}', 'Server': 'cloudflare', 'CF-RAY': '8b0e8e4218b529d8-ORD', 'alt-svc': 'h3=":443"; ma=86400'} 
 body={"results":[{"gender":"female","name":{"title":"Miss","first":"Oleksandra","last":"Shestopal"},"location":{"street":{"number":2334,"name":"Silikatniy provulok"},"city":"Noviy Bug","state":"Hersonska","country":"Ukraine","postcode":43159,"coordinates":{"latitude":"74.1563","longitude":"89.1500"},"timezone":{"offset":"-3:30","description":"Newfoundland"}},"email":"oleksandra.shestopal@example.com","login":{"uuid":"9f253d9d-5667-40a5-b734-0bc43f6e474b","username":"goldenbear732","password":"cindy","salt":"AyEaPwRB","md5":"c4a8810167b8a47409bbe68a09df5fc4","sha1":"149ae35774aa6d77a8f9b2e8cb35153d7a035664","sha256":"5fd7205c9315c2013c9719bd98be716b54b6b3465f895efe2e012eb86ab6634b"},"dob":{"date":"1990-03-15T17:18:57.718Z","age":34},"registered":{"date":"2007-12-07T10:30:13.581Z","age":16},"phone":"(099) K83-4270","cell":"(067) Y87-1053","id":{"name":"","value":null},"picture":{"large":"https://randomuser.me/api/portraits/women/20.jpg","medium":"https://randomuser.me/api/portraits/med/women/20.jpg","thumbnail":"https://randomuser.me/api/portraits/thumb/women/20.jpg"},"nat":"UA"}],"info":{"seed":"c30df9f8030e3c67","results":1,"page":1,"version":"1.4"}} 
 </msg>
<msg time="2024-08-10T08:18:31.474205" level="INFO">/opt/hostedtoolcache/Python/3.12.4/x64/lib/python3.12/site-packages/urllib3/connectionpool.py:1099: InsecureRequestWarning: Unverified HTTPS request is being made to host 'randomuser.me'. Adding certificate verification is strongly advised. See: https://urllib3.readthedocs.io/en/latest/advanced-usage.html#tls-warnings
  warnings.warn(</msg>
<msg time="2024-08-10T08:18:31.474287" level="INFO">${response} = &lt;Response [200]&gt;</msg>
<var>${response}</var>
<arg>consultarAPI</arg>
<arg>/api</arg>
<doc>Sends a GET request on a previously created HTTP Session.</doc>
<status status="PASS" start="2024-08-10T08:18:31.369827" elapsed="0.104485"/>
</kw>
<kw name="Set Variable" owner="BuiltIn">
<msg time="2024-08-10T08:18:31.475194" level="INFO">${json_data} = {'results': [{'gender': 'female', 'name': {'title': 'Miss', 'first': 'Oleksandra', 'last': 'Shestopal'}, 'location': {'street': {'number': 2334, 'name': 'Silikatniy provulok'}, 'city': 'Noviy Bug', 's...</msg>
<var>${json_data}</var>
<arg>${response.json()}</arg>
<doc>Returns the given values which can then be assigned to a variables.</doc>
<status status="PASS" start="2024-08-10T08:18:31.474751" elapsed="0.000472"/>
</kw>
<kw name="Set Variable" owner="BuiltIn">
<msg time="2024-08-10T08:18:31.475903" level="INFO">${name_title} = Miss</msg>
<var>${name_title}</var>
<arg>${json_data["results"][0]["name"]["title"]}</arg>
<doc>Returns the given values which can then be assigned to a variables.</doc>
<status status="PASS" start="2024-08-10T08:18:31.475525" elapsed="0.000403"/>
</kw>
<kw name="Create List" owner="BuiltIn">
<msg time="2024-08-10T08:18:31.476368" level="INFO">${allowed_titles} = ['Mr', 'Ms', 'Miss', 'Mrs', 'Madame', 'Monsieur']</msg>
<var>${allowed_titles}</var>
<arg>Mr</arg>
<arg>Ms</arg>
<arg>Miss</arg>
<arg>Mrs</arg>
<arg>Madame</arg>
<arg>Monsieur</arg>
<doc>Returns a list containing given items.</doc>
<status status="PASS" start="2024-08-10T08:18:31.476220" elapsed="0.000173"/>
</kw>
<kw name="List Should Contain Value" owner="Collections">
<arg>${allowed_titles}</arg>
<arg>${name_title}</arg>
<doc>Fails if the ``value`` is not found from ``list``.</doc>
<status status="PASS" start="2024-08-10T08:18:31.476736" elapsed="0.000178"/>
</kw>
<kw name="Set Variable" owner="BuiltIn">
<msg time="2024-08-10T08:18:31.477473" level="INFO">${name_country} = UA</msg>
<var>${name_country}</var>
<arg>${json_data["results"][0]["nat"]}</arg>
<doc>Returns the given values which can then be assigned to a variables.</doc>
<status status="PASS" start="2024-08-10T08:18:31.477098" elapsed="0.000401"/>
</kw>
<kw name="Create List" owner="BuiltIn">
<msg time="2024-08-10T08:18:31.478381" level="INFO">${list_country} = ['AD', 'AE', 'AF', 'AG', 'AI', 'AL', 'AM', 'AO', 'AQ', 'AR', 'AS', 'AT', 'AU', 'AW', 'AX', 'AZ', 'BA', 'BB', 'BD', 'BE', 'BF', 'BG', 'BH', 'BI', 'BJ', 'BL', 'BM', 'BN', 'BO', 'BQ', 'BR', 'BS', 'BT', '...</msg>
<var>${list_country}</var>
<arg>AD</arg>
<arg>AE</arg>
<arg>AF</arg>
<arg>AG</arg>
<arg>AI</arg>
<arg>AL</arg>
<arg>AM</arg>
<arg>AO</arg>
<arg>AQ</arg>
<arg>AR</arg>
<arg>AS</arg>
<arg>AT</arg>
<arg>AU</arg>
<arg>AW</arg>
<arg>AX</arg>
<arg>AZ</arg>
<arg>BA</arg>
<arg>BB</arg>
<arg>BD</arg>
<arg>BE</arg>
<arg>BF</arg>
<arg>BG</arg>
<arg>BH</arg>
<arg>BI</arg>
<arg>BJ</arg>
<arg>BL</arg>
<arg>BM</arg>
<arg>BN</arg>
<arg>BO</arg>
<arg>BQ</arg>
<arg>BR</arg>
<arg>BS</arg>
<arg>BT</arg>
<arg>BV</arg>
<arg>BW</arg>
<arg>BY</arg>
<arg>BZ</arg>
<arg>CA</arg>
<arg>CC</arg>
<arg>CD</arg>
<arg>CF</arg>
<arg>CG</arg>
<arg>CH</arg>
<arg>CI</arg>
<arg>CK</arg>
<arg>CL</arg>
<arg>CM</arg>
<arg>CN</arg>
<arg>CO</arg>
<arg>CR</arg>
<arg>CU</arg>
<arg>CV</arg>
<arg>CW</arg>
<arg>CX</arg>
<arg>CY</arg>
<arg>CZ</arg>
<arg>DE</arg>
<arg>DJ</arg>
<arg>DK</arg>
<arg>DM</arg>
<arg>DO</arg>
<arg>DZ</arg>
<arg>EC</arg>
<arg>EE</arg>
<arg>EG</arg>
<arg>EH</arg>
<arg>ER</arg>
<arg>ES</arg>
<arg>ET</arg>
<arg>FI</arg>
<arg>FJ</arg>
<arg>FK</arg>
<arg>FM</arg>
<arg>FO</arg>
<arg>FR</arg>
<arg>GA</arg>
<arg>GB</arg>
<arg>GD</arg>
<arg>GE</arg>
<arg>GF</arg>
<arg>GG</arg>
<arg>GH</arg>
<arg>GI</arg>
<arg>GL</arg>
<arg>GM</arg>
<arg>GN</arg>
<arg>GP</arg>
<arg>GQ</arg>
<arg>GR</arg>
<arg>GS</arg>
<arg>GT</arg>
<arg>GU</arg>
<arg>GW</arg>
<arg>GY</arg>
<arg>HK</arg>
<arg>HM</arg>
<arg>HN</arg>
<arg>HR</arg>
<arg>HT</arg>
<arg>HU</arg>
<arg>ID</arg>
<arg>IE</arg>
<arg>IL</arg>
<arg>IM</arg>
<arg>IN</arg>
<arg>IO</arg>
<arg>IQ</arg>
<arg>IR</arg>
<arg>IS</arg>
<arg>IT</arg>
<arg>JE</arg>
<arg>JM</arg>
<arg>JO</arg>
<arg>JP</arg>
<arg>KE</arg>
<arg>KG</arg>
<arg>KH</arg>
<arg>KI</arg>
<arg>KM</arg>
<arg>KN</arg>
<arg>KP</arg>
<arg>KR</arg>
<arg>KW</arg>
<arg>KY</arg>
<arg>KZ</arg>
<arg>LA</arg>
<arg>LB</arg>
<arg>LC</arg>
<arg>LI</arg>
<arg>LK</arg>
<arg>LR</arg>
<arg>LS</arg>
<arg>LT</arg>
<arg>LU</arg>
<arg>LV</arg>
<arg>LY</arg>
<arg>MA</arg>
<arg>MC</arg>
<arg>MD</arg>
<arg>ME</arg>
<arg>MF</arg>
<arg>MG</arg>
<arg>MH</arg>
<arg>MK</arg>
<arg>ML</arg>
<arg>MM</arg>
<arg>MN</arg>
<arg>MO</arg>
<arg>MP</arg>
<arg>MQ</arg>
<arg>MR</arg>
<arg>MS</arg>
<arg>MT</arg>
<arg>MU</arg>
<arg>MV</arg>
<arg>MW</arg>
<arg>MX</arg>
<arg>MY</arg>
<arg>MZ</arg>
<arg>NA</arg>
<arg>NC</arg>
<arg>NE</arg>
<arg>NF</arg>
<arg>NG</arg>
<arg>NI</arg>
<arg>NL</arg>
<arg>NO</arg>
<arg>NP</arg>
<arg>NR</arg>
<arg>NU</arg>
<arg>NZ</arg>
<arg>OM</arg>
<arg>PA</arg>
<arg>PE</arg>
<arg>PF</arg>
<arg>PG</arg>
<arg>PH</arg>
<arg>PK</arg>
<arg>PL</arg>
<arg>PM</arg>
<arg>PN</arg>
<arg>PR</arg>
<arg>PS</arg>
<arg>PT</arg>
<arg>PW</arg>
<arg>PY</arg>
<arg>QA</arg>
<arg>RE</arg>
<arg>RO</arg>
<arg>RS</arg>
<arg>RU</arg>
<arg>RW</arg>
<arg>SA</arg>
<arg>SB</arg>
<arg>SC</arg>
<arg>SD</arg>
<arg>SE</arg>
<arg>SG</arg>
<arg>SH</arg>
<arg>SI</arg>
<arg>SJ</arg>
<arg>SK</arg>
<arg>SL</arg>
<arg>SM</arg>
<arg>SN</arg>
<arg>SO</arg>
<arg>SR</arg>
<arg>SS</arg>
<arg>ST</arg>
<arg>SV</arg>
<arg>SX</arg>
<arg>SY</arg>
<arg>SZ</arg>
<arg>TC</arg>
<arg>TD</arg>
<arg>TF</arg>
<arg>TG</arg>
<arg>TH</arg>
<arg>TJ</arg>
<arg>TK</arg>
<arg>TL</arg>
<arg>TM</arg>
<arg>TN</arg>
<arg>TO</arg>
<arg>TR</arg>
<arg>TT</arg>
<arg>TV</arg>
<arg>TW</arg>
<arg>TZ</arg>
<arg>UA</arg>
<arg>UG</arg>
<arg>UM</arg>
<arg>US</arg>
<arg>UY</arg>
<arg>UZ</arg>
<arg>VA</arg>
<arg>VC</arg>
<arg>VE</arg>
<arg>VG</arg>
<arg>VI</arg>
<arg>VN</arg>
<arg>VU</arg>
<arg>WF</arg>
<arg>WS</arg>
<arg>XK</arg>
<arg>YE</arg>
<arg>YT</arg>
<arg>ZA</arg>
<arg>ZM</arg>
<arg>ZW</arg>
<doc>Returns a list containing given items.</doc>
<status status="PASS" start="2024-08-10T08:18:31.477792" elapsed="0.000617"/>
</kw>
<kw name="List Should Contain Value" owner="Collections">
<arg>${list_country}</arg>
<arg>${name_country}</arg>
<doc>Fails if the ``value`` is not found from ``list``.</doc>
<status status="PASS" start="2024-08-10T08:18:31.479332" elapsed="0.000206"/>
</kw>
<kw name="Run Keyword If" owner="BuiltIn">
<kw name="Should Be True" owner="BuiltIn">
<arg>${True}</arg>
<doc>Fails if the given condition is not true.</doc>
<status status="PASS" start="2024-08-10T08:18:31.480486" elapsed="0.000172"/>
</kw>
<arg>${json_data["results"][0]["location"]["coordinates"]["latitude"]} &gt;= -90 and ${json_data["results"][0]["location"]["coordinates"]["latitude"]} &lt;= 90</arg>
<arg>Should Be True</arg>
<arg>${True}</arg>
<doc>Runs the given keyword with the given arguments, if ``condition`` is true.</doc>
<status status="PASS" start="2024-08-10T08:18:31.479732" elapsed="0.001051"/>
</kw>
<kw name="Run Keyword If" owner="BuiltIn">
<kw name="Should Be True" owner="BuiltIn">
<arg>${True}</arg>
<doc>Fails if the given condition is not true.</doc>
<status status="PASS" start="2024-08-10T08:18:31.481651" elapsed="0.000134"/>
</kw>
<arg>${json_data["results"][0]["location"]["coordinates"]["longitude"]} &gt;= -180 and ${json_data["results"][0]["location"]["coordinates"]["longitude"]} &lt;= 180</arg>
<arg>Should Be True</arg>
<arg>${True}</arg>
<doc>Runs the given keyword with the given arguments, if ``condition`` is true.</doc>
<status status="PASS" start="2024-08-10T08:18:31.480968" elapsed="0.000937"/>
</kw>
<status status="PASS" start="2024-08-10T08:18:31.369604" elapsed="0.112424"/>
</kw>
<doc>Testa o conteúdo específico dos campos retornados pela API.</doc>
<tag>testeConteudo</tag>
<status status="PASS" start="2024-08-10T08:18:31.369070" elapsed="0.113102"/>
</test>
<status status="PASS" start="2024-08-10T08:18:30.487249" elapsed="0.996837"/>
</suite>
<status status="PASS" start="2024-08-10T08:18:30.473024" elapsed="1.016227"/>
</suite>
<statistics>
<total>
<stat pass="5" fail="0" skip="0">All Tests</stat>
</total>
<tag>
<stat pass="1" fail="0" skip="0">testeConteudo</stat>
<stat pass="1" fail="0" skip="0">testeEstruturaResposta</stat>
<stat pass="1" fail="0" skip="0">testeRequisicaoBasica</stat>
<stat pass="1" fail="0" skip="0">testeTiposDados</stat>
</tag>
<suite>
<stat pass="5" fail="0" skip="0" id="s1" name="Tests">Tests</stat>
<stat pass="5" fail="0" skip="0" id="s1-s1" name="Random-User-Test">Tests.Random-User-Test</stat>
</suite>
</statistics>
<errors>
</errors>
</robot>
