<?xml version="1.0" encoding="UTF-8"?>
<robot generator="Robot 7.0 (Python 3.12.2 on linux)" generated="2024-03-30T10:13:38.495561" rpa="false" schemaversion="5">
<suite id="s1" name="Tests" source="/home/runner/work/DesafioQAItauRogerioJordao/DesafioQAItauRogerioJordao/RamdonUser/tests">
<suite id="s1-s1" name="Random-User-Test" source="/home/runner/work/DesafioQAItauRogerioJordao/DesafioQAItauRogerioJordao/RamdonUser/tests/random-user-test.robot">
<test id="s1-s1-t1" name="Conectar" line="13">
<kw name="Conectar API" owner="random-user-service">
<kw name="Create Session" owner="RequestsLibrary">
<msg time="2024-03-30T10:13:38.849013" level="INFO">Creating Session using : alias=consultarAPI, url=https://randomuser.me/, headers={},                     cookies={}, auth=None, timeout=None, proxies=None, verify=False,                     debug=0 </msg>
<arg>consultarAPI</arg>
<arg>${URL}</arg>
<doc>Create Session: create a HTTP session to a server</doc>
<status status="PASS" start="2024-03-30T10:13:38.848800" elapsed="0.000388"/>
</kw>
<status status="PASS" start="2024-03-30T10:13:38.847411" elapsed="0.002135"/>
</kw>
<status status="PASS" start="2024-03-30T10:13:38.846675" elapsed="0.003074"/>
</test>
<test id="s1-s1-t2" name="Validar retorno 200 e JSON Válido" line="16">
<kw name="Teste de Requisicao Basica" owner="random-user-service">
<kw name="GET On Session" owner="RequestsLibrary">
<msg time="2024-03-30T10:13:38.924736" level="INFO">GET Request : url=https://randomuser.me/api 
 path_url=/api 
 headers={'User-Agent': 'python-requests/2.31.0', 'Accept-Encoding': 'gzip, deflate', 'Accept': '*/*', 'Connection': 'keep-alive'} 
 body=None 
 </msg>
<msg time="2024-03-30T10:13:38.924868" level="INFO">GET Response : url=https://randomuser.me/api 
 status=200, reason=OK 
 headers={'Date': 'Sat, 30 Mar 2024 10:13:38 GMT', 'Content-Type': 'application/json; charset=utf-8', 'Transfer-Encoding': 'chunked', 'Connection': 'keep-alive', 'X-Powered-By': 'Express', 'Access-Control-Allow-Origin': '*', 'Cache-Control': 'no-cache', 'ETag': 'W/"482-XgZgtMDOslKuJXEGZ8FGzjl1ck0"', 'Vary': 'Accept-Encoding', 'Content-Encoding': 'gzip', 'CF-Cache-Status': 'DYNAMIC', 'Report-To': '{"endpoints":[{"url":"https:\\/\\/a.nel.cloudflare.com\\/report\\/v4?s=pP9TOWHzskOQVIHAoM42Q8wg7p4OZAalGQx9SBiZ6hI3x45hCY4VIAq%2Bi4JoPjQlcATlZpiYZybDim7ZtGdgpfwW4AfummS9u%2F41DL7YbOjfiL4Klm6L8jnmosKWHwHU"}],"group":"cf-nel","max_age":604800}', 'NEL': '{"success_fraction":0,"report_to":"cf-nel","max_age":604800}', 'Server': 'cloudflare', 'CF-RAY': '86c7540608e5826c-IAD', 'alt-svc': 'h3=":443"; ma=86400'} 
 body={"results":[{"gender":"male","name":{"title":"Mr","first":"Mathias","last":"Thomsen"},"location":{"street":{"number":3214,"name":"Kirkestræde"},"city":"København N","state":"Sjælland","country":"Denmark","postcode":56509,"coordinates":{"latitude":"-39.4940","longitude":"-63.9451"},"timezone":{"offset":"-11:00","description":"Midway Island, Samoa"}},"email":"mathias.thomsen@example.com","login":{"uuid":"9f0566d8-5dbb-4f68-9310-15adf8e76c30","username":"beautifulbird167","password":"christa","salt":"v1RR7xIu","md5":"55163c4bd34770ba585acb3970b92cc5","sha1":"4b394462d4afda214a0841c4e0f53c0767dff276","sha256":"3d8a3ab15b99c3dae48991744c6265936a1faeab779037033322dc7dc6e2cbcf"},"dob":{"date":"1965-06-06T04:26:04.517Z","age":58},"registered":{"date":"2015-09-06T08:39:57.815Z","age":8},"phone":"95844720","cell":"34631611","id":{"name":"CPR","value":"050665-4427"},"picture":{"large":"https://randomuser.me/api/portraits/men/83.jpg","medium":"https://randomuser.me/api/portraits/med/men/83.jpg","thumbnail":"https://randomuser.me/api/portraits/thumb/men/83.jpg"},"nat":"DK"}],"info":{"seed":"a4ea482f15cb5091","results":1,"page":1,"version":"1.4"}} 
 </msg>
<msg time="2024-03-30T10:13:38.924991" level="INFO">/opt/hostedtoolcache/Python/3.12.2/x64/lib/python3.12/site-packages/urllib3/connectionpool.py:1103: InsecureRequestWarning: Unverified HTTPS request is being made to host 'randomuser.me'. Adding certificate verification is strongly advised. See: https://urllib3.readthedocs.io/en/latest/advanced-usage.html#tls-warnings
  warnings.warn(</msg>
<msg time="2024-03-30T10:13:38.925128" level="INFO">${response} = &lt;Response [200]&gt;</msg>
<var>${response}</var>
<arg>consultarAPI</arg>
<arg>/api</arg>
<doc>Sends a GET request on a previously created HTTP Session.</doc>
<status status="PASS" start="2024-03-30T10:13:38.852328" elapsed="0.072853"/>
</kw>
<kw name="Should Be Equal As Numbers" owner="BuiltIn">
<msg time="2024-03-30T10:13:38.926133" level="INFO">Argument types are:
&lt;class 'int'&gt;
&lt;class 'str'&gt;</msg>
<arg>${response.status_code}</arg>
<arg>200</arg>
<doc>Fails if objects are unequal after converting them to real numbers.</doc>
<status status="PASS" start="2024-03-30T10:13:38.925714" elapsed="0.000481"/>
</kw>
<kw name="Log" owner="BuiltIn">
<msg time="2024-03-30T10:13:38.926882" level="INFO">200</msg>
<arg>${response.status_code}</arg>
<doc>Logs the given message with the given level.</doc>
<status status="PASS" start="2024-03-30T10:13:38.926519" elapsed="0.000407"/>
</kw>
<kw name="Set Variable" owner="BuiltIn">
<msg time="2024-03-30T10:13:38.927740" level="INFO">${json_data} = {'results': [{'gender': 'male', 'name': {'title': 'Mr', 'first': 'Mathias', 'last': 'Thomsen'}, 'location': {'street': {'number': 3214, 'name': 'Kirkestræde'}, 'city': 'København N', 'state': 'Sjællan...</msg>
<var>${json_data}</var>
<arg>${response.json()}</arg>
<doc>Returns the given values which can then be assigned to a variables.</doc>
<status status="PASS" start="2024-03-30T10:13:38.927289" elapsed="0.000479"/>
</kw>
<kw name="Dictionary Should Contain Key" owner="Collections">
<msg time="2024-03-30T10:13:38.928244" level="INFO">False</msg>
<arg>${json_data}</arg>
<arg>results</arg>
<doc>Fails if ``key`` is not found from ``dictionary``.</doc>
<status status="PASS" start="2024-03-30T10:13:38.928080" elapsed="0.000203"/>
</kw>
<status status="PASS" start="2024-03-30T10:13:38.852076" elapsed="0.076460"/>
</kw>
<doc>Testa se a API responde corretamente e retorna um objeto JSON válido.</doc>
<tag>testeRequisicaoBasica</tag>
<status status="PASS" start="2024-03-30T10:13:38.851624" elapsed="0.077086"/>
</test>
<test id="s1-s1-t3" name="Validar estrutura de resposta" line="22">
<kw name="Teste de Estrutura de Resposta" owner="random-user-service">
<kw name="GET On Session" owner="RequestsLibrary">
<msg time="2024-03-30T10:13:39.029711" level="INFO">GET Request : url=https://randomuser.me/api 
 path_url=/api 
 headers={'User-Agent': 'python-requests/2.31.0', 'Accept-Encoding': 'gzip, deflate', 'Accept': '*/*', 'Connection': 'keep-alive'} 
 body=None 
 </msg>
<msg time="2024-03-30T10:13:39.029778" level="INFO">GET Response : url=https://randomuser.me/api 
 status=200, reason=OK 
 headers={'Date': 'Sat, 30 Mar 2024 10:13:39 GMT', 'Content-Type': 'application/json; charset=utf-8', 'Transfer-Encoding': 'chunked', 'Connection': 'keep-alive', 'X-Powered-By': 'Express', 'Access-Control-Allow-Origin': '*', 'Cache-Control': 'no-cache', 'ETag': 'W/"490-u/2bsaR+cJMgaWgxgYoDaqIINls"', 'Vary': 'Accept-Encoding', 'Content-Encoding': 'gzip', 'CF-Cache-Status': 'DYNAMIC', 'Report-To': '{"endpoints":[{"url":"https:\\/\\/a.nel.cloudflare.com\\/report\\/v4?s=ACIu5SlQbrEVsiMbhxfYRgWDOSv%2FijU65MnY3ZOUU8NQaSTFGA8Hr2zkcoj0fIDcueoqiPAE6MDRoid1Q3pRwXQdyrTin1TAX6Dur%2BjvowGAOmQsReZ9yStLxU0ms4DF"}],"group":"cf-nel","max_age":604800}', 'NEL': '{"success_fraction":0,"report_to":"cf-nel","max_age":604800}', 'Server': 'cloudflare', 'CF-RAY': '86c75406590f826c-IAD', 'alt-svc': 'h3=":443"; ma=86400'} 
 body={"results":[{"gender":"female","name":{"title":"Ms","first":"Emma","last":"Douglas"},"location":{"street":{"number":5905,"name":"Country Club Rd"},"city":"Baltimore","state":"Minnesota","country":"United States","postcode":73433,"coordinates":{"latitude":"86.9533","longitude":"20.8043"},"timezone":{"offset":"-11:00","description":"Midway Island, Samoa"}},"email":"emma.douglas@example.com","login":{"uuid":"43c09117-b5a2-4994-a646-f3c980537716","username":"happyzebra300","password":"corey","salt":"vPlMLrkA","md5":"bf400c063d2d82429c7551edede9dbed","sha1":"b6fe2840d4739993a344983e05ed558176c31f27","sha256":"cb26a96fc9c4eaab8b7187bf8abc9ddd2e07dc603208310ce1a4aa85e67ee46f"},"dob":{"date":"1988-09-13T12:11:01.990Z","age":35},"registered":{"date":"2014-02-16T19:28:29.454Z","age":10},"phone":"(232) 540-4159","cell":"(351) 921-2078","id":{"name":"SSN","value":"170-24-5689"},"picture":{"large":"https://randomuser.me/api/portraits/women/49.jpg","medium":"https://randomuser.me/api/portraits/med/women/49.jpg","thumbnail":"https://randomuser.me/api/portraits/thumb/women/49.jpg"},"nat":"US"}],"info":{"seed":"1835a6117b549692","results":1,"page":1,"version":"1.4"}} 
 </msg>
<msg time="2024-03-30T10:13:39.029878" level="INFO">/opt/hostedtoolcache/Python/3.12.2/x64/lib/python3.12/site-packages/urllib3/connectionpool.py:1103: InsecureRequestWarning: Unverified HTTPS request is being made to host 'randomuser.me'. Adding certificate verification is strongly advised. See: https://urllib3.readthedocs.io/en/latest/advanced-usage.html#tls-warnings
  warnings.warn(</msg>
<msg time="2024-03-30T10:13:39.029996" level="INFO">${response} = &lt;Response [200]&gt;</msg>
<var>${response}</var>
<arg>consultarAPI</arg>
<arg>/api</arg>
<doc>Sends a GET request on a previously created HTTP Session.</doc>
<status status="PASS" start="2024-03-30T10:13:38.931390" elapsed="0.098655"/>
</kw>
<kw name="Set Variable" owner="BuiltIn">
<msg time="2024-03-30T10:13:39.031158" level="INFO">${json_data} = {'results': [{'gender': 'female', 'name': {'title': 'Ms', 'first': 'Emma', 'last': 'Douglas'}, 'location': {'street': {'number': 5905, 'name': 'Country Club Rd'}, 'city': 'Baltimore', 'state': 'Minnes...</msg>
<var>${json_data}</var>
<arg>${response.json()}</arg>
<doc>Returns the given values which can then be assigned to a variables.</doc>
<status status="PASS" start="2024-03-30T10:13:39.030586" elapsed="0.000603"/>
</kw>
<kw name="Log" owner="BuiltIn">
<msg time="2024-03-30T10:13:39.031679" level="INFO">{'results': [{'gender': 'female', 'name': {'title': 'Ms', 'first': 'Emma', 'last': 'Douglas'}, 'location': {'street': {'number': 5905, 'name': 'Country Club Rd'}, 'city': 'Baltimore', 'state': 'Minnesota', 'country': 'United States', 'postcode': 73433, 'coordinates': {'latitude': '86.9533', 'longitude': '20.8043'}, 'timezone': {'offset': '-11:00', 'description': 'Midway Island, Samoa'}}, 'email': 'emma.douglas@example.com', 'login': {'uuid': '43c09117-b5a2-4994-a646-f3c980537716', 'username': 'happyzebra300', 'password': 'corey', 'salt': 'vPlMLrkA', 'md5': 'bf400c063d2d82429c7551edede9dbed', 'sha1': 'b6fe2840d4739993a344983e05ed558176c31f27', 'sha256': 'cb26a96fc9c4eaab8b7187bf8abc9ddd2e07dc603208310ce1a4aa85e67ee46f'}, 'dob': {'date': '1988-09-13T12:11:01.990Z', 'age': 35}, 'registered': {'date': '2014-02-16T19:28:29.454Z', 'age': 10}, 'phone': '(232) 540-4159', 'cell': '(351) 921-2078', 'id': {'name': 'SSN', 'value': '170-24-5689'}, 'picture': {'large': 'https://randomuser.me/api/portraits/women/49.jpg', 'medium': 'https://randomuser.me/api/portraits/med/women/49.jpg', 'thumbnail': 'https://randomuser.me/api/portraits/thumb/women/49.jpg'}, 'nat': 'US'}], 'info': {'seed': '1835a6117b549692', 'results': 1, 'page': 1, 'version': '1.4'}}</msg>
<arg>${json_data}</arg>
<doc>Logs the given message with the given level.</doc>
<status status="PASS" start="2024-03-30T10:13:39.031512" elapsed="0.000215"/>
</kw>
<kw name="Dictionary Should Contain Key" owner="Collections">
<msg time="2024-03-30T10:13:39.032178" level="INFO">False</msg>
<arg>${json_data}</arg>
<arg>results</arg>
<doc>Fails if ``key`` is not found from ``dictionary``.</doc>
<status status="PASS" start="2024-03-30T10:13:39.032025" elapsed="0.000191"/>
</kw>
<kw name="Should Not Be Empty" owner="BuiltIn">
<msg time="2024-03-30T10:13:39.032645" level="INFO">Length is 2.</msg>
<arg>${json_data}</arg>
<doc>Verifies that the given item is not empty.</doc>
<status status="PASS" start="2024-03-30T10:13:39.032513" elapsed="0.000171"/>
</kw>
<kw name="Create List" owner="BuiltIn">
<msg time="2024-03-30T10:13:39.033130" level="INFO">${expected_keys} = ['gender', 'name', 'location', 'email', 'login']</msg>
<var>${expected_keys}</var>
<arg>gender</arg>
<arg>name</arg>
<arg>location</arg>
<arg>email</arg>
<arg>login</arg>
<doc>Returns a list containing given items.</doc>
<status status="PASS" start="2024-03-30T10:13:39.032975" elapsed="0.000179"/>
</kw>
<for flavor="IN">
<iter>
<kw name="Dictionary Should Contain Key" owner="Collections">
<msg time="2024-03-30T10:13:39.034116" level="INFO">False</msg>
<arg>${json_data['results'][0]}</arg>
<arg>${key}</arg>
<doc>Fails if ``key`` is not found from ``dictionary``.</doc>
<status status="PASS" start="2024-03-30T10:13:39.033711" elapsed="0.000444"/>
</kw>
<kw name="Log" owner="BuiltIn">
<msg time="2024-03-30T10:13:39.034830" level="INFO">{'gender': 'female', 'name': {'title': 'Ms', 'first': 'Emma', 'last': 'Douglas'}, 'location': {'street': {'number': 5905, 'name': 'Country Club Rd'}, 'city': 'Baltimore', 'state': 'Minnesota', 'country': 'United States', 'postcode': 73433, 'coordinates': {'latitude': '86.9533', 'longitude': '20.8043'}, 'timezone': {'offset': '-11:00', 'description': 'Midway Island, Samoa'}}, 'email': 'emma.douglas@example.com', 'login': {'uuid': '43c09117-b5a2-4994-a646-f3c980537716', 'username': 'happyzebra300', 'password': 'corey', 'salt': 'vPlMLrkA', 'md5': 'bf400c063d2d82429c7551edede9dbed', 'sha1': 'b6fe2840d4739993a344983e05ed558176c31f27', 'sha256': 'cb26a96fc9c4eaab8b7187bf8abc9ddd2e07dc603208310ce1a4aa85e67ee46f'}, 'dob': {'date': '1988-09-13T12:11:01.990Z', 'age': 35}, 'registered': {'date': '2014-02-16T19:28:29.454Z', 'age': 10}, 'phone': '(232) 540-4159', 'cell': '(351) 921-2078', 'id': {'name': 'SSN', 'value': '170-24-5689'}, 'picture': {'large': 'https://randomuser.me/api/portraits/women/49.jpg', 'medium': 'https://randomuser.me/api/portraits/med/women/49.jpg', 'thumbnail': 'https://randomuser.me/api/portraits/thumb/women/49.jpg'}, 'nat': 'US'}</msg>
<arg>${json_data['results'][0]}</arg>
<doc>Logs the given message with the given level.</doc>
<status status="PASS" start="2024-03-30T10:13:39.034464" elapsed="0.000421"/>
</kw>
<kw name="Log" owner="BuiltIn">
<msg time="2024-03-30T10:13:39.035355" level="INFO">gender</msg>
<arg>${key}</arg>
<doc>Logs the given message with the given level.</doc>
<status status="PASS" start="2024-03-30T10:13:39.035223" elapsed="0.000171"/>
</kw>
<var name="${key}">gender</var>
<status status="PASS" start="2024-03-30T10:13:39.033589" elapsed="0.002041"/>
</iter>
<iter>
<kw name="Dictionary Should Contain Key" owner="Collections">
<msg time="2024-03-30T10:13:39.036322" level="INFO">False</msg>
<arg>${json_data['results'][0]}</arg>
<arg>${key}</arg>
<doc>Fails if ``key`` is not found from ``dictionary``.</doc>
<status status="PASS" start="2024-03-30T10:13:39.035939" elapsed="0.000422"/>
</kw>
<kw name="Log" owner="BuiltIn">
<msg time="2024-03-30T10:13:39.037055" level="INFO">{'gender': 'female', 'name': {'title': 'Ms', 'first': 'Emma', 'last': 'Douglas'}, 'location': {'street': {'number': 5905, 'name': 'Country Club Rd'}, 'city': 'Baltimore', 'state': 'Minnesota', 'country': 'United States', 'postcode': 73433, 'coordinates': {'latitude': '86.9533', 'longitude': '20.8043'}, 'timezone': {'offset': '-11:00', 'description': 'Midway Island, Samoa'}}, 'email': 'emma.douglas@example.com', 'login': {'uuid': '43c09117-b5a2-4994-a646-f3c980537716', 'username': 'happyzebra300', 'password': 'corey', 'salt': 'vPlMLrkA', 'md5': 'bf400c063d2d82429c7551edede9dbed', 'sha1': 'b6fe2840d4739993a344983e05ed558176c31f27', 'sha256': 'cb26a96fc9c4eaab8b7187bf8abc9ddd2e07dc603208310ce1a4aa85e67ee46f'}, 'dob': {'date': '1988-09-13T12:11:01.990Z', 'age': 35}, 'registered': {'date': '2014-02-16T19:28:29.454Z', 'age': 10}, 'phone': '(232) 540-4159', 'cell': '(351) 921-2078', 'id': {'name': 'SSN', 'value': '170-24-5689'}, 'picture': {'large': 'https://randomuser.me/api/portraits/women/49.jpg', 'medium': 'https://randomuser.me/api/portraits/med/women/49.jpg', 'thumbnail': 'https://randomuser.me/api/portraits/thumb/women/49.jpg'}, 'nat': 'US'}</msg>
<arg>${json_data['results'][0]}</arg>
<doc>Logs the given message with the given level.</doc>
<status status="PASS" start="2024-03-30T10:13:39.036695" elapsed="0.000408"/>
</kw>
<kw name="Log" owner="BuiltIn">
<msg time="2024-03-30T10:13:39.037536" level="INFO">name</msg>
<arg>${key}</arg>
<doc>Logs the given message with the given level.</doc>
<status status="PASS" start="2024-03-30T10:13:39.037405" elapsed="0.000170"/>
</kw>
<var name="${key}">name</var>
<status status="PASS" start="2024-03-30T10:13:39.035822" elapsed="0.001974"/>
</iter>
<iter>
<kw name="Dictionary Should Contain Key" owner="Collections">
<msg time="2024-03-30T10:13:39.038466" level="INFO">False</msg>
<arg>${json_data['results'][0]}</arg>
<arg>${key}</arg>
<doc>Fails if ``key`` is not found from ``dictionary``.</doc>
<status status="PASS" start="2024-03-30T10:13:39.038089" elapsed="0.000415"/>
</kw>
<kw name="Log" owner="BuiltIn">
<msg time="2024-03-30T10:13:39.039195" level="INFO">{'gender': 'female', 'name': {'title': 'Ms', 'first': 'Emma', 'last': 'Douglas'}, 'location': {'street': {'number': 5905, 'name': 'Country Club Rd'}, 'city': 'Baltimore', 'state': 'Minnesota', 'country': 'United States', 'postcode': 73433, 'coordinates': {'latitude': '86.9533', 'longitude': '20.8043'}, 'timezone': {'offset': '-11:00', 'description': 'Midway Island, Samoa'}}, 'email': 'emma.douglas@example.com', 'login': {'uuid': '43c09117-b5a2-4994-a646-f3c980537716', 'username': 'happyzebra300', 'password': 'corey', 'salt': 'vPlMLrkA', 'md5': 'bf400c063d2d82429c7551edede9dbed', 'sha1': 'b6fe2840d4739993a344983e05ed558176c31f27', 'sha256': 'cb26a96fc9c4eaab8b7187bf8abc9ddd2e07dc603208310ce1a4aa85e67ee46f'}, 'dob': {'date': '1988-09-13T12:11:01.990Z', 'age': 35}, 'registered': {'date': '2014-02-16T19:28:29.454Z', 'age': 10}, 'phone': '(232) 540-4159', 'cell': '(351) 921-2078', 'id': {'name': 'SSN', 'value': '170-24-5689'}, 'picture': {'large': 'https://randomuser.me/api/portraits/women/49.jpg', 'medium': 'https://randomuser.me/api/portraits/med/women/49.jpg', 'thumbnail': 'https://randomuser.me/api/portraits/thumb/women/49.jpg'}, 'nat': 'US'}</msg>
<arg>${json_data['results'][0]}</arg>
<doc>Logs the given message with the given level.</doc>
<status status="PASS" start="2024-03-30T10:13:39.038805" elapsed="0.000445"/>
</kw>
<kw name="Log" owner="BuiltIn">
<msg time="2024-03-30T10:13:39.039684" level="INFO">location</msg>
<arg>${key}</arg>
<doc>Logs the given message with the given level.</doc>
<status status="PASS" start="2024-03-30T10:13:39.039556" elapsed="0.000166"/>
</kw>
<var name="${key}">location</var>
<status status="PASS" start="2024-03-30T10:13:39.037977" elapsed="0.001962"/>
</iter>
<iter>
<kw name="Dictionary Should Contain Key" owner="Collections">
<msg time="2024-03-30T10:13:39.040605" level="INFO">False</msg>
<arg>${json_data['results'][0]}</arg>
<arg>${key}</arg>
<doc>Fails if ``key`` is not found from ``dictionary``.</doc>
<status status="PASS" start="2024-03-30T10:13:39.040226" elapsed="0.000415"/>
</kw>
<kw name="Log" owner="BuiltIn">
<msg time="2024-03-30T10:13:39.041293" level="INFO">{'gender': 'female', 'name': {'title': 'Ms', 'first': 'Emma', 'last': 'Douglas'}, 'location': {'street': {'number': 5905, 'name': 'Country Club Rd'}, 'city': 'Baltimore', 'state': 'Minnesota', 'country': 'United States', 'postcode': 73433, 'coordinates': {'latitude': '86.9533', 'longitude': '20.8043'}, 'timezone': {'offset': '-11:00', 'description': 'Midway Island, Samoa'}}, 'email': 'emma.douglas@example.com', 'login': {'uuid': '43c09117-b5a2-4994-a646-f3c980537716', 'username': 'happyzebra300', 'password': 'corey', 'salt': 'vPlMLrkA', 'md5': 'bf400c063d2d82429c7551edede9dbed', 'sha1': 'b6fe2840d4739993a344983e05ed558176c31f27', 'sha256': 'cb26a96fc9c4eaab8b7187bf8abc9ddd2e07dc603208310ce1a4aa85e67ee46f'}, 'dob': {'date': '1988-09-13T12:11:01.990Z', 'age': 35}, 'registered': {'date': '2014-02-16T19:28:29.454Z', 'age': 10}, 'phone': '(232) 540-4159', 'cell': '(351) 921-2078', 'id': {'name': 'SSN', 'value': '170-24-5689'}, 'picture': {'large': 'https://randomuser.me/api/portraits/women/49.jpg', 'medium': 'https://randomuser.me/api/portraits/med/women/49.jpg', 'thumbnail': 'https://randomuser.me/api/portraits/thumb/women/49.jpg'}, 'nat': 'US'}</msg>
<arg>${json_data['results'][0]}</arg>
<doc>Logs the given message with the given level.</doc>
<status status="PASS" start="2024-03-30T10:13:39.040941" elapsed="0.000401"/>
</kw>
<kw name="Log" owner="BuiltIn">
<msg time="2024-03-30T10:13:39.041767" level="INFO">email</msg>
<arg>${key}</arg>
<doc>Logs the given message with the given level.</doc>
<status status="PASS" start="2024-03-30T10:13:39.041642" elapsed="0.000162"/>
</kw>
<var name="${key}">email</var>
<status status="PASS" start="2024-03-30T10:13:39.040114" elapsed="0.001904"/>
</iter>
<iter>
<kw name="Dictionary Should Contain Key" owner="Collections">
<msg time="2024-03-30T10:13:39.042695" level="INFO">False</msg>
<arg>${json_data['results'][0]}</arg>
<arg>${key}</arg>
<doc>Fails if ``key`` is not found from ``dictionary``.</doc>
<status status="PASS" start="2024-03-30T10:13:39.042309" elapsed="0.000422"/>
</kw>
<kw name="Log" owner="BuiltIn">
<msg time="2024-03-30T10:13:39.043416" level="INFO">{'gender': 'female', 'name': {'title': 'Ms', 'first': 'Emma', 'last': 'Douglas'}, 'location': {'street': {'number': 5905, 'name': 'Country Club Rd'}, 'city': 'Baltimore', 'state': 'Minnesota', 'country': 'United States', 'postcode': 73433, 'coordinates': {'latitude': '86.9533', 'longitude': '20.8043'}, 'timezone': {'offset': '-11:00', 'description': 'Midway Island, Samoa'}}, 'email': 'emma.douglas@example.com', 'login': {'uuid': '43c09117-b5a2-4994-a646-f3c980537716', 'username': 'happyzebra300', 'password': 'corey', 'salt': 'vPlMLrkA', 'md5': 'bf400c063d2d82429c7551edede9dbed', 'sha1': 'b6fe2840d4739993a344983e05ed558176c31f27', 'sha256': 'cb26a96fc9c4eaab8b7187bf8abc9ddd2e07dc603208310ce1a4aa85e67ee46f'}, 'dob': {'date': '1988-09-13T12:11:01.990Z', 'age': 35}, 'registered': {'date': '2014-02-16T19:28:29.454Z', 'age': 10}, 'phone': '(232) 540-4159', 'cell': '(351) 921-2078', 'id': {'name': 'SSN', 'value': '170-24-5689'}, 'picture': {'large': 'https://randomuser.me/api/portraits/women/49.jpg', 'medium': 'https://randomuser.me/api/portraits/med/women/49.jpg', 'thumbnail': 'https://randomuser.me/api/portraits/thumb/women/49.jpg'}, 'nat': 'US'}</msg>
<arg>${json_data['results'][0]}</arg>
<doc>Logs the given message with the given level.</doc>
<status status="PASS" start="2024-03-30T10:13:39.043025" elapsed="0.000438"/>
</kw>
<kw name="Log" owner="BuiltIn">
<msg time="2024-03-30T10:13:39.043890" level="INFO">login</msg>
<arg>${key}</arg>
<doc>Logs the given message with the given level.</doc>
<status status="PASS" start="2024-03-30T10:13:39.043764" elapsed="0.000271"/>
</kw>
<var name="${key}">login</var>
<status status="PASS" start="2024-03-30T10:13:39.042192" elapsed="0.002091"/>
</iter>
<var>${key}</var>
<value>@{expected_keys}</value>
<status status="PASS" start="2024-03-30T10:13:39.033410" elapsed="0.011002"/>
</for>
<kw name="Create List" owner="BuiltIn">
<msg time="2024-03-30T10:13:39.044744" level="INFO">${expected_keysTwo} = ['username', 'password']</msg>
<var>${expected_keysTwo}</var>
<arg>username</arg>
<arg>password</arg>
<doc>Returns a list containing given items.</doc>
<status status="PASS" start="2024-03-30T10:13:39.044606" elapsed="0.000162"/>
</kw>
<for flavor="IN">
<iter>
<kw name="Dictionary Should Contain Key" owner="Collections">
<msg time="2024-03-30T10:13:39.045639" level="INFO">False</msg>
<arg>${json_data['results'][0]['login']}</arg>
<arg>${keyTwo}</arg>
<doc>Fails if ``key`` is not found from ``dictionary``.</doc>
<status status="PASS" start="2024-03-30T10:13:39.045264" elapsed="0.000412"/>
</kw>
<kw name="Dictionary Should Contain Key" owner="Collections">
<msg time="2024-03-30T10:13:39.046352" level="INFO">False</msg>
<arg>${json_data['results'][0]['login']}</arg>
<arg>${keyTwo}</arg>
<doc>Fails if ``key`` is not found from ``dictionary``.</doc>
<status status="PASS" start="2024-03-30T10:13:39.045970" elapsed="0.000419"/>
</kw>
<kw name="Log" owner="BuiltIn">
<msg time="2024-03-30T10:13:39.046815" level="INFO">username</msg>
<arg>${keyTwo}</arg>
<doc>Logs the given message with the given level.</doc>
<status status="PASS" start="2024-03-30T10:13:39.046688" elapsed="0.000164"/>
</kw>
<var name="${keyTwo}">username</var>
<status status="PASS" start="2024-03-30T10:13:39.045155" elapsed="0.001912"/>
</iter>
<iter>
<kw name="Dictionary Should Contain Key" owner="Collections">
<msg time="2024-03-30T10:13:39.047763" level="INFO">False</msg>
<arg>${json_data['results'][0]['login']}</arg>
<arg>${keyTwo}</arg>
<doc>Fails if ``key`` is not found from ``dictionary``.</doc>
<status status="PASS" start="2024-03-30T10:13:39.047386" elapsed="0.000415"/>
</kw>
<kw name="Dictionary Should Contain Key" owner="Collections">
<msg time="2024-03-30T10:13:39.048478" level="INFO">False</msg>
<arg>${json_data['results'][0]['login']}</arg>
<arg>${keyTwo}</arg>
<doc>Fails if ``key`` is not found from ``dictionary``.</doc>
<status status="PASS" start="2024-03-30T10:13:39.048094" elapsed="0.000421"/>
</kw>
<kw name="Log" owner="BuiltIn">
<msg time="2024-03-30T10:13:39.048936" level="INFO">password</msg>
<arg>${keyTwo}</arg>
<doc>Logs the given message with the given level.</doc>
<status status="PASS" start="2024-03-30T10:13:39.048808" elapsed="0.000166"/>
</kw>
<var name="${keyTwo}">password</var>
<status status="PASS" start="2024-03-30T10:13:39.047273" elapsed="0.001920"/>
</iter>
<var>${keyTwo}</var>
<value>@{expected_keysTwo}</value>
<status status="PASS" start="2024-03-30T10:13:39.045004" elapsed="0.004311"/>
</for>
<status status="PASS" start="2024-03-30T10:13:38.931148" elapsed="0.118308"/>
</kw>
<doc>Testa a estrutura da resposta da API.</doc>
<tag>testeEstruturaResposta</tag>
<status status="PASS" start="2024-03-30T10:13:38.930512" elapsed="0.119099"/>
</test>
<test id="s1-s1-t4" name="Validar tipos de dados" line="28">
<kw name="Teste de Tipos de Dados" owner="random-user-service">
<kw name="GET On Session" owner="RequestsLibrary">
<msg time="2024-03-30T10:13:39.131049" level="INFO">GET Request : url=https://randomuser.me/api 
 path_url=/api 
 headers={'User-Agent': 'python-requests/2.31.0', 'Accept-Encoding': 'gzip, deflate', 'Accept': '*/*', 'Connection': 'keep-alive'} 
 body=None 
 </msg>
<msg time="2024-03-30T10:13:39.131175" level="INFO">GET Response : url=https://randomuser.me/api 
 status=200, reason=OK 
 headers={'Date': 'Sat, 30 Mar 2024 10:13:39 GMT', 'Content-Type': 'application/json; charset=utf-8', 'Transfer-Encoding': 'chunked', 'Connection': 'keep-alive', 'X-Powered-By': 'Express', 'Access-Control-Allow-Origin': '*', 'Cache-Control': 'no-cache', 'ETag': 'W/"48a-8MQ0M/FuPZ+MMOhdeKPEQGWiTCM"', 'Vary': 'Accept-Encoding', 'Content-Encoding': 'gzip', 'CF-Cache-Status': 'DYNAMIC', 'Report-To': '{"endpoints":[{"url":"https:\\/\\/a.nel.cloudflare.com\\/report\\/v4?s=lmv91bviXpFExSMwlRq1L4uMwJSrIbATxtMvD1widFdpG6OChGecSemOkswFzRqwIw2rNQk%2B6Fve9yPpdr42oE71DW10s3J32aKXuABO7of2e%2BXpDTWcVu1YnIRSwecH"}],"group":"cf-nel","max_age":604800}', 'NEL': '{"success_fraction":0,"report_to":"cf-nel","max_age":604800}', 'Server': 'cloudflare', 'CF-RAY': '86c754071987826c-IAD', 'alt-svc': 'h3=":443"; ma=86400'} 
 body={"results":[{"gender":"female","name":{"title":"Miss","first":"Nadia","last":"Hillestad"},"location":{"street":{"number":1898,"name":"Brynsengfaret"},"city":"Vigeland","state":"Bergen","country":"Norway","postcode":"7435","coordinates":{"latitude":"44.7977","longitude":"14.7964"},"timezone":{"offset":"+8:00","description":"Beijing, Perth, Singapore, Hong Kong"}},"email":"nadia.hillestad@example.com","login":{"uuid":"b50d31e2-1f6c-4bd5-852b-1dafb54d104a","username":"sadcat857","password":"bimmer","salt":"8AWT2usv","md5":"f839f2d157252959e1111c451ca87e84","sha1":"4de0c573d6ac8a3b995f6f7a998c1fca89d23fad","sha256":"84fb4bc3566997826cc7c13076312040019b49235e09378bf2205ee1628dd213"},"dob":{"date":"1983-06-01T20:39:07.865Z","age":40},"registered":{"date":"2022-04-12T01:59:04.343Z","age":1},"phone":"32810261","cell":"48310313","id":{"name":"FN","value":"01068300653"},"picture":{"large":"https://randomuser.me/api/portraits/women/72.jpg","medium":"https://randomuser.me/api/portraits/med/women/72.jpg","thumbnail":"https://randomuser.me/api/portraits/thumb/women/72.jpg"},"nat":"NO"}],"info":{"seed":"53d835d36dc5ffdd","results":1,"page":1,"version":"1.4"}} 
 </msg>
<msg time="2024-03-30T10:13:39.131249" level="INFO">/opt/hostedtoolcache/Python/3.12.2/x64/lib/python3.12/site-packages/urllib3/connectionpool.py:1103: InsecureRequestWarning: Unverified HTTPS request is being made to host 'randomuser.me'. Adding certificate verification is strongly advised. See: https://urllib3.readthedocs.io/en/latest/advanced-usage.html#tls-warnings
  warnings.warn(</msg>
<msg time="2024-03-30T10:13:39.131381" level="INFO">${response} = &lt;Response [200]&gt;</msg>
<var>${response}</var>
<arg>consultarAPI</arg>
<arg>/api</arg>
<doc>Sends a GET request on a previously created HTTP Session.</doc>
<status status="PASS" start="2024-03-30T10:13:39.052134" elapsed="0.079299"/>
</kw>
<kw name="Set Variable" owner="BuiltIn">
<msg time="2024-03-30T10:13:39.132481" level="INFO">${json_data} = {'results': [{'gender': 'female', 'name': {'title': 'Miss', 'first': 'Nadia', 'last': 'Hillestad'}, 'location': {'street': {'number': 1898, 'name': 'Brynsengfaret'}, 'city': 'Vigeland', 'state': 'Berg...</msg>
<var>${json_data}</var>
<arg>${response.json()}</arg>
<doc>Returns the given values which can then be assigned to a variables.</doc>
<status status="PASS" start="2024-03-30T10:13:39.131947" elapsed="0.000562"/>
</kw>
<kw name="Log" owner="BuiltIn">
<msg time="2024-03-30T10:13:39.132974" level="INFO">{'results': [{'gender': 'female', 'name': {'title': 'Miss', 'first': 'Nadia', 'last': 'Hillestad'}, 'location': {'street': {'number': 1898, 'name': 'Brynsengfaret'}, 'city': 'Vigeland', 'state': 'Bergen', 'country': 'Norway', 'postcode': '7435', 'coordinates': {'latitude': '44.7977', 'longitude': '14.7964'}, 'timezone': {'offset': '+8:00', 'description': 'Beijing, Perth, Singapore, Hong Kong'}}, 'email': 'nadia.hillestad@example.com', 'login': {'uuid': 'b50d31e2-1f6c-4bd5-852b-1dafb54d104a', 'username': 'sadcat857', 'password': 'bimmer', 'salt': '8AWT2usv', 'md5': 'f839f2d157252959e1111c451ca87e84', 'sha1': '4de0c573d6ac8a3b995f6f7a998c1fca89d23fad', 'sha256': '84fb4bc3566997826cc7c13076312040019b49235e09378bf2205ee1628dd213'}, 'dob': {'date': '1983-06-01T20:39:07.865Z', 'age': 40}, 'registered': {'date': '2022-04-12T01:59:04.343Z', 'age': 1}, 'phone': '32810261', 'cell': '48310313', 'id': {'name': 'FN', 'value': '01068300653'}, 'picture': {'large': 'https://randomuser.me/api/portraits/women/72.jpg', 'medium': 'https://randomuser.me/api/portraits/med/women/72.jpg', 'thumbnail': 'https://randomuser.me/api/portraits/thumb/women/72.jpg'}, 'nat': 'NO'}], 'info': {'seed': '53d835d36dc5ffdd', 'results': 1, 'page': 1, 'version': '1.4'}}</msg>
<arg>${json_data}</arg>
<doc>Logs the given message with the given level.</doc>
<status status="PASS" start="2024-03-30T10:13:39.132823" elapsed="0.000230"/>
</kw>
<kw name="Should Be String" owner="String">
<arg>${json_data['results'][0]['gender']}</arg>
<doc>Fails if the given ``item`` is not a string.</doc>
<status status="PASS" start="2024-03-30T10:13:39.133353" elapsed="0.000361"/>
</kw>
<kw name="Should Match Regexp" owner="BuiltIn">
<arg>${json_data['results'][0]['email']}</arg>
<arg>^[a-zA-Z0-9._%+-]+@[a-zA-Z0-9.-]+\.[a-zA-Z]{2,}$</arg>
<doc>Fails if ``string`` does not match ``pattern`` as a regular expression.</doc>
<status status="PASS" start="2024-03-30T10:13:39.133910" elapsed="0.000505"/>
</kw>
<kw name="Should Match Regexp" owner="BuiltIn">
<arg>${json_data['results'][0]['dob']['date']}</arg>
<arg>\\d{4}-\\d{2}-\\d{2}T\\d{2}:\\d{2}:\\d{2}\\.\\d{3}Z</arg>
<doc>Fails if ``string`` does not match ``pattern`` as a regular expression.</doc>
<status status="PASS" start="2024-03-30T10:13:39.134615" elapsed="0.000512"/>
</kw>
<kw name="Should Match Regexp" owner="BuiltIn">
<arg>${json_data['results'][0]['registered']['date']}</arg>
<arg>\\d{4}-\\d{2}-\\d{2}T\\d{2}:\\d{2}:\\d{2}\\.\\d{3}Z</arg>
<doc>Fails if ``string`` does not match ``pattern`` as a regular expression.</doc>
<status status="PASS" start="2024-03-30T10:13:39.135324" elapsed="0.000374"/>
</kw>
<kw name="Should Match Regexp" owner="BuiltIn">
<arg>${json_data['results'][0]['picture']['large']}</arg>
<arg>^https?://.*\.(?:png|jpe?g|gif|bmp)$</arg>
<doc>Fails if ``string`` does not match ``pattern`` as a regular expression.</doc>
<status status="PASS" start="2024-03-30T10:13:39.135887" elapsed="0.000455"/>
</kw>
<kw name="Should Match Regexp" owner="BuiltIn">
<arg>${json_data['results'][0]['picture']['medium']}</arg>
<arg>^https?://.*\.(?:png|jpe?g|gif|bmp)$</arg>
<doc>Fails if ``string`` does not match ``pattern`` as a regular expression.</doc>
<status status="PASS" start="2024-03-30T10:13:39.136532" elapsed="0.000359"/>
</kw>
<kw name="Should Match Regexp" owner="BuiltIn">
<arg>${json_data['results'][0]['picture']['thumbnail']}</arg>
<arg>^https?://.*\.(?:png|jpe?g|gif|bmp)$</arg>
<doc>Fails if ``string`` does not match ``pattern`` as a regular expression.</doc>
<status status="PASS" start="2024-03-30T10:13:39.137076" elapsed="0.000350"/>
</kw>
<kw name="Log" owner="BuiltIn">
<msg time="2024-03-30T10:13:39.137933" level="INFO">{'large': 'https://randomuser.me/api/portraits/women/72.jpg', 'medium': 'https://randomuser.me/api/portraits/med/women/72.jpg', 'thumbnail': 'https://randomuser.me/api/portraits/thumb/women/72.jpg'}</msg>
<arg>${json_data['results'][0]['picture']}</arg>
<doc>Logs the given message with the given level.</doc>
<status status="PASS" start="2024-03-30T10:13:39.137607" elapsed="0.000372"/>
</kw>
<status status="PASS" start="2024-03-30T10:13:39.051911" elapsed="0.086322"/>
</kw>
<kw name="Teste de Tipos de Dados - Postcode" owner="random-user-service">
<kw name="GET On Session" owner="RequestsLibrary">
<msg time="2024-03-30T10:13:39.223807" level="INFO">GET Request : url=https://randomuser.me/api 
 path_url=/api 
 headers={'User-Agent': 'python-requests/2.31.0', 'Accept-Encoding': 'gzip, deflate', 'Accept': '*/*', 'Connection': 'keep-alive'} 
 body=None 
 </msg>
<msg time="2024-03-30T10:13:39.223883" level="INFO">GET Response : url=https://randomuser.me/api 
 status=200, reason=OK 
 headers={'Date': 'Sat, 30 Mar 2024 10:13:39 GMT', 'Content-Type': 'application/json; charset=utf-8', 'Transfer-Encoding': 'chunked', 'Connection': 'keep-alive', 'X-Powered-By': 'Express', 'Access-Control-Allow-Origin': '*', 'Cache-Control': 'no-cache', 'ETag': 'W/"47c-9A8F28GpvJrvZ6jvPQexvolHt/0"', 'Vary': 'Accept-Encoding', 'Content-Encoding': 'gzip', 'CF-Cache-Status': 'DYNAMIC', 'Report-To': '{"endpoints":[{"url":"https:\\/\\/a.nel.cloudflare.com\\/report\\/v4?s=%2FS%2BaVeLgaaJMaHRJ76G84gB%2Fr0YuPAKVxXdOm9ZYN4VCtIQ4NWqPrZIkVS4WuLE7FNe1Aa6qZY9oB7zFUjORs7Z6d%2FRb9uvyP9hELnC035to0uZuFMxSUdnxcx0LKTr1"}],"group":"cf-nel","max_age":604800}', 'NEL': '{"success_fraction":0,"report_to":"cf-nel","max_age":604800}', 'Server': 'cloudflare', 'CF-RAY': '86c75407a9eb826c-IAD', 'alt-svc': 'h3=":443"; ma=86400'} 
 body={"results":[{"gender":"male","name":{"title":"Mr","first":"Eivind","last":"Solberg"},"location":{"street":{"number":3410,"name":"Rommibakken"},"city":"Bjørkelangen","state":"Hordaland","country":"Norway","postcode":"5254","coordinates":{"latitude":"45.5783","longitude":"-106.8311"},"timezone":{"offset":"-11:00","description":"Midway Island, Samoa"}},"email":"eivind.solberg@example.com","login":{"uuid":"3c05b05b-535f-4b63-963c-e0d4d64441aa","username":"bluepeacock932","password":"hhhhhh","salt":"xnx9UymK","md5":"ea4d18727f8878e1adcf266f2fd0fbec","sha1":"9424755d3f0089aca54c03f15ad205295d00f955","sha256":"edd2fba7d43503f63a45eb301bb86b05864c1643432d1276683938e2faa21dbe"},"dob":{"date":"1944-09-24T09:49:09.454Z","age":79},"registered":{"date":"2019-06-22T10:32:53.223Z","age":4},"phone":"84222066","cell":"43435134","id":{"name":"FN","value":"24094428579"},"picture":{"large":"https://randomuser.me/api/portraits/men/30.jpg","medium":"https://randomuser.me/api/portraits/med/men/30.jpg","thumbnail":"https://randomuser.me/api/portraits/thumb/men/30.jpg"},"nat":"NO"}],"info":{"seed":"7838da61c0cdf057","results":1,"page":1,"version":"1.4"}} 
 </msg>
<msg time="2024-03-30T10:13:39.223964" level="INFO">/opt/hostedtoolcache/Python/3.12.2/x64/lib/python3.12/site-packages/urllib3/connectionpool.py:1103: InsecureRequestWarning: Unverified HTTPS request is being made to host 'randomuser.me'. Adding certificate verification is strongly advised. See: https://urllib3.readthedocs.io/en/latest/advanced-usage.html#tls-warnings
  warnings.warn(</msg>
<msg time="2024-03-30T10:13:39.224088" level="INFO">${response} = &lt;Response [200]&gt;</msg>
<var>${response}</var>
<arg>consultarAPI</arg>
<arg>/api</arg>
<doc>Sends a GET request on a previously created HTTP Session.</doc>
<status status="PASS" start="2024-03-30T10:13:39.138796" elapsed="0.085340"/>
</kw>
<kw name="Set Variable" owner="BuiltIn">
<msg time="2024-03-30T10:13:39.225237" level="INFO">${json_data} = {'results': [{'gender': 'male', 'name': {'title': 'Mr', 'first': 'Eivind', 'last': 'Solberg'}, 'location': {'street': {'number': 3410, 'name': 'Rommibakken'}, 'city': 'Bjørkelangen', 'state': 'Hordala...</msg>
<var>${json_data}</var>
<arg>${response.json()}</arg>
<doc>Returns the given values which can then be assigned to a variables.</doc>
<status status="PASS" start="2024-03-30T10:13:39.224686" elapsed="0.000579"/>
</kw>
<kw name="Log" owner="BuiltIn">
<msg time="2024-03-30T10:13:39.225726" level="INFO">{'results': [{'gender': 'male', 'name': {'title': 'Mr', 'first': 'Eivind', 'last': 'Solberg'}, 'location': {'street': {'number': 3410, 'name': 'Rommibakken'}, 'city': 'Bjørkelangen', 'state': 'Hordaland', 'country': 'Norway', 'postcode': '5254', 'coordinates': {'latitude': '45.5783', 'longitude': '-106.8311'}, 'timezone': {'offset': '-11:00', 'description': 'Midway Island, Samoa'}}, 'email': 'eivind.solberg@example.com', 'login': {'uuid': '3c05b05b-535f-4b63-963c-e0d4d64441aa', 'username': 'bluepeacock932', 'password': 'hhhhhh', 'salt': 'xnx9UymK', 'md5': 'ea4d18727f8878e1adcf266f2fd0fbec', 'sha1': '9424755d3f0089aca54c03f15ad205295d00f955', 'sha256': 'edd2fba7d43503f63a45eb301bb86b05864c1643432d1276683938e2faa21dbe'}, 'dob': {'date': '1944-09-24T09:49:09.454Z', 'age': 79}, 'registered': {'date': '2019-06-22T10:32:53.223Z', 'age': 4}, 'phone': '84222066', 'cell': '43435134', 'id': {'name': 'FN', 'value': '24094428579'}, 'picture': {'large': 'https://randomuser.me/api/portraits/men/30.jpg', 'medium': 'https://randomuser.me/api/portraits/med/men/30.jpg', 'thumbnail': 'https://randomuser.me/api/portraits/thumb/men/30.jpg'}, 'nat': 'NO'}], 'info': {'seed': '7838da61c0cdf057', 'results': 1, 'page': 1, 'version': '1.4'}}</msg>
<arg>${json_data}</arg>
<doc>Logs the given message with the given level.</doc>
<status status="PASS" start="2024-03-30T10:13:39.225571" elapsed="0.000235"/>
</kw>
<kw name="Should Be Equal As Numbers" owner="BuiltIn">
<arg>${json_data['results'][0]['location']['postcode']}</arg>
<arg>${json_data['results'][0]['location']['postcode']}</arg>
<doc>Fails if objects are unequal after converting them to real numbers.</doc>
<status status="PASS" start="2024-03-30T10:13:39.226109" elapsed="0.000621"/>
</kw>
<kw name="Log" owner="BuiltIn">
<msg time="2024-03-30T10:13:39.227293" level="INFO">5254</msg>
<arg>${json_data['results'][0]['location']['postcode']}</arg>
<doc>Logs the given message with the given level.</doc>
<status status="PASS" start="2024-03-30T10:13:39.226921" elapsed="0.000414"/>
</kw>
<status status="PASS" start="2024-03-30T10:13:39.138446" elapsed="0.089142"/>
</kw>
<doc>Testa se os tipos de dados na resposta da API estão corretos.</doc>
<tag>testeTiposDados</tag>
<status status="PASS" start="2024-03-30T10:13:39.051377" elapsed="0.176372"/>
</test>
<test id="s1-s1-t5" name="Validar conteudo" line="35">
<kw name="Teste de Tipos de Conteudo" owner="random-user-service">
<kw name="GET On Session" owner="RequestsLibrary">
<msg time="2024-03-30T10:13:39.323015" level="INFO">GET Request : url=https://randomuser.me/api 
 path_url=/api 
 headers={'User-Agent': 'python-requests/2.31.0', 'Accept-Encoding': 'gzip, deflate', 'Accept': '*/*', 'Connection': 'keep-alive'} 
 body=None 
 </msg>
<msg time="2024-03-30T10:13:39.323134" level="INFO">GET Response : url=https://randomuser.me/api 
 status=200, reason=OK 
 headers={'Date': 'Sat, 30 Mar 2024 10:13:39 GMT', 'Content-Type': 'application/json; charset=utf-8', 'Transfer-Encoding': 'chunked', 'Connection': 'keep-alive', 'X-Powered-By': 'Express', 'Access-Control-Allow-Origin': '*', 'Cache-Control': 'no-cache', 'ETag': 'W/"477-YPGrpUz6pMxVZ6Ljw5K4VsCy/SI"', 'Vary': 'Accept-Encoding', 'Content-Encoding': 'gzip', 'CF-Cache-Status': 'DYNAMIC', 'Report-To': '{"endpoints":[{"url":"https:\\/\\/a.nel.cloudflare.com\\/report\\/v4?s=Uv1qgCjaRYgIdLazv3zUD0hw4aqebzptHIHTbAs4XjEs312FXXBax%2BigaA932kEsrVykh%2Bxje5uwFQERkay8CQYiquAsjo7ADhA%2Bybr9MiuDo%2FwKh6zXGVwWIzmtR%2B8n"}],"group":"cf-nel","max_age":604800}', 'NEL': '{"success_fraction":0,"report_to":"cf-nel","max_age":604800}', 'Server': 'cloudflare', 'CF-RAY': '86c754083a5b826c-IAD', 'alt-svc': 'h3=":443"; ma=86400'} 
 body={"results":[{"gender":"male","name":{"title":"Mr","first":"Ed","last":"Winter"},"location":{"street":{"number":8109,"name":"Heer Oudelandslaan"},"city":"Lobith","state":"Gelderland","country":"Netherlands","postcode":"8166 BN","coordinates":{"latitude":"36.6126","longitude":"-165.9721"},"timezone":{"offset":"-9:00","description":"Alaska"}},"email":"ed.winter@example.com","login":{"uuid":"3f1ca740-ed31-41f0-b096-b4744e826780","username":"purplegorilla751","password":"515151","salt":"32mge9dR","md5":"57a03f0360afe01c0dcda7f3515dc250","sha1":"749c0d23ae976ac815b4e620cb36f6f8d43bb22e","sha256":"9bce2e8bb315f02436661180e0091ec02ca972852fdad76faba886048a25a814"},"dob":{"date":"1961-04-22T00:29:34.937Z","age":62},"registered":{"date":"2012-01-16T22:33:45.973Z","age":12},"phone":"(029) 5134500","cell":"(06) 83347622","id":{"name":"BSN","value":"80367142"},"picture":{"large":"https://randomuser.me/api/portraits/men/30.jpg","medium":"https://randomuser.me/api/portraits/med/men/30.jpg","thumbnail":"https://randomuser.me/api/portraits/thumb/men/30.jpg"},"nat":"NL"}],"info":{"seed":"197cc67434740e18","results":1,"page":1,"version":"1.4"}} 
 </msg>
<msg time="2024-03-30T10:13:39.323190" level="INFO">/opt/hostedtoolcache/Python/3.12.2/x64/lib/python3.12/site-packages/urllib3/connectionpool.py:1103: InsecureRequestWarning: Unverified HTTPS request is being made to host 'randomuser.me'. Adding certificate verification is strongly advised. See: https://urllib3.readthedocs.io/en/latest/advanced-usage.html#tls-warnings
  warnings.warn(</msg>
<msg time="2024-03-30T10:13:39.323284" level="INFO">${response} = &lt;Response [200]&gt;</msg>
<var>${response}</var>
<arg>consultarAPI</arg>
<arg>/api</arg>
<doc>Sends a GET request on a previously created HTTP Session.</doc>
<status status="PASS" start="2024-03-30T10:13:39.230192" elapsed="0.093130"/>
</kw>
<kw name="Set Variable" owner="BuiltIn">
<msg time="2024-03-30T10:13:39.324290" level="INFO">${json_data} = {'results': [{'gender': 'male', 'name': {'title': 'Mr', 'first': 'Ed', 'last': 'Winter'}, 'location': {'street': {'number': 8109, 'name': 'Heer Oudelandslaan'}, 'city': 'Lobith', 'state': 'Gelderland'...</msg>
<var>${json_data}</var>
<arg>${response.json()}</arg>
<doc>Returns the given values which can then be assigned to a variables.</doc>
<status status="PASS" start="2024-03-30T10:13:39.323754" elapsed="0.000564"/>
</kw>
<kw name="Set Variable" owner="BuiltIn">
<msg time="2024-03-30T10:13:39.324996" level="INFO">${name_title} = Mr</msg>
<var>${name_title}</var>
<arg>${json_data["results"][0]["name"]["title"]}</arg>
<doc>Returns the given values which can then be assigned to a variables.</doc>
<status status="PASS" start="2024-03-30T10:13:39.324622" elapsed="0.000399"/>
</kw>
<kw name="Create List" owner="BuiltIn">
<msg time="2024-03-30T10:13:39.325463" level="INFO">${allowed_titles} = ['Mr', 'Ms', 'Miss', 'Mrs', 'Madame', 'Monsieur']</msg>
<var>${allowed_titles}</var>
<arg>Mr</arg>
<arg>Ms</arg>
<arg>Miss</arg>
<arg>Mrs</arg>
<arg>Madame</arg>
<arg>Monsieur</arg>
<doc>Returns a list containing given items.</doc>
<status status="PASS" start="2024-03-30T10:13:39.325316" elapsed="0.000171"/>
</kw>
<kw name="List Should Contain Value" owner="Collections">
<msg time="2024-03-30T10:13:39.325963" level="INFO">False</msg>
<arg>${allowed_titles}</arg>
<arg>${name_title}</arg>
<doc>Fails if the ``value`` is not found from ``list``.</doc>
<status status="PASS" start="2024-03-30T10:13:39.325791" elapsed="0.000208"/>
</kw>
<kw name="Set Variable" owner="BuiltIn">
<msg time="2024-03-30T10:13:39.326659" level="INFO">${name_country} = NL</msg>
<var>${name_country}</var>
<arg>${json_data["results"][0]["nat"]}</arg>
<doc>Returns the given values which can then be assigned to a variables.</doc>
<status status="PASS" start="2024-03-30T10:13:39.326286" elapsed="0.000397"/>
</kw>
<kw name="Create List" owner="BuiltIn">
<msg time="2024-03-30T10:13:39.327625" level="INFO">${list_country} = ['AD', 'AE', 'AF', 'AG', 'AI', 'AL', 'AM', 'AO', 'AQ', 'AR', 'AS', 'AT', 'AU', 'AW', 'AX', 'AZ', 'BA', 'BB', 'BD', 'BE', 'BF', 'BG', 'BH', 'BI', 'BJ', 'BL', 'BM', 'BN', 'BO', 'BQ', 'BR', 'BS', 'BT', '...</msg>
<var>${list_country}</var>
<arg>AD</arg>
<arg>AE</arg>
<arg>AF</arg>
<arg>AG</arg>
<arg>AI</arg>
<arg>AL</arg>
<arg>AM</arg>
<arg>AO</arg>
<arg>AQ</arg>
<arg>AR</arg>
<arg>AS</arg>
<arg>AT</arg>
<arg>AU</arg>
<arg>AW</arg>
<arg>AX</arg>
<arg>AZ</arg>
<arg>BA</arg>
<arg>BB</arg>
<arg>BD</arg>
<arg>BE</arg>
<arg>BF</arg>
<arg>BG</arg>
<arg>BH</arg>
<arg>BI</arg>
<arg>BJ</arg>
<arg>BL</arg>
<arg>BM</arg>
<arg>BN</arg>
<arg>BO</arg>
<arg>BQ</arg>
<arg>BR</arg>
<arg>BS</arg>
<arg>BT</arg>
<arg>BV</arg>
<arg>BW</arg>
<arg>BY</arg>
<arg>BZ</arg>
<arg>CA</arg>
<arg>CC</arg>
<arg>CD</arg>
<arg>CF</arg>
<arg>CG</arg>
<arg>CH</arg>
<arg>CI</arg>
<arg>CK</arg>
<arg>CL</arg>
<arg>CM</arg>
<arg>CN</arg>
<arg>CO</arg>
<arg>CR</arg>
<arg>CU</arg>
<arg>CV</arg>
<arg>CW</arg>
<arg>CX</arg>
<arg>CY</arg>
<arg>CZ</arg>
<arg>DE</arg>
<arg>DJ</arg>
<arg>DK</arg>
<arg>DM</arg>
<arg>DO</arg>
<arg>DZ</arg>
<arg>EC</arg>
<arg>EE</arg>
<arg>EG</arg>
<arg>EH</arg>
<arg>ER</arg>
<arg>ES</arg>
<arg>ET</arg>
<arg>FI</arg>
<arg>FJ</arg>
<arg>FK</arg>
<arg>FM</arg>
<arg>FO</arg>
<arg>FR</arg>
<arg>GA</arg>
<arg>GB</arg>
<arg>GD</arg>
<arg>GE</arg>
<arg>GF</arg>
<arg>GG</arg>
<arg>GH</arg>
<arg>GI</arg>
<arg>GL</arg>
<arg>GM</arg>
<arg>GN</arg>
<arg>GP</arg>
<arg>GQ</arg>
<arg>GR</arg>
<arg>GS</arg>
<arg>GT</arg>
<arg>GU</arg>
<arg>GW</arg>
<arg>GY</arg>
<arg>HK</arg>
<arg>HM</arg>
<arg>HN</arg>
<arg>HR</arg>
<arg>HT</arg>
<arg>HU</arg>
<arg>ID</arg>
<arg>IE</arg>
<arg>IL</arg>
<arg>IM</arg>
<arg>IN</arg>
<arg>IO</arg>
<arg>IQ</arg>
<arg>IR</arg>
<arg>IS</arg>
<arg>IT</arg>
<arg>JE</arg>
<arg>JM</arg>
<arg>JO</arg>
<arg>JP</arg>
<arg>KE</arg>
<arg>KG</arg>
<arg>KH</arg>
<arg>KI</arg>
<arg>KM</arg>
<arg>KN</arg>
<arg>KP</arg>
<arg>KR</arg>
<arg>KW</arg>
<arg>KY</arg>
<arg>KZ</arg>
<arg>LA</arg>
<arg>LB</arg>
<arg>LC</arg>
<arg>LI</arg>
<arg>LK</arg>
<arg>LR</arg>
<arg>LS</arg>
<arg>LT</arg>
<arg>LU</arg>
<arg>LV</arg>
<arg>LY</arg>
<arg>MA</arg>
<arg>MC</arg>
<arg>MD</arg>
<arg>ME</arg>
<arg>MF</arg>
<arg>MG</arg>
<arg>MH</arg>
<arg>MK</arg>
<arg>ML</arg>
<arg>MM</arg>
<arg>MN</arg>
<arg>MO</arg>
<arg>MP</arg>
<arg>MQ</arg>
<arg>MR</arg>
<arg>MS</arg>
<arg>MT</arg>
<arg>MU</arg>
<arg>MV</arg>
<arg>MW</arg>
<arg>MX</arg>
<arg>MY</arg>
<arg>MZ</arg>
<arg>NA</arg>
<arg>NC</arg>
<arg>NE</arg>
<arg>NF</arg>
<arg>NG</arg>
<arg>NI</arg>
<arg>NL</arg>
<arg>NO</arg>
<arg>NP</arg>
<arg>NR</arg>
<arg>NU</arg>
<arg>NZ</arg>
<arg>OM</arg>
<arg>PA</arg>
<arg>PE</arg>
<arg>PF</arg>
<arg>PG</arg>
<arg>PH</arg>
<arg>PK</arg>
<arg>PL</arg>
<arg>PM</arg>
<arg>PN</arg>
<arg>PR</arg>
<arg>PS</arg>
<arg>PT</arg>
<arg>PW</arg>
<arg>PY</arg>
<arg>QA</arg>
<arg>RE</arg>
<arg>RO</arg>
<arg>RS</arg>
<arg>RU</arg>
<arg>RW</arg>
<arg>SA</arg>
<arg>SB</arg>
<arg>SC</arg>
<arg>SD</arg>
<arg>SE</arg>
<arg>SG</arg>
<arg>SH</arg>
<arg>SI</arg>
<arg>SJ</arg>
<arg>SK</arg>
<arg>SL</arg>
<arg>SM</arg>
<arg>SN</arg>
<arg>SO</arg>
<arg>SR</arg>
<arg>SS</arg>
<arg>ST</arg>
<arg>SV</arg>
<arg>SX</arg>
<arg>SY</arg>
<arg>SZ</arg>
<arg>TC</arg>
<arg>TD</arg>
<arg>TF</arg>
<arg>TG</arg>
<arg>TH</arg>
<arg>TJ</arg>
<arg>TK</arg>
<arg>TL</arg>
<arg>TM</arg>
<arg>TN</arg>
<arg>TO</arg>
<arg>TR</arg>
<arg>TT</arg>
<arg>TV</arg>
<arg>TW</arg>
<arg>TZ</arg>
<arg>UA</arg>
<arg>UG</arg>
<arg>UM</arg>
<arg>US</arg>
<arg>UY</arg>
<arg>UZ</arg>
<arg>VA</arg>
<arg>VC</arg>
<arg>VE</arg>
<arg>VG</arg>
<arg>VI</arg>
<arg>VN</arg>
<arg>VU</arg>
<arg>WF</arg>
<arg>WS</arg>
<arg>XK</arg>
<arg>YE</arg>
<arg>YT</arg>
<arg>ZA</arg>
<arg>ZM</arg>
<arg>ZW</arg>
<doc>Returns a list containing given items.</doc>
<status status="PASS" start="2024-03-30T10:13:39.326993" elapsed="0.000659"/>
</kw>
<kw name="List Should Contain Value" owner="Collections">
<msg time="2024-03-30T10:13:39.328739" level="INFO">False</msg>
<arg>${list_country}</arg>
<arg>${name_country}</arg>
<doc>Fails if the ``value`` is not found from ``list``.</doc>
<status status="PASS" start="2024-03-30T10:13:39.328536" elapsed="0.000240"/>
</kw>
<kw name="Run Keyword If" owner="BuiltIn">
<kw name="Should Be True" owner="BuiltIn">
<arg>${True}</arg>
<doc>Fails if the given condition is not true.</doc>
<status status="PASS" start="2024-03-30T10:13:39.329841" elapsed="0.000145"/>
</kw>
<arg>${json_data["results"][0]["location"]["coordinates"]["latitude"]} &gt;= -90 and ${json_data["results"][0]["location"]["coordinates"]["latitude"]} &lt;= 90</arg>
<arg>Should Be True</arg>
<arg>${True}</arg>
<doc>Runs the given keyword with the given arguments, if ``condition`` is true.</doc>
<status status="PASS" start="2024-03-30T10:13:39.329090" elapsed="0.001024"/>
</kw>
<kw name="Run Keyword If" owner="BuiltIn">
<kw name="Should Be True" owner="BuiltIn">
<arg>${True}</arg>
<doc>Fails if the given condition is not true.</doc>
<status status="PASS" start="2024-03-30T10:13:39.330997" elapsed="0.000166"/>
</kw>
<arg>${json_data["results"][0]["location"]["coordinates"]["longitude"]} &gt;= -180 and ${json_data["results"][0]["location"]["coordinates"]["longitude"]} &lt;= 180</arg>
<arg>Should Be True</arg>
<arg>${True}</arg>
<doc>Runs the given keyword with the given arguments, if ``condition`` is true.</doc>
<status status="PASS" start="2024-03-30T10:13:39.330302" elapsed="0.000992"/>
</kw>
<status status="PASS" start="2024-03-30T10:13:39.229972" elapsed="0.101462"/>
</kw>
<doc>Testa o conteúdo específico dos campos retornados pela API.</doc>
<tag>testeConteudo</tag>
<status status="PASS" start="2024-03-30T10:13:39.229474" elapsed="0.102106"/>
</test>
<status status="PASS" start="2024-03-30T10:13:38.547434" elapsed="0.786151"/>
</suite>
<status status="PASS" start="2024-03-30T10:13:38.533886" elapsed="0.804964"/>
</suite>
<statistics>
<total>
<stat pass="5" fail="0" skip="0">All Tests</stat>
</total>
<tag>
<stat pass="1" fail="0" skip="0">testeConteudo</stat>
<stat pass="1" fail="0" skip="0">testeEstruturaResposta</stat>
<stat pass="1" fail="0" skip="0">testeRequisicaoBasica</stat>
<stat pass="1" fail="0" skip="0">testeTiposDados</stat>
</tag>
<suite>
<stat pass="5" fail="0" skip="0" id="s1" name="Tests">Tests</stat>
<stat pass="5" fail="0" skip="0" id="s1-s1" name="Random-User-Test">Tests.Random-User-Test</stat>
</suite>
</statistics>
<errors>
</errors>
</robot>
