<?xml version="1.0" encoding="UTF-8"?>
<robot generator="Robot 7.0 (Python 3.12.3 on linux)" generated="2024-05-28T05:14:02.334667" rpa="false" schemaversion="5">
<suite id="s1" name="Tests" source="/home/runner/work/ApiRandomUser/ApiRandomUser/RamdonUser/tests">
<suite id="s1-s1" name="Random-User-Test" source="/home/runner/work/ApiRandomUser/ApiRandomUser/RamdonUser/tests/random-user-test.robot">
<test id="s1-s1-t1" name="Conectar" line="13">
<kw name="Conectar API" owner="random-user-service">
<kw name="Create Session" owner="RequestsLibrary">
<msg time="2024-05-28T05:14:02.730703" level="INFO">Creating Session using : alias=consultarAPI, url=https://randomuser.me/, headers={},                     cookies={}, auth=None, timeout=None, proxies=None, verify=False,                     debug=0 </msg>
<arg>consultarAPI</arg>
<arg>${URL}</arg>
<doc>Create Session: create a HTTP session to a server</doc>
<status status="PASS" start="2024-05-28T05:14:02.730506" elapsed="0.000369"/>
</kw>
<status status="PASS" start="2024-05-28T05:14:02.729482" elapsed="0.001747"/>
</kw>
<status status="PASS" start="2024-05-28T05:14:02.728964" elapsed="0.002459"/>
</test>
<test id="s1-s1-t2" name="Validar retorno 200 e JSON Válido" line="16">
<kw name="Teste de Requisicao Basica" owner="random-user-service">
<kw name="GET On Session" owner="RequestsLibrary">
<msg time="2024-05-28T05:14:02.956244" level="INFO">GET Request : url=https://randomuser.me/api 
 path_url=/api 
 headers={'User-Agent': 'python-requests/2.32.2', 'Accept-Encoding': 'gzip, deflate', 'Accept': '*/*', 'Connection': 'keep-alive'} 
 body=None 
 </msg>
<msg time="2024-05-28T05:14:02.956381" level="INFO">GET Response : url=https://randomuser.me/api 
 status=200, reason=OK 
 headers={'Date': 'Tue, 28 May 2024 05:14:02 GMT', 'Content-Type': 'application/json; charset=utf-8', 'Transfer-Encoding': 'chunked', 'Connection': 'keep-alive', 'X-Powered-By': 'Express', 'Access-Control-Allow-Origin': '*', 'Cache-Control': 'no-cache', 'ETag': 'W/"49d-kUu6nr+r+W7HnkeRJM+pAW1Q88Y"', 'Vary': 'Accept-Encoding', 'Content-Encoding': 'gzip', 'CF-Cache-Status': 'DYNAMIC', 'Report-To': '{"endpoints":[{"url":"https:\\/\\/a.nel.cloudflare.com\\/report\\/v4?s=KOYi7jyHhEiE2Bju30ELGh%2BLVDwcaMBIXJvyFy5jqmaWDXcJ3Et4c31RL%2Fphii6KQRArUo638B52BLFGhQV9%2BUHvMOwexm7gp8FBfUqoKtbH2Nh6ri8yoX9TlfwUF6Jc"}],"group":"cf-nel","max_age":604800}', 'NEL': '{"success_fraction":0,"report_to":"cf-nel","max_age":604800}', 'Server': 'cloudflare', 'CF-RAY': '88abc2475af05a76-IAD', 'alt-svc': 'h3=":443"; ma=86400'} 
 body={"results":[{"gender":"female","name":{"title":"Miss","first":"Amanda","last":"Rongved"},"location":{"street":{"number":6241,"name":"Kakkelovnskroken"},"city":"Volda","state":"Møre og Romsdal","country":"Norway","postcode":"1536","coordinates":{"latitude":"43.9867","longitude":"126.4181"},"timezone":{"offset":"-4:00","description":"Atlantic Time (Canada), Caracas, La Paz"}},"email":"amanda.rongved@example.com","login":{"uuid":"1a2496f6-a744-479b-9b62-44b95d73d712","username":"blackelephant346","password":"harper","salt":"BsrCLTvR","md5":"1e2bcba7f2d3495172cfb41e3bebbfa7","sha1":"019e8fa4e42ebced88d6db76d8489d2268e16e56","sha256":"306ae35fc3ceafccd673593d239f19b049b41abd5aecf79b442716bbf4c72ed4"},"dob":{"date":"1985-10-07T09:52:07.792Z","age":38},"registered":{"date":"2014-06-03T19:18:09.384Z","age":9},"phone":"84184017","cell":"90564164","id":{"name":"FN","value":"07108543897"},"picture":{"large":"https://randomuser.me/api/portraits/women/35.jpg","medium":"https://randomuser.me/api/portraits/med/women/35.jpg","thumbnail":"https://randomuser.me/api/portraits/thumb/women/35.jpg"},"nat":"NO"}],"info":{"seed":"16a79f5aef8cae42","results":1,"page":1,"version":"1.4"}} 
 </msg>
<msg time="2024-05-28T05:14:02.956475" level="INFO">/opt/hostedtoolcache/Python/3.12.3/x64/lib/python3.12/site-packages/urllib3/connectionpool.py:1103: InsecureRequestWarning: Unverified HTTPS request is being made to host 'randomuser.me'. Adding certificate verification is strongly advised. See: https://urllib3.readthedocs.io/en/latest/advanced-usage.html#tls-warnings
  warnings.warn(</msg>
<msg time="2024-05-28T05:14:02.956604" level="INFO">${response} = &lt;Response [200]&gt;</msg>
<var>${response}</var>
<arg>consultarAPI</arg>
<arg>/api</arg>
<doc>Sends a GET request on a previously created HTTP Session.</doc>
<status status="PASS" start="2024-05-28T05:14:02.734117" elapsed="0.222529"/>
</kw>
<kw name="Should Be Equal As Numbers" owner="BuiltIn">
<msg time="2024-05-28T05:14:02.957529" level="INFO">Argument types are:
&lt;class 'int'&gt;
&lt;class 'str'&gt;</msg>
<arg>${response.status_code}</arg>
<arg>200</arg>
<doc>Fails if objects are unequal after converting them to real numbers.</doc>
<status status="PASS" start="2024-05-28T05:14:02.957126" elapsed="0.000466"/>
</kw>
<kw name="Log" owner="BuiltIn">
<msg time="2024-05-28T05:14:02.958267" level="INFO">200</msg>
<arg>${response.status_code}</arg>
<doc>Logs the given message with the given level.</doc>
<status status="PASS" start="2024-05-28T05:14:02.957923" elapsed="0.000392"/>
</kw>
<kw name="Set Variable" owner="BuiltIn">
<msg time="2024-05-28T05:14:02.959050" level="INFO">${json_data} = {'results': [{'gender': 'female', 'name': {'title': 'Miss', 'first': 'Amanda', 'last': 'Rongved'}, 'location': {'street': {'number': 6241, 'name': 'Kakkelovnskroken'}, 'city': 'Volda', 'state': 'Møre ...</msg>
<var>${json_data}</var>
<arg>${response.json()}</arg>
<doc>Returns the given values which can then be assigned to a variables.</doc>
<status status="PASS" start="2024-05-28T05:14:02.958619" elapsed="0.000460"/>
</kw>
<kw name="Dictionary Should Contain Key" owner="Collections">
<msg time="2024-05-28T05:14:02.959562" level="INFO">False</msg>
<arg>${json_data}</arg>
<arg>results</arg>
<doc>Fails if ``key`` is not found from ``dictionary``.</doc>
<status status="PASS" start="2024-05-28T05:14:02.959391" elapsed="0.000333"/>
</kw>
<status status="PASS" start="2024-05-28T05:14:02.733872" elapsed="0.226114"/>
</kw>
<doc>Testa se a API responde corretamente e retorna um objeto JSON válido.</doc>
<tag>testeRequisicaoBasica</tag>
<status status="PASS" start="2024-05-28T05:14:02.733351" elapsed="0.226805"/>
</test>
<test id="s1-s1-t3" name="Validar estrutura de resposta" line="22">
<kw name="Teste de Estrutura de Resposta" owner="random-user-service">
<kw name="GET On Session" owner="RequestsLibrary">
<msg time="2024-05-28T05:14:03.050817" level="INFO">GET Request : url=https://randomuser.me/api 
 path_url=/api 
 headers={'User-Agent': 'python-requests/2.32.2', 'Accept-Encoding': 'gzip, deflate', 'Accept': '*/*', 'Connection': 'keep-alive'} 
 body=None 
 </msg>
<msg time="2024-05-28T05:14:03.050905" level="INFO">GET Response : url=https://randomuser.me/api 
 status=200, reason=OK 
 headers={'Date': 'Tue, 28 May 2024 05:14:03 GMT', 'Content-Type': 'application/json; charset=utf-8', 'Transfer-Encoding': 'chunked', 'Connection': 'keep-alive', 'X-Powered-By': 'Express', 'Access-Control-Allow-Origin': '*', 'Cache-Control': 'no-cache', 'ETag': 'W/"4a3-0thzftpfljTreQ4q3q3Vg3uwTFY"', 'Vary': 'Accept-Encoding', 'Content-Encoding': 'gzip', 'CF-Cache-Status': 'DYNAMIC', 'Report-To': '{"endpoints":[{"url":"https:\\/\\/a.nel.cloudflare.com\\/report\\/v4?s=sc6EEW1q4Zt%2F1uZOkw7ExCUHF4D%2BSvi5fMoR1DFBxBEEusmflhx19YHOLJoKgkeRvIgQ044ogG1hIBdNfRsz01QdvKcz7QGgmDkUeZwIYVV%2B9AOYg154BYfc7w%2FtRs8W"}],"group":"cf-nel","max_age":604800}', 'NEL': '{"success_fraction":0,"report_to":"cf-nel","max_age":604800}', 'Server': 'cloudflare', 'CF-RAY': '88abc2488b995a76-IAD', 'alt-svc': 'h3=":443"; ma=86400'} 
 body={"results":[{"gender":"male","name":{"title":"Mr","first":"Julio","last":"Soto"},"location":{"street":{"number":6504,"name":"Paseo de Extremadura"},"city":"Pozuelo de Alarcón","state":"Comunidad de Madrid","country":"Spain","postcode":91303,"coordinates":{"latitude":"-35.3719","longitude":"-124.0424"},"timezone":{"offset":"+8:00","description":"Beijing, Perth, Singapore, Hong Kong"}},"email":"julio.soto@example.com","login":{"uuid":"aedaeb7e-7992-425b-be27-4c99cec155eb","username":"blackladybug367","password":"turkey","salt":"EJKklvTD","md5":"ed11c131a6ddcf82dacb78b3a85a4b56","sha1":"26428fa0d91ec017aa32fab98f620786d63ace11","sha256":"a3c7b8e3665270e4e1fef38ca40c54923447064e0eb1aa18074f025ab83b0d30"},"dob":{"date":"1987-05-09T00:48:53.467Z","age":37},"registered":{"date":"2013-10-19T07:32:11.396Z","age":10},"phone":"978-703-387","cell":"695-138-094","id":{"name":"DNI","value":"02513297-N"},"picture":{"large":"https://randomuser.me/api/portraits/men/58.jpg","medium":"https://randomuser.me/api/portraits/med/men/58.jpg","thumbnail":"https://randomuser.me/api/portraits/thumb/men/58.jpg"},"nat":"ES"}],"info":{"seed":"0e75d3fd9de50de4","results":1,"page":1,"version":"1.4"}} 
 </msg>
<msg time="2024-05-28T05:14:03.051032" level="INFO">/opt/hostedtoolcache/Python/3.12.3/x64/lib/python3.12/site-packages/urllib3/connectionpool.py:1103: InsecureRequestWarning: Unverified HTTPS request is being made to host 'randomuser.me'. Adding certificate verification is strongly advised. See: https://urllib3.readthedocs.io/en/latest/advanced-usage.html#tls-warnings
  warnings.warn(</msg>
<msg time="2024-05-28T05:14:03.051160" level="INFO">${response} = &lt;Response [200]&gt;</msg>
<var>${response}</var>
<arg>consultarAPI</arg>
<arg>/api</arg>
<doc>Sends a GET request on a previously created HTTP Session.</doc>
<status status="PASS" start="2024-05-28T05:14:02.962807" elapsed="0.088408"/>
</kw>
<kw name="Set Variable" owner="BuiltIn">
<msg time="2024-05-28T05:14:03.052325" level="INFO">${json_data} = {'results': [{'gender': 'male', 'name': {'title': 'Mr', 'first': 'Julio', 'last': 'Soto'}, 'location': {'street': {'number': 6504, 'name': 'Paseo de Extremadura'}, 'city': 'Pozuelo de Alarcón', 'state...</msg>
<var>${json_data}</var>
<arg>${response.json()}</arg>
<doc>Returns the given values which can then be assigned to a variables.</doc>
<status status="PASS" start="2024-05-28T05:14:03.051769" elapsed="0.000586"/>
</kw>
<kw name="Log" owner="BuiltIn">
<msg time="2024-05-28T05:14:03.052819" level="INFO">{'results': [{'gender': 'male', 'name': {'title': 'Mr', 'first': 'Julio', 'last': 'Soto'}, 'location': {'street': {'number': 6504, 'name': 'Paseo de Extremadura'}, 'city': 'Pozuelo de Alarcón', 'state': 'Comunidad de Madrid', 'country': 'Spain', 'postcode': 91303, 'coordinates': {'latitude': '-35.3719', 'longitude': '-124.0424'}, 'timezone': {'offset': '+8:00', 'description': 'Beijing, Perth, Singapore, Hong Kong'}}, 'email': 'julio.soto@example.com', 'login': {'uuid': 'aedaeb7e-7992-425b-be27-4c99cec155eb', 'username': 'blackladybug367', 'password': 'turkey', 'salt': 'EJKklvTD', 'md5': 'ed11c131a6ddcf82dacb78b3a85a4b56', 'sha1': '26428fa0d91ec017aa32fab98f620786d63ace11', 'sha256': 'a3c7b8e3665270e4e1fef38ca40c54923447064e0eb1aa18074f025ab83b0d30'}, 'dob': {'date': '1987-05-09T00:48:53.467Z', 'age': 37}, 'registered': {'date': '2013-10-19T07:32:11.396Z', 'age': 10}, 'phone': '978-703-387', 'cell': '695-138-094', 'id': {'name': 'DNI', 'value': '02513297-N'}, 'picture': {'large': 'https://randomuser.me/api/portraits/men/58.jpg', 'medium': 'https://randomuser.me/api/portraits/med/men/58.jpg', 'thumbnail': 'https://randomuser.me/api/portraits/thumb/men/58.jpg'}, 'nat': 'ES'}], 'info': {'seed': '0e75d3fd9de50de4', 'results': 1, 'page': 1, 'version': '1.4'}}</msg>
<arg>${json_data}</arg>
<doc>Logs the given message with the given level.</doc>
<status status="PASS" start="2024-05-28T05:14:03.052662" elapsed="0.000248"/>
</kw>
<kw name="Dictionary Should Contain Key" owner="Collections">
<msg time="2024-05-28T05:14:03.053365" level="INFO">False</msg>
<arg>${json_data}</arg>
<arg>results</arg>
<doc>Fails if ``key`` is not found from ``dictionary``.</doc>
<status status="PASS" start="2024-05-28T05:14:03.053214" elapsed="0.000188"/>
</kw>
<kw name="Should Not Be Empty" owner="BuiltIn">
<msg time="2024-05-28T05:14:03.053831" level="INFO">Length is 2.</msg>
<arg>${json_data}</arg>
<doc>Verifies that the given item is not empty.</doc>
<status status="PASS" start="2024-05-28T05:14:03.053693" elapsed="0.000176"/>
</kw>
<kw name="Create List" owner="BuiltIn">
<msg time="2024-05-28T05:14:03.054316" level="INFO">${expected_keys} = ['gender', 'name', 'location', 'email', 'login']</msg>
<var>${expected_keys}</var>
<arg>gender</arg>
<arg>name</arg>
<arg>location</arg>
<arg>email</arg>
<arg>login</arg>
<doc>Returns a list containing given items.</doc>
<status status="PASS" start="2024-05-28T05:14:03.054163" elapsed="0.000178"/>
</kw>
<for flavor="IN">
<iter>
<kw name="Dictionary Should Contain Key" owner="Collections">
<msg time="2024-05-28T05:14:03.055302" level="INFO">False</msg>
<arg>${json_data['results'][0]}</arg>
<arg>${key}</arg>
<doc>Fails if ``key`` is not found from ``dictionary``.</doc>
<status status="PASS" start="2024-05-28T05:14:03.054899" elapsed="0.000443"/>
</kw>
<kw name="Log" owner="BuiltIn">
<msg time="2024-05-28T05:14:03.056014" level="INFO">{'gender': 'male', 'name': {'title': 'Mr', 'first': 'Julio', 'last': 'Soto'}, 'location': {'street': {'number': 6504, 'name': 'Paseo de Extremadura'}, 'city': 'Pozuelo de Alarcón', 'state': 'Comunidad de Madrid', 'country': 'Spain', 'postcode': 91303, 'coordinates': {'latitude': '-35.3719', 'longitude': '-124.0424'}, 'timezone': {'offset': '+8:00', 'description': 'Beijing, Perth, Singapore, Hong Kong'}}, 'email': 'julio.soto@example.com', 'login': {'uuid': 'aedaeb7e-7992-425b-be27-4c99cec155eb', 'username': 'blackladybug367', 'password': 'turkey', 'salt': 'EJKklvTD', 'md5': 'ed11c131a6ddcf82dacb78b3a85a4b56', 'sha1': '26428fa0d91ec017aa32fab98f620786d63ace11', 'sha256': 'a3c7b8e3665270e4e1fef38ca40c54923447064e0eb1aa18074f025ab83b0d30'}, 'dob': {'date': '1987-05-09T00:48:53.467Z', 'age': 37}, 'registered': {'date': '2013-10-19T07:32:11.396Z', 'age': 10}, 'phone': '978-703-387', 'cell': '695-138-094', 'id': {'name': 'DNI', 'value': '02513297-N'}, 'picture': {'large': 'https://randomuser.me/api/portraits/men/58.jpg', 'medium': 'https://randomuser.me/api/portraits/med/men/58.jpg', 'thumbnail': 'https://randomuser.me/api/portraits/thumb/men/58.jpg'}, 'nat': 'ES'}</msg>
<arg>${json_data['results'][0]}</arg>
<doc>Logs the given message with the given level.</doc>
<status status="PASS" start="2024-05-28T05:14:03.055644" elapsed="0.000422"/>
</kw>
<kw name="Log" owner="BuiltIn">
<msg time="2024-05-28T05:14:03.056498" level="INFO">gender</msg>
<arg>${key}</arg>
<doc>Logs the given message with the given level.</doc>
<status status="PASS" start="2024-05-28T05:14:03.056369" elapsed="0.000166"/>
</kw>
<var name="${key}">gender</var>
<status status="PASS" start="2024-05-28T05:14:03.054775" elapsed="0.001975"/>
</iter>
<iter>
<kw name="Dictionary Should Contain Key" owner="Collections">
<msg time="2024-05-28T05:14:03.057468" level="INFO">False</msg>
<arg>${json_data['results'][0]}</arg>
<arg>${key}</arg>
<doc>Fails if ``key`` is not found from ``dictionary``.</doc>
<status status="PASS" start="2024-05-28T05:14:03.057086" elapsed="0.000419"/>
</kw>
<kw name="Log" owner="BuiltIn">
<msg time="2024-05-28T05:14:03.058187" level="INFO">{'gender': 'male', 'name': {'title': 'Mr', 'first': 'Julio', 'last': 'Soto'}, 'location': {'street': {'number': 6504, 'name': 'Paseo de Extremadura'}, 'city': 'Pozuelo de Alarcón', 'state': 'Comunidad de Madrid', 'country': 'Spain', 'postcode': 91303, 'coordinates': {'latitude': '-35.3719', 'longitude': '-124.0424'}, 'timezone': {'offset': '+8:00', 'description': 'Beijing, Perth, Singapore, Hong Kong'}}, 'email': 'julio.soto@example.com', 'login': {'uuid': 'aedaeb7e-7992-425b-be27-4c99cec155eb', 'username': 'blackladybug367', 'password': 'turkey', 'salt': 'EJKklvTD', 'md5': 'ed11c131a6ddcf82dacb78b3a85a4b56', 'sha1': '26428fa0d91ec017aa32fab98f620786d63ace11', 'sha256': 'a3c7b8e3665270e4e1fef38ca40c54923447064e0eb1aa18074f025ab83b0d30'}, 'dob': {'date': '1987-05-09T00:48:53.467Z', 'age': 37}, 'registered': {'date': '2013-10-19T07:32:11.396Z', 'age': 10}, 'phone': '978-703-387', 'cell': '695-138-094', 'id': {'name': 'DNI', 'value': '02513297-N'}, 'picture': {'large': 'https://randomuser.me/api/portraits/men/58.jpg', 'medium': 'https://randomuser.me/api/portraits/med/men/58.jpg', 'thumbnail': 'https://randomuser.me/api/portraits/thumb/men/58.jpg'}, 'nat': 'ES'}</msg>
<arg>${json_data['results'][0]}</arg>
<doc>Logs the given message with the given level.</doc>
<status status="PASS" start="2024-05-28T05:14:03.057824" elapsed="0.000422"/>
</kw>
<kw name="Log" owner="BuiltIn">
<msg time="2024-05-28T05:14:03.058667" level="INFO">name</msg>
<arg>${key}</arg>
<doc>Logs the given message with the given level.</doc>
<status status="PASS" start="2024-05-28T05:14:03.058542" elapsed="0.000163"/>
</kw>
<var name="${key}">name</var>
<status status="PASS" start="2024-05-28T05:14:03.056970" elapsed="0.001983"/>
</iter>
<iter>
<kw name="Dictionary Should Contain Key" owner="Collections">
<msg time="2024-05-28T05:14:03.059946" level="INFO">False</msg>
<arg>${json_data['results'][0]}</arg>
<arg>${key}</arg>
<doc>Fails if ``key`` is not found from ``dictionary``.</doc>
<status status="PASS" start="2024-05-28T05:14:03.059346" elapsed="0.000654"/>
</kw>
<kw name="Log" owner="BuiltIn">
<msg time="2024-05-28T05:14:03.061092" level="INFO">{'gender': 'male', 'name': {'title': 'Mr', 'first': 'Julio', 'last': 'Soto'}, 'location': {'street': {'number': 6504, 'name': 'Paseo de Extremadura'}, 'city': 'Pozuelo de Alarcón', 'state': 'Comunidad de Madrid', 'country': 'Spain', 'postcode': 91303, 'coordinates': {'latitude': '-35.3719', 'longitude': '-124.0424'}, 'timezone': {'offset': '+8:00', 'description': 'Beijing, Perth, Singapore, Hong Kong'}}, 'email': 'julio.soto@example.com', 'login': {'uuid': 'aedaeb7e-7992-425b-be27-4c99cec155eb', 'username': 'blackladybug367', 'password': 'turkey', 'salt': 'EJKklvTD', 'md5': 'ed11c131a6ddcf82dacb78b3a85a4b56', 'sha1': '26428fa0d91ec017aa32fab98f620786d63ace11', 'sha256': 'a3c7b8e3665270e4e1fef38ca40c54923447064e0eb1aa18074f025ab83b0d30'}, 'dob': {'date': '1987-05-09T00:48:53.467Z', 'age': 37}, 'registered': {'date': '2013-10-19T07:32:11.396Z', 'age': 10}, 'phone': '978-703-387', 'cell': '695-138-094', 'id': {'name': 'DNI', 'value': '02513297-N'}, 'picture': {'large': 'https://randomuser.me/api/portraits/men/58.jpg', 'medium': 'https://randomuser.me/api/portraits/med/men/58.jpg', 'thumbnail': 'https://randomuser.me/api/portraits/thumb/men/58.jpg'}, 'nat': 'ES'}</msg>
<arg>${json_data['results'][0]}</arg>
<doc>Logs the given message with the given level.</doc>
<status status="PASS" start="2024-05-28T05:14:03.060447" elapsed="0.000727"/>
</kw>
<kw name="Log" owner="BuiltIn">
<msg time="2024-05-28T05:14:03.061804" level="INFO">location</msg>
<arg>${key}</arg>
<doc>Logs the given message with the given level.</doc>
<status status="PASS" start="2024-05-28T05:14:03.061610" elapsed="0.000257"/>
</kw>
<var name="${key}">location</var>
<status status="PASS" start="2024-05-28T05:14:03.059175" elapsed="0.003035"/>
</iter>
<iter>
<kw name="Dictionary Should Contain Key" owner="Collections">
<msg time="2024-05-28T05:14:03.063453" level="INFO">False</msg>
<arg>${json_data['results'][0]}</arg>
<arg>${key}</arg>
<doc>Fails if ``key`` is not found from ``dictionary``.</doc>
<status status="PASS" start="2024-05-28T05:14:03.062669" elapsed="0.000847"/>
</kw>
<kw name="Log" owner="BuiltIn">
<msg time="2024-05-28T05:14:03.064586" level="INFO">{'gender': 'male', 'name': {'title': 'Mr', 'first': 'Julio', 'last': 'Soto'}, 'location': {'street': {'number': 6504, 'name': 'Paseo de Extremadura'}, 'city': 'Pozuelo de Alarcón', 'state': 'Comunidad de Madrid', 'country': 'Spain', 'postcode': 91303, 'coordinates': {'latitude': '-35.3719', 'longitude': '-124.0424'}, 'timezone': {'offset': '+8:00', 'description': 'Beijing, Perth, Singapore, Hong Kong'}}, 'email': 'julio.soto@example.com', 'login': {'uuid': 'aedaeb7e-7992-425b-be27-4c99cec155eb', 'username': 'blackladybug367', 'password': 'turkey', 'salt': 'EJKklvTD', 'md5': 'ed11c131a6ddcf82dacb78b3a85a4b56', 'sha1': '26428fa0d91ec017aa32fab98f620786d63ace11', 'sha256': 'a3c7b8e3665270e4e1fef38ca40c54923447064e0eb1aa18074f025ab83b0d30'}, 'dob': {'date': '1987-05-09T00:48:53.467Z', 'age': 37}, 'registered': {'date': '2013-10-19T07:32:11.396Z', 'age': 10}, 'phone': '978-703-387', 'cell': '695-138-094', 'id': {'name': 'DNI', 'value': '02513297-N'}, 'picture': {'large': 'https://randomuser.me/api/portraits/men/58.jpg', 'medium': 'https://randomuser.me/api/portraits/med/men/58.jpg', 'thumbnail': 'https://randomuser.me/api/portraits/thumb/men/58.jpg'}, 'nat': 'ES'}</msg>
<arg>${json_data['results'][0]}</arg>
<doc>Logs the given message with the given level.</doc>
<status status="PASS" start="2024-05-28T05:14:03.063961" elapsed="0.000720"/>
</kw>
<kw name="Log" owner="BuiltIn">
<msg time="2024-05-28T05:14:03.065379" level="INFO">email</msg>
<arg>${key}</arg>
<doc>Logs the given message with the given level.</doc>
<status status="PASS" start="2024-05-28T05:14:03.065182" elapsed="0.000261"/>
</kw>
<var name="${key}">email</var>
<status status="PASS" start="2024-05-28T05:14:03.062494" elapsed="0.003303"/>
</iter>
<iter>
<kw name="Dictionary Should Contain Key" owner="Collections">
<msg time="2024-05-28T05:14:03.066916" level="INFO">False</msg>
<arg>${json_data['results'][0]}</arg>
<arg>${key}</arg>
<doc>Fails if ``key`` is not found from ``dictionary``.</doc>
<status status="PASS" start="2024-05-28T05:14:03.066242" elapsed="0.000732"/>
</kw>
<kw name="Log" owner="BuiltIn">
<msg time="2024-05-28T05:14:03.068014" level="INFO">{'gender': 'male', 'name': {'title': 'Mr', 'first': 'Julio', 'last': 'Soto'}, 'location': {'street': {'number': 6504, 'name': 'Paseo de Extremadura'}, 'city': 'Pozuelo de Alarcón', 'state': 'Comunidad de Madrid', 'country': 'Spain', 'postcode': 91303, 'coordinates': {'latitude': '-35.3719', 'longitude': '-124.0424'}, 'timezone': {'offset': '+8:00', 'description': 'Beijing, Perth, Singapore, Hong Kong'}}, 'email': 'julio.soto@example.com', 'login': {'uuid': 'aedaeb7e-7992-425b-be27-4c99cec155eb', 'username': 'blackladybug367', 'password': 'turkey', 'salt': 'EJKklvTD', 'md5': 'ed11c131a6ddcf82dacb78b3a85a4b56', 'sha1': '26428fa0d91ec017aa32fab98f620786d63ace11', 'sha256': 'a3c7b8e3665270e4e1fef38ca40c54923447064e0eb1aa18074f025ab83b0d30'}, 'dob': {'date': '1987-05-09T00:48:53.467Z', 'age': 37}, 'registered': {'date': '2013-10-19T07:32:11.396Z', 'age': 10}, 'phone': '978-703-387', 'cell': '695-138-094', 'id': {'name': 'DNI', 'value': '02513297-N'}, 'picture': {'large': 'https://randomuser.me/api/portraits/men/58.jpg', 'medium': 'https://randomuser.me/api/portraits/med/men/58.jpg', 'thumbnail': 'https://randomuser.me/api/portraits/thumb/men/58.jpg'}, 'nat': 'ES'}</msg>
<arg>${json_data['results'][0]}</arg>
<doc>Logs the given message with the given level.</doc>
<status status="PASS" start="2024-05-28T05:14:03.067415" elapsed="0.000690"/>
</kw>
<kw name="Log" owner="BuiltIn">
<msg time="2024-05-28T05:14:03.068733" level="INFO">login</msg>
<arg>${key}</arg>
<doc>Logs the given message with the given level.</doc>
<status status="PASS" start="2024-05-28T05:14:03.068544" elapsed="0.000309"/>
</kw>
<var name="${key}">login</var>
<status status="PASS" start="2024-05-28T05:14:03.066069" elapsed="0.003115"/>
</iter>
<var>${key}</var>
<value>@{expected_keys}</value>
<status status="PASS" start="2024-05-28T05:14:03.054596" elapsed="0.014800"/>
</for>
<kw name="Create List" owner="BuiltIn">
<msg time="2024-05-28T05:14:03.069954" level="INFO">${expected_keysTwo} = ['username', 'password']</msg>
<var>${expected_keysTwo}</var>
<arg>username</arg>
<arg>password</arg>
<doc>Returns a list containing given items.</doc>
<status status="PASS" start="2024-05-28T05:14:03.069721" elapsed="0.000276"/>
</kw>
<for flavor="IN">
<iter>
<kw name="Dictionary Should Contain Key" owner="Collections">
<msg time="2024-05-28T05:14:03.071290" level="INFO">False</msg>
<arg>${json_data['results'][0]['login']}</arg>
<arg>${keyTwo}</arg>
<doc>Fails if ``key`` is not found from ``dictionary``.</doc>
<status status="PASS" start="2024-05-28T05:14:03.070751" elapsed="0.000579"/>
</kw>
<kw name="Dictionary Should Contain Key" owner="Collections">
<msg time="2024-05-28T05:14:03.072034" level="INFO">False</msg>
<arg>${json_data['results'][0]['login']}</arg>
<arg>${keyTwo}</arg>
<doc>Fails if ``key`` is not found from ``dictionary``.</doc>
<status status="PASS" start="2024-05-28T05:14:03.071645" elapsed="0.000429"/>
</kw>
<kw name="Log" owner="BuiltIn">
<msg time="2024-05-28T05:14:03.072508" level="INFO">username</msg>
<arg>${keyTwo}</arg>
<doc>Logs the given message with the given level.</doc>
<status status="PASS" start="2024-05-28T05:14:03.072376" elapsed="0.000170"/>
</kw>
<var name="${keyTwo}">username</var>
<status status="PASS" start="2024-05-28T05:14:03.070582" elapsed="0.002184"/>
</iter>
<iter>
<kw name="Dictionary Should Contain Key" owner="Collections">
<msg time="2024-05-28T05:14:03.073488" level="INFO">False</msg>
<arg>${json_data['results'][0]['login']}</arg>
<arg>${keyTwo}</arg>
<doc>Fails if ``key`` is not found from ``dictionary``.</doc>
<status status="PASS" start="2024-05-28T05:14:03.073099" elapsed="0.000427"/>
</kw>
<kw name="Dictionary Should Contain Key" owner="Collections">
<msg time="2024-05-28T05:14:03.074209" level="INFO">False</msg>
<arg>${json_data['results'][0]['login']}</arg>
<arg>${keyTwo}</arg>
<doc>Fails if ``key`` is not found from ``dictionary``.</doc>
<status status="PASS" start="2024-05-28T05:14:03.073824" elapsed="0.000428"/>
</kw>
<kw name="Log" owner="BuiltIn">
<msg time="2024-05-28T05:14:03.074682" level="INFO">password</msg>
<arg>${keyTwo}</arg>
<doc>Logs the given message with the given level.</doc>
<status status="PASS" start="2024-05-28T05:14:03.074554" elapsed="0.000166"/>
</kw>
<var name="${keyTwo}">password</var>
<status status="PASS" start="2024-05-28T05:14:03.072984" elapsed="0.001953"/>
</iter>
<var>${keyTwo}</var>
<value>@{expected_keysTwo}</value>
<status status="PASS" start="2024-05-28T05:14:03.070359" elapsed="0.004701"/>
</for>
<status status="PASS" start="2024-05-28T05:14:02.962569" elapsed="0.112629"/>
</kw>
<doc>Testa a estrutura da resposta da API.</doc>
<tag>testeEstruturaResposta</tag>
<status status="PASS" start="2024-05-28T05:14:02.961991" elapsed="0.113355"/>
</test>
<test id="s1-s1-t4" name="Validar tipos de dados" line="28">
<kw name="Teste de Tipos de Dados" owner="random-user-service">
<kw name="GET On Session" owner="RequestsLibrary">
<msg time="2024-05-28T05:14:03.135635" level="INFO">GET Request : url=https://randomuser.me/api 
 path_url=/api 
 headers={'User-Agent': 'python-requests/2.32.2', 'Accept-Encoding': 'gzip, deflate', 'Accept': '*/*', 'Connection': 'keep-alive'} 
 body=None 
 </msg>
<msg time="2024-05-28T05:14:03.135717" level="INFO">GET Response : url=https://randomuser.me/api 
 status=200, reason=OK 
 headers={'Date': 'Tue, 28 May 2024 05:14:03 GMT', 'Content-Type': 'application/json; charset=utf-8', 'Transfer-Encoding': 'chunked', 'Connection': 'keep-alive', 'X-Powered-By': 'Express', 'Access-Control-Allow-Origin': '*', 'Cache-Control': 'no-cache', 'ETag': 'W/"49b-piFMoqzxx/6sRsnnOpk6OS5EomM"', 'Vary': 'Accept-Encoding', 'Content-Encoding': 'gzip', 'CF-Cache-Status': 'DYNAMIC', 'Report-To': '{"endpoints":[{"url":"https:\\/\\/a.nel.cloudflare.com\\/report\\/v4?s=Xej16IjtOta3iXEg%2FrhJHlmN87WEWIEgeIqH3ObqWyX0Bpqdc3Cnv6nHvzkaAm9C7fxBZqfI7M6EnPqRa0XCbtxDzAtR4E4hEKU8tr%2BETc3kkIeMlGxVKIuDfmAED970"}],"group":"cf-nel","max_age":604800}', 'NEL': '{"success_fraction":0,"report_to":"cf-nel","max_age":604800}', 'Server': 'cloudflare', 'CF-RAY': '88abc2494c0a5a76-IAD', 'alt-svc': 'h3=":443"; ma=86400'} 
 body={"results":[{"gender":"male","name":{"title":"Mr","first":"Battal","last":"Cardinaal"},"location":{"street":{"number":3114,"name":"Hoflandendreef"},"city":"Loo","state":"Groningen","country":"Netherlands","postcode":"3201 KM","coordinates":{"latitude":"34.0715","longitude":"-52.5847"},"timezone":{"offset":"-3:00","description":"Brazil, Buenos Aires, Georgetown"}},"email":"battal.cardinaal@example.com","login":{"uuid":"1154b756-64d1-499f-aedc-5a8df7ad10b2","username":"ticklishrabbit423","password":"techniques","salt":"BqYfJK0O","md5":"9f3ed8ef321b2dbe1868579022b07c59","sha1":"33d8b0623eccca22058c431c9f6f0a09d4322c78","sha256":"45b286691549dec1d9a2df05b342ba30f86b831e72a15dd05fee14f5e3cfee28"},"dob":{"date":"1983-05-21T23:34:36.877Z","age":41},"registered":{"date":"2012-06-02T02:51:49.891Z","age":11},"phone":"(0834) 211844","cell":"(06) 33635154","id":{"name":"BSN","value":"45206846"},"picture":{"large":"https://randomuser.me/api/portraits/men/83.jpg","medium":"https://randomuser.me/api/portraits/med/men/83.jpg","thumbnail":"https://randomuser.me/api/portraits/thumb/men/83.jpg"},"nat":"NL"}],"info":{"seed":"70320ed1abf75a93","results":1,"page":1,"version":"1.4"}} 
 </msg>
<msg time="2024-05-28T05:14:03.135790" level="INFO">/opt/hostedtoolcache/Python/3.12.3/x64/lib/python3.12/site-packages/urllib3/connectionpool.py:1103: InsecureRequestWarning: Unverified HTTPS request is being made to host 'randomuser.me'. Adding certificate verification is strongly advised. See: https://urllib3.readthedocs.io/en/latest/advanced-usage.html#tls-warnings
  warnings.warn(</msg>
<msg time="2024-05-28T05:14:03.135879" level="INFO">${response} = &lt;Response [200]&gt;</msg>
<var>${response}</var>
<arg>consultarAPI</arg>
<arg>/api</arg>
<doc>Sends a GET request on a previously created HTTP Session.</doc>
<status status="PASS" start="2024-05-28T05:14:03.077854" elapsed="0.058065"/>
</kw>
<kw name="Set Variable" owner="BuiltIn">
<msg time="2024-05-28T05:14:03.136977" level="INFO">${json_data} = {'results': [{'gender': 'male', 'name': {'title': 'Mr', 'first': 'Battal', 'last': 'Cardinaal'}, 'location': {'street': {'number': 3114, 'name': 'Hoflandendreef'}, 'city': 'Loo', 'state': 'Groningen',...</msg>
<var>${json_data}</var>
<arg>${response.json()}</arg>
<doc>Returns the given values which can then be assigned to a variables.</doc>
<status status="PASS" start="2024-05-28T05:14:03.136367" elapsed="0.000639"/>
</kw>
<kw name="Log" owner="BuiltIn">
<msg time="2024-05-28T05:14:03.137469" level="INFO">{'results': [{'gender': 'male', 'name': {'title': 'Mr', 'first': 'Battal', 'last': 'Cardinaal'}, 'location': {'street': {'number': 3114, 'name': 'Hoflandendreef'}, 'city': 'Loo', 'state': 'Groningen', 'country': 'Netherlands', 'postcode': '3201 KM', 'coordinates': {'latitude': '34.0715', 'longitude': '-52.5847'}, 'timezone': {'offset': '-3:00', 'description': 'Brazil, Buenos Aires, Georgetown'}}, 'email': 'battal.cardinaal@example.com', 'login': {'uuid': '1154b756-64d1-499f-aedc-5a8df7ad10b2', 'username': 'ticklishrabbit423', 'password': 'techniques', 'salt': 'BqYfJK0O', 'md5': '9f3ed8ef321b2dbe1868579022b07c59', 'sha1': '33d8b0623eccca22058c431c9f6f0a09d4322c78', 'sha256': '45b286691549dec1d9a2df05b342ba30f86b831e72a15dd05fee14f5e3cfee28'}, 'dob': {'date': '1983-05-21T23:34:36.877Z', 'age': 41}, 'registered': {'date': '2012-06-02T02:51:49.891Z', 'age': 11}, 'phone': '(0834) 211844', 'cell': '(06) 33635154', 'id': {'name': 'BSN', 'value': '45206846'}, 'picture': {'large': 'https://randomuser.me/api/portraits/men/83.jpg', 'medium': 'https://randomuser.me/api/portraits/med/men/83.jpg', 'thumbnail': 'https://randomuser.me/api/portraits/thumb/men/83.jpg'}, 'nat': 'NL'}], 'info': {'seed': '70320ed1abf75a93', 'results': 1, 'page': 1, 'version': '1.4'}}</msg>
<arg>${json_data}</arg>
<doc>Logs the given message with the given level.</doc>
<status status="PASS" start="2024-05-28T05:14:03.137317" elapsed="0.000231"/>
</kw>
<kw name="Should Be String" owner="String">
<arg>${json_data['results'][0]['gender']}</arg>
<doc>Fails if the given ``item`` is not a string.</doc>
<status status="PASS" start="2024-05-28T05:14:03.137850" elapsed="0.000367"/>
</kw>
<kw name="Should Match Regexp" owner="BuiltIn">
<arg>${json_data['results'][0]['email']}</arg>
<arg>^[a-zA-Z0-9._%+-]+@[a-zA-Z0-9.-]+\.[a-zA-Z]{2,}$</arg>
<doc>Fails if ``string`` does not match ``pattern`` as a regular expression.</doc>
<status status="PASS" start="2024-05-28T05:14:03.138410" elapsed="0.000609"/>
</kw>
<kw name="Should Match Regexp" owner="BuiltIn">
<arg>${json_data['results'][0]['dob']['date']}</arg>
<arg>\\d{4}-\\d{2}-\\d{2}T\\d{2}:\\d{2}:\\d{2}\\.\\d{3}Z</arg>
<doc>Fails if ``string`` does not match ``pattern`` as a regular expression.</doc>
<status status="PASS" start="2024-05-28T05:14:03.139217" elapsed="0.000482"/>
</kw>
<kw name="Should Match Regexp" owner="BuiltIn">
<arg>${json_data['results'][0]['registered']['date']}</arg>
<arg>\\d{4}-\\d{2}-\\d{2}T\\d{2}:\\d{2}:\\d{2}\\.\\d{3}Z</arg>
<doc>Fails if ``string`` does not match ``pattern`` as a regular expression.</doc>
<status status="PASS" start="2024-05-28T05:14:03.139891" elapsed="0.000379"/>
</kw>
<kw name="Should Match Regexp" owner="BuiltIn">
<arg>${json_data['results'][0]['picture']['large']}</arg>
<arg>^https?://.*\.(?:png|jpe?g|gif|bmp)$</arg>
<doc>Fails if ``string`` does not match ``pattern`` as a regular expression.</doc>
<status status="PASS" start="2024-05-28T05:14:03.140458" elapsed="0.000493"/>
</kw>
<kw name="Should Match Regexp" owner="BuiltIn">
<arg>${json_data['results'][0]['picture']['medium']}</arg>
<arg>^https?://.*\.(?:png|jpe?g|gif|bmp)$</arg>
<doc>Fails if ``string`` does not match ``pattern`` as a regular expression.</doc>
<status status="PASS" start="2024-05-28T05:14:03.141146" elapsed="0.000351"/>
</kw>
<kw name="Should Match Regexp" owner="BuiltIn">
<arg>${json_data['results'][0]['picture']['thumbnail']}</arg>
<arg>^https?://.*\.(?:png|jpe?g|gif|bmp)$</arg>
<doc>Fails if ``string`` does not match ``pattern`` as a regular expression.</doc>
<status status="PASS" start="2024-05-28T05:14:03.141697" elapsed="0.000346"/>
</kw>
<kw name="Log" owner="BuiltIn">
<msg time="2024-05-28T05:14:03.142614" level="INFO">{'large': 'https://randomuser.me/api/portraits/men/83.jpg', 'medium': 'https://randomuser.me/api/portraits/med/men/83.jpg', 'thumbnail': 'https://randomuser.me/api/portraits/thumb/men/83.jpg'}</msg>
<arg>${json_data['results'][0]['picture']}</arg>
<doc>Logs the given message with the given level.</doc>
<status status="PASS" start="2024-05-28T05:14:03.142226" elapsed="0.000442"/>
</kw>
<status status="PASS" start="2024-05-28T05:14:03.077628" elapsed="0.065311"/>
</kw>
<kw name="Teste de Tipos de Dados - Postcode" owner="random-user-service">
<kw name="GET On Session" owner="RequestsLibrary">
<msg time="2024-05-28T05:14:03.249840" level="INFO">GET Request : url=https://randomuser.me/api 
 path_url=/api 
 headers={'User-Agent': 'python-requests/2.32.2', 'Accept-Encoding': 'gzip, deflate', 'Accept': '*/*', 'Connection': 'keep-alive'} 
 body=None 
 </msg>
<msg time="2024-05-28T05:14:03.249916" level="INFO">GET Response : url=https://randomuser.me/api 
 status=200, reason=OK 
 headers={'Date': 'Tue, 28 May 2024 05:14:03 GMT', 'Content-Type': 'application/json; charset=utf-8', 'Transfer-Encoding': 'chunked', 'Connection': 'keep-alive', 'X-Powered-By': 'Express', 'Access-Control-Allow-Origin': '*', 'Cache-Control': 'no-cache', 'ETag': 'W/"491-xNz5IAJctW8esGLDNeUrBhSHE9k"', 'Vary': 'Accept-Encoding', 'Content-Encoding': 'gzip', 'CF-Cache-Status': 'DYNAMIC', 'Report-To': '{"endpoints":[{"url":"https:\\/\\/a.nel.cloudflare.com\\/report\\/v4?s=f966lVmymNlnxV5fgEwxfubF4AkDf1Q%2FKYaWmqPY6rvSKda9fPqZMiAuNjhXN4teI2fV8BJTR9bP%2Bk7DxXqNq1%2FotSBonbyh9xi7YSpVZtUxCE1NllhuTl9%2FSFjMO7so"}],"group":"cf-nel","max_age":604800}', 'NEL': '{"success_fraction":0,"report_to":"cf-nel","max_age":604800}', 'Server': 'cloudflare', 'CF-RAY': '88abc249ac4e5a76-IAD', 'alt-svc': 'h3=":443"; ma=86400'} 
 body={"results":[{"gender":"female","name":{"title":"Miss","first":"Amber","last":"West"},"location":{"street":{"number":4642,"name":"Parker Rd"},"city":"Devonport","state":"Queensland","country":"Australia","postcode":2490,"coordinates":{"latitude":"-82.1314","longitude":"123.7647"},"timezone":{"offset":"+9:00","description":"Tokyo, Seoul, Osaka, Sapporo, Yakutsk"}},"email":"amber.west@example.com","login":{"uuid":"0f1e7957-7ee3-42ef-8bc8-ad978cb09ea2","username":"orangemouse878","password":"scout","salt":"76ok58pS","md5":"3892dcdd2448b85d3a285c4f15dad3a9","sha1":"c54324aa4b1db388713ba24b8feb84bec682ef2a","sha256":"290d79efdae67cfe375defc0fa8f8d0ea258158faaa0d9ffba25d4262f458bbb"},"dob":{"date":"1979-06-03T15:53:24.355Z","age":44},"registered":{"date":"2011-08-26T12:55:17.997Z","age":12},"phone":"07-7069-6186","cell":"0446-062-340","id":{"name":"TFN","value":"371985540"},"picture":{"large":"https://randomuser.me/api/portraits/women/49.jpg","medium":"https://randomuser.me/api/portraits/med/women/49.jpg","thumbnail":"https://randomuser.me/api/portraits/thumb/women/49.jpg"},"nat":"AU"}],"info":{"seed":"027e59316b1297aa","results":1,"page":1,"version":"1.4"}} 
 </msg>
<msg time="2024-05-28T05:14:03.249983" level="INFO">/opt/hostedtoolcache/Python/3.12.3/x64/lib/python3.12/site-packages/urllib3/connectionpool.py:1103: InsecureRequestWarning: Unverified HTTPS request is being made to host 'randomuser.me'. Adding certificate verification is strongly advised. See: https://urllib3.readthedocs.io/en/latest/advanced-usage.html#tls-warnings
  warnings.warn(</msg>
<msg time="2024-05-28T05:14:03.250094" level="INFO">${response} = &lt;Response [200]&gt;</msg>
<var>${response}</var>
<arg>consultarAPI</arg>
<arg>/api</arg>
<doc>Sends a GET request on a previously created HTTP Session.</doc>
<status status="PASS" start="2024-05-28T05:14:03.143370" elapsed="0.106765"/>
</kw>
<kw name="Set Variable" owner="BuiltIn">
<msg time="2024-05-28T05:14:03.250926" level="INFO">${json_data} = {'results': [{'gender': 'female', 'name': {'title': 'Miss', 'first': 'Amber', 'last': 'West'}, 'location': {'street': {'number': 4642, 'name': 'Parker Rd'}, 'city': 'Devonport', 'state': 'Queensland',...</msg>
<var>${json_data}</var>
<arg>${response.json()}</arg>
<doc>Returns the given values which can then be assigned to a variables.</doc>
<status status="PASS" start="2024-05-28T05:14:03.250488" elapsed="0.000467"/>
</kw>
<kw name="Log" owner="BuiltIn">
<msg time="2024-05-28T05:14:03.251415" level="INFO">{'results': [{'gender': 'female', 'name': {'title': 'Miss', 'first': 'Amber', 'last': 'West'}, 'location': {'street': {'number': 4642, 'name': 'Parker Rd'}, 'city': 'Devonport', 'state': 'Queensland', 'country': 'Australia', 'postcode': 2490, 'coordinates': {'latitude': '-82.1314', 'longitude': '123.7647'}, 'timezone': {'offset': '+9:00', 'description': 'Tokyo, Seoul, Osaka, Sapporo, Yakutsk'}}, 'email': 'amber.west@example.com', 'login': {'uuid': '0f1e7957-7ee3-42ef-8bc8-ad978cb09ea2', 'username': 'orangemouse878', 'password': 'scout', 'salt': '76ok58pS', 'md5': '3892dcdd2448b85d3a285c4f15dad3a9', 'sha1': 'c54324aa4b1db388713ba24b8feb84bec682ef2a', 'sha256': '290d79efdae67cfe375defc0fa8f8d0ea258158faaa0d9ffba25d4262f458bbb'}, 'dob': {'date': '1979-06-03T15:53:24.355Z', 'age': 44}, 'registered': {'date': '2011-08-26T12:55:17.997Z', 'age': 12}, 'phone': '07-7069-6186', 'cell': '0446-062-340', 'id': {'name': 'TFN', 'value': '371985540'}, 'picture': {'large': 'https://randomuser.me/api/portraits/women/49.jpg', 'medium': 'https://randomuser.me/api/portraits/med/women/49.jpg', 'thumbnail': 'https://randomuser.me/api/portraits/thumb/women/49.jpg'}, 'nat': 'AU'}], 'info': {'seed': '027e59316b1297aa', 'results': 1, 'page': 1, 'version': '1.4'}}</msg>
<arg>${json_data}</arg>
<doc>Logs the given message with the given level.</doc>
<status status="PASS" start="2024-05-28T05:14:03.251263" elapsed="0.000231"/>
</kw>
<kw name="Should Be Equal As Numbers" owner="BuiltIn">
<arg>${json_data['results'][0]['location']['postcode']}</arg>
<arg>${json_data['results'][0]['location']['postcode']}</arg>
<doc>Fails if objects are unequal after converting them to real numbers.</doc>
<status status="PASS" start="2024-05-28T05:14:03.251795" elapsed="0.000609"/>
</kw>
<kw name="Log" owner="BuiltIn">
<msg time="2024-05-28T05:14:03.252981" level="INFO">2490</msg>
<arg>${json_data['results'][0]['location']['postcode']}</arg>
<doc>Logs the given message with the given level.</doc>
<status status="PASS" start="2024-05-28T05:14:03.252602" elapsed="0.000420"/>
</kw>
<status status="PASS" start="2024-05-28T05:14:03.143144" elapsed="0.110129"/>
</kw>
<doc>Testa se os tipos de dados na resposta da API estão corretos.</doc>
<tag>testeTiposDados</tag>
<status status="PASS" start="2024-05-28T05:14:03.077115" elapsed="0.176312"/>
</test>
<test id="s1-s1-t5" name="Validar conteudo" line="35">
<kw name="Teste de Tipos de Conteudo" owner="random-user-service">
<kw name="GET On Session" owner="RequestsLibrary">
<msg time="2024-05-28T05:14:03.344935" level="INFO">GET Request : url=https://randomuser.me/api 
 path_url=/api 
 headers={'User-Agent': 'python-requests/2.32.2', 'Accept-Encoding': 'gzip, deflate', 'Accept': '*/*', 'Connection': 'keep-alive'} 
 body=None 
 </msg>
<msg time="2024-05-28T05:14:03.345007" level="INFO">GET Response : url=https://randomuser.me/api 
 status=200, reason=OK 
 headers={'Date': 'Tue, 28 May 2024 05:14:03 GMT', 'Content-Type': 'application/json; charset=utf-8', 'Transfer-Encoding': 'chunked', 'Connection': 'keep-alive', 'X-Powered-By': 'Express', 'Access-Control-Allow-Origin': '*', 'Cache-Control': 'no-cache', 'ETag': 'W/"4b7-ESwI24Sb3abzl/OCLB+107Z4VrA"', 'Vary': 'Accept-Encoding', 'Content-Encoding': 'gzip', 'CF-Cache-Status': 'DYNAMIC', 'Report-To': '{"endpoints":[{"url":"https:\\/\\/a.nel.cloudflare.com\\/report\\/v4?s=BbSDzmdq2huLW85UcAeg%2F4YS51HEml2%2FfBIxEU8Ue7eoaUEg%2Fl514%2FldgWkRJ2Nuy629aYYUsA%2BAH6cfaoimKHHYl11ywBeTN8oEP%2FXtzSyc1qXPjoDzbxQoG4igxkuA"}],"group":"cf-nel","max_age":604800}', 'NEL': '{"success_fraction":0,"report_to":"cf-nel","max_age":604800}', 'Server': 'cloudflare', 'CF-RAY': '88abc24a5cba5a76-IAD', 'alt-svc': 'h3=":443"; ma=86400'} 
 body={"results":[{"gender":"female","name":{"title":"Miss","first":"پرنیا","last":"کریمی"},"location":{"street":{"number":8888,"name":"نام قدیم میدان های تهران"},"city":"ورامین","state":"خوزستان","country":"Iran","postcode":60484,"coordinates":{"latitude":"16.3818","longitude":"12.4421"},"timezone":{"offset":"+10:00","description":"Eastern Australia, Guam, Vladivostok"}},"email":"prny.khrymy@example.com","login":{"uuid":"de2fedd6-88a8-48e3-8e34-0670efd17c16","username":"goldenbear438","password":"canon","salt":"GQII4op4","md5":"12d9db941e82298745b04daf09a6a0b1","sha1":"6563a870b532e0ba99351b71e8eb36e37260590e","sha256":"9ffab678376b8169b926fc54d05ebfd5c841ff9cf27c66242b41cf272265cb94"},"dob":{"date":"1971-07-28T15:10:49.560Z","age":52},"registered":{"date":"2002-05-01T03:10:59.021Z","age":22},"phone":"098-04714968","cell":"0991-724-7707","id":{"name":"","value":null},"picture":{"large":"https://randomuser.me/api/portraits/women/87.jpg","medium":"https://randomuser.me/api/portraits/med/women/87.jpg","thumbnail":"https://randomuser.me/api/portraits/thumb/women/87.jpg"},"nat":"IR"}],"info":{"seed":"b2d494de794abc2e","results":1,"page":1,"version":"1.4"}} 
 </msg>
<msg time="2024-05-28T05:14:03.345067" level="INFO">/opt/hostedtoolcache/Python/3.12.3/x64/lib/python3.12/site-packages/urllib3/connectionpool.py:1103: InsecureRequestWarning: Unverified HTTPS request is being made to host 'randomuser.me'. Adding certificate verification is strongly advised. See: https://urllib3.readthedocs.io/en/latest/advanced-usage.html#tls-warnings
  warnings.warn(</msg>
<msg time="2024-05-28T05:14:03.345172" level="INFO">${response} = &lt;Response [200]&gt;</msg>
<var>${response}</var>
<arg>consultarAPI</arg>
<arg>/api</arg>
<doc>Sends a GET request on a previously created HTTP Session.</doc>
<status status="PASS" start="2024-05-28T05:14:03.255776" elapsed="0.089437"/>
</kw>
<kw name="Set Variable" owner="BuiltIn">
<msg time="2024-05-28T05:14:03.346017" level="INFO">${json_data} = {'results': [{'gender': 'female', 'name': {'title': 'Miss', 'first': 'پرنیا', 'last': 'کریمی'}, 'location': {'street': {'number': 8888, 'name': 'نام قدیم میدان های تهران'}, 'city': 'ورامین', 'state': ...</msg>
<var>${json_data}</var>
<arg>${response.json()}</arg>
<doc>Returns the given values which can then be assigned to a variables.</doc>
<status status="PASS" start="2024-05-28T05:14:03.345568" elapsed="0.000481"/>
</kw>
<kw name="Set Variable" owner="BuiltIn">
<msg time="2024-05-28T05:14:03.346734" level="INFO">${name_title} = Miss</msg>
<var>${name_title}</var>
<arg>${json_data["results"][0]["name"]["title"]}</arg>
<doc>Returns the given values which can then be assigned to a variables.</doc>
<status status="PASS" start="2024-05-28T05:14:03.346355" elapsed="0.000404"/>
</kw>
<kw name="Create List" owner="BuiltIn">
<msg time="2024-05-28T05:14:03.347206" level="INFO">${allowed_titles} = ['Mr', 'Ms', 'Miss', 'Mrs', 'Madame', 'Monsieur']</msg>
<var>${allowed_titles}</var>
<arg>Mr</arg>
<arg>Ms</arg>
<arg>Miss</arg>
<arg>Mrs</arg>
<arg>Madame</arg>
<arg>Monsieur</arg>
<doc>Returns a list containing given items.</doc>
<status status="PASS" start="2024-05-28T05:14:03.347059" elapsed="0.000171"/>
</kw>
<kw name="List Should Contain Value" owner="Collections">
<msg time="2024-05-28T05:14:03.347698" level="INFO">False</msg>
<arg>${allowed_titles}</arg>
<arg>${name_title}</arg>
<doc>Fails if the ``value`` is not found from ``list``.</doc>
<status status="PASS" start="2024-05-28T05:14:03.347527" elapsed="0.000207"/>
</kw>
<kw name="Set Variable" owner="BuiltIn">
<msg time="2024-05-28T05:14:03.348534" level="INFO">${name_country} = IR</msg>
<var>${name_country}</var>
<arg>${json_data["results"][0]["nat"]}</arg>
<doc>Returns the given values which can then be assigned to a variables.</doc>
<status status="PASS" start="2024-05-28T05:14:03.348032" elapsed="0.000528"/>
</kw>
<kw name="Create List" owner="BuiltIn">
<msg time="2024-05-28T05:14:03.349525" level="INFO">${list_country} = ['AD', 'AE', 'AF', 'AG', 'AI', 'AL', 'AM', 'AO', 'AQ', 'AR', 'AS', 'AT', 'AU', 'AW', 'AX', 'AZ', 'BA', 'BB', 'BD', 'BE', 'BF', 'BG', 'BH', 'BI', 'BJ', 'BL', 'BM', 'BN', 'BO', 'BQ', 'BR', 'BS', 'BT', '...</msg>
<var>${list_country}</var>
<arg>AD</arg>
<arg>AE</arg>
<arg>AF</arg>
<arg>AG</arg>
<arg>AI</arg>
<arg>AL</arg>
<arg>AM</arg>
<arg>AO</arg>
<arg>AQ</arg>
<arg>AR</arg>
<arg>AS</arg>
<arg>AT</arg>
<arg>AU</arg>
<arg>AW</arg>
<arg>AX</arg>
<arg>AZ</arg>
<arg>BA</arg>
<arg>BB</arg>
<arg>BD</arg>
<arg>BE</arg>
<arg>BF</arg>
<arg>BG</arg>
<arg>BH</arg>
<arg>BI</arg>
<arg>BJ</arg>
<arg>BL</arg>
<arg>BM</arg>
<arg>BN</arg>
<arg>BO</arg>
<arg>BQ</arg>
<arg>BR</arg>
<arg>BS</arg>
<arg>BT</arg>
<arg>BV</arg>
<arg>BW</arg>
<arg>BY</arg>
<arg>BZ</arg>
<arg>CA</arg>
<arg>CC</arg>
<arg>CD</arg>
<arg>CF</arg>
<arg>CG</arg>
<arg>CH</arg>
<arg>CI</arg>
<arg>CK</arg>
<arg>CL</arg>
<arg>CM</arg>
<arg>CN</arg>
<arg>CO</arg>
<arg>CR</arg>
<arg>CU</arg>
<arg>CV</arg>
<arg>CW</arg>
<arg>CX</arg>
<arg>CY</arg>
<arg>CZ</arg>
<arg>DE</arg>
<arg>DJ</arg>
<arg>DK</arg>
<arg>DM</arg>
<arg>DO</arg>
<arg>DZ</arg>
<arg>EC</arg>
<arg>EE</arg>
<arg>EG</arg>
<arg>EH</arg>
<arg>ER</arg>
<arg>ES</arg>
<arg>ET</arg>
<arg>FI</arg>
<arg>FJ</arg>
<arg>FK</arg>
<arg>FM</arg>
<arg>FO</arg>
<arg>FR</arg>
<arg>GA</arg>
<arg>GB</arg>
<arg>GD</arg>
<arg>GE</arg>
<arg>GF</arg>
<arg>GG</arg>
<arg>GH</arg>
<arg>GI</arg>
<arg>GL</arg>
<arg>GM</arg>
<arg>GN</arg>
<arg>GP</arg>
<arg>GQ</arg>
<arg>GR</arg>
<arg>GS</arg>
<arg>GT</arg>
<arg>GU</arg>
<arg>GW</arg>
<arg>GY</arg>
<arg>HK</arg>
<arg>HM</arg>
<arg>HN</arg>
<arg>HR</arg>
<arg>HT</arg>
<arg>HU</arg>
<arg>ID</arg>
<arg>IE</arg>
<arg>IL</arg>
<arg>IM</arg>
<arg>IN</arg>
<arg>IO</arg>
<arg>IQ</arg>
<arg>IR</arg>
<arg>IS</arg>
<arg>IT</arg>
<arg>JE</arg>
<arg>JM</arg>
<arg>JO</arg>
<arg>JP</arg>
<arg>KE</arg>
<arg>KG</arg>
<arg>KH</arg>
<arg>KI</arg>
<arg>KM</arg>
<arg>KN</arg>
<arg>KP</arg>
<arg>KR</arg>
<arg>KW</arg>
<arg>KY</arg>
<arg>KZ</arg>
<arg>LA</arg>
<arg>LB</arg>
<arg>LC</arg>
<arg>LI</arg>
<arg>LK</arg>
<arg>LR</arg>
<arg>LS</arg>
<arg>LT</arg>
<arg>LU</arg>
<arg>LV</arg>
<arg>LY</arg>
<arg>MA</arg>
<arg>MC</arg>
<arg>MD</arg>
<arg>ME</arg>
<arg>MF</arg>
<arg>MG</arg>
<arg>MH</arg>
<arg>MK</arg>
<arg>ML</arg>
<arg>MM</arg>
<arg>MN</arg>
<arg>MO</arg>
<arg>MP</arg>
<arg>MQ</arg>
<arg>MR</arg>
<arg>MS</arg>
<arg>MT</arg>
<arg>MU</arg>
<arg>MV</arg>
<arg>MW</arg>
<arg>MX</arg>
<arg>MY</arg>
<arg>MZ</arg>
<arg>NA</arg>
<arg>NC</arg>
<arg>NE</arg>
<arg>NF</arg>
<arg>NG</arg>
<arg>NI</arg>
<arg>NL</arg>
<arg>NO</arg>
<arg>NP</arg>
<arg>NR</arg>
<arg>NU</arg>
<arg>NZ</arg>
<arg>OM</arg>
<arg>PA</arg>
<arg>PE</arg>
<arg>PF</arg>
<arg>PG</arg>
<arg>PH</arg>
<arg>PK</arg>
<arg>PL</arg>
<arg>PM</arg>
<arg>PN</arg>
<arg>PR</arg>
<arg>PS</arg>
<arg>PT</arg>
<arg>PW</arg>
<arg>PY</arg>
<arg>QA</arg>
<arg>RE</arg>
<arg>RO</arg>
<arg>RS</arg>
<arg>RU</arg>
<arg>RW</arg>
<arg>SA</arg>
<arg>SB</arg>
<arg>SC</arg>
<arg>SD</arg>
<arg>SE</arg>
<arg>SG</arg>
<arg>SH</arg>
<arg>SI</arg>
<arg>SJ</arg>
<arg>SK</arg>
<arg>SL</arg>
<arg>SM</arg>
<arg>SN</arg>
<arg>SO</arg>
<arg>SR</arg>
<arg>SS</arg>
<arg>ST</arg>
<arg>SV</arg>
<arg>SX</arg>
<arg>SY</arg>
<arg>SZ</arg>
<arg>TC</arg>
<arg>TD</arg>
<arg>TF</arg>
<arg>TG</arg>
<arg>TH</arg>
<arg>TJ</arg>
<arg>TK</arg>
<arg>TL</arg>
<arg>TM</arg>
<arg>TN</arg>
<arg>TO</arg>
<arg>TR</arg>
<arg>TT</arg>
<arg>TV</arg>
<arg>TW</arg>
<arg>TZ</arg>
<arg>UA</arg>
<arg>UG</arg>
<arg>UM</arg>
<arg>US</arg>
<arg>UY</arg>
<arg>UZ</arg>
<arg>VA</arg>
<arg>VC</arg>
<arg>VE</arg>
<arg>VG</arg>
<arg>VI</arg>
<arg>VN</arg>
<arg>VU</arg>
<arg>WF</arg>
<arg>WS</arg>
<arg>XK</arg>
<arg>YE</arg>
<arg>YT</arg>
<arg>ZA</arg>
<arg>ZM</arg>
<arg>ZW</arg>
<doc>Returns a list containing given items.</doc>
<status status="PASS" start="2024-05-28T05:14:03.348911" elapsed="0.000639"/>
</kw>
<kw name="List Should Contain Value" owner="Collections">
<msg time="2024-05-28T05:14:03.350536" level="INFO">False</msg>
<arg>${list_country}</arg>
<arg>${name_country}</arg>
<doc>Fails if the ``value`` is not found from ``list``.</doc>
<status status="PASS" start="2024-05-28T05:14:03.350333" elapsed="0.000239"/>
</kw>
<kw name="Run Keyword If" owner="BuiltIn">
<kw name="Should Be True" owner="BuiltIn">
<arg>${True}</arg>
<doc>Fails if the given condition is not true.</doc>
<status status="PASS" start="2024-05-28T05:14:03.351621" elapsed="0.000143"/>
</kw>
<arg>${json_data["results"][0]["location"]["coordinates"]["latitude"]} &gt;= -90 and ${json_data["results"][0]["location"]["coordinates"]["latitude"]} &lt;= 90</arg>
<arg>Should Be True</arg>
<arg>${True}</arg>
<doc>Runs the given keyword with the given arguments, if ``condition`` is true.</doc>
<status status="PASS" start="2024-05-28T05:14:03.350883" elapsed="0.001006"/>
</kw>
<kw name="Run Keyword If" owner="BuiltIn">
<kw name="Should Be True" owner="BuiltIn">
<arg>${True}</arg>
<doc>Fails if the given condition is not true.</doc>
<status status="PASS" start="2024-05-28T05:14:03.352755" elapsed="0.000158"/>
</kw>
<arg>${json_data["results"][0]["location"]["coordinates"]["longitude"]} &gt;= -180 and ${json_data["results"][0]["location"]["coordinates"]["longitude"]} &lt;= 180</arg>
<arg>Should Be True</arg>
<arg>${True}</arg>
<doc>Runs the given keyword with the given arguments, if ``condition`` is true.</doc>
<status status="PASS" start="2024-05-28T05:14:03.352072" elapsed="0.000977"/>
</kw>
<status status="PASS" start="2024-05-28T05:14:03.255552" elapsed="0.097620"/>
</kw>
<doc>Testa o conteúdo específico dos campos retornados pela API.</doc>
<tag>testeConteudo</tag>
<status status="PASS" start="2024-05-28T05:14:03.255117" elapsed="0.098194"/>
</test>
<status status="PASS" start="2024-05-28T05:14:02.391099" elapsed="0.964062"/>
</suite>
<status status="PASS" start="2024-05-28T05:14:02.377882" elapsed="0.982379"/>
</suite>
<statistics>
<total>
<stat pass="5" fail="0" skip="0">All Tests</stat>
</total>
<tag>
<stat pass="1" fail="0" skip="0">testeConteudo</stat>
<stat pass="1" fail="0" skip="0">testeEstruturaResposta</stat>
<stat pass="1" fail="0" skip="0">testeRequisicaoBasica</stat>
<stat pass="1" fail="0" skip="0">testeTiposDados</stat>
</tag>
<suite>
<stat pass="5" fail="0" skip="0" id="s1" name="Tests">Tests</stat>
<stat pass="5" fail="0" skip="0" id="s1-s1" name="Random-User-Test">Tests.Random-User-Test</stat>
</suite>
</statistics>
<errors>
</errors>
</robot>
