<?xml version="1.0" encoding="UTF-8"?>
<robot generator="Robot 7.0 (Python 3.12.2 on linux)" generated="2024-04-04T07:13:12.921237" rpa="false" schemaversion="5">
<suite id="s1" name="Tests" source="/home/runner/work/DesafioQAItauRogerioJordao/DesafioQAItauRogerioJordao/RamdonUser/tests">
<suite id="s1-s1" name="Random-User-Test" source="/home/runner/work/DesafioQAItauRogerioJordao/DesafioQAItauRogerioJordao/RamdonUser/tests/random-user-test.robot">
<test id="s1-s1-t1" name="Conectar" line="13">
<kw name="Conectar API" owner="random-user-service">
<kw name="Create Session" owner="RequestsLibrary">
<msg time="2024-04-04T07:13:13.278717" level="INFO">Creating Session using : alias=consultarAPI, url=https://randomuser.me/, headers={},                     cookies={}, auth=None, timeout=None, proxies=None, verify=False,                     debug=0 </msg>
<arg>consultarAPI</arg>
<arg>${URL}</arg>
<doc>Create Session: create a HTTP session to a server</doc>
<status status="PASS" start="2024-04-04T07:13:13.278512" elapsed="0.000395"/>
</kw>
<status status="PASS" start="2024-04-04T07:13:13.277453" elapsed="0.001822"/>
</kw>
<status status="PASS" start="2024-04-04T07:13:13.276901" elapsed="0.002580"/>
</test>
<test id="s1-s1-t2" name="Validar retorno 200 e JSON Válido" line="16">
<kw name="Teste de Requisicao Basica" owner="random-user-service">
<kw name="GET On Session" owner="RequestsLibrary">
<msg time="2024-04-04T07:13:13.559061" level="INFO">GET Request : url=https://randomuser.me/api 
 path_url=/api 
 headers={'User-Agent': 'python-requests/2.31.0', 'Accept-Encoding': 'gzip, deflate', 'Accept': '*/*', 'Connection': 'keep-alive'} 
 body=None 
 </msg>
<msg time="2024-04-04T07:13:13.559209" level="INFO">GET Response : url=https://randomuser.me/api 
 status=200, reason=OK 
 headers={'Date': 'Thu, 04 Apr 2024 07:13:13 GMT', 'Content-Type': 'application/json; charset=utf-8', 'Transfer-Encoding': 'chunked', 'Connection': 'keep-alive', 'X-Powered-By': 'Express', 'Access-Control-Allow-Origin': '*', 'Cache-Control': 'no-cache', 'ETag': 'W/"483-4HKIt1gu8fc99SgXVvD9zAhmd3U"', 'Vary': 'Accept-Encoding', 'Content-Encoding': 'gzip', 'CF-Cache-Status': 'DYNAMIC', 'Report-To': '{"endpoints":[{"url":"https:\\/\\/a.nel.cloudflare.com\\/report\\/v4?s=SixZ9ocew%2Fh1Sa6ykzMDSLExcv4hhQBx%2B29kZW5gg60%2BJ9XecoX5Qdu73qIwU75KUJwWETCgI4Nfk6F5jy6gyT3qzePc3yeb6QC0acjgpKHtlzVBECVqbqMEn%2FkAbKFa"}],"group":"cf-nel","max_age":604800}', 'NEL': '{"success_fraction":0,"report_to":"cf-nel","max_age":604800}', 'Server': 'cloudflare', 'CF-RAY': '86ef7e9b8c30231e-ORD', 'alt-svc': 'h3=":443"; ma=86400'} 
 body={"results":[{"gender":"male","name":{"title":"Mr","first":"Connor","last":"Hunt"},"location":{"street":{"number":5664,"name":"W Pecan St"},"city":"Oceanside","state":"Florida","country":"United States","postcode":79680,"coordinates":{"latitude":"85.1054","longitude":"-7.4279"},"timezone":{"offset":"-8:00","description":"Pacific Time (US &amp; Canada)"}},"email":"connor.hunt@example.com","login":{"uuid":"3729ea2c-e39a-4de6-9025-1a2e2f626b4d","username":"blackgoose161","password":"1017","salt":"3nJP23xu","md5":"3d1be3a93c2357ceb0e162c6d5557f3a","sha1":"bf1f76018410c9981fa85a56a21cdb0ba37f168b","sha256":"582e81b916b1e2ac4cd11bb713c842d89a0ebb7654307e2115ff19a260ee5841"},"dob":{"date":"1982-12-17T17:32:25.983Z","age":41},"registered":{"date":"2005-08-06T15:43:49.043Z","age":18},"phone":"(394) 337-3886","cell":"(911) 431-0497","id":{"name":"SSN","value":"363-43-8140"},"picture":{"large":"https://randomuser.me/api/portraits/men/90.jpg","medium":"https://randomuser.me/api/portraits/med/men/90.jpg","thumbnail":"https://randomuser.me/api/portraits/thumb/men/90.jpg"},"nat":"US"}],"info":{"seed":"586cbfb1a0bb1f94","results":1,"page":1,"version":"1.4"}} 
 </msg>
<msg time="2024-04-04T07:13:13.559320" level="INFO">/opt/hostedtoolcache/Python/3.12.2/x64/lib/python3.12/site-packages/urllib3/connectionpool.py:1103: InsecureRequestWarning: Unverified HTTPS request is being made to host 'randomuser.me'. Adding certificate verification is strongly advised. See: https://urllib3.readthedocs.io/en/latest/advanced-usage.html#tls-warnings
  warnings.warn(</msg>
<msg time="2024-04-04T07:13:13.559476" level="INFO">${response} = &lt;Response [200]&gt;</msg>
<var>${response}</var>
<arg>consultarAPI</arg>
<arg>/api</arg>
<doc>Sends a GET request on a previously created HTTP Session.</doc>
<status status="PASS" start="2024-04-04T07:13:13.282079" elapsed="0.277439"/>
</kw>
<kw name="Should Be Equal As Numbers" owner="BuiltIn">
<msg time="2024-04-04T07:13:13.560709" level="INFO">Argument types are:
&lt;class 'int'&gt;
&lt;class 'str'&gt;</msg>
<arg>${response.status_code}</arg>
<arg>200</arg>
<doc>Fails if objects are unequal after converting them to real numbers.</doc>
<status status="PASS" start="2024-04-04T07:13:13.560217" elapsed="0.000557"/>
</kw>
<kw name="Log" owner="BuiltIn">
<msg time="2024-04-04T07:13:13.561463" level="INFO">200</msg>
<arg>${response.status_code}</arg>
<doc>Logs the given message with the given level.</doc>
<status status="PASS" start="2024-04-04T07:13:13.561108" elapsed="0.000398"/>
</kw>
<kw name="Set Variable" owner="BuiltIn">
<msg time="2024-04-04T07:13:13.562247" level="INFO">${json_data} = {'results': [{'gender': 'male', 'name': {'title': 'Mr', 'first': 'Connor', 'last': 'Hunt'}, 'location': {'street': {'number': 5664, 'name': 'W Pecan St'}, 'city': 'Oceanside', 'state': 'Florida', 'cou...</msg>
<var>${json_data}</var>
<arg>${response.json()}</arg>
<doc>Returns the given values which can then be assigned to a variables.</doc>
<status status="PASS" start="2024-04-04T07:13:13.561811" elapsed="0.000463"/>
</kw>
<kw name="Dictionary Should Contain Key" owner="Collections">
<msg time="2024-04-04T07:13:13.562744" level="INFO">False</msg>
<arg>${json_data}</arg>
<arg>results</arg>
<doc>Fails if ``key`` is not found from ``dictionary``.</doc>
<status status="PASS" start="2024-04-04T07:13:13.562575" elapsed="0.000208"/>
</kw>
<status status="PASS" start="2024-04-04T07:13:13.281827" elapsed="0.281216"/>
</kw>
<doc>Testa se a API responde corretamente e retorna um objeto JSON válido.</doc>
<tag>testeRequisicaoBasica</tag>
<status status="PASS" start="2024-04-04T07:13:13.281360" elapsed="0.281873"/>
</test>
<test id="s1-s1-t3" name="Validar estrutura de resposta" line="22">
<kw name="Teste de Estrutura de Resposta" owner="random-user-service">
<kw name="GET On Session" owner="RequestsLibrary">
<msg time="2024-04-04T07:13:13.667712" level="INFO">GET Request : url=https://randomuser.me/api 
 path_url=/api 
 headers={'User-Agent': 'python-requests/2.31.0', 'Accept-Encoding': 'gzip, deflate', 'Accept': '*/*', 'Connection': 'keep-alive'} 
 body=None 
 </msg>
<msg time="2024-04-04T07:13:13.667827" level="INFO">GET Response : url=https://randomuser.me/api 
 status=200, reason=OK 
 headers={'Date': 'Thu, 04 Apr 2024 07:13:13 GMT', 'Content-Type': 'application/json; charset=utf-8', 'Transfer-Encoding': 'chunked', 'Connection': 'keep-alive', 'X-Powered-By': 'Express', 'Access-Control-Allow-Origin': '*', 'Cache-Control': 'no-cache', 'ETag': 'W/"48f-eE9DHwHHgPP/fIyJsKJcsX2rLg0"', 'Vary': 'Accept-Encoding', 'Content-Encoding': 'gzip', 'CF-Cache-Status': 'DYNAMIC', 'Report-To': '{"endpoints":[{"url":"https:\\/\\/a.nel.cloudflare.com\\/report\\/v4?s=8UyBIY5Tqx65168rhvxY7c9XRmNQZxUpQtzpmNL1Pfcq2xZLhDdUjRVBHPP9ZgDz8VicwXBdlm5EYVgx2%2FLIUPKpy6MYC4pWXBhGWHjEY7ItvzcMlQvI3dQGTben65kn"}],"group":"cf-nel","max_age":604800}', 'NEL': '{"success_fraction":0,"report_to":"cf-nel","max_age":604800}', 'Server': 'cloudflare', 'CF-RAY': '86ef7e9bcc73231e-ORD', 'alt-svc': 'h3=":443"; ma=86400'} 
 body={"results":[{"gender":"male","name":{"title":"Mr","first":"Ethan","last":"Martin"},"location":{"street":{"number":6508,"name":"York St"},"city":"Chesterville","state":"British Columbia","country":"Canada","postcode":"I5S 9C0","coordinates":{"latitude":"-66.1553","longitude":"-63.5998"},"timezone":{"offset":"+4:00","description":"Abu Dhabi, Muscat, Baku, Tbilisi"}},"email":"ethan.martin@example.com","login":{"uuid":"5a9af227-d3c9-4a95-91db-10983f85c5cd","username":"smallpanda186","password":"anders","salt":"ZnWJPMvK","md5":"61944554ea585666482256c631ad09a0","sha1":"394c7971149ca31d20ba0170f2494ee40e56cc89","sha256":"9f37cd311346c5435d95c18d0f89d3e1023f66434c8451fcb55bb652d227c21d"},"dob":{"date":"1945-07-03T07:07:37.684Z","age":78},"registered":{"date":"2013-10-05T08:10:51.439Z","age":10},"phone":"F95 I73-7851","cell":"I36 R24-8284","id":{"name":"SIN","value":"623314861"},"picture":{"large":"https://randomuser.me/api/portraits/men/54.jpg","medium":"https://randomuser.me/api/portraits/med/men/54.jpg","thumbnail":"https://randomuser.me/api/portraits/thumb/men/54.jpg"},"nat":"CA"}],"info":{"seed":"d244355afc69554e","results":1,"page":1,"version":"1.4"}} 
 </msg>
<msg time="2024-04-04T07:13:13.667985" level="INFO">/opt/hostedtoolcache/Python/3.12.2/x64/lib/python3.12/site-packages/urllib3/connectionpool.py:1103: InsecureRequestWarning: Unverified HTTPS request is being made to host 'randomuser.me'. Adding certificate verification is strongly advised. See: https://urllib3.readthedocs.io/en/latest/advanced-usage.html#tls-warnings
  warnings.warn(</msg>
<msg time="2024-04-04T07:13:13.668124" level="INFO">${response} = &lt;Response [200]&gt;</msg>
<var>${response}</var>
<arg>consultarAPI</arg>
<arg>/api</arg>
<doc>Sends a GET request on a previously created HTTP Session.</doc>
<status status="PASS" start="2024-04-04T07:13:13.566039" elapsed="0.102124"/>
</kw>
<kw name="Set Variable" owner="BuiltIn">
<msg time="2024-04-04T07:13:13.669212" level="INFO">${json_data} = {'results': [{'gender': 'male', 'name': {'title': 'Mr', 'first': 'Ethan', 'last': 'Martin'}, 'location': {'street': {'number': 6508, 'name': 'York St'}, 'city': 'Chesterville', 'state': 'British Colum...</msg>
<var>${json_data}</var>
<arg>${response.json()}</arg>
<doc>Returns the given values which can then be assigned to a variables.</doc>
<status status="PASS" start="2024-04-04T07:13:13.668676" elapsed="0.000564"/>
</kw>
<kw name="Log" owner="BuiltIn">
<msg time="2024-04-04T07:13:13.669713" level="INFO">{'results': [{'gender': 'male', 'name': {'title': 'Mr', 'first': 'Ethan', 'last': 'Martin'}, 'location': {'street': {'number': 6508, 'name': 'York St'}, 'city': 'Chesterville', 'state': 'British Columbia', 'country': 'Canada', 'postcode': 'I5S 9C0', 'coordinates': {'latitude': '-66.1553', 'longitude': '-63.5998'}, 'timezone': {'offset': '+4:00', 'description': 'Abu Dhabi, Muscat, Baku, Tbilisi'}}, 'email': 'ethan.martin@example.com', 'login': {'uuid': '5a9af227-d3c9-4a95-91db-10983f85c5cd', 'username': 'smallpanda186', 'password': 'anders', 'salt': 'ZnWJPMvK', 'md5': '61944554ea585666482256c631ad09a0', 'sha1': '394c7971149ca31d20ba0170f2494ee40e56cc89', 'sha256': '9f37cd311346c5435d95c18d0f89d3e1023f66434c8451fcb55bb652d227c21d'}, 'dob': {'date': '1945-07-03T07:07:37.684Z', 'age': 78}, 'registered': {'date': '2013-10-05T08:10:51.439Z', 'age': 10}, 'phone': 'F95 I73-7851', 'cell': 'I36 R24-8284', 'id': {'name': 'SIN', 'value': '623314861'}, 'picture': {'large': 'https://randomuser.me/api/portraits/men/54.jpg', 'medium': 'https://randomuser.me/api/portraits/med/men/54.jpg', 'thumbnail': 'https://randomuser.me/api/portraits/thumb/men/54.jpg'}, 'nat': 'CA'}], 'info': {'seed': 'd244355afc69554e', 'results': 1, 'page': 1, 'version': '1.4'}}</msg>
<arg>${json_data}</arg>
<doc>Logs the given message with the given level.</doc>
<status status="PASS" start="2024-04-04T07:13:13.669551" elapsed="0.000209"/>
</kw>
<kw name="Dictionary Should Contain Key" owner="Collections">
<msg time="2024-04-04T07:13:13.670217" level="INFO">False</msg>
<arg>${json_data}</arg>
<arg>results</arg>
<doc>Fails if ``key`` is not found from ``dictionary``.</doc>
<status status="PASS" start="2024-04-04T07:13:13.670058" elapsed="0.000195"/>
</kw>
<kw name="Should Not Be Empty" owner="BuiltIn">
<msg time="2024-04-04T07:13:13.670692" level="INFO">Length is 2.</msg>
<arg>${json_data}</arg>
<doc>Verifies that the given item is not empty.</doc>
<status status="PASS" start="2024-04-04T07:13:13.670559" elapsed="0.000170"/>
</kw>
<kw name="Create List" owner="BuiltIn">
<msg time="2024-04-04T07:13:13.671179" level="INFO">${expected_keys} = ['gender', 'name', 'location', 'email', 'login']</msg>
<var>${expected_keys}</var>
<arg>gender</arg>
<arg>name</arg>
<arg>location</arg>
<arg>email</arg>
<arg>login</arg>
<doc>Returns a list containing given items.</doc>
<status status="PASS" start="2024-04-04T07:13:13.671022" elapsed="0.000182"/>
</kw>
<for flavor="IN">
<iter>
<kw name="Dictionary Should Contain Key" owner="Collections">
<msg time="2024-04-04T07:13:13.672221" level="INFO">False</msg>
<arg>${json_data['results'][0]}</arg>
<arg>${key}</arg>
<doc>Fails if ``key`` is not found from ``dictionary``.</doc>
<status status="PASS" start="2024-04-04T07:13:13.671816" elapsed="0.000445"/>
</kw>
<kw name="Log" owner="BuiltIn">
<msg time="2024-04-04T07:13:13.672936" level="INFO">{'gender': 'male', 'name': {'title': 'Mr', 'first': 'Ethan', 'last': 'Martin'}, 'location': {'street': {'number': 6508, 'name': 'York St'}, 'city': 'Chesterville', 'state': 'British Columbia', 'country': 'Canada', 'postcode': 'I5S 9C0', 'coordinates': {'latitude': '-66.1553', 'longitude': '-63.5998'}, 'timezone': {'offset': '+4:00', 'description': 'Abu Dhabi, Muscat, Baku, Tbilisi'}}, 'email': 'ethan.martin@example.com', 'login': {'uuid': '5a9af227-d3c9-4a95-91db-10983f85c5cd', 'username': 'smallpanda186', 'password': 'anders', 'salt': 'ZnWJPMvK', 'md5': '61944554ea585666482256c631ad09a0', 'sha1': '394c7971149ca31d20ba0170f2494ee40e56cc89', 'sha256': '9f37cd311346c5435d95c18d0f89d3e1023f66434c8451fcb55bb652d227c21d'}, 'dob': {'date': '1945-07-03T07:07:37.684Z', 'age': 78}, 'registered': {'date': '2013-10-05T08:10:51.439Z', 'age': 10}, 'phone': 'F95 I73-7851', 'cell': 'I36 R24-8284', 'id': {'name': 'SIN', 'value': '623314861'}, 'picture': {'large': 'https://randomuser.me/api/portraits/men/54.jpg', 'medium': 'https://randomuser.me/api/portraits/med/men/54.jpg', 'thumbnail': 'https://randomuser.me/api/portraits/thumb/men/54.jpg'}, 'nat': 'CA'}</msg>
<arg>${json_data['results'][0]}</arg>
<doc>Logs the given message with the given level.</doc>
<status status="PASS" start="2024-04-04T07:13:13.672568" elapsed="0.000421"/>
</kw>
<kw name="Log" owner="BuiltIn">
<msg time="2024-04-04T07:13:13.673421" level="INFO">gender</msg>
<arg>${key}</arg>
<doc>Logs the given message with the given level.</doc>
<status status="PASS" start="2024-04-04T07:13:13.673290" elapsed="0.000170"/>
</kw>
<var name="${key}">gender</var>
<status status="PASS" start="2024-04-04T07:13:13.671688" elapsed="0.001993"/>
</iter>
<iter>
<kw name="Dictionary Should Contain Key" owner="Collections">
<msg time="2024-04-04T07:13:13.674374" level="INFO">False</msg>
<arg>${json_data['results'][0]}</arg>
<arg>${key}</arg>
<doc>Fails if ``key`` is not found from ``dictionary``.</doc>
<status status="PASS" start="2024-04-04T07:13:13.673989" elapsed="0.000423"/>
</kw>
<kw name="Log" owner="BuiltIn">
<msg time="2024-04-04T07:13:13.675100" level="INFO">{'gender': 'male', 'name': {'title': 'Mr', 'first': 'Ethan', 'last': 'Martin'}, 'location': {'street': {'number': 6508, 'name': 'York St'}, 'city': 'Chesterville', 'state': 'British Columbia', 'country': 'Canada', 'postcode': 'I5S 9C0', 'coordinates': {'latitude': '-66.1553', 'longitude': '-63.5998'}, 'timezone': {'offset': '+4:00', 'description': 'Abu Dhabi, Muscat, Baku, Tbilisi'}}, 'email': 'ethan.martin@example.com', 'login': {'uuid': '5a9af227-d3c9-4a95-91db-10983f85c5cd', 'username': 'smallpanda186', 'password': 'anders', 'salt': 'ZnWJPMvK', 'md5': '61944554ea585666482256c631ad09a0', 'sha1': '394c7971149ca31d20ba0170f2494ee40e56cc89', 'sha256': '9f37cd311346c5435d95c18d0f89d3e1023f66434c8451fcb55bb652d227c21d'}, 'dob': {'date': '1945-07-03T07:07:37.684Z', 'age': 78}, 'registered': {'date': '2013-10-05T08:10:51.439Z', 'age': 10}, 'phone': 'F95 I73-7851', 'cell': 'I36 R24-8284', 'id': {'name': 'SIN', 'value': '623314861'}, 'picture': {'large': 'https://randomuser.me/api/portraits/men/54.jpg', 'medium': 'https://randomuser.me/api/portraits/med/men/54.jpg', 'thumbnail': 'https://randomuser.me/api/portraits/thumb/men/54.jpg'}, 'nat': 'CA'}</msg>
<arg>${json_data['results'][0]}</arg>
<doc>Logs the given message with the given level.</doc>
<status status="PASS" start="2024-04-04T07:13:13.674739" elapsed="0.000407"/>
</kw>
<kw name="Log" owner="BuiltIn">
<msg time="2024-04-04T07:13:13.675601" level="INFO">name</msg>
<arg>${key}</arg>
<doc>Logs the given message with the given level.</doc>
<status status="PASS" start="2024-04-04T07:13:13.675453" elapsed="0.000188"/>
</kw>
<var name="${key}">name</var>
<status status="PASS" start="2024-04-04T07:13:13.673873" elapsed="0.001986"/>
</iter>
<iter>
<kw name="Dictionary Should Contain Key" owner="Collections">
<msg time="2024-04-04T07:13:13.676524" level="INFO">False</msg>
<arg>${json_data['results'][0]}</arg>
<arg>${key}</arg>
<doc>Fails if ``key`` is not found from ``dictionary``.</doc>
<status status="PASS" start="2024-04-04T07:13:13.676150" elapsed="0.000411"/>
</kw>
<kw name="Log" owner="BuiltIn">
<msg time="2024-04-04T07:13:13.677244" level="INFO">{'gender': 'male', 'name': {'title': 'Mr', 'first': 'Ethan', 'last': 'Martin'}, 'location': {'street': {'number': 6508, 'name': 'York St'}, 'city': 'Chesterville', 'state': 'British Columbia', 'country': 'Canada', 'postcode': 'I5S 9C0', 'coordinates': {'latitude': '-66.1553', 'longitude': '-63.5998'}, 'timezone': {'offset': '+4:00', 'description': 'Abu Dhabi, Muscat, Baku, Tbilisi'}}, 'email': 'ethan.martin@example.com', 'login': {'uuid': '5a9af227-d3c9-4a95-91db-10983f85c5cd', 'username': 'smallpanda186', 'password': 'anders', 'salt': 'ZnWJPMvK', 'md5': '61944554ea585666482256c631ad09a0', 'sha1': '394c7971149ca31d20ba0170f2494ee40e56cc89', 'sha256': '9f37cd311346c5435d95c18d0f89d3e1023f66434c8451fcb55bb652d227c21d'}, 'dob': {'date': '1945-07-03T07:07:37.684Z', 'age': 78}, 'registered': {'date': '2013-10-05T08:10:51.439Z', 'age': 10}, 'phone': 'F95 I73-7851', 'cell': 'I36 R24-8284', 'id': {'name': 'SIN', 'value': '623314861'}, 'picture': {'large': 'https://randomuser.me/api/portraits/men/54.jpg', 'medium': 'https://randomuser.me/api/portraits/med/men/54.jpg', 'thumbnail': 'https://randomuser.me/api/portraits/thumb/men/54.jpg'}, 'nat': 'CA'}</msg>
<arg>${json_data['results'][0]}</arg>
<doc>Logs the given message with the given level.</doc>
<status status="PASS" start="2024-04-04T07:13:13.676858" elapsed="0.000439"/>
</kw>
<kw name="Log" owner="BuiltIn">
<msg time="2024-04-04T07:13:13.677718" level="INFO">location</msg>
<arg>${key}</arg>
<doc>Logs the given message with the given level.</doc>
<status status="PASS" start="2024-04-04T07:13:13.677591" elapsed="0.000165"/>
</kw>
<var name="${key}">location</var>
<status status="PASS" start="2024-04-04T07:13:13.676039" elapsed="0.001935"/>
</iter>
<iter>
<kw name="Dictionary Should Contain Key" owner="Collections">
<msg time="2024-04-04T07:13:13.678641" level="INFO">False</msg>
<arg>${json_data['results'][0]}</arg>
<arg>${key}</arg>
<doc>Fails if ``key`` is not found from ``dictionary``.</doc>
<status status="PASS" start="2024-04-04T07:13:13.678262" elapsed="0.000416"/>
</kw>
<kw name="Log" owner="BuiltIn">
<msg time="2024-04-04T07:13:13.679329" level="INFO">{'gender': 'male', 'name': {'title': 'Mr', 'first': 'Ethan', 'last': 'Martin'}, 'location': {'street': {'number': 6508, 'name': 'York St'}, 'city': 'Chesterville', 'state': 'British Columbia', 'country': 'Canada', 'postcode': 'I5S 9C0', 'coordinates': {'latitude': '-66.1553', 'longitude': '-63.5998'}, 'timezone': {'offset': '+4:00', 'description': 'Abu Dhabi, Muscat, Baku, Tbilisi'}}, 'email': 'ethan.martin@example.com', 'login': {'uuid': '5a9af227-d3c9-4a95-91db-10983f85c5cd', 'username': 'smallpanda186', 'password': 'anders', 'salt': 'ZnWJPMvK', 'md5': '61944554ea585666482256c631ad09a0', 'sha1': '394c7971149ca31d20ba0170f2494ee40e56cc89', 'sha256': '9f37cd311346c5435d95c18d0f89d3e1023f66434c8451fcb55bb652d227c21d'}, 'dob': {'date': '1945-07-03T07:07:37.684Z', 'age': 78}, 'registered': {'date': '2013-10-05T08:10:51.439Z', 'age': 10}, 'phone': 'F95 I73-7851', 'cell': 'I36 R24-8284', 'id': {'name': 'SIN', 'value': '623314861'}, 'picture': {'large': 'https://randomuser.me/api/portraits/men/54.jpg', 'medium': 'https://randomuser.me/api/portraits/med/men/54.jpg', 'thumbnail': 'https://randomuser.me/api/portraits/thumb/men/54.jpg'}, 'nat': 'CA'}</msg>
<arg>${json_data['results'][0]}</arg>
<doc>Logs the given message with the given level.</doc>
<status status="PASS" start="2024-04-04T07:13:13.678975" elapsed="0.000401"/>
</kw>
<kw name="Log" owner="BuiltIn">
<msg time="2024-04-04T07:13:13.679821" level="INFO">email</msg>
<arg>${key}</arg>
<doc>Logs the given message with the given level.</doc>
<status status="PASS" start="2024-04-04T07:13:13.679690" elapsed="0.000169"/>
</kw>
<var name="${key}">email</var>
<status status="PASS" start="2024-04-04T07:13:13.678146" elapsed="0.001932"/>
</iter>
<iter>
<kw name="Dictionary Should Contain Key" owner="Collections">
<msg time="2024-04-04T07:13:13.680752" level="INFO">False</msg>
<arg>${json_data['results'][0]}</arg>
<arg>${key}</arg>
<doc>Fails if ``key`` is not found from ``dictionary``.</doc>
<status status="PASS" start="2024-04-04T07:13:13.680367" elapsed="0.000422"/>
</kw>
<kw name="Log" owner="BuiltIn">
<msg time="2024-04-04T07:13:13.681457" level="INFO">{'gender': 'male', 'name': {'title': 'Mr', 'first': 'Ethan', 'last': 'Martin'}, 'location': {'street': {'number': 6508, 'name': 'York St'}, 'city': 'Chesterville', 'state': 'British Columbia', 'country': 'Canada', 'postcode': 'I5S 9C0', 'coordinates': {'latitude': '-66.1553', 'longitude': '-63.5998'}, 'timezone': {'offset': '+4:00', 'description': 'Abu Dhabi, Muscat, Baku, Tbilisi'}}, 'email': 'ethan.martin@example.com', 'login': {'uuid': '5a9af227-d3c9-4a95-91db-10983f85c5cd', 'username': 'smallpanda186', 'password': 'anders', 'salt': 'ZnWJPMvK', 'md5': '61944554ea585666482256c631ad09a0', 'sha1': '394c7971149ca31d20ba0170f2494ee40e56cc89', 'sha256': '9f37cd311346c5435d95c18d0f89d3e1023f66434c8451fcb55bb652d227c21d'}, 'dob': {'date': '1945-07-03T07:07:37.684Z', 'age': 78}, 'registered': {'date': '2013-10-05T08:10:51.439Z', 'age': 10}, 'phone': 'F95 I73-7851', 'cell': 'I36 R24-8284', 'id': {'name': 'SIN', 'value': '623314861'}, 'picture': {'large': 'https://randomuser.me/api/portraits/men/54.jpg', 'medium': 'https://randomuser.me/api/portraits/med/men/54.jpg', 'thumbnail': 'https://randomuser.me/api/portraits/thumb/men/54.jpg'}, 'nat': 'CA'}</msg>
<arg>${json_data['results'][0]}</arg>
<doc>Logs the given message with the given level.</doc>
<status status="PASS" start="2024-04-04T07:13:13.681087" elapsed="0.000417"/>
</kw>
<kw name="Log" owner="BuiltIn">
<msg time="2024-04-04T07:13:13.681929" level="INFO">login</msg>
<arg>${key}</arg>
<doc>Logs the given message with the given level.</doc>
<status status="PASS" start="2024-04-04T07:13:13.681801" elapsed="0.000275"/>
</kw>
<var name="${key}">login</var>
<status status="PASS" start="2024-04-04T07:13:13.680252" elapsed="0.002071"/>
</iter>
<var>${key}</var>
<value>@{expected_keys}</value>
<status status="PASS" start="2024-04-04T07:13:13.671470" elapsed="0.010991"/>
</for>
<kw name="Create List" owner="BuiltIn">
<msg time="2024-04-04T07:13:13.682794" level="INFO">${expected_keysTwo} = ['username', 'password']</msg>
<var>${expected_keysTwo}</var>
<arg>username</arg>
<arg>password</arg>
<doc>Returns a list containing given items.</doc>
<status status="PASS" start="2024-04-04T07:13:13.682655" elapsed="0.000163"/>
</kw>
<for flavor="IN">
<iter>
<kw name="Dictionary Should Contain Key" owner="Collections">
<msg time="2024-04-04T07:13:13.683748" level="INFO">False</msg>
<arg>${json_data['results'][0]['login']}</arg>
<arg>${keyTwo}</arg>
<doc>Fails if ``key`` is not found from ``dictionary``.</doc>
<status status="PASS" start="2024-04-04T07:13:13.683319" elapsed="0.000468"/>
</kw>
<kw name="Dictionary Should Contain Key" owner="Collections">
<msg time="2024-04-04T07:13:13.684458" level="INFO">False</msg>
<arg>${json_data['results'][0]['login']}</arg>
<arg>${keyTwo}</arg>
<doc>Fails if ``key`` is not found from ``dictionary``.</doc>
<status status="PASS" start="2024-04-04T07:13:13.684082" elapsed="0.000413"/>
</kw>
<kw name="Log" owner="BuiltIn">
<msg time="2024-04-04T07:13:13.684913" level="INFO">username</msg>
<arg>${keyTwo}</arg>
<doc>Logs the given message with the given level.</doc>
<status status="PASS" start="2024-04-04T07:13:13.684785" elapsed="0.000164"/>
</kw>
<var name="${keyTwo}">username</var>
<status status="PASS" start="2024-04-04T07:13:13.683209" elapsed="0.001954"/>
</iter>
<iter>
<kw name="Dictionary Should Contain Key" owner="Collections">
<msg time="2024-04-04T07:13:13.685819" level="INFO">False</msg>
<arg>${json_data['results'][0]['login']}</arg>
<arg>${keyTwo}</arg>
<doc>Fails if ``key`` is not found from ``dictionary``.</doc>
<status status="PASS" start="2024-04-04T07:13:13.685445" elapsed="0.000413"/>
</kw>
<kw name="Dictionary Should Contain Key" owner="Collections">
<msg time="2024-04-04T07:13:13.686539" level="INFO">False</msg>
<arg>${json_data['results'][0]['login']}</arg>
<arg>${keyTwo}</arg>
<doc>Fails if ``key`` is not found from ``dictionary``.</doc>
<status status="PASS" start="2024-04-04T07:13:13.686148" elapsed="0.000429"/>
</kw>
<kw name="Log" owner="BuiltIn">
<msg time="2024-04-04T07:13:13.687002" level="INFO">password</msg>
<arg>${keyTwo}</arg>
<doc>Logs the given message with the given level.</doc>
<status status="PASS" start="2024-04-04T07:13:13.686875" elapsed="0.000166"/>
</kw>
<var name="${keyTwo}">password</var>
<status status="PASS" start="2024-04-04T07:13:13.685334" elapsed="0.001920"/>
</iter>
<var>${keyTwo}</var>
<value>@{expected_keysTwo}</value>
<status status="PASS" start="2024-04-04T07:13:13.683055" elapsed="0.004322"/>
</for>
<status status="PASS" start="2024-04-04T07:13:13.565801" elapsed="0.121718"/>
</kw>
<doc>Testa a estrutura da resposta da API.</doc>
<tag>testeEstruturaResposta</tag>
<status status="PASS" start="2024-04-04T07:13:13.565140" elapsed="0.122570"/>
</test>
<test id="s1-s1-t4" name="Validar tipos de dados" line="28">
<kw name="Teste de Tipos de Dados" owner="random-user-service">
<kw name="GET On Session" owner="RequestsLibrary">
<msg time="2024-04-04T07:13:13.761565" level="INFO">GET Request : url=https://randomuser.me/api 
 path_url=/api 
 headers={'User-Agent': 'python-requests/2.31.0', 'Accept-Encoding': 'gzip, deflate', 'Accept': '*/*', 'Connection': 'keep-alive'} 
 body=None 
 </msg>
<msg time="2024-04-04T07:13:13.761668" level="INFO">GET Response : url=https://randomuser.me/api 
 status=200, reason=OK 
 headers={'Date': 'Thu, 04 Apr 2024 07:13:13 GMT', 'Content-Type': 'application/json; charset=utf-8', 'Transfer-Encoding': 'chunked', 'Connection': 'keep-alive', 'X-Powered-By': 'Express', 'Access-Control-Allow-Origin': '*', 'Cache-Control': 'no-cache', 'ETag': 'W/"49d-aD7nBtJSzsoErZafl1AV+e/5bmQ"', 'Vary': 'Accept-Encoding', 'Content-Encoding': 'gzip', 'CF-Cache-Status': 'DYNAMIC', 'Report-To': '{"endpoints":[{"url":"https:\\/\\/a.nel.cloudflare.com\\/report\\/v4?s=y7Dj%2FS589zlGCNHcJMpuUl4K4IgXivE61JrdezNktMtQfYFQA5uAHl3jqzF7ocgXWDp4F0YEtzJWxuM6EMzcYW5u3eDRSs%2BiYT1kgw42o4JYdAgq08m3GUQf26AWa0IR"}],"group":"cf-nel","max_age":604800}', 'NEL': '{"success_fraction":0,"report_to":"cf-nel","max_age":604800}', 'Server': 'cloudflare', 'CF-RAY': '86ef7e9c9cef231e-ORD', 'alt-svc': 'h3=":443"; ma=86400'} 
 body={"results":[{"gender":"female","name":{"title":"Ms","first":"Yolande","last":"Heessels"},"location":{"street":{"number":4894,"name":"Bloembosweg"},"city":"Valkenburg Zh","state":"Utrecht","country":"Netherlands","postcode":"7104 KN","coordinates":{"latitude":"33.2008","longitude":"156.9473"},"timezone":{"offset":"-3:00","description":"Brazil, Buenos Aires, Georgetown"}},"email":"yolande.heessels@example.com","login":{"uuid":"f4d572dc-e6f5-40c1-9006-4227e12f455c","username":"happyfrog253","password":"6666","salt":"z8wcWhwa","md5":"fabb41fc27159e5d66a39efdca8d07b2","sha1":"8e80539a866840579c6b60e46b5393af6068ca9c","sha256":"3c6031c64ea420914d88dc0d57d189f4974f4b1ae9b6901adff3d0ada63de0b4"},"dob":{"date":"1954-06-23T23:53:03.880Z","age":69},"registered":{"date":"2012-03-01T02:05:23.519Z","age":12},"phone":"(0157) 124845","cell":"(06) 79867452","id":{"name":"BSN","value":"72302982"},"picture":{"large":"https://randomuser.me/api/portraits/women/85.jpg","medium":"https://randomuser.me/api/portraits/med/women/85.jpg","thumbnail":"https://randomuser.me/api/portraits/thumb/women/85.jpg"},"nat":"NL"}],"info":{"seed":"e77e2287ee352683","results":1,"page":1,"version":"1.4"}} 
 </msg>
<msg time="2024-04-04T07:13:13.761747" level="INFO">/opt/hostedtoolcache/Python/3.12.2/x64/lib/python3.12/site-packages/urllib3/connectionpool.py:1103: InsecureRequestWarning: Unverified HTTPS request is being made to host 'randomuser.me'. Adding certificate verification is strongly advised. See: https://urllib3.readthedocs.io/en/latest/advanced-usage.html#tls-warnings
  warnings.warn(</msg>
<msg time="2024-04-04T07:13:13.761878" level="INFO">${response} = &lt;Response [200]&gt;</msg>
<var>${response}</var>
<arg>consultarAPI</arg>
<arg>/api</arg>
<doc>Sends a GET request on a previously created HTTP Session.</doc>
<status status="PASS" start="2024-04-04T07:13:13.690182" elapsed="0.071736"/>
</kw>
<kw name="Set Variable" owner="BuiltIn">
<msg time="2024-04-04T07:13:13.762976" level="INFO">${json_data} = {'results': [{'gender': 'female', 'name': {'title': 'Ms', 'first': 'Yolande', 'last': 'Heessels'}, 'location': {'street': {'number': 4894, 'name': 'Bloembosweg'}, 'city': 'Valkenburg Zh', 'state': 'Ut...</msg>
<var>${json_data}</var>
<arg>${response.json()}</arg>
<doc>Returns the given values which can then be assigned to a variables.</doc>
<status status="PASS" start="2024-04-04T07:13:13.762470" elapsed="0.000534"/>
</kw>
<kw name="Log" owner="BuiltIn">
<msg time="2024-04-04T07:13:13.763487" level="INFO">{'results': [{'gender': 'female', 'name': {'title': 'Ms', 'first': 'Yolande', 'last': 'Heessels'}, 'location': {'street': {'number': 4894, 'name': 'Bloembosweg'}, 'city': 'Valkenburg Zh', 'state': 'Utrecht', 'country': 'Netherlands', 'postcode': '7104 KN', 'coordinates': {'latitude': '33.2008', 'longitude': '156.9473'}, 'timezone': {'offset': '-3:00', 'description': 'Brazil, Buenos Aires, Georgetown'}}, 'email': 'yolande.heessels@example.com', 'login': {'uuid': 'f4d572dc-e6f5-40c1-9006-4227e12f455c', 'username': 'happyfrog253', 'password': '6666', 'salt': 'z8wcWhwa', 'md5': 'fabb41fc27159e5d66a39efdca8d07b2', 'sha1': '8e80539a866840579c6b60e46b5393af6068ca9c', 'sha256': '3c6031c64ea420914d88dc0d57d189f4974f4b1ae9b6901adff3d0ada63de0b4'}, 'dob': {'date': '1954-06-23T23:53:03.880Z', 'age': 69}, 'registered': {'date': '2012-03-01T02:05:23.519Z', 'age': 12}, 'phone': '(0157) 124845', 'cell': '(06) 79867452', 'id': {'name': 'BSN', 'value': '72302982'}, 'picture': {'large': 'https://randomuser.me/api/portraits/women/85.jpg', 'medium': 'https://randomuser.me/api/portraits/med/women/85.jpg', 'thumbnail': 'https://randomuser.me/api/portraits/thumb/women/85.jpg'}, 'nat': 'NL'}], 'info': {'seed': 'e77e2287ee352683', 'results': 1, 'page': 1, 'version': '1.4'}}</msg>
<arg>${json_data}</arg>
<doc>Logs the given message with the given level.</doc>
<status status="PASS" start="2024-04-04T07:13:13.763331" elapsed="0.000270"/>
</kw>
<kw name="Should Be String" owner="String">
<arg>${json_data['results'][0]['gender']}</arg>
<doc>Fails if the given ``item`` is not a string.</doc>
<status status="PASS" start="2024-04-04T07:13:13.763935" elapsed="0.000375"/>
</kw>
<kw name="Should Match Regexp" owner="BuiltIn">
<arg>${json_data['results'][0]['email']}</arg>
<arg>^[a-zA-Z0-9._%+-]+@[a-zA-Z0-9.-]+\.[a-zA-Z]{2,}$</arg>
<doc>Fails if ``string`` does not match ``pattern`` as a regular expression.</doc>
<status status="PASS" start="2024-04-04T07:13:13.764506" elapsed="0.000549"/>
</kw>
<kw name="Should Match Regexp" owner="BuiltIn">
<arg>${json_data['results'][0]['dob']['date']}</arg>
<arg>\\d{4}-\\d{2}-\\d{2}T\\d{2}:\\d{2}:\\d{2}\\.\\d{3}Z</arg>
<doc>Fails if ``string`` does not match ``pattern`` as a regular expression.</doc>
<status status="PASS" start="2024-04-04T07:13:13.765257" elapsed="0.000501"/>
</kw>
<kw name="Should Match Regexp" owner="BuiltIn">
<arg>${json_data['results'][0]['registered']['date']}</arg>
<arg>\\d{4}-\\d{2}-\\d{2}T\\d{2}:\\d{2}:\\d{2}\\.\\d{3}Z</arg>
<doc>Fails if ``string`` does not match ``pattern`` as a regular expression.</doc>
<status status="PASS" start="2024-04-04T07:13:13.765953" elapsed="0.000373"/>
</kw>
<kw name="Should Match Regexp" owner="BuiltIn">
<arg>${json_data['results'][0]['picture']['large']}</arg>
<arg>^https?://.*\.(?:png|jpe?g|gif|bmp)$</arg>
<doc>Fails if ``string`` does not match ``pattern`` as a regular expression.</doc>
<status status="PASS" start="2024-04-04T07:13:13.766514" elapsed="0.000466"/>
</kw>
<kw name="Should Match Regexp" owner="BuiltIn">
<arg>${json_data['results'][0]['picture']['medium']}</arg>
<arg>^https?://.*\.(?:png|jpe?g|gif|bmp)$</arg>
<doc>Fails if ``string`` does not match ``pattern`` as a regular expression.</doc>
<status status="PASS" start="2024-04-04T07:13:13.767171" elapsed="0.000372"/>
</kw>
<kw name="Should Match Regexp" owner="BuiltIn">
<arg>${json_data['results'][0]['picture']['thumbnail']}</arg>
<arg>^https?://.*\.(?:png|jpe?g|gif|bmp)$</arg>
<doc>Fails if ``string`` does not match ``pattern`` as a regular expression.</doc>
<status status="PASS" start="2024-04-04T07:13:13.767763" elapsed="0.000350"/>
</kw>
<kw name="Log" owner="BuiltIn">
<msg time="2024-04-04T07:13:13.768624" level="INFO">{'large': 'https://randomuser.me/api/portraits/women/85.jpg', 'medium': 'https://randomuser.me/api/portraits/med/women/85.jpg', 'thumbnail': 'https://randomuser.me/api/portraits/thumb/women/85.jpg'}</msg>
<arg>${json_data['results'][0]['picture']}</arg>
<doc>Logs the given message with the given level.</doc>
<status status="PASS" start="2024-04-04T07:13:13.768295" elapsed="0.000376"/>
</kw>
<status status="PASS" start="2024-04-04T07:13:13.689955" elapsed="0.078981"/>
</kw>
<kw name="Teste de Tipos de Dados - Postcode" owner="random-user-service">
<kw name="GET On Session" owner="RequestsLibrary">
<msg time="2024-04-04T07:13:13.865793" level="INFO">GET Request : url=https://randomuser.me/api 
 path_url=/api 
 headers={'User-Agent': 'python-requests/2.31.0', 'Accept-Encoding': 'gzip, deflate', 'Accept': '*/*', 'Connection': 'keep-alive'} 
 body=None 
 </msg>
<msg time="2024-04-04T07:13:13.865901" level="INFO">GET Response : url=https://randomuser.me/api 
 status=200, reason=OK 
 headers={'Date': 'Thu, 04 Apr 2024 07:13:13 GMT', 'Content-Type': 'application/json; charset=utf-8', 'Transfer-Encoding': 'chunked', 'Connection': 'keep-alive', 'X-Powered-By': 'Express', 'Access-Control-Allow-Origin': '*', 'Cache-Control': 'no-cache', 'ETag': 'W/"49c-u5khBAZKq4nyWX9r4hybVplQKEs"', 'Vary': 'Accept-Encoding', 'Content-Encoding': 'gzip', 'CF-Cache-Status': 'DYNAMIC', 'Report-To': '{"endpoints":[{"url":"https:\\/\\/a.nel.cloudflare.com\\/report\\/v4?s=F0AbXZCpcajFYlxjf61ezT1fMaR1CeNqoO1cROjz4gS6dO9sXizQrOGInk6GKZXMdPloU2o62xfedqEX1IdEc237KLkgfhFjU2G8JkCc6DcYh0YkLEv4Jjl5m%2FWA8nE1"}],"group":"cf-nel","max_age":604800}', 'NEL': '{"success_fraction":0,"report_to":"cf-nel","max_age":604800}', 'Server': 'cloudflare', 'CF-RAY': '86ef7e9d1d3f231e-ORD', 'alt-svc': 'h3=":443"; ma=86400'} 
 body={"results":[{"gender":"female","name":{"title":"Ms","first":"Loretta","last":"Watts"},"location":{"street":{"number":3272,"name":"Oak Ridge Ln"},"city":"Albury","state":"New South Wales","country":"Australia","postcode":2511,"coordinates":{"latitude":"-81.7162","longitude":"12.7895"},"timezone":{"offset":"+5:30","description":"Bombay, Calcutta, Madras, New Delhi"}},"email":"loretta.watts@example.com","login":{"uuid":"9fcb5912-abad-4731-b90d-3d9643726d6e","username":"smallelephant869","password":"50spanks","salt":"TOZDoh0L","md5":"37b68d234c9805b52236ce066482be80","sha1":"425a2561ed18de0bc9c5996fbf896b1db6a65b03","sha256":"9a2074f63a4715bf8609fd945103edee95dd18d773c22cba66f1b0c04e8964af"},"dob":{"date":"1979-02-18T10:56:36.360Z","age":45},"registered":{"date":"2010-06-09T01:01:51.274Z","age":13},"phone":"01-4138-3996","cell":"0419-230-804","id":{"name":"TFN","value":"088268686"},"picture":{"large":"https://randomuser.me/api/portraits/women/29.jpg","medium":"https://randomuser.me/api/portraits/med/women/29.jpg","thumbnail":"https://randomuser.me/api/portraits/thumb/women/29.jpg"},"nat":"AU"}],"info":{"seed":"691285b05f0eecbe","results":1,"page":1,"version":"1.4"}} 
 </msg>
<msg time="2024-04-04T07:13:13.866000" level="INFO">/opt/hostedtoolcache/Python/3.12.2/x64/lib/python3.12/site-packages/urllib3/connectionpool.py:1103: InsecureRequestWarning: Unverified HTTPS request is being made to host 'randomuser.me'. Adding certificate verification is strongly advised. See: https://urllib3.readthedocs.io/en/latest/advanced-usage.html#tls-warnings
  warnings.warn(</msg>
<msg time="2024-04-04T07:13:13.866132" level="INFO">${response} = &lt;Response [200]&gt;</msg>
<var>${response}</var>
<arg>consultarAPI</arg>
<arg>/api</arg>
<doc>Sends a GET request on a previously created HTTP Session.</doc>
<status status="PASS" start="2024-04-04T07:13:13.769549" elapsed="0.096627"/>
</kw>
<kw name="Set Variable" owner="BuiltIn">
<msg time="2024-04-04T07:13:13.867224" level="INFO">${json_data} = {'results': [{'gender': 'female', 'name': {'title': 'Ms', 'first': 'Loretta', 'last': 'Watts'}, 'location': {'street': {'number': 3272, 'name': 'Oak Ridge Ln'}, 'city': 'Albury', 'state': 'New South W...</msg>
<var>${json_data}</var>
<arg>${response.json()}</arg>
<doc>Returns the given values which can then be assigned to a variables.</doc>
<status status="PASS" start="2024-04-04T07:13:13.866715" elapsed="0.000538"/>
</kw>
<kw name="Log" owner="BuiltIn">
<msg time="2024-04-04T07:13:13.867772" level="INFO">{'results': [{'gender': 'female', 'name': {'title': 'Ms', 'first': 'Loretta', 'last': 'Watts'}, 'location': {'street': {'number': 3272, 'name': 'Oak Ridge Ln'}, 'city': 'Albury', 'state': 'New South Wales', 'country': 'Australia', 'postcode': 2511, 'coordinates': {'latitude': '-81.7162', 'longitude': '12.7895'}, 'timezone': {'offset': '+5:30', 'description': 'Bombay, Calcutta, Madras, New Delhi'}}, 'email': 'loretta.watts@example.com', 'login': {'uuid': '9fcb5912-abad-4731-b90d-3d9643726d6e', 'username': 'smallelephant869', 'password': '50spanks', 'salt': 'TOZDoh0L', 'md5': '37b68d234c9805b52236ce066482be80', 'sha1': '425a2561ed18de0bc9c5996fbf896b1db6a65b03', 'sha256': '9a2074f63a4715bf8609fd945103edee95dd18d773c22cba66f1b0c04e8964af'}, 'dob': {'date': '1979-02-18T10:56:36.360Z', 'age': 45}, 'registered': {'date': '2010-06-09T01:01:51.274Z', 'age': 13}, 'phone': '01-4138-3996', 'cell': '0419-230-804', 'id': {'name': 'TFN', 'value': '088268686'}, 'picture': {'large': 'https://randomuser.me/api/portraits/women/29.jpg', 'medium': 'https://randomuser.me/api/portraits/med/women/29.jpg', 'thumbnail': 'https://randomuser.me/api/portraits/thumb/women/29.jpg'}, 'nat': 'AU'}], 'info': {'seed': '691285b05f0eecbe', 'results': 1, 'page': 1, 'version': '1.4'}}</msg>
<arg>${json_data}</arg>
<doc>Logs the given message with the given level.</doc>
<status status="PASS" start="2024-04-04T07:13:13.867604" elapsed="0.000253"/>
</kw>
<kw name="Should Be Equal As Numbers" owner="BuiltIn">
<arg>${json_data['results'][0]['location']['postcode']}</arg>
<arg>${json_data['results'][0]['location']['postcode']}</arg>
<doc>Fails if objects are unequal after converting them to real numbers.</doc>
<status status="PASS" start="2024-04-04T07:13:13.868162" elapsed="0.000628"/>
</kw>
<kw name="Log" owner="BuiltIn">
<msg time="2024-04-04T07:13:13.869318" level="INFO">2511</msg>
<arg>${json_data['results'][0]['location']['postcode']}</arg>
<doc>Logs the given message with the given level.</doc>
<status status="PASS" start="2024-04-04T07:13:13.868984" elapsed="0.000375"/>
</kw>
<status status="PASS" start="2024-04-04T07:13:13.769167" elapsed="0.100449"/>
</kw>
<doc>Testa se os tipos de dados na resposta da API estão corretos.</doc>
<tag>testeTiposDados</tag>
<status status="PASS" start="2024-04-04T07:13:13.689495" elapsed="0.180296"/>
</test>
<test id="s1-s1-t5" name="Validar conteudo" line="35">
<kw name="Teste de Tipos de Conteudo" owner="random-user-service">
<kw name="GET On Session" owner="RequestsLibrary">
<msg time="2024-04-04T07:13:13.960899" level="INFO">GET Request : url=https://randomuser.me/api 
 path_url=/api 
 headers={'User-Agent': 'python-requests/2.31.0', 'Accept-Encoding': 'gzip, deflate', 'Accept': '*/*', 'Connection': 'keep-alive'} 
 body=None 
 </msg>
<msg time="2024-04-04T07:13:13.960999" level="INFO">GET Response : url=https://randomuser.me/api 
 status=200, reason=OK 
 headers={'Date': 'Thu, 04 Apr 2024 07:13:13 GMT', 'Content-Type': 'application/json; charset=utf-8', 'Transfer-Encoding': 'chunked', 'Connection': 'keep-alive', 'X-Powered-By': 'Express', 'Access-Control-Allow-Origin': '*', 'Cache-Control': 'no-cache', 'ETag': 'W/"475-gbO5nUp6hHrIsOmqC0bLIuMfSzM"', 'Vary': 'Accept-Encoding', 'Content-Encoding': 'gzip', 'CF-Cache-Status': 'DYNAMIC', 'Report-To': '{"endpoints":[{"url":"https:\\/\\/a.nel.cloudflare.com\\/report\\/v4?s=2lMQENxe6%2FJz9Llvbqw8Si%2Fm2WYnsn1bXyTKPi2xDfYQObuD%2FzhRHgGHjWmmQJq4ZNoNt%2FDle2ncQYWD0PT8a%2F84z2PVEQ4fLWgyvOrM6y8fzGXmtxsaEXz1kd9eeOlR"}],"group":"cf-nel","max_age":604800}', 'NEL': '{"success_fraction":0,"report_to":"cf-nel","max_age":604800}', 'Server': 'cloudflare', 'CF-RAY': '86ef7e9dbdb8231e-ORD', 'alt-svc': 'h3=":443"; ma=86400'} 
 body={"results":[{"gender":"male","name":{"title":"Mr","first":"Guy","last":"Schrier"},"location":{"street":{"number":551,"name":"Dolhaantjestraat"},"city":"Oldehove","state":"Gelderland","country":"Netherlands","postcode":"2681 HH","coordinates":{"latitude":"38.3430","longitude":"-140.1127"},"timezone":{"offset":"+3:30","description":"Tehran"}},"email":"guy.schrier@example.com","login":{"uuid":"5a906a55-43f0-4697-8551-c41a67bfa375","username":"greencat819","password":"eeyore","salt":"ql7cAJDF","md5":"34de402bc39323aeba5eff38fb013cb8","sha1":"124f92e8a0ca3dfae6400ccdba723f374654611f","sha256":"d23b32adc16f033ce0d4caf0b41c8f25a88a240b3bbb6f1c8ee42e30d89985d6"},"dob":{"date":"1959-10-04T15:41:14.834Z","age":64},"registered":{"date":"2004-05-14T13:03:26.175Z","age":19},"phone":"(044) 7962433","cell":"(06) 85865988","id":{"name":"BSN","value":"67909988"},"picture":{"large":"https://randomuser.me/api/portraits/men/68.jpg","medium":"https://randomuser.me/api/portraits/med/men/68.jpg","thumbnail":"https://randomuser.me/api/portraits/thumb/men/68.jpg"},"nat":"NL"}],"info":{"seed":"74c73bc36021f2a1","results":1,"page":1,"version":"1.4"}} 
 </msg>
<msg time="2024-04-04T07:13:13.961069" level="INFO">/opt/hostedtoolcache/Python/3.12.2/x64/lib/python3.12/site-packages/urllib3/connectionpool.py:1103: InsecureRequestWarning: Unverified HTTPS request is being made to host 'randomuser.me'. Adding certificate verification is strongly advised. See: https://urllib3.readthedocs.io/en/latest/advanced-usage.html#tls-warnings
  warnings.warn(</msg>
<msg time="2024-04-04T07:13:13.961193" level="INFO">${response} = &lt;Response [200]&gt;</msg>
<var>${response}</var>
<arg>consultarAPI</arg>
<arg>/api</arg>
<doc>Sends a GET request on a previously created HTTP Session.</doc>
<status status="PASS" start="2024-04-04T07:13:13.872796" elapsed="0.088440"/>
</kw>
<kw name="Set Variable" owner="BuiltIn">
<msg time="2024-04-04T07:13:13.962273" level="INFO">${json_data} = {'results': [{'gender': 'male', 'name': {'title': 'Mr', 'first': 'Guy', 'last': 'Schrier'}, 'location': {'street': {'number': 551, 'name': 'Dolhaantjestraat'}, 'city': 'Oldehove', 'state': 'Gelderland...</msg>
<var>${json_data}</var>
<arg>${response.json()}</arg>
<doc>Returns the given values which can then be assigned to a variables.</doc>
<status status="PASS" start="2024-04-04T07:13:13.961757" elapsed="0.000545"/>
</kw>
<kw name="Set Variable" owner="BuiltIn">
<msg time="2024-04-04T07:13:13.962994" level="INFO">${name_title} = Mr</msg>
<var>${name_title}</var>
<arg>${json_data["results"][0]["name"]["title"]}</arg>
<doc>Returns the given values which can then be assigned to a variables.</doc>
<status status="PASS" start="2024-04-04T07:13:13.962611" elapsed="0.000408"/>
</kw>
<kw name="Create List" owner="BuiltIn">
<msg time="2024-04-04T07:13:13.963473" level="INFO">${allowed_titles} = ['Mr', 'Ms', 'Miss', 'Mrs', 'Madame', 'Monsieur']</msg>
<var>${allowed_titles}</var>
<arg>Mr</arg>
<arg>Ms</arg>
<arg>Miss</arg>
<arg>Mrs</arg>
<arg>Madame</arg>
<arg>Monsieur</arg>
<doc>Returns a list containing given items.</doc>
<status status="PASS" start="2024-04-04T07:13:13.963321" elapsed="0.000175"/>
</kw>
<kw name="List Should Contain Value" owner="Collections">
<msg time="2024-04-04T07:13:13.964028" level="INFO">False</msg>
<arg>${allowed_titles}</arg>
<arg>${name_title}</arg>
<doc>Fails if the ``value`` is not found from ``list``.</doc>
<status status="PASS" start="2024-04-04T07:13:13.963846" elapsed="0.000219"/>
</kw>
<kw name="Set Variable" owner="BuiltIn">
<msg time="2024-04-04T07:13:13.964744" level="INFO">${name_country} = NL</msg>
<var>${name_country}</var>
<arg>${json_data["results"][0]["nat"]}</arg>
<doc>Returns the given values which can then be assigned to a variables.</doc>
<status status="PASS" start="2024-04-04T07:13:13.964359" elapsed="0.000410"/>
</kw>
<kw name="Create List" owner="BuiltIn">
<msg time="2024-04-04T07:13:13.965673" level="INFO">${list_country} = ['AD', 'AE', 'AF', 'AG', 'AI', 'AL', 'AM', 'AO', 'AQ', 'AR', 'AS', 'AT', 'AU', 'AW', 'AX', 'AZ', 'BA', 'BB', 'BD', 'BE', 'BF', 'BG', 'BH', 'BI', 'BJ', 'BL', 'BM', 'BN', 'BO', 'BQ', 'BR', 'BS', 'BT', '...</msg>
<var>${list_country}</var>
<arg>AD</arg>
<arg>AE</arg>
<arg>AF</arg>
<arg>AG</arg>
<arg>AI</arg>
<arg>AL</arg>
<arg>AM</arg>
<arg>AO</arg>
<arg>AQ</arg>
<arg>AR</arg>
<arg>AS</arg>
<arg>AT</arg>
<arg>AU</arg>
<arg>AW</arg>
<arg>AX</arg>
<arg>AZ</arg>
<arg>BA</arg>
<arg>BB</arg>
<arg>BD</arg>
<arg>BE</arg>
<arg>BF</arg>
<arg>BG</arg>
<arg>BH</arg>
<arg>BI</arg>
<arg>BJ</arg>
<arg>BL</arg>
<arg>BM</arg>
<arg>BN</arg>
<arg>BO</arg>
<arg>BQ</arg>
<arg>BR</arg>
<arg>BS</arg>
<arg>BT</arg>
<arg>BV</arg>
<arg>BW</arg>
<arg>BY</arg>
<arg>BZ</arg>
<arg>CA</arg>
<arg>CC</arg>
<arg>CD</arg>
<arg>CF</arg>
<arg>CG</arg>
<arg>CH</arg>
<arg>CI</arg>
<arg>CK</arg>
<arg>CL</arg>
<arg>CM</arg>
<arg>CN</arg>
<arg>CO</arg>
<arg>CR</arg>
<arg>CU</arg>
<arg>CV</arg>
<arg>CW</arg>
<arg>CX</arg>
<arg>CY</arg>
<arg>CZ</arg>
<arg>DE</arg>
<arg>DJ</arg>
<arg>DK</arg>
<arg>DM</arg>
<arg>DO</arg>
<arg>DZ</arg>
<arg>EC</arg>
<arg>EE</arg>
<arg>EG</arg>
<arg>EH</arg>
<arg>ER</arg>
<arg>ES</arg>
<arg>ET</arg>
<arg>FI</arg>
<arg>FJ</arg>
<arg>FK</arg>
<arg>FM</arg>
<arg>FO</arg>
<arg>FR</arg>
<arg>GA</arg>
<arg>GB</arg>
<arg>GD</arg>
<arg>GE</arg>
<arg>GF</arg>
<arg>GG</arg>
<arg>GH</arg>
<arg>GI</arg>
<arg>GL</arg>
<arg>GM</arg>
<arg>GN</arg>
<arg>GP</arg>
<arg>GQ</arg>
<arg>GR</arg>
<arg>GS</arg>
<arg>GT</arg>
<arg>GU</arg>
<arg>GW</arg>
<arg>GY</arg>
<arg>HK</arg>
<arg>HM</arg>
<arg>HN</arg>
<arg>HR</arg>
<arg>HT</arg>
<arg>HU</arg>
<arg>ID</arg>
<arg>IE</arg>
<arg>IL</arg>
<arg>IM</arg>
<arg>IN</arg>
<arg>IO</arg>
<arg>IQ</arg>
<arg>IR</arg>
<arg>IS</arg>
<arg>IT</arg>
<arg>JE</arg>
<arg>JM</arg>
<arg>JO</arg>
<arg>JP</arg>
<arg>KE</arg>
<arg>KG</arg>
<arg>KH</arg>
<arg>KI</arg>
<arg>KM</arg>
<arg>KN</arg>
<arg>KP</arg>
<arg>KR</arg>
<arg>KW</arg>
<arg>KY</arg>
<arg>KZ</arg>
<arg>LA</arg>
<arg>LB</arg>
<arg>LC</arg>
<arg>LI</arg>
<arg>LK</arg>
<arg>LR</arg>
<arg>LS</arg>
<arg>LT</arg>
<arg>LU</arg>
<arg>LV</arg>
<arg>LY</arg>
<arg>MA</arg>
<arg>MC</arg>
<arg>MD</arg>
<arg>ME</arg>
<arg>MF</arg>
<arg>MG</arg>
<arg>MH</arg>
<arg>MK</arg>
<arg>ML</arg>
<arg>MM</arg>
<arg>MN</arg>
<arg>MO</arg>
<arg>MP</arg>
<arg>MQ</arg>
<arg>MR</arg>
<arg>MS</arg>
<arg>MT</arg>
<arg>MU</arg>
<arg>MV</arg>
<arg>MW</arg>
<arg>MX</arg>
<arg>MY</arg>
<arg>MZ</arg>
<arg>NA</arg>
<arg>NC</arg>
<arg>NE</arg>
<arg>NF</arg>
<arg>NG</arg>
<arg>NI</arg>
<arg>NL</arg>
<arg>NO</arg>
<arg>NP</arg>
<arg>NR</arg>
<arg>NU</arg>
<arg>NZ</arg>
<arg>OM</arg>
<arg>PA</arg>
<arg>PE</arg>
<arg>PF</arg>
<arg>PG</arg>
<arg>PH</arg>
<arg>PK</arg>
<arg>PL</arg>
<arg>PM</arg>
<arg>PN</arg>
<arg>PR</arg>
<arg>PS</arg>
<arg>PT</arg>
<arg>PW</arg>
<arg>PY</arg>
<arg>QA</arg>
<arg>RE</arg>
<arg>RO</arg>
<arg>RS</arg>
<arg>RU</arg>
<arg>RW</arg>
<arg>SA</arg>
<arg>SB</arg>
<arg>SC</arg>
<arg>SD</arg>
<arg>SE</arg>
<arg>SG</arg>
<arg>SH</arg>
<arg>SI</arg>
<arg>SJ</arg>
<arg>SK</arg>
<arg>SL</arg>
<arg>SM</arg>
<arg>SN</arg>
<arg>SO</arg>
<arg>SR</arg>
<arg>SS</arg>
<arg>ST</arg>
<arg>SV</arg>
<arg>SX</arg>
<arg>SY</arg>
<arg>SZ</arg>
<arg>TC</arg>
<arg>TD</arg>
<arg>TF</arg>
<arg>TG</arg>
<arg>TH</arg>
<arg>TJ</arg>
<arg>TK</arg>
<arg>TL</arg>
<arg>TM</arg>
<arg>TN</arg>
<arg>TO</arg>
<arg>TR</arg>
<arg>TT</arg>
<arg>TV</arg>
<arg>TW</arg>
<arg>TZ</arg>
<arg>UA</arg>
<arg>UG</arg>
<arg>UM</arg>
<arg>US</arg>
<arg>UY</arg>
<arg>UZ</arg>
<arg>VA</arg>
<arg>VC</arg>
<arg>VE</arg>
<arg>VG</arg>
<arg>VI</arg>
<arg>VN</arg>
<arg>VU</arg>
<arg>WF</arg>
<arg>WS</arg>
<arg>XK</arg>
<arg>YE</arg>
<arg>YT</arg>
<arg>ZA</arg>
<arg>ZM</arg>
<arg>ZW</arg>
<doc>Returns a list containing given items.</doc>
<status status="PASS" start="2024-04-04T07:13:13.965074" elapsed="0.000625"/>
</kw>
<kw name="List Should Contain Value" owner="Collections">
<msg time="2024-04-04T07:13:13.966822" level="INFO">False</msg>
<arg>${list_country}</arg>
<arg>${name_country}</arg>
<doc>Fails if the ``value`` is not found from ``list``.</doc>
<status status="PASS" start="2024-04-04T07:13:13.966618" elapsed="0.000240"/>
</kw>
<kw name="Run Keyword If" owner="BuiltIn">
<kw name="Should Be True" owner="BuiltIn">
<arg>${True}</arg>
<doc>Fails if the given condition is not true.</doc>
<status status="PASS" start="2024-04-04T07:13:13.967962" elapsed="0.000148"/>
</kw>
<arg>${json_data["results"][0]["location"]["coordinates"]["latitude"]} &gt;= -90 and ${json_data["results"][0]["location"]["coordinates"]["latitude"]} &lt;= 90</arg>
<arg>Should Be True</arg>
<arg>${True}</arg>
<doc>Runs the given keyword with the given arguments, if ``condition`` is true.</doc>
<status status="PASS" start="2024-04-04T07:13:13.967174" elapsed="0.001074"/>
</kw>
<kw name="Run Keyword If" owner="BuiltIn">
<kw name="Should Be True" owner="BuiltIn">
<arg>${True}</arg>
<doc>Fails if the given condition is not true.</doc>
<status status="PASS" start="2024-04-04T07:13:13.969137" elapsed="0.000139"/>
</kw>
<arg>${json_data["results"][0]["location"]["coordinates"]["longitude"]} &gt;= -180 and ${json_data["results"][0]["location"]["coordinates"]["longitude"]} &lt;= 180</arg>
<arg>Should Be True</arg>
<arg>${True}</arg>
<doc>Runs the given keyword with the given arguments, if ``condition`` is true.</doc>
<status status="PASS" start="2024-04-04T07:13:13.968434" elapsed="0.000965"/>
</kw>
<status status="PASS" start="2024-04-04T07:13:13.872416" elapsed="0.097114"/>
</kw>
<doc>Testa o conteúdo específico dos campos retornados pela API.</doc>
<tag>testeConteudo</tag>
<status status="PASS" start="2024-04-04T07:13:13.871711" elapsed="0.097976"/>
</test>
<status status="PASS" start="2024-04-04T07:13:12.974232" elapsed="0.997394"/>
</suite>
<status status="PASS" start="2024-04-04T07:13:12.960435" elapsed="1.016534"/>
</suite>
<statistics>
<total>
<stat pass="5" fail="0" skip="0">All Tests</stat>
</total>
<tag>
<stat pass="1" fail="0" skip="0">testeConteudo</stat>
<stat pass="1" fail="0" skip="0">testeEstruturaResposta</stat>
<stat pass="1" fail="0" skip="0">testeRequisicaoBasica</stat>
<stat pass="1" fail="0" skip="0">testeTiposDados</stat>
</tag>
<suite>
<stat pass="5" fail="0" skip="0" id="s1" name="Tests">Tests</stat>
<stat pass="5" fail="0" skip="0" id="s1-s1" name="Random-User-Test">Tests.Random-User-Test</stat>
</suite>
</statistics>
<errors>
</errors>
</robot>
