<?xml version="1.0" encoding="UTF-8"?>
<robot generator="Robot 7.0 (Python 3.12.3 on linux)" generated="2024-04-29T03:15:42.736982" rpa="false" schemaversion="5">
<suite id="s1" name="Tests" source="/home/runner/work/DesafioQAItauRogerioJordao/DesafioQAItauRogerioJordao/RamdonUser/tests">
<suite id="s1-s1" name="Random-User-Test" source="/home/runner/work/DesafioQAItauRogerioJordao/DesafioQAItauRogerioJordao/RamdonUser/tests/random-user-test.robot">
<test id="s1-s1-t1" name="Conectar" line="13">
<kw name="Conectar API" owner="random-user-service">
<kw name="Create Session" owner="RequestsLibrary">
<msg time="2024-04-29T03:15:43.122185" level="INFO">Creating Session using : alias=consultarAPI, url=https://randomuser.me/, headers={},                     cookies={}, auth=None, timeout=None, proxies=None, verify=False,                     debug=0 </msg>
<arg>consultarAPI</arg>
<arg>${URL}</arg>
<doc>Create Session: create a HTTP session to a server</doc>
<status status="PASS" start="2024-04-29T03:15:43.121986" elapsed="0.000395"/>
</kw>
<status status="PASS" start="2024-04-29T03:15:43.121004" elapsed="0.001745"/>
</kw>
<status status="PASS" start="2024-04-29T03:15:43.120433" elapsed="0.002511"/>
</test>
<test id="s1-s1-t2" name="Validar retorno 200 e JSON Válido" line="16">
<kw name="Teste de Requisicao Basica" owner="random-user-service">
<kw name="GET On Session" owner="RequestsLibrary">
<msg time="2024-04-29T03:15:43.219385" level="INFO">GET Request : url=https://randomuser.me/api 
 path_url=/api 
 headers={'User-Agent': 'python-requests/2.31.0', 'Accept-Encoding': 'gzip, deflate', 'Accept': '*/*', 'Connection': 'keep-alive'} 
 body=None 
 </msg>
<msg time="2024-04-29T03:15:43.219533" level="INFO">GET Response : url=https://randomuser.me/api 
 status=200, reason=OK 
 headers={'Date': 'Mon, 29 Apr 2024 03:15:43 GMT', 'Content-Type': 'application/json; charset=utf-8', 'Transfer-Encoding': 'chunked', 'Connection': 'keep-alive', 'X-Powered-By': 'Express', 'Access-Control-Allow-Origin': '*', 'Cache-Control': 'no-cache', 'ETag': 'W/"493-tJwFRYdMBFGg55x32oFyhVPZGGk"', 'Vary': 'Accept-Encoding', 'Content-Encoding': 'gzip', 'CF-Cache-Status': 'DYNAMIC', 'Report-To': '{"endpoints":[{"url":"https:\\/\\/a.nel.cloudflare.com\\/report\\/v4?s=RP0vi2CqiOGqssTVCjXX13ibsEQSB6q4c640%2BOdozjjAhGXH8VtR%2FqgHFPR6ngIRPpXqv%2FrhqJxGa401coZkt3C5u4iz0fsYcCIOFOb%2FytzSgxCZbX9aEdI25CfIq%2BAP"}],"group":"cf-nel","max_age":604800}', 'NEL': '{"success_fraction":0,"report_to":"cf-nel","max_age":604800}', 'Server': 'cloudflare', 'CF-RAY': '87bc2112dec522cd-ORD', 'alt-svc': 'h3=":443"; ma=86400'} 
 body={"results":[{"gender":"male","name":{"title":"Mr","first":"Paul","last":"Newman"},"location":{"street":{"number":4893,"name":"Country Club Rd"},"city":"Columbia","state":"New York","country":"United States","postcode":72998,"coordinates":{"latitude":"88.8578","longitude":"-75.1548"},"timezone":{"offset":"+9:00","description":"Tokyo, Seoul, Osaka, Sapporo, Yakutsk"}},"email":"paul.newman@example.com","login":{"uuid":"cae723ab-0903-4786-9665-18efcc170fcd","username":"happyfrog193","password":"goose","salt":"bLdnBFzv","md5":"99709b9b82874b1a5a5355da3f7caf05","sha1":"846d1881b06f5ff7b3ccf04bdc9cfdc486508661","sha256":"f7b5034013d7f6d46f34bc1bc54f9b43d0539fc9b28b0ce2a118b54f859b538a"},"dob":{"date":"1974-12-11T00:04:54.747Z","age":49},"registered":{"date":"2021-02-16T12:02:52.900Z","age":3},"phone":"(871) 509-8863","cell":"(802) 583-4963","id":{"name":"SSN","value":"413-33-4049"},"picture":{"large":"https://randomuser.me/api/portraits/men/97.jpg","medium":"https://randomuser.me/api/portraits/med/men/97.jpg","thumbnail":"https://randomuser.me/api/portraits/thumb/men/97.jpg"},"nat":"US"}],"info":{"seed":"f77873fd6ddf7dae","results":1,"page":1,"version":"1.4"}} 
 </msg>
<msg time="2024-04-29T03:15:43.219615" level="INFO">/opt/hostedtoolcache/Python/3.12.3/x64/lib/python3.12/site-packages/urllib3/connectionpool.py:1103: InsecureRequestWarning: Unverified HTTPS request is being made to host 'randomuser.me'. Adding certificate verification is strongly advised. See: https://urllib3.readthedocs.io/en/latest/advanced-usage.html#tls-warnings
  warnings.warn(</msg>
<msg time="2024-04-29T03:15:43.219766" level="INFO">${response} = &lt;Response [200]&gt;</msg>
<var>${response}</var>
<arg>consultarAPI</arg>
<arg>/api</arg>
<doc>Sends a GET request on a previously created HTTP Session.</doc>
<status status="PASS" start="2024-04-29T03:15:43.125586" elapsed="0.094222"/>
</kw>
<kw name="Should Be Equal As Numbers" owner="BuiltIn">
<msg time="2024-04-29T03:15:43.220848" level="INFO">Argument types are:
&lt;class 'int'&gt;
&lt;class 'str'&gt;</msg>
<arg>${response.status_code}</arg>
<arg>200</arg>
<doc>Fails if objects are unequal after converting them to real numbers.</doc>
<status status="PASS" start="2024-04-29T03:15:43.220385" elapsed="0.000528"/>
</kw>
<kw name="Log" owner="BuiltIn">
<msg time="2024-04-29T03:15:43.221608" level="INFO">200</msg>
<arg>${response.status_code}</arg>
<doc>Logs the given message with the given level.</doc>
<status status="PASS" start="2024-04-29T03:15:43.221248" elapsed="0.000403"/>
</kw>
<kw name="Set Variable" owner="BuiltIn">
<msg time="2024-04-29T03:15:43.222401" level="INFO">${json_data} = {'results': [{'gender': 'male', 'name': {'title': 'Mr', 'first': 'Paul', 'last': 'Newman'}, 'location': {'street': {'number': 4893, 'name': 'Country Club Rd'}, 'city': 'Columbia', 'state': 'New York',...</msg>
<var>${json_data}</var>
<arg>${response.json()}</arg>
<doc>Returns the given values which can then be assigned to a variables.</doc>
<status status="PASS" start="2024-04-29T03:15:43.221958" elapsed="0.000473"/>
</kw>
<kw name="Dictionary Should Contain Key" owner="Collections">
<msg time="2024-04-29T03:15:43.222901" level="INFO">False</msg>
<arg>${json_data}</arg>
<arg>results</arg>
<doc>Fails if ``key`` is not found from ``dictionary``.</doc>
<status status="PASS" start="2024-04-29T03:15:43.222735" elapsed="0.000206"/>
</kw>
<status status="PASS" start="2024-04-29T03:15:43.125346" elapsed="0.097858"/>
</kw>
<doc>Testa se a API responde corretamente e retorna um objeto JSON válido.</doc>
<tag>testeRequisicaoBasica</tag>
<status status="PASS" start="2024-04-29T03:15:43.124870" elapsed="0.098523"/>
</test>
<test id="s1-s1-t3" name="Validar estrutura de resposta" line="22">
<kw name="Teste de Estrutura de Resposta" owner="random-user-service">
<kw name="GET On Session" owner="RequestsLibrary">
<msg time="2024-04-29T03:15:43.321016" level="INFO">GET Request : url=https://randomuser.me/api 
 path_url=/api 
 headers={'User-Agent': 'python-requests/2.31.0', 'Accept-Encoding': 'gzip, deflate', 'Accept': '*/*', 'Connection': 'keep-alive'} 
 body=None 
 </msg>
<msg time="2024-04-29T03:15:43.321129" level="INFO">GET Response : url=https://randomuser.me/api 
 status=200, reason=OK 
 headers={'Date': 'Mon, 29 Apr 2024 03:15:43 GMT', 'Content-Type': 'application/json; charset=utf-8', 'Transfer-Encoding': 'chunked', 'Connection': 'keep-alive', 'X-Powered-By': 'Express', 'Access-Control-Allow-Origin': '*', 'Cache-Control': 'no-cache', 'ETag': 'W/"497-c9t8YX3spjhTroCxcj/9z+pIt5s"', 'Vary': 'Accept-Encoding', 'Content-Encoding': 'gzip', 'CF-Cache-Status': 'DYNAMIC', 'Report-To': '{"endpoints":[{"url":"https:\\/\\/a.nel.cloudflare.com\\/report\\/v4?s=H7JqTySTr53IeHIiNjkwrgROvDXw%2BXtdnm0QVuE1w5oNix07PKMipqPGPrAeGOlVOuBxvssH9LYAW0Vwunqy50XSXt988RBYZn5d%2BS6p3jgCyhidRzCxSnW00ajuqb%2BS"}],"group":"cf-nel","max_age":604800}', 'NEL': '{"success_fraction":0,"report_to":"cf-nel","max_age":604800}', 'Server': 'cloudflare', 'CF-RAY': '87bc21132f2722cd-ORD', 'alt-svc': 'h3=":443"; ma=86400'} 
 body={"results":[{"gender":"male","name":{"title":"Mr","first":"Victor","last":"Taylor"},"location":{"street":{"number":712,"name":"St. Lawrence Ave"},"city":"Delta","state":"Québec","country":"Canada","postcode":"T4C 9L6","coordinates":{"latitude":"-71.7322","longitude":"-65.4800"},"timezone":{"offset":"0:00","description":"Western Europe Time, London, Lisbon, Casablanca"}},"email":"victor.taylor@example.com","login":{"uuid":"ee71d4c6-4395-413e-b266-4f23c8cf2764","username":"happykoala339","password":"birgit","salt":"pnKthn6n","md5":"f867df308299a2ebf3e712f7b5f46f04","sha1":"78d70580f15cb232540a0d6c9958738012612c0d","sha256":"1bb30b520d6473140b51abb3e5aef79292e0027f4d87aa59080e519c2142057c"},"dob":{"date":"1997-11-16T16:30:14.463Z","age":26},"registered":{"date":"2005-01-18T01:09:27.890Z","age":19},"phone":"U57 Y14-3291","cell":"D38 I54-4299","id":{"name":"SIN","value":"851497073"},"picture":{"large":"https://randomuser.me/api/portraits/men/22.jpg","medium":"https://randomuser.me/api/portraits/med/men/22.jpg","thumbnail":"https://randomuser.me/api/portraits/thumb/men/22.jpg"},"nat":"CA"}],"info":{"seed":"06b95e50df30d398","results":1,"page":1,"version":"1.4"}} 
 </msg>
<msg time="2024-04-29T03:15:43.321283" level="INFO">/opt/hostedtoolcache/Python/3.12.3/x64/lib/python3.12/site-packages/urllib3/connectionpool.py:1103: InsecureRequestWarning: Unverified HTTPS request is being made to host 'randomuser.me'. Adding certificate verification is strongly advised. See: https://urllib3.readthedocs.io/en/latest/advanced-usage.html#tls-warnings
  warnings.warn(</msg>
<msg time="2024-04-29T03:15:43.321427" level="INFO">${response} = &lt;Response [200]&gt;</msg>
<var>${response}</var>
<arg>consultarAPI</arg>
<arg>/api</arg>
<doc>Sends a GET request on a previously created HTTP Session.</doc>
<status status="PASS" start="2024-04-29T03:15:43.226412" elapsed="0.095058"/>
</kw>
<kw name="Set Variable" owner="BuiltIn">
<msg time="2024-04-29T03:15:43.322716" level="INFO">${json_data} = {'results': [{'gender': 'male', 'name': {'title': 'Mr', 'first': 'Victor', 'last': 'Taylor'}, 'location': {'street': {'number': 712, 'name': 'St. Lawrence Ave'}, 'city': 'Delta', 'state': 'Québec', 'c...</msg>
<var>${json_data}</var>
<arg>${response.json()}</arg>
<doc>Returns the given values which can then be assigned to a variables.</doc>
<status status="PASS" start="2024-04-29T03:15:43.322098" elapsed="0.000649"/>
</kw>
<kw name="Log" owner="BuiltIn">
<msg time="2024-04-29T03:15:43.323238" level="INFO">{'results': [{'gender': 'male', 'name': {'title': 'Mr', 'first': 'Victor', 'last': 'Taylor'}, 'location': {'street': {'number': 712, 'name': 'St. Lawrence Ave'}, 'city': 'Delta', 'state': 'Québec', 'country': 'Canada', 'postcode': 'T4C 9L6', 'coordinates': {'latitude': '-71.7322', 'longitude': '-65.4800'}, 'timezone': {'offset': '0:00', 'description': 'Western Europe Time, London, Lisbon, Casablanca'}}, 'email': 'victor.taylor@example.com', 'login': {'uuid': 'ee71d4c6-4395-413e-b266-4f23c8cf2764', 'username': 'happykoala339', 'password': 'birgit', 'salt': 'pnKthn6n', 'md5': 'f867df308299a2ebf3e712f7b5f46f04', 'sha1': '78d70580f15cb232540a0d6c9958738012612c0d', 'sha256': '1bb30b520d6473140b51abb3e5aef79292e0027f4d87aa59080e519c2142057c'}, 'dob': {'date': '1997-11-16T16:30:14.463Z', 'age': 26}, 'registered': {'date': '2005-01-18T01:09:27.890Z', 'age': 19}, 'phone': 'U57 Y14-3291', 'cell': 'D38 I54-4299', 'id': {'name': 'SIN', 'value': '851497073'}, 'picture': {'large': 'https://randomuser.me/api/portraits/men/22.jpg', 'medium': 'https://randomuser.me/api/portraits/med/men/22.jpg', 'thumbnail': 'https://randomuser.me/api/portraits/thumb/men/22.jpg'}, 'nat': 'CA'}], 'info': {'seed': '06b95e50df30d398', 'results': 1, 'page': 1, 'version': '1.4'}}</msg>
<arg>${json_data}</arg>
<doc>Logs the given message with the given level.</doc>
<status status="PASS" start="2024-04-29T03:15:43.323072" elapsed="0.000217"/>
</kw>
<kw name="Dictionary Should Contain Key" owner="Collections">
<msg time="2024-04-29T03:15:43.323751" level="INFO">False</msg>
<arg>${json_data}</arg>
<arg>results</arg>
<doc>Fails if ``key`` is not found from ``dictionary``.</doc>
<status status="PASS" start="2024-04-29T03:15:43.323592" elapsed="0.000197"/>
</kw>
<kw name="Should Not Be Empty" owner="BuiltIn">
<msg time="2024-04-29T03:15:43.324258" level="INFO">Length is 2.</msg>
<arg>${json_data}</arg>
<doc>Verifies that the given item is not empty.</doc>
<status status="PASS" start="2024-04-29T03:15:43.324083" elapsed="0.000223"/>
</kw>
<kw name="Create List" owner="BuiltIn">
<msg time="2024-04-29T03:15:43.324910" level="INFO">${expected_keys} = ['gender', 'name', 'location', 'email', 'login']</msg>
<var>${expected_keys}</var>
<arg>gender</arg>
<arg>name</arg>
<arg>location</arg>
<arg>email</arg>
<arg>login</arg>
<doc>Returns a list containing given items.</doc>
<status status="PASS" start="2024-04-29T03:15:43.324601" elapsed="0.000334"/>
</kw>
<for flavor="IN">
<iter>
<kw name="Dictionary Should Contain Key" owner="Collections">
<msg time="2024-04-29T03:15:43.325936" level="INFO">False</msg>
<arg>${json_data['results'][0]}</arg>
<arg>${key}</arg>
<doc>Fails if ``key`` is not found from ``dictionary``.</doc>
<status status="PASS" start="2024-04-29T03:15:43.325532" elapsed="0.000443"/>
</kw>
<kw name="Log" owner="BuiltIn">
<msg time="2024-04-29T03:15:43.326654" level="INFO">{'gender': 'male', 'name': {'title': 'Mr', 'first': 'Victor', 'last': 'Taylor'}, 'location': {'street': {'number': 712, 'name': 'St. Lawrence Ave'}, 'city': 'Delta', 'state': 'Québec', 'country': 'Canada', 'postcode': 'T4C 9L6', 'coordinates': {'latitude': '-71.7322', 'longitude': '-65.4800'}, 'timezone': {'offset': '0:00', 'description': 'Western Europe Time, London, Lisbon, Casablanca'}}, 'email': 'victor.taylor@example.com', 'login': {'uuid': 'ee71d4c6-4395-413e-b266-4f23c8cf2764', 'username': 'happykoala339', 'password': 'birgit', 'salt': 'pnKthn6n', 'md5': 'f867df308299a2ebf3e712f7b5f46f04', 'sha1': '78d70580f15cb232540a0d6c9958738012612c0d', 'sha256': '1bb30b520d6473140b51abb3e5aef79292e0027f4d87aa59080e519c2142057c'}, 'dob': {'date': '1997-11-16T16:30:14.463Z', 'age': 26}, 'registered': {'date': '2005-01-18T01:09:27.890Z', 'age': 19}, 'phone': 'U57 Y14-3291', 'cell': 'D38 I54-4299', 'id': {'name': 'SIN', 'value': '851497073'}, 'picture': {'large': 'https://randomuser.me/api/portraits/men/22.jpg', 'medium': 'https://randomuser.me/api/portraits/med/men/22.jpg', 'thumbnail': 'https://randomuser.me/api/portraits/thumb/men/22.jpg'}, 'nat': 'CA'}</msg>
<arg>${json_data['results'][0]}</arg>
<doc>Logs the given message with the given level.</doc>
<status status="PASS" start="2024-04-29T03:15:43.326280" elapsed="0.000424"/>
</kw>
<kw name="Log" owner="BuiltIn">
<msg time="2024-04-29T03:15:43.327125" level="INFO">gender</msg>
<arg>${key}</arg>
<doc>Logs the given message with the given level.</doc>
<status status="PASS" start="2024-04-29T03:15:43.326997" elapsed="0.000165"/>
</kw>
<var name="${key}">gender</var>
<status status="PASS" start="2024-04-29T03:15:43.325406" elapsed="0.001969"/>
</iter>
<iter>
<kw name="Dictionary Should Contain Key" owner="Collections">
<msg time="2024-04-29T03:15:43.328064" level="INFO">False</msg>
<arg>${json_data['results'][0]}</arg>
<arg>${key}</arg>
<doc>Fails if ``key`` is not found from ``dictionary``.</doc>
<status status="PASS" start="2024-04-29T03:15:43.327676" elapsed="0.000425"/>
</kw>
<kw name="Log" owner="BuiltIn">
<msg time="2024-04-29T03:15:43.328823" level="INFO">{'gender': 'male', 'name': {'title': 'Mr', 'first': 'Victor', 'last': 'Taylor'}, 'location': {'street': {'number': 712, 'name': 'St. Lawrence Ave'}, 'city': 'Delta', 'state': 'Québec', 'country': 'Canada', 'postcode': 'T4C 9L6', 'coordinates': {'latitude': '-71.7322', 'longitude': '-65.4800'}, 'timezone': {'offset': '0:00', 'description': 'Western Europe Time, London, Lisbon, Casablanca'}}, 'email': 'victor.taylor@example.com', 'login': {'uuid': 'ee71d4c6-4395-413e-b266-4f23c8cf2764', 'username': 'happykoala339', 'password': 'birgit', 'salt': 'pnKthn6n', 'md5': 'f867df308299a2ebf3e712f7b5f46f04', 'sha1': '78d70580f15cb232540a0d6c9958738012612c0d', 'sha256': '1bb30b520d6473140b51abb3e5aef79292e0027f4d87aa59080e519c2142057c'}, 'dob': {'date': '1997-11-16T16:30:14.463Z', 'age': 26}, 'registered': {'date': '2005-01-18T01:09:27.890Z', 'age': 19}, 'phone': 'U57 Y14-3291', 'cell': 'D38 I54-4299', 'id': {'name': 'SIN', 'value': '851497073'}, 'picture': {'large': 'https://randomuser.me/api/portraits/men/22.jpg', 'medium': 'https://randomuser.me/api/portraits/med/men/22.jpg', 'thumbnail': 'https://randomuser.me/api/portraits/thumb/men/22.jpg'}, 'nat': 'CA'}</msg>
<arg>${json_data['results'][0]}</arg>
<doc>Logs the given message with the given level.</doc>
<status status="PASS" start="2024-04-29T03:15:43.328449" elapsed="0.000423"/>
</kw>
<kw name="Log" owner="BuiltIn">
<msg time="2024-04-29T03:15:43.329298" level="INFO">name</msg>
<arg>${key}</arg>
<doc>Logs the given message with the given level.</doc>
<status status="PASS" start="2024-04-29T03:15:43.329169" elapsed="0.000166"/>
</kw>
<var name="${key}">name</var>
<status status="PASS" start="2024-04-29T03:15:43.327561" elapsed="0.001986"/>
</iter>
<iter>
<kw name="Dictionary Should Contain Key" owner="Collections">
<msg time="2024-04-29T03:15:43.330220" level="INFO">False</msg>
<arg>${json_data['results'][0]}</arg>
<arg>${key}</arg>
<doc>Fails if ``key`` is not found from ``dictionary``.</doc>
<status status="PASS" start="2024-04-29T03:15:43.329833" elapsed="0.000425"/>
</kw>
<kw name="Log" owner="BuiltIn">
<msg time="2024-04-29T03:15:43.330908" level="INFO">{'gender': 'male', 'name': {'title': 'Mr', 'first': 'Victor', 'last': 'Taylor'}, 'location': {'street': {'number': 712, 'name': 'St. Lawrence Ave'}, 'city': 'Delta', 'state': 'Québec', 'country': 'Canada', 'postcode': 'T4C 9L6', 'coordinates': {'latitude': '-71.7322', 'longitude': '-65.4800'}, 'timezone': {'offset': '0:00', 'description': 'Western Europe Time, London, Lisbon, Casablanca'}}, 'email': 'victor.taylor@example.com', 'login': {'uuid': 'ee71d4c6-4395-413e-b266-4f23c8cf2764', 'username': 'happykoala339', 'password': 'birgit', 'salt': 'pnKthn6n', 'md5': 'f867df308299a2ebf3e712f7b5f46f04', 'sha1': '78d70580f15cb232540a0d6c9958738012612c0d', 'sha256': '1bb30b520d6473140b51abb3e5aef79292e0027f4d87aa59080e519c2142057c'}, 'dob': {'date': '1997-11-16T16:30:14.463Z', 'age': 26}, 'registered': {'date': '2005-01-18T01:09:27.890Z', 'age': 19}, 'phone': 'U57 Y14-3291', 'cell': 'D38 I54-4299', 'id': {'name': 'SIN', 'value': '851497073'}, 'picture': {'large': 'https://randomuser.me/api/portraits/men/22.jpg', 'medium': 'https://randomuser.me/api/portraits/med/men/22.jpg', 'thumbnail': 'https://randomuser.me/api/portraits/thumb/men/22.jpg'}, 'nat': 'CA'}</msg>
<arg>${json_data['results'][0]}</arg>
<doc>Logs the given message with the given level.</doc>
<status status="PASS" start="2024-04-29T03:15:43.330548" elapsed="0.000409"/>
</kw>
<kw name="Log" owner="BuiltIn">
<msg time="2024-04-29T03:15:43.331374" level="INFO">location</msg>
<arg>${key}</arg>
<doc>Logs the given message with the given level.</doc>
<status status="PASS" start="2024-04-29T03:15:43.331248" elapsed="0.000164"/>
</kw>
<var name="${key}">location</var>
<status status="PASS" start="2024-04-29T03:15:43.329721" elapsed="0.001903"/>
</iter>
<iter>
<kw name="Dictionary Should Contain Key" owner="Collections">
<msg time="2024-04-29T03:15:43.332319" level="INFO">False</msg>
<arg>${json_data['results'][0]}</arg>
<arg>${key}</arg>
<doc>Fails if ``key`` is not found from ``dictionary``.</doc>
<status status="PASS" start="2024-04-29T03:15:43.331904" elapsed="0.000453"/>
</kw>
<kw name="Log" owner="BuiltIn">
<msg time="2024-04-29T03:15:43.333021" level="INFO">{'gender': 'male', 'name': {'title': 'Mr', 'first': 'Victor', 'last': 'Taylor'}, 'location': {'street': {'number': 712, 'name': 'St. Lawrence Ave'}, 'city': 'Delta', 'state': 'Québec', 'country': 'Canada', 'postcode': 'T4C 9L6', 'coordinates': {'latitude': '-71.7322', 'longitude': '-65.4800'}, 'timezone': {'offset': '0:00', 'description': 'Western Europe Time, London, Lisbon, Casablanca'}}, 'email': 'victor.taylor@example.com', 'login': {'uuid': 'ee71d4c6-4395-413e-b266-4f23c8cf2764', 'username': 'happykoala339', 'password': 'birgit', 'salt': 'pnKthn6n', 'md5': 'f867df308299a2ebf3e712f7b5f46f04', 'sha1': '78d70580f15cb232540a0d6c9958738012612c0d', 'sha256': '1bb30b520d6473140b51abb3e5aef79292e0027f4d87aa59080e519c2142057c'}, 'dob': {'date': '1997-11-16T16:30:14.463Z', 'age': 26}, 'registered': {'date': '2005-01-18T01:09:27.890Z', 'age': 19}, 'phone': 'U57 Y14-3291', 'cell': 'D38 I54-4299', 'id': {'name': 'SIN', 'value': '851497073'}, 'picture': {'large': 'https://randomuser.me/api/portraits/men/22.jpg', 'medium': 'https://randomuser.me/api/portraits/med/men/22.jpg', 'thumbnail': 'https://randomuser.me/api/portraits/thumb/men/22.jpg'}, 'nat': 'CA'}</msg>
<arg>${json_data['results'][0]}</arg>
<doc>Logs the given message with the given level.</doc>
<status status="PASS" start="2024-04-29T03:15:43.332653" elapsed="0.000417"/>
</kw>
<kw name="Log" owner="BuiltIn">
<msg time="2024-04-29T03:15:43.333494" level="INFO">email</msg>
<arg>${key}</arg>
<doc>Logs the given message with the given level.</doc>
<status status="PASS" start="2024-04-29T03:15:43.333360" elapsed="0.000171"/>
</kw>
<var name="${key}">email</var>
<status status="PASS" start="2024-04-29T03:15:43.331795" elapsed="0.001951"/>
</iter>
<iter>
<kw name="Dictionary Should Contain Key" owner="Collections">
<msg time="2024-04-29T03:15:43.334417" level="INFO">False</msg>
<arg>${json_data['results'][0]}</arg>
<arg>${key}</arg>
<doc>Fails if ``key`` is not found from ``dictionary``.</doc>
<status status="PASS" start="2024-04-29T03:15:43.334027" elapsed="0.000428"/>
</kw>
<kw name="Log" owner="BuiltIn">
<msg time="2024-04-29T03:15:43.335125" level="INFO">{'gender': 'male', 'name': {'title': 'Mr', 'first': 'Victor', 'last': 'Taylor'}, 'location': {'street': {'number': 712, 'name': 'St. Lawrence Ave'}, 'city': 'Delta', 'state': 'Québec', 'country': 'Canada', 'postcode': 'T4C 9L6', 'coordinates': {'latitude': '-71.7322', 'longitude': '-65.4800'}, 'timezone': {'offset': '0:00', 'description': 'Western Europe Time, London, Lisbon, Casablanca'}}, 'email': 'victor.taylor@example.com', 'login': {'uuid': 'ee71d4c6-4395-413e-b266-4f23c8cf2764', 'username': 'happykoala339', 'password': 'birgit', 'salt': 'pnKthn6n', 'md5': 'f867df308299a2ebf3e712f7b5f46f04', 'sha1': '78d70580f15cb232540a0d6c9958738012612c0d', 'sha256': '1bb30b520d6473140b51abb3e5aef79292e0027f4d87aa59080e519c2142057c'}, 'dob': {'date': '1997-11-16T16:30:14.463Z', 'age': 26}, 'registered': {'date': '2005-01-18T01:09:27.890Z', 'age': 19}, 'phone': 'U57 Y14-3291', 'cell': 'D38 I54-4299', 'id': {'name': 'SIN', 'value': '851497073'}, 'picture': {'large': 'https://randomuser.me/api/portraits/men/22.jpg', 'medium': 'https://randomuser.me/api/portraits/med/men/22.jpg', 'thumbnail': 'https://randomuser.me/api/portraits/thumb/men/22.jpg'}, 'nat': 'CA'}</msg>
<arg>${json_data['results'][0]}</arg>
<doc>Logs the given message with the given level.</doc>
<status status="PASS" start="2024-04-29T03:15:43.334760" elapsed="0.000414"/>
</kw>
<kw name="Log" owner="BuiltIn">
<msg time="2024-04-29T03:15:43.335595" level="INFO">login</msg>
<arg>${key}</arg>
<doc>Logs the given message with the given level.</doc>
<status status="PASS" start="2024-04-29T03:15:43.335469" elapsed="0.000164"/>
</kw>
<var name="${key}">login</var>
<status status="PASS" start="2024-04-29T03:15:43.333916" elapsed="0.001951"/>
</iter>
<var>${key}</var>
<value>@{expected_keys}</value>
<status status="PASS" start="2024-04-29T03:15:43.325208" elapsed="0.010784"/>
</for>
<kw name="Create List" owner="BuiltIn">
<msg time="2024-04-29T03:15:43.336343" level="INFO">${expected_keysTwo} = ['username', 'password']</msg>
<var>${expected_keysTwo}</var>
<arg>username</arg>
<arg>password</arg>
<doc>Returns a list containing given items.</doc>
<status status="PASS" start="2024-04-29T03:15:43.336205" elapsed="0.000162"/>
</kw>
<for flavor="IN">
<iter>
<kw name="Dictionary Should Contain Key" owner="Collections">
<msg time="2024-04-29T03:15:43.337253" level="INFO">False</msg>
<arg>${json_data['results'][0]['login']}</arg>
<arg>${keyTwo}</arg>
<doc>Fails if ``key`` is not found from ``dictionary``.</doc>
<status status="PASS" start="2024-04-29T03:15:43.336862" elapsed="0.000429"/>
</kw>
<kw name="Dictionary Should Contain Key" owner="Collections">
<msg time="2024-04-29T03:15:43.337971" level="INFO">False</msg>
<arg>${json_data['results'][0]['login']}</arg>
<arg>${keyTwo}</arg>
<doc>Fails if ``key`` is not found from ``dictionary``.</doc>
<status status="PASS" start="2024-04-29T03:15:43.337582" elapsed="0.000425"/>
</kw>
<kw name="Log" owner="BuiltIn">
<msg time="2024-04-29T03:15:43.338419" level="INFO">username</msg>
<arg>${keyTwo}</arg>
<doc>Logs the given message with the given level.</doc>
<status status="PASS" start="2024-04-29T03:15:43.338294" elapsed="0.000168"/>
</kw>
<var name="${keyTwo}">username</var>
<status status="PASS" start="2024-04-29T03:15:43.336753" elapsed="0.001922"/>
</iter>
<iter>
<kw name="Dictionary Should Contain Key" owner="Collections">
<msg time="2024-04-29T03:15:43.339335" level="INFO">False</msg>
<arg>${json_data['results'][0]['login']}</arg>
<arg>${keyTwo}</arg>
<doc>Fails if ``key`` is not found from ``dictionary``.</doc>
<status status="PASS" start="2024-04-29T03:15:43.338954" elapsed="0.000424"/>
</kw>
<kw name="Dictionary Should Contain Key" owner="Collections">
<msg time="2024-04-29T03:15:43.340126" level="INFO">False</msg>
<arg>${json_data['results'][0]['login']}</arg>
<arg>${keyTwo}</arg>
<doc>Fails if ``key`` is not found from ``dictionary``.</doc>
<status status="PASS" start="2024-04-29T03:15:43.339668" elapsed="0.000514"/>
</kw>
<kw name="Log" owner="BuiltIn">
<msg time="2024-04-29T03:15:43.340621" level="INFO">password</msg>
<arg>${keyTwo}</arg>
<doc>Logs the given message with the given level.</doc>
<status status="PASS" start="2024-04-29T03:15:43.340492" elapsed="0.000168"/>
</kw>
<var name="${keyTwo}">password</var>
<status status="PASS" start="2024-04-29T03:15:43.338845" elapsed="0.002031"/>
</iter>
<var>${keyTwo}</var>
<value>@{expected_keysTwo}</value>
<status status="PASS" start="2024-04-29T03:15:43.336602" elapsed="0.004395"/>
</for>
<status status="PASS" start="2024-04-29T03:15:43.226067" elapsed="0.115074"/>
</kw>
<doc>Testa a estrutura da resposta da API.</doc>
<tag>testeEstruturaResposta</tag>
<status status="PASS" start="2024-04-29T03:15:43.225283" elapsed="0.116016"/>
</test>
<test id="s1-s1-t4" name="Validar tipos de dados" line="28">
<kw name="Teste de Tipos de Dados" owner="random-user-service">
<kw name="GET On Session" owner="RequestsLibrary">
<msg time="2024-04-29T03:15:43.420815" level="INFO">GET Request : url=https://randomuser.me/api 
 path_url=/api 
 headers={'User-Agent': 'python-requests/2.31.0', 'Accept-Encoding': 'gzip, deflate', 'Accept': '*/*', 'Connection': 'keep-alive'} 
 body=None 
 </msg>
<msg time="2024-04-29T03:15:43.420913" level="INFO">GET Response : url=https://randomuser.me/api 
 status=200, reason=OK 
 headers={'Date': 'Mon, 29 Apr 2024 03:15:43 GMT', 'Content-Type': 'application/json; charset=utf-8', 'Transfer-Encoding': 'chunked', 'Connection': 'keep-alive', 'X-Powered-By': 'Express', 'Access-Control-Allow-Origin': '*', 'Cache-Control': 'no-cache', 'ETag': 'W/"488-xpKmQ7MhttvrabjF2M3svj2MmwM"', 'Vary': 'Accept-Encoding', 'Content-Encoding': 'gzip', 'CF-Cache-Status': 'DYNAMIC', 'Report-To': '{"endpoints":[{"url":"https:\\/\\/a.nel.cloudflare.com\\/report\\/v4?s=1kTJlIhAsGmGYQ3aa2wlBc8O1DDZCAURXxqjGoCqQYUAARkjAnb7YLuCyDCLfbL3F0CrUnD0yy0OuC1sbvhs3LbKybDrsfctqQPcOtxo81qvSTYbN2J7C3tIv2g4sRl%2B"}],"group":"cf-nel","max_age":604800}', 'NEL': '{"success_fraction":0,"report_to":"cf-nel","max_age":604800}', 'Server': 'cloudflare', 'CF-RAY': '87bc2113e83022cd-ORD', 'alt-svc': 'h3=":443"; ma=86400'} 
 body={"results":[{"gender":"male","name":{"title":"Mr","first":"Elias","last":"Backe"},"location":{"street":{"number":6432,"name":"Gina Krogs vei"},"city":"Bruflat","state":"Vest-Agder","country":"Norway","postcode":"9254","coordinates":{"latitude":"43.3871","longitude":"-112.7409"},"timezone":{"offset":"-6:00","description":"Central Time (US &amp; Canada), Mexico City"}},"email":"elias.backe@example.com","login":{"uuid":"303a41e8-f9f2-4074-9e8e-502eb3c1bbc8","username":"orangetiger407","password":"ulysses","salt":"8L0iaCsK","md5":"a54c9ccb56ca0cf8eda87d934de8a1f6","sha1":"18178c0af68c3263487bbd615a06bd792fb40dae","sha256":"e95340dd3a79e59471e6198b3be11536fd1e3d167155cd9902d454c28b65099c"},"dob":{"date":"1945-09-05T22:14:10.120Z","age":78},"registered":{"date":"2005-08-06T00:37:25.185Z","age":18},"phone":"72816675","cell":"95640527","id":{"name":"FN","value":"05094532355"},"picture":{"large":"https://randomuser.me/api/portraits/men/90.jpg","medium":"https://randomuser.me/api/portraits/med/men/90.jpg","thumbnail":"https://randomuser.me/api/portraits/thumb/men/90.jpg"},"nat":"NO"}],"info":{"seed":"6dbccc42efd092c6","results":1,"page":1,"version":"1.4"}} 
 </msg>
<msg time="2024-04-29T03:15:43.420987" level="INFO">/opt/hostedtoolcache/Python/3.12.3/x64/lib/python3.12/site-packages/urllib3/connectionpool.py:1103: InsecureRequestWarning: Unverified HTTPS request is being made to host 'randomuser.me'. Adding certificate verification is strongly advised. See: https://urllib3.readthedocs.io/en/latest/advanced-usage.html#tls-warnings
  warnings.warn(</msg>
<msg time="2024-04-29T03:15:43.421110" level="INFO">${response} = &lt;Response [200]&gt;</msg>
<var>${response}</var>
<arg>consultarAPI</arg>
<arg>/api</arg>
<doc>Sends a GET request on a previously created HTTP Session.</doc>
<status status="PASS" start="2024-04-29T03:15:43.343878" elapsed="0.077272"/>
</kw>
<kw name="Set Variable" owner="BuiltIn">
<msg time="2024-04-29T03:15:43.422313" level="INFO">${json_data} = {'results': [{'gender': 'male', 'name': {'title': 'Mr', 'first': 'Elias', 'last': 'Backe'}, 'location': {'street': {'number': 6432, 'name': 'Gina Krogs vei'}, 'city': 'Bruflat', 'state': 'Vest-Agder',...</msg>
<var>${json_data}</var>
<arg>${response.json()}</arg>
<doc>Returns the given values which can then be assigned to a variables.</doc>
<status status="PASS" start="2024-04-29T03:15:43.421761" elapsed="0.000582"/>
</kw>
<kw name="Log" owner="BuiltIn">
<msg time="2024-04-29T03:15:43.422806" level="INFO">{'results': [{'gender': 'male', 'name': {'title': 'Mr', 'first': 'Elias', 'last': 'Backe'}, 'location': {'street': {'number': 6432, 'name': 'Gina Krogs vei'}, 'city': 'Bruflat', 'state': 'Vest-Agder', 'country': 'Norway', 'postcode': '9254', 'coordinates': {'latitude': '43.3871', 'longitude': '-112.7409'}, 'timezone': {'offset': '-6:00', 'description': 'Central Time (US &amp; Canada), Mexico City'}}, 'email': 'elias.backe@example.com', 'login': {'uuid': '303a41e8-f9f2-4074-9e8e-502eb3c1bbc8', 'username': 'orangetiger407', 'password': 'ulysses', 'salt': '8L0iaCsK', 'md5': 'a54c9ccb56ca0cf8eda87d934de8a1f6', 'sha1': '18178c0af68c3263487bbd615a06bd792fb40dae', 'sha256': 'e95340dd3a79e59471e6198b3be11536fd1e3d167155cd9902d454c28b65099c'}, 'dob': {'date': '1945-09-05T22:14:10.120Z', 'age': 78}, 'registered': {'date': '2005-08-06T00:37:25.185Z', 'age': 18}, 'phone': '72816675', 'cell': '95640527', 'id': {'name': 'FN', 'value': '05094532355'}, 'picture': {'large': 'https://randomuser.me/api/portraits/men/90.jpg', 'medium': 'https://randomuser.me/api/portraits/med/men/90.jpg', 'thumbnail': 'https://randomuser.me/api/portraits/thumb/men/90.jpg'}, 'nat': 'NO'}], 'info': {'seed': '6dbccc42efd092c6', 'results': 1, 'page': 1, 'version': '1.4'}}</msg>
<arg>${json_data}</arg>
<doc>Logs the given message with the given level.</doc>
<status status="PASS" start="2024-04-29T03:15:43.422649" elapsed="0.000242"/>
</kw>
<kw name="Should Be String" owner="String">
<arg>${json_data['results'][0]['gender']}</arg>
<doc>Fails if the given ``item`` is not a string.</doc>
<status status="PASS" start="2024-04-29T03:15:43.423195" elapsed="0.000370"/>
</kw>
<kw name="Should Match Regexp" owner="BuiltIn">
<arg>${json_data['results'][0]['email']}</arg>
<arg>^[a-zA-Z0-9._%+-]+@[a-zA-Z0-9.-]+\.[a-zA-Z]{2,}$</arg>
<doc>Fails if ``string`` does not match ``pattern`` as a regular expression.</doc>
<status status="PASS" start="2024-04-29T03:15:43.423759" elapsed="0.000559"/>
</kw>
<kw name="Should Match Regexp" owner="BuiltIn">
<arg>${json_data['results'][0]['dob']['date']}</arg>
<arg>\\d{4}-\\d{2}-\\d{2}T\\d{2}:\\d{2}:\\d{2}\\.\\d{3}Z</arg>
<doc>Fails if ``string`` does not match ``pattern`` as a regular expression.</doc>
<status status="PASS" start="2024-04-29T03:15:43.424520" elapsed="0.000489"/>
</kw>
<kw name="Should Match Regexp" owner="BuiltIn">
<arg>${json_data['results'][0]['registered']['date']}</arg>
<arg>\\d{4}-\\d{2}-\\d{2}T\\d{2}:\\d{2}:\\d{2}\\.\\d{3}Z</arg>
<doc>Fails if ``string`` does not match ``pattern`` as a regular expression.</doc>
<status status="PASS" start="2024-04-29T03:15:43.425201" elapsed="0.000368"/>
</kw>
<kw name="Should Match Regexp" owner="BuiltIn">
<arg>${json_data['results'][0]['picture']['large']}</arg>
<arg>^https?://.*\.(?:png|jpe?g|gif|bmp)$</arg>
<doc>Fails if ``string`` does not match ``pattern`` as a regular expression.</doc>
<status status="PASS" start="2024-04-29T03:15:43.425757" elapsed="0.000467"/>
</kw>
<kw name="Should Match Regexp" owner="BuiltIn">
<arg>${json_data['results'][0]['picture']['medium']}</arg>
<arg>^https?://.*\.(?:png|jpe?g|gif|bmp)$</arg>
<doc>Fails if ``string`` does not match ``pattern`` as a regular expression.</doc>
<status status="PASS" start="2024-04-29T03:15:43.426415" elapsed="0.000364"/>
</kw>
<kw name="Should Match Regexp" owner="BuiltIn">
<arg>${json_data['results'][0]['picture']['thumbnail']}</arg>
<arg>^https?://.*\.(?:png|jpe?g|gif|bmp)$</arg>
<doc>Fails if ``string`` does not match ``pattern`` as a regular expression.</doc>
<status status="PASS" start="2024-04-29T03:15:43.426972" elapsed="0.000354"/>
</kw>
<kw name="Log" owner="BuiltIn">
<msg time="2024-04-29T03:15:43.427822" level="INFO">{'large': 'https://randomuser.me/api/portraits/men/90.jpg', 'medium': 'https://randomuser.me/api/portraits/med/men/90.jpg', 'thumbnail': 'https://randomuser.me/api/portraits/thumb/men/90.jpg'}</msg>
<arg>${json_data['results'][0]['picture']}</arg>
<doc>Logs the given message with the given level.</doc>
<status status="PASS" start="2024-04-29T03:15:43.427504" elapsed="0.000359"/>
</kw>
<status status="PASS" start="2024-04-29T03:15:43.343639" elapsed="0.084480"/>
</kw>
<kw name="Teste de Tipos de Dados - Postcode" owner="random-user-service">
<kw name="GET On Session" owner="RequestsLibrary">
<msg time="2024-04-29T03:15:43.524494" level="INFO">GET Request : url=https://randomuser.me/api 
 path_url=/api 
 headers={'User-Agent': 'python-requests/2.31.0', 'Accept-Encoding': 'gzip, deflate', 'Accept': '*/*', 'Connection': 'keep-alive'} 
 body=None 
 </msg>
<msg time="2024-04-29T03:15:43.524601" level="INFO">GET Response : url=https://randomuser.me/api 
 status=200, reason=OK 
 headers={'Date': 'Mon, 29 Apr 2024 03:15:43 GMT', 'Content-Type': 'application/json; charset=utf-8', 'Transfer-Encoding': 'chunked', 'Connection': 'keep-alive', 'X-Powered-By': 'Express', 'Access-Control-Allow-Origin': '*', 'Cache-Control': 'no-cache', 'ETag': 'W/"49a-jU5UjBWGDLKpQOBOW1ukpv1AXUw"', 'Vary': 'Accept-Encoding', 'Content-Encoding': 'gzip', 'CF-Cache-Status': 'DYNAMIC', 'Report-To': '{"endpoints":[{"url":"https:\\/\\/a.nel.cloudflare.com\\/report\\/v4?s=Y0UEuh0ZZaE%2BIsaHUP%2FHlLw3MK1PCEPiSGsDz0O1pPF1ReW8cggp2JMRkjZsyIC%2FcgP%2BG6FoJqCzCA7ZhezrkNSsE0zUAybNvhnH1xDV4aza8%2FDQ3n9sEFzUilKuwWVB"}],"group":"cf-nel","max_age":604800}', 'NEL': '{"success_fraction":0,"report_to":"cf-nel","max_age":604800}', 'Server': 'cloudflare', 'CF-RAY': '87bc211478e922cd-ORD', 'alt-svc': 'h3=":443"; ma=86400'} 
 body={"results":[{"gender":"male","name":{"title":"Mr","first":"Charbel","last":"Caldeira"},"location":{"street":{"number":7603,"name":"Rua Boa Vista "},"city":"Campo Grande","state":"Alagoas","country":"Brazil","postcode":30508,"coordinates":{"latitude":"-73.0977","longitude":"-68.6638"},"timezone":{"offset":"+10:00","description":"Eastern Australia, Guam, Vladivostok"}},"email":"charbel.caldeira@example.com","login":{"uuid":"31fc2303-f82e-4340-9730-11f19026685b","username":"brownbird203","password":"johann","salt":"7Hi5orah","md5":"d38344099eaad5084915cf46cd0ce289","sha1":"574d3fa1b6144470775f9160b189f8adcd9f243e","sha256":"2f68fbef74b45e0e3000a342871d7d3cd2dca2f4378d92bafe291a794baf4639"},"dob":{"date":"1949-09-17T11:02:56.282Z","age":74},"registered":{"date":"2022-02-26T10:21:22.908Z","age":2},"phone":"(60) 1335-3747","cell":"(22) 4356-2305","id":{"name":"CPF","value":"738.310.553-80"},"picture":{"large":"https://randomuser.me/api/portraits/men/7.jpg","medium":"https://randomuser.me/api/portraits/med/men/7.jpg","thumbnail":"https://randomuser.me/api/portraits/thumb/men/7.jpg"},"nat":"BR"}],"info":{"seed":"0c06f7da3d175fbb","results":1,"page":1,"version":"1.4"}} 
 </msg>
<msg time="2024-04-29T03:15:43.524683" level="INFO">/opt/hostedtoolcache/Python/3.12.3/x64/lib/python3.12/site-packages/urllib3/connectionpool.py:1103: InsecureRequestWarning: Unverified HTTPS request is being made to host 'randomuser.me'. Adding certificate verification is strongly advised. See: https://urllib3.readthedocs.io/en/latest/advanced-usage.html#tls-warnings
  warnings.warn(</msg>
<msg time="2024-04-29T03:15:43.524818" level="INFO">${response} = &lt;Response [200]&gt;</msg>
<var>${response}</var>
<arg>consultarAPI</arg>
<arg>/api</arg>
<doc>Sends a GET request on a previously created HTTP Session.</doc>
<status status="PASS" start="2024-04-29T03:15:43.428624" elapsed="0.096234"/>
</kw>
<kw name="Set Variable" owner="BuiltIn">
<msg time="2024-04-29T03:15:43.526024" level="INFO">${json_data} = {'results': [{'gender': 'male', 'name': {'title': 'Mr', 'first': 'Charbel', 'last': 'Caldeira'}, 'location': {'street': {'number': 7603, 'name': 'Rua Boa Vista '}, 'city': 'Campo Grande', 'state': 'Al...</msg>
<var>${json_data}</var>
<arg>${response.json()}</arg>
<doc>Returns the given values which can then be assigned to a variables.</doc>
<status status="PASS" start="2024-04-29T03:15:43.525471" elapsed="0.000582"/>
</kw>
<kw name="Log" owner="BuiltIn">
<msg time="2024-04-29T03:15:43.526521" level="INFO">{'results': [{'gender': 'male', 'name': {'title': 'Mr', 'first': 'Charbel', 'last': 'Caldeira'}, 'location': {'street': {'number': 7603, 'name': 'Rua Boa Vista '}, 'city': 'Campo Grande', 'state': 'Alagoas', 'country': 'Brazil', 'postcode': 30508, 'coordinates': {'latitude': '-73.0977', 'longitude': '-68.6638'}, 'timezone': {'offset': '+10:00', 'description': 'Eastern Australia, Guam, Vladivostok'}}, 'email': 'charbel.caldeira@example.com', 'login': {'uuid': '31fc2303-f82e-4340-9730-11f19026685b', 'username': 'brownbird203', 'password': 'johann', 'salt': '7Hi5orah', 'md5': 'd38344099eaad5084915cf46cd0ce289', 'sha1': '574d3fa1b6144470775f9160b189f8adcd9f243e', 'sha256': '2f68fbef74b45e0e3000a342871d7d3cd2dca2f4378d92bafe291a794baf4639'}, 'dob': {'date': '1949-09-17T11:02:56.282Z', 'age': 74}, 'registered': {'date': '2022-02-26T10:21:22.908Z', 'age': 2}, 'phone': '(60) 1335-3747', 'cell': '(22) 4356-2305', 'id': {'name': 'CPF', 'value': '738.310.553-80'}, 'picture': {'large': 'https://randomuser.me/api/portraits/men/7.jpg', 'medium': 'https://randomuser.me/api/portraits/med/men/7.jpg', 'thumbnail': 'https://randomuser.me/api/portraits/thumb/men/7.jpg'}, 'nat': 'BR'}], 'info': {'seed': '0c06f7da3d175fbb', 'results': 1, 'page': 1, 'version': '1.4'}}</msg>
<arg>${json_data}</arg>
<doc>Logs the given message with the given level.</doc>
<status status="PASS" start="2024-04-29T03:15:43.526364" elapsed="0.000238"/>
</kw>
<kw name="Should Be Equal As Numbers" owner="BuiltIn">
<arg>${json_data['results'][0]['location']['postcode']}</arg>
<arg>${json_data['results'][0]['location']['postcode']}</arg>
<doc>Fails if objects are unequal after converting them to real numbers.</doc>
<status status="PASS" start="2024-04-29T03:15:43.526905" elapsed="0.000804"/>
</kw>
<kw name="Log" owner="BuiltIn">
<msg time="2024-04-29T03:15:43.528278" level="INFO">30508</msg>
<arg>${json_data['results'][0]['location']['postcode']}</arg>
<doc>Logs the given message with the given level.</doc>
<status status="PASS" start="2024-04-29T03:15:43.527904" elapsed="0.000417"/>
</kw>
<status status="PASS" start="2024-04-29T03:15:43.428384" elapsed="0.100202"/>
</kw>
<doc>Testa se os tipos de dados na resposta da API estão corretos.</doc>
<tag>testeTiposDados</tag>
<status status="PASS" start="2024-04-29T03:15:43.343076" elapsed="0.185682"/>
</test>
<test id="s1-s1-t5" name="Validar conteudo" line="35">
<kw name="Teste de Tipos de Conteudo" owner="random-user-service">
<kw name="GET On Session" owner="RequestsLibrary">
<msg time="2024-04-29T03:15:43.622706" level="INFO">GET Request : url=https://randomuser.me/api 
 path_url=/api 
 headers={'User-Agent': 'python-requests/2.31.0', 'Accept-Encoding': 'gzip, deflate', 'Accept': '*/*', 'Connection': 'keep-alive'} 
 body=None 
 </msg>
<msg time="2024-04-29T03:15:43.622816" level="INFO">GET Response : url=https://randomuser.me/api 
 status=200, reason=OK 
 headers={'Date': 'Mon, 29 Apr 2024 03:15:43 GMT', 'Content-Type': 'application/json; charset=utf-8', 'Transfer-Encoding': 'chunked', 'Connection': 'keep-alive', 'X-Powered-By': 'Express', 'Access-Control-Allow-Origin': '*', 'Cache-Control': 'no-cache', 'ETag': 'W/"496-KhrpooPtr2b8FhFCvVd67OWIDdk"', 'Vary': 'Accept-Encoding', 'Content-Encoding': 'gzip', 'CF-Cache-Status': 'DYNAMIC', 'Report-To': '{"endpoints":[{"url":"https:\\/\\/a.nel.cloudflare.com\\/report\\/v4?s=rpH7%2F9bMOF0d4f0NVcMOVEqi2ioiHEyvFQrABmJxs1czQI5qystJCUPRfRkXa2X%2F37Z7fXIiuZfiqDB3hn6Gdw8AOXVOZ9YVEm80Pw6STsj8O4zGsNB6JltiICr2gmjS"}],"group":"cf-nel","max_age":604800}', 'NEL': '{"success_fraction":0,"report_to":"cf-nel","max_age":604800}', 'Server': 'cloudflare', 'CF-RAY': '87bc211519e022cd-ORD', 'alt-svc': 'h3=":443"; ma=86400'} 
 body={"results":[{"gender":"female","name":{"title":"Mrs","first":"Matilda","last":"Savela"},"location":{"street":{"number":2928,"name":"Reijolankatu"},"city":"Ristijärvi","state":"Ostrobothnia","country":"Finland","postcode":43147,"coordinates":{"latitude":"-23.1187","longitude":"33.6542"},"timezone":{"offset":"+2:00","description":"Kaliningrad, South Africa"}},"email":"matilda.savela@example.com","login":{"uuid":"8d584bb7-5580-42d0-bf4c-006609664b2a","username":"silverbird119","password":"cygnus","salt":"vHah2bS9","md5":"7f8d46e583c9ea68ac971e87ddacaf33","sha1":"ace861b0af378784d88265c73c5279b38ae024bb","sha256":"99495d229df7d4f677457d451467a9d1edc386478c4b5ccf078d387d04528427"},"dob":{"date":"1967-12-31T20:07:04.041Z","age":56},"registered":{"date":"2009-11-27T11:30:25.887Z","age":14},"phone":"06-343-716","cell":"047-995-31-44","id":{"name":"HETU","value":"NaNNA478undefined"},"picture":{"large":"https://randomuser.me/api/portraits/women/5.jpg","medium":"https://randomuser.me/api/portraits/med/women/5.jpg","thumbnail":"https://randomuser.me/api/portraits/thumb/women/5.jpg"},"nat":"FI"}],"info":{"seed":"fcf81a5cfc6c5651","results":1,"page":1,"version":"1.4"}} 
 </msg>
<msg time="2024-04-29T03:15:43.622901" level="INFO">/opt/hostedtoolcache/Python/3.12.3/x64/lib/python3.12/site-packages/urllib3/connectionpool.py:1103: InsecureRequestWarning: Unverified HTTPS request is being made to host 'randomuser.me'. Adding certificate verification is strongly advised. See: https://urllib3.readthedocs.io/en/latest/advanced-usage.html#tls-warnings
  warnings.warn(</msg>
<msg time="2024-04-29T03:15:43.623037" level="INFO">${response} = &lt;Response [200]&gt;</msg>
<var>${response}</var>
<arg>consultarAPI</arg>
<arg>/api</arg>
<doc>Sends a GET request on a previously created HTTP Session.</doc>
<status status="PASS" start="2024-04-29T03:15:43.531315" elapsed="0.091762"/>
</kw>
<kw name="Set Variable" owner="BuiltIn">
<msg time="2024-04-29T03:15:43.624309" level="INFO">${json_data} = {'results': [{'gender': 'female', 'name': {'title': 'Mrs', 'first': 'Matilda', 'last': 'Savela'}, 'location': {'street': {'number': 2928, 'name': 'Reijolankatu'}, 'city': 'Ristijärvi', 'state': 'Ostro...</msg>
<var>${json_data}</var>
<arg>${response.json()}</arg>
<doc>Returns the given values which can then be assigned to a variables.</doc>
<status status="PASS" start="2024-04-29T03:15:43.623688" elapsed="0.000652"/>
</kw>
<kw name="Set Variable" owner="BuiltIn">
<msg time="2024-04-29T03:15:43.625040" level="INFO">${name_title} = Mrs</msg>
<var>${name_title}</var>
<arg>${json_data["results"][0]["name"]["title"]}</arg>
<doc>Returns the given values which can then be assigned to a variables.</doc>
<status status="PASS" start="2024-04-29T03:15:43.624648" elapsed="0.000417"/>
</kw>
<kw name="Create List" owner="BuiltIn">
<msg time="2024-04-29T03:15:43.625510" level="INFO">${allowed_titles} = ['Mr', 'Ms', 'Miss', 'Mrs', 'Madame', 'Monsieur']</msg>
<var>${allowed_titles}</var>
<arg>Mr</arg>
<arg>Ms</arg>
<arg>Miss</arg>
<arg>Mrs</arg>
<arg>Madame</arg>
<arg>Monsieur</arg>
<doc>Returns a list containing given items.</doc>
<status status="PASS" start="2024-04-29T03:15:43.625363" elapsed="0.000171"/>
</kw>
<kw name="List Should Contain Value" owner="Collections">
<msg time="2024-04-29T03:15:43.626001" level="INFO">False</msg>
<arg>${allowed_titles}</arg>
<arg>${name_title}</arg>
<doc>Fails if the ``value`` is not found from ``list``.</doc>
<status status="PASS" start="2024-04-29T03:15:43.625829" elapsed="0.000208"/>
</kw>
<kw name="Set Variable" owner="BuiltIn">
<msg time="2024-04-29T03:15:43.626703" level="INFO">${name_country} = FI</msg>
<var>${name_country}</var>
<arg>${json_data["results"][0]["nat"]}</arg>
<doc>Returns the given values which can then be assigned to a variables.</doc>
<status status="PASS" start="2024-04-29T03:15:43.626322" elapsed="0.000406"/>
</kw>
<kw name="Create List" owner="BuiltIn">
<msg time="2024-04-29T03:15:43.627608" level="INFO">${list_country} = ['AD', 'AE', 'AF', 'AG', 'AI', 'AL', 'AM', 'AO', 'AQ', 'AR', 'AS', 'AT', 'AU', 'AW', 'AX', 'AZ', 'BA', 'BB', 'BD', 'BE', 'BF', 'BG', 'BH', 'BI', 'BJ', 'BL', 'BM', 'BN', 'BO', 'BQ', 'BR', 'BS', 'BT', '...</msg>
<var>${list_country}</var>
<arg>AD</arg>
<arg>AE</arg>
<arg>AF</arg>
<arg>AG</arg>
<arg>AI</arg>
<arg>AL</arg>
<arg>AM</arg>
<arg>AO</arg>
<arg>AQ</arg>
<arg>AR</arg>
<arg>AS</arg>
<arg>AT</arg>
<arg>AU</arg>
<arg>AW</arg>
<arg>AX</arg>
<arg>AZ</arg>
<arg>BA</arg>
<arg>BB</arg>
<arg>BD</arg>
<arg>BE</arg>
<arg>BF</arg>
<arg>BG</arg>
<arg>BH</arg>
<arg>BI</arg>
<arg>BJ</arg>
<arg>BL</arg>
<arg>BM</arg>
<arg>BN</arg>
<arg>BO</arg>
<arg>BQ</arg>
<arg>BR</arg>
<arg>BS</arg>
<arg>BT</arg>
<arg>BV</arg>
<arg>BW</arg>
<arg>BY</arg>
<arg>BZ</arg>
<arg>CA</arg>
<arg>CC</arg>
<arg>CD</arg>
<arg>CF</arg>
<arg>CG</arg>
<arg>CH</arg>
<arg>CI</arg>
<arg>CK</arg>
<arg>CL</arg>
<arg>CM</arg>
<arg>CN</arg>
<arg>CO</arg>
<arg>CR</arg>
<arg>CU</arg>
<arg>CV</arg>
<arg>CW</arg>
<arg>CX</arg>
<arg>CY</arg>
<arg>CZ</arg>
<arg>DE</arg>
<arg>DJ</arg>
<arg>DK</arg>
<arg>DM</arg>
<arg>DO</arg>
<arg>DZ</arg>
<arg>EC</arg>
<arg>EE</arg>
<arg>EG</arg>
<arg>EH</arg>
<arg>ER</arg>
<arg>ES</arg>
<arg>ET</arg>
<arg>FI</arg>
<arg>FJ</arg>
<arg>FK</arg>
<arg>FM</arg>
<arg>FO</arg>
<arg>FR</arg>
<arg>GA</arg>
<arg>GB</arg>
<arg>GD</arg>
<arg>GE</arg>
<arg>GF</arg>
<arg>GG</arg>
<arg>GH</arg>
<arg>GI</arg>
<arg>GL</arg>
<arg>GM</arg>
<arg>GN</arg>
<arg>GP</arg>
<arg>GQ</arg>
<arg>GR</arg>
<arg>GS</arg>
<arg>GT</arg>
<arg>GU</arg>
<arg>GW</arg>
<arg>GY</arg>
<arg>HK</arg>
<arg>HM</arg>
<arg>HN</arg>
<arg>HR</arg>
<arg>HT</arg>
<arg>HU</arg>
<arg>ID</arg>
<arg>IE</arg>
<arg>IL</arg>
<arg>IM</arg>
<arg>IN</arg>
<arg>IO</arg>
<arg>IQ</arg>
<arg>IR</arg>
<arg>IS</arg>
<arg>IT</arg>
<arg>JE</arg>
<arg>JM</arg>
<arg>JO</arg>
<arg>JP</arg>
<arg>KE</arg>
<arg>KG</arg>
<arg>KH</arg>
<arg>KI</arg>
<arg>KM</arg>
<arg>KN</arg>
<arg>KP</arg>
<arg>KR</arg>
<arg>KW</arg>
<arg>KY</arg>
<arg>KZ</arg>
<arg>LA</arg>
<arg>LB</arg>
<arg>LC</arg>
<arg>LI</arg>
<arg>LK</arg>
<arg>LR</arg>
<arg>LS</arg>
<arg>LT</arg>
<arg>LU</arg>
<arg>LV</arg>
<arg>LY</arg>
<arg>MA</arg>
<arg>MC</arg>
<arg>MD</arg>
<arg>ME</arg>
<arg>MF</arg>
<arg>MG</arg>
<arg>MH</arg>
<arg>MK</arg>
<arg>ML</arg>
<arg>MM</arg>
<arg>MN</arg>
<arg>MO</arg>
<arg>MP</arg>
<arg>MQ</arg>
<arg>MR</arg>
<arg>MS</arg>
<arg>MT</arg>
<arg>MU</arg>
<arg>MV</arg>
<arg>MW</arg>
<arg>MX</arg>
<arg>MY</arg>
<arg>MZ</arg>
<arg>NA</arg>
<arg>NC</arg>
<arg>NE</arg>
<arg>NF</arg>
<arg>NG</arg>
<arg>NI</arg>
<arg>NL</arg>
<arg>NO</arg>
<arg>NP</arg>
<arg>NR</arg>
<arg>NU</arg>
<arg>NZ</arg>
<arg>OM</arg>
<arg>PA</arg>
<arg>PE</arg>
<arg>PF</arg>
<arg>PG</arg>
<arg>PH</arg>
<arg>PK</arg>
<arg>PL</arg>
<arg>PM</arg>
<arg>PN</arg>
<arg>PR</arg>
<arg>PS</arg>
<arg>PT</arg>
<arg>PW</arg>
<arg>PY</arg>
<arg>QA</arg>
<arg>RE</arg>
<arg>RO</arg>
<arg>RS</arg>
<arg>RU</arg>
<arg>RW</arg>
<arg>SA</arg>
<arg>SB</arg>
<arg>SC</arg>
<arg>SD</arg>
<arg>SE</arg>
<arg>SG</arg>
<arg>SH</arg>
<arg>SI</arg>
<arg>SJ</arg>
<arg>SK</arg>
<arg>SL</arg>
<arg>SM</arg>
<arg>SN</arg>
<arg>SO</arg>
<arg>SR</arg>
<arg>SS</arg>
<arg>ST</arg>
<arg>SV</arg>
<arg>SX</arg>
<arg>SY</arg>
<arg>SZ</arg>
<arg>TC</arg>
<arg>TD</arg>
<arg>TF</arg>
<arg>TG</arg>
<arg>TH</arg>
<arg>TJ</arg>
<arg>TK</arg>
<arg>TL</arg>
<arg>TM</arg>
<arg>TN</arg>
<arg>TO</arg>
<arg>TR</arg>
<arg>TT</arg>
<arg>TV</arg>
<arg>TW</arg>
<arg>TZ</arg>
<arg>UA</arg>
<arg>UG</arg>
<arg>UM</arg>
<arg>US</arg>
<arg>UY</arg>
<arg>UZ</arg>
<arg>VA</arg>
<arg>VC</arg>
<arg>VE</arg>
<arg>VG</arg>
<arg>VI</arg>
<arg>VN</arg>
<arg>VU</arg>
<arg>WF</arg>
<arg>WS</arg>
<arg>XK</arg>
<arg>YE</arg>
<arg>YT</arg>
<arg>ZA</arg>
<arg>ZM</arg>
<arg>ZW</arg>
<doc>Returns a list containing given items.</doc>
<status status="PASS" start="2024-04-29T03:15:43.627028" elapsed="0.000605"/>
</kw>
<kw name="List Should Contain Value" owner="Collections">
<msg time="2024-04-29T03:15:43.628654" level="INFO">False</msg>
<arg>${list_country}</arg>
<arg>${name_country}</arg>
<doc>Fails if the ``value`` is not found from ``list``.</doc>
<status status="PASS" start="2024-04-29T03:15:43.628453" elapsed="0.000239"/>
</kw>
<kw name="Run Keyword If" owner="BuiltIn">
<kw name="Should Be True" owner="BuiltIn">
<arg>${True}</arg>
<doc>Fails if the given condition is not true.</doc>
<status status="PASS" start="2024-04-29T03:15:43.629765" elapsed="0.000141"/>
</kw>
<arg>${json_data["results"][0]["location"]["coordinates"]["latitude"]} &gt;= -90 and ${json_data["results"][0]["location"]["coordinates"]["latitude"]} &lt;= 90</arg>
<arg>Should Be True</arg>
<arg>${True}</arg>
<doc>Runs the given keyword with the given arguments, if ``condition`` is true.</doc>
<status status="PASS" start="2024-04-29T03:15:43.629011" elapsed="0.001020"/>
</kw>
<kw name="Run Keyword If" owner="BuiltIn">
<kw name="Should Be True" owner="BuiltIn">
<arg>${True}</arg>
<doc>Fails if the given condition is not true.</doc>
<status status="PASS" start="2024-04-29T03:15:43.630902" elapsed="0.000253"/>
</kw>
<arg>${json_data["results"][0]["location"]["coordinates"]["longitude"]} &gt;= -180 and ${json_data["results"][0]["location"]["coordinates"]["longitude"]} &lt;= 180</arg>
<arg>Should Be True</arg>
<arg>${True}</arg>
<doc>Runs the given keyword with the given arguments, if ``condition`` is true.</doc>
<status status="PASS" start="2024-04-29T03:15:43.630211" elapsed="0.001072"/>
</kw>
<status status="PASS" start="2024-04-29T03:15:43.531085" elapsed="0.100328"/>
</kw>
<doc>Testa o conteúdo específico dos campos retornados pela API.</doc>
<tag>testeConteudo</tag>
<status status="PASS" start="2024-04-29T03:15:43.530531" elapsed="0.101034"/>
</test>
<status status="PASS" start="2024-04-29T03:15:42.794820" elapsed="0.838774"/>
</suite>
<status status="PASS" start="2024-04-29T03:15:42.781318" elapsed="0.857399"/>
</suite>
<statistics>
<total>
<stat pass="5" fail="0" skip="0">All Tests</stat>
</total>
<tag>
<stat pass="1" fail="0" skip="0">testeConteudo</stat>
<stat pass="1" fail="0" skip="0">testeEstruturaResposta</stat>
<stat pass="1" fail="0" skip="0">testeRequisicaoBasica</stat>
<stat pass="1" fail="0" skip="0">testeTiposDados</stat>
</tag>
<suite>
<stat pass="5" fail="0" skip="0" id="s1" name="Tests">Tests</stat>
<stat pass="5" fail="0" skip="0" id="s1-s1" name="Random-User-Test">Tests.Random-User-Test</stat>
</suite>
</statistics>
<errors>
</errors>
</robot>
