<?xml version="1.0" encoding="UTF-8"?>
<robot generator="Robot 7.0.1 (Python 3.12.3 on linux)" generated="2024-06-15T23:15:14.198621" rpa="false" schemaversion="5">
<suite id="s1" name="Tests" source="/home/runner/work/ApiRandomUser/ApiRandomUser/RamdonUser/tests">
<suite id="s1-s1" name="Random-User-Test" source="/home/runner/work/ApiRandomUser/ApiRandomUser/RamdonUser/tests/random-user-test.robot">
<test id="s1-s1-t1" name="Conectar" line="13">
<kw name="Conectar API" owner="random-user-service">
<kw name="Create Session" owner="RequestsLibrary">
<msg time="2024-06-15T23:15:14.597865" level="INFO">Creating Session using : alias=consultarAPI, url=https://randomuser.me/, headers={},                     cookies={}, auth=None, timeout=None, proxies=None, verify=False,                     debug=0 </msg>
<arg>consultarAPI</arg>
<arg>${URL}</arg>
<doc>Create Session: create a HTTP session to a server</doc>
<status status="PASS" start="2024-06-15T23:15:14.597632" elapsed="0.000410"/>
</kw>
<status status="PASS" start="2024-06-15T23:15:14.596670" elapsed="0.001739"/>
</kw>
<status status="PASS" start="2024-06-15T23:15:14.596133" elapsed="0.002490"/>
</test>
<test id="s1-s1-t2" name="Validar retorno 200 e JSON Válido" line="16">
<kw name="Teste de Requisicao Basica" owner="random-user-service">
<kw name="GET On Session" owner="RequestsLibrary">
<msg time="2024-06-15T23:15:14.739728" level="INFO">GET Request : url=https://randomuser.me/api 
 path_url=/api 
 headers={'User-Agent': 'python-requests/2.32.3', 'Accept-Encoding': 'gzip, deflate', 'Accept': '*/*', 'Connection': 'keep-alive'} 
 body=None 
 </msg>
<msg time="2024-06-15T23:15:14.739889" level="INFO">GET Response : url=https://randomuser.me/api 
 status=200, reason=OK 
 headers={'Date': 'Sat, 15 Jun 2024 23:15:14 GMT', 'Content-Type': 'application/json; charset=utf-8', 'Transfer-Encoding': 'chunked', 'Connection': 'keep-alive', 'X-Powered-By': 'Express', 'Access-Control-Allow-Origin': '*', 'Cache-Control': 'no-cache', 'ETag': 'W/"48c-y9fN93bKSOcDCIGfe1rZkPMLv4s"', 'Vary': 'Accept-Encoding', 'Content-Encoding': 'gzip', 'CF-Cache-Status': 'DYNAMIC', 'Report-To': '{"endpoints":[{"url":"https:\\/\\/a.nel.cloudflare.com\\/report\\/v4?s=0ij0h28CfZck9pGmgCJ0gVA8F5xhKHfv4CuicrLSE8cCtKLRYMBM24rDwTAZR5xb%2Bd323totnues5GtF9RFsM1QaZEKQwXDJhK8TNPKnGa%2FA%2BhM3J7TRqpd9lZhOFl6B"}],"group":"cf-nel","max_age":604800}', 'NEL': '{"success_fraction":0,"report_to":"cf-nel","max_age":604800}', 'Server': 'cloudflare', 'CF-RAY': '894642d059983891-IAD', 'alt-svc': 'h3=":443"; ma=86400'} 
 body={"results":[{"gender":"female","name":{"title":"Ms","first":"Yasemin","last":"Öymen"},"location":{"street":{"number":2338,"name":"Istiklal Cd"},"city":"Tunceli","state":"Bartın","country":"Turkey","postcode":31317,"coordinates":{"latitude":"71.4806","longitude":"96.0482"},"timezone":{"offset":"-5:00","description":"Eastern Time (US &amp; Canada), Bogota, Lima"}},"email":"yasemin.oymen@example.com","login":{"uuid":"ffd337ce-33be-4cdf-bfb9-fd9fb0dcaff4","username":"purplewolf878","password":"records","salt":"oT5V17C9","md5":"3d7d895d7fde371fa244747813483ba3","sha1":"1d819c6c91369a6be2db08bde9172939e1fc3ad3","sha256":"d774d761b04ca97ced1d0773446a0f8226887ddc53504f980904d408b567f6c4"},"dob":{"date":"1978-08-19T14:09:16.445Z","age":45},"registered":{"date":"2021-05-04T13:43:48.246Z","age":3},"phone":"(087)-699-2617","cell":"(058)-698-3528","id":{"name":"","value":null},"picture":{"large":"https://randomuser.me/api/portraits/women/69.jpg","medium":"https://randomuser.me/api/portraits/med/women/69.jpg","thumbnail":"https://randomuser.me/api/portraits/thumb/women/69.jpg"},"nat":"TR"}],"info":{"seed":"9f28860bde6fb304","results":1,"page":1,"version":"1.4"}} 
 </msg>
<msg time="2024-06-15T23:15:14.739980" level="INFO">/opt/hostedtoolcache/Python/3.12.3/x64/lib/python3.12/site-packages/urllib3/connectionpool.py:1103: InsecureRequestWarning: Unverified HTTPS request is being made to host 'randomuser.me'. Adding certificate verification is strongly advised. See: https://urllib3.readthedocs.io/en/latest/advanced-usage.html#tls-warnings
  warnings.warn(</msg>
<msg time="2024-06-15T23:15:14.740132" level="INFO">${response} = &lt;Response [200]&gt;</msg>
<var>${response}</var>
<arg>consultarAPI</arg>
<arg>/api</arg>
<doc>Sends a GET request on a previously created HTTP Session.</doc>
<status status="PASS" start="2024-06-15T23:15:14.601210" elapsed="0.138965"/>
</kw>
<kw name="Should Be Equal As Numbers" owner="BuiltIn">
<msg time="2024-06-15T23:15:14.741219" level="INFO">Argument types are:
&lt;class 'int'&gt;
&lt;class 'str'&gt;</msg>
<arg>${response.status_code}</arg>
<arg>200</arg>
<doc>Fails if objects are unequal after converting them to real numbers.</doc>
<status status="PASS" start="2024-06-15T23:15:14.740719" elapsed="0.000568"/>
</kw>
<kw name="Log" owner="BuiltIn">
<msg time="2024-06-15T23:15:14.742008" level="INFO">200</msg>
<arg>${response.status_code}</arg>
<doc>Logs the given message with the given level.</doc>
<status status="PASS" start="2024-06-15T23:15:14.741624" elapsed="0.000436"/>
</kw>
<kw name="Set Variable" owner="BuiltIn">
<msg time="2024-06-15T23:15:14.742830" level="INFO">${json_data} = {'results': [{'gender': 'female', 'name': {'title': 'Ms', 'first': 'Yasemin', 'last': 'Öymen'}, 'location': {'street': {'number': 2338, 'name': 'Istiklal Cd'}, 'city': 'Tunceli', 'state': 'Bartın', 'c...</msg>
<var>${json_data}</var>
<arg>${response.json()}</arg>
<doc>Returns the given values which can then be assigned to a variables.</doc>
<status status="PASS" start="2024-06-15T23:15:14.742374" elapsed="0.000486"/>
</kw>
<kw name="Dictionary Should Contain Key" owner="Collections">
<arg>${json_data}</arg>
<arg>results</arg>
<doc>Fails if ``key`` is not found from ``dictionary``.</doc>
<status status="PASS" start="2024-06-15T23:15:14.743167" elapsed="0.000173"/>
</kw>
<status status="PASS" start="2024-06-15T23:15:14.600972" elapsed="0.142523"/>
</kw>
<doc>Testa se a API responde corretamente e retorna um objeto JSON válido.</doc>
<tag>testeRequisicaoBasica</tag>
<status status="PASS" start="2024-06-15T23:15:14.600525" elapsed="0.143149"/>
</test>
<test id="s1-s1-t3" name="Validar estrutura de resposta" line="22">
<kw name="Teste de Estrutura de Resposta" owner="random-user-service">
<kw name="GET On Session" owner="RequestsLibrary">
<msg time="2024-06-15T23:15:15.160717" level="INFO">GET Request : url=https://randomuser.me/api 
 path_url=/api 
 headers={'User-Agent': 'python-requests/2.32.3', 'Accept-Encoding': 'gzip, deflate', 'Accept': '*/*', 'Connection': 'keep-alive'} 
 body=None 
 </msg>
<msg time="2024-06-15T23:15:15.160821" level="INFO">GET Response : url=https://randomuser.me/api 
 status=200, reason=OK 
 headers={'Date': 'Sat, 15 Jun 2024 23:15:15 GMT', 'Content-Type': 'application/json; charset=utf-8', 'Transfer-Encoding': 'chunked', 'Connection': 'keep-alive', 'X-Powered-By': 'Express', 'Access-Control-Allow-Origin': '*', 'Cache-Control': 'no-cache', 'ETag': 'W/"492-XP4BnGiCuuVVyEvn2A/jCpao+/U"', 'Vary': 'Accept-Encoding', 'Content-Encoding': 'gzip', 'CF-Cache-Status': 'DYNAMIC', 'Report-To': '{"endpoints":[{"url":"https:\\/\\/a.nel.cloudflare.com\\/report\\/v4?s=NBUvtBNwph5L6U924C%2Fhkhk2hYSiDiDb1li34%2BDCAjER1z4ynSp%2F%2BCQawMu35hOiBvGR3RuhAbxd1bg%2FJOa%2BxqBkMc8%2FTrevNIc5P9hOoDBYL%2FuPMDRidj9I%2FHHGye8q"}],"group":"cf-nel","max_age":604800}', 'NEL': '{"success_fraction":0,"report_to":"cf-nel","max_age":604800}', 'Server': 'cloudflare', 'CF-RAY': '894642d12a9a3891-IAD', 'alt-svc': 'h3=":443"; ma=86400'} 
 body={"results":[{"gender":"female","name":{"title":"Miss","first":"Evelyne","last":"Giebel"},"location":{"street":{"number":129,"name":"Poststraße"},"city":"Rheine","state":"Schleswig-Holstein","country":"Germany","postcode":55938,"coordinates":{"latitude":"-47.8843","longitude":"44.2658"},"timezone":{"offset":"+6:00","description":"Almaty, Dhaka, Colombo"}},"email":"evelyne.giebel@example.com","login":{"uuid":"431c0cbe-89d8-46e3-9246-f1eaff187c7e","username":"greenwolf181","password":"delta","salt":"K2Iz4nhj","md5":"f6f00e8982dd56cf75be27ab9bfd8bcb","sha1":"76e452b15e763fcd882a5a147c955e74721a459a","sha256":"b5bf2cfea7af9bc51578699765b6797e0b04641aa64e38b1f57f51cd4cecf7ec"},"dob":{"date":"1996-01-23T22:39:21.530Z","age":28},"registered":{"date":"2015-12-16T12:02:38.517Z","age":8},"phone":"0915-4748766","cell":"0173-2908745","id":{"name":"SVNR","value":"19 230196 G 746"},"picture":{"large":"https://randomuser.me/api/portraits/women/96.jpg","medium":"https://randomuser.me/api/portraits/med/women/96.jpg","thumbnail":"https://randomuser.me/api/portraits/thumb/women/96.jpg"},"nat":"DE"}],"info":{"seed":"dc5a74eb8df2942f","results":1,"page":1,"version":"1.4"}} 
 </msg>
<msg time="2024-06-15T23:15:15.160953" level="INFO">/opt/hostedtoolcache/Python/3.12.3/x64/lib/python3.12/site-packages/urllib3/connectionpool.py:1103: InsecureRequestWarning: Unverified HTTPS request is being made to host 'randomuser.me'. Adding certificate verification is strongly advised. See: https://urllib3.readthedocs.io/en/latest/advanced-usage.html#tls-warnings
  warnings.warn(</msg>
<msg time="2024-06-15T23:15:15.161076" level="INFO">${response} = &lt;Response [200]&gt;</msg>
<var>${response}</var>
<arg>consultarAPI</arg>
<arg>/api</arg>
<doc>Sends a GET request on a previously created HTTP Session.</doc>
<status status="PASS" start="2024-06-15T23:15:14.746541" elapsed="0.414572"/>
</kw>
<kw name="Set Variable" owner="BuiltIn">
<msg time="2024-06-15T23:15:15.162199" level="INFO">${json_data} = {'results': [{'gender': 'female', 'name': {'title': 'Miss', 'first': 'Evelyne', 'last': 'Giebel'}, 'location': {'street': {'number': 129, 'name': 'Poststraße'}, 'city': 'Rheine', 'state': 'Schleswig-H...</msg>
<var>${json_data}</var>
<arg>${response.json()}</arg>
<doc>Returns the given values which can then be assigned to a variables.</doc>
<status status="PASS" start="2024-06-15T23:15:15.161631" elapsed="0.000600"/>
</kw>
<kw name="Log" owner="BuiltIn">
<msg time="2024-06-15T23:15:15.162703" level="INFO">{'results': [{'gender': 'female', 'name': {'title': 'Miss', 'first': 'Evelyne', 'last': 'Giebel'}, 'location': {'street': {'number': 129, 'name': 'Poststraße'}, 'city': 'Rheine', 'state': 'Schleswig-Holstein', 'country': 'Germany', 'postcode': 55938, 'coordinates': {'latitude': '-47.8843', 'longitude': '44.2658'}, 'timezone': {'offset': '+6:00', 'description': 'Almaty, Dhaka, Colombo'}}, 'email': 'evelyne.giebel@example.com', 'login': {'uuid': '431c0cbe-89d8-46e3-9246-f1eaff187c7e', 'username': 'greenwolf181', 'password': 'delta', 'salt': 'K2Iz4nhj', 'md5': 'f6f00e8982dd56cf75be27ab9bfd8bcb', 'sha1': '76e452b15e763fcd882a5a147c955e74721a459a', 'sha256': 'b5bf2cfea7af9bc51578699765b6797e0b04641aa64e38b1f57f51cd4cecf7ec'}, 'dob': {'date': '1996-01-23T22:39:21.530Z', 'age': 28}, 'registered': {'date': '2015-12-16T12:02:38.517Z', 'age': 8}, 'phone': '0915-4748766', 'cell': '0173-2908745', 'id': {'name': 'SVNR', 'value': '19 230196 G 746'}, 'picture': {'large': 'https://randomuser.me/api/portraits/women/96.jpg', 'medium': 'https://randomuser.me/api/portraits/med/women/96.jpg', 'thumbnail': 'https://randomuser.me/api/portraits/thumb/women/96.jpg'}, 'nat': 'DE'}], 'info': {'seed': 'dc5a74eb8df2942f', 'results': 1, 'page': 1, 'version': '1.4'}}</msg>
<arg>${json_data}</arg>
<doc>Logs the given message with the given level.</doc>
<status status="PASS" start="2024-06-15T23:15:15.162541" elapsed="0.000219"/>
</kw>
<kw name="Dictionary Should Contain Key" owner="Collections">
<arg>${json_data}</arg>
<arg>results</arg>
<doc>Fails if ``key`` is not found from ``dictionary``.</doc>
<status status="PASS" start="2024-06-15T23:15:15.163094" elapsed="0.000163"/>
</kw>
<kw name="Should Not Be Empty" owner="BuiltIn">
<msg time="2024-06-15T23:15:15.163561" level="INFO">Length is 2.</msg>
<arg>${json_data}</arg>
<doc>Verifies that the given item is not empty.</doc>
<status status="PASS" start="2024-06-15T23:15:15.163438" elapsed="0.000161"/>
</kw>
<kw name="Create List" owner="BuiltIn">
<msg time="2024-06-15T23:15:15.164039" level="INFO">${expected_keys} = ['gender', 'name', 'location', 'email', 'login']</msg>
<var>${expected_keys}</var>
<arg>gender</arg>
<arg>name</arg>
<arg>location</arg>
<arg>email</arg>
<arg>login</arg>
<doc>Returns a list containing given items.</doc>
<status status="PASS" start="2024-06-15T23:15:15.163887" elapsed="0.000177"/>
</kw>
<for flavor="IN">
<iter>
<kw name="Dictionary Should Contain Key" owner="Collections">
<arg>${json_data['results'][0]}</arg>
<arg>${key}</arg>
<doc>Fails if ``key`` is not found from ``dictionary``.</doc>
<status status="PASS" start="2024-06-15T23:15:15.164812" elapsed="0.000405"/>
</kw>
<kw name="Log" owner="BuiltIn">
<msg time="2024-06-15T23:15:15.165790" level="INFO">{'gender': 'female', 'name': {'title': 'Miss', 'first': 'Evelyne', 'last': 'Giebel'}, 'location': {'street': {'number': 129, 'name': 'Poststraße'}, 'city': 'Rheine', 'state': 'Schleswig-Holstein', 'country': 'Germany', 'postcode': 55938, 'coordinates': {'latitude': '-47.8843', 'longitude': '44.2658'}, 'timezone': {'offset': '+6:00', 'description': 'Almaty, Dhaka, Colombo'}}, 'email': 'evelyne.giebel@example.com', 'login': {'uuid': '431c0cbe-89d8-46e3-9246-f1eaff187c7e', 'username': 'greenwolf181', 'password': 'delta', 'salt': 'K2Iz4nhj', 'md5': 'f6f00e8982dd56cf75be27ab9bfd8bcb', 'sha1': '76e452b15e763fcd882a5a147c955e74721a459a', 'sha256': 'b5bf2cfea7af9bc51578699765b6797e0b04641aa64e38b1f57f51cd4cecf7ec'}, 'dob': {'date': '1996-01-23T22:39:21.530Z', 'age': 28}, 'registered': {'date': '2015-12-16T12:02:38.517Z', 'age': 8}, 'phone': '0915-4748766', 'cell': '0173-2908745', 'id': {'name': 'SVNR', 'value': '19 230196 G 746'}, 'picture': {'large': 'https://randomuser.me/api/portraits/women/96.jpg', 'medium': 'https://randomuser.me/api/portraits/med/women/96.jpg', 'thumbnail': 'https://randomuser.me/api/portraits/thumb/women/96.jpg'}, 'nat': 'DE'}</msg>
<arg>${json_data['results'][0]}</arg>
<doc>Logs the given message with the given level.</doc>
<status status="PASS" start="2024-06-15T23:15:15.165405" elapsed="0.000443"/>
</kw>
<kw name="Log" owner="BuiltIn">
<msg time="2024-06-15T23:15:15.166275" level="INFO">gender</msg>
<arg>${key}</arg>
<doc>Logs the given message with the given level.</doc>
<status status="PASS" start="2024-06-15T23:15:15.166145" elapsed="0.000168"/>
</kw>
<var name="${key}">gender</var>
<status status="PASS" start="2024-06-15T23:15:15.164681" elapsed="0.001852"/>
</iter>
<iter>
<kw name="Dictionary Should Contain Key" owner="Collections">
<arg>${json_data['results'][0]}</arg>
<arg>${key}</arg>
<doc>Fails if ``key`` is not found from ``dictionary``.</doc>
<status status="PASS" start="2024-06-15T23:15:15.166832" elapsed="0.000389"/>
</kw>
<kw name="Log" owner="BuiltIn">
<msg time="2024-06-15T23:15:15.167767" level="INFO">{'gender': 'female', 'name': {'title': 'Miss', 'first': 'Evelyne', 'last': 'Giebel'}, 'location': {'street': {'number': 129, 'name': 'Poststraße'}, 'city': 'Rheine', 'state': 'Schleswig-Holstein', 'country': 'Germany', 'postcode': 55938, 'coordinates': {'latitude': '-47.8843', 'longitude': '44.2658'}, 'timezone': {'offset': '+6:00', 'description': 'Almaty, Dhaka, Colombo'}}, 'email': 'evelyne.giebel@example.com', 'login': {'uuid': '431c0cbe-89d8-46e3-9246-f1eaff187c7e', 'username': 'greenwolf181', 'password': 'delta', 'salt': 'K2Iz4nhj', 'md5': 'f6f00e8982dd56cf75be27ab9bfd8bcb', 'sha1': '76e452b15e763fcd882a5a147c955e74721a459a', 'sha256': 'b5bf2cfea7af9bc51578699765b6797e0b04641aa64e38b1f57f51cd4cecf7ec'}, 'dob': {'date': '1996-01-23T22:39:21.530Z', 'age': 28}, 'registered': {'date': '2015-12-16T12:02:38.517Z', 'age': 8}, 'phone': '0915-4748766', 'cell': '0173-2908745', 'id': {'name': 'SVNR', 'value': '19 230196 G 746'}, 'picture': {'large': 'https://randomuser.me/api/portraits/women/96.jpg', 'medium': 'https://randomuser.me/api/portraits/med/women/96.jpg', 'thumbnail': 'https://randomuser.me/api/portraits/thumb/women/96.jpg'}, 'nat': 'DE'}</msg>
<arg>${json_data['results'][0]}</arg>
<doc>Logs the given message with the given level.</doc>
<status status="PASS" start="2024-06-15T23:15:15.167411" elapsed="0.000438"/>
</kw>
<kw name="Log" owner="BuiltIn">
<msg time="2024-06-15T23:15:15.168280" level="INFO">name</msg>
<arg>${key}</arg>
<doc>Logs the given message with the given level.</doc>
<status status="PASS" start="2024-06-15T23:15:15.168151" elapsed="0.000166"/>
</kw>
<var name="${key}">name</var>
<status status="PASS" start="2024-06-15T23:15:15.166718" elapsed="0.001817"/>
</iter>
<iter>
<kw name="Dictionary Should Contain Key" owner="Collections">
<arg>${json_data['results'][0]}</arg>
<arg>${key}</arg>
<doc>Fails if ``key`` is not found from ``dictionary``.</doc>
<status status="PASS" start="2024-06-15T23:15:15.168823" elapsed="0.000379"/>
</kw>
<kw name="Log" owner="BuiltIn">
<msg time="2024-06-15T23:15:15.169759" level="INFO">{'gender': 'female', 'name': {'title': 'Miss', 'first': 'Evelyne', 'last': 'Giebel'}, 'location': {'street': {'number': 129, 'name': 'Poststraße'}, 'city': 'Rheine', 'state': 'Schleswig-Holstein', 'country': 'Germany', 'postcode': 55938, 'coordinates': {'latitude': '-47.8843', 'longitude': '44.2658'}, 'timezone': {'offset': '+6:00', 'description': 'Almaty, Dhaka, Colombo'}}, 'email': 'evelyne.giebel@example.com', 'login': {'uuid': '431c0cbe-89d8-46e3-9246-f1eaff187c7e', 'username': 'greenwolf181', 'password': 'delta', 'salt': 'K2Iz4nhj', 'md5': 'f6f00e8982dd56cf75be27ab9bfd8bcb', 'sha1': '76e452b15e763fcd882a5a147c955e74721a459a', 'sha256': 'b5bf2cfea7af9bc51578699765b6797e0b04641aa64e38b1f57f51cd4cecf7ec'}, 'dob': {'date': '1996-01-23T22:39:21.530Z', 'age': 28}, 'registered': {'date': '2015-12-16T12:02:38.517Z', 'age': 8}, 'phone': '0915-4748766', 'cell': '0173-2908745', 'id': {'name': 'SVNR', 'value': '19 230196 G 746'}, 'picture': {'large': 'https://randomuser.me/api/portraits/women/96.jpg', 'medium': 'https://randomuser.me/api/portraits/med/women/96.jpg', 'thumbnail': 'https://randomuser.me/api/portraits/thumb/women/96.jpg'}, 'nat': 'DE'}</msg>
<arg>${json_data['results'][0]}</arg>
<doc>Logs the given message with the given level.</doc>
<status status="PASS" start="2024-06-15T23:15:15.169384" elapsed="0.000435"/>
</kw>
<kw name="Log" owner="BuiltIn">
<msg time="2024-06-15T23:15:15.170248" level="INFO">location</msg>
<arg>${key}</arg>
<doc>Logs the given message with the given level.</doc>
<status status="PASS" start="2024-06-15T23:15:15.170119" elapsed="0.000167"/>
</kw>
<var name="${key}">location</var>
<status status="PASS" start="2024-06-15T23:15:15.168715" elapsed="0.001786"/>
</iter>
<iter>
<kw name="Dictionary Should Contain Key" owner="Collections">
<arg>${json_data['results'][0]}</arg>
<arg>${key}</arg>
<doc>Fails if ``key`` is not found from ``dictionary``.</doc>
<status status="PASS" start="2024-06-15T23:15:15.170784" elapsed="0.000387"/>
</kw>
<kw name="Log" owner="BuiltIn">
<msg time="2024-06-15T23:15:15.171707" level="INFO">{'gender': 'female', 'name': {'title': 'Miss', 'first': 'Evelyne', 'last': 'Giebel'}, 'location': {'street': {'number': 129, 'name': 'Poststraße'}, 'city': 'Rheine', 'state': 'Schleswig-Holstein', 'country': 'Germany', 'postcode': 55938, 'coordinates': {'latitude': '-47.8843', 'longitude': '44.2658'}, 'timezone': {'offset': '+6:00', 'description': 'Almaty, Dhaka, Colombo'}}, 'email': 'evelyne.giebel@example.com', 'login': {'uuid': '431c0cbe-89d8-46e3-9246-f1eaff187c7e', 'username': 'greenwolf181', 'password': 'delta', 'salt': 'K2Iz4nhj', 'md5': 'f6f00e8982dd56cf75be27ab9bfd8bcb', 'sha1': '76e452b15e763fcd882a5a147c955e74721a459a', 'sha256': 'b5bf2cfea7af9bc51578699765b6797e0b04641aa64e38b1f57f51cd4cecf7ec'}, 'dob': {'date': '1996-01-23T22:39:21.530Z', 'age': 28}, 'registered': {'date': '2015-12-16T12:02:38.517Z', 'age': 8}, 'phone': '0915-4748766', 'cell': '0173-2908745', 'id': {'name': 'SVNR', 'value': '19 230196 G 746'}, 'picture': {'large': 'https://randomuser.me/api/portraits/women/96.jpg', 'medium': 'https://randomuser.me/api/portraits/med/women/96.jpg', 'thumbnail': 'https://randomuser.me/api/portraits/thumb/women/96.jpg'}, 'nat': 'DE'}</msg>
<arg>${json_data['results'][0]}</arg>
<doc>Logs the given message with the given level.</doc>
<status status="PASS" start="2024-06-15T23:15:15.171357" elapsed="0.000399"/>
</kw>
<kw name="Log" owner="BuiltIn">
<msg time="2024-06-15T23:15:15.172187" level="INFO">email</msg>
<arg>${key}</arg>
<doc>Logs the given message with the given level.</doc>
<status status="PASS" start="2024-06-15T23:15:15.172055" elapsed="0.000172"/>
</kw>
<var name="${key}">email</var>
<status status="PASS" start="2024-06-15T23:15:15.170674" elapsed="0.001770"/>
</iter>
<iter>
<kw name="Dictionary Should Contain Key" owner="Collections">
<arg>${json_data['results'][0]}</arg>
<arg>${key}</arg>
<doc>Fails if ``key`` is not found from ``dictionary``.</doc>
<status status="PASS" start="2024-06-15T23:15:15.172726" elapsed="0.000390"/>
</kw>
<kw name="Log" owner="BuiltIn">
<msg time="2024-06-15T23:15:15.173647" level="INFO">{'gender': 'female', 'name': {'title': 'Miss', 'first': 'Evelyne', 'last': 'Giebel'}, 'location': {'street': {'number': 129, 'name': 'Poststraße'}, 'city': 'Rheine', 'state': 'Schleswig-Holstein', 'country': 'Germany', 'postcode': 55938, 'coordinates': {'latitude': '-47.8843', 'longitude': '44.2658'}, 'timezone': {'offset': '+6:00', 'description': 'Almaty, Dhaka, Colombo'}}, 'email': 'evelyne.giebel@example.com', 'login': {'uuid': '431c0cbe-89d8-46e3-9246-f1eaff187c7e', 'username': 'greenwolf181', 'password': 'delta', 'salt': 'K2Iz4nhj', 'md5': 'f6f00e8982dd56cf75be27ab9bfd8bcb', 'sha1': '76e452b15e763fcd882a5a147c955e74721a459a', 'sha256': 'b5bf2cfea7af9bc51578699765b6797e0b04641aa64e38b1f57f51cd4cecf7ec'}, 'dob': {'date': '1996-01-23T22:39:21.530Z', 'age': 28}, 'registered': {'date': '2015-12-16T12:02:38.517Z', 'age': 8}, 'phone': '0915-4748766', 'cell': '0173-2908745', 'id': {'name': 'SVNR', 'value': '19 230196 G 746'}, 'picture': {'large': 'https://randomuser.me/api/portraits/women/96.jpg', 'medium': 'https://randomuser.me/api/portraits/med/women/96.jpg', 'thumbnail': 'https://randomuser.me/api/portraits/thumb/women/96.jpg'}, 'nat': 'DE'}</msg>
<arg>${json_data['results'][0]}</arg>
<doc>Logs the given message with the given level.</doc>
<status status="PASS" start="2024-06-15T23:15:15.173301" elapsed="0.000422"/>
</kw>
<kw name="Log" owner="BuiltIn">
<msg time="2024-06-15T23:15:15.174155" level="INFO">login</msg>
<arg>${key}</arg>
<doc>Logs the given message with the given level.</doc>
<status status="PASS" start="2024-06-15T23:15:15.174028" elapsed="0.000164"/>
</kw>
<var name="${key}">login</var>
<status status="PASS" start="2024-06-15T23:15:15.172618" elapsed="0.001786"/>
</iter>
<var>${key}</var>
<value>@{expected_keys}</value>
<status status="PASS" start="2024-06-15T23:15:15.164489" elapsed="0.010040"/>
</for>
<kw name="Create List" owner="BuiltIn">
<msg time="2024-06-15T23:15:15.174862" level="INFO">${expected_keysTwo} = ['username', 'password']</msg>
<var>${expected_keysTwo}</var>
<arg>username</arg>
<arg>password</arg>
<doc>Returns a list containing given items.</doc>
<status status="PASS" start="2024-06-15T23:15:15.174720" elapsed="0.000196"/>
</kw>
<for flavor="IN">
<iter>
<kw name="Dictionary Should Contain Key" owner="Collections">
<arg>${json_data['results'][0]['login']}</arg>
<arg>${keyTwo}</arg>
<doc>Fails if ``key`` is not found from ``dictionary``.</doc>
<status status="PASS" start="2024-06-15T23:15:15.175422" elapsed="0.000387"/>
</kw>
<kw name="Dictionary Should Contain Key" owner="Collections">
<arg>${json_data['results'][0]['login']}</arg>
<arg>${keyTwo}</arg>
<doc>Fails if ``key`` is not found from ``dictionary``.</doc>
<status status="PASS" start="2024-06-15T23:15:15.175994" elapsed="0.000382"/>
</kw>
<kw name="Log" owner="BuiltIn">
<msg time="2024-06-15T23:15:15.176678" level="INFO">username</msg>
<arg>${keyTwo}</arg>
<doc>Logs the given message with the given level.</doc>
<status status="PASS" start="2024-06-15T23:15:15.176557" elapsed="0.000163"/>
</kw>
<var name="${keyTwo}">username</var>
<status status="PASS" start="2024-06-15T23:15:15.175314" elapsed="0.001627"/>
</iter>
<iter>
<kw name="Dictionary Should Contain Key" owner="Collections">
<arg>${json_data['results'][0]['login']}</arg>
<arg>${keyTwo}</arg>
<doc>Fails if ``key`` is not found from ``dictionary``.</doc>
<status status="PASS" start="2024-06-15T23:15:15.177228" elapsed="0.000381"/>
</kw>
<kw name="Dictionary Should Contain Key" owner="Collections">
<arg>${json_data['results'][0]['login']}</arg>
<arg>${keyTwo}</arg>
<doc>Fails if ``key`` is not found from ``dictionary``.</doc>
<status status="PASS" start="2024-06-15T23:15:15.177827" elapsed="0.000371"/>
</kw>
<kw name="Log" owner="BuiltIn">
<msg time="2024-06-15T23:15:15.178509" level="INFO">password</msg>
<arg>${keyTwo}</arg>
<doc>Logs the given message with the given level.</doc>
<status status="PASS" start="2024-06-15T23:15:15.178374" elapsed="0.000180"/>
</kw>
<var name="${keyTwo}">password</var>
<status status="PASS" start="2024-06-15T23:15:15.177120" elapsed="0.001661"/>
</iter>
<var>${keyTwo}</var>
<value>@{expected_keysTwo}</value>
<status status="PASS" start="2024-06-15T23:15:15.175163" elapsed="0.003740"/>
</for>
<status status="PASS" start="2024-06-15T23:15:14.746291" elapsed="0.432753"/>
</kw>
<doc>Testa a estrutura da resposta da API.</doc>
<tag>testeEstruturaResposta</tag>
<status status="PASS" start="2024-06-15T23:15:14.745760" elapsed="0.433443"/>
</test>
<test id="s1-s1-t4" name="Validar tipos de dados" line="28">
<kw name="Teste de Tipos de Dados" owner="random-user-service">
<kw name="GET On Session" owner="RequestsLibrary">
<msg time="2024-06-15T23:15:15.284558" level="INFO">GET Request : url=https://randomuser.me/api 
 path_url=/api 
 headers={'User-Agent': 'python-requests/2.32.3', 'Accept-Encoding': 'gzip, deflate', 'Accept': '*/*', 'Connection': 'keep-alive'} 
 body=None 
 </msg>
<msg time="2024-06-15T23:15:15.284662" level="INFO">GET Response : url=https://randomuser.me/api 
 status=200, reason=OK 
 headers={'Date': 'Sat, 15 Jun 2024 23:15:15 GMT', 'Content-Type': 'application/json; charset=utf-8', 'Transfer-Encoding': 'chunked', 'Connection': 'keep-alive', 'X-Powered-By': 'Express', 'Access-Control-Allow-Origin': '*', 'Cache-Control': 'no-cache', 'ETag': 'W/"499-+uTFqkU/xDSQvOApmun8quL0Qdc"', 'Vary': 'Accept-Encoding', 'Content-Encoding': 'gzip', 'CF-Cache-Status': 'DYNAMIC', 'Report-To': '{"endpoints":[{"url":"https:\\/\\/a.nel.cloudflare.com\\/report\\/v4?s=ypHPxsPU%2BDYlsl9VlMKuHglYGcOAbeCoqGtALfeXvDg%2B5AKNSEKvItq265hzOQ0Vnh5jXJRJBIZn2EF8ppuOdC7yNM4%2FY79bxYTKs5TXAa%2BQ1IStrRgBWjg3ntxznZ%2Bi"}],"group":"cf-nel","max_age":604800}', 'NEL': '{"success_fraction":0,"report_to":"cf-nel","max_age":604800}', 'Server': 'cloudflare', 'CF-RAY': '894642d3edd13891-IAD', 'alt-svc': 'h3=":443"; ma=86400'} 
 body={"results":[{"gender":"female","name":{"title":"Miss","first":"Angie","last":"Jacobs"},"location":{"street":{"number":8127,"name":"Killarney Road"},"city":"Portarlington","state":"Cork City","country":"Ireland","postcode":27734,"coordinates":{"latitude":"1.9262","longitude":"70.5507"},"timezone":{"offset":"-6:00","description":"Central Time (US &amp; Canada), Mexico City"}},"email":"angie.jacobs@example.com","login":{"uuid":"1713d5c2-3d3b-4c19-87ac-01f66541f664","username":"silverbear180","password":"nudes","salt":"ZlSVhMqE","md5":"9089f44f67e89481447e10f05675966c","sha1":"41c262c4649917ad5aa51d1bf2152bd20306d075","sha256":"474c95248b039b6cf6e45425d5be7f3656af7e55733a245cc1bd8c4c6fc7c455"},"dob":{"date":"1999-03-22T09:28:41.177Z","age":25},"registered":{"date":"2010-05-08T10:00:42.053Z","age":14},"phone":"031-219-4323","cell":"081-672-6543","id":{"name":"PPS","value":"6498586T"},"picture":{"large":"https://randomuser.me/api/portraits/women/37.jpg","medium":"https://randomuser.me/api/portraits/med/women/37.jpg","thumbnail":"https://randomuser.me/api/portraits/thumb/women/37.jpg"},"nat":"IE"}],"info":{"seed":"265c8a54f86c5bcd","results":1,"page":1,"version":"1.4"}} 
 </msg>
<msg time="2024-06-15T23:15:15.284743" level="INFO">/opt/hostedtoolcache/Python/3.12.3/x64/lib/python3.12/site-packages/urllib3/connectionpool.py:1103: InsecureRequestWarning: Unverified HTTPS request is being made to host 'randomuser.me'. Adding certificate verification is strongly advised. See: https://urllib3.readthedocs.io/en/latest/advanced-usage.html#tls-warnings
  warnings.warn(</msg>
<msg time="2024-06-15T23:15:15.284875" level="INFO">${response} = &lt;Response [200]&gt;</msg>
<var>${response}</var>
<arg>consultarAPI</arg>
<arg>/api</arg>
<doc>Sends a GET request on a previously created HTTP Session.</doc>
<status status="PASS" start="2024-06-15T23:15:15.181766" elapsed="0.103158"/>
</kw>
<kw name="Set Variable" owner="BuiltIn">
<msg time="2024-06-15T23:15:15.285936" level="INFO">${json_data} = {'results': [{'gender': 'female', 'name': {'title': 'Miss', 'first': 'Angie', 'last': 'Jacobs'}, 'location': {'street': {'number': 8127, 'name': 'Killarney Road'}, 'city': 'Portarlington', 'state': 'C...</msg>
<var>${json_data}</var>
<arg>${response.json()}</arg>
<doc>Returns the given values which can then be assigned to a variables.</doc>
<status status="PASS" start="2024-06-15T23:15:15.285417" elapsed="0.000548"/>
</kw>
<kw name="Log" owner="BuiltIn">
<msg time="2024-06-15T23:15:15.286437" level="INFO">{'results': [{'gender': 'female', 'name': {'title': 'Miss', 'first': 'Angie', 'last': 'Jacobs'}, 'location': {'street': {'number': 8127, 'name': 'Killarney Road'}, 'city': 'Portarlington', 'state': 'Cork City', 'country': 'Ireland', 'postcode': 27734, 'coordinates': {'latitude': '1.9262', 'longitude': '70.5507'}, 'timezone': {'offset': '-6:00', 'description': 'Central Time (US &amp; Canada), Mexico City'}}, 'email': 'angie.jacobs@example.com', 'login': {'uuid': '1713d5c2-3d3b-4c19-87ac-01f66541f664', 'username': 'silverbear180', 'password': 'nudes', 'salt': 'ZlSVhMqE', 'md5': '9089f44f67e89481447e10f05675966c', 'sha1': '41c262c4649917ad5aa51d1bf2152bd20306d075', 'sha256': '474c95248b039b6cf6e45425d5be7f3656af7e55733a245cc1bd8c4c6fc7c455'}, 'dob': {'date': '1999-03-22T09:28:41.177Z', 'age': 25}, 'registered': {'date': '2010-05-08T10:00:42.053Z', 'age': 14}, 'phone': '031-219-4323', 'cell': '081-672-6543', 'id': {'name': 'PPS', 'value': '6498586T'}, 'picture': {'large': 'https://randomuser.me/api/portraits/women/37.jpg', 'medium': 'https://randomuser.me/api/portraits/med/women/37.jpg', 'thumbnail': 'https://randomuser.me/api/portraits/thumb/women/37.jpg'}, 'nat': 'IE'}], 'info': {'seed': '265c8a54f86c5bcd', 'results': 1, 'page': 1, 'version': '1.4'}}</msg>
<arg>${json_data}</arg>
<doc>Logs the given message with the given level.</doc>
<status status="PASS" start="2024-06-15T23:15:15.286278" elapsed="0.000218"/>
</kw>
<kw name="Should Be String" owner="String">
<arg>${json_data['results'][0]['gender']}</arg>
<doc>Fails if the given ``item`` is not a string.</doc>
<status status="PASS" start="2024-06-15T23:15:15.286785" elapsed="0.000352"/>
</kw>
<kw name="Should Match Regexp" owner="BuiltIn">
<arg>${json_data['results'][0]['email']}</arg>
<arg>^[a-zA-Z0-9._%+-]+@[a-zA-Z0-9.-]+\.[a-zA-Z]{2,}$</arg>
<doc>Fails if ``string`` does not match ``pattern`` as a regular expression.</doc>
<status status="PASS" start="2024-06-15T23:15:15.287325" elapsed="0.000572"/>
</kw>
<kw name="Should Match Regexp" owner="BuiltIn">
<arg>${json_data['results'][0]['dob']['date']}</arg>
<arg>\\d{4}-\\d{2}-\\d{2}T\\d{2}:\\d{2}:\\d{2}\\.\\d{3}Z</arg>
<doc>Fails if ``string`` does not match ``pattern`` as a regular expression.</doc>
<status status="PASS" start="2024-06-15T23:15:15.288106" elapsed="0.000481"/>
</kw>
<kw name="Should Match Regexp" owner="BuiltIn">
<arg>${json_data['results'][0]['registered']['date']}</arg>
<arg>\\d{4}-\\d{2}-\\d{2}T\\d{2}:\\d{2}:\\d{2}\\.\\d{3}Z</arg>
<doc>Fails if ``string`` does not match ``pattern`` as a regular expression.</doc>
<status status="PASS" start="2024-06-15T23:15:15.288775" elapsed="0.000369"/>
</kw>
<kw name="Should Match Regexp" owner="BuiltIn">
<arg>${json_data['results'][0]['picture']['large']}</arg>
<arg>^https?://.*\.(?:png|jpe?g|gif|bmp)$</arg>
<doc>Fails if ``string`` does not match ``pattern`` as a regular expression.</doc>
<status status="PASS" start="2024-06-15T23:15:15.289324" elapsed="0.000476"/>
</kw>
<kw name="Should Match Regexp" owner="BuiltIn">
<arg>${json_data['results'][0]['picture']['medium']}</arg>
<arg>^https?://.*\.(?:png|jpe?g|gif|bmp)$</arg>
<doc>Fails if ``string`` does not match ``pattern`` as a regular expression.</doc>
<status status="PASS" start="2024-06-15T23:15:15.289988" elapsed="0.000359"/>
</kw>
<kw name="Should Match Regexp" owner="BuiltIn">
<arg>${json_data['results'][0]['picture']['thumbnail']}</arg>
<arg>^https?://.*\.(?:png|jpe?g|gif|bmp)$</arg>
<doc>Fails if ``string`` does not match ``pattern`` as a regular expression.</doc>
<status status="PASS" start="2024-06-15T23:15:15.290530" elapsed="0.000345"/>
</kw>
<kw name="Log" owner="BuiltIn">
<msg time="2024-06-15T23:15:15.291379" level="INFO">{'large': 'https://randomuser.me/api/portraits/women/37.jpg', 'medium': 'https://randomuser.me/api/portraits/med/women/37.jpg', 'thumbnail': 'https://randomuser.me/api/portraits/thumb/women/37.jpg'}</msg>
<arg>${json_data['results'][0]['picture']}</arg>
<doc>Logs the given message with the given level.</doc>
<status status="PASS" start="2024-06-15T23:15:15.291054" elapsed="0.000366"/>
</kw>
<status status="PASS" start="2024-06-15T23:15:15.181506" elapsed="0.110172"/>
</kw>
<kw name="Teste de Tipos de Dados - Postcode" owner="random-user-service">
<kw name="GET On Session" owner="RequestsLibrary">
<msg time="2024-06-15T23:15:15.341920" level="INFO">GET Request : url=https://randomuser.me/api 
 path_url=/api 
 headers={'User-Agent': 'python-requests/2.32.3', 'Accept-Encoding': 'gzip, deflate', 'Accept': '*/*', 'Connection': 'keep-alive'} 
 body=None 
 </msg>
<msg time="2024-06-15T23:15:15.342009" level="INFO">GET Response : url=https://randomuser.me/api 
 status=200, reason=OK 
 headers={'Date': 'Sat, 15 Jun 2024 23:15:15 GMT', 'Content-Type': 'application/json; charset=utf-8', 'Transfer-Encoding': 'chunked', 'Connection': 'keep-alive', 'X-Powered-By': 'Express', 'Access-Control-Allow-Origin': '*', 'Cache-Control': 'no-cache', 'ETag': 'W/"4a4-XqFUZGcJMJ7fN8A4rdUv+EaOhE0"', 'Vary': 'Accept-Encoding', 'Content-Encoding': 'gzip', 'CF-Cache-Status': 'DYNAMIC', 'Report-To': '{"endpoints":[{"url":"https:\\/\\/a.nel.cloudflare.com\\/report\\/v4?s=MVhngqG9dSUDK0P17kyGmrog9ePMMTyy36CWry%2F%2BCHS9o0Cf0zNnpwm039dbW%2BnVdLR7Jft8nRx3DfabU46AOM%2BXYB8ucdmy%2BaeVLoCDwXDU2Xn0f3V4TmRTak%2BH%2BH2n"}],"group":"cf-nel","max_age":604800}', 'NEL': '{"success_fraction":0,"report_to":"cf-nel","max_age":604800}', 'Server': 'cloudflare', 'CF-RAY': '894642d49ea73891-IAD', 'alt-svc': 'h3=":443"; ma=86400'} 
 body={"results":[{"gender":"male","name":{"title":"Monsieur","first":"Alfonso","last":"Dupuis"},"location":{"street":{"number":8549,"name":"Avenue Debourg"},"city":"Gelterkinden","state":"Jura","country":"Switzerland","postcode":9491,"coordinates":{"latitude":"-57.2607","longitude":"-53.1365"},"timezone":{"offset":"+8:00","description":"Beijing, Perth, Singapore, Hong Kong"}},"email":"alfonso.dupuis@example.com","login":{"uuid":"04dd056b-223c-49fb-9447-f8ddfa67ff18","username":"goldenladybug974","password":"critter","salt":"lloVJ9Sh","md5":"ca198257105d0ac50a46e9cddbe617b3","sha1":"deb13539ebfe19c7acf1cd37d072fdd0ae45b056","sha256":"34c464fb50f22d0d2cece346d78058e22f0b8f0b0322351cbbdac66645279778"},"dob":{"date":"1973-08-30T09:04:00.841Z","age":50},"registered":{"date":"2019-05-10T10:13:16.445Z","age":5},"phone":"078 449 90 59","cell":"079 845 70 62","id":{"name":"AVS","value":"756.1286.5988.01"},"picture":{"large":"https://randomuser.me/api/portraits/men/84.jpg","medium":"https://randomuser.me/api/portraits/med/men/84.jpg","thumbnail":"https://randomuser.me/api/portraits/thumb/men/84.jpg"},"nat":"CH"}],"info":{"seed":"9aee2502bd34330c","results":1,"page":1,"version":"1.4"}} 
 </msg>
<msg time="2024-06-15T23:15:15.342079" level="INFO">/opt/hostedtoolcache/Python/3.12.3/x64/lib/python3.12/site-packages/urllib3/connectionpool.py:1103: InsecureRequestWarning: Unverified HTTPS request is being made to host 'randomuser.me'. Adding certificate verification is strongly advised. See: https://urllib3.readthedocs.io/en/latest/advanced-usage.html#tls-warnings
  warnings.warn(</msg>
<msg time="2024-06-15T23:15:15.342169" level="INFO">${response} = &lt;Response [200]&gt;</msg>
<var>${response}</var>
<arg>consultarAPI</arg>
<arg>/api</arg>
<doc>Sends a GET request on a previously created HTTP Session.</doc>
<status status="PASS" start="2024-06-15T23:15:15.292136" elapsed="0.050062"/>
</kw>
<kw name="Set Variable" owner="BuiltIn">
<msg time="2024-06-15T23:15:15.343048" level="INFO">${json_data} = {'results': [{'gender': 'male', 'name': {'title': 'Monsieur', 'first': 'Alfonso', 'last': 'Dupuis'}, 'location': {'street': {'number': 8549, 'name': 'Avenue Debourg'}, 'city': 'Gelterkinden', 'state':...</msg>
<var>${json_data}</var>
<arg>${response.json()}</arg>
<doc>Returns the given values which can then be assigned to a variables.</doc>
<status status="PASS" start="2024-06-15T23:15:15.342593" elapsed="0.000485"/>
</kw>
<kw name="Log" owner="BuiltIn">
<msg time="2024-06-15T23:15:15.343527" level="INFO">{'results': [{'gender': 'male', 'name': {'title': 'Monsieur', 'first': 'Alfonso', 'last': 'Dupuis'}, 'location': {'street': {'number': 8549, 'name': 'Avenue Debourg'}, 'city': 'Gelterkinden', 'state': 'Jura', 'country': 'Switzerland', 'postcode': 9491, 'coordinates': {'latitude': '-57.2607', 'longitude': '-53.1365'}, 'timezone': {'offset': '+8:00', 'description': 'Beijing, Perth, Singapore, Hong Kong'}}, 'email': 'alfonso.dupuis@example.com', 'login': {'uuid': '04dd056b-223c-49fb-9447-f8ddfa67ff18', 'username': 'goldenladybug974', 'password': 'critter', 'salt': 'lloVJ9Sh', 'md5': 'ca198257105d0ac50a46e9cddbe617b3', 'sha1': 'deb13539ebfe19c7acf1cd37d072fdd0ae45b056', 'sha256': '34c464fb50f22d0d2cece346d78058e22f0b8f0b0322351cbbdac66645279778'}, 'dob': {'date': '1973-08-30T09:04:00.841Z', 'age': 50}, 'registered': {'date': '2019-05-10T10:13:16.445Z', 'age': 5}, 'phone': '078 449 90 59', 'cell': '079 845 70 62', 'id': {'name': 'AVS', 'value': '756.1286.5988.01'}, 'picture': {'large': 'https://randomuser.me/api/portraits/men/84.jpg', 'medium': 'https://randomuser.me/api/portraits/med/men/84.jpg', 'thumbnail': 'https://randomuser.me/api/portraits/thumb/men/84.jpg'}, 'nat': 'CH'}], 'info': {'seed': '9aee2502bd34330c', 'results': 1, 'page': 1, 'version': '1.4'}}</msg>
<arg>${json_data}</arg>
<doc>Logs the given message with the given level.</doc>
<status status="PASS" start="2024-06-15T23:15:15.343376" elapsed="0.000209"/>
</kw>
<kw name="Should Be Equal As Numbers" owner="BuiltIn">
<arg>${json_data['results'][0]['location']['postcode']}</arg>
<arg>${json_data['results'][0]['location']['postcode']}</arg>
<doc>Fails if objects are unequal after converting them to real numbers.</doc>
<status status="PASS" start="2024-06-15T23:15:15.343890" elapsed="0.000614"/>
</kw>
<kw name="Log" owner="BuiltIn">
<msg time="2024-06-15T23:15:15.345065" level="INFO">9491</msg>
<arg>${json_data['results'][0]['location']['postcode']}</arg>
<doc>Logs the given message with the given level.</doc>
<status status="PASS" start="2024-06-15T23:15:15.344695" elapsed="0.000411"/>
</kw>
<status status="PASS" start="2024-06-15T23:15:15.291905" elapsed="0.053453"/>
</kw>
<doc>Testa se os tipos de dados na resposta da API estão corretos.</doc>
<tag>testeTiposDados</tag>
<status status="PASS" start="2024-06-15T23:15:15.180945" elapsed="0.164579"/>
</test>
<test id="s1-s1-t5" name="Validar conteudo" line="35">
<kw name="Teste de Tipos de Conteudo" owner="random-user-service">
<kw name="GET On Session" owner="RequestsLibrary">
<msg time="2024-06-15T23:15:15.465475" level="INFO">GET Request : url=https://randomuser.me/api 
 path_url=/api 
 headers={'User-Agent': 'python-requests/2.32.3', 'Accept-Encoding': 'gzip, deflate', 'Accept': '*/*', 'Connection': 'keep-alive'} 
 body=None 
 </msg>
<msg time="2024-06-15T23:15:15.465568" level="INFO">GET Response : url=https://randomuser.me/api 
 status=200, reason=OK 
 headers={'Date': 'Sat, 15 Jun 2024 23:15:15 GMT', 'Content-Type': 'application/json; charset=utf-8', 'Transfer-Encoding': 'chunked', 'Connection': 'keep-alive', 'X-Powered-By': 'Express', 'Access-Control-Allow-Origin': '*', 'Cache-Control': 'no-cache', 'ETag': 'W/"4a1-IzU7wPtAXW7ICqmqNWaDCbFgxPQ"', 'Vary': 'Accept-Encoding', 'Content-Encoding': 'gzip', 'CF-Cache-Status': 'DYNAMIC', 'Report-To': '{"endpoints":[{"url":"https:\\/\\/a.nel.cloudflare.com\\/report\\/v4?s=GMrGSrJadv7Y%2Fu1%2FsLPs8eAsR4ZKXJ8kRki8ApycMWTKQv%2FrzaIIW%2BwGLA9zMfJSzeVnHUfdnvQIopuYxIpi35J2NTNrMoF2B3d31I%2BSncVU3YKb00d7a7gRv2lo8%2BY%2F"}],"group":"cf-nel","max_age":604800}', 'NEL': '{"success_fraction":0,"report_to":"cf-nel","max_age":604800}', 'Server': 'cloudflare', 'CF-RAY': '894642d4ef0e3891-IAD', 'alt-svc': 'h3=":443"; ma=86400'} 
 body={"results":[{"gender":"male","name":{"title":"Mr","first":"شایان","last":"سلطانی نژاد"},"location":{"street":{"number":6730,"name":"ولیعصر / مصدق"},"city":"تبریز","state":"خراسان جنوبی","country":"Iran","postcode":97112,"coordinates":{"latitude":"20.6267","longitude":"-179.8719"},"timezone":{"offset":"-11:00","description":"Midway Island, Samoa"}},"email":"shyn.sltnynjd@example.com","login":{"uuid":"850ae44f-1f98-4d47-b25a-fafa2f23bf9e","username":"goldenostrich951","password":"bikini","salt":"f0JIZrD0","md5":"b5813c55b55503294eef25ce12b9c68d","sha1":"d6193b9ecd7d5dac406f762b7d175a5e27e3dbb4","sha256":"7ad7c0fd0ba97ddf38b38a0c95275e9b4f99fd3357ec22ecdf674bbf68d8116a"},"dob":{"date":"1980-06-06T03:32:20.422Z","age":44},"registered":{"date":"2022-01-09T23:29:18.378Z","age":2},"phone":"019-12795964","cell":"0902-919-3550","id":{"name":"","value":null},"picture":{"large":"https://randomuser.me/api/portraits/men/65.jpg","medium":"https://randomuser.me/api/portraits/med/men/65.jpg","thumbnail":"https://randomuser.me/api/portraits/thumb/men/65.jpg"},"nat":"IR"}],"info":{"seed":"74eeefdf7e268166","results":1,"page":1,"version":"1.4"}} 
 </msg>
<msg time="2024-06-15T23:15:15.465679" level="INFO">/opt/hostedtoolcache/Python/3.12.3/x64/lib/python3.12/site-packages/urllib3/connectionpool.py:1103: InsecureRequestWarning: Unverified HTTPS request is being made to host 'randomuser.me'. Adding certificate verification is strongly advised. See: https://urllib3.readthedocs.io/en/latest/advanced-usage.html#tls-warnings
  warnings.warn(</msg>
<msg time="2024-06-15T23:15:15.465803" level="INFO">${response} = &lt;Response [200]&gt;</msg>
<var>${response}</var>
<arg>consultarAPI</arg>
<arg>/api</arg>
<doc>Sends a GET request on a previously created HTTP Session.</doc>
<status status="PASS" start="2024-06-15T23:15:15.348145" elapsed="0.117696"/>
</kw>
<kw name="Set Variable" owner="BuiltIn">
<msg time="2024-06-15T23:15:15.466959" level="INFO">${json_data} = {'results': [{'gender': 'male', 'name': {'title': 'Mr', 'first': 'شایان', 'last': 'سلطانی نژاد'}, 'location': {'street': {'number': 6730, 'name': 'ولیعصر / مصدق'}, 'city': 'تبریز', 'state': 'خراسان جن...</msg>
<var>${json_data}</var>
<arg>${response.json()}</arg>
<doc>Returns the given values which can then be assigned to a variables.</doc>
<status status="PASS" start="2024-06-15T23:15:15.466418" elapsed="0.000574"/>
</kw>
<kw name="Set Variable" owner="BuiltIn">
<msg time="2024-06-15T23:15:15.467675" level="INFO">${name_title} = Mr</msg>
<var>${name_title}</var>
<arg>${json_data["results"][0]["name"]["title"]}</arg>
<doc>Returns the given values which can then be assigned to a variables.</doc>
<status status="PASS" start="2024-06-15T23:15:15.467298" elapsed="0.000402"/>
</kw>
<kw name="Create List" owner="BuiltIn">
<msg time="2024-06-15T23:15:15.468143" level="INFO">${allowed_titles} = ['Mr', 'Ms', 'Miss', 'Mrs', 'Madame', 'Monsieur']</msg>
<var>${allowed_titles}</var>
<arg>Mr</arg>
<arg>Ms</arg>
<arg>Miss</arg>
<arg>Mrs</arg>
<arg>Madame</arg>
<arg>Monsieur</arg>
<doc>Returns a list containing given items.</doc>
<status status="PASS" start="2024-06-15T23:15:15.467994" elapsed="0.000174"/>
</kw>
<kw name="List Should Contain Value" owner="Collections">
<arg>${allowed_titles}</arg>
<arg>${name_title}</arg>
<doc>Fails if the ``value`` is not found from ``list``.</doc>
<status status="PASS" start="2024-06-15T23:15:15.468465" elapsed="0.000185"/>
</kw>
<kw name="Set Variable" owner="BuiltIn">
<msg time="2024-06-15T23:15:15.469191" level="INFO">${name_country} = IR</msg>
<var>${name_country}</var>
<arg>${json_data["results"][0]["nat"]}</arg>
<doc>Returns the given values which can then be assigned to a variables.</doc>
<status status="PASS" start="2024-06-15T23:15:15.468829" elapsed="0.000387"/>
</kw>
<kw name="Create List" owner="BuiltIn">
<msg time="2024-06-15T23:15:15.470148" level="INFO">${list_country} = ['AD', 'AE', 'AF', 'AG', 'AI', 'AL', 'AM', 'AO', 'AQ', 'AR', 'AS', 'AT', 'AU', 'AW', 'AX', 'AZ', 'BA', 'BB', 'BD', 'BE', 'BF', 'BG', 'BH', 'BI', 'BJ', 'BL', 'BM', 'BN', 'BO', 'BQ', 'BR', 'BS', 'BT', '...</msg>
<var>${list_country}</var>
<arg>AD</arg>
<arg>AE</arg>
<arg>AF</arg>
<arg>AG</arg>
<arg>AI</arg>
<arg>AL</arg>
<arg>AM</arg>
<arg>AO</arg>
<arg>AQ</arg>
<arg>AR</arg>
<arg>AS</arg>
<arg>AT</arg>
<arg>AU</arg>
<arg>AW</arg>
<arg>AX</arg>
<arg>AZ</arg>
<arg>BA</arg>
<arg>BB</arg>
<arg>BD</arg>
<arg>BE</arg>
<arg>BF</arg>
<arg>BG</arg>
<arg>BH</arg>
<arg>BI</arg>
<arg>BJ</arg>
<arg>BL</arg>
<arg>BM</arg>
<arg>BN</arg>
<arg>BO</arg>
<arg>BQ</arg>
<arg>BR</arg>
<arg>BS</arg>
<arg>BT</arg>
<arg>BV</arg>
<arg>BW</arg>
<arg>BY</arg>
<arg>BZ</arg>
<arg>CA</arg>
<arg>CC</arg>
<arg>CD</arg>
<arg>CF</arg>
<arg>CG</arg>
<arg>CH</arg>
<arg>CI</arg>
<arg>CK</arg>
<arg>CL</arg>
<arg>CM</arg>
<arg>CN</arg>
<arg>CO</arg>
<arg>CR</arg>
<arg>CU</arg>
<arg>CV</arg>
<arg>CW</arg>
<arg>CX</arg>
<arg>CY</arg>
<arg>CZ</arg>
<arg>DE</arg>
<arg>DJ</arg>
<arg>DK</arg>
<arg>DM</arg>
<arg>DO</arg>
<arg>DZ</arg>
<arg>EC</arg>
<arg>EE</arg>
<arg>EG</arg>
<arg>EH</arg>
<arg>ER</arg>
<arg>ES</arg>
<arg>ET</arg>
<arg>FI</arg>
<arg>FJ</arg>
<arg>FK</arg>
<arg>FM</arg>
<arg>FO</arg>
<arg>FR</arg>
<arg>GA</arg>
<arg>GB</arg>
<arg>GD</arg>
<arg>GE</arg>
<arg>GF</arg>
<arg>GG</arg>
<arg>GH</arg>
<arg>GI</arg>
<arg>GL</arg>
<arg>GM</arg>
<arg>GN</arg>
<arg>GP</arg>
<arg>GQ</arg>
<arg>GR</arg>
<arg>GS</arg>
<arg>GT</arg>
<arg>GU</arg>
<arg>GW</arg>
<arg>GY</arg>
<arg>HK</arg>
<arg>HM</arg>
<arg>HN</arg>
<arg>HR</arg>
<arg>HT</arg>
<arg>HU</arg>
<arg>ID</arg>
<arg>IE</arg>
<arg>IL</arg>
<arg>IM</arg>
<arg>IN</arg>
<arg>IO</arg>
<arg>IQ</arg>
<arg>IR</arg>
<arg>IS</arg>
<arg>IT</arg>
<arg>JE</arg>
<arg>JM</arg>
<arg>JO</arg>
<arg>JP</arg>
<arg>KE</arg>
<arg>KG</arg>
<arg>KH</arg>
<arg>KI</arg>
<arg>KM</arg>
<arg>KN</arg>
<arg>KP</arg>
<arg>KR</arg>
<arg>KW</arg>
<arg>KY</arg>
<arg>KZ</arg>
<arg>LA</arg>
<arg>LB</arg>
<arg>LC</arg>
<arg>LI</arg>
<arg>LK</arg>
<arg>LR</arg>
<arg>LS</arg>
<arg>LT</arg>
<arg>LU</arg>
<arg>LV</arg>
<arg>LY</arg>
<arg>MA</arg>
<arg>MC</arg>
<arg>MD</arg>
<arg>ME</arg>
<arg>MF</arg>
<arg>MG</arg>
<arg>MH</arg>
<arg>MK</arg>
<arg>ML</arg>
<arg>MM</arg>
<arg>MN</arg>
<arg>MO</arg>
<arg>MP</arg>
<arg>MQ</arg>
<arg>MR</arg>
<arg>MS</arg>
<arg>MT</arg>
<arg>MU</arg>
<arg>MV</arg>
<arg>MW</arg>
<arg>MX</arg>
<arg>MY</arg>
<arg>MZ</arg>
<arg>NA</arg>
<arg>NC</arg>
<arg>NE</arg>
<arg>NF</arg>
<arg>NG</arg>
<arg>NI</arg>
<arg>NL</arg>
<arg>NO</arg>
<arg>NP</arg>
<arg>NR</arg>
<arg>NU</arg>
<arg>NZ</arg>
<arg>OM</arg>
<arg>PA</arg>
<arg>PE</arg>
<arg>PF</arg>
<arg>PG</arg>
<arg>PH</arg>
<arg>PK</arg>
<arg>PL</arg>
<arg>PM</arg>
<arg>PN</arg>
<arg>PR</arg>
<arg>PS</arg>
<arg>PT</arg>
<arg>PW</arg>
<arg>PY</arg>
<arg>QA</arg>
<arg>RE</arg>
<arg>RO</arg>
<arg>RS</arg>
<arg>RU</arg>
<arg>RW</arg>
<arg>SA</arg>
<arg>SB</arg>
<arg>SC</arg>
<arg>SD</arg>
<arg>SE</arg>
<arg>SG</arg>
<arg>SH</arg>
<arg>SI</arg>
<arg>SJ</arg>
<arg>SK</arg>
<arg>SL</arg>
<arg>SM</arg>
<arg>SN</arg>
<arg>SO</arg>
<arg>SR</arg>
<arg>SS</arg>
<arg>ST</arg>
<arg>SV</arg>
<arg>SX</arg>
<arg>SY</arg>
<arg>SZ</arg>
<arg>TC</arg>
<arg>TD</arg>
<arg>TF</arg>
<arg>TG</arg>
<arg>TH</arg>
<arg>TJ</arg>
<arg>TK</arg>
<arg>TL</arg>
<arg>TM</arg>
<arg>TN</arg>
<arg>TO</arg>
<arg>TR</arg>
<arg>TT</arg>
<arg>TV</arg>
<arg>TW</arg>
<arg>TZ</arg>
<arg>UA</arg>
<arg>UG</arg>
<arg>UM</arg>
<arg>US</arg>
<arg>UY</arg>
<arg>UZ</arg>
<arg>VA</arg>
<arg>VC</arg>
<arg>VE</arg>
<arg>VG</arg>
<arg>VI</arg>
<arg>VN</arg>
<arg>VU</arg>
<arg>WF</arg>
<arg>WS</arg>
<arg>XK</arg>
<arg>YE</arg>
<arg>YT</arg>
<arg>ZA</arg>
<arg>ZM</arg>
<arg>ZW</arg>
<doc>Returns a list containing given items.</doc>
<status status="PASS" start="2024-06-15T23:15:15.469508" elapsed="0.000666"/>
</kw>
<kw name="List Should Contain Value" owner="Collections">
<arg>${list_country}</arg>
<arg>${name_country}</arg>
<doc>Fails if the ``value`` is not found from ``list``.</doc>
<status status="PASS" start="2024-06-15T23:15:15.470972" elapsed="0.000207"/>
</kw>
<kw name="Run Keyword If" owner="BuiltIn">
<kw name="Should Be True" owner="BuiltIn">
<arg>${True}</arg>
<doc>Fails if the given condition is not true.</doc>
<status status="PASS" start="2024-06-15T23:15:15.472120" elapsed="0.000143"/>
</kw>
<arg>${json_data["results"][0]["location"]["coordinates"]["latitude"]} &gt;= -90 and ${json_data["results"][0]["location"]["coordinates"]["latitude"]} &lt;= 90</arg>
<arg>Should Be True</arg>
<arg>${True}</arg>
<doc>Runs the given keyword with the given arguments, if ``condition`` is true.</doc>
<status status="PASS" start="2024-06-15T23:15:15.471380" elapsed="0.001012"/>
</kw>
<kw name="Run Keyword If" owner="BuiltIn">
<kw name="Should Be True" owner="BuiltIn">
<arg>${True}</arg>
<doc>Fails if the given condition is not true.</doc>
<status status="PASS" start="2024-06-15T23:15:15.473269" elapsed="0.000140"/>
</kw>
<arg>${json_data["results"][0]["location"]["coordinates"]["longitude"]} &gt;= -180 and ${json_data["results"][0]["location"]["coordinates"]["longitude"]} &lt;= 180</arg>
<arg>Should Be True</arg>
<arg>${True}</arg>
<doc>Runs the given keyword with the given arguments, if ``condition`` is true.</doc>
<status status="PASS" start="2024-06-15T23:15:15.472578" elapsed="0.000958"/>
</kw>
<status status="PASS" start="2024-06-15T23:15:15.347765" elapsed="0.125932"/>
</kw>
<doc>Testa o conteúdo específico dos campos retornados pela API.</doc>
<tag>testeConteudo</tag>
<status status="PASS" start="2024-06-15T23:15:15.347303" elapsed="0.126562"/>
</test>
<status status="PASS" start="2024-06-15T23:15:14.255946" elapsed="1.219941"/>
</suite>
<status status="PASS" start="2024-06-15T23:15:14.242469" elapsed="1.238636"/>
</suite>
<statistics>
<total>
<stat pass="5" fail="0" skip="0">All Tests</stat>
</total>
<tag>
<stat pass="1" fail="0" skip="0">testeConteudo</stat>
<stat pass="1" fail="0" skip="0">testeEstruturaResposta</stat>
<stat pass="1" fail="0" skip="0">testeRequisicaoBasica</stat>
<stat pass="1" fail="0" skip="0">testeTiposDados</stat>
</tag>
<suite>
<stat pass="5" fail="0" skip="0" id="s1" name="Tests">Tests</stat>
<stat pass="5" fail="0" skip="0" id="s1-s1" name="Random-User-Test">Tests.Random-User-Test</stat>
</suite>
</statistics>
<errors>
</errors>
</robot>
