<?xml version="1.0" encoding="UTF-8"?>
<robot generator="Robot 7.0.1 (Python 3.12.4 on linux)" generated="2024-07-21T12:28:04.863779" rpa="false" schemaversion="5">
<suite id="s1" name="Tests" source="/home/runner/work/ApiRandomUser/ApiRandomUser/RamdonUser/tests">
<suite id="s1-s1" name="Random-User-Test" source="/home/runner/work/ApiRandomUser/ApiRandomUser/RamdonUser/tests/random-user-test.robot">
<test id="s1-s1-t1" name="Conectar" line="13">
<kw name="Conectar API" owner="random-user-service">
<kw name="Create Session" owner="RequestsLibrary">
<msg time="2024-07-21T12:28:05.307635" level="INFO">Creating Session using : alias=consultarAPI, url=https://randomuser.me/, headers={},                     cookies={}, auth=None, timeout=None, proxies=None, verify=False,                     debug=0 </msg>
<arg>consultarAPI</arg>
<arg>${URL}</arg>
<doc>Create Session: create a HTTP session to a server</doc>
<status status="PASS" start="2024-07-21T12:28:05.307443" elapsed="0.000359"/>
</kw>
<status status="PASS" start="2024-07-21T12:28:05.306454" elapsed="0.001692"/>
</kw>
<status status="PASS" start="2024-07-21T12:28:05.305836" elapsed="0.002504"/>
</test>
<test id="s1-s1-t2" name="Validar retorno 200 e JSON Válido" line="16">
<kw name="Teste de Requisicao Basica" owner="random-user-service">
<kw name="GET On Session" owner="RequestsLibrary">
<msg time="2024-07-21T12:28:05.618676" level="INFO">GET Request : url=https://randomuser.me/api 
 path_url=/api 
 headers={'User-Agent': 'python-requests/2.32.3', 'Accept-Encoding': 'gzip, deflate', 'Accept': '*/*', 'Connection': 'keep-alive'} 
 body=None 
 </msg>
<msg time="2024-07-21T12:28:05.618781" level="INFO">GET Response : url=https://randomuser.me/api 
 status=200, reason=OK 
 headers={'Date': 'Sun, 21 Jul 2024 12:28:05 GMT', 'Content-Type': 'application/json; charset=utf-8', 'Transfer-Encoding': 'chunked', 'Connection': 'keep-alive', 'X-Powered-By': 'Express', 'Access-Control-Allow-Origin': '*', 'Cache-Control': 'no-cache', 'ETag': 'W/"497-QHJzIJaDKsZXi2cDL3DRth6s4Tg"', 'Vary': 'Accept-Encoding', 'Content-Encoding': 'gzip', 'CF-Cache-Status': 'DYNAMIC', 'Report-To': '{"endpoints":[{"url":"https:\\/\\/a.nel.cloudflare.com\\/report\\/v4?s=z02XRQQ0Nlfn3AgZwSUqhXw%2BCiN7J7HwpAK2%2BRxd4wWN5s1xQofTsIZ26Kk4ejgd6pGyERpU8cExJdsZn%2FhW%2BhchLxwY2YqaQufPH4Fts0cpQ5QYsAkGVpON0SqnWXiP"}],"group":"cf-nel","max_age":604800}', 'NEL': '{"success_fraction":0,"report_to":"cf-nel","max_age":604800}', 'Server': 'cloudflare', 'CF-RAY': '8a6b3056df3087a9-IAD', 'alt-svc': 'h3=":443"; ma=86400'} 
 body={"results":[{"gender":"female","name":{"title":"Mrs","first":"Nehrika","last":"Dawangave"},"location":{"street":{"number":2674,"name":"Commercial St"},"city":"Mysore","state":"Odisha","country":"India","postcode":76702,"coordinates":{"latitude":"7.2387","longitude":"111.5082"},"timezone":{"offset":"+8:00","description":"Beijing, Perth, Singapore, Hong Kong"}},"email":"nehrika.dawangave@example.com","login":{"uuid":"746d43ab-bff7-4894-a54c-21829d7d151d","username":"silvercat201","password":"darkside","salt":"88EIJqkx","md5":"442aef9eee4e7c0eb01337b34599b6a6","sha1":"4ecf8a97dde84fa5fcb2a6c1d2dafd113d88878e","sha256":"c6ada9355f1fbeac1ff7ef0523b44cb7494121c563333ea665f60716c02f4f66"},"dob":{"date":"1975-07-21T19:00:12.289Z","age":48},"registered":{"date":"2004-10-20T18:00:48.658Z","age":19},"phone":"9481318129","cell":"7395042993","id":{"name":"UIDAI","value":"412928401977"},"picture":{"large":"https://randomuser.me/api/portraits/women/60.jpg","medium":"https://randomuser.me/api/portraits/med/women/60.jpg","thumbnail":"https://randomuser.me/api/portraits/thumb/women/60.jpg"},"nat":"IN"}],"info":{"seed":"a737cb0951270927","results":1,"page":1,"version":"1.4"}} 
 </msg>
<msg time="2024-07-21T12:28:05.618853" level="INFO">/opt/hostedtoolcache/Python/3.12.4/x64/lib/python3.12/site-packages/urllib3/connectionpool.py:1099: InsecureRequestWarning: Unverified HTTPS request is being made to host 'randomuser.me'. Adding certificate verification is strongly advised. See: https://urllib3.readthedocs.io/en/latest/advanced-usage.html#tls-warnings
  warnings.warn(</msg>
<msg time="2024-07-21T12:28:05.618962" level="INFO">${response} = &lt;Response [200]&gt;</msg>
<var>${response}</var>
<arg>consultarAPI</arg>
<arg>/api</arg>
<doc>Sends a GET request on a previously created HTTP Session.</doc>
<status status="PASS" start="2024-07-21T12:28:05.311021" elapsed="0.307983"/>
</kw>
<kw name="Should Be Equal As Numbers" owner="BuiltIn">
<msg time="2024-07-21T12:28:05.620034" level="INFO">Argument types are:
&lt;class 'int'&gt;
&lt;class 'str'&gt;</msg>
<arg>${response.status_code}</arg>
<arg>200</arg>
<doc>Fails if objects are unequal after converting them to real numbers.</doc>
<status status="PASS" start="2024-07-21T12:28:05.619524" elapsed="0.000571"/>
</kw>
<kw name="Log" owner="BuiltIn">
<msg time="2024-07-21T12:28:05.620761" level="INFO">200</msg>
<arg>${response.status_code}</arg>
<doc>Logs the given message with the given level.</doc>
<status status="PASS" start="2024-07-21T12:28:05.620411" elapsed="0.000392"/>
</kw>
<kw name="Set Variable" owner="BuiltIn">
<msg time="2024-07-21T12:28:05.621524" level="INFO">${json_data} = {'results': [{'gender': 'female', 'name': {'title': 'Mrs', 'first': 'Nehrika', 'last': 'Dawangave'}, 'location': {'street': {'number': 2674, 'name': 'Commercial St'}, 'city': 'Mysore', 'state': 'Odish...</msg>
<var>${json_data}</var>
<arg>${response.json()}</arg>
<doc>Returns the given values which can then be assigned to a variables.</doc>
<status status="PASS" start="2024-07-21T12:28:05.621104" elapsed="0.000448"/>
</kw>
<kw name="Dictionary Should Contain Key" owner="Collections">
<arg>${json_data}</arg>
<arg>results</arg>
<doc>Fails if ``key`` is not found from ``dictionary``.</doc>
<status status="PASS" start="2024-07-21T12:28:05.621866" elapsed="0.000280"/>
</kw>
<status status="PASS" start="2024-07-21T12:28:05.310779" elapsed="0.311512"/>
</kw>
<doc>Testa se a API responde corretamente e retorna um objeto JSON válido.</doc>
<tag>testeRequisicaoBasica</tag>
<status status="PASS" start="2024-07-21T12:28:05.310199" elapsed="0.312291"/>
</test>
<test id="s1-s1-t3" name="Validar estrutura de resposta" line="22">
<kw name="Teste de Estrutura de Resposta" owner="random-user-service">
<kw name="GET On Session" owner="RequestsLibrary">
<msg time="2024-07-21T12:28:05.711495" level="INFO">GET Request : url=https://randomuser.me/api 
 path_url=/api 
 headers={'User-Agent': 'python-requests/2.32.3', 'Accept-Encoding': 'gzip, deflate', 'Accept': '*/*', 'Connection': 'keep-alive'} 
 body=None 
 </msg>
<msg time="2024-07-21T12:28:05.711572" level="INFO">GET Response : url=https://randomuser.me/api 
 status=200, reason=OK 
 headers={'Date': 'Sun, 21 Jul 2024 12:28:05 GMT', 'Content-Type': 'application/json; charset=utf-8', 'Transfer-Encoding': 'chunked', 'Connection': 'keep-alive', 'X-Powered-By': 'Express', 'Access-Control-Allow-Origin': '*', 'Cache-Control': 'no-cache', 'ETag': 'W/"474-Im+fGxFRbOArd0czZfcMY/rnFro"', 'Vary': 'Accept-Encoding', 'Content-Encoding': 'gzip', 'CF-Cache-Status': 'DYNAMIC', 'Report-To': '{"endpoints":[{"url":"https:\\/\\/a.nel.cloudflare.com\\/report\\/v4?s=Q%2Bwm8qK5I8v12eWRxoQgvw9%2FWjGHCtnFfyYff9l4hvkzWOh9aCtjLspOqZ19hkNHd3GUtCH1ISPpoHB4VRw686MRdIX7YkGJzC5%2B223rgGPiryaMq7dAI8FB8kLwR%2BiZ"}],"group":"cf-nel","max_age":604800}', 'NEL': '{"success_fraction":0,"report_to":"cf-nel","max_age":604800}', 'Server': 'cloudflare', 'CF-RAY': '8a6b30574fae87a9-IAD', 'alt-svc': 'h3=":443"; ma=86400'} 
 body={"results":[{"gender":"male","name":{"title":"Mr","first":"Warren","last":"Watkins"},"location":{"street":{"number":3303,"name":"New Road"},"city":"Sligo","state":"Laois","country":"Ireland","postcode":76463,"coordinates":{"latitude":"0.5192","longitude":"-25.5945"},"timezone":{"offset":"-1:00","description":"Azores, Cape Verde Islands"}},"email":"warren.watkins@example.com","login":{"uuid":"fe657d7b-86c4-487f-9004-88f9daf2f283","username":"angryfish605","password":"420420","salt":"FyVsHD9K","md5":"3f1a920d3ca833448c3ec9765ba6e786","sha1":"2a0accfcf408af3d192c47b44b045116b64a3cc5","sha256":"a2c9aafe78a8c95621ddcf4ebbe849a6fbad20b8b0436bc800bcfd247580a7a6"},"dob":{"date":"1974-07-03T11:22:35.583Z","age":50},"registered":{"date":"2022-05-08T02:34:33.556Z","age":2},"phone":"071-691-9152","cell":"081-576-9827","id":{"name":"PPS","value":"8595146T"},"picture":{"large":"https://randomuser.me/api/portraits/men/59.jpg","medium":"https://randomuser.me/api/portraits/med/men/59.jpg","thumbnail":"https://randomuser.me/api/portraits/thumb/men/59.jpg"},"nat":"IE"}],"info":{"seed":"562e52b75201c679","results":1,"page":1,"version":"1.4"}} 
 </msg>
<msg time="2024-07-21T12:28:05.711684" level="INFO">/opt/hostedtoolcache/Python/3.12.4/x64/lib/python3.12/site-packages/urllib3/connectionpool.py:1099: InsecureRequestWarning: Unverified HTTPS request is being made to host 'randomuser.me'. Adding certificate verification is strongly advised. See: https://urllib3.readthedocs.io/en/latest/advanced-usage.html#tls-warnings
  warnings.warn(</msg>
<msg time="2024-07-21T12:28:05.711787" level="INFO">${response} = &lt;Response [200]&gt;</msg>
<var>${response}</var>
<arg>consultarAPI</arg>
<arg>/api</arg>
<doc>Sends a GET request on a previously created HTTP Session.</doc>
<status status="PASS" start="2024-07-21T12:28:05.625081" elapsed="0.086747"/>
</kw>
<kw name="Set Variable" owner="BuiltIn">
<msg time="2024-07-21T12:28:05.712867" level="INFO">${json_data} = {'results': [{'gender': 'male', 'name': {'title': 'Mr', 'first': 'Warren', 'last': 'Watkins'}, 'location': {'street': {'number': 3303, 'name': 'New Road'}, 'city': 'Sligo', 'state': 'Laois', 'country'...</msg>
<var>${json_data}</var>
<arg>${response.json()}</arg>
<doc>Returns the given values which can then be assigned to a variables.</doc>
<status status="PASS" start="2024-07-21T12:28:05.712272" elapsed="0.000624"/>
</kw>
<kw name="Log" owner="BuiltIn">
<msg time="2024-07-21T12:28:05.713356" level="INFO">{'results': [{'gender': 'male', 'name': {'title': 'Mr', 'first': 'Warren', 'last': 'Watkins'}, 'location': {'street': {'number': 3303, 'name': 'New Road'}, 'city': 'Sligo', 'state': 'Laois', 'country': 'Ireland', 'postcode': 76463, 'coordinates': {'latitude': '0.5192', 'longitude': '-25.5945'}, 'timezone': {'offset': '-1:00', 'description': 'Azores, Cape Verde Islands'}}, 'email': 'warren.watkins@example.com', 'login': {'uuid': 'fe657d7b-86c4-487f-9004-88f9daf2f283', 'username': 'angryfish605', 'password': '420420', 'salt': 'FyVsHD9K', 'md5': '3f1a920d3ca833448c3ec9765ba6e786', 'sha1': '2a0accfcf408af3d192c47b44b045116b64a3cc5', 'sha256': 'a2c9aafe78a8c95621ddcf4ebbe849a6fbad20b8b0436bc800bcfd247580a7a6'}, 'dob': {'date': '1974-07-03T11:22:35.583Z', 'age': 50}, 'registered': {'date': '2022-05-08T02:34:33.556Z', 'age': 2}, 'phone': '071-691-9152', 'cell': '081-576-9827', 'id': {'name': 'PPS', 'value': '8595146T'}, 'picture': {'large': 'https://randomuser.me/api/portraits/men/59.jpg', 'medium': 'https://randomuser.me/api/portraits/med/men/59.jpg', 'thumbnail': 'https://randomuser.me/api/portraits/thumb/men/59.jpg'}, 'nat': 'IE'}], 'info': {'seed': '562e52b75201c679', 'results': 1, 'page': 1, 'version': '1.4'}}</msg>
<arg>${json_data}</arg>
<doc>Logs the given message with the given level.</doc>
<status status="PASS" start="2024-07-21T12:28:05.713199" elapsed="0.000205"/>
</kw>
<kw name="Dictionary Should Contain Key" owner="Collections">
<arg>${json_data}</arg>
<arg>results</arg>
<doc>Fails if ``key`` is not found from ``dictionary``.</doc>
<status status="PASS" start="2024-07-21T12:28:05.713689" elapsed="0.000156"/>
</kw>
<kw name="Should Not Be Empty" owner="BuiltIn">
<msg time="2024-07-21T12:28:05.714151" level="INFO">Length is 2.</msg>
<arg>${json_data}</arg>
<doc>Verifies that the given item is not empty.</doc>
<status status="PASS" start="2024-07-21T12:28:05.714024" elapsed="0.000165"/>
</kw>
<kw name="Create List" owner="BuiltIn">
<msg time="2024-07-21T12:28:05.714663" level="INFO">${expected_keys} = ['gender', 'name', 'location', 'email', 'login']</msg>
<var>${expected_keys}</var>
<arg>gender</arg>
<arg>name</arg>
<arg>location</arg>
<arg>email</arg>
<arg>login</arg>
<doc>Returns a list containing given items.</doc>
<status status="PASS" start="2024-07-21T12:28:05.714507" elapsed="0.000180"/>
</kw>
<for flavor="IN">
<iter>
<kw name="Dictionary Should Contain Key" owner="Collections">
<arg>${json_data['results'][0]}</arg>
<arg>${key}</arg>
<doc>Fails if ``key`` is not found from ``dictionary``.</doc>
<status status="PASS" start="2024-07-21T12:28:05.715248" elapsed="0.000408"/>
</kw>
<kw name="Log" owner="BuiltIn">
<msg time="2024-07-21T12:28:05.716204" level="INFO">{'gender': 'male', 'name': {'title': 'Mr', 'first': 'Warren', 'last': 'Watkins'}, 'location': {'street': {'number': 3303, 'name': 'New Road'}, 'city': 'Sligo', 'state': 'Laois', 'country': 'Ireland', 'postcode': 76463, 'coordinates': {'latitude': '0.5192', 'longitude': '-25.5945'}, 'timezone': {'offset': '-1:00', 'description': 'Azores, Cape Verde Islands'}}, 'email': 'warren.watkins@example.com', 'login': {'uuid': 'fe657d7b-86c4-487f-9004-88f9daf2f283', 'username': 'angryfish605', 'password': '420420', 'salt': 'FyVsHD9K', 'md5': '3f1a920d3ca833448c3ec9765ba6e786', 'sha1': '2a0accfcf408af3d192c47b44b045116b64a3cc5', 'sha256': 'a2c9aafe78a8c95621ddcf4ebbe849a6fbad20b8b0436bc800bcfd247580a7a6'}, 'dob': {'date': '1974-07-03T11:22:35.583Z', 'age': 50}, 'registered': {'date': '2022-05-08T02:34:33.556Z', 'age': 2}, 'phone': '071-691-9152', 'cell': '081-576-9827', 'id': {'name': 'PPS', 'value': '8595146T'}, 'picture': {'large': 'https://randomuser.me/api/portraits/men/59.jpg', 'medium': 'https://randomuser.me/api/portraits/med/men/59.jpg', 'thumbnail': 'https://randomuser.me/api/portraits/thumb/men/59.jpg'}, 'nat': 'IE'}</msg>
<arg>${json_data['results'][0]}</arg>
<doc>Logs the given message with the given level.</doc>
<status status="PASS" start="2024-07-21T12:28:05.715850" elapsed="0.000402"/>
</kw>
<kw name="Log" owner="BuiltIn">
<msg time="2024-07-21T12:28:05.716688" level="INFO">gender</msg>
<arg>${key}</arg>
<doc>Logs the given message with the given level.</doc>
<status status="PASS" start="2024-07-21T12:28:05.716558" elapsed="0.000167"/>
</kw>
<var name="${key}">gender</var>
<status status="PASS" start="2024-07-21T12:28:05.715121" elapsed="0.001836"/>
</iter>
<iter>
<kw name="Dictionary Should Contain Key" owner="Collections">
<arg>${json_data['results'][0]}</arg>
<arg>${key}</arg>
<doc>Fails if ``key`` is not found from ``dictionary``.</doc>
<status status="PASS" start="2024-07-21T12:28:05.717245" elapsed="0.000380"/>
</kw>
<kw name="Log" owner="BuiltIn">
<msg time="2024-07-21T12:28:05.718150" level="INFO">{'gender': 'male', 'name': {'title': 'Mr', 'first': 'Warren', 'last': 'Watkins'}, 'location': {'street': {'number': 3303, 'name': 'New Road'}, 'city': 'Sligo', 'state': 'Laois', 'country': 'Ireland', 'postcode': 76463, 'coordinates': {'latitude': '0.5192', 'longitude': '-25.5945'}, 'timezone': {'offset': '-1:00', 'description': 'Azores, Cape Verde Islands'}}, 'email': 'warren.watkins@example.com', 'login': {'uuid': 'fe657d7b-86c4-487f-9004-88f9daf2f283', 'username': 'angryfish605', 'password': '420420', 'salt': 'FyVsHD9K', 'md5': '3f1a920d3ca833448c3ec9765ba6e786', 'sha1': '2a0accfcf408af3d192c47b44b045116b64a3cc5', 'sha256': 'a2c9aafe78a8c95621ddcf4ebbe849a6fbad20b8b0436bc800bcfd247580a7a6'}, 'dob': {'date': '1974-07-03T11:22:35.583Z', 'age': 50}, 'registered': {'date': '2022-05-08T02:34:33.556Z', 'age': 2}, 'phone': '071-691-9152', 'cell': '081-576-9827', 'id': {'name': 'PPS', 'value': '8595146T'}, 'picture': {'large': 'https://randomuser.me/api/portraits/men/59.jpg', 'medium': 'https://randomuser.me/api/portraits/med/men/59.jpg', 'thumbnail': 'https://randomuser.me/api/portraits/thumb/men/59.jpg'}, 'nat': 'IE'}</msg>
<arg>${json_data['results'][0]}</arg>
<doc>Logs the given message with the given level.</doc>
<status status="PASS" start="2024-07-21T12:28:05.717803" elapsed="0.000427"/>
</kw>
<kw name="Log" owner="BuiltIn">
<msg time="2024-07-21T12:28:05.718685" level="INFO">name</msg>
<arg>${key}</arg>
<doc>Logs the given message with the given level.</doc>
<status status="PASS" start="2024-07-21T12:28:05.718557" elapsed="0.000164"/>
</kw>
<var name="${key}">name</var>
<status status="PASS" start="2024-07-21T12:28:05.717136" elapsed="0.001800"/>
</iter>
<iter>
<kw name="Dictionary Should Contain Key" owner="Collections">
<arg>${json_data['results'][0]}</arg>
<arg>${key}</arg>
<doc>Fails if ``key`` is not found from ``dictionary``.</doc>
<status status="PASS" start="2024-07-21T12:28:05.719214" elapsed="0.000381"/>
</kw>
<kw name="Log" owner="BuiltIn">
<msg time="2024-07-21T12:28:05.720191" level="INFO">{'gender': 'male', 'name': {'title': 'Mr', 'first': 'Warren', 'last': 'Watkins'}, 'location': {'street': {'number': 3303, 'name': 'New Road'}, 'city': 'Sligo', 'state': 'Laois', 'country': 'Ireland', 'postcode': 76463, 'coordinates': {'latitude': '0.5192', 'longitude': '-25.5945'}, 'timezone': {'offset': '-1:00', 'description': 'Azores, Cape Verde Islands'}}, 'email': 'warren.watkins@example.com', 'login': {'uuid': 'fe657d7b-86c4-487f-9004-88f9daf2f283', 'username': 'angryfish605', 'password': '420420', 'salt': 'FyVsHD9K', 'md5': '3f1a920d3ca833448c3ec9765ba6e786', 'sha1': '2a0accfcf408af3d192c47b44b045116b64a3cc5', 'sha256': 'a2c9aafe78a8c95621ddcf4ebbe849a6fbad20b8b0436bc800bcfd247580a7a6'}, 'dob': {'date': '1974-07-03T11:22:35.583Z', 'age': 50}, 'registered': {'date': '2022-05-08T02:34:33.556Z', 'age': 2}, 'phone': '071-691-9152', 'cell': '081-576-9827', 'id': {'name': 'PPS', 'value': '8595146T'}, 'picture': {'large': 'https://randomuser.me/api/portraits/men/59.jpg', 'medium': 'https://randomuser.me/api/portraits/med/men/59.jpg', 'thumbnail': 'https://randomuser.me/api/portraits/thumb/men/59.jpg'}, 'nat': 'IE'}</msg>
<arg>${json_data['results'][0]}</arg>
<doc>Logs the given message with the given level.</doc>
<status status="PASS" start="2024-07-21T12:28:05.719781" elapsed="0.000464"/>
</kw>
<kw name="Log" owner="BuiltIn">
<msg time="2024-07-21T12:28:05.720670" level="INFO">location</msg>
<arg>${key}</arg>
<doc>Logs the given message with the given level.</doc>
<status status="PASS" start="2024-07-21T12:28:05.720544" elapsed="0.000162"/>
</kw>
<var name="${key}">location</var>
<status status="PASS" start="2024-07-21T12:28:05.719107" elapsed="0.001811"/>
</iter>
<iter>
<kw name="Dictionary Should Contain Key" owner="Collections">
<arg>${json_data['results'][0]}</arg>
<arg>${key}</arg>
<doc>Fails if ``key`` is not found from ``dictionary``.</doc>
<status status="PASS" start="2024-07-21T12:28:05.721192" elapsed="0.000371"/>
</kw>
<kw name="Log" owner="BuiltIn">
<msg time="2024-07-21T12:28:05.722210" level="INFO">{'gender': 'male', 'name': {'title': 'Mr', 'first': 'Warren', 'last': 'Watkins'}, 'location': {'street': {'number': 3303, 'name': 'New Road'}, 'city': 'Sligo', 'state': 'Laois', 'country': 'Ireland', 'postcode': 76463, 'coordinates': {'latitude': '0.5192', 'longitude': '-25.5945'}, 'timezone': {'offset': '-1:00', 'description': 'Azores, Cape Verde Islands'}}, 'email': 'warren.watkins@example.com', 'login': {'uuid': 'fe657d7b-86c4-487f-9004-88f9daf2f283', 'username': 'angryfish605', 'password': '420420', 'salt': 'FyVsHD9K', 'md5': '3f1a920d3ca833448c3ec9765ba6e786', 'sha1': '2a0accfcf408af3d192c47b44b045116b64a3cc5', 'sha256': 'a2c9aafe78a8c95621ddcf4ebbe849a6fbad20b8b0436bc800bcfd247580a7a6'}, 'dob': {'date': '1974-07-03T11:22:35.583Z', 'age': 50}, 'registered': {'date': '2022-05-08T02:34:33.556Z', 'age': 2}, 'phone': '071-691-9152', 'cell': '081-576-9827', 'id': {'name': 'PPS', 'value': '8595146T'}, 'picture': {'large': 'https://randomuser.me/api/portraits/men/59.jpg', 'medium': 'https://randomuser.me/api/portraits/med/men/59.jpg', 'thumbnail': 'https://randomuser.me/api/portraits/thumb/men/59.jpg'}, 'nat': 'IE'}</msg>
<arg>${json_data['results'][0]}</arg>
<doc>Logs the given message with the given level.</doc>
<status status="PASS" start="2024-07-21T12:28:05.721858" elapsed="0.000399"/>
</kw>
<kw name="Log" owner="BuiltIn">
<msg time="2024-07-21T12:28:05.722715" level="INFO">email</msg>
<arg>${key}</arg>
<doc>Logs the given message with the given level.</doc>
<status status="PASS" start="2024-07-21T12:28:05.722584" elapsed="0.000169"/>
</kw>
<var name="${key}">email</var>
<status status="PASS" start="2024-07-21T12:28:05.721085" elapsed="0.001882"/>
</iter>
<iter>
<kw name="Dictionary Should Contain Key" owner="Collections">
<arg>${json_data['results'][0]}</arg>
<arg>${key}</arg>
<doc>Fails if ``key`` is not found from ``dictionary``.</doc>
<status status="PASS" start="2024-07-21T12:28:05.723243" elapsed="0.000372"/>
</kw>
<kw name="Log" owner="BuiltIn">
<msg time="2024-07-21T12:28:05.724145" level="INFO">{'gender': 'male', 'name': {'title': 'Mr', 'first': 'Warren', 'last': 'Watkins'}, 'location': {'street': {'number': 3303, 'name': 'New Road'}, 'city': 'Sligo', 'state': 'Laois', 'country': 'Ireland', 'postcode': 76463, 'coordinates': {'latitude': '0.5192', 'longitude': '-25.5945'}, 'timezone': {'offset': '-1:00', 'description': 'Azores, Cape Verde Islands'}}, 'email': 'warren.watkins@example.com', 'login': {'uuid': 'fe657d7b-86c4-487f-9004-88f9daf2f283', 'username': 'angryfish605', 'password': '420420', 'salt': 'FyVsHD9K', 'md5': '3f1a920d3ca833448c3ec9765ba6e786', 'sha1': '2a0accfcf408af3d192c47b44b045116b64a3cc5', 'sha256': 'a2c9aafe78a8c95621ddcf4ebbe849a6fbad20b8b0436bc800bcfd247580a7a6'}, 'dob': {'date': '1974-07-03T11:22:35.583Z', 'age': 50}, 'registered': {'date': '2022-05-08T02:34:33.556Z', 'age': 2}, 'phone': '071-691-9152', 'cell': '081-576-9827', 'id': {'name': 'PPS', 'value': '8595146T'}, 'picture': {'large': 'https://randomuser.me/api/portraits/men/59.jpg', 'medium': 'https://randomuser.me/api/portraits/med/men/59.jpg', 'thumbnail': 'https://randomuser.me/api/portraits/thumb/men/59.jpg'}, 'nat': 'IE'}</msg>
<arg>${json_data['results'][0]}</arg>
<doc>Logs the given message with the given level.</doc>
<status status="PASS" start="2024-07-21T12:28:05.723795" elapsed="0.000396"/>
</kw>
<kw name="Log" owner="BuiltIn">
<msg time="2024-07-21T12:28:05.724605" level="INFO">login</msg>
<arg>${key}</arg>
<doc>Logs the given message with the given level.</doc>
<status status="PASS" start="2024-07-21T12:28:05.724479" elapsed="0.000162"/>
</kw>
<var name="${key}">login</var>
<status status="PASS" start="2024-07-21T12:28:05.723137" elapsed="0.001716"/>
</iter>
<var>${key}</var>
<value>@{expected_keys}</value>
<status status="PASS" start="2024-07-21T12:28:05.714944" elapsed="0.010027"/>
</for>
<kw name="Create List" owner="BuiltIn">
<msg time="2024-07-21T12:28:05.725284" level="INFO">${expected_keysTwo} = ['username', 'password']</msg>
<var>${expected_keysTwo}</var>
<arg>username</arg>
<arg>password</arg>
<doc>Returns a list containing given items.</doc>
<status status="PASS" start="2024-07-21T12:28:05.725154" elapsed="0.000153"/>
</kw>
<for flavor="IN">
<iter>
<kw name="Dictionary Should Contain Key" owner="Collections">
<arg>${json_data['results'][0]['login']}</arg>
<arg>${keyTwo}</arg>
<doc>Fails if ``key`` is not found from ``dictionary``.</doc>
<status status="PASS" start="2024-07-21T12:28:05.725852" elapsed="0.000375"/>
</kw>
<kw name="Dictionary Should Contain Key" owner="Collections">
<arg>${json_data['results'][0]['login']}</arg>
<arg>${keyTwo}</arg>
<doc>Fails if ``key`` is not found from ``dictionary``.</doc>
<status status="PASS" start="2024-07-21T12:28:05.726405" elapsed="0.000408"/>
</kw>
<kw name="Log" owner="BuiltIn">
<msg time="2024-07-21T12:28:05.727111" level="INFO">username</msg>
<arg>${keyTwo}</arg>
<doc>Logs the given message with the given level.</doc>
<status status="PASS" start="2024-07-21T12:28:05.726991" elapsed="0.000156"/>
</kw>
<var name="${keyTwo}">username</var>
<status status="PASS" start="2024-07-21T12:28:05.725746" elapsed="0.001619"/>
</iter>
<iter>
<kw name="Dictionary Should Contain Key" owner="Collections">
<arg>${json_data['results'][0]['login']}</arg>
<arg>${keyTwo}</arg>
<doc>Fails if ``key`` is not found from ``dictionary``.</doc>
<status status="PASS" start="2024-07-21T12:28:05.727643" elapsed="0.000379"/>
</kw>
<kw name="Dictionary Should Contain Key" owner="Collections">
<arg>${json_data['results'][0]['login']}</arg>
<arg>${keyTwo}</arg>
<doc>Fails if ``key`` is not found from ``dictionary``.</doc>
<status status="PASS" start="2024-07-21T12:28:05.728199" elapsed="0.000367"/>
</kw>
<kw name="Log" owner="BuiltIn">
<msg time="2024-07-21T12:28:05.728861" level="INFO">password</msg>
<arg>${keyTwo}</arg>
<doc>Logs the given message with the given level.</doc>
<status status="PASS" start="2024-07-21T12:28:05.728739" elapsed="0.000158"/>
</kw>
<var name="${keyTwo}">password</var>
<status status="PASS" start="2024-07-21T12:28:05.727532" elapsed="0.001581"/>
</iter>
<var>${keyTwo}</var>
<value>@{expected_keysTwo}</value>
<status status="PASS" start="2024-07-21T12:28:05.725596" elapsed="0.003637"/>
</for>
<status status="PASS" start="2024-07-21T12:28:05.624856" elapsed="0.104512"/>
</kw>
<doc>Testa a estrutura da resposta da API.</doc>
<tag>testeEstruturaResposta</tag>
<status status="PASS" start="2024-07-21T12:28:05.624281" elapsed="0.105232"/>
</test>
<test id="s1-s1-t4" name="Validar tipos de dados" line="28">
<kw name="Teste de Tipos de Dados" owner="random-user-service">
<kw name="GET On Session" owner="RequestsLibrary">
<msg time="2024-07-21T12:28:05.813576" level="INFO">GET Request : url=https://randomuser.me/api 
 path_url=/api 
 headers={'User-Agent': 'python-requests/2.32.3', 'Accept-Encoding': 'gzip, deflate', 'Accept': '*/*', 'Connection': 'keep-alive'} 
 body=None 
 </msg>
<msg time="2024-07-21T12:28:05.813658" level="INFO">GET Response : url=https://randomuser.me/api 
 status=200, reason=OK 
 headers={'Date': 'Sun, 21 Jul 2024 12:28:05 GMT', 'Content-Type': 'application/json; charset=utf-8', 'Transfer-Encoding': 'chunked', 'Connection': 'keep-alive', 'X-Powered-By': 'Express', 'Access-Control-Allow-Origin': '*', 'Cache-Control': 'no-cache', 'ETag': 'W/"497-ir0EnyfMsFoAi/uf6tw/KwSFetg"', 'Vary': 'Accept-Encoding', 'Content-Encoding': 'gzip', 'CF-Cache-Status': 'DYNAMIC', 'Report-To': '{"endpoints":[{"url":"https:\\/\\/a.nel.cloudflare.com\\/report\\/v4?s=Eaywty8tF%2FMc80la2mIlOPlVcbyPBopebNJHVRyClIbdKMtAD5qtoQJS%2FujU3EUCe8dVLb7Sm%2Fi1zwiprLrmZeRuAowt4Im159gbI94z2IfHShubUnAXKQaFoq3Mn9rd"}],"group":"cf-nel","max_age":604800}', 'NEL': '{"success_fraction":0,"report_to":"cf-nel","max_age":604800}', 'Server': 'cloudflare', 'CF-RAY': '8a6b3057f8a487a9-IAD', 'alt-svc': 'h3=":443"; ma=86400'} 
 body={"results":[{"gender":"male","name":{"title":"Mr","first":"Antoine","last":"Mitchell"},"location":{"street":{"number":6524,"name":"Coastal Highway"},"city":"Lafontaine","state":"Yukon","country":"Canada","postcode":"Y8J 9M4","coordinates":{"latitude":"-66.1480","longitude":"-101.8256"},"timezone":{"offset":"+10:00","description":"Eastern Australia, Guam, Vladivostok"}},"email":"antoine.mitchell@example.com","login":{"uuid":"1aea48e3-3dcd-44e5-853f-04983fd0bee8","username":"brownzebra132","password":"elvira","salt":"n1YYs6ts","md5":"649367f52d1c7bfd6fe6859ff84f1c97","sha1":"73e18f784ffd912412ec9681f65f5c96d29cb544","sha256":"5ddfd9bc4e3ce9605ae1ace8abfd1ccaaaf6b14534fb0bdb94c97f2118386e32"},"dob":{"date":"1958-11-17T04:27:26.953Z","age":65},"registered":{"date":"2014-07-25T16:40:20.103Z","age":9},"phone":"F98 A79-9547","cell":"V19 W10-8800","id":{"name":"SIN","value":"453311755"},"picture":{"large":"https://randomuser.me/api/portraits/men/54.jpg","medium":"https://randomuser.me/api/portraits/med/men/54.jpg","thumbnail":"https://randomuser.me/api/portraits/thumb/men/54.jpg"},"nat":"CA"}],"info":{"seed":"a3640c62fa1ae969","results":1,"page":1,"version":"1.4"}} 
 </msg>
<msg time="2024-07-21T12:28:05.813733" level="INFO">/opt/hostedtoolcache/Python/3.12.4/x64/lib/python3.12/site-packages/urllib3/connectionpool.py:1099: InsecureRequestWarning: Unverified HTTPS request is being made to host 'randomuser.me'. Adding certificate verification is strongly advised. See: https://urllib3.readthedocs.io/en/latest/advanced-usage.html#tls-warnings
  warnings.warn(</msg>
<msg time="2024-07-21T12:28:05.813864" level="INFO">${response} = &lt;Response [200]&gt;</msg>
<var>${response}</var>
<arg>consultarAPI</arg>
<arg>/api</arg>
<doc>Sends a GET request on a previously created HTTP Session.</doc>
<status status="PASS" start="2024-07-21T12:28:05.731999" elapsed="0.081910"/>
</kw>
<kw name="Set Variable" owner="BuiltIn">
<msg time="2024-07-21T12:28:05.815025" level="INFO">${json_data} = {'results': [{'gender': 'male', 'name': {'title': 'Mr', 'first': 'Antoine', 'last': 'Mitchell'}, 'location': {'street': {'number': 6524, 'name': 'Coastal Highway'}, 'city': 'Lafontaine', 'state': 'Yuk...</msg>
<var>${json_data}</var>
<arg>${response.json()}</arg>
<doc>Returns the given values which can then be assigned to a variables.</doc>
<status status="PASS" start="2024-07-21T12:28:05.814371" elapsed="0.000683"/>
</kw>
<kw name="Log" owner="BuiltIn">
<msg time="2024-07-21T12:28:05.815505" level="INFO">{'results': [{'gender': 'male', 'name': {'title': 'Mr', 'first': 'Antoine', 'last': 'Mitchell'}, 'location': {'street': {'number': 6524, 'name': 'Coastal Highway'}, 'city': 'Lafontaine', 'state': 'Yukon', 'country': 'Canada', 'postcode': 'Y8J 9M4', 'coordinates': {'latitude': '-66.1480', 'longitude': '-101.8256'}, 'timezone': {'offset': '+10:00', 'description': 'Eastern Australia, Guam, Vladivostok'}}, 'email': 'antoine.mitchell@example.com', 'login': {'uuid': '1aea48e3-3dcd-44e5-853f-04983fd0bee8', 'username': 'brownzebra132', 'password': 'elvira', 'salt': 'n1YYs6ts', 'md5': '649367f52d1c7bfd6fe6859ff84f1c97', 'sha1': '73e18f784ffd912412ec9681f65f5c96d29cb544', 'sha256': '5ddfd9bc4e3ce9605ae1ace8abfd1ccaaaf6b14534fb0bdb94c97f2118386e32'}, 'dob': {'date': '1958-11-17T04:27:26.953Z', 'age': 65}, 'registered': {'date': '2014-07-25T16:40:20.103Z', 'age': 9}, 'phone': 'F98 A79-9547', 'cell': 'V19 W10-8800', 'id': {'name': 'SIN', 'value': '453311755'}, 'picture': {'large': 'https://randomuser.me/api/portraits/men/54.jpg', 'medium': 'https://randomuser.me/api/portraits/med/men/54.jpg', 'thumbnail': 'https://randomuser.me/api/portraits/thumb/men/54.jpg'}, 'nat': 'CA'}], 'info': {'seed': 'a3640c62fa1ae969', 'results': 1, 'page': 1, 'version': '1.4'}}</msg>
<arg>${json_data}</arg>
<doc>Logs the given message with the given level.</doc>
<status status="PASS" start="2024-07-21T12:28:05.815354" elapsed="0.000199"/>
</kw>
<kw name="Should Be String" owner="String">
<arg>${json_data['results'][0]['gender']}</arg>
<doc>Fails if the given ``item`` is not a string.</doc>
<status status="PASS" start="2024-07-21T12:28:05.815837" elapsed="0.000358"/>
</kw>
<kw name="Should Match Regexp" owner="BuiltIn">
<arg>${json_data['results'][0]['email']}</arg>
<arg>^[a-zA-Z0-9._%+-]+@[a-zA-Z0-9.-]+\.[a-zA-Z]{2,}$</arg>
<doc>Fails if ``string`` does not match ``pattern`` as a regular expression.</doc>
<status status="PASS" start="2024-07-21T12:28:05.816381" elapsed="0.000502"/>
</kw>
<kw name="Should Match Regexp" owner="BuiltIn">
<arg>${json_data['results'][0]['dob']['date']}</arg>
<arg>\\d{4}-\\d{2}-\\d{2}T\\d{2}:\\d{2}:\\d{2}\\.\\d{3}Z</arg>
<doc>Fails if ``string`` does not match ``pattern`` as a regular expression.</doc>
<status status="PASS" start="2024-07-21T12:28:05.817109" elapsed="0.000591"/>
</kw>
<kw name="Should Match Regexp" owner="BuiltIn">
<arg>${json_data['results'][0]['registered']['date']}</arg>
<arg>\\d{4}-\\d{2}-\\d{2}T\\d{2}:\\d{2}:\\d{2}\\.\\d{3}Z</arg>
<doc>Fails if ``string`` does not match ``pattern`` as a regular expression.</doc>
<status status="PASS" start="2024-07-21T12:28:05.817892" elapsed="0.000370"/>
</kw>
<kw name="Should Match Regexp" owner="BuiltIn">
<arg>${json_data['results'][0]['picture']['large']}</arg>
<arg>^https?://.*\.(?:png|jpe?g|gif|bmp)$</arg>
<doc>Fails if ``string`` does not match ``pattern`` as a regular expression.</doc>
<status status="PASS" start="2024-07-21T12:28:05.818478" elapsed="0.000467"/>
</kw>
<kw name="Should Match Regexp" owner="BuiltIn">
<arg>${json_data['results'][0]['picture']['medium']}</arg>
<arg>^https?://.*\.(?:png|jpe?g|gif|bmp)$</arg>
<doc>Fails if ``string`` does not match ``pattern`` as a regular expression.</doc>
<status status="PASS" start="2024-07-21T12:28:05.819133" elapsed="0.000354"/>
</kw>
<kw name="Should Match Regexp" owner="BuiltIn">
<arg>${json_data['results'][0]['picture']['thumbnail']}</arg>
<arg>^https?://.*\.(?:png|jpe?g|gif|bmp)$</arg>
<doc>Fails if ``string`` does not match ``pattern`` as a regular expression.</doc>
<status status="PASS" start="2024-07-21T12:28:05.819670" elapsed="0.000348"/>
</kw>
<kw name="Log" owner="BuiltIn">
<msg time="2024-07-21T12:28:05.820518" level="INFO">{'large': 'https://randomuser.me/api/portraits/men/54.jpg', 'medium': 'https://randomuser.me/api/portraits/med/men/54.jpg', 'thumbnail': 'https://randomuser.me/api/portraits/thumb/men/54.jpg'}</msg>
<arg>${json_data['results'][0]['picture']}</arg>
<doc>Logs the given message with the given level.</doc>
<status status="PASS" start="2024-07-21T12:28:05.820197" elapsed="0.000362"/>
</kw>
<status status="PASS" start="2024-07-21T12:28:05.731786" elapsed="0.089025"/>
</kw>
<kw name="Teste de Tipos de Dados - Postcode" owner="random-user-service">
<kw name="GET On Session" owner="RequestsLibrary">
<msg time="2024-07-21T12:28:05.914371" level="INFO">GET Request : url=https://randomuser.me/api 
 path_url=/api 
 headers={'User-Agent': 'python-requests/2.32.3', 'Accept-Encoding': 'gzip, deflate', 'Accept': '*/*', 'Connection': 'keep-alive'} 
 body=None 
 </msg>
<msg time="2024-07-21T12:28:05.914502" level="INFO">GET Response : url=https://randomuser.me/api 
 status=200, reason=OK 
 headers={'Date': 'Sun, 21 Jul 2024 12:28:05 GMT', 'Content-Type': 'application/json; charset=utf-8', 'Transfer-Encoding': 'chunked', 'Connection': 'keep-alive', 'X-Powered-By': 'Express', 'Access-Control-Allow-Origin': '*', 'Cache-Control': 'no-cache', 'ETag': 'W/"498-IGWIgv7OEg6jpCeP+ZVjtzFWxn8"', 'Vary': 'Accept-Encoding', 'Content-Encoding': 'gzip', 'CF-Cache-Status': 'DYNAMIC', 'Report-To': '{"endpoints":[{"url":"https:\\/\\/a.nel.cloudflare.com\\/report\\/v4?s=W5OmD9Y14MdjKlI1PSMFJFI4BkNenyVCwsvFTnnQl6%2BIq%2FykL2fQ3hjVnf3PmNeeK4t%2BsnIzqQK4I1MoJ4oW%2Fd5OddVr0n8H0wbmunu%2BgcaIVD6cpX4Up2Qn71qve35z"}],"group":"cf-nel","max_age":604800}', 'NEL': '{"success_fraction":0,"report_to":"cf-nel","max_age":604800}', 'Server': 'cloudflare', 'CF-RAY': '8a6b3058896f87a9-IAD', 'alt-svc': 'h3=":443"; ma=86400'} 
 body={"results":[{"gender":"female","name":{"title":"Mrs","first":"Oya","last":"Poyrazoğlu"},"location":{"street":{"number":1269,"name":"Şehitler Cd"},"city":"Diyarbakır","state":"Şanlıurfa","country":"Turkey","postcode":79639,"coordinates":{"latitude":"65.4995","longitude":"20.2523"},"timezone":{"offset":"+5:00","description":"Ekaterinburg, Islamabad, Karachi, Tashkent"}},"email":"oya.poyrazoglu@example.com","login":{"uuid":"ca7a254c-cd30-44d4-9df0-656ea8484ef1","username":"angrygoose435","password":"vixen","salt":"ZmbsZqt1","md5":"6bc94e78d284563ed73f3ad51a8add40","sha1":"d5d5a53ea401ea8b0cfa74a78ce3c95b75ebbfec","sha256":"d57c73b67fd86ad1bed9dadd6addf1f3868c815105bf99e7e5a071931388b22c"},"dob":{"date":"1967-01-12T08:52:12.111Z","age":57},"registered":{"date":"2020-02-01T11:43:41.246Z","age":4},"phone":"(525)-389-0237","cell":"(562)-789-8044","id":{"name":"","value":null},"picture":{"large":"https://randomuser.me/api/portraits/women/61.jpg","medium":"https://randomuser.me/api/portraits/med/women/61.jpg","thumbnail":"https://randomuser.me/api/portraits/thumb/women/61.jpg"},"nat":"TR"}],"info":{"seed":"246fc140faba4d1d","results":1,"page":1,"version":"1.4"}} 
 </msg>
<msg time="2024-07-21T12:28:05.914598" level="INFO">/opt/hostedtoolcache/Python/3.12.4/x64/lib/python3.12/site-packages/urllib3/connectionpool.py:1099: InsecureRequestWarning: Unverified HTTPS request is being made to host 'randomuser.me'. Adding certificate verification is strongly advised. See: https://urllib3.readthedocs.io/en/latest/advanced-usage.html#tls-warnings
  warnings.warn(</msg>
<msg time="2024-07-21T12:28:05.914718" level="INFO">${response} = &lt;Response [200]&gt;</msg>
<var>${response}</var>
<arg>consultarAPI</arg>
<arg>/api</arg>
<doc>Sends a GET request on a previously created HTTP Session.</doc>
<status status="PASS" start="2024-07-21T12:28:05.821232" elapsed="0.093540"/>
</kw>
<kw name="Set Variable" owner="BuiltIn">
<msg time="2024-07-21T12:28:05.915928" level="INFO">${json_data} = {'results': [{'gender': 'female', 'name': {'title': 'Mrs', 'first': 'Oya', 'last': 'Poyrazoğlu'}, 'location': {'street': {'number': 1269, 'name': 'Şehitler Cd'}, 'city': 'Diyarbakır', 'state': 'Şanlıu...</msg>
<var>${json_data}</var>
<arg>${response.json()}</arg>
<doc>Returns the given values which can then be assigned to a variables.</doc>
<status status="PASS" start="2024-07-21T12:28:05.915322" elapsed="0.000636"/>
</kw>
<kw name="Log" owner="BuiltIn">
<msg time="2024-07-21T12:28:05.916422" level="INFO">{'results': [{'gender': 'female', 'name': {'title': 'Mrs', 'first': 'Oya', 'last': 'Poyrazoğlu'}, 'location': {'street': {'number': 1269, 'name': 'Şehitler Cd'}, 'city': 'Diyarbakır', 'state': 'Şanlıurfa', 'country': 'Turkey', 'postcode': 79639, 'coordinates': {'latitude': '65.4995', 'longitude': '20.2523'}, 'timezone': {'offset': '+5:00', 'description': 'Ekaterinburg, Islamabad, Karachi, Tashkent'}}, 'email': 'oya.poyrazoglu@example.com', 'login': {'uuid': 'ca7a254c-cd30-44d4-9df0-656ea8484ef1', 'username': 'angrygoose435', 'password': 'vixen', 'salt': 'ZmbsZqt1', 'md5': '6bc94e78d284563ed73f3ad51a8add40', 'sha1': 'd5d5a53ea401ea8b0cfa74a78ce3c95b75ebbfec', 'sha256': 'd57c73b67fd86ad1bed9dadd6addf1f3868c815105bf99e7e5a071931388b22c'}, 'dob': {'date': '1967-01-12T08:52:12.111Z', 'age': 57}, 'registered': {'date': '2020-02-01T11:43:41.246Z', 'age': 4}, 'phone': '(525)-389-0237', 'cell': '(562)-789-8044', 'id': {'name': '', 'value': None}, 'picture': {'large': 'https://randomuser.me/api/portraits/women/61.jpg', 'medium': 'https://randomuser.me/api/portraits/med/women/61.jpg', 'thumbnail': 'https://randomuser.me/api/portraits/thumb/women/61.jpg'}, 'nat': 'TR'}], 'info': {'seed': '246fc140faba4d1d', 'results': 1, 'page': 1, 'version': '1.4'}}</msg>
<arg>${json_data}</arg>
<doc>Logs the given message with the given level.</doc>
<status status="PASS" start="2024-07-21T12:28:05.916265" elapsed="0.000205"/>
</kw>
<kw name="Should Be Equal As Numbers" owner="BuiltIn">
<arg>${json_data['results'][0]['location']['postcode']}</arg>
<arg>${json_data['results'][0]['location']['postcode']}</arg>
<doc>Fails if objects are unequal after converting them to real numbers.</doc>
<status status="PASS" start="2024-07-21T12:28:05.916758" elapsed="0.000617"/>
</kw>
<kw name="Log" owner="BuiltIn">
<msg time="2024-07-21T12:28:05.917901" level="INFO">79639</msg>
<arg>${json_data['results'][0]['location']['postcode']}</arg>
<doc>Logs the given message with the given level.</doc>
<status status="PASS" start="2024-07-21T12:28:05.917567" elapsed="0.000374"/>
</kw>
<status status="PASS" start="2024-07-21T12:28:05.821015" elapsed="0.097201"/>
</kw>
<doc>Testa se os tipos de dados na resposta da API estão corretos.</doc>
<tag>testeTiposDados</tag>
<status status="PASS" start="2024-07-21T12:28:05.731299" elapsed="0.187071"/>
</test>
<test id="s1-s1-t5" name="Validar conteudo" line="35">
<kw name="Teste de Tipos de Conteudo" owner="random-user-service">
<kw name="GET On Session" owner="RequestsLibrary">
<msg time="2024-07-21T12:28:06.031536" level="INFO">GET Request : url=https://randomuser.me/api 
 path_url=/api 
 headers={'User-Agent': 'python-requests/2.32.3', 'Accept-Encoding': 'gzip, deflate', 'Accept': '*/*', 'Connection': 'keep-alive'} 
 body=None 
 </msg>
<msg time="2024-07-21T12:28:06.031622" level="INFO">GET Response : url=https://randomuser.me/api 
 status=200, reason=OK 
 headers={'Date': 'Sun, 21 Jul 2024 12:28:06 GMT', 'Content-Type': 'application/json; charset=utf-8', 'Transfer-Encoding': 'chunked', 'Connection': 'keep-alive', 'X-Powered-By': 'Express', 'Access-Control-Allow-Origin': '*', 'Cache-Control': 'no-cache', 'ETag': 'W/"495-DhY8PqyJO6luh6wa9aex0r+PaB4"', 'Vary': 'Accept-Encoding', 'Content-Encoding': 'gzip', 'CF-Cache-Status': 'DYNAMIC', 'Report-To': '{"endpoints":[{"url":"https:\\/\\/a.nel.cloudflare.com\\/report\\/v4?s=o1WlmUIOwPzklcfhdJxnag38KiuR9HRvoMN6WkB8VVSkdWdj%2Fhmx5thmWJjv%2FOT1D8g2SgZXhW92GHH18lP59W%2B7Ofw4oVccgXN2Y9klPeQtcvhdVWl5LoeHFrPkkcv5"}],"group":"cf-nel","max_age":604800}', 'NEL': '{"success_fraction":0,"report_to":"cf-nel","max_age":604800}', 'Server': 'cloudflare', 'CF-RAY': '8a6b30592a3987a9-IAD', 'alt-svc': 'h3=":443"; ma=86400'} 
 body={"results":[{"gender":"male","name":{"title":"Mr","first":"Jeppe","last":"Petersen"},"location":{"street":{"number":5430,"name":"Rødegårdsvej"},"city":"Sundby/Erslev","state":"Midtjylland","country":"Denmark","postcode":88473,"coordinates":{"latitude":"-43.3145","longitude":"-175.6495"},"timezone":{"offset":"-4:00","description":"Atlantic Time (Canada), Caracas, La Paz"}},"email":"jeppe.petersen@example.com","login":{"uuid":"6c48ad5d-702e-4d6d-a335-75991454e216","username":"bluefrog541","password":"captain1","salt":"Ddj61y2j","md5":"05d55deea23a17fe34e3c6ee0ecadda3","sha1":"6cd8e2a507d42f4843d4abf757e250ad81e654f7","sha256":"d7d133c9475e08ed7a09ad636f64036c499e1d576dc3da9bd22dadf078a442e5"},"dob":{"date":"1962-12-29T21:43:55.394Z","age":61},"registered":{"date":"2013-09-12T14:10:56.558Z","age":10},"phone":"02338114","cell":"78116658","id":{"name":"CPR","value":"291262-7828"},"picture":{"large":"https://randomuser.me/api/portraits/men/57.jpg","medium":"https://randomuser.me/api/portraits/med/men/57.jpg","thumbnail":"https://randomuser.me/api/portraits/thumb/men/57.jpg"},"nat":"DK"}],"info":{"seed":"1d6180123314ed51","results":1,"page":1,"version":"1.4"}} 
 </msg>
<msg time="2024-07-21T12:28:06.031698" level="INFO">/opt/hostedtoolcache/Python/3.12.4/x64/lib/python3.12/site-packages/urllib3/connectionpool.py:1099: InsecureRequestWarning: Unverified HTTPS request is being made to host 'randomuser.me'. Adding certificate verification is strongly advised. See: https://urllib3.readthedocs.io/en/latest/advanced-usage.html#tls-warnings
  warnings.warn(</msg>
<msg time="2024-07-21T12:28:06.031822" level="INFO">${response} = &lt;Response [200]&gt;</msg>
<var>${response}</var>
<arg>consultarAPI</arg>
<arg>/api</arg>
<doc>Sends a GET request on a previously created HTTP Session.</doc>
<status status="PASS" start="2024-07-21T12:28:05.920854" elapsed="0.111024"/>
</kw>
<kw name="Set Variable" owner="BuiltIn">
<msg time="2024-07-21T12:28:06.032991" level="INFO">${json_data} = {'results': [{'gender': 'male', 'name': {'title': 'Mr', 'first': 'Jeppe', 'last': 'Petersen'}, 'location': {'street': {'number': 5430, 'name': 'Rødegårdsvej'}, 'city': 'Sundby/Erslev', 'state': 'Midtj...</msg>
<var>${json_data}</var>
<arg>${response.json()}</arg>
<doc>Returns the given values which can then be assigned to a variables.</doc>
<status status="PASS" start="2024-07-21T12:28:06.032432" elapsed="0.000589"/>
</kw>
<kw name="Set Variable" owner="BuiltIn">
<msg time="2024-07-21T12:28:06.033712" level="INFO">${name_title} = Mr</msg>
<var>${name_title}</var>
<arg>${json_data["results"][0]["name"]["title"]}</arg>
<doc>Returns the given values which can then be assigned to a variables.</doc>
<status status="PASS" start="2024-07-21T12:28:06.033331" elapsed="0.000406"/>
</kw>
<kw name="Create List" owner="BuiltIn">
<msg time="2024-07-21T12:28:06.034177" level="INFO">${allowed_titles} = ['Mr', 'Ms', 'Miss', 'Mrs', 'Madame', 'Monsieur']</msg>
<var>${allowed_titles}</var>
<arg>Mr</arg>
<arg>Ms</arg>
<arg>Miss</arg>
<arg>Mrs</arg>
<arg>Madame</arg>
<arg>Monsieur</arg>
<doc>Returns a list containing given items.</doc>
<status status="PASS" start="2024-07-21T12:28:06.034031" elapsed="0.000170"/>
</kw>
<kw name="List Should Contain Value" owner="Collections">
<arg>${allowed_titles}</arg>
<arg>${name_title}</arg>
<doc>Fails if the ``value`` is not found from ``list``.</doc>
<status status="PASS" start="2024-07-21T12:28:06.034532" elapsed="0.000189"/>
</kw>
<kw name="Set Variable" owner="BuiltIn">
<msg time="2024-07-21T12:28:06.035290" level="INFO">${name_country} = DK</msg>
<var>${name_country}</var>
<arg>${json_data["results"][0]["nat"]}</arg>
<doc>Returns the given values which can then be assigned to a variables.</doc>
<status status="PASS" start="2024-07-21T12:28:06.034910" elapsed="0.000405"/>
</kw>
<kw name="Create List" owner="BuiltIn">
<msg time="2024-07-21T12:28:06.036194" level="INFO">${list_country} = ['AD', 'AE', 'AF', 'AG', 'AI', 'AL', 'AM', 'AO', 'AQ', 'AR', 'AS', 'AT', 'AU', 'AW', 'AX', 'AZ', 'BA', 'BB', 'BD', 'BE', 'BF', 'BG', 'BH', 'BI', 'BJ', 'BL', 'BM', 'BN', 'BO', 'BQ', 'BR', 'BS', 'BT', '...</msg>
<var>${list_country}</var>
<arg>AD</arg>
<arg>AE</arg>
<arg>AF</arg>
<arg>AG</arg>
<arg>AI</arg>
<arg>AL</arg>
<arg>AM</arg>
<arg>AO</arg>
<arg>AQ</arg>
<arg>AR</arg>
<arg>AS</arg>
<arg>AT</arg>
<arg>AU</arg>
<arg>AW</arg>
<arg>AX</arg>
<arg>AZ</arg>
<arg>BA</arg>
<arg>BB</arg>
<arg>BD</arg>
<arg>BE</arg>
<arg>BF</arg>
<arg>BG</arg>
<arg>BH</arg>
<arg>BI</arg>
<arg>BJ</arg>
<arg>BL</arg>
<arg>BM</arg>
<arg>BN</arg>
<arg>BO</arg>
<arg>BQ</arg>
<arg>BR</arg>
<arg>BS</arg>
<arg>BT</arg>
<arg>BV</arg>
<arg>BW</arg>
<arg>BY</arg>
<arg>BZ</arg>
<arg>CA</arg>
<arg>CC</arg>
<arg>CD</arg>
<arg>CF</arg>
<arg>CG</arg>
<arg>CH</arg>
<arg>CI</arg>
<arg>CK</arg>
<arg>CL</arg>
<arg>CM</arg>
<arg>CN</arg>
<arg>CO</arg>
<arg>CR</arg>
<arg>CU</arg>
<arg>CV</arg>
<arg>CW</arg>
<arg>CX</arg>
<arg>CY</arg>
<arg>CZ</arg>
<arg>DE</arg>
<arg>DJ</arg>
<arg>DK</arg>
<arg>DM</arg>
<arg>DO</arg>
<arg>DZ</arg>
<arg>EC</arg>
<arg>EE</arg>
<arg>EG</arg>
<arg>EH</arg>
<arg>ER</arg>
<arg>ES</arg>
<arg>ET</arg>
<arg>FI</arg>
<arg>FJ</arg>
<arg>FK</arg>
<arg>FM</arg>
<arg>FO</arg>
<arg>FR</arg>
<arg>GA</arg>
<arg>GB</arg>
<arg>GD</arg>
<arg>GE</arg>
<arg>GF</arg>
<arg>GG</arg>
<arg>GH</arg>
<arg>GI</arg>
<arg>GL</arg>
<arg>GM</arg>
<arg>GN</arg>
<arg>GP</arg>
<arg>GQ</arg>
<arg>GR</arg>
<arg>GS</arg>
<arg>GT</arg>
<arg>GU</arg>
<arg>GW</arg>
<arg>GY</arg>
<arg>HK</arg>
<arg>HM</arg>
<arg>HN</arg>
<arg>HR</arg>
<arg>HT</arg>
<arg>HU</arg>
<arg>ID</arg>
<arg>IE</arg>
<arg>IL</arg>
<arg>IM</arg>
<arg>IN</arg>
<arg>IO</arg>
<arg>IQ</arg>
<arg>IR</arg>
<arg>IS</arg>
<arg>IT</arg>
<arg>JE</arg>
<arg>JM</arg>
<arg>JO</arg>
<arg>JP</arg>
<arg>KE</arg>
<arg>KG</arg>
<arg>KH</arg>
<arg>KI</arg>
<arg>KM</arg>
<arg>KN</arg>
<arg>KP</arg>
<arg>KR</arg>
<arg>KW</arg>
<arg>KY</arg>
<arg>KZ</arg>
<arg>LA</arg>
<arg>LB</arg>
<arg>LC</arg>
<arg>LI</arg>
<arg>LK</arg>
<arg>LR</arg>
<arg>LS</arg>
<arg>LT</arg>
<arg>LU</arg>
<arg>LV</arg>
<arg>LY</arg>
<arg>MA</arg>
<arg>MC</arg>
<arg>MD</arg>
<arg>ME</arg>
<arg>MF</arg>
<arg>MG</arg>
<arg>MH</arg>
<arg>MK</arg>
<arg>ML</arg>
<arg>MM</arg>
<arg>MN</arg>
<arg>MO</arg>
<arg>MP</arg>
<arg>MQ</arg>
<arg>MR</arg>
<arg>MS</arg>
<arg>MT</arg>
<arg>MU</arg>
<arg>MV</arg>
<arg>MW</arg>
<arg>MX</arg>
<arg>MY</arg>
<arg>MZ</arg>
<arg>NA</arg>
<arg>NC</arg>
<arg>NE</arg>
<arg>NF</arg>
<arg>NG</arg>
<arg>NI</arg>
<arg>NL</arg>
<arg>NO</arg>
<arg>NP</arg>
<arg>NR</arg>
<arg>NU</arg>
<arg>NZ</arg>
<arg>OM</arg>
<arg>PA</arg>
<arg>PE</arg>
<arg>PF</arg>
<arg>PG</arg>
<arg>PH</arg>
<arg>PK</arg>
<arg>PL</arg>
<arg>PM</arg>
<arg>PN</arg>
<arg>PR</arg>
<arg>PS</arg>
<arg>PT</arg>
<arg>PW</arg>
<arg>PY</arg>
<arg>QA</arg>
<arg>RE</arg>
<arg>RO</arg>
<arg>RS</arg>
<arg>RU</arg>
<arg>RW</arg>
<arg>SA</arg>
<arg>SB</arg>
<arg>SC</arg>
<arg>SD</arg>
<arg>SE</arg>
<arg>SG</arg>
<arg>SH</arg>
<arg>SI</arg>
<arg>SJ</arg>
<arg>SK</arg>
<arg>SL</arg>
<arg>SM</arg>
<arg>SN</arg>
<arg>SO</arg>
<arg>SR</arg>
<arg>SS</arg>
<arg>ST</arg>
<arg>SV</arg>
<arg>SX</arg>
<arg>SY</arg>
<arg>SZ</arg>
<arg>TC</arg>
<arg>TD</arg>
<arg>TF</arg>
<arg>TG</arg>
<arg>TH</arg>
<arg>TJ</arg>
<arg>TK</arg>
<arg>TL</arg>
<arg>TM</arg>
<arg>TN</arg>
<arg>TO</arg>
<arg>TR</arg>
<arg>TT</arg>
<arg>TV</arg>
<arg>TW</arg>
<arg>TZ</arg>
<arg>UA</arg>
<arg>UG</arg>
<arg>UM</arg>
<arg>US</arg>
<arg>UY</arg>
<arg>UZ</arg>
<arg>VA</arg>
<arg>VC</arg>
<arg>VE</arg>
<arg>VG</arg>
<arg>VI</arg>
<arg>VN</arg>
<arg>VU</arg>
<arg>WF</arg>
<arg>WS</arg>
<arg>XK</arg>
<arg>YE</arg>
<arg>YT</arg>
<arg>ZA</arg>
<arg>ZM</arg>
<arg>ZW</arg>
<doc>Returns a list containing given items.</doc>
<status status="PASS" start="2024-07-21T12:28:06.035603" elapsed="0.000616"/>
</kw>
<kw name="List Should Contain Value" owner="Collections">
<arg>${list_country}</arg>
<arg>${name_country}</arg>
<doc>Fails if the ``value`` is not found from ``list``.</doc>
<status status="PASS" start="2024-07-21T12:28:06.037145" elapsed="0.000207"/>
</kw>
<kw name="Run Keyword If" owner="BuiltIn">
<kw name="Should Be True" owner="BuiltIn">
<arg>${True}</arg>
<doc>Fails if the given condition is not true.</doc>
<status status="PASS" start="2024-07-21T12:28:06.038284" elapsed="0.000169"/>
</kw>
<arg>${json_data["results"][0]["location"]["coordinates"]["latitude"]} &gt;= -90 and ${json_data["results"][0]["location"]["coordinates"]["latitude"]} &lt;= 90</arg>
<arg>Should Be True</arg>
<arg>${True}</arg>
<doc>Runs the given keyword with the given arguments, if ``condition`` is true.</doc>
<status status="PASS" start="2024-07-21T12:28:06.037547" elapsed="0.001045"/>
</kw>
<kw name="Run Keyword If" owner="BuiltIn">
<kw name="Should Be True" owner="BuiltIn">
<arg>${True}</arg>
<doc>Fails if the given condition is not true.</doc>
<status status="PASS" start="2024-07-21T12:28:06.039471" elapsed="0.000136"/>
</kw>
<arg>${json_data["results"][0]["location"]["coordinates"]["longitude"]} &gt;= -180 and ${json_data["results"][0]["location"]["coordinates"]["longitude"]} &lt;= 180</arg>
<arg>Should Be True</arg>
<arg>${True}</arg>
<doc>Runs the given keyword with the given arguments, if ``condition`` is true.</doc>
<status status="PASS" start="2024-07-21T12:28:06.038776" elapsed="0.000952"/>
</kw>
<status status="PASS" start="2024-07-21T12:28:05.920640" elapsed="0.119214"/>
</kw>
<doc>Testa o conteúdo específico dos campos retornados pela API.</doc>
<tag>testeConteudo</tag>
<status status="PASS" start="2024-07-21T12:28:05.920139" elapsed="0.119855"/>
</test>
<status status="PASS" start="2024-07-21T12:28:04.922148" elapsed="1.119770"/>
</suite>
<status status="PASS" start="2024-07-21T12:28:04.907601" elapsed="1.139333"/>
</suite>
<statistics>
<total>
<stat pass="5" fail="0" skip="0">All Tests</stat>
</total>
<tag>
<stat pass="1" fail="0" skip="0">testeConteudo</stat>
<stat pass="1" fail="0" skip="0">testeEstruturaResposta</stat>
<stat pass="1" fail="0" skip="0">testeRequisicaoBasica</stat>
<stat pass="1" fail="0" skip="0">testeTiposDados</stat>
</tag>
<suite>
<stat pass="5" fail="0" skip="0" id="s1" name="Tests">Tests</stat>
<stat pass="5" fail="0" skip="0" id="s1-s1" name="Random-User-Test">Tests.Random-User-Test</stat>
</suite>
</statistics>
<errors>
</errors>
</robot>
