<?xml version="1.0" encoding="UTF-8"?>
<robot generator="Robot 7.0 (Python 3.12.2 on linux)" generated="2024-04-02T19:10:59.116993" rpa="false" schemaversion="5">
<suite id="s1" name="Tests" source="/home/runner/work/DesafioQAItauRogerioJordao/DesafioQAItauRogerioJordao/RamdonUser/tests">
<suite id="s1-s1" name="Random-User-Test" source="/home/runner/work/DesafioQAItauRogerioJordao/DesafioQAItauRogerioJordao/RamdonUser/tests/random-user-test.robot">
<test id="s1-s1-t1" name="Conectar" line="13">
<kw name="Conectar API" owner="random-user-service">
<kw name="Create Session" owner="RequestsLibrary">
<msg time="2024-04-02T19:10:59.491396" level="INFO">Creating Session using : alias=consultarAPI, url=https://randomuser.me/, headers={},                     cookies={}, auth=None, timeout=None, proxies=None, verify=False,                     debug=0 </msg>
<arg>consultarAPI</arg>
<arg>${URL}</arg>
<doc>Create Session: create a HTTP session to a server</doc>
<status status="PASS" start="2024-04-02T19:10:59.491185" elapsed="0.000392"/>
</kw>
<status status="PASS" start="2024-04-02T19:10:59.490101" elapsed="0.001851"/>
</kw>
<status status="PASS" start="2024-04-02T19:10:59.489536" elapsed="0.002633"/>
</test>
<test id="s1-s1-t2" name="Validar retorno 200 e JSON Válido" line="16">
<kw name="Teste de Requisicao Basica" owner="random-user-service">
<kw name="GET On Session" owner="RequestsLibrary">
<msg time="2024-04-02T19:10:59.571773" level="INFO">GET Request : url=https://randomuser.me/api 
 path_url=/api 
 headers={'User-Agent': 'python-requests/2.31.0', 'Accept-Encoding': 'gzip, deflate', 'Accept': '*/*', 'Connection': 'keep-alive'} 
 body=None 
 </msg>
<msg time="2024-04-02T19:10:59.571904" level="INFO">GET Response : url=https://randomuser.me/api 
 status=200, reason=OK 
 headers={'Date': 'Tue, 02 Apr 2024 19:10:59 GMT', 'Content-Type': 'application/json; charset=utf-8', 'Transfer-Encoding': 'chunked', 'Connection': 'keep-alive', 'X-Powered-By': 'Express', 'Access-Control-Allow-Origin': '*', 'Cache-Control': 'no-cache', 'ETag': 'W/"4ad-dUQrJ3SBO+QTI3c2aV5+6AFFdP4"', 'Vary': 'Accept-Encoding', 'Content-Encoding': 'gzip', 'CF-Cache-Status': 'DYNAMIC', 'Report-To': '{"endpoints":[{"url":"https:\\/\\/a.nel.cloudflare.com\\/report\\/v4?s=Y32FE458UqJHux7TPyYU45%2BTO9fL0X%2BFX%2F0uQHrVyAhcSS7VEM0nJl2VT1hNrjZ8sUJVcqYX3g06qHARSq9loGaiC4k2wuSOJILWur%2BhE1kI7keTtZaFu5Yge5%2BZ4sw9"}],"group":"cf-nel","max_age":604800}', 'NEL': '{"success_fraction":0,"report_to":"cf-nel","max_age":604800}', 'Server': 'cloudflare', 'CF-RAY': '86e31f461f233ae2-IAD', 'alt-svc': 'h3=":443"; ma=86400'} 
 body={"results":[{"gender":"female","name":{"title":"Miss","first":"Andréa","last":"Dumas"},"location":{"street":{"number":6491,"name":"Rue Chazière"},"city":"Champigny-sur-Marne","state":"Haute-Corse","country":"France","postcode":57693,"coordinates":{"latitude":"-17.4776","longitude":"150.6088"},"timezone":{"offset":"+4:00","description":"Abu Dhabi, Muscat, Baku, Tbilisi"}},"email":"andrea.dumas@example.com","login":{"uuid":"132aa735-8dac-4416-9047-78849c241d85","username":"lazyladybug555","password":"deskjet","salt":"2NUqfx1c","md5":"ccbe7d8f52b947dc52de939da0c057a1","sha1":"e9743608b70438bb7266b30707eccc9c6e9217ee","sha256":"3223465dd78fb5918ad080b4f45fd6a5826d7f579458c46a240af436b39df267"},"dob":{"date":"1973-04-27T09:17:04.028Z","age":50},"registered":{"date":"2008-04-24T02:27:32.571Z","age":15},"phone":"04-12-08-53-41","cell":"06-59-06-72-52","id":{"name":"INSEE","value":"2730344407473 57"},"picture":{"large":"https://randomuser.me/api/portraits/women/55.jpg","medium":"https://randomuser.me/api/portraits/med/women/55.jpg","thumbnail":"https://randomuser.me/api/portraits/thumb/women/55.jpg"},"nat":"FR"}],"info":{"seed":"c92b6c109115fcd8","results":1,"page":1,"version":"1.4"}} 
 </msg>
<msg time="2024-04-02T19:10:59.572009" level="INFO">/opt/hostedtoolcache/Python/3.12.2/x64/lib/python3.12/site-packages/urllib3/connectionpool.py:1103: InsecureRequestWarning: Unverified HTTPS request is being made to host 'randomuser.me'. Adding certificate verification is strongly advised. See: https://urllib3.readthedocs.io/en/latest/advanced-usage.html#tls-warnings
  warnings.warn(</msg>
<msg time="2024-04-02T19:10:59.572142" level="INFO">${response} = &lt;Response [200]&gt;</msg>
<var>${response}</var>
<arg>consultarAPI</arg>
<arg>/api</arg>
<doc>Sends a GET request on a previously created HTTP Session.</doc>
<status status="PASS" start="2024-04-02T19:10:59.494931" elapsed="0.077253"/>
</kw>
<kw name="Should Be Equal As Numbers" owner="BuiltIn">
<msg time="2024-04-02T19:10:59.573278" level="INFO">Argument types are:
&lt;class 'int'&gt;
&lt;class 'str'&gt;</msg>
<arg>${response.status_code}</arg>
<arg>200</arg>
<doc>Fails if objects are unequal after converting them to real numbers.</doc>
<status status="PASS" start="2024-04-02T19:10:59.572776" elapsed="0.000568"/>
</kw>
<kw name="Log" owner="BuiltIn">
<msg time="2024-04-02T19:10:59.574060" level="INFO">200</msg>
<arg>${response.status_code}</arg>
<doc>Logs the given message with the given level.</doc>
<status status="PASS" start="2024-04-02T19:10:59.573685" elapsed="0.000420"/>
</kw>
<kw name="Set Variable" owner="BuiltIn">
<msg time="2024-04-02T19:10:59.574935" level="INFO">${json_data} = {'results': [{'gender': 'female', 'name': {'title': 'Miss', 'first': 'Andréa', 'last': 'Dumas'}, 'location': {'street': {'number': 6491, 'name': 'Rue Chazière'}, 'city': 'Champigny-sur-Marne', 'state'...</msg>
<var>${json_data}</var>
<arg>${response.json()}</arg>
<doc>Returns the given values which can then be assigned to a variables.</doc>
<status status="PASS" start="2024-04-02T19:10:59.574439" elapsed="0.000526"/>
</kw>
<kw name="Dictionary Should Contain Key" owner="Collections">
<msg time="2024-04-02T19:10:59.575446" level="INFO">False</msg>
<arg>${json_data}</arg>
<arg>results</arg>
<doc>Fails if ``key`` is not found from ``dictionary``.</doc>
<status status="PASS" start="2024-04-02T19:10:59.575276" elapsed="0.000212"/>
</kw>
<status status="PASS" start="2024-04-02T19:10:59.494640" elapsed="0.081106"/>
</kw>
<doc>Testa se a API responde corretamente e retorna um objeto JSON válido.</doc>
<tag>testeRequisicaoBasica</tag>
<status status="PASS" start="2024-04-02T19:10:59.494144" elapsed="0.081786"/>
</test>
<test id="s1-s1-t3" name="Validar estrutura de resposta" line="22">
<kw name="Teste de Estrutura de Resposta" owner="random-user-service">
<kw name="GET On Session" owner="RequestsLibrary">
<msg time="2024-04-02T19:10:59.676151" level="INFO">GET Request : url=https://randomuser.me/api 
 path_url=/api 
 headers={'User-Agent': 'python-requests/2.31.0', 'Accept-Encoding': 'gzip, deflate', 'Accept': '*/*', 'Connection': 'keep-alive'} 
 body=None 
 </msg>
<msg time="2024-04-02T19:10:59.676235" level="INFO">GET Response : url=https://randomuser.me/api 
 status=200, reason=OK 
 headers={'Date': 'Tue, 02 Apr 2024 19:10:59 GMT', 'Content-Type': 'application/json; charset=utf-8', 'Transfer-Encoding': 'chunked', 'Connection': 'keep-alive', 'X-Powered-By': 'Express', 'Access-Control-Allow-Origin': '*', 'Cache-Control': 'no-cache', 'ETag': 'W/"488-LUXIHC7dYu146ynJ3DbcewVRdxc"', 'Vary': 'Accept-Encoding', 'Content-Encoding': 'gzip', 'CF-Cache-Status': 'DYNAMIC', 'Report-To': '{"endpoints":[{"url":"https:\\/\\/a.nel.cloudflare.com\\/report\\/v4?s=RHhPxPFhYyPfD4UdZhW1%2FJ5lUqwqlYsy4fGsH8Rx8vqiIZ6rse6vpVeMP7TFz1TkURWuP7OUy72%2FwK97LEEguTHYfOd08B6WvX6Ou01LaPHXW0YI50GUNcRSlf4h%2FmRN"}],"group":"cf-nel","max_age":604800}', 'NEL': '{"success_fraction":0,"report_to":"cf-nel","max_age":604800}', 'Server': 'cloudflare', 'CF-RAY': '86e31f466f903ae2-IAD', 'alt-svc': 'h3=":443"; ma=86400'} 
 body={"results":[{"gender":"male","name":{"title":"Mr","first":"Mahmoud","last":"Skogli"},"location":{"street":{"number":6805,"name":"Svovelstikka"},"city":"Brandsøy","state":"Oppland","country":"Norway","postcode":"5696","coordinates":{"latitude":"40.8935","longitude":"-158.1989"},"timezone":{"offset":"+11:00","description":"Magadan, Solomon Islands, New Caledonia"}},"email":"mahmoud.skogli@example.com","login":{"uuid":"9cfad187-6162-4577-842b-9b2ae5467de5","username":"bluepanda656","password":"daman","salt":"zfykuDCa","md5":"319de2e18fa5d06491dac82fe70664a6","sha1":"1c45671f0a7b3b6ed658fe9503adb28125beb71a","sha256":"5e268c50af750943efe5f73da1fa9136171e8057ba0df6c2f57f1f094ad24813"},"dob":{"date":"1985-07-16T19:12:14.466Z","age":38},"registered":{"date":"2004-11-16T05:16:38.965Z","age":19},"phone":"83244883","cell":"45351984","id":{"name":"FN","value":"16078531332"},"picture":{"large":"https://randomuser.me/api/portraits/men/66.jpg","medium":"https://randomuser.me/api/portraits/med/men/66.jpg","thumbnail":"https://randomuser.me/api/portraits/thumb/men/66.jpg"},"nat":"NO"}],"info":{"seed":"57b3c43689b70f67","results":1,"page":1,"version":"1.4"}} 
 </msg>
<msg time="2024-04-02T19:10:59.676362" level="INFO">/opt/hostedtoolcache/Python/3.12.2/x64/lib/python3.12/site-packages/urllib3/connectionpool.py:1103: InsecureRequestWarning: Unverified HTTPS request is being made to host 'randomuser.me'. Adding certificate verification is strongly advised. See: https://urllib3.readthedocs.io/en/latest/advanced-usage.html#tls-warnings
  warnings.warn(</msg>
<msg time="2024-04-02T19:10:59.676478" level="INFO">${response} = &lt;Response [200]&gt;</msg>
<var>${response}</var>
<arg>consultarAPI</arg>
<arg>/api</arg>
<doc>Sends a GET request on a previously created HTTP Session.</doc>
<status status="PASS" start="2024-04-02T19:10:59.578702" elapsed="0.097818"/>
</kw>
<kw name="Set Variable" owner="BuiltIn">
<msg time="2024-04-02T19:10:59.677722" level="INFO">${json_data} = {'results': [{'gender': 'male', 'name': {'title': 'Mr', 'first': 'Mahmoud', 'last': 'Skogli'}, 'location': {'street': {'number': 6805, 'name': 'Svovelstikka'}, 'city': 'Brandsøy', 'state': 'Oppland', ...</msg>
<var>${json_data}</var>
<arg>${response.json()}</arg>
<doc>Returns the given values which can then be assigned to a variables.</doc>
<status status="PASS" start="2024-04-02T19:10:59.677093" elapsed="0.000659"/>
</kw>
<kw name="Log" owner="BuiltIn">
<msg time="2024-04-02T19:10:59.678274" level="INFO">{'results': [{'gender': 'male', 'name': {'title': 'Mr', 'first': 'Mahmoud', 'last': 'Skogli'}, 'location': {'street': {'number': 6805, 'name': 'Svovelstikka'}, 'city': 'Brandsøy', 'state': 'Oppland', 'country': 'Norway', 'postcode': '5696', 'coordinates': {'latitude': '40.8935', 'longitude': '-158.1989'}, 'timezone': {'offset': '+11:00', 'description': 'Magadan, Solomon Islands, New Caledonia'}}, 'email': 'mahmoud.skogli@example.com', 'login': {'uuid': '9cfad187-6162-4577-842b-9b2ae5467de5', 'username': 'bluepanda656', 'password': 'daman', 'salt': 'zfykuDCa', 'md5': '319de2e18fa5d06491dac82fe70664a6', 'sha1': '1c45671f0a7b3b6ed658fe9503adb28125beb71a', 'sha256': '5e268c50af750943efe5f73da1fa9136171e8057ba0df6c2f57f1f094ad24813'}, 'dob': {'date': '1985-07-16T19:12:14.466Z', 'age': 38}, 'registered': {'date': '2004-11-16T05:16:38.965Z', 'age': 19}, 'phone': '83244883', 'cell': '45351984', 'id': {'name': 'FN', 'value': '16078531332'}, 'picture': {'large': 'https://randomuser.me/api/portraits/men/66.jpg', 'medium': 'https://randomuser.me/api/portraits/med/men/66.jpg', 'thumbnail': 'https://randomuser.me/api/portraits/thumb/men/66.jpg'}, 'nat': 'NO'}], 'info': {'seed': '57b3c43689b70f67', 'results': 1, 'page': 1, 'version': '1.4'}}</msg>
<arg>${json_data}</arg>
<doc>Logs the given message with the given level.</doc>
<status status="PASS" start="2024-04-02T19:10:59.678103" elapsed="0.000222"/>
</kw>
<kw name="Dictionary Should Contain Key" owner="Collections">
<msg time="2024-04-02T19:10:59.678816" level="INFO">False</msg>
<arg>${json_data}</arg>
<arg>results</arg>
<doc>Fails if ``key`` is not found from ``dictionary``.</doc>
<status status="PASS" start="2024-04-02T19:10:59.678627" elapsed="0.000233"/>
</kw>
<kw name="Should Not Be Empty" owner="BuiltIn">
<msg time="2024-04-02T19:10:59.679301" level="INFO">Length is 2.</msg>
<arg>${json_data}</arg>
<doc>Verifies that the given item is not empty.</doc>
<status status="PASS" start="2024-04-02T19:10:59.679165" elapsed="0.000176"/>
</kw>
<kw name="Create List" owner="BuiltIn">
<msg time="2024-04-02T19:10:59.679814" level="INFO">${expected_keys} = ['gender', 'name', 'location', 'email', 'login']</msg>
<var>${expected_keys}</var>
<arg>gender</arg>
<arg>name</arg>
<arg>location</arg>
<arg>email</arg>
<arg>login</arg>
<doc>Returns a list containing given items.</doc>
<status status="PASS" start="2024-04-02T19:10:59.679648" elapsed="0.000194"/>
</kw>
<for flavor="IN">
<iter>
<kw name="Dictionary Should Contain Key" owner="Collections">
<msg time="2024-04-02T19:10:59.680834" level="INFO">False</msg>
<arg>${json_data['results'][0]}</arg>
<arg>${key}</arg>
<doc>Fails if ``key`` is not found from ``dictionary``.</doc>
<status status="PASS" start="2024-04-02T19:10:59.680419" elapsed="0.000455"/>
</kw>
<kw name="Log" owner="BuiltIn">
<msg time="2024-04-02T19:10:59.681551" level="INFO">{'gender': 'male', 'name': {'title': 'Mr', 'first': 'Mahmoud', 'last': 'Skogli'}, 'location': {'street': {'number': 6805, 'name': 'Svovelstikka'}, 'city': 'Brandsøy', 'state': 'Oppland', 'country': 'Norway', 'postcode': '5696', 'coordinates': {'latitude': '40.8935', 'longitude': '-158.1989'}, 'timezone': {'offset': '+11:00', 'description': 'Magadan, Solomon Islands, New Caledonia'}}, 'email': 'mahmoud.skogli@example.com', 'login': {'uuid': '9cfad187-6162-4577-842b-9b2ae5467de5', 'username': 'bluepanda656', 'password': 'daman', 'salt': 'zfykuDCa', 'md5': '319de2e18fa5d06491dac82fe70664a6', 'sha1': '1c45671f0a7b3b6ed658fe9503adb28125beb71a', 'sha256': '5e268c50af750943efe5f73da1fa9136171e8057ba0df6c2f57f1f094ad24813'}, 'dob': {'date': '1985-07-16T19:12:14.466Z', 'age': 38}, 'registered': {'date': '2004-11-16T05:16:38.965Z', 'age': 19}, 'phone': '83244883', 'cell': '45351984', 'id': {'name': 'FN', 'value': '16078531332'}, 'picture': {'large': 'https://randomuser.me/api/portraits/men/66.jpg', 'medium': 'https://randomuser.me/api/portraits/med/men/66.jpg', 'thumbnail': 'https://randomuser.me/api/portraits/thumb/men/66.jpg'}, 'nat': 'NO'}</msg>
<arg>${json_data['results'][0]}</arg>
<doc>Logs the given message with the given level.</doc>
<status status="PASS" start="2024-04-02T19:10:59.681180" elapsed="0.000428"/>
</kw>
<kw name="Log" owner="BuiltIn">
<msg time="2024-04-02T19:10:59.682043" level="INFO">gender</msg>
<arg>${key}</arg>
<doc>Logs the given message with the given level.</doc>
<status status="PASS" start="2024-04-02T19:10:59.681913" elapsed="0.000170"/>
</kw>
<var name="${key}">gender</var>
<status status="PASS" start="2024-04-02T19:10:59.680294" elapsed="0.002009"/>
</iter>
<iter>
<kw name="Dictionary Should Contain Key" owner="Collections">
<msg time="2024-04-02T19:10:59.683024" level="INFO">False</msg>
<arg>${json_data['results'][0]}</arg>
<arg>${key}</arg>
<doc>Fails if ``key`` is not found from ``dictionary``.</doc>
<status status="PASS" start="2024-04-02T19:10:59.682605" elapsed="0.000457"/>
</kw>
<kw name="Log" owner="BuiltIn">
<msg time="2024-04-02T19:10:59.683757" level="INFO">{'gender': 'male', 'name': {'title': 'Mr', 'first': 'Mahmoud', 'last': 'Skogli'}, 'location': {'street': {'number': 6805, 'name': 'Svovelstikka'}, 'city': 'Brandsøy', 'state': 'Oppland', 'country': 'Norway', 'postcode': '5696', 'coordinates': {'latitude': '40.8935', 'longitude': '-158.1989'}, 'timezone': {'offset': '+11:00', 'description': 'Magadan, Solomon Islands, New Caledonia'}}, 'email': 'mahmoud.skogli@example.com', 'login': {'uuid': '9cfad187-6162-4577-842b-9b2ae5467de5', 'username': 'bluepanda656', 'password': 'daman', 'salt': 'zfykuDCa', 'md5': '319de2e18fa5d06491dac82fe70664a6', 'sha1': '1c45671f0a7b3b6ed658fe9503adb28125beb71a', 'sha256': '5e268c50af750943efe5f73da1fa9136171e8057ba0df6c2f57f1f094ad24813'}, 'dob': {'date': '1985-07-16T19:12:14.466Z', 'age': 38}, 'registered': {'date': '2004-11-16T05:16:38.965Z', 'age': 19}, 'phone': '83244883', 'cell': '45351984', 'id': {'name': 'FN', 'value': '16078531332'}, 'picture': {'large': 'https://randomuser.me/api/portraits/men/66.jpg', 'medium': 'https://randomuser.me/api/portraits/med/men/66.jpg', 'thumbnail': 'https://randomuser.me/api/portraits/thumb/men/66.jpg'}, 'nat': 'NO'}</msg>
<arg>${json_data['results'][0]}</arg>
<doc>Logs the given message with the given level.</doc>
<status status="PASS" start="2024-04-02T19:10:59.683395" elapsed="0.000411"/>
</kw>
<kw name="Log" owner="BuiltIn">
<msg time="2024-04-02T19:10:59.684232" level="INFO">name</msg>
<arg>${key}</arg>
<doc>Logs the given message with the given level.</doc>
<status status="PASS" start="2024-04-02T19:10:59.684104" elapsed="0.000165"/>
</kw>
<var name="${key}">name</var>
<status status="PASS" start="2024-04-02T19:10:59.682492" elapsed="0.001993"/>
</iter>
<iter>
<kw name="Dictionary Should Contain Key" owner="Collections">
<msg time="2024-04-02T19:10:59.685147" level="INFO">False</msg>
<arg>${json_data['results'][0]}</arg>
<arg>${key}</arg>
<doc>Fails if ``key`` is not found from ``dictionary``.</doc>
<status status="PASS" start="2024-04-02T19:10:59.684772" elapsed="0.000412"/>
</kw>
<kw name="Log" owner="BuiltIn">
<msg time="2024-04-02T19:10:59.685849" level="INFO">{'gender': 'male', 'name': {'title': 'Mr', 'first': 'Mahmoud', 'last': 'Skogli'}, 'location': {'street': {'number': 6805, 'name': 'Svovelstikka'}, 'city': 'Brandsøy', 'state': 'Oppland', 'country': 'Norway', 'postcode': '5696', 'coordinates': {'latitude': '40.8935', 'longitude': '-158.1989'}, 'timezone': {'offset': '+11:00', 'description': 'Magadan, Solomon Islands, New Caledonia'}}, 'email': 'mahmoud.skogli@example.com', 'login': {'uuid': '9cfad187-6162-4577-842b-9b2ae5467de5', 'username': 'bluepanda656', 'password': 'daman', 'salt': 'zfykuDCa', 'md5': '319de2e18fa5d06491dac82fe70664a6', 'sha1': '1c45671f0a7b3b6ed658fe9503adb28125beb71a', 'sha256': '5e268c50af750943efe5f73da1fa9136171e8057ba0df6c2f57f1f094ad24813'}, 'dob': {'date': '1985-07-16T19:12:14.466Z', 'age': 38}, 'registered': {'date': '2004-11-16T05:16:38.965Z', 'age': 19}, 'phone': '83244883', 'cell': '45351984', 'id': {'name': 'FN', 'value': '16078531332'}, 'picture': {'large': 'https://randomuser.me/api/portraits/men/66.jpg', 'medium': 'https://randomuser.me/api/portraits/med/men/66.jpg', 'thumbnail': 'https://randomuser.me/api/portraits/thumb/men/66.jpg'}, 'nat': 'NO'}</msg>
<arg>${json_data['results'][0]}</arg>
<doc>Logs the given message with the given level.</doc>
<status status="PASS" start="2024-04-02T19:10:59.685482" elapsed="0.000420"/>
</kw>
<kw name="Log" owner="BuiltIn">
<msg time="2024-04-02T19:10:59.686323" level="INFO">location</msg>
<arg>${key}</arg>
<doc>Logs the given message with the given level.</doc>
<status status="PASS" start="2024-04-02T19:10:59.686197" elapsed="0.000164"/>
</kw>
<var name="${key}">location</var>
<status status="PASS" start="2024-04-02T19:10:59.684661" elapsed="0.001916"/>
</iter>
<iter>
<kw name="Dictionary Should Contain Key" owner="Collections">
<msg time="2024-04-02T19:10:59.687279" level="INFO">False</msg>
<arg>${json_data['results'][0]}</arg>
<arg>${key}</arg>
<doc>Fails if ``key`` is not found from ``dictionary``.</doc>
<status status="PASS" start="2024-04-02T19:10:59.686889" elapsed="0.000428"/>
</kw>
<kw name="Log" owner="BuiltIn">
<msg time="2024-04-02T19:10:59.687987" level="INFO">{'gender': 'male', 'name': {'title': 'Mr', 'first': 'Mahmoud', 'last': 'Skogli'}, 'location': {'street': {'number': 6805, 'name': 'Svovelstikka'}, 'city': 'Brandsøy', 'state': 'Oppland', 'country': 'Norway', 'postcode': '5696', 'coordinates': {'latitude': '40.8935', 'longitude': '-158.1989'}, 'timezone': {'offset': '+11:00', 'description': 'Magadan, Solomon Islands, New Caledonia'}}, 'email': 'mahmoud.skogli@example.com', 'login': {'uuid': '9cfad187-6162-4577-842b-9b2ae5467de5', 'username': 'bluepanda656', 'password': 'daman', 'salt': 'zfykuDCa', 'md5': '319de2e18fa5d06491dac82fe70664a6', 'sha1': '1c45671f0a7b3b6ed658fe9503adb28125beb71a', 'sha256': '5e268c50af750943efe5f73da1fa9136171e8057ba0df6c2f57f1f094ad24813'}, 'dob': {'date': '1985-07-16T19:12:14.466Z', 'age': 38}, 'registered': {'date': '2004-11-16T05:16:38.965Z', 'age': 19}, 'phone': '83244883', 'cell': '45351984', 'id': {'name': 'FN', 'value': '16078531332'}, 'picture': {'large': 'https://randomuser.me/api/portraits/men/66.jpg', 'medium': 'https://randomuser.me/api/portraits/med/men/66.jpg', 'thumbnail': 'https://randomuser.me/api/portraits/thumb/men/66.jpg'}, 'nat': 'NO'}</msg>
<arg>${json_data['results'][0]}</arg>
<doc>Logs the given message with the given level.</doc>
<status status="PASS" start="2024-04-02T19:10:59.687616" elapsed="0.000421"/>
</kw>
<kw name="Log" owner="BuiltIn">
<msg time="2024-04-02T19:10:59.688458" level="INFO">email</msg>
<arg>${key}</arg>
<doc>Logs the given message with the given level.</doc>
<status status="PASS" start="2024-04-02T19:10:59.688332" elapsed="0.000164"/>
</kw>
<var name="${key}">email</var>
<status status="PASS" start="2024-04-02T19:10:59.686749" elapsed="0.001961"/>
</iter>
<iter>
<kw name="Dictionary Should Contain Key" owner="Collections">
<msg time="2024-04-02T19:10:59.689372" level="INFO">False</msg>
<arg>${json_data['results'][0]}</arg>
<arg>${key}</arg>
<doc>Fails if ``key`` is not found from ``dictionary``.</doc>
<status status="PASS" start="2024-04-02T19:10:59.688994" elapsed="0.000415"/>
</kw>
<kw name="Log" owner="BuiltIn">
<msg time="2024-04-02T19:10:59.690064" level="INFO">{'gender': 'male', 'name': {'title': 'Mr', 'first': 'Mahmoud', 'last': 'Skogli'}, 'location': {'street': {'number': 6805, 'name': 'Svovelstikka'}, 'city': 'Brandsøy', 'state': 'Oppland', 'country': 'Norway', 'postcode': '5696', 'coordinates': {'latitude': '40.8935', 'longitude': '-158.1989'}, 'timezone': {'offset': '+11:00', 'description': 'Magadan, Solomon Islands, New Caledonia'}}, 'email': 'mahmoud.skogli@example.com', 'login': {'uuid': '9cfad187-6162-4577-842b-9b2ae5467de5', 'username': 'bluepanda656', 'password': 'daman', 'salt': 'zfykuDCa', 'md5': '319de2e18fa5d06491dac82fe70664a6', 'sha1': '1c45671f0a7b3b6ed658fe9503adb28125beb71a', 'sha256': '5e268c50af750943efe5f73da1fa9136171e8057ba0df6c2f57f1f094ad24813'}, 'dob': {'date': '1985-07-16T19:12:14.466Z', 'age': 38}, 'registered': {'date': '2004-11-16T05:16:38.965Z', 'age': 19}, 'phone': '83244883', 'cell': '45351984', 'id': {'name': 'FN', 'value': '16078531332'}, 'picture': {'large': 'https://randomuser.me/api/portraits/men/66.jpg', 'medium': 'https://randomuser.me/api/portraits/med/men/66.jpg', 'thumbnail': 'https://randomuser.me/api/portraits/thumb/men/66.jpg'}, 'nat': 'NO'}</msg>
<arg>${json_data['results'][0]}</arg>
<doc>Logs the given message with the given level.</doc>
<status status="PASS" start="2024-04-02T19:10:59.689705" elapsed="0.000407"/>
</kw>
<kw name="Log" owner="BuiltIn">
<msg time="2024-04-02T19:10:59.690532" level="INFO">login</msg>
<arg>${key}</arg>
<doc>Logs the given message with the given level.</doc>
<status status="PASS" start="2024-04-02T19:10:59.690404" elapsed="0.000274"/>
</kw>
<var name="${key}">login</var>
<status status="PASS" start="2024-04-02T19:10:59.688882" elapsed="0.002072"/>
</iter>
<var>${key}</var>
<value>@{expected_keys}</value>
<status status="PASS" start="2024-04-02T19:10:59.680102" elapsed="0.010982"/>
</for>
<kw name="Create List" owner="BuiltIn">
<msg time="2024-04-02T19:10:59.691424" level="INFO">${expected_keysTwo} = ['username', 'password']</msg>
<var>${expected_keysTwo}</var>
<arg>username</arg>
<arg>password</arg>
<doc>Returns a list containing given items.</doc>
<status status="PASS" start="2024-04-02T19:10:59.691283" elapsed="0.000164"/>
</kw>
<for flavor="IN">
<iter>
<kw name="Dictionary Should Contain Key" owner="Collections">
<msg time="2024-04-02T19:10:59.692334" level="INFO">False</msg>
<arg>${json_data['results'][0]['login']}</arg>
<arg>${keyTwo}</arg>
<doc>Fails if ``key`` is not found from ``dictionary``.</doc>
<status status="PASS" start="2024-04-02T19:10:59.691948" elapsed="0.000424"/>
</kw>
<kw name="Dictionary Should Contain Key" owner="Collections">
<msg time="2024-04-02T19:10:59.693054" level="INFO">False</msg>
<arg>${json_data['results'][0]['login']}</arg>
<arg>${keyTwo}</arg>
<doc>Fails if ``key`` is not found from ``dictionary``.</doc>
<status status="PASS" start="2024-04-02T19:10:59.692668" elapsed="0.000423"/>
</kw>
<kw name="Log" owner="BuiltIn">
<msg time="2024-04-02T19:10:59.693509" level="INFO">username</msg>
<arg>${keyTwo}</arg>
<doc>Logs the given message with the given level.</doc>
<status status="PASS" start="2024-04-02T19:10:59.693381" elapsed="0.000165"/>
</kw>
<var name="${keyTwo}">username</var>
<status status="PASS" start="2024-04-02T19:10:59.691839" elapsed="0.001922"/>
</iter>
<iter>
<kw name="Dictionary Should Contain Key" owner="Collections">
<msg time="2024-04-02T19:10:59.694428" level="INFO">False</msg>
<arg>${json_data['results'][0]['login']}</arg>
<arg>${keyTwo}</arg>
<doc>Fails if ``key`` is not found from ``dictionary``.</doc>
<status status="PASS" start="2024-04-02T19:10:59.694053" elapsed="0.000413"/>
</kw>
<kw name="Dictionary Should Contain Key" owner="Collections">
<msg time="2024-04-02T19:10:59.695164" level="INFO">False</msg>
<arg>${json_data['results'][0]['login']}</arg>
<arg>${keyTwo}</arg>
<doc>Fails if ``key`` is not found from ``dictionary``.</doc>
<status status="PASS" start="2024-04-02T19:10:59.694756" elapsed="0.000445"/>
</kw>
<kw name="Log" owner="BuiltIn">
<msg time="2024-04-02T19:10:59.695624" level="INFO">password</msg>
<arg>${keyTwo}</arg>
<doc>Logs the given message with the given level.</doc>
<status status="PASS" start="2024-04-02T19:10:59.695491" elapsed="0.000172"/>
</kw>
<var name="${keyTwo}">password</var>
<status status="PASS" start="2024-04-02T19:10:59.693934" elapsed="0.001943"/>
</iter>
<var>${keyTwo}</var>
<value>@{expected_keysTwo}</value>
<status status="PASS" start="2024-04-02T19:10:59.691686" elapsed="0.004314"/>
</for>
<status status="PASS" start="2024-04-02T19:10:59.578451" elapsed="0.117691"/>
</kw>
<doc>Testa a estrutura da resposta da API.</doc>
<tag>testeEstruturaResposta</tag>
<status status="PASS" start="2024-04-02T19:10:59.577788" elapsed="0.118514"/>
</test>
<test id="s1-s1-t4" name="Validar tipos de dados" line="28">
<kw name="Teste de Tipos de Dados" owner="random-user-service">
<kw name="GET On Session" owner="RequestsLibrary">
<msg time="2024-04-02T19:10:59.769810" level="INFO">GET Request : url=https://randomuser.me/api 
 path_url=/api 
 headers={'User-Agent': 'python-requests/2.31.0', 'Accept-Encoding': 'gzip, deflate', 'Accept': '*/*', 'Connection': 'keep-alive'} 
 body=None 
 </msg>
<msg time="2024-04-02T19:10:59.769892" level="INFO">GET Response : url=https://randomuser.me/api 
 status=200, reason=OK 
 headers={'Date': 'Tue, 02 Apr 2024 19:10:59 GMT', 'Content-Type': 'application/json; charset=utf-8', 'Transfer-Encoding': 'chunked', 'Connection': 'keep-alive', 'X-Powered-By': 'Express', 'Access-Control-Allow-Origin': '*', 'Cache-Control': 'no-cache', 'ETag': 'W/"48e-RH6Zb8d5J/+ah/QZGZb1EWjsEJw"', 'Vary': 'Accept-Encoding', 'Content-Encoding': 'gzip', 'CF-Cache-Status': 'DYNAMIC', 'Report-To': '{"endpoints":[{"url":"https:\\/\\/a.nel.cloudflare.com\\/report\\/v4?s=p8Y099oJGBpMlWfBccLEedtAAIpDMaZEK4uvMe%2F%2Fy55ifcnt332%2Bb9jVXucgxQ3wrKiLbkCmEmRBKiPDj154C6rqloClVfkyAFsxnDY4PgdXBBF%2FspkMkYE1Cw8GdocH"}],"group":"cf-nel","max_age":604800}', 'NEL': '{"success_fraction":0,"report_to":"cf-nel","max_age":604800}', 'Server': 'cloudflare', 'CF-RAY': '86e31f4728cb3ae2-IAD', 'alt-svc': 'h3=":443"; ma=86400'} 
 body={"results":[{"gender":"male","name":{"title":"Mr","first":"Shane","last":"Powell"},"location":{"street":{"number":1322,"name":"Taylor St"},"city":"Cairns","state":"Queensland","country":"Australia","postcode":4228,"coordinates":{"latitude":"-86.3150","longitude":"-166.7582"},"timezone":{"offset":"-6:00","description":"Central Time (US &amp; Canada), Mexico City"}},"email":"shane.powell@example.com","login":{"uuid":"eb32c47c-ee54-4b9e-b466-886341f0ea5f","username":"greengorilla571","password":"domingo","salt":"54urTL3C","md5":"8955ebd2a6220d9504f70e6a49777e72","sha1":"2c392493be67438d596f4509caba1ba120205c3c","sha256":"65a269d814551226d6b7047ad14b3e3f90c1597dcfc665ce013dced6fdf7e494"},"dob":{"date":"1975-08-06T22:18:16.444Z","age":48},"registered":{"date":"2010-07-23T10:46:11.097Z","age":13},"phone":"02-1909-6390","cell":"0457-867-114","id":{"name":"TFN","value":"514579213"},"picture":{"large":"https://randomuser.me/api/portraits/men/22.jpg","medium":"https://randomuser.me/api/portraits/med/men/22.jpg","thumbnail":"https://randomuser.me/api/portraits/thumb/men/22.jpg"},"nat":"AU"}],"info":{"seed":"daa5760dc3cce67c","results":1,"page":1,"version":"1.4"}} 
 </msg>
<msg time="2024-04-02T19:10:59.770085" level="INFO">/opt/hostedtoolcache/Python/3.12.2/x64/lib/python3.12/site-packages/urllib3/connectionpool.py:1103: InsecureRequestWarning: Unverified HTTPS request is being made to host 'randomuser.me'. Adding certificate verification is strongly advised. See: https://urllib3.readthedocs.io/en/latest/advanced-usage.html#tls-warnings
  warnings.warn(</msg>
<msg time="2024-04-02T19:10:59.770246" level="INFO">${response} = &lt;Response [200]&gt;</msg>
<var>${response}</var>
<arg>consultarAPI</arg>
<arg>/api</arg>
<doc>Sends a GET request on a previously created HTTP Session.</doc>
<status status="PASS" start="2024-04-02T19:10:59.698832" elapsed="0.071449"/>
</kw>
<kw name="Set Variable" owner="BuiltIn">
<msg time="2024-04-02T19:10:59.771603" level="INFO">${json_data} = {'results': [{'gender': 'male', 'name': {'title': 'Mr', 'first': 'Shane', 'last': 'Powell'}, 'location': {'street': {'number': 1322, 'name': 'Taylor St'}, 'city': 'Cairns', 'state': 'Queensland', 'cou...</msg>
<var>${json_data}</var>
<arg>${response.json()}</arg>
<doc>Returns the given values which can then be assigned to a variables.</doc>
<status status="PASS" start="2024-04-02T19:10:59.770914" elapsed="0.000718"/>
</kw>
<kw name="Log" owner="BuiltIn">
<msg time="2024-04-02T19:10:59.772317" level="INFO">{'results': [{'gender': 'male', 'name': {'title': 'Mr', 'first': 'Shane', 'last': 'Powell'}, 'location': {'street': {'number': 1322, 'name': 'Taylor St'}, 'city': 'Cairns', 'state': 'Queensland', 'country': 'Australia', 'postcode': 4228, 'coordinates': {'latitude': '-86.3150', 'longitude': '-166.7582'}, 'timezone': {'offset': '-6:00', 'description': 'Central Time (US &amp; Canada), Mexico City'}}, 'email': 'shane.powell@example.com', 'login': {'uuid': 'eb32c47c-ee54-4b9e-b466-886341f0ea5f', 'username': 'greengorilla571', 'password': 'domingo', 'salt': '54urTL3C', 'md5': '8955ebd2a6220d9504f70e6a49777e72', 'sha1': '2c392493be67438d596f4509caba1ba120205c3c', 'sha256': '65a269d814551226d6b7047ad14b3e3f90c1597dcfc665ce013dced6fdf7e494'}, 'dob': {'date': '1975-08-06T22:18:16.444Z', 'age': 48}, 'registered': {'date': '2010-07-23T10:46:11.097Z', 'age': 13}, 'phone': '02-1909-6390', 'cell': '0457-867-114', 'id': {'name': 'TFN', 'value': '514579213'}, 'picture': {'large': 'https://randomuser.me/api/portraits/men/22.jpg', 'medium': 'https://randomuser.me/api/portraits/med/men/22.jpg', 'thumbnail': 'https://randomuser.me/api/portraits/thumb/men/22.jpg'}, 'nat': 'AU'}], 'info': {'seed': 'daa5760dc3cce67c', 'results': 1, 'page': 1, 'version': '1.4'}}</msg>
<arg>${json_data}</arg>
<doc>Logs the given message with the given level.</doc>
<status status="PASS" start="2024-04-02T19:10:59.772095" elapsed="0.000313"/>
</kw>
<kw name="Should Be String" owner="String">
<arg>${json_data['results'][0]['gender']}</arg>
<doc>Fails if the given ``item`` is not a string.</doc>
<status status="PASS" start="2024-04-02T19:10:59.772840" elapsed="0.000495"/>
</kw>
<kw name="Should Match Regexp" owner="BuiltIn">
<arg>${json_data['results'][0]['email']}</arg>
<arg>^[a-zA-Z0-9._%+-]+@[a-zA-Z0-9.-]+\.[a-zA-Z]{2,}$</arg>
<doc>Fails if ``string`` does not match ``pattern`` as a regular expression.</doc>
<status status="PASS" start="2024-04-02T19:10:59.773588" elapsed="0.000709"/>
</kw>
<kw name="Should Match Regexp" owner="BuiltIn">
<arg>${json_data['results'][0]['dob']['date']}</arg>
<arg>\\d{4}-\\d{2}-\\d{2}T\\d{2}:\\d{2}:\\d{2}\\.\\d{3}Z</arg>
<doc>Fails if ``string`` does not match ``pattern`` as a regular expression.</doc>
<status status="PASS" start="2024-04-02T19:10:59.774558" elapsed="0.000707"/>
</kw>
<kw name="Should Match Regexp" owner="BuiltIn">
<arg>${json_data['results'][0]['registered']['date']}</arg>
<arg>\\d{4}-\\d{2}-\\d{2}T\\d{2}:\\d{2}:\\d{2}\\.\\d{3}Z</arg>
<doc>Fails if ``string`` does not match ``pattern`` as a regular expression.</doc>
<status status="PASS" start="2024-04-02T19:10:59.775524" elapsed="0.000491"/>
</kw>
<kw name="Should Match Regexp" owner="BuiltIn">
<arg>${json_data['results'][0]['picture']['large']}</arg>
<arg>^https?://.*\.(?:png|jpe?g|gif|bmp)$</arg>
<doc>Fails if ``string`` does not match ``pattern`` as a regular expression.</doc>
<status status="PASS" start="2024-04-02T19:10:59.776270" elapsed="0.000582"/>
</kw>
<kw name="Should Match Regexp" owner="BuiltIn">
<arg>${json_data['results'][0]['picture']['medium']}</arg>
<arg>^https?://.*\.(?:png|jpe?g|gif|bmp)$</arg>
<doc>Fails if ``string`` does not match ``pattern`` as a regular expression.</doc>
<status status="PASS" start="2024-04-02T19:10:59.777098" elapsed="0.000471"/>
</kw>
<kw name="Should Match Regexp" owner="BuiltIn">
<arg>${json_data['results'][0]['picture']['thumbnail']}</arg>
<arg>^https?://.*\.(?:png|jpe?g|gif|bmp)$</arg>
<doc>Fails if ``string`` does not match ``pattern`` as a regular expression.</doc>
<status status="PASS" start="2024-04-02T19:10:59.777809" elapsed="0.000469"/>
</kw>
<kw name="Log" owner="BuiltIn">
<msg time="2024-04-02T19:10:59.778989" level="INFO">{'large': 'https://randomuser.me/api/portraits/men/22.jpg', 'medium': 'https://randomuser.me/api/portraits/med/men/22.jpg', 'thumbnail': 'https://randomuser.me/api/portraits/thumb/men/22.jpg'}</msg>
<arg>${json_data['results'][0]['picture']}</arg>
<doc>Logs the given message with the given level.</doc>
<status status="PASS" start="2024-04-02T19:10:59.778515" elapsed="0.000521"/>
</kw>
<status status="PASS" start="2024-04-02T19:10:59.698554" elapsed="0.080893"/>
</kw>
<kw name="Teste de Tipos de Dados - Postcode" owner="random-user-service">
<kw name="GET On Session" owner="RequestsLibrary">
<msg time="2024-04-02T19:10:59.874536" level="INFO">GET Request : url=https://randomuser.me/api 
 path_url=/api 
 headers={'User-Agent': 'python-requests/2.31.0', 'Accept-Encoding': 'gzip, deflate', 'Accept': '*/*', 'Connection': 'keep-alive'} 
 body=None 
 </msg>
<msg time="2024-04-02T19:10:59.874621" level="INFO">GET Response : url=https://randomuser.me/api 
 status=200, reason=OK 
 headers={'Date': 'Tue, 02 Apr 2024 19:10:59 GMT', 'Content-Type': 'application/json; charset=utf-8', 'Transfer-Encoding': 'chunked', 'Connection': 'keep-alive', 'X-Powered-By': 'Express', 'Access-Control-Allow-Origin': '*', 'Cache-Control': 'no-cache', 'ETag': 'W/"47d-DpgflULA5DpZp9AZeCy+2vBXVvg"', 'Vary': 'Accept-Encoding', 'Content-Encoding': 'gzip', 'CF-Cache-Status': 'DYNAMIC', 'Report-To': '{"endpoints":[{"url":"https:\\/\\/a.nel.cloudflare.com\\/report\\/v4?s=tofLVM8CIJY%2BtSuq64dxT3FJUugNiXPa7O%2FcyWCbDpiyJ2HGP8Cvzb1oG5nbu%2BH2fvZsh0OOsqMy39oaejQC3rDBUI%2BLaMxrHJk%2F4yLwDrkA69DtUJmdd2Og5i5YB3lc"}],"group":"cf-nel","max_age":604800}', 'NEL': '{"success_fraction":0,"report_to":"cf-nel","max_age":604800}', 'Server': 'cloudflare', 'CF-RAY': '86e31f47a9b63ae2-IAD', 'alt-svc': 'h3=":443"; ma=86400'} 
 body={"results":[{"gender":"female","name":{"title":"Ms","first":"Eleanor","last":"Matthews"},"location":{"street":{"number":1403,"name":"The Drive"},"city":"Fermoy","state":"Mayo","country":"Ireland","postcode":13435,"coordinates":{"latitude":"-1.7472","longitude":"140.3830"},"timezone":{"offset":"-11:00","description":"Midway Island, Samoa"}},"email":"eleanor.matthews@example.com","login":{"uuid":"49c02d6a-0a93-48fe-a3d7-1704a4214b37","username":"heavybird534","password":"sites","salt":"QKmI03Pn","md5":"c37419f6622ca6441e13d66253484e06","sha1":"1d00c0e04e9d32fbf175f49a93c0b7a718a0c230","sha256":"57adb55073e4d53bb0ca6dc0e4431223d358dfc972dfd49d40601419df70aad0"},"dob":{"date":"1947-11-09T14:12:30.469Z","age":76},"registered":{"date":"2007-06-03T14:34:48.172Z","age":16},"phone":"031-102-7244","cell":"081-651-1049","id":{"name":"PPS","value":"8172780T"},"picture":{"large":"https://randomuser.me/api/portraits/women/65.jpg","medium":"https://randomuser.me/api/portraits/med/women/65.jpg","thumbnail":"https://randomuser.me/api/portraits/thumb/women/65.jpg"},"nat":"IE"}],"info":{"seed":"70b980867363a6ae","results":1,"page":1,"version":"1.4"}} 
 </msg>
<msg time="2024-04-02T19:10:59.874708" level="INFO">/opt/hostedtoolcache/Python/3.12.2/x64/lib/python3.12/site-packages/urllib3/connectionpool.py:1103: InsecureRequestWarning: Unverified HTTPS request is being made to host 'randomuser.me'. Adding certificate verification is strongly advised. See: https://urllib3.readthedocs.io/en/latest/advanced-usage.html#tls-warnings
  warnings.warn(</msg>
<msg time="2024-04-02T19:10:59.874869" level="INFO">${response} = &lt;Response [200]&gt;</msg>
<var>${response}</var>
<arg>consultarAPI</arg>
<arg>/api</arg>
<doc>Sends a GET request on a previously created HTTP Session.</doc>
<status status="PASS" start="2024-04-02T19:10:59.780123" elapsed="0.094784"/>
</kw>
<kw name="Set Variable" owner="BuiltIn">
<msg time="2024-04-02T19:10:59.875958" level="INFO">${json_data} = {'results': [{'gender': 'female', 'name': {'title': 'Ms', 'first': 'Eleanor', 'last': 'Matthews'}, 'location': {'street': {'number': 1403, 'name': 'The Drive'}, 'city': 'Fermoy', 'state': 'Mayo', 'cou...</msg>
<var>${json_data}</var>
<arg>${response.json()}</arg>
<doc>Returns the given values which can then be assigned to a variables.</doc>
<status status="PASS" start="2024-04-02T19:10:59.875397" elapsed="0.000589"/>
</kw>
<kw name="Log" owner="BuiltIn">
<msg time="2024-04-02T19:10:59.876457" level="INFO">{'results': [{'gender': 'female', 'name': {'title': 'Ms', 'first': 'Eleanor', 'last': 'Matthews'}, 'location': {'street': {'number': 1403, 'name': 'The Drive'}, 'city': 'Fermoy', 'state': 'Mayo', 'country': 'Ireland', 'postcode': 13435, 'coordinates': {'latitude': '-1.7472', 'longitude': '140.3830'}, 'timezone': {'offset': '-11:00', 'description': 'Midway Island, Samoa'}}, 'email': 'eleanor.matthews@example.com', 'login': {'uuid': '49c02d6a-0a93-48fe-a3d7-1704a4214b37', 'username': 'heavybird534', 'password': 'sites', 'salt': 'QKmI03Pn', 'md5': 'c37419f6622ca6441e13d66253484e06', 'sha1': '1d00c0e04e9d32fbf175f49a93c0b7a718a0c230', 'sha256': '57adb55073e4d53bb0ca6dc0e4431223d358dfc972dfd49d40601419df70aad0'}, 'dob': {'date': '1947-11-09T14:12:30.469Z', 'age': 76}, 'registered': {'date': '2007-06-03T14:34:48.172Z', 'age': 16}, 'phone': '031-102-7244', 'cell': '081-651-1049', 'id': {'name': 'PPS', 'value': '8172780T'}, 'picture': {'large': 'https://randomuser.me/api/portraits/women/65.jpg', 'medium': 'https://randomuser.me/api/portraits/med/women/65.jpg', 'thumbnail': 'https://randomuser.me/api/portraits/thumb/women/65.jpg'}, 'nat': 'IE'}], 'info': {'seed': '70b980867363a6ae', 'results': 1, 'page': 1, 'version': '1.4'}}</msg>
<arg>${json_data}</arg>
<doc>Logs the given message with the given level.</doc>
<status status="PASS" start="2024-04-02T19:10:59.876303" elapsed="0.000233"/>
</kw>
<kw name="Should Be Equal As Numbers" owner="BuiltIn">
<arg>${json_data['results'][0]['location']['postcode']}</arg>
<arg>${json_data['results'][0]['location']['postcode']}</arg>
<doc>Fails if objects are unequal after converting them to real numbers.</doc>
<status status="PASS" start="2024-04-02T19:10:59.876839" elapsed="0.000633"/>
</kw>
<kw name="Log" owner="BuiltIn">
<msg time="2024-04-02T19:10:59.878000" level="INFO">13435</msg>
<arg>${json_data['results'][0]['location']['postcode']}</arg>
<doc>Logs the given message with the given level.</doc>
<status status="PASS" start="2024-04-02T19:10:59.877665" elapsed="0.000377"/>
</kw>
<status status="PASS" start="2024-04-02T19:10:59.779737" elapsed="0.098561"/>
</kw>
<doc>Testa se os tipos de dados na resposta da API estão corretos.</doc>
<tag>testeTiposDados</tag>
<status status="PASS" start="2024-04-02T19:10:59.698079" elapsed="0.180388"/>
</test>
<test id="s1-s1-t5" name="Validar conteudo" line="35">
<kw name="Teste de Tipos de Conteudo" owner="random-user-service">
<kw name="GET On Session" owner="RequestsLibrary">
<msg time="2024-04-02T19:10:59.976981" level="INFO">GET Request : url=https://randomuser.me/api 
 path_url=/api 
 headers={'User-Agent': 'python-requests/2.31.0', 'Accept-Encoding': 'gzip, deflate', 'Accept': '*/*', 'Connection': 'keep-alive'} 
 body=None 
 </msg>
<msg time="2024-04-02T19:10:59.977147" level="INFO">GET Response : url=https://randomuser.me/api 
 status=200, reason=OK 
 headers={'Date': 'Tue, 02 Apr 2024 19:10:59 GMT', 'Content-Type': 'application/json; charset=utf-8', 'Transfer-Encoding': 'chunked', 'Connection': 'keep-alive', 'X-Powered-By': 'Express', 'Access-Control-Allow-Origin': '*', 'Cache-Control': 'no-cache', 'ETag': 'W/"48e-UNWwLsTOlRAb3X+2hhWWNikRlyQ"', 'Vary': 'Accept-Encoding', 'Content-Encoding': 'gzip', 'CF-Cache-Status': 'DYNAMIC', 'Report-To': '{"endpoints":[{"url":"https:\\/\\/a.nel.cloudflare.com\\/report\\/v4?s=i%2F6AjgNsW2XZNQpCek2qBTcea4VKQgMfLGT4lq%2BUXQOD4VVHfviP%2BwNiynWTaMDPDJ55b%2B4L2gMSAQZvoZlHT%2Bz4h47hLRsyndH3au5YvAsb1dScoxoOhsBXv7PD2q00"}],"group":"cf-nel","max_age":604800}', 'NEL': '{"success_fraction":0,"report_to":"cf-nel","max_age":604800}', 'Server': 'cloudflare', 'CF-RAY': '86e31f484a9d3ae2-IAD', 'alt-svc': 'h3=":443"; ma=86400'} 
 body={"results":[{"gender":"male","name":{"title":"Mr","first":"Ryan","last":"Bergeron"},"location":{"street":{"number":2166,"name":"Vimy St"},"city":"Beaumont","state":"Québec","country":"Canada","postcode":"D2I 8B0","coordinates":{"latitude":"-72.4262","longitude":"-101.5736"},"timezone":{"offset":"-5:00","description":"Eastern Time (US &amp; Canada), Bogota, Lima"}},"email":"ryan.bergeron@example.com","login":{"uuid":"c133e0d1-5019-4263-bfcb-f386033239a2","username":"smallpeacock999","password":"zhuan","salt":"waeMkxnE","md5":"a5a6d72654b3389e5b6c76eb061f3080","sha1":"39d32bf538576528fd71c7232fe3b1efb9a5d9b4","sha256":"f0291e80230c4309d970dd5916ae00f3dc7b132bf7d83c84be1de236a6e724e3"},"dob":{"date":"1956-08-19T08:57:54.198Z","age":67},"registered":{"date":"2012-07-21T23:40:53.194Z","age":11},"phone":"A22 D26-6108","cell":"L89 L42-8333","id":{"name":"SIN","value":"278592332"},"picture":{"large":"https://randomuser.me/api/portraits/men/41.jpg","medium":"https://randomuser.me/api/portraits/med/men/41.jpg","thumbnail":"https://randomuser.me/api/portraits/thumb/men/41.jpg"},"nat":"CA"}],"info":{"seed":"fc11c5ad6a35555e","results":1,"page":1,"version":"1.4"}} 
 </msg>
<msg time="2024-04-02T19:10:59.977288" level="INFO">/opt/hostedtoolcache/Python/3.12.2/x64/lib/python3.12/site-packages/urllib3/connectionpool.py:1103: InsecureRequestWarning: Unverified HTTPS request is being made to host 'randomuser.me'. Adding certificate verification is strongly advised. See: https://urllib3.readthedocs.io/en/latest/advanced-usage.html#tls-warnings
  warnings.warn(</msg>
<msg time="2024-04-02T19:10:59.977421" level="INFO">${response} = &lt;Response [200]&gt;</msg>
<var>${response}</var>
<arg>consultarAPI</arg>
<arg>/api</arg>
<doc>Sends a GET request on a previously created HTTP Session.</doc>
<status status="PASS" start="2024-04-02T19:10:59.881347" elapsed="0.096115"/>
</kw>
<kw name="Set Variable" owner="BuiltIn">
<msg time="2024-04-02T19:10:59.978542" level="INFO">${json_data} = {'results': [{'gender': 'male', 'name': {'title': 'Mr', 'first': 'Ryan', 'last': 'Bergeron'}, 'location': {'street': {'number': 2166, 'name': 'Vimy St'}, 'city': 'Beaumont', 'state': 'Québec', 'countr...</msg>
<var>${json_data}</var>
<arg>${response.json()}</arg>
<doc>Returns the given values which can then be assigned to a variables.</doc>
<status status="PASS" start="2024-04-02T19:10:59.977993" elapsed="0.000579"/>
</kw>
<kw name="Set Variable" owner="BuiltIn">
<msg time="2024-04-02T19:10:59.979355" level="INFO">${name_title} = Mr</msg>
<var>${name_title}</var>
<arg>${json_data["results"][0]["name"]["title"]}</arg>
<doc>Returns the given values which can then be assigned to a variables.</doc>
<status status="PASS" start="2024-04-02T19:10:59.978952" elapsed="0.000429"/>
</kw>
<kw name="Create List" owner="BuiltIn">
<msg time="2024-04-02T19:10:59.979856" level="INFO">${allowed_titles} = ['Mr', 'Ms', 'Miss', 'Mrs', 'Madame', 'Monsieur']</msg>
<var>${allowed_titles}</var>
<arg>Mr</arg>
<arg>Ms</arg>
<arg>Miss</arg>
<arg>Mrs</arg>
<arg>Madame</arg>
<arg>Monsieur</arg>
<doc>Returns a list containing given items.</doc>
<status status="PASS" start="2024-04-02T19:10:59.979700" elapsed="0.000181"/>
</kw>
<kw name="List Should Contain Value" owner="Collections">
<msg time="2024-04-02T19:10:59.980382" level="INFO">False</msg>
<arg>${allowed_titles}</arg>
<arg>${name_title}</arg>
<doc>Fails if the ``value`` is not found from ``list``.</doc>
<status status="PASS" start="2024-04-02T19:10:59.980200" elapsed="0.000220"/>
</kw>
<kw name="Set Variable" owner="BuiltIn">
<msg time="2024-04-02T19:10:59.981110" level="INFO">${name_country} = CA</msg>
<var>${name_country}</var>
<arg>${json_data["results"][0]["nat"]}</arg>
<doc>Returns the given values which can then be assigned to a variables.</doc>
<status status="PASS" start="2024-04-02T19:10:59.980719" elapsed="0.000416"/>
</kw>
<kw name="Create List" owner="BuiltIn">
<msg time="2024-04-02T19:10:59.982057" level="INFO">${list_country} = ['AD', 'AE', 'AF', 'AG', 'AI', 'AL', 'AM', 'AO', 'AQ', 'AR', 'AS', 'AT', 'AU', 'AW', 'AX', 'AZ', 'BA', 'BB', 'BD', 'BE', 'BF', 'BG', 'BH', 'BI', 'BJ', 'BL', 'BM', 'BN', 'BO', 'BQ', 'BR', 'BS', 'BT', '...</msg>
<var>${list_country}</var>
<arg>AD</arg>
<arg>AE</arg>
<arg>AF</arg>
<arg>AG</arg>
<arg>AI</arg>
<arg>AL</arg>
<arg>AM</arg>
<arg>AO</arg>
<arg>AQ</arg>
<arg>AR</arg>
<arg>AS</arg>
<arg>AT</arg>
<arg>AU</arg>
<arg>AW</arg>
<arg>AX</arg>
<arg>AZ</arg>
<arg>BA</arg>
<arg>BB</arg>
<arg>BD</arg>
<arg>BE</arg>
<arg>BF</arg>
<arg>BG</arg>
<arg>BH</arg>
<arg>BI</arg>
<arg>BJ</arg>
<arg>BL</arg>
<arg>BM</arg>
<arg>BN</arg>
<arg>BO</arg>
<arg>BQ</arg>
<arg>BR</arg>
<arg>BS</arg>
<arg>BT</arg>
<arg>BV</arg>
<arg>BW</arg>
<arg>BY</arg>
<arg>BZ</arg>
<arg>CA</arg>
<arg>CC</arg>
<arg>CD</arg>
<arg>CF</arg>
<arg>CG</arg>
<arg>CH</arg>
<arg>CI</arg>
<arg>CK</arg>
<arg>CL</arg>
<arg>CM</arg>
<arg>CN</arg>
<arg>CO</arg>
<arg>CR</arg>
<arg>CU</arg>
<arg>CV</arg>
<arg>CW</arg>
<arg>CX</arg>
<arg>CY</arg>
<arg>CZ</arg>
<arg>DE</arg>
<arg>DJ</arg>
<arg>DK</arg>
<arg>DM</arg>
<arg>DO</arg>
<arg>DZ</arg>
<arg>EC</arg>
<arg>EE</arg>
<arg>EG</arg>
<arg>EH</arg>
<arg>ER</arg>
<arg>ES</arg>
<arg>ET</arg>
<arg>FI</arg>
<arg>FJ</arg>
<arg>FK</arg>
<arg>FM</arg>
<arg>FO</arg>
<arg>FR</arg>
<arg>GA</arg>
<arg>GB</arg>
<arg>GD</arg>
<arg>GE</arg>
<arg>GF</arg>
<arg>GG</arg>
<arg>GH</arg>
<arg>GI</arg>
<arg>GL</arg>
<arg>GM</arg>
<arg>GN</arg>
<arg>GP</arg>
<arg>GQ</arg>
<arg>GR</arg>
<arg>GS</arg>
<arg>GT</arg>
<arg>GU</arg>
<arg>GW</arg>
<arg>GY</arg>
<arg>HK</arg>
<arg>HM</arg>
<arg>HN</arg>
<arg>HR</arg>
<arg>HT</arg>
<arg>HU</arg>
<arg>ID</arg>
<arg>IE</arg>
<arg>IL</arg>
<arg>IM</arg>
<arg>IN</arg>
<arg>IO</arg>
<arg>IQ</arg>
<arg>IR</arg>
<arg>IS</arg>
<arg>IT</arg>
<arg>JE</arg>
<arg>JM</arg>
<arg>JO</arg>
<arg>JP</arg>
<arg>KE</arg>
<arg>KG</arg>
<arg>KH</arg>
<arg>KI</arg>
<arg>KM</arg>
<arg>KN</arg>
<arg>KP</arg>
<arg>KR</arg>
<arg>KW</arg>
<arg>KY</arg>
<arg>KZ</arg>
<arg>LA</arg>
<arg>LB</arg>
<arg>LC</arg>
<arg>LI</arg>
<arg>LK</arg>
<arg>LR</arg>
<arg>LS</arg>
<arg>LT</arg>
<arg>LU</arg>
<arg>LV</arg>
<arg>LY</arg>
<arg>MA</arg>
<arg>MC</arg>
<arg>MD</arg>
<arg>ME</arg>
<arg>MF</arg>
<arg>MG</arg>
<arg>MH</arg>
<arg>MK</arg>
<arg>ML</arg>
<arg>MM</arg>
<arg>MN</arg>
<arg>MO</arg>
<arg>MP</arg>
<arg>MQ</arg>
<arg>MR</arg>
<arg>MS</arg>
<arg>MT</arg>
<arg>MU</arg>
<arg>MV</arg>
<arg>MW</arg>
<arg>MX</arg>
<arg>MY</arg>
<arg>MZ</arg>
<arg>NA</arg>
<arg>NC</arg>
<arg>NE</arg>
<arg>NF</arg>
<arg>NG</arg>
<arg>NI</arg>
<arg>NL</arg>
<arg>NO</arg>
<arg>NP</arg>
<arg>NR</arg>
<arg>NU</arg>
<arg>NZ</arg>
<arg>OM</arg>
<arg>PA</arg>
<arg>PE</arg>
<arg>PF</arg>
<arg>PG</arg>
<arg>PH</arg>
<arg>PK</arg>
<arg>PL</arg>
<arg>PM</arg>
<arg>PN</arg>
<arg>PR</arg>
<arg>PS</arg>
<arg>PT</arg>
<arg>PW</arg>
<arg>PY</arg>
<arg>QA</arg>
<arg>RE</arg>
<arg>RO</arg>
<arg>RS</arg>
<arg>RU</arg>
<arg>RW</arg>
<arg>SA</arg>
<arg>SB</arg>
<arg>SC</arg>
<arg>SD</arg>
<arg>SE</arg>
<arg>SG</arg>
<arg>SH</arg>
<arg>SI</arg>
<arg>SJ</arg>
<arg>SK</arg>
<arg>SL</arg>
<arg>SM</arg>
<arg>SN</arg>
<arg>SO</arg>
<arg>SR</arg>
<arg>SS</arg>
<arg>ST</arg>
<arg>SV</arg>
<arg>SX</arg>
<arg>SY</arg>
<arg>SZ</arg>
<arg>TC</arg>
<arg>TD</arg>
<arg>TF</arg>
<arg>TG</arg>
<arg>TH</arg>
<arg>TJ</arg>
<arg>TK</arg>
<arg>TL</arg>
<arg>TM</arg>
<arg>TN</arg>
<arg>TO</arg>
<arg>TR</arg>
<arg>TT</arg>
<arg>TV</arg>
<arg>TW</arg>
<arg>TZ</arg>
<arg>UA</arg>
<arg>UG</arg>
<arg>UM</arg>
<arg>US</arg>
<arg>UY</arg>
<arg>UZ</arg>
<arg>VA</arg>
<arg>VC</arg>
<arg>VE</arg>
<arg>VG</arg>
<arg>VI</arg>
<arg>VN</arg>
<arg>VU</arg>
<arg>WF</arg>
<arg>WS</arg>
<arg>XK</arg>
<arg>YE</arg>
<arg>YT</arg>
<arg>ZA</arg>
<arg>ZM</arg>
<arg>ZW</arg>
<doc>Returns a list containing given items.</doc>
<status status="PASS" start="2024-04-02T19:10:59.981448" elapsed="0.000635"/>
</kw>
<kw name="List Should Contain Value" owner="Collections">
<msg time="2024-04-02T19:10:59.983260" level="INFO">False</msg>
<arg>${list_country}</arg>
<arg>${name_country}</arg>
<doc>Fails if the ``value`` is not found from ``list``.</doc>
<status status="PASS" start="2024-04-02T19:10:59.983044" elapsed="0.000255"/>
</kw>
<kw name="Run Keyword If" owner="BuiltIn">
<kw name="Should Be True" owner="BuiltIn">
<arg>${True}</arg>
<doc>Fails if the given condition is not true.</doc>
<status status="PASS" start="2024-04-02T19:10:59.984391" elapsed="0.000150"/>
</kw>
<arg>${json_data["results"][0]["location"]["coordinates"]["latitude"]} &gt;= -90 and ${json_data["results"][0]["location"]["coordinates"]["latitude"]} &lt;= 90</arg>
<arg>Should Be True</arg>
<arg>${True}</arg>
<doc>Runs the given keyword with the given arguments, if ``condition`` is true.</doc>
<status status="PASS" start="2024-04-02T19:10:59.983616" elapsed="0.001055"/>
</kw>
<kw name="Run Keyword If" owner="BuiltIn">
<kw name="Should Be True" owner="BuiltIn">
<arg>${True}</arg>
<doc>Fails if the given condition is not true.</doc>
<status status="PASS" start="2024-04-02T19:10:59.985575" elapsed="0.000142"/>
</kw>
<arg>${json_data["results"][0]["location"]["coordinates"]["longitude"]} &gt;= -180 and ${json_data["results"][0]["location"]["coordinates"]["longitude"]} &lt;= 180</arg>
<arg>Should Be True</arg>
<arg>${True}</arg>
<doc>Runs the given keyword with the given arguments, if ``condition`` is true.</doc>
<status status="PASS" start="2024-04-02T19:10:59.984859" elapsed="0.000985"/>
</kw>
<status status="PASS" start="2024-04-02T19:10:59.880974" elapsed="0.105004"/>
</kw>
<doc>Testa o conteúdo específico dos campos retornados pela API.</doc>
<tag>testeConteudo</tag>
<status status="PASS" start="2024-04-02T19:10:59.880292" elapsed="0.105845"/>
</test>
<status status="PASS" start="2024-04-02T19:10:59.169441" elapsed="0.818680"/>
</suite>
<status status="PASS" start="2024-04-02T19:10:59.155784" elapsed="0.837760"/>
</suite>
<statistics>
<total>
<stat pass="5" fail="0" skip="0">All Tests</stat>
</total>
<tag>
<stat pass="1" fail="0" skip="0">testeConteudo</stat>
<stat pass="1" fail="0" skip="0">testeEstruturaResposta</stat>
<stat pass="1" fail="0" skip="0">testeRequisicaoBasica</stat>
<stat pass="1" fail="0" skip="0">testeTiposDados</stat>
</tag>
<suite>
<stat pass="5" fail="0" skip="0" id="s1" name="Tests">Tests</stat>
<stat pass="5" fail="0" skip="0" id="s1-s1" name="Random-User-Test">Tests.Random-User-Test</stat>
</suite>
</statistics>
<errors>
</errors>
</robot>
