<?xml version="1.0" encoding="UTF-8"?>
<robot generator="Robot 7.0.1 (Python 3.12.4 on linux)" generated="2024-08-09T14:14:47.804519" rpa="false" schemaversion="5">
<suite id="s1" name="Tests" source="/home/runner/work/ApiRandomUser/ApiRandomUser/RamdonUser/tests">
<suite id="s1-s1" name="Random-User-Test" source="/home/runner/work/ApiRandomUser/ApiRandomUser/RamdonUser/tests/random-user-test.robot">
<test id="s1-s1-t1" name="Conectar" line="13">
<kw name="Conectar API" owner="random-user-service">
<kw name="Create Session" owner="RequestsLibrary">
<msg time="2024-08-09T14:14:48.220211" level="INFO">Creating Session using : alias=consultarAPI, url=https://randomuser.me/, headers={},                     cookies={}, auth=None, timeout=None, proxies=None, verify=False,                     debug=0 </msg>
<arg>consultarAPI</arg>
<arg>${URL}</arg>
<doc>Create Session: create a HTTP session to a server</doc>
<status status="PASS" start="2024-08-09T14:14:48.220007" elapsed="0.000398"/>
</kw>
<status status="PASS" start="2024-08-09T14:14:48.218915" elapsed="0.001856"/>
</kw>
<status status="PASS" start="2024-08-09T14:14:48.218315" elapsed="0.002652"/>
</test>
<test id="s1-s1-t2" name="Validar retorno 200 e JSON Válido" line="16">
<kw name="Teste de Requisicao Basica" owner="random-user-service">
<kw name="GET On Session" owner="RequestsLibrary">
<msg time="2024-08-09T14:14:48.412324" level="INFO">GET Request : url=https://randomuser.me/api 
 path_url=/api 
 headers={'User-Agent': 'python-requests/2.32.3', 'Accept-Encoding': 'gzip, deflate', 'Accept': '*/*', 'Connection': 'keep-alive'} 
 body=None 
 </msg>
<msg time="2024-08-09T14:14:48.412491" level="INFO">GET Response : url=https://randomuser.me/api 
 status=200, reason=OK 
 headers={'Date': 'Fri, 09 Aug 2024 14:14:48 GMT', 'Content-Type': 'application/json; charset=utf-8', 'Transfer-Encoding': 'chunked', 'Connection': 'keep-alive', 'X-Powered-By': 'Express', 'Access-Control-Allow-Origin': '*', 'Cache-Control': 'no-cache', 'ETag': 'W/"47b-PFAvp3G7MnUQGd9lcntvZVJ2ggo"', 'Vary': 'Accept-Encoding', 'Content-Encoding': 'gzip', 'CF-Cache-Status': 'DYNAMIC', 'Report-To': '{"endpoints":[{"url":"https:\\/\\/a.nel.cloudflare.com\\/report\\/v4?s=XKCg5MQy13B%2BV9K8owibmchABaynTuIoMcplWDELlRYdkJnBk%2BGbamKojkyKKq6ntS6TXCbrHBtJhoNECXAk94REzNB6U%2BmZlJfx7g9Yrx1svv6e6U8JmiysqvjoGbn6"}],"group":"cf-nel","max_age":604800}', 'NEL': '{"success_fraction":0,"report_to":"cf-nel","max_age":604800}', 'Server': 'cloudflare', 'CF-RAY': '8b085ac85f43208a-IAD', 'alt-svc': 'h3=":443"; ma=86400'} 
 body={"results":[{"gender":"male","name":{"title":"Mr","first":"Frederikke","last":"Hansen"},"location":{"street":{"number":8294,"name":"Pilevænget"},"city":"Jerslev Sj","state":"Nordjylland","country":"Denmark","postcode":76098,"coordinates":{"latitude":"-46.2981","longitude":"-38.4438"},"timezone":{"offset":"-3:30","description":"Newfoundland"}},"email":"frederikke.hansen@example.com","login":{"uuid":"525d95ab-6611-4a0d-859f-a0dea192802f","username":"purplezebra710","password":"florence","salt":"xyggNcYs","md5":"e4e46aba4bdf9f378c83b2f204a6fdc4","sha1":"3dea95823346461634d991311056fdd33b57cd75","sha256":"73572c3056937882607a5142df7bb0dd0babbe975dd8391b9fbc249b77ac48a2"},"dob":{"date":"1947-07-02T11:22:52.698Z","age":77},"registered":{"date":"2019-03-16T22:20:56.982Z","age":5},"phone":"60515019","cell":"82302426","id":{"name":"CPR","value":"020747-8659"},"picture":{"large":"https://randomuser.me/api/portraits/men/87.jpg","medium":"https://randomuser.me/api/portraits/med/men/87.jpg","thumbnail":"https://randomuser.me/api/portraits/thumb/men/87.jpg"},"nat":"DK"}],"info":{"seed":"64b2f8e4b97b0bbf","results":1,"page":1,"version":"1.4"}} 
 </msg>
<msg time="2024-08-09T14:14:48.412589" level="INFO">/opt/hostedtoolcache/Python/3.12.4/x64/lib/python3.12/site-packages/urllib3/connectionpool.py:1099: InsecureRequestWarning: Unverified HTTPS request is being made to host 'randomuser.me'. Adding certificate verification is strongly advised. See: https://urllib3.readthedocs.io/en/latest/advanced-usage.html#tls-warnings
  warnings.warn(</msg>
<msg time="2024-08-09T14:14:48.412759" level="INFO">${response} = &lt;Response [200]&gt;</msg>
<var>${response}</var>
<arg>consultarAPI</arg>
<arg>/api</arg>
<doc>Sends a GET request on a previously created HTTP Session.</doc>
<status status="PASS" start="2024-08-09T14:14:48.223543" elapsed="0.189262"/>
</kw>
<kw name="Should Be Equal As Numbers" owner="BuiltIn">
<msg time="2024-08-09T14:14:48.413862" level="INFO">Argument types are:
&lt;class 'int'&gt;
&lt;class 'str'&gt;</msg>
<arg>${response.status_code}</arg>
<arg>200</arg>
<doc>Fails if objects are unequal after converting them to real numbers.</doc>
<status status="PASS" start="2024-08-09T14:14:48.413351" elapsed="0.000581"/>
</kw>
<kw name="Log" owner="BuiltIn">
<msg time="2024-08-09T14:14:48.414610" level="INFO">200</msg>
<arg>${response.status_code}</arg>
<doc>Logs the given message with the given level.</doc>
<status status="PASS" start="2024-08-09T14:14:48.414258" elapsed="0.000395"/>
</kw>
<kw name="Set Variable" owner="BuiltIn">
<msg time="2024-08-09T14:14:48.415411" level="INFO">${json_data} = {'results': [{'gender': 'male', 'name': {'title': 'Mr', 'first': 'Frederikke', 'last': 'Hansen'}, 'location': {'street': {'number': 8294, 'name': 'Pilevænget'}, 'city': 'Jerslev Sj', 'state': 'Nordjyl...</msg>
<var>${json_data}</var>
<arg>${response.json()}</arg>
<doc>Returns the given values which can then be assigned to a variables.</doc>
<status status="PASS" start="2024-08-09T14:14:48.414958" elapsed="0.000483"/>
</kw>
<kw name="Dictionary Should Contain Key" owner="Collections">
<arg>${json_data}</arg>
<arg>results</arg>
<doc>Fails if ``key`` is not found from ``dictionary``.</doc>
<status status="PASS" start="2024-08-09T14:14:48.415744" elapsed="0.000340"/>
</kw>
<status status="PASS" start="2024-08-09T14:14:48.223301" elapsed="0.192940"/>
</kw>
<doc>Testa se a API responde corretamente e retorna um objeto JSON válido.</doc>
<tag>testeRequisicaoBasica</tag>
<status status="PASS" start="2024-08-09T14:14:48.222854" elapsed="0.193569"/>
</test>
<test id="s1-s1-t3" name="Validar estrutura de resposta" line="22">
<kw name="Teste de Estrutura de Resposta" owner="random-user-service">
<kw name="GET On Session" owner="RequestsLibrary">
<msg time="2024-08-09T14:14:48.521955" level="INFO">GET Request : url=https://randomuser.me/api 
 path_url=/api 
 headers={'User-Agent': 'python-requests/2.32.3', 'Accept-Encoding': 'gzip, deflate', 'Accept': '*/*', 'Connection': 'keep-alive'} 
 body=None 
 </msg>
<msg time="2024-08-09T14:14:48.522103" level="INFO">GET Response : url=https://randomuser.me/api 
 status=200, reason=OK 
 headers={'Date': 'Fri, 09 Aug 2024 14:14:48 GMT', 'Content-Type': 'application/json; charset=utf-8', 'Transfer-Encoding': 'chunked', 'Connection': 'keep-alive', 'X-Powered-By': 'Express', 'Access-Control-Allow-Origin': '*', 'Cache-Control': 'no-cache', 'ETag': 'W/"487-Q5Tnnlxg0sr28CMx2prqPmdLG6A"', 'Vary': 'Accept-Encoding', 'Content-Encoding': 'gzip', 'CF-Cache-Status': 'DYNAMIC', 'Report-To': '{"endpoints":[{"url":"https:\\/\\/a.nel.cloudflare.com\\/report\\/v4?s=VXc0ZWvLDE%2FzIeyg7nbY%2BkR3vLigjIJ3yEvnFXks3Oe%2BP03LTB3HCVINi6A6Oj1W1LAgMSd%2Fen3v8DxQ6ZImuVhSg99AtEsoRTJNWVkNeIH638bdvL72IVKnRmuZHYWt"}],"group":"cf-nel","max_age":604800}', 'NEL': '{"success_fraction":0,"report_to":"cf-nel","max_age":604800}', 'Server': 'cloudflare', 'CF-RAY': '8b085ac8afad208a-IAD', 'alt-svc': 'h3=":443"; ma=86400'} 
 body={"results":[{"gender":"male","name":{"title":"Mr","first":"Dragan","last":"Karanović"},"location":{"street":{"number":4764,"name":"Isidora Dobrovića "},"city":"Bojnik","state":"Braničevo","country":"Serbia","postcode":84442,"coordinates":{"latitude":"60.5541","longitude":"-82.6500"},"timezone":{"offset":"-12:00","description":"Eniwetok, Kwajalein"}},"email":"dragan.karanovic@example.com","login":{"uuid":"3407420d-bc4b-4089-ac3b-0a193975a111","username":"brownpanda110","password":"shrimp","salt":"TYpTcHMA","md5":"53bfbbcdd8f5504e39389ffe2583cf76","sha1":"86a218a0a47a0a9f3ec22f67b4e7d8d18c3d5b29","sha256":"ee0cbbe50a2fba4e1dfdcaa0a97f54aa13471fd509cc74ecd0b80abc01fa0cb3"},"dob":{"date":"1983-07-17T07:19:28.346Z","age":41},"registered":{"date":"2004-06-23T05:14:08.380Z","age":20},"phone":"015-4360-105","cell":"063-3904-113","id":{"name":"SID","value":"071906966"},"picture":{"large":"https://randomuser.me/api/portraits/men/61.jpg","medium":"https://randomuser.me/api/portraits/med/men/61.jpg","thumbnail":"https://randomuser.me/api/portraits/thumb/men/61.jpg"},"nat":"RS"}],"info":{"seed":"aaa30e9f0952e70e","results":1,"page":1,"version":"1.4"}} 
 </msg>
<msg time="2024-08-09T14:14:48.522309" level="INFO">/opt/hostedtoolcache/Python/3.12.4/x64/lib/python3.12/site-packages/urllib3/connectionpool.py:1099: InsecureRequestWarning: Unverified HTTPS request is being made to host 'randomuser.me'. Adding certificate verification is strongly advised. See: https://urllib3.readthedocs.io/en/latest/advanced-usage.html#tls-warnings
  warnings.warn(</msg>
<msg time="2024-08-09T14:14:48.522497" level="INFO">${response} = &lt;Response [200]&gt;</msg>
<var>${response}</var>
<arg>consultarAPI</arg>
<arg>/api</arg>
<doc>Sends a GET request on a previously created HTTP Session.</doc>
<status status="PASS" start="2024-08-09T14:14:48.419031" elapsed="0.103523"/>
</kw>
<kw name="Set Variable" owner="BuiltIn">
<msg time="2024-08-09T14:14:48.524118" level="INFO">${json_data} = {'results': [{'gender': 'male', 'name': {'title': 'Mr', 'first': 'Dragan', 'last': 'Karanović'}, 'location': {'street': {'number': 4764, 'name': 'Isidora Dobrovića '}, 'city': 'Bojnik', 'state': 'Bran...</msg>
<var>${json_data}</var>
<arg>${response.json()}</arg>
<doc>Returns the given values which can then be assigned to a variables.</doc>
<status status="PASS" start="2024-08-09T14:14:48.523311" elapsed="0.000861"/>
</kw>
<kw name="Log" owner="BuiltIn">
<msg time="2024-08-09T14:14:48.524895" level="INFO">{'results': [{'gender': 'male', 'name': {'title': 'Mr', 'first': 'Dragan', 'last': 'Karanović'}, 'location': {'street': {'number': 4764, 'name': 'Isidora Dobrovića '}, 'city': 'Bojnik', 'state': 'Braničevo', 'country': 'Serbia', 'postcode': 84442, 'coordinates': {'latitude': '60.5541', 'longitude': '-82.6500'}, 'timezone': {'offset': '-12:00', 'description': 'Eniwetok, Kwajalein'}}, 'email': 'dragan.karanovic@example.com', 'login': {'uuid': '3407420d-bc4b-4089-ac3b-0a193975a111', 'username': 'brownpanda110', 'password': 'shrimp', 'salt': 'TYpTcHMA', 'md5': '53bfbbcdd8f5504e39389ffe2583cf76', 'sha1': '86a218a0a47a0a9f3ec22f67b4e7d8d18c3d5b29', 'sha256': 'ee0cbbe50a2fba4e1dfdcaa0a97f54aa13471fd509cc74ecd0b80abc01fa0cb3'}, 'dob': {'date': '1983-07-17T07:19:28.346Z', 'age': 41}, 'registered': {'date': '2004-06-23T05:14:08.380Z', 'age': 20}, 'phone': '015-4360-105', 'cell': '063-3904-113', 'id': {'name': 'SID', 'value': '071906966'}, 'picture': {'large': 'https://randomuser.me/api/portraits/men/61.jpg', 'medium': 'https://randomuser.me/api/portraits/med/men/61.jpg', 'thumbnail': 'https://randomuser.me/api/portraits/thumb/men/61.jpg'}, 'nat': 'RS'}], 'info': {'seed': 'aaa30e9f0952e70e', 'results': 1, 'page': 1, 'version': '1.4'}}</msg>
<arg>${json_data}</arg>
<doc>Logs the given message with the given level.</doc>
<status status="PASS" start="2024-08-09T14:14:48.524649" elapsed="0.000339"/>
</kw>
<kw name="Dictionary Should Contain Key" owner="Collections">
<arg>${json_data}</arg>
<arg>results</arg>
<doc>Fails if ``key`` is not found from ``dictionary``.</doc>
<status status="PASS" start="2024-08-09T14:14:48.525441" elapsed="0.000246"/>
</kw>
<kw name="Should Not Be Empty" owner="BuiltIn">
<msg time="2024-08-09T14:14:48.526234" level="INFO">Length is 2.</msg>
<arg>${json_data}</arg>
<doc>Verifies that the given item is not empty.</doc>
<status status="PASS" start="2024-08-09T14:14:48.526040" elapsed="0.000264"/>
</kw>
<kw name="Create List" owner="BuiltIn">
<msg time="2024-08-09T14:14:48.527004" level="INFO">${expected_keys} = ['gender', 'name', 'location', 'email', 'login']</msg>
<var>${expected_keys}</var>
<arg>gender</arg>
<arg>name</arg>
<arg>location</arg>
<arg>email</arg>
<arg>login</arg>
<doc>Returns a list containing given items.</doc>
<status status="PASS" start="2024-08-09T14:14:48.526756" elapsed="0.000289"/>
</kw>
<for flavor="IN">
<iter>
<kw name="Dictionary Should Contain Key" owner="Collections">
<arg>${json_data['results'][0]}</arg>
<arg>${key}</arg>
<doc>Fails if ``key`` is not found from ``dictionary``.</doc>
<status status="PASS" start="2024-08-09T14:14:48.527927" elapsed="0.000729"/>
</kw>
<kw name="Log" owner="BuiltIn">
<msg time="2024-08-09T14:14:48.529580" level="INFO">{'gender': 'male', 'name': {'title': 'Mr', 'first': 'Dragan', 'last': 'Karanović'}, 'location': {'street': {'number': 4764, 'name': 'Isidora Dobrovića '}, 'city': 'Bojnik', 'state': 'Braničevo', 'country': 'Serbia', 'postcode': 84442, 'coordinates': {'latitude': '60.5541', 'longitude': '-82.6500'}, 'timezone': {'offset': '-12:00', 'description': 'Eniwetok, Kwajalein'}}, 'email': 'dragan.karanovic@example.com', 'login': {'uuid': '3407420d-bc4b-4089-ac3b-0a193975a111', 'username': 'brownpanda110', 'password': 'shrimp', 'salt': 'TYpTcHMA', 'md5': '53bfbbcdd8f5504e39389ffe2583cf76', 'sha1': '86a218a0a47a0a9f3ec22f67b4e7d8d18c3d5b29', 'sha256': 'ee0cbbe50a2fba4e1dfdcaa0a97f54aa13471fd509cc74ecd0b80abc01fa0cb3'}, 'dob': {'date': '1983-07-17T07:19:28.346Z', 'age': 41}, 'registered': {'date': '2004-06-23T05:14:08.380Z', 'age': 20}, 'phone': '015-4360-105', 'cell': '063-3904-113', 'id': {'name': 'SID', 'value': '071906966'}, 'picture': {'large': 'https://randomuser.me/api/portraits/men/61.jpg', 'medium': 'https://randomuser.me/api/portraits/med/men/61.jpg', 'thumbnail': 'https://randomuser.me/api/portraits/thumb/men/61.jpg'}, 'nat': 'RS'}</msg>
<arg>${json_data['results'][0]}</arg>
<doc>Logs the given message with the given level.</doc>
<status status="PASS" start="2024-08-09T14:14:48.528983" elapsed="0.000692"/>
</kw>
<kw name="Log" owner="BuiltIn">
<msg time="2024-08-09T14:14:48.530370" level="INFO">gender</msg>
<arg>${key}</arg>
<doc>Logs the given message with the given level.</doc>
<status status="PASS" start="2024-08-09T14:14:48.530163" elapsed="0.000277"/>
</kw>
<var name="${key}">gender</var>
<status status="PASS" start="2024-08-09T14:14:48.527728" elapsed="0.003072"/>
</iter>
<iter>
<kw name="Dictionary Should Contain Key" owner="Collections">
<arg>${json_data['results'][0]}</arg>
<arg>${key}</arg>
<doc>Fails if ``key`` is not found from ``dictionary``.</doc>
<status status="PASS" start="2024-08-09T14:14:48.531335" elapsed="0.000650"/>
</kw>
<kw name="Log" owner="BuiltIn">
<msg time="2024-08-09T14:14:48.532861" level="INFO">{'gender': 'male', 'name': {'title': 'Mr', 'first': 'Dragan', 'last': 'Karanović'}, 'location': {'street': {'number': 4764, 'name': 'Isidora Dobrovića '}, 'city': 'Bojnik', 'state': 'Braničevo', 'country': 'Serbia', 'postcode': 84442, 'coordinates': {'latitude': '60.5541', 'longitude': '-82.6500'}, 'timezone': {'offset': '-12:00', 'description': 'Eniwetok, Kwajalein'}}, 'email': 'dragan.karanovic@example.com', 'login': {'uuid': '3407420d-bc4b-4089-ac3b-0a193975a111', 'username': 'brownpanda110', 'password': 'shrimp', 'salt': 'TYpTcHMA', 'md5': '53bfbbcdd8f5504e39389ffe2583cf76', 'sha1': '86a218a0a47a0a9f3ec22f67b4e7d8d18c3d5b29', 'sha256': 'ee0cbbe50a2fba4e1dfdcaa0a97f54aa13471fd509cc74ecd0b80abc01fa0cb3'}, 'dob': {'date': '1983-07-17T07:19:28.346Z', 'age': 41}, 'registered': {'date': '2004-06-23T05:14:08.380Z', 'age': 20}, 'phone': '015-4360-105', 'cell': '063-3904-113', 'id': {'name': 'SID', 'value': '071906966'}, 'picture': {'large': 'https://randomuser.me/api/portraits/men/61.jpg', 'medium': 'https://randomuser.me/api/portraits/med/men/61.jpg', 'thumbnail': 'https://randomuser.me/api/portraits/thumb/men/61.jpg'}, 'nat': 'RS'}</msg>
<arg>${json_data['results'][0]}</arg>
<doc>Logs the given message with the given level.</doc>
<status status="PASS" start="2024-08-09T14:14:48.532276" elapsed="0.000723"/>
</kw>
<kw name="Log" owner="BuiltIn">
<msg time="2024-08-09T14:14:48.533652" level="INFO">name</msg>
<arg>${key}</arg>
<doc>Logs the given message with the given level.</doc>
<status status="PASS" start="2024-08-09T14:14:48.533432" elapsed="0.000296"/>
</kw>
<var name="${key}">name</var>
<status status="PASS" start="2024-08-09T14:14:48.531134" elapsed="0.003003"/>
</iter>
<iter>
<kw name="Dictionary Should Contain Key" owner="Collections">
<arg>${json_data['results'][0]}</arg>
<arg>${key}</arg>
<doc>Fails if ``key`` is not found from ``dictionary``.</doc>
<status status="PASS" start="2024-08-09T14:14:48.534579" elapsed="0.000614"/>
</kw>
<kw name="Log" owner="BuiltIn">
<msg time="2024-08-09T14:14:48.536119" level="INFO">{'gender': 'male', 'name': {'title': 'Mr', 'first': 'Dragan', 'last': 'Karanović'}, 'location': {'street': {'number': 4764, 'name': 'Isidora Dobrovića '}, 'city': 'Bojnik', 'state': 'Braničevo', 'country': 'Serbia', 'postcode': 84442, 'coordinates': {'latitude': '60.5541', 'longitude': '-82.6500'}, 'timezone': {'offset': '-12:00', 'description': 'Eniwetok, Kwajalein'}}, 'email': 'dragan.karanovic@example.com', 'login': {'uuid': '3407420d-bc4b-4089-ac3b-0a193975a111', 'username': 'brownpanda110', 'password': 'shrimp', 'salt': 'TYpTcHMA', 'md5': '53bfbbcdd8f5504e39389ffe2583cf76', 'sha1': '86a218a0a47a0a9f3ec22f67b4e7d8d18c3d5b29', 'sha256': 'ee0cbbe50a2fba4e1dfdcaa0a97f54aa13471fd509cc74ecd0b80abc01fa0cb3'}, 'dob': {'date': '1983-07-17T07:19:28.346Z', 'age': 41}, 'registered': {'date': '2004-06-23T05:14:08.380Z', 'age': 20}, 'phone': '015-4360-105', 'cell': '063-3904-113', 'id': {'name': 'SID', 'value': '071906966'}, 'picture': {'large': 'https://randomuser.me/api/portraits/men/61.jpg', 'medium': 'https://randomuser.me/api/portraits/med/men/61.jpg', 'thumbnail': 'https://randomuser.me/api/portraits/thumb/men/61.jpg'}, 'nat': 'RS'}</msg>
<arg>${json_data['results'][0]}</arg>
<doc>Logs the given message with the given level.</doc>
<status status="PASS" start="2024-08-09T14:14:48.535499" elapsed="0.000706"/>
</kw>
<kw name="Log" owner="BuiltIn">
<msg time="2024-08-09T14:14:48.536866" level="INFO">location</msg>
<arg>${key}</arg>
<doc>Logs the given message with the given level.</doc>
<status status="PASS" start="2024-08-09T14:14:48.536661" elapsed="0.000272"/>
</kw>
<var name="${key}">location</var>
<status status="PASS" start="2024-08-09T14:14:48.534412" elapsed="0.002872"/>
</iter>
<iter>
<kw name="Dictionary Should Contain Key" owner="Collections">
<arg>${json_data['results'][0]}</arg>
<arg>${key}</arg>
<doc>Fails if ``key`` is not found from ``dictionary``.</doc>
<status status="PASS" start="2024-08-09T14:14:48.537759" elapsed="0.000694"/>
</kw>
<kw name="Log" owner="BuiltIn">
<msg time="2024-08-09T14:14:48.539526" level="INFO">{'gender': 'male', 'name': {'title': 'Mr', 'first': 'Dragan', 'last': 'Karanović'}, 'location': {'street': {'number': 4764, 'name': 'Isidora Dobrovića '}, 'city': 'Bojnik', 'state': 'Braničevo', 'country': 'Serbia', 'postcode': 84442, 'coordinates': {'latitude': '60.5541', 'longitude': '-82.6500'}, 'timezone': {'offset': '-12:00', 'description': 'Eniwetok, Kwajalein'}}, 'email': 'dragan.karanovic@example.com', 'login': {'uuid': '3407420d-bc4b-4089-ac3b-0a193975a111', 'username': 'brownpanda110', 'password': 'shrimp', 'salt': 'TYpTcHMA', 'md5': '53bfbbcdd8f5504e39389ffe2583cf76', 'sha1': '86a218a0a47a0a9f3ec22f67b4e7d8d18c3d5b29', 'sha256': 'ee0cbbe50a2fba4e1dfdcaa0a97f54aa13471fd509cc74ecd0b80abc01fa0cb3'}, 'dob': {'date': '1983-07-17T07:19:28.346Z', 'age': 41}, 'registered': {'date': '2004-06-23T05:14:08.380Z', 'age': 20}, 'phone': '015-4360-105', 'cell': '063-3904-113', 'id': {'name': 'SID', 'value': '071906966'}, 'picture': {'large': 'https://randomuser.me/api/portraits/men/61.jpg', 'medium': 'https://randomuser.me/api/portraits/med/men/61.jpg', 'thumbnail': 'https://randomuser.me/api/portraits/thumb/men/61.jpg'}, 'nat': 'RS'}</msg>
<arg>${json_data['results'][0]}</arg>
<doc>Logs the given message with the given level.</doc>
<status status="PASS" start="2024-08-09T14:14:48.538939" elapsed="0.000676"/>
</kw>
<kw name="Log" owner="BuiltIn">
<msg time="2024-08-09T14:14:48.540283" level="INFO">email</msg>
<arg>${key}</arg>
<doc>Logs the given message with the given level.</doc>
<status status="PASS" start="2024-08-09T14:14:48.540077" elapsed="0.000276"/>
</kw>
<var name="${key}">email</var>
<status status="PASS" start="2024-08-09T14:14:48.537571" elapsed="0.003147"/>
</iter>
<iter>
<kw name="Dictionary Should Contain Key" owner="Collections">
<arg>${json_data['results'][0]}</arg>
<arg>${key}</arg>
<doc>Fails if ``key`` is not found from ``dictionary``.</doc>
<status status="PASS" start="2024-08-09T14:14:48.541196" elapsed="0.000608"/>
</kw>
<kw name="Log" owner="BuiltIn">
<msg time="2024-08-09T14:14:48.542635" level="INFO">{'gender': 'male', 'name': {'title': 'Mr', 'first': 'Dragan', 'last': 'Karanović'}, 'location': {'street': {'number': 4764, 'name': 'Isidora Dobrovića '}, 'city': 'Bojnik', 'state': 'Braničevo', 'country': 'Serbia', 'postcode': 84442, 'coordinates': {'latitude': '60.5541', 'longitude': '-82.6500'}, 'timezone': {'offset': '-12:00', 'description': 'Eniwetok, Kwajalein'}}, 'email': 'dragan.karanovic@example.com', 'login': {'uuid': '3407420d-bc4b-4089-ac3b-0a193975a111', 'username': 'brownpanda110', 'password': 'shrimp', 'salt': 'TYpTcHMA', 'md5': '53bfbbcdd8f5504e39389ffe2583cf76', 'sha1': '86a218a0a47a0a9f3ec22f67b4e7d8d18c3d5b29', 'sha256': 'ee0cbbe50a2fba4e1dfdcaa0a97f54aa13471fd509cc74ecd0b80abc01fa0cb3'}, 'dob': {'date': '1983-07-17T07:19:28.346Z', 'age': 41}, 'registered': {'date': '2004-06-23T05:14:08.380Z', 'age': 20}, 'phone': '015-4360-105', 'cell': '063-3904-113', 'id': {'name': 'SID', 'value': '071906966'}, 'picture': {'large': 'https://randomuser.me/api/portraits/men/61.jpg', 'medium': 'https://randomuser.me/api/portraits/med/men/61.jpg', 'thumbnail': 'https://randomuser.me/api/portraits/thumb/men/61.jpg'}, 'nat': 'RS'}</msg>
<arg>${json_data['results'][0]}</arg>
<doc>Logs the given message with the given level.</doc>
<status status="PASS" start="2024-08-09T14:14:48.542086" elapsed="0.000626"/>
</kw>
<kw name="Log" owner="BuiltIn">
<msg time="2024-08-09T14:14:48.543364" level="INFO">login</msg>
<arg>${key}</arg>
<doc>Logs the given message with the given level.</doc>
<status status="PASS" start="2024-08-09T14:14:48.543157" elapsed="0.000267"/>
</kw>
<var name="${key}">login</var>
<status status="PASS" start="2024-08-09T14:14:48.541020" elapsed="0.002722"/>
</iter>
<var>${key}</var>
<value>@{expected_keys}</value>
<status status="PASS" start="2024-08-09T14:14:48.527429" elapsed="0.016522"/>
</for>
<kw name="Create List" owner="BuiltIn">
<msg time="2024-08-09T14:14:48.544487" level="INFO">${expected_keysTwo} = ['username', 'password']</msg>
<var>${expected_keysTwo}</var>
<arg>username</arg>
<arg>password</arg>
<doc>Returns a list containing given items.</doc>
<status status="PASS" start="2024-08-09T14:14:48.544267" elapsed="0.000265"/>
</kw>
<for flavor="IN">
<iter>
<kw name="Dictionary Should Contain Key" owner="Collections">
<arg>${json_data['results'][0]['login']}</arg>
<arg>${keyTwo}</arg>
<doc>Fails if ``key`` is not found from ``dictionary``.</doc>
<status status="PASS" start="2024-08-09T14:14:48.545424" elapsed="0.000695"/>
</kw>
<kw name="Dictionary Should Contain Key" owner="Collections">
<arg>${json_data['results'][0]['login']}</arg>
<arg>${keyTwo}</arg>
<doc>Fails if ``key`` is not found from ``dictionary``.</doc>
<status status="PASS" start="2024-08-09T14:14:48.546408" elapsed="0.000679"/>
</kw>
<kw name="Log" owner="BuiltIn">
<msg time="2024-08-09T14:14:48.547629" level="INFO">username</msg>
<arg>${keyTwo}</arg>
<doc>Logs the given message with the given level.</doc>
<status status="PASS" start="2024-08-09T14:14:48.547418" elapsed="0.000283"/>
</kw>
<var name="${keyTwo}">username</var>
<status status="PASS" start="2024-08-09T14:14:48.545233" elapsed="0.002795"/>
</iter>
<iter>
<kw name="Dictionary Should Contain Key" owner="Collections">
<arg>${json_data['results'][0]['login']}</arg>
<arg>${keyTwo}</arg>
<doc>Fails if ``key`` is not found from ``dictionary``.</doc>
<status status="PASS" start="2024-08-09T14:14:48.548441" elapsed="0.000625"/>
</kw>
<kw name="Dictionary Should Contain Key" owner="Collections">
<arg>${json_data['results'][0]['login']}</arg>
<arg>${keyTwo}</arg>
<doc>Fails if ``key`` is not found from ``dictionary``.</doc>
<status status="PASS" start="2024-08-09T14:14:48.549393" elapsed="0.000670"/>
</kw>
<kw name="Log" owner="BuiltIn">
<msg time="2024-08-09T14:14:48.550593" level="INFO">password</msg>
<arg>${keyTwo}</arg>
<doc>Logs the given message with the given level.</doc>
<status status="PASS" start="2024-08-09T14:14:48.550386" elapsed="0.000267"/>
</kw>
<var name="${keyTwo}">password</var>
<status status="PASS" start="2024-08-09T14:14:48.548281" elapsed="0.002692"/>
</iter>
<var>${keyTwo}</var>
<value>@{expected_keysTwo}</value>
<status status="PASS" start="2024-08-09T14:14:48.544970" elapsed="0.006205"/>
</for>
<status status="PASS" start="2024-08-09T14:14:48.418795" elapsed="0.132639"/>
</kw>
<doc>Testa a estrutura da resposta da API.</doc>
<tag>testeEstruturaResposta</tag>
<status status="PASS" start="2024-08-09T14:14:48.418280" elapsed="0.133410"/>
</test>
<test id="s1-s1-t4" name="Validar tipos de dados" line="28">
<kw name="Teste de Tipos de Dados" owner="random-user-service">
<kw name="GET On Session" owner="RequestsLibrary">
<msg time="2024-08-09T14:14:48.614227" level="INFO">GET Request : url=https://randomuser.me/api 
 path_url=/api 
 headers={'User-Agent': 'python-requests/2.32.3', 'Accept-Encoding': 'gzip, deflate', 'Accept': '*/*', 'Connection': 'keep-alive'} 
 body=None 
 </msg>
<msg time="2024-08-09T14:14:48.614344" level="INFO">GET Response : url=https://randomuser.me/api 
 status=200, reason=OK 
 headers={'Date': 'Fri, 09 Aug 2024 14:14:48 GMT', 'Content-Type': 'application/json; charset=utf-8', 'Transfer-Encoding': 'chunked', 'Connection': 'keep-alive', 'X-Powered-By': 'Express', 'Access-Control-Allow-Origin': '*', 'Cache-Control': 'no-cache', 'ETag': 'W/"4a5-mF56YqqkBL+O9exF2ti2eeJ6+0E"', 'Vary': 'Accept-Encoding', 'Content-Encoding': 'gzip', 'CF-Cache-Status': 'DYNAMIC', 'Report-To': '{"endpoints":[{"url":"https:\\/\\/a.nel.cloudflare.com\\/report\\/v4?s=7sbUJye9cRYbLCLK16djkqaqzObKNbji4eTvb0WkU29elLiMvE7AjTsfB0NaHTRqY4zQmy5QryGF748nhJjO0atsX84CYKjYhQkLBx83EPXiMkv7%2FhIspfTwqh8eWaSN"}],"group":"cf-nel","max_age":604800}', 'NEL': '{"success_fraction":0,"report_to":"cf-nel","max_age":604800}', 'Server': 'cloudflare', 'CF-RAY': '8b085ac98883208a-IAD', 'alt-svc': 'h3=":443"; ma=86400'} 
 body={"results":[{"gender":"female","name":{"title":"Ms","first":"Pauline","last":"Lemoine"},"location":{"street":{"number":1571,"name":"Rue du Moulin"},"city":"Roubaix","state":"Corse-du-Sud","country":"France","postcode":96193,"coordinates":{"latitude":"-19.0474","longitude":"148.4986"},"timezone":{"offset":"+4:00","description":"Abu Dhabi, Muscat, Baku, Tbilisi"}},"email":"pauline.lemoine@example.com","login":{"uuid":"d8f92dc3-ff90-4739-932c-7e02148a6d6f","username":"smallladybug896","password":"beautiful","salt":"8KaEnLgn","md5":"96faf56c4c3a3e6fdc23adb26558c99b","sha1":"a582bc2329cec6bbf7d4a0ccfdfa9d95d1a1aea0","sha256":"466413e948b8b2c04b11cec094bfd9dee2b077ddcadc4f806fecdbade5bdea6c"},"dob":{"date":"1947-12-07T17:41:55.450Z","age":76},"registered":{"date":"2005-08-02T14:10:32.691Z","age":19},"phone":"02-56-38-49-15","cell":"06-60-88-49-96","id":{"name":"INSEE","value":"2471147825148 27"},"picture":{"large":"https://randomuser.me/api/portraits/women/7.jpg","medium":"https://randomuser.me/api/portraits/med/women/7.jpg","thumbnail":"https://randomuser.me/api/portraits/thumb/women/7.jpg"},"nat":"FR"}],"info":{"seed":"e9cb00a198a7e84e","results":1,"page":1,"version":"1.4"}} 
 </msg>
<msg time="2024-08-09T14:14:48.614438" level="INFO">/opt/hostedtoolcache/Python/3.12.4/x64/lib/python3.12/site-packages/urllib3/connectionpool.py:1099: InsecureRequestWarning: Unverified HTTPS request is being made to host 'randomuser.me'. Adding certificate verification is strongly advised. See: https://urllib3.readthedocs.io/en/latest/advanced-usage.html#tls-warnings
  warnings.warn(</msg>
<msg time="2024-08-09T14:14:48.614563" level="INFO">${response} = &lt;Response [200]&gt;</msg>
<var>${response}</var>
<arg>consultarAPI</arg>
<arg>/api</arg>
<doc>Sends a GET request on a previously created HTTP Session.</doc>
<status status="PASS" start="2024-08-09T14:14:48.556032" elapsed="0.058564"/>
</kw>
<kw name="Set Variable" owner="BuiltIn">
<msg time="2024-08-09T14:14:48.615703" level="INFO">${json_data} = {'results': [{'gender': 'female', 'name': {'title': 'Ms', 'first': 'Pauline', 'last': 'Lemoine'}, 'location': {'street': {'number': 1571, 'name': 'Rue du Moulin'}, 'city': 'Roubaix', 'state': 'Corse-d...</msg>
<var>${json_data}</var>
<arg>${response.json()}</arg>
<doc>Returns the given values which can then be assigned to a variables.</doc>
<status status="PASS" start="2024-08-09T14:14:48.615154" elapsed="0.000578"/>
</kw>
<kw name="Log" owner="BuiltIn">
<msg time="2024-08-09T14:14:48.616197" level="INFO">{'results': [{'gender': 'female', 'name': {'title': 'Ms', 'first': 'Pauline', 'last': 'Lemoine'}, 'location': {'street': {'number': 1571, 'name': 'Rue du Moulin'}, 'city': 'Roubaix', 'state': 'Corse-du-Sud', 'country': 'France', 'postcode': 96193, 'coordinates': {'latitude': '-19.0474', 'longitude': '148.4986'}, 'timezone': {'offset': '+4:00', 'description': 'Abu Dhabi, Muscat, Baku, Tbilisi'}}, 'email': 'pauline.lemoine@example.com', 'login': {'uuid': 'd8f92dc3-ff90-4739-932c-7e02148a6d6f', 'username': 'smallladybug896', 'password': 'beautiful', 'salt': '8KaEnLgn', 'md5': '96faf56c4c3a3e6fdc23adb26558c99b', 'sha1': 'a582bc2329cec6bbf7d4a0ccfdfa9d95d1a1aea0', 'sha256': '466413e948b8b2c04b11cec094bfd9dee2b077ddcadc4f806fecdbade5bdea6c'}, 'dob': {'date': '1947-12-07T17:41:55.450Z', 'age': 76}, 'registered': {'date': '2005-08-02T14:10:32.691Z', 'age': 19}, 'phone': '02-56-38-49-15', 'cell': '06-60-88-49-96', 'id': {'name': 'INSEE', 'value': '2471147825148 27'}, 'picture': {'large': 'https://randomuser.me/api/portraits/women/7.jpg', 'medium': 'https://randomuser.me/api/portraits/med/women/7.jpg', 'thumbnail': 'https://randomuser.me/api/portraits/thumb/women/7.jpg'}, 'nat': 'FR'}], 'info': {'seed': 'e9cb00a198a7e84e', 'results': 1, 'page': 1, 'version': '1.4'}}</msg>
<arg>${json_data}</arg>
<doc>Logs the given message with the given level.</doc>
<status status="PASS" start="2024-08-09T14:14:48.616040" elapsed="0.000206"/>
</kw>
<kw name="Should Be String" owner="String">
<arg>${json_data['results'][0]['gender']}</arg>
<doc>Fails if the given ``item`` is not a string.</doc>
<status status="PASS" start="2024-08-09T14:14:48.616539" elapsed="0.000364"/>
</kw>
<kw name="Should Match Regexp" owner="BuiltIn">
<arg>${json_data['results'][0]['email']}</arg>
<arg>^[a-zA-Z0-9._%+-]+@[a-zA-Z0-9.-]+\.[a-zA-Z]{2,}$</arg>
<doc>Fails if ``string`` does not match ``pattern`` as a regular expression.</doc>
<status status="PASS" start="2024-08-09T14:14:48.617100" elapsed="0.000545"/>
</kw>
<kw name="Should Match Regexp" owner="BuiltIn">
<arg>${json_data['results'][0]['dob']['date']}</arg>
<arg>\\d{4}-\\d{2}-\\d{2}T\\d{2}:\\d{2}:\\d{2}\\.\\d{3}Z</arg>
<doc>Fails if ``string`` does not match ``pattern`` as a regular expression.</doc>
<status status="PASS" start="2024-08-09T14:14:48.617918" elapsed="0.000644"/>
</kw>
<kw name="Should Match Regexp" owner="BuiltIn">
<arg>${json_data['results'][0]['registered']['date']}</arg>
<arg>\\d{4}-\\d{2}-\\d{2}T\\d{2}:\\d{2}:\\d{2}\\.\\d{3}Z</arg>
<doc>Fails if ``string`` does not match ``pattern`` as a regular expression.</doc>
<status status="PASS" start="2024-08-09T14:14:48.618757" elapsed="0.000378"/>
</kw>
<kw name="Should Match Regexp" owner="BuiltIn">
<arg>${json_data['results'][0]['picture']['large']}</arg>
<arg>^https?://.*\.(?:png|jpe?g|gif|bmp)$</arg>
<doc>Fails if ``string`` does not match ``pattern`` as a regular expression.</doc>
<status status="PASS" start="2024-08-09T14:14:48.619320" elapsed="0.000460"/>
</kw>
<kw name="Should Match Regexp" owner="BuiltIn">
<arg>${json_data['results'][0]['picture']['medium']}</arg>
<arg>^https?://.*\.(?:png|jpe?g|gif|bmp)$</arg>
<doc>Fails if ``string`` does not match ``pattern`` as a regular expression.</doc>
<status status="PASS" start="2024-08-09T14:14:48.619970" elapsed="0.000355"/>
</kw>
<kw name="Should Match Regexp" owner="BuiltIn">
<arg>${json_data['results'][0]['picture']['thumbnail']}</arg>
<arg>^https?://.*\.(?:png|jpe?g|gif|bmp)$</arg>
<doc>Fails if ``string`` does not match ``pattern`` as a regular expression.</doc>
<status status="PASS" start="2024-08-09T14:14:48.620509" elapsed="0.000348"/>
</kw>
<kw name="Log" owner="BuiltIn">
<msg time="2024-08-09T14:14:48.621360" level="INFO">{'large': 'https://randomuser.me/api/portraits/women/7.jpg', 'medium': 'https://randomuser.me/api/portraits/med/women/7.jpg', 'thumbnail': 'https://randomuser.me/api/portraits/thumb/women/7.jpg'}</msg>
<arg>${json_data['results'][0]['picture']}</arg>
<doc>Logs the given message with the given level.</doc>
<status status="PASS" start="2024-08-09T14:14:48.621039" elapsed="0.000364"/>
</kw>
<status status="PASS" start="2024-08-09T14:14:48.555667" elapsed="0.065995"/>
</kw>
<kw name="Teste de Tipos de Dados - Postcode" owner="random-user-service">
<kw name="GET On Session" owner="RequestsLibrary">
<msg time="2024-08-09T14:14:48.714894" level="INFO">GET Request : url=https://randomuser.me/api 
 path_url=/api 
 headers={'User-Agent': 'python-requests/2.32.3', 'Accept-Encoding': 'gzip, deflate', 'Accept': '*/*', 'Connection': 'keep-alive'} 
 body=None 
 </msg>
<msg time="2024-08-09T14:14:48.714998" level="INFO">GET Response : url=https://randomuser.me/api 
 status=200, reason=OK 
 headers={'Date': 'Fri, 09 Aug 2024 14:14:48 GMT', 'Content-Type': 'application/json; charset=utf-8', 'Transfer-Encoding': 'chunked', 'Connection': 'keep-alive', 'X-Powered-By': 'Express', 'Access-Control-Allow-Origin': '*', 'Cache-Control': 'no-cache', 'ETag': 'W/"487-85acB52whmbRFskDH1D9vJpb3ng"', 'Vary': 'Accept-Encoding', 'Content-Encoding': 'gzip', 'CF-Cache-Status': 'DYNAMIC', 'Report-To': '{"endpoints":[{"url":"https:\\/\\/a.nel.cloudflare.com\\/report\\/v4?s=j3w2EBN6eEqomlet%2F8kS3NMKf2X2eILV0UUtwfywBAQtRpR4nGq33VfmFsJYwB3L7mHxEAzn1APvj9cvSKRvsNsiDJh6TIGzjSqlSVfkD%2FTuVplp%2B7CkoQj4ijlFyNaz"}],"group":"cf-nel","max_age":604800}', 'NEL': '{"success_fraction":0,"report_to":"cf-nel","max_age":604800}', 'Server': 'cloudflare', 'CF-RAY': '8b085ac9e8ed208a-IAD', 'alt-svc': 'h3=":443"; ma=86400'} 
 body={"results":[{"gender":"female","name":{"title":"Mrs","first":"Lærke","last":"Thomsen"},"location":{"street":{"number":9058,"name":"Dyssevænget"},"city":"Sandved","state":"Sjælland","country":"Denmark","postcode":18364,"coordinates":{"latitude":"-43.1442","longitude":"64.9876"},"timezone":{"offset":"-1:00","description":"Azores, Cape Verde Islands"}},"email":"laerke.thomsen@example.com","login":{"uuid":"9f66e2bb-16a9-4929-bd50-9c8b548405ff","username":"beautifulmouse776","password":"ethan","salt":"xPLLiKp1","md5":"4b53a586330f98c61650b69785d12a04","sha1":"a5ff0a18df64c0ea5c6b14ecafdbd9299bbdf808","sha256":"1f64159b143f410906508d061f7a19122d7e4a624799fa66009b2ba97862328a"},"dob":{"date":"1973-05-02T16:20:16.388Z","age":51},"registered":{"date":"2016-11-17T08:53:57.791Z","age":7},"phone":"25203991","cell":"72872547","id":{"name":"CPR","value":"020573-6679"},"picture":{"large":"https://randomuser.me/api/portraits/women/35.jpg","medium":"https://randomuser.me/api/portraits/med/women/35.jpg","thumbnail":"https://randomuser.me/api/portraits/thumb/women/35.jpg"},"nat":"DK"}],"info":{"seed":"ad62adf3c9c7d96a","results":1,"page":1,"version":"1.4"}} 
 </msg>
<msg time="2024-08-09T14:14:48.715079" level="INFO">/opt/hostedtoolcache/Python/3.12.4/x64/lib/python3.12/site-packages/urllib3/connectionpool.py:1099: InsecureRequestWarning: Unverified HTTPS request is being made to host 'randomuser.me'. Adding certificate verification is strongly advised. See: https://urllib3.readthedocs.io/en/latest/advanced-usage.html#tls-warnings
  warnings.warn(</msg>
<msg time="2024-08-09T14:14:48.715213" level="INFO">${response} = &lt;Response [200]&gt;</msg>
<var>${response}</var>
<arg>consultarAPI</arg>
<arg>/api</arg>
<doc>Sends a GET request on a previously created HTTP Session.</doc>
<status status="PASS" start="2024-08-09T14:14:48.622155" elapsed="0.093088"/>
</kw>
<kw name="Set Variable" owner="BuiltIn">
<msg time="2024-08-09T14:14:48.716360" level="INFO">${json_data} = {'results': [{'gender': 'female', 'name': {'title': 'Mrs', 'first': 'Lærke', 'last': 'Thomsen'}, 'location': {'street': {'number': 9058, 'name': 'Dyssevænget'}, 'city': 'Sandved', 'state': 'Sjælland',...</msg>
<var>${json_data}</var>
<arg>${response.json()}</arg>
<doc>Returns the given values which can then be assigned to a variables.</doc>
<status status="PASS" start="2024-08-09T14:14:48.715810" elapsed="0.000582"/>
</kw>
<kw name="Log" owner="BuiltIn">
<msg time="2024-08-09T14:14:48.716873" level="INFO">{'results': [{'gender': 'female', 'name': {'title': 'Mrs', 'first': 'Lærke', 'last': 'Thomsen'}, 'location': {'street': {'number': 9058, 'name': 'Dyssevænget'}, 'city': 'Sandved', 'state': 'Sjælland', 'country': 'Denmark', 'postcode': 18364, 'coordinates': {'latitude': '-43.1442', 'longitude': '64.9876'}, 'timezone': {'offset': '-1:00', 'description': 'Azores, Cape Verde Islands'}}, 'email': 'laerke.thomsen@example.com', 'login': {'uuid': '9f66e2bb-16a9-4929-bd50-9c8b548405ff', 'username': 'beautifulmouse776', 'password': 'ethan', 'salt': 'xPLLiKp1', 'md5': '4b53a586330f98c61650b69785d12a04', 'sha1': 'a5ff0a18df64c0ea5c6b14ecafdbd9299bbdf808', 'sha256': '1f64159b143f410906508d061f7a19122d7e4a624799fa66009b2ba97862328a'}, 'dob': {'date': '1973-05-02T16:20:16.388Z', 'age': 51}, 'registered': {'date': '2016-11-17T08:53:57.791Z', 'age': 7}, 'phone': '25203991', 'cell': '72872547', 'id': {'name': 'CPR', 'value': '020573-6679'}, 'picture': {'large': 'https://randomuser.me/api/portraits/women/35.jpg', 'medium': 'https://randomuser.me/api/portraits/med/women/35.jpg', 'thumbnail': 'https://randomuser.me/api/portraits/thumb/women/35.jpg'}, 'nat': 'DK'}], 'info': {'seed': 'ad62adf3c9c7d96a', 'results': 1, 'page': 1, 'version': '1.4'}}</msg>
<arg>${json_data}</arg>
<doc>Logs the given message with the given level.</doc>
<status status="PASS" start="2024-08-09T14:14:48.716710" elapsed="0.000214"/>
</kw>
<kw name="Should Be Equal As Numbers" owner="BuiltIn">
<arg>${json_data['results'][0]['location']['postcode']}</arg>
<arg>${json_data['results'][0]['location']['postcode']}</arg>
<doc>Fails if objects are unequal after converting them to real numbers.</doc>
<status status="PASS" start="2024-08-09T14:14:48.717220" elapsed="0.000660"/>
</kw>
<kw name="Log" owner="BuiltIn">
<msg time="2024-08-09T14:14:48.718430" level="INFO">18364</msg>
<arg>${json_data['results'][0]['location']['postcode']}</arg>
<doc>Logs the given message with the given level.</doc>
<status status="PASS" start="2024-08-09T14:14:48.718080" elapsed="0.000392"/>
</kw>
<status status="PASS" start="2024-08-09T14:14:48.621918" elapsed="0.096843"/>
</kw>
<doc>Testa se os tipos de dados na resposta da API estão corretos.</doc>
<tag>testeTiposDados</tag>
<status status="PASS" start="2024-08-09T14:14:48.554973" elapsed="0.163968"/>
</test>
<test id="s1-s1-t5" name="Validar conteudo" line="35">
<kw name="Teste de Tipos de Conteudo" owner="random-user-service">
<kw name="GET On Session" owner="RequestsLibrary">
<msg time="2024-08-09T14:14:48.810660" level="INFO">GET Request : url=https://randomuser.me/api 
 path_url=/api 
 headers={'User-Agent': 'python-requests/2.32.3', 'Accept-Encoding': 'gzip, deflate', 'Accept': '*/*', 'Connection': 'keep-alive'} 
 body=None 
 </msg>
<msg time="2024-08-09T14:14:48.810779" level="INFO">GET Response : url=https://randomuser.me/api 
 status=200, reason=OK 
 headers={'Date': 'Fri, 09 Aug 2024 14:14:48 GMT', 'Content-Type': 'application/json; charset=utf-8', 'Transfer-Encoding': 'chunked', 'Connection': 'keep-alive', 'X-Powered-By': 'Express', 'Access-Control-Allow-Origin': '*', 'Cache-Control': 'no-cache', 'ETag': 'W/"4b7-zRMNyKRIasP5cQ/5NWkUI5RtuEg"', 'Vary': 'Accept-Encoding', 'Content-Encoding': 'gzip', 'CF-Cache-Status': 'DYNAMIC', 'Report-To': '{"endpoints":[{"url":"https:\\/\\/a.nel.cloudflare.com\\/report\\/v4?s=O9Vljd19c7qirNWz0GuRQcUBmVrORG9oCtCddlBqMX%2FribHA8r5OsxoY012P3c5YbCL9go8sSfxG473HL5U2qakSQrTypmeEYnlu7wbabwR7iGwayS7Ef72l6TKLqd%2FA"}],"group":"cf-nel","max_age":604800}', 'NEL': '{"success_fraction":0,"report_to":"cf-nel","max_age":604800}', 'Server': 'cloudflare', 'CF-RAY': '8b085aca899b208a-IAD', 'alt-svc': 'h3=":443"; ma=86400'} 
 body={"results":[{"gender":"female","name":{"title":"Madame","first":"Alexia","last":"Adam"},"location":{"street":{"number":7871,"name":"Esplanade du 9 Novembre 1989"},"city":"Les Breuleux","state":"Ticino","country":"Switzerland","postcode":6265,"coordinates":{"latitude":"-61.7751","longitude":"176.7532"},"timezone":{"offset":"0:00","description":"Western Europe Time, London, Lisbon, Casablanca"}},"email":"alexia.adam@example.com","login":{"uuid":"00d7c27c-12b2-4095-9d40-0c8a1c916dd3","username":"angrybear807","password":"dimples","salt":"kTiaIvu1","md5":"dd27c40518ec18fb71c27a2c157e5cf4","sha1":"36501a10a5ee961c7ef8e3729aa7c7548ad039e9","sha256":"2c3424614d5386e72950d50e6f2325cd6cedb1b196910d4334e450afb738b865"},"dob":{"date":"1974-01-01T17:59:11.458Z","age":50},"registered":{"date":"2015-07-05T09:07:18.083Z","age":9},"phone":"075 488 15 52","cell":"078 100 51 56","id":{"name":"AVS","value":"756.6034.5263.18"},"picture":{"large":"https://randomuser.me/api/portraits/women/6.jpg","medium":"https://randomuser.me/api/portraits/med/women/6.jpg","thumbnail":"https://randomuser.me/api/portraits/thumb/women/6.jpg"},"nat":"CH"}],"info":{"seed":"ccfa1a2363df032b","results":1,"page":1,"version":"1.4"}} 
 </msg>
<msg time="2024-08-09T14:14:48.810864" level="INFO">/opt/hostedtoolcache/Python/3.12.4/x64/lib/python3.12/site-packages/urllib3/connectionpool.py:1099: InsecureRequestWarning: Unverified HTTPS request is being made to host 'randomuser.me'. Adding certificate verification is strongly advised. See: https://urllib3.readthedocs.io/en/latest/advanced-usage.html#tls-warnings
  warnings.warn(</msg>
<msg time="2024-08-09T14:14:48.810992" level="INFO">${response} = &lt;Response [200]&gt;</msg>
<var>${response}</var>
<arg>consultarAPI</arg>
<arg>/api</arg>
<doc>Sends a GET request on a previously created HTTP Session.</doc>
<status status="PASS" start="2024-08-09T14:14:48.721440" elapsed="0.089579"/>
</kw>
<kw name="Set Variable" owner="BuiltIn">
<msg time="2024-08-09T14:14:48.812142" level="INFO">${json_data} = {'results': [{'gender': 'female', 'name': {'title': 'Madame', 'first': 'Alexia', 'last': 'Adam'}, 'location': {'street': {'number': 7871, 'name': 'Esplanade du 9 Novembre 1989'}, 'city': 'Les Breuleux...</msg>
<var>${json_data}</var>
<arg>${response.json()}</arg>
<doc>Returns the given values which can then be assigned to a variables.</doc>
<status status="PASS" start="2024-08-09T14:14:48.811595" elapsed="0.000577"/>
</kw>
<kw name="Set Variable" owner="BuiltIn">
<msg time="2024-08-09T14:14:48.812874" level="INFO">${name_title} = Madame</msg>
<var>${name_title}</var>
<arg>${json_data["results"][0]["name"]["title"]}</arg>
<doc>Returns the given values which can then be assigned to a variables.</doc>
<status status="PASS" start="2024-08-09T14:14:48.812485" elapsed="0.000416"/>
</kw>
<kw name="Create List" owner="BuiltIn">
<msg time="2024-08-09T14:14:48.813364" level="INFO">${allowed_titles} = ['Mr', 'Ms', 'Miss', 'Mrs', 'Madame', 'Monsieur']</msg>
<var>${allowed_titles}</var>
<arg>Mr</arg>
<arg>Ms</arg>
<arg>Miss</arg>
<arg>Mrs</arg>
<arg>Madame</arg>
<arg>Monsieur</arg>
<doc>Returns a list containing given items.</doc>
<status status="PASS" start="2024-08-09T14:14:48.813209" elapsed="0.000181"/>
</kw>
<kw name="List Should Contain Value" owner="Collections">
<arg>${allowed_titles}</arg>
<arg>${name_title}</arg>
<doc>Fails if the ``value`` is not found from ``list``.</doc>
<status status="PASS" start="2024-08-09T14:14:48.813694" elapsed="0.000227"/>
</kw>
<kw name="Set Variable" owner="BuiltIn">
<msg time="2024-08-09T14:14:48.814501" level="INFO">${name_country} = CH</msg>
<var>${name_country}</var>
<arg>${json_data["results"][0]["nat"]}</arg>
<doc>Returns the given values which can then be assigned to a variables.</doc>
<status status="PASS" start="2024-08-09T14:14:48.814116" elapsed="0.000410"/>
</kw>
<kw name="Create List" owner="BuiltIn">
<msg time="2024-08-09T14:14:48.815423" level="INFO">${list_country} = ['AD', 'AE', 'AF', 'AG', 'AI', 'AL', 'AM', 'AO', 'AQ', 'AR', 'AS', 'AT', 'AU', 'AW', 'AX', 'AZ', 'BA', 'BB', 'BD', 'BE', 'BF', 'BG', 'BH', 'BI', 'BJ', 'BL', 'BM', 'BN', 'BO', 'BQ', 'BR', 'BS', 'BT', '...</msg>
<var>${list_country}</var>
<arg>AD</arg>
<arg>AE</arg>
<arg>AF</arg>
<arg>AG</arg>
<arg>AI</arg>
<arg>AL</arg>
<arg>AM</arg>
<arg>AO</arg>
<arg>AQ</arg>
<arg>AR</arg>
<arg>AS</arg>
<arg>AT</arg>
<arg>AU</arg>
<arg>AW</arg>
<arg>AX</arg>
<arg>AZ</arg>
<arg>BA</arg>
<arg>BB</arg>
<arg>BD</arg>
<arg>BE</arg>
<arg>BF</arg>
<arg>BG</arg>
<arg>BH</arg>
<arg>BI</arg>
<arg>BJ</arg>
<arg>BL</arg>
<arg>BM</arg>
<arg>BN</arg>
<arg>BO</arg>
<arg>BQ</arg>
<arg>BR</arg>
<arg>BS</arg>
<arg>BT</arg>
<arg>BV</arg>
<arg>BW</arg>
<arg>BY</arg>
<arg>BZ</arg>
<arg>CA</arg>
<arg>CC</arg>
<arg>CD</arg>
<arg>CF</arg>
<arg>CG</arg>
<arg>CH</arg>
<arg>CI</arg>
<arg>CK</arg>
<arg>CL</arg>
<arg>CM</arg>
<arg>CN</arg>
<arg>CO</arg>
<arg>CR</arg>
<arg>CU</arg>
<arg>CV</arg>
<arg>CW</arg>
<arg>CX</arg>
<arg>CY</arg>
<arg>CZ</arg>
<arg>DE</arg>
<arg>DJ</arg>
<arg>DK</arg>
<arg>DM</arg>
<arg>DO</arg>
<arg>DZ</arg>
<arg>EC</arg>
<arg>EE</arg>
<arg>EG</arg>
<arg>EH</arg>
<arg>ER</arg>
<arg>ES</arg>
<arg>ET</arg>
<arg>FI</arg>
<arg>FJ</arg>
<arg>FK</arg>
<arg>FM</arg>
<arg>FO</arg>
<arg>FR</arg>
<arg>GA</arg>
<arg>GB</arg>
<arg>GD</arg>
<arg>GE</arg>
<arg>GF</arg>
<arg>GG</arg>
<arg>GH</arg>
<arg>GI</arg>
<arg>GL</arg>
<arg>GM</arg>
<arg>GN</arg>
<arg>GP</arg>
<arg>GQ</arg>
<arg>GR</arg>
<arg>GS</arg>
<arg>GT</arg>
<arg>GU</arg>
<arg>GW</arg>
<arg>GY</arg>
<arg>HK</arg>
<arg>HM</arg>
<arg>HN</arg>
<arg>HR</arg>
<arg>HT</arg>
<arg>HU</arg>
<arg>ID</arg>
<arg>IE</arg>
<arg>IL</arg>
<arg>IM</arg>
<arg>IN</arg>
<arg>IO</arg>
<arg>IQ</arg>
<arg>IR</arg>
<arg>IS</arg>
<arg>IT</arg>
<arg>JE</arg>
<arg>JM</arg>
<arg>JO</arg>
<arg>JP</arg>
<arg>KE</arg>
<arg>KG</arg>
<arg>KH</arg>
<arg>KI</arg>
<arg>KM</arg>
<arg>KN</arg>
<arg>KP</arg>
<arg>KR</arg>
<arg>KW</arg>
<arg>KY</arg>
<arg>KZ</arg>
<arg>LA</arg>
<arg>LB</arg>
<arg>LC</arg>
<arg>LI</arg>
<arg>LK</arg>
<arg>LR</arg>
<arg>LS</arg>
<arg>LT</arg>
<arg>LU</arg>
<arg>LV</arg>
<arg>LY</arg>
<arg>MA</arg>
<arg>MC</arg>
<arg>MD</arg>
<arg>ME</arg>
<arg>MF</arg>
<arg>MG</arg>
<arg>MH</arg>
<arg>MK</arg>
<arg>ML</arg>
<arg>MM</arg>
<arg>MN</arg>
<arg>MO</arg>
<arg>MP</arg>
<arg>MQ</arg>
<arg>MR</arg>
<arg>MS</arg>
<arg>MT</arg>
<arg>MU</arg>
<arg>MV</arg>
<arg>MW</arg>
<arg>MX</arg>
<arg>MY</arg>
<arg>MZ</arg>
<arg>NA</arg>
<arg>NC</arg>
<arg>NE</arg>
<arg>NF</arg>
<arg>NG</arg>
<arg>NI</arg>
<arg>NL</arg>
<arg>NO</arg>
<arg>NP</arg>
<arg>NR</arg>
<arg>NU</arg>
<arg>NZ</arg>
<arg>OM</arg>
<arg>PA</arg>
<arg>PE</arg>
<arg>PF</arg>
<arg>PG</arg>
<arg>PH</arg>
<arg>PK</arg>
<arg>PL</arg>
<arg>PM</arg>
<arg>PN</arg>
<arg>PR</arg>
<arg>PS</arg>
<arg>PT</arg>
<arg>PW</arg>
<arg>PY</arg>
<arg>QA</arg>
<arg>RE</arg>
<arg>RO</arg>
<arg>RS</arg>
<arg>RU</arg>
<arg>RW</arg>
<arg>SA</arg>
<arg>SB</arg>
<arg>SC</arg>
<arg>SD</arg>
<arg>SE</arg>
<arg>SG</arg>
<arg>SH</arg>
<arg>SI</arg>
<arg>SJ</arg>
<arg>SK</arg>
<arg>SL</arg>
<arg>SM</arg>
<arg>SN</arg>
<arg>SO</arg>
<arg>SR</arg>
<arg>SS</arg>
<arg>ST</arg>
<arg>SV</arg>
<arg>SX</arg>
<arg>SY</arg>
<arg>SZ</arg>
<arg>TC</arg>
<arg>TD</arg>
<arg>TF</arg>
<arg>TG</arg>
<arg>TH</arg>
<arg>TJ</arg>
<arg>TK</arg>
<arg>TL</arg>
<arg>TM</arg>
<arg>TN</arg>
<arg>TO</arg>
<arg>TR</arg>
<arg>TT</arg>
<arg>TV</arg>
<arg>TW</arg>
<arg>TZ</arg>
<arg>UA</arg>
<arg>UG</arg>
<arg>UM</arg>
<arg>US</arg>
<arg>UY</arg>
<arg>UZ</arg>
<arg>VA</arg>
<arg>VC</arg>
<arg>VE</arg>
<arg>VG</arg>
<arg>VI</arg>
<arg>VN</arg>
<arg>VU</arg>
<arg>WF</arg>
<arg>WS</arg>
<arg>XK</arg>
<arg>YE</arg>
<arg>YT</arg>
<arg>ZA</arg>
<arg>ZM</arg>
<arg>ZW</arg>
<doc>Returns a list containing given items.</doc>
<status status="PASS" start="2024-08-09T14:14:48.814820" elapsed="0.000629"/>
</kw>
<kw name="List Should Contain Value" owner="Collections">
<arg>${list_country}</arg>
<arg>${name_country}</arg>
<doc>Fails if the ``value`` is not found from ``list``.</doc>
<status status="PASS" start="2024-08-09T14:14:48.816437" elapsed="0.000211"/>
</kw>
<kw name="Run Keyword If" owner="BuiltIn">
<kw name="Should Be True" owner="BuiltIn">
<arg>${True}</arg>
<doc>Fails if the given condition is not true.</doc>
<status status="PASS" start="2024-08-09T14:14:48.817611" elapsed="0.000145"/>
</kw>
<arg>${json_data["results"][0]["location"]["coordinates"]["latitude"]} &gt;= -90 and ${json_data["results"][0]["location"]["coordinates"]["latitude"]} &lt;= 90</arg>
<arg>Should Be True</arg>
<arg>${True}</arg>
<doc>Runs the given keyword with the given arguments, if ``condition`` is true.</doc>
<status status="PASS" start="2024-08-09T14:14:48.816853" elapsed="0.001072"/>
</kw>
<kw name="Run Keyword If" owner="BuiltIn">
<kw name="Should Be True" owner="BuiltIn">
<arg>${True}</arg>
<doc>Fails if the given condition is not true.</doc>
<status status="PASS" start="2024-08-09T14:14:48.818805" elapsed="0.000137"/>
</kw>
<arg>${json_data["results"][0]["location"]["coordinates"]["longitude"]} &gt;= -180 and ${json_data["results"][0]["location"]["coordinates"]["longitude"]} &lt;= 180</arg>
<arg>Should Be True</arg>
<arg>${True}</arg>
<doc>Runs the given keyword with the given arguments, if ``condition`` is true.</doc>
<status status="PASS" start="2024-08-09T14:14:48.818109" elapsed="0.000958"/>
</kw>
<status status="PASS" start="2024-08-09T14:14:48.721200" elapsed="0.098000"/>
</kw>
<doc>Testa o conteúdo específico dos campos retornados pela API.</doc>
<tag>testeConteudo</tag>
<status status="PASS" start="2024-08-09T14:14:48.720714" elapsed="0.098645"/>
</test>
<status status="PASS" start="2024-08-09T14:14:47.865543" elapsed="0.955781"/>
</suite>
<status status="PASS" start="2024-08-09T14:14:47.850726" elapsed="0.975809"/>
</suite>
<statistics>
<total>
<stat pass="5" fail="0" skip="0">All Tests</stat>
</total>
<tag>
<stat pass="1" fail="0" skip="0">testeConteudo</stat>
<stat pass="1" fail="0" skip="0">testeEstruturaResposta</stat>
<stat pass="1" fail="0" skip="0">testeRequisicaoBasica</stat>
<stat pass="1" fail="0" skip="0">testeTiposDados</stat>
</tag>
<suite>
<stat pass="5" fail="0" skip="0" id="s1" name="Tests">Tests</stat>
<stat pass="5" fail="0" skip="0" id="s1-s1" name="Random-User-Test">Tests.Random-User-Test</stat>
</suite>
</statistics>
<errors>
</errors>
</robot>
