<?xml version="1.0" encoding="UTF-8"?>
<robot generator="Robot 7.0.1 (Python 3.12.4 on linux)" generated="2024-08-03T12:27:17.284120" rpa="false" schemaversion="5">
<suite id="s1" name="Tests" source="/home/runner/work/ApiRandomUser/ApiRandomUser/RamdonUser/tests">
<suite id="s1-s1" name="Random-User-Test" source="/home/runner/work/ApiRandomUser/ApiRandomUser/RamdonUser/tests/random-user-test.robot">
<test id="s1-s1-t1" name="Conectar" line="13">
<kw name="Conectar API" owner="random-user-service">
<kw name="Create Session" owner="RequestsLibrary">
<msg time="2024-08-03T12:27:17.729560" level="INFO">Creating Session using : alias=consultarAPI, url=https://randomuser.me/, headers={},                     cookies={}, auth=None, timeout=None, proxies=None, verify=False,                     debug=0 </msg>
<arg>consultarAPI</arg>
<arg>${URL}</arg>
<doc>Create Session: create a HTTP session to a server</doc>
<status status="PASS" start="2024-08-03T12:27:17.729361" elapsed="0.000412"/>
</kw>
<status status="PASS" start="2024-08-03T12:27:17.728310" elapsed="0.001822"/>
</kw>
<status status="PASS" start="2024-08-03T12:27:17.727750" elapsed="0.002578"/>
</test>
<test id="s1-s1-t2" name="Validar retorno 200 e JSON Válido" line="16">
<kw name="Teste de Requisicao Basica" owner="random-user-service">
<kw name="GET On Session" owner="RequestsLibrary">
<msg time="2024-08-03T12:27:17.801157" level="INFO">GET Request : url=https://randomuser.me/api 
 path_url=/api 
 headers={'User-Agent': 'python-requests/2.32.3', 'Accept-Encoding': 'gzip, deflate', 'Accept': '*/*', 'Connection': 'keep-alive'} 
 body=None 
 </msg>
<msg time="2024-08-03T12:27:17.801293" level="INFO">GET Response : url=https://randomuser.me/api 
 status=200, reason=OK 
 headers={'Date': 'Sat, 03 Aug 2024 12:27:17 GMT', 'Content-Type': 'application/json; charset=utf-8', 'Transfer-Encoding': 'chunked', 'Connection': 'keep-alive', 'X-Powered-By': 'Express', 'Access-Control-Allow-Origin': '*', 'Cache-Control': 'no-cache', 'ETag': 'W/"46e-LVShuj76tycvNvF9KSwizMHGltM"', 'Vary': 'Accept-Encoding', 'Content-Encoding': 'gzip', 'CF-Cache-Status': 'DYNAMIC', 'Report-To': '{"endpoints":[{"url":"https:\\/\\/a.nel.cloudflare.com\\/report\\/v4?s=Fbs3paGRuI6unv45QpaOvipEZS9eLtpiZa9HNAqFtlQCO4aj83WBfKDWvpKIg4uqgynGfT7eMHXRAU7GBcMKF2vbC2WUO9QR1KErN8r1EEqM0%2BkXZtZwmzcbdYXWwPPC"}],"group":"cf-nel","max_age":604800}', 'NEL': '{"success_fraction":0,"report_to":"cf-nel","max_age":604800}', 'Server': 'cloudflare', 'CF-RAY': '8ad64d0bfd7e6fd3-IAD', 'alt-svc': 'h3=":443"; ma=86400'} 
 body={"results":[{"gender":"male","name":{"title":"Mr","first":"Philippe","last":"White"},"location":{"street":{"number":4931,"name":"Park Rd"},"city":"Lumsden","state":"Alberta","country":"Canada","postcode":"H2P 7Z2","coordinates":{"latitude":"-71.7927","longitude":"-124.4315"},"timezone":{"offset":"+5:45","description":"Kathmandu"}},"email":"philippe.white@example.com","login":{"uuid":"cfc7a819-6829-4857-ab0c-96b1d645049f","username":"angrypeacock622","password":"pooh","salt":"AGiJFwCl","md5":"6e3391885db570cbce3fa527bf4bc7e5","sha1":"c333c094afd813e776e6d00db1a7cb863bc3a241","sha256":"5ebbbdc07be7017c4b72da19b999db02a995d0f6a4c25d8ce7995163c5cbf829"},"dob":{"date":"1969-01-15T06:41:42.502Z","age":55},"registered":{"date":"2016-04-23T00:14:53.942Z","age":8},"phone":"W42 J02-5941","cell":"Z60 J30-4399","id":{"name":"SIN","value":"774965628"},"picture":{"large":"https://randomuser.me/api/portraits/men/10.jpg","medium":"https://randomuser.me/api/portraits/med/men/10.jpg","thumbnail":"https://randomuser.me/api/portraits/thumb/men/10.jpg"},"nat":"CA"}],"info":{"seed":"3e8784b5cd58d628","results":1,"page":1,"version":"1.4"}} 
 </msg>
<msg time="2024-08-03T12:27:17.801367" level="INFO">/opt/hostedtoolcache/Python/3.12.4/x64/lib/python3.12/site-packages/urllib3/connectionpool.py:1099: InsecureRequestWarning: Unverified HTTPS request is being made to host 'randomuser.me'. Adding certificate verification is strongly advised. See: https://urllib3.readthedocs.io/en/latest/advanced-usage.html#tls-warnings
  warnings.warn(</msg>
<msg time="2024-08-03T12:27:17.801493" level="INFO">${response} = &lt;Response [200]&gt;</msg>
<var>${response}</var>
<arg>consultarAPI</arg>
<arg>/api</arg>
<doc>Sends a GET request on a previously created HTTP Session.</doc>
<status status="PASS" start="2024-08-03T12:27:17.732943" elapsed="0.068588"/>
</kw>
<kw name="Should Be Equal As Numbers" owner="BuiltIn">
<msg time="2024-08-03T12:27:17.802502" level="INFO">Argument types are:
&lt;class 'int'&gt;
&lt;class 'str'&gt;</msg>
<arg>${response.status_code}</arg>
<arg>200</arg>
<doc>Fails if objects are unequal after converting them to real numbers.</doc>
<status status="PASS" start="2024-08-03T12:27:17.802056" elapsed="0.000508"/>
</kw>
<kw name="Log" owner="BuiltIn">
<msg time="2024-08-03T12:27:17.803233" level="INFO">200</msg>
<arg>${response.status_code}</arg>
<doc>Logs the given message with the given level.</doc>
<status status="PASS" start="2024-08-03T12:27:17.802880" elapsed="0.000395"/>
</kw>
<kw name="Set Variable" owner="BuiltIn">
<msg time="2024-08-03T12:27:17.804015" level="INFO">${json_data} = {'results': [{'gender': 'male', 'name': {'title': 'Mr', 'first': 'Philippe', 'last': 'White'}, 'location': {'street': {'number': 4931, 'name': 'Park Rd'}, 'city': 'Lumsden', 'state': 'Alberta', 'count...</msg>
<var>${json_data}</var>
<arg>${response.json()}</arg>
<doc>Returns the given values which can then be assigned to a variables.</doc>
<status status="PASS" start="2024-08-03T12:27:17.803579" elapsed="0.000464"/>
</kw>
<kw name="Dictionary Should Contain Key" owner="Collections">
<arg>${json_data}</arg>
<arg>results</arg>
<doc>Fails if ``key`` is not found from ``dictionary``.</doc>
<status status="PASS" start="2024-08-03T12:27:17.804350" elapsed="0.000312"/>
</kw>
<status status="PASS" start="2024-08-03T12:27:17.732698" elapsed="0.072117"/>
</kw>
<doc>Testa se a API responde corretamente e retorna um objeto JSON válido.</doc>
<tag>testeRequisicaoBasica</tag>
<status status="PASS" start="2024-08-03T12:27:17.732230" elapsed="0.072758"/>
</test>
<test id="s1-s1-t3" name="Validar estrutura de resposta" line="22">
<kw name="Teste de Estrutura de Resposta" owner="random-user-service">
<kw name="GET On Session" owner="RequestsLibrary">
<msg time="2024-08-03T12:27:17.880007" level="INFO">GET Request : url=https://randomuser.me/api 
 path_url=/api 
 headers={'User-Agent': 'python-requests/2.32.3', 'Accept-Encoding': 'gzip, deflate', 'Accept': '*/*', 'Connection': 'keep-alive'} 
 body=None 
 </msg>
<msg time="2024-08-03T12:27:17.880125" level="INFO">GET Response : url=https://randomuser.me/api 
 status=200, reason=OK 
 headers={'Date': 'Sat, 03 Aug 2024 12:27:17 GMT', 'Content-Type': 'application/json; charset=utf-8', 'Transfer-Encoding': 'chunked', 'Connection': 'keep-alive', 'X-Powered-By': 'Express', 'Access-Control-Allow-Origin': '*', 'Cache-Control': 'no-cache', 'ETag': 'W/"4a6-M0jVts6KetgLoEjIkcScyqIPqAE"', 'Vary': 'Accept-Encoding', 'Content-Encoding': 'gzip', 'CF-Cache-Status': 'DYNAMIC', 'Report-To': '{"endpoints":[{"url":"https:\\/\\/a.nel.cloudflare.com\\/report\\/v4?s=ZhqV6yFM4OXGHDFSmDgLVPETUNL7OzXcnczcAwIa2U5OUQqVwq8ZTNc3HToHey9KsLmVp%2BVBA1hSXRqeXpi1EtaKxX1qZc%2BrdHhwkSZ989IG7k7ygbok%2FzVNXGGce4Kd"}],"group":"cf-nel","max_age":604800}', 'NEL': '{"success_fraction":0,"report_to":"cf-nel","max_age":604800}', 'Server': 'cloudflare', 'CF-RAY': '8ad64d0c4e106fd3-IAD', 'alt-svc': 'h3=":443"; ma=86400'} 
 body={"results":[{"gender":"male","name":{"title":"Mr","first":"Avinash","last":"Knoppert"},"location":{"street":{"number":2978,"name":"Bekkersland"},"city":"Zevenbergschen Hoek","state":"Utrecht","country":"Netherlands","postcode":"5339 YY","coordinates":{"latitude":"32.9695","longitude":"-142.2515"},"timezone":{"offset":"-4:00","description":"Atlantic Time (Canada), Caracas, La Paz"}},"email":"avinash.knoppert@example.com","login":{"uuid":"16441fd2-6ec7-46c3-b92c-cf8d3acb95dc","username":"blacksnake797","password":"moocow","salt":"z5WEAWn7","md5":"5dd73496e40245236c0371d6860c6adf","sha1":"962506d4bc3a2d212ba652c88b6010007cf66749","sha256":"e5a4207bd24fffc41f8c44b0c5d38cafe7a4d9bfe31166da8c10f738168983c2"},"dob":{"date":"1999-12-14T00:32:51.204Z","age":24},"registered":{"date":"2012-09-26T21:20:14.927Z","age":11},"phone":"(0369) 774746","cell":"(06) 54796414","id":{"name":"BSN","value":"10145292"},"picture":{"large":"https://randomuser.me/api/portraits/men/82.jpg","medium":"https://randomuser.me/api/portraits/med/men/82.jpg","thumbnail":"https://randomuser.me/api/portraits/thumb/men/82.jpg"},"nat":"NL"}],"info":{"seed":"91c6645d6d462344","results":1,"page":1,"version":"1.4"}} 
 </msg>
<msg time="2024-08-03T12:27:17.880278" level="INFO">/opt/hostedtoolcache/Python/3.12.4/x64/lib/python3.12/site-packages/urllib3/connectionpool.py:1099: InsecureRequestWarning: Unverified HTTPS request is being made to host 'randomuser.me'. Adding certificate verification is strongly advised. See: https://urllib3.readthedocs.io/en/latest/advanced-usage.html#tls-warnings
  warnings.warn(</msg>
<msg time="2024-08-03T12:27:17.880412" level="INFO">${response} = &lt;Response [200]&gt;</msg>
<var>${response}</var>
<arg>consultarAPI</arg>
<arg>/api</arg>
<doc>Sends a GET request on a previously created HTTP Session.</doc>
<status status="PASS" start="2024-08-03T12:27:17.807979" elapsed="0.072475"/>
</kw>
<kw name="Set Variable" owner="BuiltIn">
<msg time="2024-08-03T12:27:17.881713" level="INFO">${json_data} = {'results': [{'gender': 'male', 'name': {'title': 'Mr', 'first': 'Avinash', 'last': 'Knoppert'}, 'location': {'street': {'number': 2978, 'name': 'Bekkersland'}, 'city': 'Zevenbergschen Hoek', 'state':...</msg>
<var>${json_data}</var>
<arg>${response.json()}</arg>
<doc>Returns the given values which can then be assigned to a variables.</doc>
<status status="PASS" start="2024-08-03T12:27:17.881088" elapsed="0.000656"/>
</kw>
<kw name="Log" owner="BuiltIn">
<msg time="2024-08-03T12:27:17.882232" level="INFO">{'results': [{'gender': 'male', 'name': {'title': 'Mr', 'first': 'Avinash', 'last': 'Knoppert'}, 'location': {'street': {'number': 2978, 'name': 'Bekkersland'}, 'city': 'Zevenbergschen Hoek', 'state': 'Utrecht', 'country': 'Netherlands', 'postcode': '5339 YY', 'coordinates': {'latitude': '32.9695', 'longitude': '-142.2515'}, 'timezone': {'offset': '-4:00', 'description': 'Atlantic Time (Canada), Caracas, La Paz'}}, 'email': 'avinash.knoppert@example.com', 'login': {'uuid': '16441fd2-6ec7-46c3-b92c-cf8d3acb95dc', 'username': 'blacksnake797', 'password': 'moocow', 'salt': 'z5WEAWn7', 'md5': '5dd73496e40245236c0371d6860c6adf', 'sha1': '962506d4bc3a2d212ba652c88b6010007cf66749', 'sha256': 'e5a4207bd24fffc41f8c44b0c5d38cafe7a4d9bfe31166da8c10f738168983c2'}, 'dob': {'date': '1999-12-14T00:32:51.204Z', 'age': 24}, 'registered': {'date': '2012-09-26T21:20:14.927Z', 'age': 11}, 'phone': '(0369) 774746', 'cell': '(06) 54796414', 'id': {'name': 'BSN', 'value': '10145292'}, 'picture': {'large': 'https://randomuser.me/api/portraits/men/82.jpg', 'medium': 'https://randomuser.me/api/portraits/med/men/82.jpg', 'thumbnail': 'https://randomuser.me/api/portraits/thumb/men/82.jpg'}, 'nat': 'NL'}], 'info': {'seed': '91c6645d6d462344', 'results': 1, 'page': 1, 'version': '1.4'}}</msg>
<arg>${json_data}</arg>
<doc>Logs the given message with the given level.</doc>
<status status="PASS" start="2024-08-03T12:27:17.882063" elapsed="0.000218"/>
</kw>
<kw name="Dictionary Should Contain Key" owner="Collections">
<arg>${json_data}</arg>
<arg>results</arg>
<doc>Fails if ``key`` is not found from ``dictionary``.</doc>
<status status="PASS" start="2024-08-03T12:27:17.882580" elapsed="0.000166"/>
</kw>
<kw name="Should Not Be Empty" owner="BuiltIn">
<msg time="2024-08-03T12:27:17.883065" level="INFO">Length is 2.</msg>
<arg>${json_data}</arg>
<doc>Verifies that the given item is not empty.</doc>
<status status="PASS" start="2024-08-03T12:27:17.882933" elapsed="0.000171"/>
</kw>
<kw name="Create List" owner="BuiltIn">
<msg time="2024-08-03T12:27:17.883554" level="INFO">${expected_keys} = ['gender', 'name', 'location', 'email', 'login']</msg>
<var>${expected_keys}</var>
<arg>gender</arg>
<arg>name</arg>
<arg>location</arg>
<arg>email</arg>
<arg>login</arg>
<doc>Returns a list containing given items.</doc>
<status status="PASS" start="2024-08-03T12:27:17.883402" elapsed="0.000177"/>
</kw>
<for flavor="IN">
<iter>
<kw name="Dictionary Should Contain Key" owner="Collections">
<arg>${json_data['results'][0]}</arg>
<arg>${key}</arg>
<doc>Fails if ``key`` is not found from ``dictionary``.</doc>
<status status="PASS" start="2024-08-03T12:27:17.884174" elapsed="0.000414"/>
</kw>
<kw name="Log" owner="BuiltIn">
<msg time="2024-08-03T12:27:17.885131" level="INFO">{'gender': 'male', 'name': {'title': 'Mr', 'first': 'Avinash', 'last': 'Knoppert'}, 'location': {'street': {'number': 2978, 'name': 'Bekkersland'}, 'city': 'Zevenbergschen Hoek', 'state': 'Utrecht', 'country': 'Netherlands', 'postcode': '5339 YY', 'coordinates': {'latitude': '32.9695', 'longitude': '-142.2515'}, 'timezone': {'offset': '-4:00', 'description': 'Atlantic Time (Canada), Caracas, La Paz'}}, 'email': 'avinash.knoppert@example.com', 'login': {'uuid': '16441fd2-6ec7-46c3-b92c-cf8d3acb95dc', 'username': 'blacksnake797', 'password': 'moocow', 'salt': 'z5WEAWn7', 'md5': '5dd73496e40245236c0371d6860c6adf', 'sha1': '962506d4bc3a2d212ba652c88b6010007cf66749', 'sha256': 'e5a4207bd24fffc41f8c44b0c5d38cafe7a4d9bfe31166da8c10f738168983c2'}, 'dob': {'date': '1999-12-14T00:32:51.204Z', 'age': 24}, 'registered': {'date': '2012-09-26T21:20:14.927Z', 'age': 11}, 'phone': '(0369) 774746', 'cell': '(06) 54796414', 'id': {'name': 'BSN', 'value': '10145292'}, 'picture': {'large': 'https://randomuser.me/api/portraits/men/82.jpg', 'medium': 'https://randomuser.me/api/portraits/med/men/82.jpg', 'thumbnail': 'https://randomuser.me/api/portraits/thumb/men/82.jpg'}, 'nat': 'NL'}</msg>
<arg>${json_data['results'][0]}</arg>
<doc>Logs the given message with the given level.</doc>
<status status="PASS" start="2024-08-03T12:27:17.884777" elapsed="0.000402"/>
</kw>
<kw name="Log" owner="BuiltIn">
<msg time="2024-08-03T12:27:17.885636" level="INFO">gender</msg>
<arg>${key}</arg>
<doc>Logs the given message with the given level.</doc>
<status status="PASS" start="2024-08-03T12:27:17.885482" elapsed="0.000196"/>
</kw>
<var name="${key}">gender</var>
<status status="PASS" start="2024-08-03T12:27:17.884048" elapsed="0.001862"/>
</iter>
<iter>
<kw name="Dictionary Should Contain Key" owner="Collections">
<arg>${json_data['results'][0]}</arg>
<arg>${key}</arg>
<doc>Fails if ``key`` is not found from ``dictionary``.</doc>
<status status="PASS" start="2024-08-03T12:27:17.886209" elapsed="0.000390"/>
</kw>
<kw name="Log" owner="BuiltIn">
<msg time="2024-08-03T12:27:17.887185" level="INFO">{'gender': 'male', 'name': {'title': 'Mr', 'first': 'Avinash', 'last': 'Knoppert'}, 'location': {'street': {'number': 2978, 'name': 'Bekkersland'}, 'city': 'Zevenbergschen Hoek', 'state': 'Utrecht', 'country': 'Netherlands', 'postcode': '5339 YY', 'coordinates': {'latitude': '32.9695', 'longitude': '-142.2515'}, 'timezone': {'offset': '-4:00', 'description': 'Atlantic Time (Canada), Caracas, La Paz'}}, 'email': 'avinash.knoppert@example.com', 'login': {'uuid': '16441fd2-6ec7-46c3-b92c-cf8d3acb95dc', 'username': 'blacksnake797', 'password': 'moocow', 'salt': 'z5WEAWn7', 'md5': '5dd73496e40245236c0371d6860c6adf', 'sha1': '962506d4bc3a2d212ba652c88b6010007cf66749', 'sha256': 'e5a4207bd24fffc41f8c44b0c5d38cafe7a4d9bfe31166da8c10f738168983c2'}, 'dob': {'date': '1999-12-14T00:32:51.204Z', 'age': 24}, 'registered': {'date': '2012-09-26T21:20:14.927Z', 'age': 11}, 'phone': '(0369) 774746', 'cell': '(06) 54796414', 'id': {'name': 'BSN', 'value': '10145292'}, 'picture': {'large': 'https://randomuser.me/api/portraits/men/82.jpg', 'medium': 'https://randomuser.me/api/portraits/med/men/82.jpg', 'thumbnail': 'https://randomuser.me/api/portraits/thumb/men/82.jpg'}, 'nat': 'NL'}</msg>
<arg>${json_data['results'][0]}</arg>
<doc>Logs the given message with the given level.</doc>
<status status="PASS" start="2024-08-03T12:27:17.886786" elapsed="0.000447"/>
</kw>
<kw name="Log" owner="BuiltIn">
<msg time="2024-08-03T12:27:17.887661" level="INFO">name</msg>
<arg>${key}</arg>
<doc>Logs the given message with the given level.</doc>
<status status="PASS" start="2024-08-03T12:27:17.887531" elapsed="0.000168"/>
</kw>
<var name="${key}">name</var>
<status status="PASS" start="2024-08-03T12:27:17.886100" elapsed="0.001818"/>
</iter>
<iter>
<kw name="Dictionary Should Contain Key" owner="Collections">
<arg>${json_data['results'][0]}</arg>
<arg>${key}</arg>
<doc>Fails if ``key`` is not found from ``dictionary``.</doc>
<status status="PASS" start="2024-08-03T12:27:17.888206" elapsed="0.000381"/>
</kw>
<kw name="Log" owner="BuiltIn">
<msg time="2024-08-03T12:27:17.889129" level="INFO">{'gender': 'male', 'name': {'title': 'Mr', 'first': 'Avinash', 'last': 'Knoppert'}, 'location': {'street': {'number': 2978, 'name': 'Bekkersland'}, 'city': 'Zevenbergschen Hoek', 'state': 'Utrecht', 'country': 'Netherlands', 'postcode': '5339 YY', 'coordinates': {'latitude': '32.9695', 'longitude': '-142.2515'}, 'timezone': {'offset': '-4:00', 'description': 'Atlantic Time (Canada), Caracas, La Paz'}}, 'email': 'avinash.knoppert@example.com', 'login': {'uuid': '16441fd2-6ec7-46c3-b92c-cf8d3acb95dc', 'username': 'blacksnake797', 'password': 'moocow', 'salt': 'z5WEAWn7', 'md5': '5dd73496e40245236c0371d6860c6adf', 'sha1': '962506d4bc3a2d212ba652c88b6010007cf66749', 'sha256': 'e5a4207bd24fffc41f8c44b0c5d38cafe7a4d9bfe31166da8c10f738168983c2'}, 'dob': {'date': '1999-12-14T00:32:51.204Z', 'age': 24}, 'registered': {'date': '2012-09-26T21:20:14.927Z', 'age': 11}, 'phone': '(0369) 774746', 'cell': '(06) 54796414', 'id': {'name': 'BSN', 'value': '10145292'}, 'picture': {'large': 'https://randomuser.me/api/portraits/men/82.jpg', 'medium': 'https://randomuser.me/api/portraits/med/men/82.jpg', 'thumbnail': 'https://randomuser.me/api/portraits/thumb/men/82.jpg'}, 'nat': 'NL'}</msg>
<arg>${json_data['results'][0]}</arg>
<doc>Logs the given message with the given level.</doc>
<status status="PASS" start="2024-08-03T12:27:17.888778" elapsed="0.000399"/>
</kw>
<kw name="Log" owner="BuiltIn">
<msg time="2024-08-03T12:27:17.889631" level="INFO">location</msg>
<arg>${key}</arg>
<doc>Logs the given message with the given level.</doc>
<status status="PASS" start="2024-08-03T12:27:17.889480" elapsed="0.000190"/>
</kw>
<var name="${key}">location</var>
<status status="PASS" start="2024-08-03T12:27:17.888098" elapsed="0.001802"/>
</iter>
<iter>
<kw name="Dictionary Should Contain Key" owner="Collections">
<arg>${json_data['results'][0]}</arg>
<arg>${key}</arg>
<doc>Fails if ``key`` is not found from ``dictionary``.</doc>
<status status="PASS" start="2024-08-03T12:27:17.890181" elapsed="0.000388"/>
</kw>
<kw name="Log" owner="BuiltIn">
<msg time="2024-08-03T12:27:17.891240" level="INFO">{'gender': 'male', 'name': {'title': 'Mr', 'first': 'Avinash', 'last': 'Knoppert'}, 'location': {'street': {'number': 2978, 'name': 'Bekkersland'}, 'city': 'Zevenbergschen Hoek', 'state': 'Utrecht', 'country': 'Netherlands', 'postcode': '5339 YY', 'coordinates': {'latitude': '32.9695', 'longitude': '-142.2515'}, 'timezone': {'offset': '-4:00', 'description': 'Atlantic Time (Canada), Caracas, La Paz'}}, 'email': 'avinash.knoppert@example.com', 'login': {'uuid': '16441fd2-6ec7-46c3-b92c-cf8d3acb95dc', 'username': 'blacksnake797', 'password': 'moocow', 'salt': 'z5WEAWn7', 'md5': '5dd73496e40245236c0371d6860c6adf', 'sha1': '962506d4bc3a2d212ba652c88b6010007cf66749', 'sha256': 'e5a4207bd24fffc41f8c44b0c5d38cafe7a4d9bfe31166da8c10f738168983c2'}, 'dob': {'date': '1999-12-14T00:32:51.204Z', 'age': 24}, 'registered': {'date': '2012-09-26T21:20:14.927Z', 'age': 11}, 'phone': '(0369) 774746', 'cell': '(06) 54796414', 'id': {'name': 'BSN', 'value': '10145292'}, 'picture': {'large': 'https://randomuser.me/api/portraits/men/82.jpg', 'medium': 'https://randomuser.me/api/portraits/med/men/82.jpg', 'thumbnail': 'https://randomuser.me/api/portraits/thumb/men/82.jpg'}, 'nat': 'NL'}</msg>
<arg>${json_data['results'][0]}</arg>
<doc>Logs the given message with the given level.</doc>
<status status="PASS" start="2024-08-03T12:27:17.890881" elapsed="0.000414"/>
</kw>
<kw name="Log" owner="BuiltIn">
<msg time="2024-08-03T12:27:17.891727" level="INFO">email</msg>
<arg>${key}</arg>
<doc>Logs the given message with the given level.</doc>
<status status="PASS" start="2024-08-03T12:27:17.891596" elapsed="0.000170"/>
</kw>
<var name="${key}">email</var>
<status status="PASS" start="2024-08-03T12:27:17.890073" elapsed="0.001911"/>
</iter>
<iter>
<kw name="Dictionary Should Contain Key" owner="Collections">
<arg>${json_data['results'][0]}</arg>
<arg>${key}</arg>
<doc>Fails if ``key`` is not found from ``dictionary``.</doc>
<status status="PASS" start="2024-08-03T12:27:17.892264" elapsed="0.000380"/>
</kw>
<kw name="Log" owner="BuiltIn">
<msg time="2024-08-03T12:27:17.893175" level="INFO">{'gender': 'male', 'name': {'title': 'Mr', 'first': 'Avinash', 'last': 'Knoppert'}, 'location': {'street': {'number': 2978, 'name': 'Bekkersland'}, 'city': 'Zevenbergschen Hoek', 'state': 'Utrecht', 'country': 'Netherlands', 'postcode': '5339 YY', 'coordinates': {'latitude': '32.9695', 'longitude': '-142.2515'}, 'timezone': {'offset': '-4:00', 'description': 'Atlantic Time (Canada), Caracas, La Paz'}}, 'email': 'avinash.knoppert@example.com', 'login': {'uuid': '16441fd2-6ec7-46c3-b92c-cf8d3acb95dc', 'username': 'blacksnake797', 'password': 'moocow', 'salt': 'z5WEAWn7', 'md5': '5dd73496e40245236c0371d6860c6adf', 'sha1': '962506d4bc3a2d212ba652c88b6010007cf66749', 'sha256': 'e5a4207bd24fffc41f8c44b0c5d38cafe7a4d9bfe31166da8c10f738168983c2'}, 'dob': {'date': '1999-12-14T00:32:51.204Z', 'age': 24}, 'registered': {'date': '2012-09-26T21:20:14.927Z', 'age': 11}, 'phone': '(0369) 774746', 'cell': '(06) 54796414', 'id': {'name': 'BSN', 'value': '10145292'}, 'picture': {'large': 'https://randomuser.me/api/portraits/men/82.jpg', 'medium': 'https://randomuser.me/api/portraits/med/men/82.jpg', 'thumbnail': 'https://randomuser.me/api/portraits/thumb/men/82.jpg'}, 'nat': 'NL'}</msg>
<arg>${json_data['results'][0]}</arg>
<doc>Logs the given message with the given level.</doc>
<status status="PASS" start="2024-08-03T12:27:17.892825" elapsed="0.000397"/>
</kw>
<kw name="Log" owner="BuiltIn">
<msg time="2024-08-03T12:27:17.893673" level="INFO">login</msg>
<arg>${key}</arg>
<doc>Logs the given message with the given level.</doc>
<status status="PASS" start="2024-08-03T12:27:17.893514" elapsed="0.000198"/>
</kw>
<var name="${key}">login</var>
<status status="PASS" start="2024-08-03T12:27:17.892156" elapsed="0.001772"/>
</iter>
<var>${key}</var>
<value>@{expected_keys}</value>
<status status="PASS" start="2024-08-03T12:27:17.883846" elapsed="0.010203"/>
</for>
<kw name="Create List" owner="BuiltIn">
<msg time="2024-08-03T12:27:17.894407" level="INFO">${expected_keysTwo} = ['username', 'password']</msg>
<var>${expected_keysTwo}</var>
<arg>username</arg>
<arg>password</arg>
<doc>Returns a list containing given items.</doc>
<status status="PASS" start="2024-08-03T12:27:17.894268" elapsed="0.000162"/>
</kw>
<for flavor="IN">
<iter>
<kw name="Dictionary Should Contain Key" owner="Collections">
<arg>${json_data['results'][0]['login']}</arg>
<arg>${keyTwo}</arg>
<doc>Fails if ``key`` is not found from ``dictionary``.</doc>
<status status="PASS" start="2024-08-03T12:27:17.894928" elapsed="0.000382"/>
</kw>
<kw name="Dictionary Should Contain Key" owner="Collections">
<arg>${json_data['results'][0]['login']}</arg>
<arg>${keyTwo}</arg>
<doc>Fails if ``key`` is not found from ``dictionary``.</doc>
<status status="PASS" start="2024-08-03T12:27:17.895491" elapsed="0.000380"/>
</kw>
<kw name="Log" owner="BuiltIn">
<msg time="2024-08-03T12:27:17.896174" level="INFO">username</msg>
<arg>${keyTwo}</arg>
<doc>Logs the given message with the given level.</doc>
<status status="PASS" start="2024-08-03T12:27:17.896054" elapsed="0.000157"/>
</kw>
<var name="${keyTwo}">username</var>
<status status="PASS" start="2024-08-03T12:27:17.894822" elapsed="0.001609"/>
</iter>
<iter>
<kw name="Dictionary Should Contain Key" owner="Collections">
<arg>${json_data['results'][0]['login']}</arg>
<arg>${keyTwo}</arg>
<doc>Fails if ``key`` is not found from ``dictionary``.</doc>
<status status="PASS" start="2024-08-03T12:27:17.896710" elapsed="0.000376"/>
</kw>
<kw name="Dictionary Should Contain Key" owner="Collections">
<arg>${json_data['results'][0]['login']}</arg>
<arg>${keyTwo}</arg>
<doc>Fails if ``key`` is not found from ``dictionary``.</doc>
<status status="PASS" start="2024-08-03T12:27:17.897268" elapsed="0.000393"/>
</kw>
<kw name="Log" owner="BuiltIn">
<msg time="2024-08-03T12:27:17.897972" level="INFO">password</msg>
<arg>${keyTwo}</arg>
<doc>Logs the given message with the given level.</doc>
<status status="PASS" start="2024-08-03T12:27:17.897848" elapsed="0.000162"/>
</kw>
<var name="${keyTwo}">password</var>
<status status="PASS" start="2024-08-03T12:27:17.896605" elapsed="0.001627"/>
</iter>
<var>${keyTwo}</var>
<value>@{expected_keysTwo}</value>
<status status="PASS" start="2024-08-03T12:27:17.894668" elapsed="0.003686"/>
</for>
<status status="PASS" start="2024-08-03T12:27:17.807645" elapsed="0.090853"/>
</kw>
<doc>Testa a estrutura da resposta da API.</doc>
<tag>testeEstruturaResposta</tag>
<status status="PASS" start="2024-08-03T12:27:17.806881" elapsed="0.091780"/>
</test>
<test id="s1-s1-t4" name="Validar tipos de dados" line="28">
<kw name="Teste de Tipos de Dados" owner="random-user-service">
<kw name="GET On Session" owner="RequestsLibrary">
<msg time="2024-08-03T12:27:17.983053" level="INFO">GET Request : url=https://randomuser.me/api 
 path_url=/api 
 headers={'User-Agent': 'python-requests/2.32.3', 'Accept-Encoding': 'gzip, deflate', 'Accept': '*/*', 'Connection': 'keep-alive'} 
 body=None 
 </msg>
<msg time="2024-08-03T12:27:17.983148" level="INFO">GET Response : url=https://randomuser.me/api 
 status=200, reason=OK 
 headers={'Date': 'Sat, 03 Aug 2024 12:27:17 GMT', 'Content-Type': 'application/json; charset=utf-8', 'Transfer-Encoding': 'chunked', 'Connection': 'keep-alive', 'X-Powered-By': 'Express', 'Access-Control-Allow-Origin': '*', 'Cache-Control': 'no-cache', 'ETag': 'W/"49d-YUBTy/37v8n4DzaEArm/Og1KNRE"', 'Vary': 'Accept-Encoding', 'Content-Encoding': 'gzip', 'CF-Cache-Status': 'DYNAMIC', 'Report-To': '{"endpoints":[{"url":"https:\\/\\/a.nel.cloudflare.com\\/report\\/v4?s=mmJu7yCsWZXjbCdG9IuWKQlre5E0NF2liaVdkCRVZsdyAIaa2d2SYwjmX1glmBD3v5MkFyUvqJ6fuVM2N7VLdTa3oznBSg6DPQN6BJ8JtK3rmqT%2B01f3zcaLwKUsRBst"}],"group":"cf-nel","max_age":604800}', 'NEL': '{"success_fraction":0,"report_to":"cf-nel","max_age":604800}', 'Server': 'cloudflare', 'CF-RAY': '8ad64d0ceee56fd3-IAD', 'alt-svc': 'h3=":443"; ma=86400'} 
 body={"results":[{"gender":"male","name":{"title":"Mr","first":"Bastien","last":"Lemoine"},"location":{"street":{"number":6679,"name":"Rue de la Mairie"},"city":"Rueil-Malmaison","state":"Eure-et-Loir","country":"France","postcode":69384,"coordinates":{"latitude":"-16.6213","longitude":"-24.1258"},"timezone":{"offset":"+7:00","description":"Bangkok, Hanoi, Jakarta"}},"email":"bastien.lemoine@example.com","login":{"uuid":"29daac4a-3274-4f1e-9efc-91e7cbbdb69d","username":"whitesnake645","password":"theatre","salt":"piBr7h6J","md5":"b1b815b024ba6a57586f0413d46f486e","sha1":"02c9661c37d5fdf8b0cb1a5da58c92a4571521ac","sha256":"ad0e1089558db0faa1532de809d688cb785b51a80bbfadf4694847f0a3fa5894"},"dob":{"date":"1948-08-01T12:58:36.577Z","age":76},"registered":{"date":"2020-12-06T04:00:16.074Z","age":3},"phone":"04-77-87-36-80","cell":"06-59-32-09-26","id":{"name":"INSEE","value":"1480753623645 30"},"picture":{"large":"https://randomuser.me/api/portraits/men/48.jpg","medium":"https://randomuser.me/api/portraits/med/men/48.jpg","thumbnail":"https://randomuser.me/api/portraits/thumb/men/48.jpg"},"nat":"FR"}],"info":{"seed":"7ec4648c4f0f7cf8","results":1,"page":1,"version":"1.4"}} 
 </msg>
<msg time="2024-08-03T12:27:17.983227" level="INFO">/opt/hostedtoolcache/Python/3.12.4/x64/lib/python3.12/site-packages/urllib3/connectionpool.py:1099: InsecureRequestWarning: Unverified HTTPS request is being made to host 'randomuser.me'. Adding certificate verification is strongly advised. See: https://urllib3.readthedocs.io/en/latest/advanced-usage.html#tls-warnings
  warnings.warn(</msg>
<msg time="2024-08-03T12:27:17.983346" level="INFO">${response} = &lt;Response [200]&gt;</msg>
<var>${response}</var>
<arg>consultarAPI</arg>
<arg>/api</arg>
<doc>Sends a GET request on a previously created HTTP Session.</doc>
<status status="PASS" start="2024-08-03T12:27:17.901253" elapsed="0.082131"/>
</kw>
<kw name="Set Variable" owner="BuiltIn">
<msg time="2024-08-03T12:27:17.984366" level="INFO">${json_data} = {'results': [{'gender': 'male', 'name': {'title': 'Mr', 'first': 'Bastien', 'last': 'Lemoine'}, 'location': {'street': {'number': 6679, 'name': 'Rue de la Mairie'}, 'city': 'Rueil-Malmaison', 'state':...</msg>
<var>${json_data}</var>
<arg>${response.json()}</arg>
<doc>Returns the given values which can then be assigned to a variables.</doc>
<status status="PASS" start="2024-08-03T12:27:17.983870" elapsed="0.000525"/>
</kw>
<kw name="Log" owner="BuiltIn">
<msg time="2024-08-03T12:27:17.984852" level="INFO">{'results': [{'gender': 'male', 'name': {'title': 'Mr', 'first': 'Bastien', 'last': 'Lemoine'}, 'location': {'street': {'number': 6679, 'name': 'Rue de la Mairie'}, 'city': 'Rueil-Malmaison', 'state': 'Eure-et-Loir', 'country': 'France', 'postcode': 69384, 'coordinates': {'latitude': '-16.6213', 'longitude': '-24.1258'}, 'timezone': {'offset': '+7:00', 'description': 'Bangkok, Hanoi, Jakarta'}}, 'email': 'bastien.lemoine@example.com', 'login': {'uuid': '29daac4a-3274-4f1e-9efc-91e7cbbdb69d', 'username': 'whitesnake645', 'password': 'theatre', 'salt': 'piBr7h6J', 'md5': 'b1b815b024ba6a57586f0413d46f486e', 'sha1': '02c9661c37d5fdf8b0cb1a5da58c92a4571521ac', 'sha256': 'ad0e1089558db0faa1532de809d688cb785b51a80bbfadf4694847f0a3fa5894'}, 'dob': {'date': '1948-08-01T12:58:36.577Z', 'age': 76}, 'registered': {'date': '2020-12-06T04:00:16.074Z', 'age': 3}, 'phone': '04-77-87-36-80', 'cell': '06-59-32-09-26', 'id': {'name': 'INSEE', 'value': '1480753623645 30'}, 'picture': {'large': 'https://randomuser.me/api/portraits/men/48.jpg', 'medium': 'https://randomuser.me/api/portraits/med/men/48.jpg', 'thumbnail': 'https://randomuser.me/api/portraits/thumb/men/48.jpg'}, 'nat': 'FR'}], 'info': {'seed': '7ec4648c4f0f7cf8', 'results': 1, 'page': 1, 'version': '1.4'}}</msg>
<arg>${json_data}</arg>
<doc>Logs the given message with the given level.</doc>
<status status="PASS" start="2024-08-03T12:27:17.984699" elapsed="0.000199"/>
</kw>
<kw name="Should Be String" owner="String">
<arg>${json_data['results'][0]['gender']}</arg>
<doc>Fails if the given ``item`` is not a string.</doc>
<status status="PASS" start="2024-08-03T12:27:17.985189" elapsed="0.000363"/>
</kw>
<kw name="Should Match Regexp" owner="BuiltIn">
<arg>${json_data['results'][0]['email']}</arg>
<arg>^[a-zA-Z0-9._%+-]+@[a-zA-Z0-9.-]+\.[a-zA-Z]{2,}$</arg>
<doc>Fails if ``string`` does not match ``pattern`` as a regular expression.</doc>
<status status="PASS" start="2024-08-03T12:27:17.985827" elapsed="0.000530"/>
</kw>
<kw name="Should Match Regexp" owner="BuiltIn">
<arg>${json_data['results'][0]['dob']['date']}</arg>
<arg>\\d{4}-\\d{2}-\\d{2}T\\d{2}:\\d{2}:\\d{2}\\.\\d{3}Z</arg>
<doc>Fails if ``string`` does not match ``pattern`` as a regular expression.</doc>
<status status="PASS" start="2024-08-03T12:27:17.986557" elapsed="0.000614"/>
</kw>
<kw name="Should Match Regexp" owner="BuiltIn">
<arg>${json_data['results'][0]['registered']['date']}</arg>
<arg>\\d{4}-\\d{2}-\\d{2}T\\d{2}:\\d{2}:\\d{2}\\.\\d{3}Z</arg>
<doc>Fails if ``string`` does not match ``pattern`` as a regular expression.</doc>
<status status="PASS" start="2024-08-03T12:27:17.987362" elapsed="0.000372"/>
</kw>
<kw name="Should Match Regexp" owner="BuiltIn">
<arg>${json_data['results'][0]['picture']['large']}</arg>
<arg>^https?://.*\.(?:png|jpe?g|gif|bmp)$</arg>
<doc>Fails if ``string`` does not match ``pattern`` as a regular expression.</doc>
<status status="PASS" start="2024-08-03T12:27:17.987921" elapsed="0.000461"/>
</kw>
<kw name="Should Match Regexp" owner="BuiltIn">
<arg>${json_data['results'][0]['picture']['medium']}</arg>
<arg>^https?://.*\.(?:png|jpe?g|gif|bmp)$</arg>
<doc>Fails if ``string`` does not match ``pattern`` as a regular expression.</doc>
<status status="PASS" start="2024-08-03T12:27:17.988572" elapsed="0.000355"/>
</kw>
<kw name="Should Match Regexp" owner="BuiltIn">
<arg>${json_data['results'][0]['picture']['thumbnail']}</arg>
<arg>^https?://.*\.(?:png|jpe?g|gif|bmp)$</arg>
<doc>Fails if ``string`` does not match ``pattern`` as a regular expression.</doc>
<status status="PASS" start="2024-08-03T12:27:17.989111" elapsed="0.000352"/>
</kw>
<kw name="Log" owner="BuiltIn">
<msg time="2024-08-03T12:27:17.990003" level="INFO">{'large': 'https://randomuser.me/api/portraits/men/48.jpg', 'medium': 'https://randomuser.me/api/portraits/med/men/48.jpg', 'thumbnail': 'https://randomuser.me/api/portraits/thumb/men/48.jpg'}</msg>
<arg>${json_data['results'][0]['picture']}</arg>
<doc>Logs the given message with the given level.</doc>
<status status="PASS" start="2024-08-03T12:27:17.989676" elapsed="0.000369"/>
</kw>
<status status="PASS" start="2024-08-03T12:27:17.901024" elapsed="0.089277"/>
</kw>
<kw name="Teste de Tipos de Dados - Postcode" owner="random-user-service">
<kw name="GET On Session" owner="RequestsLibrary">
<msg time="2024-08-03T12:27:18.341374" level="INFO">GET Request : url=https://randomuser.me/api 
 path_url=/api 
 headers={'User-Agent': 'python-requests/2.32.3', 'Accept-Encoding': 'gzip, deflate', 'Accept': '*/*', 'Connection': 'keep-alive'} 
 body=None 
 </msg>
<msg time="2024-08-03T12:27:18.341472" level="INFO">GET Response : url=https://randomuser.me/api 
 status=200, reason=OK 
 headers={'Date': 'Sat, 03 Aug 2024 12:27:18 GMT', 'Content-Type': 'application/json; charset=utf-8', 'Transfer-Encoding': 'chunked', 'Connection': 'keep-alive', 'X-Powered-By': 'Express', 'Access-Control-Allow-Origin': '*', 'Cache-Control': 'no-cache', 'ETag': 'W/"487-tJ9SpSUC+eLzd6vHWi7ya3X+hWU"', 'Vary': 'Accept-Encoding', 'Content-Encoding': 'gzip', 'CF-Cache-Status': 'DYNAMIC', 'Report-To': '{"endpoints":[{"url":"https:\\/\\/a.nel.cloudflare.com\\/report\\/v4?s=sjuhwZsxnvX8ij28gUb0JvCaevBGRiKynXf6JXPtplbF7J6vIMyj29PAYBQcdSfBUeUZ7E68NTxRQ1FMz9txyKkeFQO2mY1BD5hwshVjN6SrcddzYHxZkaNIMpY8ghSE"}],"group":"cf-nel","max_age":604800}', 'NEL': '{"success_fraction":0,"report_to":"cf-nel","max_age":604800}', 'Server': 'cloudflare', 'CF-RAY': '8ad64d0d7f806fd3-IAD', 'alt-svc': 'h3=":443"; ma=86400'} 
 body={"results":[{"gender":"male","name":{"title":"Mr","first":"Thomas","last":"Lecomte"},"location":{"street":{"number":2978,"name":"Rue Principale"},"city":"Le Havre","state":"Aveyron","country":"France","postcode":73162,"coordinates":{"latitude":"-19.6569","longitude":"-65.7792"},"timezone":{"offset":"-3:30","description":"Newfoundland"}},"email":"thomas.lecomte@example.com","login":{"uuid":"e854f61b-1a7a-45a8-b31c-6dee74e7d137","username":"beautifulrabbit481","password":"century","salt":"eNENwQHn","md5":"9d0c47c6c437ba04df7a11747b6b315c","sha1":"8ca1e278b7b22bbd0ffa0b625c146366ada0cc7f","sha256":"44449ef4d58aaf57bbbf213db72836ca0de1f1bb8c668fae48e3d4b660357b93"},"dob":{"date":"1990-12-05T18:32:48.925Z","age":33},"registered":{"date":"2020-03-13T06:08:40.312Z","age":4},"phone":"03-29-48-12-45","cell":"06-28-55-21-67","id":{"name":"INSEE","value":"1901166286519 64"},"picture":{"large":"https://randomuser.me/api/portraits/men/92.jpg","medium":"https://randomuser.me/api/portraits/med/men/92.jpg","thumbnail":"https://randomuser.me/api/portraits/thumb/men/92.jpg"},"nat":"FR"}],"info":{"seed":"d964ae2b8fecbaa3","results":1,"page":1,"version":"1.4"}} 
 </msg>
<msg time="2024-08-03T12:27:18.341541" level="INFO">/opt/hostedtoolcache/Python/3.12.4/x64/lib/python3.12/site-packages/urllib3/connectionpool.py:1099: InsecureRequestWarning: Unverified HTTPS request is being made to host 'randomuser.me'. Adding certificate verification is strongly advised. See: https://urllib3.readthedocs.io/en/latest/advanced-usage.html#tls-warnings
  warnings.warn(</msg>
<msg time="2024-08-03T12:27:18.341702" level="INFO">${response} = &lt;Response [200]&gt;</msg>
<var>${response}</var>
<arg>consultarAPI</arg>
<arg>/api</arg>
<doc>Sends a GET request on a previously created HTTP Session.</doc>
<status status="PASS" start="2024-08-03T12:27:17.990754" elapsed="0.350988"/>
</kw>
<kw name="Set Variable" owner="BuiltIn">
<msg time="2024-08-03T12:27:18.342915" level="INFO">${json_data} = {'results': [{'gender': 'male', 'name': {'title': 'Mr', 'first': 'Thomas', 'last': 'Lecomte'}, 'location': {'street': {'number': 2978, 'name': 'Rue Principale'}, 'city': 'Le Havre', 'state': 'Aveyron'...</msg>
<var>${json_data}</var>
<arg>${response.json()}</arg>
<doc>Returns the given values which can then be assigned to a variables.</doc>
<status status="PASS" start="2024-08-03T12:27:18.342368" elapsed="0.000575"/>
</kw>
<kw name="Log" owner="BuiltIn">
<msg time="2024-08-03T12:27:18.343418" level="INFO">{'results': [{'gender': 'male', 'name': {'title': 'Mr', 'first': 'Thomas', 'last': 'Lecomte'}, 'location': {'street': {'number': 2978, 'name': 'Rue Principale'}, 'city': 'Le Havre', 'state': 'Aveyron', 'country': 'France', 'postcode': 73162, 'coordinates': {'latitude': '-19.6569', 'longitude': '-65.7792'}, 'timezone': {'offset': '-3:30', 'description': 'Newfoundland'}}, 'email': 'thomas.lecomte@example.com', 'login': {'uuid': 'e854f61b-1a7a-45a8-b31c-6dee74e7d137', 'username': 'beautifulrabbit481', 'password': 'century', 'salt': 'eNENwQHn', 'md5': '9d0c47c6c437ba04df7a11747b6b315c', 'sha1': '8ca1e278b7b22bbd0ffa0b625c146366ada0cc7f', 'sha256': '44449ef4d58aaf57bbbf213db72836ca0de1f1bb8c668fae48e3d4b660357b93'}, 'dob': {'date': '1990-12-05T18:32:48.925Z', 'age': 33}, 'registered': {'date': '2020-03-13T06:08:40.312Z', 'age': 4}, 'phone': '03-29-48-12-45', 'cell': '06-28-55-21-67', 'id': {'name': 'INSEE', 'value': '1901166286519 64'}, 'picture': {'large': 'https://randomuser.me/api/portraits/men/92.jpg', 'medium': 'https://randomuser.me/api/portraits/med/men/92.jpg', 'thumbnail': 'https://randomuser.me/api/portraits/thumb/men/92.jpg'}, 'nat': 'FR'}], 'info': {'seed': 'd964ae2b8fecbaa3', 'results': 1, 'page': 1, 'version': '1.4'}}</msg>
<arg>${json_data}</arg>
<doc>Logs the given message with the given level.</doc>
<status status="PASS" start="2024-08-03T12:27:18.343256" elapsed="0.000210"/>
</kw>
<kw name="Should Be Equal As Numbers" owner="BuiltIn">
<arg>${json_data['results'][0]['location']['postcode']}</arg>
<arg>${json_data['results'][0]['location']['postcode']}</arg>
<doc>Fails if objects are unequal after converting them to real numbers.</doc>
<status status="PASS" start="2024-08-03T12:27:18.343760" elapsed="0.000618"/>
</kw>
<kw name="Log" owner="BuiltIn">
<msg time="2024-08-03T12:27:18.344943" level="INFO">73162</msg>
<arg>${json_data['results'][0]['location']['postcode']}</arg>
<doc>Logs the given message with the given level.</doc>
<status status="PASS" start="2024-08-03T12:27:18.344606" elapsed="0.000378"/>
</kw>
<status status="PASS" start="2024-08-03T12:27:17.990521" elapsed="0.354722"/>
</kw>
<doc>Testa se os tipos de dados na resposta da API estão corretos.</doc>
<tag>testeTiposDados</tag>
<status status="PASS" start="2024-08-03T12:27:17.900448" elapsed="0.444970"/>
</test>
<test id="s1-s1-t5" name="Validar conteudo" line="35">
<kw name="Teste de Tipos de Conteudo" owner="random-user-service">
<kw name="GET On Session" owner="RequestsLibrary">
<msg time="2024-08-03T12:27:18.490047" level="INFO">GET Request : url=https://randomuser.me/api 
 path_url=/api 
 headers={'User-Agent': 'python-requests/2.32.3', 'Accept-Encoding': 'gzip, deflate', 'Accept': '*/*', 'Connection': 'keep-alive'} 
 body=None 
 </msg>
<msg time="2024-08-03T12:27:18.490152" level="INFO">GET Response : url=https://randomuser.me/api 
 status=200, reason=OK 
 headers={'Date': 'Sat, 03 Aug 2024 12:27:18 GMT', 'Content-Type': 'application/json; charset=utf-8', 'Transfer-Encoding': 'chunked', 'Connection': 'keep-alive', 'X-Powered-By': 'Express', 'Access-Control-Allow-Origin': '*', 'Cache-Control': 'no-cache', 'ETag': 'W/"473-WMAN26uy2SBiimPNd8Cm3iFxLiI"', 'Vary': 'Accept-Encoding', 'Content-Encoding': 'gzip', 'CF-Cache-Status': 'DYNAMIC', 'Report-To': '{"endpoints":[{"url":"https:\\/\\/a.nel.cloudflare.com\\/report\\/v4?s=Sl%2BFVODnmeInkfiku96s4c3r83zPlWoWZ3qAEm2Yqoe9SDgj5edhILZ2xoRixH1rC865kQbRtoyA2cdkcC12C%2F0OVXQUncEm9ydV8npw%2F3YYTXklqmAv0UgBLIJF7C4B"}],"group":"cf-nel","max_age":604800}', 'NEL': '{"success_fraction":0,"report_to":"cf-nel","max_age":604800}', 'Server': 'cloudflare', 'CF-RAY': '8ad64d0fa9b16fd3-IAD', 'alt-svc': 'h3=":443"; ma=86400'} 
 body={"results":[{"gender":"male","name":{"title":"Mr","first":"Calvin","last":"Graves"},"location":{"street":{"number":1497,"name":"Avondale Ave"},"city":"Shepparton","state":"Queensland","country":"Australia","postcode":7199,"coordinates":{"latitude":"-84.4649","longitude":"-141.2022"},"timezone":{"offset":"-9:00","description":"Alaska"}},"email":"calvin.graves@example.com","login":{"uuid":"25120c67-d8d5-4f58-8343-3ea893171f3d","username":"crazyduck276","password":"charlie1","salt":"3GZu8tFF","md5":"3f5a982ef5325389404a32b367b4d418","sha1":"9ddea480dc8cc8589ffc9c85ee04b015bf75205d","sha256":"916b1f0cc2cc4ee649f922fb44ab7f684143fa445d3720b236ce0430da4bebf7"},"dob":{"date":"1994-09-24T23:10:52.892Z","age":29},"registered":{"date":"2015-05-18T06:40:52.884Z","age":9},"phone":"06-2140-9184","cell":"0461-172-442","id":{"name":"TFN","value":"179694709"},"picture":{"large":"https://randomuser.me/api/portraits/men/52.jpg","medium":"https://randomuser.me/api/portraits/med/men/52.jpg","thumbnail":"https://randomuser.me/api/portraits/thumb/men/52.jpg"},"nat":"AU"}],"info":{"seed":"ce0980046deeeb73","results":1,"page":1,"version":"1.4"}} 
 </msg>
<msg time="2024-08-03T12:27:18.490230" level="INFO">/opt/hostedtoolcache/Python/3.12.4/x64/lib/python3.12/site-packages/urllib3/connectionpool.py:1099: InsecureRequestWarning: Unverified HTTPS request is being made to host 'randomuser.me'. Adding certificate verification is strongly advised. See: https://urllib3.readthedocs.io/en/latest/advanced-usage.html#tls-warnings
  warnings.warn(</msg>
<msg time="2024-08-03T12:27:18.490366" level="INFO">${response} = &lt;Response [200]&gt;</msg>
<var>${response}</var>
<arg>consultarAPI</arg>
<arg>/api</arg>
<doc>Sends a GET request on a previously created HTTP Session.</doc>
<status status="PASS" start="2024-08-03T12:27:18.348306" elapsed="0.142109"/>
</kw>
<kw name="Set Variable" owner="BuiltIn">
<msg time="2024-08-03T12:27:18.491545" level="INFO">${json_data} = {'results': [{'gender': 'male', 'name': {'title': 'Mr', 'first': 'Calvin', 'last': 'Graves'}, 'location': {'street': {'number': 1497, 'name': 'Avondale Ave'}, 'city': 'Shepparton', 'state': 'Queenslan...</msg>
<var>${json_data}</var>
<arg>${response.json()}</arg>
<doc>Returns the given values which can then be assigned to a variables.</doc>
<status status="PASS" start="2024-08-03T12:27:18.491002" elapsed="0.000572"/>
</kw>
<kw name="Set Variable" owner="BuiltIn">
<msg time="2024-08-03T12:27:18.492273" level="INFO">${name_title} = Mr</msg>
<var>${name_title}</var>
<arg>${json_data["results"][0]["name"]["title"]}</arg>
<doc>Returns the given values which can then be assigned to a variables.</doc>
<status status="PASS" start="2024-08-03T12:27:18.491886" elapsed="0.000413"/>
</kw>
<kw name="Create List" owner="BuiltIn">
<msg time="2024-08-03T12:27:18.492746" level="INFO">${allowed_titles} = ['Mr', 'Ms', 'Miss', 'Mrs', 'Madame', 'Monsieur']</msg>
<var>${allowed_titles}</var>
<arg>Mr</arg>
<arg>Ms</arg>
<arg>Miss</arg>
<arg>Mrs</arg>
<arg>Madame</arg>
<arg>Monsieur</arg>
<doc>Returns a list containing given items.</doc>
<status status="PASS" start="2024-08-03T12:27:18.492595" elapsed="0.000176"/>
</kw>
<kw name="List Should Contain Value" owner="Collections">
<arg>${allowed_titles}</arg>
<arg>${name_title}</arg>
<doc>Fails if the ``value`` is not found from ``list``.</doc>
<status status="PASS" start="2024-08-03T12:27:18.493091" elapsed="0.000180"/>
</kw>
<kw name="Set Variable" owner="BuiltIn">
<msg time="2024-08-03T12:27:18.493864" level="INFO">${name_country} = AU</msg>
<var>${name_country}</var>
<arg>${json_data["results"][0]["nat"]}</arg>
<doc>Returns the given values which can then be assigned to a variables.</doc>
<status status="PASS" start="2024-08-03T12:27:18.493450" elapsed="0.000440"/>
</kw>
<kw name="Create List" owner="BuiltIn">
<msg time="2024-08-03T12:27:18.494781" level="INFO">${list_country} = ['AD', 'AE', 'AF', 'AG', 'AI', 'AL', 'AM', 'AO', 'AQ', 'AR', 'AS', 'AT', 'AU', 'AW', 'AX', 'AZ', 'BA', 'BB', 'BD', 'BE', 'BF', 'BG', 'BH', 'BI', 'BJ', 'BL', 'BM', 'BN', 'BO', 'BQ', 'BR', 'BS', 'BT', '...</msg>
<var>${list_country}</var>
<arg>AD</arg>
<arg>AE</arg>
<arg>AF</arg>
<arg>AG</arg>
<arg>AI</arg>
<arg>AL</arg>
<arg>AM</arg>
<arg>AO</arg>
<arg>AQ</arg>
<arg>AR</arg>
<arg>AS</arg>
<arg>AT</arg>
<arg>AU</arg>
<arg>AW</arg>
<arg>AX</arg>
<arg>AZ</arg>
<arg>BA</arg>
<arg>BB</arg>
<arg>BD</arg>
<arg>BE</arg>
<arg>BF</arg>
<arg>BG</arg>
<arg>BH</arg>
<arg>BI</arg>
<arg>BJ</arg>
<arg>BL</arg>
<arg>BM</arg>
<arg>BN</arg>
<arg>BO</arg>
<arg>BQ</arg>
<arg>BR</arg>
<arg>BS</arg>
<arg>BT</arg>
<arg>BV</arg>
<arg>BW</arg>
<arg>BY</arg>
<arg>BZ</arg>
<arg>CA</arg>
<arg>CC</arg>
<arg>CD</arg>
<arg>CF</arg>
<arg>CG</arg>
<arg>CH</arg>
<arg>CI</arg>
<arg>CK</arg>
<arg>CL</arg>
<arg>CM</arg>
<arg>CN</arg>
<arg>CO</arg>
<arg>CR</arg>
<arg>CU</arg>
<arg>CV</arg>
<arg>CW</arg>
<arg>CX</arg>
<arg>CY</arg>
<arg>CZ</arg>
<arg>DE</arg>
<arg>DJ</arg>
<arg>DK</arg>
<arg>DM</arg>
<arg>DO</arg>
<arg>DZ</arg>
<arg>EC</arg>
<arg>EE</arg>
<arg>EG</arg>
<arg>EH</arg>
<arg>ER</arg>
<arg>ES</arg>
<arg>ET</arg>
<arg>FI</arg>
<arg>FJ</arg>
<arg>FK</arg>
<arg>FM</arg>
<arg>FO</arg>
<arg>FR</arg>
<arg>GA</arg>
<arg>GB</arg>
<arg>GD</arg>
<arg>GE</arg>
<arg>GF</arg>
<arg>GG</arg>
<arg>GH</arg>
<arg>GI</arg>
<arg>GL</arg>
<arg>GM</arg>
<arg>GN</arg>
<arg>GP</arg>
<arg>GQ</arg>
<arg>GR</arg>
<arg>GS</arg>
<arg>GT</arg>
<arg>GU</arg>
<arg>GW</arg>
<arg>GY</arg>
<arg>HK</arg>
<arg>HM</arg>
<arg>HN</arg>
<arg>HR</arg>
<arg>HT</arg>
<arg>HU</arg>
<arg>ID</arg>
<arg>IE</arg>
<arg>IL</arg>
<arg>IM</arg>
<arg>IN</arg>
<arg>IO</arg>
<arg>IQ</arg>
<arg>IR</arg>
<arg>IS</arg>
<arg>IT</arg>
<arg>JE</arg>
<arg>JM</arg>
<arg>JO</arg>
<arg>JP</arg>
<arg>KE</arg>
<arg>KG</arg>
<arg>KH</arg>
<arg>KI</arg>
<arg>KM</arg>
<arg>KN</arg>
<arg>KP</arg>
<arg>KR</arg>
<arg>KW</arg>
<arg>KY</arg>
<arg>KZ</arg>
<arg>LA</arg>
<arg>LB</arg>
<arg>LC</arg>
<arg>LI</arg>
<arg>LK</arg>
<arg>LR</arg>
<arg>LS</arg>
<arg>LT</arg>
<arg>LU</arg>
<arg>LV</arg>
<arg>LY</arg>
<arg>MA</arg>
<arg>MC</arg>
<arg>MD</arg>
<arg>ME</arg>
<arg>MF</arg>
<arg>MG</arg>
<arg>MH</arg>
<arg>MK</arg>
<arg>ML</arg>
<arg>MM</arg>
<arg>MN</arg>
<arg>MO</arg>
<arg>MP</arg>
<arg>MQ</arg>
<arg>MR</arg>
<arg>MS</arg>
<arg>MT</arg>
<arg>MU</arg>
<arg>MV</arg>
<arg>MW</arg>
<arg>MX</arg>
<arg>MY</arg>
<arg>MZ</arg>
<arg>NA</arg>
<arg>NC</arg>
<arg>NE</arg>
<arg>NF</arg>
<arg>NG</arg>
<arg>NI</arg>
<arg>NL</arg>
<arg>NO</arg>
<arg>NP</arg>
<arg>NR</arg>
<arg>NU</arg>
<arg>NZ</arg>
<arg>OM</arg>
<arg>PA</arg>
<arg>PE</arg>
<arg>PF</arg>
<arg>PG</arg>
<arg>PH</arg>
<arg>PK</arg>
<arg>PL</arg>
<arg>PM</arg>
<arg>PN</arg>
<arg>PR</arg>
<arg>PS</arg>
<arg>PT</arg>
<arg>PW</arg>
<arg>PY</arg>
<arg>QA</arg>
<arg>RE</arg>
<arg>RO</arg>
<arg>RS</arg>
<arg>RU</arg>
<arg>RW</arg>
<arg>SA</arg>
<arg>SB</arg>
<arg>SC</arg>
<arg>SD</arg>
<arg>SE</arg>
<arg>SG</arg>
<arg>SH</arg>
<arg>SI</arg>
<arg>SJ</arg>
<arg>SK</arg>
<arg>SL</arg>
<arg>SM</arg>
<arg>SN</arg>
<arg>SO</arg>
<arg>SR</arg>
<arg>SS</arg>
<arg>ST</arg>
<arg>SV</arg>
<arg>SX</arg>
<arg>SY</arg>
<arg>SZ</arg>
<arg>TC</arg>
<arg>TD</arg>
<arg>TF</arg>
<arg>TG</arg>
<arg>TH</arg>
<arg>TJ</arg>
<arg>TK</arg>
<arg>TL</arg>
<arg>TM</arg>
<arg>TN</arg>
<arg>TO</arg>
<arg>TR</arg>
<arg>TT</arg>
<arg>TV</arg>
<arg>TW</arg>
<arg>TZ</arg>
<arg>UA</arg>
<arg>UG</arg>
<arg>UM</arg>
<arg>US</arg>
<arg>UY</arg>
<arg>UZ</arg>
<arg>VA</arg>
<arg>VC</arg>
<arg>VE</arg>
<arg>VG</arg>
<arg>VI</arg>
<arg>VN</arg>
<arg>VU</arg>
<arg>WF</arg>
<arg>WS</arg>
<arg>XK</arg>
<arg>YE</arg>
<arg>YT</arg>
<arg>ZA</arg>
<arg>ZM</arg>
<arg>ZW</arg>
<doc>Returns a list containing given items.</doc>
<status status="PASS" start="2024-08-03T12:27:18.494184" elapsed="0.000624"/>
</kw>
<kw name="List Should Contain Value" owner="Collections">
<arg>${list_country}</arg>
<arg>${name_country}</arg>
<doc>Fails if the ``value`` is not found from ``list``.</doc>
<status status="PASS" start="2024-08-03T12:27:18.495784" elapsed="0.000211"/>
</kw>
<kw name="Run Keyword If" owner="BuiltIn">
<kw name="Should Be True" owner="BuiltIn">
<arg>${True}</arg>
<doc>Fails if the given condition is not true.</doc>
<status status="PASS" start="2024-08-03T12:27:18.496964" elapsed="0.000153"/>
</kw>
<arg>${json_data["results"][0]["location"]["coordinates"]["latitude"]} &gt;= -90 and ${json_data["results"][0]["location"]["coordinates"]["latitude"]} &lt;= 90</arg>
<arg>Should Be True</arg>
<arg>${True}</arg>
<doc>Runs the given keyword with the given arguments, if ``condition`` is true.</doc>
<status status="PASS" start="2024-08-03T12:27:18.496205" elapsed="0.001038"/>
</kw>
<kw name="Run Keyword If" owner="BuiltIn">
<kw name="Should Be True" owner="BuiltIn">
<arg>${True}</arg>
<doc>Fails if the given condition is not true.</doc>
<status status="PASS" start="2024-08-03T12:27:18.498149" elapsed="0.000139"/>
</kw>
<arg>${json_data["results"][0]["location"]["coordinates"]["longitude"]} &gt;= -180 and ${json_data["results"][0]["location"]["coordinates"]["longitude"]} &lt;= 180</arg>
<arg>Should Be True</arg>
<arg>${True}</arg>
<doc>Runs the given keyword with the given arguments, if ``condition`` is true.</doc>
<status status="PASS" start="2024-08-03T12:27:18.497424" elapsed="0.000988"/>
</kw>
<status status="PASS" start="2024-08-03T12:27:18.347932" elapsed="0.150610"/>
</kw>
<doc>Testa o conteúdo específico dos campos retornados pela API.</doc>
<tag>testeConteudo</tag>
<status status="PASS" start="2024-08-03T12:27:18.347265" elapsed="0.151427"/>
</test>
<status status="PASS" start="2024-08-03T12:27:17.343078" elapsed="1.157594"/>
</suite>
<status status="PASS" start="2024-08-03T12:27:17.328592" elapsed="1.177195"/>
</suite>
<statistics>
<total>
<stat pass="5" fail="0" skip="0">All Tests</stat>
</total>
<tag>
<stat pass="1" fail="0" skip="0">testeConteudo</stat>
<stat pass="1" fail="0" skip="0">testeEstruturaResposta</stat>
<stat pass="1" fail="0" skip="0">testeRequisicaoBasica</stat>
<stat pass="1" fail="0" skip="0">testeTiposDados</stat>
</tag>
<suite>
<stat pass="5" fail="0" skip="0" id="s1" name="Tests">Tests</stat>
<stat pass="5" fail="0" skip="0" id="s1-s1" name="Random-User-Test">Tests.Random-User-Test</stat>
</suite>
</statistics>
<errors>
</errors>
</robot>
