<?xml version="1.0" encoding="UTF-8"?>
<robot generator="Robot 7.0.1 (Python 3.12.4 on linux)" generated="2024-08-01T12:29:53.629568" rpa="false" schemaversion="5">
<suite id="s1" name="Tests" source="/home/runner/work/ApiRandomUser/ApiRandomUser/RamdonUser/tests">
<suite id="s1-s1" name="Random-User-Test" source="/home/runner/work/ApiRandomUser/ApiRandomUser/RamdonUser/tests/random-user-test.robot">
<test id="s1-s1-t1" name="Conectar" line="13">
<kw name="Conectar API" owner="random-user-service">
<kw name="Create Session" owner="RequestsLibrary">
<msg time="2024-08-01T12:29:54.038130" level="INFO">Creating Session using : alias=consultarAPI, url=https://randomuser.me/, headers={},                     cookies={}, auth=None, timeout=None, proxies=None, verify=False,                     debug=0 </msg>
<arg>consultarAPI</arg>
<arg>${URL}</arg>
<doc>Create Session: create a HTTP session to a server</doc>
<status status="PASS" start="2024-08-01T12:29:54.037925" elapsed="0.000383"/>
</kw>
<status status="PASS" start="2024-08-01T12:29:54.036843" elapsed="0.001836"/>
</kw>
<status status="PASS" start="2024-08-01T12:29:54.036294" elapsed="0.002580"/>
</test>
<test id="s1-s1-t2" name="Validar retorno 200 e JSON Válido" line="16">
<kw name="Teste de Requisicao Basica" owner="random-user-service">
<kw name="GET On Session" owner="RequestsLibrary">
<msg time="2024-08-01T12:29:59.087736" level="INFO">GET Request : url=https://randomuser.me/api 
 path_url=/api 
 headers={'User-Agent': 'python-requests/2.32.3', 'Accept-Encoding': 'gzip, deflate', 'Accept': '*/*', 'Connection': 'keep-alive'} 
 body=None 
 </msg>
<msg time="2024-08-01T12:29:59.087888" level="INFO">GET Response : url=https://randomuser.me/api 
 status=200, reason=OK 
 headers={'Date': 'Thu, 01 Aug 2024 12:29:59 GMT', 'Content-Type': 'application/json; charset=utf-8', 'Transfer-Encoding': 'chunked', 'Connection': 'keep-alive', 'X-Powered-By': 'Express', 'Access-Control-Allow-Origin': '*', 'Cache-Control': 'no-cache', 'ETag': 'W/"498-jwsv/hYXKgbc2IUayJ39rXq9K8U"', 'Vary': 'Accept-Encoding', 'Content-Encoding': 'gzip', 'CF-Cache-Status': 'DYNAMIC', 'Report-To': '{"endpoints":[{"url":"https:\\/\\/a.nel.cloudflare.com\\/report\\/v4?s=QQQyI07VDDwP%2F5ex6rFXDmSOoedI0ezFkDcGdZWrOl7MTokr1943dztKxijS5nJuLB9nR1b08MsicB6B0wJPrlVXpx4HLWMiVQsNwgLpZfJHy3sITXDWVUiPcc7V7odu"}],"group":"cf-nel","max_age":604800}', 'NEL': '{"success_fraction":0,"report_to":"cf-nel","max_age":604800}', 'Server': 'cloudflare', 'CF-RAY': '8ac5d61cff62c953-IAD', 'alt-svc': 'h3=":443"; ma=86400'} 
 body={"results":[{"gender":"female","name":{"title":"Mrs","first":"Andrea","last":"Phillips"},"location":{"street":{"number":788,"name":"New Street"},"city":"Lichfield","state":"East Sussex","country":"United Kingdom","postcode":"RD0 5BF","coordinates":{"latitude":"-7.4395","longitude":"151.1611"},"timezone":{"offset":"+7:00","description":"Bangkok, Hanoi, Jakarta"}},"email":"andrea.phillips@example.com","login":{"uuid":"1b6d1775-9f11-441d-b0d6-2a13517523f5","username":"happydog676","password":"sloppy","salt":"8egqf30a","md5":"4b365bf863cd1cd23de71990e750ed24","sha1":"874ca2af4d5cb7889258f5a2a716d08d0bcaa416","sha256":"c5177fc077954acaa0a65ade53b472a29cd7435a42363dcc267cf25980aec8cc"},"dob":{"date":"1951-05-26T12:19:59.169Z","age":73},"registered":{"date":"2007-03-14T06:56:53.346Z","age":17},"phone":"01043 12930","cell":"07197 067005","id":{"name":"NINO","value":"MC 71 93 24 P"},"picture":{"large":"https://randomuser.me/api/portraits/women/36.jpg","medium":"https://randomuser.me/api/portraits/med/women/36.jpg","thumbnail":"https://randomuser.me/api/portraits/thumb/women/36.jpg"},"nat":"GB"}],"info":{"seed":"32ace7ad198efc7f","results":1,"page":1,"version":"1.4"}} 
 </msg>
<msg time="2024-08-01T12:29:59.087965" level="INFO">/opt/hostedtoolcache/Python/3.12.4/x64/lib/python3.12/site-packages/urllib3/connectionpool.py:1099: InsecureRequestWarning: Unverified HTTPS request is being made to host 'randomuser.me'. Adding certificate verification is strongly advised. See: https://urllib3.readthedocs.io/en/latest/advanced-usage.html#tls-warnings
  warnings.warn(</msg>
<msg time="2024-08-01T12:29:59.088122" level="INFO">${response} = &lt;Response [200]&gt;</msg>
<var>${response}</var>
<arg>consultarAPI</arg>
<arg>/api</arg>
<doc>Sends a GET request on a previously created HTTP Session.</doc>
<status status="PASS" start="2024-08-01T12:29:54.041524" elapsed="5.046642"/>
</kw>
<kw name="Should Be Equal As Numbers" owner="BuiltIn">
<msg time="2024-08-01T12:29:59.089187" level="INFO">Argument types are:
&lt;class 'int'&gt;
&lt;class 'str'&gt;</msg>
<arg>${response.status_code}</arg>
<arg>200</arg>
<doc>Fails if objects are unequal after converting them to real numbers.</doc>
<status status="PASS" start="2024-08-01T12:29:59.088735" elapsed="0.000517"/>
</kw>
<kw name="Log" owner="BuiltIn">
<msg time="2024-08-01T12:29:59.089915" level="INFO">200</msg>
<arg>${response.status_code}</arg>
<doc>Logs the given message with the given level.</doc>
<status status="PASS" start="2024-08-01T12:29:59.089568" elapsed="0.000388"/>
</kw>
<kw name="Set Variable" owner="BuiltIn">
<msg time="2024-08-01T12:29:59.090690" level="INFO">${json_data} = {'results': [{'gender': 'female', 'name': {'title': 'Mrs', 'first': 'Andrea', 'last': 'Phillips'}, 'location': {'street': {'number': 788, 'name': 'New Street'}, 'city': 'Lichfield', 'state': 'East Sus...</msg>
<var>${json_data}</var>
<arg>${response.json()}</arg>
<doc>Returns the given values which can then be assigned to a variables.</doc>
<status status="PASS" start="2024-08-01T12:29:59.090255" elapsed="0.000463"/>
</kw>
<kw name="Dictionary Should Contain Key" owner="Collections">
<arg>${json_data}</arg>
<arg>results</arg>
<doc>Fails if ``key`` is not found from ``dictionary``.</doc>
<status status="PASS" start="2024-08-01T12:29:59.091014" elapsed="0.000356"/>
</kw>
<status status="PASS" start="2024-08-01T12:29:54.041276" elapsed="5.050247"/>
</kw>
<doc>Testa se a API responde corretamente e retorna um objeto JSON válido.</doc>
<tag>testeRequisicaoBasica</tag>
<status status="PASS" start="2024-08-01T12:29:54.040801" elapsed="5.050893"/>
</test>
<test id="s1-s1-t3" name="Validar estrutura de resposta" line="22">
<kw name="Teste de Estrutura de Resposta" owner="random-user-service">
<kw name="GET On Session" owner="RequestsLibrary">
<msg time="2024-08-01T12:30:02.313841" level="INFO">GET Request : url=https://randomuser.me/api 
 path_url=/api 
 headers={'User-Agent': 'python-requests/2.32.3', 'Accept-Encoding': 'gzip, deflate', 'Accept': '*/*', 'Connection': 'keep-alive'} 
 body=None 
 </msg>
<msg time="2024-08-01T12:30:02.313939" level="INFO">GET Response : url=https://randomuser.me/api 
 status=200, reason=OK 
 headers={'Date': 'Thu, 01 Aug 2024 12:30:02 GMT', 'Content-Type': 'application/json; charset=utf-8', 'Transfer-Encoding': 'chunked', 'Connection': 'keep-alive', 'X-Powered-By': 'Express', 'Access-Control-Allow-Origin': '*', 'Cache-Control': 'no-cache', 'ETag': 'W/"474-8TC9lzL8TsJcE1C2EDB8+yKHrPA"', 'Vary': 'Accept-Encoding', 'Content-Encoding': 'gzip', 'CF-Cache-Status': 'DYNAMIC', 'Report-To': '{"endpoints":[{"url":"https:\\/\\/a.nel.cloudflare.com\\/report\\/v4?s=dSuQtXKA00j3eIaidtgr4yp4uxXI1Qej08XeQaibY9oDaO3um210Nf8ytyCRnSODA3m4n89SGX%2Ftez7uN6U%2FHSzEsvX1dPpJ6IVxRpBIUnd8PRpxNsJaVuqMRj45VoaJ"}],"group":"cf-nel","max_age":604800}', 'NEL': '{"success_fraction":0,"report_to":"cf-nel","max_age":604800}', 'Server': 'cloudflare', 'CF-RAY': '8ac5d63c5f74c953-IAD', 'alt-svc': 'h3=":443"; ma=86400'} 
 body={"results":[{"gender":"female","name":{"title":"Mrs","first":"Lumi","last":"Huhta"},"location":{"street":{"number":4078,"name":"Pyynikintie"},"city":"Kerimäki","state":"Kainuu","country":"Finland","postcode":31718,"coordinates":{"latitude":"-28.3494","longitude":"161.6509"},"timezone":{"offset":"+4:30","description":"Kabul"}},"email":"lumi.huhta@example.com","login":{"uuid":"828a6942-385f-4761-a284-db842a4b4dd2","username":"goldensnake735","password":"lick","salt":"Gt7DAgAk","md5":"4cb673a30f071b93be0c34bd01a626bb","sha1":"c5d2e7ef3dbdd03fbb3b9d27afa23e3fcfbe6ff6","sha256":"db570b5fe6030cc782b0880779db0e6ad1f01d42ac91b5cf64a33401c3471b5c"},"dob":{"date":"1974-06-25T18:32:30.203Z","age":50},"registered":{"date":"2008-04-05T14:40:31.197Z","age":16},"phone":"07-273-881","cell":"043-743-39-16","id":{"name":"HETU","value":"NaNNA874undefined"},"picture":{"large":"https://randomuser.me/api/portraits/women/16.jpg","medium":"https://randomuser.me/api/portraits/med/women/16.jpg","thumbnail":"https://randomuser.me/api/portraits/thumb/women/16.jpg"},"nat":"FI"}],"info":{"seed":"b56bee36f7fa568f","results":1,"page":1,"version":"1.4"}} 
 </msg>
<msg time="2024-08-01T12:30:02.314072" level="INFO">/opt/hostedtoolcache/Python/3.12.4/x64/lib/python3.12/site-packages/urllib3/connectionpool.py:1099: InsecureRequestWarning: Unverified HTTPS request is being made to host 'randomuser.me'. Adding certificate verification is strongly advised. See: https://urllib3.readthedocs.io/en/latest/advanced-usage.html#tls-warnings
  warnings.warn(</msg>
<msg time="2024-08-01T12:30:02.314218" level="INFO">${response} = &lt;Response [200]&gt;</msg>
<var>${response}</var>
<arg>consultarAPI</arg>
<arg>/api</arg>
<doc>Sends a GET request on a previously created HTTP Session.</doc>
<status status="PASS" start="2024-08-01T12:29:59.094341" elapsed="3.219920"/>
</kw>
<kw name="Set Variable" owner="BuiltIn">
<msg time="2024-08-01T12:30:02.315323" level="INFO">${json_data} = {'results': [{'gender': 'female', 'name': {'title': 'Mrs', 'first': 'Lumi', 'last': 'Huhta'}, 'location': {'street': {'number': 4078, 'name': 'Pyynikintie'}, 'city': 'Kerimäki', 'state': 'Kainuu', 'co...</msg>
<var>${json_data}</var>
<arg>${response.json()}</arg>
<doc>Returns the given values which can then be assigned to a variables.</doc>
<status status="PASS" start="2024-08-01T12:30:02.314763" elapsed="0.000590"/>
</kw>
<kw name="Log" owner="BuiltIn">
<msg time="2024-08-01T12:30:02.315825" level="INFO">{'results': [{'gender': 'female', 'name': {'title': 'Mrs', 'first': 'Lumi', 'last': 'Huhta'}, 'location': {'street': {'number': 4078, 'name': 'Pyynikintie'}, 'city': 'Kerimäki', 'state': 'Kainuu', 'country': 'Finland', 'postcode': 31718, 'coordinates': {'latitude': '-28.3494', 'longitude': '161.6509'}, 'timezone': {'offset': '+4:30', 'description': 'Kabul'}}, 'email': 'lumi.huhta@example.com', 'login': {'uuid': '828a6942-385f-4761-a284-db842a4b4dd2', 'username': 'goldensnake735', 'password': 'lick', 'salt': 'Gt7DAgAk', 'md5': '4cb673a30f071b93be0c34bd01a626bb', 'sha1': 'c5d2e7ef3dbdd03fbb3b9d27afa23e3fcfbe6ff6', 'sha256': 'db570b5fe6030cc782b0880779db0e6ad1f01d42ac91b5cf64a33401c3471b5c'}, 'dob': {'date': '1974-06-25T18:32:30.203Z', 'age': 50}, 'registered': {'date': '2008-04-05T14:40:31.197Z', 'age': 16}, 'phone': '07-273-881', 'cell': '043-743-39-16', 'id': {'name': 'HETU', 'value': 'NaNNA874undefined'}, 'picture': {'large': 'https://randomuser.me/api/portraits/women/16.jpg', 'medium': 'https://randomuser.me/api/portraits/med/women/16.jpg', 'thumbnail': 'https://randomuser.me/api/portraits/thumb/women/16.jpg'}, 'nat': 'FI'}], 'info': {'seed': 'b56bee36f7fa568f', 'results': 1, 'page': 1, 'version': '1.4'}}</msg>
<arg>${json_data}</arg>
<doc>Logs the given message with the given level.</doc>
<status status="PASS" start="2024-08-01T12:30:02.315659" elapsed="0.000214"/>
</kw>
<kw name="Dictionary Should Contain Key" owner="Collections">
<arg>${json_data}</arg>
<arg>results</arg>
<doc>Fails if ``key`` is not found from ``dictionary``.</doc>
<status status="PASS" start="2024-08-01T12:30:02.316160" elapsed="0.000162"/>
</kw>
<kw name="Should Not Be Empty" owner="BuiltIn">
<msg time="2024-08-01T12:30:02.316627" level="INFO">Length is 2.</msg>
<arg>${json_data}</arg>
<doc>Verifies that the given item is not empty.</doc>
<status status="PASS" start="2024-08-01T12:30:02.316500" elapsed="0.000163"/>
</kw>
<kw name="Create List" owner="BuiltIn">
<msg time="2024-08-01T12:30:02.317097" level="INFO">${expected_keys} = ['gender', 'name', 'location', 'email', 'login']</msg>
<var>${expected_keys}</var>
<arg>gender</arg>
<arg>name</arg>
<arg>location</arg>
<arg>email</arg>
<arg>login</arg>
<doc>Returns a list containing given items.</doc>
<status status="PASS" start="2024-08-01T12:30:02.316945" elapsed="0.000176"/>
</kw>
<for flavor="IN">
<iter>
<kw name="Dictionary Should Contain Key" owner="Collections">
<arg>${json_data['results'][0]}</arg>
<arg>${key}</arg>
<doc>Fails if ``key`` is not found from ``dictionary``.</doc>
<status status="PASS" start="2024-08-01T12:30:02.317703" elapsed="0.000401"/>
</kw>
<kw name="Log" owner="BuiltIn">
<msg time="2024-08-01T12:30:02.318637" level="INFO">{'gender': 'female', 'name': {'title': 'Mrs', 'first': 'Lumi', 'last': 'Huhta'}, 'location': {'street': {'number': 4078, 'name': 'Pyynikintie'}, 'city': 'Kerimäki', 'state': 'Kainuu', 'country': 'Finland', 'postcode': 31718, 'coordinates': {'latitude': '-28.3494', 'longitude': '161.6509'}, 'timezone': {'offset': '+4:30', 'description': 'Kabul'}}, 'email': 'lumi.huhta@example.com', 'login': {'uuid': '828a6942-385f-4761-a284-db842a4b4dd2', 'username': 'goldensnake735', 'password': 'lick', 'salt': 'Gt7DAgAk', 'md5': '4cb673a30f071b93be0c34bd01a626bb', 'sha1': 'c5d2e7ef3dbdd03fbb3b9d27afa23e3fcfbe6ff6', 'sha256': 'db570b5fe6030cc782b0880779db0e6ad1f01d42ac91b5cf64a33401c3471b5c'}, 'dob': {'date': '1974-06-25T18:32:30.203Z', 'age': 50}, 'registered': {'date': '2008-04-05T14:40:31.197Z', 'age': 16}, 'phone': '07-273-881', 'cell': '043-743-39-16', 'id': {'name': 'HETU', 'value': 'NaNNA874undefined'}, 'picture': {'large': 'https://randomuser.me/api/portraits/women/16.jpg', 'medium': 'https://randomuser.me/api/portraits/med/women/16.jpg', 'thumbnail': 'https://randomuser.me/api/portraits/thumb/women/16.jpg'}, 'nat': 'FI'}</msg>
<arg>${json_data['results'][0]}</arg>
<doc>Logs the given message with the given level.</doc>
<status status="PASS" start="2024-08-01T12:30:02.318286" elapsed="0.000401"/>
</kw>
<kw name="Log" owner="BuiltIn">
<msg time="2024-08-01T12:30:02.319141" level="INFO">gender</msg>
<arg>${key}</arg>
<doc>Logs the given message with the given level.</doc>
<status status="PASS" start="2024-08-01T12:30:02.318987" elapsed="0.000201"/>
</kw>
<var name="${key}">gender</var>
<status status="PASS" start="2024-08-01T12:30:02.317576" elapsed="0.001830"/>
</iter>
<iter>
<kw name="Dictionary Should Contain Key" owner="Collections">
<arg>${json_data['results'][0]}</arg>
<arg>${key}</arg>
<doc>Fails if ``key`` is not found from ``dictionary``.</doc>
<status status="PASS" start="2024-08-01T12:30:02.319696" elapsed="0.000381"/>
</kw>
<kw name="Log" owner="BuiltIn">
<msg time="2024-08-01T12:30:02.320613" level="INFO">{'gender': 'female', 'name': {'title': 'Mrs', 'first': 'Lumi', 'last': 'Huhta'}, 'location': {'street': {'number': 4078, 'name': 'Pyynikintie'}, 'city': 'Kerimäki', 'state': 'Kainuu', 'country': 'Finland', 'postcode': 31718, 'coordinates': {'latitude': '-28.3494', 'longitude': '161.6509'}, 'timezone': {'offset': '+4:30', 'description': 'Kabul'}}, 'email': 'lumi.huhta@example.com', 'login': {'uuid': '828a6942-385f-4761-a284-db842a4b4dd2', 'username': 'goldensnake735', 'password': 'lick', 'salt': 'Gt7DAgAk', 'md5': '4cb673a30f071b93be0c34bd01a626bb', 'sha1': 'c5d2e7ef3dbdd03fbb3b9d27afa23e3fcfbe6ff6', 'sha256': 'db570b5fe6030cc782b0880779db0e6ad1f01d42ac91b5cf64a33401c3471b5c'}, 'dob': {'date': '1974-06-25T18:32:30.203Z', 'age': 50}, 'registered': {'date': '2008-04-05T14:40:31.197Z', 'age': 16}, 'phone': '07-273-881', 'cell': '043-743-39-16', 'id': {'name': 'HETU', 'value': 'NaNNA874undefined'}, 'picture': {'large': 'https://randomuser.me/api/portraits/women/16.jpg', 'medium': 'https://randomuser.me/api/portraits/med/women/16.jpg', 'thumbnail': 'https://randomuser.me/api/portraits/thumb/women/16.jpg'}, 'nat': 'FI'}</msg>
<arg>${json_data['results'][0]}</arg>
<doc>Logs the given message with the given level.</doc>
<status status="PASS" start="2024-08-01T12:30:02.320256" elapsed="0.000447"/>
</kw>
<kw name="Log" owner="BuiltIn">
<msg time="2024-08-01T12:30:02.321123" level="INFO">name</msg>
<arg>${key}</arg>
<doc>Logs the given message with the given level.</doc>
<status status="PASS" start="2024-08-01T12:30:02.320997" elapsed="0.000163"/>
</kw>
<var name="${key}">name</var>
<status status="PASS" start="2024-08-01T12:30:02.319587" elapsed="0.001784"/>
</iter>
<iter>
<kw name="Dictionary Should Contain Key" owner="Collections">
<arg>${json_data['results'][0]}</arg>
<arg>${key}</arg>
<doc>Fails if ``key`` is not found from ``dictionary``.</doc>
<status status="PASS" start="2024-08-01T12:30:02.321648" elapsed="0.000378"/>
</kw>
<kw name="Log" owner="BuiltIn">
<msg time="2024-08-01T12:30:02.322553" level="INFO">{'gender': 'female', 'name': {'title': 'Mrs', 'first': 'Lumi', 'last': 'Huhta'}, 'location': {'street': {'number': 4078, 'name': 'Pyynikintie'}, 'city': 'Kerimäki', 'state': 'Kainuu', 'country': 'Finland', 'postcode': 31718, 'coordinates': {'latitude': '-28.3494', 'longitude': '161.6509'}, 'timezone': {'offset': '+4:30', 'description': 'Kabul'}}, 'email': 'lumi.huhta@example.com', 'login': {'uuid': '828a6942-385f-4761-a284-db842a4b4dd2', 'username': 'goldensnake735', 'password': 'lick', 'salt': 'Gt7DAgAk', 'md5': '4cb673a30f071b93be0c34bd01a626bb', 'sha1': 'c5d2e7ef3dbdd03fbb3b9d27afa23e3fcfbe6ff6', 'sha256': 'db570b5fe6030cc782b0880779db0e6ad1f01d42ac91b5cf64a33401c3471b5c'}, 'dob': {'date': '1974-06-25T18:32:30.203Z', 'age': 50}, 'registered': {'date': '2008-04-05T14:40:31.197Z', 'age': 16}, 'phone': '07-273-881', 'cell': '043-743-39-16', 'id': {'name': 'HETU', 'value': 'NaNNA874undefined'}, 'picture': {'large': 'https://randomuser.me/api/portraits/women/16.jpg', 'medium': 'https://randomuser.me/api/portraits/med/women/16.jpg', 'thumbnail': 'https://randomuser.me/api/portraits/thumb/women/16.jpg'}, 'nat': 'FI'}</msg>
<arg>${json_data['results'][0]}</arg>
<doc>Logs the given message with the given level.</doc>
<status status="PASS" start="2024-08-01T12:30:02.322208" elapsed="0.000395"/>
</kw>
<kw name="Log" owner="BuiltIn">
<msg time="2024-08-01T12:30:02.323022" level="INFO">location</msg>
<arg>${key}</arg>
<doc>Logs the given message with the given level.</doc>
<status status="PASS" start="2024-08-01T12:30:02.322891" elapsed="0.000168"/>
</kw>
<var name="${key}">location</var>
<status status="PASS" start="2024-08-01T12:30:02.321544" elapsed="0.001776"/>
</iter>
<iter>
<kw name="Dictionary Should Contain Key" owner="Collections">
<arg>${json_data['results'][0]}</arg>
<arg>${key}</arg>
<doc>Fails if ``key`` is not found from ``dictionary``.</doc>
<status status="PASS" start="2024-08-01T12:30:02.323593" elapsed="0.000384"/>
</kw>
<kw name="Log" owner="BuiltIn">
<msg time="2024-08-01T12:30:02.324640" level="INFO">{'gender': 'female', 'name': {'title': 'Mrs', 'first': 'Lumi', 'last': 'Huhta'}, 'location': {'street': {'number': 4078, 'name': 'Pyynikintie'}, 'city': 'Kerimäki', 'state': 'Kainuu', 'country': 'Finland', 'postcode': 31718, 'coordinates': {'latitude': '-28.3494', 'longitude': '161.6509'}, 'timezone': {'offset': '+4:30', 'description': 'Kabul'}}, 'email': 'lumi.huhta@example.com', 'login': {'uuid': '828a6942-385f-4761-a284-db842a4b4dd2', 'username': 'goldensnake735', 'password': 'lick', 'salt': 'Gt7DAgAk', 'md5': '4cb673a30f071b93be0c34bd01a626bb', 'sha1': 'c5d2e7ef3dbdd03fbb3b9d27afa23e3fcfbe6ff6', 'sha256': 'db570b5fe6030cc782b0880779db0e6ad1f01d42ac91b5cf64a33401c3471b5c'}, 'dob': {'date': '1974-06-25T18:32:30.203Z', 'age': 50}, 'registered': {'date': '2008-04-05T14:40:31.197Z', 'age': 16}, 'phone': '07-273-881', 'cell': '043-743-39-16', 'id': {'name': 'HETU', 'value': 'NaNNA874undefined'}, 'picture': {'large': 'https://randomuser.me/api/portraits/women/16.jpg', 'medium': 'https://randomuser.me/api/portraits/med/women/16.jpg', 'thumbnail': 'https://randomuser.me/api/portraits/thumb/women/16.jpg'}, 'nat': 'FI'}</msg>
<arg>${json_data['results'][0]}</arg>
<doc>Logs the given message with the given level.</doc>
<status status="PASS" start="2024-08-01T12:30:02.324283" elapsed="0.000406"/>
</kw>
<kw name="Log" owner="BuiltIn">
<msg time="2024-08-01T12:30:02.325115" level="INFO">email</msg>
<arg>${key}</arg>
<doc>Logs the given message with the given level.</doc>
<status status="PASS" start="2024-08-01T12:30:02.324986" elapsed="0.000168"/>
</kw>
<var name="${key}">email</var>
<status status="PASS" start="2024-08-01T12:30:02.323488" elapsed="0.001879"/>
</iter>
<iter>
<kw name="Dictionary Should Contain Key" owner="Collections">
<arg>${json_data['results'][0]}</arg>
<arg>${key}</arg>
<doc>Fails if ``key`` is not found from ``dictionary``.</doc>
<status status="PASS" start="2024-08-01T12:30:02.325646" elapsed="0.000374"/>
</kw>
<kw name="Log" owner="BuiltIn">
<msg time="2024-08-01T12:30:02.326544" level="INFO">{'gender': 'female', 'name': {'title': 'Mrs', 'first': 'Lumi', 'last': 'Huhta'}, 'location': {'street': {'number': 4078, 'name': 'Pyynikintie'}, 'city': 'Kerimäki', 'state': 'Kainuu', 'country': 'Finland', 'postcode': 31718, 'coordinates': {'latitude': '-28.3494', 'longitude': '161.6509'}, 'timezone': {'offset': '+4:30', 'description': 'Kabul'}}, 'email': 'lumi.huhta@example.com', 'login': {'uuid': '828a6942-385f-4761-a284-db842a4b4dd2', 'username': 'goldensnake735', 'password': 'lick', 'salt': 'Gt7DAgAk', 'md5': '4cb673a30f071b93be0c34bd01a626bb', 'sha1': 'c5d2e7ef3dbdd03fbb3b9d27afa23e3fcfbe6ff6', 'sha256': 'db570b5fe6030cc782b0880779db0e6ad1f01d42ac91b5cf64a33401c3471b5c'}, 'dob': {'date': '1974-06-25T18:32:30.203Z', 'age': 50}, 'registered': {'date': '2008-04-05T14:40:31.197Z', 'age': 16}, 'phone': '07-273-881', 'cell': '043-743-39-16', 'id': {'name': 'HETU', 'value': 'NaNNA874undefined'}, 'picture': {'large': 'https://randomuser.me/api/portraits/women/16.jpg', 'medium': 'https://randomuser.me/api/portraits/med/women/16.jpg', 'thumbnail': 'https://randomuser.me/api/portraits/thumb/women/16.jpg'}, 'nat': 'FI'}</msg>
<arg>${json_data['results'][0]}</arg>
<doc>Logs the given message with the given level.</doc>
<status status="PASS" start="2024-08-01T12:30:02.326202" elapsed="0.000390"/>
</kw>
<kw name="Log" owner="BuiltIn">
<msg time="2024-08-01T12:30:02.327006" level="INFO">login</msg>
<arg>${key}</arg>
<doc>Logs the given message with the given level.</doc>
<status status="PASS" start="2024-08-01T12:30:02.326881" elapsed="0.000162"/>
</kw>
<var name="${key}">login</var>
<status status="PASS" start="2024-08-01T12:30:02.325539" elapsed="0.001753"/>
</iter>
<var>${key}</var>
<value>@{expected_keys}</value>
<status status="PASS" start="2024-08-01T12:30:02.317383" elapsed="0.010028"/>
</for>
<kw name="Create List" owner="BuiltIn">
<msg time="2024-08-01T12:30:02.327737" level="INFO">${expected_keysTwo} = ['username', 'password']</msg>
<var>${expected_keysTwo}</var>
<arg>username</arg>
<arg>password</arg>
<doc>Returns a list containing given items.</doc>
<status status="PASS" start="2024-08-01T12:30:02.327599" elapsed="0.000163"/>
</kw>
<for flavor="IN">
<iter>
<kw name="Dictionary Should Contain Key" owner="Collections">
<arg>${json_data['results'][0]['login']}</arg>
<arg>${keyTwo}</arg>
<doc>Fails if ``key`` is not found from ``dictionary``.</doc>
<status status="PASS" start="2024-08-01T12:30:02.328281" elapsed="0.000386"/>
</kw>
<kw name="Dictionary Should Contain Key" owner="Collections">
<arg>${json_data['results'][0]['login']}</arg>
<arg>${keyTwo}</arg>
<doc>Fails if ``key`` is not found from ``dictionary``.</doc>
<status status="PASS" start="2024-08-01T12:30:02.328844" elapsed="0.000374"/>
</kw>
<kw name="Log" owner="BuiltIn">
<msg time="2024-08-01T12:30:02.329513" level="INFO">username</msg>
<arg>${keyTwo}</arg>
<doc>Logs the given message with the given level.</doc>
<status status="PASS" start="2024-08-01T12:30:02.329396" elapsed="0.000154"/>
</kw>
<var name="${keyTwo}">username</var>
<status status="PASS" start="2024-08-01T12:30:02.328174" elapsed="0.001595"/>
</iter>
<iter>
<kw name="Dictionary Should Contain Key" owner="Collections">
<arg>${json_data['results'][0]['login']}</arg>
<arg>${keyTwo}</arg>
<doc>Fails if ``key`` is not found from ``dictionary``.</doc>
<status status="PASS" start="2024-08-01T12:30:02.330051" elapsed="0.000371"/>
</kw>
<kw name="Dictionary Should Contain Key" owner="Collections">
<arg>${json_data['results'][0]['login']}</arg>
<arg>${keyTwo}</arg>
<doc>Fails if ``key`` is not found from ``dictionary``.</doc>
<status status="PASS" start="2024-08-01T12:30:02.330596" elapsed="0.000367"/>
</kw>
<kw name="Log" owner="BuiltIn">
<msg time="2024-08-01T12:30:02.331300" level="INFO">password</msg>
<arg>${keyTwo}</arg>
<doc>Logs the given message with the given level.</doc>
<status status="PASS" start="2024-08-01T12:30:02.331164" elapsed="0.000174"/>
</kw>
<var name="${keyTwo}">password</var>
<status status="PASS" start="2024-08-01T12:30:02.329939" elapsed="0.001617"/>
</iter>
<var>${keyTwo}</var>
<value>@{expected_keysTwo}</value>
<status status="PASS" start="2024-08-01T12:30:02.328022" elapsed="0.003655"/>
</for>
<status status="PASS" start="2024-08-01T12:29:59.094108" elapsed="3.237737"/>
</kw>
<doc>Testa a estrutura da resposta da API.</doc>
<tag>testeEstruturaResposta</tag>
<status status="PASS" start="2024-08-01T12:29:59.093502" elapsed="3.238527"/>
</test>
<test id="s1-s1-t4" name="Validar tipos de dados" line="28">
<kw name="Teste de Tipos de Dados" owner="random-user-service">
<kw name="GET On Session" owner="RequestsLibrary">
<msg time="2024-08-01T12:30:05.510208" level="INFO">GET Request : url=https://randomuser.me/api 
 path_url=/api 
 headers={'User-Agent': 'python-requests/2.32.3', 'Accept-Encoding': 'gzip, deflate', 'Accept': '*/*', 'Connection': 'keep-alive'} 
 body=None 
 </msg>
<msg time="2024-08-01T12:30:05.510315" level="INFO">GET Response : url=https://randomuser.me/api 
 status=200, reason=OK 
 headers={'Date': 'Thu, 01 Aug 2024 12:30:05 GMT', 'Content-Type': 'application/json; charset=utf-8', 'Transfer-Encoding': 'chunked', 'Connection': 'keep-alive', 'X-Powered-By': 'Express', 'Access-Control-Allow-Origin': '*', 'Cache-Control': 'no-cache', 'ETag': 'W/"4a7-LS0HN4X+pK1sW5gzr3zLNnkUpU0"', 'Vary': 'Accept-Encoding', 'Content-Encoding': 'gzip', 'CF-Cache-Status': 'DYNAMIC', 'Report-To': '{"endpoints":[{"url":"https:\\/\\/a.nel.cloudflare.com\\/report\\/v4?s=3w7Hvc5eOqlMpJR7HILw%2F%2Bxc7fvUFsT23UpNp7VuTfEgNX1iZzO%2BNohwKiY0Rbg5vpQJt7Rz6nwx9FhEqEsFeh6J7LaTJcg5Icucc4EbppZhyBAVKzJ33trZXlEDJ23E"}],"group":"cf-nel","max_age":604800}', 'NEL': '{"success_fraction":0,"report_to":"cf-nel","max_age":604800}', 'Server': 'cloudflare', 'CF-RAY': '8ac5d6509ee2c953-IAD', 'alt-svc': 'h3=":443"; ma=86400'} 
 body={"results":[{"gender":"female","name":{"title":"Ms","first":"Marilou","last":"Patel"},"location":{"street":{"number":9419,"name":"Grand Marais Ave"},"city":"Chatham","state":"British Columbia","country":"Canada","postcode":"N0X 8U1","coordinates":{"latitude":"-67.6806","longitude":"100.7941"},"timezone":{"offset":"-5:00","description":"Eastern Time (US &amp; Canada), Bogota, Lima"}},"email":"marilou.patel@example.com","login":{"uuid":"cba4f821-e44a-443d-9cfc-54e5eae80d6b","username":"smallgoose330","password":"werewolf","salt":"qpOsn22W","md5":"a793a1d5fe67dbe624c389b65901b72c","sha1":"ad870c76a6dda70594cb25f4f4e351cb9851202d","sha256":"d8d98abad4c69d84ae2a8977988f6936c3cb1246a3833aa43c597c45b13bb3ed"},"dob":{"date":"1995-11-22T16:16:59.342Z","age":28},"registered":{"date":"2008-10-02T14:23:35.409Z","age":15},"phone":"R85 A84-7306","cell":"G18 K87-7826","id":{"name":"SIN","value":"421504705"},"picture":{"large":"https://randomuser.me/api/portraits/women/85.jpg","medium":"https://randomuser.me/api/portraits/med/women/85.jpg","thumbnail":"https://randomuser.me/api/portraits/thumb/women/85.jpg"},"nat":"CA"}],"info":{"seed":"0df8a5e4c1288c6b","results":1,"page":1,"version":"1.4"}} 
 </msg>
<msg time="2024-08-01T12:30:05.510397" level="INFO">/opt/hostedtoolcache/Python/3.12.4/x64/lib/python3.12/site-packages/urllib3/connectionpool.py:1099: InsecureRequestWarning: Unverified HTTPS request is being made to host 'randomuser.me'. Adding certificate verification is strongly advised. See: https://urllib3.readthedocs.io/en/latest/advanced-usage.html#tls-warnings
  warnings.warn(</msg>
<msg time="2024-08-01T12:30:05.510555" level="INFO">${response} = &lt;Response [200]&gt;</msg>
<var>${response}</var>
<arg>consultarAPI</arg>
<arg>/api</arg>
<doc>Sends a GET request on a previously created HTTP Session.</doc>
<status status="PASS" start="2024-08-01T12:30:02.334554" elapsed="3.176061"/>
</kw>
<kw name="Set Variable" owner="BuiltIn">
<msg time="2024-08-01T12:30:05.511674" level="INFO">${json_data} = {'results': [{'gender': 'female', 'name': {'title': 'Ms', 'first': 'Marilou', 'last': 'Patel'}, 'location': {'street': {'number': 9419, 'name': 'Grand Marais Ave'}, 'city': 'Chatham', 'state': 'Britis...</msg>
<var>${json_data}</var>
<arg>${response.json()}</arg>
<doc>Returns the given values which can then be assigned to a variables.</doc>
<status status="PASS" start="2024-08-01T12:30:05.511165" elapsed="0.000537"/>
</kw>
<kw name="Log" owner="BuiltIn">
<msg time="2024-08-01T12:30:05.512160" level="INFO">{'results': [{'gender': 'female', 'name': {'title': 'Ms', 'first': 'Marilou', 'last': 'Patel'}, 'location': {'street': {'number': 9419, 'name': 'Grand Marais Ave'}, 'city': 'Chatham', 'state': 'British Columbia', 'country': 'Canada', 'postcode': 'N0X 8U1', 'coordinates': {'latitude': '-67.6806', 'longitude': '100.7941'}, 'timezone': {'offset': '-5:00', 'description': 'Eastern Time (US &amp; Canada), Bogota, Lima'}}, 'email': 'marilou.patel@example.com', 'login': {'uuid': 'cba4f821-e44a-443d-9cfc-54e5eae80d6b', 'username': 'smallgoose330', 'password': 'werewolf', 'salt': 'qpOsn22W', 'md5': 'a793a1d5fe67dbe624c389b65901b72c', 'sha1': 'ad870c76a6dda70594cb25f4f4e351cb9851202d', 'sha256': 'd8d98abad4c69d84ae2a8977988f6936c3cb1246a3833aa43c597c45b13bb3ed'}, 'dob': {'date': '1995-11-22T16:16:59.342Z', 'age': 28}, 'registered': {'date': '2008-10-02T14:23:35.409Z', 'age': 15}, 'phone': 'R85 A84-7306', 'cell': 'G18 K87-7826', 'id': {'name': 'SIN', 'value': '421504705'}, 'picture': {'large': 'https://randomuser.me/api/portraits/women/85.jpg', 'medium': 'https://randomuser.me/api/portraits/med/women/85.jpg', 'thumbnail': 'https://randomuser.me/api/portraits/thumb/women/85.jpg'}, 'nat': 'CA'}], 'info': {'seed': '0df8a5e4c1288c6b', 'results': 1, 'page': 1, 'version': '1.4'}}</msg>
<arg>${json_data}</arg>
<doc>Logs the given message with the given level.</doc>
<status status="PASS" start="2024-08-01T12:30:05.512006" elapsed="0.000202"/>
</kw>
<kw name="Should Be String" owner="String">
<arg>${json_data['results'][0]['gender']}</arg>
<doc>Fails if the given ``item`` is not a string.</doc>
<status status="PASS" start="2024-08-01T12:30:05.512489" elapsed="0.000364"/>
</kw>
<kw name="Should Match Regexp" owner="BuiltIn">
<arg>${json_data['results'][0]['email']}</arg>
<arg>^[a-zA-Z0-9._%+-]+@[a-zA-Z0-9.-]+\.[a-zA-Z]{2,}$</arg>
<doc>Fails if ``string`` does not match ``pattern`` as a regular expression.</doc>
<status status="PASS" start="2024-08-01T12:30:05.513040" elapsed="0.000509"/>
</kw>
<kw name="Should Match Regexp" owner="BuiltIn">
<arg>${json_data['results'][0]['dob']['date']}</arg>
<arg>\\d{4}-\\d{2}-\\d{2}T\\d{2}:\\d{2}:\\d{2}\\.\\d{3}Z</arg>
<doc>Fails if ``string`` does not match ``pattern`` as a regular expression.</doc>
<status status="PASS" start="2024-08-01T12:30:05.513783" elapsed="0.000628"/>
</kw>
<kw name="Should Match Regexp" owner="BuiltIn">
<arg>${json_data['results'][0]['registered']['date']}</arg>
<arg>\\d{4}-\\d{2}-\\d{2}T\\d{2}:\\d{2}:\\d{2}\\.\\d{3}Z</arg>
<doc>Fails if ``string`` does not match ``pattern`` as a regular expression.</doc>
<status status="PASS" start="2024-08-01T12:30:05.514602" elapsed="0.000371"/>
</kw>
<kw name="Should Match Regexp" owner="BuiltIn">
<arg>${json_data['results'][0]['picture']['large']}</arg>
<arg>^https?://.*\.(?:png|jpe?g|gif|bmp)$</arg>
<doc>Fails if ``string`` does not match ``pattern`` as a regular expression.</doc>
<status status="PASS" start="2024-08-01T12:30:05.515182" elapsed="0.000461"/>
</kw>
<kw name="Should Match Regexp" owner="BuiltIn">
<arg>${json_data['results'][0]['picture']['medium']}</arg>
<arg>^https?://.*\.(?:png|jpe?g|gif|bmp)$</arg>
<doc>Fails if ``string`` does not match ``pattern`` as a regular expression.</doc>
<status status="PASS" start="2024-08-01T12:30:05.515829" elapsed="0.000354"/>
</kw>
<kw name="Should Match Regexp" owner="BuiltIn">
<arg>${json_data['results'][0]['picture']['thumbnail']}</arg>
<arg>^https?://.*\.(?:png|jpe?g|gif|bmp)$</arg>
<doc>Fails if ``string`` does not match ``pattern`` as a regular expression.</doc>
<status status="PASS" start="2024-08-01T12:30:05.516365" elapsed="0.000346"/>
</kw>
<kw name="Log" owner="BuiltIn">
<msg time="2024-08-01T12:30:05.517207" level="INFO">{'large': 'https://randomuser.me/api/portraits/women/85.jpg', 'medium': 'https://randomuser.me/api/portraits/med/women/85.jpg', 'thumbnail': 'https://randomuser.me/api/portraits/thumb/women/85.jpg'}</msg>
<arg>${json_data['results'][0]['picture']}</arg>
<doc>Logs the given message with the given level.</doc>
<status status="PASS" start="2024-08-01T12:30:05.516889" elapsed="0.000359"/>
</kw>
<status status="PASS" start="2024-08-01T12:30:02.334328" elapsed="3.183179"/>
</kw>
<kw name="Teste de Tipos de Dados - Postcode" owner="random-user-service">
<kw name="GET On Session" owner="RequestsLibrary">
<msg time="2024-08-01T12:30:06.686040" level="INFO">GET Request : url=https://randomuser.me/api 
 path_url=/api 
 headers={'User-Agent': 'python-requests/2.32.3', 'Accept-Encoding': 'gzip, deflate', 'Accept': '*/*', 'Connection': 'keep-alive'} 
 body=None 
 </msg>
<msg time="2024-08-01T12:30:06.686136" level="INFO">GET Response : url=https://randomuser.me/api 
 status=200, reason=OK 
 headers={'Date': 'Thu, 01 Aug 2024 12:30:06 GMT', 'Content-Type': 'application/json; charset=utf-8', 'Transfer-Encoding': 'chunked', 'Connection': 'keep-alive', 'X-Powered-By': 'Express', 'Access-Control-Allow-Origin': '*', 'Cache-Control': 'no-cache', 'ETag': 'W/"4a8-8mlH8rsmJueyqCOpFSaVFPUwJVM"', 'Vary': 'Accept-Encoding', 'Content-Encoding': 'gzip', 'CF-Cache-Status': 'DYNAMIC', 'Report-To': '{"endpoints":[{"url":"https:\\/\\/a.nel.cloudflare.com\\/report\\/v4?s=hovVmhtAwi8alAyGeqzpg8JFlCtax8QdPHw1j%2FSrMyLnA4Pqe5rbdStYLxO8LhMn7SQXWRdsFIkIHhm1Tj6SmIBAXt%2ByrsJADEwwHK1N6XLEoFcp2tV9t1hDYJ5CigLK"}],"group":"cf-nel","max_age":604800}', 'NEL': '{"success_fraction":0,"report_to":"cf-nel","max_age":604800}', 'Server': 'cloudflare', 'CF-RAY': '8ac5d6648ec1c953-IAD', 'alt-svc': 'h3=":443"; ma=86400'} 
 body={"results":[{"gender":"female","name":{"title":"Ms","first":"Maja","last":"Schultheis"},"location":{"street":{"number":4364,"name":"Marktplatz"},"city":"Ulm","state":"Baden-Württemberg","country":"Germany","postcode":17939,"coordinates":{"latitude":"-53.7513","longitude":"92.1375"},"timezone":{"offset":"+3:00","description":"Baghdad, Riyadh, Moscow, St. Petersburg"}},"email":"maja.schultheis@example.com","login":{"uuid":"acf869e0-1fdc-402d-bdf5-410773ade025","username":"goldenelephant164","password":"yellow1","salt":"7YWai2o2","md5":"335c528794a81171efbba89fcfe26a25","sha1":"81f0cb0560104b616f2ed087220a5b24533e8a93","sha256":"c02ebf085619dfc9fb942b21810d3809940108181d8dc588161ed2899ef99643"},"dob":{"date":"1944-11-04T16:03:51.757Z","age":79},"registered":{"date":"2011-04-28T09:31:35.017Z","age":13},"phone":"0168-9013166","cell":"0170-8954957","id":{"name":"SVNR","value":"58 041144 S 934"},"picture":{"large":"https://randomuser.me/api/portraits/women/43.jpg","medium":"https://randomuser.me/api/portraits/med/women/43.jpg","thumbnail":"https://randomuser.me/api/portraits/thumb/women/43.jpg"},"nat":"DE"}],"info":{"seed":"332d0bd44f8778e7","results":1,"page":1,"version":"1.4"}} 
 </msg>
<msg time="2024-08-01T12:30:06.686208" level="INFO">/opt/hostedtoolcache/Python/3.12.4/x64/lib/python3.12/site-packages/urllib3/connectionpool.py:1099: InsecureRequestWarning: Unverified HTTPS request is being made to host 'randomuser.me'. Adding certificate verification is strongly advised. See: https://urllib3.readthedocs.io/en/latest/advanced-usage.html#tls-warnings
  warnings.warn(</msg>
<msg time="2024-08-01T12:30:06.686348" level="INFO">${response} = &lt;Response [200]&gt;</msg>
<var>${response}</var>
<arg>consultarAPI</arg>
<arg>/api</arg>
<doc>Sends a GET request on a previously created HTTP Session.</doc>
<status status="PASS" start="2024-08-01T12:30:05.517964" elapsed="1.168429"/>
</kw>
<kw name="Set Variable" owner="BuiltIn">
<msg time="2024-08-01T12:30:06.687447" level="INFO">${json_data} = {'results': [{'gender': 'female', 'name': {'title': 'Ms', 'first': 'Maja', 'last': 'Schultheis'}, 'location': {'street': {'number': 4364, 'name': 'Marktplatz'}, 'city': 'Ulm', 'state': 'Baden-Württemb...</msg>
<var>${json_data}</var>
<arg>${response.json()}</arg>
<doc>Returns the given values which can then be assigned to a variables.</doc>
<status status="PASS" start="2024-08-01T12:30:06.686894" elapsed="0.000583"/>
</kw>
<kw name="Log" owner="BuiltIn">
<msg time="2024-08-01T12:30:06.687943" level="INFO">{'results': [{'gender': 'female', 'name': {'title': 'Ms', 'first': 'Maja', 'last': 'Schultheis'}, 'location': {'street': {'number': 4364, 'name': 'Marktplatz'}, 'city': 'Ulm', 'state': 'Baden-Württemberg', 'country': 'Germany', 'postcode': 17939, 'coordinates': {'latitude': '-53.7513', 'longitude': '92.1375'}, 'timezone': {'offset': '+3:00', 'description': 'Baghdad, Riyadh, Moscow, St. Petersburg'}}, 'email': 'maja.schultheis@example.com', 'login': {'uuid': 'acf869e0-1fdc-402d-bdf5-410773ade025', 'username': 'goldenelephant164', 'password': 'yellow1', 'salt': '7YWai2o2', 'md5': '335c528794a81171efbba89fcfe26a25', 'sha1': '81f0cb0560104b616f2ed087220a5b24533e8a93', 'sha256': 'c02ebf085619dfc9fb942b21810d3809940108181d8dc588161ed2899ef99643'}, 'dob': {'date': '1944-11-04T16:03:51.757Z', 'age': 79}, 'registered': {'date': '2011-04-28T09:31:35.017Z', 'age': 13}, 'phone': '0168-9013166', 'cell': '0170-8954957', 'id': {'name': 'SVNR', 'value': '58 041144 S 934'}, 'picture': {'large': 'https://randomuser.me/api/portraits/women/43.jpg', 'medium': 'https://randomuser.me/api/portraits/med/women/43.jpg', 'thumbnail': 'https://randomuser.me/api/portraits/thumb/women/43.jpg'}, 'nat': 'DE'}], 'info': {'seed': '332d0bd44f8778e7', 'results': 1, 'page': 1, 'version': '1.4'}}</msg>
<arg>${json_data}</arg>
<doc>Logs the given message with the given level.</doc>
<status status="PASS" start="2024-08-01T12:30:06.687784" elapsed="0.000206"/>
</kw>
<kw name="Should Be Equal As Numbers" owner="BuiltIn">
<arg>${json_data['results'][0]['location']['postcode']}</arg>
<arg>${json_data['results'][0]['location']['postcode']}</arg>
<doc>Fails if objects are unequal after converting them to real numbers.</doc>
<status status="PASS" start="2024-08-01T12:30:06.688281" elapsed="0.000617"/>
</kw>
<kw name="Log" owner="BuiltIn">
<msg time="2024-08-01T12:30:06.689420" level="INFO">17939</msg>
<arg>${json_data['results'][0]['location']['postcode']}</arg>
<doc>Logs the given message with the given level.</doc>
<status status="PASS" start="2024-08-01T12:30:06.689091" elapsed="0.000367"/>
</kw>
<status status="PASS" start="2024-08-01T12:30:05.517731" elapsed="1.172007"/>
</kw>
<doc>Testa se os tipos de dados na resposta da API estão corretos.</doc>
<tag>testeTiposDados</tag>
<status status="PASS" start="2024-08-01T12:30:02.333772" elapsed="4.356136"/>
</test>
<test id="s1-s1-t5" name="Validar conteudo" line="35">
<kw name="Teste de Tipos de Conteudo" owner="random-user-service">
<kw name="GET On Session" owner="RequestsLibrary">
<msg time="2024-08-01T12:30:07.816442" level="INFO">GET Request : url=https://randomuser.me/api 
 path_url=/api 
 headers={'User-Agent': 'python-requests/2.32.3', 'Accept-Encoding': 'gzip, deflate', 'Accept': '*/*', 'Connection': 'keep-alive'} 
 body=None 
 </msg>
<msg time="2024-08-01T12:30:07.816555" level="INFO">GET Response : url=https://randomuser.me/api 
 status=200, reason=OK 
 headers={'Date': 'Thu, 01 Aug 2024 12:30:07 GMT', 'Content-Type': 'application/json; charset=utf-8', 'Transfer-Encoding': 'chunked', 'Connection': 'keep-alive', 'X-Powered-By': 'Express', 'Access-Control-Allow-Origin': '*', 'Cache-Control': 'no-cache', 'ETag': 'W/"48d-p6fPf5ANbYyf/da5G+mses3AYSU"', 'Vary': 'Accept-Encoding', 'Content-Encoding': 'gzip', 'CF-Cache-Status': 'DYNAMIC', 'Report-To': '{"endpoints":[{"url":"https:\\/\\/a.nel.cloudflare.com\\/report\\/v4?s=Wbl3ndd3zkshoVb%2Fc2MpudgGcd1uq0UZLPhYFIYabieiuZatiQ2GFl4iaMxkYQu9D8R5w4y3veENSK0UNUAQJ6Pr%2FFim7EtWpJnnds5GlP%2B4b3HcBywXtQ28E7Crc0Lw"}],"group":"cf-nel","max_age":604800}', 'NEL': '{"success_fraction":0,"report_to":"cf-nel","max_age":604800}', 'Server': 'cloudflare', 'CF-RAY': '8ac5d66bd9f5c953-IAD', 'alt-svc': 'h3=":443"; ma=86400'} 
 body={"results":[{"gender":"male","name":{"title":"Mr","first":"Linus","last":"Øglænd"},"location":{"street":{"number":456,"name":"Prost Hallings vei"},"city":"Aksdal","state":"Rogaland","country":"Norway","postcode":"4636","coordinates":{"latitude":"42.5415","longitude":"-50.6316"},"timezone":{"offset":"+3:00","description":"Baghdad, Riyadh, Moscow, St. Petersburg"}},"email":"linus.oglaend@example.com","login":{"uuid":"8f80a0af-0c68-4960-b857-a1760d302267","username":"goldenkoala693","password":"letmein1","salt":"dYyILza7","md5":"a726785d824435f19ca3089e309e8368","sha1":"6344c2b2b54ee9dd4dd7409bee25ba6a177fa2ce","sha256":"d02aa81e5f31cdf4a9b055d2a56640360fa1014bf331dce51f8a706f37e63b87"},"dob":{"date":"1950-04-29T13:48:27.243Z","age":74},"registered":{"date":"2011-09-02T19:53:14.543Z","age":12},"phone":"28201144","cell":"98878526","id":{"name":"FN","value":"29045045941"},"picture":{"large":"https://randomuser.me/api/portraits/men/41.jpg","medium":"https://randomuser.me/api/portraits/med/men/41.jpg","thumbnail":"https://randomuser.me/api/portraits/thumb/men/41.jpg"},"nat":"NO"}],"info":{"seed":"818d03cbd6bd1e66","results":1,"page":1,"version":"1.4"}} 
 </msg>
<msg time="2024-08-01T12:30:07.816638" level="INFO">/opt/hostedtoolcache/Python/3.12.4/x64/lib/python3.12/site-packages/urllib3/connectionpool.py:1099: InsecureRequestWarning: Unverified HTTPS request is being made to host 'randomuser.me'. Adding certificate verification is strongly advised. See: https://urllib3.readthedocs.io/en/latest/advanced-usage.html#tls-warnings
  warnings.warn(</msg>
<msg time="2024-08-01T12:30:07.816797" level="INFO">${response} = &lt;Response [200]&gt;</msg>
<var>${response}</var>
<arg>consultarAPI</arg>
<arg>/api</arg>
<doc>Sends a GET request on a previously created HTTP Session.</doc>
<status status="PASS" start="2024-08-01T12:30:06.692336" elapsed="1.124510"/>
</kw>
<kw name="Set Variable" owner="BuiltIn">
<msg time="2024-08-01T12:30:07.817892" level="INFO">${json_data} = {'results': [{'gender': 'male', 'name': {'title': 'Mr', 'first': 'Linus', 'last': 'Øglænd'}, 'location': {'street': {'number': 456, 'name': 'Prost Hallings vei'}, 'city': 'Aksdal', 'state': 'Rogaland'...</msg>
<var>${json_data}</var>
<arg>${response.json()}</arg>
<doc>Returns the given values which can then be assigned to a variables.</doc>
<status status="PASS" start="2024-08-01T12:30:07.817378" elapsed="0.000543"/>
</kw>
<kw name="Set Variable" owner="BuiltIn">
<msg time="2024-08-01T12:30:07.818612" level="INFO">${name_title} = Mr</msg>
<var>${name_title}</var>
<arg>${json_data["results"][0]["name"]["title"]}</arg>
<doc>Returns the given values which can then be assigned to a variables.</doc>
<status status="PASS" start="2024-08-01T12:30:07.818226" elapsed="0.000412"/>
</kw>
<kw name="Create List" owner="BuiltIn">
<msg time="2024-08-01T12:30:07.819142" level="INFO">${allowed_titles} = ['Mr', 'Ms', 'Miss', 'Mrs', 'Madame', 'Monsieur']</msg>
<var>${allowed_titles}</var>
<arg>Mr</arg>
<arg>Ms</arg>
<arg>Miss</arg>
<arg>Mrs</arg>
<arg>Madame</arg>
<arg>Monsieur</arg>
<doc>Returns a list containing given items.</doc>
<status status="PASS" start="2024-08-01T12:30:07.818936" elapsed="0.000238"/>
</kw>
<kw name="List Should Contain Value" owner="Collections">
<arg>${allowed_titles}</arg>
<arg>${name_title}</arg>
<doc>Fails if the ``value`` is not found from ``list``.</doc>
<status status="PASS" start="2024-08-01T12:30:07.819495" elapsed="0.000185"/>
</kw>
<kw name="Set Variable" owner="BuiltIn">
<msg time="2024-08-01T12:30:07.820231" level="INFO">${name_country} = NO</msg>
<var>${name_country}</var>
<arg>${json_data["results"][0]["nat"]}</arg>
<doc>Returns the given values which can then be assigned to a variables.</doc>
<status status="PASS" start="2024-08-01T12:30:07.819862" elapsed="0.000395"/>
</kw>
<kw name="Create List" owner="BuiltIn">
<msg time="2024-08-01T12:30:07.821137" level="INFO">${list_country} = ['AD', 'AE', 'AF', 'AG', 'AI', 'AL', 'AM', 'AO', 'AQ', 'AR', 'AS', 'AT', 'AU', 'AW', 'AX', 'AZ', 'BA', 'BB', 'BD', 'BE', 'BF', 'BG', 'BH', 'BI', 'BJ', 'BL', 'BM', 'BN', 'BO', 'BQ', 'BR', 'BS', 'BT', '...</msg>
<var>${list_country}</var>
<arg>AD</arg>
<arg>AE</arg>
<arg>AF</arg>
<arg>AG</arg>
<arg>AI</arg>
<arg>AL</arg>
<arg>AM</arg>
<arg>AO</arg>
<arg>AQ</arg>
<arg>AR</arg>
<arg>AS</arg>
<arg>AT</arg>
<arg>AU</arg>
<arg>AW</arg>
<arg>AX</arg>
<arg>AZ</arg>
<arg>BA</arg>
<arg>BB</arg>
<arg>BD</arg>
<arg>BE</arg>
<arg>BF</arg>
<arg>BG</arg>
<arg>BH</arg>
<arg>BI</arg>
<arg>BJ</arg>
<arg>BL</arg>
<arg>BM</arg>
<arg>BN</arg>
<arg>BO</arg>
<arg>BQ</arg>
<arg>BR</arg>
<arg>BS</arg>
<arg>BT</arg>
<arg>BV</arg>
<arg>BW</arg>
<arg>BY</arg>
<arg>BZ</arg>
<arg>CA</arg>
<arg>CC</arg>
<arg>CD</arg>
<arg>CF</arg>
<arg>CG</arg>
<arg>CH</arg>
<arg>CI</arg>
<arg>CK</arg>
<arg>CL</arg>
<arg>CM</arg>
<arg>CN</arg>
<arg>CO</arg>
<arg>CR</arg>
<arg>CU</arg>
<arg>CV</arg>
<arg>CW</arg>
<arg>CX</arg>
<arg>CY</arg>
<arg>CZ</arg>
<arg>DE</arg>
<arg>DJ</arg>
<arg>DK</arg>
<arg>DM</arg>
<arg>DO</arg>
<arg>DZ</arg>
<arg>EC</arg>
<arg>EE</arg>
<arg>EG</arg>
<arg>EH</arg>
<arg>ER</arg>
<arg>ES</arg>
<arg>ET</arg>
<arg>FI</arg>
<arg>FJ</arg>
<arg>FK</arg>
<arg>FM</arg>
<arg>FO</arg>
<arg>FR</arg>
<arg>GA</arg>
<arg>GB</arg>
<arg>GD</arg>
<arg>GE</arg>
<arg>GF</arg>
<arg>GG</arg>
<arg>GH</arg>
<arg>GI</arg>
<arg>GL</arg>
<arg>GM</arg>
<arg>GN</arg>
<arg>GP</arg>
<arg>GQ</arg>
<arg>GR</arg>
<arg>GS</arg>
<arg>GT</arg>
<arg>GU</arg>
<arg>GW</arg>
<arg>GY</arg>
<arg>HK</arg>
<arg>HM</arg>
<arg>HN</arg>
<arg>HR</arg>
<arg>HT</arg>
<arg>HU</arg>
<arg>ID</arg>
<arg>IE</arg>
<arg>IL</arg>
<arg>IM</arg>
<arg>IN</arg>
<arg>IO</arg>
<arg>IQ</arg>
<arg>IR</arg>
<arg>IS</arg>
<arg>IT</arg>
<arg>JE</arg>
<arg>JM</arg>
<arg>JO</arg>
<arg>JP</arg>
<arg>KE</arg>
<arg>KG</arg>
<arg>KH</arg>
<arg>KI</arg>
<arg>KM</arg>
<arg>KN</arg>
<arg>KP</arg>
<arg>KR</arg>
<arg>KW</arg>
<arg>KY</arg>
<arg>KZ</arg>
<arg>LA</arg>
<arg>LB</arg>
<arg>LC</arg>
<arg>LI</arg>
<arg>LK</arg>
<arg>LR</arg>
<arg>LS</arg>
<arg>LT</arg>
<arg>LU</arg>
<arg>LV</arg>
<arg>LY</arg>
<arg>MA</arg>
<arg>MC</arg>
<arg>MD</arg>
<arg>ME</arg>
<arg>MF</arg>
<arg>MG</arg>
<arg>MH</arg>
<arg>MK</arg>
<arg>ML</arg>
<arg>MM</arg>
<arg>MN</arg>
<arg>MO</arg>
<arg>MP</arg>
<arg>MQ</arg>
<arg>MR</arg>
<arg>MS</arg>
<arg>MT</arg>
<arg>MU</arg>
<arg>MV</arg>
<arg>MW</arg>
<arg>MX</arg>
<arg>MY</arg>
<arg>MZ</arg>
<arg>NA</arg>
<arg>NC</arg>
<arg>NE</arg>
<arg>NF</arg>
<arg>NG</arg>
<arg>NI</arg>
<arg>NL</arg>
<arg>NO</arg>
<arg>NP</arg>
<arg>NR</arg>
<arg>NU</arg>
<arg>NZ</arg>
<arg>OM</arg>
<arg>PA</arg>
<arg>PE</arg>
<arg>PF</arg>
<arg>PG</arg>
<arg>PH</arg>
<arg>PK</arg>
<arg>PL</arg>
<arg>PM</arg>
<arg>PN</arg>
<arg>PR</arg>
<arg>PS</arg>
<arg>PT</arg>
<arg>PW</arg>
<arg>PY</arg>
<arg>QA</arg>
<arg>RE</arg>
<arg>RO</arg>
<arg>RS</arg>
<arg>RU</arg>
<arg>RW</arg>
<arg>SA</arg>
<arg>SB</arg>
<arg>SC</arg>
<arg>SD</arg>
<arg>SE</arg>
<arg>SG</arg>
<arg>SH</arg>
<arg>SI</arg>
<arg>SJ</arg>
<arg>SK</arg>
<arg>SL</arg>
<arg>SM</arg>
<arg>SN</arg>
<arg>SO</arg>
<arg>SR</arg>
<arg>SS</arg>
<arg>ST</arg>
<arg>SV</arg>
<arg>SX</arg>
<arg>SY</arg>
<arg>SZ</arg>
<arg>TC</arg>
<arg>TD</arg>
<arg>TF</arg>
<arg>TG</arg>
<arg>TH</arg>
<arg>TJ</arg>
<arg>TK</arg>
<arg>TL</arg>
<arg>TM</arg>
<arg>TN</arg>
<arg>TO</arg>
<arg>TR</arg>
<arg>TT</arg>
<arg>TV</arg>
<arg>TW</arg>
<arg>TZ</arg>
<arg>UA</arg>
<arg>UG</arg>
<arg>UM</arg>
<arg>US</arg>
<arg>UY</arg>
<arg>UZ</arg>
<arg>VA</arg>
<arg>VC</arg>
<arg>VE</arg>
<arg>VG</arg>
<arg>VI</arg>
<arg>VN</arg>
<arg>VU</arg>
<arg>WF</arg>
<arg>WS</arg>
<arg>XK</arg>
<arg>YE</arg>
<arg>YT</arg>
<arg>ZA</arg>
<arg>ZM</arg>
<arg>ZW</arg>
<doc>Returns a list containing given items.</doc>
<status status="PASS" start="2024-08-01T12:30:07.820541" elapsed="0.000621"/>
</kw>
<kw name="List Should Contain Value" owner="Collections">
<arg>${list_country}</arg>
<arg>${name_country}</arg>
<doc>Fails if the ``value`` is not found from ``list``.</doc>
<status status="PASS" start="2024-08-01T12:30:07.822138" elapsed="0.000211"/>
</kw>
<kw name="Run Keyword If" owner="BuiltIn">
<kw name="Should Be True" owner="BuiltIn">
<arg>${True}</arg>
<doc>Fails if the given condition is not true.</doc>
<status status="PASS" start="2024-08-01T12:30:07.823340" elapsed="0.000144"/>
</kw>
<arg>${json_data["results"][0]["location"]["coordinates"]["latitude"]} &gt;= -90 and ${json_data["results"][0]["location"]["coordinates"]["latitude"]} &lt;= 90</arg>
<arg>Should Be True</arg>
<arg>${True}</arg>
<doc>Runs the given keyword with the given arguments, if ``condition`` is true.</doc>
<status status="PASS" start="2024-08-01T12:30:07.822547" elapsed="0.001063"/>
</kw>
<kw name="Run Keyword If" owner="BuiltIn">
<kw name="Should Be True" owner="BuiltIn">
<arg>${True}</arg>
<doc>Fails if the given condition is not true.</doc>
<status status="PASS" start="2024-08-01T12:30:07.824475" elapsed="0.000135"/>
</kw>
<arg>${json_data["results"][0]["location"]["coordinates"]["longitude"]} &gt;= -180 and ${json_data["results"][0]["location"]["coordinates"]["longitude"]} &lt;= 180</arg>
<arg>Should Be True</arg>
<arg>${True}</arg>
<doc>Runs the given keyword with the given arguments, if ``condition`` is true.</doc>
<status status="PASS" start="2024-08-01T12:30:07.823790" elapsed="0.000947"/>
</kw>
<status status="PASS" start="2024-08-01T12:30:06.692115" elapsed="1.132754"/>
</kw>
<doc>Testa o conteúdo específico dos campos retornados pela API.</doc>
<tag>testeConteudo</tag>
<status status="PASS" start="2024-08-01T12:30:06.691658" elapsed="1.133362"/>
</test>
<status status="PASS" start="2024-08-01T12:29:53.688427" elapsed="14.138486"/>
</suite>
<status status="PASS" start="2024-08-01T12:29:53.673824" elapsed="14.158145"/>
</suite>
<statistics>
<total>
<stat pass="5" fail="0" skip="0">All Tests</stat>
</total>
<tag>
<stat pass="1" fail="0" skip="0">testeConteudo</stat>
<stat pass="1" fail="0" skip="0">testeEstruturaResposta</stat>
<stat pass="1" fail="0" skip="0">testeRequisicaoBasica</stat>
<stat pass="1" fail="0" skip="0">testeTiposDados</stat>
</tag>
<suite>
<stat pass="5" fail="0" skip="0" id="s1" name="Tests">Tests</stat>
<stat pass="5" fail="0" skip="0" id="s1-s1" name="Random-User-Test">Tests.Random-User-Test</stat>
</suite>
</statistics>
<errors>
</errors>
</robot>
