<?xml version="1.0" encoding="UTF-8"?>
<robot generator="Robot 7.0 (Python 3.12.3 on linux)" generated="2024-04-23T11:12:31.611441" rpa="false" schemaversion="5">
<suite id="s1" name="Tests" source="/home/runner/work/DesafioQAItauRogerioJordao/DesafioQAItauRogerioJordao/RamdonUser/tests">
<suite id="s1-s1" name="Random-User-Test" source="/home/runner/work/DesafioQAItauRogerioJordao/DesafioQAItauRogerioJordao/RamdonUser/tests/random-user-test.robot">
<test id="s1-s1-t1" name="Conectar" line="13">
<kw name="Conectar API" owner="random-user-service">
<kw name="Create Session" owner="RequestsLibrary">
<msg time="2024-04-23T11:12:31.965987" level="INFO">Creating Session using : alias=consultarAPI, url=https://randomuser.me/, headers={},                     cookies={}, auth=None, timeout=None, proxies=None, verify=False,                     debug=0 </msg>
<arg>consultarAPI</arg>
<arg>${URL}</arg>
<doc>Create Session: create a HTTP session to a server</doc>
<status status="PASS" start="2024-04-23T11:12:31.965774" elapsed="0.000385"/>
</kw>
<status status="PASS" start="2024-04-23T11:12:31.964843" elapsed="0.001664"/>
</kw>
<status status="PASS" start="2024-04-23T11:12:31.964341" elapsed="0.002359"/>
</test>
<test id="s1-s1-t2" name="Validar retorno 200 e JSON Válido" line="16">
<kw name="Teste de Requisicao Basica" owner="random-user-service">
<kw name="GET On Session" owner="RequestsLibrary">
<msg time="2024-04-23T11:12:32.063765" level="INFO">GET Request : url=https://randomuser.me/api 
 path_url=/api 
 headers={'User-Agent': 'python-requests/2.31.0', 'Accept-Encoding': 'gzip, deflate', 'Accept': '*/*', 'Connection': 'keep-alive'} 
 body=None 
 </msg>
<msg time="2024-04-23T11:12:32.063950" level="INFO">GET Response : url=https://randomuser.me/api 
 status=200, reason=OK 
 headers={'Date': 'Tue, 23 Apr 2024 11:12:32 GMT', 'Content-Type': 'application/json; charset=utf-8', 'Transfer-Encoding': 'chunked', 'Connection': 'keep-alive', 'X-Powered-By': 'Express', 'Access-Control-Allow-Origin': '*', 'Cache-Control': 'no-cache', 'ETag': 'W/"4ab-sQUyr9aMguwLfQmnpD9zQ8JV6k0"', 'Vary': 'Accept-Encoding', 'Content-Encoding': 'gzip', 'CF-Cache-Status': 'DYNAMIC', 'Report-To': '{"endpoints":[{"url":"https:\\/\\/a.nel.cloudflare.com\\/report\\/v4?s=LeOYGBIuvUtvKi%2FfabqOsdIuGXvt6iT8e%2BMhbvU7iMrQUAZO5i22bdqfjlGxbDgfZP1mNAZJY8LcQT3jbSeVgh7OdAb4tidDtYHGlMrelBWHSjfit8jz05kVWlAqPTDs"}],"group":"cf-nel","max_age":604800}', 'NEL': '{"success_fraction":0,"report_to":"cf-nel","max_age":604800}', 'Server': 'cloudflare', 'CF-RAY': '878d6b480cbe618d-ORD', 'alt-svc': 'h3=":443"; ma=86400'} 
 body={"results":[{"gender":"male","name":{"title":"Monsieur","first":"Samuel","last":"Fernandez"},"location":{"street":{"number":786,"name":"Rue Duquesne"},"city":"Bregaglia","state":"Solothurn","country":"Switzerland","postcode":8127,"coordinates":{"latitude":"-56.8268","longitude":"-61.8269"},"timezone":{"offset":"+5:00","description":"Ekaterinburg, Islamabad, Karachi, Tashkent"}},"email":"samuel.fernandez@example.com","login":{"uuid":"d4b1e1a9-2fbe-4951-bd8b-7314c6983f03","username":"orangepanda526","password":"smith1","salt":"h0T5KweR","md5":"487c9512c5b790607912457fa87d93d1","sha1":"05d8fb30e753eeec17e8a327d4a16db4ef10e0ce","sha256":"db46def4314e3a409a0c0fd96aeabc6312641607015e2444f4bf86308d60640f"},"dob":{"date":"1956-12-14T04:29:53.292Z","age":67},"registered":{"date":"2003-12-05T20:34:06.947Z","age":20},"phone":"076 552 90 15","cell":"078 177 83 19","id":{"name":"AVS","value":"756.6521.7763.04"},"picture":{"large":"https://randomuser.me/api/portraits/men/27.jpg","medium":"https://randomuser.me/api/portraits/med/men/27.jpg","thumbnail":"https://randomuser.me/api/portraits/thumb/men/27.jpg"},"nat":"CH"}],"info":{"seed":"013ae0fc34da5c2c","results":1,"page":1,"version":"1.4"}} 
 </msg>
<msg time="2024-04-23T11:12:32.064046" level="INFO">/opt/hostedtoolcache/Python/3.12.3/x64/lib/python3.12/site-packages/urllib3/connectionpool.py:1103: InsecureRequestWarning: Unverified HTTPS request is being made to host 'randomuser.me'. Adding certificate verification is strongly advised. See: https://urllib3.readthedocs.io/en/latest/advanced-usage.html#tls-warnings
  warnings.warn(</msg>
<msg time="2024-04-23T11:12:32.064193" level="INFO">${response} = &lt;Response [200]&gt;</msg>
<var>${response}</var>
<arg>consultarAPI</arg>
<arg>/api</arg>
<doc>Sends a GET request on a previously created HTTP Session.</doc>
<status status="PASS" start="2024-04-23T11:12:31.969406" elapsed="0.094832"/>
</kw>
<kw name="Should Be Equal As Numbers" owner="BuiltIn">
<msg time="2024-04-23T11:12:32.065420" level="INFO">Argument types are:
&lt;class 'int'&gt;
&lt;class 'str'&gt;</msg>
<arg>${response.status_code}</arg>
<arg>200</arg>
<doc>Fails if objects are unequal after converting them to real numbers.</doc>
<status status="PASS" start="2024-04-23T11:12:32.064930" elapsed="0.000558"/>
</kw>
<kw name="Log" owner="BuiltIn">
<msg time="2024-04-23T11:12:32.066288" level="INFO">200</msg>
<arg>${response.status_code}</arg>
<doc>Logs the given message with the given level.</doc>
<status status="PASS" start="2024-04-23T11:12:32.065872" elapsed="0.000460"/>
</kw>
<kw name="Set Variable" owner="BuiltIn">
<msg time="2024-04-23T11:12:32.067108" level="INFO">${json_data} = {'results': [{'gender': 'male', 'name': {'title': 'Monsieur', 'first': 'Samuel', 'last': 'Fernandez'}, 'location': {'street': {'number': 786, 'name': 'Rue Duquesne'}, 'city': 'Bregaglia', 'state': 'So...</msg>
<var>${json_data}</var>
<arg>${response.json()}</arg>
<doc>Returns the given values which can then be assigned to a variables.</doc>
<status status="PASS" start="2024-04-23T11:12:32.066652" elapsed="0.000484"/>
</kw>
<kw name="Dictionary Should Contain Key" owner="Collections">
<msg time="2024-04-23T11:12:32.067609" level="INFO">False</msg>
<arg>${json_data}</arg>
<arg>results</arg>
<doc>Fails if ``key`` is not found from ``dictionary``.</doc>
<status status="PASS" start="2024-04-23T11:12:32.067442" elapsed="0.000207"/>
</kw>
<status status="PASS" start="2024-04-23T11:12:31.969150" elapsed="0.098760"/>
</kw>
<doc>Testa se a API responde corretamente e retorna um objeto JSON válido.</doc>
<tag>testeRequisicaoBasica</tag>
<status status="PASS" start="2024-04-23T11:12:31.968604" elapsed="0.099496"/>
</test>
<test id="s1-s1-t3" name="Validar estrutura de resposta" line="22">
<kw name="Teste de Estrutura de Resposta" owner="random-user-service">
<kw name="GET On Session" owner="RequestsLibrary">
<msg time="2024-04-23T11:12:32.152251" level="INFO">GET Request : url=https://randomuser.me/api 
 path_url=/api 
 headers={'User-Agent': 'python-requests/2.31.0', 'Accept-Encoding': 'gzip, deflate', 'Accept': '*/*', 'Connection': 'keep-alive'} 
 body=None 
 </msg>
<msg time="2024-04-23T11:12:32.152348" level="INFO">GET Response : url=https://randomuser.me/api 
 status=200, reason=OK 
 headers={'Date': 'Tue, 23 Apr 2024 11:12:32 GMT', 'Content-Type': 'application/json; charset=utf-8', 'Transfer-Encoding': 'chunked', 'Connection': 'keep-alive', 'X-Powered-By': 'Express', 'Access-Control-Allow-Origin': '*', 'Cache-Control': 'no-cache', 'ETag': 'W/"46b-awp45QyNCT+wpyxO42Gd5PL0iDQ"', 'Vary': 'Accept-Encoding', 'Content-Encoding': 'gzip', 'CF-Cache-Status': 'DYNAMIC', 'Report-To': '{"endpoints":[{"url":"https:\\/\\/a.nel.cloudflare.com\\/report\\/v4?s=blUlZrUWEpZ70lUdviCvXYtbhZ8bvqEPvJKFTKGGwxRVywWLK5PtsB%2FvG2KBRLzf1OeJsyocg9cfPsOtPWQFdRUCTaxyOamd%2FOShYUIQ%2BCspDdZRHdnUfvmsfY5AFSuh"}],"group":"cf-nel","max_age":604800}', 'NEL': '{"success_fraction":0,"report_to":"cf-nel","max_age":604800}', 'Server': 'cloudflare', 'CF-RAY': '878d6b487d16618d-ORD', 'alt-svc': 'h3=":443"; ma=86400'} 
 body={"results":[{"gender":"male","name":{"title":"Mr","first":"Hector","last":"Brooks"},"location":{"street":{"number":6061,"name":"Green Rd"},"city":"Dubbo","state":"Victoria","country":"Australia","postcode":1443,"coordinates":{"latitude":"-85.5256","longitude":"-93.0006"},"timezone":{"offset":"-3:30","description":"Newfoundland"}},"email":"hector.brooks@example.com","login":{"uuid":"614955d4-61bf-41fb-b88f-e8abd06585c0","username":"orangewolf939","password":"lance","salt":"AgR9g0RU","md5":"22ec5cc11bd78ffb9b1bd263a4ce9cb0","sha1":"d1b3038ba231b04915de1321bb0e511c85d3c465","sha256":"a08ffe15aa0d25eea2417215a66ab60f0d30bb56b82f5b55bd21b280357e4455"},"dob":{"date":"1973-05-19T21:37:36.945Z","age":50},"registered":{"date":"2014-12-06T19:45:21.948Z","age":9},"phone":"08-0435-3701","cell":"0407-800-399","id":{"name":"TFN","value":"201831166"},"picture":{"large":"https://randomuser.me/api/portraits/men/70.jpg","medium":"https://randomuser.me/api/portraits/med/men/70.jpg","thumbnail":"https://randomuser.me/api/portraits/thumb/men/70.jpg"},"nat":"AU"}],"info":{"seed":"160767b068d9fb2e","results":1,"page":1,"version":"1.4"}} 
 </msg>
<msg time="2024-04-23T11:12:32.152487" level="INFO">/opt/hostedtoolcache/Python/3.12.3/x64/lib/python3.12/site-packages/urllib3/connectionpool.py:1103: InsecureRequestWarning: Unverified HTTPS request is being made to host 'randomuser.me'. Adding certificate verification is strongly advised. See: https://urllib3.readthedocs.io/en/latest/advanced-usage.html#tls-warnings
  warnings.warn(</msg>
<msg time="2024-04-23T11:12:32.152631" level="INFO">${response} = &lt;Response [200]&gt;</msg>
<var>${response}</var>
<arg>consultarAPI</arg>
<arg>/api</arg>
<doc>Sends a GET request on a previously created HTTP Session.</doc>
<status status="PASS" start="2024-04-23T11:12:32.070847" elapsed="0.081827"/>
</kw>
<kw name="Set Variable" owner="BuiltIn">
<msg time="2024-04-23T11:12:32.153861" level="INFO">${json_data} = {'results': [{'gender': 'male', 'name': {'title': 'Mr', 'first': 'Hector', 'last': 'Brooks'}, 'location': {'street': {'number': 6061, 'name': 'Green Rd'}, 'city': 'Dubbo', 'state': 'Victoria', 'countr...</msg>
<var>${json_data}</var>
<arg>${response.json()}</arg>
<doc>Returns the given values which can then be assigned to a variables.</doc>
<status status="PASS" start="2024-04-23T11:12:32.153152" elapsed="0.000786"/>
</kw>
<kw name="Log" owner="BuiltIn">
<msg time="2024-04-23T11:12:32.154645" level="INFO">{'results': [{'gender': 'male', 'name': {'title': 'Mr', 'first': 'Hector', 'last': 'Brooks'}, 'location': {'street': {'number': 6061, 'name': 'Green Rd'}, 'city': 'Dubbo', 'state': 'Victoria', 'country': 'Australia', 'postcode': 1443, 'coordinates': {'latitude': '-85.5256', 'longitude': '-93.0006'}, 'timezone': {'offset': '-3:30', 'description': 'Newfoundland'}}, 'email': 'hector.brooks@example.com', 'login': {'uuid': '614955d4-61bf-41fb-b88f-e8abd06585c0', 'username': 'orangewolf939', 'password': 'lance', 'salt': 'AgR9g0RU', 'md5': '22ec5cc11bd78ffb9b1bd263a4ce9cb0', 'sha1': 'd1b3038ba231b04915de1321bb0e511c85d3c465', 'sha256': 'a08ffe15aa0d25eea2417215a66ab60f0d30bb56b82f5b55bd21b280357e4455'}, 'dob': {'date': '1973-05-19T21:37:36.945Z', 'age': 50}, 'registered': {'date': '2014-12-06T19:45:21.948Z', 'age': 9}, 'phone': '08-0435-3701', 'cell': '0407-800-399', 'id': {'name': 'TFN', 'value': '201831166'}, 'picture': {'large': 'https://randomuser.me/api/portraits/men/70.jpg', 'medium': 'https://randomuser.me/api/portraits/med/men/70.jpg', 'thumbnail': 'https://randomuser.me/api/portraits/thumb/men/70.jpg'}, 'nat': 'AU'}], 'info': {'seed': '160767b068d9fb2e', 'results': 1, 'page': 1, 'version': '1.4'}}</msg>
<arg>${json_data}</arg>
<doc>Logs the given message with the given level.</doc>
<status status="PASS" start="2024-04-23T11:12:32.154418" elapsed="0.000304"/>
</kw>
<kw name="Dictionary Should Contain Key" owner="Collections">
<msg time="2024-04-23T11:12:32.155462" level="INFO">False</msg>
<arg>${json_data}</arg>
<arg>results</arg>
<doc>Fails if ``key`` is not found from ``dictionary``.</doc>
<status status="PASS" start="2024-04-23T11:12:32.155210" elapsed="0.000318"/>
</kw>
<kw name="Should Not Be Empty" owner="BuiltIn">
<msg time="2024-04-23T11:12:32.156172" level="INFO">Length is 2.</msg>
<arg>${json_data}</arg>
<doc>Verifies that the given item is not empty.</doc>
<status status="PASS" start="2024-04-23T11:12:32.155983" elapsed="0.000249"/>
</kw>
<kw name="Create List" owner="BuiltIn">
<msg time="2024-04-23T11:12:32.157151" level="INFO">${expected_keys} = ['gender', 'name', 'location', 'email', 'login']</msg>
<var>${expected_keys}</var>
<arg>gender</arg>
<arg>name</arg>
<arg>location</arg>
<arg>email</arg>
<arg>login</arg>
<doc>Returns a list containing given items.</doc>
<status status="PASS" start="2024-04-23T11:12:32.156695" elapsed="0.000501"/>
</kw>
<for flavor="IN">
<iter>
<kw name="Dictionary Should Contain Key" owner="Collections">
<msg time="2024-04-23T11:12:32.158730" level="INFO">False</msg>
<arg>${json_data['results'][0]}</arg>
<arg>${key}</arg>
<doc>Fails if ``key`` is not found from ``dictionary``.</doc>
<status status="PASS" start="2024-04-23T11:12:32.158119" elapsed="0.000669"/>
</kw>
<kw name="Log" owner="BuiltIn">
<msg time="2024-04-23T11:12:32.159826" level="INFO">{'gender': 'male', 'name': {'title': 'Mr', 'first': 'Hector', 'last': 'Brooks'}, 'location': {'street': {'number': 6061, 'name': 'Green Rd'}, 'city': 'Dubbo', 'state': 'Victoria', 'country': 'Australia', 'postcode': 1443, 'coordinates': {'latitude': '-85.5256', 'longitude': '-93.0006'}, 'timezone': {'offset': '-3:30', 'description': 'Newfoundland'}}, 'email': 'hector.brooks@example.com', 'login': {'uuid': '614955d4-61bf-41fb-b88f-e8abd06585c0', 'username': 'orangewolf939', 'password': 'lance', 'salt': 'AgR9g0RU', 'md5': '22ec5cc11bd78ffb9b1bd263a4ce9cb0', 'sha1': 'd1b3038ba231b04915de1321bb0e511c85d3c465', 'sha256': 'a08ffe15aa0d25eea2417215a66ab60f0d30bb56b82f5b55bd21b280357e4455'}, 'dob': {'date': '1973-05-19T21:37:36.945Z', 'age': 50}, 'registered': {'date': '2014-12-06T19:45:21.948Z', 'age': 9}, 'phone': '08-0435-3701', 'cell': '0407-800-399', 'id': {'name': 'TFN', 'value': '201831166'}, 'picture': {'large': 'https://randomuser.me/api/portraits/men/70.jpg', 'medium': 'https://randomuser.me/api/portraits/med/men/70.jpg', 'thumbnail': 'https://randomuser.me/api/portraits/thumb/men/70.jpg'}, 'nat': 'AU'}</msg>
<arg>${json_data['results'][0]}</arg>
<doc>Logs the given message with the given level.</doc>
<status status="PASS" start="2024-04-23T11:12:32.159262" elapsed="0.000615"/>
</kw>
<kw name="Log" owner="BuiltIn">
<msg time="2024-04-23T11:12:32.160324" level="INFO">gender</msg>
<arg>${key}</arg>
<doc>Logs the given message with the given level.</doc>
<status status="PASS" start="2024-04-23T11:12:32.160191" elapsed="0.000172"/>
</kw>
<var name="${key}">gender</var>
<status status="PASS" start="2024-04-23T11:12:32.157933" elapsed="0.002651"/>
</iter>
<iter>
<kw name="Dictionary Should Contain Key" owner="Collections">
<msg time="2024-04-23T11:12:32.161281" level="INFO">False</msg>
<arg>${json_data['results'][0]}</arg>
<arg>${key}</arg>
<doc>Fails if ``key`` is not found from ``dictionary``.</doc>
<status status="PASS" start="2024-04-23T11:12:32.160887" elapsed="0.000433"/>
</kw>
<kw name="Log" owner="BuiltIn">
<msg time="2024-04-23T11:12:32.162055" level="INFO">{'gender': 'male', 'name': {'title': 'Mr', 'first': 'Hector', 'last': 'Brooks'}, 'location': {'street': {'number': 6061, 'name': 'Green Rd'}, 'city': 'Dubbo', 'state': 'Victoria', 'country': 'Australia', 'postcode': 1443, 'coordinates': {'latitude': '-85.5256', 'longitude': '-93.0006'}, 'timezone': {'offset': '-3:30', 'description': 'Newfoundland'}}, 'email': 'hector.brooks@example.com', 'login': {'uuid': '614955d4-61bf-41fb-b88f-e8abd06585c0', 'username': 'orangewolf939', 'password': 'lance', 'salt': 'AgR9g0RU', 'md5': '22ec5cc11bd78ffb9b1bd263a4ce9cb0', 'sha1': 'd1b3038ba231b04915de1321bb0e511c85d3c465', 'sha256': 'a08ffe15aa0d25eea2417215a66ab60f0d30bb56b82f5b55bd21b280357e4455'}, 'dob': {'date': '1973-05-19T21:37:36.945Z', 'age': 50}, 'registered': {'date': '2014-12-06T19:45:21.948Z', 'age': 9}, 'phone': '08-0435-3701', 'cell': '0407-800-399', 'id': {'name': 'TFN', 'value': '201831166'}, 'picture': {'large': 'https://randomuser.me/api/portraits/men/70.jpg', 'medium': 'https://randomuser.me/api/portraits/med/men/70.jpg', 'thumbnail': 'https://randomuser.me/api/portraits/thumb/men/70.jpg'}, 'nat': 'AU'}</msg>
<arg>${json_data['results'][0]}</arg>
<doc>Logs the given message with the given level.</doc>
<status status="PASS" start="2024-04-23T11:12:32.161652" elapsed="0.000451"/>
</kw>
<kw name="Log" owner="BuiltIn">
<msg time="2024-04-23T11:12:32.162532" level="INFO">name</msg>
<arg>${key}</arg>
<doc>Logs the given message with the given level.</doc>
<status status="PASS" start="2024-04-23T11:12:32.162406" elapsed="0.000162"/>
</kw>
<var name="${key}">name</var>
<status status="PASS" start="2024-04-23T11:12:32.160770" elapsed="0.002017"/>
</iter>
<iter>
<kw name="Dictionary Should Contain Key" owner="Collections">
<msg time="2024-04-23T11:12:32.163465" level="INFO">False</msg>
<arg>${json_data['results'][0]}</arg>
<arg>${key}</arg>
<doc>Fails if ``key`` is not found from ``dictionary``.</doc>
<status status="PASS" start="2024-04-23T11:12:32.163076" elapsed="0.000426"/>
</kw>
<kw name="Log" owner="BuiltIn">
<msg time="2024-04-23T11:12:32.164155" level="INFO">{'gender': 'male', 'name': {'title': 'Mr', 'first': 'Hector', 'last': 'Brooks'}, 'location': {'street': {'number': 6061, 'name': 'Green Rd'}, 'city': 'Dubbo', 'state': 'Victoria', 'country': 'Australia', 'postcode': 1443, 'coordinates': {'latitude': '-85.5256', 'longitude': '-93.0006'}, 'timezone': {'offset': '-3:30', 'description': 'Newfoundland'}}, 'email': 'hector.brooks@example.com', 'login': {'uuid': '614955d4-61bf-41fb-b88f-e8abd06585c0', 'username': 'orangewolf939', 'password': 'lance', 'salt': 'AgR9g0RU', 'md5': '22ec5cc11bd78ffb9b1bd263a4ce9cb0', 'sha1': 'd1b3038ba231b04915de1321bb0e511c85d3c465', 'sha256': 'a08ffe15aa0d25eea2417215a66ab60f0d30bb56b82f5b55bd21b280357e4455'}, 'dob': {'date': '1973-05-19T21:37:36.945Z', 'age': 50}, 'registered': {'date': '2014-12-06T19:45:21.948Z', 'age': 9}, 'phone': '08-0435-3701', 'cell': '0407-800-399', 'id': {'name': 'TFN', 'value': '201831166'}, 'picture': {'large': 'https://randomuser.me/api/portraits/men/70.jpg', 'medium': 'https://randomuser.me/api/portraits/med/men/70.jpg', 'thumbnail': 'https://randomuser.me/api/portraits/thumb/men/70.jpg'}, 'nat': 'AU'}</msg>
<arg>${json_data['results'][0]}</arg>
<doc>Logs the given message with the given level.</doc>
<status status="PASS" start="2024-04-23T11:12:32.163796" elapsed="0.000406"/>
</kw>
<kw name="Log" owner="BuiltIn">
<msg time="2024-04-23T11:12:32.164616" level="INFO">location</msg>
<arg>${key}</arg>
<doc>Logs the given message with the given level.</doc>
<status status="PASS" start="2024-04-23T11:12:32.164493" elapsed="0.000160"/>
</kw>
<var name="${key}">location</var>
<status status="PASS" start="2024-04-23T11:12:32.162964" elapsed="0.001899"/>
</iter>
<iter>
<kw name="Dictionary Should Contain Key" owner="Collections">
<msg time="2024-04-23T11:12:32.165523" level="INFO">False</msg>
<arg>${json_data['results'][0]}</arg>
<arg>${key}</arg>
<doc>Fails if ``key`` is not found from ``dictionary``.</doc>
<status status="PASS" start="2024-04-23T11:12:32.165142" elapsed="0.000417"/>
</kw>
<kw name="Log" owner="BuiltIn">
<msg time="2024-04-23T11:12:32.166259" level="INFO">{'gender': 'male', 'name': {'title': 'Mr', 'first': 'Hector', 'last': 'Brooks'}, 'location': {'street': {'number': 6061, 'name': 'Green Rd'}, 'city': 'Dubbo', 'state': 'Victoria', 'country': 'Australia', 'postcode': 1443, 'coordinates': {'latitude': '-85.5256', 'longitude': '-93.0006'}, 'timezone': {'offset': '-3:30', 'description': 'Newfoundland'}}, 'email': 'hector.brooks@example.com', 'login': {'uuid': '614955d4-61bf-41fb-b88f-e8abd06585c0', 'username': 'orangewolf939', 'password': 'lance', 'salt': 'AgR9g0RU', 'md5': '22ec5cc11bd78ffb9b1bd263a4ce9cb0', 'sha1': 'd1b3038ba231b04915de1321bb0e511c85d3c465', 'sha256': 'a08ffe15aa0d25eea2417215a66ab60f0d30bb56b82f5b55bd21b280357e4455'}, 'dob': {'date': '1973-05-19T21:37:36.945Z', 'age': 50}, 'registered': {'date': '2014-12-06T19:45:21.948Z', 'age': 9}, 'phone': '08-0435-3701', 'cell': '0407-800-399', 'id': {'name': 'TFN', 'value': '201831166'}, 'picture': {'large': 'https://randomuser.me/api/portraits/men/70.jpg', 'medium': 'https://randomuser.me/api/portraits/med/men/70.jpg', 'thumbnail': 'https://randomuser.me/api/portraits/thumb/men/70.jpg'}, 'nat': 'AU'}</msg>
<arg>${json_data['results'][0]}</arg>
<doc>Logs the given message with the given level.</doc>
<status status="PASS" start="2024-04-23T11:12:32.165857" elapsed="0.000449"/>
</kw>
<kw name="Log" owner="BuiltIn">
<msg time="2024-04-23T11:12:32.166725" level="INFO">email</msg>
<arg>${key}</arg>
<doc>Logs the given message with the given level.</doc>
<status status="PASS" start="2024-04-23T11:12:32.166599" elapsed="0.000163"/>
</kw>
<var name="${key}">email</var>
<status status="PASS" start="2024-04-23T11:12:32.165033" elapsed="0.001944"/>
</iter>
<iter>
<kw name="Dictionary Should Contain Key" owner="Collections">
<msg time="2024-04-23T11:12:32.167645" level="INFO">False</msg>
<arg>${json_data['results'][0]}</arg>
<arg>${key}</arg>
<doc>Fails if ``key`` is not found from ``dictionary``.</doc>
<status status="PASS" start="2024-04-23T11:12:32.167256" elapsed="0.000426"/>
</kw>
<kw name="Log" owner="BuiltIn">
<msg time="2024-04-23T11:12:32.168333" level="INFO">{'gender': 'male', 'name': {'title': 'Mr', 'first': 'Hector', 'last': 'Brooks'}, 'location': {'street': {'number': 6061, 'name': 'Green Rd'}, 'city': 'Dubbo', 'state': 'Victoria', 'country': 'Australia', 'postcode': 1443, 'coordinates': {'latitude': '-85.5256', 'longitude': '-93.0006'}, 'timezone': {'offset': '-3:30', 'description': 'Newfoundland'}}, 'email': 'hector.brooks@example.com', 'login': {'uuid': '614955d4-61bf-41fb-b88f-e8abd06585c0', 'username': 'orangewolf939', 'password': 'lance', 'salt': 'AgR9g0RU', 'md5': '22ec5cc11bd78ffb9b1bd263a4ce9cb0', 'sha1': 'd1b3038ba231b04915de1321bb0e511c85d3c465', 'sha256': 'a08ffe15aa0d25eea2417215a66ab60f0d30bb56b82f5b55bd21b280357e4455'}, 'dob': {'date': '1973-05-19T21:37:36.945Z', 'age': 50}, 'registered': {'date': '2014-12-06T19:45:21.948Z', 'age': 9}, 'phone': '08-0435-3701', 'cell': '0407-800-399', 'id': {'name': 'TFN', 'value': '201831166'}, 'picture': {'large': 'https://randomuser.me/api/portraits/men/70.jpg', 'medium': 'https://randomuser.me/api/portraits/med/men/70.jpg', 'thumbnail': 'https://randomuser.me/api/portraits/thumb/men/70.jpg'}, 'nat': 'AU'}</msg>
<arg>${json_data['results'][0]}</arg>
<doc>Logs the given message with the given level.</doc>
<status status="PASS" start="2024-04-23T11:12:32.167972" elapsed="0.000408"/>
</kw>
<kw name="Log" owner="BuiltIn">
<msg time="2024-04-23T11:12:32.168793" level="INFO">login</msg>
<arg>${key}</arg>
<doc>Logs the given message with the given level.</doc>
<status status="PASS" start="2024-04-23T11:12:32.168667" elapsed="0.000163"/>
</kw>
<var name="${key}">login</var>
<status status="PASS" start="2024-04-23T11:12:32.167146" elapsed="0.001897"/>
</iter>
<var>${key}</var>
<value>@{expected_keys}</value>
<status status="PASS" start="2024-04-23T11:12:32.157636" elapsed="0.011526"/>
</for>
<kw name="Create List" owner="BuiltIn">
<msg time="2024-04-23T11:12:32.169519" level="INFO">${expected_keysTwo} = ['username', 'password']</msg>
<var>${expected_keysTwo}</var>
<arg>username</arg>
<arg>password</arg>
<doc>Returns a list containing given items.</doc>
<status status="PASS" start="2024-04-23T11:12:32.169382" elapsed="0.000160"/>
</kw>
<for flavor="IN">
<iter>
<kw name="Dictionary Should Contain Key" owner="Collections">
<msg time="2024-04-23T11:12:32.170473" level="INFO">False</msg>
<arg>${json_data['results'][0]['login']}</arg>
<arg>${keyTwo}</arg>
<doc>Fails if ``key`` is not found from ``dictionary``.</doc>
<status status="PASS" start="2024-04-23T11:12:32.170087" elapsed="0.000423"/>
</kw>
<kw name="Dictionary Should Contain Key" owner="Collections">
<msg time="2024-04-23T11:12:32.171184" level="INFO">False</msg>
<arg>${json_data['results'][0]['login']}</arg>
<arg>${keyTwo}</arg>
<doc>Fails if ``key`` is not found from ``dictionary``.</doc>
<status status="PASS" start="2024-04-23T11:12:32.170804" elapsed="0.000416"/>
</kw>
<kw name="Log" owner="BuiltIn">
<msg time="2024-04-23T11:12:32.171633" level="INFO">username</msg>
<arg>${keyTwo}</arg>
<doc>Logs the given message with the given level.</doc>
<status status="PASS" start="2024-04-23T11:12:32.171508" elapsed="0.000167"/>
</kw>
<var name="${keyTwo}">username</var>
<status status="PASS" start="2024-04-23T11:12:32.169972" elapsed="0.001918"/>
</iter>
<iter>
<kw name="Dictionary Should Contain Key" owner="Collections">
<msg time="2024-04-23T11:12:32.172557" level="INFO">False</msg>
<arg>${json_data['results'][0]['login']}</arg>
<arg>${keyTwo}</arg>
<doc>Fails if ``key`` is not found from ``dictionary``.</doc>
<status status="PASS" start="2024-04-23T11:12:32.172171" elapsed="0.000428"/>
</kw>
<kw name="Dictionary Should Contain Key" owner="Collections">
<msg time="2024-04-23T11:12:32.173346" level="INFO">False</msg>
<arg>${json_data['results'][0]['login']}</arg>
<arg>${keyTwo}</arg>
<doc>Fails if ``key`` is not found from ``dictionary``.</doc>
<status status="PASS" start="2024-04-23T11:12:32.172893" elapsed="0.000491"/>
</kw>
<kw name="Log" owner="BuiltIn">
<msg time="2024-04-23T11:12:32.173806" level="INFO">password</msg>
<arg>${keyTwo}</arg>
<doc>Logs the given message with the given level.</doc>
<status status="PASS" start="2024-04-23T11:12:32.173680" elapsed="0.000162"/>
</kw>
<var name="${keyTwo}">password</var>
<status status="PASS" start="2024-04-23T11:12:32.172062" elapsed="0.002055"/>
</iter>
<var>${keyTwo}</var>
<value>@{expected_keysTwo}</value>
<status status="PASS" start="2024-04-23T11:12:32.169782" elapsed="0.004459"/>
</for>
<status status="PASS" start="2024-04-23T11:12:32.070607" elapsed="0.103772"/>
</kw>
<doc>Testa a estrutura da resposta da API.</doc>
<tag>testeEstruturaResposta</tag>
<status status="PASS" start="2024-04-23T11:12:32.069974" elapsed="0.104556"/>
</test>
<test id="s1-s1-t4" name="Validar tipos de dados" line="28">
<kw name="Teste de Tipos de Dados" owner="random-user-service">
<kw name="GET On Session" owner="RequestsLibrary">
<msg time="2024-04-23T11:12:32.255568" level="INFO">GET Request : url=https://randomuser.me/api 
 path_url=/api 
 headers={'User-Agent': 'python-requests/2.31.0', 'Accept-Encoding': 'gzip, deflate', 'Accept': '*/*', 'Connection': 'keep-alive'} 
 body=None 
 </msg>
<msg time="2024-04-23T11:12:32.255630" level="INFO">GET Response : url=https://randomuser.me/api 
 status=200, reason=OK 
 headers={'Date': 'Tue, 23 Apr 2024 11:12:32 GMT', 'Content-Type': 'application/json; charset=utf-8', 'Transfer-Encoding': 'chunked', 'Connection': 'keep-alive', 'X-Powered-By': 'Express', 'Access-Control-Allow-Origin': '*', 'Cache-Control': 'no-cache', 'ETag': 'W/"490-UblC5NfdEIBUyBrTHFm7CZjBsfQ"', 'Vary': 'Accept-Encoding', 'Content-Encoding': 'gzip', 'CF-Cache-Status': 'DYNAMIC', 'Report-To': '{"endpoints":[{"url":"https:\\/\\/a.nel.cloudflare.com\\/report\\/v4?s=MeC%2B50f5ykZqdTwuggS60IA0iRgbFMyaz%2B2%2FkkQTXV3d9Od5JfH9Zuhl0vhx9bMfxGYb6lKzXzukreAM3tgz2v1W4%2BQb0XDUfYutbgx%2F5dNsgV%2BhIA4LP6Z%2BpV0TzO9q"}],"group":"cf-nel","max_age":604800}', 'NEL': '{"success_fraction":0,"report_to":"cf-nel","max_age":604800}', 'Server': 'cloudflare', 'CF-RAY': '878d6b491dad618d-ORD', 'alt-svc': 'h3=":443"; ma=86400'} 
 body={"results":[{"gender":"female","name":{"title":"Mrs","first":"Marisol","last":"Iglesias"},"location":{"street":{"number":5563,"name":"Retorno Croacia"},"city":"Nacori Chico","state":"Quintana Roo","country":"Mexico","postcode":65174,"coordinates":{"latitude":"29.3032","longitude":"149.3347"},"timezone":{"offset":"-9:00","description":"Alaska"}},"email":"marisol.iglesias@example.com","login":{"uuid":"b7918e8b-961a-4a72-8dce-c8b99d1236d3","username":"whiterabbit579","password":"sassy1","salt":"AePOCkU2","md5":"2b731b0e8f99858091ddbb10f59335c0","sha1":"a3fd397f34b32a5bf46317fdc5c556f59f0801b1","sha256":"e60ec7c36c5dd868e6da43955ea0c472bf4b043ea1ba61315ee6c8c424842ec3"},"dob":{"date":"1984-07-01T13:27:03.228Z","age":39},"registered":{"date":"2014-01-27T11:36:09.414Z","age":10},"phone":"(680) 124 8263","cell":"(697) 877 6946","id":{"name":"NSS","value":"57 41 57 6335 8"},"picture":{"large":"https://randomuser.me/api/portraits/women/57.jpg","medium":"https://randomuser.me/api/portraits/med/women/57.jpg","thumbnail":"https://randomuser.me/api/portraits/thumb/women/57.jpg"},"nat":"MX"}],"info":{"seed":"685fca8f92c37b22","results":1,"page":1,"version":"1.4"}} 
 </msg>
<msg time="2024-04-23T11:12:32.255684" level="INFO">/opt/hostedtoolcache/Python/3.12.3/x64/lib/python3.12/site-packages/urllib3/connectionpool.py:1103: InsecureRequestWarning: Unverified HTTPS request is being made to host 'randomuser.me'. Adding certificate verification is strongly advised. See: https://urllib3.readthedocs.io/en/latest/advanced-usage.html#tls-warnings
  warnings.warn(</msg>
<msg time="2024-04-23T11:12:32.255768" level="INFO">${response} = &lt;Response [200]&gt;</msg>
<var>${response}</var>
<arg>consultarAPI</arg>
<arg>/api</arg>
<doc>Sends a GET request on a previously created HTTP Session.</doc>
<status status="PASS" start="2024-04-23T11:12:32.176934" elapsed="0.078874"/>
</kw>
<kw name="Set Variable" owner="BuiltIn">
<msg time="2024-04-23T11:12:32.256832" level="INFO">${json_data} = {'results': [{'gender': 'female', 'name': {'title': 'Mrs', 'first': 'Marisol', 'last': 'Iglesias'}, 'location': {'street': {'number': 5563, 'name': 'Retorno Croacia'}, 'city': 'Nacori Chico', 'state':...</msg>
<var>${json_data}</var>
<arg>${response.json()}</arg>
<doc>Returns the given values which can then be assigned to a variables.</doc>
<status status="PASS" start="2024-04-23T11:12:32.256259" elapsed="0.000601"/>
</kw>
<kw name="Log" owner="BuiltIn">
<msg time="2024-04-23T11:12:32.257311" level="INFO">{'results': [{'gender': 'female', 'name': {'title': 'Mrs', 'first': 'Marisol', 'last': 'Iglesias'}, 'location': {'street': {'number': 5563, 'name': 'Retorno Croacia'}, 'city': 'Nacori Chico', 'state': 'Quintana Roo', 'country': 'Mexico', 'postcode': 65174, 'coordinates': {'latitude': '29.3032', 'longitude': '149.3347'}, 'timezone': {'offset': '-9:00', 'description': 'Alaska'}}, 'email': 'marisol.iglesias@example.com', 'login': {'uuid': 'b7918e8b-961a-4a72-8dce-c8b99d1236d3', 'username': 'whiterabbit579', 'password': 'sassy1', 'salt': 'AePOCkU2', 'md5': '2b731b0e8f99858091ddbb10f59335c0', 'sha1': 'a3fd397f34b32a5bf46317fdc5c556f59f0801b1', 'sha256': 'e60ec7c36c5dd868e6da43955ea0c472bf4b043ea1ba61315ee6c8c424842ec3'}, 'dob': {'date': '1984-07-01T13:27:03.228Z', 'age': 39}, 'registered': {'date': '2014-01-27T11:36:09.414Z', 'age': 10}, 'phone': '(680) 124 8263', 'cell': '(697) 877 6946', 'id': {'name': 'NSS', 'value': '57 41 57 6335 8'}, 'picture': {'large': 'https://randomuser.me/api/portraits/women/57.jpg', 'medium': 'https://randomuser.me/api/portraits/med/women/57.jpg', 'thumbnail': 'https://randomuser.me/api/portraits/thumb/women/57.jpg'}, 'nat': 'MX'}], 'info': {'seed': '685fca8f92c37b22', 'results': 1, 'page': 1, 'version': '1.4'}}</msg>
<arg>${json_data}</arg>
<doc>Logs the given message with the given level.</doc>
<status status="PASS" start="2024-04-23T11:12:32.257163" elapsed="0.000194"/>
</kw>
<kw name="Should Be String" owner="String">
<arg>${json_data['results'][0]['gender']}</arg>
<doc>Fails if the given ``item`` is not a string.</doc>
<status status="PASS" start="2024-04-23T11:12:32.257676" elapsed="0.000398"/>
</kw>
<kw name="Should Match Regexp" owner="BuiltIn">
<arg>${json_data['results'][0]['email']}</arg>
<arg>^[a-zA-Z0-9._%+-]+@[a-zA-Z0-9.-]+\.[a-zA-Z]{2,}$</arg>
<doc>Fails if ``string`` does not match ``pattern`` as a regular expression.</doc>
<status status="PASS" start="2024-04-23T11:12:32.258264" elapsed="0.000517"/>
</kw>
<kw name="Should Match Regexp" owner="BuiltIn">
<arg>${json_data['results'][0]['dob']['date']}</arg>
<arg>\\d{4}-\\d{2}-\\d{2}T\\d{2}:\\d{2}:\\d{2}\\.\\d{3}Z</arg>
<doc>Fails if ``string`` does not match ``pattern`` as a regular expression.</doc>
<status status="PASS" start="2024-04-23T11:12:32.258977" elapsed="0.000482"/>
</kw>
<kw name="Should Match Regexp" owner="BuiltIn">
<arg>${json_data['results'][0]['registered']['date']}</arg>
<arg>\\d{4}-\\d{2}-\\d{2}T\\d{2}:\\d{2}:\\d{2}\\.\\d{3}Z</arg>
<doc>Fails if ``string`` does not match ``pattern`` as a regular expression.</doc>
<status status="PASS" start="2024-04-23T11:12:32.259649" elapsed="0.000359"/>
</kw>
<kw name="Should Match Regexp" owner="BuiltIn">
<arg>${json_data['results'][0]['picture']['large']}</arg>
<arg>^https?://.*\.(?:png|jpe?g|gif|bmp)$</arg>
<doc>Fails if ``string`` does not match ``pattern`` as a regular expression.</doc>
<status status="PASS" start="2024-04-23T11:12:32.260193" elapsed="0.000450"/>
</kw>
<kw name="Should Match Regexp" owner="BuiltIn">
<arg>${json_data['results'][0]['picture']['medium']}</arg>
<arg>^https?://.*\.(?:png|jpe?g|gif|bmp)$</arg>
<doc>Fails if ``string`` does not match ``pattern`` as a regular expression.</doc>
<status status="PASS" start="2024-04-23T11:12:32.260831" elapsed="0.000355"/>
</kw>
<kw name="Should Match Regexp" owner="BuiltIn">
<arg>${json_data['results'][0]['picture']['thumbnail']}</arg>
<arg>^https?://.*\.(?:png|jpe?g|gif|bmp)$</arg>
<doc>Fails if ``string`` does not match ``pattern`` as a regular expression.</doc>
<status status="PASS" start="2024-04-23T11:12:32.261372" elapsed="0.000344"/>
</kw>
<kw name="Log" owner="BuiltIn">
<msg time="2024-04-23T11:12:32.262256" level="INFO">{'large': 'https://randomuser.me/api/portraits/women/57.jpg', 'medium': 'https://randomuser.me/api/portraits/med/women/57.jpg', 'thumbnail': 'https://randomuser.me/api/portraits/thumb/women/57.jpg'}</msg>
<arg>${json_data['results'][0]['picture']}</arg>
<doc>Logs the given message with the given level.</doc>
<status status="PASS" start="2024-04-23T11:12:32.261895" elapsed="0.000403"/>
</kw>
<status status="PASS" start="2024-04-23T11:12:32.176709" elapsed="0.085836"/>
</kw>
<kw name="Teste de Tipos de Dados - Postcode" owner="random-user-service">
<kw name="GET On Session" owner="RequestsLibrary">
<msg time="2024-04-23T11:12:32.344048" level="INFO">GET Request : url=https://randomuser.me/api 
 path_url=/api 
 headers={'User-Agent': 'python-requests/2.31.0', 'Accept-Encoding': 'gzip, deflate', 'Accept': '*/*', 'Connection': 'keep-alive'} 
 body=None 
 </msg>
<msg time="2024-04-23T11:12:32.344130" level="INFO">GET Response : url=https://randomuser.me/api 
 status=200, reason=OK 
 headers={'Date': 'Tue, 23 Apr 2024 11:12:32 GMT', 'Content-Type': 'application/json; charset=utf-8', 'Transfer-Encoding': 'chunked', 'Connection': 'keep-alive', 'X-Powered-By': 'Express', 'Access-Control-Allow-Origin': '*', 'Cache-Control': 'no-cache', 'ETag': 'W/"487-V7mUfhSsSzBIxuc+rmcml5cz2Bs"', 'Vary': 'Accept-Encoding', 'Content-Encoding': 'gzip', 'CF-Cache-Status': 'DYNAMIC', 'Report-To': '{"endpoints":[{"url":"https:\\/\\/a.nel.cloudflare.com\\/report\\/v4?s=gd9esfggqe8S1cGDuOUdMgt9%2FLf3bDRGCFwo1HsiyXCU1WFqcPgpcSYeJRfn3F6YJ9F8N2eqVrP8P4OK2J2Al4lXSvYMwwaK%2B5Jt3clCvDeHX%2Fh%2FS1wG%2F4XDrQK9t7cu"}],"group":"cf-nel","max_age":604800}', 'NEL': '{"success_fraction":0,"report_to":"cf-nel","max_age":604800}', 'Server': 'cloudflare', 'CF-RAY': '878d6b49ae20618d-ORD', 'alt-svc': 'h3=":443"; ma=86400'} 
 body={"results":[{"gender":"male","name":{"title":"Mr","first":"Benjamin","last":"Moore"},"location":{"street":{"number":4145,"name":"Elliot Street"},"city":"Gisborne","state":"Canterbury","country":"New Zealand","postcode":94377,"coordinates":{"latitude":"48.2284","longitude":"-111.4077"},"timezone":{"offset":"-8:00","description":"Pacific Time (US &amp; Canada)"}},"email":"benjamin.moore@example.com","login":{"uuid":"2826322f-c433-490e-b958-d64831a266c1","username":"goldenleopard876","password":"marian","salt":"VqplKa3T","md5":"d99d7b77c7b95f7bea7457138a634dd4","sha1":"968052cdb1217421c7428a76bda7c003166bfcd6","sha256":"c0cbb3da43a48212e3d14fcf68173e2234658941d1a047219cced257d25ebf67"},"dob":{"date":"1967-02-19T11:37:04.825Z","age":57},"registered":{"date":"2007-09-01T15:07:28.134Z","age":16},"phone":"(216)-134-8092","cell":"(645)-094-2900","id":{"name":"","value":null},"picture":{"large":"https://randomuser.me/api/portraits/men/55.jpg","medium":"https://randomuser.me/api/portraits/med/men/55.jpg","thumbnail":"https://randomuser.me/api/portraits/thumb/men/55.jpg"},"nat":"NZ"}],"info":{"seed":"b3a0b3ff4c57224b","results":1,"page":1,"version":"1.4"}} 
 </msg>
<msg time="2024-04-23T11:12:32.344203" level="INFO">/opt/hostedtoolcache/Python/3.12.3/x64/lib/python3.12/site-packages/urllib3/connectionpool.py:1103: InsecureRequestWarning: Unverified HTTPS request is being made to host 'randomuser.me'. Adding certificate verification is strongly advised. See: https://urllib3.readthedocs.io/en/latest/advanced-usage.html#tls-warnings
  warnings.warn(</msg>
<msg time="2024-04-23T11:12:32.344316" level="INFO">${response} = &lt;Response [200]&gt;</msg>
<var>${response}</var>
<arg>consultarAPI</arg>
<arg>/api</arg>
<doc>Sends a GET request on a previously created HTTP Session.</doc>
<status status="PASS" start="2024-04-23T11:12:32.262979" elapsed="0.081390"/>
</kw>
<kw name="Set Variable" owner="BuiltIn">
<msg time="2024-04-23T11:12:32.345633" level="INFO">${json_data} = {'results': [{'gender': 'male', 'name': {'title': 'Mr', 'first': 'Benjamin', 'last': 'Moore'}, 'location': {'street': {'number': 4145, 'name': 'Elliot Street'}, 'city': 'Gisborne', 'state': 'Canterbur...</msg>
<var>${json_data}</var>
<arg>${response.json()}</arg>
<doc>Returns the given values which can then be assigned to a variables.</doc>
<status status="PASS" start="2024-04-23T11:12:32.344943" elapsed="0.000718"/>
</kw>
<kw name="Log" owner="BuiltIn">
<msg time="2024-04-23T11:12:32.346158" level="INFO">{'results': [{'gender': 'male', 'name': {'title': 'Mr', 'first': 'Benjamin', 'last': 'Moore'}, 'location': {'street': {'number': 4145, 'name': 'Elliot Street'}, 'city': 'Gisborne', 'state': 'Canterbury', 'country': 'New Zealand', 'postcode': 94377, 'coordinates': {'latitude': '48.2284', 'longitude': '-111.4077'}, 'timezone': {'offset': '-8:00', 'description': 'Pacific Time (US &amp; Canada)'}}, 'email': 'benjamin.moore@example.com', 'login': {'uuid': '2826322f-c433-490e-b958-d64831a266c1', 'username': 'goldenleopard876', 'password': 'marian', 'salt': 'VqplKa3T', 'md5': 'd99d7b77c7b95f7bea7457138a634dd4', 'sha1': '968052cdb1217421c7428a76bda7c003166bfcd6', 'sha256': 'c0cbb3da43a48212e3d14fcf68173e2234658941d1a047219cced257d25ebf67'}, 'dob': {'date': '1967-02-19T11:37:04.825Z', 'age': 57}, 'registered': {'date': '2007-09-01T15:07:28.134Z', 'age': 16}, 'phone': '(216)-134-8092', 'cell': '(645)-094-2900', 'id': {'name': '', 'value': None}, 'picture': {'large': 'https://randomuser.me/api/portraits/men/55.jpg', 'medium': 'https://randomuser.me/api/portraits/med/men/55.jpg', 'thumbnail': 'https://randomuser.me/api/portraits/thumb/men/55.jpg'}, 'nat': 'NZ'}], 'info': {'seed': 'b3a0b3ff4c57224b', 'results': 1, 'page': 1, 'version': '1.4'}}</msg>
<arg>${json_data}</arg>
<doc>Logs the given message with the given level.</doc>
<status status="PASS" start="2024-04-23T11:12:32.346005" elapsed="0.000199"/>
</kw>
<kw name="Should Be Equal As Numbers" owner="BuiltIn">
<arg>${json_data['results'][0]['location']['postcode']}</arg>
<arg>${json_data['results'][0]['location']['postcode']}</arg>
<doc>Fails if objects are unequal after converting them to real numbers.</doc>
<status status="PASS" start="2024-04-23T11:12:32.346499" elapsed="0.000762"/>
</kw>
<kw name="Log" owner="BuiltIn">
<msg time="2024-04-23T11:12:32.347790" level="INFO">94377</msg>
<arg>${json_data['results'][0]['location']['postcode']}</arg>
<doc>Logs the given message with the given level.</doc>
<status status="PASS" start="2024-04-23T11:12:32.347456" elapsed="0.000374"/>
</kw>
<status status="PASS" start="2024-04-23T11:12:32.262755" elapsed="0.085331"/>
</kw>
<doc>Testa se os tipos de dados na resposta da API estão corretos.</doc>
<tag>testeTiposDados</tag>
<status status="PASS" start="2024-04-23T11:12:32.176280" elapsed="0.171965"/>
</test>
<test id="s1-s1-t5" name="Validar conteudo" line="35">
<kw name="Teste de Tipos de Conteudo" owner="random-user-service">
<kw name="GET On Session" owner="RequestsLibrary">
<msg time="2024-04-23T11:12:32.444208" level="INFO">GET Request : url=https://randomuser.me/api 
 path_url=/api 
 headers={'User-Agent': 'python-requests/2.31.0', 'Accept-Encoding': 'gzip, deflate', 'Accept': '*/*', 'Connection': 'keep-alive'} 
 body=None 
 </msg>
<msg time="2024-04-23T11:12:32.444287" level="INFO">GET Response : url=https://randomuser.me/api 
 status=200, reason=OK 
 headers={'Date': 'Tue, 23 Apr 2024 11:12:32 GMT', 'Content-Type': 'application/json; charset=utf-8', 'Transfer-Encoding': 'chunked', 'Connection': 'keep-alive', 'X-Powered-By': 'Express', 'Access-Control-Allow-Origin': '*', 'Cache-Control': 'no-cache', 'ETag': 'W/"490-qLOlpHk4oig+lvo+bcstFjFj1J8"', 'Vary': 'Accept-Encoding', 'Content-Encoding': 'gzip', 'CF-Cache-Status': 'DYNAMIC', 'Report-To': '{"endpoints":[{"url":"https:\\/\\/a.nel.cloudflare.com\\/report\\/v4?s=wRx9Md7SjSZ0rZMNqYyj454HQDfKx3HH4VEm2vL1qgheNNDhVL1BRTqD%2BiGwbsWHjBoikua3Xnp0eAUAN8W2nKzlaLEGkrStmdxEErNj9SAihnBLdGGo%2FFSzjDMDHzn2"}],"group":"cf-nel","max_age":604800}', 'NEL': '{"success_fraction":0,"report_to":"cf-nel","max_age":604800}', 'Server': 'cloudflare', 'CF-RAY': '878d6b4a3ea6618d-ORD', 'alt-svc': 'h3=":443"; ma=86400'} 
 body={"results":[{"gender":"female","name":{"title":"Mrs","first":"Lillian","last":"Grønningsæter"},"location":{"street":{"number":862,"name":"Fådveien"},"city":"Fjellsrud","state":"Buskerud","country":"Norway","postcode":"5007","coordinates":{"latitude":"46.0342","longitude":"71.8967"},"timezone":{"offset":"+2:00","description":"Kaliningrad, South Africa"}},"email":"lillian.gronningsaeter@example.com","login":{"uuid":"84781322-514f-4cee-bdf4-5939ab7627eb","username":"crazyfrog657","password":"wyoming","salt":"ep7X65E1","md5":"4963dbe420fe4a6b33f79344a1bcc586","sha1":"1c63fade6fef69a8c9668d40734a89049844089f","sha256":"fc92d1b5a25f6d17b4497d0477621ef9298782bc55f37c09f0871379324a8e5e"},"dob":{"date":"1957-09-09T03:16:26.255Z","age":66},"registered":{"date":"2013-10-02T12:30:07.588Z","age":10},"phone":"74414865","cell":"94324449","id":{"name":"FN","value":"09095711461"},"picture":{"large":"https://randomuser.me/api/portraits/women/66.jpg","medium":"https://randomuser.me/api/portraits/med/women/66.jpg","thumbnail":"https://randomuser.me/api/portraits/thumb/women/66.jpg"},"nat":"NO"}],"info":{"seed":"3489b968ac0766b1","results":1,"page":1,"version":"1.4"}} 
 </msg>
<msg time="2024-04-23T11:12:32.444358" level="INFO">/opt/hostedtoolcache/Python/3.12.3/x64/lib/python3.12/site-packages/urllib3/connectionpool.py:1103: InsecureRequestWarning: Unverified HTTPS request is being made to host 'randomuser.me'. Adding certificate verification is strongly advised. See: https://urllib3.readthedocs.io/en/latest/advanced-usage.html#tls-warnings
  warnings.warn(</msg>
<msg time="2024-04-23T11:12:32.444472" level="INFO">${response} = &lt;Response [200]&gt;</msg>
<var>${response}</var>
<arg>consultarAPI</arg>
<arg>/api</arg>
<doc>Sends a GET request on a previously created HTTP Session.</doc>
<status status="PASS" start="2024-04-23T11:12:32.350743" elapsed="0.093780"/>
</kw>
<kw name="Set Variable" owner="BuiltIn">
<msg time="2024-04-23T11:12:32.445632" level="INFO">${json_data} = {'results': [{'gender': 'female', 'name': {'title': 'Mrs', 'first': 'Lillian', 'last': 'Grønningsæter'}, 'location': {'street': {'number': 862, 'name': 'Fådveien'}, 'city': 'Fjellsrud', 'state': 'Busk...</msg>
<var>${json_data}</var>
<arg>${response.json()}</arg>
<doc>Returns the given values which can then be assigned to a variables.</doc>
<status status="PASS" start="2024-04-23T11:12:32.445066" elapsed="0.000597"/>
</kw>
<kw name="Set Variable" owner="BuiltIn">
<msg time="2024-04-23T11:12:32.446407" level="INFO">${name_title} = Mrs</msg>
<var>${name_title}</var>
<arg>${json_data["results"][0]["name"]["title"]}</arg>
<doc>Returns the given values which can then be assigned to a variables.</doc>
<status status="PASS" start="2024-04-23T11:12:32.446010" elapsed="0.000423"/>
</kw>
<kw name="Create List" owner="BuiltIn">
<msg time="2024-04-23T11:12:32.446883" level="INFO">${allowed_titles} = ['Mr', 'Ms', 'Miss', 'Mrs', 'Madame', 'Monsieur']</msg>
<var>${allowed_titles}</var>
<arg>Mr</arg>
<arg>Ms</arg>
<arg>Miss</arg>
<arg>Mrs</arg>
<arg>Madame</arg>
<arg>Monsieur</arg>
<doc>Returns a list containing given items.</doc>
<status status="PASS" start="2024-04-23T11:12:32.446735" elapsed="0.000172"/>
</kw>
<kw name="List Should Contain Value" owner="Collections">
<msg time="2024-04-23T11:12:32.447371" level="INFO">False</msg>
<arg>${allowed_titles}</arg>
<arg>${name_title}</arg>
<doc>Fails if the ``value`` is not found from ``list``.</doc>
<status status="PASS" start="2024-04-23T11:12:32.447206" elapsed="0.000200"/>
</kw>
<kw name="Set Variable" owner="BuiltIn">
<msg time="2024-04-23T11:12:32.448074" level="INFO">${name_country} = NO</msg>
<var>${name_country}</var>
<arg>${json_data["results"][0]["nat"]}</arg>
<doc>Returns the given values which can then be assigned to a variables.</doc>
<status status="PASS" start="2024-04-23T11:12:32.447695" elapsed="0.000404"/>
</kw>
<kw name="Create List" owner="BuiltIn">
<msg time="2024-04-23T11:12:32.448976" level="INFO">${list_country} = ['AD', 'AE', 'AF', 'AG', 'AI', 'AL', 'AM', 'AO', 'AQ', 'AR', 'AS', 'AT', 'AU', 'AW', 'AX', 'AZ', 'BA', 'BB', 'BD', 'BE', 'BF', 'BG', 'BH', 'BI', 'BJ', 'BL', 'BM', 'BN', 'BO', 'BQ', 'BR', 'BS', 'BT', '...</msg>
<var>${list_country}</var>
<arg>AD</arg>
<arg>AE</arg>
<arg>AF</arg>
<arg>AG</arg>
<arg>AI</arg>
<arg>AL</arg>
<arg>AM</arg>
<arg>AO</arg>
<arg>AQ</arg>
<arg>AR</arg>
<arg>AS</arg>
<arg>AT</arg>
<arg>AU</arg>
<arg>AW</arg>
<arg>AX</arg>
<arg>AZ</arg>
<arg>BA</arg>
<arg>BB</arg>
<arg>BD</arg>
<arg>BE</arg>
<arg>BF</arg>
<arg>BG</arg>
<arg>BH</arg>
<arg>BI</arg>
<arg>BJ</arg>
<arg>BL</arg>
<arg>BM</arg>
<arg>BN</arg>
<arg>BO</arg>
<arg>BQ</arg>
<arg>BR</arg>
<arg>BS</arg>
<arg>BT</arg>
<arg>BV</arg>
<arg>BW</arg>
<arg>BY</arg>
<arg>BZ</arg>
<arg>CA</arg>
<arg>CC</arg>
<arg>CD</arg>
<arg>CF</arg>
<arg>CG</arg>
<arg>CH</arg>
<arg>CI</arg>
<arg>CK</arg>
<arg>CL</arg>
<arg>CM</arg>
<arg>CN</arg>
<arg>CO</arg>
<arg>CR</arg>
<arg>CU</arg>
<arg>CV</arg>
<arg>CW</arg>
<arg>CX</arg>
<arg>CY</arg>
<arg>CZ</arg>
<arg>DE</arg>
<arg>DJ</arg>
<arg>DK</arg>
<arg>DM</arg>
<arg>DO</arg>
<arg>DZ</arg>
<arg>EC</arg>
<arg>EE</arg>
<arg>EG</arg>
<arg>EH</arg>
<arg>ER</arg>
<arg>ES</arg>
<arg>ET</arg>
<arg>FI</arg>
<arg>FJ</arg>
<arg>FK</arg>
<arg>FM</arg>
<arg>FO</arg>
<arg>FR</arg>
<arg>GA</arg>
<arg>GB</arg>
<arg>GD</arg>
<arg>GE</arg>
<arg>GF</arg>
<arg>GG</arg>
<arg>GH</arg>
<arg>GI</arg>
<arg>GL</arg>
<arg>GM</arg>
<arg>GN</arg>
<arg>GP</arg>
<arg>GQ</arg>
<arg>GR</arg>
<arg>GS</arg>
<arg>GT</arg>
<arg>GU</arg>
<arg>GW</arg>
<arg>GY</arg>
<arg>HK</arg>
<arg>HM</arg>
<arg>HN</arg>
<arg>HR</arg>
<arg>HT</arg>
<arg>HU</arg>
<arg>ID</arg>
<arg>IE</arg>
<arg>IL</arg>
<arg>IM</arg>
<arg>IN</arg>
<arg>IO</arg>
<arg>IQ</arg>
<arg>IR</arg>
<arg>IS</arg>
<arg>IT</arg>
<arg>JE</arg>
<arg>JM</arg>
<arg>JO</arg>
<arg>JP</arg>
<arg>KE</arg>
<arg>KG</arg>
<arg>KH</arg>
<arg>KI</arg>
<arg>KM</arg>
<arg>KN</arg>
<arg>KP</arg>
<arg>KR</arg>
<arg>KW</arg>
<arg>KY</arg>
<arg>KZ</arg>
<arg>LA</arg>
<arg>LB</arg>
<arg>LC</arg>
<arg>LI</arg>
<arg>LK</arg>
<arg>LR</arg>
<arg>LS</arg>
<arg>LT</arg>
<arg>LU</arg>
<arg>LV</arg>
<arg>LY</arg>
<arg>MA</arg>
<arg>MC</arg>
<arg>MD</arg>
<arg>ME</arg>
<arg>MF</arg>
<arg>MG</arg>
<arg>MH</arg>
<arg>MK</arg>
<arg>ML</arg>
<arg>MM</arg>
<arg>MN</arg>
<arg>MO</arg>
<arg>MP</arg>
<arg>MQ</arg>
<arg>MR</arg>
<arg>MS</arg>
<arg>MT</arg>
<arg>MU</arg>
<arg>MV</arg>
<arg>MW</arg>
<arg>MX</arg>
<arg>MY</arg>
<arg>MZ</arg>
<arg>NA</arg>
<arg>NC</arg>
<arg>NE</arg>
<arg>NF</arg>
<arg>NG</arg>
<arg>NI</arg>
<arg>NL</arg>
<arg>NO</arg>
<arg>NP</arg>
<arg>NR</arg>
<arg>NU</arg>
<arg>NZ</arg>
<arg>OM</arg>
<arg>PA</arg>
<arg>PE</arg>
<arg>PF</arg>
<arg>PG</arg>
<arg>PH</arg>
<arg>PK</arg>
<arg>PL</arg>
<arg>PM</arg>
<arg>PN</arg>
<arg>PR</arg>
<arg>PS</arg>
<arg>PT</arg>
<arg>PW</arg>
<arg>PY</arg>
<arg>QA</arg>
<arg>RE</arg>
<arg>RO</arg>
<arg>RS</arg>
<arg>RU</arg>
<arg>RW</arg>
<arg>SA</arg>
<arg>SB</arg>
<arg>SC</arg>
<arg>SD</arg>
<arg>SE</arg>
<arg>SG</arg>
<arg>SH</arg>
<arg>SI</arg>
<arg>SJ</arg>
<arg>SK</arg>
<arg>SL</arg>
<arg>SM</arg>
<arg>SN</arg>
<arg>SO</arg>
<arg>SR</arg>
<arg>SS</arg>
<arg>ST</arg>
<arg>SV</arg>
<arg>SX</arg>
<arg>SY</arg>
<arg>SZ</arg>
<arg>TC</arg>
<arg>TD</arg>
<arg>TF</arg>
<arg>TG</arg>
<arg>TH</arg>
<arg>TJ</arg>
<arg>TK</arg>
<arg>TL</arg>
<arg>TM</arg>
<arg>TN</arg>
<arg>TO</arg>
<arg>TR</arg>
<arg>TT</arg>
<arg>TV</arg>
<arg>TW</arg>
<arg>TZ</arg>
<arg>UA</arg>
<arg>UG</arg>
<arg>UM</arg>
<arg>US</arg>
<arg>UY</arg>
<arg>UZ</arg>
<arg>VA</arg>
<arg>VC</arg>
<arg>VE</arg>
<arg>VG</arg>
<arg>VI</arg>
<arg>VN</arg>
<arg>VU</arg>
<arg>WF</arg>
<arg>WS</arg>
<arg>XK</arg>
<arg>YE</arg>
<arg>YT</arg>
<arg>ZA</arg>
<arg>ZM</arg>
<arg>ZW</arg>
<doc>Returns a list containing given items.</doc>
<status status="PASS" start="2024-04-23T11:12:32.448397" elapsed="0.000605"/>
</kw>
<kw name="List Should Contain Value" owner="Collections">
<msg time="2024-04-23T11:12:32.450011" level="INFO">False</msg>
<arg>${list_country}</arg>
<arg>${name_country}</arg>
<doc>Fails if the ``value`` is not found from ``list``.</doc>
<status status="PASS" start="2024-04-23T11:12:32.449785" elapsed="0.000264"/>
</kw>
<kw name="Run Keyword If" owner="BuiltIn">
<kw name="Should Be True" owner="BuiltIn">
<arg>${True}</arg>
<doc>Fails if the given condition is not true.</doc>
<status status="PASS" start="2024-04-23T11:12:32.451116" elapsed="0.000142"/>
</kw>
<arg>${json_data["results"][0]["location"]["coordinates"]["latitude"]} &gt;= -90 and ${json_data["results"][0]["location"]["coordinates"]["latitude"]} &lt;= 90</arg>
<arg>Should Be True</arg>
<arg>${True}</arg>
<doc>Runs the given keyword with the given arguments, if ``condition`` is true.</doc>
<status status="PASS" start="2024-04-23T11:12:32.450363" elapsed="0.001020"/>
</kw>
<kw name="Run Keyword If" owner="BuiltIn">
<kw name="Should Be True" owner="BuiltIn">
<arg>${True}</arg>
<doc>Fails if the given condition is not true.</doc>
<status status="PASS" start="2024-04-23T11:12:32.452262" elapsed="0.000237"/>
</kw>
<arg>${json_data["results"][0]["location"]["coordinates"]["longitude"]} &gt;= -180 and ${json_data["results"][0]["location"]["coordinates"]["longitude"]} &lt;= 180</arg>
<arg>Should Be True</arg>
<arg>${True}</arg>
<doc>Runs the given keyword with the given arguments, if ``condition`` is true.</doc>
<status status="PASS" start="2024-04-23T11:12:32.451567" elapsed="0.001056"/>
</kw>
<status status="PASS" start="2024-04-23T11:12:32.350521" elapsed="0.102234"/>
</kw>
<doc>Testa o conteúdo específico dos campos retornados pela API.</doc>
<tag>testeConteudo</tag>
<status status="PASS" start="2024-04-23T11:12:32.350021" elapsed="0.102879"/>
</test>
<status status="PASS" start="2024-04-23T11:12:31.668149" elapsed="0.786755"/>
</suite>
<status status="PASS" start="2024-04-23T11:12:31.654844" elapsed="0.805203"/>
</suite>
<statistics>
<total>
<stat pass="5" fail="0" skip="0">All Tests</stat>
</total>
<tag>
<stat pass="1" fail="0" skip="0">testeConteudo</stat>
<stat pass="1" fail="0" skip="0">testeEstruturaResposta</stat>
<stat pass="1" fail="0" skip="0">testeRequisicaoBasica</stat>
<stat pass="1" fail="0" skip="0">testeTiposDados</stat>
</tag>
<suite>
<stat pass="5" fail="0" skip="0" id="s1" name="Tests">Tests</stat>
<stat pass="5" fail="0" skip="0" id="s1-s1" name="Random-User-Test">Tests.Random-User-Test</stat>
</suite>
</statistics>
<errors>
</errors>
</robot>
