<?xml version="1.0" encoding="UTF-8"?>
<robot generator="Robot 7.0 (Python 3.12.3 on linux)" generated="2024-06-10T19:12:42.739359" rpa="false" schemaversion="5">
<suite id="s1" name="Tests" source="/home/runner/work/ApiRandomUser/ApiRandomUser/RamdonUser/tests">
<suite id="s1-s1" name="Random-User-Test" source="/home/runner/work/ApiRandomUser/ApiRandomUser/RamdonUser/tests/random-user-test.robot">
<test id="s1-s1-t1" name="Conectar" line="13">
<kw name="Conectar API" owner="random-user-service">
<kw name="Create Session" owner="RequestsLibrary">
<msg time="2024-06-10T19:12:43.135035" level="INFO">Creating Session using : alias=consultarAPI, url=https://randomuser.me/, headers={},                     cookies={}, auth=None, timeout=None, proxies=None, verify=False,                     debug=0 </msg>
<arg>consultarAPI</arg>
<arg>${URL}</arg>
<doc>Create Session: create a HTTP session to a server</doc>
<status status="PASS" start="2024-06-10T19:12:43.134820" elapsed="0.000398"/>
</kw>
<status status="PASS" start="2024-06-10T19:12:43.133728" elapsed="0.001857"/>
</kw>
<status status="PASS" start="2024-06-10T19:12:43.133119" elapsed="0.002663"/>
</test>
<test id="s1-s1-t2" name="Validar retorno 200 e JSON Válido" line="16">
<kw name="Teste de Requisicao Basica" owner="random-user-service">
<kw name="GET On Session" owner="RequestsLibrary">
<msg time="2024-06-10T19:12:43.231154" level="INFO">GET Request : url=https://randomuser.me/api 
 path_url=/api 
 headers={'User-Agent': 'python-requests/2.32.3', 'Accept-Encoding': 'gzip, deflate', 'Accept': '*/*', 'Connection': 'keep-alive'} 
 body=None 
 </msg>
<msg time="2024-06-10T19:12:43.231325" level="INFO">GET Response : url=https://randomuser.me/api 
 status=200, reason=OK 
 headers={'Date': 'Mon, 10 Jun 2024 19:12:43 GMT', 'Content-Type': 'application/json; charset=utf-8', 'Transfer-Encoding': 'chunked', 'Connection': 'keep-alive', 'X-Powered-By': 'Express', 'Access-Control-Allow-Origin': '*', 'Cache-Control': 'no-cache', 'ETag': 'W/"488-tGsZUw0OAwsJ404fdsxuaWfLHAw"', 'Vary': 'Accept-Encoding', 'Content-Encoding': 'gzip', 'CF-Cache-Status': 'DYNAMIC', 'Report-To': '{"endpoints":[{"url":"https:\\/\\/a.nel.cloudflare.com\\/report\\/v4?s=19GtFvayZzL48GQy1lJLuBfakexKPjqwm9ER82aUVwIvmgXdYP7Ld1doJnRMj%2BZrTAEO3CyNqKxjqy3RZ477wd0TfZEA65vZglccX7Wu1qkYGHYSQ7dtsReTsjjEVraR"}],"group":"cf-nel","max_age":604800}', 'NEL': '{"success_fraction":0,"report_to":"cf-nel","max_age":604800}', 'Server': 'cloudflare', 'CF-RAY': '891bacaded051142-ORD', 'alt-svc': 'h3=":443"; ma=86400'} 
 body={"results":[{"gender":"female","name":{"title":"Mrs","first":"Eira","last":"Hodne"},"location":{"street":{"number":1161,"name":"Abbediengen terrasse"},"city":"Sauda","state":"Hedmark","country":"Norway","postcode":"0274","coordinates":{"latitude":"41.7747","longitude":"45.9924"},"timezone":{"offset":"+5:30","description":"Bombay, Calcutta, Madras, New Delhi"}},"email":"eira.hodne@example.com","login":{"uuid":"357b10a5-f844-41c8-a2b1-bf786ab58b56","username":"bigpanda986","password":"phoenix1","salt":"GspgWHhj","md5":"997c27e139fdae1a9f484b59a4de8fd4","sha1":"2a4c4a63066411e64d6d422f4801e5480d89acb3","sha256":"9bc87849cd6bf52587d16db4356d4c2a7e4c3981db68e71e0f68861ab38cc47f"},"dob":{"date":"1972-09-06T07:14:54.358Z","age":51},"registered":{"date":"2012-06-13T16:54:03.190Z","age":11},"phone":"77357337","cell":"40655472","id":{"name":"FN","value":"06097245264"},"picture":{"large":"https://randomuser.me/api/portraits/women/41.jpg","medium":"https://randomuser.me/api/portraits/med/women/41.jpg","thumbnail":"https://randomuser.me/api/portraits/thumb/women/41.jpg"},"nat":"NO"}],"info":{"seed":"e023f25037bb5cb5","results":1,"page":1,"version":"1.4"}} 
 </msg>
<msg time="2024-06-10T19:12:43.231418" level="INFO">/opt/hostedtoolcache/Python/3.12.3/x64/lib/python3.12/site-packages/urllib3/connectionpool.py:1103: InsecureRequestWarning: Unverified HTTPS request is being made to host 'randomuser.me'. Adding certificate verification is strongly advised. See: https://urllib3.readthedocs.io/en/latest/advanced-usage.html#tls-warnings
  warnings.warn(</msg>
<msg time="2024-06-10T19:12:43.231554" level="INFO">${response} = &lt;Response [200]&gt;</msg>
<var>${response}</var>
<arg>consultarAPI</arg>
<arg>/api</arg>
<doc>Sends a GET request on a previously created HTTP Session.</doc>
<status status="PASS" start="2024-06-10T19:12:43.138432" elapsed="0.093165"/>
</kw>
<kw name="Should Be Equal As Numbers" owner="BuiltIn">
<msg time="2024-06-10T19:12:43.232631" level="INFO">Argument types are:
&lt;class 'int'&gt;
&lt;class 'str'&gt;</msg>
<arg>${response.status_code}</arg>
<arg>200</arg>
<doc>Fails if objects are unequal after converting them to real numbers.</doc>
<status status="PASS" start="2024-06-10T19:12:43.232155" elapsed="0.000546"/>
</kw>
<kw name="Log" owner="BuiltIn">
<msg time="2024-06-10T19:12:43.233465" level="INFO">200</msg>
<arg>${response.status_code}</arg>
<doc>Logs the given message with the given level.</doc>
<status status="PASS" start="2024-06-10T19:12:43.233092" elapsed="0.000423"/>
</kw>
<kw name="Set Variable" owner="BuiltIn">
<msg time="2024-06-10T19:12:43.234326" level="INFO">${json_data} = {'results': [{'gender': 'female', 'name': {'title': 'Mrs', 'first': 'Eira', 'last': 'Hodne'}, 'location': {'street': {'number': 1161, 'name': 'Abbediengen terrasse'}, 'city': 'Sauda', 'state': 'Hedmar...</msg>
<var>${json_data}</var>
<arg>${response.json()}</arg>
<doc>Returns the given values which can then be assigned to a variables.</doc>
<status status="PASS" start="2024-06-10T19:12:43.233877" elapsed="0.000480"/>
</kw>
<kw name="Dictionary Should Contain Key" owner="Collections">
<msg time="2024-06-10T19:12:43.234845" level="INFO">False</msg>
<arg>${json_data}</arg>
<arg>results</arg>
<doc>Fails if ``key`` is not found from ``dictionary``.</doc>
<status status="PASS" start="2024-06-10T19:12:43.234670" elapsed="0.000387"/>
</kw>
<status status="PASS" start="2024-06-10T19:12:43.138184" elapsed="0.097149"/>
</kw>
<doc>Testa se a API responde corretamente e retorna um objeto JSON válido.</doc>
<tag>testeRequisicaoBasica</tag>
<status status="PASS" start="2024-06-10T19:12:43.137681" elapsed="0.097839"/>
</test>
<test id="s1-s1-t3" name="Validar estrutura de resposta" line="22">
<kw name="Teste de Estrutura de Resposta" owner="random-user-service">
<kw name="GET On Session" owner="RequestsLibrary">
<msg time="2024-06-10T19:12:43.338628" level="INFO">GET Request : url=https://randomuser.me/api 
 path_url=/api 
 headers={'User-Agent': 'python-requests/2.32.3', 'Accept-Encoding': 'gzip, deflate', 'Accept': '*/*', 'Connection': 'keep-alive'} 
 body=None 
 </msg>
<msg time="2024-06-10T19:12:43.338718" level="INFO">GET Response : url=https://randomuser.me/api 
 status=200, reason=OK 
 headers={'Date': 'Mon, 10 Jun 2024 19:12:43 GMT', 'Content-Type': 'application/json; charset=utf-8', 'Transfer-Encoding': 'chunked', 'Connection': 'keep-alive', 'X-Powered-By': 'Express', 'Access-Control-Allow-Origin': '*', 'Cache-Control': 'no-cache', 'ETag': 'W/"4b0-qXOsoCOQNN10WU1jODdyvtsu1Ls"', 'Vary': 'Accept-Encoding', 'Content-Encoding': 'gzip', 'CF-Cache-Status': 'DYNAMIC', 'Report-To': '{"endpoints":[{"url":"https:\\/\\/a.nel.cloudflare.com\\/report\\/v4?s=RRfIKeNCPET1FyQokwPeaLiTgcLL%2FKlnF6elRUhKLlsHSUA8MRMQG%2Felf5RyzM0bOIpO3aCy4OPmOieEYz%2Fwtk5LlwYaAux0BasIp0g2VPLiDr%2By%2F4u1qOPtoZ1N1vIM"}],"group":"cf-nel","max_age":604800}', 'NEL': '{"success_fraction":0,"report_to":"cf-nel","max_age":604800}', 'Server': 'cloudflare', 'CF-RAY': '891bacae4d941142-ORD', 'alt-svc': 'h3=":443"; ma=86400'} 
 body={"results":[{"gender":"male","name":{"title":"Mr","first":"Maxx","last":"Van Loveren"},"location":{"street":{"number":8896,"name":"Adama van Scheltemaplein"},"city":"Duivendrecht","state":"Flevoland","country":"Netherlands","postcode":"9075 WI","coordinates":{"latitude":"30.6302","longitude":"-40.7773"},"timezone":{"offset":"-5:00","description":"Eastern Time (US &amp; Canada), Bogota, Lima"}},"email":"maxx.vanloveren@example.com","login":{"uuid":"9d4e0318-39ec-4a94-ba1e-e413e084eb43","username":"beautifulswan900","password":"oxygen","salt":"nK3UOLqo","md5":"1d7c0f517eae553d685bbe67fbd3b431","sha1":"ab80d6170e63101cfe8698661c4e61fd39cad6ee","sha256":"611e07b5e571efbfce00f850dc09fa86d10d555611942339af092c23c4d9e023"},"dob":{"date":"1959-04-01T23:16:36.449Z","age":65},"registered":{"date":"2004-08-09T05:01:31.869Z","age":19},"phone":"(080) 5297213","cell":"(06) 65737009","id":{"name":"BSN","value":"67053524"},"picture":{"large":"https://randomuser.me/api/portraits/men/22.jpg","medium":"https://randomuser.me/api/portraits/med/men/22.jpg","thumbnail":"https://randomuser.me/api/portraits/thumb/men/22.jpg"},"nat":"NL"}],"info":{"seed":"e3349b39ee6b100b","results":1,"page":1,"version":"1.4"}} 
 </msg>
<msg time="2024-06-10T19:12:43.338835" level="INFO">/opt/hostedtoolcache/Python/3.12.3/x64/lib/python3.12/site-packages/urllib3/connectionpool.py:1103: InsecureRequestWarning: Unverified HTTPS request is being made to host 'randomuser.me'. Adding certificate verification is strongly advised. See: https://urllib3.readthedocs.io/en/latest/advanced-usage.html#tls-warnings
  warnings.warn(</msg>
<msg time="2024-06-10T19:12:43.338950" level="INFO">${response} = &lt;Response [200]&gt;</msg>
<var>${response}</var>
<arg>consultarAPI</arg>
<arg>/api</arg>
<doc>Sends a GET request on a previously created HTTP Session.</doc>
<status status="PASS" start="2024-06-10T19:12:43.238155" elapsed="0.100837"/>
</kw>
<kw name="Set Variable" owner="BuiltIn">
<msg time="2024-06-10T19:12:43.339976" level="INFO">${json_data} = {'results': [{'gender': 'male', 'name': {'title': 'Mr', 'first': 'Maxx', 'last': 'Van Loveren'}, 'location': {'street': {'number': 8896, 'name': 'Adama van Scheltemaplein'}, 'city': 'Duivendrecht', 's...</msg>
<var>${json_data}</var>
<arg>${response.json()}</arg>
<doc>Returns the given values which can then be assigned to a variables.</doc>
<status status="PASS" start="2024-06-10T19:12:43.339462" elapsed="0.000544"/>
</kw>
<kw name="Log" owner="BuiltIn">
<msg time="2024-06-10T19:12:43.340520" level="INFO">{'results': [{'gender': 'male', 'name': {'title': 'Mr', 'first': 'Maxx', 'last': 'Van Loveren'}, 'location': {'street': {'number': 8896, 'name': 'Adama van Scheltemaplein'}, 'city': 'Duivendrecht', 'state': 'Flevoland', 'country': 'Netherlands', 'postcode': '9075 WI', 'coordinates': {'latitude': '30.6302', 'longitude': '-40.7773'}, 'timezone': {'offset': '-5:00', 'description': 'Eastern Time (US &amp; Canada), Bogota, Lima'}}, 'email': 'maxx.vanloveren@example.com', 'login': {'uuid': '9d4e0318-39ec-4a94-ba1e-e413e084eb43', 'username': 'beautifulswan900', 'password': 'oxygen', 'salt': 'nK3UOLqo', 'md5': '1d7c0f517eae553d685bbe67fbd3b431', 'sha1': 'ab80d6170e63101cfe8698661c4e61fd39cad6ee', 'sha256': '611e07b5e571efbfce00f850dc09fa86d10d555611942339af092c23c4d9e023'}, 'dob': {'date': '1959-04-01T23:16:36.449Z', 'age': 65}, 'registered': {'date': '2004-08-09T05:01:31.869Z', 'age': 19}, 'phone': '(080) 5297213', 'cell': '(06) 65737009', 'id': {'name': 'BSN', 'value': '67053524'}, 'picture': {'large': 'https://randomuser.me/api/portraits/men/22.jpg', 'medium': 'https://randomuser.me/api/portraits/med/men/22.jpg', 'thumbnail': 'https://randomuser.me/api/portraits/thumb/men/22.jpg'}, 'nat': 'NL'}], 'info': {'seed': 'e3349b39ee6b100b', 'results': 1, 'page': 1, 'version': '1.4'}}</msg>
<arg>${json_data}</arg>
<doc>Logs the given message with the given level.</doc>
<status status="PASS" start="2024-06-10T19:12:43.340353" elapsed="0.000216"/>
</kw>
<kw name="Dictionary Should Contain Key" owner="Collections">
<msg time="2024-06-10T19:12:43.341045" level="INFO">False</msg>
<arg>${json_data}</arg>
<arg>results</arg>
<doc>Fails if ``key`` is not found from ``dictionary``.</doc>
<status status="PASS" start="2024-06-10T19:12:43.340878" elapsed="0.000206"/>
</kw>
<kw name="Should Not Be Empty" owner="BuiltIn">
<msg time="2024-06-10T19:12:43.341529" level="INFO">Length is 2.</msg>
<arg>${json_data}</arg>
<doc>Verifies that the given item is not empty.</doc>
<status status="PASS" start="2024-06-10T19:12:43.341391" elapsed="0.000176"/>
</kw>
<kw name="Create List" owner="BuiltIn">
<msg time="2024-06-10T19:12:43.342066" level="INFO">${expected_keys} = ['gender', 'name', 'location', 'email', 'login']</msg>
<var>${expected_keys}</var>
<arg>gender</arg>
<arg>name</arg>
<arg>location</arg>
<arg>email</arg>
<arg>login</arg>
<doc>Returns a list containing given items.</doc>
<status status="PASS" start="2024-06-10T19:12:43.341912" elapsed="0.000177"/>
</kw>
<for flavor="IN">
<iter>
<kw name="Dictionary Should Contain Key" owner="Collections">
<msg time="2024-06-10T19:12:43.343097" level="INFO">False</msg>
<arg>${json_data['results'][0]}</arg>
<arg>${key}</arg>
<doc>Fails if ``key`` is not found from ``dictionary``.</doc>
<status status="PASS" start="2024-06-10T19:12:43.342683" elapsed="0.000458"/>
</kw>
<kw name="Log" owner="BuiltIn">
<msg time="2024-06-10T19:12:43.343815" level="INFO">{'gender': 'male', 'name': {'title': 'Mr', 'first': 'Maxx', 'last': 'Van Loveren'}, 'location': {'street': {'number': 8896, 'name': 'Adama van Scheltemaplein'}, 'city': 'Duivendrecht', 'state': 'Flevoland', 'country': 'Netherlands', 'postcode': '9075 WI', 'coordinates': {'latitude': '30.6302', 'longitude': '-40.7773'}, 'timezone': {'offset': '-5:00', 'description': 'Eastern Time (US &amp; Canada), Bogota, Lima'}}, 'email': 'maxx.vanloveren@example.com', 'login': {'uuid': '9d4e0318-39ec-4a94-ba1e-e413e084eb43', 'username': 'beautifulswan900', 'password': 'oxygen', 'salt': 'nK3UOLqo', 'md5': '1d7c0f517eae553d685bbe67fbd3b431', 'sha1': 'ab80d6170e63101cfe8698661c4e61fd39cad6ee', 'sha256': '611e07b5e571efbfce00f850dc09fa86d10d555611942339af092c23c4d9e023'}, 'dob': {'date': '1959-04-01T23:16:36.449Z', 'age': 65}, 'registered': {'date': '2004-08-09T05:01:31.869Z', 'age': 19}, 'phone': '(080) 5297213', 'cell': '(06) 65737009', 'id': {'name': 'BSN', 'value': '67053524'}, 'picture': {'large': 'https://randomuser.me/api/portraits/men/22.jpg', 'medium': 'https://randomuser.me/api/portraits/med/men/22.jpg', 'thumbnail': 'https://randomuser.me/api/portraits/thumb/men/22.jpg'}, 'nat': 'NL'}</msg>
<arg>${json_data['results'][0]}</arg>
<doc>Logs the given message with the given level.</doc>
<status status="PASS" start="2024-06-10T19:12:43.343445" elapsed="0.000421"/>
</kw>
<kw name="Log" owner="BuiltIn">
<msg time="2024-06-10T19:12:43.344298" level="INFO">gender</msg>
<arg>${key}</arg>
<doc>Logs the given message with the given level.</doc>
<status status="PASS" start="2024-06-10T19:12:43.344169" elapsed="0.000166"/>
</kw>
<var name="${key}">gender</var>
<status status="PASS" start="2024-06-10T19:12:43.342554" elapsed="0.001995"/>
</iter>
<iter>
<kw name="Dictionary Should Contain Key" owner="Collections">
<msg time="2024-06-10T19:12:43.345240" level="INFO">False</msg>
<arg>${json_data['results'][0]}</arg>
<arg>${key}</arg>
<doc>Fails if ``key`` is not found from ``dictionary``.</doc>
<status status="PASS" start="2024-06-10T19:12:43.344851" elapsed="0.000459"/>
</kw>
<kw name="Log" owner="BuiltIn">
<msg time="2024-06-10T19:12:43.345996" level="INFO">{'gender': 'male', 'name': {'title': 'Mr', 'first': 'Maxx', 'last': 'Van Loveren'}, 'location': {'street': {'number': 8896, 'name': 'Adama van Scheltemaplein'}, 'city': 'Duivendrecht', 'state': 'Flevoland', 'country': 'Netherlands', 'postcode': '9075 WI', 'coordinates': {'latitude': '30.6302', 'longitude': '-40.7773'}, 'timezone': {'offset': '-5:00', 'description': 'Eastern Time (US &amp; Canada), Bogota, Lima'}}, 'email': 'maxx.vanloveren@example.com', 'login': {'uuid': '9d4e0318-39ec-4a94-ba1e-e413e084eb43', 'username': 'beautifulswan900', 'password': 'oxygen', 'salt': 'nK3UOLqo', 'md5': '1d7c0f517eae553d685bbe67fbd3b431', 'sha1': 'ab80d6170e63101cfe8698661c4e61fd39cad6ee', 'sha256': '611e07b5e571efbfce00f850dc09fa86d10d555611942339af092c23c4d9e023'}, 'dob': {'date': '1959-04-01T23:16:36.449Z', 'age': 65}, 'registered': {'date': '2004-08-09T05:01:31.869Z', 'age': 19}, 'phone': '(080) 5297213', 'cell': '(06) 65737009', 'id': {'name': 'BSN', 'value': '67053524'}, 'picture': {'large': 'https://randomuser.me/api/portraits/men/22.jpg', 'medium': 'https://randomuser.me/api/portraits/med/men/22.jpg', 'thumbnail': 'https://randomuser.me/api/portraits/thumb/men/22.jpg'}, 'nat': 'NL'}</msg>
<arg>${json_data['results'][0]}</arg>
<doc>Logs the given message with the given level.</doc>
<status status="PASS" start="2024-06-10T19:12:43.345613" elapsed="0.000442"/>
</kw>
<kw name="Log" owner="BuiltIn">
<msg time="2024-06-10T19:12:43.346477" level="INFO">name</msg>
<arg>${key}</arg>
<doc>Logs the given message with the given level.</doc>
<status status="PASS" start="2024-06-10T19:12:43.346351" elapsed="0.000162"/>
</kw>
<var name="${key}">name</var>
<status status="PASS" start="2024-06-10T19:12:43.344736" elapsed="0.002000"/>
</iter>
<iter>
<kw name="Dictionary Should Contain Key" owner="Collections">
<msg time="2024-06-10T19:12:43.347405" level="INFO">False</msg>
<arg>${json_data['results'][0]}</arg>
<arg>${key}</arg>
<doc>Fails if ``key`` is not found from ``dictionary``.</doc>
<status status="PASS" start="2024-06-10T19:12:43.347029" elapsed="0.000413"/>
</kw>
<kw name="Log" owner="BuiltIn">
<msg time="2024-06-10T19:12:43.348106" level="INFO">{'gender': 'male', 'name': {'title': 'Mr', 'first': 'Maxx', 'last': 'Van Loveren'}, 'location': {'street': {'number': 8896, 'name': 'Adama van Scheltemaplein'}, 'city': 'Duivendrecht', 'state': 'Flevoland', 'country': 'Netherlands', 'postcode': '9075 WI', 'coordinates': {'latitude': '30.6302', 'longitude': '-40.7773'}, 'timezone': {'offset': '-5:00', 'description': 'Eastern Time (US &amp; Canada), Bogota, Lima'}}, 'email': 'maxx.vanloveren@example.com', 'login': {'uuid': '9d4e0318-39ec-4a94-ba1e-e413e084eb43', 'username': 'beautifulswan900', 'password': 'oxygen', 'salt': 'nK3UOLqo', 'md5': '1d7c0f517eae553d685bbe67fbd3b431', 'sha1': 'ab80d6170e63101cfe8698661c4e61fd39cad6ee', 'sha256': '611e07b5e571efbfce00f850dc09fa86d10d555611942339af092c23c4d9e023'}, 'dob': {'date': '1959-04-01T23:16:36.449Z', 'age': 65}, 'registered': {'date': '2004-08-09T05:01:31.869Z', 'age': 19}, 'phone': '(080) 5297213', 'cell': '(06) 65737009', 'id': {'name': 'BSN', 'value': '67053524'}, 'picture': {'large': 'https://randomuser.me/api/portraits/men/22.jpg', 'medium': 'https://randomuser.me/api/portraits/med/men/22.jpg', 'thumbnail': 'https://randomuser.me/api/portraits/thumb/men/22.jpg'}, 'nat': 'NL'}</msg>
<arg>${json_data['results'][0]}</arg>
<doc>Logs the given message with the given level.</doc>
<status status="PASS" start="2024-06-10T19:12:43.347743" elapsed="0.000410"/>
</kw>
<kw name="Log" owner="BuiltIn">
<msg time="2024-06-10T19:12:43.348568" level="INFO">location</msg>
<arg>${key}</arg>
<doc>Logs the given message with the given level.</doc>
<status status="PASS" start="2024-06-10T19:12:43.348443" elapsed="0.000162"/>
</kw>
<var name="${key}">location</var>
<status status="PASS" start="2024-06-10T19:12:43.346917" elapsed="0.001902"/>
</iter>
<iter>
<kw name="Dictionary Should Contain Key" owner="Collections">
<msg time="2024-06-10T19:12:43.349595" level="INFO">False</msg>
<arg>${json_data['results'][0]}</arg>
<arg>${key}</arg>
<doc>Fails if ``key`` is not found from ``dictionary``.</doc>
<status status="PASS" start="2024-06-10T19:12:43.349099" elapsed="0.000534"/>
</kw>
<kw name="Log" owner="BuiltIn">
<msg time="2024-06-10T19:12:43.350329" level="INFO">{'gender': 'male', 'name': {'title': 'Mr', 'first': 'Maxx', 'last': 'Van Loveren'}, 'location': {'street': {'number': 8896, 'name': 'Adama van Scheltemaplein'}, 'city': 'Duivendrecht', 'state': 'Flevoland', 'country': 'Netherlands', 'postcode': '9075 WI', 'coordinates': {'latitude': '30.6302', 'longitude': '-40.7773'}, 'timezone': {'offset': '-5:00', 'description': 'Eastern Time (US &amp; Canada), Bogota, Lima'}}, 'email': 'maxx.vanloveren@example.com', 'login': {'uuid': '9d4e0318-39ec-4a94-ba1e-e413e084eb43', 'username': 'beautifulswan900', 'password': 'oxygen', 'salt': 'nK3UOLqo', 'md5': '1d7c0f517eae553d685bbe67fbd3b431', 'sha1': 'ab80d6170e63101cfe8698661c4e61fd39cad6ee', 'sha256': '611e07b5e571efbfce00f850dc09fa86d10d555611942339af092c23c4d9e023'}, 'dob': {'date': '1959-04-01T23:16:36.449Z', 'age': 65}, 'registered': {'date': '2004-08-09T05:01:31.869Z', 'age': 19}, 'phone': '(080) 5297213', 'cell': '(06) 65737009', 'id': {'name': 'BSN', 'value': '67053524'}, 'picture': {'large': 'https://randomuser.me/api/portraits/men/22.jpg', 'medium': 'https://randomuser.me/api/portraits/med/men/22.jpg', 'thumbnail': 'https://randomuser.me/api/portraits/thumb/men/22.jpg'}, 'nat': 'NL'}</msg>
<arg>${json_data['results'][0]}</arg>
<doc>Logs the given message with the given level.</doc>
<status status="PASS" start="2024-06-10T19:12:43.349963" elapsed="0.000416"/>
</kw>
<kw name="Log" owner="BuiltIn">
<msg time="2024-06-10T19:12:43.350801" level="INFO">email</msg>
<arg>${key}</arg>
<doc>Logs the given message with the given level.</doc>
<status status="PASS" start="2024-06-10T19:12:43.350675" elapsed="0.000163"/>
</kw>
<var name="${key}">email</var>
<status status="PASS" start="2024-06-10T19:12:43.348989" elapsed="0.002059"/>
</iter>
<iter>
<kw name="Dictionary Should Contain Key" owner="Collections">
<msg time="2024-06-10T19:12:43.351706" level="INFO">False</msg>
<arg>${json_data['results'][0]}</arg>
<arg>${key}</arg>
<doc>Fails if ``key`` is not found from ``dictionary``.</doc>
<status status="PASS" start="2024-06-10T19:12:43.351330" elapsed="0.000413"/>
</kw>
<kw name="Log" owner="BuiltIn">
<msg time="2024-06-10T19:12:43.352394" level="INFO">{'gender': 'male', 'name': {'title': 'Mr', 'first': 'Maxx', 'last': 'Van Loveren'}, 'location': {'street': {'number': 8896, 'name': 'Adama van Scheltemaplein'}, 'city': 'Duivendrecht', 'state': 'Flevoland', 'country': 'Netherlands', 'postcode': '9075 WI', 'coordinates': {'latitude': '30.6302', 'longitude': '-40.7773'}, 'timezone': {'offset': '-5:00', 'description': 'Eastern Time (US &amp; Canada), Bogota, Lima'}}, 'email': 'maxx.vanloveren@example.com', 'login': {'uuid': '9d4e0318-39ec-4a94-ba1e-e413e084eb43', 'username': 'beautifulswan900', 'password': 'oxygen', 'salt': 'nK3UOLqo', 'md5': '1d7c0f517eae553d685bbe67fbd3b431', 'sha1': 'ab80d6170e63101cfe8698661c4e61fd39cad6ee', 'sha256': '611e07b5e571efbfce00f850dc09fa86d10d555611942339af092c23c4d9e023'}, 'dob': {'date': '1959-04-01T23:16:36.449Z', 'age': 65}, 'registered': {'date': '2004-08-09T05:01:31.869Z', 'age': 19}, 'phone': '(080) 5297213', 'cell': '(06) 65737009', 'id': {'name': 'BSN', 'value': '67053524'}, 'picture': {'large': 'https://randomuser.me/api/portraits/men/22.jpg', 'medium': 'https://randomuser.me/api/portraits/med/men/22.jpg', 'thumbnail': 'https://randomuser.me/api/portraits/thumb/men/22.jpg'}, 'nat': 'NL'}</msg>
<arg>${json_data['results'][0]}</arg>
<doc>Logs the given message with the given level.</doc>
<status status="PASS" start="2024-06-10T19:12:43.352036" elapsed="0.000406"/>
</kw>
<kw name="Log" owner="BuiltIn">
<msg time="2024-06-10T19:12:43.352898" level="INFO">login</msg>
<arg>${key}</arg>
<doc>Logs the given message with the given level.</doc>
<status status="PASS" start="2024-06-10T19:12:43.352766" elapsed="0.000170"/>
</kw>
<var name="${key}">login</var>
<status status="PASS" start="2024-06-10T19:12:43.351220" elapsed="0.001932"/>
</iter>
<var>${key}</var>
<value>@{expected_keys}</value>
<status status="PASS" start="2024-06-10T19:12:43.342357" elapsed="0.010917"/>
</for>
<kw name="Create List" owner="BuiltIn">
<msg time="2024-06-10T19:12:43.353604" level="INFO">${expected_keysTwo} = ['username', 'password']</msg>
<var>${expected_keysTwo}</var>
<arg>username</arg>
<arg>password</arg>
<doc>Returns a list containing given items.</doc>
<status status="PASS" start="2024-06-10T19:12:43.353469" elapsed="0.000158"/>
</kw>
<for flavor="IN">
<iter>
<kw name="Dictionary Should Contain Key" owner="Collections">
<msg time="2024-06-10T19:12:43.354542" level="INFO">False</msg>
<arg>${json_data['results'][0]['login']}</arg>
<arg>${keyTwo}</arg>
<doc>Fails if ``key`` is not found from ``dictionary``.</doc>
<status status="PASS" start="2024-06-10T19:12:43.354157" elapsed="0.000421"/>
</kw>
<kw name="Dictionary Should Contain Key" owner="Collections">
<msg time="2024-06-10T19:12:43.355250" level="INFO">False</msg>
<arg>${json_data['results'][0]['login']}</arg>
<arg>${keyTwo}</arg>
<doc>Fails if ``key`` is not found from ``dictionary``.</doc>
<status status="PASS" start="2024-06-10T19:12:43.354873" elapsed="0.000413"/>
</kw>
<kw name="Log" owner="BuiltIn">
<msg time="2024-06-10T19:12:43.355707" level="INFO">username</msg>
<arg>${keyTwo}</arg>
<doc>Logs the given message with the given level.</doc>
<status status="PASS" start="2024-06-10T19:12:43.355578" elapsed="0.000166"/>
</kw>
<var name="${keyTwo}">username</var>
<status status="PASS" start="2024-06-10T19:12:43.354047" elapsed="0.001910"/>
</iter>
<iter>
<kw name="Dictionary Should Contain Key" owner="Collections">
<msg time="2024-06-10T19:12:43.356614" level="INFO">False</msg>
<arg>${json_data['results'][0]['login']}</arg>
<arg>${keyTwo}</arg>
<doc>Fails if ``key`` is not found from ``dictionary``.</doc>
<status status="PASS" start="2024-06-10T19:12:43.356239" elapsed="0.000413"/>
</kw>
<kw name="Dictionary Should Contain Key" owner="Collections">
<msg time="2024-06-10T19:12:43.357321" level="INFO">False</msg>
<arg>${json_data['results'][0]['login']}</arg>
<arg>${keyTwo}</arg>
<doc>Fails if ``key`` is not found from ``dictionary``.</doc>
<status status="PASS" start="2024-06-10T19:12:43.356944" elapsed="0.000414"/>
</kw>
<kw name="Log" owner="BuiltIn">
<msg time="2024-06-10T19:12:43.357801" level="INFO">password</msg>
<arg>${keyTwo}</arg>
<doc>Logs the given message with the given level.</doc>
<status status="PASS" start="2024-06-10T19:12:43.357650" elapsed="0.000189"/>
</kw>
<var name="${keyTwo}">password</var>
<status status="PASS" start="2024-06-10T19:12:43.356124" elapsed="0.001939"/>
</iter>
<var>${keyTwo}</var>
<value>@{expected_keysTwo}</value>
<status status="PASS" start="2024-06-10T19:12:43.353894" elapsed="0.004287"/>
</for>
<status status="PASS" start="2024-06-10T19:12:43.237907" elapsed="0.120413"/>
</kw>
<doc>Testa a estrutura da resposta da API.</doc>
<tag>testeEstruturaResposta</tag>
<status status="PASS" start="2024-06-10T19:12:43.237355" elapsed="0.121119"/>
</test>
<test id="s1-s1-t4" name="Validar tipos de dados" line="28">
<kw name="Teste de Tipos de Dados" owner="random-user-service">
<kw name="GET On Session" owner="RequestsLibrary">
<msg time="2024-06-10T19:12:43.438222" level="INFO">GET Request : url=https://randomuser.me/api 
 path_url=/api 
 headers={'User-Agent': 'python-requests/2.32.3', 'Accept-Encoding': 'gzip, deflate', 'Accept': '*/*', 'Connection': 'keep-alive'} 
 body=None 
 </msg>
<msg time="2024-06-10T19:12:43.438310" level="INFO">GET Response : url=https://randomuser.me/api 
 status=200, reason=OK 
 headers={'Date': 'Mon, 10 Jun 2024 19:12:43 GMT', 'Content-Type': 'application/json; charset=utf-8', 'Transfer-Encoding': 'chunked', 'Connection': 'keep-alive', 'X-Powered-By': 'Express', 'Access-Control-Allow-Origin': '*', 'Cache-Control': 'no-cache', 'ETag': 'W/"48a-TAlSgwDFzsRGv+wfEUiw1NoLjHw"', 'Vary': 'Accept-Encoding', 'Content-Encoding': 'gzip', 'CF-Cache-Status': 'DYNAMIC', 'Report-To': '{"endpoints":[{"url":"https:\\/\\/a.nel.cloudflare.com\\/report\\/v4?s=avBBknkIuU9t6vmK%2B5iDRj6a0n4c1oOCwonZiyXNh%2FMv725QbEr167gjR8gmJLsI2iU9JUigL0boUtN1F1uxSELgOnduLy0LJ8SMDnJ7prvklKVcEHcJsmwzrbxV0pTZ"}],"group":"cf-nel","max_age":604800}', 'NEL': '{"success_fraction":0,"report_to":"cf-nel","max_age":604800}', 'Server': 'cloudflare', 'CF-RAY': '891bacaf0ea41142-ORD', 'alt-svc': 'h3=":443"; ma=86400'} 
 body={"results":[{"gender":"female","name":{"title":"Ms","first":"Petra","last":"Scheie"},"location":{"street":{"number":1906,"name":"Nordhagaveien"},"city":"Hægeland","state":"Troms - Romsa","country":"Norway","postcode":"2965","coordinates":{"latitude":"40.2056","longitude":"130.1578"},"timezone":{"offset":"+4:00","description":"Abu Dhabi, Muscat, Baku, Tbilisi"}},"email":"petra.scheie@example.com","login":{"uuid":"cbca395d-5a36-4ab4-9598-f0a40e4b3aa1","username":"orangezebra100","password":"marisa","salt":"NmzPStvu","md5":"1cfcf5b597d82b5c57a739eee1ddc186","sha1":"3011174ba449d0a196b057c167b23eb48c3b120c","sha256":"448340454fc470be29ef163a89b75a2ff234ea874b15d9a71d13aa355f147cf2"},"dob":{"date":"1982-06-11T16:50:21.294Z","age":41},"registered":{"date":"2007-08-07T01:30:18.411Z","age":16},"phone":"82726604","cell":"95066146","id":{"name":"FN","value":"11068219827"},"picture":{"large":"https://randomuser.me/api/portraits/women/3.jpg","medium":"https://randomuser.me/api/portraits/med/women/3.jpg","thumbnail":"https://randomuser.me/api/portraits/thumb/women/3.jpg"},"nat":"NO"}],"info":{"seed":"67b0a8bcf5d6337b","results":1,"page":1,"version":"1.4"}} 
 </msg>
<msg time="2024-06-10T19:12:43.438396" level="INFO">/opt/hostedtoolcache/Python/3.12.3/x64/lib/python3.12/site-packages/urllib3/connectionpool.py:1103: InsecureRequestWarning: Unverified HTTPS request is being made to host 'randomuser.me'. Adding certificate verification is strongly advised. See: https://urllib3.readthedocs.io/en/latest/advanced-usage.html#tls-warnings
  warnings.warn(</msg>
<msg time="2024-06-10T19:12:43.438516" level="INFO">${response} = &lt;Response [200]&gt;</msg>
<var>${response}</var>
<arg>consultarAPI</arg>
<arg>/api</arg>
<doc>Sends a GET request on a previously created HTTP Session.</doc>
<status status="PASS" start="2024-06-10T19:12:43.361037" elapsed="0.077519"/>
</kw>
<kw name="Set Variable" owner="BuiltIn">
<msg time="2024-06-10T19:12:43.439508" level="INFO">${json_data} = {'results': [{'gender': 'female', 'name': {'title': 'Ms', 'first': 'Petra', 'last': 'Scheie'}, 'location': {'street': {'number': 1906, 'name': 'Nordhagaveien'}, 'city': 'Hægeland', 'state': 'Troms - R...</msg>
<var>${json_data}</var>
<arg>${response.json()}</arg>
<doc>Returns the given values which can then be assigned to a variables.</doc>
<status status="PASS" start="2024-06-10T19:12:43.439031" elapsed="0.000506"/>
</kw>
<kw name="Log" owner="BuiltIn">
<msg time="2024-06-10T19:12:43.440024" level="INFO">{'results': [{'gender': 'female', 'name': {'title': 'Ms', 'first': 'Petra', 'last': 'Scheie'}, 'location': {'street': {'number': 1906, 'name': 'Nordhagaveien'}, 'city': 'Hægeland', 'state': 'Troms - Romsa', 'country': 'Norway', 'postcode': '2965', 'coordinates': {'latitude': '40.2056', 'longitude': '130.1578'}, 'timezone': {'offset': '+4:00', 'description': 'Abu Dhabi, Muscat, Baku, Tbilisi'}}, 'email': 'petra.scheie@example.com', 'login': {'uuid': 'cbca395d-5a36-4ab4-9598-f0a40e4b3aa1', 'username': 'orangezebra100', 'password': 'marisa', 'salt': 'NmzPStvu', 'md5': '1cfcf5b597d82b5c57a739eee1ddc186', 'sha1': '3011174ba449d0a196b057c167b23eb48c3b120c', 'sha256': '448340454fc470be29ef163a89b75a2ff234ea874b15d9a71d13aa355f147cf2'}, 'dob': {'date': '1982-06-11T16:50:21.294Z', 'age': 41}, 'registered': {'date': '2007-08-07T01:30:18.411Z', 'age': 16}, 'phone': '82726604', 'cell': '95066146', 'id': {'name': 'FN', 'value': '11068219827'}, 'picture': {'large': 'https://randomuser.me/api/portraits/women/3.jpg', 'medium': 'https://randomuser.me/api/portraits/med/women/3.jpg', 'thumbnail': 'https://randomuser.me/api/portraits/thumb/women/3.jpg'}, 'nat': 'NO'}], 'info': {'seed': '67b0a8bcf5d6337b', 'results': 1, 'page': 1, 'version': '1.4'}}</msg>
<arg>${json_data}</arg>
<doc>Logs the given message with the given level.</doc>
<status status="PASS" start="2024-06-10T19:12:43.439864" elapsed="0.000244"/>
</kw>
<kw name="Should Be String" owner="String">
<arg>${json_data['results'][0]['gender']}</arg>
<doc>Fails if the given ``item`` is not a string.</doc>
<status status="PASS" start="2024-06-10T19:12:43.440420" elapsed="0.000365"/>
</kw>
<kw name="Should Match Regexp" owner="BuiltIn">
<arg>${json_data['results'][0]['email']}</arg>
<arg>^[a-zA-Z0-9._%+-]+@[a-zA-Z0-9.-]+\.[a-zA-Z]{2,}$</arg>
<doc>Fails if ``string`` does not match ``pattern`` as a regular expression.</doc>
<status status="PASS" start="2024-06-10T19:12:43.440976" elapsed="0.000639"/>
</kw>
<kw name="Should Match Regexp" owner="BuiltIn">
<arg>${json_data['results'][0]['dob']['date']}</arg>
<arg>\\d{4}-\\d{2}-\\d{2}T\\d{2}:\\d{2}:\\d{2}\\.\\d{3}Z</arg>
<doc>Fails if ``string`` does not match ``pattern`` as a regular expression.</doc>
<status status="PASS" start="2024-06-10T19:12:43.441844" elapsed="0.000505"/>
</kw>
<kw name="Should Match Regexp" owner="BuiltIn">
<arg>${json_data['results'][0]['registered']['date']}</arg>
<arg>\\d{4}-\\d{2}-\\d{2}T\\d{2}:\\d{2}:\\d{2}\\.\\d{3}Z</arg>
<doc>Fails if ``string`` does not match ``pattern`` as a regular expression.</doc>
<status status="PASS" start="2024-06-10T19:12:43.442546" elapsed="0.000375"/>
</kw>
<kw name="Should Match Regexp" owner="BuiltIn">
<arg>${json_data['results'][0]['picture']['large']}</arg>
<arg>^https?://.*\.(?:png|jpe?g|gif|bmp)$</arg>
<doc>Fails if ``string`` does not match ``pattern`` as a regular expression.</doc>
<status status="PASS" start="2024-06-10T19:12:43.443111" elapsed="0.000468"/>
</kw>
<kw name="Should Match Regexp" owner="BuiltIn">
<arg>${json_data['results'][0]['picture']['medium']}</arg>
<arg>^https?://.*\.(?:png|jpe?g|gif|bmp)$</arg>
<doc>Fails if ``string`` does not match ``pattern`` as a regular expression.</doc>
<status status="PASS" start="2024-06-10T19:12:43.443771" elapsed="0.000362"/>
</kw>
<kw name="Should Match Regexp" owner="BuiltIn">
<arg>${json_data['results'][0]['picture']['thumbnail']}</arg>
<arg>^https?://.*\.(?:png|jpe?g|gif|bmp)$</arg>
<doc>Fails if ``string`` does not match ``pattern`` as a regular expression.</doc>
<status status="PASS" start="2024-06-10T19:12:43.444331" elapsed="0.000349"/>
</kw>
<kw name="Log" owner="BuiltIn">
<msg time="2024-06-10T19:12:43.445185" level="INFO">{'large': 'https://randomuser.me/api/portraits/women/3.jpg', 'medium': 'https://randomuser.me/api/portraits/med/women/3.jpg', 'thumbnail': 'https://randomuser.me/api/portraits/thumb/women/3.jpg'}</msg>
<arg>${json_data['results'][0]['picture']}</arg>
<doc>Logs the given message with the given level.</doc>
<status status="PASS" start="2024-06-10T19:12:43.444860" elapsed="0.000366"/>
</kw>
<status status="PASS" start="2024-06-10T19:12:43.360804" elapsed="0.084683"/>
</kw>
<kw name="Teste de Tipos de Dados - Postcode" owner="random-user-service">
<kw name="GET On Session" owner="RequestsLibrary">
<msg time="2024-06-10T19:12:43.534674" level="INFO">GET Request : url=https://randomuser.me/api 
 path_url=/api 
 headers={'User-Agent': 'python-requests/2.32.3', 'Accept-Encoding': 'gzip, deflate', 'Accept': '*/*', 'Connection': 'keep-alive'} 
 body=None 
 </msg>
<msg time="2024-06-10T19:12:43.534780" level="INFO">GET Response : url=https://randomuser.me/api 
 status=200, reason=OK 
 headers={'Date': 'Mon, 10 Jun 2024 19:12:43 GMT', 'Content-Type': 'application/json; charset=utf-8', 'Transfer-Encoding': 'chunked', 'Connection': 'keep-alive', 'X-Powered-By': 'Express', 'Access-Control-Allow-Origin': '*', 'Cache-Control': 'no-cache', 'ETag': 'W/"483-Hp488rJRXDBG0nZH4prxZyT77Gs"', 'Vary': 'Accept-Encoding', 'Content-Encoding': 'gzip', 'CF-Cache-Status': 'DYNAMIC', 'Report-To': '{"endpoints":[{"url":"https:\\/\\/a.nel.cloudflare.com\\/report\\/v4?s=WcZXqe8VOyys8N5t8z2CjksKr4EPS9KKP8%2FEfRaf9qf3VQMtyLRRLWUc2SQbk0BI5llZJtbwNgQVY9owO7NSoS0MTmOx12VMlWhHVMJ1PywDdyo%2BBpns6OfHJUZyHEnY"}],"group":"cf-nel","max_age":604800}', 'NEL': '{"success_fraction":0,"report_to":"cf-nel","max_age":604800}', 'Server': 'cloudflare', 'CF-RAY': '891bacaf8fd11142-ORD', 'alt-svc': 'h3=":443"; ma=86400'} 
 body={"results":[{"gender":"female","name":{"title":"Mrs","first":"Ivana","last":"Ćirković"},"location":{"street":{"number":3583,"name":"Trajkova"},"city":"Rača","state":"Pomoravlje","country":"Serbia","postcode":77393,"coordinates":{"latitude":"62.6529","longitude":"114.1431"},"timezone":{"offset":"+2:00","description":"Kaliningrad, South Africa"}},"email":"ivana.cirkovic@example.com","login":{"uuid":"41585da9-b2b8-4fdc-af50-52ab90e15d1c","username":"angrygoose226","password":"drum","salt":"iTH8ZXQ0","md5":"b597388bd2af19822f950e3e1edc199e","sha1":"53a487032fd41171e058da511c9a4df499dc813c","sha256":"837791766f350eb944dcd5a3ecce293bd3d4e7599f20bc4935b86b351d3222e0"},"dob":{"date":"1981-09-10T07:55:07.787Z","age":42},"registered":{"date":"2016-11-01T16:01:54.697Z","age":7},"phone":"019-0380-798","cell":"066-4433-001","id":{"name":"SID","value":"395266566"},"picture":{"large":"https://randomuser.me/api/portraits/women/54.jpg","medium":"https://randomuser.me/api/portraits/med/women/54.jpg","thumbnail":"https://randomuser.me/api/portraits/thumb/women/54.jpg"},"nat":"RS"}],"info":{"seed":"92239e243aca9d5f","results":1,"page":1,"version":"1.4"}} 
 </msg>
<msg time="2024-06-10T19:12:43.534866" level="INFO">/opt/hostedtoolcache/Python/3.12.3/x64/lib/python3.12/site-packages/urllib3/connectionpool.py:1103: InsecureRequestWarning: Unverified HTTPS request is being made to host 'randomuser.me'. Adding certificate verification is strongly advised. See: https://urllib3.readthedocs.io/en/latest/advanced-usage.html#tls-warnings
  warnings.warn(</msg>
<msg time="2024-06-10T19:12:43.535016" level="INFO">${response} = &lt;Response [200]&gt;</msg>
<var>${response}</var>
<arg>consultarAPI</arg>
<arg>/api</arg>
<doc>Sends a GET request on a previously created HTTP Session.</doc>
<status status="PASS" start="2024-06-10T19:12:43.445972" elapsed="0.089084"/>
</kw>
<kw name="Set Variable" owner="BuiltIn">
<msg time="2024-06-10T19:12:43.536406" level="INFO">${json_data} = {'results': [{'gender': 'female', 'name': {'title': 'Mrs', 'first': 'Ivana', 'last': 'Ćirković'}, 'location': {'street': {'number': 3583, 'name': 'Trajkova'}, 'city': 'Rača', 'state': 'Pomoravlje', 'c...</msg>
<var>${json_data}</var>
<arg>${response.json()}</arg>
<doc>Returns the given values which can then be assigned to a variables.</doc>
<status status="PASS" start="2024-06-10T19:12:43.535668" elapsed="0.000773"/>
</kw>
<kw name="Log" owner="BuiltIn">
<msg time="2024-06-10T19:12:43.536974" level="INFO">{'results': [{'gender': 'female', 'name': {'title': 'Mrs', 'first': 'Ivana', 'last': 'Ćirković'}, 'location': {'street': {'number': 3583, 'name': 'Trajkova'}, 'city': 'Rača', 'state': 'Pomoravlje', 'country': 'Serbia', 'postcode': 77393, 'coordinates': {'latitude': '62.6529', 'longitude': '114.1431'}, 'timezone': {'offset': '+2:00', 'description': 'Kaliningrad, South Africa'}}, 'email': 'ivana.cirkovic@example.com', 'login': {'uuid': '41585da9-b2b8-4fdc-af50-52ab90e15d1c', 'username': 'angrygoose226', 'password': 'drum', 'salt': 'iTH8ZXQ0', 'md5': 'b597388bd2af19822f950e3e1edc199e', 'sha1': '53a487032fd41171e058da511c9a4df499dc813c', 'sha256': '837791766f350eb944dcd5a3ecce293bd3d4e7599f20bc4935b86b351d3222e0'}, 'dob': {'date': '1981-09-10T07:55:07.787Z', 'age': 42}, 'registered': {'date': '2016-11-01T16:01:54.697Z', 'age': 7}, 'phone': '019-0380-798', 'cell': '066-4433-001', 'id': {'name': 'SID', 'value': '395266566'}, 'picture': {'large': 'https://randomuser.me/api/portraits/women/54.jpg', 'medium': 'https://randomuser.me/api/portraits/med/women/54.jpg', 'thumbnail': 'https://randomuser.me/api/portraits/thumb/women/54.jpg'}, 'nat': 'RS'}], 'info': {'seed': '92239e243aca9d5f', 'results': 1, 'page': 1, 'version': '1.4'}}</msg>
<arg>${json_data}</arg>
<doc>Logs the given message with the given level.</doc>
<status status="PASS" start="2024-06-10T19:12:43.536801" elapsed="0.000260"/>
</kw>
<kw name="Should Be Equal As Numbers" owner="BuiltIn">
<arg>${json_data['results'][0]['location']['postcode']}</arg>
<arg>${json_data['results'][0]['location']['postcode']}</arg>
<doc>Fails if objects are unequal after converting them to real numbers.</doc>
<status status="PASS" start="2024-06-10T19:12:43.537385" elapsed="0.000697"/>
</kw>
<kw name="Log" owner="BuiltIn">
<msg time="2024-06-10T19:12:43.538632" level="INFO">77393</msg>
<arg>${json_data['results'][0]['location']['postcode']}</arg>
<doc>Logs the given message with the given level.</doc>
<status status="PASS" start="2024-06-10T19:12:43.538287" elapsed="0.000386"/>
</kw>
<status status="PASS" start="2024-06-10T19:12:43.445727" elapsed="0.093207"/>
</kw>
<doc>Testa se os tipos de dados na resposta da API estão corretos.</doc>
<tag>testeTiposDados</tag>
<status status="PASS" start="2024-06-10T19:12:43.360269" elapsed="0.178835"/>
</test>
<test id="s1-s1-t5" name="Validar conteudo" line="35">
<kw name="Teste de Tipos de Conteudo" owner="random-user-service">
<kw name="GET On Session" owner="RequestsLibrary">
<msg time="2024-06-10T19:12:43.631229" level="INFO">GET Request : url=https://randomuser.me/api 
 path_url=/api 
 headers={'User-Agent': 'python-requests/2.32.3', 'Accept-Encoding': 'gzip, deflate', 'Accept': '*/*', 'Connection': 'keep-alive'} 
 body=None 
 </msg>
<msg time="2024-06-10T19:12:43.631325" level="INFO">GET Response : url=https://randomuser.me/api 
 status=200, reason=OK 
 headers={'Date': 'Mon, 10 Jun 2024 19:12:43 GMT', 'Content-Type': 'application/json; charset=utf-8', 'Transfer-Encoding': 'chunked', 'Connection': 'keep-alive', 'X-Powered-By': 'Express', 'Access-Control-Allow-Origin': '*', 'Cache-Control': 'no-cache', 'ETag': 'W/"49c-AO+bpK59yiXEOCXG9f9j293iNiU"', 'Vary': 'Accept-Encoding', 'Content-Encoding': 'gzip', 'CF-Cache-Status': 'DYNAMIC', 'Report-To': '{"endpoints":[{"url":"https:\\/\\/a.nel.cloudflare.com\\/report\\/v4?s=3NwrgSiQYLnOeiC3lmIrfxTCO%2FBwfVQd2qh2g3i25pubridgbeZ4H%2F9u%2Bi7rnjVkKaH3Qefz5by%2FjyZ4XKbOyWeED5tWvkUDDdUM4qzbVpsZxeUmurHnMhkMOy0xrTCf"}],"group":"cf-nel","max_age":604800}', 'NEL': '{"success_fraction":0,"report_to":"cf-nel","max_age":604800}', 'Server': 'cloudflare', 'CF-RAY': '891bacb028bd1142-ORD', 'alt-svc': 'h3=":443"; ma=86400'} 
 body={"results":[{"gender":"female","name":{"title":"Ms","first":"Minttu","last":"Pulli"},"location":{"street":{"number":7683,"name":"Otavalankatu"},"city":"Hämeenkyrö","state":"Northern Ostrobothnia","country":"Finland","postcode":64521,"coordinates":{"latitude":"-29.3911","longitude":"169.8551"},"timezone":{"offset":"+2:00","description":"Kaliningrad, South Africa"}},"email":"minttu.pulli@example.com","login":{"uuid":"abc8c826-99aa-4175-938e-0c4a748bb4bb","username":"tinybear820","password":"lilith","salt":"MNQfBtLn","md5":"cbe449b3ffe62985423dde18bc6630f1","sha1":"00a0c467d47fa88b6cf136fc6bb23abb8575b282","sha256":"d7701977dc391897c626cd485e51fa7694fced175f5264e202bf1f46c936ef94"},"dob":{"date":"1961-04-17T18:08:38.393Z","age":63},"registered":{"date":"2016-01-20T08:16:28.558Z","age":8},"phone":"04-577-277","cell":"042-152-26-97","id":{"name":"HETU","value":"NaNNA606undefined"},"picture":{"large":"https://randomuser.me/api/portraits/women/46.jpg","medium":"https://randomuser.me/api/portraits/med/women/46.jpg","thumbnail":"https://randomuser.me/api/portraits/thumb/women/46.jpg"},"nat":"FI"}],"info":{"seed":"c1477152d60916ed","results":1,"page":1,"version":"1.4"}} 
 </msg>
<msg time="2024-06-10T19:12:43.631398" level="INFO">/opt/hostedtoolcache/Python/3.12.3/x64/lib/python3.12/site-packages/urllib3/connectionpool.py:1103: InsecureRequestWarning: Unverified HTTPS request is being made to host 'randomuser.me'. Adding certificate verification is strongly advised. See: https://urllib3.readthedocs.io/en/latest/advanced-usage.html#tls-warnings
  warnings.warn(</msg>
<msg time="2024-06-10T19:12:43.631541" level="INFO">${response} = &lt;Response [200]&gt;</msg>
<var>${response}</var>
<arg>consultarAPI</arg>
<arg>/api</arg>
<doc>Sends a GET request on a previously created HTTP Session.</doc>
<status status="PASS" start="2024-06-10T19:12:43.541643" elapsed="0.089944"/>
</kw>
<kw name="Set Variable" owner="BuiltIn">
<msg time="2024-06-10T19:12:43.632632" level="INFO">${json_data} = {'results': [{'gender': 'female', 'name': {'title': 'Ms', 'first': 'Minttu', 'last': 'Pulli'}, 'location': {'street': {'number': 7683, 'name': 'Otavalankatu'}, 'city': 'Hämeenkyrö', 'state': 'Northern...</msg>
<var>${json_data}</var>
<arg>${response.json()}</arg>
<doc>Returns the given values which can then be assigned to a variables.</doc>
<status status="PASS" start="2024-06-10T19:12:43.632104" elapsed="0.000560"/>
</kw>
<kw name="Set Variable" owner="BuiltIn">
<msg time="2024-06-10T19:12:43.633419" level="INFO">${name_title} = Ms</msg>
<var>${name_title}</var>
<arg>${json_data["results"][0]["name"]["title"]}</arg>
<doc>Returns the given values which can then be assigned to a variables.</doc>
<status status="PASS" start="2024-06-10T19:12:43.633006" elapsed="0.000440"/>
</kw>
<kw name="Create List" owner="BuiltIn">
<msg time="2024-06-10T19:12:43.633970" level="INFO">${allowed_titles} = ['Mr', 'Ms', 'Miss', 'Mrs', 'Madame', 'Monsieur']</msg>
<var>${allowed_titles}</var>
<arg>Mr</arg>
<arg>Ms</arg>
<arg>Miss</arg>
<arg>Mrs</arg>
<arg>Madame</arg>
<arg>Monsieur</arg>
<doc>Returns a list containing given items.</doc>
<status status="PASS" start="2024-06-10T19:12:43.633809" elapsed="0.000187"/>
</kw>
<kw name="List Should Contain Value" owner="Collections">
<msg time="2024-06-10T19:12:43.634500" level="INFO">False</msg>
<arg>${allowed_titles}</arg>
<arg>${name_title}</arg>
<doc>Fails if the ``value`` is not found from ``list``.</doc>
<status status="PASS" start="2024-06-10T19:12:43.634318" elapsed="0.000220"/>
</kw>
<kw name="Set Variable" owner="BuiltIn">
<msg time="2024-06-10T19:12:43.635421" level="INFO">${name_country} = FI</msg>
<var>${name_country}</var>
<arg>${json_data["results"][0]["nat"]}</arg>
<doc>Returns the given values which can then be assigned to a variables.</doc>
<status status="PASS" start="2024-06-10T19:12:43.634845" elapsed="0.000602"/>
</kw>
<kw name="Create List" owner="BuiltIn">
<msg time="2024-06-10T19:12:43.636360" level="INFO">${list_country} = ['AD', 'AE', 'AF', 'AG', 'AI', 'AL', 'AM', 'AO', 'AQ', 'AR', 'AS', 'AT', 'AU', 'AW', 'AX', 'AZ', 'BA', 'BB', 'BD', 'BE', 'BF', 'BG', 'BH', 'BI', 'BJ', 'BL', 'BM', 'BN', 'BO', 'BQ', 'BR', 'BS', 'BT', '...</msg>
<var>${list_country}</var>
<arg>AD</arg>
<arg>AE</arg>
<arg>AF</arg>
<arg>AG</arg>
<arg>AI</arg>
<arg>AL</arg>
<arg>AM</arg>
<arg>AO</arg>
<arg>AQ</arg>
<arg>AR</arg>
<arg>AS</arg>
<arg>AT</arg>
<arg>AU</arg>
<arg>AW</arg>
<arg>AX</arg>
<arg>AZ</arg>
<arg>BA</arg>
<arg>BB</arg>
<arg>BD</arg>
<arg>BE</arg>
<arg>BF</arg>
<arg>BG</arg>
<arg>BH</arg>
<arg>BI</arg>
<arg>BJ</arg>
<arg>BL</arg>
<arg>BM</arg>
<arg>BN</arg>
<arg>BO</arg>
<arg>BQ</arg>
<arg>BR</arg>
<arg>BS</arg>
<arg>BT</arg>
<arg>BV</arg>
<arg>BW</arg>
<arg>BY</arg>
<arg>BZ</arg>
<arg>CA</arg>
<arg>CC</arg>
<arg>CD</arg>
<arg>CF</arg>
<arg>CG</arg>
<arg>CH</arg>
<arg>CI</arg>
<arg>CK</arg>
<arg>CL</arg>
<arg>CM</arg>
<arg>CN</arg>
<arg>CO</arg>
<arg>CR</arg>
<arg>CU</arg>
<arg>CV</arg>
<arg>CW</arg>
<arg>CX</arg>
<arg>CY</arg>
<arg>CZ</arg>
<arg>DE</arg>
<arg>DJ</arg>
<arg>DK</arg>
<arg>DM</arg>
<arg>DO</arg>
<arg>DZ</arg>
<arg>EC</arg>
<arg>EE</arg>
<arg>EG</arg>
<arg>EH</arg>
<arg>ER</arg>
<arg>ES</arg>
<arg>ET</arg>
<arg>FI</arg>
<arg>FJ</arg>
<arg>FK</arg>
<arg>FM</arg>
<arg>FO</arg>
<arg>FR</arg>
<arg>GA</arg>
<arg>GB</arg>
<arg>GD</arg>
<arg>GE</arg>
<arg>GF</arg>
<arg>GG</arg>
<arg>GH</arg>
<arg>GI</arg>
<arg>GL</arg>
<arg>GM</arg>
<arg>GN</arg>
<arg>GP</arg>
<arg>GQ</arg>
<arg>GR</arg>
<arg>GS</arg>
<arg>GT</arg>
<arg>GU</arg>
<arg>GW</arg>
<arg>GY</arg>
<arg>HK</arg>
<arg>HM</arg>
<arg>HN</arg>
<arg>HR</arg>
<arg>HT</arg>
<arg>HU</arg>
<arg>ID</arg>
<arg>IE</arg>
<arg>IL</arg>
<arg>IM</arg>
<arg>IN</arg>
<arg>IO</arg>
<arg>IQ</arg>
<arg>IR</arg>
<arg>IS</arg>
<arg>IT</arg>
<arg>JE</arg>
<arg>JM</arg>
<arg>JO</arg>
<arg>JP</arg>
<arg>KE</arg>
<arg>KG</arg>
<arg>KH</arg>
<arg>KI</arg>
<arg>KM</arg>
<arg>KN</arg>
<arg>KP</arg>
<arg>KR</arg>
<arg>KW</arg>
<arg>KY</arg>
<arg>KZ</arg>
<arg>LA</arg>
<arg>LB</arg>
<arg>LC</arg>
<arg>LI</arg>
<arg>LK</arg>
<arg>LR</arg>
<arg>LS</arg>
<arg>LT</arg>
<arg>LU</arg>
<arg>LV</arg>
<arg>LY</arg>
<arg>MA</arg>
<arg>MC</arg>
<arg>MD</arg>
<arg>ME</arg>
<arg>MF</arg>
<arg>MG</arg>
<arg>MH</arg>
<arg>MK</arg>
<arg>ML</arg>
<arg>MM</arg>
<arg>MN</arg>
<arg>MO</arg>
<arg>MP</arg>
<arg>MQ</arg>
<arg>MR</arg>
<arg>MS</arg>
<arg>MT</arg>
<arg>MU</arg>
<arg>MV</arg>
<arg>MW</arg>
<arg>MX</arg>
<arg>MY</arg>
<arg>MZ</arg>
<arg>NA</arg>
<arg>NC</arg>
<arg>NE</arg>
<arg>NF</arg>
<arg>NG</arg>
<arg>NI</arg>
<arg>NL</arg>
<arg>NO</arg>
<arg>NP</arg>
<arg>NR</arg>
<arg>NU</arg>
<arg>NZ</arg>
<arg>OM</arg>
<arg>PA</arg>
<arg>PE</arg>
<arg>PF</arg>
<arg>PG</arg>
<arg>PH</arg>
<arg>PK</arg>
<arg>PL</arg>
<arg>PM</arg>
<arg>PN</arg>
<arg>PR</arg>
<arg>PS</arg>
<arg>PT</arg>
<arg>PW</arg>
<arg>PY</arg>
<arg>QA</arg>
<arg>RE</arg>
<arg>RO</arg>
<arg>RS</arg>
<arg>RU</arg>
<arg>RW</arg>
<arg>SA</arg>
<arg>SB</arg>
<arg>SC</arg>
<arg>SD</arg>
<arg>SE</arg>
<arg>SG</arg>
<arg>SH</arg>
<arg>SI</arg>
<arg>SJ</arg>
<arg>SK</arg>
<arg>SL</arg>
<arg>SM</arg>
<arg>SN</arg>
<arg>SO</arg>
<arg>SR</arg>
<arg>SS</arg>
<arg>ST</arg>
<arg>SV</arg>
<arg>SX</arg>
<arg>SY</arg>
<arg>SZ</arg>
<arg>TC</arg>
<arg>TD</arg>
<arg>TF</arg>
<arg>TG</arg>
<arg>TH</arg>
<arg>TJ</arg>
<arg>TK</arg>
<arg>TL</arg>
<arg>TM</arg>
<arg>TN</arg>
<arg>TO</arg>
<arg>TR</arg>
<arg>TT</arg>
<arg>TV</arg>
<arg>TW</arg>
<arg>TZ</arg>
<arg>UA</arg>
<arg>UG</arg>
<arg>UM</arg>
<arg>US</arg>
<arg>UY</arg>
<arg>UZ</arg>
<arg>VA</arg>
<arg>VC</arg>
<arg>VE</arg>
<arg>VG</arg>
<arg>VI</arg>
<arg>VN</arg>
<arg>VU</arg>
<arg>WF</arg>
<arg>WS</arg>
<arg>XK</arg>
<arg>YE</arg>
<arg>YT</arg>
<arg>ZA</arg>
<arg>ZM</arg>
<arg>ZW</arg>
<doc>Returns a list containing given items.</doc>
<status status="PASS" start="2024-06-10T19:12:43.635762" elapsed="0.000625"/>
</kw>
<kw name="List Should Contain Value" owner="Collections">
<msg time="2024-06-10T19:12:43.637390" level="INFO">False</msg>
<arg>${list_country}</arg>
<arg>${name_country}</arg>
<doc>Fails if the ``value`` is not found from ``list``.</doc>
<status status="PASS" start="2024-06-10T19:12:43.637182" elapsed="0.000245"/>
</kw>
<kw name="Run Keyword If" owner="BuiltIn">
<kw name="Should Be True" owner="BuiltIn">
<arg>${True}</arg>
<doc>Fails if the given condition is not true.</doc>
<status status="PASS" start="2024-06-10T19:12:43.638518" elapsed="0.000146"/>
</kw>
<arg>${json_data["results"][0]["location"]["coordinates"]["latitude"]} &gt;= -90 and ${json_data["results"][0]["location"]["coordinates"]["latitude"]} &lt;= 90</arg>
<arg>Should Be True</arg>
<arg>${True}</arg>
<doc>Runs the given keyword with the given arguments, if ``condition`` is true.</doc>
<status status="PASS" start="2024-06-10T19:12:43.637764" elapsed="0.001028"/>
</kw>
<kw name="Run Keyword If" owner="BuiltIn">
<kw name="Should Be True" owner="BuiltIn">
<arg>${True}</arg>
<doc>Fails if the given condition is not true.</doc>
<status status="PASS" start="2024-06-10T19:12:43.639683" elapsed="0.000141"/>
</kw>
<arg>${json_data["results"][0]["location"]["coordinates"]["longitude"]} &gt;= -180 and ${json_data["results"][0]["location"]["coordinates"]["longitude"]} &lt;= 180</arg>
<arg>Should Be True</arg>
<arg>${True}</arg>
<doc>Runs the given keyword with the given arguments, if ``condition`` is true.</doc>
<status status="PASS" start="2024-06-10T19:12:43.638988" elapsed="0.000963"/>
</kw>
<status status="PASS" start="2024-06-10T19:12:43.541398" elapsed="0.098685"/>
</kw>
<doc>Testa o conteúdo específico dos campos retornados pela API.</doc>
<tag>testeConteudo</tag>
<status status="PASS" start="2024-06-10T19:12:43.540883" elapsed="0.099352"/>
</test>
<status status="PASS" start="2024-06-10T19:12:42.798465" elapsed="0.843758"/>
</suite>
<status status="PASS" start="2024-06-10T19:12:42.784551" elapsed="0.862889"/>
</suite>
<statistics>
<total>
<stat pass="5" fail="0" skip="0">All Tests</stat>
</total>
<tag>
<stat pass="1" fail="0" skip="0">testeConteudo</stat>
<stat pass="1" fail="0" skip="0">testeEstruturaResposta</stat>
<stat pass="1" fail="0" skip="0">testeRequisicaoBasica</stat>
<stat pass="1" fail="0" skip="0">testeTiposDados</stat>
</tag>
<suite>
<stat pass="5" fail="0" skip="0" id="s1" name="Tests">Tests</stat>
<stat pass="5" fail="0" skip="0" id="s1-s1" name="Random-User-Test">Tests.Random-User-Test</stat>
</suite>
</statistics>
<errors>
</errors>
</robot>
