<?xml version="1.0" encoding="UTF-8"?>
<robot generator="Robot 7.0.1 (Python 3.12.4 on linux)" generated="2024-07-15T19:13:14.105448" rpa="false" schemaversion="5">
<suite id="s1" name="Tests" source="/home/runner/work/ApiRandomUser/ApiRandomUser/RamdonUser/tests">
<suite id="s1-s1" name="Random-User-Test" source="/home/runner/work/ApiRandomUser/ApiRandomUser/RamdonUser/tests/random-user-test.robot">
<test id="s1-s1-t1" name="Conectar" line="13">
<kw name="Conectar API" owner="random-user-service">
<kw name="Create Session" owner="RequestsLibrary">
<msg time="2024-07-15T19:13:14.520757" level="INFO">Creating Session using : alias=consultarAPI, url=https://randomuser.me/, headers={},                     cookies={}, auth=None, timeout=None, proxies=None, verify=False,                     debug=0 </msg>
<arg>consultarAPI</arg>
<arg>${URL}</arg>
<doc>Create Session: create a HTTP session to a server</doc>
<status status="PASS" start="2024-07-15T19:13:14.520524" elapsed="0.000443"/>
</kw>
<status status="PASS" start="2024-07-15T19:13:14.519448" elapsed="0.001914"/>
</kw>
<status status="PASS" start="2024-07-15T19:13:14.518826" elapsed="0.002742"/>
</test>
<test id="s1-s1-t2" name="Validar retorno 200 e JSON Válido" line="16">
<kw name="Teste de Requisicao Basica" owner="random-user-service">
<kw name="GET On Session" owner="RequestsLibrary">
<msg time="2024-07-15T19:13:14.673040" level="INFO">GET Request : url=https://randomuser.me/api 
 path_url=/api 
 headers={'User-Agent': 'python-requests/2.32.3', 'Accept-Encoding': 'gzip, deflate', 'Accept': '*/*', 'Connection': 'keep-alive'} 
 body=None 
 </msg>
<msg time="2024-07-15T19:13:14.673196" level="INFO">GET Response : url=https://randomuser.me/api 
 status=200, reason=OK 
 headers={'Date': 'Mon, 15 Jul 2024 19:13:14 GMT', 'Content-Type': 'application/json; charset=utf-8', 'Transfer-Encoding': 'chunked', 'Connection': 'keep-alive', 'X-Powered-By': 'Express', 'Access-Control-Allow-Origin': '*', 'Cache-Control': 'no-cache', 'ETag': 'W/"49c-GrvZdRz4zD3mi10eh81eOEXSjMw"', 'Vary': 'Accept-Encoding', 'Content-Encoding': 'gzip', 'CF-Cache-Status': 'DYNAMIC', 'Report-To': '{"endpoints":[{"url":"https:\\/\\/a.nel.cloudflare.com\\/report\\/v4?s=S95ufpPm1YkVpSdAhkok6br7MabEid%2FVuPIg8FBOHOe8tgQQI%2BdSl1XlWtKUqTSibXRoLUWoO73o4m%2FnPqBO9s5bMxW18ZL6yo0xgNuQ%2F8xlnADwSEVhPFkVlnuN57c6"}],"group":"cf-nel","max_age":604800}', 'NEL': '{"success_fraction":0,"report_to":"cf-nel","max_age":604800}', 'Server': 'cloudflare', 'CF-RAY': '8a3c1191fcdd69a9-LAX', 'alt-svc': 'h3=":443"; ma=86400'} 
 body={"results":[{"gender":"female","name":{"title":"Miss","first":"یاسمن","last":"نجاتی"},"location":{"street":{"number":7316,"name":"سباری"},"city":"سبزوار","state":"بوشهر","country":"Iran","postcode":63403,"coordinates":{"latitude":"17.0719","longitude":"110.9538"},"timezone":{"offset":"0:00","description":"Western Europe Time, London, Lisbon, Casablanca"}},"email":"ysmn.njty@example.com","login":{"uuid":"eb27b583-95a9-471b-a494-9d8788afd1d9","username":"brownmeercat874","password":"melvin","salt":"uMLEfT3r","md5":"db6aefbf53d79bddbefcf2ef6f6102dc","sha1":"9f9fb85783db65558507a374406dcf779873466b","sha256":"317e2694579b04c6b2f1192fb026da98bcd6bc6116465273c689fbdb2205af3c"},"dob":{"date":"1973-04-29T23:52:00.868Z","age":51},"registered":{"date":"2011-04-04T14:42:51.692Z","age":13},"phone":"056-98186599","cell":"0961-579-0971","id":{"name":"","value":null},"picture":{"large":"https://randomuser.me/api/portraits/women/52.jpg","medium":"https://randomuser.me/api/portraits/med/women/52.jpg","thumbnail":"https://randomuser.me/api/portraits/thumb/women/52.jpg"},"nat":"IR"}],"info":{"seed":"7e8cd7806ea6168e","results":1,"page":1,"version":"1.4"}} 
 </msg>
<msg time="2024-07-15T19:13:14.673280" level="INFO">/opt/hostedtoolcache/Python/3.12.4/x64/lib/python3.12/site-packages/urllib3/connectionpool.py:1099: InsecureRequestWarning: Unverified HTTPS request is being made to host 'randomuser.me'. Adding certificate verification is strongly advised. See: https://urllib3.readthedocs.io/en/latest/advanced-usage.html#tls-warnings
  warnings.warn(</msg>
<msg time="2024-07-15T19:13:14.673448" level="INFO">${response} = &lt;Response [200]&gt;</msg>
<var>${response}</var>
<arg>consultarAPI</arg>
<arg>/api</arg>
<doc>Sends a GET request on a previously created HTTP Session.</doc>
<status status="PASS" start="2024-07-15T19:13:14.524273" elapsed="0.149217"/>
</kw>
<kw name="Should Be Equal As Numbers" owner="BuiltIn">
<msg time="2024-07-15T19:13:14.674520" level="INFO">Argument types are:
&lt;class 'int'&gt;
&lt;class 'str'&gt;</msg>
<arg>${response.status_code}</arg>
<arg>200</arg>
<doc>Fails if objects are unequal after converting them to real numbers.</doc>
<status status="PASS" start="2024-07-15T19:13:14.674036" elapsed="0.000549"/>
</kw>
<kw name="Log" owner="BuiltIn">
<msg time="2024-07-15T19:13:14.675252" level="INFO">200</msg>
<arg>${response.status_code}</arg>
<doc>Logs the given message with the given level.</doc>
<status status="PASS" start="2024-07-15T19:13:14.674906" elapsed="0.000388"/>
</kw>
<kw name="Set Variable" owner="BuiltIn">
<msg time="2024-07-15T19:13:14.676043" level="INFO">${json_data} = {'results': [{'gender': 'female', 'name': {'title': 'Miss', 'first': 'یاسمن', 'last': 'نجاتی'}, 'location': {'street': {'number': 7316, 'name': 'سباری'}, 'city': 'سبزوار', 'state': 'بوشهر', 'country':...</msg>
<var>${json_data}</var>
<arg>${response.json()}</arg>
<doc>Returns the given values which can then be assigned to a variables.</doc>
<status status="PASS" start="2024-07-15T19:13:14.675599" elapsed="0.000509"/>
</kw>
<kw name="Dictionary Should Contain Key" owner="Collections">
<arg>${json_data}</arg>
<arg>results</arg>
<doc>Fails if ``key`` is not found from ``dictionary``.</doc>
<status status="PASS" start="2024-07-15T19:13:14.676418" elapsed="0.000166"/>
</kw>
<status status="PASS" start="2024-07-15T19:13:14.523980" elapsed="0.152767"/>
</kw>
<doc>Testa se a API responde corretamente e retorna um objeto JSON válido.</doc>
<tag>testeRequisicaoBasica</tag>
<status status="PASS" start="2024-07-15T19:13:14.523474" elapsed="0.153458"/>
</test>
<test id="s1-s1-t3" name="Validar estrutura de resposta" line="22">
<kw name="Teste de Estrutura de Resposta" owner="random-user-service">
<kw name="GET On Session" owner="RequestsLibrary">
<msg time="2024-07-15T19:13:14.780257" level="INFO">GET Request : url=https://randomuser.me/api 
 path_url=/api 
 headers={'User-Agent': 'python-requests/2.32.3', 'Accept-Encoding': 'gzip, deflate', 'Accept': '*/*', 'Connection': 'keep-alive'} 
 body=None 
 </msg>
<msg time="2024-07-15T19:13:14.780411" level="INFO">GET Response : url=https://randomuser.me/api 
 status=200, reason=OK 
 headers={'Date': 'Mon, 15 Jul 2024 19:13:14 GMT', 'Content-Type': 'application/json; charset=utf-8', 'Transfer-Encoding': 'chunked', 'Connection': 'keep-alive', 'X-Powered-By': 'Express', 'Access-Control-Allow-Origin': '*', 'Cache-Control': 'no-cache', 'ETag': 'W/"487-48xUNr7uBBnwAl9VFMhz8GX8GVc"', 'Vary': 'Accept-Encoding', 'Content-Encoding': 'gzip', 'CF-Cache-Status': 'DYNAMIC', 'Report-To': '{"endpoints":[{"url":"https:\\/\\/a.nel.cloudflare.com\\/report\\/v4?s=CsLd%2Bxz1SNsxDIPs%2BKfsgE3gntapWJrgarnVmswoWrHyMna3GzAcS10IS68KU0vitvH1Ue6xM2UzWQxH0gBADSv%2B2ztMSIJmb3BJ0VnivNCxBZrEysvUhzz67m%2BDwHxn"}],"group":"cf-nel","max_age":604800}', 'NEL': '{"success_fraction":0,"report_to":"cf-nel","max_age":604800}', 'Server': 'cloudflare', 'CF-RAY': '8a3c1192cdd069a9-LAX', 'alt-svc': 'h3=":443"; ma=86400'} 
 body={"results":[{"gender":"male","name":{"title":"Mr","first":"Joseph","last":"Jennings"},"location":{"street":{"number":5752,"name":"The Drive"},"city":"Westminster","state":"Durham","country":"United Kingdom","postcode":"ZX88 8PD","coordinates":{"latitude":"-5.4873","longitude":"-148.7300"},"timezone":{"offset":"-2:00","description":"Mid-Atlantic"}},"email":"joseph.jennings@example.com","login":{"uuid":"8759de5b-f020-4a47-b7a8-65ae5ea37406","username":"redleopard450","password":"ireland","salt":"0bkaQqB0","md5":"95aeebb011d18462a74386732a81a26a","sha1":"b56c26ab4c4095460883928df7a4621dff54a6fc","sha256":"de37bcac9573f47c88311f59e42465e76af64f35736e0dbc688d6d32bf38c614"},"dob":{"date":"1963-11-19T14:15:29.189Z","age":60},"registered":{"date":"2015-01-05T01:01:11.610Z","age":9},"phone":"0121 811 0944","cell":"07876 747142","id":{"name":"NINO","value":"GC 20 50 30 H"},"picture":{"large":"https://randomuser.me/api/portraits/men/91.jpg","medium":"https://randomuser.me/api/portraits/med/men/91.jpg","thumbnail":"https://randomuser.me/api/portraits/thumb/men/91.jpg"},"nat":"GB"}],"info":{"seed":"d52461837fccf5f3","results":1,"page":1,"version":"1.4"}} 
 </msg>
<msg time="2024-07-15T19:13:14.780615" level="INFO">/opt/hostedtoolcache/Python/3.12.4/x64/lib/python3.12/site-packages/urllib3/connectionpool.py:1099: InsecureRequestWarning: Unverified HTTPS request is being made to host 'randomuser.me'. Adding certificate verification is strongly advised. See: https://urllib3.readthedocs.io/en/latest/advanced-usage.html#tls-warnings
  warnings.warn(</msg>
<msg time="2024-07-15T19:13:14.780807" level="INFO">${response} = &lt;Response [200]&gt;</msg>
<var>${response}</var>
<arg>consultarAPI</arg>
<arg>/api</arg>
<doc>Sends a GET request on a previously created HTTP Session.</doc>
<status status="PASS" start="2024-07-15T19:13:14.679522" elapsed="0.101335"/>
</kw>
<kw name="Set Variable" owner="BuiltIn">
<msg time="2024-07-15T19:13:14.782318" level="INFO">${json_data} = {'results': [{'gender': 'male', 'name': {'title': 'Mr', 'first': 'Joseph', 'last': 'Jennings'}, 'location': {'street': {'number': 5752, 'name': 'The Drive'}, 'city': 'Westminster', 'state': 'Durham', ...</msg>
<var>${json_data}</var>
<arg>${response.json()}</arg>
<doc>Returns the given values which can then be assigned to a variables.</doc>
<status status="PASS" start="2024-07-15T19:13:14.781526" elapsed="0.000841"/>
</kw>
<kw name="Log" owner="BuiltIn">
<msg time="2024-07-15T19:13:14.783123" level="INFO">{'results': [{'gender': 'male', 'name': {'title': 'Mr', 'first': 'Joseph', 'last': 'Jennings'}, 'location': {'street': {'number': 5752, 'name': 'The Drive'}, 'city': 'Westminster', 'state': 'Durham', 'country': 'United Kingdom', 'postcode': 'ZX88 8PD', 'coordinates': {'latitude': '-5.4873', 'longitude': '-148.7300'}, 'timezone': {'offset': '-2:00', 'description': 'Mid-Atlantic'}}, 'email': 'joseph.jennings@example.com', 'login': {'uuid': '8759de5b-f020-4a47-b7a8-65ae5ea37406', 'username': 'redleopard450', 'password': 'ireland', 'salt': '0bkaQqB0', 'md5': '95aeebb011d18462a74386732a81a26a', 'sha1': 'b56c26ab4c4095460883928df7a4621dff54a6fc', 'sha256': 'de37bcac9573f47c88311f59e42465e76af64f35736e0dbc688d6d32bf38c614'}, 'dob': {'date': '1963-11-19T14:15:29.189Z', 'age': 60}, 'registered': {'date': '2015-01-05T01:01:11.610Z', 'age': 9}, 'phone': '0121 811 0944', 'cell': '07876 747142', 'id': {'name': 'NINO', 'value': 'GC 20 50 30 H'}, 'picture': {'large': 'https://randomuser.me/api/portraits/men/91.jpg', 'medium': 'https://randomuser.me/api/portraits/med/men/91.jpg', 'thumbnail': 'https://randomuser.me/api/portraits/thumb/men/91.jpg'}, 'nat': 'GB'}], 'info': {'seed': 'd52461837fccf5f3', 'results': 1, 'page': 1, 'version': '1.4'}}</msg>
<arg>${json_data}</arg>
<doc>Logs the given message with the given level.</doc>
<status status="PASS" start="2024-07-15T19:13:14.782867" elapsed="0.000343"/>
</kw>
<kw name="Dictionary Should Contain Key" owner="Collections">
<arg>${json_data}</arg>
<arg>results</arg>
<doc>Fails if ``key`` is not found from ``dictionary``.</doc>
<status status="PASS" start="2024-07-15T19:13:14.783651" elapsed="0.000253"/>
</kw>
<kw name="Should Not Be Empty" owner="BuiltIn">
<msg time="2024-07-15T19:13:14.784473" level="INFO">Length is 2.</msg>
<arg>${json_data}</arg>
<doc>Verifies that the given item is not empty.</doc>
<status status="PASS" start="2024-07-15T19:13:14.784265" elapsed="0.000278"/>
</kw>
<kw name="Create List" owner="BuiltIn">
<msg time="2024-07-15T19:13:14.785264" level="INFO">${expected_keys} = ['gender', 'name', 'location', 'email', 'login']</msg>
<var>${expected_keys}</var>
<arg>gender</arg>
<arg>name</arg>
<arg>location</arg>
<arg>email</arg>
<arg>login</arg>
<doc>Returns a list containing given items.</doc>
<status status="PASS" start="2024-07-15T19:13:14.785026" elapsed="0.000283"/>
</kw>
<for flavor="IN">
<iter>
<kw name="Dictionary Should Contain Key" owner="Collections">
<arg>${json_data['results'][0]}</arg>
<arg>${key}</arg>
<doc>Fails if ``key`` is not found from ``dictionary``.</doc>
<status status="PASS" start="2024-07-15T19:13:14.786432" elapsed="0.000437"/>
</kw>
<kw name="Log" owner="BuiltIn">
<msg time="2024-07-15T19:13:14.787447" level="INFO">{'gender': 'male', 'name': {'title': 'Mr', 'first': 'Joseph', 'last': 'Jennings'}, 'location': {'street': {'number': 5752, 'name': 'The Drive'}, 'city': 'Westminster', 'state': 'Durham', 'country': 'United Kingdom', 'postcode': 'ZX88 8PD', 'coordinates': {'latitude': '-5.4873', 'longitude': '-148.7300'}, 'timezone': {'offset': '-2:00', 'description': 'Mid-Atlantic'}}, 'email': 'joseph.jennings@example.com', 'login': {'uuid': '8759de5b-f020-4a47-b7a8-65ae5ea37406', 'username': 'redleopard450', 'password': 'ireland', 'salt': '0bkaQqB0', 'md5': '95aeebb011d18462a74386732a81a26a', 'sha1': 'b56c26ab4c4095460883928df7a4621dff54a6fc', 'sha256': 'de37bcac9573f47c88311f59e42465e76af64f35736e0dbc688d6d32bf38c614'}, 'dob': {'date': '1963-11-19T14:15:29.189Z', 'age': 60}, 'registered': {'date': '2015-01-05T01:01:11.610Z', 'age': 9}, 'phone': '0121 811 0944', 'cell': '07876 747142', 'id': {'name': 'NINO', 'value': 'GC 20 50 30 H'}, 'picture': {'large': 'https://randomuser.me/api/portraits/men/91.jpg', 'medium': 'https://randomuser.me/api/portraits/med/men/91.jpg', 'thumbnail': 'https://randomuser.me/api/portraits/thumb/men/91.jpg'}, 'nat': 'GB'}</msg>
<arg>${json_data['results'][0]}</arg>
<doc>Logs the given message with the given level.</doc>
<status status="PASS" start="2024-07-15T19:13:14.787071" elapsed="0.000429"/>
</kw>
<kw name="Log" owner="BuiltIn">
<msg time="2024-07-15T19:13:14.787952" level="INFO">gender</msg>
<arg>${key}</arg>
<doc>Logs the given message with the given level.</doc>
<status status="PASS" start="2024-07-15T19:13:14.787818" elapsed="0.000174"/>
</kw>
<var name="${key}">gender</var>
<status status="PASS" start="2024-07-15T19:13:14.786269" elapsed="0.001996"/>
</iter>
<iter>
<kw name="Dictionary Should Contain Key" owner="Collections">
<arg>${json_data['results'][0]}</arg>
<arg>${key}</arg>
<doc>Fails if ``key`` is not found from ``dictionary``.</doc>
<status status="PASS" start="2024-07-15T19:13:14.788593" elapsed="0.000414"/>
</kw>
<kw name="Log" owner="BuiltIn">
<msg time="2024-07-15T19:13:14.789558" level="INFO">{'gender': 'male', 'name': {'title': 'Mr', 'first': 'Joseph', 'last': 'Jennings'}, 'location': {'street': {'number': 5752, 'name': 'The Drive'}, 'city': 'Westminster', 'state': 'Durham', 'country': 'United Kingdom', 'postcode': 'ZX88 8PD', 'coordinates': {'latitude': '-5.4873', 'longitude': '-148.7300'}, 'timezone': {'offset': '-2:00', 'description': 'Mid-Atlantic'}}, 'email': 'joseph.jennings@example.com', 'login': {'uuid': '8759de5b-f020-4a47-b7a8-65ae5ea37406', 'username': 'redleopard450', 'password': 'ireland', 'salt': '0bkaQqB0', 'md5': '95aeebb011d18462a74386732a81a26a', 'sha1': 'b56c26ab4c4095460883928df7a4621dff54a6fc', 'sha256': 'de37bcac9573f47c88311f59e42465e76af64f35736e0dbc688d6d32bf38c614'}, 'dob': {'date': '1963-11-19T14:15:29.189Z', 'age': 60}, 'registered': {'date': '2015-01-05T01:01:11.610Z', 'age': 9}, 'phone': '0121 811 0944', 'cell': '07876 747142', 'id': {'name': 'NINO', 'value': 'GC 20 50 30 H'}, 'picture': {'large': 'https://randomuser.me/api/portraits/men/91.jpg', 'medium': 'https://randomuser.me/api/portraits/med/men/91.jpg', 'thumbnail': 'https://randomuser.me/api/portraits/thumb/men/91.jpg'}, 'nat': 'GB'}</msg>
<arg>${json_data['results'][0]}</arg>
<doc>Logs the given message with the given level.</doc>
<status status="PASS" start="2024-07-15T19:13:14.789196" elapsed="0.000453"/>
</kw>
<kw name="Log" owner="BuiltIn">
<msg time="2024-07-15T19:13:14.790089" level="INFO">name</msg>
<arg>${key}</arg>
<doc>Logs the given message with the given level.</doc>
<status status="PASS" start="2024-07-15T19:13:14.789958" elapsed="0.000170"/>
</kw>
<var name="${key}">name</var>
<status status="PASS" start="2024-07-15T19:13:14.788468" elapsed="0.001879"/>
</iter>
<iter>
<kw name="Dictionary Should Contain Key" owner="Collections">
<arg>${json_data['results'][0]}</arg>
<arg>${key}</arg>
<doc>Fails if ``key`` is not found from ``dictionary``.</doc>
<status status="PASS" start="2024-07-15T19:13:14.790644" elapsed="0.000388"/>
</kw>
<kw name="Log" owner="BuiltIn">
<msg time="2024-07-15T19:13:14.791581" level="INFO">{'gender': 'male', 'name': {'title': 'Mr', 'first': 'Joseph', 'last': 'Jennings'}, 'location': {'street': {'number': 5752, 'name': 'The Drive'}, 'city': 'Westminster', 'state': 'Durham', 'country': 'United Kingdom', 'postcode': 'ZX88 8PD', 'coordinates': {'latitude': '-5.4873', 'longitude': '-148.7300'}, 'timezone': {'offset': '-2:00', 'description': 'Mid-Atlantic'}}, 'email': 'joseph.jennings@example.com', 'login': {'uuid': '8759de5b-f020-4a47-b7a8-65ae5ea37406', 'username': 'redleopard450', 'password': 'ireland', 'salt': '0bkaQqB0', 'md5': '95aeebb011d18462a74386732a81a26a', 'sha1': 'b56c26ab4c4095460883928df7a4621dff54a6fc', 'sha256': 'de37bcac9573f47c88311f59e42465e76af64f35736e0dbc688d6d32bf38c614'}, 'dob': {'date': '1963-11-19T14:15:29.189Z', 'age': 60}, 'registered': {'date': '2015-01-05T01:01:11.610Z', 'age': 9}, 'phone': '0121 811 0944', 'cell': '07876 747142', 'id': {'name': 'NINO', 'value': 'GC 20 50 30 H'}, 'picture': {'large': 'https://randomuser.me/api/portraits/men/91.jpg', 'medium': 'https://randomuser.me/api/portraits/med/men/91.jpg', 'thumbnail': 'https://randomuser.me/api/portraits/thumb/men/91.jpg'}, 'nat': 'GB'}</msg>
<arg>${json_data['results'][0]}</arg>
<doc>Logs the given message with the given level.</doc>
<status status="PASS" start="2024-07-15T19:13:14.791222" elapsed="0.000409"/>
</kw>
<kw name="Log" owner="BuiltIn">
<msg time="2024-07-15T19:13:14.792122" level="INFO">location</msg>
<arg>${key}</arg>
<doc>Logs the given message with the given level.</doc>
<status status="PASS" start="2024-07-15T19:13:14.791941" elapsed="0.000224"/>
</kw>
<var name="${key}">location</var>
<status status="PASS" start="2024-07-15T19:13:14.790532" elapsed="0.001857"/>
</iter>
<iter>
<kw name="Dictionary Should Contain Key" owner="Collections">
<arg>${json_data['results'][0]}</arg>
<arg>${key}</arg>
<doc>Fails if ``key`` is not found from ``dictionary``.</doc>
<status status="PASS" start="2024-07-15T19:13:14.792673" elapsed="0.000393"/>
</kw>
<kw name="Log" owner="BuiltIn">
<msg time="2024-07-15T19:13:14.793615" level="INFO">{'gender': 'male', 'name': {'title': 'Mr', 'first': 'Joseph', 'last': 'Jennings'}, 'location': {'street': {'number': 5752, 'name': 'The Drive'}, 'city': 'Westminster', 'state': 'Durham', 'country': 'United Kingdom', 'postcode': 'ZX88 8PD', 'coordinates': {'latitude': '-5.4873', 'longitude': '-148.7300'}, 'timezone': {'offset': '-2:00', 'description': 'Mid-Atlantic'}}, 'email': 'joseph.jennings@example.com', 'login': {'uuid': '8759de5b-f020-4a47-b7a8-65ae5ea37406', 'username': 'redleopard450', 'password': 'ireland', 'salt': '0bkaQqB0', 'md5': '95aeebb011d18462a74386732a81a26a', 'sha1': 'b56c26ab4c4095460883928df7a4621dff54a6fc', 'sha256': 'de37bcac9573f47c88311f59e42465e76af64f35736e0dbc688d6d32bf38c614'}, 'dob': {'date': '1963-11-19T14:15:29.189Z', 'age': 60}, 'registered': {'date': '2015-01-05T01:01:11.610Z', 'age': 9}, 'phone': '0121 811 0944', 'cell': '07876 747142', 'id': {'name': 'NINO', 'value': 'GC 20 50 30 H'}, 'picture': {'large': 'https://randomuser.me/api/portraits/men/91.jpg', 'medium': 'https://randomuser.me/api/portraits/med/men/91.jpg', 'thumbnail': 'https://randomuser.me/api/portraits/thumb/men/91.jpg'}, 'nat': 'GB'}</msg>
<arg>${json_data['results'][0]}</arg>
<doc>Logs the given message with the given level.</doc>
<status status="PASS" start="2024-07-15T19:13:14.793257" elapsed="0.000409"/>
</kw>
<kw name="Log" owner="BuiltIn">
<msg time="2024-07-15T19:13:14.794117" level="INFO">email</msg>
<arg>${key}</arg>
<doc>Logs the given message with the given level.</doc>
<status status="PASS" start="2024-07-15T19:13:14.793966" elapsed="0.000195"/>
</kw>
<var name="${key}">email</var>
<status status="PASS" start="2024-07-15T19:13:14.792564" elapsed="0.001842"/>
</iter>
<iter>
<kw name="Dictionary Should Contain Key" owner="Collections">
<arg>${json_data['results'][0]}</arg>
<arg>${key}</arg>
<doc>Fails if ``key`` is not found from ``dictionary``.</doc>
<status status="PASS" start="2024-07-15T19:13:14.794696" elapsed="0.000397"/>
</kw>
<kw name="Log" owner="BuiltIn">
<msg time="2024-07-15T19:13:14.795627" level="INFO">{'gender': 'male', 'name': {'title': 'Mr', 'first': 'Joseph', 'last': 'Jennings'}, 'location': {'street': {'number': 5752, 'name': 'The Drive'}, 'city': 'Westminster', 'state': 'Durham', 'country': 'United Kingdom', 'postcode': 'ZX88 8PD', 'coordinates': {'latitude': '-5.4873', 'longitude': '-148.7300'}, 'timezone': {'offset': '-2:00', 'description': 'Mid-Atlantic'}}, 'email': 'joseph.jennings@example.com', 'login': {'uuid': '8759de5b-f020-4a47-b7a8-65ae5ea37406', 'username': 'redleopard450', 'password': 'ireland', 'salt': '0bkaQqB0', 'md5': '95aeebb011d18462a74386732a81a26a', 'sha1': 'b56c26ab4c4095460883928df7a4621dff54a6fc', 'sha256': 'de37bcac9573f47c88311f59e42465e76af64f35736e0dbc688d6d32bf38c614'}, 'dob': {'date': '1963-11-19T14:15:29.189Z', 'age': 60}, 'registered': {'date': '2015-01-05T01:01:11.610Z', 'age': 9}, 'phone': '0121 811 0944', 'cell': '07876 747142', 'id': {'name': 'NINO', 'value': 'GC 20 50 30 H'}, 'picture': {'large': 'https://randomuser.me/api/portraits/men/91.jpg', 'medium': 'https://randomuser.me/api/portraits/med/men/91.jpg', 'thumbnail': 'https://randomuser.me/api/portraits/thumb/men/91.jpg'}, 'nat': 'GB'}</msg>
<arg>${json_data['results'][0]}</arg>
<doc>Logs the given message with the given level.</doc>
<status status="PASS" start="2024-07-15T19:13:14.795277" elapsed="0.000399"/>
</kw>
<kw name="Log" owner="BuiltIn">
<msg time="2024-07-15T19:13:14.796141" level="INFO">login</msg>
<arg>${key}</arg>
<doc>Logs the given message with the given level.</doc>
<status status="PASS" start="2024-07-15T19:13:14.795973" elapsed="0.000209"/>
</kw>
<var name="${key}">login</var>
<status status="PASS" start="2024-07-15T19:13:14.794581" elapsed="0.001827"/>
</iter>
<var>${key}</var>
<value>@{expected_keys}</value>
<status status="PASS" start="2024-07-15T19:13:14.785953" elapsed="0.010578"/>
</for>
<kw name="Create List" owner="BuiltIn">
<msg time="2024-07-15T19:13:14.796880" level="INFO">${expected_keysTwo} = ['username', 'password']</msg>
<var>${expected_keysTwo}</var>
<arg>username</arg>
<arg>password</arg>
<doc>Returns a list containing given items.</doc>
<status status="PASS" start="2024-07-15T19:13:14.796734" elapsed="0.000170"/>
</kw>
<for flavor="IN">
<iter>
<kw name="Dictionary Should Contain Key" owner="Collections">
<arg>${json_data['results'][0]['login']}</arg>
<arg>${keyTwo}</arg>
<doc>Fails if ``key`` is not found from ``dictionary``.</doc>
<status status="PASS" start="2024-07-15T19:13:14.797446" elapsed="0.000390"/>
</kw>
<kw name="Dictionary Should Contain Key" owner="Collections">
<arg>${json_data['results'][0]['login']}</arg>
<arg>${keyTwo}</arg>
<doc>Fails if ``key`` is not found from ``dictionary``.</doc>
<status status="PASS" start="2024-07-15T19:13:14.798015" elapsed="0.000376"/>
</kw>
<kw name="Log" owner="BuiltIn">
<msg time="2024-07-15T19:13:14.798698" level="INFO">username</msg>
<arg>${keyTwo}</arg>
<doc>Logs the given message with the given level.</doc>
<status status="PASS" start="2024-07-15T19:13:14.798575" elapsed="0.000162"/>
</kw>
<var name="${keyTwo}">username</var>
<status status="PASS" start="2024-07-15T19:13:14.797337" elapsed="0.001625"/>
</iter>
<iter>
<kw name="Dictionary Should Contain Key" owner="Collections">
<arg>${json_data['results'][0]['login']}</arg>
<arg>${keyTwo}</arg>
<doc>Fails if ``key`` is not found from ``dictionary``.</doc>
<status status="PASS" start="2024-07-15T19:13:14.799241" elapsed="0.000386"/>
</kw>
<kw name="Dictionary Should Contain Key" owner="Collections">
<arg>${json_data['results'][0]['login']}</arg>
<arg>${keyTwo}</arg>
<doc>Fails if ``key`` is not found from ``dictionary``.</doc>
<status status="PASS" start="2024-07-15T19:13:14.799815" elapsed="0.000454"/>
</kw>
<kw name="Log" owner="BuiltIn">
<msg time="2024-07-15T19:13:14.800611" level="INFO">password</msg>
<arg>${keyTwo}</arg>
<doc>Logs the given message with the given level.</doc>
<status status="PASS" start="2024-07-15T19:13:14.800470" elapsed="0.000190"/>
</kw>
<var name="${keyTwo}">password</var>
<status status="PASS" start="2024-07-15T19:13:14.799135" elapsed="0.001806"/>
</iter>
<var>${keyTwo}</var>
<value>@{expected_keysTwo}</value>
<status status="PASS" start="2024-07-15T19:13:14.797175" elapsed="0.003906"/>
</for>
<status status="PASS" start="2024-07-15T19:13:14.679287" elapsed="0.121954"/>
</kw>
<doc>Testa a estrutura da resposta da API.</doc>
<tag>testeEstruturaResposta</tag>
<status status="PASS" start="2024-07-15T19:13:14.678781" elapsed="0.122682"/>
</test>
<test id="s1-s1-t4" name="Validar tipos de dados" line="28">
<kw name="Teste de Tipos de Dados" owner="random-user-service">
<kw name="GET On Session" owner="RequestsLibrary">
<msg time="2024-07-15T19:13:14.974390" level="INFO">GET Request : url=https://randomuser.me/api 
 path_url=/api 
 headers={'User-Agent': 'python-requests/2.32.3', 'Accept-Encoding': 'gzip, deflate', 'Accept': '*/*', 'Connection': 'keep-alive'} 
 body=None 
 </msg>
<msg time="2024-07-15T19:13:14.974509" level="INFO">GET Response : url=https://randomuser.me/api 
 status=200, reason=OK 
 headers={'Date': 'Mon, 15 Jul 2024 19:13:14 GMT', 'Content-Type': 'application/json; charset=utf-8', 'Transfer-Encoding': 'chunked', 'Connection': 'keep-alive', 'X-Powered-By': 'Express', 'Access-Control-Allow-Origin': '*', 'Cache-Control': 'no-cache', 'ETag': 'W/"477-jHmIj8V1zsosdO+HwlxMUE/a++4"', 'Vary': 'Accept-Encoding', 'Content-Encoding': 'gzip', 'CF-Cache-Status': 'DYNAMIC', 'Report-To': '{"endpoints":[{"url":"https:\\/\\/a.nel.cloudflare.com\\/report\\/v4?s=3mEACiQVBd51QJD%2FclS4GdAqWUcHsNjh54qJbydm2tL0Hk19DYpuU3ujZKyCsoxhrweRfUn41FC4j1wCk7NuueplbUrC%2F5Rcuj45XxtagslnqYD2TjFQp00jg%2F78Ozic"}],"group":"cf-nel","max_age":604800}', 'NEL': '{"success_fraction":0,"report_to":"cf-nel","max_age":604800}', 'Server': 'cloudflare', 'CF-RAY': '8a3c11939ec169a9-LAX', 'alt-svc': 'h3=":443"; ma=86400'} 
 body={"results":[{"gender":"male","name":{"title":"Mr","first":"Ivica","last":"Maksimović"},"location":{"street":{"number":8324,"name":"Violet Frejzer"},"city":"Vrbas","state":"Pomoravlje","country":"Serbia","postcode":42663,"coordinates":{"latitude":"64.0087","longitude":"-0.5350"},"timezone":{"offset":"-2:00","description":"Mid-Atlantic"}},"email":"ivica.maksimovic@example.com","login":{"uuid":"566dee95-e661-4e33-be53-ccbd81091cd4","username":"goldenduck817","password":"talbot","salt":"5xzg3loE","md5":"8210835e7eb9966462272dd34b9c026e","sha1":"0bcbd892ac35fc18b19d4515bf808b709412adfb","sha256":"2d4e377b0ff57f4a1734e762640642acf0d99ed1b3826a9001f8bb6093a08d9e"},"dob":{"date":"1988-12-06T08:45:47.451Z","age":35},"registered":{"date":"2017-03-01T06:48:19.678Z","age":7},"phone":"021-0517-823","cell":"064-6193-814","id":{"name":"SID","value":"835830593"},"picture":{"large":"https://randomuser.me/api/portraits/men/86.jpg","medium":"https://randomuser.me/api/portraits/med/men/86.jpg","thumbnail":"https://randomuser.me/api/portraits/thumb/men/86.jpg"},"nat":"RS"}],"info":{"seed":"1f0c596f00e1d941","results":1,"page":1,"version":"1.4"}} 
 </msg>
<msg time="2024-07-15T19:13:14.974589" level="INFO">/opt/hostedtoolcache/Python/3.12.4/x64/lib/python3.12/site-packages/urllib3/connectionpool.py:1099: InsecureRequestWarning: Unverified HTTPS request is being made to host 'randomuser.me'. Adding certificate verification is strongly advised. See: https://urllib3.readthedocs.io/en/latest/advanced-usage.html#tls-warnings
  warnings.warn(</msg>
<msg time="2024-07-15T19:13:14.974725" level="INFO">${response} = &lt;Response [200]&gt;</msg>
<var>${response}</var>
<arg>consultarAPI</arg>
<arg>/api</arg>
<doc>Sends a GET request on a previously created HTTP Session.</doc>
<status status="PASS" start="2024-07-15T19:13:14.804222" elapsed="0.170547"/>
</kw>
<kw name="Set Variable" owner="BuiltIn">
<msg time="2024-07-15T19:13:14.975879" level="INFO">${json_data} = {'results': [{'gender': 'male', 'name': {'title': 'Mr', 'first': 'Ivica', 'last': 'Maksimović'}, 'location': {'street': {'number': 8324, 'name': 'Violet Frejzer'}, 'city': 'Vrbas', 'state': 'Pomoravlj...</msg>
<var>${json_data}</var>
<arg>${response.json()}</arg>
<doc>Returns the given values which can then be assigned to a variables.</doc>
<status status="PASS" start="2024-07-15T19:13:14.975333" elapsed="0.000580"/>
</kw>
<kw name="Log" owner="BuiltIn">
<msg time="2024-07-15T19:13:14.976446" level="INFO">{'results': [{'gender': 'male', 'name': {'title': 'Mr', 'first': 'Ivica', 'last': 'Maksimović'}, 'location': {'street': {'number': 8324, 'name': 'Violet Frejzer'}, 'city': 'Vrbas', 'state': 'Pomoravlje', 'country': 'Serbia', 'postcode': 42663, 'coordinates': {'latitude': '64.0087', 'longitude': '-0.5350'}, 'timezone': {'offset': '-2:00', 'description': 'Mid-Atlantic'}}, 'email': 'ivica.maksimovic@example.com', 'login': {'uuid': '566dee95-e661-4e33-be53-ccbd81091cd4', 'username': 'goldenduck817', 'password': 'talbot', 'salt': '5xzg3loE', 'md5': '8210835e7eb9966462272dd34b9c026e', 'sha1': '0bcbd892ac35fc18b19d4515bf808b709412adfb', 'sha256': '2d4e377b0ff57f4a1734e762640642acf0d99ed1b3826a9001f8bb6093a08d9e'}, 'dob': {'date': '1988-12-06T08:45:47.451Z', 'age': 35}, 'registered': {'date': '2017-03-01T06:48:19.678Z', 'age': 7}, 'phone': '021-0517-823', 'cell': '064-6193-814', 'id': {'name': 'SID', 'value': '835830593'}, 'picture': {'large': 'https://randomuser.me/api/portraits/men/86.jpg', 'medium': 'https://randomuser.me/api/portraits/med/men/86.jpg', 'thumbnail': 'https://randomuser.me/api/portraits/thumb/men/86.jpg'}, 'nat': 'RS'}], 'info': {'seed': '1f0c596f00e1d941', 'results': 1, 'page': 1, 'version': '1.4'}}</msg>
<arg>${json_data}</arg>
<doc>Logs the given message with the given level.</doc>
<status status="PASS" start="2024-07-15T19:13:14.976278" elapsed="0.000233"/>
</kw>
<kw name="Should Be String" owner="String">
<arg>${json_data['results'][0]['gender']}</arg>
<doc>Fails if the given ``item`` is not a string.</doc>
<status status="PASS" start="2024-07-15T19:13:14.976814" elapsed="0.000386"/>
</kw>
<kw name="Should Match Regexp" owner="BuiltIn">
<arg>${json_data['results'][0]['email']}</arg>
<arg>^[a-zA-Z0-9._%+-]+@[a-zA-Z0-9.-]+\.[a-zA-Z]{2,}$</arg>
<doc>Fails if ``string`` does not match ``pattern`` as a regular expression.</doc>
<status status="PASS" start="2024-07-15T19:13:14.977396" elapsed="0.000556"/>
</kw>
<kw name="Should Match Regexp" owner="BuiltIn">
<arg>${json_data['results'][0]['dob']['date']}</arg>
<arg>\\d{4}-\\d{2}-\\d{2}T\\d{2}:\\d{2}:\\d{2}\\.\\d{3}Z</arg>
<doc>Fails if ``string`` does not match ``pattern`` as a regular expression.</doc>
<status status="PASS" start="2024-07-15T19:13:14.978193" elapsed="0.000512"/>
</kw>
<kw name="Should Match Regexp" owner="BuiltIn">
<arg>${json_data['results'][0]['registered']['date']}</arg>
<arg>\\d{4}-\\d{2}-\\d{2}T\\d{2}:\\d{2}:\\d{2}\\.\\d{3}Z</arg>
<doc>Fails if ``string`` does not match ``pattern`` as a regular expression.</doc>
<status status="PASS" start="2024-07-15T19:13:14.978903" elapsed="0.000379"/>
</kw>
<kw name="Should Match Regexp" owner="BuiltIn">
<arg>${json_data['results'][0]['picture']['large']}</arg>
<arg>^https?://.*\.(?:png|jpe?g|gif|bmp)$</arg>
<doc>Fails if ``string`` does not match ``pattern`` as a regular expression.</doc>
<status status="PASS" start="2024-07-15T19:13:14.979469" elapsed="0.000479"/>
</kw>
<kw name="Should Match Regexp" owner="BuiltIn">
<arg>${json_data['results'][0]['picture']['medium']}</arg>
<arg>^https?://.*\.(?:png|jpe?g|gif|bmp)$</arg>
<doc>Fails if ``string`` does not match ``pattern`` as a regular expression.</doc>
<status status="PASS" start="2024-07-15T19:13:14.980167" elapsed="0.000367"/>
</kw>
<kw name="Should Match Regexp" owner="BuiltIn">
<arg>${json_data['results'][0]['picture']['thumbnail']}</arg>
<arg>^https?://.*\.(?:png|jpe?g|gif|bmp)$</arg>
<doc>Fails if ``string`` does not match ``pattern`` as a regular expression.</doc>
<status status="PASS" start="2024-07-15T19:13:14.980720" elapsed="0.000352"/>
</kw>
<kw name="Log" owner="BuiltIn">
<msg time="2024-07-15T19:13:14.981593" level="INFO">{'large': 'https://randomuser.me/api/portraits/men/86.jpg', 'medium': 'https://randomuser.me/api/portraits/med/men/86.jpg', 'thumbnail': 'https://randomuser.me/api/portraits/thumb/men/86.jpg'}</msg>
<arg>${json_data['results'][0]['picture']}</arg>
<doc>Logs the given message with the given level.</doc>
<status status="PASS" start="2024-07-15T19:13:14.981257" elapsed="0.000381"/>
</kw>
<status status="PASS" start="2024-07-15T19:13:14.803945" elapsed="0.177957"/>
</kw>
<kw name="Teste de Tipos de Dados - Postcode" owner="random-user-service">
<kw name="GET On Session" owner="RequestsLibrary">
<msg time="2024-07-15T19:13:15.093451" level="INFO">GET Request : url=https://randomuser.me/api 
 path_url=/api 
 headers={'User-Agent': 'python-requests/2.32.3', 'Accept-Encoding': 'gzip, deflate', 'Accept': '*/*', 'Connection': 'keep-alive'} 
 body=None 
 </msg>
<msg time="2024-07-15T19:13:15.093554" level="INFO">GET Response : url=https://randomuser.me/api 
 status=200, reason=OK 
 headers={'Date': 'Mon, 15 Jul 2024 19:13:15 GMT', 'Content-Type': 'application/json; charset=utf-8', 'Transfer-Encoding': 'chunked', 'Connection': 'keep-alive', 'X-Powered-By': 'Express', 'Access-Control-Allow-Origin': '*', 'Cache-Control': 'no-cache', 'ETag': 'W/"491-j6/vFs7GmiUf/wZVnEOGClaspJ4"', 'Vary': 'Accept-Encoding', 'Content-Encoding': 'gzip', 'CF-Cache-Status': 'DYNAMIC', 'Report-To': '{"endpoints":[{"url":"https:\\/\\/a.nel.cloudflare.com\\/report\\/v4?s=jAkblNwCCSjcxsF7SuqiNO3fi7ZlLkpMl84dAII3myF%2Bz7r93NoQyq7kNmrQbsLLSQRU7ibW4ENzeXtqz4lU3RjpWWkWDdPxj0nPIBFiupC26ZsSy6GYYM3f%2BmIN4dFd"}],"group":"cf-nel","max_age":604800}', 'NEL': '{"success_fraction":0,"report_to":"cf-nel","max_age":604800}', 'Server': 'cloudflare', 'CF-RAY': '8a3c1194aff269a9-LAX', 'alt-svc': 'h3=":443"; ma=86400'} 
 body={"results":[{"gender":"male","name":{"title":"Mr","first":"Clifford","last":"Garrett"},"location":{"street":{"number":4588,"name":"Parker Rd"},"city":"Cedar Rapids","state":"Wyoming","country":"United States","postcode":66301,"coordinates":{"latitude":"88.9302","longitude":"-142.8629"},"timezone":{"offset":"-8:00","description":"Pacific Time (US &amp; Canada)"}},"email":"clifford.garrett@example.com","login":{"uuid":"242792fa-f445-4623-ba25-87b6395f60c7","username":"blackfrog577","password":"oldone","salt":"7qpwzinR","md5":"ba086891d6f5d573d34c9cf9db62deb7","sha1":"60f09706c1dc6fab1a46c498b53ef825ccf74ae0","sha256":"6b96de58bb86fbb75c0c9950902b4a397aee5e85e81a135508a5b64dec5e73ac"},"dob":{"date":"1971-09-06T23:13:53.292Z","age":52},"registered":{"date":"2017-01-07T04:20:10.945Z","age":7},"phone":"(363) 940-7425","cell":"(520) 727-9080","id":{"name":"SSN","value":"497-03-4072"},"picture":{"large":"https://randomuser.me/api/portraits/men/39.jpg","medium":"https://randomuser.me/api/portraits/med/men/39.jpg","thumbnail":"https://randomuser.me/api/portraits/thumb/men/39.jpg"},"nat":"US"}],"info":{"seed":"60db6a4ac0fdfbe1","results":1,"page":1,"version":"1.4"}} 
 </msg>
<msg time="2024-07-15T19:13:15.093627" level="INFO">/opt/hostedtoolcache/Python/3.12.4/x64/lib/python3.12/site-packages/urllib3/connectionpool.py:1099: InsecureRequestWarning: Unverified HTTPS request is being made to host 'randomuser.me'. Adding certificate verification is strongly advised. See: https://urllib3.readthedocs.io/en/latest/advanced-usage.html#tls-warnings
  warnings.warn(</msg>
<msg time="2024-07-15T19:13:15.093754" level="INFO">${response} = &lt;Response [200]&gt;</msg>
<var>${response}</var>
<arg>consultarAPI</arg>
<arg>/api</arg>
<doc>Sends a GET request on a previously created HTTP Session.</doc>
<status status="PASS" start="2024-07-15T19:13:14.982386" elapsed="0.111416"/>
</kw>
<kw name="Set Variable" owner="BuiltIn">
<msg time="2024-07-15T19:13:15.095056" level="INFO">${json_data} = {'results': [{'gender': 'male', 'name': {'title': 'Mr', 'first': 'Clifford', 'last': 'Garrett'}, 'location': {'street': {'number': 4588, 'name': 'Parker Rd'}, 'city': 'Cedar Rapids', 'state': 'Wyoming...</msg>
<var>${json_data}</var>
<arg>${response.json()}</arg>
<doc>Returns the given values which can then be assigned to a variables.</doc>
<status status="PASS" start="2024-07-15T19:13:15.094466" elapsed="0.000621"/>
</kw>
<kw name="Log" owner="BuiltIn">
<msg time="2024-07-15T19:13:15.095561" level="INFO">{'results': [{'gender': 'male', 'name': {'title': 'Mr', 'first': 'Clifford', 'last': 'Garrett'}, 'location': {'street': {'number': 4588, 'name': 'Parker Rd'}, 'city': 'Cedar Rapids', 'state': 'Wyoming', 'country': 'United States', 'postcode': 66301, 'coordinates': {'latitude': '88.9302', 'longitude': '-142.8629'}, 'timezone': {'offset': '-8:00', 'description': 'Pacific Time (US &amp; Canada)'}}, 'email': 'clifford.garrett@example.com', 'login': {'uuid': '242792fa-f445-4623-ba25-87b6395f60c7', 'username': 'blackfrog577', 'password': 'oldone', 'salt': '7qpwzinR', 'md5': 'ba086891d6f5d573d34c9cf9db62deb7', 'sha1': '60f09706c1dc6fab1a46c498b53ef825ccf74ae0', 'sha256': '6b96de58bb86fbb75c0c9950902b4a397aee5e85e81a135508a5b64dec5e73ac'}, 'dob': {'date': '1971-09-06T23:13:53.292Z', 'age': 52}, 'registered': {'date': '2017-01-07T04:20:10.945Z', 'age': 7}, 'phone': '(363) 940-7425', 'cell': '(520) 727-9080', 'id': {'name': 'SSN', 'value': '497-03-4072'}, 'picture': {'large': 'https://randomuser.me/api/portraits/men/39.jpg', 'medium': 'https://randomuser.me/api/portraits/med/men/39.jpg', 'thumbnail': 'https://randomuser.me/api/portraits/thumb/men/39.jpg'}, 'nat': 'US'}], 'info': {'seed': '60db6a4ac0fdfbe1', 'results': 1, 'page': 1, 'version': '1.4'}}</msg>
<arg>${json_data}</arg>
<doc>Logs the given message with the given level.</doc>
<status status="PASS" start="2024-07-15T19:13:15.095404" elapsed="0.000207"/>
</kw>
<kw name="Should Be Equal As Numbers" owner="BuiltIn">
<arg>${json_data['results'][0]['location']['postcode']}</arg>
<arg>${json_data['results'][0]['location']['postcode']}</arg>
<doc>Fails if objects are unequal after converting them to real numbers.</doc>
<status status="PASS" start="2024-07-15T19:13:15.095916" elapsed="0.000694"/>
</kw>
<kw name="Log" owner="BuiltIn">
<msg time="2024-07-15T19:13:15.097148" level="INFO">66301</msg>
<arg>${json_data['results'][0]['location']['postcode']}</arg>
<doc>Logs the given message with the given level.</doc>
<status status="PASS" start="2024-07-15T19:13:15.096808" elapsed="0.000381"/>
</kw>
<status status="PASS" start="2024-07-15T19:13:14.982146" elapsed="0.115338"/>
</kw>
<doc>Testa se os tipos de dados na resposta da API estão corretos.</doc>
<tag>testeTiposDados</tag>
<status status="PASS" start="2024-07-15T19:13:14.803365" elapsed="0.294305"/>
</test>
<test id="s1-s1-t5" name="Validar conteudo" line="35">
<kw name="Teste de Tipos de Conteudo" owner="random-user-service">
<kw name="GET On Session" owner="RequestsLibrary">
<msg time="2024-07-15T19:13:15.197914" level="INFO">GET Request : url=https://randomuser.me/api 
 path_url=/api 
 headers={'User-Agent': 'python-requests/2.32.3', 'Accept-Encoding': 'gzip, deflate', 'Accept': '*/*', 'Connection': 'keep-alive'} 
 body=None 
 </msg>
<msg time="2024-07-15T19:13:15.198022" level="INFO">GET Response : url=https://randomuser.me/api 
 status=200, reason=OK 
 headers={'Date': 'Mon, 15 Jul 2024 19:13:15 GMT', 'Content-Type': 'application/json; charset=utf-8', 'Transfer-Encoding': 'chunked', 'Connection': 'keep-alive', 'X-Powered-By': 'Express', 'Access-Control-Allow-Origin': '*', 'Cache-Control': 'no-cache', 'ETag': 'W/"4a5-dWoeJxlkuwdUccNPCjrhHpdycoM"', 'Vary': 'Accept-Encoding', 'Content-Encoding': 'gzip', 'CF-Cache-Status': 'DYNAMIC', 'Report-To': '{"endpoints":[{"url":"https:\\/\\/a.nel.cloudflare.com\\/report\\/v4?s=P1AjxiyZporiPIOnqNb14fqrb6QKcZxBI14DO7Q%2BOy952yH7nJn%2BoEjiuxFv00FgVbZo5Z7JegOn0V1FKLDJC4ryUXErL1MUmpnqVi6aOysar5ZNISE%2F8S5VLOzVvhgJ"}],"group":"cf-nel","max_age":604800}', 'NEL': '{"success_fraction":0,"report_to":"cf-nel","max_age":604800}', 'Server': 'cloudflare', 'CF-RAY': '8a3c119568ff69a9-LAX', 'alt-svc': 'h3=":443"; ma=86400'} 
 body={"results":[{"gender":"female","name":{"title":"Mrs","first":"Sapthashree","last":"Gamskar"},"location":{"street":{"number":8106,"name":"Sitabuldi Main Rd"},"city":"Vijayanagaram","state":"Andaman and Nicobar Islands","country":"India","postcode":11419,"coordinates":{"latitude":"6.6746","longitude":"14.7970"},"timezone":{"offset":"-2:00","description":"Mid-Atlantic"}},"email":"sapthashree.gamskar@example.com","login":{"uuid":"b486cef0-05cd-46c2-bf78-4c5bd041a5d6","username":"orangeelephant777","password":"holycow","salt":"uYZzXlm7","md5":"10cac5c1e7e6cf2a29ac25d41c42e238","sha1":"6d80f6bdf3f10310f4dfbdd42addffabe6c14a02","sha256":"5df9b6929f7f65205a6d17b75187a5d821bc7ca43b9ed57b38b8ee0adb2592c0"},"dob":{"date":"1964-11-21T03:25:24.135Z","age":59},"registered":{"date":"2016-11-14T23:41:15.204Z","age":7},"phone":"7216383477","cell":"7283034518","id":{"name":"UIDAI","value":"348103553770"},"picture":{"large":"https://randomuser.me/api/portraits/women/82.jpg","medium":"https://randomuser.me/api/portraits/med/women/82.jpg","thumbnail":"https://randomuser.me/api/portraits/thumb/women/82.jpg"},"nat":"IN"}],"info":{"seed":"073c97f04679a158","results":1,"page":1,"version":"1.4"}} 
 </msg>
<msg time="2024-07-15T19:13:15.198115" level="INFO">/opt/hostedtoolcache/Python/3.12.4/x64/lib/python3.12/site-packages/urllib3/connectionpool.py:1099: InsecureRequestWarning: Unverified HTTPS request is being made to host 'randomuser.me'. Adding certificate verification is strongly advised. See: https://urllib3.readthedocs.io/en/latest/advanced-usage.html#tls-warnings
  warnings.warn(</msg>
<msg time="2024-07-15T19:13:15.198252" level="INFO">${response} = &lt;Response [200]&gt;</msg>
<var>${response}</var>
<arg>consultarAPI</arg>
<arg>/api</arg>
<doc>Sends a GET request on a previously created HTTP Session.</doc>
<status status="PASS" start="2024-07-15T19:13:15.100504" elapsed="0.097796"/>
</kw>
<kw name="Set Variable" owner="BuiltIn">
<msg time="2024-07-15T19:13:15.199550" level="INFO">${json_data} = {'results': [{'gender': 'female', 'name': {'title': 'Mrs', 'first': 'Sapthashree', 'last': 'Gamskar'}, 'location': {'street': {'number': 8106, 'name': 'Sitabuldi Main Rd'}, 'city': 'Vijayanagaram', 's...</msg>
<var>${json_data}</var>
<arg>${response.json()}</arg>
<doc>Returns the given values which can then be assigned to a variables.</doc>
<status status="PASS" start="2024-07-15T19:13:15.198978" elapsed="0.000603"/>
</kw>
<kw name="Set Variable" owner="BuiltIn">
<msg time="2024-07-15T19:13:15.200437" level="INFO">${name_title} = Mrs</msg>
<var>${name_title}</var>
<arg>${json_data["results"][0]["name"]["title"]}</arg>
<doc>Returns the given values which can then be assigned to a variables.</doc>
<status status="PASS" start="2024-07-15T19:13:15.199966" elapsed="0.000498"/>
</kw>
<kw name="Create List" owner="BuiltIn">
<msg time="2024-07-15T19:13:15.201033" level="INFO">${allowed_titles} = ['Mr', 'Ms', 'Miss', 'Mrs', 'Madame', 'Monsieur']</msg>
<var>${allowed_titles}</var>
<arg>Mr</arg>
<arg>Ms</arg>
<arg>Miss</arg>
<arg>Mrs</arg>
<arg>Madame</arg>
<arg>Monsieur</arg>
<doc>Returns a list containing given items.</doc>
<status status="PASS" start="2024-07-15T19:13:15.200824" elapsed="0.000248"/>
</kw>
<kw name="List Should Contain Value" owner="Collections">
<arg>${allowed_titles}</arg>
<arg>${name_title}</arg>
<doc>Fails if the ``value`` is not found from ``list``.</doc>
<status status="PASS" start="2024-07-15T19:13:15.201565" elapsed="0.000220"/>
</kw>
<kw name="Set Variable" owner="BuiltIn">
<msg time="2024-07-15T19:13:15.202406" level="INFO">${name_country} = IN</msg>
<var>${name_country}</var>
<arg>${json_data["results"][0]["nat"]}</arg>
<doc>Returns the given values which can then be assigned to a variables.</doc>
<status status="PASS" start="2024-07-15T19:13:15.202011" elapsed="0.000421"/>
</kw>
<kw name="Create List" owner="BuiltIn">
<msg time="2024-07-15T19:13:15.203344" level="INFO">${list_country} = ['AD', 'AE', 'AF', 'AG', 'AI', 'AL', 'AM', 'AO', 'AQ', 'AR', 'AS', 'AT', 'AU', 'AW', 'AX', 'AZ', 'BA', 'BB', 'BD', 'BE', 'BF', 'BG', 'BH', 'BI', 'BJ', 'BL', 'BM', 'BN', 'BO', 'BQ', 'BR', 'BS', 'BT', '...</msg>
<var>${list_country}</var>
<arg>AD</arg>
<arg>AE</arg>
<arg>AF</arg>
<arg>AG</arg>
<arg>AI</arg>
<arg>AL</arg>
<arg>AM</arg>
<arg>AO</arg>
<arg>AQ</arg>
<arg>AR</arg>
<arg>AS</arg>
<arg>AT</arg>
<arg>AU</arg>
<arg>AW</arg>
<arg>AX</arg>
<arg>AZ</arg>
<arg>BA</arg>
<arg>BB</arg>
<arg>BD</arg>
<arg>BE</arg>
<arg>BF</arg>
<arg>BG</arg>
<arg>BH</arg>
<arg>BI</arg>
<arg>BJ</arg>
<arg>BL</arg>
<arg>BM</arg>
<arg>BN</arg>
<arg>BO</arg>
<arg>BQ</arg>
<arg>BR</arg>
<arg>BS</arg>
<arg>BT</arg>
<arg>BV</arg>
<arg>BW</arg>
<arg>BY</arg>
<arg>BZ</arg>
<arg>CA</arg>
<arg>CC</arg>
<arg>CD</arg>
<arg>CF</arg>
<arg>CG</arg>
<arg>CH</arg>
<arg>CI</arg>
<arg>CK</arg>
<arg>CL</arg>
<arg>CM</arg>
<arg>CN</arg>
<arg>CO</arg>
<arg>CR</arg>
<arg>CU</arg>
<arg>CV</arg>
<arg>CW</arg>
<arg>CX</arg>
<arg>CY</arg>
<arg>CZ</arg>
<arg>DE</arg>
<arg>DJ</arg>
<arg>DK</arg>
<arg>DM</arg>
<arg>DO</arg>
<arg>DZ</arg>
<arg>EC</arg>
<arg>EE</arg>
<arg>EG</arg>
<arg>EH</arg>
<arg>ER</arg>
<arg>ES</arg>
<arg>ET</arg>
<arg>FI</arg>
<arg>FJ</arg>
<arg>FK</arg>
<arg>FM</arg>
<arg>FO</arg>
<arg>FR</arg>
<arg>GA</arg>
<arg>GB</arg>
<arg>GD</arg>
<arg>GE</arg>
<arg>GF</arg>
<arg>GG</arg>
<arg>GH</arg>
<arg>GI</arg>
<arg>GL</arg>
<arg>GM</arg>
<arg>GN</arg>
<arg>GP</arg>
<arg>GQ</arg>
<arg>GR</arg>
<arg>GS</arg>
<arg>GT</arg>
<arg>GU</arg>
<arg>GW</arg>
<arg>GY</arg>
<arg>HK</arg>
<arg>HM</arg>
<arg>HN</arg>
<arg>HR</arg>
<arg>HT</arg>
<arg>HU</arg>
<arg>ID</arg>
<arg>IE</arg>
<arg>IL</arg>
<arg>IM</arg>
<arg>IN</arg>
<arg>IO</arg>
<arg>IQ</arg>
<arg>IR</arg>
<arg>IS</arg>
<arg>IT</arg>
<arg>JE</arg>
<arg>JM</arg>
<arg>JO</arg>
<arg>JP</arg>
<arg>KE</arg>
<arg>KG</arg>
<arg>KH</arg>
<arg>KI</arg>
<arg>KM</arg>
<arg>KN</arg>
<arg>KP</arg>
<arg>KR</arg>
<arg>KW</arg>
<arg>KY</arg>
<arg>KZ</arg>
<arg>LA</arg>
<arg>LB</arg>
<arg>LC</arg>
<arg>LI</arg>
<arg>LK</arg>
<arg>LR</arg>
<arg>LS</arg>
<arg>LT</arg>
<arg>LU</arg>
<arg>LV</arg>
<arg>LY</arg>
<arg>MA</arg>
<arg>MC</arg>
<arg>MD</arg>
<arg>ME</arg>
<arg>MF</arg>
<arg>MG</arg>
<arg>MH</arg>
<arg>MK</arg>
<arg>ML</arg>
<arg>MM</arg>
<arg>MN</arg>
<arg>MO</arg>
<arg>MP</arg>
<arg>MQ</arg>
<arg>MR</arg>
<arg>MS</arg>
<arg>MT</arg>
<arg>MU</arg>
<arg>MV</arg>
<arg>MW</arg>
<arg>MX</arg>
<arg>MY</arg>
<arg>MZ</arg>
<arg>NA</arg>
<arg>NC</arg>
<arg>NE</arg>
<arg>NF</arg>
<arg>NG</arg>
<arg>NI</arg>
<arg>NL</arg>
<arg>NO</arg>
<arg>NP</arg>
<arg>NR</arg>
<arg>NU</arg>
<arg>NZ</arg>
<arg>OM</arg>
<arg>PA</arg>
<arg>PE</arg>
<arg>PF</arg>
<arg>PG</arg>
<arg>PH</arg>
<arg>PK</arg>
<arg>PL</arg>
<arg>PM</arg>
<arg>PN</arg>
<arg>PR</arg>
<arg>PS</arg>
<arg>PT</arg>
<arg>PW</arg>
<arg>PY</arg>
<arg>QA</arg>
<arg>RE</arg>
<arg>RO</arg>
<arg>RS</arg>
<arg>RU</arg>
<arg>RW</arg>
<arg>SA</arg>
<arg>SB</arg>
<arg>SC</arg>
<arg>SD</arg>
<arg>SE</arg>
<arg>SG</arg>
<arg>SH</arg>
<arg>SI</arg>
<arg>SJ</arg>
<arg>SK</arg>
<arg>SL</arg>
<arg>SM</arg>
<arg>SN</arg>
<arg>SO</arg>
<arg>SR</arg>
<arg>SS</arg>
<arg>ST</arg>
<arg>SV</arg>
<arg>SX</arg>
<arg>SY</arg>
<arg>SZ</arg>
<arg>TC</arg>
<arg>TD</arg>
<arg>TF</arg>
<arg>TG</arg>
<arg>TH</arg>
<arg>TJ</arg>
<arg>TK</arg>
<arg>TL</arg>
<arg>TM</arg>
<arg>TN</arg>
<arg>TO</arg>
<arg>TR</arg>
<arg>TT</arg>
<arg>TV</arg>
<arg>TW</arg>
<arg>TZ</arg>
<arg>UA</arg>
<arg>UG</arg>
<arg>UM</arg>
<arg>US</arg>
<arg>UY</arg>
<arg>UZ</arg>
<arg>VA</arg>
<arg>VC</arg>
<arg>VE</arg>
<arg>VG</arg>
<arg>VI</arg>
<arg>VN</arg>
<arg>VU</arg>
<arg>WF</arg>
<arg>WS</arg>
<arg>XK</arg>
<arg>YE</arg>
<arg>YT</arg>
<arg>ZA</arg>
<arg>ZM</arg>
<arg>ZW</arg>
<doc>Returns a list containing given items.</doc>
<status status="PASS" start="2024-07-15T19:13:15.202744" elapsed="0.000627"/>
</kw>
<kw name="List Should Contain Value" owner="Collections">
<arg>${list_country}</arg>
<arg>${name_country}</arg>
<doc>Fails if the ``value`` is not found from ``list``.</doc>
<status status="PASS" start="2024-07-15T19:13:15.204231" elapsed="0.000215"/>
</kw>
<kw name="Run Keyword If" owner="BuiltIn">
<kw name="Should Be True" owner="BuiltIn">
<arg>${True}</arg>
<doc>Fails if the given condition is not true.</doc>
<status status="PASS" start="2024-07-15T19:13:15.205426" elapsed="0.000156"/>
</kw>
<arg>${json_data["results"][0]["location"]["coordinates"]["latitude"]} &gt;= -90 and ${json_data["results"][0]["location"]["coordinates"]["latitude"]} &lt;= 90</arg>
<arg>Should Be True</arg>
<arg>${True}</arg>
<doc>Runs the given keyword with the given arguments, if ``condition`` is true.</doc>
<status status="PASS" start="2024-07-15T19:13:15.204648" elapsed="0.001066"/>
</kw>
<kw name="Run Keyword If" owner="BuiltIn">
<kw name="Should Be True" owner="BuiltIn">
<arg>${True}</arg>
<doc>Fails if the given condition is not true.</doc>
<status status="PASS" start="2024-07-15T19:13:15.206639" elapsed="0.000143"/>
</kw>
<arg>${json_data["results"][0]["location"]["coordinates"]["longitude"]} &gt;= -180 and ${json_data["results"][0]["location"]["coordinates"]["longitude"]} &lt;= 180</arg>
<arg>Should Be True</arg>
<arg>${True}</arg>
<doc>Runs the given keyword with the given arguments, if ``condition`` is true.</doc>
<status status="PASS" start="2024-07-15T19:13:15.205908" elapsed="0.001001"/>
</kw>
<status status="PASS" start="2024-07-15T19:13:15.100037" elapsed="0.107013"/>
</kw>
<doc>Testa o conteúdo específico dos campos retornados pela API.</doc>
<tag>testeConteudo</tag>
<status status="PASS" start="2024-07-15T19:13:15.099465" elapsed="0.107748"/>
</test>
<status status="PASS" start="2024-07-15T19:13:14.167258" elapsed="1.042079"/>
</suite>
<status status="PASS" start="2024-07-15T19:13:14.152415" elapsed="1.062402"/>
</suite>
<statistics>
<total>
<stat pass="5" fail="0" skip="0">All Tests</stat>
</total>
<tag>
<stat pass="1" fail="0" skip="0">testeConteudo</stat>
<stat pass="1" fail="0" skip="0">testeEstruturaResposta</stat>
<stat pass="1" fail="0" skip="0">testeRequisicaoBasica</stat>
<stat pass="1" fail="0" skip="0">testeTiposDados</stat>
</tag>
<suite>
<stat pass="5" fail="0" skip="0" id="s1" name="Tests">Tests</stat>
<stat pass="5" fail="0" skip="0" id="s1-s1" name="Random-User-Test">Tests.Random-User-Test</stat>
</suite>
</statistics>
<errors>
</errors>
</robot>
