<?xml version="1.0" encoding="UTF-8"?>
<robot generator="Robot 7.0 (Python 3.12.2 on linux)" generated="2024-04-03T11:11:50.123844" rpa="false" schemaversion="5">
<suite id="s1" name="Tests" source="/home/runner/work/DesafioQAItauRogerioJordao/DesafioQAItauRogerioJordao/RamdonUser/tests">
<suite id="s1-s1" name="Random-User-Test" source="/home/runner/work/DesafioQAItauRogerioJordao/DesafioQAItauRogerioJordao/RamdonUser/tests/random-user-test.robot">
<test id="s1-s1-t1" name="Conectar" line="13">
<kw name="Conectar API" owner="random-user-service">
<kw name="Create Session" owner="RequestsLibrary">
<msg time="2024-04-03T11:11:50.477527" level="INFO">Creating Session using : alias=consultarAPI, url=https://randomuser.me/, headers={},                     cookies={}, auth=None, timeout=None, proxies=None, verify=False,                     debug=0 </msg>
<arg>consultarAPI</arg>
<arg>${URL}</arg>
<doc>Create Session: create a HTTP session to a server</doc>
<status status="PASS" start="2024-04-03T11:11:50.477331" elapsed="0.000368"/>
</kw>
<status status="PASS" start="2024-04-03T11:11:50.476306" elapsed="0.001750"/>
</kw>
<status status="PASS" start="2024-04-03T11:11:50.475715" elapsed="0.002576"/>
</test>
<test id="s1-s1-t2" name="Validar retorno 200 e JSON Válido" line="16">
<kw name="Teste de Requisicao Basica" owner="random-user-service">
<kw name="GET On Session" owner="RequestsLibrary">
<msg time="2024-04-03T11:11:50.559924" level="INFO">GET Request : url=https://randomuser.me/api 
 path_url=/api 
 headers={'User-Agent': 'python-requests/2.31.0', 'Accept-Encoding': 'gzip, deflate', 'Accept': '*/*', 'Connection': 'keep-alive'} 
 body=None 
 </msg>
<msg time="2024-04-03T11:11:50.560053" level="INFO">GET Response : url=https://randomuser.me/api 
 status=200, reason=OK 
 headers={'Date': 'Wed, 03 Apr 2024 11:11:50 GMT', 'Content-Type': 'application/json; charset=utf-8', 'Transfer-Encoding': 'chunked', 'Connection': 'keep-alive', 'X-Powered-By': 'Express', 'Access-Control-Allow-Origin': '*', 'Cache-Control': 'no-cache', 'ETag': 'W/"487-doL38TjWnEiMssqb6Y/SWy1JA/A"', 'Vary': 'Accept-Encoding', 'Content-Encoding': 'gzip', 'CF-Cache-Status': 'DYNAMIC', 'Report-To': '{"endpoints":[{"url":"https:\\/\\/a.nel.cloudflare.com\\/report\\/v4?s=ELGdweCKZAqJlDI7XqvNv14YGZFhaLoSCvWvt7UaoD%2BCbdCLG9P0St0%2BXyq4MnjpZHKyjMauS1F8g349dDT65j%2FeWZJlmUdSdddiFzSMLADMG%2Flo2tXEpXFBdDG%2Fulwn"}],"group":"cf-nel","max_age":604800}', 'NEL': '{"success_fraction":0,"report_to":"cf-nel","max_age":604800}', 'Server': 'cloudflare', 'CF-RAY': '86e89ec4bf9689e7-ORD', 'alt-svc': 'h3=":443"; ma=86400'} 
 body={"results":[{"gender":"female","name":{"title":"Ms","first":"Aurora","last":"Wood"},"location":{"street":{"number":7837,"name":"Riccarton Road"},"city":"Nelson","state":"Canterbury","country":"New Zealand","postcode":65642,"coordinates":{"latitude":"52.5687","longitude":"82.2377"},"timezone":{"offset":"-3:00","description":"Brazil, Buenos Aires, Georgetown"}},"email":"aurora.wood@example.com","login":{"uuid":"1ef5cc82-9f1f-4412-9ed4-d7b1c7a9b50f","username":"crazyswan546","password":"steph","salt":"8g8pgiJ3","md5":"088dd081801269db933b4ce7283c88b6","sha1":"b625d725c5020fec2fcc2c4d99be9e40d139ba21","sha256":"5b26cb15cb1b51e5374c28fd28e1f2d3aae01f0208e7ab5cdf801570096b925c"},"dob":{"date":"1985-12-10T03:32:40.228Z","age":38},"registered":{"date":"2004-05-11T23:54:36.964Z","age":19},"phone":"(465)-730-9399","cell":"(935)-640-7999","id":{"name":"","value":null},"picture":{"large":"https://randomuser.me/api/portraits/women/78.jpg","medium":"https://randomuser.me/api/portraits/med/women/78.jpg","thumbnail":"https://randomuser.me/api/portraits/thumb/women/78.jpg"},"nat":"NZ"}],"info":{"seed":"d599e112329a3758","results":1,"page":1,"version":"1.4"}} 
 </msg>
<msg time="2024-04-03T11:11:50.560150" level="INFO">/opt/hostedtoolcache/Python/3.12.2/x64/lib/python3.12/site-packages/urllib3/connectionpool.py:1103: InsecureRequestWarning: Unverified HTTPS request is being made to host 'randomuser.me'. Adding certificate verification is strongly advised. See: https://urllib3.readthedocs.io/en/latest/advanced-usage.html#tls-warnings
  warnings.warn(</msg>
<msg time="2024-04-03T11:11:50.560290" level="INFO">${response} = &lt;Response [200]&gt;</msg>
<var>${response}</var>
<arg>consultarAPI</arg>
<arg>/api</arg>
<doc>Sends a GET request on a previously created HTTP Session.</doc>
<status status="PASS" start="2024-04-03T11:11:50.480991" elapsed="0.079338"/>
</kw>
<kw name="Should Be Equal As Numbers" owner="BuiltIn">
<msg time="2024-04-03T11:11:50.561214" level="INFO">Argument types are:
&lt;class 'int'&gt;
&lt;class 'str'&gt;</msg>
<arg>${response.status_code}</arg>
<arg>200</arg>
<doc>Fails if objects are unequal after converting them to real numbers.</doc>
<status status="PASS" start="2024-04-03T11:11:50.560790" elapsed="0.000489"/>
</kw>
<kw name="Log" owner="BuiltIn">
<msg time="2024-04-03T11:11:50.561964" level="INFO">200</msg>
<arg>${response.status_code}</arg>
<doc>Logs the given message with the given level.</doc>
<status status="PASS" start="2024-04-03T11:11:50.561600" elapsed="0.000407"/>
</kw>
<kw name="Set Variable" owner="BuiltIn">
<msg time="2024-04-03T11:11:50.562795" level="INFO">${json_data} = {'results': [{'gender': 'female', 'name': {'title': 'Ms', 'first': 'Aurora', 'last': 'Wood'}, 'location': {'street': {'number': 7837, 'name': 'Riccarton Road'}, 'city': 'Nelson', 'state': 'Canterbury'...</msg>
<var>${json_data}</var>
<arg>${response.json()}</arg>
<doc>Returns the given values which can then be assigned to a variables.</doc>
<status status="PASS" start="2024-04-03T11:11:50.562353" elapsed="0.000470"/>
</kw>
<kw name="Dictionary Should Contain Key" owner="Collections">
<msg time="2024-04-03T11:11:50.563301" level="INFO">False</msg>
<arg>${json_data}</arg>
<arg>results</arg>
<doc>Fails if ``key`` is not found from ``dictionary``.</doc>
<status status="PASS" start="2024-04-03T11:11:50.563134" elapsed="0.000207"/>
</kw>
<status status="PASS" start="2024-04-03T11:11:50.480740" elapsed="0.082859"/>
</kw>
<doc>Testa se a API responde corretamente e retorna um objeto JSON válido.</doc>
<tag>testeRequisicaoBasica</tag>
<status status="PASS" start="2024-04-03T11:11:50.480174" elapsed="0.083606"/>
</test>
<test id="s1-s1-t3" name="Validar estrutura de resposta" line="22">
<kw name="Teste de Estrutura de Resposta" owner="random-user-service">
<kw name="GET On Session" owner="RequestsLibrary">
<msg time="2024-04-03T11:11:50.654278" level="INFO">GET Request : url=https://randomuser.me/api 
 path_url=/api 
 headers={'User-Agent': 'python-requests/2.31.0', 'Accept-Encoding': 'gzip, deflate', 'Accept': '*/*', 'Connection': 'keep-alive'} 
 body=None 
 </msg>
<msg time="2024-04-03T11:11:50.654377" level="INFO">GET Response : url=https://randomuser.me/api 
 status=200, reason=OK 
 headers={'Date': 'Wed, 03 Apr 2024 11:11:50 GMT', 'Content-Type': 'application/json; charset=utf-8', 'Transfer-Encoding': 'chunked', 'Connection': 'keep-alive', 'X-Powered-By': 'Express', 'Access-Control-Allow-Origin': '*', 'Cache-Control': 'no-cache', 'ETag': 'W/"477-Gn8ZTcdY4RzlJnNdDE86AQTVt5I"', 'Vary': 'Accept-Encoding', 'Content-Encoding': 'gzip', 'CF-Cache-Status': 'DYNAMIC', 'Report-To': '{"endpoints":[{"url":"https:\\/\\/a.nel.cloudflare.com\\/report\\/v4?s=tdLBn%2BSIUQm7niTjVrcLrFS3Z3L7FX7KLsjM0i3xHX3qHrsxqIw1ATYtoSsuII5RbKrAGdaNwesF1039qrLcEApsQJDLmGKT05vRS7hQjWPztjSXvD%2B1mHHR0pNbskrl"}],"group":"cf-nel","max_age":604800}', 'NEL': '{"success_fraction":0,"report_to":"cf-nel","max_age":604800}', 'Server': 'cloudflare', 'CF-RAY': '86e89ec50fd089e7-ORD', 'alt-svc': 'h3=":443"; ma=86400'} 
 body={"results":[{"gender":"male","name":{"title":"Mr","first":"Tyler","last":"Chen"},"location":{"street":{"number":1751,"name":"Dickens Street"},"city":"Christchurch","state":"Wellington","country":"New Zealand","postcode":32291,"coordinates":{"latitude":"53.9919","longitude":"-41.6248"},"timezone":{"offset":"-2:00","description":"Mid-Atlantic"}},"email":"tyler.chen@example.com","login":{"uuid":"f06231e3-869d-445a-aa97-6746d8f3333d","username":"organicladybug458","password":"pantera","salt":"FyKYtwO6","md5":"80288d54d1ceb99539288c05e404c1c3","sha1":"fbdd78fdd945e4345ca4b162c8d6719cf7e29067","sha256":"4f9630313e713d3ea6a2b562af627c4518622ff9623f35dd5b87eb2710275a0a"},"dob":{"date":"1970-02-16T06:12:24.104Z","age":54},"registered":{"date":"2008-02-20T06:56:03.238Z","age":16},"phone":"(859)-222-2882","cell":"(136)-843-2899","id":{"name":"","value":null},"picture":{"large":"https://randomuser.me/api/portraits/men/41.jpg","medium":"https://randomuser.me/api/portraits/med/men/41.jpg","thumbnail":"https://randomuser.me/api/portraits/thumb/men/41.jpg"},"nat":"NZ"}],"info":{"seed":"7a710ec24f711b39","results":1,"page":1,"version":"1.4"}} 
 </msg>
<msg time="2024-04-03T11:11:50.654517" level="INFO">/opt/hostedtoolcache/Python/3.12.2/x64/lib/python3.12/site-packages/urllib3/connectionpool.py:1103: InsecureRequestWarning: Unverified HTTPS request is being made to host 'randomuser.me'. Adding certificate verification is strongly advised. See: https://urllib3.readthedocs.io/en/latest/advanced-usage.html#tls-warnings
  warnings.warn(</msg>
<msg time="2024-04-03T11:11:50.654660" level="INFO">${response} = &lt;Response [200]&gt;</msg>
<var>${response}</var>
<arg>consultarAPI</arg>
<arg>/api</arg>
<doc>Sends a GET request on a previously created HTTP Session.</doc>
<status status="PASS" start="2024-04-03T11:11:50.566503" elapsed="0.088189"/>
</kw>
<kw name="Set Variable" owner="BuiltIn">
<msg time="2024-04-03T11:11:50.655701" level="INFO">${json_data} = {'results': [{'gender': 'male', 'name': {'title': 'Mr', 'first': 'Tyler', 'last': 'Chen'}, 'location': {'street': {'number': 1751, 'name': 'Dickens Street'}, 'city': 'Christchurch', 'state': 'Wellingt...</msg>
<var>${json_data}</var>
<arg>${response.json()}</arg>
<doc>Returns the given values which can then be assigned to a variables.</doc>
<status status="PASS" start="2024-04-03T11:11:50.655178" elapsed="0.000552"/>
</kw>
<kw name="Log" owner="BuiltIn">
<msg time="2024-04-03T11:11:50.656235" level="INFO">{'results': [{'gender': 'male', 'name': {'title': 'Mr', 'first': 'Tyler', 'last': 'Chen'}, 'location': {'street': {'number': 1751, 'name': 'Dickens Street'}, 'city': 'Christchurch', 'state': 'Wellington', 'country': 'New Zealand', 'postcode': 32291, 'coordinates': {'latitude': '53.9919', 'longitude': '-41.6248'}, 'timezone': {'offset': '-2:00', 'description': 'Mid-Atlantic'}}, 'email': 'tyler.chen@example.com', 'login': {'uuid': 'f06231e3-869d-445a-aa97-6746d8f3333d', 'username': 'organicladybug458', 'password': 'pantera', 'salt': 'FyKYtwO6', 'md5': '80288d54d1ceb99539288c05e404c1c3', 'sha1': 'fbdd78fdd945e4345ca4b162c8d6719cf7e29067', 'sha256': '4f9630313e713d3ea6a2b562af627c4518622ff9623f35dd5b87eb2710275a0a'}, 'dob': {'date': '1970-02-16T06:12:24.104Z', 'age': 54}, 'registered': {'date': '2008-02-20T06:56:03.238Z', 'age': 16}, 'phone': '(859)-222-2882', 'cell': '(136)-843-2899', 'id': {'name': '', 'value': None}, 'picture': {'large': 'https://randomuser.me/api/portraits/men/41.jpg', 'medium': 'https://randomuser.me/api/portraits/med/men/41.jpg', 'thumbnail': 'https://randomuser.me/api/portraits/thumb/men/41.jpg'}, 'nat': 'NZ'}], 'info': {'seed': '7a710ec24f711b39', 'results': 1, 'page': 1, 'version': '1.4'}}</msg>
<arg>${json_data}</arg>
<doc>Logs the given message with the given level.</doc>
<status status="PASS" start="2024-04-03T11:11:50.656064" elapsed="0.000220"/>
</kw>
<kw name="Dictionary Should Contain Key" owner="Collections">
<msg time="2024-04-03T11:11:50.656763" level="INFO">False</msg>
<arg>${json_data}</arg>
<arg>results</arg>
<doc>Fails if ``key`` is not found from ``dictionary``.</doc>
<status status="PASS" start="2024-04-03T11:11:50.656599" elapsed="0.000202"/>
</kw>
<kw name="Should Not Be Empty" owner="BuiltIn">
<msg time="2024-04-03T11:11:50.657242" level="INFO">Length is 2.</msg>
<arg>${json_data}</arg>
<doc>Verifies that the given item is not empty.</doc>
<status status="PASS" start="2024-04-03T11:11:50.657103" elapsed="0.000179"/>
</kw>
<kw name="Create List" owner="BuiltIn">
<msg time="2024-04-03T11:11:50.657733" level="INFO">${expected_keys} = ['gender', 'name', 'location', 'email', 'login']</msg>
<var>${expected_keys}</var>
<arg>gender</arg>
<arg>name</arg>
<arg>location</arg>
<arg>email</arg>
<arg>login</arg>
<doc>Returns a list containing given items.</doc>
<status status="PASS" start="2024-04-03T11:11:50.657581" elapsed="0.000177"/>
</kw>
<for flavor="IN">
<iter>
<kw name="Dictionary Should Contain Key" owner="Collections">
<msg time="2024-04-03T11:11:50.658823" level="INFO">False</msg>
<arg>${json_data['results'][0]}</arg>
<arg>${key}</arg>
<doc>Fails if ``key`` is not found from ``dictionary``.</doc>
<status status="PASS" start="2024-04-03T11:11:50.658387" elapsed="0.000477"/>
</kw>
<kw name="Log" owner="BuiltIn">
<msg time="2024-04-03T11:11:50.659553" level="INFO">{'gender': 'male', 'name': {'title': 'Mr', 'first': 'Tyler', 'last': 'Chen'}, 'location': {'street': {'number': 1751, 'name': 'Dickens Street'}, 'city': 'Christchurch', 'state': 'Wellington', 'country': 'New Zealand', 'postcode': 32291, 'coordinates': {'latitude': '53.9919', 'longitude': '-41.6248'}, 'timezone': {'offset': '-2:00', 'description': 'Mid-Atlantic'}}, 'email': 'tyler.chen@example.com', 'login': {'uuid': 'f06231e3-869d-445a-aa97-6746d8f3333d', 'username': 'organicladybug458', 'password': 'pantera', 'salt': 'FyKYtwO6', 'md5': '80288d54d1ceb99539288c05e404c1c3', 'sha1': 'fbdd78fdd945e4345ca4b162c8d6719cf7e29067', 'sha256': '4f9630313e713d3ea6a2b562af627c4518622ff9623f35dd5b87eb2710275a0a'}, 'dob': {'date': '1970-02-16T06:12:24.104Z', 'age': 54}, 'registered': {'date': '2008-02-20T06:56:03.238Z', 'age': 16}, 'phone': '(859)-222-2882', 'cell': '(136)-843-2899', 'id': {'name': '', 'value': None}, 'picture': {'large': 'https://randomuser.me/api/portraits/men/41.jpg', 'medium': 'https://randomuser.me/api/portraits/med/men/41.jpg', 'thumbnail': 'https://randomuser.me/api/portraits/thumb/men/41.jpg'}, 'nat': 'NZ'}</msg>
<arg>${json_data['results'][0]}</arg>
<doc>Logs the given message with the given level.</doc>
<status status="PASS" start="2024-04-03T11:11:50.659178" elapsed="0.000430"/>
</kw>
<kw name="Log" owner="BuiltIn">
<msg time="2024-04-03T11:11:50.660052" level="INFO">gender</msg>
<arg>${key}</arg>
<doc>Logs the given message with the given level.</doc>
<status status="PASS" start="2024-04-03T11:11:50.659919" elapsed="0.000172"/>
</kw>
<var name="${key}">gender</var>
<status status="PASS" start="2024-04-03T11:11:50.658246" elapsed="0.002074"/>
</iter>
<iter>
<kw name="Dictionary Should Contain Key" owner="Collections">
<msg time="2024-04-03T11:11:50.661035" level="INFO">False</msg>
<arg>${json_data['results'][0]}</arg>
<arg>${key}</arg>
<doc>Fails if ``key`` is not found from ``dictionary``.</doc>
<status status="PASS" start="2024-04-03T11:11:50.660633" elapsed="0.000441"/>
</kw>
<kw name="Log" owner="BuiltIn">
<msg time="2024-04-03T11:11:50.661785" level="INFO">{'gender': 'male', 'name': {'title': 'Mr', 'first': 'Tyler', 'last': 'Chen'}, 'location': {'street': {'number': 1751, 'name': 'Dickens Street'}, 'city': 'Christchurch', 'state': 'Wellington', 'country': 'New Zealand', 'postcode': 32291, 'coordinates': {'latitude': '53.9919', 'longitude': '-41.6248'}, 'timezone': {'offset': '-2:00', 'description': 'Mid-Atlantic'}}, 'email': 'tyler.chen@example.com', 'login': {'uuid': 'f06231e3-869d-445a-aa97-6746d8f3333d', 'username': 'organicladybug458', 'password': 'pantera', 'salt': 'FyKYtwO6', 'md5': '80288d54d1ceb99539288c05e404c1c3', 'sha1': 'fbdd78fdd945e4345ca4b162c8d6719cf7e29067', 'sha256': '4f9630313e713d3ea6a2b562af627c4518622ff9623f35dd5b87eb2710275a0a'}, 'dob': {'date': '1970-02-16T06:12:24.104Z', 'age': 54}, 'registered': {'date': '2008-02-20T06:56:03.238Z', 'age': 16}, 'phone': '(859)-222-2882', 'cell': '(136)-843-2899', 'id': {'name': '', 'value': None}, 'picture': {'large': 'https://randomuser.me/api/portraits/men/41.jpg', 'medium': 'https://randomuser.me/api/portraits/med/men/41.jpg', 'thumbnail': 'https://randomuser.me/api/portraits/thumb/men/41.jpg'}, 'nat': 'NZ'}</msg>
<arg>${json_data['results'][0]}</arg>
<doc>Logs the given message with the given level.</doc>
<status status="PASS" start="2024-04-03T11:11:50.661415" elapsed="0.000418"/>
</kw>
<kw name="Log" owner="BuiltIn">
<msg time="2024-04-03T11:11:50.662301" level="INFO">name</msg>
<arg>${key}</arg>
<doc>Logs the given message with the given level.</doc>
<status status="PASS" start="2024-04-03T11:11:50.662148" elapsed="0.000194"/>
</kw>
<var name="${key}">name</var>
<status status="PASS" start="2024-04-03T11:11:50.660516" elapsed="0.002059"/>
</iter>
<iter>
<kw name="Dictionary Should Contain Key" owner="Collections">
<msg time="2024-04-03T11:11:50.663261" level="INFO">False</msg>
<arg>${json_data['results'][0]}</arg>
<arg>${key}</arg>
<doc>Fails if ``key`` is not found from ``dictionary``.</doc>
<status status="PASS" start="2024-04-03T11:11:50.662874" elapsed="0.000425"/>
</kw>
<kw name="Log" owner="BuiltIn">
<msg time="2024-04-03T11:11:50.663979" level="INFO">{'gender': 'male', 'name': {'title': 'Mr', 'first': 'Tyler', 'last': 'Chen'}, 'location': {'street': {'number': 1751, 'name': 'Dickens Street'}, 'city': 'Christchurch', 'state': 'Wellington', 'country': 'New Zealand', 'postcode': 32291, 'coordinates': {'latitude': '53.9919', 'longitude': '-41.6248'}, 'timezone': {'offset': '-2:00', 'description': 'Mid-Atlantic'}}, 'email': 'tyler.chen@example.com', 'login': {'uuid': 'f06231e3-869d-445a-aa97-6746d8f3333d', 'username': 'organicladybug458', 'password': 'pantera', 'salt': 'FyKYtwO6', 'md5': '80288d54d1ceb99539288c05e404c1c3', 'sha1': 'fbdd78fdd945e4345ca4b162c8d6719cf7e29067', 'sha256': '4f9630313e713d3ea6a2b562af627c4518622ff9623f35dd5b87eb2710275a0a'}, 'dob': {'date': '1970-02-16T06:12:24.104Z', 'age': 54}, 'registered': {'date': '2008-02-20T06:56:03.238Z', 'age': 16}, 'phone': '(859)-222-2882', 'cell': '(136)-843-2899', 'id': {'name': '', 'value': None}, 'picture': {'large': 'https://randomuser.me/api/portraits/men/41.jpg', 'medium': 'https://randomuser.me/api/portraits/med/men/41.jpg', 'thumbnail': 'https://randomuser.me/api/portraits/thumb/men/41.jpg'}, 'nat': 'NZ'}</msg>
<arg>${json_data['results'][0]}</arg>
<doc>Logs the given message with the given level.</doc>
<status status="PASS" start="2024-04-03T11:11:50.663603" elapsed="0.000429"/>
</kw>
<kw name="Log" owner="BuiltIn">
<msg time="2024-04-03T11:11:50.664467" level="INFO">location</msg>
<arg>${key}</arg>
<doc>Logs the given message with the given level.</doc>
<status status="PASS" start="2024-04-03T11:11:50.664338" elapsed="0.000167"/>
</kw>
<var name="${key}">location</var>
<status status="PASS" start="2024-04-03T11:11:50.662762" elapsed="0.001964"/>
</iter>
<iter>
<kw name="Dictionary Should Contain Key" owner="Collections">
<msg time="2024-04-03T11:11:50.665393" level="INFO">False</msg>
<arg>${json_data['results'][0]}</arg>
<arg>${key}</arg>
<doc>Fails if ``key`` is not found from ``dictionary``.</doc>
<status status="PASS" start="2024-04-03T11:11:50.665012" elapsed="0.000419"/>
</kw>
<kw name="Log" owner="BuiltIn">
<msg time="2024-04-03T11:11:50.666105" level="INFO">{'gender': 'male', 'name': {'title': 'Mr', 'first': 'Tyler', 'last': 'Chen'}, 'location': {'street': {'number': 1751, 'name': 'Dickens Street'}, 'city': 'Christchurch', 'state': 'Wellington', 'country': 'New Zealand', 'postcode': 32291, 'coordinates': {'latitude': '53.9919', 'longitude': '-41.6248'}, 'timezone': {'offset': '-2:00', 'description': 'Mid-Atlantic'}}, 'email': 'tyler.chen@example.com', 'login': {'uuid': 'f06231e3-869d-445a-aa97-6746d8f3333d', 'username': 'organicladybug458', 'password': 'pantera', 'salt': 'FyKYtwO6', 'md5': '80288d54d1ceb99539288c05e404c1c3', 'sha1': 'fbdd78fdd945e4345ca4b162c8d6719cf7e29067', 'sha256': '4f9630313e713d3ea6a2b562af627c4518622ff9623f35dd5b87eb2710275a0a'}, 'dob': {'date': '1970-02-16T06:12:24.104Z', 'age': 54}, 'registered': {'date': '2008-02-20T06:56:03.238Z', 'age': 16}, 'phone': '(859)-222-2882', 'cell': '(136)-843-2899', 'id': {'name': '', 'value': None}, 'picture': {'large': 'https://randomuser.me/api/portraits/men/41.jpg', 'medium': 'https://randomuser.me/api/portraits/med/men/41.jpg', 'thumbnail': 'https://randomuser.me/api/portraits/thumb/men/41.jpg'}, 'nat': 'NZ'}</msg>
<arg>${json_data['results'][0]}</arg>
<doc>Logs the given message with the given level.</doc>
<status status="PASS" start="2024-04-03T11:11:50.665739" elapsed="0.000414"/>
</kw>
<kw name="Log" owner="BuiltIn">
<msg time="2024-04-03T11:11:50.666630" level="INFO">email</msg>
<arg>${key}</arg>
<doc>Logs the given message with the given level.</doc>
<status status="PASS" start="2024-04-03T11:11:50.666500" elapsed="0.000168"/>
</kw>
<var name="${key}">email</var>
<status status="PASS" start="2024-04-03T11:11:50.664901" elapsed="0.001984"/>
</iter>
<iter>
<kw name="Dictionary Should Contain Key" owner="Collections">
<msg time="2024-04-03T11:11:50.667561" level="INFO">False</msg>
<arg>${json_data['results'][0]}</arg>
<arg>${key}</arg>
<doc>Fails if ``key`` is not found from ``dictionary``.</doc>
<status status="PASS" start="2024-04-03T11:11:50.667177" elapsed="0.000421"/>
</kw>
<kw name="Log" owner="BuiltIn">
<msg time="2024-04-03T11:11:50.668255" level="INFO">{'gender': 'male', 'name': {'title': 'Mr', 'first': 'Tyler', 'last': 'Chen'}, 'location': {'street': {'number': 1751, 'name': 'Dickens Street'}, 'city': 'Christchurch', 'state': 'Wellington', 'country': 'New Zealand', 'postcode': 32291, 'coordinates': {'latitude': '53.9919', 'longitude': '-41.6248'}, 'timezone': {'offset': '-2:00', 'description': 'Mid-Atlantic'}}, 'email': 'tyler.chen@example.com', 'login': {'uuid': 'f06231e3-869d-445a-aa97-6746d8f3333d', 'username': 'organicladybug458', 'password': 'pantera', 'salt': 'FyKYtwO6', 'md5': '80288d54d1ceb99539288c05e404c1c3', 'sha1': 'fbdd78fdd945e4345ca4b162c8d6719cf7e29067', 'sha256': '4f9630313e713d3ea6a2b562af627c4518622ff9623f35dd5b87eb2710275a0a'}, 'dob': {'date': '1970-02-16T06:12:24.104Z', 'age': 54}, 'registered': {'date': '2008-02-20T06:56:03.238Z', 'age': 16}, 'phone': '(859)-222-2882', 'cell': '(136)-843-2899', 'id': {'name': '', 'value': None}, 'picture': {'large': 'https://randomuser.me/api/portraits/men/41.jpg', 'medium': 'https://randomuser.me/api/portraits/med/men/41.jpg', 'thumbnail': 'https://randomuser.me/api/portraits/thumb/men/41.jpg'}, 'nat': 'NZ'}</msg>
<arg>${json_data['results'][0]}</arg>
<doc>Logs the given message with the given level.</doc>
<status status="PASS" start="2024-04-03T11:11:50.667894" elapsed="0.000408"/>
</kw>
<kw name="Log" owner="BuiltIn">
<msg time="2024-04-03T11:11:50.668723" level="INFO">login</msg>
<arg>${key}</arg>
<doc>Logs the given message with the given level.</doc>
<status status="PASS" start="2024-04-03T11:11:50.668596" elapsed="0.000273"/>
</kw>
<var name="${key}">login</var>
<status status="PASS" start="2024-04-03T11:11:50.667061" elapsed="0.002043"/>
</iter>
<var>${key}</var>
<value>@{expected_keys}</value>
<status status="PASS" start="2024-04-03T11:11:50.658025" elapsed="0.011205"/>
</for>
<kw name="Create List" owner="BuiltIn">
<msg time="2024-04-03T11:11:50.669598" level="INFO">${expected_keysTwo} = ['username', 'password']</msg>
<var>${expected_keysTwo}</var>
<arg>username</arg>
<arg>password</arg>
<doc>Returns a list containing given items.</doc>
<status status="PASS" start="2024-04-03T11:11:50.669458" elapsed="0.000165"/>
</kw>
<for flavor="IN">
<iter>
<kw name="Dictionary Should Contain Key" owner="Collections">
<msg time="2024-04-03T11:11:50.670560" level="INFO">False</msg>
<arg>${json_data['results'][0]['login']}</arg>
<arg>${keyTwo}</arg>
<doc>Fails if ``key`` is not found from ``dictionary``.</doc>
<status status="PASS" start="2024-04-03T11:11:50.670129" elapsed="0.000468"/>
</kw>
<kw name="Dictionary Should Contain Key" owner="Collections">
<msg time="2024-04-03T11:11:50.671278" level="INFO">False</msg>
<arg>${json_data['results'][0]['login']}</arg>
<arg>${keyTwo}</arg>
<doc>Fails if ``key`` is not found from ``dictionary``.</doc>
<status status="PASS" start="2024-04-03T11:11:50.670899" elapsed="0.000416"/>
</kw>
<kw name="Log" owner="BuiltIn">
<msg time="2024-04-03T11:11:50.671741" level="INFO">username</msg>
<arg>${keyTwo}</arg>
<doc>Logs the given message with the given level.</doc>
<status status="PASS" start="2024-04-03T11:11:50.671611" elapsed="0.000167"/>
</kw>
<var name="${keyTwo}">username</var>
<status status="PASS" start="2024-04-03T11:11:50.670019" elapsed="0.001976"/>
</iter>
<iter>
<kw name="Dictionary Should Contain Key" owner="Collections">
<msg time="2024-04-03T11:11:50.672680" level="INFO">False</msg>
<arg>${json_data['results'][0]['login']}</arg>
<arg>${keyTwo}</arg>
<doc>Fails if ``key`` is not found from ``dictionary``.</doc>
<status status="PASS" start="2024-04-03T11:11:50.672278" elapsed="0.000439"/>
</kw>
<kw name="Dictionary Should Contain Key" owner="Collections">
<msg time="2024-04-03T11:11:50.673395" level="INFO">False</msg>
<arg>${json_data['results'][0]['login']}</arg>
<arg>${keyTwo}</arg>
<doc>Fails if ``key`` is not found from ``dictionary``.</doc>
<status status="PASS" start="2024-04-03T11:11:50.673012" elapsed="0.000436"/>
</kw>
<kw name="Log" owner="BuiltIn">
<msg time="2024-04-03T11:11:50.673877" level="INFO">password</msg>
<arg>${keyTwo}</arg>
<doc>Logs the given message with the given level.</doc>
<status status="PASS" start="2024-04-03T11:11:50.673749" elapsed="0.000166"/>
</kw>
<var name="${keyTwo}">password</var>
<status status="PASS" start="2024-04-03T11:11:50.672168" elapsed="0.001972"/>
</iter>
<var>${keyTwo}</var>
<value>@{expected_keysTwo}</value>
<status status="PASS" start="2024-04-03T11:11:50.669865" elapsed="0.004442"/>
</for>
<status status="PASS" start="2024-04-03T11:11:50.566261" elapsed="0.108193"/>
</kw>
<doc>Testa a estrutura da resposta da API.</doc>
<tag>testeEstruturaResposta</tag>
<status status="PASS" start="2024-04-03T11:11:50.565605" elapsed="0.109016"/>
</test>
<test id="s1-s1-t4" name="Validar tipos de dados" line="28">
<kw name="Teste de Tipos de Dados" owner="random-user-service">
<kw name="GET On Session" owner="RequestsLibrary">
<msg time="2024-04-03T11:11:50.758931" level="INFO">GET Request : url=https://randomuser.me/api 
 path_url=/api 
 headers={'User-Agent': 'python-requests/2.31.0', 'Accept-Encoding': 'gzip, deflate', 'Accept': '*/*', 'Connection': 'keep-alive'} 
 body=None 
 </msg>
<msg time="2024-04-03T11:11:50.759029" level="INFO">GET Response : url=https://randomuser.me/api 
 status=200, reason=OK 
 headers={'Date': 'Wed, 03 Apr 2024 11:11:50 GMT', 'Content-Type': 'application/json; charset=utf-8', 'Transfer-Encoding': 'chunked', 'Connection': 'keep-alive', 'X-Powered-By': 'Express', 'Access-Control-Allow-Origin': '*', 'Cache-Control': 'no-cache', 'ETag': 'W/"48d-Ux3/CID6rdH5Y13u0w0BNtmaE04"', 'Vary': 'Accept-Encoding', 'Content-Encoding': 'gzip', 'CF-Cache-Status': 'DYNAMIC', 'Report-To': '{"endpoints":[{"url":"https:\\/\\/a.nel.cloudflare.com\\/report\\/v4?s=gm59pTLHKq12t0VBqCwfVWlYQufeHTPmV0WW%2FlYHpEhLxnyfXwDXOtOn5WVii29CBmuLhSHIQeiP0qjqnd1s41Fs6WlaCaUFyqIOymsNH3%2BvHUyLZnVsKRoMnd%2FMKoBF"}],"group":"cf-nel","max_age":604800}', 'NEL': '{"success_fraction":0,"report_to":"cf-nel","max_age":604800}', 'Server': 'cloudflare', 'CF-RAY': '86e89ec5b84289e7-ORD', 'alt-svc': 'h3=":443"; ma=86400'} 
 body={"results":[{"gender":"female","name":{"title":"Mrs","first":"Zhozefina","last":"Zbarazka"},"location":{"street":{"number":5434,"name":"Zhon Mironosic"},"city":"Hodoriv","state":"Sumska","country":"Ukraine","postcode":46003,"coordinates":{"latitude":"75.6998","longitude":"54.2742"},"timezone":{"offset":"-7:00","description":"Mountain Time (US &amp; Canada)"}},"email":"zhozefina.zbarazka@example.com","login":{"uuid":"458285eb-6b54-4f38-9ea0-ec6f76485f1d","username":"beautifultiger801","password":"peng","salt":"Sxp8mHe4","md5":"70c2c2c8e3ddbc2288a2878d0ab2658c","sha1":"bc324282a60179ed6eff997984db148a4999d9ea","sha256":"7f3711af67328303987dc0bb45c45c1d123bc303faa579937b921bdb4716fbc0"},"dob":{"date":"1967-08-30T09:51:26.749Z","age":56},"registered":{"date":"2021-02-24T10:38:56.467Z","age":3},"phone":"(068) G53-9183","cell":"(096) I31-1214","id":{"name":"","value":null},"picture":{"large":"https://randomuser.me/api/portraits/women/46.jpg","medium":"https://randomuser.me/api/portraits/med/women/46.jpg","thumbnail":"https://randomuser.me/api/portraits/thumb/women/46.jpg"},"nat":"UA"}],"info":{"seed":"83bbee251db58f3c","results":1,"page":1,"version":"1.4"}} 
 </msg>
<msg time="2024-04-03T11:11:50.759107" level="INFO">/opt/hostedtoolcache/Python/3.12.2/x64/lib/python3.12/site-packages/urllib3/connectionpool.py:1103: InsecureRequestWarning: Unverified HTTPS request is being made to host 'randomuser.me'. Adding certificate verification is strongly advised. See: https://urllib3.readthedocs.io/en/latest/advanced-usage.html#tls-warnings
  warnings.warn(</msg>
<msg time="2024-04-03T11:11:50.759260" level="INFO">${response} = &lt;Response [200]&gt;</msg>
<var>${response}</var>
<arg>consultarAPI</arg>
<arg>/api</arg>
<doc>Sends a GET request on a previously created HTTP Session.</doc>
<status status="PASS" start="2024-04-03T11:11:50.677078" elapsed="0.082236"/>
</kw>
<kw name="Set Variable" owner="BuiltIn">
<msg time="2024-04-03T11:11:50.760278" level="INFO">${json_data} = {'results': [{'gender': 'female', 'name': {'title': 'Mrs', 'first': 'Zhozefina', 'last': 'Zbarazka'}, 'location': {'street': {'number': 5434, 'name': 'Zhon Mironosic'}, 'city': 'Hodoriv', 'state': 'Su...</msg>
<var>${json_data}</var>
<arg>${response.json()}</arg>
<doc>Returns the given values which can then be assigned to a variables.</doc>
<status status="PASS" start="2024-04-03T11:11:50.759777" elapsed="0.000529"/>
</kw>
<kw name="Log" owner="BuiltIn">
<msg time="2024-04-03T11:11:50.760818" level="INFO">{'results': [{'gender': 'female', 'name': {'title': 'Mrs', 'first': 'Zhozefina', 'last': 'Zbarazka'}, 'location': {'street': {'number': 5434, 'name': 'Zhon Mironosic'}, 'city': 'Hodoriv', 'state': 'Sumska', 'country': 'Ukraine', 'postcode': 46003, 'coordinates': {'latitude': '75.6998', 'longitude': '54.2742'}, 'timezone': {'offset': '-7:00', 'description': 'Mountain Time (US &amp; Canada)'}}, 'email': 'zhozefina.zbarazka@example.com', 'login': {'uuid': '458285eb-6b54-4f38-9ea0-ec6f76485f1d', 'username': 'beautifultiger801', 'password': 'peng', 'salt': 'Sxp8mHe4', 'md5': '70c2c2c8e3ddbc2288a2878d0ab2658c', 'sha1': 'bc324282a60179ed6eff997984db148a4999d9ea', 'sha256': '7f3711af67328303987dc0bb45c45c1d123bc303faa579937b921bdb4716fbc0'}, 'dob': {'date': '1967-08-30T09:51:26.749Z', 'age': 56}, 'registered': {'date': '2021-02-24T10:38:56.467Z', 'age': 3}, 'phone': '(068) G53-9183', 'cell': '(096) I31-1214', 'id': {'name': '', 'value': None}, 'picture': {'large': 'https://randomuser.me/api/portraits/women/46.jpg', 'medium': 'https://randomuser.me/api/portraits/med/women/46.jpg', 'thumbnail': 'https://randomuser.me/api/portraits/thumb/women/46.jpg'}, 'nat': 'UA'}], 'info': {'seed': '83bbee251db58f3c', 'results': 1, 'page': 1, 'version': '1.4'}}</msg>
<arg>${json_data}</arg>
<doc>Logs the given message with the given level.</doc>
<status status="PASS" start="2024-04-03T11:11:50.760654" elapsed="0.000214"/>
</kw>
<kw name="Should Be String" owner="String">
<arg>${json_data['results'][0]['gender']}</arg>
<doc>Fails if the given ``item`` is not a string.</doc>
<status status="PASS" start="2024-04-03T11:11:50.761203" elapsed="0.000377"/>
</kw>
<kw name="Should Match Regexp" owner="BuiltIn">
<arg>${json_data['results'][0]['email']}</arg>
<arg>^[a-zA-Z0-9._%+-]+@[a-zA-Z0-9.-]+\.[a-zA-Z]{2,}$</arg>
<doc>Fails if ``string`` does not match ``pattern`` as a regular expression.</doc>
<status status="PASS" start="2024-04-03T11:11:50.761779" elapsed="0.000566"/>
</kw>
<kw name="Should Match Regexp" owner="BuiltIn">
<arg>${json_data['results'][0]['dob']['date']}</arg>
<arg>\\d{4}-\\d{2}-\\d{2}T\\d{2}:\\d{2}:\\d{2}\\.\\d{3}Z</arg>
<doc>Fails if ``string`` does not match ``pattern`` as a regular expression.</doc>
<status status="PASS" start="2024-04-03T11:11:50.762557" elapsed="0.000510"/>
</kw>
<kw name="Should Match Regexp" owner="BuiltIn">
<arg>${json_data['results'][0]['registered']['date']}</arg>
<arg>\\d{4}-\\d{2}-\\d{2}T\\d{2}:\\d{2}:\\d{2}\\.\\d{3}Z</arg>
<doc>Fails if ``string`` does not match ``pattern`` as a regular expression.</doc>
<status status="PASS" start="2024-04-03T11:11:50.763263" elapsed="0.000372"/>
</kw>
<kw name="Should Match Regexp" owner="BuiltIn">
<arg>${json_data['results'][0]['picture']['large']}</arg>
<arg>^https?://.*\.(?:png|jpe?g|gif|bmp)$</arg>
<doc>Fails if ``string`` does not match ``pattern`` as a regular expression.</doc>
<status status="PASS" start="2024-04-03T11:11:50.763825" elapsed="0.000466"/>
</kw>
<kw name="Should Match Regexp" owner="BuiltIn">
<arg>${json_data['results'][0]['picture']['medium']}</arg>
<arg>^https?://.*\.(?:png|jpe?g|gif|bmp)$</arg>
<doc>Fails if ``string`` does not match ``pattern`` as a regular expression.</doc>
<status status="PASS" start="2024-04-03T11:11:50.764483" elapsed="0.000361"/>
</kw>
<kw name="Should Match Regexp" owner="BuiltIn">
<arg>${json_data['results'][0]['picture']['thumbnail']}</arg>
<arg>^https?://.*\.(?:png|jpe?g|gif|bmp)$</arg>
<doc>Fails if ``string`` does not match ``pattern`` as a regular expression.</doc>
<status status="PASS" start="2024-04-03T11:11:50.765031" elapsed="0.000359"/>
</kw>
<kw name="Log" owner="BuiltIn">
<msg time="2024-04-03T11:11:50.765899" level="INFO">{'large': 'https://randomuser.me/api/portraits/women/46.jpg', 'medium': 'https://randomuser.me/api/portraits/med/women/46.jpg', 'thumbnail': 'https://randomuser.me/api/portraits/thumb/women/46.jpg'}</msg>
<arg>${json_data['results'][0]['picture']}</arg>
<doc>Logs the given message with the given level.</doc>
<status status="PASS" start="2024-04-03T11:11:50.765572" elapsed="0.000376"/>
</kw>
<status status="PASS" start="2024-04-03T11:11:50.676842" elapsed="0.089369"/>
</kw>
<kw name="Teste de Tipos de Dados - Postcode" owner="random-user-service">
<kw name="GET On Session" owner="RequestsLibrary">
<msg time="2024-04-03T11:11:50.860030" level="INFO">GET Request : url=https://randomuser.me/api 
 path_url=/api 
 headers={'User-Agent': 'python-requests/2.31.0', 'Accept-Encoding': 'gzip, deflate', 'Accept': '*/*', 'Connection': 'keep-alive'} 
 body=None 
 </msg>
<msg time="2024-04-03T11:11:50.860134" level="INFO">GET Response : url=https://randomuser.me/api 
 status=200, reason=OK 
 headers={'Date': 'Wed, 03 Apr 2024 11:11:50 GMT', 'Content-Type': 'application/json; charset=utf-8', 'Transfer-Encoding': 'chunked', 'Connection': 'keep-alive', 'X-Powered-By': 'Express', 'Access-Control-Allow-Origin': '*', 'Cache-Control': 'no-cache', 'ETag': 'W/"47c-BSko/ZJ8GGr5rk5OZ6VL2jbb3ow"', 'Vary': 'Accept-Encoding', 'Content-Encoding': 'gzip', 'CF-Cache-Status': 'DYNAMIC', 'Report-To': '{"endpoints":[{"url":"https:\\/\\/a.nel.cloudflare.com\\/report\\/v4?s=LGwUXVpDV2nR%2FvzvBDibP4RkjMhKYOaNa%2B5P%2FJigyt9wL1McmLwh0m9%2FcZoDMlRqFBZ7788cx7IBL3N49Mjb%2Fj9azzYwzDTF78XeWc8zsE6IZIYVZX3O4YcyS7lB%2B5zh"}],"group":"cf-nel","max_age":604800}', 'NEL': '{"success_fraction":0,"report_to":"cf-nel","max_age":604800}', 'Server': 'cloudflare', 'CF-RAY': '86e89ec6489b89e7-ORD', 'alt-svc': 'h3=":443"; ma=86400'} 
 body={"results":[{"gender":"male","name":{"title":"Mr","first":"Sebastian","last":"Ehrlich"},"location":{"street":{"number":2870,"name":"Kirchweg"},"city":"Olpe","state":"Baden-Württemberg","country":"Germany","postcode":17088,"coordinates":{"latitude":"-51.4181","longitude":"-102.8851"},"timezone":{"offset":"-10:00","description":"Hawaii"}},"email":"sebastian.ehrlich@example.com","login":{"uuid":"d2148a01-3eb1-4d9e-8ab2-e5c3ab727185","username":"saddog898","password":"ophelia","salt":"o3Tf1M3U","md5":"4b63187d65306d93c245437fd419224f","sha1":"4cf78f3839fd2004964bcfbc46a406602e729894","sha256":"a0c3f63df5027d533888f551362b80dfe77f29b13cc0634762d6bf8b7a0e9bea"},"dob":{"date":"1965-10-12T01:09:09.643Z","age":58},"registered":{"date":"2017-07-26T08:17:12.886Z","age":6},"phone":"0664-1405392","cell":"0176-2008765","id":{"name":"SVNR","value":"63 111065 E 077"},"picture":{"large":"https://randomuser.me/api/portraits/men/22.jpg","medium":"https://randomuser.me/api/portraits/med/men/22.jpg","thumbnail":"https://randomuser.me/api/portraits/thumb/men/22.jpg"},"nat":"DE"}],"info":{"seed":"7e11e1fe4f58ae5c","results":1,"page":1,"version":"1.4"}} 
 </msg>
<msg time="2024-04-03T11:11:50.860226" level="INFO">/opt/hostedtoolcache/Python/3.12.2/x64/lib/python3.12/site-packages/urllib3/connectionpool.py:1103: InsecureRequestWarning: Unverified HTTPS request is being made to host 'randomuser.me'. Adding certificate verification is strongly advised. See: https://urllib3.readthedocs.io/en/latest/advanced-usage.html#tls-warnings
  warnings.warn(</msg>
<msg time="2024-04-03T11:11:50.860379" level="INFO">${response} = &lt;Response [200]&gt;</msg>
<var>${response}</var>
<arg>consultarAPI</arg>
<arg>/api</arg>
<doc>Sends a GET request on a previously created HTTP Session.</doc>
<status status="PASS" start="2024-04-03T11:11:50.766845" elapsed="0.093575"/>
</kw>
<kw name="Set Variable" owner="BuiltIn">
<msg time="2024-04-03T11:11:50.861483" level="INFO">${json_data} = {'results': [{'gender': 'male', 'name': {'title': 'Mr', 'first': 'Sebastian', 'last': 'Ehrlich'}, 'location': {'street': {'number': 2870, 'name': 'Kirchweg'}, 'city': 'Olpe', 'state': 'Baden-Württembe...</msg>
<var>${json_data}</var>
<arg>${response.json()}</arg>
<doc>Returns the given values which can then be assigned to a variables.</doc>
<status status="PASS" start="2024-04-03T11:11:50.860952" elapsed="0.000561"/>
</kw>
<kw name="Log" owner="BuiltIn">
<msg time="2024-04-03T11:11:50.862028" level="INFO">{'results': [{'gender': 'male', 'name': {'title': 'Mr', 'first': 'Sebastian', 'last': 'Ehrlich'}, 'location': {'street': {'number': 2870, 'name': 'Kirchweg'}, 'city': 'Olpe', 'state': 'Baden-Württemberg', 'country': 'Germany', 'postcode': 17088, 'coordinates': {'latitude': '-51.4181', 'longitude': '-102.8851'}, 'timezone': {'offset': '-10:00', 'description': 'Hawaii'}}, 'email': 'sebastian.ehrlich@example.com', 'login': {'uuid': 'd2148a01-3eb1-4d9e-8ab2-e5c3ab727185', 'username': 'saddog898', 'password': 'ophelia', 'salt': 'o3Tf1M3U', 'md5': '4b63187d65306d93c245437fd419224f', 'sha1': '4cf78f3839fd2004964bcfbc46a406602e729894', 'sha256': 'a0c3f63df5027d533888f551362b80dfe77f29b13cc0634762d6bf8b7a0e9bea'}, 'dob': {'date': '1965-10-12T01:09:09.643Z', 'age': 58}, 'registered': {'date': '2017-07-26T08:17:12.886Z', 'age': 6}, 'phone': '0664-1405392', 'cell': '0176-2008765', 'id': {'name': 'SVNR', 'value': '63 111065 E 077'}, 'picture': {'large': 'https://randomuser.me/api/portraits/men/22.jpg', 'medium': 'https://randomuser.me/api/portraits/med/men/22.jpg', 'thumbnail': 'https://randomuser.me/api/portraits/thumb/men/22.jpg'}, 'nat': 'DE'}], 'info': {'seed': '7e11e1fe4f58ae5c', 'results': 1, 'page': 1, 'version': '1.4'}}</msg>
<arg>${json_data}</arg>
<doc>Logs the given message with the given level.</doc>
<status status="PASS" start="2024-04-03T11:11:50.861860" elapsed="0.000219"/>
</kw>
<kw name="Should Be Equal As Numbers" owner="BuiltIn">
<arg>${json_data['results'][0]['location']['postcode']}</arg>
<arg>${json_data['results'][0]['location']['postcode']}</arg>
<doc>Fails if objects are unequal after converting them to real numbers.</doc>
<status status="PASS" start="2024-04-03T11:11:50.862451" elapsed="0.000712"/>
</kw>
<kw name="Log" owner="BuiltIn">
<msg time="2024-04-03T11:11:50.863711" level="INFO">17088</msg>
<arg>${json_data['results'][0]['location']['postcode']}</arg>
<doc>Logs the given message with the given level.</doc>
<status status="PASS" start="2024-04-03T11:11:50.863366" elapsed="0.000387"/>
</kw>
<status status="PASS" start="2024-04-03T11:11:50.766471" elapsed="0.097547"/>
</kw>
<doc>Testa se os tipos de dados na resposta da API estão corretos.</doc>
<tag>testeTiposDados</tag>
<status status="PASS" start="2024-04-03T11:11:50.676377" elapsed="0.187822"/>
</test>
<test id="s1-s1-t5" name="Validar conteudo" line="35">
<kw name="Teste de Tipos de Conteudo" owner="random-user-service">
<kw name="GET On Session" owner="RequestsLibrary">
<msg time="2024-04-03T11:11:50.958754" level="INFO">GET Request : url=https://randomuser.me/api 
 path_url=/api 
 headers={'User-Agent': 'python-requests/2.31.0', 'Accept-Encoding': 'gzip, deflate', 'Accept': '*/*', 'Connection': 'keep-alive'} 
 body=None 
 </msg>
<msg time="2024-04-03T11:11:50.958852" level="INFO">GET Response : url=https://randomuser.me/api 
 status=200, reason=OK 
 headers={'Date': 'Wed, 03 Apr 2024 11:11:50 GMT', 'Content-Type': 'application/json; charset=utf-8', 'Transfer-Encoding': 'chunked', 'Connection': 'keep-alive', 'X-Powered-By': 'Express', 'Access-Control-Allow-Origin': '*', 'Cache-Control': 'no-cache', 'ETag': 'W/"48d-Hn59dyOxf5dmtkDab2L/wejS08s"', 'Vary': 'Accept-Encoding', 'Content-Encoding': 'gzip', 'CF-Cache-Status': 'DYNAMIC', 'Report-To': '{"endpoints":[{"url":"https:\\/\\/a.nel.cloudflare.com\\/report\\/v4?s=VYLCSs0TaRD0lWaqERt5rupPvv5DGPIt17H3ETZO9KVVlJNqjME32vNObEjGrnifCdu%2FFc9QJIjEtJeu4CKfXPuiXlnXbKS%2Fjiuqd0HhCPhi2QPYlg%2BkCYq9y%2BqKB3Qe"}],"group":"cf-nel","max_age":604800}', 'NEL': '{"success_fraction":0,"report_to":"cf-nel","max_age":604800}', 'Server': 'cloudflare', 'CF-RAY': '86e89ec6e90689e7-ORD', 'alt-svc': 'h3=":443"; ma=86400'} 
 body={"results":[{"gender":"female","name":{"title":"Miss","first":"Patricia","last":"Soto"},"location":{"street":{"number":1347,"name":"Calle de Toledo"},"city":"Fuenlabrada","state":"Asturias","country":"Spain","postcode":96938,"coordinates":{"latitude":"-35.2472","longitude":"153.0627"},"timezone":{"offset":"+7:00","description":"Bangkok, Hanoi, Jakarta"}},"email":"patricia.soto@example.com","login":{"uuid":"ce4d2a42-fb08-48bb-9937-b718e77beb14","username":"heavyostrich549","password":"came11","salt":"SbHHSUwK","md5":"a857d67b49eb43f4354856147794ba07","sha1":"1c060335fe949ecdf337f60f455032c8378ec757","sha256":"f33f30c0bccd473fe1553b720a5ececa8c44b91f3a60169c2854b7cedb759b48"},"dob":{"date":"1949-08-13T05:25:57.481Z","age":74},"registered":{"date":"2013-02-08T12:38:45.508Z","age":11},"phone":"944-787-021","cell":"672-248-654","id":{"name":"DNI","value":"42251209-K"},"picture":{"large":"https://randomuser.me/api/portraits/women/85.jpg","medium":"https://randomuser.me/api/portraits/med/women/85.jpg","thumbnail":"https://randomuser.me/api/portraits/thumb/women/85.jpg"},"nat":"ES"}],"info":{"seed":"11bed7afbc0c173c","results":1,"page":1,"version":"1.4"}} 
 </msg>
<msg time="2024-04-03T11:11:50.958919" level="INFO">/opt/hostedtoolcache/Python/3.12.2/x64/lib/python3.12/site-packages/urllib3/connectionpool.py:1103: InsecureRequestWarning: Unverified HTTPS request is being made to host 'randomuser.me'. Adding certificate verification is strongly advised. See: https://urllib3.readthedocs.io/en/latest/advanced-usage.html#tls-warnings
  warnings.warn(</msg>
<msg time="2024-04-03T11:11:50.959056" level="INFO">${response} = &lt;Response [200]&gt;</msg>
<var>${response}</var>
<arg>consultarAPI</arg>
<arg>/api</arg>
<doc>Sends a GET request on a previously created HTTP Session.</doc>
<status status="PASS" start="2024-04-03T11:11:50.867129" elapsed="0.091970"/>
</kw>
<kw name="Set Variable" owner="BuiltIn">
<msg time="2024-04-03T11:11:50.960169" level="INFO">${json_data} = {'results': [{'gender': 'female', 'name': {'title': 'Miss', 'first': 'Patricia', 'last': 'Soto'}, 'location': {'street': {'number': 1347, 'name': 'Calle de Toledo'}, 'city': 'Fuenlabrada', 'state': 'A...</msg>
<var>${json_data}</var>
<arg>${response.json()}</arg>
<doc>Returns the given values which can then be assigned to a variables.</doc>
<status status="PASS" start="2024-04-03T11:11:50.959646" elapsed="0.000551"/>
</kw>
<kw name="Set Variable" owner="BuiltIn">
<msg time="2024-04-03T11:11:50.960879" level="INFO">${name_title} = Miss</msg>
<var>${name_title}</var>
<arg>${json_data["results"][0]["name"]["title"]}</arg>
<doc>Returns the given values which can then be assigned to a variables.</doc>
<status status="PASS" start="2024-04-03T11:11:50.960502" elapsed="0.000402"/>
</kw>
<kw name="Create List" owner="BuiltIn">
<msg time="2024-04-03T11:11:50.961352" level="INFO">${allowed_titles} = ['Mr', 'Ms', 'Miss', 'Mrs', 'Madame', 'Monsieur']</msg>
<var>${allowed_titles}</var>
<arg>Mr</arg>
<arg>Ms</arg>
<arg>Miss</arg>
<arg>Mrs</arg>
<arg>Madame</arg>
<arg>Monsieur</arg>
<doc>Returns a list containing given items.</doc>
<status status="PASS" start="2024-04-03T11:11:50.961202" elapsed="0.000174"/>
</kw>
<kw name="List Should Contain Value" owner="Collections">
<msg time="2024-04-03T11:11:50.961861" level="INFO">False</msg>
<arg>${allowed_titles}</arg>
<arg>${name_title}</arg>
<doc>Fails if the ``value`` is not found from ``list``.</doc>
<status status="PASS" start="2024-04-03T11:11:50.961685" elapsed="0.000212"/>
</kw>
<kw name="Set Variable" owner="BuiltIn">
<msg time="2024-04-03T11:11:50.962599" level="INFO">${name_country} = ES</msg>
<var>${name_country}</var>
<arg>${json_data["results"][0]["nat"]}</arg>
<doc>Returns the given values which can then be assigned to a variables.</doc>
<status status="PASS" start="2024-04-03T11:11:50.962188" elapsed="0.000441"/>
</kw>
<kw name="Create List" owner="BuiltIn">
<msg time="2024-04-03T11:11:50.963544" level="INFO">${list_country} = ['AD', 'AE', 'AF', 'AG', 'AI', 'AL', 'AM', 'AO', 'AQ', 'AR', 'AS', 'AT', 'AU', 'AW', 'AX', 'AZ', 'BA', 'BB', 'BD', 'BE', 'BF', 'BG', 'BH', 'BI', 'BJ', 'BL', 'BM', 'BN', 'BO', 'BQ', 'BR', 'BS', 'BT', '...</msg>
<var>${list_country}</var>
<arg>AD</arg>
<arg>AE</arg>
<arg>AF</arg>
<arg>AG</arg>
<arg>AI</arg>
<arg>AL</arg>
<arg>AM</arg>
<arg>AO</arg>
<arg>AQ</arg>
<arg>AR</arg>
<arg>AS</arg>
<arg>AT</arg>
<arg>AU</arg>
<arg>AW</arg>
<arg>AX</arg>
<arg>AZ</arg>
<arg>BA</arg>
<arg>BB</arg>
<arg>BD</arg>
<arg>BE</arg>
<arg>BF</arg>
<arg>BG</arg>
<arg>BH</arg>
<arg>BI</arg>
<arg>BJ</arg>
<arg>BL</arg>
<arg>BM</arg>
<arg>BN</arg>
<arg>BO</arg>
<arg>BQ</arg>
<arg>BR</arg>
<arg>BS</arg>
<arg>BT</arg>
<arg>BV</arg>
<arg>BW</arg>
<arg>BY</arg>
<arg>BZ</arg>
<arg>CA</arg>
<arg>CC</arg>
<arg>CD</arg>
<arg>CF</arg>
<arg>CG</arg>
<arg>CH</arg>
<arg>CI</arg>
<arg>CK</arg>
<arg>CL</arg>
<arg>CM</arg>
<arg>CN</arg>
<arg>CO</arg>
<arg>CR</arg>
<arg>CU</arg>
<arg>CV</arg>
<arg>CW</arg>
<arg>CX</arg>
<arg>CY</arg>
<arg>CZ</arg>
<arg>DE</arg>
<arg>DJ</arg>
<arg>DK</arg>
<arg>DM</arg>
<arg>DO</arg>
<arg>DZ</arg>
<arg>EC</arg>
<arg>EE</arg>
<arg>EG</arg>
<arg>EH</arg>
<arg>ER</arg>
<arg>ES</arg>
<arg>ET</arg>
<arg>FI</arg>
<arg>FJ</arg>
<arg>FK</arg>
<arg>FM</arg>
<arg>FO</arg>
<arg>FR</arg>
<arg>GA</arg>
<arg>GB</arg>
<arg>GD</arg>
<arg>GE</arg>
<arg>GF</arg>
<arg>GG</arg>
<arg>GH</arg>
<arg>GI</arg>
<arg>GL</arg>
<arg>GM</arg>
<arg>GN</arg>
<arg>GP</arg>
<arg>GQ</arg>
<arg>GR</arg>
<arg>GS</arg>
<arg>GT</arg>
<arg>GU</arg>
<arg>GW</arg>
<arg>GY</arg>
<arg>HK</arg>
<arg>HM</arg>
<arg>HN</arg>
<arg>HR</arg>
<arg>HT</arg>
<arg>HU</arg>
<arg>ID</arg>
<arg>IE</arg>
<arg>IL</arg>
<arg>IM</arg>
<arg>IN</arg>
<arg>IO</arg>
<arg>IQ</arg>
<arg>IR</arg>
<arg>IS</arg>
<arg>IT</arg>
<arg>JE</arg>
<arg>JM</arg>
<arg>JO</arg>
<arg>JP</arg>
<arg>KE</arg>
<arg>KG</arg>
<arg>KH</arg>
<arg>KI</arg>
<arg>KM</arg>
<arg>KN</arg>
<arg>KP</arg>
<arg>KR</arg>
<arg>KW</arg>
<arg>KY</arg>
<arg>KZ</arg>
<arg>LA</arg>
<arg>LB</arg>
<arg>LC</arg>
<arg>LI</arg>
<arg>LK</arg>
<arg>LR</arg>
<arg>LS</arg>
<arg>LT</arg>
<arg>LU</arg>
<arg>LV</arg>
<arg>LY</arg>
<arg>MA</arg>
<arg>MC</arg>
<arg>MD</arg>
<arg>ME</arg>
<arg>MF</arg>
<arg>MG</arg>
<arg>MH</arg>
<arg>MK</arg>
<arg>ML</arg>
<arg>MM</arg>
<arg>MN</arg>
<arg>MO</arg>
<arg>MP</arg>
<arg>MQ</arg>
<arg>MR</arg>
<arg>MS</arg>
<arg>MT</arg>
<arg>MU</arg>
<arg>MV</arg>
<arg>MW</arg>
<arg>MX</arg>
<arg>MY</arg>
<arg>MZ</arg>
<arg>NA</arg>
<arg>NC</arg>
<arg>NE</arg>
<arg>NF</arg>
<arg>NG</arg>
<arg>NI</arg>
<arg>NL</arg>
<arg>NO</arg>
<arg>NP</arg>
<arg>NR</arg>
<arg>NU</arg>
<arg>NZ</arg>
<arg>OM</arg>
<arg>PA</arg>
<arg>PE</arg>
<arg>PF</arg>
<arg>PG</arg>
<arg>PH</arg>
<arg>PK</arg>
<arg>PL</arg>
<arg>PM</arg>
<arg>PN</arg>
<arg>PR</arg>
<arg>PS</arg>
<arg>PT</arg>
<arg>PW</arg>
<arg>PY</arg>
<arg>QA</arg>
<arg>RE</arg>
<arg>RO</arg>
<arg>RS</arg>
<arg>RU</arg>
<arg>RW</arg>
<arg>SA</arg>
<arg>SB</arg>
<arg>SC</arg>
<arg>SD</arg>
<arg>SE</arg>
<arg>SG</arg>
<arg>SH</arg>
<arg>SI</arg>
<arg>SJ</arg>
<arg>SK</arg>
<arg>SL</arg>
<arg>SM</arg>
<arg>SN</arg>
<arg>SO</arg>
<arg>SR</arg>
<arg>SS</arg>
<arg>ST</arg>
<arg>SV</arg>
<arg>SX</arg>
<arg>SY</arg>
<arg>SZ</arg>
<arg>TC</arg>
<arg>TD</arg>
<arg>TF</arg>
<arg>TG</arg>
<arg>TH</arg>
<arg>TJ</arg>
<arg>TK</arg>
<arg>TL</arg>
<arg>TM</arg>
<arg>TN</arg>
<arg>TO</arg>
<arg>TR</arg>
<arg>TT</arg>
<arg>TV</arg>
<arg>TW</arg>
<arg>TZ</arg>
<arg>UA</arg>
<arg>UG</arg>
<arg>UM</arg>
<arg>US</arg>
<arg>UY</arg>
<arg>UZ</arg>
<arg>VA</arg>
<arg>VC</arg>
<arg>VE</arg>
<arg>VG</arg>
<arg>VI</arg>
<arg>VN</arg>
<arg>VU</arg>
<arg>WF</arg>
<arg>WS</arg>
<arg>XK</arg>
<arg>YE</arg>
<arg>YT</arg>
<arg>ZA</arg>
<arg>ZM</arg>
<arg>ZW</arg>
<doc>Returns a list containing given items.</doc>
<status status="PASS" start="2024-04-03T11:11:50.962942" elapsed="0.000627"/>
</kw>
<kw name="List Should Contain Value" owner="Collections">
<msg time="2024-04-03T11:11:50.964704" level="INFO">False</msg>
<arg>${list_country}</arg>
<arg>${name_country}</arg>
<doc>Fails if the ``value`` is not found from ``list``.</doc>
<status status="PASS" start="2024-04-03T11:11:50.964501" elapsed="0.000240"/>
</kw>
<kw name="Run Keyword If" owner="BuiltIn">
<kw name="Should Be True" owner="BuiltIn">
<arg>${True}</arg>
<doc>Fails if the given condition is not true.</doc>
<status status="PASS" start="2024-04-03T11:11:50.965799" elapsed="0.000148"/>
</kw>
<arg>${json_data["results"][0]["location"]["coordinates"]["latitude"]} &gt;= -90 and ${json_data["results"][0]["location"]["coordinates"]["latitude"]} &lt;= 90</arg>
<arg>Should Be True</arg>
<arg>${True}</arg>
<doc>Runs the given keyword with the given arguments, if ``condition`` is true.</doc>
<status status="PASS" start="2024-04-03T11:11:50.965054" elapsed="0.001025"/>
</kw>
<kw name="Run Keyword If" owner="BuiltIn">
<kw name="Should Be True" owner="BuiltIn">
<arg>${True}</arg>
<doc>Fails if the given condition is not true.</doc>
<status status="PASS" start="2024-04-03T11:11:50.967016" elapsed="0.000141"/>
</kw>
<arg>${json_data["results"][0]["location"]["coordinates"]["longitude"]} &gt;= -180 and ${json_data["results"][0]["location"]["coordinates"]["longitude"]} &lt;= 180</arg>
<arg>Should Be True</arg>
<arg>${True}</arg>
<doc>Runs the given keyword with the given arguments, if ``condition`` is true.</doc>
<status status="PASS" start="2024-04-03T11:11:50.966293" elapsed="0.000994"/>
</kw>
<status status="PASS" start="2024-04-03T11:11:50.866743" elapsed="0.100677"/>
</kw>
<doc>Testa o conteúdo específico dos campos retornados pela API.</doc>
<tag>testeConteudo</tag>
<status status="PASS" start="2024-04-03T11:11:50.865994" elapsed="0.101584"/>
</test>
<status status="PASS" start="2024-04-03T11:11:50.176640" elapsed="0.792849"/>
</suite>
<status status="PASS" start="2024-04-03T11:11:50.162974" elapsed="0.811849"/>
</suite>
<statistics>
<total>
<stat pass="5" fail="0" skip="0">All Tests</stat>
</total>
<tag>
<stat pass="1" fail="0" skip="0">testeConteudo</stat>
<stat pass="1" fail="0" skip="0">testeEstruturaResposta</stat>
<stat pass="1" fail="0" skip="0">testeRequisicaoBasica</stat>
<stat pass="1" fail="0" skip="0">testeTiposDados</stat>
</tag>
<suite>
<stat pass="5" fail="0" skip="0" id="s1" name="Tests">Tests</stat>
<stat pass="5" fail="0" skip="0" id="s1-s1" name="Random-User-Test">Tests.Random-User-Test</stat>
</suite>
</statistics>
<errors>
</errors>
</robot>
