<?xml version="1.0" encoding="UTF-8"?>
<robot generator="Robot 7.0.1 (Python 3.12.4 on linux)" generated="2024-07-27T12:28:53.173106" rpa="false" schemaversion="5">
<suite id="s1" name="Tests" source="/home/runner/work/ApiRandomUser/ApiRandomUser/RamdonUser/tests">
<suite id="s1-s1" name="Random-User-Test" source="/home/runner/work/ApiRandomUser/ApiRandomUser/RamdonUser/tests/random-user-test.robot">
<test id="s1-s1-t1" name="Conectar" line="13">
<kw name="Conectar API" owner="random-user-service">
<kw name="Create Session" owner="RequestsLibrary">
<msg time="2024-07-27T12:28:53.564419" level="INFO">Creating Session using : alias=consultarAPI, url=https://randomuser.me/, headers={},                     cookies={}, auth=None, timeout=None, proxies=None, verify=False,                     debug=0 </msg>
<arg>consultarAPI</arg>
<arg>${URL}</arg>
<doc>Create Session: create a HTTP session to a server</doc>
<status status="PASS" start="2024-07-27T12:28:53.564225" elapsed="0.000365"/>
</kw>
<status status="PASS" start="2024-07-27T12:28:53.563226" elapsed="0.001706"/>
</kw>
<status status="PASS" start="2024-07-27T12:28:53.562603" elapsed="0.002519"/>
</test>
<test id="s1-s1-t2" name="Validar retorno 200 e JSON Válido" line="16">
<kw name="Teste de Requisicao Basica" owner="random-user-service">
<kw name="GET On Session" owner="RequestsLibrary">
<msg time="2024-07-27T12:28:53.789099" level="INFO">GET Request : url=https://randomuser.me/api 
 path_url=/api 
 headers={'User-Agent': 'python-requests/2.32.3', 'Accept-Encoding': 'gzip, deflate', 'Accept': '*/*', 'Connection': 'keep-alive'} 
 body=None 
 </msg>
<msg time="2024-07-27T12:28:53.789244" level="INFO">GET Response : url=https://randomuser.me/api 
 status=200, reason=OK 
 headers={'Date': 'Sat, 27 Jul 2024 12:28:53 GMT', 'Content-Type': 'application/json; charset=utf-8', 'Transfer-Encoding': 'chunked', 'Connection': 'keep-alive', 'X-Powered-By': 'Express', 'Access-Control-Allow-Origin': '*', 'Cache-Control': 'no-cache', 'ETag': 'W/"492-J0BZJsRAGBd9WWVnsMm+a3+yL44"', 'Vary': 'Accept-Encoding', 'Content-Encoding': 'gzip', 'CF-Cache-Status': 'DYNAMIC', 'Report-To': '{"endpoints":[{"url":"https:\\/\\/a.nel.cloudflare.com\\/report\\/v4?s=2ZWuz8esr3Rv5wkl1vKLnUMmRhQjU1IJrpkUHZoQLDYItwEXHEevtoWKqV5hm%2FXgokJ2nrDazNcT9ETFKQqDxOJzEN8LIxdtGksonQv%2B%2Ba4yKqujoDCVP9SQXTocOPWk"}],"group":"cf-nel","max_age":604800}', 'NEL': '{"success_fraction":0,"report_to":"cf-nel","max_age":604800}', 'Server': 'cloudflare', 'CF-RAY': '8a9ca1c3fb288286-IAD', 'alt-svc': 'h3=":443"; ma=86400'} 
 body={"results":[{"gender":"female","name":{"title":"Miss","first":"Beatriz","last":"Ramos"},"location":{"street":{"number":2111,"name":"Calle de Ferraz"},"city":"La Palma","state":"Comunidad de Madrid","country":"Spain","postcode":88964,"coordinates":{"latitude":"-32.6933","longitude":"15.6382"},"timezone":{"offset":"+2:00","description":"Kaliningrad, South Africa"}},"email":"beatriz.ramos@example.com","login":{"uuid":"2c383768-e002-4277-af2a-5d711d666e74","username":"purplegoose852","password":"bobcat","salt":"bbjlBEi8","md5":"a795ca821082e819009ebeef54eae36b","sha1":"03063449e4e75bd9b335d6bcd6c87b13c37939e4","sha256":"ce24192067bff2aadbc608a985a2bde0f3ed0058d8c2c9e6cfc5e21b39748cd3"},"dob":{"date":"1969-10-06T16:52:47.371Z","age":54},"registered":{"date":"2004-05-27T13:26:59.129Z","age":20},"phone":"984-448-425","cell":"627-247-962","id":{"name":"DNI","value":"57505656-E"},"picture":{"large":"https://randomuser.me/api/portraits/women/6.jpg","medium":"https://randomuser.me/api/portraits/med/women/6.jpg","thumbnail":"https://randomuser.me/api/portraits/thumb/women/6.jpg"},"nat":"ES"}],"info":{"seed":"a0fd6c2daf18168b","results":1,"page":1,"version":"1.4"}} 
 </msg>
<msg time="2024-07-27T12:28:53.789323" level="INFO">/opt/hostedtoolcache/Python/3.12.4/x64/lib/python3.12/site-packages/urllib3/connectionpool.py:1099: InsecureRequestWarning: Unverified HTTPS request is being made to host 'randomuser.me'. Adding certificate verification is strongly advised. See: https://urllib3.readthedocs.io/en/latest/advanced-usage.html#tls-warnings
  warnings.warn(</msg>
<msg time="2024-07-27T12:28:53.789478" level="INFO">${response} = &lt;Response [200]&gt;</msg>
<var>${response}</var>
<arg>consultarAPI</arg>
<arg>/api</arg>
<doc>Sends a GET request on a previously created HTTP Session.</doc>
<status status="PASS" start="2024-07-27T12:28:53.567742" elapsed="0.221781"/>
</kw>
<kw name="Should Be Equal As Numbers" owner="BuiltIn">
<msg time="2024-07-27T12:28:53.790523" level="INFO">Argument types are:
&lt;class 'int'&gt;
&lt;class 'str'&gt;</msg>
<arg>${response.status_code}</arg>
<arg>200</arg>
<doc>Fails if objects are unequal after converting them to real numbers.</doc>
<status status="PASS" start="2024-07-27T12:28:53.790060" elapsed="0.000532"/>
</kw>
<kw name="Log" owner="BuiltIn">
<msg time="2024-07-27T12:28:53.791372" level="INFO">200</msg>
<arg>${response.status_code}</arg>
<doc>Logs the given message with the given level.</doc>
<status status="PASS" start="2024-07-27T12:28:53.790992" elapsed="0.000424"/>
</kw>
<kw name="Set Variable" owner="BuiltIn">
<msg time="2024-07-27T12:28:53.792189" level="INFO">${json_data} = {'results': [{'gender': 'female', 'name': {'title': 'Miss', 'first': 'Beatriz', 'last': 'Ramos'}, 'location': {'street': {'number': 2111, 'name': 'Calle de Ferraz'}, 'city': 'La Palma', 'state': 'Comu...</msg>
<var>${json_data}</var>
<arg>${response.json()}</arg>
<doc>Returns the given values which can then be assigned to a variables.</doc>
<status status="PASS" start="2024-07-27T12:28:53.791738" elapsed="0.000480"/>
</kw>
<kw name="Dictionary Should Contain Key" owner="Collections">
<arg>${json_data}</arg>
<arg>results</arg>
<doc>Fails if ``key`` is not found from ``dictionary``.</doc>
<status status="PASS" start="2024-07-27T12:28:53.792531" elapsed="0.000333"/>
</kw>
<status status="PASS" start="2024-07-27T12:28:53.567499" elapsed="0.225521"/>
</kw>
<doc>Testa se a API responde corretamente e retorna um objeto JSON válido.</doc>
<tag>testeRequisicaoBasica</tag>
<status status="PASS" start="2024-07-27T12:28:53.566978" elapsed="0.226212"/>
</test>
<test id="s1-s1-t3" name="Validar estrutura de resposta" line="22">
<kw name="Teste de Estrutura de Resposta" owner="random-user-service">
<kw name="GET On Session" owner="RequestsLibrary">
<msg time="2024-07-27T12:28:53.887851" level="INFO">GET Request : url=https://randomuser.me/api 
 path_url=/api 
 headers={'User-Agent': 'python-requests/2.32.3', 'Accept-Encoding': 'gzip, deflate', 'Accept': '*/*', 'Connection': 'keep-alive'} 
 body=None 
 </msg>
<msg time="2024-07-27T12:28:53.887928" level="INFO">GET Response : url=https://randomuser.me/api 
 status=200, reason=OK 
 headers={'Date': 'Sat, 27 Jul 2024 12:28:53 GMT', 'Content-Type': 'application/json; charset=utf-8', 'Transfer-Encoding': 'chunked', 'Connection': 'keep-alive', 'X-Powered-By': 'Express', 'Access-Control-Allow-Origin': '*', 'Cache-Control': 'no-cache', 'ETag': 'W/"4a4-lfyZvmAm4hA20kgs31yXKnpo10w"', 'Vary': 'Accept-Encoding', 'Content-Encoding': 'gzip', 'CF-Cache-Status': 'DYNAMIC', 'Report-To': '{"endpoints":[{"url":"https:\\/\\/a.nel.cloudflare.com\\/report\\/v4?s=%2FyrybBAdhlmloIj%2FyOKdKjQl%2F1wXZMhqU1BaS4n25nlNOy6tYvmUqRlVaIQEbkKK0indHKChZt8Z%2FZEw8af78X9gLfayZQslGeCz3lhHKw3eyCHpv8O%2FI0%2F0Rwj8GZcJ"}],"group":"cf-nel","max_age":604800}', 'NEL': '{"success_fraction":0,"report_to":"cf-nel","max_age":604800}', 'Server': 'cloudflare', 'CF-RAY': '8a9ca1c43b6c8286-IAD', 'alt-svc': 'h3=":443"; ma=86400'} 
 body={"results":[{"gender":"female","name":{"title":"Miss","first":"Anusree","last":"Manjunath"},"location":{"street":{"number":8243,"name":"Linking Rd"},"city":"Serampore","state":"Chhattisgarh","country":"India","postcode":35131,"coordinates":{"latitude":"5.6202","longitude":"82.9320"},"timezone":{"offset":"0:00","description":"Western Europe Time, London, Lisbon, Casablanca"}},"email":"anusree.manjunath@example.com","login":{"uuid":"1717d7d2-409e-44ab-81ab-86b81027cd1c","username":"sadleopard454","password":"onelove","salt":"cK4qOTUh","md5":"cb0989c1310efb6ac4ac467e6c461183","sha1":"4c3f37bc8b91bb09cf05cb8de923eff822938cb4","sha256":"91c45733e4a42a746b8034f769e1a1022f99cf68120da83bd536ceab30759a16"},"dob":{"date":"1985-10-24T22:26:54.350Z","age":38},"registered":{"date":"2012-08-05T14:42:29.135Z","age":11},"phone":"7148807463","cell":"8345279317","id":{"name":"UIDAI","value":"925265705492"},"picture":{"large":"https://randomuser.me/api/portraits/women/6.jpg","medium":"https://randomuser.me/api/portraits/med/women/6.jpg","thumbnail":"https://randomuser.me/api/portraits/thumb/women/6.jpg"},"nat":"IN"}],"info":{"seed":"197f9609c3e17042","results":1,"page":1,"version":"1.4"}} 
 </msg>
<msg time="2024-07-27T12:28:53.888038" level="INFO">/opt/hostedtoolcache/Python/3.12.4/x64/lib/python3.12/site-packages/urllib3/connectionpool.py:1099: InsecureRequestWarning: Unverified HTTPS request is being made to host 'randomuser.me'. Adding certificate verification is strongly advised. See: https://urllib3.readthedocs.io/en/latest/advanced-usage.html#tls-warnings
  warnings.warn(</msg>
<msg time="2024-07-27T12:28:53.888163" level="INFO">${response} = &lt;Response [200]&gt;</msg>
<var>${response}</var>
<arg>consultarAPI</arg>
<arg>/api</arg>
<doc>Sends a GET request on a previously created HTTP Session.</doc>
<status status="PASS" start="2024-07-27T12:28:53.795960" elapsed="0.092243"/>
</kw>
<kw name="Set Variable" owner="BuiltIn">
<msg time="2024-07-27T12:28:53.889072" level="INFO">${json_data} = {'results': [{'gender': 'female', 'name': {'title': 'Miss', 'first': 'Anusree', 'last': 'Manjunath'}, 'location': {'street': {'number': 8243, 'name': 'Linking Rd'}, 'city': 'Serampore', 'state': 'Chha...</msg>
<var>${json_data}</var>
<arg>${response.json()}</arg>
<doc>Returns the given values which can then be assigned to a variables.</doc>
<status status="PASS" start="2024-07-27T12:28:53.888598" elapsed="0.000502"/>
</kw>
<kw name="Log" owner="BuiltIn">
<msg time="2024-07-27T12:28:53.889562" level="INFO">{'results': [{'gender': 'female', 'name': {'title': 'Miss', 'first': 'Anusree', 'last': 'Manjunath'}, 'location': {'street': {'number': 8243, 'name': 'Linking Rd'}, 'city': 'Serampore', 'state': 'Chhattisgarh', 'country': 'India', 'postcode': 35131, 'coordinates': {'latitude': '5.6202', 'longitude': '82.9320'}, 'timezone': {'offset': '0:00', 'description': 'Western Europe Time, London, Lisbon, Casablanca'}}, 'email': 'anusree.manjunath@example.com', 'login': {'uuid': '1717d7d2-409e-44ab-81ab-86b81027cd1c', 'username': 'sadleopard454', 'password': 'onelove', 'salt': 'cK4qOTUh', 'md5': 'cb0989c1310efb6ac4ac467e6c461183', 'sha1': '4c3f37bc8b91bb09cf05cb8de923eff822938cb4', 'sha256': '91c45733e4a42a746b8034f769e1a1022f99cf68120da83bd536ceab30759a16'}, 'dob': {'date': '1985-10-24T22:26:54.350Z', 'age': 38}, 'registered': {'date': '2012-08-05T14:42:29.135Z', 'age': 11}, 'phone': '7148807463', 'cell': '8345279317', 'id': {'name': 'UIDAI', 'value': '925265705492'}, 'picture': {'large': 'https://randomuser.me/api/portraits/women/6.jpg', 'medium': 'https://randomuser.me/api/portraits/med/women/6.jpg', 'thumbnail': 'https://randomuser.me/api/portraits/thumb/women/6.jpg'}, 'nat': 'IN'}], 'info': {'seed': '197f9609c3e17042', 'results': 1, 'page': 1, 'version': '1.4'}}</msg>
<arg>${json_data}</arg>
<doc>Logs the given message with the given level.</doc>
<status status="PASS" start="2024-07-27T12:28:53.889399" elapsed="0.000211"/>
</kw>
<kw name="Dictionary Should Contain Key" owner="Collections">
<arg>${json_data}</arg>
<arg>results</arg>
<doc>Fails if ``key`` is not found from ``dictionary``.</doc>
<status status="PASS" start="2024-07-27T12:28:53.889899" elapsed="0.000163"/>
</kw>
<kw name="Should Not Be Empty" owner="BuiltIn">
<msg time="2024-07-27T12:28:53.890374" level="INFO">Length is 2.</msg>
<arg>${json_data}</arg>
<doc>Verifies that the given item is not empty.</doc>
<status status="PASS" start="2024-07-27T12:28:53.890248" elapsed="0.000163"/>
</kw>
<kw name="Create List" owner="BuiltIn">
<msg time="2024-07-27T12:28:53.890885" level="INFO">${expected_keys} = ['gender', 'name', 'location', 'email', 'login']</msg>
<var>${expected_keys}</var>
<arg>gender</arg>
<arg>name</arg>
<arg>location</arg>
<arg>email</arg>
<arg>login</arg>
<doc>Returns a list containing given items.</doc>
<status status="PASS" start="2024-07-27T12:28:53.890696" elapsed="0.000217"/>
</kw>
<for flavor="IN">
<iter>
<kw name="Dictionary Should Contain Key" owner="Collections">
<arg>${json_data['results'][0]}</arg>
<arg>${key}</arg>
<doc>Fails if ``key`` is not found from ``dictionary``.</doc>
<status status="PASS" start="2024-07-27T12:28:53.891505" elapsed="0.000404"/>
</kw>
<kw name="Log" owner="BuiltIn">
<msg time="2024-07-27T12:28:53.892455" level="INFO">{'gender': 'female', 'name': {'title': 'Miss', 'first': 'Anusree', 'last': 'Manjunath'}, 'location': {'street': {'number': 8243, 'name': 'Linking Rd'}, 'city': 'Serampore', 'state': 'Chhattisgarh', 'country': 'India', 'postcode': 35131, 'coordinates': {'latitude': '5.6202', 'longitude': '82.9320'}, 'timezone': {'offset': '0:00', 'description': 'Western Europe Time, London, Lisbon, Casablanca'}}, 'email': 'anusree.manjunath@example.com', 'login': {'uuid': '1717d7d2-409e-44ab-81ab-86b81027cd1c', 'username': 'sadleopard454', 'password': 'onelove', 'salt': 'cK4qOTUh', 'md5': 'cb0989c1310efb6ac4ac467e6c461183', 'sha1': '4c3f37bc8b91bb09cf05cb8de923eff822938cb4', 'sha256': '91c45733e4a42a746b8034f769e1a1022f99cf68120da83bd536ceab30759a16'}, 'dob': {'date': '1985-10-24T22:26:54.350Z', 'age': 38}, 'registered': {'date': '2012-08-05T14:42:29.135Z', 'age': 11}, 'phone': '7148807463', 'cell': '8345279317', 'id': {'name': 'UIDAI', 'value': '925265705492'}, 'picture': {'large': 'https://randomuser.me/api/portraits/women/6.jpg', 'medium': 'https://randomuser.me/api/portraits/med/women/6.jpg', 'thumbnail': 'https://randomuser.me/api/portraits/thumb/women/6.jpg'}, 'nat': 'IN'}</msg>
<arg>${json_data['results'][0]}</arg>
<doc>Logs the given message with the given level.</doc>
<status status="PASS" start="2024-07-27T12:28:53.892100" elapsed="0.000402"/>
</kw>
<kw name="Log" owner="BuiltIn">
<msg time="2024-07-27T12:28:53.892926" level="INFO">gender</msg>
<arg>${key}</arg>
<doc>Logs the given message with the given level.</doc>
<status status="PASS" start="2024-07-27T12:28:53.892796" elapsed="0.000168"/>
</kw>
<var name="${key}">gender</var>
<status status="PASS" start="2024-07-27T12:28:53.891379" elapsed="0.001802"/>
</iter>
<iter>
<kw name="Dictionary Should Contain Key" owner="Collections">
<arg>${json_data['results'][0]}</arg>
<arg>${key}</arg>
<doc>Fails if ``key`` is not found from ``dictionary``.</doc>
<status status="PASS" start="2024-07-27T12:28:53.893474" elapsed="0.000384"/>
</kw>
<kw name="Log" owner="BuiltIn">
<msg time="2024-07-27T12:28:53.894427" level="INFO">{'gender': 'female', 'name': {'title': 'Miss', 'first': 'Anusree', 'last': 'Manjunath'}, 'location': {'street': {'number': 8243, 'name': 'Linking Rd'}, 'city': 'Serampore', 'state': 'Chhattisgarh', 'country': 'India', 'postcode': 35131, 'coordinates': {'latitude': '5.6202', 'longitude': '82.9320'}, 'timezone': {'offset': '0:00', 'description': 'Western Europe Time, London, Lisbon, Casablanca'}}, 'email': 'anusree.manjunath@example.com', 'login': {'uuid': '1717d7d2-409e-44ab-81ab-86b81027cd1c', 'username': 'sadleopard454', 'password': 'onelove', 'salt': 'cK4qOTUh', 'md5': 'cb0989c1310efb6ac4ac467e6c461183', 'sha1': '4c3f37bc8b91bb09cf05cb8de923eff822938cb4', 'sha256': '91c45733e4a42a746b8034f769e1a1022f99cf68120da83bd536ceab30759a16'}, 'dob': {'date': '1985-10-24T22:26:54.350Z', 'age': 38}, 'registered': {'date': '2012-08-05T14:42:29.135Z', 'age': 11}, 'phone': '7148807463', 'cell': '8345279317', 'id': {'name': 'UIDAI', 'value': '925265705492'}, 'picture': {'large': 'https://randomuser.me/api/portraits/women/6.jpg', 'medium': 'https://randomuser.me/api/portraits/med/women/6.jpg', 'thumbnail': 'https://randomuser.me/api/portraits/thumb/women/6.jpg'}, 'nat': 'IN'}</msg>
<arg>${json_data['results'][0]}</arg>
<doc>Logs the given message with the given level.</doc>
<status status="PASS" start="2024-07-27T12:28:53.894038" elapsed="0.000437"/>
</kw>
<kw name="Log" owner="BuiltIn">
<msg time="2024-07-27T12:28:53.894913" level="INFO">name</msg>
<arg>${key}</arg>
<doc>Logs the given message with the given level.</doc>
<status status="PASS" start="2024-07-27T12:28:53.894765" elapsed="0.000186"/>
</kw>
<var name="${key}">name</var>
<status status="PASS" start="2024-07-27T12:28:53.893363" elapsed="0.001809"/>
</iter>
<iter>
<kw name="Dictionary Should Contain Key" owner="Collections">
<arg>${json_data['results'][0]}</arg>
<arg>${key}</arg>
<doc>Fails if ``key`` is not found from ``dictionary``.</doc>
<status status="PASS" start="2024-07-27T12:28:53.895456" elapsed="0.000383"/>
</kw>
<kw name="Log" owner="BuiltIn">
<msg time="2024-07-27T12:28:53.896375" level="INFO">{'gender': 'female', 'name': {'title': 'Miss', 'first': 'Anusree', 'last': 'Manjunath'}, 'location': {'street': {'number': 8243, 'name': 'Linking Rd'}, 'city': 'Serampore', 'state': 'Chhattisgarh', 'country': 'India', 'postcode': 35131, 'coordinates': {'latitude': '5.6202', 'longitude': '82.9320'}, 'timezone': {'offset': '0:00', 'description': 'Western Europe Time, London, Lisbon, Casablanca'}}, 'email': 'anusree.manjunath@example.com', 'login': {'uuid': '1717d7d2-409e-44ab-81ab-86b81027cd1c', 'username': 'sadleopard454', 'password': 'onelove', 'salt': 'cK4qOTUh', 'md5': 'cb0989c1310efb6ac4ac467e6c461183', 'sha1': '4c3f37bc8b91bb09cf05cb8de923eff822938cb4', 'sha256': '91c45733e4a42a746b8034f769e1a1022f99cf68120da83bd536ceab30759a16'}, 'dob': {'date': '1985-10-24T22:26:54.350Z', 'age': 38}, 'registered': {'date': '2012-08-05T14:42:29.135Z', 'age': 11}, 'phone': '7148807463', 'cell': '8345279317', 'id': {'name': 'UIDAI', 'value': '925265705492'}, 'picture': {'large': 'https://randomuser.me/api/portraits/women/6.jpg', 'medium': 'https://randomuser.me/api/portraits/med/women/6.jpg', 'thumbnail': 'https://randomuser.me/api/portraits/thumb/women/6.jpg'}, 'nat': 'IN'}</msg>
<arg>${json_data['results'][0]}</arg>
<doc>Logs the given message with the given level.</doc>
<status status="PASS" start="2024-07-27T12:28:53.896027" elapsed="0.000394"/>
</kw>
<kw name="Log" owner="BuiltIn">
<msg time="2024-07-27T12:28:53.896843" level="INFO">location</msg>
<arg>${key}</arg>
<doc>Logs the given message with the given level.</doc>
<status status="PASS" start="2024-07-27T12:28:53.896715" elapsed="0.000165"/>
</kw>
<var name="${key}">location</var>
<status status="PASS" start="2024-07-27T12:28:53.895348" elapsed="0.001746"/>
</iter>
<iter>
<kw name="Dictionary Should Contain Key" owner="Collections">
<arg>${json_data['results'][0]}</arg>
<arg>${key}</arg>
<doc>Fails if ``key`` is not found from ``dictionary``.</doc>
<status status="PASS" start="2024-07-27T12:28:53.897369" elapsed="0.000373"/>
</kw>
<kw name="Log" owner="BuiltIn">
<msg time="2024-07-27T12:28:53.898392" level="INFO">{'gender': 'female', 'name': {'title': 'Miss', 'first': 'Anusree', 'last': 'Manjunath'}, 'location': {'street': {'number': 8243, 'name': 'Linking Rd'}, 'city': 'Serampore', 'state': 'Chhattisgarh', 'country': 'India', 'postcode': 35131, 'coordinates': {'latitude': '5.6202', 'longitude': '82.9320'}, 'timezone': {'offset': '0:00', 'description': 'Western Europe Time, London, Lisbon, Casablanca'}}, 'email': 'anusree.manjunath@example.com', 'login': {'uuid': '1717d7d2-409e-44ab-81ab-86b81027cd1c', 'username': 'sadleopard454', 'password': 'onelove', 'salt': 'cK4qOTUh', 'md5': 'cb0989c1310efb6ac4ac467e6c461183', 'sha1': '4c3f37bc8b91bb09cf05cb8de923eff822938cb4', 'sha256': '91c45733e4a42a746b8034f769e1a1022f99cf68120da83bd536ceab30759a16'}, 'dob': {'date': '1985-10-24T22:26:54.350Z', 'age': 38}, 'registered': {'date': '2012-08-05T14:42:29.135Z', 'age': 11}, 'phone': '7148807463', 'cell': '8345279317', 'id': {'name': 'UIDAI', 'value': '925265705492'}, 'picture': {'large': 'https://randomuser.me/api/portraits/women/6.jpg', 'medium': 'https://randomuser.me/api/portraits/med/women/6.jpg', 'thumbnail': 'https://randomuser.me/api/portraits/thumb/women/6.jpg'}, 'nat': 'IN'}</msg>
<arg>${json_data['results'][0]}</arg>
<doc>Logs the given message with the given level.</doc>
<status status="PASS" start="2024-07-27T12:28:53.898039" elapsed="0.000400"/>
</kw>
<kw name="Log" owner="BuiltIn">
<msg time="2024-07-27T12:28:53.898879" level="INFO">email</msg>
<arg>${key}</arg>
<doc>Logs the given message with the given level.</doc>
<status status="PASS" start="2024-07-27T12:28:53.898730" elapsed="0.000188"/>
</kw>
<var name="${key}">email</var>
<status status="PASS" start="2024-07-27T12:28:53.897264" elapsed="0.001871"/>
</iter>
<iter>
<kw name="Dictionary Should Contain Key" owner="Collections">
<arg>${json_data['results'][0]}</arg>
<arg>${key}</arg>
<doc>Fails if ``key`` is not found from ``dictionary``.</doc>
<status status="PASS" start="2024-07-27T12:28:53.899415" elapsed="0.000374"/>
</kw>
<kw name="Log" owner="BuiltIn">
<msg time="2024-07-27T12:28:53.900317" level="INFO">{'gender': 'female', 'name': {'title': 'Miss', 'first': 'Anusree', 'last': 'Manjunath'}, 'location': {'street': {'number': 8243, 'name': 'Linking Rd'}, 'city': 'Serampore', 'state': 'Chhattisgarh', 'country': 'India', 'postcode': 35131, 'coordinates': {'latitude': '5.6202', 'longitude': '82.9320'}, 'timezone': {'offset': '0:00', 'description': 'Western Europe Time, London, Lisbon, Casablanca'}}, 'email': 'anusree.manjunath@example.com', 'login': {'uuid': '1717d7d2-409e-44ab-81ab-86b81027cd1c', 'username': 'sadleopard454', 'password': 'onelove', 'salt': 'cK4qOTUh', 'md5': 'cb0989c1310efb6ac4ac467e6c461183', 'sha1': '4c3f37bc8b91bb09cf05cb8de923eff822938cb4', 'sha256': '91c45733e4a42a746b8034f769e1a1022f99cf68120da83bd536ceab30759a16'}, 'dob': {'date': '1985-10-24T22:26:54.350Z', 'age': 38}, 'registered': {'date': '2012-08-05T14:42:29.135Z', 'age': 11}, 'phone': '7148807463', 'cell': '8345279317', 'id': {'name': 'UIDAI', 'value': '925265705492'}, 'picture': {'large': 'https://randomuser.me/api/portraits/women/6.jpg', 'medium': 'https://randomuser.me/api/portraits/med/women/6.jpg', 'thumbnail': 'https://randomuser.me/api/portraits/thumb/women/6.jpg'}, 'nat': 'IN'}</msg>
<arg>${json_data['results'][0]}</arg>
<doc>Logs the given message with the given level.</doc>
<status status="PASS" start="2024-07-27T12:28:53.899969" elapsed="0.000394"/>
</kw>
<kw name="Log" owner="BuiltIn">
<msg time="2024-07-27T12:28:53.900776" level="INFO">login</msg>
<arg>${key}</arg>
<doc>Logs the given message with the given level.</doc>
<status status="PASS" start="2024-07-27T12:28:53.900650" elapsed="0.000162"/>
</kw>
<var name="${key}">login</var>
<status status="PASS" start="2024-07-27T12:28:53.899308" elapsed="0.001725"/>
</iter>
<var>${key}</var>
<value>@{expected_keys}</value>
<status status="PASS" start="2024-07-27T12:28:53.891184" elapsed="0.009969"/>
</for>
<kw name="Create List" owner="BuiltIn">
<msg time="2024-07-27T12:28:53.901514" level="INFO">${expected_keysTwo} = ['username', 'password']</msg>
<var>${expected_keysTwo}</var>
<arg>username</arg>
<arg>password</arg>
<doc>Returns a list containing given items.</doc>
<status status="PASS" start="2024-07-27T12:28:53.901376" elapsed="0.000163"/>
</kw>
<for flavor="IN">
<iter>
<kw name="Dictionary Should Contain Key" owner="Collections">
<arg>${json_data['results'][0]['login']}</arg>
<arg>${keyTwo}</arg>
<doc>Fails if ``key`` is not found from ``dictionary``.</doc>
<status status="PASS" start="2024-07-27T12:28:53.902032" elapsed="0.000390"/>
</kw>
<kw name="Dictionary Should Contain Key" owner="Collections">
<arg>${json_data['results'][0]['login']}</arg>
<arg>${keyTwo}</arg>
<doc>Fails if ``key`` is not found from ``dictionary``.</doc>
<status status="PASS" start="2024-07-27T12:28:53.902603" elapsed="0.000391"/>
</kw>
<kw name="Log" owner="BuiltIn">
<msg time="2024-07-27T12:28:53.903288" level="INFO">username</msg>
<arg>${keyTwo}</arg>
<doc>Logs the given message with the given level.</doc>
<status status="PASS" start="2024-07-27T12:28:53.903169" elapsed="0.000157"/>
</kw>
<var name="${keyTwo}">username</var>
<status status="PASS" start="2024-07-27T12:28:53.901925" elapsed="0.001619"/>
</iter>
<iter>
<kw name="Dictionary Should Contain Key" owner="Collections">
<arg>${json_data['results'][0]['login']}</arg>
<arg>${keyTwo}</arg>
<doc>Fails if ``key`` is not found from ``dictionary``.</doc>
<status status="PASS" start="2024-07-27T12:28:53.903826" elapsed="0.000381"/>
</kw>
<kw name="Dictionary Should Contain Key" owner="Collections">
<arg>${json_data['results'][0]['login']}</arg>
<arg>${keyTwo}</arg>
<doc>Fails if ``key`` is not found from ``dictionary``.</doc>
<status status="PASS" start="2024-07-27T12:28:53.904382" elapsed="0.000366"/>
</kw>
<kw name="Log" owner="BuiltIn">
<msg time="2024-07-27T12:28:53.905043" level="INFO">password</msg>
<arg>${keyTwo}</arg>
<doc>Logs the given message with the given level.</doc>
<status status="PASS" start="2024-07-27T12:28:53.904920" elapsed="0.000160"/>
</kw>
<var name="${keyTwo}">password</var>
<status status="PASS" start="2024-07-27T12:28:53.903714" elapsed="0.001584"/>
</iter>
<var>${keyTwo}</var>
<value>@{expected_keysTwo}</value>
<status status="PASS" start="2024-07-27T12:28:53.901774" elapsed="0.003643"/>
</for>
<status status="PASS" start="2024-07-27T12:28:53.795719" elapsed="0.109838"/>
</kw>
<doc>Testa a estrutura da resposta da API.</doc>
<tag>testeEstruturaResposta</tag>
<status status="PASS" start="2024-07-27T12:28:53.795056" elapsed="0.110652"/>
</test>
<test id="s1-s1-t4" name="Validar tipos de dados" line="28">
<kw name="Teste de Tipos de Dados" owner="random-user-service">
<kw name="GET On Session" owner="RequestsLibrary">
<msg time="2024-07-27T12:28:53.987082" level="INFO">GET Request : url=https://randomuser.me/api 
 path_url=/api 
 headers={'User-Agent': 'python-requests/2.32.3', 'Accept-Encoding': 'gzip, deflate', 'Accept': '*/*', 'Connection': 'keep-alive'} 
 body=None 
 </msg>
<msg time="2024-07-27T12:28:53.987156" level="INFO">GET Response : url=https://randomuser.me/api 
 status=200, reason=OK 
 headers={'Date': 'Sat, 27 Jul 2024 12:28:53 GMT', 'Content-Type': 'application/json; charset=utf-8', 'Transfer-Encoding': 'chunked', 'Connection': 'keep-alive', 'X-Powered-By': 'Express', 'Access-Control-Allow-Origin': '*', 'Cache-Control': 'no-cache', 'ETag': 'W/"480-+f9yvcfdsyMPBq4kWtn/3aPvnUI"', 'Vary': 'Accept-Encoding', 'Content-Encoding': 'gzip', 'CF-Cache-Status': 'DYNAMIC', 'Report-To': '{"endpoints":[{"url":"https:\\/\\/a.nel.cloudflare.com\\/report\\/v4?s=uX8J7ANiKxyo3YVNidKIqidFYR6OUVHcyNKUCGtkiJrMAdnZ88hfejH%2Bq95WbHkTaK09i1h6uzNoShWR9VLTeLkS6rFWA56YvcJmOPOzOIUpFe3%2BfVwfz9GZeLZbDrWN"}],"group":"cf-nel","max_age":604800}', 'NEL': '{"success_fraction":0,"report_to":"cf-nel","max_age":604800}', 'Server': 'cloudflare', 'CF-RAY': '8a9ca1c4fc078286-IAD', 'alt-svc': 'h3=":443"; ma=86400'} 
 body={"results":[{"gender":"male","name":{"title":"Mr","first":"Phillip","last":"Torres"},"location":{"street":{"number":7002,"name":"Rolling Green Rd"},"city":"Redding","state":"Idaho","country":"United States","postcode":39920,"coordinates":{"latitude":"88.9742","longitude":"-30.1911"},"timezone":{"offset":"-2:00","description":"Mid-Atlantic"}},"email":"phillip.torres@example.com","login":{"uuid":"ce6bbb35-a504-4054-ab26-ba25b82e05fe","username":"bluegoose722","password":"referee","salt":"Oubrdvsk","md5":"786d6f0e7edfb5abdba511a07f46f7fc","sha1":"fc94c1389e42f07d77d88536a9f43987b7bbdc53","sha256":"532b745b35a4120854e1647c6f76559a326eed28bdeacac322adc0323196eccc"},"dob":{"date":"1982-02-05T00:46:15.276Z","age":42},"registered":{"date":"2005-10-09T05:44:14.565Z","age":18},"phone":"(751) 903-9997","cell":"(910) 402-2127","id":{"name":"SSN","value":"497-30-7199"},"picture":{"large":"https://randomuser.me/api/portraits/men/34.jpg","medium":"https://randomuser.me/api/portraits/med/men/34.jpg","thumbnail":"https://randomuser.me/api/portraits/thumb/men/34.jpg"},"nat":"US"}],"info":{"seed":"a6b26389de617a6e","results":1,"page":1,"version":"1.4"}} 
 </msg>
<msg time="2024-07-27T12:28:53.987220" level="INFO">/opt/hostedtoolcache/Python/3.12.4/x64/lib/python3.12/site-packages/urllib3/connectionpool.py:1099: InsecureRequestWarning: Unverified HTTPS request is being made to host 'randomuser.me'. Adding certificate verification is strongly advised. See: https://urllib3.readthedocs.io/en/latest/advanced-usage.html#tls-warnings
  warnings.warn(</msg>
<msg time="2024-07-27T12:28:53.987322" level="INFO">${response} = &lt;Response [200]&gt;</msg>
<var>${response}</var>
<arg>consultarAPI</arg>
<arg>/api</arg>
<doc>Sends a GET request on a previously created HTTP Session.</doc>
<status status="PASS" start="2024-07-27T12:28:53.908238" elapsed="0.079116"/>
</kw>
<kw name="Set Variable" owner="BuiltIn">
<msg time="2024-07-27T12:28:53.988144" level="INFO">${json_data} = {'results': [{'gender': 'male', 'name': {'title': 'Mr', 'first': 'Phillip', 'last': 'Torres'}, 'location': {'street': {'number': 7002, 'name': 'Rolling Green Rd'}, 'city': 'Redding', 'state': 'Idaho',...</msg>
<var>${json_data}</var>
<arg>${response.json()}</arg>
<doc>Returns the given values which can then be assigned to a variables.</doc>
<status status="PASS" start="2024-07-27T12:28:53.987706" elapsed="0.000465"/>
</kw>
<kw name="Log" owner="BuiltIn">
<msg time="2024-07-27T12:28:53.988620" level="INFO">{'results': [{'gender': 'male', 'name': {'title': 'Mr', 'first': 'Phillip', 'last': 'Torres'}, 'location': {'street': {'number': 7002, 'name': 'Rolling Green Rd'}, 'city': 'Redding', 'state': 'Idaho', 'country': 'United States', 'postcode': 39920, 'coordinates': {'latitude': '88.9742', 'longitude': '-30.1911'}, 'timezone': {'offset': '-2:00', 'description': 'Mid-Atlantic'}}, 'email': 'phillip.torres@example.com', 'login': {'uuid': 'ce6bbb35-a504-4054-ab26-ba25b82e05fe', 'username': 'bluegoose722', 'password': 'referee', 'salt': 'Oubrdvsk', 'md5': '786d6f0e7edfb5abdba511a07f46f7fc', 'sha1': 'fc94c1389e42f07d77d88536a9f43987b7bbdc53', 'sha256': '532b745b35a4120854e1647c6f76559a326eed28bdeacac322adc0323196eccc'}, 'dob': {'date': '1982-02-05T00:46:15.276Z', 'age': 42}, 'registered': {'date': '2005-10-09T05:44:14.565Z', 'age': 18}, 'phone': '(751) 903-9997', 'cell': '(910) 402-2127', 'id': {'name': 'SSN', 'value': '497-30-7199'}, 'picture': {'large': 'https://randomuser.me/api/portraits/men/34.jpg', 'medium': 'https://randomuser.me/api/portraits/med/men/34.jpg', 'thumbnail': 'https://randomuser.me/api/portraits/thumb/men/34.jpg'}, 'nat': 'US'}], 'info': {'seed': 'a6b26389de617a6e', 'results': 1, 'page': 1, 'version': '1.4'}}</msg>
<arg>${json_data}</arg>
<doc>Logs the given message with the given level.</doc>
<status status="PASS" start="2024-07-27T12:28:53.988465" elapsed="0.000201"/>
</kw>
<kw name="Should Be String" owner="String">
<arg>${json_data['results'][0]['gender']}</arg>
<doc>Fails if the given ``item`` is not a string.</doc>
<status status="PASS" start="2024-07-27T12:28:53.988949" elapsed="0.000363"/>
</kw>
<kw name="Should Match Regexp" owner="BuiltIn">
<arg>${json_data['results'][0]['email']}</arg>
<arg>^[a-zA-Z0-9._%+-]+@[a-zA-Z0-9.-]+\.[a-zA-Z]{2,}$</arg>
<doc>Fails if ``string`` does not match ``pattern`` as a regular expression.</doc>
<status status="PASS" start="2024-07-27T12:28:53.989528" elapsed="0.000512"/>
</kw>
<kw name="Should Match Regexp" owner="BuiltIn">
<arg>${json_data['results'][0]['dob']['date']}</arg>
<arg>\\d{4}-\\d{2}-\\d{2}T\\d{2}:\\d{2}:\\d{2}\\.\\d{3}Z</arg>
<doc>Fails if ``string`` does not match ``pattern`` as a regular expression.</doc>
<status status="PASS" start="2024-07-27T12:28:53.990234" elapsed="0.000628"/>
</kw>
<kw name="Should Match Regexp" owner="BuiltIn">
<arg>${json_data['results'][0]['registered']['date']}</arg>
<arg>\\d{4}-\\d{2}-\\d{2}T\\d{2}:\\d{2}:\\d{2}\\.\\d{3}Z</arg>
<doc>Fails if ``string`` does not match ``pattern`` as a regular expression.</doc>
<status status="PASS" start="2024-07-27T12:28:53.991062" elapsed="0.000371"/>
</kw>
<kw name="Should Match Regexp" owner="BuiltIn">
<arg>${json_data['results'][0]['picture']['large']}</arg>
<arg>^https?://.*\.(?:png|jpe?g|gif|bmp)$</arg>
<doc>Fails if ``string`` does not match ``pattern`` as a regular expression.</doc>
<status status="PASS" start="2024-07-27T12:28:53.991619" elapsed="0.000455"/>
</kw>
<kw name="Should Match Regexp" owner="BuiltIn">
<arg>${json_data['results'][0]['picture']['medium']}</arg>
<arg>^https?://.*\.(?:png|jpe?g|gif|bmp)$</arg>
<doc>Fails if ``string`` does not match ``pattern`` as a regular expression.</doc>
<status status="PASS" start="2024-07-27T12:28:53.992257" elapsed="0.000350"/>
</kw>
<kw name="Should Match Regexp" owner="BuiltIn">
<arg>${json_data['results'][0]['picture']['thumbnail']}</arg>
<arg>^https?://.*\.(?:png|jpe?g|gif|bmp)$</arg>
<doc>Fails if ``string`` does not match ``pattern`` as a regular expression.</doc>
<status status="PASS" start="2024-07-27T12:28:53.992787" elapsed="0.000341"/>
</kw>
<kw name="Log" owner="BuiltIn">
<msg time="2024-07-27T12:28:53.993625" level="INFO">{'large': 'https://randomuser.me/api/portraits/men/34.jpg', 'medium': 'https://randomuser.me/api/portraits/med/men/34.jpg', 'thumbnail': 'https://randomuser.me/api/portraits/thumb/men/34.jpg'}</msg>
<arg>${json_data['results'][0]['picture']}</arg>
<doc>Logs the given message with the given level.</doc>
<status status="PASS" start="2024-07-27T12:28:53.993306" elapsed="0.000362"/>
</kw>
<status status="PASS" start="2024-07-27T12:28:53.908015" elapsed="0.085907"/>
</kw>
<kw name="Teste de Tipos de Dados - Postcode" owner="random-user-service">
<kw name="GET On Session" owner="RequestsLibrary">
<msg time="2024-07-27T12:28:54.085946" level="INFO">GET Request : url=https://randomuser.me/api 
 path_url=/api 
 headers={'User-Agent': 'python-requests/2.32.3', 'Accept-Encoding': 'gzip, deflate', 'Accept': '*/*', 'Connection': 'keep-alive'} 
 body=None 
 </msg>
<msg time="2024-07-27T12:28:54.086022" level="INFO">GET Response : url=https://randomuser.me/api 
 status=200, reason=OK 
 headers={'Date': 'Sat, 27 Jul 2024 12:28:54 GMT', 'Content-Type': 'application/json; charset=utf-8', 'Transfer-Encoding': 'chunked', 'Connection': 'keep-alive', 'X-Powered-By': 'Express', 'Access-Control-Allow-Origin': '*', 'Cache-Control': 'no-cache', 'ETag': 'W/"49b-67sD6dhWXYPXLcfT4r9TU3X7Zfk"', 'Vary': 'Accept-Encoding', 'Content-Encoding': 'gzip', 'CF-Cache-Status': 'DYNAMIC', 'Report-To': '{"endpoints":[{"url":"https:\\/\\/a.nel.cloudflare.com\\/report\\/v4?s=6AHNddqbBZ6KqdFrFyz0NbozJnx%2F9CJh6OV%2FPmGYDb1Qk52asHaMO485p%2BHWqJAveQoktQA2%2Fabxhl1ZswgAg2FxMi0i5YUyQeEwBtQ57BjKTatueFxlh2B1YmNLz3wQ"}],"group":"cf-nel","max_age":604800}', 'NEL': '{"success_fraction":0,"report_to":"cf-nel","max_age":604800}', 'Server': 'cloudflare', 'CF-RAY': '8a9ca1c57c888286-IAD', 'alt-svc': 'h3=":443"; ma=86400'} 
 body={"results":[{"gender":"male","name":{"title":"Mr","first":"Ramses","last":"Alemán"},"location":{"street":{"number":5791,"name":"Retorno Salcido"},"city":"Ex-hacienda de Solís","state":"Estado de Mexico","country":"Mexico","postcode":52733,"coordinates":{"latitude":"28.7719","longitude":"-153.5916"},"timezone":{"offset":"+6:00","description":"Almaty, Dhaka, Colombo"}},"email":"ramses.aleman@example.com","login":{"uuid":"c0c9f457-5c77-4d56-95e3-3b6c7533abec","username":"tinyduck304","password":"fist","salt":"uXDD3wzM","md5":"fc9598936b9de5e576ac623080ffd15a","sha1":"2ae6db949fd046c1f95073f5de75259e15357829","sha256":"e7f4612df057b7700ae04b59f463287d20f15b57f3289a4a5d0f986893dfae7b"},"dob":{"date":"1986-10-31T13:33:10.713Z","age":37},"registered":{"date":"2010-08-31T01:47:36.896Z","age":13},"phone":"(643) 226 7871","cell":"(630) 747 8459","id":{"name":"NSS","value":"86 00 44 9076 4"},"picture":{"large":"https://randomuser.me/api/portraits/men/77.jpg","medium":"https://randomuser.me/api/portraits/med/men/77.jpg","thumbnail":"https://randomuser.me/api/portraits/thumb/men/77.jpg"},"nat":"MX"}],"info":{"seed":"2f548917f9404f55","results":1,"page":1,"version":"1.4"}} 
 </msg>
<msg time="2024-07-27T12:28:54.086093" level="INFO">/opt/hostedtoolcache/Python/3.12.4/x64/lib/python3.12/site-packages/urllib3/connectionpool.py:1099: InsecureRequestWarning: Unverified HTTPS request is being made to host 'randomuser.me'. Adding certificate verification is strongly advised. See: https://urllib3.readthedocs.io/en/latest/advanced-usage.html#tls-warnings
  warnings.warn(</msg>
<msg time="2024-07-27T12:28:54.086221" level="INFO">${response} = &lt;Response [200]&gt;</msg>
<var>${response}</var>
<arg>consultarAPI</arg>
<arg>/api</arg>
<doc>Sends a GET request on a previously created HTTP Session.</doc>
<status status="PASS" start="2024-07-27T12:28:53.994355" elapsed="0.091915"/>
</kw>
<kw name="Set Variable" owner="BuiltIn">
<msg time="2024-07-27T12:28:54.087172" level="INFO">${json_data} = {'results': [{'gender': 'male', 'name': {'title': 'Mr', 'first': 'Ramses', 'last': 'Alemán'}, 'location': {'street': {'number': 5791, 'name': 'Retorno Salcido'}, 'city': 'Ex-hacienda de Solís', 'state...</msg>
<var>${json_data}</var>
<arg>${response.json()}</arg>
<doc>Returns the given values which can then be assigned to a variables.</doc>
<status status="PASS" start="2024-07-27T12:28:54.086681" elapsed="0.000520"/>
</kw>
<kw name="Log" owner="BuiltIn">
<msg time="2024-07-27T12:28:54.087676" level="INFO">{'results': [{'gender': 'male', 'name': {'title': 'Mr', 'first': 'Ramses', 'last': 'Alemán'}, 'location': {'street': {'number': 5791, 'name': 'Retorno Salcido'}, 'city': 'Ex-hacienda de Solís', 'state': 'Estado de Mexico', 'country': 'Mexico', 'postcode': 52733, 'coordinates': {'latitude': '28.7719', 'longitude': '-153.5916'}, 'timezone': {'offset': '+6:00', 'description': 'Almaty, Dhaka, Colombo'}}, 'email': 'ramses.aleman@example.com', 'login': {'uuid': 'c0c9f457-5c77-4d56-95e3-3b6c7533abec', 'username': 'tinyduck304', 'password': 'fist', 'salt': 'uXDD3wzM', 'md5': 'fc9598936b9de5e576ac623080ffd15a', 'sha1': '2ae6db949fd046c1f95073f5de75259e15357829', 'sha256': 'e7f4612df057b7700ae04b59f463287d20f15b57f3289a4a5d0f986893dfae7b'}, 'dob': {'date': '1986-10-31T13:33:10.713Z', 'age': 37}, 'registered': {'date': '2010-08-31T01:47:36.896Z', 'age': 13}, 'phone': '(643) 226 7871', 'cell': '(630) 747 8459', 'id': {'name': 'NSS', 'value': '86 00 44 9076 4'}, 'picture': {'large': 'https://randomuser.me/api/portraits/men/77.jpg', 'medium': 'https://randomuser.me/api/portraits/med/men/77.jpg', 'thumbnail': 'https://randomuser.me/api/portraits/thumb/men/77.jpg'}, 'nat': 'MX'}], 'info': {'seed': '2f548917f9404f55', 'results': 1, 'page': 1, 'version': '1.4'}}</msg>
<arg>${json_data}</arg>
<doc>Logs the given message with the given level.</doc>
<status status="PASS" start="2024-07-27T12:28:54.087515" elapsed="0.000209"/>
</kw>
<kw name="Should Be Equal As Numbers" owner="BuiltIn">
<arg>${json_data['results'][0]['location']['postcode']}</arg>
<arg>${json_data['results'][0]['location']['postcode']}</arg>
<doc>Fails if objects are unequal after converting them to real numbers.</doc>
<status status="PASS" start="2024-07-27T12:28:54.088017" elapsed="0.000614"/>
</kw>
<kw name="Log" owner="BuiltIn">
<msg time="2024-07-27T12:28:54.089197" level="INFO">52733</msg>
<arg>${json_data['results'][0]['location']['postcode']}</arg>
<doc>Logs the given message with the given level.</doc>
<status status="PASS" start="2024-07-27T12:28:54.088855" elapsed="0.000382"/>
</kw>
<status status="PASS" start="2024-07-27T12:28:53.994135" elapsed="0.095354"/>
</kw>
<doc>Testa se os tipos de dados na resposta da API estão corretos.</doc>
<tag>testeTiposDados</tag>
<status status="PASS" start="2024-07-27T12:28:53.907457" elapsed="0.182193"/>
</test>
<test id="s1-s1-t5" name="Validar conteudo" line="35">
<kw name="Teste de Tipos de Conteudo" owner="random-user-service">
<kw name="GET On Session" owner="RequestsLibrary">
<msg time="2024-07-27T12:28:54.199900" level="INFO">GET Request : url=https://randomuser.me/api 
 path_url=/api 
 headers={'User-Agent': 'python-requests/2.32.3', 'Accept-Encoding': 'gzip, deflate', 'Accept': '*/*', 'Connection': 'keep-alive'} 
 body=None 
 </msg>
<msg time="2024-07-27T12:28:54.199965" level="INFO">GET Response : url=https://randomuser.me/api 
 status=200, reason=OK 
 headers={'Date': 'Sat, 27 Jul 2024 12:28:54 GMT', 'Content-Type': 'application/json; charset=utf-8', 'Transfer-Encoding': 'chunked', 'Connection': 'keep-alive', 'X-Powered-By': 'Express', 'Access-Control-Allow-Origin': '*', 'Cache-Control': 'no-cache', 'ETag': 'W/"4a9-mKt8eNBmt2Lxwk8R8xnCDtz/B6A"', 'Vary': 'Accept-Encoding', 'Content-Encoding': 'gzip', 'CF-Cache-Status': 'DYNAMIC', 'Report-To': '{"endpoints":[{"url":"https:\\/\\/a.nel.cloudflare.com\\/report\\/v4?s=iXqhbos6QNjpZGf24f6gFJaEpMcRZhPBz%2Bm7khRJSY6RJomxdC5TF7mWr%2F%2BDDJ6qwodiCo3IpO7RUyl4P2KnEEXL4OKvAPh3CpBnGBlJZYpB9IAN34t71Mfhhkzh9wcE"}],"group":"cf-nel","max_age":604800}', 'NEL': '{"success_fraction":0,"report_to":"cf-nel","max_age":604800}', 'Server': 'cloudflare', 'CF-RAY': '8a9ca1c61d188286-IAD', 'alt-svc': 'h3=":443"; ma=86400'} 
 body={"results":[{"gender":"female","name":{"title":"Ms","first":"رونیکا","last":"سلطانی نژاد"},"location":{"street":{"number":7268,"name":"میرزای شیرازی"},"city":"اردبیل","state":"خراسان شمالی","country":"Iran","postcode":31511,"coordinates":{"latitude":"14.9070","longitude":"55.0804"},"timezone":{"offset":"+9:30","description":"Adelaide, Darwin"}},"email":"rwnykh.sltnynjd@example.com","login":{"uuid":"65debc15-3dc7-4725-9197-bb5cad62d0c6","username":"heavypanda722","password":"mariposa","salt":"ZVDDixZd","md5":"b609312096f46195abf617410cf00fff","sha1":"44ae65c54bba77747f000b889eebfe3ad1d7e2c4","sha256":"9a2b2d2a0918924c570edd0b6c369c94c320f5f0026ed30e0943a7d6454d1f4d"},"dob":{"date":"1962-07-23T22:08:31.592Z","age":62},"registered":{"date":"2018-06-15T01:09:28.399Z","age":6},"phone":"084-18074792","cell":"0928-115-8696","id":{"name":"","value":null},"picture":{"large":"https://randomuser.me/api/portraits/women/61.jpg","medium":"https://randomuser.me/api/portraits/med/women/61.jpg","thumbnail":"https://randomuser.me/api/portraits/thumb/women/61.jpg"},"nat":"IR"}],"info":{"seed":"ce380f0c7abe2244","results":1,"page":1,"version":"1.4"}} 
 </msg>
<msg time="2024-07-27T12:28:54.200024" level="INFO">/opt/hostedtoolcache/Python/3.12.4/x64/lib/python3.12/site-packages/urllib3/connectionpool.py:1099: InsecureRequestWarning: Unverified HTTPS request is being made to host 'randomuser.me'. Adding certificate verification is strongly advised. See: https://urllib3.readthedocs.io/en/latest/advanced-usage.html#tls-warnings
  warnings.warn(</msg>
<msg time="2024-07-27T12:28:54.200128" level="INFO">${response} = &lt;Response [200]&gt;</msg>
<var>${response}</var>
<arg>consultarAPI</arg>
<arg>/api</arg>
<doc>Sends a GET request on a previously created HTTP Session.</doc>
<status status="PASS" start="2024-07-27T12:28:54.092152" elapsed="0.108017"/>
</kw>
<kw name="Set Variable" owner="BuiltIn">
<msg time="2024-07-27T12:28:54.200962" level="INFO">${json_data} = {'results': [{'gender': 'female', 'name': {'title': 'Ms', 'first': 'رونیکا', 'last': 'سلطانی نژاد'}, 'location': {'street': {'number': 7268, 'name': 'میرزای شیرازی'}, 'city': 'اردبیل', 'state': 'خراسا...</msg>
<var>${json_data}</var>
<arg>${response.json()}</arg>
<doc>Returns the given values which can then be assigned to a variables.</doc>
<status status="PASS" start="2024-07-27T12:28:54.200508" elapsed="0.000484"/>
</kw>
<kw name="Set Variable" owner="BuiltIn">
<msg time="2024-07-27T12:28:54.201682" level="INFO">${name_title} = Ms</msg>
<var>${name_title}</var>
<arg>${json_data["results"][0]["name"]["title"]}</arg>
<doc>Returns the given values which can then be assigned to a variables.</doc>
<status status="PASS" start="2024-07-27T12:28:54.201306" elapsed="0.000401"/>
</kw>
<kw name="Create List" owner="BuiltIn">
<msg time="2024-07-27T12:28:54.202147" level="INFO">${allowed_titles} = ['Mr', 'Ms', 'Miss', 'Mrs', 'Madame', 'Monsieur']</msg>
<var>${allowed_titles}</var>
<arg>Mr</arg>
<arg>Ms</arg>
<arg>Miss</arg>
<arg>Mrs</arg>
<arg>Madame</arg>
<arg>Monsieur</arg>
<doc>Returns a list containing given items.</doc>
<status status="PASS" start="2024-07-27T12:28:54.201999" elapsed="0.000173"/>
</kw>
<kw name="List Should Contain Value" owner="Collections">
<arg>${allowed_titles}</arg>
<arg>${name_title}</arg>
<doc>Fails if the ``value`` is not found from ``list``.</doc>
<status status="PASS" start="2024-07-27T12:28:54.202470" elapsed="0.000180"/>
</kw>
<kw name="Set Variable" owner="BuiltIn">
<msg time="2024-07-27T12:28:54.203234" level="INFO">${name_country} = IR</msg>
<var>${name_country}</var>
<arg>${json_data["results"][0]["nat"]}</arg>
<doc>Returns the given values which can then be assigned to a variables.</doc>
<status status="PASS" start="2024-07-27T12:28:54.202825" elapsed="0.000433"/>
</kw>
<kw name="Create List" owner="BuiltIn">
<msg time="2024-07-27T12:28:54.204140" level="INFO">${list_country} = ['AD', 'AE', 'AF', 'AG', 'AI', 'AL', 'AM', 'AO', 'AQ', 'AR', 'AS', 'AT', 'AU', 'AW', 'AX', 'AZ', 'BA', 'BB', 'BD', 'BE', 'BF', 'BG', 'BH', 'BI', 'BJ', 'BL', 'BM', 'BN', 'BO', 'BQ', 'BR', 'BS', 'BT', '...</msg>
<var>${list_country}</var>
<arg>AD</arg>
<arg>AE</arg>
<arg>AF</arg>
<arg>AG</arg>
<arg>AI</arg>
<arg>AL</arg>
<arg>AM</arg>
<arg>AO</arg>
<arg>AQ</arg>
<arg>AR</arg>
<arg>AS</arg>
<arg>AT</arg>
<arg>AU</arg>
<arg>AW</arg>
<arg>AX</arg>
<arg>AZ</arg>
<arg>BA</arg>
<arg>BB</arg>
<arg>BD</arg>
<arg>BE</arg>
<arg>BF</arg>
<arg>BG</arg>
<arg>BH</arg>
<arg>BI</arg>
<arg>BJ</arg>
<arg>BL</arg>
<arg>BM</arg>
<arg>BN</arg>
<arg>BO</arg>
<arg>BQ</arg>
<arg>BR</arg>
<arg>BS</arg>
<arg>BT</arg>
<arg>BV</arg>
<arg>BW</arg>
<arg>BY</arg>
<arg>BZ</arg>
<arg>CA</arg>
<arg>CC</arg>
<arg>CD</arg>
<arg>CF</arg>
<arg>CG</arg>
<arg>CH</arg>
<arg>CI</arg>
<arg>CK</arg>
<arg>CL</arg>
<arg>CM</arg>
<arg>CN</arg>
<arg>CO</arg>
<arg>CR</arg>
<arg>CU</arg>
<arg>CV</arg>
<arg>CW</arg>
<arg>CX</arg>
<arg>CY</arg>
<arg>CZ</arg>
<arg>DE</arg>
<arg>DJ</arg>
<arg>DK</arg>
<arg>DM</arg>
<arg>DO</arg>
<arg>DZ</arg>
<arg>EC</arg>
<arg>EE</arg>
<arg>EG</arg>
<arg>EH</arg>
<arg>ER</arg>
<arg>ES</arg>
<arg>ET</arg>
<arg>FI</arg>
<arg>FJ</arg>
<arg>FK</arg>
<arg>FM</arg>
<arg>FO</arg>
<arg>FR</arg>
<arg>GA</arg>
<arg>GB</arg>
<arg>GD</arg>
<arg>GE</arg>
<arg>GF</arg>
<arg>GG</arg>
<arg>GH</arg>
<arg>GI</arg>
<arg>GL</arg>
<arg>GM</arg>
<arg>GN</arg>
<arg>GP</arg>
<arg>GQ</arg>
<arg>GR</arg>
<arg>GS</arg>
<arg>GT</arg>
<arg>GU</arg>
<arg>GW</arg>
<arg>GY</arg>
<arg>HK</arg>
<arg>HM</arg>
<arg>HN</arg>
<arg>HR</arg>
<arg>HT</arg>
<arg>HU</arg>
<arg>ID</arg>
<arg>IE</arg>
<arg>IL</arg>
<arg>IM</arg>
<arg>IN</arg>
<arg>IO</arg>
<arg>IQ</arg>
<arg>IR</arg>
<arg>IS</arg>
<arg>IT</arg>
<arg>JE</arg>
<arg>JM</arg>
<arg>JO</arg>
<arg>JP</arg>
<arg>KE</arg>
<arg>KG</arg>
<arg>KH</arg>
<arg>KI</arg>
<arg>KM</arg>
<arg>KN</arg>
<arg>KP</arg>
<arg>KR</arg>
<arg>KW</arg>
<arg>KY</arg>
<arg>KZ</arg>
<arg>LA</arg>
<arg>LB</arg>
<arg>LC</arg>
<arg>LI</arg>
<arg>LK</arg>
<arg>LR</arg>
<arg>LS</arg>
<arg>LT</arg>
<arg>LU</arg>
<arg>LV</arg>
<arg>LY</arg>
<arg>MA</arg>
<arg>MC</arg>
<arg>MD</arg>
<arg>ME</arg>
<arg>MF</arg>
<arg>MG</arg>
<arg>MH</arg>
<arg>MK</arg>
<arg>ML</arg>
<arg>MM</arg>
<arg>MN</arg>
<arg>MO</arg>
<arg>MP</arg>
<arg>MQ</arg>
<arg>MR</arg>
<arg>MS</arg>
<arg>MT</arg>
<arg>MU</arg>
<arg>MV</arg>
<arg>MW</arg>
<arg>MX</arg>
<arg>MY</arg>
<arg>MZ</arg>
<arg>NA</arg>
<arg>NC</arg>
<arg>NE</arg>
<arg>NF</arg>
<arg>NG</arg>
<arg>NI</arg>
<arg>NL</arg>
<arg>NO</arg>
<arg>NP</arg>
<arg>NR</arg>
<arg>NU</arg>
<arg>NZ</arg>
<arg>OM</arg>
<arg>PA</arg>
<arg>PE</arg>
<arg>PF</arg>
<arg>PG</arg>
<arg>PH</arg>
<arg>PK</arg>
<arg>PL</arg>
<arg>PM</arg>
<arg>PN</arg>
<arg>PR</arg>
<arg>PS</arg>
<arg>PT</arg>
<arg>PW</arg>
<arg>PY</arg>
<arg>QA</arg>
<arg>RE</arg>
<arg>RO</arg>
<arg>RS</arg>
<arg>RU</arg>
<arg>RW</arg>
<arg>SA</arg>
<arg>SB</arg>
<arg>SC</arg>
<arg>SD</arg>
<arg>SE</arg>
<arg>SG</arg>
<arg>SH</arg>
<arg>SI</arg>
<arg>SJ</arg>
<arg>SK</arg>
<arg>SL</arg>
<arg>SM</arg>
<arg>SN</arg>
<arg>SO</arg>
<arg>SR</arg>
<arg>SS</arg>
<arg>ST</arg>
<arg>SV</arg>
<arg>SX</arg>
<arg>SY</arg>
<arg>SZ</arg>
<arg>TC</arg>
<arg>TD</arg>
<arg>TF</arg>
<arg>TG</arg>
<arg>TH</arg>
<arg>TJ</arg>
<arg>TK</arg>
<arg>TL</arg>
<arg>TM</arg>
<arg>TN</arg>
<arg>TO</arg>
<arg>TR</arg>
<arg>TT</arg>
<arg>TV</arg>
<arg>TW</arg>
<arg>TZ</arg>
<arg>UA</arg>
<arg>UG</arg>
<arg>UM</arg>
<arg>US</arg>
<arg>UY</arg>
<arg>UZ</arg>
<arg>VA</arg>
<arg>VC</arg>
<arg>VE</arg>
<arg>VG</arg>
<arg>VI</arg>
<arg>VN</arg>
<arg>VU</arg>
<arg>WF</arg>
<arg>WS</arg>
<arg>XK</arg>
<arg>YE</arg>
<arg>YT</arg>
<arg>ZA</arg>
<arg>ZM</arg>
<arg>ZW</arg>
<doc>Returns a list containing given items.</doc>
<status status="PASS" start="2024-07-27T12:28:54.203543" elapsed="0.000627"/>
</kw>
<kw name="List Should Contain Value" owner="Collections">
<arg>${list_country}</arg>
<arg>${name_country}</arg>
<doc>Fails if the ``value`` is not found from ``list``.</doc>
<status status="PASS" start="2024-07-27T12:28:54.205102" elapsed="0.000210"/>
</kw>
<kw name="Run Keyword If" owner="BuiltIn">
<kw name="Should Be True" owner="BuiltIn">
<arg>${True}</arg>
<doc>Fails if the given condition is not true.</doc>
<status status="PASS" start="2024-07-27T12:28:54.206240" elapsed="0.000142"/>
</kw>
<arg>${json_data["results"][0]["location"]["coordinates"]["latitude"]} &gt;= -90 and ${json_data["results"][0]["location"]["coordinates"]["latitude"]} &lt;= 90</arg>
<arg>Should Be True</arg>
<arg>${True}</arg>
<doc>Runs the given keyword with the given arguments, if ``condition`` is true.</doc>
<status status="PASS" start="2024-07-27T12:28:54.205506" elapsed="0.001001"/>
</kw>
<kw name="Run Keyword If" owner="BuiltIn">
<kw name="Should Be True" owner="BuiltIn">
<arg>${True}</arg>
<doc>Fails if the given condition is not true.</doc>
<status status="PASS" start="2024-07-27T12:28:54.207398" elapsed="0.000137"/>
</kw>
<arg>${json_data["results"][0]["location"]["coordinates"]["longitude"]} &gt;= -180 and ${json_data["results"][0]["location"]["coordinates"]["longitude"]} &lt;= 180</arg>
<arg>Should Be True</arg>
<arg>${True}</arg>
<doc>Runs the given keyword with the given arguments, if ``condition`` is true.</doc>
<status status="PASS" start="2024-07-27T12:28:54.206687" elapsed="0.000970"/>
</kw>
<status status="PASS" start="2024-07-27T12:28:54.091930" elapsed="0.115852"/>
</kw>
<doc>Testa o conteúdo específico dos campos retornados pela API.</doc>
<tag>testeConteudo</tag>
<status status="PASS" start="2024-07-27T12:28:54.091385" elapsed="0.116537"/>
</test>
<status status="PASS" start="2024-07-27T12:28:53.231116" elapsed="0.978649"/>
</suite>
<status status="PASS" start="2024-07-27T12:28:53.216781" elapsed="0.997966"/>
</suite>
<statistics>
<total>
<stat pass="5" fail="0" skip="0">All Tests</stat>
</total>
<tag>
<stat pass="1" fail="0" skip="0">testeConteudo</stat>
<stat pass="1" fail="0" skip="0">testeEstruturaResposta</stat>
<stat pass="1" fail="0" skip="0">testeRequisicaoBasica</stat>
<stat pass="1" fail="0" skip="0">testeTiposDados</stat>
</tag>
<suite>
<stat pass="5" fail="0" skip="0" id="s1" name="Tests">Tests</stat>
<stat pass="5" fail="0" skip="0" id="s1-s1" name="Random-User-Test">Tests.Random-User-Test</stat>
</suite>
</statistics>
<errors>
</errors>
</robot>
