<?xml version="1.0" encoding="UTF-8"?>
<robot generator="Robot 7.0.1 (Python 3.12.4 on linux)" generated="2024-06-25T21:14:20.981447" rpa="false" schemaversion="5">
<suite id="s1" name="Tests" source="/home/runner/work/ApiRandomUser/ApiRandomUser/RamdonUser/tests">
<suite id="s1-s1" name="Random-User-Test" source="/home/runner/work/ApiRandomUser/ApiRandomUser/RamdonUser/tests/random-user-test.robot">
<test id="s1-s1-t1" name="Conectar" line="13">
<kw name="Conectar API" owner="random-user-service">
<kw name="Create Session" owner="RequestsLibrary">
<msg time="2024-06-25T21:14:21.390395" level="INFO">Creating Session using : alias=consultarAPI, url=https://randomuser.me/, headers={},                     cookies={}, auth=None, timeout=None, proxies=None, verify=False,                     debug=0 </msg>
<arg>consultarAPI</arg>
<arg>${URL}</arg>
<doc>Create Session: create a HTTP session to a server</doc>
<status status="PASS" start="2024-06-25T21:14:21.390199" elapsed="0.000362"/>
</kw>
<status status="PASS" start="2024-06-25T21:14:21.389306" elapsed="0.001592"/>
</kw>
<status status="PASS" start="2024-06-25T21:14:21.388718" elapsed="0.002369"/>
</test>
<test id="s1-s1-t2" name="Validar retorno 200 e JSON Válido" line="16">
<kw name="Teste de Requisicao Basica" owner="random-user-service">
<kw name="GET On Session" owner="RequestsLibrary">
<msg time="2024-06-25T21:14:21.615889" level="INFO">GET Request : url=https://randomuser.me/api 
 path_url=/api 
 headers={'User-Agent': 'python-requests/2.32.3', 'Accept-Encoding': 'gzip, deflate', 'Accept': '*/*', 'Connection': 'keep-alive'} 
 body=None 
 </msg>
<msg time="2024-06-25T21:14:21.616039" level="INFO">GET Response : url=https://randomuser.me/api 
 status=200, reason=OK 
 headers={'Date': 'Tue, 25 Jun 2024 21:14:21 GMT', 'Content-Type': 'application/json; charset=utf-8', 'Transfer-Encoding': 'chunked', 'Connection': 'keep-alive', 'X-Powered-By': 'Express', 'Access-Control-Allow-Origin': '*', 'Cache-Control': 'no-cache', 'ETag': 'W/"483-8tMrEy3/r4XIKkBCp4CcgD4Kgjk"', 'Vary': 'Accept-Encoding', 'Content-Encoding': 'gzip', 'CF-Cache-Status': 'DYNAMIC', 'Report-To': '{"endpoints":[{"url":"https:\\/\\/a.nel.cloudflare.com\\/report\\/v4?s=oewY5UI4fn0sl7BvIeVaCtLI2qU7yc8lqSN8Do9hQbF8%2BVRotzbEUWueH7ipQ2UzBZxNC9eKW42v811QEvc8sML2emritiTspRM4RTavDkdpZv4si0rO9BH%2BZ9sqaymO"}],"group":"cf-nel","max_age":604800}', 'NEL': '{"success_fraction":0,"report_to":"cf-nel","max_age":604800}', 'Server': 'cloudflare', 'CF-RAY': '8997f77caec807fb-IAD', 'alt-svc': 'h3=":443"; ma=86400'} 
 body={"results":[{"gender":"female","name":{"title":"Mrs","first":"Judy","last":"Reed"},"location":{"street":{"number":2377,"name":"Chester Road"},"city":"Kingston upon Hull","state":"Berkshire","country":"United Kingdom","postcode":"Z9W 0EH","coordinates":{"latitude":"-7.6783","longitude":"24.8634"},"timezone":{"offset":"-10:00","description":"Hawaii"}},"email":"judy.reed@example.com","login":{"uuid":"7b913160-f3da-400c-bb52-2ffa3ebbc13f","username":"blackdog960","password":"fritz","salt":"m1NdbU0U","md5":"195ed556c3b2ce318b82f953d0f2e55f","sha1":"29a4444274d9708c11e60e12197b2b0a3d173f74","sha256":"08b215c9d74f5f37071e46e81b734e23ec0ae4171a0f4dc5e80f247c96f10f5d"},"dob":{"date":"1997-11-15T04:24:48.896Z","age":26},"registered":{"date":"2015-02-10T17:26:04.514Z","age":9},"phone":"016977 3325","cell":"07824 508717","id":{"name":"NINO","value":"AJ 69 76 58 Q"},"picture":{"large":"https://randomuser.me/api/portraits/women/18.jpg","medium":"https://randomuser.me/api/portraits/med/women/18.jpg","thumbnail":"https://randomuser.me/api/portraits/thumb/women/18.jpg"},"nat":"GB"}],"info":{"seed":"a9d32c58d089f11b","results":1,"page":1,"version":"1.4"}} 
 </msg>
<msg time="2024-06-25T21:14:21.616142" level="INFO">/opt/hostedtoolcache/Python/3.12.4/x64/lib/python3.12/site-packages/urllib3/connectionpool.py:1099: InsecureRequestWarning: Unverified HTTPS request is being made to host 'randomuser.me'. Adding certificate verification is strongly advised. See: https://urllib3.readthedocs.io/en/latest/advanced-usage.html#tls-warnings
  warnings.warn(</msg>
<msg time="2024-06-25T21:14:21.616313" level="INFO">${response} = &lt;Response [200]&gt;</msg>
<var>${response}</var>
<arg>consultarAPI</arg>
<arg>/api</arg>
<doc>Sends a GET request on a previously created HTTP Session.</doc>
<status status="PASS" start="2024-06-25T21:14:21.393844" elapsed="0.222509"/>
</kw>
<kw name="Should Be Equal As Numbers" owner="BuiltIn">
<msg time="2024-06-25T21:14:21.617214" level="INFO">Argument types are:
&lt;class 'int'&gt;
&lt;class 'str'&gt;</msg>
<arg>${response.status_code}</arg>
<arg>200</arg>
<doc>Fails if objects are unequal after converting them to real numbers.</doc>
<status status="PASS" start="2024-06-25T21:14:21.616784" elapsed="0.000493"/>
</kw>
<kw name="Log" owner="BuiltIn">
<msg time="2024-06-25T21:14:21.617941" level="INFO">200</msg>
<arg>${response.status_code}</arg>
<doc>Logs the given message with the given level.</doc>
<status status="PASS" start="2024-06-25T21:14:21.617593" elapsed="0.000392"/>
</kw>
<kw name="Set Variable" owner="BuiltIn">
<msg time="2024-06-25T21:14:21.618720" level="INFO">${json_data} = {'results': [{'gender': 'female', 'name': {'title': 'Mrs', 'first': 'Judy', 'last': 'Reed'}, 'location': {'street': {'number': 2377, 'name': 'Chester Road'}, 'city': 'Kingston upon Hull', 'state': 'Be...</msg>
<var>${json_data}</var>
<arg>${response.json()}</arg>
<doc>Returns the given values which can then be assigned to a variables.</doc>
<status status="PASS" start="2024-06-25T21:14:21.618286" elapsed="0.000464"/>
</kw>
<kw name="Dictionary Should Contain Key" owner="Collections">
<arg>${json_data}</arg>
<arg>results</arg>
<doc>Fails if ``key`` is not found from ``dictionary``.</doc>
<status status="PASS" start="2024-06-25T21:14:21.619042" elapsed="0.000162"/>
</kw>
<status status="PASS" start="2024-06-25T21:14:21.393602" elapsed="0.225747"/>
</kw>
<doc>Testa se a API responde corretamente e retorna um objeto JSON válido.</doc>
<tag>testeRequisicaoBasica</tag>
<status status="PASS" start="2024-06-25T21:14:21.393057" elapsed="0.226459"/>
</test>
<test id="s1-s1-t3" name="Validar estrutura de resposta" line="22">
<kw name="Teste de Estrutura de Resposta" owner="random-user-service">
<kw name="GET On Session" owner="RequestsLibrary">
<msg time="2024-06-25T21:14:21.752019" level="INFO">GET Request : url=https://randomuser.me/api 
 path_url=/api 
 headers={'User-Agent': 'python-requests/2.32.3', 'Accept-Encoding': 'gzip, deflate', 'Accept': '*/*', 'Connection': 'keep-alive'} 
 body=None 
 </msg>
<msg time="2024-06-25T21:14:21.752103" level="INFO">GET Response : url=https://randomuser.me/api 
 status=200, reason=OK 
 headers={'Date': 'Tue, 25 Jun 2024 21:14:21 GMT', 'Content-Type': 'application/json; charset=utf-8', 'Transfer-Encoding': 'chunked', 'Connection': 'keep-alive', 'X-Powered-By': 'Express', 'Access-Control-Allow-Origin': '*', 'Cache-Control': 'no-cache', 'ETag': 'W/"482-rC8p42qv43myuo33NsaGwrl2cwM"', 'Vary': 'Accept-Encoding', 'Content-Encoding': 'gzip', 'CF-Cache-Status': 'DYNAMIC', 'Report-To': '{"endpoints":[{"url":"https:\\/\\/a.nel.cloudflare.com\\/report\\/v4?s=LPzxEKJCrJ99pOgnjyzWZVA8P7j5H%2B23wvdp%2FbhJcfx645EOAmz1tNyF2Stfk9lcN%2BH7TwoWOKj9CROI%2Bh%2ByvTufD4uSefgyEdT3C%2FWsQPBUF2OJCzLx7K2ALsFZOYQF"}],"group":"cf-nel","max_age":604800}', 'NEL': '{"success_fraction":0,"report_to":"cf-nel","max_age":604800}', 'Server': 'cloudflare', 'CF-RAY': '8997f77d2f8507fb-IAD', 'alt-svc': 'h3=":443"; ma=86400'} 
 body={"results":[{"gender":"female","name":{"title":"Ms","first":"نازنین","last":"حسینی"},"location":{"street":{"number":787,"name":"پاسداران"},"city":"همدان","state":"قم","country":"Iran","postcode":54678,"coordinates":{"latitude":"15.8488","longitude":"139.0213"},"timezone":{"offset":"-12:00","description":"Eniwetok, Kwajalein"}},"email":"nznyn.hsyny@example.com","login":{"uuid":"c1c01fd9-75c6-4d4d-85b9-c9bcca41d356","username":"organicsnake657","password":"portugal","salt":"uWz2s1dx","md5":"ca92dc4bf50fdc19c40127c8b8f89e69","sha1":"10e91bec3fe9eff7390a587f838bc4876dcbb9e2","sha256":"b5e6733f0cb3c872cf885274e8c66779e9fe3177d41957c7d9a4bfd5003c081e"},"dob":{"date":"1986-10-04T04:49:31.331Z","age":37},"registered":{"date":"2017-05-26T17:38:57.928Z","age":7},"phone":"062-18233451","cell":"0926-862-7229","id":{"name":"","value":null},"picture":{"large":"https://randomuser.me/api/portraits/women/74.jpg","medium":"https://randomuser.me/api/portraits/med/women/74.jpg","thumbnail":"https://randomuser.me/api/portraits/thumb/women/74.jpg"},"nat":"IR"}],"info":{"seed":"6181d9ae4ffb52c8","results":1,"page":1,"version":"1.4"}} 
 </msg>
<msg time="2024-06-25T21:14:21.752222" level="INFO">/opt/hostedtoolcache/Python/3.12.4/x64/lib/python3.12/site-packages/urllib3/connectionpool.py:1099: InsecureRequestWarning: Unverified HTTPS request is being made to host 'randomuser.me'. Adding certificate verification is strongly advised. See: https://urllib3.readthedocs.io/en/latest/advanced-usage.html#tls-warnings
  warnings.warn(</msg>
<msg time="2024-06-25T21:14:21.752358" level="INFO">${response} = &lt;Response [200]&gt;</msg>
<var>${response}</var>
<arg>consultarAPI</arg>
<arg>/api</arg>
<doc>Sends a GET request on a previously created HTTP Session.</doc>
<status status="PASS" start="2024-06-25T21:14:21.622074" elapsed="0.130339"/>
</kw>
<kw name="Set Variable" owner="BuiltIn">
<msg time="2024-06-25T21:14:21.753238" level="INFO">${json_data} = {'results': [{'gender': 'female', 'name': {'title': 'Ms', 'first': 'نازنین', 'last': 'حسینی'}, 'location': {'street': {'number': 787, 'name': 'پاسداران'}, 'city': 'همدان', 'state': 'قم', 'country': 'I...</msg>
<var>${json_data}</var>
<arg>${response.json()}</arg>
<doc>Returns the given values which can then be assigned to a variables.</doc>
<status status="PASS" start="2024-06-25T21:14:21.752780" elapsed="0.000489"/>
</kw>
<kw name="Log" owner="BuiltIn">
<msg time="2024-06-25T21:14:21.753730" level="INFO">{'results': [{'gender': 'female', 'name': {'title': 'Ms', 'first': 'نازنین', 'last': 'حسینی'}, 'location': {'street': {'number': 787, 'name': 'پاسداران'}, 'city': 'همدان', 'state': 'قم', 'country': 'Iran', 'postcode': 54678, 'coordinates': {'latitude': '15.8488', 'longitude': '139.0213'}, 'timezone': {'offset': '-12:00', 'description': 'Eniwetok, Kwajalein'}}, 'email': 'nznyn.hsyny@example.com', 'login': {'uuid': 'c1c01fd9-75c6-4d4d-85b9-c9bcca41d356', 'username': 'organicsnake657', 'password': 'portugal', 'salt': 'uWz2s1dx', 'md5': 'ca92dc4bf50fdc19c40127c8b8f89e69', 'sha1': '10e91bec3fe9eff7390a587f838bc4876dcbb9e2', 'sha256': 'b5e6733f0cb3c872cf885274e8c66779e9fe3177d41957c7d9a4bfd5003c081e'}, 'dob': {'date': '1986-10-04T04:49:31.331Z', 'age': 37}, 'registered': {'date': '2017-05-26T17:38:57.928Z', 'age': 7}, 'phone': '062-18233451', 'cell': '0926-862-7229', 'id': {'name': '', 'value': None}, 'picture': {'large': 'https://randomuser.me/api/portraits/women/74.jpg', 'medium': 'https://randomuser.me/api/portraits/med/women/74.jpg', 'thumbnail': 'https://randomuser.me/api/portraits/thumb/women/74.jpg'}, 'nat': 'IR'}], 'info': {'seed': '6181d9ae4ffb52c8', 'results': 1, 'page': 1, 'version': '1.4'}}</msg>
<arg>${json_data}</arg>
<doc>Logs the given message with the given level.</doc>
<status status="PASS" start="2024-06-25T21:14:21.753570" elapsed="0.000209"/>
</kw>
<kw name="Dictionary Should Contain Key" owner="Collections">
<arg>${json_data}</arg>
<arg>results</arg>
<doc>Fails if ``key`` is not found from ``dictionary``.</doc>
<status status="PASS" start="2024-06-25T21:14:21.754077" elapsed="0.000152"/>
</kw>
<kw name="Should Not Be Empty" owner="BuiltIn">
<msg time="2024-06-25T21:14:21.754545" level="INFO">Length is 2.</msg>
<arg>${json_data}</arg>
<doc>Verifies that the given item is not empty.</doc>
<status status="PASS" start="2024-06-25T21:14:21.754411" elapsed="0.000171"/>
</kw>
<kw name="Create List" owner="BuiltIn">
<msg time="2024-06-25T21:14:21.755024" level="INFO">${expected_keys} = ['gender', 'name', 'location', 'email', 'login']</msg>
<var>${expected_keys}</var>
<arg>gender</arg>
<arg>name</arg>
<arg>location</arg>
<arg>email</arg>
<arg>login</arg>
<doc>Returns a list containing given items.</doc>
<status status="PASS" start="2024-06-25T21:14:21.754872" elapsed="0.000176"/>
</kw>
<for flavor="IN">
<iter>
<kw name="Dictionary Should Contain Key" owner="Collections">
<arg>${json_data['results'][0]}</arg>
<arg>${key}</arg>
<doc>Fails if ``key`` is not found from ``dictionary``.</doc>
<status status="PASS" start="2024-06-25T21:14:21.755727" elapsed="0.000430"/>
</kw>
<kw name="Log" owner="BuiltIn">
<msg time="2024-06-25T21:14:21.756714" level="INFO">{'gender': 'female', 'name': {'title': 'Ms', 'first': 'نازنین', 'last': 'حسینی'}, 'location': {'street': {'number': 787, 'name': 'پاسداران'}, 'city': 'همدان', 'state': 'قم', 'country': 'Iran', 'postcode': 54678, 'coordinates': {'latitude': '15.8488', 'longitude': '139.0213'}, 'timezone': {'offset': '-12:00', 'description': 'Eniwetok, Kwajalein'}}, 'email': 'nznyn.hsyny@example.com', 'login': {'uuid': 'c1c01fd9-75c6-4d4d-85b9-c9bcca41d356', 'username': 'organicsnake657', 'password': 'portugal', 'salt': 'uWz2s1dx', 'md5': 'ca92dc4bf50fdc19c40127c8b8f89e69', 'sha1': '10e91bec3fe9eff7390a587f838bc4876dcbb9e2', 'sha256': 'b5e6733f0cb3c872cf885274e8c66779e9fe3177d41957c7d9a4bfd5003c081e'}, 'dob': {'date': '1986-10-04T04:49:31.331Z', 'age': 37}, 'registered': {'date': '2017-05-26T17:38:57.928Z', 'age': 7}, 'phone': '062-18233451', 'cell': '0926-862-7229', 'id': {'name': '', 'value': None}, 'picture': {'large': 'https://randomuser.me/api/portraits/women/74.jpg', 'medium': 'https://randomuser.me/api/portraits/med/women/74.jpg', 'thumbnail': 'https://randomuser.me/api/portraits/thumb/women/74.jpg'}, 'nat': 'IR'}</msg>
<arg>${json_data['results'][0]}</arg>
<doc>Logs the given message with the given level.</doc>
<status status="PASS" start="2024-06-25T21:14:21.756347" elapsed="0.000417"/>
</kw>
<kw name="Log" owner="BuiltIn">
<msg time="2024-06-25T21:14:21.757183" level="INFO">gender</msg>
<arg>${key}</arg>
<doc>Logs the given message with the given level.</doc>
<status status="PASS" start="2024-06-25T21:14:21.757057" elapsed="0.000164"/>
</kw>
<var name="${key}">gender</var>
<status status="PASS" start="2024-06-25T21:14:21.755607" elapsed="0.001828"/>
</iter>
<iter>
<kw name="Dictionary Should Contain Key" owner="Collections">
<arg>${json_data['results'][0]}</arg>
<arg>${key}</arg>
<doc>Fails if ``key`` is not found from ``dictionary``.</doc>
<status status="PASS" start="2024-06-25T21:14:21.757728" elapsed="0.000394"/>
</kw>
<kw name="Log" owner="BuiltIn">
<msg time="2024-06-25T21:14:21.758655" level="INFO">{'gender': 'female', 'name': {'title': 'Ms', 'first': 'نازنین', 'last': 'حسینی'}, 'location': {'street': {'number': 787, 'name': 'پاسداران'}, 'city': 'همدان', 'state': 'قم', 'country': 'Iran', 'postcode': 54678, 'coordinates': {'latitude': '15.8488', 'longitude': '139.0213'}, 'timezone': {'offset': '-12:00', 'description': 'Eniwetok, Kwajalein'}}, 'email': 'nznyn.hsyny@example.com', 'login': {'uuid': 'c1c01fd9-75c6-4d4d-85b9-c9bcca41d356', 'username': 'organicsnake657', 'password': 'portugal', 'salt': 'uWz2s1dx', 'md5': 'ca92dc4bf50fdc19c40127c8b8f89e69', 'sha1': '10e91bec3fe9eff7390a587f838bc4876dcbb9e2', 'sha256': 'b5e6733f0cb3c872cf885274e8c66779e9fe3177d41957c7d9a4bfd5003c081e'}, 'dob': {'date': '1986-10-04T04:49:31.331Z', 'age': 37}, 'registered': {'date': '2017-05-26T17:38:57.928Z', 'age': 7}, 'phone': '062-18233451', 'cell': '0926-862-7229', 'id': {'name': '', 'value': None}, 'picture': {'large': 'https://randomuser.me/api/portraits/women/74.jpg', 'medium': 'https://randomuser.me/api/portraits/med/women/74.jpg', 'thumbnail': 'https://randomuser.me/api/portraits/thumb/women/74.jpg'}, 'nat': 'IR'}</msg>
<arg>${json_data['results'][0]}</arg>
<doc>Logs the given message with the given level.</doc>
<status status="PASS" start="2024-06-25T21:14:21.758302" elapsed="0.000438"/>
</kw>
<kw name="Log" owner="BuiltIn">
<msg time="2024-06-25T21:14:21.759169" level="INFO">name</msg>
<arg>${key}</arg>
<doc>Logs the given message with the given level.</doc>
<status status="PASS" start="2024-06-25T21:14:21.759041" elapsed="0.000166"/>
</kw>
<var name="${key}">name</var>
<status status="PASS" start="2024-06-25T21:14:21.757617" elapsed="0.001814"/>
</iter>
<iter>
<kw name="Dictionary Should Contain Key" owner="Collections">
<arg>${json_data['results'][0]}</arg>
<arg>${key}</arg>
<doc>Fails if ``key`` is not found from ``dictionary``.</doc>
<status status="PASS" start="2024-06-25T21:14:21.759714" elapsed="0.000410"/>
</kw>
<kw name="Log" owner="BuiltIn">
<msg time="2024-06-25T21:14:21.760662" level="INFO">{'gender': 'female', 'name': {'title': 'Ms', 'first': 'نازنین', 'last': 'حسینی'}, 'location': {'street': {'number': 787, 'name': 'پاسداران'}, 'city': 'همدان', 'state': 'قم', 'country': 'Iran', 'postcode': 54678, 'coordinates': {'latitude': '15.8488', 'longitude': '139.0213'}, 'timezone': {'offset': '-12:00', 'description': 'Eniwetok, Kwajalein'}}, 'email': 'nznyn.hsyny@example.com', 'login': {'uuid': 'c1c01fd9-75c6-4d4d-85b9-c9bcca41d356', 'username': 'organicsnake657', 'password': 'portugal', 'salt': 'uWz2s1dx', 'md5': 'ca92dc4bf50fdc19c40127c8b8f89e69', 'sha1': '10e91bec3fe9eff7390a587f838bc4876dcbb9e2', 'sha256': 'b5e6733f0cb3c872cf885274e8c66779e9fe3177d41957c7d9a4bfd5003c081e'}, 'dob': {'date': '1986-10-04T04:49:31.331Z', 'age': 37}, 'registered': {'date': '2017-05-26T17:38:57.928Z', 'age': 7}, 'phone': '062-18233451', 'cell': '0926-862-7229', 'id': {'name': '', 'value': None}, 'picture': {'large': 'https://randomuser.me/api/portraits/women/74.jpg', 'medium': 'https://randomuser.me/api/portraits/med/women/74.jpg', 'thumbnail': 'https://randomuser.me/api/portraits/thumb/women/74.jpg'}, 'nat': 'IR'}</msg>
<arg>${json_data['results'][0]}</arg>
<doc>Logs the given message with the given level.</doc>
<status status="PASS" start="2024-06-25T21:14:21.760307" elapsed="0.000404"/>
</kw>
<kw name="Log" owner="BuiltIn">
<msg time="2024-06-25T21:14:21.761142" level="INFO">location</msg>
<arg>${key}</arg>
<doc>Logs the given message with the given level.</doc>
<status status="PASS" start="2024-06-25T21:14:21.761014" elapsed="0.000165"/>
</kw>
<var name="${key}">location</var>
<status status="PASS" start="2024-06-25T21:14:21.759607" elapsed="0.001784"/>
</iter>
<iter>
<kw name="Dictionary Should Contain Key" owner="Collections">
<arg>${json_data['results'][0]}</arg>
<arg>${key}</arg>
<doc>Fails if ``key`` is not found from ``dictionary``.</doc>
<status status="PASS" start="2024-06-25T21:14:21.761667" elapsed="0.000387"/>
</kw>
<kw name="Log" owner="BuiltIn">
<msg time="2024-06-25T21:14:21.762596" level="INFO">{'gender': 'female', 'name': {'title': 'Ms', 'first': 'نازنین', 'last': 'حسینی'}, 'location': {'street': {'number': 787, 'name': 'پاسداران'}, 'city': 'همدان', 'state': 'قم', 'country': 'Iran', 'postcode': 54678, 'coordinates': {'latitude': '15.8488', 'longitude': '139.0213'}, 'timezone': {'offset': '-12:00', 'description': 'Eniwetok, Kwajalein'}}, 'email': 'nznyn.hsyny@example.com', 'login': {'uuid': 'c1c01fd9-75c6-4d4d-85b9-c9bcca41d356', 'username': 'organicsnake657', 'password': 'portugal', 'salt': 'uWz2s1dx', 'md5': 'ca92dc4bf50fdc19c40127c8b8f89e69', 'sha1': '10e91bec3fe9eff7390a587f838bc4876dcbb9e2', 'sha256': 'b5e6733f0cb3c872cf885274e8c66779e9fe3177d41957c7d9a4bfd5003c081e'}, 'dob': {'date': '1986-10-04T04:49:31.331Z', 'age': 37}, 'registered': {'date': '2017-05-26T17:38:57.928Z', 'age': 7}, 'phone': '062-18233451', 'cell': '0926-862-7229', 'id': {'name': '', 'value': None}, 'picture': {'large': 'https://randomuser.me/api/portraits/women/74.jpg', 'medium': 'https://randomuser.me/api/portraits/med/women/74.jpg', 'thumbnail': 'https://randomuser.me/api/portraits/thumb/women/74.jpg'}, 'nat': 'IR'}</msg>
<arg>${json_data['results'][0]}</arg>
<doc>Logs the given message with the given level.</doc>
<status status="PASS" start="2024-06-25T21:14:21.762242" elapsed="0.000404"/>
</kw>
<kw name="Log" owner="BuiltIn">
<msg time="2024-06-25T21:14:21.763066" level="INFO">email</msg>
<arg>${key}</arg>
<doc>Logs the given message with the given level.</doc>
<status status="PASS" start="2024-06-25T21:14:21.762939" elapsed="0.000165"/>
</kw>
<var name="${key}">email</var>
<status status="PASS" start="2024-06-25T21:14:21.761560" elapsed="0.001758"/>
</iter>
<iter>
<kw name="Dictionary Should Contain Key" owner="Collections">
<arg>${json_data['results'][0]}</arg>
<arg>${key}</arg>
<doc>Fails if ``key`` is not found from ``dictionary``.</doc>
<status status="PASS" start="2024-06-25T21:14:21.763593" elapsed="0.000415"/>
</kw>
<kw name="Log" owner="BuiltIn">
<msg time="2024-06-25T21:14:21.764547" level="INFO">{'gender': 'female', 'name': {'title': 'Ms', 'first': 'نازنین', 'last': 'حسینی'}, 'location': {'street': {'number': 787, 'name': 'پاسداران'}, 'city': 'همدان', 'state': 'قم', 'country': 'Iran', 'postcode': 54678, 'coordinates': {'latitude': '15.8488', 'longitude': '139.0213'}, 'timezone': {'offset': '-12:00', 'description': 'Eniwetok, Kwajalein'}}, 'email': 'nznyn.hsyny@example.com', 'login': {'uuid': 'c1c01fd9-75c6-4d4d-85b9-c9bcca41d356', 'username': 'organicsnake657', 'password': 'portugal', 'salt': 'uWz2s1dx', 'md5': 'ca92dc4bf50fdc19c40127c8b8f89e69', 'sha1': '10e91bec3fe9eff7390a587f838bc4876dcbb9e2', 'sha256': 'b5e6733f0cb3c872cf885274e8c66779e9fe3177d41957c7d9a4bfd5003c081e'}, 'dob': {'date': '1986-10-04T04:49:31.331Z', 'age': 37}, 'registered': {'date': '2017-05-26T17:38:57.928Z', 'age': 7}, 'phone': '062-18233451', 'cell': '0926-862-7229', 'id': {'name': '', 'value': None}, 'picture': {'large': 'https://randomuser.me/api/portraits/women/74.jpg', 'medium': 'https://randomuser.me/api/portraits/med/women/74.jpg', 'thumbnail': 'https://randomuser.me/api/portraits/thumb/women/74.jpg'}, 'nat': 'IR'}</msg>
<arg>${json_data['results'][0]}</arg>
<doc>Logs the given message with the given level.</doc>
<status status="PASS" start="2024-06-25T21:14:21.764192" elapsed="0.000404"/>
</kw>
<kw name="Log" owner="BuiltIn">
<msg time="2024-06-25T21:14:21.765038" level="INFO">login</msg>
<arg>${key}</arg>
<doc>Logs the given message with the given level.</doc>
<status status="PASS" start="2024-06-25T21:14:21.764892" elapsed="0.000184"/>
</kw>
<var name="${key}">login</var>
<status status="PASS" start="2024-06-25T21:14:21.763486" elapsed="0.001805"/>
</iter>
<var>${key}</var>
<value>@{expected_keys}</value>
<status status="PASS" start="2024-06-25T21:14:21.755423" elapsed="0.009987"/>
</for>
<kw name="Create List" owner="BuiltIn">
<msg time="2024-06-25T21:14:21.765733" level="INFO">${expected_keysTwo} = ['username', 'password']</msg>
<var>${expected_keysTwo}</var>
<arg>username</arg>
<arg>password</arg>
<doc>Returns a list containing given items.</doc>
<status status="PASS" start="2024-06-25T21:14:21.765596" elapsed="0.000189"/>
</kw>
<for flavor="IN">
<iter>
<kw name="Dictionary Should Contain Key" owner="Collections">
<arg>${json_data['results'][0]['login']}</arg>
<arg>${keyTwo}</arg>
<doc>Fails if ``key`` is not found from ``dictionary``.</doc>
<status status="PASS" start="2024-06-25T21:14:21.766280" elapsed="0.000386"/>
</kw>
<kw name="Dictionary Should Contain Key" owner="Collections">
<arg>${json_data['results'][0]['login']}</arg>
<arg>${keyTwo}</arg>
<doc>Fails if ``key`` is not found from ``dictionary``.</doc>
<status status="PASS" start="2024-06-25T21:14:21.766846" elapsed="0.000377"/>
</kw>
<kw name="Log" owner="BuiltIn">
<msg time="2024-06-25T21:14:21.767518" level="INFO">username</msg>
<arg>${keyTwo}</arg>
<doc>Logs the given message with the given level.</doc>
<status status="PASS" start="2024-06-25T21:14:21.767399" elapsed="0.000156"/>
</kw>
<var name="${keyTwo}">username</var>
<status status="PASS" start="2024-06-25T21:14:21.766173" elapsed="0.001632"/>
</iter>
<iter>
<kw name="Dictionary Should Contain Key" owner="Collections">
<arg>${json_data['results'][0]['login']}</arg>
<arg>${keyTwo}</arg>
<doc>Fails if ``key`` is not found from ``dictionary``.</doc>
<status status="PASS" start="2024-06-25T21:14:21.768101" elapsed="0.000383"/>
</kw>
<kw name="Dictionary Should Contain Key" owner="Collections">
<arg>${json_data['results'][0]['login']}</arg>
<arg>${keyTwo}</arg>
<doc>Fails if ``key`` is not found from ``dictionary``.</doc>
<status status="PASS" start="2024-06-25T21:14:21.768662" elapsed="0.000380"/>
</kw>
<kw name="Log" owner="BuiltIn">
<msg time="2024-06-25T21:14:21.769334" level="INFO">password</msg>
<arg>${keyTwo}</arg>
<doc>Logs the given message with the given level.</doc>
<status status="PASS" start="2024-06-25T21:14:21.769214" elapsed="0.000161"/>
</kw>
<var name="${keyTwo}">password</var>
<status status="PASS" start="2024-06-25T21:14:21.767988" elapsed="0.001608"/>
</iter>
<var>${keyTwo}</var>
<value>@{expected_keysTwo}</value>
<status status="PASS" start="2024-06-25T21:14:21.766024" elapsed="0.003691"/>
</for>
<status status="PASS" start="2024-06-25T21:14:21.621851" elapsed="0.148045"/>
</kw>
<doc>Testa a estrutura da resposta da API.</doc>
<tag>testeEstruturaResposta</tag>
<status status="PASS" start="2024-06-25T21:14:21.621376" elapsed="0.148681"/>
</test>
<test id="s1-s1-t4" name="Validar tipos de dados" line="28">
<kw name="Teste de Tipos de Dados" owner="random-user-service">
<kw name="GET On Session" owner="RequestsLibrary">
<msg time="2024-06-25T21:14:21.826694" level="INFO">GET Request : url=https://randomuser.me/api 
 path_url=/api 
 headers={'User-Agent': 'python-requests/2.32.3', 'Accept-Encoding': 'gzip, deflate', 'Accept': '*/*', 'Connection': 'keep-alive'} 
 body=None 
 </msg>
<msg time="2024-06-25T21:14:21.826765" level="INFO">GET Response : url=https://randomuser.me/api 
 status=200, reason=OK 
 headers={'Date': 'Tue, 25 Jun 2024 21:14:21 GMT', 'Content-Type': 'application/json; charset=utf-8', 'Transfer-Encoding': 'chunked', 'Connection': 'keep-alive', 'X-Powered-By': 'Express', 'Access-Control-Allow-Origin': '*', 'Cache-Control': 'no-cache', 'ETag': 'W/"499-XInQarEXthvoVemLw+v+xYuPQFY"', 'Vary': 'Accept-Encoding', 'Content-Encoding': 'gzip', 'CF-Cache-Status': 'DYNAMIC', 'Report-To': '{"endpoints":[{"url":"https:\\/\\/a.nel.cloudflare.com\\/report\\/v4?s=lHVX6yG6ZEeqVbuibvyNJD9OQLKWaSXA%2Ft3d1eADJ68ZSFSpFOMjbttX9cIAHtci1%2FC%2FShYDJG88PwDLaBkZSuhP64WVsaKiS9PcPqsMVDBsoX64MlGH6aDstDMrTMpa"}],"group":"cf-nel","max_age":604800}', 'NEL': '{"success_fraction":0,"report_to":"cf-nel","max_age":604800}', 'Server': 'cloudflare', 'CF-RAY': '8997f77e192607fb-IAD', 'alt-svc': 'h3=":443"; ma=86400'} 
 body={"results":[{"gender":"male","name":{"title":"Monsieur","first":"Dan","last":"Legrand"},"location":{"street":{"number":2369,"name":"Rue de L'Abbé-Rousselot"},"city":"Küttigen","state":"Neuchâtel","country":"Switzerland","postcode":3407,"coordinates":{"latitude":"-56.2859","longitude":"-55.3379"},"timezone":{"offset":"+7:00","description":"Bangkok, Hanoi, Jakarta"}},"email":"dan.legrand@example.com","login":{"uuid":"28c3977d-d481-440a-a22f-33ff4209baad","username":"blackwolf288","password":"blanco","salt":"2pHfraPy","md5":"f4604219e3a8bf0e286a5cc5a6645c36","sha1":"3f09b8c3b427a5fd0af8d40f6cb28eb436d6f2a3","sha256":"fc03d47e9723c2217faeb7f466a70bbbe74226b3c359d22ef2143f4508750cdb"},"dob":{"date":"1958-04-05T21:54:45.770Z","age":66},"registered":{"date":"2021-03-25T02:21:26.652Z","age":3},"phone":"075 057 66 84","cell":"077 614 22 83","id":{"name":"AVS","value":"756.2530.2036.57"},"picture":{"large":"https://randomuser.me/api/portraits/men/96.jpg","medium":"https://randomuser.me/api/portraits/med/men/96.jpg","thumbnail":"https://randomuser.me/api/portraits/thumb/men/96.jpg"},"nat":"CH"}],"info":{"seed":"d75911cecf3c8c65","results":1,"page":1,"version":"1.4"}} 
 </msg>
<msg time="2024-06-25T21:14:21.826827" level="INFO">/opt/hostedtoolcache/Python/3.12.4/x64/lib/python3.12/site-packages/urllib3/connectionpool.py:1099: InsecureRequestWarning: Unverified HTTPS request is being made to host 'randomuser.me'. Adding certificate verification is strongly advised. See: https://urllib3.readthedocs.io/en/latest/advanced-usage.html#tls-warnings
  warnings.warn(</msg>
<msg time="2024-06-25T21:14:21.826932" level="INFO">${response} = &lt;Response [200]&gt;</msg>
<var>${response}</var>
<arg>consultarAPI</arg>
<arg>/api</arg>
<doc>Sends a GET request on a previously created HTTP Session.</doc>
<status status="PASS" start="2024-06-25T21:14:21.772510" elapsed="0.054463"/>
</kw>
<kw name="Set Variable" owner="BuiltIn">
<msg time="2024-06-25T21:14:21.827890" level="INFO">${json_data} = {'results': [{'gender': 'male', 'name': {'title': 'Monsieur', 'first': 'Dan', 'last': 'Legrand'}, 'location': {'street': {'number': 2369, 'name': "Rue de L'Abbé-Rousselot"}, 'city': 'Küttigen', 'state...</msg>
<var>${json_data}</var>
<arg>${response.json()}</arg>
<doc>Returns the given values which can then be assigned to a variables.</doc>
<status status="PASS" start="2024-06-25T21:14:21.827388" elapsed="0.000533"/>
</kw>
<kw name="Log" owner="BuiltIn">
<msg time="2024-06-25T21:14:21.828470" level="INFO">{'results': [{'gender': 'male', 'name': {'title': 'Monsieur', 'first': 'Dan', 'last': 'Legrand'}, 'location': {'street': {'number': 2369, 'name': "Rue de L'Abbé-Rousselot"}, 'city': 'Küttigen', 'state': 'Neuchâtel', 'country': 'Switzerland', 'postcode': 3407, 'coordinates': {'latitude': '-56.2859', 'longitude': '-55.3379'}, 'timezone': {'offset': '+7:00', 'description': 'Bangkok, Hanoi, Jakarta'}}, 'email': 'dan.legrand@example.com', 'login': {'uuid': '28c3977d-d481-440a-a22f-33ff4209baad', 'username': 'blackwolf288', 'password': 'blanco', 'salt': '2pHfraPy', 'md5': 'f4604219e3a8bf0e286a5cc5a6645c36', 'sha1': '3f09b8c3b427a5fd0af8d40f6cb28eb436d6f2a3', 'sha256': 'fc03d47e9723c2217faeb7f466a70bbbe74226b3c359d22ef2143f4508750cdb'}, 'dob': {'date': '1958-04-05T21:54:45.770Z', 'age': 66}, 'registered': {'date': '2021-03-25T02:21:26.652Z', 'age': 3}, 'phone': '075 057 66 84', 'cell': '077 614 22 83', 'id': {'name': 'AVS', 'value': '756.2530.2036.57'}, 'picture': {'large': 'https://randomuser.me/api/portraits/men/96.jpg', 'medium': 'https://randomuser.me/api/portraits/med/men/96.jpg', 'thumbnail': 'https://randomuser.me/api/portraits/thumb/men/96.jpg'}, 'nat': 'CH'}], 'info': {'seed': 'd75911cecf3c8c65', 'results': 1, 'page': 1, 'version': '1.4'}}</msg>
<arg>${json_data}</arg>
<doc>Logs the given message with the given level.</doc>
<status status="PASS" start="2024-06-25T21:14:21.828305" elapsed="0.000215"/>
</kw>
<kw name="Should Be String" owner="String">
<arg>${json_data['results'][0]['gender']}</arg>
<doc>Fails if the given ``item`` is not a string.</doc>
<status status="PASS" start="2024-06-25T21:14:21.828823" elapsed="0.000365"/>
</kw>
<kw name="Should Match Regexp" owner="BuiltIn">
<arg>${json_data['results'][0]['email']}</arg>
<arg>^[a-zA-Z0-9._%+-]+@[a-zA-Z0-9.-]+\.[a-zA-Z]{2,}$</arg>
<doc>Fails if ``string`` does not match ``pattern`` as a regular expression.</doc>
<status status="PASS" start="2024-06-25T21:14:21.829377" elapsed="0.000506"/>
</kw>
<kw name="Should Match Regexp" owner="BuiltIn">
<arg>${json_data['results'][0]['dob']['date']}</arg>
<arg>\\d{4}-\\d{2}-\\d{2}T\\d{2}:\\d{2}:\\d{2}\\.\\d{3}Z</arg>
<doc>Fails if ``string`` does not match ``pattern`` as a regular expression.</doc>
<status status="PASS" start="2024-06-25T21:14:21.830111" elapsed="0.000501"/>
</kw>
<kw name="Should Match Regexp" owner="BuiltIn">
<arg>${json_data['results'][0]['registered']['date']}</arg>
<arg>\\d{4}-\\d{2}-\\d{2}T\\d{2}:\\d{2}:\\d{2}\\.\\d{3}Z</arg>
<doc>Fails if ``string`` does not match ``pattern`` as a regular expression.</doc>
<status status="PASS" start="2024-06-25T21:14:21.830804" elapsed="0.000367"/>
</kw>
<kw name="Should Match Regexp" owner="BuiltIn">
<arg>${json_data['results'][0]['picture']['large']}</arg>
<arg>^https?://.*\.(?:png|jpe?g|gif|bmp)$</arg>
<doc>Fails if ``string`` does not match ``pattern`` as a regular expression.</doc>
<status status="PASS" start="2024-06-25T21:14:21.831356" elapsed="0.000490"/>
</kw>
<kw name="Should Match Regexp" owner="BuiltIn">
<arg>${json_data['results'][0]['picture']['medium']}</arg>
<arg>^https?://.*\.(?:png|jpe?g|gif|bmp)$</arg>
<doc>Fails if ``string`` does not match ``pattern`` as a regular expression.</doc>
<status status="PASS" start="2024-06-25T21:14:21.832041" elapsed="0.000356"/>
</kw>
<kw name="Should Match Regexp" owner="BuiltIn">
<arg>${json_data['results'][0]['picture']['thumbnail']}</arg>
<arg>^https?://.*\.(?:png|jpe?g|gif|bmp)$</arg>
<doc>Fails if ``string`` does not match ``pattern`` as a regular expression.</doc>
<status status="PASS" start="2024-06-25T21:14:21.832582" elapsed="0.000348"/>
</kw>
<kw name="Log" owner="BuiltIn">
<msg time="2024-06-25T21:14:21.833459" level="INFO">{'large': 'https://randomuser.me/api/portraits/men/96.jpg', 'medium': 'https://randomuser.me/api/portraits/med/men/96.jpg', 'thumbnail': 'https://randomuser.me/api/portraits/thumb/men/96.jpg'}</msg>
<arg>${json_data['results'][0]['picture']}</arg>
<doc>Logs the given message with the given level.</doc>
<status status="PASS" start="2024-06-25T21:14:21.833109" elapsed="0.000400"/>
</kw>
<status status="PASS" start="2024-06-25T21:14:21.772293" elapsed="0.061470"/>
</kw>
<kw name="Teste de Tipos de Dados - Postcode" owner="random-user-service">
<kw name="GET On Session" owner="RequestsLibrary">
<msg time="2024-06-25T21:14:21.924623" level="INFO">GET Request : url=https://randomuser.me/api 
 path_url=/api 
 headers={'User-Agent': 'python-requests/2.32.3', 'Accept-Encoding': 'gzip, deflate', 'Accept': '*/*', 'Connection': 'keep-alive'} 
 body=None 
 </msg>
<msg time="2024-06-25T21:14:21.924712" level="INFO">GET Response : url=https://randomuser.me/api 
 status=200, reason=OK 
 headers={'Date': 'Tue, 25 Jun 2024 21:14:21 GMT', 'Content-Type': 'application/json; charset=utf-8', 'Transfer-Encoding': 'chunked', 'Connection': 'keep-alive', 'X-Powered-By': 'Express', 'Access-Control-Allow-Origin': '*', 'Cache-Control': 'no-cache', 'ETag': 'W/"475-LhUh3jI+aC5E5AkysgCIPCsJxoY"', 'Vary': 'Accept-Encoding', 'Content-Encoding': 'gzip', 'CF-Cache-Status': 'DYNAMIC', 'Report-To': '{"endpoints":[{"url":"https:\\/\\/a.nel.cloudflare.com\\/report\\/v4?s=4Czg4MxbZP6CP2%2BNw9GZapTaCUs%2BBgrShspH9YPjMwGne1idLjVTRKe9xmFDsK%2F%2BZWUFBWZZFyjYD6o1BDY4Sy2oBt4XFKkA7bZLO%2Fzh%2Bo9F2H4RmTE0wcxqLOJiVBif"}],"group":"cf-nel","max_age":604800}', 'NEL': '{"success_fraction":0,"report_to":"cf-nel","max_age":604800}', 'Server': 'cloudflare', 'CF-RAY': '8997f77e799c07fb-IAD', 'alt-svc': 'h3=":443"; ma=86400'} 
 body={"results":[{"gender":"male","name":{"title":"Mr","first":"Murat","last":"Öztonga"},"location":{"street":{"number":3670,"name":"Atatürk Sk"},"city":"Bayburt","state":"Kocaeli","country":"Turkey","postcode":89948,"coordinates":{"latitude":"69.1616","longitude":"-112.3733"},"timezone":{"offset":"-7:00","description":"Mountain Time (US &amp; Canada)"}},"email":"murat.oztonga@example.com","login":{"uuid":"bf350d8e-9d46-47bf-bfce-f060f3962cfa","username":"smalltiger948","password":"woman","salt":"LYrzER9E","md5":"e969616612c8e07523ae21c6b1f2f213","sha1":"342fd9db83746d1ddd2de2bc0ccbf5b1776e96e0","sha256":"e00833d0845c16d4a77803241e24a2597d1af10065512af7b345b20742144a2b"},"dob":{"date":"1944-10-09T09:40:25.257Z","age":79},"registered":{"date":"2010-05-19T22:03:59.714Z","age":14},"phone":"(915)-417-9658","cell":"(554)-478-6463","id":{"name":"","value":null},"picture":{"large":"https://randomuser.me/api/portraits/men/0.jpg","medium":"https://randomuser.me/api/portraits/med/men/0.jpg","thumbnail":"https://randomuser.me/api/portraits/thumb/men/0.jpg"},"nat":"TR"}],"info":{"seed":"cd11315eb1cd2160","results":1,"page":1,"version":"1.4"}} 
 </msg>
<msg time="2024-06-25T21:14:21.924800" level="INFO">/opt/hostedtoolcache/Python/3.12.4/x64/lib/python3.12/site-packages/urllib3/connectionpool.py:1099: InsecureRequestWarning: Unverified HTTPS request is being made to host 'randomuser.me'. Adding certificate verification is strongly advised. See: https://urllib3.readthedocs.io/en/latest/advanced-usage.html#tls-warnings
  warnings.warn(</msg>
<msg time="2024-06-25T21:14:21.924920" level="INFO">${response} = &lt;Response [200]&gt;</msg>
<var>${response}</var>
<arg>consultarAPI</arg>
<arg>/api</arg>
<doc>Sends a GET request on a previously created HTTP Session.</doc>
<status status="PASS" start="2024-06-25T21:14:21.834191" elapsed="0.090771"/>
</kw>
<kw name="Set Variable" owner="BuiltIn">
<msg time="2024-06-25T21:14:21.925804" level="INFO">${json_data} = {'results': [{'gender': 'male', 'name': {'title': 'Mr', 'first': 'Murat', 'last': 'Öztonga'}, 'location': {'street': {'number': 3670, 'name': 'Atatürk Sk'}, 'city': 'Bayburt', 'state': 'Kocaeli', 'cou...</msg>
<var>${json_data}</var>
<arg>${response.json()}</arg>
<doc>Returns the given values which can then be assigned to a variables.</doc>
<status status="PASS" start="2024-06-25T21:14:21.925316" elapsed="0.000526"/>
</kw>
<kw name="Log" owner="BuiltIn">
<msg time="2024-06-25T21:14:21.926328" level="INFO">{'results': [{'gender': 'male', 'name': {'title': 'Mr', 'first': 'Murat', 'last': 'Öztonga'}, 'location': {'street': {'number': 3670, 'name': 'Atatürk Sk'}, 'city': 'Bayburt', 'state': 'Kocaeli', 'country': 'Turkey', 'postcode': 89948, 'coordinates': {'latitude': '69.1616', 'longitude': '-112.3733'}, 'timezone': {'offset': '-7:00', 'description': 'Mountain Time (US &amp; Canada)'}}, 'email': 'murat.oztonga@example.com', 'login': {'uuid': 'bf350d8e-9d46-47bf-bfce-f060f3962cfa', 'username': 'smalltiger948', 'password': 'woman', 'salt': 'LYrzER9E', 'md5': 'e969616612c8e07523ae21c6b1f2f213', 'sha1': '342fd9db83746d1ddd2de2bc0ccbf5b1776e96e0', 'sha256': 'e00833d0845c16d4a77803241e24a2597d1af10065512af7b345b20742144a2b'}, 'dob': {'date': '1944-10-09T09:40:25.257Z', 'age': 79}, 'registered': {'date': '2010-05-19T22:03:59.714Z', 'age': 14}, 'phone': '(915)-417-9658', 'cell': '(554)-478-6463', 'id': {'name': '', 'value': None}, 'picture': {'large': 'https://randomuser.me/api/portraits/men/0.jpg', 'medium': 'https://randomuser.me/api/portraits/med/men/0.jpg', 'thumbnail': 'https://randomuser.me/api/portraits/thumb/men/0.jpg'}, 'nat': 'TR'}], 'info': {'seed': 'cd11315eb1cd2160', 'results': 1, 'page': 1, 'version': '1.4'}}</msg>
<arg>${json_data}</arg>
<doc>Logs the given message with the given level.</doc>
<status status="PASS" start="2024-06-25T21:14:21.926162" elapsed="0.000222"/>
</kw>
<kw name="Should Be Equal As Numbers" owner="BuiltIn">
<arg>${json_data['results'][0]['location']['postcode']}</arg>
<arg>${json_data['results'][0]['location']['postcode']}</arg>
<doc>Fails if objects are unequal after converting them to real numbers.</doc>
<status status="PASS" start="2024-06-25T21:14:21.926686" elapsed="0.000619"/>
</kw>
<kw name="Log" owner="BuiltIn">
<msg time="2024-06-25T21:14:21.927883" level="INFO">89948</msg>
<arg>${json_data['results'][0]['location']['postcode']}</arg>
<doc>Logs the given message with the given level.</doc>
<status status="PASS" start="2024-06-25T21:14:21.927493" elapsed="0.000432"/>
</kw>
<status status="PASS" start="2024-06-25T21:14:21.833970" elapsed="0.094236"/>
</kw>
<doc>Testa se os tipos de dados na resposta da API estão corretos.</doc>
<tag>testeTiposDados</tag>
<status status="PASS" start="2024-06-25T21:14:21.771773" elapsed="0.156592"/>
</test>
<test id="s1-s1-t5" name="Validar conteudo" line="35">
<kw name="Teste de Tipos de Conteudo" owner="random-user-service">
<kw name="GET On Session" owner="RequestsLibrary">
<msg time="2024-06-25T21:14:22.025696" level="INFO">GET Request : url=https://randomuser.me/api 
 path_url=/api 
 headers={'User-Agent': 'python-requests/2.32.3', 'Accept-Encoding': 'gzip, deflate', 'Accept': '*/*', 'Connection': 'keep-alive'} 
 body=None 
 </msg>
<msg time="2024-06-25T21:14:22.025779" level="INFO">GET Response : url=https://randomuser.me/api 
 status=200, reason=OK 
 headers={'Date': 'Tue, 25 Jun 2024 21:14:22 GMT', 'Content-Type': 'application/json; charset=utf-8', 'Transfer-Encoding': 'chunked', 'Connection': 'keep-alive', 'X-Powered-By': 'Express', 'Access-Control-Allow-Origin': '*', 'Cache-Control': 'no-cache', 'ETag': 'W/"493-8mqyKB5E8f7o93Ind0Zo5mwt7YA"', 'Vary': 'Accept-Encoding', 'Content-Encoding': 'gzip', 'CF-Cache-Status': 'DYNAMIC', 'Report-To': '{"endpoints":[{"url":"https:\\/\\/a.nel.cloudflare.com\\/report\\/v4?s=8o668xsPcXyQVX7Pzhalcw8e%2B79EvypPoUv%2FbaxgXE%2F96o6giApqI8YZaCGoo9CYClZDw0QUEktqiwOBABfftyAPbRavnPJ97pqL%2F3w4lWsMfQY7OZccIsUlsx74J9H6"}],"group":"cf-nel","max_age":604800}', 'NEL': '{"success_fraction":0,"report_to":"cf-nel","max_age":604800}', 'Server': 'cloudflare', 'CF-RAY': '8997f77f1a6707fb-IAD', 'alt-svc': 'h3=":443"; ma=86400'} 
 body={"results":[{"gender":"female","name":{"title":"Ms","first":"Antonida","last":"Dyakovskiy"},"location":{"street":{"number":6591,"name":"Chernyahivskiy provulok"},"city":"Stebnik","state":"Donecka","country":"Ukraine","postcode":82057,"coordinates":{"latitude":"73.3929","longitude":"122.8693"},"timezone":{"offset":"-12:00","description":"Eniwetok, Kwajalein"}},"email":"antonida.dyakovskiy@example.com","login":{"uuid":"14d0afd3-ce9d-459d-9d4e-9eb2ee904224","username":"tinymeercat901","password":"ddddddd","salt":"6J1tL1Z3","md5":"c308fbd338edfbc6e554cef7e83405af","sha1":"fd033257dd1d636c254d0c9a15b62a957bb7358f","sha256":"8cd939a1cb575837da912b100ce64e9207e4fd23bd4652f5c4090e877dd3f885"},"dob":{"date":"1983-10-03T12:29:06.749Z","age":40},"registered":{"date":"2005-11-08T23:30:06.820Z","age":18},"phone":"(099) O02-1129","cell":"(096) Y56-5542","id":{"name":"","value":null},"picture":{"large":"https://randomuser.me/api/portraits/women/86.jpg","medium":"https://randomuser.me/api/portraits/med/women/86.jpg","thumbnail":"https://randomuser.me/api/portraits/thumb/women/86.jpg"},"nat":"UA"}],"info":{"seed":"b60ae12e1853c814","results":1,"page":1,"version":"1.4"}} 
 </msg>
<msg time="2024-06-25T21:14:22.025863" level="INFO">/opt/hostedtoolcache/Python/3.12.4/x64/lib/python3.12/site-packages/urllib3/connectionpool.py:1099: InsecureRequestWarning: Unverified HTTPS request is being made to host 'randomuser.me'. Adding certificate verification is strongly advised. See: https://urllib3.readthedocs.io/en/latest/advanced-usage.html#tls-warnings
  warnings.warn(</msg>
<msg time="2024-06-25T21:14:22.026004" level="INFO">${response} = &lt;Response [200]&gt;</msg>
<var>${response}</var>
<arg>consultarAPI</arg>
<arg>/api</arg>
<doc>Sends a GET request on a previously created HTTP Session.</doc>
<status status="PASS" start="2024-06-25T21:14:21.930846" elapsed="0.095208"/>
</kw>
<kw name="Set Variable" owner="BuiltIn">
<msg time="2024-06-25T21:14:22.026849" level="INFO">${json_data} = {'results': [{'gender': 'female', 'name': {'title': 'Ms', 'first': 'Antonida', 'last': 'Dyakovskiy'}, 'location': {'street': {'number': 6591, 'name': 'Chernyahivskiy provulok'}, 'city': 'Stebnik', 'st...</msg>
<var>${json_data}</var>
<arg>${response.json()}</arg>
<doc>Returns the given values which can then be assigned to a variables.</doc>
<status status="PASS" start="2024-06-25T21:14:22.026385" elapsed="0.000492"/>
</kw>
<kw name="Set Variable" owner="BuiltIn">
<msg time="2024-06-25T21:14:22.027562" level="INFO">${name_title} = Ms</msg>
<var>${name_title}</var>
<arg>${json_data["results"][0]["name"]["title"]}</arg>
<doc>Returns the given values which can then be assigned to a variables.</doc>
<status status="PASS" start="2024-06-25T21:14:22.027178" elapsed="0.000416"/>
</kw>
<kw name="Create List" owner="BuiltIn">
<msg time="2024-06-25T21:14:22.028087" level="INFO">${allowed_titles} = ['Mr', 'Ms', 'Miss', 'Mrs', 'Madame', 'Monsieur']</msg>
<var>${allowed_titles}</var>
<arg>Mr</arg>
<arg>Ms</arg>
<arg>Miss</arg>
<arg>Mrs</arg>
<arg>Madame</arg>
<arg>Monsieur</arg>
<doc>Returns a list containing given items.</doc>
<status status="PASS" start="2024-06-25T21:14:22.027938" elapsed="0.000174"/>
</kw>
<kw name="List Should Contain Value" owner="Collections">
<arg>${allowed_titles}</arg>
<arg>${name_title}</arg>
<doc>Fails if the ``value`` is not found from ``list``.</doc>
<status status="PASS" start="2024-06-25T21:14:22.028405" elapsed="0.000171"/>
</kw>
<kw name="Set Variable" owner="BuiltIn">
<msg time="2024-06-25T21:14:22.029114" level="INFO">${name_country} = UA</msg>
<var>${name_country}</var>
<arg>${json_data["results"][0]["nat"]}</arg>
<doc>Returns the given values which can then be assigned to a variables.</doc>
<status status="PASS" start="2024-06-25T21:14:22.028754" elapsed="0.000384"/>
</kw>
<kw name="Create List" owner="BuiltIn">
<msg time="2024-06-25T21:14:22.030033" level="INFO">${list_country} = ['AD', 'AE', 'AF', 'AG', 'AI', 'AL', 'AM', 'AO', 'AQ', 'AR', 'AS', 'AT', 'AU', 'AW', 'AX', 'AZ', 'BA', 'BB', 'BD', 'BE', 'BF', 'BG', 'BH', 'BI', 'BJ', 'BL', 'BM', 'BN', 'BO', 'BQ', 'BR', 'BS', 'BT', '...</msg>
<var>${list_country}</var>
<arg>AD</arg>
<arg>AE</arg>
<arg>AF</arg>
<arg>AG</arg>
<arg>AI</arg>
<arg>AL</arg>
<arg>AM</arg>
<arg>AO</arg>
<arg>AQ</arg>
<arg>AR</arg>
<arg>AS</arg>
<arg>AT</arg>
<arg>AU</arg>
<arg>AW</arg>
<arg>AX</arg>
<arg>AZ</arg>
<arg>BA</arg>
<arg>BB</arg>
<arg>BD</arg>
<arg>BE</arg>
<arg>BF</arg>
<arg>BG</arg>
<arg>BH</arg>
<arg>BI</arg>
<arg>BJ</arg>
<arg>BL</arg>
<arg>BM</arg>
<arg>BN</arg>
<arg>BO</arg>
<arg>BQ</arg>
<arg>BR</arg>
<arg>BS</arg>
<arg>BT</arg>
<arg>BV</arg>
<arg>BW</arg>
<arg>BY</arg>
<arg>BZ</arg>
<arg>CA</arg>
<arg>CC</arg>
<arg>CD</arg>
<arg>CF</arg>
<arg>CG</arg>
<arg>CH</arg>
<arg>CI</arg>
<arg>CK</arg>
<arg>CL</arg>
<arg>CM</arg>
<arg>CN</arg>
<arg>CO</arg>
<arg>CR</arg>
<arg>CU</arg>
<arg>CV</arg>
<arg>CW</arg>
<arg>CX</arg>
<arg>CY</arg>
<arg>CZ</arg>
<arg>DE</arg>
<arg>DJ</arg>
<arg>DK</arg>
<arg>DM</arg>
<arg>DO</arg>
<arg>DZ</arg>
<arg>EC</arg>
<arg>EE</arg>
<arg>EG</arg>
<arg>EH</arg>
<arg>ER</arg>
<arg>ES</arg>
<arg>ET</arg>
<arg>FI</arg>
<arg>FJ</arg>
<arg>FK</arg>
<arg>FM</arg>
<arg>FO</arg>
<arg>FR</arg>
<arg>GA</arg>
<arg>GB</arg>
<arg>GD</arg>
<arg>GE</arg>
<arg>GF</arg>
<arg>GG</arg>
<arg>GH</arg>
<arg>GI</arg>
<arg>GL</arg>
<arg>GM</arg>
<arg>GN</arg>
<arg>GP</arg>
<arg>GQ</arg>
<arg>GR</arg>
<arg>GS</arg>
<arg>GT</arg>
<arg>GU</arg>
<arg>GW</arg>
<arg>GY</arg>
<arg>HK</arg>
<arg>HM</arg>
<arg>HN</arg>
<arg>HR</arg>
<arg>HT</arg>
<arg>HU</arg>
<arg>ID</arg>
<arg>IE</arg>
<arg>IL</arg>
<arg>IM</arg>
<arg>IN</arg>
<arg>IO</arg>
<arg>IQ</arg>
<arg>IR</arg>
<arg>IS</arg>
<arg>IT</arg>
<arg>JE</arg>
<arg>JM</arg>
<arg>JO</arg>
<arg>JP</arg>
<arg>KE</arg>
<arg>KG</arg>
<arg>KH</arg>
<arg>KI</arg>
<arg>KM</arg>
<arg>KN</arg>
<arg>KP</arg>
<arg>KR</arg>
<arg>KW</arg>
<arg>KY</arg>
<arg>KZ</arg>
<arg>LA</arg>
<arg>LB</arg>
<arg>LC</arg>
<arg>LI</arg>
<arg>LK</arg>
<arg>LR</arg>
<arg>LS</arg>
<arg>LT</arg>
<arg>LU</arg>
<arg>LV</arg>
<arg>LY</arg>
<arg>MA</arg>
<arg>MC</arg>
<arg>MD</arg>
<arg>ME</arg>
<arg>MF</arg>
<arg>MG</arg>
<arg>MH</arg>
<arg>MK</arg>
<arg>ML</arg>
<arg>MM</arg>
<arg>MN</arg>
<arg>MO</arg>
<arg>MP</arg>
<arg>MQ</arg>
<arg>MR</arg>
<arg>MS</arg>
<arg>MT</arg>
<arg>MU</arg>
<arg>MV</arg>
<arg>MW</arg>
<arg>MX</arg>
<arg>MY</arg>
<arg>MZ</arg>
<arg>NA</arg>
<arg>NC</arg>
<arg>NE</arg>
<arg>NF</arg>
<arg>NG</arg>
<arg>NI</arg>
<arg>NL</arg>
<arg>NO</arg>
<arg>NP</arg>
<arg>NR</arg>
<arg>NU</arg>
<arg>NZ</arg>
<arg>OM</arg>
<arg>PA</arg>
<arg>PE</arg>
<arg>PF</arg>
<arg>PG</arg>
<arg>PH</arg>
<arg>PK</arg>
<arg>PL</arg>
<arg>PM</arg>
<arg>PN</arg>
<arg>PR</arg>
<arg>PS</arg>
<arg>PT</arg>
<arg>PW</arg>
<arg>PY</arg>
<arg>QA</arg>
<arg>RE</arg>
<arg>RO</arg>
<arg>RS</arg>
<arg>RU</arg>
<arg>RW</arg>
<arg>SA</arg>
<arg>SB</arg>
<arg>SC</arg>
<arg>SD</arg>
<arg>SE</arg>
<arg>SG</arg>
<arg>SH</arg>
<arg>SI</arg>
<arg>SJ</arg>
<arg>SK</arg>
<arg>SL</arg>
<arg>SM</arg>
<arg>SN</arg>
<arg>SO</arg>
<arg>SR</arg>
<arg>SS</arg>
<arg>ST</arg>
<arg>SV</arg>
<arg>SX</arg>
<arg>SY</arg>
<arg>SZ</arg>
<arg>TC</arg>
<arg>TD</arg>
<arg>TF</arg>
<arg>TG</arg>
<arg>TH</arg>
<arg>TJ</arg>
<arg>TK</arg>
<arg>TL</arg>
<arg>TM</arg>
<arg>TN</arg>
<arg>TO</arg>
<arg>TR</arg>
<arg>TT</arg>
<arg>TV</arg>
<arg>TW</arg>
<arg>TZ</arg>
<arg>UA</arg>
<arg>UG</arg>
<arg>UM</arg>
<arg>US</arg>
<arg>UY</arg>
<arg>UZ</arg>
<arg>VA</arg>
<arg>VC</arg>
<arg>VE</arg>
<arg>VG</arg>
<arg>VI</arg>
<arg>VN</arg>
<arg>VU</arg>
<arg>WF</arg>
<arg>WS</arg>
<arg>XK</arg>
<arg>YE</arg>
<arg>YT</arg>
<arg>ZA</arg>
<arg>ZM</arg>
<arg>ZW</arg>
<doc>Returns a list containing given items.</doc>
<status status="PASS" start="2024-06-25T21:14:22.029430" elapsed="0.000629"/>
</kw>
<kw name="List Should Contain Value" owner="Collections">
<arg>${list_country}</arg>
<arg>${name_country}</arg>
<doc>Fails if the ``value`` is not found from ``list``.</doc>
<status status="PASS" start="2024-06-25T21:14:22.030849" elapsed="0.000204"/>
</kw>
<kw name="Run Keyword If" owner="BuiltIn">
<kw name="Should Be True" owner="BuiltIn">
<arg>${True}</arg>
<doc>Fails if the given condition is not true.</doc>
<status status="PASS" start="2024-06-25T21:14:22.032013" elapsed="0.000149"/>
</kw>
<arg>${json_data["results"][0]["location"]["coordinates"]["latitude"]} &gt;= -90 and ${json_data["results"][0]["location"]["coordinates"]["latitude"]} &lt;= 90</arg>
<arg>Should Be True</arg>
<arg>${True}</arg>
<doc>Runs the given keyword with the given arguments, if ``condition`` is true.</doc>
<status status="PASS" start="2024-06-25T21:14:22.031249" elapsed="0.001038"/>
</kw>
<kw name="Run Keyword If" owner="BuiltIn">
<kw name="Should Be True" owner="BuiltIn">
<arg>${True}</arg>
<doc>Fails if the given condition is not true.</doc>
<status status="PASS" start="2024-06-25T21:14:22.033158" elapsed="0.000143"/>
</kw>
<arg>${json_data["results"][0]["location"]["coordinates"]["longitude"]} &gt;= -180 and ${json_data["results"][0]["location"]["coordinates"]["longitude"]} &lt;= 180</arg>
<arg>Should Be True</arg>
<arg>${True}</arg>
<doc>Runs the given keyword with the given arguments, if ``condition`` is true.</doc>
<status status="PASS" start="2024-06-25T21:14:22.032469" elapsed="0.000956"/>
</kw>
<status status="PASS" start="2024-06-25T21:14:21.930499" elapsed="0.103055"/>
</kw>
<doc>Testa o conteúdo específico dos campos retornados pela API.</doc>
<tag>testeConteudo</tag>
<status status="PASS" start="2024-06-25T21:14:21.930066" elapsed="0.103630"/>
</test>
<status status="PASS" start="2024-06-25T21:14:21.039574" elapsed="0.996003"/>
</suite>
<status status="PASS" start="2024-06-25T21:14:21.025161" elapsed="1.015592"/>
</suite>
<statistics>
<total>
<stat pass="5" fail="0" skip="0">All Tests</stat>
</total>
<tag>
<stat pass="1" fail="0" skip="0">testeConteudo</stat>
<stat pass="1" fail="0" skip="0">testeEstruturaResposta</stat>
<stat pass="1" fail="0" skip="0">testeRequisicaoBasica</stat>
<stat pass="1" fail="0" skip="0">testeTiposDados</stat>
</tag>
<suite>
<stat pass="5" fail="0" skip="0" id="s1" name="Tests">Tests</stat>
<stat pass="5" fail="0" skip="0" id="s1-s1" name="Random-User-Test">Tests.Random-User-Test</stat>
</suite>
</statistics>
<errors>
</errors>
</robot>
