<?xml version="1.0" encoding="UTF-8"?>
<robot generator="Robot 7.0.1 (Python 3.12.4 on linux)" generated="2024-07-21T03:17:39.863384" rpa="false" schemaversion="5">
<suite id="s1" name="Tests" source="/home/runner/work/ApiRandomUser/ApiRandomUser/RamdonUser/tests">
<suite id="s1-s1" name="Random-User-Test" source="/home/runner/work/ApiRandomUser/ApiRandomUser/RamdonUser/tests/random-user-test.robot">
<test id="s1-s1-t1" name="Conectar" line="13">
<kw name="Conectar API" owner="random-user-service">
<kw name="Create Session" owner="RequestsLibrary">
<msg time="2024-07-21T03:17:40.245965" level="INFO">Creating Session using : alias=consultarAPI, url=https://randomuser.me/, headers={},                     cookies={}, auth=None, timeout=None, proxies=None, verify=False,                     debug=0 </msg>
<arg>consultarAPI</arg>
<arg>${URL}</arg>
<doc>Create Session: create a HTTP session to a server</doc>
<status status="PASS" start="2024-07-21T03:17:40.245778" elapsed="0.000402"/>
</kw>
<status status="PASS" start="2024-07-21T03:17:40.244795" elapsed="0.001731"/>
</kw>
<status status="PASS" start="2024-07-21T03:17:40.244281" elapsed="0.002437"/>
</test>
<test id="s1-s1-t2" name="Validar retorno 200 e JSON Válido" line="16">
<kw name="Teste de Requisicao Basica" owner="random-user-service">
<kw name="GET On Session" owner="RequestsLibrary">
<msg time="2024-07-21T03:17:40.545607" level="INFO">GET Request : url=https://randomuser.me/api 
 path_url=/api 
 headers={'User-Agent': 'python-requests/2.32.3', 'Accept-Encoding': 'gzip, deflate', 'Accept': '*/*', 'Connection': 'keep-alive'} 
 body=None 
 </msg>
<msg time="2024-07-21T03:17:40.545747" level="INFO">GET Response : url=https://randomuser.me/api 
 status=200, reason=OK 
 headers={'Date': 'Sun, 21 Jul 2024 03:17:40 GMT', 'Content-Type': 'application/json; charset=utf-8', 'Transfer-Encoding': 'chunked', 'Connection': 'keep-alive', 'X-Powered-By': 'Express', 'Access-Control-Allow-Origin': '*', 'Cache-Control': 'no-cache', 'ETag': 'W/"469-Iy2DJDB+lOaHovgUZ0mLhu/aX9E"', 'Vary': 'Accept-Encoding', 'Content-Encoding': 'gzip', 'CF-Cache-Status': 'DYNAMIC', 'Report-To': '{"endpoints":[{"url":"https:\\/\\/a.nel.cloudflare.com\\/report\\/v4?s=HmlDccWZkx%2FjNYR9w55pIYRUaA1jISHtYXOSRlyXLZqghy83c1P0fbaXV2peT4lLfXCqY4H9c6WpdNjFn3gZREd%2F0B6yIWqIpZwYxDqgQA9bNbuPI61QYFN8nqKElxqv"}],"group":"cf-nel","max_age":604800}', 'NEL': '{"success_fraction":0,"report_to":"cf-nel","max_age":604800}', 'Server': 'cloudflare', 'CF-RAY': '8a680a102aad05d7-IAD', 'alt-svc': 'h3=":443"; ma=86400'} 
 body={"results":[{"gender":"male","name":{"title":"Mr","first":"David","last":"Šijan"},"location":{"street":{"number":2939,"name":"Belopoljska"},"city":"Ljig","state":"North Bačka","country":"Serbia","postcode":92855,"coordinates":{"latitude":"63.6852","longitude":"-135.1921"},"timezone":{"offset":"-10:00","description":"Hawaii"}},"email":"david.sijan@example.com","login":{"uuid":"2a14166e-0d68-49ba-90ea-e86cd2a417e4","username":"whiteostrich901","password":"1021","salt":"c2zIIQO1","md5":"c7c8b0caa92a7f7c080e88e6a0931ebf","sha1":"e95c8fe330e3bdf44cb0bdd9f4f822525de0d588","sha256":"67286dbf150bf6fdf27d9e20aaf02975251a8843854e85f735f341ce02ff0874"},"dob":{"date":"1976-05-22T12:04:19.743Z","age":48},"registered":{"date":"2010-03-26T01:51:39.826Z","age":14},"phone":"031-6204-823","cell":"062-8257-853","id":{"name":"SID","value":"933325689"},"picture":{"large":"https://randomuser.me/api/portraits/men/79.jpg","medium":"https://randomuser.me/api/portraits/med/men/79.jpg","thumbnail":"https://randomuser.me/api/portraits/thumb/men/79.jpg"},"nat":"RS"}],"info":{"seed":"a66d93038dd6928f","results":1,"page":1,"version":"1.4"}} 
 </msg>
<msg time="2024-07-21T03:17:40.545847" level="INFO">/opt/hostedtoolcache/Python/3.12.4/x64/lib/python3.12/site-packages/urllib3/connectionpool.py:1099: InsecureRequestWarning: Unverified HTTPS request is being made to host 'randomuser.me'. Adding certificate verification is strongly advised. See: https://urllib3.readthedocs.io/en/latest/advanced-usage.html#tls-warnings
  warnings.warn(</msg>
<msg time="2024-07-21T03:17:40.545986" level="INFO">${response} = &lt;Response [200]&gt;</msg>
<var>${response}</var>
<arg>consultarAPI</arg>
<arg>/api</arg>
<doc>Sends a GET request on a previously created HTTP Session.</doc>
<status status="PASS" start="2024-07-21T03:17:40.249258" elapsed="0.296925"/>
</kw>
<kw name="Should Be Equal As Numbers" owner="BuiltIn">
<msg time="2024-07-21T03:17:40.546992" level="INFO">Argument types are:
&lt;class 'int'&gt;
&lt;class 'str'&gt;</msg>
<arg>${response.status_code}</arg>
<arg>200</arg>
<doc>Fails if objects are unequal after converting them to real numbers.</doc>
<status status="PASS" start="2024-07-21T03:17:40.546575" elapsed="0.000482"/>
</kw>
<kw name="Log" owner="BuiltIn">
<msg time="2024-07-21T03:17:40.547734" level="INFO">200</msg>
<arg>${response.status_code}</arg>
<doc>Logs the given message with the given level.</doc>
<status status="PASS" start="2024-07-21T03:17:40.547377" elapsed="0.000401"/>
</kw>
<kw name="Set Variable" owner="BuiltIn">
<msg time="2024-07-21T03:17:40.548524" level="INFO">${json_data} = {'results': [{'gender': 'male', 'name': {'title': 'Mr', 'first': 'David', 'last': 'Šijan'}, 'location': {'street': {'number': 2939, 'name': 'Belopoljska'}, 'city': 'Ljig', 'state': 'North Bačka', 'cou...</msg>
<var>${json_data}</var>
<arg>${response.json()}</arg>
<doc>Returns the given values which can then be assigned to a variables.</doc>
<status status="PASS" start="2024-07-21T03:17:40.548083" elapsed="0.000472"/>
</kw>
<kw name="Dictionary Should Contain Key" owner="Collections">
<arg>${json_data}</arg>
<arg>results</arg>
<doc>Fails if ``key`` is not found from ``dictionary``.</doc>
<status status="PASS" start="2024-07-21T03:17:40.548864" elapsed="0.000289"/>
</kw>
<status status="PASS" start="2024-07-21T03:17:40.249018" elapsed="0.300286"/>
</kw>
<doc>Testa se a API responde corretamente e retorna um objeto JSON válido.</doc>
<tag>testeRequisicaoBasica</tag>
<status status="PASS" start="2024-07-21T03:17:40.248552" elapsed="0.300915"/>
</test>
<test id="s1-s1-t3" name="Validar estrutura de resposta" line="22">
<kw name="Teste de Estrutura de Resposta" owner="random-user-service">
<kw name="GET On Session" owner="RequestsLibrary">
<msg time="2024-07-21T03:17:40.643121" level="INFO">GET Request : url=https://randomuser.me/api 
 path_url=/api 
 headers={'User-Agent': 'python-requests/2.32.3', 'Accept-Encoding': 'gzip, deflate', 'Accept': '*/*', 'Connection': 'keep-alive'} 
 body=None 
 </msg>
<msg time="2024-07-21T03:17:40.643208" level="INFO">GET Response : url=https://randomuser.me/api 
 status=200, reason=OK 
 headers={'Date': 'Sun, 21 Jul 2024 03:17:40 GMT', 'Content-Type': 'application/json; charset=utf-8', 'Transfer-Encoding': 'chunked', 'Connection': 'keep-alive', 'X-Powered-By': 'Express', 'Access-Control-Allow-Origin': '*', 'Cache-Control': 'no-cache', 'ETag': 'W/"490-8sAsCmQcDrQBXOpHX2v9YWHawYw"', 'Vary': 'Accept-Encoding', 'Content-Encoding': 'gzip', 'CF-Cache-Status': 'DYNAMIC', 'Report-To': '{"endpoints":[{"url":"https:\\/\\/a.nel.cloudflare.com\\/report\\/v4?s=q44fp3U5Q62m1TcrzFMHKVDN3ITl1JosJkpU39nU8GO5cy8txDzfy%2BkHDTllNIRxvouHYjPG6OOJVansHaFd53MtMExuWqNCRmYmUrfBpLxaHRH4ORpfmmVH8%2Fv15%2Bl0"}],"group":"cf-nel","max_age":604800}', 'NEL': '{"success_fraction":0,"report_to":"cf-nel","max_age":604800}', 'Server': 'cloudflare', 'CF-RAY': '8a680a108afb05d7-IAD', 'alt-svc': 'h3=":443"; ma=86400'} 
 body={"results":[{"gender":"female","name":{"title":"Miss","first":"Clara","last":"Addy"},"location":{"street":{"number":3104,"name":"York St"},"city":"Minto","state":"Northwest Territories","country":"Canada","postcode":"N6B 2Y3","coordinates":{"latitude":"-69.0827","longitude":"88.6156"},"timezone":{"offset":"-3:00","description":"Brazil, Buenos Aires, Georgetown"}},"email":"clara.addy@example.com","login":{"uuid":"50154f96-d1d9-45d5-bdfe-878ff0a5e61c","username":"tinyleopard523","password":"zeus","salt":"hZLwYxnZ","md5":"3da7160846959ca62bfc0713fe24da1e","sha1":"d6f1405dc2909f971cf1139c4b3edcc1eeec28a2","sha256":"3a80758471e90595fa9e5525252a7efe02ca6cbf649c20aa9a6ee7fef360233b"},"dob":{"date":"1974-09-30T10:03:52.061Z","age":49},"registered":{"date":"2021-10-19T16:51:05.204Z","age":2},"phone":"B63 X30-7818","cell":"G69 K13-0462","id":{"name":"SIN","value":"439427899"},"picture":{"large":"https://randomuser.me/api/portraits/women/91.jpg","medium":"https://randomuser.me/api/portraits/med/women/91.jpg","thumbnail":"https://randomuser.me/api/portraits/thumb/women/91.jpg"},"nat":"CA"}],"info":{"seed":"83d04e2e8fef88f2","results":1,"page":1,"version":"1.4"}} 
 </msg>
<msg time="2024-07-21T03:17:40.643329" level="INFO">/opt/hostedtoolcache/Python/3.12.4/x64/lib/python3.12/site-packages/urllib3/connectionpool.py:1099: InsecureRequestWarning: Unverified HTTPS request is being made to host 'randomuser.me'. Adding certificate verification is strongly advised. See: https://urllib3.readthedocs.io/en/latest/advanced-usage.html#tls-warnings
  warnings.warn(</msg>
<msg time="2024-07-21T03:17:40.643429" level="INFO">${response} = &lt;Response [200]&gt;</msg>
<var>${response}</var>
<arg>consultarAPI</arg>
<arg>/api</arg>
<doc>Sends a GET request on a previously created HTTP Session.</doc>
<status status="PASS" start="2024-07-21T03:17:40.552110" elapsed="0.091362"/>
</kw>
<kw name="Set Variable" owner="BuiltIn">
<msg time="2024-07-21T03:17:40.644450" level="INFO">${json_data} = {'results': [{'gender': 'female', 'name': {'title': 'Miss', 'first': 'Clara', 'last': 'Addy'}, 'location': {'street': {'number': 3104, 'name': 'York St'}, 'city': 'Minto', 'state': 'Northwest Territor...</msg>
<var>${json_data}</var>
<arg>${response.json()}</arg>
<doc>Returns the given values which can then be assigned to a variables.</doc>
<status status="PASS" start="2024-07-21T03:17:40.643913" elapsed="0.000566"/>
</kw>
<kw name="Log" owner="BuiltIn">
<msg time="2024-07-21T03:17:40.644942" level="INFO">{'results': [{'gender': 'female', 'name': {'title': 'Miss', 'first': 'Clara', 'last': 'Addy'}, 'location': {'street': {'number': 3104, 'name': 'York St'}, 'city': 'Minto', 'state': 'Northwest Territories', 'country': 'Canada', 'postcode': 'N6B 2Y3', 'coordinates': {'latitude': '-69.0827', 'longitude': '88.6156'}, 'timezone': {'offset': '-3:00', 'description': 'Brazil, Buenos Aires, Georgetown'}}, 'email': 'clara.addy@example.com', 'login': {'uuid': '50154f96-d1d9-45d5-bdfe-878ff0a5e61c', 'username': 'tinyleopard523', 'password': 'zeus', 'salt': 'hZLwYxnZ', 'md5': '3da7160846959ca62bfc0713fe24da1e', 'sha1': 'd6f1405dc2909f971cf1139c4b3edcc1eeec28a2', 'sha256': '3a80758471e90595fa9e5525252a7efe02ca6cbf649c20aa9a6ee7fef360233b'}, 'dob': {'date': '1974-09-30T10:03:52.061Z', 'age': 49}, 'registered': {'date': '2021-10-19T16:51:05.204Z', 'age': 2}, 'phone': 'B63 X30-7818', 'cell': 'G69 K13-0462', 'id': {'name': 'SIN', 'value': '439427899'}, 'picture': {'large': 'https://randomuser.me/api/portraits/women/91.jpg', 'medium': 'https://randomuser.me/api/portraits/med/women/91.jpg', 'thumbnail': 'https://randomuser.me/api/portraits/thumb/women/91.jpg'}, 'nat': 'CA'}], 'info': {'seed': '83d04e2e8fef88f2', 'results': 1, 'page': 1, 'version': '1.4'}}</msg>
<arg>${json_data}</arg>
<doc>Logs the given message with the given level.</doc>
<status status="PASS" start="2024-07-21T03:17:40.644782" elapsed="0.000208"/>
</kw>
<kw name="Dictionary Should Contain Key" owner="Collections">
<arg>${json_data}</arg>
<arg>results</arg>
<doc>Fails if ``key`` is not found from ``dictionary``.</doc>
<status status="PASS" start="2024-07-21T03:17:40.645284" elapsed="0.000155"/>
</kw>
<kw name="Should Not Be Empty" owner="BuiltIn">
<msg time="2024-07-21T03:17:40.645762" level="INFO">Length is 2.</msg>
<arg>${json_data}</arg>
<doc>Verifies that the given item is not empty.</doc>
<status status="PASS" start="2024-07-21T03:17:40.645630" elapsed="0.000170"/>
</kw>
<kw name="Create List" owner="BuiltIn">
<msg time="2024-07-21T03:17:40.646280" level="INFO">${expected_keys} = ['gender', 'name', 'location', 'email', 'login']</msg>
<var>${expected_keys}</var>
<arg>gender</arg>
<arg>name</arg>
<arg>location</arg>
<arg>email</arg>
<arg>login</arg>
<doc>Returns a list containing given items.</doc>
<status status="PASS" start="2024-07-21T03:17:40.646122" elapsed="0.000183"/>
</kw>
<for flavor="IN">
<iter>
<kw name="Dictionary Should Contain Key" owner="Collections">
<arg>${json_data['results'][0]}</arg>
<arg>${key}</arg>
<doc>Fails if ``key`` is not found from ``dictionary``.</doc>
<status status="PASS" start="2024-07-21T03:17:40.646863" elapsed="0.000407"/>
</kw>
<kw name="Log" owner="BuiltIn">
<msg time="2024-07-21T03:17:40.647808" level="INFO">{'gender': 'female', 'name': {'title': 'Miss', 'first': 'Clara', 'last': 'Addy'}, 'location': {'street': {'number': 3104, 'name': 'York St'}, 'city': 'Minto', 'state': 'Northwest Territories', 'country': 'Canada', 'postcode': 'N6B 2Y3', 'coordinates': {'latitude': '-69.0827', 'longitude': '88.6156'}, 'timezone': {'offset': '-3:00', 'description': 'Brazil, Buenos Aires, Georgetown'}}, 'email': 'clara.addy@example.com', 'login': {'uuid': '50154f96-d1d9-45d5-bdfe-878ff0a5e61c', 'username': 'tinyleopard523', 'password': 'zeus', 'salt': 'hZLwYxnZ', 'md5': '3da7160846959ca62bfc0713fe24da1e', 'sha1': 'd6f1405dc2909f971cf1139c4b3edcc1eeec28a2', 'sha256': '3a80758471e90595fa9e5525252a7efe02ca6cbf649c20aa9a6ee7fef360233b'}, 'dob': {'date': '1974-09-30T10:03:52.061Z', 'age': 49}, 'registered': {'date': '2021-10-19T16:51:05.204Z', 'age': 2}, 'phone': 'B63 X30-7818', 'cell': 'G69 K13-0462', 'id': {'name': 'SIN', 'value': '439427899'}, 'picture': {'large': 'https://randomuser.me/api/portraits/women/91.jpg', 'medium': 'https://randomuser.me/api/portraits/med/women/91.jpg', 'thumbnail': 'https://randomuser.me/api/portraits/thumb/women/91.jpg'}, 'nat': 'CA'}</msg>
<arg>${json_data['results'][0]}</arg>
<doc>Logs the given message with the given level.</doc>
<status status="PASS" start="2024-07-21T03:17:40.647456" elapsed="0.000403"/>
</kw>
<kw name="Log" owner="BuiltIn">
<msg time="2024-07-21T03:17:40.648283" level="INFO">gender</msg>
<arg>${key}</arg>
<doc>Logs the given message with the given level.</doc>
<status status="PASS" start="2024-07-21T03:17:40.648156" elapsed="0.000166"/>
</kw>
<var name="${key}">gender</var>
<status status="PASS" start="2024-07-21T03:17:40.646737" elapsed="0.001797"/>
</iter>
<iter>
<kw name="Dictionary Should Contain Key" owner="Collections">
<arg>${json_data['results'][0]}</arg>
<arg>${key}</arg>
<doc>Fails if ``key`` is not found from ``dictionary``.</doc>
<status status="PASS" start="2024-07-21T03:17:40.648824" elapsed="0.000387"/>
</kw>
<kw name="Log" owner="BuiltIn">
<msg time="2024-07-21T03:17:40.649746" level="INFO">{'gender': 'female', 'name': {'title': 'Miss', 'first': 'Clara', 'last': 'Addy'}, 'location': {'street': {'number': 3104, 'name': 'York St'}, 'city': 'Minto', 'state': 'Northwest Territories', 'country': 'Canada', 'postcode': 'N6B 2Y3', 'coordinates': {'latitude': '-69.0827', 'longitude': '88.6156'}, 'timezone': {'offset': '-3:00', 'description': 'Brazil, Buenos Aires, Georgetown'}}, 'email': 'clara.addy@example.com', 'login': {'uuid': '50154f96-d1d9-45d5-bdfe-878ff0a5e61c', 'username': 'tinyleopard523', 'password': 'zeus', 'salt': 'hZLwYxnZ', 'md5': '3da7160846959ca62bfc0713fe24da1e', 'sha1': 'd6f1405dc2909f971cf1139c4b3edcc1eeec28a2', 'sha256': '3a80758471e90595fa9e5525252a7efe02ca6cbf649c20aa9a6ee7fef360233b'}, 'dob': {'date': '1974-09-30T10:03:52.061Z', 'age': 49}, 'registered': {'date': '2021-10-19T16:51:05.204Z', 'age': 2}, 'phone': 'B63 X30-7818', 'cell': 'G69 K13-0462', 'id': {'name': 'SIN', 'value': '439427899'}, 'picture': {'large': 'https://randomuser.me/api/portraits/women/91.jpg', 'medium': 'https://randomuser.me/api/portraits/med/women/91.jpg', 'thumbnail': 'https://randomuser.me/api/portraits/thumb/women/91.jpg'}, 'nat': 'CA'}</msg>
<arg>${json_data['results'][0]}</arg>
<doc>Logs the given message with the given level.</doc>
<status status="PASS" start="2024-07-21T03:17:40.649391" elapsed="0.000437"/>
</kw>
<kw name="Log" owner="BuiltIn">
<msg time="2024-07-21T03:17:40.650295" level="INFO">name</msg>
<arg>${key}</arg>
<doc>Logs the given message with the given level.</doc>
<status status="PASS" start="2024-07-21T03:17:40.650163" elapsed="0.000170"/>
</kw>
<var name="${key}">name</var>
<status status="PASS" start="2024-07-21T03:17:40.648714" elapsed="0.001839"/>
</iter>
<iter>
<kw name="Dictionary Should Contain Key" owner="Collections">
<arg>${json_data['results'][0]}</arg>
<arg>${key}</arg>
<doc>Fails if ``key`` is not found from ``dictionary``.</doc>
<status status="PASS" start="2024-07-21T03:17:40.650838" elapsed="0.000381"/>
</kw>
<kw name="Log" owner="BuiltIn">
<msg time="2024-07-21T03:17:40.651759" level="INFO">{'gender': 'female', 'name': {'title': 'Miss', 'first': 'Clara', 'last': 'Addy'}, 'location': {'street': {'number': 3104, 'name': 'York St'}, 'city': 'Minto', 'state': 'Northwest Territories', 'country': 'Canada', 'postcode': 'N6B 2Y3', 'coordinates': {'latitude': '-69.0827', 'longitude': '88.6156'}, 'timezone': {'offset': '-3:00', 'description': 'Brazil, Buenos Aires, Georgetown'}}, 'email': 'clara.addy@example.com', 'login': {'uuid': '50154f96-d1d9-45d5-bdfe-878ff0a5e61c', 'username': 'tinyleopard523', 'password': 'zeus', 'salt': 'hZLwYxnZ', 'md5': '3da7160846959ca62bfc0713fe24da1e', 'sha1': 'd6f1405dc2909f971cf1139c4b3edcc1eeec28a2', 'sha256': '3a80758471e90595fa9e5525252a7efe02ca6cbf649c20aa9a6ee7fef360233b'}, 'dob': {'date': '1974-09-30T10:03:52.061Z', 'age': 49}, 'registered': {'date': '2021-10-19T16:51:05.204Z', 'age': 2}, 'phone': 'B63 X30-7818', 'cell': 'G69 K13-0462', 'id': {'name': 'SIN', 'value': '439427899'}, 'picture': {'large': 'https://randomuser.me/api/portraits/women/91.jpg', 'medium': 'https://randomuser.me/api/portraits/med/women/91.jpg', 'thumbnail': 'https://randomuser.me/api/portraits/thumb/women/91.jpg'}, 'nat': 'CA'}</msg>
<arg>${json_data['results'][0]}</arg>
<doc>Logs the given message with the given level.</doc>
<status status="PASS" start="2024-07-21T03:17:40.651408" elapsed="0.000401"/>
</kw>
<kw name="Log" owner="BuiltIn">
<msg time="2024-07-21T03:17:40.652225" level="INFO">location</msg>
<arg>${key}</arg>
<doc>Logs the given message with the given level.</doc>
<status status="PASS" start="2024-07-21T03:17:40.652099" elapsed="0.000163"/>
</kw>
<var name="${key}">location</var>
<status status="PASS" start="2024-07-21T03:17:40.650730" elapsed="0.001745"/>
</iter>
<iter>
<kw name="Dictionary Should Contain Key" owner="Collections">
<arg>${json_data['results'][0]}</arg>
<arg>${key}</arg>
<doc>Fails if ``key`` is not found from ``dictionary``.</doc>
<status status="PASS" start="2024-07-21T03:17:40.652750" elapsed="0.000377"/>
</kw>
<kw name="Log" owner="BuiltIn">
<msg time="2024-07-21T03:17:40.653829" level="INFO">{'gender': 'female', 'name': {'title': 'Miss', 'first': 'Clara', 'last': 'Addy'}, 'location': {'street': {'number': 3104, 'name': 'York St'}, 'city': 'Minto', 'state': 'Northwest Territories', 'country': 'Canada', 'postcode': 'N6B 2Y3', 'coordinates': {'latitude': '-69.0827', 'longitude': '88.6156'}, 'timezone': {'offset': '-3:00', 'description': 'Brazil, Buenos Aires, Georgetown'}}, 'email': 'clara.addy@example.com', 'login': {'uuid': '50154f96-d1d9-45d5-bdfe-878ff0a5e61c', 'username': 'tinyleopard523', 'password': 'zeus', 'salt': 'hZLwYxnZ', 'md5': '3da7160846959ca62bfc0713fe24da1e', 'sha1': 'd6f1405dc2909f971cf1139c4b3edcc1eeec28a2', 'sha256': '3a80758471e90595fa9e5525252a7efe02ca6cbf649c20aa9a6ee7fef360233b'}, 'dob': {'date': '1974-09-30T10:03:52.061Z', 'age': 49}, 'registered': {'date': '2021-10-19T16:51:05.204Z', 'age': 2}, 'phone': 'B63 X30-7818', 'cell': 'G69 K13-0462', 'id': {'name': 'SIN', 'value': '439427899'}, 'picture': {'large': 'https://randomuser.me/api/portraits/women/91.jpg', 'medium': 'https://randomuser.me/api/portraits/med/women/91.jpg', 'thumbnail': 'https://randomuser.me/api/portraits/thumb/women/91.jpg'}, 'nat': 'CA'}</msg>
<arg>${json_data['results'][0]}</arg>
<doc>Logs the given message with the given level.</doc>
<status status="PASS" start="2024-07-21T03:17:40.653447" elapsed="0.000448"/>
</kw>
<kw name="Log" owner="BuiltIn">
<msg time="2024-07-21T03:17:40.654451" level="INFO">email</msg>
<arg>${key}</arg>
<doc>Logs the given message with the given level.</doc>
<status status="PASS" start="2024-07-21T03:17:40.654264" elapsed="0.000251"/>
</kw>
<var name="${key}">email</var>
<status status="PASS" start="2024-07-21T03:17:40.652644" elapsed="0.002193"/>
</iter>
<iter>
<kw name="Dictionary Should Contain Key" owner="Collections">
<arg>${json_data['results'][0]}</arg>
<arg>${key}</arg>
<doc>Fails if ``key`` is not found from ``dictionary``.</doc>
<status status="PASS" start="2024-07-21T03:17:40.655193" elapsed="0.000507"/>
</kw>
<kw name="Log" owner="BuiltIn">
<msg time="2024-07-21T03:17:40.656442" level="INFO">{'gender': 'female', 'name': {'title': 'Miss', 'first': 'Clara', 'last': 'Addy'}, 'location': {'street': {'number': 3104, 'name': 'York St'}, 'city': 'Minto', 'state': 'Northwest Territories', 'country': 'Canada', 'postcode': 'N6B 2Y3', 'coordinates': {'latitude': '-69.0827', 'longitude': '88.6156'}, 'timezone': {'offset': '-3:00', 'description': 'Brazil, Buenos Aires, Georgetown'}}, 'email': 'clara.addy@example.com', 'login': {'uuid': '50154f96-d1d9-45d5-bdfe-878ff0a5e61c', 'username': 'tinyleopard523', 'password': 'zeus', 'salt': 'hZLwYxnZ', 'md5': '3da7160846959ca62bfc0713fe24da1e', 'sha1': 'd6f1405dc2909f971cf1139c4b3edcc1eeec28a2', 'sha256': '3a80758471e90595fa9e5525252a7efe02ca6cbf649c20aa9a6ee7fef360233b'}, 'dob': {'date': '1974-09-30T10:03:52.061Z', 'age': 49}, 'registered': {'date': '2021-10-19T16:51:05.204Z', 'age': 2}, 'phone': 'B63 X30-7818', 'cell': 'G69 K13-0462', 'id': {'name': 'SIN', 'value': '439427899'}, 'picture': {'large': 'https://randomuser.me/api/portraits/women/91.jpg', 'medium': 'https://randomuser.me/api/portraits/med/women/91.jpg', 'thumbnail': 'https://randomuser.me/api/portraits/thumb/women/91.jpg'}, 'nat': 'CA'}</msg>
<arg>${json_data['results'][0]}</arg>
<doc>Logs the given message with the given level.</doc>
<status status="PASS" start="2024-07-21T03:17:40.655949" elapsed="0.000559"/>
</kw>
<kw name="Log" owner="BuiltIn">
<msg time="2024-07-21T03:17:40.657038" level="INFO">login</msg>
<arg>${key}</arg>
<doc>Logs the given message with the given level.</doc>
<status status="PASS" start="2024-07-21T03:17:40.656880" elapsed="0.000206"/>
</kw>
<var name="${key}">login</var>
<status status="PASS" start="2024-07-21T03:17:40.655056" elapsed="0.002303"/>
</iter>
<var>${key}</var>
<value>@{expected_keys}</value>
<status status="PASS" start="2024-07-21T03:17:40.646561" elapsed="0.010933"/>
</for>
<kw name="Create List" owner="BuiltIn">
<msg time="2024-07-21T03:17:40.657814" level="INFO">${expected_keysTwo} = ['username', 'password']</msg>
<var>${expected_keysTwo}</var>
<arg>username</arg>
<arg>password</arg>
<doc>Returns a list containing given items.</doc>
<status status="PASS" start="2024-07-21T03:17:40.657680" elapsed="0.000186"/>
</kw>
<for flavor="IN">
<iter>
<kw name="Dictionary Should Contain Key" owner="Collections">
<arg>${json_data['results'][0]['login']}</arg>
<arg>${keyTwo}</arg>
<doc>Fails if ``key`` is not found from ``dictionary``.</doc>
<status status="PASS" start="2024-07-21T03:17:40.658403" elapsed="0.000386"/>
</kw>
<kw name="Dictionary Should Contain Key" owner="Collections">
<arg>${json_data['results'][0]['login']}</arg>
<arg>${keyTwo}</arg>
<doc>Fails if ``key`` is not found from ``dictionary``.</doc>
<status status="PASS" start="2024-07-21T03:17:40.658969" elapsed="0.000368"/>
</kw>
<kw name="Log" owner="BuiltIn">
<msg time="2024-07-21T03:17:40.659632" level="INFO">username</msg>
<arg>${keyTwo}</arg>
<doc>Logs the given message with the given level.</doc>
<status status="PASS" start="2024-07-21T03:17:40.659514" elapsed="0.000155"/>
</kw>
<var name="${keyTwo}">username</var>
<status status="PASS" start="2024-07-21T03:17:40.658294" elapsed="0.001592"/>
</iter>
<iter>
<kw name="Dictionary Should Contain Key" owner="Collections">
<arg>${json_data['results'][0]['login']}</arg>
<arg>${keyTwo}</arg>
<doc>Fails if ``key`` is not found from ``dictionary``.</doc>
<status status="PASS" start="2024-07-21T03:17:40.660164" elapsed="0.000374"/>
</kw>
<kw name="Dictionary Should Contain Key" owner="Collections">
<arg>${json_data['results'][0]['login']}</arg>
<arg>${keyTwo}</arg>
<doc>Fails if ``key`` is not found from ``dictionary``.</doc>
<status status="PASS" start="2024-07-21T03:17:40.660714" elapsed="0.000366"/>
</kw>
<kw name="Log" owner="BuiltIn">
<msg time="2024-07-21T03:17:40.661376" level="INFO">password</msg>
<arg>${keyTwo}</arg>
<doc>Logs the given message with the given level.</doc>
<status status="PASS" start="2024-07-21T03:17:40.661254" elapsed="0.000159"/>
</kw>
<var name="${keyTwo}">password</var>
<status status="PASS" start="2024-07-21T03:17:40.660054" elapsed="0.001577"/>
</iter>
<var>${keyTwo}</var>
<value>@{expected_keysTwo}</value>
<status status="PASS" start="2024-07-21T03:17:40.658142" elapsed="0.003688"/>
</for>
<status status="PASS" start="2024-07-21T03:17:40.551878" elapsed="0.110173"/>
</kw>
<doc>Testa a estrutura da resposta da API.</doc>
<tag>testeEstruturaResposta</tag>
<status status="PASS" start="2024-07-21T03:17:40.551316" elapsed="0.110971"/>
</test>
<test id="s1-s1-t4" name="Validar tipos de dados" line="28">
<kw name="Teste de Tipos de Dados" owner="random-user-service">
<kw name="GET On Session" owner="RequestsLibrary">
<msg time="2024-07-21T03:17:40.742173" level="INFO">GET Request : url=https://randomuser.me/api 
 path_url=/api 
 headers={'User-Agent': 'python-requests/2.32.3', 'Accept-Encoding': 'gzip, deflate', 'Accept': '*/*', 'Connection': 'keep-alive'} 
 body=None 
 </msg>
<msg time="2024-07-21T03:17:40.742256" level="INFO">GET Response : url=https://randomuser.me/api 
 status=200, reason=OK 
 headers={'Date': 'Sun, 21 Jul 2024 03:17:40 GMT', 'Content-Type': 'application/json; charset=utf-8', 'Transfer-Encoding': 'chunked', 'Connection': 'keep-alive', 'X-Powered-By': 'Express', 'Access-Control-Allow-Origin': '*', 'Cache-Control': 'no-cache', 'ETag': 'W/"48c-iRJ9YH0aeq0XCGGb2gq+UklW0rg"', 'Vary': 'Accept-Encoding', 'Content-Encoding': 'gzip', 'CF-Cache-Status': 'DYNAMIC', 'Report-To': '{"endpoints":[{"url":"https:\\/\\/a.nel.cloudflare.com\\/report\\/v4?s=EIQRR4XYdKSDXCK9%2BmYAzReJrGOYX2DnIT%2BXeWUCsQU1xcBsEiDZYKNWoqiTof6oJZkrCQdGKPqSVf12NnJX9YVQVOa7r9noWADo3ZMGUX3t98WesblfiLYcW4apvfnE"}],"group":"cf-nel","max_age":604800}', 'NEL': '{"success_fraction":0,"report_to":"cf-nel","max_age":604800}', 'Server': 'cloudflare', 'CF-RAY': '8a680a113b9705d7-IAD', 'alt-svc': 'h3=":443"; ma=86400'} 
 body={"results":[{"gender":"female","name":{"title":"Ms","first":"Leah","last":"Banks"},"location":{"street":{"number":9719,"name":"Frances Ct"},"city":"Traralgon","state":"Western Australia","country":"Australia","postcode":7008,"coordinates":{"latitude":"-87.9987","longitude":"134.4026"},"timezone":{"offset":"+2:00","description":"Kaliningrad, South Africa"}},"email":"leah.banks@example.com","login":{"uuid":"80a8f4ee-45b2-4d51-912d-a8c96eded2f2","username":"smallostrich568","password":"bones","salt":"uRj2vfKh","md5":"abb286b0c117acd58a67c3f25a90e1ea","sha1":"53f6a56a05d428a737f8faacf117a65fbc11ba6d","sha256":"582f31113a996b0f8d809b983ab504fce11a243ae3187ede95464f8484a79f4f"},"dob":{"date":"1989-04-26T01:32:52.820Z","age":35},"registered":{"date":"2014-03-16T13:00:54.570Z","age":10},"phone":"08-8981-9100","cell":"0479-139-255","id":{"name":"TFN","value":"076185843"},"picture":{"large":"https://randomuser.me/api/portraits/women/41.jpg","medium":"https://randomuser.me/api/portraits/med/women/41.jpg","thumbnail":"https://randomuser.me/api/portraits/thumb/women/41.jpg"},"nat":"AU"}],"info":{"seed":"6afe7ec5adac9dd9","results":1,"page":1,"version":"1.4"}} 
 </msg>
<msg time="2024-07-21T03:17:40.742327" level="INFO">/opt/hostedtoolcache/Python/3.12.4/x64/lib/python3.12/site-packages/urllib3/connectionpool.py:1099: InsecureRequestWarning: Unverified HTTPS request is being made to host 'randomuser.me'. Adding certificate verification is strongly advised. See: https://urllib3.readthedocs.io/en/latest/advanced-usage.html#tls-warnings
  warnings.warn(</msg>
<msg time="2024-07-21T03:17:40.742442" level="INFO">${response} = &lt;Response [200]&gt;</msg>
<var>${response}</var>
<arg>consultarAPI</arg>
<arg>/api</arg>
<doc>Sends a GET request on a previously created HTTP Session.</doc>
<status status="PASS" start="2024-07-21T03:17:40.665021" elapsed="0.077479"/>
</kw>
<kw name="Set Variable" owner="BuiltIn">
<msg time="2024-07-21T03:17:40.743484" level="INFO">${json_data} = {'results': [{'gender': 'female', 'name': {'title': 'Ms', 'first': 'Leah', 'last': 'Banks'}, 'location': {'street': {'number': 9719, 'name': 'Frances Ct'}, 'city': 'Traralgon', 'state': 'Western Austr...</msg>
<var>${json_data}</var>
<arg>${response.json()}</arg>
<doc>Returns the given values which can then be assigned to a variables.</doc>
<status status="PASS" start="2024-07-21T03:17:40.742944" elapsed="0.000569"/>
</kw>
<kw name="Log" owner="BuiltIn">
<msg time="2024-07-21T03:17:40.743966" level="INFO">{'results': [{'gender': 'female', 'name': {'title': 'Ms', 'first': 'Leah', 'last': 'Banks'}, 'location': {'street': {'number': 9719, 'name': 'Frances Ct'}, 'city': 'Traralgon', 'state': 'Western Australia', 'country': 'Australia', 'postcode': 7008, 'coordinates': {'latitude': '-87.9987', 'longitude': '134.4026'}, 'timezone': {'offset': '+2:00', 'description': 'Kaliningrad, South Africa'}}, 'email': 'leah.banks@example.com', 'login': {'uuid': '80a8f4ee-45b2-4d51-912d-a8c96eded2f2', 'username': 'smallostrich568', 'password': 'bones', 'salt': 'uRj2vfKh', 'md5': 'abb286b0c117acd58a67c3f25a90e1ea', 'sha1': '53f6a56a05d428a737f8faacf117a65fbc11ba6d', 'sha256': '582f31113a996b0f8d809b983ab504fce11a243ae3187ede95464f8484a79f4f'}, 'dob': {'date': '1989-04-26T01:32:52.820Z', 'age': 35}, 'registered': {'date': '2014-03-16T13:00:54.570Z', 'age': 10}, 'phone': '08-8981-9100', 'cell': '0479-139-255', 'id': {'name': 'TFN', 'value': '076185843'}, 'picture': {'large': 'https://randomuser.me/api/portraits/women/41.jpg', 'medium': 'https://randomuser.me/api/portraits/med/women/41.jpg', 'thumbnail': 'https://randomuser.me/api/portraits/thumb/women/41.jpg'}, 'nat': 'AU'}], 'info': {'seed': '6afe7ec5adac9dd9', 'results': 1, 'page': 1, 'version': '1.4'}}</msg>
<arg>${json_data}</arg>
<doc>Logs the given message with the given level.</doc>
<status status="PASS" start="2024-07-21T03:17:40.743817" elapsed="0.000196"/>
</kw>
<kw name="Should Be String" owner="String">
<arg>${json_data['results'][0]['gender']}</arg>
<doc>Fails if the given ``item`` is not a string.</doc>
<status status="PASS" start="2024-07-21T03:17:40.744297" elapsed="0.000360"/>
</kw>
<kw name="Should Match Regexp" owner="BuiltIn">
<arg>${json_data['results'][0]['email']}</arg>
<arg>^[a-zA-Z0-9._%+-]+@[a-zA-Z0-9.-]+\.[a-zA-Z]{2,}$</arg>
<doc>Fails if ``string`` does not match ``pattern`` as a regular expression.</doc>
<status status="PASS" start="2024-07-21T03:17:40.744843" elapsed="0.000492"/>
</kw>
<kw name="Should Match Regexp" owner="BuiltIn">
<arg>${json_data['results'][0]['dob']['date']}</arg>
<arg>\\d{4}-\\d{2}-\\d{2}T\\d{2}:\\d{2}:\\d{2}\\.\\d{3}Z</arg>
<doc>Fails if ``string`` does not match ``pattern`` as a regular expression.</doc>
<status status="PASS" start="2024-07-21T03:17:40.745560" elapsed="0.000628"/>
</kw>
<kw name="Should Match Regexp" owner="BuiltIn">
<arg>${json_data['results'][0]['registered']['date']}</arg>
<arg>\\d{4}-\\d{2}-\\d{2}T\\d{2}:\\d{2}:\\d{2}\\.\\d{3}Z</arg>
<doc>Fails if ``string`` does not match ``pattern`` as a regular expression.</doc>
<status status="PASS" start="2024-07-21T03:17:40.746382" elapsed="0.000371"/>
</kw>
<kw name="Should Match Regexp" owner="BuiltIn">
<arg>${json_data['results'][0]['picture']['large']}</arg>
<arg>^https?://.*\.(?:png|jpe?g|gif|bmp)$</arg>
<doc>Fails if ``string`` does not match ``pattern`` as a regular expression.</doc>
<status status="PASS" start="2024-07-21T03:17:40.746936" elapsed="0.000453"/>
</kw>
<kw name="Should Match Regexp" owner="BuiltIn">
<arg>${json_data['results'][0]['picture']['medium']}</arg>
<arg>^https?://.*\.(?:png|jpe?g|gif|bmp)$</arg>
<doc>Fails if ``string`` does not match ``pattern`` as a regular expression.</doc>
<status status="PASS" start="2024-07-21T03:17:40.747576" elapsed="0.000349"/>
</kw>
<kw name="Should Match Regexp" owner="BuiltIn">
<arg>${json_data['results'][0]['picture']['thumbnail']}</arg>
<arg>^https?://.*\.(?:png|jpe?g|gif|bmp)$</arg>
<doc>Fails if ``string`` does not match ``pattern`` as a regular expression.</doc>
<status status="PASS" start="2024-07-21T03:17:40.748107" elapsed="0.000350"/>
</kw>
<kw name="Log" owner="BuiltIn">
<msg time="2024-07-21T03:17:40.748958" level="INFO">{'large': 'https://randomuser.me/api/portraits/women/41.jpg', 'medium': 'https://randomuser.me/api/portraits/med/women/41.jpg', 'thumbnail': 'https://randomuser.me/api/portraits/thumb/women/41.jpg'}</msg>
<arg>${json_data['results'][0]['picture']}</arg>
<doc>Logs the given message with the given level.</doc>
<status status="PASS" start="2024-07-21T03:17:40.748638" elapsed="0.000363"/>
</kw>
<status status="PASS" start="2024-07-21T03:17:40.664803" elapsed="0.084451"/>
</kw>
<kw name="Teste de Tipos de Dados - Postcode" owner="random-user-service">
<kw name="GET On Session" owner="RequestsLibrary">
<msg time="2024-07-21T03:17:40.840870" level="INFO">GET Request : url=https://randomuser.me/api 
 path_url=/api 
 headers={'User-Agent': 'python-requests/2.32.3', 'Accept-Encoding': 'gzip, deflate', 'Accept': '*/*', 'Connection': 'keep-alive'} 
 body=None 
 </msg>
<msg time="2024-07-21T03:17:40.840959" level="INFO">GET Response : url=https://randomuser.me/api 
 status=200, reason=OK 
 headers={'Date': 'Sun, 21 Jul 2024 03:17:40 GMT', 'Content-Type': 'application/json; charset=utf-8', 'Transfer-Encoding': 'chunked', 'Connection': 'keep-alive', 'X-Powered-By': 'Express', 'Access-Control-Allow-Origin': '*', 'Cache-Control': 'no-cache', 'ETag': 'W/"4a1-vI6H98jXMwmTV7dUN4OfgVMEjqw"', 'Vary': 'Accept-Encoding', 'Content-Encoding': 'gzip', 'CF-Cache-Status': 'DYNAMIC', 'Report-To': '{"endpoints":[{"url":"https:\\/\\/a.nel.cloudflare.com\\/report\\/v4?s=MmiijbP8QCYBvcwVbb1%2BPQffmhZJRehFGxdYPpnwrSAcSo%2FuyVxWkPuhkHjthe829ltn7ZAhdrI238bWH2s0O0Medu6hRux3aylRqXEkEgUTaRsaJzFybbe7jCb%2FyZoJ"}],"group":"cf-nel","max_age":604800}', 'NEL': '{"success_fraction":0,"report_to":"cf-nel","max_age":604800}', 'Server': 'cloudflare', 'CF-RAY': '8a680a11cc1205d7-IAD', 'alt-svc': 'h3=":443"; ma=86400'} 
 body={"results":[{"gender":"male","name":{"title":"Mr","first":"Iván","last":"Arellano"},"location":{"street":{"number":2594,"name":"Eje vial Rincón"},"city":"Caleras de Ameche","state":"Yucatan","country":"Mexico","postcode":74701,"coordinates":{"latitude":"23.9988","longitude":"-167.2859"},"timezone":{"offset":"+1:00","description":"Brussels, Copenhagen, Madrid, Paris"}},"email":"ivan.arellano@example.com","login":{"uuid":"7074a1fb-e514-477b-9e3e-711ae7011203","username":"browntiger530","password":"thumper","salt":"5whqBCTg","md5":"a59244a3d107fc96a921fa126b181c08","sha1":"efc15487cd37b6ba095cc69af2559bd22591f830","sha256":"0fba51329387fa1fa0f19187d562e2219c49a9d3848ed052d590e6cf83d186e1"},"dob":{"date":"1950-09-07T12:58:37.517Z","age":73},"registered":{"date":"2004-07-04T00:36:34.051Z","age":20},"phone":"(684) 011 1029","cell":"(661) 599 3177","id":{"name":"NSS","value":"84 25 63 1609 2"},"picture":{"large":"https://randomuser.me/api/portraits/men/63.jpg","medium":"https://randomuser.me/api/portraits/med/men/63.jpg","thumbnail":"https://randomuser.me/api/portraits/thumb/men/63.jpg"},"nat":"MX"}],"info":{"seed":"32d02a68a90c86d8","results":1,"page":1,"version":"1.4"}} 
 </msg>
<msg time="2024-07-21T03:17:40.841036" level="INFO">/opt/hostedtoolcache/Python/3.12.4/x64/lib/python3.12/site-packages/urllib3/connectionpool.py:1099: InsecureRequestWarning: Unverified HTTPS request is being made to host 'randomuser.me'. Adding certificate verification is strongly advised. See: https://urllib3.readthedocs.io/en/latest/advanced-usage.html#tls-warnings
  warnings.warn(</msg>
<msg time="2024-07-21T03:17:40.841160" level="INFO">${response} = &lt;Response [200]&gt;</msg>
<var>${response}</var>
<arg>consultarAPI</arg>
<arg>/api</arg>
<doc>Sends a GET request on a previously created HTTP Session.</doc>
<status status="PASS" start="2024-07-21T03:17:40.749682" elapsed="0.091535"/>
</kw>
<kw name="Set Variable" owner="BuiltIn">
<msg time="2024-07-21T03:17:40.842392" level="INFO">${json_data} = {'results': [{'gender': 'male', 'name': {'title': 'Mr', 'first': 'Iván', 'last': 'Arellano'}, 'location': {'street': {'number': 2594, 'name': 'Eje vial Rincón'}, 'city': 'Caleras de Ameche', 'state': ...</msg>
<var>${json_data}</var>
<arg>${response.json()}</arg>
<doc>Returns the given values which can then be assigned to a variables.</doc>
<status status="PASS" start="2024-07-21T03:17:40.841800" elapsed="0.000623"/>
</kw>
<kw name="Log" owner="BuiltIn">
<msg time="2024-07-21T03:17:40.842897" level="INFO">{'results': [{'gender': 'male', 'name': {'title': 'Mr', 'first': 'Iván', 'last': 'Arellano'}, 'location': {'street': {'number': 2594, 'name': 'Eje vial Rincón'}, 'city': 'Caleras de Ameche', 'state': 'Yucatan', 'country': 'Mexico', 'postcode': 74701, 'coordinates': {'latitude': '23.9988', 'longitude': '-167.2859'}, 'timezone': {'offset': '+1:00', 'description': 'Brussels, Copenhagen, Madrid, Paris'}}, 'email': 'ivan.arellano@example.com', 'login': {'uuid': '7074a1fb-e514-477b-9e3e-711ae7011203', 'username': 'browntiger530', 'password': 'thumper', 'salt': '5whqBCTg', 'md5': 'a59244a3d107fc96a921fa126b181c08', 'sha1': 'efc15487cd37b6ba095cc69af2559bd22591f830', 'sha256': '0fba51329387fa1fa0f19187d562e2219c49a9d3848ed052d590e6cf83d186e1'}, 'dob': {'date': '1950-09-07T12:58:37.517Z', 'age': 73}, 'registered': {'date': '2004-07-04T00:36:34.051Z', 'age': 20}, 'phone': '(684) 011 1029', 'cell': '(661) 599 3177', 'id': {'name': 'NSS', 'value': '84 25 63 1609 2'}, 'picture': {'large': 'https://randomuser.me/api/portraits/men/63.jpg', 'medium': 'https://randomuser.me/api/portraits/med/men/63.jpg', 'thumbnail': 'https://randomuser.me/api/portraits/thumb/men/63.jpg'}, 'nat': 'MX'}], 'info': {'seed': '32d02a68a90c86d8', 'results': 1, 'page': 1, 'version': '1.4'}}</msg>
<arg>${json_data}</arg>
<doc>Logs the given message with the given level.</doc>
<status status="PASS" start="2024-07-21T03:17:40.842738" elapsed="0.000208"/>
</kw>
<kw name="Should Be Equal As Numbers" owner="BuiltIn">
<arg>${json_data['results'][0]['location']['postcode']}</arg>
<arg>${json_data['results'][0]['location']['postcode']}</arg>
<doc>Fails if objects are unequal after converting them to real numbers.</doc>
<status status="PASS" start="2024-07-21T03:17:40.843251" elapsed="0.000622"/>
</kw>
<kw name="Log" owner="BuiltIn">
<msg time="2024-07-21T03:17:40.844415" level="INFO">74701</msg>
<arg>${json_data['results'][0]['location']['postcode']}</arg>
<doc>Logs the given message with the given level.</doc>
<status status="PASS" start="2024-07-21T03:17:40.844069" elapsed="0.000419"/>
</kw>
<status status="PASS" start="2024-07-21T03:17:40.749460" elapsed="0.095284"/>
</kw>
<doc>Testa se os tipos de dados na resposta da API estão corretos.</doc>
<tag>testeTiposDados</tag>
<status status="PASS" start="2024-07-21T03:17:40.664306" elapsed="0.180596"/>
</test>
<test id="s1-s1-t5" name="Validar conteudo" line="35">
<kw name="Teste de Tipos de Conteudo" owner="random-user-service">
<kw name="GET On Session" owner="RequestsLibrary">
<msg time="2024-07-21T03:17:40.944734" level="INFO">GET Request : url=https://randomuser.me/api 
 path_url=/api 
 headers={'User-Agent': 'python-requests/2.32.3', 'Accept-Encoding': 'gzip, deflate', 'Accept': '*/*', 'Connection': 'keep-alive'} 
 body=None 
 </msg>
<msg time="2024-07-21T03:17:40.944819" level="INFO">GET Response : url=https://randomuser.me/api 
 status=200, reason=OK 
 headers={'Date': 'Sun, 21 Jul 2024 03:17:40 GMT', 'Content-Type': 'application/json; charset=utf-8', 'Transfer-Encoding': 'chunked', 'Connection': 'keep-alive', 'X-Powered-By': 'Express', 'Access-Control-Allow-Origin': '*', 'Cache-Control': 'no-cache', 'ETag': 'W/"474-x+E/xZ4ePi0Y0UuVnNODik86JD0"', 'Vary': 'Accept-Encoding', 'Content-Encoding': 'gzip', 'CF-Cache-Status': 'DYNAMIC', 'Report-To': '{"endpoints":[{"url":"https:\\/\\/a.nel.cloudflare.com\\/report\\/v4?s=SYOm%2BGxNxGNXN%2B2qBWB4YpcSwfDN%2F1lVpFAAwAXtkv85kFC33bzhqwRqk9NmB5Arzc4D2xu28Fmc0X1n0mc5z7vFb8EJ9hEYoMmSK%2BQ4ORA0SulIUvlZ8p5SNVG4d451"}],"group":"cf-nel","max_age":604800}', 'NEL': '{"success_fraction":0,"report_to":"cf-nel","max_age":604800}', 'Server': 'cloudflare', 'CF-RAY': '8a680a126cb005d7-IAD', 'alt-svc': 'h3=":443"; ma=86400'} 
 body={"results":[{"gender":"female","name":{"title":"Mrs","first":"Pramila","last":"Gugale"},"location":{"street":{"number":7099,"name":"Ashoka Rd"},"city":"Tadipatri","state":"Meghalaya","country":"India","postcode":73036,"coordinates":{"latitude":"10.3488","longitude":"45.1880"},"timezone":{"offset":"-9:00","description":"Alaska"}},"email":"pramila.gugale@example.com","login":{"uuid":"8561b0ea-bc6d-40ea-8473-e073c6af1dc0","username":"browntiger120","password":"irish1","salt":"UBZa4PXs","md5":"e33dee2dbb4605c2bcbcfa3020cee118","sha1":"f7498fbd3cf17daf86eae8bd5b82ca0f126bb124","sha256":"aeaa69e12aca27e2b207cb6c6965c9c987d0ef57336444c8ce5ed578ac442385"},"dob":{"date":"1970-10-14T23:56:06.501Z","age":53},"registered":{"date":"2006-08-24T01:42:41.886Z","age":17},"phone":"8691870378","cell":"8489323998","id":{"name":"UIDAI","value":"722677010345"},"picture":{"large":"https://randomuser.me/api/portraits/women/76.jpg","medium":"https://randomuser.me/api/portraits/med/women/76.jpg","thumbnail":"https://randomuser.me/api/portraits/thumb/women/76.jpg"},"nat":"IN"}],"info":{"seed":"04382c7a4a65a71d","results":1,"page":1,"version":"1.4"}} 
 </msg>
<msg time="2024-07-21T03:17:40.944893" level="INFO">/opt/hostedtoolcache/Python/3.12.4/x64/lib/python3.12/site-packages/urllib3/connectionpool.py:1099: InsecureRequestWarning: Unverified HTTPS request is being made to host 'randomuser.me'. Adding certificate verification is strongly advised. See: https://urllib3.readthedocs.io/en/latest/advanced-usage.html#tls-warnings
  warnings.warn(</msg>
<msg time="2024-07-21T03:17:40.944994" level="INFO">${response} = &lt;Response [200]&gt;</msg>
<var>${response}</var>
<arg>consultarAPI</arg>
<arg>/api</arg>
<doc>Sends a GET request on a previously created HTTP Session.</doc>
<status status="PASS" start="2024-07-21T03:17:40.847484" elapsed="0.097553"/>
</kw>
<kw name="Set Variable" owner="BuiltIn">
<msg time="2024-07-21T03:17:40.946098" level="INFO">${json_data} = {'results': [{'gender': 'female', 'name': {'title': 'Mrs', 'first': 'Pramila', 'last': 'Gugale'}, 'location': {'street': {'number': 7099, 'name': 'Ashoka Rd'}, 'city': 'Tadipatri', 'state': 'Meghalaya...</msg>
<var>${json_data}</var>
<arg>${response.json()}</arg>
<doc>Returns the given values which can then be assigned to a variables.</doc>
<status status="PASS" start="2024-07-21T03:17:40.945480" elapsed="0.000649"/>
</kw>
<kw name="Set Variable" owner="BuiltIn">
<msg time="2024-07-21T03:17:40.946831" level="INFO">${name_title} = Mrs</msg>
<var>${name_title}</var>
<arg>${json_data["results"][0]["name"]["title"]}</arg>
<doc>Returns the given values which can then be assigned to a variables.</doc>
<status status="PASS" start="2024-07-21T03:17:40.946441" elapsed="0.000417"/>
</kw>
<kw name="Create List" owner="BuiltIn">
<msg time="2024-07-21T03:17:40.947306" level="INFO">${allowed_titles} = ['Mr', 'Ms', 'Miss', 'Mrs', 'Madame', 'Monsieur']</msg>
<var>${allowed_titles}</var>
<arg>Mr</arg>
<arg>Ms</arg>
<arg>Miss</arg>
<arg>Mrs</arg>
<arg>Madame</arg>
<arg>Monsieur</arg>
<doc>Returns a list containing given items.</doc>
<status status="PASS" start="2024-07-21T03:17:40.947156" elapsed="0.000174"/>
</kw>
<kw name="List Should Contain Value" owner="Collections">
<arg>${allowed_titles}</arg>
<arg>${name_title}</arg>
<doc>Fails if the ``value`` is not found from ``list``.</doc>
<status status="PASS" start="2024-07-21T03:17:40.947631" elapsed="0.000179"/>
</kw>
<kw name="Set Variable" owner="BuiltIn">
<msg time="2024-07-21T03:17:40.948373" level="INFO">${name_country} = IN</msg>
<var>${name_country}</var>
<arg>${json_data["results"][0]["nat"]}</arg>
<doc>Returns the given values which can then be assigned to a variables.</doc>
<status status="PASS" start="2024-07-21T03:17:40.947996" elapsed="0.000403"/>
</kw>
<kw name="Create List" owner="BuiltIn">
<msg time="2024-07-21T03:17:40.949288" level="INFO">${list_country} = ['AD', 'AE', 'AF', 'AG', 'AI', 'AL', 'AM', 'AO', 'AQ', 'AR', 'AS', 'AT', 'AU', 'AW', 'AX', 'AZ', 'BA', 'BB', 'BD', 'BE', 'BF', 'BG', 'BH', 'BI', 'BJ', 'BL', 'BM', 'BN', 'BO', 'BQ', 'BR', 'BS', 'BT', '...</msg>
<var>${list_country}</var>
<arg>AD</arg>
<arg>AE</arg>
<arg>AF</arg>
<arg>AG</arg>
<arg>AI</arg>
<arg>AL</arg>
<arg>AM</arg>
<arg>AO</arg>
<arg>AQ</arg>
<arg>AR</arg>
<arg>AS</arg>
<arg>AT</arg>
<arg>AU</arg>
<arg>AW</arg>
<arg>AX</arg>
<arg>AZ</arg>
<arg>BA</arg>
<arg>BB</arg>
<arg>BD</arg>
<arg>BE</arg>
<arg>BF</arg>
<arg>BG</arg>
<arg>BH</arg>
<arg>BI</arg>
<arg>BJ</arg>
<arg>BL</arg>
<arg>BM</arg>
<arg>BN</arg>
<arg>BO</arg>
<arg>BQ</arg>
<arg>BR</arg>
<arg>BS</arg>
<arg>BT</arg>
<arg>BV</arg>
<arg>BW</arg>
<arg>BY</arg>
<arg>BZ</arg>
<arg>CA</arg>
<arg>CC</arg>
<arg>CD</arg>
<arg>CF</arg>
<arg>CG</arg>
<arg>CH</arg>
<arg>CI</arg>
<arg>CK</arg>
<arg>CL</arg>
<arg>CM</arg>
<arg>CN</arg>
<arg>CO</arg>
<arg>CR</arg>
<arg>CU</arg>
<arg>CV</arg>
<arg>CW</arg>
<arg>CX</arg>
<arg>CY</arg>
<arg>CZ</arg>
<arg>DE</arg>
<arg>DJ</arg>
<arg>DK</arg>
<arg>DM</arg>
<arg>DO</arg>
<arg>DZ</arg>
<arg>EC</arg>
<arg>EE</arg>
<arg>EG</arg>
<arg>EH</arg>
<arg>ER</arg>
<arg>ES</arg>
<arg>ET</arg>
<arg>FI</arg>
<arg>FJ</arg>
<arg>FK</arg>
<arg>FM</arg>
<arg>FO</arg>
<arg>FR</arg>
<arg>GA</arg>
<arg>GB</arg>
<arg>GD</arg>
<arg>GE</arg>
<arg>GF</arg>
<arg>GG</arg>
<arg>GH</arg>
<arg>GI</arg>
<arg>GL</arg>
<arg>GM</arg>
<arg>GN</arg>
<arg>GP</arg>
<arg>GQ</arg>
<arg>GR</arg>
<arg>GS</arg>
<arg>GT</arg>
<arg>GU</arg>
<arg>GW</arg>
<arg>GY</arg>
<arg>HK</arg>
<arg>HM</arg>
<arg>HN</arg>
<arg>HR</arg>
<arg>HT</arg>
<arg>HU</arg>
<arg>ID</arg>
<arg>IE</arg>
<arg>IL</arg>
<arg>IM</arg>
<arg>IN</arg>
<arg>IO</arg>
<arg>IQ</arg>
<arg>IR</arg>
<arg>IS</arg>
<arg>IT</arg>
<arg>JE</arg>
<arg>JM</arg>
<arg>JO</arg>
<arg>JP</arg>
<arg>KE</arg>
<arg>KG</arg>
<arg>KH</arg>
<arg>KI</arg>
<arg>KM</arg>
<arg>KN</arg>
<arg>KP</arg>
<arg>KR</arg>
<arg>KW</arg>
<arg>KY</arg>
<arg>KZ</arg>
<arg>LA</arg>
<arg>LB</arg>
<arg>LC</arg>
<arg>LI</arg>
<arg>LK</arg>
<arg>LR</arg>
<arg>LS</arg>
<arg>LT</arg>
<arg>LU</arg>
<arg>LV</arg>
<arg>LY</arg>
<arg>MA</arg>
<arg>MC</arg>
<arg>MD</arg>
<arg>ME</arg>
<arg>MF</arg>
<arg>MG</arg>
<arg>MH</arg>
<arg>MK</arg>
<arg>ML</arg>
<arg>MM</arg>
<arg>MN</arg>
<arg>MO</arg>
<arg>MP</arg>
<arg>MQ</arg>
<arg>MR</arg>
<arg>MS</arg>
<arg>MT</arg>
<arg>MU</arg>
<arg>MV</arg>
<arg>MW</arg>
<arg>MX</arg>
<arg>MY</arg>
<arg>MZ</arg>
<arg>NA</arg>
<arg>NC</arg>
<arg>NE</arg>
<arg>NF</arg>
<arg>NG</arg>
<arg>NI</arg>
<arg>NL</arg>
<arg>NO</arg>
<arg>NP</arg>
<arg>NR</arg>
<arg>NU</arg>
<arg>NZ</arg>
<arg>OM</arg>
<arg>PA</arg>
<arg>PE</arg>
<arg>PF</arg>
<arg>PG</arg>
<arg>PH</arg>
<arg>PK</arg>
<arg>PL</arg>
<arg>PM</arg>
<arg>PN</arg>
<arg>PR</arg>
<arg>PS</arg>
<arg>PT</arg>
<arg>PW</arg>
<arg>PY</arg>
<arg>QA</arg>
<arg>RE</arg>
<arg>RO</arg>
<arg>RS</arg>
<arg>RU</arg>
<arg>RW</arg>
<arg>SA</arg>
<arg>SB</arg>
<arg>SC</arg>
<arg>SD</arg>
<arg>SE</arg>
<arg>SG</arg>
<arg>SH</arg>
<arg>SI</arg>
<arg>SJ</arg>
<arg>SK</arg>
<arg>SL</arg>
<arg>SM</arg>
<arg>SN</arg>
<arg>SO</arg>
<arg>SR</arg>
<arg>SS</arg>
<arg>ST</arg>
<arg>SV</arg>
<arg>SX</arg>
<arg>SY</arg>
<arg>SZ</arg>
<arg>TC</arg>
<arg>TD</arg>
<arg>TF</arg>
<arg>TG</arg>
<arg>TH</arg>
<arg>TJ</arg>
<arg>TK</arg>
<arg>TL</arg>
<arg>TM</arg>
<arg>TN</arg>
<arg>TO</arg>
<arg>TR</arg>
<arg>TT</arg>
<arg>TV</arg>
<arg>TW</arg>
<arg>TZ</arg>
<arg>UA</arg>
<arg>UG</arg>
<arg>UM</arg>
<arg>US</arg>
<arg>UY</arg>
<arg>UZ</arg>
<arg>VA</arg>
<arg>VC</arg>
<arg>VE</arg>
<arg>VG</arg>
<arg>VI</arg>
<arg>VN</arg>
<arg>VU</arg>
<arg>WF</arg>
<arg>WS</arg>
<arg>XK</arg>
<arg>YE</arg>
<arg>YT</arg>
<arg>ZA</arg>
<arg>ZM</arg>
<arg>ZW</arg>
<doc>Returns a list containing given items.</doc>
<status status="PASS" start="2024-07-21T03:17:40.948690" elapsed="0.000625"/>
</kw>
<kw name="List Should Contain Value" owner="Collections">
<arg>${list_country}</arg>
<arg>${name_country}</arg>
<doc>Fails if the ``value`` is not found from ``list``.</doc>
<status status="PASS" start="2024-07-21T03:17:40.950280" elapsed="0.000212"/>
</kw>
<kw name="Run Keyword If" owner="BuiltIn">
<kw name="Should Be True" owner="BuiltIn">
<arg>${True}</arg>
<doc>Fails if the given condition is not true.</doc>
<status status="PASS" start="2024-07-21T03:17:40.951437" elapsed="0.000142"/>
</kw>
<arg>${json_data["results"][0]["location"]["coordinates"]["latitude"]} &gt;= -90 and ${json_data["results"][0]["location"]["coordinates"]["latitude"]} &lt;= 90</arg>
<arg>Should Be True</arg>
<arg>${True}</arg>
<doc>Runs the given keyword with the given arguments, if ``condition`` is true.</doc>
<status status="PASS" start="2024-07-21T03:17:40.950692" elapsed="0.001013"/>
</kw>
<kw name="Run Keyword If" owner="BuiltIn">
<kw name="Should Be True" owner="BuiltIn">
<arg>${True}</arg>
<doc>Fails if the given condition is not true.</doc>
<status status="PASS" start="2024-07-21T03:17:40.952577" elapsed="0.000135"/>
</kw>
<arg>${json_data["results"][0]["location"]["coordinates"]["longitude"]} &gt;= -180 and ${json_data["results"][0]["location"]["coordinates"]["longitude"]} &lt;= 180</arg>
<arg>Should Be True</arg>
<arg>${True}</arg>
<doc>Runs the given keyword with the given arguments, if ``condition`` is true.</doc>
<status status="PASS" start="2024-07-21T03:17:40.951888" elapsed="0.000949"/>
</kw>
<status status="PASS" start="2024-07-21T03:17:40.847268" elapsed="0.105701"/>
</kw>
<doc>Testa o conteúdo específico dos campos retornados pela API.</doc>
<tag>testeConteudo</tag>
<status status="PASS" start="2024-07-21T03:17:40.846804" elapsed="0.106306"/>
</test>
<status status="PASS" start="2024-07-21T03:17:39.921641" elapsed="1.033419"/>
</suite>
<status status="PASS" start="2024-07-21T03:17:39.907339" elapsed="1.052703"/>
</suite>
<statistics>
<total>
<stat pass="5" fail="0" skip="0">All Tests</stat>
</total>
<tag>
<stat pass="1" fail="0" skip="0">testeConteudo</stat>
<stat pass="1" fail="0" skip="0">testeEstruturaResposta</stat>
<stat pass="1" fail="0" skip="0">testeRequisicaoBasica</stat>
<stat pass="1" fail="0" skip="0">testeTiposDados</stat>
</tag>
<suite>
<stat pass="5" fail="0" skip="0" id="s1" name="Tests">Tests</stat>
<stat pass="5" fail="0" skip="0" id="s1-s1" name="Random-User-Test">Tests.Random-User-Test</stat>
</suite>
</statistics>
<errors>
</errors>
</robot>
