<?xml version="1.0" encoding="UTF-8"?>
<robot generator="Robot 7.0 (Python 3.12.3 on linux)" generated="2024-05-06T20:14:40.457509" rpa="false" schemaversion="5">
<suite id="s1" name="Tests" source="/home/runner/work/DesafioQAItauRogerioJordao/DesafioQAItauRogerioJordao/RamdonUser/tests">
<suite id="s1-s1" name="Random-User-Test" source="/home/runner/work/DesafioQAItauRogerioJordao/DesafioQAItauRogerioJordao/RamdonUser/tests/random-user-test.robot">
<test id="s1-s1-t1" name="Conectar" line="13">
<kw name="Conectar API" owner="random-user-service">
<kw name="Create Session" owner="RequestsLibrary">
<msg time="2024-05-06T20:14:40.826715" level="INFO">Creating Session using : alias=consultarAPI, url=https://randomuser.me/, headers={},                     cookies={}, auth=None, timeout=None, proxies=None, verify=False,                     debug=0 </msg>
<arg>consultarAPI</arg>
<arg>${URL}</arg>
<doc>Create Session: create a HTTP session to a server</doc>
<status status="PASS" start="2024-05-06T20:14:40.826507" elapsed="0.000422"/>
</kw>
<status status="PASS" start="2024-05-06T20:14:40.825477" elapsed="0.001828"/>
</kw>
<status status="PASS" start="2024-05-06T20:14:40.824876" elapsed="0.002621"/>
</test>
<test id="s1-s1-t2" name="Validar retorno 200 e JSON Válido" line="16">
<kw name="Teste de Requisicao Basica" owner="random-user-service">
<kw name="GET On Session" owner="RequestsLibrary">
<msg time="2024-05-06T20:14:41.012481" level="INFO">GET Request : url=https://randomuser.me/api 
 path_url=/api 
 headers={'User-Agent': 'python-requests/2.31.0', 'Accept-Encoding': 'gzip, deflate', 'Accept': '*/*', 'Connection': 'keep-alive'} 
 body=None 
 </msg>
<msg time="2024-05-06T20:14:41.012664" level="INFO">GET Response : url=https://randomuser.me/api 
 status=200, reason=OK 
 headers={'Date': 'Mon, 06 May 2024 20:14:41 GMT', 'Content-Type': 'application/json; charset=utf-8', 'Transfer-Encoding': 'chunked', 'Connection': 'keep-alive', 'X-Powered-By': 'Express', 'Access-Control-Allow-Origin': '*', 'Cache-Control': 'no-cache', 'ETag': 'W/"4bb-HY4ReJDRJ4H+oTM33AwEjqAAw1U"', 'Vary': 'Accept-Encoding', 'Content-Encoding': 'gzip', 'CF-Cache-Status': 'DYNAMIC', 'Report-To': '{"endpoints":[{"url":"https:\\/\\/a.nel.cloudflare.com\\/report\\/v4?s=m3Ngq%2FnZMW1fOZ8uYVVj2iY4%2BxMPcAYr6hKx9R3BTXEIw8bbphMAN3M3Q2TOjqzz5JmVJIDUj1iAIGAQZb5EKaTsKHTGxdpxpQvoF3SL7qfchWWkiPqjqWPpKbyo1b%2BJ"}],"group":"cf-nel","max_age":604800}', 'NEL': '{"success_fraction":0,"report_to":"cf-nel","max_age":604800}', 'Server': 'cloudflare', 'CF-RAY': '87fba351aa1d2f26-LAX', 'alt-svc': 'h3=":443"; ma=86400'} 
 body={"results":[{"gender":"female","name":{"title":"Miss","first":"Bérénice","last":"Muller"},"location":{"street":{"number":6177,"name":"Place du 22 Novembre 1943"},"city":"Bordeaux","state":"Drôme","country":"France","postcode":43952,"coordinates":{"latitude":"-15.2227","longitude":"116.4763"},"timezone":{"offset":"0:00","description":"Western Europe Time, London, Lisbon, Casablanca"}},"email":"berenice.muller@example.com","login":{"uuid":"2b179424-64ad-4f04-9346-34979aa67e48","username":"happyduck375","password":"donna1","salt":"rP28cswm","md5":"efb8eb01ee7f9e459a9460afc5e406a4","sha1":"dcb1f0cfa191d3152961b3db9651dd47cd4e2866","sha256":"1a26a4eb69ba2c0f3bd57b63defe7342e392137883c54c7850ea9743ad80a10e"},"dob":{"date":"1979-03-19T17:35:10.879Z","age":45},"registered":{"date":"2011-10-22T18:58:23.851Z","age":12},"phone":"04-63-49-25-93","cell":"06-66-86-30-79","id":{"name":"INSEE","value":"2790273560519 51"},"picture":{"large":"https://randomuser.me/api/portraits/women/57.jpg","medium":"https://randomuser.me/api/portraits/med/women/57.jpg","thumbnail":"https://randomuser.me/api/portraits/thumb/women/57.jpg"},"nat":"FR"}],"info":{"seed":"73d2e2b5dd346d25","results":1,"page":1,"version":"1.4"}} 
 </msg>
<msg time="2024-05-06T20:14:41.012764" level="INFO">/opt/hostedtoolcache/Python/3.12.3/x64/lib/python3.12/site-packages/urllib3/connectionpool.py:1103: InsecureRequestWarning: Unverified HTTPS request is being made to host 'randomuser.me'. Adding certificate verification is strongly advised. See: https://urllib3.readthedocs.io/en/latest/advanced-usage.html#tls-warnings
  warnings.warn(</msg>
<msg time="2024-05-06T20:14:41.012914" level="INFO">${response} = &lt;Response [200]&gt;</msg>
<var>${response}</var>
<arg>consultarAPI</arg>
<arg>/api</arg>
<doc>Sends a GET request on a previously created HTTP Session.</doc>
<status status="PASS" start="2024-05-06T20:14:40.830177" elapsed="0.182780"/>
</kw>
<kw name="Should Be Equal As Numbers" owner="BuiltIn">
<msg time="2024-05-06T20:14:41.014011" level="INFO">Argument types are:
&lt;class 'int'&gt;
&lt;class 'str'&gt;</msg>
<arg>${response.status_code}</arg>
<arg>200</arg>
<doc>Fails if objects are unequal after converting them to real numbers.</doc>
<status status="PASS" start="2024-05-06T20:14:41.013519" elapsed="0.000557"/>
</kw>
<kw name="Log" owner="BuiltIn">
<msg time="2024-05-06T20:14:41.014785" level="INFO">200</msg>
<arg>${response.status_code}</arg>
<doc>Logs the given message with the given level.</doc>
<status status="PASS" start="2024-05-06T20:14:41.014426" elapsed="0.000401"/>
</kw>
<kw name="Set Variable" owner="BuiltIn">
<msg time="2024-05-06T20:14:41.015583" level="INFO">${json_data} = {'results': [{'gender': 'female', 'name': {'title': 'Miss', 'first': 'Bérénice', 'last': 'Muller'}, 'location': {'street': {'number': 6177, 'name': 'Place du 22 Novembre 1943'}, 'city': 'Bordeaux', 's...</msg>
<var>${json_data}</var>
<arg>${response.json()}</arg>
<doc>Returns the given values which can then be assigned to a variables.</doc>
<status status="PASS" start="2024-05-06T20:14:41.015134" elapsed="0.000478"/>
</kw>
<kw name="Dictionary Should Contain Key" owner="Collections">
<msg time="2024-05-06T20:14:41.016079" level="INFO">False</msg>
<arg>${json_data}</arg>
<arg>results</arg>
<doc>Fails if ``key`` is not found from ``dictionary``.</doc>
<status status="PASS" start="2024-05-06T20:14:41.015912" elapsed="0.000207"/>
</kw>
<status status="PASS" start="2024-05-06T20:14:40.829925" elapsed="0.186506"/>
</kw>
<doc>Testa se a API responde corretamente e retorna um objeto JSON válido.</doc>
<tag>testeRequisicaoBasica</tag>
<status status="PASS" start="2024-05-06T20:14:40.829448" elapsed="0.187170"/>
</test>
<test id="s1-s1-t3" name="Validar estrutura de resposta" line="22">
<kw name="Teste de Estrutura de Resposta" owner="random-user-service">
<kw name="GET On Session" owner="RequestsLibrary">
<msg time="2024-05-06T20:14:41.124533" level="INFO">GET Request : url=https://randomuser.me/api 
 path_url=/api 
 headers={'User-Agent': 'python-requests/2.31.0', 'Accept-Encoding': 'gzip, deflate', 'Accept': '*/*', 'Connection': 'keep-alive'} 
 body=None 
 </msg>
<msg time="2024-05-06T20:14:41.124660" level="INFO">GET Response : url=https://randomuser.me/api 
 status=200, reason=OK 
 headers={'Date': 'Mon, 06 May 2024 20:14:41 GMT', 'Content-Type': 'application/json; charset=utf-8', 'Transfer-Encoding': 'chunked', 'Connection': 'keep-alive', 'X-Powered-By': 'Express', 'Access-Control-Allow-Origin': '*', 'Cache-Control': 'no-cache', 'ETag': 'W/"488-DpJ1/xCSDPQiJKVZ76Xxd1gRgIA"', 'Vary': 'Accept-Encoding', 'Content-Encoding': 'gzip', 'CF-Cache-Status': 'DYNAMIC', 'Report-To': '{"endpoints":[{"url":"https:\\/\\/a.nel.cloudflare.com\\/report\\/v4?s=7IvjJpkcuFQRRauneYEMvUVbWNRBamyST6Sf6Qb%2BcjOZBURBLXbNQydGFLPIJKwux12U1ktRXZ%2BNvvFlDSB5MFL%2FOFXhYxtqpxnPaOH82q%2BMzhu%2FDBt04Ct766VFr%2BIZ"}],"group":"cf-nel","max_age":604800}', 'NEL': '{"success_fraction":0,"report_to":"cf-nel","max_age":604800}', 'Server': 'cloudflare', 'CF-RAY': '87fba3526b482f26-LAX', 'alt-svc': 'h3=":443"; ma=86400'} 
 body={"results":[{"gender":"male","name":{"title":"Mr","first":"Coşkun","last":"Aşıkoğlu"},"location":{"street":{"number":2608,"name":"Filistin Cd"},"city":"Kilis","state":"Antalya","country":"Turkey","postcode":90902,"coordinates":{"latitude":"67.8246","longitude":"-101.9731"},"timezone":{"offset":"+5:30","description":"Bombay, Calcutta, Madras, New Delhi"}},"email":"coskun.asikoglu@example.com","login":{"uuid":"32b49f1e-4a3e-495e-b198-d91538d4e5b6","username":"purplelion838","password":"barbados","salt":"qPn3Kw57","md5":"52f4ba3abb2e8ea4dbdeda104b265e13","sha1":"82911608fa4173f6b2866d2b6cff282628199ba8","sha256":"b76d25c64233edfd980c19fde8379f7a6176d45783a4da30a8fa9da41bf28f0d"},"dob":{"date":"1977-04-08T18:36:19.957Z","age":47},"registered":{"date":"2004-07-04T20:16:29.373Z","age":19},"phone":"(258)-283-7492","cell":"(386)-584-7981","id":{"name":"","value":null},"picture":{"large":"https://randomuser.me/api/portraits/men/36.jpg","medium":"https://randomuser.me/api/portraits/med/men/36.jpg","thumbnail":"https://randomuser.me/api/portraits/thumb/men/36.jpg"},"nat":"TR"}],"info":{"seed":"6c559d8b00a23e41","results":1,"page":1,"version":"1.4"}} 
 </msg>
<msg time="2024-05-06T20:14:41.124821" level="INFO">/opt/hostedtoolcache/Python/3.12.3/x64/lib/python3.12/site-packages/urllib3/connectionpool.py:1103: InsecureRequestWarning: Unverified HTTPS request is being made to host 'randomuser.me'. Adding certificate verification is strongly advised. See: https://urllib3.readthedocs.io/en/latest/advanced-usage.html#tls-warnings
  warnings.warn(</msg>
<msg time="2024-05-06T20:14:41.124974" level="INFO">${response} = &lt;Response [200]&gt;</msg>
<var>${response}</var>
<arg>consultarAPI</arg>
<arg>/api</arg>
<doc>Sends a GET request on a previously created HTTP Session.</doc>
<status status="PASS" start="2024-05-06T20:14:41.019270" elapsed="0.105745"/>
</kw>
<kw name="Set Variable" owner="BuiltIn">
<msg time="2024-05-06T20:14:41.126141" level="INFO">${json_data} = {'results': [{'gender': 'male', 'name': {'title': 'Mr', 'first': 'Coşkun', 'last': 'Aşıkoğlu'}, 'location': {'street': {'number': 2608, 'name': 'Filistin Cd'}, 'city': 'Kilis', 'state': 'Antalya', 'co...</msg>
<var>${json_data}</var>
<arg>${response.json()}</arg>
<doc>Returns the given values which can then be assigned to a variables.</doc>
<status status="PASS" start="2024-05-06T20:14:41.125563" elapsed="0.000609"/>
</kw>
<kw name="Log" owner="BuiltIn">
<msg time="2024-05-06T20:14:41.126647" level="INFO">{'results': [{'gender': 'male', 'name': {'title': 'Mr', 'first': 'Coşkun', 'last': 'Aşıkoğlu'}, 'location': {'street': {'number': 2608, 'name': 'Filistin Cd'}, 'city': 'Kilis', 'state': 'Antalya', 'country': 'Turkey', 'postcode': 90902, 'coordinates': {'latitude': '67.8246', 'longitude': '-101.9731'}, 'timezone': {'offset': '+5:30', 'description': 'Bombay, Calcutta, Madras, New Delhi'}}, 'email': 'coskun.asikoglu@example.com', 'login': {'uuid': '32b49f1e-4a3e-495e-b198-d91538d4e5b6', 'username': 'purplelion838', 'password': 'barbados', 'salt': 'qPn3Kw57', 'md5': '52f4ba3abb2e8ea4dbdeda104b265e13', 'sha1': '82911608fa4173f6b2866d2b6cff282628199ba8', 'sha256': 'b76d25c64233edfd980c19fde8379f7a6176d45783a4da30a8fa9da41bf28f0d'}, 'dob': {'date': '1977-04-08T18:36:19.957Z', 'age': 47}, 'registered': {'date': '2004-07-04T20:16:29.373Z', 'age': 19}, 'phone': '(258)-283-7492', 'cell': '(386)-584-7981', 'id': {'name': '', 'value': None}, 'picture': {'large': 'https://randomuser.me/api/portraits/men/36.jpg', 'medium': 'https://randomuser.me/api/portraits/med/men/36.jpg', 'thumbnail': 'https://randomuser.me/api/portraits/thumb/men/36.jpg'}, 'nat': 'TR'}], 'info': {'seed': '6c559d8b00a23e41', 'results': 1, 'page': 1, 'version': '1.4'}}</msg>
<arg>${json_data}</arg>
<doc>Logs the given message with the given level.</doc>
<status status="PASS" start="2024-05-06T20:14:41.126480" elapsed="0.000219"/>
</kw>
<kw name="Dictionary Should Contain Key" owner="Collections">
<msg time="2024-05-06T20:14:41.127159" level="INFO">False</msg>
<arg>${json_data}</arg>
<arg>results</arg>
<doc>Fails if ``key`` is not found from ``dictionary``.</doc>
<status status="PASS" start="2024-05-06T20:14:41.127003" elapsed="0.000193"/>
</kw>
<kw name="Should Not Be Empty" owner="BuiltIn">
<msg time="2024-05-06T20:14:41.127615" level="INFO">Length is 2.</msg>
<arg>${json_data}</arg>
<doc>Verifies that the given item is not empty.</doc>
<status status="PASS" start="2024-05-06T20:14:41.127485" elapsed="0.000167"/>
</kw>
<kw name="Create List" owner="BuiltIn">
<msg time="2024-05-06T20:14:41.128275" level="INFO">${expected_keys} = ['gender', 'name', 'location', 'email', 'login']</msg>
<var>${expected_keys}</var>
<arg>gender</arg>
<arg>name</arg>
<arg>location</arg>
<arg>email</arg>
<arg>login</arg>
<doc>Returns a list containing given items.</doc>
<status status="PASS" start="2024-05-06T20:14:41.127936" elapsed="0.000364"/>
</kw>
<for flavor="IN">
<iter>
<kw name="Dictionary Should Contain Key" owner="Collections">
<msg time="2024-05-06T20:14:41.129312" level="INFO">False</msg>
<arg>${json_data['results'][0]}</arg>
<arg>${key}</arg>
<doc>Fails if ``key`` is not found from ``dictionary``.</doc>
<status status="PASS" start="2024-05-06T20:14:41.128896" elapsed="0.000456"/>
</kw>
<kw name="Log" owner="BuiltIn">
<msg time="2024-05-06T20:14:41.130016" level="INFO">{'gender': 'male', 'name': {'title': 'Mr', 'first': 'Coşkun', 'last': 'Aşıkoğlu'}, 'location': {'street': {'number': 2608, 'name': 'Filistin Cd'}, 'city': 'Kilis', 'state': 'Antalya', 'country': 'Turkey', 'postcode': 90902, 'coordinates': {'latitude': '67.8246', 'longitude': '-101.9731'}, 'timezone': {'offset': '+5:30', 'description': 'Bombay, Calcutta, Madras, New Delhi'}}, 'email': 'coskun.asikoglu@example.com', 'login': {'uuid': '32b49f1e-4a3e-495e-b198-d91538d4e5b6', 'username': 'purplelion838', 'password': 'barbados', 'salt': 'qPn3Kw57', 'md5': '52f4ba3abb2e8ea4dbdeda104b265e13', 'sha1': '82911608fa4173f6b2866d2b6cff282628199ba8', 'sha256': 'b76d25c64233edfd980c19fde8379f7a6176d45783a4da30a8fa9da41bf28f0d'}, 'dob': {'date': '1977-04-08T18:36:19.957Z', 'age': 47}, 'registered': {'date': '2004-07-04T20:16:29.373Z', 'age': 19}, 'phone': '(258)-283-7492', 'cell': '(386)-584-7981', 'id': {'name': '', 'value': None}, 'picture': {'large': 'https://randomuser.me/api/portraits/men/36.jpg', 'medium': 'https://randomuser.me/api/portraits/med/men/36.jpg', 'thumbnail': 'https://randomuser.me/api/portraits/thumb/men/36.jpg'}, 'nat': 'TR'}</msg>
<arg>${json_data['results'][0]}</arg>
<doc>Logs the given message with the given level.</doc>
<status status="PASS" start="2024-05-06T20:14:41.129652" elapsed="0.000414"/>
</kw>
<kw name="Log" owner="BuiltIn">
<msg time="2024-05-06T20:14:41.130494" level="INFO">gender</msg>
<arg>${key}</arg>
<doc>Logs the given message with the given level.</doc>
<status status="PASS" start="2024-05-06T20:14:41.130368" elapsed="0.000162"/>
</kw>
<var name="${key}">gender</var>
<status status="PASS" start="2024-05-06T20:14:41.128770" elapsed="0.002000"/>
</iter>
<iter>
<kw name="Dictionary Should Contain Key" owner="Collections">
<msg time="2024-05-06T20:14:41.131454" level="INFO">False</msg>
<arg>${json_data['results'][0]}</arg>
<arg>${key}</arg>
<doc>Fails if ``key`` is not found from ``dictionary``.</doc>
<status status="PASS" start="2024-05-06T20:14:41.131067" elapsed="0.000424"/>
</kw>
<kw name="Log" owner="BuiltIn">
<msg time="2024-05-06T20:14:41.132170" level="INFO">{'gender': 'male', 'name': {'title': 'Mr', 'first': 'Coşkun', 'last': 'Aşıkoğlu'}, 'location': {'street': {'number': 2608, 'name': 'Filistin Cd'}, 'city': 'Kilis', 'state': 'Antalya', 'country': 'Turkey', 'postcode': 90902, 'coordinates': {'latitude': '67.8246', 'longitude': '-101.9731'}, 'timezone': {'offset': '+5:30', 'description': 'Bombay, Calcutta, Madras, New Delhi'}}, 'email': 'coskun.asikoglu@example.com', 'login': {'uuid': '32b49f1e-4a3e-495e-b198-d91538d4e5b6', 'username': 'purplelion838', 'password': 'barbados', 'salt': 'qPn3Kw57', 'md5': '52f4ba3abb2e8ea4dbdeda104b265e13', 'sha1': '82911608fa4173f6b2866d2b6cff282628199ba8', 'sha256': 'b76d25c64233edfd980c19fde8379f7a6176d45783a4da30a8fa9da41bf28f0d'}, 'dob': {'date': '1977-04-08T18:36:19.957Z', 'age': 47}, 'registered': {'date': '2004-07-04T20:16:29.373Z', 'age': 19}, 'phone': '(258)-283-7492', 'cell': '(386)-584-7981', 'id': {'name': '', 'value': None}, 'picture': {'large': 'https://randomuser.me/api/portraits/men/36.jpg', 'medium': 'https://randomuser.me/api/portraits/med/men/36.jpg', 'thumbnail': 'https://randomuser.me/api/portraits/thumb/men/36.jpg'}, 'nat': 'TR'}</msg>
<arg>${json_data['results'][0]}</arg>
<doc>Logs the given message with the given level.</doc>
<status status="PASS" start="2024-05-06T20:14:41.131810" elapsed="0.000434"/>
</kw>
<kw name="Log" owner="BuiltIn">
<msg time="2024-05-06T20:14:41.132669" level="INFO">name</msg>
<arg>${key}</arg>
<doc>Logs the given message with the given level.</doc>
<status status="PASS" start="2024-05-06T20:14:41.132542" elapsed="0.000191"/>
</kw>
<var name="${key}">name</var>
<status status="PASS" start="2024-05-06T20:14:41.130954" elapsed="0.002038"/>
</iter>
<iter>
<kw name="Dictionary Should Contain Key" owner="Collections">
<msg time="2024-05-06T20:14:41.133661" level="INFO">False</msg>
<arg>${json_data['results'][0]}</arg>
<arg>${key}</arg>
<doc>Fails if ``key`` is not found from ``dictionary``.</doc>
<status status="PASS" start="2024-05-06T20:14:41.133278" elapsed="0.000420"/>
</kw>
<kw name="Log" owner="BuiltIn">
<msg time="2024-05-06T20:14:41.134357" level="INFO">{'gender': 'male', 'name': {'title': 'Mr', 'first': 'Coşkun', 'last': 'Aşıkoğlu'}, 'location': {'street': {'number': 2608, 'name': 'Filistin Cd'}, 'city': 'Kilis', 'state': 'Antalya', 'country': 'Turkey', 'postcode': 90902, 'coordinates': {'latitude': '67.8246', 'longitude': '-101.9731'}, 'timezone': {'offset': '+5:30', 'description': 'Bombay, Calcutta, Madras, New Delhi'}}, 'email': 'coskun.asikoglu@example.com', 'login': {'uuid': '32b49f1e-4a3e-495e-b198-d91538d4e5b6', 'username': 'purplelion838', 'password': 'barbados', 'salt': 'qPn3Kw57', 'md5': '52f4ba3abb2e8ea4dbdeda104b265e13', 'sha1': '82911608fa4173f6b2866d2b6cff282628199ba8', 'sha256': 'b76d25c64233edfd980c19fde8379f7a6176d45783a4da30a8fa9da41bf28f0d'}, 'dob': {'date': '1977-04-08T18:36:19.957Z', 'age': 47}, 'registered': {'date': '2004-07-04T20:16:29.373Z', 'age': 19}, 'phone': '(258)-283-7492', 'cell': '(386)-584-7981', 'id': {'name': '', 'value': None}, 'picture': {'large': 'https://randomuser.me/api/portraits/men/36.jpg', 'medium': 'https://randomuser.me/api/portraits/med/men/36.jpg', 'thumbnail': 'https://randomuser.me/api/portraits/thumb/men/36.jpg'}, 'nat': 'TR'}</msg>
<arg>${json_data['results'][0]}</arg>
<doc>Logs the given message with the given level.</doc>
<status status="PASS" start="2024-05-06T20:14:41.133990" elapsed="0.000416"/>
</kw>
<kw name="Log" owner="BuiltIn">
<msg time="2024-05-06T20:14:41.134820" level="INFO">location</msg>
<arg>${key}</arg>
<doc>Logs the given message with the given level.</doc>
<status status="PASS" start="2024-05-06T20:14:41.134697" elapsed="0.000160"/>
</kw>
<var name="${key}">location</var>
<status status="PASS" start="2024-05-06T20:14:41.133167" elapsed="0.001900"/>
</iter>
<iter>
<kw name="Dictionary Should Contain Key" owner="Collections">
<msg time="2024-05-06T20:14:41.135724" level="INFO">False</msg>
<arg>${json_data['results'][0]}</arg>
<arg>${key}</arg>
<doc>Fails if ``key`` is not found from ``dictionary``.</doc>
<status status="PASS" start="2024-05-06T20:14:41.135343" elapsed="0.000417"/>
</kw>
<kw name="Log" owner="BuiltIn">
<msg time="2024-05-06T20:14:41.136434" level="INFO">{'gender': 'male', 'name': {'title': 'Mr', 'first': 'Coşkun', 'last': 'Aşıkoğlu'}, 'location': {'street': {'number': 2608, 'name': 'Filistin Cd'}, 'city': 'Kilis', 'state': 'Antalya', 'country': 'Turkey', 'postcode': 90902, 'coordinates': {'latitude': '67.8246', 'longitude': '-101.9731'}, 'timezone': {'offset': '+5:30', 'description': 'Bombay, Calcutta, Madras, New Delhi'}}, 'email': 'coskun.asikoglu@example.com', 'login': {'uuid': '32b49f1e-4a3e-495e-b198-d91538d4e5b6', 'username': 'purplelion838', 'password': 'barbados', 'salt': 'qPn3Kw57', 'md5': '52f4ba3abb2e8ea4dbdeda104b265e13', 'sha1': '82911608fa4173f6b2866d2b6cff282628199ba8', 'sha256': 'b76d25c64233edfd980c19fde8379f7a6176d45783a4da30a8fa9da41bf28f0d'}, 'dob': {'date': '1977-04-08T18:36:19.957Z', 'age': 47}, 'registered': {'date': '2004-07-04T20:16:29.373Z', 'age': 19}, 'phone': '(258)-283-7492', 'cell': '(386)-584-7981', 'id': {'name': '', 'value': None}, 'picture': {'large': 'https://randomuser.me/api/portraits/men/36.jpg', 'medium': 'https://randomuser.me/api/portraits/med/men/36.jpg', 'thumbnail': 'https://randomuser.me/api/portraits/thumb/men/36.jpg'}, 'nat': 'TR'}</msg>
<arg>${json_data['results'][0]}</arg>
<doc>Logs the given message with the given level.</doc>
<status status="PASS" start="2024-05-06T20:14:41.136052" elapsed="0.000432"/>
</kw>
<kw name="Log" owner="BuiltIn">
<msg time="2024-05-06T20:14:41.136902" level="INFO">email</msg>
<arg>${key}</arg>
<doc>Logs the given message with the given level.</doc>
<status status="PASS" start="2024-05-06T20:14:41.136772" elapsed="0.000166"/>
</kw>
<var name="${key}">email</var>
<status status="PASS" start="2024-05-06T20:14:41.135234" elapsed="0.001918"/>
</iter>
<iter>
<kw name="Dictionary Should Contain Key" owner="Collections">
<msg time="2024-05-06T20:14:41.137802" level="INFO">False</msg>
<arg>${json_data['results'][0]}</arg>
<arg>${key}</arg>
<doc>Fails if ``key`` is not found from ``dictionary``.</doc>
<status status="PASS" start="2024-05-06T20:14:41.137427" elapsed="0.000411"/>
</kw>
<kw name="Log" owner="BuiltIn">
<msg time="2024-05-06T20:14:41.138495" level="INFO">{'gender': 'male', 'name': {'title': 'Mr', 'first': 'Coşkun', 'last': 'Aşıkoğlu'}, 'location': {'street': {'number': 2608, 'name': 'Filistin Cd'}, 'city': 'Kilis', 'state': 'Antalya', 'country': 'Turkey', 'postcode': 90902, 'coordinates': {'latitude': '67.8246', 'longitude': '-101.9731'}, 'timezone': {'offset': '+5:30', 'description': 'Bombay, Calcutta, Madras, New Delhi'}}, 'email': 'coskun.asikoglu@example.com', 'login': {'uuid': '32b49f1e-4a3e-495e-b198-d91538d4e5b6', 'username': 'purplelion838', 'password': 'barbados', 'salt': 'qPn3Kw57', 'md5': '52f4ba3abb2e8ea4dbdeda104b265e13', 'sha1': '82911608fa4173f6b2866d2b6cff282628199ba8', 'sha256': 'b76d25c64233edfd980c19fde8379f7a6176d45783a4da30a8fa9da41bf28f0d'}, 'dob': {'date': '1977-04-08T18:36:19.957Z', 'age': 47}, 'registered': {'date': '2004-07-04T20:16:29.373Z', 'age': 19}, 'phone': '(258)-283-7492', 'cell': '(386)-584-7981', 'id': {'name': '', 'value': None}, 'picture': {'large': 'https://randomuser.me/api/portraits/men/36.jpg', 'medium': 'https://randomuser.me/api/portraits/med/men/36.jpg', 'thumbnail': 'https://randomuser.me/api/portraits/thumb/men/36.jpg'}, 'nat': 'TR'}</msg>
<arg>${json_data['results'][0]}</arg>
<doc>Logs the given message with the given level.</doc>
<status status="PASS" start="2024-05-06T20:14:41.138130" elapsed="0.000414"/>
</kw>
<kw name="Log" owner="BuiltIn">
<msg time="2024-05-06T20:14:41.138969" level="INFO">login</msg>
<arg>${key}</arg>
<doc>Logs the given message with the given level.</doc>
<status status="PASS" start="2024-05-06T20:14:41.138845" elapsed="0.000160"/>
</kw>
<var name="${key}">login</var>
<status status="PASS" start="2024-05-06T20:14:41.137320" elapsed="0.001918"/>
</iter>
<var>${key}</var>
<value>@{expected_keys}</value>
<status status="PASS" start="2024-05-06T20:14:41.128574" elapsed="0.010789"/>
</for>
<kw name="Create List" owner="BuiltIn">
<msg time="2024-05-06T20:14:41.139689" level="INFO">${expected_keysTwo} = ['username', 'password']</msg>
<var>${expected_keysTwo}</var>
<arg>username</arg>
<arg>password</arg>
<doc>Returns a list containing given items.</doc>
<status status="PASS" start="2024-05-06T20:14:41.139554" elapsed="0.000159"/>
</kw>
<for flavor="IN">
<iter>
<kw name="Dictionary Should Contain Key" owner="Collections">
<msg time="2024-05-06T20:14:41.140615" level="INFO">False</msg>
<arg>${json_data['results'][0]['login']}</arg>
<arg>${keyTwo}</arg>
<doc>Fails if ``key`` is not found from ``dictionary``.</doc>
<status status="PASS" start="2024-05-06T20:14:41.140225" elapsed="0.000426"/>
</kw>
<kw name="Dictionary Should Contain Key" owner="Collections">
<msg time="2024-05-06T20:14:41.141313" level="INFO">False</msg>
<arg>${json_data['results'][0]['login']}</arg>
<arg>${keyTwo}</arg>
<doc>Fails if ``key`` is not found from ``dictionary``.</doc>
<status status="PASS" start="2024-05-06T20:14:41.140942" elapsed="0.000408"/>
</kw>
<kw name="Log" owner="BuiltIn">
<msg time="2024-05-06T20:14:41.141769" level="INFO">username</msg>
<arg>${keyTwo}</arg>
<doc>Logs the given message with the given level.</doc>
<status status="PASS" start="2024-05-06T20:14:41.141645" elapsed="0.000164"/>
</kw>
<var name="${keyTwo}">username</var>
<status status="PASS" start="2024-05-06T20:14:41.140096" elapsed="0.001923"/>
</iter>
<iter>
<kw name="Dictionary Should Contain Key" owner="Collections">
<msg time="2024-05-06T20:14:41.142681" level="INFO">False</msg>
<arg>${json_data['results'][0]['login']}</arg>
<arg>${keyTwo}</arg>
<doc>Fails if ``key`` is not found from ``dictionary``.</doc>
<status status="PASS" start="2024-05-06T20:14:41.142305" elapsed="0.000412"/>
</kw>
<kw name="Dictionary Should Contain Key" owner="Collections">
<msg time="2024-05-06T20:14:41.143457" level="INFO">False</msg>
<arg>${json_data['results'][0]['login']}</arg>
<arg>${keyTwo}</arg>
<doc>Fails if ``key`` is not found from ``dictionary``.</doc>
<status status="PASS" start="2024-05-06T20:14:41.143003" elapsed="0.000493"/>
</kw>
<kw name="Log" owner="BuiltIn">
<msg time="2024-05-06T20:14:41.143917" level="INFO">password</msg>
<arg>${keyTwo}</arg>
<doc>Logs the given message with the given level.</doc>
<status status="PASS" start="2024-05-06T20:14:41.143789" elapsed="0.000165"/>
</kw>
<var name="${keyTwo}">password</var>
<status status="PASS" start="2024-05-06T20:14:41.142195" elapsed="0.001972"/>
</iter>
<var>${keyTwo}</var>
<value>@{expected_keysTwo}</value>
<status status="PASS" start="2024-05-06T20:14:41.139947" elapsed="0.004361"/>
</for>
<status status="PASS" start="2024-05-06T20:14:41.019023" elapsed="0.125426"/>
</kw>
<doc>Testa a estrutura da resposta da API.</doc>
<tag>testeEstruturaResposta</tag>
<status status="PASS" start="2024-05-06T20:14:41.018498" elapsed="0.126111"/>
</test>
<test id="s1-s1-t4" name="Validar tipos de dados" line="28">
<kw name="Teste de Tipos de Dados" owner="random-user-service">
<kw name="GET On Session" owner="RequestsLibrary">
<msg time="2024-05-06T20:14:41.249147" level="INFO">GET Request : url=https://randomuser.me/api 
 path_url=/api 
 headers={'User-Agent': 'python-requests/2.31.0', 'Accept-Encoding': 'gzip, deflate', 'Accept': '*/*', 'Connection': 'keep-alive'} 
 body=None 
 </msg>
<msg time="2024-05-06T20:14:41.249247" level="INFO">GET Response : url=https://randomuser.me/api 
 status=200, reason=OK 
 headers={'Date': 'Mon, 06 May 2024 20:14:41 GMT', 'Content-Type': 'application/json; charset=utf-8', 'Transfer-Encoding': 'chunked', 'Connection': 'keep-alive', 'X-Powered-By': 'Express', 'Access-Control-Allow-Origin': '*', 'Cache-Control': 'no-cache', 'ETag': 'W/"476-4irFQ3NA+0iiTf2cKzfeYsIcX/U"', 'Vary': 'Accept-Encoding', 'Content-Encoding': 'gzip', 'CF-Cache-Status': 'DYNAMIC', 'Report-To': '{"endpoints":[{"url":"https:\\/\\/a.nel.cloudflare.com\\/report\\/v4?s=dE5%2BSfXinxCwOZpi6vVqqm3t%2BwOo%2FVuflg5EBhWMekYNDjZKF%2Fsjnb2S6lMTe%2FhWQkYirnu6nK7OHBuXlNfclAvTKCpMnER8FKJWtuSUF5LWu7RpzYqnj0bKPv304UcK"}],"group":"cf-nel","max_age":604800}', 'NEL': '{"success_fraction":0,"report_to":"cf-nel","max_age":604800}', 'Server': 'cloudflare', 'CF-RAY': '87fba3533c2f2f26-LAX', 'alt-svc': 'h3=":443"; ma=86400'} 
 body={"results":[{"gender":"male","name":{"title":"Mr","first":"Raghav","last":"Saha"},"location":{"street":{"number":1047,"name":"Shivajinagar"},"city":"Nagaon","state":"Mizoram","country":"India","postcode":46489,"coordinates":{"latitude":"12.5357","longitude":"-163.5358"},"timezone":{"offset":"-12:00","description":"Eniwetok, Kwajalein"}},"email":"raghav.saha@example.com","login":{"uuid":"bc01eaa6-ba5d-4318-ad89-454b3669d96f","username":"orangemouse367","password":"stafford","salt":"SPx3lhHB","md5":"5be7cd3bb2f716d9b0ca2869655199b0","sha1":"13be00e05a2ffcc4ee50b31b7821cff1d01e2b7e","sha256":"759625b2e5eace748df102c11cbd916158630ab34ec0f3881acc05c80fdd72a1"},"dob":{"date":"1963-09-21T07:09:58.305Z","age":60},"registered":{"date":"2007-05-26T08:33:05.009Z","age":16},"phone":"7445863998","cell":"9408764400","id":{"name":"UIDAI","value":"174250666096"},"picture":{"large":"https://randomuser.me/api/portraits/men/71.jpg","medium":"https://randomuser.me/api/portraits/med/men/71.jpg","thumbnail":"https://randomuser.me/api/portraits/thumb/men/71.jpg"},"nat":"IN"}],"info":{"seed":"c8db50cf1f2676ba","results":1,"page":1,"version":"1.4"}} 
 </msg>
<msg time="2024-05-06T20:14:41.249322" level="INFO">/opt/hostedtoolcache/Python/3.12.3/x64/lib/python3.12/site-packages/urllib3/connectionpool.py:1103: InsecureRequestWarning: Unverified HTTPS request is being made to host 'randomuser.me'. Adding certificate verification is strongly advised. See: https://urllib3.readthedocs.io/en/latest/advanced-usage.html#tls-warnings
  warnings.warn(</msg>
<msg time="2024-05-06T20:14:41.249447" level="INFO">${response} = &lt;Response [200]&gt;</msg>
<var>${response}</var>
<arg>consultarAPI</arg>
<arg>/api</arg>
<doc>Sends a GET request on a previously created HTTP Session.</doc>
<status status="PASS" start="2024-05-06T20:14:41.147177" elapsed="0.102311"/>
</kw>
<kw name="Set Variable" owner="BuiltIn">
<msg time="2024-05-06T20:14:41.250795" level="INFO">${json_data} = {'results': [{'gender': 'male', 'name': {'title': 'Mr', 'first': 'Raghav', 'last': 'Saha'}, 'location': {'street': {'number': 1047, 'name': 'Shivajinagar'}, 'city': 'Nagaon', 'state': 'Mizoram', 'coun...</msg>
<var>${json_data}</var>
<arg>${response.json()}</arg>
<doc>Returns the given values which can then be assigned to a variables.</doc>
<status status="PASS" start="2024-05-06T20:14:41.250188" elapsed="0.000635"/>
</kw>
<kw name="Log" owner="BuiltIn">
<msg time="2024-05-06T20:14:41.251281" level="INFO">{'results': [{'gender': 'male', 'name': {'title': 'Mr', 'first': 'Raghav', 'last': 'Saha'}, 'location': {'street': {'number': 1047, 'name': 'Shivajinagar'}, 'city': 'Nagaon', 'state': 'Mizoram', 'country': 'India', 'postcode': 46489, 'coordinates': {'latitude': '12.5357', 'longitude': '-163.5358'}, 'timezone': {'offset': '-12:00', 'description': 'Eniwetok, Kwajalein'}}, 'email': 'raghav.saha@example.com', 'login': {'uuid': 'bc01eaa6-ba5d-4318-ad89-454b3669d96f', 'username': 'orangemouse367', 'password': 'stafford', 'salt': 'SPx3lhHB', 'md5': '5be7cd3bb2f716d9b0ca2869655199b0', 'sha1': '13be00e05a2ffcc4ee50b31b7821cff1d01e2b7e', 'sha256': '759625b2e5eace748df102c11cbd916158630ab34ec0f3881acc05c80fdd72a1'}, 'dob': {'date': '1963-09-21T07:09:58.305Z', 'age': 60}, 'registered': {'date': '2007-05-26T08:33:05.009Z', 'age': 16}, 'phone': '7445863998', 'cell': '9408764400', 'id': {'name': 'UIDAI', 'value': '174250666096'}, 'picture': {'large': 'https://randomuser.me/api/portraits/men/71.jpg', 'medium': 'https://randomuser.me/api/portraits/med/men/71.jpg', 'thumbnail': 'https://randomuser.me/api/portraits/thumb/men/71.jpg'}, 'nat': 'IN'}], 'info': {'seed': 'c8db50cf1f2676ba', 'results': 1, 'page': 1, 'version': '1.4'}}</msg>
<arg>${json_data}</arg>
<doc>Logs the given message with the given level.</doc>
<status status="PASS" start="2024-05-06T20:14:41.251128" elapsed="0.000237"/>
</kw>
<kw name="Should Be String" owner="String">
<arg>${json_data['results'][0]['gender']}</arg>
<doc>Fails if the given ``item`` is not a string.</doc>
<status status="PASS" start="2024-05-06T20:14:41.251656" elapsed="0.000365"/>
</kw>
<kw name="Should Match Regexp" owner="BuiltIn">
<arg>${json_data['results'][0]['email']}</arg>
<arg>^[a-zA-Z0-9._%+-]+@[a-zA-Z0-9.-]+\.[a-zA-Z]{2,}$</arg>
<doc>Fails if ``string`` does not match ``pattern`` as a regular expression.</doc>
<status status="PASS" start="2024-05-06T20:14:41.252246" elapsed="0.000530"/>
</kw>
<kw name="Should Match Regexp" owner="BuiltIn">
<arg>${json_data['results'][0]['dob']['date']}</arg>
<arg>\\d{4}-\\d{2}-\\d{2}T\\d{2}:\\d{2}:\\d{2}\\.\\d{3}Z</arg>
<doc>Fails if ``string`` does not match ``pattern`` as a regular expression.</doc>
<status status="PASS" start="2024-05-06T20:14:41.252970" elapsed="0.000492"/>
</kw>
<kw name="Should Match Regexp" owner="BuiltIn">
<arg>${json_data['results'][0]['registered']['date']}</arg>
<arg>\\d{4}-\\d{2}-\\d{2}T\\d{2}:\\d{2}:\\d{2}\\.\\d{3}Z</arg>
<doc>Fails if ``string`` does not match ``pattern`` as a regular expression.</doc>
<status status="PASS" start="2024-05-06T20:14:41.253650" elapsed="0.000360"/>
</kw>
<kw name="Should Match Regexp" owner="BuiltIn">
<arg>${json_data['results'][0]['picture']['large']}</arg>
<arg>^https?://.*\.(?:png|jpe?g|gif|bmp)$</arg>
<doc>Fails if ``string`` does not match ``pattern`` as a regular expression.</doc>
<status status="PASS" start="2024-05-06T20:14:41.254193" elapsed="0.000462"/>
</kw>
<kw name="Should Match Regexp" owner="BuiltIn">
<arg>${json_data['results'][0]['picture']['medium']}</arg>
<arg>^https?://.*\.(?:png|jpe?g|gif|bmp)$</arg>
<doc>Fails if ``string`` does not match ``pattern`` as a regular expression.</doc>
<status status="PASS" start="2024-05-06T20:14:41.254841" elapsed="0.000355"/>
</kw>
<kw name="Should Match Regexp" owner="BuiltIn">
<arg>${json_data['results'][0]['picture']['thumbnail']}</arg>
<arg>^https?://.*\.(?:png|jpe?g|gif|bmp)$</arg>
<doc>Fails if ``string`` does not match ``pattern`` as a regular expression.</doc>
<status status="PASS" start="2024-05-06T20:14:41.255384" elapsed="0.000346"/>
</kw>
<kw name="Log" owner="BuiltIn">
<msg time="2024-05-06T20:14:41.256260" level="INFO">{'large': 'https://randomuser.me/api/portraits/men/71.jpg', 'medium': 'https://randomuser.me/api/portraits/med/men/71.jpg', 'thumbnail': 'https://randomuser.me/api/portraits/thumb/men/71.jpg'}</msg>
<arg>${json_data['results'][0]['picture']}</arg>
<doc>Logs the given message with the given level.</doc>
<status status="PASS" start="2024-05-06T20:14:41.255909" elapsed="0.000400"/>
</kw>
<status status="PASS" start="2024-05-06T20:14:41.146945" elapsed="0.109631"/>
</kw>
<kw name="Teste de Tipos de Dados - Postcode" owner="random-user-service">
<kw name="GET On Session" owner="RequestsLibrary">
<msg time="2024-05-06T20:14:41.363156" level="INFO">GET Request : url=https://randomuser.me/api 
 path_url=/api 
 headers={'User-Agent': 'python-requests/2.31.0', 'Accept-Encoding': 'gzip, deflate', 'Accept': '*/*', 'Connection': 'keep-alive'} 
 body=None 
 </msg>
<msg time="2024-05-06T20:14:41.363256" level="INFO">GET Response : url=https://randomuser.me/api 
 status=200, reason=OK 
 headers={'Date': 'Mon, 06 May 2024 20:14:41 GMT', 'Content-Type': 'application/json; charset=utf-8', 'Transfer-Encoding': 'chunked', 'Connection': 'keep-alive', 'X-Powered-By': 'Express', 'Access-Control-Allow-Origin': '*', 'Cache-Control': 'no-cache', 'ETag': 'W/"48d-/Cs0/sbKvzgOs94QdqbO644186M"', 'Vary': 'Accept-Encoding', 'Content-Encoding': 'gzip', 'CF-Cache-Status': 'DYNAMIC', 'Report-To': '{"endpoints":[{"url":"https:\\/\\/a.nel.cloudflare.com\\/report\\/v4?s=8oXVkt6Ho5DfMNq7BG%2B6oGtgQOeG6XIx5dxZoYard0%2BnERtiK%2B6vJMZe79MocLUFtRKg5m3rN6TQZt4%2FW%2FlSDbBjwxBLkFWdhULUZLMK9XGMXVCgAykeoC3VENUR5ukY"}],"group":"cf-nel","max_age":604800}', 'NEL': '{"success_fraction":0,"report_to":"cf-nel","max_age":604800}', 'Server': 'cloudflare', 'CF-RAY': '87fba353ed1e2f26-LAX', 'alt-svc': 'h3=":443"; ma=86400'} 
 body={"results":[{"gender":"female","name":{"title":"Mrs","first":"Nicoline","last":"Nielsen"},"location":{"street":{"number":486,"name":"Industrivej"},"city":"Lemvig","state":"Syddanmark","country":"Denmark","postcode":81819,"coordinates":{"latitude":"-42.0605","longitude":"13.8003"},"timezone":{"offset":"-8:00","description":"Pacific Time (US &amp; Canada)"}},"email":"nicoline.nielsen@example.com","login":{"uuid":"b972067f-c9e4-4bd8-ab31-61c4646579f7","username":"beautifulgoose164","password":"christma","salt":"K6rQ2IBT","md5":"569f33fb7c19699cdf9d33e177e4141f","sha1":"7ec0f6ccd6e1000bf523e8fcc79fc1f6cc76d1e4","sha256":"b29fb94ed7521da6271e73fe19ce58814b7e12f65d20fd848faef88f03320591"},"dob":{"date":"1989-06-01T06:31:10.820Z","age":34},"registered":{"date":"2007-06-02T17:45:41.141Z","age":16},"phone":"23346941","cell":"60490114","id":{"name":"CPR","value":"010689-1696"},"picture":{"large":"https://randomuser.me/api/portraits/women/37.jpg","medium":"https://randomuser.me/api/portraits/med/women/37.jpg","thumbnail":"https://randomuser.me/api/portraits/thumb/women/37.jpg"},"nat":"DK"}],"info":{"seed":"a16cc9b8d67d212f","results":1,"page":1,"version":"1.4"}} 
 </msg>
<msg time="2024-05-06T20:14:41.363342" level="INFO">/opt/hostedtoolcache/Python/3.12.3/x64/lib/python3.12/site-packages/urllib3/connectionpool.py:1103: InsecureRequestWarning: Unverified HTTPS request is being made to host 'randomuser.me'. Adding certificate verification is strongly advised. See: https://urllib3.readthedocs.io/en/latest/advanced-usage.html#tls-warnings
  warnings.warn(</msg>
<msg time="2024-05-06T20:14:41.363452" level="INFO">${response} = &lt;Response [200]&gt;</msg>
<var>${response}</var>
<arg>consultarAPI</arg>
<arg>/api</arg>
<doc>Sends a GET request on a previously created HTTP Session.</doc>
<status status="PASS" start="2024-05-06T20:14:41.257044" elapsed="0.106446"/>
</kw>
<kw name="Set Variable" owner="BuiltIn">
<msg time="2024-05-06T20:14:41.364822" level="INFO">${json_data} = {'results': [{'gender': 'female', 'name': {'title': 'Mrs', 'first': 'Nicoline', 'last': 'Nielsen'}, 'location': {'street': {'number': 486, 'name': 'Industrivej'}, 'city': 'Lemvig', 'state': 'Syddanmar...</msg>
<var>${json_data}</var>
<arg>${response.json()}</arg>
<doc>Returns the given values which can then be assigned to a variables.</doc>
<status status="PASS" start="2024-05-06T20:14:41.364112" elapsed="0.000738"/>
</kw>
<kw name="Log" owner="BuiltIn">
<msg time="2024-05-06T20:14:41.365305" level="INFO">{'results': [{'gender': 'female', 'name': {'title': 'Mrs', 'first': 'Nicoline', 'last': 'Nielsen'}, 'location': {'street': {'number': 486, 'name': 'Industrivej'}, 'city': 'Lemvig', 'state': 'Syddanmark', 'country': 'Denmark', 'postcode': 81819, 'coordinates': {'latitude': '-42.0605', 'longitude': '13.8003'}, 'timezone': {'offset': '-8:00', 'description': 'Pacific Time (US &amp; Canada)'}}, 'email': 'nicoline.nielsen@example.com', 'login': {'uuid': 'b972067f-c9e4-4bd8-ab31-61c4646579f7', 'username': 'beautifulgoose164', 'password': 'christma', 'salt': 'K6rQ2IBT', 'md5': '569f33fb7c19699cdf9d33e177e4141f', 'sha1': '7ec0f6ccd6e1000bf523e8fcc79fc1f6cc76d1e4', 'sha256': 'b29fb94ed7521da6271e73fe19ce58814b7e12f65d20fd848faef88f03320591'}, 'dob': {'date': '1989-06-01T06:31:10.820Z', 'age': 34}, 'registered': {'date': '2007-06-02T17:45:41.141Z', 'age': 16}, 'phone': '23346941', 'cell': '60490114', 'id': {'name': 'CPR', 'value': '010689-1696'}, 'picture': {'large': 'https://randomuser.me/api/portraits/women/37.jpg', 'medium': 'https://randomuser.me/api/portraits/med/women/37.jpg', 'thumbnail': 'https://randomuser.me/api/portraits/thumb/women/37.jpg'}, 'nat': 'DK'}], 'info': {'seed': 'a16cc9b8d67d212f', 'results': 1, 'page': 1, 'version': '1.4'}}</msg>
<arg>${json_data}</arg>
<doc>Logs the given message with the given level.</doc>
<status status="PASS" start="2024-05-06T20:14:41.365153" elapsed="0.000232"/>
</kw>
<kw name="Should Be Equal As Numbers" owner="BuiltIn">
<arg>${json_data['results'][0]['location']['postcode']}</arg>
<arg>${json_data['results'][0]['location']['postcode']}</arg>
<doc>Fails if objects are unequal after converting them to real numbers.</doc>
<status status="PASS" start="2024-05-06T20:14:41.365688" elapsed="0.000793"/>
</kw>
<kw name="Log" owner="BuiltIn">
<msg time="2024-05-06T20:14:41.367009" level="INFO">81819</msg>
<arg>${json_data['results'][0]['location']['postcode']}</arg>
<doc>Logs the given message with the given level.</doc>
<status status="PASS" start="2024-05-06T20:14:41.366673" elapsed="0.000375"/>
</kw>
<status status="PASS" start="2024-05-06T20:14:41.256810" elapsed="0.110487"/>
</kw>
<doc>Testa se os tipos de dados na resposta da API estão corretos.</doc>
<tag>testeTiposDados</tag>
<status status="PASS" start="2024-05-06T20:14:41.146385" elapsed="0.221077"/>
</test>
<test id="s1-s1-t5" name="Validar conteudo" line="35">
<kw name="Teste de Tipos de Conteudo" owner="random-user-service">
<kw name="GET On Session" owner="RequestsLibrary">
<msg time="2024-05-06T20:14:41.470921" level="INFO">GET Request : url=https://randomuser.me/api 
 path_url=/api 
 headers={'User-Agent': 'python-requests/2.31.0', 'Accept-Encoding': 'gzip, deflate', 'Accept': '*/*', 'Connection': 'keep-alive'} 
 body=None 
 </msg>
<msg time="2024-05-06T20:14:41.471021" level="INFO">GET Response : url=https://randomuser.me/api 
 status=200, reason=OK 
 headers={'Date': 'Mon, 06 May 2024 20:14:41 GMT', 'Content-Type': 'application/json; charset=utf-8', 'Transfer-Encoding': 'chunked', 'Connection': 'keep-alive', 'X-Powered-By': 'Express', 'Access-Control-Allow-Origin': '*', 'Cache-Control': 'no-cache', 'ETag': 'W/"46a-zLm21TIFwf4kINz80cecAQy9x8A"', 'Vary': 'Accept-Encoding', 'Content-Encoding': 'gzip', 'CF-Cache-Status': 'DYNAMIC', 'Report-To': '{"endpoints":[{"url":"https:\\/\\/a.nel.cloudflare.com\\/report\\/v4?s=DlbcRyN%2BWyUA%2B9qoXurZACAJ7zjGnTIpSsOmvMwEjc%2BuTalngKnmXLSccF7WTY39Nld%2BTfkuBR8WRc1zPuC%2F0jz6POPu3wCbY7%2B%2FllF1s2qQVgai4YBivHur2VLriWX2"}],"group":"cf-nel","max_age":604800}', 'NEL': '{"success_fraction":0,"report_to":"cf-nel","max_age":604800}', 'Server': 'cloudflare', 'CF-RAY': '87fba3549dfe2f26-LAX', 'alt-svc': 'h3=":443"; ma=86400'} 
 body={"results":[{"gender":"male","name":{"title":"Mr","first":"Martin","last":"Stewart"},"location":{"street":{"number":2683,"name":"School Lane"},"city":"Tullamore","state":"Carlow","country":"Ireland","postcode":50413,"coordinates":{"latitude":"-1.1410","longitude":"-44.8270"},"timezone":{"offset":"+3:30","description":"Tehran"}},"email":"martin.stewart@example.com","login":{"uuid":"ae94be07-ca71-40ce-a6f8-59cb806cea10","username":"yellowlion387","password":"hippie","salt":"XNChbV6O","md5":"9a020ad51e26b3c0ccd4c74e42648c91","sha1":"af139b8d0ded33ce351637df78dc40f997ae8b1c","sha256":"f49fc9b1c76feaecc74964ce2f1c6a4d6034bfd1b01c57609fefbed4b1d58252"},"dob":{"date":"1978-10-08T05:51:45.712Z","age":45},"registered":{"date":"2018-08-08T16:19:04.709Z","age":5},"phone":"041-047-9600","cell":"081-794-0407","id":{"name":"PPS","value":"5312293T"},"picture":{"large":"https://randomuser.me/api/portraits/men/69.jpg","medium":"https://randomuser.me/api/portraits/med/men/69.jpg","thumbnail":"https://randomuser.me/api/portraits/thumb/men/69.jpg"},"nat":"IE"}],"info":{"seed":"d1fe9949d691e7d0","results":1,"page":1,"version":"1.4"}} 
 </msg>
<msg time="2024-05-06T20:14:41.471096" level="INFO">/opt/hostedtoolcache/Python/3.12.3/x64/lib/python3.12/site-packages/urllib3/connectionpool.py:1103: InsecureRequestWarning: Unverified HTTPS request is being made to host 'randomuser.me'. Adding certificate verification is strongly advised. See: https://urllib3.readthedocs.io/en/latest/advanced-usage.html#tls-warnings
  warnings.warn(</msg>
<msg time="2024-05-06T20:14:41.471226" level="INFO">${response} = &lt;Response [200]&gt;</msg>
<var>${response}</var>
<arg>consultarAPI</arg>
<arg>/api</arg>
<doc>Sends a GET request on a previously created HTTP Session.</doc>
<status status="PASS" start="2024-05-06T20:14:41.370016" elapsed="0.101250"/>
</kw>
<kw name="Set Variable" owner="BuiltIn">
<msg time="2024-05-06T20:14:41.472555" level="INFO">${json_data} = {'results': [{'gender': 'male', 'name': {'title': 'Mr', 'first': 'Martin', 'last': 'Stewart'}, 'location': {'street': {'number': 2683, 'name': 'School Lane'}, 'city': 'Tullamore', 'state': 'Carlow', '...</msg>
<var>${json_data}</var>
<arg>${response.json()}</arg>
<doc>Returns the given values which can then be assigned to a variables.</doc>
<status status="PASS" start="2024-05-06T20:14:41.471927" elapsed="0.000657"/>
</kw>
<kw name="Set Variable" owner="BuiltIn">
<msg time="2024-05-06T20:14:41.473288" level="INFO">${name_title} = Mr</msg>
<var>${name_title}</var>
<arg>${json_data["results"][0]["name"]["title"]}</arg>
<doc>Returns the given values which can then be assigned to a variables.</doc>
<status status="PASS" start="2024-05-06T20:14:41.472897" elapsed="0.000417"/>
</kw>
<kw name="Create List" owner="BuiltIn">
<msg time="2024-05-06T20:14:41.473754" level="INFO">${allowed_titles} = ['Mr', 'Ms', 'Miss', 'Mrs', 'Madame', 'Monsieur']</msg>
<var>${allowed_titles}</var>
<arg>Mr</arg>
<arg>Ms</arg>
<arg>Miss</arg>
<arg>Mrs</arg>
<arg>Madame</arg>
<arg>Monsieur</arg>
<doc>Returns a list containing given items.</doc>
<status status="PASS" start="2024-05-06T20:14:41.473609" elapsed="0.000169"/>
</kw>
<kw name="List Should Contain Value" owner="Collections">
<msg time="2024-05-06T20:14:41.474243" level="INFO">False</msg>
<arg>${allowed_titles}</arg>
<arg>${name_title}</arg>
<doc>Fails if the ``value`` is not found from ``list``.</doc>
<status status="PASS" start="2024-05-06T20:14:41.474072" elapsed="0.000207"/>
</kw>
<kw name="Set Variable" owner="BuiltIn">
<msg time="2024-05-06T20:14:41.474948" level="INFO">${name_country} = IE</msg>
<var>${name_country}</var>
<arg>${json_data["results"][0]["nat"]}</arg>
<doc>Returns the given values which can then be assigned to a variables.</doc>
<status status="PASS" start="2024-05-06T20:14:41.474567" elapsed="0.000405"/>
</kw>
<kw name="Create List" owner="BuiltIn">
<msg time="2024-05-06T20:14:41.475863" level="INFO">${list_country} = ['AD', 'AE', 'AF', 'AG', 'AI', 'AL', 'AM', 'AO', 'AQ', 'AR', 'AS', 'AT', 'AU', 'AW', 'AX', 'AZ', 'BA', 'BB', 'BD', 'BE', 'BF', 'BG', 'BH', 'BI', 'BJ', 'BL', 'BM', 'BN', 'BO', 'BQ', 'BR', 'BS', 'BT', '...</msg>
<var>${list_country}</var>
<arg>AD</arg>
<arg>AE</arg>
<arg>AF</arg>
<arg>AG</arg>
<arg>AI</arg>
<arg>AL</arg>
<arg>AM</arg>
<arg>AO</arg>
<arg>AQ</arg>
<arg>AR</arg>
<arg>AS</arg>
<arg>AT</arg>
<arg>AU</arg>
<arg>AW</arg>
<arg>AX</arg>
<arg>AZ</arg>
<arg>BA</arg>
<arg>BB</arg>
<arg>BD</arg>
<arg>BE</arg>
<arg>BF</arg>
<arg>BG</arg>
<arg>BH</arg>
<arg>BI</arg>
<arg>BJ</arg>
<arg>BL</arg>
<arg>BM</arg>
<arg>BN</arg>
<arg>BO</arg>
<arg>BQ</arg>
<arg>BR</arg>
<arg>BS</arg>
<arg>BT</arg>
<arg>BV</arg>
<arg>BW</arg>
<arg>BY</arg>
<arg>BZ</arg>
<arg>CA</arg>
<arg>CC</arg>
<arg>CD</arg>
<arg>CF</arg>
<arg>CG</arg>
<arg>CH</arg>
<arg>CI</arg>
<arg>CK</arg>
<arg>CL</arg>
<arg>CM</arg>
<arg>CN</arg>
<arg>CO</arg>
<arg>CR</arg>
<arg>CU</arg>
<arg>CV</arg>
<arg>CW</arg>
<arg>CX</arg>
<arg>CY</arg>
<arg>CZ</arg>
<arg>DE</arg>
<arg>DJ</arg>
<arg>DK</arg>
<arg>DM</arg>
<arg>DO</arg>
<arg>DZ</arg>
<arg>EC</arg>
<arg>EE</arg>
<arg>EG</arg>
<arg>EH</arg>
<arg>ER</arg>
<arg>ES</arg>
<arg>ET</arg>
<arg>FI</arg>
<arg>FJ</arg>
<arg>FK</arg>
<arg>FM</arg>
<arg>FO</arg>
<arg>FR</arg>
<arg>GA</arg>
<arg>GB</arg>
<arg>GD</arg>
<arg>GE</arg>
<arg>GF</arg>
<arg>GG</arg>
<arg>GH</arg>
<arg>GI</arg>
<arg>GL</arg>
<arg>GM</arg>
<arg>GN</arg>
<arg>GP</arg>
<arg>GQ</arg>
<arg>GR</arg>
<arg>GS</arg>
<arg>GT</arg>
<arg>GU</arg>
<arg>GW</arg>
<arg>GY</arg>
<arg>HK</arg>
<arg>HM</arg>
<arg>HN</arg>
<arg>HR</arg>
<arg>HT</arg>
<arg>HU</arg>
<arg>ID</arg>
<arg>IE</arg>
<arg>IL</arg>
<arg>IM</arg>
<arg>IN</arg>
<arg>IO</arg>
<arg>IQ</arg>
<arg>IR</arg>
<arg>IS</arg>
<arg>IT</arg>
<arg>JE</arg>
<arg>JM</arg>
<arg>JO</arg>
<arg>JP</arg>
<arg>KE</arg>
<arg>KG</arg>
<arg>KH</arg>
<arg>KI</arg>
<arg>KM</arg>
<arg>KN</arg>
<arg>KP</arg>
<arg>KR</arg>
<arg>KW</arg>
<arg>KY</arg>
<arg>KZ</arg>
<arg>LA</arg>
<arg>LB</arg>
<arg>LC</arg>
<arg>LI</arg>
<arg>LK</arg>
<arg>LR</arg>
<arg>LS</arg>
<arg>LT</arg>
<arg>LU</arg>
<arg>LV</arg>
<arg>LY</arg>
<arg>MA</arg>
<arg>MC</arg>
<arg>MD</arg>
<arg>ME</arg>
<arg>MF</arg>
<arg>MG</arg>
<arg>MH</arg>
<arg>MK</arg>
<arg>ML</arg>
<arg>MM</arg>
<arg>MN</arg>
<arg>MO</arg>
<arg>MP</arg>
<arg>MQ</arg>
<arg>MR</arg>
<arg>MS</arg>
<arg>MT</arg>
<arg>MU</arg>
<arg>MV</arg>
<arg>MW</arg>
<arg>MX</arg>
<arg>MY</arg>
<arg>MZ</arg>
<arg>NA</arg>
<arg>NC</arg>
<arg>NE</arg>
<arg>NF</arg>
<arg>NG</arg>
<arg>NI</arg>
<arg>NL</arg>
<arg>NO</arg>
<arg>NP</arg>
<arg>NR</arg>
<arg>NU</arg>
<arg>NZ</arg>
<arg>OM</arg>
<arg>PA</arg>
<arg>PE</arg>
<arg>PF</arg>
<arg>PG</arg>
<arg>PH</arg>
<arg>PK</arg>
<arg>PL</arg>
<arg>PM</arg>
<arg>PN</arg>
<arg>PR</arg>
<arg>PS</arg>
<arg>PT</arg>
<arg>PW</arg>
<arg>PY</arg>
<arg>QA</arg>
<arg>RE</arg>
<arg>RO</arg>
<arg>RS</arg>
<arg>RU</arg>
<arg>RW</arg>
<arg>SA</arg>
<arg>SB</arg>
<arg>SC</arg>
<arg>SD</arg>
<arg>SE</arg>
<arg>SG</arg>
<arg>SH</arg>
<arg>SI</arg>
<arg>SJ</arg>
<arg>SK</arg>
<arg>SL</arg>
<arg>SM</arg>
<arg>SN</arg>
<arg>SO</arg>
<arg>SR</arg>
<arg>SS</arg>
<arg>ST</arg>
<arg>SV</arg>
<arg>SX</arg>
<arg>SY</arg>
<arg>SZ</arg>
<arg>TC</arg>
<arg>TD</arg>
<arg>TF</arg>
<arg>TG</arg>
<arg>TH</arg>
<arg>TJ</arg>
<arg>TK</arg>
<arg>TL</arg>
<arg>TM</arg>
<arg>TN</arg>
<arg>TO</arg>
<arg>TR</arg>
<arg>TT</arg>
<arg>TV</arg>
<arg>TW</arg>
<arg>TZ</arg>
<arg>UA</arg>
<arg>UG</arg>
<arg>UM</arg>
<arg>US</arg>
<arg>UY</arg>
<arg>UZ</arg>
<arg>VA</arg>
<arg>VC</arg>
<arg>VE</arg>
<arg>VG</arg>
<arg>VI</arg>
<arg>VN</arg>
<arg>VU</arg>
<arg>WF</arg>
<arg>WS</arg>
<arg>XK</arg>
<arg>YE</arg>
<arg>YT</arg>
<arg>ZA</arg>
<arg>ZM</arg>
<arg>ZW</arg>
<doc>Returns a list containing given items.</doc>
<status status="PASS" start="2024-05-06T20:14:41.475273" elapsed="0.000615"/>
</kw>
<kw name="List Should Contain Value" owner="Collections">
<msg time="2024-05-06T20:14:41.476904" level="INFO">False</msg>
<arg>${list_country}</arg>
<arg>${name_country}</arg>
<doc>Fails if the ``value`` is not found from ``list``.</doc>
<status status="PASS" start="2024-05-06T20:14:41.476707" elapsed="0.000233"/>
</kw>
<kw name="Run Keyword If" owner="BuiltIn">
<kw name="Should Be True" owner="BuiltIn">
<arg>${True}</arg>
<doc>Fails if the given condition is not true.</doc>
<status status="PASS" start="2024-05-06T20:14:41.478013" elapsed="0.000144"/>
</kw>
<arg>${json_data["results"][0]["location"]["coordinates"]["latitude"]} &gt;= -90 and ${json_data["results"][0]["location"]["coordinates"]["latitude"]} &lt;= 90</arg>
<arg>Should Be True</arg>
<arg>${True}</arg>
<doc>Runs the given keyword with the given arguments, if ``condition`` is true.</doc>
<status status="PASS" start="2024-05-06T20:14:41.477249" elapsed="0.001034"/>
</kw>
<kw name="Run Keyword If" owner="BuiltIn">
<kw name="Should Be True" owner="BuiltIn">
<arg>${True}</arg>
<doc>Fails if the given condition is not true.</doc>
<status status="PASS" start="2024-05-06T20:14:41.479166" elapsed="0.000259"/>
</kw>
<arg>${json_data["results"][0]["location"]["coordinates"]["longitude"]} &gt;= -180 and ${json_data["results"][0]["location"]["coordinates"]["longitude"]} &lt;= 180</arg>
<arg>Should Be True</arg>
<arg>${True}</arg>
<doc>Runs the given keyword with the given arguments, if ``condition`` is true.</doc>
<status status="PASS" start="2024-05-06T20:14:41.478466" elapsed="0.001085"/>
</kw>
<status status="PASS" start="2024-05-06T20:14:41.369791" elapsed="0.109892"/>
</kw>
<doc>Testa o conteúdo específico dos campos retornados pela API.</doc>
<tag>testeConteudo</tag>
<status status="PASS" start="2024-05-06T20:14:41.369261" elapsed="0.110573"/>
</test>
<status status="PASS" start="2024-05-06T20:14:40.515145" elapsed="0.966728"/>
</suite>
<status status="PASS" start="2024-05-06T20:14:40.501635" elapsed="0.985413"/>
</suite>
<statistics>
<total>
<stat pass="5" fail="0" skip="0">All Tests</stat>
</total>
<tag>
<stat pass="1" fail="0" skip="0">testeConteudo</stat>
<stat pass="1" fail="0" skip="0">testeEstruturaResposta</stat>
<stat pass="1" fail="0" skip="0">testeRequisicaoBasica</stat>
<stat pass="1" fail="0" skip="0">testeTiposDados</stat>
</tag>
<suite>
<stat pass="5" fail="0" skip="0" id="s1" name="Tests">Tests</stat>
<stat pass="5" fail="0" skip="0" id="s1-s1" name="Random-User-Test">Tests.Random-User-Test</stat>
</suite>
</statistics>
<errors>
</errors>
</robot>
