<?xml version="1.0" encoding="UTF-8"?>
<robot generator="Robot 7.0 (Python 3.12.2 on linux)" generated="2024-03-21T07:13:09.005451" rpa="false" schemaversion="5">
<suite id="s1" name="Tests" source="/home/runner/work/DesafioQA---Itau---Rogerio-Jordao/DesafioQA---Itau---Rogerio-Jordao/DesafioQA - Itau - Rogerio Jordao/tests">
<suite id="s1-s1" name="Random-User-Test" source="/home/runner/work/DesafioQA---Itau---Rogerio-Jordao/DesafioQA---Itau---Rogerio-Jordao/DesafioQA - Itau - Rogerio Jordao/tests/random-user-test.robot">
<test id="s1-s1-t1" name="Conectar" line="24">
<kw name="Conectar API">
<kw name="Create Session" owner="RequestsLibrary">
<msg time="2024-03-21T07:13:09.343614" level="INFO">Creating Session using : alias=consultarAPI, url=https://randomuser.me/, headers={},                     cookies={}, auth=None, timeout=None, proxies=None, verify=False,                     debug=0 </msg>
<arg>consultarAPI</arg>
<arg>${URL}</arg>
<doc>Create Session: create a HTTP session to a server</doc>
<status status="PASS" start="2024-03-21T07:13:09.343375" elapsed="0.000436"/>
</kw>
<status status="PASS" start="2024-03-21T07:13:09.342451" elapsed="0.001753"/>
</kw>
<status status="PASS" start="2024-03-21T07:13:09.341867" elapsed="0.002539"/>
</test>
<test id="s1-s1-t2" name="Validar retorno 200 e JSON Válido" line="27">
<kw name="Teste de Requisicao Basica">
<kw name="GET On Session" owner="RequestsLibrary">
<msg time="2024-03-21T07:13:09.525522" level="INFO">GET Request : url=https://randomuser.me/api 
 path_url=/api 
 headers={'User-Agent': 'python-requests/2.31.0', 'Accept-Encoding': 'gzip, deflate', 'Accept': '*/*', 'Connection': 'keep-alive'} 
 body=None 
 </msg>
<msg time="2024-03-21T07:13:09.525680" level="INFO">GET Response : url=https://randomuser.me/api 
 status=200, reason=OK 
 headers={'Date': 'Thu, 21 Mar 2024 07:13:09 GMT', 'Content-Type': 'application/json; charset=utf-8', 'Transfer-Encoding': 'chunked', 'Connection': 'keep-alive', 'X-Powered-By': 'Express', 'Access-Control-Allow-Origin': '*', 'Cache-Control': 'no-cache', 'ETag': 'W/"48b-lsGCNtEVG6LcVkdprR1l5pfSUKQ"', 'Vary': 'Accept-Encoding', 'Content-Encoding': 'gzip', 'CF-Cache-Status': 'DYNAMIC', 'Report-To': '{"endpoints":[{"url":"https:\\/\\/a.nel.cloudflare.com\\/report\\/v4?s=jIB%2BumfcpzNBSb5Nnd%2FHQANxAv8hjcbkcFWaADFclLLDR9PRjksVtWcBsmMTUkIVcgtJOPJfSs29X0d5LSvUmzI47quj2pdTBVr%2BtZsWNHD0Ir6xfl9y8mTiWHiwDZSZ"}],"group":"cf-nel","max_age":604800}', 'NEL': '{"success_fraction":0,"report_to":"cf-nel","max_age":604800}', 'Server': 'cloudflare', 'CF-RAY': '867c2342484e2228-ORD', 'alt-svc': 'h3=":443"; ma=86400'} 
 body={"results":[{"gender":"male","name":{"title":"Mr","first":"Tristan","last":"Johansen"},"location":{"street":{"number":4883,"name":"Sølystvej"},"city":"Aalborg S.Ø.","state":"Nordjylland","country":"Denmark","postcode":89464,"coordinates":{"latitude":"-40.6348","longitude":"-33.0891"},"timezone":{"offset":"-7:00","description":"Mountain Time (US &amp; Canada)"}},"email":"tristan.johansen@example.com","login":{"uuid":"e427d0ae-cb05-4849-b878-b63c4c59d936","username":"heavyleopard765","password":"knights","salt":"WSbuIrLT","md5":"abbf58946711c6e625ce06f1f5fcc589","sha1":"5cb2e245f5a7e0be8f75a7078a06e78fb5c60aeb","sha256":"9ea5257a0a34d0457ed4e1f9089204216a24bd8c754397d2dd5c342beddc5387"},"dob":{"date":"1967-12-18T03:26:50.080Z","age":56},"registered":{"date":"2006-04-08T13:37:18.813Z","age":17},"phone":"27368524","cell":"64660556","id":{"name":"CPR","value":"171267-5494"},"picture":{"large":"https://randomuser.me/api/portraits/men/79.jpg","medium":"https://randomuser.me/api/portraits/med/men/79.jpg","thumbnail":"https://randomuser.me/api/portraits/thumb/men/79.jpg"},"nat":"DK"}],"info":{"seed":"ea6c616d574e4826","results":1,"page":1,"version":"1.4"}} 
 </msg>
<msg time="2024-03-21T07:13:09.526011" level="INFO">/opt/hostedtoolcache/Python/3.12.2/x64/lib/python3.12/site-packages/urllib3/connectionpool.py:1103: InsecureRequestWarning: Unverified HTTPS request is being made to host 'randomuser.me'. Adding certificate verification is strongly advised. See: https://urllib3.readthedocs.io/en/latest/advanced-usage.html#tls-warnings
  warnings.warn(</msg>
<msg time="2024-03-21T07:13:09.526171" level="INFO">${response} = &lt;Response [200]&gt;</msg>
<var>${response}</var>
<arg>consultarAPI</arg>
<arg>/api</arg>
<doc>Sends a GET request on a previously created HTTP Session.</doc>
<status status="PASS" start="2024-03-21T07:13:09.347007" elapsed="0.179203"/>
</kw>
<kw name="Should Be Equal As Numbers" owner="BuiltIn">
<msg time="2024-03-21T07:13:09.527306" level="INFO">Argument types are:
&lt;class 'int'&gt;
&lt;class 'str'&gt;</msg>
<arg>${response.status_code}</arg>
<arg>200</arg>
<doc>Fails if objects are unequal after converting them to real numbers.</doc>
<status status="PASS" start="2024-03-21T07:13:09.526796" elapsed="0.000581"/>
</kw>
<kw name="Log" owner="BuiltIn">
<msg time="2024-03-21T07:13:09.528081" level="INFO">200</msg>
<arg>${response.status_code}</arg>
<doc>Logs the given message with the given level.</doc>
<status status="PASS" start="2024-03-21T07:13:09.527728" elapsed="0.000397"/>
</kw>
<kw name="Set Variable" owner="BuiltIn">
<msg time="2024-03-21T07:13:09.528886" level="INFO">${json_data} = {'results': [{'gender': 'male', 'name': {'title': 'Mr', 'first': 'Tristan', 'last': 'Johansen'}, 'location': {'street': {'number': 4883, 'name': 'Sølystvej'}, 'city': 'Aalborg S.Ø.', 'state': 'Nordjyl...</msg>
<var>${json_data}</var>
<arg>${response.json()}</arg>
<doc>Returns the given values which can then be assigned to a variables.</doc>
<status status="PASS" start="2024-03-21T07:13:09.528428" elapsed="0.000488"/>
</kw>
<kw name="Dictionary Should Contain Key" owner="Collections">
<msg time="2024-03-21T07:13:09.529401" level="INFO">False</msg>
<arg>${json_data}</arg>
<arg>results</arg>
<doc>Fails if ``key`` is not found from ``dictionary``.</doc>
<status status="PASS" start="2024-03-21T07:13:09.529232" elapsed="0.000208"/>
</kw>
<status status="PASS" start="2024-03-21T07:13:09.346763" elapsed="0.182935"/>
</kw>
<doc>Testa se a API responde corretamente e retorna um objeto JSON válido.</doc>
<tag>testeRequisicaoBasica</tag>
<status status="PASS" start="2024-03-21T07:13:09.346294" elapsed="0.183586"/>
</test>
<test id="s1-s1-t3" name="Validar estrutura de resposta" line="33">
<kw name="Teste de Estrutura de Resposta">
<kw name="GET On Session" owner="RequestsLibrary">
<msg time="2024-03-21T07:13:09.629352" level="INFO">GET Request : url=https://randomuser.me/api 
 path_url=/api 
 headers={'User-Agent': 'python-requests/2.31.0', 'Accept-Encoding': 'gzip, deflate', 'Accept': '*/*', 'Connection': 'keep-alive'} 
 body=None 
 </msg>
<msg time="2024-03-21T07:13:09.629440" level="INFO">GET Response : url=https://randomuser.me/api 
 status=200, reason=OK 
 headers={'Date': 'Thu, 21 Mar 2024 07:13:09 GMT', 'Content-Type': 'application/json; charset=utf-8', 'Transfer-Encoding': 'chunked', 'Connection': 'keep-alive', 'X-Powered-By': 'Express', 'Access-Control-Allow-Origin': '*', 'Cache-Control': 'no-cache', 'ETag': 'W/"4a6-fY8mkhUip5g4yiDRqsoOTxI9CUw"', 'Vary': 'Accept-Encoding', 'Content-Encoding': 'gzip', 'CF-Cache-Status': 'DYNAMIC', 'Report-To': '{"endpoints":[{"url":"https:\\/\\/a.nel.cloudflare.com\\/report\\/v4?s=FSrfrRq7KDMr9nFPUZzrXRZPMvhBKX3QK2v4%2BOXdoOtC1T%2FeZaQ4%2FDybFC%2BHQm6WRlTuaT4x%2BGA2MJh%2BPXSOklrNbg0mgohDoxAiqJk2w99H6IiQzTzjmViHIm0Pw2Gd"}],"group":"cf-nel","max_age":604800}', 'NEL': '{"success_fraction":0,"report_to":"cf-nel","max_age":604800}', 'Server': 'cloudflare', 'CF-RAY': '867c234298772228-ORD', 'alt-svc': 'h3=":443"; ma=86400'} 
 body={"results":[{"gender":"female","name":{"title":"Mademoiselle","first":"Ingrid","last":"Simon"},"location":{"street":{"number":8774,"name":"Rue Cyrus-Hugues"},"city":"La Sarraz","state":"Zürich","country":"Switzerland","postcode":1073,"coordinates":{"latitude":"-56.0450","longitude":"118.4595"},"timezone":{"offset":"+9:00","description":"Tokyo, Seoul, Osaka, Sapporo, Yakutsk"}},"email":"ingrid.simon@example.com","login":{"uuid":"6f1ee77f-e136-429c-a5bd-2e6be20389f0","username":"tinycat938","password":"pppp","salt":"gmAkJXOu","md5":"cd87f303c9d711f311212f01b1b5a3b2","sha1":"cf7087bfd113916e2ec51b0c0f91547c73bac6f7","sha256":"63813b0f881b2dd4b58076671edcfcfca0506d351e907fb85a4719a229b29256"},"dob":{"date":"1968-03-07T20:11:25.750Z","age":56},"registered":{"date":"2016-02-23T00:42:32.602Z","age":8},"phone":"076 559 01 60","cell":"075 875 60 39","id":{"name":"AVS","value":"756.2709.4718.54"},"picture":{"large":"https://randomuser.me/api/portraits/women/89.jpg","medium":"https://randomuser.me/api/portraits/med/women/89.jpg","thumbnail":"https://randomuser.me/api/portraits/thumb/women/89.jpg"},"nat":"CH"}],"info":{"seed":"d683b9e994d66dbd","results":1,"page":1,"version":"1.4"}} 
 </msg>
<msg time="2024-03-21T07:13:09.629552" level="INFO">/opt/hostedtoolcache/Python/3.12.2/x64/lib/python3.12/site-packages/urllib3/connectionpool.py:1103: InsecureRequestWarning: Unverified HTTPS request is being made to host 'randomuser.me'. Adding certificate verification is strongly advised. See: https://urllib3.readthedocs.io/en/latest/advanced-usage.html#tls-warnings
  warnings.warn(</msg>
<msg time="2024-03-21T07:13:09.629661" level="INFO">${response} = &lt;Response [200]&gt;</msg>
<var>${response}</var>
<arg>consultarAPI</arg>
<arg>/api</arg>
<doc>Sends a GET request on a previously created HTTP Session.</doc>
<status status="PASS" start="2024-03-21T07:13:09.532510" elapsed="0.097192"/>
</kw>
<kw name="Set Variable" owner="BuiltIn">
<msg time="2024-03-21T07:13:09.630828" level="INFO">${json_data} = {'results': [{'gender': 'female', 'name': {'title': 'Mademoiselle', 'first': 'Ingrid', 'last': 'Simon'}, 'location': {'street': {'number': 8774, 'name': 'Rue Cyrus-Hugues'}, 'city': 'La Sarraz', 'stat...</msg>
<var>${json_data}</var>
<arg>${response.json()}</arg>
<doc>Returns the given values which can then be assigned to a variables.</doc>
<status status="PASS" start="2024-03-21T07:13:09.630240" elapsed="0.000617"/>
</kw>
<kw name="Log" owner="BuiltIn">
<msg time="2024-03-21T07:13:09.631328" level="INFO">{'results': [{'gender': 'female', 'name': {'title': 'Mademoiselle', 'first': 'Ingrid', 'last': 'Simon'}, 'location': {'street': {'number': 8774, 'name': 'Rue Cyrus-Hugues'}, 'city': 'La Sarraz', 'state': 'Zürich', 'country': 'Switzerland', 'postcode': 1073, 'coordinates': {'latitude': '-56.0450', 'longitude': '118.4595'}, 'timezone': {'offset': '+9:00', 'description': 'Tokyo, Seoul, Osaka, Sapporo, Yakutsk'}}, 'email': 'ingrid.simon@example.com', 'login': {'uuid': '6f1ee77f-e136-429c-a5bd-2e6be20389f0', 'username': 'tinycat938', 'password': 'pppp', 'salt': 'gmAkJXOu', 'md5': 'cd87f303c9d711f311212f01b1b5a3b2', 'sha1': 'cf7087bfd113916e2ec51b0c0f91547c73bac6f7', 'sha256': '63813b0f881b2dd4b58076671edcfcfca0506d351e907fb85a4719a229b29256'}, 'dob': {'date': '1968-03-07T20:11:25.750Z', 'age': 56}, 'registered': {'date': '2016-02-23T00:42:32.602Z', 'age': 8}, 'phone': '076 559 01 60', 'cell': '075 875 60 39', 'id': {'name': 'AVS', 'value': '756.2709.4718.54'}, 'picture': {'large': 'https://randomuser.me/api/portraits/women/89.jpg', 'medium': 'https://randomuser.me/api/portraits/med/women/89.jpg', 'thumbnail': 'https://randomuser.me/api/portraits/thumb/women/89.jpg'}, 'nat': 'CH'}], 'info': {'seed': 'd683b9e994d66dbd', 'results': 1, 'page': 1, 'version': '1.4'}}</msg>
<arg>${json_data}</arg>
<doc>Logs the given message with the given level.</doc>
<status status="PASS" start="2024-03-21T07:13:09.631165" elapsed="0.000215"/>
</kw>
<kw name="Dictionary Should Contain Key" owner="Collections">
<msg time="2024-03-21T07:13:09.631883" level="INFO">False</msg>
<arg>${json_data}</arg>
<arg>results</arg>
<doc>Fails if ``key`` is not found from ``dictionary``.</doc>
<status status="PASS" start="2024-03-21T07:13:09.631719" elapsed="0.000215"/>
</kw>
<kw name="Should Not Be Empty" owner="BuiltIn">
<msg time="2024-03-21T07:13:09.632368" level="INFO">Length is 2.</msg>
<arg>${json_data}</arg>
<doc>Verifies that the given item is not empty.</doc>
<status status="PASS" start="2024-03-21T07:13:09.632226" elapsed="0.000183"/>
</kw>
<kw name="Create List" owner="BuiltIn">
<msg time="2024-03-21T07:13:09.632851" level="INFO">${expected_keys} = ['gender', 'name', 'location', 'email', 'login']</msg>
<var>${expected_keys}</var>
<arg>gender</arg>
<arg>name</arg>
<arg>location</arg>
<arg>email</arg>
<arg>login</arg>
<doc>Returns a list containing given items.</doc>
<status status="PASS" start="2024-03-21T07:13:09.632695" elapsed="0.000180"/>
</kw>
<for flavor="IN">
<iter>
<kw name="Dictionary Should Contain Key" owner="Collections">
<msg time="2024-03-21T07:13:09.633856" level="INFO">False</msg>
<arg>${json_data['results'][0]}</arg>
<arg>${key}</arg>
<doc>Fails if ``key`` is not found from ``dictionary``.</doc>
<status status="PASS" start="2024-03-21T07:13:09.633451" elapsed="0.000445"/>
</kw>
<kw name="Log" owner="BuiltIn">
<msg time="2024-03-21T07:13:09.634565" level="INFO">{'gender': 'female', 'name': {'title': 'Mademoiselle', 'first': 'Ingrid', 'last': 'Simon'}, 'location': {'street': {'number': 8774, 'name': 'Rue Cyrus-Hugues'}, 'city': 'La Sarraz', 'state': 'Zürich', 'country': 'Switzerland', 'postcode': 1073, 'coordinates': {'latitude': '-56.0450', 'longitude': '118.4595'}, 'timezone': {'offset': '+9:00', 'description': 'Tokyo, Seoul, Osaka, Sapporo, Yakutsk'}}, 'email': 'ingrid.simon@example.com', 'login': {'uuid': '6f1ee77f-e136-429c-a5bd-2e6be20389f0', 'username': 'tinycat938', 'password': 'pppp', 'salt': 'gmAkJXOu', 'md5': 'cd87f303c9d711f311212f01b1b5a3b2', 'sha1': 'cf7087bfd113916e2ec51b0c0f91547c73bac6f7', 'sha256': '63813b0f881b2dd4b58076671edcfcfca0506d351e907fb85a4719a229b29256'}, 'dob': {'date': '1968-03-07T20:11:25.750Z', 'age': 56}, 'registered': {'date': '2016-02-23T00:42:32.602Z', 'age': 8}, 'phone': '076 559 01 60', 'cell': '075 875 60 39', 'id': {'name': 'AVS', 'value': '756.2709.4718.54'}, 'picture': {'large': 'https://randomuser.me/api/portraits/women/89.jpg', 'medium': 'https://randomuser.me/api/portraits/med/women/89.jpg', 'thumbnail': 'https://randomuser.me/api/portraits/thumb/women/89.jpg'}, 'nat': 'CH'}</msg>
<arg>${json_data['results'][0]}</arg>
<doc>Logs the given message with the given level.</doc>
<status status="PASS" start="2024-03-21T07:13:09.634191" elapsed="0.000426"/>
</kw>
<kw name="Log" owner="BuiltIn">
<msg time="2024-03-21T07:13:09.635044" level="INFO">gender</msg>
<arg>${key}</arg>
<doc>Logs the given message with the given level.</doc>
<status status="PASS" start="2024-03-21T07:13:09.634915" elapsed="0.000168"/>
</kw>
<var name="${key}">gender</var>
<status status="PASS" start="2024-03-21T07:13:09.633333" elapsed="0.001967"/>
</iter>
<iter>
<kw name="Dictionary Should Contain Key" owner="Collections">
<msg time="2024-03-21T07:13:09.636018" level="INFO">False</msg>
<arg>${json_data['results'][0]}</arg>
<arg>${key}</arg>
<doc>Fails if ``key`` is not found from ``dictionary``.</doc>
<status status="PASS" start="2024-03-21T07:13:09.635629" elapsed="0.000428"/>
</kw>
<kw name="Log" owner="BuiltIn">
<msg time="2024-03-21T07:13:09.636732" level="INFO">{'gender': 'female', 'name': {'title': 'Mademoiselle', 'first': 'Ingrid', 'last': 'Simon'}, 'location': {'street': {'number': 8774, 'name': 'Rue Cyrus-Hugues'}, 'city': 'La Sarraz', 'state': 'Zürich', 'country': 'Switzerland', 'postcode': 1073, 'coordinates': {'latitude': '-56.0450', 'longitude': '118.4595'}, 'timezone': {'offset': '+9:00', 'description': 'Tokyo, Seoul, Osaka, Sapporo, Yakutsk'}}, 'email': 'ingrid.simon@example.com', 'login': {'uuid': '6f1ee77f-e136-429c-a5bd-2e6be20389f0', 'username': 'tinycat938', 'password': 'pppp', 'salt': 'gmAkJXOu', 'md5': 'cd87f303c9d711f311212f01b1b5a3b2', 'sha1': 'cf7087bfd113916e2ec51b0c0f91547c73bac6f7', 'sha256': '63813b0f881b2dd4b58076671edcfcfca0506d351e907fb85a4719a229b29256'}, 'dob': {'date': '1968-03-07T20:11:25.750Z', 'age': 56}, 'registered': {'date': '2016-02-23T00:42:32.602Z', 'age': 8}, 'phone': '076 559 01 60', 'cell': '075 875 60 39', 'id': {'name': 'AVS', 'value': '756.2709.4718.54'}, 'picture': {'large': 'https://randomuser.me/api/portraits/women/89.jpg', 'medium': 'https://randomuser.me/api/portraits/med/women/89.jpg', 'thumbnail': 'https://randomuser.me/api/portraits/thumb/women/89.jpg'}, 'nat': 'CH'}</msg>
<arg>${json_data['results'][0]}</arg>
<doc>Logs the given message with the given level.</doc>
<status status="PASS" start="2024-03-21T07:13:09.636370" elapsed="0.000413"/>
</kw>
<kw name="Log" owner="BuiltIn">
<msg time="2024-03-21T07:13:09.637198" level="INFO">name</msg>
<arg>${key}</arg>
<doc>Logs the given message with the given level.</doc>
<status status="PASS" start="2024-03-21T07:13:09.637072" elapsed="0.000165"/>
</kw>
<var name="${key}">name</var>
<status status="PASS" start="2024-03-21T07:13:09.635520" elapsed="0.001939"/>
</iter>
<iter>
<kw name="Dictionary Should Contain Key" owner="Collections">
<msg time="2024-03-21T07:13:09.638133" level="INFO">False</msg>
<arg>${json_data['results'][0]}</arg>
<arg>${key}</arg>
<doc>Fails if ``key`` is not found from ``dictionary``.</doc>
<status status="PASS" start="2024-03-21T07:13:09.637751" elapsed="0.000546"/>
</kw>
<kw name="Log" owner="BuiltIn">
<msg time="2024-03-21T07:13:09.638964" level="INFO">{'gender': 'female', 'name': {'title': 'Mademoiselle', 'first': 'Ingrid', 'last': 'Simon'}, 'location': {'street': {'number': 8774, 'name': 'Rue Cyrus-Hugues'}, 'city': 'La Sarraz', 'state': 'Zürich', 'country': 'Switzerland', 'postcode': 1073, 'coordinates': {'latitude': '-56.0450', 'longitude': '118.4595'}, 'timezone': {'offset': '+9:00', 'description': 'Tokyo, Seoul, Osaka, Sapporo, Yakutsk'}}, 'email': 'ingrid.simon@example.com', 'login': {'uuid': '6f1ee77f-e136-429c-a5bd-2e6be20389f0', 'username': 'tinycat938', 'password': 'pppp', 'salt': 'gmAkJXOu', 'md5': 'cd87f303c9d711f311212f01b1b5a3b2', 'sha1': 'cf7087bfd113916e2ec51b0c0f91547c73bac6f7', 'sha256': '63813b0f881b2dd4b58076671edcfcfca0506d351e907fb85a4719a229b29256'}, 'dob': {'date': '1968-03-07T20:11:25.750Z', 'age': 56}, 'registered': {'date': '2016-02-23T00:42:32.602Z', 'age': 8}, 'phone': '076 559 01 60', 'cell': '075 875 60 39', 'id': {'name': 'AVS', 'value': '756.2709.4718.54'}, 'picture': {'large': 'https://randomuser.me/api/portraits/women/89.jpg', 'medium': 'https://randomuser.me/api/portraits/med/women/89.jpg', 'thumbnail': 'https://randomuser.me/api/portraits/thumb/women/89.jpg'}, 'nat': 'CH'}</msg>
<arg>${json_data['results'][0]}</arg>
<doc>Logs the given message with the given level.</doc>
<status status="PASS" start="2024-03-21T07:13:09.638598" elapsed="0.000417"/>
</kw>
<kw name="Log" owner="BuiltIn">
<msg time="2024-03-21T07:13:09.639462" level="INFO">location</msg>
<arg>${key}</arg>
<doc>Logs the given message with the given level.</doc>
<status status="PASS" start="2024-03-21T07:13:09.639308" elapsed="0.000205"/>
</kw>
<var name="${key}">location</var>
<status status="PASS" start="2024-03-21T07:13:09.637641" elapsed="0.002093"/>
</iter>
<iter>
<kw name="Dictionary Should Contain Key" owner="Collections">
<msg time="2024-03-21T07:13:09.640389" level="INFO">False</msg>
<arg>${json_data['results'][0]}</arg>
<arg>${key}</arg>
<doc>Fails if ``key`` is not found from ``dictionary``.</doc>
<status status="PASS" start="2024-03-21T07:13:09.640015" elapsed="0.000412"/>
</kw>
<kw name="Log" owner="BuiltIn">
<msg time="2024-03-21T07:13:09.641072" level="INFO">{'gender': 'female', 'name': {'title': 'Mademoiselle', 'first': 'Ingrid', 'last': 'Simon'}, 'location': {'street': {'number': 8774, 'name': 'Rue Cyrus-Hugues'}, 'city': 'La Sarraz', 'state': 'Zürich', 'country': 'Switzerland', 'postcode': 1073, 'coordinates': {'latitude': '-56.0450', 'longitude': '118.4595'}, 'timezone': {'offset': '+9:00', 'description': 'Tokyo, Seoul, Osaka, Sapporo, Yakutsk'}}, 'email': 'ingrid.simon@example.com', 'login': {'uuid': '6f1ee77f-e136-429c-a5bd-2e6be20389f0', 'username': 'tinycat938', 'password': 'pppp', 'salt': 'gmAkJXOu', 'md5': 'cd87f303c9d711f311212f01b1b5a3b2', 'sha1': 'cf7087bfd113916e2ec51b0c0f91547c73bac6f7', 'sha256': '63813b0f881b2dd4b58076671edcfcfca0506d351e907fb85a4719a229b29256'}, 'dob': {'date': '1968-03-07T20:11:25.750Z', 'age': 56}, 'registered': {'date': '2016-02-23T00:42:32.602Z', 'age': 8}, 'phone': '076 559 01 60', 'cell': '075 875 60 39', 'id': {'name': 'AVS', 'value': '756.2709.4718.54'}, 'picture': {'large': 'https://randomuser.me/api/portraits/women/89.jpg', 'medium': 'https://randomuser.me/api/portraits/med/women/89.jpg', 'thumbnail': 'https://randomuser.me/api/portraits/thumb/women/89.jpg'}, 'nat': 'CH'}</msg>
<arg>${json_data['results'][0]}</arg>
<doc>Logs the given message with the given level.</doc>
<status status="PASS" start="2024-03-21T07:13:09.640715" elapsed="0.000406"/>
</kw>
<kw name="Log" owner="BuiltIn">
<msg time="2024-03-21T07:13:09.641533" level="INFO">email</msg>
<arg>${key}</arg>
<doc>Logs the given message with the given level.</doc>
<status status="PASS" start="2024-03-21T07:13:09.641409" elapsed="0.000162"/>
</kw>
<var name="${key}">email</var>
<status status="PASS" start="2024-03-21T07:13:09.639911" elapsed="0.001874"/>
</iter>
<iter>
<kw name="Dictionary Should Contain Key" owner="Collections">
<msg time="2024-03-21T07:13:09.642444" level="INFO">False</msg>
<arg>${json_data['results'][0]}</arg>
<arg>${key}</arg>
<doc>Fails if ``key`` is not found from ``dictionary``.</doc>
<status status="PASS" start="2024-03-21T07:13:09.642063" elapsed="0.000420"/>
</kw>
<kw name="Log" owner="BuiltIn">
<msg time="2024-03-21T07:13:09.643140" level="INFO">{'gender': 'female', 'name': {'title': 'Mademoiselle', 'first': 'Ingrid', 'last': 'Simon'}, 'location': {'street': {'number': 8774, 'name': 'Rue Cyrus-Hugues'}, 'city': 'La Sarraz', 'state': 'Zürich', 'country': 'Switzerland', 'postcode': 1073, 'coordinates': {'latitude': '-56.0450', 'longitude': '118.4595'}, 'timezone': {'offset': '+9:00', 'description': 'Tokyo, Seoul, Osaka, Sapporo, Yakutsk'}}, 'email': 'ingrid.simon@example.com', 'login': {'uuid': '6f1ee77f-e136-429c-a5bd-2e6be20389f0', 'username': 'tinycat938', 'password': 'pppp', 'salt': 'gmAkJXOu', 'md5': 'cd87f303c9d711f311212f01b1b5a3b2', 'sha1': 'cf7087bfd113916e2ec51b0c0f91547c73bac6f7', 'sha256': '63813b0f881b2dd4b58076671edcfcfca0506d351e907fb85a4719a229b29256'}, 'dob': {'date': '1968-03-07T20:11:25.750Z', 'age': 56}, 'registered': {'date': '2016-02-23T00:42:32.602Z', 'age': 8}, 'phone': '076 559 01 60', 'cell': '075 875 60 39', 'id': {'name': 'AVS', 'value': '756.2709.4718.54'}, 'picture': {'large': 'https://randomuser.me/api/portraits/women/89.jpg', 'medium': 'https://randomuser.me/api/portraits/med/women/89.jpg', 'thumbnail': 'https://randomuser.me/api/portraits/thumb/women/89.jpg'}, 'nat': 'CH'}</msg>
<arg>${json_data['results'][0]}</arg>
<doc>Logs the given message with the given level.</doc>
<status status="PASS" start="2024-03-21T07:13:09.642774" elapsed="0.000416"/>
</kw>
<kw name="Log" owner="BuiltIn">
<msg time="2024-03-21T07:13:09.643648" level="INFO">login</msg>
<arg>${key}</arg>
<doc>Logs the given message with the given level.</doc>
<status status="PASS" start="2024-03-21T07:13:09.643516" elapsed="0.000202"/>
</kw>
<var name="${key}">login</var>
<status status="PASS" start="2024-03-21T07:13:09.641960" elapsed="0.001988"/>
</iter>
<var>${key}</var>
<value>@{expected_keys}</value>
<status status="PASS" start="2024-03-21T07:13:09.633134" elapsed="0.010938"/>
</for>
<kw name="Create List" owner="BuiltIn">
<msg time="2024-03-21T07:13:09.644397" level="INFO">${expected_keysTwo} = ['username', 'password']</msg>
<var>${expected_keysTwo}</var>
<arg>username</arg>
<arg>password</arg>
<doc>Returns a list containing given items.</doc>
<status status="PASS" start="2024-03-21T07:13:09.644260" elapsed="0.000161"/>
</kw>
<for flavor="IN">
<iter>
<kw name="Dictionary Should Contain Key" owner="Collections">
<msg time="2024-03-21T07:13:09.645309" level="INFO">False</msg>
<arg>${json_data['results'][0]['login']}</arg>
<arg>${keyTwo}</arg>
<doc>Fails if ``key`` is not found from ``dictionary``.</doc>
<status status="PASS" start="2024-03-21T07:13:09.644921" elapsed="0.000426"/>
</kw>
<kw name="Dictionary Should Contain Key" owner="Collections">
<msg time="2024-03-21T07:13:09.646019" level="INFO">False</msg>
<arg>${json_data['results'][0]['login']}</arg>
<arg>${keyTwo}</arg>
<doc>Fails if ``key`` is not found from ``dictionary``.</doc>
<status status="PASS" start="2024-03-21T07:13:09.645640" elapsed="0.000418"/>
</kw>
<kw name="Log" owner="BuiltIn">
<msg time="2024-03-21T07:13:09.646474" level="INFO">username</msg>
<arg>${keyTwo}</arg>
<doc>Logs the given message with the given level.</doc>
<status status="PASS" start="2024-03-21T07:13:09.646347" elapsed="0.000166"/>
</kw>
<var name="${keyTwo}">username</var>
<status status="PASS" start="2024-03-21T07:13:09.644819" elapsed="0.001914"/>
</iter>
<iter>
<kw name="Dictionary Should Contain Key" owner="Collections">
<msg time="2024-03-21T07:13:09.647417" level="INFO">False</msg>
<arg>${json_data['results'][0]['login']}</arg>
<arg>${keyTwo}</arg>
<doc>Fails if ``key`` is not found from ``dictionary``.</doc>
<status status="PASS" start="2024-03-21T07:13:09.647009" elapsed="0.000450"/>
</kw>
<kw name="Dictionary Should Contain Key" owner="Collections">
<msg time="2024-03-21T07:13:09.648138" level="INFO">False</msg>
<arg>${json_data['results'][0]['login']}</arg>
<arg>${keyTwo}</arg>
<doc>Fails if ``key`` is not found from ``dictionary``.</doc>
<status status="PASS" start="2024-03-21T07:13:09.647757" elapsed="0.000419"/>
</kw>
<kw name="Log" owner="BuiltIn">
<msg time="2024-03-21T07:13:09.648591" level="INFO">password</msg>
<arg>${keyTwo}</arg>
<doc>Logs the given message with the given level.</doc>
<status status="PASS" start="2024-03-21T07:13:09.648464" elapsed="0.000165"/>
</kw>
<var name="${keyTwo}">password</var>
<status status="PASS" start="2024-03-21T07:13:09.646907" elapsed="0.001938"/>
</iter>
<var>${keyTwo}</var>
<value>@{expected_keysTwo}</value>
<status status="PASS" start="2024-03-21T07:13:09.644662" elapsed="0.004306"/>
</for>
<status status="PASS" start="2024-03-21T07:13:09.532281" elapsed="0.116832"/>
</kw>
<doc>Testa a estrutura da resposta da API.</doc>
<tag>testeEstruturaResposta</tag>
<status status="PASS" start="2024-03-21T07:13:09.531769" elapsed="0.117505"/>
</test>
<test id="s1-s1-t4" name="Validar tipos de dados" line="39">
<kw name="Teste de Tipos de Dados">
<kw name="GET On Session" owner="RequestsLibrary">
<msg time="2024-03-21T07:13:09.727131" level="INFO">GET Request : url=https://randomuser.me/api 
 path_url=/api 
 headers={'User-Agent': 'python-requests/2.31.0', 'Accept-Encoding': 'gzip, deflate', 'Accept': '*/*', 'Connection': 'keep-alive'} 
 body=None 
 </msg>
<msg time="2024-03-21T07:13:09.727240" level="INFO">GET Response : url=https://randomuser.me/api 
 status=200, reason=OK 
 headers={'Date': 'Thu, 21 Mar 2024 07:13:09 GMT', 'Content-Type': 'application/json; charset=utf-8', 'Transfer-Encoding': 'chunked', 'Connection': 'keep-alive', 'X-Powered-By': 'Express', 'Access-Control-Allow-Origin': '*', 'Cache-Control': 'no-cache', 'ETag': 'W/"462-+t2R/HncExS2EiCQNuV/+e3gGPM"', 'Vary': 'Accept-Encoding', 'Content-Encoding': 'gzip', 'CF-Cache-Status': 'DYNAMIC', 'Report-To': '{"endpoints":[{"url":"https:\\/\\/a.nel.cloudflare.com\\/report\\/v4?s=xLxbdfkn%2BYVrXoh6CXB5VUxyKUTWNSWs0yeyKMISC%2B1a4Nv08Gt26SVnkEbpXaCIRmUgJXtCjDQtbbUEGWvAxzeRenVwY1egnBLoB5xjh22SvmG2c5O7bs3wisFp%2Bs%2B0"}],"group":"cf-nel","max_age":604800}', 'NEL': '{"success_fraction":0,"report_to":"cf-nel","max_age":604800}', 'Server': 'cloudflare', 'CF-RAY': '867c234358e72228-ORD', 'alt-svc': 'h3=":443"; ma=86400'} 
 body={"results":[{"gender":"male","name":{"title":"Mr","first":"Kerim","last":"Erdoğan"},"location":{"street":{"number":9723,"name":"Abanoz Sk"},"city":"Edirne","state":"Burdur","country":"Turkey","postcode":87416,"coordinates":{"latitude":"68.4230","longitude":"-99.2684"},"timezone":{"offset":"+5:45","description":"Kathmandu"}},"email":"kerim.erdogan@example.com","login":{"uuid":"85cf642d-4cf0-4a30-bcf5-97f114d4c632","username":"yellowgoose645","password":"sheba1","salt":"pX8cOob0","md5":"be9f4e56c967a32103e06f83b9071971","sha1":"28cc08b5a463b5c574989b64b7c9463313c06fa1","sha256":"ffdba458ef7835488bd1abf702e5ac6523b523a649e17464c083777021ba4f02"},"dob":{"date":"1970-10-19T05:07:49.940Z","age":53},"registered":{"date":"2022-01-29T09:39:48.393Z","age":2},"phone":"(038)-274-2183","cell":"(907)-308-7874","id":{"name":"","value":null},"picture":{"large":"https://randomuser.me/api/portraits/men/10.jpg","medium":"https://randomuser.me/api/portraits/med/men/10.jpg","thumbnail":"https://randomuser.me/api/portraits/thumb/men/10.jpg"},"nat":"TR"}],"info":{"seed":"8013d7954aad66c8","results":1,"page":1,"version":"1.4"}} 
 </msg>
<msg time="2024-03-21T07:13:09.727320" level="INFO">/opt/hostedtoolcache/Python/3.12.2/x64/lib/python3.12/site-packages/urllib3/connectionpool.py:1103: InsecureRequestWarning: Unverified HTTPS request is being made to host 'randomuser.me'. Adding certificate verification is strongly advised. See: https://urllib3.readthedocs.io/en/latest/advanced-usage.html#tls-warnings
  warnings.warn(</msg>
<msg time="2024-03-21T07:13:09.727485" level="INFO">${response} = &lt;Response [200]&gt;</msg>
<var>${response}</var>
<arg>consultarAPI</arg>
<arg>/api</arg>
<doc>Sends a GET request on a previously created HTTP Session.</doc>
<status status="PASS" start="2024-03-21T07:13:09.651785" elapsed="0.075740"/>
</kw>
<kw name="Set Variable" owner="BuiltIn">
<msg time="2024-03-21T07:13:09.728687" level="INFO">${json_data} = {'results': [{'gender': 'male', 'name': {'title': 'Mr', 'first': 'Kerim', 'last': 'Erdoğan'}, 'location': {'street': {'number': 9723, 'name': 'Abanoz Sk'}, 'city': 'Edirne', 'state': 'Burdur', 'countr...</msg>
<var>${json_data}</var>
<arg>${response.json()}</arg>
<doc>Returns the given values which can then be assigned to a variables.</doc>
<status status="PASS" start="2024-03-21T07:13:09.728122" elapsed="0.000596"/>
</kw>
<kw name="Log" owner="BuiltIn">
<msg time="2024-03-21T07:13:09.729207" level="INFO">{'results': [{'gender': 'male', 'name': {'title': 'Mr', 'first': 'Kerim', 'last': 'Erdoğan'}, 'location': {'street': {'number': 9723, 'name': 'Abanoz Sk'}, 'city': 'Edirne', 'state': 'Burdur', 'country': 'Turkey', 'postcode': 87416, 'coordinates': {'latitude': '68.4230', 'longitude': '-99.2684'}, 'timezone': {'offset': '+5:45', 'description': 'Kathmandu'}}, 'email': 'kerim.erdogan@example.com', 'login': {'uuid': '85cf642d-4cf0-4a30-bcf5-97f114d4c632', 'username': 'yellowgoose645', 'password': 'sheba1', 'salt': 'pX8cOob0', 'md5': 'be9f4e56c967a32103e06f83b9071971', 'sha1': '28cc08b5a463b5c574989b64b7c9463313c06fa1', 'sha256': 'ffdba458ef7835488bd1abf702e5ac6523b523a649e17464c083777021ba4f02'}, 'dob': {'date': '1970-10-19T05:07:49.940Z', 'age': 53}, 'registered': {'date': '2022-01-29T09:39:48.393Z', 'age': 2}, 'phone': '(038)-274-2183', 'cell': '(907)-308-7874', 'id': {'name': '', 'value': None}, 'picture': {'large': 'https://randomuser.me/api/portraits/men/10.jpg', 'medium': 'https://randomuser.me/api/portraits/med/men/10.jpg', 'thumbnail': 'https://randomuser.me/api/portraits/thumb/men/10.jpg'}, 'nat': 'TR'}], 'info': {'seed': '8013d7954aad66c8', 'results': 1, 'page': 1, 'version': '1.4'}}</msg>
<arg>${json_data}</arg>
<doc>Logs the given message with the given level.</doc>
<status status="PASS" start="2024-03-21T07:13:09.729036" elapsed="0.000263"/>
</kw>
<kw name="Should Be String" owner="String">
<arg>${json_data['results'][0]['gender']}</arg>
<doc>Fails if the given ``item`` is not a string.</doc>
<status status="PASS" start="2024-03-21T07:13:09.729603" elapsed="0.000374"/>
</kw>
<kw name="Should Match Regexp" owner="BuiltIn">
<arg>${json_data['results'][0]['email']}</arg>
<arg>^[a-zA-Z0-9._%+-]+@[a-zA-Z0-9.-]+\.[a-zA-Z]{2,}$</arg>
<doc>Fails if ``string`` does not match ``pattern`` as a regular expression.</doc>
<status status="PASS" start="2024-03-21T07:13:09.730169" elapsed="0.000681"/>
</kw>
<kw name="Should Match Regexp" owner="BuiltIn">
<arg>${json_data['results'][0]['dob']['date']}</arg>
<arg>\\d{4}-\\d{2}-\\d{2}T\\d{2}:\\d{2}:\\d{2}\\.\\d{3}Z</arg>
<doc>Fails if ``string`` does not match ``pattern`` as a regular expression.</doc>
<status status="PASS" start="2024-03-21T07:13:09.731046" elapsed="0.000521"/>
</kw>
<kw name="Should Match Regexp" owner="BuiltIn">
<arg>${json_data['results'][0]['registered']['date']}</arg>
<arg>\\d{4}-\\d{2}-\\d{2}T\\d{2}:\\d{2}:\\d{2}\\.\\d{3}Z</arg>
<doc>Fails if ``string`` does not match ``pattern`` as a regular expression.</doc>
<status status="PASS" start="2024-03-21T07:13:09.731758" elapsed="0.000369"/>
</kw>
<kw name="Should Match Regexp" owner="BuiltIn">
<arg>${json_data['results'][0]['picture']['large']}</arg>
<arg>^https?://.*\.(?:png|jpe?g|gif|bmp)$</arg>
<doc>Fails if ``string`` does not match ``pattern`` as a regular expression.</doc>
<status status="PASS" start="2024-03-21T07:13:09.732309" elapsed="0.000455"/>
</kw>
<kw name="Should Match Regexp" owner="BuiltIn">
<arg>${json_data['results'][0]['picture']['medium']}</arg>
<arg>^https?://.*\.(?:png|jpe?g|gif|bmp)$</arg>
<doc>Fails if ``string`` does not match ``pattern`` as a regular expression.</doc>
<status status="PASS" start="2024-03-21T07:13:09.732945" elapsed="0.000350"/>
</kw>
<kw name="Should Match Regexp" owner="BuiltIn">
<arg>${json_data['results'][0]['picture']['thumbnail']}</arg>
<arg>^https?://.*\.(?:png|jpe?g|gif|bmp)$</arg>
<doc>Fails if ``string`` does not match ``pattern`` as a regular expression.</doc>
<status status="PASS" start="2024-03-21T07:13:09.733476" elapsed="0.000348"/>
</kw>
<kw name="Log" owner="BuiltIn">
<msg time="2024-03-21T07:13:09.734318" level="INFO">{'large': 'https://randomuser.me/api/portraits/men/10.jpg', 'medium': 'https://randomuser.me/api/portraits/med/men/10.jpg', 'thumbnail': 'https://randomuser.me/api/portraits/thumb/men/10.jpg'}</msg>
<arg>${json_data['results'][0]['picture']}</arg>
<doc>Logs the given message with the given level.</doc>
<status status="PASS" start="2024-03-21T07:13:09.734000" elapsed="0.000360"/>
</kw>
<status status="PASS" start="2024-03-21T07:13:09.651567" elapsed="0.083055"/>
</kw>
<kw name="Teste de Tipos de Dados - Postcode">
<kw name="GET On Session" owner="RequestsLibrary">
<msg time="2024-03-21T07:13:09.837894" level="INFO">GET Request : url=https://randomuser.me/api 
 path_url=/api 
 headers={'User-Agent': 'python-requests/2.31.0', 'Accept-Encoding': 'gzip, deflate', 'Accept': '*/*', 'Connection': 'keep-alive'} 
 body=None 
 </msg>
<msg time="2024-03-21T07:13:09.837989" level="INFO">GET Response : url=https://randomuser.me/api 
 status=200, reason=OK 
 headers={'Date': 'Thu, 21 Mar 2024 07:13:09 GMT', 'Content-Type': 'application/json; charset=utf-8', 'Transfer-Encoding': 'chunked', 'Connection': 'keep-alive', 'X-Powered-By': 'Express', 'Access-Control-Allow-Origin': '*', 'Cache-Control': 'no-cache', 'ETag': 'W/"477-jpyU0SY5xa/zuI/PHnKDWTlMMjg"', 'Vary': 'Accept-Encoding', 'Content-Encoding': 'gzip', 'CF-Cache-Status': 'DYNAMIC', 'Report-To': '{"endpoints":[{"url":"https:\\/\\/a.nel.cloudflare.com\\/report\\/v4?s=HBRvvmSVAhXprD1i3FKgywoXaK4EKC4VGRvoNfP%2BBUJ5khfKo7ZbC57A%2B4KdB9mQ8SJV5vlrN0nvroxBxIxqnNDHNv0%2F46VKBjXTodc4aPqIPzdn4Jy1qlB2cC8HYJCA"}],"group":"cf-nel","max_age":604800}', 'NEL': '{"success_fraction":0,"report_to":"cf-nel","max_age":604800}', 'Server': 'cloudflare', 'CF-RAY': '867c2343d92c2228-ORD', 'alt-svc': 'h3=":443"; ma=86400'} 
 body={"results":[{"gender":"female","name":{"title":"Mrs","first":"Emmy","last":"Ringstad"},"location":{"street":{"number":1911,"name":"Glacisgata"},"city":"Helgelandsmoen","state":"Oppland","country":"Norway","postcode":"5583","coordinates":{"latitude":"46.5644","longitude":"65.3388"},"timezone":{"offset":"+5:45","description":"Kathmandu"}},"email":"emmy.ringstad@example.com","login":{"uuid":"4a6b3448-e46d-4a87-8809-9d99cc0e8723","username":"purplemeercat842","password":"2222222","salt":"rz1NHCqF","md5":"28d7df6ea818eeb24afd8fd996fa8eff","sha1":"274f46ebd6bb8446e136610f3e0713293e919033","sha256":"5bd1062aef37f5c4f9b96a42362ea8ab90e1f1b5417c9875b4562de59493f36f"},"dob":{"date":"1978-07-18T18:45:44.848Z","age":45},"registered":{"date":"2013-12-03T19:21:08.192Z","age":10},"phone":"70854125","cell":"46821490","id":{"name":"FN","value":"18077802211"},"picture":{"large":"https://randomuser.me/api/portraits/women/75.jpg","medium":"https://randomuser.me/api/portraits/med/women/75.jpg","thumbnail":"https://randomuser.me/api/portraits/thumb/women/75.jpg"},"nat":"NO"}],"info":{"seed":"89dd3b8e3b99ae84","results":1,"page":1,"version":"1.4"}} 
 </msg>
<msg time="2024-03-21T07:13:09.838054" level="INFO">/opt/hostedtoolcache/Python/3.12.2/x64/lib/python3.12/site-packages/urllib3/connectionpool.py:1103: InsecureRequestWarning: Unverified HTTPS request is being made to host 'randomuser.me'. Adding certificate verification is strongly advised. See: https://urllib3.readthedocs.io/en/latest/advanced-usage.html#tls-warnings
  warnings.warn(</msg>
<msg time="2024-03-21T07:13:09.838177" level="INFO">${response} = &lt;Response [200]&gt;</msg>
<var>${response}</var>
<arg>consultarAPI</arg>
<arg>/api</arg>
<doc>Sends a GET request on a previously created HTTP Session.</doc>
<status status="PASS" start="2024-03-21T07:13:09.735068" elapsed="0.103149"/>
</kw>
<kw name="Set Variable" owner="BuiltIn">
<msg time="2024-03-21T07:13:09.839371" level="INFO">${json_data} = {'results': [{'gender': 'female', 'name': {'title': 'Mrs', 'first': 'Emmy', 'last': 'Ringstad'}, 'location': {'street': {'number': 1911, 'name': 'Glacisgata'}, 'city': 'Helgelandsmoen', 'state': 'Oppl...</msg>
<var>${json_data}</var>
<arg>${response.json()}</arg>
<doc>Returns the given values which can then be assigned to a variables.</doc>
<status status="PASS" start="2024-03-21T07:13:09.838816" elapsed="0.000615"/>
</kw>
<kw name="Log" owner="BuiltIn">
<msg time="2024-03-21T07:13:09.839913" level="INFO">{'results': [{'gender': 'female', 'name': {'title': 'Mrs', 'first': 'Emmy', 'last': 'Ringstad'}, 'location': {'street': {'number': 1911, 'name': 'Glacisgata'}, 'city': 'Helgelandsmoen', 'state': 'Oppland', 'country': 'Norway', 'postcode': '5583', 'coordinates': {'latitude': '46.5644', 'longitude': '65.3388'}, 'timezone': {'offset': '+5:45', 'description': 'Kathmandu'}}, 'email': 'emmy.ringstad@example.com', 'login': {'uuid': '4a6b3448-e46d-4a87-8809-9d99cc0e8723', 'username': 'purplemeercat842', 'password': '2222222', 'salt': 'rz1NHCqF', 'md5': '28d7df6ea818eeb24afd8fd996fa8eff', 'sha1': '274f46ebd6bb8446e136610f3e0713293e919033', 'sha256': '5bd1062aef37f5c4f9b96a42362ea8ab90e1f1b5417c9875b4562de59493f36f'}, 'dob': {'date': '1978-07-18T18:45:44.848Z', 'age': 45}, 'registered': {'date': '2013-12-03T19:21:08.192Z', 'age': 10}, 'phone': '70854125', 'cell': '46821490', 'id': {'name': 'FN', 'value': '18077802211'}, 'picture': {'large': 'https://randomuser.me/api/portraits/women/75.jpg', 'medium': 'https://randomuser.me/api/portraits/med/women/75.jpg', 'thumbnail': 'https://randomuser.me/api/portraits/thumb/women/75.jpg'}, 'nat': 'NO'}], 'info': {'seed': '89dd3b8e3b99ae84', 'results': 1, 'page': 1, 'version': '1.4'}}</msg>
<arg>${json_data}</arg>
<doc>Logs the given message with the given level.</doc>
<status status="PASS" start="2024-03-21T07:13:09.839754" elapsed="0.000243"/>
</kw>
<kw name="Should Be Equal As Numbers" owner="BuiltIn">
<arg>${json_data['results'][0]['location']['postcode']}</arg>
<arg>${json_data['results'][0]['location']['postcode']}</arg>
<doc>Fails if objects are unequal after converting them to real numbers.</doc>
<status status="PASS" start="2024-03-21T07:13:09.840307" elapsed="0.000631"/>
</kw>
<kw name="Log" owner="BuiltIn">
<msg time="2024-03-21T07:13:09.841472" level="INFO">5583</msg>
<arg>${json_data['results'][0]['location']['postcode']}</arg>
<doc>Logs the given message with the given level.</doc>
<status status="PASS" start="2024-03-21T07:13:09.841132" elapsed="0.000382"/>
</kw>
<status status="PASS" start="2024-03-21T07:13:09.734846" elapsed="0.106931"/>
</kw>
<doc>Testa se os tipos de dados na resposta da API estão corretos.</doc>
<tag>testeTiposDados</tag>
<status status="PASS" start="2024-03-21T07:13:09.651080" elapsed="0.190875"/>
</test>
<test id="s1-s1-t5" name="Validar conteudo" line="46">
<kw name="Teste de Tipos de Conteudo">
<kw name="GET On Session" owner="RequestsLibrary">
<msg time="2024-03-21T07:13:09.941158" level="INFO">GET Request : url=https://randomuser.me/api 
 path_url=/api 
 headers={'User-Agent': 'python-requests/2.31.0', 'Accept-Encoding': 'gzip, deflate', 'Accept': '*/*', 'Connection': 'keep-alive'} 
 body=None 
 </msg>
<msg time="2024-03-21T07:13:09.941251" level="INFO">GET Response : url=https://randomuser.me/api 
 status=200, reason=OK 
 headers={'Date': 'Thu, 21 Mar 2024 07:13:09 GMT', 'Content-Type': 'application/json; charset=utf-8', 'Transfer-Encoding': 'chunked', 'Connection': 'keep-alive', 'X-Powered-By': 'Express', 'Access-Control-Allow-Origin': '*', 'Cache-Control': 'no-cache', 'ETag': 'W/"47e-S05IvgIpq6NgtUIW/QBD2/IxBEY"', 'Vary': 'Accept-Encoding', 'Content-Encoding': 'gzip', 'CF-Cache-Status': 'DYNAMIC', 'Report-To': '{"endpoints":[{"url":"https:\\/\\/a.nel.cloudflare.com\\/report\\/v4?s=4L%2FQiUu8dYtDEgFCDHw2BqwOhMyYy%2Fe4G4pIVJ2bh%2FLjnb4x7MKu327JIamoDMFZig5iR5V7xnyAwXYqLAJ9Rd1Hs%2BtShzrZl1uuSNAkF6o9nbyT9FCA%2Bgl2f1w4MHPs"}],"group":"cf-nel","max_age":604800}', 'NEL': '{"success_fraction":0,"report_to":"cf-nel","max_age":604800}', 'Server': 'cloudflare', 'CF-RAY': '867c234489922228-ORD', 'alt-svc': 'h3=":443"; ma=86400'} 
 body={"results":[{"gender":"female","name":{"title":"Miss","first":"Courtney","last":"Young"},"location":{"street":{"number":7257,"name":"W 6th St"},"city":"Perth","state":"Western Australia","country":"Australia","postcode":8900,"coordinates":{"latitude":"-89.5267","longitude":"124.3861"},"timezone":{"offset":"+3:30","description":"Tehran"}},"email":"courtney.young@example.com","login":{"uuid":"3f49bdae-3be6-4781-bab0-5e1a3d46ae32","username":"beautifulgoose906","password":"phpbb","salt":"R5zEIgpQ","md5":"194fb9103143d2ead747222441fc8a2d","sha1":"5d8c2cd357cfe455105bd9c440b9971b8948defa","sha256":"c6e3b7380025f38524b7e177b30aa0fa05ee276a80ac7de3390f211aeda737a2"},"dob":{"date":"1948-11-04T09:32:27.322Z","age":75},"registered":{"date":"2015-05-03T18:59:51.533Z","age":8},"phone":"08-3369-2186","cell":"0454-700-525","id":{"name":"TFN","value":"674814924"},"picture":{"large":"https://randomuser.me/api/portraits/women/19.jpg","medium":"https://randomuser.me/api/portraits/med/women/19.jpg","thumbnail":"https://randomuser.me/api/portraits/thumb/women/19.jpg"},"nat":"AU"}],"info":{"seed":"0f5f667e2c5b0c29","results":1,"page":1,"version":"1.4"}} 
 </msg>
<msg time="2024-03-21T07:13:09.941315" level="INFO">/opt/hostedtoolcache/Python/3.12.2/x64/lib/python3.12/site-packages/urllib3/connectionpool.py:1103: InsecureRequestWarning: Unverified HTTPS request is being made to host 'randomuser.me'. Adding certificate verification is strongly advised. See: https://urllib3.readthedocs.io/en/latest/advanced-usage.html#tls-warnings
  warnings.warn(</msg>
<msg time="2024-03-21T07:13:09.941444" level="INFO">${response} = &lt;Response [200]&gt;</msg>
<var>${response}</var>
<arg>consultarAPI</arg>
<arg>/api</arg>
<doc>Sends a GET request on a previously created HTTP Session.</doc>
<status status="PASS" start="2024-03-21T07:13:09.844544" elapsed="0.096939"/>
</kw>
<kw name="Set Variable" owner="BuiltIn">
<msg time="2024-03-21T07:13:09.942593" level="INFO">${json_data} = {'results': [{'gender': 'female', 'name': {'title': 'Miss', 'first': 'Courtney', 'last': 'Young'}, 'location': {'street': {'number': 7257, 'name': 'W 6th St'}, 'city': 'Perth', 'state': 'Western Austr...</msg>
<var>${json_data}</var>
<arg>${response.json()}</arg>
<doc>Returns the given values which can then be assigned to a variables.</doc>
<status status="PASS" start="2024-03-21T07:13:09.942065" elapsed="0.000556"/>
</kw>
<kw name="Set Variable" owner="BuiltIn">
<msg time="2024-03-21T07:13:09.943298" level="INFO">${name_title} = Miss</msg>
<var>${name_title}</var>
<arg>${json_data["results"][0]["name"]["title"]}</arg>
<doc>Returns the given values which can then be assigned to a variables.</doc>
<status status="PASS" start="2024-03-21T07:13:09.942915" elapsed="0.000409"/>
</kw>
<kw name="Create List" owner="BuiltIn">
<msg time="2024-03-21T07:13:09.943800" level="INFO">${allowed_titles} = ['Mr', 'Ms', 'Miss', 'Mrs', 'Madame', 'Monsieur']</msg>
<var>${allowed_titles}</var>
<arg>Mr</arg>
<arg>Ms</arg>
<arg>Miss</arg>
<arg>Mrs</arg>
<arg>Madame</arg>
<arg>Monsieur</arg>
<doc>Returns a list containing given items.</doc>
<status status="PASS" start="2024-03-21T07:13:09.943650" elapsed="0.000174"/>
</kw>
<kw name="List Should Contain Value" owner="Collections">
<msg time="2024-03-21T07:13:09.944282" level="INFO">False</msg>
<arg>${allowed_titles}</arg>
<arg>${name_title}</arg>
<doc>Fails if the ``value`` is not found from ``list``.</doc>
<status status="PASS" start="2024-03-21T07:13:09.944111" elapsed="0.000209"/>
</kw>
<kw name="Set Variable" owner="BuiltIn">
<msg time="2024-03-21T07:13:09.944993" level="INFO">${name_country} = AU</msg>
<var>${name_country}</var>
<arg>${json_data["results"][0]["nat"]}</arg>
<doc>Returns the given values which can then be assigned to a variables.</doc>
<status status="PASS" start="2024-03-21T07:13:09.944610" elapsed="0.000408"/>
</kw>
<kw name="Create List" owner="BuiltIn">
<msg time="2024-03-21T07:13:09.945905" level="INFO">${list_country} = ['AD', 'AE', 'AF', 'AG', 'AI', 'AL', 'AM', 'AO', 'AQ', 'AR', 'AS', 'AT', 'AU', 'AW', 'AX', 'AZ', 'BA', 'BB', 'BD', 'BE', 'BF', 'BG', 'BH', 'BI', 'BJ', 'BL', 'BM', 'BN', 'BO', 'BQ', 'BR', 'BS', 'BT', '...</msg>
<var>${list_country}</var>
<arg>AD</arg>
<arg>AE</arg>
<arg>AF</arg>
<arg>AG</arg>
<arg>AI</arg>
<arg>AL</arg>
<arg>AM</arg>
<arg>AO</arg>
<arg>AQ</arg>
<arg>AR</arg>
<arg>AS</arg>
<arg>AT</arg>
<arg>AU</arg>
<arg>AW</arg>
<arg>AX</arg>
<arg>AZ</arg>
<arg>BA</arg>
<arg>BB</arg>
<arg>BD</arg>
<arg>BE</arg>
<arg>BF</arg>
<arg>BG</arg>
<arg>BH</arg>
<arg>BI</arg>
<arg>BJ</arg>
<arg>BL</arg>
<arg>BM</arg>
<arg>BN</arg>
<arg>BO</arg>
<arg>BQ</arg>
<arg>BR</arg>
<arg>BS</arg>
<arg>BT</arg>
<arg>BV</arg>
<arg>BW</arg>
<arg>BY</arg>
<arg>BZ</arg>
<arg>CA</arg>
<arg>CC</arg>
<arg>CD</arg>
<arg>CF</arg>
<arg>CG</arg>
<arg>CH</arg>
<arg>CI</arg>
<arg>CK</arg>
<arg>CL</arg>
<arg>CM</arg>
<arg>CN</arg>
<arg>CO</arg>
<arg>CR</arg>
<arg>CU</arg>
<arg>CV</arg>
<arg>CW</arg>
<arg>CX</arg>
<arg>CY</arg>
<arg>CZ</arg>
<arg>DE</arg>
<arg>DJ</arg>
<arg>DK</arg>
<arg>DM</arg>
<arg>DO</arg>
<arg>DZ</arg>
<arg>EC</arg>
<arg>EE</arg>
<arg>EG</arg>
<arg>EH</arg>
<arg>ER</arg>
<arg>ES</arg>
<arg>ET</arg>
<arg>FI</arg>
<arg>FJ</arg>
<arg>FK</arg>
<arg>FM</arg>
<arg>FO</arg>
<arg>FR</arg>
<arg>GA</arg>
<arg>GB</arg>
<arg>GD</arg>
<arg>GE</arg>
<arg>GF</arg>
<arg>GG</arg>
<arg>GH</arg>
<arg>GI</arg>
<arg>GL</arg>
<arg>GM</arg>
<arg>GN</arg>
<arg>GP</arg>
<arg>GQ</arg>
<arg>GR</arg>
<arg>GS</arg>
<arg>GT</arg>
<arg>GU</arg>
<arg>GW</arg>
<arg>GY</arg>
<arg>HK</arg>
<arg>HM</arg>
<arg>HN</arg>
<arg>HR</arg>
<arg>HT</arg>
<arg>HU</arg>
<arg>ID</arg>
<arg>IE</arg>
<arg>IL</arg>
<arg>IM</arg>
<arg>IN</arg>
<arg>IO</arg>
<arg>IQ</arg>
<arg>IR</arg>
<arg>IS</arg>
<arg>IT</arg>
<arg>JE</arg>
<arg>JM</arg>
<arg>JO</arg>
<arg>JP</arg>
<arg>KE</arg>
<arg>KG</arg>
<arg>KH</arg>
<arg>KI</arg>
<arg>KM</arg>
<arg>KN</arg>
<arg>KP</arg>
<arg>KR</arg>
<arg>KW</arg>
<arg>KY</arg>
<arg>KZ</arg>
<arg>LA</arg>
<arg>LB</arg>
<arg>LC</arg>
<arg>LI</arg>
<arg>LK</arg>
<arg>LR</arg>
<arg>LS</arg>
<arg>LT</arg>
<arg>LU</arg>
<arg>LV</arg>
<arg>LY</arg>
<arg>MA</arg>
<arg>MC</arg>
<arg>MD</arg>
<arg>ME</arg>
<arg>MF</arg>
<arg>MG</arg>
<arg>MH</arg>
<arg>MK</arg>
<arg>ML</arg>
<arg>MM</arg>
<arg>MN</arg>
<arg>MO</arg>
<arg>MP</arg>
<arg>MQ</arg>
<arg>MR</arg>
<arg>MS</arg>
<arg>MT</arg>
<arg>MU</arg>
<arg>MV</arg>
<arg>MW</arg>
<arg>MX</arg>
<arg>MY</arg>
<arg>MZ</arg>
<arg>NA</arg>
<arg>NC</arg>
<arg>NE</arg>
<arg>NF</arg>
<arg>NG</arg>
<arg>NI</arg>
<arg>NL</arg>
<arg>NO</arg>
<arg>NP</arg>
<arg>NR</arg>
<arg>NU</arg>
<arg>NZ</arg>
<arg>OM</arg>
<arg>PA</arg>
<arg>PE</arg>
<arg>PF</arg>
<arg>PG</arg>
<arg>PH</arg>
<arg>PK</arg>
<arg>PL</arg>
<arg>PM</arg>
<arg>PN</arg>
<arg>PR</arg>
<arg>PS</arg>
<arg>PT</arg>
<arg>PW</arg>
<arg>PY</arg>
<arg>QA</arg>
<arg>RE</arg>
<arg>RO</arg>
<arg>RS</arg>
<arg>RU</arg>
<arg>RW</arg>
<arg>SA</arg>
<arg>SB</arg>
<arg>SC</arg>
<arg>SD</arg>
<arg>SE</arg>
<arg>SG</arg>
<arg>SH</arg>
<arg>SI</arg>
<arg>SJ</arg>
<arg>SK</arg>
<arg>SL</arg>
<arg>SM</arg>
<arg>SN</arg>
<arg>SO</arg>
<arg>SR</arg>
<arg>SS</arg>
<arg>ST</arg>
<arg>SV</arg>
<arg>SX</arg>
<arg>SY</arg>
<arg>SZ</arg>
<arg>TC</arg>
<arg>TD</arg>
<arg>TF</arg>
<arg>TG</arg>
<arg>TH</arg>
<arg>TJ</arg>
<arg>TK</arg>
<arg>TL</arg>
<arg>TM</arg>
<arg>TN</arg>
<arg>TO</arg>
<arg>TR</arg>
<arg>TT</arg>
<arg>TV</arg>
<arg>TW</arg>
<arg>TZ</arg>
<arg>UA</arg>
<arg>UG</arg>
<arg>UM</arg>
<arg>US</arg>
<arg>UY</arg>
<arg>UZ</arg>
<arg>VA</arg>
<arg>VC</arg>
<arg>VE</arg>
<arg>VG</arg>
<arg>VI</arg>
<arg>VN</arg>
<arg>VU</arg>
<arg>WF</arg>
<arg>WS</arg>
<arg>XK</arg>
<arg>YE</arg>
<arg>YT</arg>
<arg>ZA</arg>
<arg>ZM</arg>
<arg>ZW</arg>
<doc>Returns a list containing given items.</doc>
<status status="PASS" start="2024-03-21T07:13:09.945311" elapsed="0.000619"/>
</kw>
<kw name="List Should Contain Value" owner="Collections">
<msg time="2024-03-21T07:13:09.947103" level="INFO">False</msg>
<arg>${list_country}</arg>
<arg>${name_country}</arg>
<doc>Fails if the ``value`` is not found from ``list``.</doc>
<status status="PASS" start="2024-03-21T07:13:09.946895" elapsed="0.000245"/>
</kw>
<kw name="Run Keyword If" owner="BuiltIn">
<kw name="Should Be True" owner="BuiltIn">
<arg>${True}</arg>
<doc>Fails if the given condition is not true.</doc>
<status status="PASS" start="2024-03-21T07:13:09.948220" elapsed="0.000144"/>
</kw>
<arg>${json_data["results"][0]["location"]["coordinates"]["latitude"]} &gt;= -90 and ${json_data["results"][0]["location"]["coordinates"]["latitude"]} &lt;= 90</arg>
<arg>Should Be True</arg>
<arg>${True}</arg>
<doc>Runs the given keyword with the given arguments, if ``condition`` is true.</doc>
<status status="PASS" start="2024-03-21T07:13:09.947473" elapsed="0.001019"/>
</kw>
<kw name="Run Keyword If" owner="BuiltIn">
<kw name="Should Be True" owner="BuiltIn">
<arg>${True}</arg>
<doc>Fails if the given condition is not true.</doc>
<status status="PASS" start="2024-03-21T07:13:09.949346" elapsed="0.000137"/>
</kw>
<arg>${json_data["results"][0]["location"]["coordinates"]["longitude"]} &gt;= -180 and ${json_data["results"][0]["location"]["coordinates"]["longitude"]} &lt;= 180</arg>
<arg>Should Be True</arg>
<arg>${True}</arg>
<doc>Runs the given keyword with the given arguments, if ``condition`` is true.</doc>
<status status="PASS" start="2024-03-21T07:13:09.948667" elapsed="0.000939"/>
</kw>
<status status="PASS" start="2024-03-21T07:13:09.844321" elapsed="0.105416"/>
</kw>
<doc>Testa o conteúdo específico dos campos retornados pela API.</doc>
<tag>testeConteudo</tag>
<status status="PASS" start="2024-03-21T07:13:09.843745" elapsed="0.106146"/>
</test>
<status status="PASS" start="2024-03-21T07:13:09.057848" elapsed="0.894019"/>
</suite>
<status status="PASS" start="2024-03-21T07:13:09.044102" elapsed="0.914781"/>
</suite>
<statistics>
<total>
<stat pass="5" fail="0" skip="0">All Tests</stat>
</total>
<tag>
<stat pass="1" fail="0" skip="0">testeConteudo</stat>
<stat pass="1" fail="0" skip="0">testeEstruturaResposta</stat>
<stat pass="1" fail="0" skip="0">testeRequisicaoBasica</stat>
<stat pass="1" fail="0" skip="0">testeTiposDados</stat>
</tag>
<suite>
<stat pass="5" fail="0" skip="0" id="s1" name="Tests">Tests</stat>
<stat pass="5" fail="0" skip="0" id="s1-s1" name="Random-User-Test">Tests.Random-User-Test</stat>
</suite>
</statistics>
<errors>
</errors>
</robot>
