<?xml version="1.0" encoding="UTF-8"?>
<robot generator="Robot 7.0.1 (Python 3.12.4 on linux)" generated="2024-06-29T12:27:30.993679" rpa="false" schemaversion="5">
<suite id="s1" name="Tests" source="/home/runner/work/ApiRandomUser/ApiRandomUser/RamdonUser/tests">
<suite id="s1-s1" name="Random-User-Test" source="/home/runner/work/ApiRandomUser/ApiRandomUser/RamdonUser/tests/random-user-test.robot">
<test id="s1-s1-t1" name="Conectar" line="13">
<kw name="Conectar API" owner="random-user-service">
<kw name="Create Session" owner="RequestsLibrary">
<msg time="2024-06-29T12:27:31.412730" level="INFO">Creating Session using : alias=consultarAPI, url=https://randomuser.me/, headers={},                     cookies={}, auth=None, timeout=None, proxies=None, verify=False,                     debug=0 </msg>
<arg>consultarAPI</arg>
<arg>${URL}</arg>
<doc>Create Session: create a HTTP session to a server</doc>
<status status="PASS" start="2024-06-29T12:27:31.412520" elapsed="0.000403"/>
</kw>
<status status="PASS" start="2024-06-29T12:27:31.411530" elapsed="0.001757"/>
</kw>
<status status="PASS" start="2024-06-29T12:27:31.410959" elapsed="0.002519"/>
</test>
<test id="s1-s1-t2" name="Validar retorno 200 e JSON Válido" line="16">
<kw name="Teste de Requisicao Basica" owner="random-user-service">
<kw name="GET On Session" owner="RequestsLibrary">
<msg time="2024-06-29T12:27:31.579251" level="INFO">GET Request : url=https://randomuser.me/api 
 path_url=/api 
 headers={'User-Agent': 'python-requests/2.32.3', 'Accept-Encoding': 'gzip, deflate', 'Accept': '*/*', 'Connection': 'keep-alive'} 
 body=None 
 </msg>
<msg time="2024-06-29T12:27:31.579405" level="INFO">GET Response : url=https://randomuser.me/api 
 status=200, reason=OK 
 headers={'Date': 'Sat, 29 Jun 2024 12:27:31 GMT', 'Content-Type': 'application/json; charset=utf-8', 'Transfer-Encoding': 'chunked', 'Connection': 'keep-alive', 'X-Powered-By': 'Express', 'Access-Control-Allow-Origin': '*', 'Cache-Control': 'no-cache', 'ETag': 'W/"499-HbPgH8aBwHeAz1IgESmBf+kF2j0"', 'Vary': 'Accept-Encoding', 'Content-Encoding': 'gzip', 'CF-Cache-Status': 'DYNAMIC', 'Report-To': '{"endpoints":[{"url":"https:\\/\\/a.nel.cloudflare.com\\/report\\/v4?s=vOgyD5nu7FQVysWlLXEYGJKe0RIecqb7TZ5473uikYbnYcZO2iE%2Bvbgve202bnXBh1ZPP6JlWWDsChFyRhuO5Fow%2B7TsWx5Iu3jQU%2F4ruVCbbB%2FC3%2BWH09S12W8%2B3ZpQ"}],"group":"cf-nel","max_age":604800}', 'NEL': '{"success_fraction":0,"report_to":"cf-nel","max_age":604800}', 'Server': 'cloudflare', 'CF-RAY': '89b5e941c9372a9b-LAX', 'alt-svc': 'h3=":443"; ma=86400'} 
 body={"results":[{"gender":"female","name":{"title":"Miss","first":"Serafima","last":"Shariy"},"location":{"street":{"number":7000,"name":"Provulok Levanevskogo"},"city":"Ugniv","state":"Dnipropetrovska","country":"Ukraine","postcode":35892,"coordinates":{"latitude":"79.8540","longitude":"142.7065"},"timezone":{"offset":"-1:00","description":"Azores, Cape Verde Islands"}},"email":"serafima.shariy@example.com","login":{"uuid":"ce36bbe2-4e56-457b-bfd4-b9b5a612c151","username":"crazypeacock647","password":"spongebo","salt":"3uzvETo0","md5":"547c5e8a88cd976db184b4c98cfd3dea","sha1":"6e0a12ea883f1df1721dfe2b74587b5e7b4d3ce2","sha256":"94254183aa99f487124858e9198ae958708458505154bdacfa9fc4e173ced648"},"dob":{"date":"1983-11-04T08:43:26.764Z","age":40},"registered":{"date":"2009-02-11T08:23:24.405Z","age":15},"phone":"(068) C17-1310","cell":"(097) V99-1984","id":{"name":"","value":null},"picture":{"large":"https://randomuser.me/api/portraits/women/63.jpg","medium":"https://randomuser.me/api/portraits/med/women/63.jpg","thumbnail":"https://randomuser.me/api/portraits/thumb/women/63.jpg"},"nat":"UA"}],"info":{"seed":"1020939e3fb0439a","results":1,"page":1,"version":"1.4"}} 
 </msg>
<msg time="2024-06-29T12:27:31.579500" level="INFO">/opt/hostedtoolcache/Python/3.12.4/x64/lib/python3.12/site-packages/urllib3/connectionpool.py:1099: InsecureRequestWarning: Unverified HTTPS request is being made to host 'randomuser.me'. Adding certificate verification is strongly advised. See: https://urllib3.readthedocs.io/en/latest/advanced-usage.html#tls-warnings
  warnings.warn(</msg>
<msg time="2024-06-29T12:27:31.579643" level="INFO">${response} = &lt;Response [200]&gt;</msg>
<var>${response}</var>
<arg>consultarAPI</arg>
<arg>/api</arg>
<doc>Sends a GET request on a previously created HTTP Session.</doc>
<status status="PASS" start="2024-06-29T12:27:31.416087" elapsed="0.163601"/>
</kw>
<kw name="Should Be Equal As Numbers" owner="BuiltIn">
<msg time="2024-06-29T12:27:31.580711" level="INFO">Argument types are:
&lt;class 'int'&gt;
&lt;class 'str'&gt;</msg>
<arg>${response.status_code}</arg>
<arg>200</arg>
<doc>Fails if objects are unequal after converting them to real numbers.</doc>
<status status="PASS" start="2024-06-29T12:27:31.580244" elapsed="0.000531"/>
</kw>
<kw name="Log" owner="BuiltIn">
<msg time="2024-06-29T12:27:31.581435" level="INFO">200</msg>
<arg>${response.status_code}</arg>
<doc>Logs the given message with the given level.</doc>
<status status="PASS" start="2024-06-29T12:27:31.581090" elapsed="0.000387"/>
</kw>
<kw name="Set Variable" owner="BuiltIn">
<msg time="2024-06-29T12:27:31.582281" level="INFO">${json_data} = {'results': [{'gender': 'female', 'name': {'title': 'Miss', 'first': 'Serafima', 'last': 'Shariy'}, 'location': {'street': {'number': 7000, 'name': 'Provulok Levanevskogo'}, 'city': 'Ugniv', 'state': ...</msg>
<var>${json_data}</var>
<arg>${response.json()}</arg>
<doc>Returns the given values which can then be assigned to a variables.</doc>
<status status="PASS" start="2024-06-29T12:27:31.581787" elapsed="0.000521"/>
</kw>
<kw name="Dictionary Should Contain Key" owner="Collections">
<arg>${json_data}</arg>
<arg>results</arg>
<doc>Fails if ``key`` is not found from ``dictionary``.</doc>
<status status="PASS" start="2024-06-29T12:27:31.582605" elapsed="0.000170"/>
</kw>
<status status="PASS" start="2024-06-29T12:27:31.415840" elapsed="0.167087"/>
</kw>
<doc>Testa se a API responde corretamente e retorna um objeto JSON válido.</doc>
<tag>testeRequisicaoBasica</tag>
<status status="PASS" start="2024-06-29T12:27:31.415383" elapsed="0.167721"/>
</test>
<test id="s1-s1-t3" name="Validar estrutura de resposta" line="22">
<kw name="Teste de Estrutura de Resposta" owner="random-user-service">
<kw name="GET On Session" owner="RequestsLibrary">
<msg time="2024-06-29T12:27:31.694084" level="INFO">GET Request : url=https://randomuser.me/api 
 path_url=/api 
 headers={'User-Agent': 'python-requests/2.32.3', 'Accept-Encoding': 'gzip, deflate', 'Accept': '*/*', 'Connection': 'keep-alive'} 
 body=None 
 </msg>
<msg time="2024-06-29T12:27:31.694191" level="INFO">GET Response : url=https://randomuser.me/api 
 status=200, reason=OK 
 headers={'Date': 'Sat, 29 Jun 2024 12:27:31 GMT', 'Content-Type': 'application/json; charset=utf-8', 'Transfer-Encoding': 'chunked', 'Connection': 'keep-alive', 'X-Powered-By': 'Express', 'Access-Control-Allow-Origin': '*', 'Cache-Control': 'no-cache', 'ETag': 'W/"49e-6EGGK1cVylhSSEAuy5nJu40gy/w"', 'Vary': 'Accept-Encoding', 'Content-Encoding': 'gzip', 'CF-Cache-Status': 'DYNAMIC', 'Report-To': '{"endpoints":[{"url":"https:\\/\\/a.nel.cloudflare.com\\/report\\/v4?s=E3EdKrg9AKChzdpkoW1MJpq1R5Tohv8T%2BfdESAR0oH8saziYx4PQXp4ynhJ4aa86zaWHQkKBaiZw%2F7dlCnhTrkkHfGbHngpUaiydEdqZ04rjEL4phliyqIfe6U1b7s2g"}],"group":"cf-nel","max_age":604800}', 'NEL': '{"success_fraction":0,"report_to":"cf-nel","max_age":604800}', 'Server': 'cloudflare', 'CF-RAY': '89b5e94269a22a9b-LAX', 'alt-svc': 'h3=":443"; ma=86400'} 
 body={"results":[{"gender":"male","name":{"title":"Mr","first":"Florian","last":"Fabre"},"location":{"street":{"number":2884,"name":"Place de la Mairie"},"city":"Bordeaux","state":"La Réunion","country":"France","postcode":44581,"coordinates":{"latitude":"-19.1647","longitude":"-143.4336"},"timezone":{"offset":"+11:00","description":"Magadan, Solomon Islands, New Caledonia"}},"email":"florian.fabre@example.com","login":{"uuid":"54f44286-6f26-41ae-b0a2-d9e912ed1696","username":"reddog875","password":"1946","salt":"y9lyeN6S","md5":"30f9224843ec622fbc21055df2dd938b","sha1":"c8f52ff6ce8d0d0af44bf6700d7f5a6723388d14","sha256":"344dcad135ec42a9654b23c5e81d893e8f0e9d7abff117300d36e7e0fdec2c0b"},"dob":{"date":"1980-01-05T22:30:08.996Z","age":44},"registered":{"date":"2020-06-12T04:00:23.592Z","age":4},"phone":"01-18-81-45-40","cell":"06-53-98-18-45","id":{"name":"INSEE","value":"1800094737687 86"},"picture":{"large":"https://randomuser.me/api/portraits/men/58.jpg","medium":"https://randomuser.me/api/portraits/med/men/58.jpg","thumbnail":"https://randomuser.me/api/portraits/thumb/men/58.jpg"},"nat":"FR"}],"info":{"seed":"522d50364117344d","results":1,"page":1,"version":"1.4"}} 
 </msg>
<msg time="2024-06-29T12:27:31.694333" level="INFO">/opt/hostedtoolcache/Python/3.12.4/x64/lib/python3.12/site-packages/urllib3/connectionpool.py:1099: InsecureRequestWarning: Unverified HTTPS request is being made to host 'randomuser.me'. Adding certificate verification is strongly advised. See: https://urllib3.readthedocs.io/en/latest/advanced-usage.html#tls-warnings
  warnings.warn(</msg>
<msg time="2024-06-29T12:27:31.694457" level="INFO">${response} = &lt;Response [200]&gt;</msg>
<var>${response}</var>
<arg>consultarAPI</arg>
<arg>/api</arg>
<doc>Sends a GET request on a previously created HTTP Session.</doc>
<status status="PASS" start="2024-06-29T12:27:31.585701" elapsed="0.108783"/>
</kw>
<kw name="Set Variable" owner="BuiltIn">
<msg time="2024-06-29T12:27:31.695560" level="INFO">${json_data} = {'results': [{'gender': 'male', 'name': {'title': 'Mr', 'first': 'Florian', 'last': 'Fabre'}, 'location': {'street': {'number': 2884, 'name': 'Place de la Mairie'}, 'city': 'Bordeaux', 'state': 'La Ré...</msg>
<var>${json_data}</var>
<arg>${response.json()}</arg>
<doc>Returns the given values which can then be assigned to a variables.</doc>
<status status="PASS" start="2024-06-29T12:27:31.695035" elapsed="0.000553"/>
</kw>
<kw name="Log" owner="BuiltIn">
<msg time="2024-06-29T12:27:31.696059" level="INFO">{'results': [{'gender': 'male', 'name': {'title': 'Mr', 'first': 'Florian', 'last': 'Fabre'}, 'location': {'street': {'number': 2884, 'name': 'Place de la Mairie'}, 'city': 'Bordeaux', 'state': 'La Réunion', 'country': 'France', 'postcode': 44581, 'coordinates': {'latitude': '-19.1647', 'longitude': '-143.4336'}, 'timezone': {'offset': '+11:00', 'description': 'Magadan, Solomon Islands, New Caledonia'}}, 'email': 'florian.fabre@example.com', 'login': {'uuid': '54f44286-6f26-41ae-b0a2-d9e912ed1696', 'username': 'reddog875', 'password': '1946', 'salt': 'y9lyeN6S', 'md5': '30f9224843ec622fbc21055df2dd938b', 'sha1': 'c8f52ff6ce8d0d0af44bf6700d7f5a6723388d14', 'sha256': '344dcad135ec42a9654b23c5e81d893e8f0e9d7abff117300d36e7e0fdec2c0b'}, 'dob': {'date': '1980-01-05T22:30:08.996Z', 'age': 44}, 'registered': {'date': '2020-06-12T04:00:23.592Z', 'age': 4}, 'phone': '01-18-81-45-40', 'cell': '06-53-98-18-45', 'id': {'name': 'INSEE', 'value': '1800094737687 86'}, 'picture': {'large': 'https://randomuser.me/api/portraits/men/58.jpg', 'medium': 'https://randomuser.me/api/portraits/med/men/58.jpg', 'thumbnail': 'https://randomuser.me/api/portraits/thumb/men/58.jpg'}, 'nat': 'FR'}], 'info': {'seed': '522d50364117344d', 'results': 1, 'page': 1, 'version': '1.4'}}</msg>
<arg>${json_data}</arg>
<doc>Logs the given message with the given level.</doc>
<status status="PASS" start="2024-06-29T12:27:31.695895" elapsed="0.000212"/>
</kw>
<kw name="Dictionary Should Contain Key" owner="Collections">
<arg>${json_data}</arg>
<arg>results</arg>
<doc>Fails if ``key`` is not found from ``dictionary``.</doc>
<status status="PASS" start="2024-06-29T12:27:31.696394" elapsed="0.000155"/>
</kw>
<kw name="Should Not Be Empty" owner="BuiltIn">
<msg time="2024-06-29T12:27:31.696859" level="INFO">Length is 2.</msg>
<arg>${json_data}</arg>
<doc>Verifies that the given item is not empty.</doc>
<status status="PASS" start="2024-06-29T12:27:31.696731" elapsed="0.000166"/>
</kw>
<kw name="Create List" owner="BuiltIn">
<msg time="2024-06-29T12:27:31.697495" level="INFO">${expected_keys} = ['gender', 'name', 'location', 'email', 'login']</msg>
<var>${expected_keys}</var>
<arg>gender</arg>
<arg>name</arg>
<arg>location</arg>
<arg>email</arg>
<arg>login</arg>
<doc>Returns a list containing given items.</doc>
<status status="PASS" start="2024-06-29T12:27:31.697191" elapsed="0.000328"/>
</kw>
<for flavor="IN">
<iter>
<kw name="Dictionary Should Contain Key" owner="Collections">
<arg>${json_data['results'][0]}</arg>
<arg>${key}</arg>
<doc>Fails if ``key`` is not found from ``dictionary``.</doc>
<status status="PASS" start="2024-06-29T12:27:31.698155" elapsed="0.000396"/>
</kw>
<kw name="Log" owner="BuiltIn">
<msg time="2024-06-29T12:27:31.699096" level="INFO">{'gender': 'male', 'name': {'title': 'Mr', 'first': 'Florian', 'last': 'Fabre'}, 'location': {'street': {'number': 2884, 'name': 'Place de la Mairie'}, 'city': 'Bordeaux', 'state': 'La Réunion', 'country': 'France', 'postcode': 44581, 'coordinates': {'latitude': '-19.1647', 'longitude': '-143.4336'}, 'timezone': {'offset': '+11:00', 'description': 'Magadan, Solomon Islands, New Caledonia'}}, 'email': 'florian.fabre@example.com', 'login': {'uuid': '54f44286-6f26-41ae-b0a2-d9e912ed1696', 'username': 'reddog875', 'password': '1946', 'salt': 'y9lyeN6S', 'md5': '30f9224843ec622fbc21055df2dd938b', 'sha1': 'c8f52ff6ce8d0d0af44bf6700d7f5a6723388d14', 'sha256': '344dcad135ec42a9654b23c5e81d893e8f0e9d7abff117300d36e7e0fdec2c0b'}, 'dob': {'date': '1980-01-05T22:30:08.996Z', 'age': 44}, 'registered': {'date': '2020-06-12T04:00:23.592Z', 'age': 4}, 'phone': '01-18-81-45-40', 'cell': '06-53-98-18-45', 'id': {'name': 'INSEE', 'value': '1800094737687 86'}, 'picture': {'large': 'https://randomuser.me/api/portraits/men/58.jpg', 'medium': 'https://randomuser.me/api/portraits/med/men/58.jpg', 'thumbnail': 'https://randomuser.me/api/portraits/thumb/men/58.jpg'}, 'nat': 'FR'}</msg>
<arg>${json_data['results'][0]}</arg>
<doc>Logs the given message with the given level.</doc>
<status status="PASS" start="2024-06-29T12:27:31.698734" elapsed="0.000412"/>
</kw>
<kw name="Log" owner="BuiltIn">
<msg time="2024-06-29T12:27:31.699574" level="INFO">gender</msg>
<arg>${key}</arg>
<doc>Logs the given message with the given level.</doc>
<status status="PASS" start="2024-06-29T12:27:31.699448" elapsed="0.000163"/>
</kw>
<var name="${key}">gender</var>
<status status="PASS" start="2024-06-29T12:27:31.698028" elapsed="0.001796"/>
</iter>
<iter>
<kw name="Dictionary Should Contain Key" owner="Collections">
<arg>${json_data['results'][0]}</arg>
<arg>${key}</arg>
<doc>Fails if ``key`` is not found from ``dictionary``.</doc>
<status status="PASS" start="2024-06-29T12:27:31.700116" elapsed="0.000382"/>
</kw>
<kw name="Log" owner="BuiltIn">
<msg time="2024-06-29T12:27:31.701061" level="INFO">{'gender': 'male', 'name': {'title': 'Mr', 'first': 'Florian', 'last': 'Fabre'}, 'location': {'street': {'number': 2884, 'name': 'Place de la Mairie'}, 'city': 'Bordeaux', 'state': 'La Réunion', 'country': 'France', 'postcode': 44581, 'coordinates': {'latitude': '-19.1647', 'longitude': '-143.4336'}, 'timezone': {'offset': '+11:00', 'description': 'Magadan, Solomon Islands, New Caledonia'}}, 'email': 'florian.fabre@example.com', 'login': {'uuid': '54f44286-6f26-41ae-b0a2-d9e912ed1696', 'username': 'reddog875', 'password': '1946', 'salt': 'y9lyeN6S', 'md5': '30f9224843ec622fbc21055df2dd938b', 'sha1': 'c8f52ff6ce8d0d0af44bf6700d7f5a6723388d14', 'sha256': '344dcad135ec42a9654b23c5e81d893e8f0e9d7abff117300d36e7e0fdec2c0b'}, 'dob': {'date': '1980-01-05T22:30:08.996Z', 'age': 44}, 'registered': {'date': '2020-06-12T04:00:23.592Z', 'age': 4}, 'phone': '01-18-81-45-40', 'cell': '06-53-98-18-45', 'id': {'name': 'INSEE', 'value': '1800094737687 86'}, 'picture': {'large': 'https://randomuser.me/api/portraits/men/58.jpg', 'medium': 'https://randomuser.me/api/portraits/med/men/58.jpg', 'thumbnail': 'https://randomuser.me/api/portraits/thumb/men/58.jpg'}, 'nat': 'FR'}</msg>
<arg>${json_data['results'][0]}</arg>
<doc>Logs the given message with the given level.</doc>
<status status="PASS" start="2024-06-29T12:27:31.700676" elapsed="0.000434"/>
</kw>
<kw name="Log" owner="BuiltIn">
<msg time="2024-06-29T12:27:31.701526" level="INFO">name</msg>
<arg>${key}</arg>
<doc>Logs the given message with the given level.</doc>
<status status="PASS" start="2024-06-29T12:27:31.701403" elapsed="0.000159"/>
</kw>
<var name="${key}">name</var>
<status status="PASS" start="2024-06-29T12:27:31.700007" elapsed="0.001769"/>
</iter>
<iter>
<kw name="Dictionary Should Contain Key" owner="Collections">
<arg>${json_data['results'][0]}</arg>
<arg>${key}</arg>
<doc>Fails if ``key`` is not found from ``dictionary``.</doc>
<status status="PASS" start="2024-06-29T12:27:31.702088" elapsed="0.000371"/>
</kw>
<kw name="Log" owner="BuiltIn">
<msg time="2024-06-29T12:27:31.702999" level="INFO">{'gender': 'male', 'name': {'title': 'Mr', 'first': 'Florian', 'last': 'Fabre'}, 'location': {'street': {'number': 2884, 'name': 'Place de la Mairie'}, 'city': 'Bordeaux', 'state': 'La Réunion', 'country': 'France', 'postcode': 44581, 'coordinates': {'latitude': '-19.1647', 'longitude': '-143.4336'}, 'timezone': {'offset': '+11:00', 'description': 'Magadan, Solomon Islands, New Caledonia'}}, 'email': 'florian.fabre@example.com', 'login': {'uuid': '54f44286-6f26-41ae-b0a2-d9e912ed1696', 'username': 'reddog875', 'password': '1946', 'salt': 'y9lyeN6S', 'md5': '30f9224843ec622fbc21055df2dd938b', 'sha1': 'c8f52ff6ce8d0d0af44bf6700d7f5a6723388d14', 'sha256': '344dcad135ec42a9654b23c5e81d893e8f0e9d7abff117300d36e7e0fdec2c0b'}, 'dob': {'date': '1980-01-05T22:30:08.996Z', 'age': 44}, 'registered': {'date': '2020-06-12T04:00:23.592Z', 'age': 4}, 'phone': '01-18-81-45-40', 'cell': '06-53-98-18-45', 'id': {'name': 'INSEE', 'value': '1800094737687 86'}, 'picture': {'large': 'https://randomuser.me/api/portraits/men/58.jpg', 'medium': 'https://randomuser.me/api/portraits/med/men/58.jpg', 'thumbnail': 'https://randomuser.me/api/portraits/thumb/men/58.jpg'}, 'nat': 'FR'}</msg>
<arg>${json_data['results'][0]}</arg>
<doc>Logs the given message with the given level.</doc>
<status status="PASS" start="2024-06-29T12:27:31.702654" elapsed="0.000393"/>
</kw>
<kw name="Log" owner="BuiltIn">
<msg time="2024-06-29T12:27:31.703464" level="INFO">location</msg>
<arg>${key}</arg>
<doc>Logs the given message with the given level.</doc>
<status status="PASS" start="2024-06-29T12:27:31.703340" elapsed="0.000160"/>
</kw>
<var name="${key}">location</var>
<status status="PASS" start="2024-06-29T12:27:31.701972" elapsed="0.001741"/>
</iter>
<iter>
<kw name="Dictionary Should Contain Key" owner="Collections">
<arg>${json_data['results'][0]}</arg>
<arg>${key}</arg>
<doc>Fails if ``key`` is not found from ``dictionary``.</doc>
<status status="PASS" start="2024-06-29T12:27:31.703985" elapsed="0.000383"/>
</kw>
<kw name="Log" owner="BuiltIn">
<msg time="2024-06-29T12:27:31.704890" level="INFO">{'gender': 'male', 'name': {'title': 'Mr', 'first': 'Florian', 'last': 'Fabre'}, 'location': {'street': {'number': 2884, 'name': 'Place de la Mairie'}, 'city': 'Bordeaux', 'state': 'La Réunion', 'country': 'France', 'postcode': 44581, 'coordinates': {'latitude': '-19.1647', 'longitude': '-143.4336'}, 'timezone': {'offset': '+11:00', 'description': 'Magadan, Solomon Islands, New Caledonia'}}, 'email': 'florian.fabre@example.com', 'login': {'uuid': '54f44286-6f26-41ae-b0a2-d9e912ed1696', 'username': 'reddog875', 'password': '1946', 'salt': 'y9lyeN6S', 'md5': '30f9224843ec622fbc21055df2dd938b', 'sha1': 'c8f52ff6ce8d0d0af44bf6700d7f5a6723388d14', 'sha256': '344dcad135ec42a9654b23c5e81d893e8f0e9d7abff117300d36e7e0fdec2c0b'}, 'dob': {'date': '1980-01-05T22:30:08.996Z', 'age': 44}, 'registered': {'date': '2020-06-12T04:00:23.592Z', 'age': 4}, 'phone': '01-18-81-45-40', 'cell': '06-53-98-18-45', 'id': {'name': 'INSEE', 'value': '1800094737687 86'}, 'picture': {'large': 'https://randomuser.me/api/portraits/men/58.jpg', 'medium': 'https://randomuser.me/api/portraits/med/men/58.jpg', 'thumbnail': 'https://randomuser.me/api/portraits/thumb/men/58.jpg'}, 'nat': 'FR'}</msg>
<arg>${json_data['results'][0]}</arg>
<doc>Logs the given message with the given level.</doc>
<status status="PASS" start="2024-06-29T12:27:31.704545" elapsed="0.000394"/>
</kw>
<kw name="Log" owner="BuiltIn">
<msg time="2024-06-29T12:27:31.705358" level="INFO">email</msg>
<arg>${key}</arg>
<doc>Logs the given message with the given level.</doc>
<status status="PASS" start="2024-06-29T12:27:31.705235" elapsed="0.000160"/>
</kw>
<var name="${key}">email</var>
<status status="PASS" start="2024-06-29T12:27:31.703880" elapsed="0.001731"/>
</iter>
<iter>
<kw name="Dictionary Should Contain Key" owner="Collections">
<arg>${json_data['results'][0]}</arg>
<arg>${key}</arg>
<doc>Fails if ``key`` is not found from ``dictionary``.</doc>
<status status="PASS" start="2024-06-29T12:27:31.705891" elapsed="0.000431"/>
</kw>
<kw name="Log" owner="BuiltIn">
<msg time="2024-06-29T12:27:31.706851" level="INFO">{'gender': 'male', 'name': {'title': 'Mr', 'first': 'Florian', 'last': 'Fabre'}, 'location': {'street': {'number': 2884, 'name': 'Place de la Mairie'}, 'city': 'Bordeaux', 'state': 'La Réunion', 'country': 'France', 'postcode': 44581, 'coordinates': {'latitude': '-19.1647', 'longitude': '-143.4336'}, 'timezone': {'offset': '+11:00', 'description': 'Magadan, Solomon Islands, New Caledonia'}}, 'email': 'florian.fabre@example.com', 'login': {'uuid': '54f44286-6f26-41ae-b0a2-d9e912ed1696', 'username': 'reddog875', 'password': '1946', 'salt': 'y9lyeN6S', 'md5': '30f9224843ec622fbc21055df2dd938b', 'sha1': 'c8f52ff6ce8d0d0af44bf6700d7f5a6723388d14', 'sha256': '344dcad135ec42a9654b23c5e81d893e8f0e9d7abff117300d36e7e0fdec2c0b'}, 'dob': {'date': '1980-01-05T22:30:08.996Z', 'age': 44}, 'registered': {'date': '2020-06-12T04:00:23.592Z', 'age': 4}, 'phone': '01-18-81-45-40', 'cell': '06-53-98-18-45', 'id': {'name': 'INSEE', 'value': '1800094737687 86'}, 'picture': {'large': 'https://randomuser.me/api/portraits/men/58.jpg', 'medium': 'https://randomuser.me/api/portraits/med/men/58.jpg', 'thumbnail': 'https://randomuser.me/api/portraits/thumb/men/58.jpg'}, 'nat': 'FR'}</msg>
<arg>${json_data['results'][0]}</arg>
<doc>Logs the given message with the given level.</doc>
<status status="PASS" start="2024-06-29T12:27:31.706504" elapsed="0.000397"/>
</kw>
<kw name="Log" owner="BuiltIn">
<msg time="2024-06-29T12:27:31.707317" level="INFO">login</msg>
<arg>${key}</arg>
<doc>Logs the given message with the given level.</doc>
<status status="PASS" start="2024-06-29T12:27:31.707193" elapsed="0.000161"/>
</kw>
<var name="${key}">login</var>
<status status="PASS" start="2024-06-29T12:27:31.705777" elapsed="0.001791"/>
</iter>
<var>${key}</var>
<value>@{expected_keys}</value>
<status status="PASS" start="2024-06-29T12:27:31.697782" elapsed="0.009904"/>
</for>
<kw name="Create List" owner="BuiltIn">
<msg time="2024-06-29T12:27:31.708050" level="INFO">${expected_keysTwo} = ['username', 'password']</msg>
<var>${expected_keysTwo}</var>
<arg>username</arg>
<arg>password</arg>
<doc>Returns a list containing given items.</doc>
<status status="PASS" start="2024-06-29T12:27:31.707909" elapsed="0.000165"/>
</kw>
<for flavor="IN">
<iter>
<kw name="Dictionary Should Contain Key" owner="Collections">
<arg>${json_data['results'][0]['login']}</arg>
<arg>${keyTwo}</arg>
<doc>Fails if ``key`` is not found from ``dictionary``.</doc>
<status status="PASS" start="2024-06-29T12:27:31.708563" elapsed="0.000375"/>
</kw>
<kw name="Dictionary Should Contain Key" owner="Collections">
<arg>${json_data['results'][0]['login']}</arg>
<arg>${keyTwo}</arg>
<doc>Fails if ``key`` is not found from ``dictionary``.</doc>
<status status="PASS" start="2024-06-29T12:27:31.709113" elapsed="0.000371"/>
</kw>
<kw name="Log" owner="BuiltIn">
<msg time="2024-06-29T12:27:31.709781" level="INFO">username</msg>
<arg>${keyTwo}</arg>
<doc>Logs the given message with the given level.</doc>
<status status="PASS" start="2024-06-29T12:27:31.709662" elapsed="0.000155"/>
</kw>
<var name="${keyTwo}">username</var>
<status status="PASS" start="2024-06-29T12:27:31.708459" elapsed="0.001607"/>
</iter>
<iter>
<kw name="Dictionary Should Contain Key" owner="Collections">
<arg>${json_data['results'][0]['login']}</arg>
<arg>${keyTwo}</arg>
<doc>Fails if ``key`` is not found from ``dictionary``.</doc>
<status status="PASS" start="2024-06-29T12:27:31.710341" elapsed="0.000378"/>
</kw>
<kw name="Dictionary Should Contain Key" owner="Collections">
<arg>${json_data['results'][0]['login']}</arg>
<arg>${keyTwo}</arg>
<doc>Fails if ``key`` is not found from ``dictionary``.</doc>
<status status="PASS" start="2024-06-29T12:27:31.710894" elapsed="0.000387"/>
</kw>
<kw name="Log" owner="BuiltIn">
<msg time="2024-06-29T12:27:31.711569" level="INFO">password</msg>
<arg>${keyTwo}</arg>
<doc>Logs the given message with the given level.</doc>
<status status="PASS" start="2024-06-29T12:27:31.711452" elapsed="0.000158"/>
</kw>
<var name="${keyTwo}">password</var>
<status status="PASS" start="2024-06-29T12:27:31.710237" elapsed="0.001680"/>
</iter>
<var>${keyTwo}</var>
<value>@{expected_keysTwo}</value>
<status status="PASS" start="2024-06-29T12:27:31.708308" elapsed="0.003726"/>
</for>
<status status="PASS" start="2024-06-29T12:27:31.585463" elapsed="0.126707"/>
</kw>
<doc>Testa a estrutura da resposta da API.</doc>
<tag>testeEstruturaResposta</tag>
<status status="PASS" start="2024-06-29T12:27:31.584941" elapsed="0.127379"/>
</test>
<test id="s1-s1-t4" name="Validar tipos de dados" line="28">
<kw name="Teste de Tipos de Dados" owner="random-user-service">
<kw name="GET On Session" owner="RequestsLibrary">
<msg time="2024-06-29T12:27:31.807887" level="INFO">GET Request : url=https://randomuser.me/api 
 path_url=/api 
 headers={'User-Agent': 'python-requests/2.32.3', 'Accept-Encoding': 'gzip, deflate', 'Accept': '*/*', 'Connection': 'keep-alive'} 
 body=None 
 </msg>
<msg time="2024-06-29T12:27:31.808004" level="INFO">GET Response : url=https://randomuser.me/api 
 status=200, reason=OK 
 headers={'Date': 'Sat, 29 Jun 2024 12:27:31 GMT', 'Content-Type': 'application/json; charset=utf-8', 'Transfer-Encoding': 'chunked', 'Connection': 'keep-alive', 'X-Powered-By': 'Express', 'Access-Control-Allow-Origin': '*', 'Cache-Control': 'no-cache', 'ETag': 'W/"494-5//EKlDtggRG41du+Xop2X+woRY"', 'Vary': 'Accept-Encoding', 'Content-Encoding': 'gzip', 'CF-Cache-Status': 'DYNAMIC', 'Report-To': '{"endpoints":[{"url":"https:\\/\\/a.nel.cloudflare.com\\/report\\/v4?s=%2BQUSR6J5scWO%2BM%2BQ3%2BMSp8uhEzCP1lJ06Gk2B3fCt3Ozt3BFN0FgWK1Wna6PX04RrXQ3W%2FG0dMjoqtzbzs0nWQFkXl8bbyDy%2Bt1FqvyQUogUnczjk%2F7cUxp8FvGXzC99"}],"group":"cf-nel","max_age":604800}', 'NEL': '{"success_fraction":0,"report_to":"cf-nel","max_age":604800}', 'Server': 'cloudflare', 'CF-RAY': '89b5e9433a462a9b-LAX', 'alt-svc': 'h3=":443"; ma=86400'} 
 body={"results":[{"gender":"male","name":{"title":"Mr","first":"Felipe","last":"Herrero"},"location":{"street":{"number":1286,"name":"Avenida de Castilla"},"city":"Hospitalet de Llobregat","state":"País Vasco","country":"Spain","postcode":38819,"coordinates":{"latitude":"-37.5961","longitude":"-33.5753"},"timezone":{"offset":"+7:00","description":"Bangkok, Hanoi, Jakarta"}},"email":"felipe.herrero@example.com","login":{"uuid":"56c215e5-03d3-42ce-937e-6d666da731be","username":"heavytiger468","password":"colt","salt":"blZojY5e","md5":"f5b3f56a30aa58d62bc19750c076fc51","sha1":"904106681fed1a3de1bf99a209da8796a5351b99","sha256":"fc96131a5f6a0b027aa9aeb17fa4fecf9b79894637d79c4d6b03e27f6268c4a0"},"dob":{"date":"1993-01-17T20:41:27.907Z","age":31},"registered":{"date":"2010-01-18T19:33:40.243Z","age":14},"phone":"938-642-079","cell":"615-466-577","id":{"name":"DNI","value":"99295004-W"},"picture":{"large":"https://randomuser.me/api/portraits/men/38.jpg","medium":"https://randomuser.me/api/portraits/med/men/38.jpg","thumbnail":"https://randomuser.me/api/portraits/thumb/men/38.jpg"},"nat":"ES"}],"info":{"seed":"a37613a84eb4c53a","results":1,"page":1,"version":"1.4"}} 
 </msg>
<msg time="2024-06-29T12:27:31.808094" level="INFO">/opt/hostedtoolcache/Python/3.12.4/x64/lib/python3.12/site-packages/urllib3/connectionpool.py:1099: InsecureRequestWarning: Unverified HTTPS request is being made to host 'randomuser.me'. Adding certificate verification is strongly advised. See: https://urllib3.readthedocs.io/en/latest/advanced-usage.html#tls-warnings
  warnings.warn(</msg>
<msg time="2024-06-29T12:27:31.808230" level="INFO">${response} = &lt;Response [200]&gt;</msg>
<var>${response}</var>
<arg>consultarAPI</arg>
<arg>/api</arg>
<doc>Sends a GET request on a previously created HTTP Session.</doc>
<status status="PASS" start="2024-06-29T12:27:31.714813" elapsed="0.093455"/>
</kw>
<kw name="Set Variable" owner="BuiltIn">
<msg time="2024-06-29T12:27:31.809347" level="INFO">${json_data} = {'results': [{'gender': 'male', 'name': {'title': 'Mr', 'first': 'Felipe', 'last': 'Herrero'}, 'location': {'street': {'number': 1286, 'name': 'Avenida de Castilla'}, 'city': 'Hospitalet de Llobregat'...</msg>
<var>${json_data}</var>
<arg>${response.json()}</arg>
<doc>Returns the given values which can then be assigned to a variables.</doc>
<status status="PASS" start="2024-06-29T12:27:31.808803" elapsed="0.000571"/>
</kw>
<kw name="Log" owner="BuiltIn">
<msg time="2024-06-29T12:27:31.809843" level="INFO">{'results': [{'gender': 'male', 'name': {'title': 'Mr', 'first': 'Felipe', 'last': 'Herrero'}, 'location': {'street': {'number': 1286, 'name': 'Avenida de Castilla'}, 'city': 'Hospitalet de Llobregat', 'state': 'País Vasco', 'country': 'Spain', 'postcode': 38819, 'coordinates': {'latitude': '-37.5961', 'longitude': '-33.5753'}, 'timezone': {'offset': '+7:00', 'description': 'Bangkok, Hanoi, Jakarta'}}, 'email': 'felipe.herrero@example.com', 'login': {'uuid': '56c215e5-03d3-42ce-937e-6d666da731be', 'username': 'heavytiger468', 'password': 'colt', 'salt': 'blZojY5e', 'md5': 'f5b3f56a30aa58d62bc19750c076fc51', 'sha1': '904106681fed1a3de1bf99a209da8796a5351b99', 'sha256': 'fc96131a5f6a0b027aa9aeb17fa4fecf9b79894637d79c4d6b03e27f6268c4a0'}, 'dob': {'date': '1993-01-17T20:41:27.907Z', 'age': 31}, 'registered': {'date': '2010-01-18T19:33:40.243Z', 'age': 14}, 'phone': '938-642-079', 'cell': '615-466-577', 'id': {'name': 'DNI', 'value': '99295004-W'}, 'picture': {'large': 'https://randomuser.me/api/portraits/men/38.jpg', 'medium': 'https://randomuser.me/api/portraits/med/men/38.jpg', 'thumbnail': 'https://randomuser.me/api/portraits/thumb/men/38.jpg'}, 'nat': 'ES'}], 'info': {'seed': 'a37613a84eb4c53a', 'results': 1, 'page': 1, 'version': '1.4'}}</msg>
<arg>${json_data}</arg>
<doc>Logs the given message with the given level.</doc>
<status status="PASS" start="2024-06-29T12:27:31.809684" elapsed="0.000209"/>
</kw>
<kw name="Should Be String" owner="String">
<arg>${json_data['results'][0]['gender']}</arg>
<doc>Fails if the given ``item`` is not a string.</doc>
<status status="PASS" start="2024-06-29T12:27:31.810247" elapsed="0.000356"/>
</kw>
<kw name="Should Match Regexp" owner="BuiltIn">
<arg>${json_data['results'][0]['email']}</arg>
<arg>^[a-zA-Z0-9._%+-]+@[a-zA-Z0-9.-]+\.[a-zA-Z]{2,}$</arg>
<doc>Fails if ``string`` does not match ``pattern`` as a regular expression.</doc>
<status status="PASS" start="2024-06-29T12:27:31.810825" elapsed="0.000519"/>
</kw>
<kw name="Should Match Regexp" owner="BuiltIn">
<arg>${json_data['results'][0]['dob']['date']}</arg>
<arg>\\d{4}-\\d{2}-\\d{2}T\\d{2}:\\d{2}:\\d{2}\\.\\d{3}Z</arg>
<doc>Fails if ``string`` does not match ``pattern`` as a regular expression.</doc>
<status status="PASS" start="2024-06-29T12:27:31.811535" elapsed="0.000485"/>
</kw>
<kw name="Should Match Regexp" owner="BuiltIn">
<arg>${json_data['results'][0]['registered']['date']}</arg>
<arg>\\d{4}-\\d{2}-\\d{2}T\\d{2}:\\d{2}:\\d{2}\\.\\d{3}Z</arg>
<doc>Fails if ``string`` does not match ``pattern`` as a regular expression.</doc>
<status status="PASS" start="2024-06-29T12:27:31.812207" elapsed="0.000363"/>
</kw>
<kw name="Should Match Regexp" owner="BuiltIn">
<arg>${json_data['results'][0]['picture']['large']}</arg>
<arg>^https?://.*\.(?:png|jpe?g|gif|bmp)$</arg>
<doc>Fails if ``string`` does not match ``pattern`` as a regular expression.</doc>
<status status="PASS" start="2024-06-29T12:27:31.812751" elapsed="0.000450"/>
</kw>
<kw name="Should Match Regexp" owner="BuiltIn">
<arg>${json_data['results'][0]['picture']['medium']}</arg>
<arg>^https?://.*\.(?:png|jpe?g|gif|bmp)$</arg>
<doc>Fails if ``string`` does not match ``pattern`` as a regular expression.</doc>
<status status="PASS" start="2024-06-29T12:27:31.813384" elapsed="0.000351"/>
</kw>
<kw name="Should Match Regexp" owner="BuiltIn">
<arg>${json_data['results'][0]['picture']['thumbnail']}</arg>
<arg>^https?://.*\.(?:png|jpe?g|gif|bmp)$</arg>
<doc>Fails if ``string`` does not match ``pattern`` as a regular expression.</doc>
<status status="PASS" start="2024-06-29T12:27:31.813933" elapsed="0.000350"/>
</kw>
<kw name="Log" owner="BuiltIn">
<msg time="2024-06-29T12:27:31.814787" level="INFO">{'large': 'https://randomuser.me/api/portraits/men/38.jpg', 'medium': 'https://randomuser.me/api/portraits/med/men/38.jpg', 'thumbnail': 'https://randomuser.me/api/portraits/thumb/men/38.jpg'}</msg>
<arg>${json_data['results'][0]['picture']}</arg>
<doc>Logs the given message with the given level.</doc>
<status status="PASS" start="2024-06-29T12:27:31.814463" elapsed="0.000365"/>
</kw>
<status status="PASS" start="2024-06-29T12:27:31.714589" elapsed="0.100496"/>
</kw>
<kw name="Teste de Tipos de Dados - Postcode" owner="random-user-service">
<kw name="GET On Session" owner="RequestsLibrary">
<msg time="2024-06-29T12:27:31.934465" level="INFO">GET Request : url=https://randomuser.me/api 
 path_url=/api 
 headers={'User-Agent': 'python-requests/2.32.3', 'Accept-Encoding': 'gzip, deflate', 'Accept': '*/*', 'Connection': 'keep-alive'} 
 body=None 
 </msg>
<msg time="2024-06-29T12:27:31.934564" level="INFO">GET Response : url=https://randomuser.me/api 
 status=200, reason=OK 
 headers={'Date': 'Sat, 29 Jun 2024 12:27:31 GMT', 'Content-Type': 'application/json; charset=utf-8', 'Transfer-Encoding': 'chunked', 'Connection': 'keep-alive', 'X-Powered-By': 'Express', 'Access-Control-Allow-Origin': '*', 'Cache-Control': 'no-cache', 'ETag': 'W/"47e-mLTlZXNJWWNrj+nS9YBVDjiQHAY"', 'Vary': 'Accept-Encoding', 'Content-Encoding': 'gzip', 'CF-Cache-Status': 'DYNAMIC', 'Report-To': '{"endpoints":[{"url":"https:\\/\\/a.nel.cloudflare.com\\/report\\/v4?s=xg9hQRKtV4zSzpDGum5tw6pQhlw%2FrhA190Kki6zZzBLhM6seLU2hLsM00km2Om0G4hFonrx9n%2BeliZxZsmjb95JkJUPKAvZy6BgNxopGY6OiTK2o5BQNfiy662%2F0VL5T"}],"group":"cf-nel","max_age":604800}', 'NEL': '{"success_fraction":0,"report_to":"cf-nel","max_age":604800}', 'Server': 'cloudflare', 'CF-RAY': '89b5e943daaa2a9b-LAX', 'alt-svc': 'h3=":443"; ma=86400'} 
 body={"results":[{"gender":"male","name":{"title":"Monsieur","first":"Ramadan","last":"Moreau"},"location":{"street":{"number":5184,"name":"Rue Barrème"},"city":"Engelberg","state":"Jura","country":"Switzerland","postcode":2216,"coordinates":{"latitude":"-57.4507","longitude":"-3.5546"},"timezone":{"offset":"+5:45","description":"Kathmandu"}},"email":"ramadan.moreau@example.com","login":{"uuid":"cbb86467-0e3a-44f7-9c60-48a124c0f119","username":"happybear379","password":"shutup","salt":"c4nNp8Ef","md5":"81e79e024e0aaff265c945f986f235b4","sha1":"3e940e11476a04518ce201c566784a6b19d3eac9","sha256":"d5bed25de85098fc612158e978c6dffd5da4789c3256a949058740328e167865"},"dob":{"date":"1976-05-31T19:38:24.589Z","age":48},"registered":{"date":"2014-11-24T01:01:06.865Z","age":9},"phone":"076 809 00 53","cell":"076 250 81 57","id":{"name":"AVS","value":"756.4426.0790.86"},"picture":{"large":"https://randomuser.me/api/portraits/men/12.jpg","medium":"https://randomuser.me/api/portraits/med/men/12.jpg","thumbnail":"https://randomuser.me/api/portraits/thumb/men/12.jpg"},"nat":"CH"}],"info":{"seed":"2c4e6691122f101b","results":1,"page":1,"version":"1.4"}} 
 </msg>
<msg time="2024-06-29T12:27:31.934638" level="INFO">/opt/hostedtoolcache/Python/3.12.4/x64/lib/python3.12/site-packages/urllib3/connectionpool.py:1099: InsecureRequestWarning: Unverified HTTPS request is being made to host 'randomuser.me'. Adding certificate verification is strongly advised. See: https://urllib3.readthedocs.io/en/latest/advanced-usage.html#tls-warnings
  warnings.warn(</msg>
<msg time="2024-06-29T12:27:31.934763" level="INFO">${response} = &lt;Response [200]&gt;</msg>
<var>${response}</var>
<arg>consultarAPI</arg>
<arg>/api</arg>
<doc>Sends a GET request on a previously created HTTP Session.</doc>
<status status="PASS" start="2024-06-29T12:27:31.815535" elapsed="0.119270"/>
</kw>
<kw name="Set Variable" owner="BuiltIn">
<msg time="2024-06-29T12:27:31.936086" level="INFO">${json_data} = {'results': [{'gender': 'male', 'name': {'title': 'Monsieur', 'first': 'Ramadan', 'last': 'Moreau'}, 'location': {'street': {'number': 5184, 'name': 'Rue Barrème'}, 'city': 'Engelberg', 'state': 'Jura...</msg>
<var>${json_data}</var>
<arg>${response.json()}</arg>
<doc>Returns the given values which can then be assigned to a variables.</doc>
<status status="PASS" start="2024-06-29T12:27:31.935485" elapsed="0.000630"/>
</kw>
<kw name="Log" owner="BuiltIn">
<msg time="2024-06-29T12:27:31.936604" level="INFO">{'results': [{'gender': 'male', 'name': {'title': 'Monsieur', 'first': 'Ramadan', 'last': 'Moreau'}, 'location': {'street': {'number': 5184, 'name': 'Rue Barrème'}, 'city': 'Engelberg', 'state': 'Jura', 'country': 'Switzerland', 'postcode': 2216, 'coordinates': {'latitude': '-57.4507', 'longitude': '-3.5546'}, 'timezone': {'offset': '+5:45', 'description': 'Kathmandu'}}, 'email': 'ramadan.moreau@example.com', 'login': {'uuid': 'cbb86467-0e3a-44f7-9c60-48a124c0f119', 'username': 'happybear379', 'password': 'shutup', 'salt': 'c4nNp8Ef', 'md5': '81e79e024e0aaff265c945f986f235b4', 'sha1': '3e940e11476a04518ce201c566784a6b19d3eac9', 'sha256': 'd5bed25de85098fc612158e978c6dffd5da4789c3256a949058740328e167865'}, 'dob': {'date': '1976-05-31T19:38:24.589Z', 'age': 48}, 'registered': {'date': '2014-11-24T01:01:06.865Z', 'age': 9}, 'phone': '076 809 00 53', 'cell': '076 250 81 57', 'id': {'name': 'AVS', 'value': '756.4426.0790.86'}, 'picture': {'large': 'https://randomuser.me/api/portraits/men/12.jpg', 'medium': 'https://randomuser.me/api/portraits/med/men/12.jpg', 'thumbnail': 'https://randomuser.me/api/portraits/thumb/men/12.jpg'}, 'nat': 'CH'}], 'info': {'seed': '2c4e6691122f101b', 'results': 1, 'page': 1, 'version': '1.4'}}</msg>
<arg>${json_data}</arg>
<doc>Logs the given message with the given level.</doc>
<status status="PASS" start="2024-06-29T12:27:31.936439" elapsed="0.000215"/>
</kw>
<kw name="Should Be Equal As Numbers" owner="BuiltIn">
<arg>${json_data['results'][0]['location']['postcode']}</arg>
<arg>${json_data['results'][0]['location']['postcode']}</arg>
<doc>Fails if objects are unequal after converting them to real numbers.</doc>
<status status="PASS" start="2024-06-29T12:27:31.936951" elapsed="0.000642"/>
</kw>
<kw name="Log" owner="BuiltIn">
<msg time="2024-06-29T12:27:31.938449" level="INFO">2216</msg>
<arg>${json_data['results'][0]['location']['postcode']}</arg>
<doc>Logs the given message with the given level.</doc>
<status status="PASS" start="2024-06-29T12:27:31.937821" elapsed="0.000673"/>
</kw>
<status status="PASS" start="2024-06-29T12:27:31.815309" elapsed="0.123490"/>
</kw>
<doc>Testa se os tipos de dados na resposta da API estão corretos.</doc>
<tag>testeTiposDados</tag>
<status status="PASS" start="2024-06-29T12:27:31.714132" elapsed="0.224867"/>
</test>
<test id="s1-s1-t5" name="Validar conteudo" line="35">
<kw name="Teste de Tipos de Conteudo" owner="random-user-service">
<kw name="GET On Session" owner="RequestsLibrary">
<msg time="2024-06-29T12:27:32.036758" level="INFO">GET Request : url=https://randomuser.me/api 
 path_url=/api 
 headers={'User-Agent': 'python-requests/2.32.3', 'Accept-Encoding': 'gzip, deflate', 'Accept': '*/*', 'Connection': 'keep-alive'} 
 body=None 
 </msg>
<msg time="2024-06-29T12:27:32.036859" level="INFO">GET Response : url=https://randomuser.me/api 
 status=200, reason=OK 
 headers={'Date': 'Sat, 29 Jun 2024 12:27:32 GMT', 'Content-Type': 'application/json; charset=utf-8', 'Transfer-Encoding': 'chunked', 'Connection': 'keep-alive', 'X-Powered-By': 'Express', 'Access-Control-Allow-Origin': '*', 'Cache-Control': 'no-cache', 'ETag': 'W/"48e-XtTYex3DeOTqpEWH0xKHjc8YYFI"', 'Vary': 'Accept-Encoding', 'Content-Encoding': 'gzip', 'CF-Cache-Status': 'DYNAMIC', 'Report-To': '{"endpoints":[{"url":"https:\\/\\/a.nel.cloudflare.com\\/report\\/v4?s=F9biNcDRksERafjsXh5qug%2Fs3GzIiQmR3BpoO3NdlKzGfkRIK1KTD4ddcoilWeEL8vPoaazyKI1zv5q2mcV2icBsbefFiDCOIHCjkv4uMq%2BF4zR4DqO6wCNRbOkHCqHB"}],"group":"cf-nel","max_age":604800}', 'NEL': '{"success_fraction":0,"report_to":"cf-nel","max_age":604800}', 'Server': 'cloudflare', 'CF-RAY': '89b5e944ab282a9b-LAX', 'alt-svc': 'h3=":443"; ma=86400'} 
 body={"results":[{"gender":"female","name":{"title":"Miss","first":"Ella","last":"Oliver"},"location":{"street":{"number":2127,"name":"Green Lane"},"city":"Dublin","state":"Roscommon","country":"Ireland","postcode":36735,"coordinates":{"latitude":"2.2665","longitude":"49.5004"},"timezone":{"offset":"+3:00","description":"Baghdad, Riyadh, Moscow, St. Petersburg"}},"email":"ella.oliver@example.com","login":{"uuid":"5a48345c-449a-4fa0-8114-e9f7281700a9","username":"crazytiger650","password":"alberto","salt":"qLO8MdFg","md5":"52f703e1a528f0abfbfbe89f6e2d7ed8","sha1":"46e4e8e715b834243c68d3be8ea4c0941cf64f37","sha256":"a8b15ad5c8f845fce0cb3c07abb28ba382b446a47788253f1e30cc51ae1942a6"},"dob":{"date":"1998-04-24T05:47:51.840Z","age":26},"registered":{"date":"2011-10-27T18:21:40.436Z","age":12},"phone":"041-040-0668","cell":"081-565-9207","id":{"name":"PPS","value":"5067047T"},"picture":{"large":"https://randomuser.me/api/portraits/women/12.jpg","medium":"https://randomuser.me/api/portraits/med/women/12.jpg","thumbnail":"https://randomuser.me/api/portraits/thumb/women/12.jpg"},"nat":"IE"}],"info":{"seed":"1700a27225df386b","results":1,"page":1,"version":"1.4"}} 
 </msg>
<msg time="2024-06-29T12:27:32.036934" level="INFO">/opt/hostedtoolcache/Python/3.12.4/x64/lib/python3.12/site-packages/urllib3/connectionpool.py:1099: InsecureRequestWarning: Unverified HTTPS request is being made to host 'randomuser.me'. Adding certificate verification is strongly advised. See: https://urllib3.readthedocs.io/en/latest/advanced-usage.html#tls-warnings
  warnings.warn(</msg>
<msg time="2024-06-29T12:27:32.037054" level="INFO">${response} = &lt;Response [200]&gt;</msg>
<var>${response}</var>
<arg>consultarAPI</arg>
<arg>/api</arg>
<doc>Sends a GET request on a previously created HTTP Session.</doc>
<status status="PASS" start="2024-06-29T12:27:31.941442" elapsed="0.095653"/>
</kw>
<kw name="Set Variable" owner="BuiltIn">
<msg time="2024-06-29T12:27:32.038409" level="INFO">${json_data} = {'results': [{'gender': 'female', 'name': {'title': 'Miss', 'first': 'Ella', 'last': 'Oliver'}, 'location': {'street': {'number': 2127, 'name': 'Green Lane'}, 'city': 'Dublin', 'state': 'Roscommon', '...</msg>
<var>${json_data}</var>
<arg>${response.json()}</arg>
<doc>Returns the given values which can then be assigned to a variables.</doc>
<status status="PASS" start="2024-06-29T12:27:32.037786" elapsed="0.000651"/>
</kw>
<kw name="Set Variable" owner="BuiltIn">
<msg time="2024-06-29T12:27:32.039123" level="INFO">${name_title} = Miss</msg>
<var>${name_title}</var>
<arg>${json_data["results"][0]["name"]["title"]}</arg>
<doc>Returns the given values which can then be assigned to a variables.</doc>
<status status="PASS" start="2024-06-29T12:27:32.038739" elapsed="0.000409"/>
</kw>
<kw name="Create List" owner="BuiltIn">
<msg time="2024-06-29T12:27:32.039586" level="INFO">${allowed_titles} = ['Mr', 'Ms', 'Miss', 'Mrs', 'Madame', 'Monsieur']</msg>
<var>${allowed_titles}</var>
<arg>Mr</arg>
<arg>Ms</arg>
<arg>Miss</arg>
<arg>Mrs</arg>
<arg>Madame</arg>
<arg>Monsieur</arg>
<doc>Returns a list containing given items.</doc>
<status status="PASS" start="2024-06-29T12:27:32.039440" elapsed="0.000169"/>
</kw>
<kw name="List Should Contain Value" owner="Collections">
<arg>${allowed_titles}</arg>
<arg>${name_title}</arg>
<doc>Fails if the ``value`` is not found from ``list``.</doc>
<status status="PASS" start="2024-06-29T12:27:32.039906" elapsed="0.000175"/>
</kw>
<kw name="Set Variable" owner="BuiltIn">
<msg time="2024-06-29T12:27:32.040622" level="INFO">${name_country} = IE</msg>
<var>${name_country}</var>
<arg>${json_data["results"][0]["nat"]}</arg>
<doc>Returns the given values which can then be assigned to a variables.</doc>
<status status="PASS" start="2024-06-29T12:27:32.040258" elapsed="0.000388"/>
</kw>
<kw name="Create List" owner="BuiltIn">
<msg time="2024-06-29T12:27:32.041526" level="INFO">${list_country} = ['AD', 'AE', 'AF', 'AG', 'AI', 'AL', 'AM', 'AO', 'AQ', 'AR', 'AS', 'AT', 'AU', 'AW', 'AX', 'AZ', 'BA', 'BB', 'BD', 'BE', 'BF', 'BG', 'BH', 'BI', 'BJ', 'BL', 'BM', 'BN', 'BO', 'BQ', 'BR', 'BS', 'BT', '...</msg>
<var>${list_country}</var>
<arg>AD</arg>
<arg>AE</arg>
<arg>AF</arg>
<arg>AG</arg>
<arg>AI</arg>
<arg>AL</arg>
<arg>AM</arg>
<arg>AO</arg>
<arg>AQ</arg>
<arg>AR</arg>
<arg>AS</arg>
<arg>AT</arg>
<arg>AU</arg>
<arg>AW</arg>
<arg>AX</arg>
<arg>AZ</arg>
<arg>BA</arg>
<arg>BB</arg>
<arg>BD</arg>
<arg>BE</arg>
<arg>BF</arg>
<arg>BG</arg>
<arg>BH</arg>
<arg>BI</arg>
<arg>BJ</arg>
<arg>BL</arg>
<arg>BM</arg>
<arg>BN</arg>
<arg>BO</arg>
<arg>BQ</arg>
<arg>BR</arg>
<arg>BS</arg>
<arg>BT</arg>
<arg>BV</arg>
<arg>BW</arg>
<arg>BY</arg>
<arg>BZ</arg>
<arg>CA</arg>
<arg>CC</arg>
<arg>CD</arg>
<arg>CF</arg>
<arg>CG</arg>
<arg>CH</arg>
<arg>CI</arg>
<arg>CK</arg>
<arg>CL</arg>
<arg>CM</arg>
<arg>CN</arg>
<arg>CO</arg>
<arg>CR</arg>
<arg>CU</arg>
<arg>CV</arg>
<arg>CW</arg>
<arg>CX</arg>
<arg>CY</arg>
<arg>CZ</arg>
<arg>DE</arg>
<arg>DJ</arg>
<arg>DK</arg>
<arg>DM</arg>
<arg>DO</arg>
<arg>DZ</arg>
<arg>EC</arg>
<arg>EE</arg>
<arg>EG</arg>
<arg>EH</arg>
<arg>ER</arg>
<arg>ES</arg>
<arg>ET</arg>
<arg>FI</arg>
<arg>FJ</arg>
<arg>FK</arg>
<arg>FM</arg>
<arg>FO</arg>
<arg>FR</arg>
<arg>GA</arg>
<arg>GB</arg>
<arg>GD</arg>
<arg>GE</arg>
<arg>GF</arg>
<arg>GG</arg>
<arg>GH</arg>
<arg>GI</arg>
<arg>GL</arg>
<arg>GM</arg>
<arg>GN</arg>
<arg>GP</arg>
<arg>GQ</arg>
<arg>GR</arg>
<arg>GS</arg>
<arg>GT</arg>
<arg>GU</arg>
<arg>GW</arg>
<arg>GY</arg>
<arg>HK</arg>
<arg>HM</arg>
<arg>HN</arg>
<arg>HR</arg>
<arg>HT</arg>
<arg>HU</arg>
<arg>ID</arg>
<arg>IE</arg>
<arg>IL</arg>
<arg>IM</arg>
<arg>IN</arg>
<arg>IO</arg>
<arg>IQ</arg>
<arg>IR</arg>
<arg>IS</arg>
<arg>IT</arg>
<arg>JE</arg>
<arg>JM</arg>
<arg>JO</arg>
<arg>JP</arg>
<arg>KE</arg>
<arg>KG</arg>
<arg>KH</arg>
<arg>KI</arg>
<arg>KM</arg>
<arg>KN</arg>
<arg>KP</arg>
<arg>KR</arg>
<arg>KW</arg>
<arg>KY</arg>
<arg>KZ</arg>
<arg>LA</arg>
<arg>LB</arg>
<arg>LC</arg>
<arg>LI</arg>
<arg>LK</arg>
<arg>LR</arg>
<arg>LS</arg>
<arg>LT</arg>
<arg>LU</arg>
<arg>LV</arg>
<arg>LY</arg>
<arg>MA</arg>
<arg>MC</arg>
<arg>MD</arg>
<arg>ME</arg>
<arg>MF</arg>
<arg>MG</arg>
<arg>MH</arg>
<arg>MK</arg>
<arg>ML</arg>
<arg>MM</arg>
<arg>MN</arg>
<arg>MO</arg>
<arg>MP</arg>
<arg>MQ</arg>
<arg>MR</arg>
<arg>MS</arg>
<arg>MT</arg>
<arg>MU</arg>
<arg>MV</arg>
<arg>MW</arg>
<arg>MX</arg>
<arg>MY</arg>
<arg>MZ</arg>
<arg>NA</arg>
<arg>NC</arg>
<arg>NE</arg>
<arg>NF</arg>
<arg>NG</arg>
<arg>NI</arg>
<arg>NL</arg>
<arg>NO</arg>
<arg>NP</arg>
<arg>NR</arg>
<arg>NU</arg>
<arg>NZ</arg>
<arg>OM</arg>
<arg>PA</arg>
<arg>PE</arg>
<arg>PF</arg>
<arg>PG</arg>
<arg>PH</arg>
<arg>PK</arg>
<arg>PL</arg>
<arg>PM</arg>
<arg>PN</arg>
<arg>PR</arg>
<arg>PS</arg>
<arg>PT</arg>
<arg>PW</arg>
<arg>PY</arg>
<arg>QA</arg>
<arg>RE</arg>
<arg>RO</arg>
<arg>RS</arg>
<arg>RU</arg>
<arg>RW</arg>
<arg>SA</arg>
<arg>SB</arg>
<arg>SC</arg>
<arg>SD</arg>
<arg>SE</arg>
<arg>SG</arg>
<arg>SH</arg>
<arg>SI</arg>
<arg>SJ</arg>
<arg>SK</arg>
<arg>SL</arg>
<arg>SM</arg>
<arg>SN</arg>
<arg>SO</arg>
<arg>SR</arg>
<arg>SS</arg>
<arg>ST</arg>
<arg>SV</arg>
<arg>SX</arg>
<arg>SY</arg>
<arg>SZ</arg>
<arg>TC</arg>
<arg>TD</arg>
<arg>TF</arg>
<arg>TG</arg>
<arg>TH</arg>
<arg>TJ</arg>
<arg>TK</arg>
<arg>TL</arg>
<arg>TM</arg>
<arg>TN</arg>
<arg>TO</arg>
<arg>TR</arg>
<arg>TT</arg>
<arg>TV</arg>
<arg>TW</arg>
<arg>TZ</arg>
<arg>UA</arg>
<arg>UG</arg>
<arg>UM</arg>
<arg>US</arg>
<arg>UY</arg>
<arg>UZ</arg>
<arg>VA</arg>
<arg>VC</arg>
<arg>VE</arg>
<arg>VG</arg>
<arg>VI</arg>
<arg>VN</arg>
<arg>VU</arg>
<arg>WF</arg>
<arg>WS</arg>
<arg>XK</arg>
<arg>YE</arg>
<arg>YT</arg>
<arg>ZA</arg>
<arg>ZM</arg>
<arg>ZW</arg>
<doc>Returns a list containing given items.</doc>
<status status="PASS" start="2024-06-29T12:27:32.040932" elapsed="0.000618"/>
</kw>
<kw name="List Should Contain Value" owner="Collections">
<arg>${list_country}</arg>
<arg>${name_country}</arg>
<doc>Fails if the ``value`` is not found from ``list``.</doc>
<status status="PASS" start="2024-06-29T12:27:32.042390" elapsed="0.000203"/>
</kw>
<kw name="Run Keyword If" owner="BuiltIn">
<kw name="Should Be True" owner="BuiltIn">
<arg>${True}</arg>
<doc>Fails if the given condition is not true.</doc>
<status status="PASS" start="2024-06-29T12:27:32.043522" elapsed="0.000138"/>
</kw>
<arg>${json_data["results"][0]["location"]["coordinates"]["latitude"]} &gt;= -90 and ${json_data["results"][0]["location"]["coordinates"]["latitude"]} &lt;= 90</arg>
<arg>Should Be True</arg>
<arg>${True}</arg>
<doc>Runs the given keyword with the given arguments, if ``condition`` is true.</doc>
<status status="PASS" start="2024-06-29T12:27:32.042788" elapsed="0.000994"/>
</kw>
<kw name="Run Keyword If" owner="BuiltIn">
<kw name="Should Be True" owner="BuiltIn">
<arg>${True}</arg>
<doc>Fails if the given condition is not true.</doc>
<status status="PASS" start="2024-06-29T12:27:32.044648" elapsed="0.000240"/>
</kw>
<arg>${json_data["results"][0]["location"]["coordinates"]["longitude"]} &gt;= -180 and ${json_data["results"][0]["location"]["coordinates"]["longitude"]} &lt;= 180</arg>
<arg>Should Be True</arg>
<arg>${True}</arg>
<doc>Runs the given keyword with the given arguments, if ``condition`` is true.</doc>
<status status="PASS" start="2024-06-29T12:27:32.043960" elapsed="0.001054"/>
</kw>
<status status="PASS" start="2024-06-29T12:27:31.941215" elapsed="0.103933"/>
</kw>
<doc>Testa o conteúdo específico dos campos retornados pela API.</doc>
<tag>testeConteudo</tag>
<status status="PASS" start="2024-06-29T12:27:31.940756" elapsed="0.104540"/>
</test>
<status status="PASS" start="2024-06-29T12:27:31.053629" elapsed="0.993654"/>
</suite>
<status status="PASS" start="2024-06-29T12:27:31.038850" elapsed="1.013472"/>
</suite>
<statistics>
<total>
<stat pass="5" fail="0" skip="0">All Tests</stat>
</total>
<tag>
<stat pass="1" fail="0" skip="0">testeConteudo</stat>
<stat pass="1" fail="0" skip="0">testeEstruturaResposta</stat>
<stat pass="1" fail="0" skip="0">testeRequisicaoBasica</stat>
<stat pass="1" fail="0" skip="0">testeTiposDados</stat>
</tag>
<suite>
<stat pass="5" fail="0" skip="0" id="s1" name="Tests">Tests</stat>
<stat pass="5" fail="0" skip="0" id="s1-s1" name="Random-User-Test">Tests.Random-User-Test</stat>
</suite>
</statistics>
<errors>
</errors>
</robot>
