<?xml version="1.0" encoding="UTF-8"?>
<robot generator="Robot 7.0.1 (Python 3.12.4 on linux)" generated="2024-08-09T23:15:04.488789" rpa="false" schemaversion="5">
<suite id="s1" name="Tests" source="/home/runner/work/ApiRandomUser/ApiRandomUser/RamdonUser/tests">
<suite id="s1-s1" name="Random-User-Test" source="/home/runner/work/ApiRandomUser/ApiRandomUser/RamdonUser/tests/random-user-test.robot">
<test id="s1-s1-t1" name="Conectar" line="13">
<kw name="Conectar API" owner="random-user-service">
<kw name="Create Session" owner="RequestsLibrary">
<msg time="2024-08-09T23:15:04.887087" level="INFO">Creating Session using : alias=consultarAPI, url=https://randomuser.me/, headers={},                     cookies={}, auth=None, timeout=None, proxies=None, verify=False,                     debug=0 </msg>
<arg>consultarAPI</arg>
<arg>${URL}</arg>
<doc>Create Session: create a HTTP session to a server</doc>
<status status="PASS" start="2024-08-09T23:15:04.886887" elapsed="0.000373"/>
</kw>
<status status="PASS" start="2024-08-09T23:15:04.885860" elapsed="0.001755"/>
</kw>
<status status="PASS" start="2024-08-09T23:15:04.885330" elapsed="0.002478"/>
</test>
<test id="s1-s1-t2" name="Validar retorno 200 e JSON Válido" line="16">
<kw name="Teste de Requisicao Basica" owner="random-user-service">
<kw name="GET On Session" owner="RequestsLibrary">
<msg time="2024-08-09T23:15:04.970283" level="INFO">GET Request : url=https://randomuser.me/api 
 path_url=/api 
 headers={'User-Agent': 'python-requests/2.32.3', 'Accept-Encoding': 'gzip, deflate', 'Accept': '*/*', 'Connection': 'keep-alive'} 
 body=None 
 </msg>
<msg time="2024-08-09T23:15:04.970392" level="INFO">GET Response : url=https://randomuser.me/api 
 status=200, reason=OK 
 headers={'Date': 'Fri, 09 Aug 2024 23:15:04 GMT', 'Content-Type': 'application/json; charset=utf-8', 'Transfer-Encoding': 'chunked', 'Connection': 'keep-alive', 'X-Powered-By': 'Express', 'Access-Control-Allow-Origin': '*', 'Cache-Control': 'no-cache', 'ETag': 'W/"495-6s20PeRy/6H7bBKElceg+JvcOhQ"', 'Vary': 'Accept-Encoding', 'Content-Encoding': 'gzip', 'CF-Cache-Status': 'DYNAMIC', 'Report-To': '{"endpoints":[{"url":"https:\\/\\/a.nel.cloudflare.com\\/report\\/v4?s=rGV36gmjZ2lawrQQXHbxq2lTuXkZlSC4%2FuMOG1Xj%2BDXMK7WyOR3PhHZE7Z%2BU%2FRaUVl3cY6ykCEczn%2FMC4lDcrLZbAb2sMw%2FZyXHG%2BfzPK9OAeu4hRX8dirJKBadMT3pc"}],"group":"cf-nel","max_age":604800}', 'NEL': '{"success_fraction":0,"report_to":"cf-nel","max_age":604800}', 'Server': 'cloudflare', 'CF-RAY': '8b0b7233cf482094-IAD', 'alt-svc': 'h3=":443"; ma=86400'} 
 body={"results":[{"gender":"male","name":{"title":"Mr","first":"Warren","last":"Bailey"},"location":{"street":{"number":8351,"name":"E Center St"},"city":"Wollongong","state":"Northern Territory","country":"Australia","postcode":2508,"coordinates":{"latitude":"-83.5047","longitude":"-32.9257"},"timezone":{"offset":"+5:30","description":"Bombay, Calcutta, Madras, New Delhi"}},"email":"warren.bailey@example.com","login":{"uuid":"f0bd3f47-81ac-48fa-bb6b-95b60c993141","username":"happyostrich662","password":"qing","salt":"HhOWH9Po","md5":"6463663b4b334d6b6cfb9fa22bd4d4c0","sha1":"14c82de633263e95b46e4af4c852cefd31d5627e","sha256":"091baa105b1c4f6889664987c6164e66df0f321016e8fe7d4cce6d2e6720d6db"},"dob":{"date":"1964-01-17T09:44:55.915Z","age":60},"registered":{"date":"2016-04-07T14:11:50.074Z","age":8},"phone":"00-7651-1317","cell":"0429-547-422","id":{"name":"TFN","value":"905141788"},"picture":{"large":"https://randomuser.me/api/portraits/men/39.jpg","medium":"https://randomuser.me/api/portraits/med/men/39.jpg","thumbnail":"https://randomuser.me/api/portraits/thumb/men/39.jpg"},"nat":"AU"}],"info":{"seed":"f38a134f352ee408","results":1,"page":1,"version":"1.4"}} 
 </msg>
<msg time="2024-08-09T23:15:04.970459" level="INFO">/opt/hostedtoolcache/Python/3.12.4/x64/lib/python3.12/site-packages/urllib3/connectionpool.py:1099: InsecureRequestWarning: Unverified HTTPS request is being made to host 'randomuser.me'. Adding certificate verification is strongly advised. See: https://urllib3.readthedocs.io/en/latest/advanced-usage.html#tls-warnings
  warnings.warn(</msg>
<msg time="2024-08-09T23:15:04.970586" level="INFO">${response} = &lt;Response [200]&gt;</msg>
<var>${response}</var>
<arg>consultarAPI</arg>
<arg>/api</arg>
<doc>Sends a GET request on a previously created HTTP Session.</doc>
<status status="PASS" start="2024-08-09T23:15:04.890394" elapsed="0.080235"/>
</kw>
<kw name="Should Be Equal As Numbers" owner="BuiltIn">
<msg time="2024-08-09T23:15:04.971497" level="INFO">Argument types are:
&lt;class 'int'&gt;
&lt;class 'str'&gt;</msg>
<arg>${response.status_code}</arg>
<arg>200</arg>
<doc>Fails if objects are unequal after converting them to real numbers.</doc>
<status status="PASS" start="2024-08-09T23:15:04.971095" elapsed="0.000465"/>
</kw>
<kw name="Log" owner="BuiltIn">
<msg time="2024-08-09T23:15:04.972220" level="INFO">200</msg>
<arg>${response.status_code}</arg>
<doc>Logs the given message with the given level.</doc>
<status status="PASS" start="2024-08-09T23:15:04.971875" elapsed="0.000388"/>
</kw>
<kw name="Set Variable" owner="BuiltIn">
<msg time="2024-08-09T23:15:04.973050" level="INFO">${json_data} = {'results': [{'gender': 'male', 'name': {'title': 'Mr', 'first': 'Warren', 'last': 'Bailey'}, 'location': {'street': {'number': 8351, 'name': 'E Center St'}, 'city': 'Wollongong', 'state': 'Northern T...</msg>
<var>${json_data}</var>
<arg>${response.json()}</arg>
<doc>Returns the given values which can then be assigned to a variables.</doc>
<status status="PASS" start="2024-08-09T23:15:04.972569" elapsed="0.000510"/>
</kw>
<kw name="Dictionary Should Contain Key" owner="Collections">
<arg>${json_data}</arg>
<arg>results</arg>
<doc>Fails if ``key`` is not found from ``dictionary``.</doc>
<status status="PASS" start="2024-08-09T23:15:04.973385" elapsed="0.000291"/>
</kw>
<status status="PASS" start="2024-08-09T23:15:04.890150" elapsed="0.083676"/>
</kw>
<doc>Testa se a API responde corretamente e retorna um objeto JSON válido.</doc>
<tag>testeRequisicaoBasica</tag>
<status status="PASS" start="2024-08-09T23:15:04.889689" elapsed="0.084297"/>
</test>
<test id="s1-s1-t3" name="Validar estrutura de resposta" line="22">
<kw name="Teste de Estrutura de Resposta" owner="random-user-service">
<kw name="GET On Session" owner="RequestsLibrary">
<msg time="2024-08-09T23:15:05.069207" level="INFO">GET Request : url=https://randomuser.me/api 
 path_url=/api 
 headers={'User-Agent': 'python-requests/2.32.3', 'Accept-Encoding': 'gzip, deflate', 'Accept': '*/*', 'Connection': 'keep-alive'} 
 body=None 
 </msg>
<msg time="2024-08-09T23:15:05.069299" level="INFO">GET Response : url=https://randomuser.me/api 
 status=200, reason=OK 
 headers={'Date': 'Fri, 09 Aug 2024 23:15:05 GMT', 'Content-Type': 'application/json; charset=utf-8', 'Transfer-Encoding': 'chunked', 'Connection': 'keep-alive', 'X-Powered-By': 'Express', 'Access-Control-Allow-Origin': '*', 'Cache-Control': 'no-cache', 'ETag': 'W/"4a0-yHyQEQODW8SG5McDj8En6uJ8tM4"', 'Vary': 'Accept-Encoding', 'Content-Encoding': 'gzip', 'CF-Cache-Status': 'DYNAMIC', 'Report-To': '{"endpoints":[{"url":"https:\\/\\/a.nel.cloudflare.com\\/report\\/v4?s=7tKEU%2BBH3bp3Shz9DNug3MuSXEbhnrFz4X69WHx5tij74wPSZUrRQhKEc2oregg8NHf1hW0ltVn90UDEyGXAPeNuPPC1gRuKejschMNfD%2B79y3FZ0eCJQLWf136hHXNt"}],"group":"cf-nel","max_age":604800}', 'NEL': '{"success_fraction":0,"report_to":"cf-nel","max_age":604800}', 'Server': 'cloudflare', 'CF-RAY': '8b0b72341f962094-IAD', 'alt-svc': 'h3=":443"; ma=86400'} 
 body={"results":[{"gender":"male","name":{"title":"Monsieur","first":"Alberto","last":"Denis"},"location":{"street":{"number":6145,"name":"Rue de la Charité"},"city":"Höri","state":"Thurgau","country":"Switzerland","postcode":9222,"coordinates":{"latitude":"-63.9946","longitude":"-66.8814"},"timezone":{"offset":"-6:00","description":"Central Time (US &amp; Canada), Mexico City"}},"email":"alberto.denis@example.com","login":{"uuid":"0339a6c9-0c5a-4dfd-a66c-41c2e8672379","username":"happyrabbit365","password":"hank","salt":"dUxO171x","md5":"1c5573c6989d51cb0df03acf737dcaf7","sha1":"21c33dd622dc825a98f27b91d761200a3088c9c9","sha256":"4bc1f283e4c7e391da1dba3a2d5ceadc4524d7a59b382d95909e661c5c475e77"},"dob":{"date":"1949-07-29T15:54:52.809Z","age":75},"registered":{"date":"2018-01-10T03:13:16.239Z","age":6},"phone":"077 441 14 53","cell":"078 125 12 88","id":{"name":"AVS","value":"756.8707.6261.58"},"picture":{"large":"https://randomuser.me/api/portraits/men/17.jpg","medium":"https://randomuser.me/api/portraits/med/men/17.jpg","thumbnail":"https://randomuser.me/api/portraits/thumb/men/17.jpg"},"nat":"CH"}],"info":{"seed":"adb6323e1528b26c","results":1,"page":1,"version":"1.4"}} 
 </msg>
<msg time="2024-08-09T23:15:05.069426" level="INFO">/opt/hostedtoolcache/Python/3.12.4/x64/lib/python3.12/site-packages/urllib3/connectionpool.py:1099: InsecureRequestWarning: Unverified HTTPS request is being made to host 'randomuser.me'. Adding certificate verification is strongly advised. See: https://urllib3.readthedocs.io/en/latest/advanced-usage.html#tls-warnings
  warnings.warn(</msg>
<msg time="2024-08-09T23:15:05.069561" level="INFO">${response} = &lt;Response [200]&gt;</msg>
<var>${response}</var>
<arg>consultarAPI</arg>
<arg>/api</arg>
<doc>Sends a GET request on a previously created HTTP Session.</doc>
<status status="PASS" start="2024-08-09T23:15:04.976585" elapsed="0.093016"/>
</kw>
<kw name="Set Variable" owner="BuiltIn">
<msg time="2024-08-09T23:15:05.070563" level="INFO">${json_data} = {'results': [{'gender': 'male', 'name': {'title': 'Monsieur', 'first': 'Alberto', 'last': 'Denis'}, 'location': {'street': {'number': 6145, 'name': 'Rue de la Charité'}, 'city': 'Höri', 'state': 'Thur...</msg>
<var>${json_data}</var>
<arg>${response.json()}</arg>
<doc>Returns the given values which can then be assigned to a variables.</doc>
<status status="PASS" start="2024-08-09T23:15:05.070058" elapsed="0.000535"/>
</kw>
<kw name="Log" owner="BuiltIn">
<msg time="2024-08-09T23:15:05.071063" level="INFO">{'results': [{'gender': 'male', 'name': {'title': 'Monsieur', 'first': 'Alberto', 'last': 'Denis'}, 'location': {'street': {'number': 6145, 'name': 'Rue de la Charité'}, 'city': 'Höri', 'state': 'Thurgau', 'country': 'Switzerland', 'postcode': 9222, 'coordinates': {'latitude': '-63.9946', 'longitude': '-66.8814'}, 'timezone': {'offset': '-6:00', 'description': 'Central Time (US &amp; Canada), Mexico City'}}, 'email': 'alberto.denis@example.com', 'login': {'uuid': '0339a6c9-0c5a-4dfd-a66c-41c2e8672379', 'username': 'happyrabbit365', 'password': 'hank', 'salt': 'dUxO171x', 'md5': '1c5573c6989d51cb0df03acf737dcaf7', 'sha1': '21c33dd622dc825a98f27b91d761200a3088c9c9', 'sha256': '4bc1f283e4c7e391da1dba3a2d5ceadc4524d7a59b382d95909e661c5c475e77'}, 'dob': {'date': '1949-07-29T15:54:52.809Z', 'age': 75}, 'registered': {'date': '2018-01-10T03:13:16.239Z', 'age': 6}, 'phone': '077 441 14 53', 'cell': '078 125 12 88', 'id': {'name': 'AVS', 'value': '756.8707.6261.58'}, 'picture': {'large': 'https://randomuser.me/api/portraits/men/17.jpg', 'medium': 'https://randomuser.me/api/portraits/med/men/17.jpg', 'thumbnail': 'https://randomuser.me/api/portraits/thumb/men/17.jpg'}, 'nat': 'CH'}], 'info': {'seed': 'adb6323e1528b26c', 'results': 1, 'page': 1, 'version': '1.4'}}</msg>
<arg>${json_data}</arg>
<doc>Logs the given message with the given level.</doc>
<status status="PASS" start="2024-08-09T23:15:05.070899" elapsed="0.000215"/>
</kw>
<kw name="Dictionary Should Contain Key" owner="Collections">
<arg>${json_data}</arg>
<arg>results</arg>
<doc>Fails if ``key`` is not found from ``dictionary``.</doc>
<status status="PASS" start="2024-08-09T23:15:05.071407" elapsed="0.000162"/>
</kw>
<kw name="Should Not Be Empty" owner="BuiltIn">
<msg time="2024-08-09T23:15:05.071877" level="INFO">Length is 2.</msg>
<arg>${json_data}</arg>
<doc>Verifies that the given item is not empty.</doc>
<status status="PASS" start="2024-08-09T23:15:05.071752" elapsed="0.000163"/>
</kw>
<kw name="Create List" owner="BuiltIn">
<msg time="2024-08-09T23:15:05.072362" level="INFO">${expected_keys} = ['gender', 'name', 'location', 'email', 'login']</msg>
<var>${expected_keys}</var>
<arg>gender</arg>
<arg>name</arg>
<arg>location</arg>
<arg>email</arg>
<arg>login</arg>
<doc>Returns a list containing given items.</doc>
<status status="PASS" start="2024-08-09T23:15:05.072205" elapsed="0.000182"/>
</kw>
<for flavor="IN">
<iter>
<kw name="Dictionary Should Contain Key" owner="Collections">
<arg>${json_data['results'][0]}</arg>
<arg>${key}</arg>
<doc>Fails if ``key`` is not found from ``dictionary``.</doc>
<status status="PASS" start="2024-08-09T23:15:05.073019" elapsed="0.000406"/>
</kw>
<kw name="Log" owner="BuiltIn">
<msg time="2024-08-09T23:15:05.073971" level="INFO">{'gender': 'male', 'name': {'title': 'Monsieur', 'first': 'Alberto', 'last': 'Denis'}, 'location': {'street': {'number': 6145, 'name': 'Rue de la Charité'}, 'city': 'Höri', 'state': 'Thurgau', 'country': 'Switzerland', 'postcode': 9222, 'coordinates': {'latitude': '-63.9946', 'longitude': '-66.8814'}, 'timezone': {'offset': '-6:00', 'description': 'Central Time (US &amp; Canada), Mexico City'}}, 'email': 'alberto.denis@example.com', 'login': {'uuid': '0339a6c9-0c5a-4dfd-a66c-41c2e8672379', 'username': 'happyrabbit365', 'password': 'hank', 'salt': 'dUxO171x', 'md5': '1c5573c6989d51cb0df03acf737dcaf7', 'sha1': '21c33dd622dc825a98f27b91d761200a3088c9c9', 'sha256': '4bc1f283e4c7e391da1dba3a2d5ceadc4524d7a59b382d95909e661c5c475e77'}, 'dob': {'date': '1949-07-29T15:54:52.809Z', 'age': 75}, 'registered': {'date': '2018-01-10T03:13:16.239Z', 'age': 6}, 'phone': '077 441 14 53', 'cell': '078 125 12 88', 'id': {'name': 'AVS', 'value': '756.8707.6261.58'}, 'picture': {'large': 'https://randomuser.me/api/portraits/men/17.jpg', 'medium': 'https://randomuser.me/api/portraits/med/men/17.jpg', 'thumbnail': 'https://randomuser.me/api/portraits/thumb/men/17.jpg'}, 'nat': 'CH'}</msg>
<arg>${json_data['results'][0]}</arg>
<doc>Logs the given message with the given level.</doc>
<status status="PASS" start="2024-08-09T23:15:05.073616" elapsed="0.000409"/>
</kw>
<kw name="Log" owner="BuiltIn">
<msg time="2024-08-09T23:15:05.074453" level="INFO">gender</msg>
<arg>${key}</arg>
<doc>Logs the given message with the given level.</doc>
<status status="PASS" start="2024-08-09T23:15:05.074325" elapsed="0.000166"/>
</kw>
<var name="${key}">gender</var>
<status status="PASS" start="2024-08-09T23:15:05.072891" elapsed="0.001818"/>
</iter>
<iter>
<kw name="Dictionary Should Contain Key" owner="Collections">
<arg>${json_data['results'][0]}</arg>
<arg>${key}</arg>
<doc>Fails if ``key`` is not found from ``dictionary``.</doc>
<status status="PASS" start="2024-08-09T23:15:05.075010" elapsed="0.000390"/>
</kw>
<kw name="Log" owner="BuiltIn">
<msg time="2024-08-09T23:15:05.075981" level="INFO">{'gender': 'male', 'name': {'title': 'Monsieur', 'first': 'Alberto', 'last': 'Denis'}, 'location': {'street': {'number': 6145, 'name': 'Rue de la Charité'}, 'city': 'Höri', 'state': 'Thurgau', 'country': 'Switzerland', 'postcode': 9222, 'coordinates': {'latitude': '-63.9946', 'longitude': '-66.8814'}, 'timezone': {'offset': '-6:00', 'description': 'Central Time (US &amp; Canada), Mexico City'}}, 'email': 'alberto.denis@example.com', 'login': {'uuid': '0339a6c9-0c5a-4dfd-a66c-41c2e8672379', 'username': 'happyrabbit365', 'password': 'hank', 'salt': 'dUxO171x', 'md5': '1c5573c6989d51cb0df03acf737dcaf7', 'sha1': '21c33dd622dc825a98f27b91d761200a3088c9c9', 'sha256': '4bc1f283e4c7e391da1dba3a2d5ceadc4524d7a59b382d95909e661c5c475e77'}, 'dob': {'date': '1949-07-29T15:54:52.809Z', 'age': 75}, 'registered': {'date': '2018-01-10T03:13:16.239Z', 'age': 6}, 'phone': '077 441 14 53', 'cell': '078 125 12 88', 'id': {'name': 'AVS', 'value': '756.8707.6261.58'}, 'picture': {'large': 'https://randomuser.me/api/portraits/men/17.jpg', 'medium': 'https://randomuser.me/api/portraits/med/men/17.jpg', 'thumbnail': 'https://randomuser.me/api/portraits/thumb/men/17.jpg'}, 'nat': 'CH'}</msg>
<arg>${json_data['results'][0]}</arg>
<doc>Logs the given message with the given level.</doc>
<status status="PASS" start="2024-08-09T23:15:05.075581" elapsed="0.000461"/>
</kw>
<kw name="Log" owner="BuiltIn">
<msg time="2024-08-09T23:15:05.076472" level="INFO">name</msg>
<arg>${key}</arg>
<doc>Logs the given message with the given level.</doc>
<status status="PASS" start="2024-08-09T23:15:05.076343" elapsed="0.000168"/>
</kw>
<var name="${key}">name</var>
<status status="PASS" start="2024-08-09T23:15:05.074894" elapsed="0.001835"/>
</iter>
<iter>
<kw name="Dictionary Should Contain Key" owner="Collections">
<arg>${json_data['results'][0]}</arg>
<arg>${key}</arg>
<doc>Fails if ``key`` is not found from ``dictionary``.</doc>
<status status="PASS" start="2024-08-09T23:15:05.077063" elapsed="0.000382"/>
</kw>
<kw name="Log" owner="BuiltIn">
<msg time="2024-08-09T23:15:05.077979" level="INFO">{'gender': 'male', 'name': {'title': 'Monsieur', 'first': 'Alberto', 'last': 'Denis'}, 'location': {'street': {'number': 6145, 'name': 'Rue de la Charité'}, 'city': 'Höri', 'state': 'Thurgau', 'country': 'Switzerland', 'postcode': 9222, 'coordinates': {'latitude': '-63.9946', 'longitude': '-66.8814'}, 'timezone': {'offset': '-6:00', 'description': 'Central Time (US &amp; Canada), Mexico City'}}, 'email': 'alberto.denis@example.com', 'login': {'uuid': '0339a6c9-0c5a-4dfd-a66c-41c2e8672379', 'username': 'happyrabbit365', 'password': 'hank', 'salt': 'dUxO171x', 'md5': '1c5573c6989d51cb0df03acf737dcaf7', 'sha1': '21c33dd622dc825a98f27b91d761200a3088c9c9', 'sha256': '4bc1f283e4c7e391da1dba3a2d5ceadc4524d7a59b382d95909e661c5c475e77'}, 'dob': {'date': '1949-07-29T15:54:52.809Z', 'age': 75}, 'registered': {'date': '2018-01-10T03:13:16.239Z', 'age': 6}, 'phone': '077 441 14 53', 'cell': '078 125 12 88', 'id': {'name': 'AVS', 'value': '756.8707.6261.58'}, 'picture': {'large': 'https://randomuser.me/api/portraits/men/17.jpg', 'medium': 'https://randomuser.me/api/portraits/med/men/17.jpg', 'thumbnail': 'https://randomuser.me/api/portraits/thumb/men/17.jpg'}, 'nat': 'CH'}</msg>
<arg>${json_data['results'][0]}</arg>
<doc>Logs the given message with the given level.</doc>
<status status="PASS" start="2024-08-09T23:15:05.077628" elapsed="0.000401"/>
</kw>
<kw name="Log" owner="BuiltIn">
<msg time="2024-08-09T23:15:05.078463" level="INFO">location</msg>
<arg>${key}</arg>
<doc>Logs the given message with the given level.</doc>
<status status="PASS" start="2024-08-09T23:15:05.078335" elapsed="0.000165"/>
</kw>
<var name="${key}">location</var>
<status status="PASS" start="2024-08-09T23:15:05.076948" elapsed="0.001771"/>
</iter>
<iter>
<kw name="Dictionary Should Contain Key" owner="Collections">
<arg>${json_data['results'][0]}</arg>
<arg>${key}</arg>
<doc>Fails if ``key`` is not found from ``dictionary``.</doc>
<status status="PASS" start="2024-08-09T23:15:05.079002" elapsed="0.000389"/>
</kw>
<kw name="Log" owner="BuiltIn">
<msg time="2024-08-09T23:15:05.080053" level="INFO">{'gender': 'male', 'name': {'title': 'Monsieur', 'first': 'Alberto', 'last': 'Denis'}, 'location': {'street': {'number': 6145, 'name': 'Rue de la Charité'}, 'city': 'Höri', 'state': 'Thurgau', 'country': 'Switzerland', 'postcode': 9222, 'coordinates': {'latitude': '-63.9946', 'longitude': '-66.8814'}, 'timezone': {'offset': '-6:00', 'description': 'Central Time (US &amp; Canada), Mexico City'}}, 'email': 'alberto.denis@example.com', 'login': {'uuid': '0339a6c9-0c5a-4dfd-a66c-41c2e8672379', 'username': 'happyrabbit365', 'password': 'hank', 'salt': 'dUxO171x', 'md5': '1c5573c6989d51cb0df03acf737dcaf7', 'sha1': '21c33dd622dc825a98f27b91d761200a3088c9c9', 'sha256': '4bc1f283e4c7e391da1dba3a2d5ceadc4524d7a59b382d95909e661c5c475e77'}, 'dob': {'date': '1949-07-29T15:54:52.809Z', 'age': 75}, 'registered': {'date': '2018-01-10T03:13:16.239Z', 'age': 6}, 'phone': '077 441 14 53', 'cell': '078 125 12 88', 'id': {'name': 'AVS', 'value': '756.8707.6261.58'}, 'picture': {'large': 'https://randomuser.me/api/portraits/men/17.jpg', 'medium': 'https://randomuser.me/api/portraits/med/men/17.jpg', 'thumbnail': 'https://randomuser.me/api/portraits/thumb/men/17.jpg'}, 'nat': 'CH'}</msg>
<arg>${json_data['results'][0]}</arg>
<doc>Logs the given message with the given level.</doc>
<status status="PASS" start="2024-08-09T23:15:05.079690" elapsed="0.000424"/>
</kw>
<kw name="Log" owner="BuiltIn">
<msg time="2024-08-09T23:15:05.080542" level="INFO">email</msg>
<arg>${key}</arg>
<doc>Logs the given message with the given level.</doc>
<status status="PASS" start="2024-08-09T23:15:05.080413" elapsed="0.000167"/>
</kw>
<var name="${key}">email</var>
<status status="PASS" start="2024-08-09T23:15:05.078894" elapsed="0.001934"/>
</iter>
<iter>
<kw name="Dictionary Should Contain Key" owner="Collections">
<arg>${json_data['results'][0]}</arg>
<arg>${key}</arg>
<doc>Fails if ``key`` is not found from ``dictionary``.</doc>
<status status="PASS" start="2024-08-09T23:15:05.081116" elapsed="0.000375"/>
</kw>
<kw name="Log" owner="BuiltIn">
<msg time="2024-08-09T23:15:05.082021" level="INFO">{'gender': 'male', 'name': {'title': 'Monsieur', 'first': 'Alberto', 'last': 'Denis'}, 'location': {'street': {'number': 6145, 'name': 'Rue de la Charité'}, 'city': 'Höri', 'state': 'Thurgau', 'country': 'Switzerland', 'postcode': 9222, 'coordinates': {'latitude': '-63.9946', 'longitude': '-66.8814'}, 'timezone': {'offset': '-6:00', 'description': 'Central Time (US &amp; Canada), Mexico City'}}, 'email': 'alberto.denis@example.com', 'login': {'uuid': '0339a6c9-0c5a-4dfd-a66c-41c2e8672379', 'username': 'happyrabbit365', 'password': 'hank', 'salt': 'dUxO171x', 'md5': '1c5573c6989d51cb0df03acf737dcaf7', 'sha1': '21c33dd622dc825a98f27b91d761200a3088c9c9', 'sha256': '4bc1f283e4c7e391da1dba3a2d5ceadc4524d7a59b382d95909e661c5c475e77'}, 'dob': {'date': '1949-07-29T15:54:52.809Z', 'age': 75}, 'registered': {'date': '2018-01-10T03:13:16.239Z', 'age': 6}, 'phone': '077 441 14 53', 'cell': '078 125 12 88', 'id': {'name': 'AVS', 'value': '756.8707.6261.58'}, 'picture': {'large': 'https://randomuser.me/api/portraits/men/17.jpg', 'medium': 'https://randomuser.me/api/portraits/med/men/17.jpg', 'thumbnail': 'https://randomuser.me/api/portraits/thumb/men/17.jpg'}, 'nat': 'CH'}</msg>
<arg>${json_data['results'][0]}</arg>
<doc>Logs the given message with the given level.</doc>
<status status="PASS" start="2024-08-09T23:15:05.081673" elapsed="0.000398"/>
</kw>
<kw name="Log" owner="BuiltIn">
<msg time="2024-08-09T23:15:05.082495" level="INFO">login</msg>
<arg>${key}</arg>
<doc>Logs the given message with the given level.</doc>
<status status="PASS" start="2024-08-09T23:15:05.082367" elapsed="0.000165"/>
</kw>
<var name="${key}">login</var>
<status status="PASS" start="2024-08-09T23:15:05.081006" elapsed="0.001739"/>
</iter>
<var>${key}</var>
<value>@{expected_keys}</value>
<status status="PASS" start="2024-08-09T23:15:05.072653" elapsed="0.010212"/>
</for>
<kw name="Create List" owner="BuiltIn">
<msg time="2024-08-09T23:15:05.083235" level="INFO">${expected_keysTwo} = ['username', 'password']</msg>
<var>${expected_keysTwo}</var>
<arg>username</arg>
<arg>password</arg>
<doc>Returns a list containing given items.</doc>
<status status="PASS" start="2024-08-09T23:15:05.083086" elapsed="0.000173"/>
</kw>
<for flavor="IN">
<iter>
<kw name="Dictionary Should Contain Key" owner="Collections">
<arg>${json_data['results'][0]['login']}</arg>
<arg>${keyTwo}</arg>
<doc>Fails if ``key`` is not found from ``dictionary``.</doc>
<status status="PASS" start="2024-08-09T23:15:05.083753" elapsed="0.000380"/>
</kw>
<kw name="Dictionary Should Contain Key" owner="Collections">
<arg>${json_data['results'][0]['login']}</arg>
<arg>${keyTwo}</arg>
<doc>Fails if ``key`` is not found from ``dictionary``.</doc>
<status status="PASS" start="2024-08-09T23:15:05.084311" elapsed="0.000366"/>
</kw>
<kw name="Log" owner="BuiltIn">
<msg time="2024-08-09T23:15:05.085027" level="INFO">username</msg>
<arg>${keyTwo}</arg>
<doc>Logs the given message with the given level.</doc>
<status status="PASS" start="2024-08-09T23:15:05.084904" elapsed="0.000160"/>
</kw>
<var name="${keyTwo}">username</var>
<status status="PASS" start="2024-08-09T23:15:05.083648" elapsed="0.001636"/>
</iter>
<iter>
<kw name="Dictionary Should Contain Key" owner="Collections">
<arg>${json_data['results'][0]['login']}</arg>
<arg>${keyTwo}</arg>
<doc>Fails if ``key`` is not found from ``dictionary``.</doc>
<status status="PASS" start="2024-08-09T23:15:05.085565" elapsed="0.000381"/>
</kw>
<kw name="Dictionary Should Contain Key" owner="Collections">
<arg>${json_data['results'][0]['login']}</arg>
<arg>${keyTwo}</arg>
<doc>Fails if ``key`` is not found from ``dictionary``.</doc>
<status status="PASS" start="2024-08-09T23:15:05.086134" elapsed="0.000367"/>
</kw>
<kw name="Log" owner="BuiltIn">
<msg time="2024-08-09T23:15:05.086796" level="INFO">password</msg>
<arg>${keyTwo}</arg>
<doc>Logs the given message with the given level.</doc>
<status status="PASS" start="2024-08-09T23:15:05.086677" elapsed="0.000155"/>
</kw>
<var name="${keyTwo}">password</var>
<status status="PASS" start="2024-08-09T23:15:05.085456" elapsed="0.001596"/>
</iter>
<var>${keyTwo}</var>
<value>@{expected_keysTwo}</value>
<status status="PASS" start="2024-08-09T23:15:05.083499" elapsed="0.003673"/>
</for>
<status status="PASS" start="2024-08-09T23:15:04.976361" elapsed="0.110952"/>
</kw>
<doc>Testa a estrutura da resposta da API.</doc>
<tag>testeEstruturaResposta</tag>
<status status="PASS" start="2024-08-09T23:15:04.975815" elapsed="0.111655"/>
</test>
<test id="s1-s1-t4" name="Validar tipos de dados" line="28">
<kw name="Teste de Tipos de Dados" owner="random-user-service">
<kw name="GET On Session" owner="RequestsLibrary">
<msg time="2024-08-09T23:15:05.170176" level="INFO">GET Request : url=https://randomuser.me/api 
 path_url=/api 
 headers={'User-Agent': 'python-requests/2.32.3', 'Accept-Encoding': 'gzip, deflate', 'Accept': '*/*', 'Connection': 'keep-alive'} 
 body=None 
 </msg>
<msg time="2024-08-09T23:15:05.170241" level="INFO">GET Response : url=https://randomuser.me/api 
 status=200, reason=OK 
 headers={'Date': 'Fri, 09 Aug 2024 23:15:05 GMT', 'Content-Type': 'application/json; charset=utf-8', 'Transfer-Encoding': 'chunked', 'Connection': 'keep-alive', 'X-Powered-By': 'Express', 'Access-Control-Allow-Origin': '*', 'Cache-Control': 'no-cache', 'ETag': 'W/"494-+fIMlbno5je6LX//PFiO7VZRFTo"', 'Vary': 'Accept-Encoding', 'Content-Encoding': 'gzip', 'CF-Cache-Status': 'DYNAMIC', 'Report-To': '{"endpoints":[{"url":"https:\\/\\/a.nel.cloudflare.com\\/report\\/v4?s=3tmZ2UYCioKNW6M0ls2LCj6YVnI600S1bt57FYMjgserFsIf47s2YYu%2FSBZjw9j3F1G1yMcOUra1RZF8KVhJQNiiJHAbHsoPEpzoQC%2FMQ7fQvBl5lW1HZFWkUwXmJlO4"}],"group":"cf-nel","max_age":604800}', 'NEL': '{"success_fraction":0,"report_to":"cf-nel","max_age":604800}', 'Server': 'cloudflare', 'CF-RAY': '8b0b7234d8752094-IAD', 'alt-svc': 'h3=":443"; ma=86400'} 
 body={"results":[{"gender":"male","name":{"title":"Mr","first":"George","last":"Kennedy"},"location":{"street":{"number":3141,"name":"Grange Road"},"city":"Durham","state":"Tyne and Wear","country":"United Kingdom","postcode":"X82 9AN","coordinates":{"latitude":"-12.2964","longitude":"-126.0292"},"timezone":{"offset":"+7:00","description":"Bangkok, Hanoi, Jakarta"}},"email":"george.kennedy@example.com","login":{"uuid":"57d534ef-f730-471f-ade6-1b0468483319","username":"tinygorilla164","password":"sparks","salt":"8DmcDf9j","md5":"0ce4cdeba370d8a82cef3c1150d3ad1c","sha1":"02e8c2bac649ab9016128747838672ac9c76a3b3","sha256":"c15914489a2662c2dd3eadd9c860fe0e05afb643e1e993d72f44b095e4be7882"},"dob":{"date":"1986-10-17T21:25:07.139Z","age":37},"registered":{"date":"2002-08-08T03:45:42.346Z","age":22},"phone":"019467 32925","cell":"07432 069366","id":{"name":"NINO","value":"SG 74 86 62 P"},"picture":{"large":"https://randomuser.me/api/portraits/men/26.jpg","medium":"https://randomuser.me/api/portraits/med/men/26.jpg","thumbnail":"https://randomuser.me/api/portraits/thumb/men/26.jpg"},"nat":"GB"}],"info":{"seed":"fb9f186f28b45eeb","results":1,"page":1,"version":"1.4"}} 
 </msg>
<msg time="2024-08-09T23:15:05.170298" level="INFO">/opt/hostedtoolcache/Python/3.12.4/x64/lib/python3.12/site-packages/urllib3/connectionpool.py:1099: InsecureRequestWarning: Unverified HTTPS request is being made to host 'randomuser.me'. Adding certificate verification is strongly advised. See: https://urllib3.readthedocs.io/en/latest/advanced-usage.html#tls-warnings
  warnings.warn(</msg>
<msg time="2024-08-09T23:15:05.170403" level="INFO">${response} = &lt;Response [200]&gt;</msg>
<var>${response}</var>
<arg>consultarAPI</arg>
<arg>/api</arg>
<doc>Sends a GET request on a previously created HTTP Session.</doc>
<status status="PASS" start="2024-08-09T23:15:05.089903" elapsed="0.080538"/>
</kw>
<kw name="Set Variable" owner="BuiltIn">
<msg time="2024-08-09T23:15:05.171284" level="INFO">${json_data} = {'results': [{'gender': 'male', 'name': {'title': 'Mr', 'first': 'George', 'last': 'Kennedy'}, 'location': {'street': {'number': 3141, 'name': 'Grange Road'}, 'city': 'Durham', 'state': 'Tyne and Wear...</msg>
<var>${json_data}</var>
<arg>${response.json()}</arg>
<doc>Returns the given values which can then be assigned to a variables.</doc>
<status status="PASS" start="2024-08-09T23:15:05.170821" elapsed="0.000492"/>
</kw>
<kw name="Log" owner="BuiltIn">
<msg time="2024-08-09T23:15:05.171781" level="INFO">{'results': [{'gender': 'male', 'name': {'title': 'Mr', 'first': 'George', 'last': 'Kennedy'}, 'location': {'street': {'number': 3141, 'name': 'Grange Road'}, 'city': 'Durham', 'state': 'Tyne and Wear', 'country': 'United Kingdom', 'postcode': 'X82 9AN', 'coordinates': {'latitude': '-12.2964', 'longitude': '-126.0292'}, 'timezone': {'offset': '+7:00', 'description': 'Bangkok, Hanoi, Jakarta'}}, 'email': 'george.kennedy@example.com', 'login': {'uuid': '57d534ef-f730-471f-ade6-1b0468483319', 'username': 'tinygorilla164', 'password': 'sparks', 'salt': '8DmcDf9j', 'md5': '0ce4cdeba370d8a82cef3c1150d3ad1c', 'sha1': '02e8c2bac649ab9016128747838672ac9c76a3b3', 'sha256': 'c15914489a2662c2dd3eadd9c860fe0e05afb643e1e993d72f44b095e4be7882'}, 'dob': {'date': '1986-10-17T21:25:07.139Z', 'age': 37}, 'registered': {'date': '2002-08-08T03:45:42.346Z', 'age': 22}, 'phone': '019467 32925', 'cell': '07432 069366', 'id': {'name': 'NINO', 'value': 'SG 74 86 62 P'}, 'picture': {'large': 'https://randomuser.me/api/portraits/men/26.jpg', 'medium': 'https://randomuser.me/api/portraits/med/men/26.jpg', 'thumbnail': 'https://randomuser.me/api/portraits/thumb/men/26.jpg'}, 'nat': 'GB'}], 'info': {'seed': 'fb9f186f28b45eeb', 'results': 1, 'page': 1, 'version': '1.4'}}</msg>
<arg>${json_data}</arg>
<doc>Logs the given message with the given level.</doc>
<status status="PASS" start="2024-08-09T23:15:05.171625" elapsed="0.000220"/>
</kw>
<kw name="Should Be String" owner="String">
<arg>${json_data['results'][0]['gender']}</arg>
<doc>Fails if the given ``item`` is not a string.</doc>
<status status="PASS" start="2024-08-09T23:15:05.172142" elapsed="0.000355"/>
</kw>
<kw name="Should Match Regexp" owner="BuiltIn">
<arg>${json_data['results'][0]['email']}</arg>
<arg>^[a-zA-Z0-9._%+-]+@[a-zA-Z0-9.-]+\.[a-zA-Z]{2,}$</arg>
<doc>Fails if ``string`` does not match ``pattern`` as a regular expression.</doc>
<status status="PASS" start="2024-08-09T23:15:05.172723" elapsed="0.000583"/>
</kw>
<kw name="Should Match Regexp" owner="BuiltIn">
<arg>${json_data['results'][0]['dob']['date']}</arg>
<arg>\\d{4}-\\d{2}-\\d{2}T\\d{2}:\\d{2}:\\d{2}\\.\\d{3}Z</arg>
<doc>Fails if ``string`` does not match ``pattern`` as a regular expression.</doc>
<status status="PASS" start="2024-08-09T23:15:05.173507" elapsed="0.000601"/>
</kw>
<kw name="Should Match Regexp" owner="BuiltIn">
<arg>${json_data['results'][0]['registered']['date']}</arg>
<arg>\\d{4}-\\d{2}-\\d{2}T\\d{2}:\\d{2}:\\d{2}\\.\\d{3}Z</arg>
<doc>Fails if ``string`` does not match ``pattern`` as a regular expression.</doc>
<status status="PASS" start="2024-08-09T23:15:05.174301" elapsed="0.000373"/>
</kw>
<kw name="Should Match Regexp" owner="BuiltIn">
<arg>${json_data['results'][0]['picture']['large']}</arg>
<arg>^https?://.*\.(?:png|jpe?g|gif|bmp)$</arg>
<doc>Fails if ``string`` does not match ``pattern`` as a regular expression.</doc>
<status status="PASS" start="2024-08-09T23:15:05.174858" elapsed="0.000465"/>
</kw>
<kw name="Should Match Regexp" owner="BuiltIn">
<arg>${json_data['results'][0]['picture']['medium']}</arg>
<arg>^https?://.*\.(?:png|jpe?g|gif|bmp)$</arg>
<doc>Fails if ``string`` does not match ``pattern`` as a regular expression.</doc>
<status status="PASS" start="2024-08-09T23:15:05.175512" elapsed="0.000354"/>
</kw>
<kw name="Should Match Regexp" owner="BuiltIn">
<arg>${json_data['results'][0]['picture']['thumbnail']}</arg>
<arg>^https?://.*\.(?:png|jpe?g|gif|bmp)$</arg>
<doc>Fails if ``string`` does not match ``pattern`` as a regular expression.</doc>
<status status="PASS" start="2024-08-09T23:15:05.176048" elapsed="0.000344"/>
</kw>
<kw name="Log" owner="BuiltIn">
<msg time="2024-08-09T23:15:05.176925" level="INFO">{'large': 'https://randomuser.me/api/portraits/men/26.jpg', 'medium': 'https://randomuser.me/api/portraits/med/men/26.jpg', 'thumbnail': 'https://randomuser.me/api/portraits/thumb/men/26.jpg'}</msg>
<arg>${json_data['results'][0]['picture']}</arg>
<doc>Logs the given message with the given level.</doc>
<status status="PASS" start="2024-08-09T23:15:05.176573" elapsed="0.000394"/>
</kw>
<status status="PASS" start="2024-08-09T23:15:05.089675" elapsed="0.087549"/>
</kw>
<kw name="Teste de Tipos de Dados - Postcode" owner="random-user-service">
<kw name="GET On Session" owner="RequestsLibrary">
<msg time="2024-08-09T23:15:05.277627" level="INFO">GET Request : url=https://randomuser.me/api 
 path_url=/api 
 headers={'User-Agent': 'python-requests/2.32.3', 'Accept-Encoding': 'gzip, deflate', 'Accept': '*/*', 'Connection': 'keep-alive'} 
 body=None 
 </msg>
<msg time="2024-08-09T23:15:05.277702" level="INFO">GET Response : url=https://randomuser.me/api 
 status=200, reason=OK 
 headers={'Date': 'Fri, 09 Aug 2024 23:15:05 GMT', 'Content-Type': 'application/json; charset=utf-8', 'Transfer-Encoding': 'chunked', 'Connection': 'keep-alive', 'X-Powered-By': 'Express', 'Access-Control-Allow-Origin': '*', 'Cache-Control': 'no-cache', 'ETag': 'W/"47e-BMdhjuA8ei1QYFz4Dcumdptz90M"', 'Vary': 'Accept-Encoding', 'Content-Encoding': 'gzip', 'CF-Cache-Status': 'DYNAMIC', 'Report-To': '{"endpoints":[{"url":"https:\\/\\/a.nel.cloudflare.com\\/report\\/v4?s=Epq6yqzcrqwgOlSxSaMPSWh6x6sXFtOyb58k7ckp%2BGivHlYgsANJ3pntrjkKeTWqvpwPxbWZkumjd1jc7wStVvcGbZOCMC27DPehs8HfBVP%2BjGR8Lyt25HWdVtKLyC8R"}],"group":"cf-nel","max_age":604800}', 'NEL': '{"success_fraction":0,"report_to":"cf-nel","max_age":604800}', 'Server': 'cloudflare', 'CF-RAY': '8b0b723569272094-IAD', 'alt-svc': 'h3=":443"; ma=86400'} 
 body={"results":[{"gender":"female","name":{"title":"Ms","first":"Nadežda","last":"Rađen"},"location":{"street":{"number":1762,"name":"Živanićeva"},"city":"Kruševac","state":"Braničevo","country":"Serbia","postcode":73168,"coordinates":{"latitude":"61.9177","longitude":"119.4564"},"timezone":{"offset":"-2:00","description":"Mid-Atlantic"}},"email":"nadezda.raden@example.com","login":{"uuid":"99d62f61-baab-45b8-a242-35a882fafa59","username":"blackduck386","password":"denmark","salt":"POStUHlj","md5":"62e5ec30d8657b6de9fda6f7d423a6c8","sha1":"db0289c0eba2a09dd080b6069a9147b1ae982331","sha256":"e2302bb1f92dd80d6815089971c04800b31c28c295f443a68ae78073b8fbb4da"},"dob":{"date":"1981-09-10T19:02:05.881Z","age":42},"registered":{"date":"2012-12-18T14:44:15.309Z","age":11},"phone":"019-6963-671","cell":"067-9085-893","id":{"name":"SID","value":"544798254"},"picture":{"large":"https://randomuser.me/api/portraits/women/51.jpg","medium":"https://randomuser.me/api/portraits/med/women/51.jpg","thumbnail":"https://randomuser.me/api/portraits/thumb/women/51.jpg"},"nat":"RS"}],"info":{"seed":"6ac508d322c6544c","results":1,"page":1,"version":"1.4"}} 
 </msg>
<msg time="2024-08-09T23:15:05.277765" level="INFO">/opt/hostedtoolcache/Python/3.12.4/x64/lib/python3.12/site-packages/urllib3/connectionpool.py:1099: InsecureRequestWarning: Unverified HTTPS request is being made to host 'randomuser.me'. Adding certificate verification is strongly advised. See: https://urllib3.readthedocs.io/en/latest/advanced-usage.html#tls-warnings
  warnings.warn(</msg>
<msg time="2024-08-09T23:15:05.277882" level="INFO">${response} = &lt;Response [200]&gt;</msg>
<var>${response}</var>
<arg>consultarAPI</arg>
<arg>/api</arg>
<doc>Sends a GET request on a previously created HTTP Session.</doc>
<status status="PASS" start="2024-08-09T23:15:05.177651" elapsed="0.100272"/>
</kw>
<kw name="Set Variable" owner="BuiltIn">
<msg time="2024-08-09T23:15:05.278778" level="INFO">${json_data} = {'results': [{'gender': 'female', 'name': {'title': 'Ms', 'first': 'Nadežda', 'last': 'Rađen'}, 'location': {'street': {'number': 1762, 'name': 'Živanićeva'}, 'city': 'Kruševac', 'state': 'Braničevo',...</msg>
<var>${json_data}</var>
<arg>${response.json()}</arg>
<doc>Returns the given values which can then be assigned to a variables.</doc>
<status status="PASS" start="2024-08-09T23:15:05.278305" elapsed="0.000503"/>
</kw>
<kw name="Log" owner="BuiltIn">
<msg time="2024-08-09T23:15:05.279284" level="INFO">{'results': [{'gender': 'female', 'name': {'title': 'Ms', 'first': 'Nadežda', 'last': 'Rađen'}, 'location': {'street': {'number': 1762, 'name': 'Živanićeva'}, 'city': 'Kruševac', 'state': 'Braničevo', 'country': 'Serbia', 'postcode': 73168, 'coordinates': {'latitude': '61.9177', 'longitude': '119.4564'}, 'timezone': {'offset': '-2:00', 'description': 'Mid-Atlantic'}}, 'email': 'nadezda.raden@example.com', 'login': {'uuid': '99d62f61-baab-45b8-a242-35a882fafa59', 'username': 'blackduck386', 'password': 'denmark', 'salt': 'POStUHlj', 'md5': '62e5ec30d8657b6de9fda6f7d423a6c8', 'sha1': 'db0289c0eba2a09dd080b6069a9147b1ae982331', 'sha256': 'e2302bb1f92dd80d6815089971c04800b31c28c295f443a68ae78073b8fbb4da'}, 'dob': {'date': '1981-09-10T19:02:05.881Z', 'age': 42}, 'registered': {'date': '2012-12-18T14:44:15.309Z', 'age': 11}, 'phone': '019-6963-671', 'cell': '067-9085-893', 'id': {'name': 'SID', 'value': '544798254'}, 'picture': {'large': 'https://randomuser.me/api/portraits/women/51.jpg', 'medium': 'https://randomuser.me/api/portraits/med/women/51.jpg', 'thumbnail': 'https://randomuser.me/api/portraits/thumb/women/51.jpg'}, 'nat': 'RS'}], 'info': {'seed': '6ac508d322c6544c', 'results': 1, 'page': 1, 'version': '1.4'}}</msg>
<arg>${json_data}</arg>
<doc>Logs the given message with the given level.</doc>
<status status="PASS" start="2024-08-09T23:15:05.279124" elapsed="0.000211"/>
</kw>
<kw name="Should Be Equal As Numbers" owner="BuiltIn">
<arg>${json_data['results'][0]['location']['postcode']}</arg>
<arg>${json_data['results'][0]['location']['postcode']}</arg>
<doc>Fails if objects are unequal after converting them to real numbers.</doc>
<status status="PASS" start="2024-08-09T23:15:05.279634" elapsed="0.000630"/>
</kw>
<kw name="Log" owner="BuiltIn">
<msg time="2024-08-09T23:15:05.280864" level="INFO">73168</msg>
<arg>${json_data['results'][0]['location']['postcode']}</arg>
<doc>Logs the given message with the given level.</doc>
<status status="PASS" start="2024-08-09T23:15:05.280454" elapsed="0.000453"/>
</kw>
<status status="PASS" start="2024-08-09T23:15:05.177435" elapsed="0.103730"/>
</kw>
<doc>Testa se os tipos de dados na resposta da API estão corretos.</doc>
<tag>testeTiposDados</tag>
<status status="PASS" start="2024-08-09T23:15:05.089243" elapsed="0.192089"/>
</test>
<test id="s1-s1-t5" name="Validar conteudo" line="35">
<kw name="Teste de Tipos de Conteudo" owner="random-user-service">
<kw name="GET On Session" owner="RequestsLibrary">
<msg time="2024-08-09T23:15:05.402791" level="INFO">GET Request : url=https://randomuser.me/api 
 path_url=/api 
 headers={'User-Agent': 'python-requests/2.32.3', 'Accept-Encoding': 'gzip, deflate', 'Accept': '*/*', 'Connection': 'keep-alive'} 
 body=None 
 </msg>
<msg time="2024-08-09T23:15:05.402873" level="INFO">GET Response : url=https://randomuser.me/api 
 status=200, reason=OK 
 headers={'Date': 'Fri, 09 Aug 2024 23:15:05 GMT', 'Content-Type': 'application/json; charset=utf-8', 'Transfer-Encoding': 'chunked', 'Connection': 'keep-alive', 'X-Powered-By': 'Express', 'Access-Control-Allow-Origin': '*', 'Cache-Control': 'no-cache', 'ETag': 'W/"481-Kzs5+prahcl7D5X+z9tCgTPLymE"', 'Vary': 'Accept-Encoding', 'Content-Encoding': 'gzip', 'CF-Cache-Status': 'DYNAMIC', 'Report-To': '{"endpoints":[{"url":"https:\\/\\/a.nel.cloudflare.com\\/report\\/v4?s=O26pzAeVeWDMudbA5PALraNdh%2FR8gnFEq7dF8Miw55LHDEgywL%2BTSRhB3VlDm86Bz6rt1H1LOZuoeMRP%2B2xXML18ViMZv%2B11RoUh5HwrbWEjkzmcju9NysGKLPfLNdwT"}],"group":"cf-nel","max_age":604800}', 'NEL': '{"success_fraction":0,"report_to":"cf-nel","max_age":604800}', 'Server': 'cloudflare', 'CF-RAY': '8b0b723609d52094-IAD', 'alt-svc': 'h3=":443"; ma=86400'} 
 body={"results":[{"gender":"male","name":{"title":"Mr","first":"Terrance","last":"Hansen"},"location":{"street":{"number":2135,"name":"Prospect Rd"},"city":"Warragul","state":"Victoria","country":"Australia","postcode":5742,"coordinates":{"latitude":"-89.2355","longitude":"-7.9489"},"timezone":{"offset":"+7:00","description":"Bangkok, Hanoi, Jakarta"}},"email":"terrance.hansen@example.com","login":{"uuid":"e5c3afc0-00e9-4605-8d4d-475811e7b8d8","username":"crazysnake354","password":"sprout","salt":"cc6MAbtd","md5":"32972c92fec5ef7db368f6a2881fb1f7","sha1":"a2049a1dd7cd50cf836418db753de33eaa17e89b","sha256":"8b593f482109114b8e9c1f7ed9a53050bd418c2a07c30ebe75547592fe116dba"},"dob":{"date":"1970-10-25T19:38:49.578Z","age":53},"registered":{"date":"2009-04-20T16:45:20.745Z","age":15},"phone":"00-0846-5852","cell":"0470-890-673","id":{"name":"TFN","value":"779849660"},"picture":{"large":"https://randomuser.me/api/portraits/men/54.jpg","medium":"https://randomuser.me/api/portraits/med/men/54.jpg","thumbnail":"https://randomuser.me/api/portraits/thumb/men/54.jpg"},"nat":"AU"}],"info":{"seed":"abd79d6a8e19531b","results":1,"page":1,"version":"1.4"}} 
 </msg>
<msg time="2024-08-09T23:15:05.402947" level="INFO">/opt/hostedtoolcache/Python/3.12.4/x64/lib/python3.12/site-packages/urllib3/connectionpool.py:1099: InsecureRequestWarning: Unverified HTTPS request is being made to host 'randomuser.me'. Adding certificate verification is strongly advised. See: https://urllib3.readthedocs.io/en/latest/advanced-usage.html#tls-warnings
  warnings.warn(</msg>
<msg time="2024-08-09T23:15:05.403085" level="INFO">${response} = &lt;Response [200]&gt;</msg>
<var>${response}</var>
<arg>consultarAPI</arg>
<arg>/api</arg>
<doc>Sends a GET request on a previously created HTTP Session.</doc>
<status status="PASS" start="2024-08-09T23:15:05.283752" elapsed="0.119390"/>
</kw>
<kw name="Set Variable" owner="BuiltIn">
<msg time="2024-08-09T23:15:05.404035" level="INFO">${json_data} = {'results': [{'gender': 'male', 'name': {'title': 'Mr', 'first': 'Terrance', 'last': 'Hansen'}, 'location': {'street': {'number': 2135, 'name': 'Prospect Rd'}, 'city': 'Warragul', 'state': 'Victoria',...</msg>
<var>${json_data}</var>
<arg>${response.json()}</arg>
<doc>Returns the given values which can then be assigned to a variables.</doc>
<status status="PASS" start="2024-08-09T23:15:05.403584" elapsed="0.000479"/>
</kw>
<kw name="Set Variable" owner="BuiltIn">
<msg time="2024-08-09T23:15:05.404787" level="INFO">${name_title} = Mr</msg>
<var>${name_title}</var>
<arg>${json_data["results"][0]["name"]["title"]}</arg>
<doc>Returns the given values which can then be assigned to a variables.</doc>
<status status="PASS" start="2024-08-09T23:15:05.404364" elapsed="0.000452"/>
</kw>
<kw name="Create List" owner="BuiltIn">
<msg time="2024-08-09T23:15:05.405281" level="INFO">${allowed_titles} = ['Mr', 'Ms', 'Miss', 'Mrs', 'Madame', 'Monsieur']</msg>
<var>${allowed_titles}</var>
<arg>Mr</arg>
<arg>Ms</arg>
<arg>Miss</arg>
<arg>Mrs</arg>
<arg>Madame</arg>
<arg>Monsieur</arg>
<doc>Returns a list containing given items.</doc>
<status status="PASS" start="2024-08-09T23:15:05.405129" elapsed="0.000177"/>
</kw>
<kw name="List Should Contain Value" owner="Collections">
<arg>${allowed_titles}</arg>
<arg>${name_title}</arg>
<doc>Fails if the ``value`` is not found from ``list``.</doc>
<status status="PASS" start="2024-08-09T23:15:05.405603" elapsed="0.000173"/>
</kw>
<kw name="Set Variable" owner="BuiltIn">
<msg time="2024-08-09T23:15:05.406344" level="INFO">${name_country} = AU</msg>
<var>${name_country}</var>
<arg>${json_data["results"][0]["nat"]}</arg>
<doc>Returns the given values which can then be assigned to a variables.</doc>
<status status="PASS" start="2024-08-09T23:15:05.405970" elapsed="0.000399"/>
</kw>
<kw name="Create List" owner="BuiltIn">
<msg time="2024-08-09T23:15:05.407260" level="INFO">${list_country} = ['AD', 'AE', 'AF', 'AG', 'AI', 'AL', 'AM', 'AO', 'AQ', 'AR', 'AS', 'AT', 'AU', 'AW', 'AX', 'AZ', 'BA', 'BB', 'BD', 'BE', 'BF', 'BG', 'BH', 'BI', 'BJ', 'BL', 'BM', 'BN', 'BO', 'BQ', 'BR', 'BS', 'BT', '...</msg>
<var>${list_country}</var>
<arg>AD</arg>
<arg>AE</arg>
<arg>AF</arg>
<arg>AG</arg>
<arg>AI</arg>
<arg>AL</arg>
<arg>AM</arg>
<arg>AO</arg>
<arg>AQ</arg>
<arg>AR</arg>
<arg>AS</arg>
<arg>AT</arg>
<arg>AU</arg>
<arg>AW</arg>
<arg>AX</arg>
<arg>AZ</arg>
<arg>BA</arg>
<arg>BB</arg>
<arg>BD</arg>
<arg>BE</arg>
<arg>BF</arg>
<arg>BG</arg>
<arg>BH</arg>
<arg>BI</arg>
<arg>BJ</arg>
<arg>BL</arg>
<arg>BM</arg>
<arg>BN</arg>
<arg>BO</arg>
<arg>BQ</arg>
<arg>BR</arg>
<arg>BS</arg>
<arg>BT</arg>
<arg>BV</arg>
<arg>BW</arg>
<arg>BY</arg>
<arg>BZ</arg>
<arg>CA</arg>
<arg>CC</arg>
<arg>CD</arg>
<arg>CF</arg>
<arg>CG</arg>
<arg>CH</arg>
<arg>CI</arg>
<arg>CK</arg>
<arg>CL</arg>
<arg>CM</arg>
<arg>CN</arg>
<arg>CO</arg>
<arg>CR</arg>
<arg>CU</arg>
<arg>CV</arg>
<arg>CW</arg>
<arg>CX</arg>
<arg>CY</arg>
<arg>CZ</arg>
<arg>DE</arg>
<arg>DJ</arg>
<arg>DK</arg>
<arg>DM</arg>
<arg>DO</arg>
<arg>DZ</arg>
<arg>EC</arg>
<arg>EE</arg>
<arg>EG</arg>
<arg>EH</arg>
<arg>ER</arg>
<arg>ES</arg>
<arg>ET</arg>
<arg>FI</arg>
<arg>FJ</arg>
<arg>FK</arg>
<arg>FM</arg>
<arg>FO</arg>
<arg>FR</arg>
<arg>GA</arg>
<arg>GB</arg>
<arg>GD</arg>
<arg>GE</arg>
<arg>GF</arg>
<arg>GG</arg>
<arg>GH</arg>
<arg>GI</arg>
<arg>GL</arg>
<arg>GM</arg>
<arg>GN</arg>
<arg>GP</arg>
<arg>GQ</arg>
<arg>GR</arg>
<arg>GS</arg>
<arg>GT</arg>
<arg>GU</arg>
<arg>GW</arg>
<arg>GY</arg>
<arg>HK</arg>
<arg>HM</arg>
<arg>HN</arg>
<arg>HR</arg>
<arg>HT</arg>
<arg>HU</arg>
<arg>ID</arg>
<arg>IE</arg>
<arg>IL</arg>
<arg>IM</arg>
<arg>IN</arg>
<arg>IO</arg>
<arg>IQ</arg>
<arg>IR</arg>
<arg>IS</arg>
<arg>IT</arg>
<arg>JE</arg>
<arg>JM</arg>
<arg>JO</arg>
<arg>JP</arg>
<arg>KE</arg>
<arg>KG</arg>
<arg>KH</arg>
<arg>KI</arg>
<arg>KM</arg>
<arg>KN</arg>
<arg>KP</arg>
<arg>KR</arg>
<arg>KW</arg>
<arg>KY</arg>
<arg>KZ</arg>
<arg>LA</arg>
<arg>LB</arg>
<arg>LC</arg>
<arg>LI</arg>
<arg>LK</arg>
<arg>LR</arg>
<arg>LS</arg>
<arg>LT</arg>
<arg>LU</arg>
<arg>LV</arg>
<arg>LY</arg>
<arg>MA</arg>
<arg>MC</arg>
<arg>MD</arg>
<arg>ME</arg>
<arg>MF</arg>
<arg>MG</arg>
<arg>MH</arg>
<arg>MK</arg>
<arg>ML</arg>
<arg>MM</arg>
<arg>MN</arg>
<arg>MO</arg>
<arg>MP</arg>
<arg>MQ</arg>
<arg>MR</arg>
<arg>MS</arg>
<arg>MT</arg>
<arg>MU</arg>
<arg>MV</arg>
<arg>MW</arg>
<arg>MX</arg>
<arg>MY</arg>
<arg>MZ</arg>
<arg>NA</arg>
<arg>NC</arg>
<arg>NE</arg>
<arg>NF</arg>
<arg>NG</arg>
<arg>NI</arg>
<arg>NL</arg>
<arg>NO</arg>
<arg>NP</arg>
<arg>NR</arg>
<arg>NU</arg>
<arg>NZ</arg>
<arg>OM</arg>
<arg>PA</arg>
<arg>PE</arg>
<arg>PF</arg>
<arg>PG</arg>
<arg>PH</arg>
<arg>PK</arg>
<arg>PL</arg>
<arg>PM</arg>
<arg>PN</arg>
<arg>PR</arg>
<arg>PS</arg>
<arg>PT</arg>
<arg>PW</arg>
<arg>PY</arg>
<arg>QA</arg>
<arg>RE</arg>
<arg>RO</arg>
<arg>RS</arg>
<arg>RU</arg>
<arg>RW</arg>
<arg>SA</arg>
<arg>SB</arg>
<arg>SC</arg>
<arg>SD</arg>
<arg>SE</arg>
<arg>SG</arg>
<arg>SH</arg>
<arg>SI</arg>
<arg>SJ</arg>
<arg>SK</arg>
<arg>SL</arg>
<arg>SM</arg>
<arg>SN</arg>
<arg>SO</arg>
<arg>SR</arg>
<arg>SS</arg>
<arg>ST</arg>
<arg>SV</arg>
<arg>SX</arg>
<arg>SY</arg>
<arg>SZ</arg>
<arg>TC</arg>
<arg>TD</arg>
<arg>TF</arg>
<arg>TG</arg>
<arg>TH</arg>
<arg>TJ</arg>
<arg>TK</arg>
<arg>TL</arg>
<arg>TM</arg>
<arg>TN</arg>
<arg>TO</arg>
<arg>TR</arg>
<arg>TT</arg>
<arg>TV</arg>
<arg>TW</arg>
<arg>TZ</arg>
<arg>UA</arg>
<arg>UG</arg>
<arg>UM</arg>
<arg>US</arg>
<arg>UY</arg>
<arg>UZ</arg>
<arg>VA</arg>
<arg>VC</arg>
<arg>VE</arg>
<arg>VG</arg>
<arg>VI</arg>
<arg>VN</arg>
<arg>VU</arg>
<arg>WF</arg>
<arg>WS</arg>
<arg>XK</arg>
<arg>YE</arg>
<arg>YT</arg>
<arg>ZA</arg>
<arg>ZM</arg>
<arg>ZW</arg>
<doc>Returns a list containing given items.</doc>
<status status="PASS" start="2024-08-09T23:15:05.406671" elapsed="0.000616"/>
</kw>
<kw name="List Should Contain Value" owner="Collections">
<arg>${list_country}</arg>
<arg>${name_country}</arg>
<doc>Fails if the ``value`` is not found from ``list``.</doc>
<status status="PASS" start="2024-08-09T23:15:05.408218" elapsed="0.000207"/>
</kw>
<kw name="Run Keyword If" owner="BuiltIn">
<kw name="Should Be True" owner="BuiltIn">
<arg>${True}</arg>
<doc>Fails if the given condition is not true.</doc>
<status status="PASS" start="2024-08-09T23:15:05.409391" elapsed="0.000143"/>
</kw>
<arg>${json_data["results"][0]["location"]["coordinates"]["latitude"]} &gt;= -90 and ${json_data["results"][0]["location"]["coordinates"]["latitude"]} &lt;= 90</arg>
<arg>Should Be True</arg>
<arg>${True}</arg>
<doc>Runs the given keyword with the given arguments, if ``condition`` is true.</doc>
<status status="PASS" start="2024-08-09T23:15:05.408622" elapsed="0.001037"/>
</kw>
<kw name="Run Keyword If" owner="BuiltIn">
<kw name="Should Be True" owner="BuiltIn">
<arg>${True}</arg>
<doc>Fails if the given condition is not true.</doc>
<status status="PASS" start="2024-08-09T23:15:05.410523" elapsed="0.000136"/>
</kw>
<arg>${json_data["results"][0]["location"]["coordinates"]["longitude"]} &gt;= -180 and ${json_data["results"][0]["location"]["coordinates"]["longitude"]} &lt;= 180</arg>
<arg>Should Be True</arg>
<arg>${True}</arg>
<doc>Runs the given keyword with the given arguments, if ``condition`` is true.</doc>
<status status="PASS" start="2024-08-09T23:15:05.409840" elapsed="0.000940"/>
</kw>
<status status="PASS" start="2024-08-09T23:15:05.283532" elapsed="0.127375"/>
</kw>
<doc>Testa o conteúdo específico dos campos retornados pela API.</doc>
<tag>testeConteudo</tag>
<status status="PASS" start="2024-08-09T23:15:05.283094" elapsed="0.127954"/>
</test>
<status status="PASS" start="2024-08-09T23:15:04.553470" elapsed="0.859480"/>
</suite>
<status status="PASS" start="2024-08-09T23:15:04.539323" elapsed="0.878665"/>
</suite>
<statistics>
<total>
<stat pass="5" fail="0" skip="0">All Tests</stat>
</total>
<tag>
<stat pass="1" fail="0" skip="0">testeConteudo</stat>
<stat pass="1" fail="0" skip="0">testeEstruturaResposta</stat>
<stat pass="1" fail="0" skip="0">testeRequisicaoBasica</stat>
<stat pass="1" fail="0" skip="0">testeTiposDados</stat>
</tag>
<suite>
<stat pass="5" fail="0" skip="0" id="s1" name="Tests">Tests</stat>
<stat pass="5" fail="0" skip="0" id="s1-s1" name="Random-User-Test">Tests.Random-User-Test</stat>
</suite>
</statistics>
<errors>
</errors>
</robot>
