<?xml version="1.0" encoding="UTF-8"?>
<robot generator="Robot 7.0 (Python 3.12.3 on linux)" generated="2024-05-05T01:05:27.816578" rpa="false" schemaversion="5">
<suite id="s1" name="Tests" source="/home/runner/work/DesafioQAItauRogerioJordao/DesafioQAItauRogerioJordao/RamdonUser/tests">
<suite id="s1-s1" name="Random-User-Test" source="/home/runner/work/DesafioQAItauRogerioJordao/DesafioQAItauRogerioJordao/RamdonUser/tests/random-user-test.robot">
<test id="s1-s1-t1" name="Conectar" line="13">
<kw name="Conectar API" owner="random-user-service">
<kw name="Create Session" owner="RequestsLibrary">
<msg time="2024-05-05T01:05:28.201247" level="INFO">Creating Session using : alias=consultarAPI, url=https://randomuser.me/, headers={},                     cookies={}, auth=None, timeout=None, proxies=None, verify=False,                     debug=0 </msg>
<arg>consultarAPI</arg>
<arg>${URL}</arg>
<doc>Create Session: create a HTTP session to a server</doc>
<status status="PASS" start="2024-05-05T01:05:28.201038" elapsed="0.000390"/>
</kw>
<status status="PASS" start="2024-05-05T01:05:28.200046" elapsed="0.001736"/>
</kw>
<status status="PASS" start="2024-05-05T01:05:28.199413" elapsed="0.002562"/>
</test>
<test id="s1-s1-t2" name="Validar retorno 200 e JSON Válido" line="16">
<kw name="Teste de Requisicao Basica" owner="random-user-service">
<kw name="GET On Session" owner="RequestsLibrary">
<msg time="2024-05-05T01:05:28.615070" level="INFO">GET Request : url=https://randomuser.me/api 
 path_url=/api 
 headers={'User-Agent': 'python-requests/2.31.0', 'Accept-Encoding': 'gzip, deflate', 'Accept': '*/*', 'Connection': 'keep-alive'} 
 body=None 
 </msg>
<msg time="2024-05-05T01:05:28.615217" level="INFO">GET Response : url=https://randomuser.me/api 
 status=200, reason=OK 
 headers={'Date': 'Sun, 05 May 2024 01:05:28 GMT', 'Content-Type': 'application/json; charset=utf-8', 'Transfer-Encoding': 'chunked', 'Connection': 'keep-alive', 'X-Powered-By': 'Express', 'Access-Control-Allow-Origin': '*', 'Cache-Control': 'no-cache', 'ETag': 'W/"4b0-I6vWSV0HvHLP0psUsvfgjYb4pLs"', 'Vary': 'Accept-Encoding', 'Content-Encoding': 'gzip', 'CF-Cache-Status': 'DYNAMIC', 'Report-To': '{"endpoints":[{"url":"https:\\/\\/a.nel.cloudflare.com\\/report\\/v4?s=bCKYZVGEiuSoCNMXy8Kgt472TMxjpVopIzjoUS3zLr4%2BK5QG6BBY4DvjyN0DCZvvzNNklk0B1pmfpRNTIUsDfi%2BGoI6OfgDLezYqrTh6c9CpVrMRrHdEPF3hQDOhk94e"}],"group":"cf-nel","max_age":604800}', 'NEL': '{"success_fraction":0,"report_to":"cf-nel","max_age":604800}', 'Server': 'cloudflare', 'CF-RAY': '87ecd2877abd062b-IAD', 'alt-svc': 'h3=":443"; ma=86400'} 
 body={"results":[{"gender":"female","name":{"title":"Mademoiselle","first":"Pascale","last":"Blanchard"},"location":{"street":{"number":8085,"name":"Rue de L'Église"},"city":"Savosa","state":"Vaud","country":"Switzerland","postcode":2423,"coordinates":{"latitude":"-57.2862","longitude":"179.7332"},"timezone":{"offset":"+8:00","description":"Beijing, Perth, Singapore, Hong Kong"}},"email":"pascale.blanchard@example.com","login":{"uuid":"c13dc9ce-51c1-4a2e-b494-3f71042b74a6","username":"crazyelephant948","password":"million","salt":"eXeQj4Bq","md5":"691b9a0b30db7235ba68dd7ac1cf38af","sha1":"38ff51aa192d6150fce516d8c636c9f780fc73f1","sha256":"37e9a9607496acfde5e330f02219bb6b4febb71eb82cafe743f33a0ff2a6684f"},"dob":{"date":"1971-02-07T00:18:01.761Z","age":53},"registered":{"date":"2004-07-14T22:46:42.665Z","age":19},"phone":"078 436 30 65","cell":"079 679 70 68","id":{"name":"AVS","value":"756.3309.4185.06"},"picture":{"large":"https://randomuser.me/api/portraits/women/0.jpg","medium":"https://randomuser.me/api/portraits/med/women/0.jpg","thumbnail":"https://randomuser.me/api/portraits/thumb/women/0.jpg"},"nat":"CH"}],"info":{"seed":"91b6b5f10beab1a9","results":1,"page":1,"version":"1.4"}} 
 </msg>
<msg time="2024-05-05T01:05:28.615298" level="INFO">/opt/hostedtoolcache/Python/3.12.3/x64/lib/python3.12/site-packages/urllib3/connectionpool.py:1103: InsecureRequestWarning: Unverified HTTPS request is being made to host 'randomuser.me'. Adding certificate verification is strongly advised. See: https://urllib3.readthedocs.io/en/latest/advanced-usage.html#tls-warnings
  warnings.warn(</msg>
<msg time="2024-05-05T01:05:28.615434" level="INFO">${response} = &lt;Response [200]&gt;</msg>
<var>${response}</var>
<arg>consultarAPI</arg>
<arg>/api</arg>
<doc>Sends a GET request on a previously created HTTP Session.</doc>
<status status="PASS" start="2024-05-05T01:05:28.204658" elapsed="0.410804"/>
</kw>
<kw name="Should Be Equal As Numbers" owner="BuiltIn">
<msg time="2024-05-05T01:05:28.616528" level="INFO">Argument types are:
&lt;class 'int'&gt;
&lt;class 'str'&gt;</msg>
<arg>${response.status_code}</arg>
<arg>200</arg>
<doc>Fails if objects are unequal after converting them to real numbers.</doc>
<status status="PASS" start="2024-05-05T01:05:28.616031" elapsed="0.000562"/>
</kw>
<kw name="Log" owner="BuiltIn">
<msg time="2024-05-05T01:05:28.617286" level="INFO">200</msg>
<arg>${response.status_code}</arg>
<doc>Logs the given message with the given level.</doc>
<status status="PASS" start="2024-05-05T01:05:28.616934" elapsed="0.000394"/>
</kw>
<kw name="Set Variable" owner="BuiltIn">
<msg time="2024-05-05T01:05:28.618074" level="INFO">${json_data} = {'results': [{'gender': 'female', 'name': {'title': 'Mademoiselle', 'first': 'Pascale', 'last': 'Blanchard'}, 'location': {'street': {'number': 8085, 'name': "Rue de L'Église"}, 'city': 'Savosa', 'sta...</msg>
<var>${json_data}</var>
<arg>${response.json()}</arg>
<doc>Returns the given values which can then be assigned to a variables.</doc>
<status status="PASS" start="2024-05-05T01:05:28.617632" elapsed="0.000471"/>
</kw>
<kw name="Dictionary Should Contain Key" owner="Collections">
<msg time="2024-05-05T01:05:28.618573" level="INFO">False</msg>
<arg>${json_data}</arg>
<arg>results</arg>
<doc>Fails if ``key`` is not found from ``dictionary``.</doc>
<status status="PASS" start="2024-05-05T01:05:28.618407" elapsed="0.000205"/>
</kw>
<status status="PASS" start="2024-05-05T01:05:28.204394" elapsed="0.414472"/>
</kw>
<doc>Testa se a API responde corretamente e retorna um objeto JSON válido.</doc>
<tag>testeRequisicaoBasica</tag>
<status status="PASS" start="2024-05-05T01:05:28.203862" elapsed="0.415181"/>
</test>
<test id="s1-s1-t3" name="Validar estrutura de resposta" line="22">
<kw name="Teste de Estrutura de Resposta" owner="random-user-service">
<kw name="GET On Session" owner="RequestsLibrary">
<msg time="2024-05-05T01:05:28.681022" level="INFO">GET Request : url=https://randomuser.me/api 
 path_url=/api 
 headers={'User-Agent': 'python-requests/2.31.0', 'Accept-Encoding': 'gzip, deflate', 'Accept': '*/*', 'Connection': 'keep-alive'} 
 body=None 
 </msg>
<msg time="2024-05-05T01:05:28.681088" level="INFO">GET Response : url=https://randomuser.me/api 
 status=200, reason=OK 
 headers={'Date': 'Sun, 05 May 2024 01:05:28 GMT', 'Content-Type': 'application/json; charset=utf-8', 'Transfer-Encoding': 'chunked', 'Connection': 'keep-alive', 'X-Powered-By': 'Express', 'Access-Control-Allow-Origin': '*', 'Cache-Control': 'no-cache', 'ETag': 'W/"4a8-/GaTdIPdRS9Hq/4JCXIF104WUCo"', 'Vary': 'Accept-Encoding', 'Content-Encoding': 'gzip', 'CF-Cache-Status': 'DYNAMIC', 'Report-To': '{"endpoints":[{"url":"https:\\/\\/a.nel.cloudflare.com\\/report\\/v4?s=3qrPlrmljVG5DXJf3TZQi8KttHhPHWB7NdGPLvWBD4YWcYtpBCHZJFrsp%2FDXi98EYTGMccg8606aIVi8y84amE5aAzt83MUKRukLdGKKMksTO0YXA6jvoG4MWLt4W5M0"}],"group":"cf-nel","max_age":604800}', 'NEL': '{"success_fraction":0,"report_to":"cf-nel","max_age":604800}', 'Server': 'cloudflare', 'CF-RAY': '87ecd289ecd1062b-IAD', 'alt-svc': 'h3=":443"; ma=86400'} 
 body={"results":[{"gender":"female","name":{"title":"Mrs","first":"Eugenia","last":"Arellano"},"location":{"street":{"number":1264,"name":"Corredor Mayorga"},"city":"Ciudad Santa Catarina","state":"Nayarit","country":"Mexico","postcode":18824,"coordinates":{"latitude":"22.0973","longitude":"160.0163"},"timezone":{"offset":"-7:00","description":"Mountain Time (US &amp; Canada)"}},"email":"eugenia.arellano@example.com","login":{"uuid":"60a32828-16bd-4712-95ef-5614deb8d860","username":"yellowgoose483","password":"team","salt":"BSZDeivw","md5":"f8e4efda930dab2c62b59d1cd5bba814","sha1":"740289c9b74f209f3e2851d08e09aaa77a58014a","sha256":"b0d52a2ab64167bc90ade06a2ba43c5ef1ac9a19e2fd7a90f40d92b1031b0375"},"dob":{"date":"1948-07-19T20:06:23.590Z","age":75},"registered":{"date":"2007-06-05T20:59:26.470Z","age":16},"phone":"(697) 585 3010","cell":"(601) 024 8520","id":{"name":"NSS","value":"80 33 34 0009 3"},"picture":{"large":"https://randomuser.me/api/portraits/women/81.jpg","medium":"https://randomuser.me/api/portraits/med/women/81.jpg","thumbnail":"https://randomuser.me/api/portraits/thumb/women/81.jpg"},"nat":"MX"}],"info":{"seed":"3c0606a51476d57d","results":1,"page":1,"version":"1.4"}} 
 </msg>
<msg time="2024-05-05T01:05:28.681191" level="INFO">/opt/hostedtoolcache/Python/3.12.3/x64/lib/python3.12/site-packages/urllib3/connectionpool.py:1103: InsecureRequestWarning: Unverified HTTPS request is being made to host 'randomuser.me'. Adding certificate verification is strongly advised. See: https://urllib3.readthedocs.io/en/latest/advanced-usage.html#tls-warnings
  warnings.warn(</msg>
<msg time="2024-05-05T01:05:28.681282" level="INFO">${response} = &lt;Response [200]&gt;</msg>
<var>${response}</var>
<arg>consultarAPI</arg>
<arg>/api</arg>
<doc>Sends a GET request on a previously created HTTP Session.</doc>
<status status="PASS" start="2024-05-05T01:05:28.621974" elapsed="0.059341"/>
</kw>
<kw name="Set Variable" owner="BuiltIn">
<msg time="2024-05-05T01:05:28.682213" level="INFO">${json_data} = {'results': [{'gender': 'female', 'name': {'title': 'Mrs', 'first': 'Eugenia', 'last': 'Arellano'}, 'location': {'street': {'number': 1264, 'name': 'Corredor Mayorga'}, 'city': 'Ciudad Santa Catarina'...</msg>
<var>${json_data}</var>
<arg>${response.json()}</arg>
<doc>Returns the given values which can then be assigned to a variables.</doc>
<status status="PASS" start="2024-05-05T01:05:28.681756" elapsed="0.000485"/>
</kw>
<kw name="Log" owner="BuiltIn">
<msg time="2024-05-05T01:05:28.682694" level="INFO">{'results': [{'gender': 'female', 'name': {'title': 'Mrs', 'first': 'Eugenia', 'last': 'Arellano'}, 'location': {'street': {'number': 1264, 'name': 'Corredor Mayorga'}, 'city': 'Ciudad Santa Catarina', 'state': 'Nayarit', 'country': 'Mexico', 'postcode': 18824, 'coordinates': {'latitude': '22.0973', 'longitude': '160.0163'}, 'timezone': {'offset': '-7:00', 'description': 'Mountain Time (US &amp; Canada)'}}, 'email': 'eugenia.arellano@example.com', 'login': {'uuid': '60a32828-16bd-4712-95ef-5614deb8d860', 'username': 'yellowgoose483', 'password': 'team', 'salt': 'BSZDeivw', 'md5': 'f8e4efda930dab2c62b59d1cd5bba814', 'sha1': '740289c9b74f209f3e2851d08e09aaa77a58014a', 'sha256': 'b0d52a2ab64167bc90ade06a2ba43c5ef1ac9a19e2fd7a90f40d92b1031b0375'}, 'dob': {'date': '1948-07-19T20:06:23.590Z', 'age': 75}, 'registered': {'date': '2007-06-05T20:59:26.470Z', 'age': 16}, 'phone': '(697) 585 3010', 'cell': '(601) 024 8520', 'id': {'name': 'NSS', 'value': '80 33 34 0009 3'}, 'picture': {'large': 'https://randomuser.me/api/portraits/women/81.jpg', 'medium': 'https://randomuser.me/api/portraits/med/women/81.jpg', 'thumbnail': 'https://randomuser.me/api/portraits/thumb/women/81.jpg'}, 'nat': 'MX'}], 'info': {'seed': '3c0606a51476d57d', 'results': 1, 'page': 1, 'version': '1.4'}}</msg>
<arg>${json_data}</arg>
<doc>Logs the given message with the given level.</doc>
<status status="PASS" start="2024-05-05T01:05:28.682538" elapsed="0.000206"/>
</kw>
<kw name="Dictionary Should Contain Key" owner="Collections">
<msg time="2024-05-05T01:05:28.683184" level="INFO">False</msg>
<arg>${json_data}</arg>
<arg>results</arg>
<doc>Fails if ``key`` is not found from ``dictionary``.</doc>
<status status="PASS" start="2024-05-05T01:05:28.683035" elapsed="0.000185"/>
</kw>
<kw name="Should Not Be Empty" owner="BuiltIn">
<msg time="2024-05-05T01:05:28.683638" level="INFO">Length is 2.</msg>
<arg>${json_data}</arg>
<doc>Verifies that the given item is not empty.</doc>
<status status="PASS" start="2024-05-05T01:05:28.683508" elapsed="0.000167"/>
</kw>
<kw name="Create List" owner="BuiltIn">
<msg time="2024-05-05T01:05:28.684237" level="INFO">${expected_keys} = ['gender', 'name', 'location', 'email', 'login']</msg>
<var>${expected_keys}</var>
<arg>gender</arg>
<arg>name</arg>
<arg>location</arg>
<arg>email</arg>
<arg>login</arg>
<doc>Returns a list containing given items.</doc>
<status status="PASS" start="2024-05-05T01:05:28.683958" elapsed="0.000303"/>
</kw>
<for flavor="IN">
<iter>
<kw name="Dictionary Should Contain Key" owner="Collections">
<msg time="2024-05-05T01:05:28.685271" level="INFO">False</msg>
<arg>${json_data['results'][0]}</arg>
<arg>${key}</arg>
<doc>Fails if ``key`` is not found from ``dictionary``.</doc>
<status status="PASS" start="2024-05-05T01:05:28.684877" elapsed="0.000432"/>
</kw>
<kw name="Log" owner="BuiltIn">
<msg time="2024-05-05T01:05:28.685971" level="INFO">{'gender': 'female', 'name': {'title': 'Mrs', 'first': 'Eugenia', 'last': 'Arellano'}, 'location': {'street': {'number': 1264, 'name': 'Corredor Mayorga'}, 'city': 'Ciudad Santa Catarina', 'state': 'Nayarit', 'country': 'Mexico', 'postcode': 18824, 'coordinates': {'latitude': '22.0973', 'longitude': '160.0163'}, 'timezone': {'offset': '-7:00', 'description': 'Mountain Time (US &amp; Canada)'}}, 'email': 'eugenia.arellano@example.com', 'login': {'uuid': '60a32828-16bd-4712-95ef-5614deb8d860', 'username': 'yellowgoose483', 'password': 'team', 'salt': 'BSZDeivw', 'md5': 'f8e4efda930dab2c62b59d1cd5bba814', 'sha1': '740289c9b74f209f3e2851d08e09aaa77a58014a', 'sha256': 'b0d52a2ab64167bc90ade06a2ba43c5ef1ac9a19e2fd7a90f40d92b1031b0375'}, 'dob': {'date': '1948-07-19T20:06:23.590Z', 'age': 75}, 'registered': {'date': '2007-06-05T20:59:26.470Z', 'age': 16}, 'phone': '(697) 585 3010', 'cell': '(601) 024 8520', 'id': {'name': 'NSS', 'value': '80 33 34 0009 3'}, 'picture': {'large': 'https://randomuser.me/api/portraits/women/81.jpg', 'medium': 'https://randomuser.me/api/portraits/med/women/81.jpg', 'thumbnail': 'https://randomuser.me/api/portraits/thumb/women/81.jpg'}, 'nat': 'MX'}</msg>
<arg>${json_data['results'][0]}</arg>
<doc>Logs the given message with the given level.</doc>
<status status="PASS" start="2024-05-05T01:05:28.685604" elapsed="0.000416"/>
</kw>
<kw name="Log" owner="BuiltIn">
<msg time="2024-05-05T01:05:28.686442" level="INFO">gender</msg>
<arg>${key}</arg>
<doc>Logs the given message with the given level.</doc>
<status status="PASS" start="2024-05-05T01:05:28.686315" elapsed="0.000164"/>
</kw>
<var name="${key}">gender</var>
<status status="PASS" start="2024-05-05T01:05:28.684751" elapsed="0.001939"/>
</iter>
<iter>
<kw name="Dictionary Should Contain Key" owner="Collections">
<msg time="2024-05-05T01:05:28.687369" level="INFO">False</msg>
<arg>${json_data['results'][0]}</arg>
<arg>${key}</arg>
<doc>Fails if ``key`` is not found from ``dictionary``.</doc>
<status status="PASS" start="2024-05-05T01:05:28.686988" elapsed="0.000447"/>
</kw>
<kw name="Log" owner="BuiltIn">
<msg time="2024-05-05T01:05:28.688086" level="INFO">{'gender': 'female', 'name': {'title': 'Mrs', 'first': 'Eugenia', 'last': 'Arellano'}, 'location': {'street': {'number': 1264, 'name': 'Corredor Mayorga'}, 'city': 'Ciudad Santa Catarina', 'state': 'Nayarit', 'country': 'Mexico', 'postcode': 18824, 'coordinates': {'latitude': '22.0973', 'longitude': '160.0163'}, 'timezone': {'offset': '-7:00', 'description': 'Mountain Time (US &amp; Canada)'}}, 'email': 'eugenia.arellano@example.com', 'login': {'uuid': '60a32828-16bd-4712-95ef-5614deb8d860', 'username': 'yellowgoose483', 'password': 'team', 'salt': 'BSZDeivw', 'md5': 'f8e4efda930dab2c62b59d1cd5bba814', 'sha1': '740289c9b74f209f3e2851d08e09aaa77a58014a', 'sha256': 'b0d52a2ab64167bc90ade06a2ba43c5ef1ac9a19e2fd7a90f40d92b1031b0375'}, 'dob': {'date': '1948-07-19T20:06:23.590Z', 'age': 75}, 'registered': {'date': '2007-06-05T20:59:26.470Z', 'age': 16}, 'phone': '(697) 585 3010', 'cell': '(601) 024 8520', 'id': {'name': 'NSS', 'value': '80 33 34 0009 3'}, 'picture': {'large': 'https://randomuser.me/api/portraits/women/81.jpg', 'medium': 'https://randomuser.me/api/portraits/med/women/81.jpg', 'thumbnail': 'https://randomuser.me/api/portraits/thumb/women/81.jpg'}, 'nat': 'MX'}</msg>
<arg>${json_data['results'][0]}</arg>
<doc>Logs the given message with the given level.</doc>
<status status="PASS" start="2024-05-05T01:05:28.687730" elapsed="0.000407"/>
</kw>
<kw name="Log" owner="BuiltIn">
<msg time="2024-05-05T01:05:28.688586" level="INFO">name</msg>
<arg>${key}</arg>
<doc>Logs the given message with the given level.</doc>
<status status="PASS" start="2024-05-05T01:05:28.688448" elapsed="0.000182"/>
</kw>
<var name="${key}">name</var>
<status status="PASS" start="2024-05-05T01:05:28.686874" elapsed="0.001973"/>
</iter>
<iter>
<kw name="Dictionary Should Contain Key" owner="Collections">
<msg time="2024-05-05T01:05:28.689512" level="INFO">False</msg>
<arg>${json_data['results'][0]}</arg>
<arg>${key}</arg>
<doc>Fails if ``key`` is not found from ``dictionary``.</doc>
<status status="PASS" start="2024-05-05T01:05:28.689134" elapsed="0.000415"/>
</kw>
<kw name="Log" owner="BuiltIn">
<msg time="2024-05-05T01:05:28.690206" level="INFO">{'gender': 'female', 'name': {'title': 'Mrs', 'first': 'Eugenia', 'last': 'Arellano'}, 'location': {'street': {'number': 1264, 'name': 'Corredor Mayorga'}, 'city': 'Ciudad Santa Catarina', 'state': 'Nayarit', 'country': 'Mexico', 'postcode': 18824, 'coordinates': {'latitude': '22.0973', 'longitude': '160.0163'}, 'timezone': {'offset': '-7:00', 'description': 'Mountain Time (US &amp; Canada)'}}, 'email': 'eugenia.arellano@example.com', 'login': {'uuid': '60a32828-16bd-4712-95ef-5614deb8d860', 'username': 'yellowgoose483', 'password': 'team', 'salt': 'BSZDeivw', 'md5': 'f8e4efda930dab2c62b59d1cd5bba814', 'sha1': '740289c9b74f209f3e2851d08e09aaa77a58014a', 'sha256': 'b0d52a2ab64167bc90ade06a2ba43c5ef1ac9a19e2fd7a90f40d92b1031b0375'}, 'dob': {'date': '1948-07-19T20:06:23.590Z', 'age': 75}, 'registered': {'date': '2007-06-05T20:59:26.470Z', 'age': 16}, 'phone': '(697) 585 3010', 'cell': '(601) 024 8520', 'id': {'name': 'NSS', 'value': '80 33 34 0009 3'}, 'picture': {'large': 'https://randomuser.me/api/portraits/women/81.jpg', 'medium': 'https://randomuser.me/api/portraits/med/women/81.jpg', 'thumbnail': 'https://randomuser.me/api/portraits/thumb/women/81.jpg'}, 'nat': 'MX'}</msg>
<arg>${json_data['results'][0]}</arg>
<doc>Logs the given message with the given level.</doc>
<status status="PASS" start="2024-05-05T01:05:28.689845" elapsed="0.000409"/>
</kw>
<kw name="Log" owner="BuiltIn">
<msg time="2024-05-05T01:05:28.690670" level="INFO">location</msg>
<arg>${key}</arg>
<doc>Logs the given message with the given level.</doc>
<status status="PASS" start="2024-05-05T01:05:28.690544" elapsed="0.000163"/>
</kw>
<var name="${key}">location</var>
<status status="PASS" start="2024-05-05T01:05:28.689023" elapsed="0.001894"/>
</iter>
<iter>
<kw name="Dictionary Should Contain Key" owner="Collections">
<msg time="2024-05-05T01:05:28.691573" level="INFO">False</msg>
<arg>${json_data['results'][0]}</arg>
<arg>${key}</arg>
<doc>Fails if ``key`` is not found from ``dictionary``.</doc>
<status status="PASS" start="2024-05-05T01:05:28.691197" elapsed="0.000413"/>
</kw>
<kw name="Log" owner="BuiltIn">
<msg time="2024-05-05T01:05:28.692264" level="INFO">{'gender': 'female', 'name': {'title': 'Mrs', 'first': 'Eugenia', 'last': 'Arellano'}, 'location': {'street': {'number': 1264, 'name': 'Corredor Mayorga'}, 'city': 'Ciudad Santa Catarina', 'state': 'Nayarit', 'country': 'Mexico', 'postcode': 18824, 'coordinates': {'latitude': '22.0973', 'longitude': '160.0163'}, 'timezone': {'offset': '-7:00', 'description': 'Mountain Time (US &amp; Canada)'}}, 'email': 'eugenia.arellano@example.com', 'login': {'uuid': '60a32828-16bd-4712-95ef-5614deb8d860', 'username': 'yellowgoose483', 'password': 'team', 'salt': 'BSZDeivw', 'md5': 'f8e4efda930dab2c62b59d1cd5bba814', 'sha1': '740289c9b74f209f3e2851d08e09aaa77a58014a', 'sha256': 'b0d52a2ab64167bc90ade06a2ba43c5ef1ac9a19e2fd7a90f40d92b1031b0375'}, 'dob': {'date': '1948-07-19T20:06:23.590Z', 'age': 75}, 'registered': {'date': '2007-06-05T20:59:26.470Z', 'age': 16}, 'phone': '(697) 585 3010', 'cell': '(601) 024 8520', 'id': {'name': 'NSS', 'value': '80 33 34 0009 3'}, 'picture': {'large': 'https://randomuser.me/api/portraits/women/81.jpg', 'medium': 'https://randomuser.me/api/portraits/med/women/81.jpg', 'thumbnail': 'https://randomuser.me/api/portraits/thumb/women/81.jpg'}, 'nat': 'MX'}</msg>
<arg>${json_data['results'][0]}</arg>
<doc>Logs the given message with the given level.</doc>
<status status="PASS" start="2024-05-05T01:05:28.691904" elapsed="0.000410"/>
</kw>
<kw name="Log" owner="BuiltIn">
<msg time="2024-05-05T01:05:28.692772" level="INFO">email</msg>
<arg>${key}</arg>
<doc>Logs the given message with the given level.</doc>
<status status="PASS" start="2024-05-05T01:05:28.692646" elapsed="0.000164"/>
</kw>
<var name="${key}">email</var>
<status status="PASS" start="2024-05-05T01:05:28.691088" elapsed="0.001940"/>
</iter>
<iter>
<kw name="Dictionary Should Contain Key" owner="Collections">
<msg time="2024-05-05T01:05:28.693688" level="INFO">False</msg>
<arg>${json_data['results'][0]}</arg>
<arg>${key}</arg>
<doc>Fails if ``key`` is not found from ``dictionary``.</doc>
<status status="PASS" start="2024-05-05T01:05:28.693307" elapsed="0.000418"/>
</kw>
<kw name="Log" owner="BuiltIn">
<msg time="2024-05-05T01:05:28.694373" level="INFO">{'gender': 'female', 'name': {'title': 'Mrs', 'first': 'Eugenia', 'last': 'Arellano'}, 'location': {'street': {'number': 1264, 'name': 'Corredor Mayorga'}, 'city': 'Ciudad Santa Catarina', 'state': 'Nayarit', 'country': 'Mexico', 'postcode': 18824, 'coordinates': {'latitude': '22.0973', 'longitude': '160.0163'}, 'timezone': {'offset': '-7:00', 'description': 'Mountain Time (US &amp; Canada)'}}, 'email': 'eugenia.arellano@example.com', 'login': {'uuid': '60a32828-16bd-4712-95ef-5614deb8d860', 'username': 'yellowgoose483', 'password': 'team', 'salt': 'BSZDeivw', 'md5': 'f8e4efda930dab2c62b59d1cd5bba814', 'sha1': '740289c9b74f209f3e2851d08e09aaa77a58014a', 'sha256': 'b0d52a2ab64167bc90ade06a2ba43c5ef1ac9a19e2fd7a90f40d92b1031b0375'}, 'dob': {'date': '1948-07-19T20:06:23.590Z', 'age': 75}, 'registered': {'date': '2007-06-05T20:59:26.470Z', 'age': 16}, 'phone': '(697) 585 3010', 'cell': '(601) 024 8520', 'id': {'name': 'NSS', 'value': '80 33 34 0009 3'}, 'picture': {'large': 'https://randomuser.me/api/portraits/women/81.jpg', 'medium': 'https://randomuser.me/api/portraits/med/women/81.jpg', 'thumbnail': 'https://randomuser.me/api/portraits/thumb/women/81.jpg'}, 'nat': 'MX'}</msg>
<arg>${json_data['results'][0]}</arg>
<doc>Logs the given message with the given level.</doc>
<status status="PASS" start="2024-05-05T01:05:28.694015" elapsed="0.000411"/>
</kw>
<kw name="Log" owner="BuiltIn">
<msg time="2024-05-05T01:05:28.694850" level="INFO">login</msg>
<arg>${key}</arg>
<doc>Logs the given message with the given level.</doc>
<status status="PASS" start="2024-05-05T01:05:28.694724" elapsed="0.000193"/>
</kw>
<var name="${key}">login</var>
<status status="PASS" start="2024-05-05T01:05:28.693197" elapsed="0.001937"/>
</iter>
<var>${key}</var>
<value>@{expected_keys}</value>
<status status="PASS" start="2024-05-05T01:05:28.684568" elapsed="0.010684"/>
</for>
<kw name="Create List" owner="BuiltIn">
<msg time="2024-05-05T01:05:28.695577" level="INFO">${expected_keysTwo} = ['username', 'password']</msg>
<var>${expected_keysTwo}</var>
<arg>username</arg>
<arg>password</arg>
<doc>Returns a list containing given items.</doc>
<status status="PASS" start="2024-05-05T01:05:28.695442" elapsed="0.000158"/>
</kw>
<for flavor="IN">
<iter>
<kw name="Dictionary Should Contain Key" owner="Collections">
<msg time="2024-05-05T01:05:28.696505" level="INFO">False</msg>
<arg>${json_data['results'][0]['login']}</arg>
<arg>${keyTwo}</arg>
<doc>Fails if ``key`` is not found from ``dictionary``.</doc>
<status status="PASS" start="2024-05-05T01:05:28.696092" elapsed="0.000450"/>
</kw>
<kw name="Dictionary Should Contain Key" owner="Collections">
<msg time="2024-05-05T01:05:28.697206" level="INFO">False</msg>
<arg>${json_data['results'][0]['login']}</arg>
<arg>${keyTwo}</arg>
<doc>Fails if ``key`` is not found from ``dictionary``.</doc>
<status status="PASS" start="2024-05-05T01:05:28.696834" elapsed="0.000410"/>
</kw>
<kw name="Log" owner="BuiltIn">
<msg time="2024-05-05T01:05:28.697654" level="INFO">username</msg>
<arg>${keyTwo}</arg>
<doc>Logs the given message with the given level.</doc>
<status status="PASS" start="2024-05-05T01:05:28.697530" elapsed="0.000167"/>
</kw>
<var name="${keyTwo}">username</var>
<status status="PASS" start="2024-05-05T01:05:28.695984" elapsed="0.001921"/>
</iter>
<iter>
<kw name="Dictionary Should Contain Key" owner="Collections">
<msg time="2024-05-05T01:05:28.698558" level="INFO">False</msg>
<arg>${json_data['results'][0]['login']}</arg>
<arg>${keyTwo}</arg>
<doc>Fails if ``key`` is not found from ``dictionary``.</doc>
<status status="PASS" start="2024-05-05T01:05:28.698182" elapsed="0.000413"/>
</kw>
<kw name="Dictionary Should Contain Key" owner="Collections">
<msg time="2024-05-05T01:05:28.699350" level="INFO">False</msg>
<arg>${json_data['results'][0]['login']}</arg>
<arg>${keyTwo}</arg>
<doc>Fails if ``key`` is not found from ``dictionary``.</doc>
<status status="PASS" start="2024-05-05T01:05:28.698884" elapsed="0.000505"/>
</kw>
<kw name="Log" owner="BuiltIn">
<msg time="2024-05-05T01:05:28.699811" level="INFO">password</msg>
<arg>${keyTwo}</arg>
<doc>Logs the given message with the given level.</doc>
<status status="PASS" start="2024-05-05T01:05:28.699686" elapsed="0.000162"/>
</kw>
<var name="${keyTwo}">password</var>
<status status="PASS" start="2024-05-05T01:05:28.698075" elapsed="0.001985"/>
</iter>
<var>${keyTwo}</var>
<value>@{expected_keysTwo}</value>
<status status="PASS" start="2024-05-05T01:05:28.695833" elapsed="0.004345"/>
</for>
<status status="PASS" start="2024-05-05T01:05:28.621640" elapsed="0.078673"/>
</kw>
<doc>Testa a estrutura da resposta da API.</doc>
<tag>testeEstruturaResposta</tag>
<status status="PASS" start="2024-05-05T01:05:28.620880" elapsed="0.079614"/>
</test>
<test id="s1-s1-t4" name="Validar tipos de dados" line="28">
<kw name="Teste de Tipos de Dados" owner="random-user-service">
<kw name="GET On Session" owner="RequestsLibrary">
<msg time="2024-05-05T01:05:28.752059" level="INFO">GET Request : url=https://randomuser.me/api 
 path_url=/api 
 headers={'User-Agent': 'python-requests/2.31.0', 'Accept-Encoding': 'gzip, deflate', 'Accept': '*/*', 'Connection': 'keep-alive'} 
 body=None 
 </msg>
<msg time="2024-05-05T01:05:28.752143" level="INFO">GET Response : url=https://randomuser.me/api 
 status=200, reason=OK 
 headers={'Date': 'Sun, 05 May 2024 01:05:28 GMT', 'Content-Type': 'application/json; charset=utf-8', 'Transfer-Encoding': 'chunked', 'Connection': 'keep-alive', 'X-Powered-By': 'Express', 'Access-Control-Allow-Origin': '*', 'Cache-Control': 'no-cache', 'ETag': 'W/"494-7/KS7T8/oCFQ5YEE93EthkkpuH8"', 'Vary': 'Accept-Encoding', 'Content-Encoding': 'gzip', 'CF-Cache-Status': 'DYNAMIC', 'Report-To': '{"endpoints":[{"url":"https:\\/\\/a.nel.cloudflare.com\\/report\\/v4?s=%2BmQ0j%2F8lSu5CtAzJnk7kY6vndMlNzZaDv4uhNtD%2FXemmwuESc8an5yYY4YKkYwNT39XHi9EzSfGwWOLk%2F0wIqqpo5%2F5Kz5EE%2Fy73636ek9E7U%2FJ4N9vxXeCyxfKt%2F5BN"}],"group":"cf-nel","max_age":604800}', 'NEL': '{"success_fraction":0,"report_to":"cf-nel","max_age":604800}', 'Server': 'cloudflare', 'CF-RAY': '87ecd28a6d33062b-IAD', 'alt-svc': 'h3=":443"; ma=86400'} 
 body={"results":[{"gender":"male","name":{"title":"Mr","first":"Sigmar","last":"Köller"},"location":{"street":{"number":9785,"name":"Mühlenstraße"},"city":"Baruth/Mark","state":"Berlin","country":"Germany","postcode":60097,"coordinates":{"latitude":"-52.8702","longitude":"-14.8135"},"timezone":{"offset":"+5:30","description":"Bombay, Calcutta, Madras, New Delhi"}},"email":"sigmar.koller@example.com","login":{"uuid":"d8bfb128-29a8-4187-b1a5-364ee03ab1e7","username":"redgoose321","password":"beardog","salt":"kMOFfFDB","md5":"836ada2a321a9f6a4c4d5454d271ff00","sha1":"4ba4f0aecfc4ac68b94ce740e9ddf9c79c24f237","sha256":"9d03d6ff5d2ddc8a80e25332aa2cd3da9364b69c62794c06c27c93ef2b65d1cb"},"dob":{"date":"1966-06-28T00:34:12.483Z","age":57},"registered":{"date":"2007-09-20T09:07:47.954Z","age":16},"phone":"0802-6709435","cell":"0171-7851018","id":{"name":"SVNR","value":"38 270666 K 343"},"picture":{"large":"https://randomuser.me/api/portraits/men/88.jpg","medium":"https://randomuser.me/api/portraits/med/men/88.jpg","thumbnail":"https://randomuser.me/api/portraits/thumb/men/88.jpg"},"nat":"DE"}],"info":{"seed":"402e439668f0a540","results":1,"page":1,"version":"1.4"}} 
 </msg>
<msg time="2024-05-05T01:05:28.752216" level="INFO">/opt/hostedtoolcache/Python/3.12.3/x64/lib/python3.12/site-packages/urllib3/connectionpool.py:1103: InsecureRequestWarning: Unverified HTTPS request is being made to host 'randomuser.me'. Adding certificate verification is strongly advised. See: https://urllib3.readthedocs.io/en/latest/advanced-usage.html#tls-warnings
  warnings.warn(</msg>
<msg time="2024-05-05T01:05:28.752325" level="INFO">${response} = &lt;Response [200]&gt;</msg>
<var>${response}</var>
<arg>consultarAPI</arg>
<arg>/api</arg>
<doc>Sends a GET request on a previously created HTTP Session.</doc>
<status status="PASS" start="2024-05-05T01:05:28.702867" elapsed="0.049524"/>
</kw>
<kw name="Set Variable" owner="BuiltIn">
<msg time="2024-05-05T01:05:28.753409" level="INFO">${json_data} = {'results': [{'gender': 'male', 'name': {'title': 'Mr', 'first': 'Sigmar', 'last': 'Köller'}, 'location': {'street': {'number': 9785, 'name': 'Mühlenstraße'}, 'city': 'Baruth/Mark', 'state': 'Berlin',...</msg>
<var>${json_data}</var>
<arg>${response.json()}</arg>
<doc>Returns the given values which can then be assigned to a variables.</doc>
<status status="PASS" start="2024-05-05T01:05:28.752927" elapsed="0.000511"/>
</kw>
<kw name="Log" owner="BuiltIn">
<msg time="2024-05-05T01:05:28.753904" level="INFO">{'results': [{'gender': 'male', 'name': {'title': 'Mr', 'first': 'Sigmar', 'last': 'Köller'}, 'location': {'street': {'number': 9785, 'name': 'Mühlenstraße'}, 'city': 'Baruth/Mark', 'state': 'Berlin', 'country': 'Germany', 'postcode': 60097, 'coordinates': {'latitude': '-52.8702', 'longitude': '-14.8135'}, 'timezone': {'offset': '+5:30', 'description': 'Bombay, Calcutta, Madras, New Delhi'}}, 'email': 'sigmar.koller@example.com', 'login': {'uuid': 'd8bfb128-29a8-4187-b1a5-364ee03ab1e7', 'username': 'redgoose321', 'password': 'beardog', 'salt': 'kMOFfFDB', 'md5': '836ada2a321a9f6a4c4d5454d271ff00', 'sha1': '4ba4f0aecfc4ac68b94ce740e9ddf9c79c24f237', 'sha256': '9d03d6ff5d2ddc8a80e25332aa2cd3da9364b69c62794c06c27c93ef2b65d1cb'}, 'dob': {'date': '1966-06-28T00:34:12.483Z', 'age': 57}, 'registered': {'date': '2007-09-20T09:07:47.954Z', 'age': 16}, 'phone': '0802-6709435', 'cell': '0171-7851018', 'id': {'name': 'SVNR', 'value': '38 270666 K 343'}, 'picture': {'large': 'https://randomuser.me/api/portraits/men/88.jpg', 'medium': 'https://randomuser.me/api/portraits/med/men/88.jpg', 'thumbnail': 'https://randomuser.me/api/portraits/thumb/men/88.jpg'}, 'nat': 'DE'}], 'info': {'seed': '402e439668f0a540', 'results': 1, 'page': 1, 'version': '1.4'}}</msg>
<arg>${json_data}</arg>
<doc>Logs the given message with the given level.</doc>
<status status="PASS" start="2024-05-05T01:05:28.753747" elapsed="0.000240"/>
</kw>
<kw name="Should Be String" owner="String">
<arg>${json_data['results'][0]['gender']}</arg>
<doc>Fails if the given ``item`` is not a string.</doc>
<status status="PASS" start="2024-05-05T01:05:28.754286" elapsed="0.000367"/>
</kw>
<kw name="Should Match Regexp" owner="BuiltIn">
<arg>${json_data['results'][0]['email']}</arg>
<arg>^[a-zA-Z0-9._%+-]+@[a-zA-Z0-9.-]+\.[a-zA-Z]{2,}$</arg>
<doc>Fails if ``string`` does not match ``pattern`` as a regular expression.</doc>
<status status="PASS" start="2024-05-05T01:05:28.754846" elapsed="0.000508"/>
</kw>
<kw name="Should Match Regexp" owner="BuiltIn">
<arg>${json_data['results'][0]['dob']['date']}</arg>
<arg>\\d{4}-\\d{2}-\\d{2}T\\d{2}:\\d{2}:\\d{2}\\.\\d{3}Z</arg>
<doc>Fails if ``string`` does not match ``pattern`` as a regular expression.</doc>
<status status="PASS" start="2024-05-05T01:05:28.755547" elapsed="0.000488"/>
</kw>
<kw name="Should Match Regexp" owner="BuiltIn">
<arg>${json_data['results'][0]['registered']['date']}</arg>
<arg>\\d{4}-\\d{2}-\\d{2}T\\d{2}:\\d{2}:\\d{2}\\.\\d{3}Z</arg>
<doc>Fails if ``string`` does not match ``pattern`` as a regular expression.</doc>
<status status="PASS" start="2024-05-05T01:05:28.756222" elapsed="0.000410"/>
</kw>
<kw name="Should Match Regexp" owner="BuiltIn">
<arg>${json_data['results'][0]['picture']['large']}</arg>
<arg>^https?://.*\.(?:png|jpe?g|gif|bmp)$</arg>
<doc>Fails if ``string`` does not match ``pattern`` as a regular expression.</doc>
<status status="PASS" start="2024-05-05T01:05:28.756819" elapsed="0.000455"/>
</kw>
<kw name="Should Match Regexp" owner="BuiltIn">
<arg>${json_data['results'][0]['picture']['medium']}</arg>
<arg>^https?://.*\.(?:png|jpe?g|gif|bmp)$</arg>
<doc>Fails if ``string`` does not match ``pattern`` as a regular expression.</doc>
<status status="PASS" start="2024-05-05T01:05:28.757456" elapsed="0.000356"/>
</kw>
<kw name="Should Match Regexp" owner="BuiltIn">
<arg>${json_data['results'][0]['picture']['thumbnail']}</arg>
<arg>^https?://.*\.(?:png|jpe?g|gif|bmp)$</arg>
<doc>Fails if ``string`` does not match ``pattern`` as a regular expression.</doc>
<status status="PASS" start="2024-05-05T01:05:28.757998" elapsed="0.000347"/>
</kw>
<kw name="Log" owner="BuiltIn">
<msg time="2024-05-05T01:05:28.758839" level="INFO">{'large': 'https://randomuser.me/api/portraits/men/88.jpg', 'medium': 'https://randomuser.me/api/portraits/med/men/88.jpg', 'thumbnail': 'https://randomuser.me/api/portraits/thumb/men/88.jpg'}</msg>
<arg>${json_data['results'][0]['picture']}</arg>
<doc>Logs the given message with the given level.</doc>
<status status="PASS" start="2024-05-05T01:05:28.758520" elapsed="0.000360"/>
</kw>
<status status="PASS" start="2024-05-05T01:05:28.702645" elapsed="0.056486"/>
</kw>
<kw name="Teste de Tipos de Dados - Postcode" owner="random-user-service">
<kw name="GET On Session" owner="RequestsLibrary">
<msg time="2024-05-05T01:05:28.853821" level="INFO">GET Request : url=https://randomuser.me/api 
 path_url=/api 
 headers={'User-Agent': 'python-requests/2.31.0', 'Accept-Encoding': 'gzip, deflate', 'Accept': '*/*', 'Connection': 'keep-alive'} 
 body=None 
 </msg>
<msg time="2024-05-05T01:05:28.853915" level="INFO">GET Response : url=https://randomuser.me/api 
 status=200, reason=OK 
 headers={'Date': 'Sun, 05 May 2024 01:05:28 GMT', 'Content-Type': 'application/json; charset=utf-8', 'Transfer-Encoding': 'chunked', 'Connection': 'keep-alive', 'X-Powered-By': 'Express', 'Access-Control-Allow-Origin': '*', 'Cache-Control': 'no-cache', 'ETag': 'W/"49d-WT2uisndMGGyyggOMOGlKyeVgWA"', 'Vary': 'Accept-Encoding', 'Content-Encoding': 'gzip', 'CF-Cache-Status': 'DYNAMIC', 'Report-To': '{"endpoints":[{"url":"https:\\/\\/a.nel.cloudflare.com\\/report\\/v4?s=BXALxvq%2FfNN5ZdbjpVeAxqun0C%2FjmpNSQ4idZm2fubHqXlWonLxtnT5gR%2F3zhDy8SYLgrgvNKcwMkvHJThWLknOh%2B6FUQmdgolLiS7OMGBYVfwTK3tO9uQLiyVjESWGz"}],"group":"cf-nel","max_age":604800}', 'NEL': '{"success_fraction":0,"report_to":"cf-nel","max_age":604800}', 'Server': 'cloudflare', 'CF-RAY': '87ecd28acd83062b-IAD', 'alt-svc': 'h3=":443"; ma=86400'} 
 body={"results":[{"gender":"male","name":{"title":"Mr","first":"Lance","last":"Weaver"},"location":{"street":{"number":7938,"name":"Stevens Creek Blvd"},"city":"Cairns","state":"Queensland","country":"Australia","postcode":542,"coordinates":{"latitude":"-86.4190","longitude":"-86.6797"},"timezone":{"offset":"-6:00","description":"Central Time (US &amp; Canada), Mexico City"}},"email":"lance.weaver@example.com","login":{"uuid":"9f3cc470-d7e1-473e-a941-bf44fc2b3718","username":"crazybutterfly725","password":"masterbaiting","salt":"2D6fEm36","md5":"f6faa189ba31cedc4bd4ea2e342aeb9f","sha1":"0911e199178bbd015f442fffd7a6e2a22415f906","sha256":"d3ab4c3be0cbb653753077fae380725bbd4f7e8ce86fb6fb16ff0f1a0a3b41db"},"dob":{"date":"2000-08-09T10:36:06.512Z","age":23},"registered":{"date":"2008-04-15T04:03:06.338Z","age":16},"phone":"09-7171-4059","cell":"0487-962-828","id":{"name":"TFN","value":"073088183"},"picture":{"large":"https://randomuser.me/api/portraits/men/28.jpg","medium":"https://randomuser.me/api/portraits/med/men/28.jpg","thumbnail":"https://randomuser.me/api/portraits/thumb/men/28.jpg"},"nat":"AU"}],"info":{"seed":"c88dc015d5a0beaa","results":1,"page":1,"version":"1.4"}} 
 </msg>
<msg time="2024-05-05T01:05:28.853994" level="INFO">/opt/hostedtoolcache/Python/3.12.3/x64/lib/python3.12/site-packages/urllib3/connectionpool.py:1103: InsecureRequestWarning: Unverified HTTPS request is being made to host 'randomuser.me'. Adding certificate verification is strongly advised. See: https://urllib3.readthedocs.io/en/latest/advanced-usage.html#tls-warnings
  warnings.warn(</msg>
<msg time="2024-05-05T01:05:28.854097" level="INFO">${response} = &lt;Response [200]&gt;</msg>
<var>${response}</var>
<arg>consultarAPI</arg>
<arg>/api</arg>
<doc>Sends a GET request on a previously created HTTP Session.</doc>
<status status="PASS" start="2024-05-05T01:05:28.759570" elapsed="0.094556"/>
</kw>
<kw name="Set Variable" owner="BuiltIn">
<msg time="2024-05-05T01:05:28.855030" level="INFO">${json_data} = {'results': [{'gender': 'male', 'name': {'title': 'Mr', 'first': 'Lance', 'last': 'Weaver'}, 'location': {'street': {'number': 7938, 'name': 'Stevens Creek Blvd'}, 'city': 'Cairns', 'state': 'Queensla...</msg>
<var>${json_data}</var>
<arg>${response.json()}</arg>
<doc>Returns the given values which can then be assigned to a variables.</doc>
<status status="PASS" start="2024-05-05T01:05:28.854554" elapsed="0.000504"/>
</kw>
<kw name="Log" owner="BuiltIn">
<msg time="2024-05-05T01:05:28.855502" level="INFO">{'results': [{'gender': 'male', 'name': {'title': 'Mr', 'first': 'Lance', 'last': 'Weaver'}, 'location': {'street': {'number': 7938, 'name': 'Stevens Creek Blvd'}, 'city': 'Cairns', 'state': 'Queensland', 'country': 'Australia', 'postcode': 542, 'coordinates': {'latitude': '-86.4190', 'longitude': '-86.6797'}, 'timezone': {'offset': '-6:00', 'description': 'Central Time (US &amp; Canada), Mexico City'}}, 'email': 'lance.weaver@example.com', 'login': {'uuid': '9f3cc470-d7e1-473e-a941-bf44fc2b3718', 'username': 'crazybutterfly725', 'password': 'masterbaiting', 'salt': '2D6fEm36', 'md5': 'f6faa189ba31cedc4bd4ea2e342aeb9f', 'sha1': '0911e199178bbd015f442fffd7a6e2a22415f906', 'sha256': 'd3ab4c3be0cbb653753077fae380725bbd4f7e8ce86fb6fb16ff0f1a0a3b41db'}, 'dob': {'date': '2000-08-09T10:36:06.512Z', 'age': 23}, 'registered': {'date': '2008-04-15T04:03:06.338Z', 'age': 16}, 'phone': '09-7171-4059', 'cell': '0487-962-828', 'id': {'name': 'TFN', 'value': '073088183'}, 'picture': {'large': 'https://randomuser.me/api/portraits/men/28.jpg', 'medium': 'https://randomuser.me/api/portraits/med/men/28.jpg', 'thumbnail': 'https://randomuser.me/api/portraits/thumb/men/28.jpg'}, 'nat': 'AU'}], 'info': {'seed': 'c88dc015d5a0beaa', 'results': 1, 'page': 1, 'version': '1.4'}}</msg>
<arg>${json_data}</arg>
<doc>Logs the given message with the given level.</doc>
<status status="PASS" start="2024-05-05T01:05:28.855352" elapsed="0.000231"/>
</kw>
<kw name="Should Be Equal As Numbers" owner="BuiltIn">
<arg>${json_data['results'][0]['location']['postcode']}</arg>
<arg>${json_data['results'][0]['location']['postcode']}</arg>
<doc>Fails if objects are unequal after converting them to real numbers.</doc>
<status status="PASS" start="2024-05-05T01:05:28.855874" elapsed="0.000807"/>
</kw>
<kw name="Log" owner="BuiltIn">
<msg time="2024-05-05T01:05:28.857208" level="INFO">542</msg>
<arg>${json_data['results'][0]['location']['postcode']}</arg>
<doc>Logs the given message with the given level.</doc>
<status status="PASS" start="2024-05-05T01:05:28.856873" elapsed="0.000375"/>
</kw>
<status status="PASS" start="2024-05-05T01:05:28.759349" elapsed="0.098146"/>
</kw>
<doc>Testa se os tipos de dados na resposta da API estão corretos.</doc>
<tag>testeTiposDados</tag>
<status status="PASS" start="2024-05-05T01:05:28.702203" elapsed="0.155450"/>
</test>
<test id="s1-s1-t5" name="Validar conteudo" line="35">
<kw name="Teste de Tipos de Conteudo" owner="random-user-service">
<kw name="GET On Session" owner="RequestsLibrary">
<msg time="2024-05-05T01:05:28.960094" level="INFO">GET Request : url=https://randomuser.me/api 
 path_url=/api 
 headers={'User-Agent': 'python-requests/2.31.0', 'Accept-Encoding': 'gzip, deflate', 'Accept': '*/*', 'Connection': 'keep-alive'} 
 body=None 
 </msg>
<msg time="2024-05-05T01:05:28.960202" level="INFO">GET Response : url=https://randomuser.me/api 
 status=200, reason=OK 
 headers={'Date': 'Sun, 05 May 2024 01:05:28 GMT', 'Content-Type': 'application/json; charset=utf-8', 'Transfer-Encoding': 'chunked', 'Connection': 'keep-alive', 'X-Powered-By': 'Express', 'Access-Control-Allow-Origin': '*', 'Cache-Control': 'no-cache', 'ETag': 'W/"4a3-ueD1QMRC26bjWW5Xg3omDIl1iMg"', 'Vary': 'Accept-Encoding', 'Content-Encoding': 'gzip', 'CF-Cache-Status': 'DYNAMIC', 'Report-To': '{"endpoints":[{"url":"https:\\/\\/a.nel.cloudflare.com\\/report\\/v4?s=NJBplFoXpcxZlUEZjUjxMVk4M%2FCOngbq9MDZ%2B1EHs3gXkuf0x4DoUsbUPgiQgY%2FREFdqpRdx%2BqSCKvRrSUCG0rMi%2FtxzVB8OdkZcYGbGc%2FnstJcbQBQuGbgm7fJr7wCK"}],"group":"cf-nel","max_age":604800}', 'NEL': '{"success_fraction":0,"report_to":"cf-nel","max_age":604800}', 'Server': 'cloudflare', 'CF-RAY': '87ecd28b6e6c062b-IAD', 'alt-svc': 'h3=":443"; ma=86400'} 
 body={"results":[{"gender":"male","name":{"title":"Mr","first":"Oscar","last":"Schmitt"},"location":{"street":{"number":8848,"name":"Avenue du Château"},"city":"Le Mans","state":"Yvelines","country":"France","postcode":90229,"coordinates":{"latitude":"-16.3182","longitude":"-171.0706"},"timezone":{"offset":"+11:00","description":"Magadan, Solomon Islands, New Caledonia"}},"email":"oscar.schmitt@example.com","login":{"uuid":"cffe06fe-4b36-4942-adcb-430754e27bcf","username":"silverpanda339","password":"speaker","salt":"qToBKslQ","md5":"7efc5e0ba8ca2654b321b348a93b2159","sha1":"85591bbb69c225ce0e02d601a393a40812d22c6d","sha256":"310846d14e166772f304cc40a814a15032632585123358ed78991e63b0cbc615"},"dob":{"date":"1956-03-17T19:31:17.279Z","age":68},"registered":{"date":"2003-04-03T20:23:33.851Z","age":21},"phone":"02-28-14-77-91","cell":"06-08-48-12-10","id":{"name":"INSEE","value":"1560266209328 13"},"picture":{"large":"https://randomuser.me/api/portraits/men/46.jpg","medium":"https://randomuser.me/api/portraits/med/men/46.jpg","thumbnail":"https://randomuser.me/api/portraits/thumb/men/46.jpg"},"nat":"FR"}],"info":{"seed":"884d48fcb1508256","results":1,"page":1,"version":"1.4"}} 
 </msg>
<msg time="2024-05-05T01:05:28.960271" level="INFO">/opt/hostedtoolcache/Python/3.12.3/x64/lib/python3.12/site-packages/urllib3/connectionpool.py:1103: InsecureRequestWarning: Unverified HTTPS request is being made to host 'randomuser.me'. Adding certificate verification is strongly advised. See: https://urllib3.readthedocs.io/en/latest/advanced-usage.html#tls-warnings
  warnings.warn(</msg>
<msg time="2024-05-05T01:05:28.960401" level="INFO">${response} = &lt;Response [200]&gt;</msg>
<var>${response}</var>
<arg>consultarAPI</arg>
<arg>/api</arg>
<doc>Sends a GET request on a previously created HTTP Session.</doc>
<status status="PASS" start="2024-05-05T01:05:28.860415" elapsed="0.100016"/>
</kw>
<kw name="Set Variable" owner="BuiltIn">
<msg time="2024-05-05T01:05:28.961429" level="INFO">${json_data} = {'results': [{'gender': 'male', 'name': {'title': 'Mr', 'first': 'Oscar', 'last': 'Schmitt'}, 'location': {'street': {'number': 8848, 'name': 'Avenue du Château'}, 'city': 'Le Mans', 'state': 'Yveline...</msg>
<var>${json_data}</var>
<arg>${response.json()}</arg>
<doc>Returns the given values which can then be assigned to a variables.</doc>
<status status="PASS" start="2024-05-05T01:05:28.960929" elapsed="0.000529"/>
</kw>
<kw name="Set Variable" owner="BuiltIn">
<msg time="2024-05-05T01:05:28.962152" level="INFO">${name_title} = Mr</msg>
<var>${name_title}</var>
<arg>${json_data["results"][0]["name"]["title"]}</arg>
<doc>Returns the given values which can then be assigned to a variables.</doc>
<status status="PASS" start="2024-05-05T01:05:28.961763" elapsed="0.000414"/>
</kw>
<kw name="Create List" owner="BuiltIn">
<msg time="2024-05-05T01:05:28.962616" level="INFO">${allowed_titles} = ['Mr', 'Ms', 'Miss', 'Mrs', 'Madame', 'Monsieur']</msg>
<var>${allowed_titles}</var>
<arg>Mr</arg>
<arg>Ms</arg>
<arg>Miss</arg>
<arg>Mrs</arg>
<arg>Madame</arg>
<arg>Monsieur</arg>
<doc>Returns a list containing given items.</doc>
<status status="PASS" start="2024-05-05T01:05:28.962469" elapsed="0.000171"/>
</kw>
<kw name="List Should Contain Value" owner="Collections">
<msg time="2024-05-05T01:05:28.963106" level="INFO">False</msg>
<arg>${allowed_titles}</arg>
<arg>${name_title}</arg>
<doc>Fails if the ``value`` is not found from ``list``.</doc>
<status status="PASS" start="2024-05-05T01:05:28.962933" elapsed="0.000209"/>
</kw>
<kw name="Set Variable" owner="BuiltIn">
<msg time="2024-05-05T01:05:28.963814" level="INFO">${name_country} = FR</msg>
<var>${name_country}</var>
<arg>${json_data["results"][0]["nat"]}</arg>
<doc>Returns the given values which can then be assigned to a variables.</doc>
<status status="PASS" start="2024-05-05T01:05:28.963437" elapsed="0.000403"/>
</kw>
<kw name="Create List" owner="BuiltIn">
<msg time="2024-05-05T01:05:28.964788" level="INFO">${list_country} = ['AD', 'AE', 'AF', 'AG', 'AI', 'AL', 'AM', 'AO', 'AQ', 'AR', 'AS', 'AT', 'AU', 'AW', 'AX', 'AZ', 'BA', 'BB', 'BD', 'BE', 'BF', 'BG', 'BH', 'BI', 'BJ', 'BL', 'BM', 'BN', 'BO', 'BQ', 'BR', 'BS', 'BT', '...</msg>
<var>${list_country}</var>
<arg>AD</arg>
<arg>AE</arg>
<arg>AF</arg>
<arg>AG</arg>
<arg>AI</arg>
<arg>AL</arg>
<arg>AM</arg>
<arg>AO</arg>
<arg>AQ</arg>
<arg>AR</arg>
<arg>AS</arg>
<arg>AT</arg>
<arg>AU</arg>
<arg>AW</arg>
<arg>AX</arg>
<arg>AZ</arg>
<arg>BA</arg>
<arg>BB</arg>
<arg>BD</arg>
<arg>BE</arg>
<arg>BF</arg>
<arg>BG</arg>
<arg>BH</arg>
<arg>BI</arg>
<arg>BJ</arg>
<arg>BL</arg>
<arg>BM</arg>
<arg>BN</arg>
<arg>BO</arg>
<arg>BQ</arg>
<arg>BR</arg>
<arg>BS</arg>
<arg>BT</arg>
<arg>BV</arg>
<arg>BW</arg>
<arg>BY</arg>
<arg>BZ</arg>
<arg>CA</arg>
<arg>CC</arg>
<arg>CD</arg>
<arg>CF</arg>
<arg>CG</arg>
<arg>CH</arg>
<arg>CI</arg>
<arg>CK</arg>
<arg>CL</arg>
<arg>CM</arg>
<arg>CN</arg>
<arg>CO</arg>
<arg>CR</arg>
<arg>CU</arg>
<arg>CV</arg>
<arg>CW</arg>
<arg>CX</arg>
<arg>CY</arg>
<arg>CZ</arg>
<arg>DE</arg>
<arg>DJ</arg>
<arg>DK</arg>
<arg>DM</arg>
<arg>DO</arg>
<arg>DZ</arg>
<arg>EC</arg>
<arg>EE</arg>
<arg>EG</arg>
<arg>EH</arg>
<arg>ER</arg>
<arg>ES</arg>
<arg>ET</arg>
<arg>FI</arg>
<arg>FJ</arg>
<arg>FK</arg>
<arg>FM</arg>
<arg>FO</arg>
<arg>FR</arg>
<arg>GA</arg>
<arg>GB</arg>
<arg>GD</arg>
<arg>GE</arg>
<arg>GF</arg>
<arg>GG</arg>
<arg>GH</arg>
<arg>GI</arg>
<arg>GL</arg>
<arg>GM</arg>
<arg>GN</arg>
<arg>GP</arg>
<arg>GQ</arg>
<arg>GR</arg>
<arg>GS</arg>
<arg>GT</arg>
<arg>GU</arg>
<arg>GW</arg>
<arg>GY</arg>
<arg>HK</arg>
<arg>HM</arg>
<arg>HN</arg>
<arg>HR</arg>
<arg>HT</arg>
<arg>HU</arg>
<arg>ID</arg>
<arg>IE</arg>
<arg>IL</arg>
<arg>IM</arg>
<arg>IN</arg>
<arg>IO</arg>
<arg>IQ</arg>
<arg>IR</arg>
<arg>IS</arg>
<arg>IT</arg>
<arg>JE</arg>
<arg>JM</arg>
<arg>JO</arg>
<arg>JP</arg>
<arg>KE</arg>
<arg>KG</arg>
<arg>KH</arg>
<arg>KI</arg>
<arg>KM</arg>
<arg>KN</arg>
<arg>KP</arg>
<arg>KR</arg>
<arg>KW</arg>
<arg>KY</arg>
<arg>KZ</arg>
<arg>LA</arg>
<arg>LB</arg>
<arg>LC</arg>
<arg>LI</arg>
<arg>LK</arg>
<arg>LR</arg>
<arg>LS</arg>
<arg>LT</arg>
<arg>LU</arg>
<arg>LV</arg>
<arg>LY</arg>
<arg>MA</arg>
<arg>MC</arg>
<arg>MD</arg>
<arg>ME</arg>
<arg>MF</arg>
<arg>MG</arg>
<arg>MH</arg>
<arg>MK</arg>
<arg>ML</arg>
<arg>MM</arg>
<arg>MN</arg>
<arg>MO</arg>
<arg>MP</arg>
<arg>MQ</arg>
<arg>MR</arg>
<arg>MS</arg>
<arg>MT</arg>
<arg>MU</arg>
<arg>MV</arg>
<arg>MW</arg>
<arg>MX</arg>
<arg>MY</arg>
<arg>MZ</arg>
<arg>NA</arg>
<arg>NC</arg>
<arg>NE</arg>
<arg>NF</arg>
<arg>NG</arg>
<arg>NI</arg>
<arg>NL</arg>
<arg>NO</arg>
<arg>NP</arg>
<arg>NR</arg>
<arg>NU</arg>
<arg>NZ</arg>
<arg>OM</arg>
<arg>PA</arg>
<arg>PE</arg>
<arg>PF</arg>
<arg>PG</arg>
<arg>PH</arg>
<arg>PK</arg>
<arg>PL</arg>
<arg>PM</arg>
<arg>PN</arg>
<arg>PR</arg>
<arg>PS</arg>
<arg>PT</arg>
<arg>PW</arg>
<arg>PY</arg>
<arg>QA</arg>
<arg>RE</arg>
<arg>RO</arg>
<arg>RS</arg>
<arg>RU</arg>
<arg>RW</arg>
<arg>SA</arg>
<arg>SB</arg>
<arg>SC</arg>
<arg>SD</arg>
<arg>SE</arg>
<arg>SG</arg>
<arg>SH</arg>
<arg>SI</arg>
<arg>SJ</arg>
<arg>SK</arg>
<arg>SL</arg>
<arg>SM</arg>
<arg>SN</arg>
<arg>SO</arg>
<arg>SR</arg>
<arg>SS</arg>
<arg>ST</arg>
<arg>SV</arg>
<arg>SX</arg>
<arg>SY</arg>
<arg>SZ</arg>
<arg>TC</arg>
<arg>TD</arg>
<arg>TF</arg>
<arg>TG</arg>
<arg>TH</arg>
<arg>TJ</arg>
<arg>TK</arg>
<arg>TL</arg>
<arg>TM</arg>
<arg>TN</arg>
<arg>TO</arg>
<arg>TR</arg>
<arg>TT</arg>
<arg>TV</arg>
<arg>TW</arg>
<arg>TZ</arg>
<arg>UA</arg>
<arg>UG</arg>
<arg>UM</arg>
<arg>US</arg>
<arg>UY</arg>
<arg>UZ</arg>
<arg>VA</arg>
<arg>VC</arg>
<arg>VE</arg>
<arg>VG</arg>
<arg>VI</arg>
<arg>VN</arg>
<arg>VU</arg>
<arg>WF</arg>
<arg>WS</arg>
<arg>XK</arg>
<arg>YE</arg>
<arg>YT</arg>
<arg>ZA</arg>
<arg>ZM</arg>
<arg>ZW</arg>
<doc>Returns a list containing given items.</doc>
<status status="PASS" start="2024-05-05T01:05:28.964139" elapsed="0.000675"/>
</kw>
<kw name="List Should Contain Value" owner="Collections">
<msg time="2024-05-05T01:05:28.965834" level="INFO">False</msg>
<arg>${list_country}</arg>
<arg>${name_country}</arg>
<doc>Fails if the ``value`` is not found from ``list``.</doc>
<status status="PASS" start="2024-05-05T01:05:28.965614" elapsed="0.000257"/>
</kw>
<kw name="Run Keyword If" owner="BuiltIn">
<kw name="Should Be True" owner="BuiltIn">
<arg>${True}</arg>
<doc>Fails if the given condition is not true.</doc>
<status status="PASS" start="2024-05-05T01:05:28.966938" elapsed="0.000142"/>
</kw>
<arg>${json_data["results"][0]["location"]["coordinates"]["latitude"]} &gt;= -90 and ${json_data["results"][0]["location"]["coordinates"]["latitude"]} &lt;= 90</arg>
<arg>Should Be True</arg>
<arg>${True}</arg>
<doc>Runs the given keyword with the given arguments, if ``condition`` is true.</doc>
<status status="PASS" start="2024-05-05T01:05:28.966186" elapsed="0.001019"/>
</kw>
<kw name="Run Keyword If" owner="BuiltIn">
<kw name="Should Be True" owner="BuiltIn">
<arg>${True}</arg>
<doc>Fails if the given condition is not true.</doc>
<status status="PASS" start="2024-05-05T01:05:28.968091" elapsed="0.000254"/>
</kw>
<arg>${json_data["results"][0]["location"]["coordinates"]["longitude"]} &gt;= -180 and ${json_data["results"][0]["location"]["coordinates"]["longitude"]} &lt;= 180</arg>
<arg>Should Be True</arg>
<arg>${True}</arg>
<doc>Runs the given keyword with the given arguments, if ``condition`` is true.</doc>
<status status="PASS" start="2024-05-05T01:05:28.967387" elapsed="0.001109"/>
</kw>
<status status="PASS" start="2024-05-05T01:05:28.860004" elapsed="0.108627"/>
</kw>
<doc>Testa o conteúdo específico dos campos retornados pela API.</doc>
<tag>testeConteudo</tag>
<status status="PASS" start="2024-05-05T01:05:28.859367" elapsed="0.109412"/>
</test>
<status status="PASS" start="2024-05-05T01:05:27.876673" elapsed="1.094129"/>
</suite>
<status status="PASS" start="2024-05-05T01:05:27.863003" elapsed="1.112870"/>
</suite>
<statistics>
<total>
<stat pass="5" fail="0" skip="0">All Tests</stat>
</total>
<tag>
<stat pass="1" fail="0" skip="0">testeConteudo</stat>
<stat pass="1" fail="0" skip="0">testeEstruturaResposta</stat>
<stat pass="1" fail="0" skip="0">testeRequisicaoBasica</stat>
<stat pass="1" fail="0" skip="0">testeTiposDados</stat>
</tag>
<suite>
<stat pass="5" fail="0" skip="0" id="s1" name="Tests">Tests</stat>
<stat pass="5" fail="0" skip="0" id="s1-s1" name="Random-User-Test">Tests.Random-User-Test</stat>
</suite>
</statistics>
<errors>
</errors>
</robot>
