<?xml version="1.0" encoding="UTF-8"?>
<robot generator="Robot 7.0 (Python 3.12.3 on linux)" generated="2024-04-28T12:26:16.818909" rpa="false" schemaversion="5">
<suite id="s1" name="Tests" source="/home/runner/work/DesafioQAItauRogerioJordao/DesafioQAItauRogerioJordao/RamdonUser/tests">
<suite id="s1-s1" name="Random-User-Test" source="/home/runner/work/DesafioQAItauRogerioJordao/DesafioQAItauRogerioJordao/RamdonUser/tests/random-user-test.robot">
<test id="s1-s1-t1" name="Conectar" line="13">
<kw name="Conectar API" owner="random-user-service">
<kw name="Create Session" owner="RequestsLibrary">
<msg time="2024-04-28T12:26:17.195804" level="INFO">Creating Session using : alias=consultarAPI, url=https://randomuser.me/, headers={},                     cookies={}, auth=None, timeout=None, proxies=None, verify=False,                     debug=0 </msg>
<arg>consultarAPI</arg>
<arg>${URL}</arg>
<doc>Create Session: create a HTTP session to a server</doc>
<status status="PASS" start="2024-04-28T12:26:17.195611" elapsed="0.000363"/>
</kw>
<status status="PASS" start="2024-04-28T12:26:17.194674" elapsed="0.001651"/>
</kw>
<status status="PASS" start="2024-04-28T12:26:17.194161" elapsed="0.002355"/>
</test>
<test id="s1-s1-t2" name="Validar retorno 200 e JSON Válido" line="16">
<kw name="Teste de Requisicao Basica" owner="random-user-service">
<kw name="GET On Session" owner="RequestsLibrary">
<msg time="2024-04-28T12:26:17.315120" level="INFO">GET Request : url=https://randomuser.me/api 
 path_url=/api 
 headers={'User-Agent': 'python-requests/2.31.0', 'Accept-Encoding': 'gzip, deflate', 'Accept': '*/*', 'Connection': 'keep-alive'} 
 body=None 
 </msg>
<msg time="2024-04-28T12:26:17.315254" level="INFO">GET Response : url=https://randomuser.me/api 
 status=200, reason=OK 
 headers={'Date': 'Sun, 28 Apr 2024 12:26:17 GMT', 'Content-Type': 'application/json; charset=utf-8', 'Transfer-Encoding': 'chunked', 'Connection': 'keep-alive', 'X-Powered-By': 'Express', 'Access-Control-Allow-Origin': '*', 'Cache-Control': 'no-cache', 'ETag': 'W/"490-gjgUrIKwgbT3Svp4DVCUCjjTNqI"', 'Vary': 'Accept-Encoding', 'Content-Encoding': 'gzip', 'CF-Cache-Status': 'DYNAMIC', 'Report-To': '{"endpoints":[{"url":"https:\\/\\/a.nel.cloudflare.com\\/report\\/v4?s=%2FAGcDzaDuCwL0qAonFvlKdcNhksnezuEa%2BzHQunG%2FqEG%2B0nIyXs1XYaXUXL3tF6%2FqhBTJ7Ume%2BH1M6ShN%2FN1ScvvAgT6KUm0NHFwb4vBoZiofP8LGWw5ucze1VN1lnoI"}],"group":"cf-nel","max_age":604800}', 'NEL': '{"success_fraction":0,"report_to":"cf-nel","max_age":604800}', 'Server': 'cloudflare', 'CF-RAY': '87b70a31b81c1601-SJC', 'alt-svc': 'h3=":443"; ma=86400'} 
 body={"results":[{"gender":"female","name":{"title":"Miss","first":"Cecilie","last":"Jensen"},"location":{"street":{"number":9642,"name":"Ringvej"},"city":"Roedovre","state":"Syddanmark","country":"Denmark","postcode":59166,"coordinates":{"latitude":"-46.7625","longitude":"35.4833"},"timezone":{"offset":"+8:00","description":"Beijing, Perth, Singapore, Hong Kong"}},"email":"cecilie.jensen@example.com","login":{"uuid":"230dfaae-8226-4903-a9ab-3e226af7c04d","username":"sadelephant915","password":"phantom1","salt":"llzLaoNL","md5":"7a1b6c53076f2683d5646acad76ab23c","sha1":"0a50e632711bf804e16c08f884ef1b4db896bb28","sha256":"1b4c6c64e5fd525ef68516fc48f1cb4a4ae2a3c4691967773f6d83894d496358"},"dob":{"date":"1953-05-11T08:21:37.243Z","age":70},"registered":{"date":"2005-09-27T08:23:30.657Z","age":18},"phone":"69470280","cell":"00858015","id":{"name":"CPR","value":"110553-0098"},"picture":{"large":"https://randomuser.me/api/portraits/women/36.jpg","medium":"https://randomuser.me/api/portraits/med/women/36.jpg","thumbnail":"https://randomuser.me/api/portraits/thumb/women/36.jpg"},"nat":"DK"}],"info":{"seed":"735d68b0ce15eb0c","results":1,"page":1,"version":"1.4"}} 
 </msg>
<msg time="2024-04-28T12:26:17.315341" level="INFO">/opt/hostedtoolcache/Python/3.12.3/x64/lib/python3.12/site-packages/urllib3/connectionpool.py:1103: InsecureRequestWarning: Unverified HTTPS request is being made to host 'randomuser.me'. Adding certificate verification is strongly advised. See: https://urllib3.readthedocs.io/en/latest/advanced-usage.html#tls-warnings
  warnings.warn(</msg>
<msg time="2024-04-28T12:26:17.315455" level="INFO">${response} = &lt;Response [200]&gt;</msg>
<var>${response}</var>
<arg>consultarAPI</arg>
<arg>/api</arg>
<doc>Sends a GET request on a previously created HTTP Session.</doc>
<status status="PASS" start="2024-04-28T12:26:17.199118" elapsed="0.116376"/>
</kw>
<kw name="Should Be Equal As Numbers" owner="BuiltIn">
<msg time="2024-04-28T12:26:17.316395" level="INFO">Argument types are:
&lt;class 'int'&gt;
&lt;class 'str'&gt;</msg>
<arg>${response.status_code}</arg>
<arg>200</arg>
<doc>Fails if objects are unequal after converting them to real numbers.</doc>
<status status="PASS" start="2024-04-28T12:26:17.315963" elapsed="0.000495"/>
</kw>
<kw name="Log" owner="BuiltIn">
<msg time="2024-04-28T12:26:17.317161" level="INFO">200</msg>
<arg>${response.status_code}</arg>
<doc>Logs the given message with the given level.</doc>
<status status="PASS" start="2024-04-28T12:26:17.316778" elapsed="0.000434"/>
</kw>
<kw name="Set Variable" owner="BuiltIn">
<msg time="2024-04-28T12:26:17.317968" level="INFO">${json_data} = {'results': [{'gender': 'female', 'name': {'title': 'Miss', 'first': 'Cecilie', 'last': 'Jensen'}, 'location': {'street': {'number': 9642, 'name': 'Ringvej'}, 'city': 'Roedovre', 'state': 'Syddanmark'...</msg>
<var>${json_data}</var>
<arg>${response.json()}</arg>
<doc>Returns the given values which can then be assigned to a variables.</doc>
<status status="PASS" start="2024-04-28T12:26:17.317521" elapsed="0.000475"/>
</kw>
<kw name="Dictionary Should Contain Key" owner="Collections">
<msg time="2024-04-28T12:26:17.318467" level="INFO">False</msg>
<arg>${json_data}</arg>
<arg>results</arg>
<doc>Fails if ``key`` is not found from ``dictionary``.</doc>
<status status="PASS" start="2024-04-28T12:26:17.318302" elapsed="0.000205"/>
</kw>
<status status="PASS" start="2024-04-28T12:26:17.198881" elapsed="0.119887"/>
</kw>
<doc>Testa se a API responde corretamente e retorna um objeto JSON válido.</doc>
<tag>testeRequisicaoBasica</tag>
<status status="PASS" start="2024-04-28T12:26:17.198444" elapsed="0.120503"/>
</test>
<test id="s1-s1-t3" name="Validar estrutura de resposta" line="22">
<kw name="Teste de Estrutura de Resposta" owner="random-user-service">
<kw name="GET On Session" owner="RequestsLibrary">
<msg time="2024-04-28T12:26:17.413438" level="INFO">GET Request : url=https://randomuser.me/api 
 path_url=/api 
 headers={'User-Agent': 'python-requests/2.31.0', 'Accept-Encoding': 'gzip, deflate', 'Accept': '*/*', 'Connection': 'keep-alive'} 
 body=None 
 </msg>
<msg time="2024-04-28T12:26:17.413528" level="INFO">GET Response : url=https://randomuser.me/api 
 status=200, reason=OK 
 headers={'Date': 'Sun, 28 Apr 2024 12:26:17 GMT', 'Content-Type': 'application/json; charset=utf-8', 'Transfer-Encoding': 'chunked', 'Connection': 'keep-alive', 'X-Powered-By': 'Express', 'Access-Control-Allow-Origin': '*', 'Cache-Control': 'no-cache', 'ETag': 'W/"48f-ci61pwz4COMErW/P8wfH/54K+BE"', 'Vary': 'Accept-Encoding', 'Content-Encoding': 'gzip', 'CF-Cache-Status': 'DYNAMIC', 'Report-To': '{"endpoints":[{"url":"https:\\/\\/a.nel.cloudflare.com\\/report\\/v4?s=6wTcTGDEw5Q6jmZ2hLmRg3W%2F5jt6jBonJbKMWEY17R2V3hwZr%2FmhygJNahC1Wkn0bPWNid6XamHFwikzBxmIaqif3tINSwwFxxG8k2fcKrupQFfwYVxmmXhb%2FRP0ncM2"}],"group":"cf-nel","max_age":604800}', 'NEL': '{"success_fraction":0,"report_to":"cf-nel","max_age":604800}', 'Server': 'cloudflare', 'CF-RAY': '87b70a32587b1601-SJC', 'alt-svc': 'h3=":443"; ma=86400'} 
 body={"results":[{"gender":"female","name":{"title":"Mrs","first":"Zoé","last":"Lemoine"},"location":{"street":{"number":3501,"name":"Place du 8 Novembre 1942"},"city":"Amiens","state":"Deux-Sèvres","country":"France","postcode":59110,"coordinates":{"latitude":"-17.4561","longitude":"4.5503"},"timezone":{"offset":"-2:00","description":"Mid-Atlantic"}},"email":"zoe.lemoine@example.com","login":{"uuid":"f8665403-830d-48d2-b52a-5bbc905b80b3","username":"redgoose728","password":"bicycle","salt":"nb1HYjnw","md5":"010a039205ece956b0b7e4432cecbc36","sha1":"1091d5e3ba7fdf2fbeb049c07242806d794692aa","sha256":"458f9281caddf669c0522a334ea01eafa9eed0a2a16f06d3d83c175625e2e4f8"},"dob":{"date":"1984-07-16T20:39:03.534Z","age":39},"registered":{"date":"2017-11-17T11:18:18.474Z","age":6},"phone":"01-37-50-72-94","cell":"06-74-87-74-25","id":{"name":"INSEE","value":"2840683259359 60"},"picture":{"large":"https://randomuser.me/api/portraits/women/55.jpg","medium":"https://randomuser.me/api/portraits/med/women/55.jpg","thumbnail":"https://randomuser.me/api/portraits/thumb/women/55.jpg"},"nat":"FR"}],"info":{"seed":"78adb14a9d6707b6","results":1,"page":1,"version":"1.4"}} 
 </msg>
<msg time="2024-04-28T12:26:17.413632" level="INFO">/opt/hostedtoolcache/Python/3.12.3/x64/lib/python3.12/site-packages/urllib3/connectionpool.py:1103: InsecureRequestWarning: Unverified HTTPS request is being made to host 'randomuser.me'. Adding certificate verification is strongly advised. See: https://urllib3.readthedocs.io/en/latest/advanced-usage.html#tls-warnings
  warnings.warn(</msg>
<msg time="2024-04-28T12:26:17.413726" level="INFO">${response} = &lt;Response [200]&gt;</msg>
<var>${response}</var>
<arg>consultarAPI</arg>
<arg>/api</arg>
<doc>Sends a GET request on a previously created HTTP Session.</doc>
<status status="PASS" start="2024-04-28T12:26:17.321530" elapsed="0.092223"/>
</kw>
<kw name="Set Variable" owner="BuiltIn">
<msg time="2024-04-28T12:26:17.414624" level="INFO">${json_data} = {'results': [{'gender': 'female', 'name': {'title': 'Mrs', 'first': 'Zoé', 'last': 'Lemoine'}, 'location': {'street': {'number': 3501, 'name': 'Place du 8 Novembre 1942'}, 'city': 'Amiens', 'state': '...</msg>
<var>${json_data}</var>
<arg>${response.json()}</arg>
<doc>Returns the given values which can then be assigned to a variables.</doc>
<status status="PASS" start="2024-04-28T12:26:17.414149" elapsed="0.000510"/>
</kw>
<kw name="Log" owner="BuiltIn">
<msg time="2024-04-28T12:26:17.415137" level="INFO">{'results': [{'gender': 'female', 'name': {'title': 'Mrs', 'first': 'Zoé', 'last': 'Lemoine'}, 'location': {'street': {'number': 3501, 'name': 'Place du 8 Novembre 1942'}, 'city': 'Amiens', 'state': 'Deux-Sèvres', 'country': 'France', 'postcode': 59110, 'coordinates': {'latitude': '-17.4561', 'longitude': '4.5503'}, 'timezone': {'offset': '-2:00', 'description': 'Mid-Atlantic'}}, 'email': 'zoe.lemoine@example.com', 'login': {'uuid': 'f8665403-830d-48d2-b52a-5bbc905b80b3', 'username': 'redgoose728', 'password': 'bicycle', 'salt': 'nb1HYjnw', 'md5': '010a039205ece956b0b7e4432cecbc36', 'sha1': '1091d5e3ba7fdf2fbeb049c07242806d794692aa', 'sha256': '458f9281caddf669c0522a334ea01eafa9eed0a2a16f06d3d83c175625e2e4f8'}, 'dob': {'date': '1984-07-16T20:39:03.534Z', 'age': 39}, 'registered': {'date': '2017-11-17T11:18:18.474Z', 'age': 6}, 'phone': '01-37-50-72-94', 'cell': '06-74-87-74-25', 'id': {'name': 'INSEE', 'value': '2840683259359 60'}, 'picture': {'large': 'https://randomuser.me/api/portraits/women/55.jpg', 'medium': 'https://randomuser.me/api/portraits/med/women/55.jpg', 'thumbnail': 'https://randomuser.me/api/portraits/thumb/women/55.jpg'}, 'nat': 'FR'}], 'info': {'seed': '78adb14a9d6707b6', 'results': 1, 'page': 1, 'version': '1.4'}}</msg>
<arg>${json_data}</arg>
<doc>Logs the given message with the given level.</doc>
<status status="PASS" start="2024-04-28T12:26:17.414978" elapsed="0.000209"/>
</kw>
<kw name="Dictionary Should Contain Key" owner="Collections">
<msg time="2024-04-28T12:26:17.415640" level="INFO">False</msg>
<arg>${json_data}</arg>
<arg>results</arg>
<doc>Fails if ``key`` is not found from ``dictionary``.</doc>
<status status="PASS" start="2024-04-28T12:26:17.415486" elapsed="0.000190"/>
</kw>
<kw name="Should Not Be Empty" owner="BuiltIn">
<msg time="2024-04-28T12:26:17.416103" level="INFO">Length is 2.</msg>
<arg>${json_data}</arg>
<doc>Verifies that the given item is not empty.</doc>
<status status="PASS" start="2024-04-28T12:26:17.415972" elapsed="0.000169"/>
</kw>
<kw name="Create List" owner="BuiltIn">
<msg time="2024-04-28T12:26:17.416716" level="INFO">${expected_keys} = ['gender', 'name', 'location', 'email', 'login']</msg>
<var>${expected_keys}</var>
<arg>gender</arg>
<arg>name</arg>
<arg>location</arg>
<arg>email</arg>
<arg>login</arg>
<doc>Returns a list containing given items.</doc>
<status status="PASS" start="2024-04-28T12:26:17.416429" elapsed="0.000312"/>
</kw>
<for flavor="IN">
<iter>
<kw name="Dictionary Should Contain Key" owner="Collections">
<msg time="2024-04-28T12:26:17.417755" level="INFO">False</msg>
<arg>${json_data['results'][0]}</arg>
<arg>${key}</arg>
<doc>Fails if ``key`` is not found from ``dictionary``.</doc>
<status status="PASS" start="2024-04-28T12:26:17.417358" elapsed="0.000435"/>
</kw>
<kw name="Log" owner="BuiltIn">
<msg time="2024-04-28T12:26:17.418471" level="INFO">{'gender': 'female', 'name': {'title': 'Mrs', 'first': 'Zoé', 'last': 'Lemoine'}, 'location': {'street': {'number': 3501, 'name': 'Place du 8 Novembre 1942'}, 'city': 'Amiens', 'state': 'Deux-Sèvres', 'country': 'France', 'postcode': 59110, 'coordinates': {'latitude': '-17.4561', 'longitude': '4.5503'}, 'timezone': {'offset': '-2:00', 'description': 'Mid-Atlantic'}}, 'email': 'zoe.lemoine@example.com', 'login': {'uuid': 'f8665403-830d-48d2-b52a-5bbc905b80b3', 'username': 'redgoose728', 'password': 'bicycle', 'salt': 'nb1HYjnw', 'md5': '010a039205ece956b0b7e4432cecbc36', 'sha1': '1091d5e3ba7fdf2fbeb049c07242806d794692aa', 'sha256': '458f9281caddf669c0522a334ea01eafa9eed0a2a16f06d3d83c175625e2e4f8'}, 'dob': {'date': '1984-07-16T20:39:03.534Z', 'age': 39}, 'registered': {'date': '2017-11-17T11:18:18.474Z', 'age': 6}, 'phone': '01-37-50-72-94', 'cell': '06-74-87-74-25', 'id': {'name': 'INSEE', 'value': '2840683259359 60'}, 'picture': {'large': 'https://randomuser.me/api/portraits/women/55.jpg', 'medium': 'https://randomuser.me/api/portraits/med/women/55.jpg', 'thumbnail': 'https://randomuser.me/api/portraits/thumb/women/55.jpg'}, 'nat': 'FR'}</msg>
<arg>${json_data['results'][0]}</arg>
<doc>Logs the given message with the given level.</doc>
<status status="PASS" start="2024-04-28T12:26:17.418102" elapsed="0.000421"/>
</kw>
<kw name="Log" owner="BuiltIn">
<msg time="2024-04-28T12:26:17.418948" level="INFO">gender</msg>
<arg>${key}</arg>
<doc>Logs the given message with the given level.</doc>
<status status="PASS" start="2024-04-28T12:26:17.418821" elapsed="0.000165"/>
</kw>
<var name="${key}">gender</var>
<status status="PASS" start="2024-04-28T12:26:17.417230" elapsed="0.001971"/>
</iter>
<iter>
<kw name="Dictionary Should Contain Key" owner="Collections">
<msg time="2024-04-28T12:26:17.419893" level="INFO">False</msg>
<arg>${json_data['results'][0]}</arg>
<arg>${key}</arg>
<doc>Fails if ``key`` is not found from ``dictionary``.</doc>
<status status="PASS" start="2024-04-28T12:26:17.419502" elapsed="0.000430"/>
</kw>
<kw name="Log" owner="BuiltIn">
<msg time="2024-04-28T12:26:17.420620" level="INFO">{'gender': 'female', 'name': {'title': 'Mrs', 'first': 'Zoé', 'last': 'Lemoine'}, 'location': {'street': {'number': 3501, 'name': 'Place du 8 Novembre 1942'}, 'city': 'Amiens', 'state': 'Deux-Sèvres', 'country': 'France', 'postcode': 59110, 'coordinates': {'latitude': '-17.4561', 'longitude': '4.5503'}, 'timezone': {'offset': '-2:00', 'description': 'Mid-Atlantic'}}, 'email': 'zoe.lemoine@example.com', 'login': {'uuid': 'f8665403-830d-48d2-b52a-5bbc905b80b3', 'username': 'redgoose728', 'password': 'bicycle', 'salt': 'nb1HYjnw', 'md5': '010a039205ece956b0b7e4432cecbc36', 'sha1': '1091d5e3ba7fdf2fbeb049c07242806d794692aa', 'sha256': '458f9281caddf669c0522a334ea01eafa9eed0a2a16f06d3d83c175625e2e4f8'}, 'dob': {'date': '1984-07-16T20:39:03.534Z', 'age': 39}, 'registered': {'date': '2017-11-17T11:18:18.474Z', 'age': 6}, 'phone': '01-37-50-72-94', 'cell': '06-74-87-74-25', 'id': {'name': 'INSEE', 'value': '2840683259359 60'}, 'picture': {'large': 'https://randomuser.me/api/portraits/women/55.jpg', 'medium': 'https://randomuser.me/api/portraits/med/women/55.jpg', 'thumbnail': 'https://randomuser.me/api/portraits/thumb/women/55.jpg'}, 'nat': 'FR'}</msg>
<arg>${json_data['results'][0]}</arg>
<doc>Logs the given message with the given level.</doc>
<status status="PASS" start="2024-04-28T12:26:17.420256" elapsed="0.000414"/>
</kw>
<kw name="Log" owner="BuiltIn">
<msg time="2024-04-28T12:26:17.421114" level="INFO">name</msg>
<arg>${key}</arg>
<doc>Logs the given message with the given level.</doc>
<status status="PASS" start="2024-04-28T12:26:17.420969" elapsed="0.000186"/>
</kw>
<var name="${key}">name</var>
<status status="PASS" start="2024-04-28T12:26:17.419387" elapsed="0.001993"/>
</iter>
<iter>
<kw name="Dictionary Should Contain Key" owner="Collections">
<msg time="2024-04-28T12:26:17.422055" level="INFO">False</msg>
<arg>${json_data['results'][0]}</arg>
<arg>${key}</arg>
<doc>Fails if ``key`` is not found from ``dictionary``.</doc>
<status status="PASS" start="2024-04-28T12:26:17.421670" elapsed="0.000422"/>
</kw>
<kw name="Log" owner="BuiltIn">
<msg time="2024-04-28T12:26:17.422762" level="INFO">{'gender': 'female', 'name': {'title': 'Mrs', 'first': 'Zoé', 'last': 'Lemoine'}, 'location': {'street': {'number': 3501, 'name': 'Place du 8 Novembre 1942'}, 'city': 'Amiens', 'state': 'Deux-Sèvres', 'country': 'France', 'postcode': 59110, 'coordinates': {'latitude': '-17.4561', 'longitude': '4.5503'}, 'timezone': {'offset': '-2:00', 'description': 'Mid-Atlantic'}}, 'email': 'zoe.lemoine@example.com', 'login': {'uuid': 'f8665403-830d-48d2-b52a-5bbc905b80b3', 'username': 'redgoose728', 'password': 'bicycle', 'salt': 'nb1HYjnw', 'md5': '010a039205ece956b0b7e4432cecbc36', 'sha1': '1091d5e3ba7fdf2fbeb049c07242806d794692aa', 'sha256': '458f9281caddf669c0522a334ea01eafa9eed0a2a16f06d3d83c175625e2e4f8'}, 'dob': {'date': '1984-07-16T20:39:03.534Z', 'age': 39}, 'registered': {'date': '2017-11-17T11:18:18.474Z', 'age': 6}, 'phone': '01-37-50-72-94', 'cell': '06-74-87-74-25', 'id': {'name': 'INSEE', 'value': '2840683259359 60'}, 'picture': {'large': 'https://randomuser.me/api/portraits/women/55.jpg', 'medium': 'https://randomuser.me/api/portraits/med/women/55.jpg', 'thumbnail': 'https://randomuser.me/api/portraits/thumb/women/55.jpg'}, 'nat': 'FR'}</msg>
<arg>${json_data['results'][0]}</arg>
<doc>Logs the given message with the given level.</doc>
<status status="PASS" start="2024-04-28T12:26:17.422398" elapsed="0.000413"/>
</kw>
<kw name="Log" owner="BuiltIn">
<msg time="2024-04-28T12:26:17.423230" level="INFO">location</msg>
<arg>${key}</arg>
<doc>Logs the given message with the given level.</doc>
<status status="PASS" start="2024-04-28T12:26:17.423106" elapsed="0.000162"/>
</kw>
<var name="${key}">location</var>
<status status="PASS" start="2024-04-28T12:26:17.421558" elapsed="0.001926"/>
</iter>
<iter>
<kw name="Dictionary Should Contain Key" owner="Collections">
<msg time="2024-04-28T12:26:17.424154" level="INFO">False</msg>
<arg>${json_data['results'][0]}</arg>
<arg>${key}</arg>
<doc>Fails if ``key`` is not found from ``dictionary``.</doc>
<status status="PASS" start="2024-04-28T12:26:17.423771" elapsed="0.000421"/>
</kw>
<kw name="Log" owner="BuiltIn">
<msg time="2024-04-28T12:26:17.424855" level="INFO">{'gender': 'female', 'name': {'title': 'Mrs', 'first': 'Zoé', 'last': 'Lemoine'}, 'location': {'street': {'number': 3501, 'name': 'Place du 8 Novembre 1942'}, 'city': 'Amiens', 'state': 'Deux-Sèvres', 'country': 'France', 'postcode': 59110, 'coordinates': {'latitude': '-17.4561', 'longitude': '4.5503'}, 'timezone': {'offset': '-2:00', 'description': 'Mid-Atlantic'}}, 'email': 'zoe.lemoine@example.com', 'login': {'uuid': 'f8665403-830d-48d2-b52a-5bbc905b80b3', 'username': 'redgoose728', 'password': 'bicycle', 'salt': 'nb1HYjnw', 'md5': '010a039205ece956b0b7e4432cecbc36', 'sha1': '1091d5e3ba7fdf2fbeb049c07242806d794692aa', 'sha256': '458f9281caddf669c0522a334ea01eafa9eed0a2a16f06d3d83c175625e2e4f8'}, 'dob': {'date': '1984-07-16T20:39:03.534Z', 'age': 39}, 'registered': {'date': '2017-11-17T11:18:18.474Z', 'age': 6}, 'phone': '01-37-50-72-94', 'cell': '06-74-87-74-25', 'id': {'name': 'INSEE', 'value': '2840683259359 60'}, 'picture': {'large': 'https://randomuser.me/api/portraits/women/55.jpg', 'medium': 'https://randomuser.me/api/portraits/med/women/55.jpg', 'thumbnail': 'https://randomuser.me/api/portraits/thumb/women/55.jpg'}, 'nat': 'FR'}</msg>
<arg>${json_data['results'][0]}</arg>
<doc>Logs the given message with the given level.</doc>
<status status="PASS" start="2024-04-28T12:26:17.424489" elapsed="0.000415"/>
</kw>
<kw name="Log" owner="BuiltIn">
<msg time="2024-04-28T12:26:17.425364" level="INFO">email</msg>
<arg>${key}</arg>
<doc>Logs the given message with the given level.</doc>
<status status="PASS" start="2024-04-28T12:26:17.425235" elapsed="0.000167"/>
</kw>
<var name="${key}">email</var>
<status status="PASS" start="2024-04-28T12:26:17.423660" elapsed="0.001962"/>
</iter>
<iter>
<kw name="Dictionary Should Contain Key" owner="Collections">
<msg time="2024-04-28T12:26:17.426299" level="INFO">False</msg>
<arg>${json_data['results'][0]}</arg>
<arg>${key}</arg>
<doc>Fails if ``key`` is not found from ``dictionary``.</doc>
<status status="PASS" start="2024-04-28T12:26:17.425908" elapsed="0.000430"/>
</kw>
<kw name="Log" owner="BuiltIn">
<msg time="2024-04-28T12:26:17.427001" level="INFO">{'gender': 'female', 'name': {'title': 'Mrs', 'first': 'Zoé', 'last': 'Lemoine'}, 'location': {'street': {'number': 3501, 'name': 'Place du 8 Novembre 1942'}, 'city': 'Amiens', 'state': 'Deux-Sèvres', 'country': 'France', 'postcode': 59110, 'coordinates': {'latitude': '-17.4561', 'longitude': '4.5503'}, 'timezone': {'offset': '-2:00', 'description': 'Mid-Atlantic'}}, 'email': 'zoe.lemoine@example.com', 'login': {'uuid': 'f8665403-830d-48d2-b52a-5bbc905b80b3', 'username': 'redgoose728', 'password': 'bicycle', 'salt': 'nb1HYjnw', 'md5': '010a039205ece956b0b7e4432cecbc36', 'sha1': '1091d5e3ba7fdf2fbeb049c07242806d794692aa', 'sha256': '458f9281caddf669c0522a334ea01eafa9eed0a2a16f06d3d83c175625e2e4f8'}, 'dob': {'date': '1984-07-16T20:39:03.534Z', 'age': 39}, 'registered': {'date': '2017-11-17T11:18:18.474Z', 'age': 6}, 'phone': '01-37-50-72-94', 'cell': '06-74-87-74-25', 'id': {'name': 'INSEE', 'value': '2840683259359 60'}, 'picture': {'large': 'https://randomuser.me/api/portraits/women/55.jpg', 'medium': 'https://randomuser.me/api/portraits/med/women/55.jpg', 'thumbnail': 'https://randomuser.me/api/portraits/thumb/women/55.jpg'}, 'nat': 'FR'}</msg>
<arg>${json_data['results'][0]}</arg>
<doc>Logs the given message with the given level.</doc>
<status status="PASS" start="2024-04-28T12:26:17.426633" elapsed="0.000419"/>
</kw>
<kw name="Log" owner="BuiltIn">
<msg time="2024-04-28T12:26:17.427474" level="INFO">login</msg>
<arg>${key}</arg>
<doc>Logs the given message with the given level.</doc>
<status status="PASS" start="2024-04-28T12:26:17.427346" elapsed="0.000167"/>
</kw>
<var name="${key}">login</var>
<status status="PASS" start="2024-04-28T12:26:17.425796" elapsed="0.001961"/>
</iter>
<var>${key}</var>
<value>@{expected_keys}</value>
<status status="PASS" start="2024-04-28T12:26:17.417006" elapsed="0.010878"/>
</for>
<kw name="Create List" owner="BuiltIn">
<msg time="2024-04-28T12:26:17.428216" level="INFO">${expected_keysTwo} = ['username', 'password']</msg>
<var>${expected_keysTwo}</var>
<arg>username</arg>
<arg>password</arg>
<doc>Returns a list containing given items.</doc>
<status status="PASS" start="2024-04-28T12:26:17.428079" elapsed="0.000161"/>
</kw>
<for flavor="IN">
<iter>
<kw name="Dictionary Should Contain Key" owner="Collections">
<msg time="2024-04-28T12:26:17.429153" level="INFO">False</msg>
<arg>${json_data['results'][0]['login']}</arg>
<arg>${keyTwo}</arg>
<doc>Fails if ``key`` is not found from ``dictionary``.</doc>
<status status="PASS" start="2024-04-28T12:26:17.428737" elapsed="0.000463"/>
</kw>
<kw name="Dictionary Should Contain Key" owner="Collections">
<msg time="2024-04-28T12:26:17.429884" level="INFO">False</msg>
<arg>${json_data['results'][0]['login']}</arg>
<arg>${keyTwo}</arg>
<doc>Fails if ``key`` is not found from ``dictionary``.</doc>
<status status="PASS" start="2024-04-28T12:26:17.429495" elapsed="0.000426"/>
</kw>
<kw name="Log" owner="BuiltIn">
<msg time="2024-04-28T12:26:17.430336" level="INFO">username</msg>
<arg>${keyTwo}</arg>
<doc>Logs the given message with the given level.</doc>
<status status="PASS" start="2024-04-28T12:26:17.430211" elapsed="0.000168"/>
</kw>
<var name="${keyTwo}">username</var>
<status status="PASS" start="2024-04-28T12:26:17.428627" elapsed="0.001967"/>
</iter>
<iter>
<kw name="Dictionary Should Contain Key" owner="Collections">
<msg time="2024-04-28T12:26:17.431252" level="INFO">False</msg>
<arg>${json_data['results'][0]['login']}</arg>
<arg>${keyTwo}</arg>
<doc>Fails if ``key`` is not found from ``dictionary``.</doc>
<status status="PASS" start="2024-04-28T12:26:17.430872" elapsed="0.000423"/>
</kw>
<kw name="Dictionary Should Contain Key" owner="Collections">
<msg time="2024-04-28T12:26:17.432042" level="INFO">False</msg>
<arg>${json_data['results'][0]['login']}</arg>
<arg>${keyTwo}</arg>
<doc>Fails if ``key`` is not found from ``dictionary``.</doc>
<status status="PASS" start="2024-04-28T12:26:17.431586" elapsed="0.000495"/>
</kw>
<kw name="Log" owner="BuiltIn">
<msg time="2024-04-28T12:26:17.432502" level="INFO">password</msg>
<arg>${keyTwo}</arg>
<doc>Logs the given message with the given level.</doc>
<status status="PASS" start="2024-04-28T12:26:17.432375" elapsed="0.000166"/>
</kw>
<var name="${keyTwo}">password</var>
<status status="PASS" start="2024-04-28T12:26:17.430765" elapsed="0.001994"/>
</iter>
<var>${keyTwo}</var>
<value>@{expected_keysTwo}</value>
<status status="PASS" start="2024-04-28T12:26:17.428476" elapsed="0.004406"/>
</for>
<status status="PASS" start="2024-04-28T12:26:17.321297" elapsed="0.111726"/>
</kw>
<doc>Testa a estrutura da resposta da API.</doc>
<tag>testeEstruturaResposta</tag>
<status status="PASS" start="2024-04-28T12:26:17.320758" elapsed="0.112448"/>
</test>
<test id="s1-s1-t4" name="Validar tipos de dados" line="28">
<kw name="Teste de Tipos de Dados" owner="random-user-service">
<kw name="GET On Session" owner="RequestsLibrary">
<msg time="2024-04-28T12:26:17.517575" level="INFO">GET Request : url=https://randomuser.me/api 
 path_url=/api 
 headers={'User-Agent': 'python-requests/2.31.0', 'Accept-Encoding': 'gzip, deflate', 'Accept': '*/*', 'Connection': 'keep-alive'} 
 body=None 
 </msg>
<msg time="2024-04-28T12:26:17.517651" level="INFO">GET Response : url=https://randomuser.me/api 
 status=200, reason=OK 
 headers={'Date': 'Sun, 28 Apr 2024 12:26:17 GMT', 'Content-Type': 'application/json; charset=utf-8', 'Transfer-Encoding': 'chunked', 'Connection': 'keep-alive', 'X-Powered-By': 'Express', 'Access-Control-Allow-Origin': '*', 'Cache-Control': 'no-cache', 'ETag': 'W/"494-e8rxd3Iol1YDayURS1RWz7hMunE"', 'Vary': 'Accept-Encoding', 'Content-Encoding': 'gzip', 'CF-Cache-Status': 'DYNAMIC', 'Report-To': '{"endpoints":[{"url":"https:\\/\\/a.nel.cloudflare.com\\/report\\/v4?s=Gjb5XYGVTposmYTf8gZhARIffTstWQurcKXVNsV%2FqLj0yH1tlQuF4nc3CH5PfInYoIlmG4xvlWC0%2FXWg%2BoXjPvZUjFOvSXJ6DId7iLOOX7fgUaMKt6Zn9mUhblX9uZry"}],"group":"cf-nel","max_age":604800}', 'NEL': '{"success_fraction":0,"report_to":"cf-nel","max_age":604800}', 'Server': 'cloudflare', 'CF-RAY': '87b70a3308ef1601-SJC', 'alt-svc': 'h3=":443"; ma=86400'} 
 body={"results":[{"gender":"male","name":{"title":"Mr","first":"Ian","last":"Marshall"},"location":{"street":{"number":2752,"name":"W 6th St"},"city":"Albury","state":"New South Wales","country":"Australia","postcode":3985,"coordinates":{"latitude":"-81.7761","longitude":"-0.1100"},"timezone":{"offset":"+5:00","description":"Ekaterinburg, Islamabad, Karachi, Tashkent"}},"email":"ian.marshall@example.com","login":{"uuid":"68a4d02f-9788-464a-a134-e6d22aec2b73","username":"blueelephant907","password":"australia","salt":"KEFFzrNM","md5":"e9596515d8f2f3f67249b5f611073919","sha1":"60024bd193fb925b7812d40dead69cedd285a483","sha256":"ce4afe49ace018ab023b05ae243aed5df17b433a379c1d744b63a2bb953fc4ef"},"dob":{"date":"1967-01-30T04:23:13.592Z","age":57},"registered":{"date":"2018-09-21T21:13:32.358Z","age":5},"phone":"01-6971-7411","cell":"0487-978-349","id":{"name":"TFN","value":"469278211"},"picture":{"large":"https://randomuser.me/api/portraits/men/12.jpg","medium":"https://randomuser.me/api/portraits/med/men/12.jpg","thumbnail":"https://randomuser.me/api/portraits/thumb/men/12.jpg"},"nat":"AU"}],"info":{"seed":"180950d245533d07","results":1,"page":1,"version":"1.4"}} 
 </msg>
<msg time="2024-04-28T12:26:17.517717" level="INFO">/opt/hostedtoolcache/Python/3.12.3/x64/lib/python3.12/site-packages/urllib3/connectionpool.py:1103: InsecureRequestWarning: Unverified HTTPS request is being made to host 'randomuser.me'. Adding certificate verification is strongly advised. See: https://urllib3.readthedocs.io/en/latest/advanced-usage.html#tls-warnings
  warnings.warn(</msg>
<msg time="2024-04-28T12:26:17.517806" level="INFO">${response} = &lt;Response [200]&gt;</msg>
<var>${response}</var>
<arg>consultarAPI</arg>
<arg>/api</arg>
<doc>Sends a GET request on a previously created HTTP Session.</doc>
<status status="PASS" start="2024-04-28T12:26:17.435713" elapsed="0.082134"/>
</kw>
<kw name="Set Variable" owner="BuiltIn">
<msg time="2024-04-28T12:26:17.518904" level="INFO">${json_data} = {'results': [{'gender': 'male', 'name': {'title': 'Mr', 'first': 'Ian', 'last': 'Marshall'}, 'location': {'street': {'number': 2752, 'name': 'W 6th St'}, 'city': 'Albury', 'state': 'New South Wales', ...</msg>
<var>${json_data}</var>
<arg>${response.json()}</arg>
<doc>Returns the given values which can then be assigned to a variables.</doc>
<status status="PASS" start="2024-04-28T12:26:17.518309" elapsed="0.000624"/>
</kw>
<kw name="Log" owner="BuiltIn">
<msg time="2024-04-28T12:26:17.519391" level="INFO">{'results': [{'gender': 'male', 'name': {'title': 'Mr', 'first': 'Ian', 'last': 'Marshall'}, 'location': {'street': {'number': 2752, 'name': 'W 6th St'}, 'city': 'Albury', 'state': 'New South Wales', 'country': 'Australia', 'postcode': 3985, 'coordinates': {'latitude': '-81.7761', 'longitude': '-0.1100'}, 'timezone': {'offset': '+5:00', 'description': 'Ekaterinburg, Islamabad, Karachi, Tashkent'}}, 'email': 'ian.marshall@example.com', 'login': {'uuid': '68a4d02f-9788-464a-a134-e6d22aec2b73', 'username': 'blueelephant907', 'password': 'australia', 'salt': 'KEFFzrNM', 'md5': 'e9596515d8f2f3f67249b5f611073919', 'sha1': '60024bd193fb925b7812d40dead69cedd285a483', 'sha256': 'ce4afe49ace018ab023b05ae243aed5df17b433a379c1d744b63a2bb953fc4ef'}, 'dob': {'date': '1967-01-30T04:23:13.592Z', 'age': 57}, 'registered': {'date': '2018-09-21T21:13:32.358Z', 'age': 5}, 'phone': '01-6971-7411', 'cell': '0487-978-349', 'id': {'name': 'TFN', 'value': '469278211'}, 'picture': {'large': 'https://randomuser.me/api/portraits/men/12.jpg', 'medium': 'https://randomuser.me/api/portraits/med/men/12.jpg', 'thumbnail': 'https://randomuser.me/api/portraits/thumb/men/12.jpg'}, 'nat': 'AU'}], 'info': {'seed': '180950d245533d07', 'results': 1, 'page': 1, 'version': '1.4'}}</msg>
<arg>${json_data}</arg>
<doc>Logs the given message with the given level.</doc>
<status status="PASS" start="2024-04-28T12:26:17.519240" elapsed="0.000229"/>
</kw>
<kw name="Should Be String" owner="String">
<arg>${json_data['results'][0]['gender']}</arg>
<doc>Fails if the given ``item`` is not a string.</doc>
<status status="PASS" start="2024-04-28T12:26:17.519770" elapsed="0.000353"/>
</kw>
<kw name="Should Match Regexp" owner="BuiltIn">
<arg>${json_data['results'][0]['email']}</arg>
<arg>^[a-zA-Z0-9._%+-]+@[a-zA-Z0-9.-]+\.[a-zA-Z]{2,}$</arg>
<doc>Fails if ``string`` does not match ``pattern`` as a regular expression.</doc>
<status status="PASS" start="2024-04-28T12:26:17.520316" elapsed="0.000631"/>
</kw>
<kw name="Should Match Regexp" owner="BuiltIn">
<arg>${json_data['results'][0]['dob']['date']}</arg>
<arg>\\d{4}-\\d{2}-\\d{2}T\\d{2}:\\d{2}:\\d{2}\\.\\d{3}Z</arg>
<doc>Fails if ``string`` does not match ``pattern`` as a regular expression.</doc>
<status status="PASS" start="2024-04-28T12:26:17.521262" elapsed="0.000746"/>
</kw>
<kw name="Should Match Regexp" owner="BuiltIn">
<arg>${json_data['results'][0]['registered']['date']}</arg>
<arg>\\d{4}-\\d{2}-\\d{2}T\\d{2}:\\d{2}:\\d{2}\\.\\d{3}Z</arg>
<doc>Fails if ``string`` does not match ``pattern`` as a regular expression.</doc>
<status status="PASS" start="2024-04-28T12:26:17.522264" elapsed="0.000385"/>
</kw>
<kw name="Should Match Regexp" owner="BuiltIn">
<arg>${json_data['results'][0]['picture']['large']}</arg>
<arg>^https?://.*\.(?:png|jpe?g|gif|bmp)$</arg>
<doc>Fails if ``string`` does not match ``pattern`` as a regular expression.</doc>
<status status="PASS" start="2024-04-28T12:26:17.522842" elapsed="0.000470"/>
</kw>
<kw name="Should Match Regexp" owner="BuiltIn">
<arg>${json_data['results'][0]['picture']['medium']}</arg>
<arg>^https?://.*\.(?:png|jpe?g|gif|bmp)$</arg>
<doc>Fails if ``string`` does not match ``pattern`` as a regular expression.</doc>
<status status="PASS" start="2024-04-28T12:26:17.523509" elapsed="0.000375"/>
</kw>
<kw name="Should Match Regexp" owner="BuiltIn">
<arg>${json_data['results'][0]['picture']['thumbnail']}</arg>
<arg>^https?://.*\.(?:png|jpe?g|gif|bmp)$</arg>
<doc>Fails if ``string`` does not match ``pattern`` as a regular expression.</doc>
<status status="PASS" start="2024-04-28T12:26:17.524080" elapsed="0.000351"/>
</kw>
<kw name="Log" owner="BuiltIn">
<msg time="2024-04-28T12:26:17.524938" level="INFO">{'large': 'https://randomuser.me/api/portraits/men/12.jpg', 'medium': 'https://randomuser.me/api/portraits/med/men/12.jpg', 'thumbnail': 'https://randomuser.me/api/portraits/thumb/men/12.jpg'}</msg>
<arg>${json_data['results'][0]['picture']}</arg>
<doc>Logs the given message with the given level.</doc>
<status status="PASS" start="2024-04-28T12:26:17.524614" elapsed="0.000366"/>
</kw>
<status status="PASS" start="2024-04-28T12:26:17.435490" elapsed="0.089770"/>
</kw>
<kw name="Teste de Tipos de Dados - Postcode" owner="random-user-service">
<kw name="GET On Session" owner="RequestsLibrary">
<msg time="2024-04-28T12:26:17.805030" level="INFO">GET Request : url=https://randomuser.me/api 
 path_url=/api 
 headers={'User-Agent': 'python-requests/2.31.0', 'Accept-Encoding': 'gzip, deflate', 'Accept': '*/*', 'Connection': 'keep-alive'} 
 body=None 
 </msg>
<msg time="2024-04-28T12:26:17.805154" level="INFO">GET Response : url=https://randomuser.me/api 
 status=200, reason=OK 
 headers={'Date': 'Sun, 28 Apr 2024 12:26:17 GMT', 'Content-Type': 'application/json; charset=utf-8', 'Transfer-Encoding': 'chunked', 'Connection': 'keep-alive', 'X-Powered-By': 'Express', 'Access-Control-Allow-Origin': '*', 'Cache-Control': 'no-cache', 'ETag': 'W/"475-VdJNPrNTI/juQgpS7d9A+SGbRgw"', 'Vary': 'Accept-Encoding', 'Content-Encoding': 'gzip', 'CF-Cache-Status': 'DYNAMIC', 'Report-To': '{"endpoints":[{"url":"https:\\/\\/a.nel.cloudflare.com\\/report\\/v4?s=KdMJz8aOrcxFGIhPG2E2jXalvdzM%2FpkVIcIYsXOI3P1dobct%2B3asm30C8e9jZ2ADoLGxAlWtT5RSFtRzimx5gHStetThdEbo0V6u6cBzBF9i7TawdPPqE50UgvTo3BQ%2F"}],"group":"cf-nel","max_age":604800}', 'NEL': '{"success_fraction":0,"report_to":"cf-nel","max_age":604800}', 'Server': 'cloudflare', 'CF-RAY': '87b70a3399371601-SJC', 'alt-svc': 'h3=":443"; ma=86400'} 
 body={"results":[{"gender":"male","name":{"title":"Mr","first":"Dan","last":"Jennings"},"location":{"street":{"number":5261,"name":"Alexander Road"},"city":"Galway","state":"Offaly","country":"Ireland","postcode":65731,"coordinates":{"latitude":"2.9302","longitude":"-26.7028"},"timezone":{"offset":"-11:00","description":"Midway Island, Samoa"}},"email":"dan.jennings@example.com","login":{"uuid":"370806b9-de43-4405-88de-b8f1162be94d","username":"ticklishswan767","password":"kingston","salt":"Z5tnqdws","md5":"7876d04f71d8c6adc55acc29f9947aee","sha1":"2524d100227546db329d3a6e697301f46be98e5a","sha256":"e703834c3fe8a92f8399f01f126f66b38ff1bb9bf2794534d17f0b3399e6b82c"},"dob":{"date":"1975-01-26T17:03:14.789Z","age":49},"registered":{"date":"2021-04-28T05:10:07.034Z","age":3},"phone":"011-416-9528","cell":"081-801-4565","id":{"name":"PPS","value":"6023451T"},"picture":{"large":"https://randomuser.me/api/portraits/men/9.jpg","medium":"https://randomuser.me/api/portraits/med/men/9.jpg","thumbnail":"https://randomuser.me/api/portraits/thumb/men/9.jpg"},"nat":"IE"}],"info":{"seed":"a5c7a076f4e07cdc","results":1,"page":1,"version":"1.4"}} 
 </msg>
<msg time="2024-04-28T12:26:17.805238" level="INFO">/opt/hostedtoolcache/Python/3.12.3/x64/lib/python3.12/site-packages/urllib3/connectionpool.py:1103: InsecureRequestWarning: Unverified HTTPS request is being made to host 'randomuser.me'. Adding certificate verification is strongly advised. See: https://urllib3.readthedocs.io/en/latest/advanced-usage.html#tls-warnings
  warnings.warn(</msg>
<msg time="2024-04-28T12:26:17.805354" level="INFO">${response} = &lt;Response [200]&gt;</msg>
<var>${response}</var>
<arg>consultarAPI</arg>
<arg>/api</arg>
<doc>Sends a GET request on a previously created HTTP Session.</doc>
<status status="PASS" start="2024-04-28T12:26:17.525710" elapsed="0.279686"/>
</kw>
<kw name="Set Variable" owner="BuiltIn">
<msg time="2024-04-28T12:26:17.806550" level="INFO">${json_data} = {'results': [{'gender': 'male', 'name': {'title': 'Mr', 'first': 'Dan', 'last': 'Jennings'}, 'location': {'street': {'number': 5261, 'name': 'Alexander Road'}, 'city': 'Galway', 'state': 'Offaly', 'co...</msg>
<var>${json_data}</var>
<arg>${response.json()}</arg>
<doc>Returns the given values which can then be assigned to a variables.</doc>
<status status="PASS" start="2024-04-28T12:26:17.805893" elapsed="0.000686"/>
</kw>
<kw name="Log" owner="BuiltIn">
<msg time="2024-04-28T12:26:17.807039" level="INFO">{'results': [{'gender': 'male', 'name': {'title': 'Mr', 'first': 'Dan', 'last': 'Jennings'}, 'location': {'street': {'number': 5261, 'name': 'Alexander Road'}, 'city': 'Galway', 'state': 'Offaly', 'country': 'Ireland', 'postcode': 65731, 'coordinates': {'latitude': '2.9302', 'longitude': '-26.7028'}, 'timezone': {'offset': '-11:00', 'description': 'Midway Island, Samoa'}}, 'email': 'dan.jennings@example.com', 'login': {'uuid': '370806b9-de43-4405-88de-b8f1162be94d', 'username': 'ticklishswan767', 'password': 'kingston', 'salt': 'Z5tnqdws', 'md5': '7876d04f71d8c6adc55acc29f9947aee', 'sha1': '2524d100227546db329d3a6e697301f46be98e5a', 'sha256': 'e703834c3fe8a92f8399f01f126f66b38ff1bb9bf2794534d17f0b3399e6b82c'}, 'dob': {'date': '1975-01-26T17:03:14.789Z', 'age': 49}, 'registered': {'date': '2021-04-28T05:10:07.034Z', 'age': 3}, 'phone': '011-416-9528', 'cell': '081-801-4565', 'id': {'name': 'PPS', 'value': '6023451T'}, 'picture': {'large': 'https://randomuser.me/api/portraits/men/9.jpg', 'medium': 'https://randomuser.me/api/portraits/med/men/9.jpg', 'thumbnail': 'https://randomuser.me/api/portraits/thumb/men/9.jpg'}, 'nat': 'IE'}], 'info': {'seed': 'a5c7a076f4e07cdc', 'results': 1, 'page': 1, 'version': '1.4'}}</msg>
<arg>${json_data}</arg>
<doc>Logs the given message with the given level.</doc>
<status status="PASS" start="2024-04-28T12:26:17.806887" elapsed="0.000228"/>
</kw>
<kw name="Should Be Equal As Numbers" owner="BuiltIn">
<arg>${json_data['results'][0]['location']['postcode']}</arg>
<arg>${json_data['results'][0]['location']['postcode']}</arg>
<doc>Fails if objects are unequal after converting them to real numbers.</doc>
<status status="PASS" start="2024-04-28T12:26:17.807411" elapsed="0.000736"/>
</kw>
<kw name="Log" owner="BuiltIn">
<msg time="2024-04-28T12:26:17.808670" level="INFO">65731</msg>
<arg>${json_data['results'][0]['location']['postcode']}</arg>
<doc>Logs the given message with the given level.</doc>
<status status="PASS" start="2024-04-28T12:26:17.808339" elapsed="0.000370"/>
</kw>
<status status="PASS" start="2024-04-28T12:26:17.525480" elapsed="0.283477"/>
</kw>
<doc>Testa se os tipos de dados na resposta da API estão corretos.</doc>
<tag>testeTiposDados</tag>
<status status="PASS" start="2024-04-28T12:26:17.434952" elapsed="0.374196"/>
</test>
<test id="s1-s1-t5" name="Validar conteudo" line="35">
<kw name="Teste de Tipos de Conteudo" owner="random-user-service">
<kw name="GET On Session" owner="RequestsLibrary">
<msg time="2024-04-28T12:26:17.904883" level="INFO">GET Request : url=https://randomuser.me/api 
 path_url=/api 
 headers={'User-Agent': 'python-requests/2.31.0', 'Accept-Encoding': 'gzip, deflate', 'Accept': '*/*', 'Connection': 'keep-alive'} 
 body=None 
 </msg>
<msg time="2024-04-28T12:26:17.904967" level="INFO">GET Response : url=https://randomuser.me/api 
 status=200, reason=OK 
 headers={'Date': 'Sun, 28 Apr 2024 12:26:17 GMT', 'Content-Type': 'application/json; charset=utf-8', 'Transfer-Encoding': 'chunked', 'Connection': 'keep-alive', 'X-Powered-By': 'Express', 'Access-Control-Allow-Origin': '*', 'Cache-Control': 'no-cache', 'ETag': 'W/"482-YGppZzzzEvf4Dzxcq1rbpLeQbYo"', 'Vary': 'Accept-Encoding', 'Content-Encoding': 'gzip', 'CF-Cache-Status': 'DYNAMIC', 'Report-To': '{"endpoints":[{"url":"https:\\/\\/a.nel.cloudflare.com\\/report\\/v4?s=OQUVcehq9yR3aj1Huiy3NZF2KpJABadvs28DYzRBIgj3s32m%2FXIEYtvPXe3kuHBAP4AQn2KYD0WWVOLEm6MoaUm4dWfd%2B1Emlz1Hm46mYCURDpDlS7yDx1tffy7ZIzAA"}],"group":"cf-nel","max_age":604800}', 'NEL': '{"success_fraction":0,"report_to":"cf-nel","max_age":604800}', 'Server': 'cloudflare', 'CF-RAY': '87b70a356a961601-SJC', 'alt-svc': 'h3=":443"; ma=86400'} 
 body={"results":[{"gender":"male","name":{"title":"Mr","first":"Naslav","last":"Lyashko"},"location":{"street":{"number":8321,"name":"Komsomolskiy prospekt"},"city":"Poltava","state":"Mikolayivska","country":"Ukraine","postcode":28767,"coordinates":{"latitude":"78.7495","longitude":"-161.5829"},"timezone":{"offset":"+7:00","description":"Bangkok, Hanoi, Jakarta"}},"email":"naslav.lyashko@example.com","login":{"uuid":"98dd6b83-fde3-464f-ae60-67b1a04ccff5","username":"greenbird466","password":"tickler","salt":"8Y4mzq0k","md5":"874fe056935cb107a5e744e4b40405a5","sha1":"d558cc2c503c9babe2a904c4b4d739ec0e355993","sha256":"30b37ff5bb3e5a138ee393283e3d232a357dacb351e0aa442c2510cbf4d34ae6"},"dob":{"date":"1969-11-18T05:08:19.611Z","age":54},"registered":{"date":"2016-10-31T20:03:28.517Z","age":7},"phone":"(097) B37-8993","cell":"(098) N96-9593","id":{"name":"","value":null},"picture":{"large":"https://randomuser.me/api/portraits/men/9.jpg","medium":"https://randomuser.me/api/portraits/med/men/9.jpg","thumbnail":"https://randomuser.me/api/portraits/thumb/men/9.jpg"},"nat":"UA"}],"info":{"seed":"e64437f975cd0d0f","results":1,"page":1,"version":"1.4"}} 
 </msg>
<msg time="2024-04-28T12:26:17.905044" level="INFO">/opt/hostedtoolcache/Python/3.12.3/x64/lib/python3.12/site-packages/urllib3/connectionpool.py:1103: InsecureRequestWarning: Unverified HTTPS request is being made to host 'randomuser.me'. Adding certificate verification is strongly advised. See: https://urllib3.readthedocs.io/en/latest/advanced-usage.html#tls-warnings
  warnings.warn(</msg>
<msg time="2024-04-28T12:26:17.905199" level="INFO">${response} = &lt;Response [200]&gt;</msg>
<var>${response}</var>
<arg>consultarAPI</arg>
<arg>/api</arg>
<doc>Sends a GET request on a previously created HTTP Session.</doc>
<status status="PASS" start="2024-04-28T12:26:17.811602" elapsed="0.093654"/>
</kw>
<kw name="Set Variable" owner="BuiltIn">
<msg time="2024-04-28T12:26:17.906407" level="INFO">${json_data} = {'results': [{'gender': 'male', 'name': {'title': 'Mr', 'first': 'Naslav', 'last': 'Lyashko'}, 'location': {'street': {'number': 8321, 'name': 'Komsomolskiy prospekt'}, 'city': 'Poltava', 'state': 'Mi...</msg>
<var>${json_data}</var>
<arg>${response.json()}</arg>
<doc>Returns the given values which can then be assigned to a variables.</doc>
<status status="PASS" start="2024-04-28T12:26:17.905793" elapsed="0.000644"/>
</kw>
<kw name="Set Variable" owner="BuiltIn">
<msg time="2024-04-28T12:26:17.907131" level="INFO">${name_title} = Mr</msg>
<var>${name_title}</var>
<arg>${json_data["results"][0]["name"]["title"]}</arg>
<doc>Returns the given values which can then be assigned to a variables.</doc>
<status status="PASS" start="2024-04-28T12:26:17.906739" elapsed="0.000417"/>
</kw>
<kw name="Create List" owner="BuiltIn">
<msg time="2024-04-28T12:26:17.907601" level="INFO">${allowed_titles} = ['Mr', 'Ms', 'Miss', 'Mrs', 'Madame', 'Monsieur']</msg>
<var>${allowed_titles}</var>
<arg>Mr</arg>
<arg>Ms</arg>
<arg>Miss</arg>
<arg>Mrs</arg>
<arg>Madame</arg>
<arg>Monsieur</arg>
<doc>Returns a list containing given items.</doc>
<status status="PASS" start="2024-04-28T12:26:17.907454" elapsed="0.000171"/>
</kw>
<kw name="List Should Contain Value" owner="Collections">
<msg time="2024-04-28T12:26:17.908091" level="INFO">False</msg>
<arg>${allowed_titles}</arg>
<arg>${name_title}</arg>
<doc>Fails if the ``value`` is not found from ``list``.</doc>
<status status="PASS" start="2024-04-28T12:26:17.907922" elapsed="0.000204"/>
</kw>
<kw name="Set Variable" owner="BuiltIn">
<msg time="2024-04-28T12:26:17.908794" level="INFO">${name_country} = UA</msg>
<var>${name_country}</var>
<arg>${json_data["results"][0]["nat"]}</arg>
<doc>Returns the given values which can then be assigned to a variables.</doc>
<status status="PASS" start="2024-04-28T12:26:17.908411" elapsed="0.000408"/>
</kw>
<kw name="Create List" owner="BuiltIn">
<msg time="2024-04-28T12:26:17.909735" level="INFO">${list_country} = ['AD', 'AE', 'AF', 'AG', 'AI', 'AL', 'AM', 'AO', 'AQ', 'AR', 'AS', 'AT', 'AU', 'AW', 'AX', 'AZ', 'BA', 'BB', 'BD', 'BE', 'BF', 'BG', 'BH', 'BI', 'BJ', 'BL', 'BM', 'BN', 'BO', 'BQ', 'BR', 'BS', 'BT', '...</msg>
<var>${list_country}</var>
<arg>AD</arg>
<arg>AE</arg>
<arg>AF</arg>
<arg>AG</arg>
<arg>AI</arg>
<arg>AL</arg>
<arg>AM</arg>
<arg>AO</arg>
<arg>AQ</arg>
<arg>AR</arg>
<arg>AS</arg>
<arg>AT</arg>
<arg>AU</arg>
<arg>AW</arg>
<arg>AX</arg>
<arg>AZ</arg>
<arg>BA</arg>
<arg>BB</arg>
<arg>BD</arg>
<arg>BE</arg>
<arg>BF</arg>
<arg>BG</arg>
<arg>BH</arg>
<arg>BI</arg>
<arg>BJ</arg>
<arg>BL</arg>
<arg>BM</arg>
<arg>BN</arg>
<arg>BO</arg>
<arg>BQ</arg>
<arg>BR</arg>
<arg>BS</arg>
<arg>BT</arg>
<arg>BV</arg>
<arg>BW</arg>
<arg>BY</arg>
<arg>BZ</arg>
<arg>CA</arg>
<arg>CC</arg>
<arg>CD</arg>
<arg>CF</arg>
<arg>CG</arg>
<arg>CH</arg>
<arg>CI</arg>
<arg>CK</arg>
<arg>CL</arg>
<arg>CM</arg>
<arg>CN</arg>
<arg>CO</arg>
<arg>CR</arg>
<arg>CU</arg>
<arg>CV</arg>
<arg>CW</arg>
<arg>CX</arg>
<arg>CY</arg>
<arg>CZ</arg>
<arg>DE</arg>
<arg>DJ</arg>
<arg>DK</arg>
<arg>DM</arg>
<arg>DO</arg>
<arg>DZ</arg>
<arg>EC</arg>
<arg>EE</arg>
<arg>EG</arg>
<arg>EH</arg>
<arg>ER</arg>
<arg>ES</arg>
<arg>ET</arg>
<arg>FI</arg>
<arg>FJ</arg>
<arg>FK</arg>
<arg>FM</arg>
<arg>FO</arg>
<arg>FR</arg>
<arg>GA</arg>
<arg>GB</arg>
<arg>GD</arg>
<arg>GE</arg>
<arg>GF</arg>
<arg>GG</arg>
<arg>GH</arg>
<arg>GI</arg>
<arg>GL</arg>
<arg>GM</arg>
<arg>GN</arg>
<arg>GP</arg>
<arg>GQ</arg>
<arg>GR</arg>
<arg>GS</arg>
<arg>GT</arg>
<arg>GU</arg>
<arg>GW</arg>
<arg>GY</arg>
<arg>HK</arg>
<arg>HM</arg>
<arg>HN</arg>
<arg>HR</arg>
<arg>HT</arg>
<arg>HU</arg>
<arg>ID</arg>
<arg>IE</arg>
<arg>IL</arg>
<arg>IM</arg>
<arg>IN</arg>
<arg>IO</arg>
<arg>IQ</arg>
<arg>IR</arg>
<arg>IS</arg>
<arg>IT</arg>
<arg>JE</arg>
<arg>JM</arg>
<arg>JO</arg>
<arg>JP</arg>
<arg>KE</arg>
<arg>KG</arg>
<arg>KH</arg>
<arg>KI</arg>
<arg>KM</arg>
<arg>KN</arg>
<arg>KP</arg>
<arg>KR</arg>
<arg>KW</arg>
<arg>KY</arg>
<arg>KZ</arg>
<arg>LA</arg>
<arg>LB</arg>
<arg>LC</arg>
<arg>LI</arg>
<arg>LK</arg>
<arg>LR</arg>
<arg>LS</arg>
<arg>LT</arg>
<arg>LU</arg>
<arg>LV</arg>
<arg>LY</arg>
<arg>MA</arg>
<arg>MC</arg>
<arg>MD</arg>
<arg>ME</arg>
<arg>MF</arg>
<arg>MG</arg>
<arg>MH</arg>
<arg>MK</arg>
<arg>ML</arg>
<arg>MM</arg>
<arg>MN</arg>
<arg>MO</arg>
<arg>MP</arg>
<arg>MQ</arg>
<arg>MR</arg>
<arg>MS</arg>
<arg>MT</arg>
<arg>MU</arg>
<arg>MV</arg>
<arg>MW</arg>
<arg>MX</arg>
<arg>MY</arg>
<arg>MZ</arg>
<arg>NA</arg>
<arg>NC</arg>
<arg>NE</arg>
<arg>NF</arg>
<arg>NG</arg>
<arg>NI</arg>
<arg>NL</arg>
<arg>NO</arg>
<arg>NP</arg>
<arg>NR</arg>
<arg>NU</arg>
<arg>NZ</arg>
<arg>OM</arg>
<arg>PA</arg>
<arg>PE</arg>
<arg>PF</arg>
<arg>PG</arg>
<arg>PH</arg>
<arg>PK</arg>
<arg>PL</arg>
<arg>PM</arg>
<arg>PN</arg>
<arg>PR</arg>
<arg>PS</arg>
<arg>PT</arg>
<arg>PW</arg>
<arg>PY</arg>
<arg>QA</arg>
<arg>RE</arg>
<arg>RO</arg>
<arg>RS</arg>
<arg>RU</arg>
<arg>RW</arg>
<arg>SA</arg>
<arg>SB</arg>
<arg>SC</arg>
<arg>SD</arg>
<arg>SE</arg>
<arg>SG</arg>
<arg>SH</arg>
<arg>SI</arg>
<arg>SJ</arg>
<arg>SK</arg>
<arg>SL</arg>
<arg>SM</arg>
<arg>SN</arg>
<arg>SO</arg>
<arg>SR</arg>
<arg>SS</arg>
<arg>ST</arg>
<arg>SV</arg>
<arg>SX</arg>
<arg>SY</arg>
<arg>SZ</arg>
<arg>TC</arg>
<arg>TD</arg>
<arg>TF</arg>
<arg>TG</arg>
<arg>TH</arg>
<arg>TJ</arg>
<arg>TK</arg>
<arg>TL</arg>
<arg>TM</arg>
<arg>TN</arg>
<arg>TO</arg>
<arg>TR</arg>
<arg>TT</arg>
<arg>TV</arg>
<arg>TW</arg>
<arg>TZ</arg>
<arg>UA</arg>
<arg>UG</arg>
<arg>UM</arg>
<arg>US</arg>
<arg>UY</arg>
<arg>UZ</arg>
<arg>VA</arg>
<arg>VC</arg>
<arg>VE</arg>
<arg>VG</arg>
<arg>VI</arg>
<arg>VN</arg>
<arg>VU</arg>
<arg>WF</arg>
<arg>WS</arg>
<arg>XK</arg>
<arg>YE</arg>
<arg>YT</arg>
<arg>ZA</arg>
<arg>ZM</arg>
<arg>ZW</arg>
<doc>Returns a list containing given items.</doc>
<status status="PASS" start="2024-04-28T12:26:17.909139" elapsed="0.000621"/>
</kw>
<kw name="List Should Contain Value" owner="Collections">
<msg time="2024-04-28T12:26:17.910742" level="INFO">False</msg>
<arg>${list_country}</arg>
<arg>${name_country}</arg>
<doc>Fails if the ``value`` is not found from ``list``.</doc>
<status status="PASS" start="2024-04-28T12:26:17.910545" elapsed="0.000233"/>
</kw>
<kw name="Run Keyword If" owner="BuiltIn">
<kw name="Should Be True" owner="BuiltIn">
<arg>${True}</arg>
<doc>Fails if the given condition is not true.</doc>
<status status="PASS" start="2024-04-28T12:26:17.911840" elapsed="0.000141"/>
</kw>
<arg>${json_data["results"][0]["location"]["coordinates"]["latitude"]} &gt;= -90 and ${json_data["results"][0]["location"]["coordinates"]["latitude"]} &lt;= 90</arg>
<arg>Should Be True</arg>
<arg>${True}</arg>
<doc>Runs the given keyword with the given arguments, if ``condition`` is true.</doc>
<status status="PASS" start="2024-04-28T12:26:17.911084" elapsed="0.001022"/>
</kw>
<kw name="Run Keyword If" owner="BuiltIn">
<kw name="Should Be True" owner="BuiltIn">
<arg>${True}</arg>
<doc>Fails if the given condition is not true.</doc>
<status status="PASS" start="2024-04-28T12:26:17.912978" elapsed="0.000262"/>
</kw>
<arg>${json_data["results"][0]["location"]["coordinates"]["longitude"]} &gt;= -180 and ${json_data["results"][0]["location"]["coordinates"]["longitude"]} &lt;= 180</arg>
<arg>Should Be True</arg>
<arg>${True}</arg>
<doc>Runs the given keyword with the given arguments, if ``condition`` is true.</doc>
<status status="PASS" start="2024-04-28T12:26:17.912288" elapsed="0.001079"/>
</kw>
<status status="PASS" start="2024-04-28T12:26:17.811384" elapsed="0.102112"/>
</kw>
<doc>Testa o conteúdo específico dos campos retornados pela API.</doc>
<tag>testeConteudo</tag>
<status status="PASS" start="2024-04-28T12:26:17.810878" elapsed="0.102758"/>
</test>
<status status="PASS" start="2024-04-28T12:26:16.875591" elapsed="1.039964"/>
</suite>
<status status="PASS" start="2024-04-28T12:26:16.862372" elapsed="1.058291"/>
</suite>
<statistics>
<total>
<stat pass="5" fail="0" skip="0">All Tests</stat>
</total>
<tag>
<stat pass="1" fail="0" skip="0">testeConteudo</stat>
<stat pass="1" fail="0" skip="0">testeEstruturaResposta</stat>
<stat pass="1" fail="0" skip="0">testeRequisicaoBasica</stat>
<stat pass="1" fail="0" skip="0">testeTiposDados</stat>
</tag>
<suite>
<stat pass="5" fail="0" skip="0" id="s1" name="Tests">Tests</stat>
<stat pass="5" fail="0" skip="0" id="s1-s1" name="Random-User-Test">Tests.Random-User-Test</stat>
</suite>
</statistics>
<errors>
</errors>
</robot>
