<?xml version="1.0" encoding="UTF-8"?>
<robot generator="Robot 7.0.1 (Python 3.12.4 on linux)" generated="2024-07-02T12:27:03.749637" rpa="false" schemaversion="5">
<suite id="s1" name="Tests" source="/home/runner/work/ApiRandomUser/ApiRandomUser/RamdonUser/tests">
<suite id="s1-s1" name="Random-User-Test" source="/home/runner/work/ApiRandomUser/ApiRandomUser/RamdonUser/tests/random-user-test.robot">
<test id="s1-s1-t1" name="Conectar" line="13">
<kw name="Conectar API" owner="random-user-service">
<kw name="Create Session" owner="RequestsLibrary">
<msg time="2024-07-02T12:27:04.159831" level="INFO">Creating Session using : alias=consultarAPI, url=https://randomuser.me/, headers={},                     cookies={}, auth=None, timeout=None, proxies=None, verify=False,                     debug=0 </msg>
<arg>consultarAPI</arg>
<arg>${URL}</arg>
<doc>Create Session: create a HTTP session to a server</doc>
<status status="PASS" start="2024-07-02T12:27:04.159617" elapsed="0.000408"/>
</kw>
<status status="PASS" start="2024-07-02T12:27:04.158628" elapsed="0.001773"/>
</kw>
<status status="PASS" start="2024-07-02T12:27:04.157974" elapsed="0.002625"/>
</test>
<test id="s1-s1-t2" name="Validar retorno 200 e JSON Válido" line="16">
<kw name="Teste de Requisicao Basica" owner="random-user-service">
<kw name="GET On Session" owner="RequestsLibrary">
<msg time="2024-07-02T12:27:04.409716" level="INFO">GET Request : url=https://randomuser.me/api 
 path_url=/api 
 headers={'User-Agent': 'python-requests/2.32.3', 'Accept-Encoding': 'gzip, deflate', 'Accept': '*/*', 'Connection': 'keep-alive'} 
 body=None 
 </msg>
<msg time="2024-07-02T12:27:04.409868" level="INFO">GET Response : url=https://randomuser.me/api 
 status=200, reason=OK 
 headers={'Date': 'Tue, 02 Jul 2024 12:27:04 GMT', 'Content-Type': 'application/json; charset=utf-8', 'Transfer-Encoding': 'chunked', 'Connection': 'keep-alive', 'X-Powered-By': 'Express', 'Access-Control-Allow-Origin': '*', 'Cache-Control': 'no-cache', 'ETag': 'W/"487-jERGLokXIvwQxqpBIb1lv4mqgjI"', 'Vary': 'Accept-Encoding', 'Content-Encoding': 'gzip', 'CF-Cache-Status': 'DYNAMIC', 'Report-To': '{"endpoints":[{"url":"https:\\/\\/a.nel.cloudflare.com\\/report\\/v4?s=t3fe7hbhaWkGpLWGD8nzuA84SrsZF3m3oS9EH%2FWUKzZ%2BnVhItchtVbgcjYJm7s0zHm1eXnQ9pcH8NZh1Hp%2Br%2BDGQ4LrcKqr8vPUR4M%2FCnEI0Q7GANfPD5DgOcWfrqXe%2B"}],"group":"cf-nel","max_age":604800}', 'NEL': '{"success_fraction":0,"report_to":"cf-nel","max_age":604800}', 'Server': 'cloudflare', 'CF-RAY': '89cea0b84bf13b06-IAD', 'alt-svc': 'h3=":443"; ma=86400'} 
 body={"results":[{"gender":"male","name":{"title":"Mr","first":"Toivo","last":"Seppala"},"location":{"street":{"number":235,"name":"Aleksanterinkatu"},"city":"Kauhajoki","state":"North Karelia","country":"Finland","postcode":50573,"coordinates":{"latitude":"-22.0782","longitude":"-33.1367"},"timezone":{"offset":"+9:30","description":"Adelaide, Darwin"}},"email":"toivo.seppala@example.com","login":{"uuid":"ede00457-67b9-4f39-9a67-c503cc8eb939","username":"happykoala776","password":"peggy","salt":"ADQL8nKZ","md5":"f33459c90a646589dd0bb27dfd3dbfdf","sha1":"eb42ffa6162e3de4049969559ac4a1c9edc5e706","sha256":"70a9ded22548494250ef8d303e83f2087b2b9b6c90f268c51bf77b2973e880d3"},"dob":{"date":"1963-03-23T22:31:11.199Z","age":61},"registered":{"date":"2002-06-15T14:18:45.367Z","age":22},"phone":"08-758-761","cell":"046-704-38-93","id":{"name":"HETU","value":"NaNNA445undefined"},"picture":{"large":"https://randomuser.me/api/portraits/men/22.jpg","medium":"https://randomuser.me/api/portraits/med/men/22.jpg","thumbnail":"https://randomuser.me/api/portraits/thumb/men/22.jpg"},"nat":"FI"}],"info":{"seed":"0ca4fd32e6282f0c","results":1,"page":1,"version":"1.4"}} 
 </msg>
<msg time="2024-07-02T12:27:04.409963" level="INFO">/opt/hostedtoolcache/Python/3.12.4/x64/lib/python3.12/site-packages/urllib3/connectionpool.py:1099: InsecureRequestWarning: Unverified HTTPS request is being made to host 'randomuser.me'. Adding certificate verification is strongly advised. See: https://urllib3.readthedocs.io/en/latest/advanced-usage.html#tls-warnings
  warnings.warn(</msg>
<msg time="2024-07-02T12:27:04.410120" level="INFO">${response} = &lt;Response [200]&gt;</msg>
<var>${response}</var>
<arg>consultarAPI</arg>
<arg>/api</arg>
<doc>Sends a GET request on a previously created HTTP Session.</doc>
<status status="PASS" start="2024-07-02T12:27:04.163336" elapsed="0.246829"/>
</kw>
<kw name="Should Be Equal As Numbers" owner="BuiltIn">
<msg time="2024-07-02T12:27:04.411359" level="INFO">Argument types are:
&lt;class 'int'&gt;
&lt;class 'str'&gt;</msg>
<arg>${response.status_code}</arg>
<arg>200</arg>
<doc>Fails if objects are unequal after converting them to real numbers.</doc>
<status status="PASS" start="2024-07-02T12:27:04.410840" elapsed="0.000588"/>
</kw>
<kw name="Log" owner="BuiltIn">
<msg time="2024-07-02T12:27:04.412153" level="INFO">200</msg>
<arg>${response.status_code}</arg>
<doc>Logs the given message with the given level.</doc>
<status status="PASS" start="2024-07-02T12:27:04.411787" elapsed="0.000410"/>
</kw>
<kw name="Set Variable" owner="BuiltIn">
<msg time="2024-07-02T12:27:04.412957" level="INFO">${json_data} = {'results': [{'gender': 'male', 'name': {'title': 'Mr', 'first': 'Toivo', 'last': 'Seppala'}, 'location': {'street': {'number': 235, 'name': 'Aleksanterinkatu'}, 'city': 'Kauhajoki', 'state': 'North K...</msg>
<var>${json_data}</var>
<arg>${response.json()}</arg>
<doc>Returns the given values which can then be assigned to a variables.</doc>
<status status="PASS" start="2024-07-02T12:27:04.412513" elapsed="0.000471"/>
</kw>
<kw name="Dictionary Should Contain Key" owner="Collections">
<arg>${json_data}</arg>
<arg>results</arg>
<doc>Fails if ``key`` is not found from ``dictionary``.</doc>
<status status="PASS" start="2024-07-02T12:27:04.413286" elapsed="0.000167"/>
</kw>
<status status="PASS" start="2024-07-02T12:27:04.163079" elapsed="0.250561"/>
</kw>
<doc>Testa se a API responde corretamente e retorna um objeto JSON válido.</doc>
<tag>testeRequisicaoBasica</tag>
<status status="PASS" start="2024-07-02T12:27:04.162544" elapsed="0.251295"/>
</test>
<test id="s1-s1-t3" name="Validar estrutura de resposta" line="22">
<kw name="Teste de Estrutura de Resposta" owner="random-user-service">
<kw name="GET On Session" owner="RequestsLibrary">
<msg time="2024-07-02T12:27:04.508120" level="INFO">GET Request : url=https://randomuser.me/api 
 path_url=/api 
 headers={'User-Agent': 'python-requests/2.32.3', 'Accept-Encoding': 'gzip, deflate', 'Accept': '*/*', 'Connection': 'keep-alive'} 
 body=None 
 </msg>
<msg time="2024-07-02T12:27:04.508224" level="INFO">GET Response : url=https://randomuser.me/api 
 status=200, reason=OK 
 headers={'Date': 'Tue, 02 Jul 2024 12:27:04 GMT', 'Content-Type': 'application/json; charset=utf-8', 'Transfer-Encoding': 'chunked', 'Connection': 'keep-alive', 'X-Powered-By': 'Express', 'Access-Control-Allow-Origin': '*', 'Cache-Control': 'no-cache', 'ETag': 'W/"4a9-VlLDWU2yXHu8qrcFlVfUSc+46Mo"', 'Vary': 'Accept-Encoding', 'Content-Encoding': 'gzip', 'CF-Cache-Status': 'DYNAMIC', 'Report-To': '{"endpoints":[{"url":"https:\\/\\/a.nel.cloudflare.com\\/report\\/v4?s=v90y%2FvlrZp%2FYaowwyWOF5NJPncZY9aJz7f1gJV35PXhwwrbKEFnjfcmAMZ6Y4eE2ZXNRcm9vUmobh52pF4Z12BXtJwFRgolEMYxMOzyLJ9gz2p1EAC%2Btjq6or7UAJ4bV"}],"group":"cf-nel","max_age":604800}', 'NEL': '{"success_fraction":0,"report_to":"cf-nel","max_age":604800}', 'Server': 'cloudflare', 'CF-RAY': '89cea0b89c5a3b06-IAD', 'alt-svc': 'h3=":443"; ma=86400'} 
 body={"results":[{"gender":"female","name":{"title":"Ms","first":"Polyana","last":"Shelepnickiy"},"location":{"street":{"number":9224,"name":"Provulok Novatoriv"},"city":"Novovolinsk","state":"Zhitomirska","country":"Ukraine","postcode":70992,"coordinates":{"latitude":"78.2454","longitude":"175.0956"},"timezone":{"offset":"-3:00","description":"Brazil, Buenos Aires, Georgetown"}},"email":"polyana.shelepnickiy@example.com","login":{"uuid":"afe5e993-a577-4309-8cd9-4608bef731c9","username":"organicelephant488","password":"stephen1","salt":"vBCnbLGV","md5":"e6f8d1b693ea538e4e69d38320f47383","sha1":"cecc85e75f69028154ff82f9714d9d3cd31ffb70","sha256":"93d7ab0bd7de57ce26ea549df1a0621bf8857a65e9ad32669e46c53750b29990"},"dob":{"date":"1945-07-08T22:13:39.605Z","age":78},"registered":{"date":"2013-07-05T12:10:48.779Z","age":10},"phone":"(099) Y42-1754","cell":"(097) M76-2502","id":{"name":"","value":null},"picture":{"large":"https://randomuser.me/api/portraits/women/72.jpg","medium":"https://randomuser.me/api/portraits/med/women/72.jpg","thumbnail":"https://randomuser.me/api/portraits/thumb/women/72.jpg"},"nat":"UA"}],"info":{"seed":"a5ee28a8871dc52a","results":1,"page":1,"version":"1.4"}} 
 </msg>
<msg time="2024-07-02T12:27:04.508363" level="INFO">/opt/hostedtoolcache/Python/3.12.4/x64/lib/python3.12/site-packages/urllib3/connectionpool.py:1099: InsecureRequestWarning: Unverified HTTPS request is being made to host 'randomuser.me'. Adding certificate verification is strongly advised. See: https://urllib3.readthedocs.io/en/latest/advanced-usage.html#tls-warnings
  warnings.warn(</msg>
<msg time="2024-07-02T12:27:04.508504" level="INFO">${response} = &lt;Response [200]&gt;</msg>
<var>${response}</var>
<arg>consultarAPI</arg>
<arg>/api</arg>
<doc>Sends a GET request on a previously created HTTP Session.</doc>
<status status="PASS" start="2024-07-02T12:27:04.416574" elapsed="0.091982"/>
</kw>
<kw name="Set Variable" owner="BuiltIn">
<msg time="2024-07-02T12:27:04.509860" level="INFO">${json_data} = {'results': [{'gender': 'female', 'name': {'title': 'Ms', 'first': 'Polyana', 'last': 'Shelepnickiy'}, 'location': {'street': {'number': 9224, 'name': 'Provulok Novatoriv'}, 'city': 'Novovolinsk', 'st...</msg>
<var>${json_data}</var>
<arg>${response.json()}</arg>
<doc>Returns the given values which can then be assigned to a variables.</doc>
<status status="PASS" start="2024-07-02T12:27:04.509223" elapsed="0.000666"/>
</kw>
<kw name="Log" owner="BuiltIn">
<msg time="2024-07-02T12:27:04.510358" level="INFO">{'results': [{'gender': 'female', 'name': {'title': 'Ms', 'first': 'Polyana', 'last': 'Shelepnickiy'}, 'location': {'street': {'number': 9224, 'name': 'Provulok Novatoriv'}, 'city': 'Novovolinsk', 'state': 'Zhitomirska', 'country': 'Ukraine', 'postcode': 70992, 'coordinates': {'latitude': '78.2454', 'longitude': '175.0956'}, 'timezone': {'offset': '-3:00', 'description': 'Brazil, Buenos Aires, Georgetown'}}, 'email': 'polyana.shelepnickiy@example.com', 'login': {'uuid': 'afe5e993-a577-4309-8cd9-4608bef731c9', 'username': 'organicelephant488', 'password': 'stephen1', 'salt': 'vBCnbLGV', 'md5': 'e6f8d1b693ea538e4e69d38320f47383', 'sha1': 'cecc85e75f69028154ff82f9714d9d3cd31ffb70', 'sha256': '93d7ab0bd7de57ce26ea549df1a0621bf8857a65e9ad32669e46c53750b29990'}, 'dob': {'date': '1945-07-08T22:13:39.605Z', 'age': 78}, 'registered': {'date': '2013-07-05T12:10:48.779Z', 'age': 10}, 'phone': '(099) Y42-1754', 'cell': '(097) M76-2502', 'id': {'name': '', 'value': None}, 'picture': {'large': 'https://randomuser.me/api/portraits/women/72.jpg', 'medium': 'https://randomuser.me/api/portraits/med/women/72.jpg', 'thumbnail': 'https://randomuser.me/api/portraits/thumb/women/72.jpg'}, 'nat': 'UA'}], 'info': {'seed': 'a5ee28a8871dc52a', 'results': 1, 'page': 1, 'version': '1.4'}}</msg>
<arg>${json_data}</arg>
<doc>Logs the given message with the given level.</doc>
<status status="PASS" start="2024-07-02T12:27:04.510199" elapsed="0.000206"/>
</kw>
<kw name="Dictionary Should Contain Key" owner="Collections">
<arg>${json_data}</arg>
<arg>results</arg>
<doc>Fails if ``key`` is not found from ``dictionary``.</doc>
<status status="PASS" start="2024-07-02T12:27:04.510690" elapsed="0.000154"/>
</kw>
<kw name="Should Not Be Empty" owner="BuiltIn">
<msg time="2024-07-02T12:27:04.511153" level="INFO">Length is 2.</msg>
<arg>${json_data}</arg>
<doc>Verifies that the given item is not empty.</doc>
<status status="PASS" start="2024-07-02T12:27:04.511022" elapsed="0.000169"/>
</kw>
<kw name="Create List" owner="BuiltIn">
<msg time="2024-07-02T12:27:04.511779" level="INFO">${expected_keys} = ['gender', 'name', 'location', 'email', 'login']</msg>
<var>${expected_keys}</var>
<arg>gender</arg>
<arg>name</arg>
<arg>location</arg>
<arg>email</arg>
<arg>login</arg>
<doc>Returns a list containing given items.</doc>
<status status="PASS" start="2024-07-02T12:27:04.511479" elapsed="0.000324"/>
</kw>
<for flavor="IN">
<iter>
<kw name="Dictionary Should Contain Key" owner="Collections">
<arg>${json_data['results'][0]}</arg>
<arg>${key}</arg>
<doc>Fails if ``key`` is not found from ``dictionary``.</doc>
<status status="PASS" start="2024-07-02T12:27:04.512379" elapsed="0.000395"/>
</kw>
<kw name="Log" owner="BuiltIn">
<msg time="2024-07-02T12:27:04.513317" level="INFO">{'gender': 'female', 'name': {'title': 'Ms', 'first': 'Polyana', 'last': 'Shelepnickiy'}, 'location': {'street': {'number': 9224, 'name': 'Provulok Novatoriv'}, 'city': 'Novovolinsk', 'state': 'Zhitomirska', 'country': 'Ukraine', 'postcode': 70992, 'coordinates': {'latitude': '78.2454', 'longitude': '175.0956'}, 'timezone': {'offset': '-3:00', 'description': 'Brazil, Buenos Aires, Georgetown'}}, 'email': 'polyana.shelepnickiy@example.com', 'login': {'uuid': 'afe5e993-a577-4309-8cd9-4608bef731c9', 'username': 'organicelephant488', 'password': 'stephen1', 'salt': 'vBCnbLGV', 'md5': 'e6f8d1b693ea538e4e69d38320f47383', 'sha1': 'cecc85e75f69028154ff82f9714d9d3cd31ffb70', 'sha256': '93d7ab0bd7de57ce26ea549df1a0621bf8857a65e9ad32669e46c53750b29990'}, 'dob': {'date': '1945-07-08T22:13:39.605Z', 'age': 78}, 'registered': {'date': '2013-07-05T12:10:48.779Z', 'age': 10}, 'phone': '(099) Y42-1754', 'cell': '(097) M76-2502', 'id': {'name': '', 'value': None}, 'picture': {'large': 'https://randomuser.me/api/portraits/women/72.jpg', 'medium': 'https://randomuser.me/api/portraits/med/women/72.jpg', 'thumbnail': 'https://randomuser.me/api/portraits/thumb/women/72.jpg'}, 'nat': 'UA'}</msg>
<arg>${json_data['results'][0]}</arg>
<doc>Logs the given message with the given level.</doc>
<status status="PASS" start="2024-07-02T12:27:04.512957" elapsed="0.000406"/>
</kw>
<kw name="Log" owner="BuiltIn">
<msg time="2024-07-02T12:27:04.513816" level="INFO">gender</msg>
<arg>${key}</arg>
<doc>Logs the given message with the given level.</doc>
<status status="PASS" start="2024-07-02T12:27:04.513685" elapsed="0.000169"/>
</kw>
<var name="${key}">gender</var>
<status status="PASS" start="2024-07-02T12:27:04.512258" elapsed="0.001815"/>
</iter>
<iter>
<kw name="Dictionary Should Contain Key" owner="Collections">
<arg>${json_data['results'][0]}</arg>
<arg>${key}</arg>
<doc>Fails if ``key`` is not found from ``dictionary``.</doc>
<status status="PASS" start="2024-07-02T12:27:04.514366" elapsed="0.000386"/>
</kw>
<kw name="Log" owner="BuiltIn">
<msg time="2024-07-02T12:27:04.515325" level="INFO">{'gender': 'female', 'name': {'title': 'Ms', 'first': 'Polyana', 'last': 'Shelepnickiy'}, 'location': {'street': {'number': 9224, 'name': 'Provulok Novatoriv'}, 'city': 'Novovolinsk', 'state': 'Zhitomirska', 'country': 'Ukraine', 'postcode': 70992, 'coordinates': {'latitude': '78.2454', 'longitude': '175.0956'}, 'timezone': {'offset': '-3:00', 'description': 'Brazil, Buenos Aires, Georgetown'}}, 'email': 'polyana.shelepnickiy@example.com', 'login': {'uuid': 'afe5e993-a577-4309-8cd9-4608bef731c9', 'username': 'organicelephant488', 'password': 'stephen1', 'salt': 'vBCnbLGV', 'md5': 'e6f8d1b693ea538e4e69d38320f47383', 'sha1': 'cecc85e75f69028154ff82f9714d9d3cd31ffb70', 'sha256': '93d7ab0bd7de57ce26ea549df1a0621bf8857a65e9ad32669e46c53750b29990'}, 'dob': {'date': '1945-07-08T22:13:39.605Z', 'age': 78}, 'registered': {'date': '2013-07-05T12:10:48.779Z', 'age': 10}, 'phone': '(099) Y42-1754', 'cell': '(097) M76-2502', 'id': {'name': '', 'value': None}, 'picture': {'large': 'https://randomuser.me/api/portraits/women/72.jpg', 'medium': 'https://randomuser.me/api/portraits/med/women/72.jpg', 'thumbnail': 'https://randomuser.me/api/portraits/thumb/women/72.jpg'}, 'nat': 'UA'}</msg>
<arg>${json_data['results'][0]}</arg>
<doc>Logs the given message with the given level.</doc>
<status status="PASS" start="2024-07-02T12:27:04.514966" elapsed="0.000405"/>
</kw>
<kw name="Log" owner="BuiltIn">
<msg time="2024-07-02T12:27:04.515792" level="INFO">name</msg>
<arg>${key}</arg>
<doc>Logs the given message with the given level.</doc>
<status status="PASS" start="2024-07-02T12:27:04.515665" elapsed="0.000163"/>
</kw>
<var name="${key}">name</var>
<status status="PASS" start="2024-07-02T12:27:04.514256" elapsed="0.001789"/>
</iter>
<iter>
<kw name="Dictionary Should Contain Key" owner="Collections">
<arg>${json_data['results'][0]}</arg>
<arg>${key}</arg>
<doc>Fails if ``key`` is not found from ``dictionary``.</doc>
<status status="PASS" start="2024-07-02T12:27:04.516323" elapsed="0.000374"/>
</kw>
<kw name="Log" owner="BuiltIn">
<msg time="2024-07-02T12:27:04.517218" level="INFO">{'gender': 'female', 'name': {'title': 'Ms', 'first': 'Polyana', 'last': 'Shelepnickiy'}, 'location': {'street': {'number': 9224, 'name': 'Provulok Novatoriv'}, 'city': 'Novovolinsk', 'state': 'Zhitomirska', 'country': 'Ukraine', 'postcode': 70992, 'coordinates': {'latitude': '78.2454', 'longitude': '175.0956'}, 'timezone': {'offset': '-3:00', 'description': 'Brazil, Buenos Aires, Georgetown'}}, 'email': 'polyana.shelepnickiy@example.com', 'login': {'uuid': 'afe5e993-a577-4309-8cd9-4608bef731c9', 'username': 'organicelephant488', 'password': 'stephen1', 'salt': 'vBCnbLGV', 'md5': 'e6f8d1b693ea538e4e69d38320f47383', 'sha1': 'cecc85e75f69028154ff82f9714d9d3cd31ffb70', 'sha256': '93d7ab0bd7de57ce26ea549df1a0621bf8857a65e9ad32669e46c53750b29990'}, 'dob': {'date': '1945-07-08T22:13:39.605Z', 'age': 78}, 'registered': {'date': '2013-07-05T12:10:48.779Z', 'age': 10}, 'phone': '(099) Y42-1754', 'cell': '(097) M76-2502', 'id': {'name': '', 'value': None}, 'picture': {'large': 'https://randomuser.me/api/portraits/women/72.jpg', 'medium': 'https://randomuser.me/api/portraits/med/women/72.jpg', 'thumbnail': 'https://randomuser.me/api/portraits/thumb/women/72.jpg'}, 'nat': 'UA'}</msg>
<arg>${json_data['results'][0]}</arg>
<doc>Logs the given message with the given level.</doc>
<status status="PASS" start="2024-07-02T12:27:04.516877" elapsed="0.000386"/>
</kw>
<kw name="Log" owner="BuiltIn">
<msg time="2024-07-02T12:27:04.517718" level="INFO">location</msg>
<arg>${key}</arg>
<doc>Logs the given message with the given level.</doc>
<status status="PASS" start="2024-07-02T12:27:04.517560" elapsed="0.000203"/>
</kw>
<var name="${key}">location</var>
<status status="PASS" start="2024-07-02T12:27:04.516219" elapsed="0.001760"/>
</iter>
<iter>
<kw name="Dictionary Should Contain Key" owner="Collections">
<arg>${json_data['results'][0]}</arg>
<arg>${key}</arg>
<doc>Fails if ``key`` is not found from ``dictionary``.</doc>
<status status="PASS" start="2024-07-02T12:27:04.518251" elapsed="0.000385"/>
</kw>
<kw name="Log" owner="BuiltIn">
<msg time="2024-07-02T12:27:04.519164" level="INFO">{'gender': 'female', 'name': {'title': 'Ms', 'first': 'Polyana', 'last': 'Shelepnickiy'}, 'location': {'street': {'number': 9224, 'name': 'Provulok Novatoriv'}, 'city': 'Novovolinsk', 'state': 'Zhitomirska', 'country': 'Ukraine', 'postcode': 70992, 'coordinates': {'latitude': '78.2454', 'longitude': '175.0956'}, 'timezone': {'offset': '-3:00', 'description': 'Brazil, Buenos Aires, Georgetown'}}, 'email': 'polyana.shelepnickiy@example.com', 'login': {'uuid': 'afe5e993-a577-4309-8cd9-4608bef731c9', 'username': 'organicelephant488', 'password': 'stephen1', 'salt': 'vBCnbLGV', 'md5': 'e6f8d1b693ea538e4e69d38320f47383', 'sha1': 'cecc85e75f69028154ff82f9714d9d3cd31ffb70', 'sha256': '93d7ab0bd7de57ce26ea549df1a0621bf8857a65e9ad32669e46c53750b29990'}, 'dob': {'date': '1945-07-08T22:13:39.605Z', 'age': 78}, 'registered': {'date': '2013-07-05T12:10:48.779Z', 'age': 10}, 'phone': '(099) Y42-1754', 'cell': '(097) M76-2502', 'id': {'name': '', 'value': None}, 'picture': {'large': 'https://randomuser.me/api/portraits/women/72.jpg', 'medium': 'https://randomuser.me/api/portraits/med/women/72.jpg', 'thumbnail': 'https://randomuser.me/api/portraits/thumb/women/72.jpg'}, 'nat': 'UA'}</msg>
<arg>${json_data['results'][0]}</arg>
<doc>Logs the given message with the given level.</doc>
<status status="PASS" start="2024-07-02T12:27:04.518813" elapsed="0.000397"/>
</kw>
<kw name="Log" owner="BuiltIn">
<msg time="2024-07-02T12:27:04.519623" level="INFO">email</msg>
<arg>${key}</arg>
<doc>Logs the given message with the given level.</doc>
<status status="PASS" start="2024-07-02T12:27:04.519500" elapsed="0.000161"/>
</kw>
<var name="${key}">email</var>
<status status="PASS" start="2024-07-02T12:27:04.518147" elapsed="0.001737"/>
</iter>
<iter>
<kw name="Dictionary Should Contain Key" owner="Collections">
<arg>${json_data['results'][0]}</arg>
<arg>${key}</arg>
<doc>Fails if ``key`` is not found from ``dictionary``.</doc>
<status status="PASS" start="2024-07-02T12:27:04.520165" elapsed="0.000377"/>
</kw>
<kw name="Log" owner="BuiltIn">
<msg time="2024-07-02T12:27:04.521074" level="INFO">{'gender': 'female', 'name': {'title': 'Ms', 'first': 'Polyana', 'last': 'Shelepnickiy'}, 'location': {'street': {'number': 9224, 'name': 'Provulok Novatoriv'}, 'city': 'Novovolinsk', 'state': 'Zhitomirska', 'country': 'Ukraine', 'postcode': 70992, 'coordinates': {'latitude': '78.2454', 'longitude': '175.0956'}, 'timezone': {'offset': '-3:00', 'description': 'Brazil, Buenos Aires, Georgetown'}}, 'email': 'polyana.shelepnickiy@example.com', 'login': {'uuid': 'afe5e993-a577-4309-8cd9-4608bef731c9', 'username': 'organicelephant488', 'password': 'stephen1', 'salt': 'vBCnbLGV', 'md5': 'e6f8d1b693ea538e4e69d38320f47383', 'sha1': 'cecc85e75f69028154ff82f9714d9d3cd31ffb70', 'sha256': '93d7ab0bd7de57ce26ea549df1a0621bf8857a65e9ad32669e46c53750b29990'}, 'dob': {'date': '1945-07-08T22:13:39.605Z', 'age': 78}, 'registered': {'date': '2013-07-05T12:10:48.779Z', 'age': 10}, 'phone': '(099) Y42-1754', 'cell': '(097) M76-2502', 'id': {'name': '', 'value': None}, 'picture': {'large': 'https://randomuser.me/api/portraits/women/72.jpg', 'medium': 'https://randomuser.me/api/portraits/med/women/72.jpg', 'thumbnail': 'https://randomuser.me/api/portraits/thumb/women/72.jpg'}, 'nat': 'UA'}</msg>
<arg>${json_data['results'][0]}</arg>
<doc>Logs the given message with the given level.</doc>
<status status="PASS" start="2024-07-02T12:27:04.520720" elapsed="0.000401"/>
</kw>
<kw name="Log" owner="BuiltIn">
<msg time="2024-07-02T12:27:04.521533" level="INFO">login</msg>
<arg>${key}</arg>
<doc>Logs the given message with the given level.</doc>
<status status="PASS" start="2024-07-02T12:27:04.521408" elapsed="0.000190"/>
</kw>
<var name="${key}">login</var>
<status status="PASS" start="2024-07-02T12:27:04.520051" elapsed="0.001786"/>
</iter>
<var>${key}</var>
<value>@{expected_keys}</value>
<status status="PASS" start="2024-07-02T12:27:04.512065" elapsed="0.009891"/>
</for>
<kw name="Create List" owner="BuiltIn">
<msg time="2024-07-02T12:27:04.522317" level="INFO">${expected_keysTwo} = ['username', 'password']</msg>
<var>${expected_keysTwo}</var>
<arg>username</arg>
<arg>password</arg>
<doc>Returns a list containing given items.</doc>
<status status="PASS" start="2024-07-02T12:27:04.522176" elapsed="0.000165"/>
</kw>
<for flavor="IN">
<iter>
<kw name="Dictionary Should Contain Key" owner="Collections">
<arg>${json_data['results'][0]['login']}</arg>
<arg>${keyTwo}</arg>
<doc>Fails if ``key`` is not found from ``dictionary``.</doc>
<status status="PASS" start="2024-07-02T12:27:04.522830" elapsed="0.000393"/>
</kw>
<kw name="Dictionary Should Contain Key" owner="Collections">
<arg>${json_data['results'][0]['login']}</arg>
<arg>${keyTwo}</arg>
<doc>Fails if ``key`` is not found from ``dictionary``.</doc>
<status status="PASS" start="2024-07-02T12:27:04.523401" elapsed="0.000370"/>
</kw>
<kw name="Log" owner="BuiltIn">
<msg time="2024-07-02T12:27:04.524072" level="INFO">username</msg>
<arg>${keyTwo}</arg>
<doc>Logs the given message with the given level.</doc>
<status status="PASS" start="2024-07-02T12:27:04.523952" elapsed="0.000157"/>
</kw>
<var name="${keyTwo}">username</var>
<status status="PASS" start="2024-07-02T12:27:04.522725" elapsed="0.001607"/>
</iter>
<iter>
<kw name="Dictionary Should Contain Key" owner="Collections">
<arg>${json_data['results'][0]['login']}</arg>
<arg>${keyTwo}</arg>
<doc>Fails if ``key`` is not found from ``dictionary``.</doc>
<status status="PASS" start="2024-07-02T12:27:04.524606" elapsed="0.000383"/>
</kw>
<kw name="Dictionary Should Contain Key" owner="Collections">
<arg>${json_data['results'][0]['login']}</arg>
<arg>${keyTwo}</arg>
<doc>Fails if ``key`` is not found from ``dictionary``.</doc>
<status status="PASS" start="2024-07-02T12:27:04.525165" elapsed="0.000359"/>
</kw>
<kw name="Log" owner="BuiltIn">
<msg time="2024-07-02T12:27:04.525848" level="INFO">password</msg>
<arg>${keyTwo}</arg>
<doc>Logs the given message with the given level.</doc>
<status status="PASS" start="2024-07-02T12:27:04.525731" elapsed="0.000158"/>
</kw>
<var name="${keyTwo}">password</var>
<status status="PASS" start="2024-07-02T12:27:04.524501" elapsed="0.001698"/>
</iter>
<var>${keyTwo}</var>
<value>@{expected_keysTwo}</value>
<status status="PASS" start="2024-07-02T12:27:04.522575" elapsed="0.003744"/>
</for>
<status status="PASS" start="2024-07-02T12:27:04.416330" elapsed="0.110126"/>
</kw>
<doc>Testa a estrutura da resposta da API.</doc>
<tag>testeEstruturaResposta</tag>
<status status="PASS" start="2024-07-02T12:27:04.415703" elapsed="0.110904"/>
</test>
<test id="s1-s1-t4" name="Validar tipos de dados" line="28">
<kw name="Teste de Tipos de Dados" owner="random-user-service">
<kw name="GET On Session" owner="RequestsLibrary">
<msg time="2024-07-02T12:27:04.605094" level="INFO">GET Request : url=https://randomuser.me/api 
 path_url=/api 
 headers={'User-Agent': 'python-requests/2.32.3', 'Accept-Encoding': 'gzip, deflate', 'Accept': '*/*', 'Connection': 'keep-alive'} 
 body=None 
 </msg>
<msg time="2024-07-02T12:27:04.605178" level="INFO">GET Response : url=https://randomuser.me/api 
 status=200, reason=OK 
 headers={'Date': 'Tue, 02 Jul 2024 12:27:04 GMT', 'Content-Type': 'application/json; charset=utf-8', 'Transfer-Encoding': 'chunked', 'Connection': 'keep-alive', 'X-Powered-By': 'Express', 'Access-Control-Allow-Origin': '*', 'Cache-Control': 'no-cache', 'ETag': 'W/"48a-hFiuJ1+IjRqO792xaj1gn5i08Dg"', 'Vary': 'Accept-Encoding', 'Content-Encoding': 'gzip', 'CF-Cache-Status': 'DYNAMIC', 'Report-To': '{"endpoints":[{"url":"https:\\/\\/a.nel.cloudflare.com\\/report\\/v4?s=sFBBeozbhL4MIQqkGqkY0OAMB2bQKzZDjLvPd8Hxjkv9DldyvM%2BXwiI%2FxMsBmwH2sGyMTLVrl8RtkLJb5fpQcxg73ApkZcCQ2UjtR9aQg8NGgHe2VFemXyxT2v6ukXbJ"}],"group":"cf-nel","max_age":604800}', 'NEL': '{"success_fraction":0,"report_to":"cf-nel","max_age":604800}', 'Server': 'cloudflare', 'CF-RAY': '89cea0b95d4f3b06-IAD', 'alt-svc': 'h3=":443"; ma=86400'} 
 body={"results":[{"gender":"male","name":{"title":"Mr","first":"Jokubas","last":"Vågenes"},"location":{"street":{"number":61,"name":"Ørakerstien"},"city":"Melbu","state":"Vest-Agder","country":"Norway","postcode":"9742","coordinates":{"latitude":"41.9417","longitude":"-20.2090"},"timezone":{"offset":"+3:00","description":"Baghdad, Riyadh, Moscow, St. Petersburg"}},"email":"jokubas.vagenes@example.com","login":{"uuid":"7e80f8ed-ac8a-478d-969b-6462033f4abd","username":"organicpanda466","password":"hermes","salt":"PVFOCF3t","md5":"795952f457babab4cce4da576058e743","sha1":"f882797cec58db85bc20d231fe769d5c188acac4","sha256":"3b2c8aaf3bc29d258967714f15b1883f35a43a7a725d7d3e8300a3b04623c32d"},"dob":{"date":"1961-07-08T14:07:59.720Z","age":62},"registered":{"date":"2010-02-02T03:43:51.096Z","age":14},"phone":"22292668","cell":"91991219","id":{"name":"FN","value":"08076147567"},"picture":{"large":"https://randomuser.me/api/portraits/men/14.jpg","medium":"https://randomuser.me/api/portraits/med/men/14.jpg","thumbnail":"https://randomuser.me/api/portraits/thumb/men/14.jpg"},"nat":"NO"}],"info":{"seed":"28c5f3cefe31669a","results":1,"page":1,"version":"1.4"}} 
 </msg>
<msg time="2024-07-02T12:27:04.605254" level="INFO">/opt/hostedtoolcache/Python/3.12.4/x64/lib/python3.12/site-packages/urllib3/connectionpool.py:1099: InsecureRequestWarning: Unverified HTTPS request is being made to host 'randomuser.me'. Adding certificate verification is strongly advised. See: https://urllib3.readthedocs.io/en/latest/advanced-usage.html#tls-warnings
  warnings.warn(</msg>
<msg time="2024-07-02T12:27:04.605370" level="INFO">${response} = &lt;Response [200]&gt;</msg>
<var>${response}</var>
<arg>consultarAPI</arg>
<arg>/api</arg>
<doc>Sends a GET request on a previously created HTTP Session.</doc>
<status status="PASS" start="2024-07-02T12:27:04.529165" elapsed="0.076255"/>
</kw>
<kw name="Set Variable" owner="BuiltIn">
<msg time="2024-07-02T12:27:04.606585" level="INFO">${json_data} = {'results': [{'gender': 'male', 'name': {'title': 'Mr', 'first': 'Jokubas', 'last': 'Vågenes'}, 'location': {'street': {'number': 61, 'name': 'Ørakerstien'}, 'city': 'Melbu', 'state': 'Vest-Agder', 'c...</msg>
<var>${json_data}</var>
<arg>${response.json()}</arg>
<doc>Returns the given values which can then be assigned to a variables.</doc>
<status status="PASS" start="2024-07-02T12:27:04.605996" elapsed="0.000618"/>
</kw>
<kw name="Log" owner="BuiltIn">
<msg time="2024-07-02T12:27:04.607083" level="INFO">{'results': [{'gender': 'male', 'name': {'title': 'Mr', 'first': 'Jokubas', 'last': 'Vågenes'}, 'location': {'street': {'number': 61, 'name': 'Ørakerstien'}, 'city': 'Melbu', 'state': 'Vest-Agder', 'country': 'Norway', 'postcode': '9742', 'coordinates': {'latitude': '41.9417', 'longitude': '-20.2090'}, 'timezone': {'offset': '+3:00', 'description': 'Baghdad, Riyadh, Moscow, St. Petersburg'}}, 'email': 'jokubas.vagenes@example.com', 'login': {'uuid': '7e80f8ed-ac8a-478d-969b-6462033f4abd', 'username': 'organicpanda466', 'password': 'hermes', 'salt': 'PVFOCF3t', 'md5': '795952f457babab4cce4da576058e743', 'sha1': 'f882797cec58db85bc20d231fe769d5c188acac4', 'sha256': '3b2c8aaf3bc29d258967714f15b1883f35a43a7a725d7d3e8300a3b04623c32d'}, 'dob': {'date': '1961-07-08T14:07:59.720Z', 'age': 62}, 'registered': {'date': '2010-02-02T03:43:51.096Z', 'age': 14}, 'phone': '22292668', 'cell': '91991219', 'id': {'name': 'FN', 'value': '08076147567'}, 'picture': {'large': 'https://randomuser.me/api/portraits/men/14.jpg', 'medium': 'https://randomuser.me/api/portraits/med/men/14.jpg', 'thumbnail': 'https://randomuser.me/api/portraits/thumb/men/14.jpg'}, 'nat': 'NO'}], 'info': {'seed': '28c5f3cefe31669a', 'results': 1, 'page': 1, 'version': '1.4'}}</msg>
<arg>${json_data}</arg>
<doc>Logs the given message with the given level.</doc>
<status status="PASS" start="2024-07-02T12:27:04.606924" elapsed="0.000207"/>
</kw>
<kw name="Should Be String" owner="String">
<arg>${json_data['results'][0]['gender']}</arg>
<doc>Fails if the given ``item`` is not a string.</doc>
<status status="PASS" start="2024-07-02T12:27:04.607424" elapsed="0.000371"/>
</kw>
<kw name="Should Match Regexp" owner="BuiltIn">
<arg>${json_data['results'][0]['email']}</arg>
<arg>^[a-zA-Z0-9._%+-]+@[a-zA-Z0-9.-]+\.[a-zA-Z]{2,}$</arg>
<doc>Fails if ``string`` does not match ``pattern`` as a regular expression.</doc>
<status status="PASS" start="2024-07-02T12:27:04.608020" elapsed="0.000517"/>
</kw>
<kw name="Should Match Regexp" owner="BuiltIn">
<arg>${json_data['results'][0]['dob']['date']}</arg>
<arg>\\d{4}-\\d{2}-\\d{2}T\\d{2}:\\d{2}:\\d{2}\\.\\d{3}Z</arg>
<doc>Fails if ``string`` does not match ``pattern`` as a regular expression.</doc>
<status status="PASS" start="2024-07-02T12:27:04.608730" elapsed="0.000480"/>
</kw>
<kw name="Should Match Regexp" owner="BuiltIn">
<arg>${json_data['results'][0]['registered']['date']}</arg>
<arg>\\d{4}-\\d{2}-\\d{2}T\\d{2}:\\d{2}:\\d{2}\\.\\d{3}Z</arg>
<doc>Fails if ``string`` does not match ``pattern`` as a regular expression.</doc>
<status status="PASS" start="2024-07-02T12:27:04.609398" elapsed="0.000423"/>
</kw>
<kw name="Should Match Regexp" owner="BuiltIn">
<arg>${json_data['results'][0]['picture']['large']}</arg>
<arg>^https?://.*\.(?:png|jpe?g|gif|bmp)$</arg>
<doc>Fails if ``string`` does not match ``pattern`` as a regular expression.</doc>
<status status="PASS" start="2024-07-02T12:27:04.610004" elapsed="0.000456"/>
</kw>
<kw name="Should Match Regexp" owner="BuiltIn">
<arg>${json_data['results'][0]['picture']['medium']}</arg>
<arg>^https?://.*\.(?:png|jpe?g|gif|bmp)$</arg>
<doc>Fails if ``string`` does not match ``pattern`` as a regular expression.</doc>
<status status="PASS" start="2024-07-02T12:27:04.610644" elapsed="0.000353"/>
</kw>
<kw name="Should Match Regexp" owner="BuiltIn">
<arg>${json_data['results'][0]['picture']['thumbnail']}</arg>
<arg>^https?://.*\.(?:png|jpe?g|gif|bmp)$</arg>
<doc>Fails if ``string`` does not match ``pattern`` as a regular expression.</doc>
<status status="PASS" start="2024-07-02T12:27:04.611177" elapsed="0.000349"/>
</kw>
<kw name="Log" owner="BuiltIn">
<msg time="2024-07-02T12:27:04.612036" level="INFO">{'large': 'https://randomuser.me/api/portraits/men/14.jpg', 'medium': 'https://randomuser.me/api/portraits/med/men/14.jpg', 'thumbnail': 'https://randomuser.me/api/portraits/thumb/men/14.jpg'}</msg>
<arg>${json_data['results'][0]['picture']}</arg>
<doc>Logs the given message with the given level.</doc>
<status status="PASS" start="2024-07-02T12:27:04.611706" elapsed="0.000372"/>
</kw>
<status status="PASS" start="2024-07-02T12:27:04.528938" elapsed="0.083394"/>
</kw>
<kw name="Teste de Tipos de Dados - Postcode" owner="random-user-service">
<kw name="GET On Session" owner="RequestsLibrary">
<msg time="2024-07-02T12:27:04.705051" level="INFO">GET Request : url=https://randomuser.me/api 
 path_url=/api 
 headers={'User-Agent': 'python-requests/2.32.3', 'Accept-Encoding': 'gzip, deflate', 'Accept': '*/*', 'Connection': 'keep-alive'} 
 body=None 
 </msg>
<msg time="2024-07-02T12:27:04.705132" level="INFO">GET Response : url=https://randomuser.me/api 
 status=200, reason=OK 
 headers={'Date': 'Tue, 02 Jul 2024 12:27:04 GMT', 'Content-Type': 'application/json; charset=utf-8', 'Transfer-Encoding': 'chunked', 'Connection': 'keep-alive', 'X-Powered-By': 'Express', 'Access-Control-Allow-Origin': '*', 'Cache-Control': 'no-cache', 'ETag': 'W/"4a0-DWtZ/TvX0mD2I3NT+1kEHTWxoNc"', 'Vary': 'Accept-Encoding', 'Content-Encoding': 'gzip', 'CF-Cache-Status': 'DYNAMIC', 'Report-To': '{"endpoints":[{"url":"https:\\/\\/a.nel.cloudflare.com\\/report\\/v4?s=tKJZ3dPWhHM1UEb8qZBQT2PtFY72YXvPY3vN1Ul3i7yrvHm4tqu36jtQYt2UV9CIo24JBVEsAWpihmathbm0ymuWIMgLU5rl7klHuCBf6k%2FxcEawa%2BHDo%2FWeRe0bwiaW"}],"group":"cf-nel","max_age":604800}', 'NEL': '{"success_fraction":0,"report_to":"cf-nel","max_age":604800}', 'Server': 'cloudflare', 'CF-RAY': '89cea0b9dde33b06-IAD', 'alt-svc': 'h3=":443"; ma=86400'} 
 body={"results":[{"gender":"female","name":{"title":"Ms","first":"Alta Gracia","last":"Rocha"},"location":{"street":{"number":2472,"name":"Viaducto Cardenas"},"city":"Baca","state":"Chiapas","country":"Mexico","postcode":58733,"coordinates":{"latitude":"21.4789","longitude":"152.1452"},"timezone":{"offset":"-4:00","description":"Atlantic Time (Canada), Caracas, La Paz"}},"email":"altagracia.rocha@example.com","login":{"uuid":"0cf43f12-830b-4876-bb21-a3571a7599a3","username":"bigmouse296","password":"bottle","salt":"ndSHDyoT","md5":"fd36498eb75b8a6280f4a3b8ddd0ff66","sha1":"d1f82992d163c2c1ebf8f43a4e3303da1cc39441","sha256":"6e06e2f3deb9195e227f9232076df0f54853ddd392197e9abb609588b513d387"},"dob":{"date":"1964-01-28T19:19:17.963Z","age":60},"registered":{"date":"2011-04-28T02:06:22.993Z","age":13},"phone":"(664) 365 6230","cell":"(674) 465 9369","id":{"name":"NSS","value":"86 19 07 5142 1"},"picture":{"large":"https://randomuser.me/api/portraits/women/9.jpg","medium":"https://randomuser.me/api/portraits/med/women/9.jpg","thumbnail":"https://randomuser.me/api/portraits/thumb/women/9.jpg"},"nat":"MX"}],"info":{"seed":"f082d5813cad1848","results":1,"page":1,"version":"1.4"}} 
 </msg>
<msg time="2024-07-02T12:27:04.705197" level="INFO">/opt/hostedtoolcache/Python/3.12.4/x64/lib/python3.12/site-packages/urllib3/connectionpool.py:1099: InsecureRequestWarning: Unverified HTTPS request is being made to host 'randomuser.me'. Adding certificate verification is strongly advised. See: https://urllib3.readthedocs.io/en/latest/advanced-usage.html#tls-warnings
  warnings.warn(</msg>
<msg time="2024-07-02T12:27:04.705298" level="INFO">${response} = &lt;Response [200]&gt;</msg>
<var>${response}</var>
<arg>consultarAPI</arg>
<arg>/api</arg>
<doc>Sends a GET request on a previously created HTTP Session.</doc>
<status status="PASS" start="2024-07-02T12:27:04.612761" elapsed="0.092577"/>
</kw>
<kw name="Set Variable" owner="BuiltIn">
<msg time="2024-07-02T12:27:04.706498" level="INFO">${json_data} = {'results': [{'gender': 'female', 'name': {'title': 'Ms', 'first': 'Alta Gracia', 'last': 'Rocha'}, 'location': {'street': {'number': 2472, 'name': 'Viaducto Cardenas'}, 'city': 'Baca', 'state': 'Chia...</msg>
<var>${json_data}</var>
<arg>${response.json()}</arg>
<doc>Returns the given values which can then be assigned to a variables.</doc>
<status status="PASS" start="2024-07-02T12:27:04.705906" elapsed="0.000620"/>
</kw>
<kw name="Log" owner="BuiltIn">
<msg time="2024-07-02T12:27:04.706994" level="INFO">{'results': [{'gender': 'female', 'name': {'title': 'Ms', 'first': 'Alta Gracia', 'last': 'Rocha'}, 'location': {'street': {'number': 2472, 'name': 'Viaducto Cardenas'}, 'city': 'Baca', 'state': 'Chiapas', 'country': 'Mexico', 'postcode': 58733, 'coordinates': {'latitude': '21.4789', 'longitude': '152.1452'}, 'timezone': {'offset': '-4:00', 'description': 'Atlantic Time (Canada), Caracas, La Paz'}}, 'email': 'altagracia.rocha@example.com', 'login': {'uuid': '0cf43f12-830b-4876-bb21-a3571a7599a3', 'username': 'bigmouse296', 'password': 'bottle', 'salt': 'ndSHDyoT', 'md5': 'fd36498eb75b8a6280f4a3b8ddd0ff66', 'sha1': 'd1f82992d163c2c1ebf8f43a4e3303da1cc39441', 'sha256': '6e06e2f3deb9195e227f9232076df0f54853ddd392197e9abb609588b513d387'}, 'dob': {'date': '1964-01-28T19:19:17.963Z', 'age': 60}, 'registered': {'date': '2011-04-28T02:06:22.993Z', 'age': 13}, 'phone': '(664) 365 6230', 'cell': '(674) 465 9369', 'id': {'name': 'NSS', 'value': '86 19 07 5142 1'}, 'picture': {'large': 'https://randomuser.me/api/portraits/women/9.jpg', 'medium': 'https://randomuser.me/api/portraits/med/women/9.jpg', 'thumbnail': 'https://randomuser.me/api/portraits/thumb/women/9.jpg'}, 'nat': 'MX'}], 'info': {'seed': 'f082d5813cad1848', 'results': 1, 'page': 1, 'version': '1.4'}}</msg>
<arg>${json_data}</arg>
<doc>Logs the given message with the given level.</doc>
<status status="PASS" start="2024-07-02T12:27:04.706832" elapsed="0.000209"/>
</kw>
<kw name="Should Be Equal As Numbers" owner="BuiltIn">
<arg>${json_data['results'][0]['location']['postcode']}</arg>
<arg>${json_data['results'][0]['location']['postcode']}</arg>
<doc>Fails if objects are unequal after converting them to real numbers.</doc>
<status status="PASS" start="2024-07-02T12:27:04.707330" elapsed="0.000622"/>
</kw>
<kw name="Log" owner="BuiltIn">
<msg time="2024-07-02T12:27:04.708662" level="INFO">58733</msg>
<arg>${json_data['results'][0]['location']['postcode']}</arg>
<doc>Logs the given message with the given level.</doc>
<status status="PASS" start="2024-07-02T12:27:04.708174" elapsed="0.000528"/>
</kw>
<status status="PASS" start="2024-07-02T12:27:04.612546" elapsed="0.096413"/>
</kw>
<doc>Testa se os tipos de dados na resposta da API estão corretos.</doc>
<tag>testeTiposDados</tag>
<status status="PASS" start="2024-07-02T12:27:04.528380" elapsed="0.180741"/>
</test>
<test id="s1-s1-t5" name="Validar conteudo" line="35">
<kw name="Teste de Tipos de Conteudo" owner="random-user-service">
<kw name="GET On Session" owner="RequestsLibrary">
<msg time="2024-07-02T12:27:04.812094" level="INFO">GET Request : url=https://randomuser.me/api 
 path_url=/api 
 headers={'User-Agent': 'python-requests/2.32.3', 'Accept-Encoding': 'gzip, deflate', 'Accept': '*/*', 'Connection': 'keep-alive'} 
 body=None 
 </msg>
<msg time="2024-07-02T12:27:04.812183" level="INFO">GET Response : url=https://randomuser.me/api 
 status=200, reason=OK 
 headers={'Date': 'Tue, 02 Jul 2024 12:27:04 GMT', 'Content-Type': 'application/json; charset=utf-8', 'Transfer-Encoding': 'chunked', 'Connection': 'keep-alive', 'X-Powered-By': 'Express', 'Access-Control-Allow-Origin': '*', 'Cache-Control': 'no-cache', 'ETag': 'W/"4a3-aPVSxogvVF1esWkltZNBZ1f+CYk"', 'Vary': 'Accept-Encoding', 'Content-Encoding': 'gzip', 'CF-Cache-Status': 'DYNAMIC', 'Report-To': '{"endpoints":[{"url":"https:\\/\\/a.nel.cloudflare.com\\/report\\/v4?s=AkV%2F4kuSDD56te3Qtx8jrarg0aXMi3zCcRKB3zmhXIDRsTn5HA748f6NgxYgxSaQ0IDy1LDJ7J7TzBKs4t%2BjHbBYFUIvIua%2BdiIj0evo6ZhF4Y1EkVP4%2BwVVyfOxzsX%2F"}],"group":"cf-nel","max_age":604800}', 'NEL': '{"success_fraction":0,"report_to":"cf-nel","max_age":604800}', 'Server': 'cloudflare', 'CF-RAY': '89cea0ba7e8e3b06-IAD', 'alt-svc': 'h3=":443"; ma=86400'} 
 body={"results":[{"gender":"male","name":{"title":"Mr","first":"Magnus","last":"Molegraaf"},"location":{"street":{"number":6637,"name":"De Ruyschlaan"},"city":"Westzaan","state":"Gelderland","country":"Netherlands","postcode":"1785 WG","coordinates":{"latitude":"37.9710","longitude":"-40.0084"},"timezone":{"offset":"-4:00","description":"Atlantic Time (Canada), Caracas, La Paz"}},"email":"magnus.molegraaf@example.com","login":{"uuid":"974a6e5b-674e-4c3a-96c9-e0824b7ccbec","username":"smallmeercat898","password":"goldfish","salt":"ADr5VoOu","md5":"1b3deb61b297c9fa7d577a061c11d02c","sha1":"408e187364187af0d50173fa8240e98336f7add5","sha256":"1cc7f03571c1672dd529c3736ad0a5961bb56246d509d4531aab9b2751e80d37"},"dob":{"date":"1947-05-24T23:04:09.128Z","age":77},"registered":{"date":"2012-11-14T05:22:58.634Z","age":11},"phone":"(026) 4777871","cell":"(06) 76987994","id":{"name":"BSN","value":"78829233"},"picture":{"large":"https://randomuser.me/api/portraits/men/16.jpg","medium":"https://randomuser.me/api/portraits/med/men/16.jpg","thumbnail":"https://randomuser.me/api/portraits/thumb/men/16.jpg"},"nat":"NL"}],"info":{"seed":"2850bd6feff064f9","results":1,"page":1,"version":"1.4"}} 
 </msg>
<msg time="2024-07-02T12:27:04.812248" level="INFO">/opt/hostedtoolcache/Python/3.12.4/x64/lib/python3.12/site-packages/urllib3/connectionpool.py:1099: InsecureRequestWarning: Unverified HTTPS request is being made to host 'randomuser.me'. Adding certificate verification is strongly advised. See: https://urllib3.readthedocs.io/en/latest/advanced-usage.html#tls-warnings
  warnings.warn(</msg>
<msg time="2024-07-02T12:27:04.812360" level="INFO">${response} = &lt;Response [200]&gt;</msg>
<var>${response}</var>
<arg>consultarAPI</arg>
<arg>/api</arg>
<doc>Sends a GET request on a previously created HTTP Session.</doc>
<status status="PASS" start="2024-07-02T12:27:04.711685" elapsed="0.100719"/>
</kw>
<kw name="Set Variable" owner="BuiltIn">
<msg time="2024-07-02T12:27:04.813509" level="INFO">${json_data} = {'results': [{'gender': 'male', 'name': {'title': 'Mr', 'first': 'Magnus', 'last': 'Molegraaf'}, 'location': {'street': {'number': 6637, 'name': 'De Ruyschlaan'}, 'city': 'Westzaan', 'state': 'Gelderl...</msg>
<var>${json_data}</var>
<arg>${response.json()}</arg>
<doc>Returns the given values which can then be assigned to a variables.</doc>
<status status="PASS" start="2024-07-02T12:27:04.812946" elapsed="0.000592"/>
</kw>
<kw name="Set Variable" owner="BuiltIn">
<msg time="2024-07-02T12:27:04.814275" level="INFO">${name_title} = Mr</msg>
<var>${name_title}</var>
<arg>${json_data["results"][0]["name"]["title"]}</arg>
<doc>Returns the given values which can then be assigned to a variables.</doc>
<status status="PASS" start="2024-07-02T12:27:04.813892" elapsed="0.000407"/>
</kw>
<kw name="Create List" owner="BuiltIn">
<msg time="2024-07-02T12:27:04.814746" level="INFO">${allowed_titles} = ['Mr', 'Ms', 'Miss', 'Mrs', 'Madame', 'Monsieur']</msg>
<var>${allowed_titles}</var>
<arg>Mr</arg>
<arg>Ms</arg>
<arg>Miss</arg>
<arg>Mrs</arg>
<arg>Madame</arg>
<arg>Monsieur</arg>
<doc>Returns a list containing given items.</doc>
<status status="PASS" start="2024-07-02T12:27:04.814598" elapsed="0.000172"/>
</kw>
<kw name="List Should Contain Value" owner="Collections">
<arg>${allowed_titles}</arg>
<arg>${name_title}</arg>
<doc>Fails if the ``value`` is not found from ``list``.</doc>
<status status="PASS" start="2024-07-02T12:27:04.815063" elapsed="0.000180"/>
</kw>
<kw name="Set Variable" owner="BuiltIn">
<msg time="2024-07-02T12:27:04.815786" level="INFO">${name_country} = NL</msg>
<var>${name_country}</var>
<arg>${json_data["results"][0]["nat"]}</arg>
<doc>Returns the given values which can then be assigned to a variables.</doc>
<status status="PASS" start="2024-07-02T12:27:04.815422" elapsed="0.000388"/>
</kw>
<kw name="Create List" owner="BuiltIn">
<msg time="2024-07-02T12:27:04.816690" level="INFO">${list_country} = ['AD', 'AE', 'AF', 'AG', 'AI', 'AL', 'AM', 'AO', 'AQ', 'AR', 'AS', 'AT', 'AU', 'AW', 'AX', 'AZ', 'BA', 'BB', 'BD', 'BE', 'BF', 'BG', 'BH', 'BI', 'BJ', 'BL', 'BM', 'BN', 'BO', 'BQ', 'BR', 'BS', 'BT', '...</msg>
<var>${list_country}</var>
<arg>AD</arg>
<arg>AE</arg>
<arg>AF</arg>
<arg>AG</arg>
<arg>AI</arg>
<arg>AL</arg>
<arg>AM</arg>
<arg>AO</arg>
<arg>AQ</arg>
<arg>AR</arg>
<arg>AS</arg>
<arg>AT</arg>
<arg>AU</arg>
<arg>AW</arg>
<arg>AX</arg>
<arg>AZ</arg>
<arg>BA</arg>
<arg>BB</arg>
<arg>BD</arg>
<arg>BE</arg>
<arg>BF</arg>
<arg>BG</arg>
<arg>BH</arg>
<arg>BI</arg>
<arg>BJ</arg>
<arg>BL</arg>
<arg>BM</arg>
<arg>BN</arg>
<arg>BO</arg>
<arg>BQ</arg>
<arg>BR</arg>
<arg>BS</arg>
<arg>BT</arg>
<arg>BV</arg>
<arg>BW</arg>
<arg>BY</arg>
<arg>BZ</arg>
<arg>CA</arg>
<arg>CC</arg>
<arg>CD</arg>
<arg>CF</arg>
<arg>CG</arg>
<arg>CH</arg>
<arg>CI</arg>
<arg>CK</arg>
<arg>CL</arg>
<arg>CM</arg>
<arg>CN</arg>
<arg>CO</arg>
<arg>CR</arg>
<arg>CU</arg>
<arg>CV</arg>
<arg>CW</arg>
<arg>CX</arg>
<arg>CY</arg>
<arg>CZ</arg>
<arg>DE</arg>
<arg>DJ</arg>
<arg>DK</arg>
<arg>DM</arg>
<arg>DO</arg>
<arg>DZ</arg>
<arg>EC</arg>
<arg>EE</arg>
<arg>EG</arg>
<arg>EH</arg>
<arg>ER</arg>
<arg>ES</arg>
<arg>ET</arg>
<arg>FI</arg>
<arg>FJ</arg>
<arg>FK</arg>
<arg>FM</arg>
<arg>FO</arg>
<arg>FR</arg>
<arg>GA</arg>
<arg>GB</arg>
<arg>GD</arg>
<arg>GE</arg>
<arg>GF</arg>
<arg>GG</arg>
<arg>GH</arg>
<arg>GI</arg>
<arg>GL</arg>
<arg>GM</arg>
<arg>GN</arg>
<arg>GP</arg>
<arg>GQ</arg>
<arg>GR</arg>
<arg>GS</arg>
<arg>GT</arg>
<arg>GU</arg>
<arg>GW</arg>
<arg>GY</arg>
<arg>HK</arg>
<arg>HM</arg>
<arg>HN</arg>
<arg>HR</arg>
<arg>HT</arg>
<arg>HU</arg>
<arg>ID</arg>
<arg>IE</arg>
<arg>IL</arg>
<arg>IM</arg>
<arg>IN</arg>
<arg>IO</arg>
<arg>IQ</arg>
<arg>IR</arg>
<arg>IS</arg>
<arg>IT</arg>
<arg>JE</arg>
<arg>JM</arg>
<arg>JO</arg>
<arg>JP</arg>
<arg>KE</arg>
<arg>KG</arg>
<arg>KH</arg>
<arg>KI</arg>
<arg>KM</arg>
<arg>KN</arg>
<arg>KP</arg>
<arg>KR</arg>
<arg>KW</arg>
<arg>KY</arg>
<arg>KZ</arg>
<arg>LA</arg>
<arg>LB</arg>
<arg>LC</arg>
<arg>LI</arg>
<arg>LK</arg>
<arg>LR</arg>
<arg>LS</arg>
<arg>LT</arg>
<arg>LU</arg>
<arg>LV</arg>
<arg>LY</arg>
<arg>MA</arg>
<arg>MC</arg>
<arg>MD</arg>
<arg>ME</arg>
<arg>MF</arg>
<arg>MG</arg>
<arg>MH</arg>
<arg>MK</arg>
<arg>ML</arg>
<arg>MM</arg>
<arg>MN</arg>
<arg>MO</arg>
<arg>MP</arg>
<arg>MQ</arg>
<arg>MR</arg>
<arg>MS</arg>
<arg>MT</arg>
<arg>MU</arg>
<arg>MV</arg>
<arg>MW</arg>
<arg>MX</arg>
<arg>MY</arg>
<arg>MZ</arg>
<arg>NA</arg>
<arg>NC</arg>
<arg>NE</arg>
<arg>NF</arg>
<arg>NG</arg>
<arg>NI</arg>
<arg>NL</arg>
<arg>NO</arg>
<arg>NP</arg>
<arg>NR</arg>
<arg>NU</arg>
<arg>NZ</arg>
<arg>OM</arg>
<arg>PA</arg>
<arg>PE</arg>
<arg>PF</arg>
<arg>PG</arg>
<arg>PH</arg>
<arg>PK</arg>
<arg>PL</arg>
<arg>PM</arg>
<arg>PN</arg>
<arg>PR</arg>
<arg>PS</arg>
<arg>PT</arg>
<arg>PW</arg>
<arg>PY</arg>
<arg>QA</arg>
<arg>RE</arg>
<arg>RO</arg>
<arg>RS</arg>
<arg>RU</arg>
<arg>RW</arg>
<arg>SA</arg>
<arg>SB</arg>
<arg>SC</arg>
<arg>SD</arg>
<arg>SE</arg>
<arg>SG</arg>
<arg>SH</arg>
<arg>SI</arg>
<arg>SJ</arg>
<arg>SK</arg>
<arg>SL</arg>
<arg>SM</arg>
<arg>SN</arg>
<arg>SO</arg>
<arg>SR</arg>
<arg>SS</arg>
<arg>ST</arg>
<arg>SV</arg>
<arg>SX</arg>
<arg>SY</arg>
<arg>SZ</arg>
<arg>TC</arg>
<arg>TD</arg>
<arg>TF</arg>
<arg>TG</arg>
<arg>TH</arg>
<arg>TJ</arg>
<arg>TK</arg>
<arg>TL</arg>
<arg>TM</arg>
<arg>TN</arg>
<arg>TO</arg>
<arg>TR</arg>
<arg>TT</arg>
<arg>TV</arg>
<arg>TW</arg>
<arg>TZ</arg>
<arg>UA</arg>
<arg>UG</arg>
<arg>UM</arg>
<arg>US</arg>
<arg>UY</arg>
<arg>UZ</arg>
<arg>VA</arg>
<arg>VC</arg>
<arg>VE</arg>
<arg>VG</arg>
<arg>VI</arg>
<arg>VN</arg>
<arg>VU</arg>
<arg>WF</arg>
<arg>WS</arg>
<arg>XK</arg>
<arg>YE</arg>
<arg>YT</arg>
<arg>ZA</arg>
<arg>ZM</arg>
<arg>ZW</arg>
<doc>Returns a list containing given items.</doc>
<status status="PASS" start="2024-07-02T12:27:04.816099" elapsed="0.000616"/>
</kw>
<kw name="List Should Contain Value" owner="Collections">
<arg>${list_country}</arg>
<arg>${name_country}</arg>
<doc>Fails if the ``value`` is not found from ``list``.</doc>
<status status="PASS" start="2024-07-02T12:27:04.817510" elapsed="0.000233"/>
</kw>
<kw name="Run Keyword If" owner="BuiltIn">
<kw name="Should Be True" owner="BuiltIn">
<arg>${True}</arg>
<doc>Fails if the given condition is not true.</doc>
<status status="PASS" start="2024-07-02T12:27:04.818678" elapsed="0.000146"/>
</kw>
<arg>${json_data["results"][0]["location"]["coordinates"]["latitude"]} &gt;= -90 and ${json_data["results"][0]["location"]["coordinates"]["latitude"]} &lt;= 90</arg>
<arg>Should Be True</arg>
<arg>${True}</arg>
<doc>Runs the given keyword with the given arguments, if ``condition`` is true.</doc>
<status status="PASS" start="2024-07-02T12:27:04.817939" elapsed="0.001008"/>
</kw>
<kw name="Run Keyword If" owner="BuiltIn">
<kw name="Should Be True" owner="BuiltIn">
<arg>${True}</arg>
<doc>Fails if the given condition is not true.</doc>
<status status="PASS" start="2024-07-02T12:27:04.819810" elapsed="0.000233"/>
</kw>
<arg>${json_data["results"][0]["location"]["coordinates"]["longitude"]} &gt;= -180 and ${json_data["results"][0]["location"]["coordinates"]["longitude"]} &lt;= 180</arg>
<arg>Should Be True</arg>
<arg>${True}</arg>
<doc>Runs the given keyword with the given arguments, if ``condition`` is true.</doc>
<status status="PASS" start="2024-07-02T12:27:04.819125" elapsed="0.001051"/>
</kw>
<status status="PASS" start="2024-07-02T12:27:04.711465" elapsed="0.108843"/>
</kw>
<doc>Testa o conteúdo específico dos campos retornados pela API.</doc>
<tag>testeConteudo</tag>
<status status="PASS" start="2024-07-02T12:27:04.710939" elapsed="0.109518"/>
</test>
<status status="PASS" start="2024-07-02T12:27:03.809236" elapsed="1.013258"/>
</suite>
<status status="PASS" start="2024-07-02T12:27:03.794425" elapsed="1.033122"/>
</suite>
<statistics>
<total>
<stat pass="5" fail="0" skip="0">All Tests</stat>
</total>
<tag>
<stat pass="1" fail="0" skip="0">testeConteudo</stat>
<stat pass="1" fail="0" skip="0">testeEstruturaResposta</stat>
<stat pass="1" fail="0" skip="0">testeRequisicaoBasica</stat>
<stat pass="1" fail="0" skip="0">testeTiposDados</stat>
</tag>
<suite>
<stat pass="5" fail="0" skip="0" id="s1" name="Tests">Tests</stat>
<stat pass="5" fail="0" skip="0" id="s1-s1" name="Random-User-Test">Tests.Random-User-Test</stat>
</suite>
</statistics>
<errors>
</errors>
</robot>
