<?xml version="1.0" encoding="UTF-8"?>
<robot generator="Robot 7.0.1 (Python 3.12.3 on linux)" generated="2024-06-17T16:19:17.677035" rpa="false" schemaversion="5">
<suite id="s1" name="Tests" source="/home/runner/work/ApiRandomUser/ApiRandomUser/RamdonUser/tests">
<suite id="s1-s1" name="Random-User-Test" source="/home/runner/work/ApiRandomUser/ApiRandomUser/RamdonUser/tests/random-user-test.robot">
<test id="s1-s1-t1" name="Conectar" line="13">
<kw name="Conectar API" owner="random-user-service">
<kw name="Create Session" owner="RequestsLibrary">
<msg time="2024-06-17T16:19:18.091883" level="INFO">Creating Session using : alias=consultarAPI, url=https://randomuser.me/, headers={},                     cookies={}, auth=None, timeout=None, proxies=None, verify=False,                     debug=0 </msg>
<arg>consultarAPI</arg>
<arg>${URL}</arg>
<doc>Create Session: create a HTTP session to a server</doc>
<status status="PASS" start="2024-06-17T16:19:18.091679" elapsed="0.000387"/>
</kw>
<status status="PASS" start="2024-06-17T16:19:18.090634" elapsed="0.001803"/>
</kw>
<status status="PASS" start="2024-06-17T16:19:18.090080" elapsed="0.002551"/>
</test>
<test id="s1-s1-t2" name="Validar retorno 200 e JSON Válido" line="16">
<kw name="Teste de Requisicao Basica" owner="random-user-service">
<kw name="GET On Session" owner="RequestsLibrary">
<msg time="2024-06-17T16:19:18.223286" level="INFO">GET Request : url=https://randomuser.me/api 
 path_url=/api 
 headers={'User-Agent': 'python-requests/2.32.3', 'Accept-Encoding': 'gzip, deflate', 'Accept': '*/*', 'Connection': 'keep-alive'} 
 body=None 
 </msg>
<msg time="2024-06-17T16:19:18.223517" level="INFO">GET Response : url=https://randomuser.me/api 
 status=200, reason=OK 
 headers={'Date': 'Mon, 17 Jun 2024 16:19:18 GMT', 'Content-Type': 'application/json; charset=utf-8', 'Transfer-Encoding': 'chunked', 'Connection': 'keep-alive', 'X-Powered-By': 'Express', 'Access-Control-Allow-Origin': '*', 'Cache-Control': 'no-cache', 'ETag': 'W/"49b-0QL+3zOgLWPSvWvS66aByV5EAYY"', 'Vary': 'Accept-Encoding', 'Content-Encoding': 'gzip', 'CF-Cache-Status': 'DYNAMIC', 'Report-To': '{"endpoints":[{"url":"https:\\/\\/a.nel.cloudflare.com\\/report\\/v4?s=%2BXZwIiQw6JBXhE3uC%2FNLyNWYMOjw%2BxEoDEu1UtlTwNiGpNpRieUN2JmBH7q54XWmPuMw2CMxAmgbxH8SKwWBkgqIFGwUl%2F2%2FrGVf7A94RvU0JjrXXwAEmXH6ObfM9H7g"}],"group":"cf-nel","max_age":604800}', 'NEL': '{"success_fraction":0,"report_to":"cf-nel","max_age":604800}', 'Server': 'cloudflare', 'CF-RAY': '89545c464b3a6898-SJC', 'alt-svc': 'h3=":443"; ma=86400'} 
 body={"results":[{"gender":"female","name":{"title":"Miss","first":"Juliette","last":"Gauthier"},"location":{"street":{"number":3644,"name":"Rue des Cuirassiers"},"city":"Le Mans","state":"Hautes-Pyrénées","country":"France","postcode":45674,"coordinates":{"latitude":"-20.2277","longitude":"20.3403"},"timezone":{"offset":"-10:00","description":"Hawaii"}},"email":"juliette.gauthier@example.com","login":{"uuid":"75215b67-6191-4623-aba3-7993c243683f","username":"brownkoala621","password":"natural","salt":"gKgyjpOS","md5":"5a34f93a435e21f0859595766c4f1c0b","sha1":"8c389f10f1799b731b99aed0f7652d76a4a1d6cc","sha256":"3f6f4a7d97a54339a08043089ab051969c34c0f46bc4b318d10d51a9cf37e20f"},"dob":{"date":"1978-07-20T04:23:34.157Z","age":45},"registered":{"date":"2007-02-05T16:57:35.515Z","age":17},"phone":"01-22-35-29-67","cell":"06-38-18-06-38","id":{"name":"INSEE","value":"2780698142708 06"},"picture":{"large":"https://randomuser.me/api/portraits/women/78.jpg","medium":"https://randomuser.me/api/portraits/med/women/78.jpg","thumbnail":"https://randomuser.me/api/portraits/thumb/women/78.jpg"},"nat":"FR"}],"info":{"seed":"84c80766e7cd3f0a","results":1,"page":1,"version":"1.4"}} 
 </msg>
<msg time="2024-06-17T16:19:18.223646" level="INFO">/opt/hostedtoolcache/Python/3.12.3/x64/lib/python3.12/site-packages/urllib3/connectionpool.py:1099: InsecureRequestWarning: Unverified HTTPS request is being made to host 'randomuser.me'. Adding certificate verification is strongly advised. See: https://urllib3.readthedocs.io/en/latest/advanced-usage.html#tls-warnings
  warnings.warn(</msg>
<msg time="2024-06-17T16:19:18.223844" level="INFO">${response} = &lt;Response [200]&gt;</msg>
<var>${response}</var>
<arg>consultarAPI</arg>
<arg>/api</arg>
<doc>Sends a GET request on a previously created HTTP Session.</doc>
<status status="PASS" start="2024-06-17T16:19:18.095440" elapsed="0.128448"/>
</kw>
<kw name="Should Be Equal As Numbers" owner="BuiltIn">
<msg time="2024-06-17T16:19:18.225296" level="INFO">Argument types are:
&lt;class 'int'&gt;
&lt;class 'str'&gt;</msg>
<arg>${response.status_code}</arg>
<arg>200</arg>
<doc>Fails if objects are unequal after converting them to real numbers.</doc>
<status status="PASS" start="2024-06-17T16:19:18.224584" elapsed="0.000810"/>
</kw>
<kw name="Log" owner="BuiltIn">
<msg time="2024-06-17T16:19:18.226421" level="INFO">200</msg>
<arg>${response.status_code}</arg>
<doc>Logs the given message with the given level.</doc>
<status status="PASS" start="2024-06-17T16:19:18.225865" elapsed="0.000620"/>
</kw>
<kw name="Set Variable" owner="BuiltIn">
<msg time="2024-06-17T16:19:18.227681" level="INFO">${json_data} = {'results': [{'gender': 'female', 'name': {'title': 'Miss', 'first': 'Juliette', 'last': 'Gauthier'}, 'location': {'street': {'number': 3644, 'name': 'Rue des Cuirassiers'}, 'city': 'Le Mans', 'state'...</msg>
<var>${json_data}</var>
<arg>${response.json()}</arg>
<doc>Returns the given values which can then be assigned to a variables.</doc>
<status status="PASS" start="2024-06-17T16:19:18.226971" elapsed="0.000763"/>
</kw>
<kw name="Dictionary Should Contain Key" owner="Collections">
<arg>${json_data}</arg>
<arg>results</arg>
<doc>Fails if ``key`` is not found from ``dictionary``.</doc>
<status status="PASS" start="2024-06-17T16:19:18.228228" elapsed="0.000252"/>
</kw>
<status status="PASS" start="2024-06-17T16:19:18.095079" elapsed="0.133652"/>
</kw>
<doc>Testa se a API responde corretamente e retorna um objeto JSON válido.</doc>
<tag>testeRequisicaoBasica</tag>
<status status="PASS" start="2024-06-17T16:19:18.094550" elapsed="0.134497"/>
</test>
<test id="s1-s1-t3" name="Validar estrutura de resposta" line="22">
<kw name="Teste de Estrutura de Resposta" owner="random-user-service">
<kw name="GET On Session" owner="RequestsLibrary">
<msg time="2024-06-17T16:19:18.323911" level="INFO">GET Request : url=https://randomuser.me/api 
 path_url=/api 
 headers={'User-Agent': 'python-requests/2.32.3', 'Accept-Encoding': 'gzip, deflate', 'Accept': '*/*', 'Connection': 'keep-alive'} 
 body=None 
 </msg>
<msg time="2024-06-17T16:19:18.323982" level="INFO">GET Response : url=https://randomuser.me/api 
 status=200, reason=OK 
 headers={'Date': 'Mon, 17 Jun 2024 16:19:18 GMT', 'Content-Type': 'application/json; charset=utf-8', 'Transfer-Encoding': 'chunked', 'Connection': 'keep-alive', 'X-Powered-By': 'Express', 'Access-Control-Allow-Origin': '*', 'Cache-Control': 'no-cache', 'ETag': 'W/"487-YF+3cAr5VLsn1fTSwQJFd9CVYfA"', 'Vary': 'Accept-Encoding', 'Content-Encoding': 'gzip', 'CF-Cache-Status': 'DYNAMIC', 'Report-To': '{"endpoints":[{"url":"https:\\/\\/a.nel.cloudflare.com\\/report\\/v4?s=70aIP2%2FdPJSRn3HmoVvZRRQWI9m0RJ7dLLe3bqHTW%2F%2Bv9BovcUXibHGSkCCRR3kEu33DsXP8vxyaaEN55iOPy7M426fMxVAco8pm23gcF4m9VT0O%2BBprtSQFUydkmNLK"}],"group":"cf-nel","max_age":604800}', 'NEL': '{"success_fraction":0,"report_to":"cf-nel","max_age":604800}', 'Server': 'cloudflare', 'CF-RAY': '89545c46fbd76898-SJC', 'alt-svc': 'h3=":443"; ma=86400'} 
 body={"results":[{"gender":"female","name":{"title":"Miss","first":"Albetina","last":"Castro"},"location":{"street":{"number":7142,"name":"Rua São Luiz "},"city":"Campinas","state":"Ceará","country":"Brazil","postcode":65620,"coordinates":{"latitude":"-76.1315","longitude":"170.8482"},"timezone":{"offset":"+3:30","description":"Tehran"}},"email":"albetina.castro@example.com","login":{"uuid":"0209bc23-968b-46b3-bd59-e5b17ef55154","username":"organictiger420","password":"electron","salt":"zHSyRoD1","md5":"048e7123d54000b79875f946bc0a026d","sha1":"2d48d8e9dc573ee59ba9cd711eed5185a3f18490","sha256":"0b916cbb32a3c5c84744b2c9d6d2c94b18d1b2eea460bbfbf747ec88d000b696"},"dob":{"date":"1984-11-21T23:13:58.224Z","age":39},"registered":{"date":"2003-10-01T12:39:36.300Z","age":20},"phone":"(99) 3313-2503","cell":"(83) 4269-9668","id":{"name":"CPF","value":"567.743.300-46"},"picture":{"large":"https://randomuser.me/api/portraits/women/48.jpg","medium":"https://randomuser.me/api/portraits/med/women/48.jpg","thumbnail":"https://randomuser.me/api/portraits/thumb/women/48.jpg"},"nat":"BR"}],"info":{"seed":"de1c2936a1a7d381","results":1,"page":1,"version":"1.4"}} 
 </msg>
<msg time="2024-06-17T16:19:18.324103" level="INFO">/opt/hostedtoolcache/Python/3.12.3/x64/lib/python3.12/site-packages/urllib3/connectionpool.py:1099: InsecureRequestWarning: Unverified HTTPS request is being made to host 'randomuser.me'. Adding certificate verification is strongly advised. See: https://urllib3.readthedocs.io/en/latest/advanced-usage.html#tls-warnings
  warnings.warn(</msg>
<msg time="2024-06-17T16:19:18.324203" level="INFO">${response} = &lt;Response [200]&gt;</msg>
<var>${response}</var>
<arg>consultarAPI</arg>
<arg>/api</arg>
<doc>Sends a GET request on a previously created HTTP Session.</doc>
<status status="PASS" start="2024-06-17T16:19:18.233388" elapsed="0.090843"/>
</kw>
<kw name="Set Variable" owner="BuiltIn">
<msg time="2024-06-17T16:19:18.325120" level="INFO">${json_data} = {'results': [{'gender': 'female', 'name': {'title': 'Miss', 'first': 'Albetina', 'last': 'Castro'}, 'location': {'street': {'number': 7142, 'name': 'Rua São Luiz '}, 'city': 'Campinas', 'state': 'Cear...</msg>
<var>${json_data}</var>
<arg>${response.json()}</arg>
<doc>Returns the given values which can then be assigned to a variables.</doc>
<status status="PASS" start="2024-06-17T16:19:18.324639" elapsed="0.000513"/>
</kw>
<kw name="Log" owner="BuiltIn">
<msg time="2024-06-17T16:19:18.325679" level="INFO">{'results': [{'gender': 'female', 'name': {'title': 'Miss', 'first': 'Albetina', 'last': 'Castro'}, 'location': {'street': {'number': 7142, 'name': 'Rua São Luiz '}, 'city': 'Campinas', 'state': 'Ceará', 'country': 'Brazil', 'postcode': 65620, 'coordinates': {'latitude': '-76.1315', 'longitude': '170.8482'}, 'timezone': {'offset': '+3:30', 'description': 'Tehran'}}, 'email': 'albetina.castro@example.com', 'login': {'uuid': '0209bc23-968b-46b3-bd59-e5b17ef55154', 'username': 'organictiger420', 'password': 'electron', 'salt': 'zHSyRoD1', 'md5': '048e7123d54000b79875f946bc0a026d', 'sha1': '2d48d8e9dc573ee59ba9cd711eed5185a3f18490', 'sha256': '0b916cbb32a3c5c84744b2c9d6d2c94b18d1b2eea460bbfbf747ec88d000b696'}, 'dob': {'date': '1984-11-21T23:13:58.224Z', 'age': 39}, 'registered': {'date': '2003-10-01T12:39:36.300Z', 'age': 20}, 'phone': '(99) 3313-2503', 'cell': '(83) 4269-9668', 'id': {'name': 'CPF', 'value': '567.743.300-46'}, 'picture': {'large': 'https://randomuser.me/api/portraits/women/48.jpg', 'medium': 'https://randomuser.me/api/portraits/med/women/48.jpg', 'thumbnail': 'https://randomuser.me/api/portraits/thumb/women/48.jpg'}, 'nat': 'BR'}], 'info': {'seed': 'de1c2936a1a7d381', 'results': 1, 'page': 1, 'version': '1.4'}}</msg>
<arg>${json_data}</arg>
<doc>Logs the given message with the given level.</doc>
<status status="PASS" start="2024-06-17T16:19:18.325515" elapsed="0.000214"/>
</kw>
<kw name="Dictionary Should Contain Key" owner="Collections">
<arg>${json_data}</arg>
<arg>results</arg>
<doc>Fails if ``key`` is not found from ``dictionary``.</doc>
<status status="PASS" start="2024-06-17T16:19:18.326028" elapsed="0.000161"/>
</kw>
<kw name="Should Not Be Empty" owner="BuiltIn">
<msg time="2024-06-17T16:19:18.326502" level="INFO">Length is 2.</msg>
<arg>${json_data}</arg>
<doc>Verifies that the given item is not empty.</doc>
<status status="PASS" start="2024-06-17T16:19:18.326374" elapsed="0.000167"/>
</kw>
<kw name="Create List" owner="BuiltIn">
<msg time="2024-06-17T16:19:18.326982" level="INFO">${expected_keys} = ['gender', 'name', 'location', 'email', 'login']</msg>
<var>${expected_keys}</var>
<arg>gender</arg>
<arg>name</arg>
<arg>location</arg>
<arg>email</arg>
<arg>login</arg>
<doc>Returns a list containing given items.</doc>
<status status="PASS" start="2024-06-17T16:19:18.326834" elapsed="0.000172"/>
</kw>
<for flavor="IN">
<iter>
<kw name="Dictionary Should Contain Key" owner="Collections">
<arg>${json_data['results'][0]}</arg>
<arg>${key}</arg>
<doc>Fails if ``key`` is not found from ``dictionary``.</doc>
<status status="PASS" start="2024-06-17T16:19:18.327581" elapsed="0.000424"/>
</kw>
<kw name="Log" owner="BuiltIn">
<msg time="2024-06-17T16:19:18.328571" level="INFO">{'gender': 'female', 'name': {'title': 'Miss', 'first': 'Albetina', 'last': 'Castro'}, 'location': {'street': {'number': 7142, 'name': 'Rua São Luiz '}, 'city': 'Campinas', 'state': 'Ceará', 'country': 'Brazil', 'postcode': 65620, 'coordinates': {'latitude': '-76.1315', 'longitude': '170.8482'}, 'timezone': {'offset': '+3:30', 'description': 'Tehran'}}, 'email': 'albetina.castro@example.com', 'login': {'uuid': '0209bc23-968b-46b3-bd59-e5b17ef55154', 'username': 'organictiger420', 'password': 'electron', 'salt': 'zHSyRoD1', 'md5': '048e7123d54000b79875f946bc0a026d', 'sha1': '2d48d8e9dc573ee59ba9cd711eed5185a3f18490', 'sha256': '0b916cbb32a3c5c84744b2c9d6d2c94b18d1b2eea460bbfbf747ec88d000b696'}, 'dob': {'date': '1984-11-21T23:13:58.224Z', 'age': 39}, 'registered': {'date': '2003-10-01T12:39:36.300Z', 'age': 20}, 'phone': '(99) 3313-2503', 'cell': '(83) 4269-9668', 'id': {'name': 'CPF', 'value': '567.743.300-46'}, 'picture': {'large': 'https://randomuser.me/api/portraits/women/48.jpg', 'medium': 'https://randomuser.me/api/portraits/med/women/48.jpg', 'thumbnail': 'https://randomuser.me/api/portraits/thumb/women/48.jpg'}, 'nat': 'BR'}</msg>
<arg>${json_data['results'][0]}</arg>
<doc>Logs the given message with the given level.</doc>
<status status="PASS" start="2024-06-17T16:19:18.328203" elapsed="0.000420"/>
</kw>
<kw name="Log" owner="BuiltIn">
<msg time="2024-06-17T16:19:18.329053" level="INFO">gender</msg>
<arg>${key}</arg>
<doc>Logs the given message with the given level.</doc>
<status status="PASS" start="2024-06-17T16:19:18.328924" elapsed="0.000168"/>
</kw>
<var name="${key}">gender</var>
<status status="PASS" start="2024-06-17T16:19:18.327458" elapsed="0.001879"/>
</iter>
<iter>
<kw name="Dictionary Should Contain Key" owner="Collections">
<arg>${json_data['results'][0]}</arg>
<arg>${key}</arg>
<doc>Fails if ``key`` is not found from ``dictionary``.</doc>
<status status="PASS" start="2024-06-17T16:19:18.329647" elapsed="0.000397"/>
</kw>
<kw name="Log" owner="BuiltIn">
<msg time="2024-06-17T16:19:18.330594" level="INFO">{'gender': 'female', 'name': {'title': 'Miss', 'first': 'Albetina', 'last': 'Castro'}, 'location': {'street': {'number': 7142, 'name': 'Rua São Luiz '}, 'city': 'Campinas', 'state': 'Ceará', 'country': 'Brazil', 'postcode': 65620, 'coordinates': {'latitude': '-76.1315', 'longitude': '170.8482'}, 'timezone': {'offset': '+3:30', 'description': 'Tehran'}}, 'email': 'albetina.castro@example.com', 'login': {'uuid': '0209bc23-968b-46b3-bd59-e5b17ef55154', 'username': 'organictiger420', 'password': 'electron', 'salt': 'zHSyRoD1', 'md5': '048e7123d54000b79875f946bc0a026d', 'sha1': '2d48d8e9dc573ee59ba9cd711eed5185a3f18490', 'sha256': '0b916cbb32a3c5c84744b2c9d6d2c94b18d1b2eea460bbfbf747ec88d000b696'}, 'dob': {'date': '1984-11-21T23:13:58.224Z', 'age': 39}, 'registered': {'date': '2003-10-01T12:39:36.300Z', 'age': 20}, 'phone': '(99) 3313-2503', 'cell': '(83) 4269-9668', 'id': {'name': 'CPF', 'value': '567.743.300-46'}, 'picture': {'large': 'https://randomuser.me/api/portraits/women/48.jpg', 'medium': 'https://randomuser.me/api/portraits/med/women/48.jpg', 'thumbnail': 'https://randomuser.me/api/portraits/thumb/women/48.jpg'}, 'nat': 'BR'}</msg>
<arg>${json_data['results'][0]}</arg>
<doc>Logs the given message with the given level.</doc>
<status status="PASS" start="2024-06-17T16:19:18.330232" elapsed="0.000446"/>
</kw>
<kw name="Log" owner="BuiltIn">
<msg time="2024-06-17T16:19:18.331115" level="INFO">name</msg>
<arg>${key}</arg>
<doc>Logs the given message with the given level.</doc>
<status status="PASS" start="2024-06-17T16:19:18.330984" elapsed="0.000169"/>
</kw>
<var name="${key}">name</var>
<status status="PASS" start="2024-06-17T16:19:18.329527" elapsed="0.001855"/>
</iter>
<iter>
<kw name="Dictionary Should Contain Key" owner="Collections">
<arg>${json_data['results'][0]}</arg>
<arg>${key}</arg>
<doc>Fails if ``key`` is not found from ``dictionary``.</doc>
<status status="PASS" start="2024-06-17T16:19:18.331675" elapsed="0.000381"/>
</kw>
<kw name="Log" owner="BuiltIn">
<msg time="2024-06-17T16:19:18.332608" level="INFO">{'gender': 'female', 'name': {'title': 'Miss', 'first': 'Albetina', 'last': 'Castro'}, 'location': {'street': {'number': 7142, 'name': 'Rua São Luiz '}, 'city': 'Campinas', 'state': 'Ceará', 'country': 'Brazil', 'postcode': 65620, 'coordinates': {'latitude': '-76.1315', 'longitude': '170.8482'}, 'timezone': {'offset': '+3:30', 'description': 'Tehran'}}, 'email': 'albetina.castro@example.com', 'login': {'uuid': '0209bc23-968b-46b3-bd59-e5b17ef55154', 'username': 'organictiger420', 'password': 'electron', 'salt': 'zHSyRoD1', 'md5': '048e7123d54000b79875f946bc0a026d', 'sha1': '2d48d8e9dc573ee59ba9cd711eed5185a3f18490', 'sha256': '0b916cbb32a3c5c84744b2c9d6d2c94b18d1b2eea460bbfbf747ec88d000b696'}, 'dob': {'date': '1984-11-21T23:13:58.224Z', 'age': 39}, 'registered': {'date': '2003-10-01T12:39:36.300Z', 'age': 20}, 'phone': '(99) 3313-2503', 'cell': '(83) 4269-9668', 'id': {'name': 'CPF', 'value': '567.743.300-46'}, 'picture': {'large': 'https://randomuser.me/api/portraits/women/48.jpg', 'medium': 'https://randomuser.me/api/portraits/med/women/48.jpg', 'thumbnail': 'https://randomuser.me/api/portraits/thumb/women/48.jpg'}, 'nat': 'BR'}</msg>
<arg>${json_data['results'][0]}</arg>
<doc>Logs the given message with the given level.</doc>
<status status="PASS" start="2024-06-17T16:19:18.332247" elapsed="0.000413"/>
</kw>
<kw name="Log" owner="BuiltIn">
<msg time="2024-06-17T16:19:18.333080" level="INFO">location</msg>
<arg>${key}</arg>
<doc>Logs the given message with the given level.</doc>
<status status="PASS" start="2024-06-17T16:19:18.332953" elapsed="0.000164"/>
</kw>
<var name="${key}">location</var>
<status status="PASS" start="2024-06-17T16:19:18.331565" elapsed="0.001801"/>
</iter>
<iter>
<kw name="Dictionary Should Contain Key" owner="Collections">
<arg>${json_data['results'][0]}</arg>
<arg>${key}</arg>
<doc>Fails if ``key`` is not found from ``dictionary``.</doc>
<status status="PASS" start="2024-06-17T16:19:18.333645" elapsed="0.000385"/>
</kw>
<kw name="Log" owner="BuiltIn">
<msg time="2024-06-17T16:19:18.334574" level="INFO">{'gender': 'female', 'name': {'title': 'Miss', 'first': 'Albetina', 'last': 'Castro'}, 'location': {'street': {'number': 7142, 'name': 'Rua São Luiz '}, 'city': 'Campinas', 'state': 'Ceará', 'country': 'Brazil', 'postcode': 65620, 'coordinates': {'latitude': '-76.1315', 'longitude': '170.8482'}, 'timezone': {'offset': '+3:30', 'description': 'Tehran'}}, 'email': 'albetina.castro@example.com', 'login': {'uuid': '0209bc23-968b-46b3-bd59-e5b17ef55154', 'username': 'organictiger420', 'password': 'electron', 'salt': 'zHSyRoD1', 'md5': '048e7123d54000b79875f946bc0a026d', 'sha1': '2d48d8e9dc573ee59ba9cd711eed5185a3f18490', 'sha256': '0b916cbb32a3c5c84744b2c9d6d2c94b18d1b2eea460bbfbf747ec88d000b696'}, 'dob': {'date': '1984-11-21T23:13:58.224Z', 'age': 39}, 'registered': {'date': '2003-10-01T12:39:36.300Z', 'age': 20}, 'phone': '(99) 3313-2503', 'cell': '(83) 4269-9668', 'id': {'name': 'CPF', 'value': '567.743.300-46'}, 'picture': {'large': 'https://randomuser.me/api/portraits/women/48.jpg', 'medium': 'https://randomuser.me/api/portraits/med/women/48.jpg', 'thumbnail': 'https://randomuser.me/api/portraits/thumb/women/48.jpg'}, 'nat': 'BR'}</msg>
<arg>${json_data['results'][0]}</arg>
<doc>Logs the given message with the given level.</doc>
<status status="PASS" start="2024-06-17T16:19:18.334211" elapsed="0.000413"/>
</kw>
<kw name="Log" owner="BuiltIn">
<msg time="2024-06-17T16:19:18.335060" level="INFO">email</msg>
<arg>${key}</arg>
<doc>Logs the given message with the given level.</doc>
<status status="PASS" start="2024-06-17T16:19:18.334928" elapsed="0.000170"/>
</kw>
<var name="${key}">email</var>
<status status="PASS" start="2024-06-17T16:19:18.333538" elapsed="0.001779"/>
</iter>
<iter>
<kw name="Dictionary Should Contain Key" owner="Collections">
<arg>${json_data['results'][0]}</arg>
<arg>${key}</arg>
<doc>Fails if ``key`` is not found from ``dictionary``.</doc>
<status status="PASS" start="2024-06-17T16:19:18.335601" elapsed="0.000385"/>
</kw>
<kw name="Log" owner="BuiltIn">
<msg time="2024-06-17T16:19:18.336534" level="INFO">{'gender': 'female', 'name': {'title': 'Miss', 'first': 'Albetina', 'last': 'Castro'}, 'location': {'street': {'number': 7142, 'name': 'Rua São Luiz '}, 'city': 'Campinas', 'state': 'Ceará', 'country': 'Brazil', 'postcode': 65620, 'coordinates': {'latitude': '-76.1315', 'longitude': '170.8482'}, 'timezone': {'offset': '+3:30', 'description': 'Tehran'}}, 'email': 'albetina.castro@example.com', 'login': {'uuid': '0209bc23-968b-46b3-bd59-e5b17ef55154', 'username': 'organictiger420', 'password': 'electron', 'salt': 'zHSyRoD1', 'md5': '048e7123d54000b79875f946bc0a026d', 'sha1': '2d48d8e9dc573ee59ba9cd711eed5185a3f18490', 'sha256': '0b916cbb32a3c5c84744b2c9d6d2c94b18d1b2eea460bbfbf747ec88d000b696'}, 'dob': {'date': '1984-11-21T23:13:58.224Z', 'age': 39}, 'registered': {'date': '2003-10-01T12:39:36.300Z', 'age': 20}, 'phone': '(99) 3313-2503', 'cell': '(83) 4269-9668', 'id': {'name': 'CPF', 'value': '567.743.300-46'}, 'picture': {'large': 'https://randomuser.me/api/portraits/women/48.jpg', 'medium': 'https://randomuser.me/api/portraits/med/women/48.jpg', 'thumbnail': 'https://randomuser.me/api/portraits/thumb/women/48.jpg'}, 'nat': 'BR'}</msg>
<arg>${json_data['results'][0]}</arg>
<doc>Logs the given message with the given level.</doc>
<status status="PASS" start="2024-06-17T16:19:18.336171" elapsed="0.000414"/>
</kw>
<kw name="Log" owner="BuiltIn">
<msg time="2024-06-17T16:19:18.337222" level="INFO">login</msg>
<arg>${key}</arg>
<doc>Logs the given message with the given level.</doc>
<status status="PASS" start="2024-06-17T16:19:18.336942" elapsed="0.000322"/>
</kw>
<var name="${key}">login</var>
<status status="PASS" start="2024-06-17T16:19:18.335491" elapsed="0.002017"/>
</iter>
<var>${key}</var>
<value>@{expected_keys}</value>
<status status="PASS" start="2024-06-17T16:19:18.327270" elapsed="0.010362"/>
</for>
<kw name="Create List" owner="BuiltIn">
<msg time="2024-06-17T16:19:18.337964" level="INFO">${expected_keysTwo} = ['username', 'password']</msg>
<var>${expected_keysTwo}</var>
<arg>username</arg>
<arg>password</arg>
<doc>Returns a list containing given items.</doc>
<status status="PASS" start="2024-06-17T16:19:18.337824" elapsed="0.000164"/>
</kw>
<for flavor="IN">
<iter>
<kw name="Dictionary Should Contain Key" owner="Collections">
<arg>${json_data['results'][0]['login']}</arg>
<arg>${keyTwo}</arg>
<doc>Fails if ``key`` is not found from ``dictionary``.</doc>
<status status="PASS" start="2024-06-17T16:19:18.338528" elapsed="0.000385"/>
</kw>
<kw name="Dictionary Should Contain Key" owner="Collections">
<arg>${json_data['results'][0]['login']}</arg>
<arg>${keyTwo}</arg>
<doc>Fails if ``key`` is not found from ``dictionary``.</doc>
<status status="PASS" start="2024-06-17T16:19:18.339099" elapsed="0.000384"/>
</kw>
<kw name="Log" owner="BuiltIn">
<msg time="2024-06-17T16:19:18.339789" level="INFO">username</msg>
<arg>${keyTwo}</arg>
<doc>Logs the given message with the given level.</doc>
<status status="PASS" start="2024-06-17T16:19:18.339667" elapsed="0.000160"/>
</kw>
<var name="${keyTwo}">username</var>
<status status="PASS" start="2024-06-17T16:19:18.338420" elapsed="0.001627"/>
</iter>
<iter>
<kw name="Dictionary Should Contain Key" owner="Collections">
<arg>${json_data['results'][0]['login']}</arg>
<arg>${keyTwo}</arg>
<doc>Fails if ``key`` is not found from ``dictionary``.</doc>
<status status="PASS" start="2024-06-17T16:19:18.340327" elapsed="0.000379"/>
</kw>
<kw name="Dictionary Should Contain Key" owner="Collections">
<arg>${json_data['results'][0]['login']}</arg>
<arg>${keyTwo}</arg>
<doc>Fails if ``key`` is not found from ``dictionary``.</doc>
<status status="PASS" start="2024-06-17T16:19:18.340888" elapsed="0.000421"/>
</kw>
<kw name="Log" owner="BuiltIn">
<msg time="2024-06-17T16:19:18.341623" level="INFO">password</msg>
<arg>${keyTwo}</arg>
<doc>Logs the given message with the given level.</doc>
<status status="PASS" start="2024-06-17T16:19:18.341498" elapsed="0.000163"/>
</kw>
<var name="${keyTwo}">password</var>
<status status="PASS" start="2024-06-17T16:19:18.340221" elapsed="0.001661"/>
</iter>
<var>${keyTwo}</var>
<value>@{expected_keysTwo}</value>
<status status="PASS" start="2024-06-17T16:19:18.338259" elapsed="0.003745"/>
</for>
<status status="PASS" start="2024-06-17T16:19:18.233106" elapsed="0.109036"/>
</kw>
<doc>Testa a estrutura da resposta da API.</doc>
<tag>testeEstruturaResposta</tag>
<status status="PASS" start="2024-06-17T16:19:18.232303" elapsed="0.109991"/>
</test>
<test id="s1-s1-t4" name="Validar tipos de dados" line="28">
<kw name="Teste de Tipos de Dados" owner="random-user-service">
<kw name="GET On Session" owner="RequestsLibrary">
<msg time="2024-06-17T16:19:18.443866" level="INFO">GET Request : url=https://randomuser.me/api 
 path_url=/api 
 headers={'User-Agent': 'python-requests/2.32.3', 'Accept-Encoding': 'gzip, deflate', 'Accept': '*/*', 'Connection': 'keep-alive'} 
 body=None 
 </msg>
<msg time="2024-06-17T16:19:18.443972" level="INFO">GET Response : url=https://randomuser.me/api 
 status=200, reason=OK 
 headers={'Date': 'Mon, 17 Jun 2024 16:19:18 GMT', 'Content-Type': 'application/json; charset=utf-8', 'Transfer-Encoding': 'chunked', 'Connection': 'keep-alive', 'X-Powered-By': 'Express', 'Access-Control-Allow-Origin': '*', 'Cache-Control': 'no-cache', 'ETag': 'W/"48a-RoUUKWCfZpNB0Cdq5OApacdXH9c"', 'Vary': 'Accept-Encoding', 'Content-Encoding': 'gzip', 'CF-Cache-Status': 'DYNAMIC', 'Report-To': '{"endpoints":[{"url":"https:\\/\\/a.nel.cloudflare.com\\/report\\/v4?s=L0qfloBzWD8QajGu%2BbJ77qGp8rUUxdo2WDa0iGEXG8WKaAmWiutsxkfcIwgr1nNyZSJnnNcpF1bbiEPoEDE13HaA%2FuFB01XbBgke%2FgYXYNq%2FloCxLwyOAihFewvy0Yr1"}],"group":"cf-nel","max_age":604800}', 'NEL': '{"success_fraction":0,"report_to":"cf-nel","max_age":604800}', 'Server': 'cloudflare', 'CF-RAY': '89545c47ac946898-SJC', 'alt-svc': 'h3=":443"; ma=86400'} 
 body={"results":[{"gender":"male","name":{"title":"Mr","first":"Ricky","last":"Wells"},"location":{"street":{"number":5907,"name":"Depaul Dr"},"city":"Berkeley","state":"South Carolina","country":"United States","postcode":24063,"coordinates":{"latitude":"88.1917","longitude":"-176.6427"},"timezone":{"offset":"+2:00","description":"Kaliningrad, South Africa"}},"email":"ricky.wells@example.com","login":{"uuid":"cf8921c2-fb80-4954-b374-d0ffb6950c38","username":"heavyfish856","password":"celeste","salt":"0TFcKvtR","md5":"2933335a07367c08c9ee940351bd9e69","sha1":"0d2dc815caed2081801754c64f69207ff5e435d9","sha256":"df8abd58fca811e50c6f6092a3fec8b9e3f1e91fcdab21c735a4e81c9234c544"},"dob":{"date":"1947-07-14T18:13:39.675Z","age":76},"registered":{"date":"2021-12-12T16:48:48.133Z","age":2},"phone":"(735) 407-2532","cell":"(213) 340-9818","id":{"name":"SSN","value":"494-18-5457"},"picture":{"large":"https://randomuser.me/api/portraits/men/97.jpg","medium":"https://randomuser.me/api/portraits/med/men/97.jpg","thumbnail":"https://randomuser.me/api/portraits/thumb/men/97.jpg"},"nat":"US"}],"info":{"seed":"d468c4c6959b3339","results":1,"page":1,"version":"1.4"}} 
 </msg>
<msg time="2024-06-17T16:19:18.444053" level="INFO">/opt/hostedtoolcache/Python/3.12.3/x64/lib/python3.12/site-packages/urllib3/connectionpool.py:1099: InsecureRequestWarning: Unverified HTTPS request is being made to host 'randomuser.me'. Adding certificate verification is strongly advised. See: https://urllib3.readthedocs.io/en/latest/advanced-usage.html#tls-warnings
  warnings.warn(</msg>
<msg time="2024-06-17T16:19:18.444191" level="INFO">${response} = &lt;Response [200]&gt;</msg>
<var>${response}</var>
<arg>consultarAPI</arg>
<arg>/api</arg>
<doc>Sends a GET request on a previously created HTTP Session.</doc>
<status status="PASS" start="2024-06-17T16:19:18.344855" elapsed="0.099384"/>
</kw>
<kw name="Set Variable" owner="BuiltIn">
<msg time="2024-06-17T16:19:18.445495" level="INFO">${json_data} = {'results': [{'gender': 'male', 'name': {'title': 'Mr', 'first': 'Ricky', 'last': 'Wells'}, 'location': {'street': {'number': 5907, 'name': 'Depaul Dr'}, 'city': 'Berkeley', 'state': 'South Carolina',...</msg>
<var>${json_data}</var>
<arg>${response.json()}</arg>
<doc>Returns the given values which can then be assigned to a variables.</doc>
<status status="PASS" start="2024-06-17T16:19:18.444877" elapsed="0.000649"/>
</kw>
<kw name="Log" owner="BuiltIn">
<msg time="2024-06-17T16:19:18.446006" level="INFO">{'results': [{'gender': 'male', 'name': {'title': 'Mr', 'first': 'Ricky', 'last': 'Wells'}, 'location': {'street': {'number': 5907, 'name': 'Depaul Dr'}, 'city': 'Berkeley', 'state': 'South Carolina', 'country': 'United States', 'postcode': 24063, 'coordinates': {'latitude': '88.1917', 'longitude': '-176.6427'}, 'timezone': {'offset': '+2:00', 'description': 'Kaliningrad, South Africa'}}, 'email': 'ricky.wells@example.com', 'login': {'uuid': 'cf8921c2-fb80-4954-b374-d0ffb6950c38', 'username': 'heavyfish856', 'password': 'celeste', 'salt': '0TFcKvtR', 'md5': '2933335a07367c08c9ee940351bd9e69', 'sha1': '0d2dc815caed2081801754c64f69207ff5e435d9', 'sha256': 'df8abd58fca811e50c6f6092a3fec8b9e3f1e91fcdab21c735a4e81c9234c544'}, 'dob': {'date': '1947-07-14T18:13:39.675Z', 'age': 76}, 'registered': {'date': '2021-12-12T16:48:48.133Z', 'age': 2}, 'phone': '(735) 407-2532', 'cell': '(213) 340-9818', 'id': {'name': 'SSN', 'value': '494-18-5457'}, 'picture': {'large': 'https://randomuser.me/api/portraits/men/97.jpg', 'medium': 'https://randomuser.me/api/portraits/med/men/97.jpg', 'thumbnail': 'https://randomuser.me/api/portraits/thumb/men/97.jpg'}, 'nat': 'US'}], 'info': {'seed': 'd468c4c6959b3339', 'results': 1, 'page': 1, 'version': '1.4'}}</msg>
<arg>${json_data}</arg>
<doc>Logs the given message with the given level.</doc>
<status status="PASS" start="2024-06-17T16:19:18.445843" elapsed="0.000212"/>
</kw>
<kw name="Should Be String" owner="String">
<arg>${json_data['results'][0]['gender']}</arg>
<doc>Fails if the given ``item`` is not a string.</doc>
<status status="PASS" start="2024-06-17T16:19:18.446348" elapsed="0.000372"/>
</kw>
<kw name="Should Match Regexp" owner="BuiltIn">
<arg>${json_data['results'][0]['email']}</arg>
<arg>^[a-zA-Z0-9._%+-]+@[a-zA-Z0-9.-]+\.[a-zA-Z]{2,}$</arg>
<doc>Fails if ``string`` does not match ``pattern`` as a regular expression.</doc>
<status status="PASS" start="2024-06-17T16:19:18.446913" elapsed="0.000524"/>
</kw>
<kw name="Should Match Regexp" owner="BuiltIn">
<arg>${json_data['results'][0]['dob']['date']}</arg>
<arg>\\d{4}-\\d{2}-\\d{2}T\\d{2}:\\d{2}:\\d{2}\\.\\d{3}Z</arg>
<doc>Fails if ``string`` does not match ``pattern`` as a regular expression.</doc>
<status status="PASS" start="2024-06-17T16:19:18.447670" elapsed="0.000504"/>
</kw>
<kw name="Should Match Regexp" owner="BuiltIn">
<arg>${json_data['results'][0]['registered']['date']}</arg>
<arg>\\d{4}-\\d{2}-\\d{2}T\\d{2}:\\d{2}:\\d{2}\\.\\d{3}Z</arg>
<doc>Fails if ``string`` does not match ``pattern`` as a regular expression.</doc>
<status status="PASS" start="2024-06-17T16:19:18.448369" elapsed="0.000370"/>
</kw>
<kw name="Should Match Regexp" owner="BuiltIn">
<arg>${json_data['results'][0]['picture']['large']}</arg>
<arg>^https?://.*\.(?:png|jpe?g|gif|bmp)$</arg>
<doc>Fails if ``string`` does not match ``pattern`` as a regular expression.</doc>
<status status="PASS" start="2024-06-17T16:19:18.448928" elapsed="0.000502"/>
</kw>
<kw name="Should Match Regexp" owner="BuiltIn">
<arg>${json_data['results'][0]['picture']['medium']}</arg>
<arg>^https?://.*\.(?:png|jpe?g|gif|bmp)$</arg>
<doc>Fails if ``string`` does not match ``pattern`` as a regular expression.</doc>
<status status="PASS" start="2024-06-17T16:19:18.449626" elapsed="0.000364"/>
</kw>
<kw name="Should Match Regexp" owner="BuiltIn">
<arg>${json_data['results'][0]['picture']['thumbnail']}</arg>
<arg>^https?://.*\.(?:png|jpe?g|gif|bmp)$</arg>
<doc>Fails if ``string`` does not match ``pattern`` as a regular expression.</doc>
<status status="PASS" start="2024-06-17T16:19:18.450177" elapsed="0.000349"/>
</kw>
<kw name="Log" owner="BuiltIn">
<msg time="2024-06-17T16:19:18.451029" level="INFO">{'large': 'https://randomuser.me/api/portraits/men/97.jpg', 'medium': 'https://randomuser.me/api/portraits/med/men/97.jpg', 'thumbnail': 'https://randomuser.me/api/portraits/thumb/men/97.jpg'}</msg>
<arg>${json_data['results'][0]['picture']}</arg>
<doc>Logs the given message with the given level.</doc>
<status status="PASS" start="2024-06-17T16:19:18.450706" elapsed="0.000366"/>
</kw>
<status status="PASS" start="2024-06-17T16:19:18.344624" elapsed="0.106706"/>
</kw>
<kw name="Teste de Tipos de Dados - Postcode" owner="random-user-service">
<kw name="GET On Session" owner="RequestsLibrary">
<msg time="2024-06-17T16:19:18.540035" level="INFO">GET Request : url=https://randomuser.me/api 
 path_url=/api 
 headers={'User-Agent': 'python-requests/2.32.3', 'Accept-Encoding': 'gzip, deflate', 'Accept': '*/*', 'Connection': 'keep-alive'} 
 body=None 
 </msg>
<msg time="2024-06-17T16:19:18.540125" level="INFO">GET Response : url=https://randomuser.me/api 
 status=200, reason=OK 
 headers={'Date': 'Mon, 17 Jun 2024 16:19:18 GMT', 'Content-Type': 'application/json; charset=utf-8', 'Transfer-Encoding': 'chunked', 'Connection': 'keep-alive', 'X-Powered-By': 'Express', 'Access-Control-Allow-Origin': '*', 'Cache-Control': 'no-cache', 'ETag': 'W/"49d-8UXw5m2QNyq+1vsxgqB+DXvc42Y"', 'Vary': 'Accept-Encoding', 'Content-Encoding': 'gzip', 'CF-Cache-Status': 'DYNAMIC', 'Report-To': '{"endpoints":[{"url":"https:\\/\\/a.nel.cloudflare.com\\/report\\/v4?s=YKDbSeRQnFyo%2F4Xv0ZlEr4VkfvAX%2BnVj7JT90p2569Hq3W%2FyQHNjo8bhwqJepmSthICE4EpjXQeYeKBNrspvm8Cyqs696N3v1VJS7HHu9aIOwr8d8pHo2o82VORpyWXC"}],"group":"cf-nel","max_age":604800}', 'NEL': '{"success_fraction":0,"report_to":"cf-nel","max_age":604800}', 'Server': 'cloudflare', 'CF-RAY': '89545c485d346898-SJC', 'alt-svc': 'h3=":443"; ma=86400'} 
 body={"results":[{"gender":"female","name":{"title":"Ms","first":"Berta","last":"Nieto"},"location":{"street":{"number":7229,"name":"Calzada Norte Madrid"},"city":"Huepac","state":"Colima","country":"Mexico","postcode":50343,"coordinates":{"latitude":"25.9740","longitude":"39.3590"},"timezone":{"offset":"+10:00","description":"Eastern Australia, Guam, Vladivostok"}},"email":"berta.nieto@example.com","login":{"uuid":"29efb454-7115-4dcd-8365-72188397c292","username":"goldenladybug241","password":"heels","salt":"ffuZXYGl","md5":"51d6c7b8d44b28225d7e4435184a24c3","sha1":"e415df73b6ad85f23ec8be3da6b57ebe095dfe92","sha256":"708c3fbd395af77b6ed6cbabea43fe6088ed5e372141494237b519846bb16755"},"dob":{"date":"1950-10-15T06:39:49.658Z","age":73},"registered":{"date":"2013-07-10T09:07:51.603Z","age":10},"phone":"(625) 471 6150","cell":"(650) 110 5885","id":{"name":"NSS","value":"08 13 65 7880 1"},"picture":{"large":"https://randomuser.me/api/portraits/women/51.jpg","medium":"https://randomuser.me/api/portraits/med/women/51.jpg","thumbnail":"https://randomuser.me/api/portraits/thumb/women/51.jpg"},"nat":"MX"}],"info":{"seed":"aaeee1558aaf49e5","results":1,"page":1,"version":"1.4"}} 
 </msg>
<msg time="2024-06-17T16:19:18.540218" level="INFO">/opt/hostedtoolcache/Python/3.12.3/x64/lib/python3.12/site-packages/urllib3/connectionpool.py:1099: InsecureRequestWarning: Unverified HTTPS request is being made to host 'randomuser.me'. Adding certificate verification is strongly advised. See: https://urllib3.readthedocs.io/en/latest/advanced-usage.html#tls-warnings
  warnings.warn(</msg>
<msg time="2024-06-17T16:19:18.540353" level="INFO">${response} = &lt;Response [200]&gt;</msg>
<var>${response}</var>
<arg>consultarAPI</arg>
<arg>/api</arg>
<doc>Sends a GET request on a previously created HTTP Session.</doc>
<status status="PASS" start="2024-06-17T16:19:18.451793" elapsed="0.088611"/>
</kw>
<kw name="Set Variable" owner="BuiltIn">
<msg time="2024-06-17T16:19:18.541625" level="INFO">${json_data} = {'results': [{'gender': 'female', 'name': {'title': 'Ms', 'first': 'Berta', 'last': 'Nieto'}, 'location': {'street': {'number': 7229, 'name': 'Calzada Norte Madrid'}, 'city': 'Huepac', 'state': 'Colim...</msg>
<var>${json_data}</var>
<arg>${response.json()}</arg>
<doc>Returns the given values which can then be assigned to a variables.</doc>
<status status="PASS" start="2024-06-17T16:19:18.540977" elapsed="0.000677"/>
</kw>
<kw name="Log" owner="BuiltIn">
<msg time="2024-06-17T16:19:18.542121" level="INFO">{'results': [{'gender': 'female', 'name': {'title': 'Ms', 'first': 'Berta', 'last': 'Nieto'}, 'location': {'street': {'number': 7229, 'name': 'Calzada Norte Madrid'}, 'city': 'Huepac', 'state': 'Colima', 'country': 'Mexico', 'postcode': 50343, 'coordinates': {'latitude': '25.9740', 'longitude': '39.3590'}, 'timezone': {'offset': '+10:00', 'description': 'Eastern Australia, Guam, Vladivostok'}}, 'email': 'berta.nieto@example.com', 'login': {'uuid': '29efb454-7115-4dcd-8365-72188397c292', 'username': 'goldenladybug241', 'password': 'heels', 'salt': 'ffuZXYGl', 'md5': '51d6c7b8d44b28225d7e4435184a24c3', 'sha1': 'e415df73b6ad85f23ec8be3da6b57ebe095dfe92', 'sha256': '708c3fbd395af77b6ed6cbabea43fe6088ed5e372141494237b519846bb16755'}, 'dob': {'date': '1950-10-15T06:39:49.658Z', 'age': 73}, 'registered': {'date': '2013-07-10T09:07:51.603Z', 'age': 10}, 'phone': '(625) 471 6150', 'cell': '(650) 110 5885', 'id': {'name': 'NSS', 'value': '08 13 65 7880 1'}, 'picture': {'large': 'https://randomuser.me/api/portraits/women/51.jpg', 'medium': 'https://randomuser.me/api/portraits/med/women/51.jpg', 'thumbnail': 'https://randomuser.me/api/portraits/thumb/women/51.jpg'}, 'nat': 'MX'}], 'info': {'seed': 'aaeee1558aaf49e5', 'results': 1, 'page': 1, 'version': '1.4'}}</msg>
<arg>${json_data}</arg>
<doc>Logs the given message with the given level.</doc>
<status status="PASS" start="2024-06-17T16:19:18.541963" elapsed="0.000207"/>
</kw>
<kw name="Should Be Equal As Numbers" owner="BuiltIn">
<arg>${json_data['results'][0]['location']['postcode']}</arg>
<arg>${json_data['results'][0]['location']['postcode']}</arg>
<doc>Fails if objects are unequal after converting them to real numbers.</doc>
<status status="PASS" start="2024-06-17T16:19:18.542469" elapsed="0.000639"/>
</kw>
<kw name="Log" owner="BuiltIn">
<msg time="2024-06-17T16:19:18.543640" level="INFO">50343</msg>
<arg>${json_data['results'][0]['location']['postcode']}</arg>
<doc>Logs the given message with the given level.</doc>
<status status="PASS" start="2024-06-17T16:19:18.543300" elapsed="0.000381"/>
</kw>
<status status="PASS" start="2024-06-17T16:19:18.451559" elapsed="0.092404"/>
</kw>
<doc>Testa se os tipos de dados na resposta da API estão corretos.</doc>
<tag>testeTiposDados</tag>
<status status="PASS" start="2024-06-17T16:19:18.344086" elapsed="0.200051"/>
</test>
<test id="s1-s1-t5" name="Validar conteudo" line="35">
<kw name="Teste de Tipos de Conteudo" owner="random-user-service">
<kw name="GET On Session" owner="RequestsLibrary">
<msg time="2024-06-17T16:19:18.643904" level="INFO">GET Request : url=https://randomuser.me/api 
 path_url=/api 
 headers={'User-Agent': 'python-requests/2.32.3', 'Accept-Encoding': 'gzip, deflate', 'Accept': '*/*', 'Connection': 'keep-alive'} 
 body=None 
 </msg>
<msg time="2024-06-17T16:19:18.643990" level="INFO">GET Response : url=https://randomuser.me/api 
 status=200, reason=OK 
 headers={'Date': 'Mon, 17 Jun 2024 16:19:18 GMT', 'Content-Type': 'application/json; charset=utf-8', 'Transfer-Encoding': 'chunked', 'Connection': 'keep-alive', 'X-Powered-By': 'Express', 'Access-Control-Allow-Origin': '*', 'Cache-Control': 'no-cache', 'ETag': 'W/"49b-t3Ew9a7tZP1Lci8mZZvYYjsEKJc"', 'Vary': 'Accept-Encoding', 'Content-Encoding': 'gzip', 'CF-Cache-Status': 'DYNAMIC', 'Report-To': '{"endpoints":[{"url":"https:\\/\\/a.nel.cloudflare.com\\/report\\/v4?s=b5ivgjQGyYNr8moyDnufQsm4eeZkgd5GE%2FBmWhw0zJXO1DNiZ5h6K7%2BPn8Bju7zEeyluVWXi96H6MD9NuhIxH50EAKBFkbdf8YDST%2Bs0HjE%2BzRAUDc6lMbHxT8k8qFZ0"}],"group":"cf-nel","max_age":604800}', 'NEL': '{"success_fraction":0,"report_to":"cf-nel","max_age":604800}', 'Server': 'cloudflare', 'CF-RAY': '89545c48fdd46898-SJC', 'alt-svc': 'h3=":443"; ma=86400'} 
 body={"results":[{"gender":"female","name":{"title":"Ms","first":"Melina","last":"Šarić"},"location":{"street":{"number":6009,"name":"Posavskih Partizana"},"city":"Lajkovac","state":"Kolubara","country":"Serbia","postcode":46852,"coordinates":{"latitude":"61.7017","longitude":"75.2067"},"timezone":{"offset":"+1:00","description":"Brussels, Copenhagen, Madrid, Paris"}},"email":"melina.saric@example.com","login":{"uuid":"8ab79b62-6bfe-444f-b0dd-5e89598ffccf","username":"ticklishgoose895","password":"starship","salt":"R03ts0Rd","md5":"f723d4bdefdde5a1e339396beda47ba9","sha1":"261d7cbd12ab7afae34f756376362ea4de132475","sha256":"f13370065c4f6429dd1610fcd96ee43d7a333105c54385574fd85e468dbd00cb"},"dob":{"date":"1973-02-12T12:26:09.828Z","age":51},"registered":{"date":"2014-06-09T04:40:14.674Z","age":10},"phone":"025-9987-926","cell":"067-3695-419","id":{"name":"SID","value":"460607669"},"picture":{"large":"https://randomuser.me/api/portraits/women/35.jpg","medium":"https://randomuser.me/api/portraits/med/women/35.jpg","thumbnail":"https://randomuser.me/api/portraits/thumb/women/35.jpg"},"nat":"RS"}],"info":{"seed":"e81742eb94097bea","results":1,"page":1,"version":"1.4"}} 
 </msg>
<msg time="2024-06-17T16:19:18.644066" level="INFO">/opt/hostedtoolcache/Python/3.12.3/x64/lib/python3.12/site-packages/urllib3/connectionpool.py:1099: InsecureRequestWarning: Unverified HTTPS request is being made to host 'randomuser.me'. Adding certificate verification is strongly advised. See: https://urllib3.readthedocs.io/en/latest/advanced-usage.html#tls-warnings
  warnings.warn(</msg>
<msg time="2024-06-17T16:19:18.644183" level="INFO">${response} = &lt;Response [200]&gt;</msg>
<var>${response}</var>
<arg>consultarAPI</arg>
<arg>/api</arg>
<doc>Sends a GET request on a previously created HTTP Session.</doc>
<status status="PASS" start="2024-06-17T16:19:18.546819" elapsed="0.097414"/>
</kw>
<kw name="Set Variable" owner="BuiltIn">
<msg time="2024-06-17T16:19:18.645360" level="INFO">${json_data} = {'results': [{'gender': 'female', 'name': {'title': 'Ms', 'first': 'Melina', 'last': 'Šarić'}, 'location': {'street': {'number': 6009, 'name': 'Posavskih Partizana'}, 'city': 'Lajkovac', 'state': 'Kol...</msg>
<var>${json_data}</var>
<arg>${response.json()}</arg>
<doc>Returns the given values which can then be assigned to a variables.</doc>
<status status="PASS" start="2024-06-17T16:19:18.644755" elapsed="0.000637"/>
</kw>
<kw name="Set Variable" owner="BuiltIn">
<msg time="2024-06-17T16:19:18.646095" level="INFO">${name_title} = Ms</msg>
<var>${name_title}</var>
<arg>${json_data["results"][0]["name"]["title"]}</arg>
<doc>Returns the given values which can then be assigned to a variables.</doc>
<status status="PASS" start="2024-06-17T16:19:18.645706" elapsed="0.000415"/>
</kw>
<kw name="Create List" owner="BuiltIn">
<msg time="2024-06-17T16:19:18.646570" level="INFO">${allowed_titles} = ['Mr', 'Ms', 'Miss', 'Mrs', 'Madame', 'Monsieur']</msg>
<var>${allowed_titles}</var>
<arg>Mr</arg>
<arg>Ms</arg>
<arg>Miss</arg>
<arg>Mrs</arg>
<arg>Madame</arg>
<arg>Monsieur</arg>
<doc>Returns a list containing given items.</doc>
<status status="PASS" start="2024-06-17T16:19:18.646419" elapsed="0.000175"/>
</kw>
<kw name="List Should Contain Value" owner="Collections">
<arg>${allowed_titles}</arg>
<arg>${name_title}</arg>
<doc>Fails if the ``value`` is not found from ``list``.</doc>
<status status="PASS" start="2024-06-17T16:19:18.646895" elapsed="0.000174"/>
</kw>
<kw name="Set Variable" owner="BuiltIn">
<msg time="2024-06-17T16:19:18.647620" level="INFO">${name_country} = RS</msg>
<var>${name_country}</var>
<arg>${json_data["results"][0]["nat"]}</arg>
<doc>Returns the given values which can then be assigned to a variables.</doc>
<status status="PASS" start="2024-06-17T16:19:18.647245" elapsed="0.000400"/>
</kw>
<kw name="Create List" owner="BuiltIn">
<msg time="2024-06-17T16:19:18.648532" level="INFO">${list_country} = ['AD', 'AE', 'AF', 'AG', 'AI', 'AL', 'AM', 'AO', 'AQ', 'AR', 'AS', 'AT', 'AU', 'AW', 'AX', 'AZ', 'BA', 'BB', 'BD', 'BE', 'BF', 'BG', 'BH', 'BI', 'BJ', 'BL', 'BM', 'BN', 'BO', 'BQ', 'BR', 'BS', 'BT', '...</msg>
<var>${list_country}</var>
<arg>AD</arg>
<arg>AE</arg>
<arg>AF</arg>
<arg>AG</arg>
<arg>AI</arg>
<arg>AL</arg>
<arg>AM</arg>
<arg>AO</arg>
<arg>AQ</arg>
<arg>AR</arg>
<arg>AS</arg>
<arg>AT</arg>
<arg>AU</arg>
<arg>AW</arg>
<arg>AX</arg>
<arg>AZ</arg>
<arg>BA</arg>
<arg>BB</arg>
<arg>BD</arg>
<arg>BE</arg>
<arg>BF</arg>
<arg>BG</arg>
<arg>BH</arg>
<arg>BI</arg>
<arg>BJ</arg>
<arg>BL</arg>
<arg>BM</arg>
<arg>BN</arg>
<arg>BO</arg>
<arg>BQ</arg>
<arg>BR</arg>
<arg>BS</arg>
<arg>BT</arg>
<arg>BV</arg>
<arg>BW</arg>
<arg>BY</arg>
<arg>BZ</arg>
<arg>CA</arg>
<arg>CC</arg>
<arg>CD</arg>
<arg>CF</arg>
<arg>CG</arg>
<arg>CH</arg>
<arg>CI</arg>
<arg>CK</arg>
<arg>CL</arg>
<arg>CM</arg>
<arg>CN</arg>
<arg>CO</arg>
<arg>CR</arg>
<arg>CU</arg>
<arg>CV</arg>
<arg>CW</arg>
<arg>CX</arg>
<arg>CY</arg>
<arg>CZ</arg>
<arg>DE</arg>
<arg>DJ</arg>
<arg>DK</arg>
<arg>DM</arg>
<arg>DO</arg>
<arg>DZ</arg>
<arg>EC</arg>
<arg>EE</arg>
<arg>EG</arg>
<arg>EH</arg>
<arg>ER</arg>
<arg>ES</arg>
<arg>ET</arg>
<arg>FI</arg>
<arg>FJ</arg>
<arg>FK</arg>
<arg>FM</arg>
<arg>FO</arg>
<arg>FR</arg>
<arg>GA</arg>
<arg>GB</arg>
<arg>GD</arg>
<arg>GE</arg>
<arg>GF</arg>
<arg>GG</arg>
<arg>GH</arg>
<arg>GI</arg>
<arg>GL</arg>
<arg>GM</arg>
<arg>GN</arg>
<arg>GP</arg>
<arg>GQ</arg>
<arg>GR</arg>
<arg>GS</arg>
<arg>GT</arg>
<arg>GU</arg>
<arg>GW</arg>
<arg>GY</arg>
<arg>HK</arg>
<arg>HM</arg>
<arg>HN</arg>
<arg>HR</arg>
<arg>HT</arg>
<arg>HU</arg>
<arg>ID</arg>
<arg>IE</arg>
<arg>IL</arg>
<arg>IM</arg>
<arg>IN</arg>
<arg>IO</arg>
<arg>IQ</arg>
<arg>IR</arg>
<arg>IS</arg>
<arg>IT</arg>
<arg>JE</arg>
<arg>JM</arg>
<arg>JO</arg>
<arg>JP</arg>
<arg>KE</arg>
<arg>KG</arg>
<arg>KH</arg>
<arg>KI</arg>
<arg>KM</arg>
<arg>KN</arg>
<arg>KP</arg>
<arg>KR</arg>
<arg>KW</arg>
<arg>KY</arg>
<arg>KZ</arg>
<arg>LA</arg>
<arg>LB</arg>
<arg>LC</arg>
<arg>LI</arg>
<arg>LK</arg>
<arg>LR</arg>
<arg>LS</arg>
<arg>LT</arg>
<arg>LU</arg>
<arg>LV</arg>
<arg>LY</arg>
<arg>MA</arg>
<arg>MC</arg>
<arg>MD</arg>
<arg>ME</arg>
<arg>MF</arg>
<arg>MG</arg>
<arg>MH</arg>
<arg>MK</arg>
<arg>ML</arg>
<arg>MM</arg>
<arg>MN</arg>
<arg>MO</arg>
<arg>MP</arg>
<arg>MQ</arg>
<arg>MR</arg>
<arg>MS</arg>
<arg>MT</arg>
<arg>MU</arg>
<arg>MV</arg>
<arg>MW</arg>
<arg>MX</arg>
<arg>MY</arg>
<arg>MZ</arg>
<arg>NA</arg>
<arg>NC</arg>
<arg>NE</arg>
<arg>NF</arg>
<arg>NG</arg>
<arg>NI</arg>
<arg>NL</arg>
<arg>NO</arg>
<arg>NP</arg>
<arg>NR</arg>
<arg>NU</arg>
<arg>NZ</arg>
<arg>OM</arg>
<arg>PA</arg>
<arg>PE</arg>
<arg>PF</arg>
<arg>PG</arg>
<arg>PH</arg>
<arg>PK</arg>
<arg>PL</arg>
<arg>PM</arg>
<arg>PN</arg>
<arg>PR</arg>
<arg>PS</arg>
<arg>PT</arg>
<arg>PW</arg>
<arg>PY</arg>
<arg>QA</arg>
<arg>RE</arg>
<arg>RO</arg>
<arg>RS</arg>
<arg>RU</arg>
<arg>RW</arg>
<arg>SA</arg>
<arg>SB</arg>
<arg>SC</arg>
<arg>SD</arg>
<arg>SE</arg>
<arg>SG</arg>
<arg>SH</arg>
<arg>SI</arg>
<arg>SJ</arg>
<arg>SK</arg>
<arg>SL</arg>
<arg>SM</arg>
<arg>SN</arg>
<arg>SO</arg>
<arg>SR</arg>
<arg>SS</arg>
<arg>ST</arg>
<arg>SV</arg>
<arg>SX</arg>
<arg>SY</arg>
<arg>SZ</arg>
<arg>TC</arg>
<arg>TD</arg>
<arg>TF</arg>
<arg>TG</arg>
<arg>TH</arg>
<arg>TJ</arg>
<arg>TK</arg>
<arg>TL</arg>
<arg>TM</arg>
<arg>TN</arg>
<arg>TO</arg>
<arg>TR</arg>
<arg>TT</arg>
<arg>TV</arg>
<arg>TW</arg>
<arg>TZ</arg>
<arg>UA</arg>
<arg>UG</arg>
<arg>UM</arg>
<arg>US</arg>
<arg>UY</arg>
<arg>UZ</arg>
<arg>VA</arg>
<arg>VC</arg>
<arg>VE</arg>
<arg>VG</arg>
<arg>VI</arg>
<arg>VN</arg>
<arg>VU</arg>
<arg>WF</arg>
<arg>WS</arg>
<arg>XK</arg>
<arg>YE</arg>
<arg>YT</arg>
<arg>ZA</arg>
<arg>ZM</arg>
<arg>ZW</arg>
<doc>Returns a list containing given items.</doc>
<status status="PASS" start="2024-06-17T16:19:18.647939" elapsed="0.000620"/>
</kw>
<kw name="List Should Contain Value" owner="Collections">
<arg>${list_country}</arg>
<arg>${name_country}</arg>
<doc>Fails if the ``value`` is not found from ``list``.</doc>
<status status="PASS" start="2024-06-17T16:19:18.649383" elapsed="0.000211"/>
</kw>
<kw name="Run Keyword If" owner="BuiltIn">
<kw name="Should Be True" owner="BuiltIn">
<arg>${True}</arg>
<doc>Fails if the given condition is not true.</doc>
<status status="PASS" start="2024-06-17T16:19:18.650644" elapsed="0.000143"/>
</kw>
<arg>${json_data["results"][0]["location"]["coordinates"]["latitude"]} &gt;= -90 and ${json_data["results"][0]["location"]["coordinates"]["latitude"]} &lt;= 90</arg>
<arg>Should Be True</arg>
<arg>${True}</arg>
<doc>Runs the given keyword with the given arguments, if ``condition`` is true.</doc>
<status status="PASS" start="2024-06-17T16:19:18.649797" elapsed="0.001117"/>
</kw>
<kw name="Run Keyword If" owner="BuiltIn">
<kw name="Should Be True" owner="BuiltIn">
<arg>${True}</arg>
<doc>Fails if the given condition is not true.</doc>
<status status="PASS" start="2024-06-17T16:19:18.651777" elapsed="0.000139"/>
</kw>
<arg>${json_data["results"][0]["location"]["coordinates"]["longitude"]} &gt;= -180 and ${json_data["results"][0]["location"]["coordinates"]["longitude"]} &lt;= 180</arg>
<arg>Should Be True</arg>
<arg>${True}</arg>
<doc>Runs the given keyword with the given arguments, if ``condition`` is true.</doc>
<status status="PASS" start="2024-06-17T16:19:18.651097" elapsed="0.000943"/>
</kw>
<status status="PASS" start="2024-06-17T16:19:18.546588" elapsed="0.105581"/>
</kw>
<doc>Testa o conteúdo específico dos campos retornados pela API.</doc>
<tag>testeConteudo</tag>
<status status="PASS" start="2024-06-17T16:19:18.546015" elapsed="0.106301"/>
</test>
<status status="PASS" start="2024-06-17T16:19:17.734370" elapsed="0.919970"/>
</suite>
<status status="PASS" start="2024-06-17T16:19:17.720947" elapsed="0.938444"/>
</suite>
<statistics>
<total>
<stat pass="5" fail="0" skip="0">All Tests</stat>
</total>
<tag>
<stat pass="1" fail="0" skip="0">testeConteudo</stat>
<stat pass="1" fail="0" skip="0">testeEstruturaResposta</stat>
<stat pass="1" fail="0" skip="0">testeRequisicaoBasica</stat>
<stat pass="1" fail="0" skip="0">testeTiposDados</stat>
</tag>
<suite>
<stat pass="5" fail="0" skip="0" id="s1" name="Tests">Tests</stat>
<stat pass="5" fail="0" skip="0" id="s1-s1" name="Random-User-Test">Tests.Random-User-Test</stat>
</suite>
</statistics>
<errors>
</errors>
</robot>
