<?xml version="1.0" encoding="UTF-8"?>
<robot generator="Robot 7.0 (Python 3.12.3 on linux)" generated="2024-06-09T15:14:22.155440" rpa="false" schemaversion="5">
<suite id="s1" name="Tests" source="/home/runner/work/ApiRandomUser/ApiRandomUser/RamdonUser/tests">
<suite id="s1-s1" name="Random-User-Test" source="/home/runner/work/ApiRandomUser/ApiRandomUser/RamdonUser/tests/random-user-test.robot">
<test id="s1-s1-t1" name="Conectar" line="13">
<kw name="Conectar API" owner="random-user-service">
<kw name="Create Session" owner="RequestsLibrary">
<msg time="2024-06-09T15:14:22.551549" level="INFO">Creating Session using : alias=consultarAPI, url=https://randomuser.me/, headers={},                     cookies={}, auth=None, timeout=None, proxies=None, verify=False,                     debug=0 </msg>
<arg>consultarAPI</arg>
<arg>${URL}</arg>
<doc>Create Session: create a HTTP session to a server</doc>
<status status="PASS" start="2024-06-09T15:14:22.551332" elapsed="0.000407"/>
</kw>
<status status="PASS" start="2024-06-09T15:14:22.550216" elapsed="0.001892"/>
</kw>
<status status="PASS" start="2024-06-09T15:14:22.549633" elapsed="0.002677"/>
</test>
<test id="s1-s1-t2" name="Validar retorno 200 e JSON Válido" line="16">
<kw name="Teste de Requisicao Basica" owner="random-user-service">
<kw name="GET On Session" owner="RequestsLibrary">
<msg time="2024-06-09T15:14:22.623300" level="INFO">GET Request : url=https://randomuser.me/api 
 path_url=/api 
 headers={'User-Agent': 'python-requests/2.32.3', 'Accept-Encoding': 'gzip, deflate', 'Accept': '*/*', 'Connection': 'keep-alive'} 
 body=None 
 </msg>
<msg time="2024-06-09T15:14:22.623422" level="INFO">GET Response : url=https://randomuser.me/api 
 status=200, reason=OK 
 headers={'Date': 'Sun, 09 Jun 2024 15:14:22 GMT', 'Content-Type': 'application/json; charset=utf-8', 'Transfer-Encoding': 'chunked', 'Connection': 'keep-alive', 'X-Powered-By': 'Express', 'Access-Control-Allow-Origin': '*', 'Cache-Control': 'no-cache', 'ETag': 'W/"485-gDEVaQj2C8X1B+qCI2LYqIqFrP8"', 'Vary': 'Accept-Encoding', 'Content-Encoding': 'gzip', 'CF-Cache-Status': 'DYNAMIC', 'Report-To': '{"endpoints":[{"url":"https:\\/\\/a.nel.cloudflare.com\\/report\\/v4?s=wIwNJ90kls6OfsbL%2FWHN9QW52snppIDBZ4fEVKrOKqGUAERN1pilOcGB1bWmUyaMD7jBG0y0Qw5NKp9DCULLffyEpYYfMVbnzLqzJP%2FKK5UXmTzsF%2FLvSObSafrSCNMk"}],"group":"cf-nel","max_age":604800}', 'NEL': '{"success_fraction":0,"report_to":"cf-nel","max_age":604800}', 'Server': 'cloudflare', 'CF-RAY': '8912122b1cc15b2f-IAD', 'alt-svc': 'h3=":443"; ma=86400'} 
 body={"results":[{"gender":"male","name":{"title":"Mr","first":"Frank","last":"Davidson"},"location":{"street":{"number":8892,"name":"Hogan St"},"city":"Kalgoorlie","state":"South Australia","country":"Australia","postcode":6278,"coordinates":{"latitude":"-87.2845","longitude":"-76.2055"},"timezone":{"offset":"-12:00","description":"Eniwetok, Kwajalein"}},"email":"frank.davidson@example.com","login":{"uuid":"530e6799-6eb5-465d-8757-b8fb4ab8de70","username":"goldenladybug742","password":"horny1","salt":"y6TvzwYr","md5":"fa501b3f375745a6c0b23025b1b5b55e","sha1":"90f413230cdfdc7a76aa2f2bb3bf47c60ffb2aec","sha256":"7631ef7292994578817806537c12152cd318fda1a6e24f703bd59352effd5c70"},"dob":{"date":"1973-03-29T22:58:42.412Z","age":51},"registered":{"date":"2021-08-12T23:31:35.845Z","age":2},"phone":"02-6758-9404","cell":"0484-006-329","id":{"name":"TFN","value":"824634947"},"picture":{"large":"https://randomuser.me/api/portraits/men/68.jpg","medium":"https://randomuser.me/api/portraits/med/men/68.jpg","thumbnail":"https://randomuser.me/api/portraits/thumb/men/68.jpg"},"nat":"AU"}],"info":{"seed":"a4a41a28d77c81ce","results":1,"page":1,"version":"1.4"}} 
 </msg>
<msg time="2024-06-09T15:14:22.623495" level="INFO">/opt/hostedtoolcache/Python/3.12.3/x64/lib/python3.12/site-packages/urllib3/connectionpool.py:1103: InsecureRequestWarning: Unverified HTTPS request is being made to host 'randomuser.me'. Adding certificate verification is strongly advised. See: https://urllib3.readthedocs.io/en/latest/advanced-usage.html#tls-warnings
  warnings.warn(</msg>
<msg time="2024-06-09T15:14:22.623618" level="INFO">${response} = &lt;Response [200]&gt;</msg>
<var>${response}</var>
<arg>consultarAPI</arg>
<arg>/api</arg>
<doc>Sends a GET request on a previously created HTTP Session.</doc>
<status status="PASS" start="2024-06-09T15:14:22.554948" elapsed="0.068712"/>
</kw>
<kw name="Should Be Equal As Numbers" owner="BuiltIn">
<msg time="2024-06-09T15:14:22.624695" level="INFO">Argument types are:
&lt;class 'int'&gt;
&lt;class 'str'&gt;</msg>
<arg>${response.status_code}</arg>
<arg>200</arg>
<doc>Fails if objects are unequal after converting them to real numbers.</doc>
<status status="PASS" start="2024-06-09T15:14:22.624183" elapsed="0.000578"/>
</kw>
<kw name="Log" owner="BuiltIn">
<msg time="2024-06-09T15:14:22.625479" level="INFO">200</msg>
<arg>${response.status_code}</arg>
<doc>Logs the given message with the given level.</doc>
<status status="PASS" start="2024-06-09T15:14:22.625125" elapsed="0.000402"/>
</kw>
<kw name="Set Variable" owner="BuiltIn">
<msg time="2024-06-09T15:14:22.626279" level="INFO">${json_data} = {'results': [{'gender': 'male', 'name': {'title': 'Mr', 'first': 'Frank', 'last': 'Davidson'}, 'location': {'street': {'number': 8892, 'name': 'Hogan St'}, 'city': 'Kalgoorlie', 'state': 'South Austra...</msg>
<var>${json_data}</var>
<arg>${response.json()}</arg>
<doc>Returns the given values which can then be assigned to a variables.</doc>
<status status="PASS" start="2024-06-09T15:14:22.625839" elapsed="0.000468"/>
</kw>
<kw name="Dictionary Should Contain Key" owner="Collections">
<msg time="2024-06-09T15:14:22.626816" level="INFO">False</msg>
<arg>${json_data}</arg>
<arg>results</arg>
<doc>Fails if ``key`` is not found from ``dictionary``.</doc>
<status status="PASS" start="2024-06-09T15:14:22.626613" elapsed="0.000384"/>
</kw>
<status status="PASS" start="2024-06-09T15:14:22.554671" elapsed="0.072594"/>
</kw>
<doc>Testa se a API responde corretamente e retorna um objeto JSON válido.</doc>
<tag>testeRequisicaoBasica</tag>
<status status="PASS" start="2024-06-09T15:14:22.554186" elapsed="0.073256"/>
</test>
<test id="s1-s1-t3" name="Validar estrutura de resposta" line="22">
<kw name="Teste de Estrutura de Resposta" owner="random-user-service">
<kw name="GET On Session" owner="RequestsLibrary">
<msg time="2024-06-09T15:14:22.708914" level="INFO">GET Request : url=https://randomuser.me/api 
 path_url=/api 
 headers={'User-Agent': 'python-requests/2.32.3', 'Accept-Encoding': 'gzip, deflate', 'Accept': '*/*', 'Connection': 'keep-alive'} 
 body=None 
 </msg>
<msg time="2024-06-09T15:14:22.709028" level="INFO">GET Response : url=https://randomuser.me/api 
 status=200, reason=OK 
 headers={'Date': 'Sun, 09 Jun 2024 15:14:22 GMT', 'Content-Type': 'application/json; charset=utf-8', 'Transfer-Encoding': 'chunked', 'Connection': 'keep-alive', 'X-Powered-By': 'Express', 'Access-Control-Allow-Origin': '*', 'Cache-Control': 'no-cache', 'ETag': 'W/"484-VuJa4WobulUUatKEwSdJNEZHlFE"', 'Vary': 'Accept-Encoding', 'Content-Encoding': 'gzip', 'CF-Cache-Status': 'DYNAMIC', 'Report-To': '{"endpoints":[{"url":"https:\\/\\/a.nel.cloudflare.com\\/report\\/v4?s=ogP%2FGbcvQty8Sf%2B30y6A8wxmy5xvyG1bpwDCtcfbJcj1RofP1BJKH4W4FtsYsnuiuBlPaBqx%2BBqqdQ5tAuZYQx8RdFAxWlL%2FLoaTUjCSktctaib9TpHRvLsIjpYV4lZE"}],"group":"cf-nel","max_age":604800}', 'NEL': '{"success_fraction":0,"report_to":"cf-nel","max_age":604800}', 'Server': 'cloudflare', 'CF-RAY': '8912122b6d095b2f-IAD', 'alt-svc': 'h3=":443"; ma=86400'} 
 body={"results":[{"gender":"male","name":{"title":"Mr","first":"Shivansh","last":"Naik"},"location":{"street":{"number":3474,"name":"Fontainhas"},"city":"Kota","state":"Jharkhand","country":"India","postcode":30389,"coordinates":{"latitude":"10.7370","longitude":"-162.0694"},"timezone":{"offset":"-5:00","description":"Eastern Time (US &amp; Canada), Bogota, Lima"}},"email":"shivansh.naik@example.com","login":{"uuid":"d9454873-54c2-4703-b0ae-24a22ced8778","username":"redtiger219","password":"2323","salt":"uqVlCann","md5":"dfb64054a7f690f2d20126f480efcdc2","sha1":"d623e22fdcdd54d9c1df238ddbf652dd20c495f7","sha256":"6a87d7cbc71078de71aef16592dca430b4504b2be4157f7283bccc443758596a"},"dob":{"date":"1959-10-14T08:01:26.860Z","age":64},"registered":{"date":"2016-01-02T09:53:47.538Z","age":8},"phone":"7788544537","cell":"8644469767","id":{"name":"UIDAI","value":"432571397838"},"picture":{"large":"https://randomuser.me/api/portraits/men/13.jpg","medium":"https://randomuser.me/api/portraits/med/men/13.jpg","thumbnail":"https://randomuser.me/api/portraits/thumb/men/13.jpg"},"nat":"IN"}],"info":{"seed":"b9da99dfd5721d58","results":1,"page":1,"version":"1.4"}} 
 </msg>
<msg time="2024-06-09T15:14:22.709173" level="INFO">/opt/hostedtoolcache/Python/3.12.3/x64/lib/python3.12/site-packages/urllib3/connectionpool.py:1103: InsecureRequestWarning: Unverified HTTPS request is being made to host 'randomuser.me'. Adding certificate verification is strongly advised. See: https://urllib3.readthedocs.io/en/latest/advanced-usage.html#tls-warnings
  warnings.warn(</msg>
<msg time="2024-06-09T15:14:22.709323" level="INFO">${response} = &lt;Response [200]&gt;</msg>
<var>${response}</var>
<arg>consultarAPI</arg>
<arg>/api</arg>
<doc>Sends a GET request on a previously created HTTP Session.</doc>
<status status="PASS" start="2024-06-09T15:14:22.629969" elapsed="0.079393"/>
</kw>
<kw name="Set Variable" owner="BuiltIn">
<msg time="2024-06-09T15:14:22.710581" level="INFO">${json_data} = {'results': [{'gender': 'male', 'name': {'title': 'Mr', 'first': 'Shivansh', 'last': 'Naik'}, 'location': {'street': {'number': 3474, 'name': 'Fontainhas'}, 'city': 'Kota', 'state': 'Jharkhand', 'coun...</msg>
<var>${json_data}</var>
<arg>${response.json()}</arg>
<doc>Returns the given values which can then be assigned to a variables.</doc>
<status status="PASS" start="2024-06-09T15:14:22.709999" elapsed="0.000613"/>
</kw>
<kw name="Log" owner="BuiltIn">
<msg time="2024-06-09T15:14:22.711176" level="INFO">{'results': [{'gender': 'male', 'name': {'title': 'Mr', 'first': 'Shivansh', 'last': 'Naik'}, 'location': {'street': {'number': 3474, 'name': 'Fontainhas'}, 'city': 'Kota', 'state': 'Jharkhand', 'country': 'India', 'postcode': 30389, 'coordinates': {'latitude': '10.7370', 'longitude': '-162.0694'}, 'timezone': {'offset': '-5:00', 'description': 'Eastern Time (US &amp; Canada), Bogota, Lima'}}, 'email': 'shivansh.naik@example.com', 'login': {'uuid': 'd9454873-54c2-4703-b0ae-24a22ced8778', 'username': 'redtiger219', 'password': '2323', 'salt': 'uqVlCann', 'md5': 'dfb64054a7f690f2d20126f480efcdc2', 'sha1': 'd623e22fdcdd54d9c1df238ddbf652dd20c495f7', 'sha256': '6a87d7cbc71078de71aef16592dca430b4504b2be4157f7283bccc443758596a'}, 'dob': {'date': '1959-10-14T08:01:26.860Z', 'age': 64}, 'registered': {'date': '2016-01-02T09:53:47.538Z', 'age': 8}, 'phone': '7788544537', 'cell': '8644469767', 'id': {'name': 'UIDAI', 'value': '432571397838'}, 'picture': {'large': 'https://randomuser.me/api/portraits/men/13.jpg', 'medium': 'https://randomuser.me/api/portraits/med/men/13.jpg', 'thumbnail': 'https://randomuser.me/api/portraits/thumb/men/13.jpg'}, 'nat': 'IN'}], 'info': {'seed': 'b9da99dfd5721d58', 'results': 1, 'page': 1, 'version': '1.4'}}</msg>
<arg>${json_data}</arg>
<doc>Logs the given message with the given level.</doc>
<status status="PASS" start="2024-06-09T15:14:22.711005" elapsed="0.000221"/>
</kw>
<kw name="Dictionary Should Contain Key" owner="Collections">
<msg time="2024-06-09T15:14:22.711702" level="INFO">False</msg>
<arg>${json_data}</arg>
<arg>results</arg>
<doc>Fails if ``key`` is not found from ``dictionary``.</doc>
<status status="PASS" start="2024-06-09T15:14:22.711534" elapsed="0.000207"/>
</kw>
<kw name="Should Not Be Empty" owner="BuiltIn">
<msg time="2024-06-09T15:14:22.712182" level="INFO">Length is 2.</msg>
<arg>${json_data}</arg>
<doc>Verifies that the given item is not empty.</doc>
<status status="PASS" start="2024-06-09T15:14:22.712041" elapsed="0.000181"/>
</kw>
<kw name="Create List" owner="BuiltIn">
<msg time="2024-06-09T15:14:22.712669" level="INFO">${expected_keys} = ['gender', 'name', 'location', 'email', 'login']</msg>
<var>${expected_keys}</var>
<arg>gender</arg>
<arg>name</arg>
<arg>location</arg>
<arg>email</arg>
<arg>login</arg>
<doc>Returns a list containing given items.</doc>
<status status="PASS" start="2024-06-09T15:14:22.712519" elapsed="0.000173"/>
</kw>
<for flavor="IN">
<iter>
<kw name="Dictionary Should Contain Key" owner="Collections">
<msg time="2024-06-09T15:14:22.713696" level="INFO">False</msg>
<arg>${json_data['results'][0]}</arg>
<arg>${key}</arg>
<doc>Fails if ``key`` is not found from ``dictionary``.</doc>
<status status="PASS" start="2024-06-09T15:14:22.713279" elapsed="0.000462"/>
</kw>
<kw name="Log" owner="BuiltIn">
<msg time="2024-06-09T15:14:22.714411" level="INFO">{'gender': 'male', 'name': {'title': 'Mr', 'first': 'Shivansh', 'last': 'Naik'}, 'location': {'street': {'number': 3474, 'name': 'Fontainhas'}, 'city': 'Kota', 'state': 'Jharkhand', 'country': 'India', 'postcode': 30389, 'coordinates': {'latitude': '10.7370', 'longitude': '-162.0694'}, 'timezone': {'offset': '-5:00', 'description': 'Eastern Time (US &amp; Canada), Bogota, Lima'}}, 'email': 'shivansh.naik@example.com', 'login': {'uuid': 'd9454873-54c2-4703-b0ae-24a22ced8778', 'username': 'redtiger219', 'password': '2323', 'salt': 'uqVlCann', 'md5': 'dfb64054a7f690f2d20126f480efcdc2', 'sha1': 'd623e22fdcdd54d9c1df238ddbf652dd20c495f7', 'sha256': '6a87d7cbc71078de71aef16592dca430b4504b2be4157f7283bccc443758596a'}, 'dob': {'date': '1959-10-14T08:01:26.860Z', 'age': 64}, 'registered': {'date': '2016-01-02T09:53:47.538Z', 'age': 8}, 'phone': '7788544537', 'cell': '8644469767', 'id': {'name': 'UIDAI', 'value': '432571397838'}, 'picture': {'large': 'https://randomuser.me/api/portraits/men/13.jpg', 'medium': 'https://randomuser.me/api/portraits/med/men/13.jpg', 'thumbnail': 'https://randomuser.me/api/portraits/thumb/men/13.jpg'}, 'nat': 'IN'}</msg>
<arg>${json_data['results'][0]}</arg>
<doc>Logs the given message with the given level.</doc>
<status status="PASS" start="2024-06-09T15:14:22.714044" elapsed="0.000427"/>
</kw>
<kw name="Log" owner="BuiltIn">
<msg time="2024-06-09T15:14:22.714949" level="INFO">gender</msg>
<arg>${key}</arg>
<doc>Logs the given message with the given level.</doc>
<status status="PASS" start="2024-06-09T15:14:22.714806" elapsed="0.000180"/>
</kw>
<var name="${key}">gender</var>
<status status="PASS" start="2024-06-09T15:14:22.713150" elapsed="0.002053"/>
</iter>
<iter>
<kw name="Dictionary Should Contain Key" owner="Collections">
<msg time="2024-06-09T15:14:22.715901" level="INFO">False</msg>
<arg>${json_data['results'][0]}</arg>
<arg>${key}</arg>
<doc>Fails if ``key`` is not found from ``dictionary``.</doc>
<status status="PASS" start="2024-06-09T15:14:22.715510" elapsed="0.000429"/>
</kw>
<kw name="Log" owner="BuiltIn">
<msg time="2024-06-09T15:14:22.716624" level="INFO">{'gender': 'male', 'name': {'title': 'Mr', 'first': 'Shivansh', 'last': 'Naik'}, 'location': {'street': {'number': 3474, 'name': 'Fontainhas'}, 'city': 'Kota', 'state': 'Jharkhand', 'country': 'India', 'postcode': 30389, 'coordinates': {'latitude': '10.7370', 'longitude': '-162.0694'}, 'timezone': {'offset': '-5:00', 'description': 'Eastern Time (US &amp; Canada), Bogota, Lima'}}, 'email': 'shivansh.naik@example.com', 'login': {'uuid': 'd9454873-54c2-4703-b0ae-24a22ced8778', 'username': 'redtiger219', 'password': '2323', 'salt': 'uqVlCann', 'md5': 'dfb64054a7f690f2d20126f480efcdc2', 'sha1': 'd623e22fdcdd54d9c1df238ddbf652dd20c495f7', 'sha256': '6a87d7cbc71078de71aef16592dca430b4504b2be4157f7283bccc443758596a'}, 'dob': {'date': '1959-10-14T08:01:26.860Z', 'age': 64}, 'registered': {'date': '2016-01-02T09:53:47.538Z', 'age': 8}, 'phone': '7788544537', 'cell': '8644469767', 'id': {'name': 'UIDAI', 'value': '432571397838'}, 'picture': {'large': 'https://randomuser.me/api/portraits/men/13.jpg', 'medium': 'https://randomuser.me/api/portraits/med/men/13.jpg', 'thumbnail': 'https://randomuser.me/api/portraits/thumb/men/13.jpg'}, 'nat': 'IN'}</msg>
<arg>${json_data['results'][0]}</arg>
<doc>Logs the given message with the given level.</doc>
<status status="PASS" start="2024-06-09T15:14:22.716263" elapsed="0.000421"/>
</kw>
<kw name="Log" owner="BuiltIn">
<msg time="2024-06-09T15:14:22.717115" level="INFO">name</msg>
<arg>${key}</arg>
<doc>Logs the given message with the given level.</doc>
<status status="PASS" start="2024-06-09T15:14:22.716986" elapsed="0.000167"/>
</kw>
<var name="${key}">name</var>
<status status="PASS" start="2024-06-09T15:14:22.715394" elapsed="0.001980"/>
</iter>
<iter>
<kw name="Dictionary Should Contain Key" owner="Collections">
<msg time="2024-06-09T15:14:22.718042" level="INFO">False</msg>
<arg>${json_data['results'][0]}</arg>
<arg>${key}</arg>
<doc>Fails if ``key`` is not found from ``dictionary``.</doc>
<status status="PASS" start="2024-06-09T15:14:22.717667" elapsed="0.000413"/>
</kw>
<kw name="Log" owner="BuiltIn">
<msg time="2024-06-09T15:14:22.718782" level="INFO">{'gender': 'male', 'name': {'title': 'Mr', 'first': 'Shivansh', 'last': 'Naik'}, 'location': {'street': {'number': 3474, 'name': 'Fontainhas'}, 'city': 'Kota', 'state': 'Jharkhand', 'country': 'India', 'postcode': 30389, 'coordinates': {'latitude': '10.7370', 'longitude': '-162.0694'}, 'timezone': {'offset': '-5:00', 'description': 'Eastern Time (US &amp; Canada), Bogota, Lima'}}, 'email': 'shivansh.naik@example.com', 'login': {'uuid': 'd9454873-54c2-4703-b0ae-24a22ced8778', 'username': 'redtiger219', 'password': '2323', 'salt': 'uqVlCann', 'md5': 'dfb64054a7f690f2d20126f480efcdc2', 'sha1': 'd623e22fdcdd54d9c1df238ddbf652dd20c495f7', 'sha256': '6a87d7cbc71078de71aef16592dca430b4504b2be4157f7283bccc443758596a'}, 'dob': {'date': '1959-10-14T08:01:26.860Z', 'age': 64}, 'registered': {'date': '2016-01-02T09:53:47.538Z', 'age': 8}, 'phone': '7788544537', 'cell': '8644469767', 'id': {'name': 'UIDAI', 'value': '432571397838'}, 'picture': {'large': 'https://randomuser.me/api/portraits/men/13.jpg', 'medium': 'https://randomuser.me/api/portraits/med/men/13.jpg', 'thumbnail': 'https://randomuser.me/api/portraits/thumb/men/13.jpg'}, 'nat': 'IN'}</msg>
<arg>${json_data['results'][0]}</arg>
<doc>Logs the given message with the given level.</doc>
<status status="PASS" start="2024-06-09T15:14:22.718389" elapsed="0.000453"/>
</kw>
<kw name="Log" owner="BuiltIn">
<msg time="2024-06-09T15:14:22.719470" level="INFO">location</msg>
<arg>${key}</arg>
<doc>Logs the given message with the given level.</doc>
<status status="PASS" start="2024-06-09T15:14:22.719273" elapsed="0.000259"/>
</kw>
<var name="${key}">location</var>
<status status="PASS" start="2024-06-09T15:14:22.717554" elapsed="0.002326"/>
</iter>
<iter>
<kw name="Dictionary Should Contain Key" owner="Collections">
<msg time="2024-06-09T15:14:22.720758" level="INFO">False</msg>
<arg>${json_data['results'][0]}</arg>
<arg>${key}</arg>
<doc>Fails if ``key`` is not found from ``dictionary``.</doc>
<status status="PASS" start="2024-06-09T15:14:22.720241" elapsed="0.000555"/>
</kw>
<kw name="Log" owner="BuiltIn">
<msg time="2024-06-09T15:14:22.721488" level="INFO">{'gender': 'male', 'name': {'title': 'Mr', 'first': 'Shivansh', 'last': 'Naik'}, 'location': {'street': {'number': 3474, 'name': 'Fontainhas'}, 'city': 'Kota', 'state': 'Jharkhand', 'country': 'India', 'postcode': 30389, 'coordinates': {'latitude': '10.7370', 'longitude': '-162.0694'}, 'timezone': {'offset': '-5:00', 'description': 'Eastern Time (US &amp; Canada), Bogota, Lima'}}, 'email': 'shivansh.naik@example.com', 'login': {'uuid': 'd9454873-54c2-4703-b0ae-24a22ced8778', 'username': 'redtiger219', 'password': '2323', 'salt': 'uqVlCann', 'md5': 'dfb64054a7f690f2d20126f480efcdc2', 'sha1': 'd623e22fdcdd54d9c1df238ddbf652dd20c495f7', 'sha256': '6a87d7cbc71078de71aef16592dca430b4504b2be4157f7283bccc443758596a'}, 'dob': {'date': '1959-10-14T08:01:26.860Z', 'age': 64}, 'registered': {'date': '2016-01-02T09:53:47.538Z', 'age': 8}, 'phone': '7788544537', 'cell': '8644469767', 'id': {'name': 'UIDAI', 'value': '432571397838'}, 'picture': {'large': 'https://randomuser.me/api/portraits/men/13.jpg', 'medium': 'https://randomuser.me/api/portraits/med/men/13.jpg', 'thumbnail': 'https://randomuser.me/api/portraits/thumb/men/13.jpg'}, 'nat': 'IN'}</msg>
<arg>${json_data['results'][0]}</arg>
<doc>Logs the given message with the given level.</doc>
<status status="PASS" start="2024-06-09T15:14:22.721121" elapsed="0.000418"/>
</kw>
<kw name="Log" owner="BuiltIn">
<msg time="2024-06-09T15:14:22.721971" level="INFO">email</msg>
<arg>${key}</arg>
<doc>Logs the given message with the given level.</doc>
<status status="PASS" start="2024-06-09T15:14:22.721841" elapsed="0.000167"/>
</kw>
<var name="${key}">email</var>
<status status="PASS" start="2024-06-09T15:14:22.720121" elapsed="0.002105"/>
</iter>
<iter>
<kw name="Dictionary Should Contain Key" owner="Collections">
<msg time="2024-06-09T15:14:22.722937" level="INFO">False</msg>
<arg>${json_data['results'][0]}</arg>
<arg>${key}</arg>
<doc>Fails if ``key`` is not found from ``dictionary``.</doc>
<status status="PASS" start="2024-06-09T15:14:22.722518" elapsed="0.000457"/>
</kw>
<kw name="Log" owner="BuiltIn">
<msg time="2024-06-09T15:14:22.723633" level="INFO">{'gender': 'male', 'name': {'title': 'Mr', 'first': 'Shivansh', 'last': 'Naik'}, 'location': {'street': {'number': 3474, 'name': 'Fontainhas'}, 'city': 'Kota', 'state': 'Jharkhand', 'country': 'India', 'postcode': 30389, 'coordinates': {'latitude': '10.7370', 'longitude': '-162.0694'}, 'timezone': {'offset': '-5:00', 'description': 'Eastern Time (US &amp; Canada), Bogota, Lima'}}, 'email': 'shivansh.naik@example.com', 'login': {'uuid': 'd9454873-54c2-4703-b0ae-24a22ced8778', 'username': 'redtiger219', 'password': '2323', 'salt': 'uqVlCann', 'md5': 'dfb64054a7f690f2d20126f480efcdc2', 'sha1': 'd623e22fdcdd54d9c1df238ddbf652dd20c495f7', 'sha256': '6a87d7cbc71078de71aef16592dca430b4504b2be4157f7283bccc443758596a'}, 'dob': {'date': '1959-10-14T08:01:26.860Z', 'age': 64}, 'registered': {'date': '2016-01-02T09:53:47.538Z', 'age': 8}, 'phone': '7788544537', 'cell': '8644469767', 'id': {'name': 'UIDAI', 'value': '432571397838'}, 'picture': {'large': 'https://randomuser.me/api/portraits/men/13.jpg', 'medium': 'https://randomuser.me/api/portraits/med/men/13.jpg', 'thumbnail': 'https://randomuser.me/api/portraits/thumb/men/13.jpg'}, 'nat': 'IN'}</msg>
<arg>${json_data['results'][0]}</arg>
<doc>Logs the given message with the given level.</doc>
<status status="PASS" start="2024-06-09T15:14:22.723276" elapsed="0.000405"/>
</kw>
<kw name="Log" owner="BuiltIn">
<msg time="2024-06-09T15:14:22.724107" level="INFO">login</msg>
<arg>${key}</arg>
<doc>Logs the given message with the given level.</doc>
<status status="PASS" start="2024-06-09T15:14:22.723978" elapsed="0.000166"/>
</kw>
<var name="${key}">login</var>
<status status="PASS" start="2024-06-09T15:14:22.722403" elapsed="0.001983"/>
</iter>
<var>${key}</var>
<value>@{expected_keys}</value>
<status status="PASS" start="2024-06-09T15:14:22.712953" elapsed="0.011561"/>
</for>
<kw name="Create List" owner="BuiltIn">
<msg time="2024-06-09T15:14:22.724849" level="INFO">${expected_keysTwo} = ['username', 'password']</msg>
<var>${expected_keysTwo}</var>
<arg>username</arg>
<arg>password</arg>
<doc>Returns a list containing given items.</doc>
<status status="PASS" start="2024-06-09T15:14:22.724711" elapsed="0.000162"/>
</kw>
<for flavor="IN">
<iter>
<kw name="Dictionary Should Contain Key" owner="Collections">
<msg time="2024-06-09T15:14:22.725759" level="INFO">False</msg>
<arg>${json_data['results'][0]['login']}</arg>
<arg>${keyTwo}</arg>
<doc>Fails if ``key`` is not found from ``dictionary``.</doc>
<status status="PASS" start="2024-06-09T15:14:22.725373" elapsed="0.000423"/>
</kw>
<kw name="Dictionary Should Contain Key" owner="Collections">
<msg time="2024-06-09T15:14:22.726467" level="INFO">False</msg>
<arg>${json_data['results'][0]['login']}</arg>
<arg>${keyTwo}</arg>
<doc>Fails if ``key`` is not found from ``dictionary``.</doc>
<status status="PASS" start="2024-06-09T15:14:22.726092" elapsed="0.000413"/>
</kw>
<kw name="Log" owner="BuiltIn">
<msg time="2024-06-09T15:14:22.726959" level="INFO">username</msg>
<arg>${keyTwo}</arg>
<doc>Logs the given message with the given level.</doc>
<status status="PASS" start="2024-06-09T15:14:22.726827" elapsed="0.000169"/>
</kw>
<var name="${keyTwo}">username</var>
<status status="PASS" start="2024-06-09T15:14:22.725263" elapsed="0.001952"/>
</iter>
<iter>
<kw name="Dictionary Should Contain Key" owner="Collections">
<msg time="2024-06-09T15:14:22.727885" level="INFO">False</msg>
<arg>${json_data['results'][0]['login']}</arg>
<arg>${keyTwo}</arg>
<doc>Fails if ``key`` is not found from ``dictionary``.</doc>
<status status="PASS" start="2024-06-09T15:14:22.727508" elapsed="0.000415"/>
</kw>
<kw name="Dictionary Should Contain Key" owner="Collections">
<msg time="2024-06-09T15:14:22.728596" level="INFO">False</msg>
<arg>${json_data['results'][0]['login']}</arg>
<arg>${keyTwo}</arg>
<doc>Fails if ``key`` is not found from ``dictionary``.</doc>
<status status="PASS" start="2024-06-09T15:14:22.728218" elapsed="0.000415"/>
</kw>
<kw name="Log" owner="BuiltIn">
<msg time="2024-06-09T15:14:22.729054" level="INFO">password</msg>
<arg>${keyTwo}</arg>
<doc>Logs the given message with the given level.</doc>
<status status="PASS" start="2024-06-09T15:14:22.728925" elapsed="0.000167"/>
</kw>
<var name="${keyTwo}">password</var>
<status status="PASS" start="2024-06-09T15:14:22.727397" elapsed="0.001910"/>
</iter>
<var>${keyTwo}</var>
<value>@{expected_keysTwo}</value>
<status status="PASS" start="2024-06-09T15:14:22.725110" elapsed="0.004317"/>
</for>
<status status="PASS" start="2024-06-09T15:14:22.629731" elapsed="0.099840"/>
</kw>
<doc>Testa a estrutura da resposta da API.</doc>
<tag>testeEstruturaResposta</tag>
<status status="PASS" start="2024-06-09T15:14:22.629247" elapsed="0.100489"/>
</test>
<test id="s1-s1-t4" name="Validar tipos de dados" line="28">
<kw name="Teste de Tipos de Dados" owner="random-user-service">
<kw name="GET On Session" owner="RequestsLibrary">
<msg time="2024-06-09T15:14:22.805856" level="INFO">GET Request : url=https://randomuser.me/api 
 path_url=/api 
 headers={'User-Agent': 'python-requests/2.32.3', 'Accept-Encoding': 'gzip, deflate', 'Accept': '*/*', 'Connection': 'keep-alive'} 
 body=None 
 </msg>
<msg time="2024-06-09T15:14:22.805937" level="INFO">GET Response : url=https://randomuser.me/api 
 status=200, reason=OK 
 headers={'Date': 'Sun, 09 Jun 2024 15:14:22 GMT', 'Content-Type': 'application/json; charset=utf-8', 'Transfer-Encoding': 'chunked', 'Connection': 'keep-alive', 'X-Powered-By': 'Express', 'Access-Control-Allow-Origin': '*', 'Cache-Control': 'no-cache', 'ETag': 'W/"468-gowUx1DcuoLwYQQw2Oytpv9VY2s"', 'Vary': 'Accept-Encoding', 'Content-Encoding': 'gzip', 'CF-Cache-Status': 'DYNAMIC', 'Report-To': '{"endpoints":[{"url":"https:\\/\\/a.nel.cloudflare.com\\/report\\/v4?s=j2Yo4iMLH3dQUBkGO%2FdTJ8cpUMIUmUUKR0GH7Ptd%2FdFTFKVIvrbwON3dVYpmfrnpxHcPcOxi2iP3la1pyv4Z6NXu0gBqtBa8fW7s9ZSEm6BZjePXSEKyfspwlFq%2Bk9i5"}],"group":"cf-nel","max_age":604800}', 'NEL': '{"success_fraction":0,"report_to":"cf-nel","max_age":604800}', 'Server': 'cloudflare', 'CF-RAY': '8912122c0d945b2f-IAD', 'alt-svc': 'h3=":443"; ma=86400'} 
 body={"results":[{"gender":"male","name":{"title":"Mr","first":"Matthew","last":"Patel"},"location":{"street":{"number":3792,"name":"Peel St"},"city":"Maidstone","state":"Alberta","country":"Canada","postcode":"C3K 1B2","coordinates":{"latitude":"-70.4081","longitude":"-148.8239"},"timezone":{"offset":"-10:00","description":"Hawaii"}},"email":"matthew.patel@example.com","login":{"uuid":"ab16b901-72a8-4a2e-a7b9-ddab5727ff4d","username":"sadlion850","password":"joker","salt":"BiNFMj6P","md5":"357c0f9f1edbe1fb1885181a43d8ab37","sha1":"ebcd32747e571f02512b59778d37601d9ba804cf","sha256":"b93d1ba4b5a3bb9bb8dda48b9829beb900aafe5ce03fd7ce9824f7784e16d246"},"dob":{"date":"1992-08-10T11:10:57.666Z","age":31},"registered":{"date":"2015-06-27T08:13:09.331Z","age":8},"phone":"J41 L99-2862","cell":"M22 F86-4921","id":{"name":"SIN","value":"855352951"},"picture":{"large":"https://randomuser.me/api/portraits/men/69.jpg","medium":"https://randomuser.me/api/portraits/med/men/69.jpg","thumbnail":"https://randomuser.me/api/portraits/thumb/men/69.jpg"},"nat":"CA"}],"info":{"seed":"c58b5927df6c3243","results":1,"page":1,"version":"1.4"}} 
 </msg>
<msg time="2024-06-09T15:14:22.806008" level="INFO">/opt/hostedtoolcache/Python/3.12.3/x64/lib/python3.12/site-packages/urllib3/connectionpool.py:1103: InsecureRequestWarning: Unverified HTTPS request is being made to host 'randomuser.me'. Adding certificate verification is strongly advised. See: https://urllib3.readthedocs.io/en/latest/advanced-usage.html#tls-warnings
  warnings.warn(</msg>
<msg time="2024-06-09T15:14:22.806114" level="INFO">${response} = &lt;Response [200]&gt;</msg>
<var>${response}</var>
<arg>consultarAPI</arg>
<arg>/api</arg>
<doc>Sends a GET request on a previously created HTTP Session.</doc>
<status status="PASS" start="2024-06-09T15:14:22.732235" elapsed="0.073915"/>
</kw>
<kw name="Set Variable" owner="BuiltIn">
<msg time="2024-06-09T15:14:22.807098" level="INFO">${json_data} = {'results': [{'gender': 'male', 'name': {'title': 'Mr', 'first': 'Matthew', 'last': 'Patel'}, 'location': {'street': {'number': 3792, 'name': 'Peel St'}, 'city': 'Maidstone', 'state': 'Alberta', 'coun...</msg>
<var>${json_data}</var>
<arg>${response.json()}</arg>
<doc>Returns the given values which can then be assigned to a variables.</doc>
<status status="PASS" start="2024-06-09T15:14:22.806610" elapsed="0.000517"/>
</kw>
<kw name="Log" owner="BuiltIn">
<msg time="2024-06-09T15:14:22.807597" level="INFO">{'results': [{'gender': 'male', 'name': {'title': 'Mr', 'first': 'Matthew', 'last': 'Patel'}, 'location': {'street': {'number': 3792, 'name': 'Peel St'}, 'city': 'Maidstone', 'state': 'Alberta', 'country': 'Canada', 'postcode': 'C3K 1B2', 'coordinates': {'latitude': '-70.4081', 'longitude': '-148.8239'}, 'timezone': {'offset': '-10:00', 'description': 'Hawaii'}}, 'email': 'matthew.patel@example.com', 'login': {'uuid': 'ab16b901-72a8-4a2e-a7b9-ddab5727ff4d', 'username': 'sadlion850', 'password': 'joker', 'salt': 'BiNFMj6P', 'md5': '357c0f9f1edbe1fb1885181a43d8ab37', 'sha1': 'ebcd32747e571f02512b59778d37601d9ba804cf', 'sha256': 'b93d1ba4b5a3bb9bb8dda48b9829beb900aafe5ce03fd7ce9824f7784e16d246'}, 'dob': {'date': '1992-08-10T11:10:57.666Z', 'age': 31}, 'registered': {'date': '2015-06-27T08:13:09.331Z', 'age': 8}, 'phone': 'J41 L99-2862', 'cell': 'M22 F86-4921', 'id': {'name': 'SIN', 'value': '855352951'}, 'picture': {'large': 'https://randomuser.me/api/portraits/men/69.jpg', 'medium': 'https://randomuser.me/api/portraits/med/men/69.jpg', 'thumbnail': 'https://randomuser.me/api/portraits/thumb/men/69.jpg'}, 'nat': 'CA'}], 'info': {'seed': 'c58b5927df6c3243', 'results': 1, 'page': 1, 'version': '1.4'}}</msg>
<arg>${json_data}</arg>
<doc>Logs the given message with the given level.</doc>
<status status="PASS" start="2024-06-09T15:14:22.807441" elapsed="0.000238"/>
</kw>
<kw name="Should Be String" owner="String">
<arg>${json_data['results'][0]['gender']}</arg>
<doc>Fails if the given ``item`` is not a string.</doc>
<status status="PASS" start="2024-06-09T15:14:22.807982" elapsed="0.000367"/>
</kw>
<kw name="Should Match Regexp" owner="BuiltIn">
<arg>${json_data['results'][0]['email']}</arg>
<arg>^[a-zA-Z0-9._%+-]+@[a-zA-Z0-9.-]+\.[a-zA-Z]{2,}$</arg>
<doc>Fails if ``string`` does not match ``pattern`` as a regular expression.</doc>
<status status="PASS" start="2024-06-09T15:14:22.808543" elapsed="0.000638"/>
</kw>
<kw name="Should Match Regexp" owner="BuiltIn">
<arg>${json_data['results'][0]['dob']['date']}</arg>
<arg>\\d{4}-\\d{2}-\\d{2}T\\d{2}:\\d{2}:\\d{2}\\.\\d{3}Z</arg>
<doc>Fails if ``string`` does not match ``pattern`` as a regular expression.</doc>
<status status="PASS" start="2024-06-09T15:14:22.809382" elapsed="0.000485"/>
</kw>
<kw name="Should Match Regexp" owner="BuiltIn">
<arg>${json_data['results'][0]['registered']['date']}</arg>
<arg>\\d{4}-\\d{2}-\\d{2}T\\d{2}:\\d{2}:\\d{2}\\.\\d{3}Z</arg>
<doc>Fails if ``string`` does not match ``pattern`` as a regular expression.</doc>
<status status="PASS" start="2024-06-09T15:14:22.810062" elapsed="0.000366"/>
</kw>
<kw name="Should Match Regexp" owner="BuiltIn">
<arg>${json_data['results'][0]['picture']['large']}</arg>
<arg>^https?://.*\.(?:png|jpe?g|gif|bmp)$</arg>
<doc>Fails if ``string`` does not match ``pattern`` as a regular expression.</doc>
<status status="PASS" start="2024-06-09T15:14:22.810616" elapsed="0.000495"/>
</kw>
<kw name="Should Match Regexp" owner="BuiltIn">
<arg>${json_data['results'][0]['picture']['medium']}</arg>
<arg>^https?://.*\.(?:png|jpe?g|gif|bmp)$</arg>
<doc>Fails if ``string`` does not match ``pattern`` as a regular expression.</doc>
<status status="PASS" start="2024-06-09T15:14:22.811303" elapsed="0.000353"/>
</kw>
<kw name="Should Match Regexp" owner="BuiltIn">
<arg>${json_data['results'][0]['picture']['thumbnail']}</arg>
<arg>^https?://.*\.(?:png|jpe?g|gif|bmp)$</arg>
<doc>Fails if ``string`` does not match ``pattern`` as a regular expression.</doc>
<status status="PASS" start="2024-06-09T15:14:22.811851" elapsed="0.000352"/>
</kw>
<kw name="Log" owner="BuiltIn">
<msg time="2024-06-09T15:14:22.812719" level="INFO">{'large': 'https://randomuser.me/api/portraits/men/69.jpg', 'medium': 'https://randomuser.me/api/portraits/med/men/69.jpg', 'thumbnail': 'https://randomuser.me/api/portraits/thumb/men/69.jpg'}</msg>
<arg>${json_data['results'][0]['picture']}</arg>
<doc>Logs the given message with the given level.</doc>
<status status="PASS" start="2024-06-09T15:14:22.812387" elapsed="0.000375"/>
</kw>
<status status="PASS" start="2024-06-09T15:14:22.732000" elapsed="0.081018"/>
</kw>
<kw name="Teste de Tipos de Dados - Postcode" owner="random-user-service">
<kw name="GET On Session" owner="RequestsLibrary">
<msg time="2024-06-09T15:14:22.913345" level="INFO">GET Request : url=https://randomuser.me/api 
 path_url=/api 
 headers={'User-Agent': 'python-requests/2.32.3', 'Accept-Encoding': 'gzip, deflate', 'Accept': '*/*', 'Connection': 'keep-alive'} 
 body=None 
 </msg>
<msg time="2024-06-09T15:14:22.913427" level="INFO">GET Response : url=https://randomuser.me/api 
 status=200, reason=OK 
 headers={'Date': 'Sun, 09 Jun 2024 15:14:22 GMT', 'Content-Type': 'application/json; charset=utf-8', 'Transfer-Encoding': 'chunked', 'Connection': 'keep-alive', 'X-Powered-By': 'Express', 'Access-Control-Allow-Origin': '*', 'Cache-Control': 'no-cache', 'ETag': 'W/"47a-8al4TlOtZmdLSnXP2saao44EPi8"', 'Vary': 'Accept-Encoding', 'Content-Encoding': 'gzip', 'CF-Cache-Status': 'DYNAMIC', 'Report-To': '{"endpoints":[{"url":"https:\\/\\/a.nel.cloudflare.com\\/report\\/v4?s=bk%2Ftv1hpciQYa1ukMhrb3IyicAHCW7DKOdirqBlr%2BHsGrKmX4bA8t31AEgyhSl3iDz98dnjem9HL%2FxiDdq9lHf0Pucbhgvlq%2BrE6TOCor%2BnqBXgRjWiZkMqRXo%2Fzu%2BD7"}],"group":"cf-nel","max_age":604800}', 'NEL': '{"success_fraction":0,"report_to":"cf-nel","max_age":604800}', 'Server': 'cloudflare', 'CF-RAY': '8912122c9dea5b2f-IAD', 'alt-svc': 'h3=":443"; ma=86400'} 
 body={"results":[{"gender":"female","name":{"title":"Miss","first":"Andrea","last":"Christensen"},"location":{"street":{"number":6519,"name":"Bakkevej"},"city":"Vipperød","state":"Hovedstaden","country":"Denmark","postcode":32657,"coordinates":{"latitude":"-46.8582","longitude":"170.6029"},"timezone":{"offset":"+3:30","description":"Tehran"}},"email":"andrea.christensen@example.com","login":{"uuid":"1139a0f4-4548-45c5-a2b0-7e047e3421ad","username":"angrykoala935","password":"poiuy","salt":"tqFtWw5l","md5":"c6a123379a16394d0559cc202988494d","sha1":"5443bb93418df145d5950e30be059dcf9ae1855d","sha256":"4c4b7b3fb55c289717f90d2bf4fa69e88869e26078a84f1e03d442a9a78452ce"},"dob":{"date":"1945-11-17T13:13:10.253Z","age":78},"registered":{"date":"2008-02-22T09:09:26.244Z","age":16},"phone":"92211688","cell":"95112691","id":{"name":"CPR","value":"171145-5955"},"picture":{"large":"https://randomuser.me/api/portraits/women/44.jpg","medium":"https://randomuser.me/api/portraits/med/women/44.jpg","thumbnail":"https://randomuser.me/api/portraits/thumb/women/44.jpg"},"nat":"DK"}],"info":{"seed":"0eb8e8be326cf66f","results":1,"page":1,"version":"1.4"}} 
 </msg>
<msg time="2024-06-09T15:14:22.913497" level="INFO">/opt/hostedtoolcache/Python/3.12.3/x64/lib/python3.12/site-packages/urllib3/connectionpool.py:1103: InsecureRequestWarning: Unverified HTTPS request is being made to host 'randomuser.me'. Adding certificate verification is strongly advised. See: https://urllib3.readthedocs.io/en/latest/advanced-usage.html#tls-warnings
  warnings.warn(</msg>
<msg time="2024-06-09T15:14:22.913603" level="INFO">${response} = &lt;Response [200]&gt;</msg>
<var>${response}</var>
<arg>consultarAPI</arg>
<arg>/api</arg>
<doc>Sends a GET request on a previously created HTTP Session.</doc>
<status status="PASS" start="2024-06-09T15:14:22.813464" elapsed="0.100182"/>
</kw>
<kw name="Set Variable" owner="BuiltIn">
<msg time="2024-06-09T15:14:22.914528" level="INFO">${json_data} = {'results': [{'gender': 'female', 'name': {'title': 'Miss', 'first': 'Andrea', 'last': 'Christensen'}, 'location': {'street': {'number': 6519, 'name': 'Bakkevej'}, 'city': 'Vipperød', 'state': 'Hoveds...</msg>
<var>${json_data}</var>
<arg>${response.json()}</arg>
<doc>Returns the given values which can then be assigned to a variables.</doc>
<status status="PASS" start="2024-06-09T15:14:22.914044" elapsed="0.000513"/>
</kw>
<kw name="Log" owner="BuiltIn">
<msg time="2024-06-09T15:14:22.915081" level="INFO">{'results': [{'gender': 'female', 'name': {'title': 'Miss', 'first': 'Andrea', 'last': 'Christensen'}, 'location': {'street': {'number': 6519, 'name': 'Bakkevej'}, 'city': 'Vipperød', 'state': 'Hovedstaden', 'country': 'Denmark', 'postcode': 32657, 'coordinates': {'latitude': '-46.8582', 'longitude': '170.6029'}, 'timezone': {'offset': '+3:30', 'description': 'Tehran'}}, 'email': 'andrea.christensen@example.com', 'login': {'uuid': '1139a0f4-4548-45c5-a2b0-7e047e3421ad', 'username': 'angrykoala935', 'password': 'poiuy', 'salt': 'tqFtWw5l', 'md5': 'c6a123379a16394d0559cc202988494d', 'sha1': '5443bb93418df145d5950e30be059dcf9ae1855d', 'sha256': '4c4b7b3fb55c289717f90d2bf4fa69e88869e26078a84f1e03d442a9a78452ce'}, 'dob': {'date': '1945-11-17T13:13:10.253Z', 'age': 78}, 'registered': {'date': '2008-02-22T09:09:26.244Z', 'age': 16}, 'phone': '92211688', 'cell': '95112691', 'id': {'name': 'CPR', 'value': '171145-5955'}, 'picture': {'large': 'https://randomuser.me/api/portraits/women/44.jpg', 'medium': 'https://randomuser.me/api/portraits/med/women/44.jpg', 'thumbnail': 'https://randomuser.me/api/portraits/thumb/women/44.jpg'}, 'nat': 'DK'}], 'info': {'seed': '0eb8e8be326cf66f', 'results': 1, 'page': 1, 'version': '1.4'}}</msg>
<arg>${json_data}</arg>
<doc>Logs the given message with the given level.</doc>
<status status="PASS" start="2024-06-09T15:14:22.914918" elapsed="0.000244"/>
</kw>
<kw name="Should Be Equal As Numbers" owner="BuiltIn">
<arg>${json_data['results'][0]['location']['postcode']}</arg>
<arg>${json_data['results'][0]['location']['postcode']}</arg>
<doc>Fails if objects are unequal after converting them to real numbers.</doc>
<status status="PASS" start="2024-06-09T15:14:22.915472" elapsed="0.000654"/>
</kw>
<kw name="Log" owner="BuiltIn">
<msg time="2024-06-09T15:14:22.916668" level="INFO">32657</msg>
<arg>${json_data['results'][0]['location']['postcode']}</arg>
<doc>Logs the given message with the given level.</doc>
<status status="PASS" start="2024-06-09T15:14:22.916324" elapsed="0.000385"/>
</kw>
<status status="PASS" start="2024-06-09T15:14:22.813238" elapsed="0.103727"/>
</kw>
<doc>Testa se os tipos de dados na resposta da API estão corretos.</doc>
<tag>testeTiposDados</tag>
<status status="PASS" start="2024-06-09T15:14:22.731526" elapsed="0.185606"/>
</test>
<test id="s1-s1-t5" name="Validar conteudo" line="35">
<kw name="Teste de Tipos de Conteudo" owner="random-user-service">
<kw name="GET On Session" owner="RequestsLibrary">
<msg time="2024-06-09T15:14:23.010524" level="INFO">GET Request : url=https://randomuser.me/api 
 path_url=/api 
 headers={'User-Agent': 'python-requests/2.32.3', 'Accept-Encoding': 'gzip, deflate', 'Accept': '*/*', 'Connection': 'keep-alive'} 
 body=None 
 </msg>
<msg time="2024-06-09T15:14:23.010619" level="INFO">GET Response : url=https://randomuser.me/api 
 status=200, reason=OK 
 headers={'Date': 'Sun, 09 Jun 2024 15:14:23 GMT', 'Content-Type': 'application/json; charset=utf-8', 'Transfer-Encoding': 'chunked', 'Connection': 'keep-alive', 'X-Powered-By': 'Express', 'Access-Control-Allow-Origin': '*', 'Cache-Control': 'no-cache', 'ETag': 'W/"497-PhtMqgQ0KvvWbryBY5eTxz0QNjc"', 'Vary': 'Accept-Encoding', 'Content-Encoding': 'gzip', 'CF-Cache-Status': 'DYNAMIC', 'Report-To': '{"endpoints":[{"url":"https:\\/\\/a.nel.cloudflare.com\\/report\\/v4?s=k5TFzuqEk%2B0dl5OL9iFMvwwYP17ck%2B7vikG6Kb4DMrZUif%2F%2BmgX7LkGqoWTKFb7JSO6zuMeNyF4izhDToHtWA%2B7O%2FjxOsYgMG7oDMuzdF1ClcMfSS7Aj3ARSAeOtZCSb"}],"group":"cf-nel","max_age":604800}', 'NEL': '{"success_fraction":0,"report_to":"cf-nel","max_age":604800}', 'Server': 'cloudflare', 'CF-RAY': '8912122d3e675b2f-IAD', 'alt-svc': 'h3=":443"; ma=86400'} 
 body={"results":[{"gender":"female","name":{"title":"Miss","first":"Mercedes","last":"Méndez"},"location":{"street":{"number":9492,"name":"Calle de La Almudena"},"city":"Lorca","state":"Ceuta","country":"Spain","postcode":34564,"coordinates":{"latitude":"-30.9617","longitude":"138.7658"},"timezone":{"offset":"+10:00","description":"Eastern Australia, Guam, Vladivostok"}},"email":"mercedes.mendez@example.com","login":{"uuid":"a85ff777-415b-46d0-8ba5-2acdf4a6a9e0","username":"goldendog701","password":"north","salt":"fuTyZdHU","md5":"056e0c493cd6355fed8dcb7a415d9ed9","sha1":"abaca97055af736bc78d244b7b82dd0097a076e0","sha256":"cb55577bf7700e64d9ba2f71002b2df41f44451d9628fe5ff3b8963f9664f9ad"},"dob":{"date":"1988-04-09T17:33:33.592Z","age":36},"registered":{"date":"2019-08-13T10:05:38.795Z","age":4},"phone":"926-365-900","cell":"630-421-259","id":{"name":"DNI","value":"88154803-M"},"picture":{"large":"https://randomuser.me/api/portraits/women/92.jpg","medium":"https://randomuser.me/api/portraits/med/women/92.jpg","thumbnail":"https://randomuser.me/api/portraits/thumb/women/92.jpg"},"nat":"ES"}],"info":{"seed":"91e8e8b33e391b45","results":1,"page":1,"version":"1.4"}} 
 </msg>
<msg time="2024-06-09T15:14:23.010697" level="INFO">/opt/hostedtoolcache/Python/3.12.3/x64/lib/python3.12/site-packages/urllib3/connectionpool.py:1103: InsecureRequestWarning: Unverified HTTPS request is being made to host 'randomuser.me'. Adding certificate verification is strongly advised. See: https://urllib3.readthedocs.io/en/latest/advanced-usage.html#tls-warnings
  warnings.warn(</msg>
<msg time="2024-06-09T15:14:23.010846" level="INFO">${response} = &lt;Response [200]&gt;</msg>
<var>${response}</var>
<arg>consultarAPI</arg>
<arg>/api</arg>
<doc>Sends a GET request on a previously created HTTP Session.</doc>
<status status="PASS" start="2024-06-09T15:14:22.919598" elapsed="0.091288"/>
</kw>
<kw name="Set Variable" owner="BuiltIn">
<msg time="2024-06-09T15:14:23.011827" level="INFO">${json_data} = {'results': [{'gender': 'female', 'name': {'title': 'Miss', 'first': 'Mercedes', 'last': 'Méndez'}, 'location': {'street': {'number': 9492, 'name': 'Calle de La Almudena'}, 'city': 'Lorca', 'state': '...</msg>
<var>${json_data}</var>
<arg>${response.json()}</arg>
<doc>Returns the given values which can then be assigned to a variables.</doc>
<status status="PASS" start="2024-06-09T15:14:23.011333" elapsed="0.000525"/>
</kw>
<kw name="Set Variable" owner="BuiltIn">
<msg time="2024-06-09T15:14:23.012585" level="INFO">${name_title} = Miss</msg>
<var>${name_title}</var>
<arg>${json_data["results"][0]["name"]["title"]}</arg>
<doc>Returns the given values which can then be assigned to a variables.</doc>
<status status="PASS" start="2024-06-09T15:14:23.012186" elapsed="0.000426"/>
</kw>
<kw name="Create List" owner="BuiltIn">
<msg time="2024-06-09T15:14:23.013075" level="INFO">${allowed_titles} = ['Mr', 'Ms', 'Miss', 'Mrs', 'Madame', 'Monsieur']</msg>
<var>${allowed_titles}</var>
<arg>Mr</arg>
<arg>Ms</arg>
<arg>Miss</arg>
<arg>Mrs</arg>
<arg>Madame</arg>
<arg>Monsieur</arg>
<doc>Returns a list containing given items.</doc>
<status status="PASS" start="2024-06-09T15:14:23.012921" elapsed="0.000179"/>
</kw>
<kw name="List Should Contain Value" owner="Collections">
<msg time="2024-06-09T15:14:23.013587" level="INFO">False</msg>
<arg>${allowed_titles}</arg>
<arg>${name_title}</arg>
<doc>Fails if the ``value`` is not found from ``list``.</doc>
<status status="PASS" start="2024-06-09T15:14:23.013409" elapsed="0.000216"/>
</kw>
<kw name="Set Variable" owner="BuiltIn">
<msg time="2024-06-09T15:14:23.014482" level="INFO">${name_country} = ES</msg>
<var>${name_country}</var>
<arg>${json_data["results"][0]["nat"]}</arg>
<doc>Returns the given values which can then be assigned to a variables.</doc>
<status status="PASS" start="2024-06-09T15:14:23.013925" elapsed="0.000584"/>
</kw>
<kw name="Create List" owner="BuiltIn">
<msg time="2024-06-09T15:14:23.015455" level="INFO">${list_country} = ['AD', 'AE', 'AF', 'AG', 'AI', 'AL', 'AM', 'AO', 'AQ', 'AR', 'AS', 'AT', 'AU', 'AW', 'AX', 'AZ', 'BA', 'BB', 'BD', 'BE', 'BF', 'BG', 'BH', 'BI', 'BJ', 'BL', 'BM', 'BN', 'BO', 'BQ', 'BR', 'BS', 'BT', '...</msg>
<var>${list_country}</var>
<arg>AD</arg>
<arg>AE</arg>
<arg>AF</arg>
<arg>AG</arg>
<arg>AI</arg>
<arg>AL</arg>
<arg>AM</arg>
<arg>AO</arg>
<arg>AQ</arg>
<arg>AR</arg>
<arg>AS</arg>
<arg>AT</arg>
<arg>AU</arg>
<arg>AW</arg>
<arg>AX</arg>
<arg>AZ</arg>
<arg>BA</arg>
<arg>BB</arg>
<arg>BD</arg>
<arg>BE</arg>
<arg>BF</arg>
<arg>BG</arg>
<arg>BH</arg>
<arg>BI</arg>
<arg>BJ</arg>
<arg>BL</arg>
<arg>BM</arg>
<arg>BN</arg>
<arg>BO</arg>
<arg>BQ</arg>
<arg>BR</arg>
<arg>BS</arg>
<arg>BT</arg>
<arg>BV</arg>
<arg>BW</arg>
<arg>BY</arg>
<arg>BZ</arg>
<arg>CA</arg>
<arg>CC</arg>
<arg>CD</arg>
<arg>CF</arg>
<arg>CG</arg>
<arg>CH</arg>
<arg>CI</arg>
<arg>CK</arg>
<arg>CL</arg>
<arg>CM</arg>
<arg>CN</arg>
<arg>CO</arg>
<arg>CR</arg>
<arg>CU</arg>
<arg>CV</arg>
<arg>CW</arg>
<arg>CX</arg>
<arg>CY</arg>
<arg>CZ</arg>
<arg>DE</arg>
<arg>DJ</arg>
<arg>DK</arg>
<arg>DM</arg>
<arg>DO</arg>
<arg>DZ</arg>
<arg>EC</arg>
<arg>EE</arg>
<arg>EG</arg>
<arg>EH</arg>
<arg>ER</arg>
<arg>ES</arg>
<arg>ET</arg>
<arg>FI</arg>
<arg>FJ</arg>
<arg>FK</arg>
<arg>FM</arg>
<arg>FO</arg>
<arg>FR</arg>
<arg>GA</arg>
<arg>GB</arg>
<arg>GD</arg>
<arg>GE</arg>
<arg>GF</arg>
<arg>GG</arg>
<arg>GH</arg>
<arg>GI</arg>
<arg>GL</arg>
<arg>GM</arg>
<arg>GN</arg>
<arg>GP</arg>
<arg>GQ</arg>
<arg>GR</arg>
<arg>GS</arg>
<arg>GT</arg>
<arg>GU</arg>
<arg>GW</arg>
<arg>GY</arg>
<arg>HK</arg>
<arg>HM</arg>
<arg>HN</arg>
<arg>HR</arg>
<arg>HT</arg>
<arg>HU</arg>
<arg>ID</arg>
<arg>IE</arg>
<arg>IL</arg>
<arg>IM</arg>
<arg>IN</arg>
<arg>IO</arg>
<arg>IQ</arg>
<arg>IR</arg>
<arg>IS</arg>
<arg>IT</arg>
<arg>JE</arg>
<arg>JM</arg>
<arg>JO</arg>
<arg>JP</arg>
<arg>KE</arg>
<arg>KG</arg>
<arg>KH</arg>
<arg>KI</arg>
<arg>KM</arg>
<arg>KN</arg>
<arg>KP</arg>
<arg>KR</arg>
<arg>KW</arg>
<arg>KY</arg>
<arg>KZ</arg>
<arg>LA</arg>
<arg>LB</arg>
<arg>LC</arg>
<arg>LI</arg>
<arg>LK</arg>
<arg>LR</arg>
<arg>LS</arg>
<arg>LT</arg>
<arg>LU</arg>
<arg>LV</arg>
<arg>LY</arg>
<arg>MA</arg>
<arg>MC</arg>
<arg>MD</arg>
<arg>ME</arg>
<arg>MF</arg>
<arg>MG</arg>
<arg>MH</arg>
<arg>MK</arg>
<arg>ML</arg>
<arg>MM</arg>
<arg>MN</arg>
<arg>MO</arg>
<arg>MP</arg>
<arg>MQ</arg>
<arg>MR</arg>
<arg>MS</arg>
<arg>MT</arg>
<arg>MU</arg>
<arg>MV</arg>
<arg>MW</arg>
<arg>MX</arg>
<arg>MY</arg>
<arg>MZ</arg>
<arg>NA</arg>
<arg>NC</arg>
<arg>NE</arg>
<arg>NF</arg>
<arg>NG</arg>
<arg>NI</arg>
<arg>NL</arg>
<arg>NO</arg>
<arg>NP</arg>
<arg>NR</arg>
<arg>NU</arg>
<arg>NZ</arg>
<arg>OM</arg>
<arg>PA</arg>
<arg>PE</arg>
<arg>PF</arg>
<arg>PG</arg>
<arg>PH</arg>
<arg>PK</arg>
<arg>PL</arg>
<arg>PM</arg>
<arg>PN</arg>
<arg>PR</arg>
<arg>PS</arg>
<arg>PT</arg>
<arg>PW</arg>
<arg>PY</arg>
<arg>QA</arg>
<arg>RE</arg>
<arg>RO</arg>
<arg>RS</arg>
<arg>RU</arg>
<arg>RW</arg>
<arg>SA</arg>
<arg>SB</arg>
<arg>SC</arg>
<arg>SD</arg>
<arg>SE</arg>
<arg>SG</arg>
<arg>SH</arg>
<arg>SI</arg>
<arg>SJ</arg>
<arg>SK</arg>
<arg>SL</arg>
<arg>SM</arg>
<arg>SN</arg>
<arg>SO</arg>
<arg>SR</arg>
<arg>SS</arg>
<arg>ST</arg>
<arg>SV</arg>
<arg>SX</arg>
<arg>SY</arg>
<arg>SZ</arg>
<arg>TC</arg>
<arg>TD</arg>
<arg>TF</arg>
<arg>TG</arg>
<arg>TH</arg>
<arg>TJ</arg>
<arg>TK</arg>
<arg>TL</arg>
<arg>TM</arg>
<arg>TN</arg>
<arg>TO</arg>
<arg>TR</arg>
<arg>TT</arg>
<arg>TV</arg>
<arg>TW</arg>
<arg>TZ</arg>
<arg>UA</arg>
<arg>UG</arg>
<arg>UM</arg>
<arg>US</arg>
<arg>UY</arg>
<arg>UZ</arg>
<arg>VA</arg>
<arg>VC</arg>
<arg>VE</arg>
<arg>VG</arg>
<arg>VI</arg>
<arg>VN</arg>
<arg>VU</arg>
<arg>WF</arg>
<arg>WS</arg>
<arg>XK</arg>
<arg>YE</arg>
<arg>YT</arg>
<arg>ZA</arg>
<arg>ZM</arg>
<arg>ZW</arg>
<doc>Returns a list containing given items.</doc>
<status status="PASS" start="2024-06-09T15:14:23.014858" elapsed="0.000624"/>
</kw>
<kw name="List Should Contain Value" owner="Collections">
<msg time="2024-06-09T15:14:23.016476" level="INFO">False</msg>
<arg>${list_country}</arg>
<arg>${name_country}</arg>
<doc>Fails if the ``value`` is not found from ``list``.</doc>
<status status="PASS" start="2024-06-09T15:14:23.016268" elapsed="0.000246"/>
</kw>
<kw name="Run Keyword If" owner="BuiltIn">
<kw name="Should Be True" owner="BuiltIn">
<arg>${True}</arg>
<doc>Fails if the given condition is not true.</doc>
<status status="PASS" start="2024-06-09T15:14:23.017580" elapsed="0.000147"/>
</kw>
<arg>${json_data["results"][0]["location"]["coordinates"]["latitude"]} &gt;= -90 and ${json_data["results"][0]["location"]["coordinates"]["latitude"]} &lt;= 90</arg>
<arg>Should Be True</arg>
<arg>${True}</arg>
<doc>Runs the given keyword with the given arguments, if ``condition`` is true.</doc>
<status status="PASS" start="2024-06-09T15:14:23.016829" elapsed="0.001027"/>
</kw>
<kw name="Run Keyword If" owner="BuiltIn">
<kw name="Should Be True" owner="BuiltIn">
<arg>${True}</arg>
<doc>Fails if the given condition is not true.</doc>
<status status="PASS" start="2024-06-09T15:14:23.018776" elapsed="0.000150"/>
</kw>
<arg>${json_data["results"][0]["location"]["coordinates"]["longitude"]} &gt;= -180 and ${json_data["results"][0]["location"]["coordinates"]["longitude"]} &lt;= 180</arg>
<arg>Should Be True</arg>
<arg>${True}</arg>
<doc>Runs the given keyword with the given arguments, if ``condition`` is true.</doc>
<status status="PASS" start="2024-06-09T15:14:23.018048" elapsed="0.001009"/>
</kw>
<status status="PASS" start="2024-06-09T15:14:22.919364" elapsed="0.099830"/>
</kw>
<doc>Testa o conteúdo específico dos campos retornados pela API.</doc>
<tag>testeConteudo</tag>
<status status="PASS" start="2024-06-09T15:14:22.918915" elapsed="0.100431"/>
</test>
<status status="PASS" start="2024-06-09T15:14:22.213500" elapsed="0.807771"/>
</suite>
<status status="PASS" start="2024-06-09T15:14:22.200031" elapsed="0.826392"/>
</suite>
<statistics>
<total>
<stat pass="5" fail="0" skip="0">All Tests</stat>
</total>
<tag>
<stat pass="1" fail="0" skip="0">testeConteudo</stat>
<stat pass="1" fail="0" skip="0">testeEstruturaResposta</stat>
<stat pass="1" fail="0" skip="0">testeRequisicaoBasica</stat>
<stat pass="1" fail="0" skip="0">testeTiposDados</stat>
</tag>
<suite>
<stat pass="5" fail="0" skip="0" id="s1" name="Tests">Tests</stat>
<stat pass="5" fail="0" skip="0" id="s1-s1" name="Random-User-Test">Tests.Random-User-Test</stat>
</suite>
</statistics>
<errors>
</errors>
</robot>
