<?xml version="1.0" encoding="UTF-8"?>
<robot generator="Robot 7.0 (Python 3.12.2 on linux)" generated="2024-03-23T17:12:16.532513" rpa="false" schemaversion="5">
<suite id="s1" name="Tests" source="/home/runner/work/DesafioQAItauRogerioJordao/DesafioQAItauRogerioJordao/RamdonUser/tests">
<suite id="s1-s1" name="Random-User-Test" source="/home/runner/work/DesafioQAItauRogerioJordao/DesafioQAItauRogerioJordao/RamdonUser/tests/random-user-test.robot">
<test id="s1-s1-t1" name="Conectar" line="13">
<kw name="Conectar API" owner="random-user-service">
<kw name="Create Session" owner="RequestsLibrary">
<msg time="2024-03-23T17:12:16.885815" level="INFO">Creating Session using : alias=consultarAPI, url=https://randomuser.me/, headers={},                     cookies={}, auth=None, timeout=None, proxies=None, verify=False,                     debug=0 </msg>
<arg>consultarAPI</arg>
<arg>${URL}</arg>
<doc>Create Session: create a HTTP session to a server</doc>
<status status="PASS" start="2024-03-23T17:12:16.885604" elapsed="0.000389"/>
</kw>
<status status="PASS" start="2024-03-23T17:12:16.884524" elapsed="0.001833"/>
</kw>
<status status="PASS" start="2024-03-23T17:12:16.883930" elapsed="0.002631"/>
</test>
<test id="s1-s1-t2" name="Validar retorno 200 e JSON Válido" line="16">
<kw name="Teste de Requisicao Basica" owner="random-user-service">
<kw name="GET On Session" owner="RequestsLibrary">
<msg time="2024-03-23T17:12:17.119064" level="INFO">GET Request : url=https://randomuser.me/api 
 path_url=/api 
 headers={'User-Agent': 'python-requests/2.31.0', 'Accept-Encoding': 'gzip, deflate', 'Accept': '*/*', 'Connection': 'keep-alive'} 
 body=None 
 </msg>
<msg time="2024-03-23T17:12:17.119200" level="INFO">GET Response : url=https://randomuser.me/api 
 status=200, reason=OK 
 headers={'Date': 'Sat, 23 Mar 2024 17:12:17 GMT', 'Content-Type': 'application/json; charset=utf-8', 'Transfer-Encoding': 'chunked', 'Connection': 'keep-alive', 'X-Powered-By': 'Express', 'Access-Control-Allow-Origin': '*', 'Cache-Control': 'no-cache', 'ETag': 'W/"480-0zOxQOm9whqZmtikowCu1VnUT5M"', 'Vary': 'Accept-Encoding', 'Content-Encoding': 'gzip', 'CF-Cache-Status': 'DYNAMIC', 'Report-To': '{"endpoints":[{"url":"https:\\/\\/a.nel.cloudflare.com\\/report\\/v4?s=EgVshI6s7zOQbFSOL3rIe7r2MektpZOfpiEUieZnKv2L08C9cJ9EYWSUGN0LRgH2f7vMo43xCxc8SSBd04PN3jj3VD6EfaEvf5xdSLT%2FNtHzHBnl9qfXHIkA6keciAvY"}],"group":"cf-nel","max_age":604800}', 'NEL': '{"success_fraction":0,"report_to":"cf-nel","max_age":604800}', 'Server': 'cloudflare', 'CF-RAY': '86900ba2a96c6188-ORD', 'alt-svc': 'h3=":443"; ma=86400'} 
 body={"results":[{"gender":"male","name":{"title":"Mr","first":"Nichlas","last":"Hasselberg"},"location":{"street":{"number":4835,"name":"Meklenborglia"},"city":"Silvalen","state":"Description","country":"Norway","postcode":"2820","coordinates":{"latitude":"44.2128","longitude":"-92.8361"},"timezone":{"offset":"-12:00","description":"Eniwetok, Kwajalein"}},"email":"nichlas.hasselberg@example.com","login":{"uuid":"a4078b38-4251-4ed4-ab81-cbfa206e48d5","username":"lazybird797","password":"redalert","salt":"ritf5Ypy","md5":"98ccd744058b08fe0a6d6cb9ee6051f8","sha1":"2dbeb1d9d1b24d6f8d7fb9ad7ebaa9184c8faed4","sha256":"c781efcc32896f80cb32d286a7804d8388698f7d02392ebdbdc42f7c995c383c"},"dob":{"date":"1984-01-15T16:12:51.527Z","age":40},"registered":{"date":"2021-03-11T16:16:56.569Z","age":3},"phone":"20492583","cell":"91168721","id":{"name":"FN","value":"15018432983"},"picture":{"large":"https://randomuser.me/api/portraits/men/64.jpg","medium":"https://randomuser.me/api/portraits/med/men/64.jpg","thumbnail":"https://randomuser.me/api/portraits/thumb/men/64.jpg"},"nat":"NO"}],"info":{"seed":"3994141f1252f1e1","results":1,"page":1,"version":"1.4"}} 
 </msg>
<msg time="2024-03-23T17:12:17.119301" level="INFO">/opt/hostedtoolcache/Python/3.12.2/x64/lib/python3.12/site-packages/urllib3/connectionpool.py:1103: InsecureRequestWarning: Unverified HTTPS request is being made to host 'randomuser.me'. Adding certificate verification is strongly advised. See: https://urllib3.readthedocs.io/en/latest/advanced-usage.html#tls-warnings
  warnings.warn(</msg>
<msg time="2024-03-23T17:12:17.119449" level="INFO">${response} = &lt;Response [200]&gt;</msg>
<var>${response}</var>
<arg>consultarAPI</arg>
<arg>/api</arg>
<doc>Sends a GET request on a previously created HTTP Session.</doc>
<status status="PASS" start="2024-03-23T17:12:16.889158" elapsed="0.230334"/>
</kw>
<kw name="Should Be Equal As Numbers" owner="BuiltIn">
<msg time="2024-03-23T17:12:17.120573" level="INFO">Argument types are:
&lt;class 'int'&gt;
&lt;class 'str'&gt;</msg>
<arg>${response.status_code}</arg>
<arg>200</arg>
<doc>Fails if objects are unequal after converting them to real numbers.</doc>
<status status="PASS" start="2024-03-23T17:12:17.120087" elapsed="0.000553"/>
</kw>
<kw name="Log" owner="BuiltIn">
<msg time="2024-03-23T17:12:17.121368" level="INFO">200</msg>
<arg>${response.status_code}</arg>
<doc>Logs the given message with the given level.</doc>
<status status="PASS" start="2024-03-23T17:12:17.120959" elapsed="0.000453"/>
</kw>
<kw name="Set Variable" owner="BuiltIn">
<msg time="2024-03-23T17:12:17.122192" level="INFO">${json_data} = {'results': [{'gender': 'male', 'name': {'title': 'Mr', 'first': 'Nichlas', 'last': 'Hasselberg'}, 'location': {'street': {'number': 4835, 'name': 'Meklenborglia'}, 'city': 'Silvalen', 'state': 'Descr...</msg>
<var>${json_data}</var>
<arg>${response.json()}</arg>
<doc>Returns the given values which can then be assigned to a variables.</doc>
<status status="PASS" start="2024-03-23T17:12:17.121750" elapsed="0.000470"/>
</kw>
<kw name="Dictionary Should Contain Key" owner="Collections">
<msg time="2024-03-23T17:12:17.122692" level="INFO">False</msg>
<arg>${json_data}</arg>
<arg>results</arg>
<doc>Fails if ``key`` is not found from ``dictionary``.</doc>
<status status="PASS" start="2024-03-23T17:12:17.122523" elapsed="0.000209"/>
</kw>
<status status="PASS" start="2024-03-23T17:12:16.888909" elapsed="0.234082"/>
</kw>
<doc>Testa se a API responde corretamente e retorna um objeto JSON válido.</doc>
<tag>testeRequisicaoBasica</tag>
<status status="PASS" start="2024-03-23T17:12:16.888392" elapsed="0.234787"/>
</test>
<test id="s1-s1-t3" name="Validar estrutura de resposta" line="22">
<kw name="Teste de Estrutura de Resposta" owner="random-user-service">
<kw name="GET On Session" owner="RequestsLibrary">
<msg time="2024-03-23T17:12:17.216253" level="INFO">GET Request : url=https://randomuser.me/api 
 path_url=/api 
 headers={'User-Agent': 'python-requests/2.31.0', 'Accept-Encoding': 'gzip, deflate', 'Accept': '*/*', 'Connection': 'keep-alive'} 
 body=None 
 </msg>
<msg time="2024-03-23T17:12:17.216333" level="INFO">GET Response : url=https://randomuser.me/api 
 status=200, reason=OK 
 headers={'Date': 'Sat, 23 Mar 2024 17:12:17 GMT', 'Content-Type': 'application/json; charset=utf-8', 'Transfer-Encoding': 'chunked', 'Connection': 'keep-alive', 'X-Powered-By': 'Express', 'Access-Control-Allow-Origin': '*', 'Cache-Control': 'no-cache', 'ETag': 'W/"4ba-m+EHmo54ne4JbPoJ+5RE+vXC8f8"', 'Vary': 'Accept-Encoding', 'Content-Encoding': 'gzip', 'CF-Cache-Status': 'DYNAMIC', 'Report-To': '{"endpoints":[{"url":"https:\\/\\/a.nel.cloudflare.com\\/report\\/v4?s=JNnK8QHBSwPGPnzbiGxanC9ULGSKU4b82ixlww4Ktt2Jkde%2B%2FI6PLLUisDFiV4zz6Maxit1FWzNX%2B%2BTPQTCkz9jPi5t2qVd61MFH1Hu%2F4IBkbhm0FkA37fzcbXTRunHH"}],"group":"cf-nel","max_age":604800}', 'NEL': '{"success_fraction":0,"report_to":"cf-nel","max_age":604800}', 'Server': 'cloudflare', 'CF-RAY': '86900ba309c56188-ORD', 'alt-svc': 'h3=":443"; ma=86400'} 
 body={"results":[{"gender":"female","name":{"title":"Ms","first":"V'yacheslava","last":"Ieshchenko"},"location":{"street":{"number":8469,"name":"Naddnipryanske shose"},"city":"Dobromil","state":"Avtonomna Respublika Krim","country":"Ukraine","postcode":94721,"coordinates":{"latitude":"75.8906","longitude":"16.1829"},"timezone":{"offset":"+10:00","description":"Eastern Australia, Guam, Vladivostok"}},"email":"v'yacheslava.ieshchenko@example.com","login":{"uuid":"34dfd940-f38d-4c24-95bf-f26688d6ed70","username":"yellowzebra251","password":"reggae","salt":"oIYXjpLu","md5":"f4f70464c8d490bee2af862c2b3446d9","sha1":"f96bf26e85634c7f92e55ad4690d442595bde9fb","sha256":"56f70b4d846e66747d46d5fe70283c071cf0b70fedc05db3e4d9a8f37464c8cf"},"dob":{"date":"1967-07-13T08:47:01.647Z","age":56},"registered":{"date":"2010-09-20T03:25:04.955Z","age":13},"phone":"(096) V38-8402","cell":"(067) G57-7024","id":{"name":"","value":null},"picture":{"large":"https://randomuser.me/api/portraits/women/48.jpg","medium":"https://randomuser.me/api/portraits/med/women/48.jpg","thumbnail":"https://randomuser.me/api/portraits/thumb/women/48.jpg"},"nat":"UA"}],"info":{"seed":"8a2ef8b41cbd40f2","results":1,"page":1,"version":"1.4"}} 
 </msg>
<msg time="2024-03-23T17:12:17.216457" level="INFO">/opt/hostedtoolcache/Python/3.12.2/x64/lib/python3.12/site-packages/urllib3/connectionpool.py:1103: InsecureRequestWarning: Unverified HTTPS request is being made to host 'randomuser.me'. Adding certificate verification is strongly advised. See: https://urllib3.readthedocs.io/en/latest/advanced-usage.html#tls-warnings
  warnings.warn(</msg>
<msg time="2024-03-23T17:12:17.216575" level="INFO">${response} = &lt;Response [200]&gt;</msg>
<var>${response}</var>
<arg>consultarAPI</arg>
<arg>/api</arg>
<doc>Sends a GET request on a previously created HTTP Session.</doc>
<status status="PASS" start="2024-03-23T17:12:17.126006" elapsed="0.090621"/>
</kw>
<kw name="Set Variable" owner="BuiltIn">
<msg time="2024-03-23T17:12:17.217696" level="INFO">${json_data} = {'results': [{'gender': 'female', 'name': {'title': 'Ms', 'first': "V'yacheslava", 'last': 'Ieshchenko'}, 'location': {'street': {'number': 8469, 'name': 'Naddnipryanske shose'}, 'city': 'Dobromil', '...</msg>
<var>${json_data}</var>
<arg>${response.json()}</arg>
<doc>Returns the given values which can then be assigned to a variables.</doc>
<status status="PASS" start="2024-03-23T17:12:17.217088" elapsed="0.000637"/>
</kw>
<kw name="Log" owner="BuiltIn">
<msg time="2024-03-23T17:12:17.218203" level="INFO">{'results': [{'gender': 'female', 'name': {'title': 'Ms', 'first': "V'yacheslava", 'last': 'Ieshchenko'}, 'location': {'street': {'number': 8469, 'name': 'Naddnipryanske shose'}, 'city': 'Dobromil', 'state': 'Avtonomna Respublika Krim', 'country': 'Ukraine', 'postcode': 94721, 'coordinates': {'latitude': '75.8906', 'longitude': '16.1829'}, 'timezone': {'offset': '+10:00', 'description': 'Eastern Australia, Guam, Vladivostok'}}, 'email': "v'yacheslava.ieshchenko@example.com", 'login': {'uuid': '34dfd940-f38d-4c24-95bf-f26688d6ed70', 'username': 'yellowzebra251', 'password': 'reggae', 'salt': 'oIYXjpLu', 'md5': 'f4f70464c8d490bee2af862c2b3446d9', 'sha1': 'f96bf26e85634c7f92e55ad4690d442595bde9fb', 'sha256': '56f70b4d846e66747d46d5fe70283c071cf0b70fedc05db3e4d9a8f37464c8cf'}, 'dob': {'date': '1967-07-13T08:47:01.647Z', 'age': 56}, 'registered': {'date': '2010-09-20T03:25:04.955Z', 'age': 13}, 'phone': '(096) V38-8402', 'cell': '(067) G57-7024', 'id': {'name': '', 'value': None}, 'picture': {'large': 'https://randomuser.me/api/portraits/women/48.jpg', 'medium': 'https://randomuser.me/api/portraits/med/women/48.jpg', 'thumbnail': 'https://randomuser.me/api/portraits/thumb/women/48.jpg'}, 'nat': 'UA'}], 'info': {'seed': '8a2ef8b41cbd40f2', 'results': 1, 'page': 1, 'version': '1.4'}}</msg>
<arg>${json_data}</arg>
<doc>Logs the given message with the given level.</doc>
<status status="PASS" start="2024-03-23T17:12:17.218046" elapsed="0.000205"/>
</kw>
<kw name="Dictionary Should Contain Key" owner="Collections">
<msg time="2024-03-23T17:12:17.218699" level="INFO">False</msg>
<arg>${json_data}</arg>
<arg>results</arg>
<doc>Fails if ``key`` is not found from ``dictionary``.</doc>
<status status="PASS" start="2024-03-23T17:12:17.218546" elapsed="0.000190"/>
</kw>
<kw name="Should Not Be Empty" owner="BuiltIn">
<msg time="2024-03-23T17:12:17.219159" level="INFO">Length is 2.</msg>
<arg>${json_data}</arg>
<doc>Verifies that the given item is not empty.</doc>
<status status="PASS" start="2024-03-23T17:12:17.219027" elapsed="0.000170"/>
</kw>
<kw name="Create List" owner="BuiltIn">
<msg time="2024-03-23T17:12:17.219640" level="INFO">${expected_keys} = ['gender', 'name', 'location', 'email', 'login']</msg>
<var>${expected_keys}</var>
<arg>gender</arg>
<arg>name</arg>
<arg>location</arg>
<arg>email</arg>
<arg>login</arg>
<doc>Returns a list containing given items.</doc>
<status status="PASS" start="2024-03-23T17:12:17.219483" elapsed="0.000181"/>
</kw>
<for flavor="IN">
<iter>
<kw name="Dictionary Should Contain Key" owner="Collections">
<msg time="2024-03-23T17:12:17.220642" level="INFO">False</msg>
<arg>${json_data['results'][0]}</arg>
<arg>${key}</arg>
<doc>Fails if ``key`` is not found from ``dictionary``.</doc>
<status status="PASS" start="2024-03-23T17:12:17.220241" elapsed="0.000441"/>
</kw>
<kw name="Log" owner="BuiltIn">
<msg time="2024-03-23T17:12:17.221408" level="INFO">{'gender': 'female', 'name': {'title': 'Ms', 'first': "V'yacheslava", 'last': 'Ieshchenko'}, 'location': {'street': {'number': 8469, 'name': 'Naddnipryanske shose'}, 'city': 'Dobromil', 'state': 'Avtonomna Respublika Krim', 'country': 'Ukraine', 'postcode': 94721, 'coordinates': {'latitude': '75.8906', 'longitude': '16.1829'}, 'timezone': {'offset': '+10:00', 'description': 'Eastern Australia, Guam, Vladivostok'}}, 'email': "v'yacheslava.ieshchenko@example.com", 'login': {'uuid': '34dfd940-f38d-4c24-95bf-f26688d6ed70', 'username': 'yellowzebra251', 'password': 'reggae', 'salt': 'oIYXjpLu', 'md5': 'f4f70464c8d490bee2af862c2b3446d9', 'sha1': 'f96bf26e85634c7f92e55ad4690d442595bde9fb', 'sha256': '56f70b4d846e66747d46d5fe70283c071cf0b70fedc05db3e4d9a8f37464c8cf'}, 'dob': {'date': '1967-07-13T08:47:01.647Z', 'age': 56}, 'registered': {'date': '2010-09-20T03:25:04.955Z', 'age': 13}, 'phone': '(096) V38-8402', 'cell': '(067) G57-7024', 'id': {'name': '', 'value': None}, 'picture': {'large': 'https://randomuser.me/api/portraits/women/48.jpg', 'medium': 'https://randomuser.me/api/portraits/med/women/48.jpg', 'thumbnail': 'https://randomuser.me/api/portraits/thumb/women/48.jpg'}, 'nat': 'UA'}</msg>
<arg>${json_data['results'][0]}</arg>
<doc>Logs the given message with the given level.</doc>
<status status="PASS" start="2024-03-23T17:12:17.220988" elapsed="0.000474"/>
</kw>
<kw name="Log" owner="BuiltIn">
<msg time="2024-03-23T17:12:17.221901" level="INFO">gender</msg>
<arg>${key}</arg>
<doc>Logs the given message with the given level.</doc>
<status status="PASS" start="2024-03-23T17:12:17.221770" elapsed="0.000170"/>
</kw>
<var name="${key}">gender</var>
<status status="PASS" start="2024-03-23T17:12:17.220108" elapsed="0.002052"/>
</iter>
<iter>
<kw name="Dictionary Should Contain Key" owner="Collections">
<msg time="2024-03-23T17:12:17.222873" level="INFO">False</msg>
<arg>${json_data['results'][0]}</arg>
<arg>${key}</arg>
<doc>Fails if ``key`` is not found from ``dictionary``.</doc>
<status status="PASS" start="2024-03-23T17:12:17.222483" elapsed="0.000464"/>
</kw>
<kw name="Log" owner="BuiltIn">
<msg time="2024-03-23T17:12:17.223641" level="INFO">{'gender': 'female', 'name': {'title': 'Ms', 'first': "V'yacheslava", 'last': 'Ieshchenko'}, 'location': {'street': {'number': 8469, 'name': 'Naddnipryanske shose'}, 'city': 'Dobromil', 'state': 'Avtonomna Respublika Krim', 'country': 'Ukraine', 'postcode': 94721, 'coordinates': {'latitude': '75.8906', 'longitude': '16.1829'}, 'timezone': {'offset': '+10:00', 'description': 'Eastern Australia, Guam, Vladivostok'}}, 'email': "v'yacheslava.ieshchenko@example.com", 'login': {'uuid': '34dfd940-f38d-4c24-95bf-f26688d6ed70', 'username': 'yellowzebra251', 'password': 'reggae', 'salt': 'oIYXjpLu', 'md5': 'f4f70464c8d490bee2af862c2b3446d9', 'sha1': 'f96bf26e85634c7f92e55ad4690d442595bde9fb', 'sha256': '56f70b4d846e66747d46d5fe70283c071cf0b70fedc05db3e4d9a8f37464c8cf'}, 'dob': {'date': '1967-07-13T08:47:01.647Z', 'age': 56}, 'registered': {'date': '2010-09-20T03:25:04.955Z', 'age': 13}, 'phone': '(096) V38-8402', 'cell': '(067) G57-7024', 'id': {'name': '', 'value': None}, 'picture': {'large': 'https://randomuser.me/api/portraits/women/48.jpg', 'medium': 'https://randomuser.me/api/portraits/med/women/48.jpg', 'thumbnail': 'https://randomuser.me/api/portraits/thumb/women/48.jpg'}, 'nat': 'UA'}</msg>
<arg>${json_data['results'][0]}</arg>
<doc>Logs the given message with the given level.</doc>
<status status="PASS" start="2024-03-23T17:12:17.223266" elapsed="0.000423"/>
</kw>
<kw name="Log" owner="BuiltIn">
<msg time="2024-03-23T17:12:17.224111" level="INFO">name</msg>
<arg>${key}</arg>
<doc>Logs the given message with the given level.</doc>
<status status="PASS" start="2024-03-23T17:12:17.223985" elapsed="0.000165"/>
</kw>
<var name="${key}">name</var>
<status status="PASS" start="2024-03-23T17:12:17.222362" elapsed="0.002002"/>
</iter>
<iter>
<kw name="Dictionary Should Contain Key" owner="Collections">
<msg time="2024-03-23T17:12:17.225038" level="INFO">False</msg>
<arg>${json_data['results'][0]}</arg>
<arg>${key}</arg>
<doc>Fails if ``key`` is not found from ``dictionary``.</doc>
<status status="PASS" start="2024-03-23T17:12:17.224658" elapsed="0.000418"/>
</kw>
<kw name="Log" owner="BuiltIn">
<msg time="2024-03-23T17:12:17.225780" level="INFO">{'gender': 'female', 'name': {'title': 'Ms', 'first': "V'yacheslava", 'last': 'Ieshchenko'}, 'location': {'street': {'number': 8469, 'name': 'Naddnipryanske shose'}, 'city': 'Dobromil', 'state': 'Avtonomna Respublika Krim', 'country': 'Ukraine', 'postcode': 94721, 'coordinates': {'latitude': '75.8906', 'longitude': '16.1829'}, 'timezone': {'offset': '+10:00', 'description': 'Eastern Australia, Guam, Vladivostok'}}, 'email': "v'yacheslava.ieshchenko@example.com", 'login': {'uuid': '34dfd940-f38d-4c24-95bf-f26688d6ed70', 'username': 'yellowzebra251', 'password': 'reggae', 'salt': 'oIYXjpLu', 'md5': 'f4f70464c8d490bee2af862c2b3446d9', 'sha1': 'f96bf26e85634c7f92e55ad4690d442595bde9fb', 'sha256': '56f70b4d846e66747d46d5fe70283c071cf0b70fedc05db3e4d9a8f37464c8cf'}, 'dob': {'date': '1967-07-13T08:47:01.647Z', 'age': 56}, 'registered': {'date': '2010-09-20T03:25:04.955Z', 'age': 13}, 'phone': '(096) V38-8402', 'cell': '(067) G57-7024', 'id': {'name': '', 'value': None}, 'picture': {'large': 'https://randomuser.me/api/portraits/women/48.jpg', 'medium': 'https://randomuser.me/api/portraits/med/women/48.jpg', 'thumbnail': 'https://randomuser.me/api/portraits/thumb/women/48.jpg'}, 'nat': 'UA'}</msg>
<arg>${json_data['results'][0]}</arg>
<doc>Logs the given message with the given level.</doc>
<status status="PASS" start="2024-03-23T17:12:17.225415" elapsed="0.000418"/>
</kw>
<kw name="Log" owner="BuiltIn">
<msg time="2024-03-23T17:12:17.226269" level="INFO">location</msg>
<arg>${key}</arg>
<doc>Logs the given message with the given level.</doc>
<status status="PASS" start="2024-03-23T17:12:17.226128" elapsed="0.000180"/>
</kw>
<var name="${key}">location</var>
<status status="PASS" start="2024-03-23T17:12:17.224545" elapsed="0.001978"/>
</iter>
<iter>
<kw name="Dictionary Should Contain Key" owner="Collections">
<msg time="2024-03-23T17:12:17.227188" level="INFO">False</msg>
<arg>${json_data['results'][0]}</arg>
<arg>${key}</arg>
<doc>Fails if ``key`` is not found from ``dictionary``.</doc>
<status status="PASS" start="2024-03-23T17:12:17.226808" elapsed="0.000417"/>
</kw>
<kw name="Log" owner="BuiltIn">
<msg time="2024-03-23T17:12:17.227895" level="INFO">{'gender': 'female', 'name': {'title': 'Ms', 'first': "V'yacheslava", 'last': 'Ieshchenko'}, 'location': {'street': {'number': 8469, 'name': 'Naddnipryanske shose'}, 'city': 'Dobromil', 'state': 'Avtonomna Respublika Krim', 'country': 'Ukraine', 'postcode': 94721, 'coordinates': {'latitude': '75.8906', 'longitude': '16.1829'}, 'timezone': {'offset': '+10:00', 'description': 'Eastern Australia, Guam, Vladivostok'}}, 'email': "v'yacheslava.ieshchenko@example.com", 'login': {'uuid': '34dfd940-f38d-4c24-95bf-f26688d6ed70', 'username': 'yellowzebra251', 'password': 'reggae', 'salt': 'oIYXjpLu', 'md5': 'f4f70464c8d490bee2af862c2b3446d9', 'sha1': 'f96bf26e85634c7f92e55ad4690d442595bde9fb', 'sha256': '56f70b4d846e66747d46d5fe70283c071cf0b70fedc05db3e4d9a8f37464c8cf'}, 'dob': {'date': '1967-07-13T08:47:01.647Z', 'age': 56}, 'registered': {'date': '2010-09-20T03:25:04.955Z', 'age': 13}, 'phone': '(096) V38-8402', 'cell': '(067) G57-7024', 'id': {'name': '', 'value': None}, 'picture': {'large': 'https://randomuser.me/api/portraits/women/48.jpg', 'medium': 'https://randomuser.me/api/portraits/med/women/48.jpg', 'thumbnail': 'https://randomuser.me/api/portraits/thumb/women/48.jpg'}, 'nat': 'UA'}</msg>
<arg>${json_data['results'][0]}</arg>
<doc>Logs the given message with the given level.</doc>
<status status="PASS" start="2024-03-23T17:12:17.227528" elapsed="0.000415"/>
</kw>
<kw name="Log" owner="BuiltIn">
<msg time="2024-03-23T17:12:17.228364" level="INFO">email</msg>
<arg>${key}</arg>
<doc>Logs the given message with the given level.</doc>
<status status="PASS" start="2024-03-23T17:12:17.228237" elapsed="0.000164"/>
</kw>
<var name="${key}">email</var>
<status status="PASS" start="2024-03-23T17:12:17.226696" elapsed="0.001919"/>
</iter>
<iter>
<kw name="Dictionary Should Contain Key" owner="Collections">
<msg time="2024-03-23T17:12:17.229330" level="INFO">False</msg>
<arg>${json_data['results'][0]}</arg>
<arg>${key}</arg>
<doc>Fails if ``key`` is not found from ``dictionary``.</doc>
<status status="PASS" start="2024-03-23T17:12:17.228908" elapsed="0.000465"/>
</kw>
<kw name="Log" owner="BuiltIn">
<msg time="2024-03-23T17:12:17.230028" level="INFO">{'gender': 'female', 'name': {'title': 'Ms', 'first': "V'yacheslava", 'last': 'Ieshchenko'}, 'location': {'street': {'number': 8469, 'name': 'Naddnipryanske shose'}, 'city': 'Dobromil', 'state': 'Avtonomna Respublika Krim', 'country': 'Ukraine', 'postcode': 94721, 'coordinates': {'latitude': '75.8906', 'longitude': '16.1829'}, 'timezone': {'offset': '+10:00', 'description': 'Eastern Australia, Guam, Vladivostok'}}, 'email': "v'yacheslava.ieshchenko@example.com", 'login': {'uuid': '34dfd940-f38d-4c24-95bf-f26688d6ed70', 'username': 'yellowzebra251', 'password': 'reggae', 'salt': 'oIYXjpLu', 'md5': 'f4f70464c8d490bee2af862c2b3446d9', 'sha1': 'f96bf26e85634c7f92e55ad4690d442595bde9fb', 'sha256': '56f70b4d846e66747d46d5fe70283c071cf0b70fedc05db3e4d9a8f37464c8cf'}, 'dob': {'date': '1967-07-13T08:47:01.647Z', 'age': 56}, 'registered': {'date': '2010-09-20T03:25:04.955Z', 'age': 13}, 'phone': '(096) V38-8402', 'cell': '(067) G57-7024', 'id': {'name': '', 'value': None}, 'picture': {'large': 'https://randomuser.me/api/portraits/women/48.jpg', 'medium': 'https://randomuser.me/api/portraits/med/women/48.jpg', 'thumbnail': 'https://randomuser.me/api/portraits/thumb/women/48.jpg'}, 'nat': 'UA'}</msg>
<arg>${json_data['results'][0]}</arg>
<doc>Logs the given message with the given level.</doc>
<status status="PASS" start="2024-03-23T17:12:17.229672" elapsed="0.000402"/>
</kw>
<kw name="Log" owner="BuiltIn">
<msg time="2024-03-23T17:12:17.230519" level="INFO">login</msg>
<arg>${key}</arg>
<doc>Logs the given message with the given level.</doc>
<status status="PASS" start="2024-03-23T17:12:17.230391" elapsed="0.000268"/>
</kw>
<var name="${key}">login</var>
<status status="PASS" start="2024-03-23T17:12:17.228790" elapsed="0.002092"/>
</iter>
<var>${key}</var>
<value>@{expected_keys}</value>
<status status="PASS" start="2024-03-23T17:12:17.219924" elapsed="0.011082"/>
</for>
<kw name="Create List" owner="BuiltIn">
<msg time="2024-03-23T17:12:17.231338" level="INFO">${expected_keysTwo} = ['username', 'password']</msg>
<var>${expected_keysTwo}</var>
<arg>username</arg>
<arg>password</arg>
<doc>Returns a list containing given items.</doc>
<status status="PASS" start="2024-03-23T17:12:17.231200" elapsed="0.000162"/>
</kw>
<for flavor="IN">
<iter>
<kw name="Dictionary Should Contain Key" owner="Collections">
<msg time="2024-03-23T17:12:17.232251" level="INFO">False</msg>
<arg>${json_data['results'][0]['login']}</arg>
<arg>${keyTwo}</arg>
<doc>Fails if ``key`` is not found from ``dictionary``.</doc>
<status status="PASS" start="2024-03-23T17:12:17.231864" elapsed="0.000425"/>
</kw>
<kw name="Dictionary Should Contain Key" owner="Collections">
<msg time="2024-03-23T17:12:17.232978" level="INFO">False</msg>
<arg>${json_data['results'][0]['login']}</arg>
<arg>${keyTwo}</arg>
<doc>Fails if ``key`` is not found from ``dictionary``.</doc>
<status status="PASS" start="2024-03-23T17:12:17.232589" elapsed="0.000427"/>
</kw>
<kw name="Log" owner="BuiltIn">
<msg time="2024-03-23T17:12:17.233481" level="INFO">username</msg>
<arg>${keyTwo}</arg>
<doc>Logs the given message with the given level.</doc>
<status status="PASS" start="2024-03-23T17:12:17.233350" elapsed="0.000169"/>
</kw>
<var name="${keyTwo}">username</var>
<status status="PASS" start="2024-03-23T17:12:17.231751" elapsed="0.001984"/>
</iter>
<iter>
<kw name="Dictionary Should Contain Key" owner="Collections">
<msg time="2024-03-23T17:12:17.234399" level="INFO">False</msg>
<arg>${json_data['results'][0]['login']}</arg>
<arg>${keyTwo}</arg>
<doc>Fails if ``key`` is not found from ``dictionary``.</doc>
<status status="PASS" start="2024-03-23T17:12:17.234017" elapsed="0.000421"/>
</kw>
<kw name="Dictionary Should Contain Key" owner="Collections">
<msg time="2024-03-23T17:12:17.235104" level="INFO">False</msg>
<arg>${json_data['results'][0]['login']}</arg>
<arg>${keyTwo}</arg>
<doc>Fails if ``key`` is not found from ``dictionary``.</doc>
<status status="PASS" start="2024-03-23T17:12:17.234728" elapsed="0.000412"/>
</kw>
<kw name="Log" owner="BuiltIn">
<msg time="2024-03-23T17:12:17.235552" level="INFO">password</msg>
<arg>${keyTwo}</arg>
<doc>Logs the given message with the given level.</doc>
<status status="PASS" start="2024-03-23T17:12:17.235425" elapsed="0.000164"/>
</kw>
<var name="${keyTwo}">password</var>
<status status="PASS" start="2024-03-23T17:12:17.233908" elapsed="0.001899"/>
</iter>
<var>${keyTwo}</var>
<value>@{expected_keysTwo}</value>
<status status="PASS" start="2024-03-23T17:12:17.231598" elapsed="0.004330"/>
</for>
<status status="PASS" start="2024-03-23T17:12:17.125766" elapsed="0.110300"/>
</kw>
<doc>Testa a estrutura da resposta da API.</doc>
<tag>testeEstruturaResposta</tag>
<status status="PASS" start="2024-03-23T17:12:17.124991" elapsed="0.111227"/>
</test>
<test id="s1-s1-t4" name="Validar tipos de dados" line="28">
<kw name="Teste de Tipos de Dados" owner="random-user-service">
<kw name="GET On Session" owner="RequestsLibrary">
<msg time="2024-03-23T17:12:17.317575" level="INFO">GET Request : url=https://randomuser.me/api 
 path_url=/api 
 headers={'User-Agent': 'python-requests/2.31.0', 'Accept-Encoding': 'gzip, deflate', 'Accept': '*/*', 'Connection': 'keep-alive'} 
 body=None 
 </msg>
<msg time="2024-03-23T17:12:17.317659" level="INFO">GET Response : url=https://randomuser.me/api 
 status=200, reason=OK 
 headers={'Date': 'Sat, 23 Mar 2024 17:12:17 GMT', 'Content-Type': 'application/json; charset=utf-8', 'Transfer-Encoding': 'chunked', 'Connection': 'keep-alive', 'X-Powered-By': 'Express', 'Access-Control-Allow-Origin': '*', 'Cache-Control': 'no-cache', 'ETag': 'W/"483-BMThwGYcokyhcboTso5zD4uI4sc"', 'Vary': 'Accept-Encoding', 'Content-Encoding': 'gzip', 'CF-Cache-Status': 'DYNAMIC', 'Report-To': '{"endpoints":[{"url":"https:\\/\\/a.nel.cloudflare.com\\/report\\/v4?s=qy1BHAra4zT8etAtKqtgUU3jMWLDXC2NUEBt37uqMWMhMSmiWLzr6OXiGj4793GbByK5xNkmoaEMvcGam0pFDfJ79AvBI0IVt8z7Y8VzQ4ThsCLooQLTZhpFZu%2F2EAuW"}],"group":"cf-nel","max_age":604800}', 'NEL': '{"success_fraction":0,"report_to":"cf-nel","max_age":604800}', 'Server': 'cloudflare', 'CF-RAY': '86900ba3ba966188-ORD', 'alt-svc': 'h3=":443"; ma=86400'} 
 body={"results":[{"gender":"male","name":{"title":"Mr","first":"Viktor","last":"Nydal"},"location":{"street":{"number":5518,"name":"Haråsveien"},"city":"Opphaug","state":"Troms - Romsa","country":"Norway","postcode":"9715","coordinates":{"latitude":"43.3082","longitude":"-43.5144"},"timezone":{"offset":"+10:00","description":"Eastern Australia, Guam, Vladivostok"}},"email":"viktor.nydal@example.com","login":{"uuid":"f9f859dc-a996-4403-9925-30623cb68fcc","username":"bigfrog324","password":"mission","salt":"QMMypanf","md5":"f9c38266afc28cd0e974d0d0c2ffb1a8","sha1":"b8473c6668c1172d0017a199679bd2fb13bfe659","sha256":"0c3e5a5d33631b3a78f696258304ae557726950bb53a8e2f2537a376a2a55242"},"dob":{"date":"1945-02-20T02:22:41.382Z","age":79},"registered":{"date":"2010-06-23T11:39:26.299Z","age":13},"phone":"37745977","cell":"47504937","id":{"name":"FN","value":"20024544789"},"picture":{"large":"https://randomuser.me/api/portraits/men/12.jpg","medium":"https://randomuser.me/api/portraits/med/men/12.jpg","thumbnail":"https://randomuser.me/api/portraits/thumb/men/12.jpg"},"nat":"NO"}],"info":{"seed":"4a47fff63b8b196c","results":1,"page":1,"version":"1.4"}} 
 </msg>
<msg time="2024-03-23T17:12:17.317730" level="INFO">/opt/hostedtoolcache/Python/3.12.2/x64/lib/python3.12/site-packages/urllib3/connectionpool.py:1103: InsecureRequestWarning: Unverified HTTPS request is being made to host 'randomuser.me'. Adding certificate verification is strongly advised. See: https://urllib3.readthedocs.io/en/latest/advanced-usage.html#tls-warnings
  warnings.warn(</msg>
<msg time="2024-03-23T17:12:17.317844" level="INFO">${response} = &lt;Response [200]&gt;</msg>
<var>${response}</var>
<arg>consultarAPI</arg>
<arg>/api</arg>
<doc>Sends a GET request on a previously created HTTP Session.</doc>
<status status="PASS" start="2024-03-23T17:12:17.238772" elapsed="0.079112"/>
</kw>
<kw name="Set Variable" owner="BuiltIn">
<msg time="2024-03-23T17:12:17.318919" level="INFO">${json_data} = {'results': [{'gender': 'male', 'name': {'title': 'Mr', 'first': 'Viktor', 'last': 'Nydal'}, 'location': {'street': {'number': 5518, 'name': 'Haråsveien'}, 'city': 'Opphaug', 'state': 'Troms - Romsa',...</msg>
<var>${json_data}</var>
<arg>${response.json()}</arg>
<doc>Returns the given values which can then be assigned to a variables.</doc>
<status status="PASS" start="2024-03-23T17:12:17.318370" elapsed="0.000578"/>
</kw>
<kw name="Log" owner="BuiltIn">
<msg time="2024-03-23T17:12:17.319423" level="INFO">{'results': [{'gender': 'male', 'name': {'title': 'Mr', 'first': 'Viktor', 'last': 'Nydal'}, 'location': {'street': {'number': 5518, 'name': 'Haråsveien'}, 'city': 'Opphaug', 'state': 'Troms - Romsa', 'country': 'Norway', 'postcode': '9715', 'coordinates': {'latitude': '43.3082', 'longitude': '-43.5144'}, 'timezone': {'offset': '+10:00', 'description': 'Eastern Australia, Guam, Vladivostok'}}, 'email': 'viktor.nydal@example.com', 'login': {'uuid': 'f9f859dc-a996-4403-9925-30623cb68fcc', 'username': 'bigfrog324', 'password': 'mission', 'salt': 'QMMypanf', 'md5': 'f9c38266afc28cd0e974d0d0c2ffb1a8', 'sha1': 'b8473c6668c1172d0017a199679bd2fb13bfe659', 'sha256': '0c3e5a5d33631b3a78f696258304ae557726950bb53a8e2f2537a376a2a55242'}, 'dob': {'date': '1945-02-20T02:22:41.382Z', 'age': 79}, 'registered': {'date': '2010-06-23T11:39:26.299Z', 'age': 13}, 'phone': '37745977', 'cell': '47504937', 'id': {'name': 'FN', 'value': '20024544789'}, 'picture': {'large': 'https://randomuser.me/api/portraits/men/12.jpg', 'medium': 'https://randomuser.me/api/portraits/med/men/12.jpg', 'thumbnail': 'https://randomuser.me/api/portraits/thumb/men/12.jpg'}, 'nat': 'NO'}], 'info': {'seed': '4a47fff63b8b196c', 'results': 1, 'page': 1, 'version': '1.4'}}</msg>
<arg>${json_data}</arg>
<doc>Logs the given message with the given level.</doc>
<status status="PASS" start="2024-03-23T17:12:17.319265" elapsed="0.000241"/>
</kw>
<kw name="Should Be String" owner="String">
<arg>${json_data['results'][0]['gender']}</arg>
<doc>Fails if the given ``item`` is not a string.</doc>
<status status="PASS" start="2024-03-23T17:12:17.319809" elapsed="0.000363"/>
</kw>
<kw name="Should Match Regexp" owner="BuiltIn">
<arg>${json_data['results'][0]['email']}</arg>
<arg>^[a-zA-Z0-9._%+-]+@[a-zA-Z0-9.-]+\.[a-zA-Z]{2,}$</arg>
<doc>Fails if ``string`` does not match ``pattern`` as a regular expression.</doc>
<status status="PASS" start="2024-03-23T17:12:17.320365" elapsed="0.000515"/>
</kw>
<kw name="Should Match Regexp" owner="BuiltIn">
<arg>${json_data['results'][0]['dob']['date']}</arg>
<arg>\\d{4}-\\d{2}-\\d{2}T\\d{2}:\\d{2}:\\d{2}\\.\\d{3}Z</arg>
<doc>Fails if ``string`` does not match ``pattern`` as a regular expression.</doc>
<status status="PASS" start="2024-03-23T17:12:17.321077" elapsed="0.000533"/>
</kw>
<kw name="Should Match Regexp" owner="BuiltIn">
<arg>${json_data['results'][0]['registered']['date']}</arg>
<arg>\\d{4}-\\d{2}-\\d{2}T\\d{2}:\\d{2}:\\d{2}\\.\\d{3}Z</arg>
<doc>Fails if ``string`` does not match ``pattern`` as a regular expression.</doc>
<status status="PASS" start="2024-03-23T17:12:17.321806" elapsed="0.000378"/>
</kw>
<kw name="Should Match Regexp" owner="BuiltIn">
<arg>${json_data['results'][0]['picture']['large']}</arg>
<arg>^https?://.*\.(?:png|jpe?g|gif|bmp)$</arg>
<doc>Fails if ``string`` does not match ``pattern`` as a regular expression.</doc>
<status status="PASS" start="2024-03-23T17:12:17.322371" elapsed="0.000453"/>
</kw>
<kw name="Should Match Regexp" owner="BuiltIn">
<arg>${json_data['results'][0]['picture']['medium']}</arg>
<arg>^https?://.*\.(?:png|jpe?g|gif|bmp)$</arg>
<doc>Fails if ``string`` does not match ``pattern`` as a regular expression.</doc>
<status status="PASS" start="2024-03-23T17:12:17.323011" elapsed="0.000357"/>
</kw>
<kw name="Should Match Regexp" owner="BuiltIn">
<arg>${json_data['results'][0]['picture']['thumbnail']}</arg>
<arg>^https?://.*\.(?:png|jpe?g|gif|bmp)$</arg>
<doc>Fails if ``string`` does not match ``pattern`` as a regular expression.</doc>
<status status="PASS" start="2024-03-23T17:12:17.323551" elapsed="0.000352"/>
</kw>
<kw name="Log" owner="BuiltIn">
<msg time="2024-03-23T17:12:17.324417" level="INFO">{'large': 'https://randomuser.me/api/portraits/men/12.jpg', 'medium': 'https://randomuser.me/api/portraits/med/men/12.jpg', 'thumbnail': 'https://randomuser.me/api/portraits/thumb/men/12.jpg'}</msg>
<arg>${json_data['results'][0]['picture']}</arg>
<doc>Logs the given message with the given level.</doc>
<status status="PASS" start="2024-03-23T17:12:17.324091" elapsed="0.000372"/>
</kw>
<status status="PASS" start="2024-03-23T17:12:17.238543" elapsed="0.086175"/>
</kw>
<kw name="Teste de Tipos de Dados - Postcode" owner="random-user-service">
<kw name="GET On Session" owner="RequestsLibrary">
<msg time="2024-03-23T17:12:17.417516" level="INFO">GET Request : url=https://randomuser.me/api 
 path_url=/api 
 headers={'User-Agent': 'python-requests/2.31.0', 'Accept-Encoding': 'gzip, deflate', 'Accept': '*/*', 'Connection': 'keep-alive'} 
 body=None 
 </msg>
<msg time="2024-03-23T17:12:17.417597" level="INFO">GET Response : url=https://randomuser.me/api 
 status=200, reason=OK 
 headers={'Date': 'Sat, 23 Mar 2024 17:12:17 GMT', 'Content-Type': 'application/json; charset=utf-8', 'Transfer-Encoding': 'chunked', 'Connection': 'keep-alive', 'X-Powered-By': 'Express', 'Access-Control-Allow-Origin': '*', 'Cache-Control': 'no-cache', 'ETag': 'W/"498-PhEe+KdTF7o9putkwoH/9T6Tr0o"', 'Vary': 'Accept-Encoding', 'Content-Encoding': 'gzip', 'CF-Cache-Status': 'DYNAMIC', 'Report-To': '{"endpoints":[{"url":"https:\\/\\/a.nel.cloudflare.com\\/report\\/v4?s=mOnzgxYOk2fNSkBovDMdcr4NuSVwFfp%2F4Fh6mMYx3kGAj3VoSDJOKYhSmsx08I6w5D2yH2Bk%2B0H%2B5vHvx93Qb4taLa2%2F9L8rWqgh4546s8DnE%2F9HOYjTdkXIntdskQm7"}],"group":"cf-nel","max_age":604800}', 'NEL': '{"success_fraction":0,"report_to":"cf-nel","max_age":604800}', 'Server': 'cloudflare', 'CF-RAY': '86900ba44b316188-ORD', 'alt-svc': 'h3=":443"; ma=86400'} 
 body={"results":[{"gender":"male","name":{"title":"Mr","first":"Ernest","last":"Lee"},"location":{"street":{"number":8409,"name":"College St"},"city":"Sunshine Coast","state":"New South Wales","country":"Australia","postcode":5947,"coordinates":{"latitude":"-85.9199","longitude":"-52.0626"},"timezone":{"offset":"0:00","description":"Western Europe Time, London, Lisbon, Casablanca"}},"email":"ernest.lee@example.com","login":{"uuid":"587d1c21-b462-49bd-bbb0-5fca4ece7514","username":"sadbear395","password":"rachael","salt":"UrylJRZ0","md5":"af1d0605ee145bb478c7795787a71253","sha1":"db6567c864a08279181edf7a1fe33ff67c202250","sha256":"171d1aa3315e2a92b5e692abf8ba50595111d4cd65468e3de05674c315721877"},"dob":{"date":"2000-01-07T14:02:19.959Z","age":24},"registered":{"date":"2018-05-16T17:53:35.060Z","age":5},"phone":"03-9794-3023","cell":"0474-595-821","id":{"name":"TFN","value":"364323771"},"picture":{"large":"https://randomuser.me/api/portraits/men/66.jpg","medium":"https://randomuser.me/api/portraits/med/men/66.jpg","thumbnail":"https://randomuser.me/api/portraits/thumb/men/66.jpg"},"nat":"AU"}],"info":{"seed":"d7cfb80a06593e0d","results":1,"page":1,"version":"1.4"}} 
 </msg>
<msg time="2024-03-23T17:12:17.417677" level="INFO">/opt/hostedtoolcache/Python/3.12.2/x64/lib/python3.12/site-packages/urllib3/connectionpool.py:1103: InsecureRequestWarning: Unverified HTTPS request is being made to host 'randomuser.me'. Adding certificate verification is strongly advised. See: https://urllib3.readthedocs.io/en/latest/advanced-usage.html#tls-warnings
  warnings.warn(</msg>
<msg time="2024-03-23T17:12:17.417789" level="INFO">${response} = &lt;Response [200]&gt;</msg>
<var>${response}</var>
<arg>consultarAPI</arg>
<arg>/api</arg>
<doc>Sends a GET request on a previously created HTTP Session.</doc>
<status status="PASS" start="2024-03-23T17:12:17.325325" elapsed="0.092514"/>
</kw>
<kw name="Set Variable" owner="BuiltIn">
<msg time="2024-03-23T17:12:17.418890" level="INFO">${json_data} = {'results': [{'gender': 'male', 'name': {'title': 'Mr', 'first': 'Ernest', 'last': 'Lee'}, 'location': {'street': {'number': 8409, 'name': 'College St'}, 'city': 'Sunshine Coast', 'state': 'New South ...</msg>
<var>${json_data}</var>
<arg>${response.json()}</arg>
<doc>Returns the given values which can then be assigned to a variables.</doc>
<status status="PASS" start="2024-03-23T17:12:17.418325" elapsed="0.000594"/>
</kw>
<kw name="Log" owner="BuiltIn">
<msg time="2024-03-23T17:12:17.419374" level="INFO">{'results': [{'gender': 'male', 'name': {'title': 'Mr', 'first': 'Ernest', 'last': 'Lee'}, 'location': {'street': {'number': 8409, 'name': 'College St'}, 'city': 'Sunshine Coast', 'state': 'New South Wales', 'country': 'Australia', 'postcode': 5947, 'coordinates': {'latitude': '-85.9199', 'longitude': '-52.0626'}, 'timezone': {'offset': '0:00', 'description': 'Western Europe Time, London, Lisbon, Casablanca'}}, 'email': 'ernest.lee@example.com', 'login': {'uuid': '587d1c21-b462-49bd-bbb0-5fca4ece7514', 'username': 'sadbear395', 'password': 'rachael', 'salt': 'UrylJRZ0', 'md5': 'af1d0605ee145bb478c7795787a71253', 'sha1': 'db6567c864a08279181edf7a1fe33ff67c202250', 'sha256': '171d1aa3315e2a92b5e692abf8ba50595111d4cd65468e3de05674c315721877'}, 'dob': {'date': '2000-01-07T14:02:19.959Z', 'age': 24}, 'registered': {'date': '2018-05-16T17:53:35.060Z', 'age': 5}, 'phone': '03-9794-3023', 'cell': '0474-595-821', 'id': {'name': 'TFN', 'value': '364323771'}, 'picture': {'large': 'https://randomuser.me/api/portraits/men/66.jpg', 'medium': 'https://randomuser.me/api/portraits/med/men/66.jpg', 'thumbnail': 'https://randomuser.me/api/portraits/thumb/men/66.jpg'}, 'nat': 'AU'}], 'info': {'seed': 'd7cfb80a06593e0d', 'results': 1, 'page': 1, 'version': '1.4'}}</msg>
<arg>${json_data}</arg>
<doc>Logs the given message with the given level.</doc>
<status status="PASS" start="2024-03-23T17:12:17.419224" elapsed="0.000226"/>
</kw>
<kw name="Should Be Equal As Numbers" owner="BuiltIn">
<arg>${json_data['results'][0]['location']['postcode']}</arg>
<arg>${json_data['results'][0]['location']['postcode']}</arg>
<doc>Fails if objects are unequal after converting them to real numbers.</doc>
<status status="PASS" start="2024-03-23T17:12:17.419747" elapsed="0.000625"/>
</kw>
<kw name="Log" owner="BuiltIn">
<msg time="2024-03-23T17:12:17.420893" level="INFO">5947</msg>
<arg>${json_data['results'][0]['location']['postcode']}</arg>
<doc>Logs the given message with the given level.</doc>
<status status="PASS" start="2024-03-23T17:12:17.420562" elapsed="0.000371"/>
</kw>
<status status="PASS" start="2024-03-23T17:12:17.324942" elapsed="0.096268"/>
</kw>
<doc>Testa se os tipos de dados na resposta da API estão corretos.</doc>
<tag>testeTiposDados</tag>
<status status="PASS" start="2024-03-23T17:12:17.237998" elapsed="0.183392"/>
</test>
<test id="s1-s1-t5" name="Validar conteudo" line="35">
<kw name="Teste de Tipos de Conteudo" owner="random-user-service">
<kw name="GET On Session" owner="RequestsLibrary">
<msg time="2024-03-23T17:12:17.518723" level="INFO">GET Request : url=https://randomuser.me/api 
 path_url=/api 
 headers={'User-Agent': 'python-requests/2.31.0', 'Accept-Encoding': 'gzip, deflate', 'Accept': '*/*', 'Connection': 'keep-alive'} 
 body=None 
 </msg>
<msg time="2024-03-23T17:12:17.518832" level="INFO">GET Response : url=https://randomuser.me/api 
 status=200, reason=OK 
 headers={'Date': 'Sat, 23 Mar 2024 17:12:17 GMT', 'Content-Type': 'application/json; charset=utf-8', 'Transfer-Encoding': 'chunked', 'Connection': 'keep-alive', 'X-Powered-By': 'Express', 'Access-Control-Allow-Origin': '*', 'Cache-Control': 'no-cache', 'ETag': 'W/"4b6-s5kuTsO9EtQfKG1WRC8de1I/3Co"', 'Vary': 'Accept-Encoding', 'Content-Encoding': 'gzip', 'CF-Cache-Status': 'DYNAMIC', 'Report-To': '{"endpoints":[{"url":"https:\\/\\/a.nel.cloudflare.com\\/report\\/v4?s=gxm9oAOhhqMsKvFqFpYcJPwvY1D8x8e6SMGcmKS79RIhsPL8sjvi74Wk2J0GnQFJGBLrBzPvkEM0uezlN0imS5lQie2pX1VC8j6O7ZV1za56y4MNtJHbLDTc7dhG85FS"}],"group":"cf-nel","max_age":604800}', 'NEL': '{"success_fraction":0,"report_to":"cf-nel","max_age":604800}', 'Server': 'cloudflare', 'CF-RAY': '86900ba4ebd16188-ORD', 'alt-svc': 'h3=":443"; ma=86400'} 
 body={"results":[{"gender":"female","name":{"title":"Mrs","first":"Concepción","last":"Gutiérrez"},"location":{"street":{"number":2714,"name":"Calle de La Democracia"},"city":"Alcobendas","state":"Comunidad de Madrid","country":"Spain","postcode":69523,"coordinates":{"latitude":"-30.7577","longitude":"61.6260"},"timezone":{"offset":"+9:00","description":"Tokyo, Seoul, Osaka, Sapporo, Yakutsk"}},"email":"concepcion.gutierrez@example.com","login":{"uuid":"366e4808-a81a-4ca4-8101-32bd6fcb898e","username":"bigelephant214","password":"1112","salt":"FePXOsXh","md5":"d901b6561667a4857cb18bf0eb0e3eac","sha1":"7d4d7174982baa3f468f23398578dbf883b4e0e7","sha256":"b19052897bae0ad92724d070b6cf94aae38132e8975f559b7a4030ed7e26f927"},"dob":{"date":"1985-07-30T11:47:55.696Z","age":38},"registered":{"date":"2019-07-11T22:01:46.818Z","age":4},"phone":"997-755-599","cell":"621-243-828","id":{"name":"DNI","value":"97698278-U"},"picture":{"large":"https://randomuser.me/api/portraits/women/40.jpg","medium":"https://randomuser.me/api/portraits/med/women/40.jpg","thumbnail":"https://randomuser.me/api/portraits/thumb/women/40.jpg"},"nat":"ES"}],"info":{"seed":"9fe1c393eff20f29","results":1,"page":1,"version":"1.4"}} 
 </msg>
<msg time="2024-03-23T17:12:17.518913" level="INFO">/opt/hostedtoolcache/Python/3.12.2/x64/lib/python3.12/site-packages/urllib3/connectionpool.py:1103: InsecureRequestWarning: Unverified HTTPS request is being made to host 'randomuser.me'. Adding certificate verification is strongly advised. See: https://urllib3.readthedocs.io/en/latest/advanced-usage.html#tls-warnings
  warnings.warn(</msg>
<msg time="2024-03-23T17:12:17.519046" level="INFO">${response} = &lt;Response [200]&gt;</msg>
<var>${response}</var>
<arg>consultarAPI</arg>
<arg>/api</arg>
<doc>Sends a GET request on a previously created HTTP Session.</doc>
<status status="PASS" start="2024-03-23T17:12:17.423919" elapsed="0.095295"/>
</kw>
<kw name="Set Variable" owner="BuiltIn">
<msg time="2024-03-23T17:12:17.520204" level="INFO">${json_data} = {'results': [{'gender': 'female', 'name': {'title': 'Mrs', 'first': 'Concepción', 'last': 'Gutiérrez'}, 'location': {'street': {'number': 2714, 'name': 'Calle de La Democracia'}, 'city': 'Alcobendas',...</msg>
<var>${json_data}</var>
<arg>${response.json()}</arg>
<doc>Returns the given values which can then be assigned to a variables.</doc>
<status status="PASS" start="2024-03-23T17:12:17.519700" elapsed="0.000533"/>
</kw>
<kw name="Set Variable" owner="BuiltIn">
<msg time="2024-03-23T17:12:17.520918" level="INFO">${name_title} = Mrs</msg>
<var>${name_title}</var>
<arg>${json_data["results"][0]["name"]["title"]}</arg>
<doc>Returns the given values which can then be assigned to a variables.</doc>
<status status="PASS" start="2024-03-23T17:12:17.520534" elapsed="0.000410"/>
</kw>
<kw name="Create List" owner="BuiltIn">
<msg time="2024-03-23T17:12:17.521447" level="INFO">${allowed_titles} = ['Mr', 'Ms', 'Miss', 'Mrs', 'Madame', 'Monsieur']</msg>
<var>${allowed_titles}</var>
<arg>Mr</arg>
<arg>Ms</arg>
<arg>Miss</arg>
<arg>Mrs</arg>
<arg>Madame</arg>
<arg>Monsieur</arg>
<doc>Returns a list containing given items.</doc>
<status status="PASS" start="2024-03-23T17:12:17.521296" elapsed="0.000175"/>
</kw>
<kw name="List Should Contain Value" owner="Collections">
<msg time="2024-03-23T17:12:17.521965" level="INFO">False</msg>
<arg>${allowed_titles}</arg>
<arg>${name_title}</arg>
<doc>Fails if the ``value`` is not found from ``list``.</doc>
<status status="PASS" start="2024-03-23T17:12:17.521786" elapsed="0.000216"/>
</kw>
<kw name="Set Variable" owner="BuiltIn">
<msg time="2024-03-23T17:12:17.522664" level="INFO">${name_country} = ES</msg>
<var>${name_country}</var>
<arg>${json_data["results"][0]["nat"]}</arg>
<doc>Returns the given values which can then be assigned to a variables.</doc>
<status status="PASS" start="2024-03-23T17:12:17.522290" elapsed="0.000398"/>
</kw>
<kw name="Create List" owner="BuiltIn">
<msg time="2024-03-23T17:12:17.523596" level="INFO">${list_country} = ['AD', 'AE', 'AF', 'AG', 'AI', 'AL', 'AM', 'AO', 'AQ', 'AR', 'AS', 'AT', 'AU', 'AW', 'AX', 'AZ', 'BA', 'BB', 'BD', 'BE', 'BF', 'BG', 'BH', 'BI', 'BJ', 'BL', 'BM', 'BN', 'BO', 'BQ', 'BR', 'BS', 'BT', '...</msg>
<var>${list_country}</var>
<arg>AD</arg>
<arg>AE</arg>
<arg>AF</arg>
<arg>AG</arg>
<arg>AI</arg>
<arg>AL</arg>
<arg>AM</arg>
<arg>AO</arg>
<arg>AQ</arg>
<arg>AR</arg>
<arg>AS</arg>
<arg>AT</arg>
<arg>AU</arg>
<arg>AW</arg>
<arg>AX</arg>
<arg>AZ</arg>
<arg>BA</arg>
<arg>BB</arg>
<arg>BD</arg>
<arg>BE</arg>
<arg>BF</arg>
<arg>BG</arg>
<arg>BH</arg>
<arg>BI</arg>
<arg>BJ</arg>
<arg>BL</arg>
<arg>BM</arg>
<arg>BN</arg>
<arg>BO</arg>
<arg>BQ</arg>
<arg>BR</arg>
<arg>BS</arg>
<arg>BT</arg>
<arg>BV</arg>
<arg>BW</arg>
<arg>BY</arg>
<arg>BZ</arg>
<arg>CA</arg>
<arg>CC</arg>
<arg>CD</arg>
<arg>CF</arg>
<arg>CG</arg>
<arg>CH</arg>
<arg>CI</arg>
<arg>CK</arg>
<arg>CL</arg>
<arg>CM</arg>
<arg>CN</arg>
<arg>CO</arg>
<arg>CR</arg>
<arg>CU</arg>
<arg>CV</arg>
<arg>CW</arg>
<arg>CX</arg>
<arg>CY</arg>
<arg>CZ</arg>
<arg>DE</arg>
<arg>DJ</arg>
<arg>DK</arg>
<arg>DM</arg>
<arg>DO</arg>
<arg>DZ</arg>
<arg>EC</arg>
<arg>EE</arg>
<arg>EG</arg>
<arg>EH</arg>
<arg>ER</arg>
<arg>ES</arg>
<arg>ET</arg>
<arg>FI</arg>
<arg>FJ</arg>
<arg>FK</arg>
<arg>FM</arg>
<arg>FO</arg>
<arg>FR</arg>
<arg>GA</arg>
<arg>GB</arg>
<arg>GD</arg>
<arg>GE</arg>
<arg>GF</arg>
<arg>GG</arg>
<arg>GH</arg>
<arg>GI</arg>
<arg>GL</arg>
<arg>GM</arg>
<arg>GN</arg>
<arg>GP</arg>
<arg>GQ</arg>
<arg>GR</arg>
<arg>GS</arg>
<arg>GT</arg>
<arg>GU</arg>
<arg>GW</arg>
<arg>GY</arg>
<arg>HK</arg>
<arg>HM</arg>
<arg>HN</arg>
<arg>HR</arg>
<arg>HT</arg>
<arg>HU</arg>
<arg>ID</arg>
<arg>IE</arg>
<arg>IL</arg>
<arg>IM</arg>
<arg>IN</arg>
<arg>IO</arg>
<arg>IQ</arg>
<arg>IR</arg>
<arg>IS</arg>
<arg>IT</arg>
<arg>JE</arg>
<arg>JM</arg>
<arg>JO</arg>
<arg>JP</arg>
<arg>KE</arg>
<arg>KG</arg>
<arg>KH</arg>
<arg>KI</arg>
<arg>KM</arg>
<arg>KN</arg>
<arg>KP</arg>
<arg>KR</arg>
<arg>KW</arg>
<arg>KY</arg>
<arg>KZ</arg>
<arg>LA</arg>
<arg>LB</arg>
<arg>LC</arg>
<arg>LI</arg>
<arg>LK</arg>
<arg>LR</arg>
<arg>LS</arg>
<arg>LT</arg>
<arg>LU</arg>
<arg>LV</arg>
<arg>LY</arg>
<arg>MA</arg>
<arg>MC</arg>
<arg>MD</arg>
<arg>ME</arg>
<arg>MF</arg>
<arg>MG</arg>
<arg>MH</arg>
<arg>MK</arg>
<arg>ML</arg>
<arg>MM</arg>
<arg>MN</arg>
<arg>MO</arg>
<arg>MP</arg>
<arg>MQ</arg>
<arg>MR</arg>
<arg>MS</arg>
<arg>MT</arg>
<arg>MU</arg>
<arg>MV</arg>
<arg>MW</arg>
<arg>MX</arg>
<arg>MY</arg>
<arg>MZ</arg>
<arg>NA</arg>
<arg>NC</arg>
<arg>NE</arg>
<arg>NF</arg>
<arg>NG</arg>
<arg>NI</arg>
<arg>NL</arg>
<arg>NO</arg>
<arg>NP</arg>
<arg>NR</arg>
<arg>NU</arg>
<arg>NZ</arg>
<arg>OM</arg>
<arg>PA</arg>
<arg>PE</arg>
<arg>PF</arg>
<arg>PG</arg>
<arg>PH</arg>
<arg>PK</arg>
<arg>PL</arg>
<arg>PM</arg>
<arg>PN</arg>
<arg>PR</arg>
<arg>PS</arg>
<arg>PT</arg>
<arg>PW</arg>
<arg>PY</arg>
<arg>QA</arg>
<arg>RE</arg>
<arg>RO</arg>
<arg>RS</arg>
<arg>RU</arg>
<arg>RW</arg>
<arg>SA</arg>
<arg>SB</arg>
<arg>SC</arg>
<arg>SD</arg>
<arg>SE</arg>
<arg>SG</arg>
<arg>SH</arg>
<arg>SI</arg>
<arg>SJ</arg>
<arg>SK</arg>
<arg>SL</arg>
<arg>SM</arg>
<arg>SN</arg>
<arg>SO</arg>
<arg>SR</arg>
<arg>SS</arg>
<arg>ST</arg>
<arg>SV</arg>
<arg>SX</arg>
<arg>SY</arg>
<arg>SZ</arg>
<arg>TC</arg>
<arg>TD</arg>
<arg>TF</arg>
<arg>TG</arg>
<arg>TH</arg>
<arg>TJ</arg>
<arg>TK</arg>
<arg>TL</arg>
<arg>TM</arg>
<arg>TN</arg>
<arg>TO</arg>
<arg>TR</arg>
<arg>TT</arg>
<arg>TV</arg>
<arg>TW</arg>
<arg>TZ</arg>
<arg>UA</arg>
<arg>UG</arg>
<arg>UM</arg>
<arg>US</arg>
<arg>UY</arg>
<arg>UZ</arg>
<arg>VA</arg>
<arg>VC</arg>
<arg>VE</arg>
<arg>VG</arg>
<arg>VI</arg>
<arg>VN</arg>
<arg>VU</arg>
<arg>WF</arg>
<arg>WS</arg>
<arg>XK</arg>
<arg>YE</arg>
<arg>YT</arg>
<arg>ZA</arg>
<arg>ZM</arg>
<arg>ZW</arg>
<doc>Returns a list containing given items.</doc>
<status status="PASS" start="2024-03-23T17:12:17.522996" elapsed="0.000625"/>
</kw>
<kw name="List Should Contain Value" owner="Collections">
<msg time="2024-03-23T17:12:17.524753" level="INFO">False</msg>
<arg>${list_country}</arg>
<arg>${name_country}</arg>
<doc>Fails if the ``value`` is not found from ``list``.</doc>
<status status="PASS" start="2024-03-23T17:12:17.524549" elapsed="0.000241"/>
</kw>
<kw name="Run Keyword If" owner="BuiltIn">
<kw name="Should Be True" owner="BuiltIn">
<arg>${True}</arg>
<doc>Fails if the given condition is not true.</doc>
<status status="PASS" start="2024-03-23T17:12:17.525898" elapsed="0.000147"/>
</kw>
<arg>${json_data["results"][0]["location"]["coordinates"]["latitude"]} &gt;= -90 and ${json_data["results"][0]["location"]["coordinates"]["latitude"]} &lt;= 90</arg>
<arg>Should Be True</arg>
<arg>${True}</arg>
<doc>Runs the given keyword with the given arguments, if ``condition`` is true.</doc>
<status status="PASS" start="2024-03-23T17:12:17.525104" elapsed="0.001071"/>
</kw>
<kw name="Run Keyword If" owner="BuiltIn">
<kw name="Should Be True" owner="BuiltIn">
<arg>${True}</arg>
<doc>Fails if the given condition is not true.</doc>
<status status="PASS" start="2024-03-23T17:12:17.527067" elapsed="0.000138"/>
</kw>
<arg>${json_data["results"][0]["location"]["coordinates"]["longitude"]} &gt;= -180 and ${json_data["results"][0]["location"]["coordinates"]["longitude"]} &lt;= 180</arg>
<arg>Should Be True</arg>
<arg>${True}</arg>
<doc>Runs the given keyword with the given arguments, if ``condition`` is true.</doc>
<status status="PASS" start="2024-03-23T17:12:17.526363" elapsed="0.000965"/>
</kw>
<status status="PASS" start="2024-03-23T17:12:17.423686" elapsed="0.103773"/>
</kw>
<doc>Testa o conteúdo específico dos campos retornados pela API.</doc>
<tag>testeConteudo</tag>
<status status="PASS" start="2024-03-23T17:12:17.423149" elapsed="0.104464"/>
</test>
<status status="PASS" start="2024-03-23T17:12:16.586237" elapsed="0.943311"/>
</suite>
<status status="PASS" start="2024-03-23T17:12:16.572232" elapsed="0.962596"/>
</suite>
<statistics>
<total>
<stat pass="5" fail="0" skip="0">All Tests</stat>
</total>
<tag>
<stat pass="1" fail="0" skip="0">testeConteudo</stat>
<stat pass="1" fail="0" skip="0">testeEstruturaResposta</stat>
<stat pass="1" fail="0" skip="0">testeRequisicaoBasica</stat>
<stat pass="1" fail="0" skip="0">testeTiposDados</stat>
</tag>
<suite>
<stat pass="5" fail="0" skip="0" id="s1" name="Tests">Tests</stat>
<stat pass="5" fail="0" skip="0" id="s1-s1" name="Random-User-Test">Tests.Random-User-Test</stat>
</suite>
</statistics>
<errors>
</errors>
</robot>
