<?xml version="1.0" encoding="UTF-8"?>
<robot generator="Robot 7.0 (Python 3.12.2 on linux)" generated="2024-03-20T17:10:18.119402" rpa="false" schemaversion="5">
<suite id="s1" name="Tests" source="/home/runner/work/DesafioQA---Itau---Rogerio-Jordao/DesafioQA---Itau---Rogerio-Jordao/DesafioQA - Itau - Rogerio Jordao/tests">
<suite id="s1-s1" name="Random-User-Test" source="/home/runner/work/DesafioQA---Itau---Rogerio-Jordao/DesafioQA---Itau---Rogerio-Jordao/DesafioQA - Itau - Rogerio Jordao/tests/random-user-test.robot">
<test id="s1-s1-t1" name="Conectar" line="24">
<kw name="Conectar API">
<kw name="Create Session" owner="RequestsLibrary">
<msg time="2024-03-20T17:10:18.453655" level="INFO">Creating Session using : alias=consultarAPI, url=https://randomuser.me/, headers={},                     cookies={}, auth=None, timeout=None, proxies=None, verify=False,                     debug=0 </msg>
<arg>consultarAPI</arg>
<arg>${URL}</arg>
<doc>Create Session: create a HTTP session to a server</doc>
<status status="PASS" start="2024-03-20T17:10:18.453442" elapsed="0.000401"/>
</kw>
<status status="PASS" start="2024-03-20T17:10:18.452515" elapsed="0.001716"/>
</kw>
<status status="PASS" start="2024-03-20T17:10:18.451951" elapsed="0.002483"/>
</test>
<test id="s1-s1-t2" name="Validar retorno 200 e JSON Válido" line="27">
<kw name="Teste de Requisicao Basica">
<kw name="GET On Session" owner="RequestsLibrary">
<msg time="2024-03-20T17:10:18.538861" level="INFO">GET Request : url=https://randomuser.me/api 
 path_url=/api 
 headers={'User-Agent': 'python-requests/2.31.0', 'Accept-Encoding': 'gzip, deflate', 'Accept': '*/*', 'Connection': 'keep-alive'} 
 body=None 
 </msg>
<msg time="2024-03-20T17:10:18.539006" level="INFO">GET Response : url=https://randomuser.me/api 
 status=200, reason=OK 
 headers={'Date': 'Wed, 20 Mar 2024 17:10:18 GMT', 'Content-Type': 'application/json; charset=utf-8', 'Transfer-Encoding': 'chunked', 'Connection': 'keep-alive', 'X-Powered-By': 'Express', 'Access-Control-Allow-Origin': '*', 'Cache-Control': 'no-cache', 'ETag': 'W/"49d-ymtp9pqmuDsaWAVpDH0Sj30laGs"', 'Vary': 'Accept-Encoding', 'Content-Encoding': 'gzip', 'CF-Cache-Status': 'DYNAMIC', 'Report-To': '{"endpoints":[{"url":"https:\\/\\/a.nel.cloudflare.com\\/report\\/v4?s=OIiTRtpHAilgIIzAkNnRzEI3MZ8lEVsEW7R5POS3Qz%2BMuLt6L%2BofkY3BJo%2BwMxgXK6k%2FPVyvy0mqC%2FnOT%2BJGZO9Pq5dGQrcmVq%2Fl0r%2Bdkv%2FxCHMgokrqPzNlqaMNGTKv"}],"group":"cf-nel","max_age":604800}', 'NEL': '{"success_fraction":0,"report_to":"cf-nel","max_age":604800}', 'Server': 'cloudflare', 'CF-RAY': '8677509d8b622d16-IAD', 'alt-svc': 'h3=":443"; ma=86400'} 
 body={"results":[{"gender":"female","name":{"title":"Mrs","first":"Catherine","last":"Green"},"location":{"street":{"number":7492,"name":"Oak Lawn Ave"},"city":"Launceston","state":"Victoria","country":"Australia","postcode":9221,"coordinates":{"latitude":"-83.2629","longitude":"134.3658"},"timezone":{"offset":"+3:00","description":"Baghdad, Riyadh, Moscow, St. Petersburg"}},"email":"catherine.green@example.com","login":{"uuid":"2558b98c-3c7f-4123-abd5-2d96e2e7d418","username":"goldencat877","password":"sunset","salt":"WD0ginPQ","md5":"004a9d4d20c2d5f321eb1064cb6d8864","sha1":"733ce77b5eeda6d65f11c600e9543ee4a01ab62e","sha256":"9ef8da3d67a136d3fa7b641d95cfb1b3e5b6df08bae63fcfcd9a994fa7a6f3da"},"dob":{"date":"1979-09-07T20:33:46.849Z","age":44},"registered":{"date":"2010-05-07T20:52:56.491Z","age":13},"phone":"01-8482-1572","cell":"0457-998-177","id":{"name":"TFN","value":"311508380"},"picture":{"large":"https://randomuser.me/api/portraits/women/87.jpg","medium":"https://randomuser.me/api/portraits/med/women/87.jpg","thumbnail":"https://randomuser.me/api/portraits/thumb/women/87.jpg"},"nat":"AU"}],"info":{"seed":"acbb582e657da171","results":1,"page":1,"version":"1.4"}} 
 </msg>
<msg time="2024-03-20T17:10:18.539235" level="INFO">/opt/hostedtoolcache/Python/3.12.2/x64/lib/python3.12/site-packages/urllib3/connectionpool.py:1103: InsecureRequestWarning: Unverified HTTPS request is being made to host 'randomuser.me'. Adding certificate verification is strongly advised. See: https://urllib3.readthedocs.io/en/latest/advanced-usage.html#tls-warnings
  warnings.warn(</msg>
<msg time="2024-03-20T17:10:18.539363" level="INFO">${response} = &lt;Response [200]&gt;</msg>
<var>${response}</var>
<arg>consultarAPI</arg>
<arg>/api</arg>
<doc>Sends a GET request on a previously created HTTP Session.</doc>
<status status="PASS" start="2024-03-20T17:10:18.457075" elapsed="0.082330"/>
</kw>
<kw name="Should Be Equal As Numbers" owner="BuiltIn">
<msg time="2024-03-20T17:10:18.540400" level="INFO">Argument types are:
&lt;class 'int'&gt;
&lt;class 'str'&gt;</msg>
<arg>${response.status_code}</arg>
<arg>200</arg>
<doc>Fails if objects are unequal after converting them to real numbers.</doc>
<status status="PASS" start="2024-03-20T17:10:18.539896" elapsed="0.000575"/>
</kw>
<kw name="Log" owner="BuiltIn">
<msg time="2024-03-20T17:10:18.541144" level="INFO">200</msg>
<arg>${response.status_code}</arg>
<doc>Logs the given message with the given level.</doc>
<status status="PASS" start="2024-03-20T17:10:18.540788" elapsed="0.000398"/>
</kw>
<kw name="Set Variable" owner="BuiltIn">
<msg time="2024-03-20T17:10:18.541929" level="INFO">${json_data} = {'results': [{'gender': 'female', 'name': {'title': 'Mrs', 'first': 'Catherine', 'last': 'Green'}, 'location': {'street': {'number': 7492, 'name': 'Oak Lawn Ave'}, 'city': 'Launceston', 'state': 'Vict...</msg>
<var>${json_data}</var>
<arg>${response.json()}</arg>
<doc>Returns the given values which can then be assigned to a variables.</doc>
<status status="PASS" start="2024-03-20T17:10:18.541489" elapsed="0.000468"/>
</kw>
<kw name="Dictionary Should Contain Key" owner="Collections">
<msg time="2024-03-20T17:10:18.542452" level="INFO">False</msg>
<arg>${json_data}</arg>
<arg>results</arg>
<doc>Fails if ``key`` is not found from ``dictionary``.</doc>
<status status="PASS" start="2024-03-20T17:10:18.542283" elapsed="0.000208"/>
</kw>
<status status="PASS" start="2024-03-20T17:10:18.456825" elapsed="0.085922"/>
</kw>
<doc>Testa se a API responde corretamente e retorna um objeto JSON válido.</doc>
<tag>testeRequisicaoBasica</tag>
<status status="PASS" start="2024-03-20T17:10:18.456365" elapsed="0.086555"/>
</test>
<test id="s1-s1-t3" name="Validar estrutura de resposta" line="33">
<kw name="Teste de Estrutura de Resposta">
<kw name="GET On Session" owner="RequestsLibrary">
<msg time="2024-03-20T17:10:18.646051" level="INFO">GET Request : url=https://randomuser.me/api 
 path_url=/api 
 headers={'User-Agent': 'python-requests/2.31.0', 'Accept-Encoding': 'gzip, deflate', 'Accept': '*/*', 'Connection': 'keep-alive'} 
 body=None 
 </msg>
<msg time="2024-03-20T17:10:18.646140" level="INFO">GET Response : url=https://randomuser.me/api 
 status=200, reason=OK 
 headers={'Date': 'Wed, 20 Mar 2024 17:10:18 GMT', 'Content-Type': 'application/json; charset=utf-8', 'Transfer-Encoding': 'chunked', 'Connection': 'keep-alive', 'X-Powered-By': 'Express', 'Access-Control-Allow-Origin': '*', 'Cache-Control': 'no-cache', 'ETag': 'W/"488-kqj3tVBKZlTFKk7RQ5NwJ2ZtWG8"', 'Vary': 'Accept-Encoding', 'Content-Encoding': 'gzip', 'CF-Cache-Status': 'DYNAMIC', 'Report-To': '{"endpoints":[{"url":"https:\\/\\/a.nel.cloudflare.com\\/report\\/v4?s=4I86BeCenTOQWuJDXrqDvb8FSNmHFp%2FiKNERR6KfCtX3g0b%2BidW8C3q%2Bai7QYmwBM4w%2FFhP%2BHNlF1%2F%2Ba46jsipylLcPLN6WlfivG7j%2B237tAwrFIjrLcxYg%2BLZSiPzlz"}],"group":"cf-nel","max_age":604800}', 'NEL': '{"success_fraction":0,"report_to":"cf-nel","max_age":604800}', 'Server': 'cloudflare', 'CF-RAY': '8677509debe12d16-IAD', 'alt-svc': 'h3=":443"; ma=86400'} 
 body={"results":[{"gender":"male","name":{"title":"Mr","first":"Onni","last":"Justi"},"location":{"street":{"number":1225,"name":"Pyynikintie"},"city":"Vesanto","state":"Ostrobothnia","country":"Finland","postcode":33673,"coordinates":{"latitude":"-28.1702","longitude":"-75.0305"},"timezone":{"offset":"+2:00","description":"Kaliningrad, South Africa"}},"email":"onni.justi@example.com","login":{"uuid":"b3819f74-2f99-48bf-9521-96ae88bbe736","username":"blackbutterfly624","password":"enrique","salt":"k8LKFT8h","md5":"834feeb35e878c6d231951ab8d669015","sha1":"8de1db63a2458a6f651d13d6acf1fffae455aeb2","sha256":"8b91e7c49b659337c45fd48d2dc320a9b1d40dec8f0837bff746b81dc7ece0da"},"dob":{"date":"1966-03-10T20:32:31.376Z","age":58},"registered":{"date":"2016-01-26T06:08:25.516Z","age":8},"phone":"06-577-942","cell":"044-171-83-33","id":{"name":"HETU","value":"NaNNA677undefined"},"picture":{"large":"https://randomuser.me/api/portraits/men/89.jpg","medium":"https://randomuser.me/api/portraits/med/men/89.jpg","thumbnail":"https://randomuser.me/api/portraits/thumb/men/89.jpg"},"nat":"FI"}],"info":{"seed":"6da22de46a4d381e","results":1,"page":1,"version":"1.4"}} 
 </msg>
<msg time="2024-03-20T17:10:18.646232" level="INFO">/opt/hostedtoolcache/Python/3.12.2/x64/lib/python3.12/site-packages/urllib3/connectionpool.py:1103: InsecureRequestWarning: Unverified HTTPS request is being made to host 'randomuser.me'. Adding certificate verification is strongly advised. See: https://urllib3.readthedocs.io/en/latest/advanced-usage.html#tls-warnings
  warnings.warn(</msg>
<msg time="2024-03-20T17:10:18.646330" level="INFO">${response} = &lt;Response [200]&gt;</msg>
<var>${response}</var>
<arg>consultarAPI</arg>
<arg>/api</arg>
<doc>Sends a GET request on a previously created HTTP Session.</doc>
<status status="PASS" start="2024-03-20T17:10:18.545883" elapsed="0.100488"/>
</kw>
<kw name="Set Variable" owner="BuiltIn">
<msg time="2024-03-20T17:10:18.647435" level="INFO">${json_data} = {'results': [{'gender': 'male', 'name': {'title': 'Mr', 'first': 'Onni', 'last': 'Justi'}, 'location': {'street': {'number': 1225, 'name': 'Pyynikintie'}, 'city': 'Vesanto', 'state': 'Ostrobothnia', '...</msg>
<var>${json_data}</var>
<arg>${response.json()}</arg>
<doc>Returns the given values which can then be assigned to a variables.</doc>
<status status="PASS" start="2024-03-20T17:10:18.646817" elapsed="0.000647"/>
</kw>
<kw name="Log" owner="BuiltIn">
<msg time="2024-03-20T17:10:18.647929" level="INFO">{'results': [{'gender': 'male', 'name': {'title': 'Mr', 'first': 'Onni', 'last': 'Justi'}, 'location': {'street': {'number': 1225, 'name': 'Pyynikintie'}, 'city': 'Vesanto', 'state': 'Ostrobothnia', 'country': 'Finland', 'postcode': 33673, 'coordinates': {'latitude': '-28.1702', 'longitude': '-75.0305'}, 'timezone': {'offset': '+2:00', 'description': 'Kaliningrad, South Africa'}}, 'email': 'onni.justi@example.com', 'login': {'uuid': 'b3819f74-2f99-48bf-9521-96ae88bbe736', 'username': 'blackbutterfly624', 'password': 'enrique', 'salt': 'k8LKFT8h', 'md5': '834feeb35e878c6d231951ab8d669015', 'sha1': '8de1db63a2458a6f651d13d6acf1fffae455aeb2', 'sha256': '8b91e7c49b659337c45fd48d2dc320a9b1d40dec8f0837bff746b81dc7ece0da'}, 'dob': {'date': '1966-03-10T20:32:31.376Z', 'age': 58}, 'registered': {'date': '2016-01-26T06:08:25.516Z', 'age': 8}, 'phone': '06-577-942', 'cell': '044-171-83-33', 'id': {'name': 'HETU', 'value': 'NaNNA677undefined'}, 'picture': {'large': 'https://randomuser.me/api/portraits/men/89.jpg', 'medium': 'https://randomuser.me/api/portraits/med/men/89.jpg', 'thumbnail': 'https://randomuser.me/api/portraits/thumb/men/89.jpg'}, 'nat': 'FI'}], 'info': {'seed': '6da22de46a4d381e', 'results': 1, 'page': 1, 'version': '1.4'}}</msg>
<arg>${json_data}</arg>
<doc>Logs the given message with the given level.</doc>
<status status="PASS" start="2024-03-20T17:10:18.647772" elapsed="0.000205"/>
</kw>
<kw name="Dictionary Should Contain Key" owner="Collections">
<msg time="2024-03-20T17:10:18.648430" level="INFO">False</msg>
<arg>${json_data}</arg>
<arg>results</arg>
<doc>Fails if ``key`` is not found from ``dictionary``.</doc>
<status status="PASS" start="2024-03-20T17:10:18.648272" elapsed="0.000196"/>
</kw>
<kw name="Should Not Be Empty" owner="BuiltIn">
<msg time="2024-03-20T17:10:18.648900" level="INFO">Length is 2.</msg>
<arg>${json_data}</arg>
<doc>Verifies that the given item is not empty.</doc>
<status status="PASS" start="2024-03-20T17:10:18.648761" elapsed="0.000185"/>
</kw>
<kw name="Create List" owner="BuiltIn">
<msg time="2024-03-20T17:10:18.649384" level="INFO">${expected_keys} = ['gender', 'name', 'location', 'email', 'login']</msg>
<var>${expected_keys}</var>
<arg>gender</arg>
<arg>name</arg>
<arg>location</arg>
<arg>email</arg>
<arg>login</arg>
<doc>Returns a list containing given items.</doc>
<status status="PASS" start="2024-03-20T17:10:18.649231" elapsed="0.000178"/>
</kw>
<for flavor="IN">
<iter>
<kw name="Dictionary Should Contain Key" owner="Collections">
<msg time="2024-03-20T17:10:18.650374" level="INFO">False</msg>
<arg>${json_data['results'][0]}</arg>
<arg>${key}</arg>
<doc>Fails if ``key`` is not found from ``dictionary``.</doc>
<status status="PASS" start="2024-03-20T17:10:18.649976" elapsed="0.000437"/>
</kw>
<kw name="Log" owner="BuiltIn">
<msg time="2024-03-20T17:10:18.651113" level="INFO">{'gender': 'male', 'name': {'title': 'Mr', 'first': 'Onni', 'last': 'Justi'}, 'location': {'street': {'number': 1225, 'name': 'Pyynikintie'}, 'city': 'Vesanto', 'state': 'Ostrobothnia', 'country': 'Finland', 'postcode': 33673, 'coordinates': {'latitude': '-28.1702', 'longitude': '-75.0305'}, 'timezone': {'offset': '+2:00', 'description': 'Kaliningrad, South Africa'}}, 'email': 'onni.justi@example.com', 'login': {'uuid': 'b3819f74-2f99-48bf-9521-96ae88bbe736', 'username': 'blackbutterfly624', 'password': 'enrique', 'salt': 'k8LKFT8h', 'md5': '834feeb35e878c6d231951ab8d669015', 'sha1': '8de1db63a2458a6f651d13d6acf1fffae455aeb2', 'sha256': '8b91e7c49b659337c45fd48d2dc320a9b1d40dec8f0837bff746b81dc7ece0da'}, 'dob': {'date': '1966-03-10T20:32:31.376Z', 'age': 58}, 'registered': {'date': '2016-01-26T06:08:25.516Z', 'age': 8}, 'phone': '06-577-942', 'cell': '044-171-83-33', 'id': {'name': 'HETU', 'value': 'NaNNA677undefined'}, 'picture': {'large': 'https://randomuser.me/api/portraits/men/89.jpg', 'medium': 'https://randomuser.me/api/portraits/med/men/89.jpg', 'thumbnail': 'https://randomuser.me/api/portraits/thumb/men/89.jpg'}, 'nat': 'FI'}</msg>
<arg>${json_data['results'][0]}</arg>
<doc>Logs the given message with the given level.</doc>
<status status="PASS" start="2024-03-20T17:10:18.650713" elapsed="0.000450"/>
</kw>
<kw name="Log" owner="BuiltIn">
<msg time="2024-03-20T17:10:18.651595" level="INFO">gender</msg>
<arg>${key}</arg>
<doc>Logs the given message with the given level.</doc>
<status status="PASS" start="2024-03-20T17:10:18.651466" elapsed="0.000167"/>
</kw>
<var name="${key}">gender</var>
<status status="PASS" start="2024-03-20T17:10:18.649858" elapsed="0.002065"/>
</iter>
<iter>
<kw name="Dictionary Should Contain Key" owner="Collections">
<msg time="2024-03-20T17:10:18.652619" level="INFO">False</msg>
<arg>${json_data['results'][0]}</arg>
<arg>${key}</arg>
<doc>Fails if ``key`` is not found from ``dictionary``.</doc>
<status status="PASS" start="2024-03-20T17:10:18.652228" elapsed="0.000429"/>
</kw>
<kw name="Log" owner="BuiltIn">
<msg time="2024-03-20T17:10:18.653336" level="INFO">{'gender': 'male', 'name': {'title': 'Mr', 'first': 'Onni', 'last': 'Justi'}, 'location': {'street': {'number': 1225, 'name': 'Pyynikintie'}, 'city': 'Vesanto', 'state': 'Ostrobothnia', 'country': 'Finland', 'postcode': 33673, 'coordinates': {'latitude': '-28.1702', 'longitude': '-75.0305'}, 'timezone': {'offset': '+2:00', 'description': 'Kaliningrad, South Africa'}}, 'email': 'onni.justi@example.com', 'login': {'uuid': 'b3819f74-2f99-48bf-9521-96ae88bbe736', 'username': 'blackbutterfly624', 'password': 'enrique', 'salt': 'k8LKFT8h', 'md5': '834feeb35e878c6d231951ab8d669015', 'sha1': '8de1db63a2458a6f651d13d6acf1fffae455aeb2', 'sha256': '8b91e7c49b659337c45fd48d2dc320a9b1d40dec8f0837bff746b81dc7ece0da'}, 'dob': {'date': '1966-03-10T20:32:31.376Z', 'age': 58}, 'registered': {'date': '2016-01-26T06:08:25.516Z', 'age': 8}, 'phone': '06-577-942', 'cell': '044-171-83-33', 'id': {'name': 'HETU', 'value': 'NaNNA677undefined'}, 'picture': {'large': 'https://randomuser.me/api/portraits/men/89.jpg', 'medium': 'https://randomuser.me/api/portraits/med/men/89.jpg', 'thumbnail': 'https://randomuser.me/api/portraits/thumb/men/89.jpg'}, 'nat': 'FI'}</msg>
<arg>${json_data['results'][0]}</arg>
<doc>Logs the given message with the given level.</doc>
<status status="PASS" start="2024-03-20T17:10:18.652977" elapsed="0.000406"/>
</kw>
<kw name="Log" owner="BuiltIn">
<msg time="2024-03-20T17:10:18.653804" level="INFO">name</msg>
<arg>${key}</arg>
<doc>Logs the given message with the given level.</doc>
<status status="PASS" start="2024-03-20T17:10:18.653677" elapsed="0.000165"/>
</kw>
<var name="${key}">name</var>
<status status="PASS" start="2024-03-20T17:10:18.652118" elapsed="0.001943"/>
</iter>
<iter>
<kw name="Dictionary Should Contain Key" owner="Collections">
<msg time="2024-03-20T17:10:18.654739" level="INFO">False</msg>
<arg>${json_data['results'][0]}</arg>
<arg>${key}</arg>
<doc>Fails if ``key`` is not found from ``dictionary``.</doc>
<status status="PASS" start="2024-03-20T17:10:18.654353" elapsed="0.000532"/>
</kw>
<kw name="Log" owner="BuiltIn">
<msg time="2024-03-20T17:10:18.655578" level="INFO">{'gender': 'male', 'name': {'title': 'Mr', 'first': 'Onni', 'last': 'Justi'}, 'location': {'street': {'number': 1225, 'name': 'Pyynikintie'}, 'city': 'Vesanto', 'state': 'Ostrobothnia', 'country': 'Finland', 'postcode': 33673, 'coordinates': {'latitude': '-28.1702', 'longitude': '-75.0305'}, 'timezone': {'offset': '+2:00', 'description': 'Kaliningrad, South Africa'}}, 'email': 'onni.justi@example.com', 'login': {'uuid': 'b3819f74-2f99-48bf-9521-96ae88bbe736', 'username': 'blackbutterfly624', 'password': 'enrique', 'salt': 'k8LKFT8h', 'md5': '834feeb35e878c6d231951ab8d669015', 'sha1': '8de1db63a2458a6f651d13d6acf1fffae455aeb2', 'sha256': '8b91e7c49b659337c45fd48d2dc320a9b1d40dec8f0837bff746b81dc7ece0da'}, 'dob': {'date': '1966-03-10T20:32:31.376Z', 'age': 58}, 'registered': {'date': '2016-01-26T06:08:25.516Z', 'age': 8}, 'phone': '06-577-942', 'cell': '044-171-83-33', 'id': {'name': 'HETU', 'value': 'NaNNA677undefined'}, 'picture': {'large': 'https://randomuser.me/api/portraits/men/89.jpg', 'medium': 'https://randomuser.me/api/portraits/med/men/89.jpg', 'thumbnail': 'https://randomuser.me/api/portraits/thumb/men/89.jpg'}, 'nat': 'FI'}</msg>
<arg>${json_data['results'][0]}</arg>
<doc>Logs the given message with the given level.</doc>
<status status="PASS" start="2024-03-20T17:10:18.655214" elapsed="0.000412"/>
</kw>
<kw name="Log" owner="BuiltIn">
<msg time="2024-03-20T17:10:18.656045" level="INFO">location</msg>
<arg>${key}</arg>
<doc>Logs the given message with the given level.</doc>
<status status="PASS" start="2024-03-20T17:10:18.655917" elapsed="0.000166"/>
</kw>
<var name="${key}">location</var>
<status status="PASS" start="2024-03-20T17:10:18.654243" elapsed="0.002057"/>
</iter>
<iter>
<kw name="Dictionary Should Contain Key" owner="Collections">
<msg time="2024-03-20T17:10:18.656971" level="INFO">False</msg>
<arg>${json_data['results'][0]}</arg>
<arg>${key}</arg>
<doc>Fails if ``key`` is not found from ``dictionary``.</doc>
<status status="PASS" start="2024-03-20T17:10:18.656597" elapsed="0.000412"/>
</kw>
<kw name="Log" owner="BuiltIn">
<msg time="2024-03-20T17:10:18.657662" level="INFO">{'gender': 'male', 'name': {'title': 'Mr', 'first': 'Onni', 'last': 'Justi'}, 'location': {'street': {'number': 1225, 'name': 'Pyynikintie'}, 'city': 'Vesanto', 'state': 'Ostrobothnia', 'country': 'Finland', 'postcode': 33673, 'coordinates': {'latitude': '-28.1702', 'longitude': '-75.0305'}, 'timezone': {'offset': '+2:00', 'description': 'Kaliningrad, South Africa'}}, 'email': 'onni.justi@example.com', 'login': {'uuid': 'b3819f74-2f99-48bf-9521-96ae88bbe736', 'username': 'blackbutterfly624', 'password': 'enrique', 'salt': 'k8LKFT8h', 'md5': '834feeb35e878c6d231951ab8d669015', 'sha1': '8de1db63a2458a6f651d13d6acf1fffae455aeb2', 'sha256': '8b91e7c49b659337c45fd48d2dc320a9b1d40dec8f0837bff746b81dc7ece0da'}, 'dob': {'date': '1966-03-10T20:32:31.376Z', 'age': 58}, 'registered': {'date': '2016-01-26T06:08:25.516Z', 'age': 8}, 'phone': '06-577-942', 'cell': '044-171-83-33', 'id': {'name': 'HETU', 'value': 'NaNNA677undefined'}, 'picture': {'large': 'https://randomuser.me/api/portraits/men/89.jpg', 'medium': 'https://randomuser.me/api/portraits/med/men/89.jpg', 'thumbnail': 'https://randomuser.me/api/portraits/thumb/men/89.jpg'}, 'nat': 'FI'}</msg>
<arg>${json_data['results'][0]}</arg>
<doc>Logs the given message with the given level.</doc>
<status status="PASS" start="2024-03-20T17:10:18.657299" elapsed="0.000409"/>
</kw>
<kw name="Log" owner="BuiltIn">
<msg time="2024-03-20T17:10:18.658121" level="INFO">email</msg>
<arg>${key}</arg>
<doc>Logs the given message with the given level.</doc>
<status status="PASS" start="2024-03-20T17:10:18.657995" elapsed="0.000164"/>
</kw>
<var name="${key}">email</var>
<status status="PASS" start="2024-03-20T17:10:18.656480" elapsed="0.001898"/>
</iter>
<iter>
<kw name="Dictionary Should Contain Key" owner="Collections">
<msg time="2024-03-20T17:10:18.659061" level="INFO">False</msg>
<arg>${json_data['results'][0]}</arg>
<arg>${key}</arg>
<doc>Fails if ``key`` is not found from ``dictionary``.</doc>
<status status="PASS" start="2024-03-20T17:10:18.658666" elapsed="0.000433"/>
</kw>
<kw name="Log" owner="BuiltIn">
<msg time="2024-03-20T17:10:18.659766" level="INFO">{'gender': 'male', 'name': {'title': 'Mr', 'first': 'Onni', 'last': 'Justi'}, 'location': {'street': {'number': 1225, 'name': 'Pyynikintie'}, 'city': 'Vesanto', 'state': 'Ostrobothnia', 'country': 'Finland', 'postcode': 33673, 'coordinates': {'latitude': '-28.1702', 'longitude': '-75.0305'}, 'timezone': {'offset': '+2:00', 'description': 'Kaliningrad, South Africa'}}, 'email': 'onni.justi@example.com', 'login': {'uuid': 'b3819f74-2f99-48bf-9521-96ae88bbe736', 'username': 'blackbutterfly624', 'password': 'enrique', 'salt': 'k8LKFT8h', 'md5': '834feeb35e878c6d231951ab8d669015', 'sha1': '8de1db63a2458a6f651d13d6acf1fffae455aeb2', 'sha256': '8b91e7c49b659337c45fd48d2dc320a9b1d40dec8f0837bff746b81dc7ece0da'}, 'dob': {'date': '1966-03-10T20:32:31.376Z', 'age': 58}, 'registered': {'date': '2016-01-26T06:08:25.516Z', 'age': 8}, 'phone': '06-577-942', 'cell': '044-171-83-33', 'id': {'name': 'HETU', 'value': 'NaNNA677undefined'}, 'picture': {'large': 'https://randomuser.me/api/portraits/men/89.jpg', 'medium': 'https://randomuser.me/api/portraits/med/men/89.jpg', 'thumbnail': 'https://randomuser.me/api/portraits/thumb/men/89.jpg'}, 'nat': 'FI'}</msg>
<arg>${json_data['results'][0]}</arg>
<doc>Logs the given message with the given level.</doc>
<status status="PASS" start="2024-03-20T17:10:18.659402" elapsed="0.000409"/>
</kw>
<kw name="Log" owner="BuiltIn">
<msg time="2024-03-20T17:10:18.660225" level="INFO">login</msg>
<arg>${key}</arg>
<doc>Logs the given message with the given level.</doc>
<status status="PASS" start="2024-03-20T17:10:18.660100" elapsed="0.000163"/>
</kw>
<var name="${key}">login</var>
<status status="PASS" start="2024-03-20T17:10:18.658552" elapsed="0.001948"/>
</iter>
<var>${key}</var>
<value>@{expected_keys}</value>
<status status="PASS" start="2024-03-20T17:10:18.649664" elapsed="0.010964"/>
</for>
<kw name="Create List" owner="BuiltIn">
<msg time="2024-03-20T17:10:18.660950" level="INFO">${expected_keysTwo} = ['username', 'password']</msg>
<var>${expected_keysTwo}</var>
<arg>username</arg>
<arg>password</arg>
<doc>Returns a list containing given items.</doc>
<status status="PASS" start="2024-03-20T17:10:18.660812" elapsed="0.000161"/>
</kw>
<for flavor="IN">
<iter>
<kw name="Dictionary Should Contain Key" owner="Collections">
<msg time="2024-03-20T17:10:18.661843" level="INFO">False</msg>
<arg>${json_data['results'][0]['login']}</arg>
<arg>${keyTwo}</arg>
<doc>Fails if ``key`` is not found from ``dictionary``.</doc>
<status status="PASS" start="2024-03-20T17:10:18.661460" elapsed="0.000421"/>
</kw>
<kw name="Dictionary Should Contain Key" owner="Collections">
<msg time="2024-03-20T17:10:18.662540" level="INFO">False</msg>
<arg>${json_data['results'][0]['login']}</arg>
<arg>${keyTwo}</arg>
<doc>Fails if ``key`` is not found from ``dictionary``.</doc>
<status status="PASS" start="2024-03-20T17:10:18.662167" elapsed="0.000411"/>
</kw>
<kw name="Log" owner="BuiltIn">
<msg time="2024-03-20T17:10:18.663033" level="INFO">username</msg>
<arg>${keyTwo}</arg>
<doc>Logs the given message with the given level.</doc>
<status status="PASS" start="2024-03-20T17:10:18.662863" elapsed="0.000218"/>
</kw>
<var name="${keyTwo}">username</var>
<status status="PASS" start="2024-03-20T17:10:18.661359" elapsed="0.001956"/>
</iter>
<iter>
<kw name="Dictionary Should Contain Key" owner="Collections">
<msg time="2024-03-20T17:10:18.663970" level="INFO">False</msg>
<arg>${json_data['results'][0]['login']}</arg>
<arg>${keyTwo}</arg>
<doc>Fails if ``key`` is not found from ``dictionary``.</doc>
<status status="PASS" start="2024-03-20T17:10:18.663591" elapsed="0.000417"/>
</kw>
<kw name="Dictionary Should Contain Key" owner="Collections">
<msg time="2024-03-20T17:10:18.664698" level="INFO">False</msg>
<arg>${json_data['results'][0]['login']}</arg>
<arg>${keyTwo}</arg>
<doc>Fails if ``key`` is not found from ``dictionary``.</doc>
<status status="PASS" start="2024-03-20T17:10:18.664295" elapsed="0.000465"/>
</kw>
<kw name="Log" owner="BuiltIn">
<msg time="2024-03-20T17:10:18.665310" level="INFO">password</msg>
<arg>${keyTwo}</arg>
<doc>Logs the given message with the given level.</doc>
<status status="PASS" start="2024-03-20T17:10:18.665176" elapsed="0.000172"/>
</kw>
<var name="${keyTwo}">password</var>
<status status="PASS" start="2024-03-20T17:10:18.663488" elapsed="0.002080"/>
</iter>
<var>${keyTwo}</var>
<value>@{expected_keysTwo}</value>
<status status="PASS" start="2024-03-20T17:10:18.661208" elapsed="0.004481"/>
</for>
<status status="PASS" start="2024-03-20T17:10:18.545562" elapsed="0.120269"/>
</kw>
<doc>Testa a estrutura da resposta da API.</doc>
<tag>testeEstruturaResposta</tag>
<status status="PASS" start="2024-03-20T17:10:18.544809" elapsed="0.121174"/>
</test>
<test id="s1-s1-t4" name="Validar tipos de dados" line="39">
<kw name="Teste de Tipos de Dados">
<kw name="GET On Session" owner="RequestsLibrary">
<msg time="2024-03-20T17:10:18.734472" level="INFO">GET Request : url=https://randomuser.me/api 
 path_url=/api 
 headers={'User-Agent': 'python-requests/2.31.0', 'Accept-Encoding': 'gzip, deflate', 'Accept': '*/*', 'Connection': 'keep-alive'} 
 body=None 
 </msg>
<msg time="2024-03-20T17:10:18.734548" level="INFO">GET Response : url=https://randomuser.me/api 
 status=200, reason=OK 
 headers={'Date': 'Wed, 20 Mar 2024 17:10:18 GMT', 'Content-Type': 'application/json; charset=utf-8', 'Transfer-Encoding': 'chunked', 'Connection': 'keep-alive', 'X-Powered-By': 'Express', 'Access-Control-Allow-Origin': '*', 'Cache-Control': 'no-cache', 'ETag': 'W/"474-ZseTectSGuVmiV0ojTB39TH48sM"', 'Vary': 'Accept-Encoding', 'Content-Encoding': 'gzip', 'CF-Cache-Status': 'DYNAMIC', 'Report-To': '{"endpoints":[{"url":"https:\\/\\/a.nel.cloudflare.com\\/report\\/v4?s=WIsnvvZpNebOR%2BFsNSEq4%2FdicaBCZMNKTFpVnFYUpfUi94VAo648Grt6rc6KDQM4T24R%2FBVI8hNNzG0csHMfwsW%2FBD1hx0nKVmGSW0sZvY96Nxj8oRjZAvbFWiZUL%2FWl"}],"group":"cf-nel","max_age":604800}', 'NEL': '{"success_fraction":0,"report_to":"cf-nel","max_age":604800}', 'Server': 'cloudflare', 'CF-RAY': '8677509ebcd02d16-IAD', 'alt-svc': 'h3=":443"; ma=86400'} 
 body={"results":[{"gender":"female","name":{"title":"Miss","first":"Vekla","last":"Kirilenko"},"location":{"street":{"number":2000,"name":"Okunevskogo"},"city":"Mala Viska","state":"Cherkaska","country":"Ukraine","postcode":44293,"coordinates":{"latitude":"78.9345","longitude":"95.0940"},"timezone":{"offset":"-9:00","description":"Alaska"}},"email":"vekla.kirilenko@example.com","login":{"uuid":"26113a8e-6969-4290-bf62-e33c30b36234","username":"blacktiger316","password":"grease","salt":"KBKhJao0","md5":"248411f0afae4d245063e6d7b4f7dc54","sha1":"ac0f6ea9a32cdb5a813e447e53b0fdf14f56f83e","sha256":"83af55ee1e060c6bdb782f0d0758c33112de23ae4fcf543a669e81766d9e3c89"},"dob":{"date":"1955-12-02T19:23:33.656Z","age":68},"registered":{"date":"2018-01-09T12:31:46.273Z","age":6},"phone":"(066) T23-1129","cell":"(068) O50-3875","id":{"name":"","value":null},"picture":{"large":"https://randomuser.me/api/portraits/women/21.jpg","medium":"https://randomuser.me/api/portraits/med/women/21.jpg","thumbnail":"https://randomuser.me/api/portraits/thumb/women/21.jpg"},"nat":"UA"}],"info":{"seed":"7fec5a3f0b2bc787","results":1,"page":1,"version":"1.4"}} 
 </msg>
<msg time="2024-03-20T17:10:18.734613" level="INFO">/opt/hostedtoolcache/Python/3.12.2/x64/lib/python3.12/site-packages/urllib3/connectionpool.py:1103: InsecureRequestWarning: Unverified HTTPS request is being made to host 'randomuser.me'. Adding certificate verification is strongly advised. See: https://urllib3.readthedocs.io/en/latest/advanced-usage.html#tls-warnings
  warnings.warn(</msg>
<msg time="2024-03-20T17:10:18.734723" level="INFO">${response} = &lt;Response [200]&gt;</msg>
<var>${response}</var>
<arg>consultarAPI</arg>
<arg>/api</arg>
<doc>Sends a GET request on a previously created HTTP Session.</doc>
<status status="PASS" start="2024-03-20T17:10:18.668563" elapsed="0.066211"/>
</kw>
<kw name="Set Variable" owner="BuiltIn">
<msg time="2024-03-20T17:10:18.735892" level="INFO">${json_data} = {'results': [{'gender': 'female', 'name': {'title': 'Miss', 'first': 'Vekla', 'last': 'Kirilenko'}, 'location': {'street': {'number': 2000, 'name': 'Okunevskogo'}, 'city': 'Mala Viska', 'state': 'Cher...</msg>
<var>${json_data}</var>
<arg>${response.json()}</arg>
<doc>Returns the given values which can then be assigned to a variables.</doc>
<status status="PASS" start="2024-03-20T17:10:18.735324" elapsed="0.000596"/>
</kw>
<kw name="Log" owner="BuiltIn">
<msg time="2024-03-20T17:10:18.736388" level="INFO">{'results': [{'gender': 'female', 'name': {'title': 'Miss', 'first': 'Vekla', 'last': 'Kirilenko'}, 'location': {'street': {'number': 2000, 'name': 'Okunevskogo'}, 'city': 'Mala Viska', 'state': 'Cherkaska', 'country': 'Ukraine', 'postcode': 44293, 'coordinates': {'latitude': '78.9345', 'longitude': '95.0940'}, 'timezone': {'offset': '-9:00', 'description': 'Alaska'}}, 'email': 'vekla.kirilenko@example.com', 'login': {'uuid': '26113a8e-6969-4290-bf62-e33c30b36234', 'username': 'blacktiger316', 'password': 'grease', 'salt': 'KBKhJao0', 'md5': '248411f0afae4d245063e6d7b4f7dc54', 'sha1': 'ac0f6ea9a32cdb5a813e447e53b0fdf14f56f83e', 'sha256': '83af55ee1e060c6bdb782f0d0758c33112de23ae4fcf543a669e81766d9e3c89'}, 'dob': {'date': '1955-12-02T19:23:33.656Z', 'age': 68}, 'registered': {'date': '2018-01-09T12:31:46.273Z', 'age': 6}, 'phone': '(066) T23-1129', 'cell': '(068) O50-3875', 'id': {'name': '', 'value': None}, 'picture': {'large': 'https://randomuser.me/api/portraits/women/21.jpg', 'medium': 'https://randomuser.me/api/portraits/med/women/21.jpg', 'thumbnail': 'https://randomuser.me/api/portraits/thumb/women/21.jpg'}, 'nat': 'UA'}], 'info': {'seed': '7fec5a3f0b2bc787', 'results': 1, 'page': 1, 'version': '1.4'}}</msg>
<arg>${json_data}</arg>
<doc>Logs the given message with the given level.</doc>
<status status="PASS" start="2024-03-20T17:10:18.736225" elapsed="0.000249"/>
</kw>
<kw name="Should Be String" owner="String">
<arg>${json_data['results'][0]['gender']}</arg>
<doc>Fails if the given ``item`` is not a string.</doc>
<status status="PASS" start="2024-03-20T17:10:18.736862" elapsed="0.000373"/>
</kw>
<kw name="Should Match Regexp" owner="BuiltIn">
<arg>${json_data['results'][0]['email']}</arg>
<arg>^[a-zA-Z0-9._%+-]+@[a-zA-Z0-9.-]+\.[a-zA-Z]{2,}$</arg>
<doc>Fails if ``string`` does not match ``pattern`` as a regular expression.</doc>
<status status="PASS" start="2024-03-20T17:10:18.737422" elapsed="0.000637"/>
</kw>
<kw name="Should Match Regexp" owner="BuiltIn">
<arg>${json_data['results'][0]['dob']['date']}</arg>
<arg>\\d{4}-\\d{2}-\\d{2}T\\d{2}:\\d{2}:\\d{2}\\.\\d{3}Z</arg>
<doc>Fails if ``string`` does not match ``pattern`` as a regular expression.</doc>
<status status="PASS" start="2024-03-20T17:10:18.738252" elapsed="0.000489"/>
</kw>
<kw name="Should Match Regexp" owner="BuiltIn">
<arg>${json_data['results'][0]['registered']['date']}</arg>
<arg>\\d{4}-\\d{2}-\\d{2}T\\d{2}:\\d{2}:\\d{2}\\.\\d{3}Z</arg>
<doc>Fails if ``string`` does not match ``pattern`` as a regular expression.</doc>
<status status="PASS" start="2024-03-20T17:10:18.738928" elapsed="0.000409"/>
</kw>
<kw name="Should Match Regexp" owner="BuiltIn">
<arg>${json_data['results'][0]['picture']['large']}</arg>
<arg>^https?://.*\.(?:png|jpe?g|gif|bmp)$</arg>
<doc>Fails if ``string`` does not match ``pattern`` as a regular expression.</doc>
<status status="PASS" start="2024-03-20T17:10:18.739521" elapsed="0.000457"/>
</kw>
<kw name="Should Match Regexp" owner="BuiltIn">
<arg>${json_data['results'][0]['picture']['medium']}</arg>
<arg>^https?://.*\.(?:png|jpe?g|gif|bmp)$</arg>
<doc>Fails if ``string`` does not match ``pattern`` as a regular expression.</doc>
<status status="PASS" start="2024-03-20T17:10:18.740162" elapsed="0.000351"/>
</kw>
<kw name="Should Match Regexp" owner="BuiltIn">
<arg>${json_data['results'][0]['picture']['thumbnail']}</arg>
<arg>^https?://.*\.(?:png|jpe?g|gif|bmp)$</arg>
<doc>Fails if ``string`` does not match ``pattern`` as a regular expression.</doc>
<status status="PASS" start="2024-03-20T17:10:18.740697" elapsed="0.000357"/>
</kw>
<kw name="Log" owner="BuiltIn">
<msg time="2024-03-20T17:10:18.741552" level="INFO">{'large': 'https://randomuser.me/api/portraits/women/21.jpg', 'medium': 'https://randomuser.me/api/portraits/med/women/21.jpg', 'thumbnail': 'https://randomuser.me/api/portraits/thumb/women/21.jpg'}</msg>
<arg>${json_data['results'][0]['picture']}</arg>
<doc>Logs the given message with the given level.</doc>
<status status="PASS" start="2024-03-20T17:10:18.741229" elapsed="0.000365"/>
</kw>
<status status="PASS" start="2024-03-20T17:10:18.668345" elapsed="0.073507"/>
</kw>
<kw name="Teste de Tipos de Dados - Postcode">
<kw name="GET On Session" owner="RequestsLibrary">
<msg time="2024-03-20T17:10:18.837695" level="INFO">GET Request : url=https://randomuser.me/api 
 path_url=/api 
 headers={'User-Agent': 'python-requests/2.31.0', 'Accept-Encoding': 'gzip, deflate', 'Accept': '*/*', 'Connection': 'keep-alive'} 
 body=None 
 </msg>
<msg time="2024-03-20T17:10:18.837776" level="INFO">GET Response : url=https://randomuser.me/api 
 status=200, reason=OK 
 headers={'Date': 'Wed, 20 Mar 2024 17:10:18 GMT', 'Content-Type': 'application/json; charset=utf-8', 'Transfer-Encoding': 'chunked', 'Connection': 'keep-alive', 'X-Powered-By': 'Express', 'Access-Control-Allow-Origin': '*', 'Cache-Control': 'no-cache', 'ETag': 'W/"48a-7ILFlVTOrhftUFemiBrJpIIVHIw"', 'Vary': 'Accept-Encoding', 'Content-Encoding': 'gzip', 'CF-Cache-Status': 'DYNAMIC', 'Report-To': '{"endpoints":[{"url":"https:\\/\\/a.nel.cloudflare.com\\/report\\/v4?s=pN6pv310AE683WIqlgoCLgY4kT9ReutxST80YRq%2BLfB7RzkEnCufbq%2BANJOVU4pOi6aB9nX8izyUDhtp9rhUusQD4PLUjeIvGGrwK3pdXW9HPn%2BMjjxPId0dRQgIjcpi"}],"group":"cf-nel","max_age":604800}', 'NEL': '{"success_fraction":0,"report_to":"cf-nel","max_age":604800}', 'Server': 'cloudflare', 'CF-RAY': '8677509f2d492d16-IAD', 'alt-svc': 'h3=":443"; ma=86400'} 
 body={"results":[{"gender":"female","name":{"title":"Mrs","first":"Amelia","last":"Robinson"},"location":{"street":{"number":6365,"name":"Dyers Road"},"city":"Rotorua","state":"Bay of Plenty","country":"New Zealand","postcode":11678,"coordinates":{"latitude":"48.3389","longitude":"34.3765"},"timezone":{"offset":"+6:00","description":"Almaty, Dhaka, Colombo"}},"email":"amelia.robinson@example.com","login":{"uuid":"198ca3a1-0c6d-47ca-85af-79398cbc315a","username":"whitekoala639","password":"ncc1701e","salt":"Yy2EWMbw","md5":"4afcaf4d4e6ed935710085e0b8b8f179","sha1":"9991ebabc85f1a0b905b47c638ff73079ce4def0","sha256":"82bec8fb513062254ca0347d58a6fe9e0f92d8e854ba50fa16d95e08ff50bbf8"},"dob":{"date":"1957-11-16T01:59:08.728Z","age":66},"registered":{"date":"2014-01-19T07:06:34.452Z","age":10},"phone":"(767)-213-6444","cell":"(419)-388-7702","id":{"name":"","value":null},"picture":{"large":"https://randomuser.me/api/portraits/women/52.jpg","medium":"https://randomuser.me/api/portraits/med/women/52.jpg","thumbnail":"https://randomuser.me/api/portraits/thumb/women/52.jpg"},"nat":"NZ"}],"info":{"seed":"627345625ecb6eff","results":1,"page":1,"version":"1.4"}} 
 </msg>
<msg time="2024-03-20T17:10:18.837844" level="INFO">/opt/hostedtoolcache/Python/3.12.2/x64/lib/python3.12/site-packages/urllib3/connectionpool.py:1103: InsecureRequestWarning: Unverified HTTPS request is being made to host 'randomuser.me'. Adding certificate verification is strongly advised. See: https://urllib3.readthedocs.io/en/latest/advanced-usage.html#tls-warnings
  warnings.warn(</msg>
<msg time="2024-03-20T17:10:18.837960" level="INFO">${response} = &lt;Response [200]&gt;</msg>
<var>${response}</var>
<arg>consultarAPI</arg>
<arg>/api</arg>
<doc>Sends a GET request on a previously created HTTP Session.</doc>
<status status="PASS" start="2024-03-20T17:10:18.742269" elapsed="0.095746"/>
</kw>
<kw name="Set Variable" owner="BuiltIn">
<msg time="2024-03-20T17:10:18.839163" level="INFO">${json_data} = {'results': [{'gender': 'female', 'name': {'title': 'Mrs', 'first': 'Amelia', 'last': 'Robinson'}, 'location': {'street': {'number': 6365, 'name': 'Dyers Road'}, 'city': 'Rotorua', 'state': 'Bay of Pl...</msg>
<var>${json_data}</var>
<arg>${response.json()}</arg>
<doc>Returns the given values which can then be assigned to a variables.</doc>
<status status="PASS" start="2024-03-20T17:10:18.838570" elapsed="0.000621"/>
</kw>
<kw name="Log" owner="BuiltIn">
<msg time="2024-03-20T17:10:18.839649" level="INFO">{'results': [{'gender': 'female', 'name': {'title': 'Mrs', 'first': 'Amelia', 'last': 'Robinson'}, 'location': {'street': {'number': 6365, 'name': 'Dyers Road'}, 'city': 'Rotorua', 'state': 'Bay of Plenty', 'country': 'New Zealand', 'postcode': 11678, 'coordinates': {'latitude': '48.3389', 'longitude': '34.3765'}, 'timezone': {'offset': '+6:00', 'description': 'Almaty, Dhaka, Colombo'}}, 'email': 'amelia.robinson@example.com', 'login': {'uuid': '198ca3a1-0c6d-47ca-85af-79398cbc315a', 'username': 'whitekoala639', 'password': 'ncc1701e', 'salt': 'Yy2EWMbw', 'md5': '4afcaf4d4e6ed935710085e0b8b8f179', 'sha1': '9991ebabc85f1a0b905b47c638ff73079ce4def0', 'sha256': '82bec8fb513062254ca0347d58a6fe9e0f92d8e854ba50fa16d95e08ff50bbf8'}, 'dob': {'date': '1957-11-16T01:59:08.728Z', 'age': 66}, 'registered': {'date': '2014-01-19T07:06:34.452Z', 'age': 10}, 'phone': '(767)-213-6444', 'cell': '(419)-388-7702', 'id': {'name': '', 'value': None}, 'picture': {'large': 'https://randomuser.me/api/portraits/women/52.jpg', 'medium': 'https://randomuser.me/api/portraits/med/women/52.jpg', 'thumbnail': 'https://randomuser.me/api/portraits/thumb/women/52.jpg'}, 'nat': 'NZ'}], 'info': {'seed': '627345625ecb6eff', 'results': 1, 'page': 1, 'version': '1.4'}}</msg>
<arg>${json_data}</arg>
<doc>Logs the given message with the given level.</doc>
<status status="PASS" start="2024-03-20T17:10:18.839494" elapsed="0.000235"/>
</kw>
<kw name="Should Be Equal As Numbers" owner="BuiltIn">
<arg>${json_data['results'][0]['location']['postcode']}</arg>
<arg>${json_data['results'][0]['location']['postcode']}</arg>
<doc>Fails if objects are unequal after converting them to real numbers.</doc>
<status status="PASS" start="2024-03-20T17:10:18.840024" elapsed="0.000643"/>
</kw>
<kw name="Log" owner="BuiltIn">
<msg time="2024-03-20T17:10:18.841201" level="INFO">11678</msg>
<arg>${json_data['results'][0]['location']['postcode']}</arg>
<doc>Logs the given message with the given level.</doc>
<status status="PASS" start="2024-03-20T17:10:18.840858" elapsed="0.000384"/>
</kw>
<status status="PASS" start="2024-03-20T17:10:18.742057" elapsed="0.099438"/>
</kw>
<doc>Testa se os tipos de dados na resposta da API estão corretos.</doc>
<tag>testeTiposDados</tag>
<status status="PASS" start="2024-03-20T17:10:18.667832" elapsed="0.173825"/>
</test>
<test id="s1-s1-t5" name="Validar conteudo" line="46">
<kw name="Teste de Tipos de Conteudo">
<kw name="GET On Session" owner="RequestsLibrary">
<msg time="2024-03-20T17:10:18.937633" level="INFO">GET Request : url=https://randomuser.me/api 
 path_url=/api 
 headers={'User-Agent': 'python-requests/2.31.0', 'Accept-Encoding': 'gzip, deflate', 'Accept': '*/*', 'Connection': 'keep-alive'} 
 body=None 
 </msg>
<msg time="2024-03-20T17:10:18.937711" level="INFO">GET Response : url=https://randomuser.me/api 
 status=200, reason=OK 
 headers={'Date': 'Wed, 20 Mar 2024 17:10:18 GMT', 'Content-Type': 'application/json; charset=utf-8', 'Transfer-Encoding': 'chunked', 'Connection': 'keep-alive', 'X-Powered-By': 'Express', 'Access-Control-Allow-Origin': '*', 'Cache-Control': 'no-cache', 'ETag': 'W/"4a3-KL4iBYcCxamPBqiMxGEfGsqoQlU"', 'Vary': 'Accept-Encoding', 'Content-Encoding': 'gzip', 'CF-Cache-Status': 'DYNAMIC', 'Report-To': '{"endpoints":[{"url":"https:\\/\\/a.nel.cloudflare.com\\/report\\/v4?s=AF3VrBBHU07Hoe%2B4o%2Fi4C1XRHwDakokSH1a4A1zuJg50QNa8jbKpf8mxivv04PV76wA5NeQbbQ4LOj2WBncA3%2BFj0XEE8yp8Q8bnDMvF5dc51d5WlAZYNKOIKbkMjJpM"}],"group":"cf-nel","max_age":604800}', 'NEL': '{"success_fraction":0,"report_to":"cf-nel","max_age":604800}', 'Server': 'cloudflare', 'CF-RAY': '8677509fce402d16-IAD', 'alt-svc': 'h3=":443"; ma=86400'} 
 body={"results":[{"gender":"female","name":{"title":"Mrs","first":"Lina","last":"Moreau"},"location":{"street":{"number":7900,"name":"Place de la Mairie"},"city":"Reims","state":"Hautes-Alpes","country":"France","postcode":91133,"coordinates":{"latitude":"-15.4413","longitude":"151.8823"},"timezone":{"offset":"+8:00","description":"Beijing, Perth, Singapore, Hong Kong"}},"email":"lina.moreau@example.com","login":{"uuid":"8b9dc4b7-e5ac-4f31-927d-db4180024c12","username":"smallsnake740","password":"jayjay","salt":"vQX7of1h","md5":"2ed9821bd547e552c701442f600f3f0c","sha1":"1bf4d7e98fe70d2d9b9bd00352c6811dab17d8e3","sha256":"88110122d794bb96eb61f42fcf40a69e93da5622a9234539d0d0360e4e6529c9"},"dob":{"date":"1959-07-05T22:46:04.461Z","age":64},"registered":{"date":"2004-05-12T01:04:25.435Z","age":19},"phone":"01-01-28-01-05","cell":"06-51-95-24-27","id":{"name":"INSEE","value":"2590671689140 83"},"picture":{"large":"https://randomuser.me/api/portraits/women/48.jpg","medium":"https://randomuser.me/api/portraits/med/women/48.jpg","thumbnail":"https://randomuser.me/api/portraits/thumb/women/48.jpg"},"nat":"FR"}],"info":{"seed":"ff6d2bd467a1e2f5","results":1,"page":1,"version":"1.4"}} 
 </msg>
<msg time="2024-03-20T17:10:18.937765" level="INFO">/opt/hostedtoolcache/Python/3.12.2/x64/lib/python3.12/site-packages/urllib3/connectionpool.py:1103: InsecureRequestWarning: Unverified HTTPS request is being made to host 'randomuser.me'. Adding certificate verification is strongly advised. See: https://urllib3.readthedocs.io/en/latest/advanced-usage.html#tls-warnings
  warnings.warn(</msg>
<msg time="2024-03-20T17:10:18.937857" level="INFO">${response} = &lt;Response [200]&gt;</msg>
<var>${response}</var>
<arg>consultarAPI</arg>
<arg>/api</arg>
<doc>Sends a GET request on a previously created HTTP Session.</doc>
<status status="PASS" start="2024-03-20T17:10:18.844151" elapsed="0.093748"/>
</kw>
<kw name="Set Variable" owner="BuiltIn">
<msg time="2024-03-20T17:10:18.938925" level="INFO">${json_data} = {'results': [{'gender': 'female', 'name': {'title': 'Mrs', 'first': 'Lina', 'last': 'Moreau'}, 'location': {'street': {'number': 7900, 'name': 'Place de la Mairie'}, 'city': 'Reims', 'state': 'Hautes-...</msg>
<var>${json_data}</var>
<arg>${response.json()}</arg>
<doc>Returns the given values which can then be assigned to a variables.</doc>
<status status="PASS" start="2024-03-20T17:10:18.938345" elapsed="0.000608"/>
</kw>
<kw name="Set Variable" owner="BuiltIn">
<msg time="2024-03-20T17:10:18.939765" level="INFO">${name_title} = Mrs</msg>
<var>${name_title}</var>
<arg>${json_data["results"][0]["name"]["title"]}</arg>
<doc>Returns the given values which can then be assigned to a variables.</doc>
<status status="PASS" start="2024-03-20T17:10:18.939300" elapsed="0.000490"/>
</kw>
<kw name="Create List" owner="BuiltIn">
<msg time="2024-03-20T17:10:18.940245" level="INFO">${allowed_titles} = ['Mr', 'Ms', 'Miss', 'Mrs', 'Madame', 'Monsieur']</msg>
<var>${allowed_titles}</var>
<arg>Mr</arg>
<arg>Ms</arg>
<arg>Miss</arg>
<arg>Mrs</arg>
<arg>Madame</arg>
<arg>Monsieur</arg>
<doc>Returns a list containing given items.</doc>
<status status="PASS" start="2024-03-20T17:10:18.940091" elapsed="0.000178"/>
</kw>
<kw name="List Should Contain Value" owner="Collections">
<msg time="2024-03-20T17:10:18.940741" level="INFO">False</msg>
<arg>${allowed_titles}</arg>
<arg>${name_title}</arg>
<doc>Fails if the ``value`` is not found from ``list``.</doc>
<status status="PASS" start="2024-03-20T17:10:18.940569" elapsed="0.000209"/>
</kw>
<kw name="Set Variable" owner="BuiltIn">
<msg time="2024-03-20T17:10:18.941451" level="INFO">${name_country} = FR</msg>
<var>${name_country}</var>
<arg>${json_data["results"][0]["nat"]}</arg>
<doc>Returns the given values which can then be assigned to a variables.</doc>
<status status="PASS" start="2024-03-20T17:10:18.941071" elapsed="0.000405"/>
</kw>
<kw name="Create List" owner="BuiltIn">
<msg time="2024-03-20T17:10:18.942379" level="INFO">${list_country} = ['AD', 'AE', 'AF', 'AG', 'AI', 'AL', 'AM', 'AO', 'AQ', 'AR', 'AS', 'AT', 'AU', 'AW', 'AX', 'AZ', 'BA', 'BB', 'BD', 'BE', 'BF', 'BG', 'BH', 'BI', 'BJ', 'BL', 'BM', 'BN', 'BO', 'BQ', 'BR', 'BS', 'BT', '...</msg>
<var>${list_country}</var>
<arg>AD</arg>
<arg>AE</arg>
<arg>AF</arg>
<arg>AG</arg>
<arg>AI</arg>
<arg>AL</arg>
<arg>AM</arg>
<arg>AO</arg>
<arg>AQ</arg>
<arg>AR</arg>
<arg>AS</arg>
<arg>AT</arg>
<arg>AU</arg>
<arg>AW</arg>
<arg>AX</arg>
<arg>AZ</arg>
<arg>BA</arg>
<arg>BB</arg>
<arg>BD</arg>
<arg>BE</arg>
<arg>BF</arg>
<arg>BG</arg>
<arg>BH</arg>
<arg>BI</arg>
<arg>BJ</arg>
<arg>BL</arg>
<arg>BM</arg>
<arg>BN</arg>
<arg>BO</arg>
<arg>BQ</arg>
<arg>BR</arg>
<arg>BS</arg>
<arg>BT</arg>
<arg>BV</arg>
<arg>BW</arg>
<arg>BY</arg>
<arg>BZ</arg>
<arg>CA</arg>
<arg>CC</arg>
<arg>CD</arg>
<arg>CF</arg>
<arg>CG</arg>
<arg>CH</arg>
<arg>CI</arg>
<arg>CK</arg>
<arg>CL</arg>
<arg>CM</arg>
<arg>CN</arg>
<arg>CO</arg>
<arg>CR</arg>
<arg>CU</arg>
<arg>CV</arg>
<arg>CW</arg>
<arg>CX</arg>
<arg>CY</arg>
<arg>CZ</arg>
<arg>DE</arg>
<arg>DJ</arg>
<arg>DK</arg>
<arg>DM</arg>
<arg>DO</arg>
<arg>DZ</arg>
<arg>EC</arg>
<arg>EE</arg>
<arg>EG</arg>
<arg>EH</arg>
<arg>ER</arg>
<arg>ES</arg>
<arg>ET</arg>
<arg>FI</arg>
<arg>FJ</arg>
<arg>FK</arg>
<arg>FM</arg>
<arg>FO</arg>
<arg>FR</arg>
<arg>GA</arg>
<arg>GB</arg>
<arg>GD</arg>
<arg>GE</arg>
<arg>GF</arg>
<arg>GG</arg>
<arg>GH</arg>
<arg>GI</arg>
<arg>GL</arg>
<arg>GM</arg>
<arg>GN</arg>
<arg>GP</arg>
<arg>GQ</arg>
<arg>GR</arg>
<arg>GS</arg>
<arg>GT</arg>
<arg>GU</arg>
<arg>GW</arg>
<arg>GY</arg>
<arg>HK</arg>
<arg>HM</arg>
<arg>HN</arg>
<arg>HR</arg>
<arg>HT</arg>
<arg>HU</arg>
<arg>ID</arg>
<arg>IE</arg>
<arg>IL</arg>
<arg>IM</arg>
<arg>IN</arg>
<arg>IO</arg>
<arg>IQ</arg>
<arg>IR</arg>
<arg>IS</arg>
<arg>IT</arg>
<arg>JE</arg>
<arg>JM</arg>
<arg>JO</arg>
<arg>JP</arg>
<arg>KE</arg>
<arg>KG</arg>
<arg>KH</arg>
<arg>KI</arg>
<arg>KM</arg>
<arg>KN</arg>
<arg>KP</arg>
<arg>KR</arg>
<arg>KW</arg>
<arg>KY</arg>
<arg>KZ</arg>
<arg>LA</arg>
<arg>LB</arg>
<arg>LC</arg>
<arg>LI</arg>
<arg>LK</arg>
<arg>LR</arg>
<arg>LS</arg>
<arg>LT</arg>
<arg>LU</arg>
<arg>LV</arg>
<arg>LY</arg>
<arg>MA</arg>
<arg>MC</arg>
<arg>MD</arg>
<arg>ME</arg>
<arg>MF</arg>
<arg>MG</arg>
<arg>MH</arg>
<arg>MK</arg>
<arg>ML</arg>
<arg>MM</arg>
<arg>MN</arg>
<arg>MO</arg>
<arg>MP</arg>
<arg>MQ</arg>
<arg>MR</arg>
<arg>MS</arg>
<arg>MT</arg>
<arg>MU</arg>
<arg>MV</arg>
<arg>MW</arg>
<arg>MX</arg>
<arg>MY</arg>
<arg>MZ</arg>
<arg>NA</arg>
<arg>NC</arg>
<arg>NE</arg>
<arg>NF</arg>
<arg>NG</arg>
<arg>NI</arg>
<arg>NL</arg>
<arg>NO</arg>
<arg>NP</arg>
<arg>NR</arg>
<arg>NU</arg>
<arg>NZ</arg>
<arg>OM</arg>
<arg>PA</arg>
<arg>PE</arg>
<arg>PF</arg>
<arg>PG</arg>
<arg>PH</arg>
<arg>PK</arg>
<arg>PL</arg>
<arg>PM</arg>
<arg>PN</arg>
<arg>PR</arg>
<arg>PS</arg>
<arg>PT</arg>
<arg>PW</arg>
<arg>PY</arg>
<arg>QA</arg>
<arg>RE</arg>
<arg>RO</arg>
<arg>RS</arg>
<arg>RU</arg>
<arg>RW</arg>
<arg>SA</arg>
<arg>SB</arg>
<arg>SC</arg>
<arg>SD</arg>
<arg>SE</arg>
<arg>SG</arg>
<arg>SH</arg>
<arg>SI</arg>
<arg>SJ</arg>
<arg>SK</arg>
<arg>SL</arg>
<arg>SM</arg>
<arg>SN</arg>
<arg>SO</arg>
<arg>SR</arg>
<arg>SS</arg>
<arg>ST</arg>
<arg>SV</arg>
<arg>SX</arg>
<arg>SY</arg>
<arg>SZ</arg>
<arg>TC</arg>
<arg>TD</arg>
<arg>TF</arg>
<arg>TG</arg>
<arg>TH</arg>
<arg>TJ</arg>
<arg>TK</arg>
<arg>TL</arg>
<arg>TM</arg>
<arg>TN</arg>
<arg>TO</arg>
<arg>TR</arg>
<arg>TT</arg>
<arg>TV</arg>
<arg>TW</arg>
<arg>TZ</arg>
<arg>UA</arg>
<arg>UG</arg>
<arg>UM</arg>
<arg>US</arg>
<arg>UY</arg>
<arg>UZ</arg>
<arg>VA</arg>
<arg>VC</arg>
<arg>VE</arg>
<arg>VG</arg>
<arg>VI</arg>
<arg>VN</arg>
<arg>VU</arg>
<arg>WF</arg>
<arg>WS</arg>
<arg>XK</arg>
<arg>YE</arg>
<arg>YT</arg>
<arg>ZA</arg>
<arg>ZM</arg>
<arg>ZW</arg>
<doc>Returns a list containing given items.</doc>
<status status="PASS" start="2024-03-20T17:10:18.941775" elapsed="0.000636"/>
</kw>
<kw name="List Should Contain Value" owner="Collections">
<msg time="2024-03-20T17:10:18.943583" level="INFO">False</msg>
<arg>${list_country}</arg>
<arg>${name_country}</arg>
<doc>Fails if the ``value`` is not found from ``list``.</doc>
<status status="PASS" start="2024-03-20T17:10:18.943368" elapsed="0.000253"/>
</kw>
<kw name="Run Keyword If" owner="BuiltIn">
<kw name="Should Be True" owner="BuiltIn">
<arg>${True}</arg>
<doc>Fails if the given condition is not true.</doc>
<status status="PASS" start="2024-03-20T17:10:18.944677" elapsed="0.000145"/>
</kw>
<arg>${json_data["results"][0]["location"]["coordinates"]["latitude"]} &gt;= -90 and ${json_data["results"][0]["location"]["coordinates"]["latitude"]} &lt;= 90</arg>
<arg>Should Be True</arg>
<arg>${True}</arg>
<doc>Runs the given keyword with the given arguments, if ``condition`` is true.</doc>
<status status="PASS" start="2024-03-20T17:10:18.943932" elapsed="0.001022"/>
</kw>
<kw name="Run Keyword If" owner="BuiltIn">
<kw name="Should Be True" owner="BuiltIn">
<arg>${True}</arg>
<doc>Fails if the given condition is not true.</doc>
<status status="PASS" start="2024-03-20T17:10:18.945835" elapsed="0.000141"/>
</kw>
<arg>${json_data["results"][0]["location"]["coordinates"]["longitude"]} &gt;= -180 and ${json_data["results"][0]["location"]["coordinates"]["longitude"]} &lt;= 180</arg>
<arg>Should Be True</arg>
<arg>${True}</arg>
<doc>Runs the given keyword with the given arguments, if ``condition`` is true.</doc>
<status status="PASS" start="2024-03-20T17:10:18.945135" elapsed="0.000970"/>
</kw>
<status status="PASS" start="2024-03-20T17:10:18.843926" elapsed="0.102309"/>
</kw>
<doc>Testa o conteúdo específico dos campos retornados pela API.</doc>
<tag>testeConteudo</tag>
<status status="PASS" start="2024-03-20T17:10:18.843409" elapsed="0.102973"/>
</test>
<status status="PASS" start="2024-03-20T17:10:18.176023" elapsed="0.772338"/>
</suite>
<status status="PASS" start="2024-03-20T17:10:18.162311" elapsed="0.791473"/>
</suite>
<statistics>
<total>
<stat pass="5" fail="0" skip="0">All Tests</stat>
</total>
<tag>
<stat pass="1" fail="0" skip="0">testeConteudo</stat>
<stat pass="1" fail="0" skip="0">testeEstruturaResposta</stat>
<stat pass="1" fail="0" skip="0">testeRequisicaoBasica</stat>
<stat pass="1" fail="0" skip="0">testeTiposDados</stat>
</tag>
<suite>
<stat pass="5" fail="0" skip="0" id="s1" name="Tests">Tests</stat>
<stat pass="5" fail="0" skip="0" id="s1-s1" name="Random-User-Test">Tests.Random-User-Test</stat>
</suite>
</statistics>
<errors>
</errors>
</robot>
