<?xml version="1.0" encoding="UTF-8"?>
<robot generator="Robot 7.0.1 (Python 3.12.4 on linux)" generated="2024-07-22T18:20:14.751297" rpa="false" schemaversion="5">
<suite id="s1" name="Tests" source="/home/runner/work/ApiRandomUser/ApiRandomUser/RamdonUser/tests">
<suite id="s1-s1" name="Random-User-Test" source="/home/runner/work/ApiRandomUser/ApiRandomUser/RamdonUser/tests/random-user-test.robot">
<test id="s1-s1-t1" name="Conectar" line="13">
<kw name="Conectar API" owner="random-user-service">
<kw name="Create Session" owner="RequestsLibrary">
<msg time="2024-07-22T18:20:15.170652" level="INFO">Creating Session using : alias=consultarAPI, url=https://randomuser.me/, headers={},                     cookies={}, auth=None, timeout=None, proxies=None, verify=False,                     debug=0 </msg>
<arg>consultarAPI</arg>
<arg>${URL}</arg>
<doc>Create Session: create a HTTP session to a server</doc>
<status status="PASS" start="2024-07-22T18:20:15.170451" elapsed="0.000387"/>
</kw>
<status status="PASS" start="2024-07-22T18:20:15.169390" elapsed="0.001810"/>
</kw>
<status status="PASS" start="2024-07-22T18:20:15.168771" elapsed="0.002624"/>
</test>
<test id="s1-s1-t2" name="Validar retorno 200 e JSON Válido" line="16">
<kw name="Teste de Requisicao Basica" owner="random-user-service">
<kw name="GET On Session" owner="RequestsLibrary">
<msg time="2024-07-22T18:20:15.363126" level="INFO">GET Request : url=https://randomuser.me/api 
 path_url=/api 
 headers={'User-Agent': 'python-requests/2.32.3', 'Accept-Encoding': 'gzip, deflate', 'Accept': '*/*', 'Connection': 'keep-alive'} 
 body=None 
 </msg>
<msg time="2024-07-22T18:20:15.363296" level="INFO">GET Response : url=https://randomuser.me/api 
 status=200, reason=OK 
 headers={'Date': 'Mon, 22 Jul 2024 18:20:15 GMT', 'Content-Type': 'application/json; charset=utf-8', 'Transfer-Encoding': 'chunked', 'Connection': 'keep-alive', 'X-Powered-By': 'Express', 'Access-Control-Allow-Origin': '*', 'Cache-Control': 'no-cache', 'ETag': 'W/"484-F7uYFgY+WpwhHYlVlQ5eXKBq1Bg"', 'Vary': 'Accept-Encoding', 'Content-Encoding': 'gzip', 'CF-Cache-Status': 'DYNAMIC', 'Report-To': '{"endpoints":[{"url":"https:\\/\\/a.nel.cloudflare.com\\/report\\/v4?s=qlF%2BmIuVwJqH4V6vXh25GONbm1v7AG37WDKAJaDlY34drIV78cmhHVMnWn5N8GJ6oZ%2FGnvthdCXF3SJGX9XIkPRNLWrg0rk4uoRftRRm2OCvBmmNI8KNeMp47JNV3iHv"}],"group":"cf-nel","max_age":604800}', 'NEL': '{"success_fraction":0,"report_to":"cf-nel","max_age":604800}', 'Server': 'cloudflare', 'CF-RAY': '8a757193cdf49c7c-IAD', 'alt-svc': 'h3=":443"; ma=86400'} 
 body={"results":[{"gender":"female","name":{"title":"Mrs","first":"Iva","last":"Kitić"},"location":{"street":{"number":5148,"name":"Javorova"},"city":"Vladimirci","state":"South Banat","country":"Serbia","postcode":78420,"coordinates":{"latitude":"56.4264","longitude":"78.3452"},"timezone":{"offset":"+4:00","description":"Abu Dhabi, Muscat, Baku, Tbilisi"}},"email":"iva.kitic@example.com","login":{"uuid":"458985ec-c9b9-48b2-a6c6-4d2191b053d9","username":"happyfish855","password":"shai","salt":"JTLISjAz","md5":"0a309e78532ee511a512961f7f4f7f45","sha1":"9c997bab17c982978a999883d362a80187ef89b2","sha256":"c556422c4af5eb07bd8446732f31800a7e12543596f294264e264a96a669921a"},"dob":{"date":"1952-01-27T11:57:51.664Z","age":72},"registered":{"date":"2003-08-11T03:44:12.848Z","age":20},"phone":"017-0328-600","cell":"068-0762-511","id":{"name":"SID","value":"603134167"},"picture":{"large":"https://randomuser.me/api/portraits/women/56.jpg","medium":"https://randomuser.me/api/portraits/med/women/56.jpg","thumbnail":"https://randomuser.me/api/portraits/thumb/women/56.jpg"},"nat":"RS"}],"info":{"seed":"ede816a192d556ab","results":1,"page":1,"version":"1.4"}} 
 </msg>
<msg time="2024-07-22T18:20:15.363396" level="INFO">/opt/hostedtoolcache/Python/3.12.4/x64/lib/python3.12/site-packages/urllib3/connectionpool.py:1099: InsecureRequestWarning: Unverified HTTPS request is being made to host 'randomuser.me'. Adding certificate verification is strongly advised. See: https://urllib3.readthedocs.io/en/latest/advanced-usage.html#tls-warnings
  warnings.warn(</msg>
<msg time="2024-07-22T18:20:15.363559" level="INFO">${response} = &lt;Response [200]&gt;</msg>
<var>${response}</var>
<arg>consultarAPI</arg>
<arg>/api</arg>
<doc>Sends a GET request on a previously created HTTP Session.</doc>
<status status="PASS" start="2024-07-22T18:20:15.174084" elapsed="0.189518"/>
</kw>
<kw name="Should Be Equal As Numbers" owner="BuiltIn">
<msg time="2024-07-22T18:20:15.364595" level="INFO">Argument types are:
&lt;class 'int'&gt;
&lt;class 'str'&gt;</msg>
<arg>${response.status_code}</arg>
<arg>200</arg>
<doc>Fails if objects are unequal after converting them to real numbers.</doc>
<status status="PASS" start="2024-07-22T18:20:15.364132" elapsed="0.000528"/>
</kw>
<kw name="Log" owner="BuiltIn">
<msg time="2024-07-22T18:20:15.365373" level="INFO">200</msg>
<arg>${response.status_code}</arg>
<doc>Logs the given message with the given level.</doc>
<status status="PASS" start="2024-07-22T18:20:15.365018" elapsed="0.000398"/>
</kw>
<kw name="Set Variable" owner="BuiltIn">
<msg time="2024-07-22T18:20:15.366167" level="INFO">${json_data} = {'results': [{'gender': 'female', 'name': {'title': 'Mrs', 'first': 'Iva', 'last': 'Kitić'}, 'location': {'street': {'number': 5148, 'name': 'Javorova'}, 'city': 'Vladimirci', 'state': 'South Banat', ...</msg>
<var>${json_data}</var>
<arg>${response.json()}</arg>
<doc>Returns the given values which can then be assigned to a variables.</doc>
<status status="PASS" start="2024-07-22T18:20:15.365725" elapsed="0.000471"/>
</kw>
<kw name="Dictionary Should Contain Key" owner="Collections">
<arg>${json_data}</arg>
<arg>results</arg>
<doc>Fails if ``key`` is not found from ``dictionary``.</doc>
<status status="PASS" start="2024-07-22T18:20:15.366509" elapsed="0.000323"/>
</kw>
<status status="PASS" start="2024-07-22T18:20:15.173840" elapsed="0.193145"/>
</kw>
<doc>Testa se a API responde corretamente e retorna um objeto JSON válido.</doc>
<tag>testeRequisicaoBasica</tag>
<status status="PASS" start="2024-07-22T18:20:15.173315" elapsed="0.193844"/>
</test>
<test id="s1-s1-t3" name="Validar estrutura de resposta" line="22">
<kw name="Teste de Estrutura de Resposta" owner="random-user-service">
<kw name="GET On Session" owner="RequestsLibrary">
<msg time="2024-07-22T18:20:15.466147" level="INFO">GET Request : url=https://randomuser.me/api 
 path_url=/api 
 headers={'User-Agent': 'python-requests/2.32.3', 'Accept-Encoding': 'gzip, deflate', 'Accept': '*/*', 'Connection': 'keep-alive'} 
 body=None 
 </msg>
<msg time="2024-07-22T18:20:15.466263" level="INFO">GET Response : url=https://randomuser.me/api 
 status=200, reason=OK 
 headers={'Date': 'Mon, 22 Jul 2024 18:20:15 GMT', 'Content-Type': 'application/json; charset=utf-8', 'Transfer-Encoding': 'chunked', 'Connection': 'keep-alive', 'X-Powered-By': 'Express', 'Access-Control-Allow-Origin': '*', 'Cache-Control': 'no-cache', 'ETag': 'W/"489-F3xZmuxIg0JQaNXseESbUz5Lkc0"', 'Vary': 'Accept-Encoding', 'Content-Encoding': 'gzip', 'CF-Cache-Status': 'DYNAMIC', 'Report-To': '{"endpoints":[{"url":"https:\\/\\/a.nel.cloudflare.com\\/report\\/v4?s=NtSPJ5hdiVl8snlvld3bz9mslXP6x5DK1HyAL0IysaUMXUnKW97L7%2BkovEM3ey9%2BAKb1GADSWyWSbpeDxn%2BEPAOsh3Mca1aIu7tFttsDdhoWlvaypug4MxcfkbVrLH%2Fm"}],"group":"cf-nel","max_age":604800}', 'NEL': '{"success_fraction":0,"report_to":"cf-nel","max_age":604800}', 'Server': 'cloudflare', 'CF-RAY': '8a7571941e559c7c-IAD', 'alt-svc': 'h3=":443"; ma=86400'} 
 body={"results":[{"gender":"female","name":{"title":"Ms","first":"Nina","last":"Yahno"},"location":{"street":{"number":9945,"name":"Novogolosiyivska"},"city":"Skalat","state":"Cherkaska","country":"Ukraine","postcode":54269,"coordinates":{"latitude":"76.4590","longitude":"40.1386"},"timezone":{"offset":"+5:30","description":"Bombay, Calcutta, Madras, New Delhi"}},"email":"nina.yahno@example.com","login":{"uuid":"9febface-732b-4ef9-af6f-7a34340f5df5","username":"whiteladybug682","password":"hiking","salt":"niT70KN0","md5":"e2de776646b39a573ef133c4c823b1ef","sha1":"ea7f6429949068f8d0ca51a3287aaec290b4769f","sha256":"2a1ad2dc07806d52861e31252caa288c42a179ee42df53bb829b47d9e1e7e428"},"dob":{"date":"1958-10-27T06:00:05.086Z","age":65},"registered":{"date":"2008-01-30T20:35:36.632Z","age":16},"phone":"(067) A93-8930","cell":"(066) J75-1107","id":{"name":"","value":null},"picture":{"large":"https://randomuser.me/api/portraits/women/23.jpg","medium":"https://randomuser.me/api/portraits/med/women/23.jpg","thumbnail":"https://randomuser.me/api/portraits/thumb/women/23.jpg"},"nat":"UA"}],"info":{"seed":"84fd9f13ab5e6c41","results":1,"page":1,"version":"1.4"}} 
 </msg>
<msg time="2024-07-22T18:20:15.466414" level="INFO">/opt/hostedtoolcache/Python/3.12.4/x64/lib/python3.12/site-packages/urllib3/connectionpool.py:1099: InsecureRequestWarning: Unverified HTTPS request is being made to host 'randomuser.me'. Adding certificate verification is strongly advised. See: https://urllib3.readthedocs.io/en/latest/advanced-usage.html#tls-warnings
  warnings.warn(</msg>
<msg time="2024-07-22T18:20:15.466583" level="INFO">${response} = &lt;Response [200]&gt;</msg>
<var>${response}</var>
<arg>consultarAPI</arg>
<arg>/api</arg>
<doc>Sends a GET request on a previously created HTTP Session.</doc>
<status status="PASS" start="2024-07-22T18:20:15.369871" elapsed="0.096766"/>
</kw>
<kw name="Set Variable" owner="BuiltIn">
<msg time="2024-07-22T18:20:15.467759" level="INFO">${json_data} = {'results': [{'gender': 'female', 'name': {'title': 'Ms', 'first': 'Nina', 'last': 'Yahno'}, 'location': {'street': {'number': 9945, 'name': 'Novogolosiyivska'}, 'city': 'Skalat', 'state': 'Cherkaska'...</msg>
<var>${json_data}</var>
<arg>${response.json()}</arg>
<doc>Returns the given values which can then be assigned to a variables.</doc>
<status status="PASS" start="2024-07-22T18:20:15.467226" elapsed="0.000562"/>
</kw>
<kw name="Log" owner="BuiltIn">
<msg time="2024-07-22T18:20:15.468268" level="INFO">{'results': [{'gender': 'female', 'name': {'title': 'Ms', 'first': 'Nina', 'last': 'Yahno'}, 'location': {'street': {'number': 9945, 'name': 'Novogolosiyivska'}, 'city': 'Skalat', 'state': 'Cherkaska', 'country': 'Ukraine', 'postcode': 54269, 'coordinates': {'latitude': '76.4590', 'longitude': '40.1386'}, 'timezone': {'offset': '+5:30', 'description': 'Bombay, Calcutta, Madras, New Delhi'}}, 'email': 'nina.yahno@example.com', 'login': {'uuid': '9febface-732b-4ef9-af6f-7a34340f5df5', 'username': 'whiteladybug682', 'password': 'hiking', 'salt': 'niT70KN0', 'md5': 'e2de776646b39a573ef133c4c823b1ef', 'sha1': 'ea7f6429949068f8d0ca51a3287aaec290b4769f', 'sha256': '2a1ad2dc07806d52861e31252caa288c42a179ee42df53bb829b47d9e1e7e428'}, 'dob': {'date': '1958-10-27T06:00:05.086Z', 'age': 65}, 'registered': {'date': '2008-01-30T20:35:36.632Z', 'age': 16}, 'phone': '(067) A93-8930', 'cell': '(066) J75-1107', 'id': {'name': '', 'value': None}, 'picture': {'large': 'https://randomuser.me/api/portraits/women/23.jpg', 'medium': 'https://randomuser.me/api/portraits/med/women/23.jpg', 'thumbnail': 'https://randomuser.me/api/portraits/thumb/women/23.jpg'}, 'nat': 'UA'}], 'info': {'seed': '84fd9f13ab5e6c41', 'results': 1, 'page': 1, 'version': '1.4'}}</msg>
<arg>${json_data}</arg>
<doc>Logs the given message with the given level.</doc>
<status status="PASS" start="2024-07-22T18:20:15.468104" elapsed="0.000214"/>
</kw>
<kw name="Dictionary Should Contain Key" owner="Collections">
<arg>${json_data}</arg>
<arg>results</arg>
<doc>Fails if ``key`` is not found from ``dictionary``.</doc>
<status status="PASS" start="2024-07-22T18:20:15.468618" elapsed="0.000213"/>
</kw>
<kw name="Should Not Be Empty" owner="BuiltIn">
<msg time="2024-07-22T18:20:15.469165" level="INFO">Length is 2.</msg>
<arg>${json_data}</arg>
<doc>Verifies that the given item is not empty.</doc>
<status status="PASS" start="2024-07-22T18:20:15.469036" elapsed="0.000167"/>
</kw>
<kw name="Create List" owner="BuiltIn">
<msg time="2024-07-22T18:20:15.469652" level="INFO">${expected_keys} = ['gender', 'name', 'location', 'email', 'login']</msg>
<var>${expected_keys}</var>
<arg>gender</arg>
<arg>name</arg>
<arg>location</arg>
<arg>email</arg>
<arg>login</arg>
<doc>Returns a list containing given items.</doc>
<status status="PASS" start="2024-07-22T18:20:15.469498" elapsed="0.000179"/>
</kw>
<for flavor="IN">
<iter>
<kw name="Dictionary Should Contain Key" owner="Collections">
<arg>${json_data['results'][0]}</arg>
<arg>${key}</arg>
<doc>Fails if ``key`` is not found from ``dictionary``.</doc>
<status status="PASS" start="2024-07-22T18:20:15.470277" elapsed="0.000419"/>
</kw>
<kw name="Log" owner="BuiltIn">
<msg time="2024-07-22T18:20:15.471243" level="INFO">{'gender': 'female', 'name': {'title': 'Ms', 'first': 'Nina', 'last': 'Yahno'}, 'location': {'street': {'number': 9945, 'name': 'Novogolosiyivska'}, 'city': 'Skalat', 'state': 'Cherkaska', 'country': 'Ukraine', 'postcode': 54269, 'coordinates': {'latitude': '76.4590', 'longitude': '40.1386'}, 'timezone': {'offset': '+5:30', 'description': 'Bombay, Calcutta, Madras, New Delhi'}}, 'email': 'nina.yahno@example.com', 'login': {'uuid': '9febface-732b-4ef9-af6f-7a34340f5df5', 'username': 'whiteladybug682', 'password': 'hiking', 'salt': 'niT70KN0', 'md5': 'e2de776646b39a573ef133c4c823b1ef', 'sha1': 'ea7f6429949068f8d0ca51a3287aaec290b4769f', 'sha256': '2a1ad2dc07806d52861e31252caa288c42a179ee42df53bb829b47d9e1e7e428'}, 'dob': {'date': '1958-10-27T06:00:05.086Z', 'age': 65}, 'registered': {'date': '2008-01-30T20:35:36.632Z', 'age': 16}, 'phone': '(067) A93-8930', 'cell': '(066) J75-1107', 'id': {'name': '', 'value': None}, 'picture': {'large': 'https://randomuser.me/api/portraits/women/23.jpg', 'medium': 'https://randomuser.me/api/portraits/med/women/23.jpg', 'thumbnail': 'https://randomuser.me/api/portraits/thumb/women/23.jpg'}, 'nat': 'UA'}</msg>
<arg>${json_data['results'][0]}</arg>
<doc>Logs the given message with the given level.</doc>
<status status="PASS" start="2024-07-22T18:20:15.470891" elapsed="0.000401"/>
</kw>
<kw name="Log" owner="BuiltIn">
<msg time="2024-07-22T18:20:15.471719" level="INFO">gender</msg>
<arg>${key}</arg>
<doc>Logs the given message with the given level.</doc>
<status status="PASS" start="2024-07-22T18:20:15.471592" elapsed="0.000165"/>
</kw>
<var name="${key}">gender</var>
<status status="PASS" start="2024-07-22T18:20:15.470144" elapsed="0.001829"/>
</iter>
<iter>
<kw name="Dictionary Should Contain Key" owner="Collections">
<arg>${json_data['results'][0]}</arg>
<arg>${key}</arg>
<doc>Fails if ``key`` is not found from ``dictionary``.</doc>
<status status="PASS" start="2024-07-22T18:20:15.472279" elapsed="0.000388"/>
</kw>
<kw name="Log" owner="BuiltIn">
<msg time="2024-07-22T18:20:15.473239" level="INFO">{'gender': 'female', 'name': {'title': 'Ms', 'first': 'Nina', 'last': 'Yahno'}, 'location': {'street': {'number': 9945, 'name': 'Novogolosiyivska'}, 'city': 'Skalat', 'state': 'Cherkaska', 'country': 'Ukraine', 'postcode': 54269, 'coordinates': {'latitude': '76.4590', 'longitude': '40.1386'}, 'timezone': {'offset': '+5:30', 'description': 'Bombay, Calcutta, Madras, New Delhi'}}, 'email': 'nina.yahno@example.com', 'login': {'uuid': '9febface-732b-4ef9-af6f-7a34340f5df5', 'username': 'whiteladybug682', 'password': 'hiking', 'salt': 'niT70KN0', 'md5': 'e2de776646b39a573ef133c4c823b1ef', 'sha1': 'ea7f6429949068f8d0ca51a3287aaec290b4769f', 'sha256': '2a1ad2dc07806d52861e31252caa288c42a179ee42df53bb829b47d9e1e7e428'}, 'dob': {'date': '1958-10-27T06:00:05.086Z', 'age': 65}, 'registered': {'date': '2008-01-30T20:35:36.632Z', 'age': 16}, 'phone': '(067) A93-8930', 'cell': '(066) J75-1107', 'id': {'name': '', 'value': None}, 'picture': {'large': 'https://randomuser.me/api/portraits/women/23.jpg', 'medium': 'https://randomuser.me/api/portraits/med/women/23.jpg', 'thumbnail': 'https://randomuser.me/api/portraits/thumb/women/23.jpg'}, 'nat': 'UA'}</msg>
<arg>${json_data['results'][0]}</arg>
<doc>Logs the given message with the given level.</doc>
<status status="PASS" start="2024-07-22T18:20:15.472886" elapsed="0.000436"/>
</kw>
<kw name="Log" owner="BuiltIn">
<msg time="2024-07-22T18:20:15.473745" level="INFO">name</msg>
<arg>${key}</arg>
<doc>Logs the given message with the given level.</doc>
<status status="PASS" start="2024-07-22T18:20:15.473617" elapsed="0.000166"/>
</kw>
<var name="${key}">name</var>
<status status="PASS" start="2024-07-22T18:20:15.472166" elapsed="0.001832"/>
</iter>
<iter>
<kw name="Dictionary Should Contain Key" owner="Collections">
<arg>${json_data['results'][0]}</arg>
<arg>${key}</arg>
<doc>Fails if ``key`` is not found from ``dictionary``.</doc>
<status status="PASS" start="2024-07-22T18:20:15.474282" elapsed="0.000378"/>
</kw>
<kw name="Log" owner="BuiltIn">
<msg time="2024-07-22T18:20:15.475190" level="INFO">{'gender': 'female', 'name': {'title': 'Ms', 'first': 'Nina', 'last': 'Yahno'}, 'location': {'street': {'number': 9945, 'name': 'Novogolosiyivska'}, 'city': 'Skalat', 'state': 'Cherkaska', 'country': 'Ukraine', 'postcode': 54269, 'coordinates': {'latitude': '76.4590', 'longitude': '40.1386'}, 'timezone': {'offset': '+5:30', 'description': 'Bombay, Calcutta, Madras, New Delhi'}}, 'email': 'nina.yahno@example.com', 'login': {'uuid': '9febface-732b-4ef9-af6f-7a34340f5df5', 'username': 'whiteladybug682', 'password': 'hiking', 'salt': 'niT70KN0', 'md5': 'e2de776646b39a573ef133c4c823b1ef', 'sha1': 'ea7f6429949068f8d0ca51a3287aaec290b4769f', 'sha256': '2a1ad2dc07806d52861e31252caa288c42a179ee42df53bb829b47d9e1e7e428'}, 'dob': {'date': '1958-10-27T06:00:05.086Z', 'age': 65}, 'registered': {'date': '2008-01-30T20:35:36.632Z', 'age': 16}, 'phone': '(067) A93-8930', 'cell': '(066) J75-1107', 'id': {'name': '', 'value': None}, 'picture': {'large': 'https://randomuser.me/api/portraits/women/23.jpg', 'medium': 'https://randomuser.me/api/portraits/med/women/23.jpg', 'thumbnail': 'https://randomuser.me/api/portraits/thumb/women/23.jpg'}, 'nat': 'UA'}</msg>
<arg>${json_data['results'][0]}</arg>
<doc>Logs the given message with the given level.</doc>
<status status="PASS" start="2024-07-22T18:20:15.474847" elapsed="0.000390"/>
</kw>
<kw name="Log" owner="BuiltIn">
<msg time="2024-07-22T18:20:15.475655" level="INFO">location</msg>
<arg>${key}</arg>
<doc>Logs the given message with the given level.</doc>
<status status="PASS" start="2024-07-22T18:20:15.475531" elapsed="0.000160"/>
</kw>
<var name="${key}">location</var>
<status status="PASS" start="2024-07-22T18:20:15.474174" elapsed="0.001733"/>
</iter>
<iter>
<kw name="Dictionary Should Contain Key" owner="Collections">
<arg>${json_data['results'][0]}</arg>
<arg>${key}</arg>
<doc>Fails if ``key`` is not found from ``dictionary``.</doc>
<status status="PASS" start="2024-07-22T18:20:15.476184" elapsed="0.000381"/>
</kw>
<kw name="Log" owner="BuiltIn">
<msg time="2024-07-22T18:20:15.477288" level="INFO">{'gender': 'female', 'name': {'title': 'Ms', 'first': 'Nina', 'last': 'Yahno'}, 'location': {'street': {'number': 9945, 'name': 'Novogolosiyivska'}, 'city': 'Skalat', 'state': 'Cherkaska', 'country': 'Ukraine', 'postcode': 54269, 'coordinates': {'latitude': '76.4590', 'longitude': '40.1386'}, 'timezone': {'offset': '+5:30', 'description': 'Bombay, Calcutta, Madras, New Delhi'}}, 'email': 'nina.yahno@example.com', 'login': {'uuid': '9febface-732b-4ef9-af6f-7a34340f5df5', 'username': 'whiteladybug682', 'password': 'hiking', 'salt': 'niT70KN0', 'md5': 'e2de776646b39a573ef133c4c823b1ef', 'sha1': 'ea7f6429949068f8d0ca51a3287aaec290b4769f', 'sha256': '2a1ad2dc07806d52861e31252caa288c42a179ee42df53bb829b47d9e1e7e428'}, 'dob': {'date': '1958-10-27T06:00:05.086Z', 'age': 65}, 'registered': {'date': '2008-01-30T20:35:36.632Z', 'age': 16}, 'phone': '(067) A93-8930', 'cell': '(066) J75-1107', 'id': {'name': '', 'value': None}, 'picture': {'large': 'https://randomuser.me/api/portraits/women/23.jpg', 'medium': 'https://randomuser.me/api/portraits/med/women/23.jpg', 'thumbnail': 'https://randomuser.me/api/portraits/thumb/women/23.jpg'}, 'nat': 'UA'}</msg>
<arg>${json_data['results'][0]}</arg>
<doc>Logs the given message with the given level.</doc>
<status status="PASS" start="2024-07-22T18:20:15.476934" elapsed="0.000403"/>
</kw>
<kw name="Log" owner="BuiltIn">
<msg time="2024-07-22T18:20:15.477766" level="INFO">email</msg>
<arg>${key}</arg>
<doc>Logs the given message with the given level.</doc>
<status status="PASS" start="2024-07-22T18:20:15.477632" elapsed="0.000173"/>
</kw>
<var name="${key}">email</var>
<status status="PASS" start="2024-07-22T18:20:15.476077" elapsed="0.001942"/>
</iter>
<iter>
<kw name="Dictionary Should Contain Key" owner="Collections">
<arg>${json_data['results'][0]}</arg>
<arg>${key}</arg>
<doc>Fails if ``key`` is not found from ``dictionary``.</doc>
<status status="PASS" start="2024-07-22T18:20:15.478300" elapsed="0.000374"/>
</kw>
<kw name="Log" owner="BuiltIn">
<msg time="2024-07-22T18:20:15.479203" level="INFO">{'gender': 'female', 'name': {'title': 'Ms', 'first': 'Nina', 'last': 'Yahno'}, 'location': {'street': {'number': 9945, 'name': 'Novogolosiyivska'}, 'city': 'Skalat', 'state': 'Cherkaska', 'country': 'Ukraine', 'postcode': 54269, 'coordinates': {'latitude': '76.4590', 'longitude': '40.1386'}, 'timezone': {'offset': '+5:30', 'description': 'Bombay, Calcutta, Madras, New Delhi'}}, 'email': 'nina.yahno@example.com', 'login': {'uuid': '9febface-732b-4ef9-af6f-7a34340f5df5', 'username': 'whiteladybug682', 'password': 'hiking', 'salt': 'niT70KN0', 'md5': 'e2de776646b39a573ef133c4c823b1ef', 'sha1': 'ea7f6429949068f8d0ca51a3287aaec290b4769f', 'sha256': '2a1ad2dc07806d52861e31252caa288c42a179ee42df53bb829b47d9e1e7e428'}, 'dob': {'date': '1958-10-27T06:00:05.086Z', 'age': 65}, 'registered': {'date': '2008-01-30T20:35:36.632Z', 'age': 16}, 'phone': '(067) A93-8930', 'cell': '(066) J75-1107', 'id': {'name': '', 'value': None}, 'picture': {'large': 'https://randomuser.me/api/portraits/women/23.jpg', 'medium': 'https://randomuser.me/api/portraits/med/women/23.jpg', 'thumbnail': 'https://randomuser.me/api/portraits/thumb/women/23.jpg'}, 'nat': 'UA'}</msg>
<arg>${json_data['results'][0]}</arg>
<doc>Logs the given message with the given level.</doc>
<status status="PASS" start="2024-07-22T18:20:15.478856" elapsed="0.000394"/>
</kw>
<kw name="Log" owner="BuiltIn">
<msg time="2024-07-22T18:20:15.479665" level="INFO">login</msg>
<arg>${key}</arg>
<doc>Logs the given message with the given level.</doc>
<status status="PASS" start="2024-07-22T18:20:15.479540" elapsed="0.000163"/>
</kw>
<var name="${key}">login</var>
<status status="PASS" start="2024-07-22T18:20:15.478191" elapsed="0.001725"/>
</iter>
<var>${key}</var>
<value>@{expected_keys}</value>
<status status="PASS" start="2024-07-22T18:20:15.469944" elapsed="0.010092"/>
</for>
<kw name="Create List" owner="BuiltIn">
<msg time="2024-07-22T18:20:15.480365" level="INFO">${expected_keysTwo} = ['username', 'password']</msg>
<var>${expected_keysTwo}</var>
<arg>username</arg>
<arg>password</arg>
<doc>Returns a list containing given items.</doc>
<status status="PASS" start="2024-07-22T18:20:15.480231" elapsed="0.000157"/>
</kw>
<for flavor="IN">
<iter>
<kw name="Dictionary Should Contain Key" owner="Collections">
<arg>${json_data['results'][0]['login']}</arg>
<arg>${keyTwo}</arg>
<doc>Fails if ``key`` is not found from ``dictionary``.</doc>
<status status="PASS" start="2024-07-22T18:20:15.480949" elapsed="0.000377"/>
</kw>
<kw name="Dictionary Should Contain Key" owner="Collections">
<arg>${json_data['results'][0]['login']}</arg>
<arg>${keyTwo}</arg>
<doc>Fails if ``key`` is not found from ``dictionary``.</doc>
<status status="PASS" start="2024-07-22T18:20:15.481507" elapsed="0.000371"/>
</kw>
<kw name="Log" owner="BuiltIn">
<msg time="2024-07-22T18:20:15.482177" level="INFO">username</msg>
<arg>${keyTwo}</arg>
<doc>Logs the given message with the given level.</doc>
<status status="PASS" start="2024-07-22T18:20:15.482057" elapsed="0.000157"/>
</kw>
<var name="${keyTwo}">username</var>
<status status="PASS" start="2024-07-22T18:20:15.480839" elapsed="0.001594"/>
</iter>
<iter>
<kw name="Dictionary Should Contain Key" owner="Collections">
<arg>${json_data['results'][0]['login']}</arg>
<arg>${keyTwo}</arg>
<doc>Fails if ``key`` is not found from ``dictionary``.</doc>
<status status="PASS" start="2024-07-22T18:20:15.482719" elapsed="0.000373"/>
</kw>
<kw name="Dictionary Should Contain Key" owner="Collections">
<arg>${json_data['results'][0]['login']}</arg>
<arg>${keyTwo}</arg>
<doc>Fails if ``key`` is not found from ``dictionary``.</doc>
<status status="PASS" start="2024-07-22T18:20:15.483268" elapsed="0.000367"/>
</kw>
<kw name="Log" owner="BuiltIn">
<msg time="2024-07-22T18:20:15.483933" level="INFO">password</msg>
<arg>${keyTwo}</arg>
<doc>Logs the given message with the given level.</doc>
<status status="PASS" start="2024-07-22T18:20:15.483810" elapsed="0.000161"/>
</kw>
<var name="${keyTwo}">password</var>
<status status="PASS" start="2024-07-22T18:20:15.482604" elapsed="0.001582"/>
</iter>
<var>${keyTwo}</var>
<value>@{expected_keysTwo}</value>
<status status="PASS" start="2024-07-22T18:20:15.480650" elapsed="0.003656"/>
</for>
<status status="PASS" start="2024-07-22T18:20:15.369635" elapsed="0.114814"/>
</kw>
<doc>Testa a estrutura da resposta da API.</doc>
<tag>testeEstruturaResposta</tag>
<status status="PASS" start="2024-07-22T18:20:15.369043" elapsed="0.115565"/>
</test>
<test id="s1-s1-t4" name="Validar tipos de dados" line="28">
<kw name="Teste de Tipos de Dados" owner="random-user-service">
<kw name="GET On Session" owner="RequestsLibrary">
<msg time="2024-07-22T18:20:15.556794" level="INFO">GET Request : url=https://randomuser.me/api 
 path_url=/api 
 headers={'User-Agent': 'python-requests/2.32.3', 'Accept-Encoding': 'gzip, deflate', 'Accept': '*/*', 'Connection': 'keep-alive'} 
 body=None 
 </msg>
<msg time="2024-07-22T18:20:15.556888" level="INFO">GET Response : url=https://randomuser.me/api 
 status=200, reason=OK 
 headers={'Date': 'Mon, 22 Jul 2024 18:20:15 GMT', 'Content-Type': 'application/json; charset=utf-8', 'Transfer-Encoding': 'chunked', 'Connection': 'keep-alive', 'X-Powered-By': 'Express', 'Access-Control-Allow-Origin': '*', 'Cache-Control': 'no-cache', 'ETag': 'W/"475-mKsC+4OlimrsqkWqwMUyXubJ9Us"', 'Vary': 'Accept-Encoding', 'Content-Encoding': 'gzip', 'CF-Cache-Status': 'DYNAMIC', 'Report-To': '{"endpoints":[{"url":"https:\\/\\/a.nel.cloudflare.com\\/report\\/v4?s=gzYuOLmFLifLq08adb9sbKfSiPjXeowgnPTMAqH5pOT93UOUUJB7t9Jn9QZjHOnJVsdNa4GIc8CfrTTvL1orjCCobJ34%2F2YATjA%2BLHpJtRBBty1KX0wPKU3XnzUjW8Uw"}],"group":"cf-nel","max_age":604800}', 'NEL': '{"success_fraction":0,"report_to":"cf-nel","max_age":604800}', 'Server': 'cloudflare', 'CF-RAY': '8a757194df6b9c7c-IAD', 'alt-svc': 'h3=":443"; ma=86400'} 
 body={"results":[{"gender":"male","name":{"title":"Mr","first":"Harsh","last":"Taj"},"location":{"street":{"number":1925,"name":"Santhekatte"},"city":"Tiruppur","state":"Goa","country":"India","postcode":18992,"coordinates":{"latitude":"10.8056","longitude":"-29.3146"},"timezone":{"offset":"+1:00","description":"Brussels, Copenhagen, Madrid, Paris"}},"email":"harsh.taj@example.com","login":{"uuid":"6f73df41-a4d2-489f-bb2b-34ef0ad868f3","username":"bigpanda291","password":"race","salt":"Qt1kIL9E","md5":"863d5a3a3eed260fd76cff014fc659a9","sha1":"7e337dffb6c4424840a95aa7f955e3d6271576c5","sha256":"ae26d5fdc8244e0901b546bf00bc1ae07efca91cb437be788afd4647f1ba4e6c"},"dob":{"date":"1959-07-19T18:32:37.900Z","age":65},"registered":{"date":"2020-04-24T21:40:17.334Z","age":4},"phone":"7685459204","cell":"8880026202","id":{"name":"UIDAI","value":"286059450328"},"picture":{"large":"https://randomuser.me/api/portraits/men/95.jpg","medium":"https://randomuser.me/api/portraits/med/men/95.jpg","thumbnail":"https://randomuser.me/api/portraits/thumb/men/95.jpg"},"nat":"IN"}],"info":{"seed":"39b07b5324d7bef2","results":1,"page":1,"version":"1.4"}} 
 </msg>
<msg time="2024-07-22T18:20:15.556961" level="INFO">/opt/hostedtoolcache/Python/3.12.4/x64/lib/python3.12/site-packages/urllib3/connectionpool.py:1099: InsecureRequestWarning: Unverified HTTPS request is being made to host 'randomuser.me'. Adding certificate verification is strongly advised. See: https://urllib3.readthedocs.io/en/latest/advanced-usage.html#tls-warnings
  warnings.warn(</msg>
<msg time="2024-07-22T18:20:15.557085" level="INFO">${response} = &lt;Response [200]&gt;</msg>
<var>${response}</var>
<arg>consultarAPI</arg>
<arg>/api</arg>
<doc>Sends a GET request on a previously created HTTP Session.</doc>
<status status="PASS" start="2024-07-22T18:20:15.487168" elapsed="0.069967"/>
</kw>
<kw name="Set Variable" owner="BuiltIn">
<msg time="2024-07-22T18:20:15.558374" level="INFO">${json_data} = {'results': [{'gender': 'male', 'name': {'title': 'Mr', 'first': 'Harsh', 'last': 'Taj'}, 'location': {'street': {'number': 1925, 'name': 'Santhekatte'}, 'city': 'Tiruppur', 'state': 'Goa', 'country':...</msg>
<var>${json_data}</var>
<arg>${response.json()}</arg>
<doc>Returns the given values which can then be assigned to a variables.</doc>
<status status="PASS" start="2024-07-22T18:20:15.557796" elapsed="0.000607"/>
</kw>
<kw name="Log" owner="BuiltIn">
<msg time="2024-07-22T18:20:15.558864" level="INFO">{'results': [{'gender': 'male', 'name': {'title': 'Mr', 'first': 'Harsh', 'last': 'Taj'}, 'location': {'street': {'number': 1925, 'name': 'Santhekatte'}, 'city': 'Tiruppur', 'state': 'Goa', 'country': 'India', 'postcode': 18992, 'coordinates': {'latitude': '10.8056', 'longitude': '-29.3146'}, 'timezone': {'offset': '+1:00', 'description': 'Brussels, Copenhagen, Madrid, Paris'}}, 'email': 'harsh.taj@example.com', 'login': {'uuid': '6f73df41-a4d2-489f-bb2b-34ef0ad868f3', 'username': 'bigpanda291', 'password': 'race', 'salt': 'Qt1kIL9E', 'md5': '863d5a3a3eed260fd76cff014fc659a9', 'sha1': '7e337dffb6c4424840a95aa7f955e3d6271576c5', 'sha256': 'ae26d5fdc8244e0901b546bf00bc1ae07efca91cb437be788afd4647f1ba4e6c'}, 'dob': {'date': '1959-07-19T18:32:37.900Z', 'age': 65}, 'registered': {'date': '2020-04-24T21:40:17.334Z', 'age': 4}, 'phone': '7685459204', 'cell': '8880026202', 'id': {'name': 'UIDAI', 'value': '286059450328'}, 'picture': {'large': 'https://randomuser.me/api/portraits/men/95.jpg', 'medium': 'https://randomuser.me/api/portraits/med/men/95.jpg', 'thumbnail': 'https://randomuser.me/api/portraits/thumb/men/95.jpg'}, 'nat': 'IN'}], 'info': {'seed': '39b07b5324d7bef2', 'results': 1, 'page': 1, 'version': '1.4'}}</msg>
<arg>${json_data}</arg>
<doc>Logs the given message with the given level.</doc>
<status status="PASS" start="2024-07-22T18:20:15.558710" elapsed="0.000201"/>
</kw>
<kw name="Should Be String" owner="String">
<arg>${json_data['results'][0]['gender']}</arg>
<doc>Fails if the given ``item`` is not a string.</doc>
<status status="PASS" start="2024-07-22T18:20:15.559198" elapsed="0.000359"/>
</kw>
<kw name="Should Match Regexp" owner="BuiltIn">
<arg>${json_data['results'][0]['email']}</arg>
<arg>^[a-zA-Z0-9._%+-]+@[a-zA-Z0-9.-]+\.[a-zA-Z]{2,}$</arg>
<doc>Fails if ``string`` does not match ``pattern`` as a regular expression.</doc>
<status status="PASS" start="2024-07-22T18:20:15.559745" elapsed="0.000521"/>
</kw>
<kw name="Should Match Regexp" owner="BuiltIn">
<arg>${json_data['results'][0]['dob']['date']}</arg>
<arg>\\d{4}-\\d{2}-\\d{2}T\\d{2}:\\d{2}:\\d{2}\\.\\d{3}Z</arg>
<doc>Fails if ``string`` does not match ``pattern`` as a regular expression.</doc>
<status status="PASS" start="2024-07-22T18:20:15.560499" elapsed="0.000685"/>
</kw>
<kw name="Should Match Regexp" owner="BuiltIn">
<arg>${json_data['results'][0]['registered']['date']}</arg>
<arg>\\d{4}-\\d{2}-\\d{2}T\\d{2}:\\d{2}:\\d{2}\\.\\d{3}Z</arg>
<doc>Fails if ``string`` does not match ``pattern`` as a regular expression.</doc>
<status status="PASS" start="2024-07-22T18:20:15.561382" elapsed="0.000372"/>
</kw>
<kw name="Should Match Regexp" owner="BuiltIn">
<arg>${json_data['results'][0]['picture']['large']}</arg>
<arg>^https?://.*\.(?:png|jpe?g|gif|bmp)$</arg>
<doc>Fails if ``string`` does not match ``pattern`` as a regular expression.</doc>
<status status="PASS" start="2024-07-22T18:20:15.561943" elapsed="0.000456"/>
</kw>
<kw name="Should Match Regexp" owner="BuiltIn">
<arg>${json_data['results'][0]['picture']['medium']}</arg>
<arg>^https?://.*\.(?:png|jpe?g|gif|bmp)$</arg>
<doc>Fails if ``string`` does not match ``pattern`` as a regular expression.</doc>
<status status="PASS" start="2024-07-22T18:20:15.562589" elapsed="0.000349"/>
</kw>
<kw name="Should Match Regexp" owner="BuiltIn">
<arg>${json_data['results'][0]['picture']['thumbnail']}</arg>
<arg>^https?://.*\.(?:png|jpe?g|gif|bmp)$</arg>
<doc>Fails if ``string`` does not match ``pattern`` as a regular expression.</doc>
<status status="PASS" start="2024-07-22T18:20:15.563122" elapsed="0.000348"/>
</kw>
<kw name="Log" owner="BuiltIn">
<msg time="2024-07-22T18:20:15.563970" level="INFO">{'large': 'https://randomuser.me/api/portraits/men/95.jpg', 'medium': 'https://randomuser.me/api/portraits/med/men/95.jpg', 'thumbnail': 'https://randomuser.me/api/portraits/thumb/men/95.jpg'}</msg>
<arg>${json_data['results'][0]['picture']}</arg>
<doc>Logs the given message with the given level.</doc>
<status status="PASS" start="2024-07-22T18:20:15.563649" elapsed="0.000363"/>
</kw>
<status status="PASS" start="2024-07-22T18:20:15.486943" elapsed="0.077324"/>
</kw>
<kw name="Teste de Tipos de Dados - Postcode" owner="random-user-service">
<kw name="GET On Session" owner="RequestsLibrary">
<msg time="2024-07-22T18:20:15.660472" level="INFO">GET Request : url=https://randomuser.me/api 
 path_url=/api 
 headers={'User-Agent': 'python-requests/2.32.3', 'Accept-Encoding': 'gzip, deflate', 'Accept': '*/*', 'Connection': 'keep-alive'} 
 body=None 
 </msg>
<msg time="2024-07-22T18:20:15.660582" level="INFO">GET Response : url=https://randomuser.me/api 
 status=200, reason=OK 
 headers={'Date': 'Mon, 22 Jul 2024 18:20:15 GMT', 'Content-Type': 'application/json; charset=utf-8', 'Transfer-Encoding': 'chunked', 'Connection': 'keep-alive', 'X-Powered-By': 'Express', 'Access-Control-Allow-Origin': '*', 'Cache-Control': 'no-cache', 'ETag': 'W/"4a0-YQRR/q+AVVaxiQtYvbe0MiCrvfY"', 'Vary': 'Accept-Encoding', 'Content-Encoding': 'gzip', 'CF-Cache-Status': 'DYNAMIC', 'Report-To': '{"endpoints":[{"url":"https:\\/\\/a.nel.cloudflare.com\\/report\\/v4?s=yTEc12Nf%2Bi4z9RLWCJws9r5Z4M1eAnyql%2B4ywcvuBSN8r7C%2FtXr50XfDL3V8qtfBaGekaetgMClA8Mi17NyZeIsYivl03E2fyUHt%2BjeR7%2F3R0nOpoJ%2FIY5xMincb2TbE"}],"group":"cf-nel","max_age":604800}', 'NEL': '{"success_fraction":0,"report_to":"cf-nel","max_age":604800}', 'Server': 'cloudflare', 'CF-RAY': '8a757195581f9c7c-IAD', 'alt-svc': 'h3=":443"; ma=86400'} 
 body={"results":[{"gender":"male","name":{"title":"Mr","first":"José Carlos","last":"Tafoya"},"location":{"street":{"number":2553,"name":"Callejón Hidalgo"},"city":"Buenos Aires","state":"Ciudad de Mexico","country":"Mexico","postcode":70905,"coordinates":{"latitude":"26.0185","longitude":"-162.8150"},"timezone":{"offset":"+6:00","description":"Almaty, Dhaka, Colombo"}},"email":"josecarlos.tafoya@example.com","login":{"uuid":"8dc4313a-cf04-4667-8bb8-14c9e3881da5","username":"sadleopard166","password":"porno1","salt":"U0dtxzDF","md5":"106952726f05eb7ffafce4e6c325ac3b","sha1":"f6c4d139ce4a8e1372ba30bb05aef1db3650b088","sha256":"4252f8149b2e08965b381fc5394df529740f1c5d2b5f3cea46c9b87062eb22b7"},"dob":{"date":"1958-12-08T22:08:24.167Z","age":65},"registered":{"date":"2018-04-28T15:11:24.835Z","age":6},"phone":"(682) 550 8635","cell":"(698) 559 4858","id":{"name":"NSS","value":"03 18 44 5391 2"},"picture":{"large":"https://randomuser.me/api/portraits/men/61.jpg","medium":"https://randomuser.me/api/portraits/med/men/61.jpg","thumbnail":"https://randomuser.me/api/portraits/thumb/men/61.jpg"},"nat":"MX"}],"info":{"seed":"4bb24bde606b0733","results":1,"page":1,"version":"1.4"}} 
 </msg>
<msg time="2024-07-22T18:20:15.660666" level="INFO">/opt/hostedtoolcache/Python/3.12.4/x64/lib/python3.12/site-packages/urllib3/connectionpool.py:1099: InsecureRequestWarning: Unverified HTTPS request is being made to host 'randomuser.me'. Adding certificate verification is strongly advised. See: https://urllib3.readthedocs.io/en/latest/advanced-usage.html#tls-warnings
  warnings.warn(</msg>
<msg time="2024-07-22T18:20:15.660850" level="INFO">${response} = &lt;Response [200]&gt;</msg>
<var>${response}</var>
<arg>consultarAPI</arg>
<arg>/api</arg>
<doc>Sends a GET request on a previously created HTTP Session.</doc>
<status status="PASS" start="2024-07-22T18:20:15.564748" elapsed="0.096150"/>
</kw>
<kw name="Set Variable" owner="BuiltIn">
<msg time="2024-07-22T18:20:15.662091" level="INFO">${json_data} = {'results': [{'gender': 'male', 'name': {'title': 'Mr', 'first': 'José Carlos', 'last': 'Tafoya'}, 'location': {'street': {'number': 2553, 'name': 'Callejón Hidalgo'}, 'city': 'Buenos Aires', 'state':...</msg>
<var>${json_data}</var>
<arg>${response.json()}</arg>
<doc>Returns the given values which can then be assigned to a variables.</doc>
<status status="PASS" start="2024-07-22T18:20:15.661519" elapsed="0.000601"/>
</kw>
<kw name="Log" owner="BuiltIn">
<msg time="2024-07-22T18:20:15.662591" level="INFO">{'results': [{'gender': 'male', 'name': {'title': 'Mr', 'first': 'José Carlos', 'last': 'Tafoya'}, 'location': {'street': {'number': 2553, 'name': 'Callejón Hidalgo'}, 'city': 'Buenos Aires', 'state': 'Ciudad de Mexico', 'country': 'Mexico', 'postcode': 70905, 'coordinates': {'latitude': '26.0185', 'longitude': '-162.8150'}, 'timezone': {'offset': '+6:00', 'description': 'Almaty, Dhaka, Colombo'}}, 'email': 'josecarlos.tafoya@example.com', 'login': {'uuid': '8dc4313a-cf04-4667-8bb8-14c9e3881da5', 'username': 'sadleopard166', 'password': 'porno1', 'salt': 'U0dtxzDF', 'md5': '106952726f05eb7ffafce4e6c325ac3b', 'sha1': 'f6c4d139ce4a8e1372ba30bb05aef1db3650b088', 'sha256': '4252f8149b2e08965b381fc5394df529740f1c5d2b5f3cea46c9b87062eb22b7'}, 'dob': {'date': '1958-12-08T22:08:24.167Z', 'age': 65}, 'registered': {'date': '2018-04-28T15:11:24.835Z', 'age': 6}, 'phone': '(682) 550 8635', 'cell': '(698) 559 4858', 'id': {'name': 'NSS', 'value': '03 18 44 5391 2'}, 'picture': {'large': 'https://randomuser.me/api/portraits/men/61.jpg', 'medium': 'https://randomuser.me/api/portraits/med/men/61.jpg', 'thumbnail': 'https://randomuser.me/api/portraits/thumb/men/61.jpg'}, 'nat': 'MX'}], 'info': {'seed': '4bb24bde606b0733', 'results': 1, 'page': 1, 'version': '1.4'}}</msg>
<arg>${json_data}</arg>
<doc>Logs the given message with the given level.</doc>
<status status="PASS" start="2024-07-22T18:20:15.662433" elapsed="0.000205"/>
</kw>
<kw name="Should Be Equal As Numbers" owner="BuiltIn">
<arg>${json_data['results'][0]['location']['postcode']}</arg>
<arg>${json_data['results'][0]['location']['postcode']}</arg>
<doc>Fails if objects are unequal after converting them to real numbers.</doc>
<status status="PASS" start="2024-07-22T18:20:15.662935" elapsed="0.000615"/>
</kw>
<kw name="Log" owner="BuiltIn">
<msg time="2024-07-22T18:20:15.664071" level="INFO">70905</msg>
<arg>${json_data['results'][0]['location']['postcode']}</arg>
<doc>Logs the given message with the given level.</doc>
<status status="PASS" start="2024-07-22T18:20:15.663742" elapsed="0.000369"/>
</kw>
<status status="PASS" start="2024-07-22T18:20:15.564491" elapsed="0.099904"/>
</kw>
<doc>Testa se os tipos de dados na resposta da API estão corretos.</doc>
<tag>testeTiposDados</tag>
<status status="PASS" start="2024-07-22T18:20:15.486379" elapsed="0.178185"/>
</test>
<test id="s1-s1-t5" name="Validar conteudo" line="35">
<kw name="Teste de Tipos de Conteudo" owner="random-user-service">
<kw name="GET On Session" owner="RequestsLibrary">
<msg time="2024-07-22T18:20:15.759868" level="INFO">GET Request : url=https://randomuser.me/api 
 path_url=/api 
 headers={'User-Agent': 'python-requests/2.32.3', 'Accept-Encoding': 'gzip, deflate', 'Accept': '*/*', 'Connection': 'keep-alive'} 
 body=None 
 </msg>
<msg time="2024-07-22T18:20:15.759966" level="INFO">GET Response : url=https://randomuser.me/api 
 status=200, reason=OK 
 headers={'Date': 'Mon, 22 Jul 2024 18:20:15 GMT', 'Content-Type': 'application/json; charset=utf-8', 'Transfer-Encoding': 'chunked', 'Connection': 'keep-alive', 'X-Powered-By': 'Express', 'Access-Control-Allow-Origin': '*', 'Cache-Control': 'no-cache', 'ETag': 'W/"491-XzBklXH/OLiBdnE3aLAonZNUAz8"', 'Vary': 'Accept-Encoding', 'Content-Encoding': 'gzip', 'CF-Cache-Status': 'DYNAMIC', 'Report-To': '{"endpoints":[{"url":"https:\\/\\/a.nel.cloudflare.com\\/report\\/v4?s=yNXVfxpJm9tOTytHe68MZTnti1Lm%2BNB20PbvQ9howgPQeCp%2BboOc1Q7ZewqOAU0nnMNjAcJuGgiWFnjHcezdGS84Ben%2B8Z5RSa5sOwB%2FQMyrwkHZTSesveISV6BcORI0"}],"group":"cf-nel","max_age":604800}', 'NEL': '{"success_fraction":0,"report_to":"cf-nel","max_age":604800}', 'Server': 'cloudflare', 'CF-RAY': '8a757195f8cf9c7c-IAD', 'alt-svc': 'h3=":443"; ma=86400'} 
 body={"results":[{"gender":"female","name":{"title":"Ms","first":"Esma","last":"Van der Ster"},"location":{"street":{"number":391,"name":"Adellaan"},"city":"Marrum","state":"Overijssel","country":"Netherlands","postcode":"0444 LL","coordinates":{"latitude":"37.7600","longitude":"152.7223"},"timezone":{"offset":"-11:00","description":"Midway Island, Samoa"}},"email":"esma.vanderster@example.com","login":{"uuid":"4ce1008a-8449-4c26-b684-1c1d3b0e603d","username":"goldenbutterfly818","password":"keegan","salt":"rrLYky7z","md5":"575b7d4375ab3ea148f8fa3a2c4d0168","sha1":"c36493a4e11b9a551b2cce0c4869134926cc894f","sha256":"f41e5e6e320c30f9e5e56eeffc45dc989324d6b0260c6f71708e6285ca70b3a7"},"dob":{"date":"1948-07-07T10:22:06.537Z","age":76},"registered":{"date":"2019-06-05T23:12:35.490Z","age":5},"phone":"(070) 9301878","cell":"(06) 43516630","id":{"name":"BSN","value":"41615820"},"picture":{"large":"https://randomuser.me/api/portraits/women/19.jpg","medium":"https://randomuser.me/api/portraits/med/women/19.jpg","thumbnail":"https://randomuser.me/api/portraits/thumb/women/19.jpg"},"nat":"NL"}],"info":{"seed":"29a8844acc7954a3","results":1,"page":1,"version":"1.4"}} 
 </msg>
<msg time="2024-07-22T18:20:15.760036" level="INFO">/opt/hostedtoolcache/Python/3.12.4/x64/lib/python3.12/site-packages/urllib3/connectionpool.py:1099: InsecureRequestWarning: Unverified HTTPS request is being made to host 'randomuser.me'. Adding certificate verification is strongly advised. See: https://urllib3.readthedocs.io/en/latest/advanced-usage.html#tls-warnings
  warnings.warn(</msg>
<msg time="2024-07-22T18:20:15.760152" level="INFO">${response} = &lt;Response [200]&gt;</msg>
<var>${response}</var>
<arg>consultarAPI</arg>
<arg>/api</arg>
<doc>Sends a GET request on a previously created HTTP Session.</doc>
<status status="PASS" start="2024-07-22T18:20:15.667151" elapsed="0.093039"/>
</kw>
<kw name="Set Variable" owner="BuiltIn">
<msg time="2024-07-22T18:20:15.761450" level="INFO">${json_data} = {'results': [{'gender': 'female', 'name': {'title': 'Ms', 'first': 'Esma', 'last': 'Van der Ster'}, 'location': {'street': {'number': 391, 'name': 'Adellaan'}, 'city': 'Marrum', 'state': 'Overijssel',...</msg>
<var>${json_data}</var>
<arg>${response.json()}</arg>
<doc>Returns the given values which can then be assigned to a variables.</doc>
<status status="PASS" start="2024-07-22T18:20:15.760870" elapsed="0.000607"/>
</kw>
<kw name="Set Variable" owner="BuiltIn">
<msg time="2024-07-22T18:20:15.762172" level="INFO">${name_title} = Ms</msg>
<var>${name_title}</var>
<arg>${json_data["results"][0]["name"]["title"]}</arg>
<doc>Returns the given values which can then be assigned to a variables.</doc>
<status status="PASS" start="2024-07-22T18:20:15.761787" elapsed="0.000410"/>
</kw>
<kw name="Create List" owner="BuiltIn">
<msg time="2024-07-22T18:20:15.762641" level="INFO">${allowed_titles} = ['Mr', 'Ms', 'Miss', 'Mrs', 'Madame', 'Monsieur']</msg>
<var>${allowed_titles}</var>
<arg>Mr</arg>
<arg>Ms</arg>
<arg>Miss</arg>
<arg>Mrs</arg>
<arg>Madame</arg>
<arg>Monsieur</arg>
<doc>Returns a list containing given items.</doc>
<status status="PASS" start="2024-07-22T18:20:15.762493" elapsed="0.000173"/>
</kw>
<kw name="List Should Contain Value" owner="Collections">
<arg>${allowed_titles}</arg>
<arg>${name_title}</arg>
<doc>Fails if the ``value`` is not found from ``list``.</doc>
<status status="PASS" start="2024-07-22T18:20:15.762962" elapsed="0.000183"/>
</kw>
<kw name="Set Variable" owner="BuiltIn">
<msg time="2024-07-22T18:20:15.763696" level="INFO">${name_country} = NL</msg>
<var>${name_country}</var>
<arg>${json_data["results"][0]["nat"]}</arg>
<doc>Returns the given values which can then be assigned to a variables.</doc>
<status status="PASS" start="2024-07-22T18:20:15.763331" elapsed="0.000391"/>
</kw>
<kw name="Create List" owner="BuiltIn">
<msg time="2024-07-22T18:20:15.764594" level="INFO">${list_country} = ['AD', 'AE', 'AF', 'AG', 'AI', 'AL', 'AM', 'AO', 'AQ', 'AR', 'AS', 'AT', 'AU', 'AW', 'AX', 'AZ', 'BA', 'BB', 'BD', 'BE', 'BF', 'BG', 'BH', 'BI', 'BJ', 'BL', 'BM', 'BN', 'BO', 'BQ', 'BR', 'BS', 'BT', '...</msg>
<var>${list_country}</var>
<arg>AD</arg>
<arg>AE</arg>
<arg>AF</arg>
<arg>AG</arg>
<arg>AI</arg>
<arg>AL</arg>
<arg>AM</arg>
<arg>AO</arg>
<arg>AQ</arg>
<arg>AR</arg>
<arg>AS</arg>
<arg>AT</arg>
<arg>AU</arg>
<arg>AW</arg>
<arg>AX</arg>
<arg>AZ</arg>
<arg>BA</arg>
<arg>BB</arg>
<arg>BD</arg>
<arg>BE</arg>
<arg>BF</arg>
<arg>BG</arg>
<arg>BH</arg>
<arg>BI</arg>
<arg>BJ</arg>
<arg>BL</arg>
<arg>BM</arg>
<arg>BN</arg>
<arg>BO</arg>
<arg>BQ</arg>
<arg>BR</arg>
<arg>BS</arg>
<arg>BT</arg>
<arg>BV</arg>
<arg>BW</arg>
<arg>BY</arg>
<arg>BZ</arg>
<arg>CA</arg>
<arg>CC</arg>
<arg>CD</arg>
<arg>CF</arg>
<arg>CG</arg>
<arg>CH</arg>
<arg>CI</arg>
<arg>CK</arg>
<arg>CL</arg>
<arg>CM</arg>
<arg>CN</arg>
<arg>CO</arg>
<arg>CR</arg>
<arg>CU</arg>
<arg>CV</arg>
<arg>CW</arg>
<arg>CX</arg>
<arg>CY</arg>
<arg>CZ</arg>
<arg>DE</arg>
<arg>DJ</arg>
<arg>DK</arg>
<arg>DM</arg>
<arg>DO</arg>
<arg>DZ</arg>
<arg>EC</arg>
<arg>EE</arg>
<arg>EG</arg>
<arg>EH</arg>
<arg>ER</arg>
<arg>ES</arg>
<arg>ET</arg>
<arg>FI</arg>
<arg>FJ</arg>
<arg>FK</arg>
<arg>FM</arg>
<arg>FO</arg>
<arg>FR</arg>
<arg>GA</arg>
<arg>GB</arg>
<arg>GD</arg>
<arg>GE</arg>
<arg>GF</arg>
<arg>GG</arg>
<arg>GH</arg>
<arg>GI</arg>
<arg>GL</arg>
<arg>GM</arg>
<arg>GN</arg>
<arg>GP</arg>
<arg>GQ</arg>
<arg>GR</arg>
<arg>GS</arg>
<arg>GT</arg>
<arg>GU</arg>
<arg>GW</arg>
<arg>GY</arg>
<arg>HK</arg>
<arg>HM</arg>
<arg>HN</arg>
<arg>HR</arg>
<arg>HT</arg>
<arg>HU</arg>
<arg>ID</arg>
<arg>IE</arg>
<arg>IL</arg>
<arg>IM</arg>
<arg>IN</arg>
<arg>IO</arg>
<arg>IQ</arg>
<arg>IR</arg>
<arg>IS</arg>
<arg>IT</arg>
<arg>JE</arg>
<arg>JM</arg>
<arg>JO</arg>
<arg>JP</arg>
<arg>KE</arg>
<arg>KG</arg>
<arg>KH</arg>
<arg>KI</arg>
<arg>KM</arg>
<arg>KN</arg>
<arg>KP</arg>
<arg>KR</arg>
<arg>KW</arg>
<arg>KY</arg>
<arg>KZ</arg>
<arg>LA</arg>
<arg>LB</arg>
<arg>LC</arg>
<arg>LI</arg>
<arg>LK</arg>
<arg>LR</arg>
<arg>LS</arg>
<arg>LT</arg>
<arg>LU</arg>
<arg>LV</arg>
<arg>LY</arg>
<arg>MA</arg>
<arg>MC</arg>
<arg>MD</arg>
<arg>ME</arg>
<arg>MF</arg>
<arg>MG</arg>
<arg>MH</arg>
<arg>MK</arg>
<arg>ML</arg>
<arg>MM</arg>
<arg>MN</arg>
<arg>MO</arg>
<arg>MP</arg>
<arg>MQ</arg>
<arg>MR</arg>
<arg>MS</arg>
<arg>MT</arg>
<arg>MU</arg>
<arg>MV</arg>
<arg>MW</arg>
<arg>MX</arg>
<arg>MY</arg>
<arg>MZ</arg>
<arg>NA</arg>
<arg>NC</arg>
<arg>NE</arg>
<arg>NF</arg>
<arg>NG</arg>
<arg>NI</arg>
<arg>NL</arg>
<arg>NO</arg>
<arg>NP</arg>
<arg>NR</arg>
<arg>NU</arg>
<arg>NZ</arg>
<arg>OM</arg>
<arg>PA</arg>
<arg>PE</arg>
<arg>PF</arg>
<arg>PG</arg>
<arg>PH</arg>
<arg>PK</arg>
<arg>PL</arg>
<arg>PM</arg>
<arg>PN</arg>
<arg>PR</arg>
<arg>PS</arg>
<arg>PT</arg>
<arg>PW</arg>
<arg>PY</arg>
<arg>QA</arg>
<arg>RE</arg>
<arg>RO</arg>
<arg>RS</arg>
<arg>RU</arg>
<arg>RW</arg>
<arg>SA</arg>
<arg>SB</arg>
<arg>SC</arg>
<arg>SD</arg>
<arg>SE</arg>
<arg>SG</arg>
<arg>SH</arg>
<arg>SI</arg>
<arg>SJ</arg>
<arg>SK</arg>
<arg>SL</arg>
<arg>SM</arg>
<arg>SN</arg>
<arg>SO</arg>
<arg>SR</arg>
<arg>SS</arg>
<arg>ST</arg>
<arg>SV</arg>
<arg>SX</arg>
<arg>SY</arg>
<arg>SZ</arg>
<arg>TC</arg>
<arg>TD</arg>
<arg>TF</arg>
<arg>TG</arg>
<arg>TH</arg>
<arg>TJ</arg>
<arg>TK</arg>
<arg>TL</arg>
<arg>TM</arg>
<arg>TN</arg>
<arg>TO</arg>
<arg>TR</arg>
<arg>TT</arg>
<arg>TV</arg>
<arg>TW</arg>
<arg>TZ</arg>
<arg>UA</arg>
<arg>UG</arg>
<arg>UM</arg>
<arg>US</arg>
<arg>UY</arg>
<arg>UZ</arg>
<arg>VA</arg>
<arg>VC</arg>
<arg>VE</arg>
<arg>VG</arg>
<arg>VI</arg>
<arg>VN</arg>
<arg>VU</arg>
<arg>WF</arg>
<arg>WS</arg>
<arg>XK</arg>
<arg>YE</arg>
<arg>YT</arg>
<arg>ZA</arg>
<arg>ZM</arg>
<arg>ZW</arg>
<doc>Returns a list containing given items.</doc>
<status status="PASS" start="2024-07-22T18:20:15.764008" elapsed="0.000611"/>
</kw>
<kw name="List Should Contain Value" owner="Collections">
<arg>${list_country}</arg>
<arg>${name_country}</arg>
<doc>Fails if the ``value`` is not found from ``list``.</doc>
<status status="PASS" start="2024-07-22T18:20:15.765627" elapsed="0.000215"/>
</kw>
<kw name="Run Keyword If" owner="BuiltIn">
<kw name="Should Be True" owner="BuiltIn">
<arg>${True}</arg>
<doc>Fails if the given condition is not true.</doc>
<status status="PASS" start="2024-07-22T18:20:15.766778" elapsed="0.000140"/>
</kw>
<arg>${json_data["results"][0]["location"]["coordinates"]["latitude"]} &gt;= -90 and ${json_data["results"][0]["location"]["coordinates"]["latitude"]} &lt;= 90</arg>
<arg>Should Be True</arg>
<arg>${True}</arg>
<doc>Runs the given keyword with the given arguments, if ``condition`` is true.</doc>
<status status="PASS" start="2024-07-22T18:20:15.766042" elapsed="0.001002"/>
</kw>
<kw name="Run Keyword If" owner="BuiltIn">
<kw name="Should Be True" owner="BuiltIn">
<arg>${True}</arg>
<doc>Fails if the given condition is not true.</doc>
<status status="PASS" start="2024-07-22T18:20:15.767925" elapsed="0.000132"/>
</kw>
<arg>${json_data["results"][0]["location"]["coordinates"]["longitude"]} &gt;= -180 and ${json_data["results"][0]["location"]["coordinates"]["longitude"]} &lt;= 180</arg>
<arg>Should Be True</arg>
<arg>${True}</arg>
<doc>Runs the given keyword with the given arguments, if ``condition`` is true.</doc>
<status status="PASS" start="2024-07-22T18:20:15.767229" elapsed="0.000961"/>
</kw>
<status status="PASS" start="2024-07-22T18:20:15.666922" elapsed="0.101400"/>
</kw>
<doc>Testa o conteúdo específico dos campos retornados pela API.</doc>
<tag>testeConteudo</tag>
<status status="PASS" start="2024-07-22T18:20:15.666382" elapsed="0.102091"/>
</test>
<status status="PASS" start="2024-07-22T18:20:14.811550" elapsed="0.958951"/>
</suite>
<status status="PASS" start="2024-07-22T18:20:14.796491" elapsed="0.979123"/>
</suite>
<statistics>
<total>
<stat pass="5" fail="0" skip="0">All Tests</stat>
</total>
<tag>
<stat pass="1" fail="0" skip="0">testeConteudo</stat>
<stat pass="1" fail="0" skip="0">testeEstruturaResposta</stat>
<stat pass="1" fail="0" skip="0">testeRequisicaoBasica</stat>
<stat pass="1" fail="0" skip="0">testeTiposDados</stat>
</tag>
<suite>
<stat pass="5" fail="0" skip="0" id="s1" name="Tests">Tests</stat>
<stat pass="5" fail="0" skip="0" id="s1-s1" name="Random-User-Test">Tests.Random-User-Test</stat>
</suite>
</statistics>
<errors>
</errors>
</robot>
