<?xml version="1.0" encoding="UTF-8"?>
<robot generator="Robot 7.0 (Python 3.12.3 on linux)" generated="2024-05-31T01:04:57.798728" rpa="false" schemaversion="5">
<suite id="s1" name="Tests" source="/home/runner/work/ApiRandomUser/ApiRandomUser/RamdonUser/tests">
<suite id="s1-s1" name="Random-User-Test" source="/home/runner/work/ApiRandomUser/ApiRandomUser/RamdonUser/tests/random-user-test.robot">
<test id="s1-s1-t1" name="Conectar" line="13">
<kw name="Conectar API" owner="random-user-service">
<kw name="Create Session" owner="RequestsLibrary">
<msg time="2024-05-31T01:04:58.202291" level="INFO">Creating Session using : alias=consultarAPI, url=https://randomuser.me/, headers={},                     cookies={}, auth=None, timeout=None, proxies=None, verify=False,                     debug=0 </msg>
<arg>consultarAPI</arg>
<arg>${URL}</arg>
<doc>Create Session: create a HTTP session to a server</doc>
<status status="PASS" start="2024-05-31T01:04:58.202053" elapsed="0.000451"/>
</kw>
<status status="PASS" start="2024-05-31T01:04:58.200808" elapsed="0.002104"/>
</kw>
<status status="PASS" start="2024-05-31T01:04:58.200127" elapsed="0.002989"/>
</test>
<test id="s1-s1-t2" name="Validar retorno 200 e JSON Válido" line="16">
<kw name="Teste de Requisicao Basica" owner="random-user-service">
<kw name="GET On Session" owner="RequestsLibrary">
<msg time="2024-05-31T01:04:58.489495" level="INFO">GET Request : url=https://randomuser.me/api 
 path_url=/api 
 headers={'User-Agent': 'python-requests/2.32.3', 'Accept-Encoding': 'gzip, deflate', 'Accept': '*/*', 'Connection': 'keep-alive'} 
 body=None 
 </msg>
<msg time="2024-05-31T01:04:58.489664" level="INFO">GET Response : url=https://randomuser.me/api 
 status=200, reason=OK 
 headers={'Date': 'Fri, 31 May 2024 01:04:58 GMT', 'Content-Type': 'application/json; charset=utf-8', 'Transfer-Encoding': 'chunked', 'Connection': 'keep-alive', 'X-Powered-By': 'Express', 'Access-Control-Allow-Origin': '*', 'Cache-Control': 'no-cache', 'ETag': 'W/"484-aMBAlnEWTWwZ7uhJLHSU0jpDbSw"', 'Vary': 'Accept-Encoding', 'Content-Encoding': 'gzip', 'CF-Cache-Status': 'DYNAMIC', 'Report-To': '{"endpoints":[{"url":"https:\\/\\/a.nel.cloudflare.com\\/report\\/v4?s=5P3giM0uQTIDDYeUxfqjN5%2BMEZPH3SKlWY8E43OZcZWPgL6biGnl%2BQJ8PZw1Cp0xcrFYmw61u5KM%2B6VeUHcB0ExlGZCK8HbW%2F7H1A%2FqTSz4IBfJY4Gem5jPRa0TMHjYD"}],"group":"cf-nel","max_age":604800}', 'NEL': '{"success_fraction":0,"report_to":"cf-nel","max_age":604800}', 'Server': 'cloudflare', 'CF-RAY': '88c30d8cfe8b2aaf-LAX', 'alt-svc': 'h3=":443"; ma=86400'} 
 body={"results":[{"gender":"female","name":{"title":"Ms","first":"Emma","last":"Ma"},"location":{"street":{"number":3887,"name":"Duke St"},"city":"Armstrong","state":"Prince Edward Island","country":"Canada","postcode":"H7X 9O7","coordinates":{"latitude":"-66.2076","longitude":"116.9011"},"timezone":{"offset":"+7:00","description":"Bangkok, Hanoi, Jakarta"}},"email":"emma.ma@example.com","login":{"uuid":"69ed660b-d8b4-43e3-a772-67ffe349d3ce","username":"blackkoala509","password":"judith","salt":"HRso6nlE","md5":"ba8b1fad8320f10c69f33769ff44fbe4","sha1":"7f963046c329382f687b89998db46d5f49979be1","sha256":"58ec280ad80c1ad81728cb656ff60b7ef3b94badc7553576479c95ed53c6ffee"},"dob":{"date":"2000-01-24T18:38:49.687Z","age":24},"registered":{"date":"2022-03-20T07:02:04.095Z","age":2},"phone":"F26 W27-9897","cell":"T02 K89-0274","id":{"name":"SIN","value":"090198995"},"picture":{"large":"https://randomuser.me/api/portraits/women/88.jpg","medium":"https://randomuser.me/api/portraits/med/women/88.jpg","thumbnail":"https://randomuser.me/api/portraits/thumb/women/88.jpg"},"nat":"CA"}],"info":{"seed":"c7552bff7424be69","results":1,"page":1,"version":"1.4"}} 
 </msg>
<msg time="2024-05-31T01:04:58.489753" level="INFO">/opt/hostedtoolcache/Python/3.12.3/x64/lib/python3.12/site-packages/urllib3/connectionpool.py:1103: InsecureRequestWarning: Unverified HTTPS request is being made to host 'randomuser.me'. Adding certificate verification is strongly advised. See: https://urllib3.readthedocs.io/en/latest/advanced-usage.html#tls-warnings
  warnings.warn(</msg>
<msg time="2024-05-31T01:04:58.489915" level="INFO">${response} = &lt;Response [200]&gt;</msg>
<var>${response}</var>
<arg>consultarAPI</arg>
<arg>/api</arg>
<doc>Sends a GET request on a previously created HTTP Session.</doc>
<status status="PASS" start="2024-05-31T01:04:58.205929" elapsed="0.284031"/>
</kw>
<kw name="Should Be Equal As Numbers" owner="BuiltIn">
<msg time="2024-05-31T01:04:58.491173" level="INFO">Argument types are:
&lt;class 'int'&gt;
&lt;class 'str'&gt;</msg>
<arg>${response.status_code}</arg>
<arg>200</arg>
<doc>Fails if objects are unequal after converting them to real numbers.</doc>
<status status="PASS" start="2024-05-31T01:04:58.490676" elapsed="0.000566"/>
</kw>
<kw name="Log" owner="BuiltIn">
<msg time="2024-05-31T01:04:58.491969" level="INFO">200</msg>
<arg>${response.status_code}</arg>
<doc>Logs the given message with the given level.</doc>
<status status="PASS" start="2024-05-31T01:04:58.491595" elapsed="0.000422"/>
</kw>
<kw name="Set Variable" owner="BuiltIn">
<msg time="2024-05-31T01:04:58.492815" level="INFO">${json_data} = {'results': [{'gender': 'female', 'name': {'title': 'Ms', 'first': 'Emma', 'last': 'Ma'}, 'location': {'street': {'number': 3887, 'name': 'Duke St'}, 'city': 'Armstrong', 'state': 'Prince Edward Islan...</msg>
<var>${json_data}</var>
<arg>${response.json()}</arg>
<doc>Returns the given values which can then be assigned to a variables.</doc>
<status status="PASS" start="2024-05-31T01:04:58.492335" elapsed="0.000510"/>
</kw>
<kw name="Dictionary Should Contain Key" owner="Collections">
<msg time="2024-05-31T01:04:58.493340" level="INFO">False</msg>
<arg>${json_data}</arg>
<arg>results</arg>
<doc>Fails if ``key`` is not found from ``dictionary``.</doc>
<status status="PASS" start="2024-05-31T01:04:58.493154" elapsed="0.000399"/>
</kw>
<status status="PASS" start="2024-05-31T01:04:58.205631" elapsed="0.288204"/>
</kw>
<doc>Testa se a API responde corretamente e retorna um objeto JSON válido.</doc>
<tag>testeRequisicaoBasica</tag>
<status status="PASS" start="2024-05-31T01:04:58.205134" elapsed="0.288909"/>
</test>
<test id="s1-s1-t3" name="Validar estrutura de resposta" line="22">
<kw name="Teste de Estrutura de Resposta" owner="random-user-service">
<kw name="GET On Session" owner="RequestsLibrary">
<msg time="2024-05-31T01:04:58.593309" level="INFO">GET Request : url=https://randomuser.me/api 
 path_url=/api 
 headers={'User-Agent': 'python-requests/2.32.3', 'Accept-Encoding': 'gzip, deflate', 'Accept': '*/*', 'Connection': 'keep-alive'} 
 body=None 
 </msg>
<msg time="2024-05-31T01:04:58.593434" level="INFO">GET Response : url=https://randomuser.me/api 
 status=200, reason=OK 
 headers={'Date': 'Fri, 31 May 2024 01:04:58 GMT', 'Content-Type': 'application/json; charset=utf-8', 'Transfer-Encoding': 'chunked', 'Connection': 'keep-alive', 'X-Powered-By': 'Express', 'Access-Control-Allow-Origin': '*', 'Cache-Control': 'no-cache', 'ETag': 'W/"477-fVuYHiOwHN0clE53WD3Hi4Ni7MU"', 'Vary': 'Accept-Encoding', 'Content-Encoding': 'gzip', 'CF-Cache-Status': 'DYNAMIC', 'Report-To': '{"endpoints":[{"url":"https:\\/\\/a.nel.cloudflare.com\\/report\\/v4?s=l7C1ZldqtB0l957G%2F%2BUTshlIXgeYlGMfZKjD5gs1KshzLrIEvhPCUnevVleq8wsv1l9Bf7MyWVDxrFKUMJPclofVn%2BK%2F0CWQSVO0j3F76LTPuHBS4byLoZ4z43Q5HlrS"}],"group":"cf-nel","max_age":604800}', 'NEL': '{"success_fraction":0,"report_to":"cf-nel","max_age":604800}', 'Server': 'cloudflare', 'CF-RAY': '88c30d8dafae2aaf-LAX', 'alt-svc': 'h3=":443"; ma=86400'} 
 body={"results":[{"gender":"male","name":{"title":"Mr","first":"Joan","last":"Alonso"},"location":{"street":{"number":614,"name":"Calle de Arturo Soria"},"city":"Torrente","state":"Región de Murcia","country":"Spain","postcode":87104,"coordinates":{"latitude":"-35.3765","longitude":"-30.2177"},"timezone":{"offset":"+5:45","description":"Kathmandu"}},"email":"joan.alonso@example.com","login":{"uuid":"80c06efd-1d32-4e35-97e0-7eb28c9056d7","username":"whitebird500","password":"howdy","salt":"gZoj4ouv","md5":"1fd34818e953f9b8ff38f6f1267c324b","sha1":"d65cca0dbfe511fa7ced34d17b85dbc42f47d82d","sha256":"c9f2aa9de7dd3f75df6aeed38a88bebba839c03915ad196ba7a4201ec742c9a2"},"dob":{"date":"1996-06-05T06:14:49.007Z","age":27},"registered":{"date":"2016-02-03T12:47:08.912Z","age":8},"phone":"957-503-384","cell":"628-290-944","id":{"name":"DNI","value":"33489301-B"},"picture":{"large":"https://randomuser.me/api/portraits/men/13.jpg","medium":"https://randomuser.me/api/portraits/med/men/13.jpg","thumbnail":"https://randomuser.me/api/portraits/thumb/men/13.jpg"},"nat":"ES"}],"info":{"seed":"2d212b1e410a2668","results":1,"page":1,"version":"1.4"}} 
 </msg>
<msg time="2024-05-31T01:04:58.593595" level="INFO">/opt/hostedtoolcache/Python/3.12.3/x64/lib/python3.12/site-packages/urllib3/connectionpool.py:1103: InsecureRequestWarning: Unverified HTTPS request is being made to host 'randomuser.me'. Adding certificate verification is strongly advised. See: https://urllib3.readthedocs.io/en/latest/advanced-usage.html#tls-warnings
  warnings.warn(</msg>
<msg time="2024-05-31T01:04:58.593745" level="INFO">${response} = &lt;Response [200]&gt;</msg>
<var>${response}</var>
<arg>consultarAPI</arg>
<arg>/api</arg>
<doc>Sends a GET request on a previously created HTTP Session.</doc>
<status status="PASS" start="2024-05-31T01:04:58.496731" elapsed="0.097057"/>
</kw>
<kw name="Set Variable" owner="BuiltIn">
<msg time="2024-05-31T01:04:58.595067" level="INFO">${json_data} = {'results': [{'gender': 'male', 'name': {'title': 'Mr', 'first': 'Joan', 'last': 'Alonso'}, 'location': {'street': {'number': 614, 'name': 'Calle de Arturo Soria'}, 'city': 'Torrente', 'state': 'Regió...</msg>
<var>${json_data}</var>
<arg>${response.json()}</arg>
<doc>Returns the given values which can then be assigned to a variables.</doc>
<status status="PASS" start="2024-05-31T01:04:58.594448" elapsed="0.000648"/>
</kw>
<kw name="Log" owner="BuiltIn">
<msg time="2024-05-31T01:04:58.595580" level="INFO">{'results': [{'gender': 'male', 'name': {'title': 'Mr', 'first': 'Joan', 'last': 'Alonso'}, 'location': {'street': {'number': 614, 'name': 'Calle de Arturo Soria'}, 'city': 'Torrente', 'state': 'Región de Murcia', 'country': 'Spain', 'postcode': 87104, 'coordinates': {'latitude': '-35.3765', 'longitude': '-30.2177'}, 'timezone': {'offset': '+5:45', 'description': 'Kathmandu'}}, 'email': 'joan.alonso@example.com', 'login': {'uuid': '80c06efd-1d32-4e35-97e0-7eb28c9056d7', 'username': 'whitebird500', 'password': 'howdy', 'salt': 'gZoj4ouv', 'md5': '1fd34818e953f9b8ff38f6f1267c324b', 'sha1': 'd65cca0dbfe511fa7ced34d17b85dbc42f47d82d', 'sha256': 'c9f2aa9de7dd3f75df6aeed38a88bebba839c03915ad196ba7a4201ec742c9a2'}, 'dob': {'date': '1996-06-05T06:14:49.007Z', 'age': 27}, 'registered': {'date': '2016-02-03T12:47:08.912Z', 'age': 8}, 'phone': '957-503-384', 'cell': '628-290-944', 'id': {'name': 'DNI', 'value': '33489301-B'}, 'picture': {'large': 'https://randomuser.me/api/portraits/men/13.jpg', 'medium': 'https://randomuser.me/api/portraits/med/men/13.jpg', 'thumbnail': 'https://randomuser.me/api/portraits/thumb/men/13.jpg'}, 'nat': 'ES'}], 'info': {'seed': '2d212b1e410a2668', 'results': 1, 'page': 1, 'version': '1.4'}}</msg>
<arg>${json_data}</arg>
<doc>Logs the given message with the given level.</doc>
<status status="PASS" start="2024-05-31T01:04:58.595413" elapsed="0.000217"/>
</kw>
<kw name="Dictionary Should Contain Key" owner="Collections">
<msg time="2024-05-31T01:04:58.596090" level="INFO">False</msg>
<arg>${json_data}</arg>
<arg>results</arg>
<doc>Fails if ``key`` is not found from ``dictionary``.</doc>
<status status="PASS" start="2024-05-31T01:04:58.595933" elapsed="0.000193"/>
</kw>
<kw name="Should Not Be Empty" owner="BuiltIn">
<msg time="2024-05-31T01:04:58.596622" level="INFO">Length is 2.</msg>
<arg>${json_data}</arg>
<doc>Verifies that the given item is not empty.</doc>
<status status="PASS" start="2024-05-31T01:04:58.596462" elapsed="0.000201"/>
</kw>
<kw name="Create List" owner="BuiltIn">
<msg time="2024-05-31T01:04:58.597107" level="INFO">${expected_keys} = ['gender', 'name', 'location', 'email', 'login']</msg>
<var>${expected_keys}</var>
<arg>gender</arg>
<arg>name</arg>
<arg>location</arg>
<arg>email</arg>
<arg>login</arg>
<doc>Returns a list containing given items.</doc>
<status status="PASS" start="2024-05-31T01:04:58.596959" elapsed="0.000172"/>
</kw>
<for flavor="IN">
<iter>
<kw name="Dictionary Should Contain Key" owner="Collections">
<msg time="2024-05-31T01:04:58.598141" level="INFO">False</msg>
<arg>${json_data['results'][0]}</arg>
<arg>${key}</arg>
<doc>Fails if ``key`` is not found from ``dictionary``.</doc>
<status status="PASS" start="2024-05-31T01:04:58.597724" elapsed="0.000463"/>
</kw>
<kw name="Log" owner="BuiltIn">
<msg time="2024-05-31T01:04:58.598865" level="INFO">{'gender': 'male', 'name': {'title': 'Mr', 'first': 'Joan', 'last': 'Alonso'}, 'location': {'street': {'number': 614, 'name': 'Calle de Arturo Soria'}, 'city': 'Torrente', 'state': 'Región de Murcia', 'country': 'Spain', 'postcode': 87104, 'coordinates': {'latitude': '-35.3765', 'longitude': '-30.2177'}, 'timezone': {'offset': '+5:45', 'description': 'Kathmandu'}}, 'email': 'joan.alonso@example.com', 'login': {'uuid': '80c06efd-1d32-4e35-97e0-7eb28c9056d7', 'username': 'whitebird500', 'password': 'howdy', 'salt': 'gZoj4ouv', 'md5': '1fd34818e953f9b8ff38f6f1267c324b', 'sha1': 'd65cca0dbfe511fa7ced34d17b85dbc42f47d82d', 'sha256': 'c9f2aa9de7dd3f75df6aeed38a88bebba839c03915ad196ba7a4201ec742c9a2'}, 'dob': {'date': '1996-06-05T06:14:49.007Z', 'age': 27}, 'registered': {'date': '2016-02-03T12:47:08.912Z', 'age': 8}, 'phone': '957-503-384', 'cell': '628-290-944', 'id': {'name': 'DNI', 'value': '33489301-B'}, 'picture': {'large': 'https://randomuser.me/api/portraits/men/13.jpg', 'medium': 'https://randomuser.me/api/portraits/med/men/13.jpg', 'thumbnail': 'https://randomuser.me/api/portraits/thumb/men/13.jpg'}, 'nat': 'ES'}</msg>
<arg>${json_data['results'][0]}</arg>
<doc>Logs the given message with the given level.</doc>
<status status="PASS" start="2024-05-31T01:04:58.598494" elapsed="0.000420"/>
</kw>
<kw name="Log" owner="BuiltIn">
<msg time="2024-05-31T01:04:58.599357" level="INFO">gender</msg>
<arg>${key}</arg>
<doc>Logs the given message with the given level.</doc>
<status status="PASS" start="2024-05-31T01:04:58.599223" elapsed="0.000171"/>
</kw>
<var name="${key}">gender</var>
<status status="PASS" start="2024-05-31T01:04:58.597592" elapsed="0.002020"/>
</iter>
<iter>
<kw name="Dictionary Should Contain Key" owner="Collections">
<msg time="2024-05-31T01:04:58.600306" level="INFO">False</msg>
<arg>${json_data['results'][0]}</arg>
<arg>${key}</arg>
<doc>Fails if ``key`` is not found from ``dictionary``.</doc>
<status status="PASS" start="2024-05-31T01:04:58.599915" elapsed="0.000427"/>
</kw>
<kw name="Log" owner="BuiltIn">
<msg time="2024-05-31T01:04:58.601087" level="INFO">{'gender': 'male', 'name': {'title': 'Mr', 'first': 'Joan', 'last': 'Alonso'}, 'location': {'street': {'number': 614, 'name': 'Calle de Arturo Soria'}, 'city': 'Torrente', 'state': 'Región de Murcia', 'country': 'Spain', 'postcode': 87104, 'coordinates': {'latitude': '-35.3765', 'longitude': '-30.2177'}, 'timezone': {'offset': '+5:45', 'description': 'Kathmandu'}}, 'email': 'joan.alonso@example.com', 'login': {'uuid': '80c06efd-1d32-4e35-97e0-7eb28c9056d7', 'username': 'whitebird500', 'password': 'howdy', 'salt': 'gZoj4ouv', 'md5': '1fd34818e953f9b8ff38f6f1267c324b', 'sha1': 'd65cca0dbfe511fa7ced34d17b85dbc42f47d82d', 'sha256': 'c9f2aa9de7dd3f75df6aeed38a88bebba839c03915ad196ba7a4201ec742c9a2'}, 'dob': {'date': '1996-06-05T06:14:49.007Z', 'age': 27}, 'registered': {'date': '2016-02-03T12:47:08.912Z', 'age': 8}, 'phone': '957-503-384', 'cell': '628-290-944', 'id': {'name': 'DNI', 'value': '33489301-B'}, 'picture': {'large': 'https://randomuser.me/api/portraits/men/13.jpg', 'medium': 'https://randomuser.me/api/portraits/med/men/13.jpg', 'thumbnail': 'https://randomuser.me/api/portraits/thumb/men/13.jpg'}, 'nat': 'ES'}</msg>
<arg>${json_data['results'][0]}</arg>
<doc>Logs the given message with the given level.</doc>
<status status="PASS" start="2024-05-31T01:04:58.600704" elapsed="0.000432"/>
</kw>
<kw name="Log" owner="BuiltIn">
<msg time="2024-05-31T01:04:58.601571" level="INFO">name</msg>
<arg>${key}</arg>
<doc>Logs the given message with the given level.</doc>
<status status="PASS" start="2024-05-31T01:04:58.601439" elapsed="0.000170"/>
</kw>
<var name="${key}">name</var>
<status status="PASS" start="2024-05-31T01:04:58.599800" elapsed="0.002031"/>
</iter>
<iter>
<kw name="Dictionary Should Contain Key" owner="Collections">
<msg time="2024-05-31T01:04:58.602515" level="INFO">False</msg>
<arg>${json_data['results'][0]}</arg>
<arg>${key}</arg>
<doc>Fails if ``key`` is not found from ``dictionary``.</doc>
<status status="PASS" start="2024-05-31T01:04:58.602130" elapsed="0.000422"/>
</kw>
<kw name="Log" owner="BuiltIn">
<msg time="2024-05-31T01:04:58.603242" level="INFO">{'gender': 'male', 'name': {'title': 'Mr', 'first': 'Joan', 'last': 'Alonso'}, 'location': {'street': {'number': 614, 'name': 'Calle de Arturo Soria'}, 'city': 'Torrente', 'state': 'Región de Murcia', 'country': 'Spain', 'postcode': 87104, 'coordinates': {'latitude': '-35.3765', 'longitude': '-30.2177'}, 'timezone': {'offset': '+5:45', 'description': 'Kathmandu'}}, 'email': 'joan.alonso@example.com', 'login': {'uuid': '80c06efd-1d32-4e35-97e0-7eb28c9056d7', 'username': 'whitebird500', 'password': 'howdy', 'salt': 'gZoj4ouv', 'md5': '1fd34818e953f9b8ff38f6f1267c324b', 'sha1': 'd65cca0dbfe511fa7ced34d17b85dbc42f47d82d', 'sha256': 'c9f2aa9de7dd3f75df6aeed38a88bebba839c03915ad196ba7a4201ec742c9a2'}, 'dob': {'date': '1996-06-05T06:14:49.007Z', 'age': 27}, 'registered': {'date': '2016-02-03T12:47:08.912Z', 'age': 8}, 'phone': '957-503-384', 'cell': '628-290-944', 'id': {'name': 'DNI', 'value': '33489301-B'}, 'picture': {'large': 'https://randomuser.me/api/portraits/men/13.jpg', 'medium': 'https://randomuser.me/api/portraits/med/men/13.jpg', 'thumbnail': 'https://randomuser.me/api/portraits/thumb/men/13.jpg'}, 'nat': 'ES'}</msg>
<arg>${json_data['results'][0]}</arg>
<doc>Logs the given message with the given level.</doc>
<status status="PASS" start="2024-05-31T01:04:58.602868" elapsed="0.000427"/>
</kw>
<kw name="Log" owner="BuiltIn">
<msg time="2024-05-31T01:04:58.603736" level="INFO">location</msg>
<arg>${key}</arg>
<doc>Logs the given message with the given level.</doc>
<status status="PASS" start="2024-05-31T01:04:58.603610" elapsed="0.000163"/>
</kw>
<var name="${key}">location</var>
<status status="PASS" start="2024-05-31T01:04:58.602016" elapsed="0.001970"/>
</iter>
<iter>
<kw name="Dictionary Should Contain Key" owner="Collections">
<msg time="2024-05-31T01:04:58.604809" level="INFO">False</msg>
<arg>${json_data['results'][0]}</arg>
<arg>${key}</arg>
<doc>Fails if ``key`` is not found from ``dictionary``.</doc>
<status status="PASS" start="2024-05-31T01:04:58.604270" elapsed="0.000577"/>
</kw>
<kw name="Log" owner="BuiltIn">
<msg time="2024-05-31T01:04:58.605513" level="INFO">{'gender': 'male', 'name': {'title': 'Mr', 'first': 'Joan', 'last': 'Alonso'}, 'location': {'street': {'number': 614, 'name': 'Calle de Arturo Soria'}, 'city': 'Torrente', 'state': 'Región de Murcia', 'country': 'Spain', 'postcode': 87104, 'coordinates': {'latitude': '-35.3765', 'longitude': '-30.2177'}, 'timezone': {'offset': '+5:45', 'description': 'Kathmandu'}}, 'email': 'joan.alonso@example.com', 'login': {'uuid': '80c06efd-1d32-4e35-97e0-7eb28c9056d7', 'username': 'whitebird500', 'password': 'howdy', 'salt': 'gZoj4ouv', 'md5': '1fd34818e953f9b8ff38f6f1267c324b', 'sha1': 'd65cca0dbfe511fa7ced34d17b85dbc42f47d82d', 'sha256': 'c9f2aa9de7dd3f75df6aeed38a88bebba839c03915ad196ba7a4201ec742c9a2'}, 'dob': {'date': '1996-06-05T06:14:49.007Z', 'age': 27}, 'registered': {'date': '2016-02-03T12:47:08.912Z', 'age': 8}, 'phone': '957-503-384', 'cell': '628-290-944', 'id': {'name': 'DNI', 'value': '33489301-B'}, 'picture': {'large': 'https://randomuser.me/api/portraits/men/13.jpg', 'medium': 'https://randomuser.me/api/portraits/med/men/13.jpg', 'thumbnail': 'https://randomuser.me/api/portraits/thumb/men/13.jpg'}, 'nat': 'ES'}</msg>
<arg>${json_data['results'][0]}</arg>
<doc>Logs the given message with the given level.</doc>
<status status="PASS" start="2024-05-31T01:04:58.605153" elapsed="0.000409"/>
</kw>
<kw name="Log" owner="BuiltIn">
<msg time="2024-05-31T01:04:58.606000" level="INFO">email</msg>
<arg>${key}</arg>
<doc>Logs the given message with the given level.</doc>
<status status="PASS" start="2024-05-31T01:04:58.605872" elapsed="0.000164"/>
</kw>
<var name="${key}">email</var>
<status status="PASS" start="2024-05-31T01:04:58.604159" elapsed="0.002097"/>
</iter>
<iter>
<kw name="Dictionary Should Contain Key" owner="Collections">
<msg time="2024-05-31T01:04:58.606911" level="INFO">False</msg>
<arg>${json_data['results'][0]}</arg>
<arg>${key}</arg>
<doc>Fails if ``key`` is not found from ``dictionary``.</doc>
<status status="PASS" start="2024-05-31T01:04:58.606540" elapsed="0.000408"/>
</kw>
<kw name="Log" owner="BuiltIn">
<msg time="2024-05-31T01:04:58.607618" level="INFO">{'gender': 'male', 'name': {'title': 'Mr', 'first': 'Joan', 'last': 'Alonso'}, 'location': {'street': {'number': 614, 'name': 'Calle de Arturo Soria'}, 'city': 'Torrente', 'state': 'Región de Murcia', 'country': 'Spain', 'postcode': 87104, 'coordinates': {'latitude': '-35.3765', 'longitude': '-30.2177'}, 'timezone': {'offset': '+5:45', 'description': 'Kathmandu'}}, 'email': 'joan.alonso@example.com', 'login': {'uuid': '80c06efd-1d32-4e35-97e0-7eb28c9056d7', 'username': 'whitebird500', 'password': 'howdy', 'salt': 'gZoj4ouv', 'md5': '1fd34818e953f9b8ff38f6f1267c324b', 'sha1': 'd65cca0dbfe511fa7ced34d17b85dbc42f47d82d', 'sha256': 'c9f2aa9de7dd3f75df6aeed38a88bebba839c03915ad196ba7a4201ec742c9a2'}, 'dob': {'date': '1996-06-05T06:14:49.007Z', 'age': 27}, 'registered': {'date': '2016-02-03T12:47:08.912Z', 'age': 8}, 'phone': '957-503-384', 'cell': '628-290-944', 'id': {'name': 'DNI', 'value': '33489301-B'}, 'picture': {'large': 'https://randomuser.me/api/portraits/men/13.jpg', 'medium': 'https://randomuser.me/api/portraits/med/men/13.jpg', 'thumbnail': 'https://randomuser.me/api/portraits/thumb/men/13.jpg'}, 'nat': 'ES'}</msg>
<arg>${json_data['results'][0]}</arg>
<doc>Logs the given message with the given level.</doc>
<status status="PASS" start="2024-05-31T01:04:58.607259" elapsed="0.000407"/>
</kw>
<kw name="Log" owner="BuiltIn">
<msg time="2024-05-31T01:04:58.608113" level="INFO">login</msg>
<arg>${key}</arg>
<doc>Logs the given message with the given level.</doc>
<status status="PASS" start="2024-05-31T01:04:58.607986" elapsed="0.000165"/>
</kw>
<var name="${key}">login</var>
<status status="PASS" start="2024-05-31T01:04:58.606430" elapsed="0.001941"/>
</iter>
<var>${key}</var>
<value>@{expected_keys}</value>
<status status="PASS" start="2024-05-31T01:04:58.597394" elapsed="0.011162"/>
</for>
<kw name="Create List" owner="BuiltIn">
<msg time="2024-05-31T01:04:58.608951" level="INFO">${expected_keysTwo} = ['username', 'password']</msg>
<var>${expected_keysTwo}</var>
<arg>username</arg>
<arg>password</arg>
<doc>Returns a list containing given items.</doc>
<status status="PASS" start="2024-05-31T01:04:58.608811" elapsed="0.000164"/>
</kw>
<for flavor="IN">
<iter>
<kw name="Dictionary Should Contain Key" owner="Collections">
<msg time="2024-05-31T01:04:58.609875" level="INFO">False</msg>
<arg>${json_data['results'][0]['login']}</arg>
<arg>${keyTwo}</arg>
<doc>Fails if ``key`` is not found from ``dictionary``.</doc>
<status status="PASS" start="2024-05-31T01:04:58.609486" elapsed="0.000427"/>
</kw>
<kw name="Dictionary Should Contain Key" owner="Collections">
<msg time="2024-05-31T01:04:58.610589" level="INFO">False</msg>
<arg>${json_data['results'][0]['login']}</arg>
<arg>${keyTwo}</arg>
<doc>Fails if ``key`` is not found from ``dictionary``.</doc>
<status status="PASS" start="2024-05-31T01:04:58.610214" elapsed="0.000413"/>
</kw>
<kw name="Log" owner="BuiltIn">
<msg time="2024-05-31T01:04:58.611053" level="INFO">username</msg>
<arg>${keyTwo}</arg>
<doc>Logs the given message with the given level.</doc>
<status status="PASS" start="2024-05-31T01:04:58.610923" elapsed="0.000167"/>
</kw>
<var name="${keyTwo}">username</var>
<status status="PASS" start="2024-05-31T01:04:58.609374" elapsed="0.001942"/>
</iter>
<iter>
<kw name="Dictionary Should Contain Key" owner="Collections">
<msg time="2024-05-31T01:04:58.611977" level="INFO">False</msg>
<arg>${json_data['results'][0]['login']}</arg>
<arg>${keyTwo}</arg>
<doc>Fails if ``key`` is not found from ``dictionary``.</doc>
<status status="PASS" start="2024-05-31T01:04:58.611601" elapsed="0.000414"/>
</kw>
<kw name="Dictionary Should Contain Key" owner="Collections">
<msg time="2024-05-31T01:04:58.612748" level="INFO">False</msg>
<arg>${json_data['results'][0]['login']}</arg>
<arg>${keyTwo}</arg>
<doc>Fails if ``key`` is not found from ``dictionary``.</doc>
<status status="PASS" start="2024-05-31T01:04:58.612323" elapsed="0.000462"/>
</kw>
<kw name="Log" owner="BuiltIn">
<msg time="2024-05-31T01:04:58.613218" level="INFO">password</msg>
<arg>${keyTwo}</arg>
<doc>Logs the given message with the given level.</doc>
<status status="PASS" start="2024-05-31T01:04:58.613093" elapsed="0.000163"/>
</kw>
<var name="${keyTwo}">password</var>
<status status="PASS" start="2024-05-31T01:04:58.611490" elapsed="0.001988"/>
</iter>
<var>${keyTwo}</var>
<value>@{expected_keysTwo}</value>
<status status="PASS" start="2024-05-31T01:04:58.609217" elapsed="0.004390"/>
</for>
<status status="PASS" start="2024-05-31T01:04:58.496478" elapsed="0.117276"/>
</kw>
<doc>Testa a estrutura da resposta da API.</doc>
<tag>testeEstruturaResposta</tag>
<status status="PASS" start="2024-05-31T01:04:58.495914" elapsed="0.118003"/>
</test>
<test id="s1-s1-t4" name="Validar tipos de dados" line="28">
<kw name="Teste de Tipos de Dados" owner="random-user-service">
<kw name="GET On Session" owner="RequestsLibrary">
<msg time="2024-05-31T01:04:58.716539" level="INFO">GET Request : url=https://randomuser.me/api 
 path_url=/api 
 headers={'User-Agent': 'python-requests/2.32.3', 'Accept-Encoding': 'gzip, deflate', 'Accept': '*/*', 'Connection': 'keep-alive'} 
 body=None 
 </msg>
<msg time="2024-05-31T01:04:58.716660" level="INFO">GET Response : url=https://randomuser.me/api 
 status=200, reason=OK 
 headers={'Date': 'Fri, 31 May 2024 01:04:58 GMT', 'Content-Type': 'application/json; charset=utf-8', 'Transfer-Encoding': 'chunked', 'Connection': 'keep-alive', 'X-Powered-By': 'Express', 'Access-Control-Allow-Origin': '*', 'Cache-Control': 'no-cache', 'ETag': 'W/"490-xLR+PpE/XrXFo2dmKWHfZIOS2mo"', 'Vary': 'Accept-Encoding', 'Content-Encoding': 'gzip', 'CF-Cache-Status': 'DYNAMIC', 'Report-To': '{"endpoints":[{"url":"https:\\/\\/a.nel.cloudflare.com\\/report\\/v4?s=XsRttEC7D2iRCUrHd32DjJDbzTjtAOcqFYDVONENBR0nVFBY4s3dHrWP68tTHzQrc7hIncg5APzZZFdydyNMw1y2%2BzlVMdcaFDT7vqmeXX7gD42p7iSOqgiiuUE2zQRi"}],"group":"cf-nel","max_age":604800}', 'NEL': '{"success_fraction":0,"report_to":"cf-nel","max_age":604800}', 'Server': 'cloudflare', 'CF-RAY': '88c30d8e68ea2aaf-LAX', 'alt-svc': 'h3=":443"; ma=86400'} 
 body={"results":[{"gender":"female","name":{"title":"Mrs","first":"Gül","last":"Eliçin"},"location":{"street":{"number":8315,"name":"Kushimoto Sk"},"city":"Şanlıurfa","state":"Tunceli","country":"Turkey","postcode":93203,"coordinates":{"latitude":"71.9717","longitude":"159.1061"},"timezone":{"offset":"+11:00","description":"Magadan, Solomon Islands, New Caledonia"}},"email":"gul.elicin@example.com","login":{"uuid":"758fd3cc-ebf0-4a9a-8ebc-91abdbcc73d9","username":"silvermeercat172","password":"pookey","salt":"T8dPMOq4","md5":"e0eff8a2955156c4bf0259ff1fabd967","sha1":"53eb00c4a0358653ac0ed743480b252aab7800ea","sha256":"19296b4431b94ff9be7099d2caa441bfdcee8ae4e9afa72281b36fe98415733c"},"dob":{"date":"1980-09-14T16:53:42.000Z","age":43},"registered":{"date":"2017-03-06T16:22:27.603Z","age":7},"phone":"(778)-428-5744","cell":"(879)-933-6498","id":{"name":"","value":null},"picture":{"large":"https://randomuser.me/api/portraits/women/83.jpg","medium":"https://randomuser.me/api/portraits/med/women/83.jpg","thumbnail":"https://randomuser.me/api/portraits/thumb/women/83.jpg"},"nat":"TR"}],"info":{"seed":"42061292c771a540","results":1,"page":1,"version":"1.4"}} 
 </msg>
<msg time="2024-05-31T01:04:58.716756" level="INFO">/opt/hostedtoolcache/Python/3.12.3/x64/lib/python3.12/site-packages/urllib3/connectionpool.py:1103: InsecureRequestWarning: Unverified HTTPS request is being made to host 'randomuser.me'. Adding certificate verification is strongly advised. See: https://urllib3.readthedocs.io/en/latest/advanced-usage.html#tls-warnings
  warnings.warn(</msg>
<msg time="2024-05-31T01:04:58.716905" level="INFO">${response} = &lt;Response [200]&gt;</msg>
<var>${response}</var>
<arg>consultarAPI</arg>
<arg>/api</arg>
<doc>Sends a GET request on a previously created HTTP Session.</doc>
<status status="PASS" start="2024-05-31T01:04:58.616475" elapsed="0.100476"/>
</kw>
<kw name="Set Variable" owner="BuiltIn">
<msg time="2024-05-31T01:04:58.718288" level="INFO">${json_data} = {'results': [{'gender': 'female', 'name': {'title': 'Mrs', 'first': 'Gül', 'last': 'Eliçin'}, 'location': {'street': {'number': 8315, 'name': 'Kushimoto Sk'}, 'city': 'Şanlıurfa', 'state': 'Tunceli', ...</msg>
<var>${json_data}</var>
<arg>${response.json()}</arg>
<doc>Returns the given values which can then be assigned to a variables.</doc>
<status status="PASS" start="2024-05-31T01:04:58.717691" elapsed="0.000629"/>
</kw>
<kw name="Log" owner="BuiltIn">
<msg time="2024-05-31T01:04:58.718826" level="INFO">{'results': [{'gender': 'female', 'name': {'title': 'Mrs', 'first': 'Gül', 'last': 'Eliçin'}, 'location': {'street': {'number': 8315, 'name': 'Kushimoto Sk'}, 'city': 'Şanlıurfa', 'state': 'Tunceli', 'country': 'Turkey', 'postcode': 93203, 'coordinates': {'latitude': '71.9717', 'longitude': '159.1061'}, 'timezone': {'offset': '+11:00', 'description': 'Magadan, Solomon Islands, New Caledonia'}}, 'email': 'gul.elicin@example.com', 'login': {'uuid': '758fd3cc-ebf0-4a9a-8ebc-91abdbcc73d9', 'username': 'silvermeercat172', 'password': 'pookey', 'salt': 'T8dPMOq4', 'md5': 'e0eff8a2955156c4bf0259ff1fabd967', 'sha1': '53eb00c4a0358653ac0ed743480b252aab7800ea', 'sha256': '19296b4431b94ff9be7099d2caa441bfdcee8ae4e9afa72281b36fe98415733c'}, 'dob': {'date': '1980-09-14T16:53:42.000Z', 'age': 43}, 'registered': {'date': '2017-03-06T16:22:27.603Z', 'age': 7}, 'phone': '(778)-428-5744', 'cell': '(879)-933-6498', 'id': {'name': '', 'value': None}, 'picture': {'large': 'https://randomuser.me/api/portraits/women/83.jpg', 'medium': 'https://randomuser.me/api/portraits/med/women/83.jpg', 'thumbnail': 'https://randomuser.me/api/portraits/thumb/women/83.jpg'}, 'nat': 'TR'}], 'info': {'seed': '42061292c771a540', 'results': 1, 'page': 1, 'version': '1.4'}}</msg>
<arg>${json_data}</arg>
<doc>Logs the given message with the given level.</doc>
<status status="PASS" start="2024-05-31T01:04:58.718661" elapsed="0.000216"/>
</kw>
<kw name="Should Be String" owner="String">
<arg>${json_data['results'][0]['gender']}</arg>
<doc>Fails if the given ``item`` is not a string.</doc>
<status status="PASS" start="2024-05-31T01:04:58.719218" elapsed="0.000364"/>
</kw>
<kw name="Should Match Regexp" owner="BuiltIn">
<arg>${json_data['results'][0]['email']}</arg>
<arg>^[a-zA-Z0-9._%+-]+@[a-zA-Z0-9.-]+\.[a-zA-Z]{2,}$</arg>
<doc>Fails if ``string`` does not match ``pattern`` as a regular expression.</doc>
<status status="PASS" start="2024-05-31T01:04:58.719790" elapsed="0.000744"/>
</kw>
<kw name="Should Match Regexp" owner="BuiltIn">
<arg>${json_data['results'][0]['dob']['date']}</arg>
<arg>\\d{4}-\\d{2}-\\d{2}T\\d{2}:\\d{2}:\\d{2}\\.\\d{3}Z</arg>
<doc>Fails if ``string`` does not match ``pattern`` as a regular expression.</doc>
<status status="PASS" start="2024-05-31T01:04:58.720740" elapsed="0.000489"/>
</kw>
<kw name="Should Match Regexp" owner="BuiltIn">
<arg>${json_data['results'][0]['registered']['date']}</arg>
<arg>\\d{4}-\\d{2}-\\d{2}T\\d{2}:\\d{2}:\\d{2}\\.\\d{3}Z</arg>
<doc>Fails if ``string`` does not match ``pattern`` as a regular expression.</doc>
<status status="PASS" start="2024-05-31T01:04:58.721428" elapsed="0.000368"/>
</kw>
<kw name="Should Match Regexp" owner="BuiltIn">
<arg>${json_data['results'][0]['picture']['large']}</arg>
<arg>^https?://.*\.(?:png|jpe?g|gif|bmp)$</arg>
<doc>Fails if ``string`` does not match ``pattern`` as a regular expression.</doc>
<status status="PASS" start="2024-05-31T01:04:58.721989" elapsed="0.000477"/>
</kw>
<kw name="Should Match Regexp" owner="BuiltIn">
<arg>${json_data['results'][0]['picture']['medium']}</arg>
<arg>^https?://.*\.(?:png|jpe?g|gif|bmp)$</arg>
<doc>Fails if ``string`` does not match ``pattern`` as a regular expression.</doc>
<status status="PASS" start="2024-05-31T01:04:58.722689" elapsed="0.000368"/>
</kw>
<kw name="Should Match Regexp" owner="BuiltIn">
<arg>${json_data['results'][0]['picture']['thumbnail']}</arg>
<arg>^https?://.*\.(?:png|jpe?g|gif|bmp)$</arg>
<doc>Fails if ``string`` does not match ``pattern`` as a regular expression.</doc>
<status status="PASS" start="2024-05-31T01:04:58.723247" elapsed="0.000353"/>
</kw>
<kw name="Log" owner="BuiltIn">
<msg time="2024-05-31T01:04:58.724111" level="INFO">{'large': 'https://randomuser.me/api/portraits/women/83.jpg', 'medium': 'https://randomuser.me/api/portraits/med/women/83.jpg', 'thumbnail': 'https://randomuser.me/api/portraits/thumb/women/83.jpg'}</msg>
<arg>${json_data['results'][0]['picture']}</arg>
<doc>Logs the given message with the given level.</doc>
<status status="PASS" start="2024-05-31T01:04:58.723786" elapsed="0.000367"/>
</kw>
<status status="PASS" start="2024-05-31T01:04:58.616210" elapsed="0.108222"/>
</kw>
<kw name="Teste de Tipos de Dados - Postcode" owner="random-user-service">
<kw name="GET On Session" owner="RequestsLibrary">
<msg time="2024-05-31T01:04:58.849449" level="INFO">GET Request : url=https://randomuser.me/api 
 path_url=/api 
 headers={'User-Agent': 'python-requests/2.32.3', 'Accept-Encoding': 'gzip, deflate', 'Accept': '*/*', 'Connection': 'keep-alive'} 
 body=None 
 </msg>
<msg time="2024-05-31T01:04:58.849560" level="INFO">GET Response : url=https://randomuser.me/api 
 status=200, reason=OK 
 headers={'Date': 'Fri, 31 May 2024 01:04:58 GMT', 'Content-Type': 'application/json; charset=utf-8', 'Transfer-Encoding': 'chunked', 'Connection': 'keep-alive', 'X-Powered-By': 'Express', 'Access-Control-Allow-Origin': '*', 'Cache-Control': 'no-cache', 'ETag': 'W/"49a-ca61Upb/atvO9bZv1YHWoEiIzsI"', 'Vary': 'Accept-Encoding', 'Content-Encoding': 'gzip', 'CF-Cache-Status': 'DYNAMIC', 'Report-To': '{"endpoints":[{"url":"https:\\/\\/a.nel.cloudflare.com\\/report\\/v4?s=DMb2NKAKGT39HSntlOJyPNHhakP3KWc5BmhZBKCk9IjT8HY9AynvPdOjdMkoFOHXqut1LXyT2PPrgLemtIFv9CIGtnAVl9TToZX5IXitc9up%2Fq%2FEZw6U6ZmtTlD8Tvpx"}],"group":"cf-nel","max_age":604800}', 'NEL': '{"success_fraction":0,"report_to":"cf-nel","max_age":604800}', 'Server': 'cloudflare', 'CF-RAY': '88c30d8f0a002aaf-LAX', 'alt-svc': 'h3=":443"; ma=86400'} 
 body={"results":[{"gender":"male","name":{"title":"Mr","first":"Frederikke","last":"Jensen"},"location":{"street":{"number":9329,"name":"Rørsangervej"},"city":"Ølstykke","state":"Hovedstaden","country":"Denmark","postcode":67965,"coordinates":{"latitude":"-43.2921","longitude":"-160.2485"},"timezone":{"offset":"0:00","description":"Western Europe Time, London, Lisbon, Casablanca"}},"email":"frederikke.jensen@example.com","login":{"uuid":"537ebf2a-9c18-4189-a7b4-314dbe9bc47d","username":"sadfish281","password":"jungle","salt":"LVfHeIKk","md5":"bad659d753e1061d6dec29316398eb8f","sha1":"26b73b28c31e576e021b930d64ad4742407b8315","sha256":"7fb31b5d1d009e66737d51fb93080362172e723436d92169cdc3f7ca357a2cdd"},"dob":{"date":"1951-01-13T03:11:07.358Z","age":73},"registered":{"date":"2007-04-22T13:50:31.538Z","age":17},"phone":"68578248","cell":"16190651","id":{"name":"CPR","value":"120151-6107"},"picture":{"large":"https://randomuser.me/api/portraits/men/81.jpg","medium":"https://randomuser.me/api/portraits/med/men/81.jpg","thumbnail":"https://randomuser.me/api/portraits/thumb/men/81.jpg"},"nat":"DK"}],"info":{"seed":"0773246030141b8f","results":1,"page":1,"version":"1.4"}} 
 </msg>
<msg time="2024-05-31T01:04:58.849636" level="INFO">/opt/hostedtoolcache/Python/3.12.3/x64/lib/python3.12/site-packages/urllib3/connectionpool.py:1103: InsecureRequestWarning: Unverified HTTPS request is being made to host 'randomuser.me'. Adding certificate verification is strongly advised. See: https://urllib3.readthedocs.io/en/latest/advanced-usage.html#tls-warnings
  warnings.warn(</msg>
<msg time="2024-05-31T01:04:58.849762" level="INFO">${response} = &lt;Response [200]&gt;</msg>
<var>${response}</var>
<arg>consultarAPI</arg>
<arg>/api</arg>
<doc>Sends a GET request on a previously created HTTP Session.</doc>
<status status="PASS" start="2024-05-31T01:04:58.724903" elapsed="0.124899"/>
</kw>
<kw name="Set Variable" owner="BuiltIn">
<msg time="2024-05-31T01:04:58.851098" level="INFO">${json_data} = {'results': [{'gender': 'male', 'name': {'title': 'Mr', 'first': 'Frederikke', 'last': 'Jensen'}, 'location': {'street': {'number': 9329, 'name': 'Rørsangervej'}, 'city': 'Ølstykke', 'state': 'Hovedst...</msg>
<var>${json_data}</var>
<arg>${response.json()}</arg>
<doc>Returns the given values which can then be assigned to a variables.</doc>
<status status="PASS" start="2024-05-31T01:04:58.850477" elapsed="0.000654"/>
</kw>
<kw name="Log" owner="BuiltIn">
<msg time="2024-05-31T01:04:58.851610" level="INFO">{'results': [{'gender': 'male', 'name': {'title': 'Mr', 'first': 'Frederikke', 'last': 'Jensen'}, 'location': {'street': {'number': 9329, 'name': 'Rørsangervej'}, 'city': 'Ølstykke', 'state': 'Hovedstaden', 'country': 'Denmark', 'postcode': 67965, 'coordinates': {'latitude': '-43.2921', 'longitude': '-160.2485'}, 'timezone': {'offset': '0:00', 'description': 'Western Europe Time, London, Lisbon, Casablanca'}}, 'email': 'frederikke.jensen@example.com', 'login': {'uuid': '537ebf2a-9c18-4189-a7b4-314dbe9bc47d', 'username': 'sadfish281', 'password': 'jungle', 'salt': 'LVfHeIKk', 'md5': 'bad659d753e1061d6dec29316398eb8f', 'sha1': '26b73b28c31e576e021b930d64ad4742407b8315', 'sha256': '7fb31b5d1d009e66737d51fb93080362172e723436d92169cdc3f7ca357a2cdd'}, 'dob': {'date': '1951-01-13T03:11:07.358Z', 'age': 73}, 'registered': {'date': '2007-04-22T13:50:31.538Z', 'age': 17}, 'phone': '68578248', 'cell': '16190651', 'id': {'name': 'CPR', 'value': '120151-6107'}, 'picture': {'large': 'https://randomuser.me/api/portraits/men/81.jpg', 'medium': 'https://randomuser.me/api/portraits/med/men/81.jpg', 'thumbnail': 'https://randomuser.me/api/portraits/thumb/men/81.jpg'}, 'nat': 'DK'}], 'info': {'seed': '0773246030141b8f', 'results': 1, 'page': 1, 'version': '1.4'}}</msg>
<arg>${json_data}</arg>
<doc>Logs the given message with the given level.</doc>
<status status="PASS" start="2024-05-31T01:04:58.851449" elapsed="0.000227"/>
</kw>
<kw name="Should Be Equal As Numbers" owner="BuiltIn">
<arg>${json_data['results'][0]['location']['postcode']}</arg>
<arg>${json_data['results'][0]['location']['postcode']}</arg>
<doc>Fails if objects are unequal after converting them to real numbers.</doc>
<status status="PASS" start="2024-05-31T01:04:58.851989" elapsed="0.000751"/>
</kw>
<kw name="Log" owner="BuiltIn">
<msg time="2024-05-31T01:04:58.853282" level="INFO">67965</msg>
<arg>${json_data['results'][0]['location']['postcode']}</arg>
<doc>Logs the given message with the given level.</doc>
<status status="PASS" start="2024-05-31T01:04:58.852938" elapsed="0.000388"/>
</kw>
<status status="PASS" start="2024-05-31T01:04:58.724669" elapsed="0.128941"/>
</kw>
<doc>Testa se os tipos de dados na resposta da API estão corretos.</doc>
<tag>testeTiposDados</tag>
<status status="PASS" start="2024-05-31T01:04:58.615704" elapsed="0.238083"/>
</test>
<test id="s1-s1-t5" name="Validar conteudo" line="35">
<kw name="Teste de Tipos de Conteudo" owner="random-user-service">
<kw name="GET On Session" owner="RequestsLibrary">
<msg time="2024-05-31T01:04:58.957043" level="INFO">GET Request : url=https://randomuser.me/api 
 path_url=/api 
 headers={'User-Agent': 'python-requests/2.32.3', 'Accept-Encoding': 'gzip, deflate', 'Accept': '*/*', 'Connection': 'keep-alive'} 
 body=None 
 </msg>
<msg time="2024-05-31T01:04:58.957168" level="INFO">GET Response : url=https://randomuser.me/api 
 status=200, reason=OK 
 headers={'Date': 'Fri, 31 May 2024 01:04:58 GMT', 'Content-Type': 'application/json; charset=utf-8', 'Transfer-Encoding': 'chunked', 'Connection': 'keep-alive', 'X-Powered-By': 'Express', 'Access-Control-Allow-Origin': '*', 'Cache-Control': 'no-cache', 'ETag': 'W/"4a5-EKwW65AYoDhczVvpmaegrN58RIY"', 'Vary': 'Accept-Encoding', 'Content-Encoding': 'gzip', 'CF-Cache-Status': 'DYNAMIC', 'Report-To': '{"endpoints":[{"url":"https:\\/\\/a.nel.cloudflare.com\\/report\\/v4?s=Bzm1teLN%2FTgX0y0qYXSQhvrgnKoo3FmVgLBEj7KodWTlGRlR6qFHerz%2FBd9JHE6fYWp%2BvmItrKQTCisWfXgauLcyqVKRJSYpTPjkhgTdYSHOOkxNGVci5x8%2FcdCU89pF"}],"group":"cf-nel","max_age":604800}', 'NEL': '{"success_fraction":0,"report_to":"cf-nel","max_age":604800}', 'Server': 'cloudflare', 'CF-RAY': '88c30d8feb732aaf-LAX', 'alt-svc': 'h3=":443"; ma=86400'} 
 body={"results":[{"gender":"male","name":{"title":"Mr","first":"Vasco","last":"Fogaça"},"location":{"street":{"number":2201,"name":"Rua Vinte E Quatro de Outubro"},"city":"Bacabal","state":"São Paulo","country":"Brazil","postcode":46144,"coordinates":{"latitude":"-72.9157","longitude":"-93.3074"},"timezone":{"offset":"+8:00","description":"Beijing, Perth, Singapore, Hong Kong"}},"email":"vasco.fogaca@example.com","login":{"uuid":"f7d3f1f6-5432-40ee-8be8-ef324966c5f0","username":"tinyleopard900","password":"pretty","salt":"vroja44F","md5":"bc33a582166715be38fce18a74907eb8","sha1":"2a48427d12ee577640065e507f85a88c6fb253a8","sha256":"c6dd7e3b2386657e85b0487586fb680a4acf8d1c72b6b4578da66fd2b99ebf40"},"dob":{"date":"2001-02-13T05:33:59.609Z","age":23},"registered":{"date":"2007-03-20T06:56:29.502Z","age":17},"phone":"(25) 4473-9067","cell":"(94) 5511-8797","id":{"name":"CPF","value":"453.066.867-77"},"picture":{"large":"https://randomuser.me/api/portraits/men/13.jpg","medium":"https://randomuser.me/api/portraits/med/men/13.jpg","thumbnail":"https://randomuser.me/api/portraits/thumb/men/13.jpg"},"nat":"BR"}],"info":{"seed":"a33db8dba03eadae","results":1,"page":1,"version":"1.4"}} 
 </msg>
<msg time="2024-05-31T01:04:58.957258" level="INFO">/opt/hostedtoolcache/Python/3.12.3/x64/lib/python3.12/site-packages/urllib3/connectionpool.py:1103: InsecureRequestWarning: Unverified HTTPS request is being made to host 'randomuser.me'. Adding certificate verification is strongly advised. See: https://urllib3.readthedocs.io/en/latest/advanced-usage.html#tls-warnings
  warnings.warn(</msg>
<msg time="2024-05-31T01:04:58.957406" level="INFO">${response} = &lt;Response [200]&gt;</msg>
<var>${response}</var>
<arg>consultarAPI</arg>
<arg>/api</arg>
<doc>Sends a GET request on a previously created HTTP Session.</doc>
<status status="PASS" start="2024-05-31T01:04:58.856989" elapsed="0.100449"/>
</kw>
<kw name="Set Variable" owner="BuiltIn">
<msg time="2024-05-31T01:04:58.958640" level="INFO">${json_data} = {'results': [{'gender': 'male', 'name': {'title': 'Mr', 'first': 'Vasco', 'last': 'Fogaça'}, 'location': {'street': {'number': 2201, 'name': 'Rua Vinte E Quatro de Outubro'}, 'city': 'Bacabal', 'state...</msg>
<var>${json_data}</var>
<arg>${response.json()}</arg>
<doc>Returns the given values which can then be assigned to a variables.</doc>
<status status="PASS" start="2024-05-31T01:04:58.958094" elapsed="0.000580"/>
</kw>
<kw name="Set Variable" owner="BuiltIn">
<msg time="2024-05-31T01:04:58.959387" level="INFO">${name_title} = Mr</msg>
<var>${name_title}</var>
<arg>${json_data["results"][0]["name"]["title"]}</arg>
<doc>Returns the given values which can then be assigned to a variables.</doc>
<status status="PASS" start="2024-05-31T01:04:58.958991" elapsed="0.000422"/>
</kw>
<kw name="Create List" owner="BuiltIn">
<msg time="2024-05-31T01:04:58.959869" level="INFO">${allowed_titles} = ['Mr', 'Ms', 'Miss', 'Mrs', 'Madame', 'Monsieur']</msg>
<var>${allowed_titles}</var>
<arg>Mr</arg>
<arg>Ms</arg>
<arg>Miss</arg>
<arg>Mrs</arg>
<arg>Madame</arg>
<arg>Monsieur</arg>
<doc>Returns a list containing given items.</doc>
<status status="PASS" start="2024-05-31T01:04:58.959723" elapsed="0.000171"/>
</kw>
<kw name="List Should Contain Value" owner="Collections">
<msg time="2024-05-31T01:04:58.960421" level="INFO">False</msg>
<arg>${allowed_titles}</arg>
<arg>${name_title}</arg>
<doc>Fails if the ``value`` is not found from ``list``.</doc>
<status status="PASS" start="2024-05-31T01:04:58.960201" elapsed="0.000261"/>
</kw>
<kw name="Set Variable" owner="BuiltIn">
<msg time="2024-05-31T01:04:58.961361" level="INFO">${name_country} = BR</msg>
<var>${name_country}</var>
<arg>${json_data["results"][0]["nat"]}</arg>
<doc>Returns the given values which can then be assigned to a variables.</doc>
<status status="PASS" start="2024-05-31T01:04:58.960781" elapsed="0.000606"/>
</kw>
<kw name="Create List" owner="BuiltIn">
<msg time="2024-05-31T01:04:58.962299" level="INFO">${list_country} = ['AD', 'AE', 'AF', 'AG', 'AI', 'AL', 'AM', 'AO', 'AQ', 'AR', 'AS', 'AT', 'AU', 'AW', 'AX', 'AZ', 'BA', 'BB', 'BD', 'BE', 'BF', 'BG', 'BH', 'BI', 'BJ', 'BL', 'BM', 'BN', 'BO', 'BQ', 'BR', 'BS', 'BT', '...</msg>
<var>${list_country}</var>
<arg>AD</arg>
<arg>AE</arg>
<arg>AF</arg>
<arg>AG</arg>
<arg>AI</arg>
<arg>AL</arg>
<arg>AM</arg>
<arg>AO</arg>
<arg>AQ</arg>
<arg>AR</arg>
<arg>AS</arg>
<arg>AT</arg>
<arg>AU</arg>
<arg>AW</arg>
<arg>AX</arg>
<arg>AZ</arg>
<arg>BA</arg>
<arg>BB</arg>
<arg>BD</arg>
<arg>BE</arg>
<arg>BF</arg>
<arg>BG</arg>
<arg>BH</arg>
<arg>BI</arg>
<arg>BJ</arg>
<arg>BL</arg>
<arg>BM</arg>
<arg>BN</arg>
<arg>BO</arg>
<arg>BQ</arg>
<arg>BR</arg>
<arg>BS</arg>
<arg>BT</arg>
<arg>BV</arg>
<arg>BW</arg>
<arg>BY</arg>
<arg>BZ</arg>
<arg>CA</arg>
<arg>CC</arg>
<arg>CD</arg>
<arg>CF</arg>
<arg>CG</arg>
<arg>CH</arg>
<arg>CI</arg>
<arg>CK</arg>
<arg>CL</arg>
<arg>CM</arg>
<arg>CN</arg>
<arg>CO</arg>
<arg>CR</arg>
<arg>CU</arg>
<arg>CV</arg>
<arg>CW</arg>
<arg>CX</arg>
<arg>CY</arg>
<arg>CZ</arg>
<arg>DE</arg>
<arg>DJ</arg>
<arg>DK</arg>
<arg>DM</arg>
<arg>DO</arg>
<arg>DZ</arg>
<arg>EC</arg>
<arg>EE</arg>
<arg>EG</arg>
<arg>EH</arg>
<arg>ER</arg>
<arg>ES</arg>
<arg>ET</arg>
<arg>FI</arg>
<arg>FJ</arg>
<arg>FK</arg>
<arg>FM</arg>
<arg>FO</arg>
<arg>FR</arg>
<arg>GA</arg>
<arg>GB</arg>
<arg>GD</arg>
<arg>GE</arg>
<arg>GF</arg>
<arg>GG</arg>
<arg>GH</arg>
<arg>GI</arg>
<arg>GL</arg>
<arg>GM</arg>
<arg>GN</arg>
<arg>GP</arg>
<arg>GQ</arg>
<arg>GR</arg>
<arg>GS</arg>
<arg>GT</arg>
<arg>GU</arg>
<arg>GW</arg>
<arg>GY</arg>
<arg>HK</arg>
<arg>HM</arg>
<arg>HN</arg>
<arg>HR</arg>
<arg>HT</arg>
<arg>HU</arg>
<arg>ID</arg>
<arg>IE</arg>
<arg>IL</arg>
<arg>IM</arg>
<arg>IN</arg>
<arg>IO</arg>
<arg>IQ</arg>
<arg>IR</arg>
<arg>IS</arg>
<arg>IT</arg>
<arg>JE</arg>
<arg>JM</arg>
<arg>JO</arg>
<arg>JP</arg>
<arg>KE</arg>
<arg>KG</arg>
<arg>KH</arg>
<arg>KI</arg>
<arg>KM</arg>
<arg>KN</arg>
<arg>KP</arg>
<arg>KR</arg>
<arg>KW</arg>
<arg>KY</arg>
<arg>KZ</arg>
<arg>LA</arg>
<arg>LB</arg>
<arg>LC</arg>
<arg>LI</arg>
<arg>LK</arg>
<arg>LR</arg>
<arg>LS</arg>
<arg>LT</arg>
<arg>LU</arg>
<arg>LV</arg>
<arg>LY</arg>
<arg>MA</arg>
<arg>MC</arg>
<arg>MD</arg>
<arg>ME</arg>
<arg>MF</arg>
<arg>MG</arg>
<arg>MH</arg>
<arg>MK</arg>
<arg>ML</arg>
<arg>MM</arg>
<arg>MN</arg>
<arg>MO</arg>
<arg>MP</arg>
<arg>MQ</arg>
<arg>MR</arg>
<arg>MS</arg>
<arg>MT</arg>
<arg>MU</arg>
<arg>MV</arg>
<arg>MW</arg>
<arg>MX</arg>
<arg>MY</arg>
<arg>MZ</arg>
<arg>NA</arg>
<arg>NC</arg>
<arg>NE</arg>
<arg>NF</arg>
<arg>NG</arg>
<arg>NI</arg>
<arg>NL</arg>
<arg>NO</arg>
<arg>NP</arg>
<arg>NR</arg>
<arg>NU</arg>
<arg>NZ</arg>
<arg>OM</arg>
<arg>PA</arg>
<arg>PE</arg>
<arg>PF</arg>
<arg>PG</arg>
<arg>PH</arg>
<arg>PK</arg>
<arg>PL</arg>
<arg>PM</arg>
<arg>PN</arg>
<arg>PR</arg>
<arg>PS</arg>
<arg>PT</arg>
<arg>PW</arg>
<arg>PY</arg>
<arg>QA</arg>
<arg>RE</arg>
<arg>RO</arg>
<arg>RS</arg>
<arg>RU</arg>
<arg>RW</arg>
<arg>SA</arg>
<arg>SB</arg>
<arg>SC</arg>
<arg>SD</arg>
<arg>SE</arg>
<arg>SG</arg>
<arg>SH</arg>
<arg>SI</arg>
<arg>SJ</arg>
<arg>SK</arg>
<arg>SL</arg>
<arg>SM</arg>
<arg>SN</arg>
<arg>SO</arg>
<arg>SR</arg>
<arg>SS</arg>
<arg>ST</arg>
<arg>SV</arg>
<arg>SX</arg>
<arg>SY</arg>
<arg>SZ</arg>
<arg>TC</arg>
<arg>TD</arg>
<arg>TF</arg>
<arg>TG</arg>
<arg>TH</arg>
<arg>TJ</arg>
<arg>TK</arg>
<arg>TL</arg>
<arg>TM</arg>
<arg>TN</arg>
<arg>TO</arg>
<arg>TR</arg>
<arg>TT</arg>
<arg>TV</arg>
<arg>TW</arg>
<arg>TZ</arg>
<arg>UA</arg>
<arg>UG</arg>
<arg>UM</arg>
<arg>US</arg>
<arg>UY</arg>
<arg>UZ</arg>
<arg>VA</arg>
<arg>VC</arg>
<arg>VE</arg>
<arg>VG</arg>
<arg>VI</arg>
<arg>VN</arg>
<arg>VU</arg>
<arg>WF</arg>
<arg>WS</arg>
<arg>XK</arg>
<arg>YE</arg>
<arg>YT</arg>
<arg>ZA</arg>
<arg>ZM</arg>
<arg>ZW</arg>
<doc>Returns a list containing given items.</doc>
<status status="PASS" start="2024-05-31T01:04:58.961698" elapsed="0.000627"/>
</kw>
<kw name="List Should Contain Value" owner="Collections">
<msg time="2024-05-31T01:04:58.963400" level="INFO">False</msg>
<arg>${list_country}</arg>
<arg>${name_country}</arg>
<doc>Fails if the ``value`` is not found from ``list``.</doc>
<status status="PASS" start="2024-05-31T01:04:58.963190" elapsed="0.000254"/>
</kw>
<kw name="Run Keyword If" owner="BuiltIn">
<kw name="Should Be True" owner="BuiltIn">
<arg>${True}</arg>
<doc>Fails if the given condition is not true.</doc>
<status status="PASS" start="2024-05-31T01:04:58.964550" elapsed="0.000147"/>
</kw>
<arg>${json_data["results"][0]["location"]["coordinates"]["latitude"]} &gt;= -90 and ${json_data["results"][0]["location"]["coordinates"]["latitude"]} &lt;= 90</arg>
<arg>Should Be True</arg>
<arg>${True}</arg>
<doc>Runs the given keyword with the given arguments, if ``condition`` is true.</doc>
<status status="PASS" start="2024-05-31T01:04:58.963766" elapsed="0.001067"/>
</kw>
<kw name="Run Keyword If" owner="BuiltIn">
<kw name="Should Be True" owner="BuiltIn">
<arg>${True}</arg>
<doc>Fails if the given condition is not true.</doc>
<status status="PASS" start="2024-05-31T01:04:58.965738" elapsed="0.000149"/>
</kw>
<arg>${json_data["results"][0]["location"]["coordinates"]["longitude"]} &gt;= -180 and ${json_data["results"][0]["location"]["coordinates"]["longitude"]} &lt;= 180</arg>
<arg>Should Be True</arg>
<arg>${True}</arg>
<doc>Runs the given keyword with the given arguments, if ``condition`` is true.</doc>
<status status="PASS" start="2024-05-31T01:04:58.965023" elapsed="0.000986"/>
</kw>
<status status="PASS" start="2024-05-31T01:04:58.856601" elapsed="0.109544"/>
</kw>
<doc>Testa o conteúdo específico dos campos retornados pela API.</doc>
<tag>testeConteudo</tag>
<status status="PASS" start="2024-05-31T01:04:58.855800" elapsed="0.110501"/>
</test>
<status status="PASS" start="2024-05-31T01:04:57.859534" elapsed="1.108720"/>
</suite>
<status status="PASS" start="2024-05-31T01:04:57.845466" elapsed="1.128219"/>
</suite>
<statistics>
<total>
<stat pass="5" fail="0" skip="0">All Tests</stat>
</total>
<tag>
<stat pass="1" fail="0" skip="0">testeConteudo</stat>
<stat pass="1" fail="0" skip="0">testeEstruturaResposta</stat>
<stat pass="1" fail="0" skip="0">testeRequisicaoBasica</stat>
<stat pass="1" fail="0" skip="0">testeTiposDados</stat>
</tag>
<suite>
<stat pass="5" fail="0" skip="0" id="s1" name="Tests">Tests</stat>
<stat pass="5" fail="0" skip="0" id="s1-s1" name="Random-User-Test">Tests.Random-User-Test</stat>
</suite>
</statistics>
<errors>
</errors>
</robot>
