<?xml version="1.0" encoding="UTF-8"?>
<robot generator="Robot 7.0.1 (Python 3.12.4 on linux)" generated="2024-07-17T12:29:34.010764" rpa="false" schemaversion="5">
<suite id="s1" name="Tests" source="/home/runner/work/ApiRandomUser/ApiRandomUser/RamdonUser/tests">
<suite id="s1-s1" name="Random-User-Test" source="/home/runner/work/ApiRandomUser/ApiRandomUser/RamdonUser/tests/random-user-test.robot">
<test id="s1-s1-t1" name="Conectar" line="13">
<kw name="Conectar API" owner="random-user-service">
<kw name="Create Session" owner="RequestsLibrary">
<msg time="2024-07-17T12:29:34.463651" level="INFO">Creating Session using : alias=consultarAPI, url=https://randomuser.me/, headers={},                     cookies={}, auth=None, timeout=None, proxies=None, verify=False,                     debug=0 </msg>
<arg>consultarAPI</arg>
<arg>${URL}</arg>
<doc>Create Session: create a HTTP session to a server</doc>
<status status="PASS" start="2024-07-17T12:29:34.463424" elapsed="0.000427"/>
</kw>
<status status="PASS" start="2024-07-17T12:29:34.462391" elapsed="0.001844"/>
</kw>
<status status="PASS" start="2024-07-17T12:29:34.461734" elapsed="0.002698"/>
</test>
<test id="s1-s1-t2" name="Validar retorno 200 e JSON Válido" line="16">
<kw name="Teste de Requisicao Basica" owner="random-user-service">
<kw name="GET On Session" owner="RequestsLibrary">
<msg time="2024-07-17T12:29:34.963740" level="INFO">GET Request : url=https://randomuser.me/api 
 path_url=/api 
 headers={'User-Agent': 'python-requests/2.32.3', 'Accept-Encoding': 'gzip, deflate', 'Accept': '*/*', 'Connection': 'keep-alive'} 
 body=None 
 </msg>
<msg time="2024-07-17T12:29:34.963900" level="INFO">GET Response : url=https://randomuser.me/api 
 status=200, reason=OK 
 headers={'Date': 'Wed, 17 Jul 2024 12:29:34 GMT', 'Content-Type': 'application/json; charset=utf-8', 'Transfer-Encoding': 'chunked', 'Connection': 'keep-alive', 'X-Powered-By': 'Express', 'Access-Control-Allow-Origin': '*', 'Cache-Control': 'no-cache', 'ETag': 'W/"4a5-7AKhq6oVs7se50BirDPpZpptiRM"', 'Vary': 'Accept-Encoding', 'Content-Encoding': 'gzip', 'CF-Cache-Status': 'DYNAMIC', 'Report-To': '{"endpoints":[{"url":"https:\\/\\/a.nel.cloudflare.com\\/report\\/v4?s=K2PHnypSucQxlzIHrpbrEnB52MvwpuMUP9NFJiZ7vnSOW2NYDmChKGBVnlg48FygaOtbr3%2ByyDRKE2zcSj9HtBPo2nYBCjCdBKiLHiG%2Bdj6anoh9sfTntTxaD%2FHZiVOX"}],"group":"cf-nel","max_age":604800}', 'NEL': '{"success_fraction":0,"report_to":"cf-nel","max_age":604800}', 'Server': 'cloudflare', 'CF-RAY': '8a4a3d034f5139b5-IAD', 'alt-svc': 'h3=":443"; ma=86400'} 
 body={"results":[{"gender":"female","name":{"title":"Ms","first":"Maricilda","last":"da Rocha"},"location":{"street":{"number":4134,"name":"Avenida da Legalidade"},"city":"Cachoeiro de Itapemirim","state":"Maranhão","country":"Brazil","postcode":52631,"coordinates":{"latitude":"-74.3461","longitude":"105.1709"},"timezone":{"offset":"-2:00","description":"Mid-Atlantic"}},"email":"maricilda.darocha@example.com","login":{"uuid":"a5f66025-7d41-4aea-b68f-7afd9880c1ed","username":"yellowkoala678","password":"louise","salt":"ZpeN5N8z","md5":"c277ef940bfd4ba92c7b08cda5a93620","sha1":"8151c18b1e11b859bc7506481457d5b64be42d33","sha256":"d8f09b2180278cdc7b0376ed998da0b49c6629848af255acd32c495dafec2295"},"dob":{"date":"2001-02-10T15:07:04.844Z","age":23},"registered":{"date":"2019-06-17T19:24:33.482Z","age":5},"phone":"(55) 0719-8463","cell":"(76) 3537-4703","id":{"name":"CPF","value":"268.928.224-47"},"picture":{"large":"https://randomuser.me/api/portraits/women/59.jpg","medium":"https://randomuser.me/api/portraits/med/women/59.jpg","thumbnail":"https://randomuser.me/api/portraits/thumb/women/59.jpg"},"nat":"BR"}],"info":{"seed":"590457296e9207f6","results":1,"page":1,"version":"1.4"}} 
 </msg>
<msg time="2024-07-17T12:29:34.963987" level="INFO">/opt/hostedtoolcache/Python/3.12.4/x64/lib/python3.12/site-packages/urllib3/connectionpool.py:1099: InsecureRequestWarning: Unverified HTTPS request is being made to host 'randomuser.me'. Adding certificate verification is strongly advised. See: https://urllib3.readthedocs.io/en/latest/advanced-usage.html#tls-warnings
  warnings.warn(</msg>
<msg time="2024-07-17T12:29:34.964138" level="INFO">${response} = &lt;Response [200]&gt;</msg>
<var>${response}</var>
<arg>consultarAPI</arg>
<arg>/api</arg>
<doc>Sends a GET request on a previously created HTTP Session.</doc>
<status status="PASS" start="2024-07-17T12:29:34.467153" elapsed="0.497028"/>
</kw>
<kw name="Should Be Equal As Numbers" owner="BuiltIn">
<msg time="2024-07-17T12:29:34.965422" level="INFO">Argument types are:
&lt;class 'int'&gt;
&lt;class 'str'&gt;</msg>
<arg>${response.status_code}</arg>
<arg>200</arg>
<doc>Fails if objects are unequal after converting them to real numbers.</doc>
<status status="PASS" start="2024-07-17T12:29:34.964897" elapsed="0.000591"/>
</kw>
<kw name="Log" owner="BuiltIn">
<msg time="2024-07-17T12:29:34.966147" level="INFO">200</msg>
<arg>${response.status_code}</arg>
<doc>Logs the given message with the given level.</doc>
<status status="PASS" start="2024-07-17T12:29:34.965805" elapsed="0.000384"/>
</kw>
<kw name="Set Variable" owner="BuiltIn">
<msg time="2024-07-17T12:29:34.966923" level="INFO">${json_data} = {'results': [{'gender': 'female', 'name': {'title': 'Ms', 'first': 'Maricilda', 'last': 'da Rocha'}, 'location': {'street': {'number': 4134, 'name': 'Avenida da Legalidade'}, 'city': 'Cachoeiro de Ita...</msg>
<var>${json_data}</var>
<arg>${response.json()}</arg>
<doc>Returns the given values which can then be assigned to a variables.</doc>
<status status="PASS" start="2024-07-17T12:29:34.966490" elapsed="0.000461"/>
</kw>
<kw name="Dictionary Should Contain Key" owner="Collections">
<arg>${json_data}</arg>
<arg>results</arg>
<doc>Fails if ``key`` is not found from ``dictionary``.</doc>
<status status="PASS" start="2024-07-17T12:29:34.967245" elapsed="0.000165"/>
</kw>
<status status="PASS" start="2024-07-17T12:29:34.466888" elapsed="0.500670"/>
</kw>
<doc>Testa se a API responde corretamente e retorna um objeto JSON válido.</doc>
<tag>testeRequisicaoBasica</tag>
<status status="PASS" start="2024-07-17T12:29:34.466383" elapsed="0.501355"/>
</test>
<test id="s1-s1-t3" name="Validar estrutura de resposta" line="22">
<kw name="Teste de Estrutura de Resposta" owner="random-user-service">
<kw name="GET On Session" owner="RequestsLibrary">
<msg time="2024-07-17T12:29:35.057648" level="INFO">GET Request : url=https://randomuser.me/api 
 path_url=/api 
 headers={'User-Agent': 'python-requests/2.32.3', 'Accept-Encoding': 'gzip, deflate', 'Accept': '*/*', 'Connection': 'keep-alive'} 
 body=None 
 </msg>
<msg time="2024-07-17T12:29:35.057748" level="INFO">GET Response : url=https://randomuser.me/api 
 status=200, reason=OK 
 headers={'Date': 'Wed, 17 Jul 2024 12:29:35 GMT', 'Content-Type': 'application/json; charset=utf-8', 'Transfer-Encoding': 'chunked', 'Connection': 'keep-alive', 'X-Powered-By': 'Express', 'Access-Control-Allow-Origin': '*', 'Cache-Control': 'no-cache', 'ETag': 'W/"48e-WoXSPNzCP+89AA6+BmQKM05V3Lg"', 'Vary': 'Accept-Encoding', 'Content-Encoding': 'gzip', 'CF-Cache-Status': 'DYNAMIC', 'Report-To': '{"endpoints":[{"url":"https:\\/\\/a.nel.cloudflare.com\\/report\\/v4?s=wvFCwGmyVcGQ9szEO0h8dmR4ZTp1wA5ve8YK5rBlLx3MyFoQUf7Bfm21%2FFvRvkH%2Bxxq6r0IhB%2BtZsHY2Ws%2Bsw0TGVPmt0RVaT5vgWIW4l8%2F7BINxjDL1NtxEiSftdgRw"}],"group":"cf-nel","max_age":604800}', 'NEL': '{"success_fraction":0,"report_to":"cf-nel","max_age":604800}', 'Server': 'cloudflare', 'CF-RAY': '8a4a3d0599e839b5-IAD', 'alt-svc': 'h3=":443"; ma=86400'} 
 body={"results":[{"gender":"female","name":{"title":"Ms","first":"Zoe","last":"Chow"},"location":{"street":{"number":3091,"name":"Main St"},"city":"Vanier","state":"New Brunswick","country":"Canada","postcode":"V7C 4Q0","coordinates":{"latitude":"-65.4029","longitude":"77.4963"},"timezone":{"offset":"+5:00","description":"Ekaterinburg, Islamabad, Karachi, Tashkent"}},"email":"zoe.chow@example.com","login":{"uuid":"f2ba49e4-9b3e-4e23-b3b4-f90da6ad7839","username":"crazywolf629","password":"prelude","salt":"Ql56knCn","md5":"ef37fbbc42da07a1369c3ad244577a39","sha1":"b5371439888b675bc5259b59ea0aaaed9a024c43","sha256":"da7d3d149b6a22751aeb851e6198e390f7262ba63ed15ae89fea92f4bd676bbc"},"dob":{"date":"1946-09-07T03:57:29.932Z","age":77},"registered":{"date":"2019-08-15T02:55:16.966Z","age":4},"phone":"K68 M51-6139","cell":"C12 E47-7083","id":{"name":"SIN","value":"396162869"},"picture":{"large":"https://randomuser.me/api/portraits/women/65.jpg","medium":"https://randomuser.me/api/portraits/med/women/65.jpg","thumbnail":"https://randomuser.me/api/portraits/thumb/women/65.jpg"},"nat":"CA"}],"info":{"seed":"afcce471fa2ffb74","results":1,"page":1,"version":"1.4"}} 
 </msg>
<msg time="2024-07-17T12:29:35.057880" level="INFO">/opt/hostedtoolcache/Python/3.12.4/x64/lib/python3.12/site-packages/urllib3/connectionpool.py:1099: InsecureRequestWarning: Unverified HTTPS request is being made to host 'randomuser.me'. Adding certificate verification is strongly advised. See: https://urllib3.readthedocs.io/en/latest/advanced-usage.html#tls-warnings
  warnings.warn(</msg>
<msg time="2024-07-17T12:29:35.058019" level="INFO">${response} = &lt;Response [200]&gt;</msg>
<var>${response}</var>
<arg>consultarAPI</arg>
<arg>/api</arg>
<doc>Sends a GET request on a previously created HTTP Session.</doc>
<status status="PASS" start="2024-07-17T12:29:34.971150" elapsed="0.086911"/>
</kw>
<kw name="Set Variable" owner="BuiltIn">
<msg time="2024-07-17T12:29:35.059208" level="INFO">${json_data} = {'results': [{'gender': 'female', 'name': {'title': 'Ms', 'first': 'Zoe', 'last': 'Chow'}, 'location': {'street': {'number': 3091, 'name': 'Main St'}, 'city': 'Vanier', 'state': 'New Brunswick', 'coun...</msg>
<var>${json_data}</var>
<arg>${response.json()}</arg>
<doc>Returns the given values which can then be assigned to a variables.</doc>
<status status="PASS" start="2024-07-17T12:29:35.058677" elapsed="0.000559"/>
</kw>
<kw name="Log" owner="BuiltIn">
<msg time="2024-07-17T12:29:35.059701" level="INFO">{'results': [{'gender': 'female', 'name': {'title': 'Ms', 'first': 'Zoe', 'last': 'Chow'}, 'location': {'street': {'number': 3091, 'name': 'Main St'}, 'city': 'Vanier', 'state': 'New Brunswick', 'country': 'Canada', 'postcode': 'V7C 4Q0', 'coordinates': {'latitude': '-65.4029', 'longitude': '77.4963'}, 'timezone': {'offset': '+5:00', 'description': 'Ekaterinburg, Islamabad, Karachi, Tashkent'}}, 'email': 'zoe.chow@example.com', 'login': {'uuid': 'f2ba49e4-9b3e-4e23-b3b4-f90da6ad7839', 'username': 'crazywolf629', 'password': 'prelude', 'salt': 'Ql56knCn', 'md5': 'ef37fbbc42da07a1369c3ad244577a39', 'sha1': 'b5371439888b675bc5259b59ea0aaaed9a024c43', 'sha256': 'da7d3d149b6a22751aeb851e6198e390f7262ba63ed15ae89fea92f4bd676bbc'}, 'dob': {'date': '1946-09-07T03:57:29.932Z', 'age': 77}, 'registered': {'date': '2019-08-15T02:55:16.966Z', 'age': 4}, 'phone': 'K68 M51-6139', 'cell': 'C12 E47-7083', 'id': {'name': 'SIN', 'value': '396162869'}, 'picture': {'large': 'https://randomuser.me/api/portraits/women/65.jpg', 'medium': 'https://randomuser.me/api/portraits/med/women/65.jpg', 'thumbnail': 'https://randomuser.me/api/portraits/thumb/women/65.jpg'}, 'nat': 'CA'}], 'info': {'seed': 'afcce471fa2ffb74', 'results': 1, 'page': 1, 'version': '1.4'}}</msg>
<arg>${json_data}</arg>
<doc>Logs the given message with the given level.</doc>
<status status="PASS" start="2024-07-17T12:29:35.059543" elapsed="0.000207"/>
</kw>
<kw name="Dictionary Should Contain Key" owner="Collections">
<arg>${json_data}</arg>
<arg>results</arg>
<doc>Fails if ``key`` is not found from ``dictionary``.</doc>
<status status="PASS" start="2024-07-17T12:29:35.060036" elapsed="0.000162"/>
</kw>
<kw name="Should Not Be Empty" owner="BuiltIn">
<msg time="2024-07-17T12:29:35.060512" level="INFO">Length is 2.</msg>
<arg>${json_data}</arg>
<doc>Verifies that the given item is not empty.</doc>
<status status="PASS" start="2024-07-17T12:29:35.060381" elapsed="0.000168"/>
</kw>
<kw name="Create List" owner="BuiltIn">
<msg time="2024-07-17T12:29:35.061021" level="INFO">${expected_keys} = ['gender', 'name', 'location', 'email', 'login']</msg>
<var>${expected_keys}</var>
<arg>gender</arg>
<arg>name</arg>
<arg>location</arg>
<arg>email</arg>
<arg>login</arg>
<doc>Returns a list containing given items.</doc>
<status status="PASS" start="2024-07-17T12:29:35.060844" elapsed="0.000205"/>
</kw>
<for flavor="IN">
<iter>
<kw name="Dictionary Should Contain Key" owner="Collections">
<arg>${json_data['results'][0]}</arg>
<arg>${key}</arg>
<doc>Fails if ``key`` is not found from ``dictionary``.</doc>
<status status="PASS" start="2024-07-17T12:29:35.061806" elapsed="0.000397"/>
</kw>
<kw name="Log" owner="BuiltIn">
<msg time="2024-07-17T12:29:35.062750" level="INFO">{'gender': 'female', 'name': {'title': 'Ms', 'first': 'Zoe', 'last': 'Chow'}, 'location': {'street': {'number': 3091, 'name': 'Main St'}, 'city': 'Vanier', 'state': 'New Brunswick', 'country': 'Canada', 'postcode': 'V7C 4Q0', 'coordinates': {'latitude': '-65.4029', 'longitude': '77.4963'}, 'timezone': {'offset': '+5:00', 'description': 'Ekaterinburg, Islamabad, Karachi, Tashkent'}}, 'email': 'zoe.chow@example.com', 'login': {'uuid': 'f2ba49e4-9b3e-4e23-b3b4-f90da6ad7839', 'username': 'crazywolf629', 'password': 'prelude', 'salt': 'Ql56knCn', 'md5': 'ef37fbbc42da07a1369c3ad244577a39', 'sha1': 'b5371439888b675bc5259b59ea0aaaed9a024c43', 'sha256': 'da7d3d149b6a22751aeb851e6198e390f7262ba63ed15ae89fea92f4bd676bbc'}, 'dob': {'date': '1946-09-07T03:57:29.932Z', 'age': 77}, 'registered': {'date': '2019-08-15T02:55:16.966Z', 'age': 4}, 'phone': 'K68 M51-6139', 'cell': 'C12 E47-7083', 'id': {'name': 'SIN', 'value': '396162869'}, 'picture': {'large': 'https://randomuser.me/api/portraits/women/65.jpg', 'medium': 'https://randomuser.me/api/portraits/med/women/65.jpg', 'thumbnail': 'https://randomuser.me/api/portraits/thumb/women/65.jpg'}, 'nat': 'CA'}</msg>
<arg>${json_data['results'][0]}</arg>
<doc>Logs the given message with the given level.</doc>
<status status="PASS" start="2024-07-17T12:29:35.062392" elapsed="0.000407"/>
</kw>
<kw name="Log" owner="BuiltIn">
<msg time="2024-07-17T12:29:35.063238" level="INFO">gender</msg>
<arg>${key}</arg>
<doc>Logs the given message with the given level.</doc>
<status status="PASS" start="2024-07-17T12:29:35.063109" elapsed="0.000166"/>
</kw>
<var name="${key}">gender</var>
<status status="PASS" start="2024-07-17T12:29:35.061684" elapsed="0.001804"/>
</iter>
<iter>
<kw name="Dictionary Should Contain Key" owner="Collections">
<arg>${json_data['results'][0]}</arg>
<arg>${key}</arg>
<doc>Fails if ``key`` is not found from ``dictionary``.</doc>
<status status="PASS" start="2024-07-17T12:29:35.063778" elapsed="0.000380"/>
</kw>
<kw name="Log" owner="BuiltIn">
<msg time="2024-07-17T12:29:35.064679" level="INFO">{'gender': 'female', 'name': {'title': 'Ms', 'first': 'Zoe', 'last': 'Chow'}, 'location': {'street': {'number': 3091, 'name': 'Main St'}, 'city': 'Vanier', 'state': 'New Brunswick', 'country': 'Canada', 'postcode': 'V7C 4Q0', 'coordinates': {'latitude': '-65.4029', 'longitude': '77.4963'}, 'timezone': {'offset': '+5:00', 'description': 'Ekaterinburg, Islamabad, Karachi, Tashkent'}}, 'email': 'zoe.chow@example.com', 'login': {'uuid': 'f2ba49e4-9b3e-4e23-b3b4-f90da6ad7839', 'username': 'crazywolf629', 'password': 'prelude', 'salt': 'Ql56knCn', 'md5': 'ef37fbbc42da07a1369c3ad244577a39', 'sha1': 'b5371439888b675bc5259b59ea0aaaed9a024c43', 'sha256': 'da7d3d149b6a22751aeb851e6198e390f7262ba63ed15ae89fea92f4bd676bbc'}, 'dob': {'date': '1946-09-07T03:57:29.932Z', 'age': 77}, 'registered': {'date': '2019-08-15T02:55:16.966Z', 'age': 4}, 'phone': 'K68 M51-6139', 'cell': 'C12 E47-7083', 'id': {'name': 'SIN', 'value': '396162869'}, 'picture': {'large': 'https://randomuser.me/api/portraits/women/65.jpg', 'medium': 'https://randomuser.me/api/portraits/med/women/65.jpg', 'thumbnail': 'https://randomuser.me/api/portraits/thumb/women/65.jpg'}, 'nat': 'CA'}</msg>
<arg>${json_data['results'][0]}</arg>
<doc>Logs the given message with the given level.</doc>
<status status="PASS" start="2024-07-17T12:29:35.064337" elapsed="0.000424"/>
</kw>
<kw name="Log" owner="BuiltIn">
<msg time="2024-07-17T12:29:35.065219" level="INFO">name</msg>
<arg>${key}</arg>
<doc>Logs the given message with the given level.</doc>
<status status="PASS" start="2024-07-17T12:29:35.065087" elapsed="0.000169"/>
</kw>
<var name="${key}">name</var>
<status status="PASS" start="2024-07-17T12:29:35.063669" elapsed="0.001804"/>
</iter>
<iter>
<kw name="Dictionary Should Contain Key" owner="Collections">
<arg>${json_data['results'][0]}</arg>
<arg>${key}</arg>
<doc>Fails if ``key`` is not found from ``dictionary``.</doc>
<status status="PASS" start="2024-07-17T12:29:35.065752" elapsed="0.000372"/>
</kw>
<kw name="Log" owner="BuiltIn">
<msg time="2024-07-17T12:29:35.066652" level="INFO">{'gender': 'female', 'name': {'title': 'Ms', 'first': 'Zoe', 'last': 'Chow'}, 'location': {'street': {'number': 3091, 'name': 'Main St'}, 'city': 'Vanier', 'state': 'New Brunswick', 'country': 'Canada', 'postcode': 'V7C 4Q0', 'coordinates': {'latitude': '-65.4029', 'longitude': '77.4963'}, 'timezone': {'offset': '+5:00', 'description': 'Ekaterinburg, Islamabad, Karachi, Tashkent'}}, 'email': 'zoe.chow@example.com', 'login': {'uuid': 'f2ba49e4-9b3e-4e23-b3b4-f90da6ad7839', 'username': 'crazywolf629', 'password': 'prelude', 'salt': 'Ql56knCn', 'md5': 'ef37fbbc42da07a1369c3ad244577a39', 'sha1': 'b5371439888b675bc5259b59ea0aaaed9a024c43', 'sha256': 'da7d3d149b6a22751aeb851e6198e390f7262ba63ed15ae89fea92f4bd676bbc'}, 'dob': {'date': '1946-09-07T03:57:29.932Z', 'age': 77}, 'registered': {'date': '2019-08-15T02:55:16.966Z', 'age': 4}, 'phone': 'K68 M51-6139', 'cell': 'C12 E47-7083', 'id': {'name': 'SIN', 'value': '396162869'}, 'picture': {'large': 'https://randomuser.me/api/portraits/women/65.jpg', 'medium': 'https://randomuser.me/api/portraits/med/women/65.jpg', 'thumbnail': 'https://randomuser.me/api/portraits/thumb/women/65.jpg'}, 'nat': 'CA'}</msg>
<arg>${json_data['results'][0]}</arg>
<doc>Logs the given message with the given level.</doc>
<status status="PASS" start="2024-07-17T12:29:35.066301" elapsed="0.000397"/>
</kw>
<kw name="Log" owner="BuiltIn">
<msg time="2024-07-17T12:29:35.067118" level="INFO">location</msg>
<arg>${key}</arg>
<doc>Logs the given message with the given level.</doc>
<status status="PASS" start="2024-07-17T12:29:35.066991" elapsed="0.000163"/>
</kw>
<var name="${key}">location</var>
<status status="PASS" start="2024-07-17T12:29:35.065645" elapsed="0.001723"/>
</iter>
<iter>
<kw name="Dictionary Should Contain Key" owner="Collections">
<arg>${json_data['results'][0]}</arg>
<arg>${key}</arg>
<doc>Fails if ``key`` is not found from ``dictionary``.</doc>
<status status="PASS" start="2024-07-17T12:29:35.067643" elapsed="0.000379"/>
</kw>
<kw name="Log" owner="BuiltIn">
<msg time="2024-07-17T12:29:35.068558" level="INFO">{'gender': 'female', 'name': {'title': 'Ms', 'first': 'Zoe', 'last': 'Chow'}, 'location': {'street': {'number': 3091, 'name': 'Main St'}, 'city': 'Vanier', 'state': 'New Brunswick', 'country': 'Canada', 'postcode': 'V7C 4Q0', 'coordinates': {'latitude': '-65.4029', 'longitude': '77.4963'}, 'timezone': {'offset': '+5:00', 'description': 'Ekaterinburg, Islamabad, Karachi, Tashkent'}}, 'email': 'zoe.chow@example.com', 'login': {'uuid': 'f2ba49e4-9b3e-4e23-b3b4-f90da6ad7839', 'username': 'crazywolf629', 'password': 'prelude', 'salt': 'Ql56knCn', 'md5': 'ef37fbbc42da07a1369c3ad244577a39', 'sha1': 'b5371439888b675bc5259b59ea0aaaed9a024c43', 'sha256': 'da7d3d149b6a22751aeb851e6198e390f7262ba63ed15ae89fea92f4bd676bbc'}, 'dob': {'date': '1946-09-07T03:57:29.932Z', 'age': 77}, 'registered': {'date': '2019-08-15T02:55:16.966Z', 'age': 4}, 'phone': 'K68 M51-6139', 'cell': 'C12 E47-7083', 'id': {'name': 'SIN', 'value': '396162869'}, 'picture': {'large': 'https://randomuser.me/api/portraits/women/65.jpg', 'medium': 'https://randomuser.me/api/portraits/med/women/65.jpg', 'thumbnail': 'https://randomuser.me/api/portraits/thumb/women/65.jpg'}, 'nat': 'CA'}</msg>
<arg>${json_data['results'][0]}</arg>
<doc>Logs the given message with the given level.</doc>
<status status="PASS" start="2024-07-17T12:29:35.068211" elapsed="0.000404"/>
</kw>
<kw name="Log" owner="BuiltIn">
<msg time="2024-07-17T12:29:35.069061" level="INFO">email</msg>
<arg>${key}</arg>
<doc>Logs the given message with the given level.</doc>
<status status="PASS" start="2024-07-17T12:29:35.068905" elapsed="0.000205"/>
</kw>
<var name="${key}">email</var>
<status status="PASS" start="2024-07-17T12:29:35.067537" elapsed="0.001788"/>
</iter>
<iter>
<kw name="Dictionary Should Contain Key" owner="Collections">
<arg>${json_data['results'][0]}</arg>
<arg>${key}</arg>
<doc>Fails if ``key`` is not found from ``dictionary``.</doc>
<status status="PASS" start="2024-07-17T12:29:35.069606" elapsed="0.000390"/>
</kw>
<kw name="Log" owner="BuiltIn">
<msg time="2024-07-17T12:29:35.070521" level="INFO">{'gender': 'female', 'name': {'title': 'Ms', 'first': 'Zoe', 'last': 'Chow'}, 'location': {'street': {'number': 3091, 'name': 'Main St'}, 'city': 'Vanier', 'state': 'New Brunswick', 'country': 'Canada', 'postcode': 'V7C 4Q0', 'coordinates': {'latitude': '-65.4029', 'longitude': '77.4963'}, 'timezone': {'offset': '+5:00', 'description': 'Ekaterinburg, Islamabad, Karachi, Tashkent'}}, 'email': 'zoe.chow@example.com', 'login': {'uuid': 'f2ba49e4-9b3e-4e23-b3b4-f90da6ad7839', 'username': 'crazywolf629', 'password': 'prelude', 'salt': 'Ql56knCn', 'md5': 'ef37fbbc42da07a1369c3ad244577a39', 'sha1': 'b5371439888b675bc5259b59ea0aaaed9a024c43', 'sha256': 'da7d3d149b6a22751aeb851e6198e390f7262ba63ed15ae89fea92f4bd676bbc'}, 'dob': {'date': '1946-09-07T03:57:29.932Z', 'age': 77}, 'registered': {'date': '2019-08-15T02:55:16.966Z', 'age': 4}, 'phone': 'K68 M51-6139', 'cell': 'C12 E47-7083', 'id': {'name': 'SIN', 'value': '396162869'}, 'picture': {'large': 'https://randomuser.me/api/portraits/women/65.jpg', 'medium': 'https://randomuser.me/api/portraits/med/women/65.jpg', 'thumbnail': 'https://randomuser.me/api/portraits/thumb/women/65.jpg'}, 'nat': 'CA'}</msg>
<arg>${json_data['results'][0]}</arg>
<doc>Logs the given message with the given level.</doc>
<status status="PASS" start="2024-07-17T12:29:35.070176" elapsed="0.000402"/>
</kw>
<kw name="Log" owner="BuiltIn">
<msg time="2024-07-17T12:29:35.070998" level="INFO">login</msg>
<arg>${key}</arg>
<doc>Logs the given message with the given level.</doc>
<status status="PASS" start="2024-07-17T12:29:35.070870" elapsed="0.000164"/>
</kw>
<var name="${key}">login</var>
<status status="PASS" start="2024-07-17T12:29:35.069493" elapsed="0.001758"/>
</iter>
<var>${key}</var>
<value>@{expected_keys}</value>
<status status="PASS" start="2024-07-17T12:29:35.061487" elapsed="0.009883"/>
</for>
<kw name="Create List" owner="BuiltIn">
<msg time="2024-07-17T12:29:35.071689" level="INFO">${expected_keysTwo} = ['username', 'password']</msg>
<var>${expected_keysTwo}</var>
<arg>username</arg>
<arg>password</arg>
<doc>Returns a list containing given items.</doc>
<status status="PASS" start="2024-07-17T12:29:35.071557" elapsed="0.000183"/>
</kw>
<for flavor="IN">
<iter>
<kw name="Dictionary Should Contain Key" owner="Collections">
<arg>${json_data['results'][0]['login']}</arg>
<arg>${keyTwo}</arg>
<doc>Fails if ``key`` is not found from ``dictionary``.</doc>
<status status="PASS" start="2024-07-17T12:29:35.072237" elapsed="0.000380"/>
</kw>
<kw name="Dictionary Should Contain Key" owner="Collections">
<arg>${json_data['results'][0]['login']}</arg>
<arg>${keyTwo}</arg>
<doc>Fails if ``key`` is not found from ``dictionary``.</doc>
<status status="PASS" start="2024-07-17T12:29:35.072796" elapsed="0.000407"/>
</kw>
<kw name="Log" owner="BuiltIn">
<msg time="2024-07-17T12:29:35.073524" level="INFO">username</msg>
<arg>${keyTwo}</arg>
<doc>Logs the given message with the given level.</doc>
<status status="PASS" start="2024-07-17T12:29:35.073390" elapsed="0.000171"/>
</kw>
<var name="${keyTwo}">username</var>
<status status="PASS" start="2024-07-17T12:29:35.072132" elapsed="0.001649"/>
</iter>
<iter>
<kw name="Dictionary Should Contain Key" owner="Collections">
<arg>${json_data['results'][0]['login']}</arg>
<arg>${keyTwo}</arg>
<doc>Fails if ``key`` is not found from ``dictionary``.</doc>
<status status="PASS" start="2024-07-17T12:29:35.074053" elapsed="0.000380"/>
</kw>
<kw name="Dictionary Should Contain Key" owner="Collections">
<arg>${json_data['results'][0]['login']}</arg>
<arg>${keyTwo}</arg>
<doc>Fails if ``key`` is not found from ``dictionary``.</doc>
<status status="PASS" start="2024-07-17T12:29:35.074608" elapsed="0.000369"/>
</kw>
<kw name="Log" owner="BuiltIn">
<msg time="2024-07-17T12:29:35.075269" level="INFO">password</msg>
<arg>${keyTwo}</arg>
<doc>Logs the given message with the given level.</doc>
<status status="PASS" start="2024-07-17T12:29:35.075150" elapsed="0.000159"/>
</kw>
<var name="${keyTwo}">password</var>
<status status="PASS" start="2024-07-17T12:29:35.073949" elapsed="0.001577"/>
</iter>
<var>${keyTwo}</var>
<value>@{expected_keysTwo}</value>
<status status="PASS" start="2024-07-17T12:29:35.071981" elapsed="0.003665"/>
</for>
<status status="PASS" start="2024-07-17T12:29:34.970805" elapsed="0.104980"/>
</kw>
<doc>Testa a estrutura da resposta da API.</doc>
<tag>testeEstruturaResposta</tag>
<status status="PASS" start="2024-07-17T12:29:34.970064" elapsed="0.105877"/>
</test>
<test id="s1-s1-t4" name="Validar tipos de dados" line="28">
<kw name="Teste de Tipos de Dados" owner="random-user-service">
<kw name="GET On Session" owner="RequestsLibrary">
<msg time="2024-07-17T12:29:35.116687" level="INFO">GET Request : url=https://randomuser.me/api 
 path_url=/api 
 headers={'User-Agent': 'python-requests/2.32.3', 'Accept-Encoding': 'gzip, deflate', 'Accept': '*/*', 'Connection': 'keep-alive'} 
 body=None 
 </msg>
<msg time="2024-07-17T12:29:35.116801" level="INFO">GET Response : url=https://randomuser.me/api 
 status=200, reason=OK 
 headers={'Date': 'Wed, 17 Jul 2024 12:29:35 GMT', 'Content-Type': 'application/json; charset=utf-8', 'Transfer-Encoding': 'chunked', 'Connection': 'keep-alive', 'X-Powered-By': 'Express', 'Access-Control-Allow-Origin': '*', 'Cache-Control': 'no-cache', 'ETag': 'W/"49b-Qj5SodkLcFU7H0JSggnDeexWtck"', 'Vary': 'Accept-Encoding', 'Content-Encoding': 'gzip', 'CF-Cache-Status': 'DYNAMIC', 'Report-To': '{"endpoints":[{"url":"https:\\/\\/a.nel.cloudflare.com\\/report\\/v4?s=vNKUry5WpKq1gVTrlag7283TwXNVPmr0ScVN6yzPJot5K9ROoPGjiquz4KmHAR4WuMAeFd%2FaCVe6ejm%2BwtLMgGDDYR7VUKc%2BvIucA3iC%2FFLyk5yY034dh9y6bEjoeY%2Ba"}],"group":"cf-nel","max_age":604800}', 'NEL': '{"success_fraction":0,"report_to":"cf-nel","max_age":604800}', 'Server': 'cloudflare', 'CF-RAY': '8a4a3d063a9a39b5-IAD', 'alt-svc': 'h3=":443"; ma=86400'} 
 body={"results":[{"gender":"male","name":{"title":"Mr","first":"Jonathan","last":"Black"},"location":{"street":{"number":4113,"name":"Hillcrest Rd"},"city":"Hampton","state":"New Mexico","country":"United States","postcode":73950,"coordinates":{"latitude":"82.3580","longitude":"-48.3069"},"timezone":{"offset":"+8:00","description":"Beijing, Perth, Singapore, Hong Kong"}},"email":"jonathan.black@example.com","login":{"uuid":"81d6569b-fcef-463e-9b55-136ffff8e840","username":"goldengoose162","password":"raleigh","salt":"7X50ym3f","md5":"0218233310e867dbc91bea34e3e03475","sha1":"375a4b985909bf9e7e90180fc405f4e502ebd960","sha256":"06a3fb94acd6ccb25f4eb6f4644f989258838d1b790dd74617ba2d7daae4ab36"},"dob":{"date":"1957-06-24T14:37:48.597Z","age":67},"registered":{"date":"2010-11-06T15:13:51.876Z","age":13},"phone":"(999) 695-2003","cell":"(400) 972-4960","id":{"name":"SSN","value":"148-82-7691"},"picture":{"large":"https://randomuser.me/api/portraits/men/94.jpg","medium":"https://randomuser.me/api/portraits/med/men/94.jpg","thumbnail":"https://randomuser.me/api/portraits/thumb/men/94.jpg"},"nat":"US"}],"info":{"seed":"ec46de87f1aff865","results":1,"page":1,"version":"1.4"}} 
 </msg>
<msg time="2024-07-17T12:29:35.116883" level="INFO">/opt/hostedtoolcache/Python/3.12.4/x64/lib/python3.12/site-packages/urllib3/connectionpool.py:1099: InsecureRequestWarning: Unverified HTTPS request is being made to host 'randomuser.me'. Adding certificate verification is strongly advised. See: https://urllib3.readthedocs.io/en/latest/advanced-usage.html#tls-warnings
  warnings.warn(</msg>
<msg time="2024-07-17T12:29:35.117038" level="INFO">${response} = &lt;Response [200]&gt;</msg>
<var>${response}</var>
<arg>consultarAPI</arg>
<arg>/api</arg>
<doc>Sends a GET request on a previously created HTTP Session.</doc>
<status status="PASS" start="2024-07-17T12:29:35.078616" elapsed="0.038468"/>
</kw>
<kw name="Set Variable" owner="BuiltIn">
<msg time="2024-07-17T12:29:35.118322" level="INFO">${json_data} = {'results': [{'gender': 'male', 'name': {'title': 'Mr', 'first': 'Jonathan', 'last': 'Black'}, 'location': {'street': {'number': 4113, 'name': 'Hillcrest Rd'}, 'city': 'Hampton', 'state': 'New Mexico'...</msg>
<var>${json_data}</var>
<arg>${response.json()}</arg>
<doc>Returns the given values which can then be assigned to a variables.</doc>
<status status="PASS" start="2024-07-17T12:29:35.117759" elapsed="0.000593"/>
</kw>
<kw name="Log" owner="BuiltIn">
<msg time="2024-07-17T12:29:35.118877" level="INFO">{'results': [{'gender': 'male', 'name': {'title': 'Mr', 'first': 'Jonathan', 'last': 'Black'}, 'location': {'street': {'number': 4113, 'name': 'Hillcrest Rd'}, 'city': 'Hampton', 'state': 'New Mexico', 'country': 'United States', 'postcode': 73950, 'coordinates': {'latitude': '82.3580', 'longitude': '-48.3069'}, 'timezone': {'offset': '+8:00', 'description': 'Beijing, Perth, Singapore, Hong Kong'}}, 'email': 'jonathan.black@example.com', 'login': {'uuid': '81d6569b-fcef-463e-9b55-136ffff8e840', 'username': 'goldengoose162', 'password': 'raleigh', 'salt': '7X50ym3f', 'md5': '0218233310e867dbc91bea34e3e03475', 'sha1': '375a4b985909bf9e7e90180fc405f4e502ebd960', 'sha256': '06a3fb94acd6ccb25f4eb6f4644f989258838d1b790dd74617ba2d7daae4ab36'}, 'dob': {'date': '1957-06-24T14:37:48.597Z', 'age': 67}, 'registered': {'date': '2010-11-06T15:13:51.876Z', 'age': 13}, 'phone': '(999) 695-2003', 'cell': '(400) 972-4960', 'id': {'name': 'SSN', 'value': '148-82-7691'}, 'picture': {'large': 'https://randomuser.me/api/portraits/men/94.jpg', 'medium': 'https://randomuser.me/api/portraits/med/men/94.jpg', 'thumbnail': 'https://randomuser.me/api/portraits/thumb/men/94.jpg'}, 'nat': 'US'}], 'info': {'seed': 'ec46de87f1aff865', 'results': 1, 'page': 1, 'version': '1.4'}}</msg>
<arg>${json_data}</arg>
<doc>Logs the given message with the given level.</doc>
<status status="PASS" start="2024-07-17T12:29:35.118712" elapsed="0.000222"/>
</kw>
<kw name="Should Be String" owner="String">
<arg>${json_data['results'][0]['gender']}</arg>
<doc>Fails if the given ``item`` is not a string.</doc>
<status status="PASS" start="2024-07-17T12:29:35.119241" elapsed="0.000375"/>
</kw>
<kw name="Should Match Regexp" owner="BuiltIn">
<arg>${json_data['results'][0]['email']}</arg>
<arg>^[a-zA-Z0-9._%+-]+@[a-zA-Z0-9.-]+\.[a-zA-Z]{2,}$</arg>
<doc>Fails if ``string`` does not match ``pattern`` as a regular expression.</doc>
<status status="PASS" start="2024-07-17T12:29:35.119806" elapsed="0.000556"/>
</kw>
<kw name="Should Match Regexp" owner="BuiltIn">
<arg>${json_data['results'][0]['dob']['date']}</arg>
<arg>\\d{4}-\\d{2}-\\d{2}T\\d{2}:\\d{2}:\\d{2}\\.\\d{3}Z</arg>
<doc>Fails if ``string`` does not match ``pattern`` as a regular expression.</doc>
<status status="PASS" start="2024-07-17T12:29:35.120561" elapsed="0.000529"/>
</kw>
<kw name="Should Match Regexp" owner="BuiltIn">
<arg>${json_data['results'][0]['registered']['date']}</arg>
<arg>\\d{4}-\\d{2}-\\d{2}T\\d{2}:\\d{2}:\\d{2}\\.\\d{3}Z</arg>
<doc>Fails if ``string`` does not match ``pattern`` as a regular expression.</doc>
<status status="PASS" start="2024-07-17T12:29:35.121288" elapsed="0.000371"/>
</kw>
<kw name="Should Match Regexp" owner="BuiltIn">
<arg>${json_data['results'][0]['picture']['large']}</arg>
<arg>^https?://.*\.(?:png|jpe?g|gif|bmp)$</arg>
<doc>Fails if ``string`` does not match ``pattern`` as a regular expression.</doc>
<status status="PASS" start="2024-07-17T12:29:35.121848" elapsed="0.000468"/>
</kw>
<kw name="Should Match Regexp" owner="BuiltIn">
<arg>${json_data['results'][0]['picture']['medium']}</arg>
<arg>^https?://.*\.(?:png|jpe?g|gif|bmp)$</arg>
<doc>Fails if ``string`` does not match ``pattern`` as a regular expression.</doc>
<status status="PASS" start="2024-07-17T12:29:35.122503" elapsed="0.000361"/>
</kw>
<kw name="Should Match Regexp" owner="BuiltIn">
<arg>${json_data['results'][0]['picture']['thumbnail']}</arg>
<arg>^https?://.*\.(?:png|jpe?g|gif|bmp)$</arg>
<doc>Fails if ``string`` does not match ``pattern`` as a regular expression.</doc>
<status status="PASS" start="2024-07-17T12:29:35.123050" elapsed="0.000357"/>
</kw>
<kw name="Log" owner="BuiltIn">
<msg time="2024-07-17T12:29:35.123917" level="INFO">{'large': 'https://randomuser.me/api/portraits/men/94.jpg', 'medium': 'https://randomuser.me/api/portraits/med/men/94.jpg', 'thumbnail': 'https://randomuser.me/api/portraits/thumb/men/94.jpg'}</msg>
<arg>${json_data['results'][0]['picture']}</arg>
<doc>Logs the given message with the given level.</doc>
<status status="PASS" start="2024-07-17T12:29:35.123591" elapsed="0.000368"/>
</kw>
<status status="PASS" start="2024-07-17T12:29:35.078392" elapsed="0.045833"/>
</kw>
<kw name="Teste de Tipos de Dados - Postcode" owner="random-user-service">
<kw name="GET On Session" owner="RequestsLibrary">
<msg time="2024-07-17T12:29:35.217441" level="INFO">GET Request : url=https://randomuser.me/api 
 path_url=/api 
 headers={'User-Agent': 'python-requests/2.32.3', 'Accept-Encoding': 'gzip, deflate', 'Accept': '*/*', 'Connection': 'keep-alive'} 
 body=None 
 </msg>
<msg time="2024-07-17T12:29:35.217554" level="INFO">GET Response : url=https://randomuser.me/api 
 status=200, reason=OK 
 headers={'Date': 'Wed, 17 Jul 2024 12:29:35 GMT', 'Content-Type': 'application/json; charset=utf-8', 'Transfer-Encoding': 'chunked', 'Connection': 'keep-alive', 'X-Powered-By': 'Express', 'Access-Control-Allow-Origin': '*', 'Cache-Control': 'no-cache', 'ETag': 'W/"4a8-SeaO69n5UEfnd7Ez1ZXmMQ2ZPHg"', 'Vary': 'Accept-Encoding', 'Content-Encoding': 'gzip', 'CF-Cache-Status': 'DYNAMIC', 'Report-To': '{"endpoints":[{"url":"https:\\/\\/a.nel.cloudflare.com\\/report\\/v4?s=DWgiyrrzJchXt4Xwn35JSWlEpDFTzRseV0d1HLnzRa0bbo7oKI7DL5Yn52u1%2BAm3bTdcrxDo11U0Xn16AX2CIKgMsi66lU0zlAQK02xTn7zs4zsVacFBQKcrl%2BViIk9u"}],"group":"cf-nel","max_age":604800}', 'NEL': '{"success_fraction":0,"report_to":"cf-nel","max_age":604800}', 'Server': 'cloudflare', 'CF-RAY': '8a4a3d068aed39b5-IAD', 'alt-svc': 'h3=":443"; ma=86400'} 
 body={"results":[{"gender":"male","name":{"title":"Mr","first":"Azélio","last":"Souza"},"location":{"street":{"number":3679,"name":"Rua São Jorge "},"city":"São José de Ribamar","state":"Mato Grosso do Sul","country":"Brazil","postcode":68955,"coordinates":{"latitude":"-80.6005","longitude":"-63.2249"},"timezone":{"offset":"+1:00","description":"Brussels, Copenhagen, Madrid, Paris"}},"email":"azelio.souza@example.com","login":{"uuid":"2f75bd6a-0c72-4c14-b416-b4c8d12e0041","username":"bigkoala747","password":"dalton","salt":"aXDkXgpm","md5":"23abf03f35bbd8c420fb74dab4033ed3","sha1":"7c036545453489e3163b32eea1c01f096455a438","sha256":"c8d5f88a0054af2f4e8b6a1518ee01b5c1faaee2e88dd3f2ab0d1f020cef758c"},"dob":{"date":"1959-01-18T14:07:58.388Z","age":65},"registered":{"date":"2017-08-24T17:52:25.972Z","age":6},"phone":"(80) 1800-2155","cell":"(40) 6694-5395","id":{"name":"CPF","value":"149.419.198-75"},"picture":{"large":"https://randomuser.me/api/portraits/men/51.jpg","medium":"https://randomuser.me/api/portraits/med/men/51.jpg","thumbnail":"https://randomuser.me/api/portraits/thumb/men/51.jpg"},"nat":"BR"}],"info":{"seed":"534121a17b7af315","results":1,"page":1,"version":"1.4"}} 
 </msg>
<msg time="2024-07-17T12:29:35.217641" level="INFO">/opt/hostedtoolcache/Python/3.12.4/x64/lib/python3.12/site-packages/urllib3/connectionpool.py:1099: InsecureRequestWarning: Unverified HTTPS request is being made to host 'randomuser.me'. Adding certificate verification is strongly advised. See: https://urllib3.readthedocs.io/en/latest/advanced-usage.html#tls-warnings
  warnings.warn(</msg>
<msg time="2024-07-17T12:29:35.217784" level="INFO">${response} = &lt;Response [200]&gt;</msg>
<var>${response}</var>
<arg>consultarAPI</arg>
<arg>/api</arg>
<doc>Sends a GET request on a previously created HTTP Session.</doc>
<status status="PASS" start="2024-07-17T12:29:35.124687" elapsed="0.093149"/>
</kw>
<kw name="Set Variable" owner="BuiltIn">
<msg time="2024-07-17T12:29:35.219059" level="INFO">${json_data} = {'results': [{'gender': 'male', 'name': {'title': 'Mr', 'first': 'Azélio', 'last': 'Souza'}, 'location': {'street': {'number': 3679, 'name': 'Rua São Jorge '}, 'city': 'São José de Ribamar', 'state': ...</msg>
<var>${json_data}</var>
<arg>${response.json()}</arg>
<doc>Returns the given values which can then be assigned to a variables.</doc>
<status status="PASS" start="2024-07-17T12:29:35.218472" elapsed="0.000618"/>
</kw>
<kw name="Log" owner="BuiltIn">
<msg time="2024-07-17T12:29:35.219613" level="INFO">{'results': [{'gender': 'male', 'name': {'title': 'Mr', 'first': 'Azélio', 'last': 'Souza'}, 'location': {'street': {'number': 3679, 'name': 'Rua São Jorge '}, 'city': 'São José de Ribamar', 'state': 'Mato Grosso do Sul', 'country': 'Brazil', 'postcode': 68955, 'coordinates': {'latitude': '-80.6005', 'longitude': '-63.2249'}, 'timezone': {'offset': '+1:00', 'description': 'Brussels, Copenhagen, Madrid, Paris'}}, 'email': 'azelio.souza@example.com', 'login': {'uuid': '2f75bd6a-0c72-4c14-b416-b4c8d12e0041', 'username': 'bigkoala747', 'password': 'dalton', 'salt': 'aXDkXgpm', 'md5': '23abf03f35bbd8c420fb74dab4033ed3', 'sha1': '7c036545453489e3163b32eea1c01f096455a438', 'sha256': 'c8d5f88a0054af2f4e8b6a1518ee01b5c1faaee2e88dd3f2ab0d1f020cef758c'}, 'dob': {'date': '1959-01-18T14:07:58.388Z', 'age': 65}, 'registered': {'date': '2017-08-24T17:52:25.972Z', 'age': 6}, 'phone': '(80) 1800-2155', 'cell': '(40) 6694-5395', 'id': {'name': 'CPF', 'value': '149.419.198-75'}, 'picture': {'large': 'https://randomuser.me/api/portraits/men/51.jpg', 'medium': 'https://randomuser.me/api/portraits/med/men/51.jpg', 'thumbnail': 'https://randomuser.me/api/portraits/thumb/men/51.jpg'}, 'nat': 'BR'}], 'info': {'seed': '534121a17b7af315', 'results': 1, 'page': 1, 'version': '1.4'}}</msg>
<arg>${json_data}</arg>
<doc>Logs the given message with the given level.</doc>
<status status="PASS" start="2024-07-17T12:29:35.219438" elapsed="0.000226"/>
</kw>
<kw name="Should Be Equal As Numbers" owner="BuiltIn">
<arg>${json_data['results'][0]['location']['postcode']}</arg>
<arg>${json_data['results'][0]['location']['postcode']}</arg>
<doc>Fails if objects are unequal after converting them to real numbers.</doc>
<status status="PASS" start="2024-07-17T12:29:35.219972" elapsed="0.000650"/>
</kw>
<kw name="Log" owner="BuiltIn">
<msg time="2024-07-17T12:29:35.221246" level="INFO">68955</msg>
<arg>${json_data['results'][0]['location']['postcode']}</arg>
<doc>Logs the given message with the given level.</doc>
<status status="PASS" start="2024-07-17T12:29:35.220822" elapsed="0.000467"/>
</kw>
<status status="PASS" start="2024-07-17T12:29:35.124456" elapsed="0.097100"/>
</kw>
<doc>Testa se os tipos de dados na resposta da API estão corretos.</doc>
<tag>testeTiposDados</tag>
<status status="PASS" start="2024-07-17T12:29:35.077741" elapsed="0.143988"/>
</test>
<test id="s1-s1-t5" name="Validar conteudo" line="35">
<kw name="Teste de Tipos de Conteudo" owner="random-user-service">
<kw name="GET On Session" owner="RequestsLibrary">
<msg time="2024-07-17T12:29:35.318640" level="INFO">GET Request : url=https://randomuser.me/api 
 path_url=/api 
 headers={'User-Agent': 'python-requests/2.32.3', 'Accept-Encoding': 'gzip, deflate', 'Accept': '*/*', 'Connection': 'keep-alive'} 
 body=None 
 </msg>
<msg time="2024-07-17T12:29:35.318751" level="INFO">GET Response : url=https://randomuser.me/api 
 status=200, reason=OK 
 headers={'Date': 'Wed, 17 Jul 2024 12:29:35 GMT', 'Content-Type': 'application/json; charset=utf-8', 'Transfer-Encoding': 'chunked', 'Connection': 'keep-alive', 'X-Powered-By': 'Express', 'Access-Control-Allow-Origin': '*', 'Cache-Control': 'no-cache', 'ETag': 'W/"48e-6aa7yzpVQ32DTQ1LruZmypk6AQE"', 'Vary': 'Accept-Encoding', 'Content-Encoding': 'gzip', 'CF-Cache-Status': 'DYNAMIC', 'Report-To': '{"endpoints":[{"url":"https:\\/\\/a.nel.cloudflare.com\\/report\\/v4?s=7Z6PXSKfPgoLSYWlsA55mBuYUV%2FHGvGec%2FE%2FxdHx44OOoJJ%2B4LiV4k18RWQvCnU5vq7Jzo9Roi0r9OR4pCI2p0zwTRVcqo3MW%2Fdx77JOoPc93ZvREF3%2FtqelSDL%2BdjYm"}],"group":"cf-nel","max_age":604800}', 'NEL': '{"success_fraction":0,"report_to":"cf-nel","max_age":604800}', 'Server': 'cloudflare', 'CF-RAY': '8a4a3d072ba739b5-IAD', 'alt-svc': 'h3=":443"; ma=86400'} 
 body={"results":[{"gender":"male","name":{"title":"Mr","first":"Andreas","last":"Thomsen"},"location":{"street":{"number":4236,"name":"Ternevej"},"city":"København N","state":"Nordjylland","country":"Denmark","postcode":79639,"coordinates":{"latitude":"-42.3180","longitude":"-57.6118"},"timezone":{"offset":"-5:00","description":"Eastern Time (US &amp; Canada), Bogota, Lima"}},"email":"andreas.thomsen@example.com","login":{"uuid":"1f36d6ac-ff75-4d95-826c-bf918f8d00a4","username":"happysnake771","password":"buceta","salt":"79Eu2Lub","md5":"72f3084bf046aa285bdcb3f275dba1f4","sha1":"913256d80b7fc9c05b6a91bb60488b4437f481d1","sha256":"7c4b1dda555df1661865667ce14b7cc5d59e6ba17c332f54dbb23b78d7162074"},"dob":{"date":"2000-10-31T10:58:46.149Z","age":23},"registered":{"date":"2013-11-06T18:04:10.342Z","age":10},"phone":"59580062","cell":"50446217","id":{"name":"CPR","value":"3110100-1169"},"picture":{"large":"https://randomuser.me/api/portraits/men/7.jpg","medium":"https://randomuser.me/api/portraits/med/men/7.jpg","thumbnail":"https://randomuser.me/api/portraits/thumb/men/7.jpg"},"nat":"DK"}],"info":{"seed":"afe2ab88de7d3644","results":1,"page":1,"version":"1.4"}} 
 </msg>
<msg time="2024-07-17T12:29:35.318857" level="INFO">/opt/hostedtoolcache/Python/3.12.4/x64/lib/python3.12/site-packages/urllib3/connectionpool.py:1099: InsecureRequestWarning: Unverified HTTPS request is being made to host 'randomuser.me'. Adding certificate verification is strongly advised. See: https://urllib3.readthedocs.io/en/latest/advanced-usage.html#tls-warnings
  warnings.warn(</msg>
<msg time="2024-07-17T12:29:35.318998" level="INFO">${response} = &lt;Response [200]&gt;</msg>
<var>${response}</var>
<arg>consultarAPI</arg>
<arg>/api</arg>
<doc>Sends a GET request on a previously created HTTP Session.</doc>
<status status="PASS" start="2024-07-17T12:29:35.224528" elapsed="0.094520"/>
</kw>
<kw name="Set Variable" owner="BuiltIn">
<msg time="2024-07-17T12:29:35.320250" level="INFO">${json_data} = {'results': [{'gender': 'male', 'name': {'title': 'Mr', 'first': 'Andreas', 'last': 'Thomsen'}, 'location': {'street': {'number': 4236, 'name': 'Ternevej'}, 'city': 'København N', 'state': 'Nordjyllan...</msg>
<var>${json_data}</var>
<arg>${response.json()}</arg>
<doc>Returns the given values which can then be assigned to a variables.</doc>
<status status="PASS" start="2024-07-17T12:29:35.319693" elapsed="0.000586"/>
</kw>
<kw name="Set Variable" owner="BuiltIn">
<msg time="2024-07-17T12:29:35.321002" level="INFO">${name_title} = Mr</msg>
<var>${name_title}</var>
<arg>${json_data["results"][0]["name"]["title"]}</arg>
<doc>Returns the given values which can then be assigned to a variables.</doc>
<status status="PASS" start="2024-07-17T12:29:35.320589" elapsed="0.000446"/>
</kw>
<kw name="Create List" owner="BuiltIn">
<msg time="2024-07-17T12:29:35.321499" level="INFO">${allowed_titles} = ['Mr', 'Ms', 'Miss', 'Mrs', 'Madame', 'Monsieur']</msg>
<var>${allowed_titles}</var>
<arg>Mr</arg>
<arg>Ms</arg>
<arg>Miss</arg>
<arg>Mrs</arg>
<arg>Madame</arg>
<arg>Monsieur</arg>
<doc>Returns a list containing given items.</doc>
<status status="PASS" start="2024-07-17T12:29:35.321348" elapsed="0.000175"/>
</kw>
<kw name="List Should Contain Value" owner="Collections">
<arg>${allowed_titles}</arg>
<arg>${name_title}</arg>
<doc>Fails if the ``value`` is not found from ``list``.</doc>
<status status="PASS" start="2024-07-17T12:29:35.321824" elapsed="0.000178"/>
</kw>
<kw name="Set Variable" owner="BuiltIn">
<msg time="2024-07-17T12:29:35.322551" level="INFO">${name_country} = DK</msg>
<var>${name_country}</var>
<arg>${json_data["results"][0]["nat"]}</arg>
<doc>Returns the given values which can then be assigned to a variables.</doc>
<status status="PASS" start="2024-07-17T12:29:35.322187" elapsed="0.000390"/>
</kw>
<kw name="Create List" owner="BuiltIn">
<msg time="2024-07-17T12:29:35.323458" level="INFO">${list_country} = ['AD', 'AE', 'AF', 'AG', 'AI', 'AL', 'AM', 'AO', 'AQ', 'AR', 'AS', 'AT', 'AU', 'AW', 'AX', 'AZ', 'BA', 'BB', 'BD', 'BE', 'BF', 'BG', 'BH', 'BI', 'BJ', 'BL', 'BM', 'BN', 'BO', 'BQ', 'BR', 'BS', 'BT', '...</msg>
<var>${list_country}</var>
<arg>AD</arg>
<arg>AE</arg>
<arg>AF</arg>
<arg>AG</arg>
<arg>AI</arg>
<arg>AL</arg>
<arg>AM</arg>
<arg>AO</arg>
<arg>AQ</arg>
<arg>AR</arg>
<arg>AS</arg>
<arg>AT</arg>
<arg>AU</arg>
<arg>AW</arg>
<arg>AX</arg>
<arg>AZ</arg>
<arg>BA</arg>
<arg>BB</arg>
<arg>BD</arg>
<arg>BE</arg>
<arg>BF</arg>
<arg>BG</arg>
<arg>BH</arg>
<arg>BI</arg>
<arg>BJ</arg>
<arg>BL</arg>
<arg>BM</arg>
<arg>BN</arg>
<arg>BO</arg>
<arg>BQ</arg>
<arg>BR</arg>
<arg>BS</arg>
<arg>BT</arg>
<arg>BV</arg>
<arg>BW</arg>
<arg>BY</arg>
<arg>BZ</arg>
<arg>CA</arg>
<arg>CC</arg>
<arg>CD</arg>
<arg>CF</arg>
<arg>CG</arg>
<arg>CH</arg>
<arg>CI</arg>
<arg>CK</arg>
<arg>CL</arg>
<arg>CM</arg>
<arg>CN</arg>
<arg>CO</arg>
<arg>CR</arg>
<arg>CU</arg>
<arg>CV</arg>
<arg>CW</arg>
<arg>CX</arg>
<arg>CY</arg>
<arg>CZ</arg>
<arg>DE</arg>
<arg>DJ</arg>
<arg>DK</arg>
<arg>DM</arg>
<arg>DO</arg>
<arg>DZ</arg>
<arg>EC</arg>
<arg>EE</arg>
<arg>EG</arg>
<arg>EH</arg>
<arg>ER</arg>
<arg>ES</arg>
<arg>ET</arg>
<arg>FI</arg>
<arg>FJ</arg>
<arg>FK</arg>
<arg>FM</arg>
<arg>FO</arg>
<arg>FR</arg>
<arg>GA</arg>
<arg>GB</arg>
<arg>GD</arg>
<arg>GE</arg>
<arg>GF</arg>
<arg>GG</arg>
<arg>GH</arg>
<arg>GI</arg>
<arg>GL</arg>
<arg>GM</arg>
<arg>GN</arg>
<arg>GP</arg>
<arg>GQ</arg>
<arg>GR</arg>
<arg>GS</arg>
<arg>GT</arg>
<arg>GU</arg>
<arg>GW</arg>
<arg>GY</arg>
<arg>HK</arg>
<arg>HM</arg>
<arg>HN</arg>
<arg>HR</arg>
<arg>HT</arg>
<arg>HU</arg>
<arg>ID</arg>
<arg>IE</arg>
<arg>IL</arg>
<arg>IM</arg>
<arg>IN</arg>
<arg>IO</arg>
<arg>IQ</arg>
<arg>IR</arg>
<arg>IS</arg>
<arg>IT</arg>
<arg>JE</arg>
<arg>JM</arg>
<arg>JO</arg>
<arg>JP</arg>
<arg>KE</arg>
<arg>KG</arg>
<arg>KH</arg>
<arg>KI</arg>
<arg>KM</arg>
<arg>KN</arg>
<arg>KP</arg>
<arg>KR</arg>
<arg>KW</arg>
<arg>KY</arg>
<arg>KZ</arg>
<arg>LA</arg>
<arg>LB</arg>
<arg>LC</arg>
<arg>LI</arg>
<arg>LK</arg>
<arg>LR</arg>
<arg>LS</arg>
<arg>LT</arg>
<arg>LU</arg>
<arg>LV</arg>
<arg>LY</arg>
<arg>MA</arg>
<arg>MC</arg>
<arg>MD</arg>
<arg>ME</arg>
<arg>MF</arg>
<arg>MG</arg>
<arg>MH</arg>
<arg>MK</arg>
<arg>ML</arg>
<arg>MM</arg>
<arg>MN</arg>
<arg>MO</arg>
<arg>MP</arg>
<arg>MQ</arg>
<arg>MR</arg>
<arg>MS</arg>
<arg>MT</arg>
<arg>MU</arg>
<arg>MV</arg>
<arg>MW</arg>
<arg>MX</arg>
<arg>MY</arg>
<arg>MZ</arg>
<arg>NA</arg>
<arg>NC</arg>
<arg>NE</arg>
<arg>NF</arg>
<arg>NG</arg>
<arg>NI</arg>
<arg>NL</arg>
<arg>NO</arg>
<arg>NP</arg>
<arg>NR</arg>
<arg>NU</arg>
<arg>NZ</arg>
<arg>OM</arg>
<arg>PA</arg>
<arg>PE</arg>
<arg>PF</arg>
<arg>PG</arg>
<arg>PH</arg>
<arg>PK</arg>
<arg>PL</arg>
<arg>PM</arg>
<arg>PN</arg>
<arg>PR</arg>
<arg>PS</arg>
<arg>PT</arg>
<arg>PW</arg>
<arg>PY</arg>
<arg>QA</arg>
<arg>RE</arg>
<arg>RO</arg>
<arg>RS</arg>
<arg>RU</arg>
<arg>RW</arg>
<arg>SA</arg>
<arg>SB</arg>
<arg>SC</arg>
<arg>SD</arg>
<arg>SE</arg>
<arg>SG</arg>
<arg>SH</arg>
<arg>SI</arg>
<arg>SJ</arg>
<arg>SK</arg>
<arg>SL</arg>
<arg>SM</arg>
<arg>SN</arg>
<arg>SO</arg>
<arg>SR</arg>
<arg>SS</arg>
<arg>ST</arg>
<arg>SV</arg>
<arg>SX</arg>
<arg>SY</arg>
<arg>SZ</arg>
<arg>TC</arg>
<arg>TD</arg>
<arg>TF</arg>
<arg>TG</arg>
<arg>TH</arg>
<arg>TJ</arg>
<arg>TK</arg>
<arg>TL</arg>
<arg>TM</arg>
<arg>TN</arg>
<arg>TO</arg>
<arg>TR</arg>
<arg>TT</arg>
<arg>TV</arg>
<arg>TW</arg>
<arg>TZ</arg>
<arg>UA</arg>
<arg>UG</arg>
<arg>UM</arg>
<arg>US</arg>
<arg>UY</arg>
<arg>UZ</arg>
<arg>VA</arg>
<arg>VC</arg>
<arg>VE</arg>
<arg>VG</arg>
<arg>VI</arg>
<arg>VN</arg>
<arg>VU</arg>
<arg>WF</arg>
<arg>WS</arg>
<arg>XK</arg>
<arg>YE</arg>
<arg>YT</arg>
<arg>ZA</arg>
<arg>ZM</arg>
<arg>ZW</arg>
<doc>Returns a list containing given items.</doc>
<status status="PASS" start="2024-07-17T12:29:35.322869" elapsed="0.000615"/>
</kw>
<kw name="List Should Contain Value" owner="Collections">
<arg>${list_country}</arg>
<arg>${name_country}</arg>
<doc>Fails if the ``value`` is not found from ``list``.</doc>
<status status="PASS" start="2024-07-17T12:29:35.324282" elapsed="0.000204"/>
</kw>
<kw name="Run Keyword If" owner="BuiltIn">
<kw name="Should Be True" owner="BuiltIn">
<arg>${True}</arg>
<doc>Fails if the given condition is not true.</doc>
<status status="PASS" start="2024-07-17T12:29:35.325457" elapsed="0.000152"/>
</kw>
<arg>${json_data["results"][0]["location"]["coordinates"]["latitude"]} &gt;= -90 and ${json_data["results"][0]["location"]["coordinates"]["latitude"]} &lt;= 90</arg>
<arg>Should Be True</arg>
<arg>${True}</arg>
<doc>Runs the given keyword with the given arguments, if ``condition`` is true.</doc>
<status status="PASS" start="2024-07-17T12:29:35.324682" elapsed="0.001055"/>
</kw>
<kw name="Run Keyword If" owner="BuiltIn">
<kw name="Should Be True" owner="BuiltIn">
<arg>${True}</arg>
<doc>Fails if the given condition is not true.</doc>
<status status="PASS" start="2024-07-17T12:29:35.326617" elapsed="0.000138"/>
</kw>
<arg>${json_data["results"][0]["location"]["coordinates"]["longitude"]} &gt;= -180 and ${json_data["results"][0]["location"]["coordinates"]["longitude"]} &lt;= 180</arg>
<arg>Should Be True</arg>
<arg>${True}</arg>
<doc>Runs the given keyword with the given arguments, if ``condition`` is true.</doc>
<status status="PASS" start="2024-07-17T12:29:35.325922" elapsed="0.000957"/>
</kw>
<status status="PASS" start="2024-07-17T12:29:35.224116" elapsed="0.102896"/>
</kw>
<doc>Testa o conteúdo específico dos campos retornados pela API.</doc>
<tag>testeConteudo</tag>
<status status="PASS" start="2024-07-17T12:29:35.223546" elapsed="0.103620"/>
</test>
<status status="PASS" start="2024-07-17T12:29:34.084595" elapsed="1.244623"/>
</suite>
<status status="PASS" start="2024-07-17T12:29:34.069770" elapsed="1.264622"/>
</suite>
<statistics>
<total>
<stat pass="5" fail="0" skip="0">All Tests</stat>
</total>
<tag>
<stat pass="1" fail="0" skip="0">testeConteudo</stat>
<stat pass="1" fail="0" skip="0">testeEstruturaResposta</stat>
<stat pass="1" fail="0" skip="0">testeRequisicaoBasica</stat>
<stat pass="1" fail="0" skip="0">testeTiposDados</stat>
</tag>
<suite>
<stat pass="5" fail="0" skip="0" id="s1" name="Tests">Tests</stat>
<stat pass="5" fail="0" skip="0" id="s1-s1" name="Random-User-Test">Tests.Random-User-Test</stat>
</suite>
</statistics>
<errors>
</errors>
</robot>
