<?xml version="1.0" encoding="UTF-8"?>
<robot generator="Robot 7.0.1 (Python 3.12.3 on linux)" generated="2024-06-17T07:14:40.265999" rpa="false" schemaversion="5">
<suite id="s1" name="Tests" source="/home/runner/work/ApiRandomUser/ApiRandomUser/RamdonUser/tests">
<suite id="s1-s1" name="Random-User-Test" source="/home/runner/work/ApiRandomUser/ApiRandomUser/RamdonUser/tests/random-user-test.robot">
<test id="s1-s1-t1" name="Conectar" line="13">
<kw name="Conectar API" owner="random-user-service">
<kw name="Create Session" owner="RequestsLibrary">
<msg time="2024-06-17T07:14:40.671892" level="INFO">Creating Session using : alias=consultarAPI, url=https://randomuser.me/, headers={},                     cookies={}, auth=None, timeout=None, proxies=None, verify=False,                     debug=0 </msg>
<arg>consultarAPI</arg>
<arg>${URL}</arg>
<doc>Create Session: create a HTTP session to a server</doc>
<status status="PASS" start="2024-06-17T07:14:40.671683" elapsed="0.000399"/>
</kw>
<status status="PASS" start="2024-06-17T07:14:40.670653" elapsed="0.001801"/>
</kw>
<status status="PASS" start="2024-06-17T07:14:40.670094" elapsed="0.002560"/>
</test>
<test id="s1-s1-t2" name="Validar retorno 200 e JSON Válido" line="16">
<kw name="Teste de Requisicao Basica" owner="random-user-service">
<kw name="GET On Session" owner="RequestsLibrary">
<msg time="2024-06-17T07:14:40.743897" level="INFO">GET Request : url=https://randomuser.me/api 
 path_url=/api 
 headers={'User-Agent': 'python-requests/2.32.3', 'Accept-Encoding': 'gzip, deflate', 'Accept': '*/*', 'Connection': 'keep-alive'} 
 body=None 
 </msg>
<msg time="2024-06-17T07:14:40.744063" level="INFO">GET Response : url=https://randomuser.me/api 
 status=200, reason=OK 
 headers={'Date': 'Mon, 17 Jun 2024 07:14:40 GMT', 'Content-Type': 'application/json; charset=utf-8', 'Transfer-Encoding': 'chunked', 'Connection': 'keep-alive', 'X-Powered-By': 'Express', 'Access-Control-Allow-Origin': '*', 'Cache-Control': 'no-cache', 'ETag': 'W/"479-PhH3geVwyv/YmX5k8eYAJedB19w"', 'Vary': 'Accept-Encoding', 'Content-Encoding': 'gzip', 'CF-Cache-Status': 'DYNAMIC', 'Report-To': '{"endpoints":[{"url":"https:\\/\\/a.nel.cloudflare.com\\/report\\/v4?s=UMqe51r%2Fn22niyxK%2BH2AEIdCJsW9kGsA7ielh%2BBnWNIB9V8bExUa7Xii%2FutTjTrJTRruMrGvzL6bZ03pI2EDOcyjIu5nioYjP38d8fPCn2t02Xddj%2BBKdVu31S8sTXpX"}],"group":"cf-nel","max_age":604800}', 'NEL': '{"success_fraction":0,"report_to":"cf-nel","max_age":604800}', 'Server': 'cloudflare', 'CF-RAY': '89513e7c7db93926-IAD', 'alt-svc': 'h3=":443"; ma=86400'} 
 body={"results":[{"gender":"male","name":{"title":"Mr","first":"Leonard","last":"Ellis"},"location":{"street":{"number":284,"name":"Main Street"},"city":"Ennis","state":"Wexford","country":"Ireland","postcode":76090,"coordinates":{"latitude":"1.9730","longitude":"-115.3838"},"timezone":{"offset":"+2:00","description":"Kaliningrad, South Africa"}},"email":"leonard.ellis@example.com","login":{"uuid":"938066fb-e35d-4043-9e39-53191112f69b","username":"bluemeercat407","password":"twelve","salt":"6mu2dqpM","md5":"eb9e82d0b8955b1a61b4926331957a3f","sha1":"6f00a5eef72b4602dd572b373731950e83b57d32","sha256":"9910ceeba7eeb93d1bedd83f98a5de874d459fddf7be564bb51b2f47f8df6d05"},"dob":{"date":"1955-05-21T16:30:35.310Z","age":69},"registered":{"date":"2003-07-02T15:58:01.057Z","age":20},"phone":"011-111-9366","cell":"081-868-4081","id":{"name":"PPS","value":"0535201T"},"picture":{"large":"https://randomuser.me/api/portraits/men/59.jpg","medium":"https://randomuser.me/api/portraits/med/men/59.jpg","thumbnail":"https://randomuser.me/api/portraits/thumb/men/59.jpg"},"nat":"IE"}],"info":{"seed":"d52123ca3c06b060","results":1,"page":1,"version":"1.4"}} 
 </msg>
<msg time="2024-06-17T07:14:40.744148" level="INFO">/opt/hostedtoolcache/Python/3.12.3/x64/lib/python3.12/site-packages/urllib3/connectionpool.py:1103: InsecureRequestWarning: Unverified HTTPS request is being made to host 'randomuser.me'. Adding certificate verification is strongly advised. See: https://urllib3.readthedocs.io/en/latest/advanced-usage.html#tls-warnings
  warnings.warn(</msg>
<msg time="2024-06-17T07:14:40.744313" level="INFO">${response} = &lt;Response [200]&gt;</msg>
<var>${response}</var>
<arg>consultarAPI</arg>
<arg>/api</arg>
<doc>Sends a GET request on a previously created HTTP Session.</doc>
<status status="PASS" start="2024-06-17T07:14:40.675286" elapsed="0.069072"/>
</kw>
<kw name="Should Be Equal As Numbers" owner="BuiltIn">
<msg time="2024-06-17T07:14:40.745420" level="INFO">Argument types are:
&lt;class 'int'&gt;
&lt;class 'str'&gt;</msg>
<arg>${response.status_code}</arg>
<arg>200</arg>
<doc>Fails if objects are unequal after converting them to real numbers.</doc>
<status status="PASS" start="2024-06-17T07:14:40.744958" elapsed="0.000531"/>
</kw>
<kw name="Log" owner="BuiltIn">
<msg time="2024-06-17T07:14:40.746231" level="INFO">200</msg>
<arg>${response.status_code}</arg>
<doc>Logs the given message with the given level.</doc>
<status status="PASS" start="2024-06-17T07:14:40.745857" elapsed="0.000424"/>
</kw>
<kw name="Set Variable" owner="BuiltIn">
<msg time="2024-06-17T07:14:40.747077" level="INFO">${json_data} = {'results': [{'gender': 'male', 'name': {'title': 'Mr', 'first': 'Leonard', 'last': 'Ellis'}, 'location': {'street': {'number': 284, 'name': 'Main Street'}, 'city': 'Ennis', 'state': 'Wexford', 'count...</msg>
<var>${json_data}</var>
<arg>${response.json()}</arg>
<doc>Returns the given values which can then be assigned to a variables.</doc>
<status status="PASS" start="2024-06-17T07:14:40.746600" elapsed="0.000508"/>
</kw>
<kw name="Dictionary Should Contain Key" owner="Collections">
<arg>${json_data}</arg>
<arg>results</arg>
<doc>Fails if ``key`` is not found from ``dictionary``.</doc>
<status status="PASS" start="2024-06-17T07:14:40.747418" elapsed="0.000168"/>
</kw>
<status status="PASS" start="2024-06-17T07:14:40.675034" elapsed="0.072706"/>
</kw>
<doc>Testa se a API responde corretamente e retorna um objeto JSON válido.</doc>
<tag>testeRequisicaoBasica</tag>
<status status="PASS" start="2024-06-17T07:14:40.674534" elapsed="0.073385"/>
</test>
<test id="s1-s1-t3" name="Validar estrutura de resposta" line="22">
<kw name="Teste de Estrutura de Resposta" owner="random-user-service">
<kw name="GET On Session" owner="RequestsLibrary">
<msg time="2024-06-17T07:14:40.845982" level="INFO">GET Request : url=https://randomuser.me/api 
 path_url=/api 
 headers={'User-Agent': 'python-requests/2.32.3', 'Accept-Encoding': 'gzip, deflate', 'Accept': '*/*', 'Connection': 'keep-alive'} 
 body=None 
 </msg>
<msg time="2024-06-17T07:14:40.846094" level="INFO">GET Response : url=https://randomuser.me/api 
 status=200, reason=OK 
 headers={'Date': 'Mon, 17 Jun 2024 07:14:40 GMT', 'Content-Type': 'application/json; charset=utf-8', 'Transfer-Encoding': 'chunked', 'Connection': 'keep-alive', 'X-Powered-By': 'Express', 'Access-Control-Allow-Origin': '*', 'Cache-Control': 'no-cache', 'ETag': 'W/"4b6-Ppn9T7FKKTaoMU0BQTdrTox0AYw"', 'Vary': 'Accept-Encoding', 'Content-Encoding': 'gzip', 'CF-Cache-Status': 'DYNAMIC', 'Report-To': '{"endpoints":[{"url":"https:\\/\\/a.nel.cloudflare.com\\/report\\/v4?s=IqeI4W7iC3u07abMdPHYktkkCU7lSVnC6v8SsMCLpLlXDkS9xgStVYvoat8tCp%2BfffbPjAOSZu2Tjw471%2F%2BdkktxHVaCxaP4BZa30dTill%2BxoQ7KmOmvMk3x2cDGsWzY"}],"group":"cf-nel","max_age":604800}', 'NEL': '{"success_fraction":0,"report_to":"cf-nel","max_age":604800}', 'Server': 'cloudflare', 'CF-RAY': '89513e7cbdf53926-IAD', 'alt-svc': 'h3=":443"; ma=86400'} 
 body={"results":[{"gender":"male","name":{"title":"Mr","first":"Druso","last":"Teixeira"},"location":{"street":{"number":2457,"name":"Avenida Vinícius de Morais"},"city":"São José dos Pinhais","state":"Bahia","country":"Brazil","postcode":26121,"coordinates":{"latitude":"-75.9814","longitude":"-143.8600"},"timezone":{"offset":"-5:00","description":"Eastern Time (US &amp; Canada), Bogota, Lima"}},"email":"druso.teixeira@example.com","login":{"uuid":"4f331d22-db0c-4af3-850d-37a4b281bc03","username":"beautifulswan306","password":"encore","salt":"ZUcVP0oq","md5":"937415e4b2df0c51961e3cfab14b5457","sha1":"90d544ae9a3ee5f291062da2587220c17a93d52f","sha256":"8d8704ab213fe06f7fdfd343347bcac16f5c769b60e28825efe24727021ca265"},"dob":{"date":"1970-05-21T12:35:54.511Z","age":54},"registered":{"date":"2015-02-08T03:33:59.595Z","age":9},"phone":"(61) 5077-0283","cell":"(52) 6144-9305","id":{"name":"CPF","value":"680.275.542-14"},"picture":{"large":"https://randomuser.me/api/portraits/men/29.jpg","medium":"https://randomuser.me/api/portraits/med/men/29.jpg","thumbnail":"https://randomuser.me/api/portraits/thumb/men/29.jpg"},"nat":"BR"}],"info":{"seed":"b0e0a6ca03cebd99","results":1,"page":1,"version":"1.4"}} 
 </msg>
<msg time="2024-06-17T07:14:40.846231" level="INFO">/opt/hostedtoolcache/Python/3.12.3/x64/lib/python3.12/site-packages/urllib3/connectionpool.py:1103: InsecureRequestWarning: Unverified HTTPS request is being made to host 'randomuser.me'. Adding certificate verification is strongly advised. See: https://urllib3.readthedocs.io/en/latest/advanced-usage.html#tls-warnings
  warnings.warn(</msg>
<msg time="2024-06-17T07:14:40.846377" level="INFO">${response} = &lt;Response [200]&gt;</msg>
<var>${response}</var>
<arg>consultarAPI</arg>
<arg>/api</arg>
<doc>Sends a GET request on a previously created HTTP Session.</doc>
<status status="PASS" start="2024-06-17T07:14:40.750947" elapsed="0.095477"/>
</kw>
<kw name="Set Variable" owner="BuiltIn">
<msg time="2024-06-17T07:14:40.847503" level="INFO">${json_data} = {'results': [{'gender': 'male', 'name': {'title': 'Mr', 'first': 'Druso', 'last': 'Teixeira'}, 'location': {'street': {'number': 2457, 'name': 'Avenida Vinícius de Morais'}, 'city': 'São José dos Pinh...</msg>
<var>${json_data}</var>
<arg>${response.json()}</arg>
<doc>Returns the given values which can then be assigned to a variables.</doc>
<status status="PASS" start="2024-06-17T07:14:40.846962" elapsed="0.000571"/>
</kw>
<kw name="Log" owner="BuiltIn">
<msg time="2024-06-17T07:14:40.848011" level="INFO">{'results': [{'gender': 'male', 'name': {'title': 'Mr', 'first': 'Druso', 'last': 'Teixeira'}, 'location': {'street': {'number': 2457, 'name': 'Avenida Vinícius de Morais'}, 'city': 'São José dos Pinhais', 'state': 'Bahia', 'country': 'Brazil', 'postcode': 26121, 'coordinates': {'latitude': '-75.9814', 'longitude': '-143.8600'}, 'timezone': {'offset': '-5:00', 'description': 'Eastern Time (US &amp; Canada), Bogota, Lima'}}, 'email': 'druso.teixeira@example.com', 'login': {'uuid': '4f331d22-db0c-4af3-850d-37a4b281bc03', 'username': 'beautifulswan306', 'password': 'encore', 'salt': 'ZUcVP0oq', 'md5': '937415e4b2df0c51961e3cfab14b5457', 'sha1': '90d544ae9a3ee5f291062da2587220c17a93d52f', 'sha256': '8d8704ab213fe06f7fdfd343347bcac16f5c769b60e28825efe24727021ca265'}, 'dob': {'date': '1970-05-21T12:35:54.511Z', 'age': 54}, 'registered': {'date': '2015-02-08T03:33:59.595Z', 'age': 9}, 'phone': '(61) 5077-0283', 'cell': '(52) 6144-9305', 'id': {'name': 'CPF', 'value': '680.275.542-14'}, 'picture': {'large': 'https://randomuser.me/api/portraits/men/29.jpg', 'medium': 'https://randomuser.me/api/portraits/med/men/29.jpg', 'thumbnail': 'https://randomuser.me/api/portraits/thumb/men/29.jpg'}, 'nat': 'BR'}], 'info': {'seed': 'b0e0a6ca03cebd99', 'results': 1, 'page': 1, 'version': '1.4'}}</msg>
<arg>${json_data}</arg>
<doc>Logs the given message with the given level.</doc>
<status status="PASS" start="2024-06-17T07:14:40.847844" elapsed="0.000226"/>
</kw>
<kw name="Dictionary Should Contain Key" owner="Collections">
<arg>${json_data}</arg>
<arg>results</arg>
<doc>Fails if ``key`` is not found from ``dictionary``.</doc>
<status status="PASS" start="2024-06-17T07:14:40.848368" elapsed="0.000158"/>
</kw>
<kw name="Should Not Be Empty" owner="BuiltIn">
<msg time="2024-06-17T07:14:40.848841" level="INFO">Length is 2.</msg>
<arg>${json_data}</arg>
<doc>Verifies that the given item is not empty.</doc>
<status status="PASS" start="2024-06-17T07:14:40.848709" elapsed="0.000173"/>
</kw>
<kw name="Create List" owner="BuiltIn">
<msg time="2024-06-17T07:14:40.849328" level="INFO">${expected_keys} = ['gender', 'name', 'location', 'email', 'login']</msg>
<var>${expected_keys}</var>
<arg>gender</arg>
<arg>name</arg>
<arg>location</arg>
<arg>email</arg>
<arg>login</arg>
<doc>Returns a list containing given items.</doc>
<status status="PASS" start="2024-06-17T07:14:40.849178" elapsed="0.000175"/>
</kw>
<for flavor="IN">
<iter>
<kw name="Dictionary Should Contain Key" owner="Collections">
<arg>${json_data['results'][0]}</arg>
<arg>${key}</arg>
<doc>Fails if ``key`` is not found from ``dictionary``.</doc>
<status status="PASS" start="2024-06-17T07:14:40.850113" elapsed="0.000405"/>
</kw>
<kw name="Log" owner="BuiltIn">
<msg time="2024-06-17T07:14:40.851111" level="INFO">{'gender': 'male', 'name': {'title': 'Mr', 'first': 'Druso', 'last': 'Teixeira'}, 'location': {'street': {'number': 2457, 'name': 'Avenida Vinícius de Morais'}, 'city': 'São José dos Pinhais', 'state': 'Bahia', 'country': 'Brazil', 'postcode': 26121, 'coordinates': {'latitude': '-75.9814', 'longitude': '-143.8600'}, 'timezone': {'offset': '-5:00', 'description': 'Eastern Time (US &amp; Canada), Bogota, Lima'}}, 'email': 'druso.teixeira@example.com', 'login': {'uuid': '4f331d22-db0c-4af3-850d-37a4b281bc03', 'username': 'beautifulswan306', 'password': 'encore', 'salt': 'ZUcVP0oq', 'md5': '937415e4b2df0c51961e3cfab14b5457', 'sha1': '90d544ae9a3ee5f291062da2587220c17a93d52f', 'sha256': '8d8704ab213fe06f7fdfd343347bcac16f5c769b60e28825efe24727021ca265'}, 'dob': {'date': '1970-05-21T12:35:54.511Z', 'age': 54}, 'registered': {'date': '2015-02-08T03:33:59.595Z', 'age': 9}, 'phone': '(61) 5077-0283', 'cell': '(52) 6144-9305', 'id': {'name': 'CPF', 'value': '680.275.542-14'}, 'picture': {'large': 'https://randomuser.me/api/portraits/men/29.jpg', 'medium': 'https://randomuser.me/api/portraits/med/men/29.jpg', 'thumbnail': 'https://randomuser.me/api/portraits/thumb/men/29.jpg'}, 'nat': 'BR'}</msg>
<arg>${json_data['results'][0]}</arg>
<doc>Logs the given message with the given level.</doc>
<status status="PASS" start="2024-06-17T07:14:40.850708" elapsed="0.000467"/>
</kw>
<kw name="Log" owner="BuiltIn">
<msg time="2024-06-17T07:14:40.851602" level="INFO">gender</msg>
<arg>${key}</arg>
<doc>Logs the given message with the given level.</doc>
<status status="PASS" start="2024-06-17T07:14:40.851475" elapsed="0.000165"/>
</kw>
<var name="${key}">gender</var>
<status status="PASS" start="2024-06-17T07:14:40.849983" elapsed="0.001878"/>
</iter>
<iter>
<kw name="Dictionary Should Contain Key" owner="Collections">
<arg>${json_data['results'][0]}</arg>
<arg>${key}</arg>
<doc>Fails if ``key`` is not found from ``dictionary``.</doc>
<status status="PASS" start="2024-06-17T07:14:40.852157" elapsed="0.000402"/>
</kw>
<kw name="Log" owner="BuiltIn">
<msg time="2024-06-17T07:14:40.853138" level="INFO">{'gender': 'male', 'name': {'title': 'Mr', 'first': 'Druso', 'last': 'Teixeira'}, 'location': {'street': {'number': 2457, 'name': 'Avenida Vinícius de Morais'}, 'city': 'São José dos Pinhais', 'state': 'Bahia', 'country': 'Brazil', 'postcode': 26121, 'coordinates': {'latitude': '-75.9814', 'longitude': '-143.8600'}, 'timezone': {'offset': '-5:00', 'description': 'Eastern Time (US &amp; Canada), Bogota, Lima'}}, 'email': 'druso.teixeira@example.com', 'login': {'uuid': '4f331d22-db0c-4af3-850d-37a4b281bc03', 'username': 'beautifulswan306', 'password': 'encore', 'salt': 'ZUcVP0oq', 'md5': '937415e4b2df0c51961e3cfab14b5457', 'sha1': '90d544ae9a3ee5f291062da2587220c17a93d52f', 'sha256': '8d8704ab213fe06f7fdfd343347bcac16f5c769b60e28825efe24727021ca265'}, 'dob': {'date': '1970-05-21T12:35:54.511Z', 'age': 54}, 'registered': {'date': '2015-02-08T03:33:59.595Z', 'age': 9}, 'phone': '(61) 5077-0283', 'cell': '(52) 6144-9305', 'id': {'name': 'CPF', 'value': '680.275.542-14'}, 'picture': {'large': 'https://randomuser.me/api/portraits/men/29.jpg', 'medium': 'https://randomuser.me/api/portraits/med/men/29.jpg', 'thumbnail': 'https://randomuser.me/api/portraits/thumb/men/29.jpg'}, 'nat': 'BR'}</msg>
<arg>${json_data['results'][0]}</arg>
<doc>Logs the given message with the given level.</doc>
<status status="PASS" start="2024-06-17T07:14:40.852779" elapsed="0.000422"/>
</kw>
<kw name="Log" owner="BuiltIn">
<msg time="2024-06-17T07:14:40.853628" level="INFO">name</msg>
<arg>${key}</arg>
<doc>Logs the given message with the given level.</doc>
<status status="PASS" start="2024-06-17T07:14:40.853502" elapsed="0.000164"/>
</kw>
<var name="${key}">name</var>
<status status="PASS" start="2024-06-17T07:14:40.852046" elapsed="0.001837"/>
</iter>
<iter>
<kw name="Dictionary Should Contain Key" owner="Collections">
<arg>${json_data['results'][0]}</arg>
<arg>${key}</arg>
<doc>Fails if ``key`` is not found from ``dictionary``.</doc>
<status status="PASS" start="2024-06-17T07:14:40.854175" elapsed="0.000375"/>
</kw>
<kw name="Log" owner="BuiltIn">
<msg time="2024-06-17T07:14:40.855144" level="INFO">{'gender': 'male', 'name': {'title': 'Mr', 'first': 'Druso', 'last': 'Teixeira'}, 'location': {'street': {'number': 2457, 'name': 'Avenida Vinícius de Morais'}, 'city': 'São José dos Pinhais', 'state': 'Bahia', 'country': 'Brazil', 'postcode': 26121, 'coordinates': {'latitude': '-75.9814', 'longitude': '-143.8600'}, 'timezone': {'offset': '-5:00', 'description': 'Eastern Time (US &amp; Canada), Bogota, Lima'}}, 'email': 'druso.teixeira@example.com', 'login': {'uuid': '4f331d22-db0c-4af3-850d-37a4b281bc03', 'username': 'beautifulswan306', 'password': 'encore', 'salt': 'ZUcVP0oq', 'md5': '937415e4b2df0c51961e3cfab14b5457', 'sha1': '90d544ae9a3ee5f291062da2587220c17a93d52f', 'sha256': '8d8704ab213fe06f7fdfd343347bcac16f5c769b60e28825efe24727021ca265'}, 'dob': {'date': '1970-05-21T12:35:54.511Z', 'age': 54}, 'registered': {'date': '2015-02-08T03:33:59.595Z', 'age': 9}, 'phone': '(61) 5077-0283', 'cell': '(52) 6144-9305', 'id': {'name': 'CPF', 'value': '680.275.542-14'}, 'picture': {'large': 'https://randomuser.me/api/portraits/men/29.jpg', 'medium': 'https://randomuser.me/api/portraits/med/men/29.jpg', 'thumbnail': 'https://randomuser.me/api/portraits/thumb/men/29.jpg'}, 'nat': 'BR'}</msg>
<arg>${json_data['results'][0]}</arg>
<doc>Logs the given message with the given level.</doc>
<status status="PASS" start="2024-06-17T07:14:40.854733" elapsed="0.000464"/>
</kw>
<kw name="Log" owner="BuiltIn">
<msg time="2024-06-17T07:14:40.855624" level="INFO">location</msg>
<arg>${key}</arg>
<doc>Logs the given message with the given level.</doc>
<status status="PASS" start="2024-06-17T07:14:40.855496" elapsed="0.000166"/>
</kw>
<var name="${key}">location</var>
<status status="PASS" start="2024-06-17T07:14:40.854062" elapsed="0.001816"/>
</iter>
<iter>
<kw name="Dictionary Should Contain Key" owner="Collections">
<arg>${json_data['results'][0]}</arg>
<arg>${key}</arg>
<doc>Fails if ``key`` is not found from ``dictionary``.</doc>
<status status="PASS" start="2024-06-17T07:14:40.856158" elapsed="0.000388"/>
</kw>
<kw name="Log" owner="BuiltIn">
<msg time="2024-06-17T07:14:40.857081" level="INFO">{'gender': 'male', 'name': {'title': 'Mr', 'first': 'Druso', 'last': 'Teixeira'}, 'location': {'street': {'number': 2457, 'name': 'Avenida Vinícius de Morais'}, 'city': 'São José dos Pinhais', 'state': 'Bahia', 'country': 'Brazil', 'postcode': 26121, 'coordinates': {'latitude': '-75.9814', 'longitude': '-143.8600'}, 'timezone': {'offset': '-5:00', 'description': 'Eastern Time (US &amp; Canada), Bogota, Lima'}}, 'email': 'druso.teixeira@example.com', 'login': {'uuid': '4f331d22-db0c-4af3-850d-37a4b281bc03', 'username': 'beautifulswan306', 'password': 'encore', 'salt': 'ZUcVP0oq', 'md5': '937415e4b2df0c51961e3cfab14b5457', 'sha1': '90d544ae9a3ee5f291062da2587220c17a93d52f', 'sha256': '8d8704ab213fe06f7fdfd343347bcac16f5c769b60e28825efe24727021ca265'}, 'dob': {'date': '1970-05-21T12:35:54.511Z', 'age': 54}, 'registered': {'date': '2015-02-08T03:33:59.595Z', 'age': 9}, 'phone': '(61) 5077-0283', 'cell': '(52) 6144-9305', 'id': {'name': 'CPF', 'value': '680.275.542-14'}, 'picture': {'large': 'https://randomuser.me/api/portraits/men/29.jpg', 'medium': 'https://randomuser.me/api/portraits/med/men/29.jpg', 'thumbnail': 'https://randomuser.me/api/portraits/thumb/men/29.jpg'}, 'nat': 'BR'}</msg>
<arg>${json_data['results'][0]}</arg>
<doc>Logs the given message with the given level.</doc>
<status status="PASS" start="2024-06-17T07:14:40.856727" elapsed="0.000415"/>
</kw>
<kw name="Log" owner="BuiltIn">
<msg time="2024-06-17T07:14:40.857568" level="INFO">email</msg>
<arg>${key}</arg>
<doc>Logs the given message with the given level.</doc>
<status status="PASS" start="2024-06-17T07:14:40.857441" elapsed="0.000165"/>
</kw>
<var name="${key}">email</var>
<status status="PASS" start="2024-06-17T07:14:40.856051" elapsed="0.001774"/>
</iter>
<iter>
<kw name="Dictionary Should Contain Key" owner="Collections">
<arg>${json_data['results'][0]}</arg>
<arg>${key}</arg>
<doc>Fails if ``key`` is not found from ``dictionary``.</doc>
<status status="PASS" start="2024-06-17T07:14:40.858106" elapsed="0.000380"/>
</kw>
<kw name="Log" owner="BuiltIn">
<msg time="2024-06-17T07:14:40.859055" level="INFO">{'gender': 'male', 'name': {'title': 'Mr', 'first': 'Druso', 'last': 'Teixeira'}, 'location': {'street': {'number': 2457, 'name': 'Avenida Vinícius de Morais'}, 'city': 'São José dos Pinhais', 'state': 'Bahia', 'country': 'Brazil', 'postcode': 26121, 'coordinates': {'latitude': '-75.9814', 'longitude': '-143.8600'}, 'timezone': {'offset': '-5:00', 'description': 'Eastern Time (US &amp; Canada), Bogota, Lima'}}, 'email': 'druso.teixeira@example.com', 'login': {'uuid': '4f331d22-db0c-4af3-850d-37a4b281bc03', 'username': 'beautifulswan306', 'password': 'encore', 'salt': 'ZUcVP0oq', 'md5': '937415e4b2df0c51961e3cfab14b5457', 'sha1': '90d544ae9a3ee5f291062da2587220c17a93d52f', 'sha256': '8d8704ab213fe06f7fdfd343347bcac16f5c769b60e28825efe24727021ca265'}, 'dob': {'date': '1970-05-21T12:35:54.511Z', 'age': 54}, 'registered': {'date': '2015-02-08T03:33:59.595Z', 'age': 9}, 'phone': '(61) 5077-0283', 'cell': '(52) 6144-9305', 'id': {'name': 'CPF', 'value': '680.275.542-14'}, 'picture': {'large': 'https://randomuser.me/api/portraits/men/29.jpg', 'medium': 'https://randomuser.me/api/portraits/med/men/29.jpg', 'thumbnail': 'https://randomuser.me/api/portraits/thumb/men/29.jpg'}, 'nat': 'BR'}</msg>
<arg>${json_data['results'][0]}</arg>
<doc>Logs the given message with the given level.</doc>
<status status="PASS" start="2024-06-17T07:14:40.858669" elapsed="0.000437"/>
</kw>
<kw name="Log" owner="BuiltIn">
<msg time="2024-06-17T07:14:40.859526" level="INFO">login</msg>
<arg>${key}</arg>
<doc>Logs the given message with the given level.</doc>
<status status="PASS" start="2024-06-17T07:14:40.859400" elapsed="0.000164"/>
</kw>
<var name="${key}">login</var>
<status status="PASS" start="2024-06-17T07:14:40.857998" elapsed="0.001781"/>
</iter>
<var>${key}</var>
<value>@{expected_keys}</value>
<status status="PASS" start="2024-06-17T07:14:40.849787" elapsed="0.010139"/>
</for>
<kw name="Create List" owner="BuiltIn">
<msg time="2024-06-17T07:14:40.860260" level="INFO">${expected_keysTwo} = ['username', 'password']</msg>
<var>${expected_keysTwo}</var>
<arg>username</arg>
<arg>password</arg>
<doc>Returns a list containing given items.</doc>
<status status="PASS" start="2024-06-17T07:14:40.860121" elapsed="0.000162"/>
</kw>
<for flavor="IN">
<iter>
<kw name="Dictionary Should Contain Key" owner="Collections">
<arg>${json_data['results'][0]['login']}</arg>
<arg>${keyTwo}</arg>
<doc>Fails if ``key`` is not found from ``dictionary``.</doc>
<status status="PASS" start="2024-06-17T07:14:40.860775" elapsed="0.000378"/>
</kw>
<kw name="Dictionary Should Contain Key" owner="Collections">
<arg>${json_data['results'][0]['login']}</arg>
<arg>${keyTwo}</arg>
<doc>Fails if ``key`` is not found from ``dictionary``.</doc>
<status status="PASS" start="2024-06-17T07:14:40.861334" elapsed="0.000379"/>
</kw>
<kw name="Log" owner="BuiltIn">
<msg time="2024-06-17T07:14:40.862011" level="INFO">username</msg>
<arg>${keyTwo}</arg>
<doc>Logs the given message with the given level.</doc>
<status status="PASS" start="2024-06-17T07:14:40.861892" elapsed="0.000161"/>
</kw>
<var name="${keyTwo}">username</var>
<status status="PASS" start="2024-06-17T07:14:40.860671" elapsed="0.001605"/>
</iter>
<iter>
<kw name="Dictionary Should Contain Key" owner="Collections">
<arg>${json_data['results'][0]['login']}</arg>
<arg>${keyTwo}</arg>
<doc>Fails if ``key`` is not found from ``dictionary``.</doc>
<status status="PASS" start="2024-06-17T07:14:40.862561" elapsed="0.000430"/>
</kw>
<kw name="Dictionary Should Contain Key" owner="Collections">
<arg>${json_data['results'][0]['login']}</arg>
<arg>${keyTwo}</arg>
<doc>Fails if ``key`` is not found from ``dictionary``.</doc>
<status status="PASS" start="2024-06-17T07:14:40.863178" elapsed="0.000375"/>
</kw>
<kw name="Log" owner="BuiltIn">
<msg time="2024-06-17T07:14:40.863852" level="INFO">password</msg>
<arg>${keyTwo}</arg>
<doc>Logs the given message with the given level.</doc>
<status status="PASS" start="2024-06-17T07:14:40.863733" elapsed="0.000157"/>
</kw>
<var name="${keyTwo}">password</var>
<status status="PASS" start="2024-06-17T07:14:40.862453" elapsed="0.001658"/>
</iter>
<var>${keyTwo}</var>
<value>@{expected_keysTwo}</value>
<status status="PASS" start="2024-06-17T07:14:40.860518" elapsed="0.003712"/>
</for>
<status status="PASS" start="2024-06-17T07:14:40.750572" elapsed="0.113798"/>
</kw>
<doc>Testa a estrutura da resposta da API.</doc>
<tag>testeEstruturaResposta</tag>
<status status="PASS" start="2024-06-17T07:14:40.749794" elapsed="0.114735"/>
</test>
<test id="s1-s1-t4" name="Validar tipos de dados" line="28">
<kw name="Teste de Tipos de Dados" owner="random-user-service">
<kw name="GET On Session" owner="RequestsLibrary">
<msg time="2024-06-17T07:14:40.945628" level="INFO">GET Request : url=https://randomuser.me/api 
 path_url=/api 
 headers={'User-Agent': 'python-requests/2.32.3', 'Accept-Encoding': 'gzip, deflate', 'Accept': '*/*', 'Connection': 'keep-alive'} 
 body=None 
 </msg>
<msg time="2024-06-17T07:14:40.945723" level="INFO">GET Response : url=https://randomuser.me/api 
 status=200, reason=OK 
 headers={'Date': 'Mon, 17 Jun 2024 07:14:40 GMT', 'Content-Type': 'application/json; charset=utf-8', 'Transfer-Encoding': 'chunked', 'Connection': 'keep-alive', 'X-Powered-By': 'Express', 'Access-Control-Allow-Origin': '*', 'Cache-Control': 'no-cache', 'ETag': 'W/"4a0-4P4DM9yq0i+QqKWVdaL4TMOBBo0"', 'Vary': 'Accept-Encoding', 'Content-Encoding': 'gzip', 'CF-Cache-Status': 'DYNAMIC', 'Report-To': '{"endpoints":[{"url":"https:\\/\\/a.nel.cloudflare.com\\/report\\/v4?s=AbDsz5KcPUYdeZfNfPvcwTJf4vLHKpBm3hkFhVCxi1OxAETYXPsyMmgMSHl1YUvCRluvEpvVPoRSjECtlraCUTty%2FwJKccrv3kvg5EZ7IwMojLYEy6pD2DBlQ3MxIDkQ"}],"group":"cf-nel","max_age":604800}', 'NEL': '{"success_fraction":0,"report_to":"cf-nel","max_age":604800}', 'Server': 'cloudflare', 'CF-RAY': '89513e7d7ea83926-IAD', 'alt-svc': 'h3=":443"; ma=86400'} 
 body={"results":[{"gender":"male","name":{"title":"Mr","first":"Kaïs","last":"Bourgeois"},"location":{"street":{"number":227,"name":"Rue des Ecrivains"},"city":"Amiens","state":"Alpes-de-Haute-Provence","country":"France","postcode":42022,"coordinates":{"latitude":"-14.8084","longitude":"-17.0678"},"timezone":{"offset":"-1:00","description":"Azores, Cape Verde Islands"}},"email":"kais.bourgeois@example.com","login":{"uuid":"6160b005-8ea0-46d0-8ec2-dceaa121e6c2","username":"smallcat854","password":"sylveste","salt":"F4Qdx1ca","md5":"3d31a57db38c3da4cd59e43c7c411a90","sha1":"53450352e13d55f1dae1235ffdd59df7f5fba9da","sha256":"f38ceef4827b4dfd32ec6f60a3eb0d04e9868b2982658313a49b26285a0550c9"},"dob":{"date":"1989-01-03T16:30:19.575Z","age":35},"registered":{"date":"2021-02-04T15:34:38.794Z","age":3},"phone":"04-01-18-37-18","cell":"06-09-51-28-57","id":{"name":"INSEE","value":"1890035965112 17"},"picture":{"large":"https://randomuser.me/api/portraits/men/66.jpg","medium":"https://randomuser.me/api/portraits/med/men/66.jpg","thumbnail":"https://randomuser.me/api/portraits/thumb/men/66.jpg"},"nat":"FR"}],"info":{"seed":"775c1495a58803a7","results":1,"page":1,"version":"1.4"}} 
 </msg>
<msg time="2024-06-17T07:14:40.945800" level="INFO">/opt/hostedtoolcache/Python/3.12.3/x64/lib/python3.12/site-packages/urllib3/connectionpool.py:1103: InsecureRequestWarning: Unverified HTTPS request is being made to host 'randomuser.me'. Adding certificate verification is strongly advised. See: https://urllib3.readthedocs.io/en/latest/advanced-usage.html#tls-warnings
  warnings.warn(</msg>
<msg time="2024-06-17T07:14:40.945941" level="INFO">${response} = &lt;Response [200]&gt;</msg>
<var>${response}</var>
<arg>consultarAPI</arg>
<arg>/api</arg>
<doc>Sends a GET request on a previously created HTTP Session.</doc>
<status status="PASS" start="2024-06-17T07:14:40.867110" elapsed="0.078884"/>
</kw>
<kw name="Set Variable" owner="BuiltIn">
<msg time="2024-06-17T07:14:40.947020" level="INFO">${json_data} = {'results': [{'gender': 'male', 'name': {'title': 'Mr', 'first': 'Kaïs', 'last': 'Bourgeois'}, 'location': {'street': {'number': 227, 'name': 'Rue des Ecrivains'}, 'city': 'Amiens', 'state': 'Alpes-de...</msg>
<var>${json_data}</var>
<arg>${response.json()}</arg>
<doc>Returns the given values which can then be assigned to a variables.</doc>
<status status="PASS" start="2024-06-17T07:14:40.946478" elapsed="0.000572"/>
</kw>
<kw name="Log" owner="BuiltIn">
<msg time="2024-06-17T07:14:40.947526" level="INFO">{'results': [{'gender': 'male', 'name': {'title': 'Mr', 'first': 'Kaïs', 'last': 'Bourgeois'}, 'location': {'street': {'number': 227, 'name': 'Rue des Ecrivains'}, 'city': 'Amiens', 'state': 'Alpes-de-Haute-Provence', 'country': 'France', 'postcode': 42022, 'coordinates': {'latitude': '-14.8084', 'longitude': '-17.0678'}, 'timezone': {'offset': '-1:00', 'description': 'Azores, Cape Verde Islands'}}, 'email': 'kais.bourgeois@example.com', 'login': {'uuid': '6160b005-8ea0-46d0-8ec2-dceaa121e6c2', 'username': 'smallcat854', 'password': 'sylveste', 'salt': 'F4Qdx1ca', 'md5': '3d31a57db38c3da4cd59e43c7c411a90', 'sha1': '53450352e13d55f1dae1235ffdd59df7f5fba9da', 'sha256': 'f38ceef4827b4dfd32ec6f60a3eb0d04e9868b2982658313a49b26285a0550c9'}, 'dob': {'date': '1989-01-03T16:30:19.575Z', 'age': 35}, 'registered': {'date': '2021-02-04T15:34:38.794Z', 'age': 3}, 'phone': '04-01-18-37-18', 'cell': '06-09-51-28-57', 'id': {'name': 'INSEE', 'value': '1890035965112 17'}, 'picture': {'large': 'https://randomuser.me/api/portraits/men/66.jpg', 'medium': 'https://randomuser.me/api/portraits/med/men/66.jpg', 'thumbnail': 'https://randomuser.me/api/portraits/thumb/men/66.jpg'}, 'nat': 'FR'}], 'info': {'seed': '775c1495a58803a7', 'results': 1, 'page': 1, 'version': '1.4'}}</msg>
<arg>${json_data}</arg>
<doc>Logs the given message with the given level.</doc>
<status status="PASS" start="2024-06-17T07:14:40.947366" elapsed="0.000210"/>
</kw>
<kw name="Should Be String" owner="String">
<arg>${json_data['results'][0]['gender']}</arg>
<doc>Fails if the given ``item`` is not a string.</doc>
<status status="PASS" start="2024-06-17T07:14:40.947902" elapsed="0.000360"/>
</kw>
<kw name="Should Match Regexp" owner="BuiltIn">
<arg>${json_data['results'][0]['email']}</arg>
<arg>^[a-zA-Z0-9._%+-]+@[a-zA-Z0-9.-]+\.[a-zA-Z]{2,}$</arg>
<doc>Fails if ``string`` does not match ``pattern`` as a regular expression.</doc>
<status status="PASS" start="2024-06-17T07:14:40.948451" elapsed="0.000518"/>
</kw>
<kw name="Should Match Regexp" owner="BuiltIn">
<arg>${json_data['results'][0]['dob']['date']}</arg>
<arg>\\d{4}-\\d{2}-\\d{2}T\\d{2}:\\d{2}:\\d{2}\\.\\d{3}Z</arg>
<doc>Fails if ``string`` does not match ``pattern`` as a regular expression.</doc>
<status status="PASS" start="2024-06-17T07:14:40.949166" elapsed="0.000486"/>
</kw>
<kw name="Should Match Regexp" owner="BuiltIn">
<arg>${json_data['results'][0]['registered']['date']}</arg>
<arg>\\d{4}-\\d{2}-\\d{2}T\\d{2}:\\d{2}:\\d{2}\\.\\d{3}Z</arg>
<doc>Fails if ``string`` does not match ``pattern`` as a regular expression.</doc>
<status status="PASS" start="2024-06-17T07:14:40.949844" elapsed="0.000382"/>
</kw>
<kw name="Should Match Regexp" owner="BuiltIn">
<arg>${json_data['results'][0]['picture']['large']}</arg>
<arg>^https?://.*\.(?:png|jpe?g|gif|bmp)$</arg>
<doc>Fails if ``string`` does not match ``pattern`` as a regular expression.</doc>
<status status="PASS" start="2024-06-17T07:14:40.950411" elapsed="0.000455"/>
</kw>
<kw name="Should Match Regexp" owner="BuiltIn">
<arg>${json_data['results'][0]['picture']['medium']}</arg>
<arg>^https?://.*\.(?:png|jpe?g|gif|bmp)$</arg>
<doc>Fails if ``string`` does not match ``pattern`` as a regular expression.</doc>
<status status="PASS" start="2024-06-17T07:14:40.951083" elapsed="0.000360"/>
</kw>
<kw name="Should Match Regexp" owner="BuiltIn">
<arg>${json_data['results'][0]['picture']['thumbnail']}</arg>
<arg>^https?://.*\.(?:png|jpe?g|gif|bmp)$</arg>
<doc>Fails if ``string`` does not match ``pattern`` as a regular expression.</doc>
<status status="PASS" start="2024-06-17T07:14:40.951628" elapsed="0.000351"/>
</kw>
<kw name="Log" owner="BuiltIn">
<msg time="2024-06-17T07:14:40.952491" level="INFO">{'large': 'https://randomuser.me/api/portraits/men/66.jpg', 'medium': 'https://randomuser.me/api/portraits/med/men/66.jpg', 'thumbnail': 'https://randomuser.me/api/portraits/thumb/men/66.jpg'}</msg>
<arg>${json_data['results'][0]['picture']}</arg>
<doc>Logs the given message with the given level.</doc>
<status status="PASS" start="2024-06-17T07:14:40.952162" elapsed="0.000373"/>
</kw>
<status status="PASS" start="2024-06-17T07:14:40.866848" elapsed="0.085944"/>
</kw>
<kw name="Teste de Tipos de Dados - Postcode" owner="random-user-service">
<kw name="GET On Session" owner="RequestsLibrary">
<msg time="2024-06-17T07:14:41.049711" level="INFO">GET Request : url=https://randomuser.me/api 
 path_url=/api 
 headers={'User-Agent': 'python-requests/2.32.3', 'Accept-Encoding': 'gzip, deflate', 'Accept': '*/*', 'Connection': 'keep-alive'} 
 body=None 
 </msg>
<msg time="2024-06-17T07:14:41.049802" level="INFO">GET Response : url=https://randomuser.me/api 
 status=200, reason=OK 
 headers={'Date': 'Mon, 17 Jun 2024 07:14:41 GMT', 'Content-Type': 'application/json; charset=utf-8', 'Transfer-Encoding': 'chunked', 'Connection': 'keep-alive', 'X-Powered-By': 'Express', 'Access-Control-Allow-Origin': '*', 'Cache-Control': 'no-cache', 'ETag': 'W/"4aa-QwfQz2Va3ao2AH1F32NuZG+rDfw"', 'Vary': 'Accept-Encoding', 'Content-Encoding': 'gzip', 'CF-Cache-Status': 'DYNAMIC', 'Report-To': '{"endpoints":[{"url":"https:\\/\\/a.nel.cloudflare.com\\/report\\/v4?s=4VyFZAiTqJlb4SKXS6oP8kY7ZGwNT8JN6nJB2Z4B9guu5HFzQfGWC%2BSNpSZnRdl82X3yvPynreCgUj6pwTgUCw450YzNyXkl2YfTMjvfaNi49N7QbUHig%2FljejxGHm3c"}],"group":"cf-nel","max_age":604800}', 'NEL': '{"success_fraction":0,"report_to":"cf-nel","max_age":604800}', 'Server': 'cloudflare', 'CF-RAY': '89513e7dff193926-IAD', 'alt-svc': 'h3=":443"; ma=86400'} 
 body={"results":[{"gender":"male","name":{"title":"Mr","first":"Mitesh","last":"Chavare"},"location":{"street":{"number":387,"name":"Gandhi Maidan Marg"},"city":"Raurkela Industrial Township","state":"Delhi","country":"India","postcode":85693,"coordinates":{"latitude":"8.3187","longitude":"-150.1005"},"timezone":{"offset":"0:00","description":"Western Europe Time, London, Lisbon, Casablanca"}},"email":"mitesh.chavare@example.com","login":{"uuid":"93605c4d-d9c1-47e6-a2f3-b60b9180eea8","username":"yellowduck764","password":"bigal","salt":"3JWgD3xx","md5":"35b5621711939ca2154a691e1aafb002","sha1":"5f788955533d3cd1fecd89eaa95facf487124bfc","sha256":"fa56cda49efa9e13e99b55aa04925a908d68a2fcc6f8de1c83a43c798ecb1742"},"dob":{"date":"1969-01-22T07:41:42.887Z","age":55},"registered":{"date":"2003-05-24T20:09:55.195Z","age":21},"phone":"8050996526","cell":"7185527173","id":{"name":"UIDAI","value":"251877354173"},"picture":{"large":"https://randomuser.me/api/portraits/men/70.jpg","medium":"https://randomuser.me/api/portraits/med/men/70.jpg","thumbnail":"https://randomuser.me/api/portraits/thumb/men/70.jpg"},"nat":"IN"}],"info":{"seed":"938b71f5cc85f4cc","results":1,"page":1,"version":"1.4"}} 
 </msg>
<msg time="2024-06-17T07:14:41.049868" level="INFO">/opt/hostedtoolcache/Python/3.12.3/x64/lib/python3.12/site-packages/urllib3/connectionpool.py:1103: InsecureRequestWarning: Unverified HTTPS request is being made to host 'randomuser.me'. Adding certificate verification is strongly advised. See: https://urllib3.readthedocs.io/en/latest/advanced-usage.html#tls-warnings
  warnings.warn(</msg>
<msg time="2024-06-17T07:14:41.049999" level="INFO">${response} = &lt;Response [200]&gt;</msg>
<var>${response}</var>
<arg>consultarAPI</arg>
<arg>/api</arg>
<doc>Sends a GET request on a previously created HTTP Session.</doc>
<status status="PASS" start="2024-06-17T07:14:40.953243" elapsed="0.096797"/>
</kw>
<kw name="Set Variable" owner="BuiltIn">
<msg time="2024-06-17T07:14:41.051100" level="INFO">${json_data} = {'results': [{'gender': 'male', 'name': {'title': 'Mr', 'first': 'Mitesh', 'last': 'Chavare'}, 'location': {'street': {'number': 387, 'name': 'Gandhi Maidan Marg'}, 'city': 'Raurkela Industrial Townsh...</msg>
<var>${json_data}</var>
<arg>${response.json()}</arg>
<doc>Returns the given values which can then be assigned to a variables.</doc>
<status status="PASS" start="2024-06-17T07:14:41.050534" elapsed="0.000595"/>
</kw>
<kw name="Log" owner="BuiltIn">
<msg time="2024-06-17T07:14:41.051596" level="INFO">{'results': [{'gender': 'male', 'name': {'title': 'Mr', 'first': 'Mitesh', 'last': 'Chavare'}, 'location': {'street': {'number': 387, 'name': 'Gandhi Maidan Marg'}, 'city': 'Raurkela Industrial Township', 'state': 'Delhi', 'country': 'India', 'postcode': 85693, 'coordinates': {'latitude': '8.3187', 'longitude': '-150.1005'}, 'timezone': {'offset': '0:00', 'description': 'Western Europe Time, London, Lisbon, Casablanca'}}, 'email': 'mitesh.chavare@example.com', 'login': {'uuid': '93605c4d-d9c1-47e6-a2f3-b60b9180eea8', 'username': 'yellowduck764', 'password': 'bigal', 'salt': '3JWgD3xx', 'md5': '35b5621711939ca2154a691e1aafb002', 'sha1': '5f788955533d3cd1fecd89eaa95facf487124bfc', 'sha256': 'fa56cda49efa9e13e99b55aa04925a908d68a2fcc6f8de1c83a43c798ecb1742'}, 'dob': {'date': '1969-01-22T07:41:42.887Z', 'age': 55}, 'registered': {'date': '2003-05-24T20:09:55.195Z', 'age': 21}, 'phone': '8050996526', 'cell': '7185527173', 'id': {'name': 'UIDAI', 'value': '251877354173'}, 'picture': {'large': 'https://randomuser.me/api/portraits/men/70.jpg', 'medium': 'https://randomuser.me/api/portraits/med/men/70.jpg', 'thumbnail': 'https://randomuser.me/api/portraits/thumb/men/70.jpg'}, 'nat': 'IN'}], 'info': {'seed': '938b71f5cc85f4cc', 'results': 1, 'page': 1, 'version': '1.4'}}</msg>
<arg>${json_data}</arg>
<doc>Logs the given message with the given level.</doc>
<status status="PASS" start="2024-06-17T07:14:41.051440" elapsed="0.000204"/>
</kw>
<kw name="Should Be Equal As Numbers" owner="BuiltIn">
<arg>${json_data['results'][0]['location']['postcode']}</arg>
<arg>${json_data['results'][0]['location']['postcode']}</arg>
<doc>Fails if objects are unequal after converting them to real numbers.</doc>
<status status="PASS" start="2024-06-17T07:14:41.051937" elapsed="0.000666"/>
</kw>
<kw name="Log" owner="BuiltIn">
<msg time="2024-06-17T07:14:41.053131" level="INFO">85693</msg>
<arg>${json_data['results'][0]['location']['postcode']}</arg>
<doc>Logs the given message with the given level.</doc>
<status status="PASS" start="2024-06-17T07:14:41.052796" elapsed="0.000377"/>
</kw>
<status status="PASS" start="2024-06-17T07:14:40.953014" elapsed="0.100418"/>
</kw>
<doc>Testa se os tipos de dados na resposta da API estão corretos.</doc>
<tag>testeTiposDados</tag>
<status status="PASS" start="2024-06-17T07:14:40.866281" elapsed="0.187325"/>
</test>
<test id="s1-s1-t5" name="Validar conteudo" line="35">
<kw name="Teste de Tipos de Conteudo" owner="random-user-service">
<kw name="GET On Session" owner="RequestsLibrary">
<msg time="2024-06-17T07:14:41.161252" level="INFO">GET Request : url=https://randomuser.me/api 
 path_url=/api 
 headers={'User-Agent': 'python-requests/2.32.3', 'Accept-Encoding': 'gzip, deflate', 'Accept': '*/*', 'Connection': 'keep-alive'} 
 body=None 
 </msg>
<msg time="2024-06-17T07:14:41.161359" level="INFO">GET Response : url=https://randomuser.me/api 
 status=200, reason=OK 
 headers={'Date': 'Mon, 17 Jun 2024 07:14:41 GMT', 'Content-Type': 'application/json; charset=utf-8', 'Transfer-Encoding': 'chunked', 'Connection': 'keep-alive', 'X-Powered-By': 'Express', 'Access-Control-Allow-Origin': '*', 'Cache-Control': 'no-cache', 'ETag': 'W/"488-6/IEHZq6zCojcLo5nbEIFg1/jWE"', 'Vary': 'Accept-Encoding', 'Content-Encoding': 'gzip', 'CF-Cache-Status': 'DYNAMIC', 'Report-To': '{"endpoints":[{"url":"https:\\/\\/a.nel.cloudflare.com\\/report\\/v4?s=OgC1lqmstD%2B763KYjEq6wYTbfamwyMl7tuUfJFaYt8duhLyJYyxaKHzSKelXB5WahhRQHHNBVcuZYo2ENWQIg7By8ry1sGnyNemR8yVlMEgqZyxDdmgQJtClNzLGStkb"}],"group":"cf-nel","max_age":604800}', 'NEL': '{"success_fraction":0,"report_to":"cf-nel","max_age":604800}', 'Server': 'cloudflare', 'CF-RAY': '89513e7e9f933926-IAD', 'alt-svc': 'h3=":443"; ma=86400'} 
 body={"results":[{"gender":"male","name":{"title":"Mr","first":"Sander","last":"Sørensen"},"location":{"street":{"number":5604,"name":"Nyvej"},"city":"Horsens","state":"Sjælland","country":"Denmark","postcode":70700,"coordinates":{"latitude":"-44.7170","longitude":"-145.6426"},"timezone":{"offset":"-5:00","description":"Eastern Time (US &amp; Canada), Bogota, Lima"}},"email":"sander.sorensen@example.com","login":{"uuid":"ce4894ba-2cdc-48f6-946b-cc8bfd327fdf","username":"happypeacock811","password":"diva","salt":"jU1UI0xJ","md5":"59c72a0875aa7bb616e139b290dc66df","sha1":"dd2f74058b7bfb50251da9d283c4863d69e81498","sha256":"4dcdcdfda340dbbf282e63e0811ddbb168a50854fa968dac8b12878d4fe8456d"},"dob":{"date":"1990-02-03T00:46:41.834Z","age":34},"registered":{"date":"2012-05-23T21:10:02.718Z","age":12},"phone":"98214989","cell":"19020314","id":{"name":"CPR","value":"020290-1199"},"picture":{"large":"https://randomuser.me/api/portraits/men/74.jpg","medium":"https://randomuser.me/api/portraits/med/men/74.jpg","thumbnail":"https://randomuser.me/api/portraits/thumb/men/74.jpg"},"nat":"DK"}],"info":{"seed":"8e0b3b3c88f7c7eb","results":1,"page":1,"version":"1.4"}} 
 </msg>
<msg time="2024-06-17T07:14:41.161464" level="INFO">/opt/hostedtoolcache/Python/3.12.3/x64/lib/python3.12/site-packages/urllib3/connectionpool.py:1103: InsecureRequestWarning: Unverified HTTPS request is being made to host 'randomuser.me'. Adding certificate verification is strongly advised. See: https://urllib3.readthedocs.io/en/latest/advanced-usage.html#tls-warnings
  warnings.warn(</msg>
<msg time="2024-06-17T07:14:41.161628" level="INFO">${response} = &lt;Response [200]&gt;</msg>
<var>${response}</var>
<arg>consultarAPI</arg>
<arg>/api</arg>
<doc>Sends a GET request on a previously created HTTP Session.</doc>
<status status="PASS" start="2024-06-17T07:14:41.056681" elapsed="0.104999"/>
</kw>
<kw name="Set Variable" owner="BuiltIn">
<msg time="2024-06-17T07:14:41.162697" level="INFO">${json_data} = {'results': [{'gender': 'male', 'name': {'title': 'Mr', 'first': 'Sander', 'last': 'Sørensen'}, 'location': {'street': {'number': 5604, 'name': 'Nyvej'}, 'city': 'Horsens', 'state': 'Sjælland', 'count...</msg>
<var>${json_data}</var>
<arg>${response.json()}</arg>
<doc>Returns the given values which can then be assigned to a variables.</doc>
<status status="PASS" start="2024-06-17T07:14:41.162186" elapsed="0.000540"/>
</kw>
<kw name="Set Variable" owner="BuiltIn">
<msg time="2024-06-17T07:14:41.163464" level="INFO">${name_title} = Mr</msg>
<var>${name_title}</var>
<arg>${json_data["results"][0]["name"]["title"]}</arg>
<doc>Returns the given values which can then be assigned to a variables.</doc>
<status status="PASS" start="2024-06-17T07:14:41.163079" elapsed="0.000411"/>
</kw>
<kw name="Create List" owner="BuiltIn">
<msg time="2024-06-17T07:14:41.163940" level="INFO">${allowed_titles} = ['Mr', 'Ms', 'Miss', 'Mrs', 'Madame', 'Monsieur']</msg>
<var>${allowed_titles}</var>
<arg>Mr</arg>
<arg>Ms</arg>
<arg>Miss</arg>
<arg>Mrs</arg>
<arg>Madame</arg>
<arg>Monsieur</arg>
<doc>Returns a list containing given items.</doc>
<status status="PASS" start="2024-06-17T07:14:41.163790" elapsed="0.000173"/>
</kw>
<kw name="List Should Contain Value" owner="Collections">
<arg>${allowed_titles}</arg>
<arg>${name_title}</arg>
<doc>Fails if the ``value`` is not found from ``list``.</doc>
<status status="PASS" start="2024-06-17T07:14:41.164319" elapsed="0.000194"/>
</kw>
<kw name="Set Variable" owner="BuiltIn">
<msg time="2024-06-17T07:14:41.165065" level="INFO">${name_country} = DK</msg>
<var>${name_country}</var>
<arg>${json_data["results"][0]["nat"]}</arg>
<doc>Returns the given values which can then be assigned to a variables.</doc>
<status status="PASS" start="2024-06-17T07:14:41.164696" elapsed="0.000395"/>
</kw>
<kw name="Create List" owner="BuiltIn">
<msg time="2024-06-17T07:14:41.165990" level="INFO">${list_country} = ['AD', 'AE', 'AF', 'AG', 'AI', 'AL', 'AM', 'AO', 'AQ', 'AR', 'AS', 'AT', 'AU', 'AW', 'AX', 'AZ', 'BA', 'BB', 'BD', 'BE', 'BF', 'BG', 'BH', 'BI', 'BJ', 'BL', 'BM', 'BN', 'BO', 'BQ', 'BR', 'BS', 'BT', '...</msg>
<var>${list_country}</var>
<arg>AD</arg>
<arg>AE</arg>
<arg>AF</arg>
<arg>AG</arg>
<arg>AI</arg>
<arg>AL</arg>
<arg>AM</arg>
<arg>AO</arg>
<arg>AQ</arg>
<arg>AR</arg>
<arg>AS</arg>
<arg>AT</arg>
<arg>AU</arg>
<arg>AW</arg>
<arg>AX</arg>
<arg>AZ</arg>
<arg>BA</arg>
<arg>BB</arg>
<arg>BD</arg>
<arg>BE</arg>
<arg>BF</arg>
<arg>BG</arg>
<arg>BH</arg>
<arg>BI</arg>
<arg>BJ</arg>
<arg>BL</arg>
<arg>BM</arg>
<arg>BN</arg>
<arg>BO</arg>
<arg>BQ</arg>
<arg>BR</arg>
<arg>BS</arg>
<arg>BT</arg>
<arg>BV</arg>
<arg>BW</arg>
<arg>BY</arg>
<arg>BZ</arg>
<arg>CA</arg>
<arg>CC</arg>
<arg>CD</arg>
<arg>CF</arg>
<arg>CG</arg>
<arg>CH</arg>
<arg>CI</arg>
<arg>CK</arg>
<arg>CL</arg>
<arg>CM</arg>
<arg>CN</arg>
<arg>CO</arg>
<arg>CR</arg>
<arg>CU</arg>
<arg>CV</arg>
<arg>CW</arg>
<arg>CX</arg>
<arg>CY</arg>
<arg>CZ</arg>
<arg>DE</arg>
<arg>DJ</arg>
<arg>DK</arg>
<arg>DM</arg>
<arg>DO</arg>
<arg>DZ</arg>
<arg>EC</arg>
<arg>EE</arg>
<arg>EG</arg>
<arg>EH</arg>
<arg>ER</arg>
<arg>ES</arg>
<arg>ET</arg>
<arg>FI</arg>
<arg>FJ</arg>
<arg>FK</arg>
<arg>FM</arg>
<arg>FO</arg>
<arg>FR</arg>
<arg>GA</arg>
<arg>GB</arg>
<arg>GD</arg>
<arg>GE</arg>
<arg>GF</arg>
<arg>GG</arg>
<arg>GH</arg>
<arg>GI</arg>
<arg>GL</arg>
<arg>GM</arg>
<arg>GN</arg>
<arg>GP</arg>
<arg>GQ</arg>
<arg>GR</arg>
<arg>GS</arg>
<arg>GT</arg>
<arg>GU</arg>
<arg>GW</arg>
<arg>GY</arg>
<arg>HK</arg>
<arg>HM</arg>
<arg>HN</arg>
<arg>HR</arg>
<arg>HT</arg>
<arg>HU</arg>
<arg>ID</arg>
<arg>IE</arg>
<arg>IL</arg>
<arg>IM</arg>
<arg>IN</arg>
<arg>IO</arg>
<arg>IQ</arg>
<arg>IR</arg>
<arg>IS</arg>
<arg>IT</arg>
<arg>JE</arg>
<arg>JM</arg>
<arg>JO</arg>
<arg>JP</arg>
<arg>KE</arg>
<arg>KG</arg>
<arg>KH</arg>
<arg>KI</arg>
<arg>KM</arg>
<arg>KN</arg>
<arg>KP</arg>
<arg>KR</arg>
<arg>KW</arg>
<arg>KY</arg>
<arg>KZ</arg>
<arg>LA</arg>
<arg>LB</arg>
<arg>LC</arg>
<arg>LI</arg>
<arg>LK</arg>
<arg>LR</arg>
<arg>LS</arg>
<arg>LT</arg>
<arg>LU</arg>
<arg>LV</arg>
<arg>LY</arg>
<arg>MA</arg>
<arg>MC</arg>
<arg>MD</arg>
<arg>ME</arg>
<arg>MF</arg>
<arg>MG</arg>
<arg>MH</arg>
<arg>MK</arg>
<arg>ML</arg>
<arg>MM</arg>
<arg>MN</arg>
<arg>MO</arg>
<arg>MP</arg>
<arg>MQ</arg>
<arg>MR</arg>
<arg>MS</arg>
<arg>MT</arg>
<arg>MU</arg>
<arg>MV</arg>
<arg>MW</arg>
<arg>MX</arg>
<arg>MY</arg>
<arg>MZ</arg>
<arg>NA</arg>
<arg>NC</arg>
<arg>NE</arg>
<arg>NF</arg>
<arg>NG</arg>
<arg>NI</arg>
<arg>NL</arg>
<arg>NO</arg>
<arg>NP</arg>
<arg>NR</arg>
<arg>NU</arg>
<arg>NZ</arg>
<arg>OM</arg>
<arg>PA</arg>
<arg>PE</arg>
<arg>PF</arg>
<arg>PG</arg>
<arg>PH</arg>
<arg>PK</arg>
<arg>PL</arg>
<arg>PM</arg>
<arg>PN</arg>
<arg>PR</arg>
<arg>PS</arg>
<arg>PT</arg>
<arg>PW</arg>
<arg>PY</arg>
<arg>QA</arg>
<arg>RE</arg>
<arg>RO</arg>
<arg>RS</arg>
<arg>RU</arg>
<arg>RW</arg>
<arg>SA</arg>
<arg>SB</arg>
<arg>SC</arg>
<arg>SD</arg>
<arg>SE</arg>
<arg>SG</arg>
<arg>SH</arg>
<arg>SI</arg>
<arg>SJ</arg>
<arg>SK</arg>
<arg>SL</arg>
<arg>SM</arg>
<arg>SN</arg>
<arg>SO</arg>
<arg>SR</arg>
<arg>SS</arg>
<arg>ST</arg>
<arg>SV</arg>
<arg>SX</arg>
<arg>SY</arg>
<arg>SZ</arg>
<arg>TC</arg>
<arg>TD</arg>
<arg>TF</arg>
<arg>TG</arg>
<arg>TH</arg>
<arg>TJ</arg>
<arg>TK</arg>
<arg>TL</arg>
<arg>TM</arg>
<arg>TN</arg>
<arg>TO</arg>
<arg>TR</arg>
<arg>TT</arg>
<arg>TV</arg>
<arg>TW</arg>
<arg>TZ</arg>
<arg>UA</arg>
<arg>UG</arg>
<arg>UM</arg>
<arg>US</arg>
<arg>UY</arg>
<arg>UZ</arg>
<arg>VA</arg>
<arg>VC</arg>
<arg>VE</arg>
<arg>VG</arg>
<arg>VI</arg>
<arg>VN</arg>
<arg>VU</arg>
<arg>WF</arg>
<arg>WS</arg>
<arg>XK</arg>
<arg>YE</arg>
<arg>YT</arg>
<arg>ZA</arg>
<arg>ZM</arg>
<arg>ZW</arg>
<doc>Returns a list containing given items.</doc>
<status status="PASS" start="2024-06-17T07:14:41.165389" elapsed="0.000625"/>
</kw>
<kw name="List Should Contain Value" owner="Collections">
<arg>${list_country}</arg>
<arg>${name_country}</arg>
<doc>Fails if the ``value`` is not found from ``list``.</doc>
<status status="PASS" start="2024-06-17T07:14:41.166811" elapsed="0.000236"/>
</kw>
<kw name="Run Keyword If" owner="BuiltIn">
<kw name="Should Be True" owner="BuiltIn">
<arg>${True}</arg>
<doc>Fails if the given condition is not true.</doc>
<status status="PASS" start="2024-06-17T07:14:41.167996" elapsed="0.000142"/>
</kw>
<arg>${json_data["results"][0]["location"]["coordinates"]["latitude"]} &gt;= -90 and ${json_data["results"][0]["location"]["coordinates"]["latitude"]} &lt;= 90</arg>
<arg>Should Be True</arg>
<arg>${True}</arg>
<doc>Runs the given keyword with the given arguments, if ``condition`` is true.</doc>
<status status="PASS" start="2024-06-17T07:14:41.167251" elapsed="0.001014"/>
</kw>
<kw name="Run Keyword If" owner="BuiltIn">
<kw name="Should Be True" owner="BuiltIn">
<arg>${True}</arg>
<doc>Fails if the given condition is not true.</doc>
<status status="PASS" start="2024-06-17T07:14:41.169142" elapsed="0.000140"/>
</kw>
<arg>${json_data["results"][0]["location"]["coordinates"]["longitude"]} &gt;= -180 and ${json_data["results"][0]["location"]["coordinates"]["longitude"]} &lt;= 180</arg>
<arg>Should Be True</arg>
<arg>${True}</arg>
<doc>Runs the given keyword with the given arguments, if ``condition`` is true.</doc>
<status status="PASS" start="2024-06-17T07:14:41.168449" elapsed="0.000961"/>
</kw>
<status status="PASS" start="2024-06-17T07:14:41.056063" elapsed="0.113481"/>
</kw>
<doc>Testa o conteúdo específico dos campos retornados pela API.</doc>
<tag>testeConteudo</tag>
<status status="PASS" start="2024-06-17T07:14:41.055410" elapsed="0.114293"/>
</test>
<status status="PASS" start="2024-06-17T07:14:40.325626" elapsed="0.846078"/>
</suite>
<status status="PASS" start="2024-06-17T07:14:40.311470" elapsed="0.865495"/>
</suite>
<statistics>
<total>
<stat pass="5" fail="0" skip="0">All Tests</stat>
</total>
<tag>
<stat pass="1" fail="0" skip="0">testeConteudo</stat>
<stat pass="1" fail="0" skip="0">testeEstruturaResposta</stat>
<stat pass="1" fail="0" skip="0">testeRequisicaoBasica</stat>
<stat pass="1" fail="0" skip="0">testeTiposDados</stat>
</tag>
<suite>
<stat pass="5" fail="0" skip="0" id="s1" name="Tests">Tests</stat>
<stat pass="5" fail="0" skip="0" id="s1-s1" name="Random-User-Test">Tests.Random-User-Test</stat>
</suite>
</statistics>
<errors>
</errors>
</robot>
