<?xml version="1.0" encoding="UTF-8"?>
<robot generator="Robot 7.0.1 (Python 3.12.4 on linux)" generated="2024-06-27T09:15:58.517982" rpa="false" schemaversion="5">
<suite id="s1" name="Tests" source="/home/runner/work/ApiRandomUser/ApiRandomUser/RamdonUser/tests">
<suite id="s1-s1" name="Random-User-Test" source="/home/runner/work/ApiRandomUser/ApiRandomUser/RamdonUser/tests/random-user-test.robot">
<test id="s1-s1-t1" name="Conectar" line="13">
<kw name="Conectar API" owner="random-user-service">
<kw name="Create Session" owner="RequestsLibrary">
<msg time="2024-06-27T09:15:58.922435" level="INFO">Creating Session using : alias=consultarAPI, url=https://randomuser.me/, headers={},                     cookies={}, auth=None, timeout=None, proxies=None, verify=False,                     debug=0 </msg>
<arg>consultarAPI</arg>
<arg>${URL}</arg>
<doc>Create Session: create a HTTP session to a server</doc>
<status status="PASS" start="2024-06-27T09:15:58.922232" elapsed="0.000378"/>
</kw>
<status status="PASS" start="2024-06-27T09:15:58.921289" elapsed="0.001677"/>
</kw>
<status status="PASS" start="2024-06-27T09:15:58.920734" elapsed="0.002425"/>
</test>
<test id="s1-s1-t2" name="Validar retorno 200 e JSON Válido" line="16">
<kw name="Teste de Requisicao Basica" owner="random-user-service">
<kw name="GET On Session" owner="RequestsLibrary">
<msg time="2024-06-27T09:15:59.117717" level="INFO">GET Request : url=https://randomuser.me/api 
 path_url=/api 
 headers={'User-Agent': 'python-requests/2.32.3', 'Accept-Encoding': 'gzip, deflate', 'Accept': '*/*', 'Connection': 'keep-alive'} 
 body=None 
 </msg>
<msg time="2024-06-27T09:15:59.117889" level="INFO">GET Response : url=https://randomuser.me/api 
 status=200, reason=OK 
 headers={'Date': 'Thu, 27 Jun 2024 09:15:59 GMT', 'Content-Type': 'application/json; charset=utf-8', 'Transfer-Encoding': 'chunked', 'Connection': 'keep-alive', 'X-Powered-By': 'Express', 'Access-Control-Allow-Origin': '*', 'Cache-Control': 'no-cache', 'ETag': 'W/"4ac-4jdYZ1CJGMJIBshl3PWAMejmKqk"', 'Vary': 'Accept-Encoding', 'Content-Encoding': 'gzip', 'CF-Cache-Status': 'DYNAMIC', 'Report-To': '{"endpoints":[{"url":"https:\\/\\/a.nel.cloudflare.com\\/report\\/v4?s=onA7%2BOyLLDjMNbZbU%2FedBy1W4wVx9Gw5tXGpiPlpF1NgcvDN2Zc3kjlpUHrQpfV42btsqfc4SsRsTs1TETSp9YbVKQE0CrpCnYmLryIuyBzx1reWxeDxaaz0Otcggd9H"}],"group":"cf-nel","max_age":604800}', 'NEL': '{"success_fraction":0,"report_to":"cf-nel","max_age":604800}', 'Server': 'cloudflare', 'CF-RAY': '89a455ee3fa357d6-IAD', 'alt-svc': 'h3=":443"; ma=86400'} 
 body={"results":[{"gender":"female","name":{"title":"Mrs","first":"Emma","last":"Bélanger"},"location":{"street":{"number":6074,"name":"Disputed Rd"},"city":"Kingston","state":"Newfoundland and Labrador","country":"Canada","postcode":"V6N 9A3","coordinates":{"latitude":"-69.4689","longitude":"176.6148"},"timezone":{"offset":"-6:00","description":"Central Time (US &amp; Canada), Mexico City"}},"email":"emma.belanger@example.com","login":{"uuid":"62839686-3c2b-4a47-ab66-e972669811f3","username":"happyswan624","password":"hawaii50","salt":"XkTPqC4S","md5":"c255dcb35236267fc0b600a91835b8a8","sha1":"8f9764f0ad1cbf87315e7a39d2eae38efa479d25","sha256":"2add987f319c0bc180f343dbbf98ef6246c0b021af7b60ff5623f3809698bef6"},"dob":{"date":"1972-11-30T21:12:10.265Z","age":51},"registered":{"date":"2005-11-02T09:00:59.332Z","age":18},"phone":"K65 C19-2773","cell":"C36 T32-1268","id":{"name":"SIN","value":"937490571"},"picture":{"large":"https://randomuser.me/api/portraits/women/36.jpg","medium":"https://randomuser.me/api/portraits/med/women/36.jpg","thumbnail":"https://randomuser.me/api/portraits/thumb/women/36.jpg"},"nat":"CA"}],"info":{"seed":"944357d4993ca29d","results":1,"page":1,"version":"1.4"}} 
 </msg>
<msg time="2024-06-27T09:15:59.117993" level="INFO">/opt/hostedtoolcache/Python/3.12.4/x64/lib/python3.12/site-packages/urllib3/connectionpool.py:1099: InsecureRequestWarning: Unverified HTTPS request is being made to host 'randomuser.me'. Adding certificate verification is strongly advised. See: https://urllib3.readthedocs.io/en/latest/advanced-usage.html#tls-warnings
  warnings.warn(</msg>
<msg time="2024-06-27T09:15:59.118137" level="INFO">${response} = &lt;Response [200]&gt;</msg>
<var>${response}</var>
<arg>consultarAPI</arg>
<arg>/api</arg>
<doc>Sends a GET request on a previously created HTTP Session.</doc>
<status status="PASS" start="2024-06-27T09:15:58.925812" elapsed="0.192368"/>
</kw>
<kw name="Should Be Equal As Numbers" owner="BuiltIn">
<msg time="2024-06-27T09:15:59.119214" level="INFO">Argument types are:
&lt;class 'int'&gt;
&lt;class 'str'&gt;</msg>
<arg>${response.status_code}</arg>
<arg>200</arg>
<doc>Fails if objects are unequal after converting them to real numbers.</doc>
<status status="PASS" start="2024-06-27T09:15:59.118737" elapsed="0.000545"/>
</kw>
<kw name="Log" owner="BuiltIn">
<msg time="2024-06-27T09:15:59.120004" level="INFO">200</msg>
<arg>${response.status_code}</arg>
<doc>Logs the given message with the given level.</doc>
<status status="PASS" start="2024-06-27T09:15:59.119638" elapsed="0.000409"/>
</kw>
<kw name="Set Variable" owner="BuiltIn">
<msg time="2024-06-27T09:15:59.120860" level="INFO">${json_data} = {'results': [{'gender': 'female', 'name': {'title': 'Mrs', 'first': 'Emma', 'last': 'Bélanger'}, 'location': {'street': {'number': 6074, 'name': 'Disputed Rd'}, 'city': 'Kingston', 'state': 'Newfoundl...</msg>
<var>${json_data}</var>
<arg>${response.json()}</arg>
<doc>Returns the given values which can then be assigned to a variables.</doc>
<status status="PASS" start="2024-06-27T09:15:59.120359" elapsed="0.000532"/>
</kw>
<kw name="Dictionary Should Contain Key" owner="Collections">
<arg>${json_data}</arg>
<arg>results</arg>
<doc>Fails if ``key`` is not found from ``dictionary``.</doc>
<status status="PASS" start="2024-06-27T09:15:59.121200" elapsed="0.000176"/>
</kw>
<status status="PASS" start="2024-06-27T09:15:58.925563" elapsed="0.195966"/>
</kw>
<doc>Testa se a API responde corretamente e retorna um objeto JSON válido.</doc>
<tag>testeRequisicaoBasica</tag>
<status status="PASS" start="2024-06-27T09:15:58.925082" elapsed="0.196624"/>
</test>
<test id="s1-s1-t3" name="Validar estrutura de resposta" line="22">
<kw name="Teste de Estrutura de Resposta" owner="random-user-service">
<kw name="GET On Session" owner="RequestsLibrary">
<msg time="2024-06-27T09:15:59.209913" level="INFO">GET Request : url=https://randomuser.me/api 
 path_url=/api 
 headers={'User-Agent': 'python-requests/2.32.3', 'Accept-Encoding': 'gzip, deflate', 'Accept': '*/*', 'Connection': 'keep-alive'} 
 body=None 
 </msg>
<msg time="2024-06-27T09:15:59.210022" level="INFO">GET Response : url=https://randomuser.me/api 
 status=200, reason=OK 
 headers={'Date': 'Thu, 27 Jun 2024 09:15:59 GMT', 'Content-Type': 'application/json; charset=utf-8', 'Transfer-Encoding': 'chunked', 'Connection': 'keep-alive', 'X-Powered-By': 'Express', 'Access-Control-Allow-Origin': '*', 'Cache-Control': 'no-cache', 'ETag': 'W/"48c-dyy7XcacRYz6u2CSOdppIqGq2vY"', 'Vary': 'Accept-Encoding', 'Content-Encoding': 'gzip', 'CF-Cache-Status': 'DYNAMIC', 'Report-To': '{"endpoints":[{"url":"https:\\/\\/a.nel.cloudflare.com\\/report\\/v4?s=PcmDEGVGRGuGln6rOxq%2FLk5YqkBocaLck%2FJzzGn3oWZ%2FwABd83CJwIPkOBn7tmCIou8UrrCLXH%2FwreaJWLa86EOdxBAD6heWSLFy54ymwBobUFWI4QQIwJ9WHrowLIgi"}],"group":"cf-nel","max_age":604800}', 'NEL': '{"success_fraction":0,"report_to":"cf-nel","max_age":604800}', 'Server': 'cloudflare', 'CF-RAY': '89a455ee8fd857d6-IAD', 'alt-svc': 'h3=":443"; ma=86400'} 
 body={"results":[{"gender":"male","name":{"title":"Mr","first":"Luke","last":"Brown"},"location":{"street":{"number":3543,"name":"Fraser Street"},"city":"Christchurch","state":"Nelson","country":"New Zealand","postcode":56851,"coordinates":{"latitude":"49.3719","longitude":"-46.3157"},"timezone":{"offset":"+10:00","description":"Eastern Australia, Guam, Vladivostok"}},"email":"luke.brown@example.com","login":{"uuid":"b0f54178-c662-43ea-9151-a2acead0280b","username":"goldenbutterfly678","password":"alejandr","salt":"Vyyko6PJ","md5":"cb4e93bd8cfc1997637c5c0fa7507521","sha1":"c9d3e7fc7ed53163f45bfdd2fa889106308dc660","sha256":"d5b2a3c987412fbdd45a53972d5b95b631e5777b6d5f930d7eeb82af5818e540"},"dob":{"date":"1952-06-18T23:23:39.189Z","age":72},"registered":{"date":"2015-04-25T14:08:47.537Z","age":9},"phone":"(868)-015-0712","cell":"(042)-997-8628","id":{"name":"","value":null},"picture":{"large":"https://randomuser.me/api/portraits/men/79.jpg","medium":"https://randomuser.me/api/portraits/med/men/79.jpg","thumbnail":"https://randomuser.me/api/portraits/thumb/men/79.jpg"},"nat":"NZ"}],"info":{"seed":"6f15922e925d3e78","results":1,"page":1,"version":"1.4"}} 
 </msg>
<msg time="2024-06-27T09:15:59.210155" level="INFO">/opt/hostedtoolcache/Python/3.12.4/x64/lib/python3.12/site-packages/urllib3/connectionpool.py:1099: InsecureRequestWarning: Unverified HTTPS request is being made to host 'randomuser.me'. Adding certificate verification is strongly advised. See: https://urllib3.readthedocs.io/en/latest/advanced-usage.html#tls-warnings
  warnings.warn(</msg>
<msg time="2024-06-27T09:15:59.210280" level="INFO">${response} = &lt;Response [200]&gt;</msg>
<var>${response}</var>
<arg>consultarAPI</arg>
<arg>/api</arg>
<doc>Sends a GET request on a previously created HTTP Session.</doc>
<status status="PASS" start="2024-06-27T09:15:59.124720" elapsed="0.085600"/>
</kw>
<kw name="Set Variable" owner="BuiltIn">
<msg time="2024-06-27T09:15:59.211294" level="INFO">${json_data} = {'results': [{'gender': 'male', 'name': {'title': 'Mr', 'first': 'Luke', 'last': 'Brown'}, 'location': {'street': {'number': 3543, 'name': 'Fraser Street'}, 'city': 'Christchurch', 'state': 'Nelson', ...</msg>
<var>${json_data}</var>
<arg>${response.json()}</arg>
<doc>Returns the given values which can then be assigned to a variables.</doc>
<status status="PASS" start="2024-06-27T09:15:59.210785" elapsed="0.000538"/>
</kw>
<kw name="Log" owner="BuiltIn">
<msg time="2024-06-27T09:15:59.211828" level="INFO">{'results': [{'gender': 'male', 'name': {'title': 'Mr', 'first': 'Luke', 'last': 'Brown'}, 'location': {'street': {'number': 3543, 'name': 'Fraser Street'}, 'city': 'Christchurch', 'state': 'Nelson', 'country': 'New Zealand', 'postcode': 56851, 'coordinates': {'latitude': '49.3719', 'longitude': '-46.3157'}, 'timezone': {'offset': '+10:00', 'description': 'Eastern Australia, Guam, Vladivostok'}}, 'email': 'luke.brown@example.com', 'login': {'uuid': 'b0f54178-c662-43ea-9151-a2acead0280b', 'username': 'goldenbutterfly678', 'password': 'alejandr', 'salt': 'Vyyko6PJ', 'md5': 'cb4e93bd8cfc1997637c5c0fa7507521', 'sha1': 'c9d3e7fc7ed53163f45bfdd2fa889106308dc660', 'sha256': 'd5b2a3c987412fbdd45a53972d5b95b631e5777b6d5f930d7eeb82af5818e540'}, 'dob': {'date': '1952-06-18T23:23:39.189Z', 'age': 72}, 'registered': {'date': '2015-04-25T14:08:47.537Z', 'age': 9}, 'phone': '(868)-015-0712', 'cell': '(042)-997-8628', 'id': {'name': '', 'value': None}, 'picture': {'large': 'https://randomuser.me/api/portraits/men/79.jpg', 'medium': 'https://randomuser.me/api/portraits/med/men/79.jpg', 'thumbnail': 'https://randomuser.me/api/portraits/thumb/men/79.jpg'}, 'nat': 'NZ'}], 'info': {'seed': '6f15922e925d3e78', 'results': 1, 'page': 1, 'version': '1.4'}}</msg>
<arg>${json_data}</arg>
<doc>Logs the given message with the given level.</doc>
<status status="PASS" start="2024-06-27T09:15:59.211664" elapsed="0.000211"/>
</kw>
<kw name="Dictionary Should Contain Key" owner="Collections">
<arg>${json_data}</arg>
<arg>results</arg>
<doc>Fails if ``key`` is not found from ``dictionary``.</doc>
<status status="PASS" start="2024-06-27T09:15:59.212173" elapsed="0.000164"/>
</kw>
<kw name="Should Not Be Empty" owner="BuiltIn">
<msg time="2024-06-27T09:15:59.212692" level="INFO">Length is 2.</msg>
<arg>${json_data}</arg>
<doc>Verifies that the given item is not empty.</doc>
<status status="PASS" start="2024-06-27T09:15:59.212520" elapsed="0.000222"/>
</kw>
<kw name="Create List" owner="BuiltIn">
<msg time="2024-06-27T09:15:59.213364" level="INFO">${expected_keys} = ['gender', 'name', 'location', 'email', 'login']</msg>
<var>${expected_keys}</var>
<arg>gender</arg>
<arg>name</arg>
<arg>location</arg>
<arg>email</arg>
<arg>login</arg>
<doc>Returns a list containing given items.</doc>
<status status="PASS" start="2024-06-27T09:15:59.213050" elapsed="0.000340"/>
</kw>
<for flavor="IN">
<iter>
<kw name="Dictionary Should Contain Key" owner="Collections">
<arg>${json_data['results'][0]}</arg>
<arg>${key}</arg>
<doc>Fails if ``key`` is not found from ``dictionary``.</doc>
<status status="PASS" start="2024-06-27T09:15:59.213989" elapsed="0.000402"/>
</kw>
<kw name="Log" owner="BuiltIn">
<msg time="2024-06-27T09:15:59.214940" level="INFO">{'gender': 'male', 'name': {'title': 'Mr', 'first': 'Luke', 'last': 'Brown'}, 'location': {'street': {'number': 3543, 'name': 'Fraser Street'}, 'city': 'Christchurch', 'state': 'Nelson', 'country': 'New Zealand', 'postcode': 56851, 'coordinates': {'latitude': '49.3719', 'longitude': '-46.3157'}, 'timezone': {'offset': '+10:00', 'description': 'Eastern Australia, Guam, Vladivostok'}}, 'email': 'luke.brown@example.com', 'login': {'uuid': 'b0f54178-c662-43ea-9151-a2acead0280b', 'username': 'goldenbutterfly678', 'password': 'alejandr', 'salt': 'Vyyko6PJ', 'md5': 'cb4e93bd8cfc1997637c5c0fa7507521', 'sha1': 'c9d3e7fc7ed53163f45bfdd2fa889106308dc660', 'sha256': 'd5b2a3c987412fbdd45a53972d5b95b631e5777b6d5f930d7eeb82af5818e540'}, 'dob': {'date': '1952-06-18T23:23:39.189Z', 'age': 72}, 'registered': {'date': '2015-04-25T14:08:47.537Z', 'age': 9}, 'phone': '(868)-015-0712', 'cell': '(042)-997-8628', 'id': {'name': '', 'value': None}, 'picture': {'large': 'https://randomuser.me/api/portraits/men/79.jpg', 'medium': 'https://randomuser.me/api/portraits/med/men/79.jpg', 'thumbnail': 'https://randomuser.me/api/portraits/thumb/men/79.jpg'}, 'nat': 'NZ'}</msg>
<arg>${json_data['results'][0]}</arg>
<doc>Logs the given message with the given level.</doc>
<status status="PASS" start="2024-06-27T09:15:59.214576" elapsed="0.000422"/>
</kw>
<kw name="Log" owner="BuiltIn">
<msg time="2024-06-27T09:15:59.215426" level="INFO">gender</msg>
<arg>${key}</arg>
<doc>Logs the given message with the given level.</doc>
<status status="PASS" start="2024-06-27T09:15:59.215298" elapsed="0.000166"/>
</kw>
<var name="${key}">gender</var>
<status status="PASS" start="2024-06-27T09:15:59.213854" elapsed="0.001830"/>
</iter>
<iter>
<kw name="Dictionary Should Contain Key" owner="Collections">
<arg>${json_data['results'][0]}</arg>
<arg>${key}</arg>
<doc>Fails if ``key`` is not found from ``dictionary``.</doc>
<status status="PASS" start="2024-06-27T09:15:59.215982" elapsed="0.000394"/>
</kw>
<kw name="Log" owner="BuiltIn">
<msg time="2024-06-27T09:15:59.216942" level="INFO">{'gender': 'male', 'name': {'title': 'Mr', 'first': 'Luke', 'last': 'Brown'}, 'location': {'street': {'number': 3543, 'name': 'Fraser Street'}, 'city': 'Christchurch', 'state': 'Nelson', 'country': 'New Zealand', 'postcode': 56851, 'coordinates': {'latitude': '49.3719', 'longitude': '-46.3157'}, 'timezone': {'offset': '+10:00', 'description': 'Eastern Australia, Guam, Vladivostok'}}, 'email': 'luke.brown@example.com', 'login': {'uuid': 'b0f54178-c662-43ea-9151-a2acead0280b', 'username': 'goldenbutterfly678', 'password': 'alejandr', 'salt': 'Vyyko6PJ', 'md5': 'cb4e93bd8cfc1997637c5c0fa7507521', 'sha1': 'c9d3e7fc7ed53163f45bfdd2fa889106308dc660', 'sha256': 'd5b2a3c987412fbdd45a53972d5b95b631e5777b6d5f930d7eeb82af5818e540'}, 'dob': {'date': '1952-06-18T23:23:39.189Z', 'age': 72}, 'registered': {'date': '2015-04-25T14:08:47.537Z', 'age': 9}, 'phone': '(868)-015-0712', 'cell': '(042)-997-8628', 'id': {'name': '', 'value': None}, 'picture': {'large': 'https://randomuser.me/api/portraits/men/79.jpg', 'medium': 'https://randomuser.me/api/portraits/med/men/79.jpg', 'thumbnail': 'https://randomuser.me/api/portraits/thumb/men/79.jpg'}, 'nat': 'NZ'}</msg>
<arg>${json_data['results'][0]}</arg>
<doc>Logs the given message with the given level.</doc>
<status status="PASS" start="2024-06-27T09:15:59.216557" elapsed="0.000465"/>
</kw>
<kw name="Log" owner="BuiltIn">
<msg time="2024-06-27T09:15:59.217451" level="INFO">name</msg>
<arg>${key}</arg>
<doc>Logs the given message with the given level.</doc>
<status status="PASS" start="2024-06-27T09:15:59.217322" elapsed="0.000167"/>
</kw>
<var name="${key}">name</var>
<status status="PASS" start="2024-06-27T09:15:59.215870" elapsed="0.001837"/>
</iter>
<iter>
<kw name="Dictionary Should Contain Key" owner="Collections">
<arg>${json_data['results'][0]}</arg>
<arg>${key}</arg>
<doc>Fails if ``key`` is not found from ``dictionary``.</doc>
<status status="PASS" start="2024-06-27T09:15:59.217991" elapsed="0.000378"/>
</kw>
<kw name="Log" owner="BuiltIn">
<msg time="2024-06-27T09:15:59.218896" level="INFO">{'gender': 'male', 'name': {'title': 'Mr', 'first': 'Luke', 'last': 'Brown'}, 'location': {'street': {'number': 3543, 'name': 'Fraser Street'}, 'city': 'Christchurch', 'state': 'Nelson', 'country': 'New Zealand', 'postcode': 56851, 'coordinates': {'latitude': '49.3719', 'longitude': '-46.3157'}, 'timezone': {'offset': '+10:00', 'description': 'Eastern Australia, Guam, Vladivostok'}}, 'email': 'luke.brown@example.com', 'login': {'uuid': 'b0f54178-c662-43ea-9151-a2acead0280b', 'username': 'goldenbutterfly678', 'password': 'alejandr', 'salt': 'Vyyko6PJ', 'md5': 'cb4e93bd8cfc1997637c5c0fa7507521', 'sha1': 'c9d3e7fc7ed53163f45bfdd2fa889106308dc660', 'sha256': 'd5b2a3c987412fbdd45a53972d5b95b631e5777b6d5f930d7eeb82af5818e540'}, 'dob': {'date': '1952-06-18T23:23:39.189Z', 'age': 72}, 'registered': {'date': '2015-04-25T14:08:47.537Z', 'age': 9}, 'phone': '(868)-015-0712', 'cell': '(042)-997-8628', 'id': {'name': '', 'value': None}, 'picture': {'large': 'https://randomuser.me/api/portraits/men/79.jpg', 'medium': 'https://randomuser.me/api/portraits/med/men/79.jpg', 'thumbnail': 'https://randomuser.me/api/portraits/thumb/men/79.jpg'}, 'nat': 'NZ'}</msg>
<arg>${json_data['results'][0]}</arg>
<doc>Logs the given message with the given level.</doc>
<status status="PASS" start="2024-06-27T09:15:59.218550" elapsed="0.000395"/>
</kw>
<kw name="Log" owner="BuiltIn">
<msg time="2024-06-27T09:15:59.219365" level="INFO">location</msg>
<arg>${key}</arg>
<doc>Logs the given message with the given level.</doc>
<status status="PASS" start="2024-06-27T09:15:59.219238" elapsed="0.000165"/>
</kw>
<var name="${key}">location</var>
<status status="PASS" start="2024-06-27T09:15:59.217884" elapsed="0.001732"/>
</iter>
<iter>
<kw name="Dictionary Should Contain Key" owner="Collections">
<arg>${json_data['results'][0]}</arg>
<arg>${key}</arg>
<doc>Fails if ``key`` is not found from ``dictionary``.</doc>
<status status="PASS" start="2024-06-27T09:15:59.219893" elapsed="0.000384"/>
</kw>
<kw name="Log" owner="BuiltIn">
<msg time="2024-06-27T09:15:59.220862" level="INFO">{'gender': 'male', 'name': {'title': 'Mr', 'first': 'Luke', 'last': 'Brown'}, 'location': {'street': {'number': 3543, 'name': 'Fraser Street'}, 'city': 'Christchurch', 'state': 'Nelson', 'country': 'New Zealand', 'postcode': 56851, 'coordinates': {'latitude': '49.3719', 'longitude': '-46.3157'}, 'timezone': {'offset': '+10:00', 'description': 'Eastern Australia, Guam, Vladivostok'}}, 'email': 'luke.brown@example.com', 'login': {'uuid': 'b0f54178-c662-43ea-9151-a2acead0280b', 'username': 'goldenbutterfly678', 'password': 'alejandr', 'salt': 'Vyyko6PJ', 'md5': 'cb4e93bd8cfc1997637c5c0fa7507521', 'sha1': 'c9d3e7fc7ed53163f45bfdd2fa889106308dc660', 'sha256': 'd5b2a3c987412fbdd45a53972d5b95b631e5777b6d5f930d7eeb82af5818e540'}, 'dob': {'date': '1952-06-18T23:23:39.189Z', 'age': 72}, 'registered': {'date': '2015-04-25T14:08:47.537Z', 'age': 9}, 'phone': '(868)-015-0712', 'cell': '(042)-997-8628', 'id': {'name': '', 'value': None}, 'picture': {'large': 'https://randomuser.me/api/portraits/men/79.jpg', 'medium': 'https://randomuser.me/api/portraits/med/men/79.jpg', 'thumbnail': 'https://randomuser.me/api/portraits/thumb/men/79.jpg'}, 'nat': 'NZ'}</msg>
<arg>${json_data['results'][0]}</arg>
<doc>Logs the given message with the given level.</doc>
<status status="PASS" start="2024-06-27T09:15:59.220460" elapsed="0.000452"/>
</kw>
<kw name="Log" owner="BuiltIn">
<msg time="2024-06-27T09:15:59.221336" level="INFO">email</msg>
<arg>${key}</arg>
<doc>Logs the given message with the given level.</doc>
<status status="PASS" start="2024-06-27T09:15:59.221210" elapsed="0.000164"/>
</kw>
<var name="${key}">email</var>
<status status="PASS" start="2024-06-27T09:15:59.219788" elapsed="0.001805"/>
</iter>
<iter>
<kw name="Dictionary Should Contain Key" owner="Collections">
<arg>${json_data['results'][0]}</arg>
<arg>${key}</arg>
<doc>Fails if ``key`` is not found from ``dictionary``.</doc>
<status status="PASS" start="2024-06-27T09:15:59.221881" elapsed="0.000386"/>
</kw>
<kw name="Log" owner="BuiltIn">
<msg time="2024-06-27T09:15:59.222800" level="INFO">{'gender': 'male', 'name': {'title': 'Mr', 'first': 'Luke', 'last': 'Brown'}, 'location': {'street': {'number': 3543, 'name': 'Fraser Street'}, 'city': 'Christchurch', 'state': 'Nelson', 'country': 'New Zealand', 'postcode': 56851, 'coordinates': {'latitude': '49.3719', 'longitude': '-46.3157'}, 'timezone': {'offset': '+10:00', 'description': 'Eastern Australia, Guam, Vladivostok'}}, 'email': 'luke.brown@example.com', 'login': {'uuid': 'b0f54178-c662-43ea-9151-a2acead0280b', 'username': 'goldenbutterfly678', 'password': 'alejandr', 'salt': 'Vyyko6PJ', 'md5': 'cb4e93bd8cfc1997637c5c0fa7507521', 'sha1': 'c9d3e7fc7ed53163f45bfdd2fa889106308dc660', 'sha256': 'd5b2a3c987412fbdd45a53972d5b95b631e5777b6d5f930d7eeb82af5818e540'}, 'dob': {'date': '1952-06-18T23:23:39.189Z', 'age': 72}, 'registered': {'date': '2015-04-25T14:08:47.537Z', 'age': 9}, 'phone': '(868)-015-0712', 'cell': '(042)-997-8628', 'id': {'name': '', 'value': None}, 'picture': {'large': 'https://randomuser.me/api/portraits/men/79.jpg', 'medium': 'https://randomuser.me/api/portraits/med/men/79.jpg', 'thumbnail': 'https://randomuser.me/api/portraits/thumb/men/79.jpg'}, 'nat': 'NZ'}</msg>
<arg>${json_data['results'][0]}</arg>
<doc>Logs the given message with the given level.</doc>
<status status="PASS" start="2024-06-27T09:15:59.222447" elapsed="0.000409"/>
</kw>
<kw name="Log" owner="BuiltIn">
<msg time="2024-06-27T09:15:59.223268" level="INFO">login</msg>
<arg>${key}</arg>
<doc>Logs the given message with the given level.</doc>
<status status="PASS" start="2024-06-27T09:15:59.223144" elapsed="0.000161"/>
</kw>
<var name="${key}">login</var>
<status status="PASS" start="2024-06-27T09:15:59.221764" elapsed="0.001752"/>
</iter>
<var>${key}</var>
<value>@{expected_keys}</value>
<status status="PASS" start="2024-06-27T09:15:59.213656" elapsed="0.009979"/>
</for>
<kw name="Create List" owner="BuiltIn">
<msg time="2024-06-27T09:15:59.223960" level="INFO">${expected_keysTwo} = ['username', 'password']</msg>
<var>${expected_keysTwo}</var>
<arg>username</arg>
<arg>password</arg>
<doc>Returns a list containing given items.</doc>
<status status="PASS" start="2024-06-27T09:15:59.223824" elapsed="0.000188"/>
</kw>
<for flavor="IN">
<iter>
<kw name="Dictionary Should Contain Key" owner="Collections">
<arg>${json_data['results'][0]['login']}</arg>
<arg>${keyTwo}</arg>
<doc>Fails if ``key`` is not found from ``dictionary``.</doc>
<status status="PASS" start="2024-06-27T09:15:59.224512" elapsed="0.000429"/>
</kw>
<kw name="Dictionary Should Contain Key" owner="Collections">
<arg>${json_data['results'][0]['login']}</arg>
<arg>${keyTwo}</arg>
<doc>Fails if ``key`` is not found from ``dictionary``.</doc>
<status status="PASS" start="2024-06-27T09:15:59.225122" elapsed="0.000374"/>
</kw>
<kw name="Log" owner="BuiltIn">
<msg time="2024-06-27T09:15:59.225808" level="INFO">username</msg>
<arg>${keyTwo}</arg>
<doc>Logs the given message with the given level.</doc>
<status status="PASS" start="2024-06-27T09:15:59.225686" elapsed="0.000159"/>
</kw>
<var name="${keyTwo}">username</var>
<status status="PASS" start="2024-06-27T09:15:59.224406" elapsed="0.001662"/>
</iter>
<iter>
<kw name="Dictionary Should Contain Key" owner="Collections">
<arg>${json_data['results'][0]['login']}</arg>
<arg>${keyTwo}</arg>
<doc>Fails if ``key`` is not found from ``dictionary``.</doc>
<status status="PASS" start="2024-06-27T09:15:59.226345" elapsed="0.000379"/>
</kw>
<kw name="Dictionary Should Contain Key" owner="Collections">
<arg>${json_data['results'][0]['login']}</arg>
<arg>${keyTwo}</arg>
<doc>Fails if ``key`` is not found from ``dictionary``.</doc>
<status status="PASS" start="2024-06-27T09:15:59.226901" elapsed="0.000362"/>
</kw>
<kw name="Log" owner="BuiltIn">
<msg time="2024-06-27T09:15:59.227552" level="INFO">password</msg>
<arg>${keyTwo}</arg>
<doc>Logs the given message with the given level.</doc>
<status status="PASS" start="2024-06-27T09:15:59.227435" elapsed="0.000160"/>
</kw>
<var name="${keyTwo}">password</var>
<status status="PASS" start="2024-06-27T09:15:59.226240" elapsed="0.001664"/>
</iter>
<var>${keyTwo}</var>
<value>@{expected_keysTwo}</value>
<status status="PASS" start="2024-06-27T09:15:59.224253" elapsed="0.003770"/>
</for>
<status status="PASS" start="2024-06-27T09:15:59.124356" elapsed="0.103807"/>
</kw>
<doc>Testa a estrutura da resposta da API.</doc>
<tag>testeEstruturaResposta</tag>
<status status="PASS" start="2024-06-27T09:15:59.123561" elapsed="0.104764"/>
</test>
<test id="s1-s1-t4" name="Validar tipos de dados" line="28">
<kw name="Teste de Tipos de Dados" owner="random-user-service">
<kw name="GET On Session" owner="RequestsLibrary">
<msg time="2024-06-27T09:15:59.317327" level="INFO">GET Request : url=https://randomuser.me/api 
 path_url=/api 
 headers={'User-Agent': 'python-requests/2.32.3', 'Accept-Encoding': 'gzip, deflate', 'Accept': '*/*', 'Connection': 'keep-alive'} 
 body=None 
 </msg>
<msg time="2024-06-27T09:15:59.317412" level="INFO">GET Response : url=https://randomuser.me/api 
 status=200, reason=OK 
 headers={'Date': 'Thu, 27 Jun 2024 09:15:59 GMT', 'Content-Type': 'application/json; charset=utf-8', 'Transfer-Encoding': 'chunked', 'Connection': 'keep-alive', 'X-Powered-By': 'Express', 'Access-Control-Allow-Origin': '*', 'Cache-Control': 'no-cache', 'ETag': 'W/"482-47SZForJqqCu+ocdHgerwgtOjek"', 'Vary': 'Accept-Encoding', 'Content-Encoding': 'gzip', 'CF-Cache-Status': 'DYNAMIC', 'Report-To': '{"endpoints":[{"url":"https:\\/\\/a.nel.cloudflare.com\\/report\\/v4?s=0D18JTaBw9k64P%2BdFjatZaoDxrE3Y3vYndo6wUvxwmko%2FTq%2FTjRXro7%2F%2BXYTojZvEr4hAjsEqw8RvdulOKknv643lRnYR2xbTivQCTGRKd%2Fb7J89sPJVYTrJIX3VnQ0F"}],"group":"cf-nel","max_age":604800}', 'NEL': '{"success_fraction":0,"report_to":"cf-nel","max_age":604800}', 'Server': 'cloudflare', 'CF-RAY': '89a455ef383657d6-IAD', 'alt-svc': 'h3=":443"; ma=86400'} 
 body={"results":[{"gender":"male","name":{"title":"Mr","first":"Juho","last":"Kokko"},"location":{"street":{"number":6870,"name":"Mannerheimintie"},"city":"Kaskinen","state":"Åland","country":"Finland","postcode":86924,"coordinates":{"latitude":"-24.8150","longitude":"-21.4710"},"timezone":{"offset":"-12:00","description":"Eniwetok, Kwajalein"}},"email":"juho.kokko@example.com","login":{"uuid":"650a64fd-b14c-400b-af2a-f23785ca5877","username":"blackostrich988","password":"williams","salt":"SgsYdaR5","md5":"04892c57a4189136c9d6806e5b904bf0","sha1":"9f2bd1c9b42f172d8beeb1b35c1f30ab1b99fced","sha256":"0d71d7c8bc258fba6adfa39716dea4771e2800dc13fca39cd89710e8e3845ec0"},"dob":{"date":"1952-09-08T15:05:11.568Z","age":71},"registered":{"date":"2006-11-24T17:53:46.713Z","age":17},"phone":"06-376-354","cell":"044-330-12-68","id":{"name":"HETU","value":"NaNNA127undefined"},"picture":{"large":"https://randomuser.me/api/portraits/men/49.jpg","medium":"https://randomuser.me/api/portraits/med/men/49.jpg","thumbnail":"https://randomuser.me/api/portraits/thumb/men/49.jpg"},"nat":"FI"}],"info":{"seed":"b16dc925ccba3b83","results":1,"page":1,"version":"1.4"}} 
 </msg>
<msg time="2024-06-27T09:15:59.317481" level="INFO">/opt/hostedtoolcache/Python/3.12.4/x64/lib/python3.12/site-packages/urllib3/connectionpool.py:1099: InsecureRequestWarning: Unverified HTTPS request is being made to host 'randomuser.me'. Adding certificate verification is strongly advised. See: https://urllib3.readthedocs.io/en/latest/advanced-usage.html#tls-warnings
  warnings.warn(</msg>
<msg time="2024-06-27T09:15:59.317594" level="INFO">${response} = &lt;Response [200]&gt;</msg>
<var>${response}</var>
<arg>consultarAPI</arg>
<arg>/api</arg>
<doc>Sends a GET request on a previously created HTTP Session.</doc>
<status status="PASS" start="2024-06-27T09:15:59.230879" elapsed="0.086758"/>
</kw>
<kw name="Set Variable" owner="BuiltIn">
<msg time="2024-06-27T09:15:59.318752" level="INFO">${json_data} = {'results': [{'gender': 'male', 'name': {'title': 'Mr', 'first': 'Juho', 'last': 'Kokko'}, 'location': {'street': {'number': 6870, 'name': 'Mannerheimintie'}, 'city': 'Kaskinen', 'state': 'Åland', 'co...</msg>
<var>${json_data}</var>
<arg>${response.json()}</arg>
<doc>Returns the given values which can then be assigned to a variables.</doc>
<status status="PASS" start="2024-06-27T09:15:59.318187" elapsed="0.000606"/>
</kw>
<kw name="Log" owner="BuiltIn">
<msg time="2024-06-27T09:15:59.319307" level="INFO">{'results': [{'gender': 'male', 'name': {'title': 'Mr', 'first': 'Juho', 'last': 'Kokko'}, 'location': {'street': {'number': 6870, 'name': 'Mannerheimintie'}, 'city': 'Kaskinen', 'state': 'Åland', 'country': 'Finland', 'postcode': 86924, 'coordinates': {'latitude': '-24.8150', 'longitude': '-21.4710'}, 'timezone': {'offset': '-12:00', 'description': 'Eniwetok, Kwajalein'}}, 'email': 'juho.kokko@example.com', 'login': {'uuid': '650a64fd-b14c-400b-af2a-f23785ca5877', 'username': 'blackostrich988', 'password': 'williams', 'salt': 'SgsYdaR5', 'md5': '04892c57a4189136c9d6806e5b904bf0', 'sha1': '9f2bd1c9b42f172d8beeb1b35c1f30ab1b99fced', 'sha256': '0d71d7c8bc258fba6adfa39716dea4771e2800dc13fca39cd89710e8e3845ec0'}, 'dob': {'date': '1952-09-08T15:05:11.568Z', 'age': 71}, 'registered': {'date': '2006-11-24T17:53:46.713Z', 'age': 17}, 'phone': '06-376-354', 'cell': '044-330-12-68', 'id': {'name': 'HETU', 'value': 'NaNNA127undefined'}, 'picture': {'large': 'https://randomuser.me/api/portraits/men/49.jpg', 'medium': 'https://randomuser.me/api/portraits/med/men/49.jpg', 'thumbnail': 'https://randomuser.me/api/portraits/thumb/men/49.jpg'}, 'nat': 'FI'}], 'info': {'seed': 'b16dc925ccba3b83', 'results': 1, 'page': 1, 'version': '1.4'}}</msg>
<arg>${json_data}</arg>
<doc>Logs the given message with the given level.</doc>
<status status="PASS" start="2024-06-27T09:15:59.319130" elapsed="0.000226"/>
</kw>
<kw name="Should Be String" owner="String">
<arg>${json_data['results'][0]['gender']}</arg>
<doc>Fails if the given ``item`` is not a string.</doc>
<status status="PASS" start="2024-06-27T09:15:59.319649" elapsed="0.000367"/>
</kw>
<kw name="Should Match Regexp" owner="BuiltIn">
<arg>${json_data['results'][0]['email']}</arg>
<arg>^[a-zA-Z0-9._%+-]+@[a-zA-Z0-9.-]+\.[a-zA-Z]{2,}$</arg>
<doc>Fails if ``string`` does not match ``pattern`` as a regular expression.</doc>
<status status="PASS" start="2024-06-27T09:15:59.320205" elapsed="0.000555"/>
</kw>
<kw name="Should Match Regexp" owner="BuiltIn">
<arg>${json_data['results'][0]['dob']['date']}</arg>
<arg>\\d{4}-\\d{2}-\\d{2}T\\d{2}:\\d{2}:\\d{2}\\.\\d{3}Z</arg>
<doc>Fails if ``string`` does not match ``pattern`` as a regular expression.</doc>
<status status="PASS" start="2024-06-27T09:15:59.320995" elapsed="0.000490"/>
</kw>
<kw name="Should Match Regexp" owner="BuiltIn">
<arg>${json_data['results'][0]['registered']['date']}</arg>
<arg>\\d{4}-\\d{2}-\\d{2}T\\d{2}:\\d{2}:\\d{2}\\.\\d{3}Z</arg>
<doc>Fails if ``string`` does not match ``pattern`` as a regular expression.</doc>
<status status="PASS" start="2024-06-27T09:15:59.321673" elapsed="0.000370"/>
</kw>
<kw name="Should Match Regexp" owner="BuiltIn">
<arg>${json_data['results'][0]['picture']['large']}</arg>
<arg>^https?://.*\.(?:png|jpe?g|gif|bmp)$</arg>
<doc>Fails if ``string`` does not match ``pattern`` as a regular expression.</doc>
<status status="PASS" start="2024-06-27T09:15:59.322227" elapsed="0.000463"/>
</kw>
<kw name="Should Match Regexp" owner="BuiltIn">
<arg>${json_data['results'][0]['picture']['medium']}</arg>
<arg>^https?://.*\.(?:png|jpe?g|gif|bmp)$</arg>
<doc>Fails if ``string`` does not match ``pattern`` as a regular expression.</doc>
<status status="PASS" start="2024-06-27T09:15:59.322874" elapsed="0.000351"/>
</kw>
<kw name="Should Match Regexp" owner="BuiltIn">
<arg>${json_data['results'][0]['picture']['thumbnail']}</arg>
<arg>^https?://.*\.(?:png|jpe?g|gif|bmp)$</arg>
<doc>Fails if ``string`` does not match ``pattern`` as a regular expression.</doc>
<status status="PASS" start="2024-06-27T09:15:59.323408" elapsed="0.000351"/>
</kw>
<kw name="Log" owner="BuiltIn">
<msg time="2024-06-27T09:15:59.324267" level="INFO">{'large': 'https://randomuser.me/api/portraits/men/49.jpg', 'medium': 'https://randomuser.me/api/portraits/med/men/49.jpg', 'thumbnail': 'https://randomuser.me/api/portraits/thumb/men/49.jpg'}</msg>
<arg>${json_data['results'][0]['picture']}</arg>
<doc>Logs the given message with the given level.</doc>
<status status="PASS" start="2024-06-27T09:15:59.323942" elapsed="0.000369"/>
</kw>
<status status="PASS" start="2024-06-27T09:15:59.230657" elapsed="0.093946"/>
</kw>
<kw name="Teste de Tipos de Dados - Postcode" owner="random-user-service">
<kw name="GET On Session" owner="RequestsLibrary">
<msg time="2024-06-27T09:15:59.412087" level="INFO">GET Request : url=https://randomuser.me/api 
 path_url=/api 
 headers={'User-Agent': 'python-requests/2.32.3', 'Accept-Encoding': 'gzip, deflate', 'Accept': '*/*', 'Connection': 'keep-alive'} 
 body=None 
 </msg>
<msg time="2024-06-27T09:15:59.412168" level="INFO">GET Response : url=https://randomuser.me/api 
 status=200, reason=OK 
 headers={'Date': 'Thu, 27 Jun 2024 09:15:59 GMT', 'Content-Type': 'application/json; charset=utf-8', 'Transfer-Encoding': 'chunked', 'Connection': 'keep-alive', 'X-Powered-By': 'Express', 'Access-Control-Allow-Origin': '*', 'Cache-Control': 'no-cache', 'ETag': 'W/"48c-kBRkk69pDjnh31GZi686SR5U1U4"', 'Vary': 'Accept-Encoding', 'Content-Encoding': 'gzip', 'CF-Cache-Status': 'DYNAMIC', 'Report-To': '{"endpoints":[{"url":"https:\\/\\/a.nel.cloudflare.com\\/report\\/v4?s=R5URXoGv3h16nPvfPMhWh8SnY7IVyAOACrrFaVuc9ljKrK7vhuevL9fVU2jpVuKm7quKM8CxEKH%2FuqWaNjfL1kzA4xxL3LbjSv12vJ4dtfvIQ2yG2CkzAJ%2FkpOK8SEH4"}],"group":"cf-nel","max_age":604800}', 'NEL': '{"success_fraction":0,"report_to":"cf-nel","max_age":604800}', 'Server': 'cloudflare', 'CF-RAY': '89a455efc88e57d6-IAD', 'alt-svc': 'h3=":443"; ma=86400'} 
 body={"results":[{"gender":"female","name":{"title":"Mrs","first":"Glafira","last":"Lushchik"},"location":{"street":{"number":6741,"name":"8 Bereznya"},"city":"Boyarka","state":"Ternopilska","country":"Ukraine","postcode":27115,"coordinates":{"latitude":"75.2628","longitude":"86.6365"},"timezone":{"offset":"+4:00","description":"Abu Dhabi, Muscat, Baku, Tbilisi"}},"email":"glafira.lushchik@example.com","login":{"uuid":"3889a01c-30f1-4978-a47e-7f3fcf51627f","username":"tinyladybug948","password":"jedi","salt":"b9eLBGjs","md5":"fdc2cc8756aaaf4c874323bf02131ea1","sha1":"15f916b9b4142369b374dd7efd8fd1cb003f08aa","sha256":"562dd9ca328aa2ff0daaac66c25301e2c645378b9baf28ae34c6f4d6433c453d"},"dob":{"date":"1957-05-12T07:41:23.089Z","age":67},"registered":{"date":"2022-01-10T10:12:22.381Z","age":2},"phone":"(099) I14-1495","cell":"(099) K36-2512","id":{"name":"","value":null},"picture":{"large":"https://randomuser.me/api/portraits/women/76.jpg","medium":"https://randomuser.me/api/portraits/med/women/76.jpg","thumbnail":"https://randomuser.me/api/portraits/thumb/women/76.jpg"},"nat":"UA"}],"info":{"seed":"dad0da7511b33d9f","results":1,"page":1,"version":"1.4"}} 
 </msg>
<msg time="2024-06-27T09:15:59.412239" level="INFO">/opt/hostedtoolcache/Python/3.12.4/x64/lib/python3.12/site-packages/urllib3/connectionpool.py:1099: InsecureRequestWarning: Unverified HTTPS request is being made to host 'randomuser.me'. Adding certificate verification is strongly advised. See: https://urllib3.readthedocs.io/en/latest/advanced-usage.html#tls-warnings
  warnings.warn(</msg>
<msg time="2024-06-27T09:15:59.412350" level="INFO">${response} = &lt;Response [200]&gt;</msg>
<var>${response}</var>
<arg>consultarAPI</arg>
<arg>/api</arg>
<doc>Sends a GET request on a previously created HTTP Session.</doc>
<status status="PASS" start="2024-06-27T09:15:59.325065" elapsed="0.087336"/>
</kw>
<kw name="Set Variable" owner="BuiltIn">
<msg time="2024-06-27T09:15:59.413507" level="INFO">${json_data} = {'results': [{'gender': 'female', 'name': {'title': 'Mrs', 'first': 'Glafira', 'last': 'Lushchik'}, 'location': {'street': {'number': 6741, 'name': '8 Bereznya'}, 'city': 'Boyarka', 'state': 'Ternopil...</msg>
<var>${json_data}</var>
<arg>${response.json()}</arg>
<doc>Returns the given values which can then be assigned to a variables.</doc>
<status status="PASS" start="2024-06-27T09:15:59.412923" elapsed="0.000612"/>
</kw>
<kw name="Log" owner="BuiltIn">
<msg time="2024-06-27T09:15:59.414004" level="INFO">{'results': [{'gender': 'female', 'name': {'title': 'Mrs', 'first': 'Glafira', 'last': 'Lushchik'}, 'location': {'street': {'number': 6741, 'name': '8 Bereznya'}, 'city': 'Boyarka', 'state': 'Ternopilska', 'country': 'Ukraine', 'postcode': 27115, 'coordinates': {'latitude': '75.2628', 'longitude': '86.6365'}, 'timezone': {'offset': '+4:00', 'description': 'Abu Dhabi, Muscat, Baku, Tbilisi'}}, 'email': 'glafira.lushchik@example.com', 'login': {'uuid': '3889a01c-30f1-4978-a47e-7f3fcf51627f', 'username': 'tinyladybug948', 'password': 'jedi', 'salt': 'b9eLBGjs', 'md5': 'fdc2cc8756aaaf4c874323bf02131ea1', 'sha1': '15f916b9b4142369b374dd7efd8fd1cb003f08aa', 'sha256': '562dd9ca328aa2ff0daaac66c25301e2c645378b9baf28ae34c6f4d6433c453d'}, 'dob': {'date': '1957-05-12T07:41:23.089Z', 'age': 67}, 'registered': {'date': '2022-01-10T10:12:22.381Z', 'age': 2}, 'phone': '(099) I14-1495', 'cell': '(099) K36-2512', 'id': {'name': '', 'value': None}, 'picture': {'large': 'https://randomuser.me/api/portraits/women/76.jpg', 'medium': 'https://randomuser.me/api/portraits/med/women/76.jpg', 'thumbnail': 'https://randomuser.me/api/portraits/thumb/women/76.jpg'}, 'nat': 'UA'}], 'info': {'seed': 'dad0da7511b33d9f', 'results': 1, 'page': 1, 'version': '1.4'}}</msg>
<arg>${json_data}</arg>
<doc>Logs the given message with the given level.</doc>
<status status="PASS" start="2024-06-27T09:15:59.413848" elapsed="0.000204"/>
</kw>
<kw name="Should Be Equal As Numbers" owner="BuiltIn">
<arg>${json_data['results'][0]['location']['postcode']}</arg>
<arg>${json_data['results'][0]['location']['postcode']}</arg>
<doc>Fails if objects are unequal after converting them to real numbers.</doc>
<status status="PASS" start="2024-06-27T09:15:59.414347" elapsed="0.000630"/>
</kw>
<kw name="Log" owner="BuiltIn">
<msg time="2024-06-27T09:15:59.415640" level="INFO">27115</msg>
<arg>${json_data['results'][0]['location']['postcode']}</arg>
<doc>Logs the given message with the given level.</doc>
<status status="PASS" start="2024-06-27T09:15:59.415167" elapsed="0.000515"/>
</kw>
<status status="PASS" start="2024-06-27T09:15:59.324833" elapsed="0.091127"/>
</kw>
<doc>Testa se os tipos de dados na resposta da API estão corretos.</doc>
<tag>testeTiposDados</tag>
<status status="PASS" start="2024-06-27T09:15:59.230129" elapsed="0.185997"/>
</test>
<test id="s1-s1-t5" name="Validar conteudo" line="35">
<kw name="Teste de Tipos de Conteudo" owner="random-user-service">
<kw name="GET On Session" owner="RequestsLibrary">
<msg time="2024-06-27T09:15:59.511267" level="INFO">GET Request : url=https://randomuser.me/api 
 path_url=/api 
 headers={'User-Agent': 'python-requests/2.32.3', 'Accept-Encoding': 'gzip, deflate', 'Accept': '*/*', 'Connection': 'keep-alive'} 
 body=None 
 </msg>
<msg time="2024-06-27T09:15:59.511359" level="INFO">GET Response : url=https://randomuser.me/api 
 status=200, reason=OK 
 headers={'Date': 'Thu, 27 Jun 2024 09:15:59 GMT', 'Content-Type': 'application/json; charset=utf-8', 'Transfer-Encoding': 'chunked', 'Connection': 'keep-alive', 'X-Powered-By': 'Express', 'Access-Control-Allow-Origin': '*', 'Cache-Control': 'no-cache', 'ETag': 'W/"48d-nkDFLP5AGEi6K0OwEKb9s0/g644"', 'Vary': 'Accept-Encoding', 'Content-Encoding': 'gzip', 'CF-Cache-Status': 'DYNAMIC', 'Report-To': '{"endpoints":[{"url":"https:\\/\\/a.nel.cloudflare.com\\/report\\/v4?s=e87oIeaNiMMkNo9dlzJfEuyAVRSTHI%2FdB%2Bl8SgGTq2DLA2yD4VBBUxWla7T3%2FHI%2BB8Bump8WlGuBEVOBfi577aeE7sLsSAE%2FePirEUqOsNcIy3Cf%2B9JlrSYPwXAkXHJW"}],"group":"cf-nel","max_age":604800}', 'NEL': '{"success_fraction":0,"report_to":"cf-nel","max_age":604800}', 'Server': 'cloudflare', 'CF-RAY': '89a455f068e357d6-IAD', 'alt-svc': 'h3=":443"; ma=86400'} 
 body={"results":[{"gender":"female","name":{"title":"Ms","first":"Harini","last":"Dalvi"},"location":{"street":{"number":8799,"name":"Shivajinagar"},"city":"Panipat","state":"Bihar","country":"India","postcode":85162,"coordinates":{"latitude":"9.3562","longitude":"131.2184"},"timezone":{"offset":"+3:00","description":"Baghdad, Riyadh, Moscow, St. Petersburg"}},"email":"harini.dalvi@example.com","login":{"uuid":"33f8eeb1-da18-4e6b-ac76-bc19a497b7a0","username":"greenpanda784","password":"hotass","salt":"OeG5xT3V","md5":"1f79fda2562b75e6ab92a4961b9ebbaf","sha1":"06c40df08154f12105ad0ac12c22ae423542cc7b","sha256":"77114190b903afa6b1c57f5a35668f79cf8389f81c4e86689bddb1bbffb03a93"},"dob":{"date":"1949-08-15T02:19:55.350Z","age":74},"registered":{"date":"2014-02-22T01:36:08.514Z","age":10},"phone":"7547460637","cell":"7657571746","id":{"name":"UIDAI","value":"497921222635"},"picture":{"large":"https://randomuser.me/api/portraits/women/65.jpg","medium":"https://randomuser.me/api/portraits/med/women/65.jpg","thumbnail":"https://randomuser.me/api/portraits/thumb/women/65.jpg"},"nat":"IN"}],"info":{"seed":"1a8f4465cc38919e","results":1,"page":1,"version":"1.4"}} 
 </msg>
<msg time="2024-06-27T09:15:59.511437" level="INFO">/opt/hostedtoolcache/Python/3.12.4/x64/lib/python3.12/site-packages/urllib3/connectionpool.py:1099: InsecureRequestWarning: Unverified HTTPS request is being made to host 'randomuser.me'. Adding certificate verification is strongly advised. See: https://urllib3.readthedocs.io/en/latest/advanced-usage.html#tls-warnings
  warnings.warn(</msg>
<msg time="2024-06-27T09:15:59.511552" level="INFO">${response} = &lt;Response [200]&gt;</msg>
<var>${response}</var>
<arg>consultarAPI</arg>
<arg>/api</arg>
<doc>Sends a GET request on a previously created HTTP Session.</doc>
<status status="PASS" start="2024-06-27T09:15:59.418695" elapsed="0.092908"/>
</kw>
<kw name="Set Variable" owner="BuiltIn">
<msg time="2024-06-27T09:15:59.512729" level="INFO">${json_data} = {'results': [{'gender': 'female', 'name': {'title': 'Ms', 'first': 'Harini', 'last': 'Dalvi'}, 'location': {'street': {'number': 8799, 'name': 'Shivajinagar'}, 'city': 'Panipat', 'state': 'Bihar', 'co...</msg>
<var>${json_data}</var>
<arg>${response.json()}</arg>
<doc>Returns the given values which can then be assigned to a variables.</doc>
<status status="PASS" start="2024-06-27T09:15:59.512116" elapsed="0.000642"/>
</kw>
<kw name="Set Variable" owner="BuiltIn">
<msg time="2024-06-27T09:15:59.513438" level="INFO">${name_title} = Ms</msg>
<var>${name_title}</var>
<arg>${json_data["results"][0]["name"]["title"]}</arg>
<doc>Returns the given values which can then be assigned to a variables.</doc>
<status status="PASS" start="2024-06-27T09:15:59.513059" elapsed="0.000403"/>
</kw>
<kw name="Create List" owner="BuiltIn">
<msg time="2024-06-27T09:15:59.513895" level="INFO">${allowed_titles} = ['Mr', 'Ms', 'Miss', 'Mrs', 'Madame', 'Monsieur']</msg>
<var>${allowed_titles}</var>
<arg>Mr</arg>
<arg>Ms</arg>
<arg>Miss</arg>
<arg>Mrs</arg>
<arg>Madame</arg>
<arg>Monsieur</arg>
<doc>Returns a list containing given items.</doc>
<status status="PASS" start="2024-06-27T09:15:59.513750" elapsed="0.000168"/>
</kw>
<kw name="List Should Contain Value" owner="Collections">
<arg>${allowed_titles}</arg>
<arg>${name_title}</arg>
<doc>Fails if the ``value`` is not found from ``list``.</doc>
<status status="PASS" start="2024-06-27T09:15:59.514209" elapsed="0.000177"/>
</kw>
<kw name="Set Variable" owner="BuiltIn">
<msg time="2024-06-27T09:15:59.514916" level="INFO">${name_country} = IN</msg>
<var>${name_country}</var>
<arg>${json_data["results"][0]["nat"]}</arg>
<doc>Returns the given values which can then be assigned to a variables.</doc>
<status status="PASS" start="2024-06-27T09:15:59.514558" elapsed="0.000383"/>
</kw>
<kw name="Create List" owner="BuiltIn">
<msg time="2024-06-27T09:15:59.515826" level="INFO">${list_country} = ['AD', 'AE', 'AF', 'AG', 'AI', 'AL', 'AM', 'AO', 'AQ', 'AR', 'AS', 'AT', 'AU', 'AW', 'AX', 'AZ', 'BA', 'BB', 'BD', 'BE', 'BF', 'BG', 'BH', 'BI', 'BJ', 'BL', 'BM', 'BN', 'BO', 'BQ', 'BR', 'BS', 'BT', '...</msg>
<var>${list_country}</var>
<arg>AD</arg>
<arg>AE</arg>
<arg>AF</arg>
<arg>AG</arg>
<arg>AI</arg>
<arg>AL</arg>
<arg>AM</arg>
<arg>AO</arg>
<arg>AQ</arg>
<arg>AR</arg>
<arg>AS</arg>
<arg>AT</arg>
<arg>AU</arg>
<arg>AW</arg>
<arg>AX</arg>
<arg>AZ</arg>
<arg>BA</arg>
<arg>BB</arg>
<arg>BD</arg>
<arg>BE</arg>
<arg>BF</arg>
<arg>BG</arg>
<arg>BH</arg>
<arg>BI</arg>
<arg>BJ</arg>
<arg>BL</arg>
<arg>BM</arg>
<arg>BN</arg>
<arg>BO</arg>
<arg>BQ</arg>
<arg>BR</arg>
<arg>BS</arg>
<arg>BT</arg>
<arg>BV</arg>
<arg>BW</arg>
<arg>BY</arg>
<arg>BZ</arg>
<arg>CA</arg>
<arg>CC</arg>
<arg>CD</arg>
<arg>CF</arg>
<arg>CG</arg>
<arg>CH</arg>
<arg>CI</arg>
<arg>CK</arg>
<arg>CL</arg>
<arg>CM</arg>
<arg>CN</arg>
<arg>CO</arg>
<arg>CR</arg>
<arg>CU</arg>
<arg>CV</arg>
<arg>CW</arg>
<arg>CX</arg>
<arg>CY</arg>
<arg>CZ</arg>
<arg>DE</arg>
<arg>DJ</arg>
<arg>DK</arg>
<arg>DM</arg>
<arg>DO</arg>
<arg>DZ</arg>
<arg>EC</arg>
<arg>EE</arg>
<arg>EG</arg>
<arg>EH</arg>
<arg>ER</arg>
<arg>ES</arg>
<arg>ET</arg>
<arg>FI</arg>
<arg>FJ</arg>
<arg>FK</arg>
<arg>FM</arg>
<arg>FO</arg>
<arg>FR</arg>
<arg>GA</arg>
<arg>GB</arg>
<arg>GD</arg>
<arg>GE</arg>
<arg>GF</arg>
<arg>GG</arg>
<arg>GH</arg>
<arg>GI</arg>
<arg>GL</arg>
<arg>GM</arg>
<arg>GN</arg>
<arg>GP</arg>
<arg>GQ</arg>
<arg>GR</arg>
<arg>GS</arg>
<arg>GT</arg>
<arg>GU</arg>
<arg>GW</arg>
<arg>GY</arg>
<arg>HK</arg>
<arg>HM</arg>
<arg>HN</arg>
<arg>HR</arg>
<arg>HT</arg>
<arg>HU</arg>
<arg>ID</arg>
<arg>IE</arg>
<arg>IL</arg>
<arg>IM</arg>
<arg>IN</arg>
<arg>IO</arg>
<arg>IQ</arg>
<arg>IR</arg>
<arg>IS</arg>
<arg>IT</arg>
<arg>JE</arg>
<arg>JM</arg>
<arg>JO</arg>
<arg>JP</arg>
<arg>KE</arg>
<arg>KG</arg>
<arg>KH</arg>
<arg>KI</arg>
<arg>KM</arg>
<arg>KN</arg>
<arg>KP</arg>
<arg>KR</arg>
<arg>KW</arg>
<arg>KY</arg>
<arg>KZ</arg>
<arg>LA</arg>
<arg>LB</arg>
<arg>LC</arg>
<arg>LI</arg>
<arg>LK</arg>
<arg>LR</arg>
<arg>LS</arg>
<arg>LT</arg>
<arg>LU</arg>
<arg>LV</arg>
<arg>LY</arg>
<arg>MA</arg>
<arg>MC</arg>
<arg>MD</arg>
<arg>ME</arg>
<arg>MF</arg>
<arg>MG</arg>
<arg>MH</arg>
<arg>MK</arg>
<arg>ML</arg>
<arg>MM</arg>
<arg>MN</arg>
<arg>MO</arg>
<arg>MP</arg>
<arg>MQ</arg>
<arg>MR</arg>
<arg>MS</arg>
<arg>MT</arg>
<arg>MU</arg>
<arg>MV</arg>
<arg>MW</arg>
<arg>MX</arg>
<arg>MY</arg>
<arg>MZ</arg>
<arg>NA</arg>
<arg>NC</arg>
<arg>NE</arg>
<arg>NF</arg>
<arg>NG</arg>
<arg>NI</arg>
<arg>NL</arg>
<arg>NO</arg>
<arg>NP</arg>
<arg>NR</arg>
<arg>NU</arg>
<arg>NZ</arg>
<arg>OM</arg>
<arg>PA</arg>
<arg>PE</arg>
<arg>PF</arg>
<arg>PG</arg>
<arg>PH</arg>
<arg>PK</arg>
<arg>PL</arg>
<arg>PM</arg>
<arg>PN</arg>
<arg>PR</arg>
<arg>PS</arg>
<arg>PT</arg>
<arg>PW</arg>
<arg>PY</arg>
<arg>QA</arg>
<arg>RE</arg>
<arg>RO</arg>
<arg>RS</arg>
<arg>RU</arg>
<arg>RW</arg>
<arg>SA</arg>
<arg>SB</arg>
<arg>SC</arg>
<arg>SD</arg>
<arg>SE</arg>
<arg>SG</arg>
<arg>SH</arg>
<arg>SI</arg>
<arg>SJ</arg>
<arg>SK</arg>
<arg>SL</arg>
<arg>SM</arg>
<arg>SN</arg>
<arg>SO</arg>
<arg>SR</arg>
<arg>SS</arg>
<arg>ST</arg>
<arg>SV</arg>
<arg>SX</arg>
<arg>SY</arg>
<arg>SZ</arg>
<arg>TC</arg>
<arg>TD</arg>
<arg>TF</arg>
<arg>TG</arg>
<arg>TH</arg>
<arg>TJ</arg>
<arg>TK</arg>
<arg>TL</arg>
<arg>TM</arg>
<arg>TN</arg>
<arg>TO</arg>
<arg>TR</arg>
<arg>TT</arg>
<arg>TV</arg>
<arg>TW</arg>
<arg>TZ</arg>
<arg>UA</arg>
<arg>UG</arg>
<arg>UM</arg>
<arg>US</arg>
<arg>UY</arg>
<arg>UZ</arg>
<arg>VA</arg>
<arg>VC</arg>
<arg>VE</arg>
<arg>VG</arg>
<arg>VI</arg>
<arg>VN</arg>
<arg>VU</arg>
<arg>WF</arg>
<arg>WS</arg>
<arg>XK</arg>
<arg>YE</arg>
<arg>YT</arg>
<arg>ZA</arg>
<arg>ZM</arg>
<arg>ZW</arg>
<doc>Returns a list containing given items.</doc>
<status status="PASS" start="2024-06-27T09:15:59.515231" elapsed="0.000620"/>
</kw>
<kw name="List Should Contain Value" owner="Collections">
<arg>${list_country}</arg>
<arg>${name_country}</arg>
<doc>Fails if the ``value`` is not found from ``list``.</doc>
<status status="PASS" start="2024-06-27T09:15:59.516659" elapsed="0.000203"/>
</kw>
<kw name="Run Keyword If" owner="BuiltIn">
<kw name="Should Be True" owner="BuiltIn">
<arg>${True}</arg>
<doc>Fails if the given condition is not true.</doc>
<status status="PASS" start="2024-06-27T09:15:59.517797" elapsed="0.000140"/>
</kw>
<arg>${json_data["results"][0]["location"]["coordinates"]["latitude"]} &gt;= -90 and ${json_data["results"][0]["location"]["coordinates"]["latitude"]} &lt;= 90</arg>
<arg>Should Be True</arg>
<arg>${True}</arg>
<doc>Runs the given keyword with the given arguments, if ``condition`` is true.</doc>
<status status="PASS" start="2024-06-27T09:15:59.517066" elapsed="0.000993"/>
</kw>
<kw name="Run Keyword If" owner="BuiltIn">
<kw name="Should Be True" owner="BuiltIn">
<arg>${True}</arg>
<doc>Fails if the given condition is not true.</doc>
<status status="PASS" start="2024-06-27T09:15:59.518915" elapsed="0.000231"/>
</kw>
<arg>${json_data["results"][0]["location"]["coordinates"]["longitude"]} &gt;= -180 and ${json_data["results"][0]["location"]["coordinates"]["longitude"]} &lt;= 180</arg>
<arg>Should Be True</arg>
<arg>${True}</arg>
<doc>Runs the given keyword with the given arguments, if ``condition`` is true.</doc>
<status status="PASS" start="2024-06-27T09:15:59.518234" elapsed="0.001038"/>
</kw>
<status status="PASS" start="2024-06-27T09:15:59.418474" elapsed="0.100929"/>
</kw>
<doc>Testa o conteúdo específico dos campos retornados pela API.</doc>
<tag>testeConteudo</tag>
<status status="PASS" start="2024-06-27T09:15:59.417945" elapsed="0.101605"/>
</test>
<status status="PASS" start="2024-06-27T09:15:58.576377" elapsed="0.945163"/>
</suite>
<status status="PASS" start="2024-06-27T09:15:58.562200" elapsed="0.964523"/>
</suite>
<statistics>
<total>
<stat pass="5" fail="0" skip="0">All Tests</stat>
</total>
<tag>
<stat pass="1" fail="0" skip="0">testeConteudo</stat>
<stat pass="1" fail="0" skip="0">testeEstruturaResposta</stat>
<stat pass="1" fail="0" skip="0">testeRequisicaoBasica</stat>
<stat pass="1" fail="0" skip="0">testeTiposDados</stat>
</tag>
<suite>
<stat pass="5" fail="0" skip="0" id="s1" name="Tests">Tests</stat>
<stat pass="5" fail="0" skip="0" id="s1-s1" name="Random-User-Test">Tests.Random-User-Test</stat>
</suite>
</statistics>
<errors>
</errors>
</robot>
