<?xml version="1.0" encoding="UTF-8"?>
<robot generator="Robot 7.0.1 (Python 3.12.4 on linux)" generated="2024-07-21T15:16:14.996839" rpa="false" schemaversion="5">
<suite id="s1" name="Tests" source="/home/runner/work/ApiRandomUser/ApiRandomUser/RamdonUser/tests">
<suite id="s1-s1" name="Random-User-Test" source="/home/runner/work/ApiRandomUser/ApiRandomUser/RamdonUser/tests/random-user-test.robot">
<test id="s1-s1-t1" name="Conectar" line="13">
<kw name="Conectar API" owner="random-user-service">
<kw name="Create Session" owner="RequestsLibrary">
<msg time="2024-07-21T15:16:15.386726" level="INFO">Creating Session using : alias=consultarAPI, url=https://randomuser.me/, headers={},                     cookies={}, auth=None, timeout=None, proxies=None, verify=False,                     debug=0 </msg>
<arg>consultarAPI</arg>
<arg>${URL}</arg>
<doc>Create Session: create a HTTP session to a server</doc>
<status status="PASS" start="2024-07-21T15:16:15.386525" elapsed="0.000387"/>
</kw>
<status status="PASS" start="2024-07-21T15:16:15.385458" elapsed="0.001811"/>
</kw>
<status status="PASS" start="2024-07-21T15:16:15.384866" elapsed="0.002599"/>
</test>
<test id="s1-s1-t2" name="Validar retorno 200 e JSON Válido" line="16">
<kw name="Teste de Requisicao Basica" owner="random-user-service">
<kw name="GET On Session" owner="RequestsLibrary">
<msg time="2024-07-21T15:16:15.686666" level="INFO">GET Request : url=https://randomuser.me/api 
 path_url=/api 
 headers={'User-Agent': 'python-requests/2.32.3', 'Accept-Encoding': 'gzip, deflate', 'Accept': '*/*', 'Connection': 'keep-alive'} 
 body=None 
 </msg>
<msg time="2024-07-21T15:16:15.686815" level="INFO">GET Response : url=https://randomuser.me/api 
 status=200, reason=OK 
 headers={'Date': 'Sun, 21 Jul 2024 15:16:15 GMT', 'Content-Type': 'application/json; charset=utf-8', 'Transfer-Encoding': 'chunked', 'Connection': 'keep-alive', 'X-Powered-By': 'Express', 'Access-Control-Allow-Origin': '*', 'Cache-Control': 'no-cache', 'ETag': 'W/"47a-GWiynRKj3D9gtt+9ljC2PO91eSE"', 'Vary': 'Accept-Encoding', 'Content-Encoding': 'gzip', 'CF-Cache-Status': 'DYNAMIC', 'Report-To': '{"endpoints":[{"url":"https:\\/\\/a.nel.cloudflare.com\\/report\\/v4?s=lHllZO7UzuLBVxTCgfoDkQDyazKydt8Okl00%2BG%2FAYctXJlbUQ%2FKukgPKA1s7CEvpOB9NSjInmFoaoyFd1v7MSAkEKOu7UJgAH2wZn%2FSpODnyF6yKeXsw5YP3xRvepptZ"}],"group":"cf-nel","max_age":604800}', 'NEL': '{"success_fraction":0,"report_to":"cf-nel","max_age":604800}', 'Server': 'cloudflare', 'CF-RAY': '8a6c26ad7f423b8f-IAD', 'alt-svc': 'h3=":443"; ma=86400'} 
 body={"results":[{"gender":"male","name":{"title":"Mr","first":"Charles","last":"Bergeron"},"location":{"street":{"number":1022,"name":"Duke St"},"city":"Sandy Lake","state":"Québec","country":"Canada","postcode":"C7C 3D5","coordinates":{"latitude":"-69.7086","longitude":"-31.4277"},"timezone":{"offset":"+9:30","description":"Adelaide, Darwin"}},"email":"charles.bergeron@example.com","login":{"uuid":"31e16bd5-dcc7-4eb1-90c4-c45d1831cf94","username":"silverfish800","password":"7777","salt":"ZYWB6RhL","md5":"5113090c9f90be0496ec053bb84ae13e","sha1":"f325bb2464032bf5ccb71c0a0da7ccf86dbad85c","sha256":"73e0bc3ad551a05c5afa6da8253b1fdd7992b3a4f565a0fee9128b5dbe7f96fb"},"dob":{"date":"1959-06-07T17:12:37.755Z","age":65},"registered":{"date":"2008-07-16T08:50:26.359Z","age":16},"phone":"C52 D79-5245","cell":"T87 G82-6406","id":{"name":"SIN","value":"533029377"},"picture":{"large":"https://randomuser.me/api/portraits/men/85.jpg","medium":"https://randomuser.me/api/portraits/med/men/85.jpg","thumbnail":"https://randomuser.me/api/portraits/thumb/men/85.jpg"},"nat":"CA"}],"info":{"seed":"c7ecc4dcdd79e960","results":1,"page":1,"version":"1.4"}} 
 </msg>
<msg time="2024-07-21T15:16:15.686893" level="INFO">/opt/hostedtoolcache/Python/3.12.4/x64/lib/python3.12/site-packages/urllib3/connectionpool.py:1099: InsecureRequestWarning: Unverified HTTPS request is being made to host 'randomuser.me'. Adding certificate verification is strongly advised. See: https://urllib3.readthedocs.io/en/latest/advanced-usage.html#tls-warnings
  warnings.warn(</msg>
<msg time="2024-07-21T15:16:15.687040" level="INFO">${response} = &lt;Response [200]&gt;</msg>
<var>${response}</var>
<arg>consultarAPI</arg>
<arg>/api</arg>
<doc>Sends a GET request on a previously created HTTP Session.</doc>
<status status="PASS" start="2024-07-21T15:16:15.390137" elapsed="0.296934"/>
</kw>
<kw name="Should Be Equal As Numbers" owner="BuiltIn">
<msg time="2024-07-21T15:16:15.687993" level="INFO">Argument types are:
&lt;class 'int'&gt;
&lt;class 'str'&gt;</msg>
<arg>${response.status_code}</arg>
<arg>200</arg>
<doc>Fails if objects are unequal after converting them to real numbers.</doc>
<status status="PASS" start="2024-07-21T15:16:15.687547" elapsed="0.000510"/>
</kw>
<kw name="Log" owner="BuiltIn">
<msg time="2024-07-21T15:16:15.688716" level="INFO">200</msg>
<arg>${response.status_code}</arg>
<doc>Logs the given message with the given level.</doc>
<status status="PASS" start="2024-07-21T15:16:15.688372" elapsed="0.000386"/>
</kw>
<kw name="Set Variable" owner="BuiltIn">
<msg time="2024-07-21T15:16:15.689490" level="INFO">${json_data} = {'results': [{'gender': 'male', 'name': {'title': 'Mr', 'first': 'Charles', 'last': 'Bergeron'}, 'location': {'street': {'number': 1022, 'name': 'Duke St'}, 'city': 'Sandy Lake', 'state': 'Québec', 'c...</msg>
<var>${json_data}</var>
<arg>${response.json()}</arg>
<doc>Returns the given values which can then be assigned to a variables.</doc>
<status status="PASS" start="2024-07-21T15:16:15.689059" elapsed="0.000461"/>
</kw>
<kw name="Dictionary Should Contain Key" owner="Collections">
<arg>${json_data}</arg>
<arg>results</arg>
<doc>Fails if ``key`` is not found from ``dictionary``.</doc>
<status status="PASS" start="2024-07-21T15:16:15.689817" elapsed="0.000331"/>
</kw>
<status status="PASS" start="2024-07-21T15:16:15.389857" elapsed="0.300440"/>
</kw>
<doc>Testa se a API responde corretamente e retorna um objeto JSON válido.</doc>
<tag>testeRequisicaoBasica</tag>
<status status="PASS" start="2024-07-21T15:16:15.389349" elapsed="0.301113"/>
</test>
<test id="s1-s1-t3" name="Validar estrutura de resposta" line="22">
<kw name="Teste de Estrutura de Resposta" owner="random-user-service">
<kw name="GET On Session" owner="RequestsLibrary">
<msg time="2024-07-21T15:16:15.772634" level="INFO">GET Request : url=https://randomuser.me/api 
 path_url=/api 
 headers={'User-Agent': 'python-requests/2.32.3', 'Accept-Encoding': 'gzip, deflate', 'Accept': '*/*', 'Connection': 'keep-alive'} 
 body=None 
 </msg>
<msg time="2024-07-21T15:16:15.772703" level="INFO">GET Response : url=https://randomuser.me/api 
 status=200, reason=OK 
 headers={'Date': 'Sun, 21 Jul 2024 15:16:15 GMT', 'Content-Type': 'application/json; charset=utf-8', 'Transfer-Encoding': 'chunked', 'Connection': 'keep-alive', 'X-Powered-By': 'Express', 'Access-Control-Allow-Origin': '*', 'Cache-Control': 'no-cache', 'ETag': 'W/"48c-WIkiWB6+pEz8RWEUhIzV0aHPyqY"', 'Vary': 'Accept-Encoding', 'Content-Encoding': 'gzip', 'CF-Cache-Status': 'DYNAMIC', 'Report-To': '{"endpoints":[{"url":"https:\\/\\/a.nel.cloudflare.com\\/report\\/v4?s=9pIofdxXIWXWH8TRNi4ngGITZFThFGcRQXayyLPRUFN4UPTx5Xme8jcAhBa6LsTdjpcr6KBVJ0l%2FzEOS1pmd3OaCHTI70C%2BqrLIZV5NhDvyrnjaQZCHO%2B98QdzKgUZdx"}],"group":"cf-nel","max_age":604800}', 'NEL': '{"success_fraction":0,"report_to":"cf-nel","max_age":604800}', 'Server': 'cloudflare', 'CF-RAY': '8a6c26ae1ffd3b8f-IAD', 'alt-svc': 'h3=":443"; ma=86400'} 
 body={"results":[{"gender":"male","name":{"title":"Mr","first":"Leo","last":"Jarvinen"},"location":{"street":{"number":3311,"name":"Korkeavuorenkatu"},"city":"Rantasalmi","state":"Pirkanmaa","country":"Finland","postcode":12523,"coordinates":{"latitude":"-28.0438","longitude":"-28.6063"},"timezone":{"offset":"+7:00","description":"Bangkok, Hanoi, Jakarta"}},"email":"leo.jarvinen@example.com","login":{"uuid":"83d55b80-ce0c-4789-9e07-58d942b8be90","username":"angryladybug398","password":"tripod","salt":"X4aXCFLe","md5":"3857b63fd1ed71e7038ac0214eef62ff","sha1":"f07ae1e8c825d286d7f2962a9a5eb51d8bb216ec","sha256":"1c3a63e54743c887041c32e55accc5bd8a2eb9791292ef1747a86c142765942e"},"dob":{"date":"1975-06-15T05:09:10.940Z","age":49},"registered":{"date":"2018-09-04T11:39:08.529Z","age":5},"phone":"04-175-685","cell":"040-477-79-59","id":{"name":"HETU","value":"NaNNA177undefined"},"picture":{"large":"https://randomuser.me/api/portraits/men/57.jpg","medium":"https://randomuser.me/api/portraits/med/men/57.jpg","thumbnail":"https://randomuser.me/api/portraits/thumb/men/57.jpg"},"nat":"FI"}],"info":{"seed":"225314f869b5e2f8","results":1,"page":1,"version":"1.4"}} 
 </msg>
<msg time="2024-07-21T15:16:15.772802" level="INFO">/opt/hostedtoolcache/Python/3.12.4/x64/lib/python3.12/site-packages/urllib3/connectionpool.py:1099: InsecureRequestWarning: Unverified HTTPS request is being made to host 'randomuser.me'. Adding certificate verification is strongly advised. See: https://urllib3.readthedocs.io/en/latest/advanced-usage.html#tls-warnings
  warnings.warn(</msg>
<msg time="2024-07-21T15:16:15.772916" level="INFO">${response} = &lt;Response [200]&gt;</msg>
<var>${response}</var>
<arg>consultarAPI</arg>
<arg>/api</arg>
<doc>Sends a GET request on a previously created HTTP Session.</doc>
<status status="PASS" start="2024-07-21T15:16:15.693014" elapsed="0.079944"/>
</kw>
<kw name="Set Variable" owner="BuiltIn">
<msg time="2024-07-21T15:16:15.773803" level="INFO">${json_data} = {'results': [{'gender': 'male', 'name': {'title': 'Mr', 'first': 'Leo', 'last': 'Jarvinen'}, 'location': {'street': {'number': 3311, 'name': 'Korkeavuorenkatu'}, 'city': 'Rantasalmi', 'state': 'Pirkan...</msg>
<var>${json_data}</var>
<arg>${response.json()}</arg>
<doc>Returns the given values which can then be assigned to a variables.</doc>
<status status="PASS" start="2024-07-21T15:16:15.773360" elapsed="0.000472"/>
</kw>
<kw name="Log" owner="BuiltIn">
<msg time="2024-07-21T15:16:15.774335" level="INFO">{'results': [{'gender': 'male', 'name': {'title': 'Mr', 'first': 'Leo', 'last': 'Jarvinen'}, 'location': {'street': {'number': 3311, 'name': 'Korkeavuorenkatu'}, 'city': 'Rantasalmi', 'state': 'Pirkanmaa', 'country': 'Finland', 'postcode': 12523, 'coordinates': {'latitude': '-28.0438', 'longitude': '-28.6063'}, 'timezone': {'offset': '+7:00', 'description': 'Bangkok, Hanoi, Jakarta'}}, 'email': 'leo.jarvinen@example.com', 'login': {'uuid': '83d55b80-ce0c-4789-9e07-58d942b8be90', 'username': 'angryladybug398', 'password': 'tripod', 'salt': 'X4aXCFLe', 'md5': '3857b63fd1ed71e7038ac0214eef62ff', 'sha1': 'f07ae1e8c825d286d7f2962a9a5eb51d8bb216ec', 'sha256': '1c3a63e54743c887041c32e55accc5bd8a2eb9791292ef1747a86c142765942e'}, 'dob': {'date': '1975-06-15T05:09:10.940Z', 'age': 49}, 'registered': {'date': '2018-09-04T11:39:08.529Z', 'age': 5}, 'phone': '04-175-685', 'cell': '040-477-79-59', 'id': {'name': 'HETU', 'value': 'NaNNA177undefined'}, 'picture': {'large': 'https://randomuser.me/api/portraits/men/57.jpg', 'medium': 'https://randomuser.me/api/portraits/med/men/57.jpg', 'thumbnail': 'https://randomuser.me/api/portraits/thumb/men/57.jpg'}, 'nat': 'FI'}], 'info': {'seed': '225314f869b5e2f8', 'results': 1, 'page': 1, 'version': '1.4'}}</msg>
<arg>${json_data}</arg>
<doc>Logs the given message with the given level.</doc>
<status status="PASS" start="2024-07-21T15:16:15.774171" elapsed="0.000213"/>
</kw>
<kw name="Dictionary Should Contain Key" owner="Collections">
<arg>${json_data}</arg>
<arg>results</arg>
<doc>Fails if ``key`` is not found from ``dictionary``.</doc>
<status status="PASS" start="2024-07-21T15:16:15.774673" elapsed="0.000159"/>
</kw>
<kw name="Should Not Be Empty" owner="BuiltIn">
<msg time="2024-07-21T15:16:15.775145" level="INFO">Length is 2.</msg>
<arg>${json_data}</arg>
<doc>Verifies that the given item is not empty.</doc>
<status status="PASS" start="2024-07-21T15:16:15.775015" elapsed="0.000167"/>
</kw>
<kw name="Create List" owner="BuiltIn">
<msg time="2024-07-21T15:16:15.775614" level="INFO">${expected_keys} = ['gender', 'name', 'location', 'email', 'login']</msg>
<var>${expected_keys}</var>
<arg>gender</arg>
<arg>name</arg>
<arg>location</arg>
<arg>email</arg>
<arg>login</arg>
<doc>Returns a list containing given items.</doc>
<status status="PASS" start="2024-07-21T15:16:15.775465" elapsed="0.000173"/>
</kw>
<for flavor="IN">
<iter>
<kw name="Dictionary Should Contain Key" owner="Collections">
<arg>${json_data['results'][0]}</arg>
<arg>${key}</arg>
<doc>Fails if ``key`` is not found from ``dictionary``.</doc>
<status status="PASS" start="2024-07-21T15:16:15.776210" elapsed="0.000404"/>
</kw>
<kw name="Log" owner="BuiltIn">
<msg time="2024-07-21T15:16:15.777173" level="INFO">{'gender': 'male', 'name': {'title': 'Mr', 'first': 'Leo', 'last': 'Jarvinen'}, 'location': {'street': {'number': 3311, 'name': 'Korkeavuorenkatu'}, 'city': 'Rantasalmi', 'state': 'Pirkanmaa', 'country': 'Finland', 'postcode': 12523, 'coordinates': {'latitude': '-28.0438', 'longitude': '-28.6063'}, 'timezone': {'offset': '+7:00', 'description': 'Bangkok, Hanoi, Jakarta'}}, 'email': 'leo.jarvinen@example.com', 'login': {'uuid': '83d55b80-ce0c-4789-9e07-58d942b8be90', 'username': 'angryladybug398', 'password': 'tripod', 'salt': 'X4aXCFLe', 'md5': '3857b63fd1ed71e7038ac0214eef62ff', 'sha1': 'f07ae1e8c825d286d7f2962a9a5eb51d8bb216ec', 'sha256': '1c3a63e54743c887041c32e55accc5bd8a2eb9791292ef1747a86c142765942e'}, 'dob': {'date': '1975-06-15T05:09:10.940Z', 'age': 49}, 'registered': {'date': '2018-09-04T11:39:08.529Z', 'age': 5}, 'phone': '04-175-685', 'cell': '040-477-79-59', 'id': {'name': 'HETU', 'value': 'NaNNA177undefined'}, 'picture': {'large': 'https://randomuser.me/api/portraits/men/57.jpg', 'medium': 'https://randomuser.me/api/portraits/med/men/57.jpg', 'thumbnail': 'https://randomuser.me/api/portraits/thumb/men/57.jpg'}, 'nat': 'FI'}</msg>
<arg>${json_data['results'][0]}</arg>
<doc>Logs the given message with the given level.</doc>
<status status="PASS" start="2024-07-21T15:16:15.776798" elapsed="0.000425"/>
</kw>
<kw name="Log" owner="BuiltIn">
<msg time="2024-07-21T15:16:15.777654" level="INFO">gender</msg>
<arg>${key}</arg>
<doc>Logs the given message with the given level.</doc>
<status status="PASS" start="2024-07-21T15:16:15.777525" elapsed="0.000174"/>
</kw>
<var name="${key}">gender</var>
<status status="PASS" start="2024-07-21T15:16:15.776084" elapsed="0.001829"/>
</iter>
<iter>
<kw name="Dictionary Should Contain Key" owner="Collections">
<arg>${json_data['results'][0]}</arg>
<arg>${key}</arg>
<doc>Fails if ``key`` is not found from ``dictionary``.</doc>
<status status="PASS" start="2024-07-21T15:16:15.778228" elapsed="0.000385"/>
</kw>
<kw name="Log" owner="BuiltIn">
<msg time="2024-07-21T15:16:15.779148" level="INFO">{'gender': 'male', 'name': {'title': 'Mr', 'first': 'Leo', 'last': 'Jarvinen'}, 'location': {'street': {'number': 3311, 'name': 'Korkeavuorenkatu'}, 'city': 'Rantasalmi', 'state': 'Pirkanmaa', 'country': 'Finland', 'postcode': 12523, 'coordinates': {'latitude': '-28.0438', 'longitude': '-28.6063'}, 'timezone': {'offset': '+7:00', 'description': 'Bangkok, Hanoi, Jakarta'}}, 'email': 'leo.jarvinen@example.com', 'login': {'uuid': '83d55b80-ce0c-4789-9e07-58d942b8be90', 'username': 'angryladybug398', 'password': 'tripod', 'salt': 'X4aXCFLe', 'md5': '3857b63fd1ed71e7038ac0214eef62ff', 'sha1': 'f07ae1e8c825d286d7f2962a9a5eb51d8bb216ec', 'sha256': '1c3a63e54743c887041c32e55accc5bd8a2eb9791292ef1747a86c142765942e'}, 'dob': {'date': '1975-06-15T05:09:10.940Z', 'age': 49}, 'registered': {'date': '2018-09-04T11:39:08.529Z', 'age': 5}, 'phone': '04-175-685', 'cell': '040-477-79-59', 'id': {'name': 'HETU', 'value': 'NaNNA177undefined'}, 'picture': {'large': 'https://randomuser.me/api/portraits/men/57.jpg', 'medium': 'https://randomuser.me/api/portraits/med/men/57.jpg', 'thumbnail': 'https://randomuser.me/api/portraits/thumb/men/57.jpg'}, 'nat': 'FI'}</msg>
<arg>${json_data['results'][0]}</arg>
<doc>Logs the given message with the given level.</doc>
<status status="PASS" start="2024-07-21T15:16:15.778793" elapsed="0.000435"/>
</kw>
<kw name="Log" owner="BuiltIn">
<msg time="2024-07-21T15:16:15.779655" level="INFO">name</msg>
<arg>${key}</arg>
<doc>Logs the given message with the given level.</doc>
<status status="PASS" start="2024-07-21T15:16:15.779523" elapsed="0.000170"/>
</kw>
<var name="${key}">name</var>
<status status="PASS" start="2024-07-21T15:16:15.778114" elapsed="0.001791"/>
</iter>
<iter>
<kw name="Dictionary Should Contain Key" owner="Collections">
<arg>${json_data['results'][0]}</arg>
<arg>${key}</arg>
<doc>Fails if ``key`` is not found from ``dictionary``.</doc>
<status status="PASS" start="2024-07-21T15:16:15.780183" elapsed="0.000375"/>
</kw>
<kw name="Log" owner="BuiltIn">
<msg time="2024-07-21T15:16:15.781095" level="INFO">{'gender': 'male', 'name': {'title': 'Mr', 'first': 'Leo', 'last': 'Jarvinen'}, 'location': {'street': {'number': 3311, 'name': 'Korkeavuorenkatu'}, 'city': 'Rantasalmi', 'state': 'Pirkanmaa', 'country': 'Finland', 'postcode': 12523, 'coordinates': {'latitude': '-28.0438', 'longitude': '-28.6063'}, 'timezone': {'offset': '+7:00', 'description': 'Bangkok, Hanoi, Jakarta'}}, 'email': 'leo.jarvinen@example.com', 'login': {'uuid': '83d55b80-ce0c-4789-9e07-58d942b8be90', 'username': 'angryladybug398', 'password': 'tripod', 'salt': 'X4aXCFLe', 'md5': '3857b63fd1ed71e7038ac0214eef62ff', 'sha1': 'f07ae1e8c825d286d7f2962a9a5eb51d8bb216ec', 'sha256': '1c3a63e54743c887041c32e55accc5bd8a2eb9791292ef1747a86c142765942e'}, 'dob': {'date': '1975-06-15T05:09:10.940Z', 'age': 49}, 'registered': {'date': '2018-09-04T11:39:08.529Z', 'age': 5}, 'phone': '04-175-685', 'cell': '040-477-79-59', 'id': {'name': 'HETU', 'value': 'NaNNA177undefined'}, 'picture': {'large': 'https://randomuser.me/api/portraits/men/57.jpg', 'medium': 'https://randomuser.me/api/portraits/med/men/57.jpg', 'thumbnail': 'https://randomuser.me/api/portraits/thumb/men/57.jpg'}, 'nat': 'FI'}</msg>
<arg>${json_data['results'][0]}</arg>
<doc>Logs the given message with the given level.</doc>
<status status="PASS" start="2024-07-21T15:16:15.780745" elapsed="0.000398"/>
</kw>
<kw name="Log" owner="BuiltIn">
<msg time="2024-07-21T15:16:15.781561" level="INFO">location</msg>
<arg>${key}</arg>
<doc>Logs the given message with the given level.</doc>
<status status="PASS" start="2024-07-21T15:16:15.781435" elapsed="0.000163"/>
</kw>
<var name="${key}">location</var>
<status status="PASS" start="2024-07-21T15:16:15.780075" elapsed="0.001734"/>
</iter>
<iter>
<kw name="Dictionary Should Contain Key" owner="Collections">
<arg>${json_data['results'][0]}</arg>
<arg>${key}</arg>
<doc>Fails if ``key`` is not found from ``dictionary``.</doc>
<status status="PASS" start="2024-07-21T15:16:15.782108" elapsed="0.000390"/>
</kw>
<kw name="Log" owner="BuiltIn">
<msg time="2024-07-21T15:16:15.783152" level="INFO">{'gender': 'male', 'name': {'title': 'Mr', 'first': 'Leo', 'last': 'Jarvinen'}, 'location': {'street': {'number': 3311, 'name': 'Korkeavuorenkatu'}, 'city': 'Rantasalmi', 'state': 'Pirkanmaa', 'country': 'Finland', 'postcode': 12523, 'coordinates': {'latitude': '-28.0438', 'longitude': '-28.6063'}, 'timezone': {'offset': '+7:00', 'description': 'Bangkok, Hanoi, Jakarta'}}, 'email': 'leo.jarvinen@example.com', 'login': {'uuid': '83d55b80-ce0c-4789-9e07-58d942b8be90', 'username': 'angryladybug398', 'password': 'tripod', 'salt': 'X4aXCFLe', 'md5': '3857b63fd1ed71e7038ac0214eef62ff', 'sha1': 'f07ae1e8c825d286d7f2962a9a5eb51d8bb216ec', 'sha256': '1c3a63e54743c887041c32e55accc5bd8a2eb9791292ef1747a86c142765942e'}, 'dob': {'date': '1975-06-15T05:09:10.940Z', 'age': 49}, 'registered': {'date': '2018-09-04T11:39:08.529Z', 'age': 5}, 'phone': '04-175-685', 'cell': '040-477-79-59', 'id': {'name': 'HETU', 'value': 'NaNNA177undefined'}, 'picture': {'large': 'https://randomuser.me/api/portraits/men/57.jpg', 'medium': 'https://randomuser.me/api/portraits/med/men/57.jpg', 'thumbnail': 'https://randomuser.me/api/portraits/thumb/men/57.jpg'}, 'nat': 'FI'}</msg>
<arg>${json_data['results'][0]}</arg>
<doc>Logs the given message with the given level.</doc>
<status status="PASS" start="2024-07-21T15:16:15.782793" elapsed="0.000408"/>
</kw>
<kw name="Log" owner="BuiltIn">
<msg time="2024-07-21T15:16:15.783620" level="INFO">email</msg>
<arg>${key}</arg>
<doc>Logs the given message with the given level.</doc>
<status status="PASS" start="2024-07-21T15:16:15.783493" elapsed="0.000164"/>
</kw>
<var name="${key}">email</var>
<status status="PASS" start="2024-07-21T15:16:15.781979" elapsed="0.001888"/>
</iter>
<iter>
<kw name="Dictionary Should Contain Key" owner="Collections">
<arg>${json_data['results'][0]}</arg>
<arg>${key}</arg>
<doc>Fails if ``key`` is not found from ``dictionary``.</doc>
<status status="PASS" start="2024-07-21T15:16:15.784143" elapsed="0.000372"/>
</kw>
<kw name="Log" owner="BuiltIn">
<msg time="2024-07-21T15:16:15.785042" level="INFO">{'gender': 'male', 'name': {'title': 'Mr', 'first': 'Leo', 'last': 'Jarvinen'}, 'location': {'street': {'number': 3311, 'name': 'Korkeavuorenkatu'}, 'city': 'Rantasalmi', 'state': 'Pirkanmaa', 'country': 'Finland', 'postcode': 12523, 'coordinates': {'latitude': '-28.0438', 'longitude': '-28.6063'}, 'timezone': {'offset': '+7:00', 'description': 'Bangkok, Hanoi, Jakarta'}}, 'email': 'leo.jarvinen@example.com', 'login': {'uuid': '83d55b80-ce0c-4789-9e07-58d942b8be90', 'username': 'angryladybug398', 'password': 'tripod', 'salt': 'X4aXCFLe', 'md5': '3857b63fd1ed71e7038ac0214eef62ff', 'sha1': 'f07ae1e8c825d286d7f2962a9a5eb51d8bb216ec', 'sha256': '1c3a63e54743c887041c32e55accc5bd8a2eb9791292ef1747a86c142765942e'}, 'dob': {'date': '1975-06-15T05:09:10.940Z', 'age': 49}, 'registered': {'date': '2018-09-04T11:39:08.529Z', 'age': 5}, 'phone': '04-175-685', 'cell': '040-477-79-59', 'id': {'name': 'HETU', 'value': 'NaNNA177undefined'}, 'picture': {'large': 'https://randomuser.me/api/portraits/men/57.jpg', 'medium': 'https://randomuser.me/api/portraits/med/men/57.jpg', 'thumbnail': 'https://randomuser.me/api/portraits/thumb/men/57.jpg'}, 'nat': 'FI'}</msg>
<arg>${json_data['results'][0]}</arg>
<doc>Logs the given message with the given level.</doc>
<status status="PASS" start="2024-07-21T15:16:15.784696" elapsed="0.000393"/>
</kw>
<kw name="Log" owner="BuiltIn">
<msg time="2024-07-21T15:16:15.785499" level="INFO">login</msg>
<arg>${key}</arg>
<doc>Logs the given message with the given level.</doc>
<status status="PASS" start="2024-07-21T15:16:15.785375" elapsed="0.000160"/>
</kw>
<var name="${key}">login</var>
<status status="PASS" start="2024-07-21T15:16:15.784035" elapsed="0.001715"/>
</iter>
<var>${key}</var>
<value>@{expected_keys}</value>
<status status="PASS" start="2024-07-21T15:16:15.775898" elapsed="0.009970"/>
</for>
<kw name="Create List" owner="BuiltIn">
<msg time="2024-07-21T15:16:15.786241" level="INFO">${expected_keysTwo} = ['username', 'password']</msg>
<var>${expected_keysTwo}</var>
<arg>username</arg>
<arg>password</arg>
<doc>Returns a list containing given items.</doc>
<status status="PASS" start="2024-07-21T15:16:15.786102" elapsed="0.000190"/>
</kw>
<for flavor="IN">
<iter>
<kw name="Dictionary Should Contain Key" owner="Collections">
<arg>${json_data['results'][0]['login']}</arg>
<arg>${keyTwo}</arg>
<doc>Fails if ``key`` is not found from ``dictionary``.</doc>
<status status="PASS" start="2024-07-21T15:16:15.786782" elapsed="0.000378"/>
</kw>
<kw name="Dictionary Should Contain Key" owner="Collections">
<arg>${json_data['results'][0]['login']}</arg>
<arg>${keyTwo}</arg>
<doc>Fails if ``key`` is not found from ``dictionary``.</doc>
<status status="PASS" start="2024-07-21T15:16:15.787341" elapsed="0.000362"/>
</kw>
<kw name="Log" owner="BuiltIn">
<msg time="2024-07-21T15:16:15.787993" level="INFO">username</msg>
<arg>${keyTwo}</arg>
<doc>Logs the given message with the given level.</doc>
<status status="PASS" start="2024-07-21T15:16:15.787876" elapsed="0.000154"/>
</kw>
<var name="${keyTwo}">username</var>
<status status="PASS" start="2024-07-21T15:16:15.786675" elapsed="0.001579"/>
</iter>
<iter>
<kw name="Dictionary Should Contain Key" owner="Collections">
<arg>${json_data['results'][0]['login']}</arg>
<arg>${keyTwo}</arg>
<doc>Fails if ``key`` is not found from ``dictionary``.</doc>
<status status="PASS" start="2024-07-21T15:16:15.788531" elapsed="0.000370"/>
</kw>
<kw name="Dictionary Should Contain Key" owner="Collections">
<arg>${json_data['results'][0]['login']}</arg>
<arg>${keyTwo}</arg>
<doc>Fails if ``key`` is not found from ``dictionary``.</doc>
<status status="PASS" start="2024-07-21T15:16:15.789083" elapsed="0.000371"/>
</kw>
<kw name="Log" owner="BuiltIn">
<msg time="2024-07-21T15:16:15.789752" level="INFO">password</msg>
<arg>${keyTwo}</arg>
<doc>Logs the given message with the given level.</doc>
<status status="PASS" start="2024-07-21T15:16:15.789629" elapsed="0.000159"/>
</kw>
<var name="${keyTwo}">password</var>
<status status="PASS" start="2024-07-21T15:16:15.788421" elapsed="0.001583"/>
</iter>
<var>${keyTwo}</var>
<value>@{expected_keysTwo}</value>
<status status="PASS" start="2024-07-21T15:16:15.786529" elapsed="0.003624"/>
</for>
<status status="PASS" start="2024-07-21T15:16:15.692779" elapsed="0.097513"/>
</kw>
<doc>Testa a estrutura da resposta da API.</doc>
<tag>testeEstruturaResposta</tag>
<status status="PASS" start="2024-07-21T15:16:15.692279" elapsed="0.098161"/>
</test>
<test id="s1-s1-t4" name="Validar tipos de dados" line="28">
<kw name="Teste de Tipos de Dados" owner="random-user-service">
<kw name="GET On Session" owner="RequestsLibrary">
<msg time="2024-07-21T15:16:15.826666" level="INFO">GET Request : url=https://randomuser.me/api 
 path_url=/api 
 headers={'User-Agent': 'python-requests/2.32.3', 'Accept-Encoding': 'gzip, deflate', 'Accept': '*/*', 'Connection': 'keep-alive'} 
 body=None 
 </msg>
<msg time="2024-07-21T15:16:15.826740" level="INFO">GET Response : url=https://randomuser.me/api 
 status=200, reason=OK 
 headers={'Date': 'Sun, 21 Jul 2024 15:16:15 GMT', 'Content-Type': 'application/json; charset=utf-8', 'Transfer-Encoding': 'chunked', 'Connection': 'keep-alive', 'X-Powered-By': 'Express', 'Access-Control-Allow-Origin': '*', 'Cache-Control': 'no-cache', 'ETag': 'W/"48d-IdThWfzlv7rsiZeBexHBuLE6Irw"', 'Vary': 'Accept-Encoding', 'Content-Encoding': 'gzip', 'CF-Cache-Status': 'DYNAMIC', 'Report-To': '{"endpoints":[{"url":"https:\\/\\/a.nel.cloudflare.com\\/report\\/v4?s=InF1ZCgxQTByKrBbovBhOhUn1qX1e8xzdVJEsAHXGxqUEh%2Bpn4P2AbLAweUCtu4j1fxhAvxc7WBBS%2FVb8qnF0GPZPM%2FMpMe1U3PqPEhe0whXUMk%2BR8%2BWjJWMNXEvvlRO"}],"group":"cf-nel","max_age":604800}', 'NEL': '{"success_fraction":0,"report_to":"cf-nel","max_age":604800}', 'Server': 'cloudflare', 'CF-RAY': '8a6c26aeb8ad3b8f-IAD', 'alt-svc': 'h3=":443"; ma=86400'} 
 body={"results":[{"gender":"female","name":{"title":"Miss","first":"Apoorva","last":"Bansal"},"location":{"street":{"number":1616,"name":"Rani No Hajiro"},"city":"Bilaspur","state":"Nagaland","country":"India","postcode":70288,"coordinates":{"latitude":"5.0037","longitude":"100.2665"},"timezone":{"offset":"-8:00","description":"Pacific Time (US &amp; Canada)"}},"email":"apoorva.bansal@example.com","login":{"uuid":"12222b3b-aadf-4f9b-a19d-7c5ec3eb14eb","username":"smallkoala827","password":"maserati","salt":"O270JT4f","md5":"e1556ec7cdaf7ae6dd7e45aebcd8b7af","sha1":"775a83b1b0ef226b3ee7afc72deabe97b4104efa","sha256":"2c16b59428dcad662b393958b6690c22fce88634f61ff5e516b1854ad281e75e"},"dob":{"date":"1964-12-10T09:24:52.500Z","age":59},"registered":{"date":"2020-08-27T16:20:51.458Z","age":3},"phone":"7970297061","cell":"7543631139","id":{"name":"UIDAI","value":"326270653840"},"picture":{"large":"https://randomuser.me/api/portraits/women/75.jpg","medium":"https://randomuser.me/api/portraits/med/women/75.jpg","thumbnail":"https://randomuser.me/api/portraits/thumb/women/75.jpg"},"nat":"IN"}],"info":{"seed":"72b0cfd817c66d12","results":1,"page":1,"version":"1.4"}} 
 </msg>
<msg time="2024-07-21T15:16:15.826804" level="INFO">/opt/hostedtoolcache/Python/3.12.4/x64/lib/python3.12/site-packages/urllib3/connectionpool.py:1099: InsecureRequestWarning: Unverified HTTPS request is being made to host 'randomuser.me'. Adding certificate verification is strongly advised. See: https://urllib3.readthedocs.io/en/latest/advanced-usage.html#tls-warnings
  warnings.warn(</msg>
<msg time="2024-07-21T15:16:15.826926" level="INFO">${response} = &lt;Response [200]&gt;</msg>
<var>${response}</var>
<arg>consultarAPI</arg>
<arg>/api</arg>
<doc>Sends a GET request on a previously created HTTP Session.</doc>
<status status="PASS" start="2024-07-21T15:16:15.792867" elapsed="0.034113"/>
</kw>
<kw name="Set Variable" owner="BuiltIn">
<msg time="2024-07-21T15:16:15.827770" level="INFO">${json_data} = {'results': [{'gender': 'female', 'name': {'title': 'Miss', 'first': 'Apoorva', 'last': 'Bansal'}, 'location': {'street': {'number': 1616, 'name': 'Rani No Hajiro'}, 'city': 'Bilaspur', 'state': 'Naga...</msg>
<var>${json_data}</var>
<arg>${response.json()}</arg>
<doc>Returns the given values which can then be assigned to a variables.</doc>
<status status="PASS" start="2024-07-21T15:16:15.827335" elapsed="0.000462"/>
</kw>
<kw name="Log" owner="BuiltIn">
<msg time="2024-07-21T15:16:15.828241" level="INFO">{'results': [{'gender': 'female', 'name': {'title': 'Miss', 'first': 'Apoorva', 'last': 'Bansal'}, 'location': {'street': {'number': 1616, 'name': 'Rani No Hajiro'}, 'city': 'Bilaspur', 'state': 'Nagaland', 'country': 'India', 'postcode': 70288, 'coordinates': {'latitude': '5.0037', 'longitude': '100.2665'}, 'timezone': {'offset': '-8:00', 'description': 'Pacific Time (US &amp; Canada)'}}, 'email': 'apoorva.bansal@example.com', 'login': {'uuid': '12222b3b-aadf-4f9b-a19d-7c5ec3eb14eb', 'username': 'smallkoala827', 'password': 'maserati', 'salt': 'O270JT4f', 'md5': 'e1556ec7cdaf7ae6dd7e45aebcd8b7af', 'sha1': '775a83b1b0ef226b3ee7afc72deabe97b4104efa', 'sha256': '2c16b59428dcad662b393958b6690c22fce88634f61ff5e516b1854ad281e75e'}, 'dob': {'date': '1964-12-10T09:24:52.500Z', 'age': 59}, 'registered': {'date': '2020-08-27T16:20:51.458Z', 'age': 3}, 'phone': '7970297061', 'cell': '7543631139', 'id': {'name': 'UIDAI', 'value': '326270653840'}, 'picture': {'large': 'https://randomuser.me/api/portraits/women/75.jpg', 'medium': 'https://randomuser.me/api/portraits/med/women/75.jpg', 'thumbnail': 'https://randomuser.me/api/portraits/thumb/women/75.jpg'}, 'nat': 'IN'}], 'info': {'seed': '72b0cfd817c66d12', 'results': 1, 'page': 1, 'version': '1.4'}}</msg>
<arg>${json_data}</arg>
<doc>Logs the given message with the given level.</doc>
<status status="PASS" start="2024-07-21T15:16:15.828093" elapsed="0.000194"/>
</kw>
<kw name="Should Be String" owner="String">
<arg>${json_data['results'][0]['gender']}</arg>
<doc>Fails if the given ``item`` is not a string.</doc>
<status status="PASS" start="2024-07-21T15:16:15.828572" elapsed="0.000362"/>
</kw>
<kw name="Should Match Regexp" owner="BuiltIn">
<arg>${json_data['results'][0]['email']}</arg>
<arg>^[a-zA-Z0-9._%+-]+@[a-zA-Z0-9.-]+\.[a-zA-Z]{2,}$</arg>
<doc>Fails if ``string`` does not match ``pattern`` as a regular expression.</doc>
<status status="PASS" start="2024-07-21T15:16:15.829120" elapsed="0.000498"/>
</kw>
<kw name="Should Match Regexp" owner="BuiltIn">
<arg>${json_data['results'][0]['dob']['date']}</arg>
<arg>\\d{4}-\\d{2}-\\d{2}T\\d{2}:\\d{2}:\\d{2}\\.\\d{3}Z</arg>
<doc>Fails if ``string`` does not match ``pattern`` as a regular expression.</doc>
<status status="PASS" start="2024-07-21T15:16:15.829842" elapsed="0.000649"/>
</kw>
<kw name="Should Match Regexp" owner="BuiltIn">
<arg>${json_data['results'][0]['registered']['date']}</arg>
<arg>\\d{4}-\\d{2}-\\d{2}T\\d{2}:\\d{2}:\\d{2}\\.\\d{3}Z</arg>
<doc>Fails if ``string`` does not match ``pattern`` as a regular expression.</doc>
<status status="PASS" start="2024-07-21T15:16:15.830683" elapsed="0.000366"/>
</kw>
<kw name="Should Match Regexp" owner="BuiltIn">
<arg>${json_data['results'][0]['picture']['large']}</arg>
<arg>^https?://.*\.(?:png|jpe?g|gif|bmp)$</arg>
<doc>Fails if ``string`` does not match ``pattern`` as a regular expression.</doc>
<status status="PASS" start="2024-07-21T15:16:15.831236" elapsed="0.000464"/>
</kw>
<kw name="Should Match Regexp" owner="BuiltIn">
<arg>${json_data['results'][0]['picture']['medium']}</arg>
<arg>^https?://.*\.(?:png|jpe?g|gif|bmp)$</arg>
<doc>Fails if ``string`` does not match ``pattern`` as a regular expression.</doc>
<status status="PASS" start="2024-07-21T15:16:15.831889" elapsed="0.000348"/>
</kw>
<kw name="Should Match Regexp" owner="BuiltIn">
<arg>${json_data['results'][0]['picture']['thumbnail']}</arg>
<arg>^https?://.*\.(?:png|jpe?g|gif|bmp)$</arg>
<doc>Fails if ``string`` does not match ``pattern`` as a regular expression.</doc>
<status status="PASS" start="2024-07-21T15:16:15.832418" elapsed="0.000361"/>
</kw>
<kw name="Log" owner="BuiltIn">
<msg time="2024-07-21T15:16:15.833276" level="INFO">{'large': 'https://randomuser.me/api/portraits/women/75.jpg', 'medium': 'https://randomuser.me/api/portraits/med/women/75.jpg', 'thumbnail': 'https://randomuser.me/api/portraits/thumb/women/75.jpg'}</msg>
<arg>${json_data['results'][0]['picture']}</arg>
<doc>Logs the given message with the given level.</doc>
<status status="PASS" start="2024-07-21T15:16:15.832956" elapsed="0.000361"/>
</kw>
<status status="PASS" start="2024-07-21T15:16:15.792648" elapsed="0.040919"/>
</kw>
<kw name="Teste de Tipos de Dados - Postcode" owner="random-user-service">
<kw name="GET On Session" owner="RequestsLibrary">
<msg time="2024-07-21T15:16:15.929289" level="INFO">GET Request : url=https://randomuser.me/api 
 path_url=/api 
 headers={'User-Agent': 'python-requests/2.32.3', 'Accept-Encoding': 'gzip, deflate', 'Accept': '*/*', 'Connection': 'keep-alive'} 
 body=None 
 </msg>
<msg time="2024-07-21T15:16:15.929362" level="INFO">GET Response : url=https://randomuser.me/api 
 status=200, reason=OK 
 headers={'Date': 'Sun, 21 Jul 2024 15:16:15 GMT', 'Content-Type': 'application/json; charset=utf-8', 'Transfer-Encoding': 'chunked', 'Connection': 'keep-alive', 'X-Powered-By': 'Express', 'Access-Control-Allow-Origin': '*', 'Cache-Control': 'no-cache', 'ETag': 'W/"49b-tjNMwQRXhwy3mhM/22Ou/z30kqs"', 'Vary': 'Accept-Encoding', 'Content-Encoding': 'gzip', 'CF-Cache-Status': 'DYNAMIC', 'Report-To': '{"endpoints":[{"url":"https:\\/\\/a.nel.cloudflare.com\\/report\\/v4?s=gqjBAJHCf7KUXvRuVqvArqmf%2BDMNOB5XFK2gCjG08NNImFWFrhU%2BWwQoLqyG0iaalBZKhJ6Q2s1bxV7NMkzn0sB%2FJYOQiZW54lXSoFR%2Bn0cjkkeDhRuueHf0cs60la%2BW"}],"group":"cf-nel","max_age":604800}', 'NEL': '{"success_fraction":0,"report_to":"cf-nel","max_age":604800}', 'Server': 'cloudflare', 'CF-RAY': '8a6c26aef8ea3b8f-IAD', 'alt-svc': 'h3=":443"; ma=86400'} 
 body={"results":[{"gender":"female","name":{"title":"Ms","first":"Ellen","last":"Bailey"},"location":{"street":{"number":1393,"name":"Depaul Dr"},"city":"Plano","state":"South Dakota","country":"United States","postcode":27044,"coordinates":{"latitude":"84.3868","longitude":"69.8836"},"timezone":{"offset":"+5:30","description":"Bombay, Calcutta, Madras, New Delhi"}},"email":"ellen.bailey@example.com","login":{"uuid":"40ab22ac-3350-4704-a905-dae5f688aaa2","username":"goldensnake676","password":"18436572","salt":"nvdEaqiM","md5":"867154fce663de312695748768265b2e","sha1":"210bf9774c0dd1597dc04ba7ce6ece38ba7d65b8","sha256":"7e91afd3350eaa68dbf23e051e6f13f1d0e53195e70b6d298cdc8d5be74ab698"},"dob":{"date":"1994-12-12T01:18:13.688Z","age":29},"registered":{"date":"2009-04-11T18:10:31.044Z","age":15},"phone":"(555) 766-1248","cell":"(693) 936-7083","id":{"name":"SSN","value":"327-86-0591"},"picture":{"large":"https://randomuser.me/api/portraits/women/92.jpg","medium":"https://randomuser.me/api/portraits/med/women/92.jpg","thumbnail":"https://randomuser.me/api/portraits/thumb/women/92.jpg"},"nat":"US"}],"info":{"seed":"b63c56146d29da8f","results":1,"page":1,"version":"1.4"}} 
 </msg>
<msg time="2024-07-21T15:16:15.929420" level="INFO">/opt/hostedtoolcache/Python/3.12.4/x64/lib/python3.12/site-packages/urllib3/connectionpool.py:1099: InsecureRequestWarning: Unverified HTTPS request is being made to host 'randomuser.me'. Adding certificate verification is strongly advised. See: https://urllib3.readthedocs.io/en/latest/advanced-usage.html#tls-warnings
  warnings.warn(</msg>
<msg time="2024-07-21T15:16:15.929530" level="INFO">${response} = &lt;Response [200]&gt;</msg>
<var>${response}</var>
<arg>consultarAPI</arg>
<arg>/api</arg>
<doc>Sends a GET request on a previously created HTTP Session.</doc>
<status status="PASS" start="2024-07-21T15:16:15.833997" elapsed="0.095562"/>
</kw>
<kw name="Set Variable" owner="BuiltIn">
<msg time="2024-07-21T15:16:15.930449" level="INFO">${json_data} = {'results': [{'gender': 'female', 'name': {'title': 'Ms', 'first': 'Ellen', 'last': 'Bailey'}, 'location': {'street': {'number': 1393, 'name': 'Depaul Dr'}, 'city': 'Plano', 'state': 'South Dakota', '...</msg>
<var>${json_data}</var>
<arg>${response.json()}</arg>
<doc>Returns the given values which can then be assigned to a variables.</doc>
<status status="PASS" start="2024-07-21T15:16:15.929941" elapsed="0.000536"/>
</kw>
<kw name="Log" owner="BuiltIn">
<msg time="2024-07-21T15:16:15.930940" level="INFO">{'results': [{'gender': 'female', 'name': {'title': 'Ms', 'first': 'Ellen', 'last': 'Bailey'}, 'location': {'street': {'number': 1393, 'name': 'Depaul Dr'}, 'city': 'Plano', 'state': 'South Dakota', 'country': 'United States', 'postcode': 27044, 'coordinates': {'latitude': '84.3868', 'longitude': '69.8836'}, 'timezone': {'offset': '+5:30', 'description': 'Bombay, Calcutta, Madras, New Delhi'}}, 'email': 'ellen.bailey@example.com', 'login': {'uuid': '40ab22ac-3350-4704-a905-dae5f688aaa2', 'username': 'goldensnake676', 'password': '18436572', 'salt': 'nvdEaqiM', 'md5': '867154fce663de312695748768265b2e', 'sha1': '210bf9774c0dd1597dc04ba7ce6ece38ba7d65b8', 'sha256': '7e91afd3350eaa68dbf23e051e6f13f1d0e53195e70b6d298cdc8d5be74ab698'}, 'dob': {'date': '1994-12-12T01:18:13.688Z', 'age': 29}, 'registered': {'date': '2009-04-11T18:10:31.044Z', 'age': 15}, 'phone': '(555) 766-1248', 'cell': '(693) 936-7083', 'id': {'name': 'SSN', 'value': '327-86-0591'}, 'picture': {'large': 'https://randomuser.me/api/portraits/women/92.jpg', 'medium': 'https://randomuser.me/api/portraits/med/women/92.jpg', 'thumbnail': 'https://randomuser.me/api/portraits/thumb/women/92.jpg'}, 'nat': 'US'}], 'info': {'seed': 'b63c56146d29da8f', 'results': 1, 'page': 1, 'version': '1.4'}}</msg>
<arg>${json_data}</arg>
<doc>Logs the given message with the given level.</doc>
<status status="PASS" start="2024-07-21T15:16:15.930784" elapsed="0.000202"/>
</kw>
<kw name="Should Be Equal As Numbers" owner="BuiltIn">
<arg>${json_data['results'][0]['location']['postcode']}</arg>
<arg>${json_data['results'][0]['location']['postcode']}</arg>
<doc>Fails if objects are unequal after converting them to real numbers.</doc>
<status status="PASS" start="2024-07-21T15:16:15.931280" elapsed="0.000628"/>
</kw>
<kw name="Log" owner="BuiltIn">
<msg time="2024-07-21T15:16:15.932435" level="INFO">27044</msg>
<arg>${json_data['results'][0]['location']['postcode']}</arg>
<doc>Logs the given message with the given level.</doc>
<status status="PASS" start="2024-07-21T15:16:15.932101" elapsed="0.000374"/>
</kw>
<status status="PASS" start="2024-07-21T15:16:15.833774" elapsed="0.098979"/>
</kw>
<doc>Testa se os tipos de dados na resposta da API estão corretos.</doc>
<tag>testeTiposDados</tag>
<status status="PASS" start="2024-07-21T15:16:15.792217" elapsed="0.140699"/>
</test>
<test id="s1-s1-t5" name="Validar conteudo" line="35">
<kw name="Teste de Tipos de Conteudo" owner="random-user-service">
<kw name="GET On Session" owner="RequestsLibrary">
<msg time="2024-07-21T15:16:16.029151" level="INFO">GET Request : url=https://randomuser.me/api 
 path_url=/api 
 headers={'User-Agent': 'python-requests/2.32.3', 'Accept-Encoding': 'gzip, deflate', 'Accept': '*/*', 'Connection': 'keep-alive'} 
 body=None 
 </msg>
<msg time="2024-07-21T15:16:16.029216" level="INFO">GET Response : url=https://randomuser.me/api 
 status=200, reason=OK 
 headers={'Date': 'Sun, 21 Jul 2024 15:16:16 GMT', 'Content-Type': 'application/json; charset=utf-8', 'Transfer-Encoding': 'chunked', 'Connection': 'keep-alive', 'X-Powered-By': 'Express', 'Access-Control-Allow-Origin': '*', 'Cache-Control': 'no-cache', 'ETag': 'W/"4a1-YzGbsy2ABiJMIgcfPkcNVOKp5dY"', 'Vary': 'Accept-Encoding', 'Content-Encoding': 'gzip', 'CF-Cache-Status': 'DYNAMIC', 'Report-To': '{"endpoints":[{"url":"https:\\/\\/a.nel.cloudflare.com\\/report\\/v4?s=2nzD16faMXmRe5fU%2BVhlvk4xKYSJ2%2FsUeHzvXEyWyZCZS87X7Qf5ZKu17ex6rfhnQqY6ei01xL92I6VwCPQ2HZJ9OAojukRFZb571xJP3iMNW%2FX7DbyNYOGxuI4SvWVS"}],"group":"cf-nel","max_age":604800}', 'NEL': '{"success_fraction":0,"report_to":"cf-nel","max_age":604800}', 'Server': 'cloudflare', 'CF-RAY': '8a6c26af99a63b8f-IAD', 'alt-svc': 'h3=":443"; ma=86400'} 
 body={"results":[{"gender":"male","name":{"title":"Mr","first":"Eeli","last":"Latt"},"location":{"street":{"number":9861,"name":"Verkatehtaankatu"},"city":"Petäjävesi","state":"Central Ostrobothnia","country":"Finland","postcode":56456,"coordinates":{"latitude":"-25.1554","longitude":"-161.3927"},"timezone":{"offset":"-4:00","description":"Atlantic Time (Canada), Caracas, La Paz"}},"email":"eeli.latt@example.com","login":{"uuid":"274fea18-a810-4593-b2aa-da4a9733aca8","username":"redmouse868","password":"bimmer","salt":"PIeawJmE","md5":"63ce5507fa3c5b6a8ac0f0574db22e48","sha1":"a69b9a7a5964f2a8c4dcc42ea75d24e57b485da6","sha256":"641c51b9a51556eb77d6b658276cb9a6af7399702a2f6496472461fd9a4a83f9"},"dob":{"date":"1981-03-21T00:35:29.456Z","age":43},"registered":{"date":"2008-05-31T18:25:06.861Z","age":16},"phone":"06-422-676","cell":"045-512-46-02","id":{"name":"HETU","value":"NaNNA587undefined"},"picture":{"large":"https://randomuser.me/api/portraits/men/65.jpg","medium":"https://randomuser.me/api/portraits/med/men/65.jpg","thumbnail":"https://randomuser.me/api/portraits/thumb/men/65.jpg"},"nat":"FI"}],"info":{"seed":"83e640cedfb68d95","results":1,"page":1,"version":"1.4"}} 
 </msg>
<msg time="2024-07-21T15:16:16.029274" level="INFO">/opt/hostedtoolcache/Python/3.12.4/x64/lib/python3.12/site-packages/urllib3/connectionpool.py:1099: InsecureRequestWarning: Unverified HTTPS request is being made to host 'randomuser.me'. Adding certificate verification is strongly advised. See: https://urllib3.readthedocs.io/en/latest/advanced-usage.html#tls-warnings
  warnings.warn(</msg>
<msg time="2024-07-21T15:16:16.029379" level="INFO">${response} = &lt;Response [200]&gt;</msg>
<var>${response}</var>
<arg>consultarAPI</arg>
<arg>/api</arg>
<doc>Sends a GET request on a previously created HTTP Session.</doc>
<status status="PASS" start="2024-07-21T15:16:15.935761" elapsed="0.093660"/>
</kw>
<kw name="Set Variable" owner="BuiltIn">
<msg time="2024-07-21T15:16:16.030308" level="INFO">${json_data} = {'results': [{'gender': 'male', 'name': {'title': 'Mr', 'first': 'Eeli', 'last': 'Latt'}, 'location': {'street': {'number': 9861, 'name': 'Verkatehtaankatu'}, 'city': 'Petäjävesi', 'state': 'Central O...</msg>
<var>${json_data}</var>
<arg>${response.json()}</arg>
<doc>Returns the given values which can then be assigned to a variables.</doc>
<status status="PASS" start="2024-07-21T15:16:16.029810" elapsed="0.000527"/>
</kw>
<kw name="Set Variable" owner="BuiltIn">
<msg time="2024-07-21T15:16:16.031024" level="INFO">${name_title} = Mr</msg>
<var>${name_title}</var>
<arg>${json_data["results"][0]["name"]["title"]}</arg>
<doc>Returns the given values which can then be assigned to a variables.</doc>
<status status="PASS" start="2024-07-21T15:16:16.030652" elapsed="0.000398"/>
</kw>
<kw name="Create List" owner="BuiltIn">
<msg time="2024-07-21T15:16:16.031487" level="INFO">${allowed_titles} = ['Mr', 'Ms', 'Miss', 'Mrs', 'Madame', 'Monsieur']</msg>
<var>${allowed_titles}</var>
<arg>Mr</arg>
<arg>Ms</arg>
<arg>Miss</arg>
<arg>Mrs</arg>
<arg>Madame</arg>
<arg>Monsieur</arg>
<doc>Returns a list containing given items.</doc>
<status status="PASS" start="2024-07-21T15:16:16.031341" elapsed="0.000176"/>
</kw>
<kw name="List Should Contain Value" owner="Collections">
<arg>${allowed_titles}</arg>
<arg>${name_title}</arg>
<doc>Fails if the ``value`` is not found from ``list``.</doc>
<status status="PASS" start="2024-07-21T15:16:16.031812" elapsed="0.000177"/>
</kw>
<kw name="Set Variable" owner="BuiltIn">
<msg time="2024-07-21T15:16:16.032549" level="INFO">${name_country} = FI</msg>
<var>${name_country}</var>
<arg>${json_data["results"][0]["nat"]}</arg>
<doc>Returns the given values which can then be assigned to a variables.</doc>
<status status="PASS" start="2024-07-21T15:16:16.032172" elapsed="0.000402"/>
</kw>
<kw name="Create List" owner="BuiltIn">
<msg time="2024-07-21T15:16:16.033450" level="INFO">${list_country} = ['AD', 'AE', 'AF', 'AG', 'AI', 'AL', 'AM', 'AO', 'AQ', 'AR', 'AS', 'AT', 'AU', 'AW', 'AX', 'AZ', 'BA', 'BB', 'BD', 'BE', 'BF', 'BG', 'BH', 'BI', 'BJ', 'BL', 'BM', 'BN', 'BO', 'BQ', 'BR', 'BS', 'BT', '...</msg>
<var>${list_country}</var>
<arg>AD</arg>
<arg>AE</arg>
<arg>AF</arg>
<arg>AG</arg>
<arg>AI</arg>
<arg>AL</arg>
<arg>AM</arg>
<arg>AO</arg>
<arg>AQ</arg>
<arg>AR</arg>
<arg>AS</arg>
<arg>AT</arg>
<arg>AU</arg>
<arg>AW</arg>
<arg>AX</arg>
<arg>AZ</arg>
<arg>BA</arg>
<arg>BB</arg>
<arg>BD</arg>
<arg>BE</arg>
<arg>BF</arg>
<arg>BG</arg>
<arg>BH</arg>
<arg>BI</arg>
<arg>BJ</arg>
<arg>BL</arg>
<arg>BM</arg>
<arg>BN</arg>
<arg>BO</arg>
<arg>BQ</arg>
<arg>BR</arg>
<arg>BS</arg>
<arg>BT</arg>
<arg>BV</arg>
<arg>BW</arg>
<arg>BY</arg>
<arg>BZ</arg>
<arg>CA</arg>
<arg>CC</arg>
<arg>CD</arg>
<arg>CF</arg>
<arg>CG</arg>
<arg>CH</arg>
<arg>CI</arg>
<arg>CK</arg>
<arg>CL</arg>
<arg>CM</arg>
<arg>CN</arg>
<arg>CO</arg>
<arg>CR</arg>
<arg>CU</arg>
<arg>CV</arg>
<arg>CW</arg>
<arg>CX</arg>
<arg>CY</arg>
<arg>CZ</arg>
<arg>DE</arg>
<arg>DJ</arg>
<arg>DK</arg>
<arg>DM</arg>
<arg>DO</arg>
<arg>DZ</arg>
<arg>EC</arg>
<arg>EE</arg>
<arg>EG</arg>
<arg>EH</arg>
<arg>ER</arg>
<arg>ES</arg>
<arg>ET</arg>
<arg>FI</arg>
<arg>FJ</arg>
<arg>FK</arg>
<arg>FM</arg>
<arg>FO</arg>
<arg>FR</arg>
<arg>GA</arg>
<arg>GB</arg>
<arg>GD</arg>
<arg>GE</arg>
<arg>GF</arg>
<arg>GG</arg>
<arg>GH</arg>
<arg>GI</arg>
<arg>GL</arg>
<arg>GM</arg>
<arg>GN</arg>
<arg>GP</arg>
<arg>GQ</arg>
<arg>GR</arg>
<arg>GS</arg>
<arg>GT</arg>
<arg>GU</arg>
<arg>GW</arg>
<arg>GY</arg>
<arg>HK</arg>
<arg>HM</arg>
<arg>HN</arg>
<arg>HR</arg>
<arg>HT</arg>
<arg>HU</arg>
<arg>ID</arg>
<arg>IE</arg>
<arg>IL</arg>
<arg>IM</arg>
<arg>IN</arg>
<arg>IO</arg>
<arg>IQ</arg>
<arg>IR</arg>
<arg>IS</arg>
<arg>IT</arg>
<arg>JE</arg>
<arg>JM</arg>
<arg>JO</arg>
<arg>JP</arg>
<arg>KE</arg>
<arg>KG</arg>
<arg>KH</arg>
<arg>KI</arg>
<arg>KM</arg>
<arg>KN</arg>
<arg>KP</arg>
<arg>KR</arg>
<arg>KW</arg>
<arg>KY</arg>
<arg>KZ</arg>
<arg>LA</arg>
<arg>LB</arg>
<arg>LC</arg>
<arg>LI</arg>
<arg>LK</arg>
<arg>LR</arg>
<arg>LS</arg>
<arg>LT</arg>
<arg>LU</arg>
<arg>LV</arg>
<arg>LY</arg>
<arg>MA</arg>
<arg>MC</arg>
<arg>MD</arg>
<arg>ME</arg>
<arg>MF</arg>
<arg>MG</arg>
<arg>MH</arg>
<arg>MK</arg>
<arg>ML</arg>
<arg>MM</arg>
<arg>MN</arg>
<arg>MO</arg>
<arg>MP</arg>
<arg>MQ</arg>
<arg>MR</arg>
<arg>MS</arg>
<arg>MT</arg>
<arg>MU</arg>
<arg>MV</arg>
<arg>MW</arg>
<arg>MX</arg>
<arg>MY</arg>
<arg>MZ</arg>
<arg>NA</arg>
<arg>NC</arg>
<arg>NE</arg>
<arg>NF</arg>
<arg>NG</arg>
<arg>NI</arg>
<arg>NL</arg>
<arg>NO</arg>
<arg>NP</arg>
<arg>NR</arg>
<arg>NU</arg>
<arg>NZ</arg>
<arg>OM</arg>
<arg>PA</arg>
<arg>PE</arg>
<arg>PF</arg>
<arg>PG</arg>
<arg>PH</arg>
<arg>PK</arg>
<arg>PL</arg>
<arg>PM</arg>
<arg>PN</arg>
<arg>PR</arg>
<arg>PS</arg>
<arg>PT</arg>
<arg>PW</arg>
<arg>PY</arg>
<arg>QA</arg>
<arg>RE</arg>
<arg>RO</arg>
<arg>RS</arg>
<arg>RU</arg>
<arg>RW</arg>
<arg>SA</arg>
<arg>SB</arg>
<arg>SC</arg>
<arg>SD</arg>
<arg>SE</arg>
<arg>SG</arg>
<arg>SH</arg>
<arg>SI</arg>
<arg>SJ</arg>
<arg>SK</arg>
<arg>SL</arg>
<arg>SM</arg>
<arg>SN</arg>
<arg>SO</arg>
<arg>SR</arg>
<arg>SS</arg>
<arg>ST</arg>
<arg>SV</arg>
<arg>SX</arg>
<arg>SY</arg>
<arg>SZ</arg>
<arg>TC</arg>
<arg>TD</arg>
<arg>TF</arg>
<arg>TG</arg>
<arg>TH</arg>
<arg>TJ</arg>
<arg>TK</arg>
<arg>TL</arg>
<arg>TM</arg>
<arg>TN</arg>
<arg>TO</arg>
<arg>TR</arg>
<arg>TT</arg>
<arg>TV</arg>
<arg>TW</arg>
<arg>TZ</arg>
<arg>UA</arg>
<arg>UG</arg>
<arg>UM</arg>
<arg>US</arg>
<arg>UY</arg>
<arg>UZ</arg>
<arg>VA</arg>
<arg>VC</arg>
<arg>VE</arg>
<arg>VG</arg>
<arg>VI</arg>
<arg>VN</arg>
<arg>VU</arg>
<arg>WF</arg>
<arg>WS</arg>
<arg>XK</arg>
<arg>YE</arg>
<arg>YT</arg>
<arg>ZA</arg>
<arg>ZM</arg>
<arg>ZW</arg>
<doc>Returns a list containing given items.</doc>
<status status="PASS" start="2024-07-21T15:16:16.032862" elapsed="0.000614"/>
</kw>
<kw name="List Should Contain Value" owner="Collections">
<arg>${list_country}</arg>
<arg>${name_country}</arg>
<doc>Fails if the ``value`` is not found from ``list``.</doc>
<status status="PASS" start="2024-07-21T15:16:16.034457" elapsed="0.000206"/>
</kw>
<kw name="Run Keyword If" owner="BuiltIn">
<kw name="Should Be True" owner="BuiltIn">
<arg>${True}</arg>
<doc>Fails if the given condition is not true.</doc>
<status status="PASS" start="2024-07-21T15:16:16.035608" elapsed="0.000143"/>
</kw>
<arg>${json_data["results"][0]["location"]["coordinates"]["latitude"]} &gt;= -90 and ${json_data["results"][0]["location"]["coordinates"]["latitude"]} &lt;= 90</arg>
<arg>Should Be True</arg>
<arg>${True}</arg>
<doc>Runs the given keyword with the given arguments, if ``condition`` is true.</doc>
<status status="PASS" start="2024-07-21T15:16:16.034861" elapsed="0.001016"/>
</kw>
<kw name="Run Keyword If" owner="BuiltIn">
<kw name="Should Be True" owner="BuiltIn">
<arg>${True}</arg>
<doc>Fails if the given condition is not true.</doc>
<status status="PASS" start="2024-07-21T15:16:16.036774" elapsed="0.000137"/>
</kw>
<arg>${json_data["results"][0]["location"]["coordinates"]["longitude"]} &gt;= -180 and ${json_data["results"][0]["location"]["coordinates"]["longitude"]} &lt;= 180</arg>
<arg>Should Be True</arg>
<arg>${True}</arg>
<doc>Runs the given keyword with the given arguments, if ``condition`` is true.</doc>
<status status="PASS" start="2024-07-21T15:16:16.036075" elapsed="0.000960"/>
</kw>
<status status="PASS" start="2024-07-21T15:16:15.935394" elapsed="0.101771"/>
</kw>
<doc>Testa o conteúdo específico dos campos retornados pela API.</doc>
<tag>testeConteudo</tag>
<status status="PASS" start="2024-07-21T15:16:15.934754" elapsed="0.102554"/>
</test>
<status status="PASS" start="2024-07-21T15:16:15.055139" elapsed="0.984136"/>
</suite>
<status status="PASS" start="2024-07-21T15:16:15.040847" elapsed="1.003289"/>
</suite>
<statistics>
<total>
<stat pass="5" fail="0" skip="0">All Tests</stat>
</total>
<tag>
<stat pass="1" fail="0" skip="0">testeConteudo</stat>
<stat pass="1" fail="0" skip="0">testeEstruturaResposta</stat>
<stat pass="1" fail="0" skip="0">testeRequisicaoBasica</stat>
<stat pass="1" fail="0" skip="0">testeTiposDados</stat>
</tag>
<suite>
<stat pass="5" fail="0" skip="0" id="s1" name="Tests">Tests</stat>
<stat pass="5" fail="0" skip="0" id="s1-s1" name="Random-User-Test">Tests.Random-User-Test</stat>
</suite>
</statistics>
<errors>
</errors>
</robot>
