<?xml version="1.0" encoding="UTF-8"?>
<robot generator="Robot 7.0.1 (Python 3.12.4 on linux)" generated="2024-07-31T13:17:59.798683" rpa="false" schemaversion="5">
<suite id="s1" name="Tests" source="/home/runner/work/ApiRandomUser/ApiRandomUser/RamdonUser/tests">
<suite id="s1-s1" name="Random-User-Test" source="/home/runner/work/ApiRandomUser/ApiRandomUser/RamdonUser/tests/random-user-test.robot">
<test id="s1-s1-t1" name="Conectar" line="13">
<kw name="Conectar API" owner="random-user-service">
<kw name="Create Session" owner="RequestsLibrary">
<msg time="2024-07-31T13:18:00.205405" level="INFO">Creating Session using : alias=consultarAPI, url=https://randomuser.me/, headers={},                     cookies={}, auth=None, timeout=None, proxies=None, verify=False,                     debug=0 </msg>
<arg>consultarAPI</arg>
<arg>${URL}</arg>
<doc>Create Session: create a HTTP session to a server</doc>
<status status="PASS" start="2024-07-31T13:18:00.205182" elapsed="0.000431"/>
</kw>
<status status="PASS" start="2024-07-31T13:18:00.204087" elapsed="0.001921"/>
</kw>
<status status="PASS" start="2024-07-31T13:18:00.203441" elapsed="0.002771"/>
</test>
<test id="s1-s1-t2" name="Validar retorno 200 e JSON Válido" line="16">
<kw name="Teste de Requisicao Basica" owner="random-user-service">
<kw name="GET On Session" owner="RequestsLibrary">
<msg time="2024-07-31T13:18:08.543421" level="INFO">GET Request : url=https://randomuser.me/api 
 path_url=/api 
 headers={'User-Agent': 'python-requests/2.32.3', 'Accept-Encoding': 'gzip, deflate', 'Accept': '*/*', 'Connection': 'keep-alive'} 
 body=None 
 </msg>
<msg time="2024-07-31T13:18:08.543577" level="INFO">GET Response : url=https://randomuser.me/api 
 status=200, reason=OK 
 headers={'Date': 'Wed, 31 Jul 2024 13:18:08 GMT', 'Content-Type': 'application/json; charset=utf-8', 'Transfer-Encoding': 'chunked', 'Connection': 'keep-alive', 'X-Powered-By': 'Express', 'Access-Control-Allow-Origin': '*', 'Cache-Control': 'no-cache', 'ETag': 'W/"473-RkvIxfparfFi6i8BS5tCPptwxa4"', 'Vary': 'Accept-Encoding', 'Content-Encoding': 'gzip', 'CF-Cache-Status': 'DYNAMIC', 'Report-To': '{"endpoints":[{"url":"https:\\/\\/a.nel.cloudflare.com\\/report\\/v4?s=G1Hx%2BYqccsVERWuqPzPSvA5oxlLWjohPXXO9qUAHJX50FJDJZrVQmDxXalig5BC9VDOPYnPFY8GR3620RlO3e846aD2UGNIxETMMrP054T9Zu5DLRHhWGp3MOZiR%2B2hP"}],"group":"cf-nel","max_age":604800}', 'NEL': '{"success_fraction":0,"report_to":"cf-nel","max_age":604800}', 'Server': 'cloudflare', 'CF-RAY': '8abddf342c7338a0-IAD', 'alt-svc': 'h3=":443"; ma=86400'} 
 body={"results":[{"gender":"female","name":{"title":"Miss","first":"Laura","last":"Nielsen"},"location":{"street":{"number":8632,"name":"Lindevej"},"city":"Stenderup","state":"Danmark","country":"Denmark","postcode":18524,"coordinates":{"latitude":"-42.6337","longitude":"10.5370"},"timezone":{"offset":"-3:30","description":"Newfoundland"}},"email":"laura.nielsen@example.com","login":{"uuid":"8914d7c1-125b-463e-af9f-f26f1580f931","username":"yellowzebra231","password":"matilda","salt":"juRAm4O0","md5":"9fb4a90c21d3c5628186cfaf2588a1ed","sha1":"04eb6ec5a3d150c5d0cb7c2403cac85cbc8c437e","sha256":"94ec5c3ca2587bad87af6479ccd52df60b63badb313b2e6e4841fc5ff6ca0430"},"dob":{"date":"1966-06-01T21:55:32.834Z","age":58},"registered":{"date":"2021-08-19T16:18:33.251Z","age":2},"phone":"35095202","cell":"65235128","id":{"name":"CPR","value":"010666-0948"},"picture":{"large":"https://randomuser.me/api/portraits/women/10.jpg","medium":"https://randomuser.me/api/portraits/med/women/10.jpg","thumbnail":"https://randomuser.me/api/portraits/thumb/women/10.jpg"},"nat":"DK"}],"info":{"seed":"a9caf8caf5a23520","results":1,"page":1,"version":"1.4"}} 
 </msg>
<msg time="2024-07-31T13:18:08.543658" level="INFO">/opt/hostedtoolcache/Python/3.12.4/x64/lib/python3.12/site-packages/urllib3/connectionpool.py:1099: InsecureRequestWarning: Unverified HTTPS request is being made to host 'randomuser.me'. Adding certificate verification is strongly advised. See: https://urllib3.readthedocs.io/en/latest/advanced-usage.html#tls-warnings
  warnings.warn(</msg>
<msg time="2024-07-31T13:18:08.543798" level="INFO">${response} = &lt;Response [200]&gt;</msg>
<var>${response}</var>
<arg>consultarAPI</arg>
<arg>/api</arg>
<doc>Sends a GET request on a previously created HTTP Session.</doc>
<status status="PASS" start="2024-07-31T13:18:00.208942" elapsed="8.334892"/>
</kw>
<kw name="Should Be Equal As Numbers" owner="BuiltIn">
<msg time="2024-07-31T13:18:08.544998" level="INFO">Argument types are:
&lt;class 'int'&gt;
&lt;class 'str'&gt;</msg>
<arg>${response.status_code}</arg>
<arg>200</arg>
<doc>Fails if objects are unequal after converting them to real numbers.</doc>
<status status="PASS" start="2024-07-31T13:18:08.544519" elapsed="0.000546"/>
</kw>
<kw name="Log" owner="BuiltIn">
<msg time="2024-07-31T13:18:08.545766" level="INFO">200</msg>
<arg>${response.status_code}</arg>
<doc>Logs the given message with the given level.</doc>
<status status="PASS" start="2024-07-31T13:18:08.545412" elapsed="0.000396"/>
</kw>
<kw name="Set Variable" owner="BuiltIn">
<msg time="2024-07-31T13:18:08.546539" level="INFO">${json_data} = {'results': [{'gender': 'female', 'name': {'title': 'Miss', 'first': 'Laura', 'last': 'Nielsen'}, 'location': {'street': {'number': 8632, 'name': 'Lindevej'}, 'city': 'Stenderup', 'state': 'Danmark', ...</msg>
<var>${json_data}</var>
<arg>${response.json()}</arg>
<doc>Returns the given values which can then be assigned to a variables.</doc>
<status status="PASS" start="2024-07-31T13:18:08.546112" elapsed="0.000456"/>
</kw>
<kw name="Dictionary Should Contain Key" owner="Collections">
<arg>${json_data}</arg>
<arg>results</arg>
<doc>Fails if ``key`` is not found from ``dictionary``.</doc>
<status status="PASS" start="2024-07-31T13:18:08.546874" elapsed="0.000387"/>
</kw>
<status status="PASS" start="2024-07-31T13:18:00.208681" elapsed="8.338736"/>
</kw>
<doc>Testa se a API responde corretamente e retorna um objeto JSON válido.</doc>
<tag>testeRequisicaoBasica</tag>
<status status="PASS" start="2024-07-31T13:18:00.208159" elapsed="8.339434"/>
</test>
<test id="s1-s1-t3" name="Validar estrutura de resposta" line="22">
<kw name="Teste de Estrutura de Resposta" owner="random-user-service">
<kw name="GET On Session" owner="RequestsLibrary">
<msg time="2024-07-31T13:18:15.487756" level="INFO">GET Request : url=https://randomuser.me/api 
 path_url=/api 
 headers={'User-Agent': 'python-requests/2.32.3', 'Accept-Encoding': 'gzip, deflate', 'Accept': '*/*', 'Connection': 'keep-alive'} 
 body=None 
 </msg>
<msg time="2024-07-31T13:18:15.487875" level="INFO">GET Response : url=https://randomuser.me/api 
 status=200, reason=OK 
 headers={'Date': 'Wed, 31 Jul 2024 13:18:15 GMT', 'Content-Type': 'application/json; charset=utf-8', 'Transfer-Encoding': 'chunked', 'Connection': 'keep-alive', 'X-Powered-By': 'Express', 'Access-Control-Allow-Origin': '*', 'Cache-Control': 'no-cache', 'ETag': 'W/"472-gGcSxd1SUD+1UFpE07lrh/x0XPw"', 'Vary': 'Accept-Encoding', 'Content-Encoding': 'gzip', 'CF-Cache-Status': 'DYNAMIC', 'Report-To': '{"endpoints":[{"url":"https:\\/\\/a.nel.cloudflare.com\\/report\\/v4?s=oAwwQz88r9hJ4h5sTVY0aD8ajDC4s6lYepbx2jI%2FMHmqpVlIcP7v%2BD7%2FhHXhpwvHV%2FBr38HTm5QlR4H0HKi3fMbukU6Tx%2BqjNHe9%2BoQGqdlnWg3Qf9KNhjiEQAbR1Jxh"}],"group":"cf-nel","max_age":604800}', 'NEL': '{"success_fraction":0,"report_to":"cf-nel","max_age":604800}', 'Server': 'cloudflare', 'CF-RAY': '8abddf677d5a38a0-IAD', 'alt-svc': 'h3=":443"; ma=86400'} 
 body={"results":[{"gender":"female","name":{"title":"Miss","first":"Marie","last":"Abdulla"},"location":{"street":{"number":488,"name":"Filips gate"},"city":"Aksdal","state":"Trøndelag","country":"Norway","postcode":"7047","coordinates":{"latitude":"43.1008","longitude":"96.9500"},"timezone":{"offset":"-3:30","description":"Newfoundland"}},"email":"marie.abdulla@example.com","login":{"uuid":"a004030d-a47f-4081-834e-734fdbd75880","username":"tinyladybug313","password":"connie","salt":"qE7aGgIo","md5":"f423c828e997fe39845955b7424fc5de","sha1":"ad0437b46ec8ecac6bad70ed39ea2993d944c7cb","sha256":"09c398f4468617370d4c8b8e0f15a3c8079765204b93182a91f5b50e8d1d029b"},"dob":{"date":"1961-09-13T22:19:26.623Z","age":62},"registered":{"date":"2022-03-23T16:24:09.477Z","age":2},"phone":"78435505","cell":"48914278","id":{"name":"FN","value":"13096110809"},"picture":{"large":"https://randomuser.me/api/portraits/women/84.jpg","medium":"https://randomuser.me/api/portraits/med/women/84.jpg","thumbnail":"https://randomuser.me/api/portraits/thumb/women/84.jpg"},"nat":"NO"}],"info":{"seed":"73b16793892959a6","results":1,"page":1,"version":"1.4"}} 
 </msg>
<msg time="2024-07-31T13:18:15.488033" level="INFO">/opt/hostedtoolcache/Python/3.12.4/x64/lib/python3.12/site-packages/urllib3/connectionpool.py:1099: InsecureRequestWarning: Unverified HTTPS request is being made to host 'randomuser.me'. Adding certificate verification is strongly advised. See: https://urllib3.readthedocs.io/en/latest/advanced-usage.html#tls-warnings
  warnings.warn(</msg>
<msg time="2024-07-31T13:18:15.488186" level="INFO">${response} = &lt;Response [200]&gt;</msg>
<var>${response}</var>
<arg>consultarAPI</arg>
<arg>/api</arg>
<doc>Sends a GET request on a previously created HTTP Session.</doc>
<status status="PASS" start="2024-07-31T13:18:08.550281" elapsed="6.937952"/>
</kw>
<kw name="Set Variable" owner="BuiltIn">
<msg time="2024-07-31T13:18:15.489422" level="INFO">${json_data} = {'results': [{'gender': 'female', 'name': {'title': 'Miss', 'first': 'Marie', 'last': 'Abdulla'}, 'location': {'street': {'number': 488, 'name': 'Filips gate'}, 'city': 'Aksdal', 'state': 'Trøndelag',...</msg>
<var>${json_data}</var>
<arg>${response.json()}</arg>
<doc>Returns the given values which can then be assigned to a variables.</doc>
<status status="PASS" start="2024-07-31T13:18:15.488876" elapsed="0.000576"/>
</kw>
<kw name="Log" owner="BuiltIn">
<msg time="2024-07-31T13:18:15.489940" level="INFO">{'results': [{'gender': 'female', 'name': {'title': 'Miss', 'first': 'Marie', 'last': 'Abdulla'}, 'location': {'street': {'number': 488, 'name': 'Filips gate'}, 'city': 'Aksdal', 'state': 'Trøndelag', 'country': 'Norway', 'postcode': '7047', 'coordinates': {'latitude': '43.1008', 'longitude': '96.9500'}, 'timezone': {'offset': '-3:30', 'description': 'Newfoundland'}}, 'email': 'marie.abdulla@example.com', 'login': {'uuid': 'a004030d-a47f-4081-834e-734fdbd75880', 'username': 'tinyladybug313', 'password': 'connie', 'salt': 'qE7aGgIo', 'md5': 'f423c828e997fe39845955b7424fc5de', 'sha1': 'ad0437b46ec8ecac6bad70ed39ea2993d944c7cb', 'sha256': '09c398f4468617370d4c8b8e0f15a3c8079765204b93182a91f5b50e8d1d029b'}, 'dob': {'date': '1961-09-13T22:19:26.623Z', 'age': 62}, 'registered': {'date': '2022-03-23T16:24:09.477Z', 'age': 2}, 'phone': '78435505', 'cell': '48914278', 'id': {'name': 'FN', 'value': '13096110809'}, 'picture': {'large': 'https://randomuser.me/api/portraits/women/84.jpg', 'medium': 'https://randomuser.me/api/portraits/med/women/84.jpg', 'thumbnail': 'https://randomuser.me/api/portraits/thumb/women/84.jpg'}, 'nat': 'NO'}], 'info': {'seed': '73b16793892959a6', 'results': 1, 'page': 1, 'version': '1.4'}}</msg>
<arg>${json_data}</arg>
<doc>Logs the given message with the given level.</doc>
<status status="PASS" start="2024-07-31T13:18:15.489768" elapsed="0.000222"/>
</kw>
<kw name="Dictionary Should Contain Key" owner="Collections">
<arg>${json_data}</arg>
<arg>results</arg>
<doc>Fails if ``key`` is not found from ``dictionary``.</doc>
<status status="PASS" start="2024-07-31T13:18:15.490286" elapsed="0.000164"/>
</kw>
<kw name="Should Not Be Empty" owner="BuiltIn">
<msg time="2024-07-31T13:18:15.490762" level="INFO">Length is 2.</msg>
<arg>${json_data}</arg>
<doc>Verifies that the given item is not empty.</doc>
<status status="PASS" start="2024-07-31T13:18:15.490632" elapsed="0.000167"/>
</kw>
<kw name="Create List" owner="BuiltIn">
<msg time="2024-07-31T13:18:15.491284" level="INFO">${expected_keys} = ['gender', 'name', 'location', 'email', 'login']</msg>
<var>${expected_keys}</var>
<arg>gender</arg>
<arg>name</arg>
<arg>location</arg>
<arg>email</arg>
<arg>login</arg>
<doc>Returns a list containing given items.</doc>
<status status="PASS" start="2024-07-31T13:18:15.491084" elapsed="0.000225"/>
</kw>
<for flavor="IN">
<iter>
<kw name="Dictionary Should Contain Key" owner="Collections">
<arg>${json_data['results'][0]}</arg>
<arg>${key}</arg>
<doc>Fails if ``key`` is not found from ``dictionary``.</doc>
<status status="PASS" start="2024-07-31T13:18:15.491896" elapsed="0.000406"/>
</kw>
<kw name="Log" owner="BuiltIn">
<msg time="2024-07-31T13:18:15.492843" level="INFO">{'gender': 'female', 'name': {'title': 'Miss', 'first': 'Marie', 'last': 'Abdulla'}, 'location': {'street': {'number': 488, 'name': 'Filips gate'}, 'city': 'Aksdal', 'state': 'Trøndelag', 'country': 'Norway', 'postcode': '7047', 'coordinates': {'latitude': '43.1008', 'longitude': '96.9500'}, 'timezone': {'offset': '-3:30', 'description': 'Newfoundland'}}, 'email': 'marie.abdulla@example.com', 'login': {'uuid': 'a004030d-a47f-4081-834e-734fdbd75880', 'username': 'tinyladybug313', 'password': 'connie', 'salt': 'qE7aGgIo', 'md5': 'f423c828e997fe39845955b7424fc5de', 'sha1': 'ad0437b46ec8ecac6bad70ed39ea2993d944c7cb', 'sha256': '09c398f4468617370d4c8b8e0f15a3c8079765204b93182a91f5b50e8d1d029b'}, 'dob': {'date': '1961-09-13T22:19:26.623Z', 'age': 62}, 'registered': {'date': '2022-03-23T16:24:09.477Z', 'age': 2}, 'phone': '78435505', 'cell': '48914278', 'id': {'name': 'FN', 'value': '13096110809'}, 'picture': {'large': 'https://randomuser.me/api/portraits/women/84.jpg', 'medium': 'https://randomuser.me/api/portraits/med/women/84.jpg', 'thumbnail': 'https://randomuser.me/api/portraits/thumb/women/84.jpg'}, 'nat': 'NO'}</msg>
<arg>${json_data['results'][0]}</arg>
<doc>Logs the given message with the given level.</doc>
<status status="PASS" start="2024-07-31T13:18:15.492485" elapsed="0.000409"/>
</kw>
<kw name="Log" owner="BuiltIn">
<msg time="2024-07-31T13:18:15.493324" level="INFO">gender</msg>
<arg>${key}</arg>
<doc>Logs the given message with the given level.</doc>
<status status="PASS" start="2024-07-31T13:18:15.493194" elapsed="0.000168"/>
</kw>
<var name="${key}">gender</var>
<status status="PASS" start="2024-07-31T13:18:15.491770" elapsed="0.001806"/>
</iter>
<iter>
<kw name="Dictionary Should Contain Key" owner="Collections">
<arg>${json_data['results'][0]}</arg>
<arg>${key}</arg>
<doc>Fails if ``key`` is not found from ``dictionary``.</doc>
<status status="PASS" start="2024-07-31T13:18:15.493871" elapsed="0.000390"/>
</kw>
<kw name="Log" owner="BuiltIn">
<msg time="2024-07-31T13:18:15.494794" level="INFO">{'gender': 'female', 'name': {'title': 'Miss', 'first': 'Marie', 'last': 'Abdulla'}, 'location': {'street': {'number': 488, 'name': 'Filips gate'}, 'city': 'Aksdal', 'state': 'Trøndelag', 'country': 'Norway', 'postcode': '7047', 'coordinates': {'latitude': '43.1008', 'longitude': '96.9500'}, 'timezone': {'offset': '-3:30', 'description': 'Newfoundland'}}, 'email': 'marie.abdulla@example.com', 'login': {'uuid': 'a004030d-a47f-4081-834e-734fdbd75880', 'username': 'tinyladybug313', 'password': 'connie', 'salt': 'qE7aGgIo', 'md5': 'f423c828e997fe39845955b7424fc5de', 'sha1': 'ad0437b46ec8ecac6bad70ed39ea2993d944c7cb', 'sha256': '09c398f4468617370d4c8b8e0f15a3c8079765204b93182a91f5b50e8d1d029b'}, 'dob': {'date': '1961-09-13T22:19:26.623Z', 'age': 62}, 'registered': {'date': '2022-03-23T16:24:09.477Z', 'age': 2}, 'phone': '78435505', 'cell': '48914278', 'id': {'name': 'FN', 'value': '13096110809'}, 'picture': {'large': 'https://randomuser.me/api/portraits/women/84.jpg', 'medium': 'https://randomuser.me/api/portraits/med/women/84.jpg', 'thumbnail': 'https://randomuser.me/api/portraits/thumb/women/84.jpg'}, 'nat': 'NO'}</msg>
<arg>${json_data['results'][0]}</arg>
<doc>Logs the given message with the given level.</doc>
<status status="PASS" start="2024-07-31T13:18:15.494442" elapsed="0.000434"/>
</kw>
<kw name="Log" owner="BuiltIn">
<msg time="2024-07-31T13:18:15.495335" level="INFO">name</msg>
<arg>${key}</arg>
<doc>Logs the given message with the given level.</doc>
<status status="PASS" start="2024-07-31T13:18:15.495202" elapsed="0.000170"/>
</kw>
<var name="${key}">name</var>
<status status="PASS" start="2024-07-31T13:18:15.493760" elapsed="0.001831"/>
</iter>
<iter>
<kw name="Dictionary Should Contain Key" owner="Collections">
<arg>${json_data['results'][0]}</arg>
<arg>${key}</arg>
<doc>Fails if ``key`` is not found from ``dictionary``.</doc>
<status status="PASS" start="2024-07-31T13:18:15.495873" elapsed="0.000387"/>
</kw>
<kw name="Log" owner="BuiltIn">
<msg time="2024-07-31T13:18:15.496794" level="INFO">{'gender': 'female', 'name': {'title': 'Miss', 'first': 'Marie', 'last': 'Abdulla'}, 'location': {'street': {'number': 488, 'name': 'Filips gate'}, 'city': 'Aksdal', 'state': 'Trøndelag', 'country': 'Norway', 'postcode': '7047', 'coordinates': {'latitude': '43.1008', 'longitude': '96.9500'}, 'timezone': {'offset': '-3:30', 'description': 'Newfoundland'}}, 'email': 'marie.abdulla@example.com', 'login': {'uuid': 'a004030d-a47f-4081-834e-734fdbd75880', 'username': 'tinyladybug313', 'password': 'connie', 'salt': 'qE7aGgIo', 'md5': 'f423c828e997fe39845955b7424fc5de', 'sha1': 'ad0437b46ec8ecac6bad70ed39ea2993d944c7cb', 'sha256': '09c398f4468617370d4c8b8e0f15a3c8079765204b93182a91f5b50e8d1d029b'}, 'dob': {'date': '1961-09-13T22:19:26.623Z', 'age': 62}, 'registered': {'date': '2022-03-23T16:24:09.477Z', 'age': 2}, 'phone': '78435505', 'cell': '48914278', 'id': {'name': 'FN', 'value': '13096110809'}, 'picture': {'large': 'https://randomuser.me/api/portraits/women/84.jpg', 'medium': 'https://randomuser.me/api/portraits/med/women/84.jpg', 'thumbnail': 'https://randomuser.me/api/portraits/thumb/women/84.jpg'}, 'nat': 'NO'}</msg>
<arg>${json_data['results'][0]}</arg>
<doc>Logs the given message with the given level.</doc>
<status status="PASS" start="2024-07-31T13:18:15.496447" elapsed="0.000398"/>
</kw>
<kw name="Log" owner="BuiltIn">
<msg time="2024-07-31T13:18:15.497265" level="INFO">location</msg>
<arg>${key}</arg>
<doc>Logs the given message with the given level.</doc>
<status status="PASS" start="2024-07-31T13:18:15.497139" elapsed="0.000162"/>
</kw>
<var name="${key}">location</var>
<status status="PASS" start="2024-07-31T13:18:15.495765" elapsed="0.001755"/>
</iter>
<iter>
<kw name="Dictionary Should Contain Key" owner="Collections">
<arg>${json_data['results'][0]}</arg>
<arg>${key}</arg>
<doc>Fails if ``key`` is not found from ``dictionary``.</doc>
<status status="PASS" start="2024-07-31T13:18:15.497792" elapsed="0.000373"/>
</kw>
<kw name="Log" owner="BuiltIn">
<msg time="2024-07-31T13:18:15.498853" level="INFO">{'gender': 'female', 'name': {'title': 'Miss', 'first': 'Marie', 'last': 'Abdulla'}, 'location': {'street': {'number': 488, 'name': 'Filips gate'}, 'city': 'Aksdal', 'state': 'Trøndelag', 'country': 'Norway', 'postcode': '7047', 'coordinates': {'latitude': '43.1008', 'longitude': '96.9500'}, 'timezone': {'offset': '-3:30', 'description': 'Newfoundland'}}, 'email': 'marie.abdulla@example.com', 'login': {'uuid': 'a004030d-a47f-4081-834e-734fdbd75880', 'username': 'tinyladybug313', 'password': 'connie', 'salt': 'qE7aGgIo', 'md5': 'f423c828e997fe39845955b7424fc5de', 'sha1': 'ad0437b46ec8ecac6bad70ed39ea2993d944c7cb', 'sha256': '09c398f4468617370d4c8b8e0f15a3c8079765204b93182a91f5b50e8d1d029b'}, 'dob': {'date': '1961-09-13T22:19:26.623Z', 'age': 62}, 'registered': {'date': '2022-03-23T16:24:09.477Z', 'age': 2}, 'phone': '78435505', 'cell': '48914278', 'id': {'name': 'FN', 'value': '13096110809'}, 'picture': {'large': 'https://randomuser.me/api/portraits/women/84.jpg', 'medium': 'https://randomuser.me/api/portraits/med/women/84.jpg', 'thumbnail': 'https://randomuser.me/api/portraits/thumb/women/84.jpg'}, 'nat': 'NO'}</msg>
<arg>${json_data['results'][0]}</arg>
<doc>Logs the given message with the given level.</doc>
<status status="PASS" start="2024-07-31T13:18:15.498484" elapsed="0.000418"/>
</kw>
<kw name="Log" owner="BuiltIn">
<msg time="2024-07-31T13:18:15.499385" level="INFO">email</msg>
<arg>${key}</arg>
<doc>Logs the given message with the given level.</doc>
<status status="PASS" start="2024-07-31T13:18:15.499238" elapsed="0.000185"/>
</kw>
<var name="${key}">email</var>
<status status="PASS" start="2024-07-31T13:18:15.497687" elapsed="0.001959"/>
</iter>
<iter>
<kw name="Dictionary Should Contain Key" owner="Collections">
<arg>${json_data['results'][0]}</arg>
<arg>${key}</arg>
<doc>Fails if ``key`` is not found from ``dictionary``.</doc>
<status status="PASS" start="2024-07-31T13:18:15.499924" elapsed="0.000375"/>
</kw>
<kw name="Log" owner="BuiltIn">
<msg time="2024-07-31T13:18:15.500847" level="INFO">{'gender': 'female', 'name': {'title': 'Miss', 'first': 'Marie', 'last': 'Abdulla'}, 'location': {'street': {'number': 488, 'name': 'Filips gate'}, 'city': 'Aksdal', 'state': 'Trøndelag', 'country': 'Norway', 'postcode': '7047', 'coordinates': {'latitude': '43.1008', 'longitude': '96.9500'}, 'timezone': {'offset': '-3:30', 'description': 'Newfoundland'}}, 'email': 'marie.abdulla@example.com', 'login': {'uuid': 'a004030d-a47f-4081-834e-734fdbd75880', 'username': 'tinyladybug313', 'password': 'connie', 'salt': 'qE7aGgIo', 'md5': 'f423c828e997fe39845955b7424fc5de', 'sha1': 'ad0437b46ec8ecac6bad70ed39ea2993d944c7cb', 'sha256': '09c398f4468617370d4c8b8e0f15a3c8079765204b93182a91f5b50e8d1d029b'}, 'dob': {'date': '1961-09-13T22:19:26.623Z', 'age': 62}, 'registered': {'date': '2022-03-23T16:24:09.477Z', 'age': 2}, 'phone': '78435505', 'cell': '48914278', 'id': {'name': 'FN', 'value': '13096110809'}, 'picture': {'large': 'https://randomuser.me/api/portraits/women/84.jpg', 'medium': 'https://randomuser.me/api/portraits/med/women/84.jpg', 'thumbnail': 'https://randomuser.me/api/portraits/thumb/women/84.jpg'}, 'nat': 'NO'}</msg>
<arg>${json_data['results'][0]}</arg>
<doc>Logs the given message with the given level.</doc>
<status status="PASS" start="2024-07-31T13:18:15.500480" elapsed="0.000415"/>
</kw>
<kw name="Log" owner="BuiltIn">
<msg time="2024-07-31T13:18:15.501310" level="INFO">login</msg>
<arg>${key}</arg>
<doc>Logs the given message with the given level.</doc>
<status status="PASS" start="2024-07-31T13:18:15.501185" elapsed="0.000161"/>
</kw>
<var name="${key}">login</var>
<status status="PASS" start="2024-07-31T13:18:15.499817" elapsed="0.001741"/>
</iter>
<var>${key}</var>
<value>@{expected_keys}</value>
<status status="PASS" start="2024-07-31T13:18:15.491575" elapsed="0.010101"/>
</for>
<kw name="Create List" owner="BuiltIn">
<msg time="2024-07-31T13:18:15.501994" level="INFO">${expected_keysTwo} = ['username', 'password']</msg>
<var>${expected_keysTwo}</var>
<arg>username</arg>
<arg>password</arg>
<doc>Returns a list containing given items.</doc>
<status status="PASS" start="2024-07-31T13:18:15.501861" elapsed="0.000156"/>
</kw>
<for flavor="IN">
<iter>
<kw name="Dictionary Should Contain Key" owner="Collections">
<arg>${json_data['results'][0]['login']}</arg>
<arg>${keyTwo}</arg>
<doc>Fails if ``key`` is not found from ``dictionary``.</doc>
<status status="PASS" start="2024-07-31T13:18:15.502539" elapsed="0.000384"/>
</kw>
<kw name="Dictionary Should Contain Key" owner="Collections">
<arg>${json_data['results'][0]['login']}</arg>
<arg>${keyTwo}</arg>
<doc>Fails if ``key`` is not found from ``dictionary``.</doc>
<status status="PASS" start="2024-07-31T13:18:15.503101" elapsed="0.000409"/>
</kw>
<kw name="Log" owner="BuiltIn">
<msg time="2024-07-31T13:18:15.503809" level="INFO">username</msg>
<arg>${keyTwo}</arg>
<doc>Logs the given message with the given level.</doc>
<status status="PASS" start="2024-07-31T13:18:15.503689" elapsed="0.000157"/>
</kw>
<var name="${keyTwo}">username</var>
<status status="PASS" start="2024-07-31T13:18:15.502431" elapsed="0.001633"/>
</iter>
<iter>
<kw name="Dictionary Should Contain Key" owner="Collections">
<arg>${json_data['results'][0]['login']}</arg>
<arg>${keyTwo}</arg>
<doc>Fails if ``key`` is not found from ``dictionary``.</doc>
<status status="PASS" start="2024-07-31T13:18:15.504346" elapsed="0.000385"/>
</kw>
<kw name="Dictionary Should Contain Key" owner="Collections">
<arg>${json_data['results'][0]['login']}</arg>
<arg>${keyTwo}</arg>
<doc>Fails if ``key`` is not found from ``dictionary``.</doc>
<status status="PASS" start="2024-07-31T13:18:15.504906" elapsed="0.000369"/>
</kw>
<kw name="Log" owner="BuiltIn">
<msg time="2024-07-31T13:18:15.505575" level="INFO">password</msg>
<arg>${keyTwo}</arg>
<doc>Logs the given message with the given level.</doc>
<status status="PASS" start="2024-07-31T13:18:15.505451" elapsed="0.000159"/>
</kw>
<var name="${keyTwo}">password</var>
<status status="PASS" start="2024-07-31T13:18:15.504235" elapsed="0.001593"/>
</iter>
<var>${keyTwo}</var>
<value>@{expected_keysTwo}</value>
<status status="PASS" start="2024-07-31T13:18:15.502276" elapsed="0.003671"/>
</for>
<status status="PASS" start="2024-07-31T13:18:08.550035" elapsed="6.956052"/>
</kw>
<doc>Testa a estrutura da resposta da API.</doc>
<tag>testeEstruturaResposta</tag>
<status status="PASS" start="2024-07-31T13:18:08.549425" elapsed="6.956820"/>
</test>
<test id="s1-s1-t4" name="Validar tipos de dados" line="28">
<kw name="Teste de Tipos de Dados" owner="random-user-service">
<kw name="GET On Session" owner="RequestsLibrary">
<msg time="2024-07-31T13:18:22.166918" level="INFO">GET Request : url=https://randomuser.me/api 
 path_url=/api 
 headers={'User-Agent': 'python-requests/2.32.3', 'Accept-Encoding': 'gzip, deflate', 'Accept': '*/*', 'Connection': 'keep-alive'} 
 body=None 
 </msg>
<msg time="2024-07-31T13:18:22.167024" level="INFO">GET Response : url=https://randomuser.me/api 
 status=200, reason=OK 
 headers={'Date': 'Wed, 31 Jul 2024 13:18:22 GMT', 'Content-Type': 'application/json; charset=utf-8', 'Transfer-Encoding': 'chunked', 'Connection': 'keep-alive', 'X-Powered-By': 'Express', 'Access-Control-Allow-Origin': '*', 'Cache-Control': 'no-cache', 'ETag': 'W/"48f-hFz6ln+XJ6yZMefYIwd7/E1CaBw"', 'Vary': 'Accept-Encoding', 'Content-Encoding': 'gzip', 'CF-Cache-Status': 'DYNAMIC', 'Report-To': '{"endpoints":[{"url":"https:\\/\\/a.nel.cloudflare.com\\/report\\/v4?s=kpM3ccGXJfV3QfixVAMRxbG2jHcQ9j2tsgYS%2Be20BkMUdy%2FwVDbwrz%2FTNAofUiv%2FyVlSLpQ%2B5hQTRbg479YuWY0NcQVYrjDxmXYieejTxutt%2F5CyAsVq72Y3%2FO6kcLKO"}],"group":"cf-nel","max_age":604800}', 'NEL': '{"success_fraction":0,"report_to":"cf-nel","max_age":604800}', 'Server': 'cloudflare', 'CF-RAY': '8abddf92fd6a38a0-IAD', 'alt-svc': 'h3=":443"; ma=86400'} 
 body={"results":[{"gender":"female","name":{"title":"Miss","first":"Angelina","last":"Šarić"},"location":{"street":{"number":705,"name":"Ðorđa Stojkovića"},"city":"Dimitrovgrad","state":"Peć","country":"Serbia","postcode":37246,"coordinates":{"latitude":"62.1521","longitude":"70.3253"},"timezone":{"offset":"-1:00","description":"Azores, Cape Verde Islands"}},"email":"angelina.saric@example.com","login":{"uuid":"1a461337-4ddf-49de-b758-b57a1446bb1a","username":"orangepanda397","password":"frosch","salt":"Y20MZ6SD","md5":"77a90271b753303dd5a9b4d34b42a1b7","sha1":"45fa3db4071421e0d477e95415132c3aa86b38e4","sha256":"5e03c7c96abb1d58a7c055ccbe87527b700d5c1aba390b47634a0fbbd4538c8c"},"dob":{"date":"1971-06-20T03:38:57.123Z","age":53},"registered":{"date":"2015-11-05T03:16:24.255Z","age":8},"phone":"012-3770-689","cell":"063-4360-237","id":{"name":"SID","value":"794434026"},"picture":{"large":"https://randomuser.me/api/portraits/women/6.jpg","medium":"https://randomuser.me/api/portraits/med/women/6.jpg","thumbnail":"https://randomuser.me/api/portraits/thumb/women/6.jpg"},"nat":"RS"}],"info":{"seed":"610ecf70d7b6b4b4","results":1,"page":1,"version":"1.4"}} 
 </msg>
<msg time="2024-07-31T13:18:22.167094" level="INFO">/opt/hostedtoolcache/Python/3.12.4/x64/lib/python3.12/site-packages/urllib3/connectionpool.py:1099: InsecureRequestWarning: Unverified HTTPS request is being made to host 'randomuser.me'. Adding certificate verification is strongly advised. See: https://urllib3.readthedocs.io/en/latest/advanced-usage.html#tls-warnings
  warnings.warn(</msg>
<msg time="2024-07-31T13:18:22.167266" level="INFO">${response} = &lt;Response [200]&gt;</msg>
<var>${response}</var>
<arg>consultarAPI</arg>
<arg>/api</arg>
<doc>Sends a GET request on a previously created HTTP Session.</doc>
<status status="PASS" start="2024-07-31T13:18:15.508829" elapsed="6.658481"/>
</kw>
<kw name="Set Variable" owner="BuiltIn">
<msg time="2024-07-31T13:18:22.168506" level="INFO">${json_data} = {'results': [{'gender': 'female', 'name': {'title': 'Miss', 'first': 'Angelina', 'last': 'Šarić'}, 'location': {'street': {'number': 705, 'name': 'Ðorđa Stojkovića'}, 'city': 'Dimitrovgrad', 'state': ...</msg>
<var>${json_data}</var>
<arg>${response.json()}</arg>
<doc>Returns the given values which can then be assigned to a variables.</doc>
<status status="PASS" start="2024-07-31T13:18:22.167962" elapsed="0.000574"/>
</kw>
<kw name="Log" owner="BuiltIn">
<msg time="2024-07-31T13:18:22.169019" level="INFO">{'results': [{'gender': 'female', 'name': {'title': 'Miss', 'first': 'Angelina', 'last': 'Šarić'}, 'location': {'street': {'number': 705, 'name': 'Ðorđa Stojkovića'}, 'city': 'Dimitrovgrad', 'state': 'Peć', 'country': 'Serbia', 'postcode': 37246, 'coordinates': {'latitude': '62.1521', 'longitude': '70.3253'}, 'timezone': {'offset': '-1:00', 'description': 'Azores, Cape Verde Islands'}}, 'email': 'angelina.saric@example.com', 'login': {'uuid': '1a461337-4ddf-49de-b758-b57a1446bb1a', 'username': 'orangepanda397', 'password': 'frosch', 'salt': 'Y20MZ6SD', 'md5': '77a90271b753303dd5a9b4d34b42a1b7', 'sha1': '45fa3db4071421e0d477e95415132c3aa86b38e4', 'sha256': '5e03c7c96abb1d58a7c055ccbe87527b700d5c1aba390b47634a0fbbd4538c8c'}, 'dob': {'date': '1971-06-20T03:38:57.123Z', 'age': 53}, 'registered': {'date': '2015-11-05T03:16:24.255Z', 'age': 8}, 'phone': '012-3770-689', 'cell': '063-4360-237', 'id': {'name': 'SID', 'value': '794434026'}, 'picture': {'large': 'https://randomuser.me/api/portraits/women/6.jpg', 'medium': 'https://randomuser.me/api/portraits/med/women/6.jpg', 'thumbnail': 'https://randomuser.me/api/portraits/thumb/women/6.jpg'}, 'nat': 'RS'}], 'info': {'seed': '610ecf70d7b6b4b4', 'results': 1, 'page': 1, 'version': '1.4'}}</msg>
<arg>${json_data}</arg>
<doc>Logs the given message with the given level.</doc>
<status status="PASS" start="2024-07-31T13:18:22.168856" elapsed="0.000214"/>
</kw>
<kw name="Should Be String" owner="String">
<arg>${json_data['results'][0]['gender']}</arg>
<doc>Fails if the given ``item`` is not a string.</doc>
<status status="PASS" start="2024-07-31T13:18:22.169362" elapsed="0.000375"/>
</kw>
<kw name="Should Match Regexp" owner="BuiltIn">
<arg>${json_data['results'][0]['email']}</arg>
<arg>^[a-zA-Z0-9._%+-]+@[a-zA-Z0-9.-]+\.[a-zA-Z]{2,}$</arg>
<doc>Fails if ``string`` does not match ``pattern`` as a regular expression.</doc>
<status status="PASS" start="2024-07-31T13:18:22.169923" elapsed="0.000509"/>
</kw>
<kw name="Should Match Regexp" owner="BuiltIn">
<arg>${json_data['results'][0]['dob']['date']}</arg>
<arg>\\d{4}-\\d{2}-\\d{2}T\\d{2}:\\d{2}:\\d{2}\\.\\d{3}Z</arg>
<doc>Fails if ``string`` does not match ``pattern`` as a regular expression.</doc>
<status status="PASS" start="2024-07-31T13:18:22.170668" elapsed="0.000694"/>
</kw>
<kw name="Should Match Regexp" owner="BuiltIn">
<arg>${json_data['results'][0]['registered']['date']}</arg>
<arg>\\d{4}-\\d{2}-\\d{2}T\\d{2}:\\d{2}:\\d{2}\\.\\d{3}Z</arg>
<doc>Fails if ``string`` does not match ``pattern`` as a regular expression.</doc>
<status status="PASS" start="2024-07-31T13:18:22.171563" elapsed="0.000375"/>
</kw>
<kw name="Should Match Regexp" owner="BuiltIn">
<arg>${json_data['results'][0]['picture']['large']}</arg>
<arg>^https?://.*\.(?:png|jpe?g|gif|bmp)$</arg>
<doc>Fails if ``string`` does not match ``pattern`` as a regular expression.</doc>
<status status="PASS" start="2024-07-31T13:18:22.172126" elapsed="0.000462"/>
</kw>
<kw name="Should Match Regexp" owner="BuiltIn">
<arg>${json_data['results'][0]['picture']['medium']}</arg>
<arg>^https?://.*\.(?:png|jpe?g|gif|bmp)$</arg>
<doc>Fails if ``string`` does not match ``pattern`` as a regular expression.</doc>
<status status="PASS" start="2024-07-31T13:18:22.172776" elapsed="0.000353"/>
</kw>
<kw name="Should Match Regexp" owner="BuiltIn">
<arg>${json_data['results'][0]['picture']['thumbnail']}</arg>
<arg>^https?://.*\.(?:png|jpe?g|gif|bmp)$</arg>
<doc>Fails if ``string`` does not match ``pattern`` as a regular expression.</doc>
<status status="PASS" start="2024-07-31T13:18:22.173307" elapsed="0.000393"/>
</kw>
<kw name="Log" owner="BuiltIn">
<msg time="2024-07-31T13:18:22.174212" level="INFO">{'large': 'https://randomuser.me/api/portraits/women/6.jpg', 'medium': 'https://randomuser.me/api/portraits/med/women/6.jpg', 'thumbnail': 'https://randomuser.me/api/portraits/thumb/women/6.jpg'}</msg>
<arg>${json_data['results'][0]['picture']}</arg>
<doc>Logs the given message with the given level.</doc>
<status status="PASS" start="2024-07-31T13:18:22.173885" elapsed="0.000369"/>
</kw>
<status status="PASS" start="2024-07-31T13:18:15.508594" elapsed="6.665921"/>
</kw>
<kw name="Teste de Tipos de Dados - Postcode" owner="random-user-service">
<kw name="GET On Session" owner="RequestsLibrary">
<msg time="2024-07-31T13:18:28.170958" level="INFO">GET Request : url=https://randomuser.me/api 
 path_url=/api 
 headers={'User-Agent': 'python-requests/2.32.3', 'Accept-Encoding': 'gzip, deflate', 'Accept': '*/*', 'Connection': 'keep-alive'} 
 body=None 
 </msg>
<msg time="2024-07-31T13:18:28.171062" level="INFO">GET Response : url=https://randomuser.me/api 
 status=200, reason=OK 
 headers={'Date': 'Wed, 31 Jul 2024 13:18:28 GMT', 'Content-Type': 'application/json; charset=utf-8', 'Transfer-Encoding': 'chunked', 'Connection': 'keep-alive', 'X-Powered-By': 'Express', 'Access-Control-Allow-Origin': '*', 'Cache-Control': 'no-cache', 'ETag': 'W/"48b-JVP7fHS+XeiB+t0+DsaOSa/TPUE"', 'Vary': 'Accept-Encoding', 'Content-Encoding': 'gzip', 'CF-Cache-Status': 'DYNAMIC', 'Report-To': '{"endpoints":[{"url":"https:\\/\\/a.nel.cloudflare.com\\/report\\/v4?s=7UmlG3hV4xmeIBFnBjR67OW8quM1EY5baRvZNiAAdIJCw4%2Fo%2FEvA0jyCs0p8Ck%2FYuvqx7LLANMhT72FWgUx41CynoppUnh9X6aPd2VxHF5Xkg6mS4ItKbPT1VALbQb0o"}],"group":"cf-nel","max_age":604800}', 'NEL': '{"success_fraction":0,"report_to":"cf-nel","max_age":604800}', 'Server': 'cloudflare', 'CF-RAY': '8abddfbc9cac38a0-IAD', 'alt-svc': 'h3=":443"; ma=86400'} 
 body={"results":[{"gender":"male","name":{"title":"Mr","first":"سینا","last":"كامياران"},"location":{"street":{"number":2518,"name":"کارگر شمالی"},"city":"سبزوار","state":"زنجان","country":"Iran","postcode":68704,"coordinates":{"latitude":"16.8431","longitude":"-14.9879"},"timezone":{"offset":"-8:00","description":"Pacific Time (US &amp; Canada)"}},"email":"syn.kmyrn@example.com","login":{"uuid":"8824f86a-a566-4afe-857f-187a94d88e1b","username":"lazyzebra178","password":"frankie","salt":"NwyyO95s","md5":"a4afa7668ae348de45576a25f9424abe","sha1":"0cbed6b924650d8144c06cc963ed811e0d710601","sha256":"4d258a05c8b9485105be41d53041a24e0d91be66ae0cac12562995b10cce1ab2"},"dob":{"date":"1973-05-24T09:04:19.876Z","age":51},"registered":{"date":"2012-03-21T00:51:15.466Z","age":12},"phone":"062-85590614","cell":"0947-888-5744","id":{"name":"","value":null},"picture":{"large":"https://randomuser.me/api/portraits/men/62.jpg","medium":"https://randomuser.me/api/portraits/med/men/62.jpg","thumbnail":"https://randomuser.me/api/portraits/thumb/men/62.jpg"},"nat":"IR"}],"info":{"seed":"7c6b203f6bf1caf1","results":1,"page":1,"version":"1.4"}} 
 </msg>
<msg time="2024-07-31T13:18:28.171177" level="INFO">/opt/hostedtoolcache/Python/3.12.4/x64/lib/python3.12/site-packages/urllib3/connectionpool.py:1099: InsecureRequestWarning: Unverified HTTPS request is being made to host 'randomuser.me'. Adding certificate verification is strongly advised. See: https://urllib3.readthedocs.io/en/latest/advanced-usage.html#tls-warnings
  warnings.warn(</msg>
<msg time="2024-07-31T13:18:28.171300" level="INFO">${response} = &lt;Response [200]&gt;</msg>
<var>${response}</var>
<arg>consultarAPI</arg>
<arg>/api</arg>
<doc>Sends a GET request on a previously created HTTP Session.</doc>
<status status="PASS" start="2024-07-31T13:18:22.174985" elapsed="5.996354"/>
</kw>
<kw name="Set Variable" owner="BuiltIn">
<msg time="2024-07-31T13:18:28.172402" level="INFO">${json_data} = {'results': [{'gender': 'male', 'name': {'title': 'Mr', 'first': 'سینا', 'last': 'كامياران'}, 'location': {'street': {'number': 2518, 'name': 'کارگر شمالی'}, 'city': 'سبزوار', 'state': 'زنجان', 'count...</msg>
<var>${json_data}</var>
<arg>${response.json()}</arg>
<doc>Returns the given values which can then be assigned to a variables.</doc>
<status status="PASS" start="2024-07-31T13:18:28.171871" elapsed="0.000562"/>
</kw>
<kw name="Log" owner="BuiltIn">
<msg time="2024-07-31T13:18:28.172899" level="INFO">{'results': [{'gender': 'male', 'name': {'title': 'Mr', 'first': 'سینا', 'last': 'كامياران'}, 'location': {'street': {'number': 2518, 'name': 'کارگر شمالی'}, 'city': 'سبزوار', 'state': 'زنجان', 'country': 'Iran', 'postcode': 68704, 'coordinates': {'latitude': '16.8431', 'longitude': '-14.9879'}, 'timezone': {'offset': '-8:00', 'description': 'Pacific Time (US &amp; Canada)'}}, 'email': 'syn.kmyrn@example.com', 'login': {'uuid': '8824f86a-a566-4afe-857f-187a94d88e1b', 'username': 'lazyzebra178', 'password': 'frankie', 'salt': 'NwyyO95s', 'md5': 'a4afa7668ae348de45576a25f9424abe', 'sha1': '0cbed6b924650d8144c06cc963ed811e0d710601', 'sha256': '4d258a05c8b9485105be41d53041a24e0d91be66ae0cac12562995b10cce1ab2'}, 'dob': {'date': '1973-05-24T09:04:19.876Z', 'age': 51}, 'registered': {'date': '2012-03-21T00:51:15.466Z', 'age': 12}, 'phone': '062-85590614', 'cell': '0947-888-5744', 'id': {'name': '', 'value': None}, 'picture': {'large': 'https://randomuser.me/api/portraits/men/62.jpg', 'medium': 'https://randomuser.me/api/portraits/med/men/62.jpg', 'thumbnail': 'https://randomuser.me/api/portraits/thumb/men/62.jpg'}, 'nat': 'IR'}], 'info': {'seed': '7c6b203f6bf1caf1', 'results': 1, 'page': 1, 'version': '1.4'}}</msg>
<arg>${json_data}</arg>
<doc>Logs the given message with the given level.</doc>
<status status="PASS" start="2024-07-31T13:18:28.172741" elapsed="0.000209"/>
</kw>
<kw name="Should Be Equal As Numbers" owner="BuiltIn">
<arg>${json_data['results'][0]['location']['postcode']}</arg>
<arg>${json_data['results'][0]['location']['postcode']}</arg>
<doc>Fails if objects are unequal after converting them to real numbers.</doc>
<status status="PASS" start="2024-07-31T13:18:28.173239" elapsed="0.000630"/>
</kw>
<kw name="Log" owner="BuiltIn">
<msg time="2024-07-31T13:18:28.174399" level="INFO">68704</msg>
<arg>${json_data['results'][0]['location']['postcode']}</arg>
<doc>Logs the given message with the given level.</doc>
<status status="PASS" start="2024-07-31T13:18:28.174062" elapsed="0.000377"/>
</kw>
<status status="PASS" start="2024-07-31T13:18:22.174745" elapsed="5.999983"/>
</kw>
<doc>Testa se os tipos de dados na resposta da API estão corretos.</doc>
<tag>testeTiposDados</tag>
<status status="PASS" start="2024-07-31T13:18:15.508021" elapsed="12.666884"/>
</test>
<test id="s1-s1-t5" name="Validar conteudo" line="35">
<kw name="Teste de Tipos de Conteudo" owner="random-user-service">
<kw name="GET On Session" owner="RequestsLibrary">
<msg time="2024-07-31T13:18:32.788242" level="INFO">GET Request : url=https://randomuser.me/api 
 path_url=/api 
 headers={'User-Agent': 'python-requests/2.32.3', 'Accept-Encoding': 'gzip, deflate', 'Accept': '*/*', 'Connection': 'keep-alive'} 
 body=None 
 </msg>
<msg time="2024-07-31T13:18:32.788356" level="INFO">GET Response : url=https://randomuser.me/api 
 status=200, reason=OK 
 headers={'Date': 'Wed, 31 Jul 2024 13:18:32 GMT', 'Content-Type': 'application/json; charset=utf-8', 'Transfer-Encoding': 'chunked', 'Connection': 'keep-alive', 'X-Powered-By': 'Express', 'Access-Control-Allow-Origin': '*', 'Cache-Control': 'no-cache', 'ETag': 'W/"48a-5Q7tMIpf7k/BfXmHVQgXgQ58sgQ"', 'Vary': 'Accept-Encoding', 'Content-Encoding': 'gzip', 'CF-Cache-Status': 'DYNAMIC', 'Report-To': '{"endpoints":[{"url":"https:\\/\\/a.nel.cloudflare.com\\/report\\/v4?s=T38X%2FRCcasS9FAfcsT0K14ysdx5rtSyNx693e39mehbmiSSuH3qc%2FtjGWgbTlZG9g%2FYEILU5Tw9FBDec97wbJjC1SVL9bgUa6KgKX%2B0%2BOKPEeMCdKM1LIZsHdtTLhCXp"}],"group":"cf-nel","max_age":604800}', 'NEL': '{"success_fraction":0,"report_to":"cf-nel","max_age":604800}', 'Server': 'cloudflare', 'CF-RAY': '8abddfe2196538a0-IAD', 'alt-svc': 'h3=":443"; ma=86400'} 
 body={"results":[{"gender":"female","name":{"title":"Miss","first":"Danielle","last":"Patterson"},"location":{"street":{"number":3497,"name":"Patrick Street"},"city":"Sallins","state":"Kerry","country":"Ireland","postcode":55785,"coordinates":{"latitude":"0.2105","longitude":"61.8092"},"timezone":{"offset":"+6:00","description":"Almaty, Dhaka, Colombo"}},"email":"danielle.patterson@example.com","login":{"uuid":"4b4c5ad5-854a-4c76-ae7b-dd1cfc28ea24","username":"sadsnake868","password":"justdoit","salt":"vsOUDB56","md5":"43eed5ba3f84fafbed61625b283fd06e","sha1":"6a7c27419ea4e99ba3561ba753c98a4c32aca4cd","sha256":"c3c6402b792d48e8e57dbb04521cf047302b26f1ec431a36a2f5c6d777113e0d"},"dob":{"date":"1948-09-08T15:44:24.754Z","age":75},"registered":{"date":"2017-06-28T06:59:42.619Z","age":7},"phone":"061-158-6126","cell":"081-049-5792","id":{"name":"PPS","value":"4394285T"},"picture":{"large":"https://randomuser.me/api/portraits/women/91.jpg","medium":"https://randomuser.me/api/portraits/med/women/91.jpg","thumbnail":"https://randomuser.me/api/portraits/thumb/women/91.jpg"},"nat":"IE"}],"info":{"seed":"8b87bd775250d5cc","results":1,"page":1,"version":"1.4"}} 
 </msg>
<msg time="2024-07-31T13:18:32.788435" level="INFO">/opt/hostedtoolcache/Python/3.12.4/x64/lib/python3.12/site-packages/urllib3/connectionpool.py:1099: InsecureRequestWarning: Unverified HTTPS request is being made to host 'randomuser.me'. Adding certificate verification is strongly advised. See: https://urllib3.readthedocs.io/en/latest/advanced-usage.html#tls-warnings
  warnings.warn(</msg>
<msg time="2024-07-31T13:18:32.788577" level="INFO">${response} = &lt;Response [200]&gt;</msg>
<var>${response}</var>
<arg>consultarAPI</arg>
<arg>/api</arg>
<doc>Sends a GET request on a previously created HTTP Session.</doc>
<status status="PASS" start="2024-07-31T13:18:28.177368" elapsed="4.611258"/>
</kw>
<kw name="Set Variable" owner="BuiltIn">
<msg time="2024-07-31T13:18:32.789882" level="INFO">${json_data} = {'results': [{'gender': 'female', 'name': {'title': 'Miss', 'first': 'Danielle', 'last': 'Patterson'}, 'location': {'street': {'number': 3497, 'name': 'Patrick Street'}, 'city': 'Sallins', 'state': 'K...</msg>
<var>${json_data}</var>
<arg>${response.json()}</arg>
<doc>Returns the given values which can then be assigned to a variables.</doc>
<status status="PASS" start="2024-07-31T13:18:32.789357" elapsed="0.000555"/>
</kw>
<kw name="Set Variable" owner="BuiltIn">
<msg time="2024-07-31T13:18:32.790605" level="INFO">${name_title} = Miss</msg>
<var>${name_title}</var>
<arg>${json_data["results"][0]["name"]["title"]}</arg>
<doc>Returns the given values which can then be assigned to a variables.</doc>
<status status="PASS" start="2024-07-31T13:18:32.790220" elapsed="0.000410"/>
</kw>
<kw name="Create List" owner="BuiltIn">
<msg time="2024-07-31T13:18:32.791079" level="INFO">${allowed_titles} = ['Mr', 'Ms', 'Miss', 'Mrs', 'Madame', 'Monsieur']</msg>
<var>${allowed_titles}</var>
<arg>Mr</arg>
<arg>Ms</arg>
<arg>Miss</arg>
<arg>Mrs</arg>
<arg>Madame</arg>
<arg>Monsieur</arg>
<doc>Returns a list containing given items.</doc>
<status status="PASS" start="2024-07-31T13:18:32.790931" elapsed="0.000172"/>
</kw>
<kw name="List Should Contain Value" owner="Collections">
<arg>${allowed_titles}</arg>
<arg>${name_title}</arg>
<doc>Fails if the ``value`` is not found from ``list``.</doc>
<status status="PASS" start="2024-07-31T13:18:32.791475" elapsed="0.000185"/>
</kw>
<kw name="Set Variable" owner="BuiltIn">
<msg time="2024-07-31T13:18:32.792217" level="INFO">${name_country} = IE</msg>
<var>${name_country}</var>
<arg>${json_data["results"][0]["nat"]}</arg>
<doc>Returns the given values which can then be assigned to a variables.</doc>
<status status="PASS" start="2024-07-31T13:18:32.791845" elapsed="0.000397"/>
</kw>
<kw name="Create List" owner="BuiltIn">
<msg time="2024-07-31T13:18:32.793123" level="INFO">${list_country} = ['AD', 'AE', 'AF', 'AG', 'AI', 'AL', 'AM', 'AO', 'AQ', 'AR', 'AS', 'AT', 'AU', 'AW', 'AX', 'AZ', 'BA', 'BB', 'BD', 'BE', 'BF', 'BG', 'BH', 'BI', 'BJ', 'BL', 'BM', 'BN', 'BO', 'BQ', 'BR', 'BS', 'BT', '...</msg>
<var>${list_country}</var>
<arg>AD</arg>
<arg>AE</arg>
<arg>AF</arg>
<arg>AG</arg>
<arg>AI</arg>
<arg>AL</arg>
<arg>AM</arg>
<arg>AO</arg>
<arg>AQ</arg>
<arg>AR</arg>
<arg>AS</arg>
<arg>AT</arg>
<arg>AU</arg>
<arg>AW</arg>
<arg>AX</arg>
<arg>AZ</arg>
<arg>BA</arg>
<arg>BB</arg>
<arg>BD</arg>
<arg>BE</arg>
<arg>BF</arg>
<arg>BG</arg>
<arg>BH</arg>
<arg>BI</arg>
<arg>BJ</arg>
<arg>BL</arg>
<arg>BM</arg>
<arg>BN</arg>
<arg>BO</arg>
<arg>BQ</arg>
<arg>BR</arg>
<arg>BS</arg>
<arg>BT</arg>
<arg>BV</arg>
<arg>BW</arg>
<arg>BY</arg>
<arg>BZ</arg>
<arg>CA</arg>
<arg>CC</arg>
<arg>CD</arg>
<arg>CF</arg>
<arg>CG</arg>
<arg>CH</arg>
<arg>CI</arg>
<arg>CK</arg>
<arg>CL</arg>
<arg>CM</arg>
<arg>CN</arg>
<arg>CO</arg>
<arg>CR</arg>
<arg>CU</arg>
<arg>CV</arg>
<arg>CW</arg>
<arg>CX</arg>
<arg>CY</arg>
<arg>CZ</arg>
<arg>DE</arg>
<arg>DJ</arg>
<arg>DK</arg>
<arg>DM</arg>
<arg>DO</arg>
<arg>DZ</arg>
<arg>EC</arg>
<arg>EE</arg>
<arg>EG</arg>
<arg>EH</arg>
<arg>ER</arg>
<arg>ES</arg>
<arg>ET</arg>
<arg>FI</arg>
<arg>FJ</arg>
<arg>FK</arg>
<arg>FM</arg>
<arg>FO</arg>
<arg>FR</arg>
<arg>GA</arg>
<arg>GB</arg>
<arg>GD</arg>
<arg>GE</arg>
<arg>GF</arg>
<arg>GG</arg>
<arg>GH</arg>
<arg>GI</arg>
<arg>GL</arg>
<arg>GM</arg>
<arg>GN</arg>
<arg>GP</arg>
<arg>GQ</arg>
<arg>GR</arg>
<arg>GS</arg>
<arg>GT</arg>
<arg>GU</arg>
<arg>GW</arg>
<arg>GY</arg>
<arg>HK</arg>
<arg>HM</arg>
<arg>HN</arg>
<arg>HR</arg>
<arg>HT</arg>
<arg>HU</arg>
<arg>ID</arg>
<arg>IE</arg>
<arg>IL</arg>
<arg>IM</arg>
<arg>IN</arg>
<arg>IO</arg>
<arg>IQ</arg>
<arg>IR</arg>
<arg>IS</arg>
<arg>IT</arg>
<arg>JE</arg>
<arg>JM</arg>
<arg>JO</arg>
<arg>JP</arg>
<arg>KE</arg>
<arg>KG</arg>
<arg>KH</arg>
<arg>KI</arg>
<arg>KM</arg>
<arg>KN</arg>
<arg>KP</arg>
<arg>KR</arg>
<arg>KW</arg>
<arg>KY</arg>
<arg>KZ</arg>
<arg>LA</arg>
<arg>LB</arg>
<arg>LC</arg>
<arg>LI</arg>
<arg>LK</arg>
<arg>LR</arg>
<arg>LS</arg>
<arg>LT</arg>
<arg>LU</arg>
<arg>LV</arg>
<arg>LY</arg>
<arg>MA</arg>
<arg>MC</arg>
<arg>MD</arg>
<arg>ME</arg>
<arg>MF</arg>
<arg>MG</arg>
<arg>MH</arg>
<arg>MK</arg>
<arg>ML</arg>
<arg>MM</arg>
<arg>MN</arg>
<arg>MO</arg>
<arg>MP</arg>
<arg>MQ</arg>
<arg>MR</arg>
<arg>MS</arg>
<arg>MT</arg>
<arg>MU</arg>
<arg>MV</arg>
<arg>MW</arg>
<arg>MX</arg>
<arg>MY</arg>
<arg>MZ</arg>
<arg>NA</arg>
<arg>NC</arg>
<arg>NE</arg>
<arg>NF</arg>
<arg>NG</arg>
<arg>NI</arg>
<arg>NL</arg>
<arg>NO</arg>
<arg>NP</arg>
<arg>NR</arg>
<arg>NU</arg>
<arg>NZ</arg>
<arg>OM</arg>
<arg>PA</arg>
<arg>PE</arg>
<arg>PF</arg>
<arg>PG</arg>
<arg>PH</arg>
<arg>PK</arg>
<arg>PL</arg>
<arg>PM</arg>
<arg>PN</arg>
<arg>PR</arg>
<arg>PS</arg>
<arg>PT</arg>
<arg>PW</arg>
<arg>PY</arg>
<arg>QA</arg>
<arg>RE</arg>
<arg>RO</arg>
<arg>RS</arg>
<arg>RU</arg>
<arg>RW</arg>
<arg>SA</arg>
<arg>SB</arg>
<arg>SC</arg>
<arg>SD</arg>
<arg>SE</arg>
<arg>SG</arg>
<arg>SH</arg>
<arg>SI</arg>
<arg>SJ</arg>
<arg>SK</arg>
<arg>SL</arg>
<arg>SM</arg>
<arg>SN</arg>
<arg>SO</arg>
<arg>SR</arg>
<arg>SS</arg>
<arg>ST</arg>
<arg>SV</arg>
<arg>SX</arg>
<arg>SY</arg>
<arg>SZ</arg>
<arg>TC</arg>
<arg>TD</arg>
<arg>TF</arg>
<arg>TG</arg>
<arg>TH</arg>
<arg>TJ</arg>
<arg>TK</arg>
<arg>TL</arg>
<arg>TM</arg>
<arg>TN</arg>
<arg>TO</arg>
<arg>TR</arg>
<arg>TT</arg>
<arg>TV</arg>
<arg>TW</arg>
<arg>TZ</arg>
<arg>UA</arg>
<arg>UG</arg>
<arg>UM</arg>
<arg>US</arg>
<arg>UY</arg>
<arg>UZ</arg>
<arg>VA</arg>
<arg>VC</arg>
<arg>VE</arg>
<arg>VG</arg>
<arg>VI</arg>
<arg>VN</arg>
<arg>VU</arg>
<arg>WF</arg>
<arg>WS</arg>
<arg>XK</arg>
<arg>YE</arg>
<arg>YT</arg>
<arg>ZA</arg>
<arg>ZM</arg>
<arg>ZW</arg>
<doc>Returns a list containing given items.</doc>
<status status="PASS" start="2024-07-31T13:18:32.792530" elapsed="0.000618"/>
</kw>
<kw name="List Should Contain Value" owner="Collections">
<arg>${list_country}</arg>
<arg>${name_country}</arg>
<doc>Fails if the ``value`` is not found from ``list``.</doc>
<status status="PASS" start="2024-07-31T13:18:32.794134" elapsed="0.000208"/>
</kw>
<kw name="Run Keyword If" owner="BuiltIn">
<kw name="Should Be True" owner="BuiltIn">
<arg>${True}</arg>
<doc>Fails if the given condition is not true.</doc>
<status status="PASS" start="2024-07-31T13:18:32.795332" elapsed="0.000148"/>
</kw>
<arg>${json_data["results"][0]["location"]["coordinates"]["latitude"]} &gt;= -90 and ${json_data["results"][0]["location"]["coordinates"]["latitude"]} &lt;= 90</arg>
<arg>Should Be True</arg>
<arg>${True}</arg>
<doc>Runs the given keyword with the given arguments, if ``condition`` is true.</doc>
<status status="PASS" start="2024-07-31T13:18:32.794542" elapsed="0.001067"/>
</kw>
<kw name="Run Keyword If" owner="BuiltIn">
<kw name="Should Be True" owner="BuiltIn">
<arg>${True}</arg>
<doc>Fails if the given condition is not true.</doc>
<status status="PASS" start="2024-07-31T13:18:32.796481" elapsed="0.000136"/>
</kw>
<arg>${json_data["results"][0]["location"]["coordinates"]["longitude"]} &gt;= -180 and ${json_data["results"][0]["location"]["coordinates"]["longitude"]} &lt;= 180</arg>
<arg>Should Be True</arg>
<arg>${True}</arg>
<doc>Runs the given keyword with the given arguments, if ``condition`` is true.</doc>
<status status="PASS" start="2024-07-31T13:18:32.795793" elapsed="0.000947"/>
</kw>
<status status="PASS" start="2024-07-31T13:18:28.177146" elapsed="4.619728"/>
</kw>
<doc>Testa o conteúdo específico dos campos retornados pela API.</doc>
<tag>testeConteudo</tag>
<status status="PASS" start="2024-07-31T13:18:28.176702" elapsed="4.620325"/>
</test>
<status status="PASS" start="2024-07-31T13:17:59.859976" elapsed="32.938992"/>
</suite>
<status status="PASS" start="2024-07-31T13:17:59.845312" elapsed="32.958921"/>
</suite>
<statistics>
<total>
<stat pass="5" fail="0" skip="0">All Tests</stat>
</total>
<tag>
<stat pass="1" fail="0" skip="0">testeConteudo</stat>
<stat pass="1" fail="0" skip="0">testeEstruturaResposta</stat>
<stat pass="1" fail="0" skip="0">testeRequisicaoBasica</stat>
<stat pass="1" fail="0" skip="0">testeTiposDados</stat>
</tag>
<suite>
<stat pass="5" fail="0" skip="0" id="s1" name="Tests">Tests</stat>
<stat pass="5" fail="0" skip="0" id="s1-s1" name="Random-User-Test">Tests.Random-User-Test</stat>
</suite>
</statistics>
<errors>
</errors>
</robot>
