<?xml version="1.0" encoding="UTF-8"?>
<robot generator="Robot 7.0 (Python 3.12.3 on linux)" generated="2024-04-19T17:12:53.426465" rpa="false" schemaversion="5">
<suite id="s1" name="Tests" source="/home/runner/work/DesafioQAItauRogerioJordao/DesafioQAItauRogerioJordao/RamdonUser/tests">
<suite id="s1-s1" name="Random-User-Test" source="/home/runner/work/DesafioQAItauRogerioJordao/DesafioQAItauRogerioJordao/RamdonUser/tests/random-user-test.robot">
<test id="s1-s1-t1" name="Conectar" line="13">
<kw name="Conectar API" owner="random-user-service">
<kw name="Create Session" owner="RequestsLibrary">
<msg time="2024-04-19T17:12:53.802122" level="INFO">Creating Session using : alias=consultarAPI, url=https://randomuser.me/, headers={},                     cookies={}, auth=None, timeout=None, proxies=None, verify=False,                     debug=0 </msg>
<arg>consultarAPI</arg>
<arg>${URL}</arg>
<doc>Create Session: create a HTTP session to a server</doc>
<status status="PASS" start="2024-04-19T17:12:53.801923" elapsed="0.000374"/>
</kw>
<status status="PASS" start="2024-04-19T17:12:53.800955" elapsed="0.001704"/>
</kw>
<status status="PASS" start="2024-04-19T17:12:53.800395" elapsed="0.002497"/>
</test>
<test id="s1-s1-t2" name="Validar retorno 200 e JSON Válido" line="16">
<kw name="Teste de Requisicao Basica" owner="random-user-service">
<kw name="GET On Session" owner="RequestsLibrary">
<msg time="2024-04-19T17:12:54.064170" level="INFO">GET Request : url=https://randomuser.me/api 
 path_url=/api 
 headers={'User-Agent': 'python-requests/2.31.0', 'Accept-Encoding': 'gzip, deflate', 'Accept': '*/*', 'Connection': 'keep-alive'} 
 body=None 
 </msg>
<msg time="2024-04-19T17:12:54.064322" level="INFO">GET Response : url=https://randomuser.me/api 
 status=200, reason=OK 
 headers={'Date': 'Fri, 19 Apr 2024 17:12:54 GMT', 'Content-Type': 'application/json; charset=utf-8', 'Transfer-Encoding': 'chunked', 'Connection': 'keep-alive', 'X-Powered-By': 'Express', 'Access-Control-Allow-Origin': '*', 'Cache-Control': 'no-cache', 'ETag': 'W/"4a3-V6x6KUm8pDq+srklKNFVwYstwnE"', 'Vary': 'Accept-Encoding', 'Content-Encoding': 'gzip', 'CF-Cache-Status': 'DYNAMIC', 'Report-To': '{"endpoints":[{"url":"https:\\/\\/a.nel.cloudflare.com\\/report\\/v4?s=qyuTraPW2v969Rs%2Bcax%2F6P3FEJiAkUXWmykCM7VqD4F1AJ9nm6oEBtRYptSTmFyDPhWd%2BfBK%2FJSRAC5tEIOxFUYA9uxna25EX8Plm4hw9vT0M2xIZg33riOKdw6d1Zj1"}],"group":"cf-nel","max_age":604800}', 'NEL': '{"success_fraction":0,"report_to":"cf-nel","max_age":604800}', 'Server': 'cloudflare', 'CF-RAY': '876e85a98dd1818c-IAD', 'alt-svc': 'h3=":443"; ma=86400'} 
 body={"results":[{"gender":"female","name":{"title":"Ms","first":"Silvia","last":"Cepeda"},"location":{"street":{"number":3524,"name":"Peatonal Distrito Federal"},"city":"Ixmiquilpan","state":"Baja California","country":"Mexico","postcode":21634,"coordinates":{"latitude":"21.9517","longitude":"126.3045"},"timezone":{"offset":"+6:00","description":"Almaty, Dhaka, Colombo"}},"email":"silvia.cepeda@example.com","login":{"uuid":"e3dc5b50-2fe0-44e9-a940-3dc2501ac23b","username":"angryduck882","password":"downer","salt":"94dq6LjK","md5":"62c1f87d8926617ecb5f3494a0b88a9f","sha1":"6035a19595d398e1703f14309da4ead177fd9a27","sha256":"f8b1ff3fce4982c68f0c2734e701344753cac2e7dc8005b305ab114ccf002e81"},"dob":{"date":"1989-07-14T01:39:22.802Z","age":34},"registered":{"date":"2005-01-23T08:26:56.754Z","age":19},"phone":"(600) 671 2728","cell":"(601) 574 2812","id":{"name":"NSS","value":"70 66 85 3463 1"},"picture":{"large":"https://randomuser.me/api/portraits/women/34.jpg","medium":"https://randomuser.me/api/portraits/med/women/34.jpg","thumbnail":"https://randomuser.me/api/portraits/thumb/women/34.jpg"},"nat":"MX"}],"info":{"seed":"26a69e77205cdb17","results":1,"page":1,"version":"1.4"}} 
 </msg>
<msg time="2024-04-19T17:12:54.064406" level="INFO">/opt/hostedtoolcache/Python/3.12.3/x64/lib/python3.12/site-packages/urllib3/connectionpool.py:1103: InsecureRequestWarning: Unverified HTTPS request is being made to host 'randomuser.me'. Adding certificate verification is strongly advised. See: https://urllib3.readthedocs.io/en/latest/advanced-usage.html#tls-warnings
  warnings.warn(</msg>
<msg time="2024-04-19T17:12:54.064587" level="INFO">${response} = &lt;Response [200]&gt;</msg>
<var>${response}</var>
<arg>consultarAPI</arg>
<arg>/api</arg>
<doc>Sends a GET request on a previously created HTTP Session.</doc>
<status status="PASS" start="2024-04-19T17:12:53.805483" elapsed="0.259146"/>
</kw>
<kw name="Should Be Equal As Numbers" owner="BuiltIn">
<msg time="2024-04-19T17:12:54.065672" level="INFO">Argument types are:
&lt;class 'int'&gt;
&lt;class 'str'&gt;</msg>
<arg>${response.status_code}</arg>
<arg>200</arg>
<doc>Fails if objects are unequal after converting them to real numbers.</doc>
<status status="PASS" start="2024-04-19T17:12:54.065144" elapsed="0.000599"/>
</kw>
<kw name="Log" owner="BuiltIn">
<msg time="2024-04-19T17:12:54.066508" level="INFO">200</msg>
<arg>${response.status_code}</arg>
<doc>Logs the given message with the given level.</doc>
<status status="PASS" start="2024-04-19T17:12:54.066131" elapsed="0.000421"/>
</kw>
<kw name="Set Variable" owner="BuiltIn">
<msg time="2024-04-19T17:12:54.067512" level="INFO">${json_data} = {'results': [{'gender': 'female', 'name': {'title': 'Ms', 'first': 'Silvia', 'last': 'Cepeda'}, 'location': {'street': {'number': 3524, 'name': 'Peatonal Distrito Federal'}, 'city': 'Ixmiquilpan', 'st...</msg>
<var>${json_data}</var>
<arg>${response.json()}</arg>
<doc>Returns the given values which can then be assigned to a variables.</doc>
<status status="PASS" start="2024-04-19T17:12:54.067016" elapsed="0.000530"/>
</kw>
<kw name="Dictionary Should Contain Key" owner="Collections">
<msg time="2024-04-19T17:12:54.068060" level="INFO">False</msg>
<arg>${json_data}</arg>
<arg>results</arg>
<doc>Fails if ``key`` is not found from ``dictionary``.</doc>
<status status="PASS" start="2024-04-19T17:12:54.067881" elapsed="0.000220"/>
</kw>
<status status="PASS" start="2024-04-19T17:12:53.805233" elapsed="0.263137"/>
</kw>
<doc>Testa se a API responde corretamente e retorna um objeto JSON válido.</doc>
<tag>testeRequisicaoBasica</tag>
<status status="PASS" start="2024-04-19T17:12:53.804770" elapsed="0.263783"/>
</test>
<test id="s1-s1-t3" name="Validar estrutura de resposta" line="22">
<kw name="Teste de Estrutura de Resposta" owner="random-user-service">
<kw name="GET On Session" owner="RequestsLibrary">
<msg time="2024-04-19T17:12:54.164314" level="INFO">GET Request : url=https://randomuser.me/api 
 path_url=/api 
 headers={'User-Agent': 'python-requests/2.31.0', 'Accept-Encoding': 'gzip, deflate', 'Accept': '*/*', 'Connection': 'keep-alive'} 
 body=None 
 </msg>
<msg time="2024-04-19T17:12:54.164409" level="INFO">GET Response : url=https://randomuser.me/api 
 status=200, reason=OK 
 headers={'Date': 'Fri, 19 Apr 2024 17:12:54 GMT', 'Content-Type': 'application/json; charset=utf-8', 'Transfer-Encoding': 'chunked', 'Connection': 'keep-alive', 'X-Powered-By': 'Express', 'Access-Control-Allow-Origin': '*', 'Cache-Control': 'no-cache', 'ETag': 'W/"493-0CLSL9sVm+zNyGyhOwpOF6K/U6g"', 'Vary': 'Accept-Encoding', 'Content-Encoding': 'gzip', 'CF-Cache-Status': 'DYNAMIC', 'Report-To': '{"endpoints":[{"url":"https:\\/\\/a.nel.cloudflare.com\\/report\\/v4?s=MgQLL69OSyP9Mzm%2F6f1bNXfQ47B6mSE%2F72zdUJlRgFo97YUby0FNlU98XM1JIfmNDH0RqbHKGQt32wMd3RmPV7NVJKRdRh35TNLMF71C6n1977dVqWhmSlx78G2wHsmF"}],"group":"cf-nel","max_age":604800}', 'NEL': '{"success_fraction":0,"report_to":"cf-nel","max_age":604800}', 'Server': 'cloudflare', 'CF-RAY': '876e85a9fe7e818c-IAD', 'alt-svc': 'h3=":443"; ma=86400'} 
 body={"results":[{"gender":"male","name":{"title":"Mr","first":"Frederick","last":"Caldwell"},"location":{"street":{"number":1176,"name":"Alexander Road"},"city":"Ripon","state":"Northamptonshire","country":"United Kingdom","postcode":"K04 6XB","coordinates":{"latitude":"-6.6445","longitude":"-45.8627"},"timezone":{"offset":"-3:30","description":"Newfoundland"}},"email":"frederick.caldwell@example.com","login":{"uuid":"51410bae-f29f-48c4-8e95-6a953c2e53ec","username":"organicfrog448","password":"tucker","salt":"9kJ7IWrG","md5":"50ae324cb7a2d6266a15144b7464ee7d","sha1":"4ce83858a02f46340ede167accec435b16c6dbc8","sha256":"1def26a3d802fa44509b19d91abd35bb63ec41b63005a96e6f5ca40556f1236f"},"dob":{"date":"1981-10-07T14:54:54.802Z","age":42},"registered":{"date":"2013-10-22T14:06:31.315Z","age":10},"phone":"016977 0359","cell":"07009 036877","id":{"name":"NINO","value":"HJ 62 53 60 P"},"picture":{"large":"https://randomuser.me/api/portraits/men/33.jpg","medium":"https://randomuser.me/api/portraits/med/men/33.jpg","thumbnail":"https://randomuser.me/api/portraits/thumb/men/33.jpg"},"nat":"GB"}],"info":{"seed":"2a5b786ab87caad7","results":1,"page":1,"version":"1.4"}} 
 </msg>
<msg time="2024-04-19T17:12:54.164538" level="INFO">/opt/hostedtoolcache/Python/3.12.3/x64/lib/python3.12/site-packages/urllib3/connectionpool.py:1103: InsecureRequestWarning: Unverified HTTPS request is being made to host 'randomuser.me'. Adding certificate verification is strongly advised. See: https://urllib3.readthedocs.io/en/latest/advanced-usage.html#tls-warnings
  warnings.warn(</msg>
<msg time="2024-04-19T17:12:54.164680" level="INFO">${response} = &lt;Response [200]&gt;</msg>
<var>${response}</var>
<arg>consultarAPI</arg>
<arg>/api</arg>
<doc>Sends a GET request on a previously created HTTP Session.</doc>
<status status="PASS" start="2024-04-19T17:12:54.071206" elapsed="0.093519"/>
</kw>
<kw name="Set Variable" owner="BuiltIn">
<msg time="2024-04-19T17:12:54.165724" level="INFO">${json_data} = {'results': [{'gender': 'male', 'name': {'title': 'Mr', 'first': 'Frederick', 'last': 'Caldwell'}, 'location': {'street': {'number': 1176, 'name': 'Alexander Road'}, 'city': 'Ripon', 'state': 'Northam...</msg>
<var>${json_data}</var>
<arg>${response.json()}</arg>
<doc>Returns the given values which can then be assigned to a variables.</doc>
<status status="PASS" start="2024-04-19T17:12:54.165207" elapsed="0.000546"/>
</kw>
<kw name="Log" owner="BuiltIn">
<msg time="2024-04-19T17:12:54.166250" level="INFO">{'results': [{'gender': 'male', 'name': {'title': 'Mr', 'first': 'Frederick', 'last': 'Caldwell'}, 'location': {'street': {'number': 1176, 'name': 'Alexander Road'}, 'city': 'Ripon', 'state': 'Northamptonshire', 'country': 'United Kingdom', 'postcode': 'K04 6XB', 'coordinates': {'latitude': '-6.6445', 'longitude': '-45.8627'}, 'timezone': {'offset': '-3:30', 'description': 'Newfoundland'}}, 'email': 'frederick.caldwell@example.com', 'login': {'uuid': '51410bae-f29f-48c4-8e95-6a953c2e53ec', 'username': 'organicfrog448', 'password': 'tucker', 'salt': '9kJ7IWrG', 'md5': '50ae324cb7a2d6266a15144b7464ee7d', 'sha1': '4ce83858a02f46340ede167accec435b16c6dbc8', 'sha256': '1def26a3d802fa44509b19d91abd35bb63ec41b63005a96e6f5ca40556f1236f'}, 'dob': {'date': '1981-10-07T14:54:54.802Z', 'age': 42}, 'registered': {'date': '2013-10-22T14:06:31.315Z', 'age': 10}, 'phone': '016977 0359', 'cell': '07009 036877', 'id': {'name': 'NINO', 'value': 'HJ 62 53 60 P'}, 'picture': {'large': 'https://randomuser.me/api/portraits/men/33.jpg', 'medium': 'https://randomuser.me/api/portraits/med/men/33.jpg', 'thumbnail': 'https://randomuser.me/api/portraits/thumb/men/33.jpg'}, 'nat': 'GB'}], 'info': {'seed': '2a5b786ab87caad7', 'results': 1, 'page': 1, 'version': '1.4'}}</msg>
<arg>${json_data}</arg>
<doc>Logs the given message with the given level.</doc>
<status status="PASS" start="2024-04-19T17:12:54.166084" elapsed="0.000214"/>
</kw>
<kw name="Dictionary Should Contain Key" owner="Collections">
<msg time="2024-04-19T17:12:54.166794" level="INFO">False</msg>
<arg>${json_data}</arg>
<arg>results</arg>
<doc>Fails if ``key`` is not found from ``dictionary``.</doc>
<status status="PASS" start="2024-04-19T17:12:54.166599" elapsed="0.000240"/>
</kw>
<kw name="Should Not Be Empty" owner="BuiltIn">
<msg time="2024-04-19T17:12:54.167272" level="INFO">Length is 2.</msg>
<arg>${json_data}</arg>
<doc>Verifies that the given item is not empty.</doc>
<status status="PASS" start="2024-04-19T17:12:54.167138" elapsed="0.000344"/>
</kw>
<kw name="Create List" owner="BuiltIn">
<msg time="2024-04-19T17:12:54.167927" level="INFO">${expected_keys} = ['gender', 'name', 'location', 'email', 'login']</msg>
<var>${expected_keys}</var>
<arg>gender</arg>
<arg>name</arg>
<arg>location</arg>
<arg>email</arg>
<arg>login</arg>
<doc>Returns a list containing given items.</doc>
<status status="PASS" start="2024-04-19T17:12:54.167776" elapsed="0.000175"/>
</kw>
<for flavor="IN">
<iter>
<kw name="Dictionary Should Contain Key" owner="Collections">
<msg time="2024-04-19T17:12:54.168957" level="INFO">False</msg>
<arg>${json_data['results'][0]}</arg>
<arg>${key}</arg>
<doc>Fails if ``key`` is not found from ``dictionary``.</doc>
<status status="PASS" start="2024-04-19T17:12:54.168554" elapsed="0.000441"/>
</kw>
<kw name="Log" owner="BuiltIn">
<msg time="2024-04-19T17:12:54.169657" level="INFO">{'gender': 'male', 'name': {'title': 'Mr', 'first': 'Frederick', 'last': 'Caldwell'}, 'location': {'street': {'number': 1176, 'name': 'Alexander Road'}, 'city': 'Ripon', 'state': 'Northamptonshire', 'country': 'United Kingdom', 'postcode': 'K04 6XB', 'coordinates': {'latitude': '-6.6445', 'longitude': '-45.8627'}, 'timezone': {'offset': '-3:30', 'description': 'Newfoundland'}}, 'email': 'frederick.caldwell@example.com', 'login': {'uuid': '51410bae-f29f-48c4-8e95-6a953c2e53ec', 'username': 'organicfrog448', 'password': 'tucker', 'salt': '9kJ7IWrG', 'md5': '50ae324cb7a2d6266a15144b7464ee7d', 'sha1': '4ce83858a02f46340ede167accec435b16c6dbc8', 'sha256': '1def26a3d802fa44509b19d91abd35bb63ec41b63005a96e6f5ca40556f1236f'}, 'dob': {'date': '1981-10-07T14:54:54.802Z', 'age': 42}, 'registered': {'date': '2013-10-22T14:06:31.315Z', 'age': 10}, 'phone': '016977 0359', 'cell': '07009 036877', 'id': {'name': 'NINO', 'value': 'HJ 62 53 60 P'}, 'picture': {'large': 'https://randomuser.me/api/portraits/men/33.jpg', 'medium': 'https://randomuser.me/api/portraits/med/men/33.jpg', 'thumbnail': 'https://randomuser.me/api/portraits/thumb/men/33.jpg'}, 'nat': 'GB'}</msg>
<arg>${json_data['results'][0]}</arg>
<doc>Logs the given message with the given level.</doc>
<status status="PASS" start="2024-04-19T17:12:54.169294" elapsed="0.000412"/>
</kw>
<kw name="Log" owner="BuiltIn">
<msg time="2024-04-19T17:12:54.170124" level="INFO">gender</msg>
<arg>${key}</arg>
<doc>Logs the given message with the given level.</doc>
<status status="PASS" start="2024-04-19T17:12:54.169998" elapsed="0.000162"/>
</kw>
<var name="${key}">gender</var>
<status status="PASS" start="2024-04-19T17:12:54.168426" elapsed="0.001947"/>
</iter>
<iter>
<kw name="Dictionary Should Contain Key" owner="Collections">
<msg time="2024-04-19T17:12:54.171089" level="INFO">False</msg>
<arg>${json_data['results'][0]}</arg>
<arg>${key}</arg>
<doc>Fails if ``key`` is not found from ``dictionary``.</doc>
<status status="PASS" start="2024-04-19T17:12:54.170675" elapsed="0.000452"/>
</kw>
<kw name="Log" owner="BuiltIn">
<msg time="2024-04-19T17:12:54.171818" level="INFO">{'gender': 'male', 'name': {'title': 'Mr', 'first': 'Frederick', 'last': 'Caldwell'}, 'location': {'street': {'number': 1176, 'name': 'Alexander Road'}, 'city': 'Ripon', 'state': 'Northamptonshire', 'country': 'United Kingdom', 'postcode': 'K04 6XB', 'coordinates': {'latitude': '-6.6445', 'longitude': '-45.8627'}, 'timezone': {'offset': '-3:30', 'description': 'Newfoundland'}}, 'email': 'frederick.caldwell@example.com', 'login': {'uuid': '51410bae-f29f-48c4-8e95-6a953c2e53ec', 'username': 'organicfrog448', 'password': 'tucker', 'salt': '9kJ7IWrG', 'md5': '50ae324cb7a2d6266a15144b7464ee7d', 'sha1': '4ce83858a02f46340ede167accec435b16c6dbc8', 'sha256': '1def26a3d802fa44509b19d91abd35bb63ec41b63005a96e6f5ca40556f1236f'}, 'dob': {'date': '1981-10-07T14:54:54.802Z', 'age': 42}, 'registered': {'date': '2013-10-22T14:06:31.315Z', 'age': 10}, 'phone': '016977 0359', 'cell': '07009 036877', 'id': {'name': 'NINO', 'value': 'HJ 62 53 60 P'}, 'picture': {'large': 'https://randomuser.me/api/portraits/men/33.jpg', 'medium': 'https://randomuser.me/api/portraits/med/men/33.jpg', 'thumbnail': 'https://randomuser.me/api/portraits/thumb/men/33.jpg'}, 'nat': 'GB'}</msg>
<arg>${json_data['results'][0]}</arg>
<doc>Logs the given message with the given level.</doc>
<status status="PASS" start="2024-04-19T17:12:54.171461" elapsed="0.000405"/>
</kw>
<kw name="Log" owner="BuiltIn">
<msg time="2024-04-19T17:12:54.172282" level="INFO">name</msg>
<arg>${key}</arg>
<doc>Logs the given message with the given level.</doc>
<status status="PASS" start="2024-04-19T17:12:54.172156" elapsed="0.000163"/>
</kw>
<var name="${key}">name</var>
<status status="PASS" start="2024-04-19T17:12:54.170559" elapsed="0.001975"/>
</iter>
<iter>
<kw name="Dictionary Should Contain Key" owner="Collections">
<msg time="2024-04-19T17:12:54.173204" level="INFO">False</msg>
<arg>${json_data['results'][0]}</arg>
<arg>${key}</arg>
<doc>Fails if ``key`` is not found from ``dictionary``.</doc>
<status status="PASS" start="2024-04-19T17:12:54.172825" elapsed="0.000416"/>
</kw>
<kw name="Log" owner="BuiltIn">
<msg time="2024-04-19T17:12:54.173913" level="INFO">{'gender': 'male', 'name': {'title': 'Mr', 'first': 'Frederick', 'last': 'Caldwell'}, 'location': {'street': {'number': 1176, 'name': 'Alexander Road'}, 'city': 'Ripon', 'state': 'Northamptonshire', 'country': 'United Kingdom', 'postcode': 'K04 6XB', 'coordinates': {'latitude': '-6.6445', 'longitude': '-45.8627'}, 'timezone': {'offset': '-3:30', 'description': 'Newfoundland'}}, 'email': 'frederick.caldwell@example.com', 'login': {'uuid': '51410bae-f29f-48c4-8e95-6a953c2e53ec', 'username': 'organicfrog448', 'password': 'tucker', 'salt': '9kJ7IWrG', 'md5': '50ae324cb7a2d6266a15144b7464ee7d', 'sha1': '4ce83858a02f46340ede167accec435b16c6dbc8', 'sha256': '1def26a3d802fa44509b19d91abd35bb63ec41b63005a96e6f5ca40556f1236f'}, 'dob': {'date': '1981-10-07T14:54:54.802Z', 'age': 42}, 'registered': {'date': '2013-10-22T14:06:31.315Z', 'age': 10}, 'phone': '016977 0359', 'cell': '07009 036877', 'id': {'name': 'NINO', 'value': 'HJ 62 53 60 P'}, 'picture': {'large': 'https://randomuser.me/api/portraits/men/33.jpg', 'medium': 'https://randomuser.me/api/portraits/med/men/33.jpg', 'thumbnail': 'https://randomuser.me/api/portraits/thumb/men/33.jpg'}, 'nat': 'GB'}</msg>
<arg>${json_data['results'][0]}</arg>
<doc>Logs the given message with the given level.</doc>
<status status="PASS" start="2024-04-19T17:12:54.173544" elapsed="0.000416"/>
</kw>
<kw name="Log" owner="BuiltIn">
<msg time="2024-04-19T17:12:54.174376" level="INFO">location</msg>
<arg>${key}</arg>
<doc>Logs the given message with the given level.</doc>
<status status="PASS" start="2024-04-19T17:12:54.174251" elapsed="0.000162"/>
</kw>
<var name="${key}">location</var>
<status status="PASS" start="2024-04-19T17:12:54.172712" elapsed="0.001912"/>
</iter>
<iter>
<kw name="Dictionary Should Contain Key" owner="Collections">
<msg time="2024-04-19T17:12:54.175323" level="INFO">False</msg>
<arg>${json_data['results'][0]}</arg>
<arg>${key}</arg>
<doc>Fails if ``key`` is not found from ``dictionary``.</doc>
<status status="PASS" start="2024-04-19T17:12:54.174939" elapsed="0.000421"/>
</kw>
<kw name="Log" owner="BuiltIn">
<msg time="2024-04-19T17:12:54.176027" level="INFO">{'gender': 'male', 'name': {'title': 'Mr', 'first': 'Frederick', 'last': 'Caldwell'}, 'location': {'street': {'number': 1176, 'name': 'Alexander Road'}, 'city': 'Ripon', 'state': 'Northamptonshire', 'country': 'United Kingdom', 'postcode': 'K04 6XB', 'coordinates': {'latitude': '-6.6445', 'longitude': '-45.8627'}, 'timezone': {'offset': '-3:30', 'description': 'Newfoundland'}}, 'email': 'frederick.caldwell@example.com', 'login': {'uuid': '51410bae-f29f-48c4-8e95-6a953c2e53ec', 'username': 'organicfrog448', 'password': 'tucker', 'salt': '9kJ7IWrG', 'md5': '50ae324cb7a2d6266a15144b7464ee7d', 'sha1': '4ce83858a02f46340ede167accec435b16c6dbc8', 'sha256': '1def26a3d802fa44509b19d91abd35bb63ec41b63005a96e6f5ca40556f1236f'}, 'dob': {'date': '1981-10-07T14:54:54.802Z', 'age': 42}, 'registered': {'date': '2013-10-22T14:06:31.315Z', 'age': 10}, 'phone': '016977 0359', 'cell': '07009 036877', 'id': {'name': 'NINO', 'value': 'HJ 62 53 60 P'}, 'picture': {'large': 'https://randomuser.me/api/portraits/men/33.jpg', 'medium': 'https://randomuser.me/api/portraits/med/men/33.jpg', 'thumbnail': 'https://randomuser.me/api/portraits/thumb/men/33.jpg'}, 'nat': 'GB'}</msg>
<arg>${json_data['results'][0]}</arg>
<doc>Logs the given message with the given level.</doc>
<status status="PASS" start="2024-04-19T17:12:54.175658" elapsed="0.000429"/>
</kw>
<kw name="Log" owner="BuiltIn">
<msg time="2024-04-19T17:12:54.176510" level="INFO">email</msg>
<arg>${key}</arg>
<doc>Logs the given message with the given level.</doc>
<status status="PASS" start="2024-04-19T17:12:54.176386" elapsed="0.000161"/>
</kw>
<var name="${key}">email</var>
<status status="PASS" start="2024-04-19T17:12:54.174828" elapsed="0.001931"/>
</iter>
<iter>
<kw name="Dictionary Should Contain Key" owner="Collections">
<msg time="2024-04-19T17:12:54.177418" level="INFO">False</msg>
<arg>${json_data['results'][0]}</arg>
<arg>${key}</arg>
<doc>Fails if ``key`` is not found from ``dictionary``.</doc>
<status status="PASS" start="2024-04-19T17:12:54.177039" elapsed="0.000416"/>
</kw>
<kw name="Log" owner="BuiltIn">
<msg time="2024-04-19T17:12:54.178108" level="INFO">{'gender': 'male', 'name': {'title': 'Mr', 'first': 'Frederick', 'last': 'Caldwell'}, 'location': {'street': {'number': 1176, 'name': 'Alexander Road'}, 'city': 'Ripon', 'state': 'Northamptonshire', 'country': 'United Kingdom', 'postcode': 'K04 6XB', 'coordinates': {'latitude': '-6.6445', 'longitude': '-45.8627'}, 'timezone': {'offset': '-3:30', 'description': 'Newfoundland'}}, 'email': 'frederick.caldwell@example.com', 'login': {'uuid': '51410bae-f29f-48c4-8e95-6a953c2e53ec', 'username': 'organicfrog448', 'password': 'tucker', 'salt': '9kJ7IWrG', 'md5': '50ae324cb7a2d6266a15144b7464ee7d', 'sha1': '4ce83858a02f46340ede167accec435b16c6dbc8', 'sha256': '1def26a3d802fa44509b19d91abd35bb63ec41b63005a96e6f5ca40556f1236f'}, 'dob': {'date': '1981-10-07T14:54:54.802Z', 'age': 42}, 'registered': {'date': '2013-10-22T14:06:31.315Z', 'age': 10}, 'phone': '016977 0359', 'cell': '07009 036877', 'id': {'name': 'NINO', 'value': 'HJ 62 53 60 P'}, 'picture': {'large': 'https://randomuser.me/api/portraits/men/33.jpg', 'medium': 'https://randomuser.me/api/portraits/med/men/33.jpg', 'thumbnail': 'https://randomuser.me/api/portraits/thumb/men/33.jpg'}, 'nat': 'GB'}</msg>
<arg>${json_data['results'][0]}</arg>
<doc>Logs the given message with the given level.</doc>
<status status="PASS" start="2024-04-19T17:12:54.177744" elapsed="0.000411"/>
</kw>
<kw name="Log" owner="BuiltIn">
<msg time="2024-04-19T17:12:54.178777" level="INFO">login</msg>
<arg>${key}</arg>
<doc>Logs the given message with the given level.</doc>
<status status="PASS" start="2024-04-19T17:12:54.178567" elapsed="0.000273"/>
</kw>
<var name="${key}">login</var>
<status status="PASS" start="2024-04-19T17:12:54.176930" elapsed="0.002186"/>
</iter>
<var>${key}</var>
<value>@{expected_keys}</value>
<status status="PASS" start="2024-04-19T17:12:54.168211" elapsed="0.011030"/>
</for>
<kw name="Create List" owner="BuiltIn">
<msg time="2024-04-19T17:12:54.179571" level="INFO">${expected_keysTwo} = ['username', 'password']</msg>
<var>${expected_keysTwo}</var>
<arg>username</arg>
<arg>password</arg>
<doc>Returns a list containing given items.</doc>
<status status="PASS" start="2024-04-19T17:12:54.179434" elapsed="0.000161"/>
</kw>
<for flavor="IN">
<iter>
<kw name="Dictionary Should Contain Key" owner="Collections">
<msg time="2024-04-19T17:12:54.180487" level="INFO">False</msg>
<arg>${json_data['results'][0]['login']}</arg>
<arg>${keyTwo}</arg>
<doc>Fails if ``key`` is not found from ``dictionary``.</doc>
<status status="PASS" start="2024-04-19T17:12:54.180099" elapsed="0.000426"/>
</kw>
<kw name="Dictionary Should Contain Key" owner="Collections">
<msg time="2024-04-19T17:12:54.181194" level="INFO">False</msg>
<arg>${json_data['results'][0]['login']}</arg>
<arg>${keyTwo}</arg>
<doc>Fails if ``key`` is not found from ``dictionary``.</doc>
<status status="PASS" start="2024-04-19T17:12:54.180815" elapsed="0.000415"/>
</kw>
<kw name="Log" owner="BuiltIn">
<msg time="2024-04-19T17:12:54.181640" level="INFO">username</msg>
<arg>${keyTwo}</arg>
<doc>Logs the given message with the given level.</doc>
<status status="PASS" start="2024-04-19T17:12:54.181515" elapsed="0.000168"/>
</kw>
<var name="${keyTwo}">username</var>
<status status="PASS" start="2024-04-19T17:12:54.179989" elapsed="0.001909"/>
</iter>
<iter>
<kw name="Dictionary Should Contain Key" owner="Collections">
<msg time="2024-04-19T17:12:54.182638" level="INFO">False</msg>
<arg>${json_data['results'][0]['login']}</arg>
<arg>${keyTwo}</arg>
<doc>Fails if ``key`` is not found from ``dictionary``.</doc>
<status status="PASS" start="2024-04-19T17:12:54.182175" elapsed="0.000511"/>
</kw>
<kw name="Dictionary Should Contain Key" owner="Collections">
<msg time="2024-04-19T17:12:54.183418" level="INFO">False</msg>
<arg>${json_data['results'][0]['login']}</arg>
<arg>${keyTwo}</arg>
<doc>Fails if ``key`` is not found from ``dictionary``.</doc>
<status status="PASS" start="2024-04-19T17:12:54.183026" elapsed="0.000428"/>
</kw>
<kw name="Log" owner="BuiltIn">
<msg time="2024-04-19T17:12:54.183870" level="INFO">password</msg>
<arg>${keyTwo}</arg>
<doc>Logs the given message with the given level.</doc>
<status status="PASS" start="2024-04-19T17:12:54.183745" elapsed="0.000161"/>
</kw>
<var name="${keyTwo}">password</var>
<status status="PASS" start="2024-04-19T17:12:54.182067" elapsed="0.002053"/>
</iter>
<var>${keyTwo}</var>
<value>@{expected_keysTwo}</value>
<status status="PASS" start="2024-04-19T17:12:54.179833" elapsed="0.004406"/>
</for>
<status status="PASS" start="2024-04-19T17:12:54.070963" elapsed="0.113413"/>
</kw>
<doc>Testa a estrutura da resposta da API.</doc>
<tag>testeEstruturaResposta</tag>
<status status="PASS" start="2024-04-19T17:12:54.070412" elapsed="0.114119"/>
</test>
<test id="s1-s1-t4" name="Validar tipos de dados" line="28">
<kw name="Teste de Tipos de Dados" owner="random-user-service">
<kw name="GET On Session" owner="RequestsLibrary">
<msg time="2024-04-19T17:12:54.295585" level="INFO">GET Request : url=https://randomuser.me/api 
 path_url=/api 
 headers={'User-Agent': 'python-requests/2.31.0', 'Accept-Encoding': 'gzip, deflate', 'Accept': '*/*', 'Connection': 'keep-alive'} 
 body=None 
 </msg>
<msg time="2024-04-19T17:12:54.295673" level="INFO">GET Response : url=https://randomuser.me/api 
 status=200, reason=OK 
 headers={'Date': 'Fri, 19 Apr 2024 17:12:54 GMT', 'Content-Type': 'application/json; charset=utf-8', 'Transfer-Encoding': 'chunked', 'Connection': 'keep-alive', 'X-Powered-By': 'Express', 'Access-Control-Allow-Origin': '*', 'Cache-Control': 'no-cache', 'ETag': 'W/"46c-w/GoKruUpOSxT11UFcYpGPLNWwI"', 'Vary': 'Accept-Encoding', 'Content-Encoding': 'gzip', 'CF-Cache-Status': 'DYNAMIC', 'Report-To': '{"endpoints":[{"url":"https:\\/\\/a.nel.cloudflare.com\\/report\\/v4?s=zY173raC%2BftbljVe3Jw4djbvnmhjX0N%2FA%2F2sJMIFARWGTVg5myuHn3mPTsJOcqUUYCG2%2B66OdrJ2y%2F1bz%2FP%2BfoOoo21RXxVbWREubLhlIeRkyZ8GK1VV1EUbAUJldL0D"}],"group":"cf-nel","max_age":604800}', 'NEL': '{"success_fraction":0,"report_to":"cf-nel","max_age":604800}', 'Server': 'cloudflare', 'CF-RAY': '876e85aabf5d818c-IAD', 'alt-svc': 'h3=":443"; ma=86400'} 
 body={"results":[{"gender":"male","name":{"title":"Mr","first":"Magnus","last":"Jørgensen"},"location":{"street":{"number":6102,"name":"Tingvej"},"city":"Lundby","state":"Danmark","country":"Denmark","postcode":20371,"coordinates":{"latitude":"-46.7624","longitude":"-8.7569"},"timezone":{"offset":"-2:00","description":"Mid-Atlantic"}},"email":"magnus.jorgensen@example.com","login":{"uuid":"8569d701-6066-4682-bfad-d20c4a8ee682","username":"purplesnake880","password":"wilder","salt":"yazxAHh8","md5":"5610daa58a99aea4295cae02125678c0","sha1":"cabe3d04491b787948593c1a21960532c0a5c203","sha256":"6e4308afcd1bf5f7514a7bb9a26853a94afd9456f471dcc0ff2f4de56f494dc4"},"dob":{"date":"1952-03-13T04:01:22.751Z","age":72},"registered":{"date":"2002-06-29T19:23:12.956Z","age":21},"phone":"26589451","cell":"07419105","id":{"name":"CPR","value":"120352-1472"},"picture":{"large":"https://randomuser.me/api/portraits/men/75.jpg","medium":"https://randomuser.me/api/portraits/med/men/75.jpg","thumbnail":"https://randomuser.me/api/portraits/thumb/men/75.jpg"},"nat":"DK"}],"info":{"seed":"d293e7e66c32624a","results":1,"page":1,"version":"1.4"}} 
 </msg>
<msg time="2024-04-19T17:12:54.295746" level="INFO">/opt/hostedtoolcache/Python/3.12.3/x64/lib/python3.12/site-packages/urllib3/connectionpool.py:1103: InsecureRequestWarning: Unverified HTTPS request is being made to host 'randomuser.me'. Adding certificate verification is strongly advised. See: https://urllib3.readthedocs.io/en/latest/advanced-usage.html#tls-warnings
  warnings.warn(</msg>
<msg time="2024-04-19T17:12:54.295879" level="INFO">${response} = &lt;Response [200]&gt;</msg>
<var>${response}</var>
<arg>consultarAPI</arg>
<arg>/api</arg>
<doc>Sends a GET request on a previously created HTTP Session.</doc>
<status status="PASS" start="2024-04-19T17:12:54.187070" elapsed="0.108852"/>
</kw>
<kw name="Set Variable" owner="BuiltIn">
<msg time="2024-04-19T17:12:54.296945" level="INFO">${json_data} = {'results': [{'gender': 'male', 'name': {'title': 'Mr', 'first': 'Magnus', 'last': 'Jørgensen'}, 'location': {'street': {'number': 6102, 'name': 'Tingvej'}, 'city': 'Lundby', 'state': 'Danmark', 'coun...</msg>
<var>${json_data}</var>
<arg>${response.json()}</arg>
<doc>Returns the given values which can then be assigned to a variables.</doc>
<status status="PASS" start="2024-04-19T17:12:54.296426" elapsed="0.000549"/>
</kw>
<kw name="Log" owner="BuiltIn">
<msg time="2024-04-19T17:12:54.297472" level="INFO">{'results': [{'gender': 'male', 'name': {'title': 'Mr', 'first': 'Magnus', 'last': 'Jørgensen'}, 'location': {'street': {'number': 6102, 'name': 'Tingvej'}, 'city': 'Lundby', 'state': 'Danmark', 'country': 'Denmark', 'postcode': 20371, 'coordinates': {'latitude': '-46.7624', 'longitude': '-8.7569'}, 'timezone': {'offset': '-2:00', 'description': 'Mid-Atlantic'}}, 'email': 'magnus.jorgensen@example.com', 'login': {'uuid': '8569d701-6066-4682-bfad-d20c4a8ee682', 'username': 'purplesnake880', 'password': 'wilder', 'salt': 'yazxAHh8', 'md5': '5610daa58a99aea4295cae02125678c0', 'sha1': 'cabe3d04491b787948593c1a21960532c0a5c203', 'sha256': '6e4308afcd1bf5f7514a7bb9a26853a94afd9456f471dcc0ff2f4de56f494dc4'}, 'dob': {'date': '1952-03-13T04:01:22.751Z', 'age': 72}, 'registered': {'date': '2002-06-29T19:23:12.956Z', 'age': 21}, 'phone': '26589451', 'cell': '07419105', 'id': {'name': 'CPR', 'value': '120352-1472'}, 'picture': {'large': 'https://randomuser.me/api/portraits/men/75.jpg', 'medium': 'https://randomuser.me/api/portraits/med/men/75.jpg', 'thumbnail': 'https://randomuser.me/api/portraits/thumb/men/75.jpg'}, 'nat': 'DK'}], 'info': {'seed': 'd293e7e66c32624a', 'results': 1, 'page': 1, 'version': '1.4'}}</msg>
<arg>${json_data}</arg>
<doc>Logs the given message with the given level.</doc>
<status status="PASS" start="2024-04-19T17:12:54.297305" elapsed="0.000252"/>
</kw>
<kw name="Should Be String" owner="String">
<arg>${json_data['results'][0]['gender']}</arg>
<doc>Fails if the given ``item`` is not a string.</doc>
<status status="PASS" start="2024-04-19T17:12:54.297864" elapsed="0.000361"/>
</kw>
<kw name="Should Match Regexp" owner="BuiltIn">
<arg>${json_data['results'][0]['email']}</arg>
<arg>^[a-zA-Z0-9._%+-]+@[a-zA-Z0-9.-]+\.[a-zA-Z]{2,}$</arg>
<doc>Fails if ``string`` does not match ``pattern`` as a regular expression.</doc>
<status status="PASS" start="2024-04-19T17:12:54.298418" elapsed="0.000565"/>
</kw>
<kw name="Should Match Regexp" owner="BuiltIn">
<arg>${json_data['results'][0]['dob']['date']}</arg>
<arg>\\d{4}-\\d{2}-\\d{2}T\\d{2}:\\d{2}:\\d{2}\\.\\d{3}Z</arg>
<doc>Fails if ``string`` does not match ``pattern`` as a regular expression.</doc>
<status status="PASS" start="2024-04-19T17:12:54.299182" elapsed="0.000491"/>
</kw>
<kw name="Should Match Regexp" owner="BuiltIn">
<arg>${json_data['results'][0]['registered']['date']}</arg>
<arg>\\d{4}-\\d{2}-\\d{2}T\\d{2}:\\d{2}:\\d{2}\\.\\d{3}Z</arg>
<doc>Fails if ``string`` does not match ``pattern`` as a regular expression.</doc>
<status status="PASS" start="2024-04-19T17:12:54.299865" elapsed="0.000367"/>
</kw>
<kw name="Should Match Regexp" owner="BuiltIn">
<arg>${json_data['results'][0]['picture']['large']}</arg>
<arg>^https?://.*\.(?:png|jpe?g|gif|bmp)$</arg>
<doc>Fails if ``string`` does not match ``pattern`` as a regular expression.</doc>
<status status="PASS" start="2024-04-19T17:12:54.300422" elapsed="0.000454"/>
</kw>
<kw name="Should Match Regexp" owner="BuiltIn">
<arg>${json_data['results'][0]['picture']['medium']}</arg>
<arg>^https?://.*\.(?:png|jpe?g|gif|bmp)$</arg>
<doc>Fails if ``string`` does not match ``pattern`` as a regular expression.</doc>
<status status="PASS" start="2024-04-19T17:12:54.301061" elapsed="0.000353"/>
</kw>
<kw name="Should Match Regexp" owner="BuiltIn">
<arg>${json_data['results'][0]['picture']['thumbnail']}</arg>
<arg>^https?://.*\.(?:png|jpe?g|gif|bmp)$</arg>
<doc>Fails if ``string`` does not match ``pattern`` as a regular expression.</doc>
<status status="PASS" start="2024-04-19T17:12:54.301601" elapsed="0.000355"/>
</kw>
<kw name="Log" owner="BuiltIn">
<msg time="2024-04-19T17:12:54.302456" level="INFO">{'large': 'https://randomuser.me/api/portraits/men/75.jpg', 'medium': 'https://randomuser.me/api/portraits/med/men/75.jpg', 'thumbnail': 'https://randomuser.me/api/portraits/thumb/men/75.jpg'}</msg>
<arg>${json_data['results'][0]['picture']}</arg>
<doc>Logs the given message with the given level.</doc>
<status status="PASS" start="2024-04-19T17:12:54.302136" elapsed="0.000361"/>
</kw>
<status status="PASS" start="2024-04-19T17:12:54.186828" elapsed="0.115959"/>
</kw>
<kw name="Teste de Tipos de Dados - Postcode" owner="random-user-service">
<kw name="GET On Session" owner="RequestsLibrary">
<msg time="2024-04-19T17:12:54.359884" level="INFO">GET Request : url=https://randomuser.me/api 
 path_url=/api 
 headers={'User-Agent': 'python-requests/2.31.0', 'Accept-Encoding': 'gzip, deflate', 'Accept': '*/*', 'Connection': 'keep-alive'} 
 body=None 
 </msg>
<msg time="2024-04-19T17:12:54.359965" level="INFO">GET Response : url=https://randomuser.me/api 
 status=200, reason=OK 
 headers={'Date': 'Fri, 19 Apr 2024 17:12:54 GMT', 'Content-Type': 'application/json; charset=utf-8', 'Transfer-Encoding': 'chunked', 'Connection': 'keep-alive', 'X-Powered-By': 'Express', 'Access-Control-Allow-Origin': '*', 'Cache-Control': 'no-cache', 'ETag': 'W/"477-FCdDyxbf88k3nT2iAtB5K9XJUCo"', 'Vary': 'Accept-Encoding', 'Content-Encoding': 'gzip', 'CF-Cache-Status': 'DYNAMIC', 'Report-To': '{"endpoints":[{"url":"https:\\/\\/a.nel.cloudflare.com\\/report\\/v4?s=QvjVbKJ%2FlpvQ1nJjcUdJ98ZEOUwE78LmdYwyxOIxyGuPpEJmza9szF9BP4My%2BbwLmHt9m8NQAf2mW6mkN6eoo%2FpI65rdWuD%2BI2szkX77TvcxhhGgeE%2F39SiOnS3PbKyi"}],"group":"cf-nel","max_age":604800}', 'NEL': '{"success_fraction":0,"report_to":"cf-nel","max_age":604800}', 'Server': 'cloudflare', 'CF-RAY': '876e85ab6894818c-IAD', 'alt-svc': 'h3=":443"; ma=86400'} 
 body={"results":[{"gender":"male","name":{"title":"Mr","first":"Jimmie","last":"Price"},"location":{"street":{"number":2494,"name":"Bruce St"},"city":"Red Oak","state":"Montana","country":"United States","postcode":66822,"coordinates":{"latitude":"85.0673","longitude":"-93.2033"},"timezone":{"offset":"+5:45","description":"Kathmandu"}},"email":"jimmie.price@example.com","login":{"uuid":"8bc31b8a-26e7-424d-a90b-023d59ad95cd","username":"angrypeacock128","password":"mandrake","salt":"jx5EkrY3","md5":"bb9fe994b148728f71255eb8ab4050c1","sha1":"dd6b1d4d8475e1c8873413c95ea7b61833542454","sha256":"7998bfc08faced95adc42fb318b97553fd6a173aa9df925adde1d9c1f0298a91"},"dob":{"date":"1953-11-27T20:07:03.089Z","age":70},"registered":{"date":"2006-03-11T00:52:43.476Z","age":18},"phone":"(466) 853-7839","cell":"(582) 910-1735","id":{"name":"SSN","value":"837-66-9388"},"picture":{"large":"https://randomuser.me/api/portraits/men/85.jpg","medium":"https://randomuser.me/api/portraits/med/men/85.jpg","thumbnail":"https://randomuser.me/api/portraits/thumb/men/85.jpg"},"nat":"US"}],"info":{"seed":"c632fd1af9856910","results":1,"page":1,"version":"1.4"}} 
 </msg>
<msg time="2024-04-19T17:12:54.360041" level="INFO">/opt/hostedtoolcache/Python/3.12.3/x64/lib/python3.12/site-packages/urllib3/connectionpool.py:1103: InsecureRequestWarning: Unverified HTTPS request is being made to host 'randomuser.me'. Adding certificate verification is strongly advised. See: https://urllib3.readthedocs.io/en/latest/advanced-usage.html#tls-warnings
  warnings.warn(</msg>
<msg time="2024-04-19T17:12:54.360177" level="INFO">${response} = &lt;Response [200]&gt;</msg>
<var>${response}</var>
<arg>consultarAPI</arg>
<arg>/api</arg>
<doc>Sends a GET request on a previously created HTTP Session.</doc>
<status status="PASS" start="2024-04-19T17:12:54.303252" elapsed="0.056972"/>
</kw>
<kw name="Set Variable" owner="BuiltIn">
<msg time="2024-04-19T17:12:54.361119" level="INFO">${json_data} = {'results': [{'gender': 'male', 'name': {'title': 'Mr', 'first': 'Jimmie', 'last': 'Price'}, 'location': {'street': {'number': 2494, 'name': 'Bruce St'}, 'city': 'Red Oak', 'state': 'Montana', 'countr...</msg>
<var>${json_data}</var>
<arg>${response.json()}</arg>
<doc>Returns the given values which can then be assigned to a variables.</doc>
<status status="PASS" start="2024-04-19T17:12:54.360647" elapsed="0.000501"/>
</kw>
<kw name="Log" owner="BuiltIn">
<msg time="2024-04-19T17:12:54.361621" level="INFO">{'results': [{'gender': 'male', 'name': {'title': 'Mr', 'first': 'Jimmie', 'last': 'Price'}, 'location': {'street': {'number': 2494, 'name': 'Bruce St'}, 'city': 'Red Oak', 'state': 'Montana', 'country': 'United States', 'postcode': 66822, 'coordinates': {'latitude': '85.0673', 'longitude': '-93.2033'}, 'timezone': {'offset': '+5:45', 'description': 'Kathmandu'}}, 'email': 'jimmie.price@example.com', 'login': {'uuid': '8bc31b8a-26e7-424d-a90b-023d59ad95cd', 'username': 'angrypeacock128', 'password': 'mandrake', 'salt': 'jx5EkrY3', 'md5': 'bb9fe994b148728f71255eb8ab4050c1', 'sha1': 'dd6b1d4d8475e1c8873413c95ea7b61833542454', 'sha256': '7998bfc08faced95adc42fb318b97553fd6a173aa9df925adde1d9c1f0298a91'}, 'dob': {'date': '1953-11-27T20:07:03.089Z', 'age': 70}, 'registered': {'date': '2006-03-11T00:52:43.476Z', 'age': 18}, 'phone': '(466) 853-7839', 'cell': '(582) 910-1735', 'id': {'name': 'SSN', 'value': '837-66-9388'}, 'picture': {'large': 'https://randomuser.me/api/portraits/men/85.jpg', 'medium': 'https://randomuser.me/api/portraits/med/men/85.jpg', 'thumbnail': 'https://randomuser.me/api/portraits/thumb/men/85.jpg'}, 'nat': 'US'}], 'info': {'seed': 'c632fd1af9856910', 'results': 1, 'page': 1, 'version': '1.4'}}</msg>
<arg>${json_data}</arg>
<doc>Logs the given message with the given level.</doc>
<status status="PASS" start="2024-04-19T17:12:54.361469" elapsed="0.000229"/>
</kw>
<kw name="Should Be Equal As Numbers" owner="BuiltIn">
<arg>${json_data['results'][0]['location']['postcode']}</arg>
<arg>${json_data['results'][0]['location']['postcode']}</arg>
<doc>Fails if objects are unequal after converting them to real numbers.</doc>
<status status="PASS" start="2024-04-19T17:12:54.362150" elapsed="0.000658"/>
</kw>
<kw name="Log" owner="BuiltIn">
<msg time="2024-04-19T17:12:54.363339" level="INFO">66822</msg>
<arg>${json_data['results'][0]['location']['postcode']}</arg>
<doc>Logs the given message with the given level.</doc>
<status status="PASS" start="2024-04-19T17:12:54.363004" elapsed="0.000375"/>
</kw>
<status status="PASS" start="2024-04-19T17:12:54.303018" elapsed="0.060612"/>
</kw>
<doc>Testa se os tipos de dados na resposta da API estão corretos.</doc>
<tag>testeTiposDados</tag>
<status status="PASS" start="2024-04-19T17:12:54.186315" elapsed="0.177477"/>
</test>
<test id="s1-s1-t5" name="Validar conteudo" line="35">
<kw name="Teste de Tipos de Conteudo" owner="random-user-service">
<kw name="GET On Session" owner="RequestsLibrary">
<msg time="2024-04-19T17:12:54.461871" level="INFO">GET Request : url=https://randomuser.me/api 
 path_url=/api 
 headers={'User-Agent': 'python-requests/2.31.0', 'Accept-Encoding': 'gzip, deflate', 'Accept': '*/*', 'Connection': 'keep-alive'} 
 body=None 
 </msg>
<msg time="2024-04-19T17:12:54.461948" level="INFO">GET Response : url=https://randomuser.me/api 
 status=200, reason=OK 
 headers={'Date': 'Fri, 19 Apr 2024 17:12:54 GMT', 'Content-Type': 'application/json; charset=utf-8', 'Transfer-Encoding': 'chunked', 'Connection': 'keep-alive', 'X-Powered-By': 'Express', 'Access-Control-Allow-Origin': '*', 'Cache-Control': 'no-cache', 'ETag': 'W/"494-6KX9waAupUz9ZVs3aMb8jhOUC7Q"', 'Vary': 'Accept-Encoding', 'Content-Encoding': 'gzip', 'CF-Cache-Status': 'DYNAMIC', 'Report-To': '{"endpoints":[{"url":"https:\\/\\/a.nel.cloudflare.com\\/report\\/v4?s=852%2B4RsF7u3Ge5j67YGhBY0Ie2N1LdvnyD1pxGySIxpddSTWxLNsgXlXHHpcQ6QdTx%2BqVZ%2BIWdgJ3QSRaDfVCwdF%2FJWM64Ig5OelJE3GXGielgv9%2FDermLMd5QoJSfLt"}],"group":"cf-nel","max_age":604800}', 'NEL': '{"success_fraction":0,"report_to":"cf-nel","max_age":604800}', 'Server': 'cloudflare', 'CF-RAY': '876e85abd958818c-IAD', 'alt-svc': 'h3=":443"; ma=86400'} 
 body={"results":[{"gender":"female","name":{"title":"Miss","first":"Jasmine","last":"Haraldsen"},"location":{"street":{"number":1800,"name":"Kalbakkstubben"},"city":"Otnes","state":"Oppland","country":"Norway","postcode":"8724","coordinates":{"latitude":"47.0725","longitude":"37.2999"},"timezone":{"offset":"-6:00","description":"Central Time (US &amp; Canada), Mexico City"}},"email":"jasmine.haraldsen@example.com","login":{"uuid":"74232698-64ff-4535-a291-ecdd3ffba8f9","username":"bigtiger816","password":"minemine","salt":"s89tluNj","md5":"f2b5854257ed6efd9d647ca5ac7e3d38","sha1":"38ccca10ea64fef9bbdb7d46cdf629152f611d6b","sha256":"22ddca69c980cf7acec96714fd780d23b75e9468493c1d0fcd9b749bf250e3ab"},"dob":{"date":"1992-09-20T18:53:43.198Z","age":31},"registered":{"date":"2019-09-28T14:49:04.493Z","age":4},"phone":"89665966","cell":"95918469","id":{"name":"FN","value":"20099229668"},"picture":{"large":"https://randomuser.me/api/portraits/women/24.jpg","medium":"https://randomuser.me/api/portraits/med/women/24.jpg","thumbnail":"https://randomuser.me/api/portraits/thumb/women/24.jpg"},"nat":"NO"}],"info":{"seed":"eee6b5cb17e25258","results":1,"page":1,"version":"1.4"}} 
 </msg>
<msg time="2024-04-19T17:12:54.462023" level="INFO">/opt/hostedtoolcache/Python/3.12.3/x64/lib/python3.12/site-packages/urllib3/connectionpool.py:1103: InsecureRequestWarning: Unverified HTTPS request is being made to host 'randomuser.me'. Adding certificate verification is strongly advised. See: https://urllib3.readthedocs.io/en/latest/advanced-usage.html#tls-warnings
  warnings.warn(</msg>
<msg time="2024-04-19T17:12:54.462142" level="INFO">${response} = &lt;Response [200]&gt;</msg>
<var>${response}</var>
<arg>consultarAPI</arg>
<arg>/api</arg>
<doc>Sends a GET request on a previously created HTTP Session.</doc>
<status status="PASS" start="2024-04-19T17:12:54.366222" elapsed="0.095969"/>
</kw>
<kw name="Set Variable" owner="BuiltIn">
<msg time="2024-04-19T17:12:54.463488" level="INFO">${json_data} = {'results': [{'gender': 'female', 'name': {'title': 'Miss', 'first': 'Jasmine', 'last': 'Haraldsen'}, 'location': {'street': {'number': 1800, 'name': 'Kalbakkstubben'}, 'city': 'Otnes', 'state': 'Oppl...</msg>
<var>${json_data}</var>
<arg>${response.json()}</arg>
<doc>Returns the given values which can then be assigned to a variables.</doc>
<status status="PASS" start="2024-04-19T17:12:54.462820" elapsed="0.000698"/>
</kw>
<kw name="Set Variable" owner="BuiltIn">
<msg time="2024-04-19T17:12:54.464210" level="INFO">${name_title} = Miss</msg>
<var>${name_title}</var>
<arg>${json_data["results"][0]["name"]["title"]}</arg>
<doc>Returns the given values which can then be assigned to a variables.</doc>
<status status="PASS" start="2024-04-19T17:12:54.463825" elapsed="0.000411"/>
</kw>
<kw name="Create List" owner="BuiltIn">
<msg time="2024-04-19T17:12:54.464679" level="INFO">${allowed_titles} = ['Mr', 'Ms', 'Miss', 'Mrs', 'Madame', 'Monsieur']</msg>
<var>${allowed_titles}</var>
<arg>Mr</arg>
<arg>Ms</arg>
<arg>Miss</arg>
<arg>Mrs</arg>
<arg>Madame</arg>
<arg>Monsieur</arg>
<doc>Returns a list containing given items.</doc>
<status status="PASS" start="2024-04-19T17:12:54.464531" elapsed="0.000172"/>
</kw>
<kw name="List Should Contain Value" owner="Collections">
<msg time="2024-04-19T17:12:54.465171" level="INFO">False</msg>
<arg>${allowed_titles}</arg>
<arg>${name_title}</arg>
<doc>Fails if the ``value`` is not found from ``list``.</doc>
<status status="PASS" start="2024-04-19T17:12:54.464999" elapsed="0.000209"/>
</kw>
<kw name="Set Variable" owner="BuiltIn">
<msg time="2024-04-19T17:12:54.465873" level="INFO">${name_country} = NO</msg>
<var>${name_country}</var>
<arg>${json_data["results"][0]["nat"]}</arg>
<doc>Returns the given values which can then be assigned to a variables.</doc>
<status status="PASS" start="2024-04-19T17:12:54.465491" elapsed="0.000407"/>
</kw>
<kw name="Create List" owner="BuiltIn">
<msg time="2024-04-19T17:12:54.466823" level="INFO">${list_country} = ['AD', 'AE', 'AF', 'AG', 'AI', 'AL', 'AM', 'AO', 'AQ', 'AR', 'AS', 'AT', 'AU', 'AW', 'AX', 'AZ', 'BA', 'BB', 'BD', 'BE', 'BF', 'BG', 'BH', 'BI', 'BJ', 'BL', 'BM', 'BN', 'BO', 'BQ', 'BR', 'BS', 'BT', '...</msg>
<var>${list_country}</var>
<arg>AD</arg>
<arg>AE</arg>
<arg>AF</arg>
<arg>AG</arg>
<arg>AI</arg>
<arg>AL</arg>
<arg>AM</arg>
<arg>AO</arg>
<arg>AQ</arg>
<arg>AR</arg>
<arg>AS</arg>
<arg>AT</arg>
<arg>AU</arg>
<arg>AW</arg>
<arg>AX</arg>
<arg>AZ</arg>
<arg>BA</arg>
<arg>BB</arg>
<arg>BD</arg>
<arg>BE</arg>
<arg>BF</arg>
<arg>BG</arg>
<arg>BH</arg>
<arg>BI</arg>
<arg>BJ</arg>
<arg>BL</arg>
<arg>BM</arg>
<arg>BN</arg>
<arg>BO</arg>
<arg>BQ</arg>
<arg>BR</arg>
<arg>BS</arg>
<arg>BT</arg>
<arg>BV</arg>
<arg>BW</arg>
<arg>BY</arg>
<arg>BZ</arg>
<arg>CA</arg>
<arg>CC</arg>
<arg>CD</arg>
<arg>CF</arg>
<arg>CG</arg>
<arg>CH</arg>
<arg>CI</arg>
<arg>CK</arg>
<arg>CL</arg>
<arg>CM</arg>
<arg>CN</arg>
<arg>CO</arg>
<arg>CR</arg>
<arg>CU</arg>
<arg>CV</arg>
<arg>CW</arg>
<arg>CX</arg>
<arg>CY</arg>
<arg>CZ</arg>
<arg>DE</arg>
<arg>DJ</arg>
<arg>DK</arg>
<arg>DM</arg>
<arg>DO</arg>
<arg>DZ</arg>
<arg>EC</arg>
<arg>EE</arg>
<arg>EG</arg>
<arg>EH</arg>
<arg>ER</arg>
<arg>ES</arg>
<arg>ET</arg>
<arg>FI</arg>
<arg>FJ</arg>
<arg>FK</arg>
<arg>FM</arg>
<arg>FO</arg>
<arg>FR</arg>
<arg>GA</arg>
<arg>GB</arg>
<arg>GD</arg>
<arg>GE</arg>
<arg>GF</arg>
<arg>GG</arg>
<arg>GH</arg>
<arg>GI</arg>
<arg>GL</arg>
<arg>GM</arg>
<arg>GN</arg>
<arg>GP</arg>
<arg>GQ</arg>
<arg>GR</arg>
<arg>GS</arg>
<arg>GT</arg>
<arg>GU</arg>
<arg>GW</arg>
<arg>GY</arg>
<arg>HK</arg>
<arg>HM</arg>
<arg>HN</arg>
<arg>HR</arg>
<arg>HT</arg>
<arg>HU</arg>
<arg>ID</arg>
<arg>IE</arg>
<arg>IL</arg>
<arg>IM</arg>
<arg>IN</arg>
<arg>IO</arg>
<arg>IQ</arg>
<arg>IR</arg>
<arg>IS</arg>
<arg>IT</arg>
<arg>JE</arg>
<arg>JM</arg>
<arg>JO</arg>
<arg>JP</arg>
<arg>KE</arg>
<arg>KG</arg>
<arg>KH</arg>
<arg>KI</arg>
<arg>KM</arg>
<arg>KN</arg>
<arg>KP</arg>
<arg>KR</arg>
<arg>KW</arg>
<arg>KY</arg>
<arg>KZ</arg>
<arg>LA</arg>
<arg>LB</arg>
<arg>LC</arg>
<arg>LI</arg>
<arg>LK</arg>
<arg>LR</arg>
<arg>LS</arg>
<arg>LT</arg>
<arg>LU</arg>
<arg>LV</arg>
<arg>LY</arg>
<arg>MA</arg>
<arg>MC</arg>
<arg>MD</arg>
<arg>ME</arg>
<arg>MF</arg>
<arg>MG</arg>
<arg>MH</arg>
<arg>MK</arg>
<arg>ML</arg>
<arg>MM</arg>
<arg>MN</arg>
<arg>MO</arg>
<arg>MP</arg>
<arg>MQ</arg>
<arg>MR</arg>
<arg>MS</arg>
<arg>MT</arg>
<arg>MU</arg>
<arg>MV</arg>
<arg>MW</arg>
<arg>MX</arg>
<arg>MY</arg>
<arg>MZ</arg>
<arg>NA</arg>
<arg>NC</arg>
<arg>NE</arg>
<arg>NF</arg>
<arg>NG</arg>
<arg>NI</arg>
<arg>NL</arg>
<arg>NO</arg>
<arg>NP</arg>
<arg>NR</arg>
<arg>NU</arg>
<arg>NZ</arg>
<arg>OM</arg>
<arg>PA</arg>
<arg>PE</arg>
<arg>PF</arg>
<arg>PG</arg>
<arg>PH</arg>
<arg>PK</arg>
<arg>PL</arg>
<arg>PM</arg>
<arg>PN</arg>
<arg>PR</arg>
<arg>PS</arg>
<arg>PT</arg>
<arg>PW</arg>
<arg>PY</arg>
<arg>QA</arg>
<arg>RE</arg>
<arg>RO</arg>
<arg>RS</arg>
<arg>RU</arg>
<arg>RW</arg>
<arg>SA</arg>
<arg>SB</arg>
<arg>SC</arg>
<arg>SD</arg>
<arg>SE</arg>
<arg>SG</arg>
<arg>SH</arg>
<arg>SI</arg>
<arg>SJ</arg>
<arg>SK</arg>
<arg>SL</arg>
<arg>SM</arg>
<arg>SN</arg>
<arg>SO</arg>
<arg>SR</arg>
<arg>SS</arg>
<arg>ST</arg>
<arg>SV</arg>
<arg>SX</arg>
<arg>SY</arg>
<arg>SZ</arg>
<arg>TC</arg>
<arg>TD</arg>
<arg>TF</arg>
<arg>TG</arg>
<arg>TH</arg>
<arg>TJ</arg>
<arg>TK</arg>
<arg>TL</arg>
<arg>TM</arg>
<arg>TN</arg>
<arg>TO</arg>
<arg>TR</arg>
<arg>TT</arg>
<arg>TV</arg>
<arg>TW</arg>
<arg>TZ</arg>
<arg>UA</arg>
<arg>UG</arg>
<arg>UM</arg>
<arg>US</arg>
<arg>UY</arg>
<arg>UZ</arg>
<arg>VA</arg>
<arg>VC</arg>
<arg>VE</arg>
<arg>VG</arg>
<arg>VI</arg>
<arg>VN</arg>
<arg>VU</arg>
<arg>WF</arg>
<arg>WS</arg>
<arg>XK</arg>
<arg>YE</arg>
<arg>YT</arg>
<arg>ZA</arg>
<arg>ZM</arg>
<arg>ZW</arg>
<doc>Returns a list containing given items.</doc>
<status status="PASS" start="2024-04-19T17:12:54.466195" elapsed="0.000656"/>
</kw>
<kw name="List Should Contain Value" owner="Collections">
<msg time="2024-04-19T17:12:54.467840" level="INFO">False</msg>
<arg>${list_country}</arg>
<arg>${name_country}</arg>
<doc>Fails if the ``value`` is not found from ``list``.</doc>
<status status="PASS" start="2024-04-19T17:12:54.467642" elapsed="0.000234"/>
</kw>
<kw name="Run Keyword If" owner="BuiltIn">
<kw name="Should Be True" owner="BuiltIn">
<arg>${True}</arg>
<doc>Fails if the given condition is not true.</doc>
<status status="PASS" start="2024-04-19T17:12:54.468938" elapsed="0.000243"/>
</kw>
<arg>${json_data["results"][0]["location"]["coordinates"]["latitude"]} &gt;= -90 and ${json_data["results"][0]["location"]["coordinates"]["latitude"]} &lt;= 90</arg>
<arg>Should Be True</arg>
<arg>${True}</arg>
<doc>Runs the given keyword with the given arguments, if ``condition`` is true.</doc>
<status status="PASS" start="2024-04-19T17:12:54.468185" elapsed="0.001127"/>
</kw>
<kw name="Run Keyword If" owner="BuiltIn">
<kw name="Should Be True" owner="BuiltIn">
<arg>${True}</arg>
<doc>Fails if the given condition is not true.</doc>
<status status="PASS" start="2024-04-19T17:12:54.470194" elapsed="0.000135"/>
</kw>
<arg>${json_data["results"][0]["location"]["coordinates"]["longitude"]} &gt;= -180 and ${json_data["results"][0]["location"]["coordinates"]["longitude"]} &lt;= 180</arg>
<arg>Should Be True</arg>
<arg>${True}</arg>
<doc>Runs the given keyword with the given arguments, if ``condition`` is true.</doc>
<status status="PASS" start="2024-04-19T17:12:54.469498" elapsed="0.000953"/>
</kw>
<status status="PASS" start="2024-04-19T17:12:54.365997" elapsed="0.104581"/>
</kw>
<doc>Testa o conteúdo específico dos campos retornados pela API.</doc>
<tag>testeConteudo</tag>
<status status="PASS" start="2024-04-19T17:12:54.365549" elapsed="0.105227"/>
</test>
<status status="PASS" start="2024-04-19T17:12:53.483975" elapsed="0.988736"/>
</suite>
<status status="PASS" start="2024-04-19T17:12:53.470489" elapsed="1.007416"/>
</suite>
<statistics>
<total>
<stat pass="5" fail="0" skip="0">All Tests</stat>
</total>
<tag>
<stat pass="1" fail="0" skip="0">testeConteudo</stat>
<stat pass="1" fail="0" skip="0">testeEstruturaResposta</stat>
<stat pass="1" fail="0" skip="0">testeRequisicaoBasica</stat>
<stat pass="1" fail="0" skip="0">testeTiposDados</stat>
</tag>
<suite>
<stat pass="5" fail="0" skip="0" id="s1" name="Tests">Tests</stat>
<stat pass="5" fail="0" skip="0" id="s1-s1" name="Random-User-Test">Tests.Random-User-Test</stat>
</suite>
</statistics>
<errors>
</errors>
</robot>
