<?xml version="1.0" encoding="UTF-8"?>
<robot generator="Robot 7.0.1 (Python 3.12.4 on linux)" generated="2024-08-08T03:17:31.773480" rpa="false" schemaversion="5">
<suite id="s1" name="Tests" source="/home/runner/work/ApiRandomUser/ApiRandomUser/RamdonUser/tests">
<suite id="s1-s1" name="Random-User-Test" source="/home/runner/work/ApiRandomUser/ApiRandomUser/RamdonUser/tests/random-user-test.robot">
<test id="s1-s1-t1" name="Conectar" line="13">
<kw name="Conectar API" owner="random-user-service">
<kw name="Create Session" owner="RequestsLibrary">
<msg time="2024-08-08T03:17:32.225649" level="INFO">Creating Session using : alias=consultarAPI, url=https://randomuser.me/, headers={},                     cookies={}, auth=None, timeout=None, proxies=None, verify=False,                     debug=0 </msg>
<arg>consultarAPI</arg>
<arg>${URL}</arg>
<doc>Create Session: create a HTTP session to a server</doc>
<status status="PASS" start="2024-08-08T03:17:32.225432" elapsed="0.000432"/>
</kw>
<status status="PASS" start="2024-08-08T03:17:32.224281" elapsed="0.001983"/>
</kw>
<status status="PASS" start="2024-08-08T03:17:32.223623" elapsed="0.002841"/>
</test>
<test id="s1-s1-t2" name="Validar retorno 200 e JSON Válido" line="16">
<kw name="Teste de Requisicao Basica" owner="random-user-service">
<kw name="GET On Session" owner="RequestsLibrary">
<msg time="2024-08-08T03:17:32.647102" level="INFO">GET Request : url=https://randomuser.me/api 
 path_url=/api 
 headers={'User-Agent': 'python-requests/2.32.3', 'Accept-Encoding': 'gzip, deflate', 'Accept': '*/*', 'Connection': 'keep-alive'} 
 body=None 
 </msg>
<msg time="2024-08-08T03:17:32.647264" level="INFO">GET Response : url=https://randomuser.me/api 
 status=200, reason=OK 
 headers={'Date': 'Thu, 08 Aug 2024 03:17:32 GMT', 'Content-Type': 'application/json; charset=utf-8', 'Transfer-Encoding': 'chunked', 'Connection': 'keep-alive', 'X-Powered-By': 'Express', 'Access-Control-Allow-Origin': '*', 'Cache-Control': 'no-cache', 'ETag': 'W/"49c-Meq77+EN8L8+zeGdwMxDmph0Aws"', 'Vary': 'Accept-Encoding', 'Content-Encoding': 'gzip', 'CF-Cache-Status': 'DYNAMIC', 'Report-To': '{"endpoints":[{"url":"https:\\/\\/a.nel.cloudflare.com\\/report\\/v4?s=%2FC42p%2Fk%2FVEjd1k3xogsDTFsjZ4j5v6yb5n6bWlF8SXen3lLcBHZrK2fymaS493buWz7jJj3qRnIvfTJrTGvwvMgygSb9SkBk%2F0a8YO4pQKcqIDE3I0zqNqduV8Q0w%2F8K"}],"group":"cf-nel","max_age":604800}', 'NEL': '{"success_fraction":0,"report_to":"cf-nel","max_age":604800}', 'Server': 'cloudflare', 'CF-RAY': '8afc5a9d3b119667-SJC', 'alt-svc': 'h3=":443"; ma=86400'} 
 body={"results":[{"gender":"male","name":{"title":"Mr","first":"Hugo","last":"Lebrón"},"location":{"street":{"number":1087,"name":"Eje vial Guerrero"},"city":"La Choya","state":"Guanajuato","country":"Mexico","postcode":88468,"coordinates":{"latitude":"28.3488","longitude":"-11.6803"},"timezone":{"offset":"0:00","description":"Western Europe Time, London, Lisbon, Casablanca"}},"email":"hugo.lebron@example.com","login":{"uuid":"6761965d-a79b-42cb-b4a0-30915b712996","username":"redbird316","password":"deadman","salt":"PBMQkVRm","md5":"9a8c7d0aa198a281c91d76f36e63ae2c","sha1":"d506febdb481d08fce874c45fc1a8083a3bdc620","sha256":"160249a96710e3e27d8e73f1bf0aa00a1a45a2701ce0b580cc9dec935b403ff9"},"dob":{"date":"1947-05-08T14:53:00.898Z","age":77},"registered":{"date":"2014-04-15T07:50:12.604Z","age":10},"phone":"(636) 401 6640","cell":"(654) 063 3589","id":{"name":"NSS","value":"38 42 10 3814 4"},"picture":{"large":"https://randomuser.me/api/portraits/men/9.jpg","medium":"https://randomuser.me/api/portraits/med/men/9.jpg","thumbnail":"https://randomuser.me/api/portraits/thumb/men/9.jpg"},"nat":"MX"}],"info":{"seed":"b8d54ad2784c7727","results":1,"page":1,"version":"1.4"}} 
 </msg>
<msg time="2024-08-08T03:17:32.647352" level="INFO">/opt/hostedtoolcache/Python/3.12.4/x64/lib/python3.12/site-packages/urllib3/connectionpool.py:1099: InsecureRequestWarning: Unverified HTTPS request is being made to host 'randomuser.me'. Adding certificate verification is strongly advised. See: https://urllib3.readthedocs.io/en/latest/advanced-usage.html#tls-warnings
  warnings.warn(</msg>
<msg time="2024-08-08T03:17:32.647488" level="INFO">${response} = &lt;Response [200]&gt;</msg>
<var>${response}</var>
<arg>consultarAPI</arg>
<arg>/api</arg>
<doc>Sends a GET request on a previously created HTTP Session.</doc>
<status status="PASS" start="2024-08-08T03:17:32.229232" elapsed="0.418289"/>
</kw>
<kw name="Should Be Equal As Numbers" owner="BuiltIn">
<msg time="2024-08-08T03:17:32.648536" level="INFO">Argument types are:
&lt;class 'int'&gt;
&lt;class 'str'&gt;</msg>
<arg>${response.status_code}</arg>
<arg>200</arg>
<doc>Fails if objects are unequal after converting them to real numbers.</doc>
<status status="PASS" start="2024-08-08T03:17:32.648086" elapsed="0.000514"/>
</kw>
<kw name="Log" owner="BuiltIn">
<msg time="2024-08-08T03:17:32.649261" level="INFO">200</msg>
<arg>${response.status_code}</arg>
<doc>Logs the given message with the given level.</doc>
<status status="PASS" start="2024-08-08T03:17:32.648911" elapsed="0.000390"/>
</kw>
<kw name="Set Variable" owner="BuiltIn">
<msg time="2024-08-08T03:17:32.650050" level="INFO">${json_data} = {'results': [{'gender': 'male', 'name': {'title': 'Mr', 'first': 'Hugo', 'last': 'Lebrón'}, 'location': {'street': {'number': 1087, 'name': 'Eje vial Guerrero'}, 'city': 'La Choya', 'state': 'Guanajua...</msg>
<var>${json_data}</var>
<arg>${response.json()}</arg>
<doc>Returns the given values which can then be assigned to a variables.</doc>
<status status="PASS" start="2024-08-08T03:17:32.649608" elapsed="0.000471"/>
</kw>
<kw name="Dictionary Should Contain Key" owner="Collections">
<arg>${json_data}</arg>
<arg>results</arg>
<doc>Fails if ``key`` is not found from ``dictionary``.</doc>
<status status="PASS" start="2024-08-08T03:17:32.650383" elapsed="0.000361"/>
</kw>
<status status="PASS" start="2024-08-08T03:17:32.228950" elapsed="0.421951"/>
</kw>
<doc>Testa se a API responde corretamente e retorna um objeto JSON válido.</doc>
<tag>testeRequisicaoBasica</tag>
<status status="PASS" start="2024-08-08T03:17:32.228456" elapsed="0.422616"/>
</test>
<test id="s1-s1-t3" name="Validar estrutura de resposta" line="22">
<kw name="Teste de Estrutura de Resposta" owner="random-user-service">
<kw name="GET On Session" owner="RequestsLibrary">
<msg time="2024-08-08T03:17:32.856423" level="INFO">GET Request : url=https://randomuser.me/api 
 path_url=/api 
 headers={'User-Agent': 'python-requests/2.32.3', 'Accept-Encoding': 'gzip, deflate', 'Accept': '*/*', 'Connection': 'keep-alive'} 
 body=None 
 </msg>
<msg time="2024-08-08T03:17:32.856541" level="INFO">GET Response : url=https://randomuser.me/api 
 status=200, reason=OK 
 headers={'Date': 'Thu, 08 Aug 2024 03:17:32 GMT', 'Content-Type': 'application/json; charset=utf-8', 'Transfer-Encoding': 'chunked', 'Connection': 'keep-alive', 'X-Powered-By': 'Express', 'Access-Control-Allow-Origin': '*', 'Cache-Control': 'no-cache', 'ETag': 'W/"485-x8RhwhIbXz1miqsLDlGSwCodk1k"', 'Vary': 'Accept-Encoding', 'Content-Encoding': 'gzip', 'CF-Cache-Status': 'DYNAMIC', 'Report-To': '{"endpoints":[{"url":"https:\\/\\/a.nel.cloudflare.com\\/report\\/v4?s=zlogH1mHb8HxEKhiDSruCK5jxj9sAX1h9pi9vdMy3Yn6GM4C8fvhG51CrZ03oiZ%2B5xjuBklgQvlKuYOeGyi8kEBef7ByvykELl17w4ftrBa%2Fup5Z%2BEsTDCALxvCM00oF"}],"group":"cf-nel","max_age":604800}', 'NEL': '{"success_fraction":0,"report_to":"cf-nel","max_age":604800}', 'Server': 'cloudflare', 'CF-RAY': '8afc5a9f1c439667-SJC', 'alt-svc': 'h3=":443"; ma=86400'} 
 body={"results":[{"gender":"male","name":{"title":"Mr","first":"Laszlo","last":"Fitz"},"location":{"street":{"number":4461,"name":"Birkenweg"},"city":"Jever","state":"Bremen","country":"Germany","postcode":74877,"coordinates":{"latitude":"-52.8893","longitude":"-47.3358"},"timezone":{"offset":"+5:30","description":"Bombay, Calcutta, Madras, New Delhi"}},"email":"laszlo.fitz@example.com","login":{"uuid":"93b7264b-00f8-4342-b392-6b2ca5344990","username":"organicdog480","password":"cedric","salt":"bd7Glqko","md5":"ab9edb05e682da57c8bd03f80eeb840c","sha1":"9fa19845163b9c81c384eb603896637419326993","sha256":"3732ca5417825896e6a9a5d4fcf1270885ff7571917b36dbf10ab7985e790503"},"dob":{"date":"1984-05-09T20:41:17.661Z","age":40},"registered":{"date":"2005-07-07T20:51:59.367Z","age":19},"phone":"0632-3255067","cell":"0176-3656824","id":{"name":"SVNR","value":"25 090584 F 391"},"picture":{"large":"https://randomuser.me/api/portraits/men/75.jpg","medium":"https://randomuser.me/api/portraits/med/men/75.jpg","thumbnail":"https://randomuser.me/api/portraits/thumb/men/75.jpg"},"nat":"DE"}],"info":{"seed":"03ffb489c353c626","results":1,"page":1,"version":"1.4"}} 
 </msg>
<msg time="2024-08-08T03:17:32.856698" level="INFO">/opt/hostedtoolcache/Python/3.12.4/x64/lib/python3.12/site-packages/urllib3/connectionpool.py:1099: InsecureRequestWarning: Unverified HTTPS request is being made to host 'randomuser.me'. Adding certificate verification is strongly advised. See: https://urllib3.readthedocs.io/en/latest/advanced-usage.html#tls-warnings
  warnings.warn(</msg>
<msg time="2024-08-08T03:17:32.856837" level="INFO">${response} = &lt;Response [200]&gt;</msg>
<var>${response}</var>
<arg>consultarAPI</arg>
<arg>/api</arg>
<doc>Sends a GET request on a previously created HTTP Session.</doc>
<status status="PASS" start="2024-08-08T03:17:32.653634" elapsed="0.203242"/>
</kw>
<kw name="Set Variable" owner="BuiltIn">
<msg time="2024-08-08T03:17:32.857908" level="INFO">${json_data} = {'results': [{'gender': 'male', 'name': {'title': 'Mr', 'first': 'Laszlo', 'last': 'Fitz'}, 'location': {'street': {'number': 4461, 'name': 'Birkenweg'}, 'city': 'Jever', 'state': 'Bremen', 'country':...</msg>
<var>${json_data}</var>
<arg>${response.json()}</arg>
<doc>Returns the given values which can then be assigned to a variables.</doc>
<status status="PASS" start="2024-08-08T03:17:32.857388" elapsed="0.000548"/>
</kw>
<kw name="Log" owner="BuiltIn">
<msg time="2024-08-08T03:17:32.858395" level="INFO">{'results': [{'gender': 'male', 'name': {'title': 'Mr', 'first': 'Laszlo', 'last': 'Fitz'}, 'location': {'street': {'number': 4461, 'name': 'Birkenweg'}, 'city': 'Jever', 'state': 'Bremen', 'country': 'Germany', 'postcode': 74877, 'coordinates': {'latitude': '-52.8893', 'longitude': '-47.3358'}, 'timezone': {'offset': '+5:30', 'description': 'Bombay, Calcutta, Madras, New Delhi'}}, 'email': 'laszlo.fitz@example.com', 'login': {'uuid': '93b7264b-00f8-4342-b392-6b2ca5344990', 'username': 'organicdog480', 'password': 'cedric', 'salt': 'bd7Glqko', 'md5': 'ab9edb05e682da57c8bd03f80eeb840c', 'sha1': '9fa19845163b9c81c384eb603896637419326993', 'sha256': '3732ca5417825896e6a9a5d4fcf1270885ff7571917b36dbf10ab7985e790503'}, 'dob': {'date': '1984-05-09T20:41:17.661Z', 'age': 40}, 'registered': {'date': '2005-07-07T20:51:59.367Z', 'age': 19}, 'phone': '0632-3255067', 'cell': '0176-3656824', 'id': {'name': 'SVNR', 'value': '25 090584 F 391'}, 'picture': {'large': 'https://randomuser.me/api/portraits/men/75.jpg', 'medium': 'https://randomuser.me/api/portraits/med/men/75.jpg', 'thumbnail': 'https://randomuser.me/api/portraits/thumb/men/75.jpg'}, 'nat': 'DE'}], 'info': {'seed': '03ffb489c353c626', 'results': 1, 'page': 1, 'version': '1.4'}}</msg>
<arg>${json_data}</arg>
<doc>Logs the given message with the given level.</doc>
<status status="PASS" start="2024-08-08T03:17:32.858236" elapsed="0.000206"/>
</kw>
<kw name="Dictionary Should Contain Key" owner="Collections">
<arg>${json_data}</arg>
<arg>results</arg>
<doc>Fails if ``key`` is not found from ``dictionary``.</doc>
<status status="PASS" start="2024-08-08T03:17:32.858794" elapsed="0.000166"/>
</kw>
<kw name="Should Not Be Empty" owner="BuiltIn">
<msg time="2024-08-08T03:17:32.859269" level="INFO">Length is 2.</msg>
<arg>${json_data}</arg>
<doc>Verifies that the given item is not empty.</doc>
<status status="PASS" start="2024-08-08T03:17:32.859143" elapsed="0.000163"/>
</kw>
<kw name="Create List" owner="BuiltIn">
<msg time="2024-08-08T03:17:32.859741" level="INFO">${expected_keys} = ['gender', 'name', 'location', 'email', 'login']</msg>
<var>${expected_keys}</var>
<arg>gender</arg>
<arg>name</arg>
<arg>location</arg>
<arg>email</arg>
<arg>login</arg>
<doc>Returns a list containing given items.</doc>
<status status="PASS" start="2024-08-08T03:17:32.859594" elapsed="0.000171"/>
</kw>
<for flavor="IN">
<iter>
<kw name="Dictionary Should Contain Key" owner="Collections">
<arg>${json_data['results'][0]}</arg>
<arg>${key}</arg>
<doc>Fails if ``key`` is not found from ``dictionary``.</doc>
<status status="PASS" start="2024-08-08T03:17:32.860366" elapsed="0.000413"/>
</kw>
<kw name="Log" owner="BuiltIn">
<msg time="2024-08-08T03:17:32.861323" level="INFO">{'gender': 'male', 'name': {'title': 'Mr', 'first': 'Laszlo', 'last': 'Fitz'}, 'location': {'street': {'number': 4461, 'name': 'Birkenweg'}, 'city': 'Jever', 'state': 'Bremen', 'country': 'Germany', 'postcode': 74877, 'coordinates': {'latitude': '-52.8893', 'longitude': '-47.3358'}, 'timezone': {'offset': '+5:30', 'description': 'Bombay, Calcutta, Madras, New Delhi'}}, 'email': 'laszlo.fitz@example.com', 'login': {'uuid': '93b7264b-00f8-4342-b392-6b2ca5344990', 'username': 'organicdog480', 'password': 'cedric', 'salt': 'bd7Glqko', 'md5': 'ab9edb05e682da57c8bd03f80eeb840c', 'sha1': '9fa19845163b9c81c384eb603896637419326993', 'sha256': '3732ca5417825896e6a9a5d4fcf1270885ff7571917b36dbf10ab7985e790503'}, 'dob': {'date': '1984-05-09T20:41:17.661Z', 'age': 40}, 'registered': {'date': '2005-07-07T20:51:59.367Z', 'age': 19}, 'phone': '0632-3255067', 'cell': '0176-3656824', 'id': {'name': 'SVNR', 'value': '25 090584 F 391'}, 'picture': {'large': 'https://randomuser.me/api/portraits/men/75.jpg', 'medium': 'https://randomuser.me/api/portraits/med/men/75.jpg', 'thumbnail': 'https://randomuser.me/api/portraits/thumb/men/75.jpg'}, 'nat': 'DE'}</msg>
<arg>${json_data['results'][0]}</arg>
<doc>Logs the given message with the given level.</doc>
<status status="PASS" start="2024-08-08T03:17:32.860965" elapsed="0.000416"/>
</kw>
<kw name="Log" owner="BuiltIn">
<msg time="2024-08-08T03:17:32.861844" level="INFO">gender</msg>
<arg>${key}</arg>
<doc>Logs the given message with the given level.</doc>
<status status="PASS" start="2024-08-08T03:17:32.861676" elapsed="0.000207"/>
</kw>
<var name="${key}">gender</var>
<status status="PASS" start="2024-08-08T03:17:32.860242" elapsed="0.001862"/>
</iter>
<iter>
<kw name="Dictionary Should Contain Key" owner="Collections">
<arg>${json_data['results'][0]}</arg>
<arg>${key}</arg>
<doc>Fails if ``key`` is not found from ``dictionary``.</doc>
<status status="PASS" start="2024-08-08T03:17:32.862407" elapsed="0.000415"/>
</kw>
<kw name="Log" owner="BuiltIn">
<msg time="2024-08-08T03:17:32.863355" level="INFO">{'gender': 'male', 'name': {'title': 'Mr', 'first': 'Laszlo', 'last': 'Fitz'}, 'location': {'street': {'number': 4461, 'name': 'Birkenweg'}, 'city': 'Jever', 'state': 'Bremen', 'country': 'Germany', 'postcode': 74877, 'coordinates': {'latitude': '-52.8893', 'longitude': '-47.3358'}, 'timezone': {'offset': '+5:30', 'description': 'Bombay, Calcutta, Madras, New Delhi'}}, 'email': 'laszlo.fitz@example.com', 'login': {'uuid': '93b7264b-00f8-4342-b392-6b2ca5344990', 'username': 'organicdog480', 'password': 'cedric', 'salt': 'bd7Glqko', 'md5': 'ab9edb05e682da57c8bd03f80eeb840c', 'sha1': '9fa19845163b9c81c384eb603896637419326993', 'sha256': '3732ca5417825896e6a9a5d4fcf1270885ff7571917b36dbf10ab7985e790503'}, 'dob': {'date': '1984-05-09T20:41:17.661Z', 'age': 40}, 'registered': {'date': '2005-07-07T20:51:59.367Z', 'age': 19}, 'phone': '0632-3255067', 'cell': '0176-3656824', 'id': {'name': 'SVNR', 'value': '25 090584 F 391'}, 'picture': {'large': 'https://randomuser.me/api/portraits/men/75.jpg', 'medium': 'https://randomuser.me/api/portraits/med/men/75.jpg', 'thumbnail': 'https://randomuser.me/api/portraits/thumb/men/75.jpg'}, 'nat': 'DE'}</msg>
<arg>${json_data['results'][0]}</arg>
<doc>Logs the given message with the given level.</doc>
<status status="PASS" start="2024-08-08T03:17:32.863007" elapsed="0.000429"/>
</kw>
<kw name="Log" owner="BuiltIn">
<msg time="2024-08-08T03:17:32.863896" level="INFO">name</msg>
<arg>${key}</arg>
<doc>Logs the given message with the given level.</doc>
<status status="PASS" start="2024-08-08T03:17:32.863730" elapsed="0.000220"/>
</kw>
<var name="${key}">name</var>
<status status="PASS" start="2024-08-08T03:17:32.862289" elapsed="0.001901"/>
</iter>
<iter>
<kw name="Dictionary Should Contain Key" owner="Collections">
<arg>${json_data['results'][0]}</arg>
<arg>${key}</arg>
<doc>Fails if ``key`` is not found from ``dictionary``.</doc>
<status status="PASS" start="2024-08-08T03:17:32.864480" elapsed="0.000390"/>
</kw>
<kw name="Log" owner="BuiltIn">
<msg time="2024-08-08T03:17:32.865393" level="INFO">{'gender': 'male', 'name': {'title': 'Mr', 'first': 'Laszlo', 'last': 'Fitz'}, 'location': {'street': {'number': 4461, 'name': 'Birkenweg'}, 'city': 'Jever', 'state': 'Bremen', 'country': 'Germany', 'postcode': 74877, 'coordinates': {'latitude': '-52.8893', 'longitude': '-47.3358'}, 'timezone': {'offset': '+5:30', 'description': 'Bombay, Calcutta, Madras, New Delhi'}}, 'email': 'laszlo.fitz@example.com', 'login': {'uuid': '93b7264b-00f8-4342-b392-6b2ca5344990', 'username': 'organicdog480', 'password': 'cedric', 'salt': 'bd7Glqko', 'md5': 'ab9edb05e682da57c8bd03f80eeb840c', 'sha1': '9fa19845163b9c81c384eb603896637419326993', 'sha256': '3732ca5417825896e6a9a5d4fcf1270885ff7571917b36dbf10ab7985e790503'}, 'dob': {'date': '1984-05-09T20:41:17.661Z', 'age': 40}, 'registered': {'date': '2005-07-07T20:51:59.367Z', 'age': 19}, 'phone': '0632-3255067', 'cell': '0176-3656824', 'id': {'name': 'SVNR', 'value': '25 090584 F 391'}, 'picture': {'large': 'https://randomuser.me/api/portraits/men/75.jpg', 'medium': 'https://randomuser.me/api/portraits/med/men/75.jpg', 'thumbnail': 'https://randomuser.me/api/portraits/thumb/men/75.jpg'}, 'nat': 'DE'}</msg>
<arg>${json_data['results'][0]}</arg>
<doc>Logs the given message with the given level.</doc>
<status status="PASS" start="2024-08-08T03:17:32.865051" elapsed="0.000391"/>
</kw>
<kw name="Log" owner="BuiltIn">
<msg time="2024-08-08T03:17:32.865877" level="INFO">location</msg>
<arg>${key}</arg>
<doc>Logs the given message with the given level.</doc>
<status status="PASS" start="2024-08-08T03:17:32.865748" elapsed="0.000167"/>
</kw>
<var name="${key}">location</var>
<status status="PASS" start="2024-08-08T03:17:32.864368" elapsed="0.001764"/>
</iter>
<iter>
<kw name="Dictionary Should Contain Key" owner="Collections">
<arg>${json_data['results'][0]}</arg>
<arg>${key}</arg>
<doc>Fails if ``key`` is not found from ``dictionary``.</doc>
<status status="PASS" start="2024-08-08T03:17:32.866407" elapsed="0.000412"/>
</kw>
<kw name="Log" owner="BuiltIn">
<msg time="2024-08-08T03:17:32.867476" level="INFO">{'gender': 'male', 'name': {'title': 'Mr', 'first': 'Laszlo', 'last': 'Fitz'}, 'location': {'street': {'number': 4461, 'name': 'Birkenweg'}, 'city': 'Jever', 'state': 'Bremen', 'country': 'Germany', 'postcode': 74877, 'coordinates': {'latitude': '-52.8893', 'longitude': '-47.3358'}, 'timezone': {'offset': '+5:30', 'description': 'Bombay, Calcutta, Madras, New Delhi'}}, 'email': 'laszlo.fitz@example.com', 'login': {'uuid': '93b7264b-00f8-4342-b392-6b2ca5344990', 'username': 'organicdog480', 'password': 'cedric', 'salt': 'bd7Glqko', 'md5': 'ab9edb05e682da57c8bd03f80eeb840c', 'sha1': '9fa19845163b9c81c384eb603896637419326993', 'sha256': '3732ca5417825896e6a9a5d4fcf1270885ff7571917b36dbf10ab7985e790503'}, 'dob': {'date': '1984-05-09T20:41:17.661Z', 'age': 40}, 'registered': {'date': '2005-07-07T20:51:59.367Z', 'age': 19}, 'phone': '0632-3255067', 'cell': '0176-3656824', 'id': {'name': 'SVNR', 'value': '25 090584 F 391'}, 'picture': {'large': 'https://randomuser.me/api/portraits/men/75.jpg', 'medium': 'https://randomuser.me/api/portraits/med/men/75.jpg', 'thumbnail': 'https://randomuser.me/api/portraits/thumb/men/75.jpg'}, 'nat': 'DE'}</msg>
<arg>${json_data['results'][0]}</arg>
<doc>Logs the given message with the given level.</doc>
<status status="PASS" start="2024-08-08T03:17:32.867128" elapsed="0.000397"/>
</kw>
<kw name="Log" owner="BuiltIn">
<msg time="2024-08-08T03:17:32.867949" level="INFO">email</msg>
<arg>${key}</arg>
<doc>Logs the given message with the given level.</doc>
<status status="PASS" start="2024-08-08T03:17:32.867821" elapsed="0.000166"/>
</kw>
<var name="${key}">email</var>
<status status="PASS" start="2024-08-08T03:17:32.866301" elapsed="0.001899"/>
</iter>
<iter>
<kw name="Dictionary Should Contain Key" owner="Collections">
<arg>${json_data['results'][0]}</arg>
<arg>${key}</arg>
<doc>Fails if ``key`` is not found from ``dictionary``.</doc>
<status status="PASS" start="2024-08-08T03:17:32.868479" elapsed="0.000369"/>
</kw>
<kw name="Log" owner="BuiltIn">
<msg time="2024-08-08T03:17:32.869369" level="INFO">{'gender': 'male', 'name': {'title': 'Mr', 'first': 'Laszlo', 'last': 'Fitz'}, 'location': {'street': {'number': 4461, 'name': 'Birkenweg'}, 'city': 'Jever', 'state': 'Bremen', 'country': 'Germany', 'postcode': 74877, 'coordinates': {'latitude': '-52.8893', 'longitude': '-47.3358'}, 'timezone': {'offset': '+5:30', 'description': 'Bombay, Calcutta, Madras, New Delhi'}}, 'email': 'laszlo.fitz@example.com', 'login': {'uuid': '93b7264b-00f8-4342-b392-6b2ca5344990', 'username': 'organicdog480', 'password': 'cedric', 'salt': 'bd7Glqko', 'md5': 'ab9edb05e682da57c8bd03f80eeb840c', 'sha1': '9fa19845163b9c81c384eb603896637419326993', 'sha256': '3732ca5417825896e6a9a5d4fcf1270885ff7571917b36dbf10ab7985e790503'}, 'dob': {'date': '1984-05-09T20:41:17.661Z', 'age': 40}, 'registered': {'date': '2005-07-07T20:51:59.367Z', 'age': 19}, 'phone': '0632-3255067', 'cell': '0176-3656824', 'id': {'name': 'SVNR', 'value': '25 090584 F 391'}, 'picture': {'large': 'https://randomuser.me/api/portraits/men/75.jpg', 'medium': 'https://randomuser.me/api/portraits/med/men/75.jpg', 'thumbnail': 'https://randomuser.me/api/portraits/thumb/men/75.jpg'}, 'nat': 'DE'}</msg>
<arg>${json_data['results'][0]}</arg>
<doc>Logs the given message with the given level.</doc>
<status status="PASS" start="2024-08-08T03:17:32.869025" elapsed="0.000400"/>
</kw>
<kw name="Log" owner="BuiltIn">
<msg time="2024-08-08T03:17:32.869841" level="INFO">login</msg>
<arg>${key}</arg>
<doc>Logs the given message with the given level.</doc>
<status status="PASS" start="2024-08-08T03:17:32.869714" elapsed="0.000164"/>
</kw>
<var name="${key}">login</var>
<status status="PASS" start="2024-08-08T03:17:32.868373" elapsed="0.001730"/>
</iter>
<var>${key}</var>
<value>@{expected_keys}</value>
<status status="PASS" start="2024-08-08T03:17:32.860041" elapsed="0.010184"/>
</for>
<kw name="Create List" owner="BuiltIn">
<msg time="2024-08-08T03:17:32.870582" level="INFO">${expected_keysTwo} = ['username', 'password']</msg>
<var>${expected_keysTwo}</var>
<arg>username</arg>
<arg>password</arg>
<doc>Returns a list containing given items.</doc>
<status status="PASS" start="2024-08-08T03:17:32.870420" elapsed="0.000195"/>
</kw>
<for flavor="IN">
<iter>
<kw name="Dictionary Should Contain Key" owner="Collections">
<arg>${json_data['results'][0]['login']}</arg>
<arg>${keyTwo}</arg>
<doc>Fails if ``key`` is not found from ``dictionary``.</doc>
<status status="PASS" start="2024-08-08T03:17:32.871153" elapsed="0.000389"/>
</kw>
<kw name="Dictionary Should Contain Key" owner="Collections">
<arg>${json_data['results'][0]['login']}</arg>
<arg>${keyTwo}</arg>
<doc>Fails if ``key`` is not found from ``dictionary``.</doc>
<status status="PASS" start="2024-08-08T03:17:32.871722" elapsed="0.000368"/>
</kw>
<kw name="Log" owner="BuiltIn">
<msg time="2024-08-08T03:17:32.872384" level="INFO">username</msg>
<arg>${keyTwo}</arg>
<doc>Logs the given message with the given level.</doc>
<status status="PASS" start="2024-08-08T03:17:32.872267" elapsed="0.000155"/>
</kw>
<var name="${keyTwo}">username</var>
<status status="PASS" start="2024-08-08T03:17:32.871047" elapsed="0.001598"/>
</iter>
<iter>
<kw name="Dictionary Should Contain Key" owner="Collections">
<arg>${json_data['results'][0]['login']}</arg>
<arg>${keyTwo}</arg>
<doc>Fails if ``key`` is not found from ``dictionary``.</doc>
<status status="PASS" start="2024-08-08T03:17:32.872926" elapsed="0.000386"/>
</kw>
<kw name="Dictionary Should Contain Key" owner="Collections">
<arg>${json_data['results'][0]['login']}</arg>
<arg>${keyTwo}</arg>
<doc>Fails if ``key`` is not found from ``dictionary``.</doc>
<status status="PASS" start="2024-08-08T03:17:32.873491" elapsed="0.000366"/>
</kw>
<kw name="Log" owner="BuiltIn">
<msg time="2024-08-08T03:17:32.874152" level="INFO">password</msg>
<arg>${keyTwo}</arg>
<doc>Logs the given message with the given level.</doc>
<status status="PASS" start="2024-08-08T03:17:32.874033" elapsed="0.000157"/>
</kw>
<var name="${keyTwo}">password</var>
<status status="PASS" start="2024-08-08T03:17:32.872820" elapsed="0.001591"/>
</iter>
<var>${keyTwo}</var>
<value>@{expected_keysTwo}</value>
<status status="PASS" start="2024-08-08T03:17:32.870887" elapsed="0.003671"/>
</for>
<status status="PASS" start="2024-08-08T03:17:32.653395" elapsed="0.221318"/>
</kw>
<doc>Testa a estrutura da resposta da API.</doc>
<tag>testeEstruturaResposta</tag>
<status status="PASS" start="2024-08-08T03:17:32.652863" elapsed="0.222011"/>
</test>
<test id="s1-s1-t4" name="Validar tipos de dados" line="28">
<kw name="Teste de Tipos de Dados" owner="random-user-service">
<kw name="GET On Session" owner="RequestsLibrary">
<msg time="2024-08-08T03:17:33.054695" level="INFO">GET Request : url=https://randomuser.me/api 
 path_url=/api 
 headers={'User-Agent': 'python-requests/2.32.3', 'Accept-Encoding': 'gzip, deflate', 'Accept': '*/*', 'Connection': 'keep-alive'} 
 body=None 
 </msg>
<msg time="2024-08-08T03:17:33.054808" level="INFO">GET Response : url=https://randomuser.me/api 
 status=200, reason=OK 
 headers={'Date': 'Thu, 08 Aug 2024 03:17:33 GMT', 'Content-Type': 'application/json; charset=utf-8', 'Transfer-Encoding': 'chunked', 'Connection': 'keep-alive', 'X-Powered-By': 'Express', 'Access-Control-Allow-Origin': '*', 'Cache-Control': 'no-cache', 'ETag': 'W/"49d-5MWduZtO9xZ2xR/wMH/ngEoxers"', 'Vary': 'Accept-Encoding', 'Content-Encoding': 'gzip', 'CF-Cache-Status': 'DYNAMIC', 'Report-To': '{"endpoints":[{"url":"https:\\/\\/a.nel.cloudflare.com\\/report\\/v4?s=zkvbU6RbD1d%2B0Q7SEeV45SrwPkXqSiEAxyuKV%2BwAPak%2BvHCcaty%2FfwEonIApc2Nnh6vuGkvbcbS3M%2B7K5iSsRW15FBFW2i742QOdxBp7bX%2BNBwXeJ9eOYCFDwYpZnvGs"}],"group":"cf-nel","max_age":604800}', 'NEL': '{"success_fraction":0,"report_to":"cf-nel","max_age":604800}', 'Server': 'cloudflare', 'CF-RAY': '8afc5aa08d479667-SJC', 'alt-svc': 'h3=":443"; ma=86400'} 
 body={"results":[{"gender":"male","name":{"title":"Mr","first":"Alevtin","last":"Dubnevich"},"location":{"street":{"number":9734,"name":"Lyagina"},"city":"Kostyantinivka","state":"Vinnicka","country":"Ukraine","postcode":84331,"coordinates":{"latitude":"77.1739","longitude":"-68.8842"},"timezone":{"offset":"0:00","description":"Western Europe Time, London, Lisbon, Casablanca"}},"email":"alevtin.dubnevich@example.com","login":{"uuid":"047f871d-7f6c-414d-88a1-a40f36de8b32","username":"purplebutterfly718","password":"krypton","salt":"C9xVgq2F","md5":"97c5108870cc76ac7ceb55f9513cf88b","sha1":"266b381c06cb986c600d4681d441ac185d8c31b4","sha256":"123d1631201f9ef23caf7e275c2e0ff6b51a9026e7b23cf78c3da2dcd7785228"},"dob":{"date":"1959-08-02T08:27:05.928Z","age":65},"registered":{"date":"2002-04-20T12:41:49.641Z","age":22},"phone":"(067) K89-5721","cell":"(067) I79-8497","id":{"name":"","value":null},"picture":{"large":"https://randomuser.me/api/portraits/men/93.jpg","medium":"https://randomuser.me/api/portraits/med/men/93.jpg","thumbnail":"https://randomuser.me/api/portraits/thumb/men/93.jpg"},"nat":"UA"}],"info":{"seed":"f3be863dae9144fd","results":1,"page":1,"version":"1.4"}} 
 </msg>
<msg time="2024-08-08T03:17:33.054899" level="INFO">/opt/hostedtoolcache/Python/3.12.4/x64/lib/python3.12/site-packages/urllib3/connectionpool.py:1099: InsecureRequestWarning: Unverified HTTPS request is being made to host 'randomuser.me'. Adding certificate verification is strongly advised. See: https://urllib3.readthedocs.io/en/latest/advanced-usage.html#tls-warnings
  warnings.warn(</msg>
<msg time="2024-08-08T03:17:33.055038" level="INFO">${response} = &lt;Response [200]&gt;</msg>
<var>${response}</var>
<arg>consultarAPI</arg>
<arg>/api</arg>
<doc>Sends a GET request on a previously created HTTP Session.</doc>
<status status="PASS" start="2024-08-08T03:17:32.877375" elapsed="0.177716"/>
</kw>
<kw name="Set Variable" owner="BuiltIn">
<msg time="2024-08-08T03:17:33.056358" level="INFO">${json_data} = {'results': [{'gender': 'male', 'name': {'title': 'Mr', 'first': 'Alevtin', 'last': 'Dubnevich'}, 'location': {'street': {'number': 9734, 'name': 'Lyagina'}, 'city': 'Kostyantinivka', 'state': 'Vinnic...</msg>
<var>${json_data}</var>
<arg>${response.json()}</arg>
<doc>Returns the given values which can then be assigned to a variables.</doc>
<status status="PASS" start="2024-08-08T03:17:33.055753" elapsed="0.000634"/>
</kw>
<kw name="Log" owner="BuiltIn">
<msg time="2024-08-08T03:17:33.056858" level="INFO">{'results': [{'gender': 'male', 'name': {'title': 'Mr', 'first': 'Alevtin', 'last': 'Dubnevich'}, 'location': {'street': {'number': 9734, 'name': 'Lyagina'}, 'city': 'Kostyantinivka', 'state': 'Vinnicka', 'country': 'Ukraine', 'postcode': 84331, 'coordinates': {'latitude': '77.1739', 'longitude': '-68.8842'}, 'timezone': {'offset': '0:00', 'description': 'Western Europe Time, London, Lisbon, Casablanca'}}, 'email': 'alevtin.dubnevich@example.com', 'login': {'uuid': '047f871d-7f6c-414d-88a1-a40f36de8b32', 'username': 'purplebutterfly718', 'password': 'krypton', 'salt': 'C9xVgq2F', 'md5': '97c5108870cc76ac7ceb55f9513cf88b', 'sha1': '266b381c06cb986c600d4681d441ac185d8c31b4', 'sha256': '123d1631201f9ef23caf7e275c2e0ff6b51a9026e7b23cf78c3da2dcd7785228'}, 'dob': {'date': '1959-08-02T08:27:05.928Z', 'age': 65}, 'registered': {'date': '2002-04-20T12:41:49.641Z', 'age': 22}, 'phone': '(067) K89-5721', 'cell': '(067) I79-8497', 'id': {'name': '', 'value': None}, 'picture': {'large': 'https://randomuser.me/api/portraits/men/93.jpg', 'medium': 'https://randomuser.me/api/portraits/med/men/93.jpg', 'thumbnail': 'https://randomuser.me/api/portraits/thumb/men/93.jpg'}, 'nat': 'UA'}], 'info': {'seed': 'f3be863dae9144fd', 'results': 1, 'page': 1, 'version': '1.4'}}</msg>
<arg>${json_data}</arg>
<doc>Logs the given message with the given level.</doc>
<status status="PASS" start="2024-08-08T03:17:33.056700" elapsed="0.000204"/>
</kw>
<kw name="Should Be String" owner="String">
<arg>${json_data['results'][0]['gender']}</arg>
<doc>Fails if the given ``item`` is not a string.</doc>
<status status="PASS" start="2024-08-08T03:17:33.057193" elapsed="0.000358"/>
</kw>
<kw name="Should Match Regexp" owner="BuiltIn">
<arg>${json_data['results'][0]['email']}</arg>
<arg>^[a-zA-Z0-9._%+-]+@[a-zA-Z0-9.-]+\.[a-zA-Z]{2,}$</arg>
<doc>Fails if ``string`` does not match ``pattern`` as a regular expression.</doc>
<status status="PASS" start="2024-08-08T03:17:33.057745" elapsed="0.000522"/>
</kw>
<kw name="Should Match Regexp" owner="BuiltIn">
<arg>${json_data['results'][0]['dob']['date']}</arg>
<arg>\\d{4}-\\d{2}-\\d{2}T\\d{2}:\\d{2}:\\d{2}\\.\\d{3}Z</arg>
<doc>Fails if ``string`` does not match ``pattern`` as a regular expression.</doc>
<status status="PASS" start="2024-08-08T03:17:33.058534" elapsed="0.000664"/>
</kw>
<kw name="Should Match Regexp" owner="BuiltIn">
<arg>${json_data['results'][0]['registered']['date']}</arg>
<arg>\\d{4}-\\d{2}-\\d{2}T\\d{2}:\\d{2}:\\d{2}\\.\\d{3}Z</arg>
<doc>Fails if ``string`` does not match ``pattern`` as a regular expression.</doc>
<status status="PASS" start="2024-08-08T03:17:33.059391" elapsed="0.000372"/>
</kw>
<kw name="Should Match Regexp" owner="BuiltIn">
<arg>${json_data['results'][0]['picture']['large']}</arg>
<arg>^https?://.*\.(?:png|jpe?g|gif|bmp)$</arg>
<doc>Fails if ``string`` does not match ``pattern`` as a regular expression.</doc>
<status status="PASS" start="2024-08-08T03:17:33.059947" elapsed="0.000457"/>
</kw>
<kw name="Should Match Regexp" owner="BuiltIn">
<arg>${json_data['results'][0]['picture']['medium']}</arg>
<arg>^https?://.*\.(?:png|jpe?g|gif|bmp)$</arg>
<doc>Fails if ``string`` does not match ``pattern`` as a regular expression.</doc>
<status status="PASS" start="2024-08-08T03:17:33.060588" elapsed="0.000353"/>
</kw>
<kw name="Should Match Regexp" owner="BuiltIn">
<arg>${json_data['results'][0]['picture']['thumbnail']}</arg>
<arg>^https?://.*\.(?:png|jpe?g|gif|bmp)$</arg>
<doc>Fails if ``string`` does not match ``pattern`` as a regular expression.</doc>
<status status="PASS" start="2024-08-08T03:17:33.061121" elapsed="0.000347"/>
</kw>
<kw name="Log" owner="BuiltIn">
<msg time="2024-08-08T03:17:33.061965" level="INFO">{'large': 'https://randomuser.me/api/portraits/men/93.jpg', 'medium': 'https://randomuser.me/api/portraits/med/men/93.jpg', 'thumbnail': 'https://randomuser.me/api/portraits/thumb/men/93.jpg'}</msg>
<arg>${json_data['results'][0]['picture']}</arg>
<doc>Logs the given message with the given level.</doc>
<status status="PASS" start="2024-08-08T03:17:33.061645" elapsed="0.000363"/>
</kw>
<status status="PASS" start="2024-08-08T03:17:32.877145" elapsed="0.185122"/>
</kw>
<kw name="Teste de Tipos de Dados - Postcode" owner="random-user-service">
<kw name="GET On Session" owner="RequestsLibrary">
<msg time="2024-08-08T03:17:33.224379" level="INFO">GET Request : url=https://randomuser.me/api 
 path_url=/api 
 headers={'User-Agent': 'python-requests/2.32.3', 'Accept-Encoding': 'gzip, deflate', 'Accept': '*/*', 'Connection': 'keep-alive'} 
 body=None 
 </msg>
<msg time="2024-08-08T03:17:33.224489" level="INFO">GET Response : url=https://randomuser.me/api 
 status=200, reason=OK 
 headers={'Date': 'Thu, 08 Aug 2024 03:17:33 GMT', 'Content-Type': 'application/json; charset=utf-8', 'Transfer-Encoding': 'chunked', 'Connection': 'keep-alive', 'X-Powered-By': 'Express', 'Access-Control-Allow-Origin': '*', 'Cache-Control': 'no-cache', 'ETag': 'W/"482-FEjypD6uin1q1xhOZmbr4loHDpc"', 'Vary': 'Accept-Encoding', 'Content-Encoding': 'gzip', 'CF-Cache-Status': 'DYNAMIC', 'Report-To': '{"endpoints":[{"url":"https:\\/\\/a.nel.cloudflare.com\\/report\\/v4?s=Ll7VqYgPElC4nQ6LK%2F%2Fuhb8m2f1A4R6gDdFDszOiAkCtMbCqGFw7%2Fit4lFzKVW5cgqW2bsmuCJm8Tcw9wXm04o91VCNTKgEAzvtpKNhBQL6yF6NDBaWoPv16eYM6Noc1"}],"group":"cf-nel","max_age":604800}', 'NEL': '{"success_fraction":0,"report_to":"cf-nel","max_age":604800}', 'Server': 'cloudflare', 'CF-RAY': '8afc5aa1ae3e9667-SJC', 'alt-svc': 'h3=":443"; ma=86400'} 
 body={"results":[{"gender":"female","name":{"title":"Mrs","first":"Caroline","last":"Fitzgerald"},"location":{"street":{"number":2817,"name":"Henry Street"},"city":"Donabate","state":"Carlow","country":"Ireland","postcode":93162,"coordinates":{"latitude":"-1.9900","longitude":"111.1072"},"timezone":{"offset":"+5:45","description":"Kathmandu"}},"email":"caroline.fitzgerald@example.com","login":{"uuid":"346c4440-e733-4a50-9c6d-731fcc00afb1","username":"smallladybug298","password":"goaway","salt":"BolNvd2V","md5":"3beb9820cafc4df304e4459a744f1a38","sha1":"b12bb8caed153e25a8bc0e88620450b768512d27","sha256":"2dc319c68526d59dbed95c9fa58c49e1d888855344874ab0ef7e9db0679e4491"},"dob":{"date":"1950-05-29T21:23:20.794Z","age":74},"registered":{"date":"2021-11-24T05:36:55.966Z","age":2},"phone":"061-006-9704","cell":"081-227-6927","id":{"name":"PPS","value":"3828703T"},"picture":{"large":"https://randomuser.me/api/portraits/women/75.jpg","medium":"https://randomuser.me/api/portraits/med/women/75.jpg","thumbnail":"https://randomuser.me/api/portraits/thumb/women/75.jpg"},"nat":"IE"}],"info":{"seed":"904503790c52fa54","results":1,"page":1,"version":"1.4"}} 
 </msg>
<msg time="2024-08-08T03:17:33.224561" level="INFO">/opt/hostedtoolcache/Python/3.12.4/x64/lib/python3.12/site-packages/urllib3/connectionpool.py:1099: InsecureRequestWarning: Unverified HTTPS request is being made to host 'randomuser.me'. Adding certificate verification is strongly advised. See: https://urllib3.readthedocs.io/en/latest/advanced-usage.html#tls-warnings
  warnings.warn(</msg>
<msg time="2024-08-08T03:17:33.224680" level="INFO">${response} = &lt;Response [200]&gt;</msg>
<var>${response}</var>
<arg>consultarAPI</arg>
<arg>/api</arg>
<doc>Sends a GET request on a previously created HTTP Session.</doc>
<status status="PASS" start="2024-08-08T03:17:33.062772" elapsed="0.161935"/>
</kw>
<kw name="Set Variable" owner="BuiltIn">
<msg time="2024-08-08T03:17:33.225784" level="INFO">${json_data} = {'results': [{'gender': 'female', 'name': {'title': 'Mrs', 'first': 'Caroline', 'last': 'Fitzgerald'}, 'location': {'street': {'number': 2817, 'name': 'Henry Street'}, 'city': 'Donabate', 'state': 'Ca...</msg>
<var>${json_data}</var>
<arg>${response.json()}</arg>
<doc>Returns the given values which can then be assigned to a variables.</doc>
<status status="PASS" start="2024-08-08T03:17:33.225257" elapsed="0.000558"/>
</kw>
<kw name="Log" owner="BuiltIn">
<msg time="2024-08-08T03:17:33.226276" level="INFO">{'results': [{'gender': 'female', 'name': {'title': 'Mrs', 'first': 'Caroline', 'last': 'Fitzgerald'}, 'location': {'street': {'number': 2817, 'name': 'Henry Street'}, 'city': 'Donabate', 'state': 'Carlow', 'country': 'Ireland', 'postcode': 93162, 'coordinates': {'latitude': '-1.9900', 'longitude': '111.1072'}, 'timezone': {'offset': '+5:45', 'description': 'Kathmandu'}}, 'email': 'caroline.fitzgerald@example.com', 'login': {'uuid': '346c4440-e733-4a50-9c6d-731fcc00afb1', 'username': 'smallladybug298', 'password': 'goaway', 'salt': 'BolNvd2V', 'md5': '3beb9820cafc4df304e4459a744f1a38', 'sha1': 'b12bb8caed153e25a8bc0e88620450b768512d27', 'sha256': '2dc319c68526d59dbed95c9fa58c49e1d888855344874ab0ef7e9db0679e4491'}, 'dob': {'date': '1950-05-29T21:23:20.794Z', 'age': 74}, 'registered': {'date': '2021-11-24T05:36:55.966Z', 'age': 2}, 'phone': '061-006-9704', 'cell': '081-227-6927', 'id': {'name': 'PPS', 'value': '3828703T'}, 'picture': {'large': 'https://randomuser.me/api/portraits/women/75.jpg', 'medium': 'https://randomuser.me/api/portraits/med/women/75.jpg', 'thumbnail': 'https://randomuser.me/api/portraits/thumb/women/75.jpg'}, 'nat': 'IE'}], 'info': {'seed': '904503790c52fa54', 'results': 1, 'page': 1, 'version': '1.4'}}</msg>
<arg>${json_data}</arg>
<doc>Logs the given message with the given level.</doc>
<status status="PASS" start="2024-08-08T03:17:33.226119" elapsed="0.000206"/>
</kw>
<kw name="Should Be Equal As Numbers" owner="BuiltIn">
<arg>${json_data['results'][0]['location']['postcode']}</arg>
<arg>${json_data['results'][0]['location']['postcode']}</arg>
<doc>Fails if objects are unequal after converting them to real numbers.</doc>
<status status="PASS" start="2024-08-08T03:17:33.226667" elapsed="0.000626"/>
</kw>
<kw name="Log" owner="BuiltIn">
<msg time="2024-08-08T03:17:33.227814" level="INFO">93162</msg>
<arg>${json_data['results'][0]['location']['postcode']}</arg>
<doc>Logs the given message with the given level.</doc>
<status status="PASS" start="2024-08-08T03:17:33.227480" elapsed="0.000373"/>
</kw>
<status status="PASS" start="2024-08-08T03:17:33.062490" elapsed="0.165648"/>
</kw>
<doc>Testa se os tipos de dados na resposta da API estão corretos.</doc>
<tag>testeTiposDados</tag>
<status status="PASS" start="2024-08-08T03:17:32.876670" elapsed="0.351638"/>
</test>
<test id="s1-s1-t5" name="Validar conteudo" line="35">
<kw name="Teste de Tipos de Conteudo" owner="random-user-service">
<kw name="GET On Session" owner="RequestsLibrary">
<msg time="2024-08-08T03:17:33.392175" level="INFO">GET Request : url=https://randomuser.me/api 
 path_url=/api 
 headers={'User-Agent': 'python-requests/2.32.3', 'Accept-Encoding': 'gzip, deflate', 'Accept': '*/*', 'Connection': 'keep-alive'} 
 body=None 
 </msg>
<msg time="2024-08-08T03:17:33.392277" level="INFO">GET Response : url=https://randomuser.me/api 
 status=200, reason=OK 
 headers={'Date': 'Thu, 08 Aug 2024 03:17:33 GMT', 'Content-Type': 'application/json; charset=utf-8', 'Transfer-Encoding': 'chunked', 'Connection': 'keep-alive', 'X-Powered-By': 'Express', 'Access-Control-Allow-Origin': '*', 'Cache-Control': 'no-cache', 'ETag': 'W/"482-GVAqmSZKU9u2TFWP4DYOvp0b7kI"', 'Vary': 'Accept-Encoding', 'Content-Encoding': 'gzip', 'CF-Cache-Status': 'DYNAMIC', 'Report-To': '{"endpoints":[{"url":"https:\\/\\/a.nel.cloudflare.com\\/report\\/v4?s=VwoO1RmtfGXSQzdTD%2BrFWz9czpy6EPLX43Oz8msNbDT%2FGvbtCkswm1lgkQe8AhOlDv9awVhExkexdPlvcnA%2BAFrcP%2Bjt9gYf8EaeZFlDPYtttRNpAUByA82BtKvthKfW"}],"group":"cf-nel","max_age":604800}', 'NEL': '{"success_fraction":0,"report_to":"cf-nel","max_age":604800}', 'Server': 'cloudflare', 'CF-RAY': '8afc5aa2bf3b9667-SJC', 'alt-svc': 'h3=":443"; ma=86400'} 
 body={"results":[{"gender":"male","name":{"title":"Mr","first":"Slavobor","last":"Lyubenko"},"location":{"street":{"number":7312,"name":"Doneckiy provulok"},"city":"Uzin","state":"Cherkaska","country":"Ukraine","postcode":91021,"coordinates":{"latitude":"80.1286","longitude":"-118.2193"},"timezone":{"offset":"+6:00","description":"Almaty, Dhaka, Colombo"}},"email":"slavobor.lyubenko@example.com","login":{"uuid":"c8cb4efe-8a90-4c8f-aff2-0b536a549a66","username":"yellowcat119","password":"wg8e3wjf","salt":"GQIcYG7O","md5":"2a6b888f2cf581a99633c51ff9a0c18d","sha1":"e5b63664de36234be6249a39024a0410f127a38f","sha256":"d66b3d277efc52eadda89e01fa83421a2b6d0362438ff4c85371ae93591a5b88"},"dob":{"date":"1983-12-12T23:06:50.426Z","age":40},"registered":{"date":"2009-08-05T03:19:19.729Z","age":15},"phone":"(068) Q32-6643","cell":"(096) Y23-4033","id":{"name":"","value":null},"picture":{"large":"https://randomuser.me/api/portraits/men/21.jpg","medium":"https://randomuser.me/api/portraits/med/men/21.jpg","thumbnail":"https://randomuser.me/api/portraits/thumb/men/21.jpg"},"nat":"UA"}],"info":{"seed":"ba507261e490cf3f","results":1,"page":1,"version":"1.4"}} 
 </msg>
<msg time="2024-08-08T03:17:33.392355" level="INFO">/opt/hostedtoolcache/Python/3.12.4/x64/lib/python3.12/site-packages/urllib3/connectionpool.py:1099: InsecureRequestWarning: Unverified HTTPS request is being made to host 'randomuser.me'. Adding certificate verification is strongly advised. See: https://urllib3.readthedocs.io/en/latest/advanced-usage.html#tls-warnings
  warnings.warn(</msg>
<msg time="2024-08-08T03:17:33.392480" level="INFO">${response} = &lt;Response [200]&gt;</msg>
<var>${response}</var>
<arg>consultarAPI</arg>
<arg>/api</arg>
<doc>Sends a GET request on a previously created HTTP Session.</doc>
<status status="PASS" start="2024-08-08T03:17:33.230815" elapsed="0.161692"/>
</kw>
<kw name="Set Variable" owner="BuiltIn">
<msg time="2024-08-08T03:17:33.393584" level="INFO">${json_data} = {'results': [{'gender': 'male', 'name': {'title': 'Mr', 'first': 'Slavobor', 'last': 'Lyubenko'}, 'location': {'street': {'number': 7312, 'name': 'Doneckiy provulok'}, 'city': 'Uzin', 'state': 'Cherka...</msg>
<var>${json_data}</var>
<arg>${response.json()}</arg>
<doc>Returns the given values which can then be assigned to a variables.</doc>
<status status="PASS" start="2024-08-08T03:17:33.393060" elapsed="0.000553"/>
</kw>
<kw name="Set Variable" owner="BuiltIn">
<msg time="2024-08-08T03:17:33.394304" level="INFO">${name_title} = Mr</msg>
<var>${name_title}</var>
<arg>${json_data["results"][0]["name"]["title"]}</arg>
<doc>Returns the given values which can then be assigned to a variables.</doc>
<status status="PASS" start="2024-08-08T03:17:33.393920" elapsed="0.000410"/>
</kw>
<kw name="Create List" owner="BuiltIn">
<msg time="2024-08-08T03:17:33.394821" level="INFO">${allowed_titles} = ['Mr', 'Ms', 'Miss', 'Mrs', 'Madame', 'Monsieur']</msg>
<var>${allowed_titles}</var>
<arg>Mr</arg>
<arg>Ms</arg>
<arg>Miss</arg>
<arg>Mrs</arg>
<arg>Madame</arg>
<arg>Monsieur</arg>
<doc>Returns a list containing given items.</doc>
<status status="PASS" start="2024-08-08T03:17:33.394661" elapsed="0.000184"/>
</kw>
<kw name="List Should Contain Value" owner="Collections">
<arg>${allowed_titles}</arg>
<arg>${name_title}</arg>
<doc>Fails if the ``value`` is not found from ``list``.</doc>
<status status="PASS" start="2024-08-08T03:17:33.395145" elapsed="0.000179"/>
</kw>
<kw name="Set Variable" owner="BuiltIn">
<msg time="2024-08-08T03:17:33.395883" level="INFO">${name_country} = UA</msg>
<var>${name_country}</var>
<arg>${json_data["results"][0]["nat"]}</arg>
<doc>Returns the given values which can then be assigned to a variables.</doc>
<status status="PASS" start="2024-08-08T03:17:33.395509" elapsed="0.000399"/>
</kw>
<kw name="Create List" owner="BuiltIn">
<msg time="2024-08-08T03:17:33.396793" level="INFO">${list_country} = ['AD', 'AE', 'AF', 'AG', 'AI', 'AL', 'AM', 'AO', 'AQ', 'AR', 'AS', 'AT', 'AU', 'AW', 'AX', 'AZ', 'BA', 'BB', 'BD', 'BE', 'BF', 'BG', 'BH', 'BI', 'BJ', 'BL', 'BM', 'BN', 'BO', 'BQ', 'BR', 'BS', 'BT', '...</msg>
<var>${list_country}</var>
<arg>AD</arg>
<arg>AE</arg>
<arg>AF</arg>
<arg>AG</arg>
<arg>AI</arg>
<arg>AL</arg>
<arg>AM</arg>
<arg>AO</arg>
<arg>AQ</arg>
<arg>AR</arg>
<arg>AS</arg>
<arg>AT</arg>
<arg>AU</arg>
<arg>AW</arg>
<arg>AX</arg>
<arg>AZ</arg>
<arg>BA</arg>
<arg>BB</arg>
<arg>BD</arg>
<arg>BE</arg>
<arg>BF</arg>
<arg>BG</arg>
<arg>BH</arg>
<arg>BI</arg>
<arg>BJ</arg>
<arg>BL</arg>
<arg>BM</arg>
<arg>BN</arg>
<arg>BO</arg>
<arg>BQ</arg>
<arg>BR</arg>
<arg>BS</arg>
<arg>BT</arg>
<arg>BV</arg>
<arg>BW</arg>
<arg>BY</arg>
<arg>BZ</arg>
<arg>CA</arg>
<arg>CC</arg>
<arg>CD</arg>
<arg>CF</arg>
<arg>CG</arg>
<arg>CH</arg>
<arg>CI</arg>
<arg>CK</arg>
<arg>CL</arg>
<arg>CM</arg>
<arg>CN</arg>
<arg>CO</arg>
<arg>CR</arg>
<arg>CU</arg>
<arg>CV</arg>
<arg>CW</arg>
<arg>CX</arg>
<arg>CY</arg>
<arg>CZ</arg>
<arg>DE</arg>
<arg>DJ</arg>
<arg>DK</arg>
<arg>DM</arg>
<arg>DO</arg>
<arg>DZ</arg>
<arg>EC</arg>
<arg>EE</arg>
<arg>EG</arg>
<arg>EH</arg>
<arg>ER</arg>
<arg>ES</arg>
<arg>ET</arg>
<arg>FI</arg>
<arg>FJ</arg>
<arg>FK</arg>
<arg>FM</arg>
<arg>FO</arg>
<arg>FR</arg>
<arg>GA</arg>
<arg>GB</arg>
<arg>GD</arg>
<arg>GE</arg>
<arg>GF</arg>
<arg>GG</arg>
<arg>GH</arg>
<arg>GI</arg>
<arg>GL</arg>
<arg>GM</arg>
<arg>GN</arg>
<arg>GP</arg>
<arg>GQ</arg>
<arg>GR</arg>
<arg>GS</arg>
<arg>GT</arg>
<arg>GU</arg>
<arg>GW</arg>
<arg>GY</arg>
<arg>HK</arg>
<arg>HM</arg>
<arg>HN</arg>
<arg>HR</arg>
<arg>HT</arg>
<arg>HU</arg>
<arg>ID</arg>
<arg>IE</arg>
<arg>IL</arg>
<arg>IM</arg>
<arg>IN</arg>
<arg>IO</arg>
<arg>IQ</arg>
<arg>IR</arg>
<arg>IS</arg>
<arg>IT</arg>
<arg>JE</arg>
<arg>JM</arg>
<arg>JO</arg>
<arg>JP</arg>
<arg>KE</arg>
<arg>KG</arg>
<arg>KH</arg>
<arg>KI</arg>
<arg>KM</arg>
<arg>KN</arg>
<arg>KP</arg>
<arg>KR</arg>
<arg>KW</arg>
<arg>KY</arg>
<arg>KZ</arg>
<arg>LA</arg>
<arg>LB</arg>
<arg>LC</arg>
<arg>LI</arg>
<arg>LK</arg>
<arg>LR</arg>
<arg>LS</arg>
<arg>LT</arg>
<arg>LU</arg>
<arg>LV</arg>
<arg>LY</arg>
<arg>MA</arg>
<arg>MC</arg>
<arg>MD</arg>
<arg>ME</arg>
<arg>MF</arg>
<arg>MG</arg>
<arg>MH</arg>
<arg>MK</arg>
<arg>ML</arg>
<arg>MM</arg>
<arg>MN</arg>
<arg>MO</arg>
<arg>MP</arg>
<arg>MQ</arg>
<arg>MR</arg>
<arg>MS</arg>
<arg>MT</arg>
<arg>MU</arg>
<arg>MV</arg>
<arg>MW</arg>
<arg>MX</arg>
<arg>MY</arg>
<arg>MZ</arg>
<arg>NA</arg>
<arg>NC</arg>
<arg>NE</arg>
<arg>NF</arg>
<arg>NG</arg>
<arg>NI</arg>
<arg>NL</arg>
<arg>NO</arg>
<arg>NP</arg>
<arg>NR</arg>
<arg>NU</arg>
<arg>NZ</arg>
<arg>OM</arg>
<arg>PA</arg>
<arg>PE</arg>
<arg>PF</arg>
<arg>PG</arg>
<arg>PH</arg>
<arg>PK</arg>
<arg>PL</arg>
<arg>PM</arg>
<arg>PN</arg>
<arg>PR</arg>
<arg>PS</arg>
<arg>PT</arg>
<arg>PW</arg>
<arg>PY</arg>
<arg>QA</arg>
<arg>RE</arg>
<arg>RO</arg>
<arg>RS</arg>
<arg>RU</arg>
<arg>RW</arg>
<arg>SA</arg>
<arg>SB</arg>
<arg>SC</arg>
<arg>SD</arg>
<arg>SE</arg>
<arg>SG</arg>
<arg>SH</arg>
<arg>SI</arg>
<arg>SJ</arg>
<arg>SK</arg>
<arg>SL</arg>
<arg>SM</arg>
<arg>SN</arg>
<arg>SO</arg>
<arg>SR</arg>
<arg>SS</arg>
<arg>ST</arg>
<arg>SV</arg>
<arg>SX</arg>
<arg>SY</arg>
<arg>SZ</arg>
<arg>TC</arg>
<arg>TD</arg>
<arg>TF</arg>
<arg>TG</arg>
<arg>TH</arg>
<arg>TJ</arg>
<arg>TK</arg>
<arg>TL</arg>
<arg>TM</arg>
<arg>TN</arg>
<arg>TO</arg>
<arg>TR</arg>
<arg>TT</arg>
<arg>TV</arg>
<arg>TW</arg>
<arg>TZ</arg>
<arg>UA</arg>
<arg>UG</arg>
<arg>UM</arg>
<arg>US</arg>
<arg>UY</arg>
<arg>UZ</arg>
<arg>VA</arg>
<arg>VC</arg>
<arg>VE</arg>
<arg>VG</arg>
<arg>VI</arg>
<arg>VN</arg>
<arg>VU</arg>
<arg>WF</arg>
<arg>WS</arg>
<arg>XK</arg>
<arg>YE</arg>
<arg>YT</arg>
<arg>ZA</arg>
<arg>ZM</arg>
<arg>ZW</arg>
<doc>Returns a list containing given items.</doc>
<status status="PASS" start="2024-08-08T03:17:33.396199" elapsed="0.000621"/>
</kw>
<kw name="List Should Contain Value" owner="Collections">
<arg>${list_country}</arg>
<arg>${name_country}</arg>
<doc>Fails if the ``value`` is not found from ``list``.</doc>
<status status="PASS" start="2024-08-08T03:17:33.397812" elapsed="0.000211"/>
</kw>
<kw name="Run Keyword If" owner="BuiltIn">
<kw name="Should Be True" owner="BuiltIn">
<arg>${True}</arg>
<doc>Fails if the given condition is not true.</doc>
<status status="PASS" start="2024-08-08T03:17:33.399022" elapsed="0.000144"/>
</kw>
<arg>${json_data["results"][0]["location"]["coordinates"]["latitude"]} &gt;= -90 and ${json_data["results"][0]["location"]["coordinates"]["latitude"]} &lt;= 90</arg>
<arg>Should Be True</arg>
<arg>${True}</arg>
<doc>Runs the given keyword with the given arguments, if ``condition`` is true.</doc>
<status status="PASS" start="2024-08-08T03:17:33.398227" elapsed="0.001072"/>
</kw>
<kw name="Run Keyword If" owner="BuiltIn">
<kw name="Should Be True" owner="BuiltIn">
<arg>${True}</arg>
<doc>Fails if the given condition is not true.</doc>
<status status="PASS" start="2024-08-08T03:17:33.400159" elapsed="0.000142"/>
</kw>
<arg>${json_data["results"][0]["location"]["coordinates"]["longitude"]} &gt;= -180 and ${json_data["results"][0]["location"]["coordinates"]["longitude"]} &lt;= 180</arg>
<arg>Should Be True</arg>
<arg>${True}</arg>
<doc>Runs the given keyword with the given arguments, if ``condition`` is true.</doc>
<status status="PASS" start="2024-08-08T03:17:33.399479" elapsed="0.000944"/>
</kw>
<status status="PASS" start="2024-08-08T03:17:33.230584" elapsed="0.169970"/>
</kw>
<doc>Testa o conteúdo específico dos campos retornados pela API.</doc>
<tag>testeConteudo</tag>
<status status="PASS" start="2024-08-08T03:17:33.230083" elapsed="0.170624"/>
</test>
<status status="PASS" start="2024-08-08T03:17:31.837595" elapsed="1.565094"/>
</suite>
<status status="PASS" start="2024-08-08T03:17:31.822402" elapsed="1.585411"/>
</suite>
<statistics>
<total>
<stat pass="5" fail="0" skip="0">All Tests</stat>
</total>
<tag>
<stat pass="1" fail="0" skip="0">testeConteudo</stat>
<stat pass="1" fail="0" skip="0">testeEstruturaResposta</stat>
<stat pass="1" fail="0" skip="0">testeRequisicaoBasica</stat>
<stat pass="1" fail="0" skip="0">testeTiposDados</stat>
</tag>
<suite>
<stat pass="5" fail="0" skip="0" id="s1" name="Tests">Tests</stat>
<stat pass="5" fail="0" skip="0" id="s1-s1" name="Random-User-Test">Tests.Random-User-Test</stat>
</suite>
</statistics>
<errors>
</errors>
</robot>
