<?xml version="1.0" encoding="UTF-8"?>
<robot generator="Robot 7.0 (Python 3.12.3 on linux)" generated="2024-05-17T14:14:13.170091" rpa="false" schemaversion="5">
<suite id="s1" name="Tests" source="/home/runner/work/DesafioQAItauRogerioJordao/DesafioQAItauRogerioJordao/RamdonUser/tests">
<suite id="s1-s1" name="Random-User-Test" source="/home/runner/work/DesafioQAItauRogerioJordao/DesafioQAItauRogerioJordao/RamdonUser/tests/random-user-test.robot">
<test id="s1-s1-t1" name="Conectar" line="13">
<kw name="Conectar API" owner="random-user-service">
<kw name="Create Session" owner="RequestsLibrary">
<msg time="2024-05-17T14:14:13.537363" level="INFO">Creating Session using : alias=consultarAPI, url=https://randomuser.me/, headers={},                     cookies={}, auth=None, timeout=None, proxies=None, verify=False,                     debug=0 </msg>
<arg>consultarAPI</arg>
<arg>${URL}</arg>
<doc>Create Session: create a HTTP session to a server</doc>
<status status="PASS" start="2024-05-17T14:14:13.537168" elapsed="0.000360"/>
</kw>
<status status="PASS" start="2024-05-17T14:14:13.536216" elapsed="0.001644"/>
</kw>
<status status="PASS" start="2024-05-17T14:14:13.535638" elapsed="0.002417"/>
</test>
<test id="s1-s1-t2" name="Validar retorno 200 e JSON Válido" line="16">
<kw name="Teste de Requisicao Basica" owner="random-user-service">
<kw name="GET On Session" owner="RequestsLibrary">
<msg time="2024-05-17T14:14:13.772224" level="INFO">GET Request : url=https://randomuser.me/api 
 path_url=/api 
 headers={'User-Agent': 'python-requests/2.31.0', 'Accept-Encoding': 'gzip, deflate', 'Accept': '*/*', 'Connection': 'keep-alive'} 
 body=None 
 </msg>
<msg time="2024-05-17T14:14:13.772367" level="INFO">GET Response : url=https://randomuser.me/api 
 status=200, reason=OK 
 headers={'Date': 'Fri, 17 May 2024 14:14:13 GMT', 'Content-Type': 'application/json; charset=utf-8', 'Transfer-Encoding': 'chunked', 'Connection': 'keep-alive', 'X-Powered-By': 'Express', 'Access-Control-Allow-Origin': '*', 'Cache-Control': 'no-cache', 'ETag': 'W/"4a6-vpUmIB/rN3etil+p3DQTEp/u4jc"', 'Vary': 'Accept-Encoding', 'Content-Encoding': 'gzip', 'CF-Cache-Status': 'DYNAMIC', 'Report-To': '{"endpoints":[{"url":"https:\\/\\/a.nel.cloudflare.com\\/report\\/v4?s=28j9ul6Sk594%2FUHIUmNQf7nU3c4y7A0TGRX6mo024gVtA2lI%2BU9KLdirSHVCp8%2BKZCJ%2FaNRbpu0y%2B5aeCr8yABCr6oSERc4YbVqXhIx7cYelgvMsM3yrOFE4xEvFr%2FLa"}],"group":"cf-nel","max_age":604800}', 'NEL': '{"success_fraction":0,"report_to":"cf-nel","max_age":604800}', 'Server': 'cloudflare', 'CF-RAY': '8854366f9a8f205a-IAD', 'alt-svc': 'h3=":443"; ma=86400'} 
 body={"results":[{"gender":"female","name":{"title":"Miss","first":"Lilja","last":"Niemi"},"location":{"street":{"number":860,"name":"Siilitie"},"city":"Vaasa","state":"Southern Ostrobothnia","country":"Finland","postcode":26810,"coordinates":{"latitude":"-26.4048","longitude":"137.3387"},"timezone":{"offset":"+3:00","description":"Baghdad, Riyadh, Moscow, St. Petersburg"}},"email":"lilja.niemi@example.com","login":{"uuid":"7a281dec-22a1-4282-a099-1929fb755f31","username":"organicbutterfly617","password":"movie","salt":"lOfkHlyc","md5":"0ec99b6487f3637fb8f3653b0115b879","sha1":"1e3ee6b51776c4938a847eca9da0f26b598fbb00","sha256":"072fe4512f860c445b93e5e6348dc370eb4f14a3538f1784aab9bf78247cac7c"},"dob":{"date":"1952-10-17T23:54:32.321Z","age":71},"registered":{"date":"2014-03-26T09:50:43.286Z","age":10},"phone":"07-433-920","cell":"048-897-68-53","id":{"name":"HETU","value":"NaNNA328undefined"},"picture":{"large":"https://randomuser.me/api/portraits/women/96.jpg","medium":"https://randomuser.me/api/portraits/med/women/96.jpg","thumbnail":"https://randomuser.me/api/portraits/thumb/women/96.jpg"},"nat":"FI"}],"info":{"seed":"c9c0933a9a718227","results":1,"page":1,"version":"1.4"}} 
 </msg>
<msg time="2024-05-17T14:14:13.772461" level="INFO">/opt/hostedtoolcache/Python/3.12.3/x64/lib/python3.12/site-packages/urllib3/connectionpool.py:1103: InsecureRequestWarning: Unverified HTTPS request is being made to host 'randomuser.me'. Adding certificate verification is strongly advised. See: https://urllib3.readthedocs.io/en/latest/advanced-usage.html#tls-warnings
  warnings.warn(</msg>
<msg time="2024-05-17T14:14:13.772635" level="INFO">${response} = &lt;Response [200]&gt;</msg>
<var>${response}</var>
<arg>consultarAPI</arg>
<arg>/api</arg>
<doc>Sends a GET request on a previously created HTTP Session.</doc>
<status status="PASS" start="2024-05-17T14:14:13.540718" elapsed="0.231971"/>
</kw>
<kw name="Should Be Equal As Numbers" owner="BuiltIn">
<msg time="2024-05-17T14:14:13.773569" level="INFO">Argument types are:
&lt;class 'int'&gt;
&lt;class 'str'&gt;</msg>
<arg>${response.status_code}</arg>
<arg>200</arg>
<doc>Fails if objects are unequal after converting them to real numbers.</doc>
<status status="PASS" start="2024-05-17T14:14:13.773144" elapsed="0.000490"/>
</kw>
<kw name="Log" owner="BuiltIn">
<msg time="2024-05-17T14:14:13.774316" level="INFO">200</msg>
<arg>${response.status_code}</arg>
<doc>Logs the given message with the given level.</doc>
<status status="PASS" start="2024-05-17T14:14:13.773957" elapsed="0.000403"/>
</kw>
<kw name="Set Variable" owner="BuiltIn">
<msg time="2024-05-17T14:14:13.775107" level="INFO">${json_data} = {'results': [{'gender': 'female', 'name': {'title': 'Miss', 'first': 'Lilja', 'last': 'Niemi'}, 'location': {'street': {'number': 860, 'name': 'Siilitie'}, 'city': 'Vaasa', 'state': 'Southern Ostrobot...</msg>
<var>${json_data}</var>
<arg>${response.json()}</arg>
<doc>Returns the given values which can then be assigned to a variables.</doc>
<status status="PASS" start="2024-05-17T14:14:13.774669" elapsed="0.000468"/>
</kw>
<kw name="Dictionary Should Contain Key" owner="Collections">
<msg time="2024-05-17T14:14:13.775607" level="INFO">False</msg>
<arg>${json_data}</arg>
<arg>results</arg>
<doc>Fails if ``key`` is not found from ``dictionary``.</doc>
<status status="PASS" start="2024-05-17T14:14:13.775440" elapsed="0.000207"/>
</kw>
<status status="PASS" start="2024-05-17T14:14:13.540478" elapsed="0.235424"/>
</kw>
<doc>Testa se a API responde corretamente e retorna um objeto JSON válido.</doc>
<tag>testeRequisicaoBasica</tag>
<status status="PASS" start="2024-05-17T14:14:13.539932" elapsed="0.236148"/>
</test>
<test id="s1-s1-t3" name="Validar estrutura de resposta" line="22">
<kw name="Teste de Estrutura de Resposta" owner="random-user-service">
<kw name="GET On Session" owner="RequestsLibrary">
<msg time="2024-05-17T14:14:13.845567" level="INFO">GET Request : url=https://randomuser.me/api 
 path_url=/api 
 headers={'User-Agent': 'python-requests/2.31.0', 'Accept-Encoding': 'gzip, deflate', 'Accept': '*/*', 'Connection': 'keep-alive'} 
 body=None 
 </msg>
<msg time="2024-05-17T14:14:13.845646" level="INFO">GET Response : url=https://randomuser.me/api 
 status=200, reason=OK 
 headers={'Date': 'Fri, 17 May 2024 14:14:13 GMT', 'Content-Type': 'application/json; charset=utf-8', 'Transfer-Encoding': 'chunked', 'Connection': 'keep-alive', 'X-Powered-By': 'Express', 'Access-Control-Allow-Origin': '*', 'Cache-Control': 'no-cache', 'ETag': 'W/"499-8/uW16jxA29oPp8eDn+TA4Y1zcs"', 'Vary': 'Accept-Encoding', 'Content-Encoding': 'gzip', 'CF-Cache-Status': 'DYNAMIC', 'Report-To': '{"endpoints":[{"url":"https:\\/\\/a.nel.cloudflare.com\\/report\\/v4?s=FeELtEfkrVjvxUGMj42yO13G6G8PFJU7kycBDksM%2FB%2F9auH9fBBrIhFTNWh49i8sO1qrmfsFBNEIuZ45uFJG3Kh%2B5WsHkpg5PGjVZDToaLcdcKsA3tmwqQn0sjt%2B8UWb"}],"group":"cf-nel","max_age":604800}', 'NEL': '{"success_fraction":0,"report_to":"cf-nel","max_age":604800}', 'Server': 'cloudflare', 'CF-RAY': '885436702b51205a-IAD', 'alt-svc': 'h3=":443"; ma=86400'} 
 body={"results":[{"gender":"male","name":{"title":"Mr","first":"Merwin","last":"Winters"},"location":{"street":{"number":8378,"name":"Hellemonsdreef"},"city":"Serooskerke Walcheren","state":"Drenthe","country":"Netherlands","postcode":"4903 KC","coordinates":{"latitude":"32.6685","longitude":"-138.2344"},"timezone":{"offset":"+7:00","description":"Bangkok, Hanoi, Jakarta"}},"email":"merwin.winters@example.com","login":{"uuid":"9fddbc05-77a6-4656-815f-6d7a00c24438","username":"greenzebra483","password":"babyface","salt":"EBPzyvzd","md5":"07db0eeb991e355dc5edf92405cc1ded","sha1":"1e0b5d3ced9b558aa3227150b59cdce76bfd6a2a","sha256":"6f01860b956766c362f0c55175166b17db8add0ed9ee5f09fc05e4583cadb0bd"},"dob":{"date":"1992-11-19T06:13:01.576Z","age":31},"registered":{"date":"2012-04-10T21:21:28.784Z","age":12},"phone":"(000) 7122252","cell":"(06) 05032933","id":{"name":"BSN","value":"37293849"},"picture":{"large":"https://randomuser.me/api/portraits/men/65.jpg","medium":"https://randomuser.me/api/portraits/med/men/65.jpg","thumbnail":"https://randomuser.me/api/portraits/thumb/men/65.jpg"},"nat":"NL"}],"info":{"seed":"ea062cf9d4b3fce7","results":1,"page":1,"version":"1.4"}} 
 </msg>
<msg time="2024-05-17T14:14:13.845758" level="INFO">/opt/hostedtoolcache/Python/3.12.3/x64/lib/python3.12/site-packages/urllib3/connectionpool.py:1103: InsecureRequestWarning: Unverified HTTPS request is being made to host 'randomuser.me'. Adding certificate verification is strongly advised. See: https://urllib3.readthedocs.io/en/latest/advanced-usage.html#tls-warnings
  warnings.warn(</msg>
<msg time="2024-05-17T14:14:13.845887" level="INFO">${response} = &lt;Response [200]&gt;</msg>
<var>${response}</var>
<arg>consultarAPI</arg>
<arg>/api</arg>
<doc>Sends a GET request on a previously created HTTP Session.</doc>
<status status="PASS" start="2024-05-17T14:14:13.778782" elapsed="0.067145"/>
</kw>
<kw name="Set Variable" owner="BuiltIn">
<msg time="2024-05-17T14:14:13.846736" level="INFO">${json_data} = {'results': [{'gender': 'male', 'name': {'title': 'Mr', 'first': 'Merwin', 'last': 'Winters'}, 'location': {'street': {'number': 8378, 'name': 'Hellemonsdreef'}, 'city': 'Serooskerke Walcheren', 'stat...</msg>
<var>${json_data}</var>
<arg>${response.json()}</arg>
<doc>Returns the given values which can then be assigned to a variables.</doc>
<status status="PASS" start="2024-05-17T14:14:13.846278" elapsed="0.000487"/>
</kw>
<kw name="Log" owner="BuiltIn">
<msg time="2024-05-17T14:14:13.847233" level="INFO">{'results': [{'gender': 'male', 'name': {'title': 'Mr', 'first': 'Merwin', 'last': 'Winters'}, 'location': {'street': {'number': 8378, 'name': 'Hellemonsdreef'}, 'city': 'Serooskerke Walcheren', 'state': 'Drenthe', 'country': 'Netherlands', 'postcode': '4903 KC', 'coordinates': {'latitude': '32.6685', 'longitude': '-138.2344'}, 'timezone': {'offset': '+7:00', 'description': 'Bangkok, Hanoi, Jakarta'}}, 'email': 'merwin.winters@example.com', 'login': {'uuid': '9fddbc05-77a6-4656-815f-6d7a00c24438', 'username': 'greenzebra483', 'password': 'babyface', 'salt': 'EBPzyvzd', 'md5': '07db0eeb991e355dc5edf92405cc1ded', 'sha1': '1e0b5d3ced9b558aa3227150b59cdce76bfd6a2a', 'sha256': '6f01860b956766c362f0c55175166b17db8add0ed9ee5f09fc05e4583cadb0bd'}, 'dob': {'date': '1992-11-19T06:13:01.576Z', 'age': 31}, 'registered': {'date': '2012-04-10T21:21:28.784Z', 'age': 12}, 'phone': '(000) 7122252', 'cell': '(06) 05032933', 'id': {'name': 'BSN', 'value': '37293849'}, 'picture': {'large': 'https://randomuser.me/api/portraits/men/65.jpg', 'medium': 'https://randomuser.me/api/portraits/med/men/65.jpg', 'thumbnail': 'https://randomuser.me/api/portraits/thumb/men/65.jpg'}, 'nat': 'NL'}], 'info': {'seed': 'ea062cf9d4b3fce7', 'results': 1, 'page': 1, 'version': '1.4'}}</msg>
<arg>${json_data}</arg>
<doc>Logs the given message with the given level.</doc>
<status status="PASS" start="2024-05-17T14:14:13.847072" elapsed="0.000212"/>
</kw>
<kw name="Dictionary Should Contain Key" owner="Collections">
<msg time="2024-05-17T14:14:13.847734" level="INFO">False</msg>
<arg>${json_data}</arg>
<arg>results</arg>
<doc>Fails if ``key`` is not found from ``dictionary``.</doc>
<status status="PASS" start="2024-05-17T14:14:13.847583" elapsed="0.000188"/>
</kw>
<kw name="Should Not Be Empty" owner="BuiltIn">
<msg time="2024-05-17T14:14:13.848199" level="INFO">Length is 2.</msg>
<arg>${json_data}</arg>
<doc>Verifies that the given item is not empty.</doc>
<status status="PASS" start="2024-05-17T14:14:13.848066" elapsed="0.000171"/>
</kw>
<kw name="Create List" owner="BuiltIn">
<msg time="2024-05-17T14:14:13.848809" level="INFO">${expected_keys} = ['gender', 'name', 'location', 'email', 'login']</msg>
<var>${expected_keys}</var>
<arg>gender</arg>
<arg>name</arg>
<arg>location</arg>
<arg>email</arg>
<arg>login</arg>
<doc>Returns a list containing given items.</doc>
<status status="PASS" start="2024-05-17T14:14:13.848537" elapsed="0.000298"/>
</kw>
<for flavor="IN">
<iter>
<kw name="Dictionary Should Contain Key" owner="Collections">
<msg time="2024-05-17T14:14:13.849860" level="INFO">False</msg>
<arg>${json_data['results'][0]}</arg>
<arg>${key}</arg>
<doc>Fails if ``key`` is not found from ``dictionary``.</doc>
<status status="PASS" start="2024-05-17T14:14:13.849462" elapsed="0.000437"/>
</kw>
<kw name="Log" owner="BuiltIn">
<msg time="2024-05-17T14:14:13.850556" level="INFO">{'gender': 'male', 'name': {'title': 'Mr', 'first': 'Merwin', 'last': 'Winters'}, 'location': {'street': {'number': 8378, 'name': 'Hellemonsdreef'}, 'city': 'Serooskerke Walcheren', 'state': 'Drenthe', 'country': 'Netherlands', 'postcode': '4903 KC', 'coordinates': {'latitude': '32.6685', 'longitude': '-138.2344'}, 'timezone': {'offset': '+7:00', 'description': 'Bangkok, Hanoi, Jakarta'}}, 'email': 'merwin.winters@example.com', 'login': {'uuid': '9fddbc05-77a6-4656-815f-6d7a00c24438', 'username': 'greenzebra483', 'password': 'babyface', 'salt': 'EBPzyvzd', 'md5': '07db0eeb991e355dc5edf92405cc1ded', 'sha1': '1e0b5d3ced9b558aa3227150b59cdce76bfd6a2a', 'sha256': '6f01860b956766c362f0c55175166b17db8add0ed9ee5f09fc05e4583cadb0bd'}, 'dob': {'date': '1992-11-19T06:13:01.576Z', 'age': 31}, 'registered': {'date': '2012-04-10T21:21:28.784Z', 'age': 12}, 'phone': '(000) 7122252', 'cell': '(06) 05032933', 'id': {'name': 'BSN', 'value': '37293849'}, 'picture': {'large': 'https://randomuser.me/api/portraits/men/65.jpg', 'medium': 'https://randomuser.me/api/portraits/med/men/65.jpg', 'thumbnail': 'https://randomuser.me/api/portraits/thumb/men/65.jpg'}, 'nat': 'NL'}</msg>
<arg>${json_data['results'][0]}</arg>
<doc>Logs the given message with the given level.</doc>
<status status="PASS" start="2024-05-17T14:14:13.850197" elapsed="0.000408"/>
</kw>
<kw name="Log" owner="BuiltIn">
<msg time="2024-05-17T14:14:13.851036" level="INFO">gender</msg>
<arg>${key}</arg>
<doc>Logs the given message with the given level.</doc>
<status status="PASS" start="2024-05-17T14:14:13.850907" elapsed="0.000167"/>
</kw>
<var name="${key}">gender</var>
<status status="PASS" start="2024-05-17T14:14:13.849334" elapsed="0.001953"/>
</iter>
<iter>
<kw name="Dictionary Should Contain Key" owner="Collections">
<msg time="2024-05-17T14:14:13.851972" level="INFO">False</msg>
<arg>${json_data['results'][0]}</arg>
<arg>${key}</arg>
<doc>Fails if ``key`` is not found from ``dictionary``.</doc>
<status status="PASS" start="2024-05-17T14:14:13.851588" elapsed="0.000422"/>
</kw>
<kw name="Log" owner="BuiltIn">
<msg time="2024-05-17T14:14:13.852692" level="INFO">{'gender': 'male', 'name': {'title': 'Mr', 'first': 'Merwin', 'last': 'Winters'}, 'location': {'street': {'number': 8378, 'name': 'Hellemonsdreef'}, 'city': 'Serooskerke Walcheren', 'state': 'Drenthe', 'country': 'Netherlands', 'postcode': '4903 KC', 'coordinates': {'latitude': '32.6685', 'longitude': '-138.2344'}, 'timezone': {'offset': '+7:00', 'description': 'Bangkok, Hanoi, Jakarta'}}, 'email': 'merwin.winters@example.com', 'login': {'uuid': '9fddbc05-77a6-4656-815f-6d7a00c24438', 'username': 'greenzebra483', 'password': 'babyface', 'salt': 'EBPzyvzd', 'md5': '07db0eeb991e355dc5edf92405cc1ded', 'sha1': '1e0b5d3ced9b558aa3227150b59cdce76bfd6a2a', 'sha256': '6f01860b956766c362f0c55175166b17db8add0ed9ee5f09fc05e4583cadb0bd'}, 'dob': {'date': '1992-11-19T06:13:01.576Z', 'age': 31}, 'registered': {'date': '2012-04-10T21:21:28.784Z', 'age': 12}, 'phone': '(000) 7122252', 'cell': '(06) 05032933', 'id': {'name': 'BSN', 'value': '37293849'}, 'picture': {'large': 'https://randomuser.me/api/portraits/men/65.jpg', 'medium': 'https://randomuser.me/api/portraits/med/men/65.jpg', 'thumbnail': 'https://randomuser.me/api/portraits/thumb/men/65.jpg'}, 'nat': 'NL'}</msg>
<arg>${json_data['results'][0]}</arg>
<doc>Logs the given message with the given level.</doc>
<status status="PASS" start="2024-05-17T14:14:13.852335" elapsed="0.000415"/>
</kw>
<kw name="Log" owner="BuiltIn">
<msg time="2024-05-17T14:14:13.853223" level="INFO">name</msg>
<arg>${key}</arg>
<doc>Logs the given message with the given level.</doc>
<status status="PASS" start="2024-05-17T14:14:13.853094" elapsed="0.000168"/>
</kw>
<var name="${key}">name</var>
<status status="PASS" start="2024-05-17T14:14:13.851473" elapsed="0.002006"/>
</iter>
<iter>
<kw name="Dictionary Should Contain Key" owner="Collections">
<msg time="2024-05-17T14:14:13.854166" level="INFO">False</msg>
<arg>${json_data['results'][0]}</arg>
<arg>${key}</arg>
<doc>Fails if ``key`` is not found from ``dictionary``.</doc>
<status status="PASS" start="2024-05-17T14:14:13.853772" elapsed="0.000432"/>
</kw>
<kw name="Log" owner="BuiltIn">
<msg time="2024-05-17T14:14:13.854863" level="INFO">{'gender': 'male', 'name': {'title': 'Mr', 'first': 'Merwin', 'last': 'Winters'}, 'location': {'street': {'number': 8378, 'name': 'Hellemonsdreef'}, 'city': 'Serooskerke Walcheren', 'state': 'Drenthe', 'country': 'Netherlands', 'postcode': '4903 KC', 'coordinates': {'latitude': '32.6685', 'longitude': '-138.2344'}, 'timezone': {'offset': '+7:00', 'description': 'Bangkok, Hanoi, Jakarta'}}, 'email': 'merwin.winters@example.com', 'login': {'uuid': '9fddbc05-77a6-4656-815f-6d7a00c24438', 'username': 'greenzebra483', 'password': 'babyface', 'salt': 'EBPzyvzd', 'md5': '07db0eeb991e355dc5edf92405cc1ded', 'sha1': '1e0b5d3ced9b558aa3227150b59cdce76bfd6a2a', 'sha256': '6f01860b956766c362f0c55175166b17db8add0ed9ee5f09fc05e4583cadb0bd'}, 'dob': {'date': '1992-11-19T06:13:01.576Z', 'age': 31}, 'registered': {'date': '2012-04-10T21:21:28.784Z', 'age': 12}, 'phone': '(000) 7122252', 'cell': '(06) 05032933', 'id': {'name': 'BSN', 'value': '37293849'}, 'picture': {'large': 'https://randomuser.me/api/portraits/men/65.jpg', 'medium': 'https://randomuser.me/api/portraits/med/men/65.jpg', 'thumbnail': 'https://randomuser.me/api/portraits/thumb/men/65.jpg'}, 'nat': 'NL'}</msg>
<arg>${json_data['results'][0]}</arg>
<doc>Logs the given message with the given level.</doc>
<status status="PASS" start="2024-05-17T14:14:13.854505" elapsed="0.000408"/>
</kw>
<kw name="Log" owner="BuiltIn">
<msg time="2024-05-17T14:14:13.855336" level="INFO">location</msg>
<arg>${key}</arg>
<doc>Logs the given message with the given level.</doc>
<status status="PASS" start="2024-05-17T14:14:13.855210" elapsed="0.000164"/>
</kw>
<var name="${key}">location</var>
<status status="PASS" start="2024-05-17T14:14:13.853659" elapsed="0.001930"/>
</iter>
<iter>
<kw name="Dictionary Should Contain Key" owner="Collections">
<msg time="2024-05-17T14:14:13.856259" level="INFO">False</msg>
<arg>${json_data['results'][0]}</arg>
<arg>${key}</arg>
<doc>Fails if ``key`` is not found from ``dictionary``.</doc>
<status status="PASS" start="2024-05-17T14:14:13.855876" elapsed="0.000420"/>
</kw>
<kw name="Log" owner="BuiltIn">
<msg time="2024-05-17T14:14:13.857052" level="INFO">{'gender': 'male', 'name': {'title': 'Mr', 'first': 'Merwin', 'last': 'Winters'}, 'location': {'street': {'number': 8378, 'name': 'Hellemonsdreef'}, 'city': 'Serooskerke Walcheren', 'state': 'Drenthe', 'country': 'Netherlands', 'postcode': '4903 KC', 'coordinates': {'latitude': '32.6685', 'longitude': '-138.2344'}, 'timezone': {'offset': '+7:00', 'description': 'Bangkok, Hanoi, Jakarta'}}, 'email': 'merwin.winters@example.com', 'login': {'uuid': '9fddbc05-77a6-4656-815f-6d7a00c24438', 'username': 'greenzebra483', 'password': 'babyface', 'salt': 'EBPzyvzd', 'md5': '07db0eeb991e355dc5edf92405cc1ded', 'sha1': '1e0b5d3ced9b558aa3227150b59cdce76bfd6a2a', 'sha256': '6f01860b956766c362f0c55175166b17db8add0ed9ee5f09fc05e4583cadb0bd'}, 'dob': {'date': '1992-11-19T06:13:01.576Z', 'age': 31}, 'registered': {'date': '2012-04-10T21:21:28.784Z', 'age': 12}, 'phone': '(000) 7122252', 'cell': '(06) 05032933', 'id': {'name': 'BSN', 'value': '37293849'}, 'picture': {'large': 'https://randomuser.me/api/portraits/men/65.jpg', 'medium': 'https://randomuser.me/api/portraits/med/men/65.jpg', 'thumbnail': 'https://randomuser.me/api/portraits/thumb/men/65.jpg'}, 'nat': 'NL'}</msg>
<arg>${json_data['results'][0]}</arg>
<doc>Logs the given message with the given level.</doc>
<status status="PASS" start="2024-05-17T14:14:13.856627" elapsed="0.000476"/>
</kw>
<kw name="Log" owner="BuiltIn">
<msg time="2024-05-17T14:14:13.857558" level="INFO">email</msg>
<arg>${key}</arg>
<doc>Logs the given message with the given level.</doc>
<status status="PASS" start="2024-05-17T14:14:13.857427" elapsed="0.000169"/>
</kw>
<var name="${key}">email</var>
<status status="PASS" start="2024-05-17T14:14:13.855764" elapsed="0.002080"/>
</iter>
<iter>
<kw name="Dictionary Should Contain Key" owner="Collections">
<msg time="2024-05-17T14:14:13.858583" level="INFO">False</msg>
<arg>${json_data['results'][0]}</arg>
<arg>${key}</arg>
<doc>Fails if ``key`` is not found from ``dictionary``.</doc>
<status status="PASS" start="2024-05-17T14:14:13.858159" elapsed="0.000461"/>
</kw>
<kw name="Log" owner="BuiltIn">
<msg time="2024-05-17T14:14:13.859332" level="INFO">{'gender': 'male', 'name': {'title': 'Mr', 'first': 'Merwin', 'last': 'Winters'}, 'location': {'street': {'number': 8378, 'name': 'Hellemonsdreef'}, 'city': 'Serooskerke Walcheren', 'state': 'Drenthe', 'country': 'Netherlands', 'postcode': '4903 KC', 'coordinates': {'latitude': '32.6685', 'longitude': '-138.2344'}, 'timezone': {'offset': '+7:00', 'description': 'Bangkok, Hanoi, Jakarta'}}, 'email': 'merwin.winters@example.com', 'login': {'uuid': '9fddbc05-77a6-4656-815f-6d7a00c24438', 'username': 'greenzebra483', 'password': 'babyface', 'salt': 'EBPzyvzd', 'md5': '07db0eeb991e355dc5edf92405cc1ded', 'sha1': '1e0b5d3ced9b558aa3227150b59cdce76bfd6a2a', 'sha256': '6f01860b956766c362f0c55175166b17db8add0ed9ee5f09fc05e4583cadb0bd'}, 'dob': {'date': '1992-11-19T06:13:01.576Z', 'age': 31}, 'registered': {'date': '2012-04-10T21:21:28.784Z', 'age': 12}, 'phone': '(000) 7122252', 'cell': '(06) 05032933', 'id': {'name': 'BSN', 'value': '37293849'}, 'picture': {'large': 'https://randomuser.me/api/portraits/men/65.jpg', 'medium': 'https://randomuser.me/api/portraits/med/men/65.jpg', 'thumbnail': 'https://randomuser.me/api/portraits/thumb/men/65.jpg'}, 'nat': 'NL'}</msg>
<arg>${json_data['results'][0]}</arg>
<doc>Logs the given message with the given level.</doc>
<status status="PASS" start="2024-05-17T14:14:13.858945" elapsed="0.000435"/>
</kw>
<kw name="Log" owner="BuiltIn">
<msg time="2024-05-17T14:14:13.859817" level="INFO">login</msg>
<arg>${key}</arg>
<doc>Logs the given message with the given level.</doc>
<status status="PASS" start="2024-05-17T14:14:13.859688" elapsed="0.000166"/>
</kw>
<var name="${key}">login</var>
<status status="PASS" start="2024-05-17T14:14:13.858020" elapsed="0.002090"/>
</iter>
<var>${key}</var>
<value>@{expected_keys}</value>
<status status="PASS" start="2024-05-17T14:14:13.849148" elapsed="0.011088"/>
</for>
<kw name="Create List" owner="BuiltIn">
<msg time="2024-05-17T14:14:13.860602" level="INFO">${expected_keysTwo} = ['username', 'password']</msg>
<var>${expected_keysTwo}</var>
<arg>username</arg>
<arg>password</arg>
<doc>Returns a list containing given items.</doc>
<status status="PASS" start="2024-05-17T14:14:13.860459" elapsed="0.000168"/>
</kw>
<for flavor="IN">
<iter>
<kw name="Dictionary Should Contain Key" owner="Collections">
<msg time="2024-05-17T14:14:13.861624" level="INFO">False</msg>
<arg>${json_data['results'][0]['login']}</arg>
<arg>${keyTwo}</arg>
<doc>Fails if ``key`` is not found from ``dictionary``.</doc>
<status status="PASS" start="2024-05-17T14:14:13.861183" elapsed="0.000480"/>
</kw>
<kw name="Dictionary Should Contain Key" owner="Collections">
<msg time="2024-05-17T14:14:13.862395" level="INFO">False</msg>
<arg>${json_data['results'][0]['login']}</arg>
<arg>${keyTwo}</arg>
<doc>Fails if ``key`` is not found from ``dictionary``.</doc>
<status status="PASS" start="2024-05-17T14:14:13.861984" elapsed="0.000450"/>
</kw>
<kw name="Log" owner="BuiltIn">
<msg time="2024-05-17T14:14:13.862879" level="INFO">username</msg>
<arg>${keyTwo}</arg>
<doc>Logs the given message with the given level.</doc>
<status status="PASS" start="2024-05-17T14:14:13.862749" elapsed="0.000173"/>
</kw>
<var name="${keyTwo}">username</var>
<status status="PASS" start="2024-05-17T14:14:13.861071" elapsed="0.002096"/>
</iter>
<iter>
<kw name="Dictionary Should Contain Key" owner="Collections">
<msg time="2024-05-17T14:14:13.863889" level="INFO">False</msg>
<arg>${json_data['results'][0]['login']}</arg>
<arg>${keyTwo}</arg>
<doc>Fails if ``key`` is not found from ``dictionary``.</doc>
<status status="PASS" start="2024-05-17T14:14:13.863475" elapsed="0.000456"/>
</kw>
<kw name="Dictionary Should Contain Key" owner="Collections">
<msg time="2024-05-17T14:14:13.864761" level="INFO">False</msg>
<arg>${json_data['results'][0]['login']}</arg>
<arg>${keyTwo}</arg>
<doc>Fails if ``key`` is not found from ``dictionary``.</doc>
<status status="PASS" start="2024-05-17T14:14:13.864250" elapsed="0.000553"/>
</kw>
<kw name="Log" owner="BuiltIn">
<msg time="2024-05-17T14:14:13.865293" level="INFO">password</msg>
<arg>${keyTwo}</arg>
<doc>Logs the given message with the given level.</doc>
<status status="PASS" start="2024-05-17T14:14:13.865161" elapsed="0.000169"/>
</kw>
<var name="${keyTwo}">password</var>
<status status="PASS" start="2024-05-17T14:14:13.863360" elapsed="0.002212"/>
</iter>
<var>${keyTwo}</var>
<value>@{expected_keysTwo}</value>
<status status="PASS" start="2024-05-17T14:14:13.860909" elapsed="0.004785"/>
</for>
<status status="PASS" start="2024-05-17T14:14:13.778547" elapsed="0.087313"/>
</kw>
<doc>Testa a estrutura da resposta da API.</doc>
<tag>testeEstruturaResposta</tag>
<status status="PASS" start="2024-05-17T14:14:13.777944" elapsed="0.088068"/>
</test>
<test id="s1-s1-t4" name="Validar tipos de dados" line="28">
<kw name="Teste de Tipos de Dados" owner="random-user-service">
<kw name="GET On Session" owner="RequestsLibrary">
<msg time="2024-05-17T14:14:13.942251" level="INFO">GET Request : url=https://randomuser.me/api 
 path_url=/api 
 headers={'User-Agent': 'python-requests/2.31.0', 'Accept-Encoding': 'gzip, deflate', 'Accept': '*/*', 'Connection': 'keep-alive'} 
 body=None 
 </msg>
<msg time="2024-05-17T14:14:13.942333" level="INFO">GET Response : url=https://randomuser.me/api 
 status=200, reason=OK 
 headers={'Date': 'Fri, 17 May 2024 14:14:13 GMT', 'Content-Type': 'application/json; charset=utf-8', 'Transfer-Encoding': 'chunked', 'Connection': 'keep-alive', 'X-Powered-By': 'Express', 'Access-Control-Allow-Origin': '*', 'Cache-Control': 'no-cache', 'ETag': 'W/"49b-EZ/VrR/uSB9nbPU8e9TDKxhqzXI"', 'Vary': 'Accept-Encoding', 'Content-Encoding': 'gzip', 'CF-Cache-Status': 'DYNAMIC', 'Report-To': '{"endpoints":[{"url":"https:\\/\\/a.nel.cloudflare.com\\/report\\/v4?s=tf0BQlyLgw01jWHO%2BU72FHAP80uKywpz%2BeLhSdZy6CpnlQ3gyQUTYsHeyda5BSxeLbnIEK8mfgzHdGrqKdlK6CeUexEE4l0yGJ5FqZ4IasrQaqSidnVdhMF5dAncH5rY"}],"group":"cf-nel","max_age":604800}', 'NEL': '{"success_fraction":0,"report_to":"cf-nel","max_age":604800}', 'Server': 'cloudflare', 'CF-RAY': '88543670bc21205a-IAD', 'alt-svc': 'h3=":443"; ma=86400'} 
 body={"results":[{"gender":"male","name":{"title":"Mr","first":"Duílio","last":"Rezende"},"location":{"street":{"number":5408,"name":"Rua São Pedro "},"city":"Governador Valadares","state":"Pará","country":"Brazil","postcode":41834,"coordinates":{"latitude":"-74.7697","longitude":"-40.3643"},"timezone":{"offset":"+4:00","description":"Abu Dhabi, Muscat, Baku, Tbilisi"}},"email":"duilio.rezende@example.com","login":{"uuid":"4da8c585-9056-4091-8f19-d0689c59c652","username":"biglion864","password":"wisdom","salt":"LctybLgW","md5":"776382846505a7ef6a05c8be84866090","sha1":"c7d0c430d55893ab54c8b60191f59576f2f59d8b","sha256":"d20d26187939736dfc151e3c5a1fdc107737cc29eace7ac1be95aa26aabc4293"},"dob":{"date":"1944-09-19T05:24:52.261Z","age":79},"registered":{"date":"2010-10-05T05:37:28.221Z","age":13},"phone":"(57) 3674-3172","cell":"(83) 0865-2755","id":{"name":"CPF","value":"471.444.336-05"},"picture":{"large":"https://randomuser.me/api/portraits/men/54.jpg","medium":"https://randomuser.me/api/portraits/med/men/54.jpg","thumbnail":"https://randomuser.me/api/portraits/thumb/men/54.jpg"},"nat":"BR"}],"info":{"seed":"21deb30d3a6f6316","results":1,"page":1,"version":"1.4"}} 
 </msg>
<msg time="2024-05-17T14:14:13.942414" level="INFO">/opt/hostedtoolcache/Python/3.12.3/x64/lib/python3.12/site-packages/urllib3/connectionpool.py:1103: InsecureRequestWarning: Unverified HTTPS request is being made to host 'randomuser.me'. Adding certificate verification is strongly advised. See: https://urllib3.readthedocs.io/en/latest/advanced-usage.html#tls-warnings
  warnings.warn(</msg>
<msg time="2024-05-17T14:14:13.942556" level="INFO">${response} = &lt;Response [200]&gt;</msg>
<var>${response}</var>
<arg>consultarAPI</arg>
<arg>/api</arg>
<doc>Sends a GET request on a previously created HTTP Session.</doc>
<status status="PASS" start="2024-05-17T14:14:13.868573" elapsed="0.074041"/>
</kw>
<kw name="Set Variable" owner="BuiltIn">
<msg time="2024-05-17T14:14:13.943423" level="INFO">${json_data} = {'results': [{'gender': 'male', 'name': {'title': 'Mr', 'first': 'Duílio', 'last': 'Rezende'}, 'location': {'street': {'number': 5408, 'name': 'Rua São Pedro '}, 'city': 'Governador Valadares', 'state...</msg>
<var>${json_data}</var>
<arg>${response.json()}</arg>
<doc>Returns the given values which can then be assigned to a variables.</doc>
<status status="PASS" start="2024-05-17T14:14:13.942973" elapsed="0.000481"/>
</kw>
<kw name="Log" owner="BuiltIn">
<msg time="2024-05-17T14:14:13.943913" level="INFO">{'results': [{'gender': 'male', 'name': {'title': 'Mr', 'first': 'Duílio', 'last': 'Rezende'}, 'location': {'street': {'number': 5408, 'name': 'Rua São Pedro '}, 'city': 'Governador Valadares', 'state': 'Pará', 'country': 'Brazil', 'postcode': 41834, 'coordinates': {'latitude': '-74.7697', 'longitude': '-40.3643'}, 'timezone': {'offset': '+4:00', 'description': 'Abu Dhabi, Muscat, Baku, Tbilisi'}}, 'email': 'duilio.rezende@example.com', 'login': {'uuid': '4da8c585-9056-4091-8f19-d0689c59c652', 'username': 'biglion864', 'password': 'wisdom', 'salt': 'LctybLgW', 'md5': '776382846505a7ef6a05c8be84866090', 'sha1': 'c7d0c430d55893ab54c8b60191f59576f2f59d8b', 'sha256': 'd20d26187939736dfc151e3c5a1fdc107737cc29eace7ac1be95aa26aabc4293'}, 'dob': {'date': '1944-09-19T05:24:52.261Z', 'age': 79}, 'registered': {'date': '2010-10-05T05:37:28.221Z', 'age': 13}, 'phone': '(57) 3674-3172', 'cell': '(83) 0865-2755', 'id': {'name': 'CPF', 'value': '471.444.336-05'}, 'picture': {'large': 'https://randomuser.me/api/portraits/men/54.jpg', 'medium': 'https://randomuser.me/api/portraits/med/men/54.jpg', 'thumbnail': 'https://randomuser.me/api/portraits/thumb/men/54.jpg'}, 'nat': 'BR'}], 'info': {'seed': '21deb30d3a6f6316', 'results': 1, 'page': 1, 'version': '1.4'}}</msg>
<arg>${json_data}</arg>
<doc>Logs the given message with the given level.</doc>
<status status="PASS" start="2024-05-17T14:14:13.943758" elapsed="0.000245"/>
</kw>
<kw name="Should Be String" owner="String">
<arg>${json_data['results'][0]['gender']}</arg>
<doc>Fails if the given ``item`` is not a string.</doc>
<status status="PASS" start="2024-05-17T14:14:13.944306" elapsed="0.000367"/>
</kw>
<kw name="Should Match Regexp" owner="BuiltIn">
<arg>${json_data['results'][0]['email']}</arg>
<arg>^[a-zA-Z0-9._%+-]+@[a-zA-Z0-9.-]+\.[a-zA-Z]{2,}$</arg>
<doc>Fails if ``string`` does not match ``pattern`` as a regular expression.</doc>
<status status="PASS" start="2024-05-17T14:14:13.944891" elapsed="0.000528"/>
</kw>
<kw name="Should Match Regexp" owner="BuiltIn">
<arg>${json_data['results'][0]['dob']['date']}</arg>
<arg>\\d{4}-\\d{2}-\\d{2}T\\d{2}:\\d{2}:\\d{2}\\.\\d{3}Z</arg>
<doc>Fails if ``string`` does not match ``pattern`` as a regular expression.</doc>
<status status="PASS" start="2024-05-17T14:14:13.945618" elapsed="0.000491"/>
</kw>
<kw name="Should Match Regexp" owner="BuiltIn">
<arg>${json_data['results'][0]['registered']['date']}</arg>
<arg>\\d{4}-\\d{2}-\\d{2}T\\d{2}:\\d{2}:\\d{2}\\.\\d{3}Z</arg>
<doc>Fails if ``string`` does not match ``pattern`` as a regular expression.</doc>
<status status="PASS" start="2024-05-17T14:14:13.946300" elapsed="0.000364"/>
</kw>
<kw name="Should Match Regexp" owner="BuiltIn">
<arg>${json_data['results'][0]['picture']['large']}</arg>
<arg>^https?://.*\.(?:png|jpe?g|gif|bmp)$</arg>
<doc>Fails if ``string`` does not match ``pattern`` as a regular expression.</doc>
<status status="PASS" start="2024-05-17T14:14:13.946852" elapsed="0.000452"/>
</kw>
<kw name="Should Match Regexp" owner="BuiltIn">
<arg>${json_data['results'][0]['picture']['medium']}</arg>
<arg>^https?://.*\.(?:png|jpe?g|gif|bmp)$</arg>
<doc>Fails if ``string`` does not match ``pattern`` as a regular expression.</doc>
<status status="PASS" start="2024-05-17T14:14:13.947493" elapsed="0.000358"/>
</kw>
<kw name="Should Match Regexp" owner="BuiltIn">
<arg>${json_data['results'][0]['picture']['thumbnail']}</arg>
<arg>^https?://.*\.(?:png|jpe?g|gif|bmp)$</arg>
<doc>Fails if ``string`` does not match ``pattern`` as a regular expression.</doc>
<status status="PASS" start="2024-05-17T14:14:13.948045" elapsed="0.000349"/>
</kw>
<kw name="Log" owner="BuiltIn">
<msg time="2024-05-17T14:14:13.948936" level="INFO">{'large': 'https://randomuser.me/api/portraits/men/54.jpg', 'medium': 'https://randomuser.me/api/portraits/med/men/54.jpg', 'thumbnail': 'https://randomuser.me/api/portraits/thumb/men/54.jpg'}</msg>
<arg>${json_data['results'][0]['picture']}</arg>
<doc>Logs the given message with the given level.</doc>
<status status="PASS" start="2024-05-17T14:14:13.948576" elapsed="0.000405"/>
</kw>
<status status="PASS" start="2024-05-17T14:14:13.868347" elapsed="0.080887"/>
</kw>
<kw name="Teste de Tipos de Dados - Postcode" owner="random-user-service">
<kw name="GET On Session" owner="RequestsLibrary">
<msg time="2024-05-17T14:14:14.052630" level="INFO">GET Request : url=https://randomuser.me/api 
 path_url=/api 
 headers={'User-Agent': 'python-requests/2.31.0', 'Accept-Encoding': 'gzip, deflate', 'Accept': '*/*', 'Connection': 'keep-alive'} 
 body=None 
 </msg>
<msg time="2024-05-17T14:14:14.052714" level="INFO">GET Response : url=https://randomuser.me/api 
 status=200, reason=OK 
 headers={'Date': 'Fri, 17 May 2024 14:14:14 GMT', 'Content-Type': 'application/json; charset=utf-8', 'Transfer-Encoding': 'chunked', 'Connection': 'keep-alive', 'X-Powered-By': 'Express', 'Access-Control-Allow-Origin': '*', 'Cache-Control': 'no-cache', 'ETag': 'W/"4ac-trbmHv2HCnzm2C8kKhyHge44glE"', 'Vary': 'Accept-Encoding', 'Content-Encoding': 'gzip', 'CF-Cache-Status': 'DYNAMIC', 'Report-To': '{"endpoints":[{"url":"https:\\/\\/a.nel.cloudflare.com\\/report\\/v4?s=3G3XyyVM7gCUFm7URNavRx3dCEZy21edFhHZ9jOg38oiG5PKqCUiYg2Ne%2Fh936JVDX93RGaSxhAxdYEIe5AVfN%2B2aQ0Kva16yyIUR5zsk1J6Hw58qcuwgRZaa3x8EhWA"}],"group":"cf-nel","max_age":604800}', 'NEL': '{"success_fraction":0,"report_to":"cf-nel","max_age":604800}', 'Server': 'cloudflare', 'CF-RAY': '885436713ccc205a-IAD', 'alt-svc': 'h3=":443"; ma=86400'} 
 body={"results":[{"gender":"female","name":{"title":"Miss","first":"Anette","last":"Schunk"},"location":{"street":{"number":7302,"name":"Schützenstraße"},"city":"Pößneck","state":"Schleswig-Holstein","country":"Germany","postcode":12199,"coordinates":{"latitude":"-55.5598","longitude":"93.0650"},"timezone":{"offset":"-6:00","description":"Central Time (US &amp; Canada), Mexico City"}},"email":"anette.schunk@example.com","login":{"uuid":"0c03bebe-03a6-4e90-be54-34f5da9ca556","username":"crazyduck370","password":"ferris","salt":"oPy5Ja04","md5":"0e40379449878b9543195e3178a1d0e0","sha1":"9577da99763a15b510af6e68800eeb6fc7f74250","sha256":"e743983ce45bbc32e579f4f1e118421104ab80ec253dae6e6bbb5f5cb41b47f8"},"dob":{"date":"1998-04-10T13:01:05.881Z","age":26},"registered":{"date":"2009-08-29T04:48:46.145Z","age":14},"phone":"0658-6333618","cell":"0174-9179665","id":{"name":"SVNR","value":"39 100498 S 579"},"picture":{"large":"https://randomuser.me/api/portraits/women/81.jpg","medium":"https://randomuser.me/api/portraits/med/women/81.jpg","thumbnail":"https://randomuser.me/api/portraits/thumb/women/81.jpg"},"nat":"DE"}],"info":{"seed":"72459c877e43644b","results":1,"page":1,"version":"1.4"}} 
 </msg>
<msg time="2024-05-17T14:14:14.052791" level="INFO">/opt/hostedtoolcache/Python/3.12.3/x64/lib/python3.12/site-packages/urllib3/connectionpool.py:1103: InsecureRequestWarning: Unverified HTTPS request is being made to host 'randomuser.me'. Adding certificate verification is strongly advised. See: https://urllib3.readthedocs.io/en/latest/advanced-usage.html#tls-warnings
  warnings.warn(</msg>
<msg time="2024-05-17T14:14:14.052961" level="INFO">${response} = &lt;Response [200]&gt;</msg>
<var>${response}</var>
<arg>consultarAPI</arg>
<arg>/api</arg>
<doc>Sends a GET request on a previously created HTTP Session.</doc>
<status status="PASS" start="2024-05-17T14:14:13.949664" elapsed="0.103348"/>
</kw>
<kw name="Set Variable" owner="BuiltIn">
<msg time="2024-05-17T14:14:14.053889" level="INFO">${json_data} = {'results': [{'gender': 'female', 'name': {'title': 'Miss', 'first': 'Anette', 'last': 'Schunk'}, 'location': {'street': {'number': 7302, 'name': 'Schützenstraße'}, 'city': 'Pößneck', 'state': 'Schles...</msg>
<var>${json_data}</var>
<arg>${response.json()}</arg>
<doc>Returns the given values which can then be assigned to a variables.</doc>
<status status="PASS" start="2024-05-17T14:14:14.053436" elapsed="0.000482"/>
</kw>
<kw name="Log" owner="BuiltIn">
<msg time="2024-05-17T14:14:14.054374" level="INFO">{'results': [{'gender': 'female', 'name': {'title': 'Miss', 'first': 'Anette', 'last': 'Schunk'}, 'location': {'street': {'number': 7302, 'name': 'Schützenstraße'}, 'city': 'Pößneck', 'state': 'Schleswig-Holstein', 'country': 'Germany', 'postcode': 12199, 'coordinates': {'latitude': '-55.5598', 'longitude': '93.0650'}, 'timezone': {'offset': '-6:00', 'description': 'Central Time (US &amp; Canada), Mexico City'}}, 'email': 'anette.schunk@example.com', 'login': {'uuid': '0c03bebe-03a6-4e90-be54-34f5da9ca556', 'username': 'crazyduck370', 'password': 'ferris', 'salt': 'oPy5Ja04', 'md5': '0e40379449878b9543195e3178a1d0e0', 'sha1': '9577da99763a15b510af6e68800eeb6fc7f74250', 'sha256': 'e743983ce45bbc32e579f4f1e118421104ab80ec253dae6e6bbb5f5cb41b47f8'}, 'dob': {'date': '1998-04-10T13:01:05.881Z', 'age': 26}, 'registered': {'date': '2009-08-29T04:48:46.145Z', 'age': 14}, 'phone': '0658-6333618', 'cell': '0174-9179665', 'id': {'name': 'SVNR', 'value': '39 100498 S 579'}, 'picture': {'large': 'https://randomuser.me/api/portraits/women/81.jpg', 'medium': 'https://randomuser.me/api/portraits/med/women/81.jpg', 'thumbnail': 'https://randomuser.me/api/portraits/thumb/women/81.jpg'}, 'nat': 'DE'}], 'info': {'seed': '72459c877e43644b', 'results': 1, 'page': 1, 'version': '1.4'}}</msg>
<arg>${json_data}</arg>
<doc>Logs the given message with the given level.</doc>
<status status="PASS" start="2024-05-17T14:14:14.054219" elapsed="0.000245"/>
</kw>
<kw name="Should Be Equal As Numbers" owner="BuiltIn">
<arg>${json_data['results'][0]['location']['postcode']}</arg>
<arg>${json_data['results'][0]['location']['postcode']}</arg>
<doc>Fails if objects are unequal after converting them to real numbers.</doc>
<status status="PASS" start="2024-05-17T14:14:14.054768" elapsed="0.000760"/>
</kw>
<kw name="Log" owner="BuiltIn">
<msg time="2024-05-17T14:14:14.056061" level="INFO">12199</msg>
<arg>${json_data['results'][0]['location']['postcode']}</arg>
<doc>Logs the given message with the given level.</doc>
<status status="PASS" start="2024-05-17T14:14:14.055723" elapsed="0.000379"/>
</kw>
<status status="PASS" start="2024-05-17T14:14:13.949447" elapsed="0.106904"/>
</kw>
<doc>Testa se os tipos de dados na resposta da API estão corretos.</doc>
<tag>testeTiposDados</tag>
<status status="PASS" start="2024-05-17T14:14:13.867902" elapsed="0.188609"/>
</test>
<test id="s1-s1-t5" name="Validar conteudo" line="35">
<kw name="Teste de Tipos de Conteudo" owner="random-user-service">
<kw name="GET On Session" owner="RequestsLibrary">
<msg time="2024-05-17T14:14:14.165589" level="INFO">GET Request : url=https://randomuser.me/api 
 path_url=/api 
 headers={'User-Agent': 'python-requests/2.31.0', 'Accept-Encoding': 'gzip, deflate', 'Accept': '*/*', 'Connection': 'keep-alive'} 
 body=None 
 </msg>
<msg time="2024-05-17T14:14:14.165653" level="INFO">GET Response : url=https://randomuser.me/api 
 status=200, reason=OK 
 headers={'Date': 'Fri, 17 May 2024 14:14:14 GMT', 'Content-Type': 'application/json; charset=utf-8', 'Transfer-Encoding': 'chunked', 'Connection': 'keep-alive', 'X-Powered-By': 'Express', 'Access-Control-Allow-Origin': '*', 'Cache-Control': 'no-cache', 'ETag': 'W/"485-clSNaRhdKsyLwm9GM3Td3wZGk10"', 'Vary': 'Accept-Encoding', 'Content-Encoding': 'gzip', 'CF-Cache-Status': 'DYNAMIC', 'Report-To': '{"endpoints":[{"url":"https:\\/\\/a.nel.cloudflare.com\\/report\\/v4?s=XZuwE7UAHu0prZjg2lXR6BLygEJxoeVC6c1zYQ9r1jfTdfQXYXwhKliQYA19892U3bdqc2pxHIl%2FJkLibt3bqp%2B3aKEyjfLIluPFGohffOxx5l%2Bk8BZAT0BxcFqe7S7G"}],"group":"cf-nel","max_age":604800}', 'NEL': '{"success_fraction":0,"report_to":"cf-nel","max_age":604800}', 'Server': 'cloudflare', 'CF-RAY': '88543671ed98205a-IAD', 'alt-svc': 'h3=":443"; ma=86400'} 
 body={"results":[{"gender":"male","name":{"title":"Mr","first":"Ezio","last":"Jean"},"location":{"street":{"number":8854,"name":"Rue des Abbesses"},"city":"Champigny-sur-Marne","state":"Ardennes","country":"France","postcode":27451,"coordinates":{"latitude":"-13.2033","longitude":"-154.6396"},"timezone":{"offset":"-3:30","description":"Newfoundland"}},"email":"ezio.jean@example.com","login":{"uuid":"475ea303-42d3-47f6-acee-a18f48ee681a","username":"tinywolf665","password":"seviyi","salt":"tjZnD9yO","md5":"658ff6e4742147a80d859c58c4c678d3","sha1":"66ae31d773a3a6995f07b1ae8a59e6831e246299","sha256":"fee252faaa8bb5aa1f524b57c77325eb323b5131a560fc6c80df51ca40d14881"},"dob":{"date":"1950-08-09T07:08:35.884Z","age":73},"registered":{"date":"2013-04-02T14:07:03.594Z","age":11},"phone":"02-58-93-51-62","cell":"06-47-29-87-08","id":{"name":"INSEE","value":"1500782606810 76"},"picture":{"large":"https://randomuser.me/api/portraits/men/99.jpg","medium":"https://randomuser.me/api/portraits/med/men/99.jpg","thumbnail":"https://randomuser.me/api/portraits/thumb/men/99.jpg"},"nat":"FR"}],"info":{"seed":"6875886655524273","results":1,"page":1,"version":"1.4"}} 
 </msg>
<msg time="2024-05-17T14:14:14.165712" level="INFO">/opt/hostedtoolcache/Python/3.12.3/x64/lib/python3.12/site-packages/urllib3/connectionpool.py:1103: InsecureRequestWarning: Unverified HTTPS request is being made to host 'randomuser.me'. Adding certificate verification is strongly advised. See: https://urllib3.readthedocs.io/en/latest/advanced-usage.html#tls-warnings
  warnings.warn(</msg>
<msg time="2024-05-17T14:14:14.165816" level="INFO">${response} = &lt;Response [200]&gt;</msg>
<var>${response}</var>
<arg>consultarAPI</arg>
<arg>/api</arg>
<doc>Sends a GET request on a previously created HTTP Session.</doc>
<status status="PASS" start="2024-05-17T14:14:14.058957" elapsed="0.106902"/>
</kw>
<kw name="Set Variable" owner="BuiltIn">
<msg time="2024-05-17T14:14:14.166690" level="INFO">${json_data} = {'results': [{'gender': 'male', 'name': {'title': 'Mr', 'first': 'Ezio', 'last': 'Jean'}, 'location': {'street': {'number': 8854, 'name': 'Rue des Abbesses'}, 'city': 'Champigny-sur-Marne', 'state': '...</msg>
<var>${json_data}</var>
<arg>${response.json()}</arg>
<doc>Returns the given values which can then be assigned to a variables.</doc>
<status status="PASS" start="2024-05-17T14:14:14.166233" elapsed="0.000485"/>
</kw>
<kw name="Set Variable" owner="BuiltIn">
<msg time="2024-05-17T14:14:14.167407" level="INFO">${name_title} = Mr</msg>
<var>${name_title}</var>
<arg>${json_data["results"][0]["name"]["title"]}</arg>
<doc>Returns the given values which can then be assigned to a variables.</doc>
<status status="PASS" start="2024-05-17T14:14:14.167021" elapsed="0.000411"/>
</kw>
<kw name="Create List" owner="BuiltIn">
<msg time="2024-05-17T14:14:14.167879" level="INFO">${allowed_titles} = ['Mr', 'Ms', 'Miss', 'Mrs', 'Madame', 'Monsieur']</msg>
<var>${allowed_titles}</var>
<arg>Mr</arg>
<arg>Ms</arg>
<arg>Miss</arg>
<arg>Mrs</arg>
<arg>Madame</arg>
<arg>Monsieur</arg>
<doc>Returns a list containing given items.</doc>
<status status="PASS" start="2024-05-17T14:14:14.167731" elapsed="0.000173"/>
</kw>
<kw name="List Should Contain Value" owner="Collections">
<msg time="2024-05-17T14:14:14.168373" level="INFO">False</msg>
<arg>${allowed_titles}</arg>
<arg>${name_title}</arg>
<doc>Fails if the ``value`` is not found from ``list``.</doc>
<status status="PASS" start="2024-05-17T14:14:14.168202" elapsed="0.000207"/>
</kw>
<kw name="Set Variable" owner="BuiltIn">
<msg time="2024-05-17T14:14:14.169136" level="INFO">${name_country} = FR</msg>
<var>${name_country}</var>
<arg>${json_data["results"][0]["nat"]}</arg>
<doc>Returns the given values which can then be assigned to a variables.</doc>
<status status="PASS" start="2024-05-17T14:14:14.168700" elapsed="0.000461"/>
</kw>
<kw name="Create List" owner="BuiltIn">
<msg time="2024-05-17T14:14:14.170060" level="INFO">${list_country} = ['AD', 'AE', 'AF', 'AG', 'AI', 'AL', 'AM', 'AO', 'AQ', 'AR', 'AS', 'AT', 'AU', 'AW', 'AX', 'AZ', 'BA', 'BB', 'BD', 'BE', 'BF', 'BG', 'BH', 'BI', 'BJ', 'BL', 'BM', 'BN', 'BO', 'BQ', 'BR', 'BS', 'BT', '...</msg>
<var>${list_country}</var>
<arg>AD</arg>
<arg>AE</arg>
<arg>AF</arg>
<arg>AG</arg>
<arg>AI</arg>
<arg>AL</arg>
<arg>AM</arg>
<arg>AO</arg>
<arg>AQ</arg>
<arg>AR</arg>
<arg>AS</arg>
<arg>AT</arg>
<arg>AU</arg>
<arg>AW</arg>
<arg>AX</arg>
<arg>AZ</arg>
<arg>BA</arg>
<arg>BB</arg>
<arg>BD</arg>
<arg>BE</arg>
<arg>BF</arg>
<arg>BG</arg>
<arg>BH</arg>
<arg>BI</arg>
<arg>BJ</arg>
<arg>BL</arg>
<arg>BM</arg>
<arg>BN</arg>
<arg>BO</arg>
<arg>BQ</arg>
<arg>BR</arg>
<arg>BS</arg>
<arg>BT</arg>
<arg>BV</arg>
<arg>BW</arg>
<arg>BY</arg>
<arg>BZ</arg>
<arg>CA</arg>
<arg>CC</arg>
<arg>CD</arg>
<arg>CF</arg>
<arg>CG</arg>
<arg>CH</arg>
<arg>CI</arg>
<arg>CK</arg>
<arg>CL</arg>
<arg>CM</arg>
<arg>CN</arg>
<arg>CO</arg>
<arg>CR</arg>
<arg>CU</arg>
<arg>CV</arg>
<arg>CW</arg>
<arg>CX</arg>
<arg>CY</arg>
<arg>CZ</arg>
<arg>DE</arg>
<arg>DJ</arg>
<arg>DK</arg>
<arg>DM</arg>
<arg>DO</arg>
<arg>DZ</arg>
<arg>EC</arg>
<arg>EE</arg>
<arg>EG</arg>
<arg>EH</arg>
<arg>ER</arg>
<arg>ES</arg>
<arg>ET</arg>
<arg>FI</arg>
<arg>FJ</arg>
<arg>FK</arg>
<arg>FM</arg>
<arg>FO</arg>
<arg>FR</arg>
<arg>GA</arg>
<arg>GB</arg>
<arg>GD</arg>
<arg>GE</arg>
<arg>GF</arg>
<arg>GG</arg>
<arg>GH</arg>
<arg>GI</arg>
<arg>GL</arg>
<arg>GM</arg>
<arg>GN</arg>
<arg>GP</arg>
<arg>GQ</arg>
<arg>GR</arg>
<arg>GS</arg>
<arg>GT</arg>
<arg>GU</arg>
<arg>GW</arg>
<arg>GY</arg>
<arg>HK</arg>
<arg>HM</arg>
<arg>HN</arg>
<arg>HR</arg>
<arg>HT</arg>
<arg>HU</arg>
<arg>ID</arg>
<arg>IE</arg>
<arg>IL</arg>
<arg>IM</arg>
<arg>IN</arg>
<arg>IO</arg>
<arg>IQ</arg>
<arg>IR</arg>
<arg>IS</arg>
<arg>IT</arg>
<arg>JE</arg>
<arg>JM</arg>
<arg>JO</arg>
<arg>JP</arg>
<arg>KE</arg>
<arg>KG</arg>
<arg>KH</arg>
<arg>KI</arg>
<arg>KM</arg>
<arg>KN</arg>
<arg>KP</arg>
<arg>KR</arg>
<arg>KW</arg>
<arg>KY</arg>
<arg>KZ</arg>
<arg>LA</arg>
<arg>LB</arg>
<arg>LC</arg>
<arg>LI</arg>
<arg>LK</arg>
<arg>LR</arg>
<arg>LS</arg>
<arg>LT</arg>
<arg>LU</arg>
<arg>LV</arg>
<arg>LY</arg>
<arg>MA</arg>
<arg>MC</arg>
<arg>MD</arg>
<arg>ME</arg>
<arg>MF</arg>
<arg>MG</arg>
<arg>MH</arg>
<arg>MK</arg>
<arg>ML</arg>
<arg>MM</arg>
<arg>MN</arg>
<arg>MO</arg>
<arg>MP</arg>
<arg>MQ</arg>
<arg>MR</arg>
<arg>MS</arg>
<arg>MT</arg>
<arg>MU</arg>
<arg>MV</arg>
<arg>MW</arg>
<arg>MX</arg>
<arg>MY</arg>
<arg>MZ</arg>
<arg>NA</arg>
<arg>NC</arg>
<arg>NE</arg>
<arg>NF</arg>
<arg>NG</arg>
<arg>NI</arg>
<arg>NL</arg>
<arg>NO</arg>
<arg>NP</arg>
<arg>NR</arg>
<arg>NU</arg>
<arg>NZ</arg>
<arg>OM</arg>
<arg>PA</arg>
<arg>PE</arg>
<arg>PF</arg>
<arg>PG</arg>
<arg>PH</arg>
<arg>PK</arg>
<arg>PL</arg>
<arg>PM</arg>
<arg>PN</arg>
<arg>PR</arg>
<arg>PS</arg>
<arg>PT</arg>
<arg>PW</arg>
<arg>PY</arg>
<arg>QA</arg>
<arg>RE</arg>
<arg>RO</arg>
<arg>RS</arg>
<arg>RU</arg>
<arg>RW</arg>
<arg>SA</arg>
<arg>SB</arg>
<arg>SC</arg>
<arg>SD</arg>
<arg>SE</arg>
<arg>SG</arg>
<arg>SH</arg>
<arg>SI</arg>
<arg>SJ</arg>
<arg>SK</arg>
<arg>SL</arg>
<arg>SM</arg>
<arg>SN</arg>
<arg>SO</arg>
<arg>SR</arg>
<arg>SS</arg>
<arg>ST</arg>
<arg>SV</arg>
<arg>SX</arg>
<arg>SY</arg>
<arg>SZ</arg>
<arg>TC</arg>
<arg>TD</arg>
<arg>TF</arg>
<arg>TG</arg>
<arg>TH</arg>
<arg>TJ</arg>
<arg>TK</arg>
<arg>TL</arg>
<arg>TM</arg>
<arg>TN</arg>
<arg>TO</arg>
<arg>TR</arg>
<arg>TT</arg>
<arg>TV</arg>
<arg>TW</arg>
<arg>TZ</arg>
<arg>UA</arg>
<arg>UG</arg>
<arg>UM</arg>
<arg>US</arg>
<arg>UY</arg>
<arg>UZ</arg>
<arg>VA</arg>
<arg>VC</arg>
<arg>VE</arg>
<arg>VG</arg>
<arg>VI</arg>
<arg>VN</arg>
<arg>VU</arg>
<arg>WF</arg>
<arg>WS</arg>
<arg>XK</arg>
<arg>YE</arg>
<arg>YT</arg>
<arg>ZA</arg>
<arg>ZM</arg>
<arg>ZW</arg>
<doc>Returns a list containing given items.</doc>
<status status="PASS" start="2024-05-17T14:14:14.169465" elapsed="0.000619"/>
</kw>
<kw name="List Should Contain Value" owner="Collections">
<msg time="2024-05-17T14:14:14.171062" level="INFO">False</msg>
<arg>${list_country}</arg>
<arg>${name_country}</arg>
<doc>Fails if the ``value`` is not found from ``list``.</doc>
<status status="PASS" start="2024-05-17T14:14:14.170863" elapsed="0.000235"/>
</kw>
<kw name="Run Keyword If" owner="BuiltIn">
<kw name="Should Be True" owner="BuiltIn">
<arg>${True}</arg>
<doc>Fails if the given condition is not true.</doc>
<status status="PASS" start="2024-05-17T14:14:14.172152" elapsed="0.000145"/>
</kw>
<arg>${json_data["results"][0]["location"]["coordinates"]["latitude"]} &gt;= -90 and ${json_data["results"][0]["location"]["coordinates"]["latitude"]} &lt;= 90</arg>
<arg>Should Be True</arg>
<arg>${True}</arg>
<doc>Runs the given keyword with the given arguments, if ``condition`` is true.</doc>
<status status="PASS" start="2024-05-17T14:14:14.171408" elapsed="0.001015"/>
</kw>
<kw name="Run Keyword If" owner="BuiltIn">
<kw name="Should Be True" owner="BuiltIn">
<arg>${True}</arg>
<doc>Fails if the given condition is not true.</doc>
<status status="PASS" start="2024-05-17T14:14:14.173363" elapsed="0.000243"/>
</kw>
<arg>${json_data["results"][0]["location"]["coordinates"]["longitude"]} &gt;= -180 and ${json_data["results"][0]["location"]["coordinates"]["longitude"]} &lt;= 180</arg>
<arg>Should Be True</arg>
<arg>${True}</arg>
<doc>Runs the given keyword with the given arguments, if ``condition`` is true.</doc>
<status status="PASS" start="2024-05-17T14:14:14.172613" elapsed="0.001121"/>
</kw>
<status status="PASS" start="2024-05-17T14:14:14.058737" elapsed="0.115128"/>
</kw>
<doc>Testa o conteúdo específico dos campos retornados pela API.</doc>
<tag>testeConteudo</tag>
<status status="PASS" start="2024-05-17T14:14:14.058310" elapsed="0.115696"/>
</test>
<status status="PASS" start="2024-05-17T14:14:13.228034" elapsed="0.947867"/>
</suite>
<status status="PASS" start="2024-05-17T14:14:13.213407" elapsed="0.967593"/>
</suite>
<statistics>
<total>
<stat pass="5" fail="0" skip="0">All Tests</stat>
</total>
<tag>
<stat pass="1" fail="0" skip="0">testeConteudo</stat>
<stat pass="1" fail="0" skip="0">testeEstruturaResposta</stat>
<stat pass="1" fail="0" skip="0">testeRequisicaoBasica</stat>
<stat pass="1" fail="0" skip="0">testeTiposDados</stat>
</tag>
<suite>
<stat pass="5" fail="0" skip="0" id="s1" name="Tests">Tests</stat>
<stat pass="5" fail="0" skip="0" id="s1-s1" name="Random-User-Test">Tests.Random-User-Test</stat>
</suite>
</statistics>
<errors>
</errors>
</robot>
