<?xml version="1.0" encoding="UTF-8"?>
<robot generator="Robot 7.0.1 (Python 3.12.4 on linux)" generated="2024-07-07T05:16:42.384379" rpa="false" schemaversion="5">
<suite id="s1" name="Tests" source="/home/runner/work/ApiRandomUser/ApiRandomUser/RamdonUser/tests">
<suite id="s1-s1" name="Random-User-Test" source="/home/runner/work/ApiRandomUser/ApiRandomUser/RamdonUser/tests/random-user-test.robot">
<test id="s1-s1-t1" name="Conectar" line="13">
<kw name="Conectar API" owner="random-user-service">
<kw name="Create Session" owner="RequestsLibrary">
<msg time="2024-07-07T05:16:42.799033" level="INFO">Creating Session using : alias=consultarAPI, url=https://randomuser.me/, headers={},                     cookies={}, auth=None, timeout=None, proxies=None, verify=False,                     debug=0 </msg>
<arg>consultarAPI</arg>
<arg>${URL}</arg>
<doc>Create Session: create a HTTP session to a server</doc>
<status status="PASS" start="2024-07-07T05:16:42.798808" elapsed="0.000427"/>
</kw>
<status status="PASS" start="2024-07-07T05:16:42.797809" elapsed="0.001795"/>
</kw>
<status status="PASS" start="2024-07-07T05:16:42.797165" elapsed="0.002669"/>
</test>
<test id="s1-s1-t2" name="Validar retorno 200 e JSON Válido" line="16">
<kw name="Teste de Requisicao Basica" owner="random-user-service">
<kw name="GET On Session" owner="RequestsLibrary">
<msg time="2024-07-07T05:16:42.888314" level="INFO">GET Request : url=https://randomuser.me/api 
 path_url=/api 
 headers={'User-Agent': 'python-requests/2.32.3', 'Accept-Encoding': 'gzip, deflate', 'Accept': '*/*', 'Connection': 'keep-alive'} 
 body=None 
 </msg>
<msg time="2024-07-07T05:16:42.888511" level="INFO">GET Response : url=https://randomuser.me/api 
 status=200, reason=OK 
 headers={'Date': 'Sun, 07 Jul 2024 05:16:42 GMT', 'Content-Type': 'application/json; charset=utf-8', 'Transfer-Encoding': 'chunked', 'Connection': 'keep-alive', 'X-Powered-By': 'Express', 'Access-Control-Allow-Origin': '*', 'Cache-Control': 'no-cache', 'ETag': 'W/"48d-4v+Cp6IfxpNl0apjV7HDjUseTzY"', 'Vary': 'Accept-Encoding', 'Content-Encoding': 'gzip', 'CF-Cache-Status': 'DYNAMIC', 'Report-To': '{"endpoints":[{"url":"https:\\/\\/a.nel.cloudflare.com\\/report\\/v4?s=4dkmZ5Hj4l00PhI0j2YCWsybGgJ%2Blr0RsdhVI9%2BTR%2FRmH84q3pKcIsVuJKaSyQjetAibGTsDHX9rPwGv4w0kQTOdYHRXI5IN%2B2u69YyeDSxmtFBD4kGZNMmINQvXRcng"}],"group":"cf-nel","max_age":604800}', 'NEL': '{"success_fraction":0,"report_to":"cf-nel","max_age":604800}', 'Server': 'cloudflare', 'CF-RAY': '89f55d2fb8683b23-IAD', 'alt-svc': 'h3=":443"; ma=86400'} 
 body={"results":[{"gender":"female","name":{"title":"Ms","first":"مرسانا","last":"پارسا"},"location":{"street":{"number":2510,"name":"آیت الله طالقانی"},"city":"تبریز","state":"مازندران","country":"Iran","postcode":27423,"coordinates":{"latitude":"21.3750","longitude":"118.2873"},"timezone":{"offset":"-10:00","description":"Hawaii"}},"email":"mrsn.prs@example.com","login":{"uuid":"acf1405a-3a9e-4eb5-92ec-c0767e40c065","username":"silverrabbit134","password":"thecrow","salt":"NK35QvYk","md5":"4d62db319c13dfedb6296257d25e36fb","sha1":"6d70d08dacad79f1b5f8714d88a6bc726e234bac","sha256":"9e6f7caf543b7cd788c2cd26484b93688d572c11d46f26dec54835c2a9861b9f"},"dob":{"date":"1970-12-23T03:31:41.704Z","age":53},"registered":{"date":"2010-03-09T07:41:06.676Z","age":14},"phone":"083-07043677","cell":"0996-958-6154","id":{"name":"","value":null},"picture":{"large":"https://randomuser.me/api/portraits/women/45.jpg","medium":"https://randomuser.me/api/portraits/med/women/45.jpg","thumbnail":"https://randomuser.me/api/portraits/thumb/women/45.jpg"},"nat":"IR"}],"info":{"seed":"a1027a9460724454","results":1,"page":1,"version":"1.4"}} 
 </msg>
<msg time="2024-07-07T05:16:42.888608" level="INFO">/opt/hostedtoolcache/Python/3.12.4/x64/lib/python3.12/site-packages/urllib3/connectionpool.py:1099: InsecureRequestWarning: Unverified HTTPS request is being made to host 'randomuser.me'. Adding certificate verification is strongly advised. See: https://urllib3.readthedocs.io/en/latest/advanced-usage.html#tls-warnings
  warnings.warn(</msg>
<msg time="2024-07-07T05:16:42.888762" level="INFO">${response} = &lt;Response [200]&gt;</msg>
<var>${response}</var>
<arg>consultarAPI</arg>
<arg>/api</arg>
<doc>Sends a GET request on a previously created HTTP Session.</doc>
<status status="PASS" start="2024-07-07T05:16:42.802527" elapsed="0.086278"/>
</kw>
<kw name="Should Be Equal As Numbers" owner="BuiltIn">
<msg time="2024-07-07T05:16:42.890041" level="INFO">Argument types are:
&lt;class 'int'&gt;
&lt;class 'str'&gt;</msg>
<arg>${response.status_code}</arg>
<arg>200</arg>
<doc>Fails if objects are unequal after converting them to real numbers.</doc>
<status status="PASS" start="2024-07-07T05:16:42.889538" elapsed="0.000573"/>
</kw>
<kw name="Log" owner="BuiltIn">
<msg time="2024-07-07T05:16:42.890793" level="INFO">200</msg>
<arg>${response.status_code}</arg>
<doc>Logs the given message with the given level.</doc>
<status status="PASS" start="2024-07-07T05:16:42.890437" elapsed="0.000399"/>
</kw>
<kw name="Set Variable" owner="BuiltIn">
<msg time="2024-07-07T05:16:42.891608" level="INFO">${json_data} = {'results': [{'gender': 'female', 'name': {'title': 'Ms', 'first': 'مرسانا', 'last': 'پارسا'}, 'location': {'street': {'number': 2510, 'name': 'آیت الله طالقانی'}, 'city': 'تبریز', 'state': 'مازندران'...</msg>
<var>${json_data}</var>
<arg>${response.json()}</arg>
<doc>Returns the given values which can then be assigned to a variables.</doc>
<status status="PASS" start="2024-07-07T05:16:42.891143" elapsed="0.000496"/>
</kw>
<kw name="Dictionary Should Contain Key" owner="Collections">
<arg>${json_data}</arg>
<arg>results</arg>
<doc>Fails if ``key`` is not found from ``dictionary``.</doc>
<status status="PASS" start="2024-07-07T05:16:42.891980" elapsed="0.000173"/>
</kw>
<status status="PASS" start="2024-07-07T05:16:42.802274" elapsed="0.090048"/>
</kw>
<doc>Testa se a API responde corretamente e retorna um objeto JSON válido.</doc>
<tag>testeRequisicaoBasica</tag>
<status status="PASS" start="2024-07-07T05:16:42.801751" elapsed="0.090755"/>
</test>
<test id="s1-s1-t3" name="Validar estrutura de resposta" line="22">
<kw name="Teste de Estrutura de Resposta" owner="random-user-service">
<kw name="GET On Session" owner="RequestsLibrary">
<msg time="2024-07-07T05:16:42.990916" level="INFO">GET Request : url=https://randomuser.me/api 
 path_url=/api 
 headers={'User-Agent': 'python-requests/2.32.3', 'Accept-Encoding': 'gzip, deflate', 'Accept': '*/*', 'Connection': 'keep-alive'} 
 body=None 
 </msg>
<msg time="2024-07-07T05:16:42.991022" level="INFO">GET Response : url=https://randomuser.me/api 
 status=200, reason=OK 
 headers={'Date': 'Sun, 07 Jul 2024 05:16:42 GMT', 'Content-Type': 'application/json; charset=utf-8', 'Transfer-Encoding': 'chunked', 'Connection': 'keep-alive', 'X-Powered-By': 'Express', 'Access-Control-Allow-Origin': '*', 'Cache-Control': 'no-cache', 'ETag': 'W/"49c-0j4ansWgWgo47mm9Ga9e1PcWnIg"', 'Vary': 'Accept-Encoding', 'Content-Encoding': 'gzip', 'CF-Cache-Status': 'DYNAMIC', 'Report-To': '{"endpoints":[{"url":"https:\\/\\/a.nel.cloudflare.com\\/report\\/v4?s=lz3DOe1nrRi%2FNcgBhqPY9aSUv7CXt%2Bt%2BibBUNvFIZs7hALxwfBhX%2Bscnll5MaHP9yZ5a5qmMFPnZVsxYw%2FH7YGQ%2FxnqMC9REZ3YUZgKWs4oJd2pzVdSE8vLksrsQ6qAB"}],"group":"cf-nel","max_age":604800}', 'NEL': '{"success_fraction":0,"report_to":"cf-nel","max_age":604800}', 'Server': 'cloudflare', 'CF-RAY': '89f55d3018bc3b23-IAD', 'alt-svc': 'h3=":443"; ma=86400'} 
 body={"results":[{"gender":"male","name":{"title":"Mr","first":"Azuma","last":"Olmos"},"location":{"street":{"number":9206,"name":"Peatonal Distrito Federal"},"city":"Nacori Chico","state":"Sonora","country":"Mexico","postcode":72897,"coordinates":{"latitude":"26.2301","longitude":"-83.9666"},"timezone":{"offset":"+10:00","description":"Eastern Australia, Guam, Vladivostok"}},"email":"azuma.olmos@example.com","login":{"uuid":"1afeb8cb-cc12-4813-8a32-a83d1ff26fe5","username":"bluecat693","password":"pavlov","salt":"VXelHhmr","md5":"b37dd3da9ebcac0589478e78ac5f449e","sha1":"eb10ea08118e075ba84b02af4e26b450cf320883","sha256":"38396efb5e5109e5c5483f3356932e2f313409cd848c2293a69e22fdc2858e03"},"dob":{"date":"1973-06-13T00:15:33.808Z","age":51},"registered":{"date":"2007-01-27T14:07:22.825Z","age":17},"phone":"(609) 914 9930","cell":"(624) 202 9897","id":{"name":"NSS","value":"06 22 36 8891 4"},"picture":{"large":"https://randomuser.me/api/portraits/men/87.jpg","medium":"https://randomuser.me/api/portraits/med/men/87.jpg","thumbnail":"https://randomuser.me/api/portraits/thumb/men/87.jpg"},"nat":"MX"}],"info":{"seed":"f3fd263e65e58ccb","results":1,"page":1,"version":"1.4"}} 
 </msg>
<msg time="2024-07-07T05:16:42.991163" level="INFO">/opt/hostedtoolcache/Python/3.12.4/x64/lib/python3.12/site-packages/urllib3/connectionpool.py:1099: InsecureRequestWarning: Unverified HTTPS request is being made to host 'randomuser.me'. Adding certificate verification is strongly advised. See: https://urllib3.readthedocs.io/en/latest/advanced-usage.html#tls-warnings
  warnings.warn(</msg>
<msg time="2024-07-07T05:16:42.991304" level="INFO">${response} = &lt;Response [200]&gt;</msg>
<var>${response}</var>
<arg>consultarAPI</arg>
<arg>/api</arg>
<doc>Sends a GET request on a previously created HTTP Session.</doc>
<status status="PASS" start="2024-07-07T05:16:42.895265" elapsed="0.096085"/>
</kw>
<kw name="Set Variable" owner="BuiltIn">
<msg time="2024-07-07T05:16:42.992583" level="INFO">${json_data} = {'results': [{'gender': 'male', 'name': {'title': 'Mr', 'first': 'Azuma', 'last': 'Olmos'}, 'location': {'street': {'number': 9206, 'name': 'Peatonal Distrito Federal'}, 'city': 'Nacori Chico', 'state...</msg>
<var>${json_data}</var>
<arg>${response.json()}</arg>
<doc>Returns the given values which can then be assigned to a variables.</doc>
<status status="PASS" start="2024-07-07T05:16:42.992013" elapsed="0.000599"/>
</kw>
<kw name="Log" owner="BuiltIn">
<msg time="2024-07-07T05:16:42.993100" level="INFO">{'results': [{'gender': 'male', 'name': {'title': 'Mr', 'first': 'Azuma', 'last': 'Olmos'}, 'location': {'street': {'number': 9206, 'name': 'Peatonal Distrito Federal'}, 'city': 'Nacori Chico', 'state': 'Sonora', 'country': 'Mexico', 'postcode': 72897, 'coordinates': {'latitude': '26.2301', 'longitude': '-83.9666'}, 'timezone': {'offset': '+10:00', 'description': 'Eastern Australia, Guam, Vladivostok'}}, 'email': 'azuma.olmos@example.com', 'login': {'uuid': '1afeb8cb-cc12-4813-8a32-a83d1ff26fe5', 'username': 'bluecat693', 'password': 'pavlov', 'salt': 'VXelHhmr', 'md5': 'b37dd3da9ebcac0589478e78ac5f449e', 'sha1': 'eb10ea08118e075ba84b02af4e26b450cf320883', 'sha256': '38396efb5e5109e5c5483f3356932e2f313409cd848c2293a69e22fdc2858e03'}, 'dob': {'date': '1973-06-13T00:15:33.808Z', 'age': 51}, 'registered': {'date': '2007-01-27T14:07:22.825Z', 'age': 17}, 'phone': '(609) 914 9930', 'cell': '(624) 202 9897', 'id': {'name': 'NSS', 'value': '06 22 36 8891 4'}, 'picture': {'large': 'https://randomuser.me/api/portraits/men/87.jpg', 'medium': 'https://randomuser.me/api/portraits/med/men/87.jpg', 'thumbnail': 'https://randomuser.me/api/portraits/thumb/men/87.jpg'}, 'nat': 'MX'}], 'info': {'seed': 'f3fd263e65e58ccb', 'results': 1, 'page': 1, 'version': '1.4'}}</msg>
<arg>${json_data}</arg>
<doc>Logs the given message with the given level.</doc>
<status status="PASS" start="2024-07-07T05:16:42.992938" elapsed="0.000211"/>
</kw>
<kw name="Dictionary Should Contain Key" owner="Collections">
<arg>${json_data}</arg>
<arg>results</arg>
<doc>Fails if ``key`` is not found from ``dictionary``.</doc>
<status status="PASS" start="2024-07-07T05:16:42.993441" elapsed="0.000167"/>
</kw>
<kw name="Should Not Be Empty" owner="BuiltIn">
<msg time="2024-07-07T05:16:42.993933" level="INFO">Length is 2.</msg>
<arg>${json_data}</arg>
<doc>Verifies that the given item is not empty.</doc>
<status status="PASS" start="2024-07-07T05:16:42.993801" elapsed="0.000172"/>
</kw>
<kw name="Create List" owner="BuiltIn">
<msg time="2024-07-07T05:16:42.994596" level="INFO">${expected_keys} = ['gender', 'name', 'location', 'email', 'login']</msg>
<var>${expected_keys}</var>
<arg>gender</arg>
<arg>name</arg>
<arg>location</arg>
<arg>email</arg>
<arg>login</arg>
<doc>Returns a list containing given items.</doc>
<status status="PASS" start="2024-07-07T05:16:42.994277" elapsed="0.000345"/>
</kw>
<for flavor="IN">
<iter>
<kw name="Dictionary Should Contain Key" owner="Collections">
<arg>${json_data['results'][0]}</arg>
<arg>${key}</arg>
<doc>Fails if ``key`` is not found from ``dictionary``.</doc>
<status status="PASS" start="2024-07-07T05:16:42.995218" elapsed="0.000414"/>
</kw>
<kw name="Log" owner="BuiltIn">
<msg time="2024-07-07T05:16:42.996231" level="INFO">{'gender': 'male', 'name': {'title': 'Mr', 'first': 'Azuma', 'last': 'Olmos'}, 'location': {'street': {'number': 9206, 'name': 'Peatonal Distrito Federal'}, 'city': 'Nacori Chico', 'state': 'Sonora', 'country': 'Mexico', 'postcode': 72897, 'coordinates': {'latitude': '26.2301', 'longitude': '-83.9666'}, 'timezone': {'offset': '+10:00', 'description': 'Eastern Australia, Guam, Vladivostok'}}, 'email': 'azuma.olmos@example.com', 'login': {'uuid': '1afeb8cb-cc12-4813-8a32-a83d1ff26fe5', 'username': 'bluecat693', 'password': 'pavlov', 'salt': 'VXelHhmr', 'md5': 'b37dd3da9ebcac0589478e78ac5f449e', 'sha1': 'eb10ea08118e075ba84b02af4e26b450cf320883', 'sha256': '38396efb5e5109e5c5483f3356932e2f313409cd848c2293a69e22fdc2858e03'}, 'dob': {'date': '1973-06-13T00:15:33.808Z', 'age': 51}, 'registered': {'date': '2007-01-27T14:07:22.825Z', 'age': 17}, 'phone': '(609) 914 9930', 'cell': '(624) 202 9897', 'id': {'name': 'NSS', 'value': '06 22 36 8891 4'}, 'picture': {'large': 'https://randomuser.me/api/portraits/men/87.jpg', 'medium': 'https://randomuser.me/api/portraits/med/men/87.jpg', 'thumbnail': 'https://randomuser.me/api/portraits/thumb/men/87.jpg'}, 'nat': 'MX'}</msg>
<arg>${json_data['results'][0]}</arg>
<doc>Logs the given message with the given level.</doc>
<status status="PASS" start="2024-07-07T05:16:42.995858" elapsed="0.000425"/>
</kw>
<kw name="Log" owner="BuiltIn">
<msg time="2024-07-07T05:16:42.996713" level="INFO">gender</msg>
<arg>${key}</arg>
<doc>Logs the given message with the given level.</doc>
<status status="PASS" start="2024-07-07T05:16:42.996583" elapsed="0.000170"/>
</kw>
<var name="${key}">gender</var>
<status status="PASS" start="2024-07-07T05:16:42.995091" elapsed="0.001892"/>
</iter>
<iter>
<kw name="Dictionary Should Contain Key" owner="Collections">
<arg>${json_data['results'][0]}</arg>
<arg>${key}</arg>
<doc>Fails if ``key`` is not found from ``dictionary``.</doc>
<status status="PASS" start="2024-07-07T05:16:42.997296" elapsed="0.000404"/>
</kw>
<kw name="Log" owner="BuiltIn">
<msg time="2024-07-07T05:16:42.998283" level="INFO">{'gender': 'male', 'name': {'title': 'Mr', 'first': 'Azuma', 'last': 'Olmos'}, 'location': {'street': {'number': 9206, 'name': 'Peatonal Distrito Federal'}, 'city': 'Nacori Chico', 'state': 'Sonora', 'country': 'Mexico', 'postcode': 72897, 'coordinates': {'latitude': '26.2301', 'longitude': '-83.9666'}, 'timezone': {'offset': '+10:00', 'description': 'Eastern Australia, Guam, Vladivostok'}}, 'email': 'azuma.olmos@example.com', 'login': {'uuid': '1afeb8cb-cc12-4813-8a32-a83d1ff26fe5', 'username': 'bluecat693', 'password': 'pavlov', 'salt': 'VXelHhmr', 'md5': 'b37dd3da9ebcac0589478e78ac5f449e', 'sha1': 'eb10ea08118e075ba84b02af4e26b450cf320883', 'sha256': '38396efb5e5109e5c5483f3356932e2f313409cd848c2293a69e22fdc2858e03'}, 'dob': {'date': '1973-06-13T00:15:33.808Z', 'age': 51}, 'registered': {'date': '2007-01-27T14:07:22.825Z', 'age': 17}, 'phone': '(609) 914 9930', 'cell': '(624) 202 9897', 'id': {'name': 'NSS', 'value': '06 22 36 8891 4'}, 'picture': {'large': 'https://randomuser.me/api/portraits/men/87.jpg', 'medium': 'https://randomuser.me/api/portraits/med/men/87.jpg', 'thumbnail': 'https://randomuser.me/api/portraits/thumb/men/87.jpg'}, 'nat': 'MX'}</msg>
<arg>${json_data['results'][0]}</arg>
<doc>Logs the given message with the given level.</doc>
<status status="PASS" start="2024-07-07T05:16:42.997886" elapsed="0.000449"/>
</kw>
<kw name="Log" owner="BuiltIn">
<msg time="2024-07-07T05:16:42.998759" level="INFO">name</msg>
<arg>${key}</arg>
<doc>Logs the given message with the given level.</doc>
<status status="PASS" start="2024-07-07T05:16:42.998631" elapsed="0.000166"/>
</kw>
<var name="${key}">name</var>
<status status="PASS" start="2024-07-07T05:16:42.997177" elapsed="0.001842"/>
</iter>
<iter>
<kw name="Dictionary Should Contain Key" owner="Collections">
<arg>${json_data['results'][0]}</arg>
<arg>${key}</arg>
<doc>Fails if ``key`` is not found from ``dictionary``.</doc>
<status status="PASS" start="2024-07-07T05:16:42.999306" elapsed="0.000379"/>
</kw>
<kw name="Log" owner="BuiltIn">
<msg time="2024-07-07T05:16:43.000257" level="INFO">{'gender': 'male', 'name': {'title': 'Mr', 'first': 'Azuma', 'last': 'Olmos'}, 'location': {'street': {'number': 9206, 'name': 'Peatonal Distrito Federal'}, 'city': 'Nacori Chico', 'state': 'Sonora', 'country': 'Mexico', 'postcode': 72897, 'coordinates': {'latitude': '26.2301', 'longitude': '-83.9666'}, 'timezone': {'offset': '+10:00', 'description': 'Eastern Australia, Guam, Vladivostok'}}, 'email': 'azuma.olmos@example.com', 'login': {'uuid': '1afeb8cb-cc12-4813-8a32-a83d1ff26fe5', 'username': 'bluecat693', 'password': 'pavlov', 'salt': 'VXelHhmr', 'md5': 'b37dd3da9ebcac0589478e78ac5f449e', 'sha1': 'eb10ea08118e075ba84b02af4e26b450cf320883', 'sha256': '38396efb5e5109e5c5483f3356932e2f313409cd848c2293a69e22fdc2858e03'}, 'dob': {'date': '1973-06-13T00:15:33.808Z', 'age': 51}, 'registered': {'date': '2007-01-27T14:07:22.825Z', 'age': 17}, 'phone': '(609) 914 9930', 'cell': '(624) 202 9897', 'id': {'name': 'NSS', 'value': '06 22 36 8891 4'}, 'picture': {'large': 'https://randomuser.me/api/portraits/men/87.jpg', 'medium': 'https://randomuser.me/api/portraits/med/men/87.jpg', 'thumbnail': 'https://randomuser.me/api/portraits/thumb/men/87.jpg'}, 'nat': 'MX'}</msg>
<arg>${json_data['results'][0]}</arg>
<doc>Logs the given message with the given level.</doc>
<status status="PASS" start="2024-07-07T05:16:42.999902" elapsed="0.000405"/>
</kw>
<kw name="Log" owner="BuiltIn">
<msg time="2024-07-07T05:16:43.000743" level="INFO">location</msg>
<arg>${key}</arg>
<doc>Logs the given message with the given level.</doc>
<status status="PASS" start="2024-07-07T05:16:43.000605" elapsed="0.000176"/>
</kw>
<var name="${key}">location</var>
<status status="PASS" start="2024-07-07T05:16:42.999198" elapsed="0.001798"/>
</iter>
<iter>
<kw name="Dictionary Should Contain Key" owner="Collections">
<arg>${json_data['results'][0]}</arg>
<arg>${key}</arg>
<doc>Fails if ``key`` is not found from ``dictionary``.</doc>
<status status="PASS" start="2024-07-07T05:16:43.001276" elapsed="0.000399"/>
</kw>
<kw name="Log" owner="BuiltIn">
<msg time="2024-07-07T05:16:43.002220" level="INFO">{'gender': 'male', 'name': {'title': 'Mr', 'first': 'Azuma', 'last': 'Olmos'}, 'location': {'street': {'number': 9206, 'name': 'Peatonal Distrito Federal'}, 'city': 'Nacori Chico', 'state': 'Sonora', 'country': 'Mexico', 'postcode': 72897, 'coordinates': {'latitude': '26.2301', 'longitude': '-83.9666'}, 'timezone': {'offset': '+10:00', 'description': 'Eastern Australia, Guam, Vladivostok'}}, 'email': 'azuma.olmos@example.com', 'login': {'uuid': '1afeb8cb-cc12-4813-8a32-a83d1ff26fe5', 'username': 'bluecat693', 'password': 'pavlov', 'salt': 'VXelHhmr', 'md5': 'b37dd3da9ebcac0589478e78ac5f449e', 'sha1': 'eb10ea08118e075ba84b02af4e26b450cf320883', 'sha256': '38396efb5e5109e5c5483f3356932e2f313409cd848c2293a69e22fdc2858e03'}, 'dob': {'date': '1973-06-13T00:15:33.808Z', 'age': 51}, 'registered': {'date': '2007-01-27T14:07:22.825Z', 'age': 17}, 'phone': '(609) 914 9930', 'cell': '(624) 202 9897', 'id': {'name': 'NSS', 'value': '06 22 36 8891 4'}, 'picture': {'large': 'https://randomuser.me/api/portraits/men/87.jpg', 'medium': 'https://randomuser.me/api/portraits/med/men/87.jpg', 'thumbnail': 'https://randomuser.me/api/portraits/thumb/men/87.jpg'}, 'nat': 'MX'}</msg>
<arg>${json_data['results'][0]}</arg>
<doc>Logs the given message with the given level.</doc>
<status status="PASS" start="2024-07-07T05:16:43.001868" elapsed="0.000402"/>
</kw>
<kw name="Log" owner="BuiltIn">
<msg time="2024-07-07T05:16:43.002691" level="INFO">email</msg>
<arg>${key}</arg>
<doc>Logs the given message with the given level.</doc>
<status status="PASS" start="2024-07-07T05:16:43.002564" elapsed="0.000166"/>
</kw>
<var name="${key}">email</var>
<status status="PASS" start="2024-07-07T05:16:43.001168" elapsed="0.001782"/>
</iter>
<iter>
<kw name="Dictionary Should Contain Key" owner="Collections">
<arg>${json_data['results'][0]}</arg>
<arg>${key}</arg>
<doc>Fails if ``key`` is not found from ``dictionary``.</doc>
<status status="PASS" start="2024-07-07T05:16:43.003238" elapsed="0.000391"/>
</kw>
<kw name="Log" owner="BuiltIn">
<msg time="2024-07-07T05:16:43.004193" level="INFO">{'gender': 'male', 'name': {'title': 'Mr', 'first': 'Azuma', 'last': 'Olmos'}, 'location': {'street': {'number': 9206, 'name': 'Peatonal Distrito Federal'}, 'city': 'Nacori Chico', 'state': 'Sonora', 'country': 'Mexico', 'postcode': 72897, 'coordinates': {'latitude': '26.2301', 'longitude': '-83.9666'}, 'timezone': {'offset': '+10:00', 'description': 'Eastern Australia, Guam, Vladivostok'}}, 'email': 'azuma.olmos@example.com', 'login': {'uuid': '1afeb8cb-cc12-4813-8a32-a83d1ff26fe5', 'username': 'bluecat693', 'password': 'pavlov', 'salt': 'VXelHhmr', 'md5': 'b37dd3da9ebcac0589478e78ac5f449e', 'sha1': 'eb10ea08118e075ba84b02af4e26b450cf320883', 'sha256': '38396efb5e5109e5c5483f3356932e2f313409cd848c2293a69e22fdc2858e03'}, 'dob': {'date': '1973-06-13T00:15:33.808Z', 'age': 51}, 'registered': {'date': '2007-01-27T14:07:22.825Z', 'age': 17}, 'phone': '(609) 914 9930', 'cell': '(624) 202 9897', 'id': {'name': 'NSS', 'value': '06 22 36 8891 4'}, 'picture': {'large': 'https://randomuser.me/api/portraits/men/87.jpg', 'medium': 'https://randomuser.me/api/portraits/med/men/87.jpg', 'thumbnail': 'https://randomuser.me/api/portraits/thumb/men/87.jpg'}, 'nat': 'MX'}</msg>
<arg>${json_data['results'][0]}</arg>
<doc>Logs the given message with the given level.</doc>
<status status="PASS" start="2024-07-07T05:16:43.003841" elapsed="0.000403"/>
</kw>
<kw name="Log" owner="BuiltIn">
<msg time="2024-07-07T05:16:43.004667" level="INFO">login</msg>
<arg>${key}</arg>
<doc>Logs the given message with the given level.</doc>
<status status="PASS" start="2024-07-07T05:16:43.004542" elapsed="0.000163"/>
</kw>
<var name="${key}">login</var>
<status status="PASS" start="2024-07-07T05:16:43.003122" elapsed="0.001800"/>
</iter>
<var>${key}</var>
<value>@{expected_keys}</value>
<status status="PASS" start="2024-07-07T05:16:42.994893" elapsed="0.010152"/>
</for>
<kw name="Create List" owner="BuiltIn">
<msg time="2024-07-07T05:16:43.005424" level="INFO">${expected_keysTwo} = ['username', 'password']</msg>
<var>${expected_keysTwo}</var>
<arg>username</arg>
<arg>password</arg>
<doc>Returns a list containing given items.</doc>
<status status="PASS" start="2024-07-07T05:16:43.005277" elapsed="0.000171"/>
</kw>
<for flavor="IN">
<iter>
<kw name="Dictionary Should Contain Key" owner="Collections">
<arg>${json_data['results'][0]['login']}</arg>
<arg>${keyTwo}</arg>
<doc>Fails if ``key`` is not found from ``dictionary``.</doc>
<status status="PASS" start="2024-07-07T05:16:43.005958" elapsed="0.000392"/>
</kw>
<kw name="Dictionary Should Contain Key" owner="Collections">
<arg>${json_data['results'][0]['login']}</arg>
<arg>${keyTwo}</arg>
<doc>Fails if ``key`` is not found from ``dictionary``.</doc>
<status status="PASS" start="2024-07-07T05:16:43.006544" elapsed="0.000369"/>
</kw>
<kw name="Log" owner="BuiltIn">
<msg time="2024-07-07T05:16:43.007214" level="INFO">username</msg>
<arg>${keyTwo}</arg>
<doc>Logs the given message with the given level.</doc>
<status status="PASS" start="2024-07-07T05:16:43.007095" elapsed="0.000157"/>
</kw>
<var name="${keyTwo}">username</var>
<status status="PASS" start="2024-07-07T05:16:43.005850" elapsed="0.001628"/>
</iter>
<iter>
<kw name="Dictionary Should Contain Key" owner="Collections">
<arg>${json_data['results'][0]['login']}</arg>
<arg>${keyTwo}</arg>
<doc>Fails if ``key`` is not found from ``dictionary``.</doc>
<status status="PASS" start="2024-07-07T05:16:43.007783" elapsed="0.000389"/>
</kw>
<kw name="Dictionary Should Contain Key" owner="Collections">
<arg>${json_data['results'][0]['login']}</arg>
<arg>${keyTwo}</arg>
<doc>Fails if ``key`` is not found from ``dictionary``.</doc>
<status status="PASS" start="2024-07-07T05:16:43.008353" elapsed="0.000376"/>
</kw>
<kw name="Log" owner="BuiltIn">
<msg time="2024-07-07T05:16:43.009025" level="INFO">password</msg>
<arg>${keyTwo}</arg>
<doc>Logs the given message with the given level.</doc>
<status status="PASS" start="2024-07-07T05:16:43.008906" elapsed="0.000161"/>
</kw>
<var name="${keyTwo}">password</var>
<status status="PASS" start="2024-07-07T05:16:43.007652" elapsed="0.001743"/>
</iter>
<var>${keyTwo}</var>
<value>@{expected_keysTwo}</value>
<status status="PASS" start="2024-07-07T05:16:43.005690" elapsed="0.003828"/>
</for>
<status status="PASS" start="2024-07-07T05:16:42.895025" elapsed="0.114640"/>
</kw>
<doc>Testa a estrutura da resposta da API.</doc>
<tag>testeEstruturaResposta</tag>
<status status="PASS" start="2024-07-07T05:16:42.894382" elapsed="0.115443"/>
</test>
<test id="s1-s1-t4" name="Validar tipos de dados" line="28">
<kw name="Teste de Tipos de Dados" owner="random-user-service">
<kw name="GET On Session" owner="RequestsLibrary">
<msg time="2024-07-07T05:16:43.095917" level="INFO">GET Request : url=https://randomuser.me/api 
 path_url=/api 
 headers={'User-Agent': 'python-requests/2.32.3', 'Accept-Encoding': 'gzip, deflate', 'Accept': '*/*', 'Connection': 'keep-alive'} 
 body=None 
 </msg>
<msg time="2024-07-07T05:16:43.096020" level="INFO">GET Response : url=https://randomuser.me/api 
 status=200, reason=OK 
 headers={'Date': 'Sun, 07 Jul 2024 05:16:43 GMT', 'Content-Type': 'application/json; charset=utf-8', 'Transfer-Encoding': 'chunked', 'Connection': 'keep-alive', 'X-Powered-By': 'Express', 'Access-Control-Allow-Origin': '*', 'Cache-Control': 'no-cache', 'ETag': 'W/"49f-scOwTjqTYSoCSUgRSr8zjptCVQg"', 'Vary': 'Accept-Encoding', 'Content-Encoding': 'gzip', 'CF-Cache-Status': 'DYNAMIC', 'Report-To': '{"endpoints":[{"url":"https:\\/\\/a.nel.cloudflare.com\\/report\\/v4?s=%2BVZ2UyK5FnOsMa5FoPbxUioYareLaNU8px4N4lEtxuWQu00qT%2FYNpO4R97Zs4QGAjRjXN1L43Odcbfv8EAuKEKf7Yyiu7jFEtVMeNtJ4UEFWkhAiYFubQB8MvYocUqUC"}],"group":"cf-nel","max_age":604800}', 'NEL': '{"success_fraction":0,"report_to":"cf-nel","max_age":604800}', 'Server': 'cloudflare', 'CF-RAY': '89f55d30d9a73b23-IAD', 'alt-svc': 'h3=":443"; ma=86400'} 
 body={"results":[{"gender":"female","name":{"title":"Miss","first":"Sophie","last":"Barbier"},"location":{"street":{"number":7850,"name":"Rue de L'Abbé-Roger-Derry"},"city":"Lyon","state":"Marne","country":"France","postcode":64595,"coordinates":{"latitude":"-14.7915","longitude":"117.0052"},"timezone":{"offset":"-1:00","description":"Azores, Cape Verde Islands"}},"email":"sophie.barbier@example.com","login":{"uuid":"f026c97a-97b9-444d-b01e-e68e377c99ce","username":"whitewolf455","password":"austria","salt":"EULqr1Bb","md5":"ead51e38663c34a593a0f814cbebb34d","sha1":"067113ad213938602a553a34f283ccb9b4a0a48c","sha256":"92919e89c11ca64729a00ae557a4d8e7f3c8ce7757e2922a6d6d594d93fd3f25"},"dob":{"date":"1975-10-23T13:45:43.858Z","age":48},"registered":{"date":"2020-02-19T16:54:25.460Z","age":4},"phone":"03-48-55-78-56","cell":"06-35-43-52-54","id":{"name":"INSEE","value":"2750979213106 59"},"picture":{"large":"https://randomuser.me/api/portraits/women/18.jpg","medium":"https://randomuser.me/api/portraits/med/women/18.jpg","thumbnail":"https://randomuser.me/api/portraits/thumb/women/18.jpg"},"nat":"FR"}],"info":{"seed":"58d170d360cc656c","results":1,"page":1,"version":"1.4"}} 
 </msg>
<msg time="2024-07-07T05:16:43.096096" level="INFO">/opt/hostedtoolcache/Python/3.12.4/x64/lib/python3.12/site-packages/urllib3/connectionpool.py:1099: InsecureRequestWarning: Unverified HTTPS request is being made to host 'randomuser.me'. Adding certificate verification is strongly advised. See: https://urllib3.readthedocs.io/en/latest/advanced-usage.html#tls-warnings
  warnings.warn(</msg>
<msg time="2024-07-07T05:16:43.096224" level="INFO">${response} = &lt;Response [200]&gt;</msg>
<var>${response}</var>
<arg>consultarAPI</arg>
<arg>/api</arg>
<doc>Sends a GET request on a previously created HTTP Session.</doc>
<status status="PASS" start="2024-07-07T05:16:43.012467" elapsed="0.083796"/>
</kw>
<kw name="Set Variable" owner="BuiltIn">
<msg time="2024-07-07T05:16:43.097335" level="INFO">${json_data} = {'results': [{'gender': 'female', 'name': {'title': 'Miss', 'first': 'Sophie', 'last': 'Barbier'}, 'location': {'street': {'number': 7850, 'name': "Rue de L'Abbé-Roger-Derry"}, 'city': 'Lyon', 'state'...</msg>
<var>${json_data}</var>
<arg>${response.json()}</arg>
<doc>Returns the given values which can then be assigned to a variables.</doc>
<status status="PASS" start="2024-07-07T05:16:43.096805" elapsed="0.000561"/>
</kw>
<kw name="Log" owner="BuiltIn">
<msg time="2024-07-07T05:16:43.097848" level="INFO">{'results': [{'gender': 'female', 'name': {'title': 'Miss', 'first': 'Sophie', 'last': 'Barbier'}, 'location': {'street': {'number': 7850, 'name': "Rue de L'Abbé-Roger-Derry"}, 'city': 'Lyon', 'state': 'Marne', 'country': 'France', 'postcode': 64595, 'coordinates': {'latitude': '-14.7915', 'longitude': '117.0052'}, 'timezone': {'offset': '-1:00', 'description': 'Azores, Cape Verde Islands'}}, 'email': 'sophie.barbier@example.com', 'login': {'uuid': 'f026c97a-97b9-444d-b01e-e68e377c99ce', 'username': 'whitewolf455', 'password': 'austria', 'salt': 'EULqr1Bb', 'md5': 'ead51e38663c34a593a0f814cbebb34d', 'sha1': '067113ad213938602a553a34f283ccb9b4a0a48c', 'sha256': '92919e89c11ca64729a00ae557a4d8e7f3c8ce7757e2922a6d6d594d93fd3f25'}, 'dob': {'date': '1975-10-23T13:45:43.858Z', 'age': 48}, 'registered': {'date': '2020-02-19T16:54:25.460Z', 'age': 4}, 'phone': '03-48-55-78-56', 'cell': '06-35-43-52-54', 'id': {'name': 'INSEE', 'value': '2750979213106 59'}, 'picture': {'large': 'https://randomuser.me/api/portraits/women/18.jpg', 'medium': 'https://randomuser.me/api/portraits/med/women/18.jpg', 'thumbnail': 'https://randomuser.me/api/portraits/thumb/women/18.jpg'}, 'nat': 'FR'}], 'info': {'seed': '58d170d360cc656c', 'results': 1, 'page': 1, 'version': '1.4'}}</msg>
<arg>${json_data}</arg>
<doc>Logs the given message with the given level.</doc>
<status status="PASS" start="2024-07-07T05:16:43.097680" elapsed="0.000220"/>
</kw>
<kw name="Should Be String" owner="String">
<arg>${json_data['results'][0]['gender']}</arg>
<doc>Fails if the given ``item`` is not a string.</doc>
<status status="PASS" start="2024-07-07T05:16:43.098190" elapsed="0.000358"/>
</kw>
<kw name="Should Match Regexp" owner="BuiltIn">
<arg>${json_data['results'][0]['email']}</arg>
<arg>^[a-zA-Z0-9._%+-]+@[a-zA-Z0-9.-]+\.[a-zA-Z]{2,}$</arg>
<doc>Fails if ``string`` does not match ``pattern`` as a regular expression.</doc>
<status status="PASS" start="2024-07-07T05:16:43.098775" elapsed="0.000523"/>
</kw>
<kw name="Should Match Regexp" owner="BuiltIn">
<arg>${json_data['results'][0]['dob']['date']}</arg>
<arg>\\d{4}-\\d{2}-\\d{2}T\\d{2}:\\d{2}:\\d{2}\\.\\d{3}Z</arg>
<doc>Fails if ``string`` does not match ``pattern`` as a regular expression.</doc>
<status status="PASS" start="2024-07-07T05:16:43.099492" elapsed="0.000524"/>
</kw>
<kw name="Should Match Regexp" owner="BuiltIn">
<arg>${json_data['results'][0]['registered']['date']}</arg>
<arg>\\d{4}-\\d{2}-\\d{2}T\\d{2}:\\d{2}:\\d{2}\\.\\d{3}Z</arg>
<doc>Fails if ``string`` does not match ``pattern`` as a regular expression.</doc>
<status status="PASS" start="2024-07-07T05:16:43.100208" elapsed="0.000376"/>
</kw>
<kw name="Should Match Regexp" owner="BuiltIn">
<arg>${json_data['results'][0]['picture']['large']}</arg>
<arg>^https?://.*\.(?:png|jpe?g|gif|bmp)$</arg>
<doc>Fails if ``string`` does not match ``pattern`` as a regular expression.</doc>
<status status="PASS" start="2024-07-07T05:16:43.100769" elapsed="0.000457"/>
</kw>
<kw name="Should Match Regexp" owner="BuiltIn">
<arg>${json_data['results'][0]['picture']['medium']}</arg>
<arg>^https?://.*\.(?:png|jpe?g|gif|bmp)$</arg>
<doc>Fails if ``string`` does not match ``pattern`` as a regular expression.</doc>
<status status="PASS" start="2024-07-07T05:16:43.101412" elapsed="0.000351"/>
</kw>
<kw name="Should Match Regexp" owner="BuiltIn">
<arg>${json_data['results'][0]['picture']['thumbnail']}</arg>
<arg>^https?://.*\.(?:png|jpe?g|gif|bmp)$</arg>
<doc>Fails if ``string`` does not match ``pattern`` as a regular expression.</doc>
<status status="PASS" start="2024-07-07T05:16:43.101944" elapsed="0.000358"/>
</kw>
<kw name="Log" owner="BuiltIn">
<msg time="2024-07-07T05:16:43.102818" level="INFO">{'large': 'https://randomuser.me/api/portraits/women/18.jpg', 'medium': 'https://randomuser.me/api/portraits/med/women/18.jpg', 'thumbnail': 'https://randomuser.me/api/portraits/thumb/women/18.jpg'}</msg>
<arg>${json_data['results'][0]['picture']}</arg>
<doc>Logs the given message with the given level.</doc>
<status status="PASS" start="2024-07-07T05:16:43.102488" elapsed="0.000374"/>
</kw>
<status status="PASS" start="2024-07-07T05:16:43.012237" elapsed="0.090893"/>
</kw>
<kw name="Teste de Tipos de Dados - Postcode" owner="random-user-service">
<kw name="GET On Session" owner="RequestsLibrary">
<msg time="2024-07-07T05:16:43.194283" level="INFO">GET Request : url=https://randomuser.me/api 
 path_url=/api 
 headers={'User-Agent': 'python-requests/2.32.3', 'Accept-Encoding': 'gzip, deflate', 'Accept': '*/*', 'Connection': 'keep-alive'} 
 body=None 
 </msg>
<msg time="2024-07-07T05:16:43.194381" level="INFO">GET Response : url=https://randomuser.me/api 
 status=200, reason=OK 
 headers={'Date': 'Sun, 07 Jul 2024 05:16:43 GMT', 'Content-Type': 'application/json; charset=utf-8', 'Transfer-Encoding': 'chunked', 'Connection': 'keep-alive', 'X-Powered-By': 'Express', 'Access-Control-Allow-Origin': '*', 'Cache-Control': 'no-cache', 'ETag': 'W/"4a0-JRPasE2ns67Lvww8eHnF904yCEk"', 'Vary': 'Accept-Encoding', 'Content-Encoding': 'gzip', 'CF-Cache-Status': 'DYNAMIC', 'Report-To': '{"endpoints":[{"url":"https:\\/\\/a.nel.cloudflare.com\\/report\\/v4?s=OtPda8hrDtnx9wXHXXO%2BfYuAPE9MFNAXOzvQpscgc3i4gljyrlegasNNKbZsIbpByq17FCJgXV0BkBsmzDroJzLXGPmHswCFzRcKQ2YwtlQlaCbYAEZ6%2F619FnYyyaWY"}],"group":"cf-nel","max_age":604800}', 'NEL': '{"success_fraction":0,"report_to":"cf-nel","max_age":604800}', 'Server': 'cloudflare', 'CF-RAY': '89f55d316a7a3b23-IAD', 'alt-svc': 'h3=":443"; ma=86400'} 
 body={"results":[{"gender":"female","name":{"title":"Miss","first":"Dawn","last":"Wells"},"location":{"street":{"number":8843,"name":"Fincher Rd"},"city":"Phoenix","state":"West Virginia","country":"United States","postcode":37082,"coordinates":{"latitude":"86.4183","longitude":"86.6698"},"timezone":{"offset":"-5:00","description":"Eastern Time (US &amp; Canada), Bogota, Lima"}},"email":"dawn.wells@example.com","login":{"uuid":"3f04e4af-4ab5-4ed2-ac38-79b7f9d5e639","username":"lazyladybug618","password":"came11","salt":"OSw3ZkPV","md5":"161efebb30abf4597d6266d7c1381141","sha1":"6fc5dfb16d274b5ae19f70df83afffb125dc01ba","sha256":"8b627c9353a13f34060ed8e595f50833d39e275ec8eb3b957119a8bece144ad8"},"dob":{"date":"1984-01-28T11:09:05.406Z","age":40},"registered":{"date":"2011-06-22T02:58:04.471Z","age":13},"phone":"(683) 931-5879","cell":"(749) 409-8715","id":{"name":"SSN","value":"844-81-3330"},"picture":{"large":"https://randomuser.me/api/portraits/women/95.jpg","medium":"https://randomuser.me/api/portraits/med/women/95.jpg","thumbnail":"https://randomuser.me/api/portraits/thumb/women/95.jpg"},"nat":"US"}],"info":{"seed":"81319a91db4ac0c2","results":1,"page":1,"version":"1.4"}} 
 </msg>
<msg time="2024-07-07T05:16:43.194455" level="INFO">/opt/hostedtoolcache/Python/3.12.4/x64/lib/python3.12/site-packages/urllib3/connectionpool.py:1099: InsecureRequestWarning: Unverified HTTPS request is being made to host 'randomuser.me'. Adding certificate verification is strongly advised. See: https://urllib3.readthedocs.io/en/latest/advanced-usage.html#tls-warnings
  warnings.warn(</msg>
<msg time="2024-07-07T05:16:43.194576" level="INFO">${response} = &lt;Response [200]&gt;</msg>
<var>${response}</var>
<arg>consultarAPI</arg>
<arg>/api</arg>
<doc>Sends a GET request on a previously created HTTP Session.</doc>
<status status="PASS" start="2024-07-07T05:16:43.103596" elapsed="0.091007"/>
</kw>
<kw name="Set Variable" owner="BuiltIn">
<msg time="2024-07-07T05:16:43.195714" level="INFO">${json_data} = {'results': [{'gender': 'female', 'name': {'title': 'Miss', 'first': 'Dawn', 'last': 'Wells'}, 'location': {'street': {'number': 8843, 'name': 'Fincher Rd'}, 'city': 'Phoenix', 'state': 'West Virginia...</msg>
<var>${json_data}</var>
<arg>${response.json()}</arg>
<doc>Returns the given values which can then be assigned to a variables.</doc>
<status status="PASS" start="2024-07-07T05:16:43.195190" elapsed="0.000552"/>
</kw>
<kw name="Log" owner="BuiltIn">
<msg time="2024-07-07T05:16:43.196253" level="INFO">{'results': [{'gender': 'female', 'name': {'title': 'Miss', 'first': 'Dawn', 'last': 'Wells'}, 'location': {'street': {'number': 8843, 'name': 'Fincher Rd'}, 'city': 'Phoenix', 'state': 'West Virginia', 'country': 'United States', 'postcode': 37082, 'coordinates': {'latitude': '86.4183', 'longitude': '86.6698'}, 'timezone': {'offset': '-5:00', 'description': 'Eastern Time (US &amp; Canada), Bogota, Lima'}}, 'email': 'dawn.wells@example.com', 'login': {'uuid': '3f04e4af-4ab5-4ed2-ac38-79b7f9d5e639', 'username': 'lazyladybug618', 'password': 'came11', 'salt': 'OSw3ZkPV', 'md5': '161efebb30abf4597d6266d7c1381141', 'sha1': '6fc5dfb16d274b5ae19f70df83afffb125dc01ba', 'sha256': '8b627c9353a13f34060ed8e595f50833d39e275ec8eb3b957119a8bece144ad8'}, 'dob': {'date': '1984-01-28T11:09:05.406Z', 'age': 40}, 'registered': {'date': '2011-06-22T02:58:04.471Z', 'age': 13}, 'phone': '(683) 931-5879', 'cell': '(749) 409-8715', 'id': {'name': 'SSN', 'value': '844-81-3330'}, 'picture': {'large': 'https://randomuser.me/api/portraits/women/95.jpg', 'medium': 'https://randomuser.me/api/portraits/med/women/95.jpg', 'thumbnail': 'https://randomuser.me/api/portraits/thumb/women/95.jpg'}, 'nat': 'US'}], 'info': {'seed': '81319a91db4ac0c2', 'results': 1, 'page': 1, 'version': '1.4'}}</msg>
<arg>${json_data}</arg>
<doc>Logs the given message with the given level.</doc>
<status status="PASS" start="2024-07-07T05:16:43.196095" elapsed="0.000207"/>
</kw>
<kw name="Should Be Equal As Numbers" owner="BuiltIn">
<arg>${json_data['results'][0]['location']['postcode']}</arg>
<arg>${json_data['results'][0]['location']['postcode']}</arg>
<doc>Fails if objects are unequal after converting them to real numbers.</doc>
<status status="PASS" start="2024-07-07T05:16:43.196599" elapsed="0.000626"/>
</kw>
<kw name="Log" owner="BuiltIn">
<msg time="2024-07-07T05:16:43.197968" level="INFO">37082</msg>
<arg>${json_data['results'][0]['location']['postcode']}</arg>
<doc>Logs the given message with the given level.</doc>
<status status="PASS" start="2024-07-07T05:16:43.197455" elapsed="0.000556"/>
</kw>
<status status="PASS" start="2024-07-07T05:16:43.103365" elapsed="0.094909"/>
</kw>
<doc>Testa se os tipos de dados na resposta da API estão corretos.</doc>
<tag>testeTiposDados</tag>
<status status="PASS" start="2024-07-07T05:16:43.011636" elapsed="0.186808"/>
</test>
<test id="s1-s1-t5" name="Validar conteudo" line="35">
<kw name="Teste de Tipos de Conteudo" owner="random-user-service">
<kw name="GET On Session" owner="RequestsLibrary">
<msg time="2024-07-07T05:16:43.291001" level="INFO">GET Request : url=https://randomuser.me/api 
 path_url=/api 
 headers={'User-Agent': 'python-requests/2.32.3', 'Accept-Encoding': 'gzip, deflate', 'Accept': '*/*', 'Connection': 'keep-alive'} 
 body=None 
 </msg>
<msg time="2024-07-07T05:16:43.291121" level="INFO">GET Response : url=https://randomuser.me/api 
 status=200, reason=OK 
 headers={'Date': 'Sun, 07 Jul 2024 05:16:43 GMT', 'Content-Type': 'application/json; charset=utf-8', 'Transfer-Encoding': 'chunked', 'Connection': 'keep-alive', 'X-Powered-By': 'Express', 'Access-Control-Allow-Origin': '*', 'Cache-Control': 'no-cache', 'ETag': 'W/"496-kVzh1uuN7pdEiKIpQkTC0D4wwLI"', 'Vary': 'Accept-Encoding', 'Content-Encoding': 'gzip', 'CF-Cache-Status': 'DYNAMIC', 'Report-To': '{"endpoints":[{"url":"https:\\/\\/a.nel.cloudflare.com\\/report\\/v4?s=Rk4Y9goIk1Y0tVfojuHeyn2OtVmtcVFw8B1d0nBcxyk1STjlKm2j8Xuezws4%2Fi4qTSYY3C4xO%2FZbl4B9CEEGT1BQsOFp4pqprExMQXGVfgd0pGHjucKmM%2FFb79b2dR0h"}],"group":"cf-nel","max_age":604800}', 'NEL': '{"success_fraction":0,"report_to":"cf-nel","max_age":604800}', 'Server': 'cloudflare', 'CF-RAY': '89f55d320b6c3b23-IAD', 'alt-svc': 'h3=":443"; ma=86400'} 
 body={"results":[{"gender":"female","name":{"title":"Ms","first":"آیلین","last":"احمدی"},"location":{"street":{"number":2334,"name":"دماوند"},"city":"کرج","state":"کهگیلویه و بویراحمد","country":"Iran","postcode":96452,"coordinates":{"latitude":"20.5255","longitude":"152.7511"},"timezone":{"offset":"+6:00","description":"Almaty, Dhaka, Colombo"}},"email":"aylyn.hmdy@example.com","login":{"uuid":"20bc34ee-f7bd-4436-a526-dbefe9c90f9b","username":"heavysnake774","password":"blonds","salt":"CT1tmxMu","md5":"959828939aac3657b3d7707b9895173f","sha1":"5bd3a229beeae8448a7de83cab521de45a146ef9","sha256":"a68210223ee33a9caf2b99be3e99ee806c953ed6512083fa245c24caa0131f59"},"dob":{"date":"1997-08-07T01:48:13.032Z","age":26},"registered":{"date":"2021-12-25T06:57:40.726Z","age":2},"phone":"057-50957742","cell":"0980-241-2211","id":{"name":"","value":null},"picture":{"large":"https://randomuser.me/api/portraits/women/89.jpg","medium":"https://randomuser.me/api/portraits/med/women/89.jpg","thumbnail":"https://randomuser.me/api/portraits/thumb/women/89.jpg"},"nat":"IR"}],"info":{"seed":"913dde48d0c8eff0","results":1,"page":1,"version":"1.4"}} 
 </msg>
<msg time="2024-07-07T05:16:43.291214" level="INFO">/opt/hostedtoolcache/Python/3.12.4/x64/lib/python3.12/site-packages/urllib3/connectionpool.py:1099: InsecureRequestWarning: Unverified HTTPS request is being made to host 'randomuser.me'. Adding certificate verification is strongly advised. See: https://urllib3.readthedocs.io/en/latest/advanced-usage.html#tls-warnings
  warnings.warn(</msg>
<msg time="2024-07-07T05:16:43.291343" level="INFO">${response} = &lt;Response [200]&gt;</msg>
<var>${response}</var>
<arg>consultarAPI</arg>
<arg>/api</arg>
<doc>Sends a GET request on a previously created HTTP Session.</doc>
<status status="PASS" start="2024-07-07T05:16:43.201025" elapsed="0.090344"/>
</kw>
<kw name="Set Variable" owner="BuiltIn">
<msg time="2024-07-07T05:16:43.292542" level="INFO">${json_data} = {'results': [{'gender': 'female', 'name': {'title': 'Ms', 'first': 'آیلین', 'last': 'احمدی'}, 'location': {'street': {'number': 2334, 'name': 'دماوند'}, 'city': 'کرج', 'state': 'کهگیلویه و بویراحمد', ...</msg>
<var>${json_data}</var>
<arg>${response.json()}</arg>
<doc>Returns the given values which can then be assigned to a variables.</doc>
<status status="PASS" start="2024-07-07T05:16:43.291989" elapsed="0.000586"/>
</kw>
<kw name="Set Variable" owner="BuiltIn">
<msg time="2024-07-07T05:16:43.293283" level="INFO">${name_title} = Ms</msg>
<var>${name_title}</var>
<arg>${json_data["results"][0]["name"]["title"]}</arg>
<doc>Returns the given values which can then be assigned to a variables.</doc>
<status status="PASS" start="2024-07-07T05:16:43.292885" elapsed="0.000425"/>
</kw>
<kw name="Create List" owner="BuiltIn">
<msg time="2024-07-07T05:16:43.293763" level="INFO">${allowed_titles} = ['Mr', 'Ms', 'Miss', 'Mrs', 'Madame', 'Monsieur']</msg>
<var>${allowed_titles}</var>
<arg>Mr</arg>
<arg>Ms</arg>
<arg>Miss</arg>
<arg>Mrs</arg>
<arg>Madame</arg>
<arg>Monsieur</arg>
<doc>Returns a list containing given items.</doc>
<status status="PASS" start="2024-07-07T05:16:43.293612" elapsed="0.000176"/>
</kw>
<kw name="List Should Contain Value" owner="Collections">
<arg>${allowed_titles}</arg>
<arg>${name_title}</arg>
<doc>Fails if the ``value`` is not found from ``list``.</doc>
<status status="PASS" start="2024-07-07T05:16:43.294099" elapsed="0.000178"/>
</kw>
<kw name="Set Variable" owner="BuiltIn">
<msg time="2024-07-07T05:16:43.294823" level="INFO">${name_country} = IR</msg>
<var>${name_country}</var>
<arg>${json_data["results"][0]["nat"]}</arg>
<doc>Returns the given values which can then be assigned to a variables.</doc>
<status status="PASS" start="2024-07-07T05:16:43.294456" elapsed="0.000392"/>
</kw>
<kw name="Create List" owner="BuiltIn">
<msg time="2024-07-07T05:16:43.295737" level="INFO">${list_country} = ['AD', 'AE', 'AF', 'AG', 'AI', 'AL', 'AM', 'AO', 'AQ', 'AR', 'AS', 'AT', 'AU', 'AW', 'AX', 'AZ', 'BA', 'BB', 'BD', 'BE', 'BF', 'BG', 'BH', 'BI', 'BJ', 'BL', 'BM', 'BN', 'BO', 'BQ', 'BR', 'BS', 'BT', '...</msg>
<var>${list_country}</var>
<arg>AD</arg>
<arg>AE</arg>
<arg>AF</arg>
<arg>AG</arg>
<arg>AI</arg>
<arg>AL</arg>
<arg>AM</arg>
<arg>AO</arg>
<arg>AQ</arg>
<arg>AR</arg>
<arg>AS</arg>
<arg>AT</arg>
<arg>AU</arg>
<arg>AW</arg>
<arg>AX</arg>
<arg>AZ</arg>
<arg>BA</arg>
<arg>BB</arg>
<arg>BD</arg>
<arg>BE</arg>
<arg>BF</arg>
<arg>BG</arg>
<arg>BH</arg>
<arg>BI</arg>
<arg>BJ</arg>
<arg>BL</arg>
<arg>BM</arg>
<arg>BN</arg>
<arg>BO</arg>
<arg>BQ</arg>
<arg>BR</arg>
<arg>BS</arg>
<arg>BT</arg>
<arg>BV</arg>
<arg>BW</arg>
<arg>BY</arg>
<arg>BZ</arg>
<arg>CA</arg>
<arg>CC</arg>
<arg>CD</arg>
<arg>CF</arg>
<arg>CG</arg>
<arg>CH</arg>
<arg>CI</arg>
<arg>CK</arg>
<arg>CL</arg>
<arg>CM</arg>
<arg>CN</arg>
<arg>CO</arg>
<arg>CR</arg>
<arg>CU</arg>
<arg>CV</arg>
<arg>CW</arg>
<arg>CX</arg>
<arg>CY</arg>
<arg>CZ</arg>
<arg>DE</arg>
<arg>DJ</arg>
<arg>DK</arg>
<arg>DM</arg>
<arg>DO</arg>
<arg>DZ</arg>
<arg>EC</arg>
<arg>EE</arg>
<arg>EG</arg>
<arg>EH</arg>
<arg>ER</arg>
<arg>ES</arg>
<arg>ET</arg>
<arg>FI</arg>
<arg>FJ</arg>
<arg>FK</arg>
<arg>FM</arg>
<arg>FO</arg>
<arg>FR</arg>
<arg>GA</arg>
<arg>GB</arg>
<arg>GD</arg>
<arg>GE</arg>
<arg>GF</arg>
<arg>GG</arg>
<arg>GH</arg>
<arg>GI</arg>
<arg>GL</arg>
<arg>GM</arg>
<arg>GN</arg>
<arg>GP</arg>
<arg>GQ</arg>
<arg>GR</arg>
<arg>GS</arg>
<arg>GT</arg>
<arg>GU</arg>
<arg>GW</arg>
<arg>GY</arg>
<arg>HK</arg>
<arg>HM</arg>
<arg>HN</arg>
<arg>HR</arg>
<arg>HT</arg>
<arg>HU</arg>
<arg>ID</arg>
<arg>IE</arg>
<arg>IL</arg>
<arg>IM</arg>
<arg>IN</arg>
<arg>IO</arg>
<arg>IQ</arg>
<arg>IR</arg>
<arg>IS</arg>
<arg>IT</arg>
<arg>JE</arg>
<arg>JM</arg>
<arg>JO</arg>
<arg>JP</arg>
<arg>KE</arg>
<arg>KG</arg>
<arg>KH</arg>
<arg>KI</arg>
<arg>KM</arg>
<arg>KN</arg>
<arg>KP</arg>
<arg>KR</arg>
<arg>KW</arg>
<arg>KY</arg>
<arg>KZ</arg>
<arg>LA</arg>
<arg>LB</arg>
<arg>LC</arg>
<arg>LI</arg>
<arg>LK</arg>
<arg>LR</arg>
<arg>LS</arg>
<arg>LT</arg>
<arg>LU</arg>
<arg>LV</arg>
<arg>LY</arg>
<arg>MA</arg>
<arg>MC</arg>
<arg>MD</arg>
<arg>ME</arg>
<arg>MF</arg>
<arg>MG</arg>
<arg>MH</arg>
<arg>MK</arg>
<arg>ML</arg>
<arg>MM</arg>
<arg>MN</arg>
<arg>MO</arg>
<arg>MP</arg>
<arg>MQ</arg>
<arg>MR</arg>
<arg>MS</arg>
<arg>MT</arg>
<arg>MU</arg>
<arg>MV</arg>
<arg>MW</arg>
<arg>MX</arg>
<arg>MY</arg>
<arg>MZ</arg>
<arg>NA</arg>
<arg>NC</arg>
<arg>NE</arg>
<arg>NF</arg>
<arg>NG</arg>
<arg>NI</arg>
<arg>NL</arg>
<arg>NO</arg>
<arg>NP</arg>
<arg>NR</arg>
<arg>NU</arg>
<arg>NZ</arg>
<arg>OM</arg>
<arg>PA</arg>
<arg>PE</arg>
<arg>PF</arg>
<arg>PG</arg>
<arg>PH</arg>
<arg>PK</arg>
<arg>PL</arg>
<arg>PM</arg>
<arg>PN</arg>
<arg>PR</arg>
<arg>PS</arg>
<arg>PT</arg>
<arg>PW</arg>
<arg>PY</arg>
<arg>QA</arg>
<arg>RE</arg>
<arg>RO</arg>
<arg>RS</arg>
<arg>RU</arg>
<arg>RW</arg>
<arg>SA</arg>
<arg>SB</arg>
<arg>SC</arg>
<arg>SD</arg>
<arg>SE</arg>
<arg>SG</arg>
<arg>SH</arg>
<arg>SI</arg>
<arg>SJ</arg>
<arg>SK</arg>
<arg>SL</arg>
<arg>SM</arg>
<arg>SN</arg>
<arg>SO</arg>
<arg>SR</arg>
<arg>SS</arg>
<arg>ST</arg>
<arg>SV</arg>
<arg>SX</arg>
<arg>SY</arg>
<arg>SZ</arg>
<arg>TC</arg>
<arg>TD</arg>
<arg>TF</arg>
<arg>TG</arg>
<arg>TH</arg>
<arg>TJ</arg>
<arg>TK</arg>
<arg>TL</arg>
<arg>TM</arg>
<arg>TN</arg>
<arg>TO</arg>
<arg>TR</arg>
<arg>TT</arg>
<arg>TV</arg>
<arg>TW</arg>
<arg>TZ</arg>
<arg>UA</arg>
<arg>UG</arg>
<arg>UM</arg>
<arg>US</arg>
<arg>UY</arg>
<arg>UZ</arg>
<arg>VA</arg>
<arg>VC</arg>
<arg>VE</arg>
<arg>VG</arg>
<arg>VI</arg>
<arg>VN</arg>
<arg>VU</arg>
<arg>WF</arg>
<arg>WS</arg>
<arg>XK</arg>
<arg>YE</arg>
<arg>YT</arg>
<arg>ZA</arg>
<arg>ZM</arg>
<arg>ZW</arg>
<doc>Returns a list containing given items.</doc>
<status status="PASS" start="2024-07-07T05:16:43.295146" elapsed="0.000642"/>
</kw>
<kw name="List Should Contain Value" owner="Collections">
<arg>${list_country}</arg>
<arg>${name_country}</arg>
<doc>Fails if the ``value`` is not found from ``list``.</doc>
<status status="PASS" start="2024-07-07T05:16:43.296591" elapsed="0.000202"/>
</kw>
<kw name="Run Keyword If" owner="BuiltIn">
<kw name="Should Be True" owner="BuiltIn">
<arg>${True}</arg>
<doc>Fails if the given condition is not true.</doc>
<status status="PASS" start="2024-07-07T05:16:43.297756" elapsed="0.000139"/>
</kw>
<arg>${json_data["results"][0]["location"]["coordinates"]["latitude"]} &gt;= -90 and ${json_data["results"][0]["location"]["coordinates"]["latitude"]} &lt;= 90</arg>
<arg>Should Be True</arg>
<arg>${True}</arg>
<doc>Runs the given keyword with the given arguments, if ``condition`` is true.</doc>
<status status="PASS" start="2024-07-07T05:16:43.296999" elapsed="0.001021"/>
</kw>
<kw name="Run Keyword If" owner="BuiltIn">
<kw name="Should Be True" owner="BuiltIn">
<arg>${True}</arg>
<doc>Fails if the given condition is not true.</doc>
<status status="PASS" start="2024-07-07T05:16:43.298892" elapsed="0.000245"/>
</kw>
<arg>${json_data["results"][0]["location"]["coordinates"]["longitude"]} &gt;= -180 and ${json_data["results"][0]["location"]["coordinates"]["longitude"]} &lt;= 180</arg>
<arg>Should Be True</arg>
<arg>${True}</arg>
<doc>Runs the given keyword with the given arguments, if ``condition`` is true.</doc>
<status status="PASS" start="2024-07-07T05:16:43.298200" elapsed="0.001069"/>
</kw>
<status status="PASS" start="2024-07-07T05:16:43.200800" elapsed="0.098607"/>
</kw>
<doc>Testa o conteúdo específico dos campos retornados pela API.</doc>
<tag>testeConteudo</tag>
<status status="PASS" start="2024-07-07T05:16:43.200254" elapsed="0.099309"/>
</test>
<status status="PASS" start="2024-07-07T05:16:42.445911" elapsed="0.855680"/>
</suite>
<status status="PASS" start="2024-07-07T05:16:42.431053" elapsed="0.875714"/>
</suite>
<statistics>
<total>
<stat pass="5" fail="0" skip="0">All Tests</stat>
</total>
<tag>
<stat pass="1" fail="0" skip="0">testeConteudo</stat>
<stat pass="1" fail="0" skip="0">testeEstruturaResposta</stat>
<stat pass="1" fail="0" skip="0">testeRequisicaoBasica</stat>
<stat pass="1" fail="0" skip="0">testeTiposDados</stat>
</tag>
<suite>
<stat pass="5" fail="0" skip="0" id="s1" name="Tests">Tests</stat>
<stat pass="5" fail="0" skip="0" id="s1-s1" name="Random-User-Test">Tests.Random-User-Test</stat>
</suite>
</statistics>
<errors>
</errors>
</robot>
