<?xml version="1.0" encoding="UTF-8"?>
<robot generator="Robot 7.0.1 (Python 3.12.4 on linux)" generated="2024-06-28T06:20:53.028298" rpa="false" schemaversion="5">
<suite id="s1" name="Tests" source="/home/runner/work/ApiRandomUser/ApiRandomUser/RamdonUser/tests">
<suite id="s1-s1" name="Random-User-Test" source="/home/runner/work/ApiRandomUser/ApiRandomUser/RamdonUser/tests/random-user-test.robot">
<test id="s1-s1-t1" name="Conectar" line="13">
<kw name="Conectar API" owner="random-user-service">
<kw name="Create Session" owner="RequestsLibrary">
<msg time="2024-06-28T06:20:53.457476" level="INFO">Creating Session using : alias=consultarAPI, url=https://randomuser.me/, headers={},                     cookies={}, auth=None, timeout=None, proxies=None, verify=False,                     debug=0 </msg>
<arg>consultarAPI</arg>
<arg>${URL}</arg>
<doc>Create Session: create a HTTP session to a server</doc>
<status status="PASS" start="2024-06-28T06:20:53.457266" elapsed="0.000381"/>
</kw>
<status status="PASS" start="2024-06-28T06:20:53.456302" elapsed="0.001699"/>
</kw>
<status status="PASS" start="2024-06-28T06:20:53.455760" elapsed="0.002436"/>
</test>
<test id="s1-s1-t2" name="Validar retorno 200 e JSON Válido" line="16">
<kw name="Teste de Requisicao Basica" owner="random-user-service">
<kw name="GET On Session" owner="RequestsLibrary">
<msg time="2024-06-28T06:20:53.538445" level="INFO">GET Request : url=https://randomuser.me/api 
 path_url=/api 
 headers={'User-Agent': 'python-requests/2.32.3', 'Accept-Encoding': 'gzip, deflate', 'Accept': '*/*', 'Connection': 'keep-alive'} 
 body=None 
 </msg>
<msg time="2024-06-28T06:20:53.538562" level="INFO">GET Response : url=https://randomuser.me/api 
 status=200, reason=OK 
 headers={'Date': 'Fri, 28 Jun 2024 06:20:53 GMT', 'Content-Type': 'application/json; charset=utf-8', 'Transfer-Encoding': 'chunked', 'Connection': 'keep-alive', 'X-Powered-By': 'Express', 'Access-Control-Allow-Origin': '*', 'Cache-Control': 'no-cache', 'ETag': 'W/"48a-sf4aPGKquYVydOMnvWdPWl8yMbA"', 'Vary': 'Accept-Encoding', 'Content-Encoding': 'gzip', 'CF-Cache-Status': 'DYNAMIC', 'Report-To': '{"endpoints":[{"url":"https:\\/\\/a.nel.cloudflare.com\\/report\\/v4?s=Pv2%2F%2FZc8HhFqJY0KK7jv91rPlC2JIUU6vcxi%2BMJaRdZtXhMSzzEHl3%2FKIShxh2G2rqWQ3ScmCH4Htqpe%2BDsH11bnyj1Y02g6njhSKHD6e6z%2B34ycjPvoBOyMxl3ka9E4"}],"group":"cf-nel","max_age":604800}', 'NEL': '{"success_fraction":0,"report_to":"cf-nel","max_age":604800}', 'Server': 'cloudflare', 'CF-RAY': '89ab92d26e41802a-IAD', 'alt-svc': 'h3=":443"; ma=86400'} 
 body={"results":[{"gender":"male","name":{"title":"Mr","first":"Nihal","last":"Keshri"},"location":{"street":{"number":5557,"name":"Colaba Causeway"},"city":"Gurgaon","state":"Maharashtra","country":"India","postcode":69564,"coordinates":{"latitude":"7.2096","longitude":"-37.8787"},"timezone":{"offset":"+9:00","description":"Tokyo, Seoul, Osaka, Sapporo, Yakutsk"}},"email":"nihal.keshri@example.com","login":{"uuid":"a6e8359a-e184-46ae-8ebb-ea04081e811c","username":"sadpeacock930","password":"temp","salt":"5gHqyO5X","md5":"a492e392c7aa04a4017a8529269dee42","sha1":"2cc96fc343766218a38be47eaf91899dba4033f5","sha256":"5fa456f3fff978c9d56abcad5cc091fa6b96c6616cb18e9adbe734763e5d5e6c"},"dob":{"date":"1981-07-22T12:41:54.884Z","age":42},"registered":{"date":"2003-06-10T04:48:07.956Z","age":21},"phone":"7509510841","cell":"9189696793","id":{"name":"UIDAI","value":"118292625446"},"picture":{"large":"https://randomuser.me/api/portraits/men/25.jpg","medium":"https://randomuser.me/api/portraits/med/men/25.jpg","thumbnail":"https://randomuser.me/api/portraits/thumb/men/25.jpg"},"nat":"IN"}],"info":{"seed":"d7f07e5ec46de87f","results":1,"page":1,"version":"1.4"}} 
 </msg>
<msg time="2024-06-28T06:20:53.538639" level="INFO">/opt/hostedtoolcache/Python/3.12.4/x64/lib/python3.12/site-packages/urllib3/connectionpool.py:1099: InsecureRequestWarning: Unverified HTTPS request is being made to host 'randomuser.me'. Adding certificate verification is strongly advised. See: https://urllib3.readthedocs.io/en/latest/advanced-usage.html#tls-warnings
  warnings.warn(</msg>
<msg time="2024-06-28T06:20:53.538771" level="INFO">${response} = &lt;Response [200]&gt;</msg>
<var>${response}</var>
<arg>consultarAPI</arg>
<arg>/api</arg>
<doc>Sends a GET request on a previously created HTTP Session.</doc>
<status status="PASS" start="2024-06-28T06:20:53.460819" elapsed="0.078015"/>
</kw>
<kw name="Should Be Equal As Numbers" owner="BuiltIn">
<msg time="2024-06-28T06:20:53.539825" level="INFO">Argument types are:
&lt;class 'int'&gt;
&lt;class 'str'&gt;</msg>
<arg>${response.status_code}</arg>
<arg>200</arg>
<doc>Fails if objects are unequal after converting them to real numbers.</doc>
<status status="PASS" start="2024-06-28T06:20:53.539363" elapsed="0.000527"/>
</kw>
<kw name="Log" owner="BuiltIn">
<msg time="2024-06-28T06:20:53.540563" level="INFO">200</msg>
<arg>${response.status_code}</arg>
<doc>Logs the given message with the given level.</doc>
<status status="PASS" start="2024-06-28T06:20:53.540213" elapsed="0.000394"/>
</kw>
<kw name="Set Variable" owner="BuiltIn">
<msg time="2024-06-28T06:20:53.541400" level="INFO">${json_data} = {'results': [{'gender': 'male', 'name': {'title': 'Mr', 'first': 'Nihal', 'last': 'Keshri'}, 'location': {'street': {'number': 5557, 'name': 'Colaba Causeway'}, 'city': 'Gurgaon', 'state': 'Maharashtr...</msg>
<var>${json_data}</var>
<arg>${response.json()}</arg>
<doc>Returns the given values which can then be assigned to a variables.</doc>
<status status="PASS" start="2024-06-28T06:20:53.540964" elapsed="0.000464"/>
</kw>
<kw name="Dictionary Should Contain Key" owner="Collections">
<arg>${json_data}</arg>
<arg>results</arg>
<doc>Fails if ``key`` is not found from ``dictionary``.</doc>
<status status="PASS" start="2024-06-28T06:20:53.541725" elapsed="0.000163"/>
</kw>
<status status="PASS" start="2024-06-28T06:20:53.460537" elapsed="0.081501"/>
</kw>
<doc>Testa se a API responde corretamente e retorna um objeto JSON válido.</doc>
<tag>testeRequisicaoBasica</tag>
<status status="PASS" start="2024-06-28T06:20:53.460072" elapsed="0.082132"/>
</test>
<test id="s1-s1-t3" name="Validar estrutura de resposta" line="22">
<kw name="Teste de Estrutura de Resposta" owner="random-user-service">
<kw name="GET On Session" owner="RequestsLibrary">
<msg time="2024-06-28T06:20:53.647766" level="INFO">GET Request : url=https://randomuser.me/api 
 path_url=/api 
 headers={'User-Agent': 'python-requests/2.32.3', 'Accept-Encoding': 'gzip, deflate', 'Accept': '*/*', 'Connection': 'keep-alive'} 
 body=None 
 </msg>
<msg time="2024-06-28T06:20:53.647865" level="INFO">GET Response : url=https://randomuser.me/api 
 status=200, reason=OK 
 headers={'Date': 'Fri, 28 Jun 2024 06:20:53 GMT', 'Content-Type': 'application/json; charset=utf-8', 'Transfer-Encoding': 'chunked', 'Connection': 'keep-alive', 'X-Powered-By': 'Express', 'Access-Control-Allow-Origin': '*', 'Cache-Control': 'no-cache', 'ETag': 'W/"488-H6At8GHzgCKWSO0E/s9KSEOy6pc"', 'Vary': 'Accept-Encoding', 'Content-Encoding': 'gzip', 'CF-Cache-Status': 'DYNAMIC', 'Report-To': '{"endpoints":[{"url":"https:\\/\\/a.nel.cloudflare.com\\/report\\/v4?s=i4KYny7ZiPMpx9veWvvDJXxeG%2BwqdltSj3hUtgYjaDoMRkDgmbwY%2FiOn71IabjebtHW5r%2F4nsLXvmyyNGPNlmh0uIZdGyJVpn2jdKqYAtbt7wa023pgQP1PUa7LSmBbt"}],"group":"cf-nel","max_age":604800}', 'NEL': '{"success_fraction":0,"report_to":"cf-nel","max_age":604800}', 'Server': 'cloudflare', 'CF-RAY': '89ab92d2ae6f802a-IAD', 'alt-svc': 'h3=":443"; ma=86400'} 
 body={"results":[{"gender":"male","name":{"title":"Mr","first":"Mesaque","last":"Araújo"},"location":{"street":{"number":109,"name":"Rua Dezesseis de Maio"},"city":"Ilhéus","state":"Rio de Janeiro","country":"Brazil","postcode":59282,"coordinates":{"latitude":"-81.3268","longitude":"-178.9906"},"timezone":{"offset":"-10:00","description":"Hawaii"}},"email":"mesaque.araujo@example.com","login":{"uuid":"a01046a8-c591-4a8f-884c-8a656ad563e5","username":"brownsnake583","password":"laurent","salt":"UtKhNI7c","md5":"ff758913ff4b42b45a283bcfb64192a2","sha1":"590a56c38ca15ed01d4f27f5dc47f7974c8f9bb4","sha256":"30c2a229da5ec7ddb99c92dce4d824044f24c839e6cb284210eafb534136573e"},"dob":{"date":"1981-05-27T19:27:24.354Z","age":43},"registered":{"date":"2009-12-17T21:41:40.325Z","age":14},"phone":"(36) 8342-8359","cell":"(98) 1228-6082","id":{"name":"CPF","value":"120.629.853-88"},"picture":{"large":"https://randomuser.me/api/portraits/men/36.jpg","medium":"https://randomuser.me/api/portraits/med/men/36.jpg","thumbnail":"https://randomuser.me/api/portraits/thumb/men/36.jpg"},"nat":"BR"}],"info":{"seed":"6105e7ed5a306a1d","results":1,"page":1,"version":"1.4"}} 
 </msg>
<msg time="2024-06-28T06:20:53.647990" level="INFO">/opt/hostedtoolcache/Python/3.12.4/x64/lib/python3.12/site-packages/urllib3/connectionpool.py:1099: InsecureRequestWarning: Unverified HTTPS request is being made to host 'randomuser.me'. Adding certificate verification is strongly advised. See: https://urllib3.readthedocs.io/en/latest/advanced-usage.html#tls-warnings
  warnings.warn(</msg>
<msg time="2024-06-28T06:20:53.648118" level="INFO">${response} = &lt;Response [200]&gt;</msg>
<var>${response}</var>
<arg>consultarAPI</arg>
<arg>/api</arg>
<doc>Sends a GET request on a previously created HTTP Session.</doc>
<status status="PASS" start="2024-06-28T06:20:53.544775" elapsed="0.103385"/>
</kw>
<kw name="Set Variable" owner="BuiltIn">
<msg time="2024-06-28T06:20:53.649364" level="INFO">${json_data} = {'results': [{'gender': 'male', 'name': {'title': 'Mr', 'first': 'Mesaque', 'last': 'Araújo'}, 'location': {'street': {'number': 109, 'name': 'Rua Dezesseis de Maio'}, 'city': 'Ilhéus', 'state': 'Rio ...</msg>
<var>${json_data}</var>
<arg>${response.json()}</arg>
<doc>Returns the given values which can then be assigned to a variables.</doc>
<status status="PASS" start="2024-06-28T06:20:53.648798" elapsed="0.000595"/>
</kw>
<kw name="Log" owner="BuiltIn">
<msg time="2024-06-28T06:20:53.649882" level="INFO">{'results': [{'gender': 'male', 'name': {'title': 'Mr', 'first': 'Mesaque', 'last': 'Araújo'}, 'location': {'street': {'number': 109, 'name': 'Rua Dezesseis de Maio'}, 'city': 'Ilhéus', 'state': 'Rio de Janeiro', 'country': 'Brazil', 'postcode': 59282, 'coordinates': {'latitude': '-81.3268', 'longitude': '-178.9906'}, 'timezone': {'offset': '-10:00', 'description': 'Hawaii'}}, 'email': 'mesaque.araujo@example.com', 'login': {'uuid': 'a01046a8-c591-4a8f-884c-8a656ad563e5', 'username': 'brownsnake583', 'password': 'laurent', 'salt': 'UtKhNI7c', 'md5': 'ff758913ff4b42b45a283bcfb64192a2', 'sha1': '590a56c38ca15ed01d4f27f5dc47f7974c8f9bb4', 'sha256': '30c2a229da5ec7ddb99c92dce4d824044f24c839e6cb284210eafb534136573e'}, 'dob': {'date': '1981-05-27T19:27:24.354Z', 'age': 43}, 'registered': {'date': '2009-12-17T21:41:40.325Z', 'age': 14}, 'phone': '(36) 8342-8359', 'cell': '(98) 1228-6082', 'id': {'name': 'CPF', 'value': '120.629.853-88'}, 'picture': {'large': 'https://randomuser.me/api/portraits/men/36.jpg', 'medium': 'https://randomuser.me/api/portraits/med/men/36.jpg', 'thumbnail': 'https://randomuser.me/api/portraits/thumb/men/36.jpg'}, 'nat': 'BR'}], 'info': {'seed': '6105e7ed5a306a1d', 'results': 1, 'page': 1, 'version': '1.4'}}</msg>
<arg>${json_data}</arg>
<doc>Logs the given message with the given level.</doc>
<status status="PASS" start="2024-06-28T06:20:53.649716" elapsed="0.000216"/>
</kw>
<kw name="Dictionary Should Contain Key" owner="Collections">
<arg>${json_data}</arg>
<arg>results</arg>
<doc>Fails if ``key`` is not found from ``dictionary``.</doc>
<status status="PASS" start="2024-06-28T06:20:53.650226" elapsed="0.000159"/>
</kw>
<kw name="Should Not Be Empty" owner="BuiltIn">
<msg time="2024-06-28T06:20:53.650703" level="INFO">Length is 2.</msg>
<arg>${json_data}</arg>
<doc>Verifies that the given item is not empty.</doc>
<status status="PASS" start="2024-06-28T06:20:53.650572" elapsed="0.000171"/>
</kw>
<kw name="Create List" owner="BuiltIn">
<msg time="2024-06-28T06:20:53.651369" level="INFO">${expected_keys} = ['gender', 'name', 'location', 'email', 'login']</msg>
<var>${expected_keys}</var>
<arg>gender</arg>
<arg>name</arg>
<arg>location</arg>
<arg>email</arg>
<arg>login</arg>
<doc>Returns a list containing given items.</doc>
<status status="PASS" start="2024-06-28T06:20:53.651060" elapsed="0.000334"/>
</kw>
<for flavor="IN">
<iter>
<kw name="Dictionary Should Contain Key" owner="Collections">
<arg>${json_data['results'][0]}</arg>
<arg>${key}</arg>
<doc>Fails if ``key`` is not found from ``dictionary``.</doc>
<status status="PASS" start="2024-06-28T06:20:53.651993" elapsed="0.000408"/>
</kw>
<kw name="Log" owner="BuiltIn">
<msg time="2024-06-28T06:20:53.653009" level="INFO">{'gender': 'male', 'name': {'title': 'Mr', 'first': 'Mesaque', 'last': 'Araújo'}, 'location': {'street': {'number': 109, 'name': 'Rua Dezesseis de Maio'}, 'city': 'Ilhéus', 'state': 'Rio de Janeiro', 'country': 'Brazil', 'postcode': 59282, 'coordinates': {'latitude': '-81.3268', 'longitude': '-178.9906'}, 'timezone': {'offset': '-10:00', 'description': 'Hawaii'}}, 'email': 'mesaque.araujo@example.com', 'login': {'uuid': 'a01046a8-c591-4a8f-884c-8a656ad563e5', 'username': 'brownsnake583', 'password': 'laurent', 'salt': 'UtKhNI7c', 'md5': 'ff758913ff4b42b45a283bcfb64192a2', 'sha1': '590a56c38ca15ed01d4f27f5dc47f7974c8f9bb4', 'sha256': '30c2a229da5ec7ddb99c92dce4d824044f24c839e6cb284210eafb534136573e'}, 'dob': {'date': '1981-05-27T19:27:24.354Z', 'age': 43}, 'registered': {'date': '2009-12-17T21:41:40.325Z', 'age': 14}, 'phone': '(36) 8342-8359', 'cell': '(98) 1228-6082', 'id': {'name': 'CPF', 'value': '120.629.853-88'}, 'picture': {'large': 'https://randomuser.me/api/portraits/men/36.jpg', 'medium': 'https://randomuser.me/api/portraits/med/men/36.jpg', 'thumbnail': 'https://randomuser.me/api/portraits/thumb/men/36.jpg'}, 'nat': 'BR'}</msg>
<arg>${json_data['results'][0]}</arg>
<doc>Logs the given message with the given level.</doc>
<status status="PASS" start="2024-06-28T06:20:53.652586" elapsed="0.000475"/>
</kw>
<kw name="Log" owner="BuiltIn">
<msg time="2024-06-28T06:20:53.653495" level="INFO">gender</msg>
<arg>${key}</arg>
<doc>Logs the given message with the given level.</doc>
<status status="PASS" start="2024-06-28T06:20:53.653365" elapsed="0.000168"/>
</kw>
<var name="${key}">gender</var>
<status status="PASS" start="2024-06-28T06:20:53.651867" elapsed="0.001882"/>
</iter>
<iter>
<kw name="Dictionary Should Contain Key" owner="Collections">
<arg>${json_data['results'][0]}</arg>
<arg>${key}</arg>
<doc>Fails if ``key`` is not found from ``dictionary``.</doc>
<status status="PASS" start="2024-06-28T06:20:53.654042" elapsed="0.000392"/>
</kw>
<kw name="Log" owner="BuiltIn">
<msg time="2024-06-28T06:20:53.654965" level="INFO">{'gender': 'male', 'name': {'title': 'Mr', 'first': 'Mesaque', 'last': 'Araújo'}, 'location': {'street': {'number': 109, 'name': 'Rua Dezesseis de Maio'}, 'city': 'Ilhéus', 'state': 'Rio de Janeiro', 'country': 'Brazil', 'postcode': 59282, 'coordinates': {'latitude': '-81.3268', 'longitude': '-178.9906'}, 'timezone': {'offset': '-10:00', 'description': 'Hawaii'}}, 'email': 'mesaque.araujo@example.com', 'login': {'uuid': 'a01046a8-c591-4a8f-884c-8a656ad563e5', 'username': 'brownsnake583', 'password': 'laurent', 'salt': 'UtKhNI7c', 'md5': 'ff758913ff4b42b45a283bcfb64192a2', 'sha1': '590a56c38ca15ed01d4f27f5dc47f7974c8f9bb4', 'sha256': '30c2a229da5ec7ddb99c92dce4d824044f24c839e6cb284210eafb534136573e'}, 'dob': {'date': '1981-05-27T19:27:24.354Z', 'age': 43}, 'registered': {'date': '2009-12-17T21:41:40.325Z', 'age': 14}, 'phone': '(36) 8342-8359', 'cell': '(98) 1228-6082', 'id': {'name': 'CPF', 'value': '120.629.853-88'}, 'picture': {'large': 'https://randomuser.me/api/portraits/men/36.jpg', 'medium': 'https://randomuser.me/api/portraits/med/men/36.jpg', 'thumbnail': 'https://randomuser.me/api/portraits/thumb/men/36.jpg'}, 'nat': 'BR'}</msg>
<arg>${json_data['results'][0]}</arg>
<doc>Logs the given message with the given level.</doc>
<status status="PASS" start="2024-06-28T06:20:53.654614" elapsed="0.000432"/>
</kw>
<kw name="Log" owner="BuiltIn">
<msg time="2024-06-28T06:20:53.655474" level="INFO">name</msg>
<arg>${key}</arg>
<doc>Logs the given message with the given level.</doc>
<status status="PASS" start="2024-06-28T06:20:53.655346" elapsed="0.000166"/>
</kw>
<var name="${key}">name</var>
<status status="PASS" start="2024-06-28T06:20:53.653933" elapsed="0.001794"/>
</iter>
<iter>
<kw name="Dictionary Should Contain Key" owner="Collections">
<arg>${json_data['results'][0]}</arg>
<arg>${key}</arg>
<doc>Fails if ``key`` is not found from ``dictionary``.</doc>
<status status="PASS" start="2024-06-28T06:20:53.656013" elapsed="0.000376"/>
</kw>
<kw name="Log" owner="BuiltIn">
<msg time="2024-06-28T06:20:53.656960" level="INFO">{'gender': 'male', 'name': {'title': 'Mr', 'first': 'Mesaque', 'last': 'Araújo'}, 'location': {'street': {'number': 109, 'name': 'Rua Dezesseis de Maio'}, 'city': 'Ilhéus', 'state': 'Rio de Janeiro', 'country': 'Brazil', 'postcode': 59282, 'coordinates': {'latitude': '-81.3268', 'longitude': '-178.9906'}, 'timezone': {'offset': '-10:00', 'description': 'Hawaii'}}, 'email': 'mesaque.araujo@example.com', 'login': {'uuid': 'a01046a8-c591-4a8f-884c-8a656ad563e5', 'username': 'brownsnake583', 'password': 'laurent', 'salt': 'UtKhNI7c', 'md5': 'ff758913ff4b42b45a283bcfb64192a2', 'sha1': '590a56c38ca15ed01d4f27f5dc47f7974c8f9bb4', 'sha256': '30c2a229da5ec7ddb99c92dce4d824044f24c839e6cb284210eafb534136573e'}, 'dob': {'date': '1981-05-27T19:27:24.354Z', 'age': 43}, 'registered': {'date': '2009-12-17T21:41:40.325Z', 'age': 14}, 'phone': '(36) 8342-8359', 'cell': '(98) 1228-6082', 'id': {'name': 'CPF', 'value': '120.629.853-88'}, 'picture': {'large': 'https://randomuser.me/api/portraits/men/36.jpg', 'medium': 'https://randomuser.me/api/portraits/med/men/36.jpg', 'thumbnail': 'https://randomuser.me/api/portraits/thumb/men/36.jpg'}, 'nat': 'BR'}</msg>
<arg>${json_data['results'][0]}</arg>
<doc>Logs the given message with the given level.</doc>
<status status="PASS" start="2024-06-28T06:20:53.656571" elapsed="0.000440"/>
</kw>
<kw name="Log" owner="BuiltIn">
<msg time="2024-06-28T06:20:53.657464" level="INFO">location</msg>
<arg>${key}</arg>
<doc>Logs the given message with the given level.</doc>
<status status="PASS" start="2024-06-28T06:20:53.657310" elapsed="0.000212"/>
</kw>
<var name="${key}">location</var>
<status status="PASS" start="2024-06-28T06:20:53.655906" elapsed="0.001915"/>
</iter>
<iter>
<kw name="Dictionary Should Contain Key" owner="Collections">
<arg>${json_data['results'][0]}</arg>
<arg>${key}</arg>
<doc>Fails if ``key`` is not found from ``dictionary``.</doc>
<status status="PASS" start="2024-06-28T06:20:53.658229" elapsed="0.000457"/>
</kw>
<kw name="Log" owner="BuiltIn">
<msg time="2024-06-28T06:20:53.659246" level="INFO">{'gender': 'male', 'name': {'title': 'Mr', 'first': 'Mesaque', 'last': 'Araújo'}, 'location': {'street': {'number': 109, 'name': 'Rua Dezesseis de Maio'}, 'city': 'Ilhéus', 'state': 'Rio de Janeiro', 'country': 'Brazil', 'postcode': 59282, 'coordinates': {'latitude': '-81.3268', 'longitude': '-178.9906'}, 'timezone': {'offset': '-10:00', 'description': 'Hawaii'}}, 'email': 'mesaque.araujo@example.com', 'login': {'uuid': 'a01046a8-c591-4a8f-884c-8a656ad563e5', 'username': 'brownsnake583', 'password': 'laurent', 'salt': 'UtKhNI7c', 'md5': 'ff758913ff4b42b45a283bcfb64192a2', 'sha1': '590a56c38ca15ed01d4f27f5dc47f7974c8f9bb4', 'sha256': '30c2a229da5ec7ddb99c92dce4d824044f24c839e6cb284210eafb534136573e'}, 'dob': {'date': '1981-05-27T19:27:24.354Z', 'age': 43}, 'registered': {'date': '2009-12-17T21:41:40.325Z', 'age': 14}, 'phone': '(36) 8342-8359', 'cell': '(98) 1228-6082', 'id': {'name': 'CPF', 'value': '120.629.853-88'}, 'picture': {'large': 'https://randomuser.me/api/portraits/men/36.jpg', 'medium': 'https://randomuser.me/api/portraits/med/men/36.jpg', 'thumbnail': 'https://randomuser.me/api/portraits/thumb/men/36.jpg'}, 'nat': 'BR'}</msg>
<arg>${json_data['results'][0]}</arg>
<doc>Logs the given message with the given level.</doc>
<status status="PASS" start="2024-06-28T06:20:53.658869" elapsed="0.000428"/>
</kw>
<kw name="Log" owner="BuiltIn">
<msg time="2024-06-28T06:20:53.659846" level="INFO">email</msg>
<arg>${key}</arg>
<doc>Logs the given message with the given level.</doc>
<status status="PASS" start="2024-06-28T06:20:53.659673" elapsed="0.000224"/>
</kw>
<var name="${key}">email</var>
<status status="PASS" start="2024-06-28T06:20:53.658069" elapsed="0.002088"/>
</iter>
<iter>
<kw name="Dictionary Should Contain Key" owner="Collections">
<arg>${json_data['results'][0]}</arg>
<arg>${key}</arg>
<doc>Fails if ``key`` is not found from ``dictionary``.</doc>
<status status="PASS" start="2024-06-28T06:20:53.660504" elapsed="0.000489"/>
</kw>
<kw name="Log" owner="BuiltIn">
<msg time="2024-06-28T06:20:53.661637" level="INFO">{'gender': 'male', 'name': {'title': 'Mr', 'first': 'Mesaque', 'last': 'Araújo'}, 'location': {'street': {'number': 109, 'name': 'Rua Dezesseis de Maio'}, 'city': 'Ilhéus', 'state': 'Rio de Janeiro', 'country': 'Brazil', 'postcode': 59282, 'coordinates': {'latitude': '-81.3268', 'longitude': '-178.9906'}, 'timezone': {'offset': '-10:00', 'description': 'Hawaii'}}, 'email': 'mesaque.araujo@example.com', 'login': {'uuid': 'a01046a8-c591-4a8f-884c-8a656ad563e5', 'username': 'brownsnake583', 'password': 'laurent', 'salt': 'UtKhNI7c', 'md5': 'ff758913ff4b42b45a283bcfb64192a2', 'sha1': '590a56c38ca15ed01d4f27f5dc47f7974c8f9bb4', 'sha256': '30c2a229da5ec7ddb99c92dce4d824044f24c839e6cb284210eafb534136573e'}, 'dob': {'date': '1981-05-27T19:27:24.354Z', 'age': 43}, 'registered': {'date': '2009-12-17T21:41:40.325Z', 'age': 14}, 'phone': '(36) 8342-8359', 'cell': '(98) 1228-6082', 'id': {'name': 'CPF', 'value': '120.629.853-88'}, 'picture': {'large': 'https://randomuser.me/api/portraits/men/36.jpg', 'medium': 'https://randomuser.me/api/portraits/med/men/36.jpg', 'thumbnail': 'https://randomuser.me/api/portraits/thumb/men/36.jpg'}, 'nat': 'BR'}</msg>
<arg>${json_data['results'][0]}</arg>
<doc>Logs the given message with the given level.</doc>
<status status="PASS" start="2024-06-28T06:20:53.661217" elapsed="0.000479"/>
</kw>
<kw name="Log" owner="BuiltIn">
<msg time="2024-06-28T06:20:53.662196" level="INFO">login</msg>
<arg>${key}</arg>
<doc>Logs the given message with the given level.</doc>
<status status="PASS" start="2024-06-28T06:20:53.662045" elapsed="0.000204"/>
</kw>
<var name="${key}">login</var>
<status status="PASS" start="2024-06-28T06:20:53.660358" elapsed="0.002127"/>
</iter>
<var>${key}</var>
<value>@{expected_keys}</value>
<status status="PASS" start="2024-06-28T06:20:53.651663" elapsed="0.010943"/>
</for>
<kw name="Create List" owner="BuiltIn">
<msg time="2024-06-28T06:20:53.662940" level="INFO">${expected_keysTwo} = ['username', 'password']</msg>
<var>${expected_keysTwo}</var>
<arg>username</arg>
<arg>password</arg>
<doc>Returns a list containing given items.</doc>
<status status="PASS" start="2024-06-28T06:20:53.662798" elapsed="0.000166"/>
</kw>
<for flavor="IN">
<iter>
<kw name="Dictionary Should Contain Key" owner="Collections">
<arg>${json_data['results'][0]['login']}</arg>
<arg>${keyTwo}</arg>
<doc>Fails if ``key`` is not found from ``dictionary``.</doc>
<status status="PASS" start="2024-06-28T06:20:53.663489" elapsed="0.000384"/>
</kw>
<kw name="Dictionary Should Contain Key" owner="Collections">
<arg>${json_data['results'][0]['login']}</arg>
<arg>${keyTwo}</arg>
<doc>Fails if ``key`` is not found from ``dictionary``.</doc>
<status status="PASS" start="2024-06-28T06:20:53.664052" elapsed="0.000381"/>
</kw>
<kw name="Log" owner="BuiltIn">
<msg time="2024-06-28T06:20:53.664767" level="INFO">username</msg>
<arg>${keyTwo}</arg>
<doc>Logs the given message with the given level.</doc>
<status status="PASS" start="2024-06-28T06:20:53.664614" elapsed="0.000194"/>
</kw>
<var name="${keyTwo}">username</var>
<status status="PASS" start="2024-06-28T06:20:53.663382" elapsed="0.001654"/>
</iter>
<iter>
<kw name="Dictionary Should Contain Key" owner="Collections">
<arg>${json_data['results'][0]['login']}</arg>
<arg>${keyTwo}</arg>
<doc>Fails if ``key`` is not found from ``dictionary``.</doc>
<status status="PASS" start="2024-06-28T06:20:53.665313" elapsed="0.000385"/>
</kw>
<kw name="Dictionary Should Contain Key" owner="Collections">
<arg>${json_data['results'][0]['login']}</arg>
<arg>${keyTwo}</arg>
<doc>Fails if ``key`` is not found from ``dictionary``.</doc>
<status status="PASS" start="2024-06-28T06:20:53.665875" elapsed="0.000368"/>
</kw>
<kw name="Log" owner="BuiltIn">
<msg time="2024-06-28T06:20:53.666536" level="INFO">password</msg>
<arg>${keyTwo}</arg>
<doc>Logs the given message with the given level.</doc>
<status status="PASS" start="2024-06-28T06:20:53.666418" elapsed="0.000164"/>
</kw>
<var name="${keyTwo}">password</var>
<status status="PASS" start="2024-06-28T06:20:53.665207" elapsed="0.001689"/>
</iter>
<var>${keyTwo}</var>
<value>@{expected_keysTwo}</value>
<status status="PASS" start="2024-06-28T06:20:53.663227" elapsed="0.003789"/>
</for>
<status status="PASS" start="2024-06-28T06:20:53.544518" elapsed="0.122637"/>
</kw>
<doc>Testa a estrutura da resposta da API.</doc>
<tag>testeEstruturaResposta</tag>
<status status="PASS" start="2024-06-28T06:20:53.544027" elapsed="0.123283"/>
</test>
<test id="s1-s1-t4" name="Validar tipos de dados" line="28">
<kw name="Teste de Tipos de Dados" owner="random-user-service">
<kw name="GET On Session" owner="RequestsLibrary">
<msg time="2024-06-28T06:20:53.743721" level="INFO">GET Request : url=https://randomuser.me/api 
 path_url=/api 
 headers={'User-Agent': 'python-requests/2.32.3', 'Accept-Encoding': 'gzip, deflate', 'Accept': '*/*', 'Connection': 'keep-alive'} 
 body=None 
 </msg>
<msg time="2024-06-28T06:20:53.743816" level="INFO">GET Response : url=https://randomuser.me/api 
 status=200, reason=OK 
 headers={'Date': 'Fri, 28 Jun 2024 06:20:53 GMT', 'Content-Type': 'application/json; charset=utf-8', 'Transfer-Encoding': 'chunked', 'Connection': 'keep-alive', 'X-Powered-By': 'Express', 'Access-Control-Allow-Origin': '*', 'Cache-Control': 'no-cache', 'ETag': 'W/"47e-uLvNFRey6s8T02FobYg51iORzCA"', 'Vary': 'Accept-Encoding', 'Content-Encoding': 'gzip', 'CF-Cache-Status': 'DYNAMIC', 'Report-To': '{"endpoints":[{"url":"https:\\/\\/a.nel.cloudflare.com\\/report\\/v4?s=77HSsxTA9qFsUs2HiC0MacWsaPRwpwnbp%2FXPU0QX4X7KxIij1YiaGhhB%2F4iXj25HKzsmOa7tMjvqyRfwixDddNPpyGkDrmstowBlYr9i2YjKs1LB%2FH6KPpLu6cRg1iIt"}],"group":"cf-nel","max_age":604800}', 'NEL': '{"success_fraction":0,"report_to":"cf-nel","max_age":604800}', 'Server': 'cloudflare', 'CF-RAY': '89ab92d37f0b802a-IAD', 'alt-svc': 'h3=":443"; ma=86400'} 
 body={"results":[{"gender":"male","name":{"title":"Mr","first":"August","last":"Nielsen"},"location":{"street":{"number":4700,"name":"Dådyrvej"},"city":"Sommersted","state":"Syddanmark","country":"Denmark","postcode":41008,"coordinates":{"latitude":"-41.6637","longitude":"-99.0597"},"timezone":{"offset":"+6:00","description":"Almaty, Dhaka, Colombo"}},"email":"august.nielsen@example.com","login":{"uuid":"19c72cd5-c0e3-4852-89d7-660fde755973","username":"ticklishladybug462","password":"mario","salt":"Xa5lGvlc","md5":"00a988f6ad56399b36d8b4666c6a1108","sha1":"10a68b50d840ee46581462fecb8da2b6d9de9959","sha256":"1d1aa68fec50982e887e39b8615e01d81046387ba3531c0090f3a49610aebf5c"},"dob":{"date":"1967-07-24T18:10:30.225Z","age":56},"registered":{"date":"2002-08-19T04:14:23.716Z","age":21},"phone":"89433542","cell":"95506506","id":{"name":"CPR","value":"240767-3691"},"picture":{"large":"https://randomuser.me/api/portraits/men/98.jpg","medium":"https://randomuser.me/api/portraits/med/men/98.jpg","thumbnail":"https://randomuser.me/api/portraits/thumb/men/98.jpg"},"nat":"DK"}],"info":{"seed":"47e3b869488aee20","results":1,"page":1,"version":"1.4"}} 
 </msg>
<msg time="2024-06-28T06:20:53.743881" level="INFO">/opt/hostedtoolcache/Python/3.12.4/x64/lib/python3.12/site-packages/urllib3/connectionpool.py:1099: InsecureRequestWarning: Unverified HTTPS request is being made to host 'randomuser.me'. Adding certificate verification is strongly advised. See: https://urllib3.readthedocs.io/en/latest/advanced-usage.html#tls-warnings
  warnings.warn(</msg>
<msg time="2024-06-28T06:20:53.743991" level="INFO">${response} = &lt;Response [200]&gt;</msg>
<var>${response}</var>
<arg>consultarAPI</arg>
<arg>/api</arg>
<doc>Sends a GET request on a previously created HTTP Session.</doc>
<status status="PASS" start="2024-06-28T06:20:53.669872" elapsed="0.074157"/>
</kw>
<kw name="Set Variable" owner="BuiltIn">
<msg time="2024-06-28T06:20:53.744988" level="INFO">${json_data} = {'results': [{'gender': 'male', 'name': {'title': 'Mr', 'first': 'August', 'last': 'Nielsen'}, 'location': {'street': {'number': 4700, 'name': 'Dådyrvej'}, 'city': 'Sommersted', 'state': 'Syddanmark',...</msg>
<var>${json_data}</var>
<arg>${response.json()}</arg>
<doc>Returns the given values which can then be assigned to a variables.</doc>
<status status="PASS" start="2024-06-28T06:20:53.744463" elapsed="0.000555"/>
</kw>
<kw name="Log" owner="BuiltIn">
<msg time="2024-06-28T06:20:53.745487" level="INFO">{'results': [{'gender': 'male', 'name': {'title': 'Mr', 'first': 'August', 'last': 'Nielsen'}, 'location': {'street': {'number': 4700, 'name': 'Dådyrvej'}, 'city': 'Sommersted', 'state': 'Syddanmark', 'country': 'Denmark', 'postcode': 41008, 'coordinates': {'latitude': '-41.6637', 'longitude': '-99.0597'}, 'timezone': {'offset': '+6:00', 'description': 'Almaty, Dhaka, Colombo'}}, 'email': 'august.nielsen@example.com', 'login': {'uuid': '19c72cd5-c0e3-4852-89d7-660fde755973', 'username': 'ticklishladybug462', 'password': 'mario', 'salt': 'Xa5lGvlc', 'md5': '00a988f6ad56399b36d8b4666c6a1108', 'sha1': '10a68b50d840ee46581462fecb8da2b6d9de9959', 'sha256': '1d1aa68fec50982e887e39b8615e01d81046387ba3531c0090f3a49610aebf5c'}, 'dob': {'date': '1967-07-24T18:10:30.225Z', 'age': 56}, 'registered': {'date': '2002-08-19T04:14:23.716Z', 'age': 21}, 'phone': '89433542', 'cell': '95506506', 'id': {'name': 'CPR', 'value': '240767-3691'}, 'picture': {'large': 'https://randomuser.me/api/portraits/men/98.jpg', 'medium': 'https://randomuser.me/api/portraits/med/men/98.jpg', 'thumbnail': 'https://randomuser.me/api/portraits/thumb/men/98.jpg'}, 'nat': 'DK'}], 'info': {'seed': '47e3b869488aee20', 'results': 1, 'page': 1, 'version': '1.4'}}</msg>
<arg>${json_data}</arg>
<doc>Logs the given message with the given level.</doc>
<status status="PASS" start="2024-06-28T06:20:53.745326" elapsed="0.000211"/>
</kw>
<kw name="Should Be String" owner="String">
<arg>${json_data['results'][0]['gender']}</arg>
<doc>Fails if the given ``item`` is not a string.</doc>
<status status="PASS" start="2024-06-28T06:20:53.745829" elapsed="0.000366"/>
</kw>
<kw name="Should Match Regexp" owner="BuiltIn">
<arg>${json_data['results'][0]['email']}</arg>
<arg>^[a-zA-Z0-9._%+-]+@[a-zA-Z0-9.-]+\.[a-zA-Z]{2,}$</arg>
<doc>Fails if ``string`` does not match ``pattern`` as a regular expression.</doc>
<status status="PASS" start="2024-06-28T06:20:53.746384" elapsed="0.000510"/>
</kw>
<kw name="Should Match Regexp" owner="BuiltIn">
<arg>${json_data['results'][0]['dob']['date']}</arg>
<arg>\\d{4}-\\d{2}-\\d{2}T\\d{2}:\\d{2}:\\d{2}\\.\\d{3}Z</arg>
<doc>Fails if ``string`` does not match ``pattern`` as a regular expression.</doc>
<status status="PASS" start="2024-06-28T06:20:53.747127" elapsed="0.000483"/>
</kw>
<kw name="Should Match Regexp" owner="BuiltIn">
<arg>${json_data['results'][0]['registered']['date']}</arg>
<arg>\\d{4}-\\d{2}-\\d{2}T\\d{2}:\\d{2}:\\d{2}\\.\\d{3}Z</arg>
<doc>Fails if ``string`` does not match ``pattern`` as a regular expression.</doc>
<status status="PASS" start="2024-06-28T06:20:53.747807" elapsed="0.000364"/>
</kw>
<kw name="Should Match Regexp" owner="BuiltIn">
<arg>${json_data['results'][0]['picture']['large']}</arg>
<arg>^https?://.*\.(?:png|jpe?g|gif|bmp)$</arg>
<doc>Fails if ``string`` does not match ``pattern`` as a regular expression.</doc>
<status status="PASS" start="2024-06-28T06:20:53.748352" elapsed="0.000473"/>
</kw>
<kw name="Should Match Regexp" owner="BuiltIn">
<arg>${json_data['results'][0]['picture']['medium']}</arg>
<arg>^https?://.*\.(?:png|jpe?g|gif|bmp)$</arg>
<doc>Fails if ``string`` does not match ``pattern`` as a regular expression.</doc>
<status status="PASS" start="2024-06-28T06:20:53.749011" elapsed="0.000349"/>
</kw>
<kw name="Should Match Regexp" owner="BuiltIn">
<arg>${json_data['results'][0]['picture']['thumbnail']}</arg>
<arg>^https?://.*\.(?:png|jpe?g|gif|bmp)$</arg>
<doc>Fails if ``string`` does not match ``pattern`` as a regular expression.</doc>
<status status="PASS" start="2024-06-28T06:20:53.749540" elapsed="0.000349"/>
</kw>
<kw name="Log" owner="BuiltIn">
<msg time="2024-06-28T06:20:53.750401" level="INFO">{'large': 'https://randomuser.me/api/portraits/men/98.jpg', 'medium': 'https://randomuser.me/api/portraits/med/men/98.jpg', 'thumbnail': 'https://randomuser.me/api/portraits/thumb/men/98.jpg'}</msg>
<arg>${json_data['results'][0]['picture']}</arg>
<doc>Logs the given message with the given level.</doc>
<status status="PASS" start="2024-06-28T06:20:53.750074" elapsed="0.000369"/>
</kw>
<status status="PASS" start="2024-06-28T06:20:53.669647" elapsed="0.081052"/>
</kw>
<kw name="Teste de Tipos de Dados - Postcode" owner="random-user-service">
<kw name="GET On Session" owner="RequestsLibrary">
<msg time="2024-06-28T06:20:53.869040" level="INFO">GET Request : url=https://randomuser.me/api 
 path_url=/api 
 headers={'User-Agent': 'python-requests/2.32.3', 'Accept-Encoding': 'gzip, deflate', 'Accept': '*/*', 'Connection': 'keep-alive'} 
 body=None 
 </msg>
<msg time="2024-06-28T06:20:53.869122" level="INFO">GET Response : url=https://randomuser.me/api 
 status=200, reason=OK 
 headers={'Date': 'Fri, 28 Jun 2024 06:20:53 GMT', 'Content-Type': 'application/json; charset=utf-8', 'Transfer-Encoding': 'chunked', 'Connection': 'keep-alive', 'X-Powered-By': 'Express', 'Access-Control-Allow-Origin': '*', 'Cache-Control': 'no-cache', 'ETag': 'W/"49c-kAYsrbJCZzc/TJnE9+7OGn/W+Bk"', 'Vary': 'Accept-Encoding', 'Content-Encoding': 'gzip', 'CF-Cache-Status': 'DYNAMIC', 'Report-To': '{"endpoints":[{"url":"https:\\/\\/a.nel.cloudflare.com\\/report\\/v4?s=WCwjirmpqx58B8YmalbjiniBzGTVr9Jy26Z1DpBX5BiX0BLhAlJHeSx2fRx%2By6%2FTj3SocFhQY1KII1UDQgYa6hQTQMWL5U9jIb76V8h%2FbO9LTSUff%2F9LCAqCNYE6NN69"}],"group":"cf-nel","max_age":604800}', 'NEL': '{"success_fraction":0,"report_to":"cf-nel","max_age":604800}', 'Server': 'cloudflare', 'CF-RAY': '89ab92d3ff66802a-IAD', 'alt-svc': 'h3=":443"; ma=86400'} 
 body={"results":[{"gender":"female","name":{"title":"Ms","first":"Suzana","last":"Vuksanović"},"location":{"street":{"number":7948,"name":"Kedrova"},"city":"Novi Pazar","state":"Podunavlje","country":"Serbia","postcode":60062,"coordinates":{"latitude":"56.2865","longitude":"179.8219"},"timezone":{"offset":"-4:00","description":"Atlantic Time (Canada), Caracas, La Paz"}},"email":"suzana.vuksanovic@example.com","login":{"uuid":"dff4c589-8d78-4441-8ad0-c5be3cdd3068","username":"angryrabbit426","password":"sprite","salt":"1DHqreVP","md5":"8f8848c95feec08f455b96f5e848add8","sha1":"92f5f31865d62bf3d778de0cc98c29f874a92777","sha256":"6d95a849e4febf1180ec15e51293b37c8567c0376e12be530a036629f9d06b2e"},"dob":{"date":"1987-01-07T23:28:09.049Z","age":37},"registered":{"date":"2020-12-28T14:43:29.741Z","age":3},"phone":"038-8203-527","cell":"066-1733-610","id":{"name":"SID","value":"014950728"},"picture":{"large":"https://randomuser.me/api/portraits/women/23.jpg","medium":"https://randomuser.me/api/portraits/med/women/23.jpg","thumbnail":"https://randomuser.me/api/portraits/thumb/women/23.jpg"},"nat":"RS"}],"info":{"seed":"23cf684b8b01cfdd","results":1,"page":1,"version":"1.4"}} 
 </msg>
<msg time="2024-06-28T06:20:53.869191" level="INFO">/opt/hostedtoolcache/Python/3.12.4/x64/lib/python3.12/site-packages/urllib3/connectionpool.py:1099: InsecureRequestWarning: Unverified HTTPS request is being made to host 'randomuser.me'. Adding certificate verification is strongly advised. See: https://urllib3.readthedocs.io/en/latest/advanced-usage.html#tls-warnings
  warnings.warn(</msg>
<msg time="2024-06-28T06:20:53.869299" level="INFO">${response} = &lt;Response [200]&gt;</msg>
<var>${response}</var>
<arg>consultarAPI</arg>
<arg>/api</arg>
<doc>Sends a GET request on a previously created HTTP Session.</doc>
<status status="PASS" start="2024-06-28T06:20:53.751146" elapsed="0.118193"/>
</kw>
<kw name="Set Variable" owner="BuiltIn">
<msg time="2024-06-28T06:20:53.870421" level="INFO">${json_data} = {'results': [{'gender': 'female', 'name': {'title': 'Ms', 'first': 'Suzana', 'last': 'Vuksanović'}, 'location': {'street': {'number': 7948, 'name': 'Kedrova'}, 'city': 'Novi Pazar', 'state': 'Podunavl...</msg>
<var>${json_data}</var>
<arg>${response.json()}</arg>
<doc>Returns the given values which can then be assigned to a variables.</doc>
<status status="PASS" start="2024-06-28T06:20:53.869870" elapsed="0.000581"/>
</kw>
<kw name="Log" owner="BuiltIn">
<msg time="2024-06-28T06:20:53.870912" level="INFO">{'results': [{'gender': 'female', 'name': {'title': 'Ms', 'first': 'Suzana', 'last': 'Vuksanović'}, 'location': {'street': {'number': 7948, 'name': 'Kedrova'}, 'city': 'Novi Pazar', 'state': 'Podunavlje', 'country': 'Serbia', 'postcode': 60062, 'coordinates': {'latitude': '56.2865', 'longitude': '179.8219'}, 'timezone': {'offset': '-4:00', 'description': 'Atlantic Time (Canada), Caracas, La Paz'}}, 'email': 'suzana.vuksanovic@example.com', 'login': {'uuid': 'dff4c589-8d78-4441-8ad0-c5be3cdd3068', 'username': 'angryrabbit426', 'password': 'sprite', 'salt': '1DHqreVP', 'md5': '8f8848c95feec08f455b96f5e848add8', 'sha1': '92f5f31865d62bf3d778de0cc98c29f874a92777', 'sha256': '6d95a849e4febf1180ec15e51293b37c8567c0376e12be530a036629f9d06b2e'}, 'dob': {'date': '1987-01-07T23:28:09.049Z', 'age': 37}, 'registered': {'date': '2020-12-28T14:43:29.741Z', 'age': 3}, 'phone': '038-8203-527', 'cell': '066-1733-610', 'id': {'name': 'SID', 'value': '014950728'}, 'picture': {'large': 'https://randomuser.me/api/portraits/women/23.jpg', 'medium': 'https://randomuser.me/api/portraits/med/women/23.jpg', 'thumbnail': 'https://randomuser.me/api/portraits/thumb/women/23.jpg'}, 'nat': 'RS'}], 'info': {'seed': '23cf684b8b01cfdd', 'results': 1, 'page': 1, 'version': '1.4'}}</msg>
<arg>${json_data}</arg>
<doc>Logs the given message with the given level.</doc>
<status status="PASS" start="2024-06-28T06:20:53.870756" elapsed="0.000211"/>
</kw>
<kw name="Should Be Equal As Numbers" owner="BuiltIn">
<arg>${json_data['results'][0]['location']['postcode']}</arg>
<arg>${json_data['results'][0]['location']['postcode']}</arg>
<doc>Fails if objects are unequal after converting them to real numbers.</doc>
<status status="PASS" start="2024-06-28T06:20:53.871258" elapsed="0.000620"/>
</kw>
<kw name="Log" owner="BuiltIn">
<msg time="2024-06-28T06:20:53.872549" level="INFO">60062</msg>
<arg>${json_data['results'][0]['location']['postcode']}</arg>
<doc>Logs the given message with the given level.</doc>
<status status="PASS" start="2024-06-28T06:20:53.872067" elapsed="0.000523"/>
</kw>
<status status="PASS" start="2024-06-28T06:20:53.750922" elapsed="0.121996"/>
</kw>
<doc>Testa se os tipos de dados na resposta da API estão corretos.</doc>
<tag>testeTiposDados</tag>
<status status="PASS" start="2024-06-28T06:20:53.669125" elapsed="0.203958"/>
</test>
<test id="s1-s1-t5" name="Validar conteudo" line="35">
<kw name="Teste de Tipos de Conteudo" owner="random-user-service">
<kw name="GET On Session" owner="RequestsLibrary">
<msg time="2024-06-28T06:20:53.938346" level="INFO">GET Request : url=https://randomuser.me/api 
 path_url=/api 
 headers={'User-Agent': 'python-requests/2.32.3', 'Accept-Encoding': 'gzip, deflate', 'Accept': '*/*', 'Connection': 'keep-alive'} 
 body=None 
 </msg>
<msg time="2024-06-28T06:20:53.938441" level="INFO">GET Response : url=https://randomuser.me/api 
 status=200, reason=OK 
 headers={'Date': 'Fri, 28 Jun 2024 06:20:53 GMT', 'Content-Type': 'application/json; charset=utf-8', 'Transfer-Encoding': 'chunked', 'Connection': 'keep-alive', 'X-Powered-By': 'Express', 'Access-Control-Allow-Origin': '*', 'Cache-Control': 'no-cache', 'ETag': 'W/"467-oBTD/sh40u5AaRBoa1hjRZCyFrg"', 'Vary': 'Accept-Encoding', 'Content-Encoding': 'gzip', 'CF-Cache-Status': 'DYNAMIC', 'Report-To': '{"endpoints":[{"url":"https:\\/\\/a.nel.cloudflare.com\\/report\\/v4?s=pZ67WagYN%2Fy2j4vkNAokze6auOJDpHj8%2FCNCbfPUibg%2FhI%2B9dpDcO6PQ%2F71G2rEArbq4evMZXiD0Uojfp6LcMym2X1a7ScMo8KFkLgavRe4lILLEckMonq9yKWv4MDsT"}],"group":"cf-nel","max_age":604800}', 'NEL': '{"success_fraction":0,"report_to":"cf-nel","max_age":604800}', 'Server': 'cloudflare', 'CF-RAY': '89ab92d4bff7802a-IAD', 'alt-svc': 'h3=":443"; ma=86400'} 
 body={"results":[{"gender":"male","name":{"title":"Mr","first":"Leon","last":"Grant"},"location":{"street":{"number":2095,"name":"Park Lane"},"city":"Waterford","state":"Dublin City","country":"Ireland","postcode":92533,"coordinates":{"latitude":"4.2612","longitude":"-121.1317"},"timezone":{"offset":"-10:00","description":"Hawaii"}},"email":"leon.grant@example.com","login":{"uuid":"95139f3e-c23a-4322-8019-d7a068782e74","username":"beautifulmeercat840","password":"1020","salt":"YknPpkiV","md5":"3a1f3c6ccdfa0a5c31a2c5f7c5f47ba5","sha1":"5b8ddb617a2794d855980139fd366beee6e0540a","sha256":"2cd390857f0679883bf4b648d86fa7a5f7e06ca603059d53c23c15ffbaa68001"},"dob":{"date":"1972-01-22T11:35:27.071Z","age":52},"registered":{"date":"2015-02-26T09:12:56.778Z","age":9},"phone":"031-545-1942","cell":"081-063-8666","id":{"name":"PPS","value":"8145247T"},"picture":{"large":"https://randomuser.me/api/portraits/men/0.jpg","medium":"https://randomuser.me/api/portraits/med/men/0.jpg","thumbnail":"https://randomuser.me/api/portraits/thumb/men/0.jpg"},"nat":"IE"}],"info":{"seed":"fea0d5539aac5718","results":1,"page":1,"version":"1.4"}} 
 </msg>
<msg time="2024-06-28T06:20:53.938515" level="INFO">/opt/hostedtoolcache/Python/3.12.4/x64/lib/python3.12/site-packages/urllib3/connectionpool.py:1099: InsecureRequestWarning: Unverified HTTPS request is being made to host 'randomuser.me'. Adding certificate verification is strongly advised. See: https://urllib3.readthedocs.io/en/latest/advanced-usage.html#tls-warnings
  warnings.warn(</msg>
<msg time="2024-06-28T06:20:53.938648" level="INFO">${response} = &lt;Response [200]&gt;</msg>
<var>${response}</var>
<arg>consultarAPI</arg>
<arg>/api</arg>
<doc>Sends a GET request on a previously created HTTP Session.</doc>
<status status="PASS" start="2024-06-28T06:20:53.875456" elapsed="0.063244"/>
</kw>
<kw name="Set Variable" owner="BuiltIn">
<msg time="2024-06-28T06:20:53.939846" level="INFO">${json_data} = {'results': [{'gender': 'male', 'name': {'title': 'Mr', 'first': 'Leon', 'last': 'Grant'}, 'location': {'street': {'number': 2095, 'name': 'Park Lane'}, 'city': 'Waterford', 'state': 'Dublin City', 'c...</msg>
<var>${json_data}</var>
<arg>${response.json()}</arg>
<doc>Returns the given values which can then be assigned to a variables.</doc>
<status status="PASS" start="2024-06-28T06:20:53.939290" elapsed="0.000584"/>
</kw>
<kw name="Set Variable" owner="BuiltIn">
<msg time="2024-06-28T06:20:53.940563" level="INFO">${name_title} = Mr</msg>
<var>${name_title}</var>
<arg>${json_data["results"][0]["name"]["title"]}</arg>
<doc>Returns the given values which can then be assigned to a variables.</doc>
<status status="PASS" start="2024-06-28T06:20:53.940179" elapsed="0.000409"/>
</kw>
<kw name="Create List" owner="BuiltIn">
<msg time="2024-06-28T06:20:53.941079" level="INFO">${allowed_titles} = ['Mr', 'Ms', 'Miss', 'Mrs', 'Madame', 'Monsieur']</msg>
<var>${allowed_titles}</var>
<arg>Mr</arg>
<arg>Ms</arg>
<arg>Miss</arg>
<arg>Mrs</arg>
<arg>Madame</arg>
<arg>Monsieur</arg>
<doc>Returns a list containing given items.</doc>
<status status="PASS" start="2024-06-28T06:20:53.940930" elapsed="0.000172"/>
</kw>
<kw name="List Should Contain Value" owner="Collections">
<arg>${allowed_titles}</arg>
<arg>${name_title}</arg>
<doc>Fails if the ``value`` is not found from ``list``.</doc>
<status status="PASS" start="2024-06-28T06:20:53.941395" elapsed="0.000181"/>
</kw>
<kw name="Set Variable" owner="BuiltIn">
<msg time="2024-06-28T06:20:53.942120" level="INFO">${name_country} = IE</msg>
<var>${name_country}</var>
<arg>${json_data["results"][0]["nat"]}</arg>
<doc>Returns the given values which can then be assigned to a variables.</doc>
<status status="PASS" start="2024-06-28T06:20:53.941753" elapsed="0.000392"/>
</kw>
<kw name="Create List" owner="BuiltIn">
<msg time="2024-06-28T06:20:53.943023" level="INFO">${list_country} = ['AD', 'AE', 'AF', 'AG', 'AI', 'AL', 'AM', 'AO', 'AQ', 'AR', 'AS', 'AT', 'AU', 'AW', 'AX', 'AZ', 'BA', 'BB', 'BD', 'BE', 'BF', 'BG', 'BH', 'BI', 'BJ', 'BL', 'BM', 'BN', 'BO', 'BQ', 'BR', 'BS', 'BT', '...</msg>
<var>${list_country}</var>
<arg>AD</arg>
<arg>AE</arg>
<arg>AF</arg>
<arg>AG</arg>
<arg>AI</arg>
<arg>AL</arg>
<arg>AM</arg>
<arg>AO</arg>
<arg>AQ</arg>
<arg>AR</arg>
<arg>AS</arg>
<arg>AT</arg>
<arg>AU</arg>
<arg>AW</arg>
<arg>AX</arg>
<arg>AZ</arg>
<arg>BA</arg>
<arg>BB</arg>
<arg>BD</arg>
<arg>BE</arg>
<arg>BF</arg>
<arg>BG</arg>
<arg>BH</arg>
<arg>BI</arg>
<arg>BJ</arg>
<arg>BL</arg>
<arg>BM</arg>
<arg>BN</arg>
<arg>BO</arg>
<arg>BQ</arg>
<arg>BR</arg>
<arg>BS</arg>
<arg>BT</arg>
<arg>BV</arg>
<arg>BW</arg>
<arg>BY</arg>
<arg>BZ</arg>
<arg>CA</arg>
<arg>CC</arg>
<arg>CD</arg>
<arg>CF</arg>
<arg>CG</arg>
<arg>CH</arg>
<arg>CI</arg>
<arg>CK</arg>
<arg>CL</arg>
<arg>CM</arg>
<arg>CN</arg>
<arg>CO</arg>
<arg>CR</arg>
<arg>CU</arg>
<arg>CV</arg>
<arg>CW</arg>
<arg>CX</arg>
<arg>CY</arg>
<arg>CZ</arg>
<arg>DE</arg>
<arg>DJ</arg>
<arg>DK</arg>
<arg>DM</arg>
<arg>DO</arg>
<arg>DZ</arg>
<arg>EC</arg>
<arg>EE</arg>
<arg>EG</arg>
<arg>EH</arg>
<arg>ER</arg>
<arg>ES</arg>
<arg>ET</arg>
<arg>FI</arg>
<arg>FJ</arg>
<arg>FK</arg>
<arg>FM</arg>
<arg>FO</arg>
<arg>FR</arg>
<arg>GA</arg>
<arg>GB</arg>
<arg>GD</arg>
<arg>GE</arg>
<arg>GF</arg>
<arg>GG</arg>
<arg>GH</arg>
<arg>GI</arg>
<arg>GL</arg>
<arg>GM</arg>
<arg>GN</arg>
<arg>GP</arg>
<arg>GQ</arg>
<arg>GR</arg>
<arg>GS</arg>
<arg>GT</arg>
<arg>GU</arg>
<arg>GW</arg>
<arg>GY</arg>
<arg>HK</arg>
<arg>HM</arg>
<arg>HN</arg>
<arg>HR</arg>
<arg>HT</arg>
<arg>HU</arg>
<arg>ID</arg>
<arg>IE</arg>
<arg>IL</arg>
<arg>IM</arg>
<arg>IN</arg>
<arg>IO</arg>
<arg>IQ</arg>
<arg>IR</arg>
<arg>IS</arg>
<arg>IT</arg>
<arg>JE</arg>
<arg>JM</arg>
<arg>JO</arg>
<arg>JP</arg>
<arg>KE</arg>
<arg>KG</arg>
<arg>KH</arg>
<arg>KI</arg>
<arg>KM</arg>
<arg>KN</arg>
<arg>KP</arg>
<arg>KR</arg>
<arg>KW</arg>
<arg>KY</arg>
<arg>KZ</arg>
<arg>LA</arg>
<arg>LB</arg>
<arg>LC</arg>
<arg>LI</arg>
<arg>LK</arg>
<arg>LR</arg>
<arg>LS</arg>
<arg>LT</arg>
<arg>LU</arg>
<arg>LV</arg>
<arg>LY</arg>
<arg>MA</arg>
<arg>MC</arg>
<arg>MD</arg>
<arg>ME</arg>
<arg>MF</arg>
<arg>MG</arg>
<arg>MH</arg>
<arg>MK</arg>
<arg>ML</arg>
<arg>MM</arg>
<arg>MN</arg>
<arg>MO</arg>
<arg>MP</arg>
<arg>MQ</arg>
<arg>MR</arg>
<arg>MS</arg>
<arg>MT</arg>
<arg>MU</arg>
<arg>MV</arg>
<arg>MW</arg>
<arg>MX</arg>
<arg>MY</arg>
<arg>MZ</arg>
<arg>NA</arg>
<arg>NC</arg>
<arg>NE</arg>
<arg>NF</arg>
<arg>NG</arg>
<arg>NI</arg>
<arg>NL</arg>
<arg>NO</arg>
<arg>NP</arg>
<arg>NR</arg>
<arg>NU</arg>
<arg>NZ</arg>
<arg>OM</arg>
<arg>PA</arg>
<arg>PE</arg>
<arg>PF</arg>
<arg>PG</arg>
<arg>PH</arg>
<arg>PK</arg>
<arg>PL</arg>
<arg>PM</arg>
<arg>PN</arg>
<arg>PR</arg>
<arg>PS</arg>
<arg>PT</arg>
<arg>PW</arg>
<arg>PY</arg>
<arg>QA</arg>
<arg>RE</arg>
<arg>RO</arg>
<arg>RS</arg>
<arg>RU</arg>
<arg>RW</arg>
<arg>SA</arg>
<arg>SB</arg>
<arg>SC</arg>
<arg>SD</arg>
<arg>SE</arg>
<arg>SG</arg>
<arg>SH</arg>
<arg>SI</arg>
<arg>SJ</arg>
<arg>SK</arg>
<arg>SL</arg>
<arg>SM</arg>
<arg>SN</arg>
<arg>SO</arg>
<arg>SR</arg>
<arg>SS</arg>
<arg>ST</arg>
<arg>SV</arg>
<arg>SX</arg>
<arg>SY</arg>
<arg>SZ</arg>
<arg>TC</arg>
<arg>TD</arg>
<arg>TF</arg>
<arg>TG</arg>
<arg>TH</arg>
<arg>TJ</arg>
<arg>TK</arg>
<arg>TL</arg>
<arg>TM</arg>
<arg>TN</arg>
<arg>TO</arg>
<arg>TR</arg>
<arg>TT</arg>
<arg>TV</arg>
<arg>TW</arg>
<arg>TZ</arg>
<arg>UA</arg>
<arg>UG</arg>
<arg>UM</arg>
<arg>US</arg>
<arg>UY</arg>
<arg>UZ</arg>
<arg>VA</arg>
<arg>VC</arg>
<arg>VE</arg>
<arg>VG</arg>
<arg>VI</arg>
<arg>VN</arg>
<arg>VU</arg>
<arg>WF</arg>
<arg>WS</arg>
<arg>XK</arg>
<arg>YE</arg>
<arg>YT</arg>
<arg>ZA</arg>
<arg>ZM</arg>
<arg>ZW</arg>
<doc>Returns a list containing given items.</doc>
<status status="PASS" start="2024-06-28T06:20:53.942434" elapsed="0.000614"/>
</kw>
<kw name="List Should Contain Value" owner="Collections">
<arg>${list_country}</arg>
<arg>${name_country}</arg>
<doc>Fails if the ``value`` is not found from ``list``.</doc>
<status status="PASS" start="2024-06-28T06:20:53.943838" elapsed="0.000199"/>
</kw>
<kw name="Run Keyword If" owner="BuiltIn">
<kw name="Should Be True" owner="BuiltIn">
<arg>${True}</arg>
<doc>Fails if the given condition is not true.</doc>
<status status="PASS" start="2024-06-28T06:20:53.945002" elapsed="0.000142"/>
</kw>
<arg>${json_data["results"][0]["location"]["coordinates"]["latitude"]} &gt;= -90 and ${json_data["results"][0]["location"]["coordinates"]["latitude"]} &lt;= 90</arg>
<arg>Should Be True</arg>
<arg>${True}</arg>
<doc>Runs the given keyword with the given arguments, if ``condition`` is true.</doc>
<status status="PASS" start="2024-06-28T06:20:53.944230" elapsed="0.001038"/>
</kw>
<kw name="Run Keyword If" owner="BuiltIn">
<kw name="Should Be True" owner="BuiltIn">
<arg>${True}</arg>
<doc>Fails if the given condition is not true.</doc>
<status status="PASS" start="2024-06-28T06:20:53.946143" elapsed="0.000237"/>
</kw>
<arg>${json_data["results"][0]["location"]["coordinates"]["longitude"]} &gt;= -180 and ${json_data["results"][0]["location"]["coordinates"]["longitude"]} &lt;= 180</arg>
<arg>Should Be True</arg>
<arg>${True}</arg>
<doc>Runs the given keyword with the given arguments, if ``condition`` is true.</doc>
<status status="PASS" start="2024-06-28T06:20:53.945446" elapsed="0.001060"/>
</kw>
<status status="PASS" start="2024-06-28T06:20:53.875238" elapsed="0.071400"/>
</kw>
<doc>Testa o conteúdo específico dos campos retornados pela API.</doc>
<tag>testeConteudo</tag>
<status status="PASS" start="2024-06-28T06:20:53.874811" elapsed="0.071975"/>
</test>
<status status="PASS" start="2024-06-28T06:20:53.086377" elapsed="0.862365"/>
</suite>
<status status="PASS" start="2024-06-28T06:20:53.072137" elapsed="0.881576"/>
</suite>
<statistics>
<total>
<stat pass="5" fail="0" skip="0">All Tests</stat>
</total>
<tag>
<stat pass="1" fail="0" skip="0">testeConteudo</stat>
<stat pass="1" fail="0" skip="0">testeEstruturaResposta</stat>
<stat pass="1" fail="0" skip="0">testeRequisicaoBasica</stat>
<stat pass="1" fail="0" skip="0">testeTiposDados</stat>
</tag>
<suite>
<stat pass="5" fail="0" skip="0" id="s1" name="Tests">Tests</stat>
<stat pass="5" fail="0" skip="0" id="s1-s1" name="Random-User-Test">Tests.Random-User-Test</stat>
</suite>
</statistics>
<errors>
</errors>
</robot>
