<?xml version="1.0" encoding="UTF-8"?>
<robot generator="Robot 7.0.1 (Python 3.12.3 on linux)" generated="2024-06-13T06:20:36.022277" rpa="false" schemaversion="5">
<suite id="s1" name="Tests" source="/home/runner/work/ApiRandomUser/ApiRandomUser/RamdonUser/tests">
<suite id="s1-s1" name="Random-User-Test" source="/home/runner/work/ApiRandomUser/ApiRandomUser/RamdonUser/tests/random-user-test.robot">
<test id="s1-s1-t1" name="Conectar" line="13">
<kw name="Conectar API" owner="random-user-service">
<kw name="Create Session" owner="RequestsLibrary">
<msg time="2024-06-13T06:20:36.438969" level="INFO">Creating Session using : alias=consultarAPI, url=https://randomuser.me/, headers={},                     cookies={}, auth=None, timeout=None, proxies=None, verify=False,                     debug=0 </msg>
<arg>consultarAPI</arg>
<arg>${URL}</arg>
<doc>Create Session: create a HTTP session to a server</doc>
<status status="PASS" start="2024-06-13T06:20:36.438751" elapsed="0.000423"/>
</kw>
<status status="PASS" start="2024-06-13T06:20:36.437703" elapsed="0.001855"/>
</kw>
<status status="PASS" start="2024-06-13T06:20:36.437036" elapsed="0.002719"/>
</test>
<test id="s1-s1-t2" name="Validar retorno 200 e JSON Válido" line="16">
<kw name="Teste de Requisicao Basica" owner="random-user-service">
<kw name="GET On Session" owner="RequestsLibrary">
<msg time="2024-06-13T06:20:36.547118" level="INFO">GET Request : url=https://randomuser.me/api 
 path_url=/api 
 headers={'User-Agent': 'python-requests/2.32.3', 'Accept-Encoding': 'gzip, deflate', 'Accept': '*/*', 'Connection': 'keep-alive'} 
 body=None 
 </msg>
<msg time="2024-06-13T06:20:36.547284" level="INFO">GET Response : url=https://randomuser.me/api 
 status=200, reason=OK 
 headers={'Date': 'Thu, 13 Jun 2024 06:20:36 GMT', 'Content-Type': 'application/json; charset=utf-8', 'Transfer-Encoding': 'chunked', 'Connection': 'keep-alive', 'X-Powered-By': 'Express', 'Access-Control-Allow-Origin': '*', 'Cache-Control': 'no-cache', 'ETag': 'W/"4a7-cZS11nWOMtIY0oY22wZSkqzr3+Q"', 'Vary': 'Accept-Encoding', 'Content-Encoding': 'gzip', 'CF-Cache-Status': 'DYNAMIC', 'Report-To': '{"endpoints":[{"url":"https:\\/\\/a.nel.cloudflare.com\\/report\\/v4?s=hI9bEvbIKBPdJ%2BFPHxBhyO%2FMuJHm9UkKdeUXBzTH3o8p0%2FSIEatUxeZPcxw0vh0TpealiIWO4UH%2FJRlg2BQHBM%2B1CiIR%2Bk0BqMoIRseDyknMIajbMLJpKSaSnMf7Nulk"}],"group":"cf-nel","max_age":604800}', 'NEL': '{"success_fraction":0,"report_to":"cf-nel","max_age":604800}', 'Server': 'cloudflare', 'CF-RAY': '892ff9c7fb0f113c-ORD', 'alt-svc': 'h3=":443"; ma=86400'} 
 body={"results":[{"gender":"female","name":{"title":"Miss","first":"María Elena","last":"Almonte"},"location":{"street":{"number":7138,"name":"Viaducto Roldán"},"city":"Huichihuayan","state":"Tamaulipas","country":"Mexico","postcode":42334,"coordinates":{"latitude":"23.2309","longitude":"84.5494"},"timezone":{"offset":"+7:00","description":"Bangkok, Hanoi, Jakarta"}},"email":"mariaelena.almonte@example.com","login":{"uuid":"a02dbf5d-5e31-4782-ba4a-c934cc234336","username":"redpeacock606","password":"crescent","salt":"6nfEGjTO","md5":"8ace683e5d4e06664b6bbf11ff601ba2","sha1":"a417316984e238aec5df7dd41326c533098badf0","sha256":"eb1d2ca0bec5366e6c65eb9402a7b6fd0d7568d083a1a310ff973e7541e4cd14"},"dob":{"date":"1958-08-19T06:50:15.484Z","age":65},"registered":{"date":"2008-05-26T16:59:23.554Z","age":16},"phone":"(681) 232 2412","cell":"(649) 415 6584","id":{"name":"NSS","value":"14 23 58 9140 2"},"picture":{"large":"https://randomuser.me/api/portraits/women/76.jpg","medium":"https://randomuser.me/api/portraits/med/women/76.jpg","thumbnail":"https://randomuser.me/api/portraits/thumb/women/76.jpg"},"nat":"MX"}],"info":{"seed":"d26bf70df7ca213d","results":1,"page":1,"version":"1.4"}} 
 </msg>
<msg time="2024-06-13T06:20:36.547371" level="INFO">/opt/hostedtoolcache/Python/3.12.3/x64/lib/python3.12/site-packages/urllib3/connectionpool.py:1103: InsecureRequestWarning: Unverified HTTPS request is being made to host 'randomuser.me'. Adding certificate verification is strongly advised. See: https://urllib3.readthedocs.io/en/latest/advanced-usage.html#tls-warnings
  warnings.warn(</msg>
<msg time="2024-06-13T06:20:36.547519" level="INFO">${response} = &lt;Response [200]&gt;</msg>
<var>${response}</var>
<arg>consultarAPI</arg>
<arg>/api</arg>
<doc>Sends a GET request on a previously created HTTP Session.</doc>
<status status="PASS" start="2024-06-13T06:20:36.442507" elapsed="0.105056"/>
</kw>
<kw name="Should Be Equal As Numbers" owner="BuiltIn">
<msg time="2024-06-13T06:20:36.548686" level="INFO">Argument types are:
&lt;class 'int'&gt;
&lt;class 'str'&gt;</msg>
<arg>${response.status_code}</arg>
<arg>200</arg>
<doc>Fails if objects are unequal after converting them to real numbers.</doc>
<status status="PASS" start="2024-06-13T06:20:36.548169" elapsed="0.000591"/>
</kw>
<kw name="Log" owner="BuiltIn">
<msg time="2024-06-13T06:20:36.549457" level="INFO">200</msg>
<arg>${response.status_code}</arg>
<doc>Logs the given message with the given level.</doc>
<status status="PASS" start="2024-06-13T06:20:36.549101" elapsed="0.000406"/>
</kw>
<kw name="Set Variable" owner="BuiltIn">
<msg time="2024-06-13T06:20:36.550267" level="INFO">${json_data} = {'results': [{'gender': 'female', 'name': {'title': 'Miss', 'first': 'María Elena', 'last': 'Almonte'}, 'location': {'street': {'number': 7138, 'name': 'Viaducto Roldán'}, 'city': 'Huichihuayan', 'sta...</msg>
<var>${json_data}</var>
<arg>${response.json()}</arg>
<doc>Returns the given values which can then be assigned to a variables.</doc>
<status status="PASS" start="2024-06-13T06:20:36.549819" elapsed="0.000478"/>
</kw>
<kw name="Dictionary Should Contain Key" owner="Collections">
<arg>${json_data}</arg>
<arg>results</arg>
<doc>Fails if ``key`` is not found from ``dictionary``.</doc>
<status status="PASS" start="2024-06-13T06:20:36.550597" elapsed="0.000168"/>
</kw>
<status status="PASS" start="2024-06-13T06:20:36.442262" elapsed="0.108660"/>
</kw>
<doc>Testa se a API responde corretamente e retorna um objeto JSON válido.</doc>
<tag>testeRequisicaoBasica</tag>
<status status="PASS" start="2024-06-13T06:20:36.441718" elapsed="0.109384"/>
</test>
<test id="s1-s1-t3" name="Validar estrutura de resposta" line="22">
<kw name="Teste de Estrutura de Resposta" owner="random-user-service">
<kw name="GET On Session" owner="RequestsLibrary">
<msg time="2024-06-13T06:20:36.627201" level="INFO">GET Request : url=https://randomuser.me/api 
 path_url=/api 
 headers={'User-Agent': 'python-requests/2.32.3', 'Accept-Encoding': 'gzip, deflate', 'Accept': '*/*', 'Connection': 'keep-alive'} 
 body=None 
 </msg>
<msg time="2024-06-13T06:20:36.627308" level="INFO">GET Response : url=https://randomuser.me/api 
 status=200, reason=OK 
 headers={'Date': 'Thu, 13 Jun 2024 06:20:36 GMT', 'Content-Type': 'application/json; charset=utf-8', 'Transfer-Encoding': 'chunked', 'Connection': 'keep-alive', 'X-Powered-By': 'Express', 'Access-Control-Allow-Origin': '*', 'Cache-Control': 'no-cache', 'ETag': 'W/"48a-uosowklxpXENVcxpr6qVya2HLaw"', 'Vary': 'Accept-Encoding', 'Content-Encoding': 'gzip', 'CF-Cache-Status': 'DYNAMIC', 'Report-To': '{"endpoints":[{"url":"https:\\/\\/a.nel.cloudflare.com\\/report\\/v4?s=zys%2Bb75HyNFjgMcW9qDuajQTHzHz7NN7P6Vwxyvw25fgb6fT0md2NiAd6weIgubRTn39nqaQzHeBnQuTauBmISTbasy6q5x3ccmOchXWkMoX%2BZTfP%2FcWs1Fs%2Bsls17IL"}],"group":"cf-nel","max_age":604800}', 'NEL': '{"success_fraction":0,"report_to":"cf-nel","max_age":604800}', 'Server': 'cloudflare', 'CF-RAY': '892ff9c87b8b113c-ORD', 'alt-svc': 'h3=":443"; ma=86400'} 
 body={"results":[{"gender":"female","name":{"title":"Ms","first":"Shubhangi","last":"Gatty"},"location":{"street":{"number":1403,"name":"MG Rd Bangalore"},"city":"Bhusawal","state":"Chandigarh","country":"India","postcode":36669,"coordinates":{"latitude":"11.3661","longitude":"144.5497"},"timezone":{"offset":"+7:00","description":"Bangkok, Hanoi, Jakarta"}},"email":"shubhangi.gatty@example.com","login":{"uuid":"c4ad2822-43f8-4567-a105-4705fb9d1528","username":"greenfish522","password":"4128","salt":"o0HvxCNg","md5":"a55ed2ccad7da4e2f27d6a2e4d9f2efd","sha1":"628290b7f642882ff9fa444ccdb30dbac1da38a6","sha256":"931fadc3638cdd360a641ad1efb1589db9347e30bed735e44bd69bc1c7763a43"},"dob":{"date":"1946-04-14T01:04:24.988Z","age":78},"registered":{"date":"2009-07-28T21:37:13.046Z","age":14},"phone":"9581315180","cell":"9976036500","id":{"name":"UIDAI","value":"472779953519"},"picture":{"large":"https://randomuser.me/api/portraits/women/96.jpg","medium":"https://randomuser.me/api/portraits/med/women/96.jpg","thumbnail":"https://randomuser.me/api/portraits/thumb/women/96.jpg"},"nat":"IN"}],"info":{"seed":"cb758eb8d18f6927","results":1,"page":1,"version":"1.4"}} 
 </msg>
<msg time="2024-06-13T06:20:36.627436" level="INFO">/opt/hostedtoolcache/Python/3.12.3/x64/lib/python3.12/site-packages/urllib3/connectionpool.py:1103: InsecureRequestWarning: Unverified HTTPS request is being made to host 'randomuser.me'. Adding certificate verification is strongly advised. See: https://urllib3.readthedocs.io/en/latest/advanced-usage.html#tls-warnings
  warnings.warn(</msg>
<msg time="2024-06-13T06:20:36.627565" level="INFO">${response} = &lt;Response [200]&gt;</msg>
<var>${response}</var>
<arg>consultarAPI</arg>
<arg>/api</arg>
<doc>Sends a GET request on a previously created HTTP Session.</doc>
<status status="PASS" start="2024-06-13T06:20:36.553742" elapsed="0.073865"/>
</kw>
<kw name="Set Variable" owner="BuiltIn">
<msg time="2024-06-13T06:20:36.628693" level="INFO">${json_data} = {'results': [{'gender': 'female', 'name': {'title': 'Ms', 'first': 'Shubhangi', 'last': 'Gatty'}, 'location': {'street': {'number': 1403, 'name': 'MG Rd Bangalore'}, 'city': 'Bhusawal', 'state': 'Chan...</msg>
<var>${json_data}</var>
<arg>${response.json()}</arg>
<doc>Returns the given values which can then be assigned to a variables.</doc>
<status status="PASS" start="2024-06-13T06:20:36.628121" elapsed="0.000616"/>
</kw>
<kw name="Log" owner="BuiltIn">
<msg time="2024-06-13T06:20:36.629231" level="INFO">{'results': [{'gender': 'female', 'name': {'title': 'Ms', 'first': 'Shubhangi', 'last': 'Gatty'}, 'location': {'street': {'number': 1403, 'name': 'MG Rd Bangalore'}, 'city': 'Bhusawal', 'state': 'Chandigarh', 'country': 'India', 'postcode': 36669, 'coordinates': {'latitude': '11.3661', 'longitude': '144.5497'}, 'timezone': {'offset': '+7:00', 'description': 'Bangkok, Hanoi, Jakarta'}}, 'email': 'shubhangi.gatty@example.com', 'login': {'uuid': 'c4ad2822-43f8-4567-a105-4705fb9d1528', 'username': 'greenfish522', 'password': '4128', 'salt': 'o0HvxCNg', 'md5': 'a55ed2ccad7da4e2f27d6a2e4d9f2efd', 'sha1': '628290b7f642882ff9fa444ccdb30dbac1da38a6', 'sha256': '931fadc3638cdd360a641ad1efb1589db9347e30bed735e44bd69bc1c7763a43'}, 'dob': {'date': '1946-04-14T01:04:24.988Z', 'age': 78}, 'registered': {'date': '2009-07-28T21:37:13.046Z', 'age': 14}, 'phone': '9581315180', 'cell': '9976036500', 'id': {'name': 'UIDAI', 'value': '472779953519'}, 'picture': {'large': 'https://randomuser.me/api/portraits/women/96.jpg', 'medium': 'https://randomuser.me/api/portraits/med/women/96.jpg', 'thumbnail': 'https://randomuser.me/api/portraits/thumb/women/96.jpg'}, 'nat': 'IN'}], 'info': {'seed': 'cb758eb8d18f6927', 'results': 1, 'page': 1, 'version': '1.4'}}</msg>
<arg>${json_data}</arg>
<doc>Logs the given message with the given level.</doc>
<status status="PASS" start="2024-06-13T06:20:36.629069" elapsed="0.000217"/>
</kw>
<kw name="Dictionary Should Contain Key" owner="Collections">
<arg>${json_data}</arg>
<arg>results</arg>
<doc>Fails if ``key`` is not found from ``dictionary``.</doc>
<status status="PASS" start="2024-06-13T06:20:36.629586" elapsed="0.000158"/>
</kw>
<kw name="Should Not Be Empty" owner="BuiltIn">
<msg time="2024-06-13T06:20:36.630062" level="INFO">Length is 2.</msg>
<arg>${json_data}</arg>
<doc>Verifies that the given item is not empty.</doc>
<status status="PASS" start="2024-06-13T06:20:36.629931" elapsed="0.000171"/>
</kw>
<kw name="Create List" owner="BuiltIn">
<msg time="2024-06-13T06:20:36.630548" level="INFO">${expected_keys} = ['gender', 'name', 'location', 'email', 'login']</msg>
<var>${expected_keys}</var>
<arg>gender</arg>
<arg>name</arg>
<arg>location</arg>
<arg>email</arg>
<arg>login</arg>
<doc>Returns a list containing given items.</doc>
<status status="PASS" start="2024-06-13T06:20:36.630400" elapsed="0.000172"/>
</kw>
<for flavor="IN">
<iter>
<kw name="Dictionary Should Contain Key" owner="Collections">
<arg>${json_data['results'][0]}</arg>
<arg>${key}</arg>
<doc>Fails if ``key`` is not found from ``dictionary``.</doc>
<status status="PASS" start="2024-06-13T06:20:36.631344" elapsed="0.000412"/>
</kw>
<kw name="Log" owner="BuiltIn">
<msg time="2024-06-13T06:20:36.632301" level="INFO">{'gender': 'female', 'name': {'title': 'Ms', 'first': 'Shubhangi', 'last': 'Gatty'}, 'location': {'street': {'number': 1403, 'name': 'MG Rd Bangalore'}, 'city': 'Bhusawal', 'state': 'Chandigarh', 'country': 'India', 'postcode': 36669, 'coordinates': {'latitude': '11.3661', 'longitude': '144.5497'}, 'timezone': {'offset': '+7:00', 'description': 'Bangkok, Hanoi, Jakarta'}}, 'email': 'shubhangi.gatty@example.com', 'login': {'uuid': 'c4ad2822-43f8-4567-a105-4705fb9d1528', 'username': 'greenfish522', 'password': '4128', 'salt': 'o0HvxCNg', 'md5': 'a55ed2ccad7da4e2f27d6a2e4d9f2efd', 'sha1': '628290b7f642882ff9fa444ccdb30dbac1da38a6', 'sha256': '931fadc3638cdd360a641ad1efb1589db9347e30bed735e44bd69bc1c7763a43'}, 'dob': {'date': '1946-04-14T01:04:24.988Z', 'age': 78}, 'registered': {'date': '2009-07-28T21:37:13.046Z', 'age': 14}, 'phone': '9581315180', 'cell': '9976036500', 'id': {'name': 'UIDAI', 'value': '472779953519'}, 'picture': {'large': 'https://randomuser.me/api/portraits/women/96.jpg', 'medium': 'https://randomuser.me/api/portraits/med/women/96.jpg', 'thumbnail': 'https://randomuser.me/api/portraits/thumb/women/96.jpg'}, 'nat': 'IN'}</msg>
<arg>${json_data['results'][0]}</arg>
<doc>Logs the given message with the given level.</doc>
<status status="PASS" start="2024-06-13T06:20:36.631945" elapsed="0.000405"/>
</kw>
<kw name="Log" owner="BuiltIn">
<msg time="2024-06-13T06:20:36.632808" level="INFO">gender</msg>
<arg>${key}</arg>
<doc>Logs the given message with the given level.</doc>
<status status="PASS" start="2024-06-13T06:20:36.632668" elapsed="0.000178"/>
</kw>
<var name="${key}">gender</var>
<status status="PASS" start="2024-06-13T06:20:36.631214" elapsed="0.001850"/>
</iter>
<iter>
<kw name="Dictionary Should Contain Key" owner="Collections">
<arg>${json_data['results'][0]}</arg>
<arg>${key}</arg>
<doc>Fails if ``key`` is not found from ``dictionary``.</doc>
<status status="PASS" start="2024-06-13T06:20:36.633366" elapsed="0.000392"/>
</kw>
<kw name="Log" owner="BuiltIn">
<msg time="2024-06-13T06:20:36.634295" level="INFO">{'gender': 'female', 'name': {'title': 'Ms', 'first': 'Shubhangi', 'last': 'Gatty'}, 'location': {'street': {'number': 1403, 'name': 'MG Rd Bangalore'}, 'city': 'Bhusawal', 'state': 'Chandigarh', 'country': 'India', 'postcode': 36669, 'coordinates': {'latitude': '11.3661', 'longitude': '144.5497'}, 'timezone': {'offset': '+7:00', 'description': 'Bangkok, Hanoi, Jakarta'}}, 'email': 'shubhangi.gatty@example.com', 'login': {'uuid': 'c4ad2822-43f8-4567-a105-4705fb9d1528', 'username': 'greenfish522', 'password': '4128', 'salt': 'o0HvxCNg', 'md5': 'a55ed2ccad7da4e2f27d6a2e4d9f2efd', 'sha1': '628290b7f642882ff9fa444ccdb30dbac1da38a6', 'sha256': '931fadc3638cdd360a641ad1efb1589db9347e30bed735e44bd69bc1c7763a43'}, 'dob': {'date': '1946-04-14T01:04:24.988Z', 'age': 78}, 'registered': {'date': '2009-07-28T21:37:13.046Z', 'age': 14}, 'phone': '9581315180', 'cell': '9976036500', 'id': {'name': 'UIDAI', 'value': '472779953519'}, 'picture': {'large': 'https://randomuser.me/api/portraits/women/96.jpg', 'medium': 'https://randomuser.me/api/portraits/med/women/96.jpg', 'thumbnail': 'https://randomuser.me/api/portraits/thumb/women/96.jpg'}, 'nat': 'IN'}</msg>
<arg>${json_data['results'][0]}</arg>
<doc>Logs the given message with the given level.</doc>
<status status="PASS" start="2024-06-13T06:20:36.633949" elapsed="0.000439"/>
</kw>
<kw name="Log" owner="BuiltIn">
<msg time="2024-06-13T06:20:36.634811" level="INFO">name</msg>
<arg>${key}</arg>
<doc>Logs the given message with the given level.</doc>
<status status="PASS" start="2024-06-13T06:20:36.634684" elapsed="0.000164"/>
</kw>
<var name="${key}">name</var>
<status status="PASS" start="2024-06-13T06:20:36.633253" elapsed="0.001813"/>
</iter>
<iter>
<kw name="Dictionary Should Contain Key" owner="Collections">
<arg>${json_data['results'][0]}</arg>
<arg>${key}</arg>
<doc>Fails if ``key`` is not found from ``dictionary``.</doc>
<status status="PASS" start="2024-06-13T06:20:36.635356" elapsed="0.000378"/>
</kw>
<kw name="Log" owner="BuiltIn">
<msg time="2024-06-13T06:20:36.636264" level="INFO">{'gender': 'female', 'name': {'title': 'Ms', 'first': 'Shubhangi', 'last': 'Gatty'}, 'location': {'street': {'number': 1403, 'name': 'MG Rd Bangalore'}, 'city': 'Bhusawal', 'state': 'Chandigarh', 'country': 'India', 'postcode': 36669, 'coordinates': {'latitude': '11.3661', 'longitude': '144.5497'}, 'timezone': {'offset': '+7:00', 'description': 'Bangkok, Hanoi, Jakarta'}}, 'email': 'shubhangi.gatty@example.com', 'login': {'uuid': 'c4ad2822-43f8-4567-a105-4705fb9d1528', 'username': 'greenfish522', 'password': '4128', 'salt': 'o0HvxCNg', 'md5': 'a55ed2ccad7da4e2f27d6a2e4d9f2efd', 'sha1': '628290b7f642882ff9fa444ccdb30dbac1da38a6', 'sha256': '931fadc3638cdd360a641ad1efb1589db9347e30bed735e44bd69bc1c7763a43'}, 'dob': {'date': '1946-04-14T01:04:24.988Z', 'age': 78}, 'registered': {'date': '2009-07-28T21:37:13.046Z', 'age': 14}, 'phone': '9581315180', 'cell': '9976036500', 'id': {'name': 'UIDAI', 'value': '472779953519'}, 'picture': {'large': 'https://randomuser.me/api/portraits/women/96.jpg', 'medium': 'https://randomuser.me/api/portraits/med/women/96.jpg', 'thumbnail': 'https://randomuser.me/api/portraits/thumb/women/96.jpg'}, 'nat': 'IN'}</msg>
<arg>${json_data['results'][0]}</arg>
<doc>Logs the given message with the given level.</doc>
<status status="PASS" start="2024-06-13T06:20:36.635918" elapsed="0.000395"/>
</kw>
<kw name="Log" owner="BuiltIn">
<msg time="2024-06-13T06:20:36.636770" level="INFO">location</msg>
<arg>${key}</arg>
<doc>Logs the given message with the given level.</doc>
<status status="PASS" start="2024-06-13T06:20:36.636610" elapsed="0.000199"/>
</kw>
<var name="${key}">location</var>
<status status="PASS" start="2024-06-13T06:20:36.635248" elapsed="0.001780"/>
</iter>
<iter>
<kw name="Dictionary Should Contain Key" owner="Collections">
<arg>${json_data['results'][0]}</arg>
<arg>${key}</arg>
<doc>Fails if ``key`` is not found from ``dictionary``.</doc>
<status status="PASS" start="2024-06-13T06:20:36.637320" elapsed="0.000387"/>
</kw>
<kw name="Log" owner="BuiltIn">
<msg time="2024-06-13T06:20:36.638241" level="INFO">{'gender': 'female', 'name': {'title': 'Ms', 'first': 'Shubhangi', 'last': 'Gatty'}, 'location': {'street': {'number': 1403, 'name': 'MG Rd Bangalore'}, 'city': 'Bhusawal', 'state': 'Chandigarh', 'country': 'India', 'postcode': 36669, 'coordinates': {'latitude': '11.3661', 'longitude': '144.5497'}, 'timezone': {'offset': '+7:00', 'description': 'Bangkok, Hanoi, Jakarta'}}, 'email': 'shubhangi.gatty@example.com', 'login': {'uuid': 'c4ad2822-43f8-4567-a105-4705fb9d1528', 'username': 'greenfish522', 'password': '4128', 'salt': 'o0HvxCNg', 'md5': 'a55ed2ccad7da4e2f27d6a2e4d9f2efd', 'sha1': '628290b7f642882ff9fa444ccdb30dbac1da38a6', 'sha256': '931fadc3638cdd360a641ad1efb1589db9347e30bed735e44bd69bc1c7763a43'}, 'dob': {'date': '1946-04-14T01:04:24.988Z', 'age': 78}, 'registered': {'date': '2009-07-28T21:37:13.046Z', 'age': 14}, 'phone': '9581315180', 'cell': '9976036500', 'id': {'name': 'UIDAI', 'value': '472779953519'}, 'picture': {'large': 'https://randomuser.me/api/portraits/women/96.jpg', 'medium': 'https://randomuser.me/api/portraits/med/women/96.jpg', 'thumbnail': 'https://randomuser.me/api/portraits/thumb/women/96.jpg'}, 'nat': 'IN'}</msg>
<arg>${json_data['results'][0]}</arg>
<doc>Logs the given message with the given level.</doc>
<status status="PASS" start="2024-06-13T06:20:36.637891" elapsed="0.000399"/>
</kw>
<kw name="Log" owner="BuiltIn">
<msg time="2024-06-13T06:20:36.638720" level="INFO">email</msg>
<arg>${key}</arg>
<doc>Logs the given message with the given level.</doc>
<status status="PASS" start="2024-06-13T06:20:36.638592" elapsed="0.000166"/>
</kw>
<var name="${key}">email</var>
<status status="PASS" start="2024-06-13T06:20:36.637210" elapsed="0.001765"/>
</iter>
<iter>
<kw name="Dictionary Should Contain Key" owner="Collections">
<arg>${json_data['results'][0]}</arg>
<arg>${key}</arg>
<doc>Fails if ``key`` is not found from ``dictionary``.</doc>
<status status="PASS" start="2024-06-13T06:20:36.639256" elapsed="0.000391"/>
</kw>
<kw name="Log" owner="BuiltIn">
<msg time="2024-06-13T06:20:36.640181" level="INFO">{'gender': 'female', 'name': {'title': 'Ms', 'first': 'Shubhangi', 'last': 'Gatty'}, 'location': {'street': {'number': 1403, 'name': 'MG Rd Bangalore'}, 'city': 'Bhusawal', 'state': 'Chandigarh', 'country': 'India', 'postcode': 36669, 'coordinates': {'latitude': '11.3661', 'longitude': '144.5497'}, 'timezone': {'offset': '+7:00', 'description': 'Bangkok, Hanoi, Jakarta'}}, 'email': 'shubhangi.gatty@example.com', 'login': {'uuid': 'c4ad2822-43f8-4567-a105-4705fb9d1528', 'username': 'greenfish522', 'password': '4128', 'salt': 'o0HvxCNg', 'md5': 'a55ed2ccad7da4e2f27d6a2e4d9f2efd', 'sha1': '628290b7f642882ff9fa444ccdb30dbac1da38a6', 'sha256': '931fadc3638cdd360a641ad1efb1589db9347e30bed735e44bd69bc1c7763a43'}, 'dob': {'date': '1946-04-14T01:04:24.988Z', 'age': 78}, 'registered': {'date': '2009-07-28T21:37:13.046Z', 'age': 14}, 'phone': '9581315180', 'cell': '9976036500', 'id': {'name': 'UIDAI', 'value': '472779953519'}, 'picture': {'large': 'https://randomuser.me/api/portraits/women/96.jpg', 'medium': 'https://randomuser.me/api/portraits/med/women/96.jpg', 'thumbnail': 'https://randomuser.me/api/portraits/thumb/women/96.jpg'}, 'nat': 'IN'}</msg>
<arg>${json_data['results'][0]}</arg>
<doc>Logs the given message with the given level.</doc>
<status status="PASS" start="2024-06-13T06:20:36.639830" elapsed="0.000399"/>
</kw>
<kw name="Log" owner="BuiltIn">
<msg time="2024-06-13T06:20:36.640669" level="INFO">login</msg>
<arg>${key}</arg>
<doc>Logs the given message with the given level.</doc>
<status status="PASS" start="2024-06-13T06:20:36.640522" elapsed="0.000191"/>
</kw>
<var name="${key}">login</var>
<status status="PASS" start="2024-06-13T06:20:36.639149" elapsed="0.001791"/>
</iter>
<var>${key}</var>
<value>@{expected_keys}</value>
<status status="PASS" start="2024-06-13T06:20:36.631012" elapsed="0.010049"/>
</for>
<kw name="Create List" owner="BuiltIn">
<msg time="2024-06-13T06:20:36.641401" level="INFO">${expected_keysTwo} = ['username', 'password']</msg>
<var>${expected_keysTwo}</var>
<arg>username</arg>
<arg>password</arg>
<doc>Returns a list containing given items.</doc>
<status status="PASS" start="2024-06-13T06:20:36.641257" elapsed="0.000167"/>
</kw>
<for flavor="IN">
<iter>
<kw name="Dictionary Should Contain Key" owner="Collections">
<arg>${json_data['results'][0]['login']}</arg>
<arg>${keyTwo}</arg>
<doc>Fails if ``key`` is not found from ``dictionary``.</doc>
<status status="PASS" start="2024-06-13T06:20:36.641958" elapsed="0.000389"/>
</kw>
<kw name="Dictionary Should Contain Key" owner="Collections">
<arg>${json_data['results'][0]['login']}</arg>
<arg>${keyTwo}</arg>
<doc>Fails if ``key`` is not found from ``dictionary``.</doc>
<status status="PASS" start="2024-06-13T06:20:36.642531" elapsed="0.000377"/>
</kw>
<kw name="Log" owner="BuiltIn">
<msg time="2024-06-13T06:20:36.643207" level="INFO">username</msg>
<arg>${keyTwo}</arg>
<doc>Logs the given message with the given level.</doc>
<status status="PASS" start="2024-06-13T06:20:36.643088" elapsed="0.000162"/>
</kw>
<var name="${keyTwo}">username</var>
<status status="PASS" start="2024-06-13T06:20:36.641852" elapsed="0.001624"/>
</iter>
<iter>
<kw name="Dictionary Should Contain Key" owner="Collections">
<arg>${json_data['results'][0]['login']}</arg>
<arg>${keyTwo}</arg>
<doc>Fails if ``key`` is not found from ``dictionary``.</doc>
<status status="PASS" start="2024-06-13T06:20:36.643763" elapsed="0.000384"/>
</kw>
<kw name="Dictionary Should Contain Key" owner="Collections">
<arg>${json_data['results'][0]['login']}</arg>
<arg>${keyTwo}</arg>
<doc>Fails if ``key`` is not found from ``dictionary``.</doc>
<status status="PASS" start="2024-06-13T06:20:36.644334" elapsed="0.000408"/>
</kw>
<kw name="Log" owner="BuiltIn">
<msg time="2024-06-13T06:20:36.645045" level="INFO">password</msg>
<arg>${keyTwo}</arg>
<doc>Logs the given message with the given level.</doc>
<status status="PASS" start="2024-06-13T06:20:36.644927" elapsed="0.000156"/>
</kw>
<var name="${keyTwo}">password</var>
<status status="PASS" start="2024-06-13T06:20:36.643656" elapsed="0.001651"/>
</iter>
<var>${keyTwo}</var>
<value>@{expected_keysTwo}</value>
<status status="PASS" start="2024-06-13T06:20:36.641691" elapsed="0.003739"/>
</for>
<status status="PASS" start="2024-06-13T06:20:36.553502" elapsed="0.092073"/>
</kw>
<doc>Testa a estrutura da resposta da API.</doc>
<tag>testeEstruturaResposta</tag>
<status status="PASS" start="2024-06-13T06:20:36.552986" elapsed="0.092752"/>
</test>
<test id="s1-s1-t4" name="Validar tipos de dados" line="28">
<kw name="Teste de Tipos de Dados" owner="random-user-service">
<kw name="GET On Session" owner="RequestsLibrary">
<msg time="2024-06-13T06:20:36.722761" level="INFO">GET Request : url=https://randomuser.me/api 
 path_url=/api 
 headers={'User-Agent': 'python-requests/2.32.3', 'Accept-Encoding': 'gzip, deflate', 'Accept': '*/*', 'Connection': 'keep-alive'} 
 body=None 
 </msg>
<msg time="2024-06-13T06:20:36.722932" level="INFO">GET Response : url=https://randomuser.me/api 
 status=200, reason=OK 
 headers={'Date': 'Thu, 13 Jun 2024 06:20:36 GMT', 'Content-Type': 'application/json; charset=utf-8', 'Transfer-Encoding': 'chunked', 'Connection': 'keep-alive', 'X-Powered-By': 'Express', 'Access-Control-Allow-Origin': '*', 'Cache-Control': 'no-cache', 'ETag': 'W/"490-n7E9rH7qtGml/evPNRIM5axFnmI"', 'Vary': 'Accept-Encoding', 'Content-Encoding': 'gzip', 'CF-Cache-Status': 'DYNAMIC', 'Report-To': '{"endpoints":[{"url":"https:\\/\\/a.nel.cloudflare.com\\/report\\/v4?s=KQsLh52uW2D3avMQUOQuGg3E21mFKL%2FIfJ%2B4oxrFL4oKXotckolrUrWH%2BP7GHgs6ywQchXWNl0BVMcfDAaBZsaeitFtlbqBeDwHaW56YF1a7yR5wCl3l7rjeTroORmcs"}],"group":"cf-nel","max_age":604800}', 'NEL': '{"success_fraction":0,"report_to":"cf-nel","max_age":604800}', 'Server': 'cloudflare', 'CF-RAY': '892ff9c90c20113c-ORD', 'alt-svc': 'h3=":443"; ma=86400'} 
 body={"results":[{"gender":"female","name":{"title":"Miss","first":"Michelle","last":"Hale"},"location":{"street":{"number":8376,"name":"Green Lane"},"city":"Ardee","state":"Donegal","country":"Ireland","postcode":22183,"coordinates":{"latitude":"2.0192","longitude":"132.3232"},"timezone":{"offset":"+5:00","description":"Ekaterinburg, Islamabad, Karachi, Tashkent"}},"email":"michelle.hale@example.com","login":{"uuid":"b54ad302-2828-407f-bd58-83660f856276","username":"orangelion283","password":"flanker","salt":"GlGbD0nZ","md5":"8f5aac1c5f26841d547a5989931a90f0","sha1":"3d843773caf27c76874579050df906a2568d36bf","sha256":"b7f80491a4d244457a6f47e320bc94c4e68b7c2e96439f65e28a4db639b17aae"},"dob":{"date":"1967-07-03T11:13:53.286Z","age":56},"registered":{"date":"2010-04-19T17:17:12.427Z","age":14},"phone":"071-534-1444","cell":"081-433-4568","id":{"name":"PPS","value":"6179994T"},"picture":{"large":"https://randomuser.me/api/portraits/women/2.jpg","medium":"https://randomuser.me/api/portraits/med/women/2.jpg","thumbnail":"https://randomuser.me/api/portraits/thumb/women/2.jpg"},"nat":"IE"}],"info":{"seed":"79d2b5d81cc22edb","results":1,"page":1,"version":"1.4"}} 
 </msg>
<msg time="2024-06-13T06:20:36.723070" level="INFO">/opt/hostedtoolcache/Python/3.12.3/x64/lib/python3.12/site-packages/urllib3/connectionpool.py:1103: InsecureRequestWarning: Unverified HTTPS request is being made to host 'randomuser.me'. Adding certificate verification is strongly advised. See: https://urllib3.readthedocs.io/en/latest/advanced-usage.html#tls-warnings
  warnings.warn(</msg>
<msg time="2024-06-13T06:20:36.723252" level="INFO">${response} = &lt;Response [200]&gt;</msg>
<var>${response}</var>
<arg>consultarAPI</arg>
<arg>/api</arg>
<doc>Sends a GET request on a previously created HTTP Session.</doc>
<status status="PASS" start="2024-06-13T06:20:36.648354" elapsed="0.074948"/>
</kw>
<kw name="Set Variable" owner="BuiltIn">
<msg time="2024-06-13T06:20:36.724461" level="INFO">${json_data} = {'results': [{'gender': 'female', 'name': {'title': 'Miss', 'first': 'Michelle', 'last': 'Hale'}, 'location': {'street': {'number': 8376, 'name': 'Green Lane'}, 'city': 'Ardee', 'state': 'Donegal', 'c...</msg>
<var>${json_data}</var>
<arg>${response.json()}</arg>
<doc>Returns the given values which can then be assigned to a variables.</doc>
<status status="PASS" start="2024-06-13T06:20:36.723908" elapsed="0.000590"/>
</kw>
<kw name="Log" owner="BuiltIn">
<msg time="2024-06-13T06:20:36.725118" level="INFO">{'results': [{'gender': 'female', 'name': {'title': 'Miss', 'first': 'Michelle', 'last': 'Hale'}, 'location': {'street': {'number': 8376, 'name': 'Green Lane'}, 'city': 'Ardee', 'state': 'Donegal', 'country': 'Ireland', 'postcode': 22183, 'coordinates': {'latitude': '2.0192', 'longitude': '132.3232'}, 'timezone': {'offset': '+5:00', 'description': 'Ekaterinburg, Islamabad, Karachi, Tashkent'}}, 'email': 'michelle.hale@example.com', 'login': {'uuid': 'b54ad302-2828-407f-bd58-83660f856276', 'username': 'orangelion283', 'password': 'flanker', 'salt': 'GlGbD0nZ', 'md5': '8f5aac1c5f26841d547a5989931a90f0', 'sha1': '3d843773caf27c76874579050df906a2568d36bf', 'sha256': 'b7f80491a4d244457a6f47e320bc94c4e68b7c2e96439f65e28a4db639b17aae'}, 'dob': {'date': '1967-07-03T11:13:53.286Z', 'age': 56}, 'registered': {'date': '2010-04-19T17:17:12.427Z', 'age': 14}, 'phone': '071-534-1444', 'cell': '081-433-4568', 'id': {'name': 'PPS', 'value': '6179994T'}, 'picture': {'large': 'https://randomuser.me/api/portraits/women/2.jpg', 'medium': 'https://randomuser.me/api/portraits/med/women/2.jpg', 'thumbnail': 'https://randomuser.me/api/portraits/thumb/women/2.jpg'}, 'nat': 'IE'}], 'info': {'seed': '79d2b5d81cc22edb', 'results': 1, 'page': 1, 'version': '1.4'}}</msg>
<arg>${json_data}</arg>
<doc>Logs the given message with the given level.</doc>
<status status="PASS" start="2024-06-13T06:20:36.724933" elapsed="0.000237"/>
</kw>
<kw name="Should Be String" owner="String">
<arg>${json_data['results'][0]['gender']}</arg>
<doc>Fails if the given ``item`` is not a string.</doc>
<status status="PASS" start="2024-06-13T06:20:36.725507" elapsed="0.000403"/>
</kw>
<kw name="Should Match Regexp" owner="BuiltIn">
<arg>${json_data['results'][0]['email']}</arg>
<arg>^[a-zA-Z0-9._%+-]+@[a-zA-Z0-9.-]+\.[a-zA-Z]{2,}$</arg>
<doc>Fails if ``string`` does not match ``pattern`` as a regular expression.</doc>
<status status="PASS" start="2024-06-13T06:20:36.726113" elapsed="0.000548"/>
</kw>
<kw name="Should Match Regexp" owner="BuiltIn">
<arg>${json_data['results'][0]['dob']['date']}</arg>
<arg>\\d{4}-\\d{2}-\\d{2}T\\d{2}:\\d{2}:\\d{2}\\.\\d{3}Z</arg>
<doc>Fails if ``string`` does not match ``pattern`` as a regular expression.</doc>
<status status="PASS" start="2024-06-13T06:20:36.726912" elapsed="0.000504"/>
</kw>
<kw name="Should Match Regexp" owner="BuiltIn">
<arg>${json_data['results'][0]['registered']['date']}</arg>
<arg>\\d{4}-\\d{2}-\\d{2}T\\d{2}:\\d{2}:\\d{2}\\.\\d{3}Z</arg>
<doc>Fails if ``string`` does not match ``pattern`` as a regular expression.</doc>
<status status="PASS" start="2024-06-13T06:20:36.727615" elapsed="0.000377"/>
</kw>
<kw name="Should Match Regexp" owner="BuiltIn">
<arg>${json_data['results'][0]['picture']['large']}</arg>
<arg>^https?://.*\.(?:png|jpe?g|gif|bmp)$</arg>
<doc>Fails if ``string`` does not match ``pattern`` as a regular expression.</doc>
<status status="PASS" start="2024-06-13T06:20:36.728181" elapsed="0.000506"/>
</kw>
<kw name="Should Match Regexp" owner="BuiltIn">
<arg>${json_data['results'][0]['picture']['medium']}</arg>
<arg>^https?://.*\.(?:png|jpe?g|gif|bmp)$</arg>
<doc>Fails if ``string`` does not match ``pattern`` as a regular expression.</doc>
<status status="PASS" start="2024-06-13T06:20:36.728884" elapsed="0.000359"/>
</kw>
<kw name="Should Match Regexp" owner="BuiltIn">
<arg>${json_data['results'][0]['picture']['thumbnail']}</arg>
<arg>^https?://.*\.(?:png|jpe?g|gif|bmp)$</arg>
<doc>Fails if ``string`` does not match ``pattern`` as a regular expression.</doc>
<status status="PASS" start="2024-06-13T06:20:36.729433" elapsed="0.000344"/>
</kw>
<kw name="Log" owner="BuiltIn">
<msg time="2024-06-13T06:20:36.730290" level="INFO">{'large': 'https://randomuser.me/api/portraits/women/2.jpg', 'medium': 'https://randomuser.me/api/portraits/med/women/2.jpg', 'thumbnail': 'https://randomuser.me/api/portraits/thumb/women/2.jpg'}</msg>
<arg>${json_data['results'][0]['picture']}</arg>
<doc>Logs the given message with the given level.</doc>
<status status="PASS" start="2024-06-13T06:20:36.729960" elapsed="0.000373"/>
</kw>
<status status="PASS" start="2024-06-13T06:20:36.648117" elapsed="0.082493"/>
</kw>
<kw name="Teste de Tipos de Dados - Postcode" owner="random-user-service">
<kw name="GET On Session" owner="RequestsLibrary">
<msg time="2024-06-13T06:20:36.844505" level="INFO">GET Request : url=https://randomuser.me/api 
 path_url=/api 
 headers={'User-Agent': 'python-requests/2.32.3', 'Accept-Encoding': 'gzip, deflate', 'Accept': '*/*', 'Connection': 'keep-alive'} 
 body=None 
 </msg>
<msg time="2024-06-13T06:20:36.844609" level="INFO">GET Response : url=https://randomuser.me/api 
 status=200, reason=OK 
 headers={'Date': 'Thu, 13 Jun 2024 06:20:36 GMT', 'Content-Type': 'application/json; charset=utf-8', 'Transfer-Encoding': 'chunked', 'Connection': 'keep-alive', 'X-Powered-By': 'Express', 'Access-Control-Allow-Origin': '*', 'Cache-Control': 'no-cache', 'ETag': 'W/"47d-cRuNgvXyy84eV+mCtA2pXe3gwew"', 'Vary': 'Accept-Encoding', 'Content-Encoding': 'gzip', 'CF-Cache-Status': 'DYNAMIC', 'Report-To': '{"endpoints":[{"url":"https:\\/\\/a.nel.cloudflare.com\\/report\\/v4?s=ByfhvEsMJxvsRpOsY4HpFp8aZ27B%2FkFDloLePoo6UHhXqtu4eFa4peixxTfX4JVvCnM9d5cblGzD0l4f0KYla7zgIYbT5jT9CCpOhiwvmdG4D0Y8bok7EkwD%2FjWsVahz"}],"group":"cf-nel","max_age":604800}', 'NEL': '{"success_fraction":0,"report_to":"cf-nel","max_age":604800}', 'Server': 'cloudflare', 'CF-RAY': '892ff9c99c98113c-ORD', 'alt-svc': 'h3=":443"; ma=86400'} 
 body={"results":[{"gender":"female","name":{"title":"Ms","first":"Mónica","last":"Sanz"},"location":{"street":{"number":8639,"name":"Calle de La Democracia"},"city":"Elche","state":"Aragón","country":"Spain","postcode":20830,"coordinates":{"latitude":"-32.4510","longitude":"19.8399"},"timezone":{"offset":"+9:30","description":"Adelaide, Darwin"}},"email":"monica.sanz@example.com","login":{"uuid":"aeced841-1277-4114-80a6-2b295dc4a290","username":"happycat744","password":"patricia","salt":"iBEfgrFc","md5":"2f47021e7f2c58fd473e939ea939c2b2","sha1":"d6e625c5cf525f3c7b09a08f1735af59083fd26b","sha256":"7d76358f13fe923057eee780695d094dbd28c1c2b2b84e886b413f5a3d3e03ae"},"dob":{"date":"1954-11-14T02:25:48.457Z","age":69},"registered":{"date":"2014-06-18T05:05:35.280Z","age":9},"phone":"987-261-605","cell":"660-578-724","id":{"name":"DNI","value":"35046274-O"},"picture":{"large":"https://randomuser.me/api/portraits/women/32.jpg","medium":"https://randomuser.me/api/portraits/med/women/32.jpg","thumbnail":"https://randomuser.me/api/portraits/thumb/women/32.jpg"},"nat":"ES"}],"info":{"seed":"eb84bebc0bc29071","results":1,"page":1,"version":"1.4"}} 
 </msg>
<msg time="2024-06-13T06:20:36.844728" level="INFO">/opt/hostedtoolcache/Python/3.12.3/x64/lib/python3.12/site-packages/urllib3/connectionpool.py:1103: InsecureRequestWarning: Unverified HTTPS request is being made to host 'randomuser.me'. Adding certificate verification is strongly advised. See: https://urllib3.readthedocs.io/en/latest/advanced-usage.html#tls-warnings
  warnings.warn(</msg>
<msg time="2024-06-13T06:20:36.844866" level="INFO">${response} = &lt;Response [200]&gt;</msg>
<var>${response}</var>
<arg>consultarAPI</arg>
<arg>/api</arg>
<doc>Sends a GET request on a previously created HTTP Session.</doc>
<status status="PASS" start="2024-06-13T06:20:36.731078" elapsed="0.113831"/>
</kw>
<kw name="Set Variable" owner="BuiltIn">
<msg time="2024-06-13T06:20:36.846140" level="INFO">${json_data} = {'results': [{'gender': 'female', 'name': {'title': 'Ms', 'first': 'Mónica', 'last': 'Sanz'}, 'location': {'street': {'number': 8639, 'name': 'Calle de La Democracia'}, 'city': 'Elche', 'state': 'Arag...</msg>
<var>${json_data}</var>
<arg>${response.json()}</arg>
<doc>Returns the given values which can then be assigned to a variables.</doc>
<status status="PASS" start="2024-06-13T06:20:36.845554" elapsed="0.000617"/>
</kw>
<kw name="Log" owner="BuiltIn">
<msg time="2024-06-13T06:20:36.846721" level="INFO">{'results': [{'gender': 'female', 'name': {'title': 'Ms', 'first': 'Mónica', 'last': 'Sanz'}, 'location': {'street': {'number': 8639, 'name': 'Calle de La Democracia'}, 'city': 'Elche', 'state': 'Aragón', 'country': 'Spain', 'postcode': 20830, 'coordinates': {'latitude': '-32.4510', 'longitude': '19.8399'}, 'timezone': {'offset': '+9:30', 'description': 'Adelaide, Darwin'}}, 'email': 'monica.sanz@example.com', 'login': {'uuid': 'aeced841-1277-4114-80a6-2b295dc4a290', 'username': 'happycat744', 'password': 'patricia', 'salt': 'iBEfgrFc', 'md5': '2f47021e7f2c58fd473e939ea939c2b2', 'sha1': 'd6e625c5cf525f3c7b09a08f1735af59083fd26b', 'sha256': '7d76358f13fe923057eee780695d094dbd28c1c2b2b84e886b413f5a3d3e03ae'}, 'dob': {'date': '1954-11-14T02:25:48.457Z', 'age': 69}, 'registered': {'date': '2014-06-18T05:05:35.280Z', 'age': 9}, 'phone': '987-261-605', 'cell': '660-578-724', 'id': {'name': 'DNI', 'value': '35046274-O'}, 'picture': {'large': 'https://randomuser.me/api/portraits/women/32.jpg', 'medium': 'https://randomuser.me/api/portraits/med/women/32.jpg', 'thumbnail': 'https://randomuser.me/api/portraits/thumb/women/32.jpg'}, 'nat': 'ES'}], 'info': {'seed': 'eb84bebc0bc29071', 'results': 1, 'page': 1, 'version': '1.4'}}</msg>
<arg>${json_data}</arg>
<doc>Logs the given message with the given level.</doc>
<status status="PASS" start="2024-06-13T06:20:36.846547" elapsed="0.000225"/>
</kw>
<kw name="Should Be Equal As Numbers" owner="BuiltIn">
<arg>${json_data['results'][0]['location']['postcode']}</arg>
<arg>${json_data['results'][0]['location']['postcode']}</arg>
<doc>Fails if objects are unequal after converting them to real numbers.</doc>
<status status="PASS" start="2024-06-13T06:20:36.847097" elapsed="0.000641"/>
</kw>
<kw name="Log" owner="BuiltIn">
<msg time="2024-06-13T06:20:36.848287" level="INFO">20830</msg>
<arg>${json_data['results'][0]['location']['postcode']}</arg>
<doc>Logs the given message with the given level.</doc>
<status status="PASS" start="2024-06-13T06:20:36.847944" elapsed="0.000384"/>
</kw>
<status status="PASS" start="2024-06-13T06:20:36.730844" elapsed="0.117783"/>
</kw>
<doc>Testa se os tipos de dados na resposta da API estão corretos.</doc>
<tag>testeTiposDados</tag>
<status status="PASS" start="2024-06-13T06:20:36.647508" elapsed="0.201344"/>
</test>
<test id="s1-s1-t5" name="Validar conteudo" line="35">
<kw name="Teste de Tipos de Conteudo" owner="random-user-service">
<kw name="GET On Session" owner="RequestsLibrary">
<msg time="2024-06-13T06:20:36.964181" level="INFO">GET Request : url=https://randomuser.me/api 
 path_url=/api 
 headers={'User-Agent': 'python-requests/2.32.3', 'Accept-Encoding': 'gzip, deflate', 'Accept': '*/*', 'Connection': 'keep-alive'} 
 body=None 
 </msg>
<msg time="2024-06-13T06:20:36.964283" level="INFO">GET Response : url=https://randomuser.me/api 
 status=200, reason=OK 
 headers={'Date': 'Thu, 13 Jun 2024 06:20:36 GMT', 'Content-Type': 'application/json; charset=utf-8', 'Transfer-Encoding': 'chunked', 'Connection': 'keep-alive', 'X-Powered-By': 'Express', 'Access-Control-Allow-Origin': '*', 'Cache-Control': 'no-cache', 'ETag': 'W/"498-e/BFaKE6Vzu2+zOE8987rZGTNg0"', 'Vary': 'Accept-Encoding', 'Content-Encoding': 'gzip', 'CF-Cache-Status': 'DYNAMIC', 'Report-To': '{"endpoints":[{"url":"https:\\/\\/a.nel.cloudflare.com\\/report\\/v4?s=tf1rbRinTXCAsKtDoKIzYkk6kMP12cMxPMr3uUnNuA7xcVg2G2vXbseqAEBnM3vCFzv%2FZXQ%2Bf31xGD5fuWCPZsrzcQbUH18qwT4CPQG%2FYgFVBRrw%2B6ifCKRlYV5d7T%2B6"}],"group":"cf-nel","max_age":604800}', 'NEL': '{"success_fraction":0,"report_to":"cf-nel","max_age":604800}', 'Server': 'cloudflare', 'CF-RAY': '892ff9ca5d4d113c-ORD', 'alt-svc': 'h3=":443"; ma=86400'} 
 body={"results":[{"gender":"female","name":{"title":"Miss","first":"Victoria","last":"Jensen"},"location":{"street":{"number":6312,"name":"Tingstedet"},"city":"Billum","state":"Nordjylland","country":"Denmark","postcode":86957,"coordinates":{"latitude":"-40.4566","longitude":"96.5834"},"timezone":{"offset":"-4:00","description":"Atlantic Time (Canada), Caracas, La Paz"}},"email":"victoria.jensen@example.com","login":{"uuid":"f344ad29-d9d7-4078-9879-ccc1fbe2961d","username":"orangerabbit813","password":"homepage","salt":"LYCaCI1H","md5":"8f3cfe9121d1547933203ad62f0cc1e2","sha1":"8f0703ce2b107bcda298f14e5ecefa9667bb8427","sha256":"4f69d14bec743dbdd21231a898cd1b62aae2d4bc1ba528da5d5f2d0808f980b4"},"dob":{"date":"1989-09-24T03:43:45.616Z","age":34},"registered":{"date":"2003-08-04T03:34:05.414Z","age":20},"phone":"78154080","cell":"31719296","id":{"name":"CPR","value":"230989-0708"},"picture":{"large":"https://randomuser.me/api/portraits/women/93.jpg","medium":"https://randomuser.me/api/portraits/med/women/93.jpg","thumbnail":"https://randomuser.me/api/portraits/thumb/women/93.jpg"},"nat":"DK"}],"info":{"seed":"8832815af7c00384","results":1,"page":1,"version":"1.4"}} 
 </msg>
<msg time="2024-06-13T06:20:36.964370" level="INFO">/opt/hostedtoolcache/Python/3.12.3/x64/lib/python3.12/site-packages/urllib3/connectionpool.py:1103: InsecureRequestWarning: Unverified HTTPS request is being made to host 'randomuser.me'. Adding certificate verification is strongly advised. See: https://urllib3.readthedocs.io/en/latest/advanced-usage.html#tls-warnings
  warnings.warn(</msg>
<msg time="2024-06-13T06:20:36.964494" level="INFO">${response} = &lt;Response [200]&gt;</msg>
<var>${response}</var>
<arg>consultarAPI</arg>
<arg>/api</arg>
<doc>Sends a GET request on a previously created HTTP Session.</doc>
<status status="PASS" start="2024-06-13T06:20:36.851641" elapsed="0.112893"/>
</kw>
<kw name="Set Variable" owner="BuiltIn">
<msg time="2024-06-13T06:20:36.965779" level="INFO">${json_data} = {'results': [{'gender': 'female', 'name': {'title': 'Miss', 'first': 'Victoria', 'last': 'Jensen'}, 'location': {'street': {'number': 6312, 'name': 'Tingstedet'}, 'city': 'Billum', 'state': 'Nordjylla...</msg>
<var>${json_data}</var>
<arg>${response.json()}</arg>
<doc>Returns the given values which can then be assigned to a variables.</doc>
<status status="PASS" start="2024-06-13T06:20:36.965210" elapsed="0.000598"/>
</kw>
<kw name="Set Variable" owner="BuiltIn">
<msg time="2024-06-13T06:20:36.966495" level="INFO">${name_title} = Miss</msg>
<var>${name_title}</var>
<arg>${json_data["results"][0]["name"]["title"]}</arg>
<doc>Returns the given values which can then be assigned to a variables.</doc>
<status status="PASS" start="2024-06-13T06:20:36.966112" elapsed="0.000408"/>
</kw>
<kw name="Create List" owner="BuiltIn">
<msg time="2024-06-13T06:20:36.966957" level="INFO">${allowed_titles} = ['Mr', 'Ms', 'Miss', 'Mrs', 'Madame', 'Monsieur']</msg>
<var>${allowed_titles}</var>
<arg>Mr</arg>
<arg>Ms</arg>
<arg>Miss</arg>
<arg>Mrs</arg>
<arg>Madame</arg>
<arg>Monsieur</arg>
<doc>Returns a list containing given items.</doc>
<status status="PASS" start="2024-06-13T06:20:36.966811" elapsed="0.000171"/>
</kw>
<kw name="List Should Contain Value" owner="Collections">
<arg>${allowed_titles}</arg>
<arg>${name_title}</arg>
<doc>Fails if the ``value`` is not found from ``list``.</doc>
<status status="PASS" start="2024-06-13T06:20:36.967281" elapsed="0.000184"/>
</kw>
<kw name="Set Variable" owner="BuiltIn">
<msg time="2024-06-13T06:20:36.967994" level="INFO">${name_country} = DK</msg>
<var>${name_country}</var>
<arg>${json_data["results"][0]["nat"]}</arg>
<doc>Returns the given values which can then be assigned to a variables.</doc>
<status status="PASS" start="2024-06-13T06:20:36.967640" elapsed="0.000380"/>
</kw>
<kw name="Create List" owner="BuiltIn">
<msg time="2024-06-13T06:20:36.968946" level="INFO">${list_country} = ['AD', 'AE', 'AF', 'AG', 'AI', 'AL', 'AM', 'AO', 'AQ', 'AR', 'AS', 'AT', 'AU', 'AW', 'AX', 'AZ', 'BA', 'BB', 'BD', 'BE', 'BF', 'BG', 'BH', 'BI', 'BJ', 'BL', 'BM', 'BN', 'BO', 'BQ', 'BR', 'BS', 'BT', '...</msg>
<var>${list_country}</var>
<arg>AD</arg>
<arg>AE</arg>
<arg>AF</arg>
<arg>AG</arg>
<arg>AI</arg>
<arg>AL</arg>
<arg>AM</arg>
<arg>AO</arg>
<arg>AQ</arg>
<arg>AR</arg>
<arg>AS</arg>
<arg>AT</arg>
<arg>AU</arg>
<arg>AW</arg>
<arg>AX</arg>
<arg>AZ</arg>
<arg>BA</arg>
<arg>BB</arg>
<arg>BD</arg>
<arg>BE</arg>
<arg>BF</arg>
<arg>BG</arg>
<arg>BH</arg>
<arg>BI</arg>
<arg>BJ</arg>
<arg>BL</arg>
<arg>BM</arg>
<arg>BN</arg>
<arg>BO</arg>
<arg>BQ</arg>
<arg>BR</arg>
<arg>BS</arg>
<arg>BT</arg>
<arg>BV</arg>
<arg>BW</arg>
<arg>BY</arg>
<arg>BZ</arg>
<arg>CA</arg>
<arg>CC</arg>
<arg>CD</arg>
<arg>CF</arg>
<arg>CG</arg>
<arg>CH</arg>
<arg>CI</arg>
<arg>CK</arg>
<arg>CL</arg>
<arg>CM</arg>
<arg>CN</arg>
<arg>CO</arg>
<arg>CR</arg>
<arg>CU</arg>
<arg>CV</arg>
<arg>CW</arg>
<arg>CX</arg>
<arg>CY</arg>
<arg>CZ</arg>
<arg>DE</arg>
<arg>DJ</arg>
<arg>DK</arg>
<arg>DM</arg>
<arg>DO</arg>
<arg>DZ</arg>
<arg>EC</arg>
<arg>EE</arg>
<arg>EG</arg>
<arg>EH</arg>
<arg>ER</arg>
<arg>ES</arg>
<arg>ET</arg>
<arg>FI</arg>
<arg>FJ</arg>
<arg>FK</arg>
<arg>FM</arg>
<arg>FO</arg>
<arg>FR</arg>
<arg>GA</arg>
<arg>GB</arg>
<arg>GD</arg>
<arg>GE</arg>
<arg>GF</arg>
<arg>GG</arg>
<arg>GH</arg>
<arg>GI</arg>
<arg>GL</arg>
<arg>GM</arg>
<arg>GN</arg>
<arg>GP</arg>
<arg>GQ</arg>
<arg>GR</arg>
<arg>GS</arg>
<arg>GT</arg>
<arg>GU</arg>
<arg>GW</arg>
<arg>GY</arg>
<arg>HK</arg>
<arg>HM</arg>
<arg>HN</arg>
<arg>HR</arg>
<arg>HT</arg>
<arg>HU</arg>
<arg>ID</arg>
<arg>IE</arg>
<arg>IL</arg>
<arg>IM</arg>
<arg>IN</arg>
<arg>IO</arg>
<arg>IQ</arg>
<arg>IR</arg>
<arg>IS</arg>
<arg>IT</arg>
<arg>JE</arg>
<arg>JM</arg>
<arg>JO</arg>
<arg>JP</arg>
<arg>KE</arg>
<arg>KG</arg>
<arg>KH</arg>
<arg>KI</arg>
<arg>KM</arg>
<arg>KN</arg>
<arg>KP</arg>
<arg>KR</arg>
<arg>KW</arg>
<arg>KY</arg>
<arg>KZ</arg>
<arg>LA</arg>
<arg>LB</arg>
<arg>LC</arg>
<arg>LI</arg>
<arg>LK</arg>
<arg>LR</arg>
<arg>LS</arg>
<arg>LT</arg>
<arg>LU</arg>
<arg>LV</arg>
<arg>LY</arg>
<arg>MA</arg>
<arg>MC</arg>
<arg>MD</arg>
<arg>ME</arg>
<arg>MF</arg>
<arg>MG</arg>
<arg>MH</arg>
<arg>MK</arg>
<arg>ML</arg>
<arg>MM</arg>
<arg>MN</arg>
<arg>MO</arg>
<arg>MP</arg>
<arg>MQ</arg>
<arg>MR</arg>
<arg>MS</arg>
<arg>MT</arg>
<arg>MU</arg>
<arg>MV</arg>
<arg>MW</arg>
<arg>MX</arg>
<arg>MY</arg>
<arg>MZ</arg>
<arg>NA</arg>
<arg>NC</arg>
<arg>NE</arg>
<arg>NF</arg>
<arg>NG</arg>
<arg>NI</arg>
<arg>NL</arg>
<arg>NO</arg>
<arg>NP</arg>
<arg>NR</arg>
<arg>NU</arg>
<arg>NZ</arg>
<arg>OM</arg>
<arg>PA</arg>
<arg>PE</arg>
<arg>PF</arg>
<arg>PG</arg>
<arg>PH</arg>
<arg>PK</arg>
<arg>PL</arg>
<arg>PM</arg>
<arg>PN</arg>
<arg>PR</arg>
<arg>PS</arg>
<arg>PT</arg>
<arg>PW</arg>
<arg>PY</arg>
<arg>QA</arg>
<arg>RE</arg>
<arg>RO</arg>
<arg>RS</arg>
<arg>RU</arg>
<arg>RW</arg>
<arg>SA</arg>
<arg>SB</arg>
<arg>SC</arg>
<arg>SD</arg>
<arg>SE</arg>
<arg>SG</arg>
<arg>SH</arg>
<arg>SI</arg>
<arg>SJ</arg>
<arg>SK</arg>
<arg>SL</arg>
<arg>SM</arg>
<arg>SN</arg>
<arg>SO</arg>
<arg>SR</arg>
<arg>SS</arg>
<arg>ST</arg>
<arg>SV</arg>
<arg>SX</arg>
<arg>SY</arg>
<arg>SZ</arg>
<arg>TC</arg>
<arg>TD</arg>
<arg>TF</arg>
<arg>TG</arg>
<arg>TH</arg>
<arg>TJ</arg>
<arg>TK</arg>
<arg>TL</arg>
<arg>TM</arg>
<arg>TN</arg>
<arg>TO</arg>
<arg>TR</arg>
<arg>TT</arg>
<arg>TV</arg>
<arg>TW</arg>
<arg>TZ</arg>
<arg>UA</arg>
<arg>UG</arg>
<arg>UM</arg>
<arg>US</arg>
<arg>UY</arg>
<arg>UZ</arg>
<arg>VA</arg>
<arg>VC</arg>
<arg>VE</arg>
<arg>VG</arg>
<arg>VI</arg>
<arg>VN</arg>
<arg>VU</arg>
<arg>WF</arg>
<arg>WS</arg>
<arg>XK</arg>
<arg>YE</arg>
<arg>YT</arg>
<arg>ZA</arg>
<arg>ZM</arg>
<arg>ZW</arg>
<doc>Returns a list containing given items.</doc>
<status status="PASS" start="2024-06-13T06:20:36.968306" elapsed="0.000667"/>
</kw>
<kw name="List Should Contain Value" owner="Collections">
<arg>${list_country}</arg>
<arg>${name_country}</arg>
<doc>Fails if the ``value`` is not found from ``list``.</doc>
<status status="PASS" start="2024-06-13T06:20:36.969768" elapsed="0.000203"/>
</kw>
<kw name="Run Keyword If" owner="BuiltIn">
<kw name="Should Be True" owner="BuiltIn">
<arg>${True}</arg>
<doc>Fails if the given condition is not true.</doc>
<status status="PASS" start="2024-06-13T06:20:36.970910" elapsed="0.000143"/>
</kw>
<arg>${json_data["results"][0]["location"]["coordinates"]["latitude"]} &gt;= -90 and ${json_data["results"][0]["location"]["coordinates"]["latitude"]} &lt;= 90</arg>
<arg>Should Be True</arg>
<arg>${True}</arg>
<doc>Runs the given keyword with the given arguments, if ``condition`` is true.</doc>
<status status="PASS" start="2024-06-13T06:20:36.970173" elapsed="0.001006"/>
</kw>
<kw name="Run Keyword If" owner="BuiltIn">
<kw name="Should Be True" owner="BuiltIn">
<arg>${True}</arg>
<doc>Fails if the given condition is not true.</doc>
<status status="PASS" start="2024-06-13T06:20:36.972045" elapsed="0.000135"/>
</kw>
<arg>${json_data["results"][0]["location"]["coordinates"]["longitude"]} &gt;= -180 and ${json_data["results"][0]["location"]["coordinates"]["longitude"]} &lt;= 180</arg>
<arg>Should Be True</arg>
<arg>${True}</arg>
<doc>Runs the given keyword with the given arguments, if ``condition`` is true.</doc>
<status status="PASS" start="2024-06-13T06:20:36.971371" elapsed="0.000934"/>
</kw>
<status status="PASS" start="2024-06-13T06:20:36.851219" elapsed="0.121221"/>
</kw>
<doc>Testa o conteúdo específico dos campos retornados pela API.</doc>
<tag>testeConteudo</tag>
<status status="PASS" start="2024-06-13T06:20:36.850658" elapsed="0.121938"/>
</test>
<status status="PASS" start="2024-06-13T06:20:36.082096" elapsed="0.892515"/>
</suite>
<status status="PASS" start="2024-06-13T06:20:36.068119" elapsed="0.911630"/>
</suite>
<statistics>
<total>
<stat pass="5" fail="0" skip="0">All Tests</stat>
</total>
<tag>
<stat pass="1" fail="0" skip="0">testeConteudo</stat>
<stat pass="1" fail="0" skip="0">testeEstruturaResposta</stat>
<stat pass="1" fail="0" skip="0">testeRequisicaoBasica</stat>
<stat pass="1" fail="0" skip="0">testeTiposDados</stat>
</tag>
<suite>
<stat pass="5" fail="0" skip="0" id="s1" name="Tests">Tests</stat>
<stat pass="5" fail="0" skip="0" id="s1-s1" name="Random-User-Test">Tests.Random-User-Test</stat>
</suite>
</statistics>
<errors>
</errors>
</robot>
