<?xml version="1.0" encoding="UTF-8"?>
<robot generator="Robot 7.0.1 (Python 3.12.4 on linux)" generated="2024-08-07T14:14:26.926788" rpa="false" schemaversion="5">
<suite id="s1" name="Tests" source="/home/runner/work/ApiRandomUser/ApiRandomUser/RamdonUser/tests">
<suite id="s1-s1" name="Random-User-Test" source="/home/runner/work/ApiRandomUser/ApiRandomUser/RamdonUser/tests/random-user-test.robot">
<test id="s1-s1-t1" name="Conectar" line="13">
<kw name="Conectar API" owner="random-user-service">
<kw name="Create Session" owner="RequestsLibrary">
<msg time="2024-08-07T14:14:27.356961" level="INFO">Creating Session using : alias=consultarAPI, url=https://randomuser.me/, headers={},                     cookies={}, auth=None, timeout=None, proxies=None, verify=False,                     debug=0 </msg>
<arg>consultarAPI</arg>
<arg>${URL}</arg>
<doc>Create Session: create a HTTP session to a server</doc>
<status status="PASS" start="2024-08-07T14:14:27.356749" elapsed="0.000416"/>
</kw>
<status status="PASS" start="2024-08-07T14:14:27.355616" elapsed="0.001972"/>
</kw>
<status status="PASS" start="2024-08-07T14:14:27.354993" elapsed="0.002793"/>
</test>
<test id="s1-s1-t2" name="Validar retorno 200 e JSON Válido" line="16">
<kw name="Teste de Requisicao Basica" owner="random-user-service">
<kw name="GET On Session" owner="RequestsLibrary">
<msg time="2024-08-07T14:14:28.830766" level="INFO">GET Request : url=https://randomuser.me/api 
 path_url=/api 
 headers={'User-Agent': 'python-requests/2.32.3', 'Accept-Encoding': 'gzip, deflate', 'Accept': '*/*', 'Connection': 'keep-alive'} 
 body=None 
 </msg>
<msg time="2024-08-07T14:14:28.830923" level="INFO">GET Response : url=https://randomuser.me/api 
 status=200, reason=OK 
 headers={'Date': 'Wed, 07 Aug 2024 14:14:28 GMT', 'Content-Type': 'application/json; charset=utf-8', 'Transfer-Encoding': 'chunked', 'Connection': 'keep-alive', 'X-Powered-By': 'Express', 'Access-Control-Allow-Origin': '*', 'Cache-Control': 'no-cache', 'ETag': 'W/"47c-a892Hojf9YqrsgniIbib+B1C4NI"', 'Vary': 'Accept-Encoding', 'Content-Encoding': 'gzip', 'CF-Cache-Status': 'DYNAMIC', 'Report-To': '{"endpoints":[{"url":"https:\\/\\/a.nel.cloudflare.com\\/report\\/v4?s=J63FHZ80vGnvGjDeWmmBiQtvqa%2FYUquwceuqfjs585KLehqN61UaRpJItEZz6AjIjXaLvOBiK1%2F3gIN35g7KEowe%2FCSsHTIPXnqlFAqj6zbk1XgnaRhBow0G8yuDhfYN"}],"group":"cf-nel","max_age":604800}', 'NEL': '{"success_fraction":0,"report_to":"cf-nel","max_age":604800}', 'Server': 'cloudflare', 'CF-RAY': '8af7df853c07e247-ORD', 'alt-svc': 'h3=":443"; ma=86400'} 
 body={"results":[{"gender":"male","name":{"title":"Mr","first":"James","last":"Novak"},"location":{"street":{"number":979,"name":"Oak St"},"city":"Odessa","state":"Nova Scotia","country":"Canada","postcode":"W6B 0K6","coordinates":{"latitude":"-66.3367","longitude":"-115.7803"},"timezone":{"offset":"-7:00","description":"Mountain Time (US &amp; Canada)"}},"email":"james.novak@example.com","login":{"uuid":"7b21aa75-7401-46bc-bb7f-a4c4247731ff","username":"heavyzebra667","password":"postman","salt":"CrbezUW7","md5":"16a180c399c3d664869186b3eced2188","sha1":"686036f4e698fe8493108ec0744bbf9d527bc370","sha256":"a5e307618fee509d1b263db1398ffae36d3f88b164e52f497c466e34c98fbe62"},"dob":{"date":"1961-01-31T09:18:17.763Z","age":63},"registered":{"date":"2017-12-24T01:31:18.257Z","age":6},"phone":"D24 L10-9903","cell":"F10 J33-6297","id":{"name":"SIN","value":"856616396"},"picture":{"large":"https://randomuser.me/api/portraits/men/28.jpg","medium":"https://randomuser.me/api/portraits/med/men/28.jpg","thumbnail":"https://randomuser.me/api/portraits/thumb/men/28.jpg"},"nat":"CA"}],"info":{"seed":"2ceffd738357e6c5","results":1,"page":1,"version":"1.4"}} 
 </msg>
<msg time="2024-08-07T14:14:28.831003" level="INFO">/opt/hostedtoolcache/Python/3.12.4/x64/lib/python3.12/site-packages/urllib3/connectionpool.py:1099: InsecureRequestWarning: Unverified HTTPS request is being made to host 'randomuser.me'. Adding certificate verification is strongly advised. See: https://urllib3.readthedocs.io/en/latest/advanced-usage.html#tls-warnings
  warnings.warn(</msg>
<msg time="2024-08-07T14:14:28.831140" level="INFO">${response} = &lt;Response [200]&gt;</msg>
<var>${response}</var>
<arg>consultarAPI</arg>
<arg>/api</arg>
<doc>Sends a GET request on a previously created HTTP Session.</doc>
<status status="PASS" start="2024-08-07T14:14:27.360428" elapsed="1.470739"/>
</kw>
<kw name="Should Be Equal As Numbers" owner="BuiltIn">
<msg time="2024-08-07T14:14:28.832180" level="INFO">Argument types are:
&lt;class 'int'&gt;
&lt;class 'str'&gt;</msg>
<arg>${response.status_code}</arg>
<arg>200</arg>
<doc>Fails if objects are unequal after converting them to real numbers.</doc>
<status status="PASS" start="2024-08-07T14:14:28.831719" elapsed="0.000525"/>
</kw>
<kw name="Log" owner="BuiltIn">
<msg time="2024-08-07T14:14:28.832893" level="INFO">200</msg>
<arg>${response.status_code}</arg>
<doc>Logs the given message with the given level.</doc>
<status status="PASS" start="2024-08-07T14:14:28.832554" elapsed="0.000380"/>
</kw>
<kw name="Set Variable" owner="BuiltIn">
<msg time="2024-08-07T14:14:28.833729" level="INFO">${json_data} = {'results': [{'gender': 'male', 'name': {'title': 'Mr', 'first': 'James', 'last': 'Novak'}, 'location': {'street': {'number': 979, 'name': 'Oak St'}, 'city': 'Odessa', 'state': 'Nova Scotia', 'country...</msg>
<var>${json_data}</var>
<arg>${response.json()}</arg>
<doc>Returns the given values which can then be assigned to a variables.</doc>
<status status="PASS" start="2024-08-07T14:14:28.833236" elapsed="0.000523"/>
</kw>
<kw name="Dictionary Should Contain Key" owner="Collections">
<arg>${json_data}</arg>
<arg>results</arg>
<doc>Fails if ``key`` is not found from ``dictionary``.</doc>
<status status="PASS" start="2024-08-07T14:14:28.834059" elapsed="0.000323"/>
</kw>
<status status="PASS" start="2024-08-07T14:14:27.360172" elapsed="1.474364"/>
</kw>
<doc>Testa se a API responde corretamente e retorna um objeto JSON válido.</doc>
<tag>testeRequisicaoBasica</tag>
<status status="PASS" start="2024-08-07T14:14:27.359672" elapsed="1.475039"/>
</test>
<test id="s1-s1-t3" name="Validar estrutura de resposta" line="22">
<kw name="Teste de Estrutura de Resposta" owner="random-user-service">
<kw name="GET On Session" owner="RequestsLibrary">
<msg time="2024-08-07T14:14:30.486136" level="INFO">GET Request : url=https://randomuser.me/api 
 path_url=/api 
 headers={'User-Agent': 'python-requests/2.32.3', 'Accept-Encoding': 'gzip, deflate', 'Accept': '*/*', 'Connection': 'keep-alive'} 
 body=None 
 </msg>
<msg time="2024-08-07T14:14:30.486243" level="INFO">GET Response : url=https://randomuser.me/api 
 status=200, reason=OK 
 headers={'Date': 'Wed, 07 Aug 2024 14:14:30 GMT', 'Content-Type': 'application/json; charset=utf-8', 'Transfer-Encoding': 'chunked', 'Connection': 'keep-alive', 'X-Powered-By': 'Express', 'Access-Control-Allow-Origin': '*', 'Cache-Control': 'no-cache', 'ETag': 'W/"48a-HG3+ssTI2hioFpE9CffZlfHVzNY"', 'Vary': 'Accept-Encoding', 'Content-Encoding': 'gzip', 'CF-Cache-Status': 'DYNAMIC', 'Report-To': '{"endpoints":[{"url":"https:\\/\\/a.nel.cloudflare.com\\/report\\/v4?s=L%2B0xRRan47NB8JV5ulPUv7ZGHlLbE%2FKAxHR0C6d6QS48rMTL0pqz3H%2FMNi0vHbTXIRIYJGBtFfbeV6zoooNB%2BRhtZI6CT759V80fXLw4mrkHUMA1xp6qgH82IsuLS2LR"}],"group":"cf-nel","max_age":604800}', 'NEL': '{"success_fraction":0,"report_to":"cf-nel","max_age":604800}', 'Server': 'cloudflare', 'CF-RAY': '8af7df8e4d08e247-ORD', 'alt-svc': 'h3=":443"; ma=86400'} 
 body={"results":[{"gender":"male","name":{"title":"Mr","first":"Miljan","last":"Filipović"},"location":{"street":{"number":8846,"name":"Belog Orla"},"city":"Kikinda","state":"Prizren","country":"Serbia","postcode":29590,"coordinates":{"latitude":"57.7991","longitude":"-177.1788"},"timezone":{"offset":"-3:00","description":"Brazil, Buenos Aires, Georgetown"}},"email":"miljan.filipovic@example.com","login":{"uuid":"725e0493-39e7-4610-a4d5-ccea57dff5cf","username":"ticklishfrog777","password":"cyborg","salt":"mL5DyhaQ","md5":"53ed1d41be8c4dbe67c4532fbf1cdec6","sha1":"00ae6143ff5c8973b369b4d2eb7ba8ac3948c326","sha256":"896e977fdaf86b11233d4794aa15361b4eda3c22bc0ea1533f61a9d84837550f"},"dob":{"date":"1989-11-20T19:12:26.845Z","age":34},"registered":{"date":"2020-08-11T09:46:13.902Z","age":3},"phone":"014-8993-796","cell":"067-2026-495","id":{"name":"SID","value":"772799946"},"picture":{"large":"https://randomuser.me/api/portraits/men/66.jpg","medium":"https://randomuser.me/api/portraits/med/men/66.jpg","thumbnail":"https://randomuser.me/api/portraits/thumb/men/66.jpg"},"nat":"RS"}],"info":{"seed":"ffb9ccc63cc38ac0","results":1,"page":1,"version":"1.4"}} 
 </msg>
<msg time="2024-08-07T14:14:30.486381" level="INFO">/opt/hostedtoolcache/Python/3.12.4/x64/lib/python3.12/site-packages/urllib3/connectionpool.py:1099: InsecureRequestWarning: Unverified HTTPS request is being made to host 'randomuser.me'. Adding certificate verification is strongly advised. See: https://urllib3.readthedocs.io/en/latest/advanced-usage.html#tls-warnings
  warnings.warn(</msg>
<msg time="2024-08-07T14:14:30.486512" level="INFO">${response} = &lt;Response [200]&gt;</msg>
<var>${response}</var>
<arg>consultarAPI</arg>
<arg>/api</arg>
<doc>Sends a GET request on a previously created HTTP Session.</doc>
<status status="PASS" start="2024-08-07T14:14:28.837375" elapsed="1.649165"/>
</kw>
<kw name="Set Variable" owner="BuiltIn">
<msg time="2024-08-07T14:14:30.487621" level="INFO">${json_data} = {'results': [{'gender': 'male', 'name': {'title': 'Mr', 'first': 'Miljan', 'last': 'Filipović'}, 'location': {'street': {'number': 8846, 'name': 'Belog Orla'}, 'city': 'Kikinda', 'state': 'Prizren', '...</msg>
<var>${json_data}</var>
<arg>${response.json()}</arg>
<doc>Returns the given values which can then be assigned to a variables.</doc>
<status status="PASS" start="2024-08-07T14:14:30.487086" elapsed="0.000565"/>
</kw>
<kw name="Log" owner="BuiltIn">
<msg time="2024-08-07T14:14:30.488132" level="INFO">{'results': [{'gender': 'male', 'name': {'title': 'Mr', 'first': 'Miljan', 'last': 'Filipović'}, 'location': {'street': {'number': 8846, 'name': 'Belog Orla'}, 'city': 'Kikinda', 'state': 'Prizren', 'country': 'Serbia', 'postcode': 29590, 'coordinates': {'latitude': '57.7991', 'longitude': '-177.1788'}, 'timezone': {'offset': '-3:00', 'description': 'Brazil, Buenos Aires, Georgetown'}}, 'email': 'miljan.filipovic@example.com', 'login': {'uuid': '725e0493-39e7-4610-a4d5-ccea57dff5cf', 'username': 'ticklishfrog777', 'password': 'cyborg', 'salt': 'mL5DyhaQ', 'md5': '53ed1d41be8c4dbe67c4532fbf1cdec6', 'sha1': '00ae6143ff5c8973b369b4d2eb7ba8ac3948c326', 'sha256': '896e977fdaf86b11233d4794aa15361b4eda3c22bc0ea1533f61a9d84837550f'}, 'dob': {'date': '1989-11-20T19:12:26.845Z', 'age': 34}, 'registered': {'date': '2020-08-11T09:46:13.902Z', 'age': 3}, 'phone': '014-8993-796', 'cell': '067-2026-495', 'id': {'name': 'SID', 'value': '772799946'}, 'picture': {'large': 'https://randomuser.me/api/portraits/men/66.jpg', 'medium': 'https://randomuser.me/api/portraits/med/men/66.jpg', 'thumbnail': 'https://randomuser.me/api/portraits/thumb/men/66.jpg'}, 'nat': 'RS'}], 'info': {'seed': 'ffb9ccc63cc38ac0', 'results': 1, 'page': 1, 'version': '1.4'}}</msg>
<arg>${json_data}</arg>
<doc>Logs the given message with the given level.</doc>
<status status="PASS" start="2024-08-07T14:14:30.487968" elapsed="0.000216"/>
</kw>
<kw name="Dictionary Should Contain Key" owner="Collections">
<arg>${json_data}</arg>
<arg>results</arg>
<doc>Fails if ``key`` is not found from ``dictionary``.</doc>
<status status="PASS" start="2024-08-07T14:14:30.488521" elapsed="0.000162"/>
</kw>
<kw name="Should Not Be Empty" owner="BuiltIn">
<msg time="2024-08-07T14:14:30.488990" level="INFO">Length is 2.</msg>
<arg>${json_data}</arg>
<doc>Verifies that the given item is not empty.</doc>
<status status="PASS" start="2024-08-07T14:14:30.488864" elapsed="0.000163"/>
</kw>
<kw name="Create List" owner="BuiltIn">
<msg time="2024-08-07T14:14:30.489512" level="INFO">${expected_keys} = ['gender', 'name', 'location', 'email', 'login']</msg>
<var>${expected_keys}</var>
<arg>gender</arg>
<arg>name</arg>
<arg>location</arg>
<arg>email</arg>
<arg>login</arg>
<doc>Returns a list containing given items.</doc>
<status status="PASS" start="2024-08-07T14:14:30.489319" elapsed="0.000217"/>
</kw>
<for flavor="IN">
<iter>
<kw name="Dictionary Should Contain Key" owner="Collections">
<arg>${json_data['results'][0]}</arg>
<arg>${key}</arg>
<doc>Fails if ``key`` is not found from ``dictionary``.</doc>
<status status="PASS" start="2024-08-07T14:14:30.490122" elapsed="0.000412"/>
</kw>
<kw name="Log" owner="BuiltIn">
<msg time="2024-08-07T14:14:30.491075" level="INFO">{'gender': 'male', 'name': {'title': 'Mr', 'first': 'Miljan', 'last': 'Filipović'}, 'location': {'street': {'number': 8846, 'name': 'Belog Orla'}, 'city': 'Kikinda', 'state': 'Prizren', 'country': 'Serbia', 'postcode': 29590, 'coordinates': {'latitude': '57.7991', 'longitude': '-177.1788'}, 'timezone': {'offset': '-3:00', 'description': 'Brazil, Buenos Aires, Georgetown'}}, 'email': 'miljan.filipovic@example.com', 'login': {'uuid': '725e0493-39e7-4610-a4d5-ccea57dff5cf', 'username': 'ticklishfrog777', 'password': 'cyborg', 'salt': 'mL5DyhaQ', 'md5': '53ed1d41be8c4dbe67c4532fbf1cdec6', 'sha1': '00ae6143ff5c8973b369b4d2eb7ba8ac3948c326', 'sha256': '896e977fdaf86b11233d4794aa15361b4eda3c22bc0ea1533f61a9d84837550f'}, 'dob': {'date': '1989-11-20T19:12:26.845Z', 'age': 34}, 'registered': {'date': '2020-08-11T09:46:13.902Z', 'age': 3}, 'phone': '014-8993-796', 'cell': '067-2026-495', 'id': {'name': 'SID', 'value': '772799946'}, 'picture': {'large': 'https://randomuser.me/api/portraits/men/66.jpg', 'medium': 'https://randomuser.me/api/portraits/med/men/66.jpg', 'thumbnail': 'https://randomuser.me/api/portraits/thumb/men/66.jpg'}, 'nat': 'RS'}</msg>
<arg>${json_data['results'][0]}</arg>
<doc>Logs the given message with the given level.</doc>
<status status="PASS" start="2024-08-07T14:14:30.490721" elapsed="0.000407"/>
</kw>
<kw name="Log" owner="BuiltIn">
<msg time="2024-08-07T14:14:30.491551" level="INFO">gender</msg>
<arg>${key}</arg>
<doc>Logs the given message with the given level.</doc>
<status status="PASS" start="2024-08-07T14:14:30.491425" elapsed="0.000164"/>
</kw>
<var name="${key}">gender</var>
<status status="PASS" start="2024-08-07T14:14:30.489997" elapsed="0.001807"/>
</iter>
<iter>
<kw name="Dictionary Should Contain Key" owner="Collections">
<arg>${json_data['results'][0]}</arg>
<arg>${key}</arg>
<doc>Fails if ``key`` is not found from ``dictionary``.</doc>
<status status="PASS" start="2024-08-07T14:14:30.492107" elapsed="0.000383"/>
</kw>
<kw name="Log" owner="BuiltIn">
<msg time="2024-08-07T14:14:30.493029" level="INFO">{'gender': 'male', 'name': {'title': 'Mr', 'first': 'Miljan', 'last': 'Filipović'}, 'location': {'street': {'number': 8846, 'name': 'Belog Orla'}, 'city': 'Kikinda', 'state': 'Prizren', 'country': 'Serbia', 'postcode': 29590, 'coordinates': {'latitude': '57.7991', 'longitude': '-177.1788'}, 'timezone': {'offset': '-3:00', 'description': 'Brazil, Buenos Aires, Georgetown'}}, 'email': 'miljan.filipovic@example.com', 'login': {'uuid': '725e0493-39e7-4610-a4d5-ccea57dff5cf', 'username': 'ticklishfrog777', 'password': 'cyborg', 'salt': 'mL5DyhaQ', 'md5': '53ed1d41be8c4dbe67c4532fbf1cdec6', 'sha1': '00ae6143ff5c8973b369b4d2eb7ba8ac3948c326', 'sha256': '896e977fdaf86b11233d4794aa15361b4eda3c22bc0ea1533f61a9d84837550f'}, 'dob': {'date': '1989-11-20T19:12:26.845Z', 'age': 34}, 'registered': {'date': '2020-08-11T09:46:13.902Z', 'age': 3}, 'phone': '014-8993-796', 'cell': '067-2026-495', 'id': {'name': 'SID', 'value': '772799946'}, 'picture': {'large': 'https://randomuser.me/api/portraits/men/66.jpg', 'medium': 'https://randomuser.me/api/portraits/med/men/66.jpg', 'thumbnail': 'https://randomuser.me/api/portraits/thumb/men/66.jpg'}, 'nat': 'RS'}</msg>
<arg>${json_data['results'][0]}</arg>
<doc>Logs the given message with the given level.</doc>
<status status="PASS" start="2024-08-07T14:14:30.492673" elapsed="0.000444"/>
</kw>
<kw name="Log" owner="BuiltIn">
<msg time="2024-08-07T14:14:30.493575" level="INFO">name</msg>
<arg>${key}</arg>
<doc>Logs the given message with the given level.</doc>
<status status="PASS" start="2024-08-07T14:14:30.493445" elapsed="0.000167"/>
</kw>
<var name="${key}">name</var>
<status status="PASS" start="2024-08-07T14:14:30.491991" elapsed="0.001839"/>
</iter>
<iter>
<kw name="Dictionary Should Contain Key" owner="Collections">
<arg>${json_data['results'][0]}</arg>
<arg>${key}</arg>
<doc>Fails if ``key`` is not found from ``dictionary``.</doc>
<status status="PASS" start="2024-08-07T14:14:30.494116" elapsed="0.000375"/>
</kw>
<kw name="Log" owner="BuiltIn">
<msg time="2024-08-07T14:14:30.495032" level="INFO">{'gender': 'male', 'name': {'title': 'Mr', 'first': 'Miljan', 'last': 'Filipović'}, 'location': {'street': {'number': 8846, 'name': 'Belog Orla'}, 'city': 'Kikinda', 'state': 'Prizren', 'country': 'Serbia', 'postcode': 29590, 'coordinates': {'latitude': '57.7991', 'longitude': '-177.1788'}, 'timezone': {'offset': '-3:00', 'description': 'Brazil, Buenos Aires, Georgetown'}}, 'email': 'miljan.filipovic@example.com', 'login': {'uuid': '725e0493-39e7-4610-a4d5-ccea57dff5cf', 'username': 'ticklishfrog777', 'password': 'cyborg', 'salt': 'mL5DyhaQ', 'md5': '53ed1d41be8c4dbe67c4532fbf1cdec6', 'sha1': '00ae6143ff5c8973b369b4d2eb7ba8ac3948c326', 'sha256': '896e977fdaf86b11233d4794aa15361b4eda3c22bc0ea1533f61a9d84837550f'}, 'dob': {'date': '1989-11-20T19:12:26.845Z', 'age': 34}, 'registered': {'date': '2020-08-11T09:46:13.902Z', 'age': 3}, 'phone': '014-8993-796', 'cell': '067-2026-495', 'id': {'name': 'SID', 'value': '772799946'}, 'picture': {'large': 'https://randomuser.me/api/portraits/men/66.jpg', 'medium': 'https://randomuser.me/api/portraits/med/men/66.jpg', 'thumbnail': 'https://randomuser.me/api/portraits/thumb/men/66.jpg'}, 'nat': 'RS'}</msg>
<arg>${json_data['results'][0]}</arg>
<doc>Logs the given message with the given level.</doc>
<status status="PASS" start="2024-08-07T14:14:30.494669" elapsed="0.000420"/>
</kw>
<kw name="Log" owner="BuiltIn">
<msg time="2024-08-07T14:14:30.495561" level="INFO">location</msg>
<arg>${key}</arg>
<doc>Logs the given message with the given level.</doc>
<status status="PASS" start="2024-08-07T14:14:30.495433" elapsed="0.000165"/>
</kw>
<var name="${key}">location</var>
<status status="PASS" start="2024-08-07T14:14:30.494008" elapsed="0.001804"/>
</iter>
<iter>
<kw name="Dictionary Should Contain Key" owner="Collections">
<arg>${json_data['results'][0]}</arg>
<arg>${key}</arg>
<doc>Fails if ``key`` is not found from ``dictionary``.</doc>
<status status="PASS" start="2024-08-07T14:14:30.496085" elapsed="0.000383"/>
</kw>
<kw name="Log" owner="BuiltIn">
<msg time="2024-08-07T14:14:30.497139" level="INFO">{'gender': 'male', 'name': {'title': 'Mr', 'first': 'Miljan', 'last': 'Filipović'}, 'location': {'street': {'number': 8846, 'name': 'Belog Orla'}, 'city': 'Kikinda', 'state': 'Prizren', 'country': 'Serbia', 'postcode': 29590, 'coordinates': {'latitude': '57.7991', 'longitude': '-177.1788'}, 'timezone': {'offset': '-3:00', 'description': 'Brazil, Buenos Aires, Georgetown'}}, 'email': 'miljan.filipovic@example.com', 'login': {'uuid': '725e0493-39e7-4610-a4d5-ccea57dff5cf', 'username': 'ticklishfrog777', 'password': 'cyborg', 'salt': 'mL5DyhaQ', 'md5': '53ed1d41be8c4dbe67c4532fbf1cdec6', 'sha1': '00ae6143ff5c8973b369b4d2eb7ba8ac3948c326', 'sha256': '896e977fdaf86b11233d4794aa15361b4eda3c22bc0ea1533f61a9d84837550f'}, 'dob': {'date': '1989-11-20T19:12:26.845Z', 'age': 34}, 'registered': {'date': '2020-08-11T09:46:13.902Z', 'age': 3}, 'phone': '014-8993-796', 'cell': '067-2026-495', 'id': {'name': 'SID', 'value': '772799946'}, 'picture': {'large': 'https://randomuser.me/api/portraits/men/66.jpg', 'medium': 'https://randomuser.me/api/portraits/med/men/66.jpg', 'thumbnail': 'https://randomuser.me/api/portraits/thumb/men/66.jpg'}, 'nat': 'RS'}</msg>
<arg>${json_data['results'][0]}</arg>
<doc>Logs the given message with the given level.</doc>
<status status="PASS" start="2024-08-07T14:14:30.496787" elapsed="0.000402"/>
</kw>
<kw name="Log" owner="BuiltIn">
<msg time="2024-08-07T14:14:30.497649" level="INFO">email</msg>
<arg>${key}</arg>
<doc>Logs the given message with the given level.</doc>
<status status="PASS" start="2024-08-07T14:14:30.497510" elapsed="0.000177"/>
</kw>
<var name="${key}">email</var>
<status status="PASS" start="2024-08-07T14:14:30.495981" elapsed="0.001929"/>
</iter>
<iter>
<kw name="Dictionary Should Contain Key" owner="Collections">
<arg>${json_data['results'][0]}</arg>
<arg>${key}</arg>
<doc>Fails if ``key`` is not found from ``dictionary``.</doc>
<status status="PASS" start="2024-08-07T14:14:30.498190" elapsed="0.000370"/>
</kw>
<kw name="Log" owner="BuiltIn">
<msg time="2024-08-07T14:14:30.499079" level="INFO">{'gender': 'male', 'name': {'title': 'Mr', 'first': 'Miljan', 'last': 'Filipović'}, 'location': {'street': {'number': 8846, 'name': 'Belog Orla'}, 'city': 'Kikinda', 'state': 'Prizren', 'country': 'Serbia', 'postcode': 29590, 'coordinates': {'latitude': '57.7991', 'longitude': '-177.1788'}, 'timezone': {'offset': '-3:00', 'description': 'Brazil, Buenos Aires, Georgetown'}}, 'email': 'miljan.filipovic@example.com', 'login': {'uuid': '725e0493-39e7-4610-a4d5-ccea57dff5cf', 'username': 'ticklishfrog777', 'password': 'cyborg', 'salt': 'mL5DyhaQ', 'md5': '53ed1d41be8c4dbe67c4532fbf1cdec6', 'sha1': '00ae6143ff5c8973b369b4d2eb7ba8ac3948c326', 'sha256': '896e977fdaf86b11233d4794aa15361b4eda3c22bc0ea1533f61a9d84837550f'}, 'dob': {'date': '1989-11-20T19:12:26.845Z', 'age': 34}, 'registered': {'date': '2020-08-11T09:46:13.902Z', 'age': 3}, 'phone': '014-8993-796', 'cell': '067-2026-495', 'id': {'name': 'SID', 'value': '772799946'}, 'picture': {'large': 'https://randomuser.me/api/portraits/men/66.jpg', 'medium': 'https://randomuser.me/api/portraits/med/men/66.jpg', 'thumbnail': 'https://randomuser.me/api/portraits/thumb/men/66.jpg'}, 'nat': 'RS'}</msg>
<arg>${json_data['results'][0]}</arg>
<doc>Logs the given message with the given level.</doc>
<status status="PASS" start="2024-08-07T14:14:30.498739" elapsed="0.000390"/>
</kw>
<kw name="Log" owner="BuiltIn">
<msg time="2024-08-07T14:14:30.499547" level="INFO">login</msg>
<arg>${key}</arg>
<doc>Logs the given message with the given level.</doc>
<status status="PASS" start="2024-08-07T14:14:30.499420" elapsed="0.000164"/>
</kw>
<var name="${key}">login</var>
<status status="PASS" start="2024-08-07T14:14:30.498082" elapsed="0.001719"/>
</iter>
<var>${key}</var>
<value>@{expected_keys}</value>
<status status="PASS" start="2024-08-07T14:14:30.489798" elapsed="0.010125"/>
</for>
<kw name="Create List" owner="BuiltIn">
<msg time="2024-08-07T14:14:30.500254" level="INFO">${expected_keysTwo} = ['username', 'password']</msg>
<var>${expected_keysTwo}</var>
<arg>username</arg>
<arg>password</arg>
<doc>Returns a list containing given items.</doc>
<status status="PASS" start="2024-08-07T14:14:30.500117" elapsed="0.000192"/>
</kw>
<for flavor="IN">
<iter>
<kw name="Dictionary Should Contain Key" owner="Collections">
<arg>${json_data['results'][0]['login']}</arg>
<arg>${keyTwo}</arg>
<doc>Fails if ``key`` is not found from ``dictionary``.</doc>
<status status="PASS" start="2024-08-07T14:14:30.500823" elapsed="0.000382"/>
</kw>
<kw name="Dictionary Should Contain Key" owner="Collections">
<arg>${json_data['results'][0]['login']}</arg>
<arg>${keyTwo}</arg>
<doc>Fails if ``key`` is not found from ``dictionary``.</doc>
<status status="PASS" start="2024-08-07T14:14:30.501408" elapsed="0.000386"/>
</kw>
<kw name="Log" owner="BuiltIn">
<msg time="2024-08-07T14:14:30.502096" level="INFO">username</msg>
<arg>${keyTwo}</arg>
<doc>Logs the given message with the given level.</doc>
<status status="PASS" start="2024-08-07T14:14:30.501975" elapsed="0.000158"/>
</kw>
<var name="${keyTwo}">username</var>
<status status="PASS" start="2024-08-07T14:14:30.500714" elapsed="0.001636"/>
</iter>
<iter>
<kw name="Dictionary Should Contain Key" owner="Collections">
<arg>${json_data['results'][0]['login']}</arg>
<arg>${keyTwo}</arg>
<doc>Fails if ``key`` is not found from ``dictionary``.</doc>
<status status="PASS" start="2024-08-07T14:14:30.502626" elapsed="0.000378"/>
</kw>
<kw name="Dictionary Should Contain Key" owner="Collections">
<arg>${json_data['results'][0]['login']}</arg>
<arg>${keyTwo}</arg>
<doc>Fails if ``key`` is not found from ``dictionary``.</doc>
<status status="PASS" start="2024-08-07T14:14:30.503181" elapsed="0.000363"/>
</kw>
<kw name="Log" owner="BuiltIn">
<msg time="2024-08-07T14:14:30.503839" level="INFO">password</msg>
<arg>${keyTwo}</arg>
<doc>Logs the given message with the given level.</doc>
<status status="PASS" start="2024-08-07T14:14:30.503719" elapsed="0.000157"/>
</kw>
<var name="${keyTwo}">password</var>
<status status="PASS" start="2024-08-07T14:14:30.502521" elapsed="0.001571"/>
</iter>
<var>${keyTwo}</var>
<value>@{expected_keysTwo}</value>
<status status="PASS" start="2024-08-07T14:14:30.500559" elapsed="0.003653"/>
</for>
<status status="PASS" start="2024-08-07T14:14:28.837125" elapsed="1.667229"/>
</kw>
<doc>Testa a estrutura da resposta da API.</doc>
<tag>testeEstruturaResposta</tag>
<status status="PASS" start="2024-08-07T14:14:28.836511" elapsed="1.668004"/>
</test>
<test id="s1-s1-t4" name="Validar tipos de dados" line="28">
<kw name="Teste de Tipos de Dados" owner="random-user-service">
<kw name="GET On Session" owner="RequestsLibrary">
<msg time="2024-08-07T14:14:31.452990" level="INFO">GET Request : url=https://randomuser.me/api 
 path_url=/api 
 headers={'User-Agent': 'python-requests/2.32.3', 'Accept-Encoding': 'gzip, deflate', 'Accept': '*/*', 'Connection': 'keep-alive'} 
 body=None 
 </msg>
<msg time="2024-08-07T14:14:31.453088" level="INFO">GET Response : url=https://randomuser.me/api 
 status=200, reason=OK 
 headers={'Date': 'Wed, 07 Aug 2024 14:14:31 GMT', 'Content-Type': 'application/json; charset=utf-8', 'Transfer-Encoding': 'chunked', 'Connection': 'keep-alive', 'X-Powered-By': 'Express', 'Access-Control-Allow-Origin': '*', 'Cache-Control': 'no-cache', 'ETag': 'W/"48f-eImcdEAHPtGpbKAEqNgmU2aKNoo"', 'Vary': 'Accept-Encoding', 'Content-Encoding': 'gzip', 'CF-Cache-Status': 'DYNAMIC', 'Report-To': '{"endpoints":[{"url":"https:\\/\\/a.nel.cloudflare.com\\/report\\/v4?s=h3R8MxwCBHstHdN%2BefrJvRj%2FEYIlwZNHdQWtNTxcmyyVm7umVwSwEBZTRMtvz%2BwIsD%2FC%2FJkZIsqRI%2B3KJyq1u2uXaZamI81%2FkviIJOVOyX8Yfi8d5Apm50EAKwXFq1w0"}],"group":"cf-nel","max_age":604800}', 'NEL': '{"success_fraction":0,"report_to":"cf-nel","max_age":604800}', 'Server': 'cloudflare', 'CF-RAY': '8af7df98b810e247-ORD', 'alt-svc': 'h3=":443"; ma=86400'} 
 body={"results":[{"gender":"male","name":{"title":"Mr","first":"Toledo","last":"Campos"},"location":{"street":{"number":1594,"name":"Avenida D. Pedro Ii"},"city":"Açailândia","state":"Goiás","country":"Brazil","postcode":43941,"coordinates":{"latitude":"-72.9074","longitude":"-81.4626"},"timezone":{"offset":"+7:00","description":"Bangkok, Hanoi, Jakarta"}},"email":"toledo.campos@example.com","login":{"uuid":"e1d20146-384f-427a-9b94-aaa54758bbbe","username":"organicfrog667","password":"qweasd","salt":"pIr9kCOu","md5":"ec3dc60caa80186b31b3cccf04638153","sha1":"731442f9756110ff0a4909e13c826189c97e1944","sha256":"dc663ed22db34c70743678bd520c4537e56fe37e704ac553524fab52f20f6da0"},"dob":{"date":"1983-05-04T20:30:36.437Z","age":41},"registered":{"date":"2015-08-17T05:30:24.075Z","age":8},"phone":"(24) 3576-6888","cell":"(86) 7875-6638","id":{"name":"CPF","value":"054.956.989-97"},"picture":{"large":"https://randomuser.me/api/portraits/men/33.jpg","medium":"https://randomuser.me/api/portraits/med/men/33.jpg","thumbnail":"https://randomuser.me/api/portraits/thumb/men/33.jpg"},"nat":"BR"}],"info":{"seed":"f83f1a16cc7c8030","results":1,"page":1,"version":"1.4"}} 
 </msg>
<msg time="2024-08-07T14:14:31.453159" level="INFO">/opt/hostedtoolcache/Python/3.12.4/x64/lib/python3.12/site-packages/urllib3/connectionpool.py:1099: InsecureRequestWarning: Unverified HTTPS request is being made to host 'randomuser.me'. Adding certificate verification is strongly advised. See: https://urllib3.readthedocs.io/en/latest/advanced-usage.html#tls-warnings
  warnings.warn(</msg>
<msg time="2024-08-07T14:14:31.453277" level="INFO">${response} = &lt;Response [200]&gt;</msg>
<var>${response}</var>
<arg>consultarAPI</arg>
<arg>/api</arg>
<doc>Sends a GET request on a previously created HTTP Session.</doc>
<status status="PASS" start="2024-08-07T14:14:30.507010" elapsed="0.946292"/>
</kw>
<kw name="Set Variable" owner="BuiltIn">
<msg time="2024-08-07T14:14:31.455030" level="INFO">${json_data} = {'results': [{'gender': 'male', 'name': {'title': 'Mr', 'first': 'Toledo', 'last': 'Campos'}, 'location': {'street': {'number': 1594, 'name': 'Avenida D. Pedro Ii'}, 'city': 'Açailândia', 'state': 'Go...</msg>
<var>${json_data}</var>
<arg>${response.json()}</arg>
<doc>Returns the given values which can then be assigned to a variables.</doc>
<status status="PASS" start="2024-08-07T14:14:31.454503" elapsed="0.000557"/>
</kw>
<kw name="Log" owner="BuiltIn">
<msg time="2024-08-07T14:14:31.458835" level="INFO">{'results': [{'gender': 'male', 'name': {'title': 'Mr', 'first': 'Toledo', 'last': 'Campos'}, 'location': {'street': {'number': 1594, 'name': 'Avenida D. Pedro Ii'}, 'city': 'Açailândia', 'state': 'Goiás', 'country': 'Brazil', 'postcode': 43941, 'coordinates': {'latitude': '-72.9074', 'longitude': '-81.4626'}, 'timezone': {'offset': '+7:00', 'description': 'Bangkok, Hanoi, Jakarta'}}, 'email': 'toledo.campos@example.com', 'login': {'uuid': 'e1d20146-384f-427a-9b94-aaa54758bbbe', 'username': 'organicfrog667', 'password': 'qweasd', 'salt': 'pIr9kCOu', 'md5': 'ec3dc60caa80186b31b3cccf04638153', 'sha1': '731442f9756110ff0a4909e13c826189c97e1944', 'sha256': 'dc663ed22db34c70743678bd520c4537e56fe37e704ac553524fab52f20f6da0'}, 'dob': {'date': '1983-05-04T20:30:36.437Z', 'age': 41}, 'registered': {'date': '2015-08-17T05:30:24.075Z', 'age': 8}, 'phone': '(24) 3576-6888', 'cell': '(86) 7875-6638', 'id': {'name': 'CPF', 'value': '054.956.989-97'}, 'picture': {'large': 'https://randomuser.me/api/portraits/men/33.jpg', 'medium': 'https://randomuser.me/api/portraits/med/men/33.jpg', 'thumbnail': 'https://randomuser.me/api/portraits/thumb/men/33.jpg'}, 'nat': 'BR'}], 'info': {'seed': 'f83f1a16cc7c8030', 'results': 1, 'page': 1, 'version': '1.4'}}</msg>
<arg>${json_data}</arg>
<doc>Logs the given message with the given level.</doc>
<status status="PASS" start="2024-08-07T14:14:31.458633" elapsed="0.000254"/>
</kw>
<kw name="Should Be String" owner="String">
<arg>${json_data['results'][0]['gender']}</arg>
<doc>Fails if the given ``item`` is not a string.</doc>
<status status="PASS" start="2024-08-07T14:14:31.459192" elapsed="0.000487"/>
</kw>
<kw name="Should Match Regexp" owner="BuiltIn">
<arg>${json_data['results'][0]['email']}</arg>
<arg>^[a-zA-Z0-9._%+-]+@[a-zA-Z0-9.-]+\.[a-zA-Z]{2,}$</arg>
<doc>Fails if ``string`` does not match ``pattern`` as a regular expression.</doc>
<status status="PASS" start="2024-08-07T14:14:31.459927" elapsed="0.000710"/>
</kw>
<kw name="Should Match Regexp" owner="BuiltIn">
<arg>${json_data['results'][0]['dob']['date']}</arg>
<arg>\\d{4}-\\d{2}-\\d{2}T\\d{2}:\\d{2}:\\d{2}\\.\\d{3}Z</arg>
<doc>Fails if ``string`` does not match ``pattern`` as a regular expression.</doc>
<status status="PASS" start="2024-08-07T14:14:31.460938" elapsed="0.000828"/>
</kw>
<kw name="Should Match Regexp" owner="BuiltIn">
<arg>${json_data['results'][0]['registered']['date']}</arg>
<arg>\\d{4}-\\d{2}-\\d{2}T\\d{2}:\\d{2}:\\d{2}\\.\\d{3}Z</arg>
<doc>Fails if ``string`` does not match ``pattern`` as a regular expression.</doc>
<status status="PASS" start="2024-08-07T14:14:31.462022" elapsed="0.000462"/>
</kw>
<kw name="Should Match Regexp" owner="BuiltIn">
<arg>${json_data['results'][0]['picture']['large']}</arg>
<arg>^https?://.*\.(?:png|jpe?g|gif|bmp)$</arg>
<doc>Fails if ``string`` does not match ``pattern`` as a regular expression.</doc>
<status status="PASS" start="2024-08-07T14:14:31.462731" elapsed="0.000601"/>
</kw>
<kw name="Should Match Regexp" owner="BuiltIn">
<arg>${json_data['results'][0]['picture']['medium']}</arg>
<arg>^https?://.*\.(?:png|jpe?g|gif|bmp)$</arg>
<doc>Fails if ``string`` does not match ``pattern`` as a regular expression.</doc>
<status status="PASS" start="2024-08-07T14:14:31.463565" elapsed="0.000429"/>
</kw>
<kw name="Should Match Regexp" owner="BuiltIn">
<arg>${json_data['results'][0]['picture']['thumbnail']}</arg>
<arg>^https?://.*\.(?:png|jpe?g|gif|bmp)$</arg>
<doc>Fails if ``string`` does not match ``pattern`` as a regular expression.</doc>
<status status="PASS" start="2024-08-07T14:14:31.464179" elapsed="0.000359"/>
</kw>
<kw name="Log" owner="BuiltIn">
<msg time="2024-08-07T14:14:31.465039" level="INFO">{'large': 'https://randomuser.me/api/portraits/men/33.jpg', 'medium': 'https://randomuser.me/api/portraits/med/men/33.jpg', 'thumbnail': 'https://randomuser.me/api/portraits/thumb/men/33.jpg'}</msg>
<arg>${json_data['results'][0]['picture']}</arg>
<doc>Logs the given message with the given level.</doc>
<status status="PASS" start="2024-08-07T14:14:31.464718" elapsed="0.000363"/>
</kw>
<status status="PASS" start="2024-08-07T14:14:30.506780" elapsed="0.958585"/>
</kw>
<kw name="Teste de Tipos de Dados - Postcode" owner="random-user-service">
<kw name="GET On Session" owner="RequestsLibrary">
<msg time="2024-08-07T14:14:32.143463" level="INFO">GET Request : url=https://randomuser.me/api 
 path_url=/api 
 headers={'User-Agent': 'python-requests/2.32.3', 'Accept-Encoding': 'gzip, deflate', 'Accept': '*/*', 'Connection': 'keep-alive'} 
 body=None 
 </msg>
<msg time="2024-08-07T14:14:32.143576" level="INFO">GET Response : url=https://randomuser.me/api 
 status=200, reason=OK 
 headers={'Date': 'Wed, 07 Aug 2024 14:14:32 GMT', 'Content-Type': 'application/json; charset=utf-8', 'Transfer-Encoding': 'chunked', 'Connection': 'keep-alive', 'X-Powered-By': 'Express', 'Access-Control-Allow-Origin': '*', 'Cache-Control': 'no-cache', 'ETag': 'W/"4a8-wohedSvbwNTMSkepjHYolSWbJRg"', 'Vary': 'Accept-Encoding', 'Content-Encoding': 'gzip', 'CF-Cache-Status': 'DYNAMIC', 'Report-To': '{"endpoints":[{"url":"https:\\/\\/a.nel.cloudflare.com\\/report\\/v4?s=Vr8Gq6LftJk9a8%2BaGYDGSx9rHUtL0lvQAMFh4zdViB0ZFvu6AwsGaNs5IvoGYoKKnKvBFezgC35e3HuuIDLnYaCdYxY8IXeCVBRlFNV162Jv4SuCMLfCbdV2%2Fzktz3Vi"}],"group":"cf-nel","max_age":604800}', 'NEL': '{"success_fraction":0,"report_to":"cf-nel","max_age":604800}', 'Server': 'cloudflare', 'CF-RAY': '8af7df9eafc4e247-ORD', 'alt-svc': 'h3=":443"; ma=86400'} 
 body={"results":[{"gender":"female","name":{"title":"Miss","first":"Jeanne","last":"Nguyen"},"location":{"street":{"number":7682,"name":"Rue Barrème"},"city":"Clermont-Ferrand","state":"Lot-et-Garonne","country":"France","postcode":32860,"coordinates":{"latitude":"-20.2114","longitude":"108.7776"},"timezone":{"offset":"-7:00","description":"Mountain Time (US &amp; Canada)"}},"email":"jeanne.nguyen@example.com","login":{"uuid":"7b33c639-4f50-469e-943c-f932560a9f92","username":"silverzebra644","password":"century","salt":"9ubyL6gp","md5":"ba0c767ba1f9eef6a6751790f268233e","sha1":"62b30e1101ef9b41fbae3772c91cf5e4e0168a4b","sha256":"d059b7101111bcff491a01636fe39ee91bdc041324d4912d883b9079c4d53092"},"dob":{"date":"1958-03-02T22:57:38.892Z","age":66},"registered":{"date":"2005-05-04T22:06:05.731Z","age":19},"phone":"02-06-69-51-68","cell":"06-70-73-06-05","id":{"name":"INSEE","value":"2580233268031 59"},"picture":{"large":"https://randomuser.me/api/portraits/women/33.jpg","medium":"https://randomuser.me/api/portraits/med/women/33.jpg","thumbnail":"https://randomuser.me/api/portraits/thumb/women/33.jpg"},"nat":"FR"}],"info":{"seed":"f2ad52ed65618522","results":1,"page":1,"version":"1.4"}} 
 </msg>
<msg time="2024-08-07T14:14:32.143667" level="INFO">/opt/hostedtoolcache/Python/3.12.4/x64/lib/python3.12/site-packages/urllib3/connectionpool.py:1099: InsecureRequestWarning: Unverified HTTPS request is being made to host 'randomuser.me'. Adding certificate verification is strongly advised. See: https://urllib3.readthedocs.io/en/latest/advanced-usage.html#tls-warnings
  warnings.warn(</msg>
<msg time="2024-08-07T14:14:32.143828" level="INFO">${response} = &lt;Response [200]&gt;</msg>
<var>${response}</var>
<arg>consultarAPI</arg>
<arg>/api</arg>
<doc>Sends a GET request on a previously created HTTP Session.</doc>
<status status="PASS" start="2024-08-07T14:14:31.465827" elapsed="0.678056"/>
</kw>
<kw name="Set Variable" owner="BuiltIn">
<msg time="2024-08-07T14:14:32.144950" level="INFO">${json_data} = {'results': [{'gender': 'female', 'name': {'title': 'Miss', 'first': 'Jeanne', 'last': 'Nguyen'}, 'location': {'street': {'number': 7682, 'name': 'Rue Barrème'}, 'city': 'Clermont-Ferrand', 'state': '...</msg>
<var>${json_data}</var>
<arg>${response.json()}</arg>
<doc>Returns the given values which can then be assigned to a variables.</doc>
<status status="PASS" start="2024-08-07T14:14:32.144427" elapsed="0.000552"/>
</kw>
<kw name="Log" owner="BuiltIn">
<msg time="2024-08-07T14:14:32.145517" level="INFO">{'results': [{'gender': 'female', 'name': {'title': 'Miss', 'first': 'Jeanne', 'last': 'Nguyen'}, 'location': {'street': {'number': 7682, 'name': 'Rue Barrème'}, 'city': 'Clermont-Ferrand', 'state': 'Lot-et-Garonne', 'country': 'France', 'postcode': 32860, 'coordinates': {'latitude': '-20.2114', 'longitude': '108.7776'}, 'timezone': {'offset': '-7:00', 'description': 'Mountain Time (US &amp; Canada)'}}, 'email': 'jeanne.nguyen@example.com', 'login': {'uuid': '7b33c639-4f50-469e-943c-f932560a9f92', 'username': 'silverzebra644', 'password': 'century', 'salt': '9ubyL6gp', 'md5': 'ba0c767ba1f9eef6a6751790f268233e', 'sha1': '62b30e1101ef9b41fbae3772c91cf5e4e0168a4b', 'sha256': 'd059b7101111bcff491a01636fe39ee91bdc041324d4912d883b9079c4d53092'}, 'dob': {'date': '1958-03-02T22:57:38.892Z', 'age': 66}, 'registered': {'date': '2005-05-04T22:06:05.731Z', 'age': 19}, 'phone': '02-06-69-51-68', 'cell': '06-70-73-06-05', 'id': {'name': 'INSEE', 'value': '2580233268031 59'}, 'picture': {'large': 'https://randomuser.me/api/portraits/women/33.jpg', 'medium': 'https://randomuser.me/api/portraits/med/women/33.jpg', 'thumbnail': 'https://randomuser.me/api/portraits/thumb/women/33.jpg'}, 'nat': 'FR'}], 'info': {'seed': 'f2ad52ed65618522', 'results': 1, 'page': 1, 'version': '1.4'}}</msg>
<arg>${json_data}</arg>
<doc>Logs the given message with the given level.</doc>
<status status="PASS" start="2024-08-07T14:14:32.145281" elapsed="0.000289"/>
</kw>
<kw name="Should Be Equal As Numbers" owner="BuiltIn">
<arg>${json_data['results'][0]['location']['postcode']}</arg>
<arg>${json_data['results'][0]['location']['postcode']}</arg>
<doc>Fails if objects are unequal after converting them to real numbers.</doc>
<status status="PASS" start="2024-08-07T14:14:32.145872" elapsed="0.000612"/>
</kw>
<kw name="Log" owner="BuiltIn">
<msg time="2024-08-07T14:14:32.147002" level="INFO">32860</msg>
<arg>${json_data['results'][0]['location']['postcode']}</arg>
<doc>Logs the given message with the given level.</doc>
<status status="PASS" start="2024-08-07T14:14:32.146669" elapsed="0.000373"/>
</kw>
<status status="PASS" start="2024-08-07T14:14:31.465598" elapsed="0.681726"/>
</kw>
<doc>Testa se os tipos de dados na resposta da API estão corretos.</doc>
<tag>testeTiposDados</tag>
<status status="PASS" start="2024-08-07T14:14:30.506302" elapsed="1.641194"/>
</test>
<test id="s1-s1-t5" name="Validar conteudo" line="35">
<kw name="Teste de Tipos de Conteudo" owner="random-user-service">
<kw name="GET On Session" owner="RequestsLibrary">
<msg time="2024-08-07T14:14:32.568733" level="INFO">GET Request : url=https://randomuser.me/api 
 path_url=/api 
 headers={'User-Agent': 'python-requests/2.32.3', 'Accept-Encoding': 'gzip, deflate', 'Accept': '*/*', 'Connection': 'keep-alive'} 
 body=None 
 </msg>
<msg time="2024-08-07T14:14:32.568833" level="INFO">GET Response : url=https://randomuser.me/api 
 status=200, reason=OK 
 headers={'Date': 'Wed, 07 Aug 2024 14:14:32 GMT', 'Content-Type': 'application/json; charset=utf-8', 'Transfer-Encoding': 'chunked', 'Connection': 'keep-alive', 'X-Powered-By': 'Express', 'Access-Control-Allow-Origin': '*', 'Cache-Control': 'no-cache', 'ETag': 'W/"47e-vlTFgEvUDjTvpY6KKSA4A6WHV5A"', 'Vary': 'Accept-Encoding', 'Content-Encoding': 'gzip', 'CF-Cache-Status': 'DYNAMIC', 'Report-To': '{"endpoints":[{"url":"https:\\/\\/a.nel.cloudflare.com\\/report\\/v4?s=Y%2BYNiQL7efGy77FZo52SX4C8nICpreV5fkUKRTf2wjeM64hrpa%2B9a524ZpDiOkrXYnIZGgyp5I5IeOVfxPFo%2FhwqTyOV8fCeIyC8sEDhd2UxUoI6haAv%2BTfJngvO87ST"}],"group":"cf-nel","max_age":604800}', 'NEL': '{"success_fraction":0,"report_to":"cf-nel","max_age":604800}', 'Server': 'cloudflare', 'CF-RAY': '8af7dfa2fb65e247-ORD', 'alt-svc': 'h3=":443"; ma=86400'} 
 body={"results":[{"gender":"female","name":{"title":"Mrs","first":"Ina","last":"Låstad"},"location":{"street":{"number":1894,"name":"Ole Bulls gate"},"city":"Lommedalen","state":"Vestfold","country":"Norway","postcode":"0677","coordinates":{"latitude":"47.1257","longitude":"77.1508"},"timezone":{"offset":"-12:00","description":"Eniwetok, Kwajalein"}},"email":"ina.lastad@example.com","login":{"uuid":"68a03a7f-54d2-460e-8443-1f1aaa268ae5","username":"bluebutterfly952","password":"crawford","salt":"sYlAc6Hq","md5":"f315c84cd815ab42faa7dc0a9a410d71","sha1":"6fd9467f1e2d7cb0c6ad26fd984670649c32251a","sha256":"03c88886b357c09ff3b77c84fedf753b29af5eec8cd91b57923c0dc67e1b00ad"},"dob":{"date":"1949-12-16T08:26:01.617Z","age":74},"registered":{"date":"2016-01-31T00:03:45.509Z","age":8},"phone":"71456839","cell":"93481506","id":{"name":"FN","value":"16124943284"},"picture":{"large":"https://randomuser.me/api/portraits/women/62.jpg","medium":"https://randomuser.me/api/portraits/med/women/62.jpg","thumbnail":"https://randomuser.me/api/portraits/thumb/women/62.jpg"},"nat":"NO"}],"info":{"seed":"fc2fbdd5f8b146e4","results":1,"page":1,"version":"1.4"}} 
 </msg>
<msg time="2024-08-07T14:14:32.568909" level="INFO">/opt/hostedtoolcache/Python/3.12.4/x64/lib/python3.12/site-packages/urllib3/connectionpool.py:1099: InsecureRequestWarning: Unverified HTTPS request is being made to host 'randomuser.me'. Adding certificate verification is strongly advised. See: https://urllib3.readthedocs.io/en/latest/advanced-usage.html#tls-warnings
  warnings.warn(</msg>
<msg time="2024-08-07T14:14:32.569030" level="INFO">${response} = &lt;Response [200]&gt;</msg>
<var>${response}</var>
<arg>consultarAPI</arg>
<arg>/api</arg>
<doc>Sends a GET request on a previously created HTTP Session.</doc>
<status status="PASS" start="2024-08-07T14:14:32.149971" elapsed="0.419085"/>
</kw>
<kw name="Set Variable" owner="BuiltIn">
<msg time="2024-08-07T14:14:32.570165" level="INFO">${json_data} = {'results': [{'gender': 'female', 'name': {'title': 'Mrs', 'first': 'Ina', 'last': 'Låstad'}, 'location': {'street': {'number': 1894, 'name': 'Ole Bulls gate'}, 'city': 'Lommedalen', 'state': 'Vestfol...</msg>
<var>${json_data}</var>
<arg>${response.json()}</arg>
<doc>Returns the given values which can then be assigned to a variables.</doc>
<status status="PASS" start="2024-08-07T14:14:32.569642" elapsed="0.000552"/>
</kw>
<kw name="Set Variable" owner="BuiltIn">
<msg time="2024-08-07T14:14:32.570894" level="INFO">${name_title} = Mrs</msg>
<var>${name_title}</var>
<arg>${json_data["results"][0]["name"]["title"]}</arg>
<doc>Returns the given values which can then be assigned to a variables.</doc>
<status status="PASS" start="2024-08-07T14:14:32.570505" elapsed="0.000415"/>
</kw>
<kw name="Create List" owner="BuiltIn">
<msg time="2024-08-07T14:14:32.571370" level="INFO">${allowed_titles} = ['Mr', 'Ms', 'Miss', 'Mrs', 'Madame', 'Monsieur']</msg>
<var>${allowed_titles}</var>
<arg>Mr</arg>
<arg>Ms</arg>
<arg>Miss</arg>
<arg>Mrs</arg>
<arg>Madame</arg>
<arg>Monsieur</arg>
<doc>Returns a list containing given items.</doc>
<status status="PASS" start="2024-08-07T14:14:32.571219" elapsed="0.000175"/>
</kw>
<kw name="List Should Contain Value" owner="Collections">
<arg>${allowed_titles}</arg>
<arg>${name_title}</arg>
<doc>Fails if the ``value`` is not found from ``list``.</doc>
<status status="PASS" start="2024-08-07T14:14:32.571693" elapsed="0.000175"/>
</kw>
<kw name="Set Variable" owner="BuiltIn">
<msg time="2024-08-07T14:14:32.572428" level="INFO">${name_country} = NO</msg>
<var>${name_country}</var>
<arg>${json_data["results"][0]["nat"]}</arg>
<doc>Returns the given values which can then be assigned to a variables.</doc>
<status status="PASS" start="2024-08-07T14:14:32.572053" elapsed="0.000400"/>
</kw>
<kw name="Create List" owner="BuiltIn">
<msg time="2024-08-07T14:14:32.573336" level="INFO">${list_country} = ['AD', 'AE', 'AF', 'AG', 'AI', 'AL', 'AM', 'AO', 'AQ', 'AR', 'AS', 'AT', 'AU', 'AW', 'AX', 'AZ', 'BA', 'BB', 'BD', 'BE', 'BF', 'BG', 'BH', 'BI', 'BJ', 'BL', 'BM', 'BN', 'BO', 'BQ', 'BR', 'BS', 'BT', '...</msg>
<var>${list_country}</var>
<arg>AD</arg>
<arg>AE</arg>
<arg>AF</arg>
<arg>AG</arg>
<arg>AI</arg>
<arg>AL</arg>
<arg>AM</arg>
<arg>AO</arg>
<arg>AQ</arg>
<arg>AR</arg>
<arg>AS</arg>
<arg>AT</arg>
<arg>AU</arg>
<arg>AW</arg>
<arg>AX</arg>
<arg>AZ</arg>
<arg>BA</arg>
<arg>BB</arg>
<arg>BD</arg>
<arg>BE</arg>
<arg>BF</arg>
<arg>BG</arg>
<arg>BH</arg>
<arg>BI</arg>
<arg>BJ</arg>
<arg>BL</arg>
<arg>BM</arg>
<arg>BN</arg>
<arg>BO</arg>
<arg>BQ</arg>
<arg>BR</arg>
<arg>BS</arg>
<arg>BT</arg>
<arg>BV</arg>
<arg>BW</arg>
<arg>BY</arg>
<arg>BZ</arg>
<arg>CA</arg>
<arg>CC</arg>
<arg>CD</arg>
<arg>CF</arg>
<arg>CG</arg>
<arg>CH</arg>
<arg>CI</arg>
<arg>CK</arg>
<arg>CL</arg>
<arg>CM</arg>
<arg>CN</arg>
<arg>CO</arg>
<arg>CR</arg>
<arg>CU</arg>
<arg>CV</arg>
<arg>CW</arg>
<arg>CX</arg>
<arg>CY</arg>
<arg>CZ</arg>
<arg>DE</arg>
<arg>DJ</arg>
<arg>DK</arg>
<arg>DM</arg>
<arg>DO</arg>
<arg>DZ</arg>
<arg>EC</arg>
<arg>EE</arg>
<arg>EG</arg>
<arg>EH</arg>
<arg>ER</arg>
<arg>ES</arg>
<arg>ET</arg>
<arg>FI</arg>
<arg>FJ</arg>
<arg>FK</arg>
<arg>FM</arg>
<arg>FO</arg>
<arg>FR</arg>
<arg>GA</arg>
<arg>GB</arg>
<arg>GD</arg>
<arg>GE</arg>
<arg>GF</arg>
<arg>GG</arg>
<arg>GH</arg>
<arg>GI</arg>
<arg>GL</arg>
<arg>GM</arg>
<arg>GN</arg>
<arg>GP</arg>
<arg>GQ</arg>
<arg>GR</arg>
<arg>GS</arg>
<arg>GT</arg>
<arg>GU</arg>
<arg>GW</arg>
<arg>GY</arg>
<arg>HK</arg>
<arg>HM</arg>
<arg>HN</arg>
<arg>HR</arg>
<arg>HT</arg>
<arg>HU</arg>
<arg>ID</arg>
<arg>IE</arg>
<arg>IL</arg>
<arg>IM</arg>
<arg>IN</arg>
<arg>IO</arg>
<arg>IQ</arg>
<arg>IR</arg>
<arg>IS</arg>
<arg>IT</arg>
<arg>JE</arg>
<arg>JM</arg>
<arg>JO</arg>
<arg>JP</arg>
<arg>KE</arg>
<arg>KG</arg>
<arg>KH</arg>
<arg>KI</arg>
<arg>KM</arg>
<arg>KN</arg>
<arg>KP</arg>
<arg>KR</arg>
<arg>KW</arg>
<arg>KY</arg>
<arg>KZ</arg>
<arg>LA</arg>
<arg>LB</arg>
<arg>LC</arg>
<arg>LI</arg>
<arg>LK</arg>
<arg>LR</arg>
<arg>LS</arg>
<arg>LT</arg>
<arg>LU</arg>
<arg>LV</arg>
<arg>LY</arg>
<arg>MA</arg>
<arg>MC</arg>
<arg>MD</arg>
<arg>ME</arg>
<arg>MF</arg>
<arg>MG</arg>
<arg>MH</arg>
<arg>MK</arg>
<arg>ML</arg>
<arg>MM</arg>
<arg>MN</arg>
<arg>MO</arg>
<arg>MP</arg>
<arg>MQ</arg>
<arg>MR</arg>
<arg>MS</arg>
<arg>MT</arg>
<arg>MU</arg>
<arg>MV</arg>
<arg>MW</arg>
<arg>MX</arg>
<arg>MY</arg>
<arg>MZ</arg>
<arg>NA</arg>
<arg>NC</arg>
<arg>NE</arg>
<arg>NF</arg>
<arg>NG</arg>
<arg>NI</arg>
<arg>NL</arg>
<arg>NO</arg>
<arg>NP</arg>
<arg>NR</arg>
<arg>NU</arg>
<arg>NZ</arg>
<arg>OM</arg>
<arg>PA</arg>
<arg>PE</arg>
<arg>PF</arg>
<arg>PG</arg>
<arg>PH</arg>
<arg>PK</arg>
<arg>PL</arg>
<arg>PM</arg>
<arg>PN</arg>
<arg>PR</arg>
<arg>PS</arg>
<arg>PT</arg>
<arg>PW</arg>
<arg>PY</arg>
<arg>QA</arg>
<arg>RE</arg>
<arg>RO</arg>
<arg>RS</arg>
<arg>RU</arg>
<arg>RW</arg>
<arg>SA</arg>
<arg>SB</arg>
<arg>SC</arg>
<arg>SD</arg>
<arg>SE</arg>
<arg>SG</arg>
<arg>SH</arg>
<arg>SI</arg>
<arg>SJ</arg>
<arg>SK</arg>
<arg>SL</arg>
<arg>SM</arg>
<arg>SN</arg>
<arg>SO</arg>
<arg>SR</arg>
<arg>SS</arg>
<arg>ST</arg>
<arg>SV</arg>
<arg>SX</arg>
<arg>SY</arg>
<arg>SZ</arg>
<arg>TC</arg>
<arg>TD</arg>
<arg>TF</arg>
<arg>TG</arg>
<arg>TH</arg>
<arg>TJ</arg>
<arg>TK</arg>
<arg>TL</arg>
<arg>TM</arg>
<arg>TN</arg>
<arg>TO</arg>
<arg>TR</arg>
<arg>TT</arg>
<arg>TV</arg>
<arg>TW</arg>
<arg>TZ</arg>
<arg>UA</arg>
<arg>UG</arg>
<arg>UM</arg>
<arg>US</arg>
<arg>UY</arg>
<arg>UZ</arg>
<arg>VA</arg>
<arg>VC</arg>
<arg>VE</arg>
<arg>VG</arg>
<arg>VI</arg>
<arg>VN</arg>
<arg>VU</arg>
<arg>WF</arg>
<arg>WS</arg>
<arg>XK</arg>
<arg>YE</arg>
<arg>YT</arg>
<arg>ZA</arg>
<arg>ZM</arg>
<arg>ZW</arg>
<doc>Returns a list containing given items.</doc>
<status status="PASS" start="2024-08-07T14:14:32.572745" elapsed="0.000644"/>
</kw>
<kw name="List Should Contain Value" owner="Collections">
<arg>${list_country}</arg>
<arg>${name_country}</arg>
<doc>Fails if the ``value`` is not found from ``list``.</doc>
<status status="PASS" start="2024-08-07T14:14:32.574366" elapsed="0.000208"/>
</kw>
<kw name="Run Keyword If" owner="BuiltIn">
<kw name="Should Be True" owner="BuiltIn">
<arg>${True}</arg>
<doc>Fails if the given condition is not true.</doc>
<status status="PASS" start="2024-08-07T14:14:32.575518" elapsed="0.000145"/>
</kw>
<arg>${json_data["results"][0]["location"]["coordinates"]["latitude"]} &gt;= -90 and ${json_data["results"][0]["location"]["coordinates"]["latitude"]} &lt;= 90</arg>
<arg>Should Be True</arg>
<arg>${True}</arg>
<doc>Runs the given keyword with the given arguments, if ``condition`` is true.</doc>
<status status="PASS" start="2024-08-07T14:14:32.574770" elapsed="0.001018"/>
</kw>
<kw name="Run Keyword If" owner="BuiltIn">
<kw name="Should Be True" owner="BuiltIn">
<arg>${True}</arg>
<doc>Fails if the given condition is not true.</doc>
<status status="PASS" start="2024-08-07T14:14:32.576646" elapsed="0.000135"/>
</kw>
<arg>${json_data["results"][0]["location"]["coordinates"]["longitude"]} &gt;= -180 and ${json_data["results"][0]["location"]["coordinates"]["longitude"]} &lt;= 180</arg>
<arg>Should Be True</arg>
<arg>${True}</arg>
<doc>Runs the given keyword with the given arguments, if ``condition`` is true.</doc>
<status status="PASS" start="2024-08-07T14:14:32.575971" elapsed="0.000933"/>
</kw>
<status status="PASS" start="2024-08-07T14:14:32.149739" elapsed="0.427297"/>
</kw>
<doc>Testa o conteúdo específico dos campos retornados pela API.</doc>
<tag>testeConteudo</tag>
<status status="PASS" start="2024-08-07T14:14:32.149246" elapsed="0.427944"/>
</test>
<status status="PASS" start="2024-08-07T14:14:26.988467" elapsed="5.590703"/>
</suite>
<status status="PASS" start="2024-08-07T14:14:26.973702" elapsed="5.610533"/>
</suite>
<statistics>
<total>
<stat pass="5" fail="0" skip="0">All Tests</stat>
</total>
<tag>
<stat pass="1" fail="0" skip="0">testeConteudo</stat>
<stat pass="1" fail="0" skip="0">testeEstruturaResposta</stat>
<stat pass="1" fail="0" skip="0">testeRequisicaoBasica</stat>
<stat pass="1" fail="0" skip="0">testeTiposDados</stat>
</tag>
<suite>
<stat pass="5" fail="0" skip="0" id="s1" name="Tests">Tests</stat>
<stat pass="5" fail="0" skip="0" id="s1-s1" name="Random-User-Test">Tests.Random-User-Test</stat>
</suite>
</statistics>
<errors>
</errors>
</robot>
