<?xml version="1.0" encoding="UTF-8"?>
<robot generator="Robot 7.0.1 (Python 3.12.3 on linux)" generated="2024-06-19T05:15:30.561382" rpa="false" schemaversion="5">
<suite id="s1" name="Tests" source="/home/runner/work/ApiRandomUser/ApiRandomUser/RamdonUser/tests">
<suite id="s1-s1" name="Random-User-Test" source="/home/runner/work/ApiRandomUser/ApiRandomUser/RamdonUser/tests/random-user-test.robot">
<test id="s1-s1-t1" name="Conectar" line="13">
<kw name="Conectar API" owner="random-user-service">
<kw name="Create Session" owner="RequestsLibrary">
<msg time="2024-06-19T05:15:30.987321" level="INFO">Creating Session using : alias=consultarAPI, url=https://randomuser.me/, headers={},                     cookies={}, auth=None, timeout=None, proxies=None, verify=False,                     debug=0 </msg>
<arg>consultarAPI</arg>
<arg>${URL}</arg>
<doc>Create Session: create a HTTP session to a server</doc>
<status status="PASS" start="2024-06-19T05:15:30.987089" elapsed="0.000440"/>
</kw>
<status status="PASS" start="2024-06-19T05:15:30.985947" elapsed="0.001973"/>
</kw>
<status status="PASS" start="2024-06-19T05:15:30.985187" elapsed="0.002939"/>
</test>
<test id="s1-s1-t2" name="Validar retorno 200 e JSON Válido" line="16">
<kw name="Teste de Requisicao Basica" owner="random-user-service">
<kw name="GET On Session" owner="RequestsLibrary">
<msg time="2024-06-19T05:15:31.063491" level="INFO">GET Request : url=https://randomuser.me/api 
 path_url=/api 
 headers={'User-Agent': 'python-requests/2.32.3', 'Accept-Encoding': 'gzip, deflate', 'Accept': '*/*', 'Connection': 'keep-alive'} 
 body=None 
 </msg>
<msg time="2024-06-19T05:15:31.063681" level="INFO">GET Response : url=https://randomuser.me/api 
 status=200, reason=OK 
 headers={'Date': 'Wed, 19 Jun 2024 05:15:31 GMT', 'Content-Type': 'application/json; charset=utf-8', 'Transfer-Encoding': 'chunked', 'Connection': 'keep-alive', 'X-Powered-By': 'Express', 'Access-Control-Allow-Origin': '*', 'Cache-Control': 'no-cache', 'ETag': 'W/"490-0P1uEHQ9CjYkyGjcEMy1/ryyrlU"', 'Vary': 'Accept-Encoding', 'Content-Encoding': 'gzip', 'CF-Cache-Status': 'DYNAMIC', 'Report-To': '{"endpoints":[{"url":"https:\\/\\/a.nel.cloudflare.com\\/report\\/v4?s=eLLPI1NqWQDXC%2BIWFV4GwcBMtC8zOAtwh%2BN2V26zlU%2Fu%2FmK5z%2BOFsQEtpN4guZMyHOnapBGNHORCpoqPJJZXZ5K99BP4tDmF5sO0UC03ighECtAquZgHaXPsb2M7agzZ"}],"group":"cf-nel","max_age":604800}', 'NEL': '{"success_fraction":0,"report_to":"cf-nel","max_age":604800}', 'Server': 'cloudflare', 'CF-RAY': '89610aaeee2f82ba-IAD', 'alt-svc': 'h3=":443"; ma=86400'} 
 body={"results":[{"gender":"female","name":{"title":"Miss","first":"Eleonara","last":"Gomes"},"location":{"street":{"number":4429,"name":"Rua Vinte E Um"},"city":"Indaiatuba","state":"Piauí","country":"Brazil","postcode":87705,"coordinates":{"latitude":"-74.5731","longitude":"115.0908"},"timezone":{"offset":"-11:00","description":"Midway Island, Samoa"}},"email":"eleonara.gomes@example.com","login":{"uuid":"47007f6a-dd3f-43e9-b7d3-03a38bb897df","username":"bluebear286","password":"surfer","salt":"Yo7p6KBC","md5":"115a82b1ffe118466cd7663a8e5e216b","sha1":"b9c5ac501c7d4733a9d4730b3c05f38b82f66da2","sha256":"a9d47c9824eaf675afb01b3dd7faa9ed15f43eb954996e629dea4466b31ba219"},"dob":{"date":"1980-07-10T19:10:34.058Z","age":43},"registered":{"date":"2006-11-13T13:16:24.065Z","age":17},"phone":"(76) 5648-9969","cell":"(96) 4818-4709","id":{"name":"CPF","value":"639.121.530-77"},"picture":{"large":"https://randomuser.me/api/portraits/women/53.jpg","medium":"https://randomuser.me/api/portraits/med/women/53.jpg","thumbnail":"https://randomuser.me/api/portraits/thumb/women/53.jpg"},"nat":"BR"}],"info":{"seed":"d23ba2ded278cf9d","results":1,"page":1,"version":"1.4"}} 
 </msg>
<msg time="2024-06-19T05:15:31.063775" level="INFO">/opt/hostedtoolcache/Python/3.12.3/x64/lib/python3.12/site-packages/urllib3/connectionpool.py:1099: InsecureRequestWarning: Unverified HTTPS request is being made to host 'randomuser.me'. Adding certificate verification is strongly advised. See: https://urllib3.readthedocs.io/en/latest/advanced-usage.html#tls-warnings
  warnings.warn(</msg>
<msg time="2024-06-19T05:15:31.063944" level="INFO">${response} = &lt;Response [200]&gt;</msg>
<var>${response}</var>
<arg>consultarAPI</arg>
<arg>/api</arg>
<doc>Sends a GET request on a previously created HTTP Session.</doc>
<status status="PASS" start="2024-06-19T05:15:30.990920" elapsed="0.073071"/>
</kw>
<kw name="Should Be Equal As Numbers" owner="BuiltIn">
<msg time="2024-06-19T05:15:31.065395" level="INFO">Argument types are:
&lt;class 'int'&gt;
&lt;class 'str'&gt;</msg>
<arg>${response.status_code}</arg>
<arg>200</arg>
<doc>Fails if objects are unequal after converting them to real numbers.</doc>
<status status="PASS" start="2024-06-19T05:15:31.064841" elapsed="0.000635"/>
</kw>
<kw name="Log" owner="BuiltIn">
<msg time="2024-06-19T05:15:31.066374" level="INFO">200</msg>
<arg>${response.status_code}</arg>
<doc>Logs the given message with the given level.</doc>
<status status="PASS" start="2024-06-19T05:15:31.065937" elapsed="0.000487"/>
</kw>
<kw name="Set Variable" owner="BuiltIn">
<msg time="2024-06-19T05:15:31.067340" level="INFO">${json_data} = {'results': [{'gender': 'female', 'name': {'title': 'Miss', 'first': 'Eleonara', 'last': 'Gomes'}, 'location': {'street': {'number': 4429, 'name': 'Rua Vinte E Um'}, 'city': 'Indaiatuba', 'state': 'Pi...</msg>
<var>${json_data}</var>
<arg>${response.json()}</arg>
<doc>Returns the given values which can then be assigned to a variables.</doc>
<status status="PASS" start="2024-06-19T05:15:31.066830" elapsed="0.000540"/>
</kw>
<kw name="Dictionary Should Contain Key" owner="Collections">
<arg>${json_data}</arg>
<arg>results</arg>
<doc>Fails if ``key`` is not found from ``dictionary``.</doc>
<status status="PASS" start="2024-06-19T05:15:31.067732" elapsed="0.000193"/>
</kw>
<status status="PASS" start="2024-06-19T05:15:30.990659" elapsed="0.077431"/>
</kw>
<doc>Testa se a API responde corretamente e retorna um objeto JSON válido.</doc>
<tag>testeRequisicaoBasica</tag>
<status status="PASS" start="2024-06-19T05:15:30.990079" elapsed="0.078199"/>
</test>
<test id="s1-s1-t3" name="Validar estrutura de resposta" line="22">
<kw name="Teste de Estrutura de Resposta" owner="random-user-service">
<kw name="GET On Session" owner="RequestsLibrary">
<msg time="2024-06-19T05:15:31.167839" level="INFO">GET Request : url=https://randomuser.me/api 
 path_url=/api 
 headers={'User-Agent': 'python-requests/2.32.3', 'Accept-Encoding': 'gzip, deflate', 'Accept': '*/*', 'Connection': 'keep-alive'} 
 body=None 
 </msg>
<msg time="2024-06-19T05:15:31.167955" level="INFO">GET Response : url=https://randomuser.me/api 
 status=200, reason=OK 
 headers={'Date': 'Wed, 19 Jun 2024 05:15:31 GMT', 'Content-Type': 'application/json; charset=utf-8', 'Transfer-Encoding': 'chunked', 'Connection': 'keep-alive', 'X-Powered-By': 'Express', 'Access-Control-Allow-Origin': '*', 'Cache-Control': 'no-cache', 'ETag': 'W/"488-dA/7f8RruQURw2noFQIem+bw+ZY"', 'Vary': 'Accept-Encoding', 'Content-Encoding': 'gzip', 'CF-Cache-Status': 'DYNAMIC', 'Report-To': '{"endpoints":[{"url":"https:\\/\\/a.nel.cloudflare.com\\/report\\/v4?s=CdHuKl0tYxBia4yAf%2Bozboriv2s2cTxF3%2BP2qdbQ4AKx4i9eSIj6bVGzadTOML9ZZ5ONkG0C%2BdzqfMrXPQDlgVkAekjggvUeOjhzjNgi%2BXhJOKFFN5ESm9qajfvj25UZ"}],"group":"cf-nel","max_age":604800}', 'NEL': '{"success_fraction":0,"report_to":"cf-nel","max_age":604800}', 'Server': 'cloudflare', 'CF-RAY': '89610aaf3e8182ba-IAD', 'alt-svc': 'h3=":443"; ma=86400'} 
 body={"results":[{"gender":"male","name":{"title":"Mr","first":"Jamie","last":"Vargas"},"location":{"street":{"number":9345,"name":"Oaks Cross"},"city":"Preston","state":"Kent","country":"United Kingdom","postcode":"Q4 0BP","coordinates":{"latitude":"-5.7449","longitude":"-8.7492"},"timezone":{"offset":"+7:00","description":"Bangkok, Hanoi, Jakarta"}},"email":"jamie.vargas@example.com","login":{"uuid":"7ece8b8d-42c9-4578-8491-f78140e0f988","username":"organicbutterfly970","password":"corinne","salt":"qjWLuBFG","md5":"4b5e24f46cb587499b37902e862600f8","sha1":"627a02ef4374239c4413ac3bd76d224f4659c561","sha256":"fe46ab4dd31dd651434ef2016f4b8194611324ac6a05c3953e7a11332e4b77c9"},"dob":{"date":"1970-08-12T00:02:43.015Z","age":53},"registered":{"date":"2012-10-26T15:43:48.818Z","age":11},"phone":"016977 1083","cell":"07282 978599","id":{"name":"NINO","value":"LA 11 63 93 H"},"picture":{"large":"https://randomuser.me/api/portraits/men/11.jpg","medium":"https://randomuser.me/api/portraits/med/men/11.jpg","thumbnail":"https://randomuser.me/api/portraits/thumb/men/11.jpg"},"nat":"GB"}],"info":{"seed":"5ee8a17361b27d7c","results":1,"page":1,"version":"1.4"}} 
 </msg>
<msg time="2024-06-19T05:15:31.168129" level="INFO">/opt/hostedtoolcache/Python/3.12.3/x64/lib/python3.12/site-packages/urllib3/connectionpool.py:1099: InsecureRequestWarning: Unverified HTTPS request is being made to host 'randomuser.me'. Adding certificate verification is strongly advised. See: https://urllib3.readthedocs.io/en/latest/advanced-usage.html#tls-warnings
  warnings.warn(</msg>
<msg time="2024-06-19T05:15:31.168271" level="INFO">${response} = &lt;Response [200]&gt;</msg>
<var>${response}</var>
<arg>consultarAPI</arg>
<arg>/api</arg>
<doc>Sends a GET request on a previously created HTTP Session.</doc>
<status status="PASS" start="2024-06-19T05:15:31.071324" elapsed="0.096992"/>
</kw>
<kw name="Set Variable" owner="BuiltIn">
<msg time="2024-06-19T05:15:31.169677" level="INFO">${json_data} = {'results': [{'gender': 'male', 'name': {'title': 'Mr', 'first': 'Jamie', 'last': 'Vargas'}, 'location': {'street': {'number': 9345, 'name': 'Oaks Cross'}, 'city': 'Preston', 'state': 'Kent', 'country...</msg>
<var>${json_data}</var>
<arg>${response.json()}</arg>
<doc>Returns the given values which can then be assigned to a variables.</doc>
<status status="PASS" start="2024-06-19T05:15:31.169071" elapsed="0.000637"/>
</kw>
<kw name="Log" owner="BuiltIn">
<msg time="2024-06-19T05:15:31.170308" level="INFO">{'results': [{'gender': 'male', 'name': {'title': 'Mr', 'first': 'Jamie', 'last': 'Vargas'}, 'location': {'street': {'number': 9345, 'name': 'Oaks Cross'}, 'city': 'Preston', 'state': 'Kent', 'country': 'United Kingdom', 'postcode': 'Q4 0BP', 'coordinates': {'latitude': '-5.7449', 'longitude': '-8.7492'}, 'timezone': {'offset': '+7:00', 'description': 'Bangkok, Hanoi, Jakarta'}}, 'email': 'jamie.vargas@example.com', 'login': {'uuid': '7ece8b8d-42c9-4578-8491-f78140e0f988', 'username': 'organicbutterfly970', 'password': 'corinne', 'salt': 'qjWLuBFG', 'md5': '4b5e24f46cb587499b37902e862600f8', 'sha1': '627a02ef4374239c4413ac3bd76d224f4659c561', 'sha256': 'fe46ab4dd31dd651434ef2016f4b8194611324ac6a05c3953e7a11332e4b77c9'}, 'dob': {'date': '1970-08-12T00:02:43.015Z', 'age': 53}, 'registered': {'date': '2012-10-26T15:43:48.818Z', 'age': 11}, 'phone': '016977 1083', 'cell': '07282 978599', 'id': {'name': 'NINO', 'value': 'LA 11 63 93 H'}, 'picture': {'large': 'https://randomuser.me/api/portraits/men/11.jpg', 'medium': 'https://randomuser.me/api/portraits/med/men/11.jpg', 'thumbnail': 'https://randomuser.me/api/portraits/thumb/men/11.jpg'}, 'nat': 'GB'}], 'info': {'seed': '5ee8a17361b27d7c', 'results': 1, 'page': 1, 'version': '1.4'}}</msg>
<arg>${json_data}</arg>
<doc>Logs the given message with the given level.</doc>
<status status="PASS" start="2024-06-19T05:15:31.170122" elapsed="0.000248"/>
</kw>
<kw name="Dictionary Should Contain Key" owner="Collections">
<arg>${json_data}</arg>
<arg>results</arg>
<doc>Fails if ``key`` is not found from ``dictionary``.</doc>
<status status="PASS" start="2024-06-19T05:15:31.170719" elapsed="0.000176"/>
</kw>
<kw name="Should Not Be Empty" owner="BuiltIn">
<msg time="2024-06-19T05:15:31.171225" level="INFO">Length is 2.</msg>
<arg>${json_data}</arg>
<doc>Verifies that the given item is not empty.</doc>
<status status="PASS" start="2024-06-19T05:15:31.171094" elapsed="0.000171"/>
</kw>
<kw name="Create List" owner="BuiltIn">
<msg time="2024-06-19T05:15:31.171718" level="INFO">${expected_keys} = ['gender', 'name', 'location', 'email', 'login']</msg>
<var>${expected_keys}</var>
<arg>gender</arg>
<arg>name</arg>
<arg>location</arg>
<arg>email</arg>
<arg>login</arg>
<doc>Returns a list containing given items.</doc>
<status status="PASS" start="2024-06-19T05:15:31.171566" elapsed="0.000177"/>
</kw>
<for flavor="IN">
<iter>
<kw name="Dictionary Should Contain Key" owner="Collections">
<arg>${json_data['results'][0]}</arg>
<arg>${key}</arg>
<doc>Fails if ``key`` is not found from ``dictionary``.</doc>
<status status="PASS" start="2024-06-19T05:15:31.172361" elapsed="0.000456"/>
</kw>
<kw name="Log" owner="BuiltIn">
<msg time="2024-06-19T05:15:31.173397" level="INFO">{'gender': 'male', 'name': {'title': 'Mr', 'first': 'Jamie', 'last': 'Vargas'}, 'location': {'street': {'number': 9345, 'name': 'Oaks Cross'}, 'city': 'Preston', 'state': 'Kent', 'country': 'United Kingdom', 'postcode': 'Q4 0BP', 'coordinates': {'latitude': '-5.7449', 'longitude': '-8.7492'}, 'timezone': {'offset': '+7:00', 'description': 'Bangkok, Hanoi, Jakarta'}}, 'email': 'jamie.vargas@example.com', 'login': {'uuid': '7ece8b8d-42c9-4578-8491-f78140e0f988', 'username': 'organicbutterfly970', 'password': 'corinne', 'salt': 'qjWLuBFG', 'md5': '4b5e24f46cb587499b37902e862600f8', 'sha1': '627a02ef4374239c4413ac3bd76d224f4659c561', 'sha256': 'fe46ab4dd31dd651434ef2016f4b8194611324ac6a05c3953e7a11332e4b77c9'}, 'dob': {'date': '1970-08-12T00:02:43.015Z', 'age': 53}, 'registered': {'date': '2012-10-26T15:43:48.818Z', 'age': 11}, 'phone': '016977 1083', 'cell': '07282 978599', 'id': {'name': 'NINO', 'value': 'LA 11 63 93 H'}, 'picture': {'large': 'https://randomuser.me/api/portraits/men/11.jpg', 'medium': 'https://randomuser.me/api/portraits/med/men/11.jpg', 'thumbnail': 'https://randomuser.me/api/portraits/thumb/men/11.jpg'}, 'nat': 'GB'}</msg>
<arg>${json_data['results'][0]}</arg>
<doc>Logs the given message with the given level.</doc>
<status status="PASS" start="2024-06-19T05:15:31.173022" elapsed="0.000427"/>
</kw>
<kw name="Log" owner="BuiltIn">
<msg time="2024-06-19T05:15:31.173889" level="INFO">gender</msg>
<arg>${key}</arg>
<doc>Logs the given message with the given level.</doc>
<status status="PASS" start="2024-06-19T05:15:31.173756" elapsed="0.000174"/>
</kw>
<var name="${key}">gender</var>
<status status="PASS" start="2024-06-19T05:15:31.172227" elapsed="0.001936"/>
</iter>
<iter>
<kw name="Dictionary Should Contain Key" owner="Collections">
<arg>${json_data['results'][0]}</arg>
<arg>${key}</arg>
<doc>Fails if ``key`` is not found from ``dictionary``.</doc>
<status status="PASS" start="2024-06-19T05:15:31.174487" elapsed="0.000400"/>
</kw>
<kw name="Log" owner="BuiltIn">
<msg time="2024-06-19T05:15:31.175424" level="INFO">{'gender': 'male', 'name': {'title': 'Mr', 'first': 'Jamie', 'last': 'Vargas'}, 'location': {'street': {'number': 9345, 'name': 'Oaks Cross'}, 'city': 'Preston', 'state': 'Kent', 'country': 'United Kingdom', 'postcode': 'Q4 0BP', 'coordinates': {'latitude': '-5.7449', 'longitude': '-8.7492'}, 'timezone': {'offset': '+7:00', 'description': 'Bangkok, Hanoi, Jakarta'}}, 'email': 'jamie.vargas@example.com', 'login': {'uuid': '7ece8b8d-42c9-4578-8491-f78140e0f988', 'username': 'organicbutterfly970', 'password': 'corinne', 'salt': 'qjWLuBFG', 'md5': '4b5e24f46cb587499b37902e862600f8', 'sha1': '627a02ef4374239c4413ac3bd76d224f4659c561', 'sha256': 'fe46ab4dd31dd651434ef2016f4b8194611324ac6a05c3953e7a11332e4b77c9'}, 'dob': {'date': '1970-08-12T00:02:43.015Z', 'age': 53}, 'registered': {'date': '2012-10-26T15:43:48.818Z', 'age': 11}, 'phone': '016977 1083', 'cell': '07282 978599', 'id': {'name': 'NINO', 'value': 'LA 11 63 93 H'}, 'picture': {'large': 'https://randomuser.me/api/portraits/men/11.jpg', 'medium': 'https://randomuser.me/api/portraits/med/men/11.jpg', 'thumbnail': 'https://randomuser.me/api/portraits/thumb/men/11.jpg'}, 'nat': 'GB'}</msg>
<arg>${json_data['results'][0]}</arg>
<doc>Logs the given message with the given level.</doc>
<status status="PASS" start="2024-06-19T05:15:31.175074" elapsed="0.000437"/>
</kw>
<kw name="Log" owner="BuiltIn">
<msg time="2024-06-19T05:15:31.175950" level="INFO">name</msg>
<arg>${key}</arg>
<doc>Logs the given message with the given level.</doc>
<status status="PASS" start="2024-06-19T05:15:31.175818" elapsed="0.000179"/>
</kw>
<var name="${key}">name</var>
<status status="PASS" start="2024-06-19T05:15:31.174366" elapsed="0.001859"/>
</iter>
<iter>
<kw name="Dictionary Should Contain Key" owner="Collections">
<arg>${json_data['results'][0]}</arg>
<arg>${key}</arg>
<doc>Fails if ``key`` is not found from ``dictionary``.</doc>
<status status="PASS" start="2024-06-19T05:15:31.176524" elapsed="0.000423"/>
</kw>
<kw name="Log" owner="BuiltIn">
<msg time="2024-06-19T05:15:31.177499" level="INFO">{'gender': 'male', 'name': {'title': 'Mr', 'first': 'Jamie', 'last': 'Vargas'}, 'location': {'street': {'number': 9345, 'name': 'Oaks Cross'}, 'city': 'Preston', 'state': 'Kent', 'country': 'United Kingdom', 'postcode': 'Q4 0BP', 'coordinates': {'latitude': '-5.7449', 'longitude': '-8.7492'}, 'timezone': {'offset': '+7:00', 'description': 'Bangkok, Hanoi, Jakarta'}}, 'email': 'jamie.vargas@example.com', 'login': {'uuid': '7ece8b8d-42c9-4578-8491-f78140e0f988', 'username': 'organicbutterfly970', 'password': 'corinne', 'salt': 'qjWLuBFG', 'md5': '4b5e24f46cb587499b37902e862600f8', 'sha1': '627a02ef4374239c4413ac3bd76d224f4659c561', 'sha256': 'fe46ab4dd31dd651434ef2016f4b8194611324ac6a05c3953e7a11332e4b77c9'}, 'dob': {'date': '1970-08-12T00:02:43.015Z', 'age': 53}, 'registered': {'date': '2012-10-26T15:43:48.818Z', 'age': 11}, 'phone': '016977 1083', 'cell': '07282 978599', 'id': {'name': 'NINO', 'value': 'LA 11 63 93 H'}, 'picture': {'large': 'https://randomuser.me/api/portraits/men/11.jpg', 'medium': 'https://randomuser.me/api/portraits/med/men/11.jpg', 'thumbnail': 'https://randomuser.me/api/portraits/thumb/men/11.jpg'}, 'nat': 'GB'}</msg>
<arg>${json_data['results'][0]}</arg>
<doc>Logs the given message with the given level.</doc>
<status status="PASS" start="2024-06-19T05:15:31.177146" elapsed="0.000402"/>
</kw>
<kw name="Log" owner="BuiltIn">
<msg time="2024-06-19T05:15:31.177971" level="INFO">location</msg>
<arg>${key}</arg>
<doc>Logs the given message with the given level.</doc>
<status status="PASS" start="2024-06-19T05:15:31.177844" elapsed="0.000165"/>
</kw>
<var name="${key}">location</var>
<status status="PASS" start="2024-06-19T05:15:31.176412" elapsed="0.001816"/>
</iter>
<iter>
<kw name="Dictionary Should Contain Key" owner="Collections">
<arg>${json_data['results'][0]}</arg>
<arg>${key}</arg>
<doc>Fails if ``key`` is not found from ``dictionary``.</doc>
<status status="PASS" start="2024-06-19T05:15:31.178516" elapsed="0.000386"/>
</kw>
<kw name="Log" owner="BuiltIn">
<msg time="2024-06-19T05:15:31.179460" level="INFO">{'gender': 'male', 'name': {'title': 'Mr', 'first': 'Jamie', 'last': 'Vargas'}, 'location': {'street': {'number': 9345, 'name': 'Oaks Cross'}, 'city': 'Preston', 'state': 'Kent', 'country': 'United Kingdom', 'postcode': 'Q4 0BP', 'coordinates': {'latitude': '-5.7449', 'longitude': '-8.7492'}, 'timezone': {'offset': '+7:00', 'description': 'Bangkok, Hanoi, Jakarta'}}, 'email': 'jamie.vargas@example.com', 'login': {'uuid': '7ece8b8d-42c9-4578-8491-f78140e0f988', 'username': 'organicbutterfly970', 'password': 'corinne', 'salt': 'qjWLuBFG', 'md5': '4b5e24f46cb587499b37902e862600f8', 'sha1': '627a02ef4374239c4413ac3bd76d224f4659c561', 'sha256': 'fe46ab4dd31dd651434ef2016f4b8194611324ac6a05c3953e7a11332e4b77c9'}, 'dob': {'date': '1970-08-12T00:02:43.015Z', 'age': 53}, 'registered': {'date': '2012-10-26T15:43:48.818Z', 'age': 11}, 'phone': '016977 1083', 'cell': '07282 978599', 'id': {'name': 'NINO', 'value': 'LA 11 63 93 H'}, 'picture': {'large': 'https://randomuser.me/api/portraits/men/11.jpg', 'medium': 'https://randomuser.me/api/portraits/med/men/11.jpg', 'thumbnail': 'https://randomuser.me/api/portraits/thumb/men/11.jpg'}, 'nat': 'GB'}</msg>
<arg>${json_data['results'][0]}</arg>
<doc>Logs the given message with the given level.</doc>
<status status="PASS" start="2024-06-19T05:15:31.179097" elapsed="0.000413"/>
</kw>
<kw name="Log" owner="BuiltIn">
<msg time="2024-06-19T05:15:31.179947" level="INFO">email</msg>
<arg>${key}</arg>
<doc>Logs the given message with the given level.</doc>
<status status="PASS" start="2024-06-19T05:15:31.179817" elapsed="0.000168"/>
</kw>
<var name="${key}">email</var>
<status status="PASS" start="2024-06-19T05:15:31.178406" elapsed="0.001799"/>
</iter>
<iter>
<kw name="Dictionary Should Contain Key" owner="Collections">
<arg>${json_data['results'][0]}</arg>
<arg>${key}</arg>
<doc>Fails if ``key`` is not found from ``dictionary``.</doc>
<status status="PASS" start="2024-06-19T05:15:31.180490" elapsed="0.000416"/>
</kw>
<kw name="Log" owner="BuiltIn">
<msg time="2024-06-19T05:15:31.181517" level="INFO">{'gender': 'male', 'name': {'title': 'Mr', 'first': 'Jamie', 'last': 'Vargas'}, 'location': {'street': {'number': 9345, 'name': 'Oaks Cross'}, 'city': 'Preston', 'state': 'Kent', 'country': 'United Kingdom', 'postcode': 'Q4 0BP', 'coordinates': {'latitude': '-5.7449', 'longitude': '-8.7492'}, 'timezone': {'offset': '+7:00', 'description': 'Bangkok, Hanoi, Jakarta'}}, 'email': 'jamie.vargas@example.com', 'login': {'uuid': '7ece8b8d-42c9-4578-8491-f78140e0f988', 'username': 'organicbutterfly970', 'password': 'corinne', 'salt': 'qjWLuBFG', 'md5': '4b5e24f46cb587499b37902e862600f8', 'sha1': '627a02ef4374239c4413ac3bd76d224f4659c561', 'sha256': 'fe46ab4dd31dd651434ef2016f4b8194611324ac6a05c3953e7a11332e4b77c9'}, 'dob': {'date': '1970-08-12T00:02:43.015Z', 'age': 53}, 'registered': {'date': '2012-10-26T15:43:48.818Z', 'age': 11}, 'phone': '016977 1083', 'cell': '07282 978599', 'id': {'name': 'NINO', 'value': 'LA 11 63 93 H'}, 'picture': {'large': 'https://randomuser.me/api/portraits/men/11.jpg', 'medium': 'https://randomuser.me/api/portraits/med/men/11.jpg', 'thumbnail': 'https://randomuser.me/api/portraits/thumb/men/11.jpg'}, 'nat': 'GB'}</msg>
<arg>${json_data['results'][0]}</arg>
<doc>Logs the given message with the given level.</doc>
<status status="PASS" start="2024-06-19T05:15:31.181092" elapsed="0.000474"/>
</kw>
<kw name="Log" owner="BuiltIn">
<msg time="2024-06-19T05:15:31.182116" level="INFO">login</msg>
<arg>${key}</arg>
<doc>Logs the given message with the given level.</doc>
<status status="PASS" start="2024-06-19T05:15:31.181868" elapsed="0.000288"/>
</kw>
<var name="${key}">login</var>
<status status="PASS" start="2024-06-19T05:15:31.180382" elapsed="0.002006"/>
</iter>
<var>${key}</var>
<value>@{expected_keys}</value>
<status status="PASS" start="2024-06-19T05:15:31.172017" elapsed="0.010495"/>
</for>
<kw name="Create List" owner="BuiltIn">
<msg time="2024-06-19T05:15:31.182854" level="INFO">${expected_keysTwo} = ['username', 'password']</msg>
<var>${expected_keysTwo}</var>
<arg>username</arg>
<arg>password</arg>
<doc>Returns a list containing given items.</doc>
<status status="PASS" start="2024-06-19T05:15:31.182714" elapsed="0.000164"/>
</kw>
<for flavor="IN">
<iter>
<kw name="Dictionary Should Contain Key" owner="Collections">
<arg>${json_data['results'][0]['login']}</arg>
<arg>${keyTwo}</arg>
<doc>Fails if ``key`` is not found from ``dictionary``.</doc>
<status status="PASS" start="2024-06-19T05:15:31.183426" elapsed="0.000385"/>
</kw>
<kw name="Dictionary Should Contain Key" owner="Collections">
<arg>${json_data['results'][0]['login']}</arg>
<arg>${keyTwo}</arg>
<doc>Fails if ``key`` is not found from ``dictionary``.</doc>
<status status="PASS" start="2024-06-19T05:15:31.183995" elapsed="0.000380"/>
</kw>
<kw name="Log" owner="BuiltIn">
<msg time="2024-06-19T05:15:31.184674" level="INFO">username</msg>
<arg>${keyTwo}</arg>
<doc>Logs the given message with the given level.</doc>
<status status="PASS" start="2024-06-19T05:15:31.184555" elapsed="0.000156"/>
</kw>
<var name="${keyTwo}">username</var>
<status status="PASS" start="2024-06-19T05:15:31.183316" elapsed="0.001648"/>
</iter>
<iter>
<kw name="Dictionary Should Contain Key" owner="Collections">
<arg>${json_data['results'][0]['login']}</arg>
<arg>${keyTwo}</arg>
<doc>Fails if ``key`` is not found from ``dictionary``.</doc>
<status status="PASS" start="2024-06-19T05:15:31.185249" elapsed="0.000449"/>
</kw>
<kw name="Dictionary Should Contain Key" owner="Collections">
<arg>${json_data['results'][0]['login']}</arg>
<arg>${keyTwo}</arg>
<doc>Fails if ``key`` is not found from ``dictionary``.</doc>
<status status="PASS" start="2024-06-19T05:15:31.185882" elapsed="0.000369"/>
</kw>
<kw name="Log" owner="BuiltIn">
<msg time="2024-06-19T05:15:31.186551" level="INFO">password</msg>
<arg>${keyTwo}</arg>
<doc>Logs the given message with the given level.</doc>
<status status="PASS" start="2024-06-19T05:15:31.186431" elapsed="0.000157"/>
</kw>
<var name="${keyTwo}">password</var>
<status status="PASS" start="2024-06-19T05:15:31.185140" elapsed="0.001673"/>
</iter>
<var>${keyTwo}</var>
<value>@{expected_keysTwo}</value>
<status status="PASS" start="2024-06-19T05:15:31.183146" elapsed="0.003793"/>
</for>
<status status="PASS" start="2024-06-19T05:15:31.071067" elapsed="0.116020"/>
</kw>
<doc>Testa a estrutura da resposta da API.</doc>
<tag>testeEstruturaResposta</tag>
<status status="PASS" start="2024-06-19T05:15:31.070217" elapsed="0.117038"/>
</test>
<test id="s1-s1-t4" name="Validar tipos de dados" line="28">
<kw name="Teste de Tipos de Dados" owner="random-user-service">
<kw name="GET On Session" owner="RequestsLibrary">
<msg time="2024-06-19T05:15:31.276877" level="INFO">GET Request : url=https://randomuser.me/api 
 path_url=/api 
 headers={'User-Agent': 'python-requests/2.32.3', 'Accept-Encoding': 'gzip, deflate', 'Accept': '*/*', 'Connection': 'keep-alive'} 
 body=None 
 </msg>
<msg time="2024-06-19T05:15:31.277019" level="INFO">GET Response : url=https://randomuser.me/api 
 status=200, reason=OK 
 headers={'Date': 'Wed, 19 Jun 2024 05:15:31 GMT', 'Content-Type': 'application/json; charset=utf-8', 'Transfer-Encoding': 'chunked', 'Connection': 'keep-alive', 'X-Powered-By': 'Express', 'Access-Control-Allow-Origin': '*', 'Cache-Control': 'no-cache', 'ETag': 'W/"4b4-7tQLqNFbsLpH9hbO5Di+oXCjka8"', 'Vary': 'Accept-Encoding', 'Content-Encoding': 'gzip', 'CF-Cache-Status': 'DYNAMIC', 'Report-To': '{"endpoints":[{"url":"https:\\/\\/a.nel.cloudflare.com\\/report\\/v4?s=vhXIR4xi6Zd9R5bIkkjJrwjpNWXMPZ9M%2Bb1EDFdu6wEZ09fMeXn2ESmu65M8iBD0LkMx1lGzeYQbzbtuy%2B8QXClZTy7yZcNEj3SeoWuS%2BQ9roiSw0W78f0t3mwgRRMUX"}],"group":"cf-nel","max_age":604800}', 'NEL': '{"success_fraction":0,"report_to":"cf-nel","max_age":604800}', 'Server': 'cloudflare', 'CF-RAY': '89610aafff3482ba-IAD', 'alt-svc': 'h3=":443"; ma=86400'} 
 body={"results":[{"gender":"female","name":{"title":"Mademoiselle","first":"Jessica","last":"Aubert"},"location":{"street":{"number":6375,"name":"Rue Bataille"},"city":"Collonge-Bellerive","state":"Jura","country":"Switzerland","postcode":2751,"coordinates":{"latitude":"-58.8976","longitude":"69.3158"},"timezone":{"offset":"+3:00","description":"Baghdad, Riyadh, Moscow, St. Petersburg"}},"email":"jessica.aubert@example.com","login":{"uuid":"7009a626-6f23-4260-a65f-85562132a867","username":"whitelion408","password":"ericsson","salt":"0imkAclz","md5":"e5b9c1c85b82a9d930ea061080322320","sha1":"cdd308594c466b7ac90702b687142b4d6aacd09d","sha256":"69eaa49d890c4ca9189ce21589810986798059d48addd56d4c03bec40ce7f984"},"dob":{"date":"1963-09-20T12:17:46.546Z","age":60},"registered":{"date":"2010-11-23T23:54:52.392Z","age":13},"phone":"075 653 46 76","cell":"079 803 21 54","id":{"name":"AVS","value":"756.6291.8511.45"},"picture":{"large":"https://randomuser.me/api/portraits/women/17.jpg","medium":"https://randomuser.me/api/portraits/med/women/17.jpg","thumbnail":"https://randomuser.me/api/portraits/thumb/women/17.jpg"},"nat":"CH"}],"info":{"seed":"d75c05a5a9b72ebc","results":1,"page":1,"version":"1.4"}} 
 </msg>
<msg time="2024-06-19T05:15:31.277107" level="INFO">/opt/hostedtoolcache/Python/3.12.3/x64/lib/python3.12/site-packages/urllib3/connectionpool.py:1099: InsecureRequestWarning: Unverified HTTPS request is being made to host 'randomuser.me'. Adding certificate verification is strongly advised. See: https://urllib3.readthedocs.io/en/latest/advanced-usage.html#tls-warnings
  warnings.warn(</msg>
<msg time="2024-06-19T05:15:31.277260" level="INFO">${response} = &lt;Response [200]&gt;</msg>
<var>${response}</var>
<arg>consultarAPI</arg>
<arg>/api</arg>
<doc>Sends a GET request on a previously created HTTP Session.</doc>
<status status="PASS" start="2024-06-19T05:15:31.189903" elapsed="0.087402"/>
</kw>
<kw name="Set Variable" owner="BuiltIn">
<msg time="2024-06-19T05:15:31.278508" level="INFO">${json_data} = {'results': [{'gender': 'female', 'name': {'title': 'Mademoiselle', 'first': 'Jessica', 'last': 'Aubert'}, 'location': {'street': {'number': 6375, 'name': 'Rue Bataille'}, 'city': 'Collonge-Bellerive'...</msg>
<var>${json_data}</var>
<arg>${response.json()}</arg>
<doc>Returns the given values which can then be assigned to a variables.</doc>
<status status="PASS" start="2024-06-19T05:15:31.277904" elapsed="0.000636"/>
</kw>
<kw name="Log" owner="BuiltIn">
<msg time="2024-06-19T05:15:31.279131" level="INFO">{'results': [{'gender': 'female', 'name': {'title': 'Mademoiselle', 'first': 'Jessica', 'last': 'Aubert'}, 'location': {'street': {'number': 6375, 'name': 'Rue Bataille'}, 'city': 'Collonge-Bellerive', 'state': 'Jura', 'country': 'Switzerland', 'postcode': 2751, 'coordinates': {'latitude': '-58.8976', 'longitude': '69.3158'}, 'timezone': {'offset': '+3:00', 'description': 'Baghdad, Riyadh, Moscow, St. Petersburg'}}, 'email': 'jessica.aubert@example.com', 'login': {'uuid': '7009a626-6f23-4260-a65f-85562132a867', 'username': 'whitelion408', 'password': 'ericsson', 'salt': '0imkAclz', 'md5': 'e5b9c1c85b82a9d930ea061080322320', 'sha1': 'cdd308594c466b7ac90702b687142b4d6aacd09d', 'sha256': '69eaa49d890c4ca9189ce21589810986798059d48addd56d4c03bec40ce7f984'}, 'dob': {'date': '1963-09-20T12:17:46.546Z', 'age': 60}, 'registered': {'date': '2010-11-23T23:54:52.392Z', 'age': 13}, 'phone': '075 653 46 76', 'cell': '079 803 21 54', 'id': {'name': 'AVS', 'value': '756.6291.8511.45'}, 'picture': {'large': 'https://randomuser.me/api/portraits/women/17.jpg', 'medium': 'https://randomuser.me/api/portraits/med/women/17.jpg', 'thumbnail': 'https://randomuser.me/api/portraits/thumb/women/17.jpg'}, 'nat': 'CH'}], 'info': {'seed': 'd75c05a5a9b72ebc', 'results': 1, 'page': 1, 'version': '1.4'}}</msg>
<arg>${json_data}</arg>
<doc>Logs the given message with the given level.</doc>
<status status="PASS" start="2024-06-19T05:15:31.278936" elapsed="0.000249"/>
</kw>
<kw name="Should Be String" owner="String">
<arg>${json_data['results'][0]['gender']}</arg>
<doc>Fails if the given ``item`` is not a string.</doc>
<status status="PASS" start="2024-06-19T05:15:31.279526" elapsed="0.000406"/>
</kw>
<kw name="Should Match Regexp" owner="BuiltIn">
<arg>${json_data['results'][0]['email']}</arg>
<arg>^[a-zA-Z0-9._%+-]+@[a-zA-Z0-9.-]+\.[a-zA-Z]{2,}$</arg>
<doc>Fails if ``string`` does not match ``pattern`` as a regular expression.</doc>
<status status="PASS" start="2024-06-19T05:15:31.280129" elapsed="0.000542"/>
</kw>
<kw name="Should Match Regexp" owner="BuiltIn">
<arg>${json_data['results'][0]['dob']['date']}</arg>
<arg>\\d{4}-\\d{2}-\\d{2}T\\d{2}:\\d{2}:\\d{2}\\.\\d{3}Z</arg>
<doc>Fails if ``string`` does not match ``pattern`` as a regular expression.</doc>
<status status="PASS" start="2024-06-19T05:15:31.280946" elapsed="0.000505"/>
</kw>
<kw name="Should Match Regexp" owner="BuiltIn">
<arg>${json_data['results'][0]['registered']['date']}</arg>
<arg>\\d{4}-\\d{2}-\\d{2}T\\d{2}:\\d{2}:\\d{2}\\.\\d{3}Z</arg>
<doc>Fails if ``string`` does not match ``pattern`` as a regular expression.</doc>
<status status="PASS" start="2024-06-19T05:15:31.281649" elapsed="0.000389"/>
</kw>
<kw name="Should Match Regexp" owner="BuiltIn">
<arg>${json_data['results'][0]['picture']['large']}</arg>
<arg>^https?://.*\.(?:png|jpe?g|gif|bmp)$</arg>
<doc>Fails if ``string`` does not match ``pattern`` as a regular expression.</doc>
<status status="PASS" start="2024-06-19T05:15:31.282226" elapsed="0.000472"/>
</kw>
<kw name="Should Match Regexp" owner="BuiltIn">
<arg>${json_data['results'][0]['picture']['medium']}</arg>
<arg>^https?://.*\.(?:png|jpe?g|gif|bmp)$</arg>
<doc>Fails if ``string`` does not match ``pattern`` as a regular expression.</doc>
<status status="PASS" start="2024-06-19T05:15:31.282895" elapsed="0.000358"/>
</kw>
<kw name="Should Match Regexp" owner="BuiltIn">
<arg>${json_data['results'][0]['picture']['thumbnail']}</arg>
<arg>^https?://.*\.(?:png|jpe?g|gif|bmp)$</arg>
<doc>Fails if ``string`` does not match ``pattern`` as a regular expression.</doc>
<status status="PASS" start="2024-06-19T05:15:31.283443" elapsed="0.000349"/>
</kw>
<kw name="Log" owner="BuiltIn">
<msg time="2024-06-19T05:15:31.284318" level="INFO">{'large': 'https://randomuser.me/api/portraits/women/17.jpg', 'medium': 'https://randomuser.me/api/portraits/med/women/17.jpg', 'thumbnail': 'https://randomuser.me/api/portraits/thumb/women/17.jpg'}</msg>
<arg>${json_data['results'][0]['picture']}</arg>
<doc>Logs the given message with the given level.</doc>
<status status="PASS" start="2024-06-19T05:15:31.283978" elapsed="0.000385"/>
</kw>
<status status="PASS" start="2024-06-19T05:15:31.189654" elapsed="0.094991"/>
</kw>
<kw name="Teste de Tipos de Dados - Postcode" owner="random-user-service">
<kw name="GET On Session" owner="RequestsLibrary">
<msg time="2024-06-19T05:15:31.363213" level="INFO">GET Request : url=https://randomuser.me/api 
 path_url=/api 
 headers={'User-Agent': 'python-requests/2.32.3', 'Accept-Encoding': 'gzip, deflate', 'Accept': '*/*', 'Connection': 'keep-alive'} 
 body=None 
 </msg>
<msg time="2024-06-19T05:15:31.363317" level="INFO">GET Response : url=https://randomuser.me/api 
 status=200, reason=OK 
 headers={'Date': 'Wed, 19 Jun 2024 05:15:31 GMT', 'Content-Type': 'application/json; charset=utf-8', 'Transfer-Encoding': 'chunked', 'Connection': 'keep-alive', 'X-Powered-By': 'Express', 'Access-Control-Allow-Origin': '*', 'Cache-Control': 'no-cache', 'ETag': 'W/"4b6-5+uUSSP3zvxZGCSCH62kqzX/YYY"', 'Vary': 'Accept-Encoding', 'Content-Encoding': 'gzip', 'CF-Cache-Status': 'DYNAMIC', 'Report-To': '{"endpoints":[{"url":"https:\\/\\/a.nel.cloudflare.com\\/report\\/v4?s=092XdNkmHQrDI9kSG3qo4WXwE21IrDkc%2BdwXli0EB2l8jxd4ID2lunGKn%2Bgcn84prtJN116yDpRL90RK1oAI9fDCCm0%2FqQFzOS2ndbLbBkWvwFfJ43gjspJjDrHpNDPK"}],"group":"cf-nel","max_age":604800}', 'NEL': '{"success_fraction":0,"report_to":"cf-nel","max_age":604800}', 'Server': 'cloudflare', 'CF-RAY': '89610ab08fb182ba-IAD', 'alt-svc': 'h3=":443"; ma=86400'} 
 body={"results":[{"gender":"female","name":{"title":"Miss","first":"Krin","last":"Williamson"},"location":{"street":{"number":171,"name":"Wheeler Ridge Dr"},"city":"Bernalillo","state":"South Carolina","country":"United States","postcode":74336,"coordinates":{"latitude":"87.6663","longitude":"170.3687"},"timezone":{"offset":"+5:00","description":"Ekaterinburg, Islamabad, Karachi, Tashkent"}},"email":"krin.williamson@example.com","login":{"uuid":"8f4a0f1c-b998-4762-8470-98b051472323","username":"angrymeercat582","password":"jules","salt":"LMFEykFr","md5":"d28a40727101fbdeeb214b2edb6815c1","sha1":"3fe6edc83438fb1fc4b0884d5c47c075c399d1ad","sha256":"38db23e482f5967ece449bede83cd6688a0e861770f09865bc039744c63b59ad"},"dob":{"date":"1986-04-15T11:20:53.105Z","age":38},"registered":{"date":"2002-08-31T09:06:34.530Z","age":21},"phone":"(224) 321-1826","cell":"(675) 830-9351","id":{"name":"SSN","value":"551-12-3890"},"picture":{"large":"https://randomuser.me/api/portraits/women/31.jpg","medium":"https://randomuser.me/api/portraits/med/women/31.jpg","thumbnail":"https://randomuser.me/api/portraits/thumb/women/31.jpg"},"nat":"US"}],"info":{"seed":"4b50a833f7d4f365","results":1,"page":1,"version":"1.4"}} 
 </msg>
<msg time="2024-06-19T05:15:31.363411" level="INFO">/opt/hostedtoolcache/Python/3.12.3/x64/lib/python3.12/site-packages/urllib3/connectionpool.py:1099: InsecureRequestWarning: Unverified HTTPS request is being made to host 'randomuser.me'. Adding certificate verification is strongly advised. See: https://urllib3.readthedocs.io/en/latest/advanced-usage.html#tls-warnings
  warnings.warn(</msg>
<msg time="2024-06-19T05:15:31.363558" level="INFO">${response} = &lt;Response [200]&gt;</msg>
<var>${response}</var>
<arg>consultarAPI</arg>
<arg>/api</arg>
<doc>Sends a GET request on a previously created HTTP Session.</doc>
<status status="PASS" start="2024-06-19T05:15:31.285193" elapsed="0.078406"/>
</kw>
<kw name="Set Variable" owner="BuiltIn">
<msg time="2024-06-19T05:15:31.364642" level="INFO">${json_data} = {'results': [{'gender': 'female', 'name': {'title': 'Miss', 'first': 'Krin', 'last': 'Williamson'}, 'location': {'street': {'number': 171, 'name': 'Wheeler Ridge Dr'}, 'city': 'Bernalillo', 'state': '...</msg>
<var>${json_data}</var>
<arg>${response.json()}</arg>
<doc>Returns the given values which can then be assigned to a variables.</doc>
<status status="PASS" start="2024-06-19T05:15:31.364131" elapsed="0.000539"/>
</kw>
<kw name="Log" owner="BuiltIn">
<msg time="2024-06-19T05:15:31.365175" level="INFO">{'results': [{'gender': 'female', 'name': {'title': 'Miss', 'first': 'Krin', 'last': 'Williamson'}, 'location': {'street': {'number': 171, 'name': 'Wheeler Ridge Dr'}, 'city': 'Bernalillo', 'state': 'South Carolina', 'country': 'United States', 'postcode': 74336, 'coordinates': {'latitude': '87.6663', 'longitude': '170.3687'}, 'timezone': {'offset': '+5:00', 'description': 'Ekaterinburg, Islamabad, Karachi, Tashkent'}}, 'email': 'krin.williamson@example.com', 'login': {'uuid': '8f4a0f1c-b998-4762-8470-98b051472323', 'username': 'angrymeercat582', 'password': 'jules', 'salt': 'LMFEykFr', 'md5': 'd28a40727101fbdeeb214b2edb6815c1', 'sha1': '3fe6edc83438fb1fc4b0884d5c47c075c399d1ad', 'sha256': '38db23e482f5967ece449bede83cd6688a0e861770f09865bc039744c63b59ad'}, 'dob': {'date': '1986-04-15T11:20:53.105Z', 'age': 38}, 'registered': {'date': '2002-08-31T09:06:34.530Z', 'age': 21}, 'phone': '(224) 321-1826', 'cell': '(675) 830-9351', 'id': {'name': 'SSN', 'value': '551-12-3890'}, 'picture': {'large': 'https://randomuser.me/api/portraits/women/31.jpg', 'medium': 'https://randomuser.me/api/portraits/med/women/31.jpg', 'thumbnail': 'https://randomuser.me/api/portraits/thumb/women/31.jpg'}, 'nat': 'US'}], 'info': {'seed': '4b50a833f7d4f365', 'results': 1, 'page': 1, 'version': '1.4'}}</msg>
<arg>${json_data}</arg>
<doc>Logs the given message with the given level.</doc>
<status status="PASS" start="2024-06-19T05:15:31.365012" elapsed="0.000211"/>
</kw>
<kw name="Should Be Equal As Numbers" owner="BuiltIn">
<arg>${json_data['results'][0]['location']['postcode']}</arg>
<arg>${json_data['results'][0]['location']['postcode']}</arg>
<doc>Fails if objects are unequal after converting them to real numbers.</doc>
<status status="PASS" start="2024-06-19T05:15:31.365521" elapsed="0.000627"/>
</kw>
<kw name="Log" owner="BuiltIn">
<msg time="2024-06-19T05:15:31.366681" level="INFO">74336</msg>
<arg>${json_data['results'][0]['location']['postcode']}</arg>
<doc>Logs the given message with the given level.</doc>
<status status="PASS" start="2024-06-19T05:15:31.366344" elapsed="0.000417"/>
</kw>
<status status="PASS" start="2024-06-19T05:15:31.284918" elapsed="0.082104"/>
</kw>
<doc>Testa se os tipos de dados na resposta da API estão corretos.</doc>
<tag>testeTiposDados</tag>
<status status="PASS" start="2024-06-19T05:15:31.189077" elapsed="0.178118"/>
</test>
<test id="s1-s1-t5" name="Validar conteudo" line="35">
<kw name="Teste de Tipos de Conteudo" owner="random-user-service">
<kw name="GET On Session" owner="RequestsLibrary">
<msg time="2024-06-19T05:15:31.468999" level="INFO">GET Request : url=https://randomuser.me/api 
 path_url=/api 
 headers={'User-Agent': 'python-requests/2.32.3', 'Accept-Encoding': 'gzip, deflate', 'Accept': '*/*', 'Connection': 'keep-alive'} 
 body=None 
 </msg>
<msg time="2024-06-19T05:15:31.469124" level="INFO">GET Response : url=https://randomuser.me/api 
 status=200, reason=OK 
 headers={'Date': 'Wed, 19 Jun 2024 05:15:31 GMT', 'Content-Type': 'application/json; charset=utf-8', 'Transfer-Encoding': 'chunked', 'Connection': 'keep-alive', 'X-Powered-By': 'Express', 'Access-Control-Allow-Origin': '*', 'Cache-Control': 'no-cache', 'ETag': 'W/"487-s9a28IJ4ohGbFrlWrL16Zv1IB6A"', 'Vary': 'Accept-Encoding', 'Content-Encoding': 'gzip', 'CF-Cache-Status': 'DYNAMIC', 'Report-To': '{"endpoints":[{"url":"https:\\/\\/a.nel.cloudflare.com\\/report\\/v4?s=69%2BisTbbahQxIdW5FBM0%2BrHTnO8qeCfK1UbUCkf2WS8CzU3LhKaaqz5Y3gGQys7PhU3gBj5ls9uEkakUUEylPxU1QWFaXmCT%2BUFH4sIM2uOLZlW7UQy%2BOPBRGaknblzS"}],"group":"cf-nel","max_age":604800}', 'NEL': '{"success_fraction":0,"report_to":"cf-nel","max_age":604800}', 'Server': 'cloudflare', 'CF-RAY': '89610ab1182282ba-IAD', 'alt-svc': 'h3=":443"; ma=86400'} 
 body={"results":[{"gender":"male","name":{"title":"Mr","first":"Deniz","last":"Çağıran"},"location":{"street":{"number":2066,"name":"Necatibey Cd"},"city":"Kahramanmaraş","state":"Hatay","country":"Turkey","postcode":46116,"coordinates":{"latitude":"66.8511","longitude":"-154.2466"},"timezone":{"offset":"+4:00","description":"Abu Dhabi, Muscat, Baku, Tbilisi"}},"email":"deniz.cagiran@example.com","login":{"uuid":"3ea38966-252a-41fd-a033-cf9b6cc291aa","username":"brownelephant810","password":"1998","salt":"jvlNe7Y3","md5":"0f5d05bcafa5ea8b30eebd4e59fc289c","sha1":"78d4b85a5c90b624ef0c64c2080db84252f43e55","sha256":"90694a92eac9d1125898771ab71dd3993294e859b8ec1776df19d67f10627cf5"},"dob":{"date":"1998-11-19T22:02:08.944Z","age":25},"registered":{"date":"2014-05-30T01:40:08.356Z","age":10},"phone":"(387)-150-6632","cell":"(775)-812-3244","id":{"name":"","value":null},"picture":{"large":"https://randomuser.me/api/portraits/men/73.jpg","medium":"https://randomuser.me/api/portraits/med/men/73.jpg","thumbnail":"https://randomuser.me/api/portraits/thumb/men/73.jpg"},"nat":"TR"}],"info":{"seed":"8141b329f5cefef4","results":1,"page":1,"version":"1.4"}} 
 </msg>
<msg time="2024-06-19T05:15:31.469213" level="INFO">/opt/hostedtoolcache/Python/3.12.3/x64/lib/python3.12/site-packages/urllib3/connectionpool.py:1099: InsecureRequestWarning: Unverified HTTPS request is being made to host 'randomuser.me'. Adding certificate verification is strongly advised. See: https://urllib3.readthedocs.io/en/latest/advanced-usage.html#tls-warnings
  warnings.warn(</msg>
<msg time="2024-06-19T05:15:31.469378" level="INFO">${response} = &lt;Response [200]&gt;</msg>
<var>${response}</var>
<arg>consultarAPI</arg>
<arg>/api</arg>
<doc>Sends a GET request on a previously created HTTP Session.</doc>
<status status="PASS" start="2024-06-19T05:15:31.369652" elapsed="0.099776"/>
</kw>
<kw name="Set Variable" owner="BuiltIn">
<msg time="2024-06-19T05:15:31.470547" level="INFO">${json_data} = {'results': [{'gender': 'male', 'name': {'title': 'Mr', 'first': 'Deniz', 'last': 'Çağıran'}, 'location': {'street': {'number': 2066, 'name': 'Necatibey Cd'}, 'city': 'Kahramanmaraş', 'state': 'Hatay'...</msg>
<var>${json_data}</var>
<arg>${response.json()}</arg>
<doc>Returns the given values which can then be assigned to a variables.</doc>
<status status="PASS" start="2024-06-19T05:15:31.469997" elapsed="0.000580"/>
</kw>
<kw name="Set Variable" owner="BuiltIn">
<msg time="2024-06-19T05:15:31.471295" level="INFO">${name_title} = Mr</msg>
<var>${name_title}</var>
<arg>${json_data["results"][0]["name"]["title"]}</arg>
<doc>Returns the given values which can then be assigned to a variables.</doc>
<status status="PASS" start="2024-06-19T05:15:31.470904" elapsed="0.000416"/>
</kw>
<kw name="Create List" owner="BuiltIn">
<msg time="2024-06-19T05:15:31.471768" level="INFO">${allowed_titles} = ['Mr', 'Ms', 'Miss', 'Mrs', 'Madame', 'Monsieur']</msg>
<var>${allowed_titles}</var>
<arg>Mr</arg>
<arg>Ms</arg>
<arg>Miss</arg>
<arg>Mrs</arg>
<arg>Madame</arg>
<arg>Monsieur</arg>
<doc>Returns a list containing given items.</doc>
<status status="PASS" start="2024-06-19T05:15:31.471619" elapsed="0.000173"/>
</kw>
<kw name="List Should Contain Value" owner="Collections">
<arg>${allowed_titles}</arg>
<arg>${name_title}</arg>
<doc>Fails if the ``value`` is not found from ``list``.</doc>
<status status="PASS" start="2024-06-19T05:15:31.472093" elapsed="0.000181"/>
</kw>
<kw name="Set Variable" owner="BuiltIn">
<msg time="2024-06-19T05:15:31.472872" level="INFO">${name_country} = TR</msg>
<var>${name_country}</var>
<arg>${json_data["results"][0]["nat"]}</arg>
<doc>Returns the given values which can then be assigned to a variables.</doc>
<status status="PASS" start="2024-06-19T05:15:31.472453" elapsed="0.000446"/>
</kw>
<kw name="Create List" owner="BuiltIn">
<msg time="2024-06-19T05:15:31.473799" level="INFO">${list_country} = ['AD', 'AE', 'AF', 'AG', 'AI', 'AL', 'AM', 'AO', 'AQ', 'AR', 'AS', 'AT', 'AU', 'AW', 'AX', 'AZ', 'BA', 'BB', 'BD', 'BE', 'BF', 'BG', 'BH', 'BI', 'BJ', 'BL', 'BM', 'BN', 'BO', 'BQ', 'BR', 'BS', 'BT', '...</msg>
<var>${list_country}</var>
<arg>AD</arg>
<arg>AE</arg>
<arg>AF</arg>
<arg>AG</arg>
<arg>AI</arg>
<arg>AL</arg>
<arg>AM</arg>
<arg>AO</arg>
<arg>AQ</arg>
<arg>AR</arg>
<arg>AS</arg>
<arg>AT</arg>
<arg>AU</arg>
<arg>AW</arg>
<arg>AX</arg>
<arg>AZ</arg>
<arg>BA</arg>
<arg>BB</arg>
<arg>BD</arg>
<arg>BE</arg>
<arg>BF</arg>
<arg>BG</arg>
<arg>BH</arg>
<arg>BI</arg>
<arg>BJ</arg>
<arg>BL</arg>
<arg>BM</arg>
<arg>BN</arg>
<arg>BO</arg>
<arg>BQ</arg>
<arg>BR</arg>
<arg>BS</arg>
<arg>BT</arg>
<arg>BV</arg>
<arg>BW</arg>
<arg>BY</arg>
<arg>BZ</arg>
<arg>CA</arg>
<arg>CC</arg>
<arg>CD</arg>
<arg>CF</arg>
<arg>CG</arg>
<arg>CH</arg>
<arg>CI</arg>
<arg>CK</arg>
<arg>CL</arg>
<arg>CM</arg>
<arg>CN</arg>
<arg>CO</arg>
<arg>CR</arg>
<arg>CU</arg>
<arg>CV</arg>
<arg>CW</arg>
<arg>CX</arg>
<arg>CY</arg>
<arg>CZ</arg>
<arg>DE</arg>
<arg>DJ</arg>
<arg>DK</arg>
<arg>DM</arg>
<arg>DO</arg>
<arg>DZ</arg>
<arg>EC</arg>
<arg>EE</arg>
<arg>EG</arg>
<arg>EH</arg>
<arg>ER</arg>
<arg>ES</arg>
<arg>ET</arg>
<arg>FI</arg>
<arg>FJ</arg>
<arg>FK</arg>
<arg>FM</arg>
<arg>FO</arg>
<arg>FR</arg>
<arg>GA</arg>
<arg>GB</arg>
<arg>GD</arg>
<arg>GE</arg>
<arg>GF</arg>
<arg>GG</arg>
<arg>GH</arg>
<arg>GI</arg>
<arg>GL</arg>
<arg>GM</arg>
<arg>GN</arg>
<arg>GP</arg>
<arg>GQ</arg>
<arg>GR</arg>
<arg>GS</arg>
<arg>GT</arg>
<arg>GU</arg>
<arg>GW</arg>
<arg>GY</arg>
<arg>HK</arg>
<arg>HM</arg>
<arg>HN</arg>
<arg>HR</arg>
<arg>HT</arg>
<arg>HU</arg>
<arg>ID</arg>
<arg>IE</arg>
<arg>IL</arg>
<arg>IM</arg>
<arg>IN</arg>
<arg>IO</arg>
<arg>IQ</arg>
<arg>IR</arg>
<arg>IS</arg>
<arg>IT</arg>
<arg>JE</arg>
<arg>JM</arg>
<arg>JO</arg>
<arg>JP</arg>
<arg>KE</arg>
<arg>KG</arg>
<arg>KH</arg>
<arg>KI</arg>
<arg>KM</arg>
<arg>KN</arg>
<arg>KP</arg>
<arg>KR</arg>
<arg>KW</arg>
<arg>KY</arg>
<arg>KZ</arg>
<arg>LA</arg>
<arg>LB</arg>
<arg>LC</arg>
<arg>LI</arg>
<arg>LK</arg>
<arg>LR</arg>
<arg>LS</arg>
<arg>LT</arg>
<arg>LU</arg>
<arg>LV</arg>
<arg>LY</arg>
<arg>MA</arg>
<arg>MC</arg>
<arg>MD</arg>
<arg>ME</arg>
<arg>MF</arg>
<arg>MG</arg>
<arg>MH</arg>
<arg>MK</arg>
<arg>ML</arg>
<arg>MM</arg>
<arg>MN</arg>
<arg>MO</arg>
<arg>MP</arg>
<arg>MQ</arg>
<arg>MR</arg>
<arg>MS</arg>
<arg>MT</arg>
<arg>MU</arg>
<arg>MV</arg>
<arg>MW</arg>
<arg>MX</arg>
<arg>MY</arg>
<arg>MZ</arg>
<arg>NA</arg>
<arg>NC</arg>
<arg>NE</arg>
<arg>NF</arg>
<arg>NG</arg>
<arg>NI</arg>
<arg>NL</arg>
<arg>NO</arg>
<arg>NP</arg>
<arg>NR</arg>
<arg>NU</arg>
<arg>NZ</arg>
<arg>OM</arg>
<arg>PA</arg>
<arg>PE</arg>
<arg>PF</arg>
<arg>PG</arg>
<arg>PH</arg>
<arg>PK</arg>
<arg>PL</arg>
<arg>PM</arg>
<arg>PN</arg>
<arg>PR</arg>
<arg>PS</arg>
<arg>PT</arg>
<arg>PW</arg>
<arg>PY</arg>
<arg>QA</arg>
<arg>RE</arg>
<arg>RO</arg>
<arg>RS</arg>
<arg>RU</arg>
<arg>RW</arg>
<arg>SA</arg>
<arg>SB</arg>
<arg>SC</arg>
<arg>SD</arg>
<arg>SE</arg>
<arg>SG</arg>
<arg>SH</arg>
<arg>SI</arg>
<arg>SJ</arg>
<arg>SK</arg>
<arg>SL</arg>
<arg>SM</arg>
<arg>SN</arg>
<arg>SO</arg>
<arg>SR</arg>
<arg>SS</arg>
<arg>ST</arg>
<arg>SV</arg>
<arg>SX</arg>
<arg>SY</arg>
<arg>SZ</arg>
<arg>TC</arg>
<arg>TD</arg>
<arg>TF</arg>
<arg>TG</arg>
<arg>TH</arg>
<arg>TJ</arg>
<arg>TK</arg>
<arg>TL</arg>
<arg>TM</arg>
<arg>TN</arg>
<arg>TO</arg>
<arg>TR</arg>
<arg>TT</arg>
<arg>TV</arg>
<arg>TW</arg>
<arg>TZ</arg>
<arg>UA</arg>
<arg>UG</arg>
<arg>UM</arg>
<arg>US</arg>
<arg>UY</arg>
<arg>UZ</arg>
<arg>VA</arg>
<arg>VC</arg>
<arg>VE</arg>
<arg>VG</arg>
<arg>VI</arg>
<arg>VN</arg>
<arg>VU</arg>
<arg>WF</arg>
<arg>WS</arg>
<arg>XK</arg>
<arg>YE</arg>
<arg>YT</arg>
<arg>ZA</arg>
<arg>ZM</arg>
<arg>ZW</arg>
<doc>Returns a list containing given items.</doc>
<status status="PASS" start="2024-06-19T05:15:31.473195" elapsed="0.000630"/>
</kw>
<kw name="List Should Contain Value" owner="Collections">
<arg>${list_country}</arg>
<arg>${name_country}</arg>
<doc>Fails if the ``value`` is not found from ``list``.</doc>
<status status="PASS" start="2024-06-19T05:15:31.474620" elapsed="0.000207"/>
</kw>
<kw name="Run Keyword If" owner="BuiltIn">
<kw name="Should Be True" owner="BuiltIn">
<arg>${True}</arg>
<doc>Fails if the given condition is not true.</doc>
<status status="PASS" start="2024-06-19T05:15:31.475908" elapsed="0.000142"/>
</kw>
<arg>${json_data["results"][0]["location"]["coordinates"]["latitude"]} &gt;= -90 and ${json_data["results"][0]["location"]["coordinates"]["latitude"]} &lt;= 90</arg>
<arg>Should Be True</arg>
<arg>${True}</arg>
<doc>Runs the given keyword with the given arguments, if ``condition`` is true.</doc>
<status status="PASS" start="2024-06-19T05:15:31.475023" elapsed="0.001153"/>
</kw>
<kw name="Run Keyword If" owner="BuiltIn">
<kw name="Should Be True" owner="BuiltIn">
<arg>${True}</arg>
<doc>Fails if the given condition is not true.</doc>
<status status="PASS" start="2024-06-19T05:15:31.477065" elapsed="0.000138"/>
</kw>
<arg>${json_data["results"][0]["location"]["coordinates"]["longitude"]} &gt;= -180 and ${json_data["results"][0]["location"]["coordinates"]["longitude"]} &lt;= 180</arg>
<arg>Should Be True</arg>
<arg>${True}</arg>
<doc>Runs the given keyword with the given arguments, if ``condition`` is true.</doc>
<status status="PASS" start="2024-06-19T05:15:31.476357" elapsed="0.000968"/>
</kw>
<status status="PASS" start="2024-06-19T05:15:31.369427" elapsed="0.108029"/>
</kw>
<doc>Testa o conteúdo específico dos campos retornados pela API.</doc>
<tag>testeConteudo</tag>
<status status="PASS" start="2024-06-19T05:15:31.368981" elapsed="0.108627"/>
</test>
<status status="PASS" start="2024-06-19T05:15:30.622452" elapsed="0.857094"/>
</suite>
<status status="PASS" start="2024-06-19T05:15:30.608156" elapsed="0.876476"/>
</suite>
<statistics>
<total>
<stat pass="5" fail="0" skip="0">All Tests</stat>
</total>
<tag>
<stat pass="1" fail="0" skip="0">testeConteudo</stat>
<stat pass="1" fail="0" skip="0">testeEstruturaResposta</stat>
<stat pass="1" fail="0" skip="0">testeRequisicaoBasica</stat>
<stat pass="1" fail="0" skip="0">testeTiposDados</stat>
</tag>
<suite>
<stat pass="5" fail="0" skip="0" id="s1" name="Tests">Tests</stat>
<stat pass="5" fail="0" skip="0" id="s1-s1" name="Random-User-Test">Tests.Random-User-Test</stat>
</suite>
</statistics>
<errors>
</errors>
</robot>
