<?xml version="1.0" encoding="UTF-8"?>
<robot generator="Robot 7.0 (Python 3.12.3 on linux)" generated="2024-04-30T16:18:00.111893" rpa="false" schemaversion="5">
<suite id="s1" name="Tests" source="/home/runner/work/DesafioQAItauRogerioJordao/DesafioQAItauRogerioJordao/RamdonUser/tests">
<suite id="s1-s1" name="Random-User-Test" source="/home/runner/work/DesafioQAItauRogerioJordao/DesafioQAItauRogerioJordao/RamdonUser/tests/random-user-test.robot">
<test id="s1-s1-t1" name="Conectar" line="13">
<kw name="Conectar API" owner="random-user-service">
<kw name="Create Session" owner="RequestsLibrary">
<msg time="2024-04-30T16:18:00.499886" level="INFO">Creating Session using : alias=consultarAPI, url=https://randomuser.me/, headers={},                     cookies={}, auth=None, timeout=None, proxies=None, verify=False,                     debug=0 </msg>
<arg>consultarAPI</arg>
<arg>${URL}</arg>
<doc>Create Session: create a HTTP session to a server</doc>
<status status="PASS" start="2024-04-30T16:18:00.499665" elapsed="0.000434"/>
</kw>
<status status="PASS" start="2024-04-30T16:18:00.498598" elapsed="0.001892"/>
</kw>
<status status="PASS" start="2024-04-30T16:18:00.497961" elapsed="0.002730"/>
</test>
<test id="s1-s1-t2" name="Validar retorno 200 e JSON Válido" line="16">
<kw name="Teste de Requisicao Basica" owner="random-user-service">
<kw name="GET On Session" owner="RequestsLibrary">
<msg time="2024-04-30T16:18:00.637890" level="INFO">GET Request : url=https://randomuser.me/api 
 path_url=/api 
 headers={'User-Agent': 'python-requests/2.31.0', 'Accept-Encoding': 'gzip, deflate', 'Accept': '*/*', 'Connection': 'keep-alive'} 
 body=None 
 </msg>
<msg time="2024-04-30T16:18:00.638052" level="INFO">GET Response : url=https://randomuser.me/api 
 status=200, reason=OK 
 headers={'Date': 'Tue, 30 Apr 2024 16:18:00 GMT', 'Content-Type': 'application/json; charset=utf-8', 'Transfer-Encoding': 'chunked', 'Connection': 'keep-alive', 'X-Powered-By': 'Express', 'Access-Control-Allow-Origin': '*', 'Cache-Control': 'no-cache', 'ETag': 'W/"45e-P7grPu22hMJxwEZhVNDEzjVCKKA"', 'Vary': 'Accept-Encoding', 'Content-Encoding': 'gzip', 'CF-Cache-Status': 'DYNAMIC', 'Report-To': '{"endpoints":[{"url":"https:\\/\\/a.nel.cloudflare.com\\/report\\/v4?s=R14%2BPKthG0aI1LKGhWMvk7WmBGlyq1IWEfGRp6cYZvF1sp2TNxiuIPaLvAVOYbQkVN16J6vuItBqkfi6dE%2FTWX3AceQQfkGzryHnSkmIl%2F7SUHNs6r39gN24c3j1M62z"}],"group":"cf-nel","max_age":604800}', 'NEL': '{"success_fraction":0,"report_to":"cf-nel","max_age":604800}', 'Server': 'cloudflare', 'CF-RAY': '87c8d8615b81fb2c-SJC', 'alt-svc': 'h3=":443"; ma=86400'} 
 body={"results":[{"gender":"male","name":{"title":"Mr","first":"Bilal","last":"Bergem"},"location":{"street":{"number":2307,"name":"Fossilveien"},"city":"Svene","state":"Oppland","country":"Norway","postcode":"0441","coordinates":{"latitude":"40.1633","longitude":"-8.3875"},"timezone":{"offset":"-9:00","description":"Alaska"}},"email":"bilal.bergem@example.com","login":{"uuid":"20133c86-5208-44c3-9186-957990ee3765","username":"orangegorilla639","password":"acer","salt":"vidHsVpg","md5":"a4567cd845885f2a2b2138aa643c3290","sha1":"171f33b22b221e3a416c7052c9456749fe911b83","sha256":"e72f6e2747b803788030783921ce5b3f89fd362c5a150ca4f826d006b943e8dd"},"dob":{"date":"1965-01-28T04:30:08.832Z","age":59},"registered":{"date":"2011-02-03T05:06:17.016Z","age":13},"phone":"60882443","cell":"99088995","id":{"name":"FN","value":"28016523161"},"picture":{"large":"https://randomuser.me/api/portraits/men/58.jpg","medium":"https://randomuser.me/api/portraits/med/men/58.jpg","thumbnail":"https://randomuser.me/api/portraits/thumb/men/58.jpg"},"nat":"NO"}],"info":{"seed":"049a61bb8206ab77","results":1,"page":1,"version":"1.4"}} 
 </msg>
<msg time="2024-04-30T16:18:00.638139" level="INFO">/opt/hostedtoolcache/Python/3.12.3/x64/lib/python3.12/site-packages/urllib3/connectionpool.py:1103: InsecureRequestWarning: Unverified HTTPS request is being made to host 'randomuser.me'. Adding certificate verification is strongly advised. See: https://urllib3.readthedocs.io/en/latest/advanced-usage.html#tls-warnings
  warnings.warn(</msg>
<msg time="2024-04-30T16:18:00.638292" level="INFO">${response} = &lt;Response [200]&gt;</msg>
<var>${response}</var>
<arg>consultarAPI</arg>
<arg>/api</arg>
<doc>Sends a GET request on a previously created HTTP Session.</doc>
<status status="PASS" start="2024-04-30T16:18:00.503417" elapsed="0.134918"/>
</kw>
<kw name="Should Be Equal As Numbers" owner="BuiltIn">
<msg time="2024-04-30T16:18:00.639388" level="INFO">Argument types are:
&lt;class 'int'&gt;
&lt;class 'str'&gt;</msg>
<arg>${response.status_code}</arg>
<arg>200</arg>
<doc>Fails if objects are unequal after converting them to real numbers.</doc>
<status status="PASS" start="2024-04-30T16:18:00.638914" elapsed="0.000540"/>
</kw>
<kw name="Log" owner="BuiltIn">
<msg time="2024-04-30T16:18:00.640155" level="INFO">200</msg>
<arg>${response.status_code}</arg>
<doc>Logs the given message with the given level.</doc>
<status status="PASS" start="2024-04-30T16:18:00.639800" elapsed="0.000399"/>
</kw>
<kw name="Set Variable" owner="BuiltIn">
<msg time="2024-04-30T16:18:00.640981" level="INFO">${json_data} = {'results': [{'gender': 'male', 'name': {'title': 'Mr', 'first': 'Bilal', 'last': 'Bergem'}, 'location': {'street': {'number': 2307, 'name': 'Fossilveien'}, 'city': 'Svene', 'state': 'Oppland', 'count...</msg>
<var>${json_data}</var>
<arg>${response.json()}</arg>
<doc>Returns the given values which can then be assigned to a variables.</doc>
<status status="PASS" start="2024-04-30T16:18:00.640507" elapsed="0.000506"/>
</kw>
<kw name="Dictionary Should Contain Key" owner="Collections">
<msg time="2024-04-30T16:18:00.641507" level="INFO">False</msg>
<arg>${json_data}</arg>
<arg>results</arg>
<doc>Fails if ``key`` is not found from ``dictionary``.</doc>
<status status="PASS" start="2024-04-30T16:18:00.641326" elapsed="0.000225"/>
</kw>
<status status="PASS" start="2024-04-30T16:18:00.503155" elapsed="0.138664"/>
</kw>
<doc>Testa se a API responde corretamente e retorna um objeto JSON válido.</doc>
<tag>testeRequisicaoBasica</tag>
<status status="PASS" start="2024-04-30T16:18:00.502653" elapsed="0.139355"/>
</test>
<test id="s1-s1-t3" name="Validar estrutura de resposta" line="22">
<kw name="Teste de Estrutura de Resposta" owner="random-user-service">
<kw name="GET On Session" owner="RequestsLibrary">
<msg time="2024-04-30T16:18:00.731254" level="INFO">GET Request : url=https://randomuser.me/api 
 path_url=/api 
 headers={'User-Agent': 'python-requests/2.31.0', 'Accept-Encoding': 'gzip, deflate', 'Accept': '*/*', 'Connection': 'keep-alive'} 
 body=None 
 </msg>
<msg time="2024-04-30T16:18:00.731364" level="INFO">GET Response : url=https://randomuser.me/api 
 status=200, reason=OK 
 headers={'Date': 'Tue, 30 Apr 2024 16:18:00 GMT', 'Content-Type': 'application/json; charset=utf-8', 'Transfer-Encoding': 'chunked', 'Connection': 'keep-alive', 'X-Powered-By': 'Express', 'Access-Control-Allow-Origin': '*', 'Cache-Control': 'no-cache', 'ETag': 'W/"4a0-4qIDuI3luOt0xUqWVODbDtQLfn8"', 'Vary': 'Accept-Encoding', 'Content-Encoding': 'gzip', 'CF-Cache-Status': 'DYNAMIC', 'Report-To': '{"endpoints":[{"url":"https:\\/\\/a.nel.cloudflare.com\\/report\\/v4?s=yvXZVvCnhQ6jSEGYhMTq3hkZGIwTQVNwr0sbUauRjYJ6%2F0az1O6U1hCzb0Y8jZrAenVBA9Qged82eQMifLHoNBOb5ORqk%2B1nW28VGA%2F4ZhqB%2BVejlAqWpOS15U9wxRF5"}],"group":"cf-nel","max_age":604800}', 'NEL': '{"success_fraction":0,"report_to":"cf-nel","max_age":604800}', 'Server': 'cloudflare', 'CF-RAY': '87c8d8620c27fb2c-SJC', 'alt-svc': 'h3=":443"; ma=86400'} 
 body={"results":[{"gender":"female","name":{"title":"Miss","first":"Pauline","last":"Bonnet"},"location":{"street":{"number":7254,"name":"Rue Saint-Georges"},"city":"Lyon","state":"Rhône","country":"France","postcode":15243,"coordinates":{"latitude":"-19.3317","longitude":"176.9848"},"timezone":{"offset":"-3:00","description":"Brazil, Buenos Aires, Georgetown"}},"email":"pauline.bonnet@example.com","login":{"uuid":"d105bf7c-0fae-4695-bfb7-781728bb7d0e","username":"lazyladybug605","password":"pyramid","salt":"7Q6yJwo7","md5":"bcaf82fa4ccb571a81787b830ec8b018","sha1":"95aa6b298c5ef6ab2607b5b70f53db16c3cf2f7d","sha256":"5c98695296bd52da1b4a0ac12bd1959a6bef77d5d3376c70fa549e0d50261fd1"},"dob":{"date":"1950-01-05T16:01:33.535Z","age":74},"registered":{"date":"2011-09-28T10:15:54.865Z","age":12},"phone":"03-77-48-08-92","cell":"06-13-93-04-38","id":{"name":"INSEE","value":"2500017330041 48"},"picture":{"large":"https://randomuser.me/api/portraits/women/15.jpg","medium":"https://randomuser.me/api/portraits/med/women/15.jpg","thumbnail":"https://randomuser.me/api/portraits/thumb/women/15.jpg"},"nat":"FR"}],"info":{"seed":"a13c8835152de68c","results":1,"page":1,"version":"1.4"}} 
 </msg>
<msg time="2024-04-30T16:18:00.731510" level="INFO">/opt/hostedtoolcache/Python/3.12.3/x64/lib/python3.12/site-packages/urllib3/connectionpool.py:1103: InsecureRequestWarning: Unverified HTTPS request is being made to host 'randomuser.me'. Adding certificate verification is strongly advised. See: https://urllib3.readthedocs.io/en/latest/advanced-usage.html#tls-warnings
  warnings.warn(</msg>
<msg time="2024-04-30T16:18:00.731645" level="INFO">${response} = &lt;Response [200]&gt;</msg>
<var>${response}</var>
<arg>consultarAPI</arg>
<arg>/api</arg>
<doc>Sends a GET request on a previously created HTTP Session.</doc>
<status status="PASS" start="2024-04-30T16:18:00.644646" elapsed="0.087030"/>
</kw>
<kw name="Set Variable" owner="BuiltIn">
<msg time="2024-04-30T16:18:00.732792" level="INFO">${json_data} = {'results': [{'gender': 'female', 'name': {'title': 'Miss', 'first': 'Pauline', 'last': 'Bonnet'}, 'location': {'street': {'number': 7254, 'name': 'Rue Saint-Georges'}, 'city': 'Lyon', 'state': 'Rhône...</msg>
<var>${json_data}</var>
<arg>${response.json()}</arg>
<doc>Returns the given values which can then be assigned to a variables.</doc>
<status status="PASS" start="2024-04-30T16:18:00.732248" elapsed="0.000574"/>
</kw>
<kw name="Log" owner="BuiltIn">
<msg time="2024-04-30T16:18:00.733352" level="INFO">{'results': [{'gender': 'female', 'name': {'title': 'Miss', 'first': 'Pauline', 'last': 'Bonnet'}, 'location': {'street': {'number': 7254, 'name': 'Rue Saint-Georges'}, 'city': 'Lyon', 'state': 'Rhône', 'country': 'France', 'postcode': 15243, 'coordinates': {'latitude': '-19.3317', 'longitude': '176.9848'}, 'timezone': {'offset': '-3:00', 'description': 'Brazil, Buenos Aires, Georgetown'}}, 'email': 'pauline.bonnet@example.com', 'login': {'uuid': 'd105bf7c-0fae-4695-bfb7-781728bb7d0e', 'username': 'lazyladybug605', 'password': 'pyramid', 'salt': '7Q6yJwo7', 'md5': 'bcaf82fa4ccb571a81787b830ec8b018', 'sha1': '95aa6b298c5ef6ab2607b5b70f53db16c3cf2f7d', 'sha256': '5c98695296bd52da1b4a0ac12bd1959a6bef77d5d3376c70fa549e0d50261fd1'}, 'dob': {'date': '1950-01-05T16:01:33.535Z', 'age': 74}, 'registered': {'date': '2011-09-28T10:15:54.865Z', 'age': 12}, 'phone': '03-77-48-08-92', 'cell': '06-13-93-04-38', 'id': {'name': 'INSEE', 'value': '2500017330041 48'}, 'picture': {'large': 'https://randomuser.me/api/portraits/women/15.jpg', 'medium': 'https://randomuser.me/api/portraits/med/women/15.jpg', 'thumbnail': 'https://randomuser.me/api/portraits/thumb/women/15.jpg'}, 'nat': 'FR'}], 'info': {'seed': 'a13c8835152de68c', 'results': 1, 'page': 1, 'version': '1.4'}}</msg>
<arg>${json_data}</arg>
<doc>Logs the given message with the given level.</doc>
<status status="PASS" start="2024-04-30T16:18:00.733180" elapsed="0.000223"/>
</kw>
<kw name="Dictionary Should Contain Key" owner="Collections">
<msg time="2024-04-30T16:18:00.733862" level="INFO">False</msg>
<arg>${json_data}</arg>
<arg>results</arg>
<doc>Fails if ``key`` is not found from ``dictionary``.</doc>
<status status="PASS" start="2024-04-30T16:18:00.733700" elapsed="0.000200"/>
</kw>
<kw name="Should Not Be Empty" owner="BuiltIn">
<msg time="2024-04-30T16:18:00.734328" level="INFO">Length is 2.</msg>
<arg>${json_data}</arg>
<doc>Verifies that the given item is not empty.</doc>
<status status="PASS" start="2024-04-30T16:18:00.734197" elapsed="0.000339"/>
</kw>
<kw name="Create List" owner="BuiltIn">
<msg time="2024-04-30T16:18:00.734983" level="INFO">${expected_keys} = ['gender', 'name', 'location', 'email', 'login']</msg>
<var>${expected_keys}</var>
<arg>gender</arg>
<arg>name</arg>
<arg>location</arg>
<arg>email</arg>
<arg>login</arg>
<doc>Returns a list containing given items.</doc>
<status status="PASS" start="2024-04-30T16:18:00.734830" elapsed="0.000178"/>
</kw>
<for flavor="IN">
<iter>
<kw name="Dictionary Should Contain Key" owner="Collections">
<msg time="2024-04-30T16:18:00.736025" level="INFO">False</msg>
<arg>${json_data['results'][0]}</arg>
<arg>${key}</arg>
<doc>Fails if ``key`` is not found from ``dictionary``.</doc>
<status status="PASS" start="2024-04-30T16:18:00.735616" elapsed="0.000448"/>
</kw>
<kw name="Log" owner="BuiltIn">
<msg time="2024-04-30T16:18:00.736747" level="INFO">{'gender': 'female', 'name': {'title': 'Miss', 'first': 'Pauline', 'last': 'Bonnet'}, 'location': {'street': {'number': 7254, 'name': 'Rue Saint-Georges'}, 'city': 'Lyon', 'state': 'Rhône', 'country': 'France', 'postcode': 15243, 'coordinates': {'latitude': '-19.3317', 'longitude': '176.9848'}, 'timezone': {'offset': '-3:00', 'description': 'Brazil, Buenos Aires, Georgetown'}}, 'email': 'pauline.bonnet@example.com', 'login': {'uuid': 'd105bf7c-0fae-4695-bfb7-781728bb7d0e', 'username': 'lazyladybug605', 'password': 'pyramid', 'salt': '7Q6yJwo7', 'md5': 'bcaf82fa4ccb571a81787b830ec8b018', 'sha1': '95aa6b298c5ef6ab2607b5b70f53db16c3cf2f7d', 'sha256': '5c98695296bd52da1b4a0ac12bd1959a6bef77d5d3376c70fa549e0d50261fd1'}, 'dob': {'date': '1950-01-05T16:01:33.535Z', 'age': 74}, 'registered': {'date': '2011-09-28T10:15:54.865Z', 'age': 12}, 'phone': '03-77-48-08-92', 'cell': '06-13-93-04-38', 'id': {'name': 'INSEE', 'value': '2500017330041 48'}, 'picture': {'large': 'https://randomuser.me/api/portraits/women/15.jpg', 'medium': 'https://randomuser.me/api/portraits/med/women/15.jpg', 'thumbnail': 'https://randomuser.me/api/portraits/thumb/women/15.jpg'}, 'nat': 'FR'}</msg>
<arg>${json_data['results'][0]}</arg>
<doc>Logs the given message with the given level.</doc>
<status status="PASS" start="2024-04-30T16:18:00.736371" elapsed="0.000426"/>
</kw>
<kw name="Log" owner="BuiltIn">
<msg time="2024-04-30T16:18:00.737249" level="INFO">gender</msg>
<arg>${key}</arg>
<doc>Logs the given message with the given level.</doc>
<status status="PASS" start="2024-04-30T16:18:00.737121" elapsed="0.000165"/>
</kw>
<var name="${key}">gender</var>
<status status="PASS" start="2024-04-30T16:18:00.735484" elapsed="0.002015"/>
</iter>
<iter>
<kw name="Dictionary Should Contain Key" owner="Collections">
<msg time="2024-04-30T16:18:00.738183" level="INFO">False</msg>
<arg>${json_data['results'][0]}</arg>
<arg>${key}</arg>
<doc>Fails if ``key`` is not found from ``dictionary``.</doc>
<status status="PASS" start="2024-04-30T16:18:00.737800" elapsed="0.000421"/>
</kw>
<kw name="Log" owner="BuiltIn">
<msg time="2024-04-30T16:18:00.738918" level="INFO">{'gender': 'female', 'name': {'title': 'Miss', 'first': 'Pauline', 'last': 'Bonnet'}, 'location': {'street': {'number': 7254, 'name': 'Rue Saint-Georges'}, 'city': 'Lyon', 'state': 'Rhône', 'country': 'France', 'postcode': 15243, 'coordinates': {'latitude': '-19.3317', 'longitude': '176.9848'}, 'timezone': {'offset': '-3:00', 'description': 'Brazil, Buenos Aires, Georgetown'}}, 'email': 'pauline.bonnet@example.com', 'login': {'uuid': 'd105bf7c-0fae-4695-bfb7-781728bb7d0e', 'username': 'lazyladybug605', 'password': 'pyramid', 'salt': '7Q6yJwo7', 'md5': 'bcaf82fa4ccb571a81787b830ec8b018', 'sha1': '95aa6b298c5ef6ab2607b5b70f53db16c3cf2f7d', 'sha256': '5c98695296bd52da1b4a0ac12bd1959a6bef77d5d3376c70fa549e0d50261fd1'}, 'dob': {'date': '1950-01-05T16:01:33.535Z', 'age': 74}, 'registered': {'date': '2011-09-28T10:15:54.865Z', 'age': 12}, 'phone': '03-77-48-08-92', 'cell': '06-13-93-04-38', 'id': {'name': 'INSEE', 'value': '2500017330041 48'}, 'picture': {'large': 'https://randomuser.me/api/portraits/women/15.jpg', 'medium': 'https://randomuser.me/api/portraits/med/women/15.jpg', 'thumbnail': 'https://randomuser.me/api/portraits/thumb/women/15.jpg'}, 'nat': 'FR'}</msg>
<arg>${json_data['results'][0]}</arg>
<doc>Logs the given message with the given level.</doc>
<status status="PASS" start="2024-04-30T16:18:00.738548" elapsed="0.000419"/>
</kw>
<kw name="Log" owner="BuiltIn">
<msg time="2024-04-30T16:18:00.739391" level="INFO">name</msg>
<arg>${key}</arg>
<doc>Logs the given message with the given level.</doc>
<status status="PASS" start="2024-04-30T16:18:00.739265" elapsed="0.000163"/>
</kw>
<var name="${key}">name</var>
<status status="PASS" start="2024-04-30T16:18:00.737687" elapsed="0.001971"/>
</iter>
<iter>
<kw name="Dictionary Should Contain Key" owner="Collections">
<msg time="2024-04-30T16:18:00.740337" level="INFO">False</msg>
<arg>${json_data['results'][0]}</arg>
<arg>${key}</arg>
<doc>Fails if ``key`` is not found from ``dictionary``.</doc>
<status status="PASS" start="2024-04-30T16:18:00.739948" elapsed="0.000430"/>
</kw>
<kw name="Log" owner="BuiltIn">
<msg time="2024-04-30T16:18:00.741061" level="INFO">{'gender': 'female', 'name': {'title': 'Miss', 'first': 'Pauline', 'last': 'Bonnet'}, 'location': {'street': {'number': 7254, 'name': 'Rue Saint-Georges'}, 'city': 'Lyon', 'state': 'Rhône', 'country': 'France', 'postcode': 15243, 'coordinates': {'latitude': '-19.3317', 'longitude': '176.9848'}, 'timezone': {'offset': '-3:00', 'description': 'Brazil, Buenos Aires, Georgetown'}}, 'email': 'pauline.bonnet@example.com', 'login': {'uuid': 'd105bf7c-0fae-4695-bfb7-781728bb7d0e', 'username': 'lazyladybug605', 'password': 'pyramid', 'salt': '7Q6yJwo7', 'md5': 'bcaf82fa4ccb571a81787b830ec8b018', 'sha1': '95aa6b298c5ef6ab2607b5b70f53db16c3cf2f7d', 'sha256': '5c98695296bd52da1b4a0ac12bd1959a6bef77d5d3376c70fa549e0d50261fd1'}, 'dob': {'date': '1950-01-05T16:01:33.535Z', 'age': 74}, 'registered': {'date': '2011-09-28T10:15:54.865Z', 'age': 12}, 'phone': '03-77-48-08-92', 'cell': '06-13-93-04-38', 'id': {'name': 'INSEE', 'value': '2500017330041 48'}, 'picture': {'large': 'https://randomuser.me/api/portraits/women/15.jpg', 'medium': 'https://randomuser.me/api/portraits/med/women/15.jpg', 'thumbnail': 'https://randomuser.me/api/portraits/thumb/women/15.jpg'}, 'nat': 'FR'}</msg>
<arg>${json_data['results'][0]}</arg>
<doc>Logs the given message with the given level.</doc>
<status status="PASS" start="2024-04-30T16:18:00.740677" elapsed="0.000435"/>
</kw>
<kw name="Log" owner="BuiltIn">
<msg time="2024-04-30T16:18:00.741540" level="INFO">location</msg>
<arg>${key}</arg>
<doc>Logs the given message with the given level.</doc>
<status status="PASS" start="2024-04-30T16:18:00.741409" elapsed="0.000170"/>
</kw>
<var name="${key}">location</var>
<status status="PASS" start="2024-04-30T16:18:00.739836" elapsed="0.001962"/>
</iter>
<iter>
<kw name="Dictionary Should Contain Key" owner="Collections">
<msg time="2024-04-30T16:18:00.742482" level="INFO">False</msg>
<arg>${json_data['results'][0]}</arg>
<arg>${key}</arg>
<doc>Fails if ``key`` is not found from ``dictionary``.</doc>
<status status="PASS" start="2024-04-30T16:18:00.742086" elapsed="0.000436"/>
</kw>
<kw name="Log" owner="BuiltIn">
<msg time="2024-04-30T16:18:00.743184" level="INFO">{'gender': 'female', 'name': {'title': 'Miss', 'first': 'Pauline', 'last': 'Bonnet'}, 'location': {'street': {'number': 7254, 'name': 'Rue Saint-Georges'}, 'city': 'Lyon', 'state': 'Rhône', 'country': 'France', 'postcode': 15243, 'coordinates': {'latitude': '-19.3317', 'longitude': '176.9848'}, 'timezone': {'offset': '-3:00', 'description': 'Brazil, Buenos Aires, Georgetown'}}, 'email': 'pauline.bonnet@example.com', 'login': {'uuid': 'd105bf7c-0fae-4695-bfb7-781728bb7d0e', 'username': 'lazyladybug605', 'password': 'pyramid', 'salt': '7Q6yJwo7', 'md5': 'bcaf82fa4ccb571a81787b830ec8b018', 'sha1': '95aa6b298c5ef6ab2607b5b70f53db16c3cf2f7d', 'sha256': '5c98695296bd52da1b4a0ac12bd1959a6bef77d5d3376c70fa549e0d50261fd1'}, 'dob': {'date': '1950-01-05T16:01:33.535Z', 'age': 74}, 'registered': {'date': '2011-09-28T10:15:54.865Z', 'age': 12}, 'phone': '03-77-48-08-92', 'cell': '06-13-93-04-38', 'id': {'name': 'INSEE', 'value': '2500017330041 48'}, 'picture': {'large': 'https://randomuser.me/api/portraits/women/15.jpg', 'medium': 'https://randomuser.me/api/portraits/med/women/15.jpg', 'thumbnail': 'https://randomuser.me/api/portraits/thumb/women/15.jpg'}, 'nat': 'FR'}</msg>
<arg>${json_data['results'][0]}</arg>
<doc>Logs the given message with the given level.</doc>
<status status="PASS" start="2024-04-30T16:18:00.742817" elapsed="0.000416"/>
</kw>
<kw name="Log" owner="BuiltIn">
<msg time="2024-04-30T16:18:00.743653" level="INFO">email</msg>
<arg>${key}</arg>
<doc>Logs the given message with the given level.</doc>
<status status="PASS" start="2024-04-30T16:18:00.743527" elapsed="0.000164"/>
</kw>
<var name="${key}">email</var>
<status status="PASS" start="2024-04-30T16:18:00.741975" elapsed="0.001924"/>
</iter>
<iter>
<kw name="Dictionary Should Contain Key" owner="Collections">
<msg time="2024-04-30T16:18:00.744558" level="INFO">False</msg>
<arg>${json_data['results'][0]}</arg>
<arg>${key}</arg>
<doc>Fails if ``key`` is not found from ``dictionary``.</doc>
<status status="PASS" start="2024-04-30T16:18:00.744177" elapsed="0.000418"/>
</kw>
<kw name="Log" owner="BuiltIn">
<msg time="2024-04-30T16:18:00.745292" level="INFO">{'gender': 'female', 'name': {'title': 'Miss', 'first': 'Pauline', 'last': 'Bonnet'}, 'location': {'street': {'number': 7254, 'name': 'Rue Saint-Georges'}, 'city': 'Lyon', 'state': 'Rhône', 'country': 'France', 'postcode': 15243, 'coordinates': {'latitude': '-19.3317', 'longitude': '176.9848'}, 'timezone': {'offset': '-3:00', 'description': 'Brazil, Buenos Aires, Georgetown'}}, 'email': 'pauline.bonnet@example.com', 'login': {'uuid': 'd105bf7c-0fae-4695-bfb7-781728bb7d0e', 'username': 'lazyladybug605', 'password': 'pyramid', 'salt': '7Q6yJwo7', 'md5': 'bcaf82fa4ccb571a81787b830ec8b018', 'sha1': '95aa6b298c5ef6ab2607b5b70f53db16c3cf2f7d', 'sha256': '5c98695296bd52da1b4a0ac12bd1959a6bef77d5d3376c70fa549e0d50261fd1'}, 'dob': {'date': '1950-01-05T16:01:33.535Z', 'age': 74}, 'registered': {'date': '2011-09-28T10:15:54.865Z', 'age': 12}, 'phone': '03-77-48-08-92', 'cell': '06-13-93-04-38', 'id': {'name': 'INSEE', 'value': '2500017330041 48'}, 'picture': {'large': 'https://randomuser.me/api/portraits/women/15.jpg', 'medium': 'https://randomuser.me/api/portraits/med/women/15.jpg', 'thumbnail': 'https://randomuser.me/api/portraits/thumb/women/15.jpg'}, 'nat': 'FR'}</msg>
<arg>${json_data['results'][0]}</arg>
<doc>Logs the given message with the given level.</doc>
<status status="PASS" start="2024-04-30T16:18:00.744892" elapsed="0.000447"/>
</kw>
<kw name="Log" owner="BuiltIn">
<msg time="2024-04-30T16:18:00.745759" level="INFO">login</msg>
<arg>${key}</arg>
<doc>Logs the given message with the given level.</doc>
<status status="PASS" start="2024-04-30T16:18:00.745634" elapsed="0.000161"/>
</kw>
<var name="${key}">login</var>
<status status="PASS" start="2024-04-30T16:18:00.744067" elapsed="0.001970"/>
</iter>
<var>${key}</var>
<value>@{expected_keys}</value>
<status status="PASS" start="2024-04-30T16:18:00.735281" elapsed="0.010880"/>
</for>
<kw name="Create List" owner="BuiltIn">
<msg time="2024-04-30T16:18:00.746512" level="INFO">${expected_keysTwo} = ['username', 'password']</msg>
<var>${expected_keysTwo}</var>
<arg>username</arg>
<arg>password</arg>
<doc>Returns a list containing given items.</doc>
<status status="PASS" start="2024-04-30T16:18:00.746362" elapsed="0.000174"/>
</kw>
<for flavor="IN">
<iter>
<kw name="Dictionary Should Contain Key" owner="Collections">
<msg time="2024-04-30T16:18:00.747436" level="INFO">False</msg>
<arg>${json_data['results'][0]['login']}</arg>
<arg>${keyTwo}</arg>
<doc>Fails if ``key`` is not found from ``dictionary``.</doc>
<status status="PASS" start="2024-04-30T16:18:00.747044" elapsed="0.000429"/>
</kw>
<kw name="Dictionary Should Contain Key" owner="Collections">
<msg time="2024-04-30T16:18:00.748149" level="INFO">False</msg>
<arg>${json_data['results'][0]['login']}</arg>
<arg>${keyTwo}</arg>
<doc>Fails if ``key`` is not found from ``dictionary``.</doc>
<status status="PASS" start="2024-04-30T16:18:00.747765" elapsed="0.000421"/>
</kw>
<kw name="Log" owner="BuiltIn">
<msg time="2024-04-30T16:18:00.748602" level="INFO">username</msg>
<arg>${keyTwo}</arg>
<doc>Logs the given message with the given level.</doc>
<status status="PASS" start="2024-04-30T16:18:00.748476" elapsed="0.000169"/>
</kw>
<var name="${keyTwo}">username</var>
<status status="PASS" start="2024-04-30T16:18:00.746935" elapsed="0.001926"/>
</iter>
<iter>
<kw name="Dictionary Should Contain Key" owner="Collections">
<msg time="2024-04-30T16:18:00.749694" level="INFO">False</msg>
<arg>${json_data['results'][0]['login']}</arg>
<arg>${keyTwo}</arg>
<doc>Fails if ``key`` is not found from ``dictionary``.</doc>
<status status="PASS" start="2024-04-30T16:18:00.749193" elapsed="0.000542"/>
</kw>
<kw name="Dictionary Should Contain Key" owner="Collections">
<msg time="2024-04-30T16:18:00.750414" level="INFO">False</msg>
<arg>${json_data['results'][0]['login']}</arg>
<arg>${keyTwo}</arg>
<doc>Fails if ``key`` is not found from ``dictionary``.</doc>
<status status="PASS" start="2024-04-30T16:18:00.750034" elapsed="0.000419"/>
</kw>
<kw name="Log" owner="BuiltIn">
<msg time="2024-04-30T16:18:00.750877" level="INFO">password</msg>
<arg>${keyTwo}</arg>
<doc>Logs the given message with the given level.</doc>
<status status="PASS" start="2024-04-30T16:18:00.750750" elapsed="0.000166"/>
</kw>
<var name="${keyTwo}">password</var>
<status status="PASS" start="2024-04-30T16:18:00.749057" elapsed="0.002077"/>
</iter>
<var>${keyTwo}</var>
<value>@{expected_keysTwo}</value>
<status status="PASS" start="2024-04-30T16:18:00.746778" elapsed="0.004480"/>
</for>
<status status="PASS" start="2024-04-30T16:18:00.644403" elapsed="0.107001"/>
</kw>
<doc>Testa a estrutura da resposta da API.</doc>
<tag>testeEstruturaResposta</tag>
<status status="PASS" start="2024-04-30T16:18:00.643876" elapsed="0.107698"/>
</test>
<test id="s1-s1-t4" name="Validar tipos de dados" line="28">
<kw name="Teste de Tipos de Dados" owner="random-user-service">
<kw name="GET On Session" owner="RequestsLibrary">
<msg time="2024-04-30T16:18:00.844551" level="INFO">GET Request : url=https://randomuser.me/api 
 path_url=/api 
 headers={'User-Agent': 'python-requests/2.31.0', 'Accept-Encoding': 'gzip, deflate', 'Accept': '*/*', 'Connection': 'keep-alive'} 
 body=None 
 </msg>
<msg time="2024-04-30T16:18:00.844669" level="INFO">GET Response : url=https://randomuser.me/api 
 status=200, reason=OK 
 headers={'Date': 'Tue, 30 Apr 2024 16:18:00 GMT', 'Content-Type': 'application/json; charset=utf-8', 'Transfer-Encoding': 'chunked', 'Connection': 'keep-alive', 'X-Powered-By': 'Express', 'Access-Control-Allow-Origin': '*', 'Cache-Control': 'no-cache', 'ETag': 'W/"489-VAs2TNvWGhLHVqfVyueYOuLzRsk"', 'Vary': 'Accept-Encoding', 'Content-Encoding': 'gzip', 'CF-Cache-Status': 'DYNAMIC', 'Report-To': '{"endpoints":[{"url":"https:\\/\\/a.nel.cloudflare.com\\/report\\/v4?s=tMS055inA4m1XzOX5wRUBtKfcgQkXCO%2BAUF0dttoEDS%2FXA7M%2F%2FB5sOLS8Qk23xvwKexhJ340aTqoQkfRSupK87I4cuiAq%2F9bilRLbqefdOaRWyxY0dhVqoDnz8qUAZnm"}],"group":"cf-nel","max_age":604800}', 'NEL': '{"success_fraction":0,"report_to":"cf-nel","max_age":604800}', 'Server': 'cloudflare', 'CF-RAY': '87c8d862bcd7fb2c-SJC', 'alt-svc': 'h3=":443"; ma=86400'} 
 body={"results":[{"gender":"male","name":{"title":"Mr","first":"Riley","last":"Patel"},"location":{"street":{"number":6012,"name":"Rattray Street"},"city":"Napier","state":"Hawke'S Bay","country":"New Zealand","postcode":20753,"coordinates":{"latitude":"49.9418","longitude":"-47.3001"},"timezone":{"offset":"+8:00","description":"Beijing, Perth, Singapore, Hong Kong"}},"email":"riley.patel@example.com","login":{"uuid":"d9d9b741-a5cf-4810-a805-c7bf933a36ce","username":"beautifulfrog819","password":"justus","salt":"OwV8Hgb3","md5":"44a20411f6417d03d207c1e3da173b53","sha1":"f51e92fec4094ec53125bbcd9b005a7d6f8eabf2","sha256":"bc53a09f6774b14acd193fc4abe8279e40128d0bf5ca1e21a5ab18ca3c7f7bb2"},"dob":{"date":"1969-11-09T22:10:34.863Z","age":54},"registered":{"date":"2017-01-10T20:14:37.945Z","age":7},"phone":"(512)-624-7915","cell":"(026)-739-3621","id":{"name":"","value":null},"picture":{"large":"https://randomuser.me/api/portraits/men/94.jpg","medium":"https://randomuser.me/api/portraits/med/men/94.jpg","thumbnail":"https://randomuser.me/api/portraits/thumb/men/94.jpg"},"nat":"NZ"}],"info":{"seed":"7cc9b4b30676f929","results":1,"page":1,"version":"1.4"}} 
 </msg>
<msg time="2024-04-30T16:18:00.844753" level="INFO">/opt/hostedtoolcache/Python/3.12.3/x64/lib/python3.12/site-packages/urllib3/connectionpool.py:1103: InsecureRequestWarning: Unverified HTTPS request is being made to host 'randomuser.me'. Adding certificate verification is strongly advised. See: https://urllib3.readthedocs.io/en/latest/advanced-usage.html#tls-warnings
  warnings.warn(</msg>
<msg time="2024-04-30T16:18:00.844897" level="INFO">${response} = &lt;Response [200]&gt;</msg>
<var>${response}</var>
<arg>consultarAPI</arg>
<arg>/api</arg>
<doc>Sends a GET request on a previously created HTTP Session.</doc>
<status status="PASS" start="2024-04-30T16:18:00.754143" elapsed="0.090847"/>
</kw>
<kw name="Set Variable" owner="BuiltIn">
<msg time="2024-04-30T16:18:00.846096" level="INFO">${json_data} = {'results': [{'gender': 'male', 'name': {'title': 'Mr', 'first': 'Riley', 'last': 'Patel'}, 'location': {'street': {'number': 6012, 'name': 'Rattray Street'}, 'city': 'Napier', 'state': "Hawke'S Bay",...</msg>
<var>${json_data}</var>
<arg>${response.json()}</arg>
<doc>Returns the given values which can then be assigned to a variables.</doc>
<status status="PASS" start="2024-04-30T16:18:00.845558" elapsed="0.000567"/>
</kw>
<kw name="Log" owner="BuiltIn">
<msg time="2024-04-30T16:18:00.846598" level="INFO">{'results': [{'gender': 'male', 'name': {'title': 'Mr', 'first': 'Riley', 'last': 'Patel'}, 'location': {'street': {'number': 6012, 'name': 'Rattray Street'}, 'city': 'Napier', 'state': "Hawke'S Bay", 'country': 'New Zealand', 'postcode': 20753, 'coordinates': {'latitude': '49.9418', 'longitude': '-47.3001'}, 'timezone': {'offset': '+8:00', 'description': 'Beijing, Perth, Singapore, Hong Kong'}}, 'email': 'riley.patel@example.com', 'login': {'uuid': 'd9d9b741-a5cf-4810-a805-c7bf933a36ce', 'username': 'beautifulfrog819', 'password': 'justus', 'salt': 'OwV8Hgb3', 'md5': '44a20411f6417d03d207c1e3da173b53', 'sha1': 'f51e92fec4094ec53125bbcd9b005a7d6f8eabf2', 'sha256': 'bc53a09f6774b14acd193fc4abe8279e40128d0bf5ca1e21a5ab18ca3c7f7bb2'}, 'dob': {'date': '1969-11-09T22:10:34.863Z', 'age': 54}, 'registered': {'date': '2017-01-10T20:14:37.945Z', 'age': 7}, 'phone': '(512)-624-7915', 'cell': '(026)-739-3621', 'id': {'name': '', 'value': None}, 'picture': {'large': 'https://randomuser.me/api/portraits/men/94.jpg', 'medium': 'https://randomuser.me/api/portraits/med/men/94.jpg', 'thumbnail': 'https://randomuser.me/api/portraits/thumb/men/94.jpg'}, 'nat': 'NZ'}], 'info': {'seed': '7cc9b4b30676f929', 'results': 1, 'page': 1, 'version': '1.4'}}</msg>
<arg>${json_data}</arg>
<doc>Logs the given message with the given level.</doc>
<status status="PASS" start="2024-04-30T16:18:00.846438" elapsed="0.000249"/>
</kw>
<kw name="Should Be String" owner="String">
<arg>${json_data['results'][0]['gender']}</arg>
<doc>Fails if the given ``item`` is not a string.</doc>
<status status="PASS" start="2024-04-30T16:18:00.846988" elapsed="0.000363"/>
</kw>
<kw name="Should Match Regexp" owner="BuiltIn">
<arg>${json_data['results'][0]['email']}</arg>
<arg>^[a-zA-Z0-9._%+-]+@[a-zA-Z0-9.-]+\.[a-zA-Z]{2,}$</arg>
<doc>Fails if ``string`` does not match ``pattern`` as a regular expression.</doc>
<status status="PASS" start="2024-04-30T16:18:00.847543" elapsed="0.000524"/>
</kw>
<kw name="Should Match Regexp" owner="BuiltIn">
<arg>${json_data['results'][0]['dob']['date']}</arg>
<arg>\\d{4}-\\d{2}-\\d{2}T\\d{2}:\\d{2}:\\d{2}\\.\\d{3}Z</arg>
<doc>Fails if ``string`` does not match ``pattern`` as a regular expression.</doc>
<status status="PASS" start="2024-04-30T16:18:00.848262" elapsed="0.000487"/>
</kw>
<kw name="Should Match Regexp" owner="BuiltIn">
<arg>${json_data['results'][0]['registered']['date']}</arg>
<arg>\\d{4}-\\d{2}-\\d{2}T\\d{2}:\\d{2}:\\d{2}\\.\\d{3}Z</arg>
<doc>Fails if ``string`` does not match ``pattern`` as a regular expression.</doc>
<status status="PASS" start="2024-04-30T16:18:00.848948" elapsed="0.000413"/>
</kw>
<kw name="Should Match Regexp" owner="BuiltIn">
<arg>${json_data['results'][0]['picture']['large']}</arg>
<arg>^https?://.*\.(?:png|jpe?g|gif|bmp)$</arg>
<doc>Fails if ``string`` does not match ``pattern`` as a regular expression.</doc>
<status status="PASS" start="2024-04-30T16:18:00.849556" elapsed="0.000473"/>
</kw>
<kw name="Should Match Regexp" owner="BuiltIn">
<arg>${json_data['results'][0]['picture']['medium']}</arg>
<arg>^https?://.*\.(?:png|jpe?g|gif|bmp)$</arg>
<doc>Fails if ``string`` does not match ``pattern`` as a regular expression.</doc>
<status status="PASS" start="2024-04-30T16:18:00.850223" elapsed="0.000356"/>
</kw>
<kw name="Should Match Regexp" owner="BuiltIn">
<arg>${json_data['results'][0]['picture']['thumbnail']}</arg>
<arg>^https?://.*\.(?:png|jpe?g|gif|bmp)$</arg>
<doc>Fails if ``string`` does not match ``pattern`` as a regular expression.</doc>
<status status="PASS" start="2024-04-30T16:18:00.850770" elapsed="0.000357"/>
</kw>
<kw name="Log" owner="BuiltIn">
<msg time="2024-04-30T16:18:00.851637" level="INFO">{'large': 'https://randomuser.me/api/portraits/men/94.jpg', 'medium': 'https://randomuser.me/api/portraits/med/men/94.jpg', 'thumbnail': 'https://randomuser.me/api/portraits/thumb/men/94.jpg'}</msg>
<arg>${json_data['results'][0]['picture']}</arg>
<doc>Logs the given message with the given level.</doc>
<status status="PASS" start="2024-04-30T16:18:00.851310" elapsed="0.000369"/>
</kw>
<status status="PASS" start="2024-04-30T16:18:00.753908" elapsed="0.098028"/>
</kw>
<kw name="Teste de Tipos de Dados - Postcode" owner="random-user-service">
<kw name="GET On Session" owner="RequestsLibrary">
<msg time="2024-04-30T16:18:00.945621" level="INFO">GET Request : url=https://randomuser.me/api 
 path_url=/api 
 headers={'User-Agent': 'python-requests/2.31.0', 'Accept-Encoding': 'gzip, deflate', 'Accept': '*/*', 'Connection': 'keep-alive'} 
 body=None 
 </msg>
<msg time="2024-04-30T16:18:00.945725" level="INFO">GET Response : url=https://randomuser.me/api 
 status=200, reason=OK 
 headers={'Date': 'Tue, 30 Apr 2024 16:18:00 GMT', 'Content-Type': 'application/json; charset=utf-8', 'Transfer-Encoding': 'chunked', 'Connection': 'keep-alive', 'X-Powered-By': 'Express', 'Access-Control-Allow-Origin': '*', 'Cache-Control': 'no-cache', 'ETag': 'W/"493-EDFLgwkmQpIIFoNEK9/tHEVlaKg"', 'Vary': 'Accept-Encoding', 'Content-Encoding': 'gzip', 'CF-Cache-Status': 'DYNAMIC', 'Report-To': '{"endpoints":[{"url":"https:\\/\\/a.nel.cloudflare.com\\/report\\/v4?s=Vkna7De3GWHJiTT40PNd4jhpMq3LScc2zd7%2FsAYuNsAU8DHrETAm2LiqPqiwpd3%2Bt8AGFKV%2B5vF6%2B1%2BjO7VXcHnVgj74WDcJTHr1fRTuwXNPyDKp7HjjUB7hgY9%2FTrPO"}],"group":"cf-nel","max_age":604800}', 'NEL': '{"success_fraction":0,"report_to":"cf-nel","max_age":604800}', 'Server': 'cloudflare', 'CF-RAY': '87c8d8635d7bfb2c-SJC', 'alt-svc': 'h3=":443"; ma=86400'} 
 body={"results":[{"gender":"male","name":{"title":"Mr","first":"Lonnie","last":"Mendoza"},"location":{"street":{"number":4634,"name":"Highfield Road"},"city":"Kilcoole","state":"Westmeath","country":"Ireland","postcode":26166,"coordinates":{"latitude":"-0.0877","longitude":"-56.7623"},"timezone":{"offset":"-4:00","description":"Atlantic Time (Canada), Caracas, La Paz"}},"email":"lonnie.mendoza@example.com","login":{"uuid":"a94757e2-50c8-431c-a7b5-de1204ff4532","username":"silverfrog860","password":"icecream","salt":"taXIngXx","md5":"5fe878c3fd3967755762af488cdafaca","sha1":"d4ea7d4212c3453ef44acad99f86da241d88d3db","sha256":"9f8062fe82d7897154d3902561c31a5d2aa546b19c063e6d34541b9cd39f4794"},"dob":{"date":"1994-10-31T20:07:52.993Z","age":29},"registered":{"date":"2003-12-04T19:25:42.866Z","age":20},"phone":"011-299-2321","cell":"081-732-5793","id":{"name":"PPS","value":"2189803T"},"picture":{"large":"https://randomuser.me/api/portraits/men/16.jpg","medium":"https://randomuser.me/api/portraits/med/men/16.jpg","thumbnail":"https://randomuser.me/api/portraits/thumb/men/16.jpg"},"nat":"IE"}],"info":{"seed":"c2d88cc8e0ecb148","results":1,"page":1,"version":"1.4"}} 
 </msg>
<msg time="2024-04-30T16:18:00.945800" level="INFO">/opt/hostedtoolcache/Python/3.12.3/x64/lib/python3.12/site-packages/urllib3/connectionpool.py:1103: InsecureRequestWarning: Unverified HTTPS request is being made to host 'randomuser.me'. Adding certificate verification is strongly advised. See: https://urllib3.readthedocs.io/en/latest/advanced-usage.html#tls-warnings
  warnings.warn(</msg>
<msg time="2024-04-30T16:18:00.945927" level="INFO">${response} = &lt;Response [200]&gt;</msg>
<var>${response}</var>
<arg>consultarAPI</arg>
<arg>/api</arg>
<doc>Sends a GET request on a previously created HTTP Session.</doc>
<status status="PASS" start="2024-04-30T16:18:00.852421" elapsed="0.093545"/>
</kw>
<kw name="Set Variable" owner="BuiltIn">
<msg time="2024-04-30T16:18:00.947063" level="INFO">${json_data} = {'results': [{'gender': 'male', 'name': {'title': 'Mr', 'first': 'Lonnie', 'last': 'Mendoza'}, 'location': {'street': {'number': 4634, 'name': 'Highfield Road'}, 'city': 'Kilcoole', 'state': 'Westmeat...</msg>
<var>${json_data}</var>
<arg>${response.json()}</arg>
<doc>Returns the given values which can then be assigned to a variables.</doc>
<status status="PASS" start="2024-04-30T16:18:00.946538" elapsed="0.000553"/>
</kw>
<kw name="Log" owner="BuiltIn">
<msg time="2024-04-30T16:18:00.947574" level="INFO">{'results': [{'gender': 'male', 'name': {'title': 'Mr', 'first': 'Lonnie', 'last': 'Mendoza'}, 'location': {'street': {'number': 4634, 'name': 'Highfield Road'}, 'city': 'Kilcoole', 'state': 'Westmeath', 'country': 'Ireland', 'postcode': 26166, 'coordinates': {'latitude': '-0.0877', 'longitude': '-56.7623'}, 'timezone': {'offset': '-4:00', 'description': 'Atlantic Time (Canada), Caracas, La Paz'}}, 'email': 'lonnie.mendoza@example.com', 'login': {'uuid': 'a94757e2-50c8-431c-a7b5-de1204ff4532', 'username': 'silverfrog860', 'password': 'icecream', 'salt': 'taXIngXx', 'md5': '5fe878c3fd3967755762af488cdafaca', 'sha1': 'd4ea7d4212c3453ef44acad99f86da241d88d3db', 'sha256': '9f8062fe82d7897154d3902561c31a5d2aa546b19c063e6d34541b9cd39f4794'}, 'dob': {'date': '1994-10-31T20:07:52.993Z', 'age': 29}, 'registered': {'date': '2003-12-04T19:25:42.866Z', 'age': 20}, 'phone': '011-299-2321', 'cell': '081-732-5793', 'id': {'name': 'PPS', 'value': '2189803T'}, 'picture': {'large': 'https://randomuser.me/api/portraits/men/16.jpg', 'medium': 'https://randomuser.me/api/portraits/med/men/16.jpg', 'thumbnail': 'https://randomuser.me/api/portraits/thumb/men/16.jpg'}, 'nat': 'IE'}], 'info': {'seed': 'c2d88cc8e0ecb148', 'results': 1, 'page': 1, 'version': '1.4'}}</msg>
<arg>${json_data}</arg>
<doc>Logs the given message with the given level.</doc>
<status status="PASS" start="2024-04-30T16:18:00.947411" elapsed="0.000249"/>
</kw>
<kw name="Should Be Equal As Numbers" owner="BuiltIn">
<arg>${json_data['results'][0]['location']['postcode']}</arg>
<arg>${json_data['results'][0]['location']['postcode']}</arg>
<doc>Fails if objects are unequal after converting them to real numbers.</doc>
<status status="PASS" start="2024-04-30T16:18:00.948179" elapsed="0.000627"/>
</kw>
<kw name="Log" owner="BuiltIn">
<msg time="2024-04-30T16:18:00.949372" level="INFO">26166</msg>
<arg>${json_data['results'][0]['location']['postcode']}</arg>
<doc>Logs the given message with the given level.</doc>
<status status="PASS" start="2024-04-30T16:18:00.949029" elapsed="0.000384"/>
</kw>
<status status="PASS" start="2024-04-30T16:18:00.852174" elapsed="0.097497"/>
</kw>
<doc>Testa se os tipos de dados na resposta da API estão corretos.</doc>
<tag>testeTiposDados</tag>
<status status="PASS" start="2024-04-30T16:18:00.753412" elapsed="0.196431"/>
</test>
<test id="s1-s1-t5" name="Validar conteudo" line="35">
<kw name="Teste de Tipos de Conteudo" owner="random-user-service">
<kw name="GET On Session" owner="RequestsLibrary">
<msg time="2024-04-30T16:18:01.047132" level="INFO">GET Request : url=https://randomuser.me/api 
 path_url=/api 
 headers={'User-Agent': 'python-requests/2.31.0', 'Accept-Encoding': 'gzip, deflate', 'Accept': '*/*', 'Connection': 'keep-alive'} 
 body=None 
 </msg>
<msg time="2024-04-30T16:18:01.047254" level="INFO">GET Response : url=https://randomuser.me/api 
 status=200, reason=OK 
 headers={'Date': 'Tue, 30 Apr 2024 16:18:01 GMT', 'Content-Type': 'application/json; charset=utf-8', 'Transfer-Encoding': 'chunked', 'Connection': 'keep-alive', 'X-Powered-By': 'Express', 'Access-Control-Allow-Origin': '*', 'Cache-Control': 'no-cache', 'ETag': 'W/"466-Cm8F581aZK2aljA0jxMwQN9uxsA"', 'Vary': 'Accept-Encoding', 'Content-Encoding': 'gzip', 'CF-Cache-Status': 'DYNAMIC', 'Report-To': '{"endpoints":[{"url":"https:\\/\\/a.nel.cloudflare.com\\/report\\/v4?s=zPCEslesAT5WUTaYlb02QNvtRmZtwlVFNmd27hEWOfj%2BCCOjFGyGw%2FEqVgQBbWCLs6YVbhIwhqMa8Lppow7QBO6Wg0Jgmzo1l1uWhrmA5cic%2BMI70xh%2BWo614K%2Fc1Gom"}],"group":"cf-nel","max_age":604800}', 'NEL': '{"success_fraction":0,"report_to":"cf-nel","max_age":604800}', 'Server': 'cloudflare', 'CF-RAY': '87c8d863fe5cfb2c-SJC', 'alt-svc': 'h3=":443"; ma=86400'} 
 body={"results":[{"gender":"male","name":{"title":"Mr","first":"Nihal","last":"Kurutluoğlu"},"location":{"street":{"number":5791,"name":"Maçka Cd"},"city":"Rize","state":"Karaman","country":"Turkey","postcode":24704,"coordinates":{"latitude":"70.8117","longitude":"-47.3524"},"timezone":{"offset":"+3:30","description":"Tehran"}},"email":"nihal.kurutluoglu@example.com","login":{"uuid":"c999bad2-0b55-4eee-bd0c-72e877c5f1fd","username":"angryrabbit495","password":"stream","salt":"aUwv344R","md5":"524fab5dc949114aaefe1bafa49bebfe","sha1":"f8cbbf725962dec27ba55e641a3d8d1e37d18a65","sha256":"345e2abd3e65bd0acf367c9b27ac6b9251a0f387c33742474a185a48df666c89"},"dob":{"date":"1953-10-05T11:42:19.341Z","age":70},"registered":{"date":"2019-11-20T01:22:28.004Z","age":4},"phone":"(447)-391-9838","cell":"(105)-166-2154","id":{"name":"","value":null},"picture":{"large":"https://randomuser.me/api/portraits/men/54.jpg","medium":"https://randomuser.me/api/portraits/med/men/54.jpg","thumbnail":"https://randomuser.me/api/portraits/thumb/men/54.jpg"},"nat":"TR"}],"info":{"seed":"8df0efa5fb811b5f","results":1,"page":1,"version":"1.4"}} 
 </msg>
<msg time="2024-04-30T16:18:01.047346" level="INFO">/opt/hostedtoolcache/Python/3.12.3/x64/lib/python3.12/site-packages/urllib3/connectionpool.py:1103: InsecureRequestWarning: Unverified HTTPS request is being made to host 'randomuser.me'. Adding certificate verification is strongly advised. See: https://urllib3.readthedocs.io/en/latest/advanced-usage.html#tls-warnings
  warnings.warn(</msg>
<msg time="2024-04-30T16:18:01.047490" level="INFO">${response} = &lt;Response [200]&gt;</msg>
<var>${response}</var>
<arg>consultarAPI</arg>
<arg>/api</arg>
<doc>Sends a GET request on a previously created HTTP Session.</doc>
<status status="PASS" start="2024-04-30T16:18:00.952346" elapsed="0.095177"/>
</kw>
<kw name="Set Variable" owner="BuiltIn">
<msg time="2024-04-30T16:18:01.048668" level="INFO">${json_data} = {'results': [{'gender': 'male', 'name': {'title': 'Mr', 'first': 'Nihal', 'last': 'Kurutluoğlu'}, 'location': {'street': {'number': 5791, 'name': 'Maçka Cd'}, 'city': 'Rize', 'state': 'Karaman', 'coun...</msg>
<var>${json_data}</var>
<arg>${response.json()}</arg>
<doc>Returns the given values which can then be assigned to a variables.</doc>
<status status="PASS" start="2024-04-30T16:18:01.048113" elapsed="0.000587"/>
</kw>
<kw name="Set Variable" owner="BuiltIn">
<msg time="2024-04-30T16:18:01.049452" level="INFO">${name_title} = Mr</msg>
<var>${name_title}</var>
<arg>${json_data["results"][0]["name"]["title"]}</arg>
<doc>Returns the given values which can then be assigned to a variables.</doc>
<status status="PASS" start="2024-04-30T16:18:01.049050" elapsed="0.000428"/>
</kw>
<kw name="Create List" owner="BuiltIn">
<msg time="2024-04-30T16:18:01.049944" level="INFO">${allowed_titles} = ['Mr', 'Ms', 'Miss', 'Mrs', 'Madame', 'Monsieur']</msg>
<var>${allowed_titles}</var>
<arg>Mr</arg>
<arg>Ms</arg>
<arg>Miss</arg>
<arg>Mrs</arg>
<arg>Madame</arg>
<arg>Monsieur</arg>
<doc>Returns a list containing given items.</doc>
<status status="PASS" start="2024-04-30T16:18:01.049793" elapsed="0.000176"/>
</kw>
<kw name="List Should Contain Value" owner="Collections">
<msg time="2024-04-30T16:18:01.050460" level="INFO">False</msg>
<arg>${allowed_titles}</arg>
<arg>${name_title}</arg>
<doc>Fails if the ``value`` is not found from ``list``.</doc>
<status status="PASS" start="2024-04-30T16:18:01.050275" elapsed="0.000223"/>
</kw>
<kw name="Set Variable" owner="BuiltIn">
<msg time="2024-04-30T16:18:01.051180" level="INFO">${name_country} = TR</msg>
<var>${name_country}</var>
<arg>${json_data["results"][0]["nat"]}</arg>
<doc>Returns the given values which can then be assigned to a variables.</doc>
<status status="PASS" start="2024-04-30T16:18:01.050791" elapsed="0.000415"/>
</kw>
<kw name="Create List" owner="BuiltIn">
<msg time="2024-04-30T16:18:01.052110" level="INFO">${list_country} = ['AD', 'AE', 'AF', 'AG', 'AI', 'AL', 'AM', 'AO', 'AQ', 'AR', 'AS', 'AT', 'AU', 'AW', 'AX', 'AZ', 'BA', 'BB', 'BD', 'BE', 'BF', 'BG', 'BH', 'BI', 'BJ', 'BL', 'BM', 'BN', 'BO', 'BQ', 'BR', 'BS', 'BT', '...</msg>
<var>${list_country}</var>
<arg>AD</arg>
<arg>AE</arg>
<arg>AF</arg>
<arg>AG</arg>
<arg>AI</arg>
<arg>AL</arg>
<arg>AM</arg>
<arg>AO</arg>
<arg>AQ</arg>
<arg>AR</arg>
<arg>AS</arg>
<arg>AT</arg>
<arg>AU</arg>
<arg>AW</arg>
<arg>AX</arg>
<arg>AZ</arg>
<arg>BA</arg>
<arg>BB</arg>
<arg>BD</arg>
<arg>BE</arg>
<arg>BF</arg>
<arg>BG</arg>
<arg>BH</arg>
<arg>BI</arg>
<arg>BJ</arg>
<arg>BL</arg>
<arg>BM</arg>
<arg>BN</arg>
<arg>BO</arg>
<arg>BQ</arg>
<arg>BR</arg>
<arg>BS</arg>
<arg>BT</arg>
<arg>BV</arg>
<arg>BW</arg>
<arg>BY</arg>
<arg>BZ</arg>
<arg>CA</arg>
<arg>CC</arg>
<arg>CD</arg>
<arg>CF</arg>
<arg>CG</arg>
<arg>CH</arg>
<arg>CI</arg>
<arg>CK</arg>
<arg>CL</arg>
<arg>CM</arg>
<arg>CN</arg>
<arg>CO</arg>
<arg>CR</arg>
<arg>CU</arg>
<arg>CV</arg>
<arg>CW</arg>
<arg>CX</arg>
<arg>CY</arg>
<arg>CZ</arg>
<arg>DE</arg>
<arg>DJ</arg>
<arg>DK</arg>
<arg>DM</arg>
<arg>DO</arg>
<arg>DZ</arg>
<arg>EC</arg>
<arg>EE</arg>
<arg>EG</arg>
<arg>EH</arg>
<arg>ER</arg>
<arg>ES</arg>
<arg>ET</arg>
<arg>FI</arg>
<arg>FJ</arg>
<arg>FK</arg>
<arg>FM</arg>
<arg>FO</arg>
<arg>FR</arg>
<arg>GA</arg>
<arg>GB</arg>
<arg>GD</arg>
<arg>GE</arg>
<arg>GF</arg>
<arg>GG</arg>
<arg>GH</arg>
<arg>GI</arg>
<arg>GL</arg>
<arg>GM</arg>
<arg>GN</arg>
<arg>GP</arg>
<arg>GQ</arg>
<arg>GR</arg>
<arg>GS</arg>
<arg>GT</arg>
<arg>GU</arg>
<arg>GW</arg>
<arg>GY</arg>
<arg>HK</arg>
<arg>HM</arg>
<arg>HN</arg>
<arg>HR</arg>
<arg>HT</arg>
<arg>HU</arg>
<arg>ID</arg>
<arg>IE</arg>
<arg>IL</arg>
<arg>IM</arg>
<arg>IN</arg>
<arg>IO</arg>
<arg>IQ</arg>
<arg>IR</arg>
<arg>IS</arg>
<arg>IT</arg>
<arg>JE</arg>
<arg>JM</arg>
<arg>JO</arg>
<arg>JP</arg>
<arg>KE</arg>
<arg>KG</arg>
<arg>KH</arg>
<arg>KI</arg>
<arg>KM</arg>
<arg>KN</arg>
<arg>KP</arg>
<arg>KR</arg>
<arg>KW</arg>
<arg>KY</arg>
<arg>KZ</arg>
<arg>LA</arg>
<arg>LB</arg>
<arg>LC</arg>
<arg>LI</arg>
<arg>LK</arg>
<arg>LR</arg>
<arg>LS</arg>
<arg>LT</arg>
<arg>LU</arg>
<arg>LV</arg>
<arg>LY</arg>
<arg>MA</arg>
<arg>MC</arg>
<arg>MD</arg>
<arg>ME</arg>
<arg>MF</arg>
<arg>MG</arg>
<arg>MH</arg>
<arg>MK</arg>
<arg>ML</arg>
<arg>MM</arg>
<arg>MN</arg>
<arg>MO</arg>
<arg>MP</arg>
<arg>MQ</arg>
<arg>MR</arg>
<arg>MS</arg>
<arg>MT</arg>
<arg>MU</arg>
<arg>MV</arg>
<arg>MW</arg>
<arg>MX</arg>
<arg>MY</arg>
<arg>MZ</arg>
<arg>NA</arg>
<arg>NC</arg>
<arg>NE</arg>
<arg>NF</arg>
<arg>NG</arg>
<arg>NI</arg>
<arg>NL</arg>
<arg>NO</arg>
<arg>NP</arg>
<arg>NR</arg>
<arg>NU</arg>
<arg>NZ</arg>
<arg>OM</arg>
<arg>PA</arg>
<arg>PE</arg>
<arg>PF</arg>
<arg>PG</arg>
<arg>PH</arg>
<arg>PK</arg>
<arg>PL</arg>
<arg>PM</arg>
<arg>PN</arg>
<arg>PR</arg>
<arg>PS</arg>
<arg>PT</arg>
<arg>PW</arg>
<arg>PY</arg>
<arg>QA</arg>
<arg>RE</arg>
<arg>RO</arg>
<arg>RS</arg>
<arg>RU</arg>
<arg>RW</arg>
<arg>SA</arg>
<arg>SB</arg>
<arg>SC</arg>
<arg>SD</arg>
<arg>SE</arg>
<arg>SG</arg>
<arg>SH</arg>
<arg>SI</arg>
<arg>SJ</arg>
<arg>SK</arg>
<arg>SL</arg>
<arg>SM</arg>
<arg>SN</arg>
<arg>SO</arg>
<arg>SR</arg>
<arg>SS</arg>
<arg>ST</arg>
<arg>SV</arg>
<arg>SX</arg>
<arg>SY</arg>
<arg>SZ</arg>
<arg>TC</arg>
<arg>TD</arg>
<arg>TF</arg>
<arg>TG</arg>
<arg>TH</arg>
<arg>TJ</arg>
<arg>TK</arg>
<arg>TL</arg>
<arg>TM</arg>
<arg>TN</arg>
<arg>TO</arg>
<arg>TR</arg>
<arg>TT</arg>
<arg>TV</arg>
<arg>TW</arg>
<arg>TZ</arg>
<arg>UA</arg>
<arg>UG</arg>
<arg>UM</arg>
<arg>US</arg>
<arg>UY</arg>
<arg>UZ</arg>
<arg>VA</arg>
<arg>VC</arg>
<arg>VE</arg>
<arg>VG</arg>
<arg>VI</arg>
<arg>VN</arg>
<arg>VU</arg>
<arg>WF</arg>
<arg>WS</arg>
<arg>XK</arg>
<arg>YE</arg>
<arg>YT</arg>
<arg>ZA</arg>
<arg>ZM</arg>
<arg>ZW</arg>
<doc>Returns a list containing given items.</doc>
<status status="PASS" start="2024-04-30T16:18:01.051515" elapsed="0.000622"/>
</kw>
<kw name="List Should Contain Value" owner="Collections">
<msg time="2024-04-30T16:18:01.053190" level="INFO">False</msg>
<arg>${list_country}</arg>
<arg>${name_country}</arg>
<doc>Fails if the ``value`` is not found from ``list``.</doc>
<status status="PASS" start="2024-04-30T16:18:01.052954" elapsed="0.000274"/>
</kw>
<kw name="Run Keyword If" owner="BuiltIn">
<kw name="Should Be True" owner="BuiltIn">
<arg>${True}</arg>
<doc>Fails if the given condition is not true.</doc>
<status status="PASS" start="2024-04-30T16:18:01.054342" elapsed="0.000274"/>
</kw>
<arg>${json_data["results"][0]["location"]["coordinates"]["latitude"]} &gt;= -90 and ${json_data["results"][0]["location"]["coordinates"]["latitude"]} &lt;= 90</arg>
<arg>Should Be True</arg>
<arg>${True}</arg>
<doc>Runs the given keyword with the given arguments, if ``condition`` is true.</doc>
<status status="PASS" start="2024-04-30T16:18:01.053550" elapsed="0.001202"/>
</kw>
<kw name="Run Keyword If" owner="BuiltIn">
<kw name="Should Be True" owner="BuiltIn">
<arg>${True}</arg>
<doc>Fails if the given condition is not true.</doc>
<status status="PASS" start="2024-04-30T16:18:01.055684" elapsed="0.000142"/>
</kw>
<arg>${json_data["results"][0]["location"]["coordinates"]["longitude"]} &gt;= -180 and ${json_data["results"][0]["location"]["coordinates"]["longitude"]} &lt;= 180</arg>
<arg>Should Be True</arg>
<arg>${True}</arg>
<doc>Runs the given keyword with the given arguments, if ``condition`` is true.</doc>
<status status="PASS" start="2024-04-30T16:18:01.054950" elapsed="0.001003"/>
</kw>
<status status="PASS" start="2024-04-30T16:18:00.952107" elapsed="0.103982"/>
</kw>
<doc>Testa o conteúdo específico dos campos retornados pela API.</doc>
<tag>testeConteudo</tag>
<status status="PASS" start="2024-04-30T16:18:00.951624" elapsed="0.104627"/>
</test>
<status status="PASS" start="2024-04-30T16:18:00.174911" elapsed="0.883409"/>
</suite>
<status status="PASS" start="2024-04-30T16:18:00.159140" elapsed="0.904490"/>
</suite>
<statistics>
<total>
<stat pass="5" fail="0" skip="0">All Tests</stat>
</total>
<tag>
<stat pass="1" fail="0" skip="0">testeConteudo</stat>
<stat pass="1" fail="0" skip="0">testeEstruturaResposta</stat>
<stat pass="1" fail="0" skip="0">testeRequisicaoBasica</stat>
<stat pass="1" fail="0" skip="0">testeTiposDados</stat>
</tag>
<suite>
<stat pass="5" fail="0" skip="0" id="s1" name="Tests">Tests</stat>
<stat pass="5" fail="0" skip="0" id="s1-s1" name="Random-User-Test">Tests.Random-User-Test</stat>
</suite>
</statistics>
<errors>
</errors>
</robot>
