<?xml version="1.0" encoding="UTF-8"?>
<robot generator="Robot 7.0 (Python 3.12.3 on linux)" generated="2024-05-08T13:17:34.161921" rpa="false" schemaversion="5">
<suite id="s1" name="Tests" source="/home/runner/work/DesafioQAItauRogerioJordao/DesafioQAItauRogerioJordao/RamdonUser/tests">
<suite id="s1-s1" name="Random-User-Test" source="/home/runner/work/DesafioQAItauRogerioJordao/DesafioQAItauRogerioJordao/RamdonUser/tests/random-user-test.robot">
<test id="s1-s1-t1" name="Conectar" line="13">
<kw name="Conectar API" owner="random-user-service">
<kw name="Create Session" owner="RequestsLibrary">
<msg time="2024-05-08T13:17:34.524344" level="INFO">Creating Session using : alias=consultarAPI, url=https://randomuser.me/, headers={},                     cookies={}, auth=None, timeout=None, proxies=None, verify=False,                     debug=0 </msg>
<arg>consultarAPI</arg>
<arg>${URL}</arg>
<doc>Create Session: create a HTTP session to a server</doc>
<status status="PASS" start="2024-05-08T13:17:34.524153" elapsed="0.000361"/>
</kw>
<status status="PASS" start="2024-05-08T13:17:34.523237" elapsed="0.001614"/>
</kw>
<status status="PASS" start="2024-05-08T13:17:34.522599" elapsed="0.002445"/>
</test>
<test id="s1-s1-t2" name="Validar retorno 200 e JSON Válido" line="16">
<kw name="Teste de Requisicao Basica" owner="random-user-service">
<kw name="GET On Session" owner="RequestsLibrary">
<msg time="2024-05-08T13:17:34.714573" level="INFO">GET Request : url=https://randomuser.me/api 
 path_url=/api 
 headers={'User-Agent': 'python-requests/2.31.0', 'Accept-Encoding': 'gzip, deflate', 'Accept': '*/*', 'Connection': 'keep-alive'} 
 body=None 
 </msg>
<msg time="2024-05-08T13:17:34.714683" level="INFO">GET Response : url=https://randomuser.me/api 
 status=200, reason=OK 
 headers={'Date': 'Wed, 08 May 2024 13:17:34 GMT', 'Content-Type': 'application/json; charset=utf-8', 'Transfer-Encoding': 'chunked', 'Connection': 'keep-alive', 'X-Powered-By': 'Express', 'Access-Control-Allow-Origin': '*', 'Cache-Control': 'no-cache', 'ETag': 'W/"474-/XFLlk3RwPcib3cHfGRjHDN9RHw"', 'Vary': 'Accept-Encoding', 'Content-Encoding': 'gzip', 'CF-Cache-Status': 'DYNAMIC', 'Report-To': '{"endpoints":[{"url":"https:\\/\\/a.nel.cloudflare.com\\/report\\/v4?s=JCikf203iN1cKUtIfaowOSty9A6n24Bcg%2Bz1i3HSWeC7yHD1V50eJOkVc2oIUkKIZj3YS%2B1jHFcHLuwuPMCr6hH%2FCwyj5SRgqRII07dsGIj1jzWpbImxoQKX8XM0IeUi"}],"group":"cf-nel","max_age":604800}', 'NEL': '{"success_fraction":0,"report_to":"cf-nel","max_age":604800}', 'Server': 'cloudflare', 'CF-RAY': '8809bb13b9c1825d-IAD', 'alt-svc': 'h3=":443"; ma=86400'} 
 body={"results":[{"gender":"male","name":{"title":"Mr","first":"Yazan","last":"Leite"},"location":{"street":{"number":8786,"name":"Bjørnehiet"},"city":"Melsomvik","state":"Finnmark - Finnmárku","country":"Norway","postcode":"7022","coordinates":{"latitude":"42.4459","longitude":"-94.2464"},"timezone":{"offset":"-2:00","description":"Mid-Atlantic"}},"email":"yazan.leite@example.com","login":{"uuid":"f76e1841-11de-4e07-947c-4becfb6997d9","username":"heavypeacock370","password":"dingo","salt":"hf234cD1","md5":"a56449997234f5540f1437145670f4fb","sha1":"7f6af69984f4660a8b5ec6f6ec56a20314d48533","sha256":"c9c3d1cec81ace759e21ee7c77bc7119f215455c4a805e9267f02849d9b92065"},"dob":{"date":"1986-07-17T20:31:09.579Z","age":37},"registered":{"date":"2020-12-19T09:49:04.342Z","age":3},"phone":"86466485","cell":"92050415","id":{"name":"FN","value":"17078630337"},"picture":{"large":"https://randomuser.me/api/portraits/men/78.jpg","medium":"https://randomuser.me/api/portraits/med/men/78.jpg","thumbnail":"https://randomuser.me/api/portraits/thumb/men/78.jpg"},"nat":"NO"}],"info":{"seed":"15c381974274722b","results":1,"page":1,"version":"1.4"}} 
 </msg>
<msg time="2024-05-08T13:17:34.714760" level="INFO">/opt/hostedtoolcache/Python/3.12.3/x64/lib/python3.12/site-packages/urllib3/connectionpool.py:1103: InsecureRequestWarning: Unverified HTTPS request is being made to host 'randomuser.me'. Adding certificate verification is strongly advised. See: https://urllib3.readthedocs.io/en/latest/advanced-usage.html#tls-warnings
  warnings.warn(</msg>
<msg time="2024-05-08T13:17:34.714880" level="INFO">${response} = &lt;Response [200]&gt;</msg>
<var>${response}</var>
<arg>consultarAPI</arg>
<arg>/api</arg>
<doc>Sends a GET request on a previously created HTTP Session.</doc>
<status status="PASS" start="2024-05-08T13:17:34.527750" elapsed="0.187175"/>
</kw>
<kw name="Should Be Equal As Numbers" owner="BuiltIn">
<msg time="2024-05-08T13:17:34.716110" level="INFO">Argument types are:
&lt;class 'int'&gt;
&lt;class 'str'&gt;</msg>
<arg>${response.status_code}</arg>
<arg>200</arg>
<doc>Fails if objects are unequal after converting them to real numbers.</doc>
<status status="PASS" start="2024-05-08T13:17:34.715517" elapsed="0.000660"/>
</kw>
<kw name="Log" owner="BuiltIn">
<msg time="2024-05-08T13:17:34.716888" level="INFO">200</msg>
<arg>${response.status_code}</arg>
<doc>Logs the given message with the given level.</doc>
<status status="PASS" start="2024-05-08T13:17:34.716527" elapsed="0.000404"/>
</kw>
<kw name="Set Variable" owner="BuiltIn">
<msg time="2024-05-08T13:17:34.717698" level="INFO">${json_data} = {'results': [{'gender': 'male', 'name': {'title': 'Mr', 'first': 'Yazan', 'last': 'Leite'}, 'location': {'street': {'number': 8786, 'name': 'Bjørnehiet'}, 'city': 'Melsomvik', 'state': 'Finnmark - Fin...</msg>
<var>${json_data}</var>
<arg>${response.json()}</arg>
<doc>Returns the given values which can then be assigned to a variables.</doc>
<status status="PASS" start="2024-05-08T13:17:34.717249" elapsed="0.000478"/>
</kw>
<kw name="Dictionary Should Contain Key" owner="Collections">
<msg time="2024-05-08T13:17:34.718205" level="INFO">False</msg>
<arg>${json_data}</arg>
<arg>results</arg>
<doc>Fails if ``key`` is not found from ``dictionary``.</doc>
<status status="PASS" start="2024-05-08T13:17:34.718040" elapsed="0.000203"/>
</kw>
<status status="PASS" start="2024-05-08T13:17:34.527508" elapsed="0.190990"/>
</kw>
<doc>Testa se a API responde corretamente e retorna um objeto JSON válido.</doc>
<tag>testeRequisicaoBasica</tag>
<status status="PASS" start="2024-05-08T13:17:34.526924" elapsed="0.191751"/>
</test>
<test id="s1-s1-t3" name="Validar estrutura de resposta" line="22">
<kw name="Teste de Estrutura de Resposta" owner="random-user-service">
<kw name="GET On Session" owner="RequestsLibrary">
<msg time="2024-05-08T13:17:34.819271" level="INFO">GET Request : url=https://randomuser.me/api 
 path_url=/api 
 headers={'User-Agent': 'python-requests/2.31.0', 'Accept-Encoding': 'gzip, deflate', 'Accept': '*/*', 'Connection': 'keep-alive'} 
 body=None 
 </msg>
<msg time="2024-05-08T13:17:34.819363" level="INFO">GET Response : url=https://randomuser.me/api 
 status=200, reason=OK 
 headers={'Date': 'Wed, 08 May 2024 13:17:34 GMT', 'Content-Type': 'application/json; charset=utf-8', 'Transfer-Encoding': 'chunked', 'Connection': 'keep-alive', 'X-Powered-By': 'Express', 'Access-Control-Allow-Origin': '*', 'Cache-Control': 'no-cache', 'ETag': 'W/"4a5-rmdPhU2GeLkGpWpYT7wPBoABM3c"', 'Vary': 'Accept-Encoding', 'Content-Encoding': 'gzip', 'CF-Cache-Status': 'DYNAMIC', 'Report-To': '{"endpoints":[{"url":"https:\\/\\/a.nel.cloudflare.com\\/report\\/v4?s=kuKcoHX%2F817jll3JevhzwHxUQsLx6bgmM6AFlIZ5J9JCDqSJG0lUtbnqYitvxC13JXkOOzZHCdhmm0QiILQv3sTpLjAYHmcOkUAUZPc4Jrtwq1NBi5Y5Zj32amL6tElc"}],"group":"cf-nel","max_age":604800}', 'NEL': '{"success_fraction":0,"report_to":"cf-nel","max_age":604800}', 'Server': 'cloudflare', 'CF-RAY': '8809bb140a04825d-IAD', 'alt-svc': 'h3=":443"; ma=86400'} 
 body={"results":[{"gender":"female","name":{"title":"Mrs","first":"Janet","last":"Fletcher"},"location":{"street":{"number":5751,"name":"Richmond Road"},"city":"Leeds","state":"Wiltshire","country":"United Kingdom","postcode":"IZ8 7PB","coordinates":{"latitude":"-7.3354","longitude":"23.2799"},"timezone":{"offset":"+1:00","description":"Brussels, Copenhagen, Madrid, Paris"}},"email":"janet.fletcher@example.com","login":{"uuid":"74879a6f-2407-48e5-ba43-a551dc63b19d","username":"brownostrich409","password":"drifter","salt":"sdEH3vlN","md5":"128c9bf11b826189e7315e0d32283b19","sha1":"8b2bfe69d58fbecbf4ea0d2444f4beef618943e4","sha256":"9835a245f3580046bbdb3a1ed235b99b00ddffc31613fedb6706b0f13d531be8"},"dob":{"date":"1965-07-20T10:54:18.508Z","age":58},"registered":{"date":"2004-07-30T18:47:17.564Z","age":19},"phone":"016974 45739","cell":"07506 607581","id":{"name":"NINO","value":"MB 95 27 97 P"},"picture":{"large":"https://randomuser.me/api/portraits/women/82.jpg","medium":"https://randomuser.me/api/portraits/med/women/82.jpg","thumbnail":"https://randomuser.me/api/portraits/thumb/women/82.jpg"},"nat":"GB"}],"info":{"seed":"f528280b8f39026b","results":1,"page":1,"version":"1.4"}} 
 </msg>
<msg time="2024-05-08T13:17:34.819491" level="INFO">/opt/hostedtoolcache/Python/3.12.3/x64/lib/python3.12/site-packages/urllib3/connectionpool.py:1103: InsecureRequestWarning: Unverified HTTPS request is being made to host 'randomuser.me'. Adding certificate verification is strongly advised. See: https://urllib3.readthedocs.io/en/latest/advanced-usage.html#tls-warnings
  warnings.warn(</msg>
<msg time="2024-05-08T13:17:34.819623" level="INFO">${response} = &lt;Response [200]&gt;</msg>
<var>${response}</var>
<arg>consultarAPI</arg>
<arg>/api</arg>
<doc>Sends a GET request on a previously created HTTP Session.</doc>
<status status="PASS" start="2024-05-08T13:17:34.721378" elapsed="0.098284"/>
</kw>
<kw name="Set Variable" owner="BuiltIn">
<msg time="2024-05-08T13:17:34.820494" level="INFO">${json_data} = {'results': [{'gender': 'female', 'name': {'title': 'Mrs', 'first': 'Janet', 'last': 'Fletcher'}, 'location': {'street': {'number': 5751, 'name': 'Richmond Road'}, 'city': 'Leeds', 'state': 'Wiltshire...</msg>
<var>${json_data}</var>
<arg>${response.json()}</arg>
<doc>Returns the given values which can then be assigned to a variables.</doc>
<status status="PASS" start="2024-05-08T13:17:34.820033" elapsed="0.000491"/>
</kw>
<kw name="Log" owner="BuiltIn">
<msg time="2024-05-08T13:17:34.821022" level="INFO">{'results': [{'gender': 'female', 'name': {'title': 'Mrs', 'first': 'Janet', 'last': 'Fletcher'}, 'location': {'street': {'number': 5751, 'name': 'Richmond Road'}, 'city': 'Leeds', 'state': 'Wiltshire', 'country': 'United Kingdom', 'postcode': 'IZ8 7PB', 'coordinates': {'latitude': '-7.3354', 'longitude': '23.2799'}, 'timezone': {'offset': '+1:00', 'description': 'Brussels, Copenhagen, Madrid, Paris'}}, 'email': 'janet.fletcher@example.com', 'login': {'uuid': '74879a6f-2407-48e5-ba43-a551dc63b19d', 'username': 'brownostrich409', 'password': 'drifter', 'salt': 'sdEH3vlN', 'md5': '128c9bf11b826189e7315e0d32283b19', 'sha1': '8b2bfe69d58fbecbf4ea0d2444f4beef618943e4', 'sha256': '9835a245f3580046bbdb3a1ed235b99b00ddffc31613fedb6706b0f13d531be8'}, 'dob': {'date': '1965-07-20T10:54:18.508Z', 'age': 58}, 'registered': {'date': '2004-07-30T18:47:17.564Z', 'age': 19}, 'phone': '016974 45739', 'cell': '07506 607581', 'id': {'name': 'NINO', 'value': 'MB 95 27 97 P'}, 'picture': {'large': 'https://randomuser.me/api/portraits/women/82.jpg', 'medium': 'https://randomuser.me/api/portraits/med/women/82.jpg', 'thumbnail': 'https://randomuser.me/api/portraits/thumb/women/82.jpg'}, 'nat': 'GB'}], 'info': {'seed': 'f528280b8f39026b', 'results': 1, 'page': 1, 'version': '1.4'}}</msg>
<arg>${json_data}</arg>
<doc>Logs the given message with the given level.</doc>
<status status="PASS" start="2024-05-08T13:17:34.820846" elapsed="0.000226"/>
</kw>
<kw name="Dictionary Should Contain Key" owner="Collections">
<msg time="2024-05-08T13:17:34.821531" level="INFO">False</msg>
<arg>${json_data}</arg>
<arg>results</arg>
<doc>Fails if ``key`` is not found from ``dictionary``.</doc>
<status status="PASS" start="2024-05-08T13:17:34.821377" elapsed="0.000192"/>
</kw>
<kw name="Should Not Be Empty" owner="BuiltIn">
<msg time="2024-05-08T13:17:34.822000" level="INFO">Length is 2.</msg>
<arg>${json_data}</arg>
<doc>Verifies that the given item is not empty.</doc>
<status status="PASS" start="2024-05-08T13:17:34.821862" elapsed="0.000177"/>
</kw>
<kw name="Create List" owner="BuiltIn">
<msg time="2024-05-08T13:17:34.822613" level="INFO">${expected_keys} = ['gender', 'name', 'location', 'email', 'login']</msg>
<var>${expected_keys}</var>
<arg>gender</arg>
<arg>name</arg>
<arg>location</arg>
<arg>email</arg>
<arg>login</arg>
<doc>Returns a list containing given items.</doc>
<status status="PASS" start="2024-05-08T13:17:34.822335" elapsed="0.000303"/>
</kw>
<for flavor="IN">
<iter>
<kw name="Dictionary Should Contain Key" owner="Collections">
<msg time="2024-05-08T13:17:34.823676" level="INFO">False</msg>
<arg>${json_data['results'][0]}</arg>
<arg>${key}</arg>
<doc>Fails if ``key`` is not found from ``dictionary``.</doc>
<status status="PASS" start="2024-05-08T13:17:34.823270" elapsed="0.000444"/>
</kw>
<kw name="Log" owner="BuiltIn">
<msg time="2024-05-08T13:17:34.824397" level="INFO">{'gender': 'female', 'name': {'title': 'Mrs', 'first': 'Janet', 'last': 'Fletcher'}, 'location': {'street': {'number': 5751, 'name': 'Richmond Road'}, 'city': 'Leeds', 'state': 'Wiltshire', 'country': 'United Kingdom', 'postcode': 'IZ8 7PB', 'coordinates': {'latitude': '-7.3354', 'longitude': '23.2799'}, 'timezone': {'offset': '+1:00', 'description': 'Brussels, Copenhagen, Madrid, Paris'}}, 'email': 'janet.fletcher@example.com', 'login': {'uuid': '74879a6f-2407-48e5-ba43-a551dc63b19d', 'username': 'brownostrich409', 'password': 'drifter', 'salt': 'sdEH3vlN', 'md5': '128c9bf11b826189e7315e0d32283b19', 'sha1': '8b2bfe69d58fbecbf4ea0d2444f4beef618943e4', 'sha256': '9835a245f3580046bbdb3a1ed235b99b00ddffc31613fedb6706b0f13d531be8'}, 'dob': {'date': '1965-07-20T10:54:18.508Z', 'age': 58}, 'registered': {'date': '2004-07-30T18:47:17.564Z', 'age': 19}, 'phone': '016974 45739', 'cell': '07506 607581', 'id': {'name': 'NINO', 'value': 'MB 95 27 97 P'}, 'picture': {'large': 'https://randomuser.me/api/portraits/women/82.jpg', 'medium': 'https://randomuser.me/api/portraits/med/women/82.jpg', 'thumbnail': 'https://randomuser.me/api/portraits/thumb/women/82.jpg'}, 'nat': 'GB'}</msg>
<arg>${json_data['results'][0]}</arg>
<doc>Logs the given message with the given level.</doc>
<status status="PASS" start="2024-05-08T13:17:34.824019" elapsed="0.000427"/>
</kw>
<kw name="Log" owner="BuiltIn">
<msg time="2024-05-08T13:17:34.824875" level="INFO">gender</msg>
<arg>${key}</arg>
<doc>Logs the given message with the given level.</doc>
<status status="PASS" start="2024-05-08T13:17:34.824748" elapsed="0.000165"/>
</kw>
<var name="${key}">gender</var>
<status status="PASS" start="2024-05-08T13:17:34.823139" elapsed="0.001991"/>
</iter>
<iter>
<kw name="Dictionary Should Contain Key" owner="Collections">
<msg time="2024-05-08T13:17:34.825855" level="INFO">False</msg>
<arg>${json_data['results'][0]}</arg>
<arg>${key}</arg>
<doc>Fails if ``key`` is not found from ``dictionary``.</doc>
<status status="PASS" start="2024-05-08T13:17:34.825451" elapsed="0.000441"/>
</kw>
<kw name="Log" owner="BuiltIn">
<msg time="2024-05-08T13:17:34.826579" level="INFO">{'gender': 'female', 'name': {'title': 'Mrs', 'first': 'Janet', 'last': 'Fletcher'}, 'location': {'street': {'number': 5751, 'name': 'Richmond Road'}, 'city': 'Leeds', 'state': 'Wiltshire', 'country': 'United Kingdom', 'postcode': 'IZ8 7PB', 'coordinates': {'latitude': '-7.3354', 'longitude': '23.2799'}, 'timezone': {'offset': '+1:00', 'description': 'Brussels, Copenhagen, Madrid, Paris'}}, 'email': 'janet.fletcher@example.com', 'login': {'uuid': '74879a6f-2407-48e5-ba43-a551dc63b19d', 'username': 'brownostrich409', 'password': 'drifter', 'salt': 'sdEH3vlN', 'md5': '128c9bf11b826189e7315e0d32283b19', 'sha1': '8b2bfe69d58fbecbf4ea0d2444f4beef618943e4', 'sha256': '9835a245f3580046bbdb3a1ed235b99b00ddffc31613fedb6706b0f13d531be8'}, 'dob': {'date': '1965-07-20T10:54:18.508Z', 'age': 58}, 'registered': {'date': '2004-07-30T18:47:17.564Z', 'age': 19}, 'phone': '016974 45739', 'cell': '07506 607581', 'id': {'name': 'NINO', 'value': 'MB 95 27 97 P'}, 'picture': {'large': 'https://randomuser.me/api/portraits/women/82.jpg', 'medium': 'https://randomuser.me/api/portraits/med/women/82.jpg', 'thumbnail': 'https://randomuser.me/api/portraits/thumb/women/82.jpg'}, 'nat': 'GB'}</msg>
<arg>${json_data['results'][0]}</arg>
<doc>Logs the given message with the given level.</doc>
<status status="PASS" start="2024-05-08T13:17:34.826215" elapsed="0.000413"/>
</kw>
<kw name="Log" owner="BuiltIn">
<msg time="2024-05-08T13:17:34.827083" level="INFO">name</msg>
<arg>${key}</arg>
<doc>Logs the given message with the given level.</doc>
<status status="PASS" start="2024-05-08T13:17:34.826923" elapsed="0.000200"/>
</kw>
<var name="${key}">name</var>
<status status="PASS" start="2024-05-08T13:17:34.825326" elapsed="0.002016"/>
</iter>
<iter>
<kw name="Dictionary Should Contain Key" owner="Collections">
<msg time="2024-05-08T13:17:34.828022" level="INFO">False</msg>
<arg>${json_data['results'][0]}</arg>
<arg>${key}</arg>
<doc>Fails if ``key`` is not found from ``dictionary``.</doc>
<status status="PASS" start="2024-05-08T13:17:34.827635" elapsed="0.000425"/>
</kw>
<kw name="Log" owner="BuiltIn">
<msg time="2024-05-08T13:17:34.828720" level="INFO">{'gender': 'female', 'name': {'title': 'Mrs', 'first': 'Janet', 'last': 'Fletcher'}, 'location': {'street': {'number': 5751, 'name': 'Richmond Road'}, 'city': 'Leeds', 'state': 'Wiltshire', 'country': 'United Kingdom', 'postcode': 'IZ8 7PB', 'coordinates': {'latitude': '-7.3354', 'longitude': '23.2799'}, 'timezone': {'offset': '+1:00', 'description': 'Brussels, Copenhagen, Madrid, Paris'}}, 'email': 'janet.fletcher@example.com', 'login': {'uuid': '74879a6f-2407-48e5-ba43-a551dc63b19d', 'username': 'brownostrich409', 'password': 'drifter', 'salt': 'sdEH3vlN', 'md5': '128c9bf11b826189e7315e0d32283b19', 'sha1': '8b2bfe69d58fbecbf4ea0d2444f4beef618943e4', 'sha256': '9835a245f3580046bbdb3a1ed235b99b00ddffc31613fedb6706b0f13d531be8'}, 'dob': {'date': '1965-07-20T10:54:18.508Z', 'age': 58}, 'registered': {'date': '2004-07-30T18:47:17.564Z', 'age': 19}, 'phone': '016974 45739', 'cell': '07506 607581', 'id': {'name': 'NINO', 'value': 'MB 95 27 97 P'}, 'picture': {'large': 'https://randomuser.me/api/portraits/women/82.jpg', 'medium': 'https://randomuser.me/api/portraits/med/women/82.jpg', 'thumbnail': 'https://randomuser.me/api/portraits/thumb/women/82.jpg'}, 'nat': 'GB'}</msg>
<arg>${json_data['results'][0]}</arg>
<doc>Logs the given message with the given level.</doc>
<status status="PASS" start="2024-05-08T13:17:34.828361" elapsed="0.000407"/>
</kw>
<kw name="Log" owner="BuiltIn">
<msg time="2024-05-08T13:17:34.829189" level="INFO">location</msg>
<arg>${key}</arg>
<doc>Logs the given message with the given level.</doc>
<status status="PASS" start="2024-05-08T13:17:34.829062" elapsed="0.000164"/>
</kw>
<var name="${key}">location</var>
<status status="PASS" start="2024-05-08T13:17:34.827522" elapsed="0.001918"/>
</iter>
<iter>
<kw name="Dictionary Should Contain Key" owner="Collections">
<msg time="2024-05-08T13:17:34.830108" level="INFO">False</msg>
<arg>${json_data['results'][0]}</arg>
<arg>${key}</arg>
<doc>Fails if ``key`` is not found from ``dictionary``.</doc>
<status status="PASS" start="2024-05-08T13:17:34.829724" elapsed="0.000421"/>
</kw>
<kw name="Log" owner="BuiltIn">
<msg time="2024-05-08T13:17:34.830820" level="INFO">{'gender': 'female', 'name': {'title': 'Mrs', 'first': 'Janet', 'last': 'Fletcher'}, 'location': {'street': {'number': 5751, 'name': 'Richmond Road'}, 'city': 'Leeds', 'state': 'Wiltshire', 'country': 'United Kingdom', 'postcode': 'IZ8 7PB', 'coordinates': {'latitude': '-7.3354', 'longitude': '23.2799'}, 'timezone': {'offset': '+1:00', 'description': 'Brussels, Copenhagen, Madrid, Paris'}}, 'email': 'janet.fletcher@example.com', 'login': {'uuid': '74879a6f-2407-48e5-ba43-a551dc63b19d', 'username': 'brownostrich409', 'password': 'drifter', 'salt': 'sdEH3vlN', 'md5': '128c9bf11b826189e7315e0d32283b19', 'sha1': '8b2bfe69d58fbecbf4ea0d2444f4beef618943e4', 'sha256': '9835a245f3580046bbdb3a1ed235b99b00ddffc31613fedb6706b0f13d531be8'}, 'dob': {'date': '1965-07-20T10:54:18.508Z', 'age': 58}, 'registered': {'date': '2004-07-30T18:47:17.564Z', 'age': 19}, 'phone': '016974 45739', 'cell': '07506 607581', 'id': {'name': 'NINO', 'value': 'MB 95 27 97 P'}, 'picture': {'large': 'https://randomuser.me/api/portraits/women/82.jpg', 'medium': 'https://randomuser.me/api/portraits/med/women/82.jpg', 'thumbnail': 'https://randomuser.me/api/portraits/thumb/women/82.jpg'}, 'nat': 'GB'}</msg>
<arg>${json_data['results'][0]}</arg>
<doc>Logs the given message with the given level.</doc>
<status status="PASS" start="2024-05-08T13:17:34.830441" elapsed="0.000426"/>
</kw>
<kw name="Log" owner="BuiltIn">
<msg time="2024-05-08T13:17:34.831331" level="INFO">email</msg>
<arg>${key}</arg>
<doc>Logs the given message with the given level.</doc>
<status status="PASS" start="2024-05-08T13:17:34.831200" elapsed="0.000169"/>
</kw>
<var name="${key}">email</var>
<status status="PASS" start="2024-05-08T13:17:34.829613" elapsed="0.001980"/>
</iter>
<iter>
<kw name="Dictionary Should Contain Key" owner="Collections">
<msg time="2024-05-08T13:17:34.832260" level="INFO">False</msg>
<arg>${json_data['results'][0]}</arg>
<arg>${key}</arg>
<doc>Fails if ``key`` is not found from ``dictionary``.</doc>
<status status="PASS" start="2024-05-08T13:17:34.831875" elapsed="0.000421"/>
</kw>
<kw name="Log" owner="BuiltIn">
<msg time="2024-05-08T13:17:34.832950" level="INFO">{'gender': 'female', 'name': {'title': 'Mrs', 'first': 'Janet', 'last': 'Fletcher'}, 'location': {'street': {'number': 5751, 'name': 'Richmond Road'}, 'city': 'Leeds', 'state': 'Wiltshire', 'country': 'United Kingdom', 'postcode': 'IZ8 7PB', 'coordinates': {'latitude': '-7.3354', 'longitude': '23.2799'}, 'timezone': {'offset': '+1:00', 'description': 'Brussels, Copenhagen, Madrid, Paris'}}, 'email': 'janet.fletcher@example.com', 'login': {'uuid': '74879a6f-2407-48e5-ba43-a551dc63b19d', 'username': 'brownostrich409', 'password': 'drifter', 'salt': 'sdEH3vlN', 'md5': '128c9bf11b826189e7315e0d32283b19', 'sha1': '8b2bfe69d58fbecbf4ea0d2444f4beef618943e4', 'sha256': '9835a245f3580046bbdb3a1ed235b99b00ddffc31613fedb6706b0f13d531be8'}, 'dob': {'date': '1965-07-20T10:54:18.508Z', 'age': 58}, 'registered': {'date': '2004-07-30T18:47:17.564Z', 'age': 19}, 'phone': '016974 45739', 'cell': '07506 607581', 'id': {'name': 'NINO', 'value': 'MB 95 27 97 P'}, 'picture': {'large': 'https://randomuser.me/api/portraits/women/82.jpg', 'medium': 'https://randomuser.me/api/portraits/med/women/82.jpg', 'thumbnail': 'https://randomuser.me/api/portraits/thumb/women/82.jpg'}, 'nat': 'GB'}</msg>
<arg>${json_data['results'][0]}</arg>
<doc>Logs the given message with the given level.</doc>
<status status="PASS" start="2024-05-08T13:17:34.832587" elapsed="0.000409"/>
</kw>
<kw name="Log" owner="BuiltIn">
<msg time="2024-05-08T13:17:34.833416" level="INFO">login</msg>
<arg>${key}</arg>
<doc>Logs the given message with the given level.</doc>
<status status="PASS" start="2024-05-08T13:17:34.833292" elapsed="0.000190"/>
</kw>
<var name="${key}">login</var>
<status status="PASS" start="2024-05-08T13:17:34.831764" elapsed="0.001937"/>
</iter>
<var>${key}</var>
<value>@{expected_keys}</value>
<status status="PASS" start="2024-05-08T13:17:34.822910" elapsed="0.010913"/>
</for>
<kw name="Create List" owner="BuiltIn">
<msg time="2024-05-08T13:17:34.834152" level="INFO">${expected_keysTwo} = ['username', 'password']</msg>
<var>${expected_keysTwo}</var>
<arg>username</arg>
<arg>password</arg>
<doc>Returns a list containing given items.</doc>
<status status="PASS" start="2024-05-08T13:17:34.834016" elapsed="0.000160"/>
</kw>
<for flavor="IN">
<iter>
<kw name="Dictionary Should Contain Key" owner="Collections">
<msg time="2024-05-08T13:17:34.835093" level="INFO">False</msg>
<arg>${json_data['results'][0]['login']}</arg>
<arg>${keyTwo}</arg>
<doc>Fails if ``key`` is not found from ``dictionary``.</doc>
<status status="PASS" start="2024-05-08T13:17:34.834670" elapsed="0.000460"/>
</kw>
<kw name="Dictionary Should Contain Key" owner="Collections">
<msg time="2024-05-08T13:17:34.835829" level="INFO">False</msg>
<arg>${json_data['results'][0]['login']}</arg>
<arg>${keyTwo}</arg>
<doc>Fails if ``key`` is not found from ``dictionary``.</doc>
<status status="PASS" start="2024-05-08T13:17:34.835425" elapsed="0.000441"/>
</kw>
<kw name="Log" owner="BuiltIn">
<msg time="2024-05-08T13:17:34.836282" level="INFO">username</msg>
<arg>${keyTwo}</arg>
<doc>Logs the given message with the given level.</doc>
<status status="PASS" start="2024-05-08T13:17:34.836157" elapsed="0.000167"/>
</kw>
<var name="${keyTwo}">username</var>
<status status="PASS" start="2024-05-08T13:17:34.834562" elapsed="0.001975"/>
</iter>
<iter>
<kw name="Dictionary Should Contain Key" owner="Collections">
<msg time="2024-05-08T13:17:34.837205" level="INFO">False</msg>
<arg>${json_data['results'][0]['login']}</arg>
<arg>${keyTwo}</arg>
<doc>Fails if ``key`` is not found from ``dictionary``.</doc>
<status status="PASS" start="2024-05-08T13:17:34.836829" elapsed="0.000414"/>
</kw>
<kw name="Dictionary Should Contain Key" owner="Collections">
<msg time="2024-05-08T13:17:34.838002" level="INFO">False</msg>
<arg>${json_data['results'][0]['login']}</arg>
<arg>${keyTwo}</arg>
<doc>Fails if ``key`` is not found from ``dictionary``.</doc>
<status status="PASS" start="2024-05-08T13:17:34.837535" elapsed="0.000505"/>
</kw>
<kw name="Log" owner="BuiltIn">
<msg time="2024-05-08T13:17:34.838460" level="INFO">password</msg>
<arg>${keyTwo}</arg>
<doc>Logs the given message with the given level.</doc>
<status status="PASS" start="2024-05-08T13:17:34.838335" elapsed="0.000161"/>
</kw>
<var name="${keyTwo}">password</var>
<status status="PASS" start="2024-05-08T13:17:34.836712" elapsed="0.001996"/>
</iter>
<var>${keyTwo}</var>
<value>@{expected_keysTwo}</value>
<status status="PASS" start="2024-05-08T13:17:34.834411" elapsed="0.004416"/>
</for>
<status status="PASS" start="2024-05-08T13:17:34.721143" elapsed="0.117820"/>
</kw>
<doc>Testa a estrutura da resposta da API.</doc>
<tag>testeEstruturaResposta</tag>
<status status="PASS" start="2024-05-08T13:17:34.720559" elapsed="0.118603"/>
</test>
<test id="s1-s1-t4" name="Validar tipos de dados" line="28">
<kw name="Teste de Tipos de Dados" owner="random-user-service">
<kw name="GET On Session" owner="RequestsLibrary">
<msg time="2024-05-08T13:17:34.915619" level="INFO">GET Request : url=https://randomuser.me/api 
 path_url=/api 
 headers={'User-Agent': 'python-requests/2.31.0', 'Accept-Encoding': 'gzip, deflate', 'Accept': '*/*', 'Connection': 'keep-alive'} 
 body=None 
 </msg>
<msg time="2024-05-08T13:17:34.915707" level="INFO">GET Response : url=https://randomuser.me/api 
 status=200, reason=OK 
 headers={'Date': 'Wed, 08 May 2024 13:17:34 GMT', 'Content-Type': 'application/json; charset=utf-8', 'Transfer-Encoding': 'chunked', 'Connection': 'keep-alive', 'X-Powered-By': 'Express', 'Access-Control-Allow-Origin': '*', 'Cache-Control': 'no-cache', 'ETag': 'W/"494-aLCAnqZDXz/ttfk+3WkrpDRUqo0"', 'Vary': 'Accept-Encoding', 'Content-Encoding': 'gzip', 'CF-Cache-Status': 'DYNAMIC', 'Report-To': '{"endpoints":[{"url":"https:\\/\\/a.nel.cloudflare.com\\/report\\/v4?s=a6mav5wILl1jdxiGoEr50AQPQlR531iSHwp8kfjjnJkrtNheTiZdLaFKO0XAT3UJX7tv2suhNy01OtlgSZHdzjUsuMQCk13LvfCN8Jn2XLk3iKV0k0mD1h68t%2BjUA8V9"}],"group":"cf-nel","max_age":604800}', 'NEL': '{"success_fraction":0,"report_to":"cf-nel","max_age":604800}', 'Server': 'cloudflare', 'CF-RAY': '8809bb14cab6825d-IAD', 'alt-svc': 'h3=":443"; ma=86400'} 
 body={"results":[{"gender":"male","name":{"title":"Mr","first":"Sander","last":"Christiansen"},"location":{"street":{"number":6355,"name":"Vandværksvej"},"city":"Ishoej","state":"Hovedstaden","country":"Denmark","postcode":22694,"coordinates":{"latitude":"-41.1788","longitude":"-143.6171"},"timezone":{"offset":"+11:00","description":"Magadan, Solomon Islands, New Caledonia"}},"email":"sander.christiansen@example.com","login":{"uuid":"c2fae542-1f72-4c92-b660-09a540d50d8e","username":"happybear131","password":"girl","salt":"e8BlWKi8","md5":"77d9365c38f75bcee28e3a0ff42b2f07","sha1":"48b0b28c3de3ba956bc6736af5a24dc3943ae9c0","sha256":"84885b4543b4a2c817e3e3a6dd9ed2a2d0a4c64bf5710419b2c4c6650ab7adfd"},"dob":{"date":"1976-09-19T23:43:32.788Z","age":47},"registered":{"date":"2015-04-27T18:34:06.776Z","age":9},"phone":"20830859","cell":"50560344","id":{"name":"CPR","value":"190976-8724"},"picture":{"large":"https://randomuser.me/api/portraits/men/31.jpg","medium":"https://randomuser.me/api/portraits/med/men/31.jpg","thumbnail":"https://randomuser.me/api/portraits/thumb/men/31.jpg"},"nat":"DK"}],"info":{"seed":"e3855d30a638f2c9","results":1,"page":1,"version":"1.4"}} 
 </msg>
<msg time="2024-05-08T13:17:34.915782" level="INFO">/opt/hostedtoolcache/Python/3.12.3/x64/lib/python3.12/site-packages/urllib3/connectionpool.py:1103: InsecureRequestWarning: Unverified HTTPS request is being made to host 'randomuser.me'. Adding certificate verification is strongly advised. See: https://urllib3.readthedocs.io/en/latest/advanced-usage.html#tls-warnings
  warnings.warn(</msg>
<msg time="2024-05-08T13:17:34.915868" level="INFO">${response} = &lt;Response [200]&gt;</msg>
<var>${response}</var>
<arg>consultarAPI</arg>
<arg>/api</arg>
<doc>Sends a GET request on a previously created HTTP Session.</doc>
<status status="PASS" start="2024-05-08T13:17:34.841564" elapsed="0.074338"/>
</kw>
<kw name="Set Variable" owner="BuiltIn">
<msg time="2024-05-08T13:17:34.916745" level="INFO">${json_data} = {'results': [{'gender': 'male', 'name': {'title': 'Mr', 'first': 'Sander', 'last': 'Christiansen'}, 'location': {'street': {'number': 6355, 'name': 'Vandværksvej'}, 'city': 'Ishoej', 'state': 'Hovedst...</msg>
<var>${json_data}</var>
<arg>${response.json()}</arg>
<doc>Returns the given values which can then be assigned to a variables.</doc>
<status status="PASS" start="2024-05-08T13:17:34.916276" elapsed="0.000499"/>
</kw>
<kw name="Log" owner="BuiltIn">
<msg time="2024-05-08T13:17:34.917245" level="INFO">{'results': [{'gender': 'male', 'name': {'title': 'Mr', 'first': 'Sander', 'last': 'Christiansen'}, 'location': {'street': {'number': 6355, 'name': 'Vandværksvej'}, 'city': 'Ishoej', 'state': 'Hovedstaden', 'country': 'Denmark', 'postcode': 22694, 'coordinates': {'latitude': '-41.1788', 'longitude': '-143.6171'}, 'timezone': {'offset': '+11:00', 'description': 'Magadan, Solomon Islands, New Caledonia'}}, 'email': 'sander.christiansen@example.com', 'login': {'uuid': 'c2fae542-1f72-4c92-b660-09a540d50d8e', 'username': 'happybear131', 'password': 'girl', 'salt': 'e8BlWKi8', 'md5': '77d9365c38f75bcee28e3a0ff42b2f07', 'sha1': '48b0b28c3de3ba956bc6736af5a24dc3943ae9c0', 'sha256': '84885b4543b4a2c817e3e3a6dd9ed2a2d0a4c64bf5710419b2c4c6650ab7adfd'}, 'dob': {'date': '1976-09-19T23:43:32.788Z', 'age': 47}, 'registered': {'date': '2015-04-27T18:34:06.776Z', 'age': 9}, 'phone': '20830859', 'cell': '50560344', 'id': {'name': 'CPR', 'value': '190976-8724'}, 'picture': {'large': 'https://randomuser.me/api/portraits/men/31.jpg', 'medium': 'https://randomuser.me/api/portraits/med/men/31.jpg', 'thumbnail': 'https://randomuser.me/api/portraits/thumb/men/31.jpg'}, 'nat': 'DK'}], 'info': {'seed': 'e3855d30a638f2c9', 'results': 1, 'page': 1, 'version': '1.4'}}</msg>
<arg>${json_data}</arg>
<doc>Logs the given message with the given level.</doc>
<status status="PASS" start="2024-05-08T13:17:34.917085" elapsed="0.000242"/>
</kw>
<kw name="Should Be String" owner="String">
<arg>${json_data['results'][0]['gender']}</arg>
<doc>Fails if the given ``item`` is not a string.</doc>
<status status="PASS" start="2024-05-08T13:17:34.917634" elapsed="0.000366"/>
</kw>
<kw name="Should Match Regexp" owner="BuiltIn">
<arg>${json_data['results'][0]['email']}</arg>
<arg>^[a-zA-Z0-9._%+-]+@[a-zA-Z0-9.-]+\.[a-zA-Z]{2,}$</arg>
<doc>Fails if ``string`` does not match ``pattern`` as a regular expression.</doc>
<status status="PASS" start="2024-05-08T13:17:34.918196" elapsed="0.000512"/>
</kw>
<kw name="Should Match Regexp" owner="BuiltIn">
<arg>${json_data['results'][0]['dob']['date']}</arg>
<arg>\\d{4}-\\d{2}-\\d{2}T\\d{2}:\\d{2}:\\d{2}\\.\\d{3}Z</arg>
<doc>Fails if ``string`` does not match ``pattern`` as a regular expression.</doc>
<status status="PASS" start="2024-05-08T13:17:34.918904" elapsed="0.000559"/>
</kw>
<kw name="Should Match Regexp" owner="BuiltIn">
<arg>${json_data['results'][0]['registered']['date']}</arg>
<arg>\\d{4}-\\d{2}-\\d{2}T\\d{2}:\\d{2}:\\d{2}\\.\\d{3}Z</arg>
<doc>Fails if ``string`` does not match ``pattern`` as a regular expression.</doc>
<status status="PASS" start="2024-05-08T13:17:34.919658" elapsed="0.000371"/>
</kw>
<kw name="Should Match Regexp" owner="BuiltIn">
<arg>${json_data['results'][0]['picture']['large']}</arg>
<arg>^https?://.*\.(?:png|jpe?g|gif|bmp)$</arg>
<doc>Fails if ``string`` does not match ``pattern`` as a regular expression.</doc>
<status status="PASS" start="2024-05-08T13:17:34.920215" elapsed="0.000478"/>
</kw>
<kw name="Should Match Regexp" owner="BuiltIn">
<arg>${json_data['results'][0]['picture']['medium']}</arg>
<arg>^https?://.*\.(?:png|jpe?g|gif|bmp)$</arg>
<doc>Fails if ``string`` does not match ``pattern`` as a regular expression.</doc>
<status status="PASS" start="2024-05-08T13:17:34.920893" elapsed="0.000374"/>
</kw>
<kw name="Should Match Regexp" owner="BuiltIn">
<arg>${json_data['results'][0]['picture']['thumbnail']}</arg>
<arg>^https?://.*\.(?:png|jpe?g|gif|bmp)$</arg>
<doc>Fails if ``string`` does not match ``pattern`` as a regular expression.</doc>
<status status="PASS" start="2024-05-08T13:17:34.921460" elapsed="0.000348"/>
</kw>
<kw name="Log" owner="BuiltIn">
<msg time="2024-05-08T13:17:34.922304" level="INFO">{'large': 'https://randomuser.me/api/portraits/men/31.jpg', 'medium': 'https://randomuser.me/api/portraits/med/men/31.jpg', 'thumbnail': 'https://randomuser.me/api/portraits/thumb/men/31.jpg'}</msg>
<arg>${json_data['results'][0]['picture']}</arg>
<doc>Logs the given message with the given level.</doc>
<status status="PASS" start="2024-05-08T13:17:34.921985" elapsed="0.000359"/>
</kw>
<status status="PASS" start="2024-05-08T13:17:34.841345" elapsed="0.081250"/>
</kw>
<kw name="Teste de Tipos de Dados - Postcode" owner="random-user-service">
<kw name="GET On Session" owner="RequestsLibrary">
<msg time="2024-05-08T13:17:35.031219" level="INFO">GET Request : url=https://randomuser.me/api 
 path_url=/api 
 headers={'User-Agent': 'python-requests/2.31.0', 'Accept-Encoding': 'gzip, deflate', 'Accept': '*/*', 'Connection': 'keep-alive'} 
 body=None 
 </msg>
<msg time="2024-05-08T13:17:35.031301" level="INFO">GET Response : url=https://randomuser.me/api 
 status=200, reason=OK 
 headers={'Date': 'Wed, 08 May 2024 13:17:35 GMT', 'Content-Type': 'application/json; charset=utf-8', 'Transfer-Encoding': 'chunked', 'Connection': 'keep-alive', 'X-Powered-By': 'Express', 'Access-Control-Allow-Origin': '*', 'Cache-Control': 'no-cache', 'ETag': 'W/"4a8-TpND+GPdZ8qJrM7t3oBO+TE8oyQ"', 'Vary': 'Accept-Encoding', 'Content-Encoding': 'gzip', 'CF-Cache-Status': 'DYNAMIC', 'Report-To': '{"endpoints":[{"url":"https:\\/\\/a.nel.cloudflare.com\\/report\\/v4?s=%2BP4w21Jfh1Ldzxu22wrDCM5HrwnsmOU8FeMg3SNQw6muTNle%2Bkgr2OxILWPAUwwu2FG0LbTb%2FgryxSNbm0679bY%2FYo9OVCHi3VUu7md1zN4v8Oc%2F%2FHNLRqaN4W4LSuqY"}],"group":"cf-nel","max_age":604800}', 'NEL': '{"success_fraction":0,"report_to":"cf-nel","max_age":604800}', 'Server': 'cloudflare', 'CF-RAY': '8809bb154b3c825d-IAD', 'alt-svc': 'h3=":443"; ma=86400'} 
 body={"results":[{"gender":"female","name":{"title":"Mrs","first":"Anaïs","last":"Fleury"},"location":{"street":{"number":5318,"name":"Avenue Tony-Garnier"},"city":"Perpignan","state":"Haute-Garonne","country":"France","postcode":47091,"coordinates":{"latitude":"-16.2651","longitude":"145.3173"},"timezone":{"offset":"+8:00","description":"Beijing, Perth, Singapore, Hong Kong"}},"email":"anais.fleury@example.com","login":{"uuid":"146d81b6-6186-4ff7-a1b8-20ec47097e2c","username":"lazydog100","password":"qawsed","salt":"hIA99E4f","md5":"40e772793e7b22daa17f8870458dabd8","sha1":"9f5629c1318ab211179821493138f4cc09f316b7","sha256":"7ba757038c245d91a0d9654f09104cc4f6319a0177f6af89023f1bf0a32e8afa"},"dob":{"date":"1995-05-11T18:22:22.006Z","age":28},"registered":{"date":"2018-07-06T16:03:08.340Z","age":5},"phone":"03-05-49-17-69","cell":"06-76-21-05-74","id":{"name":"INSEE","value":"2950441717744 78"},"picture":{"large":"https://randomuser.me/api/portraits/women/24.jpg","medium":"https://randomuser.me/api/portraits/med/women/24.jpg","thumbnail":"https://randomuser.me/api/portraits/thumb/women/24.jpg"},"nat":"FR"}],"info":{"seed":"beb33dc62eb2ecae","results":1,"page":1,"version":"1.4"}} 
 </msg>
<msg time="2024-05-08T13:17:35.031371" level="INFO">/opt/hostedtoolcache/Python/3.12.3/x64/lib/python3.12/site-packages/urllib3/connectionpool.py:1103: InsecureRequestWarning: Unverified HTTPS request is being made to host 'randomuser.me'. Adding certificate verification is strongly advised. See: https://urllib3.readthedocs.io/en/latest/advanced-usage.html#tls-warnings
  warnings.warn(</msg>
<msg time="2024-05-08T13:17:35.031477" level="INFO">${response} = &lt;Response [200]&gt;</msg>
<var>${response}</var>
<arg>consultarAPI</arg>
<arg>/api</arg>
<doc>Sends a GET request on a previously created HTTP Session.</doc>
<status status="PASS" start="2024-05-08T13:17:34.923066" elapsed="0.108454"/>
</kw>
<kw name="Set Variable" owner="BuiltIn">
<msg time="2024-05-08T13:17:35.032463" level="INFO">${json_data} = {'results': [{'gender': 'female', 'name': {'title': 'Mrs', 'first': 'Anaïs', 'last': 'Fleury'}, 'location': {'street': {'number': 5318, 'name': 'Avenue Tony-Garnier'}, 'city': 'Perpignan', 'state': 'H...</msg>
<var>${json_data}</var>
<arg>${response.json()}</arg>
<doc>Returns the given values which can then be assigned to a variables.</doc>
<status status="PASS" start="2024-05-08T13:17:35.031993" elapsed="0.000499"/>
</kw>
<kw name="Log" owner="BuiltIn">
<msg time="2024-05-08T13:17:35.032956" level="INFO">{'results': [{'gender': 'female', 'name': {'title': 'Mrs', 'first': 'Anaïs', 'last': 'Fleury'}, 'location': {'street': {'number': 5318, 'name': 'Avenue Tony-Garnier'}, 'city': 'Perpignan', 'state': 'Haute-Garonne', 'country': 'France', 'postcode': 47091, 'coordinates': {'latitude': '-16.2651', 'longitude': '145.3173'}, 'timezone': {'offset': '+8:00', 'description': 'Beijing, Perth, Singapore, Hong Kong'}}, 'email': 'anais.fleury@example.com', 'login': {'uuid': '146d81b6-6186-4ff7-a1b8-20ec47097e2c', 'username': 'lazydog100', 'password': 'qawsed', 'salt': 'hIA99E4f', 'md5': '40e772793e7b22daa17f8870458dabd8', 'sha1': '9f5629c1318ab211179821493138f4cc09f316b7', 'sha256': '7ba757038c245d91a0d9654f09104cc4f6319a0177f6af89023f1bf0a32e8afa'}, 'dob': {'date': '1995-05-11T18:22:22.006Z', 'age': 28}, 'registered': {'date': '2018-07-06T16:03:08.340Z', 'age': 5}, 'phone': '03-05-49-17-69', 'cell': '06-76-21-05-74', 'id': {'name': 'INSEE', 'value': '2950441717744 78'}, 'picture': {'large': 'https://randomuser.me/api/portraits/women/24.jpg', 'medium': 'https://randomuser.me/api/portraits/med/women/24.jpg', 'thumbnail': 'https://randomuser.me/api/portraits/thumb/women/24.jpg'}, 'nat': 'FR'}], 'info': {'seed': 'beb33dc62eb2ecae', 'results': 1, 'page': 1, 'version': '1.4'}}</msg>
<arg>${json_data}</arg>
<doc>Logs the given message with the given level.</doc>
<status status="PASS" start="2024-05-08T13:17:35.032799" elapsed="0.000239"/>
</kw>
<kw name="Should Be Equal As Numbers" owner="BuiltIn">
<arg>${json_data['results'][0]['location']['postcode']}</arg>
<arg>${json_data['results'][0]['location']['postcode']}</arg>
<doc>Fails if objects are unequal after converting them to real numbers.</doc>
<status status="PASS" start="2024-05-08T13:17:35.033342" elapsed="0.000762"/>
</kw>
<kw name="Log" owner="BuiltIn">
<msg time="2024-05-08T13:17:35.034640" level="INFO">47091</msg>
<arg>${json_data['results'][0]['location']['postcode']}</arg>
<doc>Logs the given message with the given level.</doc>
<status status="PASS" start="2024-05-08T13:17:35.034300" elapsed="0.000379"/>
</kw>
<status status="PASS" start="2024-05-08T13:17:34.922808" elapsed="0.112123"/>
</kw>
<doc>Testa se os tipos de dados na resposta da API estão corretos.</doc>
<tag>testeTiposDados</tag>
<status status="PASS" start="2024-05-08T13:17:34.840929" elapsed="0.194195"/>
</test>
<test id="s1-s1-t5" name="Validar conteudo" line="35">
<kw name="Teste de Tipos de Conteudo" owner="random-user-service">
<kw name="GET On Session" owner="RequestsLibrary">
<msg time="2024-05-08T13:17:35.116442" level="INFO">GET Request : url=https://randomuser.me/api 
 path_url=/api 
 headers={'User-Agent': 'python-requests/2.31.0', 'Accept-Encoding': 'gzip, deflate', 'Accept': '*/*', 'Connection': 'keep-alive'} 
 body=None 
 </msg>
<msg time="2024-05-08T13:17:35.116517" level="INFO">GET Response : url=https://randomuser.me/api 
 status=200, reason=OK 
 headers={'Date': 'Wed, 08 May 2024 13:17:35 GMT', 'Content-Type': 'application/json; charset=utf-8', 'Transfer-Encoding': 'chunked', 'Connection': 'keep-alive', 'X-Powered-By': 'Express', 'Access-Control-Allow-Origin': '*', 'Cache-Control': 'no-cache', 'ETag': 'W/"47a-JaTpfgpOaYVS5UYk/ADY3Vkk/Zs"', 'Vary': 'Accept-Encoding', 'Content-Encoding': 'gzip', 'CF-Cache-Status': 'DYNAMIC', 'Report-To': '{"endpoints":[{"url":"https:\\/\\/a.nel.cloudflare.com\\/report\\/v4?s=rZdSSbIADZ8%2FF9rroInELXbeNL22KgV9fokKPsLyeAzrtSiyoRTltFCK41CBJ9oXVXIMU29TaMEF55AMF7Jv04jCvUw8MSggE28auGur3Mmv5oEfwQGBTWPQqicqwuL7"}],"group":"cf-nel","max_age":604800}', 'NEL': '{"success_fraction":0,"report_to":"cf-nel","max_age":604800}', 'Server': 'cloudflare', 'CF-RAY': '8809bb15fbf8825d-IAD', 'alt-svc': 'h3=":443"; ma=86400'} 
 body={"results":[{"gender":"female","name":{"title":"Mrs","first":"Doris","last":"Carlson"},"location":{"street":{"number":5774,"name":"Wycliff Ave"},"city":"Fresno","state":"Alaska","country":"United States","postcode":96461,"coordinates":{"latitude":"82.5386","longitude":"99.1664"},"timezone":{"offset":"-9:00","description":"Alaska"}},"email":"doris.carlson@example.com","login":{"uuid":"41919f50-fa3a-4bc0-b36b-d7f389ea46a4","username":"sadsnake506","password":"gryphon","salt":"QpOQVdUo","md5":"907e7b485b48ba0e4e85dcdf785c3e5b","sha1":"36f1905569d28da51848e307cb4a4cd0ee78bacb","sha256":"29664a11a75636f059ad26221f05f2822f724d155e3d1f510b199ea47ffedb24"},"dob":{"date":"1999-10-31T22:40:46.594Z","age":24},"registered":{"date":"2006-11-18T21:35:29.414Z","age":17},"phone":"(686) 446-2524","cell":"(716) 250-6228","id":{"name":"SSN","value":"199-51-3934"},"picture":{"large":"https://randomuser.me/api/portraits/women/53.jpg","medium":"https://randomuser.me/api/portraits/med/women/53.jpg","thumbnail":"https://randomuser.me/api/portraits/thumb/women/53.jpg"},"nat":"US"}],"info":{"seed":"076d03afcbf41770","results":1,"page":1,"version":"1.4"}} 
 </msg>
<msg time="2024-05-08T13:17:35.116575" level="INFO">/opt/hostedtoolcache/Python/3.12.3/x64/lib/python3.12/site-packages/urllib3/connectionpool.py:1103: InsecureRequestWarning: Unverified HTTPS request is being made to host 'randomuser.me'. Adding certificate verification is strongly advised. See: https://urllib3.readthedocs.io/en/latest/advanced-usage.html#tls-warnings
  warnings.warn(</msg>
<msg time="2024-05-08T13:17:35.116691" level="INFO">${response} = &lt;Response [200]&gt;</msg>
<var>${response}</var>
<arg>consultarAPI</arg>
<arg>/api</arg>
<doc>Sends a GET request on a previously created HTTP Session.</doc>
<status status="PASS" start="2024-05-08T13:17:35.037531" elapsed="0.079199"/>
</kw>
<kw name="Set Variable" owner="BuiltIn">
<msg time="2024-05-08T13:17:35.117868" level="INFO">${json_data} = {'results': [{'gender': 'female', 'name': {'title': 'Mrs', 'first': 'Doris', 'last': 'Carlson'}, 'location': {'street': {'number': 5774, 'name': 'Wycliff Ave'}, 'city': 'Fresno', 'state': 'Alaska', 'c...</msg>
<var>${json_data}</var>
<arg>${response.json()}</arg>
<doc>Returns the given values which can then be assigned to a variables.</doc>
<status status="PASS" start="2024-05-08T13:17:35.117240" elapsed="0.000659"/>
</kw>
<kw name="Set Variable" owner="BuiltIn">
<msg time="2024-05-08T13:17:35.118632" level="INFO">${name_title} = Mrs</msg>
<var>${name_title}</var>
<arg>${json_data["results"][0]["name"]["title"]}</arg>
<doc>Returns the given values which can then be assigned to a variables.</doc>
<status status="PASS" start="2024-05-08T13:17:35.118230" elapsed="0.000428"/>
</kw>
<kw name="Create List" owner="BuiltIn">
<msg time="2024-05-08T13:17:35.119168" level="INFO">${allowed_titles} = ['Mr', 'Ms', 'Miss', 'Mrs', 'Madame', 'Monsieur']</msg>
<var>${allowed_titles}</var>
<arg>Mr</arg>
<arg>Ms</arg>
<arg>Miss</arg>
<arg>Mrs</arg>
<arg>Madame</arg>
<arg>Monsieur</arg>
<doc>Returns a list containing given items.</doc>
<status status="PASS" start="2024-05-08T13:17:35.118979" elapsed="0.000214"/>
</kw>
<kw name="List Should Contain Value" owner="Collections">
<msg time="2024-05-08T13:17:35.119706" level="INFO">False</msg>
<arg>${allowed_titles}</arg>
<arg>${name_title}</arg>
<doc>Fails if the ``value`` is not found from ``list``.</doc>
<status status="PASS" start="2024-05-08T13:17:35.119517" elapsed="0.000228"/>
</kw>
<kw name="Set Variable" owner="BuiltIn">
<msg time="2024-05-08T13:17:35.120466" level="INFO">${name_country} = US</msg>
<var>${name_country}</var>
<arg>${json_data["results"][0]["nat"]}</arg>
<doc>Returns the given values which can then be assigned to a variables.</doc>
<status status="PASS" start="2024-05-08T13:17:35.120056" elapsed="0.000436"/>
</kw>
<kw name="Create List" owner="BuiltIn">
<msg time="2024-05-08T13:17:35.121433" level="INFO">${list_country} = ['AD', 'AE', 'AF', 'AG', 'AI', 'AL', 'AM', 'AO', 'AQ', 'AR', 'AS', 'AT', 'AU', 'AW', 'AX', 'AZ', 'BA', 'BB', 'BD', 'BE', 'BF', 'BG', 'BH', 'BI', 'BJ', 'BL', 'BM', 'BN', 'BO', 'BQ', 'BR', 'BS', 'BT', '...</msg>
<var>${list_country}</var>
<arg>AD</arg>
<arg>AE</arg>
<arg>AF</arg>
<arg>AG</arg>
<arg>AI</arg>
<arg>AL</arg>
<arg>AM</arg>
<arg>AO</arg>
<arg>AQ</arg>
<arg>AR</arg>
<arg>AS</arg>
<arg>AT</arg>
<arg>AU</arg>
<arg>AW</arg>
<arg>AX</arg>
<arg>AZ</arg>
<arg>BA</arg>
<arg>BB</arg>
<arg>BD</arg>
<arg>BE</arg>
<arg>BF</arg>
<arg>BG</arg>
<arg>BH</arg>
<arg>BI</arg>
<arg>BJ</arg>
<arg>BL</arg>
<arg>BM</arg>
<arg>BN</arg>
<arg>BO</arg>
<arg>BQ</arg>
<arg>BR</arg>
<arg>BS</arg>
<arg>BT</arg>
<arg>BV</arg>
<arg>BW</arg>
<arg>BY</arg>
<arg>BZ</arg>
<arg>CA</arg>
<arg>CC</arg>
<arg>CD</arg>
<arg>CF</arg>
<arg>CG</arg>
<arg>CH</arg>
<arg>CI</arg>
<arg>CK</arg>
<arg>CL</arg>
<arg>CM</arg>
<arg>CN</arg>
<arg>CO</arg>
<arg>CR</arg>
<arg>CU</arg>
<arg>CV</arg>
<arg>CW</arg>
<arg>CX</arg>
<arg>CY</arg>
<arg>CZ</arg>
<arg>DE</arg>
<arg>DJ</arg>
<arg>DK</arg>
<arg>DM</arg>
<arg>DO</arg>
<arg>DZ</arg>
<arg>EC</arg>
<arg>EE</arg>
<arg>EG</arg>
<arg>EH</arg>
<arg>ER</arg>
<arg>ES</arg>
<arg>ET</arg>
<arg>FI</arg>
<arg>FJ</arg>
<arg>FK</arg>
<arg>FM</arg>
<arg>FO</arg>
<arg>FR</arg>
<arg>GA</arg>
<arg>GB</arg>
<arg>GD</arg>
<arg>GE</arg>
<arg>GF</arg>
<arg>GG</arg>
<arg>GH</arg>
<arg>GI</arg>
<arg>GL</arg>
<arg>GM</arg>
<arg>GN</arg>
<arg>GP</arg>
<arg>GQ</arg>
<arg>GR</arg>
<arg>GS</arg>
<arg>GT</arg>
<arg>GU</arg>
<arg>GW</arg>
<arg>GY</arg>
<arg>HK</arg>
<arg>HM</arg>
<arg>HN</arg>
<arg>HR</arg>
<arg>HT</arg>
<arg>HU</arg>
<arg>ID</arg>
<arg>IE</arg>
<arg>IL</arg>
<arg>IM</arg>
<arg>IN</arg>
<arg>IO</arg>
<arg>IQ</arg>
<arg>IR</arg>
<arg>IS</arg>
<arg>IT</arg>
<arg>JE</arg>
<arg>JM</arg>
<arg>JO</arg>
<arg>JP</arg>
<arg>KE</arg>
<arg>KG</arg>
<arg>KH</arg>
<arg>KI</arg>
<arg>KM</arg>
<arg>KN</arg>
<arg>KP</arg>
<arg>KR</arg>
<arg>KW</arg>
<arg>KY</arg>
<arg>KZ</arg>
<arg>LA</arg>
<arg>LB</arg>
<arg>LC</arg>
<arg>LI</arg>
<arg>LK</arg>
<arg>LR</arg>
<arg>LS</arg>
<arg>LT</arg>
<arg>LU</arg>
<arg>LV</arg>
<arg>LY</arg>
<arg>MA</arg>
<arg>MC</arg>
<arg>MD</arg>
<arg>ME</arg>
<arg>MF</arg>
<arg>MG</arg>
<arg>MH</arg>
<arg>MK</arg>
<arg>ML</arg>
<arg>MM</arg>
<arg>MN</arg>
<arg>MO</arg>
<arg>MP</arg>
<arg>MQ</arg>
<arg>MR</arg>
<arg>MS</arg>
<arg>MT</arg>
<arg>MU</arg>
<arg>MV</arg>
<arg>MW</arg>
<arg>MX</arg>
<arg>MY</arg>
<arg>MZ</arg>
<arg>NA</arg>
<arg>NC</arg>
<arg>NE</arg>
<arg>NF</arg>
<arg>NG</arg>
<arg>NI</arg>
<arg>NL</arg>
<arg>NO</arg>
<arg>NP</arg>
<arg>NR</arg>
<arg>NU</arg>
<arg>NZ</arg>
<arg>OM</arg>
<arg>PA</arg>
<arg>PE</arg>
<arg>PF</arg>
<arg>PG</arg>
<arg>PH</arg>
<arg>PK</arg>
<arg>PL</arg>
<arg>PM</arg>
<arg>PN</arg>
<arg>PR</arg>
<arg>PS</arg>
<arg>PT</arg>
<arg>PW</arg>
<arg>PY</arg>
<arg>QA</arg>
<arg>RE</arg>
<arg>RO</arg>
<arg>RS</arg>
<arg>RU</arg>
<arg>RW</arg>
<arg>SA</arg>
<arg>SB</arg>
<arg>SC</arg>
<arg>SD</arg>
<arg>SE</arg>
<arg>SG</arg>
<arg>SH</arg>
<arg>SI</arg>
<arg>SJ</arg>
<arg>SK</arg>
<arg>SL</arg>
<arg>SM</arg>
<arg>SN</arg>
<arg>SO</arg>
<arg>SR</arg>
<arg>SS</arg>
<arg>ST</arg>
<arg>SV</arg>
<arg>SX</arg>
<arg>SY</arg>
<arg>SZ</arg>
<arg>TC</arg>
<arg>TD</arg>
<arg>TF</arg>
<arg>TG</arg>
<arg>TH</arg>
<arg>TJ</arg>
<arg>TK</arg>
<arg>TL</arg>
<arg>TM</arg>
<arg>TN</arg>
<arg>TO</arg>
<arg>TR</arg>
<arg>TT</arg>
<arg>TV</arg>
<arg>TW</arg>
<arg>TZ</arg>
<arg>UA</arg>
<arg>UG</arg>
<arg>UM</arg>
<arg>US</arg>
<arg>UY</arg>
<arg>UZ</arg>
<arg>VA</arg>
<arg>VC</arg>
<arg>VE</arg>
<arg>VG</arg>
<arg>VI</arg>
<arg>VN</arg>
<arg>VU</arg>
<arg>WF</arg>
<arg>WS</arg>
<arg>XK</arg>
<arg>YE</arg>
<arg>YT</arg>
<arg>ZA</arg>
<arg>ZM</arg>
<arg>ZW</arg>
<doc>Returns a list containing given items.</doc>
<status status="PASS" start="2024-05-08T13:17:35.120817" elapsed="0.000647"/>
</kw>
<kw name="List Should Contain Value" owner="Collections">
<msg time="2024-05-08T13:17:35.122521" level="INFO">False</msg>
<arg>${list_country}</arg>
<arg>${name_country}</arg>
<doc>Fails if the ``value`` is not found from ``list``.</doc>
<status status="PASS" start="2024-05-08T13:17:35.122319" elapsed="0.000253"/>
</kw>
<kw name="Run Keyword If" owner="BuiltIn">
<kw name="Should Be True" owner="BuiltIn">
<arg>${True}</arg>
<doc>Fails if the given condition is not true.</doc>
<status status="PASS" start="2024-05-08T13:17:35.123727" elapsed="0.000159"/>
</kw>
<arg>${json_data["results"][0]["location"]["coordinates"]["latitude"]} &gt;= -90 and ${json_data["results"][0]["location"]["coordinates"]["latitude"]} &lt;= 90</arg>
<arg>Should Be True</arg>
<arg>${True}</arg>
<doc>Runs the given keyword with the given arguments, if ``condition`` is true.</doc>
<status status="PASS" start="2024-05-08T13:17:35.122896" elapsed="0.001119"/>
</kw>
<kw name="Run Keyword If" owner="BuiltIn">
<kw name="Should Be True" owner="BuiltIn">
<arg>${True}</arg>
<doc>Fails if the given condition is not true.</doc>
<status status="PASS" start="2024-05-08T13:17:35.124937" elapsed="0.000250"/>
</kw>
<arg>${json_data["results"][0]["location"]["coordinates"]["longitude"]} &gt;= -180 and ${json_data["results"][0]["location"]["coordinates"]["longitude"]} &lt;= 180</arg>
<arg>Should Be True</arg>
<arg>${True}</arg>
<doc>Runs the given keyword with the given arguments, if ``condition`` is true.</doc>
<status status="PASS" start="2024-05-08T13:17:35.124201" elapsed="0.001133"/>
</kw>
<status status="PASS" start="2024-05-08T13:17:35.037305" elapsed="0.088167"/>
</kw>
<doc>Testa o conteúdo específico dos campos retornados pela API.</doc>
<tag>testeConteudo</tag>
<status status="PASS" start="2024-05-08T13:17:35.036880" elapsed="0.088742"/>
</test>
<status status="PASS" start="2024-05-08T13:17:34.219495" elapsed="0.908207"/>
</suite>
<status status="PASS" start="2024-05-08T13:17:34.206013" elapsed="0.927046"/>
</suite>
<statistics>
<total>
<stat pass="5" fail="0" skip="0">All Tests</stat>
</total>
<tag>
<stat pass="1" fail="0" skip="0">testeConteudo</stat>
<stat pass="1" fail="0" skip="0">testeEstruturaResposta</stat>
<stat pass="1" fail="0" skip="0">testeRequisicaoBasica</stat>
<stat pass="1" fail="0" skip="0">testeTiposDados</stat>
</tag>
<suite>
<stat pass="5" fail="0" skip="0" id="s1" name="Tests">Tests</stat>
<stat pass="5" fail="0" skip="0" id="s1-s1" name="Random-User-Test">Tests.Random-User-Test</stat>
</suite>
</statistics>
<errors>
</errors>
</robot>
