<?xml version="1.0" encoding="UTF-8"?>
<robot generator="Robot 7.0 (Python 3.12.3 on linux)" generated="2024-05-26T13:14:16.830356" rpa="false" schemaversion="5">
<suite id="s1" name="Tests" source="/home/runner/work/ApiRandomUser/ApiRandomUser/RamdonUser/tests">
<suite id="s1-s1" name="Random-User-Test" source="/home/runner/work/ApiRandomUser/ApiRandomUser/RamdonUser/tests/random-user-test.robot">
<test id="s1-s1-t1" name="Conectar" line="13">
<kw name="Conectar API" owner="random-user-service">
<kw name="Create Session" owner="RequestsLibrary">
<msg time="2024-05-26T13:14:17.231767" level="INFO">Creating Session using : alias=consultarAPI, url=https://randomuser.me/, headers={},                     cookies={}, auth=None, timeout=None, proxies=None, verify=False,                     debug=0 </msg>
<arg>consultarAPI</arg>
<arg>${URL}</arg>
<doc>Create Session: create a HTTP session to a server</doc>
<status status="PASS" start="2024-05-26T13:14:17.231551" elapsed="0.000403"/>
</kw>
<status status="PASS" start="2024-05-26T13:14:17.230439" elapsed="0.001891"/>
</kw>
<status status="PASS" start="2024-05-26T13:14:17.229870" elapsed="0.002668"/>
</test>
<test id="s1-s1-t2" name="Validar retorno 200 e JSON Válido" line="16">
<kw name="Teste de Requisicao Basica" owner="random-user-service">
<kw name="GET On Session" owner="RequestsLibrary">
<msg time="2024-05-26T13:14:17.411982" level="INFO">GET Request : url=https://randomuser.me/api 
 path_url=/api 
 headers={'User-Agent': 'python-requests/2.32.2', 'Accept-Encoding': 'gzip, deflate', 'Accept': '*/*', 'Connection': 'keep-alive'} 
 body=None 
 </msg>
<msg time="2024-05-26T13:14:17.412151" level="INFO">GET Response : url=https://randomuser.me/api 
 status=200, reason=OK 
 headers={'Date': 'Sun, 26 May 2024 13:14:17 GMT', 'Content-Type': 'application/json; charset=utf-8', 'Transfer-Encoding': 'chunked', 'Connection': 'keep-alive', 'X-Powered-By': 'Express', 'Access-Control-Allow-Origin': '*', 'Cache-Control': 'no-cache', 'ETag': 'W/"4a0-ZpMk3P0wdUJMMrUsO6+qT7Ngrdg"', 'Vary': 'Accept-Encoding', 'Content-Encoding': 'gzip', 'CF-Cache-Status': 'DYNAMIC', 'Report-To': '{"endpoints":[{"url":"https:\\/\\/a.nel.cloudflare.com\\/report\\/v4?s=N6HFi397Nh1AbQaMWstD41FEu3JgXy87Oz7zZ6n9s4w1hEaYF2QjI%2Bx1CDV0mGY4MvLOxNVJk19PUHLcbqhRnpXenNh1TXuWVTTdXNgWQTIUFYFog6DobhPCBfe%2FlgTt"}],"group":"cf-nel","max_age":604800}', 'NEL': '{"success_fraction":0,"report_to":"cf-nel","max_age":604800}', 'Server': 'cloudflare', 'CF-RAY': '889e070298ef05d6-IAD', 'alt-svc': 'h3=":443"; ma=86400'} 
 body={"results":[{"gender":"male","name":{"title":"Mr","first":"Francis","last":"Mckinney"},"location":{"street":{"number":3226,"name":"Central St"},"city":"Albany","state":"Western Australia","country":"Australia","postcode":2191,"coordinates":{"latitude":"-86.3056","longitude":"-77.5039"},"timezone":{"offset":"-5:00","description":"Eastern Time (US &amp; Canada), Bogota, Lima"}},"email":"francis.mckinney@example.com","login":{"uuid":"593510f4-0e13-46e0-b598-815ff06de301","username":"organicleopard554","password":"footjob","salt":"c4hoz6cn","md5":"188ca000155dc329b1caa5670bc91bae","sha1":"f840394ef8152545ae26ed30fd5e76958ddb357f","sha256":"c564752b3cb43cff78900daf86335bfd391c5f81aada6b18c3e71c6fc5724edd"},"dob":{"date":"1948-11-23T02:41:55.686Z","age":75},"registered":{"date":"2009-04-29T10:06:06.627Z","age":15},"phone":"09-0488-2015","cell":"0473-095-590","id":{"name":"TFN","value":"632434601"},"picture":{"large":"https://randomuser.me/api/portraits/men/96.jpg","medium":"https://randomuser.me/api/portraits/med/men/96.jpg","thumbnail":"https://randomuser.me/api/portraits/thumb/men/96.jpg"},"nat":"AU"}],"info":{"seed":"41ad9a1d9658681c","results":1,"page":1,"version":"1.4"}} 
 </msg>
<msg time="2024-05-26T13:14:17.412251" level="INFO">/opt/hostedtoolcache/Python/3.12.3/x64/lib/python3.12/site-packages/urllib3/connectionpool.py:1103: InsecureRequestWarning: Unverified HTTPS request is being made to host 'randomuser.me'. Adding certificate verification is strongly advised. See: https://urllib3.readthedocs.io/en/latest/advanced-usage.html#tls-warnings
  warnings.warn(</msg>
<msg time="2024-05-26T13:14:17.412392" level="INFO">${response} = &lt;Response [200]&gt;</msg>
<var>${response}</var>
<arg>consultarAPI</arg>
<arg>/api</arg>
<doc>Sends a GET request on a previously created HTTP Session.</doc>
<status status="PASS" start="2024-05-26T13:14:17.235342" elapsed="0.177091"/>
</kw>
<kw name="Should Be Equal As Numbers" owner="BuiltIn">
<msg time="2024-05-26T13:14:17.413379" level="INFO">Argument types are:
&lt;class 'int'&gt;
&lt;class 'str'&gt;</msg>
<arg>${response.status_code}</arg>
<arg>200</arg>
<doc>Fails if objects are unequal after converting them to real numbers.</doc>
<status status="PASS" start="2024-05-26T13:14:17.412929" elapsed="0.000515"/>
</kw>
<kw name="Log" owner="BuiltIn">
<msg time="2024-05-26T13:14:17.414183" level="INFO">200</msg>
<arg>${response.status_code}</arg>
<doc>Logs the given message with the given level.</doc>
<status status="PASS" start="2024-05-26T13:14:17.413819" elapsed="0.000412"/>
</kw>
<kw name="Set Variable" owner="BuiltIn">
<msg time="2024-05-26T13:14:17.414978" level="INFO">${json_data} = {'results': [{'gender': 'male', 'name': {'title': 'Mr', 'first': 'Francis', 'last': 'Mckinney'}, 'location': {'street': {'number': 3226, 'name': 'Central St'}, 'city': 'Albany', 'state': 'Western Aust...</msg>
<var>${json_data}</var>
<arg>${response.json()}</arg>
<doc>Returns the given values which can then be assigned to a variables.</doc>
<status status="PASS" start="2024-05-26T13:14:17.414545" elapsed="0.000469"/>
</kw>
<kw name="Dictionary Should Contain Key" owner="Collections">
<msg time="2024-05-26T13:14:17.415519" level="INFO">False</msg>
<arg>${json_data}</arg>
<arg>results</arg>
<doc>Fails if ``key`` is not found from ``dictionary``.</doc>
<status status="PASS" start="2024-05-26T13:14:17.415347" elapsed="0.000365"/>
</kw>
<status status="PASS" start="2024-05-26T13:14:17.235039" elapsed="0.180984"/>
</kw>
<doc>Testa se a API responde corretamente e retorna um objeto JSON válido.</doc>
<tag>testeRequisicaoBasica</tag>
<status status="PASS" start="2024-05-26T13:14:17.234548" elapsed="0.181667"/>
</test>
<test id="s1-s1-t3" name="Validar estrutura de resposta" line="22">
<kw name="Teste de Estrutura de Resposta" owner="random-user-service">
<kw name="GET On Session" owner="RequestsLibrary">
<msg time="2024-05-26T13:14:17.531920" level="INFO">GET Request : url=https://randomuser.me/api 
 path_url=/api 
 headers={'User-Agent': 'python-requests/2.32.2', 'Accept-Encoding': 'gzip, deflate', 'Accept': '*/*', 'Connection': 'keep-alive'} 
 body=None 
 </msg>
<msg time="2024-05-26T13:14:17.532006" level="INFO">GET Response : url=https://randomuser.me/api 
 status=200, reason=OK 
 headers={'Date': 'Sun, 26 May 2024 13:14:17 GMT', 'Content-Type': 'application/json; charset=utf-8', 'Transfer-Encoding': 'chunked', 'Connection': 'keep-alive', 'X-Powered-By': 'Express', 'Access-Control-Allow-Origin': '*', 'Cache-Control': 'no-cache', 'ETag': 'W/"4a4-Gxk2BbbUJkHnVckKtCaOgQ/E3Jg"', 'Vary': 'Accept-Encoding', 'Content-Encoding': 'gzip', 'CF-Cache-Status': 'DYNAMIC', 'Report-To': '{"endpoints":[{"url":"https:\\/\\/a.nel.cloudflare.com\\/report\\/v4?s=MwBkSHr9WViQ1DbjgL3flJ3FiQOpF4WnMz6JLw7gyax31gyflRFccXKR%2FSG3GIBfawRusGx5v5chUvftFgvLU1aVJWg28Ja%2FLDAXyBPwHDSQj7VDzmCz7Ppg2HNAjumy"}],"group":"cf-nel","max_age":604800}', 'NEL': '{"success_fraction":0,"report_to":"cf-nel","max_age":604800}', 'Server': 'cloudflare', 'CF-RAY': '889e0702e92305d6-IAD', 'alt-svc': 'h3=":443"; ma=86400'} 
 body={"results":[{"gender":"male","name":{"title":"Mr","first":"Raymond","last":"Castillo"},"location":{"street":{"number":2226,"name":"W Belt Line Rd"},"city":"Richmond","state":"Delaware","country":"United States","postcode":49496,"coordinates":{"latitude":"84.3052","longitude":"-111.4396"},"timezone":{"offset":"+11:00","description":"Magadan, Solomon Islands, New Caledonia"}},"email":"raymond.castillo@example.com","login":{"uuid":"c2f3eb27-ce3c-471a-9057-7f3d7f60be68","username":"goldenkoala526","password":"151515","salt":"U6nVCePv","md5":"0ba4e7ba98ec4100cee71935067b2a48","sha1":"5c108e4e8a24baf10c42e4fdf5c11d20e3e158e4","sha256":"1e587d4fe27ea09eaf18a61d7512403a0c690375b31d019967ed3cc1085db816"},"dob":{"date":"1997-12-18T06:29:07.463Z","age":26},"registered":{"date":"2006-10-03T17:39:27.714Z","age":17},"phone":"(594) 279-3509","cell":"(598) 961-5498","id":{"name":"SSN","value":"162-63-8677"},"picture":{"large":"https://randomuser.me/api/portraits/men/85.jpg","medium":"https://randomuser.me/api/portraits/med/men/85.jpg","thumbnail":"https://randomuser.me/api/portraits/thumb/men/85.jpg"},"nat":"US"}],"info":{"seed":"f8c92ab452a6369a","results":1,"page":1,"version":"1.4"}} 
 </msg>
<msg time="2024-05-26T13:14:17.532130" level="INFO">/opt/hostedtoolcache/Python/3.12.3/x64/lib/python3.12/site-packages/urllib3/connectionpool.py:1103: InsecureRequestWarning: Unverified HTTPS request is being made to host 'randomuser.me'. Adding certificate verification is strongly advised. See: https://urllib3.readthedocs.io/en/latest/advanced-usage.html#tls-warnings
  warnings.warn(</msg>
<msg time="2024-05-26T13:14:17.532252" level="INFO">${response} = &lt;Response [200]&gt;</msg>
<var>${response}</var>
<arg>consultarAPI</arg>
<arg>/api</arg>
<doc>Sends a GET request on a previously created HTTP Session.</doc>
<status status="PASS" start="2024-05-26T13:14:17.418803" elapsed="0.113494"/>
</kw>
<kw name="Set Variable" owner="BuiltIn">
<msg time="2024-05-26T13:14:17.533241" level="INFO">${json_data} = {'results': [{'gender': 'male', 'name': {'title': 'Mr', 'first': 'Raymond', 'last': 'Castillo'}, 'location': {'street': {'number': 2226, 'name': 'W Belt Line Rd'}, 'city': 'Richmond', 'state': 'Delawa...</msg>
<var>${json_data}</var>
<arg>${response.json()}</arg>
<doc>Returns the given values which can then be assigned to a variables.</doc>
<status status="PASS" start="2024-05-26T13:14:17.532786" elapsed="0.000484"/>
</kw>
<kw name="Log" owner="BuiltIn">
<msg time="2024-05-26T13:14:17.533737" level="INFO">{'results': [{'gender': 'male', 'name': {'title': 'Mr', 'first': 'Raymond', 'last': 'Castillo'}, 'location': {'street': {'number': 2226, 'name': 'W Belt Line Rd'}, 'city': 'Richmond', 'state': 'Delaware', 'country': 'United States', 'postcode': 49496, 'coordinates': {'latitude': '84.3052', 'longitude': '-111.4396'}, 'timezone': {'offset': '+11:00', 'description': 'Magadan, Solomon Islands, New Caledonia'}}, 'email': 'raymond.castillo@example.com', 'login': {'uuid': 'c2f3eb27-ce3c-471a-9057-7f3d7f60be68', 'username': 'goldenkoala526', 'password': '151515', 'salt': 'U6nVCePv', 'md5': '0ba4e7ba98ec4100cee71935067b2a48', 'sha1': '5c108e4e8a24baf10c42e4fdf5c11d20e3e158e4', 'sha256': '1e587d4fe27ea09eaf18a61d7512403a0c690375b31d019967ed3cc1085db816'}, 'dob': {'date': '1997-12-18T06:29:07.463Z', 'age': 26}, 'registered': {'date': '2006-10-03T17:39:27.714Z', 'age': 17}, 'phone': '(594) 279-3509', 'cell': '(598) 961-5498', 'id': {'name': 'SSN', 'value': '162-63-8677'}, 'picture': {'large': 'https://randomuser.me/api/portraits/men/85.jpg', 'medium': 'https://randomuser.me/api/portraits/med/men/85.jpg', 'thumbnail': 'https://randomuser.me/api/portraits/thumb/men/85.jpg'}, 'nat': 'US'}], 'info': {'seed': 'f8c92ab452a6369a', 'results': 1, 'page': 1, 'version': '1.4'}}</msg>
<arg>${json_data}</arg>
<doc>Logs the given message with the given level.</doc>
<status status="PASS" start="2024-05-26T13:14:17.533582" elapsed="0.000201"/>
</kw>
<kw name="Dictionary Should Contain Key" owner="Collections">
<msg time="2024-05-26T13:14:17.534229" level="INFO">False</msg>
<arg>${json_data}</arg>
<arg>results</arg>
<doc>Fails if ``key`` is not found from ``dictionary``.</doc>
<status status="PASS" start="2024-05-26T13:14:17.534079" elapsed="0.000185"/>
</kw>
<kw name="Should Not Be Empty" owner="BuiltIn">
<msg time="2024-05-26T13:14:17.534682" level="INFO">Length is 2.</msg>
<arg>${json_data}</arg>
<doc>Verifies that the given item is not empty.</doc>
<status status="PASS" start="2024-05-26T13:14:17.534553" elapsed="0.000166"/>
</kw>
<kw name="Create List" owner="BuiltIn">
<msg time="2024-05-26T13:14:17.535155" level="INFO">${expected_keys} = ['gender', 'name', 'location', 'email', 'login']</msg>
<var>${expected_keys}</var>
<arg>gender</arg>
<arg>name</arg>
<arg>location</arg>
<arg>email</arg>
<arg>login</arg>
<doc>Returns a list containing given items.</doc>
<status status="PASS" start="2024-05-26T13:14:17.535010" elapsed="0.000168"/>
</kw>
<for flavor="IN">
<iter>
<kw name="Dictionary Should Contain Key" owner="Collections">
<msg time="2024-05-26T13:14:17.536213" level="INFO">False</msg>
<arg>${json_data['results'][0]}</arg>
<arg>${key}</arg>
<doc>Fails if ``key`` is not found from ``dictionary``.</doc>
<status status="PASS" start="2024-05-26T13:14:17.535812" elapsed="0.000440"/>
</kw>
<kw name="Log" owner="BuiltIn">
<msg time="2024-05-26T13:14:17.536930" level="INFO">{'gender': 'male', 'name': {'title': 'Mr', 'first': 'Raymond', 'last': 'Castillo'}, 'location': {'street': {'number': 2226, 'name': 'W Belt Line Rd'}, 'city': 'Richmond', 'state': 'Delaware', 'country': 'United States', 'postcode': 49496, 'coordinates': {'latitude': '84.3052', 'longitude': '-111.4396'}, 'timezone': {'offset': '+11:00', 'description': 'Magadan, Solomon Islands, New Caledonia'}}, 'email': 'raymond.castillo@example.com', 'login': {'uuid': 'c2f3eb27-ce3c-471a-9057-7f3d7f60be68', 'username': 'goldenkoala526', 'password': '151515', 'salt': 'U6nVCePv', 'md5': '0ba4e7ba98ec4100cee71935067b2a48', 'sha1': '5c108e4e8a24baf10c42e4fdf5c11d20e3e158e4', 'sha256': '1e587d4fe27ea09eaf18a61d7512403a0c690375b31d019967ed3cc1085db816'}, 'dob': {'date': '1997-12-18T06:29:07.463Z', 'age': 26}, 'registered': {'date': '2006-10-03T17:39:27.714Z', 'age': 17}, 'phone': '(594) 279-3509', 'cell': '(598) 961-5498', 'id': {'name': 'SSN', 'value': '162-63-8677'}, 'picture': {'large': 'https://randomuser.me/api/portraits/men/85.jpg', 'medium': 'https://randomuser.me/api/portraits/med/men/85.jpg', 'thumbnail': 'https://randomuser.me/api/portraits/thumb/men/85.jpg'}, 'nat': 'US'}</msg>
<arg>${json_data['results'][0]}</arg>
<doc>Logs the given message with the given level.</doc>
<status status="PASS" start="2024-05-26T13:14:17.536559" elapsed="0.000421"/>
</kw>
<kw name="Log" owner="BuiltIn">
<msg time="2024-05-26T13:14:17.537412" level="INFO">gender</msg>
<arg>${key}</arg>
<doc>Logs the given message with the given level.</doc>
<status status="PASS" start="2024-05-26T13:14:17.537282" elapsed="0.000167"/>
</kw>
<var name="${key}">gender</var>
<status status="PASS" start="2024-05-26T13:14:17.535685" elapsed="0.001978"/>
</iter>
<iter>
<kw name="Dictionary Should Contain Key" owner="Collections">
<msg time="2024-05-26T13:14:17.538341" level="INFO">False</msg>
<arg>${json_data['results'][0]}</arg>
<arg>${key}</arg>
<doc>Fails if ``key`` is not found from ``dictionary``.</doc>
<status status="PASS" start="2024-05-26T13:14:17.537965" elapsed="0.000413"/>
</kw>
<kw name="Log" owner="BuiltIn">
<msg time="2024-05-26T13:14:17.539076" level="INFO">{'gender': 'male', 'name': {'title': 'Mr', 'first': 'Raymond', 'last': 'Castillo'}, 'location': {'street': {'number': 2226, 'name': 'W Belt Line Rd'}, 'city': 'Richmond', 'state': 'Delaware', 'country': 'United States', 'postcode': 49496, 'coordinates': {'latitude': '84.3052', 'longitude': '-111.4396'}, 'timezone': {'offset': '+11:00', 'description': 'Magadan, Solomon Islands, New Caledonia'}}, 'email': 'raymond.castillo@example.com', 'login': {'uuid': 'c2f3eb27-ce3c-471a-9057-7f3d7f60be68', 'username': 'goldenkoala526', 'password': '151515', 'salt': 'U6nVCePv', 'md5': '0ba4e7ba98ec4100cee71935067b2a48', 'sha1': '5c108e4e8a24baf10c42e4fdf5c11d20e3e158e4', 'sha256': '1e587d4fe27ea09eaf18a61d7512403a0c690375b31d019967ed3cc1085db816'}, 'dob': {'date': '1997-12-18T06:29:07.463Z', 'age': 26}, 'registered': {'date': '2006-10-03T17:39:27.714Z', 'age': 17}, 'phone': '(594) 279-3509', 'cell': '(598) 961-5498', 'id': {'name': 'SSN', 'value': '162-63-8677'}, 'picture': {'large': 'https://randomuser.me/api/portraits/men/85.jpg', 'medium': 'https://randomuser.me/api/portraits/med/men/85.jpg', 'thumbnail': 'https://randomuser.me/api/portraits/thumb/men/85.jpg'}, 'nat': 'US'}</msg>
<arg>${json_data['results'][0]}</arg>
<doc>Logs the given message with the given level.</doc>
<status status="PASS" start="2024-05-26T13:14:17.538720" elapsed="0.000404"/>
</kw>
<kw name="Log" owner="BuiltIn">
<msg time="2024-05-26T13:14:17.539585" level="INFO">name</msg>
<arg>${key}</arg>
<doc>Logs the given message with the given level.</doc>
<status status="PASS" start="2024-05-26T13:14:17.539458" elapsed="0.000164"/>
</kw>
<var name="${key}">name</var>
<status status="PASS" start="2024-05-26T13:14:17.537850" elapsed="0.001993"/>
</iter>
<iter>
<kw name="Dictionary Should Contain Key" owner="Collections">
<msg time="2024-05-26T13:14:17.540500" level="INFO">False</msg>
<arg>${json_data['results'][0]}</arg>
<arg>${key}</arg>
<doc>Fails if ``key`` is not found from ``dictionary``.</doc>
<status status="PASS" start="2024-05-26T13:14:17.540129" elapsed="0.000408"/>
</kw>
<kw name="Log" owner="BuiltIn">
<msg time="2024-05-26T13:14:17.541191" level="INFO">{'gender': 'male', 'name': {'title': 'Mr', 'first': 'Raymond', 'last': 'Castillo'}, 'location': {'street': {'number': 2226, 'name': 'W Belt Line Rd'}, 'city': 'Richmond', 'state': 'Delaware', 'country': 'United States', 'postcode': 49496, 'coordinates': {'latitude': '84.3052', 'longitude': '-111.4396'}, 'timezone': {'offset': '+11:00', 'description': 'Magadan, Solomon Islands, New Caledonia'}}, 'email': 'raymond.castillo@example.com', 'login': {'uuid': 'c2f3eb27-ce3c-471a-9057-7f3d7f60be68', 'username': 'goldenkoala526', 'password': '151515', 'salt': 'U6nVCePv', 'md5': '0ba4e7ba98ec4100cee71935067b2a48', 'sha1': '5c108e4e8a24baf10c42e4fdf5c11d20e3e158e4', 'sha256': '1e587d4fe27ea09eaf18a61d7512403a0c690375b31d019967ed3cc1085db816'}, 'dob': {'date': '1997-12-18T06:29:07.463Z', 'age': 26}, 'registered': {'date': '2006-10-03T17:39:27.714Z', 'age': 17}, 'phone': '(594) 279-3509', 'cell': '(598) 961-5498', 'id': {'name': 'SSN', 'value': '162-63-8677'}, 'picture': {'large': 'https://randomuser.me/api/portraits/men/85.jpg', 'medium': 'https://randomuser.me/api/portraits/med/men/85.jpg', 'thumbnail': 'https://randomuser.me/api/portraits/thumb/men/85.jpg'}, 'nat': 'US'}</msg>
<arg>${json_data['results'][0]}</arg>
<doc>Logs the given message with the given level.</doc>
<status status="PASS" start="2024-05-26T13:14:17.540833" elapsed="0.000405"/>
</kw>
<kw name="Log" owner="BuiltIn">
<msg time="2024-05-26T13:14:17.541659" level="INFO">location</msg>
<arg>${key}</arg>
<doc>Logs the given message with the given level.</doc>
<status status="PASS" start="2024-05-26T13:14:17.541534" elapsed="0.000161"/>
</kw>
<var name="${key}">location</var>
<status status="PASS" start="2024-05-26T13:14:17.540018" elapsed="0.001886"/>
</iter>
<iter>
<kw name="Dictionary Should Contain Key" owner="Collections">
<msg time="2024-05-26T13:14:17.542670" level="INFO">False</msg>
<arg>${json_data['results'][0]}</arg>
<arg>${key}</arg>
<doc>Fails if ``key`` is not found from ``dictionary``.</doc>
<status status="PASS" start="2024-05-26T13:14:17.542186" elapsed="0.000521"/>
</kw>
<kw name="Log" owner="BuiltIn">
<msg time="2024-05-26T13:14:17.543406" level="INFO">{'gender': 'male', 'name': {'title': 'Mr', 'first': 'Raymond', 'last': 'Castillo'}, 'location': {'street': {'number': 2226, 'name': 'W Belt Line Rd'}, 'city': 'Richmond', 'state': 'Delaware', 'country': 'United States', 'postcode': 49496, 'coordinates': {'latitude': '84.3052', 'longitude': '-111.4396'}, 'timezone': {'offset': '+11:00', 'description': 'Magadan, Solomon Islands, New Caledonia'}}, 'email': 'raymond.castillo@example.com', 'login': {'uuid': 'c2f3eb27-ce3c-471a-9057-7f3d7f60be68', 'username': 'goldenkoala526', 'password': '151515', 'salt': 'U6nVCePv', 'md5': '0ba4e7ba98ec4100cee71935067b2a48', 'sha1': '5c108e4e8a24baf10c42e4fdf5c11d20e3e158e4', 'sha256': '1e587d4fe27ea09eaf18a61d7512403a0c690375b31d019967ed3cc1085db816'}, 'dob': {'date': '1997-12-18T06:29:07.463Z', 'age': 26}, 'registered': {'date': '2006-10-03T17:39:27.714Z', 'age': 17}, 'phone': '(594) 279-3509', 'cell': '(598) 961-5498', 'id': {'name': 'SSN', 'value': '162-63-8677'}, 'picture': {'large': 'https://randomuser.me/api/portraits/men/85.jpg', 'medium': 'https://randomuser.me/api/portraits/med/men/85.jpg', 'thumbnail': 'https://randomuser.me/api/portraits/thumb/men/85.jpg'}, 'nat': 'US'}</msg>
<arg>${json_data['results'][0]}</arg>
<doc>Logs the given message with the given level.</doc>
<status status="PASS" start="2024-05-26T13:14:17.543005" elapsed="0.000450"/>
</kw>
<kw name="Log" owner="BuiltIn">
<msg time="2024-05-26T13:14:17.543879" level="INFO">email</msg>
<arg>${key}</arg>
<doc>Logs the given message with the given level.</doc>
<status status="PASS" start="2024-05-26T13:14:17.543752" elapsed="0.000163"/>
</kw>
<var name="${key}">email</var>
<status status="PASS" start="2024-05-26T13:14:17.542074" elapsed="0.002053"/>
</iter>
<iter>
<kw name="Dictionary Should Contain Key" owner="Collections">
<msg time="2024-05-26T13:14:17.544782" level="INFO">False</msg>
<arg>${json_data['results'][0]}</arg>
<arg>${key}</arg>
<doc>Fails if ``key`` is not found from ``dictionary``.</doc>
<status status="PASS" start="2024-05-26T13:14:17.544409" elapsed="0.000411"/>
</kw>
<kw name="Log" owner="BuiltIn">
<msg time="2024-05-26T13:14:17.545468" level="INFO">{'gender': 'male', 'name': {'title': 'Mr', 'first': 'Raymond', 'last': 'Castillo'}, 'location': {'street': {'number': 2226, 'name': 'W Belt Line Rd'}, 'city': 'Richmond', 'state': 'Delaware', 'country': 'United States', 'postcode': 49496, 'coordinates': {'latitude': '84.3052', 'longitude': '-111.4396'}, 'timezone': {'offset': '+11:00', 'description': 'Magadan, Solomon Islands, New Caledonia'}}, 'email': 'raymond.castillo@example.com', 'login': {'uuid': 'c2f3eb27-ce3c-471a-9057-7f3d7f60be68', 'username': 'goldenkoala526', 'password': '151515', 'salt': 'U6nVCePv', 'md5': '0ba4e7ba98ec4100cee71935067b2a48', 'sha1': '5c108e4e8a24baf10c42e4fdf5c11d20e3e158e4', 'sha256': '1e587d4fe27ea09eaf18a61d7512403a0c690375b31d019967ed3cc1085db816'}, 'dob': {'date': '1997-12-18T06:29:07.463Z', 'age': 26}, 'registered': {'date': '2006-10-03T17:39:27.714Z', 'age': 17}, 'phone': '(594) 279-3509', 'cell': '(598) 961-5498', 'id': {'name': 'SSN', 'value': '162-63-8677'}, 'picture': {'large': 'https://randomuser.me/api/portraits/men/85.jpg', 'medium': 'https://randomuser.me/api/portraits/med/men/85.jpg', 'thumbnail': 'https://randomuser.me/api/portraits/thumb/men/85.jpg'}, 'nat': 'US'}</msg>
<arg>${json_data['results'][0]}</arg>
<doc>Logs the given message with the given level.</doc>
<status status="PASS" start="2024-05-26T13:14:17.545110" elapsed="0.000404"/>
</kw>
<kw name="Log" owner="BuiltIn">
<msg time="2024-05-26T13:14:17.545929" level="INFO">login</msg>
<arg>${key}</arg>
<doc>Logs the given message with the given level.</doc>
<status status="PASS" start="2024-05-26T13:14:17.545803" elapsed="0.000192"/>
</kw>
<var name="${key}">login</var>
<status status="PASS" start="2024-05-26T13:14:17.544299" elapsed="0.001913"/>
</iter>
<var>${key}</var>
<value>@{expected_keys}</value>
<status status="PASS" start="2024-05-26T13:14:17.535489" elapsed="0.010848"/>
</for>
<kw name="Create List" owner="BuiltIn">
<msg time="2024-05-26T13:14:17.546662" level="INFO">${expected_keysTwo} = ['username', 'password']</msg>
<var>${expected_keysTwo}</var>
<arg>username</arg>
<arg>password</arg>
<doc>Returns a list containing given items.</doc>
<status status="PASS" start="2024-05-26T13:14:17.546529" elapsed="0.000156"/>
</kw>
<for flavor="IN">
<iter>
<kw name="Dictionary Should Contain Key" owner="Collections">
<msg time="2024-05-26T13:14:17.547587" level="INFO">False</msg>
<arg>${json_data['results'][0]['login']}</arg>
<arg>${keyTwo}</arg>
<doc>Fails if ``key`` is not found from ``dictionary``.</doc>
<status status="PASS" start="2024-05-26T13:14:17.547174" elapsed="0.000449"/>
</kw>
<kw name="Dictionary Should Contain Key" owner="Collections">
<msg time="2024-05-26T13:14:17.548295" level="INFO">False</msg>
<arg>${json_data['results'][0]['login']}</arg>
<arg>${keyTwo}</arg>
<doc>Fails if ``key`` is not found from ``dictionary``.</doc>
<status status="PASS" start="2024-05-26T13:14:17.547920" elapsed="0.000421"/>
</kw>
<kw name="Log" owner="BuiltIn">
<msg time="2024-05-26T13:14:17.548763" level="INFO">username</msg>
<arg>${keyTwo}</arg>
<doc>Logs the given message with the given level.</doc>
<status status="PASS" start="2024-05-26T13:14:17.548637" elapsed="0.000161"/>
</kw>
<var name="${keyTwo}">username</var>
<status status="PASS" start="2024-05-26T13:14:17.547065" elapsed="0.001944"/>
</iter>
<iter>
<kw name="Dictionary Should Contain Key" owner="Collections">
<msg time="2024-05-26T13:14:17.549665" level="INFO">False</msg>
<arg>${json_data['results'][0]['login']}</arg>
<arg>${keyTwo}</arg>
<doc>Fails if ``key`` is not found from ``dictionary``.</doc>
<status status="PASS" start="2024-05-26T13:14:17.549287" elapsed="0.000414"/>
</kw>
<kw name="Dictionary Should Contain Key" owner="Collections">
<msg time="2024-05-26T13:14:17.550358" level="INFO">False</msg>
<arg>${json_data['results'][0]['login']}</arg>
<arg>${keyTwo}</arg>
<doc>Fails if ``key`` is not found from ``dictionary``.</doc>
<status status="PASS" start="2024-05-26T13:14:17.549991" elapsed="0.000402"/>
</kw>
<kw name="Log" owner="BuiltIn">
<msg time="2024-05-26T13:14:17.550809" level="INFO">password</msg>
<arg>${keyTwo}</arg>
<doc>Logs the given message with the given level.</doc>
<status status="PASS" start="2024-05-26T13:14:17.550684" elapsed="0.000162"/>
</kw>
<var name="${keyTwo}">password</var>
<status status="PASS" start="2024-05-26T13:14:17.549178" elapsed="0.001881"/>
</iter>
<var>${keyTwo}</var>
<value>@{expected_keysTwo}</value>
<status status="PASS" start="2024-05-26T13:14:17.546918" elapsed="0.004258"/>
</for>
<status status="PASS" start="2024-05-26T13:14:17.418564" elapsed="0.132798"/>
</kw>
<doc>Testa a estrutura da resposta da API.</doc>
<tag>testeEstruturaResposta</tag>
<status status="PASS" start="2024-05-26T13:14:17.418058" elapsed="0.133455"/>
</test>
<test id="s1-s1-t4" name="Validar tipos de dados" line="28">
<kw name="Teste de Tipos de Dados" owner="random-user-service">
<kw name="GET On Session" owner="RequestsLibrary">
<msg time="2024-05-26T13:14:17.623887" level="INFO">GET Request : url=https://randomuser.me/api 
 path_url=/api 
 headers={'User-Agent': 'python-requests/2.32.2', 'Accept-Encoding': 'gzip, deflate', 'Accept': '*/*', 'Connection': 'keep-alive'} 
 body=None 
 </msg>
<msg time="2024-05-26T13:14:17.623963" level="INFO">GET Response : url=https://randomuser.me/api 
 status=200, reason=OK 
 headers={'Date': 'Sun, 26 May 2024 13:14:17 GMT', 'Content-Type': 'application/json; charset=utf-8', 'Transfer-Encoding': 'chunked', 'Connection': 'keep-alive', 'X-Powered-By': 'Express', 'Access-Control-Allow-Origin': '*', 'Cache-Control': 'no-cache', 'ETag': 'W/"465-dv0yUQav13W/t6oN4XLIOgfQYc4"', 'Vary': 'Accept-Encoding', 'Content-Encoding': 'gzip', 'CF-Cache-Status': 'DYNAMIC', 'Report-To': '{"endpoints":[{"url":"https:\\/\\/a.nel.cloudflare.com\\/report\\/v4?s=4wzBW1X4b2DszHRPETSbX0wM1TmMX0EKniD6zDlxIdyfljA5KxN%2BjT%2FUqncBb4jL6%2Bc0hwjcXBBJ0Qy8KBh10pEluOVJo%2F1JA4AciehBjDS%2BEMKlC%2BPh9pwkCMaIzCG0"}],"group":"cf-nel","max_age":604800}', 'NEL': '{"success_fraction":0,"report_to":"cf-nel","max_age":604800}', 'Server': 'cloudflare', 'CF-RAY': '889e0703b9b005d6-IAD', 'alt-svc': 'h3=":443"; ma=86400'} 
 body={"results":[{"gender":"male","name":{"title":"Mr","first":"Ege","last":"Sezek"},"location":{"street":{"number":9540,"name":"Fatih Sultan Mehmet Cd"},"city":"Kırklareli","state":"Ardahan","country":"Turkey","postcode":48941,"coordinates":{"latitude":"68.5231","longitude":"-17.3672"},"timezone":{"offset":"+4:30","description":"Kabul"}},"email":"ege.sezek@example.com","login":{"uuid":"5bafc7e6-0137-4328-8079-86b3fd7aed3d","username":"heavymouse569","password":"1030","salt":"aflDnlFp","md5":"3dc0231d04ac392c596ace837d53c0e4","sha1":"0fe9c9b7e0b3de41af60973cdfe4c9e4c6f3d6ec","sha256":"14d44f12fbb3e576d4d29a510db801100eb9b8537b0e465760eb6b917fda57c6"},"dob":{"date":"1969-03-25T20:41:30.291Z","age":55},"registered":{"date":"2016-09-29T17:34:23.531Z","age":7},"phone":"(984)-698-2872","cell":"(929)-624-1328","id":{"name":"","value":null},"picture":{"large":"https://randomuser.me/api/portraits/men/23.jpg","medium":"https://randomuser.me/api/portraits/med/men/23.jpg","thumbnail":"https://randomuser.me/api/portraits/thumb/men/23.jpg"},"nat":"TR"}],"info":{"seed":"0aa982d280bb6b6c","results":1,"page":1,"version":"1.4"}} 
 </msg>
<msg time="2024-05-26T13:14:17.624032" level="INFO">/opt/hostedtoolcache/Python/3.12.3/x64/lib/python3.12/site-packages/urllib3/connectionpool.py:1103: InsecureRequestWarning: Unverified HTTPS request is being made to host 'randomuser.me'. Adding certificate verification is strongly advised. See: https://urllib3.readthedocs.io/en/latest/advanced-usage.html#tls-warnings
  warnings.warn(</msg>
<msg time="2024-05-26T13:14:17.624141" level="INFO">${response} = &lt;Response [200]&gt;</msg>
<var>${response}</var>
<arg>consultarAPI</arg>
<arg>/api</arg>
<doc>Sends a GET request on a previously created HTTP Session.</doc>
<status status="PASS" start="2024-05-26T13:14:17.553959" elapsed="0.070230"/>
</kw>
<kw name="Set Variable" owner="BuiltIn">
<msg time="2024-05-26T13:14:17.625148" level="INFO">${json_data} = {'results': [{'gender': 'male', 'name': {'title': 'Mr', 'first': 'Ege', 'last': 'Sezek'}, 'location': {'street': {'number': 9540, 'name': 'Fatih Sultan Mehmet Cd'}, 'city': 'Kırklareli', 'state': 'Ard...</msg>
<var>${json_data}</var>
<arg>${response.json()}</arg>
<doc>Returns the given values which can then be assigned to a variables.</doc>
<status status="PASS" start="2024-05-26T13:14:17.624689" elapsed="0.000489"/>
</kw>
<kw name="Log" owner="BuiltIn">
<msg time="2024-05-26T13:14:17.625642" level="INFO">{'results': [{'gender': 'male', 'name': {'title': 'Mr', 'first': 'Ege', 'last': 'Sezek'}, 'location': {'street': {'number': 9540, 'name': 'Fatih Sultan Mehmet Cd'}, 'city': 'Kırklareli', 'state': 'Ardahan', 'country': 'Turkey', 'postcode': 48941, 'coordinates': {'latitude': '68.5231', 'longitude': '-17.3672'}, 'timezone': {'offset': '+4:30', 'description': 'Kabul'}}, 'email': 'ege.sezek@example.com', 'login': {'uuid': '5bafc7e6-0137-4328-8079-86b3fd7aed3d', 'username': 'heavymouse569', 'password': '1030', 'salt': 'aflDnlFp', 'md5': '3dc0231d04ac392c596ace837d53c0e4', 'sha1': '0fe9c9b7e0b3de41af60973cdfe4c9e4c6f3d6ec', 'sha256': '14d44f12fbb3e576d4d29a510db801100eb9b8537b0e465760eb6b917fda57c6'}, 'dob': {'date': '1969-03-25T20:41:30.291Z', 'age': 55}, 'registered': {'date': '2016-09-29T17:34:23.531Z', 'age': 7}, 'phone': '(984)-698-2872', 'cell': '(929)-624-1328', 'id': {'name': '', 'value': None}, 'picture': {'large': 'https://randomuser.me/api/portraits/men/23.jpg', 'medium': 'https://randomuser.me/api/portraits/med/men/23.jpg', 'thumbnail': 'https://randomuser.me/api/portraits/thumb/men/23.jpg'}, 'nat': 'TR'}], 'info': {'seed': '0aa982d280bb6b6c', 'results': 1, 'page': 1, 'version': '1.4'}}</msg>
<arg>${json_data}</arg>
<doc>Logs the given message with the given level.</doc>
<status status="PASS" start="2024-05-26T13:14:17.625487" elapsed="0.000237"/>
</kw>
<kw name="Should Be String" owner="String">
<arg>${json_data['results'][0]['gender']}</arg>
<doc>Fails if the given ``item`` is not a string.</doc>
<status status="PASS" start="2024-05-26T13:14:17.626027" elapsed="0.000362"/>
</kw>
<kw name="Should Match Regexp" owner="BuiltIn">
<arg>${json_data['results'][0]['email']}</arg>
<arg>^[a-zA-Z0-9._%+-]+@[a-zA-Z0-9.-]+\.[a-zA-Z]{2,}$</arg>
<doc>Fails if ``string`` does not match ``pattern`` as a regular expression.</doc>
<status status="PASS" start="2024-05-26T13:14:17.626586" elapsed="0.000671"/>
</kw>
<kw name="Should Match Regexp" owner="BuiltIn">
<arg>${json_data['results'][0]['dob']['date']}</arg>
<arg>\\d{4}-\\d{2}-\\d{2}T\\d{2}:\\d{2}:\\d{2}\\.\\d{3}Z</arg>
<doc>Fails if ``string`` does not match ``pattern`` as a regular expression.</doc>
<status status="PASS" start="2024-05-26T13:14:17.627466" elapsed="0.000485"/>
</kw>
<kw name="Should Match Regexp" owner="BuiltIn">
<arg>${json_data['results'][0]['registered']['date']}</arg>
<arg>\\d{4}-\\d{2}-\\d{2}T\\d{2}:\\d{2}:\\d{2}\\.\\d{3}Z</arg>
<doc>Fails if ``string`` does not match ``pattern`` as a regular expression.</doc>
<status status="PASS" start="2024-05-26T13:14:17.628148" elapsed="0.000375"/>
</kw>
<kw name="Should Match Regexp" owner="BuiltIn">
<arg>${json_data['results'][0]['picture']['large']}</arg>
<arg>^https?://.*\.(?:png|jpe?g|gif|bmp)$</arg>
<doc>Fails if ``string`` does not match ``pattern`` as a regular expression.</doc>
<status status="PASS" start="2024-05-26T13:14:17.628717" elapsed="0.000462"/>
</kw>
<kw name="Should Match Regexp" owner="BuiltIn">
<arg>${json_data['results'][0]['picture']['medium']}</arg>
<arg>^https?://.*\.(?:png|jpe?g|gif|bmp)$</arg>
<doc>Fails if ``string`` does not match ``pattern`` as a regular expression.</doc>
<status status="PASS" start="2024-05-26T13:14:17.629373" elapsed="0.000349"/>
</kw>
<kw name="Should Match Regexp" owner="BuiltIn">
<arg>${json_data['results'][0]['picture']['thumbnail']}</arg>
<arg>^https?://.*\.(?:png|jpe?g|gif|bmp)$</arg>
<doc>Fails if ``string`` does not match ``pattern`` as a regular expression.</doc>
<status status="PASS" start="2024-05-26T13:14:17.629911" elapsed="0.000345"/>
</kw>
<kw name="Log" owner="BuiltIn">
<msg time="2024-05-26T13:14:17.630756" level="INFO">{'large': 'https://randomuser.me/api/portraits/men/23.jpg', 'medium': 'https://randomuser.me/api/portraits/med/men/23.jpg', 'thumbnail': 'https://randomuser.me/api/portraits/thumb/men/23.jpg'}</msg>
<arg>${json_data['results'][0]['picture']}</arg>
<doc>Logs the given message with the given level.</doc>
<status status="PASS" start="2024-05-26T13:14:17.630437" elapsed="0.000360"/>
</kw>
<status status="PASS" start="2024-05-26T13:14:17.553726" elapsed="0.077324"/>
</kw>
<kw name="Teste de Tipos de Dados - Postcode" owner="random-user-service">
<kw name="GET On Session" owner="RequestsLibrary">
<msg time="2024-05-26T13:14:18.309865" level="INFO">GET Request : url=https://randomuser.me/api 
 path_url=/api 
 headers={'User-Agent': 'python-requests/2.32.2', 'Accept-Encoding': 'gzip, deflate', 'Accept': '*/*', 'Connection': 'keep-alive'} 
 body=None 
 </msg>
<msg time="2024-05-26T13:14:18.309965" level="INFO">GET Response : url=https://randomuser.me/api 
 status=200, reason=OK 
 headers={'Date': 'Sun, 26 May 2024 13:14:18 GMT', 'Content-Type': 'application/json; charset=utf-8', 'Transfer-Encoding': 'chunked', 'Connection': 'keep-alive', 'X-Powered-By': 'Express', 'Access-Control-Allow-Origin': '*', 'Cache-Control': 'no-cache', 'ETag': 'W/"485-MH66SApAHoQcTCqskMb7CTC8hqQ"', 'Vary': 'Accept-Encoding', 'Content-Encoding': 'gzip', 'CF-Cache-Status': 'DYNAMIC', 'Report-To': '{"endpoints":[{"url":"https:\\/\\/a.nel.cloudflare.com\\/report\\/v4?s=KnEwU9GkdDXKix0MZVf2Chc8Lp6iaqWz4PWGgV7fDpmPg%2FQRpPWZPxZjPVZZe2zyP1nAJUCnq2Wus9gNXacUFpsXtC9SLhvZM%2BBZHy0N%2FMrw4CTt6ruUFw8tMPg5tNMZ"}],"group":"cf-nel","max_age":604800}', 'NEL': '{"success_fraction":0,"report_to":"cf-nel","max_age":604800}', 'Server': 'cloudflare', 'CF-RAY': '889e07043a0e05d6-IAD', 'alt-svc': 'h3=":443"; ma=86400'} 
 body={"results":[{"gender":"male","name":{"title":"Mr","first":"Santiago","last":"Limón"},"location":{"street":{"number":9892,"name":"Callejón Páez"},"city":"San Gabriel Chilac","state":"Tlaxcala","country":"Mexico","postcode":28477,"coordinates":{"latitude":"21.5345","longitude":"-87.7247"},"timezone":{"offset":"-10:00","description":"Hawaii"}},"email":"santiago.limon@example.com","login":{"uuid":"e71f3ae3-d6ed-4896-850e-2ddce41d66c2","username":"angrytiger231","password":"eating","salt":"1A6ZGMAY","md5":"80d73724586fc57e61b2344cca2e0084","sha1":"adb66c0f2f9eaa952f08abdb5b9134be7590a100","sha256":"ddef39a56f8d9e416aa951b96d82a1a35fa8c855bb03df5958ac4cfdc085e0a0"},"dob":{"date":"1991-09-25T03:08:19.843Z","age":32},"registered":{"date":"2018-10-19T00:33:20.203Z","age":5},"phone":"(692) 084 4710","cell":"(671) 871 5753","id":{"name":"NSS","value":"13 13 83 1028 8"},"picture":{"large":"https://randomuser.me/api/portraits/men/75.jpg","medium":"https://randomuser.me/api/portraits/med/men/75.jpg","thumbnail":"https://randomuser.me/api/portraits/thumb/men/75.jpg"},"nat":"MX"}],"info":{"seed":"607d6b03794a142a","results":1,"page":1,"version":"1.4"}} 
 </msg>
<msg time="2024-05-26T13:14:18.310043" level="INFO">/opt/hostedtoolcache/Python/3.12.3/x64/lib/python3.12/site-packages/urllib3/connectionpool.py:1103: InsecureRequestWarning: Unverified HTTPS request is being made to host 'randomuser.me'. Adding certificate verification is strongly advised. See: https://urllib3.readthedocs.io/en/latest/advanced-usage.html#tls-warnings
  warnings.warn(</msg>
<msg time="2024-05-26T13:14:18.310187" level="INFO">${response} = &lt;Response [200]&gt;</msg>
<var>${response}</var>
<arg>consultarAPI</arg>
<arg>/api</arg>
<doc>Sends a GET request on a previously created HTTP Session.</doc>
<status status="PASS" start="2024-05-26T13:14:17.631520" elapsed="0.678716"/>
</kw>
<kw name="Set Variable" owner="BuiltIn">
<msg time="2024-05-26T13:14:18.311500" level="INFO">${json_data} = {'results': [{'gender': 'male', 'name': {'title': 'Mr', 'first': 'Santiago', 'last': 'Limón'}, 'location': {'street': {'number': 9892, 'name': 'Callejón Páez'}, 'city': 'San Gabriel Chilac', 'state': ...</msg>
<var>${json_data}</var>
<arg>${response.json()}</arg>
<doc>Returns the given values which can then be assigned to a variables.</doc>
<status status="PASS" start="2024-05-26T13:14:18.310868" elapsed="0.000663"/>
</kw>
<kw name="Log" owner="BuiltIn">
<msg time="2024-05-26T13:14:18.312001" level="INFO">{'results': [{'gender': 'male', 'name': {'title': 'Mr', 'first': 'Santiago', 'last': 'Limón'}, 'location': {'street': {'number': 9892, 'name': 'Callejón Páez'}, 'city': 'San Gabriel Chilac', 'state': 'Tlaxcala', 'country': 'Mexico', 'postcode': 28477, 'coordinates': {'latitude': '21.5345', 'longitude': '-87.7247'}, 'timezone': {'offset': '-10:00', 'description': 'Hawaii'}}, 'email': 'santiago.limon@example.com', 'login': {'uuid': 'e71f3ae3-d6ed-4896-850e-2ddce41d66c2', 'username': 'angrytiger231', 'password': 'eating', 'salt': '1A6ZGMAY', 'md5': '80d73724586fc57e61b2344cca2e0084', 'sha1': 'adb66c0f2f9eaa952f08abdb5b9134be7590a100', 'sha256': 'ddef39a56f8d9e416aa951b96d82a1a35fa8c855bb03df5958ac4cfdc085e0a0'}, 'dob': {'date': '1991-09-25T03:08:19.843Z', 'age': 32}, 'registered': {'date': '2018-10-19T00:33:20.203Z', 'age': 5}, 'phone': '(692) 084 4710', 'cell': '(671) 871 5753', 'id': {'name': 'NSS', 'value': '13 13 83 1028 8'}, 'picture': {'large': 'https://randomuser.me/api/portraits/men/75.jpg', 'medium': 'https://randomuser.me/api/portraits/med/men/75.jpg', 'thumbnail': 'https://randomuser.me/api/portraits/thumb/men/75.jpg'}, 'nat': 'MX'}], 'info': {'seed': '607d6b03794a142a', 'results': 1, 'page': 1, 'version': '1.4'}}</msg>
<arg>${json_data}</arg>
<doc>Logs the given message with the given level.</doc>
<status status="PASS" start="2024-05-26T13:14:18.311842" elapsed="0.000240"/>
</kw>
<kw name="Should Be Equal As Numbers" owner="BuiltIn">
<arg>${json_data['results'][0]['location']['postcode']}</arg>
<arg>${json_data['results'][0]['location']['postcode']}</arg>
<doc>Fails if objects are unequal after converting them to real numbers.</doc>
<status status="PASS" start="2024-05-26T13:14:18.312389" elapsed="0.000621"/>
</kw>
<kw name="Log" owner="BuiltIn">
<msg time="2024-05-26T13:14:18.313541" level="INFO">28477</msg>
<arg>${json_data['results'][0]['location']['postcode']}</arg>
<doc>Logs the given message with the given level.</doc>
<status status="PASS" start="2024-05-26T13:14:18.313207" elapsed="0.000374"/>
</kw>
<status status="PASS" start="2024-05-26T13:14:17.631291" elapsed="0.682545"/>
</kw>
<doc>Testa se os tipos de dados na resposta da API estão corretos.</doc>
<tag>testeTiposDados</tag>
<status status="PASS" start="2024-05-26T13:14:17.553270" elapsed="0.760735"/>
</test>
<test id="s1-s1-t5" name="Validar conteudo" line="35">
<kw name="Teste de Tipos de Conteudo" owner="random-user-service">
<kw name="GET On Session" owner="RequestsLibrary">
<msg time="2024-05-26T13:14:18.407562" level="INFO">GET Request : url=https://randomuser.me/api 
 path_url=/api 
 headers={'User-Agent': 'python-requests/2.32.2', 'Accept-Encoding': 'gzip, deflate', 'Accept': '*/*', 'Connection': 'keep-alive'} 
 body=None 
 </msg>
<msg time="2024-05-26T13:14:18.407645" level="INFO">GET Response : url=https://randomuser.me/api 
 status=200, reason=OK 
 headers={'Date': 'Sun, 26 May 2024 13:14:18 GMT', 'Content-Type': 'application/json; charset=utf-8', 'Transfer-Encoding': 'chunked', 'Connection': 'keep-alive', 'X-Powered-By': 'Express', 'Access-Control-Allow-Origin': '*', 'Cache-Control': 'no-cache', 'ETag': 'W/"463-yj4VklDAyG0uXtVJ7nxgSbdaMIo"', 'Vary': 'Accept-Encoding', 'Content-Encoding': 'gzip', 'CF-Cache-Status': 'DYNAMIC', 'Report-To': '{"endpoints":[{"url":"https:\\/\\/a.nel.cloudflare.com\\/report\\/v4?s=MdX9nEusSHJUHFpdBxjTLZmcdcja67aZ%2B9UQHl2ifq2S%2FgVGE6sKSY4VQDjWnpG2bQSEHh%2F%2FSXCJI3eoAjvbYvaAg0n4vT5OmGIKvSlYSXYktu96qmq7L5oqgnpsKLDh"}],"group":"cf-nel","max_age":604800}', 'NEL': '{"success_fraction":0,"report_to":"cf-nel","max_age":604800}', 'Server': 'cloudflare', 'CF-RAY': '889e07087d7805d6-IAD', 'alt-svc': 'h3=":443"; ma=86400'} 
 body={"results":[{"gender":"male","name":{"title":"Mr","first":"Edin","last":"Hem"},"location":{"street":{"number":1985,"name":"Tunfaret"},"city":"Moane","state":"Sør-Trøndelag","country":"Norway","postcode":"7091","coordinates":{"latitude":"45.9514","longitude":"-12.3576"},"timezone":{"offset":"-2:00","description":"Mid-Atlantic"}},"email":"edin.hem@example.com","login":{"uuid":"3563e8bb-e0cd-400c-a6c3-804ad03c8b54","username":"silverduck586","password":"highland","salt":"6aX3cdWx","md5":"7f3ea00a3236c5eb265ea4f73bd487f3","sha1":"af5be8c2d74ff4d39df7088a14484cc6ea3ee408","sha256":"7b8a2927f758718697ab1e5a0ab9c1f7edb5b4de78b1789243ece49671d2fced"},"dob":{"date":"1944-12-05T20:36:25.532Z","age":79},"registered":{"date":"2007-09-18T07:33:54.748Z","age":16},"phone":"70185632","cell":"49505358","id":{"name":"FN","value":"05124424714"},"picture":{"large":"https://randomuser.me/api/portraits/men/66.jpg","medium":"https://randomuser.me/api/portraits/med/men/66.jpg","thumbnail":"https://randomuser.me/api/portraits/thumb/men/66.jpg"},"nat":"NO"}],"info":{"seed":"420be1804f196d6b","results":1,"page":1,"version":"1.4"}} 
 </msg>
<msg time="2024-05-26T13:14:18.407716" level="INFO">/opt/hostedtoolcache/Python/3.12.3/x64/lib/python3.12/site-packages/urllib3/connectionpool.py:1103: InsecureRequestWarning: Unverified HTTPS request is being made to host 'randomuser.me'. Adding certificate verification is strongly advised. See: https://urllib3.readthedocs.io/en/latest/advanced-usage.html#tls-warnings
  warnings.warn(</msg>
<msg time="2024-05-26T13:14:18.407823" level="INFO">${response} = &lt;Response [200]&gt;</msg>
<var>${response}</var>
<arg>consultarAPI</arg>
<arg>/api</arg>
<doc>Sends a GET request on a previously created HTTP Session.</doc>
<status status="PASS" start="2024-05-26T13:14:18.316897" elapsed="0.090969"/>
</kw>
<kw name="Set Variable" owner="BuiltIn">
<msg time="2024-05-26T13:14:18.408791" level="INFO">${json_data} = {'results': [{'gender': 'male', 'name': {'title': 'Mr', 'first': 'Edin', 'last': 'Hem'}, 'location': {'street': {'number': 1985, 'name': 'Tunfaret'}, 'city': 'Moane', 'state': 'Sør-Trøndelag', 'countr...</msg>
<var>${json_data}</var>
<arg>${response.json()}</arg>
<doc>Returns the given values which can then be assigned to a variables.</doc>
<status status="PASS" start="2024-05-26T13:14:18.408331" elapsed="0.000489"/>
</kw>
<kw name="Set Variable" owner="BuiltIn">
<msg time="2024-05-26T13:14:18.409500" level="INFO">${name_title} = Mr</msg>
<var>${name_title}</var>
<arg>${json_data["results"][0]["name"]["title"]}</arg>
<doc>Returns the given values which can then be assigned to a variables.</doc>
<status status="PASS" start="2024-05-26T13:14:18.409122" elapsed="0.000403"/>
</kw>
<kw name="Create List" owner="BuiltIn">
<msg time="2024-05-26T13:14:18.409971" level="INFO">${allowed_titles} = ['Mr', 'Ms', 'Miss', 'Mrs', 'Madame', 'Monsieur']</msg>
<var>${allowed_titles}</var>
<arg>Mr</arg>
<arg>Ms</arg>
<arg>Miss</arg>
<arg>Mrs</arg>
<arg>Madame</arg>
<arg>Monsieur</arg>
<doc>Returns a list containing given items.</doc>
<status status="PASS" start="2024-05-26T13:14:18.409824" elapsed="0.000170"/>
</kw>
<kw name="List Should Contain Value" owner="Collections">
<msg time="2024-05-26T13:14:18.410467" level="INFO">False</msg>
<arg>${allowed_titles}</arg>
<arg>${name_title}</arg>
<doc>Fails if the ``value`` is not found from ``list``.</doc>
<status status="PASS" start="2024-05-26T13:14:18.410296" elapsed="0.000206"/>
</kw>
<kw name="Set Variable" owner="BuiltIn">
<msg time="2024-05-26T13:14:18.411374" level="INFO">${name_country} = NO</msg>
<var>${name_country}</var>
<arg>${json_data["results"][0]["nat"]}</arg>
<doc>Returns the given values which can then be assigned to a variables.</doc>
<status status="PASS" start="2024-05-26T13:14:18.410799" elapsed="0.000601"/>
</kw>
<kw name="Create List" owner="BuiltIn">
<msg time="2024-05-26T13:14:18.412307" level="INFO">${list_country} = ['AD', 'AE', 'AF', 'AG', 'AI', 'AL', 'AM', 'AO', 'AQ', 'AR', 'AS', 'AT', 'AU', 'AW', 'AX', 'AZ', 'BA', 'BB', 'BD', 'BE', 'BF', 'BG', 'BH', 'BI', 'BJ', 'BL', 'BM', 'BN', 'BO', 'BQ', 'BR', 'BS', 'BT', '...</msg>
<var>${list_country}</var>
<arg>AD</arg>
<arg>AE</arg>
<arg>AF</arg>
<arg>AG</arg>
<arg>AI</arg>
<arg>AL</arg>
<arg>AM</arg>
<arg>AO</arg>
<arg>AQ</arg>
<arg>AR</arg>
<arg>AS</arg>
<arg>AT</arg>
<arg>AU</arg>
<arg>AW</arg>
<arg>AX</arg>
<arg>AZ</arg>
<arg>BA</arg>
<arg>BB</arg>
<arg>BD</arg>
<arg>BE</arg>
<arg>BF</arg>
<arg>BG</arg>
<arg>BH</arg>
<arg>BI</arg>
<arg>BJ</arg>
<arg>BL</arg>
<arg>BM</arg>
<arg>BN</arg>
<arg>BO</arg>
<arg>BQ</arg>
<arg>BR</arg>
<arg>BS</arg>
<arg>BT</arg>
<arg>BV</arg>
<arg>BW</arg>
<arg>BY</arg>
<arg>BZ</arg>
<arg>CA</arg>
<arg>CC</arg>
<arg>CD</arg>
<arg>CF</arg>
<arg>CG</arg>
<arg>CH</arg>
<arg>CI</arg>
<arg>CK</arg>
<arg>CL</arg>
<arg>CM</arg>
<arg>CN</arg>
<arg>CO</arg>
<arg>CR</arg>
<arg>CU</arg>
<arg>CV</arg>
<arg>CW</arg>
<arg>CX</arg>
<arg>CY</arg>
<arg>CZ</arg>
<arg>DE</arg>
<arg>DJ</arg>
<arg>DK</arg>
<arg>DM</arg>
<arg>DO</arg>
<arg>DZ</arg>
<arg>EC</arg>
<arg>EE</arg>
<arg>EG</arg>
<arg>EH</arg>
<arg>ER</arg>
<arg>ES</arg>
<arg>ET</arg>
<arg>FI</arg>
<arg>FJ</arg>
<arg>FK</arg>
<arg>FM</arg>
<arg>FO</arg>
<arg>FR</arg>
<arg>GA</arg>
<arg>GB</arg>
<arg>GD</arg>
<arg>GE</arg>
<arg>GF</arg>
<arg>GG</arg>
<arg>GH</arg>
<arg>GI</arg>
<arg>GL</arg>
<arg>GM</arg>
<arg>GN</arg>
<arg>GP</arg>
<arg>GQ</arg>
<arg>GR</arg>
<arg>GS</arg>
<arg>GT</arg>
<arg>GU</arg>
<arg>GW</arg>
<arg>GY</arg>
<arg>HK</arg>
<arg>HM</arg>
<arg>HN</arg>
<arg>HR</arg>
<arg>HT</arg>
<arg>HU</arg>
<arg>ID</arg>
<arg>IE</arg>
<arg>IL</arg>
<arg>IM</arg>
<arg>IN</arg>
<arg>IO</arg>
<arg>IQ</arg>
<arg>IR</arg>
<arg>IS</arg>
<arg>IT</arg>
<arg>JE</arg>
<arg>JM</arg>
<arg>JO</arg>
<arg>JP</arg>
<arg>KE</arg>
<arg>KG</arg>
<arg>KH</arg>
<arg>KI</arg>
<arg>KM</arg>
<arg>KN</arg>
<arg>KP</arg>
<arg>KR</arg>
<arg>KW</arg>
<arg>KY</arg>
<arg>KZ</arg>
<arg>LA</arg>
<arg>LB</arg>
<arg>LC</arg>
<arg>LI</arg>
<arg>LK</arg>
<arg>LR</arg>
<arg>LS</arg>
<arg>LT</arg>
<arg>LU</arg>
<arg>LV</arg>
<arg>LY</arg>
<arg>MA</arg>
<arg>MC</arg>
<arg>MD</arg>
<arg>ME</arg>
<arg>MF</arg>
<arg>MG</arg>
<arg>MH</arg>
<arg>MK</arg>
<arg>ML</arg>
<arg>MM</arg>
<arg>MN</arg>
<arg>MO</arg>
<arg>MP</arg>
<arg>MQ</arg>
<arg>MR</arg>
<arg>MS</arg>
<arg>MT</arg>
<arg>MU</arg>
<arg>MV</arg>
<arg>MW</arg>
<arg>MX</arg>
<arg>MY</arg>
<arg>MZ</arg>
<arg>NA</arg>
<arg>NC</arg>
<arg>NE</arg>
<arg>NF</arg>
<arg>NG</arg>
<arg>NI</arg>
<arg>NL</arg>
<arg>NO</arg>
<arg>NP</arg>
<arg>NR</arg>
<arg>NU</arg>
<arg>NZ</arg>
<arg>OM</arg>
<arg>PA</arg>
<arg>PE</arg>
<arg>PF</arg>
<arg>PG</arg>
<arg>PH</arg>
<arg>PK</arg>
<arg>PL</arg>
<arg>PM</arg>
<arg>PN</arg>
<arg>PR</arg>
<arg>PS</arg>
<arg>PT</arg>
<arg>PW</arg>
<arg>PY</arg>
<arg>QA</arg>
<arg>RE</arg>
<arg>RO</arg>
<arg>RS</arg>
<arg>RU</arg>
<arg>RW</arg>
<arg>SA</arg>
<arg>SB</arg>
<arg>SC</arg>
<arg>SD</arg>
<arg>SE</arg>
<arg>SG</arg>
<arg>SH</arg>
<arg>SI</arg>
<arg>SJ</arg>
<arg>SK</arg>
<arg>SL</arg>
<arg>SM</arg>
<arg>SN</arg>
<arg>SO</arg>
<arg>SR</arg>
<arg>SS</arg>
<arg>ST</arg>
<arg>SV</arg>
<arg>SX</arg>
<arg>SY</arg>
<arg>SZ</arg>
<arg>TC</arg>
<arg>TD</arg>
<arg>TF</arg>
<arg>TG</arg>
<arg>TH</arg>
<arg>TJ</arg>
<arg>TK</arg>
<arg>TL</arg>
<arg>TM</arg>
<arg>TN</arg>
<arg>TO</arg>
<arg>TR</arg>
<arg>TT</arg>
<arg>TV</arg>
<arg>TW</arg>
<arg>TZ</arg>
<arg>UA</arg>
<arg>UG</arg>
<arg>UM</arg>
<arg>US</arg>
<arg>UY</arg>
<arg>UZ</arg>
<arg>VA</arg>
<arg>VC</arg>
<arg>VE</arg>
<arg>VG</arg>
<arg>VI</arg>
<arg>VN</arg>
<arg>VU</arg>
<arg>WF</arg>
<arg>WS</arg>
<arg>XK</arg>
<arg>YE</arg>
<arg>YT</arg>
<arg>ZA</arg>
<arg>ZM</arg>
<arg>ZW</arg>
<doc>Returns a list containing given items.</doc>
<status status="PASS" start="2024-05-26T13:14:18.411712" elapsed="0.000621"/>
</kw>
<kw name="List Should Contain Value" owner="Collections">
<msg time="2024-05-26T13:14:18.413314" level="INFO">False</msg>
<arg>${list_country}</arg>
<arg>${name_country}</arg>
<doc>Fails if the ``value`` is not found from ``list``.</doc>
<status status="PASS" start="2024-05-26T13:14:18.413112" elapsed="0.000237"/>
</kw>
<kw name="Run Keyword If" owner="BuiltIn">
<kw name="Should Be True" owner="BuiltIn">
<arg>${True}</arg>
<doc>Fails if the given condition is not true.</doc>
<status status="PASS" start="2024-05-26T13:14:18.414397" elapsed="0.000141"/>
</kw>
<arg>${json_data["results"][0]["location"]["coordinates"]["latitude"]} &gt;= -90 and ${json_data["results"][0]["location"]["coordinates"]["latitude"]} &lt;= 90</arg>
<arg>Should Be True</arg>
<arg>${True}</arg>
<doc>Runs the given keyword with the given arguments, if ``condition`` is true.</doc>
<status status="PASS" start="2024-05-26T13:14:18.413662" elapsed="0.001002"/>
</kw>
<kw name="Run Keyword If" owner="BuiltIn">
<kw name="Should Be True" owner="BuiltIn">
<arg>${True}</arg>
<doc>Fails if the given condition is not true.</doc>
<status status="PASS" start="2024-05-26T13:14:18.415571" elapsed="0.000136"/>
</kw>
<arg>${json_data["results"][0]["location"]["coordinates"]["longitude"]} &gt;= -180 and ${json_data["results"][0]["location"]["coordinates"]["longitude"]} &lt;= 180</arg>
<arg>Should Be True</arg>
<arg>${True}</arg>
<doc>Runs the given keyword with the given arguments, if ``condition`` is true.</doc>
<status status="PASS" start="2024-05-26T13:14:18.414847" elapsed="0.000982"/>
</kw>
<status status="PASS" start="2024-05-26T13:14:18.316521" elapsed="0.099436"/>
</kw>
<doc>Testa o conteúdo específico dos campos retornados pela API.</doc>
<tag>testeConteudo</tag>
<status status="PASS" start="2024-05-26T13:14:18.315833" elapsed="0.100267"/>
</test>
<status status="PASS" start="2024-05-26T13:14:16.890051" elapsed="1.527943"/>
</suite>
<status status="PASS" start="2024-05-26T13:14:16.875867" elapsed="1.547234"/>
</suite>
<statistics>
<total>
<stat pass="5" fail="0" skip="0">All Tests</stat>
</total>
<tag>
<stat pass="1" fail="0" skip="0">testeConteudo</stat>
<stat pass="1" fail="0" skip="0">testeEstruturaResposta</stat>
<stat pass="1" fail="0" skip="0">testeRequisicaoBasica</stat>
<stat pass="1" fail="0" skip="0">testeTiposDados</stat>
</tag>
<suite>
<stat pass="5" fail="0" skip="0" id="s1" name="Tests">Tests</stat>
<stat pass="5" fail="0" skip="0" id="s1-s1" name="Random-User-Test">Tests.Random-User-Test</stat>
</suite>
</statistics>
<errors>
</errors>
</robot>
