<?xml version="1.0" encoding="UTF-8"?>
<robot generator="Robot 7.0 (Python 3.12.2 on linux)" generated="2024-03-21T13:12:03.890281" rpa="false" schemaversion="5">
<suite id="s1" name="Tests" source="/home/runner/work/DesafioQAItauRogerioJordao/DesafioQAItauRogerioJordao/RamdonUser/tests">
<suite id="s1-s1" name="Random-User-Test" source="/home/runner/work/DesafioQAItauRogerioJordao/DesafioQAItauRogerioJordao/RamdonUser/tests/random-user-test.robot">
<test id="s1-s1-t1" name="Conectar" line="13">
<kw name="Conectar API" owner="random-user-service">
<kw name="Create Session" owner="RequestsLibrary">
<msg time="2024-03-21T13:12:04.253120" level="INFO">Creating Session using : alias=consultarAPI, url=https://randomuser.me/, headers={},                     cookies={}, auth=None, timeout=None, proxies=None, verify=False,                     debug=0 </msg>
<arg>consultarAPI</arg>
<arg>${URL}</arg>
<doc>Create Session: create a HTTP session to a server</doc>
<status status="PASS" start="2024-03-21T13:12:04.252852" elapsed="0.000454"/>
</kw>
<status status="PASS" start="2024-03-21T13:12:04.251883" elapsed="0.001787"/>
</kw>
<status status="PASS" start="2024-03-21T13:12:04.251207" elapsed="0.002674"/>
</test>
<test id="s1-s1-t2" name="Validar retorno 200 e JSON Válido" line="16">
<kw name="Teste de Requisicao Basica" owner="random-user-service">
<kw name="GET On Session" owner="RequestsLibrary">
<msg time="2024-03-21T13:12:04.402207" level="INFO">GET Request : url=https://randomuser.me/api 
 path_url=/api 
 headers={'User-Agent': 'python-requests/2.31.0', 'Accept-Encoding': 'gzip, deflate', 'Accept': '*/*', 'Connection': 'keep-alive'} 
 body=None 
 </msg>
<msg time="2024-03-21T13:12:04.402351" level="INFO">GET Response : url=https://randomuser.me/api 
 status=200, reason=OK 
 headers={'Date': 'Thu, 21 Mar 2024 13:12:04 GMT', 'Content-Type': 'application/json; charset=utf-8', 'Transfer-Encoding': 'chunked', 'Connection': 'keep-alive', 'X-Powered-By': 'Express', 'Access-Control-Allow-Origin': '*', 'Cache-Control': 'no-cache', 'ETag': 'W/"4a6-GGj7+s4gD9l9KPRCj5sBazENHLw"', 'Vary': 'Accept-Encoding', 'Content-Encoding': 'gzip', 'CF-Cache-Status': 'DYNAMIC', 'Report-To': '{"endpoints":[{"url":"https:\\/\\/a.nel.cloudflare.com\\/report\\/v4?s=BJVh0Ddyg5nESCu%2F7k5DqpDPGbYNSvP%2FFINnoFynQ3h99piYfwY%2Fr0jpSChnf7Tw44pOKwxsPRDL6lVgxXpo9GnZMFp4P8uCzRatZWA9M%2Brhehou9W84IxpFe%2BnPKhAi"}],"group":"cf-nel","max_age":604800}', 'NEL': '{"success_fraction":0,"report_to":"cf-nel","max_age":604800}', 'Server': 'cloudflare', 'CF-RAY': '867e3102fcae89f9-ORD', 'alt-svc': 'h3=":443"; ma=86400'} 
 body={"results":[{"gender":"female","name":{"title":"Miss","first":"Juliana","last":"Asmus"},"location":{"street":{"number":5700,"name":"Waldstraße"},"city":"Altenkirchen (Westerwald)","state":"Rheinland-Pfalz","country":"Germany","postcode":99792,"coordinates":{"latitude":"-52.0485","longitude":"118.4335"},"timezone":{"offset":"+2:00","description":"Kaliningrad, South Africa"}},"email":"juliana.asmus@example.com","login":{"uuid":"80189f0a-f64b-4ce5-b4ed-0a583530333c","username":"smallbear671","password":"teens","salt":"AsRX4t9s","md5":"8e98deafb06bbb60e8182cf1fc383416","sha1":"7c7556bd77110df624cd983fac9503a998624178","sha256":"1623d80b243927491536d1ca20daef906da835a5320d9a33e196a6f9d63f74b1"},"dob":{"date":"1963-08-04T23:00:50.266Z","age":60},"registered":{"date":"2012-04-26T11:29:34.545Z","age":11},"phone":"0320-1217011","cell":"0176-1925438","id":{"name":"SVNR","value":"09 040863 A 718"},"picture":{"large":"https://randomuser.me/api/portraits/women/23.jpg","medium":"https://randomuser.me/api/portraits/med/women/23.jpg","thumbnail":"https://randomuser.me/api/portraits/thumb/women/23.jpg"},"nat":"DE"}],"info":{"seed":"d81ffa201a7b1f62","results":1,"page":1,"version":"1.4"}} 
 </msg>
<msg time="2024-03-21T13:12:04.402463" level="INFO">/opt/hostedtoolcache/Python/3.12.2/x64/lib/python3.12/site-packages/urllib3/connectionpool.py:1103: InsecureRequestWarning: Unverified HTTPS request is being made to host 'randomuser.me'. Adding certificate verification is strongly advised. See: https://urllib3.readthedocs.io/en/latest/advanced-usage.html#tls-warnings
  warnings.warn(</msg>
<msg time="2024-03-21T13:12:04.402626" level="INFO">${response} = &lt;Response [200]&gt;</msg>
<var>${response}</var>
<arg>consultarAPI</arg>
<arg>/api</arg>
<doc>Sends a GET request on a previously created HTTP Session.</doc>
<status status="PASS" start="2024-03-21T13:12:04.256521" elapsed="0.146148"/>
</kw>
<kw name="Should Be Equal As Numbers" owner="BuiltIn">
<msg time="2024-03-21T13:12:04.403623" level="INFO">Argument types are:
&lt;class 'int'&gt;
&lt;class 'str'&gt;</msg>
<arg>${response.status_code}</arg>
<arg>200</arg>
<doc>Fails if objects are unequal after converting them to real numbers.</doc>
<status status="PASS" start="2024-03-21T13:12:04.403174" elapsed="0.000514"/>
</kw>
<kw name="Log" owner="BuiltIn">
<msg time="2024-03-21T13:12:04.404373" level="INFO">200</msg>
<arg>${response.status_code}</arg>
<doc>Logs the given message with the given level.</doc>
<status status="PASS" start="2024-03-21T13:12:04.404020" elapsed="0.000396"/>
</kw>
<kw name="Set Variable" owner="BuiltIn">
<msg time="2024-03-21T13:12:04.405193" level="INFO">${json_data} = {'results': [{'gender': 'female', 'name': {'title': 'Miss', 'first': 'Juliana', 'last': 'Asmus'}, 'location': {'street': {'number': 5700, 'name': 'Waldstraße'}, 'city': 'Altenkirchen (Westerwald)', 's...</msg>
<var>${json_data}</var>
<arg>${response.json()}</arg>
<doc>Returns the given values which can then be assigned to a variables.</doc>
<status status="PASS" start="2024-03-21T13:12:04.404723" elapsed="0.000500"/>
</kw>
<kw name="Dictionary Should Contain Key" owner="Collections">
<msg time="2024-03-21T13:12:04.405721" level="INFO">False</msg>
<arg>${json_data}</arg>
<arg>results</arg>
<doc>Fails if ``key`` is not found from ``dictionary``.</doc>
<status status="PASS" start="2024-03-21T13:12:04.405553" elapsed="0.000207"/>
</kw>
<status status="PASS" start="2024-03-21T13:12:04.256276" elapsed="0.149747"/>
</kw>
<doc>Testa se a API responde corretamente e retorna um objeto JSON válido.</doc>
<tag>testeRequisicaoBasica</tag>
<status status="PASS" start="2024-03-21T13:12:04.255743" elapsed="0.150469"/>
</test>
<test id="s1-s1-t3" name="Validar estrutura de resposta" line="22">
<kw name="Teste de Estrutura de Resposta" owner="random-user-service">
<kw name="GET On Session" owner="RequestsLibrary">
<msg time="2024-03-21T13:12:04.514190" level="INFO">GET Request : url=https://randomuser.me/api 
 path_url=/api 
 headers={'User-Agent': 'python-requests/2.31.0', 'Accept-Encoding': 'gzip, deflate', 'Accept': '*/*', 'Connection': 'keep-alive'} 
 body=None 
 </msg>
<msg time="2024-03-21T13:12:04.514266" level="INFO">GET Response : url=https://randomuser.me/api 
 status=200, reason=OK 
 headers={'Date': 'Thu, 21 Mar 2024 13:12:04 GMT', 'Content-Type': 'application/json; charset=utf-8', 'Transfer-Encoding': 'chunked', 'Connection': 'keep-alive', 'X-Powered-By': 'Express', 'Access-Control-Allow-Origin': '*', 'Cache-Control': 'no-cache', 'ETag': 'W/"496-f/bb+52Hhwqtw3Zei1f3TXEdLs8"', 'Vary': 'Accept-Encoding', 'Content-Encoding': 'gzip', 'CF-Cache-Status': 'DYNAMIC', 'Report-To': '{"endpoints":[{"url":"https:\\/\\/a.nel.cloudflare.com\\/report\\/v4?s=N3zHXMJQDXE%2FqqDwfWgcBLZWQx1ph7p9vifh7cMygFKx%2FdAIJrbJQ%2FbuWHUDUNOO6M2vJVYOX3g%2BavYxZMHSX7UySZxq%2F4yApkfa6JDLk0ALifv2bMe5CWobh4pqLBCS"}],"group":"cf-nel","max_age":604800}', 'NEL': '{"success_fraction":0,"report_to":"cf-nel","max_age":604800}', 'Server': 'cloudflare', 'CF-RAY': '867e31039d5089f9-ORD', 'alt-svc': 'h3=":443"; ma=86400'} 
 body={"results":[{"gender":"female","name":{"title":"Ms","first":"Olivia","last":"Johansen"},"location":{"street":{"number":2066,"name":"Hjulets Kvarter"},"city":"Juelsminde","state":"Danmark","country":"Denmark","postcode":17060,"coordinates":{"latitude":"-40.7762","longitude":"73.4111"},"timezone":{"offset":"+10:00","description":"Eastern Australia, Guam, Vladivostok"}},"email":"olivia.johansen@example.com","login":{"uuid":"c4df3552-12a7-41d3-92ba-eba8e208e806","username":"purpletiger722","password":"profit","salt":"jPEh1owi","md5":"c22f7677610da1b3d4b1279ba6fb83c2","sha1":"8ff8798b47f6cc6cca3504c51852d617396d6f5e","sha256":"97b695a91484607718421c103a2fe431e97237ae2e85edecb1b81caa4c32ff63"},"dob":{"date":"1981-01-14T19:37:34.313Z","age":43},"registered":{"date":"2012-12-13T20:01:45.401Z","age":11},"phone":"10585043","cell":"97254609","id":{"name":"CPR","value":"140181-0055"},"picture":{"large":"https://randomuser.me/api/portraits/women/89.jpg","medium":"https://randomuser.me/api/portraits/med/women/89.jpg","thumbnail":"https://randomuser.me/api/portraits/thumb/women/89.jpg"},"nat":"DK"}],"info":{"seed":"74f82e8d598214f9","results":1,"page":1,"version":"1.4"}} 
 </msg>
<msg time="2024-03-21T13:12:04.514386" level="INFO">/opt/hostedtoolcache/Python/3.12.2/x64/lib/python3.12/site-packages/urllib3/connectionpool.py:1103: InsecureRequestWarning: Unverified HTTPS request is being made to host 'randomuser.me'. Adding certificate verification is strongly advised. See: https://urllib3.readthedocs.io/en/latest/advanced-usage.html#tls-warnings
  warnings.warn(</msg>
<msg time="2024-03-21T13:12:04.514489" level="INFO">${response} = &lt;Response [200]&gt;</msg>
<var>${response}</var>
<arg>consultarAPI</arg>
<arg>/api</arg>
<doc>Sends a GET request on a previously created HTTP Session.</doc>
<status status="PASS" start="2024-03-21T13:12:04.408998" elapsed="0.105528"/>
</kw>
<kw name="Set Variable" owner="BuiltIn">
<msg time="2024-03-21T13:12:04.515472" level="INFO">${json_data} = {'results': [{'gender': 'female', 'name': {'title': 'Ms', 'first': 'Olivia', 'last': 'Johansen'}, 'location': {'street': {'number': 2066, 'name': 'Hjulets Kvarter'}, 'city': 'Juelsminde', 'state': 'Da...</msg>
<var>${json_data}</var>
<arg>${response.json()}</arg>
<doc>Returns the given values which can then be assigned to a variables.</doc>
<status status="PASS" start="2024-03-21T13:12:04.514975" elapsed="0.000526"/>
</kw>
<kw name="Log" owner="BuiltIn">
<msg time="2024-03-21T13:12:04.515990" level="INFO">{'results': [{'gender': 'female', 'name': {'title': 'Ms', 'first': 'Olivia', 'last': 'Johansen'}, 'location': {'street': {'number': 2066, 'name': 'Hjulets Kvarter'}, 'city': 'Juelsminde', 'state': 'Danmark', 'country': 'Denmark', 'postcode': 17060, 'coordinates': {'latitude': '-40.7762', 'longitude': '73.4111'}, 'timezone': {'offset': '+10:00', 'description': 'Eastern Australia, Guam, Vladivostok'}}, 'email': 'olivia.johansen@example.com', 'login': {'uuid': 'c4df3552-12a7-41d3-92ba-eba8e208e806', 'username': 'purpletiger722', 'password': 'profit', 'salt': 'jPEh1owi', 'md5': 'c22f7677610da1b3d4b1279ba6fb83c2', 'sha1': '8ff8798b47f6cc6cca3504c51852d617396d6f5e', 'sha256': '97b695a91484607718421c103a2fe431e97237ae2e85edecb1b81caa4c32ff63'}, 'dob': {'date': '1981-01-14T19:37:34.313Z', 'age': 43}, 'registered': {'date': '2012-12-13T20:01:45.401Z', 'age': 11}, 'phone': '10585043', 'cell': '97254609', 'id': {'name': 'CPR', 'value': '140181-0055'}, 'picture': {'large': 'https://randomuser.me/api/portraits/women/89.jpg', 'medium': 'https://randomuser.me/api/portraits/med/women/89.jpg', 'thumbnail': 'https://randomuser.me/api/portraits/thumb/women/89.jpg'}, 'nat': 'DK'}], 'info': {'seed': '74f82e8d598214f9', 'results': 1, 'page': 1, 'version': '1.4'}}</msg>
<arg>${json_data}</arg>
<doc>Logs the given message with the given level.</doc>
<status status="PASS" start="2024-03-21T13:12:04.515823" elapsed="0.000215"/>
</kw>
<kw name="Dictionary Should Contain Key" owner="Collections">
<msg time="2024-03-21T13:12:04.516494" level="INFO">False</msg>
<arg>${json_data}</arg>
<arg>results</arg>
<doc>Fails if ``key`` is not found from ``dictionary``.</doc>
<status status="PASS" start="2024-03-21T13:12:04.516334" elapsed="0.000199"/>
</kw>
<kw name="Should Not Be Empty" owner="BuiltIn">
<msg time="2024-03-21T13:12:04.516965" level="INFO">Length is 2.</msg>
<arg>${json_data}</arg>
<doc>Verifies that the given item is not empty.</doc>
<status status="PASS" start="2024-03-21T13:12:04.516829" elapsed="0.000177"/>
</kw>
<kw name="Create List" owner="BuiltIn">
<msg time="2024-03-21T13:12:04.517460" level="INFO">${expected_keys} = ['gender', 'name', 'location', 'email', 'login']</msg>
<var>${expected_keys}</var>
<arg>gender</arg>
<arg>name</arg>
<arg>location</arg>
<arg>email</arg>
<arg>login</arg>
<doc>Returns a list containing given items.</doc>
<status status="PASS" start="2024-03-21T13:12:04.517307" elapsed="0.000178"/>
</kw>
<for flavor="IN">
<iter>
<kw name="Dictionary Should Contain Key" owner="Collections">
<msg time="2024-03-21T13:12:04.518489" level="INFO">False</msg>
<arg>${json_data['results'][0]}</arg>
<arg>${key}</arg>
<doc>Fails if ``key`` is not found from ``dictionary``.</doc>
<status status="PASS" start="2024-03-21T13:12:04.518071" elapsed="0.000458"/>
</kw>
<kw name="Log" owner="BuiltIn">
<msg time="2024-03-21T13:12:04.519259" level="INFO">{'gender': 'female', 'name': {'title': 'Ms', 'first': 'Olivia', 'last': 'Johansen'}, 'location': {'street': {'number': 2066, 'name': 'Hjulets Kvarter'}, 'city': 'Juelsminde', 'state': 'Danmark', 'country': 'Denmark', 'postcode': 17060, 'coordinates': {'latitude': '-40.7762', 'longitude': '73.4111'}, 'timezone': {'offset': '+10:00', 'description': 'Eastern Australia, Guam, Vladivostok'}}, 'email': 'olivia.johansen@example.com', 'login': {'uuid': 'c4df3552-12a7-41d3-92ba-eba8e208e806', 'username': 'purpletiger722', 'password': 'profit', 'salt': 'jPEh1owi', 'md5': 'c22f7677610da1b3d4b1279ba6fb83c2', 'sha1': '8ff8798b47f6cc6cca3504c51852d617396d6f5e', 'sha256': '97b695a91484607718421c103a2fe431e97237ae2e85edecb1b81caa4c32ff63'}, 'dob': {'date': '1981-01-14T19:37:34.313Z', 'age': 43}, 'registered': {'date': '2012-12-13T20:01:45.401Z', 'age': 11}, 'phone': '10585043', 'cell': '97254609', 'id': {'name': 'CPR', 'value': '140181-0055'}, 'picture': {'large': 'https://randomuser.me/api/portraits/women/89.jpg', 'medium': 'https://randomuser.me/api/portraits/med/women/89.jpg', 'thumbnail': 'https://randomuser.me/api/portraits/thumb/women/89.jpg'}, 'nat': 'DK'}</msg>
<arg>${json_data['results'][0]}</arg>
<doc>Logs the given message with the given level.</doc>
<status status="PASS" start="2024-03-21T13:12:04.518871" elapsed="0.000437"/>
</kw>
<kw name="Log" owner="BuiltIn">
<msg time="2024-03-21T13:12:04.519741" level="INFO">gender</msg>
<arg>${key}</arg>
<doc>Logs the given message with the given level.</doc>
<status status="PASS" start="2024-03-21T13:12:04.519609" elapsed="0.000172"/>
</kw>
<var name="${key}">gender</var>
<status status="PASS" start="2024-03-21T13:12:04.517946" elapsed="0.002068"/>
</iter>
<iter>
<kw name="Dictionary Should Contain Key" owner="Collections">
<msg time="2024-03-21T13:12:04.520713" level="INFO">False</msg>
<arg>${json_data['results'][0]}</arg>
<arg>${key}</arg>
<doc>Fails if ``key`` is not found from ``dictionary``.</doc>
<status status="PASS" start="2024-03-21T13:12:04.520329" elapsed="0.000428"/>
</kw>
<kw name="Log" owner="BuiltIn">
<msg time="2024-03-21T13:12:04.521454" level="INFO">{'gender': 'female', 'name': {'title': 'Ms', 'first': 'Olivia', 'last': 'Johansen'}, 'location': {'street': {'number': 2066, 'name': 'Hjulets Kvarter'}, 'city': 'Juelsminde', 'state': 'Danmark', 'country': 'Denmark', 'postcode': 17060, 'coordinates': {'latitude': '-40.7762', 'longitude': '73.4111'}, 'timezone': {'offset': '+10:00', 'description': 'Eastern Australia, Guam, Vladivostok'}}, 'email': 'olivia.johansen@example.com', 'login': {'uuid': 'c4df3552-12a7-41d3-92ba-eba8e208e806', 'username': 'purpletiger722', 'password': 'profit', 'salt': 'jPEh1owi', 'md5': 'c22f7677610da1b3d4b1279ba6fb83c2', 'sha1': '8ff8798b47f6cc6cca3504c51852d617396d6f5e', 'sha256': '97b695a91484607718421c103a2fe431e97237ae2e85edecb1b81caa4c32ff63'}, 'dob': {'date': '1981-01-14T19:37:34.313Z', 'age': 43}, 'registered': {'date': '2012-12-13T20:01:45.401Z', 'age': 11}, 'phone': '10585043', 'cell': '97254609', 'id': {'name': 'CPR', 'value': '140181-0055'}, 'picture': {'large': 'https://randomuser.me/api/portraits/women/89.jpg', 'medium': 'https://randomuser.me/api/portraits/med/women/89.jpg', 'thumbnail': 'https://randomuser.me/api/portraits/thumb/women/89.jpg'}, 'nat': 'DK'}</msg>
<arg>${json_data['results'][0]}</arg>
<doc>Logs the given message with the given level.</doc>
<status status="PASS" start="2024-03-21T13:12:04.521078" elapsed="0.000424"/>
</kw>
<kw name="Log" owner="BuiltIn">
<msg time="2024-03-21T13:12:04.521931" level="INFO">name</msg>
<arg>${key}</arg>
<doc>Logs the given message with the given level.</doc>
<status status="PASS" start="2024-03-21T13:12:04.521799" elapsed="0.000171"/>
</kw>
<var name="${key}">name</var>
<status status="PASS" start="2024-03-21T13:12:04.520208" elapsed="0.001979"/>
</iter>
<iter>
<kw name="Dictionary Should Contain Key" owner="Collections">
<msg time="2024-03-21T13:12:04.522902" level="INFO">False</msg>
<arg>${json_data['results'][0]}</arg>
<arg>${key}</arg>
<doc>Fails if ``key`` is not found from ``dictionary``.</doc>
<status status="PASS" start="2024-03-21T13:12:04.522491" elapsed="0.000450"/>
</kw>
<kw name="Log" owner="BuiltIn">
<msg time="2024-03-21T13:12:04.523600" level="INFO">{'gender': 'female', 'name': {'title': 'Ms', 'first': 'Olivia', 'last': 'Johansen'}, 'location': {'street': {'number': 2066, 'name': 'Hjulets Kvarter'}, 'city': 'Juelsminde', 'state': 'Danmark', 'country': 'Denmark', 'postcode': 17060, 'coordinates': {'latitude': '-40.7762', 'longitude': '73.4111'}, 'timezone': {'offset': '+10:00', 'description': 'Eastern Australia, Guam, Vladivostok'}}, 'email': 'olivia.johansen@example.com', 'login': {'uuid': 'c4df3552-12a7-41d3-92ba-eba8e208e806', 'username': 'purpletiger722', 'password': 'profit', 'salt': 'jPEh1owi', 'md5': 'c22f7677610da1b3d4b1279ba6fb83c2', 'sha1': '8ff8798b47f6cc6cca3504c51852d617396d6f5e', 'sha256': '97b695a91484607718421c103a2fe431e97237ae2e85edecb1b81caa4c32ff63'}, 'dob': {'date': '1981-01-14T19:37:34.313Z', 'age': 43}, 'registered': {'date': '2012-12-13T20:01:45.401Z', 'age': 11}, 'phone': '10585043', 'cell': '97254609', 'id': {'name': 'CPR', 'value': '140181-0055'}, 'picture': {'large': 'https://randomuser.me/api/portraits/women/89.jpg', 'medium': 'https://randomuser.me/api/portraits/med/women/89.jpg', 'thumbnail': 'https://randomuser.me/api/portraits/thumb/women/89.jpg'}, 'nat': 'DK'}</msg>
<arg>${json_data['results'][0]}</arg>
<doc>Logs the given message with the given level.</doc>
<status status="PASS" start="2024-03-21T13:12:04.523237" elapsed="0.000410"/>
</kw>
<kw name="Log" owner="BuiltIn">
<msg time="2024-03-21T13:12:04.524073" level="INFO">location</msg>
<arg>${key}</arg>
<doc>Logs the given message with the given level.</doc>
<status status="PASS" start="2024-03-21T13:12:04.523945" elapsed="0.000166"/>
</kw>
<var name="${key}">location</var>
<status status="PASS" start="2024-03-21T13:12:04.522370" elapsed="0.001956"/>
</iter>
<iter>
<kw name="Dictionary Should Contain Key" owner="Collections">
<msg time="2024-03-21T13:12:04.525001" level="INFO">False</msg>
<arg>${json_data['results'][0]}</arg>
<arg>${key}</arg>
<doc>Fails if ``key`` is not found from ``dictionary``.</doc>
<status status="PASS" start="2024-03-21T13:12:04.524612" elapsed="0.000427"/>
</kw>
<kw name="Log" owner="BuiltIn">
<msg time="2024-03-21T13:12:04.525694" level="INFO">{'gender': 'female', 'name': {'title': 'Ms', 'first': 'Olivia', 'last': 'Johansen'}, 'location': {'street': {'number': 2066, 'name': 'Hjulets Kvarter'}, 'city': 'Juelsminde', 'state': 'Danmark', 'country': 'Denmark', 'postcode': 17060, 'coordinates': {'latitude': '-40.7762', 'longitude': '73.4111'}, 'timezone': {'offset': '+10:00', 'description': 'Eastern Australia, Guam, Vladivostok'}}, 'email': 'olivia.johansen@example.com', 'login': {'uuid': 'c4df3552-12a7-41d3-92ba-eba8e208e806', 'username': 'purpletiger722', 'password': 'profit', 'salt': 'jPEh1owi', 'md5': 'c22f7677610da1b3d4b1279ba6fb83c2', 'sha1': '8ff8798b47f6cc6cca3504c51852d617396d6f5e', 'sha256': '97b695a91484607718421c103a2fe431e97237ae2e85edecb1b81caa4c32ff63'}, 'dob': {'date': '1981-01-14T19:37:34.313Z', 'age': 43}, 'registered': {'date': '2012-12-13T20:01:45.401Z', 'age': 11}, 'phone': '10585043', 'cell': '97254609', 'id': {'name': 'CPR', 'value': '140181-0055'}, 'picture': {'large': 'https://randomuser.me/api/portraits/women/89.jpg', 'medium': 'https://randomuser.me/api/portraits/med/women/89.jpg', 'thumbnail': 'https://randomuser.me/api/portraits/thumb/women/89.jpg'}, 'nat': 'DK'}</msg>
<arg>${json_data['results'][0]}</arg>
<doc>Logs the given message with the given level.</doc>
<status status="PASS" start="2024-03-21T13:12:04.525338" elapsed="0.000403"/>
</kw>
<kw name="Log" owner="BuiltIn">
<msg time="2024-03-21T13:12:04.526157" level="INFO">email</msg>
<arg>${key}</arg>
<doc>Logs the given message with the given level.</doc>
<status status="PASS" start="2024-03-21T13:12:04.526030" elapsed="0.000165"/>
</kw>
<var name="${key}">email</var>
<status status="PASS" start="2024-03-21T13:12:04.524503" elapsed="0.001916"/>
</iter>
<iter>
<kw name="Dictionary Should Contain Key" owner="Collections">
<msg time="2024-03-21T13:12:04.527123" level="INFO">False</msg>
<arg>${json_data['results'][0]}</arg>
<arg>${key}</arg>
<doc>Fails if ``key`` is not found from ``dictionary``.</doc>
<status status="PASS" start="2024-03-21T13:12:04.526727" elapsed="0.000434"/>
</kw>
<kw name="Log" owner="BuiltIn">
<msg time="2024-03-21T13:12:04.527820" level="INFO">{'gender': 'female', 'name': {'title': 'Ms', 'first': 'Olivia', 'last': 'Johansen'}, 'location': {'street': {'number': 2066, 'name': 'Hjulets Kvarter'}, 'city': 'Juelsminde', 'state': 'Danmark', 'country': 'Denmark', 'postcode': 17060, 'coordinates': {'latitude': '-40.7762', 'longitude': '73.4111'}, 'timezone': {'offset': '+10:00', 'description': 'Eastern Australia, Guam, Vladivostok'}}, 'email': 'olivia.johansen@example.com', 'login': {'uuid': 'c4df3552-12a7-41d3-92ba-eba8e208e806', 'username': 'purpletiger722', 'password': 'profit', 'salt': 'jPEh1owi', 'md5': 'c22f7677610da1b3d4b1279ba6fb83c2', 'sha1': '8ff8798b47f6cc6cca3504c51852d617396d6f5e', 'sha256': '97b695a91484607718421c103a2fe431e97237ae2e85edecb1b81caa4c32ff63'}, 'dob': {'date': '1981-01-14T19:37:34.313Z', 'age': 43}, 'registered': {'date': '2012-12-13T20:01:45.401Z', 'age': 11}, 'phone': '10585043', 'cell': '97254609', 'id': {'name': 'CPR', 'value': '140181-0055'}, 'picture': {'large': 'https://randomuser.me/api/portraits/women/89.jpg', 'medium': 'https://randomuser.me/api/portraits/med/women/89.jpg', 'thumbnail': 'https://randomuser.me/api/portraits/thumb/women/89.jpg'}, 'nat': 'DK'}</msg>
<arg>${json_data['results'][0]}</arg>
<doc>Logs the given message with the given level.</doc>
<status status="PASS" start="2024-03-21T13:12:04.527453" elapsed="0.000413"/>
</kw>
<kw name="Log" owner="BuiltIn">
<msg time="2024-03-21T13:12:04.528291" level="INFO">login</msg>
<arg>${key}</arg>
<doc>Logs the given message with the given level.</doc>
<status status="PASS" start="2024-03-21T13:12:04.528164" elapsed="0.000166"/>
</kw>
<var name="${key}">login</var>
<status status="PASS" start="2024-03-21T13:12:04.526615" elapsed="0.001953"/>
</iter>
<var>${key}</var>
<value>@{expected_keys}</value>
<status status="PASS" start="2024-03-21T13:12:04.517753" elapsed="0.010944"/>
</for>
<kw name="Create List" owner="BuiltIn">
<msg time="2024-03-21T13:12:04.529036" level="INFO">${expected_keysTwo} = ['username', 'password']</msg>
<var>${expected_keysTwo}</var>
<arg>username</arg>
<arg>password</arg>
<doc>Returns a list containing given items.</doc>
<status status="PASS" start="2024-03-21T13:12:04.528892" elapsed="0.000169"/>
</kw>
<for flavor="IN">
<iter>
<kw name="Dictionary Should Contain Key" owner="Collections">
<msg time="2024-03-21T13:12:04.530055" level="INFO">False</msg>
<arg>${json_data['results'][0]['login']}</arg>
<arg>${keyTwo}</arg>
<doc>Fails if ``key`` is not found from ``dictionary``.</doc>
<status status="PASS" start="2024-03-21T13:12:04.529564" elapsed="0.000536"/>
</kw>
<kw name="Dictionary Should Contain Key" owner="Collections">
<msg time="2024-03-21T13:12:04.530838" level="INFO">False</msg>
<arg>${json_data['results'][0]['login']}</arg>
<arg>${keyTwo}</arg>
<doc>Fails if ``key`` is not found from ``dictionary``.</doc>
<status status="PASS" start="2024-03-21T13:12:04.530401" elapsed="0.000475"/>
</kw>
<kw name="Log" owner="BuiltIn">
<msg time="2024-03-21T13:12:04.531305" level="INFO">username</msg>
<arg>${keyTwo}</arg>
<doc>Logs the given message with the given level.</doc>
<status status="PASS" start="2024-03-21T13:12:04.531174" elapsed="0.000169"/>
</kw>
<var name="${keyTwo}">username</var>
<status status="PASS" start="2024-03-21T13:12:04.529455" elapsed="0.002114"/>
</iter>
<iter>
<kw name="Dictionary Should Contain Key" owner="Collections">
<msg time="2024-03-21T13:12:04.532242" level="INFO">False</msg>
<arg>${json_data['results'][0]['login']}</arg>
<arg>${keyTwo}</arg>
<doc>Fails if ``key`` is not found from ``dictionary``.</doc>
<status status="PASS" start="2024-03-21T13:12:04.531857" elapsed="0.000423"/>
</kw>
<kw name="Dictionary Should Contain Key" owner="Collections">
<msg time="2024-03-21T13:12:04.532949" level="INFO">False</msg>
<arg>${json_data['results'][0]['login']}</arg>
<arg>${keyTwo}</arg>
<doc>Fails if ``key`` is not found from ``dictionary``.</doc>
<status status="PASS" start="2024-03-21T13:12:04.532568" elapsed="0.000419"/>
</kw>
<kw name="Log" owner="BuiltIn">
<msg time="2024-03-21T13:12:04.533405" level="INFO">password</msg>
<arg>${keyTwo}</arg>
<doc>Logs the given message with the given level.</doc>
<status status="PASS" start="2024-03-21T13:12:04.533276" elapsed="0.000167"/>
</kw>
<var name="${keyTwo}">password</var>
<status status="PASS" start="2024-03-21T13:12:04.531747" elapsed="0.001910"/>
</iter>
<var>${keyTwo}</var>
<value>@{expected_keysTwo}</value>
<status status="PASS" start="2024-03-21T13:12:04.529301" elapsed="0.004478"/>
</for>
<status status="PASS" start="2024-03-21T13:12:04.408617" elapsed="0.125305"/>
</kw>
<doc>Testa a estrutura da resposta da API.</doc>
<tag>testeEstruturaResposta</tag>
<status status="PASS" start="2024-03-21T13:12:04.408101" elapsed="0.125984"/>
</test>
<test id="s1-s1-t4" name="Validar tipos de dados" line="28">
<kw name="Teste de Tipos de Dados" owner="random-user-service">
<kw name="GET On Session" owner="RequestsLibrary">
<msg time="2024-03-21T13:12:04.596425" level="INFO">GET Request : url=https://randomuser.me/api 
 path_url=/api 
 headers={'User-Agent': 'python-requests/2.31.0', 'Accept-Encoding': 'gzip, deflate', 'Accept': '*/*', 'Connection': 'keep-alive'} 
 body=None 
 </msg>
<msg time="2024-03-21T13:12:04.596502" level="INFO">GET Response : url=https://randomuser.me/api 
 status=200, reason=OK 
 headers={'Date': 'Thu, 21 Mar 2024 13:12:04 GMT', 'Content-Type': 'application/json; charset=utf-8', 'Transfer-Encoding': 'chunked', 'Connection': 'keep-alive', 'X-Powered-By': 'Express', 'Access-Control-Allow-Origin': '*', 'Cache-Control': 'no-cache', 'ETag': 'W/"482-boR+401TChzU4dRzeMj4Ybh1LMM"', 'Vary': 'Accept-Encoding', 'Content-Encoding': 'gzip', 'CF-Cache-Status': 'DYNAMIC', 'Report-To': '{"endpoints":[{"url":"https:\\/\\/a.nel.cloudflare.com\\/report\\/v4?s=SInAYHTKvdOD4qse53XpAKxL%2BNm2FSOSVvqXH5NicETUY3l09dPJpGajZ7FIRJ23nx3s8C4VRkbRs8oex2wbA5n1S7q%2B9AvCTloFbzBUKn7gG3mYBKD9MELYbbu7yJRH"}],"group":"cf-nel","max_age":604800}', 'NEL': '{"success_fraction":0,"report_to":"cf-nel","max_age":604800}', 'Server': 'cloudflare', 'CF-RAY': '867e31045e6089f9-ORD', 'alt-svc': 'h3=":443"; ma=86400'} 
 body={"results":[{"gender":"male","name":{"title":"Mr","first":"Rubén","last":"Duran"},"location":{"street":{"number":2560,"name":"Calle de Toledo"},"city":"Alcobendas","state":"Extremadura","country":"Spain","postcode":89880,"coordinates":{"latitude":"-30.8510","longitude":"-1.9795"},"timezone":{"offset":"+2:00","description":"Kaliningrad, South Africa"}},"email":"ruben.duran@example.com","login":{"uuid":"e384a09e-748d-4f11-aef1-f390f8a90b0e","username":"yellowbutterfly977","password":"tricia","salt":"DrH19ee6","md5":"c27dd1d2ac93e67e5ebeb1b57bdf8aac","sha1":"deabc6a1a777fd56cee4f160785bef9ac92047fe","sha256":"20dd967bbd3b3408087de1e293a382d84c502a98e17eda54a9ce7a86487036b3"},"dob":{"date":"1957-07-13T08:35:25.659Z","age":66},"registered":{"date":"2014-07-12T23:09:54.072Z","age":9},"phone":"995-650-708","cell":"607-946-400","id":{"name":"DNI","value":"09791274-P"},"picture":{"large":"https://randomuser.me/api/portraits/men/4.jpg","medium":"https://randomuser.me/api/portraits/med/men/4.jpg","thumbnail":"https://randomuser.me/api/portraits/thumb/men/4.jpg"},"nat":"ES"}],"info":{"seed":"9f180a3d10972ee9","results":1,"page":1,"version":"1.4"}} 
 </msg>
<msg time="2024-03-21T13:12:04.596565" level="INFO">/opt/hostedtoolcache/Python/3.12.2/x64/lib/python3.12/site-packages/urllib3/connectionpool.py:1103: InsecureRequestWarning: Unverified HTTPS request is being made to host 'randomuser.me'. Adding certificate verification is strongly advised. See: https://urllib3.readthedocs.io/en/latest/advanced-usage.html#tls-warnings
  warnings.warn(</msg>
<msg time="2024-03-21T13:12:04.596657" level="INFO">${response} = &lt;Response [200]&gt;</msg>
<var>${response}</var>
<arg>consultarAPI</arg>
<arg>/api</arg>
<doc>Sends a GET request on a previously created HTTP Session.</doc>
<status status="PASS" start="2024-03-21T13:12:04.536590" elapsed="0.060096"/>
</kw>
<kw name="Set Variable" owner="BuiltIn">
<msg time="2024-03-21T13:12:04.597590" level="INFO">${json_data} = {'results': [{'gender': 'male', 'name': {'title': 'Mr', 'first': 'Rubén', 'last': 'Duran'}, 'location': {'street': {'number': 2560, 'name': 'Calle de Toledo'}, 'city': 'Alcobendas', 'state': 'Extremad...</msg>
<var>${json_data}</var>
<arg>${response.json()}</arg>
<doc>Returns the given values which can then be assigned to a variables.</doc>
<status status="PASS" start="2024-03-21T13:12:04.597096" elapsed="0.000524"/>
</kw>
<kw name="Log" owner="BuiltIn">
<msg time="2024-03-21T13:12:04.598095" level="INFO">{'results': [{'gender': 'male', 'name': {'title': 'Mr', 'first': 'Rubén', 'last': 'Duran'}, 'location': {'street': {'number': 2560, 'name': 'Calle de Toledo'}, 'city': 'Alcobendas', 'state': 'Extremadura', 'country': 'Spain', 'postcode': 89880, 'coordinates': {'latitude': '-30.8510', 'longitude': '-1.9795'}, 'timezone': {'offset': '+2:00', 'description': 'Kaliningrad, South Africa'}}, 'email': 'ruben.duran@example.com', 'login': {'uuid': 'e384a09e-748d-4f11-aef1-f390f8a90b0e', 'username': 'yellowbutterfly977', 'password': 'tricia', 'salt': 'DrH19ee6', 'md5': 'c27dd1d2ac93e67e5ebeb1b57bdf8aac', 'sha1': 'deabc6a1a777fd56cee4f160785bef9ac92047fe', 'sha256': '20dd967bbd3b3408087de1e293a382d84c502a98e17eda54a9ce7a86487036b3'}, 'dob': {'date': '1957-07-13T08:35:25.659Z', 'age': 66}, 'registered': {'date': '2014-07-12T23:09:54.072Z', 'age': 9}, 'phone': '995-650-708', 'cell': '607-946-400', 'id': {'name': 'DNI', 'value': '09791274-P'}, 'picture': {'large': 'https://randomuser.me/api/portraits/men/4.jpg', 'medium': 'https://randomuser.me/api/portraits/med/men/4.jpg', 'thumbnail': 'https://randomuser.me/api/portraits/thumb/men/4.jpg'}, 'nat': 'ES'}], 'info': {'seed': '9f180a3d10972ee9', 'results': 1, 'page': 1, 'version': '1.4'}}</msg>
<arg>${json_data}</arg>
<doc>Logs the given message with the given level.</doc>
<status status="PASS" start="2024-03-21T13:12:04.597935" elapsed="0.000246"/>
</kw>
<kw name="Should Be String" owner="String">
<arg>${json_data['results'][0]['gender']}</arg>
<doc>Fails if the given ``item`` is not a string.</doc>
<status status="PASS" start="2024-03-21T13:12:04.598481" elapsed="0.000418"/>
</kw>
<kw name="Should Match Regexp" owner="BuiltIn">
<arg>${json_data['results'][0]['email']}</arg>
<arg>^[a-zA-Z0-9._%+-]+@[a-zA-Z0-9.-]+\.[a-zA-Z]{2,}$</arg>
<doc>Fails if ``string`` does not match ``pattern`` as a regular expression.</doc>
<status status="PASS" start="2024-03-21T13:12:04.599096" elapsed="0.000513"/>
</kw>
<kw name="Should Match Regexp" owner="BuiltIn">
<arg>${json_data['results'][0]['dob']['date']}</arg>
<arg>\\d{4}-\\d{2}-\\d{2}T\\d{2}:\\d{2}:\\d{2}\\.\\d{3}Z</arg>
<doc>Fails if ``string`` does not match ``pattern`` as a regular expression.</doc>
<status status="PASS" start="2024-03-21T13:12:04.599811" elapsed="0.000500"/>
</kw>
<kw name="Should Match Regexp" owner="BuiltIn">
<arg>${json_data['results'][0]['registered']['date']}</arg>
<arg>\\d{4}-\\d{2}-\\d{2}T\\d{2}:\\d{2}:\\d{2}\\.\\d{3}Z</arg>
<doc>Fails if ``string`` does not match ``pattern`` as a regular expression.</doc>
<status status="PASS" start="2024-03-21T13:12:04.600503" elapsed="0.000368"/>
</kw>
<kw name="Should Match Regexp" owner="BuiltIn">
<arg>${json_data['results'][0]['picture']['large']}</arg>
<arg>^https?://.*\.(?:png|jpe?g|gif|bmp)$</arg>
<doc>Fails if ``string`` does not match ``pattern`` as a regular expression.</doc>
<status status="PASS" start="2024-03-21T13:12:04.601057" elapsed="0.000457"/>
</kw>
<kw name="Should Match Regexp" owner="BuiltIn">
<arg>${json_data['results'][0]['picture']['medium']}</arg>
<arg>^https?://.*\.(?:png|jpe?g|gif|bmp)$</arg>
<doc>Fails if ``string`` does not match ``pattern`` as a regular expression.</doc>
<status status="PASS" start="2024-03-21T13:12:04.601703" elapsed="0.000360"/>
</kw>
<kw name="Should Match Regexp" owner="BuiltIn">
<arg>${json_data['results'][0]['picture']['thumbnail']}</arg>
<arg>^https?://.*\.(?:png|jpe?g|gif|bmp)$</arg>
<doc>Fails if ``string`` does not match ``pattern`` as a regular expression.</doc>
<status status="PASS" start="2024-03-21T13:12:04.602246" elapsed="0.000374"/>
</kw>
<kw name="Log" owner="BuiltIn">
<msg time="2024-03-21T13:12:04.603130" level="INFO">{'large': 'https://randomuser.me/api/portraits/men/4.jpg', 'medium': 'https://randomuser.me/api/portraits/med/men/4.jpg', 'thumbnail': 'https://randomuser.me/api/portraits/thumb/men/4.jpg'}</msg>
<arg>${json_data['results'][0]['picture']}</arg>
<doc>Logs the given message with the given level.</doc>
<status status="PASS" start="2024-03-21T13:12:04.602803" elapsed="0.000370"/>
</kw>
<status status="PASS" start="2024-03-21T13:12:04.536351" elapsed="0.067077"/>
</kw>
<kw name="Teste de Tipos de Dados - Postcode" owner="random-user-service">
<kw name="GET On Session" owner="RequestsLibrary">
<msg time="2024-03-21T13:12:04.700940" level="INFO">GET Request : url=https://randomuser.me/api 
 path_url=/api 
 headers={'User-Agent': 'python-requests/2.31.0', 'Accept-Encoding': 'gzip, deflate', 'Accept': '*/*', 'Connection': 'keep-alive'} 
 body=None 
 </msg>
<msg time="2024-03-21T13:12:04.701028" level="INFO">GET Response : url=https://randomuser.me/api 
 status=200, reason=OK 
 headers={'Date': 'Thu, 21 Mar 2024 13:12:04 GMT', 'Content-Type': 'application/json; charset=utf-8', 'Transfer-Encoding': 'chunked', 'Connection': 'keep-alive', 'X-Powered-By': 'Express', 'Access-Control-Allow-Origin': '*', 'Cache-Control': 'no-cache', 'ETag': 'W/"494-OUdcOhiBLeA9oYCN8si9mQ3Z7AQ"', 'Vary': 'Accept-Encoding', 'Content-Encoding': 'gzip', 'CF-Cache-Status': 'DYNAMIC', 'Report-To': '{"endpoints":[{"url":"https:\\/\\/a.nel.cloudflare.com\\/report\\/v4?s=O%2B7hmrVpP9uHsFIbjyci1IR21dKVNCc6rP0IGcHBz%2BG775%2BpD8NInlewFeHA%2BUwL9JO%2FpRl7t87QR1uIG5kJ3LP6Z1OTe%2BZPWR2XfurPqp8fvWdJ3dMvl1vQ8Pm7xhBH"}],"group":"cf-nel","max_age":604800}', 'NEL': '{"success_fraction":0,"report_to":"cf-nel","max_age":604800}', 'Server': 'cloudflare', 'CF-RAY': '867e3104cecf89f9-ORD', 'alt-svc': 'h3=":443"; ma=86400'} 
 body={"results":[{"gender":"female","name":{"title":"Miss","first":"Madalene","last":"Ribeiro"},"location":{"street":{"number":4560,"name":"Rua Mato Grosso "},"city":"Bragança","state":"Tocantins","country":"Brazil","postcode":26788,"coordinates":{"latitude":"-75.5887","longitude":"134.9043"},"timezone":{"offset":"+9:30","description":"Adelaide, Darwin"}},"email":"madalene.ribeiro@example.com","login":{"uuid":"9d1e762f-2caa-4285-b622-6c7bd369c180","username":"blackkoala804","password":"biggie","salt":"UOPhGvmA","md5":"d61b9270b31db20a112927fbe31b4416","sha1":"56f4e59b5327de5fc661bae0a37c4b77d437fa28","sha256":"36738daca1150e97abe42f62c76ab9de15a14019efa802dd27f52b82fec4fb53"},"dob":{"date":"1970-04-14T17:52:54.143Z","age":53},"registered":{"date":"2017-04-26T08:24:46.498Z","age":6},"phone":"(24) 5715-0473","cell":"(63) 8963-5993","id":{"name":"CPF","value":"206.832.733-13"},"picture":{"large":"https://randomuser.me/api/portraits/women/83.jpg","medium":"https://randomuser.me/api/portraits/med/women/83.jpg","thumbnail":"https://randomuser.me/api/portraits/thumb/women/83.jpg"},"nat":"BR"}],"info":{"seed":"fc94cae879ad181a","results":1,"page":1,"version":"1.4"}} 
 </msg>
<msg time="2024-03-21T13:12:04.701124" level="INFO">/opt/hostedtoolcache/Python/3.12.2/x64/lib/python3.12/site-packages/urllib3/connectionpool.py:1103: InsecureRequestWarning: Unverified HTTPS request is being made to host 'randomuser.me'. Adding certificate verification is strongly advised. See: https://urllib3.readthedocs.io/en/latest/advanced-usage.html#tls-warnings
  warnings.warn(</msg>
<msg time="2024-03-21T13:12:04.701237" level="INFO">${response} = &lt;Response [200]&gt;</msg>
<var>${response}</var>
<arg>consultarAPI</arg>
<arg>/api</arg>
<doc>Sends a GET request on a previously created HTTP Session.</doc>
<status status="PASS" start="2024-03-21T13:12:04.603884" elapsed="0.097401"/>
</kw>
<kw name="Set Variable" owner="BuiltIn">
<msg time="2024-03-21T13:12:04.702238" level="INFO">${json_data} = {'results': [{'gender': 'female', 'name': {'title': 'Miss', 'first': 'Madalene', 'last': 'Ribeiro'}, 'location': {'street': {'number': 4560, 'name': 'Rua Mato Grosso '}, 'city': 'Bragança', 'state': '...</msg>
<var>${json_data}</var>
<arg>${response.json()}</arg>
<doc>Returns the given values which can then be assigned to a variables.</doc>
<status status="PASS" start="2024-03-21T13:12:04.701738" elapsed="0.000530"/>
</kw>
<kw name="Log" owner="BuiltIn">
<msg time="2024-03-21T13:12:04.702796" level="INFO">{'results': [{'gender': 'female', 'name': {'title': 'Miss', 'first': 'Madalene', 'last': 'Ribeiro'}, 'location': {'street': {'number': 4560, 'name': 'Rua Mato Grosso '}, 'city': 'Bragança', 'state': 'Tocantins', 'country': 'Brazil', 'postcode': 26788, 'coordinates': {'latitude': '-75.5887', 'longitude': '134.9043'}, 'timezone': {'offset': '+9:30', 'description': 'Adelaide, Darwin'}}, 'email': 'madalene.ribeiro@example.com', 'login': {'uuid': '9d1e762f-2caa-4285-b622-6c7bd369c180', 'username': 'blackkoala804', 'password': 'biggie', 'salt': 'UOPhGvmA', 'md5': 'd61b9270b31db20a112927fbe31b4416', 'sha1': '56f4e59b5327de5fc661bae0a37c4b77d437fa28', 'sha256': '36738daca1150e97abe42f62c76ab9de15a14019efa802dd27f52b82fec4fb53'}, 'dob': {'date': '1970-04-14T17:52:54.143Z', 'age': 53}, 'registered': {'date': '2017-04-26T08:24:46.498Z', 'age': 6}, 'phone': '(24) 5715-0473', 'cell': '(63) 8963-5993', 'id': {'name': 'CPF', 'value': '206.832.733-13'}, 'picture': {'large': 'https://randomuser.me/api/portraits/women/83.jpg', 'medium': 'https://randomuser.me/api/portraits/med/women/83.jpg', 'thumbnail': 'https://randomuser.me/api/portraits/thumb/women/83.jpg'}, 'nat': 'BR'}], 'info': {'seed': 'fc94cae879ad181a', 'results': 1, 'page': 1, 'version': '1.4'}}</msg>
<arg>${json_data}</arg>
<doc>Logs the given message with the given level.</doc>
<status status="PASS" start="2024-03-21T13:12:04.702621" elapsed="0.000257"/>
</kw>
<kw name="Should Be Equal As Numbers" owner="BuiltIn">
<arg>${json_data['results'][0]['location']['postcode']}</arg>
<arg>${json_data['results'][0]['location']['postcode']}</arg>
<doc>Fails if objects are unequal after converting them to real numbers.</doc>
<status status="PASS" start="2024-03-21T13:12:04.703185" elapsed="0.000641"/>
</kw>
<kw name="Log" owner="BuiltIn">
<msg time="2024-03-21T13:12:04.704358" level="INFO">26788</msg>
<arg>${json_data['results'][0]['location']['postcode']}</arg>
<doc>Logs the given message with the given level.</doc>
<status status="PASS" start="2024-03-21T13:12:04.704020" elapsed="0.000379"/>
</kw>
<status status="PASS" start="2024-03-21T13:12:04.603651" elapsed="0.101005"/>
</kw>
<doc>Testa se os tipos de dados na resposta da API estão corretos.</doc>
<tag>testeTiposDados</tag>
<status status="PASS" start="2024-03-21T13:12:04.535892" elapsed="0.168935"/>
</test>
<test id="s1-s1-t5" name="Validar conteudo" line="35">
<kw name="Teste de Tipos de Conteudo" owner="random-user-service">
<kw name="GET On Session" owner="RequestsLibrary">
<msg time="2024-03-21T13:12:04.847043" level="INFO">GET Request : url=https://randomuser.me/api 
 path_url=/api 
 headers={'User-Agent': 'python-requests/2.31.0', 'Accept-Encoding': 'gzip, deflate', 'Accept': '*/*', 'Connection': 'keep-alive'} 
 body=None 
 </msg>
<msg time="2024-03-21T13:12:04.847136" level="INFO">GET Response : url=https://randomuser.me/api 
 status=200, reason=OK 
 headers={'Date': 'Thu, 21 Mar 2024 13:12:04 GMT', 'Content-Type': 'application/json; charset=utf-8', 'Transfer-Encoding': 'chunked', 'Connection': 'keep-alive', 'X-Powered-By': 'Express', 'Access-Control-Allow-Origin': '*', 'Cache-Control': 'no-cache', 'ETag': 'W/"47d-JEb3vLq9xIA0Ik9J21DH/mOzAzA"', 'Vary': 'Accept-Encoding', 'Content-Encoding': 'gzip', 'CF-Cache-Status': 'DYNAMIC', 'Report-To': '{"endpoints":[{"url":"https:\\/\\/a.nel.cloudflare.com\\/report\\/v4?s=Xvgsi8H25uNXRkAsZnHk4J5z1xQcBmu1ycsCsj2SZ0ybo%2FxmFikzyaKOKXP6WJBXhvyGi%2BI3TvolwCR9jYNrDn7zGdpPN8dXV4NN3AcMzO%2FCHwanlHQNHOYt1I4swIjf"}],"group":"cf-nel","max_age":604800}', 'NEL': '{"success_fraction":0,"report_to":"cf-nel","max_age":604800}', 'Server': 'cloudflare', 'CF-RAY': '867e31056faa89f9-ORD', 'alt-svc': 'h3=":443"; ma=86400'} 
 body={"results":[{"gender":"male","name":{"title":"Mr","first":"Akash","last":"Kulkarni"},"location":{"street":{"number":8259,"name":"Dadabhai Naoroji Rd"},"city":"Bhiwandi","state":"Jammu and Kashmir","country":"India","postcode":12588,"coordinates":{"latitude":"8.8723","longitude":"-73.9578"},"timezone":{"offset":"+4:30","description":"Kabul"}},"email":"akash.kulkarni@example.com","login":{"uuid":"17ad4260-415a-4de0-8092-1042c675f961","username":"organicdog204","password":"18436572","salt":"qguOY3bc","md5":"3328042a0146ed03cb0e8e6ad2f663ee","sha1":"fad959376ae670e81c90ce40491219526435af39","sha256":"bfc527017e1120e852e0e9cd2287248080b22e0fc6e8baf7a04da9828cfabcfa"},"dob":{"date":"1948-01-30T10:32:48.695Z","age":76},"registered":{"date":"2008-03-26T02:17:36.669Z","age":15},"phone":"9443954188","cell":"8933327539","id":{"name":"UIDAI","value":"283145545369"},"picture":{"large":"https://randomuser.me/api/portraits/men/16.jpg","medium":"https://randomuser.me/api/portraits/med/men/16.jpg","thumbnail":"https://randomuser.me/api/portraits/thumb/men/16.jpg"},"nat":"IN"}],"info":{"seed":"a398da0fb3408e92","results":1,"page":1,"version":"1.4"}} 
 </msg>
<msg time="2024-03-21T13:12:04.847204" level="INFO">/opt/hostedtoolcache/Python/3.12.2/x64/lib/python3.12/site-packages/urllib3/connectionpool.py:1103: InsecureRequestWarning: Unverified HTTPS request is being made to host 'randomuser.me'. Adding certificate verification is strongly advised. See: https://urllib3.readthedocs.io/en/latest/advanced-usage.html#tls-warnings
  warnings.warn(</msg>
<msg time="2024-03-21T13:12:04.847315" level="INFO">${response} = &lt;Response [200]&gt;</msg>
<var>${response}</var>
<arg>consultarAPI</arg>
<arg>/api</arg>
<doc>Sends a GET request on a previously created HTTP Session.</doc>
<status status="PASS" start="2024-03-21T13:12:04.707806" elapsed="0.139646"/>
</kw>
<kw name="Set Variable" owner="BuiltIn">
<msg time="2024-03-21T13:12:04.848456" level="INFO">${json_data} = {'results': [{'gender': 'male', 'name': {'title': 'Mr', 'first': 'Akash', 'last': 'Kulkarni'}, 'location': {'street': {'number': 8259, 'name': 'Dadabhai Naoroji Rd'}, 'city': 'Bhiwandi', 'state': 'Jam...</msg>
<var>${json_data}</var>
<arg>${response.json()}</arg>
<doc>Returns the given values which can then be assigned to a variables.</doc>
<status status="PASS" start="2024-03-21T13:12:04.847928" elapsed="0.000557"/>
</kw>
<kw name="Set Variable" owner="BuiltIn">
<msg time="2024-03-21T13:12:04.849179" level="INFO">${name_title} = Mr</msg>
<var>${name_title}</var>
<arg>${json_data["results"][0]["name"]["title"]}</arg>
<doc>Returns the given values which can then be assigned to a variables.</doc>
<status status="PASS" start="2024-03-21T13:12:04.848795" elapsed="0.000410"/>
</kw>
<kw name="Create List" owner="BuiltIn">
<msg time="2024-03-21T13:12:04.849653" level="INFO">${allowed_titles} = ['Mr', 'Ms', 'Miss', 'Mrs', 'Madame', 'Monsieur']</msg>
<var>${allowed_titles}</var>
<arg>Mr</arg>
<arg>Ms</arg>
<arg>Miss</arg>
<arg>Mrs</arg>
<arg>Madame</arg>
<arg>Monsieur</arg>
<doc>Returns a list containing given items.</doc>
<status status="PASS" start="2024-03-21T13:12:04.849503" elapsed="0.000176"/>
</kw>
<kw name="List Should Contain Value" owner="Collections">
<msg time="2024-03-21T13:12:04.850166" level="INFO">False</msg>
<arg>${allowed_titles}</arg>
<arg>${name_title}</arg>
<doc>Fails if the ``value`` is not found from ``list``.</doc>
<status status="PASS" start="2024-03-21T13:12:04.849984" elapsed="0.000220"/>
</kw>
<kw name="Set Variable" owner="BuiltIn">
<msg time="2024-03-21T13:12:04.850915" level="INFO">${name_country} = IN</msg>
<var>${name_country}</var>
<arg>${json_data["results"][0]["nat"]}</arg>
<doc>Returns the given values which can then be assigned to a variables.</doc>
<status status="PASS" start="2024-03-21T13:12:04.850497" elapsed="0.000443"/>
</kw>
<kw name="Create List" owner="BuiltIn">
<msg time="2024-03-21T13:12:04.851842" level="INFO">${list_country} = ['AD', 'AE', 'AF', 'AG', 'AI', 'AL', 'AM', 'AO', 'AQ', 'AR', 'AS', 'AT', 'AU', 'AW', 'AX', 'AZ', 'BA', 'BB', 'BD', 'BE', 'BF', 'BG', 'BH', 'BI', 'BJ', 'BL', 'BM', 'BN', 'BO', 'BQ', 'BR', 'BS', 'BT', '...</msg>
<var>${list_country}</var>
<arg>AD</arg>
<arg>AE</arg>
<arg>AF</arg>
<arg>AG</arg>
<arg>AI</arg>
<arg>AL</arg>
<arg>AM</arg>
<arg>AO</arg>
<arg>AQ</arg>
<arg>AR</arg>
<arg>AS</arg>
<arg>AT</arg>
<arg>AU</arg>
<arg>AW</arg>
<arg>AX</arg>
<arg>AZ</arg>
<arg>BA</arg>
<arg>BB</arg>
<arg>BD</arg>
<arg>BE</arg>
<arg>BF</arg>
<arg>BG</arg>
<arg>BH</arg>
<arg>BI</arg>
<arg>BJ</arg>
<arg>BL</arg>
<arg>BM</arg>
<arg>BN</arg>
<arg>BO</arg>
<arg>BQ</arg>
<arg>BR</arg>
<arg>BS</arg>
<arg>BT</arg>
<arg>BV</arg>
<arg>BW</arg>
<arg>BY</arg>
<arg>BZ</arg>
<arg>CA</arg>
<arg>CC</arg>
<arg>CD</arg>
<arg>CF</arg>
<arg>CG</arg>
<arg>CH</arg>
<arg>CI</arg>
<arg>CK</arg>
<arg>CL</arg>
<arg>CM</arg>
<arg>CN</arg>
<arg>CO</arg>
<arg>CR</arg>
<arg>CU</arg>
<arg>CV</arg>
<arg>CW</arg>
<arg>CX</arg>
<arg>CY</arg>
<arg>CZ</arg>
<arg>DE</arg>
<arg>DJ</arg>
<arg>DK</arg>
<arg>DM</arg>
<arg>DO</arg>
<arg>DZ</arg>
<arg>EC</arg>
<arg>EE</arg>
<arg>EG</arg>
<arg>EH</arg>
<arg>ER</arg>
<arg>ES</arg>
<arg>ET</arg>
<arg>FI</arg>
<arg>FJ</arg>
<arg>FK</arg>
<arg>FM</arg>
<arg>FO</arg>
<arg>FR</arg>
<arg>GA</arg>
<arg>GB</arg>
<arg>GD</arg>
<arg>GE</arg>
<arg>GF</arg>
<arg>GG</arg>
<arg>GH</arg>
<arg>GI</arg>
<arg>GL</arg>
<arg>GM</arg>
<arg>GN</arg>
<arg>GP</arg>
<arg>GQ</arg>
<arg>GR</arg>
<arg>GS</arg>
<arg>GT</arg>
<arg>GU</arg>
<arg>GW</arg>
<arg>GY</arg>
<arg>HK</arg>
<arg>HM</arg>
<arg>HN</arg>
<arg>HR</arg>
<arg>HT</arg>
<arg>HU</arg>
<arg>ID</arg>
<arg>IE</arg>
<arg>IL</arg>
<arg>IM</arg>
<arg>IN</arg>
<arg>IO</arg>
<arg>IQ</arg>
<arg>IR</arg>
<arg>IS</arg>
<arg>IT</arg>
<arg>JE</arg>
<arg>JM</arg>
<arg>JO</arg>
<arg>JP</arg>
<arg>KE</arg>
<arg>KG</arg>
<arg>KH</arg>
<arg>KI</arg>
<arg>KM</arg>
<arg>KN</arg>
<arg>KP</arg>
<arg>KR</arg>
<arg>KW</arg>
<arg>KY</arg>
<arg>KZ</arg>
<arg>LA</arg>
<arg>LB</arg>
<arg>LC</arg>
<arg>LI</arg>
<arg>LK</arg>
<arg>LR</arg>
<arg>LS</arg>
<arg>LT</arg>
<arg>LU</arg>
<arg>LV</arg>
<arg>LY</arg>
<arg>MA</arg>
<arg>MC</arg>
<arg>MD</arg>
<arg>ME</arg>
<arg>MF</arg>
<arg>MG</arg>
<arg>MH</arg>
<arg>MK</arg>
<arg>ML</arg>
<arg>MM</arg>
<arg>MN</arg>
<arg>MO</arg>
<arg>MP</arg>
<arg>MQ</arg>
<arg>MR</arg>
<arg>MS</arg>
<arg>MT</arg>
<arg>MU</arg>
<arg>MV</arg>
<arg>MW</arg>
<arg>MX</arg>
<arg>MY</arg>
<arg>MZ</arg>
<arg>NA</arg>
<arg>NC</arg>
<arg>NE</arg>
<arg>NF</arg>
<arg>NG</arg>
<arg>NI</arg>
<arg>NL</arg>
<arg>NO</arg>
<arg>NP</arg>
<arg>NR</arg>
<arg>NU</arg>
<arg>NZ</arg>
<arg>OM</arg>
<arg>PA</arg>
<arg>PE</arg>
<arg>PF</arg>
<arg>PG</arg>
<arg>PH</arg>
<arg>PK</arg>
<arg>PL</arg>
<arg>PM</arg>
<arg>PN</arg>
<arg>PR</arg>
<arg>PS</arg>
<arg>PT</arg>
<arg>PW</arg>
<arg>PY</arg>
<arg>QA</arg>
<arg>RE</arg>
<arg>RO</arg>
<arg>RS</arg>
<arg>RU</arg>
<arg>RW</arg>
<arg>SA</arg>
<arg>SB</arg>
<arg>SC</arg>
<arg>SD</arg>
<arg>SE</arg>
<arg>SG</arg>
<arg>SH</arg>
<arg>SI</arg>
<arg>SJ</arg>
<arg>SK</arg>
<arg>SL</arg>
<arg>SM</arg>
<arg>SN</arg>
<arg>SO</arg>
<arg>SR</arg>
<arg>SS</arg>
<arg>ST</arg>
<arg>SV</arg>
<arg>SX</arg>
<arg>SY</arg>
<arg>SZ</arg>
<arg>TC</arg>
<arg>TD</arg>
<arg>TF</arg>
<arg>TG</arg>
<arg>TH</arg>
<arg>TJ</arg>
<arg>TK</arg>
<arg>TL</arg>
<arg>TM</arg>
<arg>TN</arg>
<arg>TO</arg>
<arg>TR</arg>
<arg>TT</arg>
<arg>TV</arg>
<arg>TW</arg>
<arg>TZ</arg>
<arg>UA</arg>
<arg>UG</arg>
<arg>UM</arg>
<arg>US</arg>
<arg>UY</arg>
<arg>UZ</arg>
<arg>VA</arg>
<arg>VC</arg>
<arg>VE</arg>
<arg>VG</arg>
<arg>VI</arg>
<arg>VN</arg>
<arg>VU</arg>
<arg>WF</arg>
<arg>WS</arg>
<arg>XK</arg>
<arg>YE</arg>
<arg>YT</arg>
<arg>ZA</arg>
<arg>ZM</arg>
<arg>ZW</arg>
<doc>Returns a list containing given items.</doc>
<status status="PASS" start="2024-03-21T13:12:04.851244" elapsed="0.000623"/>
</kw>
<kw name="List Should Contain Value" owner="Collections">
<msg time="2024-03-21T13:12:04.852848" level="INFO">False</msg>
<arg>${list_country}</arg>
<arg>${name_country}</arg>
<doc>Fails if the ``value`` is not found from ``list``.</doc>
<status status="PASS" start="2024-03-21T13:12:04.852643" elapsed="0.000243"/>
</kw>
<kw name="Run Keyword If" owner="BuiltIn">
<kw name="Should Be True" owner="BuiltIn">
<arg>${True}</arg>
<doc>Fails if the given condition is not true.</doc>
<status status="PASS" start="2024-03-21T13:12:04.854102" elapsed="0.000147"/>
</kw>
<arg>${json_data["results"][0]["location"]["coordinates"]["latitude"]} &gt;= -90 and ${json_data["results"][0]["location"]["coordinates"]["latitude"]} &lt;= 90</arg>
<arg>Should Be True</arg>
<arg>${True}</arg>
<doc>Runs the given keyword with the given arguments, if ``condition`` is true.</doc>
<status status="PASS" start="2024-03-21T13:12:04.853198" elapsed="0.001182"/>
</kw>
<kw name="Run Keyword If" owner="BuiltIn">
<kw name="Should Be True" owner="BuiltIn">
<arg>${True}</arg>
<doc>Fails if the given condition is not true.</doc>
<status status="PASS" start="2024-03-21T13:12:04.855336" elapsed="0.000141"/>
</kw>
<arg>${json_data["results"][0]["location"]["coordinates"]["longitude"]} &gt;= -180 and ${json_data["results"][0]["location"]["coordinates"]["longitude"]} &lt;= 180</arg>
<arg>Should Be True</arg>
<arg>${True}</arg>
<doc>Runs the given keyword with the given arguments, if ``condition`` is true.</doc>
<status status="PASS" start="2024-03-21T13:12:04.854599" elapsed="0.001004"/>
</kw>
<status status="PASS" start="2024-03-21T13:12:04.707431" elapsed="0.148306"/>
</kw>
<doc>Testa o conteúdo específico dos campos retornados pela API.</doc>
<tag>testeConteudo</tag>
<status status="PASS" start="2024-03-21T13:12:04.706717" elapsed="0.149173"/>
</test>
<status status="PASS" start="2024-03-21T13:12:03.942334" elapsed="0.915506"/>
</suite>
<status status="PASS" start="2024-03-21T13:12:03.928781" elapsed="0.934521"/>
</suite>
<statistics>
<total>
<stat pass="5" fail="0" skip="0">All Tests</stat>
</total>
<tag>
<stat pass="1" fail="0" skip="0">testeConteudo</stat>
<stat pass="1" fail="0" skip="0">testeEstruturaResposta</stat>
<stat pass="1" fail="0" skip="0">testeRequisicaoBasica</stat>
<stat pass="1" fail="0" skip="0">testeTiposDados</stat>
</tag>
<suite>
<stat pass="5" fail="0" skip="0" id="s1" name="Tests">Tests</stat>
<stat pass="5" fail="0" skip="0" id="s1-s1" name="Random-User-Test">Tests.Random-User-Test</stat>
</suite>
</statistics>
<errors>
<msg time="2024-03-21T13:12:04.137483" level="WARN">Error in file '/home/runner/work/DesafioQAItauRogerioJordao/DesafioQAItauRogerioJordao/RamdonUser/Services/api-RandomUser/random-user-service.robot' on line 9: Singular section headers like '*** Variable ***' are deprecated. Use plural format like '*** Variables ***' instead.</msg>
<msg time="2024-03-21T13:12:04.250248" level="ERROR">Error in file '/home/runner/work/DesafioQAItauRogerioJordao/DesafioQAItauRogerioJordao/RamdonUser/config/base.robot' on line 8: Library '../services/data/RandomUser.py' does not exist.</msg>
<msg time="2024-03-21T13:12:04.250445" level="ERROR">Error in file '/home/runner/work/DesafioQAItauRogerioJordao/DesafioQAItauRogerioJordao/RamdonUser/config/base.robot' on line 9: Resource file '../services/api-RandomUser/random-user-service.robot' does not exist.</msg>
</errors>
</robot>
