<?xml version="1.0" encoding="UTF-8"?>
<robot generator="Robot 7.0.1 (Python 3.12.4 on linux)" generated="2024-07-21T22:13:55.501810" rpa="false" schemaversion="5">
<suite id="s1" name="Tests" source="/home/runner/work/ApiRandomUser/ApiRandomUser/RamdonUser/tests">
<suite id="s1-s1" name="Random-User-Test" source="/home/runner/work/ApiRandomUser/ApiRandomUser/RamdonUser/tests/random-user-test.robot">
<test id="s1-s1-t1" name="Conectar" line="13">
<kw name="Conectar API" owner="random-user-service">
<kw name="Create Session" owner="RequestsLibrary">
<msg time="2024-07-21T22:13:55.926100" level="INFO">Creating Session using : alias=consultarAPI, url=https://randomuser.me/, headers={},                     cookies={}, auth=None, timeout=None, proxies=None, verify=False,                     debug=0 </msg>
<arg>consultarAPI</arg>
<arg>${URL}</arg>
<doc>Create Session: create a HTTP session to a server</doc>
<status status="PASS" start="2024-07-21T22:13:55.925909" elapsed="0.000367"/>
</kw>
<status status="PASS" start="2024-07-21T22:13:55.924902" elapsed="0.001723"/>
</kw>
<status status="PASS" start="2024-07-21T22:13:55.924367" elapsed="0.002451"/>
</test>
<test id="s1-s1-t2" name="Validar retorno 200 e JSON Válido" line="16">
<kw name="Teste de Requisicao Basica" owner="random-user-service">
<kw name="GET On Session" owner="RequestsLibrary">
<msg time="2024-07-21T22:13:56.174978" level="INFO">GET Request : url=https://randomuser.me/api 
 path_url=/api 
 headers={'User-Agent': 'python-requests/2.32.3', 'Accept-Encoding': 'gzip, deflate', 'Accept': '*/*', 'Connection': 'keep-alive'} 
 body=None 
 </msg>
<msg time="2024-07-21T22:13:56.175106" level="INFO">GET Response : url=https://randomuser.me/api 
 status=200, reason=OK 
 headers={'Date': 'Sun, 21 Jul 2024 22:13:56 GMT', 'Content-Type': 'application/json; charset=utf-8', 'Transfer-Encoding': 'chunked', 'Connection': 'keep-alive', 'X-Powered-By': 'Express', 'Access-Control-Allow-Origin': '*', 'Cache-Control': 'no-cache', 'ETag': 'W/"4ae-eLFpxayEgGyR+E3oUUIEzqCxDlI"', 'Vary': 'Accept-Encoding', 'Content-Encoding': 'gzip', 'CF-Cache-Status': 'DYNAMIC', 'Report-To': '{"endpoints":[{"url":"https:\\/\\/a.nel.cloudflare.com\\/report\\/v4?s=M%2Fz7dU%2FD7lUCfd5PGvIs9J02lxQhCZuX5KscPfy9Z4LIws1k1261yoBSOehfGcFgONoAYfphDY%2FzPSBwPrlLE6K3vFZFYaXUeLUbsFj5s5HQKqXxLeA1gLDg10SZ8a70"}],"group":"cf-nel","max_age":604800}', 'NEL': '{"success_fraction":0,"report_to":"cf-nel","max_age":604800}', 'Server': 'cloudflare', 'CF-RAY': '8a6e8a81d82d81f9-IAD', 'alt-svc': 'h3=":443"; ma=86400'} 
 body={"results":[{"gender":"female","name":{"title":"Ms","first":"Malgorzata","last":"Möller"},"location":{"street":{"number":3721,"name":"Kirchstraße"},"city":"Dillingen/Saar","state":"Brandenburg","country":"Germany","postcode":85073,"coordinates":{"latitude":"-49.7057","longitude":"169.4270"},"timezone":{"offset":"-4:00","description":"Atlantic Time (Canada), Caracas, La Paz"}},"email":"malgorzata.moller@example.com","login":{"uuid":"a9f45833-d546-4d2b-8aba-5230c67eab85","username":"purplegoose254","password":"pink","salt":"usz2kRXN","md5":"af8e44fa3896f58d9a534a5b48845361","sha1":"fb278263ffca28b39359098a46c164d69f84cd06","sha256":"2a298b04941ac436ffaac96e74a0ab4f2709bd5ebf35bd27c3c4c5fec1ccca35"},"dob":{"date":"1956-06-25T08:40:38.330Z","age":68},"registered":{"date":"2003-05-15T09:43:12.907Z","age":21},"phone":"0449-6753408","cell":"0170-3709450","id":{"name":"SVNR","value":"21 250656 M 845"},"picture":{"large":"https://randomuser.me/api/portraits/women/75.jpg","medium":"https://randomuser.me/api/portraits/med/women/75.jpg","thumbnail":"https://randomuser.me/api/portraits/thumb/women/75.jpg"},"nat":"DE"}],"info":{"seed":"af5d9c448380d62c","results":1,"page":1,"version":"1.4"}} 
 </msg>
<msg time="2024-07-21T22:13:56.175184" level="INFO">/opt/hostedtoolcache/Python/3.12.4/x64/lib/python3.12/site-packages/urllib3/connectionpool.py:1099: InsecureRequestWarning: Unverified HTTPS request is being made to host 'randomuser.me'. Adding certificate verification is strongly advised. See: https://urllib3.readthedocs.io/en/latest/advanced-usage.html#tls-warnings
  warnings.warn(</msg>
<msg time="2024-07-21T22:13:56.175323" level="INFO">${response} = &lt;Response [200]&gt;</msg>
<var>${response}</var>
<arg>consultarAPI</arg>
<arg>/api</arg>
<doc>Sends a GET request on a previously created HTTP Session.</doc>
<status status="PASS" start="2024-07-21T22:13:55.929462" elapsed="0.245906"/>
</kw>
<kw name="Should Be Equal As Numbers" owner="BuiltIn">
<msg time="2024-07-21T22:13:56.176260" level="INFO">Argument types are:
&lt;class 'int'&gt;
&lt;class 'str'&gt;</msg>
<arg>${response.status_code}</arg>
<arg>200</arg>
<doc>Fails if objects are unequal after converting them to real numbers.</doc>
<status status="PASS" start="2024-07-21T22:13:56.175821" elapsed="0.000504"/>
</kw>
<kw name="Log" owner="BuiltIn">
<msg time="2024-07-21T22:13:56.177007" level="INFO">200</msg>
<arg>${response.status_code}</arg>
<doc>Logs the given message with the given level.</doc>
<status status="PASS" start="2024-07-21T22:13:56.176647" elapsed="0.000403"/>
</kw>
<kw name="Set Variable" owner="BuiltIn">
<msg time="2024-07-21T22:13:56.177797" level="INFO">${json_data} = {'results': [{'gender': 'female', 'name': {'title': 'Ms', 'first': 'Malgorzata', 'last': 'Möller'}, 'location': {'street': {'number': 3721, 'name': 'Kirchstraße'}, 'city': 'Dillingen/Saar', 'state': '...</msg>
<var>${json_data}</var>
<arg>${response.json()}</arg>
<doc>Returns the given values which can then be assigned to a variables.</doc>
<status status="PASS" start="2024-07-21T22:13:56.177356" elapsed="0.000471"/>
</kw>
<kw name="Dictionary Should Contain Key" owner="Collections">
<arg>${json_data}</arg>
<arg>results</arg>
<doc>Fails if ``key`` is not found from ``dictionary``.</doc>
<status status="PASS" start="2024-07-21T22:13:56.178132" elapsed="0.000306"/>
</kw>
<status status="PASS" start="2024-07-21T22:13:55.929217" elapsed="0.249374"/>
</kw>
<doc>Testa se a API responde corretamente e retorna um objeto JSON válido.</doc>
<tag>testeRequisicaoBasica</tag>
<status status="PASS" start="2024-07-21T22:13:55.928740" elapsed="0.250020"/>
</test>
<test id="s1-s1-t3" name="Validar estrutura de resposta" line="22">
<kw name="Teste de Estrutura de Resposta" owner="random-user-service">
<kw name="GET On Session" owner="RequestsLibrary">
<msg time="2024-07-21T22:13:56.276271" level="INFO">GET Request : url=https://randomuser.me/api 
 path_url=/api 
 headers={'User-Agent': 'python-requests/2.32.3', 'Accept-Encoding': 'gzip, deflate', 'Accept': '*/*', 'Connection': 'keep-alive'} 
 body=None 
 </msg>
<msg time="2024-07-21T22:13:56.276336" level="INFO">GET Response : url=https://randomuser.me/api 
 status=200, reason=OK 
 headers={'Date': 'Sun, 21 Jul 2024 22:13:56 GMT', 'Content-Type': 'application/json; charset=utf-8', 'Transfer-Encoding': 'chunked', 'Connection': 'keep-alive', 'X-Powered-By': 'Express', 'Access-Control-Allow-Origin': '*', 'Cache-Control': 'no-cache', 'ETag': 'W/"49d-WEC7woW/OqopMl6BwZu5VnRC6DY"', 'Vary': 'Accept-Encoding', 'Content-Encoding': 'gzip', 'CF-Cache-Status': 'DYNAMIC', 'Report-To': '{"endpoints":[{"url":"https:\\/\\/a.nel.cloudflare.com\\/report\\/v4?s=vm%2BLQ%2F%2FGCdrANn%2Bwu4wZR4subxc4MCP76ti7FDCBLpqj3Cv2FIuVtIL7yTH69K3vW36dfflH6YCSRTHu4CF1Igds%2BZSmi0zcn2xtMhCr4PjHCfdn0%2B66xtDUTHunfj15"}],"group":"cf-nel","max_age":604800}', 'NEL': '{"success_fraction":0,"report_to":"cf-nel","max_age":604800}', 'Server': 'cloudflare', 'CF-RAY': '8a6e8a82388e81f9-IAD', 'alt-svc': 'h3=":443"; ma=86400'} 
 body={"results":[{"gender":"female","name":{"title":"Miss","first":"Kathryn","last":"Allen"},"location":{"street":{"number":6450,"name":"Homestead Rd"},"city":"Maitland","state":"Western Australia","country":"Australia","postcode":8675,"coordinates":{"latitude":"-88.4956","longitude":"133.5024"},"timezone":{"offset":"-6:00","description":"Central Time (US &amp; Canada), Mexico City"}},"email":"kathryn.allen@example.com","login":{"uuid":"8053a68e-f1aa-4a58-a586-56680f27e91c","username":"happygoose445","password":"lkjh","salt":"ePNOuFzw","md5":"7f4b7495cab120dcb71f1a07e8a6dfd4","sha1":"41558d74d52e069672446ae0866afcc0718e0d9e","sha256":"db51755275f7d2ed14b35fa4cfa31a0d62c4adb74b34e6f6465caef988ff0336"},"dob":{"date":"1966-12-21T13:31:11.891Z","age":57},"registered":{"date":"2012-09-01T16:09:01.981Z","age":11},"phone":"09-1485-0775","cell":"0450-196-943","id":{"name":"TFN","value":"756855273"},"picture":{"large":"https://randomuser.me/api/portraits/women/1.jpg","medium":"https://randomuser.me/api/portraits/med/women/1.jpg","thumbnail":"https://randomuser.me/api/portraits/thumb/women/1.jpg"},"nat":"AU"}],"info":{"seed":"bb7b6d59d82dcc90","results":1,"page":1,"version":"1.4"}} 
 </msg>
<msg time="2024-07-21T22:13:56.276437" level="INFO">/opt/hostedtoolcache/Python/3.12.4/x64/lib/python3.12/site-packages/urllib3/connectionpool.py:1099: InsecureRequestWarning: Unverified HTTPS request is being made to host 'randomuser.me'. Adding certificate verification is strongly advised. See: https://urllib3.readthedocs.io/en/latest/advanced-usage.html#tls-warnings
  warnings.warn(</msg>
<msg time="2024-07-21T22:13:56.276549" level="INFO">${response} = &lt;Response [200]&gt;</msg>
<var>${response}</var>
<arg>consultarAPI</arg>
<arg>/api</arg>
<doc>Sends a GET request on a previously created HTTP Session.</doc>
<status status="PASS" start="2024-07-21T22:13:56.181764" elapsed="0.094825"/>
</kw>
<kw name="Set Variable" owner="BuiltIn">
<msg time="2024-07-21T22:13:56.277434" level="INFO">${json_data} = {'results': [{'gender': 'female', 'name': {'title': 'Miss', 'first': 'Kathryn', 'last': 'Allen'}, 'location': {'street': {'number': 6450, 'name': 'Homestead Rd'}, 'city': 'Maitland', 'state': 'Western...</msg>
<var>${json_data}</var>
<arg>${response.json()}</arg>
<doc>Returns the given values which can then be assigned to a variables.</doc>
<status status="PASS" start="2024-07-21T22:13:56.276984" elapsed="0.000478"/>
</kw>
<kw name="Log" owner="BuiltIn">
<msg time="2024-07-21T22:13:56.277923" level="INFO">{'results': [{'gender': 'female', 'name': {'title': 'Miss', 'first': 'Kathryn', 'last': 'Allen'}, 'location': {'street': {'number': 6450, 'name': 'Homestead Rd'}, 'city': 'Maitland', 'state': 'Western Australia', 'country': 'Australia', 'postcode': 8675, 'coordinates': {'latitude': '-88.4956', 'longitude': '133.5024'}, 'timezone': {'offset': '-6:00', 'description': 'Central Time (US &amp; Canada), Mexico City'}}, 'email': 'kathryn.allen@example.com', 'login': {'uuid': '8053a68e-f1aa-4a58-a586-56680f27e91c', 'username': 'happygoose445', 'password': 'lkjh', 'salt': 'ePNOuFzw', 'md5': '7f4b7495cab120dcb71f1a07e8a6dfd4', 'sha1': '41558d74d52e069672446ae0866afcc0718e0d9e', 'sha256': 'db51755275f7d2ed14b35fa4cfa31a0d62c4adb74b34e6f6465caef988ff0336'}, 'dob': {'date': '1966-12-21T13:31:11.891Z', 'age': 57}, 'registered': {'date': '2012-09-01T16:09:01.981Z', 'age': 11}, 'phone': '09-1485-0775', 'cell': '0450-196-943', 'id': {'name': 'TFN', 'value': '756855273'}, 'picture': {'large': 'https://randomuser.me/api/portraits/women/1.jpg', 'medium': 'https://randomuser.me/api/portraits/med/women/1.jpg', 'thumbnail': 'https://randomuser.me/api/portraits/thumb/women/1.jpg'}, 'nat': 'AU'}], 'info': {'seed': 'bb7b6d59d82dcc90', 'results': 1, 'page': 1, 'version': '1.4'}}</msg>
<arg>${json_data}</arg>
<doc>Logs the given message with the given level.</doc>
<status status="PASS" start="2024-07-21T22:13:56.277764" elapsed="0.000210"/>
</kw>
<kw name="Dictionary Should Contain Key" owner="Collections">
<arg>${json_data}</arg>
<arg>results</arg>
<doc>Fails if ``key`` is not found from ``dictionary``.</doc>
<status status="PASS" start="2024-07-21T22:13:56.278267" elapsed="0.000157"/>
</kw>
<kw name="Should Not Be Empty" owner="BuiltIn">
<msg time="2024-07-21T22:13:56.278741" level="INFO">Length is 2.</msg>
<arg>${json_data}</arg>
<doc>Verifies that the given item is not empty.</doc>
<status status="PASS" start="2024-07-21T22:13:56.278607" elapsed="0.000171"/>
</kw>
<kw name="Create List" owner="BuiltIn">
<msg time="2024-07-21T22:13:56.279273" level="INFO">${expected_keys} = ['gender', 'name', 'location', 'email', 'login']</msg>
<var>${expected_keys}</var>
<arg>gender</arg>
<arg>name</arg>
<arg>location</arg>
<arg>email</arg>
<arg>login</arg>
<doc>Returns a list containing given items.</doc>
<status status="PASS" start="2024-07-21T22:13:56.279123" elapsed="0.000174"/>
</kw>
<for flavor="IN">
<iter>
<kw name="Dictionary Should Contain Key" owner="Collections">
<arg>${json_data['results'][0]}</arg>
<arg>${key}</arg>
<doc>Fails if ``key`` is not found from ``dictionary``.</doc>
<status status="PASS" start="2024-07-21T22:13:56.279858" elapsed="0.000403"/>
</kw>
<kw name="Log" owner="BuiltIn">
<msg time="2024-07-21T22:13:56.280808" level="INFO">{'gender': 'female', 'name': {'title': 'Miss', 'first': 'Kathryn', 'last': 'Allen'}, 'location': {'street': {'number': 6450, 'name': 'Homestead Rd'}, 'city': 'Maitland', 'state': 'Western Australia', 'country': 'Australia', 'postcode': 8675, 'coordinates': {'latitude': '-88.4956', 'longitude': '133.5024'}, 'timezone': {'offset': '-6:00', 'description': 'Central Time (US &amp; Canada), Mexico City'}}, 'email': 'kathryn.allen@example.com', 'login': {'uuid': '8053a68e-f1aa-4a58-a586-56680f27e91c', 'username': 'happygoose445', 'password': 'lkjh', 'salt': 'ePNOuFzw', 'md5': '7f4b7495cab120dcb71f1a07e8a6dfd4', 'sha1': '41558d74d52e069672446ae0866afcc0718e0d9e', 'sha256': 'db51755275f7d2ed14b35fa4cfa31a0d62c4adb74b34e6f6465caef988ff0336'}, 'dob': {'date': '1966-12-21T13:31:11.891Z', 'age': 57}, 'registered': {'date': '2012-09-01T16:09:01.981Z', 'age': 11}, 'phone': '09-1485-0775', 'cell': '0450-196-943', 'id': {'name': 'TFN', 'value': '756855273'}, 'picture': {'large': 'https://randomuser.me/api/portraits/women/1.jpg', 'medium': 'https://randomuser.me/api/portraits/med/women/1.jpg', 'thumbnail': 'https://randomuser.me/api/portraits/thumb/women/1.jpg'}, 'nat': 'AU'}</msg>
<arg>${json_data['results'][0]}</arg>
<doc>Logs the given message with the given level.</doc>
<status status="PASS" start="2024-07-21T22:13:56.280456" elapsed="0.000405"/>
</kw>
<kw name="Log" owner="BuiltIn">
<msg time="2024-07-21T22:13:56.281474" level="INFO">gender</msg>
<arg>${key}</arg>
<doc>Logs the given message with the given level.</doc>
<status status="PASS" start="2024-07-21T22:13:56.281273" elapsed="0.000269"/>
</kw>
<var name="${key}">gender</var>
<status status="PASS" start="2024-07-21T22:13:56.279733" elapsed="0.002159"/>
</iter>
<iter>
<kw name="Dictionary Should Contain Key" owner="Collections">
<arg>${json_data['results'][0]}</arg>
<arg>${key}</arg>
<doc>Fails if ``key`` is not found from ``dictionary``.</doc>
<status status="PASS" start="2024-07-21T22:13:56.282385" elapsed="0.000642"/>
</kw>
<kw name="Log" owner="BuiltIn">
<msg time="2024-07-21T22:13:56.284023" level="INFO">{'gender': 'female', 'name': {'title': 'Miss', 'first': 'Kathryn', 'last': 'Allen'}, 'location': {'street': {'number': 6450, 'name': 'Homestead Rd'}, 'city': 'Maitland', 'state': 'Western Australia', 'country': 'Australia', 'postcode': 8675, 'coordinates': {'latitude': '-88.4956', 'longitude': '133.5024'}, 'timezone': {'offset': '-6:00', 'description': 'Central Time (US &amp; Canada), Mexico City'}}, 'email': 'kathryn.allen@example.com', 'login': {'uuid': '8053a68e-f1aa-4a58-a586-56680f27e91c', 'username': 'happygoose445', 'password': 'lkjh', 'salt': 'ePNOuFzw', 'md5': '7f4b7495cab120dcb71f1a07e8a6dfd4', 'sha1': '41558d74d52e069672446ae0866afcc0718e0d9e', 'sha256': 'db51755275f7d2ed14b35fa4cfa31a0d62c4adb74b34e6f6465caef988ff0336'}, 'dob': {'date': '1966-12-21T13:31:11.891Z', 'age': 57}, 'registered': {'date': '2012-09-01T16:09:01.981Z', 'age': 11}, 'phone': '09-1485-0775', 'cell': '0450-196-943', 'id': {'name': 'TFN', 'value': '756855273'}, 'picture': {'large': 'https://randomuser.me/api/portraits/women/1.jpg', 'medium': 'https://randomuser.me/api/portraits/med/women/1.jpg', 'thumbnail': 'https://randomuser.me/api/portraits/thumb/women/1.jpg'}, 'nat': 'AU'}</msg>
<arg>${json_data['results'][0]}</arg>
<doc>Logs the given message with the given level.</doc>
<status status="PASS" start="2024-07-21T22:13:56.283345" elapsed="0.000766"/>
</kw>
<kw name="Log" owner="BuiltIn">
<msg time="2024-07-21T22:13:56.284787" level="INFO">name</msg>
<arg>${key}</arg>
<doc>Logs the given message with the given level.</doc>
<status status="PASS" start="2024-07-21T22:13:56.284588" elapsed="0.000268"/>
</kw>
<var name="${key}">name</var>
<status status="PASS" start="2024-07-21T22:13:56.282200" elapsed="0.003018"/>
</iter>
<iter>
<kw name="Dictionary Should Contain Key" owner="Collections">
<arg>${json_data['results'][0]}</arg>
<arg>${key}</arg>
<doc>Fails if ``key`` is not found from ``dictionary``.</doc>
<status status="PASS" start="2024-07-21T22:13:56.285687" elapsed="0.000632"/>
</kw>
<kw name="Log" owner="BuiltIn">
<msg time="2024-07-21T22:13:56.287240" level="INFO">{'gender': 'female', 'name': {'title': 'Miss', 'first': 'Kathryn', 'last': 'Allen'}, 'location': {'street': {'number': 6450, 'name': 'Homestead Rd'}, 'city': 'Maitland', 'state': 'Western Australia', 'country': 'Australia', 'postcode': 8675, 'coordinates': {'latitude': '-88.4956', 'longitude': '133.5024'}, 'timezone': {'offset': '-6:00', 'description': 'Central Time (US &amp; Canada), Mexico City'}}, 'email': 'kathryn.allen@example.com', 'login': {'uuid': '8053a68e-f1aa-4a58-a586-56680f27e91c', 'username': 'happygoose445', 'password': 'lkjh', 'salt': 'ePNOuFzw', 'md5': '7f4b7495cab120dcb71f1a07e8a6dfd4', 'sha1': '41558d74d52e069672446ae0866afcc0718e0d9e', 'sha256': 'db51755275f7d2ed14b35fa4cfa31a0d62c4adb74b34e6f6465caef988ff0336'}, 'dob': {'date': '1966-12-21T13:31:11.891Z', 'age': 57}, 'registered': {'date': '2012-09-01T16:09:01.981Z', 'age': 11}, 'phone': '09-1485-0775', 'cell': '0450-196-943', 'id': {'name': 'TFN', 'value': '756855273'}, 'picture': {'large': 'https://randomuser.me/api/portraits/women/1.jpg', 'medium': 'https://randomuser.me/api/portraits/med/women/1.jpg', 'thumbnail': 'https://randomuser.me/api/portraits/thumb/women/1.jpg'}, 'nat': 'AU'}</msg>
<arg>${json_data['results'][0]}</arg>
<doc>Logs the given message with the given level.</doc>
<status status="PASS" start="2024-07-21T22:13:56.286608" elapsed="0.000711"/>
</kw>
<kw name="Log" owner="BuiltIn">
<msg time="2024-07-21T22:13:56.287971" level="INFO">location</msg>
<arg>${key}</arg>
<doc>Logs the given message with the given level.</doc>
<status status="PASS" start="2024-07-21T22:13:56.287765" elapsed="0.000271"/>
</kw>
<var name="${key}">location</var>
<status status="PASS" start="2024-07-21T22:13:56.285500" elapsed="0.002872"/>
</iter>
<iter>
<kw name="Dictionary Should Contain Key" owner="Collections">
<arg>${json_data['results'][0]}</arg>
<arg>${key}</arg>
<doc>Fails if ``key`` is not found from ``dictionary``.</doc>
<status status="PASS" start="2024-07-21T22:13:56.288820" elapsed="0.000636"/>
</kw>
<kw name="Log" owner="BuiltIn">
<msg time="2024-07-21T22:13:56.290543" level="INFO">{'gender': 'female', 'name': {'title': 'Miss', 'first': 'Kathryn', 'last': 'Allen'}, 'location': {'street': {'number': 6450, 'name': 'Homestead Rd'}, 'city': 'Maitland', 'state': 'Western Australia', 'country': 'Australia', 'postcode': 8675, 'coordinates': {'latitude': '-88.4956', 'longitude': '133.5024'}, 'timezone': {'offset': '-6:00', 'description': 'Central Time (US &amp; Canada), Mexico City'}}, 'email': 'kathryn.allen@example.com', 'login': {'uuid': '8053a68e-f1aa-4a58-a586-56680f27e91c', 'username': 'happygoose445', 'password': 'lkjh', 'salt': 'ePNOuFzw', 'md5': '7f4b7495cab120dcb71f1a07e8a6dfd4', 'sha1': '41558d74d52e069672446ae0866afcc0718e0d9e', 'sha256': 'db51755275f7d2ed14b35fa4cfa31a0d62c4adb74b34e6f6465caef988ff0336'}, 'dob': {'date': '1966-12-21T13:31:11.891Z', 'age': 57}, 'registered': {'date': '2012-09-01T16:09:01.981Z', 'age': 11}, 'phone': '09-1485-0775', 'cell': '0450-196-943', 'id': {'name': 'TFN', 'value': '756855273'}, 'picture': {'large': 'https://randomuser.me/api/portraits/women/1.jpg', 'medium': 'https://randomuser.me/api/portraits/med/women/1.jpg', 'thumbnail': 'https://randomuser.me/api/portraits/thumb/women/1.jpg'}, 'nat': 'AU'}</msg>
<arg>${json_data['results'][0]}</arg>
<doc>Logs the given message with the given level.</doc>
<status status="PASS" start="2024-07-21T22:13:56.289950" elapsed="0.000680"/>
</kw>
<kw name="Log" owner="BuiltIn">
<msg time="2024-07-21T22:13:56.291176" level="INFO">email</msg>
<arg>${key}</arg>
<doc>Logs the given message with the given level.</doc>
<status status="PASS" start="2024-07-21T22:13:56.291037" elapsed="0.000180"/>
</kw>
<var name="${key}">email</var>
<status status="PASS" start="2024-07-21T22:13:56.288633" elapsed="0.002808"/>
</iter>
<iter>
<kw name="Dictionary Should Contain Key" owner="Collections">
<arg>${json_data['results'][0]}</arg>
<arg>${key}</arg>
<doc>Fails if ``key`` is not found from ``dictionary``.</doc>
<status status="PASS" start="2024-07-21T22:13:56.291732" elapsed="0.000386"/>
</kw>
<kw name="Log" owner="BuiltIn">
<msg time="2024-07-21T22:13:56.292658" level="INFO">{'gender': 'female', 'name': {'title': 'Miss', 'first': 'Kathryn', 'last': 'Allen'}, 'location': {'street': {'number': 6450, 'name': 'Homestead Rd'}, 'city': 'Maitland', 'state': 'Western Australia', 'country': 'Australia', 'postcode': 8675, 'coordinates': {'latitude': '-88.4956', 'longitude': '133.5024'}, 'timezone': {'offset': '-6:00', 'description': 'Central Time (US &amp; Canada), Mexico City'}}, 'email': 'kathryn.allen@example.com', 'login': {'uuid': '8053a68e-f1aa-4a58-a586-56680f27e91c', 'username': 'happygoose445', 'password': 'lkjh', 'salt': 'ePNOuFzw', 'md5': '7f4b7495cab120dcb71f1a07e8a6dfd4', 'sha1': '41558d74d52e069672446ae0866afcc0718e0d9e', 'sha256': 'db51755275f7d2ed14b35fa4cfa31a0d62c4adb74b34e6f6465caef988ff0336'}, 'dob': {'date': '1966-12-21T13:31:11.891Z', 'age': 57}, 'registered': {'date': '2012-09-01T16:09:01.981Z', 'age': 11}, 'phone': '09-1485-0775', 'cell': '0450-196-943', 'id': {'name': 'TFN', 'value': '756855273'}, 'picture': {'large': 'https://randomuser.me/api/portraits/women/1.jpg', 'medium': 'https://randomuser.me/api/portraits/med/women/1.jpg', 'thumbnail': 'https://randomuser.me/api/portraits/thumb/women/1.jpg'}, 'nat': 'AU'}</msg>
<arg>${json_data['results'][0]}</arg>
<doc>Logs the given message with the given level.</doc>
<status status="PASS" start="2024-07-21T22:13:56.292306" elapsed="0.000403"/>
</kw>
<kw name="Log" owner="BuiltIn">
<msg time="2024-07-21T22:13:56.293131" level="INFO">login</msg>
<arg>${key}</arg>
<doc>Logs the given message with the given level.</doc>
<status status="PASS" start="2024-07-21T22:13:56.293003" elapsed="0.000166"/>
</kw>
<var name="${key}">login</var>
<status status="PASS" start="2024-07-21T22:13:56.291620" elapsed="0.001763"/>
</iter>
<var>${key}</var>
<value>@{expected_keys}</value>
<status status="PASS" start="2024-07-21T22:13:56.279552" elapsed="0.013950"/>
</for>
<kw name="Create List" owner="BuiltIn">
<msg time="2024-07-21T22:13:56.293857" level="INFO">${expected_keysTwo} = ['username', 'password']</msg>
<var>${expected_keysTwo}</var>
<arg>username</arg>
<arg>password</arg>
<doc>Returns a list containing given items.</doc>
<status status="PASS" start="2024-07-21T22:13:56.293718" elapsed="0.000164"/>
</kw>
<for flavor="IN">
<iter>
<kw name="Dictionary Should Contain Key" owner="Collections">
<arg>${json_data['results'][0]['login']}</arg>
<arg>${keyTwo}</arg>
<doc>Fails if ``key`` is not found from ``dictionary``.</doc>
<status status="PASS" start="2024-07-21T22:13:56.294387" elapsed="0.000393"/>
</kw>
<kw name="Dictionary Should Contain Key" owner="Collections">
<arg>${json_data['results'][0]['login']}</arg>
<arg>${keyTwo}</arg>
<doc>Fails if ``key`` is not found from ``dictionary``.</doc>
<status status="PASS" start="2024-07-21T22:13:56.295005" elapsed="0.000422"/>
</kw>
<kw name="Log" owner="BuiltIn">
<msg time="2024-07-21T22:13:56.295732" level="INFO">username</msg>
<arg>${keyTwo}</arg>
<doc>Logs the given message with the given level.</doc>
<status status="PASS" start="2024-07-21T22:13:56.295610" elapsed="0.000160"/>
</kw>
<var name="${keyTwo}">username</var>
<status status="PASS" start="2024-07-21T22:13:56.294279" elapsed="0.001729"/>
</iter>
<iter>
<kw name="Dictionary Should Contain Key" owner="Collections">
<arg>${json_data['results'][0]['login']}</arg>
<arg>${keyTwo}</arg>
<doc>Fails if ``key`` is not found from ``dictionary``.</doc>
<status status="PASS" start="2024-07-21T22:13:56.296290" elapsed="0.000375"/>
</kw>
<kw name="Dictionary Should Contain Key" owner="Collections">
<arg>${json_data['results'][0]['login']}</arg>
<arg>${keyTwo}</arg>
<doc>Fails if ``key`` is not found from ``dictionary``.</doc>
<status status="PASS" start="2024-07-21T22:13:56.296842" elapsed="0.000371"/>
</kw>
<kw name="Log" owner="BuiltIn">
<msg time="2024-07-21T22:13:56.297513" level="INFO">password</msg>
<arg>${keyTwo}</arg>
<doc>Logs the given message with the given level.</doc>
<status status="PASS" start="2024-07-21T22:13:56.297389" elapsed="0.000162"/>
</kw>
<var name="${keyTwo}">password</var>
<status status="PASS" start="2024-07-21T22:13:56.296178" elapsed="0.001591"/>
</iter>
<var>${keyTwo}</var>
<value>@{expected_keysTwo}</value>
<status status="PASS" start="2024-07-21T22:13:56.294130" elapsed="0.003757"/>
</for>
<status status="PASS" start="2024-07-21T22:13:56.181430" elapsed="0.116594"/>
</kw>
<doc>Testa a estrutura da resposta da API.</doc>
<tag>testeEstruturaResposta</tag>
<status status="PASS" start="2024-07-21T22:13:56.180663" elapsed="0.117510"/>
</test>
<test id="s1-s1-t4" name="Validar tipos de dados" line="28">
<kw name="Teste de Tipos de Dados" owner="random-user-service">
<kw name="GET On Session" owner="RequestsLibrary">
<msg time="2024-07-21T22:13:56.386740" level="INFO">GET Request : url=https://randomuser.me/api 
 path_url=/api 
 headers={'User-Agent': 'python-requests/2.32.3', 'Accept-Encoding': 'gzip, deflate', 'Accept': '*/*', 'Connection': 'keep-alive'} 
 body=None 
 </msg>
<msg time="2024-07-21T22:13:56.386824" level="INFO">GET Response : url=https://randomuser.me/api 
 status=200, reason=OK 
 headers={'Date': 'Sun, 21 Jul 2024 22:13:56 GMT', 'Content-Type': 'application/json; charset=utf-8', 'Transfer-Encoding': 'chunked', 'Connection': 'keep-alive', 'X-Powered-By': 'Express', 'Access-Control-Allow-Origin': '*', 'Cache-Control': 'no-cache', 'ETag': 'W/"48c-SASWgb91LWB9G0S31vFOJ5ckq1M"', 'Vary': 'Accept-Encoding', 'Content-Encoding': 'gzip', 'CF-Cache-Status': 'DYNAMIC', 'Report-To': '{"endpoints":[{"url":"https:\\/\\/a.nel.cloudflare.com\\/report\\/v4?s=XLiSph2tN1h1jalFEnqwrkrcf2YdUgp7N4xIjkq4UakVdR928Zt9sSDbGslJv%2B0KGZfvcCiPJR8jsQ7%2Ba2lxIpUjsdhGfS8rhvRJjHNYV2O6u%2FjVsZE9noIi91S161Dr"}],"group":"cf-nel","max_age":604800}', 'NEL': '{"success_fraction":0,"report_to":"cf-nel","max_age":604800}', 'Server': 'cloudflare', 'CF-RAY': '8a6e8a82f96281f9-IAD', 'alt-svc': 'h3=":443"; ma=86400'} 
 body={"results":[{"gender":"male","name":{"title":"Mr","first":"Jayden","last":"Davies"},"location":{"street":{"number":6171,"name":"Avalon Drive"},"city":"Auckland","state":"Taranaki","country":"New Zealand","postcode":52570,"coordinates":{"latitude":"48.6523","longitude":"-73.0411"},"timezone":{"offset":"-5:00","description":"Eastern Time (US &amp; Canada), Bogota, Lima"}},"email":"jayden.davies@example.com","login":{"uuid":"823900b7-78a7-44c4-81e3-6c6e82068f30","username":"whiteduck479","password":"aaaaaa1","salt":"CGNEsVss","md5":"577417e3f839038c8f71cdfc7cb7ac4a","sha1":"f9fbb490b00e9f9ef398a30ecd669eea18e51474","sha256":"c26a0599bac6f750ffa43a2a7f220f1cc55b13590b96d89864527e42a8e480fc"},"dob":{"date":"1987-11-28T21:41:23.974Z","age":36},"registered":{"date":"2010-09-29T15:35:44.738Z","age":13},"phone":"(510)-459-2029","cell":"(982)-109-4423","id":{"name":"","value":null},"picture":{"large":"https://randomuser.me/api/portraits/men/91.jpg","medium":"https://randomuser.me/api/portraits/med/men/91.jpg","thumbnail":"https://randomuser.me/api/portraits/thumb/men/91.jpg"},"nat":"NZ"}],"info":{"seed":"6c106c444f454395","results":1,"page":1,"version":"1.4"}} 
 </msg>
<msg time="2024-07-21T22:13:56.386938" level="INFO">/opt/hostedtoolcache/Python/3.12.4/x64/lib/python3.12/site-packages/urllib3/connectionpool.py:1099: InsecureRequestWarning: Unverified HTTPS request is being made to host 'randomuser.me'. Adding certificate verification is strongly advised. See: https://urllib3.readthedocs.io/en/latest/advanced-usage.html#tls-warnings
  warnings.warn(</msg>
<msg time="2024-07-21T22:13:56.387073" level="INFO">${response} = &lt;Response [200]&gt;</msg>
<var>${response}</var>
<arg>consultarAPI</arg>
<arg>/api</arg>
<doc>Sends a GET request on a previously created HTTP Session.</doc>
<status status="PASS" start="2024-07-21T22:13:56.300657" elapsed="0.086495"/>
</kw>
<kw name="Set Variable" owner="BuiltIn">
<msg time="2024-07-21T22:13:56.388056" level="INFO">${json_data} = {'results': [{'gender': 'male', 'name': {'title': 'Mr', 'first': 'Jayden', 'last': 'Davies'}, 'location': {'street': {'number': 6171, 'name': 'Avalon Drive'}, 'city': 'Auckland', 'state': 'Taranaki', ...</msg>
<var>${json_data}</var>
<arg>${response.json()}</arg>
<doc>Returns the given values which can then be assigned to a variables.</doc>
<status status="PASS" start="2024-07-21T22:13:56.387575" elapsed="0.000511"/>
</kw>
<kw name="Log" owner="BuiltIn">
<msg time="2024-07-21T22:13:56.388544" level="INFO">{'results': [{'gender': 'male', 'name': {'title': 'Mr', 'first': 'Jayden', 'last': 'Davies'}, 'location': {'street': {'number': 6171, 'name': 'Avalon Drive'}, 'city': 'Auckland', 'state': 'Taranaki', 'country': 'New Zealand', 'postcode': 52570, 'coordinates': {'latitude': '48.6523', 'longitude': '-73.0411'}, 'timezone': {'offset': '-5:00', 'description': 'Eastern Time (US &amp; Canada), Bogota, Lima'}}, 'email': 'jayden.davies@example.com', 'login': {'uuid': '823900b7-78a7-44c4-81e3-6c6e82068f30', 'username': 'whiteduck479', 'password': 'aaaaaa1', 'salt': 'CGNEsVss', 'md5': '577417e3f839038c8f71cdfc7cb7ac4a', 'sha1': 'f9fbb490b00e9f9ef398a30ecd669eea18e51474', 'sha256': 'c26a0599bac6f750ffa43a2a7f220f1cc55b13590b96d89864527e42a8e480fc'}, 'dob': {'date': '1987-11-28T21:41:23.974Z', 'age': 36}, 'registered': {'date': '2010-09-29T15:35:44.738Z', 'age': 13}, 'phone': '(510)-459-2029', 'cell': '(982)-109-4423', 'id': {'name': '', 'value': None}, 'picture': {'large': 'https://randomuser.me/api/portraits/men/91.jpg', 'medium': 'https://randomuser.me/api/portraits/med/men/91.jpg', 'thumbnail': 'https://randomuser.me/api/portraits/thumb/men/91.jpg'}, 'nat': 'NZ'}], 'info': {'seed': '6c106c444f454395', 'results': 1, 'page': 1, 'version': '1.4'}}</msg>
<arg>${json_data}</arg>
<doc>Logs the given message with the given level.</doc>
<status status="PASS" start="2024-07-21T22:13:56.388390" elapsed="0.000205"/>
</kw>
<kw name="Should Be String" owner="String">
<arg>${json_data['results'][0]['gender']}</arg>
<doc>Fails if the given ``item`` is not a string.</doc>
<status status="PASS" start="2024-07-21T22:13:56.388888" elapsed="0.000366"/>
</kw>
<kw name="Should Match Regexp" owner="BuiltIn">
<arg>${json_data['results'][0]['email']}</arg>
<arg>^[a-zA-Z0-9._%+-]+@[a-zA-Z0-9.-]+\.[a-zA-Z]{2,}$</arg>
<doc>Fails if ``string`` does not match ``pattern`` as a regular expression.</doc>
<status status="PASS" start="2024-07-21T22:13:56.389478" elapsed="0.000539"/>
</kw>
<kw name="Should Match Regexp" owner="BuiltIn">
<arg>${json_data['results'][0]['dob']['date']}</arg>
<arg>\\d{4}-\\d{2}-\\d{2}T\\d{2}:\\d{2}:\\d{2}\\.\\d{3}Z</arg>
<doc>Fails if ``string`` does not match ``pattern`` as a regular expression.</doc>
<status status="PASS" start="2024-07-21T22:13:56.390218" elapsed="0.000599"/>
</kw>
<kw name="Should Match Regexp" owner="BuiltIn">
<arg>${json_data['results'][0]['registered']['date']}</arg>
<arg>\\d{4}-\\d{2}-\\d{2}T\\d{2}:\\d{2}:\\d{2}\\.\\d{3}Z</arg>
<doc>Fails if ``string`` does not match ``pattern`` as a regular expression.</doc>
<status status="PASS" start="2024-07-21T22:13:56.391060" elapsed="0.000375"/>
</kw>
<kw name="Should Match Regexp" owner="BuiltIn">
<arg>${json_data['results'][0]['picture']['large']}</arg>
<arg>^https?://.*\.(?:png|jpe?g|gif|bmp)$</arg>
<doc>Fails if ``string`` does not match ``pattern`` as a regular expression.</doc>
<status status="PASS" start="2024-07-21T22:13:56.391623" elapsed="0.000460"/>
</kw>
<kw name="Should Match Regexp" owner="BuiltIn">
<arg>${json_data['results'][0]['picture']['medium']}</arg>
<arg>^https?://.*\.(?:png|jpe?g|gif|bmp)$</arg>
<doc>Fails if ``string`` does not match ``pattern`` as a regular expression.</doc>
<status status="PASS" start="2024-07-21T22:13:56.392275" elapsed="0.000355"/>
</kw>
<kw name="Should Match Regexp" owner="BuiltIn">
<arg>${json_data['results'][0]['picture']['thumbnail']}</arg>
<arg>^https?://.*\.(?:png|jpe?g|gif|bmp)$</arg>
<doc>Fails if ``string`` does not match ``pattern`` as a regular expression.</doc>
<status status="PASS" start="2024-07-21T22:13:56.392817" elapsed="0.000358"/>
</kw>
<kw name="Log" owner="BuiltIn">
<msg time="2024-07-21T22:13:56.393681" level="INFO">{'large': 'https://randomuser.me/api/portraits/men/91.jpg', 'medium': 'https://randomuser.me/api/portraits/med/men/91.jpg', 'thumbnail': 'https://randomuser.me/api/portraits/thumb/men/91.jpg'}</msg>
<arg>${json_data['results'][0]['picture']}</arg>
<doc>Logs the given message with the given level.</doc>
<status status="PASS" start="2024-07-21T22:13:56.393357" elapsed="0.000366"/>
</kw>
<status status="PASS" start="2024-07-21T22:13:56.300439" elapsed="0.093542"/>
</kw>
<kw name="Teste de Tipos de Dados - Postcode" owner="random-user-service">
<kw name="GET On Session" owner="RequestsLibrary">
<msg time="2024-07-21T22:13:56.491323" level="INFO">GET Request : url=https://randomuser.me/api 
 path_url=/api 
 headers={'User-Agent': 'python-requests/2.32.3', 'Accept-Encoding': 'gzip, deflate', 'Accept': '*/*', 'Connection': 'keep-alive'} 
 body=None 
 </msg>
<msg time="2024-07-21T22:13:56.491405" level="INFO">GET Response : url=https://randomuser.me/api 
 status=200, reason=OK 
 headers={'Date': 'Sun, 21 Jul 2024 22:13:56 GMT', 'Content-Type': 'application/json; charset=utf-8', 'Transfer-Encoding': 'chunked', 'Connection': 'keep-alive', 'X-Powered-By': 'Express', 'Access-Control-Allow-Origin': '*', 'Cache-Control': 'no-cache', 'ETag': 'W/"4a5-NPIHf9qwk+0dSiI9kwpEpFTo0Nc"', 'Vary': 'Accept-Encoding', 'Content-Encoding': 'gzip', 'CF-Cache-Status': 'DYNAMIC', 'Report-To': '{"endpoints":[{"url":"https:\\/\\/a.nel.cloudflare.com\\/report\\/v4?s=cawd1DVZ8M7KrtN%2FdD5fVUgkmYrT45RTz9QgNIBPwZDV0Y4bC4LImHzxIbTIwdrSG9y8w7XqXZk1050JwjEDAEmPi95tQAFJ3n6HagxncUCocCvyaZdkbpGDAL4%2B3Wp4"}],"group":"cf-nel","max_age":604800}', 'NEL': '{"success_fraction":0,"report_to":"cf-nel","max_age":604800}', 'Server': 'cloudflare', 'CF-RAY': '8a6e8a838a0181f9-IAD', 'alt-svc': 'h3=":443"; ma=86400'} 
 body={"results":[{"gender":"female","name":{"title":"Mademoiselle","first":"Joana","last":"Duval"},"location":{"street":{"number":4628,"name":"Rue du Moulin"},"city":"Vorderthal","state":"Zürich","country":"Switzerland","postcode":7542,"coordinates":{"latitude":"-63.2344","longitude":"175.8504"},"timezone":{"offset":"+1:00","description":"Brussels, Copenhagen, Madrid, Paris"}},"email":"joana.duval@example.com","login":{"uuid":"74b77def-79f6-4023-940b-c84174b996d1","username":"sadrabbit591","password":"654321","salt":"L8yaip3q","md5":"4fa332efa3650e25e388ba24b33045f3","sha1":"1f557fb0aa929a438b798fab05ff4e6fcac0a57c","sha256":"c3abcabd980b511dd02251f1568a26bc1038da12c8064c8b0edb754ef3c43d28"},"dob":{"date":"1959-08-02T01:51:57.495Z","age":64},"registered":{"date":"2004-07-25T22:18:44.015Z","age":19},"phone":"077 538 01 52","cell":"079 211 31 36","id":{"name":"AVS","value":"756.5109.0262.99"},"picture":{"large":"https://randomuser.me/api/portraits/women/47.jpg","medium":"https://randomuser.me/api/portraits/med/women/47.jpg","thumbnail":"https://randomuser.me/api/portraits/thumb/women/47.jpg"},"nat":"CH"}],"info":{"seed":"e2fdbf2f8e81f488","results":1,"page":1,"version":"1.4"}} 
 </msg>
<msg time="2024-07-21T22:13:56.491476" level="INFO">/opt/hostedtoolcache/Python/3.12.4/x64/lib/python3.12/site-packages/urllib3/connectionpool.py:1099: InsecureRequestWarning: Unverified HTTPS request is being made to host 'randomuser.me'. Adding certificate verification is strongly advised. See: https://urllib3.readthedocs.io/en/latest/advanced-usage.html#tls-warnings
  warnings.warn(</msg>
<msg time="2024-07-21T22:13:56.491584" level="INFO">${response} = &lt;Response [200]&gt;</msg>
<var>${response}</var>
<arg>consultarAPI</arg>
<arg>/api</arg>
<doc>Sends a GET request on a previously created HTTP Session.</doc>
<status status="PASS" start="2024-07-21T22:13:56.394419" elapsed="0.097197"/>
</kw>
<kw name="Set Variable" owner="BuiltIn">
<msg time="2024-07-21T22:13:56.492476" level="INFO">${json_data} = {'results': [{'gender': 'female', 'name': {'title': 'Mademoiselle', 'first': 'Joana', 'last': 'Duval'}, 'location': {'street': {'number': 4628, 'name': 'Rue du Moulin'}, 'city': 'Vorderthal', 'state':...</msg>
<var>${json_data}</var>
<arg>${response.json()}</arg>
<doc>Returns the given values which can then be assigned to a variables.</doc>
<status status="PASS" start="2024-07-21T22:13:56.492001" elapsed="0.000504"/>
</kw>
<kw name="Log" owner="BuiltIn">
<msg time="2024-07-21T22:13:56.492992" level="INFO">{'results': [{'gender': 'female', 'name': {'title': 'Mademoiselle', 'first': 'Joana', 'last': 'Duval'}, 'location': {'street': {'number': 4628, 'name': 'Rue du Moulin'}, 'city': 'Vorderthal', 'state': 'Zürich', 'country': 'Switzerland', 'postcode': 7542, 'coordinates': {'latitude': '-63.2344', 'longitude': '175.8504'}, 'timezone': {'offset': '+1:00', 'description': 'Brussels, Copenhagen, Madrid, Paris'}}, 'email': 'joana.duval@example.com', 'login': {'uuid': '74b77def-79f6-4023-940b-c84174b996d1', 'username': 'sadrabbit591', 'password': '654321', 'salt': 'L8yaip3q', 'md5': '4fa332efa3650e25e388ba24b33045f3', 'sha1': '1f557fb0aa929a438b798fab05ff4e6fcac0a57c', 'sha256': 'c3abcabd980b511dd02251f1568a26bc1038da12c8064c8b0edb754ef3c43d28'}, 'dob': {'date': '1959-08-02T01:51:57.495Z', 'age': 64}, 'registered': {'date': '2004-07-25T22:18:44.015Z', 'age': 19}, 'phone': '077 538 01 52', 'cell': '079 211 31 36', 'id': {'name': 'AVS', 'value': '756.5109.0262.99'}, 'picture': {'large': 'https://randomuser.me/api/portraits/women/47.jpg', 'medium': 'https://randomuser.me/api/portraits/med/women/47.jpg', 'thumbnail': 'https://randomuser.me/api/portraits/thumb/women/47.jpg'}, 'nat': 'CH'}], 'info': {'seed': 'e2fdbf2f8e81f488', 'results': 1, 'page': 1, 'version': '1.4'}}</msg>
<arg>${json_data}</arg>
<doc>Logs the given message with the given level.</doc>
<status status="PASS" start="2024-07-21T22:13:56.492829" elapsed="0.000213"/>
</kw>
<kw name="Should Be Equal As Numbers" owner="BuiltIn">
<arg>${json_data['results'][0]['location']['postcode']}</arg>
<arg>${json_data['results'][0]['location']['postcode']}</arg>
<doc>Fails if objects are unequal after converting them to real numbers.</doc>
<status status="PASS" start="2024-07-21T22:13:56.493343" elapsed="0.000632"/>
</kw>
<kw name="Log" owner="BuiltIn">
<msg time="2024-07-21T22:13:56.494563" level="INFO">7542</msg>
<arg>${json_data['results'][0]['location']['postcode']}</arg>
<doc>Logs the given message with the given level.</doc>
<status status="PASS" start="2024-07-21T22:13:56.494206" elapsed="0.000399"/>
</kw>
<status status="PASS" start="2024-07-21T22:13:56.394197" elapsed="0.100689"/>
</kw>
<doc>Testa se os tipos de dados na resposta da API estão corretos.</doc>
<tag>testeTiposDados</tag>
<status status="PASS" start="2024-07-21T22:13:56.299999" elapsed="0.195066"/>
</test>
<test id="s1-s1-t5" name="Validar conteudo" line="35">
<kw name="Teste de Tipos de Conteudo" owner="random-user-service">
<kw name="GET On Session" owner="RequestsLibrary">
<msg time="2024-07-21T22:13:56.586931" level="INFO">GET Request : url=https://randomuser.me/api 
 path_url=/api 
 headers={'User-Agent': 'python-requests/2.32.3', 'Accept-Encoding': 'gzip, deflate', 'Accept': '*/*', 'Connection': 'keep-alive'} 
 body=None 
 </msg>
<msg time="2024-07-21T22:13:56.587001" level="INFO">GET Response : url=https://randomuser.me/api 
 status=200, reason=OK 
 headers={'Date': 'Sun, 21 Jul 2024 22:13:56 GMT', 'Content-Type': 'application/json; charset=utf-8', 'Transfer-Encoding': 'chunked', 'Connection': 'keep-alive', 'X-Powered-By': 'Express', 'Access-Control-Allow-Origin': '*', 'Cache-Control': 'no-cache', 'ETag': 'W/"463-01I7qeBMaxAv4sYmLMa7VSFEaoM"', 'Vary': 'Accept-Encoding', 'Content-Encoding': 'gzip', 'CF-Cache-Status': 'DYNAMIC', 'Report-To': '{"endpoints":[{"url":"https:\\/\\/a.nel.cloudflare.com\\/report\\/v4?s=rSyIcLYp0nC2hRpy8p%2FwgkJlLjlJ94SY9hy6S8i3L231j5N9UhjjFHI%2BIOx6S6RAW%2FSg3ttc0Dettw4VMFIyqg7DsXFnWnAaYBRIMXwaarxT23YzkL4a5JGwV2mYOGAE"}],"group":"cf-nel","max_age":604800}', 'NEL': '{"success_fraction":0,"report_to":"cf-nel","max_age":604800}', 'Server': 'cloudflare', 'CF-RAY': '8a6e8a843adf81f9-IAD', 'alt-svc': 'h3=":443"; ma=86400'} 
 body={"results":[{"gender":"male","name":{"title":"Mr","first":"Dhipu","last":"Holla"},"location":{"street":{"number":4953,"name":"Rajpur Rd"},"city":"Raipur","state":"Punjab","country":"India","postcode":81175,"coordinates":{"latitude":"10.1363","longitude":"-110.7342"},"timezone":{"offset":"+3:30","description":"Tehran"}},"email":"dhipu.holla@example.com","login":{"uuid":"5597bccc-3e3b-4f11-9f25-2c8bd0098dbb","username":"blackgoose252","password":"vincent1","salt":"n5pT8ggt","md5":"ac9af100af99abbdaadc6a5c678e8604","sha1":"ba8ad952142a5269c57cc88a67decedcc591e97e","sha256":"bdb63e6f2891dcddcd2f3a7785bb7e8caabba5950a296e23a8c0e55ca7c549d9"},"dob":{"date":"1988-05-08T04:20:54.600Z","age":36},"registered":{"date":"2013-02-09T09:41:28.561Z","age":11},"phone":"9005587758","cell":"7010945637","id":{"name":"UIDAI","value":"890743320734"},"picture":{"large":"https://randomuser.me/api/portraits/men/72.jpg","medium":"https://randomuser.me/api/portraits/med/men/72.jpg","thumbnail":"https://randomuser.me/api/portraits/thumb/men/72.jpg"},"nat":"IN"}],"info":{"seed":"12254f8b0aa33d83","results":1,"page":1,"version":"1.4"}} 
 </msg>
<msg time="2024-07-21T22:13:56.587059" level="INFO">/opt/hostedtoolcache/Python/3.12.4/x64/lib/python3.12/site-packages/urllib3/connectionpool.py:1099: InsecureRequestWarning: Unverified HTTPS request is being made to host 'randomuser.me'. Adding certificate verification is strongly advised. See: https://urllib3.readthedocs.io/en/latest/advanced-usage.html#tls-warnings
  warnings.warn(</msg>
<msg time="2024-07-21T22:13:56.587162" level="INFO">${response} = &lt;Response [200]&gt;</msg>
<var>${response}</var>
<arg>consultarAPI</arg>
<arg>/api</arg>
<doc>Sends a GET request on a previously created HTTP Session.</doc>
<status status="PASS" start="2024-07-21T22:13:56.497895" elapsed="0.089308"/>
</kw>
<kw name="Set Variable" owner="BuiltIn">
<msg time="2024-07-21T22:13:56.588256" level="INFO">${json_data} = {'results': [{'gender': 'male', 'name': {'title': 'Mr', 'first': 'Dhipu', 'last': 'Holla'}, 'location': {'street': {'number': 4953, 'name': 'Rajpur Rd'}, 'city': 'Raipur', 'state': 'Punjab', 'country'...</msg>
<var>${json_data}</var>
<arg>${response.json()}</arg>
<doc>Returns the given values which can then be assigned to a variables.</doc>
<status status="PASS" start="2024-07-21T22:13:56.587685" elapsed="0.000601"/>
</kw>
<kw name="Set Variable" owner="BuiltIn">
<msg time="2024-07-21T22:13:56.589001" level="INFO">${name_title} = Mr</msg>
<var>${name_title}</var>
<arg>${json_data["results"][0]["name"]["title"]}</arg>
<doc>Returns the given values which can then be assigned to a variables.</doc>
<status status="PASS" start="2024-07-21T22:13:56.588603" elapsed="0.000425"/>
</kw>
<kw name="Create List" owner="BuiltIn">
<msg time="2024-07-21T22:13:56.589482" level="INFO">${allowed_titles} = ['Mr', 'Ms', 'Miss', 'Mrs', 'Madame', 'Monsieur']</msg>
<var>${allowed_titles}</var>
<arg>Mr</arg>
<arg>Ms</arg>
<arg>Miss</arg>
<arg>Mrs</arg>
<arg>Madame</arg>
<arg>Monsieur</arg>
<doc>Returns a list containing given items.</doc>
<status status="PASS" start="2024-07-21T22:13:56.589331" elapsed="0.000177"/>
</kw>
<kw name="List Should Contain Value" owner="Collections">
<arg>${allowed_titles}</arg>
<arg>${name_title}</arg>
<doc>Fails if the ``value`` is not found from ``list``.</doc>
<status status="PASS" start="2024-07-21T22:13:56.589819" elapsed="0.000180"/>
</kw>
<kw name="Set Variable" owner="BuiltIn">
<msg time="2024-07-21T22:13:56.590576" level="INFO">${name_country} = IN</msg>
<var>${name_country}</var>
<arg>${json_data["results"][0]["nat"]}</arg>
<doc>Returns the given values which can then be assigned to a variables.</doc>
<status status="PASS" start="2024-07-21T22:13:56.590184" elapsed="0.000418"/>
</kw>
<kw name="Create List" owner="BuiltIn">
<msg time="2024-07-21T22:13:56.591547" level="INFO">${list_country} = ['AD', 'AE', 'AF', 'AG', 'AI', 'AL', 'AM', 'AO', 'AQ', 'AR', 'AS', 'AT', 'AU', 'AW', 'AX', 'AZ', 'BA', 'BB', 'BD', 'BE', 'BF', 'BG', 'BH', 'BI', 'BJ', 'BL', 'BM', 'BN', 'BO', 'BQ', 'BR', 'BS', 'BT', '...</msg>
<var>${list_country}</var>
<arg>AD</arg>
<arg>AE</arg>
<arg>AF</arg>
<arg>AG</arg>
<arg>AI</arg>
<arg>AL</arg>
<arg>AM</arg>
<arg>AO</arg>
<arg>AQ</arg>
<arg>AR</arg>
<arg>AS</arg>
<arg>AT</arg>
<arg>AU</arg>
<arg>AW</arg>
<arg>AX</arg>
<arg>AZ</arg>
<arg>BA</arg>
<arg>BB</arg>
<arg>BD</arg>
<arg>BE</arg>
<arg>BF</arg>
<arg>BG</arg>
<arg>BH</arg>
<arg>BI</arg>
<arg>BJ</arg>
<arg>BL</arg>
<arg>BM</arg>
<arg>BN</arg>
<arg>BO</arg>
<arg>BQ</arg>
<arg>BR</arg>
<arg>BS</arg>
<arg>BT</arg>
<arg>BV</arg>
<arg>BW</arg>
<arg>BY</arg>
<arg>BZ</arg>
<arg>CA</arg>
<arg>CC</arg>
<arg>CD</arg>
<arg>CF</arg>
<arg>CG</arg>
<arg>CH</arg>
<arg>CI</arg>
<arg>CK</arg>
<arg>CL</arg>
<arg>CM</arg>
<arg>CN</arg>
<arg>CO</arg>
<arg>CR</arg>
<arg>CU</arg>
<arg>CV</arg>
<arg>CW</arg>
<arg>CX</arg>
<arg>CY</arg>
<arg>CZ</arg>
<arg>DE</arg>
<arg>DJ</arg>
<arg>DK</arg>
<arg>DM</arg>
<arg>DO</arg>
<arg>DZ</arg>
<arg>EC</arg>
<arg>EE</arg>
<arg>EG</arg>
<arg>EH</arg>
<arg>ER</arg>
<arg>ES</arg>
<arg>ET</arg>
<arg>FI</arg>
<arg>FJ</arg>
<arg>FK</arg>
<arg>FM</arg>
<arg>FO</arg>
<arg>FR</arg>
<arg>GA</arg>
<arg>GB</arg>
<arg>GD</arg>
<arg>GE</arg>
<arg>GF</arg>
<arg>GG</arg>
<arg>GH</arg>
<arg>GI</arg>
<arg>GL</arg>
<arg>GM</arg>
<arg>GN</arg>
<arg>GP</arg>
<arg>GQ</arg>
<arg>GR</arg>
<arg>GS</arg>
<arg>GT</arg>
<arg>GU</arg>
<arg>GW</arg>
<arg>GY</arg>
<arg>HK</arg>
<arg>HM</arg>
<arg>HN</arg>
<arg>HR</arg>
<arg>HT</arg>
<arg>HU</arg>
<arg>ID</arg>
<arg>IE</arg>
<arg>IL</arg>
<arg>IM</arg>
<arg>IN</arg>
<arg>IO</arg>
<arg>IQ</arg>
<arg>IR</arg>
<arg>IS</arg>
<arg>IT</arg>
<arg>JE</arg>
<arg>JM</arg>
<arg>JO</arg>
<arg>JP</arg>
<arg>KE</arg>
<arg>KG</arg>
<arg>KH</arg>
<arg>KI</arg>
<arg>KM</arg>
<arg>KN</arg>
<arg>KP</arg>
<arg>KR</arg>
<arg>KW</arg>
<arg>KY</arg>
<arg>KZ</arg>
<arg>LA</arg>
<arg>LB</arg>
<arg>LC</arg>
<arg>LI</arg>
<arg>LK</arg>
<arg>LR</arg>
<arg>LS</arg>
<arg>LT</arg>
<arg>LU</arg>
<arg>LV</arg>
<arg>LY</arg>
<arg>MA</arg>
<arg>MC</arg>
<arg>MD</arg>
<arg>ME</arg>
<arg>MF</arg>
<arg>MG</arg>
<arg>MH</arg>
<arg>MK</arg>
<arg>ML</arg>
<arg>MM</arg>
<arg>MN</arg>
<arg>MO</arg>
<arg>MP</arg>
<arg>MQ</arg>
<arg>MR</arg>
<arg>MS</arg>
<arg>MT</arg>
<arg>MU</arg>
<arg>MV</arg>
<arg>MW</arg>
<arg>MX</arg>
<arg>MY</arg>
<arg>MZ</arg>
<arg>NA</arg>
<arg>NC</arg>
<arg>NE</arg>
<arg>NF</arg>
<arg>NG</arg>
<arg>NI</arg>
<arg>NL</arg>
<arg>NO</arg>
<arg>NP</arg>
<arg>NR</arg>
<arg>NU</arg>
<arg>NZ</arg>
<arg>OM</arg>
<arg>PA</arg>
<arg>PE</arg>
<arg>PF</arg>
<arg>PG</arg>
<arg>PH</arg>
<arg>PK</arg>
<arg>PL</arg>
<arg>PM</arg>
<arg>PN</arg>
<arg>PR</arg>
<arg>PS</arg>
<arg>PT</arg>
<arg>PW</arg>
<arg>PY</arg>
<arg>QA</arg>
<arg>RE</arg>
<arg>RO</arg>
<arg>RS</arg>
<arg>RU</arg>
<arg>RW</arg>
<arg>SA</arg>
<arg>SB</arg>
<arg>SC</arg>
<arg>SD</arg>
<arg>SE</arg>
<arg>SG</arg>
<arg>SH</arg>
<arg>SI</arg>
<arg>SJ</arg>
<arg>SK</arg>
<arg>SL</arg>
<arg>SM</arg>
<arg>SN</arg>
<arg>SO</arg>
<arg>SR</arg>
<arg>SS</arg>
<arg>ST</arg>
<arg>SV</arg>
<arg>SX</arg>
<arg>SY</arg>
<arg>SZ</arg>
<arg>TC</arg>
<arg>TD</arg>
<arg>TF</arg>
<arg>TG</arg>
<arg>TH</arg>
<arg>TJ</arg>
<arg>TK</arg>
<arg>TL</arg>
<arg>TM</arg>
<arg>TN</arg>
<arg>TO</arg>
<arg>TR</arg>
<arg>TT</arg>
<arg>TV</arg>
<arg>TW</arg>
<arg>TZ</arg>
<arg>UA</arg>
<arg>UG</arg>
<arg>UM</arg>
<arg>US</arg>
<arg>UY</arg>
<arg>UZ</arg>
<arg>VA</arg>
<arg>VC</arg>
<arg>VE</arg>
<arg>VG</arg>
<arg>VI</arg>
<arg>VN</arg>
<arg>VU</arg>
<arg>WF</arg>
<arg>WS</arg>
<arg>XK</arg>
<arg>YE</arg>
<arg>YT</arg>
<arg>ZA</arg>
<arg>ZM</arg>
<arg>ZW</arg>
<doc>Returns a list containing given items.</doc>
<status status="PASS" start="2024-07-21T22:13:56.590933" elapsed="0.000640"/>
</kw>
<kw name="List Should Contain Value" owner="Collections">
<arg>${list_country}</arg>
<arg>${name_country}</arg>
<doc>Fails if the ``value`` is not found from ``list``.</doc>
<status status="PASS" start="2024-07-21T22:13:56.592531" elapsed="0.000214"/>
</kw>
<kw name="Run Keyword If" owner="BuiltIn">
<kw name="Should Be True" owner="BuiltIn">
<arg>${True}</arg>
<doc>Fails if the given condition is not true.</doc>
<status status="PASS" start="2024-07-21T22:13:56.593721" elapsed="0.000144"/>
</kw>
<arg>${json_data["results"][0]["location"]["coordinates"]["latitude"]} &gt;= -90 and ${json_data["results"][0]["location"]["coordinates"]["latitude"]} &lt;= 90</arg>
<arg>Should Be True</arg>
<arg>${True}</arg>
<doc>Runs the given keyword with the given arguments, if ``condition`` is true.</doc>
<status status="PASS" start="2024-07-21T22:13:56.592959" elapsed="0.001034"/>
</kw>
<kw name="Run Keyword If" owner="BuiltIn">
<kw name="Should Be True" owner="BuiltIn">
<arg>${True}</arg>
<doc>Fails if the given condition is not true.</doc>
<status status="PASS" start="2024-07-21T22:13:56.594921" elapsed="0.000151"/>
</kw>
<arg>${json_data["results"][0]["location"]["coordinates"]["longitude"]} &gt;= -180 and ${json_data["results"][0]["location"]["coordinates"]["longitude"]} &lt;= 180</arg>
<arg>Should Be True</arg>
<arg>${True}</arg>
<doc>Runs the given keyword with the given arguments, if ``condition`` is true.</doc>
<status status="PASS" start="2024-07-21T22:13:56.594188" elapsed="0.001011"/>
</kw>
<status status="PASS" start="2024-07-21T22:13:56.497522" elapsed="0.097810"/>
</kw>
<doc>Testa o conteúdo específico dos campos retornados pela API.</doc>
<tag>testeConteudo</tag>
<status status="PASS" start="2024-07-21T22:13:56.496838" elapsed="0.098642"/>
</test>
<status status="PASS" start="2024-07-21T22:13:55.561118" elapsed="1.036363"/>
</suite>
<status status="PASS" start="2024-07-21T22:13:55.546766" elapsed="1.055765"/>
</suite>
<statistics>
<total>
<stat pass="5" fail="0" skip="0">All Tests</stat>
</total>
<tag>
<stat pass="1" fail="0" skip="0">testeConteudo</stat>
<stat pass="1" fail="0" skip="0">testeEstruturaResposta</stat>
<stat pass="1" fail="0" skip="0">testeRequisicaoBasica</stat>
<stat pass="1" fail="0" skip="0">testeTiposDados</stat>
</tag>
<suite>
<stat pass="5" fail="0" skip="0" id="s1" name="Tests">Tests</stat>
<stat pass="5" fail="0" skip="0" id="s1-s1" name="Random-User-Test">Tests.Random-User-Test</stat>
</suite>
</statistics>
<errors>
</errors>
</robot>
