<?xml version="1.0" encoding="UTF-8"?>
<robot generator="Robot 7.0 (Python 3.12.3 on linux)" generated="2024-06-09T12:26:47.295339" rpa="false" schemaversion="5">
<suite id="s1" name="Tests" source="/home/runner/work/ApiRandomUser/ApiRandomUser/RamdonUser/tests">
<suite id="s1-s1" name="Random-User-Test" source="/home/runner/work/ApiRandomUser/ApiRandomUser/RamdonUser/tests/random-user-test.robot">
<test id="s1-s1-t1" name="Conectar" line="13">
<kw name="Conectar API" owner="random-user-service">
<kw name="Create Session" owner="RequestsLibrary">
<msg time="2024-06-09T12:26:47.674951" level="INFO">Creating Session using : alias=consultarAPI, url=https://randomuser.me/, headers={},                     cookies={}, auth=None, timeout=None, proxies=None, verify=False,                     debug=0 </msg>
<arg>consultarAPI</arg>
<arg>${URL}</arg>
<doc>Create Session: create a HTTP session to a server</doc>
<status status="PASS" start="2024-06-09T12:26:47.674731" elapsed="0.000394"/>
</kw>
<status status="PASS" start="2024-06-09T12:26:47.673791" elapsed="0.001688"/>
</kw>
<status status="PASS" start="2024-06-09T12:26:47.673241" elapsed="0.002446"/>
</test>
<test id="s1-s1-t2" name="Validar retorno 200 e JSON Válido" line="16">
<kw name="Teste de Requisicao Basica" owner="random-user-service">
<kw name="GET On Session" owner="RequestsLibrary">
<msg time="2024-06-09T12:26:47.837951" level="INFO">GET Request : url=https://randomuser.me/api 
 path_url=/api 
 headers={'User-Agent': 'python-requests/2.32.3', 'Accept-Encoding': 'gzip, deflate', 'Accept': '*/*', 'Connection': 'keep-alive'} 
 body=None 
 </msg>
<msg time="2024-06-09T12:26:47.838094" level="INFO">GET Response : url=https://randomuser.me/api 
 status=200, reason=OK 
 headers={'Date': 'Sun, 09 Jun 2024 12:26:47 GMT', 'Content-Type': 'application/json; charset=utf-8', 'Transfer-Encoding': 'chunked', 'Connection': 'keep-alive', 'X-Powered-By': 'Express', 'Access-Control-Allow-Origin': '*', 'Cache-Control': 'no-cache', 'ETag': 'W/"4a7-c1etzbtMgPyoJdRX7kc8yDRjShU"', 'Vary': 'Accept-Encoding', 'Content-Encoding': 'gzip', 'CF-Cache-Status': 'DYNAMIC', 'Report-To': '{"endpoints":[{"url":"https:\\/\\/a.nel.cloudflare.com\\/report\\/v4?s=Asj3hfmoy%2F9J6lPeJ5rGUcPRyTdmi6Y%2BJuwZgO%2Fvdn%2BUBzWhozpOEbrZI333i%2FtWbWXopii7cdFgATIgdfGb613bXJFLa18MTlUUq4CcXj6vMQuc2b87DDg2M6qe7arj"}],"group":"cf-nel","max_age":604800}', 'NEL': '{"success_fraction":0,"report_to":"cf-nel","max_age":604800}', 'Server': 'cloudflare', 'CF-RAY': '89111cb0dec12420-IAD', 'alt-svc': 'h3=":443"; ma=86400'} 
 body={"results":[{"gender":"female","name":{"title":"Ms","first":"Giliane","last":"da Mata"},"location":{"street":{"number":5363,"name":"Rua Pará "},"city":"Jaboatão dos Guararapes","state":"Amapá","country":"Brazil","postcode":68173,"coordinates":{"latitude":"-79.7231","longitude":"55.4155"},"timezone":{"offset":"+1:00","description":"Brussels, Copenhagen, Madrid, Paris"}},"email":"giliane.damata@example.com","login":{"uuid":"54e78771-a5fa-4cac-916a-377c7ab64f31","username":"purpleduck511","password":"ghosts","salt":"t9NXMWue","md5":"bb3f0b036caed421e4a5aa63fca0603d","sha1":"01d3e76cba02a43f79e7e393204caea7a082d9fb","sha256":"03524094d501b098e35613ddbcb2fdfc1eca5624b3979fef5d808d69e6942420"},"dob":{"date":"1971-03-18T11:11:32.163Z","age":53},"registered":{"date":"2017-09-15T02:25:21.878Z","age":6},"phone":"(67) 3291-0981","cell":"(12) 4793-0452","id":{"name":"CPF","value":"124.449.686-53"},"picture":{"large":"https://randomuser.me/api/portraits/women/48.jpg","medium":"https://randomuser.me/api/portraits/med/women/48.jpg","thumbnail":"https://randomuser.me/api/portraits/thumb/women/48.jpg"},"nat":"BR"}],"info":{"seed":"9439c301b6db991a","results":1,"page":1,"version":"1.4"}} 
 </msg>
<msg time="2024-06-09T12:26:47.838173" level="INFO">/opt/hostedtoolcache/Python/3.12.3/x64/lib/python3.12/site-packages/urllib3/connectionpool.py:1103: InsecureRequestWarning: Unverified HTTPS request is being made to host 'randomuser.me'. Adding certificate verification is strongly advised. See: https://urllib3.readthedocs.io/en/latest/advanced-usage.html#tls-warnings
  warnings.warn(</msg>
<msg time="2024-06-09T12:26:47.838319" level="INFO">${response} = &lt;Response [200]&gt;</msg>
<var>${response}</var>
<arg>consultarAPI</arg>
<arg>/api</arg>
<doc>Sends a GET request on a previously created HTTP Session.</doc>
<status status="PASS" start="2024-06-09T12:26:47.678384" elapsed="0.159967"/>
</kw>
<kw name="Should Be Equal As Numbers" owner="BuiltIn">
<msg time="2024-06-09T12:26:47.839277" level="INFO">Argument types are:
&lt;class 'int'&gt;
&lt;class 'str'&gt;</msg>
<arg>${response.status_code}</arg>
<arg>200</arg>
<doc>Fails if objects are unequal after converting them to real numbers.</doc>
<status status="PASS" start="2024-06-09T12:26:47.838829" elapsed="0.000513"/>
</kw>
<kw name="Log" owner="BuiltIn">
<msg time="2024-06-09T12:26:47.840025" level="INFO">200</msg>
<arg>${response.status_code}</arg>
<doc>Logs the given message with the given level.</doc>
<status status="PASS" start="2024-06-09T12:26:47.839667" elapsed="0.000403"/>
</kw>
<kw name="Set Variable" owner="BuiltIn">
<msg time="2024-06-09T12:26:47.840810" level="INFO">${json_data} = {'results': [{'gender': 'female', 'name': {'title': 'Ms', 'first': 'Giliane', 'last': 'da Mata'}, 'location': {'street': {'number': 5363, 'name': 'Rua Pará '}, 'city': 'Jaboatão dos Guararapes', 'stat...</msg>
<var>${json_data}</var>
<arg>${response.json()}</arg>
<doc>Returns the given values which can then be assigned to a variables.</doc>
<status status="PASS" start="2024-06-09T12:26:47.840376" elapsed="0.000463"/>
</kw>
<kw name="Dictionary Should Contain Key" owner="Collections">
<msg time="2024-06-09T12:26:47.841339" level="INFO">False</msg>
<arg>${json_data}</arg>
<arg>results</arg>
<doc>Fails if ``key`` is not found from ``dictionary``.</doc>
<status status="PASS" start="2024-06-09T12:26:47.841147" elapsed="0.000231"/>
</kw>
<status status="PASS" start="2024-06-09T12:26:47.678146" elapsed="0.163507"/>
</kw>
<doc>Testa se a API responde corretamente e retorna um objeto JSON válido.</doc>
<tag>testeRequisicaoBasica</tag>
<status status="PASS" start="2024-06-09T12:26:47.677655" elapsed="0.164192"/>
</test>
<test id="s1-s1-t3" name="Validar estrutura de resposta" line="22">
<kw name="Teste de Estrutura de Resposta" owner="random-user-service">
<kw name="GET On Session" owner="RequestsLibrary">
<msg time="2024-06-09T12:26:47.949903" level="INFO">GET Request : url=https://randomuser.me/api 
 path_url=/api 
 headers={'User-Agent': 'python-requests/2.32.3', 'Accept-Encoding': 'gzip, deflate', 'Accept': '*/*', 'Connection': 'keep-alive'} 
 body=None 
 </msg>
<msg time="2024-06-09T12:26:47.949988" level="INFO">GET Response : url=https://randomuser.me/api 
 status=200, reason=OK 
 headers={'Date': 'Sun, 09 Jun 2024 12:26:47 GMT', 'Content-Type': 'application/json; charset=utf-8', 'Transfer-Encoding': 'chunked', 'Connection': 'keep-alive', 'X-Powered-By': 'Express', 'Access-Control-Allow-Origin': '*', 'Cache-Control': 'no-cache', 'ETag': 'W/"4b0-BEPWCTc8xAJlQxVWhMQ1eVXsSn8"', 'Vary': 'Accept-Encoding', 'Content-Encoding': 'gzip', 'CF-Cache-Status': 'DYNAMIC', 'Report-To': '{"endpoints":[{"url":"https:\\/\\/a.nel.cloudflare.com\\/report\\/v4?s=GQ%2BNYHp5gfeeNAF8XqDkD2W0sLfhXEahHlRkdbQsM4XjNGXgXpnuiAI1SwIaufGdDyZ72k5u99FlJFW07QHxTjPlHizijEa4DlLjx1VxhWPuNxchJHoLKg7ip7iP9iTK"}],"group":"cf-nel","max_age":604800}', 'NEL': '{"success_fraction":0,"report_to":"cf-nel","max_age":604800}', 'Server': 'cloudflare', 'CF-RAY': '89111cb10efb2420-IAD', 'alt-svc': 'h3=":443"; ma=86400'} 
 body={"results":[{"gender":"female","name":{"title":"Miss","first":"Dulce María","last":"Riojas"},"location":{"street":{"number":367,"name":"Corredor Rumania"},"city":"Paso Nacional","state":"Guerrero","country":"Mexico","postcode":74658,"coordinates":{"latitude":"24.3304","longitude":"67.4111"},"timezone":{"offset":"-4:00","description":"Atlantic Time (Canada), Caracas, La Paz"}},"email":"dulcemaria.riojas@example.com","login":{"uuid":"4c240896-b8c5-4dc7-8862-239bbac8c1ba","username":"blackdog308","password":"hellfire","salt":"GVt1WErF","md5":"abfad3c18f391b6e7cbc8350ba225ffd","sha1":"5ab1f2357042064c551935c8cf2f03f921c43be9","sha256":"728c25452cb8e8dfba5a58a3c47393b3baf46595fbc40c7ccddb733c2bdb195f"},"dob":{"date":"1980-01-22T18:50:54.757Z","age":44},"registered":{"date":"2017-04-17T10:59:09.692Z","age":7},"phone":"(667) 570 7640","cell":"(680) 585 0449","id":{"name":"NSS","value":"86 72 19 4222 4"},"picture":{"large":"https://randomuser.me/api/portraits/women/71.jpg","medium":"https://randomuser.me/api/portraits/med/women/71.jpg","thumbnail":"https://randomuser.me/api/portraits/thumb/women/71.jpg"},"nat":"MX"}],"info":{"seed":"695d7e546b478ab3","results":1,"page":1,"version":"1.4"}} 
 </msg>
<msg time="2024-06-09T12:26:47.950113" level="INFO">/opt/hostedtoolcache/Python/3.12.3/x64/lib/python3.12/site-packages/urllib3/connectionpool.py:1103: InsecureRequestWarning: Unverified HTTPS request is being made to host 'randomuser.me'. Adding certificate verification is strongly advised. See: https://urllib3.readthedocs.io/en/latest/advanced-usage.html#tls-warnings
  warnings.warn(</msg>
<msg time="2024-06-09T12:26:47.950224" level="INFO">${response} = &lt;Response [200]&gt;</msg>
<var>${response}</var>
<arg>consultarAPI</arg>
<arg>/api</arg>
<doc>Sends a GET request on a previously created HTTP Session.</doc>
<status status="PASS" start="2024-06-09T12:26:47.844388" elapsed="0.105866"/>
</kw>
<kw name="Set Variable" owner="BuiltIn">
<msg time="2024-06-09T12:26:47.951038" level="INFO">${json_data} = {'results': [{'gender': 'female', 'name': {'title': 'Miss', 'first': 'Dulce María', 'last': 'Riojas'}, 'location': {'street': {'number': 367, 'name': 'Corredor Rumania'}, 'city': 'Paso Nacional', 'sta...</msg>
<var>${json_data}</var>
<arg>${response.json()}</arg>
<doc>Returns the given values which can then be assigned to a variables.</doc>
<status status="PASS" start="2024-06-09T12:26:47.950594" elapsed="0.000473"/>
</kw>
<kw name="Log" owner="BuiltIn">
<msg time="2024-06-09T12:26:47.951523" level="INFO">{'results': [{'gender': 'female', 'name': {'title': 'Miss', 'first': 'Dulce María', 'last': 'Riojas'}, 'location': {'street': {'number': 367, 'name': 'Corredor Rumania'}, 'city': 'Paso Nacional', 'state': 'Guerrero', 'country': 'Mexico', 'postcode': 74658, 'coordinates': {'latitude': '24.3304', 'longitude': '67.4111'}, 'timezone': {'offset': '-4:00', 'description': 'Atlantic Time (Canada), Caracas, La Paz'}}, 'email': 'dulcemaria.riojas@example.com', 'login': {'uuid': '4c240896-b8c5-4dc7-8862-239bbac8c1ba', 'username': 'blackdog308', 'password': 'hellfire', 'salt': 'GVt1WErF', 'md5': 'abfad3c18f391b6e7cbc8350ba225ffd', 'sha1': '5ab1f2357042064c551935c8cf2f03f921c43be9', 'sha256': '728c25452cb8e8dfba5a58a3c47393b3baf46595fbc40c7ccddb733c2bdb195f'}, 'dob': {'date': '1980-01-22T18:50:54.757Z', 'age': 44}, 'registered': {'date': '2017-04-17T10:59:09.692Z', 'age': 7}, 'phone': '(667) 570 7640', 'cell': '(680) 585 0449', 'id': {'name': 'NSS', 'value': '86 72 19 4222 4'}, 'picture': {'large': 'https://randomuser.me/api/portraits/women/71.jpg', 'medium': 'https://randomuser.me/api/portraits/med/women/71.jpg', 'thumbnail': 'https://randomuser.me/api/portraits/thumb/women/71.jpg'}, 'nat': 'MX'}], 'info': {'seed': '695d7e546b478ab3', 'results': 1, 'page': 1, 'version': '1.4'}}</msg>
<arg>${json_data}</arg>
<doc>Logs the given message with the given level.</doc>
<status status="PASS" start="2024-06-09T12:26:47.951367" elapsed="0.000209"/>
</kw>
<kw name="Dictionary Should Contain Key" owner="Collections">
<msg time="2024-06-09T12:26:47.952016" level="INFO">False</msg>
<arg>${json_data}</arg>
<arg>results</arg>
<doc>Fails if ``key`` is not found from ``dictionary``.</doc>
<status status="PASS" start="2024-06-09T12:26:47.951868" elapsed="0.000183"/>
</kw>
<kw name="Should Not Be Empty" owner="BuiltIn">
<msg time="2024-06-09T12:26:47.952478" level="INFO">Length is 2.</msg>
<arg>${json_data}</arg>
<doc>Verifies that the given item is not empty.</doc>
<status status="PASS" start="2024-06-09T12:26:47.952341" elapsed="0.000176"/>
</kw>
<kw name="Create List" owner="BuiltIn">
<msg time="2024-06-09T12:26:47.953076" level="INFO">${expected_keys} = ['gender', 'name', 'location', 'email', 'login']</msg>
<var>${expected_keys}</var>
<arg>gender</arg>
<arg>name</arg>
<arg>location</arg>
<arg>email</arg>
<arg>login</arg>
<doc>Returns a list containing given items.</doc>
<status status="PASS" start="2024-06-09T12:26:47.952802" elapsed="0.000299"/>
</kw>
<for flavor="IN">
<iter>
<kw name="Dictionary Should Contain Key" owner="Collections">
<msg time="2024-06-09T12:26:47.954108" level="INFO">False</msg>
<arg>${json_data['results'][0]}</arg>
<arg>${key}</arg>
<doc>Fails if ``key`` is not found from ``dictionary``.</doc>
<status status="PASS" start="2024-06-09T12:26:47.953719" elapsed="0.000426"/>
</kw>
<kw name="Log" owner="BuiltIn">
<msg time="2024-06-09T12:26:47.954804" level="INFO">{'gender': 'female', 'name': {'title': 'Miss', 'first': 'Dulce María', 'last': 'Riojas'}, 'location': {'street': {'number': 367, 'name': 'Corredor Rumania'}, 'city': 'Paso Nacional', 'state': 'Guerrero', 'country': 'Mexico', 'postcode': 74658, 'coordinates': {'latitude': '24.3304', 'longitude': '67.4111'}, 'timezone': {'offset': '-4:00', 'description': 'Atlantic Time (Canada), Caracas, La Paz'}}, 'email': 'dulcemaria.riojas@example.com', 'login': {'uuid': '4c240896-b8c5-4dc7-8862-239bbac8c1ba', 'username': 'blackdog308', 'password': 'hellfire', 'salt': 'GVt1WErF', 'md5': 'abfad3c18f391b6e7cbc8350ba225ffd', 'sha1': '5ab1f2357042064c551935c8cf2f03f921c43be9', 'sha256': '728c25452cb8e8dfba5a58a3c47393b3baf46595fbc40c7ccddb733c2bdb195f'}, 'dob': {'date': '1980-01-22T18:50:54.757Z', 'age': 44}, 'registered': {'date': '2017-04-17T10:59:09.692Z', 'age': 7}, 'phone': '(667) 570 7640', 'cell': '(680) 585 0449', 'id': {'name': 'NSS', 'value': '86 72 19 4222 4'}, 'picture': {'large': 'https://randomuser.me/api/portraits/women/71.jpg', 'medium': 'https://randomuser.me/api/portraits/med/women/71.jpg', 'thumbnail': 'https://randomuser.me/api/portraits/thumb/women/71.jpg'}, 'nat': 'MX'}</msg>
<arg>${json_data['results'][0]}</arg>
<doc>Logs the given message with the given level.</doc>
<status status="PASS" start="2024-06-09T12:26:47.954442" elapsed="0.000411"/>
</kw>
<kw name="Log" owner="BuiltIn">
<msg time="2024-06-09T12:26:47.955267" level="INFO">gender</msg>
<arg>${key}</arg>
<doc>Logs the given message with the given level.</doc>
<status status="PASS" start="2024-06-09T12:26:47.955142" elapsed="0.000161"/>
</kw>
<var name="${key}">gender</var>
<status status="PASS" start="2024-06-09T12:26:47.953586" elapsed="0.001929"/>
</iter>
<iter>
<kw name="Dictionary Should Contain Key" owner="Collections">
<msg time="2024-06-09T12:26:47.956202" level="INFO">False</msg>
<arg>${json_data['results'][0]}</arg>
<arg>${key}</arg>
<doc>Fails if ``key`` is not found from ``dictionary``.</doc>
<status status="PASS" start="2024-06-09T12:26:47.955812" elapsed="0.000458"/>
</kw>
<kw name="Log" owner="BuiltIn">
<msg time="2024-06-09T12:26:47.956927" level="INFO">{'gender': 'female', 'name': {'title': 'Miss', 'first': 'Dulce María', 'last': 'Riojas'}, 'location': {'street': {'number': 367, 'name': 'Corredor Rumania'}, 'city': 'Paso Nacional', 'state': 'Guerrero', 'country': 'Mexico', 'postcode': 74658, 'coordinates': {'latitude': '24.3304', 'longitude': '67.4111'}, 'timezone': {'offset': '-4:00', 'description': 'Atlantic Time (Canada), Caracas, La Paz'}}, 'email': 'dulcemaria.riojas@example.com', 'login': {'uuid': '4c240896-b8c5-4dc7-8862-239bbac8c1ba', 'username': 'blackdog308', 'password': 'hellfire', 'salt': 'GVt1WErF', 'md5': 'abfad3c18f391b6e7cbc8350ba225ffd', 'sha1': '5ab1f2357042064c551935c8cf2f03f921c43be9', 'sha256': '728c25452cb8e8dfba5a58a3c47393b3baf46595fbc40c7ccddb733c2bdb195f'}, 'dob': {'date': '1980-01-22T18:50:54.757Z', 'age': 44}, 'registered': {'date': '2017-04-17T10:59:09.692Z', 'age': 7}, 'phone': '(667) 570 7640', 'cell': '(680) 585 0449', 'id': {'name': 'NSS', 'value': '86 72 19 4222 4'}, 'picture': {'large': 'https://randomuser.me/api/portraits/women/71.jpg', 'medium': 'https://randomuser.me/api/portraits/med/women/71.jpg', 'thumbnail': 'https://randomuser.me/api/portraits/thumb/women/71.jpg'}, 'nat': 'MX'}</msg>
<arg>${json_data['results'][0]}</arg>
<doc>Logs the given message with the given level.</doc>
<status status="PASS" start="2024-06-09T12:26:47.956570" elapsed="0.000407"/>
</kw>
<kw name="Log" owner="BuiltIn">
<msg time="2024-06-09T12:26:47.957418" level="INFO">name</msg>
<arg>${key}</arg>
<doc>Logs the given message with the given level.</doc>
<status status="PASS" start="2024-06-09T12:26:47.957291" elapsed="0.000163"/>
</kw>
<var name="${key}">name</var>
<status status="PASS" start="2024-06-09T12:26:47.955698" elapsed="0.001980"/>
</iter>
<iter>
<kw name="Dictionary Should Contain Key" owner="Collections">
<msg time="2024-06-09T12:26:47.958339" level="INFO">False</msg>
<arg>${json_data['results'][0]}</arg>
<arg>${key}</arg>
<doc>Fails if ``key`` is not found from ``dictionary``.</doc>
<status status="PASS" start="2024-06-09T12:26:47.957964" elapsed="0.000412"/>
</kw>
<kw name="Log" owner="BuiltIn">
<msg time="2024-06-09T12:26:47.959031" level="INFO">{'gender': 'female', 'name': {'title': 'Miss', 'first': 'Dulce María', 'last': 'Riojas'}, 'location': {'street': {'number': 367, 'name': 'Corredor Rumania'}, 'city': 'Paso Nacional', 'state': 'Guerrero', 'country': 'Mexico', 'postcode': 74658, 'coordinates': {'latitude': '24.3304', 'longitude': '67.4111'}, 'timezone': {'offset': '-4:00', 'description': 'Atlantic Time (Canada), Caracas, La Paz'}}, 'email': 'dulcemaria.riojas@example.com', 'login': {'uuid': '4c240896-b8c5-4dc7-8862-239bbac8c1ba', 'username': 'blackdog308', 'password': 'hellfire', 'salt': 'GVt1WErF', 'md5': 'abfad3c18f391b6e7cbc8350ba225ffd', 'sha1': '5ab1f2357042064c551935c8cf2f03f921c43be9', 'sha256': '728c25452cb8e8dfba5a58a3c47393b3baf46595fbc40c7ccddb733c2bdb195f'}, 'dob': {'date': '1980-01-22T18:50:54.757Z', 'age': 44}, 'registered': {'date': '2017-04-17T10:59:09.692Z', 'age': 7}, 'phone': '(667) 570 7640', 'cell': '(680) 585 0449', 'id': {'name': 'NSS', 'value': '86 72 19 4222 4'}, 'picture': {'large': 'https://randomuser.me/api/portraits/women/71.jpg', 'medium': 'https://randomuser.me/api/portraits/med/women/71.jpg', 'thumbnail': 'https://randomuser.me/api/portraits/thumb/women/71.jpg'}, 'nat': 'MX'}</msg>
<arg>${json_data['results'][0]}</arg>
<doc>Logs the given message with the given level.</doc>
<status status="PASS" start="2024-06-09T12:26:47.958673" elapsed="0.000416"/>
</kw>
<kw name="Log" owner="BuiltIn">
<msg time="2024-06-09T12:26:47.959517" level="INFO">location</msg>
<arg>${key}</arg>
<doc>Logs the given message with the given level.</doc>
<status status="PASS" start="2024-06-09T12:26:47.959393" elapsed="0.000160"/>
</kw>
<var name="${key}">location</var>
<status status="PASS" start="2024-06-09T12:26:47.957853" elapsed="0.001912"/>
</iter>
<iter>
<kw name="Dictionary Should Contain Key" owner="Collections">
<msg time="2024-06-09T12:26:47.960421" level="INFO">False</msg>
<arg>${json_data['results'][0]}</arg>
<arg>${key}</arg>
<doc>Fails if ``key`` is not found from ``dictionary``.</doc>
<status status="PASS" start="2024-06-09T12:26:47.960045" elapsed="0.000413"/>
</kw>
<kw name="Log" owner="BuiltIn">
<msg time="2024-06-09T12:26:47.961106" level="INFO">{'gender': 'female', 'name': {'title': 'Miss', 'first': 'Dulce María', 'last': 'Riojas'}, 'location': {'street': {'number': 367, 'name': 'Corredor Rumania'}, 'city': 'Paso Nacional', 'state': 'Guerrero', 'country': 'Mexico', 'postcode': 74658, 'coordinates': {'latitude': '24.3304', 'longitude': '67.4111'}, 'timezone': {'offset': '-4:00', 'description': 'Atlantic Time (Canada), Caracas, La Paz'}}, 'email': 'dulcemaria.riojas@example.com', 'login': {'uuid': '4c240896-b8c5-4dc7-8862-239bbac8c1ba', 'username': 'blackdog308', 'password': 'hellfire', 'salt': 'GVt1WErF', 'md5': 'abfad3c18f391b6e7cbc8350ba225ffd', 'sha1': '5ab1f2357042064c551935c8cf2f03f921c43be9', 'sha256': '728c25452cb8e8dfba5a58a3c47393b3baf46595fbc40c7ccddb733c2bdb195f'}, 'dob': {'date': '1980-01-22T18:50:54.757Z', 'age': 44}, 'registered': {'date': '2017-04-17T10:59:09.692Z', 'age': 7}, 'phone': '(667) 570 7640', 'cell': '(680) 585 0449', 'id': {'name': 'NSS', 'value': '86 72 19 4222 4'}, 'picture': {'large': 'https://randomuser.me/api/portraits/women/71.jpg', 'medium': 'https://randomuser.me/api/portraits/med/women/71.jpg', 'thumbnail': 'https://randomuser.me/api/portraits/thumb/women/71.jpg'}, 'nat': 'MX'}</msg>
<arg>${json_data['results'][0]}</arg>
<doc>Logs the given message with the given level.</doc>
<status status="PASS" start="2024-06-09T12:26:47.960747" elapsed="0.000418"/>
</kw>
<kw name="Log" owner="BuiltIn">
<msg time="2024-06-09T12:26:47.961622" level="INFO">email</msg>
<arg>${key}</arg>
<doc>Logs the given message with the given level.</doc>
<status status="PASS" start="2024-06-09T12:26:47.961496" elapsed="0.000163"/>
</kw>
<var name="${key}">email</var>
<status status="PASS" start="2024-06-09T12:26:47.959932" elapsed="0.001939"/>
</iter>
<iter>
<kw name="Dictionary Should Contain Key" owner="Collections">
<msg time="2024-06-09T12:26:47.962537" level="INFO">False</msg>
<arg>${json_data['results'][0]}</arg>
<arg>${key}</arg>
<doc>Fails if ``key`` is not found from ``dictionary``.</doc>
<status status="PASS" start="2024-06-09T12:26:47.962149" elapsed="0.000432"/>
</kw>
<kw name="Log" owner="BuiltIn">
<msg time="2024-06-09T12:26:47.963236" level="INFO">{'gender': 'female', 'name': {'title': 'Miss', 'first': 'Dulce María', 'last': 'Riojas'}, 'location': {'street': {'number': 367, 'name': 'Corredor Rumania'}, 'city': 'Paso Nacional', 'state': 'Guerrero', 'country': 'Mexico', 'postcode': 74658, 'coordinates': {'latitude': '24.3304', 'longitude': '67.4111'}, 'timezone': {'offset': '-4:00', 'description': 'Atlantic Time (Canada), Caracas, La Paz'}}, 'email': 'dulcemaria.riojas@example.com', 'login': {'uuid': '4c240896-b8c5-4dc7-8862-239bbac8c1ba', 'username': 'blackdog308', 'password': 'hellfire', 'salt': 'GVt1WErF', 'md5': 'abfad3c18f391b6e7cbc8350ba225ffd', 'sha1': '5ab1f2357042064c551935c8cf2f03f921c43be9', 'sha256': '728c25452cb8e8dfba5a58a3c47393b3baf46595fbc40c7ccddb733c2bdb195f'}, 'dob': {'date': '1980-01-22T18:50:54.757Z', 'age': 44}, 'registered': {'date': '2017-04-17T10:59:09.692Z', 'age': 7}, 'phone': '(667) 570 7640', 'cell': '(680) 585 0449', 'id': {'name': 'NSS', 'value': '86 72 19 4222 4'}, 'picture': {'large': 'https://randomuser.me/api/portraits/women/71.jpg', 'medium': 'https://randomuser.me/api/portraits/med/women/71.jpg', 'thumbnail': 'https://randomuser.me/api/portraits/thumb/women/71.jpg'}, 'nat': 'MX'}</msg>
<arg>${json_data['results'][0]}</arg>
<doc>Logs the given message with the given level.</doc>
<status status="PASS" start="2024-06-09T12:26:47.962871" elapsed="0.000414"/>
</kw>
<kw name="Log" owner="BuiltIn">
<msg time="2024-06-09T12:26:47.963730" level="INFO">login</msg>
<arg>${key}</arg>
<doc>Logs the given message with the given level.</doc>
<status status="PASS" start="2024-06-09T12:26:47.963602" elapsed="0.000165"/>
</kw>
<var name="${key}">login</var>
<status status="PASS" start="2024-06-09T12:26:47.962040" elapsed="0.001943"/>
</iter>
<var>${key}</var>
<value>@{expected_keys}</value>
<status status="PASS" start="2024-06-09T12:26:47.953394" elapsed="0.010709"/>
</for>
<kw name="Create List" owner="BuiltIn">
<msg time="2024-06-09T12:26:47.964429" level="INFO">${expected_keysTwo} = ['username', 'password']</msg>
<var>${expected_keysTwo}</var>
<arg>username</arg>
<arg>password</arg>
<doc>Returns a list containing given items.</doc>
<status status="PASS" start="2024-06-09T12:26:47.964291" elapsed="0.000161"/>
</kw>
<for flavor="IN">
<iter>
<kw name="Dictionary Should Contain Key" owner="Collections">
<msg time="2024-06-09T12:26:47.965351" level="INFO">False</msg>
<arg>${json_data['results'][0]['login']}</arg>
<arg>${keyTwo}</arg>
<doc>Fails if ``key`` is not found from ``dictionary``.</doc>
<status status="PASS" start="2024-06-09T12:26:47.964938" elapsed="0.000451"/>
</kw>
<kw name="Dictionary Should Contain Key" owner="Collections">
<msg time="2024-06-09T12:26:47.966068" level="INFO">False</msg>
<arg>${json_data['results'][0]['login']}</arg>
<arg>${keyTwo}</arg>
<doc>Fails if ``key`` is not found from ``dictionary``.</doc>
<status status="PASS" start="2024-06-09T12:26:47.965683" elapsed="0.000422"/>
</kw>
<kw name="Log" owner="BuiltIn">
<msg time="2024-06-09T12:26:47.966523" level="INFO">username</msg>
<arg>${keyTwo}</arg>
<doc>Logs the given message with the given level.</doc>
<status status="PASS" start="2024-06-09T12:26:47.966398" elapsed="0.000161"/>
</kw>
<var name="${keyTwo}">username</var>
<status status="PASS" start="2024-06-09T12:26:47.964830" elapsed="0.001945"/>
</iter>
<iter>
<kw name="Dictionary Should Contain Key" owner="Collections">
<msg time="2024-06-09T12:26:47.967424" level="INFO">False</msg>
<arg>${json_data['results'][0]['login']}</arg>
<arg>${keyTwo}</arg>
<doc>Fails if ``key`` is not found from ``dictionary``.</doc>
<status status="PASS" start="2024-06-09T12:26:47.967052" elapsed="0.000408"/>
</kw>
<kw name="Dictionary Should Contain Key" owner="Collections">
<msg time="2024-06-09T12:26:47.968217" level="INFO">False</msg>
<arg>${json_data['results'][0]['login']}</arg>
<arg>${keyTwo}</arg>
<doc>Fails if ``key`` is not found from ``dictionary``.</doc>
<status status="PASS" start="2024-06-09T12:26:47.967746" elapsed="0.000511"/>
</kw>
<kw name="Log" owner="BuiltIn">
<msg time="2024-06-09T12:26:47.968679" level="INFO">password</msg>
<arg>${keyTwo}</arg>
<doc>Logs the given message with the given level.</doc>
<status status="PASS" start="2024-06-09T12:26:47.968554" elapsed="0.000161"/>
</kw>
<var name="${keyTwo}">password</var>
<status status="PASS" start="2024-06-09T12:26:47.966944" elapsed="0.001984"/>
</iter>
<var>${keyTwo}</var>
<value>@{expected_keysTwo}</value>
<status status="PASS" start="2024-06-09T12:26:47.964683" elapsed="0.004364"/>
</for>
<status status="PASS" start="2024-06-09T12:26:47.844147" elapsed="0.125041"/>
</kw>
<doc>Testa a estrutura da resposta da API.</doc>
<tag>testeEstruturaResposta</tag>
<status status="PASS" start="2024-06-09T12:26:47.843667" elapsed="0.125691"/>
</test>
<test id="s1-s1-t4" name="Validar tipos de dados" line="28">
<kw name="Teste de Tipos de Dados" owner="random-user-service">
<kw name="GET On Session" owner="RequestsLibrary">
<msg time="2024-06-09T12:26:48.038980" level="INFO">GET Request : url=https://randomuser.me/api 
 path_url=/api 
 headers={'User-Agent': 'python-requests/2.32.3', 'Accept-Encoding': 'gzip, deflate', 'Accept': '*/*', 'Connection': 'keep-alive'} 
 body=None 
 </msg>
<msg time="2024-06-09T12:26:48.039066" level="INFO">GET Response : url=https://randomuser.me/api 
 status=200, reason=OK 
 headers={'Date': 'Sun, 09 Jun 2024 12:26:48 GMT', 'Content-Type': 'application/json; charset=utf-8', 'Transfer-Encoding': 'chunked', 'Connection': 'keep-alive', 'X-Powered-By': 'Express', 'Access-Control-Allow-Origin': '*', 'Cache-Control': 'no-cache', 'ETag': 'W/"479-YPlGmIBWXWfMk4K+Q2aPj+HqvAs"', 'Vary': 'Accept-Encoding', 'Content-Encoding': 'gzip', 'CF-Cache-Status': 'DYNAMIC', 'Report-To': '{"endpoints":[{"url":"https:\\/\\/a.nel.cloudflare.com\\/report\\/v4?s=m%2FjTAM5CQGLXEvIlmkkNnHkg2V8yWcRGM82262Zj%2Bkj8DCM6lqT%2BdWFDOVI0uhVeV7WcRxqbNc5VSwAseBGiifXxUWWAvzRdjXd50nAAXA9ejXl3u8bDH7iNoNVc%2FeJV"}],"group":"cf-nel","max_age":604800}', 'NEL': '{"success_fraction":0,"report_to":"cf-nel","max_age":604800}', 'Server': 'cloudflare', 'CF-RAY': '89111cb1dff02420-IAD', 'alt-svc': 'h3=":443"; ma=86400'} 
 body={"results":[{"gender":"male","name":{"title":"Mr","first":"Olve","last":"Blomvik"},"location":{"street":{"number":6007,"name":"Gunnar Schjelderups vei"},"city":"Husøy","state":"Finnmark - Finnmárku","country":"Norway","postcode":"6476","coordinates":{"latitude":"39.3031","longitude":"-143.4502"},"timezone":{"offset":"+4:30","description":"Kabul"}},"email":"olve.blomvik@example.com","login":{"uuid":"b1a94533-e275-4a81-927f-d7b6a62ab6e7","username":"heavyzebra881","password":"buffalo","salt":"5kDuNIfw","md5":"293160cd3a976e54ef952491033960c8","sha1":"a87bf95c84cffd11ca0ed0b26f44a605fe0a7e6c","sha256":"8a6108c1c6144e2cc8e666ead8618c31b10f149def600ca918145a06229aa4b1"},"dob":{"date":"1970-10-02T04:09:30.476Z","age":53},"registered":{"date":"2017-01-29T21:50:03.758Z","age":7},"phone":"74167484","cell":"41286466","id":{"name":"FN","value":"02107011385"},"picture":{"large":"https://randomuser.me/api/portraits/men/39.jpg","medium":"https://randomuser.me/api/portraits/med/men/39.jpg","thumbnail":"https://randomuser.me/api/portraits/thumb/men/39.jpg"},"nat":"NO"}],"info":{"seed":"f90fc72259598005","results":1,"page":1,"version":"1.4"}} 
 </msg>
<msg time="2024-06-09T12:26:48.039142" level="INFO">/opt/hostedtoolcache/Python/3.12.3/x64/lib/python3.12/site-packages/urllib3/connectionpool.py:1103: InsecureRequestWarning: Unverified HTTPS request is being made to host 'randomuser.me'. Adding certificate verification is strongly advised. See: https://urllib3.readthedocs.io/en/latest/advanced-usage.html#tls-warnings
  warnings.warn(</msg>
<msg time="2024-06-09T12:26:48.039282" level="INFO">${response} = &lt;Response [200]&gt;</msg>
<var>${response}</var>
<arg>consultarAPI</arg>
<arg>/api</arg>
<doc>Sends a GET request on a previously created HTTP Session.</doc>
<status status="PASS" start="2024-06-09T12:26:47.971895" elapsed="0.067427"/>
</kw>
<kw name="Set Variable" owner="BuiltIn">
<msg time="2024-06-09T12:26:48.040154" level="INFO">${json_data} = {'results': [{'gender': 'male', 'name': {'title': 'Mr', 'first': 'Olve', 'last': 'Blomvik'}, 'location': {'street': {'number': 6007, 'name': 'Gunnar Schjelderups vei'}, 'city': 'Husøy', 'state': 'Finn...</msg>
<var>${json_data}</var>
<arg>${response.json()}</arg>
<doc>Returns the given values which can then be assigned to a variables.</doc>
<status status="PASS" start="2024-06-09T12:26:48.039693" elapsed="0.000491"/>
</kw>
<kw name="Log" owner="BuiltIn">
<msg time="2024-06-09T12:26:48.040649" level="INFO">{'results': [{'gender': 'male', 'name': {'title': 'Mr', 'first': 'Olve', 'last': 'Blomvik'}, 'location': {'street': {'number': 6007, 'name': 'Gunnar Schjelderups vei'}, 'city': 'Husøy', 'state': 'Finnmark - Finnmárku', 'country': 'Norway', 'postcode': '6476', 'coordinates': {'latitude': '39.3031', 'longitude': '-143.4502'}, 'timezone': {'offset': '+4:30', 'description': 'Kabul'}}, 'email': 'olve.blomvik@example.com', 'login': {'uuid': 'b1a94533-e275-4a81-927f-d7b6a62ab6e7', 'username': 'heavyzebra881', 'password': 'buffalo', 'salt': '5kDuNIfw', 'md5': '293160cd3a976e54ef952491033960c8', 'sha1': 'a87bf95c84cffd11ca0ed0b26f44a605fe0a7e6c', 'sha256': '8a6108c1c6144e2cc8e666ead8618c31b10f149def600ca918145a06229aa4b1'}, 'dob': {'date': '1970-10-02T04:09:30.476Z', 'age': 53}, 'registered': {'date': '2017-01-29T21:50:03.758Z', 'age': 7}, 'phone': '74167484', 'cell': '41286466', 'id': {'name': 'FN', 'value': '02107011385'}, 'picture': {'large': 'https://randomuser.me/api/portraits/men/39.jpg', 'medium': 'https://randomuser.me/api/portraits/med/men/39.jpg', 'thumbnail': 'https://randomuser.me/api/portraits/thumb/men/39.jpg'}, 'nat': 'NO'}], 'info': {'seed': 'f90fc72259598005', 'results': 1, 'page': 1, 'version': '1.4'}}</msg>
<arg>${json_data}</arg>
<doc>Logs the given message with the given level.</doc>
<status status="PASS" start="2024-06-09T12:26:48.040492" elapsed="0.000237"/>
</kw>
<kw name="Should Be String" owner="String">
<arg>${json_data['results'][0]['gender']}</arg>
<doc>Fails if the given ``item`` is not a string.</doc>
<status status="PASS" start="2024-06-09T12:26:48.041027" elapsed="0.000400"/>
</kw>
<kw name="Should Match Regexp" owner="BuiltIn">
<arg>${json_data['results'][0]['email']}</arg>
<arg>^[a-zA-Z0-9._%+-]+@[a-zA-Z0-9.-]+\.[a-zA-Z]{2,}$</arg>
<doc>Fails if ``string`` does not match ``pattern`` as a regular expression.</doc>
<status status="PASS" start="2024-06-09T12:26:48.041620" elapsed="0.000513"/>
</kw>
<kw name="Should Match Regexp" owner="BuiltIn">
<arg>${json_data['results'][0]['dob']['date']}</arg>
<arg>\\d{4}-\\d{2}-\\d{2}T\\d{2}:\\d{2}:\\d{2}\\.\\d{3}Z</arg>
<doc>Fails if ``string`` does not match ``pattern`` as a regular expression.</doc>
<status status="PASS" start="2024-06-09T12:26:48.042329" elapsed="0.000483"/>
</kw>
<kw name="Should Match Regexp" owner="BuiltIn">
<arg>${json_data['results'][0]['registered']['date']}</arg>
<arg>\\d{4}-\\d{2}-\\d{2}T\\d{2}:\\d{2}:\\d{2}\\.\\d{3}Z</arg>
<doc>Fails if ``string`` does not match ``pattern`` as a regular expression.</doc>
<status status="PASS" start="2024-06-09T12:26:48.043003" elapsed="0.000370"/>
</kw>
<kw name="Should Match Regexp" owner="BuiltIn">
<arg>${json_data['results'][0]['picture']['large']}</arg>
<arg>^https?://.*\.(?:png|jpe?g|gif|bmp)$</arg>
<doc>Fails if ``string`` does not match ``pattern`` as a regular expression.</doc>
<status status="PASS" start="2024-06-09T12:26:48.043566" elapsed="0.000461"/>
</kw>
<kw name="Should Match Regexp" owner="BuiltIn">
<arg>${json_data['results'][0]['picture']['medium']}</arg>
<arg>^https?://.*\.(?:png|jpe?g|gif|bmp)$</arg>
<doc>Fails if ``string`` does not match ``pattern`` as a regular expression.</doc>
<status status="PASS" start="2024-06-09T12:26:48.044215" elapsed="0.000349"/>
</kw>
<kw name="Should Match Regexp" owner="BuiltIn">
<arg>${json_data['results'][0]['picture']['thumbnail']}</arg>
<arg>^https?://.*\.(?:png|jpe?g|gif|bmp)$</arg>
<doc>Fails if ``string`` does not match ``pattern`` as a regular expression.</doc>
<status status="PASS" start="2024-06-09T12:26:48.044750" elapsed="0.000347"/>
</kw>
<kw name="Log" owner="BuiltIn">
<msg time="2024-06-09T12:26:48.045647" level="INFO">{'large': 'https://randomuser.me/api/portraits/men/39.jpg', 'medium': 'https://randomuser.me/api/portraits/med/men/39.jpg', 'thumbnail': 'https://randomuser.me/api/portraits/thumb/men/39.jpg'}</msg>
<arg>${json_data['results'][0]['picture']}</arg>
<doc>Logs the given message with the given level.</doc>
<status status="PASS" start="2024-06-09T12:26:48.045314" elapsed="0.000375"/>
</kw>
<status status="PASS" start="2024-06-09T12:26:47.971671" elapsed="0.074268"/>
</kw>
<kw name="Teste de Tipos de Dados - Postcode" owner="random-user-service">
<kw name="GET On Session" owner="RequestsLibrary">
<msg time="2024-06-09T12:26:48.140461" level="INFO">GET Request : url=https://randomuser.me/api 
 path_url=/api 
 headers={'User-Agent': 'python-requests/2.32.3', 'Accept-Encoding': 'gzip, deflate', 'Accept': '*/*', 'Connection': 'keep-alive'} 
 body=None 
 </msg>
<msg time="2024-06-09T12:26:48.140520" level="INFO">GET Response : url=https://randomuser.me/api 
 status=200, reason=OK 
 headers={'Date': 'Sun, 09 Jun 2024 12:26:48 GMT', 'Content-Type': 'application/json; charset=utf-8', 'Transfer-Encoding': 'chunked', 'Connection': 'keep-alive', 'X-Powered-By': 'Express', 'Access-Control-Allow-Origin': '*', 'Cache-Control': 'no-cache', 'ETag': 'W/"47b-GkhKh4al73k/TRNbG0fIa6tETco"', 'Vary': 'Accept-Encoding', 'Content-Encoding': 'gzip', 'CF-Cache-Status': 'DYNAMIC', 'Report-To': '{"endpoints":[{"url":"https:\\/\\/a.nel.cloudflare.com\\/report\\/v4?s=A626bbcA%2F2kipnPZ28N4Mqg3KkmlLLnvyT1adLC3lOtauTrjd%2F9Levp7HAdLm9HrInS%2BZurabuK4onJIu9YE5OlqyQFTv%2BNreSRSnh8L76F6cmiJzccV5OtlP9q8yIy4"}],"group":"cf-nel","max_age":604800}', 'NEL': '{"success_fraction":0,"report_to":"cf-nel","max_age":604800}', 'Server': 'cloudflare', 'CF-RAY': '89111cb248642420-IAD', 'alt-svc': 'h3=":443"; ma=86400'} 
 body={"results":[{"gender":"male","name":{"title":"Mr","first":"Samir","last":"Salomonsen"},"location":{"street":{"number":6060,"name":"Breigata"},"city":"Skarde","state":"Akershus","country":"Norway","postcode":"0855","coordinates":{"latitude":"41.2698","longitude":"-169.3342"},"timezone":{"offset":"-7:00","description":"Mountain Time (US &amp; Canada)"}},"email":"samir.salomonsen@example.com","login":{"uuid":"cb291b0c-9b6a-4364-8054-ff7d25be5000","username":"goldenfish997","password":"100000","salt":"JRyPmxpG","md5":"01b5afab23dacfa819b88a195cd035a9","sha1":"8c4dba7bb76f3f5f10302c78cf5b86ab7352c5da","sha256":"ab38e79886223b4131f6e30265478a7cca7275c15967f208bc2d72cdee03b0bc"},"dob":{"date":"1998-12-28T00:28:01.941Z","age":25},"registered":{"date":"2011-12-26T03:06:53.394Z","age":12},"phone":"23783000","cell":"94916546","id":{"name":"FN","value":"28129842964"},"picture":{"large":"https://randomuser.me/api/portraits/men/81.jpg","medium":"https://randomuser.me/api/portraits/med/men/81.jpg","thumbnail":"https://randomuser.me/api/portraits/thumb/men/81.jpg"},"nat":"NO"}],"info":{"seed":"a774eaa1dea6a53d","results":1,"page":1,"version":"1.4"}} 
 </msg>
<msg time="2024-06-09T12:26:48.140574" level="INFO">/opt/hostedtoolcache/Python/3.12.3/x64/lib/python3.12/site-packages/urllib3/connectionpool.py:1103: InsecureRequestWarning: Unverified HTTPS request is being made to host 'randomuser.me'. Adding certificate verification is strongly advised. See: https://urllib3.readthedocs.io/en/latest/advanced-usage.html#tls-warnings
  warnings.warn(</msg>
<msg time="2024-06-09T12:26:48.140655" level="INFO">${response} = &lt;Response [200]&gt;</msg>
<var>${response}</var>
<arg>consultarAPI</arg>
<arg>/api</arg>
<doc>Sends a GET request on a previously created HTTP Session.</doc>
<status status="PASS" start="2024-06-09T12:26:48.046361" elapsed="0.094323"/>
</kw>
<kw name="Set Variable" owner="BuiltIn">
<msg time="2024-06-09T12:26:48.141514" level="INFO">${json_data} = {'results': [{'gender': 'male', 'name': {'title': 'Mr', 'first': 'Samir', 'last': 'Salomonsen'}, 'location': {'street': {'number': 6060, 'name': 'Breigata'}, 'city': 'Skarde', 'state': 'Akershus', 'co...</msg>
<var>${json_data}</var>
<arg>${response.json()}</arg>
<doc>Returns the given values which can then be assigned to a variables.</doc>
<status status="PASS" start="2024-06-09T12:26:48.141046" elapsed="0.000498"/>
</kw>
<kw name="Log" owner="BuiltIn">
<msg time="2024-06-09T12:26:48.141992" level="INFO">{'results': [{'gender': 'male', 'name': {'title': 'Mr', 'first': 'Samir', 'last': 'Salomonsen'}, 'location': {'street': {'number': 6060, 'name': 'Breigata'}, 'city': 'Skarde', 'state': 'Akershus', 'country': 'Norway', 'postcode': '0855', 'coordinates': {'latitude': '41.2698', 'longitude': '-169.3342'}, 'timezone': {'offset': '-7:00', 'description': 'Mountain Time (US &amp; Canada)'}}, 'email': 'samir.salomonsen@example.com', 'login': {'uuid': 'cb291b0c-9b6a-4364-8054-ff7d25be5000', 'username': 'goldenfish997', 'password': '100000', 'salt': 'JRyPmxpG', 'md5': '01b5afab23dacfa819b88a195cd035a9', 'sha1': '8c4dba7bb76f3f5f10302c78cf5b86ab7352c5da', 'sha256': 'ab38e79886223b4131f6e30265478a7cca7275c15967f208bc2d72cdee03b0bc'}, 'dob': {'date': '1998-12-28T00:28:01.941Z', 'age': 25}, 'registered': {'date': '2011-12-26T03:06:53.394Z', 'age': 12}, 'phone': '23783000', 'cell': '94916546', 'id': {'name': 'FN', 'value': '28129842964'}, 'picture': {'large': 'https://randomuser.me/api/portraits/men/81.jpg', 'medium': 'https://randomuser.me/api/portraits/med/men/81.jpg', 'thumbnail': 'https://randomuser.me/api/portraits/thumb/men/81.jpg'}, 'nat': 'NO'}], 'info': {'seed': 'a774eaa1dea6a53d', 'results': 1, 'page': 1, 'version': '1.4'}}</msg>
<arg>${json_data}</arg>
<doc>Logs the given message with the given level.</doc>
<status status="PASS" start="2024-06-09T12:26:48.141844" elapsed="0.000237"/>
</kw>
<kw name="Should Be Equal As Numbers" owner="BuiltIn">
<arg>${json_data['results'][0]['location']['postcode']}</arg>
<arg>${json_data['results'][0]['location']['postcode']}</arg>
<doc>Fails if objects are unequal after converting them to real numbers.</doc>
<status status="PASS" start="2024-06-09T12:26:48.142376" elapsed="0.000734"/>
</kw>
<kw name="Log" owner="BuiltIn">
<msg time="2024-06-09T12:26:48.143631" level="INFO">0855</msg>
<arg>${json_data['results'][0]['location']['postcode']}</arg>
<doc>Logs the given message with the given level.</doc>
<status status="PASS" start="2024-06-09T12:26:48.143300" elapsed="0.000370"/>
</kw>
<status status="PASS" start="2024-06-09T12:26:48.046146" elapsed="0.097770"/>
</kw>
<doc>Testa se os tipos de dados na resposta da API estão corretos.</doc>
<tag>testeTiposDados</tag>
<status status="PASS" start="2024-06-09T12:26:47.971167" elapsed="0.172903"/>
</test>
<test id="s1-s1-t5" name="Validar conteudo" line="35">
<kw name="Teste de Tipos de Conteudo" owner="random-user-service">
<kw name="GET On Session" owner="RequestsLibrary">
<msg time="2024-06-09T12:26:48.246793" level="INFO">GET Request : url=https://randomuser.me/api 
 path_url=/api 
 headers={'User-Agent': 'python-requests/2.32.3', 'Accept-Encoding': 'gzip, deflate', 'Accept': '*/*', 'Connection': 'keep-alive'} 
 body=None 
 </msg>
<msg time="2024-06-09T12:26:48.246868" level="INFO">GET Response : url=https://randomuser.me/api 
 status=200, reason=OK 
 headers={'Date': 'Sun, 09 Jun 2024 12:26:48 GMT', 'Content-Type': 'application/json; charset=utf-8', 'Transfer-Encoding': 'chunked', 'Connection': 'keep-alive', 'X-Powered-By': 'Express', 'Access-Control-Allow-Origin': '*', 'Cache-Control': 'no-cache', 'ETag': 'W/"485-oJBENk61PYX2rATLp4ZnxyZ2rx8"', 'Vary': 'Accept-Encoding', 'Content-Encoding': 'gzip', 'CF-Cache-Status': 'DYNAMIC', 'Report-To': '{"endpoints":[{"url":"https:\\/\\/a.nel.cloudflare.com\\/report\\/v4?s=2HdpzwnDPiMiXX0jgKNG5jTotwgXgj4rQcLsCA7E7YPDoeBZKHkrI8LYzNpQsgtOgS4tQdN1GfSKYp3Wl2WdXrwr%2F4SMxezAenokawFwFWgYMirtFGC7mQ5bR6u%2BMs00"}],"group":"cf-nel","max_age":604800}', 'NEL': '{"success_fraction":0,"report_to":"cf-nel","max_age":604800}', 'Server': 'cloudflare', 'CF-RAY': '89111cb2e9132420-IAD', 'alt-svc': 'h3=":443"; ma=86400'} 
 body={"results":[{"gender":"male","name":{"title":"Mr","first":"Miro","last":"Neva"},"location":{"street":{"number":2244,"name":"Visiokatu"},"city":"Kumlinge","state":"Southern Ostrobothnia","country":"Finland","postcode":93788,"coordinates":{"latitude":"-21.9424","longitude":"-163.6642"},"timezone":{"offset":"-12:00","description":"Eniwetok, Kwajalein"}},"email":"miro.neva@example.com","login":{"uuid":"9903f5ce-eaf0-4746-acbb-6516117d8589","username":"sadpeacock441","password":"robin","salt":"7O9dCsAA","md5":"c2cbc30b5c9a305951f4f5ec89e87144","sha1":"d2288c39f2a25915b310b5f5821486a7fa030965","sha256":"849e301da0a69ee6f8caab9583afdfda417c884a396f5ce9dc59d9adc8abe6d8"},"dob":{"date":"1963-01-05T23:24:50.360Z","age":61},"registered":{"date":"2004-09-17T12:04:01.328Z","age":19},"phone":"02-048-535","cell":"046-747-33-40","id":{"name":"HETU","value":"NaNNA509undefined"},"picture":{"large":"https://randomuser.me/api/portraits/men/41.jpg","medium":"https://randomuser.me/api/portraits/med/men/41.jpg","thumbnail":"https://randomuser.me/api/portraits/thumb/men/41.jpg"},"nat":"FI"}],"info":{"seed":"5dd4acfc71358dff","results":1,"page":1,"version":"1.4"}} 
 </msg>
<msg time="2024-06-09T12:26:48.246933" level="INFO">/opt/hostedtoolcache/Python/3.12.3/x64/lib/python3.12/site-packages/urllib3/connectionpool.py:1103: InsecureRequestWarning: Unverified HTTPS request is being made to host 'randomuser.me'. Adding certificate verification is strongly advised. See: https://urllib3.readthedocs.io/en/latest/advanced-usage.html#tls-warnings
  warnings.warn(</msg>
<msg time="2024-06-09T12:26:48.247032" level="INFO">${response} = &lt;Response [200]&gt;</msg>
<var>${response}</var>
<arg>consultarAPI</arg>
<arg>/api</arg>
<doc>Sends a GET request on a previously created HTTP Session.</doc>
<status status="PASS" start="2024-06-09T12:26:48.146421" elapsed="0.100659"/>
</kw>
<kw name="Set Variable" owner="BuiltIn">
<msg time="2024-06-09T12:26:48.248050" level="INFO">${json_data} = {'results': [{'gender': 'male', 'name': {'title': 'Mr', 'first': 'Miro', 'last': 'Neva'}, 'location': {'street': {'number': 2244, 'name': 'Visiokatu'}, 'city': 'Kumlinge', 'state': 'Southern Ostroboth...</msg>
<var>${json_data}</var>
<arg>${response.json()}</arg>
<doc>Returns the given values which can then be assigned to a variables.</doc>
<status status="PASS" start="2024-06-09T12:26:48.247606" elapsed="0.000472"/>
</kw>
<kw name="Set Variable" owner="BuiltIn">
<msg time="2024-06-09T12:26:48.248753" level="INFO">${name_title} = Mr</msg>
<var>${name_title}</var>
<arg>${json_data["results"][0]["name"]["title"]}</arg>
<doc>Returns the given values which can then be assigned to a variables.</doc>
<status status="PASS" start="2024-06-09T12:26:48.248374" elapsed="0.000403"/>
</kw>
<kw name="Create List" owner="BuiltIn">
<msg time="2024-06-09T12:26:48.249212" level="INFO">${allowed_titles} = ['Mr', 'Ms', 'Miss', 'Mrs', 'Madame', 'Monsieur']</msg>
<var>${allowed_titles}</var>
<arg>Mr</arg>
<arg>Ms</arg>
<arg>Miss</arg>
<arg>Mrs</arg>
<arg>Madame</arg>
<arg>Monsieur</arg>
<doc>Returns a list containing given items.</doc>
<status status="PASS" start="2024-06-09T12:26:48.249069" elapsed="0.000195"/>
</kw>
<kw name="List Should Contain Value" owner="Collections">
<msg time="2024-06-09T12:26:48.249732" level="INFO">False</msg>
<arg>${allowed_titles}</arg>
<arg>${name_title}</arg>
<doc>Fails if the ``value`` is not found from ``list``.</doc>
<status status="PASS" start="2024-06-09T12:26:48.249566" elapsed="0.000201"/>
</kw>
<kw name="Set Variable" owner="BuiltIn">
<msg time="2024-06-09T12:26:48.250423" level="INFO">${name_country} = FI</msg>
<var>${name_country}</var>
<arg>${json_data["results"][0]["nat"]}</arg>
<doc>Returns the given values which can then be assigned to a variables.</doc>
<status status="PASS" start="2024-06-09T12:26:48.250053" elapsed="0.000394"/>
</kw>
<kw name="Create List" owner="BuiltIn">
<msg time="2024-06-09T12:26:48.251330" level="INFO">${list_country} = ['AD', 'AE', 'AF', 'AG', 'AI', 'AL', 'AM', 'AO', 'AQ', 'AR', 'AS', 'AT', 'AU', 'AW', 'AX', 'AZ', 'BA', 'BB', 'BD', 'BE', 'BF', 'BG', 'BH', 'BI', 'BJ', 'BL', 'BM', 'BN', 'BO', 'BQ', 'BR', 'BS', 'BT', '...</msg>
<var>${list_country}</var>
<arg>AD</arg>
<arg>AE</arg>
<arg>AF</arg>
<arg>AG</arg>
<arg>AI</arg>
<arg>AL</arg>
<arg>AM</arg>
<arg>AO</arg>
<arg>AQ</arg>
<arg>AR</arg>
<arg>AS</arg>
<arg>AT</arg>
<arg>AU</arg>
<arg>AW</arg>
<arg>AX</arg>
<arg>AZ</arg>
<arg>BA</arg>
<arg>BB</arg>
<arg>BD</arg>
<arg>BE</arg>
<arg>BF</arg>
<arg>BG</arg>
<arg>BH</arg>
<arg>BI</arg>
<arg>BJ</arg>
<arg>BL</arg>
<arg>BM</arg>
<arg>BN</arg>
<arg>BO</arg>
<arg>BQ</arg>
<arg>BR</arg>
<arg>BS</arg>
<arg>BT</arg>
<arg>BV</arg>
<arg>BW</arg>
<arg>BY</arg>
<arg>BZ</arg>
<arg>CA</arg>
<arg>CC</arg>
<arg>CD</arg>
<arg>CF</arg>
<arg>CG</arg>
<arg>CH</arg>
<arg>CI</arg>
<arg>CK</arg>
<arg>CL</arg>
<arg>CM</arg>
<arg>CN</arg>
<arg>CO</arg>
<arg>CR</arg>
<arg>CU</arg>
<arg>CV</arg>
<arg>CW</arg>
<arg>CX</arg>
<arg>CY</arg>
<arg>CZ</arg>
<arg>DE</arg>
<arg>DJ</arg>
<arg>DK</arg>
<arg>DM</arg>
<arg>DO</arg>
<arg>DZ</arg>
<arg>EC</arg>
<arg>EE</arg>
<arg>EG</arg>
<arg>EH</arg>
<arg>ER</arg>
<arg>ES</arg>
<arg>ET</arg>
<arg>FI</arg>
<arg>FJ</arg>
<arg>FK</arg>
<arg>FM</arg>
<arg>FO</arg>
<arg>FR</arg>
<arg>GA</arg>
<arg>GB</arg>
<arg>GD</arg>
<arg>GE</arg>
<arg>GF</arg>
<arg>GG</arg>
<arg>GH</arg>
<arg>GI</arg>
<arg>GL</arg>
<arg>GM</arg>
<arg>GN</arg>
<arg>GP</arg>
<arg>GQ</arg>
<arg>GR</arg>
<arg>GS</arg>
<arg>GT</arg>
<arg>GU</arg>
<arg>GW</arg>
<arg>GY</arg>
<arg>HK</arg>
<arg>HM</arg>
<arg>HN</arg>
<arg>HR</arg>
<arg>HT</arg>
<arg>HU</arg>
<arg>ID</arg>
<arg>IE</arg>
<arg>IL</arg>
<arg>IM</arg>
<arg>IN</arg>
<arg>IO</arg>
<arg>IQ</arg>
<arg>IR</arg>
<arg>IS</arg>
<arg>IT</arg>
<arg>JE</arg>
<arg>JM</arg>
<arg>JO</arg>
<arg>JP</arg>
<arg>KE</arg>
<arg>KG</arg>
<arg>KH</arg>
<arg>KI</arg>
<arg>KM</arg>
<arg>KN</arg>
<arg>KP</arg>
<arg>KR</arg>
<arg>KW</arg>
<arg>KY</arg>
<arg>KZ</arg>
<arg>LA</arg>
<arg>LB</arg>
<arg>LC</arg>
<arg>LI</arg>
<arg>LK</arg>
<arg>LR</arg>
<arg>LS</arg>
<arg>LT</arg>
<arg>LU</arg>
<arg>LV</arg>
<arg>LY</arg>
<arg>MA</arg>
<arg>MC</arg>
<arg>MD</arg>
<arg>ME</arg>
<arg>MF</arg>
<arg>MG</arg>
<arg>MH</arg>
<arg>MK</arg>
<arg>ML</arg>
<arg>MM</arg>
<arg>MN</arg>
<arg>MO</arg>
<arg>MP</arg>
<arg>MQ</arg>
<arg>MR</arg>
<arg>MS</arg>
<arg>MT</arg>
<arg>MU</arg>
<arg>MV</arg>
<arg>MW</arg>
<arg>MX</arg>
<arg>MY</arg>
<arg>MZ</arg>
<arg>NA</arg>
<arg>NC</arg>
<arg>NE</arg>
<arg>NF</arg>
<arg>NG</arg>
<arg>NI</arg>
<arg>NL</arg>
<arg>NO</arg>
<arg>NP</arg>
<arg>NR</arg>
<arg>NU</arg>
<arg>NZ</arg>
<arg>OM</arg>
<arg>PA</arg>
<arg>PE</arg>
<arg>PF</arg>
<arg>PG</arg>
<arg>PH</arg>
<arg>PK</arg>
<arg>PL</arg>
<arg>PM</arg>
<arg>PN</arg>
<arg>PR</arg>
<arg>PS</arg>
<arg>PT</arg>
<arg>PW</arg>
<arg>PY</arg>
<arg>QA</arg>
<arg>RE</arg>
<arg>RO</arg>
<arg>RS</arg>
<arg>RU</arg>
<arg>RW</arg>
<arg>SA</arg>
<arg>SB</arg>
<arg>SC</arg>
<arg>SD</arg>
<arg>SE</arg>
<arg>SG</arg>
<arg>SH</arg>
<arg>SI</arg>
<arg>SJ</arg>
<arg>SK</arg>
<arg>SL</arg>
<arg>SM</arg>
<arg>SN</arg>
<arg>SO</arg>
<arg>SR</arg>
<arg>SS</arg>
<arg>ST</arg>
<arg>SV</arg>
<arg>SX</arg>
<arg>SY</arg>
<arg>SZ</arg>
<arg>TC</arg>
<arg>TD</arg>
<arg>TF</arg>
<arg>TG</arg>
<arg>TH</arg>
<arg>TJ</arg>
<arg>TK</arg>
<arg>TL</arg>
<arg>TM</arg>
<arg>TN</arg>
<arg>TO</arg>
<arg>TR</arg>
<arg>TT</arg>
<arg>TV</arg>
<arg>TW</arg>
<arg>TZ</arg>
<arg>UA</arg>
<arg>UG</arg>
<arg>UM</arg>
<arg>US</arg>
<arg>UY</arg>
<arg>UZ</arg>
<arg>VA</arg>
<arg>VC</arg>
<arg>VE</arg>
<arg>VG</arg>
<arg>VI</arg>
<arg>VN</arg>
<arg>VU</arg>
<arg>WF</arg>
<arg>WS</arg>
<arg>XK</arg>
<arg>YE</arg>
<arg>YT</arg>
<arg>ZA</arg>
<arg>ZM</arg>
<arg>ZW</arg>
<doc>Returns a list containing given items.</doc>
<status status="PASS" start="2024-06-09T12:26:48.250744" elapsed="0.000610"/>
</kw>
<kw name="List Should Contain Value" owner="Collections">
<msg time="2024-06-09T12:26:48.252327" level="INFO">False</msg>
<arg>${list_country}</arg>
<arg>${name_country}</arg>
<doc>Fails if the ``value`` is not found from ``list``.</doc>
<status status="PASS" start="2024-06-09T12:26:48.252126" elapsed="0.000236"/>
</kw>
<kw name="Run Keyword If" owner="BuiltIn">
<kw name="Should Be True" owner="BuiltIn">
<arg>${True}</arg>
<doc>Fails if the given condition is not true.</doc>
<status status="PASS" start="2024-06-09T12:26:48.253425" elapsed="0.000142"/>
</kw>
<arg>${json_data["results"][0]["location"]["coordinates"]["latitude"]} &gt;= -90 and ${json_data["results"][0]["location"]["coordinates"]["latitude"]} &lt;= 90</arg>
<arg>Should Be True</arg>
<arg>${True}</arg>
<doc>Runs the given keyword with the given arguments, if ``condition`` is true.</doc>
<status status="PASS" start="2024-06-09T12:26:48.252667" elapsed="0.001024"/>
</kw>
<kw name="Run Keyword If" owner="BuiltIn">
<kw name="Should Be True" owner="BuiltIn">
<arg>${True}</arg>
<doc>Fails if the given condition is not true.</doc>
<status status="PASS" start="2024-06-09T12:26:48.254573" elapsed="0.000246"/>
</kw>
<arg>${json_data["results"][0]["location"]["coordinates"]["longitude"]} &gt;= -180 and ${json_data["results"][0]["location"]["coordinates"]["longitude"]} &lt;= 180</arg>
<arg>Should Be True</arg>
<arg>${True}</arg>
<doc>Runs the given keyword with the given arguments, if ``condition`` is true.</doc>
<status status="PASS" start="2024-06-09T12:26:48.253875" elapsed="0.001069"/>
</kw>
<status status="PASS" start="2024-06-09T12:26:48.146203" elapsed="0.108875"/>
</kw>
<doc>Testa o conteúdo específico dos campos retornados pela API.</doc>
<tag>testeConteudo</tag>
<status status="PASS" start="2024-06-09T12:26:48.145792" elapsed="0.109425"/>
</test>
<status status="PASS" start="2024-06-09T12:26:47.351592" elapsed="0.905660"/>
</suite>
<status status="PASS" start="2024-06-09T12:26:47.338299" elapsed="0.925753"/>
</suite>
<statistics>
<total>
<stat pass="5" fail="0" skip="0">All Tests</stat>
</total>
<tag>
<stat pass="1" fail="0" skip="0">testeConteudo</stat>
<stat pass="1" fail="0" skip="0">testeEstruturaResposta</stat>
<stat pass="1" fail="0" skip="0">testeRequisicaoBasica</stat>
<stat pass="1" fail="0" skip="0">testeTiposDados</stat>
</tag>
<suite>
<stat pass="5" fail="0" skip="0" id="s1" name="Tests">Tests</stat>
<stat pass="5" fail="0" skip="0" id="s1-s1" name="Random-User-Test">Tests.Random-User-Test</stat>
</suite>
</statistics>
<errors>
</errors>
</robot>
