<?xml version="1.0" encoding="UTF-8"?>
<robot generator="Robot 7.0 (Python 3.12.3 on linux)" generated="2024-05-08T10:16:00.319395" rpa="false" schemaversion="5">
<suite id="s1" name="Tests" source="/home/runner/work/DesafioQAItauRogerioJordao/DesafioQAItauRogerioJordao/RamdonUser/tests">
<suite id="s1-s1" name="Random-User-Test" source="/home/runner/work/DesafioQAItauRogerioJordao/DesafioQAItauRogerioJordao/RamdonUser/tests/random-user-test.robot">
<test id="s1-s1-t1" name="Conectar" line="13">
<kw name="Conectar API" owner="random-user-service">
<kw name="Create Session" owner="RequestsLibrary">
<msg time="2024-05-08T10:16:00.673353" level="INFO">Creating Session using : alias=consultarAPI, url=https://randomuser.me/, headers={},                     cookies={}, auth=None, timeout=None, proxies=None, verify=False,                     debug=0 </msg>
<arg>consultarAPI</arg>
<arg>${URL}</arg>
<doc>Create Session: create a HTTP session to a server</doc>
<status status="PASS" start="2024-05-08T10:16:00.673156" elapsed="0.000364"/>
</kw>
<status status="PASS" start="2024-05-08T10:16:00.672201" elapsed="0.001666"/>
</kw>
<status status="PASS" start="2024-05-08T10:16:00.671630" elapsed="0.002436"/>
</test>
<test id="s1-s1-t2" name="Validar retorno 200 e JSON Válido" line="16">
<kw name="Teste de Requisicao Basica" owner="random-user-service">
<kw name="GET On Session" owner="RequestsLibrary">
<msg time="2024-05-08T10:16:00.738555" level="INFO">GET Request : url=https://randomuser.me/api 
 path_url=/api 
 headers={'User-Agent': 'python-requests/2.31.0', 'Accept-Encoding': 'gzip, deflate', 'Accept': '*/*', 'Connection': 'keep-alive'} 
 body=None 
 </msg>
<msg time="2024-05-08T10:16:00.738687" level="INFO">GET Response : url=https://randomuser.me/api 
 status=200, reason=OK 
 headers={'Date': 'Wed, 08 May 2024 10:16:00 GMT', 'Content-Type': 'application/json; charset=utf-8', 'Transfer-Encoding': 'chunked', 'Connection': 'keep-alive', 'X-Powered-By': 'Express', 'Access-Control-Allow-Origin': '*', 'Cache-Control': 'no-cache', 'ETag': 'W/"498-QruP3rhWGnnVfbC+coOHBKR/q7I"', 'Vary': 'Accept-Encoding', 'Content-Encoding': 'gzip', 'CF-Cache-Status': 'DYNAMIC', 'Report-To': '{"endpoints":[{"url":"https:\\/\\/a.nel.cloudflare.com\\/report\\/v4?s=b%2FMxGWLZkI0xA6%2FvOODuJvKwfkCN4jFxSf2hktqJhxviLnj%2FSjhRJ%2BywfeYFsFjul5YwRCvWq%2FVs8ZuAVbKQTPEOY%2FP57VAdDFffStWIUSOqWt5vokmSONgNqXkWSHha"}],"group":"cf-nel","max_age":604800}', 'NEL': '{"success_fraction":0,"report_to":"cf-nel","max_age":604800}', 'Server': 'cloudflare', 'CF-RAY': '8808b11c6aab3ae0-IAD', 'alt-svc': 'h3=":443"; ma=86400'} 
 body={"results":[{"gender":"female","name":{"title":"Mademoiselle","first":"Anita","last":"Adam"},"location":{"street":{"number":9944,"name":"Rue Bossuet"},"city":"Niederbüren","state":"Jura","country":"Switzerland","postcode":9521,"coordinates":{"latitude":"-64.2663","longitude":"93.6920"},"timezone":{"offset":"-8:00","description":"Pacific Time (US &amp; Canada)"}},"email":"anita.adam@example.com","login":{"uuid":"10b2f696-d8b8-4fbd-ba78-c49b77f99927","username":"orangerabbit347","password":"jimjim","salt":"FRH7SZQN","md5":"3b983c5685fefee85c2b9f16ae5d7016","sha1":"1238a772d9d192d23941ddba8551656d3ebbe1f3","sha256":"fd50e41f0ed3100a37b1640c694b3ef4b62c0efc24f3395c33f34e8b27454074"},"dob":{"date":"1977-05-25T10:04:26.242Z","age":46},"registered":{"date":"2016-06-29T04:20:51.762Z","age":7},"phone":"078 551 45 45","cell":"076 144 37 23","id":{"name":"AVS","value":"756.8384.3435.96"},"picture":{"large":"https://randomuser.me/api/portraits/women/45.jpg","medium":"https://randomuser.me/api/portraits/med/women/45.jpg","thumbnail":"https://randomuser.me/api/portraits/thumb/women/45.jpg"},"nat":"CH"}],"info":{"seed":"943dee29085c9cc1","results":1,"page":1,"version":"1.4"}} 
 </msg>
<msg time="2024-05-08T10:16:00.738781" level="INFO">/opt/hostedtoolcache/Python/3.12.3/x64/lib/python3.12/site-packages/urllib3/connectionpool.py:1103: InsecureRequestWarning: Unverified HTTPS request is being made to host 'randomuser.me'. Adding certificate verification is strongly advised. See: https://urllib3.readthedocs.io/en/latest/advanced-usage.html#tls-warnings
  warnings.warn(</msg>
<msg time="2024-05-08T10:16:00.738948" level="INFO">${response} = &lt;Response [200]&gt;</msg>
<var>${response}</var>
<arg>consultarAPI</arg>
<arg>/api</arg>
<doc>Sends a GET request on a previously created HTTP Session.</doc>
<status status="PASS" start="2024-05-08T10:16:00.676682" elapsed="0.062319"/>
</kw>
<kw name="Should Be Equal As Numbers" owner="BuiltIn">
<msg time="2024-05-08T10:16:00.739957" level="INFO">Argument types are:
&lt;class 'int'&gt;
&lt;class 'str'&gt;</msg>
<arg>${response.status_code}</arg>
<arg>200</arg>
<doc>Fails if objects are unequal after converting them to real numbers.</doc>
<status status="PASS" start="2024-05-08T10:16:00.739528" elapsed="0.000492"/>
</kw>
<kw name="Log" owner="BuiltIn">
<msg time="2024-05-08T10:16:00.740710" level="INFO">200</msg>
<arg>${response.status_code}</arg>
<doc>Logs the given message with the given level.</doc>
<status status="PASS" start="2024-05-08T10:16:00.740352" elapsed="0.000433"/>
</kw>
<kw name="Set Variable" owner="BuiltIn">
<msg time="2024-05-08T10:16:00.741535" level="INFO">${json_data} = {'results': [{'gender': 'female', 'name': {'title': 'Mademoiselle', 'first': 'Anita', 'last': 'Adam'}, 'location': {'street': {'number': 9944, 'name': 'Rue Bossuet'}, 'city': 'Niederbüren', 'state': '...</msg>
<var>${json_data}</var>
<arg>${response.json()}</arg>
<doc>Returns the given values which can then be assigned to a variables.</doc>
<status status="PASS" start="2024-05-08T10:16:00.741094" elapsed="0.000470"/>
</kw>
<kw name="Dictionary Should Contain Key" owner="Collections">
<msg time="2024-05-08T10:16:00.742050" level="INFO">False</msg>
<arg>${json_data}</arg>
<arg>results</arg>
<doc>Fails if ``key`` is not found from ``dictionary``.</doc>
<status status="PASS" start="2024-05-08T10:16:00.741879" elapsed="0.000211"/>
</kw>
<status status="PASS" start="2024-05-08T10:16:00.676439" elapsed="0.065901"/>
</kw>
<doc>Testa se a API responde corretamente e retorna um objeto JSON válido.</doc>
<tag>testeRequisicaoBasica</tag>
<status status="PASS" start="2024-05-08T10:16:00.675926" elapsed="0.066579"/>
</test>
<test id="s1-s1-t3" name="Validar estrutura de resposta" line="22">
<kw name="Teste de Estrutura de Resposta" owner="random-user-service">
<kw name="GET On Session" owner="RequestsLibrary">
<msg time="2024-05-08T10:16:00.837539" level="INFO">GET Request : url=https://randomuser.me/api 
 path_url=/api 
 headers={'User-Agent': 'python-requests/2.31.0', 'Accept-Encoding': 'gzip, deflate', 'Accept': '*/*', 'Connection': 'keep-alive'} 
 body=None 
 </msg>
<msg time="2024-05-08T10:16:00.837626" level="INFO">GET Response : url=https://randomuser.me/api 
 status=200, reason=OK 
 headers={'Date': 'Wed, 08 May 2024 10:16:00 GMT', 'Content-Type': 'application/json; charset=utf-8', 'Transfer-Encoding': 'chunked', 'Connection': 'keep-alive', 'X-Powered-By': 'Express', 'Access-Control-Allow-Origin': '*', 'Cache-Control': 'no-cache', 'ETag': 'W/"4a1-jlmNhYy4MWYm4V4nFG214pKoFsI"', 'Vary': 'Accept-Encoding', 'Content-Encoding': 'gzip', 'CF-Cache-Status': 'DYNAMIC', 'Report-To': '{"endpoints":[{"url":"https:\\/\\/a.nel.cloudflare.com\\/report\\/v4?s=dRjZFcI5rucJK4%2FVwSGb4Gz225x3QrNZ3VJA%2BvKuK2O91S5pSSOplnM2yWdwGtfeXQfpKBXpmjTThzS0eALeSevL8QrdYOgPIWhQWoxeFcrOXPUewsreMkOv8jdGcxYb"}],"group":"cf-nel","max_age":604800}', 'NEL': '{"success_fraction":0,"report_to":"cf-nel","max_age":604800}', 'Server': 'cloudflare', 'CF-RAY': '8808b11caaf53ae0-IAD', 'alt-svc': 'h3=":443"; ma=86400'} 
 body={"results":[{"gender":"female","name":{"title":"Mrs","first":"Juliette","last":"Perez"},"location":{"street":{"number":7723,"name":"Rue du Cardinal-Gerlier"},"city":"Perpignan","state":"Rhône","country":"France","postcode":76913,"coordinates":{"latitude":"-18.8218","longitude":"48.4196"},"timezone":{"offset":"-8:00","description":"Pacific Time (US &amp; Canada)"}},"email":"juliette.perez@example.com","login":{"uuid":"7c92ccbc-b163-4abb-905d-586330a44a5e","username":"smallgoose592","password":"fiddle","salt":"hxpOTRMa","md5":"04d3e8e610eb34665a40bad789b51c38","sha1":"a5b00c449792f744fe37a18a8e702ac21fceef51","sha256":"9f5423e402d453b49de45df2d71abc4d86c262895c4c6abd9b96745f436ca1f9"},"dob":{"date":"1966-04-24T17:51:11.912Z","age":58},"registered":{"date":"2006-05-31T08:03:54.866Z","age":17},"phone":"01-62-26-39-43","cell":"06-84-98-40-81","id":{"name":"INSEE","value":"2660334771337 71"},"picture":{"large":"https://randomuser.me/api/portraits/women/20.jpg","medium":"https://randomuser.me/api/portraits/med/women/20.jpg","thumbnail":"https://randomuser.me/api/portraits/thumb/women/20.jpg"},"nat":"FR"}],"info":{"seed":"c827001722fd5bd0","results":1,"page":1,"version":"1.4"}} 
 </msg>
<msg time="2024-05-08T10:16:00.837767" level="INFO">/opt/hostedtoolcache/Python/3.12.3/x64/lib/python3.12/site-packages/urllib3/connectionpool.py:1103: InsecureRequestWarning: Unverified HTTPS request is being made to host 'randomuser.me'. Adding certificate verification is strongly advised. See: https://urllib3.readthedocs.io/en/latest/advanced-usage.html#tls-warnings
  warnings.warn(</msg>
<msg time="2024-05-08T10:16:00.837915" level="INFO">${response} = &lt;Response [200]&gt;</msg>
<var>${response}</var>
<arg>consultarAPI</arg>
<arg>/api</arg>
<doc>Sends a GET request on a previously created HTTP Session.</doc>
<status status="PASS" start="2024-05-08T10:16:00.745356" elapsed="0.092614"/>
</kw>
<kw name="Set Variable" owner="BuiltIn">
<msg time="2024-05-08T10:16:00.838836" level="INFO">${json_data} = {'results': [{'gender': 'female', 'name': {'title': 'Mrs', 'first': 'Juliette', 'last': 'Perez'}, 'location': {'street': {'number': 7723, 'name': 'Rue du Cardinal-Gerlier'}, 'city': 'Perpignan', 'stat...</msg>
<var>${json_data}</var>
<arg>${response.json()}</arg>
<doc>Returns the given values which can then be assigned to a variables.</doc>
<status status="PASS" start="2024-05-08T10:16:00.838387" elapsed="0.000477"/>
</kw>
<kw name="Log" owner="BuiltIn">
<msg time="2024-05-08T10:16:00.839323" level="INFO">{'results': [{'gender': 'female', 'name': {'title': 'Mrs', 'first': 'Juliette', 'last': 'Perez'}, 'location': {'street': {'number': 7723, 'name': 'Rue du Cardinal-Gerlier'}, 'city': 'Perpignan', 'state': 'Rhône', 'country': 'France', 'postcode': 76913, 'coordinates': {'latitude': '-18.8218', 'longitude': '48.4196'}, 'timezone': {'offset': '-8:00', 'description': 'Pacific Time (US &amp; Canada)'}}, 'email': 'juliette.perez@example.com', 'login': {'uuid': '7c92ccbc-b163-4abb-905d-586330a44a5e', 'username': 'smallgoose592', 'password': 'fiddle', 'salt': 'hxpOTRMa', 'md5': '04d3e8e610eb34665a40bad789b51c38', 'sha1': 'a5b00c449792f744fe37a18a8e702ac21fceef51', 'sha256': '9f5423e402d453b49de45df2d71abc4d86c262895c4c6abd9b96745f436ca1f9'}, 'dob': {'date': '1966-04-24T17:51:11.912Z', 'age': 58}, 'registered': {'date': '2006-05-31T08:03:54.866Z', 'age': 17}, 'phone': '01-62-26-39-43', 'cell': '06-84-98-40-81', 'id': {'name': 'INSEE', 'value': '2660334771337 71'}, 'picture': {'large': 'https://randomuser.me/api/portraits/women/20.jpg', 'medium': 'https://randomuser.me/api/portraits/med/women/20.jpg', 'thumbnail': 'https://randomuser.me/api/portraits/thumb/women/20.jpg'}, 'nat': 'FR'}], 'info': {'seed': 'c827001722fd5bd0', 'results': 1, 'page': 1, 'version': '1.4'}}</msg>
<arg>${json_data}</arg>
<doc>Logs the given message with the given level.</doc>
<status status="PASS" start="2024-05-08T10:16:00.839165" elapsed="0.000209"/>
</kw>
<kw name="Dictionary Should Contain Key" owner="Collections">
<msg time="2024-05-08T10:16:00.839815" level="INFO">False</msg>
<arg>${json_data}</arg>
<arg>results</arg>
<doc>Fails if ``key`` is not found from ``dictionary``.</doc>
<status status="PASS" start="2024-05-08T10:16:00.839662" elapsed="0.000189"/>
</kw>
<kw name="Should Not Be Empty" owner="BuiltIn">
<msg time="2024-05-08T10:16:00.840272" level="INFO">Length is 2.</msg>
<arg>${json_data}</arg>
<doc>Verifies that the given item is not empty.</doc>
<status status="PASS" start="2024-05-08T10:16:00.840139" elapsed="0.000286"/>
</kw>
<kw name="Create List" owner="BuiltIn">
<msg time="2024-05-08T10:16:00.840903" level="INFO">${expected_keys} = ['gender', 'name', 'location', 'email', 'login']</msg>
<var>${expected_keys}</var>
<arg>gender</arg>
<arg>name</arg>
<arg>location</arg>
<arg>email</arg>
<arg>login</arg>
<doc>Returns a list containing given items.</doc>
<status status="PASS" start="2024-05-08T10:16:00.840715" elapsed="0.000212"/>
</kw>
<for flavor="IN">
<iter>
<kw name="Dictionary Should Contain Key" owner="Collections">
<msg time="2024-05-08T10:16:00.841869" level="INFO">False</msg>
<arg>${json_data['results'][0]}</arg>
<arg>${key}</arg>
<doc>Fails if ``key`` is not found from ``dictionary``.</doc>
<status status="PASS" start="2024-05-08T10:16:00.841469" elapsed="0.000438"/>
</kw>
<kw name="Log" owner="BuiltIn">
<msg time="2024-05-08T10:16:00.842573" level="INFO">{'gender': 'female', 'name': {'title': 'Mrs', 'first': 'Juliette', 'last': 'Perez'}, 'location': {'street': {'number': 7723, 'name': 'Rue du Cardinal-Gerlier'}, 'city': 'Perpignan', 'state': 'Rhône', 'country': 'France', 'postcode': 76913, 'coordinates': {'latitude': '-18.8218', 'longitude': '48.4196'}, 'timezone': {'offset': '-8:00', 'description': 'Pacific Time (US &amp; Canada)'}}, 'email': 'juliette.perez@example.com', 'login': {'uuid': '7c92ccbc-b163-4abb-905d-586330a44a5e', 'username': 'smallgoose592', 'password': 'fiddle', 'salt': 'hxpOTRMa', 'md5': '04d3e8e610eb34665a40bad789b51c38', 'sha1': 'a5b00c449792f744fe37a18a8e702ac21fceef51', 'sha256': '9f5423e402d453b49de45df2d71abc4d86c262895c4c6abd9b96745f436ca1f9'}, 'dob': {'date': '1966-04-24T17:51:11.912Z', 'age': 58}, 'registered': {'date': '2006-05-31T08:03:54.866Z', 'age': 17}, 'phone': '01-62-26-39-43', 'cell': '06-84-98-40-81', 'id': {'name': 'INSEE', 'value': '2660334771337 71'}, 'picture': {'large': 'https://randomuser.me/api/portraits/women/20.jpg', 'medium': 'https://randomuser.me/api/portraits/med/women/20.jpg', 'thumbnail': 'https://randomuser.me/api/portraits/thumb/women/20.jpg'}, 'nat': 'FR'}</msg>
<arg>${json_data['results'][0]}</arg>
<doc>Logs the given message with the given level.</doc>
<status status="PASS" start="2024-05-08T10:16:00.842204" elapsed="0.000420"/>
</kw>
<kw name="Log" owner="BuiltIn">
<msg time="2024-05-08T10:16:00.843047" level="INFO">gender</msg>
<arg>${key}</arg>
<doc>Logs the given message with the given level.</doc>
<status status="PASS" start="2024-05-08T10:16:00.842920" elapsed="0.000163"/>
</kw>
<var name="${key}">gender</var>
<status status="PASS" start="2024-05-08T10:16:00.841348" elapsed="0.001945"/>
</iter>
<iter>
<kw name="Dictionary Should Contain Key" owner="Collections">
<msg time="2024-05-08T10:16:00.843966" level="INFO">False</msg>
<arg>${json_data['results'][0]}</arg>
<arg>${key}</arg>
<doc>Fails if ``key`` is not found from ``dictionary``.</doc>
<status status="PASS" start="2024-05-08T10:16:00.843589" elapsed="0.000413"/>
</kw>
<kw name="Log" owner="BuiltIn">
<msg time="2024-05-08T10:16:00.844679" level="INFO">{'gender': 'female', 'name': {'title': 'Mrs', 'first': 'Juliette', 'last': 'Perez'}, 'location': {'street': {'number': 7723, 'name': 'Rue du Cardinal-Gerlier'}, 'city': 'Perpignan', 'state': 'Rhône', 'country': 'France', 'postcode': 76913, 'coordinates': {'latitude': '-18.8218', 'longitude': '48.4196'}, 'timezone': {'offset': '-8:00', 'description': 'Pacific Time (US &amp; Canada)'}}, 'email': 'juliette.perez@example.com', 'login': {'uuid': '7c92ccbc-b163-4abb-905d-586330a44a5e', 'username': 'smallgoose592', 'password': 'fiddle', 'salt': 'hxpOTRMa', 'md5': '04d3e8e610eb34665a40bad789b51c38', 'sha1': 'a5b00c449792f744fe37a18a8e702ac21fceef51', 'sha256': '9f5423e402d453b49de45df2d71abc4d86c262895c4c6abd9b96745f436ca1f9'}, 'dob': {'date': '1966-04-24T17:51:11.912Z', 'age': 58}, 'registered': {'date': '2006-05-31T08:03:54.866Z', 'age': 17}, 'phone': '01-62-26-39-43', 'cell': '06-84-98-40-81', 'id': {'name': 'INSEE', 'value': '2660334771337 71'}, 'picture': {'large': 'https://randomuser.me/api/portraits/women/20.jpg', 'medium': 'https://randomuser.me/api/portraits/med/women/20.jpg', 'thumbnail': 'https://randomuser.me/api/portraits/thumb/women/20.jpg'}, 'nat': 'FR'}</msg>
<arg>${json_data['results'][0]}</arg>
<doc>Logs the given message with the given level.</doc>
<status status="PASS" start="2024-05-08T10:16:00.844319" elapsed="0.000432"/>
</kw>
<kw name="Log" owner="BuiltIn">
<msg time="2024-05-08T10:16:00.845179" level="INFO">name</msg>
<arg>${key}</arg>
<doc>Logs the given message with the given level.</doc>
<status status="PASS" start="2024-05-08T10:16:00.845052" elapsed="0.000164"/>
</kw>
<var name="${key}">name</var>
<status status="PASS" start="2024-05-08T10:16:00.843474" elapsed="0.001954"/>
</iter>
<iter>
<kw name="Dictionary Should Contain Key" owner="Collections">
<msg time="2024-05-08T10:16:00.846109" level="INFO">False</msg>
<arg>${json_data['results'][0]}</arg>
<arg>${key}</arg>
<doc>Fails if ``key`` is not found from ``dictionary``.</doc>
<status status="PASS" start="2024-05-08T10:16:00.845717" elapsed="0.000428"/>
</kw>
<kw name="Log" owner="BuiltIn">
<msg time="2024-05-08T10:16:00.846801" level="INFO">{'gender': 'female', 'name': {'title': 'Mrs', 'first': 'Juliette', 'last': 'Perez'}, 'location': {'street': {'number': 7723, 'name': 'Rue du Cardinal-Gerlier'}, 'city': 'Perpignan', 'state': 'Rhône', 'country': 'France', 'postcode': 76913, 'coordinates': {'latitude': '-18.8218', 'longitude': '48.4196'}, 'timezone': {'offset': '-8:00', 'description': 'Pacific Time (US &amp; Canada)'}}, 'email': 'juliette.perez@example.com', 'login': {'uuid': '7c92ccbc-b163-4abb-905d-586330a44a5e', 'username': 'smallgoose592', 'password': 'fiddle', 'salt': 'hxpOTRMa', 'md5': '04d3e8e610eb34665a40bad789b51c38', 'sha1': 'a5b00c449792f744fe37a18a8e702ac21fceef51', 'sha256': '9f5423e402d453b49de45df2d71abc4d86c262895c4c6abd9b96745f436ca1f9'}, 'dob': {'date': '1966-04-24T17:51:11.912Z', 'age': 58}, 'registered': {'date': '2006-05-31T08:03:54.866Z', 'age': 17}, 'phone': '01-62-26-39-43', 'cell': '06-84-98-40-81', 'id': {'name': 'INSEE', 'value': '2660334771337 71'}, 'picture': {'large': 'https://randomuser.me/api/portraits/women/20.jpg', 'medium': 'https://randomuser.me/api/portraits/med/women/20.jpg', 'thumbnail': 'https://randomuser.me/api/portraits/thumb/women/20.jpg'}, 'nat': 'FR'}</msg>
<arg>${json_data['results'][0]}</arg>
<doc>Logs the given message with the given level.</doc>
<status status="PASS" start="2024-05-08T10:16:00.846438" elapsed="0.000411"/>
</kw>
<kw name="Log" owner="BuiltIn">
<msg time="2024-05-08T10:16:00.847265" level="INFO">location</msg>
<arg>${key}</arg>
<doc>Logs the given message with the given level.</doc>
<status status="PASS" start="2024-05-08T10:16:00.847140" elapsed="0.000162"/>
</kw>
<var name="${key}">location</var>
<status status="PASS" start="2024-05-08T10:16:00.845604" elapsed="0.001908"/>
</iter>
<iter>
<kw name="Dictionary Should Contain Key" owner="Collections">
<msg time="2024-05-08T10:16:00.848175" level="INFO">False</msg>
<arg>${json_data['results'][0]}</arg>
<arg>${key}</arg>
<doc>Fails if ``key`` is not found from ``dictionary``.</doc>
<status status="PASS" start="2024-05-08T10:16:00.847794" elapsed="0.000425"/>
</kw>
<kw name="Log" owner="BuiltIn">
<msg time="2024-05-08T10:16:00.848909" level="INFO">{'gender': 'female', 'name': {'title': 'Mrs', 'first': 'Juliette', 'last': 'Perez'}, 'location': {'street': {'number': 7723, 'name': 'Rue du Cardinal-Gerlier'}, 'city': 'Perpignan', 'state': 'Rhône', 'country': 'France', 'postcode': 76913, 'coordinates': {'latitude': '-18.8218', 'longitude': '48.4196'}, 'timezone': {'offset': '-8:00', 'description': 'Pacific Time (US &amp; Canada)'}}, 'email': 'juliette.perez@example.com', 'login': {'uuid': '7c92ccbc-b163-4abb-905d-586330a44a5e', 'username': 'smallgoose592', 'password': 'fiddle', 'salt': 'hxpOTRMa', 'md5': '04d3e8e610eb34665a40bad789b51c38', 'sha1': 'a5b00c449792f744fe37a18a8e702ac21fceef51', 'sha256': '9f5423e402d453b49de45df2d71abc4d86c262895c4c6abd9b96745f436ca1f9'}, 'dob': {'date': '1966-04-24T17:51:11.912Z', 'age': 58}, 'registered': {'date': '2006-05-31T08:03:54.866Z', 'age': 17}, 'phone': '01-62-26-39-43', 'cell': '06-84-98-40-81', 'id': {'name': 'INSEE', 'value': '2660334771337 71'}, 'picture': {'large': 'https://randomuser.me/api/portraits/women/20.jpg', 'medium': 'https://randomuser.me/api/portraits/med/women/20.jpg', 'thumbnail': 'https://randomuser.me/api/portraits/thumb/women/20.jpg'}, 'nat': 'FR'}</msg>
<arg>${json_data['results'][0]}</arg>
<doc>Logs the given message with the given level.</doc>
<status status="PASS" start="2024-05-08T10:16:00.848524" elapsed="0.000435"/>
</kw>
<kw name="Log" owner="BuiltIn">
<msg time="2024-05-08T10:16:00.849381" level="INFO">email</msg>
<arg>${key}</arg>
<doc>Logs the given message with the given level.</doc>
<status status="PASS" start="2024-05-08T10:16:00.849255" elapsed="0.000163"/>
</kw>
<var name="${key}">email</var>
<status status="PASS" start="2024-05-08T10:16:00.847684" elapsed="0.001946"/>
</iter>
<iter>
<kw name="Dictionary Should Contain Key" owner="Collections">
<msg time="2024-05-08T10:16:00.850294" level="INFO">False</msg>
<arg>${json_data['results'][0]}</arg>
<arg>${key}</arg>
<doc>Fails if ``key`` is not found from ``dictionary``.</doc>
<status status="PASS" start="2024-05-08T10:16:00.849910" elapsed="0.000420"/>
</kw>
<kw name="Log" owner="BuiltIn">
<msg time="2024-05-08T10:16:00.850995" level="INFO">{'gender': 'female', 'name': {'title': 'Mrs', 'first': 'Juliette', 'last': 'Perez'}, 'location': {'street': {'number': 7723, 'name': 'Rue du Cardinal-Gerlier'}, 'city': 'Perpignan', 'state': 'Rhône', 'country': 'France', 'postcode': 76913, 'coordinates': {'latitude': '-18.8218', 'longitude': '48.4196'}, 'timezone': {'offset': '-8:00', 'description': 'Pacific Time (US &amp; Canada)'}}, 'email': 'juliette.perez@example.com', 'login': {'uuid': '7c92ccbc-b163-4abb-905d-586330a44a5e', 'username': 'smallgoose592', 'password': 'fiddle', 'salt': 'hxpOTRMa', 'md5': '04d3e8e610eb34665a40bad789b51c38', 'sha1': 'a5b00c449792f744fe37a18a8e702ac21fceef51', 'sha256': '9f5423e402d453b49de45df2d71abc4d86c262895c4c6abd9b96745f436ca1f9'}, 'dob': {'date': '1966-04-24T17:51:11.912Z', 'age': 58}, 'registered': {'date': '2006-05-31T08:03:54.866Z', 'age': 17}, 'phone': '01-62-26-39-43', 'cell': '06-84-98-40-81', 'id': {'name': 'INSEE', 'value': '2660334771337 71'}, 'picture': {'large': 'https://randomuser.me/api/portraits/women/20.jpg', 'medium': 'https://randomuser.me/api/portraits/med/women/20.jpg', 'thumbnail': 'https://randomuser.me/api/portraits/thumb/women/20.jpg'}, 'nat': 'FR'}</msg>
<arg>${json_data['results'][0]}</arg>
<doc>Logs the given message with the given level.</doc>
<status status="PASS" start="2024-05-08T10:16:00.850621" elapsed="0.000425"/>
</kw>
<kw name="Log" owner="BuiltIn">
<msg time="2024-05-08T10:16:00.851466" level="INFO">login</msg>
<arg>${key}</arg>
<doc>Logs the given message with the given level.</doc>
<status status="PASS" start="2024-05-08T10:16:00.851339" elapsed="0.000201"/>
</kw>
<var name="${key}">login</var>
<status status="PASS" start="2024-05-08T10:16:00.849801" elapsed="0.001959"/>
</iter>
<var>${key}</var>
<value>@{expected_keys}</value>
<status status="PASS" start="2024-05-08T10:16:00.841175" elapsed="0.010706"/>
</for>
<kw name="Create List" owner="BuiltIn">
<msg time="2024-05-08T10:16:00.852206" level="INFO">${expected_keysTwo} = ['username', 'password']</msg>
<var>${expected_keysTwo}</var>
<arg>username</arg>
<arg>password</arg>
<doc>Returns a list containing given items.</doc>
<status status="PASS" start="2024-05-08T10:16:00.852071" elapsed="0.000158"/>
</kw>
<for flavor="IN">
<iter>
<kw name="Dictionary Should Contain Key" owner="Collections">
<msg time="2024-05-08T10:16:00.853128" level="INFO">False</msg>
<arg>${json_data['results'][0]['login']}</arg>
<arg>${keyTwo}</arg>
<doc>Fails if ``key`` is not found from ``dictionary``.</doc>
<status status="PASS" start="2024-05-08T10:16:00.852739" elapsed="0.000425"/>
</kw>
<kw name="Dictionary Should Contain Key" owner="Collections">
<msg time="2024-05-08T10:16:00.853834" level="INFO">False</msg>
<arg>${json_data['results'][0]['login']}</arg>
<arg>${keyTwo}</arg>
<doc>Fails if ``key`` is not found from ``dictionary``.</doc>
<status status="PASS" start="2024-05-08T10:16:00.853457" elapsed="0.000414"/>
</kw>
<kw name="Log" owner="BuiltIn">
<msg time="2024-05-08T10:16:00.854284" level="INFO">username</msg>
<arg>${keyTwo}</arg>
<doc>Logs the given message with the given level.</doc>
<status status="PASS" start="2024-05-08T10:16:00.854157" elapsed="0.000168"/>
</kw>
<var name="${keyTwo}">username</var>
<status status="PASS" start="2024-05-08T10:16:00.852611" elapsed="0.001923"/>
</iter>
<iter>
<kw name="Dictionary Should Contain Key" owner="Collections">
<msg time="2024-05-08T10:16:00.855271" level="INFO">False</msg>
<arg>${json_data['results'][0]['login']}</arg>
<arg>${keyTwo}</arg>
<doc>Fails if ``key`` is not found from ``dictionary``.</doc>
<status status="PASS" start="2024-05-08T10:16:00.854815" elapsed="0.000495"/>
</kw>
<kw name="Dictionary Should Contain Key" owner="Collections">
<msg time="2024-05-08T10:16:00.856028" level="INFO">False</msg>
<arg>${json_data['results'][0]['login']}</arg>
<arg>${keyTwo}</arg>
<doc>Fails if ``key`` is not found from ``dictionary``.</doc>
<status status="PASS" start="2024-05-08T10:16:00.855617" elapsed="0.000447"/>
</kw>
<kw name="Log" owner="BuiltIn">
<msg time="2024-05-08T10:16:00.856482" level="INFO">password</msg>
<arg>${keyTwo}</arg>
<doc>Logs the given message with the given level.</doc>
<status status="PASS" start="2024-05-08T10:16:00.856356" elapsed="0.000163"/>
</kw>
<var name="${keyTwo}">password</var>
<status status="PASS" start="2024-05-08T10:16:00.854703" elapsed="0.002068"/>
</iter>
<var>${keyTwo}</var>
<value>@{expected_keysTwo}</value>
<status status="PASS" start="2024-05-08T10:16:00.852460" elapsed="0.004439"/>
</for>
<status status="PASS" start="2024-05-08T10:16:00.745034" elapsed="0.112031"/>
</kw>
<doc>Testa a estrutura da resposta da API.</doc>
<tag>testeEstruturaResposta</tag>
<status status="PASS" start="2024-05-08T10:16:00.744293" elapsed="0.112922"/>
</test>
<test id="s1-s1-t4" name="Validar tipos de dados" line="28">
<kw name="Teste de Tipos de Dados" owner="random-user-service">
<kw name="GET On Session" owner="RequestsLibrary">
<msg time="2024-05-08T10:16:00.937568" level="INFO">GET Request : url=https://randomuser.me/api 
 path_url=/api 
 headers={'User-Agent': 'python-requests/2.31.0', 'Accept-Encoding': 'gzip, deflate', 'Accept': '*/*', 'Connection': 'keep-alive'} 
 body=None 
 </msg>
<msg time="2024-05-08T10:16:00.937644" level="INFO">GET Response : url=https://randomuser.me/api 
 status=200, reason=OK 
 headers={'Date': 'Wed, 08 May 2024 10:16:00 GMT', 'Content-Type': 'application/json; charset=utf-8', 'Transfer-Encoding': 'chunked', 'Connection': 'keep-alive', 'X-Powered-By': 'Express', 'Access-Control-Allow-Origin': '*', 'Cache-Control': 'no-cache', 'ETag': 'W/"484-N5xYNhsNrT5FOnunj/Fd2dRKY/0"', 'Vary': 'Accept-Encoding', 'Content-Encoding': 'gzip', 'CF-Cache-Status': 'DYNAMIC', 'Report-To': '{"endpoints":[{"url":"https:\\/\\/a.nel.cloudflare.com\\/report\\/v4?s=mJnQjmSG5%2BRVH4ppVametpY9LNjH0Y2EpWsQFeNi0sUU4UEAQHn8wm6v5nuHSdghpPtPgIEll%2B3kGp%2BcPBe048tLpX1%2B%2FCnqeOMp1asPPKINEFVxxTZKErNG8YtlNb3u"}],"group":"cf-nel","max_age":604800}', 'NEL': '{"success_fraction":0,"report_to":"cf-nel","max_age":604800}', 'Server': 'cloudflare', 'CF-RAY': '8808b11d6bb33ae0-IAD', 'alt-svc': 'h3=":443"; ma=86400'} 
 body={"results":[{"gender":"male","name":{"title":"Mr","first":"Eduardo","last":"Ray"},"location":{"street":{"number":734,"name":"Pecan Acres Ln"},"city":"Albury","state":"Tasmania","country":"Australia","postcode":3091,"coordinates":{"latitude":"-88.8483","longitude":"-167.4184"},"timezone":{"offset":"-8:00","description":"Pacific Time (US &amp; Canada)"}},"email":"eduardo.ray@example.com","login":{"uuid":"4b2191bc-a5bf-4d2f-9231-ce53a04c9382","username":"brownbutterfly801","password":"bluefish","salt":"QtT03k9K","md5":"aaef4a9136fff3735238f32458946ddf","sha1":"9cb6c3bd862cea39469bf3422a6b44f80f5f3e02","sha256":"79a2b1e2438b62abc3b43e3a9d377e94eba288aa1a025c8b61db91b6f3bcdfd4"},"dob":{"date":"1997-03-16T20:11:31.599Z","age":27},"registered":{"date":"2008-12-23T11:36:08.127Z","age":15},"phone":"06-0276-2518","cell":"0456-117-776","id":{"name":"TFN","value":"096717060"},"picture":{"large":"https://randomuser.me/api/portraits/men/22.jpg","medium":"https://randomuser.me/api/portraits/med/men/22.jpg","thumbnail":"https://randomuser.me/api/portraits/thumb/men/22.jpg"},"nat":"AU"}],"info":{"seed":"2057a852f729fa08","results":1,"page":1,"version":"1.4"}} 
 </msg>
<msg time="2024-05-08T10:16:00.937711" level="INFO">/opt/hostedtoolcache/Python/3.12.3/x64/lib/python3.12/site-packages/urllib3/connectionpool.py:1103: InsecureRequestWarning: Unverified HTTPS request is being made to host 'randomuser.me'. Adding certificate verification is strongly advised. See: https://urllib3.readthedocs.io/en/latest/advanced-usage.html#tls-warnings
  warnings.warn(</msg>
<msg time="2024-05-08T10:16:00.937834" level="INFO">${response} = &lt;Response [200]&gt;</msg>
<var>${response}</var>
<arg>consultarAPI</arg>
<arg>/api</arg>
<doc>Sends a GET request on a previously created HTTP Session.</doc>
<status status="PASS" start="2024-05-08T10:16:00.859669" elapsed="0.078213"/>
</kw>
<kw name="Set Variable" owner="BuiltIn">
<msg time="2024-05-08T10:16:00.938799" level="INFO">${json_data} = {'results': [{'gender': 'male', 'name': {'title': 'Mr', 'first': 'Eduardo', 'last': 'Ray'}, 'location': {'street': {'number': 734, 'name': 'Pecan Acres Ln'}, 'city': 'Albury', 'state': 'Tasmania', 'co...</msg>
<var>${json_data}</var>
<arg>${response.json()}</arg>
<doc>Returns the given values which can then be assigned to a variables.</doc>
<status status="PASS" start="2024-05-08T10:16:00.938335" elapsed="0.000491"/>
</kw>
<kw name="Log" owner="BuiltIn">
<msg time="2024-05-08T10:16:00.939276" level="INFO">{'results': [{'gender': 'male', 'name': {'title': 'Mr', 'first': 'Eduardo', 'last': 'Ray'}, 'location': {'street': {'number': 734, 'name': 'Pecan Acres Ln'}, 'city': 'Albury', 'state': 'Tasmania', 'country': 'Australia', 'postcode': 3091, 'coordinates': {'latitude': '-88.8483', 'longitude': '-167.4184'}, 'timezone': {'offset': '-8:00', 'description': 'Pacific Time (US &amp; Canada)'}}, 'email': 'eduardo.ray@example.com', 'login': {'uuid': '4b2191bc-a5bf-4d2f-9231-ce53a04c9382', 'username': 'brownbutterfly801', 'password': 'bluefish', 'salt': 'QtT03k9K', 'md5': 'aaef4a9136fff3735238f32458946ddf', 'sha1': '9cb6c3bd862cea39469bf3422a6b44f80f5f3e02', 'sha256': '79a2b1e2438b62abc3b43e3a9d377e94eba288aa1a025c8b61db91b6f3bcdfd4'}, 'dob': {'date': '1997-03-16T20:11:31.599Z', 'age': 27}, 'registered': {'date': '2008-12-23T11:36:08.127Z', 'age': 15}, 'phone': '06-0276-2518', 'cell': '0456-117-776', 'id': {'name': 'TFN', 'value': '096717060'}, 'picture': {'large': 'https://randomuser.me/api/portraits/men/22.jpg', 'medium': 'https://randomuser.me/api/portraits/med/men/22.jpg', 'thumbnail': 'https://randomuser.me/api/portraits/thumb/men/22.jpg'}, 'nat': 'AU'}], 'info': {'seed': '2057a852f729fa08', 'results': 1, 'page': 1, 'version': '1.4'}}</msg>
<arg>${json_data}</arg>
<doc>Logs the given message with the given level.</doc>
<status status="PASS" start="2024-05-08T10:16:00.939125" elapsed="0.000230"/>
</kw>
<kw name="Should Be String" owner="String">
<arg>${json_data['results'][0]['gender']}</arg>
<doc>Fails if the given ``item`` is not a string.</doc>
<status status="PASS" start="2024-05-08T10:16:00.939650" elapsed="0.000361"/>
</kw>
<kw name="Should Match Regexp" owner="BuiltIn">
<arg>${json_data['results'][0]['email']}</arg>
<arg>^[a-zA-Z0-9._%+-]+@[a-zA-Z0-9.-]+\.[a-zA-Z]{2,}$</arg>
<doc>Fails if ``string`` does not match ``pattern`` as a regular expression.</doc>
<status status="PASS" start="2024-05-08T10:16:00.940212" elapsed="0.000496"/>
</kw>
<kw name="Should Match Regexp" owner="BuiltIn">
<arg>${json_data['results'][0]['dob']['date']}</arg>
<arg>\\d{4}-\\d{2}-\\d{2}T\\d{2}:\\d{2}:\\d{2}\\.\\d{3}Z</arg>
<doc>Fails if ``string`` does not match ``pattern`` as a regular expression.</doc>
<status status="PASS" start="2024-05-08T10:16:00.940944" elapsed="0.000496"/>
</kw>
<kw name="Should Match Regexp" owner="BuiltIn">
<arg>${json_data['results'][0]['registered']['date']}</arg>
<arg>\\d{4}-\\d{2}-\\d{2}T\\d{2}:\\d{2}:\\d{2}\\.\\d{3}Z</arg>
<doc>Fails if ``string`` does not match ``pattern`` as a regular expression.</doc>
<status status="PASS" start="2024-05-08T10:16:00.941632" elapsed="0.000366"/>
</kw>
<kw name="Should Match Regexp" owner="BuiltIn">
<arg>${json_data['results'][0]['picture']['large']}</arg>
<arg>^https?://.*\.(?:png|jpe?g|gif|bmp)$</arg>
<doc>Fails if ``string`` does not match ``pattern`` as a regular expression.</doc>
<status status="PASS" start="2024-05-08T10:16:00.942191" elapsed="0.000454"/>
</kw>
<kw name="Should Match Regexp" owner="BuiltIn">
<arg>${json_data['results'][0]['picture']['medium']}</arg>
<arg>^https?://.*\.(?:png|jpe?g|gif|bmp)$</arg>
<doc>Fails if ``string`` does not match ``pattern`` as a regular expression.</doc>
<status status="PASS" start="2024-05-08T10:16:00.942832" elapsed="0.000360"/>
</kw>
<kw name="Should Match Regexp" owner="BuiltIn">
<arg>${json_data['results'][0]['picture']['thumbnail']}</arg>
<arg>^https?://.*\.(?:png|jpe?g|gif|bmp)$</arg>
<doc>Fails if ``string`` does not match ``pattern`` as a regular expression.</doc>
<status status="PASS" start="2024-05-08T10:16:00.943380" elapsed="0.000349"/>
</kw>
<kw name="Log" owner="BuiltIn">
<msg time="2024-05-08T10:16:00.944235" level="INFO">{'large': 'https://randomuser.me/api/portraits/men/22.jpg', 'medium': 'https://randomuser.me/api/portraits/med/men/22.jpg', 'thumbnail': 'https://randomuser.me/api/portraits/thumb/men/22.jpg'}</msg>
<arg>${json_data['results'][0]['picture']}</arg>
<doc>Logs the given message with the given level.</doc>
<status status="PASS" start="2024-05-08T10:16:00.943911" elapsed="0.000366"/>
</kw>
<status status="PASS" start="2024-05-08T10:16:00.859451" elapsed="0.085082"/>
</kw>
<kw name="Teste de Tipos de Dados - Postcode" owner="random-user-service">
<kw name="GET On Session" owner="RequestsLibrary">
<msg time="2024-05-08T10:16:01.046370" level="INFO">GET Request : url=https://randomuser.me/api 
 path_url=/api 
 headers={'User-Agent': 'python-requests/2.31.0', 'Accept-Encoding': 'gzip, deflate', 'Accept': '*/*', 'Connection': 'keep-alive'} 
 body=None 
 </msg>
<msg time="2024-05-08T10:16:01.046453" level="INFO">GET Response : url=https://randomuser.me/api 
 status=200, reason=OK 
 headers={'Date': 'Wed, 08 May 2024 10:16:01 GMT', 'Content-Type': 'application/json; charset=utf-8', 'Transfer-Encoding': 'chunked', 'Connection': 'keep-alive', 'X-Powered-By': 'Express', 'Access-Control-Allow-Origin': '*', 'Cache-Control': 'no-cache', 'ETag': 'W/"48e-CwvT10F/X8tcvbWXIxHSON2yCsc"', 'Vary': 'Accept-Encoding', 'Content-Encoding': 'gzip', 'CF-Cache-Status': 'DYNAMIC', 'Report-To': '{"endpoints":[{"url":"https:\\/\\/a.nel.cloudflare.com\\/report\\/v4?s=0NVdnulOpHIUDFlXfiiV4aZ0zfsxG9jCvLTlop1SfIHI%2FEAHuTWnYICT7JG7z6FQfU%2BMIN51kH25AIP4enF22sNtT0O%2B1F0HraXHOtDm2CxtyVxozugOaZRj3fP04e5%2F"}],"group":"cf-nel","max_age":604800}', 'NEL': '{"success_fraction":0,"report_to":"cf-nel","max_age":604800}', 'Server': 'cloudflare', 'CF-RAY': '8808b11dec303ae0-IAD', 'alt-svc': 'h3=":443"; ma=86400'} 
 body={"results":[{"gender":"male","name":{"title":"Mr","first":"Wyatt","last":"Ryan"},"location":{"street":{"number":5862,"name":"Spring St"},"city":"Bowral","state":"South Australia","country":"Australia","postcode":2230,"coordinates":{"latitude":"-87.2843","longitude":"-178.1052"},"timezone":{"offset":"-6:00","description":"Central Time (US &amp; Canada), Mexico City"}},"email":"wyatt.ryan@example.com","login":{"uuid":"fc39c29e-29f0-4e8f-a07f-a3699ffe3061","username":"heavyzebra715","password":"25252525","salt":"kJ9a3F0j","md5":"14a0f19da4754252572fb2af43dd1f4c","sha1":"e1472e42509a3a27077e9f60f2984e30503739a3","sha256":"19efcc4fd1c1adbc49f4f2077ad5be77f516405787738daedbb381ec20dfcb3a"},"dob":{"date":"1958-04-14T03:37:12.521Z","age":66},"registered":{"date":"2009-11-08T09:09:36.589Z","age":14},"phone":"05-9992-0403","cell":"0428-131-642","id":{"name":"TFN","value":"404234614"},"picture":{"large":"https://randomuser.me/api/portraits/men/59.jpg","medium":"https://randomuser.me/api/portraits/med/men/59.jpg","thumbnail":"https://randomuser.me/api/portraits/thumb/men/59.jpg"},"nat":"AU"}],"info":{"seed":"e641739dde384146","results":1,"page":1,"version":"1.4"}} 
 </msg>
<msg time="2024-05-08T10:16:01.046525" level="INFO">/opt/hostedtoolcache/Python/3.12.3/x64/lib/python3.12/site-packages/urllib3/connectionpool.py:1103: InsecureRequestWarning: Unverified HTTPS request is being made to host 'randomuser.me'. Adding certificate verification is strongly advised. See: https://urllib3.readthedocs.io/en/latest/advanced-usage.html#tls-warnings
  warnings.warn(</msg>
<msg time="2024-05-08T10:16:01.046634" level="INFO">${response} = &lt;Response [200]&gt;</msg>
<var>${response}</var>
<arg>consultarAPI</arg>
<arg>/api</arg>
<doc>Sends a GET request on a previously created HTTP Session.</doc>
<status status="PASS" start="2024-05-08T10:16:00.944980" elapsed="0.101684"/>
</kw>
<kw name="Set Variable" owner="BuiltIn">
<msg time="2024-05-08T10:16:01.047458" level="INFO">${json_data} = {'results': [{'gender': 'male', 'name': {'title': 'Mr', 'first': 'Wyatt', 'last': 'Ryan'}, 'location': {'street': {'number': 5862, 'name': 'Spring St'}, 'city': 'Bowral', 'state': 'South Australia', '...</msg>
<var>${json_data}</var>
<arg>${response.json()}</arg>
<doc>Returns the given values which can then be assigned to a variables.</doc>
<status status="PASS" start="2024-05-08T10:16:01.047026" elapsed="0.000460"/>
</kw>
<kw name="Log" owner="BuiltIn">
<msg time="2024-05-08T10:16:01.047937" level="INFO">{'results': [{'gender': 'male', 'name': {'title': 'Mr', 'first': 'Wyatt', 'last': 'Ryan'}, 'location': {'street': {'number': 5862, 'name': 'Spring St'}, 'city': 'Bowral', 'state': 'South Australia', 'country': 'Australia', 'postcode': 2230, 'coordinates': {'latitude': '-87.2843', 'longitude': '-178.1052'}, 'timezone': {'offset': '-6:00', 'description': 'Central Time (US &amp; Canada), Mexico City'}}, 'email': 'wyatt.ryan@example.com', 'login': {'uuid': 'fc39c29e-29f0-4e8f-a07f-a3699ffe3061', 'username': 'heavyzebra715', 'password': '25252525', 'salt': 'kJ9a3F0j', 'md5': '14a0f19da4754252572fb2af43dd1f4c', 'sha1': 'e1472e42509a3a27077e9f60f2984e30503739a3', 'sha256': '19efcc4fd1c1adbc49f4f2077ad5be77f516405787738daedbb381ec20dfcb3a'}, 'dob': {'date': '1958-04-14T03:37:12.521Z', 'age': 66}, 'registered': {'date': '2009-11-08T09:09:36.589Z', 'age': 14}, 'phone': '05-9992-0403', 'cell': '0428-131-642', 'id': {'name': 'TFN', 'value': '404234614'}, 'picture': {'large': 'https://randomuser.me/api/portraits/men/59.jpg', 'medium': 'https://randomuser.me/api/portraits/med/men/59.jpg', 'thumbnail': 'https://randomuser.me/api/portraits/thumb/men/59.jpg'}, 'nat': 'AU'}], 'info': {'seed': 'e641739dde384146', 'results': 1, 'page': 1, 'version': '1.4'}}</msg>
<arg>${json_data}</arg>
<doc>Logs the given message with the given level.</doc>
<status status="PASS" start="2024-05-08T10:16:01.047788" elapsed="0.000226"/>
</kw>
<kw name="Should Be Equal As Numbers" owner="BuiltIn">
<arg>${json_data['results'][0]['location']['postcode']}</arg>
<arg>${json_data['results'][0]['location']['postcode']}</arg>
<doc>Fails if objects are unequal after converting them to real numbers.</doc>
<status status="PASS" start="2024-05-08T10:16:01.048426" elapsed="0.000665"/>
</kw>
<kw name="Log" owner="BuiltIn">
<msg time="2024-05-08T10:16:01.049625" level="INFO">2230</msg>
<arg>${json_data['results'][0]['location']['postcode']}</arg>
<doc>Logs the given message with the given level.</doc>
<status status="PASS" start="2024-05-08T10:16:01.049284" elapsed="0.000381"/>
</kw>
<status status="PASS" start="2024-05-08T10:16:00.944760" elapsed="0.105155"/>
</kw>
<doc>Testa se os tipos de dados na resposta da API estão corretos.</doc>
<tag>testeTiposDados</tag>
<status status="PASS" start="2024-05-08T10:16:00.858952" elapsed="0.191117"/>
</test>
<test id="s1-s1-t5" name="Validar conteudo" line="35">
<kw name="Teste de Tipos de Conteudo" owner="random-user-service">
<kw name="GET On Session" owner="RequestsLibrary">
<msg time="2024-05-08T10:16:01.140601" level="INFO">GET Request : url=https://randomuser.me/api 
 path_url=/api 
 headers={'User-Agent': 'python-requests/2.31.0', 'Accept-Encoding': 'gzip, deflate', 'Accept': '*/*', 'Connection': 'keep-alive'} 
 body=None 
 </msg>
<msg time="2024-05-08T10:16:01.140676" level="INFO">GET Response : url=https://randomuser.me/api 
 status=200, reason=OK 
 headers={'Date': 'Wed, 08 May 2024 10:16:01 GMT', 'Content-Type': 'application/json; charset=utf-8', 'Transfer-Encoding': 'chunked', 'Connection': 'keep-alive', 'X-Powered-By': 'Express', 'Access-Control-Allow-Origin': '*', 'Cache-Control': 'no-cache', 'ETag': 'W/"491-+AX8f8NU7ffRXp84kxxvTX/PdVA"', 'Vary': 'Accept-Encoding', 'Content-Encoding': 'gzip', 'CF-Cache-Status': 'DYNAMIC', 'Report-To': '{"endpoints":[{"url":"https:\\/\\/a.nel.cloudflare.com\\/report\\/v4?s=Vlzl7xqiLEFuWNIVSycwEGkHTOBrWlaMBUj%2F0r9hpUSzAJg20yG1vBY6kMSjcDbQhEP5FCzMOOuCKxx%2FLOy8ccO0O0U%2BSAi1CrDMGCGm7pWhIkYDDbKONSYQB04wYMOy"}],"group":"cf-nel","max_age":604800}', 'NEL': '{"success_fraction":0,"report_to":"cf-nel","max_age":604800}', 'Server': 'cloudflare', 'CF-RAY': '8808b11e9cce3ae0-IAD', 'alt-svc': 'h3=":443"; ma=86400'} 
 body={"results":[{"gender":"female","name":{"title":"Ms","first":"Marianne","last":"Fortin"},"location":{"street":{"number":3043,"name":"3rd St"},"city":"Georgetown","state":"Yukon","country":"Canada","postcode":"V7Y 2F5","coordinates":{"latitude":"-66.9561","longitude":"53.9661"},"timezone":{"offset":"+5:30","description":"Bombay, Calcutta, Madras, New Delhi"}},"email":"marianne.fortin@example.com","login":{"uuid":"c4fb415f-5a07-4a9c-85b4-914d483758bc","username":"brownlion164","password":"rangers1","salt":"McDOLWdt","md5":"d1727dd21249ab06e9865b5a66b3daf5","sha1":"8f6600f956c875c52877210c66b648f897dcc749","sha256":"b61daecef4f019ba681af3eda62da606bc04f70595ff9ff15dac713cd3d803a3"},"dob":{"date":"1959-08-23T01:11:34.520Z","age":64},"registered":{"date":"2019-10-20T22:08:43.171Z","age":4},"phone":"N24 I57-7820","cell":"X88 N96-0715","id":{"name":"SIN","value":"928492230"},"picture":{"large":"https://randomuser.me/api/portraits/women/27.jpg","medium":"https://randomuser.me/api/portraits/med/women/27.jpg","thumbnail":"https://randomuser.me/api/portraits/thumb/women/27.jpg"},"nat":"CA"}],"info":{"seed":"f7622763a40154ab","results":1,"page":1,"version":"1.4"}} 
 </msg>
<msg time="2024-05-08T10:16:01.140774" level="INFO">/opt/hostedtoolcache/Python/3.12.3/x64/lib/python3.12/site-packages/urllib3/connectionpool.py:1103: InsecureRequestWarning: Unverified HTTPS request is being made to host 'randomuser.me'. Adding certificate verification is strongly advised. See: https://urllib3.readthedocs.io/en/latest/advanced-usage.html#tls-warnings
  warnings.warn(</msg>
<msg time="2024-05-08T10:16:01.140865" level="INFO">${response} = &lt;Response [200]&gt;</msg>
<var>${response}</var>
<arg>consultarAPI</arg>
<arg>/api</arg>
<doc>Sends a GET request on a previously created HTTP Session.</doc>
<status status="PASS" start="2024-05-08T10:16:01.052487" elapsed="0.088419"/>
</kw>
<kw name="Set Variable" owner="BuiltIn">
<msg time="2024-05-08T10:16:01.141888" level="INFO">${json_data} = {'results': [{'gender': 'female', 'name': {'title': 'Ms', 'first': 'Marianne', 'last': 'Fortin'}, 'location': {'street': {'number': 3043, 'name': '3rd St'}, 'city': 'Georgetown', 'state': 'Yukon', 'co...</msg>
<var>${json_data}</var>
<arg>${response.json()}</arg>
<doc>Returns the given values which can then be assigned to a variables.</doc>
<status status="PASS" start="2024-05-08T10:16:01.141340" elapsed="0.000576"/>
</kw>
<kw name="Set Variable" owner="BuiltIn">
<msg time="2024-05-08T10:16:01.142603" level="INFO">${name_title} = Ms</msg>
<var>${name_title}</var>
<arg>${json_data["results"][0]["name"]["title"]}</arg>
<doc>Returns the given values which can then be assigned to a variables.</doc>
<status status="PASS" start="2024-05-08T10:16:01.142219" elapsed="0.000409"/>
</kw>
<kw name="Create List" owner="BuiltIn">
<msg time="2024-05-08T10:16:01.143068" level="INFO">${allowed_titles} = ['Mr', 'Ms', 'Miss', 'Mrs', 'Madame', 'Monsieur']</msg>
<var>${allowed_titles}</var>
<arg>Mr</arg>
<arg>Ms</arg>
<arg>Miss</arg>
<arg>Mrs</arg>
<arg>Madame</arg>
<arg>Monsieur</arg>
<doc>Returns a list containing given items.</doc>
<status status="PASS" start="2024-05-08T10:16:01.142924" elapsed="0.000169"/>
</kw>
<kw name="List Should Contain Value" owner="Collections">
<msg time="2024-05-08T10:16:01.143555" level="INFO">False</msg>
<arg>${allowed_titles}</arg>
<arg>${name_title}</arg>
<doc>Fails if the ``value`` is not found from ``list``.</doc>
<status status="PASS" start="2024-05-08T10:16:01.143389" elapsed="0.000202"/>
</kw>
<kw name="Set Variable" owner="BuiltIn">
<msg time="2024-05-08T10:16:01.144257" level="INFO">${name_country} = CA</msg>
<var>${name_country}</var>
<arg>${json_data["results"][0]["nat"]}</arg>
<doc>Returns the given values which can then be assigned to a variables.</doc>
<status status="PASS" start="2024-05-08T10:16:01.143882" elapsed="0.000411"/>
</kw>
<kw name="Create List" owner="BuiltIn">
<msg time="2024-05-08T10:16:01.145209" level="INFO">${list_country} = ['AD', 'AE', 'AF', 'AG', 'AI', 'AL', 'AM', 'AO', 'AQ', 'AR', 'AS', 'AT', 'AU', 'AW', 'AX', 'AZ', 'BA', 'BB', 'BD', 'BE', 'BF', 'BG', 'BH', 'BI', 'BJ', 'BL', 'BM', 'BN', 'BO', 'BQ', 'BR', 'BS', 'BT', '...</msg>
<var>${list_country}</var>
<arg>AD</arg>
<arg>AE</arg>
<arg>AF</arg>
<arg>AG</arg>
<arg>AI</arg>
<arg>AL</arg>
<arg>AM</arg>
<arg>AO</arg>
<arg>AQ</arg>
<arg>AR</arg>
<arg>AS</arg>
<arg>AT</arg>
<arg>AU</arg>
<arg>AW</arg>
<arg>AX</arg>
<arg>AZ</arg>
<arg>BA</arg>
<arg>BB</arg>
<arg>BD</arg>
<arg>BE</arg>
<arg>BF</arg>
<arg>BG</arg>
<arg>BH</arg>
<arg>BI</arg>
<arg>BJ</arg>
<arg>BL</arg>
<arg>BM</arg>
<arg>BN</arg>
<arg>BO</arg>
<arg>BQ</arg>
<arg>BR</arg>
<arg>BS</arg>
<arg>BT</arg>
<arg>BV</arg>
<arg>BW</arg>
<arg>BY</arg>
<arg>BZ</arg>
<arg>CA</arg>
<arg>CC</arg>
<arg>CD</arg>
<arg>CF</arg>
<arg>CG</arg>
<arg>CH</arg>
<arg>CI</arg>
<arg>CK</arg>
<arg>CL</arg>
<arg>CM</arg>
<arg>CN</arg>
<arg>CO</arg>
<arg>CR</arg>
<arg>CU</arg>
<arg>CV</arg>
<arg>CW</arg>
<arg>CX</arg>
<arg>CY</arg>
<arg>CZ</arg>
<arg>DE</arg>
<arg>DJ</arg>
<arg>DK</arg>
<arg>DM</arg>
<arg>DO</arg>
<arg>DZ</arg>
<arg>EC</arg>
<arg>EE</arg>
<arg>EG</arg>
<arg>EH</arg>
<arg>ER</arg>
<arg>ES</arg>
<arg>ET</arg>
<arg>FI</arg>
<arg>FJ</arg>
<arg>FK</arg>
<arg>FM</arg>
<arg>FO</arg>
<arg>FR</arg>
<arg>GA</arg>
<arg>GB</arg>
<arg>GD</arg>
<arg>GE</arg>
<arg>GF</arg>
<arg>GG</arg>
<arg>GH</arg>
<arg>GI</arg>
<arg>GL</arg>
<arg>GM</arg>
<arg>GN</arg>
<arg>GP</arg>
<arg>GQ</arg>
<arg>GR</arg>
<arg>GS</arg>
<arg>GT</arg>
<arg>GU</arg>
<arg>GW</arg>
<arg>GY</arg>
<arg>HK</arg>
<arg>HM</arg>
<arg>HN</arg>
<arg>HR</arg>
<arg>HT</arg>
<arg>HU</arg>
<arg>ID</arg>
<arg>IE</arg>
<arg>IL</arg>
<arg>IM</arg>
<arg>IN</arg>
<arg>IO</arg>
<arg>IQ</arg>
<arg>IR</arg>
<arg>IS</arg>
<arg>IT</arg>
<arg>JE</arg>
<arg>JM</arg>
<arg>JO</arg>
<arg>JP</arg>
<arg>KE</arg>
<arg>KG</arg>
<arg>KH</arg>
<arg>KI</arg>
<arg>KM</arg>
<arg>KN</arg>
<arg>KP</arg>
<arg>KR</arg>
<arg>KW</arg>
<arg>KY</arg>
<arg>KZ</arg>
<arg>LA</arg>
<arg>LB</arg>
<arg>LC</arg>
<arg>LI</arg>
<arg>LK</arg>
<arg>LR</arg>
<arg>LS</arg>
<arg>LT</arg>
<arg>LU</arg>
<arg>LV</arg>
<arg>LY</arg>
<arg>MA</arg>
<arg>MC</arg>
<arg>MD</arg>
<arg>ME</arg>
<arg>MF</arg>
<arg>MG</arg>
<arg>MH</arg>
<arg>MK</arg>
<arg>ML</arg>
<arg>MM</arg>
<arg>MN</arg>
<arg>MO</arg>
<arg>MP</arg>
<arg>MQ</arg>
<arg>MR</arg>
<arg>MS</arg>
<arg>MT</arg>
<arg>MU</arg>
<arg>MV</arg>
<arg>MW</arg>
<arg>MX</arg>
<arg>MY</arg>
<arg>MZ</arg>
<arg>NA</arg>
<arg>NC</arg>
<arg>NE</arg>
<arg>NF</arg>
<arg>NG</arg>
<arg>NI</arg>
<arg>NL</arg>
<arg>NO</arg>
<arg>NP</arg>
<arg>NR</arg>
<arg>NU</arg>
<arg>NZ</arg>
<arg>OM</arg>
<arg>PA</arg>
<arg>PE</arg>
<arg>PF</arg>
<arg>PG</arg>
<arg>PH</arg>
<arg>PK</arg>
<arg>PL</arg>
<arg>PM</arg>
<arg>PN</arg>
<arg>PR</arg>
<arg>PS</arg>
<arg>PT</arg>
<arg>PW</arg>
<arg>PY</arg>
<arg>QA</arg>
<arg>RE</arg>
<arg>RO</arg>
<arg>RS</arg>
<arg>RU</arg>
<arg>RW</arg>
<arg>SA</arg>
<arg>SB</arg>
<arg>SC</arg>
<arg>SD</arg>
<arg>SE</arg>
<arg>SG</arg>
<arg>SH</arg>
<arg>SI</arg>
<arg>SJ</arg>
<arg>SK</arg>
<arg>SL</arg>
<arg>SM</arg>
<arg>SN</arg>
<arg>SO</arg>
<arg>SR</arg>
<arg>SS</arg>
<arg>ST</arg>
<arg>SV</arg>
<arg>SX</arg>
<arg>SY</arg>
<arg>SZ</arg>
<arg>TC</arg>
<arg>TD</arg>
<arg>TF</arg>
<arg>TG</arg>
<arg>TH</arg>
<arg>TJ</arg>
<arg>TK</arg>
<arg>TL</arg>
<arg>TM</arg>
<arg>TN</arg>
<arg>TO</arg>
<arg>TR</arg>
<arg>TT</arg>
<arg>TV</arg>
<arg>TW</arg>
<arg>TZ</arg>
<arg>UA</arg>
<arg>UG</arg>
<arg>UM</arg>
<arg>US</arg>
<arg>UY</arg>
<arg>UZ</arg>
<arg>VA</arg>
<arg>VC</arg>
<arg>VE</arg>
<arg>VG</arg>
<arg>VI</arg>
<arg>VN</arg>
<arg>VU</arg>
<arg>WF</arg>
<arg>WS</arg>
<arg>XK</arg>
<arg>YE</arg>
<arg>YT</arg>
<arg>ZA</arg>
<arg>ZM</arg>
<arg>ZW</arg>
<doc>Returns a list containing given items.</doc>
<status status="PASS" start="2024-05-08T10:16:01.144590" elapsed="0.000645"/>
</kw>
<kw name="List Should Contain Value" owner="Collections">
<msg time="2024-05-08T10:16:01.146231" level="INFO">False</msg>
<arg>${list_country}</arg>
<arg>${name_country}</arg>
<doc>Fails if the ``value`` is not found from ``list``.</doc>
<status status="PASS" start="2024-05-08T10:16:01.146034" elapsed="0.000233"/>
</kw>
<kw name="Run Keyword If" owner="BuiltIn">
<kw name="Should Be True" owner="BuiltIn">
<arg>${True}</arg>
<doc>Fails if the given condition is not true.</doc>
<status status="PASS" start="2024-05-08T10:16:01.147316" elapsed="0.000240"/>
</kw>
<arg>${json_data["results"][0]["location"]["coordinates"]["latitude"]} &gt;= -90 and ${json_data["results"][0]["location"]["coordinates"]["latitude"]} &lt;= 90</arg>
<arg>Should Be True</arg>
<arg>${True}</arg>
<doc>Runs the given keyword with the given arguments, if ``condition`` is true.</doc>
<status status="PASS" start="2024-05-08T10:16:01.146574" elapsed="0.001111"/>
</kw>
<kw name="Run Keyword If" owner="BuiltIn">
<kw name="Should Be True" owner="BuiltIn">
<arg>${True}</arg>
<doc>Fails if the given condition is not true.</doc>
<status status="PASS" start="2024-05-08T10:16:01.148569" elapsed="0.000138"/>
</kw>
<arg>${json_data["results"][0]["location"]["coordinates"]["longitude"]} &gt;= -180 and ${json_data["results"][0]["location"]["coordinates"]["longitude"]} &lt;= 180</arg>
<arg>Should Be True</arg>
<arg>${True}</arg>
<doc>Runs the given keyword with the given arguments, if ``condition`` is true.</doc>
<status status="PASS" start="2024-05-08T10:16:01.147870" elapsed="0.001001"/>
</kw>
<status status="PASS" start="2024-05-08T10:16:01.052273" elapsed="0.096728"/>
</kw>
<doc>Testa o conteúdo específico dos campos retornados pela API.</doc>
<tag>testeConteudo</tag>
<status status="PASS" start="2024-05-08T10:16:01.051778" elapsed="0.097361"/>
</test>
<status status="PASS" start="2024-05-08T10:16:00.376908" elapsed="0.774138"/>
</suite>
<status status="PASS" start="2024-05-08T10:16:00.363359" elapsed="0.792728"/>
</suite>
<statistics>
<total>
<stat pass="5" fail="0" skip="0">All Tests</stat>
</total>
<tag>
<stat pass="1" fail="0" skip="0">testeConteudo</stat>
<stat pass="1" fail="0" skip="0">testeEstruturaResposta</stat>
<stat pass="1" fail="0" skip="0">testeRequisicaoBasica</stat>
<stat pass="1" fail="0" skip="0">testeTiposDados</stat>
</tag>
<suite>
<stat pass="5" fail="0" skip="0" id="s1" name="Tests">Tests</stat>
<stat pass="5" fail="0" skip="0" id="s1-s1" name="Random-User-Test">Tests.Random-User-Test</stat>
</suite>
</statistics>
<errors>
</errors>
</robot>
