<?xml version="1.0" encoding="UTF-8"?>
<robot generator="Robot 7.0 (Python 3.12.3 on linux)" generated="2024-05-16T01:03:08.690886" rpa="false" schemaversion="5">
<suite id="s1" name="Tests" source="/home/runner/work/DesafioQAItauRogerioJordao/DesafioQAItauRogerioJordao/RamdonUser/tests">
<suite id="s1-s1" name="Random-User-Test" source="/home/runner/work/DesafioQAItauRogerioJordao/DesafioQAItauRogerioJordao/RamdonUser/tests/random-user-test.robot">
<test id="s1-s1-t1" name="Conectar" line="13">
<kw name="Conectar API" owner="random-user-service">
<kw name="Create Session" owner="RequestsLibrary">
<msg time="2024-05-16T01:03:09.124836" level="INFO">Creating Session using : alias=consultarAPI, url=https://randomuser.me/, headers={},                     cookies={}, auth=None, timeout=None, proxies=None, verify=False,                     debug=0 </msg>
<arg>consultarAPI</arg>
<arg>${URL}</arg>
<doc>Create Session: create a HTTP session to a server</doc>
<status status="PASS" start="2024-05-16T01:03:09.124582" elapsed="0.000459"/>
</kw>
<status status="PASS" start="2024-05-16T01:03:09.123497" elapsed="0.001939"/>
</kw>
<status status="PASS" start="2024-05-16T01:03:09.122705" elapsed="0.002935"/>
</test>
<test id="s1-s1-t2" name="Validar retorno 200 e JSON Válido" line="16">
<kw name="Teste de Requisicao Basica" owner="random-user-service">
<kw name="GET On Session" owner="RequestsLibrary">
<msg time="2024-05-16T01:03:09.390582" level="INFO">GET Request : url=https://randomuser.me/api 
 path_url=/api 
 headers={'User-Agent': 'python-requests/2.31.0', 'Accept-Encoding': 'gzip, deflate', 'Accept': '*/*', 'Connection': 'keep-alive'} 
 body=None 
 </msg>
<msg time="2024-05-16T01:03:09.390755" level="INFO">GET Response : url=https://randomuser.me/api 
 status=200, reason=OK 
 headers={'Date': 'Thu, 16 May 2024 01:03:09 GMT', 'Content-Type': 'application/json; charset=utf-8', 'Transfer-Encoding': 'chunked', 'Connection': 'keep-alive', 'X-Powered-By': 'Express', 'Access-Control-Allow-Origin': '*', 'Cache-Control': 'no-cache', 'ETag': 'W/"485-sdDsZFxg37JX8rYVwVqsVZZWVJw"', 'Vary': 'Accept-Encoding', 'Content-Encoding': 'gzip', 'CF-Cache-Status': 'DYNAMIC', 'Report-To': '{"endpoints":[{"url":"https:\\/\\/a.nel.cloudflare.com\\/report\\/v4?s=n%2BV39RXP81WWrMg0vDvcK161I326LlEGSXEKqM1XJoHcZEyOtQkmumVSC0IMbWUWsUaCsR19NHLn8v9QfcneVGnqe%2F67cOVS%2BgnQnsTWXGjiMJ4eSn7j26kLKWWFSAdg"}],"group":"cf-nel","max_age":604800}', 'NEL': '{"success_fraction":0,"report_to":"cf-nel","max_age":604800}', 'Server': 'cloudflare', 'CF-RAY': '884772431a9bce58-SJC', 'alt-svc': 'h3=":443"; ma=86400'} 
 body={"results":[{"gender":"male","name":{"title":"Mr","first":"Younes","last":"Fonnes"},"location":{"street":{"number":8123,"name":"Alundamveien"},"city":"Heggenes","state":"Vestfold","country":"Norway","postcode":"1526","coordinates":{"latitude":"44.7503","longitude":"-51.0429"},"timezone":{"offset":"-6:00","description":"Central Time (US &amp; Canada), Mexico City"}},"email":"younes.fonnes@example.com","login":{"uuid":"f33c04f2-8702-452b-a778-cd1d78586eeb","username":"heavylion822","password":"junior","salt":"GCdkwiSA","md5":"3d59e92b1608c160851174bb03073532","sha1":"43d0239721f2d83d401a30cb9e838ba507292c0b","sha256":"b8088ee5815ac19669d8f36f56bc8baea6b953c7b3aa8fffd0340487882260c5"},"dob":{"date":"1992-01-25T11:08:18.652Z","age":32},"registered":{"date":"2004-06-09T07:46:18.097Z","age":19},"phone":"55353897","cell":"49784871","id":{"name":"FN","value":"25019206389"},"picture":{"large":"https://randomuser.me/api/portraits/men/83.jpg","medium":"https://randomuser.me/api/portraits/med/men/83.jpg","thumbnail":"https://randomuser.me/api/portraits/thumb/men/83.jpg"},"nat":"NO"}],"info":{"seed":"53d8a34548409c03","results":1,"page":1,"version":"1.4"}} 
 </msg>
<msg time="2024-05-16T01:03:09.390852" level="INFO">/opt/hostedtoolcache/Python/3.12.3/x64/lib/python3.12/site-packages/urllib3/connectionpool.py:1103: InsecureRequestWarning: Unverified HTTPS request is being made to host 'randomuser.me'. Adding certificate verification is strongly advised. See: https://urllib3.readthedocs.io/en/latest/advanced-usage.html#tls-warnings
  warnings.warn(</msg>
<msg time="2024-05-16T01:03:09.391007" level="INFO">${response} = &lt;Response [200]&gt;</msg>
<var>${response}</var>
<arg>consultarAPI</arg>
<arg>/api</arg>
<doc>Sends a GET request on a previously created HTTP Session.</doc>
<status status="PASS" start="2024-05-16T01:03:09.128262" elapsed="0.262787"/>
</kw>
<kw name="Should Be Equal As Numbers" owner="BuiltIn">
<msg time="2024-05-16T01:03:09.392302" level="INFO">Argument types are:
&lt;class 'int'&gt;
&lt;class 'str'&gt;</msg>
<arg>${response.status_code}</arg>
<arg>200</arg>
<doc>Fails if objects are unequal after converting them to real numbers.</doc>
<status status="PASS" start="2024-05-16T01:03:09.391752" elapsed="0.000617"/>
</kw>
<kw name="Log" owner="BuiltIn">
<msg time="2024-05-16T01:03:09.393136" level="INFO">200</msg>
<arg>${response.status_code}</arg>
<doc>Logs the given message with the given level.</doc>
<status status="PASS" start="2024-05-16T01:03:09.392776" elapsed="0.000404"/>
</kw>
<kw name="Set Variable" owner="BuiltIn">
<msg time="2024-05-16T01:03:09.393927" level="INFO">${json_data} = {'results': [{'gender': 'male', 'name': {'title': 'Mr', 'first': 'Younes', 'last': 'Fonnes'}, 'location': {'street': {'number': 8123, 'name': 'Alundamveien'}, 'city': 'Heggenes', 'state': 'Vestfold', ...</msg>
<var>${json_data}</var>
<arg>${response.json()}</arg>
<doc>Returns the given values which can then be assigned to a variables.</doc>
<status status="PASS" start="2024-05-16T01:03:09.393494" elapsed="0.000463"/>
</kw>
<kw name="Dictionary Should Contain Key" owner="Collections">
<msg time="2024-05-16T01:03:09.394440" level="INFO">False</msg>
<arg>${json_data}</arg>
<arg>results</arg>
<doc>Fails if ``key`` is not found from ``dictionary``.</doc>
<status status="PASS" start="2024-05-16T01:03:09.394265" elapsed="0.000216"/>
</kw>
<status status="PASS" start="2024-05-16T01:03:09.128017" elapsed="0.266727"/>
</kw>
<doc>Testa se a API responde corretamente e retorna um objeto JSON válido.</doc>
<tag>testeRequisicaoBasica</tag>
<status status="PASS" start="2024-05-16T01:03:09.127530" elapsed="0.267406"/>
</test>
<test id="s1-s1-t3" name="Validar estrutura de resposta" line="22">
<kw name="Teste de Estrutura de Resposta" owner="random-user-service">
<kw name="GET On Session" owner="RequestsLibrary">
<msg time="2024-05-16T01:03:09.683005" level="INFO">GET Request : url=https://randomuser.me/api 
 path_url=/api 
 headers={'User-Agent': 'python-requests/2.31.0', 'Accept-Encoding': 'gzip, deflate', 'Accept': '*/*', 'Connection': 'keep-alive'} 
 body=None 
 </msg>
<msg time="2024-05-16T01:03:09.683132" level="INFO">GET Response : url=https://randomuser.me/api 
 status=200, reason=OK 
 headers={'Date': 'Thu, 16 May 2024 01:03:09 GMT', 'Content-Type': 'application/json; charset=utf-8', 'Transfer-Encoding': 'chunked', 'Connection': 'keep-alive', 'X-Powered-By': 'Express', 'Access-Control-Allow-Origin': '*', 'Cache-Control': 'no-cache', 'ETag': 'W/"495-lh0zf6Qymrd5pGblXRuIqTQ/g80"', 'Vary': 'Accept-Encoding', 'Content-Encoding': 'gzip', 'CF-Cache-Status': 'DYNAMIC', 'Report-To': '{"endpoints":[{"url":"https:\\/\\/a.nel.cloudflare.com\\/report\\/v4?s=YERbwiMoREjdstTONmCJo9zXduCZNDJWLyY7kxJLGbvwYTK6Kghw9Ot2SHWwmCQWYAQiuiHfq3TX0ZMK0Bid1936mgV92cOeWcALaZCYbb7Q5taTsNE4EasAeaa1InRN"}],"group":"cf-nel","max_age":604800}', 'NEL': '{"success_fraction":0,"report_to":"cf-nel","max_age":604800}', 'Server': 'cloudflare', 'CF-RAY': '88477243cb17ce58-SJC', 'alt-svc': 'h3=":443"; ma=86400'} 
 body={"results":[{"gender":"male","name":{"title":"Mr","first":"Fabien","last":"Spel"},"location":{"street":{"number":6977,"name":"Buitenlevenglop"},"city":"Sleeuwijk","state":"Gelderland","country":"Netherlands","postcode":"6489 BM","coordinates":{"latitude":"38.3516","longitude":"-37.8163"},"timezone":{"offset":"-6:00","description":"Central Time (US &amp; Canada), Mexico City"}},"email":"fabien.spel@example.com","login":{"uuid":"4a3b3c48-d7a3-4187-b805-ac615431d643","username":"angrygoose712","password":"lizard","salt":"YCPoeFCT","md5":"241de7a624425736fcfe4755f0019d6a","sha1":"78107b16778d48b765b896a8bffe55961acbd89c","sha256":"3673ea8962ab0a9605c7d21baf6d32a4d236290e894237c43fff4adf95fa6d75"},"dob":{"date":"1989-01-07T11:40:01.141Z","age":35},"registered":{"date":"2010-12-23T18:16:22.508Z","age":13},"phone":"(032) 2183211","cell":"(06) 94638263","id":{"name":"BSN","value":"18479025"},"picture":{"large":"https://randomuser.me/api/portraits/men/8.jpg","medium":"https://randomuser.me/api/portraits/med/men/8.jpg","thumbnail":"https://randomuser.me/api/portraits/thumb/men/8.jpg"},"nat":"NL"}],"info":{"seed":"c7217852b7ec0ffe","results":1,"page":1,"version":"1.4"}} 
 </msg>
<msg time="2024-05-16T01:03:09.683298" level="INFO">/opt/hostedtoolcache/Python/3.12.3/x64/lib/python3.12/site-packages/urllib3/connectionpool.py:1103: InsecureRequestWarning: Unverified HTTPS request is being made to host 'randomuser.me'. Adding certificate verification is strongly advised. See: https://urllib3.readthedocs.io/en/latest/advanced-usage.html#tls-warnings
  warnings.warn(</msg>
<msg time="2024-05-16T01:03:09.683442" level="INFO">${response} = &lt;Response [200]&gt;</msg>
<var>${response}</var>
<arg>consultarAPI</arg>
<arg>/api</arg>
<doc>Sends a GET request on a previously created HTTP Session.</doc>
<status status="PASS" start="2024-05-16T01:03:09.397788" elapsed="0.285697"/>
</kw>
<kw name="Set Variable" owner="BuiltIn">
<msg time="2024-05-16T01:03:09.684845" level="INFO">${json_data} = {'results': [{'gender': 'male', 'name': {'title': 'Mr', 'first': 'Fabien', 'last': 'Spel'}, 'location': {'street': {'number': 6977, 'name': 'Buitenlevenglop'}, 'city': 'Sleeuwijk', 'state': 'Gelderlan...</msg>
<var>${json_data}</var>
<arg>${response.json()}</arg>
<doc>Returns the given values which can then be assigned to a variables.</doc>
<status status="PASS" start="2024-05-16T01:03:09.684117" elapsed="0.000758"/>
</kw>
<kw name="Log" owner="BuiltIn">
<msg time="2024-05-16T01:03:09.685364" level="INFO">{'results': [{'gender': 'male', 'name': {'title': 'Mr', 'first': 'Fabien', 'last': 'Spel'}, 'location': {'street': {'number': 6977, 'name': 'Buitenlevenglop'}, 'city': 'Sleeuwijk', 'state': 'Gelderland', 'country': 'Netherlands', 'postcode': '6489 BM', 'coordinates': {'latitude': '38.3516', 'longitude': '-37.8163'}, 'timezone': {'offset': '-6:00', 'description': 'Central Time (US &amp; Canada), Mexico City'}}, 'email': 'fabien.spel@example.com', 'login': {'uuid': '4a3b3c48-d7a3-4187-b805-ac615431d643', 'username': 'angrygoose712', 'password': 'lizard', 'salt': 'YCPoeFCT', 'md5': '241de7a624425736fcfe4755f0019d6a', 'sha1': '78107b16778d48b765b896a8bffe55961acbd89c', 'sha256': '3673ea8962ab0a9605c7d21baf6d32a4d236290e894237c43fff4adf95fa6d75'}, 'dob': {'date': '1989-01-07T11:40:01.141Z', 'age': 35}, 'registered': {'date': '2010-12-23T18:16:22.508Z', 'age': 13}, 'phone': '(032) 2183211', 'cell': '(06) 94638263', 'id': {'name': 'BSN', 'value': '18479025'}, 'picture': {'large': 'https://randomuser.me/api/portraits/men/8.jpg', 'medium': 'https://randomuser.me/api/portraits/med/men/8.jpg', 'thumbnail': 'https://randomuser.me/api/portraits/thumb/men/8.jpg'}, 'nat': 'NL'}], 'info': {'seed': 'c7217852b7ec0ffe', 'results': 1, 'page': 1, 'version': '1.4'}}</msg>
<arg>${json_data}</arg>
<doc>Logs the given message with the given level.</doc>
<status status="PASS" start="2024-05-16T01:03:09.685192" elapsed="0.000221"/>
</kw>
<kw name="Dictionary Should Contain Key" owner="Collections">
<msg time="2024-05-16T01:03:09.685870" level="INFO">False</msg>
<arg>${json_data}</arg>
<arg>results</arg>
<doc>Fails if ``key`` is not found from ``dictionary``.</doc>
<status status="PASS" start="2024-05-16T01:03:09.685709" elapsed="0.000199"/>
</kw>
<kw name="Should Not Be Empty" owner="BuiltIn">
<msg time="2024-05-16T01:03:09.686343" level="INFO">Length is 2.</msg>
<arg>${json_data}</arg>
<doc>Verifies that the given item is not empty.</doc>
<status status="PASS" start="2024-05-16T01:03:09.686199" elapsed="0.000356"/>
</kw>
<kw name="Create List" owner="BuiltIn">
<msg time="2024-05-16T01:03:09.687007" level="INFO">${expected_keys} = ['gender', 'name', 'location', 'email', 'login']</msg>
<var>${expected_keys}</var>
<arg>gender</arg>
<arg>name</arg>
<arg>location</arg>
<arg>email</arg>
<arg>login</arg>
<doc>Returns a list containing given items.</doc>
<status status="PASS" start="2024-05-16T01:03:09.686855" elapsed="0.000177"/>
</kw>
<for flavor="IN">
<iter>
<kw name="Dictionary Should Contain Key" owner="Collections">
<msg time="2024-05-16T01:03:09.688039" level="INFO">False</msg>
<arg>${json_data['results'][0]}</arg>
<arg>${key}</arg>
<doc>Fails if ``key`` is not found from ``dictionary``.</doc>
<status status="PASS" start="2024-05-16T01:03:09.687632" elapsed="0.000445"/>
</kw>
<kw name="Log" owner="BuiltIn">
<msg time="2024-05-16T01:03:09.688783" level="INFO">{'gender': 'male', 'name': {'title': 'Mr', 'first': 'Fabien', 'last': 'Spel'}, 'location': {'street': {'number': 6977, 'name': 'Buitenlevenglop'}, 'city': 'Sleeuwijk', 'state': 'Gelderland', 'country': 'Netherlands', 'postcode': '6489 BM', 'coordinates': {'latitude': '38.3516', 'longitude': '-37.8163'}, 'timezone': {'offset': '-6:00', 'description': 'Central Time (US &amp; Canada), Mexico City'}}, 'email': 'fabien.spel@example.com', 'login': {'uuid': '4a3b3c48-d7a3-4187-b805-ac615431d643', 'username': 'angrygoose712', 'password': 'lizard', 'salt': 'YCPoeFCT', 'md5': '241de7a624425736fcfe4755f0019d6a', 'sha1': '78107b16778d48b765b896a8bffe55961acbd89c', 'sha256': '3673ea8962ab0a9605c7d21baf6d32a4d236290e894237c43fff4adf95fa6d75'}, 'dob': {'date': '1989-01-07T11:40:01.141Z', 'age': 35}, 'registered': {'date': '2010-12-23T18:16:22.508Z', 'age': 13}, 'phone': '(032) 2183211', 'cell': '(06) 94638263', 'id': {'name': 'BSN', 'value': '18479025'}, 'picture': {'large': 'https://randomuser.me/api/portraits/men/8.jpg', 'medium': 'https://randomuser.me/api/portraits/med/men/8.jpg', 'thumbnail': 'https://randomuser.me/api/portraits/thumb/men/8.jpg'}, 'nat': 'NL'}</msg>
<arg>${json_data['results'][0]}</arg>
<doc>Logs the given message with the given level.</doc>
<status status="PASS" start="2024-05-16T01:03:09.688379" elapsed="0.000455"/>
</kw>
<kw name="Log" owner="BuiltIn">
<msg time="2024-05-16T01:03:09.689269" level="INFO">gender</msg>
<arg>${key}</arg>
<doc>Logs the given message with the given level.</doc>
<status status="PASS" start="2024-05-16T01:03:09.689138" elapsed="0.000169"/>
</kw>
<var name="${key}">gender</var>
<status status="PASS" start="2024-05-16T01:03:09.687498" elapsed="0.002028"/>
</iter>
<iter>
<kw name="Dictionary Should Contain Key" owner="Collections">
<msg time="2024-05-16T01:03:09.690212" level="INFO">False</msg>
<arg>${json_data['results'][0]}</arg>
<arg>${key}</arg>
<doc>Fails if ``key`` is not found from ``dictionary``.</doc>
<status status="PASS" start="2024-05-16T01:03:09.689831" elapsed="0.000417"/>
</kw>
<kw name="Log" owner="BuiltIn">
<msg time="2024-05-16T01:03:09.690930" level="INFO">{'gender': 'male', 'name': {'title': 'Mr', 'first': 'Fabien', 'last': 'Spel'}, 'location': {'street': {'number': 6977, 'name': 'Buitenlevenglop'}, 'city': 'Sleeuwijk', 'state': 'Gelderland', 'country': 'Netherlands', 'postcode': '6489 BM', 'coordinates': {'latitude': '38.3516', 'longitude': '-37.8163'}, 'timezone': {'offset': '-6:00', 'description': 'Central Time (US &amp; Canada), Mexico City'}}, 'email': 'fabien.spel@example.com', 'login': {'uuid': '4a3b3c48-d7a3-4187-b805-ac615431d643', 'username': 'angrygoose712', 'password': 'lizard', 'salt': 'YCPoeFCT', 'md5': '241de7a624425736fcfe4755f0019d6a', 'sha1': '78107b16778d48b765b896a8bffe55961acbd89c', 'sha256': '3673ea8962ab0a9605c7d21baf6d32a4d236290e894237c43fff4adf95fa6d75'}, 'dob': {'date': '1989-01-07T11:40:01.141Z', 'age': 35}, 'registered': {'date': '2010-12-23T18:16:22.508Z', 'age': 13}, 'phone': '(032) 2183211', 'cell': '(06) 94638263', 'id': {'name': 'BSN', 'value': '18479025'}, 'picture': {'large': 'https://randomuser.me/api/portraits/men/8.jpg', 'medium': 'https://randomuser.me/api/portraits/med/men/8.jpg', 'thumbnail': 'https://randomuser.me/api/portraits/thumb/men/8.jpg'}, 'nat': 'NL'}</msg>
<arg>${json_data['results'][0]}</arg>
<doc>Logs the given message with the given level.</doc>
<status status="PASS" start="2024-05-16T01:03:09.690571" elapsed="0.000410"/>
</kw>
<kw name="Log" owner="BuiltIn">
<msg time="2024-05-16T01:03:09.691413" level="INFO">name</msg>
<arg>${key}</arg>
<doc>Logs the given message with the given level.</doc>
<status status="PASS" start="2024-05-16T01:03:09.691284" elapsed="0.000166"/>
</kw>
<var name="${key}">name</var>
<status status="PASS" start="2024-05-16T01:03:09.689716" elapsed="0.001957"/>
</iter>
<iter>
<kw name="Dictionary Should Contain Key" owner="Collections">
<msg time="2024-05-16T01:03:09.692340" level="INFO">False</msg>
<arg>${json_data['results'][0]}</arg>
<arg>${key}</arg>
<doc>Fails if ``key`` is not found from ``dictionary``.</doc>
<status status="PASS" start="2024-05-16T01:03:09.691962" elapsed="0.000414"/>
</kw>
<kw name="Log" owner="BuiltIn">
<msg time="2024-05-16T01:03:09.693082" level="INFO">{'gender': 'male', 'name': {'title': 'Mr', 'first': 'Fabien', 'last': 'Spel'}, 'location': {'street': {'number': 6977, 'name': 'Buitenlevenglop'}, 'city': 'Sleeuwijk', 'state': 'Gelderland', 'country': 'Netherlands', 'postcode': '6489 BM', 'coordinates': {'latitude': '38.3516', 'longitude': '-37.8163'}, 'timezone': {'offset': '-6:00', 'description': 'Central Time (US &amp; Canada), Mexico City'}}, 'email': 'fabien.spel@example.com', 'login': {'uuid': '4a3b3c48-d7a3-4187-b805-ac615431d643', 'username': 'angrygoose712', 'password': 'lizard', 'salt': 'YCPoeFCT', 'md5': '241de7a624425736fcfe4755f0019d6a', 'sha1': '78107b16778d48b765b896a8bffe55961acbd89c', 'sha256': '3673ea8962ab0a9605c7d21baf6d32a4d236290e894237c43fff4adf95fa6d75'}, 'dob': {'date': '1989-01-07T11:40:01.141Z', 'age': 35}, 'registered': {'date': '2010-12-23T18:16:22.508Z', 'age': 13}, 'phone': '(032) 2183211', 'cell': '(06) 94638263', 'id': {'name': 'BSN', 'value': '18479025'}, 'picture': {'large': 'https://randomuser.me/api/portraits/men/8.jpg', 'medium': 'https://randomuser.me/api/portraits/med/men/8.jpg', 'thumbnail': 'https://randomuser.me/api/portraits/thumb/men/8.jpg'}, 'nat': 'NL'}</msg>
<arg>${json_data['results'][0]}</arg>
<doc>Logs the given message with the given level.</doc>
<status status="PASS" start="2024-05-16T01:03:09.692708" elapsed="0.000424"/>
</kw>
<kw name="Log" owner="BuiltIn">
<msg time="2024-05-16T01:03:09.693550" level="INFO">location</msg>
<arg>${key}</arg>
<doc>Logs the given message with the given level.</doc>
<status status="PASS" start="2024-05-16T01:03:09.693425" elapsed="0.000162"/>
</kw>
<var name="${key}">location</var>
<status status="PASS" start="2024-05-16T01:03:09.691852" elapsed="0.001949"/>
</iter>
<iter>
<kw name="Dictionary Should Contain Key" owner="Collections">
<msg time="2024-05-16T01:03:09.694459" level="INFO">False</msg>
<arg>${json_data['results'][0]}</arg>
<arg>${key}</arg>
<doc>Fails if ``key`` is not found from ``dictionary``.</doc>
<status status="PASS" start="2024-05-16T01:03:09.694083" elapsed="0.000412"/>
</kw>
<kw name="Log" owner="BuiltIn">
<msg time="2024-05-16T01:03:09.695139" level="INFO">{'gender': 'male', 'name': {'title': 'Mr', 'first': 'Fabien', 'last': 'Spel'}, 'location': {'street': {'number': 6977, 'name': 'Buitenlevenglop'}, 'city': 'Sleeuwijk', 'state': 'Gelderland', 'country': 'Netherlands', 'postcode': '6489 BM', 'coordinates': {'latitude': '38.3516', 'longitude': '-37.8163'}, 'timezone': {'offset': '-6:00', 'description': 'Central Time (US &amp; Canada), Mexico City'}}, 'email': 'fabien.spel@example.com', 'login': {'uuid': '4a3b3c48-d7a3-4187-b805-ac615431d643', 'username': 'angrygoose712', 'password': 'lizard', 'salt': 'YCPoeFCT', 'md5': '241de7a624425736fcfe4755f0019d6a', 'sha1': '78107b16778d48b765b896a8bffe55961acbd89c', 'sha256': '3673ea8962ab0a9605c7d21baf6d32a4d236290e894237c43fff4adf95fa6d75'}, 'dob': {'date': '1989-01-07T11:40:01.141Z', 'age': 35}, 'registered': {'date': '2010-12-23T18:16:22.508Z', 'age': 13}, 'phone': '(032) 2183211', 'cell': '(06) 94638263', 'id': {'name': 'BSN', 'value': '18479025'}, 'picture': {'large': 'https://randomuser.me/api/portraits/men/8.jpg', 'medium': 'https://randomuser.me/api/portraits/med/men/8.jpg', 'thumbnail': 'https://randomuser.me/api/portraits/thumb/men/8.jpg'}, 'nat': 'NL'}</msg>
<arg>${json_data['results'][0]}</arg>
<doc>Logs the given message with the given level.</doc>
<status status="PASS" start="2024-05-16T01:03:09.694790" elapsed="0.000398"/>
</kw>
<kw name="Log" owner="BuiltIn">
<msg time="2024-05-16T01:03:09.695607" level="INFO">email</msg>
<arg>${key}</arg>
<doc>Logs the given message with the given level.</doc>
<status status="PASS" start="2024-05-16T01:03:09.695480" elapsed="0.000164"/>
</kw>
<var name="${key}">email</var>
<status status="PASS" start="2024-05-16T01:03:09.693974" elapsed="0.001884"/>
</iter>
<iter>
<kw name="Dictionary Should Contain Key" owner="Collections">
<msg time="2024-05-16T01:03:09.696519" level="INFO">False</msg>
<arg>${json_data['results'][0]}</arg>
<arg>${key}</arg>
<doc>Fails if ``key`` is not found from ``dictionary``.</doc>
<status status="PASS" start="2024-05-16T01:03:09.696139" elapsed="0.000417"/>
</kw>
<kw name="Log" owner="BuiltIn">
<msg time="2024-05-16T01:03:09.697248" level="INFO">{'gender': 'male', 'name': {'title': 'Mr', 'first': 'Fabien', 'last': 'Spel'}, 'location': {'street': {'number': 6977, 'name': 'Buitenlevenglop'}, 'city': 'Sleeuwijk', 'state': 'Gelderland', 'country': 'Netherlands', 'postcode': '6489 BM', 'coordinates': {'latitude': '38.3516', 'longitude': '-37.8163'}, 'timezone': {'offset': '-6:00', 'description': 'Central Time (US &amp; Canada), Mexico City'}}, 'email': 'fabien.spel@example.com', 'login': {'uuid': '4a3b3c48-d7a3-4187-b805-ac615431d643', 'username': 'angrygoose712', 'password': 'lizard', 'salt': 'YCPoeFCT', 'md5': '241de7a624425736fcfe4755f0019d6a', 'sha1': '78107b16778d48b765b896a8bffe55961acbd89c', 'sha256': '3673ea8962ab0a9605c7d21baf6d32a4d236290e894237c43fff4adf95fa6d75'}, 'dob': {'date': '1989-01-07T11:40:01.141Z', 'age': 35}, 'registered': {'date': '2010-12-23T18:16:22.508Z', 'age': 13}, 'phone': '(032) 2183211', 'cell': '(06) 94638263', 'id': {'name': 'BSN', 'value': '18479025'}, 'picture': {'large': 'https://randomuser.me/api/portraits/men/8.jpg', 'medium': 'https://randomuser.me/api/portraits/med/men/8.jpg', 'thumbnail': 'https://randomuser.me/api/portraits/thumb/men/8.jpg'}, 'nat': 'NL'}</msg>
<arg>${json_data['results'][0]}</arg>
<doc>Logs the given message with the given level.</doc>
<status status="PASS" start="2024-05-16T01:03:09.696889" elapsed="0.000415"/>
</kw>
<kw name="Log" owner="BuiltIn">
<msg time="2024-05-16T01:03:09.697731" level="INFO">login</msg>
<arg>${key}</arg>
<doc>Logs the given message with the given level.</doc>
<status status="PASS" start="2024-05-16T01:03:09.697603" elapsed="0.000166"/>
</kw>
<var name="${key}">login</var>
<status status="PASS" start="2024-05-16T01:03:09.696030" elapsed="0.001985"/>
</iter>
<var>${key}</var>
<value>@{expected_keys}</value>
<status status="PASS" start="2024-05-16T01:03:09.687299" elapsed="0.010842"/>
</for>
<kw name="Create List" owner="BuiltIn">
<msg time="2024-05-16T01:03:09.698474" level="INFO">${expected_keysTwo} = ['username', 'password']</msg>
<var>${expected_keysTwo}</var>
<arg>username</arg>
<arg>password</arg>
<doc>Returns a list containing given items.</doc>
<status status="PASS" start="2024-05-16T01:03:09.698339" elapsed="0.000158"/>
</kw>
<for flavor="IN">
<iter>
<kw name="Dictionary Should Contain Key" owner="Collections">
<msg time="2024-05-16T01:03:09.699391" level="INFO">False</msg>
<arg>${json_data['results'][0]['login']}</arg>
<arg>${keyTwo}</arg>
<doc>Fails if ``key`` is not found from ``dictionary``.</doc>
<status status="PASS" start="2024-05-16T01:03:09.699005" elapsed="0.000423"/>
</kw>
<kw name="Dictionary Should Contain Key" owner="Collections">
<msg time="2024-05-16T01:03:09.700093" level="INFO">False</msg>
<arg>${json_data['results'][0]['login']}</arg>
<arg>${keyTwo}</arg>
<doc>Fails if ``key`` is not found from ``dictionary``.</doc>
<status status="PASS" start="2024-05-16T01:03:09.699722" elapsed="0.000407"/>
</kw>
<kw name="Log" owner="BuiltIn">
<msg time="2024-05-16T01:03:09.700543" level="INFO">username</msg>
<arg>${keyTwo}</arg>
<doc>Logs the given message with the given level.</doc>
<status status="PASS" start="2024-05-16T01:03:09.700418" elapsed="0.000166"/>
</kw>
<var name="${keyTwo}">username</var>
<status status="PASS" start="2024-05-16T01:03:09.698896" elapsed="0.001928"/>
</iter>
<iter>
<kw name="Dictionary Should Contain Key" owner="Collections">
<msg time="2024-05-16T01:03:09.701573" level="INFO">False</msg>
<arg>${json_data['results'][0]['login']}</arg>
<arg>${keyTwo}</arg>
<doc>Fails if ``key`` is not found from ``dictionary``.</doc>
<status status="PASS" start="2024-05-16T01:03:09.701112" elapsed="0.000502"/>
</kw>
<kw name="Dictionary Should Contain Key" owner="Collections">
<msg time="2024-05-16T01:03:09.702285" level="INFO">False</msg>
<arg>${json_data['results'][0]['login']}</arg>
<arg>${keyTwo}</arg>
<doc>Fails if ``key`` is not found from ``dictionary``.</doc>
<status status="PASS" start="2024-05-16T01:03:09.701913" elapsed="0.000407"/>
</kw>
<kw name="Log" owner="BuiltIn">
<msg time="2024-05-16T01:03:09.702743" level="INFO">password</msg>
<arg>${keyTwo}</arg>
<doc>Logs the given message with the given level.</doc>
<status status="PASS" start="2024-05-16T01:03:09.702615" elapsed="0.000165"/>
</kw>
<var name="${keyTwo}">password</var>
<status status="PASS" start="2024-05-16T01:03:09.701004" elapsed="0.001999"/>
</iter>
<var>${keyTwo}</var>
<value>@{expected_keysTwo}</value>
<status status="PASS" start="2024-05-16T01:03:09.698740" elapsed="0.004419"/>
</for>
<status status="PASS" start="2024-05-16T01:03:09.397543" elapsed="0.305797"/>
</kw>
<doc>Testa a estrutura da resposta da API.</doc>
<tag>testeEstruturaResposta</tag>
<status status="PASS" start="2024-05-16T01:03:09.396865" elapsed="0.306675"/>
</test>
<test id="s1-s1-t4" name="Validar tipos de dados" line="28">
<kw name="Teste de Tipos de Dados" owner="random-user-service">
<kw name="GET On Session" owner="RequestsLibrary">
<msg time="2024-05-16T01:03:09.797855" level="INFO">GET Request : url=https://randomuser.me/api 
 path_url=/api 
 headers={'User-Agent': 'python-requests/2.31.0', 'Accept-Encoding': 'gzip, deflate', 'Accept': '*/*', 'Connection': 'keep-alive'} 
 body=None 
 </msg>
<msg time="2024-05-16T01:03:09.797964" level="INFO">GET Response : url=https://randomuser.me/api 
 status=200, reason=OK 
 headers={'Date': 'Thu, 16 May 2024 01:03:09 GMT', 'Content-Type': 'application/json; charset=utf-8', 'Transfer-Encoding': 'chunked', 'Connection': 'keep-alive', 'X-Powered-By': 'Express', 'Access-Control-Allow-Origin': '*', 'Cache-Control': 'no-cache', 'ETag': 'W/"49e-DJPa3IJXI1NoHVkev57rVhgvoIY"', 'Vary': 'Accept-Encoding', 'Content-Encoding': 'gzip', 'CF-Cache-Status': 'DYNAMIC', 'Report-To': '{"endpoints":[{"url":"https:\\/\\/a.nel.cloudflare.com\\/report\\/v4?s=nXoGDhf84xkTt6AWGEhyr2Gn9NLwbEwMU2cn4A3Q3evMjAZoV8g45K7QGuMZ0j5GoQroB6s2vmIX%2FB4M88Ch%2BJOhsaJuiE53vlD73ATi4JK6q%2BPh7Q5ovA8jQwju2G0U"}],"group":"cf-nel","max_age":604800}', 'NEL': '{"success_fraction":0,"report_to":"cf-nel","max_age":604800}', 'Server': 'cloudflare', 'CF-RAY': '88477245ad20ce58-SJC', 'alt-svc': 'h3=":443"; ma=86400'} 
 body={"results":[{"gender":"female","name":{"title":"Miss","first":"Aurora","last":"Santos"},"location":{"street":{"number":1846,"name":"Calle de Téllez"},"city":"Granada","state":"Melilla","country":"Spain","postcode":79107,"coordinates":{"latitude":"-38.5703","longitude":"90.2818"},"timezone":{"offset":"0:00","description":"Western Europe Time, London, Lisbon, Casablanca"}},"email":"aurora.santos@example.com","login":{"uuid":"1d172a5d-cfc7-4821-983c-d529a266ac1c","username":"silverswan430","password":"christa","salt":"0WEFjeKI","md5":"99b81dbd80f23cf260dde93c31a8947c","sha1":"449ec0650eff18e3fb5a9e0b2f77ce44acfc6e6a","sha256":"8335ca9041c585b546e8979c9a950dbe646f1784c1a58229e46266085e0d3f86"},"dob":{"date":"1954-03-25T12:36:54.086Z","age":70},"registered":{"date":"2013-09-26T03:16:17.739Z","age":10},"phone":"913-467-179","cell":"657-809-049","id":{"name":"DNI","value":"96532167-Y"},"picture":{"large":"https://randomuser.me/api/portraits/women/62.jpg","medium":"https://randomuser.me/api/portraits/med/women/62.jpg","thumbnail":"https://randomuser.me/api/portraits/thumb/women/62.jpg"},"nat":"ES"}],"info":{"seed":"5e9388a99e8d371c","results":1,"page":1,"version":"1.4"}} 
 </msg>
<msg time="2024-05-16T01:03:09.798041" level="INFO">/opt/hostedtoolcache/Python/3.12.3/x64/lib/python3.12/site-packages/urllib3/connectionpool.py:1103: InsecureRequestWarning: Unverified HTTPS request is being made to host 'randomuser.me'. Adding certificate verification is strongly advised. See: https://urllib3.readthedocs.io/en/latest/advanced-usage.html#tls-warnings
  warnings.warn(</msg>
<msg time="2024-05-16T01:03:09.798170" level="INFO">${response} = &lt;Response [200]&gt;</msg>
<var>${response}</var>
<arg>consultarAPI</arg>
<arg>/api</arg>
<doc>Sends a GET request on a previously created HTTP Session.</doc>
<status status="PASS" start="2024-05-16T01:03:09.706173" elapsed="0.092037"/>
</kw>
<kw name="Set Variable" owner="BuiltIn">
<msg time="2024-05-16T01:03:09.799449" level="INFO">${json_data} = {'results': [{'gender': 'female', 'name': {'title': 'Miss', 'first': 'Aurora', 'last': 'Santos'}, 'location': {'street': {'number': 1846, 'name': 'Calle de Téllez'}, 'city': 'Granada', 'state': 'Melil...</msg>
<var>${json_data}</var>
<arg>${response.json()}</arg>
<doc>Returns the given values which can then be assigned to a variables.</doc>
<status status="PASS" start="2024-05-16T01:03:09.798862" elapsed="0.000624"/>
</kw>
<kw name="Log" owner="BuiltIn">
<msg time="2024-05-16T01:03:09.799955" level="INFO">{'results': [{'gender': 'female', 'name': {'title': 'Miss', 'first': 'Aurora', 'last': 'Santos'}, 'location': {'street': {'number': 1846, 'name': 'Calle de Téllez'}, 'city': 'Granada', 'state': 'Melilla', 'country': 'Spain', 'postcode': 79107, 'coordinates': {'latitude': '-38.5703', 'longitude': '90.2818'}, 'timezone': {'offset': '0:00', 'description': 'Western Europe Time, London, Lisbon, Casablanca'}}, 'email': 'aurora.santos@example.com', 'login': {'uuid': '1d172a5d-cfc7-4821-983c-d529a266ac1c', 'username': 'silverswan430', 'password': 'christa', 'salt': '0WEFjeKI', 'md5': '99b81dbd80f23cf260dde93c31a8947c', 'sha1': '449ec0650eff18e3fb5a9e0b2f77ce44acfc6e6a', 'sha256': '8335ca9041c585b546e8979c9a950dbe646f1784c1a58229e46266085e0d3f86'}, 'dob': {'date': '1954-03-25T12:36:54.086Z', 'age': 70}, 'registered': {'date': '2013-09-26T03:16:17.739Z', 'age': 10}, 'phone': '913-467-179', 'cell': '657-809-049', 'id': {'name': 'DNI', 'value': '96532167-Y'}, 'picture': {'large': 'https://randomuser.me/api/portraits/women/62.jpg', 'medium': 'https://randomuser.me/api/portraits/med/women/62.jpg', 'thumbnail': 'https://randomuser.me/api/portraits/thumb/women/62.jpg'}, 'nat': 'ES'}], 'info': {'seed': '5e9388a99e8d371c', 'results': 1, 'page': 1, 'version': '1.4'}}</msg>
<arg>${json_data}</arg>
<doc>Logs the given message with the given level.</doc>
<status status="PASS" start="2024-05-16T01:03:09.799797" elapsed="0.000247"/>
</kw>
<kw name="Should Be String" owner="String">
<arg>${json_data['results'][0]['gender']}</arg>
<doc>Fails if the given ``item`` is not a string.</doc>
<status status="PASS" start="2024-05-16T01:03:09.800349" elapsed="0.000409"/>
</kw>
<kw name="Should Match Regexp" owner="BuiltIn">
<arg>${json_data['results'][0]['email']}</arg>
<arg>^[a-zA-Z0-9._%+-]+@[a-zA-Z0-9.-]+\.[a-zA-Z]{2,}$</arg>
<doc>Fails if ``string`` does not match ``pattern`` as a regular expression.</doc>
<status status="PASS" start="2024-05-16T01:03:09.800953" elapsed="0.000519"/>
</kw>
<kw name="Should Match Regexp" owner="BuiltIn">
<arg>${json_data['results'][0]['dob']['date']}</arg>
<arg>\\d{4}-\\d{2}-\\d{2}T\\d{2}:\\d{2}:\\d{2}\\.\\d{3}Z</arg>
<doc>Fails if ``string`` does not match ``pattern`` as a regular expression.</doc>
<status status="PASS" start="2024-05-16T01:03:09.801670" elapsed="0.000497"/>
</kw>
<kw name="Should Match Regexp" owner="BuiltIn">
<arg>${json_data['results'][0]['registered']['date']}</arg>
<arg>\\d{4}-\\d{2}-\\d{2}T\\d{2}:\\d{2}:\\d{2}\\.\\d{3}Z</arg>
<doc>Fails if ``string`` does not match ``pattern`` as a regular expression.</doc>
<status status="PASS" start="2024-05-16T01:03:09.802362" elapsed="0.000376"/>
</kw>
<kw name="Should Match Regexp" owner="BuiltIn">
<arg>${json_data['results'][0]['picture']['large']}</arg>
<arg>^https?://.*\.(?:png|jpe?g|gif|bmp)$</arg>
<doc>Fails if ``string`` does not match ``pattern`` as a regular expression.</doc>
<status status="PASS" start="2024-05-16T01:03:09.802931" elapsed="0.000462"/>
</kw>
<kw name="Should Match Regexp" owner="BuiltIn">
<arg>${json_data['results'][0]['picture']['medium']}</arg>
<arg>^https?://.*\.(?:png|jpe?g|gif|bmp)$</arg>
<doc>Fails if ``string`` does not match ``pattern`` as a regular expression.</doc>
<status status="PASS" start="2024-05-16T01:03:09.803578" elapsed="0.000349"/>
</kw>
<kw name="Should Match Regexp" owner="BuiltIn">
<arg>${json_data['results'][0]['picture']['thumbnail']}</arg>
<arg>^https?://.*\.(?:png|jpe?g|gif|bmp)$</arg>
<doc>Fails if ``string`` does not match ``pattern`` as a regular expression.</doc>
<status status="PASS" start="2024-05-16T01:03:09.804116" elapsed="0.000349"/>
</kw>
<kw name="Log" owner="BuiltIn">
<msg time="2024-05-16T01:03:09.805021" level="INFO">{'large': 'https://randomuser.me/api/portraits/women/62.jpg', 'medium': 'https://randomuser.me/api/portraits/med/women/62.jpg', 'thumbnail': 'https://randomuser.me/api/portraits/thumb/women/62.jpg'}</msg>
<arg>${json_data['results'][0]['picture']}</arg>
<doc>Logs the given message with the given level.</doc>
<status status="PASS" start="2024-05-16T01:03:09.804679" elapsed="0.000385"/>
</kw>
<status status="PASS" start="2024-05-16T01:03:09.705942" elapsed="0.099386"/>
</kw>
<kw name="Teste de Tipos de Dados - Postcode" owner="random-user-service">
<kw name="GET On Session" owner="RequestsLibrary">
<msg time="2024-05-16T01:03:09.912688" level="INFO">GET Request : url=https://randomuser.me/api 
 path_url=/api 
 headers={'User-Agent': 'python-requests/2.31.0', 'Accept-Encoding': 'gzip, deflate', 'Accept': '*/*', 'Connection': 'keep-alive'} 
 body=None 
 </msg>
<msg time="2024-05-16T01:03:09.912796" level="INFO">GET Response : url=https://randomuser.me/api 
 status=200, reason=OK 
 headers={'Date': 'Thu, 16 May 2024 01:03:09 GMT', 'Content-Type': 'application/json; charset=utf-8', 'Transfer-Encoding': 'chunked', 'Connection': 'keep-alive', 'X-Powered-By': 'Express', 'Access-Control-Allow-Origin': '*', 'Cache-Control': 'no-cache', 'ETag': 'W/"473-j7DJyacu06xOW8GEivET8WvWkW0"', 'Vary': 'Accept-Encoding', 'Content-Encoding': 'gzip', 'CF-Cache-Status': 'DYNAMIC', 'Report-To': '{"endpoints":[{"url":"https:\\/\\/a.nel.cloudflare.com\\/report\\/v4?s=4u7UZQ4lL64tNReoJPoR%2Fd04yfVacNar6r2aDJt5dSvNm4eAE%2FwlnI%2BjSSRbcdNCpjjy86q1RQoqjFttlfoRCRKAmY1iKNuvX49qcEvRXEBaqlwXEaEdDVopfLBavZMx"}],"group":"cf-nel","max_age":604800}', 'NEL': '{"success_fraction":0,"report_to":"cf-nel","max_age":604800}', 'Server': 'cloudflare', 'CF-RAY': '884772464dcdce58-SJC', 'alt-svc': 'h3=":443"; ma=86400'} 
 body={"results":[{"gender":"female","name":{"title":"Ms","first":"Kelly","last":"Cruz"},"location":{"street":{"number":3846,"name":"Springfield Road"},"city":"Oranmore","state":"Kilkenny","country":"Ireland","postcode":49285,"coordinates":{"latitude":"-1.0376","longitude":"85.9332"},"timezone":{"offset":"+5:45","description":"Kathmandu"}},"email":"kelly.cruz@example.com","login":{"uuid":"92db6cb7-6b4d-4df1-ad57-e1efa9aa9cba","username":"heavywolf209","password":"enforcer","salt":"SqZY7h3Z","md5":"c6faab3a68d462de6871073457519e50","sha1":"a73777f984f2adc2909e533d1df9a2c96a143cda","sha256":"6e3014e3394583a2223c4f91a744107b630f47a98c947e93f6ca68b3488b8e27"},"dob":{"date":"1996-01-06T13:57:36.410Z","age":28},"registered":{"date":"2021-08-02T18:06:50.488Z","age":2},"phone":"051-665-7768","cell":"081-061-7835","id":{"name":"PPS","value":"4189210T"},"picture":{"large":"https://randomuser.me/api/portraits/women/62.jpg","medium":"https://randomuser.me/api/portraits/med/women/62.jpg","thumbnail":"https://randomuser.me/api/portraits/thumb/women/62.jpg"},"nat":"IE"}],"info":{"seed":"4ca89592428cd4e4","results":1,"page":1,"version":"1.4"}} 
 </msg>
<msg time="2024-05-16T01:03:09.912867" level="INFO">/opt/hostedtoolcache/Python/3.12.3/x64/lib/python3.12/site-packages/urllib3/connectionpool.py:1103: InsecureRequestWarning: Unverified HTTPS request is being made to host 'randomuser.me'. Adding certificate verification is strongly advised. See: https://urllib3.readthedocs.io/en/latest/advanced-usage.html#tls-warnings
  warnings.warn(</msg>
<msg time="2024-05-16T01:03:09.912984" level="INFO">${response} = &lt;Response [200]&gt;</msg>
<var>${response}</var>
<arg>consultarAPI</arg>
<arg>/api</arg>
<doc>Sends a GET request on a previously created HTTP Session.</doc>
<status status="PASS" start="2024-05-16T01:03:09.805860" elapsed="0.107159"/>
</kw>
<kw name="Set Variable" owner="BuiltIn">
<msg time="2024-05-16T01:03:09.914063" level="INFO">${json_data} = {'results': [{'gender': 'female', 'name': {'title': 'Ms', 'first': 'Kelly', 'last': 'Cruz'}, 'location': {'street': {'number': 3846, 'name': 'Springfield Road'}, 'city': 'Oranmore', 'state': 'Kilkenny...</msg>
<var>${json_data}</var>
<arg>${response.json()}</arg>
<doc>Returns the given values which can then be assigned to a variables.</doc>
<status status="PASS" start="2024-05-16T01:03:09.913536" elapsed="0.000556"/>
</kw>
<kw name="Log" owner="BuiltIn">
<msg time="2024-05-16T01:03:09.914559" level="INFO">{'results': [{'gender': 'female', 'name': {'title': 'Ms', 'first': 'Kelly', 'last': 'Cruz'}, 'location': {'street': {'number': 3846, 'name': 'Springfield Road'}, 'city': 'Oranmore', 'state': 'Kilkenny', 'country': 'Ireland', 'postcode': 49285, 'coordinates': {'latitude': '-1.0376', 'longitude': '85.9332'}, 'timezone': {'offset': '+5:45', 'description': 'Kathmandu'}}, 'email': 'kelly.cruz@example.com', 'login': {'uuid': '92db6cb7-6b4d-4df1-ad57-e1efa9aa9cba', 'username': 'heavywolf209', 'password': 'enforcer', 'salt': 'SqZY7h3Z', 'md5': 'c6faab3a68d462de6871073457519e50', 'sha1': 'a73777f984f2adc2909e533d1df9a2c96a143cda', 'sha256': '6e3014e3394583a2223c4f91a744107b630f47a98c947e93f6ca68b3488b8e27'}, 'dob': {'date': '1996-01-06T13:57:36.410Z', 'age': 28}, 'registered': {'date': '2021-08-02T18:06:50.488Z', 'age': 2}, 'phone': '051-665-7768', 'cell': '081-061-7835', 'id': {'name': 'PPS', 'value': '4189210T'}, 'picture': {'large': 'https://randomuser.me/api/portraits/women/62.jpg', 'medium': 'https://randomuser.me/api/portraits/med/women/62.jpg', 'thumbnail': 'https://randomuser.me/api/portraits/thumb/women/62.jpg'}, 'nat': 'IE'}], 'info': {'seed': '4ca89592428cd4e4', 'results': 1, 'page': 1, 'version': '1.4'}}</msg>
<arg>${json_data}</arg>
<doc>Logs the given message with the given level.</doc>
<status status="PASS" start="2024-05-16T01:03:09.914403" elapsed="0.000241"/>
</kw>
<kw name="Should Be Equal As Numbers" owner="BuiltIn">
<arg>${json_data['results'][0]['location']['postcode']}</arg>
<arg>${json_data['results'][0]['location']['postcode']}</arg>
<doc>Fails if objects are unequal after converting them to real numbers.</doc>
<status status="PASS" start="2024-05-16T01:03:09.915120" elapsed="0.000620"/>
</kw>
<kw name="Log" owner="BuiltIn">
<msg time="2024-05-16T01:03:09.916270" level="INFO">49285</msg>
<arg>${json_data['results'][0]['location']['postcode']}</arg>
<doc>Logs the given message with the given level.</doc>
<status status="PASS" start="2024-05-16T01:03:09.915933" elapsed="0.000377"/>
</kw>
<status status="PASS" start="2024-05-16T01:03:09.805611" elapsed="0.110953"/>
</kw>
<doc>Testa se os tipos de dados na resposta da API estão corretos.</doc>
<tag>testeTiposDados</tag>
<status status="PASS" start="2024-05-16T01:03:09.705371" elapsed="0.211428"/>
</test>
<test id="s1-s1-t5" name="Validar conteudo" line="35">
<kw name="Teste de Tipos de Conteudo" owner="random-user-service">
<kw name="GET On Session" owner="RequestsLibrary">
<msg time="2024-05-16T01:03:10.009428" level="INFO">GET Request : url=https://randomuser.me/api 
 path_url=/api 
 headers={'User-Agent': 'python-requests/2.31.0', 'Accept-Encoding': 'gzip, deflate', 'Accept': '*/*', 'Connection': 'keep-alive'} 
 body=None 
 </msg>
<msg time="2024-05-16T01:03:10.009528" level="INFO">GET Response : url=https://randomuser.me/api 
 status=200, reason=OK 
 headers={'Date': 'Thu, 16 May 2024 01:03:10 GMT', 'Content-Type': 'application/json; charset=utf-8', 'Transfer-Encoding': 'chunked', 'Connection': 'keep-alive', 'X-Powered-By': 'Express', 'Access-Control-Allow-Origin': '*', 'Cache-Control': 'no-cache', 'ETag': 'W/"4a2-ABs4zyIEaMVe9PslQ5zKwu8xMEI"', 'Vary': 'Accept-Encoding', 'Content-Encoding': 'gzip', 'CF-Cache-Status': 'DYNAMIC', 'Report-To': '{"endpoints":[{"url":"https:\\/\\/a.nel.cloudflare.com\\/report\\/v4?s=x0pMwvK1Xhd%2FZTX8LkExBWvXHhYPlcnfV5VdEidTpNTbg4ob%2BM%2FwC3FSOf9mlcbCB5NpRipi1e%2BUBpTWOH61A40rJnG%2F4hdFgWSIn%2FHDjgbrqD8pA%2FfgOTo5loVDygzY"}],"group":"cf-nel","max_age":604800}', 'NEL': '{"success_fraction":0,"report_to":"cf-nel","max_age":604800}', 'Server': 'cloudflare', 'CF-RAY': '884772470ebfce58-SJC', 'alt-svc': 'h3=":443"; ma=86400'} 
 body={"results":[{"gender":"female","name":{"title":"Madame","first":"Jasmina","last":"Da Silva"},"location":{"street":{"number":1839,"name":"Rue des Ecrivains"},"city":"Manno","state":"Appenzell Ausserrhoden","country":"Switzerland","postcode":3887,"coordinates":{"latitude":"-63.7043","longitude":"127.5651"},"timezone":{"offset":"-3:30","description":"Newfoundland"}},"email":"jasmina.dasilva@example.com","login":{"uuid":"72852b80-a292-40ce-9ac9-e2432b55882f","username":"purpletiger223","password":"rosario","salt":"kMicX6YO","md5":"3f6dbe19d8263663f3330bcf37aa0a42","sha1":"11990b744e135f70a2a2896ddd2df4f1e0ed5eac","sha256":"16343c3bdf4ace02155a7e5dea2b4eb8abe410ed443e829254680842d5a35770"},"dob":{"date":"1959-12-25T01:25:42.382Z","age":64},"registered":{"date":"2007-03-30T12:08:40.502Z","age":17},"phone":"076 551 93 60","cell":"076 415 09 77","id":{"name":"AVS","value":"756.5959.2759.06"},"picture":{"large":"https://randomuser.me/api/portraits/women/14.jpg","medium":"https://randomuser.me/api/portraits/med/women/14.jpg","thumbnail":"https://randomuser.me/api/portraits/thumb/women/14.jpg"},"nat":"CH"}],"info":{"seed":"e06337516354ce37","results":1,"page":1,"version":"1.4"}} 
 </msg>
<msg time="2024-05-16T01:03:10.009599" level="INFO">/opt/hostedtoolcache/Python/3.12.3/x64/lib/python3.12/site-packages/urllib3/connectionpool.py:1103: InsecureRequestWarning: Unverified HTTPS request is being made to host 'randomuser.me'. Adding certificate verification is strongly advised. See: https://urllib3.readthedocs.io/en/latest/advanced-usage.html#tls-warnings
  warnings.warn(</msg>
<msg time="2024-05-16T01:03:10.009726" level="INFO">${response} = &lt;Response [200]&gt;</msg>
<var>${response}</var>
<arg>consultarAPI</arg>
<arg>/api</arg>
<doc>Sends a GET request on a previously created HTTP Session.</doc>
<status status="PASS" start="2024-05-16T01:03:09.919212" elapsed="0.090553"/>
</kw>
<kw name="Set Variable" owner="BuiltIn">
<msg time="2024-05-16T01:03:10.010836" level="INFO">${json_data} = {'results': [{'gender': 'female', 'name': {'title': 'Madame', 'first': 'Jasmina', 'last': 'Da Silva'}, 'location': {'street': {'number': 1839, 'name': 'Rue des Ecrivains'}, 'city': 'Manno', 'state': '...</msg>
<var>${json_data}</var>
<arg>${response.json()}</arg>
<doc>Returns the given values which can then be assigned to a variables.</doc>
<status status="PASS" start="2024-05-16T01:03:10.010281" elapsed="0.000584"/>
</kw>
<kw name="Set Variable" owner="BuiltIn">
<msg time="2024-05-16T01:03:10.011593" level="INFO">${name_title} = Madame</msg>
<var>${name_title}</var>
<arg>${json_data["results"][0]["name"]["title"]}</arg>
<doc>Returns the given values which can then be assigned to a variables.</doc>
<status status="PASS" start="2024-05-16T01:03:10.011202" elapsed="0.000417"/>
</kw>
<kw name="Create List" owner="BuiltIn">
<msg time="2024-05-16T01:03:10.012080" level="INFO">${allowed_titles} = ['Mr', 'Ms', 'Miss', 'Mrs', 'Madame', 'Monsieur']</msg>
<var>${allowed_titles}</var>
<arg>Mr</arg>
<arg>Ms</arg>
<arg>Miss</arg>
<arg>Mrs</arg>
<arg>Madame</arg>
<arg>Monsieur</arg>
<doc>Returns a list containing given items.</doc>
<status status="PASS" start="2024-05-16T01:03:10.011929" elapsed="0.000175"/>
</kw>
<kw name="List Should Contain Value" owner="Collections">
<msg time="2024-05-16T01:03:10.012589" level="INFO">False</msg>
<arg>${allowed_titles}</arg>
<arg>${name_title}</arg>
<doc>Fails if the ``value`` is not found from ``list``.</doc>
<status status="PASS" start="2024-05-16T01:03:10.012412" elapsed="0.000253"/>
</kw>
<kw name="Set Variable" owner="BuiltIn">
<msg time="2024-05-16T01:03:10.013353" level="INFO">${name_country} = CH</msg>
<var>${name_country}</var>
<arg>${json_data["results"][0]["nat"]}</arg>
<doc>Returns the given values which can then be assigned to a variables.</doc>
<status status="PASS" start="2024-05-16T01:03:10.012970" elapsed="0.000410"/>
</kw>
<kw name="Create List" owner="BuiltIn">
<msg time="2024-05-16T01:03:10.014293" level="INFO">${list_country} = ['AD', 'AE', 'AF', 'AG', 'AI', 'AL', 'AM', 'AO', 'AQ', 'AR', 'AS', 'AT', 'AU', 'AW', 'AX', 'AZ', 'BA', 'BB', 'BD', 'BE', 'BF', 'BG', 'BH', 'BI', 'BJ', 'BL', 'BM', 'BN', 'BO', 'BQ', 'BR', 'BS', 'BT', '...</msg>
<var>${list_country}</var>
<arg>AD</arg>
<arg>AE</arg>
<arg>AF</arg>
<arg>AG</arg>
<arg>AI</arg>
<arg>AL</arg>
<arg>AM</arg>
<arg>AO</arg>
<arg>AQ</arg>
<arg>AR</arg>
<arg>AS</arg>
<arg>AT</arg>
<arg>AU</arg>
<arg>AW</arg>
<arg>AX</arg>
<arg>AZ</arg>
<arg>BA</arg>
<arg>BB</arg>
<arg>BD</arg>
<arg>BE</arg>
<arg>BF</arg>
<arg>BG</arg>
<arg>BH</arg>
<arg>BI</arg>
<arg>BJ</arg>
<arg>BL</arg>
<arg>BM</arg>
<arg>BN</arg>
<arg>BO</arg>
<arg>BQ</arg>
<arg>BR</arg>
<arg>BS</arg>
<arg>BT</arg>
<arg>BV</arg>
<arg>BW</arg>
<arg>BY</arg>
<arg>BZ</arg>
<arg>CA</arg>
<arg>CC</arg>
<arg>CD</arg>
<arg>CF</arg>
<arg>CG</arg>
<arg>CH</arg>
<arg>CI</arg>
<arg>CK</arg>
<arg>CL</arg>
<arg>CM</arg>
<arg>CN</arg>
<arg>CO</arg>
<arg>CR</arg>
<arg>CU</arg>
<arg>CV</arg>
<arg>CW</arg>
<arg>CX</arg>
<arg>CY</arg>
<arg>CZ</arg>
<arg>DE</arg>
<arg>DJ</arg>
<arg>DK</arg>
<arg>DM</arg>
<arg>DO</arg>
<arg>DZ</arg>
<arg>EC</arg>
<arg>EE</arg>
<arg>EG</arg>
<arg>EH</arg>
<arg>ER</arg>
<arg>ES</arg>
<arg>ET</arg>
<arg>FI</arg>
<arg>FJ</arg>
<arg>FK</arg>
<arg>FM</arg>
<arg>FO</arg>
<arg>FR</arg>
<arg>GA</arg>
<arg>GB</arg>
<arg>GD</arg>
<arg>GE</arg>
<arg>GF</arg>
<arg>GG</arg>
<arg>GH</arg>
<arg>GI</arg>
<arg>GL</arg>
<arg>GM</arg>
<arg>GN</arg>
<arg>GP</arg>
<arg>GQ</arg>
<arg>GR</arg>
<arg>GS</arg>
<arg>GT</arg>
<arg>GU</arg>
<arg>GW</arg>
<arg>GY</arg>
<arg>HK</arg>
<arg>HM</arg>
<arg>HN</arg>
<arg>HR</arg>
<arg>HT</arg>
<arg>HU</arg>
<arg>ID</arg>
<arg>IE</arg>
<arg>IL</arg>
<arg>IM</arg>
<arg>IN</arg>
<arg>IO</arg>
<arg>IQ</arg>
<arg>IR</arg>
<arg>IS</arg>
<arg>IT</arg>
<arg>JE</arg>
<arg>JM</arg>
<arg>JO</arg>
<arg>JP</arg>
<arg>KE</arg>
<arg>KG</arg>
<arg>KH</arg>
<arg>KI</arg>
<arg>KM</arg>
<arg>KN</arg>
<arg>KP</arg>
<arg>KR</arg>
<arg>KW</arg>
<arg>KY</arg>
<arg>KZ</arg>
<arg>LA</arg>
<arg>LB</arg>
<arg>LC</arg>
<arg>LI</arg>
<arg>LK</arg>
<arg>LR</arg>
<arg>LS</arg>
<arg>LT</arg>
<arg>LU</arg>
<arg>LV</arg>
<arg>LY</arg>
<arg>MA</arg>
<arg>MC</arg>
<arg>MD</arg>
<arg>ME</arg>
<arg>MF</arg>
<arg>MG</arg>
<arg>MH</arg>
<arg>MK</arg>
<arg>ML</arg>
<arg>MM</arg>
<arg>MN</arg>
<arg>MO</arg>
<arg>MP</arg>
<arg>MQ</arg>
<arg>MR</arg>
<arg>MS</arg>
<arg>MT</arg>
<arg>MU</arg>
<arg>MV</arg>
<arg>MW</arg>
<arg>MX</arg>
<arg>MY</arg>
<arg>MZ</arg>
<arg>NA</arg>
<arg>NC</arg>
<arg>NE</arg>
<arg>NF</arg>
<arg>NG</arg>
<arg>NI</arg>
<arg>NL</arg>
<arg>NO</arg>
<arg>NP</arg>
<arg>NR</arg>
<arg>NU</arg>
<arg>NZ</arg>
<arg>OM</arg>
<arg>PA</arg>
<arg>PE</arg>
<arg>PF</arg>
<arg>PG</arg>
<arg>PH</arg>
<arg>PK</arg>
<arg>PL</arg>
<arg>PM</arg>
<arg>PN</arg>
<arg>PR</arg>
<arg>PS</arg>
<arg>PT</arg>
<arg>PW</arg>
<arg>PY</arg>
<arg>QA</arg>
<arg>RE</arg>
<arg>RO</arg>
<arg>RS</arg>
<arg>RU</arg>
<arg>RW</arg>
<arg>SA</arg>
<arg>SB</arg>
<arg>SC</arg>
<arg>SD</arg>
<arg>SE</arg>
<arg>SG</arg>
<arg>SH</arg>
<arg>SI</arg>
<arg>SJ</arg>
<arg>SK</arg>
<arg>SL</arg>
<arg>SM</arg>
<arg>SN</arg>
<arg>SO</arg>
<arg>SR</arg>
<arg>SS</arg>
<arg>ST</arg>
<arg>SV</arg>
<arg>SX</arg>
<arg>SY</arg>
<arg>SZ</arg>
<arg>TC</arg>
<arg>TD</arg>
<arg>TF</arg>
<arg>TG</arg>
<arg>TH</arg>
<arg>TJ</arg>
<arg>TK</arg>
<arg>TL</arg>
<arg>TM</arg>
<arg>TN</arg>
<arg>TO</arg>
<arg>TR</arg>
<arg>TT</arg>
<arg>TV</arg>
<arg>TW</arg>
<arg>TZ</arg>
<arg>UA</arg>
<arg>UG</arg>
<arg>UM</arg>
<arg>US</arg>
<arg>UY</arg>
<arg>UZ</arg>
<arg>VA</arg>
<arg>VC</arg>
<arg>VE</arg>
<arg>VG</arg>
<arg>VI</arg>
<arg>VN</arg>
<arg>VU</arg>
<arg>WF</arg>
<arg>WS</arg>
<arg>XK</arg>
<arg>YE</arg>
<arg>YT</arg>
<arg>ZA</arg>
<arg>ZM</arg>
<arg>ZW</arg>
<doc>Returns a list containing given items.</doc>
<status status="PASS" start="2024-05-16T01:03:10.013699" elapsed="0.000619"/>
</kw>
<kw name="List Should Contain Value" owner="Collections">
<msg time="2024-05-16T01:03:10.015311" level="INFO">False</msg>
<arg>${list_country}</arg>
<arg>${name_country}</arg>
<doc>Fails if the ``value`` is not found from ``list``.</doc>
<status status="PASS" start="2024-05-16T01:03:10.015109" elapsed="0.000238"/>
</kw>
<kw name="Run Keyword If" owner="BuiltIn">
<kw name="Should Be True" owner="BuiltIn">
<arg>${True}</arg>
<doc>Fails if the given condition is not true.</doc>
<status status="PASS" start="2024-05-16T01:03:10.016419" elapsed="0.000300"/>
</kw>
<arg>${json_data["results"][0]["location"]["coordinates"]["latitude"]} &gt;= -90 and ${json_data["results"][0]["location"]["coordinates"]["latitude"]} &lt;= 90</arg>
<arg>Should Be True</arg>
<arg>${True}</arg>
<doc>Runs the given keyword with the given arguments, if ``condition`` is true.</doc>
<status status="PASS" start="2024-05-16T01:03:10.015663" elapsed="0.001200"/>
</kw>
<kw name="Run Keyword If" owner="BuiltIn">
<kw name="Should Be True" owner="BuiltIn">
<arg>${True}</arg>
<doc>Fails if the given condition is not true.</doc>
<status status="PASS" start="2024-05-16T01:03:10.017763" elapsed="0.000142"/>
</kw>
<arg>${json_data["results"][0]["location"]["coordinates"]["longitude"]} &gt;= -180 and ${json_data["results"][0]["location"]["coordinates"]["longitude"]} &lt;= 180</arg>
<arg>Should Be True</arg>
<arg>${True}</arg>
<doc>Runs the given keyword with the given arguments, if ``condition`` is true.</doc>
<status status="PASS" start="2024-05-16T01:03:10.017056" elapsed="0.000974"/>
</kw>
<status status="PASS" start="2024-05-16T01:03:09.918987" elapsed="0.099178"/>
</kw>
<doc>Testa o conteúdo específico dos campos retornados pela API.</doc>
<tag>testeConteudo</tag>
<status status="PASS" start="2024-05-16T01:03:09.918518" elapsed="0.099801"/>
</test>
<status status="PASS" start="2024-05-16T01:03:08.750257" elapsed="1.269983"/>
</suite>
<status status="PASS" start="2024-05-16T01:03:08.736380" elapsed="1.289069"/>
</suite>
<statistics>
<total>
<stat pass="5" fail="0" skip="0">All Tests</stat>
</total>
<tag>
<stat pass="1" fail="0" skip="0">testeConteudo</stat>
<stat pass="1" fail="0" skip="0">testeEstruturaResposta</stat>
<stat pass="1" fail="0" skip="0">testeRequisicaoBasica</stat>
<stat pass="1" fail="0" skip="0">testeTiposDados</stat>
</tag>
<suite>
<stat pass="5" fail="0" skip="0" id="s1" name="Tests">Tests</stat>
<stat pass="5" fail="0" skip="0" id="s1-s1" name="Random-User-Test">Tests.Random-User-Test</stat>
</suite>
</statistics>
<errors>
</errors>
</robot>
