<?xml version="1.0" encoding="UTF-8"?>
<robot generator="Robot 7.0 (Python 3.12.3 on linux)" generated="2024-04-18T02:23:07.269936" rpa="false" schemaversion="5">
<suite id="s1" name="Tests" source="/home/runner/work/DesafioQAItauRogerioJordao/DesafioQAItauRogerioJordao/RamdonUser/tests">
<suite id="s1-s1" name="Random-User-Test" source="/home/runner/work/DesafioQAItauRogerioJordao/DesafioQAItauRogerioJordao/RamdonUser/tests/random-user-test.robot">
<test id="s1-s1-t1" name="Conectar" line="13">
<kw name="Conectar API" owner="random-user-service">
<kw name="Create Session" owner="RequestsLibrary">
<msg time="2024-04-18T02:23:07.650246" level="INFO">Creating Session using : alias=consultarAPI, url=https://randomuser.me/, headers={},                     cookies={}, auth=None, timeout=None, proxies=None, verify=False,                     debug=0 </msg>
<arg>consultarAPI</arg>
<arg>${URL}</arg>
<doc>Create Session: create a HTTP session to a server</doc>
<status status="PASS" start="2024-04-18T02:23:07.650031" elapsed="0.000435"/>
</kw>
<status status="PASS" start="2024-04-18T02:23:07.649012" elapsed="0.001850"/>
</kw>
<status status="PASS" start="2024-04-18T02:23:07.648425" elapsed="0.002653"/>
</test>
<test id="s1-s1-t2" name="Validar retorno 200 e JSON Válido" line="16">
<kw name="Teste de Requisicao Basica" owner="random-user-service">
<kw name="GET On Session" owner="RequestsLibrary">
<msg time="2024-04-18T02:23:07.830309" level="INFO">GET Request : url=https://randomuser.me/api 
 path_url=/api 
 headers={'User-Agent': 'python-requests/2.31.0', 'Accept-Encoding': 'gzip, deflate', 'Accept': '*/*', 'Connection': 'keep-alive'} 
 body=None 
 </msg>
<msg time="2024-04-18T02:23:07.830494" level="INFO">GET Response : url=https://randomuser.me/api 
 status=200, reason=OK 
 headers={'Date': 'Thu, 18 Apr 2024 02:23:07 GMT', 'Content-Type': 'application/json; charset=utf-8', 'Transfer-Encoding': 'chunked', 'Connection': 'keep-alive', 'X-Powered-By': 'Express', 'Access-Control-Allow-Origin': '*', 'Cache-Control': 'no-cache', 'ETag': 'W/"488-ve9wH2wyFQYTT60CJCLrgjBdgL4"', 'Vary': 'Accept-Encoding', 'Content-Encoding': 'gzip', 'CF-Cache-Status': 'DYNAMIC', 'Report-To': '{"endpoints":[{"url":"https:\\/\\/a.nel.cloudflare.com\\/report\\/v4?s=GxMMeuQgVagZWan1JI7QKkKw5ypwdPer5zeo6kafZFADxlTA0wKvL2760rxxdFIR1vCb%2BeL51AGnm4AmMwSTFfxJootOZ3ziTCH%2B%2B4KgDGTWVWaHzWAknZ3BeaAckbdT"}],"group":"cf-nel","max_age":604800}', 'NEL': '{"success_fraction":0,"report_to":"cf-nel","max_age":604800}', 'Server': 'cloudflare', 'CF-RAY': '876130e9a9099c3d-IAD', 'alt-svc': 'h3=":443"; ma=86400'} 
 body={"results":[{"gender":"female","name":{"title":"Ms","first":"Loane","last":"Muller"},"location":{"street":{"number":2549,"name":"Montée du Chemin-Neuf"},"city":"Créteil","state":"Cantal","country":"France","postcode":41041,"coordinates":{"latitude":"-13.0143","longitude":"6.7517"},"timezone":{"offset":"-3:30","description":"Newfoundland"}},"email":"loane.muller@example.com","login":{"uuid":"9bf54242-52d0-4956-a73b-c86b15e586ff","username":"sadrabbit574","password":"chicago1","salt":"l1bKwAAC","md5":"097a1f232558bca76ecd40b57ff2ad59","sha1":"08a72e66e2427809ea18ff257f27f97e4c4d9d4b","sha256":"2b6040975dca8915a6ad4831e5229dc66c63ee1df8379b28804fc855edf400bd"},"dob":{"date":"1969-02-10T15:10:42.056Z","age":55},"registered":{"date":"2017-05-07T02:15:48.439Z","age":6},"phone":"02-83-54-99-86","cell":"06-12-10-00-34","id":{"name":"INSEE","value":"2690178619548 46"},"picture":{"large":"https://randomuser.me/api/portraits/women/8.jpg","medium":"https://randomuser.me/api/portraits/med/women/8.jpg","thumbnail":"https://randomuser.me/api/portraits/thumb/women/8.jpg"},"nat":"FR"}],"info":{"seed":"a9996469eb07b978","results":1,"page":1,"version":"1.4"}} 
 </msg>
<msg time="2024-04-18T02:23:07.830592" level="INFO">/opt/hostedtoolcache/Python/3.12.3/x64/lib/python3.12/site-packages/urllib3/connectionpool.py:1103: InsecureRequestWarning: Unverified HTTPS request is being made to host 'randomuser.me'. Adding certificate verification is strongly advised. See: https://urllib3.readthedocs.io/en/latest/advanced-usage.html#tls-warnings
  warnings.warn(</msg>
<msg time="2024-04-18T02:23:07.830740" level="INFO">${response} = &lt;Response [200]&gt;</msg>
<var>${response}</var>
<arg>consultarAPI</arg>
<arg>/api</arg>
<doc>Sends a GET request on a previously created HTTP Session.</doc>
<status status="PASS" start="2024-04-18T02:23:07.653895" elapsed="0.176888"/>
</kw>
<kw name="Should Be Equal As Numbers" owner="BuiltIn">
<msg time="2024-04-18T02:23:07.832009" level="INFO">Argument types are:
&lt;class 'int'&gt;
&lt;class 'str'&gt;</msg>
<arg>${response.status_code}</arg>
<arg>200</arg>
<doc>Fails if objects are unequal after converting them to real numbers.</doc>
<status status="PASS" start="2024-04-18T02:23:07.831482" elapsed="0.000607"/>
</kw>
<kw name="Log" owner="BuiltIn">
<msg time="2024-04-18T02:23:07.832867" level="INFO">200</msg>
<arg>${response.status_code}</arg>
<doc>Logs the given message with the given level.</doc>
<status status="PASS" start="2024-04-18T02:23:07.832495" elapsed="0.000417"/>
</kw>
<kw name="Set Variable" owner="BuiltIn">
<msg time="2024-04-18T02:23:07.833688" level="INFO">${json_data} = {'results': [{'gender': 'female', 'name': {'title': 'Ms', 'first': 'Loane', 'last': 'Muller'}, 'location': {'street': {'number': 2549, 'name': 'Montée du Chemin-Neuf'}, 'city': 'Créteil', 'state': 'Ca...</msg>
<var>${json_data}</var>
<arg>${response.json()}</arg>
<doc>Returns the given values which can then be assigned to a variables.</doc>
<status status="PASS" start="2024-04-18T02:23:07.833236" elapsed="0.000481"/>
</kw>
<kw name="Dictionary Should Contain Key" owner="Collections">
<msg time="2024-04-18T02:23:07.834210" level="INFO">False</msg>
<arg>${json_data}</arg>
<arg>results</arg>
<doc>Fails if ``key`` is not found from ``dictionary``.</doc>
<status status="PASS" start="2024-04-18T02:23:07.834032" elapsed="0.000219"/>
</kw>
<status status="PASS" start="2024-04-18T02:23:07.653625" elapsed="0.180929"/>
</kw>
<doc>Testa se a API responde corretamente e retorna um objeto JSON válido.</doc>
<tag>testeRequisicaoBasica</tag>
<status status="PASS" start="2024-04-18T02:23:07.653124" elapsed="0.181624"/>
</test>
<test id="s1-s1-t3" name="Validar estrutura de resposta" line="22">
<kw name="Teste de Estrutura de Resposta" owner="random-user-service">
<kw name="GET On Session" owner="RequestsLibrary">
<msg time="2024-04-18T02:23:07.922068" level="INFO">GET Request : url=https://randomuser.me/api 
 path_url=/api 
 headers={'User-Agent': 'python-requests/2.31.0', 'Accept-Encoding': 'gzip, deflate', 'Accept': '*/*', 'Connection': 'keep-alive'} 
 body=None 
 </msg>
<msg time="2024-04-18T02:23:07.922169" level="INFO">GET Response : url=https://randomuser.me/api 
 status=200, reason=OK 
 headers={'Date': 'Thu, 18 Apr 2024 02:23:07 GMT', 'Content-Type': 'application/json; charset=utf-8', 'Transfer-Encoding': 'chunked', 'Connection': 'keep-alive', 'X-Powered-By': 'Express', 'Access-Control-Allow-Origin': '*', 'Cache-Control': 'no-cache', 'ETag': 'W/"49f-XyjRJmhnF99qVnVIWUd27J5cKg8"', 'Vary': 'Accept-Encoding', 'Content-Encoding': 'gzip', 'CF-Cache-Status': 'DYNAMIC', 'Report-To': '{"endpoints":[{"url":"https:\\/\\/a.nel.cloudflare.com\\/report\\/v4?s=AHWjzfVt8%2BSuKoB2Sl8hqCVhXoQwK5uwkAz7I1lTlKsT99mWEb2%2Bd2nrCh4hrNzmOjW9pMc%2BUG1ck09plw6kVFNmf%2BCR8DK3iUg3HFKaFcxTMqSOQJUR4JuosKPvKa9O"}],"group":"cf-nel","max_age":604800}', 'NEL': '{"success_fraction":0,"report_to":"cf-nel","max_age":604800}', 'Server': 'cloudflare', 'CF-RAY': '876130e9f96d9c3d-IAD', 'alt-svc': 'h3=":443"; ma=86400'} 
 body={"results":[{"gender":"female","name":{"title":"Miss","first":"Nuria","last":"Carrasco"},"location":{"street":{"number":8519,"name":"Calle de Ángel García"},"city":"Castellón de la Plana","state":"Canarias","country":"Spain","postcode":94603,"coordinates":{"latitude":"-33.1748","longitude":"77.9833"},"timezone":{"offset":"-1:00","description":"Azores, Cape Verde Islands"}},"email":"nuria.carrasco@example.com","login":{"uuid":"b206db22-f818-4743-b97a-44678bfc2696","username":"redfrog329","password":"italia","salt":"GeGEso9J","md5":"4517430fb77b75e51d5b6f0235248d07","sha1":"60f0d5cf4fe6f7fa9a09042b7b0084234954b263","sha256":"633647f9435f31db2d13174879e8af3deaabc767b06de845cbee7d7a1346accf"},"dob":{"date":"1967-02-08T06:50:06.562Z","age":57},"registered":{"date":"2012-02-09T03:50:13.117Z","age":12},"phone":"979-713-644","cell":"665-366-826","id":{"name":"DNI","value":"06699658-V"},"picture":{"large":"https://randomuser.me/api/portraits/women/51.jpg","medium":"https://randomuser.me/api/portraits/med/women/51.jpg","thumbnail":"https://randomuser.me/api/portraits/thumb/women/51.jpg"},"nat":"ES"}],"info":{"seed":"34158392f18c2455","results":1,"page":1,"version":"1.4"}} 
 </msg>
<msg time="2024-04-18T02:23:07.922296" level="INFO">/opt/hostedtoolcache/Python/3.12.3/x64/lib/python3.12/site-packages/urllib3/connectionpool.py:1103: InsecureRequestWarning: Unverified HTTPS request is being made to host 'randomuser.me'. Adding certificate verification is strongly advised. See: https://urllib3.readthedocs.io/en/latest/advanced-usage.html#tls-warnings
  warnings.warn(</msg>
<msg time="2024-04-18T02:23:07.922427" level="INFO">${response} = &lt;Response [200]&gt;</msg>
<var>${response}</var>
<arg>consultarAPI</arg>
<arg>/api</arg>
<doc>Sends a GET request on a previously created HTTP Session.</doc>
<status status="PASS" start="2024-04-18T02:23:07.837794" elapsed="0.084702"/>
</kw>
<kw name="Set Variable" owner="BuiltIn">
<msg time="2024-04-18T02:23:07.923752" level="INFO">${json_data} = {'results': [{'gender': 'female', 'name': {'title': 'Miss', 'first': 'Nuria', 'last': 'Carrasco'}, 'location': {'street': {'number': 8519, 'name': 'Calle de Ángel García'}, 'city': 'Castellón de la Pl...</msg>
<var>${json_data}</var>
<arg>${response.json()}</arg>
<doc>Returns the given values which can then be assigned to a variables.</doc>
<status status="PASS" start="2024-04-18T02:23:07.923154" elapsed="0.000629"/>
</kw>
<kw name="Log" owner="BuiltIn">
<msg time="2024-04-18T02:23:07.924305" level="INFO">{'results': [{'gender': 'female', 'name': {'title': 'Miss', 'first': 'Nuria', 'last': 'Carrasco'}, 'location': {'street': {'number': 8519, 'name': 'Calle de Ángel García'}, 'city': 'Castellón de la Plana', 'state': 'Canarias', 'country': 'Spain', 'postcode': 94603, 'coordinates': {'latitude': '-33.1748', 'longitude': '77.9833'}, 'timezone': {'offset': '-1:00', 'description': 'Azores, Cape Verde Islands'}}, 'email': 'nuria.carrasco@example.com', 'login': {'uuid': 'b206db22-f818-4743-b97a-44678bfc2696', 'username': 'redfrog329', 'password': 'italia', 'salt': 'GeGEso9J', 'md5': '4517430fb77b75e51d5b6f0235248d07', 'sha1': '60f0d5cf4fe6f7fa9a09042b7b0084234954b263', 'sha256': '633647f9435f31db2d13174879e8af3deaabc767b06de845cbee7d7a1346accf'}, 'dob': {'date': '1967-02-08T06:50:06.562Z', 'age': 57}, 'registered': {'date': '2012-02-09T03:50:13.117Z', 'age': 12}, 'phone': '979-713-644', 'cell': '665-366-826', 'id': {'name': 'DNI', 'value': '06699658-V'}, 'picture': {'large': 'https://randomuser.me/api/portraits/women/51.jpg', 'medium': 'https://randomuser.me/api/portraits/med/women/51.jpg', 'thumbnail': 'https://randomuser.me/api/portraits/thumb/women/51.jpg'}, 'nat': 'ES'}], 'info': {'seed': '34158392f18c2455', 'results': 1, 'page': 1, 'version': '1.4'}}</msg>
<arg>${json_data}</arg>
<doc>Logs the given message with the given level.</doc>
<status status="PASS" start="2024-04-18T02:23:07.924133" elapsed="0.000237"/>
</kw>
<kw name="Dictionary Should Contain Key" owner="Collections">
<msg time="2024-04-18T02:23:07.924852" level="INFO">False</msg>
<arg>${json_data}</arg>
<arg>results</arg>
<doc>Fails if ``key`` is not found from ``dictionary``.</doc>
<status status="PASS" start="2024-04-18T02:23:07.924679" elapsed="0.000211"/>
</kw>
<kw name="Should Not Be Empty" owner="BuiltIn">
<msg time="2024-04-18T02:23:07.925322" level="INFO">Length is 2.</msg>
<arg>${json_data}</arg>
<doc>Verifies that the given item is not empty.</doc>
<status status="PASS" start="2024-04-18T02:23:07.925190" elapsed="0.000347"/>
</kw>
<kw name="Create List" owner="BuiltIn">
<msg time="2024-04-18T02:23:07.925999" level="INFO">${expected_keys} = ['gender', 'name', 'location', 'email', 'login']</msg>
<var>${expected_keys}</var>
<arg>gender</arg>
<arg>name</arg>
<arg>location</arg>
<arg>email</arg>
<arg>login</arg>
<doc>Returns a list containing given items.</doc>
<status status="PASS" start="2024-04-18T02:23:07.925839" elapsed="0.000185"/>
</kw>
<for flavor="IN">
<iter>
<kw name="Dictionary Should Contain Key" owner="Collections">
<msg time="2024-04-18T02:23:07.927084" level="INFO">False</msg>
<arg>${json_data['results'][0]}</arg>
<arg>${key}</arg>
<doc>Fails if ``key`` is not found from ``dictionary``.</doc>
<status status="PASS" start="2024-04-18T02:23:07.926664" elapsed="0.000459"/>
</kw>
<kw name="Log" owner="BuiltIn">
<msg time="2024-04-18T02:23:07.927803" level="INFO">{'gender': 'female', 'name': {'title': 'Miss', 'first': 'Nuria', 'last': 'Carrasco'}, 'location': {'street': {'number': 8519, 'name': 'Calle de Ángel García'}, 'city': 'Castellón de la Plana', 'state': 'Canarias', 'country': 'Spain', 'postcode': 94603, 'coordinates': {'latitude': '-33.1748', 'longitude': '77.9833'}, 'timezone': {'offset': '-1:00', 'description': 'Azores, Cape Verde Islands'}}, 'email': 'nuria.carrasco@example.com', 'login': {'uuid': 'b206db22-f818-4743-b97a-44678bfc2696', 'username': 'redfrog329', 'password': 'italia', 'salt': 'GeGEso9J', 'md5': '4517430fb77b75e51d5b6f0235248d07', 'sha1': '60f0d5cf4fe6f7fa9a09042b7b0084234954b263', 'sha256': '633647f9435f31db2d13174879e8af3deaabc767b06de845cbee7d7a1346accf'}, 'dob': {'date': '1967-02-08T06:50:06.562Z', 'age': 57}, 'registered': {'date': '2012-02-09T03:50:13.117Z', 'age': 12}, 'phone': '979-713-644', 'cell': '665-366-826', 'id': {'name': 'DNI', 'value': '06699658-V'}, 'picture': {'large': 'https://randomuser.me/api/portraits/women/51.jpg', 'medium': 'https://randomuser.me/api/portraits/med/women/51.jpg', 'thumbnail': 'https://randomuser.me/api/portraits/thumb/women/51.jpg'}, 'nat': 'ES'}</msg>
<arg>${json_data['results'][0]}</arg>
<doc>Logs the given message with the given level.</doc>
<status status="PASS" start="2024-04-18T02:23:07.927429" elapsed="0.000425"/>
</kw>
<kw name="Log" owner="BuiltIn">
<msg time="2024-04-18T02:23:07.928286" level="INFO">gender</msg>
<arg>${key}</arg>
<doc>Logs the given message with the given level.</doc>
<status status="PASS" start="2024-04-18T02:23:07.928156" elapsed="0.000168"/>
</kw>
<var name="${key}">gender</var>
<status status="PASS" start="2024-04-18T02:23:07.926520" elapsed="0.002018"/>
</iter>
<iter>
<kw name="Dictionary Should Contain Key" owner="Collections">
<msg time="2024-04-18T02:23:07.929251" level="INFO">False</msg>
<arg>${json_data['results'][0]}</arg>
<arg>${key}</arg>
<doc>Fails if ``key`` is not found from ``dictionary``.</doc>
<status status="PASS" start="2024-04-18T02:23:07.928853" elapsed="0.000435"/>
</kw>
<kw name="Log" owner="BuiltIn">
<msg time="2024-04-18T02:23:07.929984" level="INFO">{'gender': 'female', 'name': {'title': 'Miss', 'first': 'Nuria', 'last': 'Carrasco'}, 'location': {'street': {'number': 8519, 'name': 'Calle de Ángel García'}, 'city': 'Castellón de la Plana', 'state': 'Canarias', 'country': 'Spain', 'postcode': 94603, 'coordinates': {'latitude': '-33.1748', 'longitude': '77.9833'}, 'timezone': {'offset': '-1:00', 'description': 'Azores, Cape Verde Islands'}}, 'email': 'nuria.carrasco@example.com', 'login': {'uuid': 'b206db22-f818-4743-b97a-44678bfc2696', 'username': 'redfrog329', 'password': 'italia', 'salt': 'GeGEso9J', 'md5': '4517430fb77b75e51d5b6f0235248d07', 'sha1': '60f0d5cf4fe6f7fa9a09042b7b0084234954b263', 'sha256': '633647f9435f31db2d13174879e8af3deaabc767b06de845cbee7d7a1346accf'}, 'dob': {'date': '1967-02-08T06:50:06.562Z', 'age': 57}, 'registered': {'date': '2012-02-09T03:50:13.117Z', 'age': 12}, 'phone': '979-713-644', 'cell': '665-366-826', 'id': {'name': 'DNI', 'value': '06699658-V'}, 'picture': {'large': 'https://randomuser.me/api/portraits/women/51.jpg', 'medium': 'https://randomuser.me/api/portraits/med/women/51.jpg', 'thumbnail': 'https://randomuser.me/api/portraits/thumb/women/51.jpg'}, 'nat': 'ES'}</msg>
<arg>${json_data['results'][0]}</arg>
<doc>Logs the given message with the given level.</doc>
<status status="PASS" start="2024-04-18T02:23:07.929615" elapsed="0.000420"/>
</kw>
<kw name="Log" owner="BuiltIn">
<msg time="2024-04-18T02:23:07.930505" level="INFO">name</msg>
<arg>${key}</arg>
<doc>Logs the given message with the given level.</doc>
<status status="PASS" start="2024-04-18T02:23:07.930342" elapsed="0.000213"/>
</kw>
<var name="${key}">name</var>
<status status="PASS" start="2024-04-18T02:23:07.928735" elapsed="0.002041"/>
</iter>
<iter>
<kw name="Dictionary Should Contain Key" owner="Collections">
<msg time="2024-04-18T02:23:07.931497" level="INFO">False</msg>
<arg>${json_data['results'][0]}</arg>
<arg>${key}</arg>
<doc>Fails if ``key`` is not found from ``dictionary``.</doc>
<status status="PASS" start="2024-04-18T02:23:07.931076" elapsed="0.000460"/>
</kw>
<kw name="Log" owner="BuiltIn">
<msg time="2024-04-18T02:23:07.932217" level="INFO">{'gender': 'female', 'name': {'title': 'Miss', 'first': 'Nuria', 'last': 'Carrasco'}, 'location': {'street': {'number': 8519, 'name': 'Calle de Ángel García'}, 'city': 'Castellón de la Plana', 'state': 'Canarias', 'country': 'Spain', 'postcode': 94603, 'coordinates': {'latitude': '-33.1748', 'longitude': '77.9833'}, 'timezone': {'offset': '-1:00', 'description': 'Azores, Cape Verde Islands'}}, 'email': 'nuria.carrasco@example.com', 'login': {'uuid': 'b206db22-f818-4743-b97a-44678bfc2696', 'username': 'redfrog329', 'password': 'italia', 'salt': 'GeGEso9J', 'md5': '4517430fb77b75e51d5b6f0235248d07', 'sha1': '60f0d5cf4fe6f7fa9a09042b7b0084234954b263', 'sha256': '633647f9435f31db2d13174879e8af3deaabc767b06de845cbee7d7a1346accf'}, 'dob': {'date': '1967-02-08T06:50:06.562Z', 'age': 57}, 'registered': {'date': '2012-02-09T03:50:13.117Z', 'age': 12}, 'phone': '979-713-644', 'cell': '665-366-826', 'id': {'name': 'DNI', 'value': '06699658-V'}, 'picture': {'large': 'https://randomuser.me/api/portraits/women/51.jpg', 'medium': 'https://randomuser.me/api/portraits/med/women/51.jpg', 'thumbnail': 'https://randomuser.me/api/portraits/thumb/women/51.jpg'}, 'nat': 'ES'}</msg>
<arg>${json_data['results'][0]}</arg>
<doc>Logs the given message with the given level.</doc>
<status status="PASS" start="2024-04-18T02:23:07.931842" elapsed="0.000425"/>
</kw>
<kw name="Log" owner="BuiltIn">
<msg time="2024-04-18T02:23:07.932692" level="INFO">location</msg>
<arg>${key}</arg>
<doc>Logs the given message with the given level.</doc>
<status status="PASS" start="2024-04-18T02:23:07.932564" elapsed="0.000166"/>
</kw>
<var name="${key}">location</var>
<status status="PASS" start="2024-04-18T02:23:07.930962" elapsed="0.001983"/>
</iter>
<iter>
<kw name="Dictionary Should Contain Key" owner="Collections">
<msg time="2024-04-18T02:23:07.933619" level="INFO">False</msg>
<arg>${json_data['results'][0]}</arg>
<arg>${key}</arg>
<doc>Fails if ``key`` is not found from ``dictionary``.</doc>
<status status="PASS" start="2024-04-18T02:23:07.933233" elapsed="0.000425"/>
</kw>
<kw name="Log" owner="BuiltIn">
<msg time="2024-04-18T02:23:07.934331" level="INFO">{'gender': 'female', 'name': {'title': 'Miss', 'first': 'Nuria', 'last': 'Carrasco'}, 'location': {'street': {'number': 8519, 'name': 'Calle de Ángel García'}, 'city': 'Castellón de la Plana', 'state': 'Canarias', 'country': 'Spain', 'postcode': 94603, 'coordinates': {'latitude': '-33.1748', 'longitude': '77.9833'}, 'timezone': {'offset': '-1:00', 'description': 'Azores, Cape Verde Islands'}}, 'email': 'nuria.carrasco@example.com', 'login': {'uuid': 'b206db22-f818-4743-b97a-44678bfc2696', 'username': 'redfrog329', 'password': 'italia', 'salt': 'GeGEso9J', 'md5': '4517430fb77b75e51d5b6f0235248d07', 'sha1': '60f0d5cf4fe6f7fa9a09042b7b0084234954b263', 'sha256': '633647f9435f31db2d13174879e8af3deaabc767b06de845cbee7d7a1346accf'}, 'dob': {'date': '1967-02-08T06:50:06.562Z', 'age': 57}, 'registered': {'date': '2012-02-09T03:50:13.117Z', 'age': 12}, 'phone': '979-713-644', 'cell': '665-366-826', 'id': {'name': 'DNI', 'value': '06699658-V'}, 'picture': {'large': 'https://randomuser.me/api/portraits/women/51.jpg', 'medium': 'https://randomuser.me/api/portraits/med/women/51.jpg', 'thumbnail': 'https://randomuser.me/api/portraits/thumb/women/51.jpg'}, 'nat': 'ES'}</msg>
<arg>${json_data['results'][0]}</arg>
<doc>Logs the given message with the given level.</doc>
<status status="PASS" start="2024-04-18T02:23:07.933958" elapsed="0.000424"/>
</kw>
<kw name="Log" owner="BuiltIn">
<msg time="2024-04-18T02:23:07.934837" level="INFO">email</msg>
<arg>${key}</arg>
<doc>Logs the given message with the given level.</doc>
<status status="PASS" start="2024-04-18T02:23:07.934707" elapsed="0.000168"/>
</kw>
<var name="${key}">email</var>
<status status="PASS" start="2024-04-18T02:23:07.933121" elapsed="0.001969"/>
</iter>
<iter>
<kw name="Dictionary Should Contain Key" owner="Collections">
<msg time="2024-04-18T02:23:07.935760" level="INFO">False</msg>
<arg>${json_data['results'][0]}</arg>
<arg>${key}</arg>
<doc>Fails if ``key`` is not found from ``dictionary``.</doc>
<status status="PASS" start="2024-04-18T02:23:07.935374" elapsed="0.000423"/>
</kw>
<kw name="Log" owner="BuiltIn">
<msg time="2024-04-18T02:23:07.936469" level="INFO">{'gender': 'female', 'name': {'title': 'Miss', 'first': 'Nuria', 'last': 'Carrasco'}, 'location': {'street': {'number': 8519, 'name': 'Calle de Ángel García'}, 'city': 'Castellón de la Plana', 'state': 'Canarias', 'country': 'Spain', 'postcode': 94603, 'coordinates': {'latitude': '-33.1748', 'longitude': '77.9833'}, 'timezone': {'offset': '-1:00', 'description': 'Azores, Cape Verde Islands'}}, 'email': 'nuria.carrasco@example.com', 'login': {'uuid': 'b206db22-f818-4743-b97a-44678bfc2696', 'username': 'redfrog329', 'password': 'italia', 'salt': 'GeGEso9J', 'md5': '4517430fb77b75e51d5b6f0235248d07', 'sha1': '60f0d5cf4fe6f7fa9a09042b7b0084234954b263', 'sha256': '633647f9435f31db2d13174879e8af3deaabc767b06de845cbee7d7a1346accf'}, 'dob': {'date': '1967-02-08T06:50:06.562Z', 'age': 57}, 'registered': {'date': '2012-02-09T03:50:13.117Z', 'age': 12}, 'phone': '979-713-644', 'cell': '665-366-826', 'id': {'name': 'DNI', 'value': '06699658-V'}, 'picture': {'large': 'https://randomuser.me/api/portraits/women/51.jpg', 'medium': 'https://randomuser.me/api/portraits/med/women/51.jpg', 'thumbnail': 'https://randomuser.me/api/portraits/thumb/women/51.jpg'}, 'nat': 'ES'}</msg>
<arg>${json_data['results'][0]}</arg>
<doc>Logs the given message with the given level.</doc>
<status status="PASS" start="2024-04-18T02:23:07.936095" elapsed="0.000424"/>
</kw>
<kw name="Log" owner="BuiltIn">
<msg time="2024-04-18T02:23:07.936941" level="INFO">login</msg>
<arg>${key}</arg>
<doc>Logs the given message with the given level.</doc>
<status status="PASS" start="2024-04-18T02:23:07.936813" elapsed="0.000167"/>
</kw>
<var name="${key}">login</var>
<status status="PASS" start="2024-04-18T02:23:07.935263" elapsed="0.001965"/>
</iter>
<var>${key}</var>
<value>@{expected_keys}</value>
<status status="PASS" start="2024-04-18T02:23:07.926285" elapsed="0.011069"/>
</for>
<kw name="Create List" owner="BuiltIn">
<msg time="2024-04-18T02:23:07.937697" level="INFO">${expected_keysTwo} = ['username', 'password']</msg>
<var>${expected_keysTwo}</var>
<arg>username</arg>
<arg>password</arg>
<doc>Returns a list containing given items.</doc>
<status status="PASS" start="2024-04-18T02:23:07.937556" elapsed="0.000166"/>
</kw>
<for flavor="IN">
<iter>
<kw name="Dictionary Should Contain Key" owner="Collections">
<msg time="2024-04-18T02:23:07.938673" level="INFO">False</msg>
<arg>${json_data['results'][0]['login']}</arg>
<arg>${keyTwo}</arg>
<doc>Fails if ``key`` is not found from ``dictionary``.</doc>
<status status="PASS" start="2024-04-18T02:23:07.938237" elapsed="0.000474"/>
</kw>
<kw name="Dictionary Should Contain Key" owner="Collections">
<msg time="2024-04-18T02:23:07.939395" level="INFO">False</msg>
<arg>${json_data['results'][0]['login']}</arg>
<arg>${keyTwo}</arg>
<doc>Fails if ``key`` is not found from ``dictionary``.</doc>
<status status="PASS" start="2024-04-18T02:23:07.939012" elapsed="0.000421"/>
</kw>
<kw name="Log" owner="BuiltIn">
<msg time="2024-04-18T02:23:07.939855" level="INFO">username</msg>
<arg>${keyTwo}</arg>
<doc>Logs the given message with the given level.</doc>
<status status="PASS" start="2024-04-18T02:23:07.939727" elapsed="0.000172"/>
</kw>
<var name="${keyTwo}">username</var>
<status status="PASS" start="2024-04-18T02:23:07.938126" elapsed="0.001989"/>
</iter>
<iter>
<kw name="Dictionary Should Contain Key" owner="Collections">
<msg time="2024-04-18T02:23:07.940865" level="INFO">False</msg>
<arg>${json_data['results'][0]['login']}</arg>
<arg>${keyTwo}</arg>
<doc>Fails if ``key`` is not found from ``dictionary``.</doc>
<status status="PASS" start="2024-04-18T02:23:07.940397" elapsed="0.000514"/>
</kw>
<kw name="Dictionary Should Contain Key" owner="Collections">
<msg time="2024-04-18T02:23:07.941592" level="INFO">False</msg>
<arg>${json_data['results'][0]['login']}</arg>
<arg>${keyTwo}</arg>
<doc>Fails if ``key`` is not found from ``dictionary``.</doc>
<status status="PASS" start="2024-04-18T02:23:07.941209" elapsed="0.000420"/>
</kw>
<kw name="Log" owner="BuiltIn">
<msg time="2024-04-18T02:23:07.942052" level="INFO">password</msg>
<arg>${keyTwo}</arg>
<doc>Logs the given message with the given level.</doc>
<status status="PASS" start="2024-04-18T02:23:07.941925" elapsed="0.000164"/>
</kw>
<var name="${keyTwo}">password</var>
<status status="PASS" start="2024-04-18T02:23:07.940287" elapsed="0.002017"/>
</iter>
<var>${keyTwo}</var>
<value>@{expected_keysTwo}</value>
<status status="PASS" start="2024-04-18T02:23:07.937964" elapsed="0.004460"/>
</for>
<status status="PASS" start="2024-04-18T02:23:07.837443" elapsed="0.105154"/>
</kw>
<doc>Testa a estrutura da resposta da API.</doc>
<tag>testeEstruturaResposta</tag>
<status status="PASS" start="2024-04-18T02:23:07.836624" elapsed="0.106135"/>
</test>
<test id="s1-s1-t4" name="Validar tipos de dados" line="28">
<kw name="Teste de Tipos de Dados" owner="random-user-service">
<kw name="GET On Session" owner="RequestsLibrary">
<msg time="2024-04-18T02:23:08.021177" level="INFO">GET Request : url=https://randomuser.me/api 
 path_url=/api 
 headers={'User-Agent': 'python-requests/2.31.0', 'Accept-Encoding': 'gzip, deflate', 'Accept': '*/*', 'Connection': 'keep-alive'} 
 body=None 
 </msg>
<msg time="2024-04-18T02:23:08.021279" level="INFO">GET Response : url=https://randomuser.me/api 
 status=200, reason=OK 
 headers={'Date': 'Thu, 18 Apr 2024 02:23:08 GMT', 'Content-Type': 'application/json; charset=utf-8', 'Transfer-Encoding': 'chunked', 'Connection': 'keep-alive', 'X-Powered-By': 'Express', 'Access-Control-Allow-Origin': '*', 'Cache-Control': 'no-cache', 'ETag': 'W/"493-wVoUOKiE07MQWvmGKZkDEt/fYh0"', 'Vary': 'Accept-Encoding', 'Content-Encoding': 'gzip', 'CF-Cache-Status': 'DYNAMIC', 'Report-To': '{"endpoints":[{"url":"https:\\/\\/a.nel.cloudflare.com\\/report\\/v4?s=equWp%2BnjrqWgABTtXhE7n7MPkvPbVhF%2FR59lxXftuI2ozpnYQCu21SWcnjEx%2FTwQvJLuSPWhRvrg9YxQJBRWf7UR5tMJpRPdFWF3Ggj8ivBCUCxxhsdzcNIaKv9GYxo5"}],"group":"cf-nel","max_age":604800}', 'NEL': '{"success_fraction":0,"report_to":"cf-nel","max_age":604800}', 'Server': 'cloudflare', 'CF-RAY': '876130eaaa6c9c3d-IAD', 'alt-svc': 'h3=":443"; ma=86400'} 
 body={"results":[{"gender":"male","name":{"title":"Mr","first":"Pilar","last":"Almonte"},"location":{"street":{"number":9652,"name":"Andador Irán"},"city":"Texistepec","state":"Ciudad de Mexico","country":"Mexico","postcode":72264,"coordinates":{"latitude":"23.7318","longitude":"-126.1193"},"timezone":{"offset":"+7:00","description":"Bangkok, Hanoi, Jakarta"}},"email":"pilar.almonte@example.com","login":{"uuid":"c0df1e3b-14b5-4349-aff8-6bf91564a172","username":"whiteleopard449","password":"yankee","salt":"hqRunqLi","md5":"a736cb6e756a8e0c7d10541066c7a8fe","sha1":"454f346d66865b0c5f3a7b973cd235619fe48442","sha256":"434009a1a87bd397e45d4cb2793e076112264f56e1c4db3a6656868695278f35"},"dob":{"date":"1986-03-08T10:18:08.920Z","age":38},"registered":{"date":"2021-05-09T11:12:20.150Z","age":2},"phone":"(603) 326 0417","cell":"(657) 262 9601","id":{"name":"NSS","value":"04 05 82 9587 9"},"picture":{"large":"https://randomuser.me/api/portraits/men/57.jpg","medium":"https://randomuser.me/api/portraits/med/men/57.jpg","thumbnail":"https://randomuser.me/api/portraits/thumb/men/57.jpg"},"nat":"MX"}],"info":{"seed":"69d784c481050b7e","results":1,"page":1,"version":"1.4"}} 
 </msg>
<msg time="2024-04-18T02:23:08.021361" level="INFO">/opt/hostedtoolcache/Python/3.12.3/x64/lib/python3.12/site-packages/urllib3/connectionpool.py:1103: InsecureRequestWarning: Unverified HTTPS request is being made to host 'randomuser.me'. Adding certificate verification is strongly advised. See: https://urllib3.readthedocs.io/en/latest/advanced-usage.html#tls-warnings
  warnings.warn(</msg>
<msg time="2024-04-18T02:23:08.021496" level="INFO">${response} = &lt;Response [200]&gt;</msg>
<var>${response}</var>
<arg>consultarAPI</arg>
<arg>/api</arg>
<doc>Sends a GET request on a previously created HTTP Session.</doc>
<status status="PASS" start="2024-04-18T02:23:07.945297" elapsed="0.076249"/>
</kw>
<kw name="Set Variable" owner="BuiltIn">
<msg time="2024-04-18T02:23:08.022804" level="INFO">${json_data} = {'results': [{'gender': 'male', 'name': {'title': 'Mr', 'first': 'Pilar', 'last': 'Almonte'}, 'location': {'street': {'number': 9652, 'name': 'Andador Irán'}, 'city': 'Texistepec', 'state': 'Ciudad de...</msg>
<var>${json_data}</var>
<arg>${response.json()}</arg>
<doc>Returns the given values which can then be assigned to a variables.</doc>
<status status="PASS" start="2024-04-18T02:23:08.022163" elapsed="0.000672"/>
</kw>
<kw name="Log" owner="BuiltIn">
<msg time="2024-04-18T02:23:08.023350" level="INFO">{'results': [{'gender': 'male', 'name': {'title': 'Mr', 'first': 'Pilar', 'last': 'Almonte'}, 'location': {'street': {'number': 9652, 'name': 'Andador Irán'}, 'city': 'Texistepec', 'state': 'Ciudad de Mexico', 'country': 'Mexico', 'postcode': 72264, 'coordinates': {'latitude': '23.7318', 'longitude': '-126.1193'}, 'timezone': {'offset': '+7:00', 'description': 'Bangkok, Hanoi, Jakarta'}}, 'email': 'pilar.almonte@example.com', 'login': {'uuid': 'c0df1e3b-14b5-4349-aff8-6bf91564a172', 'username': 'whiteleopard449', 'password': 'yankee', 'salt': 'hqRunqLi', 'md5': 'a736cb6e756a8e0c7d10541066c7a8fe', 'sha1': '454f346d66865b0c5f3a7b973cd235619fe48442', 'sha256': '434009a1a87bd397e45d4cb2793e076112264f56e1c4db3a6656868695278f35'}, 'dob': {'date': '1986-03-08T10:18:08.920Z', 'age': 38}, 'registered': {'date': '2021-05-09T11:12:20.150Z', 'age': 2}, 'phone': '(603) 326 0417', 'cell': '(657) 262 9601', 'id': {'name': 'NSS', 'value': '04 05 82 9587 9'}, 'picture': {'large': 'https://randomuser.me/api/portraits/men/57.jpg', 'medium': 'https://randomuser.me/api/portraits/med/men/57.jpg', 'thumbnail': 'https://randomuser.me/api/portraits/thumb/men/57.jpg'}, 'nat': 'MX'}], 'info': {'seed': '69d784c481050b7e', 'results': 1, 'page': 1, 'version': '1.4'}}</msg>
<arg>${json_data}</arg>
<doc>Logs the given message with the given level.</doc>
<status status="PASS" start="2024-04-18T02:23:08.023182" elapsed="0.000257"/>
</kw>
<kw name="Should Be String" owner="String">
<arg>${json_data['results'][0]['gender']}</arg>
<doc>Fails if the given ``item`` is not a string.</doc>
<status status="PASS" start="2024-04-18T02:23:08.023749" elapsed="0.000443"/>
</kw>
<kw name="Should Match Regexp" owner="BuiltIn">
<arg>${json_data['results'][0]['email']}</arg>
<arg>^[a-zA-Z0-9._%+-]+@[a-zA-Z0-9.-]+\.[a-zA-Z]{2,}$</arg>
<doc>Fails if ``string`` does not match ``pattern`` as a regular expression.</doc>
<status status="PASS" start="2024-04-18T02:23:08.024393" elapsed="0.000539"/>
</kw>
<kw name="Should Match Regexp" owner="BuiltIn">
<arg>${json_data['results'][0]['dob']['date']}</arg>
<arg>\\d{4}-\\d{2}-\\d{2}T\\d{2}:\\d{2}:\\d{2}\\.\\d{3}Z</arg>
<doc>Fails if ``string`` does not match ``pattern`` as a regular expression.</doc>
<status status="PASS" start="2024-04-18T02:23:08.025130" elapsed="0.000500"/>
</kw>
<kw name="Should Match Regexp" owner="BuiltIn">
<arg>${json_data['results'][0]['registered']['date']}</arg>
<arg>\\d{4}-\\d{2}-\\d{2}T\\d{2}:\\d{2}:\\d{2}\\.\\d{3}Z</arg>
<doc>Fails if ``string`` does not match ``pattern`` as a regular expression.</doc>
<status status="PASS" start="2024-04-18T02:23:08.025821" elapsed="0.000367"/>
</kw>
<kw name="Should Match Regexp" owner="BuiltIn">
<arg>${json_data['results'][0]['picture']['large']}</arg>
<arg>^https?://.*\.(?:png|jpe?g|gif|bmp)$</arg>
<doc>Fails if ``string`` does not match ``pattern`` as a regular expression.</doc>
<status status="PASS" start="2024-04-18T02:23:08.026381" elapsed="0.000501"/>
</kw>
<kw name="Should Match Regexp" owner="BuiltIn">
<arg>${json_data['results'][0]['picture']['medium']}</arg>
<arg>^https?://.*\.(?:png|jpe?g|gif|bmp)$</arg>
<doc>Fails if ``string`` does not match ``pattern`` as a regular expression.</doc>
<status status="PASS" start="2024-04-18T02:23:08.027072" elapsed="0.000353"/>
</kw>
<kw name="Should Match Regexp" owner="BuiltIn">
<arg>${json_data['results'][0]['picture']['thumbnail']}</arg>
<arg>^https?://.*\.(?:png|jpe?g|gif|bmp)$</arg>
<doc>Fails if ``string`` does not match ``pattern`` as a regular expression.</doc>
<status status="PASS" start="2024-04-18T02:23:08.027617" elapsed="0.000359"/>
</kw>
<kw name="Log" owner="BuiltIn">
<msg time="2024-04-18T02:23:08.028492" level="INFO">{'large': 'https://randomuser.me/api/portraits/men/57.jpg', 'medium': 'https://randomuser.me/api/portraits/med/men/57.jpg', 'thumbnail': 'https://randomuser.me/api/portraits/thumb/men/57.jpg'}</msg>
<arg>${json_data['results'][0]['picture']}</arg>
<doc>Logs the given message with the given level.</doc>
<status status="PASS" start="2024-04-18T02:23:08.028158" elapsed="0.000376"/>
</kw>
<status status="PASS" start="2024-04-18T02:23:07.945062" elapsed="0.083738"/>
</kw>
<kw name="Teste de Tipos de Dados - Postcode" owner="random-user-service">
<kw name="GET On Session" owner="RequestsLibrary">
<msg time="2024-04-18T02:23:08.136818" level="INFO">GET Request : url=https://randomuser.me/api 
 path_url=/api 
 headers={'User-Agent': 'python-requests/2.31.0', 'Accept-Encoding': 'gzip, deflate', 'Accept': '*/*', 'Connection': 'keep-alive'} 
 body=None 
 </msg>
<msg time="2024-04-18T02:23:08.136914" level="INFO">GET Response : url=https://randomuser.me/api 
 status=200, reason=OK 
 headers={'Date': 'Thu, 18 Apr 2024 02:23:08 GMT', 'Content-Type': 'application/json; charset=utf-8', 'Transfer-Encoding': 'chunked', 'Connection': 'keep-alive', 'X-Powered-By': 'Express', 'Access-Control-Allow-Origin': '*', 'Cache-Control': 'no-cache', 'ETag': 'W/"490-oudju4L+Z8vdmm9OP6QmGu5hTr0"', 'Vary': 'Accept-Encoding', 'Content-Encoding': 'gzip', 'CF-Cache-Status': 'DYNAMIC', 'Report-To': '{"endpoints":[{"url":"https:\\/\\/a.nel.cloudflare.com\\/report\\/v4?s=DlcHE7ZdiSa4mmGMzerKDxIxXftNZqoIhtQM8mEHgni%2FSNgapKE0DUsP0dRdU5TfW0yZPQZaLhFsn7em3fOQ3qjB5palzwSNtMLnOCiVTOFJN6AGO2xNoUzr4Nsr8XOq"}],"group":"cf-nel","max_age":604800}', 'NEL': '{"success_fraction":0,"report_to":"cf-nel","max_age":604800}', 'Server': 'cloudflare', 'CF-RAY': '876130eb3b009c3d-IAD', 'alt-svc': 'h3=":443"; ma=86400'} 
 body={"results":[{"gender":"female","name":{"title":"Ms","first":"آیناز","last":"رضاییان"},"location":{"street":{"number":9717,"name":"دکتر چمران"},"city":"همدان","state":"خوزستان","country":"Iran","postcode":23642,"coordinates":{"latitude":"17.1659","longitude":"156.5220"},"timezone":{"offset":"+7:00","description":"Bangkok, Hanoi, Jakarta"}},"email":"aynz.rdyyn@example.com","login":{"uuid":"23ddf4d5-2681-4729-b9c8-0448d056f977","username":"lazybird335","password":"sanders","salt":"xIgElJoL","md5":"060ae559ae72ee14120254ee55eb505d","sha1":"d64d40d5327dccc8c15bfde78fdad4a75fb4a10a","sha256":"84c09cc897e2090e5b797cdc1fdb3024aee65537e8f397dd4cb643beac76f3bc"},"dob":{"date":"1958-11-10T09:45:49.149Z","age":65},"registered":{"date":"2012-09-08T23:57:17.736Z","age":11},"phone":"003-39544559","cell":"0932-333-0884","id":{"name":"","value":null},"picture":{"large":"https://randomuser.me/api/portraits/women/83.jpg","medium":"https://randomuser.me/api/portraits/med/women/83.jpg","thumbnail":"https://randomuser.me/api/portraits/thumb/women/83.jpg"},"nat":"IR"}],"info":{"seed":"d2d58bfe61000a4b","results":1,"page":1,"version":"1.4"}} 
 </msg>
<msg time="2024-04-18T02:23:08.136986" level="INFO">/opt/hostedtoolcache/Python/3.12.3/x64/lib/python3.12/site-packages/urllib3/connectionpool.py:1103: InsecureRequestWarning: Unverified HTTPS request is being made to host 'randomuser.me'. Adding certificate verification is strongly advised. See: https://urllib3.readthedocs.io/en/latest/advanced-usage.html#tls-warnings
  warnings.warn(</msg>
<msg time="2024-04-18T02:23:08.137107" level="INFO">${response} = &lt;Response [200]&gt;</msg>
<var>${response}</var>
<arg>consultarAPI</arg>
<arg>/api</arg>
<doc>Sends a GET request on a previously created HTTP Session.</doc>
<status status="PASS" start="2024-04-18T02:23:08.029288" elapsed="0.107858"/>
</kw>
<kw name="Set Variable" owner="BuiltIn">
<msg time="2024-04-18T02:23:08.138349" level="INFO">${json_data} = {'results': [{'gender': 'female', 'name': {'title': 'Ms', 'first': 'آیناز', 'last': 'رضاییان'}, 'location': {'street': {'number': 9717, 'name': 'دکتر چمران'}, 'city': 'همدان', 'state': 'خوزستان', 'cou...</msg>
<var>${json_data}</var>
<arg>${response.json()}</arg>
<doc>Returns the given values which can then be assigned to a variables.</doc>
<status status="PASS" start="2024-04-18T02:23:08.137775" elapsed="0.000605"/>
</kw>
<kw name="Log" owner="BuiltIn">
<msg time="2024-04-18T02:23:08.138912" level="INFO">{'results': [{'gender': 'female', 'name': {'title': 'Ms', 'first': 'آیناز', 'last': 'رضاییان'}, 'location': {'street': {'number': 9717, 'name': 'دکتر چمران'}, 'city': 'همدان', 'state': 'خوزستان', 'country': 'Iran', 'postcode': 23642, 'coordinates': {'latitude': '17.1659', 'longitude': '156.5220'}, 'timezone': {'offset': '+7:00', 'description': 'Bangkok, Hanoi, Jakarta'}}, 'email': 'aynz.rdyyn@example.com', 'login': {'uuid': '23ddf4d5-2681-4729-b9c8-0448d056f977', 'username': 'lazybird335', 'password': 'sanders', 'salt': 'xIgElJoL', 'md5': '060ae559ae72ee14120254ee55eb505d', 'sha1': 'd64d40d5327dccc8c15bfde78fdad4a75fb4a10a', 'sha256': '84c09cc897e2090e5b797cdc1fdb3024aee65537e8f397dd4cb643beac76f3bc'}, 'dob': {'date': '1958-11-10T09:45:49.149Z', 'age': 65}, 'registered': {'date': '2012-09-08T23:57:17.736Z', 'age': 11}, 'phone': '003-39544559', 'cell': '0932-333-0884', 'id': {'name': '', 'value': None}, 'picture': {'large': 'https://randomuser.me/api/portraits/women/83.jpg', 'medium': 'https://randomuser.me/api/portraits/med/women/83.jpg', 'thumbnail': 'https://randomuser.me/api/portraits/thumb/women/83.jpg'}, 'nat': 'IR'}], 'info': {'seed': 'd2d58bfe61000a4b', 'results': 1, 'page': 1, 'version': '1.4'}}</msg>
<arg>${json_data}</arg>
<doc>Logs the given message with the given level.</doc>
<status status="PASS" start="2024-04-18T02:23:08.138750" elapsed="0.000247"/>
</kw>
<kw name="Should Be Equal As Numbers" owner="BuiltIn">
<arg>${json_data['results'][0]['location']['postcode']}</arg>
<arg>${json_data['results'][0]['location']['postcode']}</arg>
<doc>Fails if objects are unequal after converting them to real numbers.</doc>
<status status="PASS" start="2024-04-18T02:23:08.139477" elapsed="0.000628"/>
</kw>
<kw name="Log" owner="BuiltIn">
<msg time="2024-04-18T02:23:08.140630" level="INFO">23642</msg>
<arg>${json_data['results'][0]['location']['postcode']}</arg>
<doc>Logs the given message with the given level.</doc>
<status status="PASS" start="2024-04-18T02:23:08.140297" elapsed="0.000372"/>
</kw>
<status status="PASS" start="2024-04-18T02:23:08.029041" elapsed="0.111883"/>
</kw>
<doc>Testa se os tipos de dados na resposta da API estão corretos.</doc>
<tag>testeTiposDados</tag>
<status status="PASS" start="2024-04-18T02:23:07.944590" elapsed="0.196498"/>
</test>
<test id="s1-s1-t5" name="Validar conteudo" line="35">
<kw name="Teste de Tipos de Conteudo" owner="random-user-service">
<kw name="GET On Session" owner="RequestsLibrary">
<msg time="2024-04-18T02:23:08.215572" level="INFO">GET Request : url=https://randomuser.me/api 
 path_url=/api 
 headers={'User-Agent': 'python-requests/2.31.0', 'Accept-Encoding': 'gzip, deflate', 'Accept': '*/*', 'Connection': 'keep-alive'} 
 body=None 
 </msg>
<msg time="2024-04-18T02:23:08.215664" level="INFO">GET Response : url=https://randomuser.me/api 
 status=200, reason=OK 
 headers={'Date': 'Thu, 18 Apr 2024 02:23:08 GMT', 'Content-Type': 'application/json; charset=utf-8', 'Transfer-Encoding': 'chunked', 'Connection': 'keep-alive', 'X-Powered-By': 'Express', 'Access-Control-Allow-Origin': '*', 'Cache-Control': 'no-cache', 'ETag': 'W/"4a7-eseWoYRdM6fuW/2+7znYSJ9TXsg"', 'Vary': 'Accept-Encoding', 'Content-Encoding': 'gzip', 'CF-Cache-Status': 'DYNAMIC', 'Report-To': '{"endpoints":[{"url":"https:\\/\\/a.nel.cloudflare.com\\/report\\/v4?s=Zmmm9fFhNFpv19M2AWREtMVlW4x71V9Z8Kv0jnChIo%2BMowy2FVLuOrNKP2XQbnRzXLWeyKP2wjnOgS%2F7sTYSy3xKjncaekXHXGrK1%2FDglnTt4tlLeWdB62hsTNopSmjA"}],"group":"cf-nel","max_age":604800}', 'NEL': '{"success_fraction":0,"report_to":"cf-nel","max_age":604800}', 'Server': 'cloudflare', 'CF-RAY': '876130ebebf69c3d-IAD', 'alt-svc': 'h3=":443"; ma=86400'} 
 body={"results":[{"gender":"female","name":{"title":"Mrs","first":"Leonor","last":"Griego"},"location":{"street":{"number":4264,"name":"Diagonal Sur Barrientos"},"city":"Ruiz","state":"Quintana Roo","country":"Mexico","postcode":58393,"coordinates":{"latitude":"22.0346","longitude":"111.7869"},"timezone":{"offset":"+3:00","description":"Baghdad, Riyadh, Moscow, St. Petersburg"}},"email":"leonor.griego@example.com","login":{"uuid":"867869ab-89ba-49f1-8bf5-2d9ae700aa99","username":"greencat854","password":"wraith","salt":"JSOK0gqQ","md5":"c069dd09a18caaa49709311d37a34921","sha1":"d63a211b0f5b19b2f7e80e3a707f44874ee02586","sha256":"b1d671d1bba237fd1cce9344cc60c167a9fa9664b6aa94ec235318b2c8841394"},"dob":{"date":"1978-07-16T20:23:22.898Z","age":45},"registered":{"date":"2015-01-08T18:18:11.221Z","age":9},"phone":"(640) 066 6577","cell":"(653) 391 3946","id":{"name":"NSS","value":"45 32 43 9486 6"},"picture":{"large":"https://randomuser.me/api/portraits/women/90.jpg","medium":"https://randomuser.me/api/portraits/med/women/90.jpg","thumbnail":"https://randomuser.me/api/portraits/thumb/women/90.jpg"},"nat":"MX"}],"info":{"seed":"fe1394c3d193c100","results":1,"page":1,"version":"1.4"}} 
 </msg>
<msg time="2024-04-18T02:23:08.215734" level="INFO">/opt/hostedtoolcache/Python/3.12.3/x64/lib/python3.12/site-packages/urllib3/connectionpool.py:1103: InsecureRequestWarning: Unverified HTTPS request is being made to host 'randomuser.me'. Adding certificate verification is strongly advised. See: https://urllib3.readthedocs.io/en/latest/advanced-usage.html#tls-warnings
  warnings.warn(</msg>
<msg time="2024-04-18T02:23:08.215845" level="INFO">${response} = &lt;Response [200]&gt;</msg>
<var>${response}</var>
<arg>consultarAPI</arg>
<arg>/api</arg>
<doc>Sends a GET request on a previously created HTTP Session.</doc>
<status status="PASS" start="2024-04-18T02:23:08.143907" elapsed="0.071979"/>
</kw>
<kw name="Set Variable" owner="BuiltIn">
<msg time="2024-04-18T02:23:08.216925" level="INFO">${json_data} = {'results': [{'gender': 'female', 'name': {'title': 'Mrs', 'first': 'Leonor', 'last': 'Griego'}, 'location': {'street': {'number': 4264, 'name': 'Diagonal Sur Barrientos'}, 'city': 'Ruiz', 'state': 'Q...</msg>
<var>${json_data}</var>
<arg>${response.json()}</arg>
<doc>Returns the given values which can then be assigned to a variables.</doc>
<status status="PASS" start="2024-04-18T02:23:08.216424" elapsed="0.000529"/>
</kw>
<kw name="Set Variable" owner="BuiltIn">
<msg time="2024-04-18T02:23:08.217649" level="INFO">${name_title} = Mrs</msg>
<var>${name_title}</var>
<arg>${json_data["results"][0]["name"]["title"]}</arg>
<doc>Returns the given values which can then be assigned to a variables.</doc>
<status status="PASS" start="2024-04-18T02:23:08.217261" elapsed="0.000413"/>
</kw>
<kw name="Create List" owner="BuiltIn">
<msg time="2024-04-18T02:23:08.218110" level="INFO">${allowed_titles} = ['Mr', 'Ms', 'Miss', 'Mrs', 'Madame', 'Monsieur']</msg>
<var>${allowed_titles}</var>
<arg>Mr</arg>
<arg>Ms</arg>
<arg>Miss</arg>
<arg>Mrs</arg>
<arg>Madame</arg>
<arg>Monsieur</arg>
<doc>Returns a list containing given items.</doc>
<status status="PASS" start="2024-04-18T02:23:08.217964" elapsed="0.000170"/>
</kw>
<kw name="List Should Contain Value" owner="Collections">
<msg time="2024-04-18T02:23:08.218651" level="INFO">False</msg>
<arg>${allowed_titles}</arg>
<arg>${name_title}</arg>
<doc>Fails if the ``value`` is not found from ``list``.</doc>
<status status="PASS" start="2024-04-18T02:23:08.218460" elapsed="0.000227"/>
</kw>
<kw name="Set Variable" owner="BuiltIn">
<msg time="2024-04-18T02:23:08.219351" level="INFO">${name_country} = MX</msg>
<var>${name_country}</var>
<arg>${json_data["results"][0]["nat"]}</arg>
<doc>Returns the given values which can then be assigned to a variables.</doc>
<status status="PASS" start="2024-04-18T02:23:08.218974" elapsed="0.000402"/>
</kw>
<kw name="Create List" owner="BuiltIn">
<msg time="2024-04-18T02:23:08.220251" level="INFO">${list_country} = ['AD', 'AE', 'AF', 'AG', 'AI', 'AL', 'AM', 'AO', 'AQ', 'AR', 'AS', 'AT', 'AU', 'AW', 'AX', 'AZ', 'BA', 'BB', 'BD', 'BE', 'BF', 'BG', 'BH', 'BI', 'BJ', 'BL', 'BM', 'BN', 'BO', 'BQ', 'BR', 'BS', 'BT', '...</msg>
<var>${list_country}</var>
<arg>AD</arg>
<arg>AE</arg>
<arg>AF</arg>
<arg>AG</arg>
<arg>AI</arg>
<arg>AL</arg>
<arg>AM</arg>
<arg>AO</arg>
<arg>AQ</arg>
<arg>AR</arg>
<arg>AS</arg>
<arg>AT</arg>
<arg>AU</arg>
<arg>AW</arg>
<arg>AX</arg>
<arg>AZ</arg>
<arg>BA</arg>
<arg>BB</arg>
<arg>BD</arg>
<arg>BE</arg>
<arg>BF</arg>
<arg>BG</arg>
<arg>BH</arg>
<arg>BI</arg>
<arg>BJ</arg>
<arg>BL</arg>
<arg>BM</arg>
<arg>BN</arg>
<arg>BO</arg>
<arg>BQ</arg>
<arg>BR</arg>
<arg>BS</arg>
<arg>BT</arg>
<arg>BV</arg>
<arg>BW</arg>
<arg>BY</arg>
<arg>BZ</arg>
<arg>CA</arg>
<arg>CC</arg>
<arg>CD</arg>
<arg>CF</arg>
<arg>CG</arg>
<arg>CH</arg>
<arg>CI</arg>
<arg>CK</arg>
<arg>CL</arg>
<arg>CM</arg>
<arg>CN</arg>
<arg>CO</arg>
<arg>CR</arg>
<arg>CU</arg>
<arg>CV</arg>
<arg>CW</arg>
<arg>CX</arg>
<arg>CY</arg>
<arg>CZ</arg>
<arg>DE</arg>
<arg>DJ</arg>
<arg>DK</arg>
<arg>DM</arg>
<arg>DO</arg>
<arg>DZ</arg>
<arg>EC</arg>
<arg>EE</arg>
<arg>EG</arg>
<arg>EH</arg>
<arg>ER</arg>
<arg>ES</arg>
<arg>ET</arg>
<arg>FI</arg>
<arg>FJ</arg>
<arg>FK</arg>
<arg>FM</arg>
<arg>FO</arg>
<arg>FR</arg>
<arg>GA</arg>
<arg>GB</arg>
<arg>GD</arg>
<arg>GE</arg>
<arg>GF</arg>
<arg>GG</arg>
<arg>GH</arg>
<arg>GI</arg>
<arg>GL</arg>
<arg>GM</arg>
<arg>GN</arg>
<arg>GP</arg>
<arg>GQ</arg>
<arg>GR</arg>
<arg>GS</arg>
<arg>GT</arg>
<arg>GU</arg>
<arg>GW</arg>
<arg>GY</arg>
<arg>HK</arg>
<arg>HM</arg>
<arg>HN</arg>
<arg>HR</arg>
<arg>HT</arg>
<arg>HU</arg>
<arg>ID</arg>
<arg>IE</arg>
<arg>IL</arg>
<arg>IM</arg>
<arg>IN</arg>
<arg>IO</arg>
<arg>IQ</arg>
<arg>IR</arg>
<arg>IS</arg>
<arg>IT</arg>
<arg>JE</arg>
<arg>JM</arg>
<arg>JO</arg>
<arg>JP</arg>
<arg>KE</arg>
<arg>KG</arg>
<arg>KH</arg>
<arg>KI</arg>
<arg>KM</arg>
<arg>KN</arg>
<arg>KP</arg>
<arg>KR</arg>
<arg>KW</arg>
<arg>KY</arg>
<arg>KZ</arg>
<arg>LA</arg>
<arg>LB</arg>
<arg>LC</arg>
<arg>LI</arg>
<arg>LK</arg>
<arg>LR</arg>
<arg>LS</arg>
<arg>LT</arg>
<arg>LU</arg>
<arg>LV</arg>
<arg>LY</arg>
<arg>MA</arg>
<arg>MC</arg>
<arg>MD</arg>
<arg>ME</arg>
<arg>MF</arg>
<arg>MG</arg>
<arg>MH</arg>
<arg>MK</arg>
<arg>ML</arg>
<arg>MM</arg>
<arg>MN</arg>
<arg>MO</arg>
<arg>MP</arg>
<arg>MQ</arg>
<arg>MR</arg>
<arg>MS</arg>
<arg>MT</arg>
<arg>MU</arg>
<arg>MV</arg>
<arg>MW</arg>
<arg>MX</arg>
<arg>MY</arg>
<arg>MZ</arg>
<arg>NA</arg>
<arg>NC</arg>
<arg>NE</arg>
<arg>NF</arg>
<arg>NG</arg>
<arg>NI</arg>
<arg>NL</arg>
<arg>NO</arg>
<arg>NP</arg>
<arg>NR</arg>
<arg>NU</arg>
<arg>NZ</arg>
<arg>OM</arg>
<arg>PA</arg>
<arg>PE</arg>
<arg>PF</arg>
<arg>PG</arg>
<arg>PH</arg>
<arg>PK</arg>
<arg>PL</arg>
<arg>PM</arg>
<arg>PN</arg>
<arg>PR</arg>
<arg>PS</arg>
<arg>PT</arg>
<arg>PW</arg>
<arg>PY</arg>
<arg>QA</arg>
<arg>RE</arg>
<arg>RO</arg>
<arg>RS</arg>
<arg>RU</arg>
<arg>RW</arg>
<arg>SA</arg>
<arg>SB</arg>
<arg>SC</arg>
<arg>SD</arg>
<arg>SE</arg>
<arg>SG</arg>
<arg>SH</arg>
<arg>SI</arg>
<arg>SJ</arg>
<arg>SK</arg>
<arg>SL</arg>
<arg>SM</arg>
<arg>SN</arg>
<arg>SO</arg>
<arg>SR</arg>
<arg>SS</arg>
<arg>ST</arg>
<arg>SV</arg>
<arg>SX</arg>
<arg>SY</arg>
<arg>SZ</arg>
<arg>TC</arg>
<arg>TD</arg>
<arg>TF</arg>
<arg>TG</arg>
<arg>TH</arg>
<arg>TJ</arg>
<arg>TK</arg>
<arg>TL</arg>
<arg>TM</arg>
<arg>TN</arg>
<arg>TO</arg>
<arg>TR</arg>
<arg>TT</arg>
<arg>TV</arg>
<arg>TW</arg>
<arg>TZ</arg>
<arg>UA</arg>
<arg>UG</arg>
<arg>UM</arg>
<arg>US</arg>
<arg>UY</arg>
<arg>UZ</arg>
<arg>VA</arg>
<arg>VC</arg>
<arg>VE</arg>
<arg>VG</arg>
<arg>VI</arg>
<arg>VN</arg>
<arg>VU</arg>
<arg>WF</arg>
<arg>WS</arg>
<arg>XK</arg>
<arg>YE</arg>
<arg>YT</arg>
<arg>ZA</arg>
<arg>ZM</arg>
<arg>ZW</arg>
<doc>Returns a list containing given items.</doc>
<status status="PASS" start="2024-04-18T02:23:08.219672" elapsed="0.000604"/>
</kw>
<kw name="List Should Contain Value" owner="Collections">
<msg time="2024-04-18T02:23:08.221269" level="INFO">False</msg>
<arg>${list_country}</arg>
<arg>${name_country}</arg>
<doc>Fails if the ``value`` is not found from ``list``.</doc>
<status status="PASS" start="2024-04-18T02:23:08.221062" elapsed="0.000244"/>
</kw>
<kw name="Run Keyword If" owner="BuiltIn">
<kw name="Should Be True" owner="BuiltIn">
<arg>${True}</arg>
<doc>Fails if the given condition is not true.</doc>
<status status="PASS" start="2024-04-18T02:23:08.222374" elapsed="0.000283"/>
</kw>
<arg>${json_data["results"][0]["location"]["coordinates"]["latitude"]} &gt;= -90 and ${json_data["results"][0]["location"]["coordinates"]["latitude"]} &lt;= 90</arg>
<arg>Should Be True</arg>
<arg>${True}</arg>
<doc>Runs the given keyword with the given arguments, if ``condition`` is true.</doc>
<status status="PASS" start="2024-04-18T02:23:08.221614" elapsed="0.001176"/>
</kw>
<kw name="Run Keyword If" owner="BuiltIn">
<kw name="Should Be True" owner="BuiltIn">
<arg>${True}</arg>
<doc>Fails if the given condition is not true.</doc>
<status status="PASS" start="2024-04-18T02:23:08.223691" elapsed="0.000138"/>
</kw>
<arg>${json_data["results"][0]["location"]["coordinates"]["longitude"]} &gt;= -180 and ${json_data["results"][0]["location"]["coordinates"]["longitude"]} &lt;= 180</arg>
<arg>Should Be True</arg>
<arg>${True}</arg>
<doc>Runs the given keyword with the given arguments, if ``condition`` is true.</doc>
<status status="PASS" start="2024-04-18T02:23:08.222981" elapsed="0.000971"/>
</kw>
<status status="PASS" start="2024-04-18T02:23:08.143525" elapsed="0.080558"/>
</kw>
<doc>Testa o conteúdo específico dos campos retornados pela API.</doc>
<tag>testeConteudo</tag>
<status status="PASS" start="2024-04-18T02:23:08.142863" elapsed="0.081372"/>
</test>
<status status="PASS" start="2024-04-18T02:23:07.327312" elapsed="0.898916"/>
</suite>
<status status="PASS" start="2024-04-18T02:23:07.313807" elapsed="0.917694"/>
</suite>
<statistics>
<total>
<stat pass="5" fail="0" skip="0">All Tests</stat>
</total>
<tag>
<stat pass="1" fail="0" skip="0">testeConteudo</stat>
<stat pass="1" fail="0" skip="0">testeEstruturaResposta</stat>
<stat pass="1" fail="0" skip="0">testeRequisicaoBasica</stat>
<stat pass="1" fail="0" skip="0">testeTiposDados</stat>
</tag>
<suite>
<stat pass="5" fail="0" skip="0" id="s1" name="Tests">Tests</stat>
<stat pass="5" fail="0" skip="0" id="s1-s1" name="Random-User-Test">Tests.Random-User-Test</stat>
</suite>
</statistics>
<errors>
</errors>
</robot>
