<?xml version="1.0" encoding="UTF-8"?>
<robot generator="Robot 7.0.1 (Python 3.12.3 on linux)" generated="2024-06-15T21:14:08.838847" rpa="false" schemaversion="5">
<suite id="s1" name="Tests" source="/home/runner/work/ApiRandomUser/ApiRandomUser/RamdonUser/tests">
<suite id="s1-s1" name="Random-User-Test" source="/home/runner/work/ApiRandomUser/ApiRandomUser/RamdonUser/tests/random-user-test.robot">
<test id="s1-s1-t1" name="Conectar" line="13">
<kw name="Conectar API" owner="random-user-service">
<kw name="Create Session" owner="RequestsLibrary">
<msg time="2024-06-15T21:14:09.231515" level="INFO">Creating Session using : alias=consultarAPI, url=https://randomuser.me/, headers={},                     cookies={}, auth=None, timeout=None, proxies=None, verify=False,                     debug=0 </msg>
<arg>consultarAPI</arg>
<arg>${URL}</arg>
<doc>Create Session: create a HTTP session to a server</doc>
<status status="PASS" start="2024-06-15T21:14:09.231301" elapsed="0.000397"/>
</kw>
<status status="PASS" start="2024-06-15T21:14:09.230228" elapsed="0.001841"/>
</kw>
<status status="PASS" start="2024-06-15T21:14:09.229606" elapsed="0.002660"/>
</test>
<test id="s1-s1-t2" name="Validar retorno 200 e JSON Válido" line="16">
<kw name="Teste de Requisicao Basica" owner="random-user-service">
<kw name="GET On Session" owner="RequestsLibrary">
<msg time="2024-06-15T21:14:09.361100" level="INFO">GET Request : url=https://randomuser.me/api 
 path_url=/api 
 headers={'User-Agent': 'python-requests/2.32.3', 'Accept-Encoding': 'gzip, deflate', 'Accept': '*/*', 'Connection': 'keep-alive'} 
 body=None 
 </msg>
<msg time="2024-06-15T21:14:09.361250" level="INFO">GET Response : url=https://randomuser.me/api 
 status=200, reason=OK 
 headers={'Date': 'Sat, 15 Jun 2024 21:14:09 GMT', 'Content-Type': 'application/json; charset=utf-8', 'Transfer-Encoding': 'chunked', 'Connection': 'keep-alive', 'X-Powered-By': 'Express', 'Access-Control-Allow-Origin': '*', 'Cache-Control': 'no-cache', 'ETag': 'W/"4a6-e6t8zQfufZqCmufuzKWuflc8zvA"', 'Vary': 'Accept-Encoding', 'Content-Encoding': 'gzip', 'CF-Cache-Status': 'DYNAMIC', 'Report-To': '{"endpoints":[{"url":"https:\\/\\/a.nel.cloudflare.com\\/report\\/v4?s=h91OJiPe6e%2FW6CT7qNBjQvzdiAZSi3GxPFZijvaPneHk2f9ym2oAfy6LG6fB1jYOUXaeF4T76oryIUraQo1WDcSJ0lPDRjmp6MJS02iJ5KPIpCEgCjkVwcL1ZD4oOCUb"}],"group":"cf-nel","max_age":604800}', 'NEL': '{"success_fraction":0,"report_to":"cf-nel","max_age":604800}', 'Server': 'cloudflare', 'CF-RAY': '8945916fec415c1f-SJC', 'alt-svc': 'h3=":443"; ma=86400'} 
 body={"results":[{"gender":"female","name":{"title":"Miss","first":"Rosa","last":"Román"},"location":{"street":{"number":5306,"name":"Calle de Téllez"},"city":"San Sebastián","state":"Comunidad Valenciana","country":"Spain","postcode":39641,"coordinates":{"latitude":"-34.9674","longitude":"147.4109"},"timezone":{"offset":"+8:00","description":"Beijing, Perth, Singapore, Hong Kong"}},"email":"rosa.roman@example.com","login":{"uuid":"dc1d8bb9-5d8f-42c3-8618-a303427b34ca","username":"orangeostrich310","password":"banger","salt":"1I8kVnWA","md5":"75c884cb1b2381d9a8d390e940f5d9d7","sha1":"c1b4a582ea7e7cdd6b59eb8a071f37ccb3a9a08d","sha256":"95b8998afab682b339ce455b7fd0fa164a60bf64bc38a827f49740c64d20298a"},"dob":{"date":"1945-01-25T10:01:35.647Z","age":79},"registered":{"date":"2006-11-15T19:28:17.037Z","age":17},"phone":"914-722-765","cell":"635-391-922","id":{"name":"DNI","value":"45737587-Y"},"picture":{"large":"https://randomuser.me/api/portraits/women/28.jpg","medium":"https://randomuser.me/api/portraits/med/women/28.jpg","thumbnail":"https://randomuser.me/api/portraits/thumb/women/28.jpg"},"nat":"ES"}],"info":{"seed":"55ce72e1224e3fbe","results":1,"page":1,"version":"1.4"}} 
 </msg>
<msg time="2024-06-15T21:14:09.361333" level="INFO">/opt/hostedtoolcache/Python/3.12.3/x64/lib/python3.12/site-packages/urllib3/connectionpool.py:1103: InsecureRequestWarning: Unverified HTTPS request is being made to host 'randomuser.me'. Adding certificate verification is strongly advised. See: https://urllib3.readthedocs.io/en/latest/advanced-usage.html#tls-warnings
  warnings.warn(</msg>
<msg time="2024-06-15T21:14:09.361467" level="INFO">${response} = &lt;Response [200]&gt;</msg>
<var>${response}</var>
<arg>consultarAPI</arg>
<arg>/api</arg>
<doc>Sends a GET request on a previously created HTTP Session.</doc>
<status status="PASS" start="2024-06-15T21:14:09.234981" elapsed="0.126527"/>
</kw>
<kw name="Should Be Equal As Numbers" owner="BuiltIn">
<msg time="2024-06-15T21:14:09.362768" level="INFO">Argument types are:
&lt;class 'int'&gt;
&lt;class 'str'&gt;</msg>
<arg>${response.status_code}</arg>
<arg>200</arg>
<doc>Fails if objects are unequal after converting them to real numbers.</doc>
<status status="PASS" start="2024-06-15T21:14:09.362129" elapsed="0.000727"/>
</kw>
<kw name="Log" owner="BuiltIn">
<msg time="2024-06-15T21:14:09.363585" level="INFO">200</msg>
<arg>${response.status_code}</arg>
<doc>Logs the given message with the given level.</doc>
<status status="PASS" start="2024-06-15T21:14:09.363230" elapsed="0.000403"/>
</kw>
<kw name="Set Variable" owner="BuiltIn">
<msg time="2024-06-15T21:14:09.364611" level="INFO">${json_data} = {'results': [{'gender': 'female', 'name': {'title': 'Miss', 'first': 'Rosa', 'last': 'Román'}, 'location': {'street': {'number': 5306, 'name': 'Calle de Téllez'}, 'city': 'San Sebastián', 'state': 'Co...</msg>
<var>${json_data}</var>
<arg>${response.json()}</arg>
<doc>Returns the given values which can then be assigned to a variables.</doc>
<status status="PASS" start="2024-06-15T21:14:09.364138" elapsed="0.000502"/>
</kw>
<kw name="Dictionary Should Contain Key" owner="Collections">
<arg>${json_data}</arg>
<arg>results</arg>
<doc>Fails if ``key`` is not found from ``dictionary``.</doc>
<status status="PASS" start="2024-06-15T21:14:09.365024" elapsed="0.000174"/>
</kw>
<status status="PASS" start="2024-06-15T21:14:09.234732" elapsed="0.130677"/>
</kw>
<doc>Testa se a API responde corretamente e retorna um objeto JSON válido.</doc>
<tag>testeRequisicaoBasica</tag>
<status status="PASS" start="2024-06-15T21:14:09.234127" elapsed="0.131461"/>
</test>
<test id="s1-s1-t3" name="Validar estrutura de resposta" line="22">
<kw name="Teste de Estrutura de Resposta" owner="random-user-service">
<kw name="GET On Session" owner="RequestsLibrary">
<msg time="2024-06-15T21:14:09.466806" level="INFO">GET Request : url=https://randomuser.me/api 
 path_url=/api 
 headers={'User-Agent': 'python-requests/2.32.3', 'Accept-Encoding': 'gzip, deflate', 'Accept': '*/*', 'Connection': 'keep-alive'} 
 body=None 
 </msg>
<msg time="2024-06-15T21:14:09.466896" level="INFO">GET Response : url=https://randomuser.me/api 
 status=200, reason=OK 
 headers={'Date': 'Sat, 15 Jun 2024 21:14:09 GMT', 'Content-Type': 'application/json; charset=utf-8', 'Transfer-Encoding': 'chunked', 'Connection': 'keep-alive', 'X-Powered-By': 'Express', 'Access-Control-Allow-Origin': '*', 'Cache-Control': 'no-cache', 'ETag': 'W/"499-83c+AsVvbB9ApXq3lWjc/E2cJ0E"', 'Vary': 'Accept-Encoding', 'Content-Encoding': 'gzip', 'CF-Cache-Status': 'DYNAMIC', 'Report-To': '{"endpoints":[{"url":"https:\\/\\/a.nel.cloudflare.com\\/report\\/v4?s=tvybcjOeqLq5d8ljnqqh5qsm%2Fp4gruIK7Dr2Wo3XOIZuWMBRym67uB2DGeMn88bLyJIs6b86B6FO7jlmelqMac1%2BkQlPluiQnTZw6veBxNmc%2BiiL%2Bg9GpW55RMvDCFKy"}],"group":"cf-nel","max_age":604800}', 'NEL': '{"success_fraction":0,"report_to":"cf-nel","max_age":604800}', 'Server': 'cloudflare', 'CF-RAY': '894591709cda5c1f-SJC', 'alt-svc': 'h3=":443"; ma=86400'} 
 body={"results":[{"gender":"female","name":{"title":"Mrs","first":"Katrine","last":"Rasmussen"},"location":{"street":{"number":5143,"name":"Vordingborgvej"},"city":"Ansager","state":"Syddanmark","country":"Denmark","postcode":23046,"coordinates":{"latitude":"-46.2256","longitude":"167.8905"},"timezone":{"offset":"+1:00","description":"Brussels, Copenhagen, Madrid, Paris"}},"email":"katrine.rasmussen@example.com","login":{"uuid":"7e678f1f-2ed2-402e-b24d-dc150830d50c","username":"ticklishswan805","password":"dirtbike","salt":"5Zhal5nj","md5":"d5efcddd15b7ffd1b14c1bc42b453d8b","sha1":"ce8ca3530be80d4752936aee1aebe4737b5f9e13","sha256":"de9e807579582199a45a58cca1fe5a2cd3bc5963602cd68cd171b5805b9becf1"},"dob":{"date":"1949-11-18T15:37:31.322Z","age":74},"registered":{"date":"2008-12-06T01:23:54.850Z","age":15},"phone":"51083070","cell":"26192105","id":{"name":"CPR","value":"181149-2464"},"picture":{"large":"https://randomuser.me/api/portraits/women/3.jpg","medium":"https://randomuser.me/api/portraits/med/women/3.jpg","thumbnail":"https://randomuser.me/api/portraits/thumb/women/3.jpg"},"nat":"DK"}],"info":{"seed":"4e5454cc49506d0a","results":1,"page":1,"version":"1.4"}} 
 </msg>
<msg time="2024-06-15T21:14:09.467028" level="INFO">/opt/hostedtoolcache/Python/3.12.3/x64/lib/python3.12/site-packages/urllib3/connectionpool.py:1103: InsecureRequestWarning: Unverified HTTPS request is being made to host 'randomuser.me'. Adding certificate verification is strongly advised. See: https://urllib3.readthedocs.io/en/latest/advanced-usage.html#tls-warnings
  warnings.warn(</msg>
<msg time="2024-06-15T21:14:09.467146" level="INFO">${response} = &lt;Response [200]&gt;</msg>
<var>${response}</var>
<arg>consultarAPI</arg>
<arg>/api</arg>
<doc>Sends a GET request on a previously created HTTP Session.</doc>
<status status="PASS" start="2024-06-15T21:14:09.368818" elapsed="0.098367"/>
</kw>
<kw name="Set Variable" owner="BuiltIn">
<msg time="2024-06-15T21:14:09.468108" level="INFO">${json_data} = {'results': [{'gender': 'female', 'name': {'title': 'Mrs', 'first': 'Katrine', 'last': 'Rasmussen'}, 'location': {'street': {'number': 5143, 'name': 'Vordingborgvej'}, 'city': 'Ansager', 'state': 'Syd...</msg>
<var>${json_data}</var>
<arg>${response.json()}</arg>
<doc>Returns the given values which can then be assigned to a variables.</doc>
<status status="PASS" start="2024-06-15T21:14:09.467622" elapsed="0.000515"/>
</kw>
<kw name="Log" owner="BuiltIn">
<msg time="2024-06-15T21:14:09.468623" level="INFO">{'results': [{'gender': 'female', 'name': {'title': 'Mrs', 'first': 'Katrine', 'last': 'Rasmussen'}, 'location': {'street': {'number': 5143, 'name': 'Vordingborgvej'}, 'city': 'Ansager', 'state': 'Syddanmark', 'country': 'Denmark', 'postcode': 23046, 'coordinates': {'latitude': '-46.2256', 'longitude': '167.8905'}, 'timezone': {'offset': '+1:00', 'description': 'Brussels, Copenhagen, Madrid, Paris'}}, 'email': 'katrine.rasmussen@example.com', 'login': {'uuid': '7e678f1f-2ed2-402e-b24d-dc150830d50c', 'username': 'ticklishswan805', 'password': 'dirtbike', 'salt': '5Zhal5nj', 'md5': 'd5efcddd15b7ffd1b14c1bc42b453d8b', 'sha1': 'ce8ca3530be80d4752936aee1aebe4737b5f9e13', 'sha256': 'de9e807579582199a45a58cca1fe5a2cd3bc5963602cd68cd171b5805b9becf1'}, 'dob': {'date': '1949-11-18T15:37:31.322Z', 'age': 74}, 'registered': {'date': '2008-12-06T01:23:54.850Z', 'age': 15}, 'phone': '51083070', 'cell': '26192105', 'id': {'name': 'CPR', 'value': '181149-2464'}, 'picture': {'large': 'https://randomuser.me/api/portraits/women/3.jpg', 'medium': 'https://randomuser.me/api/portraits/med/women/3.jpg', 'thumbnail': 'https://randomuser.me/api/portraits/thumb/women/3.jpg'}, 'nat': 'DK'}], 'info': {'seed': '4e5454cc49506d0a', 'results': 1, 'page': 1, 'version': '1.4'}}</msg>
<arg>${json_data}</arg>
<doc>Logs the given message with the given level.</doc>
<status status="PASS" start="2024-06-15T21:14:09.468460" elapsed="0.000223"/>
</kw>
<kw name="Dictionary Should Contain Key" owner="Collections">
<arg>${json_data}</arg>
<arg>results</arg>
<doc>Fails if ``key`` is not found from ``dictionary``.</doc>
<status status="PASS" start="2024-06-15T21:14:09.468997" elapsed="0.000165"/>
</kw>
<kw name="Should Not Be Empty" owner="BuiltIn">
<msg time="2024-06-15T21:14:09.469477" level="INFO">Length is 2.</msg>
<arg>${json_data}</arg>
<doc>Verifies that the given item is not empty.</doc>
<status status="PASS" start="2024-06-15T21:14:09.469353" elapsed="0.000163"/>
</kw>
<kw name="Create List" owner="BuiltIn">
<msg time="2024-06-15T21:14:09.469961" level="INFO">${expected_keys} = ['gender', 'name', 'location', 'email', 'login']</msg>
<var>${expected_keys}</var>
<arg>gender</arg>
<arg>name</arg>
<arg>location</arg>
<arg>email</arg>
<arg>login</arg>
<doc>Returns a list containing given items.</doc>
<status status="PASS" start="2024-06-15T21:14:09.469814" elapsed="0.000171"/>
</kw>
<for flavor="IN">
<iter>
<kw name="Dictionary Should Contain Key" owner="Collections">
<arg>${json_data['results'][0]}</arg>
<arg>${key}</arg>
<doc>Fails if ``key`` is not found from ``dictionary``.</doc>
<status status="PASS" start="2024-06-15T21:14:09.470601" elapsed="0.000412"/>
</kw>
<kw name="Log" owner="BuiltIn">
<msg time="2024-06-15T21:14:09.471572" level="INFO">{'gender': 'female', 'name': {'title': 'Mrs', 'first': 'Katrine', 'last': 'Rasmussen'}, 'location': {'street': {'number': 5143, 'name': 'Vordingborgvej'}, 'city': 'Ansager', 'state': 'Syddanmark', 'country': 'Denmark', 'postcode': 23046, 'coordinates': {'latitude': '-46.2256', 'longitude': '167.8905'}, 'timezone': {'offset': '+1:00', 'description': 'Brussels, Copenhagen, Madrid, Paris'}}, 'email': 'katrine.rasmussen@example.com', 'login': {'uuid': '7e678f1f-2ed2-402e-b24d-dc150830d50c', 'username': 'ticklishswan805', 'password': 'dirtbike', 'salt': '5Zhal5nj', 'md5': 'd5efcddd15b7ffd1b14c1bc42b453d8b', 'sha1': 'ce8ca3530be80d4752936aee1aebe4737b5f9e13', 'sha256': 'de9e807579582199a45a58cca1fe5a2cd3bc5963602cd68cd171b5805b9becf1'}, 'dob': {'date': '1949-11-18T15:37:31.322Z', 'age': 74}, 'registered': {'date': '2008-12-06T01:23:54.850Z', 'age': 15}, 'phone': '51083070', 'cell': '26192105', 'id': {'name': 'CPR', 'value': '181149-2464'}, 'picture': {'large': 'https://randomuser.me/api/portraits/women/3.jpg', 'medium': 'https://randomuser.me/api/portraits/med/women/3.jpg', 'thumbnail': 'https://randomuser.me/api/portraits/thumb/women/3.jpg'}, 'nat': 'DK'}</msg>
<arg>${json_data['results'][0]}</arg>
<doc>Logs the given message with the given level.</doc>
<status status="PASS" start="2024-06-15T21:14:09.471207" elapsed="0.000415"/>
</kw>
<kw name="Log" owner="BuiltIn">
<msg time="2024-06-15T21:14:09.472051" level="INFO">gender</msg>
<arg>${key}</arg>
<doc>Logs the given message with the given level.</doc>
<status status="PASS" start="2024-06-15T21:14:09.471923" elapsed="0.000167"/>
</kw>
<var name="${key}">gender</var>
<status status="PASS" start="2024-06-15T21:14:09.470442" elapsed="0.001871"/>
</iter>
<iter>
<kw name="Dictionary Should Contain Key" owner="Collections">
<arg>${json_data['results'][0]}</arg>
<arg>${key}</arg>
<doc>Fails if ``key`` is not found from ``dictionary``.</doc>
<status status="PASS" start="2024-06-15T21:14:09.472617" elapsed="0.000384"/>
</kw>
<kw name="Log" owner="BuiltIn">
<msg time="2024-06-15T21:14:09.473525" level="INFO">{'gender': 'female', 'name': {'title': 'Mrs', 'first': 'Katrine', 'last': 'Rasmussen'}, 'location': {'street': {'number': 5143, 'name': 'Vordingborgvej'}, 'city': 'Ansager', 'state': 'Syddanmark', 'country': 'Denmark', 'postcode': 23046, 'coordinates': {'latitude': '-46.2256', 'longitude': '167.8905'}, 'timezone': {'offset': '+1:00', 'description': 'Brussels, Copenhagen, Madrid, Paris'}}, 'email': 'katrine.rasmussen@example.com', 'login': {'uuid': '7e678f1f-2ed2-402e-b24d-dc150830d50c', 'username': 'ticklishswan805', 'password': 'dirtbike', 'salt': '5Zhal5nj', 'md5': 'd5efcddd15b7ffd1b14c1bc42b453d8b', 'sha1': 'ce8ca3530be80d4752936aee1aebe4737b5f9e13', 'sha256': 'de9e807579582199a45a58cca1fe5a2cd3bc5963602cd68cd171b5805b9becf1'}, 'dob': {'date': '1949-11-18T15:37:31.322Z', 'age': 74}, 'registered': {'date': '2008-12-06T01:23:54.850Z', 'age': 15}, 'phone': '51083070', 'cell': '26192105', 'id': {'name': 'CPR', 'value': '181149-2464'}, 'picture': {'large': 'https://randomuser.me/api/portraits/women/3.jpg', 'medium': 'https://randomuser.me/api/portraits/med/women/3.jpg', 'thumbnail': 'https://randomuser.me/api/portraits/thumb/women/3.jpg'}, 'nat': 'DK'}</msg>
<arg>${json_data['results'][0]}</arg>
<doc>Logs the given message with the given level.</doc>
<status status="PASS" start="2024-06-15T21:14:09.473182" elapsed="0.000425"/>
</kw>
<kw name="Log" owner="BuiltIn">
<msg time="2024-06-15T21:14:09.474036" level="INFO">name</msg>
<arg>${key}</arg>
<doc>Logs the given message with the given level.</doc>
<status status="PASS" start="2024-06-15T21:14:09.473904" elapsed="0.000171"/>
</kw>
<var name="${key}">name</var>
<status status="PASS" start="2024-06-15T21:14:09.472504" elapsed="0.001788"/>
</iter>
<iter>
<kw name="Dictionary Should Contain Key" owner="Collections">
<arg>${json_data['results'][0]}</arg>
<arg>${key}</arg>
<doc>Fails if ``key`` is not found from ``dictionary``.</doc>
<status status="PASS" start="2024-06-15T21:14:09.474613" elapsed="0.000381"/>
</kw>
<kw name="Log" owner="BuiltIn">
<msg time="2024-06-15T21:14:09.475532" level="INFO">{'gender': 'female', 'name': {'title': 'Mrs', 'first': 'Katrine', 'last': 'Rasmussen'}, 'location': {'street': {'number': 5143, 'name': 'Vordingborgvej'}, 'city': 'Ansager', 'state': 'Syddanmark', 'country': 'Denmark', 'postcode': 23046, 'coordinates': {'latitude': '-46.2256', 'longitude': '167.8905'}, 'timezone': {'offset': '+1:00', 'description': 'Brussels, Copenhagen, Madrid, Paris'}}, 'email': 'katrine.rasmussen@example.com', 'login': {'uuid': '7e678f1f-2ed2-402e-b24d-dc150830d50c', 'username': 'ticklishswan805', 'password': 'dirtbike', 'salt': '5Zhal5nj', 'md5': 'd5efcddd15b7ffd1b14c1bc42b453d8b', 'sha1': 'ce8ca3530be80d4752936aee1aebe4737b5f9e13', 'sha256': 'de9e807579582199a45a58cca1fe5a2cd3bc5963602cd68cd171b5805b9becf1'}, 'dob': {'date': '1949-11-18T15:37:31.322Z', 'age': 74}, 'registered': {'date': '2008-12-06T01:23:54.850Z', 'age': 15}, 'phone': '51083070', 'cell': '26192105', 'id': {'name': 'CPR', 'value': '181149-2464'}, 'picture': {'large': 'https://randomuser.me/api/portraits/women/3.jpg', 'medium': 'https://randomuser.me/api/portraits/med/women/3.jpg', 'thumbnail': 'https://randomuser.me/api/portraits/thumb/women/3.jpg'}, 'nat': 'DK'}</msg>
<arg>${json_data['results'][0]}</arg>
<doc>Logs the given message with the given level.</doc>
<status status="PASS" start="2024-06-15T21:14:09.475186" elapsed="0.000395"/>
</kw>
<kw name="Log" owner="BuiltIn">
<msg time="2024-06-15T21:14:09.475998" level="INFO">location</msg>
<arg>${key}</arg>
<doc>Logs the given message with the given level.</doc>
<status status="PASS" start="2024-06-15T21:14:09.475873" elapsed="0.000162"/>
</kw>
<var name="${key}">location</var>
<status status="PASS" start="2024-06-15T21:14:09.474497" elapsed="0.001759"/>
</iter>
<iter>
<kw name="Dictionary Should Contain Key" owner="Collections">
<arg>${json_data['results'][0]}</arg>
<arg>${key}</arg>
<doc>Fails if ``key`` is not found from ``dictionary``.</doc>
<status status="PASS" start="2024-06-15T21:14:09.476535" elapsed="0.000377"/>
</kw>
<kw name="Log" owner="BuiltIn">
<msg time="2024-06-15T21:14:09.477447" level="INFO">{'gender': 'female', 'name': {'title': 'Mrs', 'first': 'Katrine', 'last': 'Rasmussen'}, 'location': {'street': {'number': 5143, 'name': 'Vordingborgvej'}, 'city': 'Ansager', 'state': 'Syddanmark', 'country': 'Denmark', 'postcode': 23046, 'coordinates': {'latitude': '-46.2256', 'longitude': '167.8905'}, 'timezone': {'offset': '+1:00', 'description': 'Brussels, Copenhagen, Madrid, Paris'}}, 'email': 'katrine.rasmussen@example.com', 'login': {'uuid': '7e678f1f-2ed2-402e-b24d-dc150830d50c', 'username': 'ticklishswan805', 'password': 'dirtbike', 'salt': '5Zhal5nj', 'md5': 'd5efcddd15b7ffd1b14c1bc42b453d8b', 'sha1': 'ce8ca3530be80d4752936aee1aebe4737b5f9e13', 'sha256': 'de9e807579582199a45a58cca1fe5a2cd3bc5963602cd68cd171b5805b9becf1'}, 'dob': {'date': '1949-11-18T15:37:31.322Z', 'age': 74}, 'registered': {'date': '2008-12-06T01:23:54.850Z', 'age': 15}, 'phone': '51083070', 'cell': '26192105', 'id': {'name': 'CPR', 'value': '181149-2464'}, 'picture': {'large': 'https://randomuser.me/api/portraits/women/3.jpg', 'medium': 'https://randomuser.me/api/portraits/med/women/3.jpg', 'thumbnail': 'https://randomuser.me/api/portraits/thumb/women/3.jpg'}, 'nat': 'DK'}</msg>
<arg>${json_data['results'][0]}</arg>
<doc>Logs the given message with the given level.</doc>
<status status="PASS" start="2024-06-15T21:14:09.477093" elapsed="0.000402"/>
</kw>
<kw name="Log" owner="BuiltIn">
<msg time="2024-06-15T21:14:09.477920" level="INFO">email</msg>
<arg>${key}</arg>
<doc>Logs the given message with the given level.</doc>
<status status="PASS" start="2024-06-15T21:14:09.477794" elapsed="0.000162"/>
</kw>
<var name="${key}">email</var>
<status status="PASS" start="2024-06-15T21:14:09.476429" elapsed="0.001739"/>
</iter>
<iter>
<kw name="Dictionary Should Contain Key" owner="Collections">
<arg>${json_data['results'][0]}</arg>
<arg>${key}</arg>
<doc>Fails if ``key`` is not found from ``dictionary``.</doc>
<status status="PASS" start="2024-06-15T21:14:09.478445" elapsed="0.000420"/>
</kw>
<kw name="Log" owner="BuiltIn">
<msg time="2024-06-15T21:14:09.479403" level="INFO">{'gender': 'female', 'name': {'title': 'Mrs', 'first': 'Katrine', 'last': 'Rasmussen'}, 'location': {'street': {'number': 5143, 'name': 'Vordingborgvej'}, 'city': 'Ansager', 'state': 'Syddanmark', 'country': 'Denmark', 'postcode': 23046, 'coordinates': {'latitude': '-46.2256', 'longitude': '167.8905'}, 'timezone': {'offset': '+1:00', 'description': 'Brussels, Copenhagen, Madrid, Paris'}}, 'email': 'katrine.rasmussen@example.com', 'login': {'uuid': '7e678f1f-2ed2-402e-b24d-dc150830d50c', 'username': 'ticklishswan805', 'password': 'dirtbike', 'salt': '5Zhal5nj', 'md5': 'd5efcddd15b7ffd1b14c1bc42b453d8b', 'sha1': 'ce8ca3530be80d4752936aee1aebe4737b5f9e13', 'sha256': 'de9e807579582199a45a58cca1fe5a2cd3bc5963602cd68cd171b5805b9becf1'}, 'dob': {'date': '1949-11-18T15:37:31.322Z', 'age': 74}, 'registered': {'date': '2008-12-06T01:23:54.850Z', 'age': 15}, 'phone': '51083070', 'cell': '26192105', 'id': {'name': 'CPR', 'value': '181149-2464'}, 'picture': {'large': 'https://randomuser.me/api/portraits/women/3.jpg', 'medium': 'https://randomuser.me/api/portraits/med/women/3.jpg', 'thumbnail': 'https://randomuser.me/api/portraits/thumb/women/3.jpg'}, 'nat': 'DK'}</msg>
<arg>${json_data['results'][0]}</arg>
<doc>Logs the given message with the given level.</doc>
<status status="PASS" start="2024-06-15T21:14:09.479052" elapsed="0.000398"/>
</kw>
<kw name="Log" owner="BuiltIn">
<msg time="2024-06-15T21:14:09.479984" level="INFO">login</msg>
<arg>${key}</arg>
<doc>Logs the given message with the given level.</doc>
<status status="PASS" start="2024-06-15T21:14:09.479752" elapsed="0.000269"/>
</kw>
<var name="${key}">login</var>
<status status="PASS" start="2024-06-15T21:14:09.478339" elapsed="0.001898"/>
</iter>
<var>${key}</var>
<value>@{expected_keys}</value>
<status status="PASS" start="2024-06-15T21:14:09.470248" elapsed="0.010111"/>
</for>
<kw name="Create List" owner="BuiltIn">
<msg time="2024-06-15T21:14:09.480736" level="INFO">${expected_keysTwo} = ['username', 'password']</msg>
<var>${expected_keysTwo}</var>
<arg>username</arg>
<arg>password</arg>
<doc>Returns a list containing given items.</doc>
<status status="PASS" start="2024-06-15T21:14:09.480550" elapsed="0.000211"/>
</kw>
<for flavor="IN">
<iter>
<kw name="Dictionary Should Contain Key" owner="Collections">
<arg>${json_data['results'][0]['login']}</arg>
<arg>${keyTwo}</arg>
<doc>Fails if ``key`` is not found from ``dictionary``.</doc>
<status status="PASS" start="2024-06-15T21:14:09.481261" elapsed="0.000381"/>
</kw>
<kw name="Dictionary Should Contain Key" owner="Collections">
<arg>${json_data['results'][0]['login']}</arg>
<arg>${keyTwo}</arg>
<doc>Fails if ``key`` is not found from ``dictionary``.</doc>
<status status="PASS" start="2024-06-15T21:14:09.481823" elapsed="0.000376"/>
</kw>
<kw name="Log" owner="BuiltIn">
<msg time="2024-06-15T21:14:09.482525" level="INFO">username</msg>
<arg>${keyTwo}</arg>
<doc>Logs the given message with the given level.</doc>
<status status="PASS" start="2024-06-15T21:14:09.482381" elapsed="0.000182"/>
</kw>
<var name="${keyTwo}">username</var>
<status status="PASS" start="2024-06-15T21:14:09.481155" elapsed="0.001628"/>
</iter>
<iter>
<kw name="Dictionary Should Contain Key" owner="Collections">
<arg>${json_data['results'][0]['login']}</arg>
<arg>${keyTwo}</arg>
<doc>Fails if ``key`` is not found from ``dictionary``.</doc>
<status status="PASS" start="2024-06-15T21:14:09.483063" elapsed="0.000371"/>
</kw>
<kw name="Dictionary Should Contain Key" owner="Collections">
<arg>${json_data['results'][0]['login']}</arg>
<arg>${keyTwo}</arg>
<doc>Fails if ``key`` is not found from ``dictionary``.</doc>
<status status="PASS" start="2024-06-15T21:14:09.483610" elapsed="0.000364"/>
</kw>
<kw name="Log" owner="BuiltIn">
<msg time="2024-06-15T21:14:09.484269" level="INFO">password</msg>
<arg>${keyTwo}</arg>
<doc>Logs the given message with the given level.</doc>
<status status="PASS" start="2024-06-15T21:14:09.484150" elapsed="0.000155"/>
</kw>
<var name="${keyTwo}">password</var>
<status status="PASS" start="2024-06-15T21:14:09.482957" elapsed="0.001567"/>
</iter>
<var>${keyTwo}</var>
<value>@{expected_keysTwo}</value>
<status status="PASS" start="2024-06-15T21:14:09.481001" elapsed="0.003645"/>
</for>
<status status="PASS" start="2024-06-15T21:14:09.368581" elapsed="0.116209"/>
</kw>
<doc>Testa a estrutura da resposta da API.</doc>
<tag>testeEstruturaResposta</tag>
<status status="PASS" start="2024-06-15T21:14:09.367586" elapsed="0.117361"/>
</test>
<test id="s1-s1-t4" name="Validar tipos de dados" line="28">
<kw name="Teste de Tipos de Dados" owner="random-user-service">
<kw name="GET On Session" owner="RequestsLibrary">
<msg time="2024-06-15T21:14:09.572281" level="INFO">GET Request : url=https://randomuser.me/api 
 path_url=/api 
 headers={'User-Agent': 'python-requests/2.32.3', 'Accept-Encoding': 'gzip, deflate', 'Accept': '*/*', 'Connection': 'keep-alive'} 
 body=None 
 </msg>
<msg time="2024-06-15T21:14:09.572376" level="INFO">GET Response : url=https://randomuser.me/api 
 status=200, reason=OK 
 headers={'Date': 'Sat, 15 Jun 2024 21:14:09 GMT', 'Content-Type': 'application/json; charset=utf-8', 'Transfer-Encoding': 'chunked', 'Connection': 'keep-alive', 'X-Powered-By': 'Express', 'Access-Control-Allow-Origin': '*', 'Cache-Control': 'no-cache', 'ETag': 'W/"489-tB4hsS9UMes9CU6AIuTdqVWI1KY"', 'Vary': 'Accept-Encoding', 'Content-Encoding': 'gzip', 'CF-Cache-Status': 'DYNAMIC', 'Report-To': '{"endpoints":[{"url":"https:\\/\\/a.nel.cloudflare.com\\/report\\/v4?s=ElcbahrJYFzs%2FcSQ2BKkblDQnLmAqFB5nIxDOfV789Lr4f8khuvclbZ6rnuE1LtVuebDX1hi4x9Fluefezl3ZENTd0lGH6lpIOmZ6MegK0szgYh76WBeXVr%2BCoTxZ%2By3"}],"group":"cf-nel","max_age":604800}', 'NEL': '{"success_fraction":0,"report_to":"cf-nel","max_age":604800}', 'Server': 'cloudflare', 'CF-RAY': '894591714d955c1f-SJC', 'alt-svc': 'h3=":443"; ma=86400'} 
 body={"results":[{"gender":"male","name":{"title":"Mr","first":"Bo","last":"Halleraker"},"location":{"street":{"number":4575,"name":"Korsvollbakken"},"city":"Muruvik","state":"Nord-Trøndelag","country":"Norway","postcode":"5031","coordinates":{"latitude":"40.2275","longitude":"-179.7060"},"timezone":{"offset":"-3:00","description":"Brazil, Buenos Aires, Georgetown"}},"email":"bo.halleraker@example.com","login":{"uuid":"24577871-78ad-401c-b52a-0c9b9f705589","username":"bigostrich124","password":"fishman","salt":"CFPYbgWQ","md5":"b55574549951785547e8f148e3020c0d","sha1":"3a50c80c53c699bf5a0143051cbaf6af42305606","sha256":"5ee9d4de0fdb71a35a5b8bd18e0b455e302c0ccb32ac8a72585dc8c16c7182c2"},"dob":{"date":"1988-09-23T02:36:51.114Z","age":35},"registered":{"date":"2014-02-08T16:35:30.845Z","age":10},"phone":"69403355","cell":"41092221","id":{"name":"FN","value":"23098838589"},"picture":{"large":"https://randomuser.me/api/portraits/men/73.jpg","medium":"https://randomuser.me/api/portraits/med/men/73.jpg","thumbnail":"https://randomuser.me/api/portraits/thumb/men/73.jpg"},"nat":"NO"}],"info":{"seed":"af87bb86ee3b4c0d","results":1,"page":1,"version":"1.4"}} 
 </msg>
<msg time="2024-06-15T21:14:09.572454" level="INFO">/opt/hostedtoolcache/Python/3.12.3/x64/lib/python3.12/site-packages/urllib3/connectionpool.py:1103: InsecureRequestWarning: Unverified HTTPS request is being made to host 'randomuser.me'. Adding certificate verification is strongly advised. See: https://urllib3.readthedocs.io/en/latest/advanced-usage.html#tls-warnings
  warnings.warn(</msg>
<msg time="2024-06-15T21:14:09.572580" level="INFO">${response} = &lt;Response [200]&gt;</msg>
<var>${response}</var>
<arg>consultarAPI</arg>
<arg>/api</arg>
<doc>Sends a GET request on a previously created HTTP Session.</doc>
<status status="PASS" start="2024-06-15T21:14:09.487509" elapsed="0.085121"/>
</kw>
<kw name="Set Variable" owner="BuiltIn">
<msg time="2024-06-15T21:14:09.573835" level="INFO">${json_data} = {'results': [{'gender': 'male', 'name': {'title': 'Mr', 'first': 'Bo', 'last': 'Halleraker'}, 'location': {'street': {'number': 4575, 'name': 'Korsvollbakken'}, 'city': 'Muruvik', 'state': 'Nord-Trønd...</msg>
<var>${json_data}</var>
<arg>${response.json()}</arg>
<doc>Returns the given values which can then be assigned to a variables.</doc>
<status status="PASS" start="2024-06-15T21:14:09.573263" elapsed="0.000602"/>
</kw>
<kw name="Log" owner="BuiltIn">
<msg time="2024-06-15T21:14:09.574375" level="INFO">{'results': [{'gender': 'male', 'name': {'title': 'Mr', 'first': 'Bo', 'last': 'Halleraker'}, 'location': {'street': {'number': 4575, 'name': 'Korsvollbakken'}, 'city': 'Muruvik', 'state': 'Nord-Trøndelag', 'country': 'Norway', 'postcode': '5031', 'coordinates': {'latitude': '40.2275', 'longitude': '-179.7060'}, 'timezone': {'offset': '-3:00', 'description': 'Brazil, Buenos Aires, Georgetown'}}, 'email': 'bo.halleraker@example.com', 'login': {'uuid': '24577871-78ad-401c-b52a-0c9b9f705589', 'username': 'bigostrich124', 'password': 'fishman', 'salt': 'CFPYbgWQ', 'md5': 'b55574549951785547e8f148e3020c0d', 'sha1': '3a50c80c53c699bf5a0143051cbaf6af42305606', 'sha256': '5ee9d4de0fdb71a35a5b8bd18e0b455e302c0ccb32ac8a72585dc8c16c7182c2'}, 'dob': {'date': '1988-09-23T02:36:51.114Z', 'age': 35}, 'registered': {'date': '2014-02-08T16:35:30.845Z', 'age': 10}, 'phone': '69403355', 'cell': '41092221', 'id': {'name': 'FN', 'value': '23098838589'}, 'picture': {'large': 'https://randomuser.me/api/portraits/men/73.jpg', 'medium': 'https://randomuser.me/api/portraits/med/men/73.jpg', 'thumbnail': 'https://randomuser.me/api/portraits/thumb/men/73.jpg'}, 'nat': 'NO'}], 'info': {'seed': 'af87bb86ee3b4c0d', 'results': 1, 'page': 1, 'version': '1.4'}}</msg>
<arg>${json_data}</arg>
<doc>Logs the given message with the given level.</doc>
<status status="PASS" start="2024-06-15T21:14:09.574211" elapsed="0.000212"/>
</kw>
<kw name="Should Be String" owner="String">
<arg>${json_data['results'][0]['gender']}</arg>
<doc>Fails if the given ``item`` is not a string.</doc>
<status status="PASS" start="2024-06-15T21:14:09.574791" elapsed="0.000367"/>
</kw>
<kw name="Should Match Regexp" owner="BuiltIn">
<arg>${json_data['results'][0]['email']}</arg>
<arg>^[a-zA-Z0-9._%+-]+@[a-zA-Z0-9.-]+\.[a-zA-Z]{2,}$</arg>
<doc>Fails if ``string`` does not match ``pattern`` as a regular expression.</doc>
<status status="PASS" start="2024-06-15T21:14:09.575347" elapsed="0.000520"/>
</kw>
<kw name="Should Match Regexp" owner="BuiltIn">
<arg>${json_data['results'][0]['dob']['date']}</arg>
<arg>\\d{4}-\\d{2}-\\d{2}T\\d{2}:\\d{2}:\\d{2}\\.\\d{3}Z</arg>
<doc>Fails if ``string`` does not match ``pattern`` as a regular expression.</doc>
<status status="PASS" start="2024-06-15T21:14:09.576099" elapsed="0.000498"/>
</kw>
<kw name="Should Match Regexp" owner="BuiltIn">
<arg>${json_data['results'][0]['registered']['date']}</arg>
<arg>\\d{4}-\\d{2}-\\d{2}T\\d{2}:\\d{2}:\\d{2}\\.\\d{3}Z</arg>
<doc>Fails if ``string`` does not match ``pattern`` as a regular expression.</doc>
<status status="PASS" start="2024-06-15T21:14:09.576784" elapsed="0.000359"/>
</kw>
<kw name="Should Match Regexp" owner="BuiltIn">
<arg>${json_data['results'][0]['picture']['large']}</arg>
<arg>^https?://.*\.(?:png|jpe?g|gif|bmp)$</arg>
<doc>Fails if ``string`` does not match ``pattern`` as a regular expression.</doc>
<status status="PASS" start="2024-06-15T21:14:09.577327" elapsed="0.000460"/>
</kw>
<kw name="Should Match Regexp" owner="BuiltIn">
<arg>${json_data['results'][0]['picture']['medium']}</arg>
<arg>^https?://.*\.(?:png|jpe?g|gif|bmp)$</arg>
<doc>Fails if ``string`` does not match ``pattern`` as a regular expression.</doc>
<status status="PASS" start="2024-06-15T21:14:09.578023" elapsed="0.000576"/>
</kw>
<kw name="Should Match Regexp" owner="BuiltIn">
<arg>${json_data['results'][0]['picture']['thumbnail']}</arg>
<arg>^https?://.*\.(?:png|jpe?g|gif|bmp)$</arg>
<doc>Fails if ``string`` does not match ``pattern`` as a regular expression.</doc>
<status status="PASS" start="2024-06-15T21:14:09.578870" elapsed="0.000378"/>
</kw>
<kw name="Log" owner="BuiltIn">
<msg time="2024-06-15T21:14:09.579770" level="INFO">{'large': 'https://randomuser.me/api/portraits/men/73.jpg', 'medium': 'https://randomuser.me/api/portraits/med/men/73.jpg', 'thumbnail': 'https://randomuser.me/api/portraits/thumb/men/73.jpg'}</msg>
<arg>${json_data['results'][0]['picture']}</arg>
<doc>Logs the given message with the given level.</doc>
<status status="PASS" start="2024-06-15T21:14:09.579435" elapsed="0.000378"/>
</kw>
<status status="PASS" start="2024-06-15T21:14:09.487271" elapsed="0.092803"/>
</kw>
<kw name="Teste de Tipos de Dados - Postcode" owner="random-user-service">
<kw name="GET On Session" owner="RequestsLibrary">
<msg time="2024-06-15T21:14:09.732339" level="INFO">GET Request : url=https://randomuser.me/api 
 path_url=/api 
 headers={'User-Agent': 'python-requests/2.32.3', 'Accept-Encoding': 'gzip, deflate', 'Accept': '*/*', 'Connection': 'keep-alive'} 
 body=None 
 </msg>
<msg time="2024-06-15T21:14:09.732437" level="INFO">GET Response : url=https://randomuser.me/api 
 status=200, reason=OK 
 headers={'Date': 'Sat, 15 Jun 2024 21:14:09 GMT', 'Content-Type': 'application/json; charset=utf-8', 'Transfer-Encoding': 'chunked', 'Connection': 'keep-alive', 'X-Powered-By': 'Express', 'Access-Control-Allow-Origin': '*', 'Cache-Control': 'no-cache', 'ETag': 'W/"482-ob53IwLJYPfuhfpzoc3iGvbKEaE"', 'Vary': 'Accept-Encoding', 'Content-Encoding': 'gzip', 'CF-Cache-Status': 'DYNAMIC', 'Report-To': '{"endpoints":[{"url":"https:\\/\\/a.nel.cloudflare.com\\/report\\/v4?s=z8%2FiYTfbJkXsZ%2FawMtG64FuHuChWWy5CgGV%2B4ggpL8LhqLKyFsU45OGc%2BBGD0MWTSSNCoHjzt299%2B%2BgVPILYnm8wXJgkz3f4OtFCVWVCvmgY4k8tj46nW9lfLgUzjFe%2F"}],"group":"cf-nel","max_age":604800}', 'NEL': '{"success_fraction":0,"report_to":"cf-nel","max_age":604800}', 'Server': 'cloudflare', 'CF-RAY': '89459171ee155c1f-SJC', 'alt-svc': 'h3=":443"; ma=86400'} 
 body={"results":[{"gender":"female","name":{"title":"Mrs","first":"Signe","last":"Nielsen"},"location":{"street":{"number":2605,"name":"Thistedvej"},"city":"Fredeikssund","state":"Danmark","country":"Denmark","postcode":58341,"coordinates":{"latitude":"-44.5789","longitude":"53.6569"},"timezone":{"offset":"+6:00","description":"Almaty, Dhaka, Colombo"}},"email":"signe.nielsen@example.com","login":{"uuid":"daac4d31-8ed7-4b00-9eff-776d2595b4cb","username":"yellowkoala519","password":"vladimir","salt":"6YCUcax3","md5":"2f4a3383e33dd955dae0739ae5598c65","sha1":"a3db9ea14eba77d189d031ec50148ff04aee3729","sha256":"0083f08f2d59a3a1f471e2e6cb70bb90edf52dcb72836266c28f92331efe74fe"},"dob":{"date":"1966-05-03T13:42:30.593Z","age":58},"registered":{"date":"2018-11-05T03:20:17.304Z","age":5},"phone":"35362772","cell":"12381489","id":{"name":"CPR","value":"030566-0896"},"picture":{"large":"https://randomuser.me/api/portraits/women/13.jpg","medium":"https://randomuser.me/api/portraits/med/women/13.jpg","thumbnail":"https://randomuser.me/api/portraits/thumb/women/13.jpg"},"nat":"DK"}],"info":{"seed":"4469c7d74404def8","results":1,"page":1,"version":"1.4"}} 
 </msg>
<msg time="2024-06-15T21:14:09.732525" level="INFO">/opt/hostedtoolcache/Python/3.12.3/x64/lib/python3.12/site-packages/urllib3/connectionpool.py:1103: InsecureRequestWarning: Unverified HTTPS request is being made to host 'randomuser.me'. Adding certificate verification is strongly advised. See: https://urllib3.readthedocs.io/en/latest/advanced-usage.html#tls-warnings
  warnings.warn(</msg>
<msg time="2024-06-15T21:14:09.732644" level="INFO">${response} = &lt;Response [200]&gt;</msg>
<var>${response}</var>
<arg>consultarAPI</arg>
<arg>/api</arg>
<doc>Sends a GET request on a previously created HTTP Session.</doc>
<status status="PASS" start="2024-06-15T21:14:09.580552" elapsed="0.152135"/>
</kw>
<kw name="Set Variable" owner="BuiltIn">
<msg time="2024-06-15T21:14:09.733865" level="INFO">${json_data} = {'results': [{'gender': 'female', 'name': {'title': 'Mrs', 'first': 'Signe', 'last': 'Nielsen'}, 'location': {'street': {'number': 2605, 'name': 'Thistedvej'}, 'city': 'Fredeikssund', 'state': 'Danmar...</msg>
<var>${json_data}</var>
<arg>${response.json()}</arg>
<doc>Returns the given values which can then be assigned to a variables.</doc>
<status status="PASS" start="2024-06-15T21:14:09.733289" elapsed="0.000605"/>
</kw>
<kw name="Log" owner="BuiltIn">
<msg time="2024-06-15T21:14:09.734406" level="INFO">{'results': [{'gender': 'female', 'name': {'title': 'Mrs', 'first': 'Signe', 'last': 'Nielsen'}, 'location': {'street': {'number': 2605, 'name': 'Thistedvej'}, 'city': 'Fredeikssund', 'state': 'Danmark', 'country': 'Denmark', 'postcode': 58341, 'coordinates': {'latitude': '-44.5789', 'longitude': '53.6569'}, 'timezone': {'offset': '+6:00', 'description': 'Almaty, Dhaka, Colombo'}}, 'email': 'signe.nielsen@example.com', 'login': {'uuid': 'daac4d31-8ed7-4b00-9eff-776d2595b4cb', 'username': 'yellowkoala519', 'password': 'vladimir', 'salt': '6YCUcax3', 'md5': '2f4a3383e33dd955dae0739ae5598c65', 'sha1': 'a3db9ea14eba77d189d031ec50148ff04aee3729', 'sha256': '0083f08f2d59a3a1f471e2e6cb70bb90edf52dcb72836266c28f92331efe74fe'}, 'dob': {'date': '1966-05-03T13:42:30.593Z', 'age': 58}, 'registered': {'date': '2018-11-05T03:20:17.304Z', 'age': 5}, 'phone': '35362772', 'cell': '12381489', 'id': {'name': 'CPR', 'value': '030566-0896'}, 'picture': {'large': 'https://randomuser.me/api/portraits/women/13.jpg', 'medium': 'https://randomuser.me/api/portraits/med/women/13.jpg', 'thumbnail': 'https://randomuser.me/api/portraits/thumb/women/13.jpg'}, 'nat': 'DK'}], 'info': {'seed': '4469c7d74404def8', 'results': 1, 'page': 1, 'version': '1.4'}}</msg>
<arg>${json_data}</arg>
<doc>Logs the given message with the given level.</doc>
<status status="PASS" start="2024-06-15T21:14:09.734237" elapsed="0.000255"/>
</kw>
<kw name="Should Be Equal As Numbers" owner="BuiltIn">
<arg>${json_data['results'][0]['location']['postcode']}</arg>
<arg>${json_data['results'][0]['location']['postcode']}</arg>
<doc>Fails if objects are unequal after converting them to real numbers.</doc>
<status status="PASS" start="2024-06-15T21:14:09.734820" elapsed="0.000636"/>
</kw>
<kw name="Log" owner="BuiltIn">
<msg time="2024-06-15T21:14:09.735988" level="INFO">58341</msg>
<arg>${json_data['results'][0]['location']['postcode']}</arg>
<doc>Logs the given message with the given level.</doc>
<status status="PASS" start="2024-06-15T21:14:09.735652" elapsed="0.000376"/>
</kw>
<status status="PASS" start="2024-06-15T21:14:09.580304" elapsed="0.156024"/>
</kw>
<doc>Testa se os tipos de dados na resposta da API estão corretos.</doc>
<tag>testeTiposDados</tag>
<status status="PASS" start="2024-06-15T21:14:09.486750" elapsed="0.249751"/>
</test>
<test id="s1-s1-t5" name="Validar conteudo" line="35">
<kw name="Teste de Tipos de Conteudo" owner="random-user-service">
<kw name="GET On Session" owner="RequestsLibrary">
<msg time="2024-06-15T21:14:09.832785" level="INFO">GET Request : url=https://randomuser.me/api 
 path_url=/api 
 headers={'User-Agent': 'python-requests/2.32.3', 'Accept-Encoding': 'gzip, deflate', 'Accept': '*/*', 'Connection': 'keep-alive'} 
 body=None 
 </msg>
<msg time="2024-06-15T21:14:09.832887" level="INFO">GET Response : url=https://randomuser.me/api 
 status=200, reason=OK 
 headers={'Date': 'Sat, 15 Jun 2024 21:14:09 GMT', 'Content-Type': 'application/json; charset=utf-8', 'Transfer-Encoding': 'chunked', 'Connection': 'keep-alive', 'X-Powered-By': 'Express', 'Access-Control-Allow-Origin': '*', 'Cache-Control': 'no-cache', 'ETag': 'W/"48d-NScX1MvS1nls4uIsvHCKyFeiGaw"', 'Vary': 'Accept-Encoding', 'Content-Encoding': 'gzip', 'CF-Cache-Status': 'DYNAMIC', 'Report-To': '{"endpoints":[{"url":"https:\\/\\/a.nel.cloudflare.com\\/report\\/v4?s=ZkSwx3eV3RzRUCCCc%2BWEZpGJNvrcqS2ShWTbAanU5bzNiok4lM9DValurrY3d915QqyI64UE9vrM4DvQNRCn8FlCDbIo4Q0qn3QXneZUZ8%2FXUX6heYlkPQ66KjNlwBfH"}],"group":"cf-nel","max_age":604800}', 'NEL': '{"success_fraction":0,"report_to":"cf-nel","max_age":604800}', 'Server': 'cloudflare', 'CF-RAY': '89459172eea15c1f-SJC', 'alt-svc': 'h3=":443"; ma=86400'} 
 body={"results":[{"gender":"male","name":{"title":"Monsieur","first":"Angel","last":"Denis"},"location":{"street":{"number":5324,"name":"Rue Louis-Blanqui"},"city":"Comano","state":"Graubünden","country":"Switzerland","postcode":2945,"coordinates":{"latitude":"-60.3421","longitude":"-140.9322"},"timezone":{"offset":"-12:00","description":"Eniwetok, Kwajalein"}},"email":"angel.denis@example.com","login":{"uuid":"1308e35b-0e8b-45d2-bfb1-33793e4fba94","username":"sadbird295","password":"zxczxc","salt":"a4FSu2k0","md5":"82f7544863aea2e7956c98a54ae53027","sha1":"e64adfb687a86d3ced3cfb77a5cd53c6bc21d535","sha256":"574227b45f10bf01aba78d41e7aa5475bc7e3f178967288b64ee2b45935c66bd"},"dob":{"date":"1957-03-18T00:52:48.983Z","age":67},"registered":{"date":"2012-02-25T07:39:29.144Z","age":12},"phone":"079 297 65 20","cell":"076 144 42 70","id":{"name":"AVS","value":"756.7115.4439.84"},"picture":{"large":"https://randomuser.me/api/portraits/men/59.jpg","medium":"https://randomuser.me/api/portraits/med/men/59.jpg","thumbnail":"https://randomuser.me/api/portraits/thumb/men/59.jpg"},"nat":"CH"}],"info":{"seed":"05e1ba4a36882f1c","results":1,"page":1,"version":"1.4"}} 
 </msg>
<msg time="2024-06-15T21:14:09.832961" level="INFO">/opt/hostedtoolcache/Python/3.12.3/x64/lib/python3.12/site-packages/urllib3/connectionpool.py:1103: InsecureRequestWarning: Unverified HTTPS request is being made to host 'randomuser.me'. Adding certificate verification is strongly advised. See: https://urllib3.readthedocs.io/en/latest/advanced-usage.html#tls-warnings
  warnings.warn(</msg>
<msg time="2024-06-15T21:14:09.833080" level="INFO">${response} = &lt;Response [200]&gt;</msg>
<var>${response}</var>
<arg>consultarAPI</arg>
<arg>/api</arg>
<doc>Sends a GET request on a previously created HTTP Session.</doc>
<status status="PASS" start="2024-06-15T21:14:09.739057" elapsed="0.094053"/>
</kw>
<kw name="Set Variable" owner="BuiltIn">
<msg time="2024-06-15T21:14:09.834203" level="INFO">${json_data} = {'results': [{'gender': 'male', 'name': {'title': 'Monsieur', 'first': 'Angel', 'last': 'Denis'}, 'location': {'street': {'number': 5324, 'name': 'Rue Louis-Blanqui'}, 'city': 'Comano', 'state': 'Grau...</msg>
<var>${json_data}</var>
<arg>${response.json()}</arg>
<doc>Returns the given values which can then be assigned to a variables.</doc>
<status status="PASS" start="2024-06-15T21:14:09.833661" elapsed="0.000571"/>
</kw>
<kw name="Set Variable" owner="BuiltIn">
<msg time="2024-06-15T21:14:09.835073" level="INFO">${name_title} = Monsieur</msg>
<var>${name_title}</var>
<arg>${json_data["results"][0]["name"]["title"]}</arg>
<doc>Returns the given values which can then be assigned to a variables.</doc>
<status status="PASS" start="2024-06-15T21:14:09.834647" elapsed="0.000452"/>
</kw>
<kw name="Create List" owner="BuiltIn">
<msg time="2024-06-15T21:14:09.835591" level="INFO">${allowed_titles} = ['Mr', 'Ms', 'Miss', 'Mrs', 'Madame', 'Monsieur']</msg>
<var>${allowed_titles}</var>
<arg>Mr</arg>
<arg>Ms</arg>
<arg>Miss</arg>
<arg>Mrs</arg>
<arg>Madame</arg>
<arg>Monsieur</arg>
<doc>Returns a list containing given items.</doc>
<status status="PASS" start="2024-06-15T21:14:09.835433" elapsed="0.000181"/>
</kw>
<kw name="List Should Contain Value" owner="Collections">
<arg>${allowed_titles}</arg>
<arg>${name_title}</arg>
<doc>Fails if the ``value`` is not found from ``list``.</doc>
<status status="PASS" start="2024-06-15T21:14:09.835918" elapsed="0.000181"/>
</kw>
<kw name="Set Variable" owner="BuiltIn">
<msg time="2024-06-15T21:14:09.836663" level="INFO">${name_country} = CH</msg>
<var>${name_country}</var>
<arg>${json_data["results"][0]["nat"]}</arg>
<doc>Returns the given values which can then be assigned to a variables.</doc>
<status status="PASS" start="2024-06-15T21:14:09.836288" elapsed="0.000400"/>
</kw>
<kw name="Create List" owner="BuiltIn">
<msg time="2024-06-15T21:14:09.837581" level="INFO">${list_country} = ['AD', 'AE', 'AF', 'AG', 'AI', 'AL', 'AM', 'AO', 'AQ', 'AR', 'AS', 'AT', 'AU', 'AW', 'AX', 'AZ', 'BA', 'BB', 'BD', 'BE', 'BF', 'BG', 'BH', 'BI', 'BJ', 'BL', 'BM', 'BN', 'BO', 'BQ', 'BR', 'BS', 'BT', '...</msg>
<var>${list_country}</var>
<arg>AD</arg>
<arg>AE</arg>
<arg>AF</arg>
<arg>AG</arg>
<arg>AI</arg>
<arg>AL</arg>
<arg>AM</arg>
<arg>AO</arg>
<arg>AQ</arg>
<arg>AR</arg>
<arg>AS</arg>
<arg>AT</arg>
<arg>AU</arg>
<arg>AW</arg>
<arg>AX</arg>
<arg>AZ</arg>
<arg>BA</arg>
<arg>BB</arg>
<arg>BD</arg>
<arg>BE</arg>
<arg>BF</arg>
<arg>BG</arg>
<arg>BH</arg>
<arg>BI</arg>
<arg>BJ</arg>
<arg>BL</arg>
<arg>BM</arg>
<arg>BN</arg>
<arg>BO</arg>
<arg>BQ</arg>
<arg>BR</arg>
<arg>BS</arg>
<arg>BT</arg>
<arg>BV</arg>
<arg>BW</arg>
<arg>BY</arg>
<arg>BZ</arg>
<arg>CA</arg>
<arg>CC</arg>
<arg>CD</arg>
<arg>CF</arg>
<arg>CG</arg>
<arg>CH</arg>
<arg>CI</arg>
<arg>CK</arg>
<arg>CL</arg>
<arg>CM</arg>
<arg>CN</arg>
<arg>CO</arg>
<arg>CR</arg>
<arg>CU</arg>
<arg>CV</arg>
<arg>CW</arg>
<arg>CX</arg>
<arg>CY</arg>
<arg>CZ</arg>
<arg>DE</arg>
<arg>DJ</arg>
<arg>DK</arg>
<arg>DM</arg>
<arg>DO</arg>
<arg>DZ</arg>
<arg>EC</arg>
<arg>EE</arg>
<arg>EG</arg>
<arg>EH</arg>
<arg>ER</arg>
<arg>ES</arg>
<arg>ET</arg>
<arg>FI</arg>
<arg>FJ</arg>
<arg>FK</arg>
<arg>FM</arg>
<arg>FO</arg>
<arg>FR</arg>
<arg>GA</arg>
<arg>GB</arg>
<arg>GD</arg>
<arg>GE</arg>
<arg>GF</arg>
<arg>GG</arg>
<arg>GH</arg>
<arg>GI</arg>
<arg>GL</arg>
<arg>GM</arg>
<arg>GN</arg>
<arg>GP</arg>
<arg>GQ</arg>
<arg>GR</arg>
<arg>GS</arg>
<arg>GT</arg>
<arg>GU</arg>
<arg>GW</arg>
<arg>GY</arg>
<arg>HK</arg>
<arg>HM</arg>
<arg>HN</arg>
<arg>HR</arg>
<arg>HT</arg>
<arg>HU</arg>
<arg>ID</arg>
<arg>IE</arg>
<arg>IL</arg>
<arg>IM</arg>
<arg>IN</arg>
<arg>IO</arg>
<arg>IQ</arg>
<arg>IR</arg>
<arg>IS</arg>
<arg>IT</arg>
<arg>JE</arg>
<arg>JM</arg>
<arg>JO</arg>
<arg>JP</arg>
<arg>KE</arg>
<arg>KG</arg>
<arg>KH</arg>
<arg>KI</arg>
<arg>KM</arg>
<arg>KN</arg>
<arg>KP</arg>
<arg>KR</arg>
<arg>KW</arg>
<arg>KY</arg>
<arg>KZ</arg>
<arg>LA</arg>
<arg>LB</arg>
<arg>LC</arg>
<arg>LI</arg>
<arg>LK</arg>
<arg>LR</arg>
<arg>LS</arg>
<arg>LT</arg>
<arg>LU</arg>
<arg>LV</arg>
<arg>LY</arg>
<arg>MA</arg>
<arg>MC</arg>
<arg>MD</arg>
<arg>ME</arg>
<arg>MF</arg>
<arg>MG</arg>
<arg>MH</arg>
<arg>MK</arg>
<arg>ML</arg>
<arg>MM</arg>
<arg>MN</arg>
<arg>MO</arg>
<arg>MP</arg>
<arg>MQ</arg>
<arg>MR</arg>
<arg>MS</arg>
<arg>MT</arg>
<arg>MU</arg>
<arg>MV</arg>
<arg>MW</arg>
<arg>MX</arg>
<arg>MY</arg>
<arg>MZ</arg>
<arg>NA</arg>
<arg>NC</arg>
<arg>NE</arg>
<arg>NF</arg>
<arg>NG</arg>
<arg>NI</arg>
<arg>NL</arg>
<arg>NO</arg>
<arg>NP</arg>
<arg>NR</arg>
<arg>NU</arg>
<arg>NZ</arg>
<arg>OM</arg>
<arg>PA</arg>
<arg>PE</arg>
<arg>PF</arg>
<arg>PG</arg>
<arg>PH</arg>
<arg>PK</arg>
<arg>PL</arg>
<arg>PM</arg>
<arg>PN</arg>
<arg>PR</arg>
<arg>PS</arg>
<arg>PT</arg>
<arg>PW</arg>
<arg>PY</arg>
<arg>QA</arg>
<arg>RE</arg>
<arg>RO</arg>
<arg>RS</arg>
<arg>RU</arg>
<arg>RW</arg>
<arg>SA</arg>
<arg>SB</arg>
<arg>SC</arg>
<arg>SD</arg>
<arg>SE</arg>
<arg>SG</arg>
<arg>SH</arg>
<arg>SI</arg>
<arg>SJ</arg>
<arg>SK</arg>
<arg>SL</arg>
<arg>SM</arg>
<arg>SN</arg>
<arg>SO</arg>
<arg>SR</arg>
<arg>SS</arg>
<arg>ST</arg>
<arg>SV</arg>
<arg>SX</arg>
<arg>SY</arg>
<arg>SZ</arg>
<arg>TC</arg>
<arg>TD</arg>
<arg>TF</arg>
<arg>TG</arg>
<arg>TH</arg>
<arg>TJ</arg>
<arg>TK</arg>
<arg>TL</arg>
<arg>TM</arg>
<arg>TN</arg>
<arg>TO</arg>
<arg>TR</arg>
<arg>TT</arg>
<arg>TV</arg>
<arg>TW</arg>
<arg>TZ</arg>
<arg>UA</arg>
<arg>UG</arg>
<arg>UM</arg>
<arg>US</arg>
<arg>UY</arg>
<arg>UZ</arg>
<arg>VA</arg>
<arg>VC</arg>
<arg>VE</arg>
<arg>VG</arg>
<arg>VI</arg>
<arg>VN</arg>
<arg>VU</arg>
<arg>WF</arg>
<arg>WS</arg>
<arg>XK</arg>
<arg>YE</arg>
<arg>YT</arg>
<arg>ZA</arg>
<arg>ZM</arg>
<arg>ZW</arg>
<doc>Returns a list containing given items.</doc>
<status status="PASS" start="2024-06-15T21:14:09.836987" elapsed="0.000620"/>
</kw>
<kw name="List Should Contain Value" owner="Collections">
<arg>${list_country}</arg>
<arg>${name_country}</arg>
<doc>Fails if the ``value`` is not found from ``list``.</doc>
<status status="PASS" start="2024-06-15T21:14:09.838400" elapsed="0.000232"/>
</kw>
<kw name="Run Keyword If" owner="BuiltIn">
<kw name="Should Be True" owner="BuiltIn">
<arg>${True}</arg>
<doc>Fails if the given condition is not true.</doc>
<status status="PASS" start="2024-06-15T21:14:09.839726" elapsed="0.000144"/>
</kw>
<arg>${json_data["results"][0]["location"]["coordinates"]["latitude"]} &gt;= -90 and ${json_data["results"][0]["location"]["coordinates"]["latitude"]} &lt;= 90</arg>
<arg>Should Be True</arg>
<arg>${True}</arg>
<doc>Runs the given keyword with the given arguments, if ``condition`` is true.</doc>
<status status="PASS" start="2024-06-15T21:14:09.838833" elapsed="0.001163"/>
</kw>
<kw name="Run Keyword If" owner="BuiltIn">
<kw name="Should Be True" owner="BuiltIn">
<arg>${True}</arg>
<doc>Fails if the given condition is not true.</doc>
<status status="PASS" start="2024-06-15T21:14:09.840885" elapsed="0.000139"/>
</kw>
<arg>${json_data["results"][0]["location"]["coordinates"]["longitude"]} &gt;= -180 and ${json_data["results"][0]["location"]["coordinates"]["longitude"]} &lt;= 180</arg>
<arg>Should Be True</arg>
<arg>${True}</arg>
<doc>Runs the given keyword with the given arguments, if ``condition`` is true.</doc>
<status status="PASS" start="2024-06-15T21:14:09.840185" elapsed="0.000963"/>
</kw>
<status status="PASS" start="2024-06-15T21:14:09.738827" elapsed="0.102455"/>
</kw>
<doc>Testa o conteúdo específico dos campos retornados pela API.</doc>
<tag>testeConteudo</tag>
<status status="PASS" start="2024-06-15T21:14:09.738274" elapsed="0.103161"/>
</test>
<status status="PASS" start="2024-06-15T21:14:08.896473" elapsed="0.946969"/>
</suite>
<status status="PASS" start="2024-06-15T21:14:08.883070" elapsed="0.965389"/>
</suite>
<statistics>
<total>
<stat pass="5" fail="0" skip="0">All Tests</stat>
</total>
<tag>
<stat pass="1" fail="0" skip="0">testeConteudo</stat>
<stat pass="1" fail="0" skip="0">testeEstruturaResposta</stat>
<stat pass="1" fail="0" skip="0">testeRequisicaoBasica</stat>
<stat pass="1" fail="0" skip="0">testeTiposDados</stat>
</tag>
<suite>
<stat pass="5" fail="0" skip="0" id="s1" name="Tests">Tests</stat>
<stat pass="5" fail="0" skip="0" id="s1-s1" name="Random-User-Test">Tests.Random-User-Test</stat>
</suite>
</statistics>
<errors>
</errors>
</robot>
