<?xml version="1.0" encoding="UTF-8"?>
<robot generator="Robot 7.0.1 (Python 3.12.4 on linux)" generated="2024-07-14T14:20:00.958694" rpa="false" schemaversion="5">
<suite id="s1" name="Tests" source="/home/runner/work/ApiRandomUser/ApiRandomUser/RamdonUser/tests">
<suite id="s1-s1" name="Random-User-Test" source="/home/runner/work/ApiRandomUser/ApiRandomUser/RamdonUser/tests/random-user-test.robot">
<test id="s1-s1-t1" name="Conectar" line="13">
<kw name="Conectar API" owner="random-user-service">
<kw name="Create Session" owner="RequestsLibrary">
<msg time="2024-07-14T14:20:01.381799" level="INFO">Creating Session using : alias=consultarAPI, url=https://randomuser.me/, headers={},                     cookies={}, auth=None, timeout=None, proxies=None, verify=False,                     debug=0 </msg>
<arg>consultarAPI</arg>
<arg>${URL}</arg>
<doc>Create Session: create a HTTP session to a server</doc>
<status status="PASS" start="2024-07-14T14:20:01.381598" elapsed="0.000369"/>
</kw>
<status status="PASS" start="2024-07-14T14:20:01.380634" elapsed="0.001693"/>
</kw>
<status status="PASS" start="2024-07-14T14:20:01.380016" elapsed="0.002508"/>
</test>
<test id="s1-s1-t2" name="Validar retorno 200 e JSON Válido" line="16">
<kw name="Teste de Requisicao Basica" owner="random-user-service">
<kw name="GET On Session" owner="RequestsLibrary">
<msg time="2024-07-14T14:20:01.739347" level="INFO">GET Request : url=https://randomuser.me/api 
 path_url=/api 
 headers={'User-Agent': 'python-requests/2.32.3', 'Accept-Encoding': 'gzip, deflate', 'Accept': '*/*', 'Connection': 'keep-alive'} 
 body=None 
 </msg>
<msg time="2024-07-14T14:20:01.739526" level="INFO">GET Response : url=https://randomuser.me/api 
 status=200, reason=OK 
 headers={'Date': 'Sun, 14 Jul 2024 14:20:01 GMT', 'Content-Type': 'application/json; charset=utf-8', 'Transfer-Encoding': 'chunked', 'Connection': 'keep-alive', 'X-Powered-By': 'Express', 'Access-Control-Allow-Origin': '*', 'Cache-Control': 'no-cache', 'ETag': 'W/"48c-xGWSKWyFNlznGgK6VbyKIpqoKxM"', 'Vary': 'Accept-Encoding', 'Content-Encoding': 'gzip', 'CF-Cache-Status': 'DYNAMIC', 'Report-To': '{"endpoints":[{"url":"https:\\/\\/a.nel.cloudflare.com\\/report\\/v4?s=vZ25ToYZrSRS7KyJGk8X%2B0Lc6CUpVIpugTsAfZjrfSCjkDBiHXEpQftNMc%2F2EgyfPf0V%2Fi%2FbAheM9Ha577XEbXAJzIG4qPj5fIgh7NMF8vLKL%2F4yKuWcZ8fiqBRY0Bri"}],"group":"cf-nel","max_age":604800}', 'NEL': '{"success_fraction":0,"report_to":"cf-nel","max_age":604800}', 'Server': 'cloudflare', 'CF-RAY': '8a3226adebd8113e-ORD', 'alt-svc': 'h3=":443"; ma=86400'} 
 body={"results":[{"gender":"female","name":{"title":"Mrs","first":"Danica","last":"Stošić"},"location":{"street":{"number":3499,"name":"Milice Babić Jovanović "},"city":"Loznica","state":"Central Banat","country":"Serbia","postcode":98518,"coordinates":{"latitude":"61.7031","longitude":"150.4086"},"timezone":{"offset":"+5:45","description":"Kathmandu"}},"email":"danica.stosic@example.com","login":{"uuid":"2c7b5871-f986-42ad-bd82-b9b3ba64b813","username":"bluepeacock658","password":"kirsten","salt":"JGziN2B1","md5":"2538f0e86ebccca278e7644120b70d08","sha1":"7f83538bfab9abd8cb04f9328749b42a76b6bf52","sha256":"72b9ebefe671bb13d7a5f6922169c6826430bfba0d75f7c97a4af1dabcc27242"},"dob":{"date":"1986-04-15T05:46:21.505Z","age":38},"registered":{"date":"2007-04-06T06:44:07.262Z","age":17},"phone":"024-2750-275","cell":"061-2262-777","id":{"name":"SID","value":"732548406"},"picture":{"large":"https://randomuser.me/api/portraits/women/72.jpg","medium":"https://randomuser.me/api/portraits/med/women/72.jpg","thumbnail":"https://randomuser.me/api/portraits/thumb/women/72.jpg"},"nat":"RS"}],"info":{"seed":"d5fbf3a071d7c0e3","results":1,"page":1,"version":"1.4"}} 
 </msg>
<msg time="2024-07-14T14:20:01.739684" level="INFO">/opt/hostedtoolcache/Python/3.12.4/x64/lib/python3.12/site-packages/urllib3/connectionpool.py:1099: InsecureRequestWarning: Unverified HTTPS request is being made to host 'randomuser.me'. Adding certificate verification is strongly advised. See: https://urllib3.readthedocs.io/en/latest/advanced-usage.html#tls-warnings
  warnings.warn(</msg>
<msg time="2024-07-14T14:20:01.739884" level="INFO">${response} = &lt;Response [200]&gt;</msg>
<var>${response}</var>
<arg>consultarAPI</arg>
<arg>/api</arg>
<doc>Sends a GET request on a previously created HTTP Session.</doc>
<status status="PASS" start="2024-07-14T14:20:01.385263" elapsed="0.354679"/>
</kw>
<kw name="Should Be Equal As Numbers" owner="BuiltIn">
<msg time="2024-07-14T14:20:01.740914" level="INFO">Argument types are:
&lt;class 'int'&gt;
&lt;class 'str'&gt;</msg>
<arg>${response.status_code}</arg>
<arg>200</arg>
<doc>Fails if objects are unequal after converting them to real numbers.</doc>
<status status="PASS" start="2024-07-14T14:20:01.740460" elapsed="0.000518"/>
</kw>
<kw name="Log" owner="BuiltIn">
<msg time="2024-07-14T14:20:01.741635" level="INFO">200</msg>
<arg>${response.status_code}</arg>
<doc>Logs the given message with the given level.</doc>
<status status="PASS" start="2024-07-14T14:20:01.741289" elapsed="0.000389"/>
</kw>
<kw name="Set Variable" owner="BuiltIn">
<msg time="2024-07-14T14:20:01.742405" level="INFO">${json_data} = {'results': [{'gender': 'female', 'name': {'title': 'Mrs', 'first': 'Danica', 'last': 'Stošić'}, 'location': {'street': {'number': 3499, 'name': 'Milice Babić Jovanović '}, 'city': 'Loznica', 'state':...</msg>
<var>${json_data}</var>
<arg>${response.json()}</arg>
<doc>Returns the given values which can then be assigned to a variables.</doc>
<status status="PASS" start="2024-07-14T14:20:01.741972" elapsed="0.000463"/>
</kw>
<kw name="Dictionary Should Contain Key" owner="Collections">
<arg>${json_data}</arg>
<arg>results</arg>
<doc>Fails if ``key`` is not found from ``dictionary``.</doc>
<status status="PASS" start="2024-07-14T14:20:01.742727" elapsed="0.000163"/>
</kw>
<status status="PASS" start="2024-07-14T14:20:01.385007" elapsed="0.358037"/>
</kw>
<doc>Testa se a API responde corretamente e retorna um objeto JSON válido.</doc>
<tag>testeRequisicaoBasica</tag>
<status status="PASS" start="2024-07-14T14:20:01.384444" elapsed="0.358787"/>
</test>
<test id="s1-s1-t3" name="Validar estrutura de resposta" line="22">
<kw name="Teste de Estrutura de Resposta" owner="random-user-service">
<kw name="GET On Session" owner="RequestsLibrary">
<msg time="2024-07-14T14:20:01.849012" level="INFO">GET Request : url=https://randomuser.me/api 
 path_url=/api 
 headers={'User-Agent': 'python-requests/2.32.3', 'Accept-Encoding': 'gzip, deflate', 'Accept': '*/*', 'Connection': 'keep-alive'} 
 body=None 
 </msg>
<msg time="2024-07-14T14:20:01.849100" level="INFO">GET Response : url=https://randomuser.me/api 
 status=200, reason=OK 
 headers={'Date': 'Sun, 14 Jul 2024 14:20:01 GMT', 'Content-Type': 'application/json; charset=utf-8', 'Transfer-Encoding': 'chunked', 'Connection': 'keep-alive', 'X-Powered-By': 'Express', 'Access-Control-Allow-Origin': '*', 'Cache-Control': 'no-cache', 'ETag': 'W/"4b1-5VGDoy3kLhG034DxQFLG6FcEuFU"', 'Vary': 'Accept-Encoding', 'Content-Encoding': 'gzip', 'CF-Cache-Status': 'DYNAMIC', 'Report-To': '{"endpoints":[{"url":"https:\\/\\/a.nel.cloudflare.com\\/report\\/v4?s=GgmIih%2BHcoyXbp85BeD67zE5OmTVkl1b4svW%2Bi8UJ7l0Esm%2F3kcql6A6AIeMoNYtfR%2BNQvfCsLZ59cul1nvlvJWqtSo1I2WwObFISyzk%2BlfmYdsTfh5tb78nIXULhAew"}],"group":"cf-nel","max_age":604800}', 'NEL': '{"success_fraction":0,"report_to":"cf-nel","max_age":604800}', 'Server': 'cloudflare', 'CF-RAY': '8a3226aeed70113e-ORD', 'alt-svc': 'h3=":443"; ma=86400'} 
 body={"results":[{"gender":"male","name":{"title":"Mr","first":"Anthony","last":"Armstrong"},"location":{"street":{"number":255,"name":"North Street"},"city":"City of London","state":"Lincolnshire","country":"United Kingdom","postcode":"E95 7BL","coordinates":{"latitude":"-11.2404","longitude":"-118.0150"},"timezone":{"offset":"-5:00","description":"Eastern Time (US &amp; Canada), Bogota, Lima"}},"email":"anthony.armstrong@example.com","login":{"uuid":"0040839d-4006-4cc3-8ad0-4598d93f1809","username":"tinybird375","password":"penelope","salt":"racyVUmU","md5":"c401576717f7078d9010535643f84ecf","sha1":"062de79bd6f1352a29b1d306df21e38536caa8e3","sha256":"3d84eef82896f17c3b15284622bab3c1b2691bb858cdd5b414340f82334aa171"},"dob":{"date":"1965-04-03T15:36:38.973Z","age":59},"registered":{"date":"2014-01-25T23:18:24.726Z","age":10},"phone":"017683 51163","cell":"07002 914040","id":{"name":"NINO","value":"GS 27 59 83 W"},"picture":{"large":"https://randomuser.me/api/portraits/men/51.jpg","medium":"https://randomuser.me/api/portraits/med/men/51.jpg","thumbnail":"https://randomuser.me/api/portraits/thumb/men/51.jpg"},"nat":"GB"}],"info":{"seed":"43ccdc97c66ae316","results":1,"page":1,"version":"1.4"}} 
 </msg>
<msg time="2024-07-14T14:20:01.849221" level="INFO">/opt/hostedtoolcache/Python/3.12.4/x64/lib/python3.12/site-packages/urllib3/connectionpool.py:1099: InsecureRequestWarning: Unverified HTTPS request is being made to host 'randomuser.me'. Adding certificate verification is strongly advised. See: https://urllib3.readthedocs.io/en/latest/advanced-usage.html#tls-warnings
  warnings.warn(</msg>
<msg time="2024-07-14T14:20:01.849352" level="INFO">${response} = &lt;Response [200]&gt;</msg>
<var>${response}</var>
<arg>consultarAPI</arg>
<arg>/api</arg>
<doc>Sends a GET request on a previously created HTTP Session.</doc>
<status status="PASS" start="2024-07-14T14:20:01.745840" elapsed="0.103562"/>
</kw>
<kw name="Set Variable" owner="BuiltIn">
<msg time="2024-07-14T14:20:01.850440" level="INFO">${json_data} = {'results': [{'gender': 'male', 'name': {'title': 'Mr', 'first': 'Anthony', 'last': 'Armstrong'}, 'location': {'street': {'number': 255, 'name': 'North Street'}, 'city': 'City of London', 'state': 'Li...</msg>
<var>${json_data}</var>
<arg>${response.json()}</arg>
<doc>Returns the given values which can then be assigned to a variables.</doc>
<status status="PASS" start="2024-07-14T14:20:01.849890" elapsed="0.000578"/>
</kw>
<kw name="Log" owner="BuiltIn">
<msg time="2024-07-14T14:20:01.850928" level="INFO">{'results': [{'gender': 'male', 'name': {'title': 'Mr', 'first': 'Anthony', 'last': 'Armstrong'}, 'location': {'street': {'number': 255, 'name': 'North Street'}, 'city': 'City of London', 'state': 'Lincolnshire', 'country': 'United Kingdom', 'postcode': 'E95 7BL', 'coordinates': {'latitude': '-11.2404', 'longitude': '-118.0150'}, 'timezone': {'offset': '-5:00', 'description': 'Eastern Time (US &amp; Canada), Bogota, Lima'}}, 'email': 'anthony.armstrong@example.com', 'login': {'uuid': '0040839d-4006-4cc3-8ad0-4598d93f1809', 'username': 'tinybird375', 'password': 'penelope', 'salt': 'racyVUmU', 'md5': 'c401576717f7078d9010535643f84ecf', 'sha1': '062de79bd6f1352a29b1d306df21e38536caa8e3', 'sha256': '3d84eef82896f17c3b15284622bab3c1b2691bb858cdd5b414340f82334aa171'}, 'dob': {'date': '1965-04-03T15:36:38.973Z', 'age': 59}, 'registered': {'date': '2014-01-25T23:18:24.726Z', 'age': 10}, 'phone': '017683 51163', 'cell': '07002 914040', 'id': {'name': 'NINO', 'value': 'GS 27 59 83 W'}, 'picture': {'large': 'https://randomuser.me/api/portraits/men/51.jpg', 'medium': 'https://randomuser.me/api/portraits/med/men/51.jpg', 'thumbnail': 'https://randomuser.me/api/portraits/thumb/men/51.jpg'}, 'nat': 'GB'}], 'info': {'seed': '43ccdc97c66ae316', 'results': 1, 'page': 1, 'version': '1.4'}}</msg>
<arg>${json_data}</arg>
<doc>Logs the given message with the given level.</doc>
<status status="PASS" start="2024-07-14T14:20:01.850774" elapsed="0.000201"/>
</kw>
<kw name="Dictionary Should Contain Key" owner="Collections">
<arg>${json_data}</arg>
<arg>results</arg>
<doc>Fails if ``key`` is not found from ``dictionary``.</doc>
<status status="PASS" start="2024-07-14T14:20:01.851261" elapsed="0.000151"/>
</kw>
<kw name="Should Not Be Empty" owner="BuiltIn">
<msg time="2024-07-14T14:20:01.851767" level="INFO">Length is 2.</msg>
<arg>${json_data}</arg>
<doc>Verifies that the given item is not empty.</doc>
<status status="PASS" start="2024-07-14T14:20:01.851626" elapsed="0.000184"/>
</kw>
<kw name="Create List" owner="BuiltIn">
<msg time="2024-07-14T14:20:01.852381" level="INFO">${expected_keys} = ['gender', 'name', 'location', 'email', 'login']</msg>
<var>${expected_keys}</var>
<arg>gender</arg>
<arg>name</arg>
<arg>location</arg>
<arg>email</arg>
<arg>login</arg>
<doc>Returns a list containing given items.</doc>
<status status="PASS" start="2024-07-14T14:20:01.852099" elapsed="0.000307"/>
</kw>
<for flavor="IN">
<iter>
<kw name="Dictionary Should Contain Key" owner="Collections">
<arg>${json_data['results'][0]}</arg>
<arg>${key}</arg>
<doc>Fails if ``key`` is not found from ``dictionary``.</doc>
<status status="PASS" start="2024-07-14T14:20:01.852972" elapsed="0.000397"/>
</kw>
<kw name="Log" owner="BuiltIn">
<msg time="2024-07-14T14:20:01.853905" level="INFO">{'gender': 'male', 'name': {'title': 'Mr', 'first': 'Anthony', 'last': 'Armstrong'}, 'location': {'street': {'number': 255, 'name': 'North Street'}, 'city': 'City of London', 'state': 'Lincolnshire', 'country': 'United Kingdom', 'postcode': 'E95 7BL', 'coordinates': {'latitude': '-11.2404', 'longitude': '-118.0150'}, 'timezone': {'offset': '-5:00', 'description': 'Eastern Time (US &amp; Canada), Bogota, Lima'}}, 'email': 'anthony.armstrong@example.com', 'login': {'uuid': '0040839d-4006-4cc3-8ad0-4598d93f1809', 'username': 'tinybird375', 'password': 'penelope', 'salt': 'racyVUmU', 'md5': 'c401576717f7078d9010535643f84ecf', 'sha1': '062de79bd6f1352a29b1d306df21e38536caa8e3', 'sha256': '3d84eef82896f17c3b15284622bab3c1b2691bb858cdd5b414340f82334aa171'}, 'dob': {'date': '1965-04-03T15:36:38.973Z', 'age': 59}, 'registered': {'date': '2014-01-25T23:18:24.726Z', 'age': 10}, 'phone': '017683 51163', 'cell': '07002 914040', 'id': {'name': 'NINO', 'value': 'GS 27 59 83 W'}, 'picture': {'large': 'https://randomuser.me/api/portraits/men/51.jpg', 'medium': 'https://randomuser.me/api/portraits/med/men/51.jpg', 'thumbnail': 'https://randomuser.me/api/portraits/thumb/men/51.jpg'}, 'nat': 'GB'}</msg>
<arg>${json_data['results'][0]}</arg>
<doc>Logs the given message with the given level.</doc>
<status status="PASS" start="2024-07-14T14:20:01.853553" elapsed="0.000403"/>
</kw>
<kw name="Log" owner="BuiltIn">
<msg time="2024-07-14T14:20:01.854378" level="INFO">gender</msg>
<arg>${key}</arg>
<doc>Logs the given message with the given level.</doc>
<status status="PASS" start="2024-07-14T14:20:01.854252" elapsed="0.000163"/>
</kw>
<var name="${key}">gender</var>
<status status="PASS" start="2024-07-14T14:20:01.852849" elapsed="0.001778"/>
</iter>
<iter>
<kw name="Dictionary Should Contain Key" owner="Collections">
<arg>${json_data['results'][0]}</arg>
<arg>${key}</arg>
<doc>Fails if ``key`` is not found from ``dictionary``.</doc>
<status status="PASS" start="2024-07-14T14:20:01.854921" elapsed="0.000401"/>
</kw>
<kw name="Log" owner="BuiltIn">
<msg time="2024-07-14T14:20:01.855921" level="INFO">{'gender': 'male', 'name': {'title': 'Mr', 'first': 'Anthony', 'last': 'Armstrong'}, 'location': {'street': {'number': 255, 'name': 'North Street'}, 'city': 'City of London', 'state': 'Lincolnshire', 'country': 'United Kingdom', 'postcode': 'E95 7BL', 'coordinates': {'latitude': '-11.2404', 'longitude': '-118.0150'}, 'timezone': {'offset': '-5:00', 'description': 'Eastern Time (US &amp; Canada), Bogota, Lima'}}, 'email': 'anthony.armstrong@example.com', 'login': {'uuid': '0040839d-4006-4cc3-8ad0-4598d93f1809', 'username': 'tinybird375', 'password': 'penelope', 'salt': 'racyVUmU', 'md5': 'c401576717f7078d9010535643f84ecf', 'sha1': '062de79bd6f1352a29b1d306df21e38536caa8e3', 'sha256': '3d84eef82896f17c3b15284622bab3c1b2691bb858cdd5b414340f82334aa171'}, 'dob': {'date': '1965-04-03T15:36:38.973Z', 'age': 59}, 'registered': {'date': '2014-01-25T23:18:24.726Z', 'age': 10}, 'phone': '017683 51163', 'cell': '07002 914040', 'id': {'name': 'NINO', 'value': 'GS 27 59 83 W'}, 'picture': {'large': 'https://randomuser.me/api/portraits/men/51.jpg', 'medium': 'https://randomuser.me/api/portraits/med/men/51.jpg', 'thumbnail': 'https://randomuser.me/api/portraits/thumb/men/51.jpg'}, 'nat': 'GB'}</msg>
<arg>${json_data['results'][0]}</arg>
<doc>Logs the given message with the given level.</doc>
<status status="PASS" start="2024-07-14T14:20:01.855537" elapsed="0.000434"/>
</kw>
<kw name="Log" owner="BuiltIn">
<msg time="2024-07-14T14:20:01.856393" level="INFO">name</msg>
<arg>${key}</arg>
<doc>Logs the given message with the given level.</doc>
<status status="PASS" start="2024-07-14T14:20:01.856267" elapsed="0.000162"/>
</kw>
<var name="${key}">name</var>
<status status="PASS" start="2024-07-14T14:20:01.854810" elapsed="0.001833"/>
</iter>
<iter>
<kw name="Dictionary Should Contain Key" owner="Collections">
<arg>${json_data['results'][0]}</arg>
<arg>${key}</arg>
<doc>Fails if ``key`` is not found from ``dictionary``.</doc>
<status status="PASS" start="2024-07-14T14:20:01.856925" elapsed="0.000376"/>
</kw>
<kw name="Log" owner="BuiltIn">
<msg time="2024-07-14T14:20:01.857833" level="INFO">{'gender': 'male', 'name': {'title': 'Mr', 'first': 'Anthony', 'last': 'Armstrong'}, 'location': {'street': {'number': 255, 'name': 'North Street'}, 'city': 'City of London', 'state': 'Lincolnshire', 'country': 'United Kingdom', 'postcode': 'E95 7BL', 'coordinates': {'latitude': '-11.2404', 'longitude': '-118.0150'}, 'timezone': {'offset': '-5:00', 'description': 'Eastern Time (US &amp; Canada), Bogota, Lima'}}, 'email': 'anthony.armstrong@example.com', 'login': {'uuid': '0040839d-4006-4cc3-8ad0-4598d93f1809', 'username': 'tinybird375', 'password': 'penelope', 'salt': 'racyVUmU', 'md5': 'c401576717f7078d9010535643f84ecf', 'sha1': '062de79bd6f1352a29b1d306df21e38536caa8e3', 'sha256': '3d84eef82896f17c3b15284622bab3c1b2691bb858cdd5b414340f82334aa171'}, 'dob': {'date': '1965-04-03T15:36:38.973Z', 'age': 59}, 'registered': {'date': '2014-01-25T23:18:24.726Z', 'age': 10}, 'phone': '017683 51163', 'cell': '07002 914040', 'id': {'name': 'NINO', 'value': 'GS 27 59 83 W'}, 'picture': {'large': 'https://randomuser.me/api/portraits/men/51.jpg', 'medium': 'https://randomuser.me/api/portraits/med/men/51.jpg', 'thumbnail': 'https://randomuser.me/api/portraits/thumb/men/51.jpg'}, 'nat': 'GB'}</msg>
<arg>${json_data['results'][0]}</arg>
<doc>Logs the given message with the given level.</doc>
<status status="PASS" start="2024-07-14T14:20:01.857485" elapsed="0.000397"/>
</kw>
<kw name="Log" owner="BuiltIn">
<msg time="2024-07-14T14:20:01.858319" level="INFO">location</msg>
<arg>${key}</arg>
<doc>Logs the given message with the given level.</doc>
<status status="PASS" start="2024-07-14T14:20:01.858195" elapsed="0.000161"/>
</kw>
<var name="${key}">location</var>
<status status="PASS" start="2024-07-14T14:20:01.856818" elapsed="0.001749"/>
</iter>
<iter>
<kw name="Dictionary Should Contain Key" owner="Collections">
<arg>${json_data['results'][0]}</arg>
<arg>${key}</arg>
<doc>Fails if ``key`` is not found from ``dictionary``.</doc>
<status status="PASS" start="2024-07-14T14:20:01.858840" elapsed="0.000382"/>
</kw>
<kw name="Log" owner="BuiltIn">
<msg time="2024-07-14T14:20:01.859799" level="INFO">{'gender': 'male', 'name': {'title': 'Mr', 'first': 'Anthony', 'last': 'Armstrong'}, 'location': {'street': {'number': 255, 'name': 'North Street'}, 'city': 'City of London', 'state': 'Lincolnshire', 'country': 'United Kingdom', 'postcode': 'E95 7BL', 'coordinates': {'latitude': '-11.2404', 'longitude': '-118.0150'}, 'timezone': {'offset': '-5:00', 'description': 'Eastern Time (US &amp; Canada), Bogota, Lima'}}, 'email': 'anthony.armstrong@example.com', 'login': {'uuid': '0040839d-4006-4cc3-8ad0-4598d93f1809', 'username': 'tinybird375', 'password': 'penelope', 'salt': 'racyVUmU', 'md5': 'c401576717f7078d9010535643f84ecf', 'sha1': '062de79bd6f1352a29b1d306df21e38536caa8e3', 'sha256': '3d84eef82896f17c3b15284622bab3c1b2691bb858cdd5b414340f82334aa171'}, 'dob': {'date': '1965-04-03T15:36:38.973Z', 'age': 59}, 'registered': {'date': '2014-01-25T23:18:24.726Z', 'age': 10}, 'phone': '017683 51163', 'cell': '07002 914040', 'id': {'name': 'NINO', 'value': 'GS 27 59 83 W'}, 'picture': {'large': 'https://randomuser.me/api/portraits/men/51.jpg', 'medium': 'https://randomuser.me/api/portraits/med/men/51.jpg', 'thumbnail': 'https://randomuser.me/api/portraits/thumb/men/51.jpg'}, 'nat': 'GB'}</msg>
<arg>${json_data['results'][0]}</arg>
<doc>Logs the given message with the given level.</doc>
<status status="PASS" start="2024-07-14T14:20:01.859409" elapsed="0.000439"/>
</kw>
<kw name="Log" owner="BuiltIn">
<msg time="2024-07-14T14:20:01.860270" level="INFO">email</msg>
<arg>${key}</arg>
<doc>Logs the given message with the given level.</doc>
<status status="PASS" start="2024-07-14T14:20:01.860140" elapsed="0.000168"/>
</kw>
<var name="${key}">email</var>
<status status="PASS" start="2024-07-14T14:20:01.858734" elapsed="0.001787"/>
</iter>
<iter>
<kw name="Dictionary Should Contain Key" owner="Collections">
<arg>${json_data['results'][0]}</arg>
<arg>${key}</arg>
<doc>Fails if ``key`` is not found from ``dictionary``.</doc>
<status status="PASS" start="2024-07-14T14:20:01.860803" elapsed="0.000385"/>
</kw>
<kw name="Log" owner="BuiltIn">
<msg time="2024-07-14T14:20:01.861721" level="INFO">{'gender': 'male', 'name': {'title': 'Mr', 'first': 'Anthony', 'last': 'Armstrong'}, 'location': {'street': {'number': 255, 'name': 'North Street'}, 'city': 'City of London', 'state': 'Lincolnshire', 'country': 'United Kingdom', 'postcode': 'E95 7BL', 'coordinates': {'latitude': '-11.2404', 'longitude': '-118.0150'}, 'timezone': {'offset': '-5:00', 'description': 'Eastern Time (US &amp; Canada), Bogota, Lima'}}, 'email': 'anthony.armstrong@example.com', 'login': {'uuid': '0040839d-4006-4cc3-8ad0-4598d93f1809', 'username': 'tinybird375', 'password': 'penelope', 'salt': 'racyVUmU', 'md5': 'c401576717f7078d9010535643f84ecf', 'sha1': '062de79bd6f1352a29b1d306df21e38536caa8e3', 'sha256': '3d84eef82896f17c3b15284622bab3c1b2691bb858cdd5b414340f82334aa171'}, 'dob': {'date': '1965-04-03T15:36:38.973Z', 'age': 59}, 'registered': {'date': '2014-01-25T23:18:24.726Z', 'age': 10}, 'phone': '017683 51163', 'cell': '07002 914040', 'id': {'name': 'NINO', 'value': 'GS 27 59 83 W'}, 'picture': {'large': 'https://randomuser.me/api/portraits/men/51.jpg', 'medium': 'https://randomuser.me/api/portraits/med/men/51.jpg', 'thumbnail': 'https://randomuser.me/api/portraits/thumb/men/51.jpg'}, 'nat': 'GB'}</msg>
<arg>${json_data['results'][0]}</arg>
<doc>Logs the given message with the given level.</doc>
<status status="PASS" start="2024-07-14T14:20:01.861369" elapsed="0.000402"/>
</kw>
<kw name="Log" owner="BuiltIn">
<msg time="2024-07-14T14:20:01.862185" level="INFO">login</msg>
<arg>${key}</arg>
<doc>Logs the given message with the given level.</doc>
<status status="PASS" start="2024-07-14T14:20:01.862059" elapsed="0.000164"/>
</kw>
<var name="${key}">login</var>
<status status="PASS" start="2024-07-14T14:20:01.860691" elapsed="0.001746"/>
</iter>
<var>${key}</var>
<value>@{expected_keys}</value>
<status status="PASS" start="2024-07-14T14:20:01.852665" elapsed="0.009919"/>
</for>
<kw name="Create List" owner="BuiltIn">
<msg time="2024-07-14T14:20:01.862917" level="INFO">${expected_keysTwo} = ['username', 'password']</msg>
<var>${expected_keysTwo}</var>
<arg>username</arg>
<arg>password</arg>
<doc>Returns a list containing given items.</doc>
<status status="PASS" start="2024-07-14T14:20:01.862779" elapsed="0.000163"/>
</kw>
<for flavor="IN">
<iter>
<kw name="Dictionary Should Contain Key" owner="Collections">
<arg>${json_data['results'][0]['login']}</arg>
<arg>${keyTwo}</arg>
<doc>Fails if ``key`` is not found from ``dictionary``.</doc>
<status status="PASS" start="2024-07-14T14:20:01.863435" elapsed="0.000417"/>
</kw>
<kw name="Dictionary Should Contain Key" owner="Collections">
<arg>${json_data['results'][0]['login']}</arg>
<arg>${keyTwo}</arg>
<doc>Fails if ``key`` is not found from ``dictionary``.</doc>
<status status="PASS" start="2024-07-14T14:20:01.864033" elapsed="0.000371"/>
</kw>
<kw name="Log" owner="BuiltIn">
<msg time="2024-07-14T14:20:01.864710" level="INFO">username</msg>
<arg>${keyTwo}</arg>
<doc>Logs the given message with the given level.</doc>
<status status="PASS" start="2024-07-14T14:20:01.864588" elapsed="0.000160"/>
</kw>
<var name="${keyTwo}">username</var>
<status status="PASS" start="2024-07-14T14:20:01.863329" elapsed="0.001636"/>
</iter>
<iter>
<kw name="Dictionary Should Contain Key" owner="Collections">
<arg>${json_data['results'][0]['login']}</arg>
<arg>${keyTwo}</arg>
<doc>Fails if ``key`` is not found from ``dictionary``.</doc>
<status status="PASS" start="2024-07-14T14:20:01.865242" elapsed="0.000385"/>
</kw>
<kw name="Dictionary Should Contain Key" owner="Collections">
<arg>${json_data['results'][0]['login']}</arg>
<arg>${keyTwo}</arg>
<doc>Fails if ``key`` is not found from ``dictionary``.</doc>
<status status="PASS" start="2024-07-14T14:20:01.865803" elapsed="0.000373"/>
</kw>
<kw name="Log" owner="BuiltIn">
<msg time="2024-07-14T14:20:01.866469" level="INFO">password</msg>
<arg>${keyTwo}</arg>
<doc>Logs the given message with the given level.</doc>
<status status="PASS" start="2024-07-14T14:20:01.866350" elapsed="0.000162"/>
</kw>
<var name="${keyTwo}">password</var>
<status status="PASS" start="2024-07-14T14:20:01.865137" elapsed="0.001690"/>
</iter>
<var>${keyTwo}</var>
<value>@{expected_keysTwo}</value>
<status status="PASS" start="2024-07-14T14:20:01.863180" elapsed="0.003769"/>
</for>
<status status="PASS" start="2024-07-14T14:20:01.745609" elapsed="0.121481"/>
</kw>
<doc>Testa a estrutura da resposta da API.</doc>
<tag>testeEstruturaResposta</tag>
<status status="PASS" start="2024-07-14T14:20:01.745091" elapsed="0.122148"/>
</test>
<test id="s1-s1-t4" name="Validar tipos de dados" line="28">
<kw name="Teste de Tipos de Dados" owner="random-user-service">
<kw name="GET On Session" owner="RequestsLibrary">
<msg time="2024-07-14T14:20:02.058564" level="INFO">GET Request : url=https://randomuser.me/api 
 path_url=/api 
 headers={'User-Agent': 'python-requests/2.32.3', 'Accept-Encoding': 'gzip, deflate', 'Accept': '*/*', 'Connection': 'keep-alive'} 
 body=None 
 </msg>
<msg time="2024-07-14T14:20:02.058664" level="INFO">GET Response : url=https://randomuser.me/api 
 status=200, reason=OK 
 headers={'Date': 'Sun, 14 Jul 2024 14:20:02 GMT', 'Content-Type': 'application/json; charset=utf-8', 'Transfer-Encoding': 'chunked', 'Connection': 'keep-alive', 'X-Powered-By': 'Express', 'Access-Control-Allow-Origin': '*', 'Cache-Control': 'no-cache', 'ETag': 'W/"4a0-5oWn6xY0WWWLfxhSU+qefxzw+jE"', 'Vary': 'Accept-Encoding', 'Content-Encoding': 'gzip', 'CF-Cache-Status': 'DYNAMIC', 'Report-To': '{"endpoints":[{"url":"https:\\/\\/a.nel.cloudflare.com\\/report\\/v4?s=JZFp%2F%2BEQ%2BawOfNJBRS7pIvkJ0LCghUIWrS2AhgVr2lWc%2BcYci8daXhg%2BeSvJASTt9rPhnxmd06LYIseRUQ6%2FrePLKk%2FgCX1mFqoald8lC%2FNtYjfFyhh3r56Bqx%2BgjR9i"}],"group":"cf-nel","max_age":604800}', 'NEL': '{"success_fraction":0,"report_to":"cf-nel","max_age":604800}', 'Server': 'cloudflare', 'CF-RAY': '8a3226afae4a113e-ORD', 'alt-svc': 'h3=":443"; ma=86400'} 
 body={"results":[{"gender":"male","name":{"title":"Mr","first":"Charles","last":"Walker"},"location":{"street":{"number":921,"name":"Concession Road 6"},"city":"Keswick","state":"British Columbia","country":"Canada","postcode":"Z1E 2H2","coordinates":{"latitude":"-71.4056","longitude":"-30.5405"},"timezone":{"offset":"+11:00","description":"Magadan, Solomon Islands, New Caledonia"}},"email":"charles.walker@example.com","login":{"uuid":"3ef1571c-99b6-499a-a256-cc150291c8ae","username":"goldenkoala799","password":"bigone","salt":"LMQxJLPQ","md5":"9c18fa619943eb8d045ffd928d43a151","sha1":"92d5de2e5ed48cafbbde61a45317a406bbe8c6d9","sha256":"da1fe91c5360dd9764f32c6a6b8deb095b92f1be04d406f65f5327ab3eefa83c"},"dob":{"date":"1989-08-24T10:25:31.558Z","age":34},"registered":{"date":"2003-08-06T08:00:11.495Z","age":20},"phone":"A16 D75-6957","cell":"L25 Q03-1352","id":{"name":"SIN","value":"376995155"},"picture":{"large":"https://randomuser.me/api/portraits/men/32.jpg","medium":"https://randomuser.me/api/portraits/med/men/32.jpg","thumbnail":"https://randomuser.me/api/portraits/thumb/men/32.jpg"},"nat":"CA"}],"info":{"seed":"972bee6d8ea26f1f","results":1,"page":1,"version":"1.4"}} 
 </msg>
<msg time="2024-07-14T14:20:02.058743" level="INFO">/opt/hostedtoolcache/Python/3.12.4/x64/lib/python3.12/site-packages/urllib3/connectionpool.py:1099: InsecureRequestWarning: Unverified HTTPS request is being made to host 'randomuser.me'. Adding certificate verification is strongly advised. See: https://urllib3.readthedocs.io/en/latest/advanced-usage.html#tls-warnings
  warnings.warn(</msg>
<msg time="2024-07-14T14:20:02.058877" level="INFO">${response} = &lt;Response [200]&gt;</msg>
<var>${response}</var>
<arg>consultarAPI</arg>
<arg>/api</arg>
<doc>Sends a GET request on a previously created HTTP Session.</doc>
<status status="PASS" start="2024-07-14T14:20:01.869806" elapsed="0.189126"/>
</kw>
<kw name="Set Variable" owner="BuiltIn">
<msg time="2024-07-14T14:20:02.060066" level="INFO">${json_data} = {'results': [{'gender': 'male', 'name': {'title': 'Mr', 'first': 'Charles', 'last': 'Walker'}, 'location': {'street': {'number': 921, 'name': 'Concession Road 6'}, 'city': 'Keswick', 'state': 'British...</msg>
<var>${json_data}</var>
<arg>${response.json()}</arg>
<doc>Returns the given values which can then be assigned to a variables.</doc>
<status status="PASS" start="2024-07-14T14:20:02.059474" elapsed="0.000621"/>
</kw>
<kw name="Log" owner="BuiltIn">
<msg time="2024-07-14T14:20:02.060553" level="INFO">{'results': [{'gender': 'male', 'name': {'title': 'Mr', 'first': 'Charles', 'last': 'Walker'}, 'location': {'street': {'number': 921, 'name': 'Concession Road 6'}, 'city': 'Keswick', 'state': 'British Columbia', 'country': 'Canada', 'postcode': 'Z1E 2H2', 'coordinates': {'latitude': '-71.4056', 'longitude': '-30.5405'}, 'timezone': {'offset': '+11:00', 'description': 'Magadan, Solomon Islands, New Caledonia'}}, 'email': 'charles.walker@example.com', 'login': {'uuid': '3ef1571c-99b6-499a-a256-cc150291c8ae', 'username': 'goldenkoala799', 'password': 'bigone', 'salt': 'LMQxJLPQ', 'md5': '9c18fa619943eb8d045ffd928d43a151', 'sha1': '92d5de2e5ed48cafbbde61a45317a406bbe8c6d9', 'sha256': 'da1fe91c5360dd9764f32c6a6b8deb095b92f1be04d406f65f5327ab3eefa83c'}, 'dob': {'date': '1989-08-24T10:25:31.558Z', 'age': 34}, 'registered': {'date': '2003-08-06T08:00:11.495Z', 'age': 20}, 'phone': 'A16 D75-6957', 'cell': 'L25 Q03-1352', 'id': {'name': 'SIN', 'value': '376995155'}, 'picture': {'large': 'https://randomuser.me/api/portraits/men/32.jpg', 'medium': 'https://randomuser.me/api/portraits/med/men/32.jpg', 'thumbnail': 'https://randomuser.me/api/portraits/thumb/men/32.jpg'}, 'nat': 'CA'}], 'info': {'seed': '972bee6d8ea26f1f', 'results': 1, 'page': 1, 'version': '1.4'}}</msg>
<arg>${json_data}</arg>
<doc>Logs the given message with the given level.</doc>
<status status="PASS" start="2024-07-14T14:20:02.060402" elapsed="0.000198"/>
</kw>
<kw name="Should Be String" owner="String">
<arg>${json_data['results'][0]['gender']}</arg>
<doc>Fails if the given ``item`` is not a string.</doc>
<status status="PASS" start="2024-07-14T14:20:02.060915" elapsed="0.000370"/>
</kw>
<kw name="Should Match Regexp" owner="BuiltIn">
<arg>${json_data['results'][0]['email']}</arg>
<arg>^[a-zA-Z0-9._%+-]+@[a-zA-Z0-9.-]+\.[a-zA-Z]{2,}$</arg>
<doc>Fails if ``string`` does not match ``pattern`` as a regular expression.</doc>
<status status="PASS" start="2024-07-14T14:20:02.061485" elapsed="0.000514"/>
</kw>
<kw name="Should Match Regexp" owner="BuiltIn">
<arg>${json_data['results'][0]['dob']['date']}</arg>
<arg>\\d{4}-\\d{2}-\\d{2}T\\d{2}:\\d{2}:\\d{2}\\.\\d{3}Z</arg>
<doc>Fails if ``string`` does not match ``pattern`` as a regular expression.</doc>
<status status="PASS" start="2024-07-14T14:20:02.062193" elapsed="0.000475"/>
</kw>
<kw name="Should Match Regexp" owner="BuiltIn">
<arg>${json_data['results'][0]['registered']['date']}</arg>
<arg>\\d{4}-\\d{2}-\\d{2}T\\d{2}:\\d{2}:\\d{2}\\.\\d{3}Z</arg>
<doc>Fails if ``string`` does not match ``pattern`` as a regular expression.</doc>
<status status="PASS" start="2024-07-14T14:20:02.062856" elapsed="0.000366"/>
</kw>
<kw name="Should Match Regexp" owner="BuiltIn">
<arg>${json_data['results'][0]['picture']['large']}</arg>
<arg>^https?://.*\.(?:png|jpe?g|gif|bmp)$</arg>
<doc>Fails if ``string`` does not match ``pattern`` as a regular expression.</doc>
<status status="PASS" start="2024-07-14T14:20:02.063402" elapsed="0.000505"/>
</kw>
<kw name="Should Match Regexp" owner="BuiltIn">
<arg>${json_data['results'][0]['picture']['medium']}</arg>
<arg>^https?://.*\.(?:png|jpe?g|gif|bmp)$</arg>
<doc>Fails if ``string`` does not match ``pattern`` as a regular expression.</doc>
<status status="PASS" start="2024-07-14T14:20:02.064099" elapsed="0.000350"/>
</kw>
<kw name="Should Match Regexp" owner="BuiltIn">
<arg>${json_data['results'][0]['picture']['thumbnail']}</arg>
<arg>^https?://.*\.(?:png|jpe?g|gif|bmp)$</arg>
<doc>Fails if ``string`` does not match ``pattern`` as a regular expression.</doc>
<status status="PASS" start="2024-07-14T14:20:02.064630" elapsed="0.000351"/>
</kw>
<kw name="Log" owner="BuiltIn">
<msg time="2024-07-14T14:20:02.065494" level="INFO">{'large': 'https://randomuser.me/api/portraits/men/32.jpg', 'medium': 'https://randomuser.me/api/portraits/med/men/32.jpg', 'thumbnail': 'https://randomuser.me/api/portraits/thumb/men/32.jpg'}</msg>
<arg>${json_data['results'][0]['picture']}</arg>
<doc>Logs the given message with the given level.</doc>
<status status="PASS" start="2024-07-14T14:20:02.065164" elapsed="0.000373"/>
</kw>
<status status="PASS" start="2024-07-14T14:20:01.869587" elapsed="0.196206"/>
</kw>
<kw name="Teste de Tipos de Dados - Postcode" owner="random-user-service">
<kw name="GET On Session" owner="RequestsLibrary">
<msg time="2024-07-14T14:20:02.384286" level="INFO">GET Request : url=https://randomuser.me/api 
 path_url=/api 
 headers={'User-Agent': 'python-requests/2.32.3', 'Accept-Encoding': 'gzip, deflate', 'Accept': '*/*', 'Connection': 'keep-alive'} 
 body=None 
 </msg>
<msg time="2024-07-14T14:20:02.384393" level="INFO">GET Response : url=https://randomuser.me/api 
 status=200, reason=OK 
 headers={'Date': 'Sun, 14 Jul 2024 14:20:02 GMT', 'Content-Type': 'application/json; charset=utf-8', 'Transfer-Encoding': 'chunked', 'Connection': 'keep-alive', 'X-Powered-By': 'Express', 'Access-Control-Allow-Origin': '*', 'Cache-Control': 'no-cache', 'ETag': 'W/"4a1-DKbi6mKoA5VtTVC4FGTftWuLZ3I"', 'Vary': 'Accept-Encoding', 'Content-Encoding': 'gzip', 'CF-Cache-Status': 'DYNAMIC', 'Report-To': '{"endpoints":[{"url":"https:\\/\\/a.nel.cloudflare.com\\/report\\/v4?s=%2BTAw1V4SQTLPEtdMRsPlKHQGY1SmyZKZ3nQBKIXgA3PtFUlf6WxK2fIuH3jLHgk5bTVbTQVckeokyOIFYDTOCE76VARstrQrWaQ8NN6RlAoteCaqtxlZRsksUVLyEZNu"}],"group":"cf-nel","max_age":604800}', 'NEL': '{"success_fraction":0,"report_to":"cf-nel","max_age":604800}', 'Server': 'cloudflare', 'CF-RAY': '8a3226b0e80f113e-ORD', 'alt-svc': 'h3=":443"; ma=86400'} 
 body={"results":[{"gender":"female","name":{"title":"Miss","first":"Alyssia","last":"Girard"},"location":{"street":{"number":9536,"name":"Avenue Joliot Curie"},"city":"Caen","state":"Vosges","country":"France","postcode":26685,"coordinates":{"latitude":"-19.8808","longitude":"28.3794"},"timezone":{"offset":"-6:00","description":"Central Time (US &amp; Canada), Mexico City"}},"email":"alyssia.girard@example.com","login":{"uuid":"0653f13f-2f61-41f6-866c-d6b70ee5503c","username":"silverswan466","password":"hawk","salt":"7xee9zqz","md5":"80e18e3196f1595ede28174179294a6b","sha1":"8c30e4bc6165bcc6d61ced7c8bc3370abad59119","sha256":"e168263a6a01e2025bc5627849a2db3ac47f524a6d60903e9dee5565207d62af"},"dob":{"date":"1984-09-28T09:57:43.063Z","age":39},"registered":{"date":"2012-02-06T14:52:03.827Z","age":12},"phone":"05-93-30-18-08","cell":"06-76-75-16-61","id":{"name":"INSEE","value":"2840830493409 79"},"picture":{"large":"https://randomuser.me/api/portraits/women/3.jpg","medium":"https://randomuser.me/api/portraits/med/women/3.jpg","thumbnail":"https://randomuser.me/api/portraits/thumb/women/3.jpg"},"nat":"FR"}],"info":{"seed":"ec0d1e5d5a6d5600","results":1,"page":1,"version":"1.4"}} 
 </msg>
<msg time="2024-07-14T14:20:02.384474" level="INFO">/opt/hostedtoolcache/Python/3.12.4/x64/lib/python3.12/site-packages/urllib3/connectionpool.py:1099: InsecureRequestWarning: Unverified HTTPS request is being made to host 'randomuser.me'. Adding certificate verification is strongly advised. See: https://urllib3.readthedocs.io/en/latest/advanced-usage.html#tls-warnings
  warnings.warn(</msg>
<msg time="2024-07-14T14:20:02.384606" level="INFO">${response} = &lt;Response [200]&gt;</msg>
<var>${response}</var>
<arg>consultarAPI</arg>
<arg>/api</arg>
<doc>Sends a GET request on a previously created HTTP Session.</doc>
<status status="PASS" start="2024-07-14T14:20:02.066232" elapsed="0.318412"/>
</kw>
<kw name="Set Variable" owner="BuiltIn">
<msg time="2024-07-14T14:20:02.385583" level="INFO">${json_data} = {'results': [{'gender': 'female', 'name': {'title': 'Miss', 'first': 'Alyssia', 'last': 'Girard'}, 'location': {'street': {'number': 9536, 'name': 'Avenue Joliot Curie'}, 'city': 'Caen', 'state': 'Vos...</msg>
<var>${json_data}</var>
<arg>${response.json()}</arg>
<doc>Returns the given values which can then be assigned to a variables.</doc>
<status status="PASS" start="2024-07-14T14:20:02.385101" elapsed="0.000510"/>
</kw>
<kw name="Log" owner="BuiltIn">
<msg time="2024-07-14T14:20:02.386063" level="INFO">{'results': [{'gender': 'female', 'name': {'title': 'Miss', 'first': 'Alyssia', 'last': 'Girard'}, 'location': {'street': {'number': 9536, 'name': 'Avenue Joliot Curie'}, 'city': 'Caen', 'state': 'Vosges', 'country': 'France', 'postcode': 26685, 'coordinates': {'latitude': '-19.8808', 'longitude': '28.3794'}, 'timezone': {'offset': '-6:00', 'description': 'Central Time (US &amp; Canada), Mexico City'}}, 'email': 'alyssia.girard@example.com', 'login': {'uuid': '0653f13f-2f61-41f6-866c-d6b70ee5503c', 'username': 'silverswan466', 'password': 'hawk', 'salt': '7xee9zqz', 'md5': '80e18e3196f1595ede28174179294a6b', 'sha1': '8c30e4bc6165bcc6d61ced7c8bc3370abad59119', 'sha256': 'e168263a6a01e2025bc5627849a2db3ac47f524a6d60903e9dee5565207d62af'}, 'dob': {'date': '1984-09-28T09:57:43.063Z', 'age': 39}, 'registered': {'date': '2012-02-06T14:52:03.827Z', 'age': 12}, 'phone': '05-93-30-18-08', 'cell': '06-76-75-16-61', 'id': {'name': 'INSEE', 'value': '2840830493409 79'}, 'picture': {'large': 'https://randomuser.me/api/portraits/women/3.jpg', 'medium': 'https://randomuser.me/api/portraits/med/women/3.jpg', 'thumbnail': 'https://randomuser.me/api/portraits/thumb/women/3.jpg'}, 'nat': 'FR'}], 'info': {'seed': 'ec0d1e5d5a6d5600', 'results': 1, 'page': 1, 'version': '1.4'}}</msg>
<arg>${json_data}</arg>
<doc>Logs the given message with the given level.</doc>
<status status="PASS" start="2024-07-14T14:20:02.385909" elapsed="0.000203"/>
</kw>
<kw name="Should Be Equal As Numbers" owner="BuiltIn">
<arg>${json_data['results'][0]['location']['postcode']}</arg>
<arg>${json_data['results'][0]['location']['postcode']}</arg>
<doc>Fails if objects are unequal after converting them to real numbers.</doc>
<status status="PASS" start="2024-07-14T14:20:02.386409" elapsed="0.000617"/>
</kw>
<kw name="Log" owner="BuiltIn">
<msg time="2024-07-14T14:20:02.387793" level="INFO">26685</msg>
<arg>${json_data['results'][0]['location']['postcode']}</arg>
<doc>Logs the given message with the given level.</doc>
<status status="PASS" start="2024-07-14T14:20:02.387247" elapsed="0.000588"/>
</kw>
<status status="PASS" start="2024-07-14T14:20:02.066012" elapsed="0.322079"/>
</kw>
<doc>Testa se os tipos de dados na resposta da API estão corretos.</doc>
<tag>testeTiposDados</tag>
<status status="PASS" start="2024-07-14T14:20:01.869067" elapsed="0.519186"/>
</test>
<test id="s1-s1-t5" name="Validar conteudo" line="35">
<kw name="Teste de Tipos de Conteudo" owner="random-user-service">
<kw name="GET On Session" owner="RequestsLibrary">
<msg time="2024-07-14T14:20:02.692058" level="INFO">GET Request : url=https://randomuser.me/api 
 path_url=/api 
 headers={'User-Agent': 'python-requests/2.32.3', 'Accept-Encoding': 'gzip, deflate', 'Accept': '*/*', 'Connection': 'keep-alive'} 
 body=None 
 </msg>
<msg time="2024-07-14T14:20:02.692152" level="INFO">GET Response : url=https://randomuser.me/api 
 status=200, reason=OK 
 headers={'Date': 'Sun, 14 Jul 2024 14:20:02 GMT', 'Content-Type': 'application/json; charset=utf-8', 'Transfer-Encoding': 'chunked', 'Connection': 'keep-alive', 'X-Powered-By': 'Express', 'Access-Control-Allow-Origin': '*', 'Cache-Control': 'no-cache', 'ETag': 'W/"4a3-5Vk+3xgXg1HyowQsaSq158xaZwQ"', 'Vary': 'Accept-Encoding', 'Content-Encoding': 'gzip', 'CF-Cache-Status': 'DYNAMIC', 'Report-To': '{"endpoints":[{"url":"https:\\/\\/a.nel.cloudflare.com\\/report\\/v4?s=Aqm3d4ScoLuDx7QwOt6fa%2BmUPOs4JGJsynPw8yYKawiI7Ynlo0jGtAXypSxO6Uro7hLe1KlvzhdKi7K4aM%2FjaAOy40n7mvgT8wndD6lyeJc9T6Ooy3XI1vIsVddwt0Ib"}],"group":"cf-nel","max_age":604800}', 'NEL': '{"success_fraction":0,"report_to":"cf-nel","max_age":604800}', 'Server': 'cloudflare', 'CF-RAY': '8a3226b2fb36113e-ORD', 'alt-svc': 'h3=":443"; ma=86400'} 
 body={"results":[{"gender":"male","name":{"title":"Mr","first":"Timothy","last":"Gibson"},"location":{"street":{"number":4093,"name":"Broadway"},"city":"St Davids","state":"Northamptonshire","country":"United Kingdom","postcode":"A9 8WY","coordinates":{"latitude":"-6.5253","longitude":"-72.2301"},"timezone":{"offset":"+5:00","description":"Ekaterinburg, Islamabad, Karachi, Tashkent"}},"email":"timothy.gibson@example.com","login":{"uuid":"e4b60ca4-a6af-44fb-b773-07ef151dd160","username":"lazyduck114","password":"jumper","salt":"OzN7p7Sm","md5":"4b400a7caac30b6404ffe09d6982ed64","sha1":"4751f65137b0448afac010103a6d76c6eb47b6cf","sha256":"886e5392021a81bcf1567e49caff5325131e7b7f759fe43d4c80cc42b0703a63"},"dob":{"date":"1970-04-11T01:18:10.877Z","age":54},"registered":{"date":"2020-07-09T12:01:27.167Z","age":4},"phone":"016974 77094","cell":"07749 966295","id":{"name":"NINO","value":"XJ 35 96 34 X"},"picture":{"large":"https://randomuser.me/api/portraits/men/96.jpg","medium":"https://randomuser.me/api/portraits/med/men/96.jpg","thumbnail":"https://randomuser.me/api/portraits/thumb/men/96.jpg"},"nat":"GB"}],"info":{"seed":"9c39c8190aaa687c","results":1,"page":1,"version":"1.4"}} 
 </msg>
<msg time="2024-07-14T14:20:02.692210" level="INFO">/opt/hostedtoolcache/Python/3.12.4/x64/lib/python3.12/site-packages/urllib3/connectionpool.py:1099: InsecureRequestWarning: Unverified HTTPS request is being made to host 'randomuser.me'. Adding certificate verification is strongly advised. See: https://urllib3.readthedocs.io/en/latest/advanced-usage.html#tls-warnings
  warnings.warn(</msg>
<msg time="2024-07-14T14:20:02.692301" level="INFO">${response} = &lt;Response [200]&gt;</msg>
<var>${response}</var>
<arg>consultarAPI</arg>
<arg>/api</arg>
<doc>Sends a GET request on a previously created HTTP Session.</doc>
<status status="PASS" start="2024-07-14T14:20:02.390662" elapsed="0.301673"/>
</kw>
<kw name="Set Variable" owner="BuiltIn">
<msg time="2024-07-14T14:20:02.693185" level="INFO">${json_data} = {'results': [{'gender': 'male', 'name': {'title': 'Mr', 'first': 'Timothy', 'last': 'Gibson'}, 'location': {'street': {'number': 4093, 'name': 'Broadway'}, 'city': 'St Davids', 'state': 'Northamptonsh...</msg>
<var>${json_data}</var>
<arg>${response.json()}</arg>
<doc>Returns the given values which can then be assigned to a variables.</doc>
<status status="PASS" start="2024-07-14T14:20:02.692729" elapsed="0.000485"/>
</kw>
<kw name="Set Variable" owner="BuiltIn">
<msg time="2024-07-14T14:20:02.693900" level="INFO">${name_title} = Mr</msg>
<var>${name_title}</var>
<arg>${json_data["results"][0]["name"]["title"]}</arg>
<doc>Returns the given values which can then be assigned to a variables.</doc>
<status status="PASS" start="2024-07-14T14:20:02.693521" elapsed="0.000404"/>
</kw>
<kw name="Create List" owner="BuiltIn">
<msg time="2024-07-14T14:20:02.694364" level="INFO">${allowed_titles} = ['Mr', 'Ms', 'Miss', 'Mrs', 'Madame', 'Monsieur']</msg>
<var>${allowed_titles}</var>
<arg>Mr</arg>
<arg>Ms</arg>
<arg>Miss</arg>
<arg>Mrs</arg>
<arg>Madame</arg>
<arg>Monsieur</arg>
<doc>Returns a list containing given items.</doc>
<status status="PASS" start="2024-07-14T14:20:02.694217" elapsed="0.000171"/>
</kw>
<kw name="List Should Contain Value" owner="Collections">
<arg>${allowed_titles}</arg>
<arg>${name_title}</arg>
<doc>Fails if the ``value`` is not found from ``list``.</doc>
<status status="PASS" start="2024-07-14T14:20:02.694682" elapsed="0.000175"/>
</kw>
<kw name="Set Variable" owner="BuiltIn">
<msg time="2024-07-14T14:20:02.695394" level="INFO">${name_country} = GB</msg>
<var>${name_country}</var>
<arg>${json_data["results"][0]["nat"]}</arg>
<doc>Returns the given values which can then be assigned to a variables.</doc>
<status status="PASS" start="2024-07-14T14:20:02.695033" elapsed="0.000387"/>
</kw>
<kw name="Create List" owner="BuiltIn">
<msg time="2024-07-14T14:20:02.696336" level="INFO">${list_country} = ['AD', 'AE', 'AF', 'AG', 'AI', 'AL', 'AM', 'AO', 'AQ', 'AR', 'AS', 'AT', 'AU', 'AW', 'AX', 'AZ', 'BA', 'BB', 'BD', 'BE', 'BF', 'BG', 'BH', 'BI', 'BJ', 'BL', 'BM', 'BN', 'BO', 'BQ', 'BR', 'BS', 'BT', '...</msg>
<var>${list_country}</var>
<arg>AD</arg>
<arg>AE</arg>
<arg>AF</arg>
<arg>AG</arg>
<arg>AI</arg>
<arg>AL</arg>
<arg>AM</arg>
<arg>AO</arg>
<arg>AQ</arg>
<arg>AR</arg>
<arg>AS</arg>
<arg>AT</arg>
<arg>AU</arg>
<arg>AW</arg>
<arg>AX</arg>
<arg>AZ</arg>
<arg>BA</arg>
<arg>BB</arg>
<arg>BD</arg>
<arg>BE</arg>
<arg>BF</arg>
<arg>BG</arg>
<arg>BH</arg>
<arg>BI</arg>
<arg>BJ</arg>
<arg>BL</arg>
<arg>BM</arg>
<arg>BN</arg>
<arg>BO</arg>
<arg>BQ</arg>
<arg>BR</arg>
<arg>BS</arg>
<arg>BT</arg>
<arg>BV</arg>
<arg>BW</arg>
<arg>BY</arg>
<arg>BZ</arg>
<arg>CA</arg>
<arg>CC</arg>
<arg>CD</arg>
<arg>CF</arg>
<arg>CG</arg>
<arg>CH</arg>
<arg>CI</arg>
<arg>CK</arg>
<arg>CL</arg>
<arg>CM</arg>
<arg>CN</arg>
<arg>CO</arg>
<arg>CR</arg>
<arg>CU</arg>
<arg>CV</arg>
<arg>CW</arg>
<arg>CX</arg>
<arg>CY</arg>
<arg>CZ</arg>
<arg>DE</arg>
<arg>DJ</arg>
<arg>DK</arg>
<arg>DM</arg>
<arg>DO</arg>
<arg>DZ</arg>
<arg>EC</arg>
<arg>EE</arg>
<arg>EG</arg>
<arg>EH</arg>
<arg>ER</arg>
<arg>ES</arg>
<arg>ET</arg>
<arg>FI</arg>
<arg>FJ</arg>
<arg>FK</arg>
<arg>FM</arg>
<arg>FO</arg>
<arg>FR</arg>
<arg>GA</arg>
<arg>GB</arg>
<arg>GD</arg>
<arg>GE</arg>
<arg>GF</arg>
<arg>GG</arg>
<arg>GH</arg>
<arg>GI</arg>
<arg>GL</arg>
<arg>GM</arg>
<arg>GN</arg>
<arg>GP</arg>
<arg>GQ</arg>
<arg>GR</arg>
<arg>GS</arg>
<arg>GT</arg>
<arg>GU</arg>
<arg>GW</arg>
<arg>GY</arg>
<arg>HK</arg>
<arg>HM</arg>
<arg>HN</arg>
<arg>HR</arg>
<arg>HT</arg>
<arg>HU</arg>
<arg>ID</arg>
<arg>IE</arg>
<arg>IL</arg>
<arg>IM</arg>
<arg>IN</arg>
<arg>IO</arg>
<arg>IQ</arg>
<arg>IR</arg>
<arg>IS</arg>
<arg>IT</arg>
<arg>JE</arg>
<arg>JM</arg>
<arg>JO</arg>
<arg>JP</arg>
<arg>KE</arg>
<arg>KG</arg>
<arg>KH</arg>
<arg>KI</arg>
<arg>KM</arg>
<arg>KN</arg>
<arg>KP</arg>
<arg>KR</arg>
<arg>KW</arg>
<arg>KY</arg>
<arg>KZ</arg>
<arg>LA</arg>
<arg>LB</arg>
<arg>LC</arg>
<arg>LI</arg>
<arg>LK</arg>
<arg>LR</arg>
<arg>LS</arg>
<arg>LT</arg>
<arg>LU</arg>
<arg>LV</arg>
<arg>LY</arg>
<arg>MA</arg>
<arg>MC</arg>
<arg>MD</arg>
<arg>ME</arg>
<arg>MF</arg>
<arg>MG</arg>
<arg>MH</arg>
<arg>MK</arg>
<arg>ML</arg>
<arg>MM</arg>
<arg>MN</arg>
<arg>MO</arg>
<arg>MP</arg>
<arg>MQ</arg>
<arg>MR</arg>
<arg>MS</arg>
<arg>MT</arg>
<arg>MU</arg>
<arg>MV</arg>
<arg>MW</arg>
<arg>MX</arg>
<arg>MY</arg>
<arg>MZ</arg>
<arg>NA</arg>
<arg>NC</arg>
<arg>NE</arg>
<arg>NF</arg>
<arg>NG</arg>
<arg>NI</arg>
<arg>NL</arg>
<arg>NO</arg>
<arg>NP</arg>
<arg>NR</arg>
<arg>NU</arg>
<arg>NZ</arg>
<arg>OM</arg>
<arg>PA</arg>
<arg>PE</arg>
<arg>PF</arg>
<arg>PG</arg>
<arg>PH</arg>
<arg>PK</arg>
<arg>PL</arg>
<arg>PM</arg>
<arg>PN</arg>
<arg>PR</arg>
<arg>PS</arg>
<arg>PT</arg>
<arg>PW</arg>
<arg>PY</arg>
<arg>QA</arg>
<arg>RE</arg>
<arg>RO</arg>
<arg>RS</arg>
<arg>RU</arg>
<arg>RW</arg>
<arg>SA</arg>
<arg>SB</arg>
<arg>SC</arg>
<arg>SD</arg>
<arg>SE</arg>
<arg>SG</arg>
<arg>SH</arg>
<arg>SI</arg>
<arg>SJ</arg>
<arg>SK</arg>
<arg>SL</arg>
<arg>SM</arg>
<arg>SN</arg>
<arg>SO</arg>
<arg>SR</arg>
<arg>SS</arg>
<arg>ST</arg>
<arg>SV</arg>
<arg>SX</arg>
<arg>SY</arg>
<arg>SZ</arg>
<arg>TC</arg>
<arg>TD</arg>
<arg>TF</arg>
<arg>TG</arg>
<arg>TH</arg>
<arg>TJ</arg>
<arg>TK</arg>
<arg>TL</arg>
<arg>TM</arg>
<arg>TN</arg>
<arg>TO</arg>
<arg>TR</arg>
<arg>TT</arg>
<arg>TV</arg>
<arg>TW</arg>
<arg>TZ</arg>
<arg>UA</arg>
<arg>UG</arg>
<arg>UM</arg>
<arg>US</arg>
<arg>UY</arg>
<arg>UZ</arg>
<arg>VA</arg>
<arg>VC</arg>
<arg>VE</arg>
<arg>VG</arg>
<arg>VI</arg>
<arg>VN</arg>
<arg>VU</arg>
<arg>WF</arg>
<arg>WS</arg>
<arg>XK</arg>
<arg>YE</arg>
<arg>YT</arg>
<arg>ZA</arg>
<arg>ZM</arg>
<arg>ZW</arg>
<doc>Returns a list containing given items.</doc>
<status status="PASS" start="2024-07-14T14:20:02.695746" elapsed="0.000616"/>
</kw>
<kw name="List Should Contain Value" owner="Collections">
<arg>${list_country}</arg>
<arg>${name_country}</arg>
<doc>Fails if the ``value`` is not found from ``list``.</doc>
<status status="PASS" start="2024-07-14T14:20:02.697158" elapsed="0.000201"/>
</kw>
<kw name="Run Keyword If" owner="BuiltIn">
<kw name="Should Be True" owner="BuiltIn">
<arg>${True}</arg>
<doc>Fails if the given condition is not true.</doc>
<status status="PASS" start="2024-07-14T14:20:02.698285" elapsed="0.000139"/>
</kw>
<arg>${json_data["results"][0]["location"]["coordinates"]["latitude"]} &gt;= -90 and ${json_data["results"][0]["location"]["coordinates"]["latitude"]} &lt;= 90</arg>
<arg>Should Be True</arg>
<arg>${True}</arg>
<doc>Runs the given keyword with the given arguments, if ``condition`` is true.</doc>
<status status="PASS" start="2024-07-14T14:20:02.697552" elapsed="0.000995"/>
</kw>
<kw name="Run Keyword If" owner="BuiltIn">
<kw name="Should Be True" owner="BuiltIn">
<arg>${True}</arg>
<doc>Fails if the given condition is not true.</doc>
<status status="PASS" start="2024-07-14T14:20:02.699423" elapsed="0.000264"/>
</kw>
<arg>${json_data["results"][0]["location"]["coordinates"]["longitude"]} &gt;= -180 and ${json_data["results"][0]["location"]["coordinates"]["longitude"]} &lt;= 180</arg>
<arg>Should Be True</arg>
<arg>${True}</arg>
<doc>Runs the given keyword with the given arguments, if ``condition`` is true.</doc>
<status status="PASS" start="2024-07-14T14:20:02.698724" elapsed="0.001098"/>
</kw>
<status status="PASS" start="2024-07-14T14:20:02.390443" elapsed="0.309514"/>
</kw>
<doc>Testa o conteúdo específico dos campos retornados pela API.</doc>
<tag>testeConteudo</tag>
<status status="PASS" start="2024-07-14T14:20:02.389995" elapsed="0.310109"/>
</test>
<status status="PASS" start="2024-07-14T14:20:01.045317" elapsed="1.656717"/>
</suite>
<status status="PASS" start="2024-07-14T14:20:01.029912" elapsed="1.677102"/>
</suite>
<statistics>
<total>
<stat pass="5" fail="0" skip="0">All Tests</stat>
</total>
<tag>
<stat pass="1" fail="0" skip="0">testeConteudo</stat>
<stat pass="1" fail="0" skip="0">testeEstruturaResposta</stat>
<stat pass="1" fail="0" skip="0">testeRequisicaoBasica</stat>
<stat pass="1" fail="0" skip="0">testeTiposDados</stat>
</tag>
<suite>
<stat pass="5" fail="0" skip="0" id="s1" name="Tests">Tests</stat>
<stat pass="5" fail="0" skip="0" id="s1-s1" name="Random-User-Test">Tests.Random-User-Test</stat>
</suite>
</statistics>
<errors>
</errors>
</robot>
