<?xml version="1.0" encoding="UTF-8"?>
<robot generator="Robot 7.0 (Python 3.12.2 on linux)" generated="2024-03-25T14:12:46.534247" rpa="false" schemaversion="5">
<suite id="s1" name="Tests" source="/home/runner/work/DesafioQAItauRogerioJordao/DesafioQAItauRogerioJordao/RamdonUser/tests">
<suite id="s1-s1" name="Random-User-Test" source="/home/runner/work/DesafioQAItauRogerioJordao/DesafioQAItauRogerioJordao/RamdonUser/tests/random-user-test.robot">
<test id="s1-s1-t1" name="Conectar" line="13">
<kw name="Conectar API" owner="random-user-service">
<kw name="Create Session" owner="RequestsLibrary">
<msg time="2024-03-25T14:12:46.889334" level="INFO">Creating Session using : alias=consultarAPI, url=https://randomuser.me/, headers={},                     cookies={}, auth=None, timeout=None, proxies=None, verify=False,                     debug=0 </msg>
<arg>consultarAPI</arg>
<arg>${URL}</arg>
<doc>Create Session: create a HTTP session to a server</doc>
<status status="PASS" start="2024-03-25T14:12:46.889131" elapsed="0.000422"/>
</kw>
<status status="PASS" start="2024-03-25T14:12:46.888104" elapsed="0.001825"/>
</kw>
<status status="PASS" start="2024-03-25T14:12:46.887529" elapsed="0.002603"/>
</test>
<test id="s1-s1-t2" name="Validar retorno 200 e JSON Válido" line="16">
<kw name="Teste de Requisicao Basica" owner="random-user-service">
<kw name="GET On Session" owner="RequestsLibrary">
<msg time="2024-03-25T14:12:47.116114" level="INFO">GET Request : url=https://randomuser.me/api 
 path_url=/api 
 headers={'User-Agent': 'python-requests/2.31.0', 'Accept-Encoding': 'gzip, deflate', 'Accept': '*/*', 'Connection': 'keep-alive'} 
 body=None 
 </msg>
<msg time="2024-03-25T14:12:47.116293" level="INFO">GET Response : url=https://randomuser.me/api 
 status=200, reason=OK 
 headers={'Date': 'Mon, 25 Mar 2024 14:12:47 GMT', 'Content-Type': 'application/json; charset=utf-8', 'Transfer-Encoding': 'chunked', 'Connection': 'keep-alive', 'X-Powered-By': 'Express', 'Access-Control-Allow-Origin': '*', 'Cache-Control': 'no-cache', 'ETag': 'W/"4a4-HqjPx1/Z/IyoiiV+odYNknlSUFQ"', 'Vary': 'Accept-Encoding', 'Content-Encoding': 'gzip', 'CF-Cache-Status': 'DYNAMIC', 'Report-To': '{"endpoints":[{"url":"https:\\/\\/a.nel.cloudflare.com\\/report\\/v4?s=9ij5J%2F94EddgvwEEmutsz3lHkKTRqtfrhEK3tphvgHfdxD9x6GWMUwgvE92e2E%2Bx6HLaXIP1ul0XqVBG0UQdygYfSYgG9Zab%2FP5IOqGcLwtSFQ%2BIaytqfV%2BQ%2BmZr0VmI"}],"group":"cf-nel","max_age":604800}', 'NEL': '{"success_fraction":0,"report_to":"cf-nel","max_age":604800}', 'Server': 'cloudflare', 'CF-RAY': '869f7f71e9e26444-SJC', 'alt-svc': 'h3=":443"; ma=86400'} 
 body={"results":[{"gender":"female","name":{"title":"Ms","first":"Adèle","last":"Faure"},"location":{"street":{"number":4515,"name":"Rue des Jardins"},"city":"Saint-Denis","state":"Haute-Vienne","country":"France","postcode":43253,"coordinates":{"latitude":"-19.3400","longitude":"156.1800"},"timezone":{"offset":"+4:00","description":"Abu Dhabi, Muscat, Baku, Tbilisi"}},"email":"adele.faure@example.com","login":{"uuid":"04b97bd6-5e76-40e3-87ec-754f6304d37f","username":"silverkoala383","password":"toonarmy","salt":"5Dzb6mcB","md5":"03e942de374f6397b34bb91a19a7bce8","sha1":"e0078c3e773157f11339bee695ab8c66586a6e9a","sha256":"3fdbb706af72816ba7548c7663cee066c7bbfc90b6e387c3d0252f5a0f2324ea"},"dob":{"date":"1960-11-07T02:04:36.969Z","age":63},"registered":{"date":"2022-01-24T17:01:24.523Z","age":2},"phone":"02-02-82-49-87","cell":"06-40-01-03-81","id":{"name":"INSEE","value":"2601065847561 46"},"picture":{"large":"https://randomuser.me/api/portraits/women/37.jpg","medium":"https://randomuser.me/api/portraits/med/women/37.jpg","thumbnail":"https://randomuser.me/api/portraits/thumb/women/37.jpg"},"nat":"FR"}],"info":{"seed":"ed902b1f40518dec","results":1,"page":1,"version":"1.4"}} 
 </msg>
<msg time="2024-03-25T14:12:47.116411" level="INFO">/opt/hostedtoolcache/Python/3.12.2/x64/lib/python3.12/site-packages/urllib3/connectionpool.py:1103: InsecureRequestWarning: Unverified HTTPS request is being made to host 'randomuser.me'. Adding certificate verification is strongly advised. See: https://urllib3.readthedocs.io/en/latest/advanced-usage.html#tls-warnings
  warnings.warn(</msg>
<msg time="2024-03-25T14:12:47.116578" level="INFO">${response} = &lt;Response [200]&gt;</msg>
<var>${response}</var>
<arg>consultarAPI</arg>
<arg>/api</arg>
<doc>Sends a GET request on a previously created HTTP Session.</doc>
<status status="PASS" start="2024-03-25T14:12:46.892752" elapsed="0.223868"/>
</kw>
<kw name="Should Be Equal As Numbers" owner="BuiltIn">
<msg time="2024-03-25T14:12:47.117921" level="INFO">Argument types are:
&lt;class 'int'&gt;
&lt;class 'str'&gt;</msg>
<arg>${response.status_code}</arg>
<arg>200</arg>
<doc>Fails if objects are unequal after converting them to real numbers.</doc>
<status status="PASS" start="2024-03-25T14:12:47.117386" elapsed="0.000603"/>
</kw>
<kw name="Log" owner="BuiltIn">
<msg time="2024-03-25T14:12:47.118678" level="INFO">200</msg>
<arg>${response.status_code}</arg>
<doc>Logs the given message with the given level.</doc>
<status status="PASS" start="2024-03-25T14:12:47.118317" elapsed="0.000405"/>
</kw>
<kw name="Set Variable" owner="BuiltIn">
<msg time="2024-03-25T14:12:47.119522" level="INFO">${json_data} = {'results': [{'gender': 'female', 'name': {'title': 'Ms', 'first': 'Adèle', 'last': 'Faure'}, 'location': {'street': {'number': 4515, 'name': 'Rue des Jardins'}, 'city': 'Saint-Denis', 'state': 'Haute...</msg>
<var>${json_data}</var>
<arg>${response.json()}</arg>
<doc>Returns the given values which can then be assigned to a variables.</doc>
<status status="PASS" start="2024-03-25T14:12:47.119064" elapsed="0.000487"/>
</kw>
<kw name="Dictionary Should Contain Key" owner="Collections">
<msg time="2024-03-25T14:12:47.120032" level="INFO">False</msg>
<arg>${json_data}</arg>
<arg>results</arg>
<doc>Fails if ``key`` is not found from ``dictionary``.</doc>
<status status="PASS" start="2024-03-25T14:12:47.119859" elapsed="0.000214"/>
</kw>
<status status="PASS" start="2024-03-25T14:12:46.892502" elapsed="0.227835"/>
</kw>
<doc>Testa se a API responde corretamente e retorna um objeto JSON válido.</doc>
<tag>testeRequisicaoBasica</tag>
<status status="PASS" start="2024-03-25T14:12:46.891971" elapsed="0.228561"/>
</test>
<test id="s1-s1-t3" name="Validar estrutura de resposta" line="22">
<kw name="Teste de Estrutura de Resposta" owner="random-user-service">
<kw name="GET On Session" owner="RequestsLibrary">
<msg time="2024-03-25T14:12:47.208211" level="INFO">GET Request : url=https://randomuser.me/api 
 path_url=/api 
 headers={'User-Agent': 'python-requests/2.31.0', 'Accept-Encoding': 'gzip, deflate', 'Accept': '*/*', 'Connection': 'keep-alive'} 
 body=None 
 </msg>
<msg time="2024-03-25T14:12:47.208330" level="INFO">GET Response : url=https://randomuser.me/api 
 status=200, reason=OK 
 headers={'Date': 'Mon, 25 Mar 2024 14:12:47 GMT', 'Content-Type': 'application/json; charset=utf-8', 'Transfer-Encoding': 'chunked', 'Connection': 'keep-alive', 'X-Powered-By': 'Express', 'Access-Control-Allow-Origin': '*', 'Cache-Control': 'no-cache', 'ETag': 'W/"468-lY/dhMG/P2MoA1wivJLps40TiLI"', 'Vary': 'Accept-Encoding', 'Content-Encoding': 'gzip', 'CF-Cache-Status': 'DYNAMIC', 'Report-To': '{"endpoints":[{"url":"https:\\/\\/a.nel.cloudflare.com\\/report\\/v4?s=KDG6Agh5ov5q1G8Roer%2BoNnVadK%2BPOV1QP%2BKb6VHmTLgZ%2B%2FWTQn%2FSb%2BDIT2RsFd6vZrysnLF7upqssHHqdJ%2FFIZUVLTfFEIjUDa%2BEdTSazaEJ9EPyMAh5jkUzRWmoqKA"}],"group":"cf-nel","max_age":604800}', 'NEL': '{"success_fraction":0,"report_to":"cf-nel","max_age":604800}', 'Server': 'cloudflare', 'CF-RAY': '869f7f728a6f6444-SJC', 'alt-svc': 'h3=":443"; ma=86400'} 
 body={"results":[{"gender":"male","name":{"title":"Mr","first":"John","last":"Moore"},"location":{"street":{"number":1063,"name":"Whakatu Drive"},"city":"Whanganui","state":"Taranaki","country":"New Zealand","postcode":44154,"coordinates":{"latitude":"49.8379","longitude":"-75.2097"},"timezone":{"offset":"+4:30","description":"Kabul"}},"email":"john.moore@example.com","login":{"uuid":"98a1feb6-4366-4107-a00e-8dbce92a5357","username":"beautifultiger605","password":"123abc","salt":"rnyyecE3","md5":"f4ab1c833d90e017ffe35bda73773865","sha1":"c02cb0cbd193e8e3b0e5180f044b3f326cf47df5","sha256":"065bbc38b145d5d871d7997a09a682c1da1db610680ec4d09b0c69b94bf32c0c"},"dob":{"date":"1992-02-06T18:09:29.074Z","age":32},"registered":{"date":"2016-12-01T01:13:21.189Z","age":7},"phone":"(951)-632-3430","cell":"(899)-575-1490","id":{"name":"","value":null},"picture":{"large":"https://randomuser.me/api/portraits/men/76.jpg","medium":"https://randomuser.me/api/portraits/med/men/76.jpg","thumbnail":"https://randomuser.me/api/portraits/thumb/men/76.jpg"},"nat":"NZ"}],"info":{"seed":"794649042a042aa7","results":1,"page":1,"version":"1.4"}} 
 </msg>
<msg time="2024-03-25T14:12:47.208493" level="INFO">/opt/hostedtoolcache/Python/3.12.2/x64/lib/python3.12/site-packages/urllib3/connectionpool.py:1103: InsecureRequestWarning: Unverified HTTPS request is being made to host 'randomuser.me'. Adding certificate verification is strongly advised. See: https://urllib3.readthedocs.io/en/latest/advanced-usage.html#tls-warnings
  warnings.warn(</msg>
<msg time="2024-03-25T14:12:47.208626" level="INFO">${response} = &lt;Response [200]&gt;</msg>
<var>${response}</var>
<arg>consultarAPI</arg>
<arg>/api</arg>
<doc>Sends a GET request on a previously created HTTP Session.</doc>
<status status="PASS" start="2024-03-25T14:12:47.123462" elapsed="0.085205"/>
</kw>
<kw name="Set Variable" owner="BuiltIn">
<msg time="2024-03-25T14:12:47.209830" level="INFO">${json_data} = {'results': [{'gender': 'male', 'name': {'title': 'Mr', 'first': 'John', 'last': 'Moore'}, 'location': {'street': {'number': 1063, 'name': 'Whakatu Drive'}, 'city': 'Whanganui', 'state': 'Taranaki', '...</msg>
<var>${json_data}</var>
<arg>${response.json()}</arg>
<doc>Returns the given values which can then be assigned to a variables.</doc>
<status status="PASS" start="2024-03-25T14:12:47.209235" elapsed="0.000624"/>
</kw>
<kw name="Log" owner="BuiltIn">
<msg time="2024-03-25T14:12:47.210345" level="INFO">{'results': [{'gender': 'male', 'name': {'title': 'Mr', 'first': 'John', 'last': 'Moore'}, 'location': {'street': {'number': 1063, 'name': 'Whakatu Drive'}, 'city': 'Whanganui', 'state': 'Taranaki', 'country': 'New Zealand', 'postcode': 44154, 'coordinates': {'latitude': '49.8379', 'longitude': '-75.2097'}, 'timezone': {'offset': '+4:30', 'description': 'Kabul'}}, 'email': 'john.moore@example.com', 'login': {'uuid': '98a1feb6-4366-4107-a00e-8dbce92a5357', 'username': 'beautifultiger605', 'password': '123abc', 'salt': 'rnyyecE3', 'md5': 'f4ab1c833d90e017ffe35bda73773865', 'sha1': 'c02cb0cbd193e8e3b0e5180f044b3f326cf47df5', 'sha256': '065bbc38b145d5d871d7997a09a682c1da1db610680ec4d09b0c69b94bf32c0c'}, 'dob': {'date': '1992-02-06T18:09:29.074Z', 'age': 32}, 'registered': {'date': '2016-12-01T01:13:21.189Z', 'age': 7}, 'phone': '(951)-632-3430', 'cell': '(899)-575-1490', 'id': {'name': '', 'value': None}, 'picture': {'large': 'https://randomuser.me/api/portraits/men/76.jpg', 'medium': 'https://randomuser.me/api/portraits/med/men/76.jpg', 'thumbnail': 'https://randomuser.me/api/portraits/thumb/men/76.jpg'}, 'nat': 'NZ'}], 'info': {'seed': '794649042a042aa7', 'results': 1, 'page': 1, 'version': '1.4'}}</msg>
<arg>${json_data}</arg>
<doc>Logs the given message with the given level.</doc>
<status status="PASS" start="2024-03-25T14:12:47.210178" elapsed="0.000217"/>
</kw>
<kw name="Dictionary Should Contain Key" owner="Collections">
<msg time="2024-03-25T14:12:47.210862" level="INFO">False</msg>
<arg>${json_data}</arg>
<arg>results</arg>
<doc>Fails if ``key`` is not found from ``dictionary``.</doc>
<status status="PASS" start="2024-03-25T14:12:47.210698" elapsed="0.000202"/>
</kw>
<kw name="Should Not Be Empty" owner="BuiltIn">
<msg time="2024-03-25T14:12:47.211355" level="INFO">Length is 2.</msg>
<arg>${json_data}</arg>
<doc>Verifies that the given item is not empty.</doc>
<status status="PASS" start="2024-03-25T14:12:47.211216" elapsed="0.000179"/>
</kw>
<kw name="Create List" owner="BuiltIn">
<msg time="2024-03-25T14:12:47.211853" level="INFO">${expected_keys} = ['gender', 'name', 'location', 'email', 'login']</msg>
<var>${expected_keys}</var>
<arg>gender</arg>
<arg>name</arg>
<arg>location</arg>
<arg>email</arg>
<arg>login</arg>
<doc>Returns a list containing given items.</doc>
<status status="PASS" start="2024-03-25T14:12:47.211693" elapsed="0.000185"/>
</kw>
<for flavor="IN">
<iter>
<kw name="Dictionary Should Contain Key" owner="Collections">
<msg time="2024-03-25T14:12:47.212891" level="INFO">False</msg>
<arg>${json_data['results'][0]}</arg>
<arg>${key}</arg>
<doc>Fails if ``key`` is not found from ``dictionary``.</doc>
<status status="PASS" start="2024-03-25T14:12:47.212479" elapsed="0.000453"/>
</kw>
<kw name="Log" owner="BuiltIn">
<msg time="2024-03-25T14:12:47.213632" level="INFO">{'gender': 'male', 'name': {'title': 'Mr', 'first': 'John', 'last': 'Moore'}, 'location': {'street': {'number': 1063, 'name': 'Whakatu Drive'}, 'city': 'Whanganui', 'state': 'Taranaki', 'country': 'New Zealand', 'postcode': 44154, 'coordinates': {'latitude': '49.8379', 'longitude': '-75.2097'}, 'timezone': {'offset': '+4:30', 'description': 'Kabul'}}, 'email': 'john.moore@example.com', 'login': {'uuid': '98a1feb6-4366-4107-a00e-8dbce92a5357', 'username': 'beautifultiger605', 'password': '123abc', 'salt': 'rnyyecE3', 'md5': 'f4ab1c833d90e017ffe35bda73773865', 'sha1': 'c02cb0cbd193e8e3b0e5180f044b3f326cf47df5', 'sha256': '065bbc38b145d5d871d7997a09a682c1da1db610680ec4d09b0c69b94bf32c0c'}, 'dob': {'date': '1992-02-06T18:09:29.074Z', 'age': 32}, 'registered': {'date': '2016-12-01T01:13:21.189Z', 'age': 7}, 'phone': '(951)-632-3430', 'cell': '(899)-575-1490', 'id': {'name': '', 'value': None}, 'picture': {'large': 'https://randomuser.me/api/portraits/men/76.jpg', 'medium': 'https://randomuser.me/api/portraits/med/men/76.jpg', 'thumbnail': 'https://randomuser.me/api/portraits/thumb/men/76.jpg'}, 'nat': 'NZ'}</msg>
<arg>${json_data['results'][0]}</arg>
<doc>Logs the given message with the given level.</doc>
<status status="PASS" start="2024-03-25T14:12:47.213239" elapsed="0.000448"/>
</kw>
<kw name="Log" owner="BuiltIn">
<msg time="2024-03-25T14:12:47.214140" level="INFO">gender</msg>
<arg>${key}</arg>
<doc>Logs the given message with the given level.</doc>
<status status="PASS" start="2024-03-25T14:12:47.214004" elapsed="0.000175"/>
</kw>
<var name="${key}">gender</var>
<status status="PASS" start="2024-03-25T14:12:47.212349" elapsed="0.002054"/>
</iter>
<iter>
<kw name="Dictionary Should Contain Key" owner="Collections">
<msg time="2024-03-25T14:12:47.215109" level="INFO">False</msg>
<arg>${json_data['results'][0]}</arg>
<arg>${key}</arg>
<doc>Fails if ``key`` is not found from ``dictionary``.</doc>
<status status="PASS" start="2024-03-25T14:12:47.214717" elapsed="0.000431"/>
</kw>
<kw name="Log" owner="BuiltIn">
<msg time="2024-03-25T14:12:47.215848" level="INFO">{'gender': 'male', 'name': {'title': 'Mr', 'first': 'John', 'last': 'Moore'}, 'location': {'street': {'number': 1063, 'name': 'Whakatu Drive'}, 'city': 'Whanganui', 'state': 'Taranaki', 'country': 'New Zealand', 'postcode': 44154, 'coordinates': {'latitude': '49.8379', 'longitude': '-75.2097'}, 'timezone': {'offset': '+4:30', 'description': 'Kabul'}}, 'email': 'john.moore@example.com', 'login': {'uuid': '98a1feb6-4366-4107-a00e-8dbce92a5357', 'username': 'beautifultiger605', 'password': '123abc', 'salt': 'rnyyecE3', 'md5': 'f4ab1c833d90e017ffe35bda73773865', 'sha1': 'c02cb0cbd193e8e3b0e5180f044b3f326cf47df5', 'sha256': '065bbc38b145d5d871d7997a09a682c1da1db610680ec4d09b0c69b94bf32c0c'}, 'dob': {'date': '1992-02-06T18:09:29.074Z', 'age': 32}, 'registered': {'date': '2016-12-01T01:13:21.189Z', 'age': 7}, 'phone': '(951)-632-3430', 'cell': '(899)-575-1490', 'id': {'name': '', 'value': None}, 'picture': {'large': 'https://randomuser.me/api/portraits/men/76.jpg', 'medium': 'https://randomuser.me/api/portraits/med/men/76.jpg', 'thumbnail': 'https://randomuser.me/api/portraits/thumb/men/76.jpg'}, 'nat': 'NZ'}</msg>
<arg>${json_data['results'][0]}</arg>
<doc>Logs the given message with the given level.</doc>
<status status="PASS" start="2024-03-25T14:12:47.215484" elapsed="0.000413"/>
</kw>
<kw name="Log" owner="BuiltIn">
<msg time="2024-03-25T14:12:47.216330" level="INFO">name</msg>
<arg>${key}</arg>
<doc>Logs the given message with the given level.</doc>
<status status="PASS" start="2024-03-25T14:12:47.216200" elapsed="0.000169"/>
</kw>
<var name="${key}">name</var>
<status status="PASS" start="2024-03-25T14:12:47.214599" elapsed="0.001992"/>
</iter>
<iter>
<kw name="Dictionary Should Contain Key" owner="Collections">
<msg time="2024-03-25T14:12:47.217271" level="INFO">False</msg>
<arg>${json_data['results'][0]}</arg>
<arg>${key}</arg>
<doc>Fails if ``key`` is not found from ``dictionary``.</doc>
<status status="PASS" start="2024-03-25T14:12:47.216891" elapsed="0.000419"/>
</kw>
<kw name="Log" owner="BuiltIn">
<msg time="2024-03-25T14:12:47.218019" level="INFO">{'gender': 'male', 'name': {'title': 'Mr', 'first': 'John', 'last': 'Moore'}, 'location': {'street': {'number': 1063, 'name': 'Whakatu Drive'}, 'city': 'Whanganui', 'state': 'Taranaki', 'country': 'New Zealand', 'postcode': 44154, 'coordinates': {'latitude': '49.8379', 'longitude': '-75.2097'}, 'timezone': {'offset': '+4:30', 'description': 'Kabul'}}, 'email': 'john.moore@example.com', 'login': {'uuid': '98a1feb6-4366-4107-a00e-8dbce92a5357', 'username': 'beautifultiger605', 'password': '123abc', 'salt': 'rnyyecE3', 'md5': 'f4ab1c833d90e017ffe35bda73773865', 'sha1': 'c02cb0cbd193e8e3b0e5180f044b3f326cf47df5', 'sha256': '065bbc38b145d5d871d7997a09a682c1da1db610680ec4d09b0c69b94bf32c0c'}, 'dob': {'date': '1992-02-06T18:09:29.074Z', 'age': 32}, 'registered': {'date': '2016-12-01T01:13:21.189Z', 'age': 7}, 'phone': '(951)-632-3430', 'cell': '(899)-575-1490', 'id': {'name': '', 'value': None}, 'picture': {'large': 'https://randomuser.me/api/portraits/men/76.jpg', 'medium': 'https://randomuser.me/api/portraits/med/men/76.jpg', 'thumbnail': 'https://randomuser.me/api/portraits/thumb/men/76.jpg'}, 'nat': 'NZ'}</msg>
<arg>${json_data['results'][0]}</arg>
<doc>Logs the given message with the given level.</doc>
<status status="PASS" start="2024-03-25T14:12:47.217647" elapsed="0.000425"/>
</kw>
<kw name="Log" owner="BuiltIn">
<msg time="2024-03-25T14:12:47.218498" level="INFO">location</msg>
<arg>${key}</arg>
<doc>Logs the given message with the given level.</doc>
<status status="PASS" start="2024-03-25T14:12:47.218369" elapsed="0.000169"/>
</kw>
<var name="${key}">location</var>
<status status="PASS" start="2024-03-25T14:12:47.216777" elapsed="0.001979"/>
</iter>
<iter>
<kw name="Dictionary Should Contain Key" owner="Collections">
<msg time="2024-03-25T14:12:47.219427" level="INFO">False</msg>
<arg>${json_data['results'][0]}</arg>
<arg>${key}</arg>
<doc>Fails if ``key`` is not found from ``dictionary``.</doc>
<status status="PASS" start="2024-03-25T14:12:47.219044" elapsed="0.000420"/>
</kw>
<kw name="Log" owner="BuiltIn">
<msg time="2024-03-25T14:12:47.220127" level="INFO">{'gender': 'male', 'name': {'title': 'Mr', 'first': 'John', 'last': 'Moore'}, 'location': {'street': {'number': 1063, 'name': 'Whakatu Drive'}, 'city': 'Whanganui', 'state': 'Taranaki', 'country': 'New Zealand', 'postcode': 44154, 'coordinates': {'latitude': '49.8379', 'longitude': '-75.2097'}, 'timezone': {'offset': '+4:30', 'description': 'Kabul'}}, 'email': 'john.moore@example.com', 'login': {'uuid': '98a1feb6-4366-4107-a00e-8dbce92a5357', 'username': 'beautifultiger605', 'password': '123abc', 'salt': 'rnyyecE3', 'md5': 'f4ab1c833d90e017ffe35bda73773865', 'sha1': 'c02cb0cbd193e8e3b0e5180f044b3f326cf47df5', 'sha256': '065bbc38b145d5d871d7997a09a682c1da1db610680ec4d09b0c69b94bf32c0c'}, 'dob': {'date': '1992-02-06T18:09:29.074Z', 'age': 32}, 'registered': {'date': '2016-12-01T01:13:21.189Z', 'age': 7}, 'phone': '(951)-632-3430', 'cell': '(899)-575-1490', 'id': {'name': '', 'value': None}, 'picture': {'large': 'https://randomuser.me/api/portraits/men/76.jpg', 'medium': 'https://randomuser.me/api/portraits/med/men/76.jpg', 'thumbnail': 'https://randomuser.me/api/portraits/thumb/men/76.jpg'}, 'nat': 'NZ'}</msg>
<arg>${json_data['results'][0]}</arg>
<doc>Logs the given message with the given level.</doc>
<status status="PASS" start="2024-03-25T14:12:47.219770" elapsed="0.000406"/>
</kw>
<kw name="Log" owner="BuiltIn">
<msg time="2024-03-25T14:12:47.220602" level="INFO">email</msg>
<arg>${key}</arg>
<doc>Logs the given message with the given level.</doc>
<status status="PASS" start="2024-03-25T14:12:47.220473" elapsed="0.000168"/>
</kw>
<var name="${key}">email</var>
<status status="PASS" start="2024-03-25T14:12:47.218933" elapsed="0.001923"/>
</iter>
<iter>
<kw name="Dictionary Should Contain Key" owner="Collections">
<msg time="2024-03-25T14:12:47.221562" level="INFO">False</msg>
<arg>${json_data['results'][0]}</arg>
<arg>${key}</arg>
<doc>Fails if ``key`` is not found from ``dictionary``.</doc>
<status status="PASS" start="2024-03-25T14:12:47.221149" elapsed="0.000462"/>
</kw>
<kw name="Log" owner="BuiltIn">
<msg time="2024-03-25T14:12:47.222307" level="INFO">{'gender': 'male', 'name': {'title': 'Mr', 'first': 'John', 'last': 'Moore'}, 'location': {'street': {'number': 1063, 'name': 'Whakatu Drive'}, 'city': 'Whanganui', 'state': 'Taranaki', 'country': 'New Zealand', 'postcode': 44154, 'coordinates': {'latitude': '49.8379', 'longitude': '-75.2097'}, 'timezone': {'offset': '+4:30', 'description': 'Kabul'}}, 'email': 'john.moore@example.com', 'login': {'uuid': '98a1feb6-4366-4107-a00e-8dbce92a5357', 'username': 'beautifultiger605', 'password': '123abc', 'salt': 'rnyyecE3', 'md5': 'f4ab1c833d90e017ffe35bda73773865', 'sha1': 'c02cb0cbd193e8e3b0e5180f044b3f326cf47df5', 'sha256': '065bbc38b145d5d871d7997a09a682c1da1db610680ec4d09b0c69b94bf32c0c'}, 'dob': {'date': '1992-02-06T18:09:29.074Z', 'age': 32}, 'registered': {'date': '2016-12-01T01:13:21.189Z', 'age': 7}, 'phone': '(951)-632-3430', 'cell': '(899)-575-1490', 'id': {'name': '', 'value': None}, 'picture': {'large': 'https://randomuser.me/api/portraits/men/76.jpg', 'medium': 'https://randomuser.me/api/portraits/med/men/76.jpg', 'thumbnail': 'https://randomuser.me/api/portraits/thumb/men/76.jpg'}, 'nat': 'NZ'}</msg>
<arg>${json_data['results'][0]}</arg>
<doc>Logs the given message with the given level.</doc>
<status status="PASS" start="2024-03-25T14:12:47.221940" elapsed="0.000425"/>
</kw>
<kw name="Log" owner="BuiltIn">
<msg time="2024-03-25T14:12:47.222839" level="INFO">login</msg>
<arg>${key}</arg>
<doc>Logs the given message with the given level.</doc>
<status status="PASS" start="2024-03-25T14:12:47.222698" elapsed="0.000300"/>
</kw>
<var name="${key}">login</var>
<status status="PASS" start="2024-03-25T14:12:47.221032" elapsed="0.002195"/>
</iter>
<var>${key}</var>
<value>@{expected_keys}</value>
<status status="PASS" start="2024-03-25T14:12:47.212147" elapsed="0.011214"/>
</for>
<kw name="Create List" owner="BuiltIn">
<msg time="2024-03-25T14:12:47.223732" level="INFO">${expected_keysTwo} = ['username', 'password']</msg>
<var>${expected_keysTwo}</var>
<arg>username</arg>
<arg>password</arg>
<doc>Returns a list containing given items.</doc>
<status status="PASS" start="2024-03-25T14:12:47.223589" elapsed="0.000167"/>
</kw>
<for flavor="IN">
<iter>
<kw name="Dictionary Should Contain Key" owner="Collections">
<msg time="2024-03-25T14:12:47.224686" level="INFO">False</msg>
<arg>${json_data['results'][0]['login']}</arg>
<arg>${keyTwo}</arg>
<doc>Fails if ``key`` is not found from ``dictionary``.</doc>
<status status="PASS" start="2024-03-25T14:12:47.224279" elapsed="0.000446"/>
</kw>
<kw name="Dictionary Should Contain Key" owner="Collections">
<msg time="2024-03-25T14:12:47.225409" level="INFO">False</msg>
<arg>${json_data['results'][0]['login']}</arg>
<arg>${keyTwo}</arg>
<doc>Fails if ``key`` is not found from ``dictionary``.</doc>
<status status="PASS" start="2024-03-25T14:12:47.225026" elapsed="0.000419"/>
</kw>
<kw name="Log" owner="BuiltIn">
<msg time="2024-03-25T14:12:47.225911" level="INFO">username</msg>
<arg>${keyTwo}</arg>
<doc>Logs the given message with the given level.</doc>
<status status="PASS" start="2024-03-25T14:12:47.225781" elapsed="0.000169"/>
</kw>
<var name="${keyTwo}">username</var>
<status status="PASS" start="2024-03-25T14:12:47.224166" elapsed="0.002003"/>
</iter>
<iter>
<kw name="Dictionary Should Contain Key" owner="Collections">
<msg time="2024-03-25T14:12:47.226840" level="INFO">False</msg>
<arg>${json_data['results'][0]['login']}</arg>
<arg>${keyTwo}</arg>
<doc>Fails if ``key`` is not found from ``dictionary``.</doc>
<status status="PASS" start="2024-03-25T14:12:47.226457" elapsed="0.000422"/>
</kw>
<kw name="Dictionary Should Contain Key" owner="Collections">
<msg time="2024-03-25T14:12:47.227571" level="INFO">False</msg>
<arg>${json_data['results'][0]['login']}</arg>
<arg>${keyTwo}</arg>
<doc>Fails if ``key`` is not found from ``dictionary``.</doc>
<status status="PASS" start="2024-03-25T14:12:47.227174" elapsed="0.000434"/>
</kw>
<kw name="Log" owner="BuiltIn">
<msg time="2024-03-25T14:12:47.228036" level="INFO">password</msg>
<arg>${keyTwo}</arg>
<doc>Logs the given message with the given level.</doc>
<status status="PASS" start="2024-03-25T14:12:47.227905" elapsed="0.000170"/>
</kw>
<var name="${keyTwo}">password</var>
<status status="PASS" start="2024-03-25T14:12:47.226345" elapsed="0.001950"/>
</iter>
<var>${keyTwo}</var>
<value>@{expected_keysTwo}</value>
<status status="PASS" start="2024-03-25T14:12:47.224008" elapsed="0.004412"/>
</for>
<status status="PASS" start="2024-03-25T14:12:47.123218" elapsed="0.105349"/>
</kw>
<doc>Testa a estrutura da resposta da API.</doc>
<tag>testeEstruturaResposta</tag>
<status status="PASS" start="2024-03-25T14:12:47.122425" elapsed="0.106312"/>
</test>
<test id="s1-s1-t4" name="Validar tipos de dados" line="28">
<kw name="Teste de Tipos de Dados" owner="random-user-service">
<kw name="GET On Session" owner="RequestsLibrary">
<msg time="2024-03-25T14:12:47.318212" level="INFO">GET Request : url=https://randomuser.me/api 
 path_url=/api 
 headers={'User-Agent': 'python-requests/2.31.0', 'Accept-Encoding': 'gzip, deflate', 'Accept': '*/*', 'Connection': 'keep-alive'} 
 body=None 
 </msg>
<msg time="2024-03-25T14:12:47.318325" level="INFO">GET Response : url=https://randomuser.me/api 
 status=200, reason=OK 
 headers={'Date': 'Mon, 25 Mar 2024 14:12:47 GMT', 'Content-Type': 'application/json; charset=utf-8', 'Transfer-Encoding': 'chunked', 'Connection': 'keep-alive', 'X-Powered-By': 'Express', 'Access-Control-Allow-Origin': '*', 'Cache-Control': 'no-cache', 'ETag': 'W/"477-EPTJAFkS3cgWus0JxrDr8NgS5YY"', 'Vary': 'Accept-Encoding', 'Content-Encoding': 'gzip', 'CF-Cache-Status': 'DYNAMIC', 'Report-To': '{"endpoints":[{"url":"https:\\/\\/a.nel.cloudflare.com\\/report\\/v4?s=fKqF%2FUqLzx6qHLT3rUCjeHUDOhgSs0AvJGZwEiUfYNVHjmXglzdYlbmxLxz7e1lwh2jELKiBCxKKqBNGWLI1%2BeHPKWXSZmq0rW1iNyzgZL4qNnro1TTGyVGnsgmxY5%2Fs"}],"group":"cf-nel","max_age":604800}', 'NEL': '{"success_fraction":0,"report_to":"cf-nel","max_age":604800}', 'Server': 'cloudflare', 'CF-RAY': '869f7f733aff6444-SJC', 'alt-svc': 'h3=":443"; ma=86400'} 
 body={"results":[{"gender":"male","name":{"title":"Mr","first":"Kristoffer","last":"Lie"},"location":{"street":{"number":5740,"name":"Strandgata"},"city":"Hauge","state":"Description","country":"Norway","postcode":"7610","coordinates":{"latitude":"38.6248","longitude":"-55.1662"},"timezone":{"offset":"-8:00","description":"Pacific Time (US &amp; Canada)"}},"email":"kristoffer.lie@example.com","login":{"uuid":"8729d43f-0545-4002-b474-a8b65cb69d5a","username":"heavyfish697","password":"coyote","salt":"atrwcaiC","md5":"8fee7887c13c3f739f57ab1813443b07","sha1":"fbf052244f83093237412029f267d0f1c3b62f42","sha256":"042857d99bb5f560f8bc7994cc2257b068396c2cf489cae77817a8e3a70a3fc0"},"dob":{"date":"1973-10-10T07:19:15.838Z","age":50},"registered":{"date":"2017-04-07T07:35:44.352Z","age":6},"phone":"57736836","cell":"45285586","id":{"name":"FN","value":"10107339138"},"picture":{"large":"https://randomuser.me/api/portraits/men/39.jpg","medium":"https://randomuser.me/api/portraits/med/men/39.jpg","thumbnail":"https://randomuser.me/api/portraits/thumb/men/39.jpg"},"nat":"NO"}],"info":{"seed":"a1d4b01dd997ad05","results":1,"page":1,"version":"1.4"}} 
 </msg>
<msg time="2024-03-25T14:12:47.318409" level="INFO">/opt/hostedtoolcache/Python/3.12.2/x64/lib/python3.12/site-packages/urllib3/connectionpool.py:1103: InsecureRequestWarning: Unverified HTTPS request is being made to host 'randomuser.me'. Adding certificate verification is strongly advised. See: https://urllib3.readthedocs.io/en/latest/advanced-usage.html#tls-warnings
  warnings.warn(</msg>
<msg time="2024-03-25T14:12:47.318551" level="INFO">${response} = &lt;Response [200]&gt;</msg>
<var>${response}</var>
<arg>consultarAPI</arg>
<arg>/api</arg>
<doc>Sends a GET request on a previously created HTTP Session.</doc>
<status status="PASS" start="2024-03-25T14:12:47.231301" elapsed="0.087299"/>
</kw>
<kw name="Set Variable" owner="BuiltIn">
<msg time="2024-03-25T14:12:47.319651" level="INFO">${json_data} = {'results': [{'gender': 'male', 'name': {'title': 'Mr', 'first': 'Kristoffer', 'last': 'Lie'}, 'location': {'street': {'number': 5740, 'name': 'Strandgata'}, 'city': 'Hauge', 'state': 'Description', '...</msg>
<var>${json_data}</var>
<arg>${response.json()}</arg>
<doc>Returns the given values which can then be assigned to a variables.</doc>
<status status="PASS" start="2024-03-25T14:12:47.319124" elapsed="0.000554"/>
</kw>
<kw name="Log" owner="BuiltIn">
<msg time="2024-03-25T14:12:47.320155" level="INFO">{'results': [{'gender': 'male', 'name': {'title': 'Mr', 'first': 'Kristoffer', 'last': 'Lie'}, 'location': {'street': {'number': 5740, 'name': 'Strandgata'}, 'city': 'Hauge', 'state': 'Description', 'country': 'Norway', 'postcode': '7610', 'coordinates': {'latitude': '38.6248', 'longitude': '-55.1662'}, 'timezone': {'offset': '-8:00', 'description': 'Pacific Time (US &amp; Canada)'}}, 'email': 'kristoffer.lie@example.com', 'login': {'uuid': '8729d43f-0545-4002-b474-a8b65cb69d5a', 'username': 'heavyfish697', 'password': 'coyote', 'salt': 'atrwcaiC', 'md5': '8fee7887c13c3f739f57ab1813443b07', 'sha1': 'fbf052244f83093237412029f267d0f1c3b62f42', 'sha256': '042857d99bb5f560f8bc7994cc2257b068396c2cf489cae77817a8e3a70a3fc0'}, 'dob': {'date': '1973-10-10T07:19:15.838Z', 'age': 50}, 'registered': {'date': '2017-04-07T07:35:44.352Z', 'age': 6}, 'phone': '57736836', 'cell': '45285586', 'id': {'name': 'FN', 'value': '10107339138'}, 'picture': {'large': 'https://randomuser.me/api/portraits/men/39.jpg', 'medium': 'https://randomuser.me/api/portraits/med/men/39.jpg', 'thumbnail': 'https://randomuser.me/api/portraits/thumb/men/39.jpg'}, 'nat': 'NO'}], 'info': {'seed': 'a1d4b01dd997ad05', 'results': 1, 'page': 1, 'version': '1.4'}}</msg>
<arg>${json_data}</arg>
<doc>Logs the given message with the given level.</doc>
<status status="PASS" start="2024-03-25T14:12:47.319995" elapsed="0.000208"/>
</kw>
<kw name="Should Be String" owner="String">
<arg>${json_data['results'][0]['gender']}</arg>
<doc>Fails if the given ``item`` is not a string.</doc>
<status status="PASS" start="2024-03-25T14:12:47.320535" elapsed="0.000376"/>
</kw>
<kw name="Should Match Regexp" owner="BuiltIn">
<arg>${json_data['results'][0]['email']}</arg>
<arg>^[a-zA-Z0-9._%+-]+@[a-zA-Z0-9.-]+\.[a-zA-Z]{2,}$</arg>
<doc>Fails if ``string`` does not match ``pattern`` as a regular expression.</doc>
<status status="PASS" start="2024-03-25T14:12:47.321106" elapsed="0.000573"/>
</kw>
<kw name="Should Match Regexp" owner="BuiltIn">
<arg>${json_data['results'][0]['dob']['date']}</arg>
<arg>\\d{4}-\\d{2}-\\d{2}T\\d{2}:\\d{2}:\\d{2}\\.\\d{3}Z</arg>
<doc>Fails if ``string`` does not match ``pattern`` as a regular expression.</doc>
<status status="PASS" start="2024-03-25T14:12:47.321880" elapsed="0.000497"/>
</kw>
<kw name="Should Match Regexp" owner="BuiltIn">
<arg>${json_data['results'][0]['registered']['date']}</arg>
<arg>\\d{4}-\\d{2}-\\d{2}T\\d{2}:\\d{2}:\\d{2}\\.\\d{3}Z</arg>
<doc>Fails if ``string`` does not match ``pattern`` as a regular expression.</doc>
<status status="PASS" start="2024-03-25T14:12:47.322575" elapsed="0.000377"/>
</kw>
<kw name="Should Match Regexp" owner="BuiltIn">
<arg>${json_data['results'][0]['picture']['large']}</arg>
<arg>^https?://.*\.(?:png|jpe?g|gif|bmp)$</arg>
<doc>Fails if ``string`` does not match ``pattern`` as a regular expression.</doc>
<status status="PASS" start="2024-03-25T14:12:47.323144" elapsed="0.000466"/>
</kw>
<kw name="Should Match Regexp" owner="BuiltIn">
<arg>${json_data['results'][0]['picture']['medium']}</arg>
<arg>^https?://.*\.(?:png|jpe?g|gif|bmp)$</arg>
<doc>Fails if ``string`` does not match ``pattern`` as a regular expression.</doc>
<status status="PASS" start="2024-03-25T14:12:47.323808" elapsed="0.000360"/>
</kw>
<kw name="Should Match Regexp" owner="BuiltIn">
<arg>${json_data['results'][0]['picture']['thumbnail']}</arg>
<arg>^https?://.*\.(?:png|jpe?g|gif|bmp)$</arg>
<doc>Fails if ``string`` does not match ``pattern`` as a regular expression.</doc>
<status status="PASS" start="2024-03-25T14:12:47.324359" elapsed="0.000357"/>
</kw>
<kw name="Log" owner="BuiltIn">
<msg time="2024-03-25T14:12:47.325236" level="INFO">{'large': 'https://randomuser.me/api/portraits/men/39.jpg', 'medium': 'https://randomuser.me/api/portraits/med/men/39.jpg', 'thumbnail': 'https://randomuser.me/api/portraits/thumb/men/39.jpg'}</msg>
<arg>${json_data['results'][0]['picture']}</arg>
<doc>Logs the given message with the given level.</doc>
<status status="PASS" start="2024-03-25T14:12:47.324901" elapsed="0.000382"/>
</kw>
<status status="PASS" start="2024-03-25T14:12:47.231067" elapsed="0.094519"/>
</kw>
<kw name="Teste de Tipos de Dados - Postcode" owner="random-user-service">
<kw name="GET On Session" owner="RequestsLibrary">
<msg time="2024-03-25T14:12:47.418519" level="INFO">GET Request : url=https://randomuser.me/api 
 path_url=/api 
 headers={'User-Agent': 'python-requests/2.31.0', 'Accept-Encoding': 'gzip, deflate', 'Accept': '*/*', 'Connection': 'keep-alive'} 
 body=None 
 </msg>
<msg time="2024-03-25T14:12:47.418636" level="INFO">GET Response : url=https://randomuser.me/api 
 status=200, reason=OK 
 headers={'Date': 'Mon, 25 Mar 2024 14:12:47 GMT', 'Content-Type': 'application/json; charset=utf-8', 'Transfer-Encoding': 'chunked', 'Connection': 'keep-alive', 'X-Powered-By': 'Express', 'Access-Control-Allow-Origin': '*', 'Cache-Control': 'no-cache', 'ETag': 'W/"47b-z72HTj5ofUUmDxFErhQWVdVzDO4"', 'Vary': 'Accept-Encoding', 'Content-Encoding': 'gzip', 'CF-Cache-Status': 'DYNAMIC', 'Report-To': '{"endpoints":[{"url":"https:\\/\\/a.nel.cloudflare.com\\/report\\/v4?s=APco83E11KVqff2Kg9AcLO%2FrBqsRGBJ%2BArcPD5wqQYGqvtRH9Tf6I6w4eW9X6SOpzGghwbakVrbqZ6PFEHD6HDmLgzbZNOMX95zfJZ9%2FyTtCyjKeZ5vcIzw%2Fg0MadFRs"}],"group":"cf-nel","max_age":604800}', 'NEL': '{"success_fraction":0,"report_to":"cf-nel","max_age":604800}', 'Server': 'cloudflare', 'CF-RAY': '869f7f73cb7c6444-SJC', 'alt-svc': 'h3=":443"; ma=86400'} 
 body={"results":[{"gender":"female","name":{"title":"Ms","first":"Dolores","last":"Brown"},"location":{"street":{"number":2126,"name":"College St"},"city":"Warragul","state":"Western Australia","country":"Australia","postcode":1948,"coordinates":{"latitude":"-84.1036","longitude":"101.2685"},"timezone":{"offset":"+5:45","description":"Kathmandu"}},"email":"dolores.brown@example.com","login":{"uuid":"41ec31fe-a706-430b-924a-3ce045ad6a3b","username":"redduck814","password":"dank","salt":"BaAmcQLi","md5":"f00b593f5edbc8c7157c4197a9801653","sha1":"786c15b599838328753d5ea508e41089fce642ae","sha256":"d4000b7498518c59e0cae1992685b48de9ba17c185287677124f63310f9b6509"},"dob":{"date":"1996-03-20T17:13:13.096Z","age":28},"registered":{"date":"2003-05-21T13:51:28.562Z","age":20},"phone":"03-6846-2717","cell":"0441-353-032","id":{"name":"TFN","value":"165134117"},"picture":{"large":"https://randomuser.me/api/portraits/women/24.jpg","medium":"https://randomuser.me/api/portraits/med/women/24.jpg","thumbnail":"https://randomuser.me/api/portraits/thumb/women/24.jpg"},"nat":"AU"}],"info":{"seed":"c9432477318d94db","results":1,"page":1,"version":"1.4"}} 
 </msg>
<msg time="2024-03-25T14:12:47.418740" level="INFO">/opt/hostedtoolcache/Python/3.12.2/x64/lib/python3.12/site-packages/urllib3/connectionpool.py:1103: InsecureRequestWarning: Unverified HTTPS request is being made to host 'randomuser.me'. Adding certificate verification is strongly advised. See: https://urllib3.readthedocs.io/en/latest/advanced-usage.html#tls-warnings
  warnings.warn(</msg>
<msg time="2024-03-25T14:12:47.418880" level="INFO">${response} = &lt;Response [200]&gt;</msg>
<var>${response}</var>
<arg>consultarAPI</arg>
<arg>/api</arg>
<doc>Sends a GET request on a previously created HTTP Session.</doc>
<status status="PASS" start="2024-03-25T14:12:47.326231" elapsed="0.092692"/>
</kw>
<kw name="Set Variable" owner="BuiltIn">
<msg time="2024-03-25T14:12:47.420022" level="INFO">${json_data} = {'results': [{'gender': 'female', 'name': {'title': 'Ms', 'first': 'Dolores', 'last': 'Brown'}, 'location': {'street': {'number': 2126, 'name': 'College St'}, 'city': 'Warragul', 'state': 'Western Aus...</msg>
<var>${json_data}</var>
<arg>${response.json()}</arg>
<doc>Returns the given values which can then be assigned to a variables.</doc>
<status status="PASS" start="2024-03-25T14:12:47.419486" elapsed="0.000565"/>
</kw>
<kw name="Log" owner="BuiltIn">
<msg time="2024-03-25T14:12:47.420539" level="INFO">{'results': [{'gender': 'female', 'name': {'title': 'Ms', 'first': 'Dolores', 'last': 'Brown'}, 'location': {'street': {'number': 2126, 'name': 'College St'}, 'city': 'Warragul', 'state': 'Western Australia', 'country': 'Australia', 'postcode': 1948, 'coordinates': {'latitude': '-84.1036', 'longitude': '101.2685'}, 'timezone': {'offset': '+5:45', 'description': 'Kathmandu'}}, 'email': 'dolores.brown@example.com', 'login': {'uuid': '41ec31fe-a706-430b-924a-3ce045ad6a3b', 'username': 'redduck814', 'password': 'dank', 'salt': 'BaAmcQLi', 'md5': 'f00b593f5edbc8c7157c4197a9801653', 'sha1': '786c15b599838328753d5ea508e41089fce642ae', 'sha256': 'd4000b7498518c59e0cae1992685b48de9ba17c185287677124f63310f9b6509'}, 'dob': {'date': '1996-03-20T17:13:13.096Z', 'age': 28}, 'registered': {'date': '2003-05-21T13:51:28.562Z', 'age': 20}, 'phone': '03-6846-2717', 'cell': '0441-353-032', 'id': {'name': 'TFN', 'value': '165134117'}, 'picture': {'large': 'https://randomuser.me/api/portraits/women/24.jpg', 'medium': 'https://randomuser.me/api/portraits/med/women/24.jpg', 'thumbnail': 'https://randomuser.me/api/portraits/thumb/women/24.jpg'}, 'nat': 'AU'}], 'info': {'seed': 'c9432477318d94db', 'results': 1, 'page': 1, 'version': '1.4'}}</msg>
<arg>${json_data}</arg>
<doc>Logs the given message with the given level.</doc>
<status status="PASS" start="2024-03-25T14:12:47.420372" elapsed="0.000216"/>
</kw>
<kw name="Should Be Equal As Numbers" owner="BuiltIn">
<arg>${json_data['results'][0]['location']['postcode']}</arg>
<arg>${json_data['results'][0]['location']['postcode']}</arg>
<doc>Fails if objects are unequal after converting them to real numbers.</doc>
<status status="PASS" start="2024-03-25T14:12:47.420898" elapsed="0.000703"/>
</kw>
<kw name="Log" owner="BuiltIn">
<msg time="2024-03-25T14:12:47.422201" level="INFO">1948</msg>
<arg>${json_data['results'][0]['location']['postcode']}</arg>
<doc>Logs the given message with the given level.</doc>
<status status="PASS" start="2024-03-25T14:12:47.421849" elapsed="0.000396"/>
</kw>
<status status="PASS" start="2024-03-25T14:12:47.325837" elapsed="0.096673"/>
</kw>
<doc>Testa se os tipos de dados na resposta da API estão corretos.</doc>
<tag>testeTiposDados</tag>
<status status="PASS" start="2024-03-25T14:12:47.230579" elapsed="0.192111"/>
</test>
<test id="s1-s1-t5" name="Validar conteudo" line="35">
<kw name="Teste de Tipos de Conteudo" owner="random-user-service">
<kw name="GET On Session" owner="RequestsLibrary">
<msg time="2024-03-25T14:12:47.525341" level="INFO">GET Request : url=https://randomuser.me/api 
 path_url=/api 
 headers={'User-Agent': 'python-requests/2.31.0', 'Accept-Encoding': 'gzip, deflate', 'Accept': '*/*', 'Connection': 'keep-alive'} 
 body=None 
 </msg>
<msg time="2024-03-25T14:12:47.525449" level="INFO">GET Response : url=https://randomuser.me/api 
 status=200, reason=OK 
 headers={'Date': 'Mon, 25 Mar 2024 14:12:47 GMT', 'Content-Type': 'application/json; charset=utf-8', 'Transfer-Encoding': 'chunked', 'Connection': 'keep-alive', 'X-Powered-By': 'Express', 'Access-Control-Allow-Origin': '*', 'Cache-Control': 'no-cache', 'ETag': 'W/"48a-QRW0/Ain5HL98T6ZpO2eGXrLR24"', 'Vary': 'Accept-Encoding', 'Content-Encoding': 'gzip', 'CF-Cache-Status': 'DYNAMIC', 'Report-To': '{"endpoints":[{"url":"https:\\/\\/a.nel.cloudflare.com\\/report\\/v4?s=%2BOmXykAVipk5BCD2O6bjdtYdBi0%2FVpRkdqvS5rgVLcxoScZC0s8WIHKwmGUnxjEDQZnC7epGZ4b6ofPjuztCQyrABXv%2B7QkR8i%2B3hxfrwQWmHqe0Ft6QyLh9SD0BB02e"}],"group":"cf-nel","max_age":604800}', 'NEL': '{"success_fraction":0,"report_to":"cf-nel","max_age":604800}', 'Server': 'cloudflare', 'CF-RAY': '869f7f746bf56444-SJC', 'alt-svc': 'h3=":443"; ma=86400'} 
 body={"results":[{"gender":"female","name":{"title":"Miss","first":"Sara","last":"Corrales"},"location":{"street":{"number":9015,"name":"Andador Soria"},"city":"Refugio","state":"San Luis Potosí","country":"Mexico","postcode":89788,"coordinates":{"latitude":"29.9396","longitude":"106.8127"},"timezone":{"offset":"+5:45","description":"Kathmandu"}},"email":"sara.corrales@example.com","login":{"uuid":"e41be1ab-e7c5-4808-9c05-8a8813be1325","username":"goldenleopard701","password":"234567","salt":"DXwHcGKV","md5":"0eaf201db674bf20803fdd22c4579755","sha1":"e913ae09734b347b12fce20e6778b1da835333b2","sha256":"c870f7dc8c4986f12dfda549a516183a634de103a4185c24be87c79f222a254b"},"dob":{"date":"1974-07-09T04:52:47.336Z","age":49},"registered":{"date":"2013-07-17T18:51:20.795Z","age":10},"phone":"(627) 812 1331","cell":"(679) 757 3004","id":{"name":"NSS","value":"22 02 23 8164 5"},"picture":{"large":"https://randomuser.me/api/portraits/women/9.jpg","medium":"https://randomuser.me/api/portraits/med/women/9.jpg","thumbnail":"https://randomuser.me/api/portraits/thumb/women/9.jpg"},"nat":"MX"}],"info":{"seed":"1a5344e034354a1d","results":1,"page":1,"version":"1.4"}} 
 </msg>
<msg time="2024-03-25T14:12:47.525554" level="INFO">/opt/hostedtoolcache/Python/3.12.2/x64/lib/python3.12/site-packages/urllib3/connectionpool.py:1103: InsecureRequestWarning: Unverified HTTPS request is being made to host 'randomuser.me'. Adding certificate verification is strongly advised. See: https://urllib3.readthedocs.io/en/latest/advanced-usage.html#tls-warnings
  warnings.warn(</msg>
<msg time="2024-03-25T14:12:47.525688" level="INFO">${response} = &lt;Response [200]&gt;</msg>
<var>${response}</var>
<arg>consultarAPI</arg>
<arg>/api</arg>
<doc>Sends a GET request on a previously created HTTP Session.</doc>
<status status="PASS" start="2024-03-25T14:12:47.425762" elapsed="0.099963"/>
</kw>
<kw name="Set Variable" owner="BuiltIn">
<msg time="2024-03-25T14:12:47.526870" level="INFO">${json_data} = {'results': [{'gender': 'female', 'name': {'title': 'Miss', 'first': 'Sara', 'last': 'Corrales'}, 'location': {'street': {'number': 9015, 'name': 'Andador Soria'}, 'city': 'Refugio', 'state': 'San Lui...</msg>
<var>${json_data}</var>
<arg>${response.json()}</arg>
<doc>Returns the given values which can then be assigned to a variables.</doc>
<status status="PASS" start="2024-03-25T14:12:47.526319" elapsed="0.000581"/>
</kw>
<kw name="Set Variable" owner="BuiltIn">
<msg time="2024-03-25T14:12:47.527627" level="INFO">${name_title} = Miss</msg>
<var>${name_title}</var>
<arg>${json_data["results"][0]["name"]["title"]}</arg>
<doc>Returns the given values which can then be assigned to a variables.</doc>
<status status="PASS" start="2024-03-25T14:12:47.527227" elapsed="0.000427"/>
</kw>
<kw name="Create List" owner="BuiltIn">
<msg time="2024-03-25T14:12:47.528120" level="INFO">${allowed_titles} = ['Mr', 'Ms', 'Miss', 'Mrs', 'Madame', 'Monsieur']</msg>
<var>${allowed_titles}</var>
<arg>Mr</arg>
<arg>Ms</arg>
<arg>Miss</arg>
<arg>Mrs</arg>
<arg>Madame</arg>
<arg>Monsieur</arg>
<doc>Returns a list containing given items.</doc>
<status status="PASS" start="2024-03-25T14:12:47.527965" elapsed="0.000180"/>
</kw>
<kw name="List Should Contain Value" owner="Collections">
<msg time="2024-03-25T14:12:47.528644" level="INFO">False</msg>
<arg>${allowed_titles}</arg>
<arg>${name_title}</arg>
<doc>Fails if the ``value`` is not found from ``list``.</doc>
<status status="PASS" start="2024-03-25T14:12:47.528461" elapsed="0.000222"/>
</kw>
<kw name="Set Variable" owner="BuiltIn">
<msg time="2024-03-25T14:12:47.529380" level="INFO">${name_country} = MX</msg>
<var>${name_country}</var>
<arg>${json_data["results"][0]["nat"]}</arg>
<doc>Returns the given values which can then be assigned to a variables.</doc>
<status status="PASS" start="2024-03-25T14:12:47.528992" elapsed="0.000414"/>
</kw>
<kw name="Create List" owner="BuiltIn">
<msg time="2024-03-25T14:12:47.530370" level="INFO">${list_country} = ['AD', 'AE', 'AF', 'AG', 'AI', 'AL', 'AM', 'AO', 'AQ', 'AR', 'AS', 'AT', 'AU', 'AW', 'AX', 'AZ', 'BA', 'BB', 'BD', 'BE', 'BF', 'BG', 'BH', 'BI', 'BJ', 'BL', 'BM', 'BN', 'BO', 'BQ', 'BR', 'BS', 'BT', '...</msg>
<var>${list_country}</var>
<arg>AD</arg>
<arg>AE</arg>
<arg>AF</arg>
<arg>AG</arg>
<arg>AI</arg>
<arg>AL</arg>
<arg>AM</arg>
<arg>AO</arg>
<arg>AQ</arg>
<arg>AR</arg>
<arg>AS</arg>
<arg>AT</arg>
<arg>AU</arg>
<arg>AW</arg>
<arg>AX</arg>
<arg>AZ</arg>
<arg>BA</arg>
<arg>BB</arg>
<arg>BD</arg>
<arg>BE</arg>
<arg>BF</arg>
<arg>BG</arg>
<arg>BH</arg>
<arg>BI</arg>
<arg>BJ</arg>
<arg>BL</arg>
<arg>BM</arg>
<arg>BN</arg>
<arg>BO</arg>
<arg>BQ</arg>
<arg>BR</arg>
<arg>BS</arg>
<arg>BT</arg>
<arg>BV</arg>
<arg>BW</arg>
<arg>BY</arg>
<arg>BZ</arg>
<arg>CA</arg>
<arg>CC</arg>
<arg>CD</arg>
<arg>CF</arg>
<arg>CG</arg>
<arg>CH</arg>
<arg>CI</arg>
<arg>CK</arg>
<arg>CL</arg>
<arg>CM</arg>
<arg>CN</arg>
<arg>CO</arg>
<arg>CR</arg>
<arg>CU</arg>
<arg>CV</arg>
<arg>CW</arg>
<arg>CX</arg>
<arg>CY</arg>
<arg>CZ</arg>
<arg>DE</arg>
<arg>DJ</arg>
<arg>DK</arg>
<arg>DM</arg>
<arg>DO</arg>
<arg>DZ</arg>
<arg>EC</arg>
<arg>EE</arg>
<arg>EG</arg>
<arg>EH</arg>
<arg>ER</arg>
<arg>ES</arg>
<arg>ET</arg>
<arg>FI</arg>
<arg>FJ</arg>
<arg>FK</arg>
<arg>FM</arg>
<arg>FO</arg>
<arg>FR</arg>
<arg>GA</arg>
<arg>GB</arg>
<arg>GD</arg>
<arg>GE</arg>
<arg>GF</arg>
<arg>GG</arg>
<arg>GH</arg>
<arg>GI</arg>
<arg>GL</arg>
<arg>GM</arg>
<arg>GN</arg>
<arg>GP</arg>
<arg>GQ</arg>
<arg>GR</arg>
<arg>GS</arg>
<arg>GT</arg>
<arg>GU</arg>
<arg>GW</arg>
<arg>GY</arg>
<arg>HK</arg>
<arg>HM</arg>
<arg>HN</arg>
<arg>HR</arg>
<arg>HT</arg>
<arg>HU</arg>
<arg>ID</arg>
<arg>IE</arg>
<arg>IL</arg>
<arg>IM</arg>
<arg>IN</arg>
<arg>IO</arg>
<arg>IQ</arg>
<arg>IR</arg>
<arg>IS</arg>
<arg>IT</arg>
<arg>JE</arg>
<arg>JM</arg>
<arg>JO</arg>
<arg>JP</arg>
<arg>KE</arg>
<arg>KG</arg>
<arg>KH</arg>
<arg>KI</arg>
<arg>KM</arg>
<arg>KN</arg>
<arg>KP</arg>
<arg>KR</arg>
<arg>KW</arg>
<arg>KY</arg>
<arg>KZ</arg>
<arg>LA</arg>
<arg>LB</arg>
<arg>LC</arg>
<arg>LI</arg>
<arg>LK</arg>
<arg>LR</arg>
<arg>LS</arg>
<arg>LT</arg>
<arg>LU</arg>
<arg>LV</arg>
<arg>LY</arg>
<arg>MA</arg>
<arg>MC</arg>
<arg>MD</arg>
<arg>ME</arg>
<arg>MF</arg>
<arg>MG</arg>
<arg>MH</arg>
<arg>MK</arg>
<arg>ML</arg>
<arg>MM</arg>
<arg>MN</arg>
<arg>MO</arg>
<arg>MP</arg>
<arg>MQ</arg>
<arg>MR</arg>
<arg>MS</arg>
<arg>MT</arg>
<arg>MU</arg>
<arg>MV</arg>
<arg>MW</arg>
<arg>MX</arg>
<arg>MY</arg>
<arg>MZ</arg>
<arg>NA</arg>
<arg>NC</arg>
<arg>NE</arg>
<arg>NF</arg>
<arg>NG</arg>
<arg>NI</arg>
<arg>NL</arg>
<arg>NO</arg>
<arg>NP</arg>
<arg>NR</arg>
<arg>NU</arg>
<arg>NZ</arg>
<arg>OM</arg>
<arg>PA</arg>
<arg>PE</arg>
<arg>PF</arg>
<arg>PG</arg>
<arg>PH</arg>
<arg>PK</arg>
<arg>PL</arg>
<arg>PM</arg>
<arg>PN</arg>
<arg>PR</arg>
<arg>PS</arg>
<arg>PT</arg>
<arg>PW</arg>
<arg>PY</arg>
<arg>QA</arg>
<arg>RE</arg>
<arg>RO</arg>
<arg>RS</arg>
<arg>RU</arg>
<arg>RW</arg>
<arg>SA</arg>
<arg>SB</arg>
<arg>SC</arg>
<arg>SD</arg>
<arg>SE</arg>
<arg>SG</arg>
<arg>SH</arg>
<arg>SI</arg>
<arg>SJ</arg>
<arg>SK</arg>
<arg>SL</arg>
<arg>SM</arg>
<arg>SN</arg>
<arg>SO</arg>
<arg>SR</arg>
<arg>SS</arg>
<arg>ST</arg>
<arg>SV</arg>
<arg>SX</arg>
<arg>SY</arg>
<arg>SZ</arg>
<arg>TC</arg>
<arg>TD</arg>
<arg>TF</arg>
<arg>TG</arg>
<arg>TH</arg>
<arg>TJ</arg>
<arg>TK</arg>
<arg>TL</arg>
<arg>TM</arg>
<arg>TN</arg>
<arg>TO</arg>
<arg>TR</arg>
<arg>TT</arg>
<arg>TV</arg>
<arg>TW</arg>
<arg>TZ</arg>
<arg>UA</arg>
<arg>UG</arg>
<arg>UM</arg>
<arg>US</arg>
<arg>UY</arg>
<arg>UZ</arg>
<arg>VA</arg>
<arg>VC</arg>
<arg>VE</arg>
<arg>VG</arg>
<arg>VI</arg>
<arg>VN</arg>
<arg>VU</arg>
<arg>WF</arg>
<arg>WS</arg>
<arg>XK</arg>
<arg>YE</arg>
<arg>YT</arg>
<arg>ZA</arg>
<arg>ZM</arg>
<arg>ZW</arg>
<doc>Returns a list containing given items.</doc>
<status status="PASS" start="2024-03-25T14:12:47.529765" elapsed="0.000632"/>
</kw>
<kw name="List Should Contain Value" owner="Collections">
<msg time="2024-03-25T14:12:47.531554" level="INFO">False</msg>
<arg>${list_country}</arg>
<arg>${name_country}</arg>
<doc>Fails if the ``value`` is not found from ``list``.</doc>
<status status="PASS" start="2024-03-25T14:12:47.531343" elapsed="0.000250"/>
</kw>
<kw name="Run Keyword If" owner="BuiltIn">
<kw name="Should Be True" owner="BuiltIn">
<arg>${True}</arg>
<doc>Fails if the given condition is not true.</doc>
<status status="PASS" start="2024-03-25T14:12:47.532685" elapsed="0.000148"/>
</kw>
<arg>${json_data["results"][0]["location"]["coordinates"]["latitude"]} &gt;= -90 and ${json_data["results"][0]["location"]["coordinates"]["latitude"]} &lt;= 90</arg>
<arg>Should Be True</arg>
<arg>${True}</arg>
<doc>Runs the given keyword with the given arguments, if ``condition`` is true.</doc>
<status status="PASS" start="2024-03-25T14:12:47.531916" elapsed="0.001049"/>
</kw>
<kw name="Run Keyword If" owner="BuiltIn">
<kw name="Should Be True" owner="BuiltIn">
<arg>${True}</arg>
<doc>Fails if the given condition is not true.</doc>
<status status="PASS" start="2024-03-25T14:12:47.533897" elapsed="0.000143"/>
</kw>
<arg>${json_data["results"][0]["location"]["coordinates"]["longitude"]} &gt;= -180 and ${json_data["results"][0]["location"]["coordinates"]["longitude"]} &lt;= 180</arg>
<arg>Should Be True</arg>
<arg>${True}</arg>
<doc>Runs the given keyword with the given arguments, if ``condition`` is true.</doc>
<status status="PASS" start="2024-03-25T14:12:47.533153" elapsed="0.001015"/>
</kw>
<status status="PASS" start="2024-03-25T14:12:47.425339" elapsed="0.108967"/>
</kw>
<doc>Testa o conteúdo específico dos campos retornados pela API.</doc>
<tag>testeConteudo</tag>
<status status="PASS" start="2024-03-25T14:12:47.424610" elapsed="0.109858"/>
</test>
<status status="PASS" start="2024-03-25T14:12:46.587992" elapsed="0.948417"/>
</suite>
<status status="PASS" start="2024-03-25T14:12:46.574154" elapsed="0.967650"/>
</suite>
<statistics>
<total>
<stat pass="5" fail="0" skip="0">All Tests</stat>
</total>
<tag>
<stat pass="1" fail="0" skip="0">testeConteudo</stat>
<stat pass="1" fail="0" skip="0">testeEstruturaResposta</stat>
<stat pass="1" fail="0" skip="0">testeRequisicaoBasica</stat>
<stat pass="1" fail="0" skip="0">testeTiposDados</stat>
</tag>
<suite>
<stat pass="5" fail="0" skip="0" id="s1" name="Tests">Tests</stat>
<stat pass="5" fail="0" skip="0" id="s1-s1" name="Random-User-Test">Tests.Random-User-Test</stat>
</suite>
</statistics>
<errors>
</errors>
</robot>
