<?xml version="1.0" encoding="UTF-8"?>
<robot generator="Robot 7.0 (Python 3.12.3 on linux)" generated="2024-05-14T21:13:04.909510" rpa="false" schemaversion="5">
<suite id="s1" name="Tests" source="/home/runner/work/DesafioQAItauRogerioJordao/DesafioQAItauRogerioJordao/RamdonUser/tests">
<suite id="s1-s1" name="Random-User-Test" source="/home/runner/work/DesafioQAItauRogerioJordao/DesafioQAItauRogerioJordao/RamdonUser/tests/random-user-test.robot">
<test id="s1-s1-t1" name="Conectar" line="13">
<kw name="Conectar API" owner="random-user-service">
<kw name="Create Session" owner="RequestsLibrary">
<msg time="2024-05-14T21:13:05.273582" level="INFO">Creating Session using : alias=consultarAPI, url=https://randomuser.me/, headers={},                     cookies={}, auth=None, timeout=None, proxies=None, verify=False,                     debug=0 </msg>
<arg>consultarAPI</arg>
<arg>${URL}</arg>
<doc>Create Session: create a HTTP session to a server</doc>
<status status="PASS" start="2024-05-14T21:13:05.273379" elapsed="0.000394"/>
</kw>
<status status="PASS" start="2024-05-14T21:13:05.272370" elapsed="0.001764"/>
</kw>
<status status="PASS" start="2024-05-14T21:13:05.271809" elapsed="0.002519"/>
</test>
<test id="s1-s1-t2" name="Validar retorno 200 e JSON Válido" line="16">
<kw name="Teste de Requisicao Basica" owner="random-user-service">
<kw name="GET On Session" owner="RequestsLibrary">
<msg time="2024-05-14T21:13:05.384919" level="INFO">GET Request : url=https://randomuser.me/api 
 path_url=/api 
 headers={'User-Agent': 'python-requests/2.31.0', 'Accept-Encoding': 'gzip, deflate', 'Accept': '*/*', 'Connection': 'keep-alive'} 
 body=None 
 </msg>
<msg time="2024-05-14T21:13:05.385065" level="INFO">GET Response : url=https://randomuser.me/api 
 status=200, reason=OK 
 headers={'Date': 'Tue, 14 May 2024 21:13:05 GMT', 'Content-Type': 'application/json; charset=utf-8', 'Transfer-Encoding': 'chunked', 'Connection': 'keep-alive', 'X-Powered-By': 'Express', 'Access-Control-Allow-Origin': '*', 'Cache-Control': 'no-cache', 'ETag': 'W/"48c-NPqQS9FZB9lwiYAfZtx38R3tdBs"', 'Vary': 'Accept-Encoding', 'Content-Encoding': 'gzip', 'CF-Cache-Status': 'DYNAMIC', 'Report-To': '{"endpoints":[{"url":"https:\\/\\/a.nel.cloudflare.com\\/report\\/v4?s=I6y%2BxkZ5pyAM%2Bi%2FwFEhWNcGz8c6t0qVJPlw8toWhidCj97E5yuELGjfTTikDZgyjczMN3w71v39ZBmTnURCjLkdrtEn%2FArYTvWmgYmHMxfSumgISLIJZk%2F3QRR%2BATNHC"}],"group":"cf-nel","max_age":604800}', 'NEL': '{"success_fraction":0,"report_to":"cf-nel","max_age":604800}', 'Server': 'cloudflare', 'CF-RAY': '883de3e038782a2a-ORD', 'alt-svc': 'h3=":443"; ma=86400'} 
 body={"results":[{"gender":"female","name":{"title":"Miss","first":"Akshita","last":"Saldanha"},"location":{"street":{"number":9539,"name":"Lindsay St"},"city":"Shivpuri","state":"Puducherry","country":"India","postcode":56846,"coordinates":{"latitude":"6.6560","longitude":"152.7113"},"timezone":{"offset":"-1:00","description":"Azores, Cape Verde Islands"}},"email":"akshita.saldanha@example.com","login":{"uuid":"0c26f7dc-89bc-4b87-bedb-f7a1bf11ac63","username":"sadzebra524","password":"sounds","salt":"MUVSFB94","md5":"4d49d28650fe514cbe575c6f3f0ba644","sha1":"6a3f99f660635242cc6cd4e40043d81ef712de88","sha256":"60deb7ddf301d4861612e74224af3a7e473fa23c1f751045efa02bef97826329"},"dob":{"date":"1982-02-10T23:35:40.351Z","age":42},"registered":{"date":"2004-04-25T09:12:36.009Z","age":20},"phone":"9006742554","cell":"8699751409","id":{"name":"UIDAI","value":"106049201437"},"picture":{"large":"https://randomuser.me/api/portraits/women/67.jpg","medium":"https://randomuser.me/api/portraits/med/women/67.jpg","thumbnail":"https://randomuser.me/api/portraits/thumb/women/67.jpg"},"nat":"IN"}],"info":{"seed":"09cf51222a32345b","results":1,"page":1,"version":"1.4"}} 
 </msg>
<msg time="2024-05-14T21:13:05.385151" level="INFO">/opt/hostedtoolcache/Python/3.12.3/x64/lib/python3.12/site-packages/urllib3/connectionpool.py:1103: InsecureRequestWarning: Unverified HTTPS request is being made to host 'randomuser.me'. Adding certificate verification is strongly advised. See: https://urllib3.readthedocs.io/en/latest/advanced-usage.html#tls-warnings
  warnings.warn(</msg>
<msg time="2024-05-14T21:13:05.385295" level="INFO">${response} = &lt;Response [200]&gt;</msg>
<var>${response}</var>
<arg>consultarAPI</arg>
<arg>/api</arg>
<doc>Sends a GET request on a previously created HTTP Session.</doc>
<status status="PASS" start="2024-05-14T21:13:05.276891" elapsed="0.108444"/>
</kw>
<kw name="Should Be Equal As Numbers" owner="BuiltIn">
<msg time="2024-05-14T21:13:05.386334" level="INFO">Argument types are:
&lt;class 'int'&gt;
&lt;class 'str'&gt;</msg>
<arg>${response.status_code}</arg>
<arg>200</arg>
<doc>Fails if objects are unequal after converting them to real numbers.</doc>
<status status="PASS" start="2024-05-14T21:13:05.385876" elapsed="0.000524"/>
</kw>
<kw name="Log" owner="BuiltIn">
<msg time="2024-05-14T21:13:05.387082" level="INFO">200</msg>
<arg>${response.status_code}</arg>
<doc>Logs the given message with the given level.</doc>
<status status="PASS" start="2024-05-14T21:13:05.386731" elapsed="0.000393"/>
</kw>
<kw name="Set Variable" owner="BuiltIn">
<msg time="2024-05-14T21:13:05.387870" level="INFO">${json_data} = {'results': [{'gender': 'female', 'name': {'title': 'Miss', 'first': 'Akshita', 'last': 'Saldanha'}, 'location': {'street': {'number': 9539, 'name': 'Lindsay St'}, 'city': 'Shivpuri', 'state': 'Puduch...</msg>
<var>${json_data}</var>
<arg>${response.json()}</arg>
<doc>Returns the given values which can then be assigned to a variables.</doc>
<status status="PASS" start="2024-05-14T21:13:05.387430" elapsed="0.000468"/>
</kw>
<kw name="Dictionary Should Contain Key" owner="Collections">
<msg time="2024-05-14T21:13:05.388367" level="INFO">False</msg>
<arg>${json_data}</arg>
<arg>results</arg>
<doc>Fails if ``key`` is not found from ``dictionary``.</doc>
<status status="PASS" start="2024-05-14T21:13:05.388196" elapsed="0.000212"/>
</kw>
<status status="PASS" start="2024-05-14T21:13:05.276649" elapsed="0.112072"/>
</kw>
<doc>Testa se a API responde corretamente e retorna um objeto JSON válido.</doc>
<tag>testeRequisicaoBasica</tag>
<status status="PASS" start="2024-05-14T21:13:05.276175" elapsed="0.112732"/>
</test>
<test id="s1-s1-t3" name="Validar estrutura de resposta" line="22">
<kw name="Teste de Estrutura de Resposta" owner="random-user-service">
<kw name="GET On Session" owner="RequestsLibrary">
<msg time="2024-05-14T21:13:05.472752" level="INFO">GET Request : url=https://randomuser.me/api 
 path_url=/api 
 headers={'User-Agent': 'python-requests/2.31.0', 'Accept-Encoding': 'gzip, deflate', 'Accept': '*/*', 'Connection': 'keep-alive'} 
 body=None 
 </msg>
<msg time="2024-05-14T21:13:05.472868" level="INFO">GET Response : url=https://randomuser.me/api 
 status=200, reason=OK 
 headers={'Date': 'Tue, 14 May 2024 21:13:05 GMT', 'Content-Type': 'application/json; charset=utf-8', 'Transfer-Encoding': 'chunked', 'Connection': 'keep-alive', 'X-Powered-By': 'Express', 'Access-Control-Allow-Origin': '*', 'Cache-Control': 'no-cache', 'ETag': 'W/"481-xwjdgvnWc1DZF2UrpcImIu1Dl0k"', 'Vary': 'Accept-Encoding', 'Content-Encoding': 'gzip', 'CF-Cache-Status': 'DYNAMIC', 'Report-To': '{"endpoints":[{"url":"https:\\/\\/a.nel.cloudflare.com\\/report\\/v4?s=pEdsQxVHo7yC1cA%2B48MhHT2hmq%2FdKKQ%2Fi6itSVHnj%2F5W%2Fxwe1GBYQGiLC2I1hb6R%2F2x6bKMsNWaHvxWs2gilI%2BnSClohH%2FBgpr8qQdd5%2FLBalD33SymHdQDSEP%2FN1djc"}],"group":"cf-nel","max_age":604800}', 'NEL': '{"success_fraction":0,"report_to":"cf-nel","max_age":604800}', 'Server': 'cloudflare', 'CF-RAY': '883de3e0b91a2a2a-ORD', 'alt-svc': 'h3=":443"; ma=86400'} 
 body={"results":[{"gender":"female","name":{"title":"Miss","first":"Celina","last":"Duarte"},"location":{"street":{"number":1478,"name":"Rua Paraná "},"city":"Muriaé","state":"Distrito Federal","country":"Brazil","postcode":92699,"coordinates":{"latitude":"-77.0919","longitude":"84.1736"},"timezone":{"offset":"+4:30","description":"Kabul"}},"email":"celina.duarte@example.com","login":{"uuid":"263a2793-e7ad-4e6a-aa06-51dca5d31e9e","username":"happygoose208","password":"1949","salt":"BNZ5ANQM","md5":"f3f0b0e1af0a8091a448aab8a830b8be","sha1":"c441e5a89c2ca7b23f289a4ea1987d935f827ff5","sha256":"23eb16a7d8eb2bea0c198b073993513a6096bbeb2e3f1c5aff2d94f973ba2129"},"dob":{"date":"1991-02-21T11:25:30.257Z","age":33},"registered":{"date":"2017-06-29T10:48:34.578Z","age":6},"phone":"(38) 2095-9609","cell":"(31) 2230-1776","id":{"name":"CPF","value":"936.058.951-17"},"picture":{"large":"https://randomuser.me/api/portraits/women/63.jpg","medium":"https://randomuser.me/api/portraits/med/women/63.jpg","thumbnail":"https://randomuser.me/api/portraits/thumb/women/63.jpg"},"nat":"BR"}],"info":{"seed":"a53cd33e9cc52b17","results":1,"page":1,"version":"1.4"}} 
 </msg>
<msg time="2024-05-14T21:13:05.472997" level="INFO">/opt/hostedtoolcache/Python/3.12.3/x64/lib/python3.12/site-packages/urllib3/connectionpool.py:1103: InsecureRequestWarning: Unverified HTTPS request is being made to host 'randomuser.me'. Adding certificate verification is strongly advised. See: https://urllib3.readthedocs.io/en/latest/advanced-usage.html#tls-warnings
  warnings.warn(</msg>
<msg time="2024-05-14T21:13:05.473121" level="INFO">${response} = &lt;Response [200]&gt;</msg>
<var>${response}</var>
<arg>consultarAPI</arg>
<arg>/api</arg>
<doc>Sends a GET request on a previously created HTTP Session.</doc>
<status status="PASS" start="2024-05-14T21:13:05.391891" elapsed="0.081269"/>
</kw>
<kw name="Set Variable" owner="BuiltIn">
<msg time="2024-05-14T21:13:05.474215" level="INFO">${json_data} = {'results': [{'gender': 'female', 'name': {'title': 'Miss', 'first': 'Celina', 'last': 'Duarte'}, 'location': {'street': {'number': 1478, 'name': 'Rua Paraná '}, 'city': 'Muriaé', 'state': 'Distrito F...</msg>
<var>${json_data}</var>
<arg>${response.json()}</arg>
<doc>Returns the given values which can then be assigned to a variables.</doc>
<status status="PASS" start="2024-05-14T21:13:05.473673" elapsed="0.000573"/>
</kw>
<kw name="Log" owner="BuiltIn">
<msg time="2024-05-14T21:13:05.474722" level="INFO">{'results': [{'gender': 'female', 'name': {'title': 'Miss', 'first': 'Celina', 'last': 'Duarte'}, 'location': {'street': {'number': 1478, 'name': 'Rua Paraná '}, 'city': 'Muriaé', 'state': 'Distrito Federal', 'country': 'Brazil', 'postcode': 92699, 'coordinates': {'latitude': '-77.0919', 'longitude': '84.1736'}, 'timezone': {'offset': '+4:30', 'description': 'Kabul'}}, 'email': 'celina.duarte@example.com', 'login': {'uuid': '263a2793-e7ad-4e6a-aa06-51dca5d31e9e', 'username': 'happygoose208', 'password': '1949', 'salt': 'BNZ5ANQM', 'md5': 'f3f0b0e1af0a8091a448aab8a830b8be', 'sha1': 'c441e5a89c2ca7b23f289a4ea1987d935f827ff5', 'sha256': '23eb16a7d8eb2bea0c198b073993513a6096bbeb2e3f1c5aff2d94f973ba2129'}, 'dob': {'date': '1991-02-21T11:25:30.257Z', 'age': 33}, 'registered': {'date': '2017-06-29T10:48:34.578Z', 'age': 6}, 'phone': '(38) 2095-9609', 'cell': '(31) 2230-1776', 'id': {'name': 'CPF', 'value': '936.058.951-17'}, 'picture': {'large': 'https://randomuser.me/api/portraits/women/63.jpg', 'medium': 'https://randomuser.me/api/portraits/med/women/63.jpg', 'thumbnail': 'https://randomuser.me/api/portraits/thumb/women/63.jpg'}, 'nat': 'BR'}], 'info': {'seed': 'a53cd33e9cc52b17', 'results': 1, 'page': 1, 'version': '1.4'}}</msg>
<arg>${json_data}</arg>
<doc>Logs the given message with the given level.</doc>
<status status="PASS" start="2024-05-14T21:13:05.474558" elapsed="0.000215"/>
</kw>
<kw name="Dictionary Should Contain Key" owner="Collections">
<msg time="2024-05-14T21:13:05.475244" level="INFO">False</msg>
<arg>${json_data}</arg>
<arg>results</arg>
<doc>Fails if ``key`` is not found from ``dictionary``.</doc>
<status status="PASS" start="2024-05-14T21:13:05.475083" elapsed="0.000199"/>
</kw>
<kw name="Should Not Be Empty" owner="BuiltIn">
<msg time="2024-05-14T21:13:05.475705" level="INFO">Length is 2.</msg>
<arg>${json_data}</arg>
<doc>Verifies that the given item is not empty.</doc>
<status status="PASS" start="2024-05-14T21:13:05.475575" elapsed="0.000334"/>
</kw>
<kw name="Create List" owner="BuiltIn">
<msg time="2024-05-14T21:13:05.476360" level="INFO">${expected_keys} = ['gender', 'name', 'location', 'email', 'login']</msg>
<var>${expected_keys}</var>
<arg>gender</arg>
<arg>name</arg>
<arg>location</arg>
<arg>email</arg>
<arg>login</arg>
<doc>Returns a list containing given items.</doc>
<status status="PASS" start="2024-05-14T21:13:05.476206" elapsed="0.000179"/>
</kw>
<for flavor="IN">
<iter>
<kw name="Dictionary Should Contain Key" owner="Collections">
<msg time="2024-05-14T21:13:05.477446" level="INFO">False</msg>
<arg>${json_data['results'][0]}</arg>
<arg>${key}</arg>
<doc>Fails if ``key`` is not found from ``dictionary``.</doc>
<status status="PASS" start="2024-05-14T21:13:05.477033" elapsed="0.000452"/>
</kw>
<kw name="Log" owner="BuiltIn">
<msg time="2024-05-14T21:13:05.478154" level="INFO">{'gender': 'female', 'name': {'title': 'Miss', 'first': 'Celina', 'last': 'Duarte'}, 'location': {'street': {'number': 1478, 'name': 'Rua Paraná '}, 'city': 'Muriaé', 'state': 'Distrito Federal', 'country': 'Brazil', 'postcode': 92699, 'coordinates': {'latitude': '-77.0919', 'longitude': '84.1736'}, 'timezone': {'offset': '+4:30', 'description': 'Kabul'}}, 'email': 'celina.duarte@example.com', 'login': {'uuid': '263a2793-e7ad-4e6a-aa06-51dca5d31e9e', 'username': 'happygoose208', 'password': '1949', 'salt': 'BNZ5ANQM', 'md5': 'f3f0b0e1af0a8091a448aab8a830b8be', 'sha1': 'c441e5a89c2ca7b23f289a4ea1987d935f827ff5', 'sha256': '23eb16a7d8eb2bea0c198b073993513a6096bbeb2e3f1c5aff2d94f973ba2129'}, 'dob': {'date': '1991-02-21T11:25:30.257Z', 'age': 33}, 'registered': {'date': '2017-06-29T10:48:34.578Z', 'age': 6}, 'phone': '(38) 2095-9609', 'cell': '(31) 2230-1776', 'id': {'name': 'CPF', 'value': '936.058.951-17'}, 'picture': {'large': 'https://randomuser.me/api/portraits/women/63.jpg', 'medium': 'https://randomuser.me/api/portraits/med/women/63.jpg', 'thumbnail': 'https://randomuser.me/api/portraits/thumb/women/63.jpg'}, 'nat': 'BR'}</msg>
<arg>${json_data['results'][0]}</arg>
<doc>Logs the given message with the given level.</doc>
<status status="PASS" start="2024-05-14T21:13:05.477786" elapsed="0.000420"/>
</kw>
<kw name="Log" owner="BuiltIn">
<msg time="2024-05-14T21:13:05.478638" level="INFO">gender</msg>
<arg>${key}</arg>
<doc>Logs the given message with the given level.</doc>
<status status="PASS" start="2024-05-14T21:13:05.478511" elapsed="0.000165"/>
</kw>
<var name="${key}">gender</var>
<status status="PASS" start="2024-05-14T21:13:05.476908" elapsed="0.001985"/>
</iter>
<iter>
<kw name="Dictionary Should Contain Key" owner="Collections">
<msg time="2024-05-14T21:13:05.479582" level="INFO">False</msg>
<arg>${json_data['results'][0]}</arg>
<arg>${key}</arg>
<doc>Fails if ``key`` is not found from ``dictionary``.</doc>
<status status="PASS" start="2024-05-14T21:13:05.479196" elapsed="0.000426"/>
</kw>
<kw name="Log" owner="BuiltIn">
<msg time="2024-05-14T21:13:05.480321" level="INFO">{'gender': 'female', 'name': {'title': 'Miss', 'first': 'Celina', 'last': 'Duarte'}, 'location': {'street': {'number': 1478, 'name': 'Rua Paraná '}, 'city': 'Muriaé', 'state': 'Distrito Federal', 'country': 'Brazil', 'postcode': 92699, 'coordinates': {'latitude': '-77.0919', 'longitude': '84.1736'}, 'timezone': {'offset': '+4:30', 'description': 'Kabul'}}, 'email': 'celina.duarte@example.com', 'login': {'uuid': '263a2793-e7ad-4e6a-aa06-51dca5d31e9e', 'username': 'happygoose208', 'password': '1949', 'salt': 'BNZ5ANQM', 'md5': 'f3f0b0e1af0a8091a448aab8a830b8be', 'sha1': 'c441e5a89c2ca7b23f289a4ea1987d935f827ff5', 'sha256': '23eb16a7d8eb2bea0c198b073993513a6096bbeb2e3f1c5aff2d94f973ba2129'}, 'dob': {'date': '1991-02-21T11:25:30.257Z', 'age': 33}, 'registered': {'date': '2017-06-29T10:48:34.578Z', 'age': 6}, 'phone': '(38) 2095-9609', 'cell': '(31) 2230-1776', 'id': {'name': 'CPF', 'value': '936.058.951-17'}, 'picture': {'large': 'https://randomuser.me/api/portraits/women/63.jpg', 'medium': 'https://randomuser.me/api/portraits/med/women/63.jpg', 'thumbnail': 'https://randomuser.me/api/portraits/thumb/women/63.jpg'}, 'nat': 'BR'}</msg>
<arg>${json_data['results'][0]}</arg>
<doc>Logs the given message with the given level.</doc>
<status status="PASS" start="2024-05-14T21:13:05.479945" elapsed="0.000427"/>
</kw>
<kw name="Log" owner="BuiltIn">
<msg time="2024-05-14T21:13:05.480827" level="INFO">name</msg>
<arg>${key}</arg>
<doc>Logs the given message with the given level.</doc>
<status status="PASS" start="2024-05-14T21:13:05.480700" elapsed="0.000165"/>
</kw>
<var name="${key}">name</var>
<status status="PASS" start="2024-05-14T21:13:05.479081" elapsed="0.001997"/>
</iter>
<iter>
<kw name="Dictionary Should Contain Key" owner="Collections">
<msg time="2024-05-14T21:13:05.481757" level="INFO">False</msg>
<arg>${json_data['results'][0]}</arg>
<arg>${key}</arg>
<doc>Fails if ``key`` is not found from ``dictionary``.</doc>
<status status="PASS" start="2024-05-14T21:13:05.481372" elapsed="0.000422"/>
</kw>
<kw name="Log" owner="BuiltIn">
<msg time="2024-05-14T21:13:05.482449" level="INFO">{'gender': 'female', 'name': {'title': 'Miss', 'first': 'Celina', 'last': 'Duarte'}, 'location': {'street': {'number': 1478, 'name': 'Rua Paraná '}, 'city': 'Muriaé', 'state': 'Distrito Federal', 'country': 'Brazil', 'postcode': 92699, 'coordinates': {'latitude': '-77.0919', 'longitude': '84.1736'}, 'timezone': {'offset': '+4:30', 'description': 'Kabul'}}, 'email': 'celina.duarte@example.com', 'login': {'uuid': '263a2793-e7ad-4e6a-aa06-51dca5d31e9e', 'username': 'happygoose208', 'password': '1949', 'salt': 'BNZ5ANQM', 'md5': 'f3f0b0e1af0a8091a448aab8a830b8be', 'sha1': 'c441e5a89c2ca7b23f289a4ea1987d935f827ff5', 'sha256': '23eb16a7d8eb2bea0c198b073993513a6096bbeb2e3f1c5aff2d94f973ba2129'}, 'dob': {'date': '1991-02-21T11:25:30.257Z', 'age': 33}, 'registered': {'date': '2017-06-29T10:48:34.578Z', 'age': 6}, 'phone': '(38) 2095-9609', 'cell': '(31) 2230-1776', 'id': {'name': 'CPF', 'value': '936.058.951-17'}, 'picture': {'large': 'https://randomuser.me/api/portraits/women/63.jpg', 'medium': 'https://randomuser.me/api/portraits/med/women/63.jpg', 'thumbnail': 'https://randomuser.me/api/portraits/thumb/women/63.jpg'}, 'nat': 'BR'}</msg>
<arg>${json_data['results'][0]}</arg>
<doc>Logs the given message with the given level.</doc>
<status status="PASS" start="2024-05-14T21:13:05.482088" elapsed="0.000412"/>
</kw>
<kw name="Log" owner="BuiltIn">
<msg time="2024-05-14T21:13:05.482920" level="INFO">location</msg>
<arg>${key}</arg>
<doc>Logs the given message with the given level.</doc>
<status status="PASS" start="2024-05-14T21:13:05.482794" elapsed="0.000164"/>
</kw>
<var name="${key}">location</var>
<status status="PASS" start="2024-05-14T21:13:05.481260" elapsed="0.001916"/>
</iter>
<iter>
<kw name="Dictionary Should Contain Key" owner="Collections">
<msg time="2024-05-14T21:13:05.483849" level="INFO">False</msg>
<arg>${json_data['results'][0]}</arg>
<arg>${key}</arg>
<doc>Fails if ``key`` is not found from ``dictionary``.</doc>
<status status="PASS" start="2024-05-14T21:13:05.483461" elapsed="0.000425"/>
</kw>
<kw name="Log" owner="BuiltIn">
<msg time="2024-05-14T21:13:05.484607" level="INFO">{'gender': 'female', 'name': {'title': 'Miss', 'first': 'Celina', 'last': 'Duarte'}, 'location': {'street': {'number': 1478, 'name': 'Rua Paraná '}, 'city': 'Muriaé', 'state': 'Distrito Federal', 'country': 'Brazil', 'postcode': 92699, 'coordinates': {'latitude': '-77.0919', 'longitude': '84.1736'}, 'timezone': {'offset': '+4:30', 'description': 'Kabul'}}, 'email': 'celina.duarte@example.com', 'login': {'uuid': '263a2793-e7ad-4e6a-aa06-51dca5d31e9e', 'username': 'happygoose208', 'password': '1949', 'salt': 'BNZ5ANQM', 'md5': 'f3f0b0e1af0a8091a448aab8a830b8be', 'sha1': 'c441e5a89c2ca7b23f289a4ea1987d935f827ff5', 'sha256': '23eb16a7d8eb2bea0c198b073993513a6096bbeb2e3f1c5aff2d94f973ba2129'}, 'dob': {'date': '1991-02-21T11:25:30.257Z', 'age': 33}, 'registered': {'date': '2017-06-29T10:48:34.578Z', 'age': 6}, 'phone': '(38) 2095-9609', 'cell': '(31) 2230-1776', 'id': {'name': 'CPF', 'value': '936.058.951-17'}, 'picture': {'large': 'https://randomuser.me/api/portraits/women/63.jpg', 'medium': 'https://randomuser.me/api/portraits/med/women/63.jpg', 'thumbnail': 'https://randomuser.me/api/portraits/thumb/women/63.jpg'}, 'nat': 'BR'}</msg>
<arg>${json_data['results'][0]}</arg>
<doc>Logs the given message with the given level.</doc>
<status status="PASS" start="2024-05-14T21:13:05.484184" elapsed="0.000476"/>
</kw>
<kw name="Log" owner="BuiltIn">
<msg time="2024-05-14T21:13:05.485098" level="INFO">email</msg>
<arg>${key}</arg>
<doc>Logs the given message with the given level.</doc>
<status status="PASS" start="2024-05-14T21:13:05.484969" elapsed="0.000167"/>
</kw>
<var name="${key}">email</var>
<status status="PASS" start="2024-05-14T21:13:05.483351" elapsed="0.001999"/>
</iter>
<iter>
<kw name="Dictionary Should Contain Key" owner="Collections">
<msg time="2024-05-14T21:13:05.486036" level="INFO">False</msg>
<arg>${json_data['results'][0]}</arg>
<arg>${key}</arg>
<doc>Fails if ``key`` is not found from ``dictionary``.</doc>
<status status="PASS" start="2024-05-14T21:13:05.485632" elapsed="0.000449"/>
</kw>
<kw name="Log" owner="BuiltIn">
<msg time="2024-05-14T21:13:05.487063" level="INFO">{'gender': 'female', 'name': {'title': 'Miss', 'first': 'Celina', 'last': 'Duarte'}, 'location': {'street': {'number': 1478, 'name': 'Rua Paraná '}, 'city': 'Muriaé', 'state': 'Distrito Federal', 'country': 'Brazil', 'postcode': 92699, 'coordinates': {'latitude': '-77.0919', 'longitude': '84.1736'}, 'timezone': {'offset': '+4:30', 'description': 'Kabul'}}, 'email': 'celina.duarte@example.com', 'login': {'uuid': '263a2793-e7ad-4e6a-aa06-51dca5d31e9e', 'username': 'happygoose208', 'password': '1949', 'salt': 'BNZ5ANQM', 'md5': 'f3f0b0e1af0a8091a448aab8a830b8be', 'sha1': 'c441e5a89c2ca7b23f289a4ea1987d935f827ff5', 'sha256': '23eb16a7d8eb2bea0c198b073993513a6096bbeb2e3f1c5aff2d94f973ba2129'}, 'dob': {'date': '1991-02-21T11:25:30.257Z', 'age': 33}, 'registered': {'date': '2017-06-29T10:48:34.578Z', 'age': 6}, 'phone': '(38) 2095-9609', 'cell': '(31) 2230-1776', 'id': {'name': 'CPF', 'value': '936.058.951-17'}, 'picture': {'large': 'https://randomuser.me/api/portraits/women/63.jpg', 'medium': 'https://randomuser.me/api/portraits/med/women/63.jpg', 'thumbnail': 'https://randomuser.me/api/portraits/thumb/women/63.jpg'}, 'nat': 'BR'}</msg>
<arg>${json_data['results'][0]}</arg>
<doc>Logs the given message with the given level.</doc>
<status status="PASS" start="2024-05-14T21:13:05.486487" elapsed="0.000654"/>
</kw>
<kw name="Log" owner="BuiltIn">
<msg time="2024-05-14T21:13:05.487739" level="INFO">login</msg>
<arg>${key}</arg>
<doc>Logs the given message with the given level.</doc>
<status status="PASS" start="2024-05-14T21:13:05.487584" elapsed="0.000195"/>
</kw>
<var name="${key}">login</var>
<status status="PASS" start="2024-05-14T21:13:05.485522" elapsed="0.002488"/>
</iter>
<var>${key}</var>
<value>@{expected_keys}</value>
<status status="PASS" start="2024-05-14T21:13:05.476704" elapsed="0.011458"/>
</for>
<kw name="Create List" owner="BuiltIn">
<msg time="2024-05-14T21:13:05.488535" level="INFO">${expected_keysTwo} = ['username', 'password']</msg>
<var>${expected_keysTwo}</var>
<arg>username</arg>
<arg>password</arg>
<doc>Returns a list containing given items.</doc>
<status status="PASS" start="2024-05-14T21:13:05.488370" elapsed="0.000190"/>
</kw>
<for flavor="IN">
<iter>
<kw name="Dictionary Should Contain Key" owner="Collections">
<msg time="2024-05-14T21:13:05.489477" level="INFO">False</msg>
<arg>${json_data['results'][0]['login']}</arg>
<arg>${keyTwo}</arg>
<doc>Fails if ``key`` is not found from ``dictionary``.</doc>
<status status="PASS" start="2024-05-14T21:13:05.489075" elapsed="0.000441"/>
</kw>
<kw name="Dictionary Should Contain Key" owner="Collections">
<msg time="2024-05-14T21:13:05.490207" level="INFO">False</msg>
<arg>${json_data['results'][0]['login']}</arg>
<arg>${keyTwo}</arg>
<doc>Fails if ``key`` is not found from ``dictionary``.</doc>
<status status="PASS" start="2024-05-14T21:13:05.489815" elapsed="0.000430"/>
</kw>
<kw name="Log" owner="BuiltIn">
<msg time="2024-05-14T21:13:05.490665" level="INFO">username</msg>
<arg>${keyTwo}</arg>
<doc>Logs the given message with the given level.</doc>
<status status="PASS" start="2024-05-14T21:13:05.490537" elapsed="0.000170"/>
</kw>
<var name="${keyTwo}">username</var>
<status status="PASS" start="2024-05-14T21:13:05.488964" elapsed="0.001958"/>
</iter>
<iter>
<kw name="Dictionary Should Contain Key" owner="Collections">
<msg time="2024-05-14T21:13:05.491677" level="INFO">False</msg>
<arg>${json_data['results'][0]['login']}</arg>
<arg>${keyTwo}</arg>
<doc>Fails if ``key`` is not found from ``dictionary``.</doc>
<status status="PASS" start="2024-05-14T21:13:05.491207" elapsed="0.000510"/>
</kw>
<kw name="Dictionary Should Contain Key" owner="Collections">
<msg time="2024-05-14T21:13:05.492395" level="INFO">False</msg>
<arg>${json_data['results'][0]['login']}</arg>
<arg>${keyTwo}</arg>
<doc>Fails if ``key`` is not found from ``dictionary``.</doc>
<status status="PASS" start="2024-05-14T21:13:05.492017" elapsed="0.000415"/>
</kw>
<kw name="Log" owner="BuiltIn">
<msg time="2024-05-14T21:13:05.492903" level="INFO">password</msg>
<arg>${keyTwo}</arg>
<doc>Logs the given message with the given level.</doc>
<status status="PASS" start="2024-05-14T21:13:05.492776" elapsed="0.000165"/>
</kw>
<var name="${keyTwo}">password</var>
<status status="PASS" start="2024-05-14T21:13:05.491096" elapsed="0.002058"/>
</iter>
<var>${keyTwo}</var>
<value>@{expected_keysTwo}</value>
<status status="PASS" start="2024-05-14T21:13:05.488808" elapsed="0.004469"/>
</for>
<status status="PASS" start="2024-05-14T21:13:05.391550" elapsed="0.101871"/>
</kw>
<doc>Testa a estrutura da resposta da API.</doc>
<tag>testeEstruturaResposta</tag>
<status status="PASS" start="2024-05-14T21:13:05.390775" elapsed="0.102806"/>
</test>
<test id="s1-s1-t4" name="Validar tipos de dados" line="28">
<kw name="Teste de Tipos de Dados" owner="random-user-service">
<kw name="GET On Session" owner="RequestsLibrary">
<msg time="2024-05-14T21:13:05.560656" level="INFO">GET Request : url=https://randomuser.me/api 
 path_url=/api 
 headers={'User-Agent': 'python-requests/2.31.0', 'Accept-Encoding': 'gzip, deflate', 'Accept': '*/*', 'Connection': 'keep-alive'} 
 body=None 
 </msg>
<msg time="2024-05-14T21:13:05.560761" level="INFO">GET Response : url=https://randomuser.me/api 
 status=200, reason=OK 
 headers={'Date': 'Tue, 14 May 2024 21:13:05 GMT', 'Content-Type': 'application/json; charset=utf-8', 'Transfer-Encoding': 'chunked', 'Connection': 'keep-alive', 'X-Powered-By': 'Express', 'Access-Control-Allow-Origin': '*', 'Cache-Control': 'no-cache', 'ETag': 'W/"488-5ofr8xVilo59K1zoeSCCk4v1uDo"', 'Vary': 'Accept-Encoding', 'Content-Encoding': 'gzip', 'CF-Cache-Status': 'DYNAMIC', 'Report-To': '{"endpoints":[{"url":"https:\\/\\/a.nel.cloudflare.com\\/report\\/v4?s=nFt%2F0Or0aWOaPOMcuSwRL3sKiJSqWrXGFra82%2BZZ3OuNv0TvQBA1Y6AL9v63t1kgDnGaSHz1hKm58wlI26qeexT37D2cl3NV77a5lF0thZCzGv8N%2BiQjVisu5J2SfeyC"}],"group":"cf-nel","max_age":604800}', 'NEL': '{"success_fraction":0,"report_to":"cf-nel","max_age":604800}', 'Server': 'cloudflare', 'CF-RAY': '883de3e159f82a2a-ORD', 'alt-svc': 'h3=":443"; ma=86400'} 
 body={"results":[{"gender":"male","name":{"title":"Mr","first":"Rahul","last":"Gatty"},"location":{"street":{"number":8938,"name":"Tripolia Bazar"},"city":"Bulandshahr","state":"Manipur","country":"India","postcode":76106,"coordinates":{"latitude":"6.5830","longitude":"-77.7402"},"timezone":{"offset":"+4:00","description":"Abu Dhabi, Muscat, Baku, Tbilisi"}},"email":"rahul.gatty@example.com","login":{"uuid":"b59ef39b-a13f-488d-90b1-f83feadbf558","username":"silverbutterfly945","password":"00000","salt":"Nem8FF3Z","md5":"58ae19d13697463265b3c9a08a296f18","sha1":"e0e8064292743abbeec7e9df4c30dd7a0c8ed096","sha256":"0fd44f06b0b997e6179501ce83f19b56291f7a05f2402f0a139f4445f325f138"},"dob":{"date":"1973-10-12T19:21:36.165Z","age":50},"registered":{"date":"2006-07-12T08:45:16.140Z","age":17},"phone":"9686933534","cell":"9868974771","id":{"name":"UIDAI","value":"523623566371"},"picture":{"large":"https://randomuser.me/api/portraits/men/97.jpg","medium":"https://randomuser.me/api/portraits/med/men/97.jpg","thumbnail":"https://randomuser.me/api/portraits/thumb/men/97.jpg"},"nat":"IN"}],"info":{"seed":"c3780385c7cdfbb8","results":1,"page":1,"version":"1.4"}} 
 </msg>
<msg time="2024-05-14T21:13:05.560841" level="INFO">/opt/hostedtoolcache/Python/3.12.3/x64/lib/python3.12/site-packages/urllib3/connectionpool.py:1103: InsecureRequestWarning: Unverified HTTPS request is being made to host 'randomuser.me'. Adding certificate verification is strongly advised. See: https://urllib3.readthedocs.io/en/latest/advanced-usage.html#tls-warnings
  warnings.warn(</msg>
<msg time="2024-05-14T21:13:05.560977" level="INFO">${response} = &lt;Response [200]&gt;</msg>
<var>${response}</var>
<arg>consultarAPI</arg>
<arg>/api</arg>
<doc>Sends a GET request on a previously created HTTP Session.</doc>
<status status="PASS" start="2024-05-14T21:13:05.496169" elapsed="0.064847"/>
</kw>
<kw name="Set Variable" owner="BuiltIn">
<msg time="2024-05-14T21:13:05.562218" level="INFO">${json_data} = {'results': [{'gender': 'male', 'name': {'title': 'Mr', 'first': 'Rahul', 'last': 'Gatty'}, 'location': {'street': {'number': 8938, 'name': 'Tripolia Bazar'}, 'city': 'Bulandshahr', 'state': 'Manipur'...</msg>
<var>${json_data}</var>
<arg>${response.json()}</arg>
<doc>Returns the given values which can then be assigned to a variables.</doc>
<status status="PASS" start="2024-05-14T21:13:05.561645" elapsed="0.000601"/>
</kw>
<kw name="Log" owner="BuiltIn">
<msg time="2024-05-14T21:13:05.562713" level="INFO">{'results': [{'gender': 'male', 'name': {'title': 'Mr', 'first': 'Rahul', 'last': 'Gatty'}, 'location': {'street': {'number': 8938, 'name': 'Tripolia Bazar'}, 'city': 'Bulandshahr', 'state': 'Manipur', 'country': 'India', 'postcode': 76106, 'coordinates': {'latitude': '6.5830', 'longitude': '-77.7402'}, 'timezone': {'offset': '+4:00', 'description': 'Abu Dhabi, Muscat, Baku, Tbilisi'}}, 'email': 'rahul.gatty@example.com', 'login': {'uuid': 'b59ef39b-a13f-488d-90b1-f83feadbf558', 'username': 'silverbutterfly945', 'password': '00000', 'salt': 'Nem8FF3Z', 'md5': '58ae19d13697463265b3c9a08a296f18', 'sha1': 'e0e8064292743abbeec7e9df4c30dd7a0c8ed096', 'sha256': '0fd44f06b0b997e6179501ce83f19b56291f7a05f2402f0a139f4445f325f138'}, 'dob': {'date': '1973-10-12T19:21:36.165Z', 'age': 50}, 'registered': {'date': '2006-07-12T08:45:16.140Z', 'age': 17}, 'phone': '9686933534', 'cell': '9868974771', 'id': {'name': 'UIDAI', 'value': '523623566371'}, 'picture': {'large': 'https://randomuser.me/api/portraits/men/97.jpg', 'medium': 'https://randomuser.me/api/portraits/med/men/97.jpg', 'thumbnail': 'https://randomuser.me/api/portraits/thumb/men/97.jpg'}, 'nat': 'IN'}], 'info': {'seed': 'c3780385c7cdfbb8', 'results': 1, 'page': 1, 'version': '1.4'}}</msg>
<arg>${json_data}</arg>
<doc>Logs the given message with the given level.</doc>
<status status="PASS" start="2024-05-14T21:13:05.562558" elapsed="0.000238"/>
</kw>
<kw name="Should Be String" owner="String">
<arg>${json_data['results'][0]['gender']}</arg>
<doc>Fails if the given ``item`` is not a string.</doc>
<status status="PASS" start="2024-05-14T21:13:05.563097" elapsed="0.000364"/>
</kw>
<kw name="Should Match Regexp" owner="BuiltIn">
<arg>${json_data['results'][0]['email']}</arg>
<arg>^[a-zA-Z0-9._%+-]+@[a-zA-Z0-9.-]+\.[a-zA-Z]{2,}$</arg>
<doc>Fails if ``string`` does not match ``pattern`` as a regular expression.</doc>
<status status="PASS" start="2024-05-14T21:13:05.563652" elapsed="0.000514"/>
</kw>
<kw name="Should Match Regexp" owner="BuiltIn">
<arg>${json_data['results'][0]['dob']['date']}</arg>
<arg>\\d{4}-\\d{2}-\\d{2}T\\d{2}:\\d{2}:\\d{2}\\.\\d{3}Z</arg>
<doc>Fails if ``string`` does not match ``pattern`` as a regular expression.</doc>
<status status="PASS" start="2024-05-14T21:13:05.564359" elapsed="0.000534"/>
</kw>
<kw name="Should Match Regexp" owner="BuiltIn">
<arg>${json_data['results'][0]['registered']['date']}</arg>
<arg>\\d{4}-\\d{2}-\\d{2}T\\d{2}:\\d{2}:\\d{2}\\.\\d{3}Z</arg>
<doc>Fails if ``string`` does not match ``pattern`` as a regular expression.</doc>
<status status="PASS" start="2024-05-14T21:13:05.565087" elapsed="0.000369"/>
</kw>
<kw name="Should Match Regexp" owner="BuiltIn">
<arg>${json_data['results'][0]['picture']['large']}</arg>
<arg>^https?://.*\.(?:png|jpe?g|gif|bmp)$</arg>
<doc>Fails if ``string`` does not match ``pattern`` as a regular expression.</doc>
<status status="PASS" start="2024-05-14T21:13:05.565648" elapsed="0.000456"/>
</kw>
<kw name="Should Match Regexp" owner="BuiltIn">
<arg>${json_data['results'][0]['picture']['medium']}</arg>
<arg>^https?://.*\.(?:png|jpe?g|gif|bmp)$</arg>
<doc>Fails if ``string`` does not match ``pattern`` as a regular expression.</doc>
<status status="PASS" start="2024-05-14T21:13:05.566291" elapsed="0.000358"/>
</kw>
<kw name="Should Match Regexp" owner="BuiltIn">
<arg>${json_data['results'][0]['picture']['thumbnail']}</arg>
<arg>^https?://.*\.(?:png|jpe?g|gif|bmp)$</arg>
<doc>Fails if ``string`` does not match ``pattern`` as a regular expression.</doc>
<status status="PASS" start="2024-05-14T21:13:05.566837" elapsed="0.000358"/>
</kw>
<kw name="Log" owner="BuiltIn">
<msg time="2024-05-14T21:13:05.567695" level="INFO">{'large': 'https://randomuser.me/api/portraits/men/97.jpg', 'medium': 'https://randomuser.me/api/portraits/med/men/97.jpg', 'thumbnail': 'https://randomuser.me/api/portraits/thumb/men/97.jpg'}</msg>
<arg>${json_data['results'][0]['picture']}</arg>
<doc>Logs the given message with the given level.</doc>
<status status="PASS" start="2024-05-14T21:13:05.567375" elapsed="0.000362"/>
</kw>
<status status="PASS" start="2024-05-14T21:13:05.495939" elapsed="0.072053"/>
</kw>
<kw name="Teste de Tipos de Dados - Postcode" owner="random-user-service">
<kw name="GET On Session" owner="RequestsLibrary">
<msg time="2024-05-14T21:13:05.668333" level="INFO">GET Request : url=https://randomuser.me/api 
 path_url=/api 
 headers={'User-Agent': 'python-requests/2.31.0', 'Accept-Encoding': 'gzip, deflate', 'Accept': '*/*', 'Connection': 'keep-alive'} 
 body=None 
 </msg>
<msg time="2024-05-14T21:13:05.668426" level="INFO">GET Response : url=https://randomuser.me/api 
 status=200, reason=OK 
 headers={'Date': 'Tue, 14 May 2024 21:13:05 GMT', 'Content-Type': 'application/json; charset=utf-8', 'Transfer-Encoding': 'chunked', 'Connection': 'keep-alive', 'X-Powered-By': 'Express', 'Access-Control-Allow-Origin': '*', 'Cache-Control': 'no-cache', 'ETag': 'W/"481-yYjBgRl+br82xeQQojCUVdbAivk"', 'Vary': 'Accept-Encoding', 'Content-Encoding': 'gzip', 'CF-Cache-Status': 'DYNAMIC', 'Report-To': '{"endpoints":[{"url":"https:\\/\\/a.nel.cloudflare.com\\/report\\/v4?s=wBWxbZyCZPAduXhpC8xF5%2FOzVU2Lvp3ImjvOVZyNPnuABo09Sjmq8WyNtlrZ55m5YRTFezc5HjI%2FMlwUA%2B94GvRguB6b9Kd3OAhrnL96vfKZta9wkNc4zO0QgYo0e3ZG"}],"group":"cf-nel","max_age":604800}', 'NEL': '{"success_fraction":0,"report_to":"cf-nel","max_age":604800}', 'Server': 'cloudflare', 'CF-RAY': '883de3e1da852a2a-ORD', 'alt-svc': 'h3=":443"; ma=86400'} 
 body={"results":[{"gender":"male","name":{"title":"Mr","first":"Mads","last":"Jensen"},"location":{"street":{"number":6589,"name":"Anlægsvej"},"city":"Pandrup","state":"Midtjylland","country":"Denmark","postcode":32804,"coordinates":{"latitude":"-42.4112","longitude":"-25.0975"},"timezone":{"offset":"+10:00","description":"Eastern Australia, Guam, Vladivostok"}},"email":"mads.jensen@example.com","login":{"uuid":"83fa0954-2f67-42df-96cd-661253093549","username":"smallswan451","password":"grease","salt":"h0zCk29K","md5":"d99718d975eae3cfbe66c5edb493fc20","sha1":"71d958a3caef6c183ad011bc768063db337c8030","sha256":"c2557a7b889fd25b96a03a9b87c2e3a62931f624346d28a348dfa5c50db21893"},"dob":{"date":"1968-01-11T16:04:02.426Z","age":56},"registered":{"date":"2004-02-23T04:02:24.793Z","age":20},"phone":"32052326","cell":"36592508","id":{"name":"CPR","value":"110168-6549"},"picture":{"large":"https://randomuser.me/api/portraits/men/17.jpg","medium":"https://randomuser.me/api/portraits/med/men/17.jpg","thumbnail":"https://randomuser.me/api/portraits/thumb/men/17.jpg"},"nat":"DK"}],"info":{"seed":"339a7ba81e945e81","results":1,"page":1,"version":"1.4"}} 
 </msg>
<msg time="2024-05-14T21:13:05.668545" level="INFO">/opt/hostedtoolcache/Python/3.12.3/x64/lib/python3.12/site-packages/urllib3/connectionpool.py:1103: InsecureRequestWarning: Unverified HTTPS request is being made to host 'randomuser.me'. Adding certificate verification is strongly advised. See: https://urllib3.readthedocs.io/en/latest/advanced-usage.html#tls-warnings
  warnings.warn(</msg>
<msg time="2024-05-14T21:13:05.668668" level="INFO">${response} = &lt;Response [200]&gt;</msg>
<var>${response}</var>
<arg>consultarAPI</arg>
<arg>/api</arg>
<doc>Sends a GET request on a previously created HTTP Session.</doc>
<status status="PASS" start="2024-05-14T21:13:05.568473" elapsed="0.100234"/>
</kw>
<kw name="Set Variable" owner="BuiltIn">
<msg time="2024-05-14T21:13:05.669916" level="INFO">${json_data} = {'results': [{'gender': 'male', 'name': {'title': 'Mr', 'first': 'Mads', 'last': 'Jensen'}, 'location': {'street': {'number': 6589, 'name': 'Anlægsvej'}, 'city': 'Pandrup', 'state': 'Midtjylland', 'co...</msg>
<var>${json_data}</var>
<arg>${response.json()}</arg>
<doc>Returns the given values which can then be assigned to a variables.</doc>
<status status="PASS" start="2024-05-14T21:13:05.669320" elapsed="0.000626"/>
</kw>
<kw name="Log" owner="BuiltIn">
<msg time="2024-05-14T21:13:05.670424" level="INFO">{'results': [{'gender': 'male', 'name': {'title': 'Mr', 'first': 'Mads', 'last': 'Jensen'}, 'location': {'street': {'number': 6589, 'name': 'Anlægsvej'}, 'city': 'Pandrup', 'state': 'Midtjylland', 'country': 'Denmark', 'postcode': 32804, 'coordinates': {'latitude': '-42.4112', 'longitude': '-25.0975'}, 'timezone': {'offset': '+10:00', 'description': 'Eastern Australia, Guam, Vladivostok'}}, 'email': 'mads.jensen@example.com', 'login': {'uuid': '83fa0954-2f67-42df-96cd-661253093549', 'username': 'smallswan451', 'password': 'grease', 'salt': 'h0zCk29K', 'md5': 'd99718d975eae3cfbe66c5edb493fc20', 'sha1': '71d958a3caef6c183ad011bc768063db337c8030', 'sha256': 'c2557a7b889fd25b96a03a9b87c2e3a62931f624346d28a348dfa5c50db21893'}, 'dob': {'date': '1968-01-11T16:04:02.426Z', 'age': 56}, 'registered': {'date': '2004-02-23T04:02:24.793Z', 'age': 20}, 'phone': '32052326', 'cell': '36592508', 'id': {'name': 'CPR', 'value': '110168-6549'}, 'picture': {'large': 'https://randomuser.me/api/portraits/men/17.jpg', 'medium': 'https://randomuser.me/api/portraits/med/men/17.jpg', 'thumbnail': 'https://randomuser.me/api/portraits/thumb/men/17.jpg'}, 'nat': 'DK'}], 'info': {'seed': '339a7ba81e945e81', 'results': 1, 'page': 1, 'version': '1.4'}}</msg>
<arg>${json_data}</arg>
<doc>Logs the given message with the given level.</doc>
<status status="PASS" start="2024-05-14T21:13:05.670259" elapsed="0.000250"/>
</kw>
<kw name="Should Be Equal As Numbers" owner="BuiltIn">
<arg>${json_data['results'][0]['location']['postcode']}</arg>
<arg>${json_data['results'][0]['location']['postcode']}</arg>
<doc>Fails if objects are unequal after converting them to real numbers.</doc>
<status status="PASS" start="2024-05-14T21:13:05.670992" elapsed="0.000622"/>
</kw>
<kw name="Log" owner="BuiltIn">
<msg time="2024-05-14T21:13:05.672139" level="INFO">32804</msg>
<arg>${json_data['results'][0]['location']['postcode']}</arg>
<doc>Logs the given message with the given level.</doc>
<status status="PASS" start="2024-05-14T21:13:05.671806" elapsed="0.000373"/>
</kw>
<status status="PASS" start="2024-05-14T21:13:05.568222" elapsed="0.104211"/>
</kw>
<doc>Testa se os tipos de dados na resposta da API estão corretos.</doc>
<tag>testeTiposDados</tag>
<status status="PASS" start="2024-05-14T21:13:05.495369" elapsed="0.177266"/>
</test>
<test id="s1-s1-t5" name="Validar conteudo" line="35">
<kw name="Teste de Tipos de Conteudo" owner="random-user-service">
<kw name="GET On Session" owner="RequestsLibrary">
<msg time="2024-05-14T21:13:05.764297" level="INFO">GET Request : url=https://randomuser.me/api 
 path_url=/api 
 headers={'User-Agent': 'python-requests/2.31.0', 'Accept-Encoding': 'gzip, deflate', 'Accept': '*/*', 'Connection': 'keep-alive'} 
 body=None 
 </msg>
<msg time="2024-05-14T21:13:05.764390" level="INFO">GET Response : url=https://randomuser.me/api 
 status=200, reason=OK 
 headers={'Date': 'Tue, 14 May 2024 21:13:05 GMT', 'Content-Type': 'application/json; charset=utf-8', 'Transfer-Encoding': 'chunked', 'Connection': 'keep-alive', 'X-Powered-By': 'Express', 'Access-Control-Allow-Origin': '*', 'Cache-Control': 'no-cache', 'ETag': 'W/"49d-QsefPnnPbbB4oWAZ4akTapC8OAo"', 'Vary': 'Accept-Encoding', 'Content-Encoding': 'gzip', 'CF-Cache-Status': 'DYNAMIC', 'Report-To': '{"endpoints":[{"url":"https:\\/\\/a.nel.cloudflare.com\\/report\\/v4?s=ks8H4bCb4%2BV8dnmhw%2BWhWwvD4JOPufEmu%2FPXYYqzAjV7fhXIIKAakdcb5zPSG165lIp%2FhYkQpujfWrEw285RFBM86C5YKNH8cfQiRR4RWWyMT98PZb61JtPRGNW8o1b3"}],"group":"cf-nel","max_age":604800}', 'NEL': '{"success_fraction":0,"report_to":"cf-nel","max_age":604800}', 'Server': 'cloudflare', 'CF-RAY': '883de3e27b962a2a-ORD', 'alt-svc': 'h3=":443"; ma=86400'} 
 body={"results":[{"gender":"male","name":{"title":"Mr","first":"Dominic","last":"Patel"},"location":{"street":{"number":719,"name":"Coastal Highway"},"city":"Trout Lake","state":"Prince Edward Island","country":"Canada","postcode":"C7B 1P6","coordinates":{"latitude":"-64.5435","longitude":"-97.8467"},"timezone":{"offset":"-3:00","description":"Brazil, Buenos Aires, Georgetown"}},"email":"dominic.patel@example.com","login":{"uuid":"4b514eb2-64ed-455f-8e98-e6a122c216af","username":"organicleopard896","password":"usarmy","salt":"yr31tt8I","md5":"822834d4ee5f841ae4b703726be45ead","sha1":"0fc6371843d67204ddec8cfe112a725847b29abb","sha256":"79abe9f51aea5f063dfecfa9fd854be329d40e4b9a40e6cb28494e650e7db848"},"dob":{"date":"1967-04-05T01:58:07.449Z","age":57},"registered":{"date":"2015-04-27T13:11:28.737Z","age":9},"phone":"D17 E03-6928","cell":"T68 S62-0469","id":{"name":"SIN","value":"418945077"},"picture":{"large":"https://randomuser.me/api/portraits/men/10.jpg","medium":"https://randomuser.me/api/portraits/med/men/10.jpg","thumbnail":"https://randomuser.me/api/portraits/thumb/men/10.jpg"},"nat":"CA"}],"info":{"seed":"6b78f4f158aaf6be","results":1,"page":1,"version":"1.4"}} 
 </msg>
<msg time="2024-05-14T21:13:05.764486" level="INFO">/opt/hostedtoolcache/Python/3.12.3/x64/lib/python3.12/site-packages/urllib3/connectionpool.py:1103: InsecureRequestWarning: Unverified HTTPS request is being made to host 'randomuser.me'. Adding certificate verification is strongly advised. See: https://urllib3.readthedocs.io/en/latest/advanced-usage.html#tls-warnings
  warnings.warn(</msg>
<msg time="2024-05-14T21:13:05.764607" level="INFO">${response} = &lt;Response [200]&gt;</msg>
<var>${response}</var>
<arg>consultarAPI</arg>
<arg>/api</arg>
<doc>Sends a GET request on a previously created HTTP Session.</doc>
<status status="PASS" start="2024-05-14T21:13:05.675202" elapsed="0.089445"/>
</kw>
<kw name="Set Variable" owner="BuiltIn">
<msg time="2024-05-14T21:13:05.765878" level="INFO">${json_data} = {'results': [{'gender': 'male', 'name': {'title': 'Mr', 'first': 'Dominic', 'last': 'Patel'}, 'location': {'street': {'number': 719, 'name': 'Coastal Highway'}, 'city': 'Trout Lake', 'state': 'Prince ...</msg>
<var>${json_data}</var>
<arg>${response.json()}</arg>
<doc>Returns the given values which can then be assigned to a variables.</doc>
<status status="PASS" start="2024-05-14T21:13:05.765273" elapsed="0.000634"/>
</kw>
<kw name="Set Variable" owner="BuiltIn">
<msg time="2024-05-14T21:13:05.766592" level="INFO">${name_title} = Mr</msg>
<var>${name_title}</var>
<arg>${json_data["results"][0]["name"]["title"]}</arg>
<doc>Returns the given values which can then be assigned to a variables.</doc>
<status status="PASS" start="2024-05-14T21:13:05.766209" elapsed="0.000409"/>
</kw>
<kw name="Create List" owner="BuiltIn">
<msg time="2024-05-14T21:13:05.767065" level="INFO">${allowed_titles} = ['Mr', 'Ms', 'Miss', 'Mrs', 'Madame', 'Monsieur']</msg>
<var>${allowed_titles}</var>
<arg>Mr</arg>
<arg>Ms</arg>
<arg>Miss</arg>
<arg>Mrs</arg>
<arg>Madame</arg>
<arg>Monsieur</arg>
<doc>Returns a list containing given items.</doc>
<status status="PASS" start="2024-05-14T21:13:05.766921" elapsed="0.000168"/>
</kw>
<kw name="List Should Contain Value" owner="Collections">
<msg time="2024-05-14T21:13:05.767555" level="INFO">False</msg>
<arg>${allowed_titles}</arg>
<arg>${name_title}</arg>
<doc>Fails if the ``value`` is not found from ``list``.</doc>
<status status="PASS" start="2024-05-14T21:13:05.767383" elapsed="0.000209"/>
</kw>
<kw name="Set Variable" owner="BuiltIn">
<msg time="2024-05-14T21:13:05.768263" level="INFO">${name_country} = CA</msg>
<var>${name_country}</var>
<arg>${json_data["results"][0]["nat"]}</arg>
<doc>Returns the given values which can then be assigned to a variables.</doc>
<status status="PASS" start="2024-05-14T21:13:05.767882" elapsed="0.000406"/>
</kw>
<kw name="Create List" owner="BuiltIn">
<msg time="2024-05-14T21:13:05.769217" level="INFO">${list_country} = ['AD', 'AE', 'AF', 'AG', 'AI', 'AL', 'AM', 'AO', 'AQ', 'AR', 'AS', 'AT', 'AU', 'AW', 'AX', 'AZ', 'BA', 'BB', 'BD', 'BE', 'BF', 'BG', 'BH', 'BI', 'BJ', 'BL', 'BM', 'BN', 'BO', 'BQ', 'BR', 'BS', 'BT', '...</msg>
<var>${list_country}</var>
<arg>AD</arg>
<arg>AE</arg>
<arg>AF</arg>
<arg>AG</arg>
<arg>AI</arg>
<arg>AL</arg>
<arg>AM</arg>
<arg>AO</arg>
<arg>AQ</arg>
<arg>AR</arg>
<arg>AS</arg>
<arg>AT</arg>
<arg>AU</arg>
<arg>AW</arg>
<arg>AX</arg>
<arg>AZ</arg>
<arg>BA</arg>
<arg>BB</arg>
<arg>BD</arg>
<arg>BE</arg>
<arg>BF</arg>
<arg>BG</arg>
<arg>BH</arg>
<arg>BI</arg>
<arg>BJ</arg>
<arg>BL</arg>
<arg>BM</arg>
<arg>BN</arg>
<arg>BO</arg>
<arg>BQ</arg>
<arg>BR</arg>
<arg>BS</arg>
<arg>BT</arg>
<arg>BV</arg>
<arg>BW</arg>
<arg>BY</arg>
<arg>BZ</arg>
<arg>CA</arg>
<arg>CC</arg>
<arg>CD</arg>
<arg>CF</arg>
<arg>CG</arg>
<arg>CH</arg>
<arg>CI</arg>
<arg>CK</arg>
<arg>CL</arg>
<arg>CM</arg>
<arg>CN</arg>
<arg>CO</arg>
<arg>CR</arg>
<arg>CU</arg>
<arg>CV</arg>
<arg>CW</arg>
<arg>CX</arg>
<arg>CY</arg>
<arg>CZ</arg>
<arg>DE</arg>
<arg>DJ</arg>
<arg>DK</arg>
<arg>DM</arg>
<arg>DO</arg>
<arg>DZ</arg>
<arg>EC</arg>
<arg>EE</arg>
<arg>EG</arg>
<arg>EH</arg>
<arg>ER</arg>
<arg>ES</arg>
<arg>ET</arg>
<arg>FI</arg>
<arg>FJ</arg>
<arg>FK</arg>
<arg>FM</arg>
<arg>FO</arg>
<arg>FR</arg>
<arg>GA</arg>
<arg>GB</arg>
<arg>GD</arg>
<arg>GE</arg>
<arg>GF</arg>
<arg>GG</arg>
<arg>GH</arg>
<arg>GI</arg>
<arg>GL</arg>
<arg>GM</arg>
<arg>GN</arg>
<arg>GP</arg>
<arg>GQ</arg>
<arg>GR</arg>
<arg>GS</arg>
<arg>GT</arg>
<arg>GU</arg>
<arg>GW</arg>
<arg>GY</arg>
<arg>HK</arg>
<arg>HM</arg>
<arg>HN</arg>
<arg>HR</arg>
<arg>HT</arg>
<arg>HU</arg>
<arg>ID</arg>
<arg>IE</arg>
<arg>IL</arg>
<arg>IM</arg>
<arg>IN</arg>
<arg>IO</arg>
<arg>IQ</arg>
<arg>IR</arg>
<arg>IS</arg>
<arg>IT</arg>
<arg>JE</arg>
<arg>JM</arg>
<arg>JO</arg>
<arg>JP</arg>
<arg>KE</arg>
<arg>KG</arg>
<arg>KH</arg>
<arg>KI</arg>
<arg>KM</arg>
<arg>KN</arg>
<arg>KP</arg>
<arg>KR</arg>
<arg>KW</arg>
<arg>KY</arg>
<arg>KZ</arg>
<arg>LA</arg>
<arg>LB</arg>
<arg>LC</arg>
<arg>LI</arg>
<arg>LK</arg>
<arg>LR</arg>
<arg>LS</arg>
<arg>LT</arg>
<arg>LU</arg>
<arg>LV</arg>
<arg>LY</arg>
<arg>MA</arg>
<arg>MC</arg>
<arg>MD</arg>
<arg>ME</arg>
<arg>MF</arg>
<arg>MG</arg>
<arg>MH</arg>
<arg>MK</arg>
<arg>ML</arg>
<arg>MM</arg>
<arg>MN</arg>
<arg>MO</arg>
<arg>MP</arg>
<arg>MQ</arg>
<arg>MR</arg>
<arg>MS</arg>
<arg>MT</arg>
<arg>MU</arg>
<arg>MV</arg>
<arg>MW</arg>
<arg>MX</arg>
<arg>MY</arg>
<arg>MZ</arg>
<arg>NA</arg>
<arg>NC</arg>
<arg>NE</arg>
<arg>NF</arg>
<arg>NG</arg>
<arg>NI</arg>
<arg>NL</arg>
<arg>NO</arg>
<arg>NP</arg>
<arg>NR</arg>
<arg>NU</arg>
<arg>NZ</arg>
<arg>OM</arg>
<arg>PA</arg>
<arg>PE</arg>
<arg>PF</arg>
<arg>PG</arg>
<arg>PH</arg>
<arg>PK</arg>
<arg>PL</arg>
<arg>PM</arg>
<arg>PN</arg>
<arg>PR</arg>
<arg>PS</arg>
<arg>PT</arg>
<arg>PW</arg>
<arg>PY</arg>
<arg>QA</arg>
<arg>RE</arg>
<arg>RO</arg>
<arg>RS</arg>
<arg>RU</arg>
<arg>RW</arg>
<arg>SA</arg>
<arg>SB</arg>
<arg>SC</arg>
<arg>SD</arg>
<arg>SE</arg>
<arg>SG</arg>
<arg>SH</arg>
<arg>SI</arg>
<arg>SJ</arg>
<arg>SK</arg>
<arg>SL</arg>
<arg>SM</arg>
<arg>SN</arg>
<arg>SO</arg>
<arg>SR</arg>
<arg>SS</arg>
<arg>ST</arg>
<arg>SV</arg>
<arg>SX</arg>
<arg>SY</arg>
<arg>SZ</arg>
<arg>TC</arg>
<arg>TD</arg>
<arg>TF</arg>
<arg>TG</arg>
<arg>TH</arg>
<arg>TJ</arg>
<arg>TK</arg>
<arg>TL</arg>
<arg>TM</arg>
<arg>TN</arg>
<arg>TO</arg>
<arg>TR</arg>
<arg>TT</arg>
<arg>TV</arg>
<arg>TW</arg>
<arg>TZ</arg>
<arg>UA</arg>
<arg>UG</arg>
<arg>UM</arg>
<arg>US</arg>
<arg>UY</arg>
<arg>UZ</arg>
<arg>VA</arg>
<arg>VC</arg>
<arg>VE</arg>
<arg>VG</arg>
<arg>VI</arg>
<arg>VN</arg>
<arg>VU</arg>
<arg>WF</arg>
<arg>WS</arg>
<arg>XK</arg>
<arg>YE</arg>
<arg>YT</arg>
<arg>ZA</arg>
<arg>ZM</arg>
<arg>ZW</arg>
<doc>Returns a list containing given items.</doc>
<status status="PASS" start="2024-05-14T21:13:05.768625" elapsed="0.000619"/>
</kw>
<kw name="List Should Contain Value" owner="Collections">
<msg time="2024-05-14T21:13:05.770232" level="INFO">False</msg>
<arg>${list_country}</arg>
<arg>${name_country}</arg>
<doc>Fails if the ``value`` is not found from ``list``.</doc>
<status status="PASS" start="2024-05-14T21:13:05.770033" elapsed="0.000235"/>
</kw>
<kw name="Run Keyword If" owner="BuiltIn">
<kw name="Should Be True" owner="BuiltIn">
<arg>${True}</arg>
<doc>Fails if the given condition is not true.</doc>
<status status="PASS" start="2024-05-14T21:13:05.771346" elapsed="0.000256"/>
</kw>
<arg>${json_data["results"][0]["location"]["coordinates"]["latitude"]} &gt;= -90 and ${json_data["results"][0]["location"]["coordinates"]["latitude"]} &lt;= 90</arg>
<arg>Should Be True</arg>
<arg>${True}</arg>
<doc>Runs the given keyword with the given arguments, if ``condition`` is true.</doc>
<status status="PASS" start="2024-05-14T21:13:05.770579" elapsed="0.001155"/>
</kw>
<kw name="Run Keyword If" owner="BuiltIn">
<kw name="Should Be True" owner="BuiltIn">
<arg>${True}</arg>
<doc>Fails if the given condition is not true.</doc>
<status status="PASS" start="2024-05-14T21:13:05.772657" elapsed="0.000140"/>
</kw>
<arg>${json_data["results"][0]["location"]["coordinates"]["longitude"]} &gt;= -180 and ${json_data["results"][0]["location"]["coordinates"]["longitude"]} &lt;= 180</arg>
<arg>Should Be True</arg>
<arg>${True}</arg>
<doc>Runs the given keyword with the given arguments, if ``condition`` is true.</doc>
<status status="PASS" start="2024-05-14T21:13:05.771921" elapsed="0.001000"/>
</kw>
<status status="PASS" start="2024-05-14T21:13:05.674974" elapsed="0.098077"/>
</kw>
<doc>Testa o conteúdo específico dos campos retornados pela API.</doc>
<tag>testeConteudo</tag>
<status status="PASS" start="2024-05-14T21:13:05.674428" elapsed="0.098774"/>
</test>
<status status="PASS" start="2024-05-14T21:13:04.970774" elapsed="0.804427"/>
</suite>
<status status="PASS" start="2024-05-14T21:13:04.956966" elapsed="0.823450"/>
</suite>
<statistics>
<total>
<stat pass="5" fail="0" skip="0">All Tests</stat>
</total>
<tag>
<stat pass="1" fail="0" skip="0">testeConteudo</stat>
<stat pass="1" fail="0" skip="0">testeEstruturaResposta</stat>
<stat pass="1" fail="0" skip="0">testeRequisicaoBasica</stat>
<stat pass="1" fail="0" skip="0">testeTiposDados</stat>
</tag>
<suite>
<stat pass="5" fail="0" skip="0" id="s1" name="Tests">Tests</stat>
<stat pass="5" fail="0" skip="0" id="s1-s1" name="Random-User-Test">Tests.Random-User-Test</stat>
</suite>
</statistics>
<errors>
</errors>
</robot>
