<?xml version="1.0" encoding="UTF-8"?>
<robot generator="Robot 7.0 (Python 3.12.3 on linux)" generated="2024-04-22T12:27:05.704969" rpa="false" schemaversion="5">
<suite id="s1" name="Tests" source="/home/runner/work/DesafioQAItauRogerioJordao/DesafioQAItauRogerioJordao/RamdonUser/tests">
<suite id="s1-s1" name="Random-User-Test" source="/home/runner/work/DesafioQAItauRogerioJordao/DesafioQAItauRogerioJordao/RamdonUser/tests/random-user-test.robot">
<test id="s1-s1-t1" name="Conectar" line="13">
<kw name="Conectar API" owner="random-user-service">
<kw name="Create Session" owner="RequestsLibrary">
<msg time="2024-04-22T12:27:06.078922" level="INFO">Creating Session using : alias=consultarAPI, url=https://randomuser.me/, headers={},                     cookies={}, auth=None, timeout=None, proxies=None, verify=False,                     debug=0 </msg>
<arg>consultarAPI</arg>
<arg>${URL}</arg>
<doc>Create Session: create a HTTP session to a server</doc>
<status status="PASS" start="2024-04-22T12:27:06.078719" elapsed="0.000404"/>
</kw>
<status status="PASS" start="2024-04-22T12:27:06.077735" elapsed="0.001761"/>
</kw>
<status status="PASS" start="2024-04-22T12:27:06.077186" elapsed="0.002510"/>
</test>
<test id="s1-s1-t2" name="Validar retorno 200 e JSON Válido" line="16">
<kw name="Teste de Requisicao Basica" owner="random-user-service">
<kw name="GET On Session" owner="RequestsLibrary">
<msg time="2024-04-22T12:27:06.284480" level="INFO">GET Request : url=https://randomuser.me/api 
 path_url=/api 
 headers={'User-Agent': 'python-requests/2.31.0', 'Accept-Encoding': 'gzip, deflate', 'Accept': '*/*', 'Connection': 'keep-alive'} 
 body=None 
 </msg>
<msg time="2024-04-22T12:27:06.284675" level="INFO">GET Response : url=https://randomuser.me/api 
 status=200, reason=OK 
 headers={'Date': 'Mon, 22 Apr 2024 12:27:06 GMT', 'Content-Type': 'application/json; charset=utf-8', 'Transfer-Encoding': 'chunked', 'Connection': 'keep-alive', 'X-Powered-By': 'Express', 'Access-Control-Allow-Origin': '*', 'Cache-Control': 'no-cache', 'ETag': 'W/"493-r3HJTo36cLz3kPf1/1Koutx4/uQ"', 'Vary': 'Accept-Encoding', 'Content-Encoding': 'gzip', 'CF-Cache-Status': 'DYNAMIC', 'Report-To': '{"endpoints":[{"url":"https:\\/\\/a.nel.cloudflare.com\\/report\\/v4?s=dtR6Ug%2Fcg%2Bko8w9KYSv24XM4KyYR0k8YEepRop8CfHVXPyuQibT54nh5JeYWx4VsKRfWthKzWfLDIzAivoJyZX9zDlvHT5%2BXYExsMlDR9piqTwEOtb586wMzMyNqOEOu"}],"group":"cf-nel","max_age":604800}', 'NEL': '{"success_fraction":0,"report_to":"cf-nel","max_age":604800}', 'Server': 'cloudflare', 'CF-RAY': '87859b23efc85b34-IAD', 'alt-svc': 'h3=":443"; ma=86400'} 
 body={"results":[{"gender":"male","name":{"title":"Mr","first":"Luukas","last":"Ojala"},"location":{"street":{"number":9847,"name":"Siilitie"},"city":"Jalasjärvi","state":"Tavastia Proper","country":"Finland","postcode":11449,"coordinates":{"latitude":"-29.1526","longitude":"-14.4567"},"timezone":{"offset":"+8:00","description":"Beijing, Perth, Singapore, Hong Kong"}},"email":"luukas.ojala@example.com","login":{"uuid":"8adfc2d0-bf25-49d7-b8d5-c8f6d68a997f","username":"smallfrog776","password":"lori","salt":"R0jwKZD9","md5":"d4a667b9a27af4dad416c47d7307ad29","sha1":"95e20a9db85db0063715a59b8b62e553a22de633","sha256":"0e6ea8c6684b02f0a6f92051bb37a7c3c6a8ddf83687162ea83769ff4434db1f"},"dob":{"date":"1976-01-24T08:14:44.670Z","age":48},"registered":{"date":"2021-10-16T00:45:20.483Z","age":2},"phone":"08-456-654","cell":"049-060-22-80","id":{"name":"HETU","value":"NaNNA617undefined"},"picture":{"large":"https://randomuser.me/api/portraits/men/41.jpg","medium":"https://randomuser.me/api/portraits/med/men/41.jpg","thumbnail":"https://randomuser.me/api/portraits/thumb/men/41.jpg"},"nat":"FI"}],"info":{"seed":"676f0d46f2bb1b2a","results":1,"page":1,"version":"1.4"}} 
 </msg>
<msg time="2024-04-22T12:27:06.284774" level="INFO">/opt/hostedtoolcache/Python/3.12.3/x64/lib/python3.12/site-packages/urllib3/connectionpool.py:1103: InsecureRequestWarning: Unverified HTTPS request is being made to host 'randomuser.me'. Adding certificate verification is strongly advised. See: https://urllib3.readthedocs.io/en/latest/advanced-usage.html#tls-warnings
  warnings.warn(</msg>
<msg time="2024-04-22T12:27:06.284945" level="INFO">${response} = &lt;Response [200]&gt;</msg>
<var>${response}</var>
<arg>consultarAPI</arg>
<arg>/api</arg>
<doc>Sends a GET request on a previously created HTTP Session.</doc>
<status status="PASS" start="2024-04-22T12:27:06.082424" elapsed="0.202564"/>
</kw>
<kw name="Should Be Equal As Numbers" owner="BuiltIn">
<msg time="2024-04-22T12:27:06.286109" level="INFO">Argument types are:
&lt;class 'int'&gt;
&lt;class 'str'&gt;</msg>
<arg>${response.status_code}</arg>
<arg>200</arg>
<doc>Fails if objects are unequal after converting them to real numbers.</doc>
<status status="PASS" start="2024-04-22T12:27:06.285582" elapsed="0.000597"/>
</kw>
<kw name="Log" owner="BuiltIn">
<msg time="2024-04-22T12:27:06.286937" level="INFO">200</msg>
<arg>${response.status_code}</arg>
<doc>Logs the given message with the given level.</doc>
<status status="PASS" start="2024-04-22T12:27:06.286571" elapsed="0.000410"/>
</kw>
<kw name="Set Variable" owner="BuiltIn">
<msg time="2024-04-22T12:27:06.287767" level="INFO">${json_data} = {'results': [{'gender': 'male', 'name': {'title': 'Mr', 'first': 'Luukas', 'last': 'Ojala'}, 'location': {'street': {'number': 9847, 'name': 'Siilitie'}, 'city': 'Jalasjärvi', 'state': 'Tavastia Prope...</msg>
<var>${json_data}</var>
<arg>${response.json()}</arg>
<doc>Returns the given values which can then be assigned to a variables.</doc>
<status status="PASS" start="2024-04-22T12:27:06.287300" elapsed="0.000497"/>
</kw>
<kw name="Dictionary Should Contain Key" owner="Collections">
<msg time="2024-04-22T12:27:06.288280" level="INFO">False</msg>
<arg>${json_data}</arg>
<arg>results</arg>
<doc>Fails if ``key`` is not found from ``dictionary``.</doc>
<status status="PASS" start="2024-04-22T12:27:06.288111" elapsed="0.000208"/>
</kw>
<status status="PASS" start="2024-04-22T12:27:06.082178" elapsed="0.206407"/>
</kw>
<doc>Testa se a API responde corretamente e retorna um objeto JSON válido.</doc>
<tag>testeRequisicaoBasica</tag>
<status status="PASS" start="2024-04-22T12:27:06.081650" elapsed="0.207159"/>
</test>
<test id="s1-s1-t3" name="Validar estrutura de resposta" line="22">
<kw name="Teste de Estrutura de Resposta" owner="random-user-service">
<kw name="GET On Session" owner="RequestsLibrary">
<msg time="2024-04-22T12:27:06.385681" level="INFO">GET Request : url=https://randomuser.me/api 
 path_url=/api 
 headers={'User-Agent': 'python-requests/2.31.0', 'Accept-Encoding': 'gzip, deflate', 'Accept': '*/*', 'Connection': 'keep-alive'} 
 body=None 
 </msg>
<msg time="2024-04-22T12:27:06.385763" level="INFO">GET Response : url=https://randomuser.me/api 
 status=200, reason=OK 
 headers={'Date': 'Mon, 22 Apr 2024 12:27:06 GMT', 'Content-Type': 'application/json; charset=utf-8', 'Transfer-Encoding': 'chunked', 'Connection': 'keep-alive', 'X-Powered-By': 'Express', 'Access-Control-Allow-Origin': '*', 'Cache-Control': 'no-cache', 'ETag': 'W/"49f-5i/P0GAkmbmtnLU4rq6nttfdFSs"', 'Vary': 'Accept-Encoding', 'Content-Encoding': 'gzip', 'CF-Cache-Status': 'DYNAMIC', 'Report-To': '{"endpoints":[{"url":"https:\\/\\/a.nel.cloudflare.com\\/report\\/v4?s=AJHSqNMO9MNvS0vV%2FXHPoDuqY0BP%2F2iU9BjN0eFJnoWqdzX%2F73J106mjhj88VNj%2FTE70ImQ8B21N97X6pVm4x%2BCnaHNq6rN%2BhLAGAQK5QEiu9SQAiYdKrz9VzeerAywU"}],"group":"cf-nel","max_age":604800}', 'NEL': '{"success_fraction":0,"report_to":"cf-nel","max_age":604800}', 'Server': 'cloudflare', 'CF-RAY': '87859b24581a5b34-IAD', 'alt-svc': 'h3=":443"; ma=86400'} 
 body={"results":[{"gender":"female","name":{"title":"Mrs","first":"Arsena","last":"Guchok"},"location":{"street":{"number":4186,"name":"Patriarha Volodimira Romanyuka"},"city":"Stebnik","state":"Cherkaska","country":"Ukraine","postcode":11779,"coordinates":{"latitude":"75.7889","longitude":"18.8648"},"timezone":{"offset":"+8:00","description":"Beijing, Perth, Singapore, Hong Kong"}},"email":"arsena.guchok@example.com","login":{"uuid":"139d6cde-0d5d-4c72-b61d-e2b4c6ff3064","username":"ticklishtiger266","password":"ajax","salt":"Zw2VDkoA","md5":"81a4e18e5fd5c0fefc3d8136031e8444","sha1":"637fc62c01f826e210c0f81b693fd44aac9c454a","sha256":"c06e9f0a6d33b539c24185735299385274b36babe3c3e3a0387df412cd5b007f"},"dob":{"date":"1984-11-16T16:49:14.070Z","age":39},"registered":{"date":"2007-08-07T18:11:49.682Z","age":16},"phone":"(068) Y91-0422","cell":"(066) Y62-7776","id":{"name":"","value":null},"picture":{"large":"https://randomuser.me/api/portraits/women/73.jpg","medium":"https://randomuser.me/api/portraits/med/women/73.jpg","thumbnail":"https://randomuser.me/api/portraits/thumb/women/73.jpg"},"nat":"UA"}],"info":{"seed":"f57691ac0ee924f7","results":1,"page":1,"version":"1.4"}} 
 </msg>
<msg time="2024-04-22T12:27:06.385886" level="INFO">/opt/hostedtoolcache/Python/3.12.3/x64/lib/python3.12/site-packages/urllib3/connectionpool.py:1103: InsecureRequestWarning: Unverified HTTPS request is being made to host 'randomuser.me'. Adding certificate verification is strongly advised. See: https://urllib3.readthedocs.io/en/latest/advanced-usage.html#tls-warnings
  warnings.warn(</msg>
<msg time="2024-04-22T12:27:06.385999" level="INFO">${response} = &lt;Response [200]&gt;</msg>
<var>${response}</var>
<arg>consultarAPI</arg>
<arg>/api</arg>
<doc>Sends a GET request on a previously created HTTP Session.</doc>
<status status="PASS" start="2024-04-22T12:27:06.291841" elapsed="0.094199"/>
</kw>
<kw name="Set Variable" owner="BuiltIn">
<msg time="2024-04-22T12:27:06.386974" level="INFO">${json_data} = {'results': [{'gender': 'female', 'name': {'title': 'Mrs', 'first': 'Arsena', 'last': 'Guchok'}, 'location': {'street': {'number': 4186, 'name': 'Patriarha Volodimira Romanyuka'}, 'city': 'Stebnik', '...</msg>
<var>${json_data}</var>
<arg>${response.json()}</arg>
<doc>Returns the given values which can then be assigned to a variables.</doc>
<status status="PASS" start="2024-04-22T12:27:06.386500" elapsed="0.000503"/>
</kw>
<kw name="Log" owner="BuiltIn">
<msg time="2024-04-22T12:27:06.387467" level="INFO">{'results': [{'gender': 'female', 'name': {'title': 'Mrs', 'first': 'Arsena', 'last': 'Guchok'}, 'location': {'street': {'number': 4186, 'name': 'Patriarha Volodimira Romanyuka'}, 'city': 'Stebnik', 'state': 'Cherkaska', 'country': 'Ukraine', 'postcode': 11779, 'coordinates': {'latitude': '75.7889', 'longitude': '18.8648'}, 'timezone': {'offset': '+8:00', 'description': 'Beijing, Perth, Singapore, Hong Kong'}}, 'email': 'arsena.guchok@example.com', 'login': {'uuid': '139d6cde-0d5d-4c72-b61d-e2b4c6ff3064', 'username': 'ticklishtiger266', 'password': 'ajax', 'salt': 'Zw2VDkoA', 'md5': '81a4e18e5fd5c0fefc3d8136031e8444', 'sha1': '637fc62c01f826e210c0f81b693fd44aac9c454a', 'sha256': 'c06e9f0a6d33b539c24185735299385274b36babe3c3e3a0387df412cd5b007f'}, 'dob': {'date': '1984-11-16T16:49:14.070Z', 'age': 39}, 'registered': {'date': '2007-08-07T18:11:49.682Z', 'age': 16}, 'phone': '(068) Y91-0422', 'cell': '(066) Y62-7776', 'id': {'name': '', 'value': None}, 'picture': {'large': 'https://randomuser.me/api/portraits/women/73.jpg', 'medium': 'https://randomuser.me/api/portraits/med/women/73.jpg', 'thumbnail': 'https://randomuser.me/api/portraits/thumb/women/73.jpg'}, 'nat': 'UA'}], 'info': {'seed': 'f57691ac0ee924f7', 'results': 1, 'page': 1, 'version': '1.4'}}</msg>
<arg>${json_data}</arg>
<doc>Logs the given message with the given level.</doc>
<status status="PASS" start="2024-04-22T12:27:06.387312" elapsed="0.000202"/>
</kw>
<kw name="Dictionary Should Contain Key" owner="Collections">
<msg time="2024-04-22T12:27:06.387961" level="INFO">False</msg>
<arg>${json_data}</arg>
<arg>results</arg>
<doc>Fails if ``key`` is not found from ``dictionary``.</doc>
<status status="PASS" start="2024-04-22T12:27:06.387809" elapsed="0.000189"/>
</kw>
<kw name="Should Not Be Empty" owner="BuiltIn">
<msg time="2024-04-22T12:27:06.388426" level="INFO">Length is 2.</msg>
<arg>${json_data}</arg>
<doc>Verifies that the given item is not empty.</doc>
<status status="PASS" start="2024-04-22T12:27:06.388289" elapsed="0.000174"/>
</kw>
<kw name="Create List" owner="BuiltIn">
<msg time="2024-04-22T12:27:06.389093" level="INFO">${expected_keys} = ['gender', 'name', 'location', 'email', 'login']</msg>
<var>${expected_keys}</var>
<arg>gender</arg>
<arg>name</arg>
<arg>location</arg>
<arg>email</arg>
<arg>login</arg>
<doc>Returns a list containing given items.</doc>
<status status="PASS" start="2024-04-22T12:27:06.388797" elapsed="0.000322"/>
</kw>
<for flavor="IN">
<iter>
<kw name="Dictionary Should Contain Key" owner="Collections">
<msg time="2024-04-22T12:27:06.390093" level="INFO">False</msg>
<arg>${json_data['results'][0]}</arg>
<arg>${key}</arg>
<doc>Fails if ``key`` is not found from ``dictionary``.</doc>
<status status="PASS" start="2024-04-22T12:27:06.389698" elapsed="0.000433"/>
</kw>
<kw name="Log" owner="BuiltIn">
<msg time="2024-04-22T12:27:06.390802" level="INFO">{'gender': 'female', 'name': {'title': 'Mrs', 'first': 'Arsena', 'last': 'Guchok'}, 'location': {'street': {'number': 4186, 'name': 'Patriarha Volodimira Romanyuka'}, 'city': 'Stebnik', 'state': 'Cherkaska', 'country': 'Ukraine', 'postcode': 11779, 'coordinates': {'latitude': '75.7889', 'longitude': '18.8648'}, 'timezone': {'offset': '+8:00', 'description': 'Beijing, Perth, Singapore, Hong Kong'}}, 'email': 'arsena.guchok@example.com', 'login': {'uuid': '139d6cde-0d5d-4c72-b61d-e2b4c6ff3064', 'username': 'ticklishtiger266', 'password': 'ajax', 'salt': 'Zw2VDkoA', 'md5': '81a4e18e5fd5c0fefc3d8136031e8444', 'sha1': '637fc62c01f826e210c0f81b693fd44aac9c454a', 'sha256': 'c06e9f0a6d33b539c24185735299385274b36babe3c3e3a0387df412cd5b007f'}, 'dob': {'date': '1984-11-16T16:49:14.070Z', 'age': 39}, 'registered': {'date': '2007-08-07T18:11:49.682Z', 'age': 16}, 'phone': '(068) Y91-0422', 'cell': '(066) Y62-7776', 'id': {'name': '', 'value': None}, 'picture': {'large': 'https://randomuser.me/api/portraits/women/73.jpg', 'medium': 'https://randomuser.me/api/portraits/med/women/73.jpg', 'thumbnail': 'https://randomuser.me/api/portraits/thumb/women/73.jpg'}, 'nat': 'UA'}</msg>
<arg>${json_data['results'][0]}</arg>
<doc>Logs the given message with the given level.</doc>
<status status="PASS" start="2024-04-22T12:27:06.390443" elapsed="0.000406"/>
</kw>
<kw name="Log" owner="BuiltIn">
<msg time="2024-04-22T12:27:06.391290" level="INFO">gender</msg>
<arg>${key}</arg>
<doc>Logs the given message with the given level.</doc>
<status status="PASS" start="2024-04-22T12:27:06.391163" elapsed="0.000164"/>
</kw>
<var name="${key}">gender</var>
<status status="PASS" start="2024-04-22T12:27:06.389571" elapsed="0.001969"/>
</iter>
<iter>
<kw name="Dictionary Should Contain Key" owner="Collections">
<msg time="2024-04-22T12:27:06.392216" level="INFO">False</msg>
<arg>${json_data['results'][0]}</arg>
<arg>${key}</arg>
<doc>Fails if ``key`` is not found from ``dictionary``.</doc>
<status status="PASS" start="2024-04-22T12:27:06.391839" elapsed="0.000414"/>
</kw>
<kw name="Log" owner="BuiltIn">
<msg time="2024-04-22T12:27:06.392969" level="INFO">{'gender': 'female', 'name': {'title': 'Mrs', 'first': 'Arsena', 'last': 'Guchok'}, 'location': {'street': {'number': 4186, 'name': 'Patriarha Volodimira Romanyuka'}, 'city': 'Stebnik', 'state': 'Cherkaska', 'country': 'Ukraine', 'postcode': 11779, 'coordinates': {'latitude': '75.7889', 'longitude': '18.8648'}, 'timezone': {'offset': '+8:00', 'description': 'Beijing, Perth, Singapore, Hong Kong'}}, 'email': 'arsena.guchok@example.com', 'login': {'uuid': '139d6cde-0d5d-4c72-b61d-e2b4c6ff3064', 'username': 'ticklishtiger266', 'password': 'ajax', 'salt': 'Zw2VDkoA', 'md5': '81a4e18e5fd5c0fefc3d8136031e8444', 'sha1': '637fc62c01f826e210c0f81b693fd44aac9c454a', 'sha256': 'c06e9f0a6d33b539c24185735299385274b36babe3c3e3a0387df412cd5b007f'}, 'dob': {'date': '1984-11-16T16:49:14.070Z', 'age': 39}, 'registered': {'date': '2007-08-07T18:11:49.682Z', 'age': 16}, 'phone': '(068) Y91-0422', 'cell': '(066) Y62-7776', 'id': {'name': '', 'value': None}, 'picture': {'large': 'https://randomuser.me/api/portraits/women/73.jpg', 'medium': 'https://randomuser.me/api/portraits/med/women/73.jpg', 'thumbnail': 'https://randomuser.me/api/portraits/thumb/women/73.jpg'}, 'nat': 'UA'}</msg>
<arg>${json_data['results'][0]}</arg>
<doc>Logs the given message with the given level.</doc>
<status status="PASS" start="2024-04-22T12:27:06.392589" elapsed="0.000427"/>
</kw>
<kw name="Log" owner="BuiltIn">
<msg time="2024-04-22T12:27:06.393432" level="INFO">name</msg>
<arg>${key}</arg>
<doc>Logs the given message with the given level.</doc>
<status status="PASS" start="2024-04-22T12:27:06.393309" elapsed="0.000159"/>
</kw>
<var name="${key}">name</var>
<status status="PASS" start="2024-04-22T12:27:06.391727" elapsed="0.001952"/>
</iter>
<iter>
<kw name="Dictionary Should Contain Key" owner="Collections">
<msg time="2024-04-22T12:27:06.394349" level="INFO">False</msg>
<arg>${json_data['results'][0]}</arg>
<arg>${key}</arg>
<doc>Fails if ``key`` is not found from ``dictionary``.</doc>
<status status="PASS" start="2024-04-22T12:27:06.393964" elapsed="0.000422"/>
</kw>
<kw name="Log" owner="BuiltIn">
<msg time="2024-04-22T12:27:06.395029" level="INFO">{'gender': 'female', 'name': {'title': 'Mrs', 'first': 'Arsena', 'last': 'Guchok'}, 'location': {'street': {'number': 4186, 'name': 'Patriarha Volodimira Romanyuka'}, 'city': 'Stebnik', 'state': 'Cherkaska', 'country': 'Ukraine', 'postcode': 11779, 'coordinates': {'latitude': '75.7889', 'longitude': '18.8648'}, 'timezone': {'offset': '+8:00', 'description': 'Beijing, Perth, Singapore, Hong Kong'}}, 'email': 'arsena.guchok@example.com', 'login': {'uuid': '139d6cde-0d5d-4c72-b61d-e2b4c6ff3064', 'username': 'ticklishtiger266', 'password': 'ajax', 'salt': 'Zw2VDkoA', 'md5': '81a4e18e5fd5c0fefc3d8136031e8444', 'sha1': '637fc62c01f826e210c0f81b693fd44aac9c454a', 'sha256': 'c06e9f0a6d33b539c24185735299385274b36babe3c3e3a0387df412cd5b007f'}, 'dob': {'date': '1984-11-16T16:49:14.070Z', 'age': 39}, 'registered': {'date': '2007-08-07T18:11:49.682Z', 'age': 16}, 'phone': '(068) Y91-0422', 'cell': '(066) Y62-7776', 'id': {'name': '', 'value': None}, 'picture': {'large': 'https://randomuser.me/api/portraits/women/73.jpg', 'medium': 'https://randomuser.me/api/portraits/med/women/73.jpg', 'thumbnail': 'https://randomuser.me/api/portraits/thumb/women/73.jpg'}, 'nat': 'UA'}</msg>
<arg>${json_data['results'][0]}</arg>
<doc>Logs the given message with the given level.</doc>
<status status="PASS" start="2024-04-22T12:27:06.394678" elapsed="0.000397"/>
</kw>
<kw name="Log" owner="BuiltIn">
<msg time="2024-04-22T12:27:06.395484" level="INFO">location</msg>
<arg>${key}</arg>
<doc>Logs the given message with the given level.</doc>
<status status="PASS" start="2024-04-22T12:27:06.395362" elapsed="0.000159"/>
</kw>
<var name="${key}">location</var>
<status status="PASS" start="2024-04-22T12:27:06.393855" elapsed="0.001876"/>
</iter>
<iter>
<kw name="Dictionary Should Contain Key" owner="Collections">
<msg time="2024-04-22T12:27:06.396395" level="INFO">False</msg>
<arg>${json_data['results'][0]}</arg>
<arg>${key}</arg>
<doc>Fails if ``key`` is not found from ``dictionary``.</doc>
<status status="PASS" start="2024-04-22T12:27:06.396009" elapsed="0.000422"/>
</kw>
<kw name="Log" owner="BuiltIn">
<msg time="2024-04-22T12:27:06.397103" level="INFO">{'gender': 'female', 'name': {'title': 'Mrs', 'first': 'Arsena', 'last': 'Guchok'}, 'location': {'street': {'number': 4186, 'name': 'Patriarha Volodimira Romanyuka'}, 'city': 'Stebnik', 'state': 'Cherkaska', 'country': 'Ukraine', 'postcode': 11779, 'coordinates': {'latitude': '75.7889', 'longitude': '18.8648'}, 'timezone': {'offset': '+8:00', 'description': 'Beijing, Perth, Singapore, Hong Kong'}}, 'email': 'arsena.guchok@example.com', 'login': {'uuid': '139d6cde-0d5d-4c72-b61d-e2b4c6ff3064', 'username': 'ticklishtiger266', 'password': 'ajax', 'salt': 'Zw2VDkoA', 'md5': '81a4e18e5fd5c0fefc3d8136031e8444', 'sha1': '637fc62c01f826e210c0f81b693fd44aac9c454a', 'sha256': 'c06e9f0a6d33b539c24185735299385274b36babe3c3e3a0387df412cd5b007f'}, 'dob': {'date': '1984-11-16T16:49:14.070Z', 'age': 39}, 'registered': {'date': '2007-08-07T18:11:49.682Z', 'age': 16}, 'phone': '(068) Y91-0422', 'cell': '(066) Y62-7776', 'id': {'name': '', 'value': None}, 'picture': {'large': 'https://randomuser.me/api/portraits/women/73.jpg', 'medium': 'https://randomuser.me/api/portraits/med/women/73.jpg', 'thumbnail': 'https://randomuser.me/api/portraits/thumb/women/73.jpg'}, 'nat': 'UA'}</msg>
<arg>${json_data['results'][0]}</arg>
<doc>Logs the given message with the given level.</doc>
<status status="PASS" start="2024-04-22T12:27:06.396751" elapsed="0.000398"/>
</kw>
<kw name="Log" owner="BuiltIn">
<msg time="2024-04-22T12:27:06.397557" level="INFO">email</msg>
<arg>${key}</arg>
<doc>Logs the given message with the given level.</doc>
<status status="PASS" start="2024-04-22T12:27:06.397435" elapsed="0.000159"/>
</kw>
<var name="${key}">email</var>
<status status="PASS" start="2024-04-22T12:27:06.395901" elapsed="0.001908"/>
</iter>
<iter>
<kw name="Dictionary Should Contain Key" owner="Collections">
<msg time="2024-04-22T12:27:06.398460" level="INFO">False</msg>
<arg>${json_data['results'][0]}</arg>
<arg>${key}</arg>
<doc>Fails if ``key`` is not found from ``dictionary``.</doc>
<status status="PASS" start="2024-04-22T12:27:06.398085" elapsed="0.000411"/>
</kw>
<kw name="Log" owner="BuiltIn">
<msg time="2024-04-22T12:27:06.399155" level="INFO">{'gender': 'female', 'name': {'title': 'Mrs', 'first': 'Arsena', 'last': 'Guchok'}, 'location': {'street': {'number': 4186, 'name': 'Patriarha Volodimira Romanyuka'}, 'city': 'Stebnik', 'state': 'Cherkaska', 'country': 'Ukraine', 'postcode': 11779, 'coordinates': {'latitude': '75.7889', 'longitude': '18.8648'}, 'timezone': {'offset': '+8:00', 'description': 'Beijing, Perth, Singapore, Hong Kong'}}, 'email': 'arsena.guchok@example.com', 'login': {'uuid': '139d6cde-0d5d-4c72-b61d-e2b4c6ff3064', 'username': 'ticklishtiger266', 'password': 'ajax', 'salt': 'Zw2VDkoA', 'md5': '81a4e18e5fd5c0fefc3d8136031e8444', 'sha1': '637fc62c01f826e210c0f81b693fd44aac9c454a', 'sha256': 'c06e9f0a6d33b539c24185735299385274b36babe3c3e3a0387df412cd5b007f'}, 'dob': {'date': '1984-11-16T16:49:14.070Z', 'age': 39}, 'registered': {'date': '2007-08-07T18:11:49.682Z', 'age': 16}, 'phone': '(068) Y91-0422', 'cell': '(066) Y62-7776', 'id': {'name': '', 'value': None}, 'picture': {'large': 'https://randomuser.me/api/portraits/women/73.jpg', 'medium': 'https://randomuser.me/api/portraits/med/women/73.jpg', 'thumbnail': 'https://randomuser.me/api/portraits/thumb/women/73.jpg'}, 'nat': 'UA'}</msg>
<arg>${json_data['results'][0]}</arg>
<doc>Logs the given message with the given level.</doc>
<status status="PASS" start="2024-04-22T12:27:06.398794" elapsed="0.000409"/>
</kw>
<kw name="Log" owner="BuiltIn">
<msg time="2024-04-22T12:27:06.399616" level="INFO">login</msg>
<arg>${key}</arg>
<doc>Logs the given message with the given level.</doc>
<status status="PASS" start="2024-04-22T12:27:06.399494" elapsed="0.000159"/>
</kw>
<var name="${key}">login</var>
<status status="PASS" start="2024-04-22T12:27:06.397977" elapsed="0.001917"/>
</iter>
<var>${key}</var>
<value>@{expected_keys}</value>
<status status="PASS" start="2024-04-22T12:27:06.389384" elapsed="0.010630"/>
</for>
<kw name="Create List" owner="BuiltIn">
<msg time="2024-04-22T12:27:06.400346" level="INFO">${expected_keysTwo} = ['username', 'password']</msg>
<var>${expected_keysTwo}</var>
<arg>username</arg>
<arg>password</arg>
<doc>Returns a list containing given items.</doc>
<status status="PASS" start="2024-04-22T12:27:06.400202" elapsed="0.000167"/>
</kw>
<for flavor="IN">
<iter>
<kw name="Dictionary Should Contain Key" owner="Collections">
<msg time="2024-04-22T12:27:06.401271" level="INFO">False</msg>
<arg>${json_data['results'][0]['login']}</arg>
<arg>${keyTwo}</arg>
<doc>Fails if ``key`` is not found from ``dictionary``.</doc>
<status status="PASS" start="2024-04-22T12:27:06.400885" elapsed="0.000422"/>
</kw>
<kw name="Dictionary Should Contain Key" owner="Collections">
<msg time="2024-04-22T12:27:06.401972" level="INFO">False</msg>
<arg>${json_data['results'][0]['login']}</arg>
<arg>${keyTwo}</arg>
<doc>Fails if ``key`` is not found from ``dictionary``.</doc>
<status status="PASS" start="2024-04-22T12:27:06.401599" elapsed="0.000409"/>
</kw>
<kw name="Log" owner="BuiltIn">
<msg time="2024-04-22T12:27:06.402421" level="INFO">username</msg>
<arg>${keyTwo}</arg>
<doc>Logs the given message with the given level.</doc>
<status status="PASS" start="2024-04-22T12:27:06.402296" elapsed="0.000168"/>
</kw>
<var name="${keyTwo}">username</var>
<status status="PASS" start="2024-04-22T12:27:06.400777" elapsed="0.001903"/>
</iter>
<iter>
<kw name="Dictionary Should Contain Key" owner="Collections">
<msg time="2024-04-22T12:27:06.403335" level="INFO">False</msg>
<arg>${json_data['results'][0]['login']}</arg>
<arg>${keyTwo}</arg>
<doc>Fails if ``key`` is not found from ``dictionary``.</doc>
<status status="PASS" start="2024-04-22T12:27:06.402954" elapsed="0.000422"/>
</kw>
<kw name="Dictionary Should Contain Key" owner="Collections">
<msg time="2024-04-22T12:27:06.404129" level="INFO">False</msg>
<arg>${json_data['results'][0]['login']}</arg>
<arg>${keyTwo}</arg>
<doc>Fails if ``key`` is not found from ``dictionary``.</doc>
<status status="PASS" start="2024-04-22T12:27:06.403679" elapsed="0.000487"/>
</kw>
<kw name="Log" owner="BuiltIn">
<msg time="2024-04-22T12:27:06.404593" level="INFO">password</msg>
<arg>${keyTwo}</arg>
<doc>Logs the given message with the given level.</doc>
<status status="PASS" start="2024-04-22T12:27:06.404467" elapsed="0.000189"/>
</kw>
<var name="${keyTwo}">password</var>
<status status="PASS" start="2024-04-22T12:27:06.402848" elapsed="0.002033"/>
</iter>
<var>${keyTwo}</var>
<value>@{expected_keysTwo}</value>
<status status="PASS" start="2024-04-22T12:27:06.400602" elapsed="0.004397"/>
</for>
<status status="PASS" start="2024-04-22T12:27:06.291488" elapsed="0.113645"/>
</kw>
<doc>Testa a estrutura da resposta da API.</doc>
<tag>testeEstruturaResposta</tag>
<status status="PASS" start="2024-04-22T12:27:06.290670" elapsed="0.114610"/>
</test>
<test id="s1-s1-t4" name="Validar tipos de dados" line="28">
<kw name="Teste de Tipos de Dados" owner="random-user-service">
<kw name="GET On Session" owner="RequestsLibrary">
<msg time="2024-04-22T12:27:06.516742" level="INFO">GET Request : url=https://randomuser.me/api 
 path_url=/api 
 headers={'User-Agent': 'python-requests/2.31.0', 'Accept-Encoding': 'gzip, deflate', 'Accept': '*/*', 'Connection': 'keep-alive'} 
 body=None 
 </msg>
<msg time="2024-04-22T12:27:06.516805" level="INFO">GET Response : url=https://randomuser.me/api 
 status=200, reason=OK 
 headers={'Date': 'Mon, 22 Apr 2024 12:27:06 GMT', 'Content-Type': 'application/json; charset=utf-8', 'Transfer-Encoding': 'chunked', 'Connection': 'keep-alive', 'X-Powered-By': 'Express', 'Access-Control-Allow-Origin': '*', 'Cache-Control': 'no-cache', 'ETag': 'W/"49a-iMUYTkR5T1H8Dld9633Op/BWPnw"', 'Vary': 'Accept-Encoding', 'Content-Encoding': 'gzip', 'CF-Cache-Status': 'DYNAMIC', 'Report-To': '{"endpoints":[{"url":"https:\\/\\/a.nel.cloudflare.com\\/report\\/v4?s=jZh8%2BEcEgz8CKkiLsM5Jwv2shuPDV3IiMA4DHxMNn9e1vsgtw46WG1Zli7ePtGB6m2nfrqE2mnGjNDp3UqH3Bv2g4lAduD5pvvabpvJD1cA1NlgKL%2FmchN7vDB%2Fmyays"}],"group":"cf-nel","max_age":604800}', 'NEL': '{"success_fraction":0,"report_to":"cf-nel","max_age":604800}', 'Server': 'cloudflare', 'CF-RAY': '87859b2518bb5b34-IAD', 'alt-svc': 'h3=":443"; ma=86400'} 
 body={"results":[{"gender":"male","name":{"title":"Mr","first":"Sebastian","last":"Pruijssers"},"location":{"street":{"number":566,"name":"Korte Poten"},"city":"Oijen","state":"Drenthe","country":"Netherlands","postcode":"4105 ET","coordinates":{"latitude":"31.8571","longitude":"-78.5726"},"timezone":{"offset":"+8:00","description":"Beijing, Perth, Singapore, Hong Kong"}},"email":"sebastian.pruijssers@example.com","login":{"uuid":"d8d0fa03-c775-4fca-86c0-5767e2fe2f4d","username":"smallbird400","password":"gasman","salt":"WDBw8YOs","md5":"540f64f17c95168907298b0a56b8f333","sha1":"2f34b09361d202360e3bc63640f2c4f9fd668638","sha256":"4f232a14057462ce832326d3adfe634ac475fe2717521b10baeec38180564416"},"dob":{"date":"1970-09-27T06:12:41.744Z","age":53},"registered":{"date":"2010-02-23T08:57:55.880Z","age":14},"phone":"(0632) 591810","cell":"(06) 96027813","id":{"name":"BSN","value":"64765479"},"picture":{"large":"https://randomuser.me/api/portraits/men/47.jpg","medium":"https://randomuser.me/api/portraits/med/men/47.jpg","thumbnail":"https://randomuser.me/api/portraits/thumb/men/47.jpg"},"nat":"NL"}],"info":{"seed":"3a7be9f2d96d5b61","results":1,"page":1,"version":"1.4"}} 
 </msg>
<msg time="2024-04-22T12:27:06.516863" level="INFO">/opt/hostedtoolcache/Python/3.12.3/x64/lib/python3.12/site-packages/urllib3/connectionpool.py:1103: InsecureRequestWarning: Unverified HTTPS request is being made to host 'randomuser.me'. Adding certificate verification is strongly advised. See: https://urllib3.readthedocs.io/en/latest/advanced-usage.html#tls-warnings
  warnings.warn(</msg>
<msg time="2024-04-22T12:27:06.516947" level="INFO">${response} = &lt;Response [200]&gt;</msg>
<var>${response}</var>
<arg>consultarAPI</arg>
<arg>/api</arg>
<doc>Sends a GET request on a previously created HTTP Session.</doc>
<status status="PASS" start="2024-04-22T12:27:06.407681" elapsed="0.109299"/>
</kw>
<kw name="Set Variable" owner="BuiltIn">
<msg time="2024-04-22T12:27:06.517795" level="INFO">${json_data} = {'results': [{'gender': 'male', 'name': {'title': 'Mr', 'first': 'Sebastian', 'last': 'Pruijssers'}, 'location': {'street': {'number': 566, 'name': 'Korte Poten'}, 'city': 'Oijen', 'state': 'Drenthe',...</msg>
<var>${json_data}</var>
<arg>${response.json()}</arg>
<doc>Returns the given values which can then be assigned to a variables.</doc>
<status status="PASS" start="2024-04-22T12:27:06.517354" elapsed="0.000468"/>
</kw>
<kw name="Log" owner="BuiltIn">
<msg time="2024-04-22T12:27:06.518282" level="INFO">{'results': [{'gender': 'male', 'name': {'title': 'Mr', 'first': 'Sebastian', 'last': 'Pruijssers'}, 'location': {'street': {'number': 566, 'name': 'Korte Poten'}, 'city': 'Oijen', 'state': 'Drenthe', 'country': 'Netherlands', 'postcode': '4105 ET', 'coordinates': {'latitude': '31.8571', 'longitude': '-78.5726'}, 'timezone': {'offset': '+8:00', 'description': 'Beijing, Perth, Singapore, Hong Kong'}}, 'email': 'sebastian.pruijssers@example.com', 'login': {'uuid': 'd8d0fa03-c775-4fca-86c0-5767e2fe2f4d', 'username': 'smallbird400', 'password': 'gasman', 'salt': 'WDBw8YOs', 'md5': '540f64f17c95168907298b0a56b8f333', 'sha1': '2f34b09361d202360e3bc63640f2c4f9fd668638', 'sha256': '4f232a14057462ce832326d3adfe634ac475fe2717521b10baeec38180564416'}, 'dob': {'date': '1970-09-27T06:12:41.744Z', 'age': 53}, 'registered': {'date': '2010-02-23T08:57:55.880Z', 'age': 14}, 'phone': '(0632) 591810', 'cell': '(06) 96027813', 'id': {'name': 'BSN', 'value': '64765479'}, 'picture': {'large': 'https://randomuser.me/api/portraits/men/47.jpg', 'medium': 'https://randomuser.me/api/portraits/med/men/47.jpg', 'thumbnail': 'https://randomuser.me/api/portraits/thumb/men/47.jpg'}, 'nat': 'NL'}], 'info': {'seed': '3a7be9f2d96d5b61', 'results': 1, 'page': 1, 'version': '1.4'}}</msg>
<arg>${json_data}</arg>
<doc>Logs the given message with the given level.</doc>
<status status="PASS" start="2024-04-22T12:27:06.518129" elapsed="0.000232"/>
</kw>
<kw name="Should Be String" owner="String">
<arg>${json_data['results'][0]['gender']}</arg>
<doc>Fails if the given ``item`` is not a string.</doc>
<status status="PASS" start="2024-04-22T12:27:06.518665" elapsed="0.000352"/>
</kw>
<kw name="Should Match Regexp" owner="BuiltIn">
<arg>${json_data['results'][0]['email']}</arg>
<arg>^[a-zA-Z0-9._%+-]+@[a-zA-Z0-9.-]+\.[a-zA-Z]{2,}$</arg>
<doc>Fails if ``string`` does not match ``pattern`` as a regular expression.</doc>
<status status="PASS" start="2024-04-22T12:27:06.519205" elapsed="0.000500"/>
</kw>
<kw name="Should Match Regexp" owner="BuiltIn">
<arg>${json_data['results'][0]['dob']['date']}</arg>
<arg>\\d{4}-\\d{2}-\\d{2}T\\d{2}:\\d{2}:\\d{2}\\.\\d{3}Z</arg>
<doc>Fails if ``string`` does not match ``pattern`` as a regular expression.</doc>
<status status="PASS" start="2024-04-22T12:27:06.519898" elapsed="0.000494"/>
</kw>
<kw name="Should Match Regexp" owner="BuiltIn">
<arg>${json_data['results'][0]['registered']['date']}</arg>
<arg>\\d{4}-\\d{2}-\\d{2}T\\d{2}:\\d{2}:\\d{2}\\.\\d{3}Z</arg>
<doc>Fails if ``string`` does not match ``pattern`` as a regular expression.</doc>
<status status="PASS" start="2024-04-22T12:27:06.520594" elapsed="0.000425"/>
</kw>
<kw name="Should Match Regexp" owner="BuiltIn">
<arg>${json_data['results'][0]['picture']['large']}</arg>
<arg>^https?://.*\.(?:png|jpe?g|gif|bmp)$</arg>
<doc>Fails if ``string`` does not match ``pattern`` as a regular expression.</doc>
<status status="PASS" start="2024-04-22T12:27:06.521210" elapsed="0.000467"/>
</kw>
<kw name="Should Match Regexp" owner="BuiltIn">
<arg>${json_data['results'][0]['picture']['medium']}</arg>
<arg>^https?://.*\.(?:png|jpe?g|gif|bmp)$</arg>
<doc>Fails if ``string`` does not match ``pattern`` as a regular expression.</doc>
<status status="PASS" start="2024-04-22T12:27:06.521880" elapsed="0.000381"/>
</kw>
<kw name="Should Match Regexp" owner="BuiltIn">
<arg>${json_data['results'][0]['picture']['thumbnail']}</arg>
<arg>^https?://.*\.(?:png|jpe?g|gif|bmp)$</arg>
<doc>Fails if ``string`` does not match ``pattern`` as a regular expression.</doc>
<status status="PASS" start="2024-04-22T12:27:06.522448" elapsed="0.000346"/>
</kw>
<kw name="Log" owner="BuiltIn">
<msg time="2024-04-22T12:27:06.523297" level="INFO">{'large': 'https://randomuser.me/api/portraits/men/47.jpg', 'medium': 'https://randomuser.me/api/portraits/med/men/47.jpg', 'thumbnail': 'https://randomuser.me/api/portraits/thumb/men/47.jpg'}</msg>
<arg>${json_data['results'][0]['picture']}</arg>
<doc>Logs the given message with the given level.</doc>
<status status="PASS" start="2024-04-22T12:27:06.522973" elapsed="0.000364"/>
</kw>
<status status="PASS" start="2024-04-22T12:27:06.407451" elapsed="0.116134"/>
</kw>
<kw name="Teste de Tipos de Dados - Postcode" owner="random-user-service">
<kw name="GET On Session" owner="RequestsLibrary">
<msg time="2024-04-22T12:27:06.597921" level="INFO">GET Request : url=https://randomuser.me/api 
 path_url=/api 
 headers={'User-Agent': 'python-requests/2.31.0', 'Accept-Encoding': 'gzip, deflate', 'Accept': '*/*', 'Connection': 'keep-alive'} 
 body=None 
 </msg>
<msg time="2024-04-22T12:27:06.598008" level="INFO">GET Response : url=https://randomuser.me/api 
 status=200, reason=OK 
 headers={'Date': 'Mon, 22 Apr 2024 12:27:06 GMT', 'Content-Type': 'application/json; charset=utf-8', 'Transfer-Encoding': 'chunked', 'Connection': 'keep-alive', 'X-Powered-By': 'Express', 'Access-Control-Allow-Origin': '*', 'Cache-Control': 'no-cache', 'ETag': 'W/"483-cEv/2mIHY7DpvuJoUET7+13MPpM"', 'Vary': 'Accept-Encoding', 'Content-Encoding': 'gzip', 'CF-Cache-Status': 'DYNAMIC', 'Report-To': '{"endpoints":[{"url":"https:\\/\\/a.nel.cloudflare.com\\/report\\/v4?s=hhjsoSdnRJzADJbUSj%2FzUyTMWUgt2Bv1IMngiurOSwqdVpyCAIqSMvMcW68VnZQxYavXpeM%2Bf6XaS5f3Rt7yeUyQzp2KymgUz8LV5xmwzzd9RnG%2BYZB1O%2BGqWmNOoYiY"}],"group":"cf-nel","max_age":604800}', 'NEL': '{"success_fraction":0,"report_to":"cf-nel","max_age":604800}', 'Server': 'cloudflare', 'CF-RAY': '87859b25c9735b34-IAD', 'alt-svc': 'h3=":443"; ma=86400'} 
 body={"results":[{"gender":"female","name":{"title":"Mrs","first":"تینا","last":"جعفری"},"location":{"street":{"number":7996,"name":"میدان حر"},"city":"ورامین","state":"خوزستان","country":"Iran","postcode":53300,"coordinates":{"latitude":"15.8531","longitude":"125.0013"},"timezone":{"offset":"+9:30","description":"Adelaide, Darwin"}},"email":"tyn.jaafry@example.com","login":{"uuid":"41aecbd6-7f8b-4247-a329-9d30684d32f3","username":"organicmouse863","password":"bush","salt":"8GTkqCAp","md5":"e97e5d25a3d032488cbaa5bdaaa5cd25","sha1":"cb6a3688e7b9ae681f8bc1285021e703e5513ac5","sha256":"7e5a6b51cea9457bd5d9bcb26e9375106cb1319eff553dc93f5fd16c09777c91"},"dob":{"date":"1957-05-19T01:40:19.137Z","age":66},"registered":{"date":"2002-09-13T11:28:39.109Z","age":21},"phone":"052-82192328","cell":"0933-977-3202","id":{"name":"","value":null},"picture":{"large":"https://randomuser.me/api/portraits/women/39.jpg","medium":"https://randomuser.me/api/portraits/med/women/39.jpg","thumbnail":"https://randomuser.me/api/portraits/thumb/women/39.jpg"},"nat":"IR"}],"info":{"seed":"3d18b4cde3e8feb0","results":1,"page":1,"version":"1.4"}} 
 </msg>
<msg time="2024-04-22T12:27:06.598085" level="INFO">/opt/hostedtoolcache/Python/3.12.3/x64/lib/python3.12/site-packages/urllib3/connectionpool.py:1103: InsecureRequestWarning: Unverified HTTPS request is being made to host 'randomuser.me'. Adding certificate verification is strongly advised. See: https://urllib3.readthedocs.io/en/latest/advanced-usage.html#tls-warnings
  warnings.warn(</msg>
<msg time="2024-04-22T12:27:06.598212" level="INFO">${response} = &lt;Response [200]&gt;</msg>
<var>${response}</var>
<arg>consultarAPI</arg>
<arg>/api</arg>
<doc>Sends a GET request on a previously created HTTP Session.</doc>
<status status="PASS" start="2024-04-22T12:27:06.524016" elapsed="0.074247"/>
</kw>
<kw name="Set Variable" owner="BuiltIn">
<msg time="2024-04-22T12:27:06.599205" level="INFO">${json_data} = {'results': [{'gender': 'female', 'name': {'title': 'Mrs', 'first': 'تینا', 'last': 'جعفری'}, 'location': {'street': {'number': 7996, 'name': 'میدان حر'}, 'city': 'ورامین', 'state': 'خوزستان', 'countr...</msg>
<var>${json_data}</var>
<arg>${response.json()}</arg>
<doc>Returns the given values which can then be assigned to a variables.</doc>
<status status="PASS" start="2024-04-22T12:27:06.598692" elapsed="0.000543"/>
</kw>
<kw name="Log" owner="BuiltIn">
<msg time="2024-04-22T12:27:06.599692" level="INFO">{'results': [{'gender': 'female', 'name': {'title': 'Mrs', 'first': 'تینا', 'last': 'جعفری'}, 'location': {'street': {'number': 7996, 'name': 'میدان حر'}, 'city': 'ورامین', 'state': 'خوزستان', 'country': 'Iran', 'postcode': 53300, 'coordinates': {'latitude': '15.8531', 'longitude': '125.0013'}, 'timezone': {'offset': '+9:30', 'description': 'Adelaide, Darwin'}}, 'email': 'tyn.jaafry@example.com', 'login': {'uuid': '41aecbd6-7f8b-4247-a329-9d30684d32f3', 'username': 'organicmouse863', 'password': 'bush', 'salt': '8GTkqCAp', 'md5': 'e97e5d25a3d032488cbaa5bdaaa5cd25', 'sha1': 'cb6a3688e7b9ae681f8bc1285021e703e5513ac5', 'sha256': '7e5a6b51cea9457bd5d9bcb26e9375106cb1319eff553dc93f5fd16c09777c91'}, 'dob': {'date': '1957-05-19T01:40:19.137Z', 'age': 66}, 'registered': {'date': '2002-09-13T11:28:39.109Z', 'age': 21}, 'phone': '052-82192328', 'cell': '0933-977-3202', 'id': {'name': '', 'value': None}, 'picture': {'large': 'https://randomuser.me/api/portraits/women/39.jpg', 'medium': 'https://randomuser.me/api/portraits/med/women/39.jpg', 'thumbnail': 'https://randomuser.me/api/portraits/thumb/women/39.jpg'}, 'nat': 'IR'}], 'info': {'seed': '3d18b4cde3e8feb0', 'results': 1, 'page': 1, 'version': '1.4'}}</msg>
<arg>${json_data}</arg>
<doc>Logs the given message with the given level.</doc>
<status status="PASS" start="2024-04-22T12:27:06.599539" elapsed="0.000242"/>
</kw>
<kw name="Should Be Equal As Numbers" owner="BuiltIn">
<arg>${json_data['results'][0]['location']['postcode']}</arg>
<arg>${json_data['results'][0]['location']['postcode']}</arg>
<doc>Fails if objects are unequal after converting them to real numbers.</doc>
<status status="PASS" start="2024-04-22T12:27:06.600080" elapsed="0.000795"/>
</kw>
<kw name="Log" owner="BuiltIn">
<msg time="2024-04-22T12:27:06.601403" level="INFO">53300</msg>
<arg>${json_data['results'][0]['location']['postcode']}</arg>
<doc>Logs the given message with the given level.</doc>
<status status="PASS" start="2024-04-22T12:27:06.601069" elapsed="0.000374"/>
</kw>
<status status="PASS" start="2024-04-22T12:27:06.523793" elapsed="0.077897"/>
</kw>
<doc>Testa se os tipos de dados na resposta da API estão corretos.</doc>
<tag>testeTiposDados</tag>
<status status="PASS" start="2024-04-22T12:27:06.407010" elapsed="0.194840"/>
</test>
<test id="s1-s1-t5" name="Validar conteudo" line="35">
<kw name="Teste de Tipos de Conteudo" owner="random-user-service">
<kw name="GET On Session" owner="RequestsLibrary">
<msg time="2024-04-22T12:27:06.678720" level="INFO">GET Request : url=https://randomuser.me/api 
 path_url=/api 
 headers={'User-Agent': 'python-requests/2.31.0', 'Accept-Encoding': 'gzip, deflate', 'Accept': '*/*', 'Connection': 'keep-alive'} 
 body=None 
 </msg>
<msg time="2024-04-22T12:27:06.678790" level="INFO">GET Response : url=https://randomuser.me/api 
 status=200, reason=OK 
 headers={'Date': 'Mon, 22 Apr 2024 12:27:06 GMT', 'Content-Type': 'application/json; charset=utf-8', 'Transfer-Encoding': 'chunked', 'Connection': 'keep-alive', 'X-Powered-By': 'Express', 'Access-Control-Allow-Origin': '*', 'Cache-Control': 'no-cache', 'ETag': 'W/"4a1-qtn3CeLwx+8YBIPN7cJTpxvBjAg"', 'Vary': 'Accept-Encoding', 'Content-Encoding': 'gzip', 'CF-Cache-Status': 'DYNAMIC', 'Report-To': '{"endpoints":[{"url":"https:\\/\\/a.nel.cloudflare.com\\/report\\/v4?s=gSdFiBHreQSb%2By6DlM55poWtPCNg0AbHNY5HyPVwvZxS2p5IAMbsDc%2F8L7C56WkUN7apl2znvXeqJebJFc%2Fop6DGrcBX2T%2BX3NLKqjfotW72nEAH7p20Dl5mFtxUdtsi"}],"group":"cf-nel","max_age":604800}', 'NEL': '{"success_fraction":0,"report_to":"cf-nel","max_age":604800}', 'Server': 'cloudflare', 'CF-RAY': '87859b2649db5b34-IAD', 'alt-svc': 'h3=":443"; ma=86400'} 
 body={"results":[{"gender":"female","name":{"title":"Mrs","first":"Elsa","last":"Niemi"},"location":{"street":{"number":3232,"name":"Pirkankatu"},"city":"Merijärvi","state":"Päijät-Häme","country":"Finland","postcode":75370,"coordinates":{"latitude":"-22.1175","longitude":"78.2039"},"timezone":{"offset":"+1:00","description":"Brussels, Copenhagen, Madrid, Paris"}},"email":"elsa.niemi@example.com","login":{"uuid":"2aa75889-bd26-4251-8f31-39b22e26d7ae","username":"beautifulelephant642","password":"clovis","salt":"3iziwgb7","md5":"a147e9cf6bdc0ed482d8a584985c17f0","sha1":"9096215120f12786aeeb59403a7406647901616e","sha256":"123aef35462be49839ea7f17f0848caf03850133687e82782a8b421ccdc34f2a"},"dob":{"date":"1986-01-08T17:18:56.503Z","age":38},"registered":{"date":"2005-10-21T05:22:02.439Z","age":18},"phone":"09-148-469","cell":"048-999-39-28","id":{"name":"HETU","value":"NaNNA736undefined"},"picture":{"large":"https://randomuser.me/api/portraits/women/14.jpg","medium":"https://randomuser.me/api/portraits/med/women/14.jpg","thumbnail":"https://randomuser.me/api/portraits/thumb/women/14.jpg"},"nat":"FI"}],"info":{"seed":"71ef02adf3e0a9a2","results":1,"page":1,"version":"1.4"}} 
 </msg>
<msg time="2024-04-22T12:27:06.678850" level="INFO">/opt/hostedtoolcache/Python/3.12.3/x64/lib/python3.12/site-packages/urllib3/connectionpool.py:1103: InsecureRequestWarning: Unverified HTTPS request is being made to host 'randomuser.me'. Adding certificate verification is strongly advised. See: https://urllib3.readthedocs.io/en/latest/advanced-usage.html#tls-warnings
  warnings.warn(</msg>
<msg time="2024-04-22T12:27:06.678962" level="INFO">${response} = &lt;Response [200]&gt;</msg>
<var>${response}</var>
<arg>consultarAPI</arg>
<arg>/api</arg>
<doc>Sends a GET request on a previously created HTTP Session.</doc>
<status status="PASS" start="2024-04-22T12:27:06.604560" elapsed="0.074442"/>
</kw>
<kw name="Set Variable" owner="BuiltIn">
<msg time="2024-04-22T12:27:06.679846" level="INFO">${json_data} = {'results': [{'gender': 'female', 'name': {'title': 'Mrs', 'first': 'Elsa', 'last': 'Niemi'}, 'location': {'street': {'number': 3232, 'name': 'Pirkankatu'}, 'city': 'Merijärvi', 'state': 'Päijät-Häme'...</msg>
<var>${json_data}</var>
<arg>${response.json()}</arg>
<doc>Returns the given values which can then be assigned to a variables.</doc>
<status status="PASS" start="2024-04-22T12:27:06.679381" elapsed="0.000495"/>
</kw>
<kw name="Set Variable" owner="BuiltIn">
<msg time="2024-04-22T12:27:06.680598" level="INFO">${name_title} = Mrs</msg>
<var>${name_title}</var>
<arg>${json_data["results"][0]["name"]["title"]}</arg>
<doc>Returns the given values which can then be assigned to a variables.</doc>
<status status="PASS" start="2024-04-22T12:27:06.680188" elapsed="0.000471"/>
</kw>
<kw name="Create List" owner="BuiltIn">
<msg time="2024-04-22T12:27:06.681135" level="INFO">${allowed_titles} = ['Mr', 'Ms', 'Miss', 'Mrs', 'Madame', 'Monsieur']</msg>
<var>${allowed_titles}</var>
<arg>Mr</arg>
<arg>Ms</arg>
<arg>Miss</arg>
<arg>Mrs</arg>
<arg>Madame</arg>
<arg>Monsieur</arg>
<doc>Returns a list containing given items.</doc>
<status status="PASS" start="2024-04-22T12:27:06.680985" elapsed="0.000175"/>
</kw>
<kw name="List Should Contain Value" owner="Collections">
<msg time="2024-04-22T12:27:06.681634" level="INFO">False</msg>
<arg>${allowed_titles}</arg>
<arg>${name_title}</arg>
<doc>Fails if the ``value`` is not found from ``list``.</doc>
<status status="PASS" start="2024-04-22T12:27:06.681460" elapsed="0.000211"/>
</kw>
<kw name="Set Variable" owner="BuiltIn">
<msg time="2024-04-22T12:27:06.682386" level="INFO">${name_country} = FI</msg>
<var>${name_country}</var>
<arg>${json_data["results"][0]["nat"]}</arg>
<doc>Returns the given values which can then be assigned to a variables.</doc>
<status status="PASS" start="2024-04-22T12:27:06.681973" elapsed="0.000447"/>
</kw>
<kw name="Create List" owner="BuiltIn">
<msg time="2024-04-22T12:27:06.683331" level="INFO">${list_country} = ['AD', 'AE', 'AF', 'AG', 'AI', 'AL', 'AM', 'AO', 'AQ', 'AR', 'AS', 'AT', 'AU', 'AW', 'AX', 'AZ', 'BA', 'BB', 'BD', 'BE', 'BF', 'BG', 'BH', 'BI', 'BJ', 'BL', 'BM', 'BN', 'BO', 'BQ', 'BR', 'BS', 'BT', '...</msg>
<var>${list_country}</var>
<arg>AD</arg>
<arg>AE</arg>
<arg>AF</arg>
<arg>AG</arg>
<arg>AI</arg>
<arg>AL</arg>
<arg>AM</arg>
<arg>AO</arg>
<arg>AQ</arg>
<arg>AR</arg>
<arg>AS</arg>
<arg>AT</arg>
<arg>AU</arg>
<arg>AW</arg>
<arg>AX</arg>
<arg>AZ</arg>
<arg>BA</arg>
<arg>BB</arg>
<arg>BD</arg>
<arg>BE</arg>
<arg>BF</arg>
<arg>BG</arg>
<arg>BH</arg>
<arg>BI</arg>
<arg>BJ</arg>
<arg>BL</arg>
<arg>BM</arg>
<arg>BN</arg>
<arg>BO</arg>
<arg>BQ</arg>
<arg>BR</arg>
<arg>BS</arg>
<arg>BT</arg>
<arg>BV</arg>
<arg>BW</arg>
<arg>BY</arg>
<arg>BZ</arg>
<arg>CA</arg>
<arg>CC</arg>
<arg>CD</arg>
<arg>CF</arg>
<arg>CG</arg>
<arg>CH</arg>
<arg>CI</arg>
<arg>CK</arg>
<arg>CL</arg>
<arg>CM</arg>
<arg>CN</arg>
<arg>CO</arg>
<arg>CR</arg>
<arg>CU</arg>
<arg>CV</arg>
<arg>CW</arg>
<arg>CX</arg>
<arg>CY</arg>
<arg>CZ</arg>
<arg>DE</arg>
<arg>DJ</arg>
<arg>DK</arg>
<arg>DM</arg>
<arg>DO</arg>
<arg>DZ</arg>
<arg>EC</arg>
<arg>EE</arg>
<arg>EG</arg>
<arg>EH</arg>
<arg>ER</arg>
<arg>ES</arg>
<arg>ET</arg>
<arg>FI</arg>
<arg>FJ</arg>
<arg>FK</arg>
<arg>FM</arg>
<arg>FO</arg>
<arg>FR</arg>
<arg>GA</arg>
<arg>GB</arg>
<arg>GD</arg>
<arg>GE</arg>
<arg>GF</arg>
<arg>GG</arg>
<arg>GH</arg>
<arg>GI</arg>
<arg>GL</arg>
<arg>GM</arg>
<arg>GN</arg>
<arg>GP</arg>
<arg>GQ</arg>
<arg>GR</arg>
<arg>GS</arg>
<arg>GT</arg>
<arg>GU</arg>
<arg>GW</arg>
<arg>GY</arg>
<arg>HK</arg>
<arg>HM</arg>
<arg>HN</arg>
<arg>HR</arg>
<arg>HT</arg>
<arg>HU</arg>
<arg>ID</arg>
<arg>IE</arg>
<arg>IL</arg>
<arg>IM</arg>
<arg>IN</arg>
<arg>IO</arg>
<arg>IQ</arg>
<arg>IR</arg>
<arg>IS</arg>
<arg>IT</arg>
<arg>JE</arg>
<arg>JM</arg>
<arg>JO</arg>
<arg>JP</arg>
<arg>KE</arg>
<arg>KG</arg>
<arg>KH</arg>
<arg>KI</arg>
<arg>KM</arg>
<arg>KN</arg>
<arg>KP</arg>
<arg>KR</arg>
<arg>KW</arg>
<arg>KY</arg>
<arg>KZ</arg>
<arg>LA</arg>
<arg>LB</arg>
<arg>LC</arg>
<arg>LI</arg>
<arg>LK</arg>
<arg>LR</arg>
<arg>LS</arg>
<arg>LT</arg>
<arg>LU</arg>
<arg>LV</arg>
<arg>LY</arg>
<arg>MA</arg>
<arg>MC</arg>
<arg>MD</arg>
<arg>ME</arg>
<arg>MF</arg>
<arg>MG</arg>
<arg>MH</arg>
<arg>MK</arg>
<arg>ML</arg>
<arg>MM</arg>
<arg>MN</arg>
<arg>MO</arg>
<arg>MP</arg>
<arg>MQ</arg>
<arg>MR</arg>
<arg>MS</arg>
<arg>MT</arg>
<arg>MU</arg>
<arg>MV</arg>
<arg>MW</arg>
<arg>MX</arg>
<arg>MY</arg>
<arg>MZ</arg>
<arg>NA</arg>
<arg>NC</arg>
<arg>NE</arg>
<arg>NF</arg>
<arg>NG</arg>
<arg>NI</arg>
<arg>NL</arg>
<arg>NO</arg>
<arg>NP</arg>
<arg>NR</arg>
<arg>NU</arg>
<arg>NZ</arg>
<arg>OM</arg>
<arg>PA</arg>
<arg>PE</arg>
<arg>PF</arg>
<arg>PG</arg>
<arg>PH</arg>
<arg>PK</arg>
<arg>PL</arg>
<arg>PM</arg>
<arg>PN</arg>
<arg>PR</arg>
<arg>PS</arg>
<arg>PT</arg>
<arg>PW</arg>
<arg>PY</arg>
<arg>QA</arg>
<arg>RE</arg>
<arg>RO</arg>
<arg>RS</arg>
<arg>RU</arg>
<arg>RW</arg>
<arg>SA</arg>
<arg>SB</arg>
<arg>SC</arg>
<arg>SD</arg>
<arg>SE</arg>
<arg>SG</arg>
<arg>SH</arg>
<arg>SI</arg>
<arg>SJ</arg>
<arg>SK</arg>
<arg>SL</arg>
<arg>SM</arg>
<arg>SN</arg>
<arg>SO</arg>
<arg>SR</arg>
<arg>SS</arg>
<arg>ST</arg>
<arg>SV</arg>
<arg>SX</arg>
<arg>SY</arg>
<arg>SZ</arg>
<arg>TC</arg>
<arg>TD</arg>
<arg>TF</arg>
<arg>TG</arg>
<arg>TH</arg>
<arg>TJ</arg>
<arg>TK</arg>
<arg>TL</arg>
<arg>TM</arg>
<arg>TN</arg>
<arg>TO</arg>
<arg>TR</arg>
<arg>TT</arg>
<arg>TV</arg>
<arg>TW</arg>
<arg>TZ</arg>
<arg>UA</arg>
<arg>UG</arg>
<arg>UM</arg>
<arg>US</arg>
<arg>UY</arg>
<arg>UZ</arg>
<arg>VA</arg>
<arg>VC</arg>
<arg>VE</arg>
<arg>VG</arg>
<arg>VI</arg>
<arg>VN</arg>
<arg>VU</arg>
<arg>WF</arg>
<arg>WS</arg>
<arg>XK</arg>
<arg>YE</arg>
<arg>YT</arg>
<arg>ZA</arg>
<arg>ZM</arg>
<arg>ZW</arg>
<doc>Returns a list containing given items.</doc>
<status status="PASS" start="2024-04-22T12:27:06.682744" elapsed="0.000612"/>
</kw>
<kw name="List Should Contain Value" owner="Collections">
<msg time="2024-04-22T12:27:06.684356" level="INFO">False</msg>
<arg>${list_country}</arg>
<arg>${name_country}</arg>
<doc>Fails if the ``value`` is not found from ``list``.</doc>
<status status="PASS" start="2024-04-22T12:27:06.684159" elapsed="0.000233"/>
</kw>
<kw name="Run Keyword If" owner="BuiltIn">
<kw name="Should Be True" owner="BuiltIn">
<arg>${True}</arg>
<doc>Fails if the given condition is not true.</doc>
<status status="PASS" start="2024-04-22T12:27:06.685475" elapsed="0.000142"/>
</kw>
<arg>${json_data["results"][0]["location"]["coordinates"]["latitude"]} &gt;= -90 and ${json_data["results"][0]["location"]["coordinates"]["latitude"]} &lt;= 90</arg>
<arg>Should Be True</arg>
<arg>${True}</arg>
<doc>Runs the given keyword with the given arguments, if ``condition`` is true.</doc>
<status status="PASS" start="2024-04-22T12:27:06.684721" elapsed="0.001022"/>
</kw>
<kw name="Run Keyword If" owner="BuiltIn">
<kw name="Should Be True" owner="BuiltIn">
<arg>${True}</arg>
<doc>Fails if the given condition is not true.</doc>
<status status="PASS" start="2024-04-22T12:27:06.686614" elapsed="0.000243"/>
</kw>
<arg>${json_data["results"][0]["location"]["coordinates"]["longitude"]} &gt;= -180 and ${json_data["results"][0]["location"]["coordinates"]["longitude"]} &lt;= 180</arg>
<arg>Should Be True</arg>
<arg>${True}</arg>
<doc>Runs the given keyword with the given arguments, if ``condition`` is true.</doc>
<status status="PASS" start="2024-04-22T12:27:06.685928" elapsed="0.001057"/>
</kw>
<status status="PASS" start="2024-04-22T12:27:06.604199" elapsed="0.082917"/>
</kw>
<doc>Testa o conteúdo específico dos campos retornados pela API.</doc>
<tag>testeConteudo</tag>
<status status="PASS" start="2024-04-22T12:27:06.603568" elapsed="0.083697"/>
</test>
<status status="PASS" start="2024-04-22T12:27:05.774574" elapsed="0.914614"/>
</suite>
<status status="PASS" start="2024-04-22T12:27:05.761189" elapsed="0.933027"/>
</suite>
<statistics>
<total>
<stat pass="5" fail="0" skip="0">All Tests</stat>
</total>
<tag>
<stat pass="1" fail="0" skip="0">testeConteudo</stat>
<stat pass="1" fail="0" skip="0">testeEstruturaResposta</stat>
<stat pass="1" fail="0" skip="0">testeRequisicaoBasica</stat>
<stat pass="1" fail="0" skip="0">testeTiposDados</stat>
</tag>
<suite>
<stat pass="5" fail="0" skip="0" id="s1" name="Tests">Tests</stat>
<stat pass="5" fail="0" skip="0" id="s1-s1" name="Random-User-Test">Tests.Random-User-Test</stat>
</suite>
</statistics>
<errors>
</errors>
</robot>
