<?xml version="1.0" encoding="UTF-8"?>
<robot generator="Robot 7.0 (Python 3.12.2 on linux)" generated="2024-03-25T02:22:40.540115" rpa="false" schemaversion="5">
<suite id="s1" name="Tests" source="/home/runner/work/DesafioQAItauRogerioJordao/DesafioQAItauRogerioJordao/RamdonUser/tests">
<suite id="s1-s1" name="Random-User-Test" source="/home/runner/work/DesafioQAItauRogerioJordao/DesafioQAItauRogerioJordao/RamdonUser/tests/random-user-test.robot">
<test id="s1-s1-t1" name="Conectar" line="13">
<kw name="Conectar API" owner="random-user-service">
<kw name="Create Session" owner="RequestsLibrary">
<msg time="2024-03-25T02:22:40.926393" level="INFO">Creating Session using : alias=consultarAPI, url=https://randomuser.me/, headers={},                     cookies={}, auth=None, timeout=None, proxies=None, verify=False,                     debug=0 </msg>
<arg>consultarAPI</arg>
<arg>${URL}</arg>
<doc>Create Session: create a HTTP session to a server</doc>
<status status="PASS" start="2024-03-25T02:22:40.926165" elapsed="0.000431"/>
</kw>
<status status="PASS" start="2024-03-25T02:22:40.925033" elapsed="0.001965"/>
</kw>
<status status="PASS" start="2024-03-25T02:22:40.924390" elapsed="0.002825"/>
</test>
<test id="s1-s1-t2" name="Validar retorno 200 e JSON Válido" line="16">
<kw name="Teste de Requisicao Basica" owner="random-user-service">
<kw name="GET On Session" owner="RequestsLibrary">
<msg time="2024-03-25T02:22:41.143671" level="INFO">GET Request : url=https://randomuser.me/api 
 path_url=/api 
 headers={'User-Agent': 'python-requests/2.31.0', 'Accept-Encoding': 'gzip, deflate', 'Accept': '*/*', 'Connection': 'keep-alive'} 
 body=None 
 </msg>
<msg time="2024-03-25T02:22:41.143865" level="INFO">GET Response : url=https://randomuser.me/api 
 status=200, reason=OK 
 headers={'Date': 'Mon, 25 Mar 2024 02:22:41 GMT', 'Content-Type': 'application/json; charset=utf-8', 'Transfer-Encoding': 'chunked', 'Connection': 'keep-alive', 'X-Powered-By': 'Express', 'Access-Control-Allow-Origin': '*', 'Cache-Control': 'no-cache', 'ETag': 'W/"46f-7eO//BWEgHdJ2O1na39wCqs80gc"', 'Vary': 'Accept-Encoding', 'Content-Encoding': 'gzip', 'CF-Cache-Status': 'DYNAMIC', 'Report-To': '{"endpoints":[{"url":"https:\\/\\/a.nel.cloudflare.com\\/report\\/v4?s=rKW2dV0o7IL58hHsMUJ4wHv3sOqZsg9Bjz8K6lq8X6ZK4DhggRSRl86UO9k7t%2BUhh3w6fzULqLzJE8Qu6eUKwUrebnLXFQ7QHrgMFrQk%2FT9GcvZ2pC4MmX90hNGPYrur"}],"group":"cf-nel","max_age":604800}', 'NEL': '{"success_fraction":0,"report_to":"cf-nel","max_age":604800}', 'Server': 'cloudflare', 'CF-RAY': '869b6f4298ef6428-SJC', 'alt-svc': 'h3=":443"; ma=86400'} 
 body={"results":[{"gender":"female","name":{"title":"Ms","first":"Oya","last":"Akay"},"location":{"street":{"number":1002,"name":"Mevlana Cd"},"city":"Bursa","state":"Giresun","country":"Turkey","postcode":45382,"coordinates":{"latitude":"71.0893","longitude":"137.3470"},"timezone":{"offset":"+7:00","description":"Bangkok, Hanoi, Jakarta"}},"email":"oya.akay@example.com","login":{"uuid":"c0dc1e35-6dbf-4c9f-a689-562943a78bfb","username":"organicgoose466","password":"loving","salt":"1T8XL9zy","md5":"11a661605f5090d857406286781b89b8","sha1":"efd1bff6d76a3c0660e66ecf6c8d582caecb0c21","sha256":"86f0162425f65153290430e2d378f56b9a21e30fc4e385ef38e2e0719d66903b"},"dob":{"date":"1952-07-16T05:00:42.412Z","age":71},"registered":{"date":"2014-06-12T23:13:50.248Z","age":9},"phone":"(264)-569-7890","cell":"(017)-084-5552","id":{"name":"","value":null},"picture":{"large":"https://randomuser.me/api/portraits/women/29.jpg","medium":"https://randomuser.me/api/portraits/med/women/29.jpg","thumbnail":"https://randomuser.me/api/portraits/thumb/women/29.jpg"},"nat":"TR"}],"info":{"seed":"b4fe09b5fc913ae7","results":1,"page":1,"version":"1.4"}} 
 </msg>
<msg time="2024-03-25T02:22:41.143985" level="INFO">/opt/hostedtoolcache/Python/3.12.2/x64/lib/python3.12/site-packages/urllib3/connectionpool.py:1103: InsecureRequestWarning: Unverified HTTPS request is being made to host 'randomuser.me'. Adding certificate verification is strongly advised. See: https://urllib3.readthedocs.io/en/latest/advanced-usage.html#tls-warnings
  warnings.warn(</msg>
<msg time="2024-03-25T02:22:41.144143" level="INFO">${response} = &lt;Response [200]&gt;</msg>
<var>${response}</var>
<arg>consultarAPI</arg>
<arg>/api</arg>
<doc>Sends a GET request on a previously created HTTP Session.</doc>
<status status="PASS" start="2024-03-25T02:22:40.929914" elapsed="0.214272"/>
</kw>
<kw name="Should Be Equal As Numbers" owner="BuiltIn">
<msg time="2024-03-25T02:22:41.145386" level="INFO">Argument types are:
&lt;class 'int'&gt;
&lt;class 'str'&gt;</msg>
<arg>${response.status_code}</arg>
<arg>200</arg>
<doc>Fails if objects are unequal after converting them to real numbers.</doc>
<status status="PASS" start="2024-03-25T02:22:41.144878" elapsed="0.000580"/>
</kw>
<kw name="Log" owner="BuiltIn">
<msg time="2024-03-25T02:22:41.146242" level="INFO">200</msg>
<arg>${response.status_code}</arg>
<doc>Logs the given message with the given level.</doc>
<status status="PASS" start="2024-03-25T02:22:41.145847" elapsed="0.000442"/>
</kw>
<kw name="Set Variable" owner="BuiltIn">
<msg time="2024-03-25T02:22:41.147119" level="INFO">${json_data} = {'results': [{'gender': 'female', 'name': {'title': 'Ms', 'first': 'Oya', 'last': 'Akay'}, 'location': {'street': {'number': 1002, 'name': 'Mevlana Cd'}, 'city': 'Bursa', 'state': 'Giresun', 'country'...</msg>
<var>${json_data}</var>
<arg>${response.json()}</arg>
<doc>Returns the given values which can then be assigned to a variables.</doc>
<status status="PASS" start="2024-03-25T02:22:41.146650" elapsed="0.000498"/>
</kw>
<kw name="Dictionary Should Contain Key" owner="Collections">
<msg time="2024-03-25T02:22:41.147650" level="INFO">False</msg>
<arg>${json_data}</arg>
<arg>results</arg>
<doc>Fails if ``key`` is not found from ``dictionary``.</doc>
<status status="PASS" start="2024-03-25T02:22:41.147472" elapsed="0.000219"/>
</kw>
<status status="PASS" start="2024-03-25T02:22:40.929633" elapsed="0.218365"/>
</kw>
<doc>Testa se a API responde corretamente e retorna um objeto JSON válido.</doc>
<tag>testeRequisicaoBasica</tag>
<status status="PASS" start="2024-03-25T02:22:40.929128" elapsed="0.219065"/>
</test>
<test id="s1-s1-t3" name="Validar estrutura de resposta" line="22">
<kw name="Teste de Estrutura de Resposta" owner="random-user-service">
<kw name="GET On Session" owner="RequestsLibrary">
<msg time="2024-03-25T02:22:41.275541" level="INFO">GET Request : url=https://randomuser.me/api 
 path_url=/api 
 headers={'User-Agent': 'python-requests/2.31.0', 'Accept-Encoding': 'gzip, deflate', 'Accept': '*/*', 'Connection': 'keep-alive'} 
 body=None 
 </msg>
<msg time="2024-03-25T02:22:41.275644" level="INFO">GET Response : url=https://randomuser.me/api 
 status=200, reason=OK 
 headers={'Date': 'Mon, 25 Mar 2024 02:22:41 GMT', 'Content-Type': 'application/json; charset=utf-8', 'Transfer-Encoding': 'chunked', 'Connection': 'keep-alive', 'X-Powered-By': 'Express', 'Access-Control-Allow-Origin': '*', 'Cache-Control': 'no-cache', 'ETag': 'W/"493-PtnOduA/a/jfXroVrx72Oa93rm8"', 'Vary': 'Accept-Encoding', 'Content-Encoding': 'gzip', 'CF-Cache-Status': 'DYNAMIC', 'Report-To': '{"endpoints":[{"url":"https:\\/\\/a.nel.cloudflare.com\\/report\\/v4?s=NJgVGLWals%2B6lUt7pS02xfU7uSkbKKPorxVP9g9QPKFN0CCxLakQWyq8Q19VW8Gvov451VUaSjdGAc%2BJnbHLDTQdPrd%2FI1QoUpwkMFNyFrN%2Fvf7LR1%2B3AAVsgXGOgtF1"}],"group":"cf-nel","max_age":604800}', 'NEL': '{"success_fraction":0,"report_to":"cf-nel","max_age":604800}', 'Server': 'cloudflare', 'CF-RAY': '869b6f43395e6428-SJC', 'alt-svc': 'h3=":443"; ma=86400'} 
 body={"results":[{"gender":"male","name":{"title":"Mr","first":"Christoffer","last":"Holte"},"location":{"street":{"number":3990,"name":"Svoldergata"},"city":"Lakselv","state":"Oppland","country":"Norway","postcode":"3043","coordinates":{"latitude":"46.3923","longitude":"-59.9775"},"timezone":{"offset":"-5:00","description":"Eastern Time (US &amp; Canada), Bogota, Lima"}},"email":"christoffer.holte@example.com","login":{"uuid":"2536d68f-4014-4472-9108-253e19adde9a","username":"beautifulleopard266","password":"arianna","salt":"safqsBiZ","md5":"35c354a0bad266d7707756e89d631f7b","sha1":"9e5755970aacf665442474faafc071d6c0f44943","sha256":"e1b5bcff623ece822e93beeb52308fe0bb114c6e51baa4a19bfe5af6c649078b"},"dob":{"date":"1962-08-02T06:48:00.182Z","age":61},"registered":{"date":"2006-12-10T22:42:14.254Z","age":17},"phone":"25688956","cell":"93823116","id":{"name":"FN","value":"02086212326"},"picture":{"large":"https://randomuser.me/api/portraits/men/90.jpg","medium":"https://randomuser.me/api/portraits/med/men/90.jpg","thumbnail":"https://randomuser.me/api/portraits/thumb/men/90.jpg"},"nat":"NO"}],"info":{"seed":"c6a117989674d16b","results":1,"page":1,"version":"1.4"}} 
 </msg>
<msg time="2024-03-25T02:22:41.275838" level="INFO">/opt/hostedtoolcache/Python/3.12.2/x64/lib/python3.12/site-packages/urllib3/connectionpool.py:1103: InsecureRequestWarning: Unverified HTTPS request is being made to host 'randomuser.me'. Adding certificate verification is strongly advised. See: https://urllib3.readthedocs.io/en/latest/advanced-usage.html#tls-warnings
  warnings.warn(</msg>
<msg time="2024-03-25T02:22:41.275978" level="INFO">${response} = &lt;Response [200]&gt;</msg>
<var>${response}</var>
<arg>consultarAPI</arg>
<arg>/api</arg>
<doc>Sends a GET request on a previously created HTTP Session.</doc>
<status status="PASS" start="2024-03-25T02:22:41.151094" elapsed="0.124924"/>
</kw>
<kw name="Set Variable" owner="BuiltIn">
<msg time="2024-03-25T02:22:41.277275" level="INFO">${json_data} = {'results': [{'gender': 'male', 'name': {'title': 'Mr', 'first': 'Christoffer', 'last': 'Holte'}, 'location': {'street': {'number': 3990, 'name': 'Svoldergata'}, 'city': 'Lakselv', 'state': 'Oppland',...</msg>
<var>${json_data}</var>
<arg>${response.json()}</arg>
<doc>Returns the given values which can then be assigned to a variables.</doc>
<status status="PASS" start="2024-03-25T02:22:41.276675" elapsed="0.000629"/>
</kw>
<kw name="Log" owner="BuiltIn">
<msg time="2024-03-25T02:22:41.277809" level="INFO">{'results': [{'gender': 'male', 'name': {'title': 'Mr', 'first': 'Christoffer', 'last': 'Holte'}, 'location': {'street': {'number': 3990, 'name': 'Svoldergata'}, 'city': 'Lakselv', 'state': 'Oppland', 'country': 'Norway', 'postcode': '3043', 'coordinates': {'latitude': '46.3923', 'longitude': '-59.9775'}, 'timezone': {'offset': '-5:00', 'description': 'Eastern Time (US &amp; Canada), Bogota, Lima'}}, 'email': 'christoffer.holte@example.com', 'login': {'uuid': '2536d68f-4014-4472-9108-253e19adde9a', 'username': 'beautifulleopard266', 'password': 'arianna', 'salt': 'safqsBiZ', 'md5': '35c354a0bad266d7707756e89d631f7b', 'sha1': '9e5755970aacf665442474faafc071d6c0f44943', 'sha256': 'e1b5bcff623ece822e93beeb52308fe0bb114c6e51baa4a19bfe5af6c649078b'}, 'dob': {'date': '1962-08-02T06:48:00.182Z', 'age': 61}, 'registered': {'date': '2006-12-10T22:42:14.254Z', 'age': 17}, 'phone': '25688956', 'cell': '93823116', 'id': {'name': 'FN', 'value': '02086212326'}, 'picture': {'large': 'https://randomuser.me/api/portraits/men/90.jpg', 'medium': 'https://randomuser.me/api/portraits/med/men/90.jpg', 'thumbnail': 'https://randomuser.me/api/portraits/thumb/men/90.jpg'}, 'nat': 'NO'}], 'info': {'seed': 'c6a117989674d16b', 'results': 1, 'page': 1, 'version': '1.4'}}</msg>
<arg>${json_data}</arg>
<doc>Logs the given message with the given level.</doc>
<status status="PASS" start="2024-03-25T02:22:41.277642" elapsed="0.000217"/>
</kw>
<kw name="Dictionary Should Contain Key" owner="Collections">
<msg time="2024-03-25T02:22:41.278324" level="INFO">False</msg>
<arg>${json_data}</arg>
<arg>results</arg>
<doc>Fails if ``key`` is not found from ``dictionary``.</doc>
<status status="PASS" start="2024-03-25T02:22:41.278163" elapsed="0.000199"/>
</kw>
<kw name="Should Not Be Empty" owner="BuiltIn">
<msg time="2024-03-25T02:22:41.278793" level="INFO">Length is 2.</msg>
<arg>${json_data}</arg>
<doc>Verifies that the given item is not empty.</doc>
<status status="PASS" start="2024-03-25T02:22:41.278658" elapsed="0.000173"/>
</kw>
<kw name="Create List" owner="BuiltIn">
<msg time="2024-03-25T02:22:41.279280" level="INFO">${expected_keys} = ['gender', 'name', 'location', 'email', 'login']</msg>
<var>${expected_keys}</var>
<arg>gender</arg>
<arg>name</arg>
<arg>location</arg>
<arg>email</arg>
<arg>login</arg>
<doc>Returns a list containing given items.</doc>
<status status="PASS" start="2024-03-25T02:22:41.279121" elapsed="0.000183"/>
</kw>
<for flavor="IN">
<iter>
<kw name="Dictionary Should Contain Key" owner="Collections">
<msg time="2024-03-25T02:22:41.280351" level="INFO">False</msg>
<arg>${json_data['results'][0]}</arg>
<arg>${key}</arg>
<doc>Fails if ``key`` is not found from ``dictionary``.</doc>
<status status="PASS" start="2024-03-25T02:22:41.279938" elapsed="0.000453"/>
</kw>
<kw name="Log" owner="BuiltIn">
<msg time="2024-03-25T02:22:41.281075" level="INFO">{'gender': 'male', 'name': {'title': 'Mr', 'first': 'Christoffer', 'last': 'Holte'}, 'location': {'street': {'number': 3990, 'name': 'Svoldergata'}, 'city': 'Lakselv', 'state': 'Oppland', 'country': 'Norway', 'postcode': '3043', 'coordinates': {'latitude': '46.3923', 'longitude': '-59.9775'}, 'timezone': {'offset': '-5:00', 'description': 'Eastern Time (US &amp; Canada), Bogota, Lima'}}, 'email': 'christoffer.holte@example.com', 'login': {'uuid': '2536d68f-4014-4472-9108-253e19adde9a', 'username': 'beautifulleopard266', 'password': 'arianna', 'salt': 'safqsBiZ', 'md5': '35c354a0bad266d7707756e89d631f7b', 'sha1': '9e5755970aacf665442474faafc071d6c0f44943', 'sha256': 'e1b5bcff623ece822e93beeb52308fe0bb114c6e51baa4a19bfe5af6c649078b'}, 'dob': {'date': '1962-08-02T06:48:00.182Z', 'age': 61}, 'registered': {'date': '2006-12-10T22:42:14.254Z', 'age': 17}, 'phone': '25688956', 'cell': '93823116', 'id': {'name': 'FN', 'value': '02086212326'}, 'picture': {'large': 'https://randomuser.me/api/portraits/men/90.jpg', 'medium': 'https://randomuser.me/api/portraits/med/men/90.jpg', 'thumbnail': 'https://randomuser.me/api/portraits/thumb/men/90.jpg'}, 'nat': 'NO'}</msg>
<arg>${json_data['results'][0]}</arg>
<doc>Logs the given message with the given level.</doc>
<status status="PASS" start="2024-03-25T02:22:41.280702" elapsed="0.000429"/>
</kw>
<kw name="Log" owner="BuiltIn">
<msg time="2024-03-25T02:22:41.281567" level="INFO">gender</msg>
<arg>${key}</arg>
<doc>Logs the given message with the given level.</doc>
<status status="PASS" start="2024-03-25T02:22:41.281436" elapsed="0.000169"/>
</kw>
<var name="${key}">gender</var>
<status status="PASS" start="2024-03-25T02:22:41.279802" elapsed="0.002018"/>
</iter>
<iter>
<kw name="Dictionary Should Contain Key" owner="Collections">
<msg time="2024-03-25T02:22:41.282518" level="INFO">False</msg>
<arg>${json_data['results'][0]}</arg>
<arg>${key}</arg>
<doc>Fails if ``key`` is not found from ``dictionary``.</doc>
<status status="PASS" start="2024-03-25T02:22:41.282128" elapsed="0.000427"/>
</kw>
<kw name="Log" owner="BuiltIn">
<msg time="2024-03-25T02:22:41.283249" level="INFO">{'gender': 'male', 'name': {'title': 'Mr', 'first': 'Christoffer', 'last': 'Holte'}, 'location': {'street': {'number': 3990, 'name': 'Svoldergata'}, 'city': 'Lakselv', 'state': 'Oppland', 'country': 'Norway', 'postcode': '3043', 'coordinates': {'latitude': '46.3923', 'longitude': '-59.9775'}, 'timezone': {'offset': '-5:00', 'description': 'Eastern Time (US &amp; Canada), Bogota, Lima'}}, 'email': 'christoffer.holte@example.com', 'login': {'uuid': '2536d68f-4014-4472-9108-253e19adde9a', 'username': 'beautifulleopard266', 'password': 'arianna', 'salt': 'safqsBiZ', 'md5': '35c354a0bad266d7707756e89d631f7b', 'sha1': '9e5755970aacf665442474faafc071d6c0f44943', 'sha256': 'e1b5bcff623ece822e93beeb52308fe0bb114c6e51baa4a19bfe5af6c649078b'}, 'dob': {'date': '1962-08-02T06:48:00.182Z', 'age': 61}, 'registered': {'date': '2006-12-10T22:42:14.254Z', 'age': 17}, 'phone': '25688956', 'cell': '93823116', 'id': {'name': 'FN', 'value': '02086212326'}, 'picture': {'large': 'https://randomuser.me/api/portraits/men/90.jpg', 'medium': 'https://randomuser.me/api/portraits/med/men/90.jpg', 'thumbnail': 'https://randomuser.me/api/portraits/thumb/men/90.jpg'}, 'nat': 'NO'}</msg>
<arg>${json_data['results'][0]}</arg>
<doc>Logs the given message with the given level.</doc>
<status status="PASS" start="2024-03-25T02:22:41.282888" elapsed="0.000408"/>
</kw>
<kw name="Log" owner="BuiltIn">
<msg time="2024-03-25T02:22:41.283753" level="INFO">name</msg>
<arg>${key}</arg>
<doc>Logs the given message with the given level.</doc>
<status status="PASS" start="2024-03-25T02:22:41.283595" elapsed="0.000198"/>
</kw>
<var name="${key}">name</var>
<status status="PASS" start="2024-03-25T02:22:41.282011" elapsed="0.002004"/>
</iter>
<iter>
<kw name="Dictionary Should Contain Key" owner="Collections">
<msg time="2024-03-25T02:22:41.284689" level="INFO">False</msg>
<arg>${json_data['results'][0]}</arg>
<arg>${key}</arg>
<doc>Fails if ``key`` is not found from ``dictionary``.</doc>
<status status="PASS" start="2024-03-25T02:22:41.284312" elapsed="0.000414"/>
</kw>
<kw name="Log" owner="BuiltIn">
<msg time="2024-03-25T02:22:41.285394" level="INFO">{'gender': 'male', 'name': {'title': 'Mr', 'first': 'Christoffer', 'last': 'Holte'}, 'location': {'street': {'number': 3990, 'name': 'Svoldergata'}, 'city': 'Lakselv', 'state': 'Oppland', 'country': 'Norway', 'postcode': '3043', 'coordinates': {'latitude': '46.3923', 'longitude': '-59.9775'}, 'timezone': {'offset': '-5:00', 'description': 'Eastern Time (US &amp; Canada), Bogota, Lima'}}, 'email': 'christoffer.holte@example.com', 'login': {'uuid': '2536d68f-4014-4472-9108-253e19adde9a', 'username': 'beautifulleopard266', 'password': 'arianna', 'salt': 'safqsBiZ', 'md5': '35c354a0bad266d7707756e89d631f7b', 'sha1': '9e5755970aacf665442474faafc071d6c0f44943', 'sha256': 'e1b5bcff623ece822e93beeb52308fe0bb114c6e51baa4a19bfe5af6c649078b'}, 'dob': {'date': '1962-08-02T06:48:00.182Z', 'age': 61}, 'registered': {'date': '2006-12-10T22:42:14.254Z', 'age': 17}, 'phone': '25688956', 'cell': '93823116', 'id': {'name': 'FN', 'value': '02086212326'}, 'picture': {'large': 'https://randomuser.me/api/portraits/men/90.jpg', 'medium': 'https://randomuser.me/api/portraits/med/men/90.jpg', 'thumbnail': 'https://randomuser.me/api/portraits/thumb/men/90.jpg'}, 'nat': 'NO'}</msg>
<arg>${json_data['results'][0]}</arg>
<doc>Logs the given message with the given level.</doc>
<status status="PASS" start="2024-03-25T02:22:41.285037" elapsed="0.000409"/>
</kw>
<kw name="Log" owner="BuiltIn">
<msg time="2024-03-25T02:22:41.285865" level="INFO">location</msg>
<arg>${key}</arg>
<doc>Logs the given message with the given level.</doc>
<status status="PASS" start="2024-03-25T02:22:41.285739" elapsed="0.000164"/>
</kw>
<var name="${key}">location</var>
<status status="PASS" start="2024-03-25T02:22:41.284198" elapsed="0.001919"/>
</iter>
<iter>
<kw name="Dictionary Should Contain Key" owner="Collections">
<msg time="2024-03-25T02:22:41.286784" level="INFO">False</msg>
<arg>${json_data['results'][0]}</arg>
<arg>${key}</arg>
<doc>Fails if ``key`` is not found from ``dictionary``.</doc>
<status status="PASS" start="2024-03-25T02:22:41.286401" elapsed="0.000421"/>
</kw>
<kw name="Log" owner="BuiltIn">
<msg time="2024-03-25T02:22:41.287471" level="INFO">{'gender': 'male', 'name': {'title': 'Mr', 'first': 'Christoffer', 'last': 'Holte'}, 'location': {'street': {'number': 3990, 'name': 'Svoldergata'}, 'city': 'Lakselv', 'state': 'Oppland', 'country': 'Norway', 'postcode': '3043', 'coordinates': {'latitude': '46.3923', 'longitude': '-59.9775'}, 'timezone': {'offset': '-5:00', 'description': 'Eastern Time (US &amp; Canada), Bogota, Lima'}}, 'email': 'christoffer.holte@example.com', 'login': {'uuid': '2536d68f-4014-4472-9108-253e19adde9a', 'username': 'beautifulleopard266', 'password': 'arianna', 'salt': 'safqsBiZ', 'md5': '35c354a0bad266d7707756e89d631f7b', 'sha1': '9e5755970aacf665442474faafc071d6c0f44943', 'sha256': 'e1b5bcff623ece822e93beeb52308fe0bb114c6e51baa4a19bfe5af6c649078b'}, 'dob': {'date': '1962-08-02T06:48:00.182Z', 'age': 61}, 'registered': {'date': '2006-12-10T22:42:14.254Z', 'age': 17}, 'phone': '25688956', 'cell': '93823116', 'id': {'name': 'FN', 'value': '02086212326'}, 'picture': {'large': 'https://randomuser.me/api/portraits/men/90.jpg', 'medium': 'https://randomuser.me/api/portraits/med/men/90.jpg', 'thumbnail': 'https://randomuser.me/api/portraits/thumb/men/90.jpg'}, 'nat': 'NO'}</msg>
<arg>${json_data['results'][0]}</arg>
<doc>Logs the given message with the given level.</doc>
<status status="PASS" start="2024-03-25T02:22:41.287120" elapsed="0.000398"/>
</kw>
<kw name="Log" owner="BuiltIn">
<msg time="2024-03-25T02:22:41.287986" level="INFO">email</msg>
<arg>${key}</arg>
<doc>Logs the given message with the given level.</doc>
<status status="PASS" start="2024-03-25T02:22:41.287850" elapsed="0.000175"/>
</kw>
<var name="${key}">email</var>
<status status="PASS" start="2024-03-25T02:22:41.286291" elapsed="0.001955"/>
</iter>
<iter>
<kw name="Dictionary Should Contain Key" owner="Collections">
<msg time="2024-03-25T02:22:41.288928" level="INFO">False</msg>
<arg>${json_data['results'][0]}</arg>
<arg>${key}</arg>
<doc>Fails if ``key`` is not found from ``dictionary``.</doc>
<status status="PASS" start="2024-03-25T02:22:41.288539" elapsed="0.000426"/>
</kw>
<kw name="Log" owner="BuiltIn">
<msg time="2024-03-25T02:22:41.289616" level="INFO">{'gender': 'male', 'name': {'title': 'Mr', 'first': 'Christoffer', 'last': 'Holte'}, 'location': {'street': {'number': 3990, 'name': 'Svoldergata'}, 'city': 'Lakselv', 'state': 'Oppland', 'country': 'Norway', 'postcode': '3043', 'coordinates': {'latitude': '46.3923', 'longitude': '-59.9775'}, 'timezone': {'offset': '-5:00', 'description': 'Eastern Time (US &amp; Canada), Bogota, Lima'}}, 'email': 'christoffer.holte@example.com', 'login': {'uuid': '2536d68f-4014-4472-9108-253e19adde9a', 'username': 'beautifulleopard266', 'password': 'arianna', 'salt': 'safqsBiZ', 'md5': '35c354a0bad266d7707756e89d631f7b', 'sha1': '9e5755970aacf665442474faafc071d6c0f44943', 'sha256': 'e1b5bcff623ece822e93beeb52308fe0bb114c6e51baa4a19bfe5af6c649078b'}, 'dob': {'date': '1962-08-02T06:48:00.182Z', 'age': 61}, 'registered': {'date': '2006-12-10T22:42:14.254Z', 'age': 17}, 'phone': '25688956', 'cell': '93823116', 'id': {'name': 'FN', 'value': '02086212326'}, 'picture': {'large': 'https://randomuser.me/api/portraits/men/90.jpg', 'medium': 'https://randomuser.me/api/portraits/med/men/90.jpg', 'thumbnail': 'https://randomuser.me/api/portraits/thumb/men/90.jpg'}, 'nat': 'NO'}</msg>
<arg>${json_data['results'][0]}</arg>
<doc>Logs the given message with the given level.</doc>
<status status="PASS" start="2024-03-25T02:22:41.289258" elapsed="0.000406"/>
</kw>
<kw name="Log" owner="BuiltIn">
<msg time="2024-03-25T02:22:41.290084" level="INFO">login</msg>
<arg>${key}</arg>
<doc>Logs the given message with the given level.</doc>
<status status="PASS" start="2024-03-25T02:22:41.289956" elapsed="0.000306"/>
</kw>
<var name="${key}">login</var>
<status status="PASS" start="2024-03-25T02:22:41.288422" elapsed="0.002089"/>
</iter>
<var>${key}</var>
<value>@{expected_keys}</value>
<status status="PASS" start="2024-03-25T02:22:41.279565" elapsed="0.011075"/>
</for>
<kw name="Create List" owner="BuiltIn">
<msg time="2024-03-25T02:22:41.290985" level="INFO">${expected_keysTwo} = ['username', 'password']</msg>
<var>${expected_keysTwo}</var>
<arg>username</arg>
<arg>password</arg>
<doc>Returns a list containing given items.</doc>
<status status="PASS" start="2024-03-25T02:22:41.290844" elapsed="0.000165"/>
</kw>
<for flavor="IN">
<iter>
<kw name="Dictionary Should Contain Key" owner="Collections">
<msg time="2024-03-25T02:22:41.291953" level="INFO">False</msg>
<arg>${json_data['results'][0]['login']}</arg>
<arg>${keyTwo}</arg>
<doc>Fails if ``key`` is not found from ``dictionary``.</doc>
<status status="PASS" start="2024-03-25T02:22:41.291521" elapsed="0.000469"/>
</kw>
<kw name="Dictionary Should Contain Key" owner="Collections">
<msg time="2024-03-25T02:22:41.292667" level="INFO">False</msg>
<arg>${json_data['results'][0]['login']}</arg>
<arg>${keyTwo}</arg>
<doc>Fails if ``key`` is not found from ``dictionary``.</doc>
<status status="PASS" start="2024-03-25T02:22:41.292290" elapsed="0.000414"/>
</kw>
<kw name="Log" owner="BuiltIn">
<msg time="2024-03-25T02:22:41.293134" level="INFO">username</msg>
<arg>${keyTwo}</arg>
<doc>Logs the given message with the given level.</doc>
<status status="PASS" start="2024-03-25T02:22:41.293005" elapsed="0.000166"/>
</kw>
<var name="${keyTwo}">username</var>
<status status="PASS" start="2024-03-25T02:22:41.291408" elapsed="0.001979"/>
</iter>
<iter>
<kw name="Dictionary Should Contain Key" owner="Collections">
<msg time="2024-03-25T02:22:41.294041" level="INFO">False</msg>
<arg>${json_data['results'][0]['login']}</arg>
<arg>${keyTwo}</arg>
<doc>Fails if ``key`` is not found from ``dictionary``.</doc>
<status status="PASS" start="2024-03-25T02:22:41.293671" elapsed="0.000408"/>
</kw>
<kw name="Dictionary Should Contain Key" owner="Collections">
<msg time="2024-03-25T02:22:41.294763" level="INFO">False</msg>
<arg>${json_data['results'][0]['login']}</arg>
<arg>${keyTwo}</arg>
<doc>Fails if ``key`` is not found from ``dictionary``.</doc>
<status status="PASS" start="2024-03-25T02:22:41.294384" elapsed="0.000415"/>
</kw>
<kw name="Log" owner="BuiltIn">
<msg time="2024-03-25T02:22:41.295214" level="INFO">password</msg>
<arg>${keyTwo}</arg>
<doc>Logs the given message with the given level.</doc>
<status status="PASS" start="2024-03-25T02:22:41.295087" elapsed="0.000164"/>
</kw>
<var name="${keyTwo}">password</var>
<status status="PASS" start="2024-03-25T02:22:41.293561" elapsed="0.001907"/>
</iter>
<var>${keyTwo}</var>
<value>@{expected_keysTwo}</value>
<status status="PASS" start="2024-03-25T02:22:41.291250" elapsed="0.004339"/>
</for>
<status status="PASS" start="2024-03-25T02:22:41.150840" elapsed="0.144923"/>
</kw>
<doc>Testa a estrutura da resposta da API.</doc>
<tag>testeEstruturaResposta</tag>
<status status="PASS" start="2024-03-25T02:22:41.150142" elapsed="0.145794"/>
</test>
<test id="s1-s1-t4" name="Validar tipos de dados" line="28">
<kw name="Teste de Tipos de Dados" owner="random-user-service">
<kw name="GET On Session" owner="RequestsLibrary">
<msg time="2024-03-25T02:22:41.390842" level="INFO">GET Request : url=https://randomuser.me/api 
 path_url=/api 
 headers={'User-Agent': 'python-requests/2.31.0', 'Accept-Encoding': 'gzip, deflate', 'Accept': '*/*', 'Connection': 'keep-alive'} 
 body=None 
 </msg>
<msg time="2024-03-25T02:22:41.390943" level="INFO">GET Response : url=https://randomuser.me/api 
 status=200, reason=OK 
 headers={'Date': 'Mon, 25 Mar 2024 02:22:41 GMT', 'Content-Type': 'application/json; charset=utf-8', 'Transfer-Encoding': 'chunked', 'Connection': 'keep-alive', 'X-Powered-By': 'Express', 'Access-Control-Allow-Origin': '*', 'Cache-Control': 'no-cache', 'ETag': 'W/"4a1-3ADyejtkHSwzQ0gpU62MxV8Ss2c"', 'Vary': 'Accept-Encoding', 'Content-Encoding': 'gzip', 'CF-Cache-Status': 'DYNAMIC', 'Report-To': '{"endpoints":[{"url":"https:\\/\\/a.nel.cloudflare.com\\/report\\/v4?s=2PRMK3cx4eCj9TC%2F2gePiimG%2Bb8pu%2F7YtGY2Mzc%2BenBg6N3OElYI%2FPIN3NABW61srMup0KfPvnCZET0QDZMtl8jsaT8uMD3uZh5KCpPJ5ugDWQAA887jvprK%2F7VCpFi4"}],"group":"cf-nel","max_age":604800}', 'NEL': '{"success_fraction":0,"report_to":"cf-nel","max_age":604800}', 'Server': 'cloudflare', 'CF-RAY': '869b6f442a2b6428-SJC', 'alt-svc': 'h3=":443"; ma=86400'} 
 body={"results":[{"gender":"male","name":{"title":"Mr","first":"Tomislav","last":"Verhagen"},"location":{"street":{"number":7339,"name":"Holtingerrondweg"},"city":"Coevorden","state":"Overijssel","country":"Netherlands","postcode":"4962 LV","coordinates":{"latitude":"35.6205","longitude":"-7.8525"},"timezone":{"offset":"+5:30","description":"Bombay, Calcutta, Madras, New Delhi"}},"email":"tomislav.verhagen@example.com","login":{"uuid":"eebbc2a0-8949-48e5-8156-746b46a34111","username":"greengorilla499","password":"anita","salt":"IJsJI4wG","md5":"85cc785108838154f89349e7a1afad1e","sha1":"c5f458996cbe2d648a0e12a0ce7866d781b63527","sha256":"88af876db29e34c2ca0ec58c6aba7470bf8d9c935846cdd67b4bbd2d8e6bddea"},"dob":{"date":"1959-11-21T17:04:42.988Z","age":64},"registered":{"date":"2010-09-24T10:20:24.957Z","age":13},"phone":"(0552) 551954","cell":"(06) 89732142","id":{"name":"BSN","value":"44252808"},"picture":{"large":"https://randomuser.me/api/portraits/men/69.jpg","medium":"https://randomuser.me/api/portraits/med/men/69.jpg","thumbnail":"https://randomuser.me/api/portraits/thumb/men/69.jpg"},"nat":"NL"}],"info":{"seed":"837c8979bfa9d326","results":1,"page":1,"version":"1.4"}} 
 </msg>
<msg time="2024-03-25T02:22:41.391011" level="INFO">/opt/hostedtoolcache/Python/3.12.2/x64/lib/python3.12/site-packages/urllib3/connectionpool.py:1103: InsecureRequestWarning: Unverified HTTPS request is being made to host 'randomuser.me'. Adding certificate verification is strongly advised. See: https://urllib3.readthedocs.io/en/latest/advanced-usage.html#tls-warnings
  warnings.warn(</msg>
<msg time="2024-03-25T02:22:41.391140" level="INFO">${response} = &lt;Response [200]&gt;</msg>
<var>${response}</var>
<arg>consultarAPI</arg>
<arg>/api</arg>
<doc>Sends a GET request on a previously created HTTP Session.</doc>
<status status="PASS" start="2024-03-25T02:22:41.298450" elapsed="0.092732"/>
</kw>
<kw name="Set Variable" owner="BuiltIn">
<msg time="2024-03-25T02:22:41.392439" level="INFO">${json_data} = {'results': [{'gender': 'male', 'name': {'title': 'Mr', 'first': 'Tomislav', 'last': 'Verhagen'}, 'location': {'street': {'number': 7339, 'name': 'Holtingerrondweg'}, 'city': 'Coevorden', 'state': 'Ov...</msg>
<var>${json_data}</var>
<arg>${response.json()}</arg>
<doc>Returns the given values which can then be assigned to a variables.</doc>
<status status="PASS" start="2024-03-25T02:22:41.391873" elapsed="0.000596"/>
</kw>
<kw name="Log" owner="BuiltIn">
<msg time="2024-03-25T02:22:41.392967" level="INFO">{'results': [{'gender': 'male', 'name': {'title': 'Mr', 'first': 'Tomislav', 'last': 'Verhagen'}, 'location': {'street': {'number': 7339, 'name': 'Holtingerrondweg'}, 'city': 'Coevorden', 'state': 'Overijssel', 'country': 'Netherlands', 'postcode': '4962 LV', 'coordinates': {'latitude': '35.6205', 'longitude': '-7.8525'}, 'timezone': {'offset': '+5:30', 'description': 'Bombay, Calcutta, Madras, New Delhi'}}, 'email': 'tomislav.verhagen@example.com', 'login': {'uuid': 'eebbc2a0-8949-48e5-8156-746b46a34111', 'username': 'greengorilla499', 'password': 'anita', 'salt': 'IJsJI4wG', 'md5': '85cc785108838154f89349e7a1afad1e', 'sha1': 'c5f458996cbe2d648a0e12a0ce7866d781b63527', 'sha256': '88af876db29e34c2ca0ec58c6aba7470bf8d9c935846cdd67b4bbd2d8e6bddea'}, 'dob': {'date': '1959-11-21T17:04:42.988Z', 'age': 64}, 'registered': {'date': '2010-09-24T10:20:24.957Z', 'age': 13}, 'phone': '(0552) 551954', 'cell': '(06) 89732142', 'id': {'name': 'BSN', 'value': '44252808'}, 'picture': {'large': 'https://randomuser.me/api/portraits/men/69.jpg', 'medium': 'https://randomuser.me/api/portraits/med/men/69.jpg', 'thumbnail': 'https://randomuser.me/api/portraits/thumb/men/69.jpg'}, 'nat': 'NL'}], 'info': {'seed': '837c8979bfa9d326', 'results': 1, 'page': 1, 'version': '1.4'}}</msg>
<arg>${json_data}</arg>
<doc>Logs the given message with the given level.</doc>
<status status="PASS" start="2024-03-25T02:22:41.392803" elapsed="0.000255"/>
</kw>
<kw name="Should Be String" owner="String">
<arg>${json_data['results'][0]['gender']}</arg>
<doc>Fails if the given ``item`` is not a string.</doc>
<status status="PASS" start="2024-03-25T02:22:41.393368" elapsed="0.000375"/>
</kw>
<kw name="Should Match Regexp" owner="BuiltIn">
<arg>${json_data['results'][0]['email']}</arg>
<arg>^[a-zA-Z0-9._%+-]+@[a-zA-Z0-9.-]+\.[a-zA-Z]{2,}$</arg>
<doc>Fails if ``string`` does not match ``pattern`` as a regular expression.</doc>
<status status="PASS" start="2024-03-25T02:22:41.393939" elapsed="0.000522"/>
</kw>
<kw name="Should Match Regexp" owner="BuiltIn">
<arg>${json_data['results'][0]['dob']['date']}</arg>
<arg>\\d{4}-\\d{2}-\\d{2}T\\d{2}:\\d{2}:\\d{2}\\.\\d{3}Z</arg>
<doc>Fails if ``string`` does not match ``pattern`` as a regular expression.</doc>
<status status="PASS" start="2024-03-25T02:22:41.394663" elapsed="0.000493"/>
</kw>
<kw name="Should Match Regexp" owner="BuiltIn">
<arg>${json_data['results'][0]['registered']['date']}</arg>
<arg>\\d{4}-\\d{2}-\\d{2}T\\d{2}:\\d{2}:\\d{2}\\.\\d{3}Z</arg>
<doc>Fails if ``string`` does not match ``pattern`` as a regular expression.</doc>
<status status="PASS" start="2024-03-25T02:22:41.395353" elapsed="0.000419"/>
</kw>
<kw name="Should Match Regexp" owner="BuiltIn">
<arg>${json_data['results'][0]['picture']['large']}</arg>
<arg>^https?://.*\.(?:png|jpe?g|gif|bmp)$</arg>
<doc>Fails if ``string`` does not match ``pattern`` as a regular expression.</doc>
<status status="PASS" start="2024-03-25T02:22:41.395971" elapsed="0.000474"/>
</kw>
<kw name="Should Match Regexp" owner="BuiltIn">
<arg>${json_data['results'][0]['picture']['medium']}</arg>
<arg>^https?://.*\.(?:png|jpe?g|gif|bmp)$</arg>
<doc>Fails if ``string`` does not match ``pattern`` as a regular expression.</doc>
<status status="PASS" start="2024-03-25T02:22:41.396638" elapsed="0.000361"/>
</kw>
<kw name="Should Match Regexp" owner="BuiltIn">
<arg>${json_data['results'][0]['picture']['thumbnail']}</arg>
<arg>^https?://.*\.(?:png|jpe?g|gif|bmp)$</arg>
<doc>Fails if ``string`` does not match ``pattern`` as a regular expression.</doc>
<status status="PASS" start="2024-03-25T02:22:41.397186" elapsed="0.000355"/>
</kw>
<kw name="Log" owner="BuiltIn">
<msg time="2024-03-25T02:22:41.398058" level="INFO">{'large': 'https://randomuser.me/api/portraits/men/69.jpg', 'medium': 'https://randomuser.me/api/portraits/med/men/69.jpg', 'thumbnail': 'https://randomuser.me/api/portraits/thumb/men/69.jpg'}</msg>
<arg>${json_data['results'][0]['picture']}</arg>
<doc>Logs the given message with the given level.</doc>
<status status="PASS" start="2024-03-25T02:22:41.397725" elapsed="0.000380"/>
</kw>
<status status="PASS" start="2024-03-25T02:22:41.298219" elapsed="0.100152"/>
</kw>
<kw name="Teste de Tipos de Dados - Postcode" owner="random-user-service">
<kw name="GET On Session" owner="RequestsLibrary">
<msg time="2024-03-25T02:22:41.488138" level="INFO">GET Request : url=https://randomuser.me/api 
 path_url=/api 
 headers={'User-Agent': 'python-requests/2.31.0', 'Accept-Encoding': 'gzip, deflate', 'Accept': '*/*', 'Connection': 'keep-alive'} 
 body=None 
 </msg>
<msg time="2024-03-25T02:22:41.488244" level="INFO">GET Response : url=https://randomuser.me/api 
 status=200, reason=OK 
 headers={'Date': 'Mon, 25 Mar 2024 02:22:41 GMT', 'Content-Type': 'application/json; charset=utf-8', 'Transfer-Encoding': 'chunked', 'Connection': 'keep-alive', 'X-Powered-By': 'Express', 'Access-Control-Allow-Origin': '*', 'Cache-Control': 'no-cache', 'ETag': 'W/"48a-s2SCrFwtZHJZ684ieNr+KtSsE4c"', 'Vary': 'Accept-Encoding', 'Content-Encoding': 'gzip', 'CF-Cache-Status': 'DYNAMIC', 'Report-To': '{"endpoints":[{"url":"https:\\/\\/a.nel.cloudflare.com\\/report\\/v4?s=MY5cLYZJYJ%2BXt%2FNPqdmJl2waKK8%2F3X7roUOa9nU2qN5aoNLbH6e1g13PYKNezZFAngg132Y1i6T1M7swKxDCXNLY9Ao3uc1Yw%2FQAAvCfnHxdOs42n8DhDKvHZXZFWExB"}],"group":"cf-nel","max_age":604800}', 'NEL': '{"success_fraction":0,"report_to":"cf-nel","max_age":604800}', 'Server': 'cloudflare', 'CF-RAY': '869b6f44ca996428-SJC', 'alt-svc': 'h3=":443"; ma=86400'} 
 body={"results":[{"gender":"female","name":{"title":"Miss","first":"Begüm","last":"Aşıkoğlu"},"location":{"street":{"number":8232,"name":"Tunalı Hilmi Cd"},"city":"Muğla","state":"Kütahya","country":"Turkey","postcode":48614,"coordinates":{"latitude":"70.5386","longitude":"111.3973"},"timezone":{"offset":"-7:00","description":"Mountain Time (US &amp; Canada)"}},"email":"begum.asikoglu@example.com","login":{"uuid":"2213da98-69b6-43b9-81ef-c7feb5ef5cd0","username":"whitesnake523","password":"tahoe","salt":"LTylTJrg","md5":"ad755199f6c6338e718e78e504b77fca","sha1":"74036435a9f5202533ddaa2a409fa4d34e224def","sha256":"0e60eb1d6bdc7b474286183c55fcb945b1c0eb7cf5b2bf8bc53d49c7e9940144"},"dob":{"date":"2000-11-30T20:02:07.116Z","age":23},"registered":{"date":"2020-07-08T07:47:58.511Z","age":3},"phone":"(399)-388-0266","cell":"(337)-986-6462","id":{"name":"","value":null},"picture":{"large":"https://randomuser.me/api/portraits/women/68.jpg","medium":"https://randomuser.me/api/portraits/med/women/68.jpg","thumbnail":"https://randomuser.me/api/portraits/thumb/women/68.jpg"},"nat":"TR"}],"info":{"seed":"1ec8973879713bbf","results":1,"page":1,"version":"1.4"}} 
 </msg>
<msg time="2024-03-25T02:22:41.488348" level="INFO">/opt/hostedtoolcache/Python/3.12.2/x64/lib/python3.12/site-packages/urllib3/connectionpool.py:1103: InsecureRequestWarning: Unverified HTTPS request is being made to host 'randomuser.me'. Adding certificate verification is strongly advised. See: https://urllib3.readthedocs.io/en/latest/advanced-usage.html#tls-warnings
  warnings.warn(</msg>
<msg time="2024-03-25T02:22:41.488480" level="INFO">${response} = &lt;Response [200]&gt;</msg>
<var>${response}</var>
<arg>consultarAPI</arg>
<arg>/api</arg>
<doc>Sends a GET request on a previously created HTTP Session.</doc>
<status status="PASS" start="2024-03-25T02:22:41.399001" elapsed="0.089521"/>
</kw>
<kw name="Set Variable" owner="BuiltIn">
<msg time="2024-03-25T02:22:41.489818" level="INFO">${json_data} = {'results': [{'gender': 'female', 'name': {'title': 'Miss', 'first': 'Begüm', 'last': 'Aşıkoğlu'}, 'location': {'street': {'number': 8232, 'name': 'Tunalı Hilmi Cd'}, 'city': 'Muğla', 'state': 'Kütahy...</msg>
<var>${json_data}</var>
<arg>${response.json()}</arg>
<doc>Returns the given values which can then be assigned to a variables.</doc>
<status status="PASS" start="2024-03-25T02:22:41.489215" elapsed="0.000635"/>
</kw>
<kw name="Log" owner="BuiltIn">
<msg time="2024-03-25T02:22:41.490420" level="INFO">{'results': [{'gender': 'female', 'name': {'title': 'Miss', 'first': 'Begüm', 'last': 'Aşıkoğlu'}, 'location': {'street': {'number': 8232, 'name': 'Tunalı Hilmi Cd'}, 'city': 'Muğla', 'state': 'Kütahya', 'country': 'Turkey', 'postcode': 48614, 'coordinates': {'latitude': '70.5386', 'longitude': '111.3973'}, 'timezone': {'offset': '-7:00', 'description': 'Mountain Time (US &amp; Canada)'}}, 'email': 'begum.asikoglu@example.com', 'login': {'uuid': '2213da98-69b6-43b9-81ef-c7feb5ef5cd0', 'username': 'whitesnake523', 'password': 'tahoe', 'salt': 'LTylTJrg', 'md5': 'ad755199f6c6338e718e78e504b77fca', 'sha1': '74036435a9f5202533ddaa2a409fa4d34e224def', 'sha256': '0e60eb1d6bdc7b474286183c55fcb945b1c0eb7cf5b2bf8bc53d49c7e9940144'}, 'dob': {'date': '2000-11-30T20:02:07.116Z', 'age': 23}, 'registered': {'date': '2020-07-08T07:47:58.511Z', 'age': 3}, 'phone': '(399)-388-0266', 'cell': '(337)-986-6462', 'id': {'name': '', 'value': None}, 'picture': {'large': 'https://randomuser.me/api/portraits/women/68.jpg', 'medium': 'https://randomuser.me/api/portraits/med/women/68.jpg', 'thumbnail': 'https://randomuser.me/api/portraits/thumb/women/68.jpg'}, 'nat': 'TR'}], 'info': {'seed': '1ec8973879713bbf', 'results': 1, 'page': 1, 'version': '1.4'}}</msg>
<arg>${json_data}</arg>
<doc>Logs the given message with the given level.</doc>
<status status="PASS" start="2024-03-25T02:22:41.490232" elapsed="0.000279"/>
</kw>
<kw name="Should Be Equal As Numbers" owner="BuiltIn">
<arg>${json_data['results'][0]['location']['postcode']}</arg>
<arg>${json_data['results'][0]['location']['postcode']}</arg>
<doc>Fails if objects are unequal after converting them to real numbers.</doc>
<status status="PASS" start="2024-03-25T02:22:41.490852" elapsed="0.000666"/>
</kw>
<kw name="Log" owner="BuiltIn">
<msg time="2024-03-25T02:22:41.492130" level="INFO">48614</msg>
<arg>${json_data['results'][0]['location']['postcode']}</arg>
<doc>Logs the given message with the given level.</doc>
<status status="PASS" start="2024-03-25T02:22:41.491762" elapsed="0.000411"/>
</kw>
<status status="PASS" start="2024-03-25T02:22:41.398605" elapsed="0.093841"/>
</kw>
<doc>Testa se os tipos de dados na resposta da API estão corretos.</doc>
<tag>testeTiposDados</tag>
<status status="PASS" start="2024-03-25T02:22:41.297734" elapsed="0.194893"/>
</test>
<test id="s1-s1-t5" name="Validar conteudo" line="35">
<kw name="Teste de Tipos de Conteudo" owner="random-user-service">
<kw name="GET On Session" owner="RequestsLibrary">
<msg time="2024-03-25T02:22:41.582634" level="INFO">GET Request : url=https://randomuser.me/api 
 path_url=/api 
 headers={'User-Agent': 'python-requests/2.31.0', 'Accept-Encoding': 'gzip, deflate', 'Accept': '*/*', 'Connection': 'keep-alive'} 
 body=None 
 </msg>
<msg time="2024-03-25T02:22:41.582751" level="INFO">GET Response : url=https://randomuser.me/api 
 status=200, reason=OK 
 headers={'Date': 'Mon, 25 Mar 2024 02:22:41 GMT', 'Content-Type': 'application/json; charset=utf-8', 'Transfer-Encoding': 'chunked', 'Connection': 'keep-alive', 'X-Powered-By': 'Express', 'Access-Control-Allow-Origin': '*', 'Cache-Control': 'no-cache', 'ETag': 'W/"496-fd4KOZBimHWyDsCCSkFalVzcmoU"', 'Vary': 'Accept-Encoding', 'Content-Encoding': 'gzip', 'CF-Cache-Status': 'DYNAMIC', 'Report-To': '{"endpoints":[{"url":"https:\\/\\/a.nel.cloudflare.com\\/report\\/v4?s=asjLvBwHIxeAufPJ36nu6A1KAxfWlHQIUwR8VFnnWeM0X7deUgatF%2BYvph26SBVN%2FGOq%2BvV3Izyr2igCuUIu0x8YBX1bFDw6ctV3ApIx%2FnczVglmS%2FQcoBxyoOibA%2BFA"}],"group":"cf-nel","max_age":604800}', 'NEL': '{"success_fraction":0,"report_to":"cf-nel","max_age":604800}', 'Server': 'cloudflare', 'CF-RAY': '869b6f455b136428-SJC', 'alt-svc': 'h3=":443"; ma=86400'} 
 body={"results":[{"gender":"female","name":{"title":"Miss","first":"Helmi","last":"Rantala"},"location":{"street":{"number":3701,"name":"Pyynikintie"},"city":"Hanko","state":"Central Ostrobothnia","country":"Finland","postcode":71166,"coordinates":{"latitude":"-23.8795","longitude":"96.6789"},"timezone":{"offset":"+2:00","description":"Kaliningrad, South Africa"}},"email":"helmi.rantala@example.com","login":{"uuid":"4c085a11-ae63-4c89-b09b-4b79c03e1ec5","username":"sadfish773","password":"merlin","salt":"4zoXGMoa","md5":"662918ac3e79a8a265a7eb368bd2faf0","sha1":"64ac2cd5e255bbd2c259e33249a62b0e671ca4b8","sha256":"6e91b7a7802e9747dfdd270e6afa39981b6955a21cfb14adf60a4983aa268270"},"dob":{"date":"1972-06-26T17:14:27.953Z","age":51},"registered":{"date":"2014-01-23T06:52:55.429Z","age":10},"phone":"02-291-873","cell":"042-421-60-44","id":{"name":"HETU","value":"NaNNA024undefined"},"picture":{"large":"https://randomuser.me/api/portraits/women/76.jpg","medium":"https://randomuser.me/api/portraits/med/women/76.jpg","thumbnail":"https://randomuser.me/api/portraits/thumb/women/76.jpg"},"nat":"FI"}],"info":{"seed":"26db0f470b94bdb0","results":1,"page":1,"version":"1.4"}} 
 </msg>
<msg time="2024-03-25T02:22:41.582834" level="INFO">/opt/hostedtoolcache/Python/3.12.2/x64/lib/python3.12/site-packages/urllib3/connectionpool.py:1103: InsecureRequestWarning: Unverified HTTPS request is being made to host 'randomuser.me'. Adding certificate verification is strongly advised. See: https://urllib3.readthedocs.io/en/latest/advanced-usage.html#tls-warnings
  warnings.warn(</msg>
<msg time="2024-03-25T02:22:41.582976" level="INFO">${response} = &lt;Response [200]&gt;</msg>
<var>${response}</var>
<arg>consultarAPI</arg>
<arg>/api</arg>
<doc>Sends a GET request on a previously created HTTP Session.</doc>
<status status="PASS" start="2024-03-25T02:22:41.495173" elapsed="0.087840"/>
</kw>
<kw name="Set Variable" owner="BuiltIn">
<msg time="2024-03-25T02:22:41.584179" level="INFO">${json_data} = {'results': [{'gender': 'female', 'name': {'title': 'Miss', 'first': 'Helmi', 'last': 'Rantala'}, 'location': {'street': {'number': 3701, 'name': 'Pyynikintie'}, 'city': 'Hanko', 'state': 'Central Ost...</msg>
<var>${json_data}</var>
<arg>${response.json()}</arg>
<doc>Returns the given values which can then be assigned to a variables.</doc>
<status status="PASS" start="2024-03-25T02:22:41.583608" elapsed="0.000599"/>
</kw>
<kw name="Set Variable" owner="BuiltIn">
<msg time="2024-03-25T02:22:41.584914" level="INFO">${name_title} = Miss</msg>
<var>${name_title}</var>
<arg>${json_data["results"][0]["name"]["title"]}</arg>
<doc>Returns the given values which can then be assigned to a variables.</doc>
<status status="PASS" start="2024-03-25T02:22:41.584526" elapsed="0.000413"/>
</kw>
<kw name="Create List" owner="BuiltIn">
<msg time="2024-03-25T02:22:41.585392" level="INFO">${allowed_titles} = ['Mr', 'Ms', 'Miss', 'Mrs', 'Madame', 'Monsieur']</msg>
<var>${allowed_titles}</var>
<arg>Mr</arg>
<arg>Ms</arg>
<arg>Miss</arg>
<arg>Mrs</arg>
<arg>Madame</arg>
<arg>Monsieur</arg>
<doc>Returns a list containing given items.</doc>
<status status="PASS" start="2024-03-25T02:22:41.585242" elapsed="0.000174"/>
</kw>
<kw name="List Should Contain Value" owner="Collections">
<msg time="2024-03-25T02:22:41.585902" level="INFO">False</msg>
<arg>${allowed_titles}</arg>
<arg>${name_title}</arg>
<doc>Fails if the ``value`` is not found from ``list``.</doc>
<status status="PASS" start="2024-03-25T02:22:41.585722" elapsed="0.000216"/>
</kw>
<kw name="Set Variable" owner="BuiltIn">
<msg time="2024-03-25T02:22:41.586604" level="INFO">${name_country} = FI</msg>
<var>${name_country}</var>
<arg>${json_data["results"][0]["nat"]}</arg>
<doc>Returns the given values which can then be assigned to a variables.</doc>
<status status="PASS" start="2024-03-25T02:22:41.586230" elapsed="0.000399"/>
</kw>
<kw name="Create List" owner="BuiltIn">
<msg time="2024-03-25T02:22:41.587534" level="INFO">${list_country} = ['AD', 'AE', 'AF', 'AG', 'AI', 'AL', 'AM', 'AO', 'AQ', 'AR', 'AS', 'AT', 'AU', 'AW', 'AX', 'AZ', 'BA', 'BB', 'BD', 'BE', 'BF', 'BG', 'BH', 'BI', 'BJ', 'BL', 'BM', 'BN', 'BO', 'BQ', 'BR', 'BS', 'BT', '...</msg>
<var>${list_country}</var>
<arg>AD</arg>
<arg>AE</arg>
<arg>AF</arg>
<arg>AG</arg>
<arg>AI</arg>
<arg>AL</arg>
<arg>AM</arg>
<arg>AO</arg>
<arg>AQ</arg>
<arg>AR</arg>
<arg>AS</arg>
<arg>AT</arg>
<arg>AU</arg>
<arg>AW</arg>
<arg>AX</arg>
<arg>AZ</arg>
<arg>BA</arg>
<arg>BB</arg>
<arg>BD</arg>
<arg>BE</arg>
<arg>BF</arg>
<arg>BG</arg>
<arg>BH</arg>
<arg>BI</arg>
<arg>BJ</arg>
<arg>BL</arg>
<arg>BM</arg>
<arg>BN</arg>
<arg>BO</arg>
<arg>BQ</arg>
<arg>BR</arg>
<arg>BS</arg>
<arg>BT</arg>
<arg>BV</arg>
<arg>BW</arg>
<arg>BY</arg>
<arg>BZ</arg>
<arg>CA</arg>
<arg>CC</arg>
<arg>CD</arg>
<arg>CF</arg>
<arg>CG</arg>
<arg>CH</arg>
<arg>CI</arg>
<arg>CK</arg>
<arg>CL</arg>
<arg>CM</arg>
<arg>CN</arg>
<arg>CO</arg>
<arg>CR</arg>
<arg>CU</arg>
<arg>CV</arg>
<arg>CW</arg>
<arg>CX</arg>
<arg>CY</arg>
<arg>CZ</arg>
<arg>DE</arg>
<arg>DJ</arg>
<arg>DK</arg>
<arg>DM</arg>
<arg>DO</arg>
<arg>DZ</arg>
<arg>EC</arg>
<arg>EE</arg>
<arg>EG</arg>
<arg>EH</arg>
<arg>ER</arg>
<arg>ES</arg>
<arg>ET</arg>
<arg>FI</arg>
<arg>FJ</arg>
<arg>FK</arg>
<arg>FM</arg>
<arg>FO</arg>
<arg>FR</arg>
<arg>GA</arg>
<arg>GB</arg>
<arg>GD</arg>
<arg>GE</arg>
<arg>GF</arg>
<arg>GG</arg>
<arg>GH</arg>
<arg>GI</arg>
<arg>GL</arg>
<arg>GM</arg>
<arg>GN</arg>
<arg>GP</arg>
<arg>GQ</arg>
<arg>GR</arg>
<arg>GS</arg>
<arg>GT</arg>
<arg>GU</arg>
<arg>GW</arg>
<arg>GY</arg>
<arg>HK</arg>
<arg>HM</arg>
<arg>HN</arg>
<arg>HR</arg>
<arg>HT</arg>
<arg>HU</arg>
<arg>ID</arg>
<arg>IE</arg>
<arg>IL</arg>
<arg>IM</arg>
<arg>IN</arg>
<arg>IO</arg>
<arg>IQ</arg>
<arg>IR</arg>
<arg>IS</arg>
<arg>IT</arg>
<arg>JE</arg>
<arg>JM</arg>
<arg>JO</arg>
<arg>JP</arg>
<arg>KE</arg>
<arg>KG</arg>
<arg>KH</arg>
<arg>KI</arg>
<arg>KM</arg>
<arg>KN</arg>
<arg>KP</arg>
<arg>KR</arg>
<arg>KW</arg>
<arg>KY</arg>
<arg>KZ</arg>
<arg>LA</arg>
<arg>LB</arg>
<arg>LC</arg>
<arg>LI</arg>
<arg>LK</arg>
<arg>LR</arg>
<arg>LS</arg>
<arg>LT</arg>
<arg>LU</arg>
<arg>LV</arg>
<arg>LY</arg>
<arg>MA</arg>
<arg>MC</arg>
<arg>MD</arg>
<arg>ME</arg>
<arg>MF</arg>
<arg>MG</arg>
<arg>MH</arg>
<arg>MK</arg>
<arg>ML</arg>
<arg>MM</arg>
<arg>MN</arg>
<arg>MO</arg>
<arg>MP</arg>
<arg>MQ</arg>
<arg>MR</arg>
<arg>MS</arg>
<arg>MT</arg>
<arg>MU</arg>
<arg>MV</arg>
<arg>MW</arg>
<arg>MX</arg>
<arg>MY</arg>
<arg>MZ</arg>
<arg>NA</arg>
<arg>NC</arg>
<arg>NE</arg>
<arg>NF</arg>
<arg>NG</arg>
<arg>NI</arg>
<arg>NL</arg>
<arg>NO</arg>
<arg>NP</arg>
<arg>NR</arg>
<arg>NU</arg>
<arg>NZ</arg>
<arg>OM</arg>
<arg>PA</arg>
<arg>PE</arg>
<arg>PF</arg>
<arg>PG</arg>
<arg>PH</arg>
<arg>PK</arg>
<arg>PL</arg>
<arg>PM</arg>
<arg>PN</arg>
<arg>PR</arg>
<arg>PS</arg>
<arg>PT</arg>
<arg>PW</arg>
<arg>PY</arg>
<arg>QA</arg>
<arg>RE</arg>
<arg>RO</arg>
<arg>RS</arg>
<arg>RU</arg>
<arg>RW</arg>
<arg>SA</arg>
<arg>SB</arg>
<arg>SC</arg>
<arg>SD</arg>
<arg>SE</arg>
<arg>SG</arg>
<arg>SH</arg>
<arg>SI</arg>
<arg>SJ</arg>
<arg>SK</arg>
<arg>SL</arg>
<arg>SM</arg>
<arg>SN</arg>
<arg>SO</arg>
<arg>SR</arg>
<arg>SS</arg>
<arg>ST</arg>
<arg>SV</arg>
<arg>SX</arg>
<arg>SY</arg>
<arg>SZ</arg>
<arg>TC</arg>
<arg>TD</arg>
<arg>TF</arg>
<arg>TG</arg>
<arg>TH</arg>
<arg>TJ</arg>
<arg>TK</arg>
<arg>TL</arg>
<arg>TM</arg>
<arg>TN</arg>
<arg>TO</arg>
<arg>TR</arg>
<arg>TT</arg>
<arg>TV</arg>
<arg>TW</arg>
<arg>TZ</arg>
<arg>UA</arg>
<arg>UG</arg>
<arg>UM</arg>
<arg>US</arg>
<arg>UY</arg>
<arg>UZ</arg>
<arg>VA</arg>
<arg>VC</arg>
<arg>VE</arg>
<arg>VG</arg>
<arg>VI</arg>
<arg>VN</arg>
<arg>VU</arg>
<arg>WF</arg>
<arg>WS</arg>
<arg>XK</arg>
<arg>YE</arg>
<arg>YT</arg>
<arg>ZA</arg>
<arg>ZM</arg>
<arg>ZW</arg>
<doc>Returns a list containing given items.</doc>
<status status="PASS" start="2024-03-25T02:22:41.586931" elapsed="0.000628"/>
</kw>
<kw name="List Should Contain Value" owner="Collections">
<msg time="2024-03-25T02:22:41.588735" level="INFO">False</msg>
<arg>${list_country}</arg>
<arg>${name_country}</arg>
<doc>Fails if the ``value`` is not found from ``list``.</doc>
<status status="PASS" start="2024-03-25T02:22:41.588526" elapsed="0.000247"/>
</kw>
<kw name="Run Keyword If" owner="BuiltIn">
<kw name="Should Be True" owner="BuiltIn">
<arg>${True}</arg>
<doc>Fails if the given condition is not true.</doc>
<status status="PASS" start="2024-03-25T02:22:41.589886" elapsed="0.000148"/>
</kw>
<arg>${json_data["results"][0]["location"]["coordinates"]["latitude"]} &gt;= -90 and ${json_data["results"][0]["location"]["coordinates"]["latitude"]} &lt;= 90</arg>
<arg>Should Be True</arg>
<arg>${True}</arg>
<doc>Runs the given keyword with the given arguments, if ``condition`` is true.</doc>
<status status="PASS" start="2024-03-25T02:22:41.589106" elapsed="0.001059"/>
</kw>
<kw name="Run Keyword If" owner="BuiltIn">
<kw name="Should Be True" owner="BuiltIn">
<arg>${True}</arg>
<doc>Fails if the given condition is not true.</doc>
<status status="PASS" start="2024-03-25T02:22:41.591060" elapsed="0.000140"/>
</kw>
<arg>${json_data["results"][0]["location"]["coordinates"]["longitude"]} &gt;= -180 and ${json_data["results"][0]["location"]["coordinates"]["longitude"]} &lt;= 180</arg>
<arg>Should Be True</arg>
<arg>${True}</arg>
<doc>Runs the given keyword with the given arguments, if ``condition`` is true.</doc>
<status status="PASS" start="2024-03-25T02:22:41.590355" elapsed="0.000971"/>
</kw>
<status status="PASS" start="2024-03-25T02:22:41.494927" elapsed="0.096533"/>
</kw>
<doc>Testa o conteúdo específico dos campos retornados pela API.</doc>
<tag>testeConteudo</tag>
<status status="PASS" start="2024-03-25T02:22:41.494444" elapsed="0.097175"/>
</test>
<status status="PASS" start="2024-03-25T02:22:40.595024" elapsed="0.998629"/>
</suite>
<status status="PASS" start="2024-03-25T02:22:40.580866" elapsed="1.018263"/>
</suite>
<statistics>
<total>
<stat pass="5" fail="0" skip="0">All Tests</stat>
</total>
<tag>
<stat pass="1" fail="0" skip="0">testeConteudo</stat>
<stat pass="1" fail="0" skip="0">testeEstruturaResposta</stat>
<stat pass="1" fail="0" skip="0">testeRequisicaoBasica</stat>
<stat pass="1" fail="0" skip="0">testeTiposDados</stat>
</tag>
<suite>
<stat pass="5" fail="0" skip="0" id="s1" name="Tests">Tests</stat>
<stat pass="5" fail="0" skip="0" id="s1-s1" name="Random-User-Test">Tests.Random-User-Test</stat>
</suite>
</statistics>
<errors>
</errors>
</robot>
