<?xml version="1.0" encoding="UTF-8"?>
<robot generator="Robot 7.0 (Python 3.12.3 on linux)" generated="2024-05-27T08:19:07.545458" rpa="false" schemaversion="5">
<suite id="s1" name="Tests" source="/home/runner/work/ApiRandomUser/ApiRandomUser/RamdonUser/tests">
<suite id="s1-s1" name="Random-User-Test" source="/home/runner/work/ApiRandomUser/ApiRandomUser/RamdonUser/tests/random-user-test.robot">
<test id="s1-s1-t1" name="Conectar" line="13">
<kw name="Conectar API" owner="random-user-service">
<kw name="Create Session" owner="RequestsLibrary">
<msg time="2024-05-27T08:19:07.949302" level="INFO">Creating Session using : alias=consultarAPI, url=https://randomuser.me/, headers={},                     cookies={}, auth=None, timeout=None, proxies=None, verify=False,                     debug=0 </msg>
<arg>consultarAPI</arg>
<arg>${URL}</arg>
<doc>Create Session: create a HTTP session to a server</doc>
<status status="PASS" start="2024-05-27T08:19:07.949097" elapsed="0.000394"/>
</kw>
<status status="PASS" start="2024-05-27T08:19:07.948031" elapsed="0.001828"/>
</kw>
<status status="PASS" start="2024-05-27T08:19:07.947437" elapsed="0.002662"/>
</test>
<test id="s1-s1-t2" name="Validar retorno 200 e JSON Válido" line="16">
<kw name="Teste de Requisicao Basica" owner="random-user-service">
<kw name="GET On Session" owner="RequestsLibrary">
<msg time="2024-05-27T08:19:08.004550" level="INFO">GET Request : url=https://randomuser.me/api 
 path_url=/api 
 headers={'User-Agent': 'python-requests/2.32.2', 'Accept-Encoding': 'gzip, deflate', 'Accept': '*/*', 'Connection': 'keep-alive'} 
 body=None 
 </msg>
<msg time="2024-05-27T08:19:08.004735" level="INFO">GET Response : url=https://randomuser.me/api 
 status=200, reason=OK 
 headers={'Date': 'Mon, 27 May 2024 08:19:08 GMT', 'Content-Type': 'application/json; charset=utf-8', 'Transfer-Encoding': 'chunked', 'Connection': 'keep-alive', 'X-Powered-By': 'Express', 'Access-Control-Allow-Origin': '*', 'Cache-Control': 'no-cache', 'ETag': 'W/"4a2-M0AYatIUQ60FqI1r9KCwf8aQp0s"', 'Vary': 'Accept-Encoding', 'Content-Encoding': 'gzip', 'CF-Cache-Status': 'DYNAMIC', 'Report-To': '{"endpoints":[{"url":"https:\\/\\/a.nel.cloudflare.com\\/report\\/v4?s=f8L%2F6evW1tm2bcwjRYtRaNlQlZCIp1GfhgrYvgmrzC4ClY8B%2BlrfLNvp3sE%2B5vuQfeZgzZPKuQQvctNKQQbdhNozbgc6UzvhaYt0MJ4UYlELvZcEV2SRDdE1ehhTapfX"}],"group":"cf-nel","max_age":604800}', 'NEL': '{"success_fraction":0,"report_to":"cf-nel","max_age":604800}', 'Server': 'cloudflare', 'CF-RAY': '88a49406cbe007b9-IAD', 'alt-svc': 'h3=":443"; ma=86400'} 
 body={"results":[{"gender":"male","name":{"title":"Mr","first":"Rupert","last":"Wahl"},"location":{"street":{"number":2816,"name":"Schillerstraße"},"city":"Quedlinburg","state":"Brandenburg","country":"Germany","postcode":86720,"coordinates":{"latitude":"-53.9759","longitude":"-30.6189"},"timezone":{"offset":"0:00","description":"Western Europe Time, London, Lisbon, Casablanca"}},"email":"rupert.wahl@example.com","login":{"uuid":"de74db3d-697a-4621-a13d-7131ce4afddc","username":"brownswan515","password":"aquarius","salt":"zLEOAke4","md5":"fdcc4002c33d985f9a2af8c28d6fec89","sha1":"7568c029ef96e0231cfa16faa8570e10a3987f8c","sha256":"ca21edc31f24ca7ee610ef61efebf49e724fc6f9940e53cb651c46de9b14c487"},"dob":{"date":"1949-10-20T00:16:54.831Z","age":74},"registered":{"date":"2006-12-02T07:17:02.265Z","age":17},"phone":"0793-6988759","cell":"0177-6309234","id":{"name":"SVNR","value":"64 191049 W 066"},"picture":{"large":"https://randomuser.me/api/portraits/men/12.jpg","medium":"https://randomuser.me/api/portraits/med/men/12.jpg","thumbnail":"https://randomuser.me/api/portraits/thumb/men/12.jpg"},"nat":"DE"}],"info":{"seed":"1335a6ccbe27408c","results":1,"page":1,"version":"1.4"}} 
 </msg>
<msg time="2024-05-27T08:19:08.004840" level="INFO">/opt/hostedtoolcache/Python/3.12.3/x64/lib/python3.12/site-packages/urllib3/connectionpool.py:1103: InsecureRequestWarning: Unverified HTTPS request is being made to host 'randomuser.me'. Adding certificate verification is strongly advised. See: https://urllib3.readthedocs.io/en/latest/advanced-usage.html#tls-warnings
  warnings.warn(</msg>
<msg time="2024-05-27T08:19:08.005022" level="INFO">${response} = &lt;Response [200]&gt;</msg>
<var>${response}</var>
<arg>consultarAPI</arg>
<arg>/api</arg>
<doc>Sends a GET request on a previously created HTTP Session.</doc>
<status status="PASS" start="2024-05-27T08:19:07.952733" elapsed="0.052332"/>
</kw>
<kw name="Should Be Equal As Numbers" owner="BuiltIn">
<msg time="2024-05-27T08:19:08.006144" level="INFO">Argument types are:
&lt;class 'int'&gt;
&lt;class 'str'&gt;</msg>
<arg>${response.status_code}</arg>
<arg>200</arg>
<doc>Fails if objects are unequal after converting them to real numbers.</doc>
<status status="PASS" start="2024-05-27T08:19:08.005624" elapsed="0.000595"/>
</kw>
<kw name="Log" owner="BuiltIn">
<msg time="2024-05-27T08:19:08.007001" level="INFO">200</msg>
<arg>${response.status_code}</arg>
<doc>Logs the given message with the given level.</doc>
<status status="PASS" start="2024-05-27T08:19:08.006620" elapsed="0.000435"/>
</kw>
<kw name="Set Variable" owner="BuiltIn">
<msg time="2024-05-27T08:19:08.007861" level="INFO">${json_data} = {'results': [{'gender': 'male', 'name': {'title': 'Mr', 'first': 'Rupert', 'last': 'Wahl'}, 'location': {'street': {'number': 2816, 'name': 'Schillerstraße'}, 'city': 'Quedlinburg', 'state': 'Brandenb...</msg>
<var>${json_data}</var>
<arg>${response.json()}</arg>
<doc>Returns the given values which can then be assigned to a variables.</doc>
<status status="PASS" start="2024-05-27T08:19:08.007398" elapsed="0.000495"/>
</kw>
<kw name="Dictionary Should Contain Key" owner="Collections">
<msg time="2024-05-27T08:19:08.008400" level="INFO">False</msg>
<arg>${json_data}</arg>
<arg>results</arg>
<doc>Fails if ``key`` is not found from ``dictionary``.</doc>
<status status="PASS" start="2024-05-27T08:19:08.008215" elapsed="0.000409"/>
</kw>
<status status="PASS" start="2024-05-27T08:19:07.952481" elapsed="0.056420"/>
</kw>
<doc>Testa se a API responde corretamente e retorna um objeto JSON válido.</doc>
<tag>testeRequisicaoBasica</tag>
<status status="PASS" start="2024-05-27T08:19:07.952009" elapsed="0.057114"/>
</test>
<test id="s1-s1-t3" name="Validar estrutura de resposta" line="22">
<kw name="Teste de Estrutura de Resposta" owner="random-user-service">
<kw name="GET On Session" owner="RequestsLibrary">
<msg time="2024-05-27T08:19:08.103651" level="INFO">GET Request : url=https://randomuser.me/api 
 path_url=/api 
 headers={'User-Agent': 'python-requests/2.32.2', 'Accept-Encoding': 'gzip, deflate', 'Accept': '*/*', 'Connection': 'keep-alive'} 
 body=None 
 </msg>
<msg time="2024-05-27T08:19:08.103776" level="INFO">GET Response : url=https://randomuser.me/api 
 status=200, reason=OK 
 headers={'Date': 'Mon, 27 May 2024 08:19:08 GMT', 'Content-Type': 'application/json; charset=utf-8', 'Transfer-Encoding': 'chunked', 'Connection': 'keep-alive', 'X-Powered-By': 'Express', 'Access-Control-Allow-Origin': '*', 'Cache-Control': 'no-cache', 'ETag': 'W/"4a5-qu/zIM1aDJcLrdD5vJSGJtGbtpg"', 'Vary': 'Accept-Encoding', 'Content-Encoding': 'gzip', 'CF-Cache-Status': 'DYNAMIC', 'Report-To': '{"endpoints":[{"url":"https:\\/\\/a.nel.cloudflare.com\\/report\\/v4?s=SvevamHE6ekZ%2BFTYr0PdVyyZljULKip8seNMApTXT3n7uIFpJX37ClesLxwEKR%2Fi2drvW3wu4kr0fMGwNjIiL%2FEe9IrgRsB%2FJR0j227D8BA6Yh8wVjx9HeZaI2lVAk1c"}],"group":"cf-nel","max_age":604800}', 'NEL': '{"success_fraction":0,"report_to":"cf-nel","max_age":604800}', 'Server': 'cloudflare', 'CF-RAY': '88a494071c1b07b9-IAD', 'alt-svc': 'h3=":443"; ma=86400'} 
 body={"results":[{"gender":"female","name":{"title":"Ms","first":"Stefana","last":"Marinković"},"location":{"street":{"number":2666,"name":"Karla Belonija "},"city":"Štrpce","state":"Šumadija","country":"Serbia","postcode":13439,"coordinates":{"latitude":"59.8899","longitude":"173.1123"},"timezone":{"offset":"-4:00","description":"Atlantic Time (Canada), Caracas, La Paz"}},"email":"stefana.marinkovic@example.com","login":{"uuid":"c6a445be-0b6c-476b-80bf-7800b0fccb60","username":"whiteladybug558","password":"pumpkin","salt":"RzVCATtb","md5":"8142f22f75cc891204e0a745e082a107","sha1":"5dbbc53df56b8aa0dd75546736d6254f626b822d","sha256":"655f348e9668d399b1861de401274f3f50df44d75bd1155e0c883d8191fde6f9"},"dob":{"date":"1945-11-21T01:22:33.355Z","age":78},"registered":{"date":"2002-07-05T03:01:18.675Z","age":21},"phone":"019-7773-086","cell":"067-0006-507","id":{"name":"SID","value":"812319524"},"picture":{"large":"https://randomuser.me/api/portraits/women/68.jpg","medium":"https://randomuser.me/api/portraits/med/women/68.jpg","thumbnail":"https://randomuser.me/api/portraits/thumb/women/68.jpg"},"nat":"RS"}],"info":{"seed":"1b52da433577cc2e","results":1,"page":1,"version":"1.4"}} 
 </msg>
<msg time="2024-05-27T08:19:08.103970" level="INFO">/opt/hostedtoolcache/Python/3.12.3/x64/lib/python3.12/site-packages/urllib3/connectionpool.py:1103: InsecureRequestWarning: Unverified HTTPS request is being made to host 'randomuser.me'. Adding certificate verification is strongly advised. See: https://urllib3.readthedocs.io/en/latest/advanced-usage.html#tls-warnings
  warnings.warn(</msg>
<msg time="2024-05-27T08:19:08.104132" level="INFO">${response} = &lt;Response [200]&gt;</msg>
<var>${response}</var>
<arg>consultarAPI</arg>
<arg>/api</arg>
<doc>Sends a GET request on a previously created HTTP Session.</doc>
<status status="PASS" start="2024-05-27T08:19:08.011843" elapsed="0.092331"/>
</kw>
<kw name="Set Variable" owner="BuiltIn">
<msg time="2024-05-27T08:19:08.105344" level="INFO">${json_data} = {'results': [{'gender': 'female', 'name': {'title': 'Ms', 'first': 'Stefana', 'last': 'Marinković'}, 'location': {'street': {'number': 2666, 'name': 'Karla Belonija '}, 'city': 'Štrpce', 'state': 'Šum...</msg>
<var>${json_data}</var>
<arg>${response.json()}</arg>
<doc>Returns the given values which can then be assigned to a variables.</doc>
<status status="PASS" start="2024-05-27T08:19:08.104739" elapsed="0.000638"/>
</kw>
<kw name="Log" owner="BuiltIn">
<msg time="2024-05-27T08:19:08.105929" level="INFO">{'results': [{'gender': 'female', 'name': {'title': 'Ms', 'first': 'Stefana', 'last': 'Marinković'}, 'location': {'street': {'number': 2666, 'name': 'Karla Belonija '}, 'city': 'Štrpce', 'state': 'Šumadija', 'country': 'Serbia', 'postcode': 13439, 'coordinates': {'latitude': '59.8899', 'longitude': '173.1123'}, 'timezone': {'offset': '-4:00', 'description': 'Atlantic Time (Canada), Caracas, La Paz'}}, 'email': 'stefana.marinkovic@example.com', 'login': {'uuid': 'c6a445be-0b6c-476b-80bf-7800b0fccb60', 'username': 'whiteladybug558', 'password': 'pumpkin', 'salt': 'RzVCATtb', 'md5': '8142f22f75cc891204e0a745e082a107', 'sha1': '5dbbc53df56b8aa0dd75546736d6254f626b822d', 'sha256': '655f348e9668d399b1861de401274f3f50df44d75bd1155e0c883d8191fde6f9'}, 'dob': {'date': '1945-11-21T01:22:33.355Z', 'age': 78}, 'registered': {'date': '2002-07-05T03:01:18.675Z', 'age': 21}, 'phone': '019-7773-086', 'cell': '067-0006-507', 'id': {'name': 'SID', 'value': '812319524'}, 'picture': {'large': 'https://randomuser.me/api/portraits/women/68.jpg', 'medium': 'https://randomuser.me/api/portraits/med/women/68.jpg', 'thumbnail': 'https://randomuser.me/api/portraits/thumb/women/68.jpg'}, 'nat': 'RS'}], 'info': {'seed': '1b52da433577cc2e', 'results': 1, 'page': 1, 'version': '1.4'}}</msg>
<arg>${json_data}</arg>
<doc>Logs the given message with the given level.</doc>
<status status="PASS" start="2024-05-27T08:19:08.105748" elapsed="0.000269"/>
</kw>
<kw name="Dictionary Should Contain Key" owner="Collections">
<msg time="2024-05-27T08:19:08.106519" level="INFO">False</msg>
<arg>${json_data}</arg>
<arg>results</arg>
<doc>Fails if ``key`` is not found from ``dictionary``.</doc>
<status status="PASS" start="2024-05-27T08:19:08.106349" elapsed="0.000210"/>
</kw>
<kw name="Should Not Be Empty" owner="BuiltIn">
<msg time="2024-05-27T08:19:08.107015" level="INFO">Length is 2.</msg>
<arg>${json_data}</arg>
<doc>Verifies that the given item is not empty.</doc>
<status status="PASS" start="2024-05-27T08:19:08.106869" elapsed="0.000186"/>
</kw>
<kw name="Create List" owner="BuiltIn">
<msg time="2024-05-27T08:19:08.107514" level="INFO">${expected_keys} = ['gender', 'name', 'location', 'email', 'login']</msg>
<var>${expected_keys}</var>
<arg>gender</arg>
<arg>name</arg>
<arg>location</arg>
<arg>email</arg>
<arg>login</arg>
<doc>Returns a list containing given items.</doc>
<status status="PASS" start="2024-05-27T08:19:08.107360" elapsed="0.000178"/>
</kw>
<for flavor="IN">
<iter>
<kw name="Dictionary Should Contain Key" owner="Collections">
<msg time="2024-05-27T08:19:08.108585" level="INFO">False</msg>
<arg>${json_data['results'][0]}</arg>
<arg>${key}</arg>
<doc>Fails if ``key`` is not found from ``dictionary``.</doc>
<status status="PASS" start="2024-05-27T08:19:08.108146" elapsed="0.000480"/>
</kw>
<kw name="Log" owner="BuiltIn">
<msg time="2024-05-27T08:19:08.109462" level="INFO">{'gender': 'female', 'name': {'title': 'Ms', 'first': 'Stefana', 'last': 'Marinković'}, 'location': {'street': {'number': 2666, 'name': 'Karla Belonija '}, 'city': 'Štrpce', 'state': 'Šumadija', 'country': 'Serbia', 'postcode': 13439, 'coordinates': {'latitude': '59.8899', 'longitude': '173.1123'}, 'timezone': {'offset': '-4:00', 'description': 'Atlantic Time (Canada), Caracas, La Paz'}}, 'email': 'stefana.marinkovic@example.com', 'login': {'uuid': 'c6a445be-0b6c-476b-80bf-7800b0fccb60', 'username': 'whiteladybug558', 'password': 'pumpkin', 'salt': 'RzVCATtb', 'md5': '8142f22f75cc891204e0a745e082a107', 'sha1': '5dbbc53df56b8aa0dd75546736d6254f626b822d', 'sha256': '655f348e9668d399b1861de401274f3f50df44d75bd1155e0c883d8191fde6f9'}, 'dob': {'date': '1945-11-21T01:22:33.355Z', 'age': 78}, 'registered': {'date': '2002-07-05T03:01:18.675Z', 'age': 21}, 'phone': '019-7773-086', 'cell': '067-0006-507', 'id': {'name': 'SID', 'value': '812319524'}, 'picture': {'large': 'https://randomuser.me/api/portraits/women/68.jpg', 'medium': 'https://randomuser.me/api/portraits/med/women/68.jpg', 'thumbnail': 'https://randomuser.me/api/portraits/thumb/women/68.jpg'}, 'nat': 'RS'}</msg>
<arg>${json_data['results'][0]}</arg>
<doc>Logs the given message with the given level.</doc>
<status status="PASS" start="2024-05-27T08:19:08.108933" elapsed="0.000617"/>
</kw>
<kw name="Log" owner="BuiltIn">
<msg time="2024-05-27T08:19:08.110207" level="INFO">gender</msg>
<arg>${key}</arg>
<doc>Logs the given message with the given level.</doc>
<status status="PASS" start="2024-05-27T08:19:08.110021" elapsed="0.000244"/>
</kw>
<var name="${key}">gender</var>
<status status="PASS" start="2024-05-27T08:19:08.108014" elapsed="0.002554"/>
</iter>
<iter>
<kw name="Dictionary Should Contain Key" owner="Collections">
<msg time="2024-05-27T08:19:08.111673" level="INFO">False</msg>
<arg>${json_data['results'][0]}</arg>
<arg>${key}</arg>
<doc>Fails if ``key`` is not found from ``dictionary``.</doc>
<status status="PASS" start="2024-05-27T08:19:08.111033" elapsed="0.000697"/>
</kw>
<kw name="Log" owner="BuiltIn">
<msg time="2024-05-27T08:19:08.112851" level="INFO">{'gender': 'female', 'name': {'title': 'Ms', 'first': 'Stefana', 'last': 'Marinković'}, 'location': {'street': {'number': 2666, 'name': 'Karla Belonija '}, 'city': 'Štrpce', 'state': 'Šumadija', 'country': 'Serbia', 'postcode': 13439, 'coordinates': {'latitude': '59.8899', 'longitude': '173.1123'}, 'timezone': {'offset': '-4:00', 'description': 'Atlantic Time (Canada), Caracas, La Paz'}}, 'email': 'stefana.marinkovic@example.com', 'login': {'uuid': 'c6a445be-0b6c-476b-80bf-7800b0fccb60', 'username': 'whiteladybug558', 'password': 'pumpkin', 'salt': 'RzVCATtb', 'md5': '8142f22f75cc891204e0a745e082a107', 'sha1': '5dbbc53df56b8aa0dd75546736d6254f626b822d', 'sha256': '655f348e9668d399b1861de401274f3f50df44d75bd1155e0c883d8191fde6f9'}, 'dob': {'date': '1945-11-21T01:22:33.355Z', 'age': 78}, 'registered': {'date': '2002-07-05T03:01:18.675Z', 'age': 21}, 'phone': '019-7773-086', 'cell': '067-0006-507', 'id': {'name': 'SID', 'value': '812319524'}, 'picture': {'large': 'https://randomuser.me/api/portraits/women/68.jpg', 'medium': 'https://randomuser.me/api/portraits/med/women/68.jpg', 'thumbnail': 'https://randomuser.me/api/portraits/thumb/women/68.jpg'}, 'nat': 'RS'}</msg>
<arg>${json_data['results'][0]}</arg>
<doc>Logs the given message with the given level.</doc>
<status status="PASS" start="2024-05-27T08:19:08.112222" elapsed="0.000723"/>
</kw>
<kw name="Log" owner="BuiltIn">
<msg time="2024-05-27T08:19:08.113573" level="INFO">name</msg>
<arg>${key}</arg>
<doc>Logs the given message with the given level.</doc>
<status status="PASS" start="2024-05-27T08:19:08.113384" elapsed="0.000250"/>
</kw>
<var name="${key}">name</var>
<status status="PASS" start="2024-05-27T08:19:08.110840" elapsed="0.003142"/>
</iter>
<iter>
<kw name="Dictionary Should Contain Key" owner="Collections">
<msg time="2024-05-27T08:19:08.115121" level="INFO">False</msg>
<arg>${json_data['results'][0]}</arg>
<arg>${key}</arg>
<doc>Fails if ``key`` is not found from ``dictionary``.</doc>
<status status="PASS" start="2024-05-27T08:19:08.114473" elapsed="0.000717"/>
</kw>
<kw name="Log" owner="BuiltIn">
<msg time="2024-05-27T08:19:08.116288" level="INFO">{'gender': 'female', 'name': {'title': 'Ms', 'first': 'Stefana', 'last': 'Marinković'}, 'location': {'street': {'number': 2666, 'name': 'Karla Belonija '}, 'city': 'Štrpce', 'state': 'Šumadija', 'country': 'Serbia', 'postcode': 13439, 'coordinates': {'latitude': '59.8899', 'longitude': '173.1123'}, 'timezone': {'offset': '-4:00', 'description': 'Atlantic Time (Canada), Caracas, La Paz'}}, 'email': 'stefana.marinkovic@example.com', 'login': {'uuid': 'c6a445be-0b6c-476b-80bf-7800b0fccb60', 'username': 'whiteladybug558', 'password': 'pumpkin', 'salt': 'RzVCATtb', 'md5': '8142f22f75cc891204e0a745e082a107', 'sha1': '5dbbc53df56b8aa0dd75546736d6254f626b822d', 'sha256': '655f348e9668d399b1861de401274f3f50df44d75bd1155e0c883d8191fde6f9'}, 'dob': {'date': '1945-11-21T01:22:33.355Z', 'age': 78}, 'registered': {'date': '2002-07-05T03:01:18.675Z', 'age': 21}, 'phone': '019-7773-086', 'cell': '067-0006-507', 'id': {'name': 'SID', 'value': '812319524'}, 'picture': {'large': 'https://randomuser.me/api/portraits/women/68.jpg', 'medium': 'https://randomuser.me/api/portraits/med/women/68.jpg', 'thumbnail': 'https://randomuser.me/api/portraits/thumb/women/68.jpg'}, 'nat': 'RS'}</msg>
<arg>${json_data['results'][0]}</arg>
<doc>Logs the given message with the given level.</doc>
<status status="PASS" start="2024-05-27T08:19:08.115691" elapsed="0.000679"/>
</kw>
<kw name="Log" owner="BuiltIn">
<msg time="2024-05-27T08:19:08.117041" level="INFO">location</msg>
<arg>${key}</arg>
<doc>Logs the given message with the given level.</doc>
<status status="PASS" start="2024-05-27T08:19:08.116829" elapsed="0.000284"/>
</kw>
<var name="${key}">location</var>
<status status="PASS" start="2024-05-27T08:19:08.114298" elapsed="0.003161"/>
</iter>
<iter>
<kw name="Dictionary Should Contain Key" owner="Collections">
<msg time="2024-05-27T08:19:08.118751" level="INFO">False</msg>
<arg>${json_data['results'][0]}</arg>
<arg>${key}</arg>
<doc>Fails if ``key`` is not found from ``dictionary``.</doc>
<status status="PASS" start="2024-05-27T08:19:08.117981" elapsed="0.000830"/>
</kw>
<kw name="Log" owner="BuiltIn">
<msg time="2024-05-27T08:19:08.119819" level="INFO">{'gender': 'female', 'name': {'title': 'Ms', 'first': 'Stefana', 'last': 'Marinković'}, 'location': {'street': {'number': 2666, 'name': 'Karla Belonija '}, 'city': 'Štrpce', 'state': 'Šumadija', 'country': 'Serbia', 'postcode': 13439, 'coordinates': {'latitude': '59.8899', 'longitude': '173.1123'}, 'timezone': {'offset': '-4:00', 'description': 'Atlantic Time (Canada), Caracas, La Paz'}}, 'email': 'stefana.marinkovic@example.com', 'login': {'uuid': 'c6a445be-0b6c-476b-80bf-7800b0fccb60', 'username': 'whiteladybug558', 'password': 'pumpkin', 'salt': 'RzVCATtb', 'md5': '8142f22f75cc891204e0a745e082a107', 'sha1': '5dbbc53df56b8aa0dd75546736d6254f626b822d', 'sha256': '655f348e9668d399b1861de401274f3f50df44d75bd1155e0c883d8191fde6f9'}, 'dob': {'date': '1945-11-21T01:22:33.355Z', 'age': 78}, 'registered': {'date': '2002-07-05T03:01:18.675Z', 'age': 21}, 'phone': '019-7773-086', 'cell': '067-0006-507', 'id': {'name': 'SID', 'value': '812319524'}, 'picture': {'large': 'https://randomuser.me/api/portraits/women/68.jpg', 'medium': 'https://randomuser.me/api/portraits/med/women/68.jpg', 'thumbnail': 'https://randomuser.me/api/portraits/thumb/women/68.jpg'}, 'nat': 'RS'}</msg>
<arg>${json_data['results'][0]}</arg>
<doc>Logs the given message with the given level.</doc>
<status status="PASS" start="2024-05-27T08:19:08.119249" elapsed="0.000653"/>
</kw>
<kw name="Log" owner="BuiltIn">
<msg time="2024-05-27T08:19:08.120568" level="INFO">email</msg>
<arg>${key}</arg>
<doc>Logs the given message with the given level.</doc>
<status status="PASS" start="2024-05-27T08:19:08.120363" elapsed="0.000271"/>
</kw>
<var name="${key}">email</var>
<status status="PASS" start="2024-05-27T08:19:08.117757" elapsed="0.003221"/>
</iter>
<iter>
<kw name="Dictionary Should Contain Key" owner="Collections">
<msg time="2024-05-27T08:19:08.122110" level="INFO">False</msg>
<arg>${json_data['results'][0]}</arg>
<arg>${key}</arg>
<doc>Fails if ``key`` is not found from ``dictionary``.</doc>
<status status="PASS" start="2024-05-27T08:19:08.121438" elapsed="0.000733"/>
</kw>
<kw name="Log" owner="BuiltIn">
<msg time="2024-05-27T08:19:08.123254" level="INFO">{'gender': 'female', 'name': {'title': 'Ms', 'first': 'Stefana', 'last': 'Marinković'}, 'location': {'street': {'number': 2666, 'name': 'Karla Belonija '}, 'city': 'Štrpce', 'state': 'Šumadija', 'country': 'Serbia', 'postcode': 13439, 'coordinates': {'latitude': '59.8899', 'longitude': '173.1123'}, 'timezone': {'offset': '-4:00', 'description': 'Atlantic Time (Canada), Caracas, La Paz'}}, 'email': 'stefana.marinkovic@example.com', 'login': {'uuid': 'c6a445be-0b6c-476b-80bf-7800b0fccb60', 'username': 'whiteladybug558', 'password': 'pumpkin', 'salt': 'RzVCATtb', 'md5': '8142f22f75cc891204e0a745e082a107', 'sha1': '5dbbc53df56b8aa0dd75546736d6254f626b822d', 'sha256': '655f348e9668d399b1861de401274f3f50df44d75bd1155e0c883d8191fde6f9'}, 'dob': {'date': '1945-11-21T01:22:33.355Z', 'age': 78}, 'registered': {'date': '2002-07-05T03:01:18.675Z', 'age': 21}, 'phone': '019-7773-086', 'cell': '067-0006-507', 'id': {'name': 'SID', 'value': '812319524'}, 'picture': {'large': 'https://randomuser.me/api/portraits/women/68.jpg', 'medium': 'https://randomuser.me/api/portraits/med/women/68.jpg', 'thumbnail': 'https://randomuser.me/api/portraits/thumb/women/68.jpg'}, 'nat': 'RS'}</msg>
<arg>${json_data['results'][0]}</arg>
<doc>Logs the given message with the given level.</doc>
<status status="PASS" start="2024-05-27T08:19:08.122629" elapsed="0.000716"/>
</kw>
<kw name="Log" owner="BuiltIn">
<msg time="2024-05-27T08:19:08.124014" level="INFO">login</msg>
<arg>${key}</arg>
<doc>Logs the given message with the given level.</doc>
<status status="PASS" start="2024-05-27T08:19:08.123824" elapsed="0.000295"/>
</kw>
<var name="${key}">login</var>
<status status="PASS" start="2024-05-27T08:19:08.121262" elapsed="0.003182"/>
</iter>
<var>${key}</var>
<value>@{expected_keys}</value>
<status status="PASS" start="2024-05-27T08:19:08.107807" elapsed="0.016846"/>
</for>
<kw name="Create List" owner="BuiltIn">
<msg time="2024-05-27T08:19:08.125201" level="INFO">${expected_keysTwo} = ['username', 'password']</msg>
<var>${expected_keysTwo}</var>
<arg>username</arg>
<arg>password</arg>
<doc>Returns a list containing given items.</doc>
<status status="PASS" start="2024-05-27T08:19:08.124976" elapsed="0.000267"/>
</kw>
<for flavor="IN">
<iter>
<kw name="Dictionary Should Contain Key" owner="Collections">
<msg time="2024-05-27T08:19:08.126654" level="INFO">False</msg>
<arg>${json_data['results'][0]['login']}</arg>
<arg>${keyTwo}</arg>
<doc>Fails if ``key`` is not found from ``dictionary``.</doc>
<status status="PASS" start="2024-05-27T08:19:08.126062" elapsed="0.000648"/>
</kw>
<kw name="Dictionary Should Contain Key" owner="Collections">
<msg time="2024-05-27T08:19:08.127822" level="INFO">False</msg>
<arg>${json_data['results'][0]['login']}</arg>
<arg>${keyTwo}</arg>
<doc>Fails if ``key`` is not found from ``dictionary``.</doc>
<status status="PASS" start="2024-05-27T08:19:08.127149" elapsed="0.000741"/>
</kw>
<kw name="Log" owner="BuiltIn">
<msg time="2024-05-27T08:19:08.128529" level="INFO">username</msg>
<arg>${keyTwo}</arg>
<doc>Logs the given message with the given level.</doc>
<status status="PASS" start="2024-05-27T08:19:08.128340" elapsed="0.000249"/>
</kw>
<var name="${keyTwo}">username</var>
<status status="PASS" start="2024-05-27T08:19:08.125867" elapsed="0.003053"/>
</iter>
<iter>
<kw name="Dictionary Should Contain Key" owner="Collections">
<msg time="2024-05-27T08:19:08.130103" level="INFO">False</msg>
<arg>${json_data['results'][0]['login']}</arg>
<arg>${keyTwo}</arg>
<doc>Fails if ``key`` is not found from ``dictionary``.</doc>
<status status="PASS" start="2024-05-27T08:19:08.129404" elapsed="0.000762"/>
</kw>
<kw name="Dictionary Should Contain Key" owner="Collections">
<msg time="2024-05-27T08:19:08.131197" level="INFO">False</msg>
<arg>${json_data['results'][0]['login']}</arg>
<arg>${keyTwo}</arg>
<doc>Fails if ``key`` is not found from ``dictionary``.</doc>
<status status="PASS" start="2024-05-27T08:19:08.130599" elapsed="0.000659"/>
</kw>
<kw name="Log" owner="BuiltIn">
<msg time="2024-05-27T08:19:08.131940" level="INFO">password</msg>
<arg>${keyTwo}</arg>
<doc>Logs the given message with the given level.</doc>
<status status="PASS" start="2024-05-27T08:19:08.131725" elapsed="0.000286"/>
</kw>
<var name="${keyTwo}">password</var>
<status status="PASS" start="2024-05-27T08:19:08.129210" elapsed="0.003130"/>
</iter>
<var>${keyTwo}</var>
<value>@{expected_keysTwo}</value>
<status status="PASS" start="2024-05-27T08:19:08.125619" elapsed="0.006915"/>
</for>
<status status="PASS" start="2024-05-27T08:19:08.011580" elapsed="0.121205"/>
</kw>
<doc>Testa a estrutura da resposta da API.</doc>
<tag>testeEstruturaResposta</tag>
<status status="PASS" start="2024-05-27T08:19:08.011033" elapsed="0.122030"/>
</test>
<test id="s1-s1-t4" name="Validar tipos de dados" line="28">
<kw name="Teste de Tipos de Dados" owner="random-user-service">
<kw name="GET On Session" owner="RequestsLibrary">
<msg time="2024-05-27T08:19:08.204101" level="INFO">GET Request : url=https://randomuser.me/api 
 path_url=/api 
 headers={'User-Agent': 'python-requests/2.32.2', 'Accept-Encoding': 'gzip, deflate', 'Accept': '*/*', 'Connection': 'keep-alive'} 
 body=None 
 </msg>
<msg time="2024-05-27T08:19:08.204250" level="INFO">GET Response : url=https://randomuser.me/api 
 status=200, reason=OK 
 headers={'Date': 'Mon, 27 May 2024 08:19:08 GMT', 'Content-Type': 'application/json; charset=utf-8', 'Transfer-Encoding': 'chunked', 'Connection': 'keep-alive', 'X-Powered-By': 'Express', 'Access-Control-Allow-Origin': '*', 'Cache-Control': 'no-cache', 'ETag': 'W/"47c-tFk3PdTQxQpPnKHW01U/M5gijsk"', 'Vary': 'Accept-Encoding', 'Content-Encoding': 'gzip', 'CF-Cache-Status': 'DYNAMIC', 'Report-To': '{"endpoints":[{"url":"https:\\/\\/a.nel.cloudflare.com\\/report\\/v4?s=fBlOpiPAb%2FPVp95c%2Fa8GsmjpI0irngLNQPehsPNYDbb%2Fb6wxU49otbrxVpcMkq62J1ICCeX%2BEuIk11DgZd0sJSY67NJj9T7J7Q42XpQHvtUtOjhg4WerjRslddquKkhH"}],"group":"cf-nel","max_age":604800}', 'NEL': '{"success_fraction":0,"report_to":"cf-nel","max_age":604800}', 'Server': 'cloudflare', 'CF-RAY': '88a49407dcc107b9-IAD', 'alt-svc': 'h3=":443"; ma=86400'} 
 body={"results":[{"gender":"male","name":{"title":"Mr","first":"George","last":"Li"},"location":{"street":{"number":2978,"name":"Springs Road"},"city":"Lower Hutt","state":"Bay of Plenty","country":"New Zealand","postcode":45297,"coordinates":{"latitude":"53.4744","longitude":"-135.3867"},"timezone":{"offset":"-1:00","description":"Azores, Cape Verde Islands"}},"email":"george.li@example.com","login":{"uuid":"6764c616-4183-4f54-a1a6-fec486a8be90","username":"redkoala952","password":"bearcat","salt":"rgHn9ur3","md5":"0e96dacddf95554462bf8217e855c98d","sha1":"37712a36ae64f79f069b51563837c96c4e4bb5bc","sha256":"d1e32fcdc2682ed2b3b00d43b272173db8ca0ceb3bd2937a0863cdc5399f7d0d"},"dob":{"date":"1995-12-02T03:46:15.735Z","age":28},"registered":{"date":"2017-08-23T04:46:35.187Z","age":6},"phone":"(536)-579-6073","cell":"(164)-962-8040","id":{"name":"","value":null},"picture":{"large":"https://randomuser.me/api/portraits/men/26.jpg","medium":"https://randomuser.me/api/portraits/med/men/26.jpg","thumbnail":"https://randomuser.me/api/portraits/thumb/men/26.jpg"},"nat":"NZ"}],"info":{"seed":"86be9689be0d5ce1","results":1,"page":1,"version":"1.4"}} 
 </msg>
<msg time="2024-05-27T08:19:08.204370" level="INFO">/opt/hostedtoolcache/Python/3.12.3/x64/lib/python3.12/site-packages/urllib3/connectionpool.py:1103: InsecureRequestWarning: Unverified HTTPS request is being made to host 'randomuser.me'. Adding certificate verification is strongly advised. See: https://urllib3.readthedocs.io/en/latest/advanced-usage.html#tls-warnings
  warnings.warn(</msg>
<msg time="2024-05-27T08:19:08.204563" level="INFO">${response} = &lt;Response [200]&gt;</msg>
<var>${response}</var>
<arg>consultarAPI</arg>
<arg>/api</arg>
<doc>Sends a GET request on a previously created HTTP Session.</doc>
<status status="PASS" start="2024-05-27T08:19:08.137372" elapsed="0.067241"/>
</kw>
<kw name="Set Variable" owner="BuiltIn">
<msg time="2024-05-27T08:19:08.206259" level="INFO">${json_data} = {'results': [{'gender': 'male', 'name': {'title': 'Mr', 'first': 'George', 'last': 'Li'}, 'location': {'street': {'number': 2978, 'name': 'Springs Road'}, 'city': 'Lower Hutt', 'state': 'Bay of Plenty...</msg>
<var>${json_data}</var>
<arg>${response.json()}</arg>
<doc>Returns the given values which can then be assigned to a variables.</doc>
<status status="PASS" start="2024-05-27T08:19:08.205408" elapsed="0.000900"/>
</kw>
<kw name="Log" owner="BuiltIn">
<msg time="2024-05-27T08:19:08.207172" level="INFO">{'results': [{'gender': 'male', 'name': {'title': 'Mr', 'first': 'George', 'last': 'Li'}, 'location': {'street': {'number': 2978, 'name': 'Springs Road'}, 'city': 'Lower Hutt', 'state': 'Bay of Plenty', 'country': 'New Zealand', 'postcode': 45297, 'coordinates': {'latitude': '53.4744', 'longitude': '-135.3867'}, 'timezone': {'offset': '-1:00', 'description': 'Azores, Cape Verde Islands'}}, 'email': 'george.li@example.com', 'login': {'uuid': '6764c616-4183-4f54-a1a6-fec486a8be90', 'username': 'redkoala952', 'password': 'bearcat', 'salt': 'rgHn9ur3', 'md5': '0e96dacddf95554462bf8217e855c98d', 'sha1': '37712a36ae64f79f069b51563837c96c4e4bb5bc', 'sha256': 'd1e32fcdc2682ed2b3b00d43b272173db8ca0ceb3bd2937a0863cdc5399f7d0d'}, 'dob': {'date': '1995-12-02T03:46:15.735Z', 'age': 28}, 'registered': {'date': '2017-08-23T04:46:35.187Z', 'age': 6}, 'phone': '(536)-579-6073', 'cell': '(164)-962-8040', 'id': {'name': '', 'value': None}, 'picture': {'large': 'https://randomuser.me/api/portraits/men/26.jpg', 'medium': 'https://randomuser.me/api/portraits/med/men/26.jpg', 'thumbnail': 'https://randomuser.me/api/portraits/thumb/men/26.jpg'}, 'nat': 'NZ'}], 'info': {'seed': '86be9689be0d5ce1', 'results': 1, 'page': 1, 'version': '1.4'}}</msg>
<arg>${json_data}</arg>
<doc>Logs the given message with the given level.</doc>
<status status="PASS" start="2024-05-27T08:19:08.206891" elapsed="0.000430"/>
</kw>
<kw name="Should Be String" owner="String">
<arg>${json_data['results'][0]['gender']}</arg>
<doc>Fails if the given ``item`` is not a string.</doc>
<status status="PASS" start="2024-05-27T08:19:08.207855" elapsed="0.000667"/>
</kw>
<kw name="Should Match Regexp" owner="BuiltIn">
<arg>${json_data['results'][0]['email']}</arg>
<arg>^[a-zA-Z0-9._%+-]+@[a-zA-Z0-9.-]+\.[a-zA-Z]{2,}$</arg>
<doc>Fails if ``string`` does not match ``pattern`` as a regular expression.</doc>
<status status="PASS" start="2024-05-27T08:19:08.208839" elapsed="0.001079"/>
</kw>
<kw name="Should Match Regexp" owner="BuiltIn">
<arg>${json_data['results'][0]['dob']['date']}</arg>
<arg>\\d{4}-\\d{2}-\\d{2}T\\d{2}:\\d{2}:\\d{2}\\.\\d{3}Z</arg>
<doc>Fails if ``string`` does not match ``pattern`` as a regular expression.</doc>
<status status="PASS" start="2024-05-27T08:19:08.210272" elapsed="0.000880"/>
</kw>
<kw name="Should Match Regexp" owner="BuiltIn">
<arg>${json_data['results'][0]['registered']['date']}</arg>
<arg>\\d{4}-\\d{2}-\\d{2}T\\d{2}:\\d{2}:\\d{2}\\.\\d{3}Z</arg>
<doc>Fails if ``string`` does not match ``pattern`` as a regular expression.</doc>
<status status="PASS" start="2024-05-27T08:19:08.211478" elapsed="0.000681"/>
</kw>
<kw name="Should Match Regexp" owner="BuiltIn">
<arg>${json_data['results'][0]['picture']['large']}</arg>
<arg>^https?://.*\.(?:png|jpe?g|gif|bmp)$</arg>
<doc>Fails if ``string`` does not match ``pattern`` as a regular expression.</doc>
<status status="PASS" start="2024-05-27T08:19:08.212468" elapsed="0.000803"/>
</kw>
<kw name="Should Match Regexp" owner="BuiltIn">
<arg>${json_data['results'][0]['picture']['medium']}</arg>
<arg>^https?://.*\.(?:png|jpe?g|gif|bmp)$</arg>
<doc>Fails if ``string`` does not match ``pattern`` as a regular expression.</doc>
<status status="PASS" start="2024-05-27T08:19:08.213593" elapsed="0.000666"/>
</kw>
<kw name="Should Match Regexp" owner="BuiltIn">
<arg>${json_data['results'][0]['picture']['thumbnail']}</arg>
<arg>^https?://.*\.(?:png|jpe?g|gif|bmp)$</arg>
<doc>Fails if ``string`` does not match ``pattern`` as a regular expression.</doc>
<status status="PASS" start="2024-05-27T08:19:08.214573" elapsed="0.000631"/>
</kw>
<kw name="Log" owner="BuiltIn">
<msg time="2024-05-27T08:19:08.216036" level="INFO">{'large': 'https://randomuser.me/api/portraits/men/26.jpg', 'medium': 'https://randomuser.me/api/portraits/med/men/26.jpg', 'thumbnail': 'https://randomuser.me/api/portraits/thumb/men/26.jpg'}</msg>
<arg>${json_data['results'][0]['picture']}</arg>
<doc>Logs the given message with the given level.</doc>
<status status="PASS" start="2024-05-27T08:19:08.215505" elapsed="0.000605"/>
</kw>
<status status="PASS" start="2024-05-27T08:19:08.137023" elapsed="0.079495"/>
</kw>
<kw name="Teste de Tipos de Dados - Postcode" owner="random-user-service">
<kw name="GET On Session" owner="RequestsLibrary">
<msg time="2024-05-27T08:19:08.309862" level="INFO">GET Request : url=https://randomuser.me/api 
 path_url=/api 
 headers={'User-Agent': 'python-requests/2.32.2', 'Accept-Encoding': 'gzip, deflate', 'Accept': '*/*', 'Connection': 'keep-alive'} 
 body=None 
 </msg>
<msg time="2024-05-27T08:19:08.310015" level="INFO">GET Response : url=https://randomuser.me/api 
 status=200, reason=OK 
 headers={'Date': 'Mon, 27 May 2024 08:19:08 GMT', 'Content-Type': 'application/json; charset=utf-8', 'Transfer-Encoding': 'chunked', 'Connection': 'keep-alive', 'X-Powered-By': 'Express', 'Access-Control-Allow-Origin': '*', 'Cache-Control': 'no-cache', 'ETag': 'W/"46f-VepKCCHB8LmoQ4hcdIqGhaTmwQI"', 'Vary': 'Accept-Encoding', 'Content-Encoding': 'gzip', 'CF-Cache-Status': 'DYNAMIC', 'Report-To': '{"endpoints":[{"url":"https:\\/\\/a.nel.cloudflare.com\\/report\\/v4?s=EULl8JOn5wMnMu9zlejqwRXUmUWvel8wIBhUJHUOruLPuV9sWIRO7DRtkpcqzcDo%2BE5mUbcOfE1DGlHOnI0smf5fVcBG1qImVV9QRH7tQFkr6G7rHe1KJU9Lkxvquqg8"}],"group":"cf-nel","max_age":604800}', 'NEL': '{"success_fraction":0,"report_to":"cf-nel","max_age":604800}', 'Server': 'cloudflare', 'CF-RAY': '88a494085d5107b9-IAD', 'alt-svc': 'h3=":443"; ma=86400'} 
 body={"results":[{"gender":"male","name":{"title":"Mr","first":"رادین","last":"حسینی"},"location":{"street":{"number":2880,"name":"میدان 7 تیر"},"city":"تبریز","state":"همدان","country":"Iran","postcode":14744,"coordinates":{"latitude":"18.9565","longitude":"-152.3859"},"timezone":{"offset":"+3:30","description":"Tehran"}},"email":"rdyn.hsyny@example.com","login":{"uuid":"6194a4b0-1fdc-42a9-be6a-5bf1be706701","username":"greenostrich411","password":"temple","salt":"f71VhQMS","md5":"3b7bb9eddb89c0e25f2cf4c88fd49a79","sha1":"40b4a19499d613f03766245ad38fd77806311f70","sha256":"1f4f99b77f19e2d3c5ef606bad152abc97a2ab1aeb820846dd9c30d28cbc526a"},"dob":{"date":"1986-07-21T00:25:26.245Z","age":37},"registered":{"date":"2022-01-02T13:44:15.651Z","age":2},"phone":"079-40340003","cell":"0991-814-1981","id":{"name":"","value":null},"picture":{"large":"https://randomuser.me/api/portraits/men/8.jpg","medium":"https://randomuser.me/api/portraits/med/men/8.jpg","thumbnail":"https://randomuser.me/api/portraits/thumb/men/8.jpg"},"nat":"IR"}],"info":{"seed":"99a7c832d0c050d7","results":1,"page":1,"version":"1.4"}} 
 </msg>
<msg time="2024-05-27T08:19:08.310113" level="INFO">/opt/hostedtoolcache/Python/3.12.3/x64/lib/python3.12/site-packages/urllib3/connectionpool.py:1103: InsecureRequestWarning: Unverified HTTPS request is being made to host 'randomuser.me'. Adding certificate verification is strongly advised. See: https://urllib3.readthedocs.io/en/latest/advanced-usage.html#tls-warnings
  warnings.warn(</msg>
<msg time="2024-05-27T08:19:08.310251" level="INFO">${response} = &lt;Response [200]&gt;</msg>
<var>${response}</var>
<arg>consultarAPI</arg>
<arg>/api</arg>
<doc>Sends a GET request on a previously created HTTP Session.</doc>
<status status="PASS" start="2024-05-27T08:19:08.217268" elapsed="0.093032"/>
</kw>
<kw name="Set Variable" owner="BuiltIn">
<msg time="2024-05-27T08:19:08.311455" level="INFO">${json_data} = {'results': [{'gender': 'male', 'name': {'title': 'Mr', 'first': 'رادین', 'last': 'حسینی'}, 'location': {'street': {'number': 2880, 'name': 'میدان 7 تیر'}, 'city': 'تبریز', 'state': 'همدان', 'country'...</msg>
<var>${json_data}</var>
<arg>${response.json()}</arg>
<doc>Returns the given values which can then be assigned to a variables.</doc>
<status status="PASS" start="2024-05-27T08:19:08.310890" elapsed="0.000597"/>
</kw>
<kw name="Log" owner="BuiltIn">
<msg time="2024-05-27T08:19:08.312020" level="INFO">{'results': [{'gender': 'male', 'name': {'title': 'Mr', 'first': 'رادین', 'last': 'حسینی'}, 'location': {'street': {'number': 2880, 'name': 'میدان 7 تیر'}, 'city': 'تبریز', 'state': 'همدان', 'country': 'Iran', 'postcode': 14744, 'coordinates': {'latitude': '18.9565', 'longitude': '-152.3859'}, 'timezone': {'offset': '+3:30', 'description': 'Tehran'}}, 'email': 'rdyn.hsyny@example.com', 'login': {'uuid': '6194a4b0-1fdc-42a9-be6a-5bf1be706701', 'username': 'greenostrich411', 'password': 'temple', 'salt': 'f71VhQMS', 'md5': '3b7bb9eddb89c0e25f2cf4c88fd49a79', 'sha1': '40b4a19499d613f03766245ad38fd77806311f70', 'sha256': '1f4f99b77f19e2d3c5ef606bad152abc97a2ab1aeb820846dd9c30d28cbc526a'}, 'dob': {'date': '1986-07-21T00:25:26.245Z', 'age': 37}, 'registered': {'date': '2022-01-02T13:44:15.651Z', 'age': 2}, 'phone': '079-40340003', 'cell': '0991-814-1981', 'id': {'name': '', 'value': None}, 'picture': {'large': 'https://randomuser.me/api/portraits/men/8.jpg', 'medium': 'https://randomuser.me/api/portraits/med/men/8.jpg', 'thumbnail': 'https://randomuser.me/api/portraits/thumb/men/8.jpg'}, 'nat': 'IR'}], 'info': {'seed': '99a7c832d0c050d7', 'results': 1, 'page': 1, 'version': '1.4'}}</msg>
<arg>${json_data}</arg>
<doc>Logs the given message with the given level.</doc>
<status status="PASS" start="2024-05-27T08:19:08.311846" elapsed="0.000273"/>
</kw>
<kw name="Should Be Equal As Numbers" owner="BuiltIn">
<arg>${json_data['results'][0]['location']['postcode']}</arg>
<arg>${json_data['results'][0]['location']['postcode']}</arg>
<doc>Fails if objects are unequal after converting them to real numbers.</doc>
<status status="PASS" start="2024-05-27T08:19:08.312440" elapsed="0.000653"/>
</kw>
<kw name="Log" owner="BuiltIn">
<msg time="2024-05-27T08:19:08.313650" level="INFO">14744</msg>
<arg>${json_data['results'][0]['location']['postcode']}</arg>
<doc>Logs the given message with the given level.</doc>
<status status="PASS" start="2024-05-27T08:19:08.313304" elapsed="0.000388"/>
</kw>
<status status="PASS" start="2024-05-27T08:19:08.216887" elapsed="0.097095"/>
</kw>
<doc>Testa se os tipos de dados na resposta da API estão corretos.</doc>
<tag>testeTiposDados</tag>
<status status="PASS" start="2024-05-27T08:19:08.136355" elapsed="0.177817"/>
</test>
<test id="s1-s1-t5" name="Validar conteudo" line="35">
<kw name="Teste de Tipos de Conteudo" owner="random-user-service">
<kw name="GET On Session" owner="RequestsLibrary">
<msg time="2024-05-27T08:19:08.409291" level="INFO">GET Request : url=https://randomuser.me/api 
 path_url=/api 
 headers={'User-Agent': 'python-requests/2.32.2', 'Accept-Encoding': 'gzip, deflate', 'Accept': '*/*', 'Connection': 'keep-alive'} 
 body=None 
 </msg>
<msg time="2024-05-27T08:19:08.409405" level="INFO">GET Response : url=https://randomuser.me/api 
 status=200, reason=OK 
 headers={'Date': 'Mon, 27 May 2024 08:19:08 GMT', 'Content-Type': 'application/json; charset=utf-8', 'Transfer-Encoding': 'chunked', 'Connection': 'keep-alive', 'X-Powered-By': 'Express', 'Access-Control-Allow-Origin': '*', 'Cache-Control': 'no-cache', 'ETag': 'W/"497-ICVwbYgFctq+4c1GDOnieMsm68o"', 'Vary': 'Accept-Encoding', 'Content-Encoding': 'gzip', 'CF-Cache-Status': 'DYNAMIC', 'Report-To': '{"endpoints":[{"url":"https:\\/\\/a.nel.cloudflare.com\\/report\\/v4?s=X0R2QQ5lVJInRXnZ0RDLzhEnw33FKkVaXnSi5zI7dfT6RzYCFsdh4Y%2BVF1X7Sc8L7ElPlMRA02BSrNtAHEfENjpfk9lawwHOqiD6Ysjb7sYgwkSMp9YOKtNcL0MqOXtw"}],"group":"cf-nel","max_age":604800}', 'NEL': '{"success_fraction":0,"report_to":"cf-nel","max_age":604800}', 'Server': 'cloudflare', 'CF-RAY': '88a49408fde007b9-IAD', 'alt-svc': 'h3=":443"; ma=86400'} 
 body={"results":[{"gender":"female","name":{"title":"Mrs","first":"Oya","last":"Kulaksızoğlu"},"location":{"street":{"number":3101,"name":"Fatih Sultan Mehmet Cd"},"city":"Zonguldak","state":"Rize","country":"Turkey","postcode":79239,"coordinates":{"latitude":"72.5207","longitude":"30.5031"},"timezone":{"offset":"+8:00","description":"Beijing, Perth, Singapore, Hong Kong"}},"email":"oya.kulaksizoglu@example.com","login":{"uuid":"c86d4cda-c76e-46ca-9156-07372fcb6b42","username":"greenbear525","password":"feet","salt":"EA5yVNef","md5":"f31944eda15d3c2c7d73cccff9cd1dba","sha1":"e473748a44c5ad5ede6b222365cb5c71aecf2b79","sha256":"cf2ccdbe2a66a8a7e3190dd18a02456f087aa15200b9c6b17f100e7c23f54f21"},"dob":{"date":"1955-05-02T07:20:43.927Z","age":69},"registered":{"date":"2011-04-28T23:43:44.717Z","age":13},"phone":"(977)-473-1493","cell":"(422)-295-4571","id":{"name":"","value":null},"picture":{"large":"https://randomuser.me/api/portraits/women/16.jpg","medium":"https://randomuser.me/api/portraits/med/women/16.jpg","thumbnail":"https://randomuser.me/api/portraits/thumb/women/16.jpg"},"nat":"TR"}],"info":{"seed":"abe67f0b516e0c8b","results":1,"page":1,"version":"1.4"}} 
 </msg>
<msg time="2024-05-27T08:19:08.409491" level="INFO">/opt/hostedtoolcache/Python/3.12.3/x64/lib/python3.12/site-packages/urllib3/connectionpool.py:1103: InsecureRequestWarning: Unverified HTTPS request is being made to host 'randomuser.me'. Adding certificate verification is strongly advised. See: https://urllib3.readthedocs.io/en/latest/advanced-usage.html#tls-warnings
  warnings.warn(</msg>
<msg time="2024-05-27T08:19:08.409623" level="INFO">${response} = &lt;Response [200]&gt;</msg>
<var>${response}</var>
<arg>consultarAPI</arg>
<arg>/api</arg>
<doc>Sends a GET request on a previously created HTTP Session.</doc>
<status status="PASS" start="2024-05-27T08:19:08.316727" elapsed="0.092940"/>
</kw>
<kw name="Set Variable" owner="BuiltIn">
<msg time="2024-05-27T08:19:08.410789" level="INFO">${json_data} = {'results': [{'gender': 'female', 'name': {'title': 'Mrs', 'first': 'Oya', 'last': 'Kulaksızoğlu'}, 'location': {'street': {'number': 3101, 'name': 'Fatih Sultan Mehmet Cd'}, 'city': 'Zonguldak', 'sta...</msg>
<var>${json_data}</var>
<arg>${response.json()}</arg>
<doc>Returns the given values which can then be assigned to a variables.</doc>
<status status="PASS" start="2024-05-27T08:19:08.410237" elapsed="0.000584"/>
</kw>
<kw name="Set Variable" owner="BuiltIn">
<msg time="2024-05-27T08:19:08.411570" level="INFO">${name_title} = Mrs</msg>
<var>${name_title}</var>
<arg>${json_data["results"][0]["name"]["title"]}</arg>
<doc>Returns the given values which can then be assigned to a variables.</doc>
<status status="PASS" start="2024-05-27T08:19:08.411167" elapsed="0.000429"/>
</kw>
<kw name="Create List" owner="BuiltIn">
<msg time="2024-05-27T08:19:08.412064" level="INFO">${allowed_titles} = ['Mr', 'Ms', 'Miss', 'Mrs', 'Madame', 'Monsieur']</msg>
<var>${allowed_titles}</var>
<arg>Mr</arg>
<arg>Ms</arg>
<arg>Miss</arg>
<arg>Mrs</arg>
<arg>Madame</arg>
<arg>Monsieur</arg>
<doc>Returns a list containing given items.</doc>
<status status="PASS" start="2024-05-27T08:19:08.411910" elapsed="0.000178"/>
</kw>
<kw name="List Should Contain Value" owner="Collections">
<msg time="2024-05-27T08:19:08.412577" level="INFO">False</msg>
<arg>${allowed_titles}</arg>
<arg>${name_title}</arg>
<doc>Fails if the ``value`` is not found from ``list``.</doc>
<status status="PASS" start="2024-05-27T08:19:08.412394" elapsed="0.000221"/>
</kw>
<kw name="Set Variable" owner="BuiltIn">
<msg time="2024-05-27T08:19:08.413490" level="INFO">${name_country} = TR</msg>
<var>${name_country}</var>
<arg>${json_data["results"][0]["nat"]}</arg>
<doc>Returns the given values which can then be assigned to a variables.</doc>
<status status="PASS" start="2024-05-27T08:19:08.412917" elapsed="0.000599"/>
</kw>
<kw name="Create List" owner="BuiltIn">
<msg time="2024-05-27T08:19:08.414470" level="INFO">${list_country} = ['AD', 'AE', 'AF', 'AG', 'AI', 'AL', 'AM', 'AO', 'AQ', 'AR', 'AS', 'AT', 'AU', 'AW', 'AX', 'AZ', 'BA', 'BB', 'BD', 'BE', 'BF', 'BG', 'BH', 'BI', 'BJ', 'BL', 'BM', 'BN', 'BO', 'BQ', 'BR', 'BS', 'BT', '...</msg>
<var>${list_country}</var>
<arg>AD</arg>
<arg>AE</arg>
<arg>AF</arg>
<arg>AG</arg>
<arg>AI</arg>
<arg>AL</arg>
<arg>AM</arg>
<arg>AO</arg>
<arg>AQ</arg>
<arg>AR</arg>
<arg>AS</arg>
<arg>AT</arg>
<arg>AU</arg>
<arg>AW</arg>
<arg>AX</arg>
<arg>AZ</arg>
<arg>BA</arg>
<arg>BB</arg>
<arg>BD</arg>
<arg>BE</arg>
<arg>BF</arg>
<arg>BG</arg>
<arg>BH</arg>
<arg>BI</arg>
<arg>BJ</arg>
<arg>BL</arg>
<arg>BM</arg>
<arg>BN</arg>
<arg>BO</arg>
<arg>BQ</arg>
<arg>BR</arg>
<arg>BS</arg>
<arg>BT</arg>
<arg>BV</arg>
<arg>BW</arg>
<arg>BY</arg>
<arg>BZ</arg>
<arg>CA</arg>
<arg>CC</arg>
<arg>CD</arg>
<arg>CF</arg>
<arg>CG</arg>
<arg>CH</arg>
<arg>CI</arg>
<arg>CK</arg>
<arg>CL</arg>
<arg>CM</arg>
<arg>CN</arg>
<arg>CO</arg>
<arg>CR</arg>
<arg>CU</arg>
<arg>CV</arg>
<arg>CW</arg>
<arg>CX</arg>
<arg>CY</arg>
<arg>CZ</arg>
<arg>DE</arg>
<arg>DJ</arg>
<arg>DK</arg>
<arg>DM</arg>
<arg>DO</arg>
<arg>DZ</arg>
<arg>EC</arg>
<arg>EE</arg>
<arg>EG</arg>
<arg>EH</arg>
<arg>ER</arg>
<arg>ES</arg>
<arg>ET</arg>
<arg>FI</arg>
<arg>FJ</arg>
<arg>FK</arg>
<arg>FM</arg>
<arg>FO</arg>
<arg>FR</arg>
<arg>GA</arg>
<arg>GB</arg>
<arg>GD</arg>
<arg>GE</arg>
<arg>GF</arg>
<arg>GG</arg>
<arg>GH</arg>
<arg>GI</arg>
<arg>GL</arg>
<arg>GM</arg>
<arg>GN</arg>
<arg>GP</arg>
<arg>GQ</arg>
<arg>GR</arg>
<arg>GS</arg>
<arg>GT</arg>
<arg>GU</arg>
<arg>GW</arg>
<arg>GY</arg>
<arg>HK</arg>
<arg>HM</arg>
<arg>HN</arg>
<arg>HR</arg>
<arg>HT</arg>
<arg>HU</arg>
<arg>ID</arg>
<arg>IE</arg>
<arg>IL</arg>
<arg>IM</arg>
<arg>IN</arg>
<arg>IO</arg>
<arg>IQ</arg>
<arg>IR</arg>
<arg>IS</arg>
<arg>IT</arg>
<arg>JE</arg>
<arg>JM</arg>
<arg>JO</arg>
<arg>JP</arg>
<arg>KE</arg>
<arg>KG</arg>
<arg>KH</arg>
<arg>KI</arg>
<arg>KM</arg>
<arg>KN</arg>
<arg>KP</arg>
<arg>KR</arg>
<arg>KW</arg>
<arg>KY</arg>
<arg>KZ</arg>
<arg>LA</arg>
<arg>LB</arg>
<arg>LC</arg>
<arg>LI</arg>
<arg>LK</arg>
<arg>LR</arg>
<arg>LS</arg>
<arg>LT</arg>
<arg>LU</arg>
<arg>LV</arg>
<arg>LY</arg>
<arg>MA</arg>
<arg>MC</arg>
<arg>MD</arg>
<arg>ME</arg>
<arg>MF</arg>
<arg>MG</arg>
<arg>MH</arg>
<arg>MK</arg>
<arg>ML</arg>
<arg>MM</arg>
<arg>MN</arg>
<arg>MO</arg>
<arg>MP</arg>
<arg>MQ</arg>
<arg>MR</arg>
<arg>MS</arg>
<arg>MT</arg>
<arg>MU</arg>
<arg>MV</arg>
<arg>MW</arg>
<arg>MX</arg>
<arg>MY</arg>
<arg>MZ</arg>
<arg>NA</arg>
<arg>NC</arg>
<arg>NE</arg>
<arg>NF</arg>
<arg>NG</arg>
<arg>NI</arg>
<arg>NL</arg>
<arg>NO</arg>
<arg>NP</arg>
<arg>NR</arg>
<arg>NU</arg>
<arg>NZ</arg>
<arg>OM</arg>
<arg>PA</arg>
<arg>PE</arg>
<arg>PF</arg>
<arg>PG</arg>
<arg>PH</arg>
<arg>PK</arg>
<arg>PL</arg>
<arg>PM</arg>
<arg>PN</arg>
<arg>PR</arg>
<arg>PS</arg>
<arg>PT</arg>
<arg>PW</arg>
<arg>PY</arg>
<arg>QA</arg>
<arg>RE</arg>
<arg>RO</arg>
<arg>RS</arg>
<arg>RU</arg>
<arg>RW</arg>
<arg>SA</arg>
<arg>SB</arg>
<arg>SC</arg>
<arg>SD</arg>
<arg>SE</arg>
<arg>SG</arg>
<arg>SH</arg>
<arg>SI</arg>
<arg>SJ</arg>
<arg>SK</arg>
<arg>SL</arg>
<arg>SM</arg>
<arg>SN</arg>
<arg>SO</arg>
<arg>SR</arg>
<arg>SS</arg>
<arg>ST</arg>
<arg>SV</arg>
<arg>SX</arg>
<arg>SY</arg>
<arg>SZ</arg>
<arg>TC</arg>
<arg>TD</arg>
<arg>TF</arg>
<arg>TG</arg>
<arg>TH</arg>
<arg>TJ</arg>
<arg>TK</arg>
<arg>TL</arg>
<arg>TM</arg>
<arg>TN</arg>
<arg>TO</arg>
<arg>TR</arg>
<arg>TT</arg>
<arg>TV</arg>
<arg>TW</arg>
<arg>TZ</arg>
<arg>UA</arg>
<arg>UG</arg>
<arg>UM</arg>
<arg>US</arg>
<arg>UY</arg>
<arg>UZ</arg>
<arg>VA</arg>
<arg>VC</arg>
<arg>VE</arg>
<arg>VG</arg>
<arg>VI</arg>
<arg>VN</arg>
<arg>VU</arg>
<arg>WF</arg>
<arg>WS</arg>
<arg>XK</arg>
<arg>YE</arg>
<arg>YT</arg>
<arg>ZA</arg>
<arg>ZM</arg>
<arg>ZW</arg>
<doc>Returns a list containing given items.</doc>
<status status="PASS" start="2024-05-27T08:19:08.413831" elapsed="0.000666"/>
</kw>
<kw name="List Should Contain Value" owner="Collections">
<msg time="2024-05-27T08:19:08.415504" level="INFO">False</msg>
<arg>${list_country}</arg>
<arg>${name_country}</arg>
<doc>Fails if the ``value`` is not found from ``list``.</doc>
<status status="PASS" start="2024-05-27T08:19:08.415296" elapsed="0.000246"/>
</kw>
<kw name="Run Keyword If" owner="BuiltIn">
<kw name="Should Be True" owner="BuiltIn">
<arg>${True}</arg>
<doc>Fails if the given condition is not true.</doc>
<status status="PASS" start="2024-05-27T08:19:08.416622" elapsed="0.000144"/>
</kw>
<arg>${json_data["results"][0]["location"]["coordinates"]["latitude"]} &gt;= -90 and ${json_data["results"][0]["location"]["coordinates"]["latitude"]} &lt;= 90</arg>
<arg>Should Be True</arg>
<arg>${True}</arg>
<doc>Runs the given keyword with the given arguments, if ``condition`` is true.</doc>
<status status="PASS" start="2024-05-27T08:19:08.415861" elapsed="0.001032"/>
</kw>
<kw name="Run Keyword If" owner="BuiltIn">
<kw name="Should Be True" owner="BuiltIn">
<arg>${True}</arg>
<doc>Fails if the given condition is not true.</doc>
<status status="PASS" start="2024-05-27T08:19:08.417770" elapsed="0.000138"/>
</kw>
<arg>${json_data["results"][0]["location"]["coordinates"]["longitude"]} &gt;= -180 and ${json_data["results"][0]["location"]["coordinates"]["longitude"]} &lt;= 180</arg>
<arg>Should Be True</arg>
<arg>${True}</arg>
<doc>Runs the given keyword with the given arguments, if ``condition`` is true.</doc>
<status status="PASS" start="2024-05-27T08:19:08.417084" elapsed="0.000999"/>
</kw>
<status status="PASS" start="2024-05-27T08:19:08.316468" elapsed="0.101754"/>
</kw>
<doc>Testa o conteúdo específico dos campos retornados pela API.</doc>
<tag>testeConteudo</tag>
<status status="PASS" start="2024-05-27T08:19:08.315945" elapsed="0.102431"/>
</test>
<status status="PASS" start="2024-05-27T08:19:07.603201" elapsed="0.817115"/>
</suite>
<status status="PASS" start="2024-05-27T08:19:07.589606" elapsed="0.835855"/>
</suite>
<statistics>
<total>
<stat pass="5" fail="0" skip="0">All Tests</stat>
</total>
<tag>
<stat pass="1" fail="0" skip="0">testeConteudo</stat>
<stat pass="1" fail="0" skip="0">testeEstruturaResposta</stat>
<stat pass="1" fail="0" skip="0">testeRequisicaoBasica</stat>
<stat pass="1" fail="0" skip="0">testeTiposDados</stat>
</tag>
<suite>
<stat pass="5" fail="0" skip="0" id="s1" name="Tests">Tests</stat>
<stat pass="5" fail="0" skip="0" id="s1-s1" name="Random-User-Test">Tests.Random-User-Test</stat>
</suite>
</statistics>
<errors>
</errors>
</robot>
