<?xml version="1.0" encoding="UTF-8"?>
<robot generator="Robot 7.0 (Python 3.12.3 on linux)" generated="2024-05-07T19:11:47.747274" rpa="false" schemaversion="5">
<suite id="s1" name="Tests" source="/home/runner/work/DesafioQAItauRogerioJordao/DesafioQAItauRogerioJordao/RamdonUser/tests">
<suite id="s1-s1" name="Random-User-Test" source="/home/runner/work/DesafioQAItauRogerioJordao/DesafioQAItauRogerioJordao/RamdonUser/tests/random-user-test.robot">
<test id="s1-s1-t1" name="Conectar" line="13">
<kw name="Conectar API" owner="random-user-service">
<kw name="Create Session" owner="RequestsLibrary">
<msg time="2024-05-07T19:11:48.122302" level="INFO">Creating Session using : alias=consultarAPI, url=https://randomuser.me/, headers={},                     cookies={}, auth=None, timeout=None, proxies=None, verify=False,                     debug=0 </msg>
<arg>consultarAPI</arg>
<arg>${URL}</arg>
<doc>Create Session: create a HTTP session to a server</doc>
<status status="PASS" start="2024-05-07T19:11:48.122102" elapsed="0.000385"/>
</kw>
<status status="PASS" start="2024-05-07T19:11:48.121118" elapsed="0.001728"/>
</kw>
<status status="PASS" start="2024-05-07T19:11:48.120500" elapsed="0.002570"/>
</test>
<test id="s1-s1-t2" name="Validar retorno 200 e JSON Válido" line="16">
<kw name="Teste de Requisicao Basica" owner="random-user-service">
<kw name="GET On Session" owner="RequestsLibrary">
<msg time="2024-05-07T19:11:48.337055" level="INFO">GET Request : url=https://randomuser.me/api 
 path_url=/api 
 headers={'User-Agent': 'python-requests/2.31.0', 'Accept-Encoding': 'gzip, deflate', 'Accept': '*/*', 'Connection': 'keep-alive'} 
 body=None 
 </msg>
<msg time="2024-05-07T19:11:48.337206" level="INFO">GET Response : url=https://randomuser.me/api 
 status=200, reason=OK 
 headers={'Date': 'Tue, 07 May 2024 19:11:48 GMT', 'Content-Type': 'application/json; charset=utf-8', 'Transfer-Encoding': 'chunked', 'Connection': 'keep-alive', 'X-Powered-By': 'Express', 'Access-Control-Allow-Origin': '*', 'Cache-Control': 'no-cache', 'ETag': 'W/"4b5-LX+6UT1CtLvhcnONfmuPYHWVDq0"', 'Vary': 'Accept-Encoding', 'Content-Encoding': 'gzip', 'CF-Cache-Status': 'DYNAMIC', 'Report-To': '{"endpoints":[{"url":"https:\\/\\/a.nel.cloudflare.com\\/report\\/v4?s=6P%2F5c2EQhsIes%2FCxAfq3yvijBVl%2F87u%2FAECBcz7wz5qScP77uVfKK46TUZUVUS4l6vfoDotvmdRmLZqeZwNkbX9E%2B0ej8mdoaIbMv1ynSMpgpgRDKHo5gVcV%2BmT0W0Ti"}],"group":"cf-nel","max_age":604800}', 'NEL': '{"success_fraction":0,"report_to":"cf-nel","max_age":604800}', 'Server': 'cloudflare', 'CF-RAY': '88038496bc9f7ff9-IAD', 'alt-svc': 'h3=":443"; ma=86400'} 
 body={"results":[{"gender":"female","name":{"title":"Ms","first":"Beatrisa","last":"Gronskiy"},"location":{"street":{"number":5971,"name":"Anatoliya Vahnyanina"},"city":"Kam'yanka","state":"Avtonomna Respublika Krim","country":"Ukraine","postcode":58423,"coordinates":{"latitude":"79.3241","longitude":"166.5639"},"timezone":{"offset":"+8:00","description":"Beijing, Perth, Singapore, Hong Kong"}},"email":"beatrisa.gronskiy@example.com","login":{"uuid":"13ed9160-8ef2-4a99-8a36-1828ed40799e","username":"greenbutterfly589","password":"celebrity","salt":"68lOLLHP","md5":"1214a777bdd8af796ccb90d54350e6fc","sha1":"c5c33025c7ebc59068a6a2fc1244a51f10ffb674","sha256":"1b182640ded53f583564dc44f37fe01cb703c2cebafa3249845e4050be600c85"},"dob":{"date":"1954-10-04T16:03:57.665Z","age":69},"registered":{"date":"2012-10-27T05:08:15.546Z","age":11},"phone":"(098) H04-6582","cell":"(097) B78-9558","id":{"name":"","value":null},"picture":{"large":"https://randomuser.me/api/portraits/women/90.jpg","medium":"https://randomuser.me/api/portraits/med/women/90.jpg","thumbnail":"https://randomuser.me/api/portraits/thumb/women/90.jpg"},"nat":"UA"}],"info":{"seed":"c960422b3f37d248","results":1,"page":1,"version":"1.4"}} 
 </msg>
<msg time="2024-05-07T19:11:48.337289" level="INFO">/opt/hostedtoolcache/Python/3.12.3/x64/lib/python3.12/site-packages/urllib3/connectionpool.py:1103: InsecureRequestWarning: Unverified HTTPS request is being made to host 'randomuser.me'. Adding certificate verification is strongly advised. See: https://urllib3.readthedocs.io/en/latest/advanced-usage.html#tls-warnings
  warnings.warn(</msg>
<msg time="2024-05-07T19:11:48.337437" level="INFO">${response} = &lt;Response [200]&gt;</msg>
<var>${response}</var>
<arg>consultarAPI</arg>
<arg>/api</arg>
<doc>Sends a GET request on a previously created HTTP Session.</doc>
<status status="PASS" start="2024-05-07T19:11:48.125741" elapsed="0.211739"/>
</kw>
<kw name="Should Be Equal As Numbers" owner="BuiltIn">
<msg time="2024-05-07T19:11:48.338592" level="INFO">Argument types are:
&lt;class 'int'&gt;
&lt;class 'str'&gt;</msg>
<arg>${response.status_code}</arg>
<arg>200</arg>
<doc>Fails if objects are unequal after converting them to real numbers.</doc>
<status status="PASS" start="2024-05-07T19:11:48.338112" elapsed="0.000544"/>
</kw>
<kw name="Log" owner="BuiltIn">
<msg time="2024-05-07T19:11:48.339385" level="INFO">200</msg>
<arg>${response.status_code}</arg>
<doc>Logs the given message with the given level.</doc>
<status status="PASS" start="2024-05-07T19:11:48.339019" elapsed="0.000408"/>
</kw>
<kw name="Set Variable" owner="BuiltIn">
<msg time="2024-05-07T19:11:48.340156" level="INFO">${json_data} = {'results': [{'gender': 'female', 'name': {'title': 'Ms', 'first': 'Beatrisa', 'last': 'Gronskiy'}, 'location': {'street': {'number': 5971, 'name': 'Anatoliya Vahnyanina'}, 'city': "Kam'yanka", 'state...</msg>
<var>${json_data}</var>
<arg>${response.json()}</arg>
<doc>Returns the given values which can then be assigned to a variables.</doc>
<status status="PASS" start="2024-05-07T19:11:48.339731" elapsed="0.000453"/>
</kw>
<kw name="Dictionary Should Contain Key" owner="Collections">
<msg time="2024-05-07T19:11:48.340647" level="INFO">False</msg>
<arg>${json_data}</arg>
<arg>results</arg>
<doc>Fails if ``key`` is not found from ``dictionary``.</doc>
<status status="PASS" start="2024-05-07T19:11:48.340479" elapsed="0.000209"/>
</kw>
<status status="PASS" start="2024-05-07T19:11:48.125501" elapsed="0.215440"/>
</kw>
<doc>Testa se a API responde corretamente e retorna um objeto JSON válido.</doc>
<tag>testeRequisicaoBasica</tag>
<status status="PASS" start="2024-05-07T19:11:48.124989" elapsed="0.216135"/>
</test>
<test id="s1-s1-t3" name="Validar estrutura de resposta" line="22">
<kw name="Teste de Estrutura de Resposta" owner="random-user-service">
<kw name="GET On Session" owner="RequestsLibrary">
<msg time="2024-05-07T19:11:48.432037" level="INFO">GET Request : url=https://randomuser.me/api 
 path_url=/api 
 headers={'User-Agent': 'python-requests/2.31.0', 'Accept-Encoding': 'gzip, deflate', 'Accept': '*/*', 'Connection': 'keep-alive'} 
 body=None 
 </msg>
<msg time="2024-05-07T19:11:48.432137" level="INFO">GET Response : url=https://randomuser.me/api 
 status=200, reason=OK 
 headers={'Date': 'Tue, 07 May 2024 19:11:48 GMT', 'Content-Type': 'application/json; charset=utf-8', 'Transfer-Encoding': 'chunked', 'Connection': 'keep-alive', 'X-Powered-By': 'Express', 'Access-Control-Allow-Origin': '*', 'Cache-Control': 'no-cache', 'ETag': 'W/"493-o9nXcPdnbhFyfiF5xEjId/yv4xY"', 'Vary': 'Accept-Encoding', 'Content-Encoding': 'gzip', 'CF-Cache-Status': 'DYNAMIC', 'Report-To': '{"endpoints":[{"url":"https:\\/\\/a.nel.cloudflare.com\\/report\\/v4?s=UpwUDyx7QFNZkAfHt1Tzzx7oXUTvMVEyFeE3zCIUxsPPhzFfQSGUkUyK%2BU4PYvamyLGhEZoAgVguCEZfuTPHB4hBvGL%2B8b4xAeMuuCKwkqx%2B6QrXJzaEHqmsAFu0rlFX"}],"group":"cf-nel","max_age":604800}', 'NEL': '{"success_fraction":0,"report_to":"cf-nel","max_age":604800}', 'Server': 'cloudflare', 'CF-RAY': '880384972d297ff9-IAD', 'alt-svc': 'h3=":443"; ma=86400'} 
 body={"results":[{"gender":"female","name":{"title":"Ms","first":"Fayina","last":"Sinko"},"location":{"street":{"number":3524,"name":"Verhratskogo"},"city":"Shargorod","state":"Zaporizka","country":"Ukraine","postcode":84113,"coordinates":{"latitude":"77.5811","longitude":"10.3793"},"timezone":{"offset":"+5:00","description":"Ekaterinburg, Islamabad, Karachi, Tashkent"}},"email":"fayina.sinko@example.com","login":{"uuid":"ecaa52f4-dc47-4868-af32-69c5adc9baad","username":"blackgorilla655","password":"coming","salt":"WtDIAIz0","md5":"af4f1fa485b9b6e7aed9b45c6216f804","sha1":"c67691c4c453b340275991e8934f9cb35f9d8e78","sha256":"186127318eefd4e9b608f88e0018751bf1d97cddc7e3a4eb48b7a729451c77ee"},"dob":{"date":"1987-10-25T09:52:09.904Z","age":36},"registered":{"date":"2009-02-18T06:02:27.394Z","age":15},"phone":"(099) V57-6686","cell":"(066) K67-4299","id":{"name":"","value":null},"picture":{"large":"https://randomuser.me/api/portraits/women/64.jpg","medium":"https://randomuser.me/api/portraits/med/women/64.jpg","thumbnail":"https://randomuser.me/api/portraits/thumb/women/64.jpg"},"nat":"UA"}],"info":{"seed":"5edc43e01901b0df","results":1,"page":1,"version":"1.4"}} 
 </msg>
<msg time="2024-05-07T19:11:48.432263" level="INFO">/opt/hostedtoolcache/Python/3.12.3/x64/lib/python3.12/site-packages/urllib3/connectionpool.py:1103: InsecureRequestWarning: Unverified HTTPS request is being made to host 'randomuser.me'. Adding certificate verification is strongly advised. See: https://urllib3.readthedocs.io/en/latest/advanced-usage.html#tls-warnings
  warnings.warn(</msg>
<msg time="2024-05-07T19:11:48.432398" level="INFO">${response} = &lt;Response [200]&gt;</msg>
<var>${response}</var>
<arg>consultarAPI</arg>
<arg>/api</arg>
<doc>Sends a GET request on a previously created HTTP Session.</doc>
<status status="PASS" start="2024-05-07T19:11:48.343763" elapsed="0.088677"/>
</kw>
<kw name="Set Variable" owner="BuiltIn">
<msg time="2024-05-07T19:11:48.433582" level="INFO">${json_data} = {'results': [{'gender': 'female', 'name': {'title': 'Ms', 'first': 'Fayina', 'last': 'Sinko'}, 'location': {'street': {'number': 3524, 'name': 'Verhratskogo'}, 'city': 'Shargorod', 'state': 'Zaporizka...</msg>
<var>${json_data}</var>
<arg>${response.json()}</arg>
<doc>Returns the given values which can then be assigned to a variables.</doc>
<status status="PASS" start="2024-05-07T19:11:48.433034" elapsed="0.000577"/>
</kw>
<kw name="Log" owner="BuiltIn">
<msg time="2024-05-07T19:11:48.434077" level="INFO">{'results': [{'gender': 'female', 'name': {'title': 'Ms', 'first': 'Fayina', 'last': 'Sinko'}, 'location': {'street': {'number': 3524, 'name': 'Verhratskogo'}, 'city': 'Shargorod', 'state': 'Zaporizka', 'country': 'Ukraine', 'postcode': 84113, 'coordinates': {'latitude': '77.5811', 'longitude': '10.3793'}, 'timezone': {'offset': '+5:00', 'description': 'Ekaterinburg, Islamabad, Karachi, Tashkent'}}, 'email': 'fayina.sinko@example.com', 'login': {'uuid': 'ecaa52f4-dc47-4868-af32-69c5adc9baad', 'username': 'blackgorilla655', 'password': 'coming', 'salt': 'WtDIAIz0', 'md5': 'af4f1fa485b9b6e7aed9b45c6216f804', 'sha1': 'c67691c4c453b340275991e8934f9cb35f9d8e78', 'sha256': '186127318eefd4e9b608f88e0018751bf1d97cddc7e3a4eb48b7a729451c77ee'}, 'dob': {'date': '1987-10-25T09:52:09.904Z', 'age': 36}, 'registered': {'date': '2009-02-18T06:02:27.394Z', 'age': 15}, 'phone': '(099) V57-6686', 'cell': '(066) K67-4299', 'id': {'name': '', 'value': None}, 'picture': {'large': 'https://randomuser.me/api/portraits/women/64.jpg', 'medium': 'https://randomuser.me/api/portraits/med/women/64.jpg', 'thumbnail': 'https://randomuser.me/api/portraits/thumb/women/64.jpg'}, 'nat': 'UA'}], 'info': {'seed': '5edc43e01901b0df', 'results': 1, 'page': 1, 'version': '1.4'}}</msg>
<arg>${json_data}</arg>
<doc>Logs the given message with the given level.</doc>
<status status="PASS" start="2024-05-07T19:11:48.433915" elapsed="0.000210"/>
</kw>
<kw name="Dictionary Should Contain Key" owner="Collections">
<msg time="2024-05-07T19:11:48.434575" level="INFO">False</msg>
<arg>${json_data}</arg>
<arg>results</arg>
<doc>Fails if ``key`` is not found from ``dictionary``.</doc>
<status status="PASS" start="2024-05-07T19:11:48.434412" elapsed="0.000199"/>
</kw>
<kw name="Should Not Be Empty" owner="BuiltIn">
<msg time="2024-05-07T19:11:48.435064" level="INFO">Length is 2.</msg>
<arg>${json_data}</arg>
<doc>Verifies that the given item is not empty.</doc>
<status status="PASS" start="2024-05-07T19:11:48.434896" elapsed="0.000364"/>
</kw>
<kw name="Create List" owner="BuiltIn">
<msg time="2024-05-07T19:11:48.435713" level="INFO">${expected_keys} = ['gender', 'name', 'location', 'email', 'login']</msg>
<var>${expected_keys}</var>
<arg>gender</arg>
<arg>name</arg>
<arg>location</arg>
<arg>email</arg>
<arg>login</arg>
<doc>Returns a list containing given items.</doc>
<status status="PASS" start="2024-05-07T19:11:48.435562" elapsed="0.000174"/>
</kw>
<for flavor="IN">
<iter>
<kw name="Dictionary Should Contain Key" owner="Collections">
<msg time="2024-05-07T19:11:48.436722" level="INFO">False</msg>
<arg>${json_data['results'][0]}</arg>
<arg>${key}</arg>
<doc>Fails if ``key`` is not found from ``dictionary``.</doc>
<status status="PASS" start="2024-05-07T19:11:48.436324" elapsed="0.000436"/>
</kw>
<kw name="Log" owner="BuiltIn">
<msg time="2024-05-07T19:11:48.437413" level="INFO">{'gender': 'female', 'name': {'title': 'Ms', 'first': 'Fayina', 'last': 'Sinko'}, 'location': {'street': {'number': 3524, 'name': 'Verhratskogo'}, 'city': 'Shargorod', 'state': 'Zaporizka', 'country': 'Ukraine', 'postcode': 84113, 'coordinates': {'latitude': '77.5811', 'longitude': '10.3793'}, 'timezone': {'offset': '+5:00', 'description': 'Ekaterinburg, Islamabad, Karachi, Tashkent'}}, 'email': 'fayina.sinko@example.com', 'login': {'uuid': 'ecaa52f4-dc47-4868-af32-69c5adc9baad', 'username': 'blackgorilla655', 'password': 'coming', 'salt': 'WtDIAIz0', 'md5': 'af4f1fa485b9b6e7aed9b45c6216f804', 'sha1': 'c67691c4c453b340275991e8934f9cb35f9d8e78', 'sha256': '186127318eefd4e9b608f88e0018751bf1d97cddc7e3a4eb48b7a729451c77ee'}, 'dob': {'date': '1987-10-25T09:52:09.904Z', 'age': 36}, 'registered': {'date': '2009-02-18T06:02:27.394Z', 'age': 15}, 'phone': '(099) V57-6686', 'cell': '(066) K67-4299', 'id': {'name': '', 'value': None}, 'picture': {'large': 'https://randomuser.me/api/portraits/women/64.jpg', 'medium': 'https://randomuser.me/api/portraits/med/women/64.jpg', 'thumbnail': 'https://randomuser.me/api/portraits/thumb/women/64.jpg'}, 'nat': 'UA'}</msg>
<arg>${json_data['results'][0]}</arg>
<doc>Logs the given message with the given level.</doc>
<status status="PASS" start="2024-05-07T19:11:48.437056" elapsed="0.000416"/>
</kw>
<kw name="Log" owner="BuiltIn">
<msg time="2024-05-07T19:11:48.437895" level="INFO">gender</msg>
<arg>${key}</arg>
<doc>Logs the given message with the given level.</doc>
<status status="PASS" start="2024-05-07T19:11:48.437768" elapsed="0.000163"/>
</kw>
<var name="${key}">gender</var>
<status status="PASS" start="2024-05-07T19:11:48.436199" elapsed="0.001946"/>
</iter>
<iter>
<kw name="Dictionary Should Contain Key" owner="Collections">
<msg time="2024-05-07T19:11:48.438817" level="INFO">False</msg>
<arg>${json_data['results'][0]}</arg>
<arg>${key}</arg>
<doc>Fails if ``key`` is not found from ``dictionary``.</doc>
<status status="PASS" start="2024-05-07T19:11:48.438440" elapsed="0.000413"/>
</kw>
<kw name="Log" owner="BuiltIn">
<msg time="2024-05-07T19:11:48.439570" level="INFO">{'gender': 'female', 'name': {'title': 'Ms', 'first': 'Fayina', 'last': 'Sinko'}, 'location': {'street': {'number': 3524, 'name': 'Verhratskogo'}, 'city': 'Shargorod', 'state': 'Zaporizka', 'country': 'Ukraine', 'postcode': 84113, 'coordinates': {'latitude': '77.5811', 'longitude': '10.3793'}, 'timezone': {'offset': '+5:00', 'description': 'Ekaterinburg, Islamabad, Karachi, Tashkent'}}, 'email': 'fayina.sinko@example.com', 'login': {'uuid': 'ecaa52f4-dc47-4868-af32-69c5adc9baad', 'username': 'blackgorilla655', 'password': 'coming', 'salt': 'WtDIAIz0', 'md5': 'af4f1fa485b9b6e7aed9b45c6216f804', 'sha1': 'c67691c4c453b340275991e8934f9cb35f9d8e78', 'sha256': '186127318eefd4e9b608f88e0018751bf1d97cddc7e3a4eb48b7a729451c77ee'}, 'dob': {'date': '1987-10-25T09:52:09.904Z', 'age': 36}, 'registered': {'date': '2009-02-18T06:02:27.394Z', 'age': 15}, 'phone': '(099) V57-6686', 'cell': '(066) K67-4299', 'id': {'name': '', 'value': None}, 'picture': {'large': 'https://randomuser.me/api/portraits/women/64.jpg', 'medium': 'https://randomuser.me/api/portraits/med/women/64.jpg', 'thumbnail': 'https://randomuser.me/api/portraits/thumb/women/64.jpg'}, 'nat': 'UA'}</msg>
<arg>${json_data['results'][0]}</arg>
<doc>Logs the given message with the given level.</doc>
<status status="PASS" start="2024-05-07T19:11:48.439204" elapsed="0.000414"/>
</kw>
<kw name="Log" owner="BuiltIn">
<msg time="2024-05-07T19:11:48.440038" level="INFO">name</msg>
<arg>${key}</arg>
<doc>Logs the given message with the given level.</doc>
<status status="PASS" start="2024-05-07T19:11:48.439911" elapsed="0.000163"/>
</kw>
<var name="${key}">name</var>
<status status="PASS" start="2024-05-07T19:11:48.438326" elapsed="0.001965"/>
</iter>
<iter>
<kw name="Dictionary Should Contain Key" owner="Collections">
<msg time="2024-05-07T19:11:48.440953" level="INFO">False</msg>
<arg>${json_data['results'][0]}</arg>
<arg>${key}</arg>
<doc>Fails if ``key`` is not found from ``dictionary``.</doc>
<status status="PASS" start="2024-05-07T19:11:48.440576" elapsed="0.000414"/>
</kw>
<kw name="Log" owner="BuiltIn">
<msg time="2024-05-07T19:11:48.441661" level="INFO">{'gender': 'female', 'name': {'title': 'Ms', 'first': 'Fayina', 'last': 'Sinko'}, 'location': {'street': {'number': 3524, 'name': 'Verhratskogo'}, 'city': 'Shargorod', 'state': 'Zaporizka', 'country': 'Ukraine', 'postcode': 84113, 'coordinates': {'latitude': '77.5811', 'longitude': '10.3793'}, 'timezone': {'offset': '+5:00', 'description': 'Ekaterinburg, Islamabad, Karachi, Tashkent'}}, 'email': 'fayina.sinko@example.com', 'login': {'uuid': 'ecaa52f4-dc47-4868-af32-69c5adc9baad', 'username': 'blackgorilla655', 'password': 'coming', 'salt': 'WtDIAIz0', 'md5': 'af4f1fa485b9b6e7aed9b45c6216f804', 'sha1': 'c67691c4c453b340275991e8934f9cb35f9d8e78', 'sha256': '186127318eefd4e9b608f88e0018751bf1d97cddc7e3a4eb48b7a729451c77ee'}, 'dob': {'date': '1987-10-25T09:52:09.904Z', 'age': 36}, 'registered': {'date': '2009-02-18T06:02:27.394Z', 'age': 15}, 'phone': '(099) V57-6686', 'cell': '(066) K67-4299', 'id': {'name': '', 'value': None}, 'picture': {'large': 'https://randomuser.me/api/portraits/women/64.jpg', 'medium': 'https://randomuser.me/api/portraits/med/women/64.jpg', 'thumbnail': 'https://randomuser.me/api/portraits/thumb/women/64.jpg'}, 'nat': 'UA'}</msg>
<arg>${json_data['results'][0]}</arg>
<doc>Logs the given message with the given level.</doc>
<status status="PASS" start="2024-05-07T19:11:48.441302" elapsed="0.000406"/>
</kw>
<kw name="Log" owner="BuiltIn">
<msg time="2024-05-07T19:11:48.442120" level="INFO">location</msg>
<arg>${key}</arg>
<doc>Logs the given message with the given level.</doc>
<status status="PASS" start="2024-05-07T19:11:48.441997" elapsed="0.000159"/>
</kw>
<var name="${key}">location</var>
<status status="PASS" start="2024-05-07T19:11:48.440466" elapsed="0.001902"/>
</iter>
<iter>
<kw name="Dictionary Should Contain Key" owner="Collections">
<msg time="2024-05-07T19:11:48.443052" level="INFO">False</msg>
<arg>${json_data['results'][0]}</arg>
<arg>${key}</arg>
<doc>Fails if ``key`` is not found from ``dictionary``.</doc>
<status status="PASS" start="2024-05-07T19:11:48.442646" elapsed="0.000449"/>
</kw>
<kw name="Log" owner="BuiltIn">
<msg time="2024-05-07T19:11:48.443748" level="INFO">{'gender': 'female', 'name': {'title': 'Ms', 'first': 'Fayina', 'last': 'Sinko'}, 'location': {'street': {'number': 3524, 'name': 'Verhratskogo'}, 'city': 'Shargorod', 'state': 'Zaporizka', 'country': 'Ukraine', 'postcode': 84113, 'coordinates': {'latitude': '77.5811', 'longitude': '10.3793'}, 'timezone': {'offset': '+5:00', 'description': 'Ekaterinburg, Islamabad, Karachi, Tashkent'}}, 'email': 'fayina.sinko@example.com', 'login': {'uuid': 'ecaa52f4-dc47-4868-af32-69c5adc9baad', 'username': 'blackgorilla655', 'password': 'coming', 'salt': 'WtDIAIz0', 'md5': 'af4f1fa485b9b6e7aed9b45c6216f804', 'sha1': 'c67691c4c453b340275991e8934f9cb35f9d8e78', 'sha256': '186127318eefd4e9b608f88e0018751bf1d97cddc7e3a4eb48b7a729451c77ee'}, 'dob': {'date': '1987-10-25T09:52:09.904Z', 'age': 36}, 'registered': {'date': '2009-02-18T06:02:27.394Z', 'age': 15}, 'phone': '(099) V57-6686', 'cell': '(066) K67-4299', 'id': {'name': '', 'value': None}, 'picture': {'large': 'https://randomuser.me/api/portraits/women/64.jpg', 'medium': 'https://randomuser.me/api/portraits/med/women/64.jpg', 'thumbnail': 'https://randomuser.me/api/portraits/thumb/women/64.jpg'}, 'nat': 'UA'}</msg>
<arg>${json_data['results'][0]}</arg>
<doc>Logs the given message with the given level.</doc>
<status status="PASS" start="2024-05-07T19:11:48.443394" elapsed="0.000402"/>
</kw>
<kw name="Log" owner="BuiltIn">
<msg time="2024-05-07T19:11:48.444223" level="INFO">email</msg>
<arg>${key}</arg>
<doc>Logs the given message with the given level.</doc>
<status status="PASS" start="2024-05-07T19:11:48.444098" elapsed="0.000162"/>
</kw>
<var name="${key}">email</var>
<status status="PASS" start="2024-05-07T19:11:48.442537" elapsed="0.001934"/>
</iter>
<iter>
<kw name="Dictionary Should Contain Key" owner="Collections">
<msg time="2024-05-07T19:11:48.445140" level="INFO">False</msg>
<arg>${json_data['results'][0]}</arg>
<arg>${key}</arg>
<doc>Fails if ``key`` is not found from ``dictionary``.</doc>
<status status="PASS" start="2024-05-07T19:11:48.444755" elapsed="0.000422"/>
</kw>
<kw name="Log" owner="BuiltIn">
<msg time="2024-05-07T19:11:48.445830" level="INFO">{'gender': 'female', 'name': {'title': 'Ms', 'first': 'Fayina', 'last': 'Sinko'}, 'location': {'street': {'number': 3524, 'name': 'Verhratskogo'}, 'city': 'Shargorod', 'state': 'Zaporizka', 'country': 'Ukraine', 'postcode': 84113, 'coordinates': {'latitude': '77.5811', 'longitude': '10.3793'}, 'timezone': {'offset': '+5:00', 'description': 'Ekaterinburg, Islamabad, Karachi, Tashkent'}}, 'email': 'fayina.sinko@example.com', 'login': {'uuid': 'ecaa52f4-dc47-4868-af32-69c5adc9baad', 'username': 'blackgorilla655', 'password': 'coming', 'salt': 'WtDIAIz0', 'md5': 'af4f1fa485b9b6e7aed9b45c6216f804', 'sha1': 'c67691c4c453b340275991e8934f9cb35f9d8e78', 'sha256': '186127318eefd4e9b608f88e0018751bf1d97cddc7e3a4eb48b7a729451c77ee'}, 'dob': {'date': '1987-10-25T09:52:09.904Z', 'age': 36}, 'registered': {'date': '2009-02-18T06:02:27.394Z', 'age': 15}, 'phone': '(099) V57-6686', 'cell': '(066) K67-4299', 'id': {'name': '', 'value': None}, 'picture': {'large': 'https://randomuser.me/api/portraits/women/64.jpg', 'medium': 'https://randomuser.me/api/portraits/med/women/64.jpg', 'thumbnail': 'https://randomuser.me/api/portraits/thumb/women/64.jpg'}, 'nat': 'UA'}</msg>
<arg>${json_data['results'][0]}</arg>
<doc>Logs the given message with the given level.</doc>
<status status="PASS" start="2024-05-07T19:11:48.445470" elapsed="0.000407"/>
</kw>
<kw name="Log" owner="BuiltIn">
<msg time="2024-05-07T19:11:48.446304" level="INFO">login</msg>
<arg>${key}</arg>
<doc>Logs the given message with the given level.</doc>
<status status="PASS" start="2024-05-07T19:11:48.446178" elapsed="0.000163"/>
</kw>
<var name="${key}">login</var>
<status status="PASS" start="2024-05-07T19:11:48.444646" elapsed="0.001935"/>
</iter>
<var>${key}</var>
<value>@{expected_keys}</value>
<status status="PASS" start="2024-05-07T19:11:48.436006" elapsed="0.010699"/>
</for>
<kw name="Create List" owner="BuiltIn">
<msg time="2024-05-07T19:11:48.447063" level="INFO">${expected_keysTwo} = ['username', 'password']</msg>
<var>${expected_keysTwo}</var>
<arg>username</arg>
<arg>password</arg>
<doc>Returns a list containing given items.</doc>
<status status="PASS" start="2024-05-07T19:11:48.446898" elapsed="0.000189"/>
</kw>
<for flavor="IN">
<iter>
<kw name="Dictionary Should Contain Key" owner="Collections">
<msg time="2024-05-07T19:11:48.447973" level="INFO">False</msg>
<arg>${json_data['results'][0]['login']}</arg>
<arg>${keyTwo}</arg>
<doc>Fails if ``key`` is not found from ``dictionary``.</doc>
<status status="PASS" start="2024-05-07T19:11:48.447591" elapsed="0.000418"/>
</kw>
<kw name="Dictionary Should Contain Key" owner="Collections">
<msg time="2024-05-07T19:11:48.448681" level="INFO">False</msg>
<arg>${json_data['results'][0]['login']}</arg>
<arg>${keyTwo}</arg>
<doc>Fails if ``key`` is not found from ``dictionary``.</doc>
<status status="PASS" start="2024-05-07T19:11:48.448299" elapsed="0.000418"/>
</kw>
<kw name="Log" owner="BuiltIn">
<msg time="2024-05-07T19:11:48.449131" level="INFO">username</msg>
<arg>${keyTwo}</arg>
<doc>Logs the given message with the given level.</doc>
<status status="PASS" start="2024-05-07T19:11:48.449006" elapsed="0.000167"/>
</kw>
<var name="${keyTwo}">username</var>
<status status="PASS" start="2024-05-07T19:11:48.447483" elapsed="0.001906"/>
</iter>
<iter>
<kw name="Dictionary Should Contain Key" owner="Collections">
<msg time="2024-05-07T19:11:48.450126" level="INFO">False</msg>
<arg>${json_data['results'][0]['login']}</arg>
<arg>${keyTwo}</arg>
<doc>Fails if ``key`` is not found from ``dictionary``.</doc>
<status status="PASS" start="2024-05-07T19:11:48.449667" elapsed="0.000500"/>
</kw>
<kw name="Dictionary Should Contain Key" owner="Collections">
<msg time="2024-05-07T19:11:48.450838" level="INFO">False</msg>
<arg>${json_data['results'][0]['login']}</arg>
<arg>${keyTwo}</arg>
<doc>Fails if ``key`` is not found from ``dictionary``.</doc>
<status status="PASS" start="2024-05-07T19:11:48.450463" elapsed="0.000411"/>
</kw>
<kw name="Log" owner="BuiltIn">
<msg time="2024-05-07T19:11:48.451320" level="INFO">password</msg>
<arg>${keyTwo}</arg>
<doc>Logs the given message with the given level.</doc>
<status status="PASS" start="2024-05-07T19:11:48.451192" elapsed="0.000165"/>
</kw>
<var name="${keyTwo}">password</var>
<status status="PASS" start="2024-05-07T19:11:48.449560" elapsed="0.002009"/>
</iter>
<var>${keyTwo}</var>
<value>@{expected_keysTwo}</value>
<status status="PASS" start="2024-05-07T19:11:48.447328" elapsed="0.004359"/>
</for>
<status status="PASS" start="2024-05-07T19:11:48.343531" elapsed="0.108298"/>
</kw>
<doc>Testa a estrutura da resposta da API.</doc>
<tag>testeEstruturaResposta</tag>
<status status="PASS" start="2024-05-07T19:11:48.343003" elapsed="0.108987"/>
</test>
<test id="s1-s1-t4" name="Validar tipos de dados" line="28">
<kw name="Teste de Tipos de Dados" owner="random-user-service">
<kw name="GET On Session" owner="RequestsLibrary">
<msg time="2024-05-07T19:11:48.527716" level="INFO">GET Request : url=https://randomuser.me/api 
 path_url=/api 
 headers={'User-Agent': 'python-requests/2.31.0', 'Accept-Encoding': 'gzip, deflate', 'Accept': '*/*', 'Connection': 'keep-alive'} 
 body=None 
 </msg>
<msg time="2024-05-07T19:11:48.527821" level="INFO">GET Response : url=https://randomuser.me/api 
 status=200, reason=OK 
 headers={'Date': 'Tue, 07 May 2024 19:11:48 GMT', 'Content-Type': 'application/json; charset=utf-8', 'Transfer-Encoding': 'chunked', 'Connection': 'keep-alive', 'X-Powered-By': 'Express', 'Access-Control-Allow-Origin': '*', 'Cache-Control': 'no-cache', 'ETag': 'W/"4a5-Xvn5OKUPW7pNAys74CueNIu1xPg"', 'Vary': 'Accept-Encoding', 'Content-Encoding': 'gzip', 'CF-Cache-Status': 'DYNAMIC', 'Report-To': '{"endpoints":[{"url":"https:\\/\\/a.nel.cloudflare.com\\/report\\/v4?s=qRpcIvDTNY%2FQ%2FtMFNgBBGbW1edEW1JOYMP5sh%2FalonOdRZ33l7y04Ol2BZ%2B8c4tzpFwSujzaTQmSBAJdU4ePbv7y7Vlf%2FeBe2gEYwV5PDkiM0VtK6v9ET7AU%2FOGR9D4P"}],"group":"cf-nel","max_age":604800}', 'NEL': '{"success_fraction":0,"report_to":"cf-nel","max_age":604800}', 'Server': 'cloudflare', 'CF-RAY': '88038497de0a7ff9-IAD', 'alt-svc': 'h3=":443"; ma=86400'} 
 body={"results":[{"gender":"male","name":{"title":"Monsieur","first":"Gian","last":"Martinez"},"location":{"street":{"number":320,"name":"Quai Charles-De-Gaulle"},"city":"Châtel-sur-Montsalvens","state":"Obwalden","country":"Switzerland","postcode":8962,"coordinates":{"latitude":"-62.4747","longitude":"-70.0141"},"timezone":{"offset":"+6:00","description":"Almaty, Dhaka, Colombo"}},"email":"gian.martinez@example.com","login":{"uuid":"5ac04282-96fe-4001-a1c3-f36ae313b32e","username":"smalldog947","password":"armand","salt":"Jx94cbhA","md5":"a127d136e07ac4b94962da4433225801","sha1":"845fc50513c33f0483358e89523df2c0bba0181e","sha256":"2bbf574535ac7b9519fd48f51e06588e4c0f22ee46ff1857f9e309ea0846abfb"},"dob":{"date":"1955-12-22T09:45:27.162Z","age":68},"registered":{"date":"2010-01-06T18:52:48.723Z","age":14},"phone":"076 026 21 92","cell":"075 344 64 44","id":{"name":"AVS","value":"756.5941.2334.93"},"picture":{"large":"https://randomuser.me/api/portraits/men/66.jpg","medium":"https://randomuser.me/api/portraits/med/men/66.jpg","thumbnail":"https://randomuser.me/api/portraits/thumb/men/66.jpg"},"nat":"CH"}],"info":{"seed":"3a060cc5c442edb8","results":1,"page":1,"version":"1.4"}} 
 </msg>
<msg time="2024-05-07T19:11:48.527893" level="INFO">/opt/hostedtoolcache/Python/3.12.3/x64/lib/python3.12/site-packages/urllib3/connectionpool.py:1103: InsecureRequestWarning: Unverified HTTPS request is being made to host 'randomuser.me'. Adding certificate verification is strongly advised. See: https://urllib3.readthedocs.io/en/latest/advanced-usage.html#tls-warnings
  warnings.warn(</msg>
<msg time="2024-05-07T19:11:48.528033" level="INFO">${response} = &lt;Response [200]&gt;</msg>
<var>${response}</var>
<arg>consultarAPI</arg>
<arg>/api</arg>
<doc>Sends a GET request on a previously created HTTP Session.</doc>
<status status="PASS" start="2024-05-07T19:11:48.454753" elapsed="0.073318"/>
</kw>
<kw name="Set Variable" owner="BuiltIn">
<msg time="2024-05-07T19:11:48.529119" level="INFO">${json_data} = {'results': [{'gender': 'male', 'name': {'title': 'Monsieur', 'first': 'Gian', 'last': 'Martinez'}, 'location': {'street': {'number': 320, 'name': 'Quai Charles-De-Gaulle'}, 'city': 'Châtel-sur-Montsa...</msg>
<var>${json_data}</var>
<arg>${response.json()}</arg>
<doc>Returns the given values which can then be assigned to a variables.</doc>
<status status="PASS" start="2024-05-07T19:11:48.528600" elapsed="0.000547"/>
</kw>
<kw name="Log" owner="BuiltIn">
<msg time="2024-05-07T19:11:48.529611" level="INFO">{'results': [{'gender': 'male', 'name': {'title': 'Monsieur', 'first': 'Gian', 'last': 'Martinez'}, 'location': {'street': {'number': 320, 'name': 'Quai Charles-De-Gaulle'}, 'city': 'Châtel-sur-Montsalvens', 'state': 'Obwalden', 'country': 'Switzerland', 'postcode': 8962, 'coordinates': {'latitude': '-62.4747', 'longitude': '-70.0141'}, 'timezone': {'offset': '+6:00', 'description': 'Almaty, Dhaka, Colombo'}}, 'email': 'gian.martinez@example.com', 'login': {'uuid': '5ac04282-96fe-4001-a1c3-f36ae313b32e', 'username': 'smalldog947', 'password': 'armand', 'salt': 'Jx94cbhA', 'md5': 'a127d136e07ac4b94962da4433225801', 'sha1': '845fc50513c33f0483358e89523df2c0bba0181e', 'sha256': '2bbf574535ac7b9519fd48f51e06588e4c0f22ee46ff1857f9e309ea0846abfb'}, 'dob': {'date': '1955-12-22T09:45:27.162Z', 'age': 68}, 'registered': {'date': '2010-01-06T18:52:48.723Z', 'age': 14}, 'phone': '076 026 21 92', 'cell': '075 344 64 44', 'id': {'name': 'AVS', 'value': '756.5941.2334.93'}, 'picture': {'large': 'https://randomuser.me/api/portraits/men/66.jpg', 'medium': 'https://randomuser.me/api/portraits/med/men/66.jpg', 'thumbnail': 'https://randomuser.me/api/portraits/thumb/men/66.jpg'}, 'nat': 'CH'}], 'info': {'seed': '3a060cc5c442edb8', 'results': 1, 'page': 1, 'version': '1.4'}}</msg>
<arg>${json_data}</arg>
<doc>Logs the given message with the given level.</doc>
<status status="PASS" start="2024-05-07T19:11:48.529455" elapsed="0.000245"/>
</kw>
<kw name="Should Be String" owner="String">
<arg>${json_data['results'][0]['gender']}</arg>
<doc>Fails if the given ``item`` is not a string.</doc>
<status status="PASS" start="2024-05-07T19:11:48.530000" elapsed="0.000368"/>
</kw>
<kw name="Should Match Regexp" owner="BuiltIn">
<arg>${json_data['results'][0]['email']}</arg>
<arg>^[a-zA-Z0-9._%+-]+@[a-zA-Z0-9.-]+\.[a-zA-Z]{2,}$</arg>
<doc>Fails if ``string`` does not match ``pattern`` as a regular expression.</doc>
<status status="PASS" start="2024-05-07T19:11:48.530557" elapsed="0.000555"/>
</kw>
<kw name="Should Match Regexp" owner="BuiltIn">
<arg>${json_data['results'][0]['dob']['date']}</arg>
<arg>\\d{4}-\\d{2}-\\d{2}T\\d{2}:\\d{2}:\\d{2}\\.\\d{3}Z</arg>
<doc>Fails if ``string`` does not match ``pattern`` as a regular expression.</doc>
<status status="PASS" start="2024-05-07T19:11:48.531311" elapsed="0.000494"/>
</kw>
<kw name="Should Match Regexp" owner="BuiltIn">
<arg>${json_data['results'][0]['registered']['date']}</arg>
<arg>\\d{4}-\\d{2}-\\d{2}T\\d{2}:\\d{2}:\\d{2}\\.\\d{3}Z</arg>
<doc>Fails if ``string`` does not match ``pattern`` as a regular expression.</doc>
<status status="PASS" start="2024-05-07T19:11:48.531996" elapsed="0.000365"/>
</kw>
<kw name="Should Match Regexp" owner="BuiltIn">
<arg>${json_data['results'][0]['picture']['large']}</arg>
<arg>^https?://.*\.(?:png|jpe?g|gif|bmp)$</arg>
<doc>Fails if ``string`` does not match ``pattern`` as a regular expression.</doc>
<status status="PASS" start="2024-05-07T19:11:48.532553" elapsed="0.000462"/>
</kw>
<kw name="Should Match Regexp" owner="BuiltIn">
<arg>${json_data['results'][0]['picture']['medium']}</arg>
<arg>^https?://.*\.(?:png|jpe?g|gif|bmp)$</arg>
<doc>Fails if ``string`` does not match ``pattern`` as a regular expression.</doc>
<status status="PASS" start="2024-05-07T19:11:48.533203" elapsed="0.000358"/>
</kw>
<kw name="Should Match Regexp" owner="BuiltIn">
<arg>${json_data['results'][0]['picture']['thumbnail']}</arg>
<arg>^https?://.*\.(?:png|jpe?g|gif|bmp)$</arg>
<doc>Fails if ``string`` does not match ``pattern`` as a regular expression.</doc>
<status status="PASS" start="2024-05-07T19:11:48.533748" elapsed="0.000348"/>
</kw>
<kw name="Log" owner="BuiltIn">
<msg time="2024-05-07T19:11:48.534592" level="INFO">{'large': 'https://randomuser.me/api/portraits/men/66.jpg', 'medium': 'https://randomuser.me/api/portraits/med/men/66.jpg', 'thumbnail': 'https://randomuser.me/api/portraits/thumb/men/66.jpg'}</msg>
<arg>${json_data['results'][0]['picture']}</arg>
<doc>Logs the given message with the given level.</doc>
<status status="PASS" start="2024-05-07T19:11:48.534273" elapsed="0.000360"/>
</kw>
<status status="PASS" start="2024-05-07T19:11:48.454443" elapsed="0.080452"/>
</kw>
<kw name="Teste de Tipos de Dados - Postcode" owner="random-user-service">
<kw name="GET On Session" owner="RequestsLibrary">
<msg time="2024-05-07T19:11:48.631774" level="INFO">GET Request : url=https://randomuser.me/api 
 path_url=/api 
 headers={'User-Agent': 'python-requests/2.31.0', 'Accept-Encoding': 'gzip, deflate', 'Accept': '*/*', 'Connection': 'keep-alive'} 
 body=None 
 </msg>
<msg time="2024-05-07T19:11:48.631879" level="INFO">GET Response : url=https://randomuser.me/api 
 status=200, reason=OK 
 headers={'Date': 'Tue, 07 May 2024 19:11:48 GMT', 'Content-Type': 'application/json; charset=utf-8', 'Transfer-Encoding': 'chunked', 'Connection': 'keep-alive', 'X-Powered-By': 'Express', 'Access-Control-Allow-Origin': '*', 'Cache-Control': 'no-cache', 'ETag': 'W/"47a-B89vDt0uFOAtdGjS9+y9VeTx+vg"', 'Vary': 'Accept-Encoding', 'Content-Encoding': 'gzip', 'CF-Cache-Status': 'DYNAMIC', 'Report-To': '{"endpoints":[{"url":"https:\\/\\/a.nel.cloudflare.com\\/report\\/v4?s=NCD%2FIjJJB8Bwrucg7lU9gWOKiPYRYzdSSPUwdJJqnyeWsOgbYImVGPLfGEnrtGu1NRUCzibPiJ7QRHV%2B6GJNb%2FXgJzn866r8Fk1AJur0DNCLiHKGHzUtdcWtAxaoGRsk"}],"group":"cf-nel","max_age":604800}', 'NEL': '{"success_fraction":0,"report_to":"cf-nel","max_age":604800}', 'Server': 'cloudflare', 'CF-RAY': '880384985ea37ff9-IAD', 'alt-svc': 'h3=":443"; ma=86400'} 
 body={"results":[{"gender":"female","name":{"title":"Mrs","first":"Deborah","last":"Hudson"},"location":{"street":{"number":6331,"name":"George Street"},"city":"Longford","state":"Limerick","country":"Ireland","postcode":89037,"coordinates":{"latitude":"-0.3038","longitude":"100.7481"},"timezone":{"offset":"-2:00","description":"Mid-Atlantic"}},"email":"deborah.hudson@example.com","login":{"uuid":"4796a398-e8ee-4335-b4e1-4df6da9eb54e","username":"bigfish886","password":"trance","salt":"G63nltnr","md5":"80f9eb99a55702733e065e57ac719def","sha1":"7fa59feb7a60c1942babf0616f9d7f03eb326fea","sha256":"fb4dd040bb3d563fb471a18ea7ed408546d49a08cc6ea18eb08bd5d025b44c89"},"dob":{"date":"1999-01-24T15:58:17.423Z","age":25},"registered":{"date":"2009-10-27T13:50:56.130Z","age":14},"phone":"051-597-3288","cell":"081-951-1460","id":{"name":"PPS","value":"1125705T"},"picture":{"large":"https://randomuser.me/api/portraits/women/82.jpg","medium":"https://randomuser.me/api/portraits/med/women/82.jpg","thumbnail":"https://randomuser.me/api/portraits/thumb/women/82.jpg"},"nat":"IE"}],"info":{"seed":"226bbc79ebc04c17","results":1,"page":1,"version":"1.4"}} 
 </msg>
<msg time="2024-05-07T19:11:48.631963" level="INFO">/opt/hostedtoolcache/Python/3.12.3/x64/lib/python3.12/site-packages/urllib3/connectionpool.py:1103: InsecureRequestWarning: Unverified HTTPS request is being made to host 'randomuser.me'. Adding certificate verification is strongly advised. See: https://urllib3.readthedocs.io/en/latest/advanced-usage.html#tls-warnings
  warnings.warn(</msg>
<msg time="2024-05-07T19:11:48.632143" level="INFO">${response} = &lt;Response [200]&gt;</msg>
<var>${response}</var>
<arg>consultarAPI</arg>
<arg>/api</arg>
<doc>Sends a GET request on a previously created HTTP Session.</doc>
<status status="PASS" start="2024-05-07T19:11:48.535396" elapsed="0.096792"/>
</kw>
<kw name="Set Variable" owner="BuiltIn">
<msg time="2024-05-07T19:11:48.633301" level="INFO">${json_data} = {'results': [{'gender': 'female', 'name': {'title': 'Mrs', 'first': 'Deborah', 'last': 'Hudson'}, 'location': {'street': {'number': 6331, 'name': 'George Street'}, 'city': 'Longford', 'state': 'Limeri...</msg>
<var>${json_data}</var>
<arg>${response.json()}</arg>
<doc>Returns the given values which can then be assigned to a variables.</doc>
<status status="PASS" start="2024-05-07T19:11:48.632783" elapsed="0.000545"/>
</kw>
<kw name="Log" owner="BuiltIn">
<msg time="2024-05-07T19:11:48.633791" level="INFO">{'results': [{'gender': 'female', 'name': {'title': 'Mrs', 'first': 'Deborah', 'last': 'Hudson'}, 'location': {'street': {'number': 6331, 'name': 'George Street'}, 'city': 'Longford', 'state': 'Limerick', 'country': 'Ireland', 'postcode': 89037, 'coordinates': {'latitude': '-0.3038', 'longitude': '100.7481'}, 'timezone': {'offset': '-2:00', 'description': 'Mid-Atlantic'}}, 'email': 'deborah.hudson@example.com', 'login': {'uuid': '4796a398-e8ee-4335-b4e1-4df6da9eb54e', 'username': 'bigfish886', 'password': 'trance', 'salt': 'G63nltnr', 'md5': '80f9eb99a55702733e065e57ac719def', 'sha1': '7fa59feb7a60c1942babf0616f9d7f03eb326fea', 'sha256': 'fb4dd040bb3d563fb471a18ea7ed408546d49a08cc6ea18eb08bd5d025b44c89'}, 'dob': {'date': '1999-01-24T15:58:17.423Z', 'age': 25}, 'registered': {'date': '2009-10-27T13:50:56.130Z', 'age': 14}, 'phone': '051-597-3288', 'cell': '081-951-1460', 'id': {'name': 'PPS', 'value': '1125705T'}, 'picture': {'large': 'https://randomuser.me/api/portraits/women/82.jpg', 'medium': 'https://randomuser.me/api/portraits/med/women/82.jpg', 'thumbnail': 'https://randomuser.me/api/portraits/thumb/women/82.jpg'}, 'nat': 'IE'}], 'info': {'seed': '226bbc79ebc04c17', 'results': 1, 'page': 1, 'version': '1.4'}}</msg>
<arg>${json_data}</arg>
<doc>Logs the given message with the given level.</doc>
<status status="PASS" start="2024-05-07T19:11:48.633638" elapsed="0.000233"/>
</kw>
<kw name="Should Be Equal As Numbers" owner="BuiltIn">
<arg>${json_data['results'][0]['location']['postcode']}</arg>
<arg>${json_data['results'][0]['location']['postcode']}</arg>
<doc>Fails if objects are unequal after converting them to real numbers.</doc>
<status status="PASS" start="2024-05-07T19:11:48.634349" elapsed="0.000652"/>
</kw>
<kw name="Log" owner="BuiltIn">
<msg time="2024-05-07T19:11:48.635559" level="INFO">89037</msg>
<arg>${json_data['results'][0]['location']['postcode']}</arg>
<doc>Logs the given message with the given level.</doc>
<status status="PASS" start="2024-05-07T19:11:48.635219" elapsed="0.000381"/>
</kw>
<status status="PASS" start="2024-05-07T19:11:48.535163" elapsed="0.100695"/>
</kw>
<doc>Testa se os tipos de dados na resposta da API estão corretos.</doc>
<tag>testeTiposDados</tag>
<status status="PASS" start="2024-05-07T19:11:48.453784" elapsed="0.182245"/>
</test>
<test id="s1-s1-t5" name="Validar conteudo" line="35">
<kw name="Teste de Tipos de Conteudo" owner="random-user-service">
<kw name="GET On Session" owner="RequestsLibrary">
<msg time="2024-05-07T19:11:48.746862" level="INFO">GET Request : url=https://randomuser.me/api 
 path_url=/api 
 headers={'User-Agent': 'python-requests/2.31.0', 'Accept-Encoding': 'gzip, deflate', 'Accept': '*/*', 'Connection': 'keep-alive'} 
 body=None 
 </msg>
<msg time="2024-05-07T19:11:48.747001" level="INFO">GET Response : url=https://randomuser.me/api 
 status=200, reason=OK 
 headers={'Date': 'Tue, 07 May 2024 19:11:48 GMT', 'Content-Type': 'application/json; charset=utf-8', 'Transfer-Encoding': 'chunked', 'Connection': 'keep-alive', 'X-Powered-By': 'Express', 'Access-Control-Allow-Origin': '*', 'Cache-Control': 'no-cache', 'ETag': 'W/"4a6-7x/PvfX0ZLrW94Asn9hzEydxwn4"', 'Vary': 'Accept-Encoding', 'Content-Encoding': 'gzip', 'CF-Cache-Status': 'DYNAMIC', 'Report-To': '{"endpoints":[{"url":"https:\\/\\/a.nel.cloudflare.com\\/report\\/v4?s=IFdTjXiKCHIrMeZqEgQXC6n9nnJjYaij1TEksR8C%2BwX7dVJLxouVaYwt9nyo1dvH5chyf0Dz2EuIDndYwfybL3bbhG2VJjB4BgkhEmSRYKJsidXzRVXPgYPoRzmuo67c"}],"group":"cf-nel","max_age":604800}', 'NEL': '{"success_fraction":0,"report_to":"cf-nel","max_age":604800}', 'Server': 'cloudflare', 'CF-RAY': '880384990f617ff9-IAD', 'alt-svc': 'h3=":443"; ma=86400'} 
 body={"results":[{"gender":"female","name":{"title":"Mrs","first":"Emma","last":"Hamalainen"},"location":{"street":{"number":5250,"name":"Hermiankatu"},"city":"Parkano","state":"Central Finland","country":"Finland","postcode":28023,"coordinates":{"latitude":"-28.7171","longitude":"167.6814"},"timezone":{"offset":"-6:00","description":"Central Time (US &amp; Canada), Mexico City"}},"email":"emma.hamalainen@example.com","login":{"uuid":"31738390-3471-4632-b7d5-06c804fcb77a","username":"greenbear453","password":"snowboar","salt":"tCgBml0C","md5":"15219d37521541fa77ab1b6cb144996d","sha1":"b5895b8228d021d2b12d94c6a28b50e5ef5fde1b","sha256":"e0acb19e7f86312badd11a7997419be5c907aaeb677e3e5eb94d0591decab846"},"dob":{"date":"1988-10-06T21:36:03.394Z","age":35},"registered":{"date":"2013-06-02T14:26:52.888Z","age":10},"phone":"04-977-446","cell":"042-685-62-18","id":{"name":"HETU","value":"NaNNA188undefined"},"picture":{"large":"https://randomuser.me/api/portraits/women/0.jpg","medium":"https://randomuser.me/api/portraits/med/women/0.jpg","thumbnail":"https://randomuser.me/api/portraits/thumb/women/0.jpg"},"nat":"FI"}],"info":{"seed":"f3aea0e4108aa3dc","results":1,"page":1,"version":"1.4"}} 
 </msg>
<msg time="2024-05-07T19:11:48.747095" level="INFO">/opt/hostedtoolcache/Python/3.12.3/x64/lib/python3.12/site-packages/urllib3/connectionpool.py:1103: InsecureRequestWarning: Unverified HTTPS request is being made to host 'randomuser.me'. Adding certificate verification is strongly advised. See: https://urllib3.readthedocs.io/en/latest/advanced-usage.html#tls-warnings
  warnings.warn(</msg>
<msg time="2024-05-07T19:11:48.747243" level="INFO">${response} = &lt;Response [200]&gt;</msg>
<var>${response}</var>
<arg>consultarAPI</arg>
<arg>/api</arg>
<doc>Sends a GET request on a previously created HTTP Session.</doc>
<status status="PASS" start="2024-05-07T19:11:48.638587" elapsed="0.108693"/>
</kw>
<kw name="Set Variable" owner="BuiltIn">
<msg time="2024-05-07T19:11:48.748398" level="INFO">${json_data} = {'results': [{'gender': 'female', 'name': {'title': 'Mrs', 'first': 'Emma', 'last': 'Hamalainen'}, 'location': {'street': {'number': 5250, 'name': 'Hermiankatu'}, 'city': 'Parkano', 'state': 'Central ...</msg>
<var>${json_data}</var>
<arg>${response.json()}</arg>
<doc>Returns the given values which can then be assigned to a variables.</doc>
<status status="PASS" start="2024-05-07T19:11:48.747870" elapsed="0.000555"/>
</kw>
<kw name="Set Variable" owner="BuiltIn">
<msg time="2024-05-07T19:11:48.749117" level="INFO">${name_title} = Mrs</msg>
<var>${name_title}</var>
<arg>${json_data["results"][0]["name"]["title"]}</arg>
<doc>Returns the given values which can then be assigned to a variables.</doc>
<status status="PASS" start="2024-05-07T19:11:48.748727" elapsed="0.000414"/>
</kw>
<kw name="Create List" owner="BuiltIn">
<msg time="2024-05-07T19:11:48.749584" level="INFO">${allowed_titles} = ['Mr', 'Ms', 'Miss', 'Mrs', 'Madame', 'Monsieur']</msg>
<var>${allowed_titles}</var>
<arg>Mr</arg>
<arg>Ms</arg>
<arg>Miss</arg>
<arg>Mrs</arg>
<arg>Madame</arg>
<arg>Monsieur</arg>
<doc>Returns a list containing given items.</doc>
<status status="PASS" start="2024-05-07T19:11:48.749437" elapsed="0.000171"/>
</kw>
<kw name="List Should Contain Value" owner="Collections">
<msg time="2024-05-07T19:11:48.750089" level="INFO">False</msg>
<arg>${allowed_titles}</arg>
<arg>${name_title}</arg>
<doc>Fails if the ``value`` is not found from ``list``.</doc>
<status status="PASS" start="2024-05-07T19:11:48.749915" elapsed="0.000209"/>
</kw>
<kw name="Set Variable" owner="BuiltIn">
<msg time="2024-05-07T19:11:48.750794" level="INFO">${name_country} = FI</msg>
<var>${name_country}</var>
<arg>${json_data["results"][0]["nat"]}</arg>
<doc>Returns the given values which can then be assigned to a variables.</doc>
<status status="PASS" start="2024-05-07T19:11:48.750413" elapsed="0.000406"/>
</kw>
<kw name="Create List" owner="BuiltIn">
<msg time="2024-05-07T19:11:48.751726" level="INFO">${list_country} = ['AD', 'AE', 'AF', 'AG', 'AI', 'AL', 'AM', 'AO', 'AQ', 'AR', 'AS', 'AT', 'AU', 'AW', 'AX', 'AZ', 'BA', 'BB', 'BD', 'BE', 'BF', 'BG', 'BH', 'BI', 'BJ', 'BL', 'BM', 'BN', 'BO', 'BQ', 'BR', 'BS', 'BT', '...</msg>
<var>${list_country}</var>
<arg>AD</arg>
<arg>AE</arg>
<arg>AF</arg>
<arg>AG</arg>
<arg>AI</arg>
<arg>AL</arg>
<arg>AM</arg>
<arg>AO</arg>
<arg>AQ</arg>
<arg>AR</arg>
<arg>AS</arg>
<arg>AT</arg>
<arg>AU</arg>
<arg>AW</arg>
<arg>AX</arg>
<arg>AZ</arg>
<arg>BA</arg>
<arg>BB</arg>
<arg>BD</arg>
<arg>BE</arg>
<arg>BF</arg>
<arg>BG</arg>
<arg>BH</arg>
<arg>BI</arg>
<arg>BJ</arg>
<arg>BL</arg>
<arg>BM</arg>
<arg>BN</arg>
<arg>BO</arg>
<arg>BQ</arg>
<arg>BR</arg>
<arg>BS</arg>
<arg>BT</arg>
<arg>BV</arg>
<arg>BW</arg>
<arg>BY</arg>
<arg>BZ</arg>
<arg>CA</arg>
<arg>CC</arg>
<arg>CD</arg>
<arg>CF</arg>
<arg>CG</arg>
<arg>CH</arg>
<arg>CI</arg>
<arg>CK</arg>
<arg>CL</arg>
<arg>CM</arg>
<arg>CN</arg>
<arg>CO</arg>
<arg>CR</arg>
<arg>CU</arg>
<arg>CV</arg>
<arg>CW</arg>
<arg>CX</arg>
<arg>CY</arg>
<arg>CZ</arg>
<arg>DE</arg>
<arg>DJ</arg>
<arg>DK</arg>
<arg>DM</arg>
<arg>DO</arg>
<arg>DZ</arg>
<arg>EC</arg>
<arg>EE</arg>
<arg>EG</arg>
<arg>EH</arg>
<arg>ER</arg>
<arg>ES</arg>
<arg>ET</arg>
<arg>FI</arg>
<arg>FJ</arg>
<arg>FK</arg>
<arg>FM</arg>
<arg>FO</arg>
<arg>FR</arg>
<arg>GA</arg>
<arg>GB</arg>
<arg>GD</arg>
<arg>GE</arg>
<arg>GF</arg>
<arg>GG</arg>
<arg>GH</arg>
<arg>GI</arg>
<arg>GL</arg>
<arg>GM</arg>
<arg>GN</arg>
<arg>GP</arg>
<arg>GQ</arg>
<arg>GR</arg>
<arg>GS</arg>
<arg>GT</arg>
<arg>GU</arg>
<arg>GW</arg>
<arg>GY</arg>
<arg>HK</arg>
<arg>HM</arg>
<arg>HN</arg>
<arg>HR</arg>
<arg>HT</arg>
<arg>HU</arg>
<arg>ID</arg>
<arg>IE</arg>
<arg>IL</arg>
<arg>IM</arg>
<arg>IN</arg>
<arg>IO</arg>
<arg>IQ</arg>
<arg>IR</arg>
<arg>IS</arg>
<arg>IT</arg>
<arg>JE</arg>
<arg>JM</arg>
<arg>JO</arg>
<arg>JP</arg>
<arg>KE</arg>
<arg>KG</arg>
<arg>KH</arg>
<arg>KI</arg>
<arg>KM</arg>
<arg>KN</arg>
<arg>KP</arg>
<arg>KR</arg>
<arg>KW</arg>
<arg>KY</arg>
<arg>KZ</arg>
<arg>LA</arg>
<arg>LB</arg>
<arg>LC</arg>
<arg>LI</arg>
<arg>LK</arg>
<arg>LR</arg>
<arg>LS</arg>
<arg>LT</arg>
<arg>LU</arg>
<arg>LV</arg>
<arg>LY</arg>
<arg>MA</arg>
<arg>MC</arg>
<arg>MD</arg>
<arg>ME</arg>
<arg>MF</arg>
<arg>MG</arg>
<arg>MH</arg>
<arg>MK</arg>
<arg>ML</arg>
<arg>MM</arg>
<arg>MN</arg>
<arg>MO</arg>
<arg>MP</arg>
<arg>MQ</arg>
<arg>MR</arg>
<arg>MS</arg>
<arg>MT</arg>
<arg>MU</arg>
<arg>MV</arg>
<arg>MW</arg>
<arg>MX</arg>
<arg>MY</arg>
<arg>MZ</arg>
<arg>NA</arg>
<arg>NC</arg>
<arg>NE</arg>
<arg>NF</arg>
<arg>NG</arg>
<arg>NI</arg>
<arg>NL</arg>
<arg>NO</arg>
<arg>NP</arg>
<arg>NR</arg>
<arg>NU</arg>
<arg>NZ</arg>
<arg>OM</arg>
<arg>PA</arg>
<arg>PE</arg>
<arg>PF</arg>
<arg>PG</arg>
<arg>PH</arg>
<arg>PK</arg>
<arg>PL</arg>
<arg>PM</arg>
<arg>PN</arg>
<arg>PR</arg>
<arg>PS</arg>
<arg>PT</arg>
<arg>PW</arg>
<arg>PY</arg>
<arg>QA</arg>
<arg>RE</arg>
<arg>RO</arg>
<arg>RS</arg>
<arg>RU</arg>
<arg>RW</arg>
<arg>SA</arg>
<arg>SB</arg>
<arg>SC</arg>
<arg>SD</arg>
<arg>SE</arg>
<arg>SG</arg>
<arg>SH</arg>
<arg>SI</arg>
<arg>SJ</arg>
<arg>SK</arg>
<arg>SL</arg>
<arg>SM</arg>
<arg>SN</arg>
<arg>SO</arg>
<arg>SR</arg>
<arg>SS</arg>
<arg>ST</arg>
<arg>SV</arg>
<arg>SX</arg>
<arg>SY</arg>
<arg>SZ</arg>
<arg>TC</arg>
<arg>TD</arg>
<arg>TF</arg>
<arg>TG</arg>
<arg>TH</arg>
<arg>TJ</arg>
<arg>TK</arg>
<arg>TL</arg>
<arg>TM</arg>
<arg>TN</arg>
<arg>TO</arg>
<arg>TR</arg>
<arg>TT</arg>
<arg>TV</arg>
<arg>TW</arg>
<arg>TZ</arg>
<arg>UA</arg>
<arg>UG</arg>
<arg>UM</arg>
<arg>US</arg>
<arg>UY</arg>
<arg>UZ</arg>
<arg>VA</arg>
<arg>VC</arg>
<arg>VE</arg>
<arg>VG</arg>
<arg>VI</arg>
<arg>VN</arg>
<arg>VU</arg>
<arg>WF</arg>
<arg>WS</arg>
<arg>XK</arg>
<arg>YE</arg>
<arg>YT</arg>
<arg>ZA</arg>
<arg>ZM</arg>
<arg>ZW</arg>
<doc>Returns a list containing given items.</doc>
<status status="PASS" start="2024-05-07T19:11:48.751144" elapsed="0.000608"/>
</kw>
<kw name="List Should Contain Value" owner="Collections">
<msg time="2024-05-07T19:11:48.752747" level="INFO">False</msg>
<arg>${list_country}</arg>
<arg>${name_country}</arg>
<doc>Fails if the ``value`` is not found from ``list``.</doc>
<status status="PASS" start="2024-05-07T19:11:48.752554" elapsed="0.000229"/>
</kw>
<kw name="Run Keyword If" owner="BuiltIn">
<kw name="Should Be True" owner="BuiltIn">
<arg>${True}</arg>
<doc>Fails if the given condition is not true.</doc>
<status status="PASS" start="2024-05-07T19:11:48.753843" elapsed="0.000254"/>
</kw>
<arg>${json_data["results"][0]["location"]["coordinates"]["latitude"]} &gt;= -90 and ${json_data["results"][0]["location"]["coordinates"]["latitude"]} &lt;= 90</arg>
<arg>Should Be True</arg>
<arg>${True}</arg>
<doc>Runs the given keyword with the given arguments, if ``condition`` is true.</doc>
<status status="PASS" start="2024-05-07T19:11:48.753091" elapsed="0.001137"/>
</kw>
<kw name="Run Keyword If" owner="BuiltIn">
<kw name="Should Be True" owner="BuiltIn">
<arg>${True}</arg>
<doc>Fails if the given condition is not true.</doc>
<status status="PASS" start="2024-05-07T19:11:48.755133" elapsed="0.000137"/>
</kw>
<arg>${json_data["results"][0]["location"]["coordinates"]["longitude"]} &gt;= -180 and ${json_data["results"][0]["location"]["coordinates"]["longitude"]} &lt;= 180</arg>
<arg>Should Be True</arg>
<arg>${True}</arg>
<doc>Runs the given keyword with the given arguments, if ``condition`` is true.</doc>
<status status="PASS" start="2024-05-07T19:11:48.754412" elapsed="0.000987"/>
</kw>
<status status="PASS" start="2024-05-07T19:11:48.638361" elapsed="0.117167"/>
</kw>
<doc>Testa o conteúdo específico dos campos retornados pela API.</doc>
<tag>testeConteudo</tag>
<status status="PASS" start="2024-05-07T19:11:48.637813" elapsed="0.117866"/>
</test>
<status status="PASS" start="2024-05-07T19:11:47.814375" elapsed="0.943269"/>
</suite>
<status status="PASS" start="2024-05-07T19:11:47.800588" elapsed="0.962212"/>
</suite>
<statistics>
<total>
<stat pass="5" fail="0" skip="0">All Tests</stat>
</total>
<tag>
<stat pass="1" fail="0" skip="0">testeConteudo</stat>
<stat pass="1" fail="0" skip="0">testeEstruturaResposta</stat>
<stat pass="1" fail="0" skip="0">testeRequisicaoBasica</stat>
<stat pass="1" fail="0" skip="0">testeTiposDados</stat>
</tag>
<suite>
<stat pass="5" fail="0" skip="0" id="s1" name="Tests">Tests</stat>
<stat pass="5" fail="0" skip="0" id="s1-s1" name="Random-User-Test">Tests.Random-User-Test</stat>
</suite>
</statistics>
<errors>
</errors>
</robot>
