<?xml version="1.0" encoding="UTF-8"?>
<robot generator="Robot 7.0 (Python 3.12.3 on linux)" generated="2024-06-07T22:14:42.228067" rpa="false" schemaversion="5">
<suite id="s1" name="Tests" source="/home/runner/work/ApiRandomUser/ApiRandomUser/RamdonUser/tests">
<suite id="s1-s1" name="Random-User-Test" source="/home/runner/work/ApiRandomUser/ApiRandomUser/RamdonUser/tests/random-user-test.robot">
<test id="s1-s1-t1" name="Conectar" line="13">
<kw name="Conectar API" owner="random-user-service">
<kw name="Create Session" owner="RequestsLibrary">
<msg time="2024-06-07T22:14:42.605739" level="INFO">Creating Session using : alias=consultarAPI, url=https://randomuser.me/, headers={},                     cookies={}, auth=None, timeout=None, proxies=None, verify=False,                     debug=0 </msg>
<arg>consultarAPI</arg>
<arg>${URL}</arg>
<doc>Create Session: create a HTTP session to a server</doc>
<status status="PASS" start="2024-06-07T22:14:42.605540" elapsed="0.000358"/>
</kw>
<status status="PASS" start="2024-06-07T22:14:42.604554" elapsed="0.001690"/>
</kw>
<status status="PASS" start="2024-06-07T22:14:42.603964" elapsed="0.002472"/>
</test>
<test id="s1-s1-t2" name="Validar retorno 200 e JSON Válido" line="16">
<kw name="Teste de Requisicao Basica" owner="random-user-service">
<kw name="GET On Session" owner="RequestsLibrary">
<msg time="2024-06-07T22:14:42.956698" level="INFO">GET Request : url=https://randomuser.me/api 
 path_url=/api 
 headers={'User-Agent': 'python-requests/2.32.3', 'Accept-Encoding': 'gzip, deflate', 'Accept': '*/*', 'Connection': 'keep-alive'} 
 body=None 
 </msg>
<msg time="2024-06-07T22:14:42.956839" level="INFO">GET Response : url=https://randomuser.me/api 
 status=200, reason=OK 
 headers={'Date': 'Fri, 07 Jun 2024 22:14:42 GMT', 'Content-Type': 'application/json; charset=utf-8', 'Transfer-Encoding': 'chunked', 'Connection': 'keep-alive', 'X-Powered-By': 'Express', 'Access-Control-Allow-Origin': '*', 'Cache-Control': 'no-cache', 'ETag': 'W/"484-YCSBjASRQGyrueEDclKKMnAZNbg"', 'Vary': 'Accept-Encoding', 'Content-Encoding': 'gzip', 'CF-Cache-Status': 'DYNAMIC', 'Report-To': '{"endpoints":[{"url":"https:\\/\\/a.nel.cloudflare.com\\/report\\/v4?s=Lj6QijpLcXbSrVSe%2Far8ooQojnLkW%2B17wCIKYIVYmNAKhIQPIT4mdL8E7SZCRV1Eiiazlv8I2lYUb6zA%2B%2Btpz3Pk7bTBJG31wWmbgS1zgWf0HD5GIwrq9DDc3f2Qb%2B4I"}],"group":"cf-nel","max_age":604800}', 'NEL': '{"success_fraction":0,"report_to":"cf-nel","max_age":604800}', 'Server': 'cloudflare', 'CF-RAY': '8903ff25cb9b2f52-LAX', 'alt-svc': 'h3=":443"; ma=86400'} 
 body={"results":[{"gender":"female","name":{"title":"Mrs","first":"Megan","last":"Kim"},"location":{"street":{"number":5444,"name":"Groveland Terrace"},"city":"Devonport","state":"Australian Capital Territory","country":"Australia","postcode":3596,"coordinates":{"latitude":"-85.7879","longitude":"62.9481"},"timezone":{"offset":"-9:00","description":"Alaska"}},"email":"megan.kim@example.com","login":{"uuid":"a7718550-1f8b-4274-af03-248e111b64c3","username":"bluedog357","password":"646464","salt":"9HTjErx0","md5":"87af4cb1662590259c0056f6cabd4be4","sha1":"ce8a0bdb84f23124385890227839868c5a382584","sha256":"7a7743b9010aa5507b17fcc655c4f3a725282b5a6d22709d219671035ac3dd37"},"dob":{"date":"1973-07-10T13:26:54.307Z","age":50},"registered":{"date":"2019-11-18T15:45:02.004Z","age":4},"phone":"01-1642-7270","cell":"0498-853-504","id":{"name":"TFN","value":"033240851"},"picture":{"large":"https://randomuser.me/api/portraits/women/10.jpg","medium":"https://randomuser.me/api/portraits/med/women/10.jpg","thumbnail":"https://randomuser.me/api/portraits/thumb/women/10.jpg"},"nat":"AU"}],"info":{"seed":"c566eae11005c38a","results":1,"page":1,"version":"1.4"}} 
 </msg>
<msg time="2024-06-07T22:14:42.956910" level="INFO">/opt/hostedtoolcache/Python/3.12.3/x64/lib/python3.12/site-packages/urllib3/connectionpool.py:1103: InsecureRequestWarning: Unverified HTTPS request is being made to host 'randomuser.me'. Adding certificate verification is strongly advised. See: https://urllib3.readthedocs.io/en/latest/advanced-usage.html#tls-warnings
  warnings.warn(</msg>
<msg time="2024-06-07T22:14:42.957046" level="INFO">${response} = &lt;Response [200]&gt;</msg>
<var>${response}</var>
<arg>consultarAPI</arg>
<arg>/api</arg>
<doc>Sends a GET request on a previously created HTTP Session.</doc>
<status status="PASS" start="2024-06-07T22:14:42.609130" elapsed="0.347954"/>
</kw>
<kw name="Should Be Equal As Numbers" owner="BuiltIn">
<msg time="2024-06-07T22:14:42.957931" level="INFO">Argument types are:
&lt;class 'int'&gt;
&lt;class 'str'&gt;</msg>
<arg>${response.status_code}</arg>
<arg>200</arg>
<doc>Fails if objects are unequal after converting them to real numbers.</doc>
<status status="PASS" start="2024-06-07T22:14:42.957508" elapsed="0.000487"/>
</kw>
<kw name="Log" owner="BuiltIn">
<msg time="2024-06-07T22:14:42.958690" level="INFO">200</msg>
<arg>${response.status_code}</arg>
<doc>Logs the given message with the given level.</doc>
<status status="PASS" start="2024-06-07T22:14:42.958344" elapsed="0.000392"/>
</kw>
<kw name="Set Variable" owner="BuiltIn">
<msg time="2024-06-07T22:14:42.959477" level="INFO">${json_data} = {'results': [{'gender': 'female', 'name': {'title': 'Mrs', 'first': 'Megan', 'last': 'Kim'}, 'location': {'street': {'number': 5444, 'name': 'Groveland Terrace'}, 'city': 'Devonport', 'state': 'Austra...</msg>
<var>${json_data}</var>
<arg>${response.json()}</arg>
<doc>Returns the given values which can then be assigned to a variables.</doc>
<status status="PASS" start="2024-06-07T22:14:42.959044" elapsed="0.000461"/>
</kw>
<kw name="Dictionary Should Contain Key" owner="Collections">
<msg time="2024-06-07T22:14:42.960050" level="INFO">False</msg>
<arg>${json_data}</arg>
<arg>results</arg>
<doc>Fails if ``key`` is not found from ``dictionary``.</doc>
<status status="PASS" start="2024-06-07T22:14:42.959841" elapsed="0.000384"/>
</kw>
<status status="PASS" start="2024-06-07T22:14:42.608890" elapsed="0.351600"/>
</kw>
<doc>Testa se a API responde corretamente e retorna um objeto JSON válido.</doc>
<tag>testeRequisicaoBasica</tag>
<status status="PASS" start="2024-06-07T22:14:42.608344" elapsed="0.352322"/>
</test>
<test id="s1-s1-t3" name="Validar estrutura de resposta" line="22">
<kw name="Teste de Estrutura de Resposta" owner="random-user-service">
<kw name="GET On Session" owner="RequestsLibrary">
<msg time="2024-06-07T22:14:43.068654" level="INFO">GET Request : url=https://randomuser.me/api 
 path_url=/api 
 headers={'User-Agent': 'python-requests/2.32.3', 'Accept-Encoding': 'gzip, deflate', 'Accept': '*/*', 'Connection': 'keep-alive'} 
 body=None 
 </msg>
<msg time="2024-06-07T22:14:43.068751" level="INFO">GET Response : url=https://randomuser.me/api 
 status=200, reason=OK 
 headers={'Date': 'Fri, 07 Jun 2024 22:14:43 GMT', 'Content-Type': 'application/json; charset=utf-8', 'Transfer-Encoding': 'chunked', 'Connection': 'keep-alive', 'X-Powered-By': 'Express', 'Access-Control-Allow-Origin': '*', 'Cache-Control': 'no-cache', 'ETag': 'W/"4a4-VLT4PCDCIll8pfH3zyN21DY+Wd8"', 'Vary': 'Accept-Encoding', 'Content-Encoding': 'gzip', 'CF-Cache-Status': 'DYNAMIC', 'Report-To': '{"endpoints":[{"url":"https:\\/\\/a.nel.cloudflare.com\\/report\\/v4?s=olZna%2FR0zTOjhxtbZYImjdI6iBBZlDkFbKtmPFU%2F8VAP%2BWRTNhz8yXkcViMSoVI%2FIPgQaifaC9PVf3%2BdfBv%2FtyqBaud0zqjgYhZ5KqJv6fJb8wNYZ4Jw7R1%2BcTMYFhMq"}],"group":"cf-nel","max_age":604800}', 'NEL': '{"success_fraction":0,"report_to":"cf-nel","max_age":604800}', 'Server': 'cloudflare', 'CF-RAY': '8903ff268c6a2f52-LAX', 'alt-svc': 'h3=":443"; ma=86400'} 
 body={"results":[{"gender":"male","name":{"title":"Mr","first":"Tristan","last":"Phillips"},"location":{"street":{"number":6370,"name":"Church Road"},"city":"Westminster","state":"Cornwall","country":"United Kingdom","postcode":"VK7 5SW","coordinates":{"latitude":"-4.4503","longitude":"-32.8702"},"timezone":{"offset":"+11:00","description":"Magadan, Solomon Islands, New Caledonia"}},"email":"tristan.phillips@example.com","login":{"uuid":"fbfa2e28-7f4c-4b15-92ae-b5252ff5156e","username":"redtiger766","password":"blanco","salt":"D8rVShvJ","md5":"aed7fbd51d6163ed781c31d1fcf0ac39","sha1":"80b0f2a6bd410b92622cfd2233b77eeed50ef4f5","sha256":"3c46f90681274de5f10f4acea7567d6cbc5d6aa9dd23ffdb1f46c8b0a96cd1af"},"dob":{"date":"1963-08-13T20:19:45.904Z","age":60},"registered":{"date":"2004-10-23T00:59:19.526Z","age":19},"phone":"017687 64469","cell":"07516 954497","id":{"name":"NINO","value":"BR 17 81 43 S"},"picture":{"large":"https://randomuser.me/api/portraits/men/34.jpg","medium":"https://randomuser.me/api/portraits/med/men/34.jpg","thumbnail":"https://randomuser.me/api/portraits/thumb/men/34.jpg"},"nat":"GB"}],"info":{"seed":"951c728441157f98","results":1,"page":1,"version":"1.4"}} 
 </msg>
<msg time="2024-06-07T22:14:43.068872" level="INFO">/opt/hostedtoolcache/Python/3.12.3/x64/lib/python3.12/site-packages/urllib3/connectionpool.py:1103: InsecureRequestWarning: Unverified HTTPS request is being made to host 'randomuser.me'. Adding certificate verification is strongly advised. See: https://urllib3.readthedocs.io/en/latest/advanced-usage.html#tls-warnings
  warnings.warn(</msg>
<msg time="2024-06-07T22:14:43.069020" level="INFO">${response} = &lt;Response [200]&gt;</msg>
<var>${response}</var>
<arg>consultarAPI</arg>
<arg>/api</arg>
<doc>Sends a GET request on a previously created HTTP Session.</doc>
<status status="PASS" start="2024-06-07T22:14:42.963295" elapsed="0.105767"/>
</kw>
<kw name="Set Variable" owner="BuiltIn">
<msg time="2024-06-07T22:14:43.070003" level="INFO">${json_data} = {'results': [{'gender': 'male', 'name': {'title': 'Mr', 'first': 'Tristan', 'last': 'Phillips'}, 'location': {'street': {'number': 6370, 'name': 'Church Road'}, 'city': 'Westminster', 'state': 'Cornwa...</msg>
<var>${json_data}</var>
<arg>${response.json()}</arg>
<doc>Returns the given values which can then be assigned to a variables.</doc>
<status status="PASS" start="2024-06-07T22:14:43.069497" elapsed="0.000535"/>
</kw>
<kw name="Log" owner="BuiltIn">
<msg time="2024-06-07T22:14:43.070502" level="INFO">{'results': [{'gender': 'male', 'name': {'title': 'Mr', 'first': 'Tristan', 'last': 'Phillips'}, 'location': {'street': {'number': 6370, 'name': 'Church Road'}, 'city': 'Westminster', 'state': 'Cornwall', 'country': 'United Kingdom', 'postcode': 'VK7 5SW', 'coordinates': {'latitude': '-4.4503', 'longitude': '-32.8702'}, 'timezone': {'offset': '+11:00', 'description': 'Magadan, Solomon Islands, New Caledonia'}}, 'email': 'tristan.phillips@example.com', 'login': {'uuid': 'fbfa2e28-7f4c-4b15-92ae-b5252ff5156e', 'username': 'redtiger766', 'password': 'blanco', 'salt': 'D8rVShvJ', 'md5': 'aed7fbd51d6163ed781c31d1fcf0ac39', 'sha1': '80b0f2a6bd410b92622cfd2233b77eeed50ef4f5', 'sha256': '3c46f90681274de5f10f4acea7567d6cbc5d6aa9dd23ffdb1f46c8b0a96cd1af'}, 'dob': {'date': '1963-08-13T20:19:45.904Z', 'age': 60}, 'registered': {'date': '2004-10-23T00:59:19.526Z', 'age': 19}, 'phone': '017687 64469', 'cell': '07516 954497', 'id': {'name': 'NINO', 'value': 'BR 17 81 43 S'}, 'picture': {'large': 'https://randomuser.me/api/portraits/men/34.jpg', 'medium': 'https://randomuser.me/api/portraits/med/men/34.jpg', 'thumbnail': 'https://randomuser.me/api/portraits/thumb/men/34.jpg'}, 'nat': 'GB'}], 'info': {'seed': '951c728441157f98', 'results': 1, 'page': 1, 'version': '1.4'}}</msg>
<arg>${json_data}</arg>
<doc>Logs the given message with the given level.</doc>
<status status="PASS" start="2024-06-07T22:14:43.070345" elapsed="0.000205"/>
</kw>
<kw name="Dictionary Should Contain Key" owner="Collections">
<msg time="2024-06-07T22:14:43.070994" level="INFO">False</msg>
<arg>${json_data}</arg>
<arg>results</arg>
<doc>Fails if ``key`` is not found from ``dictionary``.</doc>
<status status="PASS" start="2024-06-07T22:14:43.070842" elapsed="0.000189"/>
</kw>
<kw name="Should Not Be Empty" owner="BuiltIn">
<msg time="2024-06-07T22:14:43.071460" level="INFO">Length is 2.</msg>
<arg>${json_data}</arg>
<doc>Verifies that the given item is not empty.</doc>
<status status="PASS" start="2024-06-07T22:14:43.071328" elapsed="0.000169"/>
</kw>
<kw name="Create List" owner="BuiltIn">
<msg time="2024-06-07T22:14:43.072006" level="INFO">${expected_keys} = ['gender', 'name', 'location', 'email', 'login']</msg>
<var>${expected_keys}</var>
<arg>gender</arg>
<arg>name</arg>
<arg>location</arg>
<arg>email</arg>
<arg>login</arg>
<doc>Returns a list containing given items.</doc>
<status status="PASS" start="2024-06-07T22:14:43.071789" elapsed="0.000249"/>
</kw>
<for flavor="IN">
<iter>
<kw name="Dictionary Should Contain Key" owner="Collections">
<msg time="2024-06-07T22:14:43.073019" level="INFO">False</msg>
<arg>${json_data['results'][0]}</arg>
<arg>${key}</arg>
<doc>Fails if ``key`` is not found from ``dictionary``.</doc>
<status status="PASS" start="2024-06-07T22:14:43.072616" elapsed="0.000446"/>
</kw>
<kw name="Log" owner="BuiltIn">
<msg time="2024-06-07T22:14:43.073734" level="INFO">{'gender': 'male', 'name': {'title': 'Mr', 'first': 'Tristan', 'last': 'Phillips'}, 'location': {'street': {'number': 6370, 'name': 'Church Road'}, 'city': 'Westminster', 'state': 'Cornwall', 'country': 'United Kingdom', 'postcode': 'VK7 5SW', 'coordinates': {'latitude': '-4.4503', 'longitude': '-32.8702'}, 'timezone': {'offset': '+11:00', 'description': 'Magadan, Solomon Islands, New Caledonia'}}, 'email': 'tristan.phillips@example.com', 'login': {'uuid': 'fbfa2e28-7f4c-4b15-92ae-b5252ff5156e', 'username': 'redtiger766', 'password': 'blanco', 'salt': 'D8rVShvJ', 'md5': 'aed7fbd51d6163ed781c31d1fcf0ac39', 'sha1': '80b0f2a6bd410b92622cfd2233b77eeed50ef4f5', 'sha256': '3c46f90681274de5f10f4acea7567d6cbc5d6aa9dd23ffdb1f46c8b0a96cd1af'}, 'dob': {'date': '1963-08-13T20:19:45.904Z', 'age': 60}, 'registered': {'date': '2004-10-23T00:59:19.526Z', 'age': 19}, 'phone': '017687 64469', 'cell': '07516 954497', 'id': {'name': 'NINO', 'value': 'BR 17 81 43 S'}, 'picture': {'large': 'https://randomuser.me/api/portraits/men/34.jpg', 'medium': 'https://randomuser.me/api/portraits/med/men/34.jpg', 'thumbnail': 'https://randomuser.me/api/portraits/thumb/men/34.jpg'}, 'nat': 'GB'}</msg>
<arg>${json_data['results'][0]}</arg>
<doc>Logs the given message with the given level.</doc>
<status status="PASS" start="2024-06-07T22:14:43.073367" elapsed="0.000415"/>
</kw>
<kw name="Log" owner="BuiltIn">
<msg time="2024-06-07T22:14:43.074213" level="INFO">gender</msg>
<arg>${key}</arg>
<doc>Logs the given message with the given level.</doc>
<status status="PASS" start="2024-06-07T22:14:43.074083" elapsed="0.000167"/>
</kw>
<var name="${key}">gender</var>
<status status="PASS" start="2024-06-07T22:14:43.072487" elapsed="0.001978"/>
</iter>
<iter>
<kw name="Dictionary Should Contain Key" owner="Collections">
<msg time="2024-06-07T22:14:43.075152" level="INFO">False</msg>
<arg>${json_data['results'][0]}</arg>
<arg>${key}</arg>
<doc>Fails if ``key`` is not found from ``dictionary``.</doc>
<status status="PASS" start="2024-06-07T22:14:43.074765" elapsed="0.000424"/>
</kw>
<kw name="Log" owner="BuiltIn">
<msg time="2024-06-07T22:14:43.075910" level="INFO">{'gender': 'male', 'name': {'title': 'Mr', 'first': 'Tristan', 'last': 'Phillips'}, 'location': {'street': {'number': 6370, 'name': 'Church Road'}, 'city': 'Westminster', 'state': 'Cornwall', 'country': 'United Kingdom', 'postcode': 'VK7 5SW', 'coordinates': {'latitude': '-4.4503', 'longitude': '-32.8702'}, 'timezone': {'offset': '+11:00', 'description': 'Magadan, Solomon Islands, New Caledonia'}}, 'email': 'tristan.phillips@example.com', 'login': {'uuid': 'fbfa2e28-7f4c-4b15-92ae-b5252ff5156e', 'username': 'redtiger766', 'password': 'blanco', 'salt': 'D8rVShvJ', 'md5': 'aed7fbd51d6163ed781c31d1fcf0ac39', 'sha1': '80b0f2a6bd410b92622cfd2233b77eeed50ef4f5', 'sha256': '3c46f90681274de5f10f4acea7567d6cbc5d6aa9dd23ffdb1f46c8b0a96cd1af'}, 'dob': {'date': '1963-08-13T20:19:45.904Z', 'age': 60}, 'registered': {'date': '2004-10-23T00:59:19.526Z', 'age': 19}, 'phone': '017687 64469', 'cell': '07516 954497', 'id': {'name': 'NINO', 'value': 'BR 17 81 43 S'}, 'picture': {'large': 'https://randomuser.me/api/portraits/men/34.jpg', 'medium': 'https://randomuser.me/api/portraits/med/men/34.jpg', 'thumbnail': 'https://randomuser.me/api/portraits/thumb/men/34.jpg'}, 'nat': 'GB'}</msg>
<arg>${json_data['results'][0]}</arg>
<doc>Logs the given message with the given level.</doc>
<status status="PASS" start="2024-06-07T22:14:43.075511" elapsed="0.000457"/>
</kw>
<kw name="Log" owner="BuiltIn">
<msg time="2024-06-07T22:14:43.076402" level="INFO">name</msg>
<arg>${key}</arg>
<doc>Logs the given message with the given level.</doc>
<status status="PASS" start="2024-06-07T22:14:43.076272" elapsed="0.000167"/>
</kw>
<var name="${key}">name</var>
<status status="PASS" start="2024-06-07T22:14:43.074649" elapsed="0.002011"/>
</iter>
<iter>
<kw name="Dictionary Should Contain Key" owner="Collections">
<msg time="2024-06-07T22:14:43.077332" level="INFO">False</msg>
<arg>${json_data['results'][0]}</arg>
<arg>${key}</arg>
<doc>Fails if ``key`` is not found from ``dictionary``.</doc>
<status status="PASS" start="2024-06-07T22:14:43.076953" elapsed="0.000416"/>
</kw>
<kw name="Log" owner="BuiltIn">
<msg time="2024-06-07T22:14:43.078055" level="INFO">{'gender': 'male', 'name': {'title': 'Mr', 'first': 'Tristan', 'last': 'Phillips'}, 'location': {'street': {'number': 6370, 'name': 'Church Road'}, 'city': 'Westminster', 'state': 'Cornwall', 'country': 'United Kingdom', 'postcode': 'VK7 5SW', 'coordinates': {'latitude': '-4.4503', 'longitude': '-32.8702'}, 'timezone': {'offset': '+11:00', 'description': 'Magadan, Solomon Islands, New Caledonia'}}, 'email': 'tristan.phillips@example.com', 'login': {'uuid': 'fbfa2e28-7f4c-4b15-92ae-b5252ff5156e', 'username': 'redtiger766', 'password': 'blanco', 'salt': 'D8rVShvJ', 'md5': 'aed7fbd51d6163ed781c31d1fcf0ac39', 'sha1': '80b0f2a6bd410b92622cfd2233b77eeed50ef4f5', 'sha256': '3c46f90681274de5f10f4acea7567d6cbc5d6aa9dd23ffdb1f46c8b0a96cd1af'}, 'dob': {'date': '1963-08-13T20:19:45.904Z', 'age': 60}, 'registered': {'date': '2004-10-23T00:59:19.526Z', 'age': 19}, 'phone': '017687 64469', 'cell': '07516 954497', 'id': {'name': 'NINO', 'value': 'BR 17 81 43 S'}, 'picture': {'large': 'https://randomuser.me/api/portraits/men/34.jpg', 'medium': 'https://randomuser.me/api/portraits/med/men/34.jpg', 'thumbnail': 'https://randomuser.me/api/portraits/thumb/men/34.jpg'}, 'nat': 'GB'}</msg>
<arg>${json_data['results'][0]}</arg>
<doc>Logs the given message with the given level.</doc>
<status status="PASS" start="2024-06-07T22:14:43.077683" elapsed="0.000421"/>
</kw>
<kw name="Log" owner="BuiltIn">
<msg time="2024-06-07T22:14:43.078532" level="INFO">location</msg>
<arg>${key}</arg>
<doc>Logs the given message with the given level.</doc>
<status status="PASS" start="2024-06-07T22:14:43.078405" elapsed="0.000165"/>
</kw>
<var name="${key}">location</var>
<status status="PASS" start="2024-06-07T22:14:43.076840" elapsed="0.001946"/>
</iter>
<iter>
<kw name="Dictionary Should Contain Key" owner="Collections">
<msg time="2024-06-07T22:14:43.079555" level="INFO">False</msg>
<arg>${json_data['results'][0]}</arg>
<arg>${key}</arg>
<doc>Fails if ``key`` is not found from ``dictionary``.</doc>
<status status="PASS" start="2024-06-07T22:14:43.079071" elapsed="0.000522"/>
</kw>
<kw name="Log" owner="BuiltIn">
<msg time="2024-06-07T22:14:43.080285" level="INFO">{'gender': 'male', 'name': {'title': 'Mr', 'first': 'Tristan', 'last': 'Phillips'}, 'location': {'street': {'number': 6370, 'name': 'Church Road'}, 'city': 'Westminster', 'state': 'Cornwall', 'country': 'United Kingdom', 'postcode': 'VK7 5SW', 'coordinates': {'latitude': '-4.4503', 'longitude': '-32.8702'}, 'timezone': {'offset': '+11:00', 'description': 'Magadan, Solomon Islands, New Caledonia'}}, 'email': 'tristan.phillips@example.com', 'login': {'uuid': 'fbfa2e28-7f4c-4b15-92ae-b5252ff5156e', 'username': 'redtiger766', 'password': 'blanco', 'salt': 'D8rVShvJ', 'md5': 'aed7fbd51d6163ed781c31d1fcf0ac39', 'sha1': '80b0f2a6bd410b92622cfd2233b77eeed50ef4f5', 'sha256': '3c46f90681274de5f10f4acea7567d6cbc5d6aa9dd23ffdb1f46c8b0a96cd1af'}, 'dob': {'date': '1963-08-13T20:19:45.904Z', 'age': 60}, 'registered': {'date': '2004-10-23T00:59:19.526Z', 'age': 19}, 'phone': '017687 64469', 'cell': '07516 954497', 'id': {'name': 'NINO', 'value': 'BR 17 81 43 S'}, 'picture': {'large': 'https://randomuser.me/api/portraits/men/34.jpg', 'medium': 'https://randomuser.me/api/portraits/med/men/34.jpg', 'thumbnail': 'https://randomuser.me/api/portraits/thumb/men/34.jpg'}, 'nat': 'GB'}</msg>
<arg>${json_data['results'][0]}</arg>
<doc>Logs the given message with the given level.</doc>
<status status="PASS" start="2024-06-07T22:14:43.079917" elapsed="0.000415"/>
</kw>
<kw name="Log" owner="BuiltIn">
<msg time="2024-06-07T22:14:43.080759" level="INFO">email</msg>
<arg>${key}</arg>
<doc>Logs the given message with the given level.</doc>
<status status="PASS" start="2024-06-07T22:14:43.080631" elapsed="0.000165"/>
</kw>
<var name="${key}">email</var>
<status status="PASS" start="2024-06-07T22:14:43.078957" elapsed="0.002057"/>
</iter>
<iter>
<kw name="Dictionary Should Contain Key" owner="Collections">
<msg time="2024-06-07T22:14:43.081692" level="INFO">False</msg>
<arg>${json_data['results'][0]}</arg>
<arg>${key}</arg>
<doc>Fails if ``key`` is not found from ``dictionary``.</doc>
<status status="PASS" start="2024-06-07T22:14:43.081306" elapsed="0.000424"/>
</kw>
<kw name="Log" owner="BuiltIn">
<msg time="2024-06-07T22:14:43.082393" level="INFO">{'gender': 'male', 'name': {'title': 'Mr', 'first': 'Tristan', 'last': 'Phillips'}, 'location': {'street': {'number': 6370, 'name': 'Church Road'}, 'city': 'Westminster', 'state': 'Cornwall', 'country': 'United Kingdom', 'postcode': 'VK7 5SW', 'coordinates': {'latitude': '-4.4503', 'longitude': '-32.8702'}, 'timezone': {'offset': '+11:00', 'description': 'Magadan, Solomon Islands, New Caledonia'}}, 'email': 'tristan.phillips@example.com', 'login': {'uuid': 'fbfa2e28-7f4c-4b15-92ae-b5252ff5156e', 'username': 'redtiger766', 'password': 'blanco', 'salt': 'D8rVShvJ', 'md5': 'aed7fbd51d6163ed781c31d1fcf0ac39', 'sha1': '80b0f2a6bd410b92622cfd2233b77eeed50ef4f5', 'sha256': '3c46f90681274de5f10f4acea7567d6cbc5d6aa9dd23ffdb1f46c8b0a96cd1af'}, 'dob': {'date': '1963-08-13T20:19:45.904Z', 'age': 60}, 'registered': {'date': '2004-10-23T00:59:19.526Z', 'age': 19}, 'phone': '017687 64469', 'cell': '07516 954497', 'id': {'name': 'NINO', 'value': 'BR 17 81 43 S'}, 'picture': {'large': 'https://randomuser.me/api/portraits/men/34.jpg', 'medium': 'https://randomuser.me/api/portraits/med/men/34.jpg', 'thumbnail': 'https://randomuser.me/api/portraits/thumb/men/34.jpg'}, 'nat': 'GB'}</msg>
<arg>${json_data['results'][0]}</arg>
<doc>Logs the given message with the given level.</doc>
<status status="PASS" start="2024-06-07T22:14:43.082028" elapsed="0.000411"/>
</kw>
<kw name="Log" owner="BuiltIn">
<msg time="2024-06-07T22:14:43.082860" level="INFO">login</msg>
<arg>${key}</arg>
<doc>Logs the given message with the given level.</doc>
<status status="PASS" start="2024-06-07T22:14:43.082733" elapsed="0.000194"/>
</kw>
<var name="${key}">login</var>
<status status="PASS" start="2024-06-07T22:14:43.081190" elapsed="0.001960"/>
</iter>
<var>${key}</var>
<value>@{expected_keys}</value>
<status status="PASS" start="2024-06-07T22:14:43.072303" elapsed="0.010968"/>
</for>
<kw name="Create List" owner="BuiltIn">
<msg time="2024-06-07T22:14:43.083598" level="INFO">${expected_keysTwo} = ['username', 'password']</msg>
<var>${expected_keysTwo}</var>
<arg>username</arg>
<arg>password</arg>
<doc>Returns a list containing given items.</doc>
<status status="PASS" start="2024-06-07T22:14:43.083463" elapsed="0.000159"/>
</kw>
<for flavor="IN">
<iter>
<kw name="Dictionary Should Contain Key" owner="Collections">
<msg time="2024-06-07T22:14:43.084530" level="INFO">False</msg>
<arg>${json_data['results'][0]['login']}</arg>
<arg>${keyTwo}</arg>
<doc>Fails if ``key`` is not found from ``dictionary``.</doc>
<status status="PASS" start="2024-06-07T22:14:43.084153" elapsed="0.000414"/>
</kw>
<kw name="Dictionary Should Contain Key" owner="Collections">
<msg time="2024-06-07T22:14:43.085276" level="INFO">False</msg>
<arg>${json_data['results'][0]['login']}</arg>
<arg>${keyTwo}</arg>
<doc>Fails if ``key`` is not found from ``dictionary``.</doc>
<status status="PASS" start="2024-06-07T22:14:43.084871" elapsed="0.000442"/>
</kw>
<kw name="Log" owner="BuiltIn">
<msg time="2024-06-07T22:14:43.085737" level="INFO">username</msg>
<arg>${keyTwo}</arg>
<doc>Logs the given message with the given level.</doc>
<status status="PASS" start="2024-06-07T22:14:43.085608" elapsed="0.000167"/>
</kw>
<var name="${keyTwo}">username</var>
<status status="PASS" start="2024-06-07T22:14:43.084042" elapsed="0.001947"/>
</iter>
<iter>
<kw name="Dictionary Should Contain Key" owner="Collections">
<msg time="2024-06-07T22:14:43.086649" level="INFO">False</msg>
<arg>${json_data['results'][0]['login']}</arg>
<arg>${keyTwo}</arg>
<doc>Fails if ``key`` is not found from ``dictionary``.</doc>
<status status="PASS" start="2024-06-07T22:14:43.086269" elapsed="0.000416"/>
</kw>
<kw name="Dictionary Should Contain Key" owner="Collections">
<msg time="2024-06-07T22:14:43.087361" level="INFO">False</msg>
<arg>${json_data['results'][0]['login']}</arg>
<arg>${keyTwo}</arg>
<doc>Fails if ``key`` is not found from ``dictionary``.</doc>
<status status="PASS" start="2024-06-07T22:14:43.086980" elapsed="0.000417"/>
</kw>
<kw name="Log" owner="BuiltIn">
<msg time="2024-06-07T22:14:43.087841" level="INFO">password</msg>
<arg>${keyTwo}</arg>
<doc>Logs the given message with the given level.</doc>
<status status="PASS" start="2024-06-07T22:14:43.087693" elapsed="0.000188"/>
</kw>
<var name="${keyTwo}">password</var>
<status status="PASS" start="2024-06-07T22:14:43.086160" elapsed="0.001948"/>
</iter>
<var>${keyTwo}</var>
<value>@{expected_keysTwo}</value>
<status status="PASS" start="2024-06-07T22:14:43.083882" elapsed="0.004348"/>
</for>
<status status="PASS" start="2024-06-07T22:14:42.963057" elapsed="0.125311"/>
</kw>
<doc>Testa a estrutura da resposta da API.</doc>
<tag>testeEstruturaResposta</tag>
<status status="PASS" start="2024-06-07T22:14:42.962460" elapsed="0.126056"/>
</test>
<test id="s1-s1-t4" name="Validar tipos de dados" line="28">
<kw name="Teste de Tipos de Dados" owner="random-user-service">
<kw name="GET On Session" owner="RequestsLibrary">
<msg time="2024-06-07T22:14:43.193883" level="INFO">GET Request : url=https://randomuser.me/api 
 path_url=/api 
 headers={'User-Agent': 'python-requests/2.32.3', 'Accept-Encoding': 'gzip, deflate', 'Accept': '*/*', 'Connection': 'keep-alive'} 
 body=None 
 </msg>
<msg time="2024-06-07T22:14:43.193966" level="INFO">GET Response : url=https://randomuser.me/api 
 status=200, reason=OK 
 headers={'Date': 'Fri, 07 Jun 2024 22:14:43 GMT', 'Content-Type': 'application/json; charset=utf-8', 'Transfer-Encoding': 'chunked', 'Connection': 'keep-alive', 'X-Powered-By': 'Express', 'Access-Control-Allow-Origin': '*', 'Cache-Control': 'no-cache', 'ETag': 'W/"4ad-Iv3jVtTSstz36HAWRQuOrILJnHc"', 'Vary': 'Accept-Encoding', 'Content-Encoding': 'gzip', 'CF-Cache-Status': 'DYNAMIC', 'Report-To': '{"endpoints":[{"url":"https:\\/\\/a.nel.cloudflare.com\\/report\\/v4?s=uOQyoewfhuTfH%2FzrBkjvr43cfAC4Zk6Qg4d2bEQM5ci4c%2BN2FWu5AKapXpzOUWuBaLvEsP1TtRwd2abRfmuuERQ1dADC%2B8tJprLNzVDOMlpce9ItGB37N9%2BqykpC%2F%2BIu"}],"group":"cf-nel","max_age":604800}', 'NEL': '{"success_fraction":0,"report_to":"cf-nel","max_age":604800}', 'Server': 'cloudflare', 'CF-RAY': '8903ff275d562f52-LAX', 'alt-svc': 'h3=":443"; ma=86400'} 
 body={"results":[{"gender":"female","name":{"title":"Ms","first":"Arjanne","last":"Schuilenburg"},"location":{"street":{"number":3732,"name":"Kruisbomerweg"},"city":"Budel-Schoot","state":"Flevoland","country":"Netherlands","postcode":"4790 QA","coordinates":{"latitude":"38.4963","longitude":"124.8978"},"timezone":{"offset":"+10:00","description":"Eastern Australia, Guam, Vladivostok"}},"email":"arjanne.schuilenburg@example.com","login":{"uuid":"1abf5f21-aa07-4c23-a309-14d75b0fa65f","username":"purplecat338","password":"1022","salt":"QbBXioNo","md5":"027476eeb7278febad279ff6b30fa8ac","sha1":"191d29d3f441a1022a86cf37969025155603d3fa","sha256":"4d259626b82ffc0b0679afb0b2b858807a57d1544342a7b4a3355500f65fbd2d"},"dob":{"date":"1994-01-22T12:05:07.822Z","age":30},"registered":{"date":"2012-03-23T22:25:40.553Z","age":12},"phone":"(070) 9643915","cell":"(06) 80846762","id":{"name":"BSN","value":"42007924"},"picture":{"large":"https://randomuser.me/api/portraits/women/35.jpg","medium":"https://randomuser.me/api/portraits/med/women/35.jpg","thumbnail":"https://randomuser.me/api/portraits/thumb/women/35.jpg"},"nat":"NL"}],"info":{"seed":"211f943e0a03544f","results":1,"page":1,"version":"1.4"}} 
 </msg>
<msg time="2024-06-07T22:14:43.194036" level="INFO">/opt/hostedtoolcache/Python/3.12.3/x64/lib/python3.12/site-packages/urllib3/connectionpool.py:1103: InsecureRequestWarning: Unverified HTTPS request is being made to host 'randomuser.me'. Adding certificate verification is strongly advised. See: https://urllib3.readthedocs.io/en/latest/advanced-usage.html#tls-warnings
  warnings.warn(</msg>
<msg time="2024-06-07T22:14:43.194172" level="INFO">${response} = &lt;Response [200]&gt;</msg>
<var>${response}</var>
<arg>consultarAPI</arg>
<arg>/api</arg>
<doc>Sends a GET request on a previously created HTTP Session.</doc>
<status status="PASS" start="2024-06-07T22:14:43.091094" elapsed="0.103131"/>
</kw>
<kw name="Set Variable" owner="BuiltIn">
<msg time="2024-06-07T22:14:43.195059" level="INFO">${json_data} = {'results': [{'gender': 'female', 'name': {'title': 'Ms', 'first': 'Arjanne', 'last': 'Schuilenburg'}, 'location': {'street': {'number': 3732, 'name': 'Kruisbomerweg'}, 'city': 'Budel-Schoot', 'state'...</msg>
<var>${json_data}</var>
<arg>${response.json()}</arg>
<doc>Returns the given values which can then be assigned to a variables.</doc>
<status status="PASS" start="2024-06-07T22:14:43.194617" elapsed="0.000471"/>
</kw>
<kw name="Log" owner="BuiltIn">
<msg time="2024-06-07T22:14:43.195550" level="INFO">{'results': [{'gender': 'female', 'name': {'title': 'Ms', 'first': 'Arjanne', 'last': 'Schuilenburg'}, 'location': {'street': {'number': 3732, 'name': 'Kruisbomerweg'}, 'city': 'Budel-Schoot', 'state': 'Flevoland', 'country': 'Netherlands', 'postcode': '4790 QA', 'coordinates': {'latitude': '38.4963', 'longitude': '124.8978'}, 'timezone': {'offset': '+10:00', 'description': 'Eastern Australia, Guam, Vladivostok'}}, 'email': 'arjanne.schuilenburg@example.com', 'login': {'uuid': '1abf5f21-aa07-4c23-a309-14d75b0fa65f', 'username': 'purplecat338', 'password': '1022', 'salt': 'QbBXioNo', 'md5': '027476eeb7278febad279ff6b30fa8ac', 'sha1': '191d29d3f441a1022a86cf37969025155603d3fa', 'sha256': '4d259626b82ffc0b0679afb0b2b858807a57d1544342a7b4a3355500f65fbd2d'}, 'dob': {'date': '1994-01-22T12:05:07.822Z', 'age': 30}, 'registered': {'date': '2012-03-23T22:25:40.553Z', 'age': 12}, 'phone': '(070) 9643915', 'cell': '(06) 80846762', 'id': {'name': 'BSN', 'value': '42007924'}, 'picture': {'large': 'https://randomuser.me/api/portraits/women/35.jpg', 'medium': 'https://randomuser.me/api/portraits/med/women/35.jpg', 'thumbnail': 'https://randomuser.me/api/portraits/thumb/women/35.jpg'}, 'nat': 'NL'}], 'info': {'seed': '211f943e0a03544f', 'results': 1, 'page': 1, 'version': '1.4'}}</msg>
<arg>${json_data}</arg>
<doc>Logs the given message with the given level.</doc>
<status status="PASS" start="2024-06-07T22:14:43.195398" elapsed="0.000235"/>
</kw>
<kw name="Should Be String" owner="String">
<arg>${json_data['results'][0]['gender']}</arg>
<doc>Fails if the given ``item`` is not a string.</doc>
<status status="PASS" start="2024-06-07T22:14:43.195977" elapsed="0.000369"/>
</kw>
<kw name="Should Match Regexp" owner="BuiltIn">
<arg>${json_data['results'][0]['email']}</arg>
<arg>^[a-zA-Z0-9._%+-]+@[a-zA-Z0-9.-]+\.[a-zA-Z]{2,}$</arg>
<doc>Fails if ``string`` does not match ``pattern`` as a regular expression.</doc>
<status status="PASS" start="2024-06-07T22:14:43.196540" elapsed="0.000619"/>
</kw>
<kw name="Should Match Regexp" owner="BuiltIn">
<arg>${json_data['results'][0]['dob']['date']}</arg>
<arg>\\d{4}-\\d{2}-\\d{2}T\\d{2}:\\d{2}:\\d{2}\\.\\d{3}Z</arg>
<doc>Fails if ``string`` does not match ``pattern`` as a regular expression.</doc>
<status status="PASS" start="2024-06-07T22:14:43.197359" elapsed="0.000485"/>
</kw>
<kw name="Should Match Regexp" owner="BuiltIn">
<arg>${json_data['results'][0]['registered']['date']}</arg>
<arg>\\d{4}-\\d{2}-\\d{2}T\\d{2}:\\d{2}:\\d{2}\\.\\d{3}Z</arg>
<doc>Fails if ``string`` does not match ``pattern`` as a regular expression.</doc>
<status status="PASS" start="2024-06-07T22:14:43.198038" elapsed="0.000367"/>
</kw>
<kw name="Should Match Regexp" owner="BuiltIn">
<arg>${json_data['results'][0]['picture']['large']}</arg>
<arg>^https?://.*\.(?:png|jpe?g|gif|bmp)$</arg>
<doc>Fails if ``string`` does not match ``pattern`` as a regular expression.</doc>
<status status="PASS" start="2024-06-07T22:14:43.198595" elapsed="0.000458"/>
</kw>
<kw name="Should Match Regexp" owner="BuiltIn">
<arg>${json_data['results'][0]['picture']['medium']}</arg>
<arg>^https?://.*\.(?:png|jpe?g|gif|bmp)$</arg>
<doc>Fails if ``string`` does not match ``pattern`` as a regular expression.</doc>
<status status="PASS" start="2024-06-07T22:14:43.199246" elapsed="0.000349"/>
</kw>
<kw name="Should Match Regexp" owner="BuiltIn">
<arg>${json_data['results'][0]['picture']['thumbnail']}</arg>
<arg>^https?://.*\.(?:png|jpe?g|gif|bmp)$</arg>
<doc>Fails if ``string`` does not match ``pattern`` as a regular expression.</doc>
<status status="PASS" start="2024-06-07T22:14:43.199782" elapsed="0.000378"/>
</kw>
<kw name="Log" owner="BuiltIn">
<msg time="2024-06-07T22:14:43.200664" level="INFO">{'large': 'https://randomuser.me/api/portraits/women/35.jpg', 'medium': 'https://randomuser.me/api/portraits/med/women/35.jpg', 'thumbnail': 'https://randomuser.me/api/portraits/thumb/women/35.jpg'}</msg>
<arg>${json_data['results'][0]['picture']}</arg>
<doc>Logs the given message with the given level.</doc>
<status status="PASS" start="2024-06-07T22:14:43.200344" elapsed="0.000361"/>
</kw>
<status status="PASS" start="2024-06-07T22:14:43.090866" elapsed="0.110092"/>
</kw>
<kw name="Teste de Tipos de Dados - Postcode" owner="random-user-service">
<kw name="GET On Session" owner="RequestsLibrary">
<msg time="2024-06-07T22:14:43.296539" level="INFO">GET Request : url=https://randomuser.me/api 
 path_url=/api 
 headers={'User-Agent': 'python-requests/2.32.3', 'Accept-Encoding': 'gzip, deflate', 'Accept': '*/*', 'Connection': 'keep-alive'} 
 body=None 
 </msg>
<msg time="2024-06-07T22:14:43.296600" level="INFO">GET Response : url=https://randomuser.me/api 
 status=200, reason=OK 
 headers={'Date': 'Fri, 07 Jun 2024 22:14:43 GMT', 'Content-Type': 'application/json; charset=utf-8', 'Transfer-Encoding': 'chunked', 'Connection': 'keep-alive', 'X-Powered-By': 'Express', 'Access-Control-Allow-Origin': '*', 'Cache-Control': 'no-cache', 'ETag': 'W/"4b9-bCIaQMrTGtDCFcuqUH3OXIvBFU8"', 'Vary': 'Accept-Encoding', 'Content-Encoding': 'gzip', 'CF-Cache-Status': 'DYNAMIC', 'Report-To': '{"endpoints":[{"url":"https:\\/\\/a.nel.cloudflare.com\\/report\\/v4?s=2TFjHqclNCzxkmIgqP4I6RJ2W82ZPQTVH%2BJ%2B7DQX2E4E4rigFCh6HhPSVRZJxFdw7kFVa6W1FcnhiTUZvr5Q9xOOYN8lSnWVNLehGPxGVfc7LrZh%2FG1xZYdxGnDBVMn6"}],"group":"cf-nel","max_age":604800}', 'NEL': '{"success_fraction":0,"report_to":"cf-nel","max_age":604800}', 'Server': 'cloudflare', 'CF-RAY': '8903ff280e1f2f52-LAX', 'alt-svc': 'h3=":443"; ma=86400'} 
 body={"results":[{"gender":"female","name":{"title":"Madame","first":"Johanna","last":"Olivier"},"location":{"street":{"number":7745,"name":"Boulevard de Balmont"},"city":"Bremgarten bei Bern","state":"Bern","country":"Switzerland","postcode":7878,"coordinates":{"latitude":"-57.5727","longitude":"148.3519"},"timezone":{"offset":"+4:00","description":"Abu Dhabi, Muscat, Baku, Tbilisi"}},"email":"johanna.olivier@example.com","login":{"uuid":"7c69c213-e04e-41ad-9410-7c7d6dc90e5b","username":"beautifulladybug807","password":"babyface","salt":"dq3fO1eq","md5":"89678239d279a0e840db0caa612a518c","sha1":"3c81cbe50a60f24b189db51ea9cc0337361a4999","sha256":"381acbac0d1a526d2b763b9efdf8de2a2769212b1885d5cce2018674d38f9509"},"dob":{"date":"1972-02-24T01:58:36.222Z","age":52},"registered":{"date":"2019-04-03T15:51:34.198Z","age":5},"phone":"077 093 77 46","cell":"077 265 40 45","id":{"name":"AVS","value":"756.2631.3206.37"},"picture":{"large":"https://randomuser.me/api/portraits/women/39.jpg","medium":"https://randomuser.me/api/portraits/med/women/39.jpg","thumbnail":"https://randomuser.me/api/portraits/thumb/women/39.jpg"},"nat":"CH"}],"info":{"seed":"e79e42f47cd34afb","results":1,"page":1,"version":"1.4"}} 
 </msg>
<msg time="2024-06-07T22:14:43.296656" level="INFO">/opt/hostedtoolcache/Python/3.12.3/x64/lib/python3.12/site-packages/urllib3/connectionpool.py:1103: InsecureRequestWarning: Unverified HTTPS request is being made to host 'randomuser.me'. Adding certificate verification is strongly advised. See: https://urllib3.readthedocs.io/en/latest/advanced-usage.html#tls-warnings
  warnings.warn(</msg>
<msg time="2024-06-07T22:14:43.296747" level="INFO">${response} = &lt;Response [200]&gt;</msg>
<var>${response}</var>
<arg>consultarAPI</arg>
<arg>/api</arg>
<doc>Sends a GET request on a previously created HTTP Session.</doc>
<status status="PASS" start="2024-06-07T22:14:43.201388" elapsed="0.095400"/>
</kw>
<kw name="Set Variable" owner="BuiltIn">
<msg time="2024-06-07T22:14:43.297855" level="INFO">${json_data} = {'results': [{'gender': 'female', 'name': {'title': 'Madame', 'first': 'Johanna', 'last': 'Olivier'}, 'location': {'street': {'number': 7745, 'name': 'Boulevard de Balmont'}, 'city': 'Bremgarten bei B...</msg>
<var>${json_data}</var>
<arg>${response.json()}</arg>
<doc>Returns the given values which can then be assigned to a variables.</doc>
<status status="PASS" start="2024-06-07T22:14:43.297260" elapsed="0.000624"/>
</kw>
<kw name="Log" owner="BuiltIn">
<msg time="2024-06-07T22:14:43.298347" level="INFO">{'results': [{'gender': 'female', 'name': {'title': 'Madame', 'first': 'Johanna', 'last': 'Olivier'}, 'location': {'street': {'number': 7745, 'name': 'Boulevard de Balmont'}, 'city': 'Bremgarten bei Bern', 'state': 'Bern', 'country': 'Switzerland', 'postcode': 7878, 'coordinates': {'latitude': '-57.5727', 'longitude': '148.3519'}, 'timezone': {'offset': '+4:00', 'description': 'Abu Dhabi, Muscat, Baku, Tbilisi'}}, 'email': 'johanna.olivier@example.com', 'login': {'uuid': '7c69c213-e04e-41ad-9410-7c7d6dc90e5b', 'username': 'beautifulladybug807', 'password': 'babyface', 'salt': 'dq3fO1eq', 'md5': '89678239d279a0e840db0caa612a518c', 'sha1': '3c81cbe50a60f24b189db51ea9cc0337361a4999', 'sha256': '381acbac0d1a526d2b763b9efdf8de2a2769212b1885d5cce2018674d38f9509'}, 'dob': {'date': '1972-02-24T01:58:36.222Z', 'age': 52}, 'registered': {'date': '2019-04-03T15:51:34.198Z', 'age': 5}, 'phone': '077 093 77 46', 'cell': '077 265 40 45', 'id': {'name': 'AVS', 'value': '756.2631.3206.37'}, 'picture': {'large': 'https://randomuser.me/api/portraits/women/39.jpg', 'medium': 'https://randomuser.me/api/portraits/med/women/39.jpg', 'thumbnail': 'https://randomuser.me/api/portraits/thumb/women/39.jpg'}, 'nat': 'CH'}], 'info': {'seed': 'e79e42f47cd34afb', 'results': 1, 'page': 1, 'version': '1.4'}}</msg>
<arg>${json_data}</arg>
<doc>Logs the given message with the given level.</doc>
<status status="PASS" start="2024-06-07T22:14:43.298194" elapsed="0.000231"/>
</kw>
<kw name="Should Be Equal As Numbers" owner="BuiltIn">
<arg>${json_data['results'][0]['location']['postcode']}</arg>
<arg>${json_data['results'][0]['location']['postcode']}</arg>
<doc>Fails if objects are unequal after converting them to real numbers.</doc>
<status status="PASS" start="2024-06-07T22:14:43.298728" elapsed="0.000619"/>
</kw>
<kw name="Log" owner="BuiltIn">
<msg time="2024-06-07T22:14:43.299912" level="INFO">7878</msg>
<arg>${json_data['results'][0]['location']['postcode']}</arg>
<doc>Logs the given message with the given level.</doc>
<status status="PASS" start="2024-06-07T22:14:43.299542" elapsed="0.000414"/>
</kw>
<status status="PASS" start="2024-06-07T22:14:43.201170" elapsed="0.099041"/>
</kw>
<doc>Testa se os tipos de dados na resposta da API estão corretos.</doc>
<tag>testeTiposDados</tag>
<status status="PASS" start="2024-06-07T22:14:43.090353" elapsed="0.210016"/>
</test>
<test id="s1-s1-t5" name="Validar conteudo" line="35">
<kw name="Teste de Tipos de Conteudo" owner="random-user-service">
<kw name="GET On Session" owner="RequestsLibrary">
<msg time="2024-06-07T22:14:43.398325" level="INFO">GET Request : url=https://randomuser.me/api 
 path_url=/api 
 headers={'User-Agent': 'python-requests/2.32.3', 'Accept-Encoding': 'gzip, deflate', 'Accept': '*/*', 'Connection': 'keep-alive'} 
 body=None 
 </msg>
<msg time="2024-06-07T22:14:43.398408" level="INFO">GET Response : url=https://randomuser.me/api 
 status=200, reason=OK 
 headers={'Date': 'Fri, 07 Jun 2024 22:14:43 GMT', 'Content-Type': 'application/json; charset=utf-8', 'Transfer-Encoding': 'chunked', 'Connection': 'keep-alive', 'X-Powered-By': 'Express', 'Access-Control-Allow-Origin': '*', 'Cache-Control': 'no-cache', 'ETag': 'W/"48e-bIguYw/7FTusweX76RH22iAeIzE"', 'Vary': 'Accept-Encoding', 'Content-Encoding': 'gzip', 'CF-Cache-Status': 'DYNAMIC', 'Report-To': '{"endpoints":[{"url":"https:\\/\\/a.nel.cloudflare.com\\/report\\/v4?s=ier82rqtlI3BZj0A7mqxSGqZKM8MyYo91plA3ELK1UuBPCN5sPbwZrYZeUDC7C%2Bdky3v2D62D%2BpKYcxeob93EdUSj2yO%2FqLT5u46UmgUL%2B6oP%2FfYIiNpUnaZhSuR5qBj"}],"group":"cf-nel","max_age":604800}', 'NEL': '{"success_fraction":0,"report_to":"cf-nel","max_age":604800}', 'Server': 'cloudflare', 'CF-RAY': '8903ff28aef62f52-LAX', 'alt-svc': 'h3=":443"; ma=86400'} 
 body={"results":[{"gender":"male","name":{"title":"Mr","first":"Oscar","last":"Walker"},"location":{"street":{"number":3925,"name":"Marshland Road"},"city":"Wellington","state":"West Coast","country":"New Zealand","postcode":46414,"coordinates":{"latitude":"50.6055","longitude":"-95.7890"},"timezone":{"offset":"+10:00","description":"Eastern Australia, Guam, Vladivostok"}},"email":"oscar.walker@example.com","login":{"uuid":"dcf68ef6-bf48-4583-afe1-2228c2c2387d","username":"tinybutterfly237","password":"zzzz","salt":"R9sFwInP","md5":"087e713c7b27fb34e76419967fddaca3","sha1":"f31ae6097cd31cf39f653e78a4432ba85b62ec0d","sha256":"174e083679549a99adbc7ed82285f56c044a1ae2df24b0ec41029da4f9ff17fe"},"dob":{"date":"1952-10-06T07:52:55.574Z","age":71},"registered":{"date":"2005-01-01T19:08:57.283Z","age":19},"phone":"(717)-125-4860","cell":"(314)-571-1121","id":{"name":"","value":null},"picture":{"large":"https://randomuser.me/api/portraits/men/56.jpg","medium":"https://randomuser.me/api/portraits/med/men/56.jpg","thumbnail":"https://randomuser.me/api/portraits/thumb/men/56.jpg"},"nat":"NZ"}],"info":{"seed":"fec19dd8e482a92e","results":1,"page":1,"version":"1.4"}} 
 </msg>
<msg time="2024-06-07T22:14:43.398482" level="INFO">/opt/hostedtoolcache/Python/3.12.3/x64/lib/python3.12/site-packages/urllib3/connectionpool.py:1103: InsecureRequestWarning: Unverified HTTPS request is being made to host 'randomuser.me'. Adding certificate verification is strongly advised. See: https://urllib3.readthedocs.io/en/latest/advanced-usage.html#tls-warnings
  warnings.warn(</msg>
<msg time="2024-06-07T22:14:43.398616" level="INFO">${response} = &lt;Response [200]&gt;</msg>
<var>${response}</var>
<arg>consultarAPI</arg>
<arg>/api</arg>
<doc>Sends a GET request on a previously created HTTP Session.</doc>
<status status="PASS" start="2024-06-07T22:14:43.302686" elapsed="0.095973"/>
</kw>
<kw name="Set Variable" owner="BuiltIn">
<msg time="2024-06-07T22:14:43.399626" level="INFO">${json_data} = {'results': [{'gender': 'male', 'name': {'title': 'Mr', 'first': 'Oscar', 'last': 'Walker'}, 'location': {'street': {'number': 3925, 'name': 'Marshland Road'}, 'city': 'Wellington', 'state': 'West Coa...</msg>
<var>${json_data}</var>
<arg>${response.json()}</arg>
<doc>Returns the given values which can then be assigned to a variables.</doc>
<status status="PASS" start="2024-06-07T22:14:43.399082" elapsed="0.000572"/>
</kw>
<kw name="Set Variable" owner="BuiltIn">
<msg time="2024-06-07T22:14:43.400397" level="INFO">${name_title} = Mr</msg>
<var>${name_title}</var>
<arg>${json_data["results"][0]["name"]["title"]}</arg>
<doc>Returns the given values which can then be assigned to a variables.</doc>
<status status="PASS" start="2024-06-07T22:14:43.399997" elapsed="0.000426"/>
</kw>
<kw name="Create List" owner="BuiltIn">
<msg time="2024-06-07T22:14:43.400872" level="INFO">${allowed_titles} = ['Mr', 'Ms', 'Miss', 'Mrs', 'Madame', 'Monsieur']</msg>
<var>${allowed_titles}</var>
<arg>Mr</arg>
<arg>Ms</arg>
<arg>Miss</arg>
<arg>Mrs</arg>
<arg>Madame</arg>
<arg>Monsieur</arg>
<doc>Returns a list containing given items.</doc>
<status status="PASS" start="2024-06-07T22:14:43.400723" elapsed="0.000172"/>
</kw>
<kw name="List Should Contain Value" owner="Collections">
<msg time="2024-06-07T22:14:43.401364" level="INFO">False</msg>
<arg>${allowed_titles}</arg>
<arg>${name_title}</arg>
<doc>Fails if the ``value`` is not found from ``list``.</doc>
<status status="PASS" start="2024-06-07T22:14:43.401198" elapsed="0.000202"/>
</kw>
<kw name="Set Variable" owner="BuiltIn">
<msg time="2024-06-07T22:14:43.402192" level="INFO">${name_country} = NZ</msg>
<var>${name_country}</var>
<arg>${json_data["results"][0]["nat"]}</arg>
<doc>Returns the given values which can then be assigned to a variables.</doc>
<status status="PASS" start="2024-06-07T22:14:43.401695" elapsed="0.000523"/>
</kw>
<kw name="Create List" owner="BuiltIn">
<msg time="2024-06-07T22:14:43.403122" level="INFO">${list_country} = ['AD', 'AE', 'AF', 'AG', 'AI', 'AL', 'AM', 'AO', 'AQ', 'AR', 'AS', 'AT', 'AU', 'AW', 'AX', 'AZ', 'BA', 'BB', 'BD', 'BE', 'BF', 'BG', 'BH', 'BI', 'BJ', 'BL', 'BM', 'BN', 'BO', 'BQ', 'BR', 'BS', 'BT', '...</msg>
<var>${list_country}</var>
<arg>AD</arg>
<arg>AE</arg>
<arg>AF</arg>
<arg>AG</arg>
<arg>AI</arg>
<arg>AL</arg>
<arg>AM</arg>
<arg>AO</arg>
<arg>AQ</arg>
<arg>AR</arg>
<arg>AS</arg>
<arg>AT</arg>
<arg>AU</arg>
<arg>AW</arg>
<arg>AX</arg>
<arg>AZ</arg>
<arg>BA</arg>
<arg>BB</arg>
<arg>BD</arg>
<arg>BE</arg>
<arg>BF</arg>
<arg>BG</arg>
<arg>BH</arg>
<arg>BI</arg>
<arg>BJ</arg>
<arg>BL</arg>
<arg>BM</arg>
<arg>BN</arg>
<arg>BO</arg>
<arg>BQ</arg>
<arg>BR</arg>
<arg>BS</arg>
<arg>BT</arg>
<arg>BV</arg>
<arg>BW</arg>
<arg>BY</arg>
<arg>BZ</arg>
<arg>CA</arg>
<arg>CC</arg>
<arg>CD</arg>
<arg>CF</arg>
<arg>CG</arg>
<arg>CH</arg>
<arg>CI</arg>
<arg>CK</arg>
<arg>CL</arg>
<arg>CM</arg>
<arg>CN</arg>
<arg>CO</arg>
<arg>CR</arg>
<arg>CU</arg>
<arg>CV</arg>
<arg>CW</arg>
<arg>CX</arg>
<arg>CY</arg>
<arg>CZ</arg>
<arg>DE</arg>
<arg>DJ</arg>
<arg>DK</arg>
<arg>DM</arg>
<arg>DO</arg>
<arg>DZ</arg>
<arg>EC</arg>
<arg>EE</arg>
<arg>EG</arg>
<arg>EH</arg>
<arg>ER</arg>
<arg>ES</arg>
<arg>ET</arg>
<arg>FI</arg>
<arg>FJ</arg>
<arg>FK</arg>
<arg>FM</arg>
<arg>FO</arg>
<arg>FR</arg>
<arg>GA</arg>
<arg>GB</arg>
<arg>GD</arg>
<arg>GE</arg>
<arg>GF</arg>
<arg>GG</arg>
<arg>GH</arg>
<arg>GI</arg>
<arg>GL</arg>
<arg>GM</arg>
<arg>GN</arg>
<arg>GP</arg>
<arg>GQ</arg>
<arg>GR</arg>
<arg>GS</arg>
<arg>GT</arg>
<arg>GU</arg>
<arg>GW</arg>
<arg>GY</arg>
<arg>HK</arg>
<arg>HM</arg>
<arg>HN</arg>
<arg>HR</arg>
<arg>HT</arg>
<arg>HU</arg>
<arg>ID</arg>
<arg>IE</arg>
<arg>IL</arg>
<arg>IM</arg>
<arg>IN</arg>
<arg>IO</arg>
<arg>IQ</arg>
<arg>IR</arg>
<arg>IS</arg>
<arg>IT</arg>
<arg>JE</arg>
<arg>JM</arg>
<arg>JO</arg>
<arg>JP</arg>
<arg>KE</arg>
<arg>KG</arg>
<arg>KH</arg>
<arg>KI</arg>
<arg>KM</arg>
<arg>KN</arg>
<arg>KP</arg>
<arg>KR</arg>
<arg>KW</arg>
<arg>KY</arg>
<arg>KZ</arg>
<arg>LA</arg>
<arg>LB</arg>
<arg>LC</arg>
<arg>LI</arg>
<arg>LK</arg>
<arg>LR</arg>
<arg>LS</arg>
<arg>LT</arg>
<arg>LU</arg>
<arg>LV</arg>
<arg>LY</arg>
<arg>MA</arg>
<arg>MC</arg>
<arg>MD</arg>
<arg>ME</arg>
<arg>MF</arg>
<arg>MG</arg>
<arg>MH</arg>
<arg>MK</arg>
<arg>ML</arg>
<arg>MM</arg>
<arg>MN</arg>
<arg>MO</arg>
<arg>MP</arg>
<arg>MQ</arg>
<arg>MR</arg>
<arg>MS</arg>
<arg>MT</arg>
<arg>MU</arg>
<arg>MV</arg>
<arg>MW</arg>
<arg>MX</arg>
<arg>MY</arg>
<arg>MZ</arg>
<arg>NA</arg>
<arg>NC</arg>
<arg>NE</arg>
<arg>NF</arg>
<arg>NG</arg>
<arg>NI</arg>
<arg>NL</arg>
<arg>NO</arg>
<arg>NP</arg>
<arg>NR</arg>
<arg>NU</arg>
<arg>NZ</arg>
<arg>OM</arg>
<arg>PA</arg>
<arg>PE</arg>
<arg>PF</arg>
<arg>PG</arg>
<arg>PH</arg>
<arg>PK</arg>
<arg>PL</arg>
<arg>PM</arg>
<arg>PN</arg>
<arg>PR</arg>
<arg>PS</arg>
<arg>PT</arg>
<arg>PW</arg>
<arg>PY</arg>
<arg>QA</arg>
<arg>RE</arg>
<arg>RO</arg>
<arg>RS</arg>
<arg>RU</arg>
<arg>RW</arg>
<arg>SA</arg>
<arg>SB</arg>
<arg>SC</arg>
<arg>SD</arg>
<arg>SE</arg>
<arg>SG</arg>
<arg>SH</arg>
<arg>SI</arg>
<arg>SJ</arg>
<arg>SK</arg>
<arg>SL</arg>
<arg>SM</arg>
<arg>SN</arg>
<arg>SO</arg>
<arg>SR</arg>
<arg>SS</arg>
<arg>ST</arg>
<arg>SV</arg>
<arg>SX</arg>
<arg>SY</arg>
<arg>SZ</arg>
<arg>TC</arg>
<arg>TD</arg>
<arg>TF</arg>
<arg>TG</arg>
<arg>TH</arg>
<arg>TJ</arg>
<arg>TK</arg>
<arg>TL</arg>
<arg>TM</arg>
<arg>TN</arg>
<arg>TO</arg>
<arg>TR</arg>
<arg>TT</arg>
<arg>TV</arg>
<arg>TW</arg>
<arg>TZ</arg>
<arg>UA</arg>
<arg>UG</arg>
<arg>UM</arg>
<arg>US</arg>
<arg>UY</arg>
<arg>UZ</arg>
<arg>VA</arg>
<arg>VC</arg>
<arg>VE</arg>
<arg>VG</arg>
<arg>VI</arg>
<arg>VN</arg>
<arg>VU</arg>
<arg>WF</arg>
<arg>WS</arg>
<arg>XK</arg>
<arg>YE</arg>
<arg>YT</arg>
<arg>ZA</arg>
<arg>ZM</arg>
<arg>ZW</arg>
<doc>Returns a list containing given items.</doc>
<status status="PASS" start="2024-06-07T22:14:43.402525" elapsed="0.000622"/>
</kw>
<kw name="List Should Contain Value" owner="Collections">
<msg time="2024-06-07T22:14:43.404165" level="INFO">False</msg>
<arg>${list_country}</arg>
<arg>${name_country}</arg>
<doc>Fails if the ``value`` is not found from ``list``.</doc>
<status status="PASS" start="2024-06-07T22:14:43.403960" elapsed="0.000241"/>
</kw>
<kw name="Run Keyword If" owner="BuiltIn">
<kw name="Should Be True" owner="BuiltIn">
<arg>${True}</arg>
<doc>Fails if the given condition is not true.</doc>
<status status="PASS" start="2024-06-07T22:14:43.405258" elapsed="0.000145"/>
</kw>
<arg>${json_data["results"][0]["location"]["coordinates"]["latitude"]} &gt;= -90 and ${json_data["results"][0]["location"]["coordinates"]["latitude"]} &lt;= 90</arg>
<arg>Should Be True</arg>
<arg>${True}</arg>
<doc>Runs the given keyword with the given arguments, if ``condition`` is true.</doc>
<status status="PASS" start="2024-06-07T22:14:43.404514" elapsed="0.001014"/>
</kw>
<kw name="Run Keyword If" owner="BuiltIn">
<kw name="Should Be True" owner="BuiltIn">
<arg>${True}</arg>
<doc>Fails if the given condition is not true.</doc>
<status status="PASS" start="2024-06-07T22:14:43.406408" elapsed="0.000139"/>
</kw>
<arg>${json_data["results"][0]["location"]["coordinates"]["longitude"]} &gt;= -180 and ${json_data["results"][0]["location"]["coordinates"]["longitude"]} &lt;= 180</arg>
<arg>Should Be True</arg>
<arg>${True}</arg>
<doc>Runs the given keyword with the given arguments, if ``condition`` is true.</doc>
<status status="PASS" start="2024-06-07T22:14:43.405716" elapsed="0.000954"/>
</kw>
<status status="PASS" start="2024-06-07T22:14:43.302468" elapsed="0.104326"/>
</kw>
<doc>Testa o conteúdo específico dos campos retornados pela API.</doc>
<tag>testeConteudo</tag>
<status status="PASS" start="2024-06-07T22:14:43.302065" elapsed="0.104867"/>
</test>
<status status="PASS" start="2024-06-07T22:14:42.286114" elapsed="1.122708"/>
</suite>
<status status="PASS" start="2024-06-07T22:14:42.272402" elapsed="1.141501"/>
</suite>
<statistics>
<total>
<stat pass="5" fail="0" skip="0">All Tests</stat>
</total>
<tag>
<stat pass="1" fail="0" skip="0">testeConteudo</stat>
<stat pass="1" fail="0" skip="0">testeEstruturaResposta</stat>
<stat pass="1" fail="0" skip="0">testeRequisicaoBasica</stat>
<stat pass="1" fail="0" skip="0">testeTiposDados</stat>
</tag>
<suite>
<stat pass="5" fail="0" skip="0" id="s1" name="Tests">Tests</stat>
<stat pass="5" fail="0" skip="0" id="s1-s1" name="Random-User-Test">Tests.Random-User-Test</stat>
</suite>
</statistics>
<errors>
</errors>
</robot>
