<?xml version="1.0" encoding="UTF-8"?>
<robot generator="Robot 7.0 (Python 3.12.2 on linux)" generated="2024-03-30T06:16:22.932806" rpa="false" schemaversion="5">
<suite id="s1" name="Tests" source="/home/runner/work/DesafioQAItauRogerioJordao/DesafioQAItauRogerioJordao/RamdonUser/tests">
<suite id="s1-s1" name="Random-User-Test" source="/home/runner/work/DesafioQAItauRogerioJordao/DesafioQAItauRogerioJordao/RamdonUser/tests/random-user-test.robot">
<test id="s1-s1-t1" name="Conectar" line="13">
<kw name="Conectar API" owner="random-user-service">
<kw name="Create Session" owner="RequestsLibrary">
<msg time="2024-03-30T06:16:23.284091" level="INFO">Creating Session using : alias=consultarAPI, url=https://randomuser.me/, headers={},                     cookies={}, auth=None, timeout=None, proxies=None, verify=False,                     debug=0 </msg>
<arg>consultarAPI</arg>
<arg>${URL}</arg>
<doc>Create Session: create a HTTP session to a server</doc>
<status status="PASS" start="2024-03-30T06:16:23.283889" elapsed="0.000382"/>
</kw>
<status status="PASS" start="2024-03-30T06:16:23.282871" elapsed="0.001769"/>
</kw>
<status status="PASS" start="2024-03-30T06:16:23.282266" elapsed="0.002581"/>
</test>
<test id="s1-s1-t2" name="Validar retorno 200 e JSON Válido" line="16">
<kw name="Teste de Requisicao Basica" owner="random-user-service">
<kw name="GET On Session" owner="RequestsLibrary">
<msg time="2024-03-30T06:16:23.343104" level="INFO">GET Request : url=https://randomuser.me/api 
 path_url=/api 
 headers={'User-Agent': 'python-requests/2.31.0', 'Accept-Encoding': 'gzip, deflate', 'Accept': '*/*', 'Connection': 'keep-alive'} 
 body=None 
 </msg>
<msg time="2024-03-30T06:16:23.343245" level="INFO">GET Response : url=https://randomuser.me/api 
 status=200, reason=OK 
 headers={'Date': 'Sat, 30 Mar 2024 06:16:23 GMT', 'Content-Type': 'application/json; charset=utf-8', 'Transfer-Encoding': 'chunked', 'Connection': 'keep-alive', 'X-Powered-By': 'Express', 'Access-Control-Allow-Origin': '*', 'Cache-Control': 'no-cache', 'ETag': 'W/"4b8-9LvKtCoJcgxq5w0gdhUde1hEibQ"', 'Vary': 'Accept-Encoding', 'Content-Encoding': 'gzip', 'CF-Cache-Status': 'DYNAMIC', 'Report-To': '{"endpoints":[{"url":"https:\\/\\/a.nel.cloudflare.com\\/report\\/v4?s=SaPdHSHC1Z%2BabBwauxaxr0F4Thr81IZPVf7RL0%2F5H63MspF0%2F%2FQVMEfatfmjEZqMQX0LfUUx%2BVWmnVr%2FSAoiPQnGU0frxrG8kAYTNoRW3NjqXT8DWdj9LC1H9RNhQRo7"}],"group":"cf-nel","max_age":604800}', 'NEL': '{"success_fraction":0,"report_to":"cf-nel","max_age":604800}', 'Server': 'cloudflare', 'CF-RAY': '86c5f879ae7e0612-IAD', 'alt-svc': 'h3=":443"; ma=86400'} 
 body={"results":[{"gender":"male","name":{"title":"Mr","first":"José Eduardo","last":"Rodríguez"},"location":{"street":{"number":5917,"name":"Callejón Yemen"},"city":"Villa Hidalgo","state":"Estado de Mexico","country":"Mexico","postcode":10995,"coordinates":{"latitude":"28.7575","longitude":"-27.1948"},"timezone":{"offset":"-4:00","description":"Atlantic Time (Canada), Caracas, La Paz"}},"email":"joseeduardo.rodriguez@example.com","login":{"uuid":"8c494f50-2bd4-4b78-9d5d-d568f4440d9b","username":"greenswan875","password":"slave1","salt":"lUYrRDFK","md5":"b492163122cecb8440c31f59587a1c78","sha1":"80f29f8ec3b26126491d3031bc6470ee20301f7f","sha256":"140e8661b108381171a96434bdb77f024825bab30ba0449de413153ff3e8e57a"},"dob":{"date":"1964-02-17T19:18:29.168Z","age":60},"registered":{"date":"2010-11-11T13:45:13.790Z","age":13},"phone":"(692) 320 8671","cell":"(656) 170 4119","id":{"name":"NSS","value":"40 35 03 8616 8"},"picture":{"large":"https://randomuser.me/api/portraits/men/51.jpg","medium":"https://randomuser.me/api/portraits/med/men/51.jpg","thumbnail":"https://randomuser.me/api/portraits/thumb/men/51.jpg"},"nat":"MX"}],"info":{"seed":"bdfde05bd9d554ce","results":1,"page":1,"version":"1.4"}} 
 </msg>
<msg time="2024-03-30T06:16:23.343371" level="INFO">/opt/hostedtoolcache/Python/3.12.2/x64/lib/python3.12/site-packages/urllib3/connectionpool.py:1103: InsecureRequestWarning: Unverified HTTPS request is being made to host 'randomuser.me'. Adding certificate verification is strongly advised. See: https://urllib3.readthedocs.io/en/latest/advanced-usage.html#tls-warnings
  warnings.warn(</msg>
<msg time="2024-03-30T06:16:23.343537" level="INFO">${response} = &lt;Response [200]&gt;</msg>
<var>${response}</var>
<arg>consultarAPI</arg>
<arg>/api</arg>
<doc>Sends a GET request on a previously created HTTP Session.</doc>
<status status="PASS" start="2024-03-30T06:16:23.287500" elapsed="0.056091"/>
</kw>
<kw name="Should Be Equal As Numbers" owner="BuiltIn">
<msg time="2024-03-30T06:16:23.344586" level="INFO">Argument types are:
&lt;class 'int'&gt;
&lt;class 'str'&gt;</msg>
<arg>${response.status_code}</arg>
<arg>200</arg>
<doc>Fails if objects are unequal after converting them to real numbers.</doc>
<status status="PASS" start="2024-03-30T06:16:23.344120" elapsed="0.000530"/>
</kw>
<kw name="Log" owner="BuiltIn">
<msg time="2024-03-30T06:16:23.345377" level="INFO">200</msg>
<arg>${response.status_code}</arg>
<doc>Logs the given message with the given level.</doc>
<status status="PASS" start="2024-03-30T06:16:23.345003" elapsed="0.000417"/>
</kw>
<kw name="Set Variable" owner="BuiltIn">
<msg time="2024-03-30T06:16:23.346210" level="INFO">${json_data} = {'results': [{'gender': 'male', 'name': {'title': 'Mr', 'first': 'José Eduardo', 'last': 'Rodríguez'}, 'location': {'street': {'number': 5917, 'name': 'Callejón Yemen'}, 'city': 'Villa Hidalgo', 'stat...</msg>
<var>${json_data}</var>
<arg>${response.json()}</arg>
<doc>Returns the given values which can then be assigned to a variables.</doc>
<status status="PASS" start="2024-03-30T06:16:23.345759" elapsed="0.000481"/>
</kw>
<kw name="Dictionary Should Contain Key" owner="Collections">
<msg time="2024-03-30T06:16:23.346711" level="INFO">False</msg>
<arg>${json_data}</arg>
<arg>results</arg>
<doc>Fails if ``key`` is not found from ``dictionary``.</doc>
<status status="PASS" start="2024-03-30T06:16:23.346544" elapsed="0.000206"/>
</kw>
<status status="PASS" start="2024-03-30T06:16:23.287248" elapsed="0.059754"/>
</kw>
<doc>Testa se a API responde corretamente e retorna um objeto JSON válido.</doc>
<tag>testeRequisicaoBasica</tag>
<status status="PASS" start="2024-03-30T06:16:23.286725" elapsed="0.060454"/>
</test>
<test id="s1-s1-t3" name="Validar estrutura de resposta" line="22">
<kw name="Teste de Estrutura de Resposta" owner="random-user-service">
<kw name="GET On Session" owner="RequestsLibrary">
<msg time="2024-03-30T06:16:23.456106" level="INFO">GET Request : url=https://randomuser.me/api 
 path_url=/api 
 headers={'User-Agent': 'python-requests/2.31.0', 'Accept-Encoding': 'gzip, deflate', 'Accept': '*/*', 'Connection': 'keep-alive'} 
 body=None 
 </msg>
<msg time="2024-03-30T06:16:23.456193" level="INFO">GET Response : url=https://randomuser.me/api 
 status=200, reason=OK 
 headers={'Date': 'Sat, 30 Mar 2024 06:16:23 GMT', 'Content-Type': 'application/json; charset=utf-8', 'Transfer-Encoding': 'chunked', 'Connection': 'keep-alive', 'X-Powered-By': 'Express', 'Access-Control-Allow-Origin': '*', 'Cache-Control': 'no-cache', 'ETag': 'W/"47c-NhkkF7LEM0PAI2+hdCVOT0+gbgY"', 'Vary': 'Accept-Encoding', 'Content-Encoding': 'gzip', 'CF-Cache-Status': 'DYNAMIC', 'Report-To': '{"endpoints":[{"url":"https:\\/\\/a.nel.cloudflare.com\\/report\\/v4?s=ACFtjJwyIQIJ2YtpjzKP4oSPxTfyTAVfDcn%2FBuTby1d8X5uE5MDtOj%2BiC6uAmcPc%2FIsCLF%2BFttsIbnrliFPjt9FxT2eKFEM1ZiFR9KJy4kD2mLHYGcOGtzXNX7%2B51jqt"}],"group":"cf-nel","max_age":604800}', 'NEL': '{"success_fraction":0,"report_to":"cf-nel","max_age":604800}', 'Server': 'cloudflare', 'CF-RAY': '86c5f879fe9c0612-IAD', 'alt-svc': 'h3=":443"; ma=86400'} 
 body={"results":[{"gender":"female","name":{"title":"Ms","first":"Nisha","last":"Naik"},"location":{"street":{"number":6385,"name":"Ranganathan St"},"city":"Kharagpur","state":"Jammu and Kashmir","country":"India","postcode":19291,"coordinates":{"latitude":"5.2353","longitude":"42.0347"},"timezone":{"offset":"-9:00","description":"Alaska"}},"email":"nisha.naik@example.com","login":{"uuid":"79c1ab76-1f76-40de-ac8e-1abc8afa0670","username":"whitebutterfly715","password":"lexingky","salt":"9Bxc24QV","md5":"21de23610e3b2313ae8c49f3fb231a13","sha1":"bfdfcb01c89707405afea3854b1af568ac089b56","sha256":"7112dcc3c5c30870a155d1c4e74db637d2f9d23d6d5e8fdc013f34eec42ac9ac"},"dob":{"date":"1984-04-03T18:56:56.609Z","age":39},"registered":{"date":"2018-03-20T04:46:52.144Z","age":6},"phone":"8960440665","cell":"8444664706","id":{"name":"UIDAI","value":"206353791223"},"picture":{"large":"https://randomuser.me/api/portraits/women/54.jpg","medium":"https://randomuser.me/api/portraits/med/women/54.jpg","thumbnail":"https://randomuser.me/api/portraits/thumb/women/54.jpg"},"nat":"IN"}],"info":{"seed":"72ecacdb860461cc","results":1,"page":1,"version":"1.4"}} 
 </msg>
<msg time="2024-03-30T06:16:23.456328" level="INFO">/opt/hostedtoolcache/Python/3.12.2/x64/lib/python3.12/site-packages/urllib3/connectionpool.py:1103: InsecureRequestWarning: Unverified HTTPS request is being made to host 'randomuser.me'. Adding certificate verification is strongly advised. See: https://urllib3.readthedocs.io/en/latest/advanced-usage.html#tls-warnings
  warnings.warn(</msg>
<msg time="2024-03-30T06:16:23.456460" level="INFO">${response} = &lt;Response [200]&gt;</msg>
<var>${response}</var>
<arg>consultarAPI</arg>
<arg>/api</arg>
<doc>Sends a GET request on a previously created HTTP Session.</doc>
<status status="PASS" start="2024-03-30T06:16:23.349939" elapsed="0.106576"/>
</kw>
<kw name="Set Variable" owner="BuiltIn">
<msg time="2024-03-30T06:16:23.457649" level="INFO">${json_data} = {'results': [{'gender': 'female', 'name': {'title': 'Ms', 'first': 'Nisha', 'last': 'Naik'}, 'location': {'street': {'number': 6385, 'name': 'Ranganathan St'}, 'city': 'Kharagpur', 'state': 'Jammu and...</msg>
<var>${json_data}</var>
<arg>${response.json()}</arg>
<doc>Returns the given values which can then be assigned to a variables.</doc>
<status status="PASS" start="2024-03-30T06:16:23.457106" elapsed="0.000572"/>
</kw>
<kw name="Log" owner="BuiltIn">
<msg time="2024-03-30T06:16:23.458149" level="INFO">{'results': [{'gender': 'female', 'name': {'title': 'Ms', 'first': 'Nisha', 'last': 'Naik'}, 'location': {'street': {'number': 6385, 'name': 'Ranganathan St'}, 'city': 'Kharagpur', 'state': 'Jammu and Kashmir', 'country': 'India', 'postcode': 19291, 'coordinates': {'latitude': '5.2353', 'longitude': '42.0347'}, 'timezone': {'offset': '-9:00', 'description': 'Alaska'}}, 'email': 'nisha.naik@example.com', 'login': {'uuid': '79c1ab76-1f76-40de-ac8e-1abc8afa0670', 'username': 'whitebutterfly715', 'password': 'lexingky', 'salt': '9Bxc24QV', 'md5': '21de23610e3b2313ae8c49f3fb231a13', 'sha1': 'bfdfcb01c89707405afea3854b1af568ac089b56', 'sha256': '7112dcc3c5c30870a155d1c4e74db637d2f9d23d6d5e8fdc013f34eec42ac9ac'}, 'dob': {'date': '1984-04-03T18:56:56.609Z', 'age': 39}, 'registered': {'date': '2018-03-20T04:46:52.144Z', 'age': 6}, 'phone': '8960440665', 'cell': '8444664706', 'id': {'name': 'UIDAI', 'value': '206353791223'}, 'picture': {'large': 'https://randomuser.me/api/portraits/women/54.jpg', 'medium': 'https://randomuser.me/api/portraits/med/women/54.jpg', 'thumbnail': 'https://randomuser.me/api/portraits/thumb/women/54.jpg'}, 'nat': 'IN'}], 'info': {'seed': '72ecacdb860461cc', 'results': 1, 'page': 1, 'version': '1.4'}}</msg>
<arg>${json_data}</arg>
<doc>Logs the given message with the given level.</doc>
<status status="PASS" start="2024-03-30T06:16:23.457991" elapsed="0.000205"/>
</kw>
<kw name="Dictionary Should Contain Key" owner="Collections">
<msg time="2024-03-30T06:16:23.458644" level="INFO">False</msg>
<arg>${json_data}</arg>
<arg>results</arg>
<doc>Fails if ``key`` is not found from ``dictionary``.</doc>
<status status="PASS" start="2024-03-30T06:16:23.458493" elapsed="0.000189"/>
</kw>
<kw name="Should Not Be Empty" owner="BuiltIn">
<msg time="2024-03-30T06:16:23.459112" level="INFO">Length is 2.</msg>
<arg>${json_data}</arg>
<doc>Verifies that the given item is not empty.</doc>
<status status="PASS" start="2024-03-30T06:16:23.458977" elapsed="0.000174"/>
</kw>
<kw name="Create List" owner="BuiltIn">
<msg time="2024-03-30T06:16:23.459599" level="INFO">${expected_keys} = ['gender', 'name', 'location', 'email', 'login']</msg>
<var>${expected_keys}</var>
<arg>gender</arg>
<arg>name</arg>
<arg>location</arg>
<arg>email</arg>
<arg>login</arg>
<doc>Returns a list containing given items.</doc>
<status status="PASS" start="2024-03-30T06:16:23.459449" elapsed="0.000174"/>
</kw>
<for flavor="IN">
<iter>
<kw name="Dictionary Should Contain Key" owner="Collections">
<msg time="2024-03-30T06:16:23.460595" level="INFO">False</msg>
<arg>${json_data['results'][0]}</arg>
<arg>${key}</arg>
<doc>Fails if ``key`` is not found from ``dictionary``.</doc>
<status status="PASS" start="2024-03-30T06:16:23.460190" elapsed="0.000445"/>
</kw>
<kw name="Log" owner="BuiltIn">
<msg time="2024-03-30T06:16:23.461348" level="INFO">{'gender': 'female', 'name': {'title': 'Ms', 'first': 'Nisha', 'last': 'Naik'}, 'location': {'street': {'number': 6385, 'name': 'Ranganathan St'}, 'city': 'Kharagpur', 'state': 'Jammu and Kashmir', 'country': 'India', 'postcode': 19291, 'coordinates': {'latitude': '5.2353', 'longitude': '42.0347'}, 'timezone': {'offset': '-9:00', 'description': 'Alaska'}}, 'email': 'nisha.naik@example.com', 'login': {'uuid': '79c1ab76-1f76-40de-ac8e-1abc8afa0670', 'username': 'whitebutterfly715', 'password': 'lexingky', 'salt': '9Bxc24QV', 'md5': '21de23610e3b2313ae8c49f3fb231a13', 'sha1': 'bfdfcb01c89707405afea3854b1af568ac089b56', 'sha256': '7112dcc3c5c30870a155d1c4e74db637d2f9d23d6d5e8fdc013f34eec42ac9ac'}, 'dob': {'date': '1984-04-03T18:56:56.609Z', 'age': 39}, 'registered': {'date': '2018-03-20T04:46:52.144Z', 'age': 6}, 'phone': '8960440665', 'cell': '8444664706', 'id': {'name': 'UIDAI', 'value': '206353791223'}, 'picture': {'large': 'https://randomuser.me/api/portraits/women/54.jpg', 'medium': 'https://randomuser.me/api/portraits/med/women/54.jpg', 'thumbnail': 'https://randomuser.me/api/portraits/thumb/women/54.jpg'}, 'nat': 'IN'}</msg>
<arg>${json_data['results'][0]}</arg>
<doc>Logs the given message with the given level.</doc>
<status status="PASS" start="2024-03-30T06:16:23.460970" elapsed="0.000432"/>
</kw>
<kw name="Log" owner="BuiltIn">
<msg time="2024-03-30T06:16:23.461839" level="INFO">gender</msg>
<arg>${key}</arg>
<doc>Logs the given message with the given level.</doc>
<status status="PASS" start="2024-03-30T06:16:23.461708" elapsed="0.000169"/>
</kw>
<var name="${key}">gender</var>
<status status="PASS" start="2024-03-30T06:16:23.460064" elapsed="0.002037"/>
</iter>
<iter>
<kw name="Dictionary Should Contain Key" owner="Collections">
<msg time="2024-03-30T06:16:23.462797" level="INFO">False</msg>
<arg>${json_data['results'][0]}</arg>
<arg>${key}</arg>
<doc>Fails if ``key`` is not found from ``dictionary``.</doc>
<status status="PASS" start="2024-03-30T06:16:23.462407" elapsed="0.000428"/>
</kw>
<kw name="Log" owner="BuiltIn">
<msg time="2024-03-30T06:16:23.463529" level="INFO">{'gender': 'female', 'name': {'title': 'Ms', 'first': 'Nisha', 'last': 'Naik'}, 'location': {'street': {'number': 6385, 'name': 'Ranganathan St'}, 'city': 'Kharagpur', 'state': 'Jammu and Kashmir', 'country': 'India', 'postcode': 19291, 'coordinates': {'latitude': '5.2353', 'longitude': '42.0347'}, 'timezone': {'offset': '-9:00', 'description': 'Alaska'}}, 'email': 'nisha.naik@example.com', 'login': {'uuid': '79c1ab76-1f76-40de-ac8e-1abc8afa0670', 'username': 'whitebutterfly715', 'password': 'lexingky', 'salt': '9Bxc24QV', 'md5': '21de23610e3b2313ae8c49f3fb231a13', 'sha1': 'bfdfcb01c89707405afea3854b1af568ac089b56', 'sha256': '7112dcc3c5c30870a155d1c4e74db637d2f9d23d6d5e8fdc013f34eec42ac9ac'}, 'dob': {'date': '1984-04-03T18:56:56.609Z', 'age': 39}, 'registered': {'date': '2018-03-20T04:46:52.144Z', 'age': 6}, 'phone': '8960440665', 'cell': '8444664706', 'id': {'name': 'UIDAI', 'value': '206353791223'}, 'picture': {'large': 'https://randomuser.me/api/portraits/women/54.jpg', 'medium': 'https://randomuser.me/api/portraits/med/women/54.jpg', 'thumbnail': 'https://randomuser.me/api/portraits/thumb/women/54.jpg'}, 'nat': 'IN'}</msg>
<arg>${json_data['results'][0]}</arg>
<doc>Logs the given message with the given level.</doc>
<status status="PASS" start="2024-03-30T06:16:23.463165" elapsed="0.000412"/>
</kw>
<kw name="Log" owner="BuiltIn">
<msg time="2024-03-30T06:16:23.464010" level="INFO">name</msg>
<arg>${key}</arg>
<doc>Logs the given message with the given level.</doc>
<status status="PASS" start="2024-03-30T06:16:23.463880" elapsed="0.000168"/>
</kw>
<var name="${key}">name</var>
<status status="PASS" start="2024-03-30T06:16:23.462292" elapsed="0.001975"/>
</iter>
<iter>
<kw name="Dictionary Should Contain Key" owner="Collections">
<msg time="2024-03-30T06:16:23.464968" level="INFO">False</msg>
<arg>${json_data['results'][0]}</arg>
<arg>${key}</arg>
<doc>Fails if ``key`` is not found from ``dictionary``.</doc>
<status status="PASS" start="2024-03-30T06:16:23.464562" elapsed="0.000446"/>
</kw>
<kw name="Log" owner="BuiltIn">
<msg time="2024-03-30T06:16:23.465685" level="INFO">{'gender': 'female', 'name': {'title': 'Ms', 'first': 'Nisha', 'last': 'Naik'}, 'location': {'street': {'number': 6385, 'name': 'Ranganathan St'}, 'city': 'Kharagpur', 'state': 'Jammu and Kashmir', 'country': 'India', 'postcode': 19291, 'coordinates': {'latitude': '5.2353', 'longitude': '42.0347'}, 'timezone': {'offset': '-9:00', 'description': 'Alaska'}}, 'email': 'nisha.naik@example.com', 'login': {'uuid': '79c1ab76-1f76-40de-ac8e-1abc8afa0670', 'username': 'whitebutterfly715', 'password': 'lexingky', 'salt': '9Bxc24QV', 'md5': '21de23610e3b2313ae8c49f3fb231a13', 'sha1': 'bfdfcb01c89707405afea3854b1af568ac089b56', 'sha256': '7112dcc3c5c30870a155d1c4e74db637d2f9d23d6d5e8fdc013f34eec42ac9ac'}, 'dob': {'date': '1984-04-03T18:56:56.609Z', 'age': 39}, 'registered': {'date': '2018-03-20T04:46:52.144Z', 'age': 6}, 'phone': '8960440665', 'cell': '8444664706', 'id': {'name': 'UIDAI', 'value': '206353791223'}, 'picture': {'large': 'https://randomuser.me/api/portraits/women/54.jpg', 'medium': 'https://randomuser.me/api/portraits/med/women/54.jpg', 'thumbnail': 'https://randomuser.me/api/portraits/thumb/women/54.jpg'}, 'nat': 'IN'}</msg>
<arg>${json_data['results'][0]}</arg>
<doc>Logs the given message with the given level.</doc>
<status status="PASS" start="2024-03-30T06:16:23.465328" elapsed="0.000410"/>
</kw>
<kw name="Log" owner="BuiltIn">
<msg time="2024-03-30T06:16:23.466165" level="INFO">location</msg>
<arg>${key}</arg>
<doc>Logs the given message with the given level.</doc>
<status status="PASS" start="2024-03-30T06:16:23.466037" elapsed="0.000167"/>
</kw>
<var name="${key}">location</var>
<status status="PASS" start="2024-03-30T06:16:23.464449" elapsed="0.001971"/>
</iter>
<iter>
<kw name="Dictionary Should Contain Key" owner="Collections">
<msg time="2024-03-30T06:16:23.467088" level="INFO">False</msg>
<arg>${json_data['results'][0]}</arg>
<arg>${key}</arg>
<doc>Fails if ``key`` is not found from ``dictionary``.</doc>
<status status="PASS" start="2024-03-30T06:16:23.466711" elapsed="0.000415"/>
</kw>
<kw name="Log" owner="BuiltIn">
<msg time="2024-03-30T06:16:23.467790" level="INFO">{'gender': 'female', 'name': {'title': 'Ms', 'first': 'Nisha', 'last': 'Naik'}, 'location': {'street': {'number': 6385, 'name': 'Ranganathan St'}, 'city': 'Kharagpur', 'state': 'Jammu and Kashmir', 'country': 'India', 'postcode': 19291, 'coordinates': {'latitude': '5.2353', 'longitude': '42.0347'}, 'timezone': {'offset': '-9:00', 'description': 'Alaska'}}, 'email': 'nisha.naik@example.com', 'login': {'uuid': '79c1ab76-1f76-40de-ac8e-1abc8afa0670', 'username': 'whitebutterfly715', 'password': 'lexingky', 'salt': '9Bxc24QV', 'md5': '21de23610e3b2313ae8c49f3fb231a13', 'sha1': 'bfdfcb01c89707405afea3854b1af568ac089b56', 'sha256': '7112dcc3c5c30870a155d1c4e74db637d2f9d23d6d5e8fdc013f34eec42ac9ac'}, 'dob': {'date': '1984-04-03T18:56:56.609Z', 'age': 39}, 'registered': {'date': '2018-03-20T04:46:52.144Z', 'age': 6}, 'phone': '8960440665', 'cell': '8444664706', 'id': {'name': 'UIDAI', 'value': '206353791223'}, 'picture': {'large': 'https://randomuser.me/api/portraits/women/54.jpg', 'medium': 'https://randomuser.me/api/portraits/med/women/54.jpg', 'thumbnail': 'https://randomuser.me/api/portraits/thumb/women/54.jpg'}, 'nat': 'IN'}</msg>
<arg>${json_data['results'][0]}</arg>
<doc>Logs the given message with the given level.</doc>
<status status="PASS" start="2024-03-30T06:16:23.467425" elapsed="0.000413"/>
</kw>
<kw name="Log" owner="BuiltIn">
<msg time="2024-03-30T06:16:23.468260" level="INFO">email</msg>
<arg>${key}</arg>
<doc>Logs the given message with the given level.</doc>
<status status="PASS" start="2024-03-30T06:16:23.468132" elapsed="0.000165"/>
</kw>
<var name="${key}">email</var>
<status status="PASS" start="2024-03-30T06:16:23.466598" elapsed="0.001914"/>
</iter>
<iter>
<kw name="Dictionary Should Contain Key" owner="Collections">
<msg time="2024-03-30T06:16:23.469206" level="INFO">False</msg>
<arg>${json_data['results'][0]}</arg>
<arg>${key}</arg>
<doc>Fails if ``key`` is not found from ``dictionary``.</doc>
<status status="PASS" start="2024-03-30T06:16:23.468799" elapsed="0.000444"/>
</kw>
<kw name="Log" owner="BuiltIn">
<msg time="2024-03-30T06:16:23.469910" level="INFO">{'gender': 'female', 'name': {'title': 'Ms', 'first': 'Nisha', 'last': 'Naik'}, 'location': {'street': {'number': 6385, 'name': 'Ranganathan St'}, 'city': 'Kharagpur', 'state': 'Jammu and Kashmir', 'country': 'India', 'postcode': 19291, 'coordinates': {'latitude': '5.2353', 'longitude': '42.0347'}, 'timezone': {'offset': '-9:00', 'description': 'Alaska'}}, 'email': 'nisha.naik@example.com', 'login': {'uuid': '79c1ab76-1f76-40de-ac8e-1abc8afa0670', 'username': 'whitebutterfly715', 'password': 'lexingky', 'salt': '9Bxc24QV', 'md5': '21de23610e3b2313ae8c49f3fb231a13', 'sha1': 'bfdfcb01c89707405afea3854b1af568ac089b56', 'sha256': '7112dcc3c5c30870a155d1c4e74db637d2f9d23d6d5e8fdc013f34eec42ac9ac'}, 'dob': {'date': '1984-04-03T18:56:56.609Z', 'age': 39}, 'registered': {'date': '2018-03-20T04:46:52.144Z', 'age': 6}, 'phone': '8960440665', 'cell': '8444664706', 'id': {'name': 'UIDAI', 'value': '206353791223'}, 'picture': {'large': 'https://randomuser.me/api/portraits/women/54.jpg', 'medium': 'https://randomuser.me/api/portraits/med/women/54.jpg', 'thumbnail': 'https://randomuser.me/api/portraits/thumb/women/54.jpg'}, 'nat': 'IN'}</msg>
<arg>${json_data['results'][0]}</arg>
<doc>Logs the given message with the given level.</doc>
<status status="PASS" start="2024-03-30T06:16:23.469541" elapsed="0.000417"/>
</kw>
<kw name="Log" owner="BuiltIn">
<msg time="2024-03-30T06:16:23.470380" level="INFO">login</msg>
<arg>${key}</arg>
<doc>Logs the given message with the given level.</doc>
<status status="PASS" start="2024-03-30T06:16:23.470253" elapsed="0.000268"/>
</kw>
<var name="${key}">login</var>
<status status="PASS" start="2024-03-30T06:16:23.468687" elapsed="0.002067"/>
</iter>
<var>${key}</var>
<value>@{expected_keys}</value>
<status status="PASS" start="2024-03-30T06:16:23.459882" elapsed="0.011026"/>
</for>
<kw name="Create List" owner="BuiltIn">
<msg time="2024-03-30T06:16:23.471257" level="INFO">${expected_keysTwo} = ['username', 'password']</msg>
<var>${expected_keysTwo}</var>
<arg>username</arg>
<arg>password</arg>
<doc>Returns a list containing given items.</doc>
<status status="PASS" start="2024-03-30T06:16:23.471116" elapsed="0.000165"/>
</kw>
<for flavor="IN">
<iter>
<kw name="Dictionary Should Contain Key" owner="Collections">
<msg time="2024-03-30T06:16:23.472165" level="INFO">False</msg>
<arg>${json_data['results'][0]['login']}</arg>
<arg>${keyTwo}</arg>
<doc>Fails if ``key`` is not found from ``dictionary``.</doc>
<status status="PASS" start="2024-03-30T06:16:23.471783" elapsed="0.000420"/>
</kw>
<kw name="Dictionary Should Contain Key" owner="Collections">
<msg time="2024-03-30T06:16:23.472881" level="INFO">False</msg>
<arg>${json_data['results'][0]['login']}</arg>
<arg>${keyTwo}</arg>
<doc>Fails if ``key`` is not found from ``dictionary``.</doc>
<status status="PASS" start="2024-03-30T06:16:23.472502" elapsed="0.000441"/>
</kw>
<kw name="Log" owner="BuiltIn">
<msg time="2024-03-30T06:16:23.473386" level="INFO">username</msg>
<arg>${keyTwo}</arg>
<doc>Logs the given message with the given level.</doc>
<status status="PASS" start="2024-03-30T06:16:23.473257" elapsed="0.000168"/>
</kw>
<var name="${keyTwo}">username</var>
<status status="PASS" start="2024-03-30T06:16:23.471672" elapsed="0.001971"/>
</iter>
<iter>
<kw name="Dictionary Should Contain Key" owner="Collections">
<msg time="2024-03-30T06:16:23.474315" level="INFO">False</msg>
<arg>${json_data['results'][0]['login']}</arg>
<arg>${keyTwo}</arg>
<doc>Fails if ``key`` is not found from ``dictionary``.</doc>
<status status="PASS" start="2024-03-30T06:16:23.473929" elapsed="0.000423"/>
</kw>
<kw name="Dictionary Should Contain Key" owner="Collections">
<msg time="2024-03-30T06:16:23.475019" level="INFO">False</msg>
<arg>${json_data['results'][0]['login']}</arg>
<arg>${keyTwo}</arg>
<doc>Fails if ``key`` is not found from ``dictionary``.</doc>
<status status="PASS" start="2024-03-30T06:16:23.474645" elapsed="0.000411"/>
</kw>
<kw name="Log" owner="BuiltIn">
<msg time="2024-03-30T06:16:23.475473" level="INFO">password</msg>
<arg>${keyTwo}</arg>
<doc>Logs the given message with the given level.</doc>
<status status="PASS" start="2024-03-30T06:16:23.475346" elapsed="0.000165"/>
</kw>
<var name="${keyTwo}">password</var>
<status status="PASS" start="2024-03-30T06:16:23.473818" elapsed="0.001910"/>
</iter>
<var>${keyTwo}</var>
<value>@{expected_keysTwo}</value>
<status status="PASS" start="2024-03-30T06:16:23.471519" elapsed="0.004333"/>
</for>
<status status="PASS" start="2024-03-30T06:16:23.349709" elapsed="0.126283"/>
</kw>
<doc>Testa a estrutura da resposta da API.</doc>
<tag>testeEstruturaResposta</tag>
<status status="PASS" start="2024-03-30T06:16:23.349005" elapsed="0.127140"/>
</test>
<test id="s1-s1-t4" name="Validar tipos de dados" line="28">
<kw name="Teste de Tipos de Dados" owner="random-user-service">
<kw name="GET On Session" owner="RequestsLibrary">
<msg time="2024-03-30T06:16:23.535007" level="INFO">GET Request : url=https://randomuser.me/api 
 path_url=/api 
 headers={'User-Agent': 'python-requests/2.31.0', 'Accept-Encoding': 'gzip, deflate', 'Accept': '*/*', 'Connection': 'keep-alive'} 
 body=None 
 </msg>
<msg time="2024-03-30T06:16:23.535073" level="INFO">GET Response : url=https://randomuser.me/api 
 status=200, reason=OK 
 headers={'Date': 'Sat, 30 Mar 2024 06:16:23 GMT', 'Content-Type': 'application/json; charset=utf-8', 'Transfer-Encoding': 'chunked', 'Connection': 'keep-alive', 'X-Powered-By': 'Express', 'Access-Control-Allow-Origin': '*', 'Cache-Control': 'no-cache', 'ETag': 'W/"49a-dBZEFttdSXVWKfAHjOMQFQ/d2mQ"', 'Vary': 'Accept-Encoding', 'Content-Encoding': 'gzip', 'CF-Cache-Status': 'DYNAMIC', 'Report-To': '{"endpoints":[{"url":"https:\\/\\/a.nel.cloudflare.com\\/report\\/v4?s=AFNKFZG1kp%2F4Eetd9206%2BlKNLxvDeHyCLi1cme2nllRaJ8OZ8ykW7E2J2PTCZyj0DnnVnlT%2BpKwVcommGaD17LlSgpX8ibfOKNkwBmIryZQfTMC%2FSFVluUZa6SjU8RIs"}],"group":"cf-nel","max_age":604800}', 'NEL': '{"success_fraction":0,"report_to":"cf-nel","max_age":604800}', 'Server': 'cloudflare', 'CF-RAY': '86c5f87abf050612-IAD', 'alt-svc': 'h3=":443"; ma=86400'} 
 body={"results":[{"gender":"female","name":{"title":"Mrs","first":"Sofie","last":"Hansen"},"location":{"street":{"number":9358,"name":"Ranunkelvej"},"city":"Nr Åby","state":"Nordjylland","country":"Denmark","postcode":75234,"coordinates":{"latitude":"-42.3664","longitude":"103.9448"},"timezone":{"offset":"0:00","description":"Western Europe Time, London, Lisbon, Casablanca"}},"email":"sofie.hansen@example.com","login":{"uuid":"e3a7ea89-b792-421d-8182-9ecbee79df47","username":"blackmeercat939","password":"lalakers","salt":"CJjke1If","md5":"e7540f5f8ae85f842ceaae84b305864c","sha1":"56c10d1bf65e249975c9624a9d5b83ae71f0f258","sha256":"03e66df7e81ff223a2802ad6fb4542d184b447f8845d5f717c101066f0a41cb6"},"dob":{"date":"1990-01-25T18:52:26.982Z","age":34},"registered":{"date":"2016-10-24T21:30:37.459Z","age":7},"phone":"94689342","cell":"32915007","id":{"name":"CPR","value":"250190-8242"},"picture":{"large":"https://randomuser.me/api/portraits/women/90.jpg","medium":"https://randomuser.me/api/portraits/med/women/90.jpg","thumbnail":"https://randomuser.me/api/portraits/thumb/women/90.jpg"},"nat":"DK"}],"info":{"seed":"5bde9342eaa093c0","results":1,"page":1,"version":"1.4"}} 
 </msg>
<msg time="2024-03-30T06:16:23.535126" level="INFO">/opt/hostedtoolcache/Python/3.12.2/x64/lib/python3.12/site-packages/urllib3/connectionpool.py:1103: InsecureRequestWarning: Unverified HTTPS request is being made to host 'randomuser.me'. Adding certificate verification is strongly advised. See: https://urllib3.readthedocs.io/en/latest/advanced-usage.html#tls-warnings
  warnings.warn(</msg>
<msg time="2024-03-30T06:16:23.535219" level="INFO">${response} = &lt;Response [200]&gt;</msg>
<var>${response}</var>
<arg>consultarAPI</arg>
<arg>/api</arg>
<doc>Sends a GET request on a previously created HTTP Session.</doc>
<status status="PASS" start="2024-03-30T06:16:23.478671" elapsed="0.056589"/>
</kw>
<kw name="Set Variable" owner="BuiltIn">
<msg time="2024-03-30T06:16:23.536270" level="INFO">${json_data} = {'results': [{'gender': 'female', 'name': {'title': 'Mrs', 'first': 'Sofie', 'last': 'Hansen'}, 'location': {'street': {'number': 9358, 'name': 'Ranunkelvej'}, 'city': 'Nr Åby', 'state': 'Nordjylland'...</msg>
<var>${json_data}</var>
<arg>${response.json()}</arg>
<doc>Returns the given values which can then be assigned to a variables.</doc>
<status status="PASS" start="2024-03-30T06:16:23.535711" elapsed="0.000588"/>
</kw>
<kw name="Log" owner="BuiltIn">
<msg time="2024-03-30T06:16:23.536767" level="INFO">{'results': [{'gender': 'female', 'name': {'title': 'Mrs', 'first': 'Sofie', 'last': 'Hansen'}, 'location': {'street': {'number': 9358, 'name': 'Ranunkelvej'}, 'city': 'Nr Åby', 'state': 'Nordjylland', 'country': 'Denmark', 'postcode': 75234, 'coordinates': {'latitude': '-42.3664', 'longitude': '103.9448'}, 'timezone': {'offset': '0:00', 'description': 'Western Europe Time, London, Lisbon, Casablanca'}}, 'email': 'sofie.hansen@example.com', 'login': {'uuid': 'e3a7ea89-b792-421d-8182-9ecbee79df47', 'username': 'blackmeercat939', 'password': 'lalakers', 'salt': 'CJjke1If', 'md5': 'e7540f5f8ae85f842ceaae84b305864c', 'sha1': '56c10d1bf65e249975c9624a9d5b83ae71f0f258', 'sha256': '03e66df7e81ff223a2802ad6fb4542d184b447f8845d5f717c101066f0a41cb6'}, 'dob': {'date': '1990-01-25T18:52:26.982Z', 'age': 34}, 'registered': {'date': '2016-10-24T21:30:37.459Z', 'age': 7}, 'phone': '94689342', 'cell': '32915007', 'id': {'name': 'CPR', 'value': '250190-8242'}, 'picture': {'large': 'https://randomuser.me/api/portraits/women/90.jpg', 'medium': 'https://randomuser.me/api/portraits/med/women/90.jpg', 'thumbnail': 'https://randomuser.me/api/portraits/thumb/women/90.jpg'}, 'nat': 'DK'}], 'info': {'seed': '5bde9342eaa093c0', 'results': 1, 'page': 1, 'version': '1.4'}}</msg>
<arg>${json_data}</arg>
<doc>Logs the given message with the given level.</doc>
<status status="PASS" start="2024-03-30T06:16:23.536612" elapsed="0.000235"/>
</kw>
<kw name="Should Be String" owner="String">
<arg>${json_data['results'][0]['gender']}</arg>
<doc>Fails if the given ``item`` is not a string.</doc>
<status status="PASS" start="2024-03-30T06:16:23.537189" elapsed="0.000361"/>
</kw>
<kw name="Should Match Regexp" owner="BuiltIn">
<arg>${json_data['results'][0]['email']}</arg>
<arg>^[a-zA-Z0-9._%+-]+@[a-zA-Z0-9.-]+\.[a-zA-Z]{2,}$</arg>
<doc>Fails if ``string`` does not match ``pattern`` as a regular expression.</doc>
<status status="PASS" start="2024-03-30T06:16:23.537742" elapsed="0.000516"/>
</kw>
<kw name="Should Match Regexp" owner="BuiltIn">
<arg>${json_data['results'][0]['dob']['date']}</arg>
<arg>\\d{4}-\\d{2}-\\d{2}T\\d{2}:\\d{2}:\\d{2}\\.\\d{3}Z</arg>
<doc>Fails if ``string`` does not match ``pattern`` as a regular expression.</doc>
<status status="PASS" start="2024-03-30T06:16:23.538455" elapsed="0.000493"/>
</kw>
<kw name="Should Match Regexp" owner="BuiltIn">
<arg>${json_data['results'][0]['registered']['date']}</arg>
<arg>\\d{4}-\\d{2}-\\d{2}T\\d{2}:\\d{2}:\\d{2}\\.\\d{3}Z</arg>
<doc>Fails if ``string`` does not match ``pattern`` as a regular expression.</doc>
<status status="PASS" start="2024-03-30T06:16:23.539144" elapsed="0.000372"/>
</kw>
<kw name="Should Match Regexp" owner="BuiltIn">
<arg>${json_data['results'][0]['picture']['large']}</arg>
<arg>^https?://.*\.(?:png|jpe?g|gif|bmp)$</arg>
<doc>Fails if ``string`` does not match ``pattern`` as a regular expression.</doc>
<status status="PASS" start="2024-03-30T06:16:23.539705" elapsed="0.000456"/>
</kw>
<kw name="Should Match Regexp" owner="BuiltIn">
<arg>${json_data['results'][0]['picture']['medium']}</arg>
<arg>^https?://.*\.(?:png|jpe?g|gif|bmp)$</arg>
<doc>Fails if ``string`` does not match ``pattern`` as a regular expression.</doc>
<status status="PASS" start="2024-03-30T06:16:23.540351" elapsed="0.000356"/>
</kw>
<kw name="Should Match Regexp" owner="BuiltIn">
<arg>${json_data['results'][0]['picture']['thumbnail']}</arg>
<arg>^https?://.*\.(?:png|jpe?g|gif|bmp)$</arg>
<doc>Fails if ``string`` does not match ``pattern`` as a regular expression.</doc>
<status status="PASS" start="2024-03-30T06:16:23.540891" elapsed="0.000383"/>
</kw>
<kw name="Log" owner="BuiltIn">
<msg time="2024-03-30T06:16:23.541786" level="INFO">{'large': 'https://randomuser.me/api/portraits/women/90.jpg', 'medium': 'https://randomuser.me/api/portraits/med/women/90.jpg', 'thumbnail': 'https://randomuser.me/api/portraits/thumb/women/90.jpg'}</msg>
<arg>${json_data['results'][0]['picture']}</arg>
<doc>Logs the given message with the given level.</doc>
<status status="PASS" start="2024-03-30T06:16:23.541453" elapsed="0.000380"/>
</kw>
<status status="PASS" start="2024-03-30T06:16:23.478436" elapsed="0.063653"/>
</kw>
<kw name="Teste de Tipos de Dados - Postcode" owner="random-user-service">
<kw name="GET On Session" owner="RequestsLibrary">
<msg time="2024-03-30T06:16:23.636701" level="INFO">GET Request : url=https://randomuser.me/api 
 path_url=/api 
 headers={'User-Agent': 'python-requests/2.31.0', 'Accept-Encoding': 'gzip, deflate', 'Accept': '*/*', 'Connection': 'keep-alive'} 
 body=None 
 </msg>
<msg time="2024-03-30T06:16:23.636784" level="INFO">GET Response : url=https://randomuser.me/api 
 status=200, reason=OK 
 headers={'Date': 'Sat, 30 Mar 2024 06:16:23 GMT', 'Content-Type': 'application/json; charset=utf-8', 'Transfer-Encoding': 'chunked', 'Connection': 'keep-alive', 'X-Powered-By': 'Express', 'Access-Control-Allow-Origin': '*', 'Cache-Control': 'no-cache', 'ETag': 'W/"4b0-j+3D9IwkRhd24oW9ms1FnqgU+z0"', 'Vary': 'Accept-Encoding', 'Content-Encoding': 'gzip', 'CF-Cache-Status': 'DYNAMIC', 'Report-To': '{"endpoints":[{"url":"https:\\/\\/a.nel.cloudflare.com\\/report\\/v4?s=j7wFhzow%2FCHSO%2Bhb4YpB7yC%2BSv5nYAxXp1LA%2F0P3JSyyyNGpVTOHLUWaMAkVjOKnBJSep21KkAIyywJm44BoHMiH1Fa1kpqv3H%2F7tEaqM%2B9z%2BxMV4UcvIiAPsWsfPHdl"}],"group":"cf-nel","max_age":604800}', 'NEL': '{"success_fraction":0,"report_to":"cf-nel","max_age":604800}', 'Server': 'cloudflare', 'CF-RAY': '86c5f87b2f3a0612-IAD', 'alt-svc': 'h3=":443"; ma=86400'} 
 body={"results":[{"gender":"female","name":{"title":"Miss","first":"Joyce","last":"Mccoy"},"location":{"street":{"number":152,"name":"Groveland Terrace"},"city":"San Francisco","state":"Maryland","country":"United States","postcode":49388,"coordinates":{"latitude":"87.9480","longitude":"42.6319"},"timezone":{"offset":"0:00","description":"Western Europe Time, London, Lisbon, Casablanca"}},"email":"joyce.mccoy@example.com","login":{"uuid":"793705c6-7588-4c9a-b831-7446b65a6f20","username":"bigladybug368","password":"chipmunk","salt":"vGFXJPEH","md5":"2d26bd9505f9e58c58898b3dee94d431","sha1":"e1c0caa86926f9111eb54f837346a7847e1fe49d","sha256":"1f2c39de76db61593e258631d34f3ae146b9daad51625d117d047e7eeafdabb0"},"dob":{"date":"1959-11-10T09:44:02.740Z","age":64},"registered":{"date":"2011-01-06T17:09:37.205Z","age":13},"phone":"(536) 591-0944","cell":"(434) 369-2712","id":{"name":"SSN","value":"858-32-2741"},"picture":{"large":"https://randomuser.me/api/portraits/women/71.jpg","medium":"https://randomuser.me/api/portraits/med/women/71.jpg","thumbnail":"https://randomuser.me/api/portraits/thumb/women/71.jpg"},"nat":"US"}],"info":{"seed":"82caaf4df8c34a93","results":1,"page":1,"version":"1.4"}} 
 </msg>
<msg time="2024-03-30T06:16:23.636867" level="INFO">/opt/hostedtoolcache/Python/3.12.2/x64/lib/python3.12/site-packages/urllib3/connectionpool.py:1103: InsecureRequestWarning: Unverified HTTPS request is being made to host 'randomuser.me'. Adding certificate verification is strongly advised. See: https://urllib3.readthedocs.io/en/latest/advanced-usage.html#tls-warnings
  warnings.warn(</msg>
<msg time="2024-03-30T06:16:23.637031" level="INFO">${response} = &lt;Response [200]&gt;</msg>
<var>${response}</var>
<arg>consultarAPI</arg>
<arg>/api</arg>
<doc>Sends a GET request on a previously created HTTP Session.</doc>
<status status="PASS" start="2024-03-30T06:16:23.542642" elapsed="0.094440"/>
</kw>
<kw name="Set Variable" owner="BuiltIn">
<msg time="2024-03-30T06:16:23.638091" level="INFO">${json_data} = {'results': [{'gender': 'female', 'name': {'title': 'Miss', 'first': 'Joyce', 'last': 'Mccoy'}, 'location': {'street': {'number': 152, 'name': 'Groveland Terrace'}, 'city': 'San Francisco', 'state': '...</msg>
<var>${json_data}</var>
<arg>${response.json()}</arg>
<doc>Returns the given values which can then be assigned to a variables.</doc>
<status status="PASS" start="2024-03-30T06:16:23.637554" elapsed="0.000565"/>
</kw>
<kw name="Log" owner="BuiltIn">
<msg time="2024-03-30T06:16:23.638577" level="INFO">{'results': [{'gender': 'female', 'name': {'title': 'Miss', 'first': 'Joyce', 'last': 'Mccoy'}, 'location': {'street': {'number': 152, 'name': 'Groveland Terrace'}, 'city': 'San Francisco', 'state': 'Maryland', 'country': 'United States', 'postcode': 49388, 'coordinates': {'latitude': '87.9480', 'longitude': '42.6319'}, 'timezone': {'offset': '0:00', 'description': 'Western Europe Time, London, Lisbon, Casablanca'}}, 'email': 'joyce.mccoy@example.com', 'login': {'uuid': '793705c6-7588-4c9a-b831-7446b65a6f20', 'username': 'bigladybug368', 'password': 'chipmunk', 'salt': 'vGFXJPEH', 'md5': '2d26bd9505f9e58c58898b3dee94d431', 'sha1': 'e1c0caa86926f9111eb54f837346a7847e1fe49d', 'sha256': '1f2c39de76db61593e258631d34f3ae146b9daad51625d117d047e7eeafdabb0'}, 'dob': {'date': '1959-11-10T09:44:02.740Z', 'age': 64}, 'registered': {'date': '2011-01-06T17:09:37.205Z', 'age': 13}, 'phone': '(536) 591-0944', 'cell': '(434) 369-2712', 'id': {'name': 'SSN', 'value': '858-32-2741'}, 'picture': {'large': 'https://randomuser.me/api/portraits/women/71.jpg', 'medium': 'https://randomuser.me/api/portraits/med/women/71.jpg', 'thumbnail': 'https://randomuser.me/api/portraits/thumb/women/71.jpg'}, 'nat': 'US'}], 'info': {'seed': '82caaf4df8c34a93', 'results': 1, 'page': 1, 'version': '1.4'}}</msg>
<arg>${json_data}</arg>
<doc>Logs the given message with the given level.</doc>
<status status="PASS" start="2024-03-30T06:16:23.638423" elapsed="0.000231"/>
</kw>
<kw name="Should Be Equal As Numbers" owner="BuiltIn">
<arg>${json_data['results'][0]['location']['postcode']}</arg>
<arg>${json_data['results'][0]['location']['postcode']}</arg>
<doc>Fails if objects are unequal after converting them to real numbers.</doc>
<status status="PASS" start="2024-03-30T06:16:23.638958" elapsed="0.000626"/>
</kw>
<kw name="Log" owner="BuiltIn">
<msg time="2024-03-30T06:16:23.640115" level="INFO">49388</msg>
<arg>${json_data['results'][0]['location']['postcode']}</arg>
<doc>Logs the given message with the given level.</doc>
<status status="PASS" start="2024-03-30T06:16:23.639779" elapsed="0.000377"/>
</kw>
<status status="PASS" start="2024-03-30T06:16:23.542300" elapsed="0.098109"/>
</kw>
<doc>Testa se os tipos de dados na resposta da API estão corretos.</doc>
<tag>testeTiposDados</tag>
<status status="PASS" start="2024-03-30T06:16:23.477898" elapsed="0.162673"/>
</test>
<test id="s1-s1-t5" name="Validar conteudo" line="35">
<kw name="Teste de Tipos de Conteudo" owner="random-user-service">
<kw name="GET On Session" owner="RequestsLibrary">
<msg time="2024-03-30T06:16:23.736837" level="INFO">GET Request : url=https://randomuser.me/api 
 path_url=/api 
 headers={'User-Agent': 'python-requests/2.31.0', 'Accept-Encoding': 'gzip, deflate', 'Accept': '*/*', 'Connection': 'keep-alive'} 
 body=None 
 </msg>
<msg time="2024-03-30T06:16:23.736954" level="INFO">GET Response : url=https://randomuser.me/api 
 status=200, reason=OK 
 headers={'Date': 'Sat, 30 Mar 2024 06:16:23 GMT', 'Content-Type': 'application/json; charset=utf-8', 'Transfer-Encoding': 'chunked', 'Connection': 'keep-alive', 'X-Powered-By': 'Express', 'Access-Control-Allow-Origin': '*', 'Cache-Control': 'no-cache', 'ETag': 'W/"494-/jVczk5ul9f1yxswPpg4Fa7c28A"', 'Vary': 'Accept-Encoding', 'Content-Encoding': 'gzip', 'CF-Cache-Status': 'DYNAMIC', 'Report-To': '{"endpoints":[{"url":"https:\\/\\/a.nel.cloudflare.com\\/report\\/v4?s=gmf8Az8riH08iFsF6mzOLHncbMrMUEqy6R40qDWUVzeOLMfZ4hV%2BMq2PhgN5oW2wpluf%2FyYwVNzx%2BoOIcb2tRZv17RQN%2FyG%2Bi%2Bjt%2Fo75xbaJDthmJTrS75j%2F4U88LgBR"}],"group":"cf-nel","max_age":604800}', 'NEL': '{"success_fraction":0,"report_to":"cf-nel","max_age":604800}', 'Server': 'cloudflare', 'CF-RAY': '86c5f87bcfb50612-IAD', 'alt-svc': 'h3=":443"; ma=86400'} 
 body={"results":[{"gender":"female","name":{"title":"Mrs","first":"Anni","last":"Hannula"},"location":{"street":{"number":4880,"name":"Hermiankatu"},"city":"Sotkamo","state":"Uusimaa","country":"Finland","postcode":14046,"coordinates":{"latitude":"-27.2976","longitude":"70.4110"},"timezone":{"offset":"+9:00","description":"Tokyo, Seoul, Osaka, Sapporo, Yakutsk"}},"email":"anni.hannula@example.com","login":{"uuid":"117d72df-0adb-4597-b908-21576ceb6525","username":"lazycat168","password":"187187","salt":"N1QtKDpM","md5":"939d6316414d81e2ad103dc632764710","sha1":"8788ed33ddec2de7037741ce3c41062008634f61","sha256":"01cf39a866f302e7053d540ccb4243edcd2cb218ce640577d803b5000eb85d8a"},"dob":{"date":"1964-01-25T03:07:50.464Z","age":60},"registered":{"date":"2011-02-23T09:37:38.749Z","age":13},"phone":"08-874-313","cell":"043-140-57-63","id":{"name":"HETU","value":"NaNNA566undefined"},"picture":{"large":"https://randomuser.me/api/portraits/women/42.jpg","medium":"https://randomuser.me/api/portraits/med/women/42.jpg","thumbnail":"https://randomuser.me/api/portraits/thumb/women/42.jpg"},"nat":"FI"}],"info":{"seed":"0df527b9958048ab","results":1,"page":1,"version":"1.4"}} 
 </msg>
<msg time="2024-03-30T06:16:23.737036" level="INFO">/opt/hostedtoolcache/Python/3.12.2/x64/lib/python3.12/site-packages/urllib3/connectionpool.py:1103: InsecureRequestWarning: Unverified HTTPS request is being made to host 'randomuser.me'. Adding certificate verification is strongly advised. See: https://urllib3.readthedocs.io/en/latest/advanced-usage.html#tls-warnings
  warnings.warn(</msg>
<msg time="2024-03-30T06:16:23.737144" level="INFO">${response} = &lt;Response [200]&gt;</msg>
<var>${response}</var>
<arg>consultarAPI</arg>
<arg>/api</arg>
<doc>Sends a GET request on a previously created HTTP Session.</doc>
<status status="PASS" start="2024-03-30T06:16:23.643059" elapsed="0.094127"/>
</kw>
<kw name="Set Variable" owner="BuiltIn">
<msg time="2024-03-30T06:16:23.738054" level="INFO">${json_data} = {'results': [{'gender': 'female', 'name': {'title': 'Mrs', 'first': 'Anni', 'last': 'Hannula'}, 'location': {'street': {'number': 4880, 'name': 'Hermiankatu'}, 'city': 'Sotkamo', 'state': 'Uusimaa', '...</msg>
<var>${json_data}</var>
<arg>${response.json()}</arg>
<doc>Returns the given values which can then be assigned to a variables.</doc>
<status status="PASS" start="2024-03-30T06:16:23.737625" elapsed="0.000456"/>
</kw>
<kw name="Set Variable" owner="BuiltIn">
<msg time="2024-03-30T06:16:23.738757" level="INFO">${name_title} = Mrs</msg>
<var>${name_title}</var>
<arg>${json_data["results"][0]["name"]["title"]}</arg>
<doc>Returns the given values which can then be assigned to a variables.</doc>
<status status="PASS" start="2024-03-30T06:16:23.738387" elapsed="0.000395"/>
</kw>
<kw name="Create List" owner="BuiltIn">
<msg time="2024-03-30T06:16:23.739263" level="INFO">${allowed_titles} = ['Mr', 'Ms', 'Miss', 'Mrs', 'Madame', 'Monsieur']</msg>
<var>${allowed_titles}</var>
<arg>Mr</arg>
<arg>Ms</arg>
<arg>Miss</arg>
<arg>Mrs</arg>
<arg>Madame</arg>
<arg>Monsieur</arg>
<doc>Returns a list containing given items.</doc>
<status status="PASS" start="2024-03-30T06:16:23.739096" elapsed="0.000191"/>
</kw>
<kw name="List Should Contain Value" owner="Collections">
<msg time="2024-03-30T06:16:23.739767" level="INFO">False</msg>
<arg>${allowed_titles}</arg>
<arg>${name_title}</arg>
<doc>Fails if the ``value`` is not found from ``list``.</doc>
<status status="PASS" start="2024-03-30T06:16:23.739594" elapsed="0.000209"/>
</kw>
<kw name="Set Variable" owner="BuiltIn">
<msg time="2024-03-30T06:16:23.740465" level="INFO">${name_country} = FI</msg>
<var>${name_country}</var>
<arg>${json_data["results"][0]["nat"]}</arg>
<doc>Returns the given values which can then be assigned to a variables.</doc>
<status status="PASS" start="2024-03-30T06:16:23.740091" elapsed="0.000399"/>
</kw>
<kw name="Create List" owner="BuiltIn">
<msg time="2024-03-30T06:16:23.741435" level="INFO">${list_country} = ['AD', 'AE', 'AF', 'AG', 'AI', 'AL', 'AM', 'AO', 'AQ', 'AR', 'AS', 'AT', 'AU', 'AW', 'AX', 'AZ', 'BA', 'BB', 'BD', 'BE', 'BF', 'BG', 'BH', 'BI', 'BJ', 'BL', 'BM', 'BN', 'BO', 'BQ', 'BR', 'BS', 'BT', '...</msg>
<var>${list_country}</var>
<arg>AD</arg>
<arg>AE</arg>
<arg>AF</arg>
<arg>AG</arg>
<arg>AI</arg>
<arg>AL</arg>
<arg>AM</arg>
<arg>AO</arg>
<arg>AQ</arg>
<arg>AR</arg>
<arg>AS</arg>
<arg>AT</arg>
<arg>AU</arg>
<arg>AW</arg>
<arg>AX</arg>
<arg>AZ</arg>
<arg>BA</arg>
<arg>BB</arg>
<arg>BD</arg>
<arg>BE</arg>
<arg>BF</arg>
<arg>BG</arg>
<arg>BH</arg>
<arg>BI</arg>
<arg>BJ</arg>
<arg>BL</arg>
<arg>BM</arg>
<arg>BN</arg>
<arg>BO</arg>
<arg>BQ</arg>
<arg>BR</arg>
<arg>BS</arg>
<arg>BT</arg>
<arg>BV</arg>
<arg>BW</arg>
<arg>BY</arg>
<arg>BZ</arg>
<arg>CA</arg>
<arg>CC</arg>
<arg>CD</arg>
<arg>CF</arg>
<arg>CG</arg>
<arg>CH</arg>
<arg>CI</arg>
<arg>CK</arg>
<arg>CL</arg>
<arg>CM</arg>
<arg>CN</arg>
<arg>CO</arg>
<arg>CR</arg>
<arg>CU</arg>
<arg>CV</arg>
<arg>CW</arg>
<arg>CX</arg>
<arg>CY</arg>
<arg>CZ</arg>
<arg>DE</arg>
<arg>DJ</arg>
<arg>DK</arg>
<arg>DM</arg>
<arg>DO</arg>
<arg>DZ</arg>
<arg>EC</arg>
<arg>EE</arg>
<arg>EG</arg>
<arg>EH</arg>
<arg>ER</arg>
<arg>ES</arg>
<arg>ET</arg>
<arg>FI</arg>
<arg>FJ</arg>
<arg>FK</arg>
<arg>FM</arg>
<arg>FO</arg>
<arg>FR</arg>
<arg>GA</arg>
<arg>GB</arg>
<arg>GD</arg>
<arg>GE</arg>
<arg>GF</arg>
<arg>GG</arg>
<arg>GH</arg>
<arg>GI</arg>
<arg>GL</arg>
<arg>GM</arg>
<arg>GN</arg>
<arg>GP</arg>
<arg>GQ</arg>
<arg>GR</arg>
<arg>GS</arg>
<arg>GT</arg>
<arg>GU</arg>
<arg>GW</arg>
<arg>GY</arg>
<arg>HK</arg>
<arg>HM</arg>
<arg>HN</arg>
<arg>HR</arg>
<arg>HT</arg>
<arg>HU</arg>
<arg>ID</arg>
<arg>IE</arg>
<arg>IL</arg>
<arg>IM</arg>
<arg>IN</arg>
<arg>IO</arg>
<arg>IQ</arg>
<arg>IR</arg>
<arg>IS</arg>
<arg>IT</arg>
<arg>JE</arg>
<arg>JM</arg>
<arg>JO</arg>
<arg>JP</arg>
<arg>KE</arg>
<arg>KG</arg>
<arg>KH</arg>
<arg>KI</arg>
<arg>KM</arg>
<arg>KN</arg>
<arg>KP</arg>
<arg>KR</arg>
<arg>KW</arg>
<arg>KY</arg>
<arg>KZ</arg>
<arg>LA</arg>
<arg>LB</arg>
<arg>LC</arg>
<arg>LI</arg>
<arg>LK</arg>
<arg>LR</arg>
<arg>LS</arg>
<arg>LT</arg>
<arg>LU</arg>
<arg>LV</arg>
<arg>LY</arg>
<arg>MA</arg>
<arg>MC</arg>
<arg>MD</arg>
<arg>ME</arg>
<arg>MF</arg>
<arg>MG</arg>
<arg>MH</arg>
<arg>MK</arg>
<arg>ML</arg>
<arg>MM</arg>
<arg>MN</arg>
<arg>MO</arg>
<arg>MP</arg>
<arg>MQ</arg>
<arg>MR</arg>
<arg>MS</arg>
<arg>MT</arg>
<arg>MU</arg>
<arg>MV</arg>
<arg>MW</arg>
<arg>MX</arg>
<arg>MY</arg>
<arg>MZ</arg>
<arg>NA</arg>
<arg>NC</arg>
<arg>NE</arg>
<arg>NF</arg>
<arg>NG</arg>
<arg>NI</arg>
<arg>NL</arg>
<arg>NO</arg>
<arg>NP</arg>
<arg>NR</arg>
<arg>NU</arg>
<arg>NZ</arg>
<arg>OM</arg>
<arg>PA</arg>
<arg>PE</arg>
<arg>PF</arg>
<arg>PG</arg>
<arg>PH</arg>
<arg>PK</arg>
<arg>PL</arg>
<arg>PM</arg>
<arg>PN</arg>
<arg>PR</arg>
<arg>PS</arg>
<arg>PT</arg>
<arg>PW</arg>
<arg>PY</arg>
<arg>QA</arg>
<arg>RE</arg>
<arg>RO</arg>
<arg>RS</arg>
<arg>RU</arg>
<arg>RW</arg>
<arg>SA</arg>
<arg>SB</arg>
<arg>SC</arg>
<arg>SD</arg>
<arg>SE</arg>
<arg>SG</arg>
<arg>SH</arg>
<arg>SI</arg>
<arg>SJ</arg>
<arg>SK</arg>
<arg>SL</arg>
<arg>SM</arg>
<arg>SN</arg>
<arg>SO</arg>
<arg>SR</arg>
<arg>SS</arg>
<arg>ST</arg>
<arg>SV</arg>
<arg>SX</arg>
<arg>SY</arg>
<arg>SZ</arg>
<arg>TC</arg>
<arg>TD</arg>
<arg>TF</arg>
<arg>TG</arg>
<arg>TH</arg>
<arg>TJ</arg>
<arg>TK</arg>
<arg>TL</arg>
<arg>TM</arg>
<arg>TN</arg>
<arg>TO</arg>
<arg>TR</arg>
<arg>TT</arg>
<arg>TV</arg>
<arg>TW</arg>
<arg>TZ</arg>
<arg>UA</arg>
<arg>UG</arg>
<arg>UM</arg>
<arg>US</arg>
<arg>UY</arg>
<arg>UZ</arg>
<arg>VA</arg>
<arg>VC</arg>
<arg>VE</arg>
<arg>VG</arg>
<arg>VI</arg>
<arg>VN</arg>
<arg>VU</arg>
<arg>WF</arg>
<arg>WS</arg>
<arg>XK</arg>
<arg>YE</arg>
<arg>YT</arg>
<arg>ZA</arg>
<arg>ZM</arg>
<arg>ZW</arg>
<doc>Returns a list containing given items.</doc>
<status status="PASS" start="2024-03-30T06:16:23.740801" elapsed="0.000660"/>
</kw>
<kw name="List Should Contain Value" owner="Collections">
<msg time="2024-03-30T06:16:23.742561" level="INFO">False</msg>
<arg>${list_country}</arg>
<arg>${name_country}</arg>
<doc>Fails if the ``value`` is not found from ``list``.</doc>
<status status="PASS" start="2024-03-30T06:16:23.742347" elapsed="0.000251"/>
</kw>
<kw name="Run Keyword If" owner="BuiltIn">
<kw name="Should Be True" owner="BuiltIn">
<arg>${True}</arg>
<doc>Fails if the given condition is not true.</doc>
<status status="PASS" start="2024-03-30T06:16:23.743665" elapsed="0.000147"/>
</kw>
<arg>${json_data["results"][0]["location"]["coordinates"]["latitude"]} &gt;= -90 and ${json_data["results"][0]["location"]["coordinates"]["latitude"]} &lt;= 90</arg>
<arg>Should Be True</arg>
<arg>${True}</arg>
<doc>Runs the given keyword with the given arguments, if ``condition`` is true.</doc>
<status status="PASS" start="2024-03-30T06:16:23.742909" elapsed="0.001035"/>
</kw>
<kw name="Run Keyword If" owner="BuiltIn">
<kw name="Should Be True" owner="BuiltIn">
<arg>${True}</arg>
<doc>Fails if the given condition is not true.</doc>
<status status="PASS" start="2024-03-30T06:16:23.744839" elapsed="0.000164"/>
</kw>
<arg>${json_data["results"][0]["location"]["coordinates"]["longitude"]} &gt;= -180 and ${json_data["results"][0]["location"]["coordinates"]["longitude"]} &lt;= 180</arg>
<arg>Should Be True</arg>
<arg>${True}</arg>
<doc>Runs the given keyword with the given arguments, if ``condition`` is true.</doc>
<status status="PASS" start="2024-03-30T06:16:23.744132" elapsed="0.001000"/>
</kw>
<status status="PASS" start="2024-03-30T06:16:23.642839" elapsed="0.102426"/>
</kw>
<doc>Testa o conteúdo específico dos campos retornados pela API.</doc>
<tag>testeConteudo</tag>
<status status="PASS" start="2024-03-30T06:16:23.642344" elapsed="0.103070"/>
</test>
<status status="PASS" start="2024-03-30T06:16:22.984881" elapsed="0.762387"/>
</suite>
<status status="PASS" start="2024-03-30T06:16:22.971368" elapsed="0.781147"/>
</suite>
<statistics>
<total>
<stat pass="5" fail="0" skip="0">All Tests</stat>
</total>
<tag>
<stat pass="1" fail="0" skip="0">testeConteudo</stat>
<stat pass="1" fail="0" skip="0">testeEstruturaResposta</stat>
<stat pass="1" fail="0" skip="0">testeRequisicaoBasica</stat>
<stat pass="1" fail="0" skip="0">testeTiposDados</stat>
</tag>
<suite>
<stat pass="5" fail="0" skip="0" id="s1" name="Tests">Tests</stat>
<stat pass="5" fail="0" skip="0" id="s1-s1" name="Random-User-Test">Tests.Random-User-Test</stat>
</suite>
</statistics>
<errors>
</errors>
</robot>
