<?xml version="1.0" encoding="UTF-8"?>
<robot generator="Robot 7.0.1 (Python 3.12.4 on linux)" generated="2024-07-22T09:19:21.653585" rpa="false" schemaversion="5">
<suite id="s1" name="Tests" source="/home/runner/work/ApiRandomUser/ApiRandomUser/RamdonUser/tests">
<suite id="s1-s1" name="Random-User-Test" source="/home/runner/work/ApiRandomUser/ApiRandomUser/RamdonUser/tests/random-user-test.robot">
<test id="s1-s1-t1" name="Conectar" line="13">
<kw name="Conectar API" owner="random-user-service">
<kw name="Create Session" owner="RequestsLibrary">
<msg time="2024-07-22T09:19:22.042082" level="INFO">Creating Session using : alias=consultarAPI, url=https://randomuser.me/, headers={},                     cookies={}, auth=None, timeout=None, proxies=None, verify=False,                     debug=0 </msg>
<arg>consultarAPI</arg>
<arg>${URL}</arg>
<doc>Create Session: create a HTTP session to a server</doc>
<status status="PASS" start="2024-07-22T09:19:22.041888" elapsed="0.000366"/>
</kw>
<status status="PASS" start="2024-07-22T09:19:22.040896" elapsed="0.001704"/>
</kw>
<status status="PASS" start="2024-07-22T09:19:22.040376" elapsed="0.002415"/>
</test>
<test id="s1-s1-t2" name="Validar retorno 200 e JSON Válido" line="16">
<kw name="Teste de Requisicao Basica" owner="random-user-service">
<kw name="GET On Session" owner="RequestsLibrary">
<msg time="2024-07-22T09:19:22.191991" level="INFO">GET Request : url=https://randomuser.me/api 
 path_url=/api 
 headers={'User-Agent': 'python-requests/2.32.3', 'Accept-Encoding': 'gzip, deflate', 'Accept': '*/*', 'Connection': 'keep-alive'} 
 body=None 
 </msg>
<msg time="2024-07-22T09:19:22.192153" level="INFO">GET Response : url=https://randomuser.me/api 
 status=200, reason=OK 
 headers={'Date': 'Mon, 22 Jul 2024 09:19:22 GMT', 'Content-Type': 'application/json; charset=utf-8', 'Transfer-Encoding': 'chunked', 'Connection': 'keep-alive', 'X-Powered-By': 'Express', 'Access-Control-Allow-Origin': '*', 'Cache-Control': 'no-cache', 'ETag': 'W/"4ad-Il/m9lXe8Y0iPlc6EzsqOIfCbN8"', 'Vary': 'Accept-Encoding', 'Content-Encoding': 'gzip', 'CF-Cache-Status': 'DYNAMIC', 'Report-To': '{"endpoints":[{"url":"https:\\/\\/a.nel.cloudflare.com\\/report\\/v4?s=Bfednyu%2Bu98EOP7h%2F8LuEcGlW910X6puxAx9SlVAJMU1mPwa7D4I6G7lBzodBpC70dmlpk1vYTefng6moDaRzUFVAnhLQlGoDdYekfVmZIgElr6%2BVX49NUMxmGX1VHtN"}],"group":"cf-nel","max_age":604800}', 'NEL': '{"success_fraction":0,"report_to":"cf-nel","max_age":604800}', 'Server': 'cloudflare', 'CF-RAY': '8a7259430ea1cea8-SJC', 'alt-svc': 'h3=":443"; ma=86400'} 
 body={"results":[{"gender":"female","name":{"title":"Ms","first":"Thessa","last":"Steenbakkers"},"location":{"street":{"number":5936,"name":"Groeningsestraat"},"city":"Saasveld","state":"Zuid-Holland","country":"Netherlands","postcode":"8495 NN","coordinates":{"latitude":"33.9305","longitude":"86.5295"},"timezone":{"offset":"+4:00","description":"Abu Dhabi, Muscat, Baku, Tbilisi"}},"email":"thessa.steenbakkers@example.com","login":{"uuid":"eae99abf-264e-49e8-9639-902362806915","username":"organicmouse143","password":"charity","salt":"zq5L3FvA","md5":"6425bcaa67fd01434066c32579710944","sha1":"43ab730f02718beed4e358168b6f38e69b2f70a7","sha256":"f669baa813565f60ec9cfb46fed30c76618601d30747105a62f0a88edbbfc307"},"dob":{"date":"1954-10-13T11:18:10.293Z","age":69},"registered":{"date":"2006-01-07T10:20:16.068Z","age":18},"phone":"(0797) 348172","cell":"(06) 16983769","id":{"name":"BSN","value":"04288905"},"picture":{"large":"https://randomuser.me/api/portraits/women/40.jpg","medium":"https://randomuser.me/api/portraits/med/women/40.jpg","thumbnail":"https://randomuser.me/api/portraits/thumb/women/40.jpg"},"nat":"NL"}],"info":{"seed":"375d786e8a6f1398","results":1,"page":1,"version":"1.4"}} 
 </msg>
<msg time="2024-07-22T09:19:22.192242" level="INFO">/opt/hostedtoolcache/Python/3.12.4/x64/lib/python3.12/site-packages/urllib3/connectionpool.py:1099: InsecureRequestWarning: Unverified HTTPS request is being made to host 'randomuser.me'. Adding certificate verification is strongly advised. See: https://urllib3.readthedocs.io/en/latest/advanced-usage.html#tls-warnings
  warnings.warn(</msg>
<msg time="2024-07-22T09:19:22.192380" level="INFO">${response} = &lt;Response [200]&gt;</msg>
<var>${response}</var>
<arg>consultarAPI</arg>
<arg>/api</arg>
<doc>Sends a GET request on a previously created HTTP Session.</doc>
<status status="PASS" start="2024-07-22T09:19:22.045352" elapsed="0.147072"/>
</kw>
<kw name="Should Be Equal As Numbers" owner="BuiltIn">
<msg time="2024-07-22T09:19:22.193418" level="INFO">Argument types are:
&lt;class 'int'&gt;
&lt;class 'str'&gt;</msg>
<arg>${response.status_code}</arg>
<arg>200</arg>
<doc>Fails if objects are unequal after converting them to real numbers.</doc>
<status status="PASS" start="2024-07-22T09:19:22.192945" elapsed="0.000539"/>
</kw>
<kw name="Log" owner="BuiltIn">
<msg time="2024-07-22T09:19:22.194222" level="INFO">200</msg>
<arg>${response.status_code}</arg>
<doc>Logs the given message with the given level.</doc>
<status status="PASS" start="2024-07-22T09:19:22.193827" elapsed="0.000459"/>
</kw>
<kw name="Set Variable" owner="BuiltIn">
<msg time="2024-07-22T09:19:22.195052" level="INFO">${json_data} = {'results': [{'gender': 'female', 'name': {'title': 'Ms', 'first': 'Thessa', 'last': 'Steenbakkers'}, 'location': {'street': {'number': 5936, 'name': 'Groeningsestraat'}, 'city': 'Saasveld', 'state': ...</msg>
<var>${json_data}</var>
<arg>${response.json()}</arg>
<doc>Returns the given values which can then be assigned to a variables.</doc>
<status status="PASS" start="2024-07-22T09:19:22.194617" elapsed="0.000463"/>
</kw>
<kw name="Dictionary Should Contain Key" owner="Collections">
<arg>${json_data}</arg>
<arg>results</arg>
<doc>Fails if ``key`` is not found from ``dictionary``.</doc>
<status status="PASS" start="2024-07-22T09:19:22.195392" elapsed="0.000346"/>
</kw>
<status status="PASS" start="2024-07-22T09:19:22.045110" elapsed="0.150806"/>
</kw>
<doc>Testa se a API responde corretamente e retorna um objeto JSON válido.</doc>
<tag>testeRequisicaoBasica</tag>
<status status="PASS" start="2024-07-22T09:19:22.044645" elapsed="0.151462"/>
</test>
<test id="s1-s1-t3" name="Validar estrutura de resposta" line="22">
<kw name="Teste de Estrutura de Resposta" owner="random-user-service">
<kw name="GET On Session" owner="RequestsLibrary">
<msg time="2024-07-22T09:19:22.288563" level="INFO">GET Request : url=https://randomuser.me/api 
 path_url=/api 
 headers={'User-Agent': 'python-requests/2.32.3', 'Accept-Encoding': 'gzip, deflate', 'Accept': '*/*', 'Connection': 'keep-alive'} 
 body=None 
 </msg>
<msg time="2024-07-22T09:19:22.288650" level="INFO">GET Response : url=https://randomuser.me/api 
 status=200, reason=OK 
 headers={'Date': 'Mon, 22 Jul 2024 09:19:22 GMT', 'Content-Type': 'application/json; charset=utf-8', 'Transfer-Encoding': 'chunked', 'Connection': 'keep-alive', 'X-Powered-By': 'Express', 'Access-Control-Allow-Origin': '*', 'Cache-Control': 'no-cache', 'ETag': 'W/"48d-IvTguKY5AE+f2LYWaG6EKMZHIgg"', 'Vary': 'Accept-Encoding', 'Content-Encoding': 'gzip', 'CF-Cache-Status': 'DYNAMIC', 'Report-To': '{"endpoints":[{"url":"https:\\/\\/a.nel.cloudflare.com\\/report\\/v4?s=grf5op5m9Q5453Q4djTuA3XGfQ%2FbT5TrUDozgfPOWzgoapaGbKDuklb0KZSNFDM6kwxzP8jq2M0P2RR%2FzDVORH5DhBuKnJilOEZGazNSBJfAwLFLLhHUEODW6%2B%2BIT%2Fdw"}],"group":"cf-nel","max_age":604800}', 'NEL': '{"success_fraction":0,"report_to":"cf-nel","max_age":604800}', 'Server': 'cloudflare', 'CF-RAY': '8a725943cf19cea8-SJC', 'alt-svc': 'h3=":443"; ma=86400'} 
 body={"results":[{"gender":"female","name":{"title":"Mrs","first":"Sara","last":"Jackson"},"location":{"street":{"number":983,"name":"Dogwood Ave"},"city":"Wollongong","state":"Queensland","country":"Australia","postcode":3798,"coordinates":{"latitude":"-86.4687","longitude":"75.8768"},"timezone":{"offset":"-1:00","description":"Azores, Cape Verde Islands"}},"email":"sara.jackson@example.com","login":{"uuid":"d75612f6-f70b-474f-b1e7-1f756c6c47a7","username":"lazybutterfly965","password":"tomcat","salt":"CaTBq9Tf","md5":"495b4dbfc9b93d04f4d110728e05a35e","sha1":"86c8b491e13af51af937c219fcb4d2e66acebcff","sha256":"50a51f0d903ec30f76d3548437341e4deba731b25f39a8284a050b881360e305"},"dob":{"date":"1972-11-22T17:53:41.671Z","age":51},"registered":{"date":"2009-06-22T07:43:57.051Z","age":15},"phone":"07-3724-6447","cell":"0471-705-757","id":{"name":"TFN","value":"756294963"},"picture":{"large":"https://randomuser.me/api/portraits/women/40.jpg","medium":"https://randomuser.me/api/portraits/med/women/40.jpg","thumbnail":"https://randomuser.me/api/portraits/thumb/women/40.jpg"},"nat":"AU"}],"info":{"seed":"b4bea45ff21c85c7","results":1,"page":1,"version":"1.4"}} 
 </msg>
<msg time="2024-07-22T09:19:22.288780" level="INFO">/opt/hostedtoolcache/Python/3.12.4/x64/lib/python3.12/site-packages/urllib3/connectionpool.py:1099: InsecureRequestWarning: Unverified HTTPS request is being made to host 'randomuser.me'. Adding certificate verification is strongly advised. See: https://urllib3.readthedocs.io/en/latest/advanced-usage.html#tls-warnings
  warnings.warn(</msg>
<msg time="2024-07-22T09:19:22.288908" level="INFO">${response} = &lt;Response [200]&gt;</msg>
<var>${response}</var>
<arg>consultarAPI</arg>
<arg>/api</arg>
<doc>Sends a GET request on a previously created HTTP Session.</doc>
<status status="PASS" start="2024-07-22T09:19:22.198658" elapsed="0.090300"/>
</kw>
<kw name="Set Variable" owner="BuiltIn">
<msg time="2024-07-22T09:19:22.289845" level="INFO">${json_data} = {'results': [{'gender': 'female', 'name': {'title': 'Mrs', 'first': 'Sara', 'last': 'Jackson'}, 'location': {'street': {'number': 983, 'name': 'Dogwood Ave'}, 'city': 'Wollongong', 'state': 'Queenslan...</msg>
<var>${json_data}</var>
<arg>${response.json()}</arg>
<doc>Returns the given values which can then be assigned to a variables.</doc>
<status status="PASS" start="2024-07-22T09:19:22.289382" elapsed="0.000492"/>
</kw>
<kw name="Log" owner="BuiltIn">
<msg time="2024-07-22T09:19:22.290340" level="INFO">{'results': [{'gender': 'female', 'name': {'title': 'Mrs', 'first': 'Sara', 'last': 'Jackson'}, 'location': {'street': {'number': 983, 'name': 'Dogwood Ave'}, 'city': 'Wollongong', 'state': 'Queensland', 'country': 'Australia', 'postcode': 3798, 'coordinates': {'latitude': '-86.4687', 'longitude': '75.8768'}, 'timezone': {'offset': '-1:00', 'description': 'Azores, Cape Verde Islands'}}, 'email': 'sara.jackson@example.com', 'login': {'uuid': 'd75612f6-f70b-474f-b1e7-1f756c6c47a7', 'username': 'lazybutterfly965', 'password': 'tomcat', 'salt': 'CaTBq9Tf', 'md5': '495b4dbfc9b93d04f4d110728e05a35e', 'sha1': '86c8b491e13af51af937c219fcb4d2e66acebcff', 'sha256': '50a51f0d903ec30f76d3548437341e4deba731b25f39a8284a050b881360e305'}, 'dob': {'date': '1972-11-22T17:53:41.671Z', 'age': 51}, 'registered': {'date': '2009-06-22T07:43:57.051Z', 'age': 15}, 'phone': '07-3724-6447', 'cell': '0471-705-757', 'id': {'name': 'TFN', 'value': '756294963'}, 'picture': {'large': 'https://randomuser.me/api/portraits/women/40.jpg', 'medium': 'https://randomuser.me/api/portraits/med/women/40.jpg', 'thumbnail': 'https://randomuser.me/api/portraits/thumb/women/40.jpg'}, 'nat': 'AU'}], 'info': {'seed': 'b4bea45ff21c85c7', 'results': 1, 'page': 1, 'version': '1.4'}}</msg>
<arg>${json_data}</arg>
<doc>Logs the given message with the given level.</doc>
<status status="PASS" start="2024-07-22T09:19:22.290181" elapsed="0.000209"/>
</kw>
<kw name="Dictionary Should Contain Key" owner="Collections">
<arg>${json_data}</arg>
<arg>results</arg>
<doc>Fails if ``key`` is not found from ``dictionary``.</doc>
<status status="PASS" start="2024-07-22T09:19:22.290681" elapsed="0.000161"/>
</kw>
<kw name="Should Not Be Empty" owner="BuiltIn">
<msg time="2024-07-22T09:19:22.291155" level="INFO">Length is 2.</msg>
<arg>${json_data}</arg>
<doc>Verifies that the given item is not empty.</doc>
<status status="PASS" start="2024-07-22T09:19:22.291026" elapsed="0.000167"/>
</kw>
<kw name="Create List" owner="BuiltIn">
<msg time="2024-07-22T09:19:22.291623" level="INFO">${expected_keys} = ['gender', 'name', 'location', 'email', 'login']</msg>
<var>${expected_keys}</var>
<arg>gender</arg>
<arg>name</arg>
<arg>location</arg>
<arg>email</arg>
<arg>login</arg>
<doc>Returns a list containing given items.</doc>
<status status="PASS" start="2024-07-22T09:19:22.291476" elapsed="0.000170"/>
</kw>
<for flavor="IN">
<iter>
<kw name="Dictionary Should Contain Key" owner="Collections">
<arg>${json_data['results'][0]}</arg>
<arg>${key}</arg>
<doc>Fails if ``key`` is not found from ``dictionary``.</doc>
<status status="PASS" start="2024-07-22T09:19:22.292254" elapsed="0.000417"/>
</kw>
<kw name="Log" owner="BuiltIn">
<msg time="2024-07-22T09:19:22.293209" level="INFO">{'gender': 'female', 'name': {'title': 'Mrs', 'first': 'Sara', 'last': 'Jackson'}, 'location': {'street': {'number': 983, 'name': 'Dogwood Ave'}, 'city': 'Wollongong', 'state': 'Queensland', 'country': 'Australia', 'postcode': 3798, 'coordinates': {'latitude': '-86.4687', 'longitude': '75.8768'}, 'timezone': {'offset': '-1:00', 'description': 'Azores, Cape Verde Islands'}}, 'email': 'sara.jackson@example.com', 'login': {'uuid': 'd75612f6-f70b-474f-b1e7-1f756c6c47a7', 'username': 'lazybutterfly965', 'password': 'tomcat', 'salt': 'CaTBq9Tf', 'md5': '495b4dbfc9b93d04f4d110728e05a35e', 'sha1': '86c8b491e13af51af937c219fcb4d2e66acebcff', 'sha256': '50a51f0d903ec30f76d3548437341e4deba731b25f39a8284a050b881360e305'}, 'dob': {'date': '1972-11-22T17:53:41.671Z', 'age': 51}, 'registered': {'date': '2009-06-22T07:43:57.051Z', 'age': 15}, 'phone': '07-3724-6447', 'cell': '0471-705-757', 'id': {'name': 'TFN', 'value': '756294963'}, 'picture': {'large': 'https://randomuser.me/api/portraits/women/40.jpg', 'medium': 'https://randomuser.me/api/portraits/med/women/40.jpg', 'thumbnail': 'https://randomuser.me/api/portraits/thumb/women/40.jpg'}, 'nat': 'AU'}</msg>
<arg>${json_data['results'][0]}</arg>
<doc>Logs the given message with the given level.</doc>
<status status="PASS" start="2024-07-22T09:19:22.292858" elapsed="0.000402"/>
</kw>
<kw name="Log" owner="BuiltIn">
<msg time="2024-07-22T09:19:22.293685" level="INFO">gender</msg>
<arg>${key}</arg>
<doc>Logs the given message with the given level.</doc>
<status status="PASS" start="2024-07-22T09:19:22.293559" elapsed="0.000163"/>
</kw>
<var name="${key}">gender</var>
<status status="PASS" start="2024-07-22T09:19:22.292129" elapsed="0.001807"/>
</iter>
<iter>
<kw name="Dictionary Should Contain Key" owner="Collections">
<arg>${json_data['results'][0]}</arg>
<arg>${key}</arg>
<doc>Fails if ``key`` is not found from ``dictionary``.</doc>
<status status="PASS" start="2024-07-22T09:19:22.294226" elapsed="0.000382"/>
</kw>
<kw name="Log" owner="BuiltIn">
<msg time="2024-07-22T09:19:22.295141" level="INFO">{'gender': 'female', 'name': {'title': 'Mrs', 'first': 'Sara', 'last': 'Jackson'}, 'location': {'street': {'number': 983, 'name': 'Dogwood Ave'}, 'city': 'Wollongong', 'state': 'Queensland', 'country': 'Australia', 'postcode': 3798, 'coordinates': {'latitude': '-86.4687', 'longitude': '75.8768'}, 'timezone': {'offset': '-1:00', 'description': 'Azores, Cape Verde Islands'}}, 'email': 'sara.jackson@example.com', 'login': {'uuid': 'd75612f6-f70b-474f-b1e7-1f756c6c47a7', 'username': 'lazybutterfly965', 'password': 'tomcat', 'salt': 'CaTBq9Tf', 'md5': '495b4dbfc9b93d04f4d110728e05a35e', 'sha1': '86c8b491e13af51af937c219fcb4d2e66acebcff', 'sha256': '50a51f0d903ec30f76d3548437341e4deba731b25f39a8284a050b881360e305'}, 'dob': {'date': '1972-11-22T17:53:41.671Z', 'age': 51}, 'registered': {'date': '2009-06-22T07:43:57.051Z', 'age': 15}, 'phone': '07-3724-6447', 'cell': '0471-705-757', 'id': {'name': 'TFN', 'value': '756294963'}, 'picture': {'large': 'https://randomuser.me/api/portraits/women/40.jpg', 'medium': 'https://randomuser.me/api/portraits/med/women/40.jpg', 'thumbnail': 'https://randomuser.me/api/portraits/thumb/women/40.jpg'}, 'nat': 'AU'}</msg>
<arg>${json_data['results'][0]}</arg>
<doc>Logs the given message with the given level.</doc>
<status status="PASS" start="2024-07-22T09:19:22.294787" elapsed="0.000447"/>
</kw>
<kw name="Log" owner="BuiltIn">
<msg time="2024-07-22T09:19:22.295658" level="INFO">name</msg>
<arg>${key}</arg>
<doc>Logs the given message with the given level.</doc>
<status status="PASS" start="2024-07-22T09:19:22.295527" elapsed="0.000169"/>
</kw>
<var name="${key}">name</var>
<status status="PASS" start="2024-07-22T09:19:22.294117" elapsed="0.001820"/>
</iter>
<iter>
<kw name="Dictionary Should Contain Key" owner="Collections">
<arg>${json_data['results'][0]}</arg>
<arg>${key}</arg>
<doc>Fails if ``key`` is not found from ``dictionary``.</doc>
<status status="PASS" start="2024-07-22T09:19:22.296221" elapsed="0.000378"/>
</kw>
<kw name="Log" owner="BuiltIn">
<msg time="2024-07-22T09:19:22.297137" level="INFO">{'gender': 'female', 'name': {'title': 'Mrs', 'first': 'Sara', 'last': 'Jackson'}, 'location': {'street': {'number': 983, 'name': 'Dogwood Ave'}, 'city': 'Wollongong', 'state': 'Queensland', 'country': 'Australia', 'postcode': 3798, 'coordinates': {'latitude': '-86.4687', 'longitude': '75.8768'}, 'timezone': {'offset': '-1:00', 'description': 'Azores, Cape Verde Islands'}}, 'email': 'sara.jackson@example.com', 'login': {'uuid': 'd75612f6-f70b-474f-b1e7-1f756c6c47a7', 'username': 'lazybutterfly965', 'password': 'tomcat', 'salt': 'CaTBq9Tf', 'md5': '495b4dbfc9b93d04f4d110728e05a35e', 'sha1': '86c8b491e13af51af937c219fcb4d2e66acebcff', 'sha256': '50a51f0d903ec30f76d3548437341e4deba731b25f39a8284a050b881360e305'}, 'dob': {'date': '1972-11-22T17:53:41.671Z', 'age': 51}, 'registered': {'date': '2009-06-22T07:43:57.051Z', 'age': 15}, 'phone': '07-3724-6447', 'cell': '0471-705-757', 'id': {'name': 'TFN', 'value': '756294963'}, 'picture': {'large': 'https://randomuser.me/api/portraits/women/40.jpg', 'medium': 'https://randomuser.me/api/portraits/med/women/40.jpg', 'thumbnail': 'https://randomuser.me/api/portraits/thumb/women/40.jpg'}, 'nat': 'AU'}</msg>
<arg>${json_data['results'][0]}</arg>
<doc>Logs the given message with the given level.</doc>
<status status="PASS" start="2024-07-22T09:19:22.296785" elapsed="0.000401"/>
</kw>
<kw name="Log" owner="BuiltIn">
<msg time="2024-07-22T09:19:22.297606" level="INFO">location</msg>
<arg>${key}</arg>
<doc>Logs the given message with the given level.</doc>
<status status="PASS" start="2024-07-22T09:19:22.297482" elapsed="0.000161"/>
</kw>
<var name="${key}">location</var>
<status status="PASS" start="2024-07-22T09:19:22.296113" elapsed="0.001742"/>
</iter>
<iter>
<kw name="Dictionary Should Contain Key" owner="Collections">
<arg>${json_data['results'][0]}</arg>
<arg>${key}</arg>
<doc>Fails if ``key`` is not found from ``dictionary``.</doc>
<status status="PASS" start="2024-07-22T09:19:22.298138" elapsed="0.000377"/>
</kw>
<kw name="Log" owner="BuiltIn">
<msg time="2024-07-22T09:19:22.299165" level="INFO">{'gender': 'female', 'name': {'title': 'Mrs', 'first': 'Sara', 'last': 'Jackson'}, 'location': {'street': {'number': 983, 'name': 'Dogwood Ave'}, 'city': 'Wollongong', 'state': 'Queensland', 'country': 'Australia', 'postcode': 3798, 'coordinates': {'latitude': '-86.4687', 'longitude': '75.8768'}, 'timezone': {'offset': '-1:00', 'description': 'Azores, Cape Verde Islands'}}, 'email': 'sara.jackson@example.com', 'login': {'uuid': 'd75612f6-f70b-474f-b1e7-1f756c6c47a7', 'username': 'lazybutterfly965', 'password': 'tomcat', 'salt': 'CaTBq9Tf', 'md5': '495b4dbfc9b93d04f4d110728e05a35e', 'sha1': '86c8b491e13af51af937c219fcb4d2e66acebcff', 'sha256': '50a51f0d903ec30f76d3548437341e4deba731b25f39a8284a050b881360e305'}, 'dob': {'date': '1972-11-22T17:53:41.671Z', 'age': 51}, 'registered': {'date': '2009-06-22T07:43:57.051Z', 'age': 15}, 'phone': '07-3724-6447', 'cell': '0471-705-757', 'id': {'name': 'TFN', 'value': '756294963'}, 'picture': {'large': 'https://randomuser.me/api/portraits/women/40.jpg', 'medium': 'https://randomuser.me/api/portraits/med/women/40.jpg', 'thumbnail': 'https://randomuser.me/api/portraits/thumb/women/40.jpg'}, 'nat': 'AU'}</msg>
<arg>${json_data['results'][0]}</arg>
<doc>Logs the given message with the given level.</doc>
<status status="PASS" start="2024-07-22T09:19:22.298814" elapsed="0.000401"/>
</kw>
<kw name="Log" owner="BuiltIn">
<msg time="2024-07-22T09:19:22.299633" level="INFO">email</msg>
<arg>${key}</arg>
<doc>Logs the given message with the given level.</doc>
<status status="PASS" start="2024-07-22T09:19:22.299507" elapsed="0.000163"/>
</kw>
<var name="${key}">email</var>
<status status="PASS" start="2024-07-22T09:19:22.298025" elapsed="0.001882"/>
</iter>
<iter>
<kw name="Dictionary Should Contain Key" owner="Collections">
<arg>${json_data['results'][0]}</arg>
<arg>${key}</arg>
<doc>Fails if ``key`` is not found from ``dictionary``.</doc>
<status status="PASS" start="2024-07-22T09:19:22.300257" elapsed="0.000450"/>
</kw>
<kw name="Log" owner="BuiltIn">
<msg time="2024-07-22T09:19:22.301303" level="INFO">{'gender': 'female', 'name': {'title': 'Mrs', 'first': 'Sara', 'last': 'Jackson'}, 'location': {'street': {'number': 983, 'name': 'Dogwood Ave'}, 'city': 'Wollongong', 'state': 'Queensland', 'country': 'Australia', 'postcode': 3798, 'coordinates': {'latitude': '-86.4687', 'longitude': '75.8768'}, 'timezone': {'offset': '-1:00', 'description': 'Azores, Cape Verde Islands'}}, 'email': 'sara.jackson@example.com', 'login': {'uuid': 'd75612f6-f70b-474f-b1e7-1f756c6c47a7', 'username': 'lazybutterfly965', 'password': 'tomcat', 'salt': 'CaTBq9Tf', 'md5': '495b4dbfc9b93d04f4d110728e05a35e', 'sha1': '86c8b491e13af51af937c219fcb4d2e66acebcff', 'sha256': '50a51f0d903ec30f76d3548437341e4deba731b25f39a8284a050b881360e305'}, 'dob': {'date': '1972-11-22T17:53:41.671Z', 'age': 51}, 'registered': {'date': '2009-06-22T07:43:57.051Z', 'age': 15}, 'phone': '07-3724-6447', 'cell': '0471-705-757', 'id': {'name': 'TFN', 'value': '756294963'}, 'picture': {'large': 'https://randomuser.me/api/portraits/women/40.jpg', 'medium': 'https://randomuser.me/api/portraits/med/women/40.jpg', 'thumbnail': 'https://randomuser.me/api/portraits/thumb/women/40.jpg'}, 'nat': 'AU'}</msg>
<arg>${json_data['results'][0]}</arg>
<doc>Logs the given message with the given level.</doc>
<status status="PASS" start="2024-07-22T09:19:22.300918" elapsed="0.000433"/>
</kw>
<kw name="Log" owner="BuiltIn">
<msg time="2024-07-22T09:19:22.301836" level="INFO">login</msg>
<arg>${key}</arg>
<doc>Logs the given message with the given level.</doc>
<status status="PASS" start="2024-07-22T09:19:22.301710" elapsed="0.000162"/>
</kw>
<var name="${key}">login</var>
<status status="PASS" start="2024-07-22T09:19:22.300105" elapsed="0.001997"/>
</iter>
<var>${key}</var>
<value>@{expected_keys}</value>
<status status="PASS" start="2024-07-22T09:19:22.291934" elapsed="0.010291"/>
</for>
<kw name="Create List" owner="BuiltIn">
<msg time="2024-07-22T09:19:22.302540" level="INFO">${expected_keysTwo} = ['username', 'password']</msg>
<var>${expected_keysTwo}</var>
<arg>username</arg>
<arg>password</arg>
<doc>Returns a list containing given items.</doc>
<status status="PASS" start="2024-07-22T09:19:22.302409" elapsed="0.000183"/>
</kw>
<for flavor="IN">
<iter>
<kw name="Dictionary Should Contain Key" owner="Collections">
<arg>${json_data['results'][0]['login']}</arg>
<arg>${keyTwo}</arg>
<doc>Fails if ``key`` is not found from ``dictionary``.</doc>
<status status="PASS" start="2024-07-22T09:19:22.303121" elapsed="0.000443"/>
</kw>
<kw name="Dictionary Should Contain Key" owner="Collections">
<arg>${json_data['results'][0]['login']}</arg>
<arg>${keyTwo}</arg>
<doc>Fails if ``key`` is not found from ``dictionary``.</doc>
<status status="PASS" start="2024-07-22T09:19:22.303743" elapsed="0.000504"/>
</kw>
<kw name="Log" owner="BuiltIn">
<msg time="2024-07-22T09:19:22.304589" level="INFO">username</msg>
<arg>${keyTwo}</arg>
<doc>Logs the given message with the given level.</doc>
<status status="PASS" start="2024-07-22T09:19:22.304428" elapsed="0.000199"/>
</kw>
<var name="${keyTwo}">username</var>
<status status="PASS" start="2024-07-22T09:19:22.303016" elapsed="0.001874"/>
</iter>
<iter>
<kw name="Dictionary Should Contain Key" owner="Collections">
<arg>${json_data['results'][0]['login']}</arg>
<arg>${keyTwo}</arg>
<doc>Fails if ``key`` is not found from ``dictionary``.</doc>
<status status="PASS" start="2024-07-22T09:19:22.305211" elapsed="0.000464"/>
</kw>
<kw name="Dictionary Should Contain Key" owner="Collections">
<arg>${json_data['results'][0]['login']}</arg>
<arg>${keyTwo}</arg>
<doc>Fails if ``key`` is not found from ``dictionary``.</doc>
<status status="PASS" start="2024-07-22T09:19:22.305900" elapsed="0.000465"/>
</kw>
<kw name="Log" owner="BuiltIn">
<msg time="2024-07-22T09:19:22.306742" level="INFO">password</msg>
<arg>${keyTwo}</arg>
<doc>Logs the given message with the given level.</doc>
<status status="PASS" start="2024-07-22T09:19:22.306583" elapsed="0.000203"/>
</kw>
<var name="${keyTwo}">password</var>
<status status="PASS" start="2024-07-22T09:19:22.305102" elapsed="0.001947"/>
</iter>
<var>${keyTwo}</var>
<value>@{expected_keysTwo}</value>
<status status="PASS" start="2024-07-22T09:19:22.302864" elapsed="0.004303"/>
</for>
<status status="PASS" start="2024-07-22T09:19:22.198425" elapsed="0.108931"/>
</kw>
<doc>Testa a estrutura da resposta da API.</doc>
<tag>testeEstruturaResposta</tag>
<status status="PASS" start="2024-07-22T09:19:22.197939" elapsed="0.109611"/>
</test>
<test id="s1-s1-t4" name="Validar tipos de dados" line="28">
<kw name="Teste de Tipos de Dados" owner="random-user-service">
<kw name="GET On Session" owner="RequestsLibrary">
<msg time="2024-07-22T09:19:22.398195" level="INFO">GET Request : url=https://randomuser.me/api 
 path_url=/api 
 headers={'User-Agent': 'python-requests/2.32.3', 'Accept-Encoding': 'gzip, deflate', 'Accept': '*/*', 'Connection': 'keep-alive'} 
 body=None 
 </msg>
<msg time="2024-07-22T09:19:22.398277" level="INFO">GET Response : url=https://randomuser.me/api 
 status=200, reason=OK 
 headers={'Date': 'Mon, 22 Jul 2024 09:19:22 GMT', 'Content-Type': 'application/json; charset=utf-8', 'Transfer-Encoding': 'chunked', 'Connection': 'keep-alive', 'X-Powered-By': 'Express', 'Access-Control-Allow-Origin': '*', 'Cache-Control': 'no-cache', 'ETag': 'W/"492-HpCe2HmsOy15jLgC8mnA26awp2Q"', 'Vary': 'Accept-Encoding', 'Content-Encoding': 'gzip', 'CF-Cache-Status': 'DYNAMIC', 'Report-To': '{"endpoints":[{"url":"https:\\/\\/a.nel.cloudflare.com\\/report\\/v4?s=m1vTex3%2BevMAWUd6uqi9mYYMO3mMme1Q6CiFjPDgHK5DoCHNF9X9YQSJzuAzENNHz2K0hd%2Bra5zyC%2BgvDNHsLsqkCVV8JRz3LWbp8PVI9BPtAloe1giJMvn8QtJjpuFf"}],"group":"cf-nel","max_age":604800}', 'NEL': '{"success_fraction":0,"report_to":"cf-nel","max_age":604800}', 'Server': 'cloudflare', 'CF-RAY': '8a7259447f92cea8-SJC', 'alt-svc': 'h3=":443"; ma=86400'} 
 body={"results":[{"gender":"female","name":{"title":"Ms","first":"Harper","last":"Campbell"},"location":{"street":{"number":6634,"name":"Grand Ave"},"city":"Fountainbleu","state":"Prince Edward Island","country":"Canada","postcode":"V5L 9O1","coordinates":{"latitude":"-64.3711","longitude":"148.6000"},"timezone":{"offset":"-2:00","description":"Mid-Atlantic"}},"email":"harper.campbell@example.com","login":{"uuid":"82b6a85b-de7c-4bd4-9860-4af3fa0930a7","username":"angryelephant697","password":"genius","salt":"6CXR1teG","md5":"effc4a4e1a54315d9d5f3fc960087e40","sha1":"068cec5cbf92584bef28bce9f263e9d941ef5a0c","sha256":"f3562c20847b2d96eaa6d8006ba7b84d9a1beddbb4429cfefa26e0dea8c97a3b"},"dob":{"date":"1998-01-23T12:39:38.303Z","age":26},"registered":{"date":"2006-10-29T12:36:31.976Z","age":17},"phone":"Q05 F06-4005","cell":"T09 V46-0571","id":{"name":"SIN","value":"061222022"},"picture":{"large":"https://randomuser.me/api/portraits/women/91.jpg","medium":"https://randomuser.me/api/portraits/med/women/91.jpg","thumbnail":"https://randomuser.me/api/portraits/thumb/women/91.jpg"},"nat":"CA"}],"info":{"seed":"b9eb3e3476e3a7e4","results":1,"page":1,"version":"1.4"}} 
 </msg>
<msg time="2024-07-22T09:19:22.398354" level="INFO">/opt/hostedtoolcache/Python/3.12.4/x64/lib/python3.12/site-packages/urllib3/connectionpool.py:1099: InsecureRequestWarning: Unverified HTTPS request is being made to host 'randomuser.me'. Adding certificate verification is strongly advised. See: https://urllib3.readthedocs.io/en/latest/advanced-usage.html#tls-warnings
  warnings.warn(</msg>
<msg time="2024-07-22T09:19:22.398451" level="INFO">${response} = &lt;Response [200]&gt;</msg>
<var>${response}</var>
<arg>consultarAPI</arg>
<arg>/api</arg>
<doc>Sends a GET request on a previously created HTTP Session.</doc>
<status status="PASS" start="2024-07-22T09:19:22.310537" elapsed="0.087955"/>
</kw>
<kw name="Set Variable" owner="BuiltIn">
<msg time="2024-07-22T09:19:22.399381" level="INFO">${json_data} = {'results': [{'gender': 'female', 'name': {'title': 'Ms', 'first': 'Harper', 'last': 'Campbell'}, 'location': {'street': {'number': 6634, 'name': 'Grand Ave'}, 'city': 'Fountainbleu', 'state': 'Prince...</msg>
<var>${json_data}</var>
<arg>${response.json()}</arg>
<doc>Returns the given values which can then be assigned to a variables.</doc>
<status status="PASS" start="2024-07-22T09:19:22.398897" elapsed="0.000512"/>
</kw>
<kw name="Log" owner="BuiltIn">
<msg time="2024-07-22T09:19:22.399876" level="INFO">{'results': [{'gender': 'female', 'name': {'title': 'Ms', 'first': 'Harper', 'last': 'Campbell'}, 'location': {'street': {'number': 6634, 'name': 'Grand Ave'}, 'city': 'Fountainbleu', 'state': 'Prince Edward Island', 'country': 'Canada', 'postcode': 'V5L 9O1', 'coordinates': {'latitude': '-64.3711', 'longitude': '148.6000'}, 'timezone': {'offset': '-2:00', 'description': 'Mid-Atlantic'}}, 'email': 'harper.campbell@example.com', 'login': {'uuid': '82b6a85b-de7c-4bd4-9860-4af3fa0930a7', 'username': 'angryelephant697', 'password': 'genius', 'salt': '6CXR1teG', 'md5': 'effc4a4e1a54315d9d5f3fc960087e40', 'sha1': '068cec5cbf92584bef28bce9f263e9d941ef5a0c', 'sha256': 'f3562c20847b2d96eaa6d8006ba7b84d9a1beddbb4429cfefa26e0dea8c97a3b'}, 'dob': {'date': '1998-01-23T12:39:38.303Z', 'age': 26}, 'registered': {'date': '2006-10-29T12:36:31.976Z', 'age': 17}, 'phone': 'Q05 F06-4005', 'cell': 'T09 V46-0571', 'id': {'name': 'SIN', 'value': '061222022'}, 'picture': {'large': 'https://randomuser.me/api/portraits/women/91.jpg', 'medium': 'https://randomuser.me/api/portraits/med/women/91.jpg', 'thumbnail': 'https://randomuser.me/api/portraits/thumb/women/91.jpg'}, 'nat': 'CA'}], 'info': {'seed': 'b9eb3e3476e3a7e4', 'results': 1, 'page': 1, 'version': '1.4'}}</msg>
<arg>${json_data}</arg>
<doc>Logs the given message with the given level.</doc>
<status status="PASS" start="2024-07-22T09:19:22.399722" elapsed="0.000239"/>
</kw>
<kw name="Should Be String" owner="String">
<arg>${json_data['results'][0]['gender']}</arg>
<doc>Fails if the given ``item`` is not a string.</doc>
<status status="PASS" start="2024-07-22T09:19:22.400261" elapsed="0.000370"/>
</kw>
<kw name="Should Match Regexp" owner="BuiltIn">
<arg>${json_data['results'][0]['email']}</arg>
<arg>^[a-zA-Z0-9._%+-]+@[a-zA-Z0-9.-]+\.[a-zA-Z]{2,}$</arg>
<doc>Fails if ``string`` does not match ``pattern`` as a regular expression.</doc>
<status status="PASS" start="2024-07-22T09:19:22.400818" elapsed="0.000559"/>
</kw>
<kw name="Should Match Regexp" owner="BuiltIn">
<arg>${json_data['results'][0]['dob']['date']}</arg>
<arg>\\d{4}-\\d{2}-\\d{2}T\\d{2}:\\d{2}:\\d{2}\\.\\d{3}Z</arg>
<doc>Fails if ``string`` does not match ``pattern`` as a regular expression.</doc>
<status status="PASS" start="2024-07-22T09:19:22.401572" elapsed="0.000616"/>
</kw>
<kw name="Should Match Regexp" owner="BuiltIn">
<arg>${json_data['results'][0]['registered']['date']}</arg>
<arg>\\d{4}-\\d{2}-\\d{2}T\\d{2}:\\d{2}:\\d{2}\\.\\d{3}Z</arg>
<doc>Fails if ``string`` does not match ``pattern`` as a regular expression.</doc>
<status status="PASS" start="2024-07-22T09:19:22.402383" elapsed="0.000370"/>
</kw>
<kw name="Should Match Regexp" owner="BuiltIn">
<arg>${json_data['results'][0]['picture']['large']}</arg>
<arg>^https?://.*\.(?:png|jpe?g|gif|bmp)$</arg>
<doc>Fails if ``string`` does not match ``pattern`` as a regular expression.</doc>
<status status="PASS" start="2024-07-22T09:19:22.402939" elapsed="0.000459"/>
</kw>
<kw name="Should Match Regexp" owner="BuiltIn">
<arg>${json_data['results'][0]['picture']['medium']}</arg>
<arg>^https?://.*\.(?:png|jpe?g|gif|bmp)$</arg>
<doc>Fails if ``string`` does not match ``pattern`` as a regular expression.</doc>
<status status="PASS" start="2024-07-22T09:19:22.403585" elapsed="0.000371"/>
</kw>
<kw name="Should Match Regexp" owner="BuiltIn">
<arg>${json_data['results'][0]['picture']['thumbnail']}</arg>
<arg>^https?://.*\.(?:png|jpe?g|gif|bmp)$</arg>
<doc>Fails if ``string`` does not match ``pattern`` as a regular expression.</doc>
<status status="PASS" start="2024-07-22T09:19:22.404140" elapsed="0.000351"/>
</kw>
<kw name="Log" owner="BuiltIn">
<msg time="2024-07-22T09:19:22.404993" level="INFO">{'large': 'https://randomuser.me/api/portraits/women/91.jpg', 'medium': 'https://randomuser.me/api/portraits/med/women/91.jpg', 'thumbnail': 'https://randomuser.me/api/portraits/thumb/women/91.jpg'}</msg>
<arg>${json_data['results'][0]['picture']}</arg>
<doc>Logs the given message with the given level.</doc>
<status status="PASS" start="2024-07-22T09:19:22.404672" elapsed="0.000363"/>
</kw>
<status status="PASS" start="2024-07-22T09:19:22.310276" elapsed="0.095015"/>
</kw>
<kw name="Teste de Tipos de Dados - Postcode" owner="random-user-service">
<kw name="GET On Session" owner="RequestsLibrary">
<msg time="2024-07-22T09:19:22.514290" level="INFO">GET Request : url=https://randomuser.me/api 
 path_url=/api 
 headers={'User-Agent': 'python-requests/2.32.3', 'Accept-Encoding': 'gzip, deflate', 'Accept': '*/*', 'Connection': 'keep-alive'} 
 body=None 
 </msg>
<msg time="2024-07-22T09:19:22.514370" level="INFO">GET Response : url=https://randomuser.me/api 
 status=200, reason=OK 
 headers={'Date': 'Mon, 22 Jul 2024 09:19:22 GMT', 'Content-Type': 'application/json; charset=utf-8', 'Transfer-Encoding': 'chunked', 'Connection': 'keep-alive', 'X-Powered-By': 'Express', 'Access-Control-Allow-Origin': '*', 'Cache-Control': 'no-cache', 'ETag': 'W/"497-6kd4gLWHNOSZlO1DOrE1epM24+E"', 'Vary': 'Accept-Encoding', 'Content-Encoding': 'gzip', 'CF-Cache-Status': 'DYNAMIC', 'Report-To': '{"endpoints":[{"url":"https:\\/\\/a.nel.cloudflare.com\\/report\\/v4?s=HkgVBwZm7vQTOHkLvojUV1nRUPWwShsBMmoBY1vmRX48dmJeVBm2lu0p2kp7YVTBq0zZIvDttKtlQhC3qQc0Du6IA7DY8hw81rv5e2VUrZ2Ipmq%2B0F1jBr%2Ft0w%2FkAcK6"}],"group":"cf-nel","max_age":604800}', 'NEL': '{"success_fraction":0,"report_to":"cf-nel","max_age":604800}', 'Server': 'cloudflare', 'CF-RAY': '8a7259450fe5cea8-SJC', 'alt-svc': 'h3=":443"; ma=86400'} 
 body={"results":[{"gender":"male","name":{"title":"Mr","first":"احسان","last":"كامياران"},"location":{"street":{"number":9452,"name":"شهید آقاسرمدیان"},"city":"گلستان","state":"کرمان","country":"Iran","postcode":97730,"coordinates":{"latitude":"13.2291","longitude":"-137.4036"},"timezone":{"offset":"-8:00","description":"Pacific Time (US &amp; Canada)"}},"email":"hsn.kmyrn@example.com","login":{"uuid":"282f6fdf-0743-47ea-a73c-8562cb2ccfa4","username":"bluerabbit598","password":"hithere","salt":"cBtmD7Ni","md5":"e418fc3bda3e52453e693f56f144043f","sha1":"72e07f211405977e2ea47a2aae3d7cd5e4ca6d0f","sha256":"33f97534d2c974df7104af5772ec49c53027db9b7873beb31719e54723fbc468"},"dob":{"date":"1962-11-02T09:09:39.287Z","age":61},"registered":{"date":"2010-11-22T16:34:41.177Z","age":13},"phone":"087-17796352","cell":"0980-966-6602","id":{"name":"","value":null},"picture":{"large":"https://randomuser.me/api/portraits/men/15.jpg","medium":"https://randomuser.me/api/portraits/med/men/15.jpg","thumbnail":"https://randomuser.me/api/portraits/thumb/men/15.jpg"},"nat":"IR"}],"info":{"seed":"f8c3b890dc031ebe","results":1,"page":1,"version":"1.4"}} 
 </msg>
<msg time="2024-07-22T09:19:22.514451" level="INFO">/opt/hostedtoolcache/Python/3.12.4/x64/lib/python3.12/site-packages/urllib3/connectionpool.py:1099: InsecureRequestWarning: Unverified HTTPS request is being made to host 'randomuser.me'. Adding certificate verification is strongly advised. See: https://urllib3.readthedocs.io/en/latest/advanced-usage.html#tls-warnings
  warnings.warn(</msg>
<msg time="2024-07-22T09:19:22.514554" level="INFO">${response} = &lt;Response [200]&gt;</msg>
<var>${response}</var>
<arg>consultarAPI</arg>
<arg>/api</arg>
<doc>Sends a GET request on a previously created HTTP Session.</doc>
<status status="PASS" start="2024-07-22T09:19:22.405728" elapsed="0.108865"/>
</kw>
<kw name="Set Variable" owner="BuiltIn">
<msg time="2024-07-22T09:19:22.515494" level="INFO">${json_data} = {'results': [{'gender': 'male', 'name': {'title': 'Mr', 'first': 'احسان', 'last': 'كامياران'}, 'location': {'street': {'number': 9452, 'name': 'شهید آقاسرمدیان'}, 'city': 'گلستان', 'state': 'کرمان', '...</msg>
<var>${json_data}</var>
<arg>${response.json()}</arg>
<doc>Returns the given values which can then be assigned to a variables.</doc>
<status status="PASS" start="2024-07-22T09:19:22.515003" elapsed="0.000522"/>
</kw>
<kw name="Log" owner="BuiltIn">
<msg time="2024-07-22T09:19:22.516028" level="INFO">{'results': [{'gender': 'male', 'name': {'title': 'Mr', 'first': 'احسان', 'last': 'كامياران'}, 'location': {'street': {'number': 9452, 'name': 'شهید آقاسرمدیان'}, 'city': 'گلستان', 'state': 'کرمان', 'country': 'Iran', 'postcode': 97730, 'coordinates': {'latitude': '13.2291', 'longitude': '-137.4036'}, 'timezone': {'offset': '-8:00', 'description': 'Pacific Time (US &amp; Canada)'}}, 'email': 'hsn.kmyrn@example.com', 'login': {'uuid': '282f6fdf-0743-47ea-a73c-8562cb2ccfa4', 'username': 'bluerabbit598', 'password': 'hithere', 'salt': 'cBtmD7Ni', 'md5': 'e418fc3bda3e52453e693f56f144043f', 'sha1': '72e07f211405977e2ea47a2aae3d7cd5e4ca6d0f', 'sha256': '33f97534d2c974df7104af5772ec49c53027db9b7873beb31719e54723fbc468'}, 'dob': {'date': '1962-11-02T09:09:39.287Z', 'age': 61}, 'registered': {'date': '2010-11-22T16:34:41.177Z', 'age': 13}, 'phone': '087-17796352', 'cell': '0980-966-6602', 'id': {'name': '', 'value': None}, 'picture': {'large': 'https://randomuser.me/api/portraits/men/15.jpg', 'medium': 'https://randomuser.me/api/portraits/med/men/15.jpg', 'thumbnail': 'https://randomuser.me/api/portraits/thumb/men/15.jpg'}, 'nat': 'IR'}], 'info': {'seed': 'f8c3b890dc031ebe', 'results': 1, 'page': 1, 'version': '1.4'}}</msg>
<arg>${json_data}</arg>
<doc>Logs the given message with the given level.</doc>
<status status="PASS" start="2024-07-22T09:19:22.515836" elapsed="0.000246"/>
</kw>
<kw name="Should Be Equal As Numbers" owner="BuiltIn">
<arg>${json_data['results'][0]['location']['postcode']}</arg>
<arg>${json_data['results'][0]['location']['postcode']}</arg>
<doc>Fails if objects are unequal after converting them to real numbers.</doc>
<status status="PASS" start="2024-07-22T09:19:22.516384" elapsed="0.000634"/>
</kw>
<kw name="Log" owner="BuiltIn">
<msg time="2024-07-22T09:19:22.517587" level="INFO">97730</msg>
<arg>${json_data['results'][0]['location']['postcode']}</arg>
<doc>Logs the given message with the given level.</doc>
<status status="PASS" start="2024-07-22T09:19:22.517211" elapsed="0.000417"/>
</kw>
<status status="PASS" start="2024-07-22T09:19:22.405507" elapsed="0.112376"/>
</kw>
<doc>Testa se os tipos de dados na resposta da API estão corretos.</doc>
<tag>testeTiposDados</tag>
<status status="PASS" start="2024-07-22T09:19:22.309761" elapsed="0.208287"/>
</test>
<test id="s1-s1-t5" name="Validar conteudo" line="35">
<kw name="Teste de Tipos de Conteudo" owner="random-user-service">
<kw name="GET On Session" owner="RequestsLibrary">
<msg time="2024-07-22T09:19:22.631582" level="INFO">GET Request : url=https://randomuser.me/api 
 path_url=/api 
 headers={'User-Agent': 'python-requests/2.32.3', 'Accept-Encoding': 'gzip, deflate', 'Accept': '*/*', 'Connection': 'keep-alive'} 
 body=None 
 </msg>
<msg time="2024-07-22T09:19:22.631666" level="INFO">GET Response : url=https://randomuser.me/api 
 status=200, reason=OK 
 headers={'Date': 'Mon, 22 Jul 2024 09:19:22 GMT', 'Content-Type': 'application/json; charset=utf-8', 'Transfer-Encoding': 'chunked', 'Connection': 'keep-alive', 'X-Powered-By': 'Express', 'Access-Control-Allow-Origin': '*', 'Cache-Control': 'no-cache', 'ETag': 'W/"49e-VRTHU9K8pOkpodb4AkQkF5nq4o8"', 'Vary': 'Accept-Encoding', 'Content-Encoding': 'gzip', 'CF-Cache-Status': 'DYNAMIC', 'Report-To': '{"endpoints":[{"url":"https:\\/\\/a.nel.cloudflare.com\\/report\\/v4?s=cBdXKus2zKG2V66snpQz%2FGdKQ6jJB9IKbROeJNaVwojW6qhQbtbE8ieUhRsbG8UP5u6T2wWfdv5QDnVWwYy76ZAeTGZcqXxriIdupEH1Ll%2B%2FieYQ6m1WfY6IcETkrTmj"}],"group":"cf-nel","max_age":604800}', 'NEL': '{"success_fraction":0,"report_to":"cf-nel","max_age":604800}', 'Server': 'cloudflare', 'CF-RAY': '8a725945c878cea8-SJC', 'alt-svc': 'h3=":443"; ma=86400'} 
 body={"results":[{"gender":"female","name":{"title":"Miss","first":"Laura","last":"Mortensen"},"location":{"street":{"number":3740,"name":"Tåstrupvej"},"city":"Vesterborg","state":"Nordjylland","country":"Denmark","postcode":99464,"coordinates":{"latitude":"-45.7578","longitude":"79.9917"},"timezone":{"offset":"0:00","description":"Western Europe Time, London, Lisbon, Casablanca"}},"email":"laura.mortensen@example.com","login":{"uuid":"88175eea-f9e0-4419-842b-f80520b9e1f5","username":"sadzebra553","password":"bobby1","salt":"J4brgLHp","md5":"6a71ddd143fcfbe95707233d2544260c","sha1":"ac01d85ccee7327a101d503afb3fe1fc146b4089","sha256":"939eb854e9d9721f045c8315804a035bbfcb2d1292676490d20e5919b9bebd32"},"dob":{"date":"1946-02-03T08:20:56.373Z","age":78},"registered":{"date":"2009-03-28T02:38:16.125Z","age":15},"phone":"07691935","cell":"61783407","id":{"name":"CPR","value":"030246-3458"},"picture":{"large":"https://randomuser.me/api/portraits/women/17.jpg","medium":"https://randomuser.me/api/portraits/med/women/17.jpg","thumbnail":"https://randomuser.me/api/portraits/thumb/women/17.jpg"},"nat":"DK"}],"info":{"seed":"02d15c99597ebe69","results":1,"page":1,"version":"1.4"}} 
 </msg>
<msg time="2024-07-22T09:19:22.631743" level="INFO">/opt/hostedtoolcache/Python/3.12.4/x64/lib/python3.12/site-packages/urllib3/connectionpool.py:1099: InsecureRequestWarning: Unverified HTTPS request is being made to host 'randomuser.me'. Adding certificate verification is strongly advised. See: https://urllib3.readthedocs.io/en/latest/advanced-usage.html#tls-warnings
  warnings.warn(</msg>
<msg time="2024-07-22T09:19:22.631844" level="INFO">${response} = &lt;Response [200]&gt;</msg>
<var>${response}</var>
<arg>consultarAPI</arg>
<arg>/api</arg>
<doc>Sends a GET request on a previously created HTTP Session.</doc>
<status status="PASS" start="2024-07-22T09:19:22.520903" elapsed="0.110972"/>
</kw>
<kw name="Set Variable" owner="BuiltIn">
<msg time="2024-07-22T09:19:22.632770" level="INFO">${json_data} = {'results': [{'gender': 'female', 'name': {'title': 'Miss', 'first': 'Laura', 'last': 'Mortensen'}, 'location': {'street': {'number': 3740, 'name': 'Tåstrupvej'}, 'city': 'Vesterborg', 'state': 'Nordj...</msg>
<var>${json_data}</var>
<arg>${response.json()}</arg>
<doc>Returns the given values which can then be assigned to a variables.</doc>
<status status="PASS" start="2024-07-22T09:19:22.632291" elapsed="0.000508"/>
</kw>
<kw name="Set Variable" owner="BuiltIn">
<msg time="2024-07-22T09:19:22.633486" level="INFO">${name_title} = Miss</msg>
<var>${name_title}</var>
<arg>${json_data["results"][0]["name"]["title"]}</arg>
<doc>Returns the given values which can then be assigned to a variables.</doc>
<status status="PASS" start="2024-07-22T09:19:22.633104" elapsed="0.000407"/>
</kw>
<kw name="Create List" owner="BuiltIn">
<msg time="2024-07-22T09:19:22.633953" level="INFO">${allowed_titles} = ['Mr', 'Ms', 'Miss', 'Mrs', 'Madame', 'Monsieur']</msg>
<var>${allowed_titles}</var>
<arg>Mr</arg>
<arg>Ms</arg>
<arg>Miss</arg>
<arg>Mrs</arg>
<arg>Madame</arg>
<arg>Monsieur</arg>
<doc>Returns a list containing given items.</doc>
<status status="PASS" start="2024-07-22T09:19:22.633807" elapsed="0.000170"/>
</kw>
<kw name="List Should Contain Value" owner="Collections">
<arg>${allowed_titles}</arg>
<arg>${name_title}</arg>
<doc>Fails if the ``value`` is not found from ``list``.</doc>
<status status="PASS" start="2024-07-22T09:19:22.634276" elapsed="0.000175"/>
</kw>
<kw name="Set Variable" owner="BuiltIn">
<msg time="2024-07-22T09:19:22.635006" level="INFO">${name_country} = DK</msg>
<var>${name_country}</var>
<arg>${json_data["results"][0]["nat"]}</arg>
<doc>Returns the given values which can then be assigned to a variables.</doc>
<status status="PASS" start="2024-07-22T09:19:22.634628" elapsed="0.000404"/>
</kw>
<kw name="Create List" owner="BuiltIn">
<msg time="2024-07-22T09:19:22.635942" level="INFO">${list_country} = ['AD', 'AE', 'AF', 'AG', 'AI', 'AL', 'AM', 'AO', 'AQ', 'AR', 'AS', 'AT', 'AU', 'AW', 'AX', 'AZ', 'BA', 'BB', 'BD', 'BE', 'BF', 'BG', 'BH', 'BI', 'BJ', 'BL', 'BM', 'BN', 'BO', 'BQ', 'BR', 'BS', 'BT', '...</msg>
<var>${list_country}</var>
<arg>AD</arg>
<arg>AE</arg>
<arg>AF</arg>
<arg>AG</arg>
<arg>AI</arg>
<arg>AL</arg>
<arg>AM</arg>
<arg>AO</arg>
<arg>AQ</arg>
<arg>AR</arg>
<arg>AS</arg>
<arg>AT</arg>
<arg>AU</arg>
<arg>AW</arg>
<arg>AX</arg>
<arg>AZ</arg>
<arg>BA</arg>
<arg>BB</arg>
<arg>BD</arg>
<arg>BE</arg>
<arg>BF</arg>
<arg>BG</arg>
<arg>BH</arg>
<arg>BI</arg>
<arg>BJ</arg>
<arg>BL</arg>
<arg>BM</arg>
<arg>BN</arg>
<arg>BO</arg>
<arg>BQ</arg>
<arg>BR</arg>
<arg>BS</arg>
<arg>BT</arg>
<arg>BV</arg>
<arg>BW</arg>
<arg>BY</arg>
<arg>BZ</arg>
<arg>CA</arg>
<arg>CC</arg>
<arg>CD</arg>
<arg>CF</arg>
<arg>CG</arg>
<arg>CH</arg>
<arg>CI</arg>
<arg>CK</arg>
<arg>CL</arg>
<arg>CM</arg>
<arg>CN</arg>
<arg>CO</arg>
<arg>CR</arg>
<arg>CU</arg>
<arg>CV</arg>
<arg>CW</arg>
<arg>CX</arg>
<arg>CY</arg>
<arg>CZ</arg>
<arg>DE</arg>
<arg>DJ</arg>
<arg>DK</arg>
<arg>DM</arg>
<arg>DO</arg>
<arg>DZ</arg>
<arg>EC</arg>
<arg>EE</arg>
<arg>EG</arg>
<arg>EH</arg>
<arg>ER</arg>
<arg>ES</arg>
<arg>ET</arg>
<arg>FI</arg>
<arg>FJ</arg>
<arg>FK</arg>
<arg>FM</arg>
<arg>FO</arg>
<arg>FR</arg>
<arg>GA</arg>
<arg>GB</arg>
<arg>GD</arg>
<arg>GE</arg>
<arg>GF</arg>
<arg>GG</arg>
<arg>GH</arg>
<arg>GI</arg>
<arg>GL</arg>
<arg>GM</arg>
<arg>GN</arg>
<arg>GP</arg>
<arg>GQ</arg>
<arg>GR</arg>
<arg>GS</arg>
<arg>GT</arg>
<arg>GU</arg>
<arg>GW</arg>
<arg>GY</arg>
<arg>HK</arg>
<arg>HM</arg>
<arg>HN</arg>
<arg>HR</arg>
<arg>HT</arg>
<arg>HU</arg>
<arg>ID</arg>
<arg>IE</arg>
<arg>IL</arg>
<arg>IM</arg>
<arg>IN</arg>
<arg>IO</arg>
<arg>IQ</arg>
<arg>IR</arg>
<arg>IS</arg>
<arg>IT</arg>
<arg>JE</arg>
<arg>JM</arg>
<arg>JO</arg>
<arg>JP</arg>
<arg>KE</arg>
<arg>KG</arg>
<arg>KH</arg>
<arg>KI</arg>
<arg>KM</arg>
<arg>KN</arg>
<arg>KP</arg>
<arg>KR</arg>
<arg>KW</arg>
<arg>KY</arg>
<arg>KZ</arg>
<arg>LA</arg>
<arg>LB</arg>
<arg>LC</arg>
<arg>LI</arg>
<arg>LK</arg>
<arg>LR</arg>
<arg>LS</arg>
<arg>LT</arg>
<arg>LU</arg>
<arg>LV</arg>
<arg>LY</arg>
<arg>MA</arg>
<arg>MC</arg>
<arg>MD</arg>
<arg>ME</arg>
<arg>MF</arg>
<arg>MG</arg>
<arg>MH</arg>
<arg>MK</arg>
<arg>ML</arg>
<arg>MM</arg>
<arg>MN</arg>
<arg>MO</arg>
<arg>MP</arg>
<arg>MQ</arg>
<arg>MR</arg>
<arg>MS</arg>
<arg>MT</arg>
<arg>MU</arg>
<arg>MV</arg>
<arg>MW</arg>
<arg>MX</arg>
<arg>MY</arg>
<arg>MZ</arg>
<arg>NA</arg>
<arg>NC</arg>
<arg>NE</arg>
<arg>NF</arg>
<arg>NG</arg>
<arg>NI</arg>
<arg>NL</arg>
<arg>NO</arg>
<arg>NP</arg>
<arg>NR</arg>
<arg>NU</arg>
<arg>NZ</arg>
<arg>OM</arg>
<arg>PA</arg>
<arg>PE</arg>
<arg>PF</arg>
<arg>PG</arg>
<arg>PH</arg>
<arg>PK</arg>
<arg>PL</arg>
<arg>PM</arg>
<arg>PN</arg>
<arg>PR</arg>
<arg>PS</arg>
<arg>PT</arg>
<arg>PW</arg>
<arg>PY</arg>
<arg>QA</arg>
<arg>RE</arg>
<arg>RO</arg>
<arg>RS</arg>
<arg>RU</arg>
<arg>RW</arg>
<arg>SA</arg>
<arg>SB</arg>
<arg>SC</arg>
<arg>SD</arg>
<arg>SE</arg>
<arg>SG</arg>
<arg>SH</arg>
<arg>SI</arg>
<arg>SJ</arg>
<arg>SK</arg>
<arg>SL</arg>
<arg>SM</arg>
<arg>SN</arg>
<arg>SO</arg>
<arg>SR</arg>
<arg>SS</arg>
<arg>ST</arg>
<arg>SV</arg>
<arg>SX</arg>
<arg>SY</arg>
<arg>SZ</arg>
<arg>TC</arg>
<arg>TD</arg>
<arg>TF</arg>
<arg>TG</arg>
<arg>TH</arg>
<arg>TJ</arg>
<arg>TK</arg>
<arg>TL</arg>
<arg>TM</arg>
<arg>TN</arg>
<arg>TO</arg>
<arg>TR</arg>
<arg>TT</arg>
<arg>TV</arg>
<arg>TW</arg>
<arg>TZ</arg>
<arg>UA</arg>
<arg>UG</arg>
<arg>UM</arg>
<arg>US</arg>
<arg>UY</arg>
<arg>UZ</arg>
<arg>VA</arg>
<arg>VC</arg>
<arg>VE</arg>
<arg>VG</arg>
<arg>VI</arg>
<arg>VN</arg>
<arg>VU</arg>
<arg>WF</arg>
<arg>WS</arg>
<arg>XK</arg>
<arg>YE</arg>
<arg>YT</arg>
<arg>ZA</arg>
<arg>ZM</arg>
<arg>ZW</arg>
<doc>Returns a list containing given items.</doc>
<status status="PASS" start="2024-07-22T09:19:22.635326" elapsed="0.000646"/>
</kw>
<kw name="List Should Contain Value" owner="Collections">
<arg>${list_country}</arg>
<arg>${name_country}</arg>
<doc>Fails if the ``value`` is not found from ``list``.</doc>
<status status="PASS" start="2024-07-22T09:19:22.636920" elapsed="0.000205"/>
</kw>
<kw name="Run Keyword If" owner="BuiltIn">
<kw name="Should Be True" owner="BuiltIn">
<arg>${True}</arg>
<doc>Fails if the given condition is not true.</doc>
<status status="PASS" start="2024-07-22T09:19:22.638062" elapsed="0.000141"/>
</kw>
<arg>${json_data["results"][0]["location"]["coordinates"]["latitude"]} &gt;= -90 and ${json_data["results"][0]["location"]["coordinates"]["latitude"]} &lt;= 90</arg>
<arg>Should Be True</arg>
<arg>${True}</arg>
<doc>Runs the given keyword with the given arguments, if ``condition`` is true.</doc>
<status status="PASS" start="2024-07-22T09:19:22.637320" elapsed="0.001007"/>
</kw>
<kw name="Run Keyword If" owner="BuiltIn">
<kw name="Should Be True" owner="BuiltIn">
<arg>${True}</arg>
<doc>Fails if the given condition is not true.</doc>
<status status="PASS" start="2024-07-22T09:19:22.639199" elapsed="0.000134"/>
</kw>
<arg>${json_data["results"][0]["location"]["coordinates"]["longitude"]} &gt;= -180 and ${json_data["results"][0]["location"]["coordinates"]["longitude"]} &lt;= 180</arg>
<arg>Should Be True</arg>
<arg>${True}</arg>
<doc>Runs the given keyword with the given arguments, if ``condition`` is true.</doc>
<status status="PASS" start="2024-07-22T09:19:22.638508" elapsed="0.000948"/>
</kw>
<status status="PASS" start="2024-07-22T09:19:22.520534" elapsed="0.119055"/>
</kw>
<doc>Testa o conteúdo específico dos campos retornados pela API.</doc>
<tag>testeConteudo</tag>
<status status="PASS" start="2024-07-22T09:19:22.519837" elapsed="0.119896"/>
</test>
<status status="PASS" start="2024-07-22T09:19:21.712463" elapsed="0.929176"/>
</suite>
<status status="PASS" start="2024-07-22T09:19:21.697607" elapsed="0.948952"/>
</suite>
<statistics>
<total>
<stat pass="5" fail="0" skip="0">All Tests</stat>
</total>
<tag>
<stat pass="1" fail="0" skip="0">testeConteudo</stat>
<stat pass="1" fail="0" skip="0">testeEstruturaResposta</stat>
<stat pass="1" fail="0" skip="0">testeRequisicaoBasica</stat>
<stat pass="1" fail="0" skip="0">testeTiposDados</stat>
</tag>
<suite>
<stat pass="5" fail="0" skip="0" id="s1" name="Tests">Tests</stat>
<stat pass="5" fail="0" skip="0" id="s1-s1" name="Random-User-Test">Tests.Random-User-Test</stat>
</suite>
</statistics>
<errors>
</errors>
</robot>
