<?xml version="1.0" encoding="UTF-8"?>
<robot generator="Robot 7.0 (Python 3.12.3 on linux)" generated="2024-05-29T09:17:18.344478" rpa="false" schemaversion="5">
<suite id="s1" name="Tests" source="/home/runner/work/ApiRandomUser/ApiRandomUser/RamdonUser/tests">
<suite id="s1-s1" name="Random-User-Test" source="/home/runner/work/ApiRandomUser/ApiRandomUser/RamdonUser/tests/random-user-test.robot">
<test id="s1-s1-t1" name="Conectar" line="13">
<kw name="Conectar API" owner="random-user-service">
<kw name="Create Session" owner="RequestsLibrary">
<msg time="2024-05-29T09:17:18.771908" level="INFO">Creating Session using : alias=consultarAPI, url=https://randomuser.me/, headers={},                     cookies={}, auth=None, timeout=None, proxies=None, verify=False,                     debug=0 </msg>
<arg>consultarAPI</arg>
<arg>${URL}</arg>
<doc>Create Session: create a HTTP session to a server</doc>
<status status="PASS" start="2024-05-29T09:17:18.771703" elapsed="0.000389"/>
</kw>
<status status="PASS" start="2024-05-29T09:17:18.770644" elapsed="0.001809"/>
</kw>
<status status="PASS" start="2024-05-29T09:17:18.770060" elapsed="0.002596"/>
</test>
<test id="s1-s1-t2" name="Validar retorno 200 e JSON Válido" line="16">
<kw name="Teste de Requisicao Basica" owner="random-user-service">
<kw name="GET On Session" owner="RequestsLibrary">
<msg time="2024-05-29T09:17:18.883202" level="INFO">GET Request : url=https://randomuser.me/api 
 path_url=/api 
 headers={'User-Agent': 'python-requests/2.32.2', 'Accept-Encoding': 'gzip, deflate', 'Accept': '*/*', 'Connection': 'keep-alive'} 
 body=None 
 </msg>
<msg time="2024-05-29T09:17:18.883365" level="INFO">GET Response : url=https://randomuser.me/api 
 status=200, reason=OK 
 headers={'Date': 'Wed, 29 May 2024 09:17:18 GMT', 'Content-Type': 'application/json; charset=utf-8', 'Transfer-Encoding': 'chunked', 'Connection': 'keep-alive', 'X-Powered-By': 'Express', 'Access-Control-Allow-Origin': '*', 'Cache-Control': 'no-cache', 'ETag': 'W/"487-Wi1mM2teKtFrka2ICJEPoE+l1nk"', 'Vary': 'Accept-Encoding', 'Content-Encoding': 'gzip', 'CF-Cache-Status': 'DYNAMIC', 'Report-To': '{"endpoints":[{"url":"https:\\/\\/a.nel.cloudflare.com\\/report\\/v4?s=%2Fi6l1u1DpJDH3bHqgnwb6whvXokVJW6%2Fz9wExpy3RR0EOyU%2B9MOo4EaFA1Q9Gwk%2BtpwthbFg7jFqxBIEriDMR2yE5sjFCUHNB9Iz3y9j5NaPIM0sRTUrE0XhsAMDeX9a"}],"group":"cf-nel","max_age":604800}', 'NEL': '{"success_fraction":0,"report_to":"cf-nel","max_age":604800}', 'Server': 'cloudflare', 'CF-RAY': '88b564008b879648-SJC', 'alt-svc': 'h3=":443"; ma=86400'} 
 body={"results":[{"gender":"female","name":{"title":"Ms","first":"Deniz","last":"Akbulut"},"location":{"street":{"number":5550,"name":"Mevlana Cd"},"city":"Denizli","state":"Kırşehir","country":"Turkey","postcode":44275,"coordinates":{"latitude":"71.6119","longitude":"120.3374"},"timezone":{"offset":"-5:00","description":"Eastern Time (US &amp; Canada), Bogota, Lima"}},"email":"deniz.akbulut@example.com","login":{"uuid":"40d38e37-63b1-4ac0-bf8a-f7fc09a65144","username":"redwolf506","password":"lickit","salt":"nTfNWbC7","md5":"9a51f71b15b54c4723b123e08df531fa","sha1":"f2538e3565a747a943a6db9363172d93eacc0546","sha256":"4e00f23fd17e30fb94a4191550a7e906b4a42944bee756e11f3a3d951142e66d"},"dob":{"date":"1997-12-21T06:53:24.698Z","age":26},"registered":{"date":"2018-04-14T10:05:20.006Z","age":6},"phone":"(664)-312-2352","cell":"(524)-016-7994","id":{"name":"","value":null},"picture":{"large":"https://randomuser.me/api/portraits/women/4.jpg","medium":"https://randomuser.me/api/portraits/med/women/4.jpg","thumbnail":"https://randomuser.me/api/portraits/thumb/women/4.jpg"},"nat":"TR"}],"info":{"seed":"73b273b999d8c36e","results":1,"page":1,"version":"1.4"}} 
 </msg>
<msg time="2024-05-29T09:17:18.883474" level="INFO">/opt/hostedtoolcache/Python/3.12.3/x64/lib/python3.12/site-packages/urllib3/connectionpool.py:1103: InsecureRequestWarning: Unverified HTTPS request is being made to host 'randomuser.me'. Adding certificate verification is strongly advised. See: https://urllib3.readthedocs.io/en/latest/advanced-usage.html#tls-warnings
  warnings.warn(</msg>
<msg time="2024-05-29T09:17:18.883664" level="INFO">${response} = &lt;Response [200]&gt;</msg>
<var>${response}</var>
<arg>consultarAPI</arg>
<arg>/api</arg>
<doc>Sends a GET request on a previously created HTTP Session.</doc>
<status status="PASS" start="2024-05-29T09:17:18.775347" elapsed="0.108359"/>
</kw>
<kw name="Should Be Equal As Numbers" owner="BuiltIn">
<msg time="2024-05-29T09:17:18.884606" level="INFO">Argument types are:
&lt;class 'int'&gt;
&lt;class 'str'&gt;</msg>
<arg>${response.status_code}</arg>
<arg>200</arg>
<doc>Fails if objects are unequal after converting them to real numbers.</doc>
<status status="PASS" start="2024-05-29T09:17:18.884170" elapsed="0.000502"/>
</kw>
<kw name="Log" owner="BuiltIn">
<msg time="2024-05-29T09:17:18.885442" level="INFO">200</msg>
<arg>${response.status_code}</arg>
<doc>Logs the given message with the given level.</doc>
<status status="PASS" start="2024-05-29T09:17:18.885065" elapsed="0.000429"/>
</kw>
<kw name="Set Variable" owner="BuiltIn">
<msg time="2024-05-29T09:17:18.886262" level="INFO">${json_data} = {'results': [{'gender': 'female', 'name': {'title': 'Ms', 'first': 'Deniz', 'last': 'Akbulut'}, 'location': {'street': {'number': 5550, 'name': 'Mevlana Cd'}, 'city': 'Denizli', 'state': 'Kırşehir', '...</msg>
<var>${json_data}</var>
<arg>${response.json()}</arg>
<doc>Returns the given values which can then be assigned to a variables.</doc>
<status status="PASS" start="2024-05-29T09:17:18.885812" elapsed="0.000480"/>
</kw>
<kw name="Dictionary Should Contain Key" owner="Collections">
<msg time="2024-05-29T09:17:18.886772" level="INFO">False</msg>
<arg>${json_data}</arg>
<arg>results</arg>
<doc>Fails if ``key`` is not found from ``dictionary``.</doc>
<status status="PASS" start="2024-05-29T09:17:18.886601" elapsed="0.000367"/>
</kw>
<status status="PASS" start="2024-05-29T09:17:18.775091" elapsed="0.112145"/>
</kw>
<doc>Testa se a API responde corretamente e retorna um objeto JSON válido.</doc>
<tag>testeRequisicaoBasica</tag>
<status status="PASS" start="2024-05-29T09:17:18.774591" elapsed="0.112824"/>
</test>
<test id="s1-s1-t3" name="Validar estrutura de resposta" line="22">
<kw name="Teste de Estrutura de Resposta" owner="random-user-service">
<kw name="GET On Session" owner="RequestsLibrary">
<msg time="2024-05-29T09:17:18.984892" level="INFO">GET Request : url=https://randomuser.me/api 
 path_url=/api 
 headers={'User-Agent': 'python-requests/2.32.2', 'Accept-Encoding': 'gzip, deflate', 'Accept': '*/*', 'Connection': 'keep-alive'} 
 body=None 
 </msg>
<msg time="2024-05-29T09:17:18.984960" level="INFO">GET Response : url=https://randomuser.me/api 
 status=200, reason=OK 
 headers={'Date': 'Wed, 29 May 2024 09:17:18 GMT', 'Content-Type': 'application/json; charset=utf-8', 'Transfer-Encoding': 'chunked', 'Connection': 'keep-alive', 'X-Powered-By': 'Express', 'Access-Control-Allow-Origin': '*', 'Cache-Control': 'no-cache', 'ETag': 'W/"469-wngtOg0Zw2MfpKl0YUyqQFSQZAo"', 'Vary': 'Accept-Encoding', 'Content-Encoding': 'gzip', 'CF-Cache-Status': 'DYNAMIC', 'Report-To': '{"endpoints":[{"url":"https:\\/\\/a.nel.cloudflare.com\\/report\\/v4?s=qA1B%2FDxCp32maDYiBKa4%2B9bLMhbCZktg8NT%2FCp7wtqZxAMaIixjJKq%2FpR0PLEeLBT%2BYnWDkoaxf9uZJlqUgMDSXjCYuVMpEZ4Ak61or96vMqpOVLvrTgx6ThWIoHKCJB"}],"group":"cf-nel","max_age":604800}', 'NEL': '{"success_fraction":0,"report_to":"cf-nel","max_age":604800}', 'Server': 'cloudflare', 'CF-RAY': '88b564011ba49648-SJC', 'alt-svc': 'h3=":443"; ma=86400'} 
 body={"results":[{"gender":"male","name":{"title":"Mr","first":"Silas","last":"Andersen"},"location":{"street":{"number":6599,"name":"Søndervej"},"city":"Viby Sj.","state":"Midtjylland","country":"Denmark","postcode":62453,"coordinates":{"latitude":"-46.7002","longitude":"-8.5702"},"timezone":{"offset":"+4:30","description":"Kabul"}},"email":"silas.andersen@example.com","login":{"uuid":"d0aadf69-ce89-4d95-ac43-ce8cf70d7e7d","username":"brownduck827","password":"rolltide","salt":"V3GLYLx3","md5":"a219831533b0e2bd6459c02c9b859a43","sha1":"fc0218b0a8811d71753fdc6003ff606614d8599f","sha256":"c8364a6aa593eecef77b104a0524b7a0c8e1ac443d118acb133d1ba1323d8f27"},"dob":{"date":"1996-10-03T21:32:08.564Z","age":27},"registered":{"date":"2013-06-07T09:26:35.535Z","age":10},"phone":"94084848","cell":"21990088","id":{"name":"CPR","value":"031096-8269"},"picture":{"large":"https://randomuser.me/api/portraits/men/77.jpg","medium":"https://randomuser.me/api/portraits/med/men/77.jpg","thumbnail":"https://randomuser.me/api/portraits/thumb/men/77.jpg"},"nat":"DK"}],"info":{"seed":"df7a0a8159aaca5f","results":1,"page":1,"version":"1.4"}} 
 </msg>
<msg time="2024-05-29T09:17:18.985087" level="INFO">/opt/hostedtoolcache/Python/3.12.3/x64/lib/python3.12/site-packages/urllib3/connectionpool.py:1103: InsecureRequestWarning: Unverified HTTPS request is being made to host 'randomuser.me'. Adding certificate verification is strongly advised. See: https://urllib3.readthedocs.io/en/latest/advanced-usage.html#tls-warnings
  warnings.warn(</msg>
<msg time="2024-05-29T09:17:18.985183" level="INFO">${response} = &lt;Response [200]&gt;</msg>
<var>${response}</var>
<arg>consultarAPI</arg>
<arg>/api</arg>
<doc>Sends a GET request on a previously created HTTP Session.</doc>
<status status="PASS" start="2024-05-29T09:17:18.889985" elapsed="0.095236"/>
</kw>
<kw name="Set Variable" owner="BuiltIn">
<msg time="2024-05-29T09:17:18.986073" level="INFO">${json_data} = {'results': [{'gender': 'male', 'name': {'title': 'Mr', 'first': 'Silas', 'last': 'Andersen'}, 'location': {'street': {'number': 6599, 'name': 'Søndervej'}, 'city': 'Viby Sj.', 'state': 'Midtjylland',...</msg>
<var>${json_data}</var>
<arg>${response.json()}</arg>
<doc>Returns the given values which can then be assigned to a variables.</doc>
<status status="PASS" start="2024-05-29T09:17:18.985602" elapsed="0.000501"/>
</kw>
<kw name="Log" owner="BuiltIn">
<msg time="2024-05-29T09:17:18.986578" level="INFO">{'results': [{'gender': 'male', 'name': {'title': 'Mr', 'first': 'Silas', 'last': 'Andersen'}, 'location': {'street': {'number': 6599, 'name': 'Søndervej'}, 'city': 'Viby Sj.', 'state': 'Midtjylland', 'country': 'Denmark', 'postcode': 62453, 'coordinates': {'latitude': '-46.7002', 'longitude': '-8.5702'}, 'timezone': {'offset': '+4:30', 'description': 'Kabul'}}, 'email': 'silas.andersen@example.com', 'login': {'uuid': 'd0aadf69-ce89-4d95-ac43-ce8cf70d7e7d', 'username': 'brownduck827', 'password': 'rolltide', 'salt': 'V3GLYLx3', 'md5': 'a219831533b0e2bd6459c02c9b859a43', 'sha1': 'fc0218b0a8811d71753fdc6003ff606614d8599f', 'sha256': 'c8364a6aa593eecef77b104a0524b7a0c8e1ac443d118acb133d1ba1323d8f27'}, 'dob': {'date': '1996-10-03T21:32:08.564Z', 'age': 27}, 'registered': {'date': '2013-06-07T09:26:35.535Z', 'age': 10}, 'phone': '94084848', 'cell': '21990088', 'id': {'name': 'CPR', 'value': '031096-8269'}, 'picture': {'large': 'https://randomuser.me/api/portraits/men/77.jpg', 'medium': 'https://randomuser.me/api/portraits/med/men/77.jpg', 'thumbnail': 'https://randomuser.me/api/portraits/thumb/men/77.jpg'}, 'nat': 'DK'}], 'info': {'seed': 'df7a0a8159aaca5f', 'results': 1, 'page': 1, 'version': '1.4'}}</msg>
<arg>${json_data}</arg>
<doc>Logs the given message with the given level.</doc>
<status status="PASS" start="2024-05-29T09:17:18.986417" elapsed="0.000210"/>
</kw>
<kw name="Dictionary Should Contain Key" owner="Collections">
<msg time="2024-05-29T09:17:18.987096" level="INFO">False</msg>
<arg>${json_data}</arg>
<arg>results</arg>
<doc>Fails if ``key`` is not found from ``dictionary``.</doc>
<status status="PASS" start="2024-05-29T09:17:18.986933" elapsed="0.000201"/>
</kw>
<kw name="Should Not Be Empty" owner="BuiltIn">
<msg time="2024-05-29T09:17:18.987582" level="INFO">Length is 2.</msg>
<arg>${json_data}</arg>
<doc>Verifies that the given item is not empty.</doc>
<status status="PASS" start="2024-05-29T09:17:18.987438" elapsed="0.000182"/>
</kw>
<kw name="Create List" owner="BuiltIn">
<msg time="2024-05-29T09:17:18.988057" level="INFO">${expected_keys} = ['gender', 'name', 'location', 'email', 'login']</msg>
<var>${expected_keys}</var>
<arg>gender</arg>
<arg>name</arg>
<arg>location</arg>
<arg>email</arg>
<arg>login</arg>
<doc>Returns a list containing given items.</doc>
<status status="PASS" start="2024-05-29T09:17:18.987911" elapsed="0.000170"/>
</kw>
<for flavor="IN">
<iter>
<kw name="Dictionary Should Contain Key" owner="Collections">
<msg time="2024-05-29T09:17:18.989095" level="INFO">False</msg>
<arg>${json_data['results'][0]}</arg>
<arg>${key}</arg>
<doc>Fails if ``key`` is not found from ``dictionary``.</doc>
<status status="PASS" start="2024-05-29T09:17:18.988656" elapsed="0.000479"/>
</kw>
<kw name="Log" owner="BuiltIn">
<msg time="2024-05-29T09:17:18.989825" level="INFO">{'gender': 'male', 'name': {'title': 'Mr', 'first': 'Silas', 'last': 'Andersen'}, 'location': {'street': {'number': 6599, 'name': 'Søndervej'}, 'city': 'Viby Sj.', 'state': 'Midtjylland', 'country': 'Denmark', 'postcode': 62453, 'coordinates': {'latitude': '-46.7002', 'longitude': '-8.5702'}, 'timezone': {'offset': '+4:30', 'description': 'Kabul'}}, 'email': 'silas.andersen@example.com', 'login': {'uuid': 'd0aadf69-ce89-4d95-ac43-ce8cf70d7e7d', 'username': 'brownduck827', 'password': 'rolltide', 'salt': 'V3GLYLx3', 'md5': 'a219831533b0e2bd6459c02c9b859a43', 'sha1': 'fc0218b0a8811d71753fdc6003ff606614d8599f', 'sha256': 'c8364a6aa593eecef77b104a0524b7a0c8e1ac443d118acb133d1ba1323d8f27'}, 'dob': {'date': '1996-10-03T21:32:08.564Z', 'age': 27}, 'registered': {'date': '2013-06-07T09:26:35.535Z', 'age': 10}, 'phone': '94084848', 'cell': '21990088', 'id': {'name': 'CPR', 'value': '031096-8269'}, 'picture': {'large': 'https://randomuser.me/api/portraits/men/77.jpg', 'medium': 'https://randomuser.me/api/portraits/med/men/77.jpg', 'thumbnail': 'https://randomuser.me/api/portraits/thumb/men/77.jpg'}, 'nat': 'DK'}</msg>
<arg>${json_data['results'][0]}</arg>
<doc>Logs the given message with the given level.</doc>
<status status="PASS" start="2024-05-29T09:17:18.989444" elapsed="0.000433"/>
</kw>
<kw name="Log" owner="BuiltIn">
<msg time="2024-05-29T09:17:18.990311" level="INFO">gender</msg>
<arg>${key}</arg>
<doc>Logs the given message with the given level.</doc>
<status status="PASS" start="2024-05-29T09:17:18.990181" elapsed="0.000168"/>
</kw>
<var name="${key}">gender</var>
<status status="PASS" start="2024-05-29T09:17:18.988529" elapsed="0.002036"/>
</iter>
<iter>
<kw name="Dictionary Should Contain Key" owner="Collections">
<msg time="2024-05-29T09:17:18.991259" level="INFO">False</msg>
<arg>${json_data['results'][0]}</arg>
<arg>${key}</arg>
<doc>Fails if ``key`` is not found from ``dictionary``.</doc>
<status status="PASS" start="2024-05-29T09:17:18.990869" elapsed="0.000427"/>
</kw>
<kw name="Log" owner="BuiltIn">
<msg time="2024-05-29T09:17:18.991994" level="INFO">{'gender': 'male', 'name': {'title': 'Mr', 'first': 'Silas', 'last': 'Andersen'}, 'location': {'street': {'number': 6599, 'name': 'Søndervej'}, 'city': 'Viby Sj.', 'state': 'Midtjylland', 'country': 'Denmark', 'postcode': 62453, 'coordinates': {'latitude': '-46.7002', 'longitude': '-8.5702'}, 'timezone': {'offset': '+4:30', 'description': 'Kabul'}}, 'email': 'silas.andersen@example.com', 'login': {'uuid': 'd0aadf69-ce89-4d95-ac43-ce8cf70d7e7d', 'username': 'brownduck827', 'password': 'rolltide', 'salt': 'V3GLYLx3', 'md5': 'a219831533b0e2bd6459c02c9b859a43', 'sha1': 'fc0218b0a8811d71753fdc6003ff606614d8599f', 'sha256': 'c8364a6aa593eecef77b104a0524b7a0c8e1ac443d118acb133d1ba1323d8f27'}, 'dob': {'date': '1996-10-03T21:32:08.564Z', 'age': 27}, 'registered': {'date': '2013-06-07T09:26:35.535Z', 'age': 10}, 'phone': '94084848', 'cell': '21990088', 'id': {'name': 'CPR', 'value': '031096-8269'}, 'picture': {'large': 'https://randomuser.me/api/portraits/men/77.jpg', 'medium': 'https://randomuser.me/api/portraits/med/men/77.jpg', 'thumbnail': 'https://randomuser.me/api/portraits/thumb/men/77.jpg'}, 'nat': 'DK'}</msg>
<arg>${json_data['results'][0]}</arg>
<doc>Logs the given message with the given level.</doc>
<status status="PASS" start="2024-05-29T09:17:18.991628" elapsed="0.000416"/>
</kw>
<kw name="Log" owner="BuiltIn">
<msg time="2024-05-29T09:17:18.992473" level="INFO">name</msg>
<arg>${key}</arg>
<doc>Logs the given message with the given level.</doc>
<status status="PASS" start="2024-05-29T09:17:18.992341" elapsed="0.000170"/>
</kw>
<var name="${key}">name</var>
<status status="PASS" start="2024-05-29T09:17:18.990754" elapsed="0.001975"/>
</iter>
<iter>
<kw name="Dictionary Should Contain Key" owner="Collections">
<msg time="2024-05-29T09:17:18.993430" level="INFO">False</msg>
<arg>${json_data['results'][0]}</arg>
<arg>${key}</arg>
<doc>Fails if ``key`` is not found from ``dictionary``.</doc>
<status status="PASS" start="2024-05-29T09:17:18.993046" elapsed="0.000422"/>
</kw>
<kw name="Log" owner="BuiltIn">
<msg time="2024-05-29T09:17:18.994139" level="INFO">{'gender': 'male', 'name': {'title': 'Mr', 'first': 'Silas', 'last': 'Andersen'}, 'location': {'street': {'number': 6599, 'name': 'Søndervej'}, 'city': 'Viby Sj.', 'state': 'Midtjylland', 'country': 'Denmark', 'postcode': 62453, 'coordinates': {'latitude': '-46.7002', 'longitude': '-8.5702'}, 'timezone': {'offset': '+4:30', 'description': 'Kabul'}}, 'email': 'silas.andersen@example.com', 'login': {'uuid': 'd0aadf69-ce89-4d95-ac43-ce8cf70d7e7d', 'username': 'brownduck827', 'password': 'rolltide', 'salt': 'V3GLYLx3', 'md5': 'a219831533b0e2bd6459c02c9b859a43', 'sha1': 'fc0218b0a8811d71753fdc6003ff606614d8599f', 'sha256': 'c8364a6aa593eecef77b104a0524b7a0c8e1ac443d118acb133d1ba1323d8f27'}, 'dob': {'date': '1996-10-03T21:32:08.564Z', 'age': 27}, 'registered': {'date': '2013-06-07T09:26:35.535Z', 'age': 10}, 'phone': '94084848', 'cell': '21990088', 'id': {'name': 'CPR', 'value': '031096-8269'}, 'picture': {'large': 'https://randomuser.me/api/portraits/men/77.jpg', 'medium': 'https://randomuser.me/api/portraits/med/men/77.jpg', 'thumbnail': 'https://randomuser.me/api/portraits/thumb/men/77.jpg'}, 'nat': 'DK'}</msg>
<arg>${json_data['results'][0]}</arg>
<doc>Logs the given message with the given level.</doc>
<status status="PASS" start="2024-05-29T09:17:18.993771" elapsed="0.000420"/>
</kw>
<kw name="Log" owner="BuiltIn">
<msg time="2024-05-29T09:17:18.994628" level="INFO">location</msg>
<arg>${key}</arg>
<doc>Logs the given message with the given level.</doc>
<status status="PASS" start="2024-05-29T09:17:18.994500" elapsed="0.000166"/>
</kw>
<var name="${key}">location</var>
<status status="PASS" start="2024-05-29T09:17:18.992910" elapsed="0.001973"/>
</iter>
<iter>
<kw name="Dictionary Should Contain Key" owner="Collections">
<msg time="2024-05-29T09:17:18.995660" level="INFO">False</msg>
<arg>${json_data['results'][0]}</arg>
<arg>${key}</arg>
<doc>Fails if ``key`` is not found from ``dictionary``.</doc>
<status status="PASS" start="2024-05-29T09:17:18.995170" elapsed="0.000529"/>
</kw>
<kw name="Log" owner="BuiltIn">
<msg time="2024-05-29T09:17:18.996378" level="INFO">{'gender': 'male', 'name': {'title': 'Mr', 'first': 'Silas', 'last': 'Andersen'}, 'location': {'street': {'number': 6599, 'name': 'Søndervej'}, 'city': 'Viby Sj.', 'state': 'Midtjylland', 'country': 'Denmark', 'postcode': 62453, 'coordinates': {'latitude': '-46.7002', 'longitude': '-8.5702'}, 'timezone': {'offset': '+4:30', 'description': 'Kabul'}}, 'email': 'silas.andersen@example.com', 'login': {'uuid': 'd0aadf69-ce89-4d95-ac43-ce8cf70d7e7d', 'username': 'brownduck827', 'password': 'rolltide', 'salt': 'V3GLYLx3', 'md5': 'a219831533b0e2bd6459c02c9b859a43', 'sha1': 'fc0218b0a8811d71753fdc6003ff606614d8599f', 'sha256': 'c8364a6aa593eecef77b104a0524b7a0c8e1ac443d118acb133d1ba1323d8f27'}, 'dob': {'date': '1996-10-03T21:32:08.564Z', 'age': 27}, 'registered': {'date': '2013-06-07T09:26:35.535Z', 'age': 10}, 'phone': '94084848', 'cell': '21990088', 'id': {'name': 'CPR', 'value': '031096-8269'}, 'picture': {'large': 'https://randomuser.me/api/portraits/men/77.jpg', 'medium': 'https://randomuser.me/api/portraits/med/men/77.jpg', 'thumbnail': 'https://randomuser.me/api/portraits/thumb/men/77.jpg'}, 'nat': 'DK'}</msg>
<arg>${json_data['results'][0]}</arg>
<doc>Logs the given message with the given level.</doc>
<status status="PASS" start="2024-05-29T09:17:18.996007" elapsed="0.000423"/>
</kw>
<kw name="Log" owner="BuiltIn">
<msg time="2024-05-29T09:17:18.996860" level="INFO">email</msg>
<arg>${key}</arg>
<doc>Logs the given message with the given level.</doc>
<status status="PASS" start="2024-05-29T09:17:18.996730" elapsed="0.000168"/>
</kw>
<var name="${key}">email</var>
<status status="PASS" start="2024-05-29T09:17:18.995058" elapsed="0.002080"/>
</iter>
<iter>
<kw name="Dictionary Should Contain Key" owner="Collections">
<msg time="2024-05-29T09:17:18.997822" level="INFO">False</msg>
<arg>${json_data['results'][0]}</arg>
<arg>${key}</arg>
<doc>Fails if ``key`` is not found from ``dictionary``.</doc>
<status status="PASS" start="2024-05-29T09:17:18.997437" elapsed="0.000423"/>
</kw>
<kw name="Log" owner="BuiltIn">
<msg time="2024-05-29T09:17:18.998512" level="INFO">{'gender': 'male', 'name': {'title': 'Mr', 'first': 'Silas', 'last': 'Andersen'}, 'location': {'street': {'number': 6599, 'name': 'Søndervej'}, 'city': 'Viby Sj.', 'state': 'Midtjylland', 'country': 'Denmark', 'postcode': 62453, 'coordinates': {'latitude': '-46.7002', 'longitude': '-8.5702'}, 'timezone': {'offset': '+4:30', 'description': 'Kabul'}}, 'email': 'silas.andersen@example.com', 'login': {'uuid': 'd0aadf69-ce89-4d95-ac43-ce8cf70d7e7d', 'username': 'brownduck827', 'password': 'rolltide', 'salt': 'V3GLYLx3', 'md5': 'a219831533b0e2bd6459c02c9b859a43', 'sha1': 'fc0218b0a8811d71753fdc6003ff606614d8599f', 'sha256': 'c8364a6aa593eecef77b104a0524b7a0c8e1ac443d118acb133d1ba1323d8f27'}, 'dob': {'date': '1996-10-03T21:32:08.564Z', 'age': 27}, 'registered': {'date': '2013-06-07T09:26:35.535Z', 'age': 10}, 'phone': '94084848', 'cell': '21990088', 'id': {'name': 'CPR', 'value': '031096-8269'}, 'picture': {'large': 'https://randomuser.me/api/portraits/men/77.jpg', 'medium': 'https://randomuser.me/api/portraits/med/men/77.jpg', 'thumbnail': 'https://randomuser.me/api/portraits/thumb/men/77.jpg'}, 'nat': 'DK'}</msg>
<arg>${json_data['results'][0]}</arg>
<doc>Logs the given message with the given level.</doc>
<status status="PASS" start="2024-05-29T09:17:18.998156" elapsed="0.000406"/>
</kw>
<kw name="Log" owner="BuiltIn">
<msg time="2024-05-29T09:17:18.998982" level="INFO">login</msg>
<arg>${key}</arg>
<doc>Logs the given message with the given level.</doc>
<status status="PASS" start="2024-05-29T09:17:18.998856" elapsed="0.000163"/>
</kw>
<var name="${key}">login</var>
<status status="PASS" start="2024-05-29T09:17:18.997314" elapsed="0.001921"/>
</iter>
<var>${key}</var>
<value>@{expected_keys}</value>
<status status="PASS" start="2024-05-29T09:17:18.988342" elapsed="0.011014"/>
</for>
<kw name="Create List" owner="BuiltIn">
<msg time="2024-05-29T09:17:18.999720" level="INFO">${expected_keysTwo} = ['username', 'password']</msg>
<var>${expected_keysTwo}</var>
<arg>username</arg>
<arg>password</arg>
<doc>Returns a list containing given items.</doc>
<status status="PASS" start="2024-05-29T09:17:18.999581" elapsed="0.000162"/>
</kw>
<for flavor="IN">
<iter>
<kw name="Dictionary Should Contain Key" owner="Collections">
<msg time="2024-05-29T09:17:19.000645" level="INFO">False</msg>
<arg>${json_data['results'][0]['login']}</arg>
<arg>${keyTwo}</arg>
<doc>Fails if ``key`` is not found from ``dictionary``.</doc>
<status status="PASS" start="2024-05-29T09:17:19.000253" elapsed="0.000429"/>
</kw>
<kw name="Dictionary Should Contain Key" owner="Collections">
<msg time="2024-05-29T09:17:19.001391" level="INFO">False</msg>
<arg>${json_data['results'][0]['login']}</arg>
<arg>${keyTwo}</arg>
<doc>Fails if ``key`` is not found from ``dictionary``.</doc>
<status status="PASS" start="2024-05-29T09:17:19.000983" elapsed="0.000445"/>
</kw>
<kw name="Log" owner="BuiltIn">
<msg time="2024-05-29T09:17:19.001859" level="INFO">username</msg>
<arg>${keyTwo}</arg>
<doc>Logs the given message with the given level.</doc>
<status status="PASS" start="2024-05-29T09:17:19.001728" elapsed="0.000169"/>
</kw>
<var name="${keyTwo}">username</var>
<status status="PASS" start="2024-05-29T09:17:19.000142" elapsed="0.001974"/>
</iter>
<iter>
<kw name="Dictionary Should Contain Key" owner="Collections">
<msg time="2024-05-29T09:17:19.002791" level="INFO">False</msg>
<arg>${json_data['results'][0]['login']}</arg>
<arg>${keyTwo}</arg>
<doc>Fails if ``key`` is not found from ``dictionary``.</doc>
<status status="PASS" start="2024-05-29T09:17:19.002405" elapsed="0.000425"/>
</kw>
<kw name="Dictionary Should Contain Key" owner="Collections">
<msg time="2024-05-29T09:17:19.003511" level="INFO">False</msg>
<arg>${json_data['results'][0]['login']}</arg>
<arg>${keyTwo}</arg>
<doc>Fails if ``key`` is not found from ``dictionary``.</doc>
<status status="PASS" start="2024-05-29T09:17:19.003129" elapsed="0.000420"/>
</kw>
<kw name="Log" owner="BuiltIn">
<msg time="2024-05-29T09:17:19.003976" level="INFO">password</msg>
<arg>${keyTwo}</arg>
<doc>Logs the given message with the given level.</doc>
<status status="PASS" start="2024-05-29T09:17:19.003848" elapsed="0.000165"/>
</kw>
<var name="${keyTwo}">password</var>
<status status="PASS" start="2024-05-29T09:17:19.002293" elapsed="0.001936"/>
</iter>
<var>${keyTwo}</var>
<value>@{expected_keysTwo}</value>
<status status="PASS" start="2024-05-29T09:17:18.999986" elapsed="0.004365"/>
</for>
<status status="PASS" start="2024-05-29T09:17:18.889747" elapsed="0.114743"/>
</kw>
<doc>Testa a estrutura da resposta da API.</doc>
<tag>testeEstruturaResposta</tag>
<status status="PASS" start="2024-05-29T09:17:18.889248" elapsed="0.115392"/>
</test>
<test id="s1-s1-t4" name="Validar tipos de dados" line="28">
<kw name="Teste de Tipos de Dados" owner="random-user-service">
<kw name="GET On Session" owner="RequestsLibrary">
<msg time="2024-05-29T09:17:19.096117" level="INFO">GET Request : url=https://randomuser.me/api 
 path_url=/api 
 headers={'User-Agent': 'python-requests/2.32.2', 'Accept-Encoding': 'gzip, deflate', 'Accept': '*/*', 'Connection': 'keep-alive'} 
 body=None 
 </msg>
<msg time="2024-05-29T09:17:19.096188" level="INFO">GET Response : url=https://randomuser.me/api 
 status=200, reason=OK 
 headers={'Date': 'Wed, 29 May 2024 09:17:19 GMT', 'Content-Type': 'application/json; charset=utf-8', 'Transfer-Encoding': 'chunked', 'Connection': 'keep-alive', 'X-Powered-By': 'Express', 'Access-Control-Allow-Origin': '*', 'Cache-Control': 'no-cache', 'ETag': 'W/"489-tbw5AzpRiWQaOM8IlDojyfMDFaU"', 'Vary': 'Accept-Encoding', 'Content-Encoding': 'gzip', 'CF-Cache-Status': 'DYNAMIC', 'Report-To': '{"endpoints":[{"url":"https:\\/\\/a.nel.cloudflare.com\\/report\\/v4?s=tNL6vQqqQfAQUgIKhOTokZzTL%2F9xu%2F8yK9sWpzTWGOTmcb7BAZRHJwHL8%2FBC%2Ffyb4Zs%2BnmqukCLZwLk7%2BCjZKENumNim2c1K0F9F%2B7rYziMz2bSEtS7w2Msg%2B31H0HVz"}],"group":"cf-nel","max_age":604800}', 'NEL': '{"success_fraction":0,"report_to":"cf-nel","max_age":604800}', 'Server': 'cloudflare', 'CF-RAY': '88b56401dbe69648-SJC', 'alt-svc': 'h3=":443"; ma=86400'} 
 body={"results":[{"gender":"male","name":{"title":"Mr","first":"Elias","last":"Poulsen"},"location":{"street":{"number":8782,"name":"Rådyrvej"},"city":"Randers Nø","state":"Midtjylland","country":"Denmark","postcode":10910,"coordinates":{"latitude":"-41.4383","longitude":"-65.1941"},"timezone":{"offset":"+8:00","description":"Beijing, Perth, Singapore, Hong Kong"}},"email":"elias.poulsen@example.com","login":{"uuid":"4cdeaa70-e50a-4641-935b-7277ee2ac31f","username":"greenpanda525","password":"cameron","salt":"3uaQzseZ","md5":"70a08dcbef8b9381cfed4090cbfc49d0","sha1":"6d9ca3b2fcbe7976042733a66f71fa296f29a8ef","sha256":"b19175724106a329e4bdd92192ab034a89be3d82a96d20c8aa36e4a65e42a678"},"dob":{"date":"1953-02-17T11:46:47.946Z","age":71},"registered":{"date":"2012-03-06T11:19:58.181Z","age":12},"phone":"98167209","cell":"75169877","id":{"name":"CPR","value":"170253-4268"},"picture":{"large":"https://randomuser.me/api/portraits/men/47.jpg","medium":"https://randomuser.me/api/portraits/med/men/47.jpg","thumbnail":"https://randomuser.me/api/portraits/thumb/men/47.jpg"},"nat":"DK"}],"info":{"seed":"8ebee4ffd9e9e5b8","results":1,"page":1,"version":"1.4"}} 
 </msg>
<msg time="2024-05-29T09:17:19.096248" level="INFO">/opt/hostedtoolcache/Python/3.12.3/x64/lib/python3.12/site-packages/urllib3/connectionpool.py:1103: InsecureRequestWarning: Unverified HTTPS request is being made to host 'randomuser.me'. Adding certificate verification is strongly advised. See: https://urllib3.readthedocs.io/en/latest/advanced-usage.html#tls-warnings
  warnings.warn(</msg>
<msg time="2024-05-29T09:17:19.096339" level="INFO">${response} = &lt;Response [200]&gt;</msg>
<var>${response}</var>
<arg>consultarAPI</arg>
<arg>/api</arg>
<doc>Sends a GET request on a previously created HTTP Session.</doc>
<status status="PASS" start="2024-05-29T09:17:19.008221" elapsed="0.088144"/>
</kw>
<kw name="Set Variable" owner="BuiltIn">
<msg time="2024-05-29T09:17:19.097308" level="INFO">${json_data} = {'results': [{'gender': 'male', 'name': {'title': 'Mr', 'first': 'Elias', 'last': 'Poulsen'}, 'location': {'street': {'number': 8782, 'name': 'Rådyrvej'}, 'city': 'Randers Nø', 'state': 'Midtjylland',...</msg>
<var>${json_data}</var>
<arg>${response.json()}</arg>
<doc>Returns the given values which can then be assigned to a variables.</doc>
<status status="PASS" start="2024-05-29T09:17:19.096793" elapsed="0.000547"/>
</kw>
<kw name="Log" owner="BuiltIn">
<msg time="2024-05-29T09:17:19.097832" level="INFO">{'results': [{'gender': 'male', 'name': {'title': 'Mr', 'first': 'Elias', 'last': 'Poulsen'}, 'location': {'street': {'number': 8782, 'name': 'Rådyrvej'}, 'city': 'Randers Nø', 'state': 'Midtjylland', 'country': 'Denmark', 'postcode': 10910, 'coordinates': {'latitude': '-41.4383', 'longitude': '-65.1941'}, 'timezone': {'offset': '+8:00', 'description': 'Beijing, Perth, Singapore, Hong Kong'}}, 'email': 'elias.poulsen@example.com', 'login': {'uuid': '4cdeaa70-e50a-4641-935b-7277ee2ac31f', 'username': 'greenpanda525', 'password': 'cameron', 'salt': '3uaQzseZ', 'md5': '70a08dcbef8b9381cfed4090cbfc49d0', 'sha1': '6d9ca3b2fcbe7976042733a66f71fa296f29a8ef', 'sha256': 'b19175724106a329e4bdd92192ab034a89be3d82a96d20c8aa36e4a65e42a678'}, 'dob': {'date': '1953-02-17T11:46:47.946Z', 'age': 71}, 'registered': {'date': '2012-03-06T11:19:58.181Z', 'age': 12}, 'phone': '98167209', 'cell': '75169877', 'id': {'name': 'CPR', 'value': '170253-4268'}, 'picture': {'large': 'https://randomuser.me/api/portraits/men/47.jpg', 'medium': 'https://randomuser.me/api/portraits/med/men/47.jpg', 'thumbnail': 'https://randomuser.me/api/portraits/thumb/men/47.jpg'}, 'nat': 'DK'}], 'info': {'seed': '8ebee4ffd9e9e5b8', 'results': 1, 'page': 1, 'version': '1.4'}}</msg>
<arg>${json_data}</arg>
<doc>Logs the given message with the given level.</doc>
<status status="PASS" start="2024-05-29T09:17:19.097671" elapsed="0.000210"/>
</kw>
<kw name="Should Be String" owner="String">
<arg>${json_data['results'][0]['gender']}</arg>
<doc>Fails if the given ``item`` is not a string.</doc>
<status status="PASS" start="2024-05-29T09:17:19.098215" elapsed="0.000372"/>
</kw>
<kw name="Should Match Regexp" owner="BuiltIn">
<arg>${json_data['results'][0]['email']}</arg>
<arg>^[a-zA-Z0-9._%+-]+@[a-zA-Z0-9.-]+\.[a-zA-Z]{2,}$</arg>
<doc>Fails if ``string`` does not match ``pattern`` as a regular expression.</doc>
<status status="PASS" start="2024-05-29T09:17:19.098790" elapsed="0.000666"/>
</kw>
<kw name="Should Match Regexp" owner="BuiltIn">
<arg>${json_data['results'][0]['dob']['date']}</arg>
<arg>\\d{4}-\\d{2}-\\d{2}T\\d{2}:\\d{2}:\\d{2}\\.\\d{3}Z</arg>
<doc>Fails if ``string`` does not match ``pattern`` as a regular expression.</doc>
<status status="PASS" start="2024-05-29T09:17:19.099659" elapsed="0.000500"/>
</kw>
<kw name="Should Match Regexp" owner="BuiltIn">
<arg>${json_data['results'][0]['registered']['date']}</arg>
<arg>\\d{4}-\\d{2}-\\d{2}T\\d{2}:\\d{2}:\\d{2}\\.\\d{3}Z</arg>
<doc>Fails if ``string`` does not match ``pattern`` as a regular expression.</doc>
<status status="PASS" start="2024-05-29T09:17:19.100360" elapsed="0.000372"/>
</kw>
<kw name="Should Match Regexp" owner="BuiltIn">
<arg>${json_data['results'][0]['picture']['large']}</arg>
<arg>^https?://.*\.(?:png|jpe?g|gif|bmp)$</arg>
<doc>Fails if ``string`` does not match ``pattern`` as a regular expression.</doc>
<status status="PASS" start="2024-05-29T09:17:19.100924" elapsed="0.000514"/>
</kw>
<kw name="Should Match Regexp" owner="BuiltIn">
<arg>${json_data['results'][0]['picture']['medium']}</arg>
<arg>^https?://.*\.(?:png|jpe?g|gif|bmp)$</arg>
<doc>Fails if ``string`` does not match ``pattern`` as a regular expression.</doc>
<status status="PASS" start="2024-05-29T09:17:19.101635" elapsed="0.000360"/>
</kw>
<kw name="Should Match Regexp" owner="BuiltIn">
<arg>${json_data['results'][0]['picture']['thumbnail']}</arg>
<arg>^https?://.*\.(?:png|jpe?g|gif|bmp)$</arg>
<doc>Fails if ``string`` does not match ``pattern`` as a regular expression.</doc>
<status status="PASS" start="2024-05-29T09:17:19.102183" elapsed="0.000356"/>
</kw>
<kw name="Log" owner="BuiltIn">
<msg time="2024-05-29T09:17:19.103050" level="INFO">{'large': 'https://randomuser.me/api/portraits/men/47.jpg', 'medium': 'https://randomuser.me/api/portraits/med/men/47.jpg', 'thumbnail': 'https://randomuser.me/api/portraits/thumb/men/47.jpg'}</msg>
<arg>${json_data['results'][0]['picture']}</arg>
<doc>Logs the given message with the given level.</doc>
<status status="PASS" start="2024-05-29T09:17:19.102725" elapsed="0.000367"/>
</kw>
<status status="PASS" start="2024-05-29T09:17:19.007853" elapsed="0.095494"/>
</kw>
<kw name="Teste de Tipos de Dados - Postcode" owner="random-user-service">
<kw name="GET On Session" owner="RequestsLibrary">
<msg time="2024-05-29T09:17:19.200663" level="INFO">GET Request : url=https://randomuser.me/api 
 path_url=/api 
 headers={'User-Agent': 'python-requests/2.32.2', 'Accept-Encoding': 'gzip, deflate', 'Accept': '*/*', 'Connection': 'keep-alive'} 
 body=None 
 </msg>
<msg time="2024-05-29T09:17:19.200737" level="INFO">GET Response : url=https://randomuser.me/api 
 status=200, reason=OK 
 headers={'Date': 'Wed, 29 May 2024 09:17:19 GMT', 'Content-Type': 'application/json; charset=utf-8', 'Transfer-Encoding': 'chunked', 'Connection': 'keep-alive', 'X-Powered-By': 'Express', 'Access-Control-Allow-Origin': '*', 'Cache-Control': 'no-cache', 'ETag': 'W/"46d-Kurg058ZWh8kAhCVhP47no+WfWM"', 'Vary': 'Accept-Encoding', 'Content-Encoding': 'gzip', 'CF-Cache-Status': 'DYNAMIC', 'Report-To': '{"endpoints":[{"url":"https:\\/\\/a.nel.cloudflare.com\\/report\\/v4?s=pM3AWmWBCiZnadKAwJGuV6TRb2foXABmrLbfHDTNxYtLJIil%2BjSObASJrH3mOJg1ZP%2BFaaG3ZamnkFthFK2AhX5khtdWhDIpdBQrkaiflgHnpcZEj6zgnjPyc8YYIS50"}],"group":"cf-nel","max_age":604800}', 'NEL': '{"success_fraction":0,"report_to":"cf-nel","max_age":604800}', 'Server': 'cloudflare', 'CF-RAY': '88b564026c269648-SJC', 'alt-svc': 'h3=":443"; ma=86400'} 
 body={"results":[{"gender":"male","name":{"title":"Mr","first":"Floyd","last":"Fuller"},"location":{"street":{"number":9151,"name":"Blossom Hill Rd"},"city":"Coffs Harbour","state":"Victoria","country":"Australia","postcode":2345,"coordinates":{"latitude":"-83.6122","longitude":"-49.5903"},"timezone":{"offset":"-9:00","description":"Alaska"}},"email":"floyd.fuller@example.com","login":{"uuid":"541e04c5-e304-45b2-a052-0620ffdd3587","username":"greendog108","password":"1313","salt":"6mbsvTkj","md5":"a20debb1c74958b1e15962d2237dd3f4","sha1":"443e1955a18391501beef14b66f6c69ef7b25a75","sha256":"d5f7720458997b1877772d469e35b2a864d6e1dd855e3734f35110b182615b16"},"dob":{"date":"1966-12-30T02:43:51.961Z","age":57},"registered":{"date":"2005-03-19T06:00:39.731Z","age":19},"phone":"09-9882-3545","cell":"0413-953-115","id":{"name":"TFN","value":"784924520"},"picture":{"large":"https://randomuser.me/api/portraits/men/1.jpg","medium":"https://randomuser.me/api/portraits/med/men/1.jpg","thumbnail":"https://randomuser.me/api/portraits/thumb/men/1.jpg"},"nat":"AU"}],"info":{"seed":"d59444c36c5aede4","results":1,"page":1,"version":"1.4"}} 
 </msg>
<msg time="2024-05-29T09:17:19.200807" level="INFO">/opt/hostedtoolcache/Python/3.12.3/x64/lib/python3.12/site-packages/urllib3/connectionpool.py:1103: InsecureRequestWarning: Unverified HTTPS request is being made to host 'randomuser.me'. Adding certificate verification is strongly advised. See: https://urllib3.readthedocs.io/en/latest/advanced-usage.html#tls-warnings
  warnings.warn(</msg>
<msg time="2024-05-29T09:17:19.200907" level="INFO">${response} = &lt;Response [200]&gt;</msg>
<var>${response}</var>
<arg>consultarAPI</arg>
<arg>/api</arg>
<doc>Sends a GET request on a previously created HTTP Session.</doc>
<status status="PASS" start="2024-05-29T09:17:19.103789" elapsed="0.097158"/>
</kw>
<kw name="Set Variable" owner="BuiltIn">
<msg time="2024-05-29T09:17:19.201845" level="INFO">${json_data} = {'results': [{'gender': 'male', 'name': {'title': 'Mr', 'first': 'Floyd', 'last': 'Fuller'}, 'location': {'street': {'number': 9151, 'name': 'Blossom Hill Rd'}, 'city': 'Coffs Harbour', 'state': 'Vict...</msg>
<var>${json_data}</var>
<arg>${response.json()}</arg>
<doc>Returns the given values which can then be assigned to a variables.</doc>
<status status="PASS" start="2024-05-29T09:17:19.201391" elapsed="0.000483"/>
</kw>
<kw name="Log" owner="BuiltIn">
<msg time="2024-05-29T09:17:19.202340" level="INFO">{'results': [{'gender': 'male', 'name': {'title': 'Mr', 'first': 'Floyd', 'last': 'Fuller'}, 'location': {'street': {'number': 9151, 'name': 'Blossom Hill Rd'}, 'city': 'Coffs Harbour', 'state': 'Victoria', 'country': 'Australia', 'postcode': 2345, 'coordinates': {'latitude': '-83.6122', 'longitude': '-49.5903'}, 'timezone': {'offset': '-9:00', 'description': 'Alaska'}}, 'email': 'floyd.fuller@example.com', 'login': {'uuid': '541e04c5-e304-45b2-a052-0620ffdd3587', 'username': 'greendog108', 'password': '1313', 'salt': '6mbsvTkj', 'md5': 'a20debb1c74958b1e15962d2237dd3f4', 'sha1': '443e1955a18391501beef14b66f6c69ef7b25a75', 'sha256': 'd5f7720458997b1877772d469e35b2a864d6e1dd855e3734f35110b182615b16'}, 'dob': {'date': '1966-12-30T02:43:51.961Z', 'age': 57}, 'registered': {'date': '2005-03-19T06:00:39.731Z', 'age': 19}, 'phone': '09-9882-3545', 'cell': '0413-953-115', 'id': {'name': 'TFN', 'value': '784924520'}, 'picture': {'large': 'https://randomuser.me/api/portraits/men/1.jpg', 'medium': 'https://randomuser.me/api/portraits/med/men/1.jpg', 'thumbnail': 'https://randomuser.me/api/portraits/thumb/men/1.jpg'}, 'nat': 'AU'}], 'info': {'seed': 'd59444c36c5aede4', 'results': 1, 'page': 1, 'version': '1.4'}}</msg>
<arg>${json_data}</arg>
<doc>Logs the given message with the given level.</doc>
<status status="PASS" start="2024-05-29T09:17:19.202187" elapsed="0.000201"/>
</kw>
<kw name="Should Be Equal As Numbers" owner="BuiltIn">
<arg>${json_data['results'][0]['location']['postcode']}</arg>
<arg>${json_data['results'][0]['location']['postcode']}</arg>
<doc>Fails if objects are unequal after converting them to real numbers.</doc>
<status status="PASS" start="2024-05-29T09:17:19.202686" elapsed="0.000632"/>
</kw>
<kw name="Log" owner="BuiltIn">
<msg time="2024-05-29T09:17:19.203887" level="INFO">2345</msg>
<arg>${json_data['results'][0]['location']['postcode']}</arg>
<doc>Logs the given message with the given level.</doc>
<status status="PASS" start="2024-05-29T09:17:19.203546" elapsed="0.000383"/>
</kw>
<status status="PASS" start="2024-05-29T09:17:19.103563" elapsed="0.100621"/>
</kw>
<doc>Testa se os tipos de dados na resposta da API estão corretos.</doc>
<tag>testeTiposDados</tag>
<status status="PASS" start="2024-05-29T09:17:19.007144" elapsed="0.197203"/>
</test>
<test id="s1-s1-t5" name="Validar conteudo" line="35">
<kw name="Teste de Tipos de Conteudo" owner="random-user-service">
<kw name="GET On Session" owner="RequestsLibrary">
<msg time="2024-05-29T09:17:19.297729" level="INFO">GET Request : url=https://randomuser.me/api 
 path_url=/api 
 headers={'User-Agent': 'python-requests/2.32.2', 'Accept-Encoding': 'gzip, deflate', 'Accept': '*/*', 'Connection': 'keep-alive'} 
 body=None 
 </msg>
<msg time="2024-05-29T09:17:19.297804" level="INFO">GET Response : url=https://randomuser.me/api 
 status=200, reason=OK 
 headers={'Date': 'Wed, 29 May 2024 09:17:19 GMT', 'Content-Type': 'application/json; charset=utf-8', 'Transfer-Encoding': 'chunked', 'Connection': 'keep-alive', 'X-Powered-By': 'Express', 'Access-Control-Allow-Origin': '*', 'Cache-Control': 'no-cache', 'ETag': 'W/"483-fsR17AKnoQ1c2iWkwECsWA3yGxg"', 'Vary': 'Accept-Encoding', 'Content-Encoding': 'gzip', 'CF-Cache-Status': 'DYNAMIC', 'Report-To': '{"endpoints":[{"url":"https:\\/\\/a.nel.cloudflare.com\\/report\\/v4?s=WCfqzqCez%2FBAFM1dBmChKSEWHufC3rIQtpaEeXn8Qisw2n1GtH12SkDp3slaIFASyyro%2BG3jx6mhU31iU2YCGnzoYvAOSzIyaFKG0oG9KDSJ6YGkJJLEQ9bPb%2By%2BA2BR"}],"group":"cf-nel","max_age":604800}', 'NEL': '{"success_fraction":0,"report_to":"cf-nel","max_age":604800}', 'Server': 'cloudflare', 'CF-RAY': '88b564031c839648-SJC', 'alt-svc': 'h3=":443"; ma=86400'} 
 body={"results":[{"gender":"male","name":{"title":"Mr","first":"Jerome","last":"Williamson"},"location":{"street":{"number":4471,"name":"Nowlin Rd"},"city":"Torrance","state":"North Dakota","country":"United States","postcode":17148,"coordinates":{"latitude":"85.1805","longitude":"-154.6512"},"timezone":{"offset":"-9:00","description":"Alaska"}},"email":"jerome.williamson@example.com","login":{"uuid":"7f178ea1-94ce-4721-ac08-7a9284fd6631","username":"angryleopard546","password":"sarah1","salt":"KsY7Dig5","md5":"bbd2c69cd68ef45f67b734a06ff89829","sha1":"182e1fa971b14b643fb574d9e683a6e9bebd4c9a","sha256":"34d1c7dec816a118e07232a711c9115f9d8ea8a6e6476660c9377dfc111930ec"},"dob":{"date":"1980-02-19T14:05:32.068Z","age":44},"registered":{"date":"2014-08-16T13:47:04.703Z","age":9},"phone":"(629) 833-2026","cell":"(290) 331-7812","id":{"name":"SSN","value":"433-77-4439"},"picture":{"large":"https://randomuser.me/api/portraits/men/13.jpg","medium":"https://randomuser.me/api/portraits/med/men/13.jpg","thumbnail":"https://randomuser.me/api/portraits/thumb/men/13.jpg"},"nat":"US"}],"info":{"seed":"d1c5d45f6ef1799a","results":1,"page":1,"version":"1.4"}} 
 </msg>
<msg time="2024-05-29T09:17:19.297870" level="INFO">/opt/hostedtoolcache/Python/3.12.3/x64/lib/python3.12/site-packages/urllib3/connectionpool.py:1103: InsecureRequestWarning: Unverified HTTPS request is being made to host 'randomuser.me'. Adding certificate verification is strongly advised. See: https://urllib3.readthedocs.io/en/latest/advanced-usage.html#tls-warnings
  warnings.warn(</msg>
<msg time="2024-05-29T09:17:19.297972" level="INFO">${response} = &lt;Response [200]&gt;</msg>
<var>${response}</var>
<arg>consultarAPI</arg>
<arg>/api</arg>
<doc>Sends a GET request on a previously created HTTP Session.</doc>
<status status="PASS" start="2024-05-29T09:17:19.206833" elapsed="0.091186"/>
</kw>
<kw name="Set Variable" owner="BuiltIn">
<msg time="2024-05-29T09:17:19.298906" level="INFO">${json_data} = {'results': [{'gender': 'male', 'name': {'title': 'Mr', 'first': 'Jerome', 'last': 'Williamson'}, 'location': {'street': {'number': 4471, 'name': 'Nowlin Rd'}, 'city': 'Torrance', 'state': 'North Dako...</msg>
<var>${json_data}</var>
<arg>${response.json()}</arg>
<doc>Returns the given values which can then be assigned to a variables.</doc>
<status status="PASS" start="2024-05-29T09:17:19.298456" elapsed="0.000480"/>
</kw>
<kw name="Set Variable" owner="BuiltIn">
<msg time="2024-05-29T09:17:19.299634" level="INFO">${name_title} = Mr</msg>
<var>${name_title}</var>
<arg>${json_data["results"][0]["name"]["title"]}</arg>
<doc>Returns the given values which can then be assigned to a variables.</doc>
<status status="PASS" start="2024-05-29T09:17:19.299246" elapsed="0.000414"/>
</kw>
<kw name="Create List" owner="BuiltIn">
<msg time="2024-05-29T09:17:19.300110" level="INFO">${allowed_titles} = ['Mr', 'Ms', 'Miss', 'Mrs', 'Madame', 'Monsieur']</msg>
<var>${allowed_titles}</var>
<arg>Mr</arg>
<arg>Ms</arg>
<arg>Miss</arg>
<arg>Mrs</arg>
<arg>Madame</arg>
<arg>Monsieur</arg>
<doc>Returns a list containing given items.</doc>
<status status="PASS" start="2024-05-29T09:17:19.299961" elapsed="0.000172"/>
</kw>
<kw name="List Should Contain Value" owner="Collections">
<msg time="2024-05-29T09:17:19.300614" level="INFO">False</msg>
<arg>${allowed_titles}</arg>
<arg>${name_title}</arg>
<doc>Fails if the ``value`` is not found from ``list``.</doc>
<status status="PASS" start="2024-05-29T09:17:19.300439" elapsed="0.000213"/>
</kw>
<kw name="Set Variable" owner="BuiltIn">
<msg time="2024-05-29T09:17:19.301519" level="INFO">${name_country} = US</msg>
<var>${name_country}</var>
<arg>${json_data["results"][0]["nat"]}</arg>
<doc>Returns the given values which can then be assigned to a variables.</doc>
<status status="PASS" start="2024-05-29T09:17:19.300956" elapsed="0.000589"/>
</kw>
<kw name="Create List" owner="BuiltIn">
<msg time="2024-05-29T09:17:19.302470" level="INFO">${list_country} = ['AD', 'AE', 'AF', 'AG', 'AI', 'AL', 'AM', 'AO', 'AQ', 'AR', 'AS', 'AT', 'AU', 'AW', 'AX', 'AZ', 'BA', 'BB', 'BD', 'BE', 'BF', 'BG', 'BH', 'BI', 'BJ', 'BL', 'BM', 'BN', 'BO', 'BQ', 'BR', 'BS', 'BT', '...</msg>
<var>${list_country}</var>
<arg>AD</arg>
<arg>AE</arg>
<arg>AF</arg>
<arg>AG</arg>
<arg>AI</arg>
<arg>AL</arg>
<arg>AM</arg>
<arg>AO</arg>
<arg>AQ</arg>
<arg>AR</arg>
<arg>AS</arg>
<arg>AT</arg>
<arg>AU</arg>
<arg>AW</arg>
<arg>AX</arg>
<arg>AZ</arg>
<arg>BA</arg>
<arg>BB</arg>
<arg>BD</arg>
<arg>BE</arg>
<arg>BF</arg>
<arg>BG</arg>
<arg>BH</arg>
<arg>BI</arg>
<arg>BJ</arg>
<arg>BL</arg>
<arg>BM</arg>
<arg>BN</arg>
<arg>BO</arg>
<arg>BQ</arg>
<arg>BR</arg>
<arg>BS</arg>
<arg>BT</arg>
<arg>BV</arg>
<arg>BW</arg>
<arg>BY</arg>
<arg>BZ</arg>
<arg>CA</arg>
<arg>CC</arg>
<arg>CD</arg>
<arg>CF</arg>
<arg>CG</arg>
<arg>CH</arg>
<arg>CI</arg>
<arg>CK</arg>
<arg>CL</arg>
<arg>CM</arg>
<arg>CN</arg>
<arg>CO</arg>
<arg>CR</arg>
<arg>CU</arg>
<arg>CV</arg>
<arg>CW</arg>
<arg>CX</arg>
<arg>CY</arg>
<arg>CZ</arg>
<arg>DE</arg>
<arg>DJ</arg>
<arg>DK</arg>
<arg>DM</arg>
<arg>DO</arg>
<arg>DZ</arg>
<arg>EC</arg>
<arg>EE</arg>
<arg>EG</arg>
<arg>EH</arg>
<arg>ER</arg>
<arg>ES</arg>
<arg>ET</arg>
<arg>FI</arg>
<arg>FJ</arg>
<arg>FK</arg>
<arg>FM</arg>
<arg>FO</arg>
<arg>FR</arg>
<arg>GA</arg>
<arg>GB</arg>
<arg>GD</arg>
<arg>GE</arg>
<arg>GF</arg>
<arg>GG</arg>
<arg>GH</arg>
<arg>GI</arg>
<arg>GL</arg>
<arg>GM</arg>
<arg>GN</arg>
<arg>GP</arg>
<arg>GQ</arg>
<arg>GR</arg>
<arg>GS</arg>
<arg>GT</arg>
<arg>GU</arg>
<arg>GW</arg>
<arg>GY</arg>
<arg>HK</arg>
<arg>HM</arg>
<arg>HN</arg>
<arg>HR</arg>
<arg>HT</arg>
<arg>HU</arg>
<arg>ID</arg>
<arg>IE</arg>
<arg>IL</arg>
<arg>IM</arg>
<arg>IN</arg>
<arg>IO</arg>
<arg>IQ</arg>
<arg>IR</arg>
<arg>IS</arg>
<arg>IT</arg>
<arg>JE</arg>
<arg>JM</arg>
<arg>JO</arg>
<arg>JP</arg>
<arg>KE</arg>
<arg>KG</arg>
<arg>KH</arg>
<arg>KI</arg>
<arg>KM</arg>
<arg>KN</arg>
<arg>KP</arg>
<arg>KR</arg>
<arg>KW</arg>
<arg>KY</arg>
<arg>KZ</arg>
<arg>LA</arg>
<arg>LB</arg>
<arg>LC</arg>
<arg>LI</arg>
<arg>LK</arg>
<arg>LR</arg>
<arg>LS</arg>
<arg>LT</arg>
<arg>LU</arg>
<arg>LV</arg>
<arg>LY</arg>
<arg>MA</arg>
<arg>MC</arg>
<arg>MD</arg>
<arg>ME</arg>
<arg>MF</arg>
<arg>MG</arg>
<arg>MH</arg>
<arg>MK</arg>
<arg>ML</arg>
<arg>MM</arg>
<arg>MN</arg>
<arg>MO</arg>
<arg>MP</arg>
<arg>MQ</arg>
<arg>MR</arg>
<arg>MS</arg>
<arg>MT</arg>
<arg>MU</arg>
<arg>MV</arg>
<arg>MW</arg>
<arg>MX</arg>
<arg>MY</arg>
<arg>MZ</arg>
<arg>NA</arg>
<arg>NC</arg>
<arg>NE</arg>
<arg>NF</arg>
<arg>NG</arg>
<arg>NI</arg>
<arg>NL</arg>
<arg>NO</arg>
<arg>NP</arg>
<arg>NR</arg>
<arg>NU</arg>
<arg>NZ</arg>
<arg>OM</arg>
<arg>PA</arg>
<arg>PE</arg>
<arg>PF</arg>
<arg>PG</arg>
<arg>PH</arg>
<arg>PK</arg>
<arg>PL</arg>
<arg>PM</arg>
<arg>PN</arg>
<arg>PR</arg>
<arg>PS</arg>
<arg>PT</arg>
<arg>PW</arg>
<arg>PY</arg>
<arg>QA</arg>
<arg>RE</arg>
<arg>RO</arg>
<arg>RS</arg>
<arg>RU</arg>
<arg>RW</arg>
<arg>SA</arg>
<arg>SB</arg>
<arg>SC</arg>
<arg>SD</arg>
<arg>SE</arg>
<arg>SG</arg>
<arg>SH</arg>
<arg>SI</arg>
<arg>SJ</arg>
<arg>SK</arg>
<arg>SL</arg>
<arg>SM</arg>
<arg>SN</arg>
<arg>SO</arg>
<arg>SR</arg>
<arg>SS</arg>
<arg>ST</arg>
<arg>SV</arg>
<arg>SX</arg>
<arg>SY</arg>
<arg>SZ</arg>
<arg>TC</arg>
<arg>TD</arg>
<arg>TF</arg>
<arg>TG</arg>
<arg>TH</arg>
<arg>TJ</arg>
<arg>TK</arg>
<arg>TL</arg>
<arg>TM</arg>
<arg>TN</arg>
<arg>TO</arg>
<arg>TR</arg>
<arg>TT</arg>
<arg>TV</arg>
<arg>TW</arg>
<arg>TZ</arg>
<arg>UA</arg>
<arg>UG</arg>
<arg>UM</arg>
<arg>US</arg>
<arg>UY</arg>
<arg>UZ</arg>
<arg>VA</arg>
<arg>VC</arg>
<arg>VE</arg>
<arg>VG</arg>
<arg>VI</arg>
<arg>VN</arg>
<arg>VU</arg>
<arg>WF</arg>
<arg>WS</arg>
<arg>XK</arg>
<arg>YE</arg>
<arg>YT</arg>
<arg>ZA</arg>
<arg>ZM</arg>
<arg>ZW</arg>
<doc>Returns a list containing given items.</doc>
<status status="PASS" start="2024-05-29T09:17:19.301859" elapsed="0.000637"/>
</kw>
<kw name="List Should Contain Value" owner="Collections">
<msg time="2024-05-29T09:17:19.303501" level="INFO">False</msg>
<arg>${list_country}</arg>
<arg>${name_country}</arg>
<doc>Fails if the ``value`` is not found from ``list``.</doc>
<status status="PASS" start="2024-05-29T09:17:19.303288" elapsed="0.000249"/>
</kw>
<kw name="Run Keyword If" owner="BuiltIn">
<kw name="Should Be True" owner="BuiltIn">
<arg>${True}</arg>
<doc>Fails if the given condition is not true.</doc>
<status status="PASS" start="2024-05-29T09:17:19.304586" elapsed="0.000145"/>
</kw>
<arg>${json_data["results"][0]["location"]["coordinates"]["latitude"]} &gt;= -90 and ${json_data["results"][0]["location"]["coordinates"]["latitude"]} &lt;= 90</arg>
<arg>Should Be True</arg>
<arg>${True}</arg>
<doc>Runs the given keyword with the given arguments, if ``condition`` is true.</doc>
<status status="PASS" start="2024-05-29T09:17:19.303845" elapsed="0.001013"/>
</kw>
<kw name="Run Keyword If" owner="BuiltIn">
<kw name="Should Be True" owner="BuiltIn">
<arg>${True}</arg>
<doc>Fails if the given condition is not true.</doc>
<status status="PASS" start="2024-05-29T09:17:19.305773" elapsed="0.000137"/>
</kw>
<arg>${json_data["results"][0]["location"]["coordinates"]["longitude"]} &gt;= -180 and ${json_data["results"][0]["location"]["coordinates"]["longitude"]} &lt;= 180</arg>
<arg>Should Be True</arg>
<arg>${True}</arg>
<doc>Runs the given keyword with the given arguments, if ``condition`` is true.</doc>
<status status="PASS" start="2024-05-29T09:17:19.305070" elapsed="0.000962"/>
</kw>
<status status="PASS" start="2024-05-29T09:17:19.206610" elapsed="0.099547"/>
</kw>
<doc>Testa o conteúdo específico dos campos retornados pela API.</doc>
<tag>testeConteudo</tag>
<status status="PASS" start="2024-05-29T09:17:19.206155" elapsed="0.100143"/>
</test>
<status status="PASS" start="2024-05-29T09:17:18.402599" elapsed="0.905600"/>
</suite>
<status status="PASS" start="2024-05-29T09:17:18.388493" elapsed="0.924888"/>
</suite>
<statistics>
<total>
<stat pass="5" fail="0" skip="0">All Tests</stat>
</total>
<tag>
<stat pass="1" fail="0" skip="0">testeConteudo</stat>
<stat pass="1" fail="0" skip="0">testeEstruturaResposta</stat>
<stat pass="1" fail="0" skip="0">testeRequisicaoBasica</stat>
<stat pass="1" fail="0" skip="0">testeTiposDados</stat>
</tag>
<suite>
<stat pass="5" fail="0" skip="0" id="s1" name="Tests">Tests</stat>
<stat pass="5" fail="0" skip="0" id="s1-s1" name="Random-User-Test">Tests.Random-User-Test</stat>
</suite>
</statistics>
<errors>
</errors>
</robot>
