<?xml version="1.0" encoding="UTF-8"?>
<robot generator="Robot 7.0 (Python 3.12.3 on linux)" generated="2024-06-08T22:14:18.042603" rpa="false" schemaversion="5">
<suite id="s1" name="Tests" source="/home/runner/work/ApiRandomUser/ApiRandomUser/RamdonUser/tests">
<suite id="s1-s1" name="Random-User-Test" source="/home/runner/work/ApiRandomUser/ApiRandomUser/RamdonUser/tests/random-user-test.robot">
<test id="s1-s1-t1" name="Conectar" line="13">
<kw name="Conectar API" owner="random-user-service">
<kw name="Create Session" owner="RequestsLibrary">
<msg time="2024-06-08T22:14:18.454644" level="INFO">Creating Session using : alias=consultarAPI, url=https://randomuser.me/, headers={},                     cookies={}, auth=None, timeout=None, proxies=None, verify=False,                     debug=0 </msg>
<arg>consultarAPI</arg>
<arg>${URL}</arg>
<doc>Create Session: create a HTTP session to a server</doc>
<status status="PASS" start="2024-06-08T22:14:18.454435" elapsed="0.000450"/>
</kw>
<status status="PASS" start="2024-06-08T22:14:18.453348" elapsed="0.001915"/>
</kw>
<status status="PASS" start="2024-06-08T22:14:18.452817" elapsed="0.002648"/>
</test>
<test id="s1-s1-t2" name="Validar retorno 200 e JSON Válido" line="16">
<kw name="Teste de Requisicao Basica" owner="random-user-service">
<kw name="GET On Session" owner="RequestsLibrary">
<msg time="2024-06-08T22:14:18.644564" level="INFO">GET Request : url=https://randomuser.me/api 
 path_url=/api 
 headers={'User-Agent': 'python-requests/2.32.3', 'Accept-Encoding': 'gzip, deflate', 'Accept': '*/*', 'Connection': 'keep-alive'} 
 body=None 
 </msg>
<msg time="2024-06-08T22:14:18.644726" level="INFO">GET Response : url=https://randomuser.me/api 
 status=200, reason=OK 
 headers={'Date': 'Sat, 08 Jun 2024 22:14:18 GMT', 'Content-Type': 'application/json; charset=utf-8', 'Transfer-Encoding': 'chunked', 'Connection': 'keep-alive', 'X-Powered-By': 'Express', 'Access-Control-Allow-Origin': '*', 'Cache-Control': 'no-cache', 'ETag': 'W/"4a7-6MKuHXohnN1l7WCHv00CjtaL3fU"', 'Vary': 'Accept-Encoding', 'Content-Encoding': 'gzip', 'CF-Cache-Status': 'DYNAMIC', 'Report-To': '{"endpoints":[{"url":"https:\\/\\/a.nel.cloudflare.com\\/report\\/v4?s=KDPgJqzPFtD32DypS%2BhdaZI5vAgdReRHqaaQwMmN7ZjLukdNIj2g%2F2%2B9uy0JJTzFxJCK66gBy%2FrWfZ4NJyuzyAfl7mAia0Y8dTEwwP1s6NWe5dS6r6STnmpW4TbPOrsc"}],"group":"cf-nel","max_age":604800}', 'NEL': '{"success_fraction":0,"report_to":"cf-nel","max_age":604800}', 'Server': 'cloudflare', 'CF-RAY': '890c3beded162b7c-LAX', 'alt-svc': 'h3=":443"; ma=86400'} 
 body={"results":[{"gender":"female","name":{"title":"Mrs","first":"Ramya","last":"Bhardwaj"},"location":{"street":{"number":2211,"name":"Bannerghatta Rd"},"city":"Visakhapatnam","state":"Jharkhand","country":"India","postcode":91405,"coordinates":{"latitude":"5.3666","longitude":"154.8425"},"timezone":{"offset":"0:00","description":"Western Europe Time, London, Lisbon, Casablanca"}},"email":"ramya.bhardwaj@example.com","login":{"uuid":"929730f7-ea32-4c13-a9a0-b0d57fa3f1aa","username":"angrypanda151","password":"natalie","salt":"NmiXenjL","md5":"4c2ddedbcd34eb251a54e35cee8d5405","sha1":"e55fad86078c897ce90eb9947283c0c07f896665","sha256":"df221f8fe963ef7024c4bd8c720f5a4953ed8fcb55de60e6df098534e365e51d"},"dob":{"date":"1993-07-17T07:08:47.284Z","age":30},"registered":{"date":"2008-07-09T23:53:12.931Z","age":15},"phone":"9619066179","cell":"9195767876","id":{"name":"UIDAI","value":"673767379453"},"picture":{"large":"https://randomuser.me/api/portraits/women/46.jpg","medium":"https://randomuser.me/api/portraits/med/women/46.jpg","thumbnail":"https://randomuser.me/api/portraits/thumb/women/46.jpg"},"nat":"IN"}],"info":{"seed":"a41e24d8e928bfe2","results":1,"page":1,"version":"1.4"}} 
 </msg>
<msg time="2024-06-08T22:14:18.644815" level="INFO">/opt/hostedtoolcache/Python/3.12.3/x64/lib/python3.12/site-packages/urllib3/connectionpool.py:1103: InsecureRequestWarning: Unverified HTTPS request is being made to host 'randomuser.me'. Adding certificate verification is strongly advised. See: https://urllib3.readthedocs.io/en/latest/advanced-usage.html#tls-warnings
  warnings.warn(</msg>
<msg time="2024-06-08T22:14:18.644977" level="INFO">${response} = &lt;Response [200]&gt;</msg>
<var>${response}</var>
<arg>consultarAPI</arg>
<arg>/api</arg>
<doc>Sends a GET request on a previously created HTTP Session.</doc>
<status status="PASS" start="2024-06-08T22:14:18.458053" elapsed="0.186967"/>
</kw>
<kw name="Should Be Equal As Numbers" owner="BuiltIn">
<msg time="2024-06-08T22:14:18.646121" level="INFO">Argument types are:
&lt;class 'int'&gt;
&lt;class 'str'&gt;</msg>
<arg>${response.status_code}</arg>
<arg>200</arg>
<doc>Fails if objects are unequal after converting them to real numbers.</doc>
<status status="PASS" start="2024-06-08T22:14:18.645610" elapsed="0.000583"/>
</kw>
<kw name="Log" owner="BuiltIn">
<msg time="2024-06-08T22:14:18.646942" level="INFO">200</msg>
<arg>${response.status_code}</arg>
<doc>Logs the given message with the given level.</doc>
<status status="PASS" start="2024-06-08T22:14:18.646576" elapsed="0.000416"/>
</kw>
<kw name="Set Variable" owner="BuiltIn">
<msg time="2024-06-08T22:14:18.647760" level="INFO">${json_data} = {'results': [{'gender': 'female', 'name': {'title': 'Mrs', 'first': 'Ramya', 'last': 'Bhardwaj'}, 'location': {'street': {'number': 2211, 'name': 'Bannerghatta Rd'}, 'city': 'Visakhapatnam', 'state': ...</msg>
<var>${json_data}</var>
<arg>${response.json()}</arg>
<doc>Returns the given values which can then be assigned to a variables.</doc>
<status status="PASS" start="2024-06-08T22:14:18.647314" elapsed="0.000476"/>
</kw>
<kw name="Dictionary Should Contain Key" owner="Collections">
<msg time="2024-06-08T22:14:18.648275" level="INFO">False</msg>
<arg>${json_data}</arg>
<arg>results</arg>
<doc>Fails if ``key`` is not found from ``dictionary``.</doc>
<status status="PASS" start="2024-06-08T22:14:18.648100" elapsed="0.000389"/>
</kw>
<status status="PASS" start="2024-06-08T22:14:18.457803" elapsed="0.190965"/>
</kw>
<doc>Testa se a API responde corretamente e retorna um objeto JSON válido.</doc>
<tag>testeRequisicaoBasica</tag>
<status status="PASS" start="2024-06-08T22:14:18.457317" elapsed="0.191639"/>
</test>
<test id="s1-s1-t3" name="Validar estrutura de resposta" line="22">
<kw name="Teste de Estrutura de Resposta" owner="random-user-service">
<kw name="GET On Session" owner="RequestsLibrary">
<msg time="2024-06-08T22:14:18.748588" level="INFO">GET Request : url=https://randomuser.me/api 
 path_url=/api 
 headers={'User-Agent': 'python-requests/2.32.3', 'Accept-Encoding': 'gzip, deflate', 'Accept': '*/*', 'Connection': 'keep-alive'} 
 body=None 
 </msg>
<msg time="2024-06-08T22:14:18.748694" level="INFO">GET Response : url=https://randomuser.me/api 
 status=200, reason=OK 
 headers={'Date': 'Sat, 08 Jun 2024 22:14:18 GMT', 'Content-Type': 'application/json; charset=utf-8', 'Transfer-Encoding': 'chunked', 'Connection': 'keep-alive', 'X-Powered-By': 'Express', 'Access-Control-Allow-Origin': '*', 'Cache-Control': 'no-cache', 'ETag': 'W/"495-Goh5fCSMSX4Y/97pJ0dtqI/zhg0"', 'Vary': 'Accept-Encoding', 'Content-Encoding': 'gzip', 'CF-Cache-Status': 'DYNAMIC', 'Report-To': '{"endpoints":[{"url":"https:\\/\\/a.nel.cloudflare.com\\/report\\/v4?s=RMRnL3%2B%2FWpKFAXBzds%2FFmiGni%2BrwybTVmeK6cFcDRJE1%2BA4giLnoTMGxbaSXNOXJHt7MWyBd0sh%2BTnG76Ll9xo8mTHxhlrDJOhmuuVVq4ylb%2BVBuF7JZwB8cOYXcDo4T"}],"group":"cf-nel","max_age":604800}', 'NEL': '{"success_fraction":0,"report_to":"cf-nel","max_age":604800}', 'Server': 'cloudflare', 'CF-RAY': '890c3bee9ddf2b7c-LAX', 'alt-svc': 'h3=":443"; ma=86400'} 
 body={"results":[{"gender":"male","name":{"title":"Mr","first":"Carmelo","last":"Jiménez"},"location":{"street":{"number":8242,"name":"Calle de Tetuán"},"city":"Gandía","state":"Galicia","country":"Spain","postcode":89727,"coordinates":{"latitude":"-36.8711","longitude":"-175.8541"},"timezone":{"offset":"-6:00","description":"Central Time (US &amp; Canada), Mexico City"}},"email":"carmelo.jimenez@example.com","login":{"uuid":"373da4ae-df76-44f6-9a2c-aee778dfabf4","username":"blackpeacock678","password":"pepper1","salt":"Z7Cys9yw","md5":"9985d742a6a8835df04c8792f2c84d71","sha1":"b7138e8b41e899c0f44db6a7ead28a62b4252a0e","sha256":"ad4417df1fa7f2018391f8299d6932c51a2bdb64d0a4dc64cf25f429f3f7145b"},"dob":{"date":"1995-08-02T22:39:11.888Z","age":28},"registered":{"date":"2020-04-26T10:36:05.552Z","age":4},"phone":"945-896-792","cell":"654-899-429","id":{"name":"DNI","value":"80157756-L"},"picture":{"large":"https://randomuser.me/api/portraits/men/43.jpg","medium":"https://randomuser.me/api/portraits/med/men/43.jpg","thumbnail":"https://randomuser.me/api/portraits/thumb/men/43.jpg"},"nat":"ES"}],"info":{"seed":"e636853b0f4f9786","results":1,"page":1,"version":"1.4"}} 
 </msg>
<msg time="2024-06-08T22:14:18.748826" level="INFO">/opt/hostedtoolcache/Python/3.12.3/x64/lib/python3.12/site-packages/urllib3/connectionpool.py:1103: InsecureRequestWarning: Unverified HTTPS request is being made to host 'randomuser.me'. Adding certificate verification is strongly advised. See: https://urllib3.readthedocs.io/en/latest/advanced-usage.html#tls-warnings
  warnings.warn(</msg>
<msg time="2024-06-08T22:14:18.748956" level="INFO">${response} = &lt;Response [200]&gt;</msg>
<var>${response}</var>
<arg>consultarAPI</arg>
<arg>/api</arg>
<doc>Sends a GET request on a previously created HTTP Session.</doc>
<status status="PASS" start="2024-06-08T22:14:18.651577" elapsed="0.097420"/>
</kw>
<kw name="Set Variable" owner="BuiltIn">
<msg time="2024-06-08T22:14:18.750117" level="INFO">${json_data} = {'results': [{'gender': 'male', 'name': {'title': 'Mr', 'first': 'Carmelo', 'last': 'Jiménez'}, 'location': {'street': {'number': 8242, 'name': 'Calle de Tetuán'}, 'city': 'Gandía', 'state': 'Galicia'...</msg>
<var>${json_data}</var>
<arg>${response.json()}</arg>
<doc>Returns the given values which can then be assigned to a variables.</doc>
<status status="PASS" start="2024-06-08T22:14:18.749521" elapsed="0.000630"/>
</kw>
<kw name="Log" owner="BuiltIn">
<msg time="2024-06-08T22:14:18.750701" level="INFO">{'results': [{'gender': 'male', 'name': {'title': 'Mr', 'first': 'Carmelo', 'last': 'Jiménez'}, 'location': {'street': {'number': 8242, 'name': 'Calle de Tetuán'}, 'city': 'Gandía', 'state': 'Galicia', 'country': 'Spain', 'postcode': 89727, 'coordinates': {'latitude': '-36.8711', 'longitude': '-175.8541'}, 'timezone': {'offset': '-6:00', 'description': 'Central Time (US &amp; Canada), Mexico City'}}, 'email': 'carmelo.jimenez@example.com', 'login': {'uuid': '373da4ae-df76-44f6-9a2c-aee778dfabf4', 'username': 'blackpeacock678', 'password': 'pepper1', 'salt': 'Z7Cys9yw', 'md5': '9985d742a6a8835df04c8792f2c84d71', 'sha1': 'b7138e8b41e899c0f44db6a7ead28a62b4252a0e', 'sha256': 'ad4417df1fa7f2018391f8299d6932c51a2bdb64d0a4dc64cf25f429f3f7145b'}, 'dob': {'date': '1995-08-02T22:39:11.888Z', 'age': 28}, 'registered': {'date': '2020-04-26T10:36:05.552Z', 'age': 4}, 'phone': '945-896-792', 'cell': '654-899-429', 'id': {'name': 'DNI', 'value': '80157756-L'}, 'picture': {'large': 'https://randomuser.me/api/portraits/men/43.jpg', 'medium': 'https://randomuser.me/api/portraits/med/men/43.jpg', 'thumbnail': 'https://randomuser.me/api/portraits/thumb/men/43.jpg'}, 'nat': 'ES'}], 'info': {'seed': 'e636853b0f4f9786', 'results': 1, 'page': 1, 'version': '1.4'}}</msg>
<arg>${json_data}</arg>
<doc>Logs the given message with the given level.</doc>
<status status="PASS" start="2024-06-08T22:14:18.750522" elapsed="0.000243"/>
</kw>
<kw name="Dictionary Should Contain Key" owner="Collections">
<msg time="2024-06-08T22:14:18.751251" level="INFO">False</msg>
<arg>${json_data}</arg>
<arg>results</arg>
<doc>Fails if ``key`` is not found from ``dictionary``.</doc>
<status status="PASS" start="2024-06-08T22:14:18.751081" elapsed="0.000209"/>
</kw>
<kw name="Should Not Be Empty" owner="BuiltIn">
<msg time="2024-06-08T22:14:18.751729" level="INFO">Length is 2.</msg>
<arg>${json_data}</arg>
<doc>Verifies that the given item is not empty.</doc>
<status status="PASS" start="2024-06-08T22:14:18.751591" elapsed="0.000177"/>
</kw>
<kw name="Create List" owner="BuiltIn">
<msg time="2024-06-08T22:14:18.752226" level="INFO">${expected_keys} = ['gender', 'name', 'location', 'email', 'login']</msg>
<var>${expected_keys}</var>
<arg>gender</arg>
<arg>name</arg>
<arg>location</arg>
<arg>email</arg>
<arg>login</arg>
<doc>Returns a list containing given items.</doc>
<status status="PASS" start="2024-06-08T22:14:18.752073" elapsed="0.000178"/>
</kw>
<for flavor="IN">
<iter>
<kw name="Dictionary Should Contain Key" owner="Collections">
<msg time="2024-06-08T22:14:18.753289" level="INFO">False</msg>
<arg>${json_data['results'][0]}</arg>
<arg>${key}</arg>
<doc>Fails if ``key`` is not found from ``dictionary``.</doc>
<status status="PASS" start="2024-06-08T22:14:18.752867" elapsed="0.000465"/>
</kw>
<kw name="Log" owner="BuiltIn">
<msg time="2024-06-08T22:14:18.754040" level="INFO">{'gender': 'male', 'name': {'title': 'Mr', 'first': 'Carmelo', 'last': 'Jiménez'}, 'location': {'street': {'number': 8242, 'name': 'Calle de Tetuán'}, 'city': 'Gandía', 'state': 'Galicia', 'country': 'Spain', 'postcode': 89727, 'coordinates': {'latitude': '-36.8711', 'longitude': '-175.8541'}, 'timezone': {'offset': '-6:00', 'description': 'Central Time (US &amp; Canada), Mexico City'}}, 'email': 'carmelo.jimenez@example.com', 'login': {'uuid': '373da4ae-df76-44f6-9a2c-aee778dfabf4', 'username': 'blackpeacock678', 'password': 'pepper1', 'salt': 'Z7Cys9yw', 'md5': '9985d742a6a8835df04c8792f2c84d71', 'sha1': 'b7138e8b41e899c0f44db6a7ead28a62b4252a0e', 'sha256': 'ad4417df1fa7f2018391f8299d6932c51a2bdb64d0a4dc64cf25f429f3f7145b'}, 'dob': {'date': '1995-08-02T22:39:11.888Z', 'age': 28}, 'registered': {'date': '2020-04-26T10:36:05.552Z', 'age': 4}, 'phone': '945-896-792', 'cell': '654-899-429', 'id': {'name': 'DNI', 'value': '80157756-L'}, 'picture': {'large': 'https://randomuser.me/api/portraits/men/43.jpg', 'medium': 'https://randomuser.me/api/portraits/med/men/43.jpg', 'thumbnail': 'https://randomuser.me/api/portraits/thumb/men/43.jpg'}, 'nat': 'ES'}</msg>
<arg>${json_data['results'][0]}</arg>
<doc>Logs the given message with the given level.</doc>
<status status="PASS" start="2024-06-08T22:14:18.753638" elapsed="0.000456"/>
</kw>
<kw name="Log" owner="BuiltIn">
<msg time="2024-06-08T22:14:18.754535" level="INFO">gender</msg>
<arg>${key}</arg>
<doc>Logs the given message with the given level.</doc>
<status status="PASS" start="2024-06-08T22:14:18.754402" elapsed="0.000172"/>
</kw>
<var name="${key}">gender</var>
<status status="PASS" start="2024-06-08T22:14:18.752736" elapsed="0.002059"/>
</iter>
<iter>
<kw name="Dictionary Should Contain Key" owner="Collections">
<msg time="2024-06-08T22:14:18.755500" level="INFO">False</msg>
<arg>${json_data['results'][0]}</arg>
<arg>${key}</arg>
<doc>Fails if ``key`` is not found from ``dictionary``.</doc>
<status status="PASS" start="2024-06-08T22:14:18.755111" elapsed="0.000426"/>
</kw>
<kw name="Log" owner="BuiltIn">
<msg time="2024-06-08T22:14:18.756224" level="INFO">{'gender': 'male', 'name': {'title': 'Mr', 'first': 'Carmelo', 'last': 'Jiménez'}, 'location': {'street': {'number': 8242, 'name': 'Calle de Tetuán'}, 'city': 'Gandía', 'state': 'Galicia', 'country': 'Spain', 'postcode': 89727, 'coordinates': {'latitude': '-36.8711', 'longitude': '-175.8541'}, 'timezone': {'offset': '-6:00', 'description': 'Central Time (US &amp; Canada), Mexico City'}}, 'email': 'carmelo.jimenez@example.com', 'login': {'uuid': '373da4ae-df76-44f6-9a2c-aee778dfabf4', 'username': 'blackpeacock678', 'password': 'pepper1', 'salt': 'Z7Cys9yw', 'md5': '9985d742a6a8835df04c8792f2c84d71', 'sha1': 'b7138e8b41e899c0f44db6a7ead28a62b4252a0e', 'sha256': 'ad4417df1fa7f2018391f8299d6932c51a2bdb64d0a4dc64cf25f429f3f7145b'}, 'dob': {'date': '1995-08-02T22:39:11.888Z', 'age': 28}, 'registered': {'date': '2020-04-26T10:36:05.552Z', 'age': 4}, 'phone': '945-896-792', 'cell': '654-899-429', 'id': {'name': 'DNI', 'value': '80157756-L'}, 'picture': {'large': 'https://randomuser.me/api/portraits/men/43.jpg', 'medium': 'https://randomuser.me/api/portraits/med/men/43.jpg', 'thumbnail': 'https://randomuser.me/api/portraits/thumb/men/43.jpg'}, 'nat': 'ES'}</msg>
<arg>${json_data['results'][0]}</arg>
<doc>Logs the given message with the given level.</doc>
<status status="PASS" start="2024-06-08T22:14:18.755861" elapsed="0.000422"/>
</kw>
<kw name="Log" owner="BuiltIn">
<msg time="2024-06-08T22:14:18.756710" level="INFO">name</msg>
<arg>${key}</arg>
<doc>Logs the given message with the given level.</doc>
<status status="PASS" start="2024-06-08T22:14:18.756582" elapsed="0.000167"/>
</kw>
<var name="${key}">name</var>
<status status="PASS" start="2024-06-08T22:14:18.754991" elapsed="0.001981"/>
</iter>
<iter>
<kw name="Dictionary Should Contain Key" owner="Collections">
<msg time="2024-06-08T22:14:18.757643" level="INFO">False</msg>
<arg>${json_data['results'][0]}</arg>
<arg>${key}</arg>
<doc>Fails if ``key`` is not found from ``dictionary``.</doc>
<status status="PASS" start="2024-06-08T22:14:18.757266" elapsed="0.000415"/>
</kw>
<kw name="Log" owner="BuiltIn">
<msg time="2024-06-08T22:14:18.758391" level="INFO">{'gender': 'male', 'name': {'title': 'Mr', 'first': 'Carmelo', 'last': 'Jiménez'}, 'location': {'street': {'number': 8242, 'name': 'Calle de Tetuán'}, 'city': 'Gandía', 'state': 'Galicia', 'country': 'Spain', 'postcode': 89727, 'coordinates': {'latitude': '-36.8711', 'longitude': '-175.8541'}, 'timezone': {'offset': '-6:00', 'description': 'Central Time (US &amp; Canada), Mexico City'}}, 'email': 'carmelo.jimenez@example.com', 'login': {'uuid': '373da4ae-df76-44f6-9a2c-aee778dfabf4', 'username': 'blackpeacock678', 'password': 'pepper1', 'salt': 'Z7Cys9yw', 'md5': '9985d742a6a8835df04c8792f2c84d71', 'sha1': 'b7138e8b41e899c0f44db6a7ead28a62b4252a0e', 'sha256': 'ad4417df1fa7f2018391f8299d6932c51a2bdb64d0a4dc64cf25f429f3f7145b'}, 'dob': {'date': '1995-08-02T22:39:11.888Z', 'age': 28}, 'registered': {'date': '2020-04-26T10:36:05.552Z', 'age': 4}, 'phone': '945-896-792', 'cell': '654-899-429', 'id': {'name': 'DNI', 'value': '80157756-L'}, 'picture': {'large': 'https://randomuser.me/api/portraits/men/43.jpg', 'medium': 'https://randomuser.me/api/portraits/med/men/43.jpg', 'thumbnail': 'https://randomuser.me/api/portraits/thumb/men/43.jpg'}, 'nat': 'ES'}</msg>
<arg>${json_data['results'][0]}</arg>
<doc>Logs the given message with the given level.</doc>
<status status="PASS" start="2024-06-08T22:14:18.758022" elapsed="0.000432"/>
</kw>
<kw name="Log" owner="BuiltIn">
<msg time="2024-06-08T22:14:18.758882" level="INFO">location</msg>
<arg>${key}</arg>
<doc>Logs the given message with the given level.</doc>
<status status="PASS" start="2024-06-08T22:14:18.758753" elapsed="0.000169"/>
</kw>
<var name="${key}">location</var>
<status status="PASS" start="2024-06-08T22:14:18.757152" elapsed="0.001986"/>
</iter>
<iter>
<kw name="Dictionary Should Contain Key" owner="Collections">
<msg time="2024-06-08T22:14:18.759922" level="INFO">False</msg>
<arg>${json_data['results'][0]}</arg>
<arg>${key}</arg>
<doc>Fails if ``key`` is not found from ``dictionary``.</doc>
<status status="PASS" start="2024-06-08T22:14:18.759425" elapsed="0.000535"/>
</kw>
<kw name="Log" owner="BuiltIn">
<msg time="2024-06-08T22:14:18.760622" level="INFO">{'gender': 'male', 'name': {'title': 'Mr', 'first': 'Carmelo', 'last': 'Jiménez'}, 'location': {'street': {'number': 8242, 'name': 'Calle de Tetuán'}, 'city': 'Gandía', 'state': 'Galicia', 'country': 'Spain', 'postcode': 89727, 'coordinates': {'latitude': '-36.8711', 'longitude': '-175.8541'}, 'timezone': {'offset': '-6:00', 'description': 'Central Time (US &amp; Canada), Mexico City'}}, 'email': 'carmelo.jimenez@example.com', 'login': {'uuid': '373da4ae-df76-44f6-9a2c-aee778dfabf4', 'username': 'blackpeacock678', 'password': 'pepper1', 'salt': 'Z7Cys9yw', 'md5': '9985d742a6a8835df04c8792f2c84d71', 'sha1': 'b7138e8b41e899c0f44db6a7ead28a62b4252a0e', 'sha256': 'ad4417df1fa7f2018391f8299d6932c51a2bdb64d0a4dc64cf25f429f3f7145b'}, 'dob': {'date': '1995-08-02T22:39:11.888Z', 'age': 28}, 'registered': {'date': '2020-04-26T10:36:05.552Z', 'age': 4}, 'phone': '945-896-792', 'cell': '654-899-429', 'id': {'name': 'DNI', 'value': '80157756-L'}, 'picture': {'large': 'https://randomuser.me/api/portraits/men/43.jpg', 'medium': 'https://randomuser.me/api/portraits/med/men/43.jpg', 'thumbnail': 'https://randomuser.me/api/portraits/thumb/men/43.jpg'}, 'nat': 'ES'}</msg>
<arg>${json_data['results'][0]}</arg>
<doc>Logs the given message with the given level.</doc>
<status status="PASS" start="2024-06-08T22:14:18.760259" elapsed="0.000414"/>
</kw>
<kw name="Log" owner="BuiltIn">
<msg time="2024-06-08T22:14:18.761095" level="INFO">email</msg>
<arg>${key}</arg>
<doc>Logs the given message with the given level.</doc>
<status status="PASS" start="2024-06-08T22:14:18.760967" elapsed="0.000167"/>
</kw>
<var name="${key}">email</var>
<status status="PASS" start="2024-06-08T22:14:18.759313" elapsed="0.002039"/>
</iter>
<iter>
<kw name="Dictionary Should Contain Key" owner="Collections">
<msg time="2024-06-08T22:14:18.762043" level="INFO">False</msg>
<arg>${json_data['results'][0]}</arg>
<arg>${key}</arg>
<doc>Fails if ``key`` is not found from ``dictionary``.</doc>
<status status="PASS" start="2024-06-08T22:14:18.761639" elapsed="0.000441"/>
</kw>
<kw name="Log" owner="BuiltIn">
<msg time="2024-06-08T22:14:18.762741" level="INFO">{'gender': 'male', 'name': {'title': 'Mr', 'first': 'Carmelo', 'last': 'Jiménez'}, 'location': {'street': {'number': 8242, 'name': 'Calle de Tetuán'}, 'city': 'Gandía', 'state': 'Galicia', 'country': 'Spain', 'postcode': 89727, 'coordinates': {'latitude': '-36.8711', 'longitude': '-175.8541'}, 'timezone': {'offset': '-6:00', 'description': 'Central Time (US &amp; Canada), Mexico City'}}, 'email': 'carmelo.jimenez@example.com', 'login': {'uuid': '373da4ae-df76-44f6-9a2c-aee778dfabf4', 'username': 'blackpeacock678', 'password': 'pepper1', 'salt': 'Z7Cys9yw', 'md5': '9985d742a6a8835df04c8792f2c84d71', 'sha1': 'b7138e8b41e899c0f44db6a7ead28a62b4252a0e', 'sha256': 'ad4417df1fa7f2018391f8299d6932c51a2bdb64d0a4dc64cf25f429f3f7145b'}, 'dob': {'date': '1995-08-02T22:39:11.888Z', 'age': 28}, 'registered': {'date': '2020-04-26T10:36:05.552Z', 'age': 4}, 'phone': '945-896-792', 'cell': '654-899-429', 'id': {'name': 'DNI', 'value': '80157756-L'}, 'picture': {'large': 'https://randomuser.me/api/portraits/men/43.jpg', 'medium': 'https://randomuser.me/api/portraits/med/men/43.jpg', 'thumbnail': 'https://randomuser.me/api/portraits/thumb/men/43.jpg'}, 'nat': 'ES'}</msg>
<arg>${json_data['results'][0]}</arg>
<doc>Logs the given message with the given level.</doc>
<status status="PASS" start="2024-06-08T22:14:18.762375" elapsed="0.000429"/>
</kw>
<kw name="Log" owner="BuiltIn">
<msg time="2024-06-08T22:14:18.763228" level="INFO">login</msg>
<arg>${key}</arg>
<doc>Logs the given message with the given level.</doc>
<status status="PASS" start="2024-06-08T22:14:18.763101" elapsed="0.000165"/>
</kw>
<var name="${key}">login</var>
<status status="PASS" start="2024-06-08T22:14:18.761526" elapsed="0.001987"/>
</iter>
<var>${key}</var>
<value>@{expected_keys}</value>
<status status="PASS" start="2024-06-08T22:14:18.752517" elapsed="0.011122"/>
</for>
<kw name="Create List" owner="BuiltIn">
<msg time="2024-06-08T22:14:18.763978" level="INFO">${expected_keysTwo} = ['username', 'password']</msg>
<var>${expected_keysTwo}</var>
<arg>username</arg>
<arg>password</arg>
<doc>Returns a list containing given items.</doc>
<status status="PASS" start="2024-06-08T22:14:18.763840" elapsed="0.000161"/>
</kw>
<for flavor="IN">
<iter>
<kw name="Dictionary Should Contain Key" owner="Collections">
<msg time="2024-06-08T22:14:18.764886" level="INFO">False</msg>
<arg>${json_data['results'][0]['login']}</arg>
<arg>${keyTwo}</arg>
<doc>Fails if ``key`` is not found from ``dictionary``.</doc>
<status status="PASS" start="2024-06-08T22:14:18.764507" elapsed="0.000417"/>
</kw>
<kw name="Dictionary Should Contain Key" owner="Collections">
<msg time="2024-06-08T22:14:18.765602" level="INFO">False</msg>
<arg>${json_data['results'][0]['login']}</arg>
<arg>${keyTwo}</arg>
<doc>Fails if ``key`` is not found from ``dictionary``.</doc>
<status status="PASS" start="2024-06-08T22:14:18.765221" elapsed="0.000419"/>
</kw>
<kw name="Log" owner="BuiltIn">
<msg time="2024-06-08T22:14:18.766103" level="INFO">username</msg>
<arg>${keyTwo}</arg>
<doc>Logs the given message with the given level.</doc>
<status status="PASS" start="2024-06-08T22:14:18.765974" elapsed="0.000167"/>
</kw>
<var name="${keyTwo}">username</var>
<status status="PASS" start="2024-06-08T22:14:18.764397" elapsed="0.001967"/>
</iter>
<iter>
<kw name="Dictionary Should Contain Key" owner="Collections">
<msg time="2024-06-08T22:14:18.767027" level="INFO">False</msg>
<arg>${json_data['results'][0]['login']}</arg>
<arg>${keyTwo}</arg>
<doc>Fails if ``key`` is not found from ``dictionary``.</doc>
<status status="PASS" start="2024-06-08T22:14:18.766648" elapsed="0.000416"/>
</kw>
<kw name="Dictionary Should Contain Key" owner="Collections">
<msg time="2024-06-08T22:14:18.767736" level="INFO">False</msg>
<arg>${json_data['results'][0]['login']}</arg>
<arg>${keyTwo}</arg>
<doc>Fails if ``key`` is not found from ``dictionary``.</doc>
<status status="PASS" start="2024-06-08T22:14:18.767357" elapsed="0.000416"/>
</kw>
<kw name="Log" owner="BuiltIn">
<msg time="2024-06-08T22:14:18.768190" level="INFO">password</msg>
<arg>${keyTwo}</arg>
<doc>Logs the given message with the given level.</doc>
<status status="PASS" start="2024-06-08T22:14:18.768063" elapsed="0.000179"/>
</kw>
<var name="${keyTwo}">password</var>
<status status="PASS" start="2024-06-08T22:14:18.766537" elapsed="0.001919"/>
</iter>
<var>${keyTwo}</var>
<value>@{expected_keysTwo}</value>
<status status="PASS" start="2024-06-08T22:14:18.764240" elapsed="0.004337"/>
</for>
<status status="PASS" start="2024-06-08T22:14:18.651332" elapsed="0.117388"/>
</kw>
<doc>Testa a estrutura da resposta da API.</doc>
<tag>testeEstruturaResposta</tag>
<status status="PASS" start="2024-06-08T22:14:18.650809" elapsed="0.118068"/>
</test>
<test id="s1-s1-t4" name="Validar tipos de dados" line="28">
<kw name="Teste de Tipos de Dados" owner="random-user-service">
<kw name="GET On Session" owner="RequestsLibrary">
<msg time="2024-06-08T22:14:18.876617" level="INFO">GET Request : url=https://randomuser.me/api 
 path_url=/api 
 headers={'User-Agent': 'python-requests/2.32.3', 'Accept-Encoding': 'gzip, deflate', 'Accept': '*/*', 'Connection': 'keep-alive'} 
 body=None 
 </msg>
<msg time="2024-06-08T22:14:18.876720" level="INFO">GET Response : url=https://randomuser.me/api 
 status=200, reason=OK 
 headers={'Date': 'Sat, 08 Jun 2024 22:14:18 GMT', 'Content-Type': 'application/json; charset=utf-8', 'Transfer-Encoding': 'chunked', 'Connection': 'keep-alive', 'X-Powered-By': 'Express', 'Access-Control-Allow-Origin': '*', 'Cache-Control': 'no-cache', 'ETag': 'W/"483-FWCBNbw+6plFDM0rSiodqewr8TA"', 'Vary': 'Accept-Encoding', 'Content-Encoding': 'gzip', 'CF-Cache-Status': 'DYNAMIC', 'Report-To': '{"endpoints":[{"url":"https:\\/\\/a.nel.cloudflare.com\\/report\\/v4?s=rSGGgRYXBnIaDr%2BEyqAoDxx%2BjMobELosXdRdNuUTMkAV9M6XFkWi0OCOIaQm6FpV485bJEtM6usYGJJcl045AhJg8xtxec6L6PiSm4OVsPHwLwnUIGytah3NE1%2FKNKhC"}],"group":"cf-nel","max_age":604800}', 'NEL': '{"success_fraction":0,"report_to":"cf-nel","max_age":604800}', 'Server': 'cloudflare', 'CF-RAY': '890c3bef5ed42b7c-LAX', 'alt-svc': 'h3=":443"; ma=86400'} 
 body={"results":[{"gender":"female","name":{"title":"Mrs","first":"Justine","last":"Claire"},"location":{"street":{"number":5234,"name":"College Ave"},"city":"Red Rock","state":"New Brunswick","country":"Canada","postcode":"W0E 8C1","coordinates":{"latitude":"-72.6502","longitude":"132.5424"},"timezone":{"offset":"+5:45","description":"Kathmandu"}},"email":"justine.claire@example.com","login":{"uuid":"a36c84a4-e8f9-49ec-93f8-b7cb8b9a03a1","username":"orangepanda538","password":"western","salt":"G8LJ5VJp","md5":"5801df3ffda704ed0ad310fe02c27798","sha1":"8db8b75e2cde38d5965ef4d7244f61bb9ce907c1","sha256":"8cc687608323259b9335d98cdb4341fc91ad0c673ef550b495b27534800c35a2"},"dob":{"date":"1989-04-21T00:33:52.736Z","age":35},"registered":{"date":"2016-02-19T21:25:29.530Z","age":8},"phone":"S66 B26-1711","cell":"R08 H70-7404","id":{"name":"SIN","value":"602763492"},"picture":{"large":"https://randomuser.me/api/portraits/women/50.jpg","medium":"https://randomuser.me/api/portraits/med/women/50.jpg","thumbnail":"https://randomuser.me/api/portraits/thumb/women/50.jpg"},"nat":"CA"}],"info":{"seed":"ef730f4f50e6689c","results":1,"page":1,"version":"1.4"}} 
 </msg>
<msg time="2024-06-08T22:14:18.876796" level="INFO">/opt/hostedtoolcache/Python/3.12.3/x64/lib/python3.12/site-packages/urllib3/connectionpool.py:1103: InsecureRequestWarning: Unverified HTTPS request is being made to host 'randomuser.me'. Adding certificate verification is strongly advised. See: https://urllib3.readthedocs.io/en/latest/advanced-usage.html#tls-warnings
  warnings.warn(</msg>
<msg time="2024-06-08T22:14:18.876918" level="INFO">${response} = &lt;Response [200]&gt;</msg>
<var>${response}</var>
<arg>consultarAPI</arg>
<arg>/api</arg>
<doc>Sends a GET request on a previously created HTTP Session.</doc>
<status status="PASS" start="2024-06-08T22:14:18.771399" elapsed="0.105546"/>
</kw>
<kw name="Set Variable" owner="BuiltIn">
<msg time="2024-06-08T22:14:18.878103" level="INFO">${json_data} = {'results': [{'gender': 'female', 'name': {'title': 'Mrs', 'first': 'Justine', 'last': 'Claire'}, 'location': {'street': {'number': 5234, 'name': 'College Ave'}, 'city': 'Red Rock', 'state': 'New Brun...</msg>
<var>${json_data}</var>
<arg>${response.json()}</arg>
<doc>Returns the given values which can then be assigned to a variables.</doc>
<status status="PASS" start="2024-06-08T22:14:18.877509" elapsed="0.000623"/>
</kw>
<kw name="Log" owner="BuiltIn">
<msg time="2024-06-08T22:14:18.878683" level="INFO">{'results': [{'gender': 'female', 'name': {'title': 'Mrs', 'first': 'Justine', 'last': 'Claire'}, 'location': {'street': {'number': 5234, 'name': 'College Ave'}, 'city': 'Red Rock', 'state': 'New Brunswick', 'country': 'Canada', 'postcode': 'W0E 8C1', 'coordinates': {'latitude': '-72.6502', 'longitude': '132.5424'}, 'timezone': {'offset': '+5:45', 'description': 'Kathmandu'}}, 'email': 'justine.claire@example.com', 'login': {'uuid': 'a36c84a4-e8f9-49ec-93f8-b7cb8b9a03a1', 'username': 'orangepanda538', 'password': 'western', 'salt': 'G8LJ5VJp', 'md5': '5801df3ffda704ed0ad310fe02c27798', 'sha1': '8db8b75e2cde38d5965ef4d7244f61bb9ce907c1', 'sha256': '8cc687608323259b9335d98cdb4341fc91ad0c673ef550b495b27534800c35a2'}, 'dob': {'date': '1989-04-21T00:33:52.736Z', 'age': 35}, 'registered': {'date': '2016-02-19T21:25:29.530Z', 'age': 8}, 'phone': 'S66 B26-1711', 'cell': 'R08 H70-7404', 'id': {'name': 'SIN', 'value': '602763492'}, 'picture': {'large': 'https://randomuser.me/api/portraits/women/50.jpg', 'medium': 'https://randomuser.me/api/portraits/med/women/50.jpg', 'thumbnail': 'https://randomuser.me/api/portraits/thumb/women/50.jpg'}, 'nat': 'CA'}], 'info': {'seed': 'ef730f4f50e6689c', 'results': 1, 'page': 1, 'version': '1.4'}}</msg>
<arg>${json_data}</arg>
<doc>Logs the given message with the given level.</doc>
<status status="PASS" start="2024-06-08T22:14:18.878508" elapsed="0.000269"/>
</kw>
<kw name="Should Be String" owner="String">
<arg>${json_data['results'][0]['gender']}</arg>
<doc>Fails if the given ``item`` is not a string.</doc>
<status status="PASS" start="2024-06-08T22:14:18.879122" elapsed="0.000390"/>
</kw>
<kw name="Should Match Regexp" owner="BuiltIn">
<arg>${json_data['results'][0]['email']}</arg>
<arg>^[a-zA-Z0-9._%+-]+@[a-zA-Z0-9.-]+\.[a-zA-Z]{2,}$</arg>
<doc>Fails if ``string`` does not match ``pattern`` as a regular expression.</doc>
<status status="PASS" start="2024-06-08T22:14:18.879724" elapsed="0.000693"/>
</kw>
<kw name="Should Match Regexp" owner="BuiltIn">
<arg>${json_data['results'][0]['dob']['date']}</arg>
<arg>\\d{4}-\\d{2}-\\d{2}T\\d{2}:\\d{2}:\\d{2}\\.\\d{3}Z</arg>
<doc>Fails if ``string`` does not match ``pattern`` as a regular expression.</doc>
<status status="PASS" start="2024-06-08T22:14:18.880620" elapsed="0.000497"/>
</kw>
<kw name="Should Match Regexp" owner="BuiltIn">
<arg>${json_data['results'][0]['registered']['date']}</arg>
<arg>\\d{4}-\\d{2}-\\d{2}T\\d{2}:\\d{2}:\\d{2}\\.\\d{3}Z</arg>
<doc>Fails if ``string`` does not match ``pattern`` as a regular expression.</doc>
<status status="PASS" start="2024-06-08T22:14:18.881311" elapsed="0.000368"/>
</kw>
<kw name="Should Match Regexp" owner="BuiltIn">
<arg>${json_data['results'][0]['picture']['large']}</arg>
<arg>^https?://.*\.(?:png|jpe?g|gif|bmp)$</arg>
<doc>Fails if ``string`` does not match ``pattern`` as a regular expression.</doc>
<status status="PASS" start="2024-06-08T22:14:18.881899" elapsed="0.000469"/>
</kw>
<kw name="Should Match Regexp" owner="BuiltIn">
<arg>${json_data['results'][0]['picture']['medium']}</arg>
<arg>^https?://.*\.(?:png|jpe?g|gif|bmp)$</arg>
<doc>Fails if ``string`` does not match ``pattern`` as a regular expression.</doc>
<status status="PASS" start="2024-06-08T22:14:18.882561" elapsed="0.000353"/>
</kw>
<kw name="Should Match Regexp" owner="BuiltIn">
<arg>${json_data['results'][0]['picture']['thumbnail']}</arg>
<arg>^https?://.*\.(?:png|jpe?g|gif|bmp)$</arg>
<doc>Fails if ``string`` does not match ``pattern`` as a regular expression.</doc>
<status status="PASS" start="2024-06-08T22:14:18.883100" elapsed="0.000357"/>
</kw>
<kw name="Log" owner="BuiltIn">
<msg time="2024-06-08T22:14:18.883966" level="INFO">{'large': 'https://randomuser.me/api/portraits/women/50.jpg', 'medium': 'https://randomuser.me/api/portraits/med/women/50.jpg', 'thumbnail': 'https://randomuser.me/api/portraits/thumb/women/50.jpg'}</msg>
<arg>${json_data['results'][0]['picture']}</arg>
<doc>Logs the given message with the given level.</doc>
<status status="PASS" start="2024-06-08T22:14:18.883639" elapsed="0.000369"/>
</kw>
<status status="PASS" start="2024-06-08T22:14:18.771160" elapsed="0.113114"/>
</kw>
<kw name="Teste de Tipos de Dados - Postcode" owner="random-user-service">
<kw name="GET On Session" owner="RequestsLibrary">
<msg time="2024-06-08T22:14:18.989712" level="INFO">GET Request : url=https://randomuser.me/api 
 path_url=/api 
 headers={'User-Agent': 'python-requests/2.32.3', 'Accept-Encoding': 'gzip, deflate', 'Accept': '*/*', 'Connection': 'keep-alive'} 
 body=None 
 </msg>
<msg time="2024-06-08T22:14:18.989869" level="INFO">GET Response : url=https://randomuser.me/api 
 status=200, reason=OK 
 headers={'Date': 'Sat, 08 Jun 2024 22:14:18 GMT', 'Content-Type': 'application/json; charset=utf-8', 'Transfer-Encoding': 'chunked', 'Connection': 'keep-alive', 'X-Powered-By': 'Express', 'Access-Control-Allow-Origin': '*', 'Cache-Control': 'no-cache', 'ETag': 'W/"49d-U59tiYHjXPFra2myR5w3joOodTQ"', 'Vary': 'Accept-Encoding', 'Content-Encoding': 'gzip', 'CF-Cache-Status': 'DYNAMIC', 'Report-To': '{"endpoints":[{"url":"https:\\/\\/a.nel.cloudflare.com\\/report\\/v4?s=17AfWFbsWomRRUstmJMIn46i38ahr9tP4cFA0J6TYigFN6xRrNcR%2B1T3j4tIatDq8uGYpNort8EDVJFVDSVTE9aOu7DYNYBkEj8YCOwPq2epBUPd0qUohUUh%2BCDIgGtj"}],"group":"cf-nel","max_age":604800}', 'NEL': '{"success_fraction":0,"report_to":"cf-nel","max_age":604800}', 'Server': 'cloudflare', 'CF-RAY': '890c3bf01f9b2b7c-LAX', 'alt-svc': 'h3=":443"; ma=86400'} 
 body={"results":[{"gender":"female","name":{"title":"Miss","first":"Miriam","last":"Prieto"},"location":{"street":{"number":6849,"name":"Andador Sur Gómez"},"city":"Julimes","state":"Puebla","country":"Mexico","postcode":45666,"coordinates":{"latitude":"26.9064","longitude":"156.2789"},"timezone":{"offset":"+5:30","description":"Bombay, Calcutta, Madras, New Delhi"}},"email":"miriam.prieto@example.com","login":{"uuid":"bb3ba16a-6306-474d-bcaa-1df37dad1f76","username":"redbird883","password":"pasword","salt":"oaxCs2EX","md5":"3535b7141739fe278fd2ce00a2e7694c","sha1":"02e2b06cca1fa95ec43f329d2dd205b4f29b11b2","sha256":"6be4c5db5b947cff46190b6ed54280a6ce3cac4f1dfd8c33d2700da248211c9f"},"dob":{"date":"1999-11-10T00:55:42.706Z","age":24},"registered":{"date":"2006-01-21T01:38:42.558Z","age":18},"phone":"(686) 809 4430","cell":"(679) 682 1944","id":{"name":"NSS","value":"53 82 28 7674 1"},"picture":{"large":"https://randomuser.me/api/portraits/women/44.jpg","medium":"https://randomuser.me/api/portraits/med/women/44.jpg","thumbnail":"https://randomuser.me/api/portraits/thumb/women/44.jpg"},"nat":"MX"}],"info":{"seed":"9226bc4efbc9f98d","results":1,"page":1,"version":"1.4"}} 
 </msg>
<msg time="2024-06-08T22:14:18.989947" level="INFO">/opt/hostedtoolcache/Python/3.12.3/x64/lib/python3.12/site-packages/urllib3/connectionpool.py:1103: InsecureRequestWarning: Unverified HTTPS request is being made to host 'randomuser.me'. Adding certificate verification is strongly advised. See: https://urllib3.readthedocs.io/en/latest/advanced-usage.html#tls-warnings
  warnings.warn(</msg>
<msg time="2024-06-08T22:14:18.990061" level="INFO">${response} = &lt;Response [200]&gt;</msg>
<var>${response}</var>
<arg>consultarAPI</arg>
<arg>/api</arg>
<doc>Sends a GET request on a previously created HTTP Session.</doc>
<status status="PASS" start="2024-06-08T22:14:18.884737" elapsed="0.105364"/>
</kw>
<kw name="Set Variable" owner="BuiltIn">
<msg time="2024-06-08T22:14:18.991127" level="INFO">${json_data} = {'results': [{'gender': 'female', 'name': {'title': 'Miss', 'first': 'Miriam', 'last': 'Prieto'}, 'location': {'street': {'number': 6849, 'name': 'Andador Sur Gómez'}, 'city': 'Julimes', 'state': 'Pue...</msg>
<var>${json_data}</var>
<arg>${response.json()}</arg>
<doc>Returns the given values which can then be assigned to a variables.</doc>
<status status="PASS" start="2024-06-08T22:14:18.990597" elapsed="0.000559"/>
</kw>
<kw name="Log" owner="BuiltIn">
<msg time="2024-06-08T22:14:18.991623" level="INFO">{'results': [{'gender': 'female', 'name': {'title': 'Miss', 'first': 'Miriam', 'last': 'Prieto'}, 'location': {'street': {'number': 6849, 'name': 'Andador Sur Gómez'}, 'city': 'Julimes', 'state': 'Puebla', 'country': 'Mexico', 'postcode': 45666, 'coordinates': {'latitude': '26.9064', 'longitude': '156.2789'}, 'timezone': {'offset': '+5:30', 'description': 'Bombay, Calcutta, Madras, New Delhi'}}, 'email': 'miriam.prieto@example.com', 'login': {'uuid': 'bb3ba16a-6306-474d-bcaa-1df37dad1f76', 'username': 'redbird883', 'password': 'pasword', 'salt': 'oaxCs2EX', 'md5': '3535b7141739fe278fd2ce00a2e7694c', 'sha1': '02e2b06cca1fa95ec43f329d2dd205b4f29b11b2', 'sha256': '6be4c5db5b947cff46190b6ed54280a6ce3cac4f1dfd8c33d2700da248211c9f'}, 'dob': {'date': '1999-11-10T00:55:42.706Z', 'age': 24}, 'registered': {'date': '2006-01-21T01:38:42.558Z', 'age': 18}, 'phone': '(686) 809 4430', 'cell': '(679) 682 1944', 'id': {'name': 'NSS', 'value': '53 82 28 7674 1'}, 'picture': {'large': 'https://randomuser.me/api/portraits/women/44.jpg', 'medium': 'https://randomuser.me/api/portraits/med/women/44.jpg', 'thumbnail': 'https://randomuser.me/api/portraits/thumb/women/44.jpg'}, 'nat': 'MX'}], 'info': {'seed': '9226bc4efbc9f98d', 'results': 1, 'page': 1, 'version': '1.4'}}</msg>
<arg>${json_data}</arg>
<doc>Logs the given message with the given level.</doc>
<status status="PASS" start="2024-06-08T22:14:18.991464" elapsed="0.000243"/>
</kw>
<kw name="Should Be Equal As Numbers" owner="BuiltIn">
<arg>${json_data['results'][0]['location']['postcode']}</arg>
<arg>${json_data['results'][0]['location']['postcode']}</arg>
<doc>Fails if objects are unequal after converting them to real numbers.</doc>
<status status="PASS" start="2024-06-08T22:14:18.992008" elapsed="0.000633"/>
</kw>
<kw name="Log" owner="BuiltIn">
<msg time="2024-06-08T22:14:18.993182" level="INFO">45666</msg>
<arg>${json_data['results'][0]['location']['postcode']}</arg>
<doc>Logs the given message with the given level.</doc>
<status status="PASS" start="2024-06-08T22:14:18.992848" elapsed="0.000374"/>
</kw>
<status status="PASS" start="2024-06-08T22:14:18.884505" elapsed="0.108977"/>
</kw>
<doc>Testa se os tipos de dados na resposta da API estão corretos.</doc>
<tag>testeTiposDados</tag>
<status status="PASS" start="2024-06-08T22:14:18.770654" elapsed="0.223001"/>
</test>
<test id="s1-s1-t5" name="Validar conteudo" line="35">
<kw name="Teste de Tipos de Conteudo" owner="random-user-service">
<kw name="GET On Session" owner="RequestsLibrary">
<msg time="2024-06-08T22:14:19.101669" level="INFO">GET Request : url=https://randomuser.me/api 
 path_url=/api 
 headers={'User-Agent': 'python-requests/2.32.3', 'Accept-Encoding': 'gzip, deflate', 'Accept': '*/*', 'Connection': 'keep-alive'} 
 body=None 
 </msg>
<msg time="2024-06-08T22:14:19.101821" level="INFO">GET Response : url=https://randomuser.me/api 
 status=200, reason=OK 
 headers={'Date': 'Sat, 08 Jun 2024 22:14:19 GMT', 'Content-Type': 'application/json; charset=utf-8', 'Transfer-Encoding': 'chunked', 'Connection': 'keep-alive', 'X-Powered-By': 'Express', 'Access-Control-Allow-Origin': '*', 'Cache-Control': 'no-cache', 'ETag': 'W/"47c-z3LJJpZ0gt2nzPKijLPXqFfUY3k"', 'Vary': 'Accept-Encoding', 'Content-Encoding': 'gzip', 'CF-Cache-Status': 'DYNAMIC', 'Report-To': '{"endpoints":[{"url":"https:\\/\\/a.nel.cloudflare.com\\/report\\/v4?s=s9oCa0owG7c2Sqf9JLIiYNXBxXrpfxW7hVK4E5qPvEdQisWRMS6PPG1stSc2AmhsL260czvgwwJF038TyHaAmC1ZnSerV%2FWOYenuEUVVdHtcI8sOEPo0w5iNzrVl%2BWOG"}],"group":"cf-nel","max_age":604800}', 'NEL': '{"success_fraction":0,"report_to":"cf-nel","max_age":604800}', 'Server': 'cloudflare', 'CF-RAY': '890c3bf0c86b2b7c-LAX', 'alt-svc': 'h3=":443"; ma=86400'} 
 body={"results":[{"gender":"male","name":{"title":"Mr","first":"Jochem","last":"Matthiesen"},"location":{"street":{"number":3499,"name":"Meisenweg"},"city":"Burg","state":"Hessen","country":"Germany","postcode":15614,"coordinates":{"latitude":"-50.9296","longitude":"-60.0703"},"timezone":{"offset":"-3:30","description":"Newfoundland"}},"email":"jochem.matthiesen@example.com","login":{"uuid":"8945a260-678d-4630-9477-c2c73a0a45b8","username":"heavyladybug817","password":"cosworth","salt":"ACHYxpat","md5":"6566e30168f54d8e8ec33c6ddaf718e5","sha1":"58818599930cbf822bf1288c715669b490b1d96f","sha256":"418638e9782219968e662884c8405b16f76e94e9d3f550b19e2b157a8fb68352"},"dob":{"date":"1953-11-07T05:41:40.740Z","age":70},"registered":{"date":"2017-06-05T21:17:09.108Z","age":7},"phone":"0260-6236572","cell":"0176-6559276","id":{"name":"SVNR","value":"08 061153 M 439"},"picture":{"large":"https://randomuser.me/api/portraits/men/44.jpg","medium":"https://randomuser.me/api/portraits/med/men/44.jpg","thumbnail":"https://randomuser.me/api/portraits/thumb/men/44.jpg"},"nat":"DE"}],"info":{"seed":"eff62e877d084af4","results":1,"page":1,"version":"1.4"}} 
 </msg>
<msg time="2024-06-08T22:14:19.101912" level="INFO">/opt/hostedtoolcache/Python/3.12.3/x64/lib/python3.12/site-packages/urllib3/connectionpool.py:1103: InsecureRequestWarning: Unverified HTTPS request is being made to host 'randomuser.me'. Adding certificate verification is strongly advised. See: https://urllib3.readthedocs.io/en/latest/advanced-usage.html#tls-warnings
  warnings.warn(</msg>
<msg time="2024-06-08T22:14:19.102048" level="INFO">${response} = &lt;Response [200]&gt;</msg>
<var>${response}</var>
<arg>consultarAPI</arg>
<arg>/api</arg>
<doc>Sends a GET request on a previously created HTTP Session.</doc>
<status status="PASS" start="2024-06-08T22:14:18.996106" elapsed="0.105986"/>
</kw>
<kw name="Set Variable" owner="BuiltIn">
<msg time="2024-06-08T22:14:19.103114" level="INFO">${json_data} = {'results': [{'gender': 'male', 'name': {'title': 'Mr', 'first': 'Jochem', 'last': 'Matthiesen'}, 'location': {'street': {'number': 3499, 'name': 'Meisenweg'}, 'city': 'Burg', 'state': 'Hessen', 'coun...</msg>
<var>${json_data}</var>
<arg>${response.json()}</arg>
<doc>Returns the given values which can then be assigned to a variables.</doc>
<status status="PASS" start="2024-06-08T22:14:19.102596" elapsed="0.000546"/>
</kw>
<kw name="Set Variable" owner="BuiltIn">
<msg time="2024-06-08T22:14:19.103832" level="INFO">${name_title} = Mr</msg>
<var>${name_title}</var>
<arg>${json_data["results"][0]["name"]["title"]}</arg>
<doc>Returns the given values which can then be assigned to a variables.</doc>
<status status="PASS" start="2024-06-08T22:14:19.103452" elapsed="0.000405"/>
</kw>
<kw name="Create List" owner="BuiltIn">
<msg time="2024-06-08T22:14:19.104305" level="INFO">${allowed_titles} = ['Mr', 'Ms', 'Miss', 'Mrs', 'Madame', 'Monsieur']</msg>
<var>${allowed_titles}</var>
<arg>Mr</arg>
<arg>Ms</arg>
<arg>Miss</arg>
<arg>Mrs</arg>
<arg>Madame</arg>
<arg>Monsieur</arg>
<doc>Returns a list containing given items.</doc>
<status status="PASS" start="2024-06-08T22:14:19.104156" elapsed="0.000173"/>
</kw>
<kw name="List Should Contain Value" owner="Collections">
<msg time="2024-06-08T22:14:19.104808" level="INFO">False</msg>
<arg>${allowed_titles}</arg>
<arg>${name_title}</arg>
<doc>Fails if the ``value`` is not found from ``list``.</doc>
<status status="PASS" start="2024-06-08T22:14:19.104631" elapsed="0.000214"/>
</kw>
<kw name="Set Variable" owner="BuiltIn">
<msg time="2024-06-08T22:14:19.105694" level="INFO">${name_country} = DE</msg>
<var>${name_country}</var>
<arg>${json_data["results"][0]["nat"]}</arg>
<doc>Returns the given values which can then be assigned to a variables.</doc>
<status status="PASS" start="2024-06-08T22:14:19.105139" elapsed="0.000580"/>
</kw>
<kw name="Create List" owner="BuiltIn">
<msg time="2024-06-08T22:14:19.106660" level="INFO">${list_country} = ['AD', 'AE', 'AF', 'AG', 'AI', 'AL', 'AM', 'AO', 'AQ', 'AR', 'AS', 'AT', 'AU', 'AW', 'AX', 'AZ', 'BA', 'BB', 'BD', 'BE', 'BF', 'BG', 'BH', 'BI', 'BJ', 'BL', 'BM', 'BN', 'BO', 'BQ', 'BR', 'BS', 'BT', '...</msg>
<var>${list_country}</var>
<arg>AD</arg>
<arg>AE</arg>
<arg>AF</arg>
<arg>AG</arg>
<arg>AI</arg>
<arg>AL</arg>
<arg>AM</arg>
<arg>AO</arg>
<arg>AQ</arg>
<arg>AR</arg>
<arg>AS</arg>
<arg>AT</arg>
<arg>AU</arg>
<arg>AW</arg>
<arg>AX</arg>
<arg>AZ</arg>
<arg>BA</arg>
<arg>BB</arg>
<arg>BD</arg>
<arg>BE</arg>
<arg>BF</arg>
<arg>BG</arg>
<arg>BH</arg>
<arg>BI</arg>
<arg>BJ</arg>
<arg>BL</arg>
<arg>BM</arg>
<arg>BN</arg>
<arg>BO</arg>
<arg>BQ</arg>
<arg>BR</arg>
<arg>BS</arg>
<arg>BT</arg>
<arg>BV</arg>
<arg>BW</arg>
<arg>BY</arg>
<arg>BZ</arg>
<arg>CA</arg>
<arg>CC</arg>
<arg>CD</arg>
<arg>CF</arg>
<arg>CG</arg>
<arg>CH</arg>
<arg>CI</arg>
<arg>CK</arg>
<arg>CL</arg>
<arg>CM</arg>
<arg>CN</arg>
<arg>CO</arg>
<arg>CR</arg>
<arg>CU</arg>
<arg>CV</arg>
<arg>CW</arg>
<arg>CX</arg>
<arg>CY</arg>
<arg>CZ</arg>
<arg>DE</arg>
<arg>DJ</arg>
<arg>DK</arg>
<arg>DM</arg>
<arg>DO</arg>
<arg>DZ</arg>
<arg>EC</arg>
<arg>EE</arg>
<arg>EG</arg>
<arg>EH</arg>
<arg>ER</arg>
<arg>ES</arg>
<arg>ET</arg>
<arg>FI</arg>
<arg>FJ</arg>
<arg>FK</arg>
<arg>FM</arg>
<arg>FO</arg>
<arg>FR</arg>
<arg>GA</arg>
<arg>GB</arg>
<arg>GD</arg>
<arg>GE</arg>
<arg>GF</arg>
<arg>GG</arg>
<arg>GH</arg>
<arg>GI</arg>
<arg>GL</arg>
<arg>GM</arg>
<arg>GN</arg>
<arg>GP</arg>
<arg>GQ</arg>
<arg>GR</arg>
<arg>GS</arg>
<arg>GT</arg>
<arg>GU</arg>
<arg>GW</arg>
<arg>GY</arg>
<arg>HK</arg>
<arg>HM</arg>
<arg>HN</arg>
<arg>HR</arg>
<arg>HT</arg>
<arg>HU</arg>
<arg>ID</arg>
<arg>IE</arg>
<arg>IL</arg>
<arg>IM</arg>
<arg>IN</arg>
<arg>IO</arg>
<arg>IQ</arg>
<arg>IR</arg>
<arg>IS</arg>
<arg>IT</arg>
<arg>JE</arg>
<arg>JM</arg>
<arg>JO</arg>
<arg>JP</arg>
<arg>KE</arg>
<arg>KG</arg>
<arg>KH</arg>
<arg>KI</arg>
<arg>KM</arg>
<arg>KN</arg>
<arg>KP</arg>
<arg>KR</arg>
<arg>KW</arg>
<arg>KY</arg>
<arg>KZ</arg>
<arg>LA</arg>
<arg>LB</arg>
<arg>LC</arg>
<arg>LI</arg>
<arg>LK</arg>
<arg>LR</arg>
<arg>LS</arg>
<arg>LT</arg>
<arg>LU</arg>
<arg>LV</arg>
<arg>LY</arg>
<arg>MA</arg>
<arg>MC</arg>
<arg>MD</arg>
<arg>ME</arg>
<arg>MF</arg>
<arg>MG</arg>
<arg>MH</arg>
<arg>MK</arg>
<arg>ML</arg>
<arg>MM</arg>
<arg>MN</arg>
<arg>MO</arg>
<arg>MP</arg>
<arg>MQ</arg>
<arg>MR</arg>
<arg>MS</arg>
<arg>MT</arg>
<arg>MU</arg>
<arg>MV</arg>
<arg>MW</arg>
<arg>MX</arg>
<arg>MY</arg>
<arg>MZ</arg>
<arg>NA</arg>
<arg>NC</arg>
<arg>NE</arg>
<arg>NF</arg>
<arg>NG</arg>
<arg>NI</arg>
<arg>NL</arg>
<arg>NO</arg>
<arg>NP</arg>
<arg>NR</arg>
<arg>NU</arg>
<arg>NZ</arg>
<arg>OM</arg>
<arg>PA</arg>
<arg>PE</arg>
<arg>PF</arg>
<arg>PG</arg>
<arg>PH</arg>
<arg>PK</arg>
<arg>PL</arg>
<arg>PM</arg>
<arg>PN</arg>
<arg>PR</arg>
<arg>PS</arg>
<arg>PT</arg>
<arg>PW</arg>
<arg>PY</arg>
<arg>QA</arg>
<arg>RE</arg>
<arg>RO</arg>
<arg>RS</arg>
<arg>RU</arg>
<arg>RW</arg>
<arg>SA</arg>
<arg>SB</arg>
<arg>SC</arg>
<arg>SD</arg>
<arg>SE</arg>
<arg>SG</arg>
<arg>SH</arg>
<arg>SI</arg>
<arg>SJ</arg>
<arg>SK</arg>
<arg>SL</arg>
<arg>SM</arg>
<arg>SN</arg>
<arg>SO</arg>
<arg>SR</arg>
<arg>SS</arg>
<arg>ST</arg>
<arg>SV</arg>
<arg>SX</arg>
<arg>SY</arg>
<arg>SZ</arg>
<arg>TC</arg>
<arg>TD</arg>
<arg>TF</arg>
<arg>TG</arg>
<arg>TH</arg>
<arg>TJ</arg>
<arg>TK</arg>
<arg>TL</arg>
<arg>TM</arg>
<arg>TN</arg>
<arg>TO</arg>
<arg>TR</arg>
<arg>TT</arg>
<arg>TV</arg>
<arg>TW</arg>
<arg>TZ</arg>
<arg>UA</arg>
<arg>UG</arg>
<arg>UM</arg>
<arg>US</arg>
<arg>UY</arg>
<arg>UZ</arg>
<arg>VA</arg>
<arg>VC</arg>
<arg>VE</arg>
<arg>VG</arg>
<arg>VI</arg>
<arg>VN</arg>
<arg>VU</arg>
<arg>WF</arg>
<arg>WS</arg>
<arg>XK</arg>
<arg>YE</arg>
<arg>YT</arg>
<arg>ZA</arg>
<arg>ZM</arg>
<arg>ZW</arg>
<doc>Returns a list containing given items.</doc>
<status status="PASS" start="2024-06-08T22:14:19.106065" elapsed="0.000620"/>
</kw>
<kw name="List Should Contain Value" owner="Collections">
<msg time="2024-06-08T22:14:19.107679" level="INFO">False</msg>
<arg>${list_country}</arg>
<arg>${name_country}</arg>
<doc>Fails if the ``value`` is not found from ``list``.</doc>
<status status="PASS" start="2024-06-08T22:14:19.107476" elapsed="0.000239"/>
</kw>
<kw name="Run Keyword If" owner="BuiltIn">
<kw name="Should Be True" owner="BuiltIn">
<arg>${True}</arg>
<doc>Fails if the given condition is not true.</doc>
<status status="PASS" start="2024-06-08T22:14:19.108773" elapsed="0.000144"/>
</kw>
<arg>${json_data["results"][0]["location"]["coordinates"]["latitude"]} &gt;= -90 and ${json_data["results"][0]["location"]["coordinates"]["latitude"]} &lt;= 90</arg>
<arg>Should Be True</arg>
<arg>${True}</arg>
<doc>Runs the given keyword with the given arguments, if ``condition`` is true.</doc>
<status status="PASS" start="2024-06-08T22:14:19.108028" elapsed="0.001017"/>
</kw>
<kw name="Run Keyword If" owner="BuiltIn">
<kw name="Should Be True" owner="BuiltIn">
<arg>${True}</arg>
<doc>Fails if the given condition is not true.</doc>
<status status="PASS" start="2024-06-08T22:14:19.109959" elapsed="0.000138"/>
</kw>
<arg>${json_data["results"][0]["location"]["coordinates"]["longitude"]} &gt;= -180 and ${json_data["results"][0]["location"]["coordinates"]["longitude"]} &lt;= 180</arg>
<arg>Should Be True</arg>
<arg>${True}</arg>
<doc>Runs the given keyword with the given arguments, if ``condition`` is true.</doc>
<status status="PASS" start="2024-06-08T22:14:19.109234" elapsed="0.000985"/>
</kw>
<status status="PASS" start="2024-06-08T22:14:18.995870" elapsed="0.114480"/>
</kw>
<doc>Testa o conteúdo específico dos campos retornados pela API.</doc>
<tag>testeConteudo</tag>
<status status="PASS" start="2024-06-08T22:14:18.995403" elapsed="0.115100"/>
</test>
<status status="PASS" start="2024-06-08T22:14:18.099935" elapsed="1.012532"/>
</suite>
<status status="PASS" start="2024-06-08T22:14:18.086512" elapsed="1.031051"/>
</suite>
<statistics>
<total>
<stat pass="5" fail="0" skip="0">All Tests</stat>
</total>
<tag>
<stat pass="1" fail="0" skip="0">testeConteudo</stat>
<stat pass="1" fail="0" skip="0">testeEstruturaResposta</stat>
<stat pass="1" fail="0" skip="0">testeRequisicaoBasica</stat>
<stat pass="1" fail="0" skip="0">testeTiposDados</stat>
</tag>
<suite>
<stat pass="5" fail="0" skip="0" id="s1" name="Tests">Tests</stat>
<stat pass="5" fail="0" skip="0" id="s1-s1" name="Random-User-Test">Tests.Random-User-Test</stat>
</suite>
</statistics>
<errors>
</errors>
</robot>
