<?xml version="1.0" encoding="UTF-8"?>
<robot generator="Robot 7.0 (Python 3.12.3 on linux)" generated="2024-05-04T09:14:55.101468" rpa="false" schemaversion="5">
<suite id="s1" name="Tests" source="/home/runner/work/DesafioQAItauRogerioJordao/DesafioQAItauRogerioJordao/RamdonUser/tests">
<suite id="s1-s1" name="Random-User-Test" source="/home/runner/work/DesafioQAItauRogerioJordao/DesafioQAItauRogerioJordao/RamdonUser/tests/random-user-test.robot">
<test id="s1-s1-t1" name="Conectar" line="13">
<kw name="Conectar API" owner="random-user-service">
<kw name="Create Session" owner="RequestsLibrary">
<msg time="2024-05-04T09:14:55.472772" level="INFO">Creating Session using : alias=consultarAPI, url=https://randomuser.me/, headers={},                     cookies={}, auth=None, timeout=None, proxies=None, verify=False,                     debug=0 </msg>
<arg>consultarAPI</arg>
<arg>${URL}</arg>
<doc>Create Session: create a HTTP session to a server</doc>
<status status="PASS" start="2024-05-04T09:14:55.472570" elapsed="0.000393"/>
</kw>
<status status="PASS" start="2024-05-04T09:14:55.471579" elapsed="0.001807"/>
</kw>
<status status="PASS" start="2024-05-04T09:14:55.471008" elapsed="0.002573"/>
</test>
<test id="s1-s1-t2" name="Validar retorno 200 e JSON Válido" line="16">
<kw name="Teste de Requisicao Basica" owner="random-user-service">
<kw name="GET On Session" owner="RequestsLibrary">
<msg time="2024-05-04T09:14:55.560434" level="INFO">GET Request : url=https://randomuser.me/api 
 path_url=/api 
 headers={'User-Agent': 'python-requests/2.31.0', 'Accept-Encoding': 'gzip, deflate', 'Accept': '*/*', 'Connection': 'keep-alive'} 
 body=None 
 </msg>
<msg time="2024-05-04T09:14:55.560587" level="INFO">GET Response : url=https://randomuser.me/api 
 status=200, reason=OK 
 headers={'Date': 'Sat, 04 May 2024 09:14:55 GMT', 'Content-Type': 'application/json; charset=utf-8', 'Transfer-Encoding': 'chunked', 'Connection': 'keep-alive', 'X-Powered-By': 'Express', 'Access-Control-Allow-Origin': '*', 'Cache-Control': 'no-cache', 'ETag': 'W/"490-fhoZ1futiiBabLlStZQigGS114Y"', 'Vary': 'Accept-Encoding', 'Content-Encoding': 'gzip', 'CF-Cache-Status': 'DYNAMIC', 'Report-To': '{"endpoints":[{"url":"https:\\/\\/a.nel.cloudflare.com\\/report\\/v4?s=zfFy3XgS8ImGB2Ot7EoVFtc%2BYGxPDQIkv7M09O9PWc5CvQL7PmrDCBhByIeA8%2Bnj3%2FcQfFu35eBlwOBjjqwtuPMMn8GWYHn9V92XlBPth9zPYVQjHsVj15GIs4kT5UrD"}],"group":"cf-nel","max_age":604800}', 'NEL': '{"success_fraction":0,"report_to":"cf-nel","max_age":604800}', 'Server': 'cloudflare', 'CF-RAY': '87e76220f86722dc-ORD', 'alt-svc': 'h3=":443"; ma=86400'} 
 body={"results":[{"gender":"male","name":{"title":"Mr","first":"Iván","last":"Morales"},"location":{"street":{"number":1295,"name":"Avenida del Planetario"},"city":"Bilbao","state":"La Rioja","country":"Spain","postcode":56608,"coordinates":{"latitude":"-35.4917","longitude":"-61.1030"},"timezone":{"offset":"-6:00","description":"Central Time (US &amp; Canada), Mexico City"}},"email":"ivan.morales@example.com","login":{"uuid":"893232c8-9601-4ff5-85c6-2cda005d7bce","username":"silvergoose257","password":"evan","salt":"Myde88uW","md5":"ac52760fa01e4f9cd8eec3b76d45345e","sha1":"e83ee97ec39d64778c707d5b9e56d5cad2ad837a","sha256":"846de95d577a97c1459b5f43ececefe96021314ce153438f1bdeaa1ab5aadab5"},"dob":{"date":"1987-03-28T10:55:50.349Z","age":37},"registered":{"date":"2018-09-13T11:26:26.940Z","age":5},"phone":"900-384-779","cell":"652-801-632","id":{"name":"DNI","value":"31526113-Q"},"picture":{"large":"https://randomuser.me/api/portraits/men/65.jpg","medium":"https://randomuser.me/api/portraits/med/men/65.jpg","thumbnail":"https://randomuser.me/api/portraits/thumb/men/65.jpg"},"nat":"ES"}],"info":{"seed":"3b5fc672dee6bb0b","results":1,"page":1,"version":"1.4"}} 
 </msg>
<msg time="2024-05-04T09:14:55.560672" level="INFO">/opt/hostedtoolcache/Python/3.12.3/x64/lib/python3.12/site-packages/urllib3/connectionpool.py:1103: InsecureRequestWarning: Unverified HTTPS request is being made to host 'randomuser.me'. Adding certificate verification is strongly advised. See: https://urllib3.readthedocs.io/en/latest/advanced-usage.html#tls-warnings
  warnings.warn(</msg>
<msg time="2024-05-04T09:14:55.560824" level="INFO">${response} = &lt;Response [200]&gt;</msg>
<var>${response}</var>
<arg>consultarAPI</arg>
<arg>/api</arg>
<doc>Sends a GET request on a previously created HTTP Session.</doc>
<status status="PASS" start="2024-05-04T09:14:55.476229" elapsed="0.084637"/>
</kw>
<kw name="Should Be Equal As Numbers" owner="BuiltIn">
<msg time="2024-05-04T09:14:55.562068" level="INFO">Argument types are:
&lt;class 'int'&gt;
&lt;class 'str'&gt;</msg>
<arg>${response.status_code}</arg>
<arg>200</arg>
<doc>Fails if objects are unequal after converting them to real numbers.</doc>
<status status="PASS" start="2024-05-04T09:14:55.561554" elapsed="0.000581"/>
</kw>
<kw name="Log" owner="BuiltIn">
<msg time="2024-05-04T09:14:55.562848" level="INFO">200</msg>
<arg>${response.status_code}</arg>
<doc>Logs the given message with the given level.</doc>
<status status="PASS" start="2024-05-04T09:14:55.562490" elapsed="0.000400"/>
</kw>
<kw name="Set Variable" owner="BuiltIn">
<msg time="2024-05-04T09:14:55.563645" level="INFO">${json_data} = {'results': [{'gender': 'male', 'name': {'title': 'Mr', 'first': 'Iván', 'last': 'Morales'}, 'location': {'street': {'number': 1295, 'name': 'Avenida del Planetario'}, 'city': 'Bilbao', 'state': 'La R...</msg>
<var>${json_data}</var>
<arg>${response.json()}</arg>
<doc>Returns the given values which can then be assigned to a variables.</doc>
<status status="PASS" start="2024-05-04T09:14:55.563199" elapsed="0.000476"/>
</kw>
<kw name="Dictionary Should Contain Key" owner="Collections">
<msg time="2024-05-04T09:14:55.564152" level="INFO">False</msg>
<arg>${json_data}</arg>
<arg>results</arg>
<doc>Fails if ``key`` is not found from ``dictionary``.</doc>
<status status="PASS" start="2024-05-04T09:14:55.563981" elapsed="0.000212"/>
</kw>
<status status="PASS" start="2024-05-04T09:14:55.475984" elapsed="0.088470"/>
</kw>
<doc>Testa se a API responde corretamente e retorna um objeto JSON válido.</doc>
<tag>testeRequisicaoBasica</tag>
<status status="PASS" start="2024-05-04T09:14:55.475519" elapsed="0.089123"/>
</test>
<test id="s1-s1-t3" name="Validar estrutura de resposta" line="22">
<kw name="Teste de Estrutura de Resposta" owner="random-user-service">
<kw name="GET On Session" owner="RequestsLibrary">
<msg time="2024-05-04T09:14:55.661306" level="INFO">GET Request : url=https://randomuser.me/api 
 path_url=/api 
 headers={'User-Agent': 'python-requests/2.31.0', 'Accept-Encoding': 'gzip, deflate', 'Accept': '*/*', 'Connection': 'keep-alive'} 
 body=None 
 </msg>
<msg time="2024-05-04T09:14:55.661411" level="INFO">GET Response : url=https://randomuser.me/api 
 status=200, reason=OK 
 headers={'Date': 'Sat, 04 May 2024 09:14:55 GMT', 'Content-Type': 'application/json; charset=utf-8', 'Transfer-Encoding': 'chunked', 'Connection': 'keep-alive', 'X-Powered-By': 'Express', 'Access-Control-Allow-Origin': '*', 'Cache-Control': 'no-cache', 'ETag': 'W/"499-Vp4FUTSyUNAB5Y/GIcQgjBN6dxY"', 'Vary': 'Accept-Encoding', 'Content-Encoding': 'gzip', 'CF-Cache-Status': 'DYNAMIC', 'Report-To': '{"endpoints":[{"url":"https:\\/\\/a.nel.cloudflare.com\\/report\\/v4?s=vCLkj3xm53WUImXkojcz3ejLSDhcG7dMDmGD1Ry26vt0kuyGhlEjnNR6rGRBe2hsmxAqwTOwh2pMCz0g%2FHeh2RDPZPJWZXZmrp2r4fLDgauHos5mz86Oths6KNhSFD98"}],"group":"cf-nel","max_age":604800}', 'NEL': '{"success_fraction":0,"report_to":"cf-nel","max_age":604800}', 'Server': 'cloudflare', 'CF-RAY': '87e7622148a722dc-ORD', 'alt-svc': 'h3=":443"; ma=86400'} 
 body={"results":[{"gender":"female","name":{"title":"Miss","first":"Alina","last":"Bethke"},"location":{"street":{"number":1847,"name":"Birkenweg"},"city":"Bad Laasphe","state":"Hamburg","country":"Germany","postcode":77354,"coordinates":{"latitude":"-49.6990","longitude":"31.1741"},"timezone":{"offset":"-6:00","description":"Central Time (US &amp; Canada), Mexico City"}},"email":"alina.bethke@example.com","login":{"uuid":"00132205-b967-4089-8de5-177e98638aa7","username":"greenbird511","password":"trojan","salt":"LADbFKWY","md5":"96a80c12097a8624ad38d98d8f788e00","sha1":"2d59cdbbeb58dac72737ef9e16bf6bb7a935822a","sha256":"f1584214a90ebf5502cb8a61be459f8790a23438b8d93dd1cfe54c5f7b454f39"},"dob":{"date":"1970-10-20T11:57:05.675Z","age":53},"registered":{"date":"2020-09-27T06:25:03.214Z","age":3},"phone":"0541-5664174","cell":"0170-5133893","id":{"name":"SVNR","value":"48 201070 B 783"},"picture":{"large":"https://randomuser.me/api/portraits/women/58.jpg","medium":"https://randomuser.me/api/portraits/med/women/58.jpg","thumbnail":"https://randomuser.me/api/portraits/thumb/women/58.jpg"},"nat":"DE"}],"info":{"seed":"57ca8129296f9ebe","results":1,"page":1,"version":"1.4"}} 
 </msg>
<msg time="2024-05-04T09:14:55.661546" level="INFO">/opt/hostedtoolcache/Python/3.12.3/x64/lib/python3.12/site-packages/urllib3/connectionpool.py:1103: InsecureRequestWarning: Unverified HTTPS request is being made to host 'randomuser.me'. Adding certificate verification is strongly advised. See: https://urllib3.readthedocs.io/en/latest/advanced-usage.html#tls-warnings
  warnings.warn(</msg>
<msg time="2024-05-04T09:14:55.661671" level="INFO">${response} = &lt;Response [200]&gt;</msg>
<var>${response}</var>
<arg>consultarAPI</arg>
<arg>/api</arg>
<doc>Sends a GET request on a previously created HTTP Session.</doc>
<status status="PASS" start="2024-05-04T09:14:55.567326" elapsed="0.094382"/>
</kw>
<kw name="Set Variable" owner="BuiltIn">
<msg time="2024-05-04T09:14:55.662738" level="INFO">${json_data} = {'results': [{'gender': 'female', 'name': {'title': 'Miss', 'first': 'Alina', 'last': 'Bethke'}, 'location': {'street': {'number': 1847, 'name': 'Birkenweg'}, 'city': 'Bad Laasphe', 'state': 'Hamburg'...</msg>
<var>${json_data}</var>
<arg>${response.json()}</arg>
<doc>Returns the given values which can then be assigned to a variables.</doc>
<status status="PASS" start="2024-05-04T09:14:55.662217" elapsed="0.000550"/>
</kw>
<kw name="Log" owner="BuiltIn">
<msg time="2024-05-04T09:14:55.663239" level="INFO">{'results': [{'gender': 'female', 'name': {'title': 'Miss', 'first': 'Alina', 'last': 'Bethke'}, 'location': {'street': {'number': 1847, 'name': 'Birkenweg'}, 'city': 'Bad Laasphe', 'state': 'Hamburg', 'country': 'Germany', 'postcode': 77354, 'coordinates': {'latitude': '-49.6990', 'longitude': '31.1741'}, 'timezone': {'offset': '-6:00', 'description': 'Central Time (US &amp; Canada), Mexico City'}}, 'email': 'alina.bethke@example.com', 'login': {'uuid': '00132205-b967-4089-8de5-177e98638aa7', 'username': 'greenbird511', 'password': 'trojan', 'salt': 'LADbFKWY', 'md5': '96a80c12097a8624ad38d98d8f788e00', 'sha1': '2d59cdbbeb58dac72737ef9e16bf6bb7a935822a', 'sha256': 'f1584214a90ebf5502cb8a61be459f8790a23438b8d93dd1cfe54c5f7b454f39'}, 'dob': {'date': '1970-10-20T11:57:05.675Z', 'age': 53}, 'registered': {'date': '2020-09-27T06:25:03.214Z', 'age': 3}, 'phone': '0541-5664174', 'cell': '0170-5133893', 'id': {'name': 'SVNR', 'value': '48 201070 B 783'}, 'picture': {'large': 'https://randomuser.me/api/portraits/women/58.jpg', 'medium': 'https://randomuser.me/api/portraits/med/women/58.jpg', 'thumbnail': 'https://randomuser.me/api/portraits/thumb/women/58.jpg'}, 'nat': 'DE'}], 'info': {'seed': '57ca8129296f9ebe', 'results': 1, 'page': 1, 'version': '1.4'}}</msg>
<arg>${json_data}</arg>
<doc>Logs the given message with the given level.</doc>
<status status="PASS" start="2024-05-04T09:14:55.663080" elapsed="0.000208"/>
</kw>
<kw name="Dictionary Should Contain Key" owner="Collections">
<msg time="2024-05-04T09:14:55.663751" level="INFO">False</msg>
<arg>${json_data}</arg>
<arg>results</arg>
<doc>Fails if ``key`` is not found from ``dictionary``.</doc>
<status status="PASS" start="2024-05-04T09:14:55.663589" elapsed="0.000200"/>
</kw>
<kw name="Should Not Be Empty" owner="BuiltIn">
<msg time="2024-05-04T09:14:55.664218" level="INFO">Length is 2.</msg>
<arg>${json_data}</arg>
<doc>Verifies that the given item is not empty.</doc>
<status status="PASS" start="2024-05-04T09:14:55.664082" elapsed="0.000337"/>
</kw>
<kw name="Create List" owner="BuiltIn">
<msg time="2024-05-04T09:14:55.664872" level="INFO">${expected_keys} = ['gender', 'name', 'location', 'email', 'login']</msg>
<var>${expected_keys}</var>
<arg>gender</arg>
<arg>name</arg>
<arg>location</arg>
<arg>email</arg>
<arg>login</arg>
<doc>Returns a list containing given items.</doc>
<status status="PASS" start="2024-05-04T09:14:55.664718" elapsed="0.000178"/>
</kw>
<for flavor="IN">
<iter>
<kw name="Dictionary Should Contain Key" owner="Collections">
<msg time="2024-05-04T09:14:55.665920" level="INFO">False</msg>
<arg>${json_data['results'][0]}</arg>
<arg>${key}</arg>
<doc>Fails if ``key`` is not found from ``dictionary``.</doc>
<status status="PASS" start="2024-05-04T09:14:55.665514" elapsed="0.000445"/>
</kw>
<kw name="Log" owner="BuiltIn">
<msg time="2024-05-04T09:14:55.666622" level="INFO">{'gender': 'female', 'name': {'title': 'Miss', 'first': 'Alina', 'last': 'Bethke'}, 'location': {'street': {'number': 1847, 'name': 'Birkenweg'}, 'city': 'Bad Laasphe', 'state': 'Hamburg', 'country': 'Germany', 'postcode': 77354, 'coordinates': {'latitude': '-49.6990', 'longitude': '31.1741'}, 'timezone': {'offset': '-6:00', 'description': 'Central Time (US &amp; Canada), Mexico City'}}, 'email': 'alina.bethke@example.com', 'login': {'uuid': '00132205-b967-4089-8de5-177e98638aa7', 'username': 'greenbird511', 'password': 'trojan', 'salt': 'LADbFKWY', 'md5': '96a80c12097a8624ad38d98d8f788e00', 'sha1': '2d59cdbbeb58dac72737ef9e16bf6bb7a935822a', 'sha256': 'f1584214a90ebf5502cb8a61be459f8790a23438b8d93dd1cfe54c5f7b454f39'}, 'dob': {'date': '1970-10-20T11:57:05.675Z', 'age': 53}, 'registered': {'date': '2020-09-27T06:25:03.214Z', 'age': 3}, 'phone': '0541-5664174', 'cell': '0170-5133893', 'id': {'name': 'SVNR', 'value': '48 201070 B 783'}, 'picture': {'large': 'https://randomuser.me/api/portraits/women/58.jpg', 'medium': 'https://randomuser.me/api/portraits/med/women/58.jpg', 'thumbnail': 'https://randomuser.me/api/portraits/thumb/women/58.jpg'}, 'nat': 'DE'}</msg>
<arg>${json_data['results'][0]}</arg>
<doc>Logs the given message with the given level.</doc>
<status status="PASS" start="2024-05-04T09:14:55.666258" elapsed="0.000413"/>
</kw>
<kw name="Log" owner="BuiltIn">
<msg time="2024-05-04T09:14:55.667101" level="INFO">gender</msg>
<arg>${key}</arg>
<doc>Logs the given message with the given level.</doc>
<status status="PASS" start="2024-05-04T09:14:55.666973" elapsed="0.000167"/>
</kw>
<var name="${key}">gender</var>
<status status="PASS" start="2024-05-04T09:14:55.665388" elapsed="0.001971"/>
</iter>
<iter>
<kw name="Dictionary Should Contain Key" owner="Collections">
<msg time="2024-05-04T09:14:55.668041" level="INFO">False</msg>
<arg>${json_data['results'][0]}</arg>
<arg>${key}</arg>
<doc>Fails if ``key`` is not found from ``dictionary``.</doc>
<status status="PASS" start="2024-05-04T09:14:55.667664" elapsed="0.000414"/>
</kw>
<kw name="Log" owner="BuiltIn">
<msg time="2024-05-04T09:14:55.668769" level="INFO">{'gender': 'female', 'name': {'title': 'Miss', 'first': 'Alina', 'last': 'Bethke'}, 'location': {'street': {'number': 1847, 'name': 'Birkenweg'}, 'city': 'Bad Laasphe', 'state': 'Hamburg', 'country': 'Germany', 'postcode': 77354, 'coordinates': {'latitude': '-49.6990', 'longitude': '31.1741'}, 'timezone': {'offset': '-6:00', 'description': 'Central Time (US &amp; Canada), Mexico City'}}, 'email': 'alina.bethke@example.com', 'login': {'uuid': '00132205-b967-4089-8de5-177e98638aa7', 'username': 'greenbird511', 'password': 'trojan', 'salt': 'LADbFKWY', 'md5': '96a80c12097a8624ad38d98d8f788e00', 'sha1': '2d59cdbbeb58dac72737ef9e16bf6bb7a935822a', 'sha256': 'f1584214a90ebf5502cb8a61be459f8790a23438b8d93dd1cfe54c5f7b454f39'}, 'dob': {'date': '1970-10-20T11:57:05.675Z', 'age': 53}, 'registered': {'date': '2020-09-27T06:25:03.214Z', 'age': 3}, 'phone': '0541-5664174', 'cell': '0170-5133893', 'id': {'name': 'SVNR', 'value': '48 201070 B 783'}, 'picture': {'large': 'https://randomuser.me/api/portraits/women/58.jpg', 'medium': 'https://randomuser.me/api/portraits/med/women/58.jpg', 'thumbnail': 'https://randomuser.me/api/portraits/thumb/women/58.jpg'}, 'nat': 'DE'}</msg>
<arg>${json_data['results'][0]}</arg>
<doc>Logs the given message with the given level.</doc>
<status status="PASS" start="2024-05-04T09:14:55.668401" elapsed="0.000417"/>
</kw>
<kw name="Log" owner="BuiltIn">
<msg time="2024-05-04T09:14:55.669266" level="INFO">name</msg>
<arg>${key}</arg>
<doc>Logs the given message with the given level.</doc>
<status status="PASS" start="2024-05-04T09:14:55.669117" elapsed="0.000188"/>
</kw>
<var name="${key}">name</var>
<status status="PASS" start="2024-05-04T09:14:55.667549" elapsed="0.001977"/>
</iter>
<iter>
<kw name="Dictionary Should Contain Key" owner="Collections">
<msg time="2024-05-04T09:14:55.670206" level="INFO">False</msg>
<arg>${json_data['results'][0]}</arg>
<arg>${key}</arg>
<doc>Fails if ``key`` is not found from ``dictionary``.</doc>
<status status="PASS" start="2024-05-04T09:14:55.669821" elapsed="0.000422"/>
</kw>
<kw name="Log" owner="BuiltIn">
<msg time="2024-05-04T09:14:55.670900" level="INFO">{'gender': 'female', 'name': {'title': 'Miss', 'first': 'Alina', 'last': 'Bethke'}, 'location': {'street': {'number': 1847, 'name': 'Birkenweg'}, 'city': 'Bad Laasphe', 'state': 'Hamburg', 'country': 'Germany', 'postcode': 77354, 'coordinates': {'latitude': '-49.6990', 'longitude': '31.1741'}, 'timezone': {'offset': '-6:00', 'description': 'Central Time (US &amp; Canada), Mexico City'}}, 'email': 'alina.bethke@example.com', 'login': {'uuid': '00132205-b967-4089-8de5-177e98638aa7', 'username': 'greenbird511', 'password': 'trojan', 'salt': 'LADbFKWY', 'md5': '96a80c12097a8624ad38d98d8f788e00', 'sha1': '2d59cdbbeb58dac72737ef9e16bf6bb7a935822a', 'sha256': 'f1584214a90ebf5502cb8a61be459f8790a23438b8d93dd1cfe54c5f7b454f39'}, 'dob': {'date': '1970-10-20T11:57:05.675Z', 'age': 53}, 'registered': {'date': '2020-09-27T06:25:03.214Z', 'age': 3}, 'phone': '0541-5664174', 'cell': '0170-5133893', 'id': {'name': 'SVNR', 'value': '48 201070 B 783'}, 'picture': {'large': 'https://randomuser.me/api/portraits/women/58.jpg', 'medium': 'https://randomuser.me/api/portraits/med/women/58.jpg', 'thumbnail': 'https://randomuser.me/api/portraits/thumb/women/58.jpg'}, 'nat': 'DE'}</msg>
<arg>${json_data['results'][0]}</arg>
<doc>Logs the given message with the given level.</doc>
<status status="PASS" start="2024-05-04T09:14:55.670543" elapsed="0.000407"/>
</kw>
<kw name="Log" owner="BuiltIn">
<msg time="2024-05-04T09:14:55.671371" level="INFO">location</msg>
<arg>${key}</arg>
<doc>Logs the given message with the given level.</doc>
<status status="PASS" start="2024-05-04T09:14:55.671245" elapsed="0.000163"/>
</kw>
<var name="${key}">location</var>
<status status="PASS" start="2024-05-04T09:14:55.669709" elapsed="0.001912"/>
</iter>
<iter>
<kw name="Dictionary Should Contain Key" owner="Collections">
<msg time="2024-05-04T09:14:55.672286" level="INFO">False</msg>
<arg>${json_data['results'][0]}</arg>
<arg>${key}</arg>
<doc>Fails if ``key`` is not found from ``dictionary``.</doc>
<status status="PASS" start="2024-05-04T09:14:55.671906" elapsed="0.000417"/>
</kw>
<kw name="Log" owner="BuiltIn">
<msg time="2024-05-04T09:14:55.672974" level="INFO">{'gender': 'female', 'name': {'title': 'Miss', 'first': 'Alina', 'last': 'Bethke'}, 'location': {'street': {'number': 1847, 'name': 'Birkenweg'}, 'city': 'Bad Laasphe', 'state': 'Hamburg', 'country': 'Germany', 'postcode': 77354, 'coordinates': {'latitude': '-49.6990', 'longitude': '31.1741'}, 'timezone': {'offset': '-6:00', 'description': 'Central Time (US &amp; Canada), Mexico City'}}, 'email': 'alina.bethke@example.com', 'login': {'uuid': '00132205-b967-4089-8de5-177e98638aa7', 'username': 'greenbird511', 'password': 'trojan', 'salt': 'LADbFKWY', 'md5': '96a80c12097a8624ad38d98d8f788e00', 'sha1': '2d59cdbbeb58dac72737ef9e16bf6bb7a935822a', 'sha256': 'f1584214a90ebf5502cb8a61be459f8790a23438b8d93dd1cfe54c5f7b454f39'}, 'dob': {'date': '1970-10-20T11:57:05.675Z', 'age': 53}, 'registered': {'date': '2020-09-27T06:25:03.214Z', 'age': 3}, 'phone': '0541-5664174', 'cell': '0170-5133893', 'id': {'name': 'SVNR', 'value': '48 201070 B 783'}, 'picture': {'large': 'https://randomuser.me/api/portraits/women/58.jpg', 'medium': 'https://randomuser.me/api/portraits/med/women/58.jpg', 'thumbnail': 'https://randomuser.me/api/portraits/thumb/women/58.jpg'}, 'nat': 'DE'}</msg>
<arg>${json_data['results'][0]}</arg>
<doc>Logs the given message with the given level.</doc>
<status status="PASS" start="2024-05-04T09:14:55.672620" elapsed="0.000403"/>
</kw>
<kw name="Log" owner="BuiltIn">
<msg time="2024-05-04T09:14:55.673479" level="INFO">email</msg>
<arg>${key}</arg>
<doc>Logs the given message with the given level.</doc>
<status status="PASS" start="2024-05-04T09:14:55.673345" elapsed="0.000195"/>
</kw>
<var name="${key}">email</var>
<status status="PASS" start="2024-05-04T09:14:55.671797" elapsed="0.001967"/>
</iter>
<iter>
<kw name="Dictionary Should Contain Key" owner="Collections">
<msg time="2024-05-04T09:14:55.674458" level="INFO">False</msg>
<arg>${json_data['results'][0]}</arg>
<arg>${key}</arg>
<doc>Fails if ``key`` is not found from ``dictionary``.</doc>
<status status="PASS" start="2024-05-04T09:14:55.674047" elapsed="0.000450"/>
</kw>
<kw name="Log" owner="BuiltIn">
<msg time="2024-05-04T09:14:55.675222" level="INFO">{'gender': 'female', 'name': {'title': 'Miss', 'first': 'Alina', 'last': 'Bethke'}, 'location': {'street': {'number': 1847, 'name': 'Birkenweg'}, 'city': 'Bad Laasphe', 'state': 'Hamburg', 'country': 'Germany', 'postcode': 77354, 'coordinates': {'latitude': '-49.6990', 'longitude': '31.1741'}, 'timezone': {'offset': '-6:00', 'description': 'Central Time (US &amp; Canada), Mexico City'}}, 'email': 'alina.bethke@example.com', 'login': {'uuid': '00132205-b967-4089-8de5-177e98638aa7', 'username': 'greenbird511', 'password': 'trojan', 'salt': 'LADbFKWY', 'md5': '96a80c12097a8624ad38d98d8f788e00', 'sha1': '2d59cdbbeb58dac72737ef9e16bf6bb7a935822a', 'sha256': 'f1584214a90ebf5502cb8a61be459f8790a23438b8d93dd1cfe54c5f7b454f39'}, 'dob': {'date': '1970-10-20T11:57:05.675Z', 'age': 53}, 'registered': {'date': '2020-09-27T06:25:03.214Z', 'age': 3}, 'phone': '0541-5664174', 'cell': '0170-5133893', 'id': {'name': 'SVNR', 'value': '48 201070 B 783'}, 'picture': {'large': 'https://randomuser.me/api/portraits/women/58.jpg', 'medium': 'https://randomuser.me/api/portraits/med/women/58.jpg', 'thumbnail': 'https://randomuser.me/api/portraits/thumb/women/58.jpg'}, 'nat': 'DE'}</msg>
<arg>${json_data['results'][0]}</arg>
<doc>Logs the given message with the given level.</doc>
<status status="PASS" start="2024-05-04T09:14:55.674855" elapsed="0.000417"/>
</kw>
<kw name="Log" owner="BuiltIn">
<msg time="2024-05-04T09:14:55.675697" level="INFO">login</msg>
<arg>${key}</arg>
<doc>Logs the given message with the given level.</doc>
<status status="PASS" start="2024-05-04T09:14:55.675570" elapsed="0.000165"/>
</kw>
<var name="${key}">login</var>
<status status="PASS" start="2024-05-04T09:14:55.673937" elapsed="0.002042"/>
</iter>
<var>${key}</var>
<value>@{expected_keys}</value>
<status status="PASS" start="2024-05-04T09:14:55.665183" elapsed="0.010979"/>
</for>
<kw name="Create List" owner="BuiltIn">
<msg time="2024-05-04T09:14:55.676538" level="INFO">${expected_keysTwo} = ['username', 'password']</msg>
<var>${expected_keysTwo}</var>
<arg>username</arg>
<arg>password</arg>
<doc>Returns a list containing given items.</doc>
<status status="PASS" start="2024-05-04T09:14:55.676400" elapsed="0.000162"/>
</kw>
<for flavor="IN">
<iter>
<kw name="Dictionary Should Contain Key" owner="Collections">
<msg time="2024-05-04T09:14:55.677494" level="INFO">False</msg>
<arg>${json_data['results'][0]['login']}</arg>
<arg>${keyTwo}</arg>
<doc>Fails if ``key`` is not found from ``dictionary``.</doc>
<status status="PASS" start="2024-05-04T09:14:55.677077" elapsed="0.000455"/>
</kw>
<kw name="Dictionary Should Contain Key" owner="Collections">
<msg time="2024-05-04T09:14:55.678207" level="INFO">False</msg>
<arg>${json_data['results'][0]['login']}</arg>
<arg>${keyTwo}</arg>
<doc>Fails if ``key`` is not found from ``dictionary``.</doc>
<status status="PASS" start="2024-05-04T09:14:55.677826" elapsed="0.000418"/>
</kw>
<kw name="Log" owner="BuiltIn">
<msg time="2024-05-04T09:14:55.678658" level="INFO">username</msg>
<arg>${keyTwo}</arg>
<doc>Logs the given message with the given level.</doc>
<status status="PASS" start="2024-05-04T09:14:55.678534" elapsed="0.000166"/>
</kw>
<var name="${keyTwo}">username</var>
<status status="PASS" start="2024-05-04T09:14:55.676968" elapsed="0.001947"/>
</iter>
<iter>
<kw name="Dictionary Should Contain Key" owner="Collections">
<msg time="2024-05-04T09:14:55.679661" level="INFO">False</msg>
<arg>${json_data['results'][0]['login']}</arg>
<arg>${keyTwo}</arg>
<doc>Fails if ``key`` is not found from ``dictionary``.</doc>
<status status="PASS" start="2024-05-04T09:14:55.679198" elapsed="0.000502"/>
</kw>
<kw name="Dictionary Should Contain Key" owner="Collections">
<msg time="2024-05-04T09:14:55.680375" level="INFO">False</msg>
<arg>${json_data['results'][0]['login']}</arg>
<arg>${keyTwo}</arg>
<doc>Fails if ``key`` is not found from ``dictionary``.</doc>
<status status="PASS" start="2024-05-04T09:14:55.679999" elapsed="0.000413"/>
</kw>
<kw name="Log" owner="BuiltIn">
<msg time="2024-05-04T09:14:55.680835" level="INFO">password</msg>
<arg>${keyTwo}</arg>
<doc>Logs the given message with the given level.</doc>
<status status="PASS" start="2024-05-04T09:14:55.680706" elapsed="0.000166"/>
</kw>
<var name="${keyTwo}">password</var>
<status status="PASS" start="2024-05-04T09:14:55.679088" elapsed="0.001997"/>
</iter>
<var>${keyTwo}</var>
<value>@{expected_keysTwo}</value>
<status status="PASS" start="2024-05-04T09:14:55.676816" elapsed="0.004427"/>
</for>
<status status="PASS" start="2024-05-04T09:14:55.567086" elapsed="0.114302"/>
</kw>
<doc>Testa a estrutura da resposta da API.</doc>
<tag>testeEstruturaResposta</tag>
<status status="PASS" start="2024-05-04T09:14:55.566554" elapsed="0.114995"/>
</test>
<test id="s1-s1-t4" name="Validar tipos de dados" line="28">
<kw name="Teste de Tipos de Dados" owner="random-user-service">
<kw name="GET On Session" owner="RequestsLibrary">
<msg time="2024-05-04T09:14:55.769457" level="INFO">GET Request : url=https://randomuser.me/api 
 path_url=/api 
 headers={'User-Agent': 'python-requests/2.31.0', 'Accept-Encoding': 'gzip, deflate', 'Accept': '*/*', 'Connection': 'keep-alive'} 
 body=None 
 </msg>
<msg time="2024-05-04T09:14:55.769560" level="INFO">GET Response : url=https://randomuser.me/api 
 status=200, reason=OK 
 headers={'Date': 'Sat, 04 May 2024 09:14:55 GMT', 'Content-Type': 'application/json; charset=utf-8', 'Transfer-Encoding': 'chunked', 'Connection': 'keep-alive', 'X-Powered-By': 'Express', 'Access-Control-Allow-Origin': '*', 'Cache-Control': 'no-cache', 'ETag': 'W/"4a1-wKUC6FHrE2dI0w0dLLvNtRFGH0I"', 'Vary': 'Accept-Encoding', 'Content-Encoding': 'gzip', 'CF-Cache-Status': 'DYNAMIC', 'Report-To': '{"endpoints":[{"url":"https:\\/\\/a.nel.cloudflare.com\\/report\\/v4?s=Zl0MH7%2FraT8U0foZHon3v7fDw9UehYNtoPXZ8VCYvl5gS%2B5DtslyEDuy7wNIgsd1oyh8pmqpu%2FzI%2Fa5g2fq6mwjFRoNn8%2BQKzx2wMFXUvxDTGJNtRYLPaqkbeKrd1fm2"}],"group":"cf-nel","max_age":604800}', 'NEL': '{"success_fraction":0,"report_to":"cf-nel","max_age":604800}', 'Server': 'cloudflare', 'CF-RAY': '87e76222091722dc-ORD', 'alt-svc': 'h3=":443"; ma=86400'} 
 body={"results":[{"gender":"female","name":{"title":"Miss","first":"Husna","last":"Tuijn"},"location":{"street":{"number":6319,"name":"Ankummerdijk"},"city":"Oudesluis","state":"Limburg","country":"Netherlands","postcode":"4836 SW","coordinates":{"latitude":"32.3253","longitude":"28.3754"},"timezone":{"offset":"+5:00","description":"Ekaterinburg, Islamabad, Karachi, Tashkent"}},"email":"husna.tuijn@example.com","login":{"uuid":"6b4ba0a7-bdbd-4a35-bb2d-55347cd99da0","username":"ticklishgoose404","password":"bigman","salt":"ZRZNow8T","md5":"fe58b9a658e2f017004da26f69082912","sha1":"fa27a049e01508580f976b249b15b5eeeb701ebe","sha256":"f850266239c829aa13d255d22455b447faa0d21aadd948aff1d96e424a26eb18"},"dob":{"date":"1957-02-16T09:38:03.206Z","age":67},"registered":{"date":"2007-06-23T22:41:06.025Z","age":16},"phone":"(0114) 933696","cell":"(06) 65933169","id":{"name":"BSN","value":"62887206"},"picture":{"large":"https://randomuser.me/api/portraits/women/43.jpg","medium":"https://randomuser.me/api/portraits/med/women/43.jpg","thumbnail":"https://randomuser.me/api/portraits/thumb/women/43.jpg"},"nat":"NL"}],"info":{"seed":"b895694e50a7a2e4","results":1,"page":1,"version":"1.4"}} 
 </msg>
<msg time="2024-05-04T09:14:55.769627" level="INFO">/opt/hostedtoolcache/Python/3.12.3/x64/lib/python3.12/site-packages/urllib3/connectionpool.py:1103: InsecureRequestWarning: Unverified HTTPS request is being made to host 'randomuser.me'. Adding certificate verification is strongly advised. See: https://urllib3.readthedocs.io/en/latest/advanced-usage.html#tls-warnings
  warnings.warn(</msg>
<msg time="2024-05-04T09:14:55.769749" level="INFO">${response} = &lt;Response [200]&gt;</msg>
<var>${response}</var>
<arg>consultarAPI</arg>
<arg>/api</arg>
<doc>Sends a GET request on a previously created HTTP Session.</doc>
<status status="PASS" start="2024-05-04T09:14:55.684049" elapsed="0.085739"/>
</kw>
<kw name="Set Variable" owner="BuiltIn">
<msg time="2024-05-04T09:14:55.770928" level="INFO">${json_data} = {'results': [{'gender': 'female', 'name': {'title': 'Miss', 'first': 'Husna', 'last': 'Tuijn'}, 'location': {'street': {'number': 6319, 'name': 'Ankummerdijk'}, 'city': 'Oudesluis', 'state': 'Limburg'...</msg>
<var>${json_data}</var>
<arg>${response.json()}</arg>
<doc>Returns the given values which can then be assigned to a variables.</doc>
<status status="PASS" start="2024-05-04T09:14:55.770384" elapsed="0.000574"/>
</kw>
<kw name="Log" owner="BuiltIn">
<msg time="2024-05-04T09:14:55.771427" level="INFO">{'results': [{'gender': 'female', 'name': {'title': 'Miss', 'first': 'Husna', 'last': 'Tuijn'}, 'location': {'street': {'number': 6319, 'name': 'Ankummerdijk'}, 'city': 'Oudesluis', 'state': 'Limburg', 'country': 'Netherlands', 'postcode': '4836 SW', 'coordinates': {'latitude': '32.3253', 'longitude': '28.3754'}, 'timezone': {'offset': '+5:00', 'description': 'Ekaterinburg, Islamabad, Karachi, Tashkent'}}, 'email': 'husna.tuijn@example.com', 'login': {'uuid': '6b4ba0a7-bdbd-4a35-bb2d-55347cd99da0', 'username': 'ticklishgoose404', 'password': 'bigman', 'salt': 'ZRZNow8T', 'md5': 'fe58b9a658e2f017004da26f69082912', 'sha1': 'fa27a049e01508580f976b249b15b5eeeb701ebe', 'sha256': 'f850266239c829aa13d255d22455b447faa0d21aadd948aff1d96e424a26eb18'}, 'dob': {'date': '1957-02-16T09:38:03.206Z', 'age': 67}, 'registered': {'date': '2007-06-23T22:41:06.025Z', 'age': 16}, 'phone': '(0114) 933696', 'cell': '(06) 65933169', 'id': {'name': 'BSN', 'value': '62887206'}, 'picture': {'large': 'https://randomuser.me/api/portraits/women/43.jpg', 'medium': 'https://randomuser.me/api/portraits/med/women/43.jpg', 'thumbnail': 'https://randomuser.me/api/portraits/thumb/women/43.jpg'}, 'nat': 'NL'}], 'info': {'seed': 'b895694e50a7a2e4', 'results': 1, 'page': 1, 'version': '1.4'}}</msg>
<arg>${json_data}</arg>
<doc>Logs the given message with the given level.</doc>
<status status="PASS" start="2024-05-04T09:14:55.771273" elapsed="0.000241"/>
</kw>
<kw name="Should Be String" owner="String">
<arg>${json_data['results'][0]['gender']}</arg>
<doc>Fails if the given ``item`` is not a string.</doc>
<status status="PASS" start="2024-05-04T09:14:55.771814" elapsed="0.000364"/>
</kw>
<kw name="Should Match Regexp" owner="BuiltIn">
<arg>${json_data['results'][0]['email']}</arg>
<arg>^[a-zA-Z0-9._%+-]+@[a-zA-Z0-9.-]+\.[a-zA-Z]{2,}$</arg>
<doc>Fails if ``string`` does not match ``pattern`` as a regular expression.</doc>
<status status="PASS" start="2024-05-04T09:14:55.772370" elapsed="0.000547"/>
</kw>
<kw name="Should Match Regexp" owner="BuiltIn">
<arg>${json_data['results'][0]['dob']['date']}</arg>
<arg>\\d{4}-\\d{2}-\\d{2}T\\d{2}:\\d{2}:\\d{2}\\.\\d{3}Z</arg>
<doc>Fails if ``string`` does not match ``pattern`` as a regular expression.</doc>
<status status="PASS" start="2024-05-04T09:14:55.773117" elapsed="0.000525"/>
</kw>
<kw name="Should Match Regexp" owner="BuiltIn">
<arg>${json_data['results'][0]['registered']['date']}</arg>
<arg>\\d{4}-\\d{2}-\\d{2}T\\d{2}:\\d{2}:\\d{2}\\.\\d{3}Z</arg>
<doc>Fails if ``string`` does not match ``pattern`` as a regular expression.</doc>
<status status="PASS" start="2024-05-04T09:14:55.773833" elapsed="0.000366"/>
</kw>
<kw name="Should Match Regexp" owner="BuiltIn">
<arg>${json_data['results'][0]['picture']['large']}</arg>
<arg>^https?://.*\.(?:png|jpe?g|gif|bmp)$</arg>
<doc>Fails if ``string`` does not match ``pattern`` as a regular expression.</doc>
<status status="PASS" start="2024-05-04T09:14:55.774388" elapsed="0.000463"/>
</kw>
<kw name="Should Match Regexp" owner="BuiltIn">
<arg>${json_data['results'][0]['picture']['medium']}</arg>
<arg>^https?://.*\.(?:png|jpe?g|gif|bmp)$</arg>
<doc>Fails if ``string`` does not match ``pattern`` as a regular expression.</doc>
<status status="PASS" start="2024-05-04T09:14:55.775038" elapsed="0.000355"/>
</kw>
<kw name="Should Match Regexp" owner="BuiltIn">
<arg>${json_data['results'][0]['picture']['thumbnail']}</arg>
<arg>^https?://.*\.(?:png|jpe?g|gif|bmp)$</arg>
<doc>Fails if ``string`` does not match ``pattern`` as a regular expression.</doc>
<status status="PASS" start="2024-05-04T09:14:55.775582" elapsed="0.000349"/>
</kw>
<kw name="Log" owner="BuiltIn">
<msg time="2024-05-04T09:14:55.776437" level="INFO">{'large': 'https://randomuser.me/api/portraits/women/43.jpg', 'medium': 'https://randomuser.me/api/portraits/med/women/43.jpg', 'thumbnail': 'https://randomuser.me/api/portraits/thumb/women/43.jpg'}</msg>
<arg>${json_data['results'][0]['picture']}</arg>
<doc>Logs the given message with the given level.</doc>
<status status="PASS" start="2024-05-04T09:14:55.776110" elapsed="0.000368"/>
</kw>
<status status="PASS" start="2024-05-04T09:14:55.683819" elapsed="0.092917"/>
</kw>
<kw name="Teste de Tipos de Dados - Postcode" owner="random-user-service">
<kw name="GET On Session" owner="RequestsLibrary">
<msg time="2024-05-04T09:14:55.860637" level="INFO">GET Request : url=https://randomuser.me/api 
 path_url=/api 
 headers={'User-Agent': 'python-requests/2.31.0', 'Accept-Encoding': 'gzip, deflate', 'Accept': '*/*', 'Connection': 'keep-alive'} 
 body=None 
 </msg>
<msg time="2024-05-04T09:14:55.860726" level="INFO">GET Response : url=https://randomuser.me/api 
 status=200, reason=OK 
 headers={'Date': 'Sat, 04 May 2024 09:14:55 GMT', 'Content-Type': 'application/json; charset=utf-8', 'Transfer-Encoding': 'chunked', 'Connection': 'keep-alive', 'X-Powered-By': 'Express', 'Access-Control-Allow-Origin': '*', 'Cache-Control': 'no-cache', 'ETag': 'W/"484-V3qD/iiWmhHYeG8jP1pbwdjrIlk"', 'Vary': 'Accept-Encoding', 'Content-Encoding': 'gzip', 'CF-Cache-Status': 'DYNAMIC', 'Report-To': '{"endpoints":[{"url":"https:\\/\\/a.nel.cloudflare.com\\/report\\/v4?s=nIYbQ4bh%2BbU2R%2FFFFDM%2BcIOkB8wSpkyGWVfqIBVPm6ZR5ODlbScm4WsVusd2%2FuJ%2F05vEtdIO8T7BCnHNkHRUf0ciHKbNxPLtyoF8laY2PnIc%2Bs3PWJhxgSUQOTTDmS%2BC"}],"group":"cf-nel","max_age":604800}', 'NEL': '{"success_fraction":0,"report_to":"cf-nel","max_age":604800}', 'Server': 'cloudflare', 'CF-RAY': '87e76222996422dc-ORD', 'alt-svc': 'h3=":443"; ma=86400'} 
 body={"results":[{"gender":"male","name":{"title":"Mr","first":"Rodrigo","last":"Cortes"},"location":{"street":{"number":228,"name":"Calle de Segovia"},"city":"Toledo","state":"Melilla","country":"Spain","postcode":68258,"coordinates":{"latitude":"-38.3263","longitude":"-165.6910"},"timezone":{"offset":"+6:00","description":"Almaty, Dhaka, Colombo"}},"email":"rodrigo.cortes@example.com","login":{"uuid":"e2c09dda-14ec-4851-a708-516d06bdd4eb","username":"beautifulleopard385","password":"january","salt":"hs4XFueO","md5":"9a199ebea8825413381a9331c82fb4c7","sha1":"4cdef9cc5f43549c3f3ce82570d887c534ea105f","sha256":"e342266e2839dc7155932afead39ca4cf78dc11a72021be6190475c2a636363c"},"dob":{"date":"1949-11-30T14:22:37.343Z","age":74},"registered":{"date":"2010-07-03T03:27:47.037Z","age":13},"phone":"903-788-387","cell":"647-478-587","id":{"name":"DNI","value":"24396140-C"},"picture":{"large":"https://randomuser.me/api/portraits/men/82.jpg","medium":"https://randomuser.me/api/portraits/med/men/82.jpg","thumbnail":"https://randomuser.me/api/portraits/thumb/men/82.jpg"},"nat":"ES"}],"info":{"seed":"baccb5ef790c6c01","results":1,"page":1,"version":"1.4"}} 
 </msg>
<msg time="2024-05-04T09:14:55.860791" level="INFO">/opt/hostedtoolcache/Python/3.12.3/x64/lib/python3.12/site-packages/urllib3/connectionpool.py:1103: InsecureRequestWarning: Unverified HTTPS request is being made to host 'randomuser.me'. Adding certificate verification is strongly advised. See: https://urllib3.readthedocs.io/en/latest/advanced-usage.html#tls-warnings
  warnings.warn(</msg>
<msg time="2024-05-04T09:14:55.860908" level="INFO">${response} = &lt;Response [200]&gt;</msg>
<var>${response}</var>
<arg>consultarAPI</arg>
<arg>/api</arg>
<doc>Sends a GET request on a previously created HTTP Session.</doc>
<status status="PASS" start="2024-05-04T09:14:55.777234" elapsed="0.083712"/>
</kw>
<kw name="Set Variable" owner="BuiltIn">
<msg time="2024-05-04T09:14:55.862107" level="INFO">${json_data} = {'results': [{'gender': 'male', 'name': {'title': 'Mr', 'first': 'Rodrigo', 'last': 'Cortes'}, 'location': {'street': {'number': 228, 'name': 'Calle de Segovia'}, 'city': 'Toledo', 'state': 'Melilla',...</msg>
<var>${json_data}</var>
<arg>${response.json()}</arg>
<doc>Returns the given values which can then be assigned to a variables.</doc>
<status status="PASS" start="2024-05-04T09:14:55.861543" elapsed="0.000592"/>
</kw>
<kw name="Log" owner="BuiltIn">
<msg time="2024-05-04T09:14:55.862601" level="INFO">{'results': [{'gender': 'male', 'name': {'title': 'Mr', 'first': 'Rodrigo', 'last': 'Cortes'}, 'location': {'street': {'number': 228, 'name': 'Calle de Segovia'}, 'city': 'Toledo', 'state': 'Melilla', 'country': 'Spain', 'postcode': 68258, 'coordinates': {'latitude': '-38.3263', 'longitude': '-165.6910'}, 'timezone': {'offset': '+6:00', 'description': 'Almaty, Dhaka, Colombo'}}, 'email': 'rodrigo.cortes@example.com', 'login': {'uuid': 'e2c09dda-14ec-4851-a708-516d06bdd4eb', 'username': 'beautifulleopard385', 'password': 'january', 'salt': 'hs4XFueO', 'md5': '9a199ebea8825413381a9331c82fb4c7', 'sha1': '4cdef9cc5f43549c3f3ce82570d887c534ea105f', 'sha256': 'e342266e2839dc7155932afead39ca4cf78dc11a72021be6190475c2a636363c'}, 'dob': {'date': '1949-11-30T14:22:37.343Z', 'age': 74}, 'registered': {'date': '2010-07-03T03:27:47.037Z', 'age': 13}, 'phone': '903-788-387', 'cell': '647-478-587', 'id': {'name': 'DNI', 'value': '24396140-C'}, 'picture': {'large': 'https://randomuser.me/api/portraits/men/82.jpg', 'medium': 'https://randomuser.me/api/portraits/med/men/82.jpg', 'thumbnail': 'https://randomuser.me/api/portraits/thumb/men/82.jpg'}, 'nat': 'ES'}], 'info': {'seed': 'baccb5ef790c6c01', 'results': 1, 'page': 1, 'version': '1.4'}}</msg>
<arg>${json_data}</arg>
<doc>Logs the given message with the given level.</doc>
<status status="PASS" start="2024-05-04T09:14:55.862449" elapsed="0.000232"/>
</kw>
<kw name="Should Be Equal As Numbers" owner="BuiltIn">
<arg>${json_data['results'][0]['location']['postcode']}</arg>
<arg>${json_data['results'][0]['location']['postcode']}</arg>
<doc>Fails if objects are unequal after converting them to real numbers.</doc>
<status status="PASS" start="2024-05-04T09:14:55.863158" elapsed="0.000618"/>
</kw>
<kw name="Log" owner="BuiltIn">
<msg time="2024-05-04T09:14:55.864305" level="INFO">68258</msg>
<arg>${json_data['results'][0]['location']['postcode']}</arg>
<doc>Logs the given message with the given level.</doc>
<status status="PASS" start="2024-05-04T09:14:55.863969" elapsed="0.000377"/>
</kw>
<status status="PASS" start="2024-05-04T09:14:55.776972" elapsed="0.087632"/>
</kw>
<doc>Testa se os tipos de dados na resposta da API estão corretos.</doc>
<tag>testeTiposDados</tag>
<status status="PASS" start="2024-05-04T09:14:55.683333" elapsed="0.181443"/>
</test>
<test id="s1-s1-t5" name="Validar conteudo" line="35">
<kw name="Teste de Tipos de Conteudo" owner="random-user-service">
<kw name="GET On Session" owner="RequestsLibrary">
<msg time="2024-05-04T09:14:55.963404" level="INFO">GET Request : url=https://randomuser.me/api 
 path_url=/api 
 headers={'User-Agent': 'python-requests/2.31.0', 'Accept-Encoding': 'gzip, deflate', 'Accept': '*/*', 'Connection': 'keep-alive'} 
 body=None 
 </msg>
<msg time="2024-05-04T09:14:55.963514" level="INFO">GET Response : url=https://randomuser.me/api 
 status=200, reason=OK 
 headers={'Date': 'Sat, 04 May 2024 09:14:55 GMT', 'Content-Type': 'application/json; charset=utf-8', 'Transfer-Encoding': 'chunked', 'Connection': 'keep-alive', 'X-Powered-By': 'Express', 'Access-Control-Allow-Origin': '*', 'Cache-Control': 'no-cache', 'ETag': 'W/"4a5-ySfU4b1mjqUcGYKT92QVDTGwhxI"', 'Vary': 'Accept-Encoding', 'Content-Encoding': 'gzip', 'CF-Cache-Status': 'DYNAMIC', 'Report-To': '{"endpoints":[{"url":"https:\\/\\/a.nel.cloudflare.com\\/report\\/v4?s=jPPRAQyNieko08vX4TcCUb%2FSOpoghvkqgR4yc%2FzA%2FJeppVcm5bHTcHYGpXFyfO4ILL5t7BTA%2FgeIT8faAIRZFmg3%2FdRkP7AmvzjvWbVrO8vFTSb7%2FP3pyBD1lLCjjj4p"}],"group":"cf-nel","max_age":604800}', 'NEL': '{"success_fraction":0,"report_to":"cf-nel","max_age":604800}', 'Server': 'cloudflare', 'CF-RAY': '87e7622329fa22dc-ORD', 'alt-svc': 'h3=":443"; ma=86400'} 
 body={"results":[{"gender":"male","name":{"title":"Mr","first":"Afonsino","last":"Rezende"},"location":{"street":{"number":8166,"name":"Rua Amazonas "},"city":"Criciúma","state":"Rio de Janeiro","country":"Brazil","postcode":61658,"coordinates":{"latitude":"-74.4858","longitude":"-90.5728"},"timezone":{"offset":"-6:00","description":"Central Time (US &amp; Canada), Mexico City"}},"email":"afonsino.rezende@example.com","login":{"uuid":"0d3d14a9-fe42-42d6-944f-37b8a75d7715","username":"goldenzebra274","password":"donjuan","salt":"85qjkZAL","md5":"be2154bebeb5cb47694e8c989ce59e08","sha1":"cd48dc63386dffcdcefa9c5f1aa608f2f26da286","sha256":"6cb4ad6b20b4f2084c31d82c00e8c4900e68402503762e45369844f63f97ea5f"},"dob":{"date":"1971-10-08T17:43:26.310Z","age":52},"registered":{"date":"2016-07-24T20:41:44.884Z","age":7},"phone":"(64) 3844-0387","cell":"(74) 1530-9845","id":{"name":"CPF","value":"343.024.718-77"},"picture":{"large":"https://randomuser.me/api/portraits/men/55.jpg","medium":"https://randomuser.me/api/portraits/med/men/55.jpg","thumbnail":"https://randomuser.me/api/portraits/thumb/men/55.jpg"},"nat":"BR"}],"info":{"seed":"8d6b856ed8f5099e","results":1,"page":1,"version":"1.4"}} 
 </msg>
<msg time="2024-05-04T09:14:55.963603" level="INFO">/opt/hostedtoolcache/Python/3.12.3/x64/lib/python3.12/site-packages/urllib3/connectionpool.py:1103: InsecureRequestWarning: Unverified HTTPS request is being made to host 'randomuser.me'. Adding certificate verification is strongly advised. See: https://urllib3.readthedocs.io/en/latest/advanced-usage.html#tls-warnings
  warnings.warn(</msg>
<msg time="2024-05-04T09:14:55.963735" level="INFO">${response} = &lt;Response [200]&gt;</msg>
<var>${response}</var>
<arg>consultarAPI</arg>
<arg>/api</arg>
<doc>Sends a GET request on a previously created HTTP Session.</doc>
<status status="PASS" start="2024-05-04T09:14:55.867639" elapsed="0.096148"/>
</kw>
<kw name="Set Variable" owner="BuiltIn">
<msg time="2024-05-04T09:14:55.964824" level="INFO">${json_data} = {'results': [{'gender': 'male', 'name': {'title': 'Mr', 'first': 'Afonsino', 'last': 'Rezende'}, 'location': {'street': {'number': 8166, 'name': 'Rua Amazonas '}, 'city': 'Criciúma', 'state': 'Rio de ...</msg>
<var>${json_data}</var>
<arg>${response.json()}</arg>
<doc>Returns the given values which can then be assigned to a variables.</doc>
<status status="PASS" start="2024-05-04T09:14:55.964301" elapsed="0.000554"/>
</kw>
<kw name="Set Variable" owner="BuiltIn">
<msg time="2024-05-04T09:14:55.965604" level="INFO">${name_title} = Mr</msg>
<var>${name_title}</var>
<arg>${json_data["results"][0]["name"]["title"]}</arg>
<doc>Returns the given values which can then be assigned to a variables.</doc>
<status status="PASS" start="2024-05-04T09:14:55.965200" elapsed="0.000430"/>
</kw>
<kw name="Create List" owner="BuiltIn">
<msg time="2024-05-04T09:14:55.966087" level="INFO">${allowed_titles} = ['Mr', 'Ms', 'Miss', 'Mrs', 'Madame', 'Monsieur']</msg>
<var>${allowed_titles}</var>
<arg>Mr</arg>
<arg>Ms</arg>
<arg>Miss</arg>
<arg>Mrs</arg>
<arg>Madame</arg>
<arg>Monsieur</arg>
<doc>Returns a list containing given items.</doc>
<status status="PASS" start="2024-05-04T09:14:55.965937" elapsed="0.000176"/>
</kw>
<kw name="List Should Contain Value" owner="Collections">
<msg time="2024-05-04T09:14:55.966599" level="INFO">False</msg>
<arg>${allowed_titles}</arg>
<arg>${name_title}</arg>
<doc>Fails if the ``value`` is not found from ``list``.</doc>
<status status="PASS" start="2024-05-04T09:14:55.966421" elapsed="0.000216"/>
</kw>
<kw name="Set Variable" owner="BuiltIn">
<msg time="2024-05-04T09:14:55.967316" level="INFO">${name_country} = BR</msg>
<var>${name_country}</var>
<arg>${json_data["results"][0]["nat"]}</arg>
<doc>Returns the given values which can then be assigned to a variables.</doc>
<status status="PASS" start="2024-05-04T09:14:55.966932" elapsed="0.000409"/>
</kw>
<kw name="Create List" owner="BuiltIn">
<msg time="2024-05-04T09:14:55.968230" level="INFO">${list_country} = ['AD', 'AE', 'AF', 'AG', 'AI', 'AL', 'AM', 'AO', 'AQ', 'AR', 'AS', 'AT', 'AU', 'AW', 'AX', 'AZ', 'BA', 'BB', 'BD', 'BE', 'BF', 'BG', 'BH', 'BI', 'BJ', 'BL', 'BM', 'BN', 'BO', 'BQ', 'BR', 'BS', 'BT', '...</msg>
<var>${list_country}</var>
<arg>AD</arg>
<arg>AE</arg>
<arg>AF</arg>
<arg>AG</arg>
<arg>AI</arg>
<arg>AL</arg>
<arg>AM</arg>
<arg>AO</arg>
<arg>AQ</arg>
<arg>AR</arg>
<arg>AS</arg>
<arg>AT</arg>
<arg>AU</arg>
<arg>AW</arg>
<arg>AX</arg>
<arg>AZ</arg>
<arg>BA</arg>
<arg>BB</arg>
<arg>BD</arg>
<arg>BE</arg>
<arg>BF</arg>
<arg>BG</arg>
<arg>BH</arg>
<arg>BI</arg>
<arg>BJ</arg>
<arg>BL</arg>
<arg>BM</arg>
<arg>BN</arg>
<arg>BO</arg>
<arg>BQ</arg>
<arg>BR</arg>
<arg>BS</arg>
<arg>BT</arg>
<arg>BV</arg>
<arg>BW</arg>
<arg>BY</arg>
<arg>BZ</arg>
<arg>CA</arg>
<arg>CC</arg>
<arg>CD</arg>
<arg>CF</arg>
<arg>CG</arg>
<arg>CH</arg>
<arg>CI</arg>
<arg>CK</arg>
<arg>CL</arg>
<arg>CM</arg>
<arg>CN</arg>
<arg>CO</arg>
<arg>CR</arg>
<arg>CU</arg>
<arg>CV</arg>
<arg>CW</arg>
<arg>CX</arg>
<arg>CY</arg>
<arg>CZ</arg>
<arg>DE</arg>
<arg>DJ</arg>
<arg>DK</arg>
<arg>DM</arg>
<arg>DO</arg>
<arg>DZ</arg>
<arg>EC</arg>
<arg>EE</arg>
<arg>EG</arg>
<arg>EH</arg>
<arg>ER</arg>
<arg>ES</arg>
<arg>ET</arg>
<arg>FI</arg>
<arg>FJ</arg>
<arg>FK</arg>
<arg>FM</arg>
<arg>FO</arg>
<arg>FR</arg>
<arg>GA</arg>
<arg>GB</arg>
<arg>GD</arg>
<arg>GE</arg>
<arg>GF</arg>
<arg>GG</arg>
<arg>GH</arg>
<arg>GI</arg>
<arg>GL</arg>
<arg>GM</arg>
<arg>GN</arg>
<arg>GP</arg>
<arg>GQ</arg>
<arg>GR</arg>
<arg>GS</arg>
<arg>GT</arg>
<arg>GU</arg>
<arg>GW</arg>
<arg>GY</arg>
<arg>HK</arg>
<arg>HM</arg>
<arg>HN</arg>
<arg>HR</arg>
<arg>HT</arg>
<arg>HU</arg>
<arg>ID</arg>
<arg>IE</arg>
<arg>IL</arg>
<arg>IM</arg>
<arg>IN</arg>
<arg>IO</arg>
<arg>IQ</arg>
<arg>IR</arg>
<arg>IS</arg>
<arg>IT</arg>
<arg>JE</arg>
<arg>JM</arg>
<arg>JO</arg>
<arg>JP</arg>
<arg>KE</arg>
<arg>KG</arg>
<arg>KH</arg>
<arg>KI</arg>
<arg>KM</arg>
<arg>KN</arg>
<arg>KP</arg>
<arg>KR</arg>
<arg>KW</arg>
<arg>KY</arg>
<arg>KZ</arg>
<arg>LA</arg>
<arg>LB</arg>
<arg>LC</arg>
<arg>LI</arg>
<arg>LK</arg>
<arg>LR</arg>
<arg>LS</arg>
<arg>LT</arg>
<arg>LU</arg>
<arg>LV</arg>
<arg>LY</arg>
<arg>MA</arg>
<arg>MC</arg>
<arg>MD</arg>
<arg>ME</arg>
<arg>MF</arg>
<arg>MG</arg>
<arg>MH</arg>
<arg>MK</arg>
<arg>ML</arg>
<arg>MM</arg>
<arg>MN</arg>
<arg>MO</arg>
<arg>MP</arg>
<arg>MQ</arg>
<arg>MR</arg>
<arg>MS</arg>
<arg>MT</arg>
<arg>MU</arg>
<arg>MV</arg>
<arg>MW</arg>
<arg>MX</arg>
<arg>MY</arg>
<arg>MZ</arg>
<arg>NA</arg>
<arg>NC</arg>
<arg>NE</arg>
<arg>NF</arg>
<arg>NG</arg>
<arg>NI</arg>
<arg>NL</arg>
<arg>NO</arg>
<arg>NP</arg>
<arg>NR</arg>
<arg>NU</arg>
<arg>NZ</arg>
<arg>OM</arg>
<arg>PA</arg>
<arg>PE</arg>
<arg>PF</arg>
<arg>PG</arg>
<arg>PH</arg>
<arg>PK</arg>
<arg>PL</arg>
<arg>PM</arg>
<arg>PN</arg>
<arg>PR</arg>
<arg>PS</arg>
<arg>PT</arg>
<arg>PW</arg>
<arg>PY</arg>
<arg>QA</arg>
<arg>RE</arg>
<arg>RO</arg>
<arg>RS</arg>
<arg>RU</arg>
<arg>RW</arg>
<arg>SA</arg>
<arg>SB</arg>
<arg>SC</arg>
<arg>SD</arg>
<arg>SE</arg>
<arg>SG</arg>
<arg>SH</arg>
<arg>SI</arg>
<arg>SJ</arg>
<arg>SK</arg>
<arg>SL</arg>
<arg>SM</arg>
<arg>SN</arg>
<arg>SO</arg>
<arg>SR</arg>
<arg>SS</arg>
<arg>ST</arg>
<arg>SV</arg>
<arg>SX</arg>
<arg>SY</arg>
<arg>SZ</arg>
<arg>TC</arg>
<arg>TD</arg>
<arg>TF</arg>
<arg>TG</arg>
<arg>TH</arg>
<arg>TJ</arg>
<arg>TK</arg>
<arg>TL</arg>
<arg>TM</arg>
<arg>TN</arg>
<arg>TO</arg>
<arg>TR</arg>
<arg>TT</arg>
<arg>TV</arg>
<arg>TW</arg>
<arg>TZ</arg>
<arg>UA</arg>
<arg>UG</arg>
<arg>UM</arg>
<arg>US</arg>
<arg>UY</arg>
<arg>UZ</arg>
<arg>VA</arg>
<arg>VC</arg>
<arg>VE</arg>
<arg>VG</arg>
<arg>VI</arg>
<arg>VN</arg>
<arg>VU</arg>
<arg>WF</arg>
<arg>WS</arg>
<arg>XK</arg>
<arg>YE</arg>
<arg>YT</arg>
<arg>ZA</arg>
<arg>ZM</arg>
<arg>ZW</arg>
<doc>Returns a list containing given items.</doc>
<status status="PASS" start="2024-05-04T09:14:55.967644" elapsed="0.000611"/>
</kw>
<kw name="List Should Contain Value" owner="Collections">
<msg time="2024-05-04T09:14:55.969288" level="INFO">False</msg>
<arg>${list_country}</arg>
<arg>${name_country}</arg>
<doc>Fails if the ``value`` is not found from ``list``.</doc>
<status status="PASS" start="2024-05-04T09:14:55.969057" elapsed="0.000270"/>
</kw>
<kw name="Run Keyword If" owner="BuiltIn">
<kw name="Should Be True" owner="BuiltIn">
<arg>${True}</arg>
<doc>Fails if the given condition is not true.</doc>
<status status="PASS" start="2024-05-04T09:14:55.970417" elapsed="0.000261"/>
</kw>
<arg>${json_data["results"][0]["location"]["coordinates"]["latitude"]} &gt;= -90 and ${json_data["results"][0]["location"]["coordinates"]["latitude"]} &lt;= 90</arg>
<arg>Should Be True</arg>
<arg>${True}</arg>
<doc>Runs the given keyword with the given arguments, if ``condition`` is true.</doc>
<status status="PASS" start="2024-05-04T09:14:55.969643" elapsed="0.001170"/>
</kw>
<kw name="Run Keyword If" owner="BuiltIn">
<kw name="Should Be True" owner="BuiltIn">
<arg>${True}</arg>
<doc>Fails if the given condition is not true.</doc>
<status status="PASS" start="2024-05-04T09:14:55.971712" elapsed="0.000137"/>
</kw>
<arg>${json_data["results"][0]["location"]["coordinates"]["longitude"]} &gt;= -180 and ${json_data["results"][0]["location"]["coordinates"]["longitude"]} &lt;= 180</arg>
<arg>Should Be True</arg>
<arg>${True}</arg>
<doc>Runs the given keyword with the given arguments, if ``condition`` is true.</doc>
<status status="PASS" start="2024-05-04T09:14:55.971004" elapsed="0.000969"/>
</kw>
<status status="PASS" start="2024-05-04T09:14:55.867264" elapsed="0.104842"/>
</kw>
<doc>Testa o conteúdo específico dos campos retornados pela API.</doc>
<tag>testeConteudo</tag>
<status status="PASS" start="2024-05-04T09:14:55.866593" elapsed="0.105667"/>
</test>
<status status="PASS" start="2024-05-04T09:14:55.161423" elapsed="0.812900"/>
</suite>
<status status="PASS" start="2024-05-04T09:14:55.146539" elapsed="0.832985"/>
</suite>
<statistics>
<total>
<stat pass="5" fail="0" skip="0">All Tests</stat>
</total>
<tag>
<stat pass="1" fail="0" skip="0">testeConteudo</stat>
<stat pass="1" fail="0" skip="0">testeEstruturaResposta</stat>
<stat pass="1" fail="0" skip="0">testeRequisicaoBasica</stat>
<stat pass="1" fail="0" skip="0">testeTiposDados</stat>
</tag>
<suite>
<stat pass="5" fail="0" skip="0" id="s1" name="Tests">Tests</stat>
<stat pass="5" fail="0" skip="0" id="s1-s1" name="Random-User-Test">Tests.Random-User-Test</stat>
</suite>
</statistics>
<errors>
</errors>
</robot>
