<?xml version="1.0" encoding="UTF-8"?>
<robot generator="Robot 7.0.1 (Python 3.12.4 on linux)" generated="2024-08-10T18:19:00.064080" rpa="false" schemaversion="5">
<suite id="s1" name="Tests" source="/home/runner/work/ApiRandomUser/ApiRandomUser/RamdonUser/tests">
<suite id="s1-s1" name="Random-User-Test" source="/home/runner/work/ApiRandomUser/ApiRandomUser/RamdonUser/tests/random-user-test.robot">
<test id="s1-s1-t1" name="Conectar" line="13">
<kw name="Conectar API" owner="random-user-service">
<kw name="Create Session" owner="RequestsLibrary">
<msg time="2024-08-10T18:19:00.451992" level="INFO">Creating Session using : alias=consultarAPI, url=https://randomuser.me/, headers={},                     cookies={}, auth=None, timeout=None, proxies=None, verify=False,                     debug=0 </msg>
<arg>consultarAPI</arg>
<arg>${URL}</arg>
<doc>Create Session: create a HTTP session to a server</doc>
<status status="PASS" start="2024-08-10T18:19:00.451805" elapsed="0.000350"/>
</kw>
<status status="PASS" start="2024-08-10T18:19:00.450798" elapsed="0.001691"/>
</kw>
<status status="PASS" start="2024-08-10T18:19:00.450302" elapsed="0.002378"/>
</test>
<test id="s1-s1-t2" name="Validar retorno 200 e JSON Válido" line="16">
<kw name="Teste de Requisicao Basica" owner="random-user-service">
<kw name="GET On Session" owner="RequestsLibrary">
<msg time="2024-08-10T18:19:00.547405" level="INFO">GET Request : url=https://randomuser.me/api 
 path_url=/api 
 headers={'User-Agent': 'python-requests/2.32.3', 'Accept-Encoding': 'gzip, deflate', 'Accept': '*/*', 'Connection': 'keep-alive'} 
 body=None 
 </msg>
<msg time="2024-08-10T18:19:00.547548" level="INFO">GET Response : url=https://randomuser.me/api 
 status=200, reason=OK 
 headers={'Date': 'Sat, 10 Aug 2024 18:19:00 GMT', 'Content-Type': 'application/json; charset=utf-8', 'Transfer-Encoding': 'chunked', 'Connection': 'keep-alive', 'X-Powered-By': 'Express', 'Access-Control-Allow-Origin': '*', 'Cache-Control': 'no-cache', 'ETag': 'W/"483-JzfC9zFINYWIqTuS9v0kUId/TnU"', 'Vary': 'Accept-Encoding', 'Content-Encoding': 'gzip', 'CF-Cache-Status': 'DYNAMIC', 'Report-To': '{"endpoints":[{"url":"https:\\/\\/a.nel.cloudflare.com\\/report\\/v4?s=NOmUXV6nYfV%2F7auL%2FcOzsIbecBn9jPxA4bloaSmt6KgsWFfhOxw7jSYZ5aYRS2TQfk5i%2BvmL7lmKgJhwFaYoWjP5hr515LbUfEnqy9StyavtRbDl6Ef9yxMAsTwG%2B03T"}],"group":"cf-nel","max_age":604800}', 'NEL': '{"success_fraction":0,"report_to":"cf-nel","max_age":604800}', 'Server': 'cloudflare', 'CF-RAY': '8b11fde01dac2c05-ORD', 'alt-svc': 'h3=":443"; ma=86400'} 
 body={"results":[{"gender":"male","name":{"title":"Mr","first":"Logan","last":"Jackson"},"location":{"street":{"number":1556,"name":"Pockrus Page Rd"},"city":"Warragul","state":"Queensland","country":"Australia","postcode":4755,"coordinates":{"latitude":"-87.4630","longitude":"-137.4160"},"timezone":{"offset":"+7:00","description":"Bangkok, Hanoi, Jakarta"}},"email":"logan.jackson@example.com","login":{"uuid":"a7d2af67-7dc2-45c2-846b-9a8f1b4f6321","username":"happypanda638","password":"dank","salt":"C1VjwWlr","md5":"96bdf054111c1a55898b45fe76184a02","sha1":"7243aa1f9d2669ca398931b89cf23552257ba811","sha256":"a52776ee10a5322925e788c7ffd7abc0e76e00e11716dcb922f8750fe85a003b"},"dob":{"date":"1980-04-09T00:01:29.541Z","age":44},"registered":{"date":"2012-09-07T13:26:38.798Z","age":11},"phone":"00-7393-2116","cell":"0475-824-088","id":{"name":"TFN","value":"133422644"},"picture":{"large":"https://randomuser.me/api/portraits/men/94.jpg","medium":"https://randomuser.me/api/portraits/med/men/94.jpg","thumbnail":"https://randomuser.me/api/portraits/thumb/men/94.jpg"},"nat":"AU"}],"info":{"seed":"133d65fd4336a607","results":1,"page":1,"version":"1.4"}} 
 </msg>
<msg time="2024-08-10T18:19:00.547635" level="INFO">/opt/hostedtoolcache/Python/3.12.4/x64/lib/python3.12/site-packages/urllib3/connectionpool.py:1099: InsecureRequestWarning: Unverified HTTPS request is being made to host 'randomuser.me'. Adding certificate verification is strongly advised. See: https://urllib3.readthedocs.io/en/latest/advanced-usage.html#tls-warnings
  warnings.warn(</msg>
<msg time="2024-08-10T18:19:00.547780" level="INFO">${response} = &lt;Response [200]&gt;</msg>
<var>${response}</var>
<arg>consultarAPI</arg>
<arg>/api</arg>
<doc>Sends a GET request on a previously created HTTP Session.</doc>
<status status="PASS" start="2024-08-10T18:19:00.455284" elapsed="0.092555"/>
</kw>
<kw name="Should Be Equal As Numbers" owner="BuiltIn">
<msg time="2024-08-10T18:19:00.548876" level="INFO">Argument types are:
&lt;class 'int'&gt;
&lt;class 'str'&gt;</msg>
<arg>${response.status_code}</arg>
<arg>200</arg>
<doc>Fails if objects are unequal after converting them to real numbers.</doc>
<status status="PASS" start="2024-08-10T18:19:00.548358" elapsed="0.000580"/>
</kw>
<kw name="Log" owner="BuiltIn">
<msg time="2024-08-10T18:19:00.549607" level="INFO">200</msg>
<arg>${response.status_code}</arg>
<doc>Logs the given message with the given level.</doc>
<status status="PASS" start="2024-08-10T18:19:00.549249" elapsed="0.000401"/>
</kw>
<kw name="Set Variable" owner="BuiltIn">
<msg time="2024-08-10T18:19:00.550384" level="INFO">${json_data} = {'results': [{'gender': 'male', 'name': {'title': 'Mr', 'first': 'Logan', 'last': 'Jackson'}, 'location': {'street': {'number': 1556, 'name': 'Pockrus Page Rd'}, 'city': 'Warragul', 'state': 'Queensla...</msg>
<var>${json_data}</var>
<arg>${response.json()}</arg>
<doc>Returns the given values which can then be assigned to a variables.</doc>
<status status="PASS" start="2024-08-10T18:19:00.549951" elapsed="0.000462"/>
</kw>
<kw name="Dictionary Should Contain Key" owner="Collections">
<arg>${json_data}</arg>
<arg>results</arg>
<doc>Fails if ``key`` is not found from ``dictionary``.</doc>
<status status="PASS" start="2024-08-10T18:19:00.550716" elapsed="0.000333"/>
</kw>
<status status="PASS" start="2024-08-10T18:19:00.455037" elapsed="0.096165"/>
</kw>
<doc>Testa se a API responde corretamente e retorna um objeto JSON válido.</doc>
<tag>testeRequisicaoBasica</tag>
<status status="PASS" start="2024-08-10T18:19:00.454535" elapsed="0.096826"/>
</test>
<test id="s1-s1-t3" name="Validar estrutura de resposta" line="22">
<kw name="Teste de Estrutura de Resposta" owner="random-user-service">
<kw name="GET On Session" owner="RequestsLibrary">
<msg time="2024-08-10T18:19:00.632584" level="INFO">GET Request : url=https://randomuser.me/api 
 path_url=/api 
 headers={'User-Agent': 'python-requests/2.32.3', 'Accept-Encoding': 'gzip, deflate', 'Accept': '*/*', 'Connection': 'keep-alive'} 
 body=None 
 </msg>
<msg time="2024-08-10T18:19:00.632673" level="INFO">GET Response : url=https://randomuser.me/api 
 status=200, reason=OK 
 headers={'Date': 'Sat, 10 Aug 2024 18:19:00 GMT', 'Content-Type': 'application/json; charset=utf-8', 'Transfer-Encoding': 'chunked', 'Connection': 'keep-alive', 'X-Powered-By': 'Express', 'Access-Control-Allow-Origin': '*', 'Cache-Control': 'no-cache', 'ETag': 'W/"48c-0n6RlSV4QfdEA66Jby/9g5oYWlo"', 'Vary': 'Accept-Encoding', 'Content-Encoding': 'gzip', 'CF-Cache-Status': 'DYNAMIC', 'Report-To': '{"endpoints":[{"url":"https:\\/\\/a.nel.cloudflare.com\\/report\\/v4?s=9z8D5UnI3PZmsCx6vbHTa0MvjHG3OtjePfCU9osFB0FBWQiAh6XxHkUalOy50Ty8%2BUSLzfpA0UGvDe2h7XpVSfEiYXFvoTL4ZZnZnfSRXHCjoVZa%2FeqoKpTu7Y9dJ4gl"}],"group":"cf-nel","max_age":604800}', 'NEL': '{"success_fraction":0,"report_to":"cf-nel","max_age":604800}', 'Server': 'cloudflare', 'CF-RAY': '8b11fde07e0f2c05-ORD', 'alt-svc': 'h3=":443"; ma=86400'} 
 body={"results":[{"gender":"female","name":{"title":"Ms","first":"Emilia","last":"Hernández"},"location":{"street":{"number":3768,"name":"Calle de Téllez"},"city":"Hospitalet de Llobregat","state":"Cataluña","country":"Spain","postcode":89260,"coordinates":{"latitude":"-36.8661","longitude":"109.9097"},"timezone":{"offset":"+3:30","description":"Tehran"}},"email":"emilia.hernandez@example.com","login":{"uuid":"46e96b56-e743-40ef-94b2-0c8528cc3966","username":"blackbear788","password":"ranger","salt":"Ctoc68Lq","md5":"be873e3a547f2c46477a086bcc299d55","sha1":"3515aa8570f497ad38e6668965a56a8db28694eb","sha256":"9174543743f0833b3152a3869ae9d671da5b8b25a78829f78ccebe14f57efb46"},"dob":{"date":"1973-05-30T16:54:37.047Z","age":51},"registered":{"date":"2009-09-26T22:07:52.536Z","age":14},"phone":"957-726-330","cell":"675-042-799","id":{"name":"DNI","value":"93061570-S"},"picture":{"large":"https://randomuser.me/api/portraits/women/12.jpg","medium":"https://randomuser.me/api/portraits/med/women/12.jpg","thumbnail":"https://randomuser.me/api/portraits/thumb/women/12.jpg"},"nat":"ES"}],"info":{"seed":"89d117c0c94eb587","results":1,"page":1,"version":"1.4"}} 
 </msg>
<msg time="2024-08-10T18:19:00.632803" level="INFO">/opt/hostedtoolcache/Python/3.12.4/x64/lib/python3.12/site-packages/urllib3/connectionpool.py:1099: InsecureRequestWarning: Unverified HTTPS request is being made to host 'randomuser.me'. Adding certificate verification is strongly advised. See: https://urllib3.readthedocs.io/en/latest/advanced-usage.html#tls-warnings
  warnings.warn(</msg>
<msg time="2024-08-10T18:19:00.632932" level="INFO">${response} = &lt;Response [200]&gt;</msg>
<var>${response}</var>
<arg>consultarAPI</arg>
<arg>/api</arg>
<doc>Sends a GET request on a previously created HTTP Session.</doc>
<status status="PASS" start="2024-08-10T18:19:00.554131" elapsed="0.078858"/>
</kw>
<kw name="Set Variable" owner="BuiltIn">
<msg time="2024-08-10T18:19:00.634004" level="INFO">${json_data} = {'results': [{'gender': 'female', 'name': {'title': 'Ms', 'first': 'Emilia', 'last': 'Hernández'}, 'location': {'street': {'number': 3768, 'name': 'Calle de Téllez'}, 'city': 'Hospitalet de Llobregat'...</msg>
<var>${json_data}</var>
<arg>${response.json()}</arg>
<doc>Returns the given values which can then be assigned to a variables.</doc>
<status status="PASS" start="2024-08-10T18:19:00.633457" elapsed="0.000576"/>
</kw>
<kw name="Log" owner="BuiltIn">
<msg time="2024-08-10T18:19:00.634496" level="INFO">{'results': [{'gender': 'female', 'name': {'title': 'Ms', 'first': 'Emilia', 'last': 'Hernández'}, 'location': {'street': {'number': 3768, 'name': 'Calle de Téllez'}, 'city': 'Hospitalet de Llobregat', 'state': 'Cataluña', 'country': 'Spain', 'postcode': 89260, 'coordinates': {'latitude': '-36.8661', 'longitude': '109.9097'}, 'timezone': {'offset': '+3:30', 'description': 'Tehran'}}, 'email': 'emilia.hernandez@example.com', 'login': {'uuid': '46e96b56-e743-40ef-94b2-0c8528cc3966', 'username': 'blackbear788', 'password': 'ranger', 'salt': 'Ctoc68Lq', 'md5': 'be873e3a547f2c46477a086bcc299d55', 'sha1': '3515aa8570f497ad38e6668965a56a8db28694eb', 'sha256': '9174543743f0833b3152a3869ae9d671da5b8b25a78829f78ccebe14f57efb46'}, 'dob': {'date': '1973-05-30T16:54:37.047Z', 'age': 51}, 'registered': {'date': '2009-09-26T22:07:52.536Z', 'age': 14}, 'phone': '957-726-330', 'cell': '675-042-799', 'id': {'name': 'DNI', 'value': '93061570-S'}, 'picture': {'large': 'https://randomuser.me/api/portraits/women/12.jpg', 'medium': 'https://randomuser.me/api/portraits/med/women/12.jpg', 'thumbnail': 'https://randomuser.me/api/portraits/thumb/women/12.jpg'}, 'nat': 'ES'}], 'info': {'seed': '89d117c0c94eb587', 'results': 1, 'page': 1, 'version': '1.4'}}</msg>
<arg>${json_data}</arg>
<doc>Logs the given message with the given level.</doc>
<status status="PASS" start="2024-08-10T18:19:00.634337" elapsed="0.000208"/>
</kw>
<kw name="Dictionary Should Contain Key" owner="Collections">
<arg>${json_data}</arg>
<arg>results</arg>
<doc>Fails if ``key`` is not found from ``dictionary``.</doc>
<status status="PASS" start="2024-08-10T18:19:00.634832" elapsed="0.000217"/>
</kw>
<kw name="Should Not Be Empty" owner="BuiltIn">
<msg time="2024-08-10T18:19:00.635358" level="INFO">Length is 2.</msg>
<arg>${json_data}</arg>
<doc>Verifies that the given item is not empty.</doc>
<status status="PASS" start="2024-08-10T18:19:00.635234" elapsed="0.000162"/>
</kw>
<kw name="Create List" owner="BuiltIn">
<msg time="2024-08-10T18:19:00.635829" level="INFO">${expected_keys} = ['gender', 'name', 'location', 'email', 'login']</msg>
<var>${expected_keys}</var>
<arg>gender</arg>
<arg>name</arg>
<arg>location</arg>
<arg>email</arg>
<arg>login</arg>
<doc>Returns a list containing given items.</doc>
<status status="PASS" start="2024-08-10T18:19:00.635681" elapsed="0.000178"/>
</kw>
<for flavor="IN">
<iter>
<kw name="Dictionary Should Contain Key" owner="Collections">
<arg>${json_data['results'][0]}</arg>
<arg>${key}</arg>
<doc>Fails if ``key`` is not found from ``dictionary``.</doc>
<status status="PASS" start="2024-08-10T18:19:00.636407" elapsed="0.000398"/>
</kw>
<kw name="Log" owner="BuiltIn">
<msg time="2024-08-10T18:19:00.637362" level="INFO">{'gender': 'female', 'name': {'title': 'Ms', 'first': 'Emilia', 'last': 'Hernández'}, 'location': {'street': {'number': 3768, 'name': 'Calle de Téllez'}, 'city': 'Hospitalet de Llobregat', 'state': 'Cataluña', 'country': 'Spain', 'postcode': 89260, 'coordinates': {'latitude': '-36.8661', 'longitude': '109.9097'}, 'timezone': {'offset': '+3:30', 'description': 'Tehran'}}, 'email': 'emilia.hernandez@example.com', 'login': {'uuid': '46e96b56-e743-40ef-94b2-0c8528cc3966', 'username': 'blackbear788', 'password': 'ranger', 'salt': 'Ctoc68Lq', 'md5': 'be873e3a547f2c46477a086bcc299d55', 'sha1': '3515aa8570f497ad38e6668965a56a8db28694eb', 'sha256': '9174543743f0833b3152a3869ae9d671da5b8b25a78829f78ccebe14f57efb46'}, 'dob': {'date': '1973-05-30T16:54:37.047Z', 'age': 51}, 'registered': {'date': '2009-09-26T22:07:52.536Z', 'age': 14}, 'phone': '957-726-330', 'cell': '675-042-799', 'id': {'name': 'DNI', 'value': '93061570-S'}, 'picture': {'large': 'https://randomuser.me/api/portraits/women/12.jpg', 'medium': 'https://randomuser.me/api/portraits/med/women/12.jpg', 'thumbnail': 'https://randomuser.me/api/portraits/thumb/women/12.jpg'}, 'nat': 'ES'}</msg>
<arg>${json_data['results'][0]}</arg>
<doc>Logs the given message with the given level.</doc>
<status status="PASS" start="2024-08-10T18:19:00.636996" elapsed="0.000417"/>
</kw>
<kw name="Log" owner="BuiltIn">
<msg time="2024-08-10T18:19:00.637837" level="INFO">gender</msg>
<arg>${key}</arg>
<doc>Logs the given message with the given level.</doc>
<status status="PASS" start="2024-08-10T18:19:00.637709" elapsed="0.000166"/>
</kw>
<var name="${key}">gender</var>
<status status="PASS" start="2024-08-10T18:19:00.636287" elapsed="0.001802"/>
</iter>
<iter>
<kw name="Dictionary Should Contain Key" owner="Collections">
<arg>${json_data['results'][0]}</arg>
<arg>${key}</arg>
<doc>Fails if ``key`` is not found from ``dictionary``.</doc>
<status status="PASS" start="2024-08-10T18:19:00.638388" elapsed="0.000391"/>
</kw>
<kw name="Log" owner="BuiltIn">
<msg time="2024-08-10T18:19:00.639385" level="INFO">{'gender': 'female', 'name': {'title': 'Ms', 'first': 'Emilia', 'last': 'Hernández'}, 'location': {'street': {'number': 3768, 'name': 'Calle de Téllez'}, 'city': 'Hospitalet de Llobregat', 'state': 'Cataluña', 'country': 'Spain', 'postcode': 89260, 'coordinates': {'latitude': '-36.8661', 'longitude': '109.9097'}, 'timezone': {'offset': '+3:30', 'description': 'Tehran'}}, 'email': 'emilia.hernandez@example.com', 'login': {'uuid': '46e96b56-e743-40ef-94b2-0c8528cc3966', 'username': 'blackbear788', 'password': 'ranger', 'salt': 'Ctoc68Lq', 'md5': 'be873e3a547f2c46477a086bcc299d55', 'sha1': '3515aa8570f497ad38e6668965a56a8db28694eb', 'sha256': '9174543743f0833b3152a3869ae9d671da5b8b25a78829f78ccebe14f57efb46'}, 'dob': {'date': '1973-05-30T16:54:37.047Z', 'age': 51}, 'registered': {'date': '2009-09-26T22:07:52.536Z', 'age': 14}, 'phone': '957-726-330', 'cell': '675-042-799', 'id': {'name': 'DNI', 'value': '93061570-S'}, 'picture': {'large': 'https://randomuser.me/api/portraits/women/12.jpg', 'medium': 'https://randomuser.me/api/portraits/med/women/12.jpg', 'thumbnail': 'https://randomuser.me/api/portraits/thumb/women/12.jpg'}, 'nat': 'ES'}</msg>
<arg>${json_data['results'][0]}</arg>
<doc>Logs the given message with the given level.</doc>
<status status="PASS" start="2024-08-10T18:19:00.639020" elapsed="0.000457"/>
</kw>
<kw name="Log" owner="BuiltIn">
<msg time="2024-08-10T18:19:00.639906" level="INFO">name</msg>
<arg>${key}</arg>
<doc>Logs the given message with the given level.</doc>
<status status="PASS" start="2024-08-10T18:19:00.639776" elapsed="0.000168"/>
</kw>
<var name="${key}">name</var>
<status status="PASS" start="2024-08-10T18:19:00.638272" elapsed="0.001889"/>
</iter>
<iter>
<kw name="Dictionary Should Contain Key" owner="Collections">
<arg>${json_data['results'][0]}</arg>
<arg>${key}</arg>
<doc>Fails if ``key`` is not found from ``dictionary``.</doc>
<status status="PASS" start="2024-08-10T18:19:00.640446" elapsed="0.000377"/>
</kw>
<kw name="Log" owner="BuiltIn">
<msg time="2024-08-10T18:19:00.641358" level="INFO">{'gender': 'female', 'name': {'title': 'Ms', 'first': 'Emilia', 'last': 'Hernández'}, 'location': {'street': {'number': 3768, 'name': 'Calle de Téllez'}, 'city': 'Hospitalet de Llobregat', 'state': 'Cataluña', 'country': 'Spain', 'postcode': 89260, 'coordinates': {'latitude': '-36.8661', 'longitude': '109.9097'}, 'timezone': {'offset': '+3:30', 'description': 'Tehran'}}, 'email': 'emilia.hernandez@example.com', 'login': {'uuid': '46e96b56-e743-40ef-94b2-0c8528cc3966', 'username': 'blackbear788', 'password': 'ranger', 'salt': 'Ctoc68Lq', 'md5': 'be873e3a547f2c46477a086bcc299d55', 'sha1': '3515aa8570f497ad38e6668965a56a8db28694eb', 'sha256': '9174543743f0833b3152a3869ae9d671da5b8b25a78829f78ccebe14f57efb46'}, 'dob': {'date': '1973-05-30T16:54:37.047Z', 'age': 51}, 'registered': {'date': '2009-09-26T22:07:52.536Z', 'age': 14}, 'phone': '957-726-330', 'cell': '675-042-799', 'id': {'name': 'DNI', 'value': '93061570-S'}, 'picture': {'large': 'https://randomuser.me/api/portraits/women/12.jpg', 'medium': 'https://randomuser.me/api/portraits/med/women/12.jpg', 'thumbnail': 'https://randomuser.me/api/portraits/thumb/women/12.jpg'}, 'nat': 'ES'}</msg>
<arg>${json_data['results'][0]}</arg>
<doc>Logs the given message with the given level.</doc>
<status status="PASS" start="2024-08-10T18:19:00.641004" elapsed="0.000404"/>
</kw>
<kw name="Log" owner="BuiltIn">
<msg time="2024-08-10T18:19:00.641837" level="INFO">location</msg>
<arg>${key}</arg>
<doc>Logs the given message with the given level.</doc>
<status status="PASS" start="2024-08-10T18:19:00.641709" elapsed="0.000165"/>
</kw>
<var name="${key}">location</var>
<status status="PASS" start="2024-08-10T18:19:00.640336" elapsed="0.001754"/>
</iter>
<iter>
<kw name="Dictionary Should Contain Key" owner="Collections">
<arg>${json_data['results'][0]}</arg>
<arg>${key}</arg>
<doc>Fails if ``key`` is not found from ``dictionary``.</doc>
<status status="PASS" start="2024-08-10T18:19:00.642366" elapsed="0.000380"/>
</kw>
<kw name="Log" owner="BuiltIn">
<msg time="2024-08-10T18:19:00.643423" level="INFO">{'gender': 'female', 'name': {'title': 'Ms', 'first': 'Emilia', 'last': 'Hernández'}, 'location': {'street': {'number': 3768, 'name': 'Calle de Téllez'}, 'city': 'Hospitalet de Llobregat', 'state': 'Cataluña', 'country': 'Spain', 'postcode': 89260, 'coordinates': {'latitude': '-36.8661', 'longitude': '109.9097'}, 'timezone': {'offset': '+3:30', 'description': 'Tehran'}}, 'email': 'emilia.hernandez@example.com', 'login': {'uuid': '46e96b56-e743-40ef-94b2-0c8528cc3966', 'username': 'blackbear788', 'password': 'ranger', 'salt': 'Ctoc68Lq', 'md5': 'be873e3a547f2c46477a086bcc299d55', 'sha1': '3515aa8570f497ad38e6668965a56a8db28694eb', 'sha256': '9174543743f0833b3152a3869ae9d671da5b8b25a78829f78ccebe14f57efb46'}, 'dob': {'date': '1973-05-30T16:54:37.047Z', 'age': 51}, 'registered': {'date': '2009-09-26T22:07:52.536Z', 'age': 14}, 'phone': '957-726-330', 'cell': '675-042-799', 'id': {'name': 'DNI', 'value': '93061570-S'}, 'picture': {'large': 'https://randomuser.me/api/portraits/women/12.jpg', 'medium': 'https://randomuser.me/api/portraits/med/women/12.jpg', 'thumbnail': 'https://randomuser.me/api/portraits/thumb/women/12.jpg'}, 'nat': 'ES'}</msg>
<arg>${json_data['results'][0]}</arg>
<doc>Logs the given message with the given level.</doc>
<status status="PASS" start="2024-08-10T18:19:00.643068" elapsed="0.000406"/>
</kw>
<kw name="Log" owner="BuiltIn">
<msg time="2024-08-10T18:19:00.643899" level="INFO">email</msg>
<arg>${key}</arg>
<doc>Logs the given message with the given level.</doc>
<status status="PASS" start="2024-08-10T18:19:00.643769" elapsed="0.000168"/>
</kw>
<var name="${key}">email</var>
<status status="PASS" start="2024-08-10T18:19:00.642259" elapsed="0.001895"/>
</iter>
<iter>
<kw name="Dictionary Should Contain Key" owner="Collections">
<arg>${json_data['results'][0]}</arg>
<arg>${key}</arg>
<doc>Fails if ``key`` is not found from ``dictionary``.</doc>
<status status="PASS" start="2024-08-10T18:19:00.644437" elapsed="0.000375"/>
</kw>
<kw name="Log" owner="BuiltIn">
<msg time="2024-08-10T18:19:00.645336" level="INFO">{'gender': 'female', 'name': {'title': 'Ms', 'first': 'Emilia', 'last': 'Hernández'}, 'location': {'street': {'number': 3768, 'name': 'Calle de Téllez'}, 'city': 'Hospitalet de Llobregat', 'state': 'Cataluña', 'country': 'Spain', 'postcode': 89260, 'coordinates': {'latitude': '-36.8661', 'longitude': '109.9097'}, 'timezone': {'offset': '+3:30', 'description': 'Tehran'}}, 'email': 'emilia.hernandez@example.com', 'login': {'uuid': '46e96b56-e743-40ef-94b2-0c8528cc3966', 'username': 'blackbear788', 'password': 'ranger', 'salt': 'Ctoc68Lq', 'md5': 'be873e3a547f2c46477a086bcc299d55', 'sha1': '3515aa8570f497ad38e6668965a56a8db28694eb', 'sha256': '9174543743f0833b3152a3869ae9d671da5b8b25a78829f78ccebe14f57efb46'}, 'dob': {'date': '1973-05-30T16:54:37.047Z', 'age': 51}, 'registered': {'date': '2009-09-26T22:07:52.536Z', 'age': 14}, 'phone': '957-726-330', 'cell': '675-042-799', 'id': {'name': 'DNI', 'value': '93061570-S'}, 'picture': {'large': 'https://randomuser.me/api/portraits/women/12.jpg', 'medium': 'https://randomuser.me/api/portraits/med/women/12.jpg', 'thumbnail': 'https://randomuser.me/api/portraits/thumb/women/12.jpg'}, 'nat': 'ES'}</msg>
<arg>${json_data['results'][0]}</arg>
<doc>Logs the given message with the given level.</doc>
<status status="PASS" start="2024-08-10T18:19:00.644991" elapsed="0.000396"/>
</kw>
<kw name="Log" owner="BuiltIn">
<msg time="2024-08-10T18:19:00.645803" level="INFO">login</msg>
<arg>${key}</arg>
<doc>Logs the given message with the given level.</doc>
<status status="PASS" start="2024-08-10T18:19:00.645677" elapsed="0.000164"/>
</kw>
<var name="${key}">login</var>
<status status="PASS" start="2024-08-10T18:19:00.644329" elapsed="0.001726"/>
</iter>
<var>${key}</var>
<value>@{expected_keys}</value>
<status status="PASS" start="2024-08-10T18:19:00.636113" elapsed="0.010063"/>
</for>
<kw name="Create List" owner="BuiltIn">
<msg time="2024-08-10T18:19:00.646499" level="INFO">${expected_keysTwo} = ['username', 'password']</msg>
<var>${expected_keysTwo}</var>
<arg>username</arg>
<arg>password</arg>
<doc>Returns a list containing given items.</doc>
<status status="PASS" start="2024-08-10T18:19:00.646362" elapsed="0.000188"/>
</kw>
<for flavor="IN">
<iter>
<kw name="Dictionary Should Contain Key" owner="Collections">
<arg>${json_data['results'][0]['login']}</arg>
<arg>${keyTwo}</arg>
<doc>Fails if ``key`` is not found from ``dictionary``.</doc>
<status status="PASS" start="2024-08-10T18:19:00.647077" elapsed="0.000398"/>
</kw>
<kw name="Dictionary Should Contain Key" owner="Collections">
<arg>${json_data['results'][0]['login']}</arg>
<arg>${keyTwo}</arg>
<doc>Fails if ``key`` is not found from ``dictionary``.</doc>
<status status="PASS" start="2024-08-10T18:19:00.647654" elapsed="0.000364"/>
</kw>
<kw name="Log" owner="BuiltIn">
<msg time="2024-08-10T18:19:00.648318" level="INFO">username</msg>
<arg>${keyTwo}</arg>
<doc>Logs the given message with the given level.</doc>
<status status="PASS" start="2024-08-10T18:19:00.648197" elapsed="0.000159"/>
</kw>
<var name="${keyTwo}">username</var>
<status status="PASS" start="2024-08-10T18:19:00.646968" elapsed="0.001606"/>
</iter>
<iter>
<kw name="Dictionary Should Contain Key" owner="Collections">
<arg>${json_data['results'][0]['login']}</arg>
<arg>${keyTwo}</arg>
<doc>Fails if ``key`` is not found from ``dictionary``.</doc>
<status status="PASS" start="2024-08-10T18:19:00.648855" elapsed="0.000382"/>
</kw>
<kw name="Dictionary Should Contain Key" owner="Collections">
<arg>${json_data['results'][0]['login']}</arg>
<arg>${keyTwo}</arg>
<doc>Fails if ``key`` is not found from ``dictionary``.</doc>
<status status="PASS" start="2024-08-10T18:19:00.649413" elapsed="0.000370"/>
</kw>
<kw name="Log" owner="BuiltIn">
<msg time="2024-08-10T18:19:00.650075" level="INFO">password</msg>
<arg>${keyTwo}</arg>
<doc>Logs the given message with the given level.</doc>
<status status="PASS" start="2024-08-10T18:19:00.649957" elapsed="0.000155"/>
</kw>
<var name="${keyTwo}">password</var>
<status status="PASS" start="2024-08-10T18:19:00.648745" elapsed="0.001583"/>
</iter>
<var>${keyTwo}</var>
<value>@{expected_keysTwo}</value>
<status status="PASS" start="2024-08-10T18:19:00.646791" elapsed="0.003660"/>
</for>
<status status="PASS" start="2024-08-10T18:19:00.553769" elapsed="0.096819"/>
</kw>
<doc>Testa a estrutura da resposta da API.</doc>
<tag>testeEstruturaResposta</tag>
<status status="PASS" start="2024-08-10T18:19:00.553141" elapsed="0.097590"/>
</test>
<test id="s1-s1-t4" name="Validar tipos de dados" line="28">
<kw name="Teste de Tipos de Dados" owner="random-user-service">
<kw name="GET On Session" owner="RequestsLibrary">
<msg time="2024-08-10T18:19:00.731056" level="INFO">GET Request : url=https://randomuser.me/api 
 path_url=/api 
 headers={'User-Agent': 'python-requests/2.32.3', 'Accept-Encoding': 'gzip, deflate', 'Accept': '*/*', 'Connection': 'keep-alive'} 
 body=None 
 </msg>
<msg time="2024-08-10T18:19:00.731137" level="INFO">GET Response : url=https://randomuser.me/api 
 status=200, reason=OK 
 headers={'Date': 'Sat, 10 Aug 2024 18:19:00 GMT', 'Content-Type': 'application/json; charset=utf-8', 'Transfer-Encoding': 'chunked', 'Connection': 'keep-alive', 'X-Powered-By': 'Express', 'Access-Control-Allow-Origin': '*', 'Cache-Control': 'no-cache', 'ETag': 'W/"498-IdD7sWCJNabW0m7IVCa/cYN/Jiw"', 'Vary': 'Accept-Encoding', 'Content-Encoding': 'gzip', 'CF-Cache-Status': 'DYNAMIC', 'Report-To': '{"endpoints":[{"url":"https:\\/\\/a.nel.cloudflare.com\\/report\\/v4?s=nkjQoZEi%2Bq%2FavgxMFDbYIMCKxKYU6g6LZUWN8ZLt%2BA1liFAcWNIjMMKNK6tTsXICvBvGBYsALg6%2F1PxiTFz3%2FT61DIgx%2BDaUFqhaYTQFLq8o9idXBmWOvMF%2F%2FslKEsri"}],"group":"cf-nel","max_age":604800}', 'NEL': '{"success_fraction":0,"report_to":"cf-nel","max_age":604800}', 'Server': 'cloudflare', 'CF-RAY': '8b11fde11ea12c05-ORD', 'alt-svc': 'h3=":443"; ma=86400'} 
 body={"results":[{"gender":"female","name":{"title":"Mrs","first":"Ursel","last":"Wiegel"},"location":{"street":{"number":9289,"name":"Goethestraße"},"city":"Kirchberg (Hunsrück)","state":"Brandenburg","country":"Germany","postcode":97088,"coordinates":{"latitude":"-50.8305","longitude":"123.9012"},"timezone":{"offset":"+2:00","description":"Kaliningrad, South Africa"}},"email":"ursel.wiegel@example.com","login":{"uuid":"ff88e673-f20e-4617-ad7e-089c07de647c","username":"tinybear594","password":"holes","salt":"kc5xeBy1","md5":"c6ba77b4ef7cae8eac70a5e376b2960f","sha1":"899f5d2a96936b35144b60547978a03de65cb09e","sha256":"fff33c6ea443ba116beb9eed40434f23aedfa2cf60a72e83f4de83c156262823"},"dob":{"date":"1977-05-18T11:39:36.251Z","age":47},"registered":{"date":"2018-01-22T07:17:38.300Z","age":6},"phone":"0488-4247937","cell":"0173-3717411","id":{"name":"SVNR","value":"53 180577 W 693"},"picture":{"large":"https://randomuser.me/api/portraits/women/5.jpg","medium":"https://randomuser.me/api/portraits/med/women/5.jpg","thumbnail":"https://randomuser.me/api/portraits/thumb/women/5.jpg"},"nat":"DE"}],"info":{"seed":"9005f83cb4fe8716","results":1,"page":1,"version":"1.4"}} 
 </msg>
<msg time="2024-08-10T18:19:00.731209" level="INFO">/opt/hostedtoolcache/Python/3.12.4/x64/lib/python3.12/site-packages/urllib3/connectionpool.py:1099: InsecureRequestWarning: Unverified HTTPS request is being made to host 'randomuser.me'. Adding certificate verification is strongly advised. See: https://urllib3.readthedocs.io/en/latest/advanced-usage.html#tls-warnings
  warnings.warn(</msg>
<msg time="2024-08-10T18:19:00.731322" level="INFO">${response} = &lt;Response [200]&gt;</msg>
<var>${response}</var>
<arg>consultarAPI</arg>
<arg>/api</arg>
<doc>Sends a GET request on a previously created HTTP Session.</doc>
<status status="PASS" start="2024-08-10T18:19:00.653130" elapsed="0.078248"/>
</kw>
<kw name="Set Variable" owner="BuiltIn">
<msg time="2024-08-10T18:19:00.732382" level="INFO">${json_data} = {'results': [{'gender': 'female', 'name': {'title': 'Mrs', 'first': 'Ursel', 'last': 'Wiegel'}, 'location': {'street': {'number': 9289, 'name': 'Goethestraße'}, 'city': 'Kirchberg (Hunsrück)', 'state'...</msg>
<var>${json_data}</var>
<arg>${response.json()}</arg>
<doc>Returns the given values which can then be assigned to a variables.</doc>
<status status="PASS" start="2024-08-10T18:19:00.731827" elapsed="0.000584"/>
</kw>
<kw name="Log" owner="BuiltIn">
<msg time="2024-08-10T18:19:00.732867" level="INFO">{'results': [{'gender': 'female', 'name': {'title': 'Mrs', 'first': 'Ursel', 'last': 'Wiegel'}, 'location': {'street': {'number': 9289, 'name': 'Goethestraße'}, 'city': 'Kirchberg (Hunsrück)', 'state': 'Brandenburg', 'country': 'Germany', 'postcode': 97088, 'coordinates': {'latitude': '-50.8305', 'longitude': '123.9012'}, 'timezone': {'offset': '+2:00', 'description': 'Kaliningrad, South Africa'}}, 'email': 'ursel.wiegel@example.com', 'login': {'uuid': 'ff88e673-f20e-4617-ad7e-089c07de647c', 'username': 'tinybear594', 'password': 'holes', 'salt': 'kc5xeBy1', 'md5': 'c6ba77b4ef7cae8eac70a5e376b2960f', 'sha1': '899f5d2a96936b35144b60547978a03de65cb09e', 'sha256': 'fff33c6ea443ba116beb9eed40434f23aedfa2cf60a72e83f4de83c156262823'}, 'dob': {'date': '1977-05-18T11:39:36.251Z', 'age': 47}, 'registered': {'date': '2018-01-22T07:17:38.300Z', 'age': 6}, 'phone': '0488-4247937', 'cell': '0173-3717411', 'id': {'name': 'SVNR', 'value': '53 180577 W 693'}, 'picture': {'large': 'https://randomuser.me/api/portraits/women/5.jpg', 'medium': 'https://randomuser.me/api/portraits/med/women/5.jpg', 'thumbnail': 'https://randomuser.me/api/portraits/thumb/women/5.jpg'}, 'nat': 'DE'}], 'info': {'seed': '9005f83cb4fe8716', 'results': 1, 'page': 1, 'version': '1.4'}}</msg>
<arg>${json_data}</arg>
<doc>Logs the given message with the given level.</doc>
<status status="PASS" start="2024-08-10T18:19:00.732714" elapsed="0.000202"/>
</kw>
<kw name="Should Be String" owner="String">
<arg>${json_data['results'][0]['gender']}</arg>
<doc>Fails if the given ``item`` is not a string.</doc>
<status status="PASS" start="2024-08-10T18:19:00.733203" elapsed="0.000359"/>
</kw>
<kw name="Should Match Regexp" owner="BuiltIn">
<arg>${json_data['results'][0]['email']}</arg>
<arg>^[a-zA-Z0-9._%+-]+@[a-zA-Z0-9.-]+\.[a-zA-Z]{2,}$</arg>
<doc>Fails if ``string`` does not match ``pattern`` as a regular expression.</doc>
<status status="PASS" start="2024-08-10T18:19:00.733761" elapsed="0.000491"/>
</kw>
<kw name="Should Match Regexp" owner="BuiltIn">
<arg>${json_data['results'][0]['dob']['date']}</arg>
<arg>\\d{4}-\\d{2}-\\d{2}T\\d{2}:\\d{2}:\\d{2}\\.\\d{3}Z</arg>
<doc>Fails if ``string`` does not match ``pattern`` as a regular expression.</doc>
<status status="PASS" start="2024-08-10T18:19:00.734480" elapsed="0.000631"/>
</kw>
<kw name="Should Match Regexp" owner="BuiltIn">
<arg>${json_data['results'][0]['registered']['date']}</arg>
<arg>\\d{4}-\\d{2}-\\d{2}T\\d{2}:\\d{2}:\\d{2}\\.\\d{3}Z</arg>
<doc>Fails if ``string`` does not match ``pattern`` as a regular expression.</doc>
<status status="PASS" start="2024-08-10T18:19:00.735310" elapsed="0.000371"/>
</kw>
<kw name="Should Match Regexp" owner="BuiltIn">
<arg>${json_data['results'][0]['picture']['large']}</arg>
<arg>^https?://.*\.(?:png|jpe?g|gif|bmp)$</arg>
<doc>Fails if ``string`` does not match ``pattern`` as a regular expression.</doc>
<status status="PASS" start="2024-08-10T18:19:00.735866" elapsed="0.000456"/>
</kw>
<kw name="Should Match Regexp" owner="BuiltIn">
<arg>${json_data['results'][0]['picture']['medium']}</arg>
<arg>^https?://.*\.(?:png|jpe?g|gif|bmp)$</arg>
<doc>Fails if ``string`` does not match ``pattern`` as a regular expression.</doc>
<status status="PASS" start="2024-08-10T18:19:00.736510" elapsed="0.000358"/>
</kw>
<kw name="Should Match Regexp" owner="BuiltIn">
<arg>${json_data['results'][0]['picture']['thumbnail']}</arg>
<arg>^https?://.*\.(?:png|jpe?g|gif|bmp)$</arg>
<doc>Fails if ``string`` does not match ``pattern`` as a regular expression.</doc>
<status status="PASS" start="2024-08-10T18:19:00.737053" elapsed="0.000353"/>
</kw>
<kw name="Log" owner="BuiltIn">
<msg time="2024-08-10T18:19:00.737905" level="INFO">{'large': 'https://randomuser.me/api/portraits/women/5.jpg', 'medium': 'https://randomuser.me/api/portraits/med/women/5.jpg', 'thumbnail': 'https://randomuser.me/api/portraits/thumb/women/5.jpg'}</msg>
<arg>${json_data['results'][0]['picture']}</arg>
<doc>Logs the given message with the given level.</doc>
<status status="PASS" start="2024-08-10T18:19:00.737587" elapsed="0.000361"/>
</kw>
<status status="PASS" start="2024-08-10T18:19:00.652908" elapsed="0.085294"/>
</kw>
<kw name="Teste de Tipos de Dados - Postcode" owner="random-user-service">
<kw name="GET On Session" owner="RequestsLibrary">
<msg time="2024-08-10T18:19:00.839549" level="INFO">GET Request : url=https://randomuser.me/api 
 path_url=/api 
 headers={'User-Agent': 'python-requests/2.32.3', 'Accept-Encoding': 'gzip, deflate', 'Accept': '*/*', 'Connection': 'keep-alive'} 
 body=None 
 </msg>
<msg time="2024-08-10T18:19:00.839623" level="INFO">GET Response : url=https://randomuser.me/api 
 status=200, reason=OK 
 headers={'Date': 'Sat, 10 Aug 2024 18:19:00 GMT', 'Content-Type': 'application/json; charset=utf-8', 'Transfer-Encoding': 'chunked', 'Connection': 'keep-alive', 'X-Powered-By': 'Express', 'Access-Control-Allow-Origin': '*', 'Cache-Control': 'no-cache', 'ETag': 'W/"49d-g/AnLQ8079snEoA9fB9t3+cCTBA"', 'Vary': 'Accept-Encoding', 'Content-Encoding': 'gzip', 'CF-Cache-Status': 'DYNAMIC', 'Report-To': '{"endpoints":[{"url":"https:\\/\\/a.nel.cloudflare.com\\/report\\/v4?s=V3cKrSc5vylenA%2FdzpN0owzxpYSF6oJG26wl2F7fCYtP3jhahlSFvxNtVVeyzW6UFxRHarR1gnw6%2FUntSKfRiaCrCBw2GIXkZC4kmx6V0d1zTLj2tMaezm4oCiVvdoqf"}],"group":"cf-nel","max_age":604800}', 'NEL': '{"success_fraction":0,"report_to":"cf-nel","max_age":604800}', 'Server': 'cloudflare', 'CF-RAY': '8b11fde1af132c05-ORD', 'alt-svc': 'h3=":443"; ma=86400'} 
 body={"results":[{"gender":"female","name":{"title":"Mrs","first":"Sheila","last":"Castillo"},"location":{"street":{"number":1178,"name":"Crockett St"},"city":"Busselton","state":"South Australia","country":"Australia","postcode":6257,"coordinates":{"latitude":"-88.6616","longitude":"6.2581"},"timezone":{"offset":"-5:00","description":"Eastern Time (US &amp; Canada), Bogota, Lima"}},"email":"sheila.castillo@example.com","login":{"uuid":"d2931238-9fd3-4d86-a67b-531190551a4d","username":"sadfrog303","password":"hope","salt":"93n2IyAB","md5":"f738a8450f6be7d2f9e1652f75292767","sha1":"22c3d8799ffaf5809fbd3dfb0b4f8bacda65b209","sha256":"734bf4de540c9bfb53d494c0fb101cc9c005ab215bd405fd7f35d20dc9cbe1c0"},"dob":{"date":"1948-07-04T12:57:37.199Z","age":76},"registered":{"date":"2003-10-27T13:39:03.224Z","age":20},"phone":"00-3306-2837","cell":"0438-011-370","id":{"name":"TFN","value":"373359999"},"picture":{"large":"https://randomuser.me/api/portraits/women/57.jpg","medium":"https://randomuser.me/api/portraits/med/women/57.jpg","thumbnail":"https://randomuser.me/api/portraits/thumb/women/57.jpg"},"nat":"AU"}],"info":{"seed":"e6c7a931ea62b1c0","results":1,"page":1,"version":"1.4"}} 
 </msg>
<msg time="2024-08-10T18:19:00.839689" level="INFO">/opt/hostedtoolcache/Python/3.12.4/x64/lib/python3.12/site-packages/urllib3/connectionpool.py:1099: InsecureRequestWarning: Unverified HTTPS request is being made to host 'randomuser.me'. Adding certificate verification is strongly advised. See: https://urllib3.readthedocs.io/en/latest/advanced-usage.html#tls-warnings
  warnings.warn(</msg>
<msg time="2024-08-10T18:19:00.839794" level="INFO">${response} = &lt;Response [200]&gt;</msg>
<var>${response}</var>
<arg>consultarAPI</arg>
<arg>/api</arg>
<doc>Sends a GET request on a previously created HTTP Session.</doc>
<status status="PASS" start="2024-08-10T18:19:00.738624" elapsed="0.101226"/>
</kw>
<kw name="Set Variable" owner="BuiltIn">
<msg time="2024-08-10T18:19:00.840941" level="INFO">${json_data} = {'results': [{'gender': 'female', 'name': {'title': 'Mrs', 'first': 'Sheila', 'last': 'Castillo'}, 'location': {'street': {'number': 1178, 'name': 'Crockett St'}, 'city': 'Busselton', 'state': 'South ...</msg>
<var>${json_data}</var>
<arg>${response.json()}</arg>
<doc>Returns the given values which can then be assigned to a variables.</doc>
<status status="PASS" start="2024-08-10T18:19:00.840371" elapsed="0.000599"/>
</kw>
<kw name="Log" owner="BuiltIn">
<msg time="2024-08-10T18:19:00.841425" level="INFO">{'results': [{'gender': 'female', 'name': {'title': 'Mrs', 'first': 'Sheila', 'last': 'Castillo'}, 'location': {'street': {'number': 1178, 'name': 'Crockett St'}, 'city': 'Busselton', 'state': 'South Australia', 'country': 'Australia', 'postcode': 6257, 'coordinates': {'latitude': '-88.6616', 'longitude': '6.2581'}, 'timezone': {'offset': '-5:00', 'description': 'Eastern Time (US &amp; Canada), Bogota, Lima'}}, 'email': 'sheila.castillo@example.com', 'login': {'uuid': 'd2931238-9fd3-4d86-a67b-531190551a4d', 'username': 'sadfrog303', 'password': 'hope', 'salt': '93n2IyAB', 'md5': 'f738a8450f6be7d2f9e1652f75292767', 'sha1': '22c3d8799ffaf5809fbd3dfb0b4f8bacda65b209', 'sha256': '734bf4de540c9bfb53d494c0fb101cc9c005ab215bd405fd7f35d20dc9cbe1c0'}, 'dob': {'date': '1948-07-04T12:57:37.199Z', 'age': 76}, 'registered': {'date': '2003-10-27T13:39:03.224Z', 'age': 20}, 'phone': '00-3306-2837', 'cell': '0438-011-370', 'id': {'name': 'TFN', 'value': '373359999'}, 'picture': {'large': 'https://randomuser.me/api/portraits/women/57.jpg', 'medium': 'https://randomuser.me/api/portraits/med/women/57.jpg', 'thumbnail': 'https://randomuser.me/api/portraits/thumb/women/57.jpg'}, 'nat': 'AU'}], 'info': {'seed': 'e6c7a931ea62b1c0', 'results': 1, 'page': 1, 'version': '1.4'}}</msg>
<arg>${json_data}</arg>
<doc>Logs the given message with the given level.</doc>
<status status="PASS" start="2024-08-10T18:19:00.841274" elapsed="0.000199"/>
</kw>
<kw name="Should Be Equal As Numbers" owner="BuiltIn">
<arg>${json_data['results'][0]['location']['postcode']}</arg>
<arg>${json_data['results'][0]['location']['postcode']}</arg>
<doc>Fails if objects are unequal after converting them to real numbers.</doc>
<status status="PASS" start="2024-08-10T18:19:00.841763" elapsed="0.000612"/>
</kw>
<kw name="Log" owner="BuiltIn">
<msg time="2024-08-10T18:19:00.842938" level="INFO">6257</msg>
<arg>${json_data['results'][0]['location']['postcode']}</arg>
<doc>Logs the given message with the given level.</doc>
<status status="PASS" start="2024-08-10T18:19:00.842563" elapsed="0.000458"/>
</kw>
<status status="PASS" start="2024-08-10T18:19:00.738410" elapsed="0.104876"/>
</kw>
<doc>Testa se os tipos de dados na resposta da API estão corretos.</doc>
<tag>testeTiposDados</tag>
<status status="PASS" start="2024-08-10T18:19:00.652491" elapsed="0.190953"/>
</test>
<test id="s1-s1-t5" name="Validar conteudo" line="35">
<kw name="Teste de Tipos de Conteudo" owner="random-user-service">
<kw name="GET On Session" owner="RequestsLibrary">
<msg time="2024-08-10T18:19:00.952976" level="INFO">GET Request : url=https://randomuser.me/api 
 path_url=/api 
 headers={'User-Agent': 'python-requests/2.32.3', 'Accept-Encoding': 'gzip, deflate', 'Accept': '*/*', 'Connection': 'keep-alive'} 
 body=None 
 </msg>
<msg time="2024-08-10T18:19:00.953062" level="INFO">GET Response : url=https://randomuser.me/api 
 status=200, reason=OK 
 headers={'Date': 'Sat, 10 Aug 2024 18:19:00 GMT', 'Content-Type': 'application/json; charset=utf-8', 'Transfer-Encoding': 'chunked', 'Connection': 'keep-alive', 'X-Powered-By': 'Express', 'Access-Control-Allow-Origin': '*', 'Cache-Control': 'no-cache', 'ETag': 'W/"493-g6R26FMFihdtaf8iYQO3/XC4zWA"', 'Vary': 'Accept-Encoding', 'Content-Encoding': 'gzip', 'CF-Cache-Status': 'DYNAMIC', 'Report-To': '{"endpoints":[{"url":"https:\\/\\/a.nel.cloudflare.com\\/report\\/v4?s=2mBXSScW0Jl%2BYHgFNSKIV%2FOTkfPiw5f5yuKpnTfdDyaq0ObW4b49u2CJ72Z6EyBztHT2Vu4HongBv7aJ139r%2B82Ta3EJt%2BXzKpY7mN9QXvbBSuW0LjGqGecm%2F6lROqyL"}],"group":"cf-nel","max_age":604800}', 'NEL': '{"success_fraction":0,"report_to":"cf-nel","max_age":604800}', 'Server': 'cloudflare', 'CF-RAY': '8b11fde24fd82c05-ORD', 'alt-svc': 'h3=":443"; ma=86400'} 
 body={"results":[{"gender":"male","name":{"title":"Mr","first":"Dylan","last":"Robinson"},"location":{"street":{"number":3875,"name":"Avondale Ave"},"city":"Traralgon","state":"Northern Territory","country":"Australia","postcode":6973,"coordinates":{"latitude":"-87.2910","longitude":"-25.3498"},"timezone":{"offset":"-3:00","description":"Brazil, Buenos Aires, Georgetown"}},"email":"dylan.robinson@example.com","login":{"uuid":"4c560e4e-20ed-4271-8e45-db81a086d8f0","username":"crazygoose837","password":"tiburon","salt":"kd4ZiEeI","md5":"b3b3e4ab59a65801ec078c9d129a07c2","sha1":"09f2239c3c596c4c02e70f43a3f7d7ba24be2276","sha256":"294dd1a252f649bb6c0271235b704adc965bd83c6768f424837cec67654bd1e6"},"dob":{"date":"1985-10-25T22:31:32.835Z","age":38},"registered":{"date":"2012-09-02T22:53:35.824Z","age":11},"phone":"06-0538-5905","cell":"0425-541-303","id":{"name":"TFN","value":"495543269"},"picture":{"large":"https://randomuser.me/api/portraits/men/7.jpg","medium":"https://randomuser.me/api/portraits/med/men/7.jpg","thumbnail":"https://randomuser.me/api/portraits/thumb/men/7.jpg"},"nat":"AU"}],"info":{"seed":"dc09634aed36a492","results":1,"page":1,"version":"1.4"}} 
 </msg>
<msg time="2024-08-10T18:19:00.953134" level="INFO">/opt/hostedtoolcache/Python/3.12.4/x64/lib/python3.12/site-packages/urllib3/connectionpool.py:1099: InsecureRequestWarning: Unverified HTTPS request is being made to host 'randomuser.me'. Adding certificate verification is strongly advised. See: https://urllib3.readthedocs.io/en/latest/advanced-usage.html#tls-warnings
  warnings.warn(</msg>
<msg time="2024-08-10T18:19:00.953245" level="INFO">${response} = &lt;Response [200]&gt;</msg>
<var>${response}</var>
<arg>consultarAPI</arg>
<arg>/api</arg>
<doc>Sends a GET request on a previously created HTTP Session.</doc>
<status status="PASS" start="2024-08-10T18:19:00.846256" elapsed="0.107029"/>
</kw>
<kw name="Set Variable" owner="BuiltIn">
<msg time="2024-08-10T18:19:00.954194" level="INFO">${json_data} = {'results': [{'gender': 'male', 'name': {'title': 'Mr', 'first': 'Dylan', 'last': 'Robinson'}, 'location': {'street': {'number': 3875, 'name': 'Avondale Ave'}, 'city': 'Traralgon', 'state': 'Northern ...</msg>
<var>${json_data}</var>
<arg>${response.json()}</arg>
<doc>Returns the given values which can then be assigned to a variables.</doc>
<status status="PASS" start="2024-08-10T18:19:00.953755" elapsed="0.000468"/>
</kw>
<kw name="Set Variable" owner="BuiltIn">
<msg time="2024-08-10T18:19:00.954952" level="INFO">${name_title} = Mr</msg>
<var>${name_title}</var>
<arg>${json_data["results"][0]["name"]["title"]}</arg>
<doc>Returns the given values which can then be assigned to a variables.</doc>
<status status="PASS" start="2024-08-10T18:19:00.954523" elapsed="0.000456"/>
</kw>
<kw name="Create List" owner="BuiltIn">
<msg time="2024-08-10T18:19:00.955426" level="INFO">${allowed_titles} = ['Mr', 'Ms', 'Miss', 'Mrs', 'Madame', 'Monsieur']</msg>
<var>${allowed_titles}</var>
<arg>Mr</arg>
<arg>Ms</arg>
<arg>Miss</arg>
<arg>Mrs</arg>
<arg>Madame</arg>
<arg>Monsieur</arg>
<doc>Returns a list containing given items.</doc>
<status status="PASS" start="2024-08-10T18:19:00.955275" elapsed="0.000175"/>
</kw>
<kw name="List Should Contain Value" owner="Collections">
<arg>${allowed_titles}</arg>
<arg>${name_title}</arg>
<doc>Fails if the ``value`` is not found from ``list``.</doc>
<status status="PASS" start="2024-08-10T18:19:00.955743" elapsed="0.000171"/>
</kw>
<kw name="Set Variable" owner="BuiltIn">
<msg time="2024-08-10T18:19:00.956479" level="INFO">${name_country} = AU</msg>
<var>${name_country}</var>
<arg>${json_data["results"][0]["nat"]}</arg>
<doc>Returns the given values which can then be assigned to a variables.</doc>
<status status="PASS" start="2024-08-10T18:19:00.956099" elapsed="0.000405"/>
</kw>
<kw name="Create List" owner="BuiltIn">
<msg time="2024-08-10T18:19:00.957389" level="INFO">${list_country} = ['AD', 'AE', 'AF', 'AG', 'AI', 'AL', 'AM', 'AO', 'AQ', 'AR', 'AS', 'AT', 'AU', 'AW', 'AX', 'AZ', 'BA', 'BB', 'BD', 'BE', 'BF', 'BG', 'BH', 'BI', 'BJ', 'BL', 'BM', 'BN', 'BO', 'BQ', 'BR', 'BS', 'BT', '...</msg>
<var>${list_country}</var>
<arg>AD</arg>
<arg>AE</arg>
<arg>AF</arg>
<arg>AG</arg>
<arg>AI</arg>
<arg>AL</arg>
<arg>AM</arg>
<arg>AO</arg>
<arg>AQ</arg>
<arg>AR</arg>
<arg>AS</arg>
<arg>AT</arg>
<arg>AU</arg>
<arg>AW</arg>
<arg>AX</arg>
<arg>AZ</arg>
<arg>BA</arg>
<arg>BB</arg>
<arg>BD</arg>
<arg>BE</arg>
<arg>BF</arg>
<arg>BG</arg>
<arg>BH</arg>
<arg>BI</arg>
<arg>BJ</arg>
<arg>BL</arg>
<arg>BM</arg>
<arg>BN</arg>
<arg>BO</arg>
<arg>BQ</arg>
<arg>BR</arg>
<arg>BS</arg>
<arg>BT</arg>
<arg>BV</arg>
<arg>BW</arg>
<arg>BY</arg>
<arg>BZ</arg>
<arg>CA</arg>
<arg>CC</arg>
<arg>CD</arg>
<arg>CF</arg>
<arg>CG</arg>
<arg>CH</arg>
<arg>CI</arg>
<arg>CK</arg>
<arg>CL</arg>
<arg>CM</arg>
<arg>CN</arg>
<arg>CO</arg>
<arg>CR</arg>
<arg>CU</arg>
<arg>CV</arg>
<arg>CW</arg>
<arg>CX</arg>
<arg>CY</arg>
<arg>CZ</arg>
<arg>DE</arg>
<arg>DJ</arg>
<arg>DK</arg>
<arg>DM</arg>
<arg>DO</arg>
<arg>DZ</arg>
<arg>EC</arg>
<arg>EE</arg>
<arg>EG</arg>
<arg>EH</arg>
<arg>ER</arg>
<arg>ES</arg>
<arg>ET</arg>
<arg>FI</arg>
<arg>FJ</arg>
<arg>FK</arg>
<arg>FM</arg>
<arg>FO</arg>
<arg>FR</arg>
<arg>GA</arg>
<arg>GB</arg>
<arg>GD</arg>
<arg>GE</arg>
<arg>GF</arg>
<arg>GG</arg>
<arg>GH</arg>
<arg>GI</arg>
<arg>GL</arg>
<arg>GM</arg>
<arg>GN</arg>
<arg>GP</arg>
<arg>GQ</arg>
<arg>GR</arg>
<arg>GS</arg>
<arg>GT</arg>
<arg>GU</arg>
<arg>GW</arg>
<arg>GY</arg>
<arg>HK</arg>
<arg>HM</arg>
<arg>HN</arg>
<arg>HR</arg>
<arg>HT</arg>
<arg>HU</arg>
<arg>ID</arg>
<arg>IE</arg>
<arg>IL</arg>
<arg>IM</arg>
<arg>IN</arg>
<arg>IO</arg>
<arg>IQ</arg>
<arg>IR</arg>
<arg>IS</arg>
<arg>IT</arg>
<arg>JE</arg>
<arg>JM</arg>
<arg>JO</arg>
<arg>JP</arg>
<arg>KE</arg>
<arg>KG</arg>
<arg>KH</arg>
<arg>KI</arg>
<arg>KM</arg>
<arg>KN</arg>
<arg>KP</arg>
<arg>KR</arg>
<arg>KW</arg>
<arg>KY</arg>
<arg>KZ</arg>
<arg>LA</arg>
<arg>LB</arg>
<arg>LC</arg>
<arg>LI</arg>
<arg>LK</arg>
<arg>LR</arg>
<arg>LS</arg>
<arg>LT</arg>
<arg>LU</arg>
<arg>LV</arg>
<arg>LY</arg>
<arg>MA</arg>
<arg>MC</arg>
<arg>MD</arg>
<arg>ME</arg>
<arg>MF</arg>
<arg>MG</arg>
<arg>MH</arg>
<arg>MK</arg>
<arg>ML</arg>
<arg>MM</arg>
<arg>MN</arg>
<arg>MO</arg>
<arg>MP</arg>
<arg>MQ</arg>
<arg>MR</arg>
<arg>MS</arg>
<arg>MT</arg>
<arg>MU</arg>
<arg>MV</arg>
<arg>MW</arg>
<arg>MX</arg>
<arg>MY</arg>
<arg>MZ</arg>
<arg>NA</arg>
<arg>NC</arg>
<arg>NE</arg>
<arg>NF</arg>
<arg>NG</arg>
<arg>NI</arg>
<arg>NL</arg>
<arg>NO</arg>
<arg>NP</arg>
<arg>NR</arg>
<arg>NU</arg>
<arg>NZ</arg>
<arg>OM</arg>
<arg>PA</arg>
<arg>PE</arg>
<arg>PF</arg>
<arg>PG</arg>
<arg>PH</arg>
<arg>PK</arg>
<arg>PL</arg>
<arg>PM</arg>
<arg>PN</arg>
<arg>PR</arg>
<arg>PS</arg>
<arg>PT</arg>
<arg>PW</arg>
<arg>PY</arg>
<arg>QA</arg>
<arg>RE</arg>
<arg>RO</arg>
<arg>RS</arg>
<arg>RU</arg>
<arg>RW</arg>
<arg>SA</arg>
<arg>SB</arg>
<arg>SC</arg>
<arg>SD</arg>
<arg>SE</arg>
<arg>SG</arg>
<arg>SH</arg>
<arg>SI</arg>
<arg>SJ</arg>
<arg>SK</arg>
<arg>SL</arg>
<arg>SM</arg>
<arg>SN</arg>
<arg>SO</arg>
<arg>SR</arg>
<arg>SS</arg>
<arg>ST</arg>
<arg>SV</arg>
<arg>SX</arg>
<arg>SY</arg>
<arg>SZ</arg>
<arg>TC</arg>
<arg>TD</arg>
<arg>TF</arg>
<arg>TG</arg>
<arg>TH</arg>
<arg>TJ</arg>
<arg>TK</arg>
<arg>TL</arg>
<arg>TM</arg>
<arg>TN</arg>
<arg>TO</arg>
<arg>TR</arg>
<arg>TT</arg>
<arg>TV</arg>
<arg>TW</arg>
<arg>TZ</arg>
<arg>UA</arg>
<arg>UG</arg>
<arg>UM</arg>
<arg>US</arg>
<arg>UY</arg>
<arg>UZ</arg>
<arg>VA</arg>
<arg>VC</arg>
<arg>VE</arg>
<arg>VG</arg>
<arg>VI</arg>
<arg>VN</arg>
<arg>VU</arg>
<arg>WF</arg>
<arg>WS</arg>
<arg>XK</arg>
<arg>YE</arg>
<arg>YT</arg>
<arg>ZA</arg>
<arg>ZM</arg>
<arg>ZW</arg>
<doc>Returns a list containing given items.</doc>
<status status="PASS" start="2024-08-10T18:19:00.956794" elapsed="0.000621"/>
</kw>
<kw name="List Should Contain Value" owner="Collections">
<arg>${list_country}</arg>
<arg>${name_country}</arg>
<doc>Fails if the ``value`` is not found from ``list``.</doc>
<status status="PASS" start="2024-08-10T18:19:00.958365" elapsed="0.000211"/>
</kw>
<kw name="Run Keyword If" owner="BuiltIn">
<kw name="Should Be True" owner="BuiltIn">
<arg>${True}</arg>
<doc>Fails if the given condition is not true.</doc>
<status status="PASS" start="2024-08-10T18:19:00.959539" elapsed="0.000142"/>
</kw>
<arg>${json_data["results"][0]["location"]["coordinates"]["latitude"]} &gt;= -90 and ${json_data["results"][0]["location"]["coordinates"]["latitude"]} &lt;= 90</arg>
<arg>Should Be True</arg>
<arg>${True}</arg>
<doc>Runs the given keyword with the given arguments, if ``condition`` is true.</doc>
<status status="PASS" start="2024-08-10T18:19:00.958773" elapsed="0.001034"/>
</kw>
<kw name="Run Keyword If" owner="BuiltIn">
<kw name="Should Be True" owner="BuiltIn">
<arg>${True}</arg>
<doc>Fails if the given condition is not true.</doc>
<status status="PASS" start="2024-08-10T18:19:00.960670" elapsed="0.000136"/>
</kw>
<arg>${json_data["results"][0]["location"]["coordinates"]["longitude"]} &gt;= -180 and ${json_data["results"][0]["location"]["coordinates"]["longitude"]} &lt;= 180</arg>
<arg>Should Be True</arg>
<arg>${True}</arg>
<doc>Runs the given keyword with the given arguments, if ``condition`` is true.</doc>
<status status="PASS" start="2024-08-10T18:19:00.959987" elapsed="0.000943"/>
</kw>
<status status="PASS" start="2024-08-10T18:19:00.845881" elapsed="0.115174"/>
</kw>
<doc>Testa o conteúdo específico dos campos retornados pela API.</doc>
<tag>testeConteudo</tag>
<status status="PASS" start="2024-08-10T18:19:00.845208" elapsed="0.115987"/>
</test>
<status status="PASS" start="2024-08-10T18:19:00.122447" elapsed="0.840601"/>
</suite>
<status status="PASS" start="2024-08-10T18:19:00.108202" elapsed="0.859853"/>
</suite>
<statistics>
<total>
<stat pass="5" fail="0" skip="0">All Tests</stat>
</total>
<tag>
<stat pass="1" fail="0" skip="0">testeConteudo</stat>
<stat pass="1" fail="0" skip="0">testeEstruturaResposta</stat>
<stat pass="1" fail="0" skip="0">testeRequisicaoBasica</stat>
<stat pass="1" fail="0" skip="0">testeTiposDados</stat>
</tag>
<suite>
<stat pass="5" fail="0" skip="0" id="s1" name="Tests">Tests</stat>
<stat pass="5" fail="0" skip="0" id="s1-s1" name="Random-User-Test">Tests.Random-User-Test</stat>
</suite>
</statistics>
<errors>
</errors>
</robot>
