<?xml version="1.0" encoding="UTF-8"?>
<robot generator="Robot 7.0.1 (Python 3.12.4 on linux)" generated="2024-07-08T17:13:19.022757" rpa="false" schemaversion="5">
<suite id="s1" name="Tests" source="/home/runner/work/ApiRandomUser/ApiRandomUser/RamdonUser/tests">
<suite id="s1-s1" name="Random-User-Test" source="/home/runner/work/ApiRandomUser/ApiRandomUser/RamdonUser/tests/random-user-test.robot">
<test id="s1-s1-t1" name="Conectar" line="13">
<kw name="Conectar API" owner="random-user-service">
<kw name="Create Session" owner="RequestsLibrary">
<msg time="2024-07-08T17:13:19.420096" level="INFO">Creating Session using : alias=consultarAPI, url=https://randomuser.me/, headers={},                     cookies={}, auth=None, timeout=None, proxies=None, verify=False,                     debug=0 </msg>
<arg>consultarAPI</arg>
<arg>${URL}</arg>
<doc>Create Session: create a HTTP session to a server</doc>
<status status="PASS" start="2024-07-08T17:13:19.419887" elapsed="0.000390"/>
</kw>
<status status="PASS" start="2024-07-08T17:13:19.418917" elapsed="0.001721"/>
</kw>
<status status="PASS" start="2024-07-08T17:13:19.418347" elapsed="0.002484"/>
</test>
<test id="s1-s1-t2" name="Validar retorno 200 e JSON Válido" line="16">
<kw name="Teste de Requisicao Basica" owner="random-user-service">
<kw name="GET On Session" owner="RequestsLibrary">
<msg time="2024-07-08T17:13:19.908477" level="INFO">GET Request : url=https://randomuser.me/api 
 path_url=/api 
 headers={'User-Agent': 'python-requests/2.32.3', 'Accept-Encoding': 'gzip, deflate', 'Accept': '*/*', 'Connection': 'keep-alive'} 
 body=None 
 </msg>
<msg time="2024-07-08T17:13:19.908636" level="INFO">GET Response : url=https://randomuser.me/api 
 status=200, reason=OK 
 headers={'Date': 'Mon, 08 Jul 2024 17:13:19 GMT', 'Content-Type': 'application/json; charset=utf-8', 'Transfer-Encoding': 'chunked', 'Connection': 'keep-alive', 'X-Powered-By': 'Express', 'Access-Control-Allow-Origin': '*', 'Cache-Control': 'no-cache', 'ETag': 'W/"48f-I3DPw6iQ+Zh1qYrUQ9OvK18tvvw"', 'Vary': 'Accept-Encoding', 'Content-Encoding': 'gzip', 'CF-Cache-Status': 'DYNAMIC', 'Report-To': '{"endpoints":[{"url":"https:\\/\\/a.nel.cloudflare.com\\/report\\/v4?s=93dpsoPWsDwWs3AeJbiLa%2F%2BRvb4fnhkn2kdpZz0CeKAfezIz4eVY4%2FvEuFqt81IKoyuM4Fw0yQfTbxaiNeUlNH8ZP8YphjFxcW64iYT83ilRulq2cAhU4w8ODxoDrDfZ"}],"group":"cf-nel","max_age":604800}', 'NEL': '{"success_fraction":0,"report_to":"cf-nel","max_age":604800}', 'Server': 'cloudflare', 'CF-RAY': '8a01b449df8a2aba-ORD', 'alt-svc': 'h3=":443"; ma=86400'} 
 body={"results":[{"gender":"female","name":{"title":"Mrs","first":"Aubree","last":"Sanchez"},"location":{"street":{"number":9839,"name":"Saddle Dr"},"city":"Brownsville","state":"Mississippi","country":"United States","postcode":51892,"coordinates":{"latitude":"88.6418","longitude":"84.1405"},"timezone":{"offset":"-2:00","description":"Mid-Atlantic"}},"email":"aubree.sanchez@example.com","login":{"uuid":"1c75fb17-7148-4824-b9d9-c8ac273edb84","username":"purplepeacock563","password":"standard","salt":"fqHIks8L","md5":"0d6976632a76b383d4ea056871f7f788","sha1":"d91b5175633d06f2fda1574e5bcb3ba6d83153b1","sha256":"56a40a42b8b0e4a28d7f53bedf5497a0124a43f76dcf518a6b62a971769492a7"},"dob":{"date":"1980-09-23T06:26:11.412Z","age":43},"registered":{"date":"2018-02-15T23:28:57.510Z","age":6},"phone":"(518) 875-3656","cell":"(754) 331-2444","id":{"name":"SSN","value":"890-27-2715"},"picture":{"large":"https://randomuser.me/api/portraits/women/14.jpg","medium":"https://randomuser.me/api/portraits/med/women/14.jpg","thumbnail":"https://randomuser.me/api/portraits/thumb/women/14.jpg"},"nat":"US"}],"info":{"seed":"7a3bca11c0d02634","results":1,"page":1,"version":"1.4"}} 
 </msg>
<msg time="2024-07-08T17:13:19.908720" level="INFO">/opt/hostedtoolcache/Python/3.12.4/x64/lib/python3.12/site-packages/urllib3/connectionpool.py:1099: InsecureRequestWarning: Unverified HTTPS request is being made to host 'randomuser.me'. Adding certificate verification is strongly advised. See: https://urllib3.readthedocs.io/en/latest/advanced-usage.html#tls-warnings
  warnings.warn(</msg>
<msg time="2024-07-08T17:13:19.908870" level="INFO">${response} = &lt;Response [200]&gt;</msg>
<var>${response}</var>
<arg>consultarAPI</arg>
<arg>/api</arg>
<doc>Sends a GET request on a previously created HTTP Session.</doc>
<status status="PASS" start="2024-07-08T17:13:19.423957" elapsed="0.484955"/>
</kw>
<kw name="Should Be Equal As Numbers" owner="BuiltIn">
<msg time="2024-07-08T17:13:19.910105" level="INFO">Argument types are:
&lt;class 'int'&gt;
&lt;class 'str'&gt;</msg>
<arg>${response.status_code}</arg>
<arg>200</arg>
<doc>Fails if objects are unequal after converting them to real numbers.</doc>
<status status="PASS" start="2024-07-08T17:13:19.909574" elapsed="0.000598"/>
</kw>
<kw name="Log" owner="BuiltIn">
<msg time="2024-07-08T17:13:19.910845" level="INFO">200</msg>
<arg>${response.status_code}</arg>
<doc>Logs the given message with the given level.</doc>
<status status="PASS" start="2024-07-08T17:13:19.910494" elapsed="0.000393"/>
</kw>
<kw name="Set Variable" owner="BuiltIn">
<msg time="2024-07-08T17:13:19.911622" level="INFO">${json_data} = {'results': [{'gender': 'female', 'name': {'title': 'Mrs', 'first': 'Aubree', 'last': 'Sanchez'}, 'location': {'street': {'number': 9839, 'name': 'Saddle Dr'}, 'city': 'Brownsville', 'state': 'Mississ...</msg>
<var>${json_data}</var>
<arg>${response.json()}</arg>
<doc>Returns the given values which can then be assigned to a variables.</doc>
<status status="PASS" start="2024-07-08T17:13:19.911191" elapsed="0.000466"/>
</kw>
<kw name="Dictionary Should Contain Key" owner="Collections">
<arg>${json_data}</arg>
<arg>results</arg>
<doc>Fails if ``key`` is not found from ``dictionary``.</doc>
<status status="PASS" start="2024-07-08T17:13:19.911971" elapsed="0.000161"/>
</kw>
<status status="PASS" start="2024-07-08T17:13:19.423703" elapsed="0.488580"/>
</kw>
<doc>Testa se a API responde corretamente e retorna um objeto JSON válido.</doc>
<tag>testeRequisicaoBasica</tag>
<status status="PASS" start="2024-07-08T17:13:19.423161" elapsed="0.489296"/>
</test>
<test id="s1-s1-t3" name="Validar estrutura de resposta" line="22">
<kw name="Teste de Estrutura de Resposta" owner="random-user-service">
<kw name="GET On Session" owner="RequestsLibrary">
<msg time="2024-07-08T17:13:20.003275" level="INFO">GET Request : url=https://randomuser.me/api 
 path_url=/api 
 headers={'User-Agent': 'python-requests/2.32.3', 'Accept-Encoding': 'gzip, deflate', 'Accept': '*/*', 'Connection': 'keep-alive'} 
 body=None 
 </msg>
<msg time="2024-07-08T17:13:20.003357" level="INFO">GET Response : url=https://randomuser.me/api 
 status=200, reason=OK 
 headers={'Date': 'Mon, 08 Jul 2024 17:13:19 GMT', 'Content-Type': 'application/json; charset=utf-8', 'Transfer-Encoding': 'chunked', 'Connection': 'keep-alive', 'X-Powered-By': 'Express', 'Access-Control-Allow-Origin': '*', 'Cache-Control': 'no-cache', 'ETag': 'W/"493-Ch+nVm9BoBxHAX1lmh0lzGFyKc4"', 'Vary': 'Accept-Encoding', 'Content-Encoding': 'gzip', 'CF-Cache-Status': 'DYNAMIC', 'Report-To': '{"endpoints":[{"url":"https:\\/\\/a.nel.cloudflare.com\\/report\\/v4?s=Ty0GWY2kdX1bH%2FwKOGv9b2aP0bQVAeGM9DJ3mwki3c1bXr506AfnBU4yXkHZCVEC7DhXYi%2BuiKNGgR3xZcU3jc74ygwG4HLQmQ7ctXKJbudZq17ExYDN4ghFfWQvteOs"}],"group":"cf-nel","max_age":604800}', 'NEL': '{"success_fraction":0,"report_to":"cf-nel","max_age":604800}', 'Server': 'cloudflare', 'CF-RAY': '8a01b44b79722aba-ORD', 'alt-svc': 'h3=":443"; ma=86400'} 
 body={"results":[{"gender":"female","name":{"title":"Ms","first":"Olivia","last":"Larsen"},"location":{"street":{"number":5675,"name":"Skovbakkevej"},"city":"Nimtofte","state":"Hovedstaden","country":"Denmark","postcode":93777,"coordinates":{"latitude":"-43.1640","longitude":"60.8730"},"timezone":{"offset":"-5:00","description":"Eastern Time (US &amp; Canada), Bogota, Lima"}},"email":"olivia.larsen@example.com","login":{"uuid":"c6d49b83-ea44-43f2-af79-2a15d7e97159","username":"organicdog663","password":"hootie","salt":"Mqrm7hN7","md5":"12f75ea280816284daa7f19f122121fb","sha1":"ff1e0eb2770f59641ac26372feb40eb7aa73d2a3","sha256":"0b01a16a242a5adde1dd6db77401577f0d109eae56e0c4812cc7ec89b82e5be1"},"dob":{"date":"1950-04-02T22:12:39.312Z","age":74},"registered":{"date":"2008-09-27T01:30:59.633Z","age":15},"phone":"49540367","cell":"45528224","id":{"name":"CPR","value":"020450-1049"},"picture":{"large":"https://randomuser.me/api/portraits/women/82.jpg","medium":"https://randomuser.me/api/portraits/med/women/82.jpg","thumbnail":"https://randomuser.me/api/portraits/thumb/women/82.jpg"},"nat":"DK"}],"info":{"seed":"352b4d09878baec4","results":1,"page":1,"version":"1.4"}} 
 </msg>
<msg time="2024-07-08T17:13:20.003473" level="INFO">/opt/hostedtoolcache/Python/3.12.4/x64/lib/python3.12/site-packages/urllib3/connectionpool.py:1099: InsecureRequestWarning: Unverified HTTPS request is being made to host 'randomuser.me'. Adding certificate verification is strongly advised. See: https://urllib3.readthedocs.io/en/latest/advanced-usage.html#tls-warnings
  warnings.warn(</msg>
<msg time="2024-07-08T17:13:20.003570" level="INFO">${response} = &lt;Response [200]&gt;</msg>
<var>${response}</var>
<arg>consultarAPI</arg>
<arg>/api</arg>
<doc>Sends a GET request on a previously created HTTP Session.</doc>
<status status="PASS" start="2024-07-08T17:13:19.915368" elapsed="0.088245"/>
</kw>
<kw name="Set Variable" owner="BuiltIn">
<msg time="2024-07-08T17:13:20.004613" level="INFO">${json_data} = {'results': [{'gender': 'female', 'name': {'title': 'Ms', 'first': 'Olivia', 'last': 'Larsen'}, 'location': {'street': {'number': 5675, 'name': 'Skovbakkevej'}, 'city': 'Nimtofte', 'state': 'Hovedstad...</msg>
<var>${json_data}</var>
<arg>${response.json()}</arg>
<doc>Returns the given values which can then be assigned to a variables.</doc>
<status status="PASS" start="2024-07-08T17:13:20.004063" elapsed="0.000579"/>
</kw>
<kw name="Log" owner="BuiltIn">
<msg time="2024-07-08T17:13:20.005106" level="INFO">{'results': [{'gender': 'female', 'name': {'title': 'Ms', 'first': 'Olivia', 'last': 'Larsen'}, 'location': {'street': {'number': 5675, 'name': 'Skovbakkevej'}, 'city': 'Nimtofte', 'state': 'Hovedstaden', 'country': 'Denmark', 'postcode': 93777, 'coordinates': {'latitude': '-43.1640', 'longitude': '60.8730'}, 'timezone': {'offset': '-5:00', 'description': 'Eastern Time (US &amp; Canada), Bogota, Lima'}}, 'email': 'olivia.larsen@example.com', 'login': {'uuid': 'c6d49b83-ea44-43f2-af79-2a15d7e97159', 'username': 'organicdog663', 'password': 'hootie', 'salt': 'Mqrm7hN7', 'md5': '12f75ea280816284daa7f19f122121fb', 'sha1': 'ff1e0eb2770f59641ac26372feb40eb7aa73d2a3', 'sha256': '0b01a16a242a5adde1dd6db77401577f0d109eae56e0c4812cc7ec89b82e5be1'}, 'dob': {'date': '1950-04-02T22:12:39.312Z', 'age': 74}, 'registered': {'date': '2008-09-27T01:30:59.633Z', 'age': 15}, 'phone': '49540367', 'cell': '45528224', 'id': {'name': 'CPR', 'value': '020450-1049'}, 'picture': {'large': 'https://randomuser.me/api/portraits/women/82.jpg', 'medium': 'https://randomuser.me/api/portraits/med/women/82.jpg', 'thumbnail': 'https://randomuser.me/api/portraits/thumb/women/82.jpg'}, 'nat': 'DK'}], 'info': {'seed': '352b4d09878baec4', 'results': 1, 'page': 1, 'version': '1.4'}}</msg>
<arg>${json_data}</arg>
<doc>Logs the given message with the given level.</doc>
<status status="PASS" start="2024-07-08T17:13:20.004951" elapsed="0.000206"/>
</kw>
<kw name="Dictionary Should Contain Key" owner="Collections">
<arg>${json_data}</arg>
<arg>results</arg>
<doc>Fails if ``key`` is not found from ``dictionary``.</doc>
<status status="PASS" start="2024-07-08T17:13:20.005464" elapsed="0.000148"/>
</kw>
<kw name="Should Not Be Empty" owner="BuiltIn">
<msg time="2024-07-08T17:13:20.005921" level="INFO">Length is 2.</msg>
<arg>${json_data}</arg>
<doc>Verifies that the given item is not empty.</doc>
<status status="PASS" start="2024-07-08T17:13:20.005793" elapsed="0.000166"/>
</kw>
<kw name="Create List" owner="BuiltIn">
<msg time="2024-07-08T17:13:20.006593" level="INFO">${expected_keys} = ['gender', 'name', 'location', 'email', 'login']</msg>
<var>${expected_keys}</var>
<arg>gender</arg>
<arg>name</arg>
<arg>location</arg>
<arg>email</arg>
<arg>login</arg>
<doc>Returns a list containing given items.</doc>
<status status="PASS" start="2024-07-08T17:13:20.006305" elapsed="0.000313"/>
</kw>
<for flavor="IN">
<iter>
<kw name="Dictionary Should Contain Key" owner="Collections">
<arg>${json_data['results'][0]}</arg>
<arg>${key}</arg>
<doc>Fails if ``key`` is not found from ``dictionary``.</doc>
<status status="PASS" start="2024-07-08T17:13:20.007186" elapsed="0.000396"/>
</kw>
<kw name="Log" owner="BuiltIn">
<msg time="2024-07-08T17:13:20.008127" level="INFO">{'gender': 'female', 'name': {'title': 'Ms', 'first': 'Olivia', 'last': 'Larsen'}, 'location': {'street': {'number': 5675, 'name': 'Skovbakkevej'}, 'city': 'Nimtofte', 'state': 'Hovedstaden', 'country': 'Denmark', 'postcode': 93777, 'coordinates': {'latitude': '-43.1640', 'longitude': '60.8730'}, 'timezone': {'offset': '-5:00', 'description': 'Eastern Time (US &amp; Canada), Bogota, Lima'}}, 'email': 'olivia.larsen@example.com', 'login': {'uuid': 'c6d49b83-ea44-43f2-af79-2a15d7e97159', 'username': 'organicdog663', 'password': 'hootie', 'salt': 'Mqrm7hN7', 'md5': '12f75ea280816284daa7f19f122121fb', 'sha1': 'ff1e0eb2770f59641ac26372feb40eb7aa73d2a3', 'sha256': '0b01a16a242a5adde1dd6db77401577f0d109eae56e0c4812cc7ec89b82e5be1'}, 'dob': {'date': '1950-04-02T22:12:39.312Z', 'age': 74}, 'registered': {'date': '2008-09-27T01:30:59.633Z', 'age': 15}, 'phone': '49540367', 'cell': '45528224', 'id': {'name': 'CPR', 'value': '020450-1049'}, 'picture': {'large': 'https://randomuser.me/api/portraits/women/82.jpg', 'medium': 'https://randomuser.me/api/portraits/med/women/82.jpg', 'thumbnail': 'https://randomuser.me/api/portraits/thumb/women/82.jpg'}, 'nat': 'DK'}</msg>
<arg>${json_data['results'][0]}</arg>
<doc>Logs the given message with the given level.</doc>
<status status="PASS" start="2024-07-08T17:13:20.007766" elapsed="0.000412"/>
</kw>
<kw name="Log" owner="BuiltIn">
<msg time="2024-07-08T17:13:20.008602" level="INFO">gender</msg>
<arg>${key}</arg>
<doc>Logs the given message with the given level.</doc>
<status status="PASS" start="2024-07-08T17:13:20.008473" elapsed="0.000166"/>
</kw>
<var name="${key}">gender</var>
<status status="PASS" start="2024-07-08T17:13:20.007064" elapsed="0.001788"/>
</iter>
<iter>
<kw name="Dictionary Should Contain Key" owner="Collections">
<arg>${json_data['results'][0]}</arg>
<arg>${key}</arg>
<doc>Fails if ``key`` is not found from ``dictionary``.</doc>
<status status="PASS" start="2024-07-08T17:13:20.009150" elapsed="0.000390"/>
</kw>
<kw name="Log" owner="BuiltIn">
<msg time="2024-07-08T17:13:20.010107" level="INFO">{'gender': 'female', 'name': {'title': 'Ms', 'first': 'Olivia', 'last': 'Larsen'}, 'location': {'street': {'number': 5675, 'name': 'Skovbakkevej'}, 'city': 'Nimtofte', 'state': 'Hovedstaden', 'country': 'Denmark', 'postcode': 93777, 'coordinates': {'latitude': '-43.1640', 'longitude': '60.8730'}, 'timezone': {'offset': '-5:00', 'description': 'Eastern Time (US &amp; Canada), Bogota, Lima'}}, 'email': 'olivia.larsen@example.com', 'login': {'uuid': 'c6d49b83-ea44-43f2-af79-2a15d7e97159', 'username': 'organicdog663', 'password': 'hootie', 'salt': 'Mqrm7hN7', 'md5': '12f75ea280816284daa7f19f122121fb', 'sha1': 'ff1e0eb2770f59641ac26372feb40eb7aa73d2a3', 'sha256': '0b01a16a242a5adde1dd6db77401577f0d109eae56e0c4812cc7ec89b82e5be1'}, 'dob': {'date': '1950-04-02T22:12:39.312Z', 'age': 74}, 'registered': {'date': '2008-09-27T01:30:59.633Z', 'age': 15}, 'phone': '49540367', 'cell': '45528224', 'id': {'name': 'CPR', 'value': '020450-1049'}, 'picture': {'large': 'https://randomuser.me/api/portraits/women/82.jpg', 'medium': 'https://randomuser.me/api/portraits/med/women/82.jpg', 'thumbnail': 'https://randomuser.me/api/portraits/thumb/women/82.jpg'}, 'nat': 'DK'}</msg>
<arg>${json_data['results'][0]}</arg>
<doc>Logs the given message with the given level.</doc>
<status status="PASS" start="2024-07-08T17:13:20.009722" elapsed="0.000470"/>
</kw>
<kw name="Log" owner="BuiltIn">
<msg time="2024-07-08T17:13:20.010620" level="INFO">name</msg>
<arg>${key}</arg>
<doc>Logs the given message with the given level.</doc>
<status status="PASS" start="2024-07-08T17:13:20.010493" elapsed="0.000164"/>
</kw>
<var name="${key}">name</var>
<status status="PASS" start="2024-07-08T17:13:20.009033" elapsed="0.001839"/>
</iter>
<iter>
<kw name="Dictionary Should Contain Key" owner="Collections">
<arg>${json_data['results'][0]}</arg>
<arg>${key}</arg>
<doc>Fails if ``key`` is not found from ``dictionary``.</doc>
<status status="PASS" start="2024-07-08T17:13:20.011157" elapsed="0.000376"/>
</kw>
<kw name="Log" owner="BuiltIn">
<msg time="2024-07-08T17:13:20.012059" level="INFO">{'gender': 'female', 'name': {'title': 'Ms', 'first': 'Olivia', 'last': 'Larsen'}, 'location': {'street': {'number': 5675, 'name': 'Skovbakkevej'}, 'city': 'Nimtofte', 'state': 'Hovedstaden', 'country': 'Denmark', 'postcode': 93777, 'coordinates': {'latitude': '-43.1640', 'longitude': '60.8730'}, 'timezone': {'offset': '-5:00', 'description': 'Eastern Time (US &amp; Canada), Bogota, Lima'}}, 'email': 'olivia.larsen@example.com', 'login': {'uuid': 'c6d49b83-ea44-43f2-af79-2a15d7e97159', 'username': 'organicdog663', 'password': 'hootie', 'salt': 'Mqrm7hN7', 'md5': '12f75ea280816284daa7f19f122121fb', 'sha1': 'ff1e0eb2770f59641ac26372feb40eb7aa73d2a3', 'sha256': '0b01a16a242a5adde1dd6db77401577f0d109eae56e0c4812cc7ec89b82e5be1'}, 'dob': {'date': '1950-04-02T22:12:39.312Z', 'age': 74}, 'registered': {'date': '2008-09-27T01:30:59.633Z', 'age': 15}, 'phone': '49540367', 'cell': '45528224', 'id': {'name': 'CPR', 'value': '020450-1049'}, 'picture': {'large': 'https://randomuser.me/api/portraits/women/82.jpg', 'medium': 'https://randomuser.me/api/portraits/med/women/82.jpg', 'thumbnail': 'https://randomuser.me/api/portraits/thumb/women/82.jpg'}, 'nat': 'DK'}</msg>
<arg>${json_data['results'][0]}</arg>
<doc>Logs the given message with the given level.</doc>
<status status="PASS" start="2024-07-08T17:13:20.011715" elapsed="0.000395"/>
</kw>
<kw name="Log" owner="BuiltIn">
<msg time="2024-07-08T17:13:20.012533" level="INFO">location</msg>
<arg>${key}</arg>
<doc>Logs the given message with the given level.</doc>
<status status="PASS" start="2024-07-08T17:13:20.012406" elapsed="0.000164"/>
</kw>
<var name="${key}">location</var>
<status status="PASS" start="2024-07-08T17:13:20.011049" elapsed="0.001742"/>
</iter>
<iter>
<kw name="Dictionary Should Contain Key" owner="Collections">
<arg>${json_data['results'][0]}</arg>
<arg>${key}</arg>
<doc>Fails if ``key`` is not found from ``dictionary``.</doc>
<status status="PASS" start="2024-07-08T17:13:20.013068" elapsed="0.000384"/>
</kw>
<kw name="Log" owner="BuiltIn">
<msg time="2024-07-08T17:13:20.014002" level="INFO">{'gender': 'female', 'name': {'title': 'Ms', 'first': 'Olivia', 'last': 'Larsen'}, 'location': {'street': {'number': 5675, 'name': 'Skovbakkevej'}, 'city': 'Nimtofte', 'state': 'Hovedstaden', 'country': 'Denmark', 'postcode': 93777, 'coordinates': {'latitude': '-43.1640', 'longitude': '60.8730'}, 'timezone': {'offset': '-5:00', 'description': 'Eastern Time (US &amp; Canada), Bogota, Lima'}}, 'email': 'olivia.larsen@example.com', 'login': {'uuid': 'c6d49b83-ea44-43f2-af79-2a15d7e97159', 'username': 'organicdog663', 'password': 'hootie', 'salt': 'Mqrm7hN7', 'md5': '12f75ea280816284daa7f19f122121fb', 'sha1': 'ff1e0eb2770f59641ac26372feb40eb7aa73d2a3', 'sha256': '0b01a16a242a5adde1dd6db77401577f0d109eae56e0c4812cc7ec89b82e5be1'}, 'dob': {'date': '1950-04-02T22:12:39.312Z', 'age': 74}, 'registered': {'date': '2008-09-27T01:30:59.633Z', 'age': 15}, 'phone': '49540367', 'cell': '45528224', 'id': {'name': 'CPR', 'value': '020450-1049'}, 'picture': {'large': 'https://randomuser.me/api/portraits/women/82.jpg', 'medium': 'https://randomuser.me/api/portraits/med/women/82.jpg', 'thumbnail': 'https://randomuser.me/api/portraits/thumb/women/82.jpg'}, 'nat': 'DK'}</msg>
<arg>${json_data['results'][0]}</arg>
<doc>Logs the given message with the given level.</doc>
<status status="PASS" start="2024-07-08T17:13:20.013633" elapsed="0.000426"/>
</kw>
<kw name="Log" owner="BuiltIn">
<msg time="2024-07-08T17:13:20.014497" level="INFO">email</msg>
<arg>${key}</arg>
<doc>Logs the given message with the given level.</doc>
<status status="PASS" start="2024-07-08T17:13:20.014369" elapsed="0.000166"/>
</kw>
<var name="${key}">email</var>
<status status="PASS" start="2024-07-08T17:13:20.012960" elapsed="0.001796"/>
</iter>
<iter>
<kw name="Dictionary Should Contain Key" owner="Collections">
<arg>${json_data['results'][0]}</arg>
<arg>${key}</arg>
<doc>Fails if ``key`` is not found from ``dictionary``.</doc>
<status status="PASS" start="2024-07-08T17:13:20.015037" elapsed="0.000387"/>
</kw>
<kw name="Log" owner="BuiltIn">
<msg time="2024-07-08T17:13:20.015956" level="INFO">{'gender': 'female', 'name': {'title': 'Ms', 'first': 'Olivia', 'last': 'Larsen'}, 'location': {'street': {'number': 5675, 'name': 'Skovbakkevej'}, 'city': 'Nimtofte', 'state': 'Hovedstaden', 'country': 'Denmark', 'postcode': 93777, 'coordinates': {'latitude': '-43.1640', 'longitude': '60.8730'}, 'timezone': {'offset': '-5:00', 'description': 'Eastern Time (US &amp; Canada), Bogota, Lima'}}, 'email': 'olivia.larsen@example.com', 'login': {'uuid': 'c6d49b83-ea44-43f2-af79-2a15d7e97159', 'username': 'organicdog663', 'password': 'hootie', 'salt': 'Mqrm7hN7', 'md5': '12f75ea280816284daa7f19f122121fb', 'sha1': 'ff1e0eb2770f59641ac26372feb40eb7aa73d2a3', 'sha256': '0b01a16a242a5adde1dd6db77401577f0d109eae56e0c4812cc7ec89b82e5be1'}, 'dob': {'date': '1950-04-02T22:12:39.312Z', 'age': 74}, 'registered': {'date': '2008-09-27T01:30:59.633Z', 'age': 15}, 'phone': '49540367', 'cell': '45528224', 'id': {'name': 'CPR', 'value': '020450-1049'}, 'picture': {'large': 'https://randomuser.me/api/portraits/women/82.jpg', 'medium': 'https://randomuser.me/api/portraits/med/women/82.jpg', 'thumbnail': 'https://randomuser.me/api/portraits/thumb/women/82.jpg'}, 'nat': 'DK'}</msg>
<arg>${json_data['results'][0]}</arg>
<doc>Logs the given message with the given level.</doc>
<status status="PASS" start="2024-07-08T17:13:20.015605" elapsed="0.000402"/>
</kw>
<kw name="Log" owner="BuiltIn">
<msg time="2024-07-08T17:13:20.016423" level="INFO">login</msg>
<arg>${key}</arg>
<doc>Logs the given message with the given level.</doc>
<status status="PASS" start="2024-07-08T17:13:20.016298" elapsed="0.000161"/>
</kw>
<var name="${key}">login</var>
<status status="PASS" start="2024-07-08T17:13:20.014925" elapsed="0.001744"/>
</iter>
<var>${key}</var>
<value>@{expected_keys}</value>
<status status="PASS" start="2024-07-08T17:13:20.006881" elapsed="0.009909"/>
</for>
<kw name="Create List" owner="BuiltIn">
<msg time="2024-07-08T17:13:20.017115" level="INFO">${expected_keysTwo} = ['username', 'password']</msg>
<var>${expected_keysTwo}</var>
<arg>username</arg>
<arg>password</arg>
<doc>Returns a list containing given items.</doc>
<status status="PASS" start="2024-07-08T17:13:20.016977" elapsed="0.000190"/>
</kw>
<for flavor="IN">
<iter>
<kw name="Dictionary Should Contain Key" owner="Collections">
<arg>${json_data['results'][0]['login']}</arg>
<arg>${keyTwo}</arg>
<doc>Fails if ``key`` is not found from ``dictionary``.</doc>
<status status="PASS" start="2024-07-08T17:13:20.017676" elapsed="0.000420"/>
</kw>
<kw name="Dictionary Should Contain Key" owner="Collections">
<arg>${json_data['results'][0]['login']}</arg>
<arg>${keyTwo}</arg>
<doc>Fails if ``key`` is not found from ``dictionary``.</doc>
<status status="PASS" start="2024-07-08T17:13:20.018287" elapsed="0.000378"/>
</kw>
<kw name="Log" owner="BuiltIn">
<msg time="2024-07-08T17:13:20.018970" level="INFO">username</msg>
<arg>${keyTwo}</arg>
<doc>Logs the given message with the given level.</doc>
<status status="PASS" start="2024-07-08T17:13:20.018849" elapsed="0.000158"/>
</kw>
<var name="${keyTwo}">username</var>
<status status="PASS" start="2024-07-08T17:13:20.017562" elapsed="0.001669"/>
</iter>
<iter>
<kw name="Dictionary Should Contain Key" owner="Collections">
<arg>${json_data['results'][0]['login']}</arg>
<arg>${keyTwo}</arg>
<doc>Fails if ``key`` is not found from ``dictionary``.</doc>
<status status="PASS" start="2024-07-08T17:13:20.019514" elapsed="0.000383"/>
</kw>
<kw name="Dictionary Should Contain Key" owner="Collections">
<arg>${json_data['results'][0]['login']}</arg>
<arg>${keyTwo}</arg>
<doc>Fails if ``key`` is not found from ``dictionary``.</doc>
<status status="PASS" start="2024-07-08T17:13:20.020074" elapsed="0.000360"/>
</kw>
<kw name="Log" owner="BuiltIn">
<msg time="2024-07-08T17:13:20.020727" level="INFO">password</msg>
<arg>${keyTwo}</arg>
<doc>Logs the given message with the given level.</doc>
<status status="PASS" start="2024-07-08T17:13:20.020609" elapsed="0.000160"/>
</kw>
<var name="${keyTwo}">password</var>
<status status="PASS" start="2024-07-08T17:13:20.019406" elapsed="0.001687"/>
</iter>
<var>${keyTwo}</var>
<value>@{expected_keysTwo}</value>
<status status="PASS" start="2024-07-08T17:13:20.017413" elapsed="0.003800"/>
</for>
<status status="PASS" start="2024-07-08T17:13:19.915031" elapsed="0.106321"/>
</kw>
<doc>Testa a estrutura da resposta da API.</doc>
<tag>testeEstruturaResposta</tag>
<status status="PASS" start="2024-07-08T17:13:19.914340" elapsed="0.107155"/>
</test>
<test id="s1-s1-t4" name="Validar tipos de dados" line="28">
<kw name="Teste de Tipos de Dados" owner="random-user-service">
<kw name="GET On Session" owner="RequestsLibrary">
<msg time="2024-07-08T17:13:20.088288" level="INFO">GET Request : url=https://randomuser.me/api 
 path_url=/api 
 headers={'User-Agent': 'python-requests/2.32.3', 'Accept-Encoding': 'gzip, deflate', 'Accept': '*/*', 'Connection': 'keep-alive'} 
 body=None 
 </msg>
<msg time="2024-07-08T17:13:20.088399" level="INFO">GET Response : url=https://randomuser.me/api 
 status=200, reason=OK 
 headers={'Date': 'Mon, 08 Jul 2024 17:13:20 GMT', 'Content-Type': 'application/json; charset=utf-8', 'Transfer-Encoding': 'chunked', 'Connection': 'keep-alive', 'X-Powered-By': 'Express', 'Access-Control-Allow-Origin': '*', 'Cache-Control': 'no-cache', 'ETag': 'W/"484-EEAuW3Quy/WHY4USgejmTpFgDkM"', 'Vary': 'Accept-Encoding', 'Content-Encoding': 'gzip', 'CF-Cache-Status': 'DYNAMIC', 'Report-To': '{"endpoints":[{"url":"https:\\/\\/a.nel.cloudflare.com\\/report\\/v4?s=SDKgL4J4kaT4FJNfzevA8iPtew0uSSPnkgkYP7O2blSlFLW7Bn835GUjkHoUcaqNKzWV3WY4I8JHWofJgR1RdgKtkXhh7TycIEg7hDQMGgZjBqxbG%2F13i3R5hFQWo%2Bly"}],"group":"cf-nel","max_age":604800}', 'NEL': '{"success_fraction":0,"report_to":"cf-nel","max_age":604800}', 'Server': 'cloudflare', 'CF-RAY': '8a01b44c2a3a2aba-ORD', 'alt-svc': 'h3=":443"; ma=86400'} 
 body={"results":[{"gender":"female","name":{"title":"Ms","first":"Sarah","last":"Webb"},"location":{"street":{"number":1607,"name":"Queen Street"},"city":"Chester","state":"Suffolk","country":"United Kingdom","postcode":"DR2 5QG","coordinates":{"latitude":"-8.9473","longitude":"150.2772"},"timezone":{"offset":"-3:30","description":"Newfoundland"}},"email":"sarah.webb@example.com","login":{"uuid":"dff52a3d-9d4d-42c9-8a19-2b2291e43240","username":"organiccat728","password":"backbone","salt":"1q1hVKdN","md5":"921a363d51e476011d3d01bbf6a3c448","sha1":"68404289e012615ba8fc9f590227747026bbe231","sha256":"73556bbb6de827caae20ac9b026596cced7177fa2d225a66914faf899f597b6d"},"dob":{"date":"1953-07-17T20:42:10.568Z","age":70},"registered":{"date":"2004-12-16T13:39:49.828Z","age":19},"phone":"016977 31335","cell":"07025 104888","id":{"name":"NINO","value":"OE 77 52 65 E"},"picture":{"large":"https://randomuser.me/api/portraits/women/55.jpg","medium":"https://randomuser.me/api/portraits/med/women/55.jpg","thumbnail":"https://randomuser.me/api/portraits/thumb/women/55.jpg"},"nat":"GB"}],"info":{"seed":"cc02589d682495dd","results":1,"page":1,"version":"1.4"}} 
 </msg>
<msg time="2024-07-08T17:13:20.088483" level="INFO">/opt/hostedtoolcache/Python/3.12.4/x64/lib/python3.12/site-packages/urllib3/connectionpool.py:1099: InsecureRequestWarning: Unverified HTTPS request is being made to host 'randomuser.me'. Adding certificate verification is strongly advised. See: https://urllib3.readthedocs.io/en/latest/advanced-usage.html#tls-warnings
  warnings.warn(</msg>
<msg time="2024-07-08T17:13:20.088618" level="INFO">${response} = &lt;Response [200]&gt;</msg>
<var>${response}</var>
<arg>consultarAPI</arg>
<arg>/api</arg>
<doc>Sends a GET request on a previously created HTTP Session.</doc>
<status status="PASS" start="2024-07-08T17:13:20.024020" elapsed="0.064640"/>
</kw>
<kw name="Set Variable" owner="BuiltIn">
<msg time="2024-07-08T17:13:20.089736" level="INFO">${json_data} = {'results': [{'gender': 'female', 'name': {'title': 'Ms', 'first': 'Sarah', 'last': 'Webb'}, 'location': {'street': {'number': 1607, 'name': 'Queen Street'}, 'city': 'Chester', 'state': 'Suffolk', 'co...</msg>
<var>${json_data}</var>
<arg>${response.json()}</arg>
<doc>Returns the given values which can then be assigned to a variables.</doc>
<status status="PASS" start="2024-07-08T17:13:20.089197" elapsed="0.000572"/>
</kw>
<kw name="Log" owner="BuiltIn">
<msg time="2024-07-08T17:13:20.090362" level="INFO">{'results': [{'gender': 'female', 'name': {'title': 'Ms', 'first': 'Sarah', 'last': 'Webb'}, 'location': {'street': {'number': 1607, 'name': 'Queen Street'}, 'city': 'Chester', 'state': 'Suffolk', 'country': 'United Kingdom', 'postcode': 'DR2 5QG', 'coordinates': {'latitude': '-8.9473', 'longitude': '150.2772'}, 'timezone': {'offset': '-3:30', 'description': 'Newfoundland'}}, 'email': 'sarah.webb@example.com', 'login': {'uuid': 'dff52a3d-9d4d-42c9-8a19-2b2291e43240', 'username': 'organiccat728', 'password': 'backbone', 'salt': '1q1hVKdN', 'md5': '921a363d51e476011d3d01bbf6a3c448', 'sha1': '68404289e012615ba8fc9f590227747026bbe231', 'sha256': '73556bbb6de827caae20ac9b026596cced7177fa2d225a66914faf899f597b6d'}, 'dob': {'date': '1953-07-17T20:42:10.568Z', 'age': 70}, 'registered': {'date': '2004-12-16T13:39:49.828Z', 'age': 19}, 'phone': '016977 31335', 'cell': '07025 104888', 'id': {'name': 'NINO', 'value': 'OE 77 52 65 E'}, 'picture': {'large': 'https://randomuser.me/api/portraits/women/55.jpg', 'medium': 'https://randomuser.me/api/portraits/med/women/55.jpg', 'thumbnail': 'https://randomuser.me/api/portraits/thumb/women/55.jpg'}, 'nat': 'GB'}], 'info': {'seed': 'cc02589d682495dd', 'results': 1, 'page': 1, 'version': '1.4'}}</msg>
<arg>${json_data}</arg>
<doc>Logs the given message with the given level.</doc>
<status status="PASS" start="2024-07-08T17:13:20.090187" elapsed="0.000224"/>
</kw>
<kw name="Should Be String" owner="String">
<arg>${json_data['results'][0]['gender']}</arg>
<doc>Fails if the given ``item`` is not a string.</doc>
<status status="PASS" start="2024-07-08T17:13:20.090718" elapsed="0.000372"/>
</kw>
<kw name="Should Match Regexp" owner="BuiltIn">
<arg>${json_data['results'][0]['email']}</arg>
<arg>^[a-zA-Z0-9._%+-]+@[a-zA-Z0-9.-]+\.[a-zA-Z]{2,}$</arg>
<doc>Fails if ``string`` does not match ``pattern`` as a regular expression.</doc>
<status status="PASS" start="2024-07-08T17:13:20.091281" elapsed="0.000520"/>
</kw>
<kw name="Should Match Regexp" owner="BuiltIn">
<arg>${json_data['results'][0]['dob']['date']}</arg>
<arg>\\d{4}-\\d{2}-\\d{2}T\\d{2}:\\d{2}:\\d{2}\\.\\d{3}Z</arg>
<doc>Fails if ``string`` does not match ``pattern`` as a regular expression.</doc>
<status status="PASS" start="2024-07-08T17:13:20.092036" elapsed="0.000510"/>
</kw>
<kw name="Should Match Regexp" owner="BuiltIn">
<arg>${json_data['results'][0]['registered']['date']}</arg>
<arg>\\d{4}-\\d{2}-\\d{2}T\\d{2}:\\d{2}:\\d{2}\\.\\d{3}Z</arg>
<doc>Fails if ``string`` does not match ``pattern`` as a regular expression.</doc>
<status status="PASS" start="2024-07-08T17:13:20.092737" elapsed="0.000367"/>
</kw>
<kw name="Should Match Regexp" owner="BuiltIn">
<arg>${json_data['results'][0]['picture']['large']}</arg>
<arg>^https?://.*\.(?:png|jpe?g|gif|bmp)$</arg>
<doc>Fails if ``string`` does not match ``pattern`` as a regular expression.</doc>
<status status="PASS" start="2024-07-08T17:13:20.093288" elapsed="0.000461"/>
</kw>
<kw name="Should Match Regexp" owner="BuiltIn">
<arg>${json_data['results'][0]['picture']['medium']}</arg>
<arg>^https?://.*\.(?:png|jpe?g|gif|bmp)$</arg>
<doc>Fails if ``string`` does not match ``pattern`` as a regular expression.</doc>
<status status="PASS" start="2024-07-08T17:13:20.093935" elapsed="0.000382"/>
</kw>
<kw name="Should Match Regexp" owner="BuiltIn">
<arg>${json_data['results'][0]['picture']['thumbnail']}</arg>
<arg>^https?://.*\.(?:png|jpe?g|gif|bmp)$</arg>
<doc>Fails if ``string`` does not match ``pattern`` as a regular expression.</doc>
<status status="PASS" start="2024-07-08T17:13:20.094500" elapsed="0.000358"/>
</kw>
<kw name="Log" owner="BuiltIn">
<msg time="2024-07-08T17:13:20.095368" level="INFO">{'large': 'https://randomuser.me/api/portraits/women/55.jpg', 'medium': 'https://randomuser.me/api/portraits/med/women/55.jpg', 'thumbnail': 'https://randomuser.me/api/portraits/thumb/women/55.jpg'}</msg>
<arg>${json_data['results'][0]['picture']}</arg>
<doc>Logs the given message with the given level.</doc>
<status status="PASS" start="2024-07-08T17:13:20.095039" elapsed="0.000372"/>
</kw>
<status status="PASS" start="2024-07-08T17:13:20.023803" elapsed="0.071873"/>
</kw>
<kw name="Teste de Tipos de Dados - Postcode" owner="random-user-service">
<kw name="GET On Session" owner="RequestsLibrary">
<msg time="2024-07-08T17:13:20.232061" level="INFO">GET Request : url=https://randomuser.me/api 
 path_url=/api 
 headers={'User-Agent': 'python-requests/2.32.3', 'Accept-Encoding': 'gzip, deflate', 'Accept': '*/*', 'Connection': 'keep-alive'} 
 body=None 
 </msg>
<msg time="2024-07-08T17:13:20.232156" level="INFO">GET Response : url=https://randomuser.me/api 
 status=200, reason=OK 
 headers={'Date': 'Mon, 08 Jul 2024 17:13:20 GMT', 'Content-Type': 'application/json; charset=utf-8', 'Transfer-Encoding': 'chunked', 'Connection': 'keep-alive', 'X-Powered-By': 'Express', 'Access-Control-Allow-Origin': '*', 'Cache-Control': 'no-cache', 'ETag': 'W/"47f-eOYUW5YdxgX1ZKqMX85er7pDROE"', 'Vary': 'Accept-Encoding', 'Content-Encoding': 'gzip', 'CF-Cache-Status': 'DYNAMIC', 'Report-To': '{"endpoints":[{"url":"https:\\/\\/a.nel.cloudflare.com\\/report\\/v4?s=y%2BQOWSs23cNM11l6hMVrnKKwYO47gfiytMbAYxzwYod52oqEl2HMI7d8auHFEUmd0EotYSADG6PiB4XxIHT3aLguqInYhglfh9GXTfYv02IUmX%2FtgQ1rn5vFG7nRMhN1"}],"group":"cf-nel","max_age":604800}', 'NEL': '{"success_fraction":0,"report_to":"cf-nel","max_age":604800}', 'Server': 'cloudflare', 'CF-RAY': '8a01b44c9ad22aba-ORD', 'alt-svc': 'h3=":443"; ma=86400'} 
 body={"results":[{"gender":"male","name":{"title":"Mr","first":"Gauthier","last":"Caron"},"location":{"street":{"number":4516,"name":"Rue de L'Abbé-Carton"},"city":"Nîmes","state":"Bas-Rhin","country":"France","postcode":13088,"coordinates":{"latitude":"-14.2779","longitude":"-25.7721"},"timezone":{"offset":"+4:30","description":"Kabul"}},"email":"gauthier.caron@example.com","login":{"uuid":"52a78a10-28da-409c-92e9-4f10e5733b14","username":"tinymouse376","password":"bonjour","salt":"jF1ObLWt","md5":"82a3dab68798a523430aaa4e9cc8d65e","sha1":"190f2cd662d4e12ee310b832c176a4d27cfb2f66","sha256":"6d3f647973639a0e66da2f5d98575449cc3bf4b98db4de051502a9d5e6f032b7"},"dob":{"date":"2000-11-30T23:51:58.391Z","age":23},"registered":{"date":"2004-07-17T09:56:17.708Z","age":19},"phone":"05-34-22-70-29","cell":"06-74-65-01-71","id":{"name":"INSEE","value":"11001029841966 82"},"picture":{"large":"https://randomuser.me/api/portraits/men/4.jpg","medium":"https://randomuser.me/api/portraits/med/men/4.jpg","thumbnail":"https://randomuser.me/api/portraits/thumb/men/4.jpg"},"nat":"FR"}],"info":{"seed":"b2a26e3d156e1015","results":1,"page":1,"version":"1.4"}} 
 </msg>
<msg time="2024-07-08T17:13:20.232219" level="INFO">/opt/hostedtoolcache/Python/3.12.4/x64/lib/python3.12/site-packages/urllib3/connectionpool.py:1099: InsecureRequestWarning: Unverified HTTPS request is being made to host 'randomuser.me'. Adding certificate verification is strongly advised. See: https://urllib3.readthedocs.io/en/latest/advanced-usage.html#tls-warnings
  warnings.warn(</msg>
<msg time="2024-07-08T17:13:20.232317" level="INFO">${response} = &lt;Response [200]&gt;</msg>
<var>${response}</var>
<arg>consultarAPI</arg>
<arg>/api</arg>
<doc>Sends a GET request on a previously created HTTP Session.</doc>
<status status="PASS" start="2024-07-08T17:13:20.096144" elapsed="0.136206"/>
</kw>
<kw name="Set Variable" owner="BuiltIn">
<msg time="2024-07-08T17:13:20.233245" level="INFO">${json_data} = {'results': [{'gender': 'male', 'name': {'title': 'Mr', 'first': 'Gauthier', 'last': 'Caron'}, 'location': {'street': {'number': 4516, 'name': "Rue de L'Abbé-Carton"}, 'city': 'Nîmes', 'state': 'Bas-R...</msg>
<var>${json_data}</var>
<arg>${response.json()}</arg>
<doc>Returns the given values which can then be assigned to a variables.</doc>
<status status="PASS" start="2024-07-08T17:13:20.232765" elapsed="0.000510"/>
</kw>
<kw name="Log" owner="BuiltIn">
<msg time="2024-07-08T17:13:20.233745" level="INFO">{'results': [{'gender': 'male', 'name': {'title': 'Mr', 'first': 'Gauthier', 'last': 'Caron'}, 'location': {'street': {'number': 4516, 'name': "Rue de L'Abbé-Carton"}, 'city': 'Nîmes', 'state': 'Bas-Rhin', 'country': 'France', 'postcode': 13088, 'coordinates': {'latitude': '-14.2779', 'longitude': '-25.7721'}, 'timezone': {'offset': '+4:30', 'description': 'Kabul'}}, 'email': 'gauthier.caron@example.com', 'login': {'uuid': '52a78a10-28da-409c-92e9-4f10e5733b14', 'username': 'tinymouse376', 'password': 'bonjour', 'salt': 'jF1ObLWt', 'md5': '82a3dab68798a523430aaa4e9cc8d65e', 'sha1': '190f2cd662d4e12ee310b832c176a4d27cfb2f66', 'sha256': '6d3f647973639a0e66da2f5d98575449cc3bf4b98db4de051502a9d5e6f032b7'}, 'dob': {'date': '2000-11-30T23:51:58.391Z', 'age': 23}, 'registered': {'date': '2004-07-17T09:56:17.708Z', 'age': 19}, 'phone': '05-34-22-70-29', 'cell': '06-74-65-01-71', 'id': {'name': 'INSEE', 'value': '11001029841966 82'}, 'picture': {'large': 'https://randomuser.me/api/portraits/men/4.jpg', 'medium': 'https://randomuser.me/api/portraits/med/men/4.jpg', 'thumbnail': 'https://randomuser.me/api/portraits/thumb/men/4.jpg'}, 'nat': 'FR'}], 'info': {'seed': 'b2a26e3d156e1015', 'results': 1, 'page': 1, 'version': '1.4'}}</msg>
<arg>${json_data}</arg>
<doc>Logs the given message with the given level.</doc>
<status status="PASS" start="2024-07-08T17:13:20.233581" elapsed="0.000214"/>
</kw>
<kw name="Should Be Equal As Numbers" owner="BuiltIn">
<arg>${json_data['results'][0]['location']['postcode']}</arg>
<arg>${json_data['results'][0]['location']['postcode']}</arg>
<doc>Fails if objects are unequal after converting them to real numbers.</doc>
<status status="PASS" start="2024-07-08T17:13:20.234131" elapsed="0.000650"/>
</kw>
<kw name="Log" owner="BuiltIn">
<msg time="2024-07-08T17:13:20.235461" level="INFO">13088</msg>
<arg>${json_data['results'][0]['location']['postcode']}</arg>
<doc>Logs the given message with the given level.</doc>
<status status="PASS" start="2024-07-08T17:13:20.234974" elapsed="0.000527"/>
</kw>
<status status="PASS" start="2024-07-08T17:13:20.095912" elapsed="0.139874"/>
</kw>
<doc>Testa se os tipos de dados na resposta da API estão corretos.</doc>
<tag>testeTiposDados</tag>
<status status="PASS" start="2024-07-08T17:13:20.023271" elapsed="0.212687"/>
</test>
<test id="s1-s1-t5" name="Validar conteudo" line="35">
<kw name="Teste de Tipos de Conteudo" owner="random-user-service">
<kw name="GET On Session" owner="RequestsLibrary">
<msg time="2024-07-08T17:13:20.320058" level="INFO">GET Request : url=https://randomuser.me/api 
 path_url=/api 
 headers={'User-Agent': 'python-requests/2.32.3', 'Accept-Encoding': 'gzip, deflate', 'Accept': '*/*', 'Connection': 'keep-alive'} 
 body=None 
 </msg>
<msg time="2024-07-08T17:13:20.320127" level="INFO">GET Response : url=https://randomuser.me/api 
 status=200, reason=OK 
 headers={'Date': 'Mon, 08 Jul 2024 17:13:20 GMT', 'Content-Type': 'application/json; charset=utf-8', 'Transfer-Encoding': 'chunked', 'Connection': 'keep-alive', 'X-Powered-By': 'Express', 'Access-Control-Allow-Origin': '*', 'Cache-Control': 'no-cache', 'ETag': 'W/"473-swcYkGAiUvrwLudxeOUnmLu+cRs"', 'Vary': 'Accept-Encoding', 'Content-Encoding': 'gzip', 'CF-Cache-Status': 'DYNAMIC', 'Report-To': '{"endpoints":[{"url":"https:\\/\\/a.nel.cloudflare.com\\/report\\/v4?s=sHxCvh0FD1HwQMapBRIGsQhaz2NKyZsKKOM9xA2UtA5irw%2Bol22TWW0Rvxz9gH2oqrPUd1HTQpqQt840yHVaKf4TeRQKnS1up%2Fl18hTCx6ciK6RDfdqxVhOw2lehF2rT"}],"group":"cf-nel","max_age":604800}', 'NEL': '{"success_fraction":0,"report_to":"cf-nel","max_age":604800}', 'Server': 'cloudflare', 'CF-RAY': '8a01b44d7bec2aba-ORD', 'alt-svc': 'h3=":443"; ma=86400'} 
 body={"results":[{"gender":"male","name":{"title":"Mr","first":"Lloyd","last":"Cox"},"location":{"street":{"number":109,"name":"Sunset St"},"city":"Kansas City","state":"Missouri","country":"United States","postcode":86164,"coordinates":{"latitude":"85.3125","longitude":"-76.7499"},"timezone":{"offset":"+5:45","description":"Kathmandu"}},"email":"lloyd.cox@example.com","login":{"uuid":"a2c0c77d-3fc8-4c5f-bcfc-b44ceb2ba352","username":"yellowrabbit721","password":"sambo","salt":"n7XFXu8D","md5":"063c36d55303533d6223614721458366","sha1":"0e0eda51b999cda284ee23278d28687c17b32e4d","sha256":"3bc2ff1ba6a0969e8b1a39baa9c659c3b8313a87216ea53a331eb8f5b68a626f"},"dob":{"date":"1959-11-06T18:21:56.502Z","age":64},"registered":{"date":"2008-06-15T08:50:29.558Z","age":16},"phone":"(961) 762-3107","cell":"(325) 383-8060","id":{"name":"SSN","value":"488-66-3539"},"picture":{"large":"https://randomuser.me/api/portraits/men/77.jpg","medium":"https://randomuser.me/api/portraits/med/men/77.jpg","thumbnail":"https://randomuser.me/api/portraits/thumb/men/77.jpg"},"nat":"US"}],"info":{"seed":"f0908b2321f1c782","results":1,"page":1,"version":"1.4"}} 
 </msg>
<msg time="2024-07-08T17:13:20.320188" level="INFO">/opt/hostedtoolcache/Python/3.12.4/x64/lib/python3.12/site-packages/urllib3/connectionpool.py:1099: InsecureRequestWarning: Unverified HTTPS request is being made to host 'randomuser.me'. Adding certificate verification is strongly advised. See: https://urllib3.readthedocs.io/en/latest/advanced-usage.html#tls-warnings
  warnings.warn(</msg>
<msg time="2024-07-08T17:13:20.320281" level="INFO">${response} = &lt;Response [200]&gt;</msg>
<var>${response}</var>
<arg>consultarAPI</arg>
<arg>/api</arg>
<doc>Sends a GET request on a previously created HTTP Session.</doc>
<status status="PASS" start="2024-07-08T17:13:20.238415" elapsed="0.081908"/>
</kw>
<kw name="Set Variable" owner="BuiltIn">
<msg time="2024-07-08T17:13:20.321327" level="INFO">${json_data} = {'results': [{'gender': 'male', 'name': {'title': 'Mr', 'first': 'Lloyd', 'last': 'Cox'}, 'location': {'street': {'number': 109, 'name': 'Sunset St'}, 'city': 'Kansas City', 'state': 'Missouri', 'coun...</msg>
<var>${json_data}</var>
<arg>${response.json()}</arg>
<doc>Returns the given values which can then be assigned to a variables.</doc>
<status status="PASS" start="2024-07-08T17:13:20.320777" elapsed="0.000578"/>
</kw>
<kw name="Set Variable" owner="BuiltIn">
<msg time="2024-07-08T17:13:20.322078" level="INFO">${name_title} = Mr</msg>
<var>${name_title}</var>
<arg>${json_data["results"][0]["name"]["title"]}</arg>
<doc>Returns the given values which can then be assigned to a variables.</doc>
<status status="PASS" start="2024-07-08T17:13:20.321662" elapsed="0.000452"/>
</kw>
<kw name="Create List" owner="BuiltIn">
<msg time="2024-07-08T17:13:20.322565" level="INFO">${allowed_titles} = ['Mr', 'Ms', 'Miss', 'Mrs', 'Madame', 'Monsieur']</msg>
<var>${allowed_titles}</var>
<arg>Mr</arg>
<arg>Ms</arg>
<arg>Miss</arg>
<arg>Mrs</arg>
<arg>Madame</arg>
<arg>Monsieur</arg>
<doc>Returns a list containing given items.</doc>
<status status="PASS" start="2024-07-08T17:13:20.322417" elapsed="0.000173"/>
</kw>
<kw name="List Should Contain Value" owner="Collections">
<arg>${allowed_titles}</arg>
<arg>${name_title}</arg>
<doc>Fails if the ``value`` is not found from ``list``.</doc>
<status status="PASS" start="2024-07-08T17:13:20.322892" elapsed="0.000177"/>
</kw>
<kw name="Set Variable" owner="BuiltIn">
<msg time="2024-07-08T17:13:20.323616" level="INFO">${name_country} = US</msg>
<var>${name_country}</var>
<arg>${json_data["results"][0]["nat"]}</arg>
<doc>Returns the given values which can then be assigned to a variables.</doc>
<status status="PASS" start="2024-07-08T17:13:20.323252" elapsed="0.000389"/>
</kw>
<kw name="Create List" owner="BuiltIn">
<msg time="2024-07-08T17:13:20.324522" level="INFO">${list_country} = ['AD', 'AE', 'AF', 'AG', 'AI', 'AL', 'AM', 'AO', 'AQ', 'AR', 'AS', 'AT', 'AU', 'AW', 'AX', 'AZ', 'BA', 'BB', 'BD', 'BE', 'BF', 'BG', 'BH', 'BI', 'BJ', 'BL', 'BM', 'BN', 'BO', 'BQ', 'BR', 'BS', 'BT', '...</msg>
<var>${list_country}</var>
<arg>AD</arg>
<arg>AE</arg>
<arg>AF</arg>
<arg>AG</arg>
<arg>AI</arg>
<arg>AL</arg>
<arg>AM</arg>
<arg>AO</arg>
<arg>AQ</arg>
<arg>AR</arg>
<arg>AS</arg>
<arg>AT</arg>
<arg>AU</arg>
<arg>AW</arg>
<arg>AX</arg>
<arg>AZ</arg>
<arg>BA</arg>
<arg>BB</arg>
<arg>BD</arg>
<arg>BE</arg>
<arg>BF</arg>
<arg>BG</arg>
<arg>BH</arg>
<arg>BI</arg>
<arg>BJ</arg>
<arg>BL</arg>
<arg>BM</arg>
<arg>BN</arg>
<arg>BO</arg>
<arg>BQ</arg>
<arg>BR</arg>
<arg>BS</arg>
<arg>BT</arg>
<arg>BV</arg>
<arg>BW</arg>
<arg>BY</arg>
<arg>BZ</arg>
<arg>CA</arg>
<arg>CC</arg>
<arg>CD</arg>
<arg>CF</arg>
<arg>CG</arg>
<arg>CH</arg>
<arg>CI</arg>
<arg>CK</arg>
<arg>CL</arg>
<arg>CM</arg>
<arg>CN</arg>
<arg>CO</arg>
<arg>CR</arg>
<arg>CU</arg>
<arg>CV</arg>
<arg>CW</arg>
<arg>CX</arg>
<arg>CY</arg>
<arg>CZ</arg>
<arg>DE</arg>
<arg>DJ</arg>
<arg>DK</arg>
<arg>DM</arg>
<arg>DO</arg>
<arg>DZ</arg>
<arg>EC</arg>
<arg>EE</arg>
<arg>EG</arg>
<arg>EH</arg>
<arg>ER</arg>
<arg>ES</arg>
<arg>ET</arg>
<arg>FI</arg>
<arg>FJ</arg>
<arg>FK</arg>
<arg>FM</arg>
<arg>FO</arg>
<arg>FR</arg>
<arg>GA</arg>
<arg>GB</arg>
<arg>GD</arg>
<arg>GE</arg>
<arg>GF</arg>
<arg>GG</arg>
<arg>GH</arg>
<arg>GI</arg>
<arg>GL</arg>
<arg>GM</arg>
<arg>GN</arg>
<arg>GP</arg>
<arg>GQ</arg>
<arg>GR</arg>
<arg>GS</arg>
<arg>GT</arg>
<arg>GU</arg>
<arg>GW</arg>
<arg>GY</arg>
<arg>HK</arg>
<arg>HM</arg>
<arg>HN</arg>
<arg>HR</arg>
<arg>HT</arg>
<arg>HU</arg>
<arg>ID</arg>
<arg>IE</arg>
<arg>IL</arg>
<arg>IM</arg>
<arg>IN</arg>
<arg>IO</arg>
<arg>IQ</arg>
<arg>IR</arg>
<arg>IS</arg>
<arg>IT</arg>
<arg>JE</arg>
<arg>JM</arg>
<arg>JO</arg>
<arg>JP</arg>
<arg>KE</arg>
<arg>KG</arg>
<arg>KH</arg>
<arg>KI</arg>
<arg>KM</arg>
<arg>KN</arg>
<arg>KP</arg>
<arg>KR</arg>
<arg>KW</arg>
<arg>KY</arg>
<arg>KZ</arg>
<arg>LA</arg>
<arg>LB</arg>
<arg>LC</arg>
<arg>LI</arg>
<arg>LK</arg>
<arg>LR</arg>
<arg>LS</arg>
<arg>LT</arg>
<arg>LU</arg>
<arg>LV</arg>
<arg>LY</arg>
<arg>MA</arg>
<arg>MC</arg>
<arg>MD</arg>
<arg>ME</arg>
<arg>MF</arg>
<arg>MG</arg>
<arg>MH</arg>
<arg>MK</arg>
<arg>ML</arg>
<arg>MM</arg>
<arg>MN</arg>
<arg>MO</arg>
<arg>MP</arg>
<arg>MQ</arg>
<arg>MR</arg>
<arg>MS</arg>
<arg>MT</arg>
<arg>MU</arg>
<arg>MV</arg>
<arg>MW</arg>
<arg>MX</arg>
<arg>MY</arg>
<arg>MZ</arg>
<arg>NA</arg>
<arg>NC</arg>
<arg>NE</arg>
<arg>NF</arg>
<arg>NG</arg>
<arg>NI</arg>
<arg>NL</arg>
<arg>NO</arg>
<arg>NP</arg>
<arg>NR</arg>
<arg>NU</arg>
<arg>NZ</arg>
<arg>OM</arg>
<arg>PA</arg>
<arg>PE</arg>
<arg>PF</arg>
<arg>PG</arg>
<arg>PH</arg>
<arg>PK</arg>
<arg>PL</arg>
<arg>PM</arg>
<arg>PN</arg>
<arg>PR</arg>
<arg>PS</arg>
<arg>PT</arg>
<arg>PW</arg>
<arg>PY</arg>
<arg>QA</arg>
<arg>RE</arg>
<arg>RO</arg>
<arg>RS</arg>
<arg>RU</arg>
<arg>RW</arg>
<arg>SA</arg>
<arg>SB</arg>
<arg>SC</arg>
<arg>SD</arg>
<arg>SE</arg>
<arg>SG</arg>
<arg>SH</arg>
<arg>SI</arg>
<arg>SJ</arg>
<arg>SK</arg>
<arg>SL</arg>
<arg>SM</arg>
<arg>SN</arg>
<arg>SO</arg>
<arg>SR</arg>
<arg>SS</arg>
<arg>ST</arg>
<arg>SV</arg>
<arg>SX</arg>
<arg>SY</arg>
<arg>SZ</arg>
<arg>TC</arg>
<arg>TD</arg>
<arg>TF</arg>
<arg>TG</arg>
<arg>TH</arg>
<arg>TJ</arg>
<arg>TK</arg>
<arg>TL</arg>
<arg>TM</arg>
<arg>TN</arg>
<arg>TO</arg>
<arg>TR</arg>
<arg>TT</arg>
<arg>TV</arg>
<arg>TW</arg>
<arg>TZ</arg>
<arg>UA</arg>
<arg>UG</arg>
<arg>UM</arg>
<arg>US</arg>
<arg>UY</arg>
<arg>UZ</arg>
<arg>VA</arg>
<arg>VC</arg>
<arg>VE</arg>
<arg>VG</arg>
<arg>VI</arg>
<arg>VN</arg>
<arg>VU</arg>
<arg>WF</arg>
<arg>WS</arg>
<arg>XK</arg>
<arg>YE</arg>
<arg>YT</arg>
<arg>ZA</arg>
<arg>ZM</arg>
<arg>ZW</arg>
<doc>Returns a list containing given items.</doc>
<status status="PASS" start="2024-07-08T17:13:20.323927" elapsed="0.000620"/>
</kw>
<kw name="List Should Contain Value" owner="Collections">
<arg>${list_country}</arg>
<arg>${name_country}</arg>
<doc>Fails if the ``value`` is not found from ``list``.</doc>
<status status="PASS" start="2024-07-08T17:13:20.325337" elapsed="0.000203"/>
</kw>
<kw name="Run Keyword If" owner="BuiltIn">
<kw name="Should Be True" owner="BuiltIn">
<arg>${True}</arg>
<doc>Fails if the given condition is not true.</doc>
<status status="PASS" start="2024-07-08T17:13:20.326518" elapsed="0.000143"/>
</kw>
<arg>${json_data["results"][0]["location"]["coordinates"]["latitude"]} &gt;= -90 and ${json_data["results"][0]["location"]["coordinates"]["latitude"]} &lt;= 90</arg>
<arg>Should Be True</arg>
<arg>${True}</arg>
<doc>Runs the given keyword with the given arguments, if ``condition`` is true.</doc>
<status status="PASS" start="2024-07-08T17:13:20.325732" elapsed="0.001053"/>
</kw>
<kw name="Run Keyword If" owner="BuiltIn">
<kw name="Should Be True" owner="BuiltIn">
<arg>${True}</arg>
<doc>Fails if the given condition is not true.</doc>
<status status="PASS" start="2024-07-08T17:13:20.327653" elapsed="0.000229"/>
</kw>
<arg>${json_data["results"][0]["location"]["coordinates"]["longitude"]} &gt;= -180 and ${json_data["results"][0]["location"]["coordinates"]["longitude"]} &lt;= 180</arg>
<arg>Should Be True</arg>
<arg>${True}</arg>
<doc>Runs the given keyword with the given arguments, if ``condition`` is true.</doc>
<status status="PASS" start="2024-07-08T17:13:20.326966" elapsed="0.001043"/>
</kw>
<status status="PASS" start="2024-07-08T17:13:20.238197" elapsed="0.089941"/>
</kw>
<doc>Testa o conteúdo específico dos campos retornados pela API.</doc>
<tag>testeConteudo</tag>
<status status="PASS" start="2024-07-08T17:13:20.237704" elapsed="0.090577"/>
</test>
<status status="PASS" start="2024-07-08T17:13:19.081193" elapsed="1.249025"/>
</suite>
<status status="PASS" start="2024-07-08T17:13:19.066794" elapsed="1.268390"/>
</suite>
<statistics>
<total>
<stat pass="5" fail="0" skip="0">All Tests</stat>
</total>
<tag>
<stat pass="1" fail="0" skip="0">testeConteudo</stat>
<stat pass="1" fail="0" skip="0">testeEstruturaResposta</stat>
<stat pass="1" fail="0" skip="0">testeRequisicaoBasica</stat>
<stat pass="1" fail="0" skip="0">testeTiposDados</stat>
</tag>
<suite>
<stat pass="5" fail="0" skip="0" id="s1" name="Tests">Tests</stat>
<stat pass="5" fail="0" skip="0" id="s1-s1" name="Random-User-Test">Tests.Random-User-Test</stat>
</suite>
</statistics>
<errors>
</errors>
</robot>
