<?xml version="1.0" encoding="UTF-8"?>
<robot generator="Robot 7.0 (Python 3.12.2 on linux)" generated="2024-03-24T15:12:16.899199" rpa="false" schemaversion="5">
<suite id="s1" name="Tests" source="/home/runner/work/DesafioQAItauRogerioJordao/DesafioQAItauRogerioJordao/RamdonUser/tests">
<suite id="s1-s1" name="Random-User-Test" source="/home/runner/work/DesafioQAItauRogerioJordao/DesafioQAItauRogerioJordao/RamdonUser/tests/random-user-test.robot">
<test id="s1-s1-t1" name="Conectar" line="13">
<kw name="Conectar API" owner="random-user-service">
<kw name="Create Session" owner="RequestsLibrary">
<msg time="2024-03-24T15:12:17.271924" level="INFO">Creating Session using : alias=consultarAPI, url=https://randomuser.me/, headers={},                     cookies={}, auth=None, timeout=None, proxies=None, verify=False,                     debug=0 </msg>
<arg>consultarAPI</arg>
<arg>${URL}</arg>
<doc>Create Session: create a HTTP session to a server</doc>
<status status="PASS" start="2024-03-24T15:12:17.271706" elapsed="0.000426"/>
</kw>
<status status="PASS" start="2024-03-24T15:12:17.270598" elapsed="0.001930"/>
</kw>
<status status="PASS" start="2024-03-24T15:12:17.269936" elapsed="0.002806"/>
</test>
<test id="s1-s1-t2" name="Validar retorno 200 e JSON Válido" line="16">
<kw name="Teste de Requisicao Basica" owner="random-user-service">
<kw name="GET On Session" owner="RequestsLibrary">
<msg time="2024-03-24T15:12:17.368193" level="INFO">GET Request : url=https://randomuser.me/api 
 path_url=/api 
 headers={'User-Agent': 'python-requests/2.31.0', 'Accept-Encoding': 'gzip, deflate', 'Accept': '*/*', 'Connection': 'keep-alive'} 
 body=None 
 </msg>
<msg time="2024-03-24T15:12:17.368358" level="INFO">GET Response : url=https://randomuser.me/api 
 status=200, reason=OK 
 headers={'Date': 'Sun, 24 Mar 2024 15:12:17 GMT', 'Content-Type': 'application/json; charset=utf-8', 'Transfer-Encoding': 'chunked', 'Connection': 'keep-alive', 'X-Powered-By': 'Express', 'Access-Control-Allow-Origin': '*', 'Cache-Control': 'no-cache', 'ETag': 'W/"49f-XQBx40HOOQtAHjF5tBGX6MW33to"', 'Vary': 'Accept-Encoding', 'Content-Encoding': 'gzip', 'CF-Cache-Status': 'DYNAMIC', 'Report-To': '{"endpoints":[{"url":"https:\\/\\/a.nel.cloudflare.com\\/report\\/v4?s=rrTEgG6FRVdF7nUwhZkEzyXE6sN9QZ1IeL1tBF2RqLmJhuuKECetq1c89xyHXRoV6dbZBrE5SF5x1g%2BgPT%2BEsNSeX0zb%2BbTsgslK1Z2m2etsDNWGTcw4eXPSqV2gfIKa"}],"group":"cf-nel","max_age":604800}', 'NEL': '{"success_fraction":0,"report_to":"cf-nel","max_age":604800}', 'Server': 'cloudflare', 'CF-RAY': '8697993c3ce92a99-ORD', 'alt-svc': 'h3=":443"; ma=86400'} 
 body={"results":[{"gender":"male","name":{"title":"Mr","first":"Valtteri","last":"Hannula"},"location":{"street":{"number":5506,"name":"Otavalankatu"},"city":"Kesälahti","state":"Satakunta","country":"Finland","postcode":38636,"coordinates":{"latitude":"-28.6461","longitude":"-43.5337"},"timezone":{"offset":"+11:00","description":"Magadan, Solomon Islands, New Caledonia"}},"email":"valtteri.hannula@example.com","login":{"uuid":"e1f884a5-a6ee-461f-8975-e80b86673834","username":"lazygoose892","password":"maxmax","salt":"Ny46Ah7a","md5":"dba743527d4650ee46044cc706ff74a2","sha1":"d6967d5eb4ea66dd00cbe65ac7f8a204b44ed709","sha256":"605a4810275797aaad3366969899a98f3dd0710a0b95cd8a192746e5846f65d3"},"dob":{"date":"1975-07-12T10:54:48.349Z","age":48},"registered":{"date":"2003-04-27T21:59:00.028Z","age":20},"phone":"06-344-252","cell":"043-302-69-05","id":{"name":"HETU","value":"NaNNA603undefined"},"picture":{"large":"https://randomuser.me/api/portraits/men/73.jpg","medium":"https://randomuser.me/api/portraits/med/men/73.jpg","thumbnail":"https://randomuser.me/api/portraits/thumb/men/73.jpg"},"nat":"FI"}],"info":{"seed":"5c45e38c3396c860","results":1,"page":1,"version":"1.4"}} 
 </msg>
<msg time="2024-03-24T15:12:17.368475" level="INFO">/opt/hostedtoolcache/Python/3.12.2/x64/lib/python3.12/site-packages/urllib3/connectionpool.py:1103: InsecureRequestWarning: Unverified HTTPS request is being made to host 'randomuser.me'. Adding certificate verification is strongly advised. See: https://urllib3.readthedocs.io/en/latest/advanced-usage.html#tls-warnings
  warnings.warn(</msg>
<msg time="2024-03-24T15:12:17.368625" level="INFO">${response} = &lt;Response [200]&gt;</msg>
<var>${response}</var>
<arg>consultarAPI</arg>
<arg>/api</arg>
<doc>Sends a GET request on a previously created HTTP Session.</doc>
<status status="PASS" start="2024-03-24T15:12:17.275372" elapsed="0.093296"/>
</kw>
<kw name="Should Be Equal As Numbers" owner="BuiltIn">
<msg time="2024-03-24T15:12:17.369896" level="INFO">Argument types are:
&lt;class 'int'&gt;
&lt;class 'str'&gt;</msg>
<arg>${response.status_code}</arg>
<arg>200</arg>
<doc>Fails if objects are unequal after converting them to real numbers.</doc>
<status status="PASS" start="2024-03-24T15:12:17.369372" elapsed="0.000595"/>
</kw>
<kw name="Log" owner="BuiltIn">
<msg time="2024-03-24T15:12:17.370742" level="INFO">200</msg>
<arg>${response.status_code}</arg>
<doc>Logs the given message with the given level.</doc>
<status status="PASS" start="2024-03-24T15:12:17.370320" elapsed="0.000467"/>
</kw>
<kw name="Set Variable" owner="BuiltIn">
<msg time="2024-03-24T15:12:17.371580" level="INFO">${json_data} = {'results': [{'gender': 'male', 'name': {'title': 'Mr', 'first': 'Valtteri', 'last': 'Hannula'}, 'location': {'street': {'number': 5506, 'name': 'Otavalankatu'}, 'city': 'Kesälahti', 'state': 'Satakun...</msg>
<var>${json_data}</var>
<arg>${response.json()}</arg>
<doc>Returns the given values which can then be assigned to a variables.</doc>
<status status="PASS" start="2024-03-24T15:12:17.371118" elapsed="0.000492"/>
</kw>
<kw name="Dictionary Should Contain Key" owner="Collections">
<msg time="2024-03-24T15:12:17.372093" level="INFO">False</msg>
<arg>${json_data}</arg>
<arg>results</arg>
<doc>Fails if ``key`` is not found from ``dictionary``.</doc>
<status status="PASS" start="2024-03-24T15:12:17.371918" elapsed="0.000215"/>
</kw>
<status status="PASS" start="2024-03-24T15:12:17.275114" elapsed="0.097310"/>
</kw>
<doc>Testa se a API responde corretamente e retorna um objeto JSON válido.</doc>
<tag>testeRequisicaoBasica</tag>
<status status="PASS" start="2024-03-24T15:12:17.274628" elapsed="0.098021"/>
</test>
<test id="s1-s1-t3" name="Validar estrutura de resposta" line="22">
<kw name="Teste de Estrutura de Resposta" owner="random-user-service">
<kw name="GET On Session" owner="RequestsLibrary">
<msg time="2024-03-24T15:12:17.474048" level="INFO">GET Request : url=https://randomuser.me/api 
 path_url=/api 
 headers={'User-Agent': 'python-requests/2.31.0', 'Accept-Encoding': 'gzip, deflate', 'Accept': '*/*', 'Connection': 'keep-alive'} 
 body=None 
 </msg>
<msg time="2024-03-24T15:12:17.474167" level="INFO">GET Response : url=https://randomuser.me/api 
 status=200, reason=OK 
 headers={'Date': 'Sun, 24 Mar 2024 15:12:17 GMT', 'Content-Type': 'application/json; charset=utf-8', 'Transfer-Encoding': 'chunked', 'Connection': 'keep-alive', 'X-Powered-By': 'Express', 'Access-Control-Allow-Origin': '*', 'Cache-Control': 'no-cache', 'ETag': 'W/"483-dj9ybPdx6XiYx9xckQ9Lv6u8snQ"', 'Vary': 'Accept-Encoding', 'Content-Encoding': 'gzip', 'CF-Cache-Status': 'DYNAMIC', 'Report-To': '{"endpoints":[{"url":"https:\\/\\/a.nel.cloudflare.com\\/report\\/v4?s=IDvYpGsvjvARuE3%2FQcVORk0YnRqTmbopdSLZz7R%2Bb7u7ak3gPBaQ5sOGjvEvYk5AU1Kuryo6ZMQYQDkiSI0MxdYPb9n1m14UufQFc0A%2FK4zd74VB7RCZg%2BJtENizqVPc"}],"group":"cf-nel","max_age":604800}', 'NEL': '{"success_fraction":0,"report_to":"cf-nel","max_age":604800}', 'Server': 'cloudflare', 'CF-RAY': '8697993c9d412a99-ORD', 'alt-svc': 'h3=":443"; ma=86400'} 
 body={"results":[{"gender":"male","name":{"title":"Mr","first":"Rusan","last":"Samborskiy"},"location":{"street":{"number":8039,"name":"Svobodi"},"city":"Sinelnikove","state":"Dnipropetrovska","country":"Ukraine","postcode":10116,"coordinates":{"latitude":"77.4833","longitude":"-62.5963"},"timezone":{"offset":"-1:00","description":"Azores, Cape Verde Islands"}},"email":"rusan.samborskiy@example.com","login":{"uuid":"bb6c3c20-2718-4f51-877e-2a12b3760954","username":"lazywolf252","password":"iwantu","salt":"lChH7weI","md5":"74e4ff76a8ca490e3c0fac30b12f1a81","sha1":"f5d90cb04c589a8df864bd40f2b77c009f5778b4","sha256":"768a0de2e051694bca0a5af4669dc8ecacf1215f5cc0709e37308162c6b0246d"},"dob":{"date":"1981-09-07T12:19:36.074Z","age":42},"registered":{"date":"2004-01-09T00:33:13.153Z","age":20},"phone":"(098) F43-0633","cell":"(097) J42-8604","id":{"name":"","value":null},"picture":{"large":"https://randomuser.me/api/portraits/men/17.jpg","medium":"https://randomuser.me/api/portraits/med/men/17.jpg","thumbnail":"https://randomuser.me/api/portraits/thumb/men/17.jpg"},"nat":"UA"}],"info":{"seed":"3c0381e5a1621e10","results":1,"page":1,"version":"1.4"}} 
 </msg>
<msg time="2024-03-24T15:12:17.474339" level="INFO">/opt/hostedtoolcache/Python/3.12.2/x64/lib/python3.12/site-packages/urllib3/connectionpool.py:1103: InsecureRequestWarning: Unverified HTTPS request is being made to host 'randomuser.me'. Adding certificate verification is strongly advised. See: https://urllib3.readthedocs.io/en/latest/advanced-usage.html#tls-warnings
  warnings.warn(</msg>
<msg time="2024-03-24T15:12:17.474522" level="INFO">${response} = &lt;Response [200]&gt;</msg>
<var>${response}</var>
<arg>consultarAPI</arg>
<arg>/api</arg>
<doc>Sends a GET request on a previously created HTTP Session.</doc>
<status status="PASS" start="2024-03-24T15:12:17.375496" elapsed="0.099068"/>
</kw>
<kw name="Set Variable" owner="BuiltIn">
<msg time="2024-03-24T15:12:17.475777" level="INFO">${json_data} = {'results': [{'gender': 'male', 'name': {'title': 'Mr', 'first': 'Rusan', 'last': 'Samborskiy'}, 'location': {'street': {'number': 8039, 'name': 'Svobodi'}, 'city': 'Sinelnikove', 'state': 'Dnipropetr...</msg>
<var>${json_data}</var>
<arg>${response.json()}</arg>
<doc>Returns the given values which can then be assigned to a variables.</doc>
<status status="PASS" start="2024-03-24T15:12:17.475208" elapsed="0.000598"/>
</kw>
<kw name="Log" owner="BuiltIn">
<msg time="2024-03-24T15:12:17.476296" level="INFO">{'results': [{'gender': 'male', 'name': {'title': 'Mr', 'first': 'Rusan', 'last': 'Samborskiy'}, 'location': {'street': {'number': 8039, 'name': 'Svobodi'}, 'city': 'Sinelnikove', 'state': 'Dnipropetrovska', 'country': 'Ukraine', 'postcode': 10116, 'coordinates': {'latitude': '77.4833', 'longitude': '-62.5963'}, 'timezone': {'offset': '-1:00', 'description': 'Azores, Cape Verde Islands'}}, 'email': 'rusan.samborskiy@example.com', 'login': {'uuid': 'bb6c3c20-2718-4f51-877e-2a12b3760954', 'username': 'lazywolf252', 'password': 'iwantu', 'salt': 'lChH7weI', 'md5': '74e4ff76a8ca490e3c0fac30b12f1a81', 'sha1': 'f5d90cb04c589a8df864bd40f2b77c009f5778b4', 'sha256': '768a0de2e051694bca0a5af4669dc8ecacf1215f5cc0709e37308162c6b0246d'}, 'dob': {'date': '1981-09-07T12:19:36.074Z', 'age': 42}, 'registered': {'date': '2004-01-09T00:33:13.153Z', 'age': 20}, 'phone': '(098) F43-0633', 'cell': '(097) J42-8604', 'id': {'name': '', 'value': None}, 'picture': {'large': 'https://randomuser.me/api/portraits/men/17.jpg', 'medium': 'https://randomuser.me/api/portraits/med/men/17.jpg', 'thumbnail': 'https://randomuser.me/api/portraits/thumb/men/17.jpg'}, 'nat': 'UA'}], 'info': {'seed': '3c0381e5a1621e10', 'results': 1, 'page': 1, 'version': '1.4'}}</msg>
<arg>${json_data}</arg>
<doc>Logs the given message with the given level.</doc>
<status status="PASS" start="2024-03-24T15:12:17.476130" elapsed="0.000213"/>
</kw>
<kw name="Dictionary Should Contain Key" owner="Collections">
<msg time="2024-03-24T15:12:17.476805" level="INFO">False</msg>
<arg>${json_data}</arg>
<arg>results</arg>
<doc>Fails if ``key`` is not found from ``dictionary``.</doc>
<status status="PASS" start="2024-03-24T15:12:17.476646" elapsed="0.000197"/>
</kw>
<kw name="Should Not Be Empty" owner="BuiltIn">
<msg time="2024-03-24T15:12:17.477269" level="INFO">Length is 2.</msg>
<arg>${json_data}</arg>
<doc>Verifies that the given item is not empty.</doc>
<status status="PASS" start="2024-03-24T15:12:17.477137" elapsed="0.000170"/>
</kw>
<kw name="Create List" owner="BuiltIn">
<msg time="2024-03-24T15:12:17.477749" level="INFO">${expected_keys} = ['gender', 'name', 'location', 'email', 'login']</msg>
<var>${expected_keys}</var>
<arg>gender</arg>
<arg>name</arg>
<arg>location</arg>
<arg>email</arg>
<arg>login</arg>
<doc>Returns a list containing given items.</doc>
<status status="PASS" start="2024-03-24T15:12:17.477597" elapsed="0.000177"/>
</kw>
<for flavor="IN">
<iter>
<kw name="Dictionary Should Contain Key" owner="Collections">
<msg time="2024-03-24T15:12:17.478858" level="INFO">False</msg>
<arg>${json_data['results'][0]}</arg>
<arg>${key}</arg>
<doc>Fails if ``key`` is not found from ``dictionary``.</doc>
<status status="PASS" start="2024-03-24T15:12:17.478392" elapsed="0.000504"/>
</kw>
<kw name="Log" owner="BuiltIn">
<msg time="2024-03-24T15:12:17.479577" level="INFO">{'gender': 'male', 'name': {'title': 'Mr', 'first': 'Rusan', 'last': 'Samborskiy'}, 'location': {'street': {'number': 8039, 'name': 'Svobodi'}, 'city': 'Sinelnikove', 'state': 'Dnipropetrovska', 'country': 'Ukraine', 'postcode': 10116, 'coordinates': {'latitude': '77.4833', 'longitude': '-62.5963'}, 'timezone': {'offset': '-1:00', 'description': 'Azores, Cape Verde Islands'}}, 'email': 'rusan.samborskiy@example.com', 'login': {'uuid': 'bb6c3c20-2718-4f51-877e-2a12b3760954', 'username': 'lazywolf252', 'password': 'iwantu', 'salt': 'lChH7weI', 'md5': '74e4ff76a8ca490e3c0fac30b12f1a81', 'sha1': 'f5d90cb04c589a8df864bd40f2b77c009f5778b4', 'sha256': '768a0de2e051694bca0a5af4669dc8ecacf1215f5cc0709e37308162c6b0246d'}, 'dob': {'date': '1981-09-07T12:19:36.074Z', 'age': 42}, 'registered': {'date': '2004-01-09T00:33:13.153Z', 'age': 20}, 'phone': '(098) F43-0633', 'cell': '(097) J42-8604', 'id': {'name': '', 'value': None}, 'picture': {'large': 'https://randomuser.me/api/portraits/men/17.jpg', 'medium': 'https://randomuser.me/api/portraits/med/men/17.jpg', 'thumbnail': 'https://randomuser.me/api/portraits/thumb/men/17.jpg'}, 'nat': 'UA'}</msg>
<arg>${json_data['results'][0]}</arg>
<doc>Logs the given message with the given level.</doc>
<status status="PASS" start="2024-03-24T15:12:17.479205" elapsed="0.000425"/>
</kw>
<kw name="Log" owner="BuiltIn">
<msg time="2024-03-24T15:12:17.480066" level="INFO">gender</msg>
<arg>${key}</arg>
<doc>Logs the given message with the given level.</doc>
<status status="PASS" start="2024-03-24T15:12:17.479934" elapsed="0.000170"/>
</kw>
<var name="${key}">gender</var>
<status status="PASS" start="2024-03-24T15:12:17.478266" elapsed="0.002066"/>
</iter>
<iter>
<kw name="Dictionary Should Contain Key" owner="Collections">
<msg time="2024-03-24T15:12:17.481031" level="INFO">False</msg>
<arg>${json_data['results'][0]}</arg>
<arg>${key}</arg>
<doc>Fails if ``key`` is not found from ``dictionary``.</doc>
<status status="PASS" start="2024-03-24T15:12:17.480645" elapsed="0.000424"/>
</kw>
<kw name="Log" owner="BuiltIn">
<msg time="2024-03-24T15:12:17.481784" level="INFO">{'gender': 'male', 'name': {'title': 'Mr', 'first': 'Rusan', 'last': 'Samborskiy'}, 'location': {'street': {'number': 8039, 'name': 'Svobodi'}, 'city': 'Sinelnikove', 'state': 'Dnipropetrovska', 'country': 'Ukraine', 'postcode': 10116, 'coordinates': {'latitude': '77.4833', 'longitude': '-62.5963'}, 'timezone': {'offset': '-1:00', 'description': 'Azores, Cape Verde Islands'}}, 'email': 'rusan.samborskiy@example.com', 'login': {'uuid': 'bb6c3c20-2718-4f51-877e-2a12b3760954', 'username': 'lazywolf252', 'password': 'iwantu', 'salt': 'lChH7weI', 'md5': '74e4ff76a8ca490e3c0fac30b12f1a81', 'sha1': 'f5d90cb04c589a8df864bd40f2b77c009f5778b4', 'sha256': '768a0de2e051694bca0a5af4669dc8ecacf1215f5cc0709e37308162c6b0246d'}, 'dob': {'date': '1981-09-07T12:19:36.074Z', 'age': 42}, 'registered': {'date': '2004-01-09T00:33:13.153Z', 'age': 20}, 'phone': '(098) F43-0633', 'cell': '(097) J42-8604', 'id': {'name': '', 'value': None}, 'picture': {'large': 'https://randomuser.me/api/portraits/men/17.jpg', 'medium': 'https://randomuser.me/api/portraits/med/men/17.jpg', 'thumbnail': 'https://randomuser.me/api/portraits/thumb/men/17.jpg'}, 'nat': 'UA'}</msg>
<arg>${json_data['results'][0]}</arg>
<doc>Logs the given message with the given level.</doc>
<status status="PASS" start="2024-03-24T15:12:17.481421" elapsed="0.000411"/>
</kw>
<kw name="Log" owner="BuiltIn">
<msg time="2024-03-24T15:12:17.482266" level="INFO">name</msg>
<arg>${key}</arg>
<doc>Logs the given message with the given level.</doc>
<status status="PASS" start="2024-03-24T15:12:17.482136" elapsed="0.000168"/>
</kw>
<var name="${key}">name</var>
<status status="PASS" start="2024-03-24T15:12:17.480528" elapsed="0.002030"/>
</iter>
<iter>
<kw name="Dictionary Should Contain Key" owner="Collections">
<msg time="2024-03-24T15:12:17.483231" level="INFO">False</msg>
<arg>${json_data['results'][0]}</arg>
<arg>${key}</arg>
<doc>Fails if ``key`` is not found from ``dictionary``.</doc>
<status status="PASS" start="2024-03-24T15:12:17.482855" elapsed="0.000414"/>
</kw>
<kw name="Log" owner="BuiltIn">
<msg time="2024-03-24T15:12:17.483935" level="INFO">{'gender': 'male', 'name': {'title': 'Mr', 'first': 'Rusan', 'last': 'Samborskiy'}, 'location': {'street': {'number': 8039, 'name': 'Svobodi'}, 'city': 'Sinelnikove', 'state': 'Dnipropetrovska', 'country': 'Ukraine', 'postcode': 10116, 'coordinates': {'latitude': '77.4833', 'longitude': '-62.5963'}, 'timezone': {'offset': '-1:00', 'description': 'Azores, Cape Verde Islands'}}, 'email': 'rusan.samborskiy@example.com', 'login': {'uuid': 'bb6c3c20-2718-4f51-877e-2a12b3760954', 'username': 'lazywolf252', 'password': 'iwantu', 'salt': 'lChH7weI', 'md5': '74e4ff76a8ca490e3c0fac30b12f1a81', 'sha1': 'f5d90cb04c589a8df864bd40f2b77c009f5778b4', 'sha256': '768a0de2e051694bca0a5af4669dc8ecacf1215f5cc0709e37308162c6b0246d'}, 'dob': {'date': '1981-09-07T12:19:36.074Z', 'age': 42}, 'registered': {'date': '2004-01-09T00:33:13.153Z', 'age': 20}, 'phone': '(098) F43-0633', 'cell': '(097) J42-8604', 'id': {'name': '', 'value': None}, 'picture': {'large': 'https://randomuser.me/api/portraits/men/17.jpg', 'medium': 'https://randomuser.me/api/portraits/med/men/17.jpg', 'thumbnail': 'https://randomuser.me/api/portraits/thumb/men/17.jpg'}, 'nat': 'UA'}</msg>
<arg>${json_data['results'][0]}</arg>
<doc>Logs the given message with the given level.</doc>
<status status="PASS" start="2024-03-24T15:12:17.483572" elapsed="0.000419"/>
</kw>
<kw name="Log" owner="BuiltIn">
<msg time="2024-03-24T15:12:17.484422" level="INFO">location</msg>
<arg>${key}</arg>
<doc>Logs the given message with the given level.</doc>
<status status="PASS" start="2024-03-24T15:12:17.484292" elapsed="0.000167"/>
</kw>
<var name="${key}">location</var>
<status status="PASS" start="2024-03-24T15:12:17.482742" elapsed="0.001936"/>
</iter>
<iter>
<kw name="Dictionary Should Contain Key" owner="Collections">
<msg time="2024-03-24T15:12:17.485345" level="INFO">False</msg>
<arg>${json_data['results'][0]}</arg>
<arg>${key}</arg>
<doc>Fails if ``key`` is not found from ``dictionary``.</doc>
<status status="PASS" start="2024-03-24T15:12:17.484961" elapsed="0.000429"/>
</kw>
<kw name="Log" owner="BuiltIn">
<msg time="2024-03-24T15:12:17.486046" level="INFO">{'gender': 'male', 'name': {'title': 'Mr', 'first': 'Rusan', 'last': 'Samborskiy'}, 'location': {'street': {'number': 8039, 'name': 'Svobodi'}, 'city': 'Sinelnikove', 'state': 'Dnipropetrovska', 'country': 'Ukraine', 'postcode': 10116, 'coordinates': {'latitude': '77.4833', 'longitude': '-62.5963'}, 'timezone': {'offset': '-1:00', 'description': 'Azores, Cape Verde Islands'}}, 'email': 'rusan.samborskiy@example.com', 'login': {'uuid': 'bb6c3c20-2718-4f51-877e-2a12b3760954', 'username': 'lazywolf252', 'password': 'iwantu', 'salt': 'lChH7weI', 'md5': '74e4ff76a8ca490e3c0fac30b12f1a81', 'sha1': 'f5d90cb04c589a8df864bd40f2b77c009f5778b4', 'sha256': '768a0de2e051694bca0a5af4669dc8ecacf1215f5cc0709e37308162c6b0246d'}, 'dob': {'date': '1981-09-07T12:19:36.074Z', 'age': 42}, 'registered': {'date': '2004-01-09T00:33:13.153Z', 'age': 20}, 'phone': '(098) F43-0633', 'cell': '(097) J42-8604', 'id': {'name': '', 'value': None}, 'picture': {'large': 'https://randomuser.me/api/portraits/men/17.jpg', 'medium': 'https://randomuser.me/api/portraits/med/men/17.jpg', 'thumbnail': 'https://randomuser.me/api/portraits/thumb/men/17.jpg'}, 'nat': 'UA'}</msg>
<arg>${json_data['results'][0]}</arg>
<doc>Logs the given message with the given level.</doc>
<status status="PASS" start="2024-03-24T15:12:17.485693" elapsed="0.000399"/>
</kw>
<kw name="Log" owner="BuiltIn">
<msg time="2024-03-24T15:12:17.486548" level="INFO">email</msg>
<arg>${key}</arg>
<doc>Logs the given message with the given level.</doc>
<status status="PASS" start="2024-03-24T15:12:17.486388" elapsed="0.000199"/>
</kw>
<var name="${key}">email</var>
<status status="PASS" start="2024-03-24T15:12:17.484851" elapsed="0.001955"/>
</iter>
<iter>
<kw name="Dictionary Should Contain Key" owner="Collections">
<msg time="2024-03-24T15:12:17.487476" level="INFO">False</msg>
<arg>${json_data['results'][0]}</arg>
<arg>${key}</arg>
<doc>Fails if ``key`` is not found from ``dictionary``.</doc>
<status status="PASS" start="2024-03-24T15:12:17.487092" elapsed="0.000421"/>
</kw>
<kw name="Log" owner="BuiltIn">
<msg time="2024-03-24T15:12:17.488167" level="INFO">{'gender': 'male', 'name': {'title': 'Mr', 'first': 'Rusan', 'last': 'Samborskiy'}, 'location': {'street': {'number': 8039, 'name': 'Svobodi'}, 'city': 'Sinelnikove', 'state': 'Dnipropetrovska', 'country': 'Ukraine', 'postcode': 10116, 'coordinates': {'latitude': '77.4833', 'longitude': '-62.5963'}, 'timezone': {'offset': '-1:00', 'description': 'Azores, Cape Verde Islands'}}, 'email': 'rusan.samborskiy@example.com', 'login': {'uuid': 'bb6c3c20-2718-4f51-877e-2a12b3760954', 'username': 'lazywolf252', 'password': 'iwantu', 'salt': 'lChH7weI', 'md5': '74e4ff76a8ca490e3c0fac30b12f1a81', 'sha1': 'f5d90cb04c589a8df864bd40f2b77c009f5778b4', 'sha256': '768a0de2e051694bca0a5af4669dc8ecacf1215f5cc0709e37308162c6b0246d'}, 'dob': {'date': '1981-09-07T12:19:36.074Z', 'age': 42}, 'registered': {'date': '2004-01-09T00:33:13.153Z', 'age': 20}, 'phone': '(098) F43-0633', 'cell': '(097) J42-8604', 'id': {'name': '', 'value': None}, 'picture': {'large': 'https://randomuser.me/api/portraits/men/17.jpg', 'medium': 'https://randomuser.me/api/portraits/med/men/17.jpg', 'thumbnail': 'https://randomuser.me/api/portraits/thumb/men/17.jpg'}, 'nat': 'UA'}</msg>
<arg>${json_data['results'][0]}</arg>
<doc>Logs the given message with the given level.</doc>
<status status="PASS" start="2024-03-24T15:12:17.487807" elapsed="0.000405"/>
</kw>
<kw name="Log" owner="BuiltIn">
<msg time="2024-03-24T15:12:17.488627" level="INFO">login</msg>
<arg>${key}</arg>
<doc>Logs the given message with the given level.</doc>
<status status="PASS" start="2024-03-24T15:12:17.488501" elapsed="0.000292"/>
</kw>
<var name="${key}">login</var>
<status status="PASS" start="2024-03-24T15:12:17.486977" elapsed="0.002039"/>
</iter>
<var>${key}</var>
<value>@{expected_keys}</value>
<status status="PASS" start="2024-03-24T15:12:17.478055" elapsed="0.011109"/>
</for>
<kw name="Create List" owner="BuiltIn">
<msg time="2024-03-24T15:12:17.489515" level="INFO">${expected_keysTwo} = ['username', 'password']</msg>
<var>${expected_keysTwo}</var>
<arg>username</arg>
<arg>password</arg>
<doc>Returns a list containing given items.</doc>
<status status="PASS" start="2024-03-24T15:12:17.489372" elapsed="0.000167"/>
</kw>
<for flavor="IN">
<iter>
<kw name="Dictionary Should Contain Key" owner="Collections">
<msg time="2024-03-24T15:12:17.490442" level="INFO">False</msg>
<arg>${json_data['results'][0]['login']}</arg>
<arg>${keyTwo}</arg>
<doc>Fails if ``key`` is not found from ``dictionary``.</doc>
<status status="PASS" start="2024-03-24T15:12:17.490053" elapsed="0.000463"/>
</kw>
<kw name="Dictionary Should Contain Key" owner="Collections">
<msg time="2024-03-24T15:12:17.491206" level="INFO">False</msg>
<arg>${json_data['results'][0]['login']}</arg>
<arg>${keyTwo}</arg>
<doc>Fails if ``key`` is not found from ``dictionary``.</doc>
<status status="PASS" start="2024-03-24T15:12:17.490825" elapsed="0.000418"/>
</kw>
<kw name="Log" owner="BuiltIn">
<msg time="2024-03-24T15:12:17.491669" level="INFO">username</msg>
<arg>${keyTwo}</arg>
<doc>Logs the given message with the given level.</doc>
<status status="PASS" start="2024-03-24T15:12:17.491538" elapsed="0.000168"/>
</kw>
<var name="${keyTwo}">username</var>
<status status="PASS" start="2024-03-24T15:12:17.489942" elapsed="0.001983"/>
</iter>
<iter>
<kw name="Dictionary Should Contain Key" owner="Collections">
<msg time="2024-03-24T15:12:17.492582" level="INFO">False</msg>
<arg>${json_data['results'][0]['login']}</arg>
<arg>${keyTwo}</arg>
<doc>Fails if ``key`` is not found from ``dictionary``.</doc>
<status status="PASS" start="2024-03-24T15:12:17.492205" elapsed="0.000414"/>
</kw>
<kw name="Dictionary Should Contain Key" owner="Collections">
<msg time="2024-03-24T15:12:17.493287" level="INFO">False</msg>
<arg>${json_data['results'][0]['login']}</arg>
<arg>${keyTwo}</arg>
<doc>Fails if ``key`` is not found from ``dictionary``.</doc>
<status status="PASS" start="2024-03-24T15:12:17.492913" elapsed="0.000411"/>
</kw>
<kw name="Log" owner="BuiltIn">
<msg time="2024-03-24T15:12:17.493758" level="INFO">password</msg>
<arg>${keyTwo}</arg>
<doc>Logs the given message with the given level.</doc>
<status status="PASS" start="2024-03-24T15:12:17.493629" elapsed="0.000168"/>
</kw>
<var name="${keyTwo}">password</var>
<status status="PASS" start="2024-03-24T15:12:17.492098" elapsed="0.001921"/>
</iter>
<var>${keyTwo}</var>
<value>@{expected_keysTwo}</value>
<status status="PASS" start="2024-03-24T15:12:17.489782" elapsed="0.004359"/>
</for>
<status status="PASS" start="2024-03-24T15:12:17.375251" elapsed="0.119039"/>
</kw>
<doc>Testa a estrutura da resposta da API.</doc>
<tag>testeEstruturaResposta</tag>
<status status="PASS" start="2024-03-24T15:12:17.374558" elapsed="0.119902"/>
</test>
<test id="s1-s1-t4" name="Validar tipos de dados" line="28">
<kw name="Teste de Tipos de Dados" owner="random-user-service">
<kw name="GET On Session" owner="RequestsLibrary">
<msg time="2024-03-24T15:12:17.564672" level="INFO">GET Request : url=https://randomuser.me/api 
 path_url=/api 
 headers={'User-Agent': 'python-requests/2.31.0', 'Accept-Encoding': 'gzip, deflate', 'Accept': '*/*', 'Connection': 'keep-alive'} 
 body=None 
 </msg>
<msg time="2024-03-24T15:12:17.564779" level="INFO">GET Response : url=https://randomuser.me/api 
 status=200, reason=OK 
 headers={'Date': 'Sun, 24 Mar 2024 15:12:17 GMT', 'Content-Type': 'application/json; charset=utf-8', 'Transfer-Encoding': 'chunked', 'Connection': 'keep-alive', 'X-Powered-By': 'Express', 'Access-Control-Allow-Origin': '*', 'Cache-Control': 'no-cache', 'ETag': 'W/"489-9TTfwec+bn3CT2C/bILN201iCm8"', 'Vary': 'Accept-Encoding', 'Content-Encoding': 'gzip', 'CF-Cache-Status': 'DYNAMIC', 'Report-To': '{"endpoints":[{"url":"https:\\/\\/a.nel.cloudflare.com\\/report\\/v4?s=J2A3Xt3dLzwH6IVk2DpStDg0hTLVAHL9vMFTG4Tu6qz7uPCwovaUzpyP6FGR5Kmi06y6OJl85haGjswGX9Y6LYiR%2FMG%2B2tK4Rgn9VvbSyKiABcRa1vnMa%2Fg0Q%2BpZA%2B21"}],"group":"cf-nel","max_age":604800}', 'NEL': '{"success_fraction":0,"report_to":"cf-nel","max_age":604800}', 'Server': 'cloudflare', 'CF-RAY': '8697993d5e562a99-ORD', 'alt-svc': 'h3=":443"; ma=86400'} 
 body={"results":[{"gender":"female","name":{"title":"Miss","first":"Sharanya","last":"Babu"},"location":{"street":{"number":9514,"name":"MG Rd Bangalore"},"city":"Khammam","state":"Manipur","country":"India","postcode":61520,"coordinates":{"latitude":"4.9676","longitude":"48.1012"},"timezone":{"offset":"-7:00","description":"Mountain Time (US &amp; Canada)"}},"email":"sharanya.babu@example.com","login":{"uuid":"b132f879-9b68-418a-9d00-65a13a18369c","username":"angrygorilla398","password":"3030","salt":"TAGeGOu1","md5":"b8359e1c2576031beeda03f81980c61b","sha1":"7a7da65b1722e6bd27f1aca2634d85836a037d4f","sha256":"421d0b7cbd8c736efff5178e206718990a6e8373a5536847facac9491c601038"},"dob":{"date":"1982-09-10T11:20:03.976Z","age":41},"registered":{"date":"2003-12-19T12:12:44.649Z","age":20},"phone":"8052467582","cell":"7133078134","id":{"name":"UIDAI","value":"429866294268"},"picture":{"large":"https://randomuser.me/api/portraits/women/18.jpg","medium":"https://randomuser.me/api/portraits/med/women/18.jpg","thumbnail":"https://randomuser.me/api/portraits/thumb/women/18.jpg"},"nat":"IN"}],"info":{"seed":"eebcabbef533dccb","results":1,"page":1,"version":"1.4"}} 
 </msg>
<msg time="2024-03-24T15:12:17.564851" level="INFO">/opt/hostedtoolcache/Python/3.12.2/x64/lib/python3.12/site-packages/urllib3/connectionpool.py:1103: InsecureRequestWarning: Unverified HTTPS request is being made to host 'randomuser.me'. Adding certificate verification is strongly advised. See: https://urllib3.readthedocs.io/en/latest/advanced-usage.html#tls-warnings
  warnings.warn(</msg>
<msg time="2024-03-24T15:12:17.564981" level="INFO">${response} = &lt;Response [200]&gt;</msg>
<var>${response}</var>
<arg>consultarAPI</arg>
<arg>/api</arg>
<doc>Sends a GET request on a previously created HTTP Session.</doc>
<status status="PASS" start="2024-03-24T15:12:17.497047" elapsed="0.067975"/>
</kw>
<kw name="Set Variable" owner="BuiltIn">
<msg time="2024-03-24T15:12:17.566279" level="INFO">${json_data} = {'results': [{'gender': 'female', 'name': {'title': 'Miss', 'first': 'Sharanya', 'last': 'Babu'}, 'location': {'street': {'number': 9514, 'name': 'MG Rd Bangalore'}, 'city': 'Khammam', 'state': 'Manip...</msg>
<var>${json_data}</var>
<arg>${response.json()}</arg>
<doc>Returns the given values which can then be assigned to a variables.</doc>
<status status="PASS" start="2024-03-24T15:12:17.565696" elapsed="0.000612"/>
</kw>
<kw name="Log" owner="BuiltIn">
<msg time="2024-03-24T15:12:17.566848" level="INFO">{'results': [{'gender': 'female', 'name': {'title': 'Miss', 'first': 'Sharanya', 'last': 'Babu'}, 'location': {'street': {'number': 9514, 'name': 'MG Rd Bangalore'}, 'city': 'Khammam', 'state': 'Manipur', 'country': 'India', 'postcode': 61520, 'coordinates': {'latitude': '4.9676', 'longitude': '48.1012'}, 'timezone': {'offset': '-7:00', 'description': 'Mountain Time (US &amp; Canada)'}}, 'email': 'sharanya.babu@example.com', 'login': {'uuid': 'b132f879-9b68-418a-9d00-65a13a18369c', 'username': 'angrygorilla398', 'password': '3030', 'salt': 'TAGeGOu1', 'md5': 'b8359e1c2576031beeda03f81980c61b', 'sha1': '7a7da65b1722e6bd27f1aca2634d85836a037d4f', 'sha256': '421d0b7cbd8c736efff5178e206718990a6e8373a5536847facac9491c601038'}, 'dob': {'date': '1982-09-10T11:20:03.976Z', 'age': 41}, 'registered': {'date': '2003-12-19T12:12:44.649Z', 'age': 20}, 'phone': '8052467582', 'cell': '7133078134', 'id': {'name': 'UIDAI', 'value': '429866294268'}, 'picture': {'large': 'https://randomuser.me/api/portraits/women/18.jpg', 'medium': 'https://randomuser.me/api/portraits/med/women/18.jpg', 'thumbnail': 'https://randomuser.me/api/portraits/thumb/women/18.jpg'}, 'nat': 'IN'}], 'info': {'seed': 'eebcabbef533dccb', 'results': 1, 'page': 1, 'version': '1.4'}}</msg>
<arg>${json_data}</arg>
<doc>Logs the given message with the given level.</doc>
<status status="PASS" start="2024-03-24T15:12:17.566682" elapsed="0.000254"/>
</kw>
<kw name="Should Be String" owner="String">
<arg>${json_data['results'][0]['gender']}</arg>
<doc>Fails if the given ``item`` is not a string.</doc>
<status status="PASS" start="2024-03-24T15:12:17.567249" elapsed="0.000377"/>
</kw>
<kw name="Should Match Regexp" owner="BuiltIn">
<arg>${json_data['results'][0]['email']}</arg>
<arg>^[a-zA-Z0-9._%+-]+@[a-zA-Z0-9.-]+\.[a-zA-Z]{2,}$</arg>
<doc>Fails if ``string`` does not match ``pattern`` as a regular expression.</doc>
<status status="PASS" start="2024-03-24T15:12:17.567827" elapsed="0.000531"/>
</kw>
<kw name="Should Match Regexp" owner="BuiltIn">
<arg>${json_data['results'][0]['dob']['date']}</arg>
<arg>\\d{4}-\\d{2}-\\d{2}T\\d{2}:\\d{2}:\\d{2}\\.\\d{3}Z</arg>
<doc>Fails if ``string`` does not match ``pattern`` as a regular expression.</doc>
<status status="PASS" start="2024-03-24T15:12:17.568560" elapsed="0.000500"/>
</kw>
<kw name="Should Match Regexp" owner="BuiltIn">
<arg>${json_data['results'][0]['registered']['date']}</arg>
<arg>\\d{4}-\\d{2}-\\d{2}T\\d{2}:\\d{2}:\\d{2}\\.\\d{3}Z</arg>
<doc>Fails if ``string`` does not match ``pattern`` as a regular expression.</doc>
<status status="PASS" start="2024-03-24T15:12:17.569257" elapsed="0.000370"/>
</kw>
<kw name="Should Match Regexp" owner="BuiltIn">
<arg>${json_data['results'][0]['picture']['large']}</arg>
<arg>^https?://.*\.(?:png|jpe?g|gif|bmp)$</arg>
<doc>Fails if ``string`` does not match ``pattern`` as a regular expression.</doc>
<status status="PASS" start="2024-03-24T15:12:17.569817" elapsed="0.000466"/>
</kw>
<kw name="Should Match Regexp" owner="BuiltIn">
<arg>${json_data['results'][0]['picture']['medium']}</arg>
<arg>^https?://.*\.(?:png|jpe?g|gif|bmp)$</arg>
<doc>Fails if ``string`` does not match ``pattern`` as a regular expression.</doc>
<status status="PASS" start="2024-03-24T15:12:17.570502" elapsed="0.000367"/>
</kw>
<kw name="Should Match Regexp" owner="BuiltIn">
<arg>${json_data['results'][0]['picture']['thumbnail']}</arg>
<arg>^https?://.*\.(?:png|jpe?g|gif|bmp)$</arg>
<doc>Fails if ``string`` does not match ``pattern`` as a regular expression.</doc>
<status status="PASS" start="2024-03-24T15:12:17.571056" elapsed="0.000345"/>
</kw>
<kw name="Log" owner="BuiltIn">
<msg time="2024-03-24T15:12:17.571917" level="INFO">{'large': 'https://randomuser.me/api/portraits/women/18.jpg', 'medium': 'https://randomuser.me/api/portraits/med/women/18.jpg', 'thumbnail': 'https://randomuser.me/api/portraits/thumb/women/18.jpg'}</msg>
<arg>${json_data['results'][0]['picture']}</arg>
<doc>Logs the given message with the given level.</doc>
<status status="PASS" start="2024-03-24T15:12:17.571582" elapsed="0.000381"/>
</kw>
<status status="PASS" start="2024-03-24T15:12:17.496798" elapsed="0.075433"/>
</kw>
<kw name="Teste de Tipos de Dados - Postcode" owner="random-user-service">
<kw name="GET On Session" owner="RequestsLibrary">
<msg time="2024-03-24T15:12:17.666286" level="INFO">GET Request : url=https://randomuser.me/api 
 path_url=/api 
 headers={'User-Agent': 'python-requests/2.31.0', 'Accept-Encoding': 'gzip, deflate', 'Accept': '*/*', 'Connection': 'keep-alive'} 
 body=None 
 </msg>
<msg time="2024-03-24T15:12:17.666399" level="INFO">GET Response : url=https://randomuser.me/api 
 status=200, reason=OK 
 headers={'Date': 'Sun, 24 Mar 2024 15:12:17 GMT', 'Content-Type': 'application/json; charset=utf-8', 'Transfer-Encoding': 'chunked', 'Connection': 'keep-alive', 'X-Powered-By': 'Express', 'Access-Control-Allow-Origin': '*', 'Cache-Control': 'no-cache', 'ETag': 'W/"4ac-SRdCB8VQow7qGdcvZDdYuMVXWtQ"', 'Vary': 'Accept-Encoding', 'Content-Encoding': 'gzip', 'CF-Cache-Status': 'DYNAMIC', 'Report-To': '{"endpoints":[{"url":"https:\\/\\/a.nel.cloudflare.com\\/report\\/v4?s=9a%2BFClRN3pgzyuHCnT8hWIAhv%2F%2B9icR2F2PhDkvwE5xzQi3XyYH7HlXYtuUTZTtBUXoeUvLX6wPMgOo16EpXKRZJRTjutbSW71Knict2gntgwkUC%2Bxb%2BGz2ddwp%2BMR68"}],"group":"cf-nel","max_age":604800}', 'NEL': '{"success_fraction":0,"report_to":"cf-nel","max_age":604800}', 'Server': 'cloudflare', 'CF-RAY': '8697993ddecb2a99-ORD', 'alt-svc': 'h3=":443"; ma=86400'} 
 body={"results":[{"gender":"female","name":{"title":"Ms","first":"Emilie","last":"Lambert"},"location":{"street":{"number":8918,"name":"Rue Cyrus-Hugues"},"city":"Avignon","state":"Maine-et-Loire","country":"France","postcode":47270,"coordinates":{"latitude":"-19.8791","longitude":"10.0622"},"timezone":{"offset":"+9:00","description":"Tokyo, Seoul, Osaka, Sapporo, Yakutsk"}},"email":"emilie.lambert@example.com","login":{"uuid":"57dde729-63ff-4e3b-8b63-bd8041ddf811","username":"brownpeacock882","password":"heyhey","salt":"l883nRaT","md5":"2f96a4f91b29cc834b20685e37925b8f","sha1":"83f09096917b8d3917035ea355985d20234fe6fb","sha256":"3f4f76278fbb5cd303a785c8e88ecbd02fb990f249ac3296637f7f9135d5d7dd"},"dob":{"date":"1973-04-27T17:12:34.467Z","age":50},"registered":{"date":"2002-05-08T00:02:32.083Z","age":21},"phone":"01-88-95-00-52","cell":"06-07-35-88-15","id":{"name":"INSEE","value":"2730377071041 75"},"picture":{"large":"https://randomuser.me/api/portraits/women/26.jpg","medium":"https://randomuser.me/api/portraits/med/women/26.jpg","thumbnail":"https://randomuser.me/api/portraits/thumb/women/26.jpg"},"nat":"FR"}],"info":{"seed":"af9faee3da3e9977","results":1,"page":1,"version":"1.4"}} 
 </msg>
<msg time="2024-03-24T15:12:17.666535" level="INFO">/opt/hostedtoolcache/Python/3.12.2/x64/lib/python3.12/site-packages/urllib3/connectionpool.py:1103: InsecureRequestWarning: Unverified HTTPS request is being made to host 'randomuser.me'. Adding certificate verification is strongly advised. See: https://urllib3.readthedocs.io/en/latest/advanced-usage.html#tls-warnings
  warnings.warn(</msg>
<msg time="2024-03-24T15:12:17.666701" level="INFO">${response} = &lt;Response [200]&gt;</msg>
<var>${response}</var>
<arg>consultarAPI</arg>
<arg>/api</arg>
<doc>Sends a GET request on a previously created HTTP Session.</doc>
<status status="PASS" start="2024-03-24T15:12:17.572876" elapsed="0.093873"/>
</kw>
<kw name="Set Variable" owner="BuiltIn">
<msg time="2024-03-24T15:12:17.667962" level="INFO">${json_data} = {'results': [{'gender': 'female', 'name': {'title': 'Ms', 'first': 'Emilie', 'last': 'Lambert'}, 'location': {'street': {'number': 8918, 'name': 'Rue Cyrus-Hugues'}, 'city': 'Avignon', 'state': 'Maine...</msg>
<var>${json_data}</var>
<arg>${response.json()}</arg>
<doc>Returns the given values which can then be assigned to a variables.</doc>
<status status="PASS" start="2024-03-24T15:12:17.667413" elapsed="0.000578"/>
</kw>
<kw name="Log" owner="BuiltIn">
<msg time="2024-03-24T15:12:17.668476" level="INFO">{'results': [{'gender': 'female', 'name': {'title': 'Ms', 'first': 'Emilie', 'last': 'Lambert'}, 'location': {'street': {'number': 8918, 'name': 'Rue Cyrus-Hugues'}, 'city': 'Avignon', 'state': 'Maine-et-Loire', 'country': 'France', 'postcode': 47270, 'coordinates': {'latitude': '-19.8791', 'longitude': '10.0622'}, 'timezone': {'offset': '+9:00', 'description': 'Tokyo, Seoul, Osaka, Sapporo, Yakutsk'}}, 'email': 'emilie.lambert@example.com', 'login': {'uuid': '57dde729-63ff-4e3b-8b63-bd8041ddf811', 'username': 'brownpeacock882', 'password': 'heyhey', 'salt': 'l883nRaT', 'md5': '2f96a4f91b29cc834b20685e37925b8f', 'sha1': '83f09096917b8d3917035ea355985d20234fe6fb', 'sha256': '3f4f76278fbb5cd303a785c8e88ecbd02fb990f249ac3296637f7f9135d5d7dd'}, 'dob': {'date': '1973-04-27T17:12:34.467Z', 'age': 50}, 'registered': {'date': '2002-05-08T00:02:32.083Z', 'age': 21}, 'phone': '01-88-95-00-52', 'cell': '06-07-35-88-15', 'id': {'name': 'INSEE', 'value': '2730377071041 75'}, 'picture': {'large': 'https://randomuser.me/api/portraits/women/26.jpg', 'medium': 'https://randomuser.me/api/portraits/med/women/26.jpg', 'thumbnail': 'https://randomuser.me/api/portraits/thumb/women/26.jpg'}, 'nat': 'FR'}], 'info': {'seed': 'af9faee3da3e9977', 'results': 1, 'page': 1, 'version': '1.4'}}</msg>
<arg>${json_data}</arg>
<doc>Logs the given message with the given level.</doc>
<status status="PASS" start="2024-03-24T15:12:17.668313" elapsed="0.000244"/>
</kw>
<kw name="Should Be Equal As Numbers" owner="BuiltIn">
<arg>${json_data['results'][0]['location']['postcode']}</arg>
<arg>${json_data['results'][0]['location']['postcode']}</arg>
<doc>Fails if objects are unequal after converting them to real numbers.</doc>
<status status="PASS" start="2024-03-24T15:12:17.668866" elapsed="0.000646"/>
</kw>
<kw name="Log" owner="BuiltIn">
<msg time="2024-03-24T15:12:17.670051" level="INFO">47270</msg>
<arg>${json_data['results'][0]['location']['postcode']}</arg>
<doc>Logs the given message with the given level.</doc>
<status status="PASS" start="2024-03-24T15:12:17.669711" elapsed="0.000381"/>
</kw>
<status status="PASS" start="2024-03-24T15:12:17.572472" elapsed="0.097880"/>
</kw>
<doc>Testa se os tipos de dados na resposta da API estão corretos.</doc>
<tag>testeTiposDados</tag>
<status status="PASS" start="2024-03-24T15:12:17.496298" elapsed="0.174269"/>
</test>
<test id="s1-s1-t5" name="Validar conteudo" line="35">
<kw name="Teste de Tipos de Conteudo" owner="random-user-service">
<kw name="GET On Session" owner="RequestsLibrary">
<msg time="2024-03-24T15:12:17.771812" level="INFO">GET Request : url=https://randomuser.me/api 
 path_url=/api 
 headers={'User-Agent': 'python-requests/2.31.0', 'Accept-Encoding': 'gzip, deflate', 'Accept': '*/*', 'Connection': 'keep-alive'} 
 body=None 
 </msg>
<msg time="2024-03-24T15:12:17.771926" level="INFO">GET Response : url=https://randomuser.me/api 
 status=200, reason=OK 
 headers={'Date': 'Sun, 24 Mar 2024 15:12:17 GMT', 'Content-Type': 'application/json; charset=utf-8', 'Transfer-Encoding': 'chunked', 'Connection': 'keep-alive', 'X-Powered-By': 'Express', 'Access-Control-Allow-Origin': '*', 'Cache-Control': 'no-cache', 'ETag': 'W/"49e-0d2boflq5SWezy+u+LQLRILPuro"', 'Vary': 'Accept-Encoding', 'Content-Encoding': 'gzip', 'CF-Cache-Status': 'DYNAMIC', 'Report-To': '{"endpoints":[{"url":"https:\\/\\/a.nel.cloudflare.com\\/report\\/v4?s=Go3Aa7SXb2S%2Fjapi3xQtkYLITYHsEnXGpy83UuzZ%2BrFPF4AwGUfFxSVTV66ltUNUMC3dKmleQzc15tUxAJXSbDgYuNptcCCT7xdDQmJaNpWL3b9UQzgguwqAX9VnztCd"}],"group":"cf-nel","max_age":604800}', 'NEL': '{"success_fraction":0,"report_to":"cf-nel","max_age":604800}', 'Server': 'cloudflare', 'CF-RAY': '8697993e7fd42a99-ORD', 'alt-svc': 'h3=":443"; ma=86400'} 
 body={"results":[{"gender":"female","name":{"title":"Mrs","first":"Clara","last":"Prieto"},"location":{"street":{"number":3881,"name":"Calle de Pedro Bosch"},"city":"Cuenca","state":"Cantabria","country":"Spain","postcode":26377,"coordinates":{"latitude":"-31.7652","longitude":"138.0753"},"timezone":{"offset":"-6:00","description":"Central Time (US &amp; Canada), Mexico City"}},"email":"clara.prieto@example.com","login":{"uuid":"3b836933-29b6-4de0-a13e-4331c743930e","username":"whiteelephant315","password":"californ","salt":"ITxY5dkh","md5":"6710b7d55e3c85ec2016244964207ee3","sha1":"0e5ef90d9d9f9218fb503175a9ab9ccd34d95d26","sha256":"4f9884ca35b7c4c6842680e90d30f8d0747344fa8ef996e4582cff60503807cb"},"dob":{"date":"1957-01-10T18:28:29.529Z","age":67},"registered":{"date":"2003-09-10T10:49:58.387Z","age":20},"phone":"942-252-099","cell":"697-388-593","id":{"name":"DNI","value":"87147851-N"},"picture":{"large":"https://randomuser.me/api/portraits/women/73.jpg","medium":"https://randomuser.me/api/portraits/med/women/73.jpg","thumbnail":"https://randomuser.me/api/portraits/thumb/women/73.jpg"},"nat":"ES"}],"info":{"seed":"cff43b087dfb9509","results":1,"page":1,"version":"1.4"}} 
 </msg>
<msg time="2024-03-24T15:12:17.772005" level="INFO">/opt/hostedtoolcache/Python/3.12.2/x64/lib/python3.12/site-packages/urllib3/connectionpool.py:1103: InsecureRequestWarning: Unverified HTTPS request is being made to host 'randomuser.me'. Adding certificate verification is strongly advised. See: https://urllib3.readthedocs.io/en/latest/advanced-usage.html#tls-warnings
  warnings.warn(</msg>
<msg time="2024-03-24T15:12:17.772125" level="INFO">${response} = &lt;Response [200]&gt;</msg>
<var>${response}</var>
<arg>consultarAPI</arg>
<arg>/api</arg>
<doc>Sends a GET request on a previously created HTTP Session.</doc>
<status status="PASS" start="2024-03-24T15:12:17.673097" elapsed="0.099163"/>
</kw>
<kw name="Set Variable" owner="BuiltIn">
<msg time="2024-03-24T15:12:17.773313" level="INFO">${json_data} = {'results': [{'gender': 'female', 'name': {'title': 'Mrs', 'first': 'Clara', 'last': 'Prieto'}, 'location': {'street': {'number': 3881, 'name': 'Calle de Pedro Bosch'}, 'city': 'Cuenca', 'state': 'Can...</msg>
<var>${json_data}</var>
<arg>${response.json()}</arg>
<doc>Returns the given values which can then be assigned to a variables.</doc>
<status status="PASS" start="2024-03-24T15:12:17.772777" elapsed="0.000564"/>
</kw>
<kw name="Set Variable" owner="BuiltIn">
<msg time="2024-03-24T15:12:17.774055" level="INFO">${name_title} = Mrs</msg>
<var>${name_title}</var>
<arg>${json_data["results"][0]["name"]["title"]}</arg>
<doc>Returns the given values which can then be assigned to a variables.</doc>
<status status="PASS" start="2024-03-24T15:12:17.773667" elapsed="0.000413"/>
</kw>
<kw name="Create List" owner="BuiltIn">
<msg time="2024-03-24T15:12:17.774590" level="INFO">${allowed_titles} = ['Mr', 'Ms', 'Miss', 'Mrs', 'Madame', 'Monsieur']</msg>
<var>${allowed_titles}</var>
<arg>Mr</arg>
<arg>Ms</arg>
<arg>Miss</arg>
<arg>Mrs</arg>
<arg>Madame</arg>
<arg>Monsieur</arg>
<doc>Returns a list containing given items.</doc>
<status status="PASS" start="2024-03-24T15:12:17.774383" elapsed="0.000233"/>
</kw>
<kw name="List Should Contain Value" owner="Collections">
<msg time="2024-03-24T15:12:17.775107" level="INFO">False</msg>
<arg>${allowed_titles}</arg>
<arg>${name_title}</arg>
<doc>Fails if the ``value`` is not found from ``list``.</doc>
<status status="PASS" start="2024-03-24T15:12:17.774927" elapsed="0.000217"/>
</kw>
<kw name="Set Variable" owner="BuiltIn">
<msg time="2024-03-24T15:12:17.775822" level="INFO">${name_country} = ES</msg>
<var>${name_country}</var>
<arg>${json_data["results"][0]["nat"]}</arg>
<doc>Returns the given values which can then be assigned to a variables.</doc>
<status status="PASS" start="2024-03-24T15:12:17.775441" elapsed="0.000406"/>
</kw>
<kw name="Create List" owner="BuiltIn">
<msg time="2024-03-24T15:12:17.776766" level="INFO">${list_country} = ['AD', 'AE', 'AF', 'AG', 'AI', 'AL', 'AM', 'AO', 'AQ', 'AR', 'AS', 'AT', 'AU', 'AW', 'AX', 'AZ', 'BA', 'BB', 'BD', 'BE', 'BF', 'BG', 'BH', 'BI', 'BJ', 'BL', 'BM', 'BN', 'BO', 'BQ', 'BR', 'BS', 'BT', '...</msg>
<var>${list_country}</var>
<arg>AD</arg>
<arg>AE</arg>
<arg>AF</arg>
<arg>AG</arg>
<arg>AI</arg>
<arg>AL</arg>
<arg>AM</arg>
<arg>AO</arg>
<arg>AQ</arg>
<arg>AR</arg>
<arg>AS</arg>
<arg>AT</arg>
<arg>AU</arg>
<arg>AW</arg>
<arg>AX</arg>
<arg>AZ</arg>
<arg>BA</arg>
<arg>BB</arg>
<arg>BD</arg>
<arg>BE</arg>
<arg>BF</arg>
<arg>BG</arg>
<arg>BH</arg>
<arg>BI</arg>
<arg>BJ</arg>
<arg>BL</arg>
<arg>BM</arg>
<arg>BN</arg>
<arg>BO</arg>
<arg>BQ</arg>
<arg>BR</arg>
<arg>BS</arg>
<arg>BT</arg>
<arg>BV</arg>
<arg>BW</arg>
<arg>BY</arg>
<arg>BZ</arg>
<arg>CA</arg>
<arg>CC</arg>
<arg>CD</arg>
<arg>CF</arg>
<arg>CG</arg>
<arg>CH</arg>
<arg>CI</arg>
<arg>CK</arg>
<arg>CL</arg>
<arg>CM</arg>
<arg>CN</arg>
<arg>CO</arg>
<arg>CR</arg>
<arg>CU</arg>
<arg>CV</arg>
<arg>CW</arg>
<arg>CX</arg>
<arg>CY</arg>
<arg>CZ</arg>
<arg>DE</arg>
<arg>DJ</arg>
<arg>DK</arg>
<arg>DM</arg>
<arg>DO</arg>
<arg>DZ</arg>
<arg>EC</arg>
<arg>EE</arg>
<arg>EG</arg>
<arg>EH</arg>
<arg>ER</arg>
<arg>ES</arg>
<arg>ET</arg>
<arg>FI</arg>
<arg>FJ</arg>
<arg>FK</arg>
<arg>FM</arg>
<arg>FO</arg>
<arg>FR</arg>
<arg>GA</arg>
<arg>GB</arg>
<arg>GD</arg>
<arg>GE</arg>
<arg>GF</arg>
<arg>GG</arg>
<arg>GH</arg>
<arg>GI</arg>
<arg>GL</arg>
<arg>GM</arg>
<arg>GN</arg>
<arg>GP</arg>
<arg>GQ</arg>
<arg>GR</arg>
<arg>GS</arg>
<arg>GT</arg>
<arg>GU</arg>
<arg>GW</arg>
<arg>GY</arg>
<arg>HK</arg>
<arg>HM</arg>
<arg>HN</arg>
<arg>HR</arg>
<arg>HT</arg>
<arg>HU</arg>
<arg>ID</arg>
<arg>IE</arg>
<arg>IL</arg>
<arg>IM</arg>
<arg>IN</arg>
<arg>IO</arg>
<arg>IQ</arg>
<arg>IR</arg>
<arg>IS</arg>
<arg>IT</arg>
<arg>JE</arg>
<arg>JM</arg>
<arg>JO</arg>
<arg>JP</arg>
<arg>KE</arg>
<arg>KG</arg>
<arg>KH</arg>
<arg>KI</arg>
<arg>KM</arg>
<arg>KN</arg>
<arg>KP</arg>
<arg>KR</arg>
<arg>KW</arg>
<arg>KY</arg>
<arg>KZ</arg>
<arg>LA</arg>
<arg>LB</arg>
<arg>LC</arg>
<arg>LI</arg>
<arg>LK</arg>
<arg>LR</arg>
<arg>LS</arg>
<arg>LT</arg>
<arg>LU</arg>
<arg>LV</arg>
<arg>LY</arg>
<arg>MA</arg>
<arg>MC</arg>
<arg>MD</arg>
<arg>ME</arg>
<arg>MF</arg>
<arg>MG</arg>
<arg>MH</arg>
<arg>MK</arg>
<arg>ML</arg>
<arg>MM</arg>
<arg>MN</arg>
<arg>MO</arg>
<arg>MP</arg>
<arg>MQ</arg>
<arg>MR</arg>
<arg>MS</arg>
<arg>MT</arg>
<arg>MU</arg>
<arg>MV</arg>
<arg>MW</arg>
<arg>MX</arg>
<arg>MY</arg>
<arg>MZ</arg>
<arg>NA</arg>
<arg>NC</arg>
<arg>NE</arg>
<arg>NF</arg>
<arg>NG</arg>
<arg>NI</arg>
<arg>NL</arg>
<arg>NO</arg>
<arg>NP</arg>
<arg>NR</arg>
<arg>NU</arg>
<arg>NZ</arg>
<arg>OM</arg>
<arg>PA</arg>
<arg>PE</arg>
<arg>PF</arg>
<arg>PG</arg>
<arg>PH</arg>
<arg>PK</arg>
<arg>PL</arg>
<arg>PM</arg>
<arg>PN</arg>
<arg>PR</arg>
<arg>PS</arg>
<arg>PT</arg>
<arg>PW</arg>
<arg>PY</arg>
<arg>QA</arg>
<arg>RE</arg>
<arg>RO</arg>
<arg>RS</arg>
<arg>RU</arg>
<arg>RW</arg>
<arg>SA</arg>
<arg>SB</arg>
<arg>SC</arg>
<arg>SD</arg>
<arg>SE</arg>
<arg>SG</arg>
<arg>SH</arg>
<arg>SI</arg>
<arg>SJ</arg>
<arg>SK</arg>
<arg>SL</arg>
<arg>SM</arg>
<arg>SN</arg>
<arg>SO</arg>
<arg>SR</arg>
<arg>SS</arg>
<arg>ST</arg>
<arg>SV</arg>
<arg>SX</arg>
<arg>SY</arg>
<arg>SZ</arg>
<arg>TC</arg>
<arg>TD</arg>
<arg>TF</arg>
<arg>TG</arg>
<arg>TH</arg>
<arg>TJ</arg>
<arg>TK</arg>
<arg>TL</arg>
<arg>TM</arg>
<arg>TN</arg>
<arg>TO</arg>
<arg>TR</arg>
<arg>TT</arg>
<arg>TV</arg>
<arg>TW</arg>
<arg>TZ</arg>
<arg>UA</arg>
<arg>UG</arg>
<arg>UM</arg>
<arg>US</arg>
<arg>UY</arg>
<arg>UZ</arg>
<arg>VA</arg>
<arg>VC</arg>
<arg>VE</arg>
<arg>VG</arg>
<arg>VI</arg>
<arg>VN</arg>
<arg>VU</arg>
<arg>WF</arg>
<arg>WS</arg>
<arg>XK</arg>
<arg>YE</arg>
<arg>YT</arg>
<arg>ZA</arg>
<arg>ZM</arg>
<arg>ZW</arg>
<doc>Returns a list containing given items.</doc>
<status status="PASS" start="2024-03-24T15:12:17.776165" elapsed="0.000626"/>
</kw>
<kw name="List Should Contain Value" owner="Collections">
<msg time="2024-03-24T15:12:17.777917" level="INFO">False</msg>
<arg>${list_country}</arg>
<arg>${name_country}</arg>
<doc>Fails if the ``value`` is not found from ``list``.</doc>
<status status="PASS" start="2024-03-24T15:12:17.777711" elapsed="0.000245"/>
</kw>
<kw name="Run Keyword If" owner="BuiltIn">
<kw name="Should Be True" owner="BuiltIn">
<arg>${True}</arg>
<doc>Fails if the given condition is not true.</doc>
<status status="PASS" start="2024-03-24T15:12:17.779058" elapsed="0.000147"/>
</kw>
<arg>${json_data["results"][0]["location"]["coordinates"]["latitude"]} &gt;= -90 and ${json_data["results"][0]["location"]["coordinates"]["latitude"]} &lt;= 90</arg>
<arg>Should Be True</arg>
<arg>${True}</arg>
<doc>Runs the given keyword with the given arguments, if ``condition`` is true.</doc>
<status status="PASS" start="2024-03-24T15:12:17.778270" elapsed="0.001066"/>
</kw>
<kw name="Run Keyword If" owner="BuiltIn">
<kw name="Should Be True" owner="BuiltIn">
<arg>${True}</arg>
<doc>Fails if the given condition is not true.</doc>
<status status="PASS" start="2024-03-24T15:12:17.780231" elapsed="0.000139"/>
</kw>
<arg>${json_data["results"][0]["location"]["coordinates"]["longitude"]} &gt;= -180 and ${json_data["results"][0]["location"]["coordinates"]["longitude"]} &lt;= 180</arg>
<arg>Should Be True</arg>
<arg>${True}</arg>
<doc>Runs the given keyword with the given arguments, if ``condition`` is true.</doc>
<status status="PASS" start="2024-03-24T15:12:17.779526" elapsed="0.000971"/>
</kw>
<status status="PASS" start="2024-03-24T15:12:17.672866" elapsed="0.107768"/>
</kw>
<doc>Testa o conteúdo específico dos campos retornados pela API.</doc>
<tag>testeConteudo</tag>
<status status="PASS" start="2024-03-24T15:12:17.672388" elapsed="0.108406"/>
</test>
<status status="PASS" start="2024-03-24T15:12:16.954003" elapsed="0.828803"/>
</suite>
<status status="PASS" start="2024-03-24T15:12:16.940159" elapsed="0.848131"/>
</suite>
<statistics>
<total>
<stat pass="5" fail="0" skip="0">All Tests</stat>
</total>
<tag>
<stat pass="1" fail="0" skip="0">testeConteudo</stat>
<stat pass="1" fail="0" skip="0">testeEstruturaResposta</stat>
<stat pass="1" fail="0" skip="0">testeRequisicaoBasica</stat>
<stat pass="1" fail="0" skip="0">testeTiposDados</stat>
</tag>
<suite>
<stat pass="5" fail="0" skip="0" id="s1" name="Tests">Tests</stat>
<stat pass="5" fail="0" skip="0" id="s1-s1" name="Random-User-Test">Tests.Random-User-Test</stat>
</suite>
</statistics>
<errors>
</errors>
</robot>
