<?xml version="1.0" encoding="UTF-8"?>
<robot generator="Robot 7.0.1 (Python 3.12.4 on linux)" generated="2024-07-10T17:13:16.934471" rpa="false" schemaversion="5">
<suite id="s1" name="Tests" source="/home/runner/work/ApiRandomUser/ApiRandomUser/RamdonUser/tests">
<suite id="s1-s1" name="Random-User-Test" source="/home/runner/work/ApiRandomUser/ApiRandomUser/RamdonUser/tests/random-user-test.robot">
<test id="s1-s1-t1" name="Conectar" line="13">
<kw name="Conectar API" owner="random-user-service">
<kw name="Create Session" owner="RequestsLibrary">
<msg time="2024-07-10T17:13:17.318026" level="INFO">Creating Session using : alias=consultarAPI, url=https://randomuser.me/, headers={},                     cookies={}, auth=None, timeout=None, proxies=None, verify=False,                     debug=0 </msg>
<arg>consultarAPI</arg>
<arg>${URL}</arg>
<doc>Create Session: create a HTTP session to a server</doc>
<status status="PASS" start="2024-07-10T17:13:17.317834" elapsed="0.000357"/>
</kw>
<status status="PASS" start="2024-07-10T17:13:17.316915" elapsed="0.001640"/>
</kw>
<status status="PASS" start="2024-07-10T17:13:17.316408" elapsed="0.002337"/>
</test>
<test id="s1-s1-t2" name="Validar retorno 200 e JSON Válido" line="16">
<kw name="Teste de Requisicao Basica" owner="random-user-service">
<kw name="GET On Session" owner="RequestsLibrary">
<msg time="2024-07-10T17:13:17.552680" level="INFO">GET Request : url=https://randomuser.me/api 
 path_url=/api 
 headers={'User-Agent': 'python-requests/2.32.3', 'Accept-Encoding': 'gzip, deflate', 'Accept': '*/*', 'Connection': 'keep-alive'} 
 body=None 
 </msg>
<msg time="2024-07-10T17:13:17.552809" level="INFO">GET Response : url=https://randomuser.me/api 
 status=200, reason=OK 
 headers={'Date': 'Wed, 10 Jul 2024 17:13:17 GMT', 'Content-Type': 'application/json; charset=utf-8', 'Transfer-Encoding': 'chunked', 'Connection': 'keep-alive', 'X-Powered-By': 'Express', 'Access-Control-Allow-Origin': '*', 'Cache-Control': 'no-cache', 'ETag': 'W/"4a8-COPjDQgBsUxOi6vkQtJlq6f+J/E"', 'Vary': 'Accept-Encoding', 'Content-Encoding': 'gzip', 'CF-Cache-Status': 'DYNAMIC', 'Report-To': '{"endpoints":[{"url":"https:\\/\\/a.nel.cloudflare.com\\/report\\/v4?s=aPF1kJMlUEsTOvjJlsxXkJUlKVHI6e0U%2B6AGARbn8eRRO3vQYIgDXBP9TqOJUSuqlQFqZRaBh9j3F5qV2cEVmV2sMzIgtEGTMProLmiGp9U%2FqyE%2B2EIZF3TymrKjZQ7s"}],"group":"cf-nel","max_age":604800}', 'NEL': '{"success_fraction":0,"report_to":"cf-nel","max_age":604800}', 'Server': 'cloudflare', 'CF-RAY': '8a122efc3d2c0603-IAD', 'alt-svc': 'h3=":443"; ma=86400'} 
 body={"results":[{"gender":"female","name":{"title":"Mrs","first":"Damanja","last":"Moelker"},"location":{"street":{"number":4448,"name":"Guido Gezellelaan"},"city":"Lieren","state":"Noord-Holland","country":"Netherlands","postcode":"4980 EZ","coordinates":{"latitude":"38.4708","longitude":"34.3507"},"timezone":{"offset":"-5:00","description":"Eastern Time (US &amp; Canada), Bogota, Lima"}},"email":"damanja.moelker@example.com","login":{"uuid":"27937a7a-f2f1-4132-b435-e42c12d6b1cd","username":"goldentiger380","password":"carrot","salt":"j9ehoj9r","md5":"b384852da2bac18ea525c854c5f3d5cb","sha1":"984375373d1488c8e80f56a2cc41728cfa6f6a2b","sha256":"13ff10b0d5541feadc8c951fac422f2488011d4ef0f4aa9df69f88728dd749f5"},"dob":{"date":"1954-11-09T16:19:18.356Z","age":69},"registered":{"date":"2017-11-04T03:25:32.766Z","age":6},"phone":"(018) 4707845","cell":"(06) 21655422","id":{"name":"BSN","value":"55034445"},"picture":{"large":"https://randomuser.me/api/portraits/women/9.jpg","medium":"https://randomuser.me/api/portraits/med/women/9.jpg","thumbnail":"https://randomuser.me/api/portraits/thumb/women/9.jpg"},"nat":"NL"}],"info":{"seed":"1f57877b4ced1d40","results":1,"page":1,"version":"1.4"}} 
 </msg>
<msg time="2024-07-10T17:13:17.552894" level="INFO">/opt/hostedtoolcache/Python/3.12.4/x64/lib/python3.12/site-packages/urllib3/connectionpool.py:1099: InsecureRequestWarning: Unverified HTTPS request is being made to host 'randomuser.me'. Adding certificate verification is strongly advised. See: https://urllib3.readthedocs.io/en/latest/advanced-usage.html#tls-warnings
  warnings.warn(</msg>
<msg time="2024-07-10T17:13:17.553004" level="INFO">${response} = &lt;Response [200]&gt;</msg>
<var>${response}</var>
<arg>consultarAPI</arg>
<arg>/api</arg>
<doc>Sends a GET request on a previously created HTTP Session.</doc>
<status status="PASS" start="2024-07-10T17:13:17.321303" elapsed="0.231744"/>
</kw>
<kw name="Should Be Equal As Numbers" owner="BuiltIn">
<msg time="2024-07-10T17:13:17.553995" level="INFO">Argument types are:
&lt;class 'int'&gt;
&lt;class 'str'&gt;</msg>
<arg>${response.status_code}</arg>
<arg>200</arg>
<doc>Fails if objects are unequal after converting them to real numbers.</doc>
<status status="PASS" start="2024-07-10T17:13:17.553512" elapsed="0.000546"/>
</kw>
<kw name="Log" owner="BuiltIn">
<msg time="2024-07-10T17:13:17.554767" level="INFO">200</msg>
<arg>${response.status_code}</arg>
<doc>Logs the given message with the given level.</doc>
<status status="PASS" start="2024-07-10T17:13:17.554405" elapsed="0.000405"/>
</kw>
<kw name="Set Variable" owner="BuiltIn">
<msg time="2024-07-10T17:13:17.555542" level="INFO">${json_data} = {'results': [{'gender': 'female', 'name': {'title': 'Mrs', 'first': 'Damanja', 'last': 'Moelker'}, 'location': {'street': {'number': 4448, 'name': 'Guido Gezellelaan'}, 'city': 'Lieren', 'state': 'Noo...</msg>
<var>${json_data}</var>
<arg>${response.json()}</arg>
<doc>Returns the given values which can then be assigned to a variables.</doc>
<status status="PASS" start="2024-07-10T17:13:17.555121" elapsed="0.000449"/>
</kw>
<kw name="Dictionary Should Contain Key" owner="Collections">
<arg>${json_data}</arg>
<arg>results</arg>
<doc>Fails if ``key`` is not found from ``dictionary``.</doc>
<status status="PASS" start="2024-07-10T17:13:17.555861" elapsed="0.000162"/>
</kw>
<status status="PASS" start="2024-07-10T17:13:17.321058" elapsed="0.235114"/>
</kw>
<doc>Testa se a API responde corretamente e retorna um objeto JSON válido.</doc>
<tag>testeRequisicaoBasica</tag>
<status status="PASS" start="2024-07-10T17:13:17.320609" elapsed="0.235726"/>
</test>
<test id="s1-s1-t3" name="Validar estrutura de resposta" line="22">
<kw name="Teste de Estrutura de Resposta" owner="random-user-service">
<kw name="GET On Session" owner="RequestsLibrary">
<msg time="2024-07-10T17:13:17.608862" level="INFO">GET Request : url=https://randomuser.me/api 
 path_url=/api 
 headers={'User-Agent': 'python-requests/2.32.3', 'Accept-Encoding': 'gzip, deflate', 'Accept': '*/*', 'Connection': 'keep-alive'} 
 body=None 
 </msg>
<msg time="2024-07-10T17:13:17.608948" level="INFO">GET Response : url=https://randomuser.me/api 
 status=200, reason=OK 
 headers={'Date': 'Wed, 10 Jul 2024 17:13:17 GMT', 'Content-Type': 'application/json; charset=utf-8', 'Transfer-Encoding': 'chunked', 'Connection': 'keep-alive', 'X-Powered-By': 'Express', 'Access-Control-Allow-Origin': '*', 'Cache-Control': 'no-cache', 'ETag': 'W/"465-HqbhLC7RvE7qfAMjPODgek7v6xQ"', 'Vary': 'Accept-Encoding', 'Content-Encoding': 'gzip', 'CF-Cache-Status': 'DYNAMIC', 'Report-To': '{"endpoints":[{"url":"https:\\/\\/a.nel.cloudflare.com\\/report\\/v4?s=N9um0Kw0BYVr1dN59uurfPDURrfq9jsZflaYgpH%2F9Utf0btZX2HoaUkPRmXD7%2BBkjReQprI5SH%2FCWHNRLKNpukpDySJJv6IlsHE8otKrEMGVanLJxrk5CWYsXnQcltO%2B"}],"group":"cf-nel","max_age":604800}', 'NEL': '{"success_fraction":0,"report_to":"cf-nel","max_age":604800}', 'Server': 'cloudflare', 'CF-RAY': '8a122efcddd60603-IAD', 'alt-svc': 'h3=":443"; ma=86400'} 
 body={"results":[{"gender":"female","name":{"title":"Ms","first":"Amy","last":"Taylor"},"location":{"street":{"number":1178,"name":"Green Lane"},"city":"Cobh","state":"Kerry","country":"Ireland","postcode":24171,"coordinates":{"latitude":"-1.1291","longitude":"151.8302"},"timezone":{"offset":"+4:30","description":"Kabul"}},"email":"amy.taylor@example.com","login":{"uuid":"1eda1346-209f-4e04-9376-6c929cb099a7","username":"happygorilla787","password":"jabber","salt":"cJ76apZp","md5":"0b4072bafce23b562bc63f3a240622bf","sha1":"4bd373404977a1c85bbe4974259615a501019c5e","sha256":"e20806e8312527cd3f994dc1a0680b31432c45378f5eca9d027de89b373ac03d"},"dob":{"date":"1979-06-17T19:10:36.967Z","age":45},"registered":{"date":"2005-10-14T14:07:30.873Z","age":18},"phone":"061-706-6640","cell":"081-852-9627","id":{"name":"PPS","value":"0489216T"},"picture":{"large":"https://randomuser.me/api/portraits/women/58.jpg","medium":"https://randomuser.me/api/portraits/med/women/58.jpg","thumbnail":"https://randomuser.me/api/portraits/thumb/women/58.jpg"},"nat":"IE"}],"info":{"seed":"da690ba1080c4cf8","results":1,"page":1,"version":"1.4"}} 
 </msg>
<msg time="2024-07-10T17:13:17.609045" level="INFO">/opt/hostedtoolcache/Python/3.12.4/x64/lib/python3.12/site-packages/urllib3/connectionpool.py:1099: InsecureRequestWarning: Unverified HTTPS request is being made to host 'randomuser.me'. Adding certificate verification is strongly advised. See: https://urllib3.readthedocs.io/en/latest/advanced-usage.html#tls-warnings
  warnings.warn(</msg>
<msg time="2024-07-10T17:13:17.609139" level="INFO">${response} = &lt;Response [200]&gt;</msg>
<var>${response}</var>
<arg>consultarAPI</arg>
<arg>/api</arg>
<doc>Sends a GET request on a previously created HTTP Session.</doc>
<status status="PASS" start="2024-07-10T17:13:17.558849" elapsed="0.050333"/>
</kw>
<kw name="Set Variable" owner="BuiltIn">
<msg time="2024-07-10T17:13:17.610158" level="INFO">${json_data} = {'results': [{'gender': 'female', 'name': {'title': 'Ms', 'first': 'Amy', 'last': 'Taylor'}, 'location': {'street': {'number': 1178, 'name': 'Green Lane'}, 'city': 'Cobh', 'state': 'Kerry', 'country':...</msg>
<var>${json_data}</var>
<arg>${response.json()}</arg>
<doc>Returns the given values which can then be assigned to a variables.</doc>
<status status="PASS" start="2024-07-10T17:13:17.609625" elapsed="0.000562"/>
</kw>
<kw name="Log" owner="BuiltIn">
<msg time="2024-07-10T17:13:17.610683" level="INFO">{'results': [{'gender': 'female', 'name': {'title': 'Ms', 'first': 'Amy', 'last': 'Taylor'}, 'location': {'street': {'number': 1178, 'name': 'Green Lane'}, 'city': 'Cobh', 'state': 'Kerry', 'country': 'Ireland', 'postcode': 24171, 'coordinates': {'latitude': '-1.1291', 'longitude': '151.8302'}, 'timezone': {'offset': '+4:30', 'description': 'Kabul'}}, 'email': 'amy.taylor@example.com', 'login': {'uuid': '1eda1346-209f-4e04-9376-6c929cb099a7', 'username': 'happygorilla787', 'password': 'jabber', 'salt': 'cJ76apZp', 'md5': '0b4072bafce23b562bc63f3a240622bf', 'sha1': '4bd373404977a1c85bbe4974259615a501019c5e', 'sha256': 'e20806e8312527cd3f994dc1a0680b31432c45378f5eca9d027de89b373ac03d'}, 'dob': {'date': '1979-06-17T19:10:36.967Z', 'age': 45}, 'registered': {'date': '2005-10-14T14:07:30.873Z', 'age': 18}, 'phone': '061-706-6640', 'cell': '081-852-9627', 'id': {'name': 'PPS', 'value': '0489216T'}, 'picture': {'large': 'https://randomuser.me/api/portraits/women/58.jpg', 'medium': 'https://randomuser.me/api/portraits/med/women/58.jpg', 'thumbnail': 'https://randomuser.me/api/portraits/thumb/women/58.jpg'}, 'nat': 'IE'}], 'info': {'seed': 'da690ba1080c4cf8', 'results': 1, 'page': 1, 'version': '1.4'}}</msg>
<arg>${json_data}</arg>
<doc>Logs the given message with the given level.</doc>
<status status="PASS" start="2024-07-10T17:13:17.610529" elapsed="0.000202"/>
</kw>
<kw name="Dictionary Should Contain Key" owner="Collections">
<arg>${json_data}</arg>
<arg>results</arg>
<doc>Fails if ``key`` is not found from ``dictionary``.</doc>
<status status="PASS" start="2024-07-10T17:13:17.611023" elapsed="0.000156"/>
</kw>
<kw name="Should Not Be Empty" owner="BuiltIn">
<msg time="2024-07-10T17:13:17.611488" level="INFO">Length is 2.</msg>
<arg>${json_data}</arg>
<doc>Verifies that the given item is not empty.</doc>
<status status="PASS" start="2024-07-10T17:13:17.611361" elapsed="0.000165"/>
</kw>
<kw name="Create List" owner="BuiltIn">
<msg time="2024-07-10T17:13:17.611967" level="INFO">${expected_keys} = ['gender', 'name', 'location', 'email', 'login']</msg>
<var>${expected_keys}</var>
<arg>gender</arg>
<arg>name</arg>
<arg>location</arg>
<arg>email</arg>
<arg>login</arg>
<doc>Returns a list containing given items.</doc>
<status status="PASS" start="2024-07-10T17:13:17.611820" elapsed="0.000171"/>
</kw>
<for flavor="IN">
<iter>
<kw name="Dictionary Should Contain Key" owner="Collections">
<arg>${json_data['results'][0]}</arg>
<arg>${key}</arg>
<doc>Fails if ``key`` is not found from ``dictionary``.</doc>
<status status="PASS" start="2024-07-10T17:13:17.612664" elapsed="0.000398"/>
</kw>
<kw name="Log" owner="BuiltIn">
<msg time="2024-07-10T17:13:17.613611" level="INFO">{'gender': 'female', 'name': {'title': 'Ms', 'first': 'Amy', 'last': 'Taylor'}, 'location': {'street': {'number': 1178, 'name': 'Green Lane'}, 'city': 'Cobh', 'state': 'Kerry', 'country': 'Ireland', 'postcode': 24171, 'coordinates': {'latitude': '-1.1291', 'longitude': '151.8302'}, 'timezone': {'offset': '+4:30', 'description': 'Kabul'}}, 'email': 'amy.taylor@example.com', 'login': {'uuid': '1eda1346-209f-4e04-9376-6c929cb099a7', 'username': 'happygorilla787', 'password': 'jabber', 'salt': 'cJ76apZp', 'md5': '0b4072bafce23b562bc63f3a240622bf', 'sha1': '4bd373404977a1c85bbe4974259615a501019c5e', 'sha256': 'e20806e8312527cd3f994dc1a0680b31432c45378f5eca9d027de89b373ac03d'}, 'dob': {'date': '1979-06-17T19:10:36.967Z', 'age': 45}, 'registered': {'date': '2005-10-14T14:07:30.873Z', 'age': 18}, 'phone': '061-706-6640', 'cell': '081-852-9627', 'id': {'name': 'PPS', 'value': '0489216T'}, 'picture': {'large': 'https://randomuser.me/api/portraits/women/58.jpg', 'medium': 'https://randomuser.me/api/portraits/med/women/58.jpg', 'thumbnail': 'https://randomuser.me/api/portraits/thumb/women/58.jpg'}, 'nat': 'IE'}</msg>
<arg>${json_data['results'][0]}</arg>
<doc>Logs the given message with the given level.</doc>
<status status="PASS" start="2024-07-10T17:13:17.613252" elapsed="0.000408"/>
</kw>
<kw name="Log" owner="BuiltIn">
<msg time="2024-07-10T17:13:17.614088" level="INFO">gender</msg>
<arg>${key}</arg>
<doc>Logs the given message with the given level.</doc>
<status status="PASS" start="2024-07-10T17:13:17.613958" elapsed="0.000169"/>
</kw>
<var name="${key}">gender</var>
<status status="PASS" start="2024-07-10T17:13:17.612541" elapsed="0.001800"/>
</iter>
<iter>
<kw name="Dictionary Should Contain Key" owner="Collections">
<arg>${json_data['results'][0]}</arg>
<arg>${key}</arg>
<doc>Fails if ``key`` is not found from ``dictionary``.</doc>
<status status="PASS" start="2024-07-10T17:13:17.614673" elapsed="0.000388"/>
</kw>
<kw name="Log" owner="BuiltIn">
<msg time="2024-07-10T17:13:17.615591" level="INFO">{'gender': 'female', 'name': {'title': 'Ms', 'first': 'Amy', 'last': 'Taylor'}, 'location': {'street': {'number': 1178, 'name': 'Green Lane'}, 'city': 'Cobh', 'state': 'Kerry', 'country': 'Ireland', 'postcode': 24171, 'coordinates': {'latitude': '-1.1291', 'longitude': '151.8302'}, 'timezone': {'offset': '+4:30', 'description': 'Kabul'}}, 'email': 'amy.taylor@example.com', 'login': {'uuid': '1eda1346-209f-4e04-9376-6c929cb099a7', 'username': 'happygorilla787', 'password': 'jabber', 'salt': 'cJ76apZp', 'md5': '0b4072bafce23b562bc63f3a240622bf', 'sha1': '4bd373404977a1c85bbe4974259615a501019c5e', 'sha256': 'e20806e8312527cd3f994dc1a0680b31432c45378f5eca9d027de89b373ac03d'}, 'dob': {'date': '1979-06-17T19:10:36.967Z', 'age': 45}, 'registered': {'date': '2005-10-14T14:07:30.873Z', 'age': 18}, 'phone': '061-706-6640', 'cell': '081-852-9627', 'id': {'name': 'PPS', 'value': '0489216T'}, 'picture': {'large': 'https://randomuser.me/api/portraits/women/58.jpg', 'medium': 'https://randomuser.me/api/portraits/med/women/58.jpg', 'thumbnail': 'https://randomuser.me/api/portraits/thumb/women/58.jpg'}, 'nat': 'IE'}</msg>
<arg>${json_data['results'][0]}</arg>
<doc>Logs the given message with the given level.</doc>
<status status="PASS" start="2024-07-10T17:13:17.615243" elapsed="0.000428"/>
</kw>
<kw name="Log" owner="BuiltIn">
<msg time="2024-07-10T17:13:17.616098" level="INFO">name</msg>
<arg>${key}</arg>
<doc>Logs the given message with the given level.</doc>
<status status="PASS" start="2024-07-10T17:13:17.615970" elapsed="0.000167"/>
</kw>
<var name="${key}">name</var>
<status status="PASS" start="2024-07-10T17:13:17.614562" elapsed="0.001792"/>
</iter>
<iter>
<kw name="Dictionary Should Contain Key" owner="Collections">
<arg>${json_data['results'][0]}</arg>
<arg>${key}</arg>
<doc>Fails if ``key`` is not found from ``dictionary``.</doc>
<status status="PASS" start="2024-07-10T17:13:17.616637" elapsed="0.000376"/>
</kw>
<kw name="Log" owner="BuiltIn">
<msg time="2024-07-10T17:13:17.617539" level="INFO">{'gender': 'female', 'name': {'title': 'Ms', 'first': 'Amy', 'last': 'Taylor'}, 'location': {'street': {'number': 1178, 'name': 'Green Lane'}, 'city': 'Cobh', 'state': 'Kerry', 'country': 'Ireland', 'postcode': 24171, 'coordinates': {'latitude': '-1.1291', 'longitude': '151.8302'}, 'timezone': {'offset': '+4:30', 'description': 'Kabul'}}, 'email': 'amy.taylor@example.com', 'login': {'uuid': '1eda1346-209f-4e04-9376-6c929cb099a7', 'username': 'happygorilla787', 'password': 'jabber', 'salt': 'cJ76apZp', 'md5': '0b4072bafce23b562bc63f3a240622bf', 'sha1': '4bd373404977a1c85bbe4974259615a501019c5e', 'sha256': 'e20806e8312527cd3f994dc1a0680b31432c45378f5eca9d027de89b373ac03d'}, 'dob': {'date': '1979-06-17T19:10:36.967Z', 'age': 45}, 'registered': {'date': '2005-10-14T14:07:30.873Z', 'age': 18}, 'phone': '061-706-6640', 'cell': '081-852-9627', 'id': {'name': 'PPS', 'value': '0489216T'}, 'picture': {'large': 'https://randomuser.me/api/portraits/women/58.jpg', 'medium': 'https://randomuser.me/api/portraits/med/women/58.jpg', 'thumbnail': 'https://randomuser.me/api/portraits/thumb/women/58.jpg'}, 'nat': 'IE'}</msg>
<arg>${json_data['results'][0]}</arg>
<doc>Logs the given message with the given level.</doc>
<status status="PASS" start="2024-07-10T17:13:17.617194" elapsed="0.000403"/>
</kw>
<kw name="Log" owner="BuiltIn">
<msg time="2024-07-10T17:13:17.618021" level="INFO">location</msg>
<arg>${key}</arg>
<doc>Logs the given message with the given level.</doc>
<status status="PASS" start="2024-07-10T17:13:17.617894" elapsed="0.000164"/>
</kw>
<var name="${key}">location</var>
<status status="PASS" start="2024-07-10T17:13:17.616531" elapsed="0.001740"/>
</iter>
<iter>
<kw name="Dictionary Should Contain Key" owner="Collections">
<arg>${json_data['results'][0]}</arg>
<arg>${key}</arg>
<doc>Fails if ``key`` is not found from ``dictionary``.</doc>
<status status="PASS" start="2024-07-10T17:13:17.618594" elapsed="0.000384"/>
</kw>
<kw name="Log" owner="BuiltIn">
<msg time="2024-07-10T17:13:17.619511" level="INFO">{'gender': 'female', 'name': {'title': 'Ms', 'first': 'Amy', 'last': 'Taylor'}, 'location': {'street': {'number': 1178, 'name': 'Green Lane'}, 'city': 'Cobh', 'state': 'Kerry', 'country': 'Ireland', 'postcode': 24171, 'coordinates': {'latitude': '-1.1291', 'longitude': '151.8302'}, 'timezone': {'offset': '+4:30', 'description': 'Kabul'}}, 'email': 'amy.taylor@example.com', 'login': {'uuid': '1eda1346-209f-4e04-9376-6c929cb099a7', 'username': 'happygorilla787', 'password': 'jabber', 'salt': 'cJ76apZp', 'md5': '0b4072bafce23b562bc63f3a240622bf', 'sha1': '4bd373404977a1c85bbe4974259615a501019c5e', 'sha256': 'e20806e8312527cd3f994dc1a0680b31432c45378f5eca9d027de89b373ac03d'}, 'dob': {'date': '1979-06-17T19:10:36.967Z', 'age': 45}, 'registered': {'date': '2005-10-14T14:07:30.873Z', 'age': 18}, 'phone': '061-706-6640', 'cell': '081-852-9627', 'id': {'name': 'PPS', 'value': '0489216T'}, 'picture': {'large': 'https://randomuser.me/api/portraits/women/58.jpg', 'medium': 'https://randomuser.me/api/portraits/med/women/58.jpg', 'thumbnail': 'https://randomuser.me/api/portraits/thumb/women/58.jpg'}, 'nat': 'IE'}</msg>
<arg>${json_data['results'][0]}</arg>
<doc>Logs the given message with the given level.</doc>
<status status="PASS" start="2024-07-10T17:13:17.619168" elapsed="0.000391"/>
</kw>
<kw name="Log" owner="BuiltIn">
<msg time="2024-07-10T17:13:17.619983" level="INFO">email</msg>
<arg>${key}</arg>
<doc>Logs the given message with the given level.</doc>
<status status="PASS" start="2024-07-10T17:13:17.619857" elapsed="0.000166"/>
</kw>
<var name="${key}">email</var>
<status status="PASS" start="2024-07-10T17:13:17.618487" elapsed="0.001747"/>
</iter>
<iter>
<kw name="Dictionary Should Contain Key" owner="Collections">
<arg>${json_data['results'][0]}</arg>
<arg>${key}</arg>
<doc>Fails if ``key`` is not found from ``dictionary``.</doc>
<status status="PASS" start="2024-07-10T17:13:17.620599" elapsed="0.000600"/>
</kw>
<kw name="Log" owner="BuiltIn">
<msg time="2024-07-10T17:13:17.621799" level="INFO">{'gender': 'female', 'name': {'title': 'Ms', 'first': 'Amy', 'last': 'Taylor'}, 'location': {'street': {'number': 1178, 'name': 'Green Lane'}, 'city': 'Cobh', 'state': 'Kerry', 'country': 'Ireland', 'postcode': 24171, 'coordinates': {'latitude': '-1.1291', 'longitude': '151.8302'}, 'timezone': {'offset': '+4:30', 'description': 'Kabul'}}, 'email': 'amy.taylor@example.com', 'login': {'uuid': '1eda1346-209f-4e04-9376-6c929cb099a7', 'username': 'happygorilla787', 'password': 'jabber', 'salt': 'cJ76apZp', 'md5': '0b4072bafce23b562bc63f3a240622bf', 'sha1': '4bd373404977a1c85bbe4974259615a501019c5e', 'sha256': 'e20806e8312527cd3f994dc1a0680b31432c45378f5eca9d027de89b373ac03d'}, 'dob': {'date': '1979-06-17T19:10:36.967Z', 'age': 45}, 'registered': {'date': '2005-10-14T14:07:30.873Z', 'age': 18}, 'phone': '061-706-6640', 'cell': '081-852-9627', 'id': {'name': 'PPS', 'value': '0489216T'}, 'picture': {'large': 'https://randomuser.me/api/portraits/women/58.jpg', 'medium': 'https://randomuser.me/api/portraits/med/women/58.jpg', 'thumbnail': 'https://randomuser.me/api/portraits/thumb/women/58.jpg'}, 'nat': 'IE'}</msg>
<arg>${json_data['results'][0]}</arg>
<doc>Logs the given message with the given level.</doc>
<status status="PASS" start="2024-07-10T17:13:17.621439" elapsed="0.000409"/>
</kw>
<kw name="Log" owner="BuiltIn">
<msg time="2024-07-10T17:13:17.622269" level="INFO">login</msg>
<arg>${key}</arg>
<doc>Logs the given message with the given level.</doc>
<status status="PASS" start="2024-07-10T17:13:17.622142" elapsed="0.000167"/>
</kw>
<var name="${key}">login</var>
<status status="PASS" start="2024-07-10T17:13:17.620431" elapsed="0.002133"/>
</iter>
<var>${key}</var>
<value>@{expected_keys}</value>
<status status="PASS" start="2024-07-10T17:13:17.612363" elapsed="0.010324"/>
</for>
<kw name="Create List" owner="BuiltIn">
<msg time="2024-07-10T17:13:17.623008" level="INFO">${expected_keysTwo} = ['username', 'password']</msg>
<var>${expected_keysTwo}</var>
<arg>username</arg>
<arg>password</arg>
<doc>Returns a list containing given items.</doc>
<status status="PASS" start="2024-07-10T17:13:17.622874" elapsed="0.000158"/>
</kw>
<for flavor="IN">
<iter>
<kw name="Dictionary Should Contain Key" owner="Collections">
<arg>${json_data['results'][0]['login']}</arg>
<arg>${keyTwo}</arg>
<doc>Fails if ``key`` is not found from ``dictionary``.</doc>
<status status="PASS" start="2024-07-10T17:13:17.623556" elapsed="0.000386"/>
</kw>
<kw name="Dictionary Should Contain Key" owner="Collections">
<arg>${json_data['results'][0]['login']}</arg>
<arg>${keyTwo}</arg>
<doc>Fails if ``key`` is not found from ``dictionary``.</doc>
<status status="PASS" start="2024-07-10T17:13:17.624126" elapsed="0.000370"/>
</kw>
<kw name="Log" owner="BuiltIn">
<msg time="2024-07-10T17:13:17.624800" level="INFO">username</msg>
<arg>${keyTwo}</arg>
<doc>Logs the given message with the given level.</doc>
<status status="PASS" start="2024-07-10T17:13:17.624678" elapsed="0.000160"/>
</kw>
<var name="${keyTwo}">username</var>
<status status="PASS" start="2024-07-10T17:13:17.623448" elapsed="0.001613"/>
</iter>
<iter>
<kw name="Dictionary Should Contain Key" owner="Collections">
<arg>${json_data['results'][0]['login']}</arg>
<arg>${keyTwo}</arg>
<doc>Fails if ``key`` is not found from ``dictionary``.</doc>
<status status="PASS" start="2024-07-10T17:13:17.625339" elapsed="0.000378"/>
</kw>
<kw name="Dictionary Should Contain Key" owner="Collections">
<arg>${json_data['results'][0]['login']}</arg>
<arg>${keyTwo}</arg>
<doc>Fails if ``key`` is not found from ``dictionary``.</doc>
<status status="PASS" start="2024-07-10T17:13:17.625895" elapsed="0.000372"/>
</kw>
<kw name="Log" owner="BuiltIn">
<msg time="2024-07-10T17:13:17.626611" level="INFO">password</msg>
<arg>${keyTwo}</arg>
<doc>Logs the given message with the given level.</doc>
<status status="PASS" start="2024-07-10T17:13:17.626487" elapsed="0.000167"/>
</kw>
<var name="${keyTwo}">password</var>
<status status="PASS" start="2024-07-10T17:13:17.625233" elapsed="0.001640"/>
</iter>
<var>${keyTwo}</var>
<value>@{expected_keysTwo}</value>
<status status="PASS" start="2024-07-10T17:13:17.623293" elapsed="0.003702"/>
</for>
<status status="PASS" start="2024-07-10T17:13:17.558624" elapsed="0.068507"/>
</kw>
<doc>Testa a estrutura da resposta da API.</doc>
<tag>testeEstruturaResposta</tag>
<status status="PASS" start="2024-07-10T17:13:17.558132" elapsed="0.069144"/>
</test>
<test id="s1-s1-t4" name="Validar tipos de dados" line="28">
<kw name="Teste de Tipos de Dados" owner="random-user-service">
<kw name="GET On Session" owner="RequestsLibrary">
<msg time="2024-07-10T17:13:17.701769" level="INFO">GET Request : url=https://randomuser.me/api 
 path_url=/api 
 headers={'User-Agent': 'python-requests/2.32.3', 'Accept-Encoding': 'gzip, deflate', 'Accept': '*/*', 'Connection': 'keep-alive'} 
 body=None 
 </msg>
<msg time="2024-07-10T17:13:17.701853" level="INFO">GET Response : url=https://randomuser.me/api 
 status=200, reason=OK 
 headers={'Date': 'Wed, 10 Jul 2024 17:13:17 GMT', 'Content-Type': 'application/json; charset=utf-8', 'Transfer-Encoding': 'chunked', 'Connection': 'keep-alive', 'X-Powered-By': 'Express', 'Access-Control-Allow-Origin': '*', 'Cache-Control': 'no-cache', 'ETag': 'W/"4cc-YHeQyFBdvGJuNyNZx39E5Pob4w8"', 'Vary': 'Accept-Encoding', 'Content-Encoding': 'gzip', 'CF-Cache-Status': 'DYNAMIC', 'Report-To': '{"endpoints":[{"url":"https:\\/\\/a.nel.cloudflare.com\\/report\\/v4?s=d1KR6f3ouRlqxXaRSu6aut9kam6fpW7vy6PJaeU9HX5tbqjTUsPmg1VGp5mCvLB27Vvoz8c1yIqnYbohZ6RezwFSLUy1Pb%2BSz1TshZ%2FWmKlvITaO6YoPP%2Bc2GTlPLhSU"}],"group":"cf-nel","max_age":604800}', 'NEL': '{"success_fraction":0,"report_to":"cf-nel","max_age":604800}', 'Server': 'cloudflare', 'CF-RAY': '8a122efd4e4c0603-IAD', 'alt-svc': 'h3=":443"; ma=86400'} 
 body={"results":[{"gender":"female","name":{"title":"Miss","first":"Concepción","last":"Zapata"},"location":{"street":{"number":2600,"name":"Ampliación Sur Zapata"},"city":"Santa Ana Amatlán (Santa Ana)","state":"Baja California","country":"Mexico","postcode":28585,"coordinates":{"latitude":"21.6551","longitude":"1.7255"},"timezone":{"offset":"+3:00","description":"Baghdad, Riyadh, Moscow, St. Petersburg"}},"email":"concepcion.zapata@example.com","login":{"uuid":"3f3840c0-31cd-4112-8654-218a7196297c","username":"crazydog198","password":"enrique","salt":"eVZgfkIB","md5":"c3001deb443a345aa10eb4f978dc79bd","sha1":"34d51e59da8e55eb3a08e644ac422360f3d5509b","sha256":"1e74b90de46cb9d4fba5acb4446e452bf481b5ae3addcc84ebb972757a771898"},"dob":{"date":"1973-04-02T20:40:20.874Z","age":51},"registered":{"date":"2015-03-17T19:57:16.101Z","age":9},"phone":"(616) 415 4819","cell":"(654) 721 2615","id":{"name":"NSS","value":"23 94 34 1737 0"},"picture":{"large":"https://randomuser.me/api/portraits/women/44.jpg","medium":"https://randomuser.me/api/portraits/med/women/44.jpg","thumbnail":"https://randomuser.me/api/portraits/thumb/women/44.jpg"},"nat":"MX"}],"info":{"seed":"ec029051d419687a","results":1,"page":1,"version":"1.4"}} 
 </msg>
<msg time="2024-07-10T17:13:17.701928" level="INFO">/opt/hostedtoolcache/Python/3.12.4/x64/lib/python3.12/site-packages/urllib3/connectionpool.py:1099: InsecureRequestWarning: Unverified HTTPS request is being made to host 'randomuser.me'. Adding certificate verification is strongly advised. See: https://urllib3.readthedocs.io/en/latest/advanced-usage.html#tls-warnings
  warnings.warn(</msg>
<msg time="2024-07-10T17:13:17.702050" level="INFO">${response} = &lt;Response [200]&gt;</msg>
<var>${response}</var>
<arg>consultarAPI</arg>
<arg>/api</arg>
<doc>Sends a GET request on a previously created HTTP Session.</doc>
<status status="PASS" start="2024-07-10T17:13:17.630110" elapsed="0.071995"/>
</kw>
<kw name="Set Variable" owner="BuiltIn">
<msg time="2024-07-10T17:13:17.703137" level="INFO">${json_data} = {'results': [{'gender': 'female', 'name': {'title': 'Miss', 'first': 'Concepción', 'last': 'Zapata'}, 'location': {'street': {'number': 2600, 'name': 'Ampliación Sur Zapata'}, 'city': 'Santa Ana Amatl...</msg>
<var>${json_data}</var>
<arg>${response.json()}</arg>
<doc>Returns the given values which can then be assigned to a variables.</doc>
<status status="PASS" start="2024-07-10T17:13:17.702600" elapsed="0.000567"/>
</kw>
<kw name="Log" owner="BuiltIn">
<msg time="2024-07-10T17:13:17.703636" level="INFO">{'results': [{'gender': 'female', 'name': {'title': 'Miss', 'first': 'Concepción', 'last': 'Zapata'}, 'location': {'street': {'number': 2600, 'name': 'Ampliación Sur Zapata'}, 'city': 'Santa Ana Amatlán (Santa Ana)', 'state': 'Baja California', 'country': 'Mexico', 'postcode': 28585, 'coordinates': {'latitude': '21.6551', 'longitude': '1.7255'}, 'timezone': {'offset': '+3:00', 'description': 'Baghdad, Riyadh, Moscow, St. Petersburg'}}, 'email': 'concepcion.zapata@example.com', 'login': {'uuid': '3f3840c0-31cd-4112-8654-218a7196297c', 'username': 'crazydog198', 'password': 'enrique', 'salt': 'eVZgfkIB', 'md5': 'c3001deb443a345aa10eb4f978dc79bd', 'sha1': '34d51e59da8e55eb3a08e644ac422360f3d5509b', 'sha256': '1e74b90de46cb9d4fba5acb4446e452bf481b5ae3addcc84ebb972757a771898'}, 'dob': {'date': '1973-04-02T20:40:20.874Z', 'age': 51}, 'registered': {'date': '2015-03-17T19:57:16.101Z', 'age': 9}, 'phone': '(616) 415 4819', 'cell': '(654) 721 2615', 'id': {'name': 'NSS', 'value': '23 94 34 1737 0'}, 'picture': {'large': 'https://randomuser.me/api/portraits/women/44.jpg', 'medium': 'https://randomuser.me/api/portraits/med/women/44.jpg', 'thumbnail': 'https://randomuser.me/api/portraits/thumb/women/44.jpg'}, 'nat': 'MX'}], 'info': {'seed': 'ec029051d419687a', 'results': 1, 'page': 1, 'version': '1.4'}}</msg>
<arg>${json_data}</arg>
<doc>Logs the given message with the given level.</doc>
<status status="PASS" start="2024-07-10T17:13:17.703482" elapsed="0.000203"/>
</kw>
<kw name="Should Be String" owner="String">
<arg>${json_data['results'][0]['gender']}</arg>
<doc>Fails if the given ``item`` is not a string.</doc>
<status status="PASS" start="2024-07-10T17:13:17.703975" elapsed="0.000358"/>
</kw>
<kw name="Should Match Regexp" owner="BuiltIn">
<arg>${json_data['results'][0]['email']}</arg>
<arg>^[a-zA-Z0-9._%+-]+@[a-zA-Z0-9.-]+\.[a-zA-Z]{2,}$</arg>
<doc>Fails if ``string`` does not match ``pattern`` as a regular expression.</doc>
<status status="PASS" start="2024-07-10T17:13:17.704520" elapsed="0.000489"/>
</kw>
<kw name="Should Match Regexp" owner="BuiltIn">
<arg>${json_data['results'][0]['dob']['date']}</arg>
<arg>\\d{4}-\\d{2}-\\d{2}T\\d{2}:\\d{2}:\\d{2}\\.\\d{3}Z</arg>
<doc>Fails if ``string`` does not match ``pattern`` as a regular expression.</doc>
<status status="PASS" start="2024-07-10T17:13:17.705235" elapsed="0.000481"/>
</kw>
<kw name="Should Match Regexp" owner="BuiltIn">
<arg>${json_data['results'][0]['registered']['date']}</arg>
<arg>\\d{4}-\\d{2}-\\d{2}T\\d{2}:\\d{2}:\\d{2}\\.\\d{3}Z</arg>
<doc>Fails if ``string`` does not match ``pattern`` as a regular expression.</doc>
<status status="PASS" start="2024-07-10T17:13:17.705907" elapsed="0.000363"/>
</kw>
<kw name="Should Match Regexp" owner="BuiltIn">
<arg>${json_data['results'][0]['picture']['large']}</arg>
<arg>^https?://.*\.(?:png|jpe?g|gif|bmp)$</arg>
<doc>Fails if ``string`` does not match ``pattern`` as a regular expression.</doc>
<status status="PASS" start="2024-07-10T17:13:17.706496" elapsed="0.000465"/>
</kw>
<kw name="Should Match Regexp" owner="BuiltIn">
<arg>${json_data['results'][0]['picture']['medium']}</arg>
<arg>^https?://.*\.(?:png|jpe?g|gif|bmp)$</arg>
<doc>Fails if ``string`` does not match ``pattern`` as a regular expression.</doc>
<status status="PASS" start="2024-07-10T17:13:17.707149" elapsed="0.000348"/>
</kw>
<kw name="Should Match Regexp" owner="BuiltIn">
<arg>${json_data['results'][0]['picture']['thumbnail']}</arg>
<arg>^https?://.*\.(?:png|jpe?g|gif|bmp)$</arg>
<doc>Fails if ``string`` does not match ``pattern`` as a regular expression.</doc>
<status status="PASS" start="2024-07-10T17:13:17.707679" elapsed="0.000344"/>
</kw>
<kw name="Log" owner="BuiltIn">
<msg time="2024-07-10T17:13:17.708537" level="INFO">{'large': 'https://randomuser.me/api/portraits/women/44.jpg', 'medium': 'https://randomuser.me/api/portraits/med/women/44.jpg', 'thumbnail': 'https://randomuser.me/api/portraits/thumb/women/44.jpg'}</msg>
<arg>${json_data['results'][0]['picture']}</arg>
<doc>Logs the given message with the given level.</doc>
<status status="PASS" start="2024-07-10T17:13:17.708207" elapsed="0.000374"/>
</kw>
<status status="PASS" start="2024-07-10T17:13:17.629892" elapsed="0.078944"/>
</kw>
<kw name="Teste de Tipos de Dados - Postcode" owner="random-user-service">
<kw name="GET On Session" owner="RequestsLibrary">
<msg time="2024-07-10T17:13:17.819412" level="INFO">GET Request : url=https://randomuser.me/api 
 path_url=/api 
 headers={'User-Agent': 'python-requests/2.32.3', 'Accept-Encoding': 'gzip, deflate', 'Accept': '*/*', 'Connection': 'keep-alive'} 
 body=None 
 </msg>
<msg time="2024-07-10T17:13:17.819474" level="INFO">GET Response : url=https://randomuser.me/api 
 status=200, reason=OK 
 headers={'Date': 'Wed, 10 Jul 2024 17:13:17 GMT', 'Content-Type': 'application/json; charset=utf-8', 'Transfer-Encoding': 'chunked', 'Connection': 'keep-alive', 'X-Powered-By': 'Express', 'Access-Control-Allow-Origin': '*', 'Cache-Control': 'no-cache', 'ETag': 'W/"498-35lpMmcyrl3Kgnn/ONxMu+8PE1w"', 'Vary': 'Accept-Encoding', 'Content-Encoding': 'gzip', 'CF-Cache-Status': 'DYNAMIC', 'Report-To': '{"endpoints":[{"url":"https:\\/\\/a.nel.cloudflare.com\\/report\\/v4?s=lWRXliLZlZJHbnyr2%2F3OKZuFvUqk2SNz6KKQqUPYbEEI7VyhsqDd6z6rQGJKyxnmOr8gxomHaqS5CNQsmTGX3RbBZCZR56P8drbM7o1hErgQqPh3MnvXpU%2B6%2BqSMuyMH"}],"group":"cf-nel","max_age":604800}', 'NEL': '{"success_fraction":0,"report_to":"cf-nel","max_age":604800}', 'Server': 'cloudflare', 'CF-RAY': '8a122efdcecc0603-IAD', 'alt-svc': 'h3=":443"; ma=86400'} 
 body={"results":[{"gender":"female","name":{"title":"Mrs","first":"Aurora","last":"Wright"},"location":{"street":{"number":2982,"name":"Carrington Road"},"city":"Lower Hutt","state":"Bay of Plenty","country":"New Zealand","postcode":86535,"coordinates":{"latitude":"52.2071","longitude":"158.8326"},"timezone":{"offset":"+1:00","description":"Brussels, Copenhagen, Madrid, Paris"}},"email":"aurora.wright@example.com","login":{"uuid":"1f674161-dc3d-4f7c-a545-4b4f6ca284f3","username":"greenfish745","password":"dddddd","salt":"Vn27CX6u","md5":"fef201b765d8f829e75161b334f12b74","sha1":"7dca52fc859c2d276a36c4fd7aabd83dafd462dc","sha256":"aca273d48fc631859e9e66e41b6f34ea697bd1895cde1b571136acbf54668bfa"},"dob":{"date":"1962-05-12T00:35:22.659Z","age":62},"registered":{"date":"2022-04-06T14:43:36.198Z","age":2},"phone":"(861)-529-2115","cell":"(056)-011-9616","id":{"name":"","value":null},"picture":{"large":"https://randomuser.me/api/portraits/women/39.jpg","medium":"https://randomuser.me/api/portraits/med/women/39.jpg","thumbnail":"https://randomuser.me/api/portraits/thumb/women/39.jpg"},"nat":"NZ"}],"info":{"seed":"8ae54679b742c364","results":1,"page":1,"version":"1.4"}} 
 </msg>
<msg time="2024-07-10T17:13:17.819527" level="INFO">/opt/hostedtoolcache/Python/3.12.4/x64/lib/python3.12/site-packages/urllib3/connectionpool.py:1099: InsecureRequestWarning: Unverified HTTPS request is being made to host 'randomuser.me'. Adding certificate verification is strongly advised. See: https://urllib3.readthedocs.io/en/latest/advanced-usage.html#tls-warnings
  warnings.warn(</msg>
<msg time="2024-07-10T17:13:17.819616" level="INFO">${response} = &lt;Response [200]&gt;</msg>
<var>${response}</var>
<arg>consultarAPI</arg>
<arg>/api</arg>
<doc>Sends a GET request on a previously created HTTP Session.</doc>
<status status="PASS" start="2024-07-10T17:13:17.709255" elapsed="0.110401"/>
</kw>
<kw name="Set Variable" owner="BuiltIn">
<msg time="2024-07-10T17:13:17.820632" level="INFO">${json_data} = {'results': [{'gender': 'female', 'name': {'title': 'Mrs', 'first': 'Aurora', 'last': 'Wright'}, 'location': {'street': {'number': 2982, 'name': 'Carrington Road'}, 'city': 'Lower Hutt', 'state': 'Bay...</msg>
<var>${json_data}</var>
<arg>${response.json()}</arg>
<doc>Returns the given values which can then be assigned to a variables.</doc>
<status status="PASS" start="2024-07-10T17:13:17.820098" elapsed="0.000562"/>
</kw>
<kw name="Log" owner="BuiltIn">
<msg time="2024-07-10T17:13:17.821110" level="INFO">{'results': [{'gender': 'female', 'name': {'title': 'Mrs', 'first': 'Aurora', 'last': 'Wright'}, 'location': {'street': {'number': 2982, 'name': 'Carrington Road'}, 'city': 'Lower Hutt', 'state': 'Bay of Plenty', 'country': 'New Zealand', 'postcode': 86535, 'coordinates': {'latitude': '52.2071', 'longitude': '158.8326'}, 'timezone': {'offset': '+1:00', 'description': 'Brussels, Copenhagen, Madrid, Paris'}}, 'email': 'aurora.wright@example.com', 'login': {'uuid': '1f674161-dc3d-4f7c-a545-4b4f6ca284f3', 'username': 'greenfish745', 'password': 'dddddd', 'salt': 'Vn27CX6u', 'md5': 'fef201b765d8f829e75161b334f12b74', 'sha1': '7dca52fc859c2d276a36c4fd7aabd83dafd462dc', 'sha256': 'aca273d48fc631859e9e66e41b6f34ea697bd1895cde1b571136acbf54668bfa'}, 'dob': {'date': '1962-05-12T00:35:22.659Z', 'age': 62}, 'registered': {'date': '2022-04-06T14:43:36.198Z', 'age': 2}, 'phone': '(861)-529-2115', 'cell': '(056)-011-9616', 'id': {'name': '', 'value': None}, 'picture': {'large': 'https://randomuser.me/api/portraits/women/39.jpg', 'medium': 'https://randomuser.me/api/portraits/med/women/39.jpg', 'thumbnail': 'https://randomuser.me/api/portraits/thumb/women/39.jpg'}, 'nat': 'NZ'}], 'info': {'seed': '8ae54679b742c364', 'results': 1, 'page': 1, 'version': '1.4'}}</msg>
<arg>${json_data}</arg>
<doc>Logs the given message with the given level.</doc>
<status status="PASS" start="2024-07-10T17:13:17.820958" elapsed="0.000198"/>
</kw>
<kw name="Should Be Equal As Numbers" owner="BuiltIn">
<arg>${json_data['results'][0]['location']['postcode']}</arg>
<arg>${json_data['results'][0]['location']['postcode']}</arg>
<doc>Fails if objects are unequal after converting them to real numbers.</doc>
<status status="PASS" start="2024-07-10T17:13:17.821445" elapsed="0.000604"/>
</kw>
<kw name="Log" owner="BuiltIn">
<msg time="2024-07-10T17:13:17.822605" level="INFO">86535</msg>
<arg>${json_data['results'][0]['location']['postcode']}</arg>
<doc>Logs the given message with the given level.</doc>
<status status="PASS" start="2024-07-10T17:13:17.822238" elapsed="0.000408"/>
</kw>
<status status="PASS" start="2024-07-10T17:13:17.709043" elapsed="0.113875"/>
</kw>
<doc>Testa se os tipos de dados na resposta da API estão corretos.</doc>
<tag>testeTiposDados</tag>
<status status="PASS" start="2024-07-10T17:13:17.629391" elapsed="0.193683"/>
</test>
<test id="s1-s1-t5" name="Validar conteudo" line="35">
<kw name="Teste de Tipos de Conteudo" owner="random-user-service">
<kw name="GET On Session" owner="RequestsLibrary">
<msg time="2024-07-10T17:13:17.908340" level="INFO">GET Request : url=https://randomuser.me/api 
 path_url=/api 
 headers={'User-Agent': 'python-requests/2.32.3', 'Accept-Encoding': 'gzip, deflate', 'Accept': '*/*', 'Connection': 'keep-alive'} 
 body=None 
 </msg>
<msg time="2024-07-10T17:13:17.908401" level="INFO">GET Response : url=https://randomuser.me/api 
 status=200, reason=OK 
 headers={'Date': 'Wed, 10 Jul 2024 17:13:17 GMT', 'Content-Type': 'application/json; charset=utf-8', 'Transfer-Encoding': 'chunked', 'Connection': 'keep-alive', 'X-Powered-By': 'Express', 'Access-Control-Allow-Origin': '*', 'Cache-Control': 'no-cache', 'ETag': 'W/"48d-deKyLQNP4JIGR5zUtVrnjg/0FrE"', 'Vary': 'Accept-Encoding', 'Content-Encoding': 'gzip', 'CF-Cache-Status': 'DYNAMIC', 'Report-To': '{"endpoints":[{"url":"https:\\/\\/a.nel.cloudflare.com\\/report\\/v4?s=Yz1VXqbFyKedkflQmK5fRmGCY6la4FK897IQ1C%2BVV9Y5qY%2Fve1sbDLmhQiyxf5YX2fdkfBF7lwrh9Hmth4s%2FOLEfzK714kTwwdNif5Z3Uc32ZSpVnfaeYUnlzRd3uANO"}],"group":"cf-nel","max_age":604800}', 'NEL': '{"success_fraction":0,"report_to":"cf-nel","max_age":604800}', 'Server': 'cloudflare', 'CF-RAY': '8a122efe8f9c0603-IAD', 'alt-svc': 'h3=":443"; ma=86400'} 
 body={"results":[{"gender":"male","name":{"title":"Mr","first":"Rene","last":"Ross"},"location":{"street":{"number":2104,"name":"New Street"},"city":"York","state":"County Down","country":"United Kingdom","postcode":"BC8 2DU","coordinates":{"latitude":"-11.9770","longitude":"-90.8826"},"timezone":{"offset":"+4:00","description":"Abu Dhabi, Muscat, Baku, Tbilisi"}},"email":"rene.ross@example.com","login":{"uuid":"cc938f36-15e3-468d-a5ea-97358f15b899","username":"whitemouse642","password":"eternal","salt":"gv6ozG16","md5":"548ddfe21f25c3511d8268af2f71105e","sha1":"90a5d43c3ab298645b10dbfa0d5f22e42cf064af","sha256":"ae0a5bfda30710f6adef9b9d9812778f81e250f14a0aba1d4ef9d5cdfe584426"},"dob":{"date":"1973-01-04T19:01:06.926Z","age":51},"registered":{"date":"2007-02-14T22:27:06.712Z","age":17},"phone":"013873 87071","cell":"07174 504838","id":{"name":"NINO","value":"BZ 24 54 45 T"},"picture":{"large":"https://randomuser.me/api/portraits/men/31.jpg","medium":"https://randomuser.me/api/portraits/med/men/31.jpg","thumbnail":"https://randomuser.me/api/portraits/thumb/men/31.jpg"},"nat":"GB"}],"info":{"seed":"8b316464498ce311","results":1,"page":1,"version":"1.4"}} 
 </msg>
<msg time="2024-07-10T17:13:17.908464" level="INFO">/opt/hostedtoolcache/Python/3.12.4/x64/lib/python3.12/site-packages/urllib3/connectionpool.py:1099: InsecureRequestWarning: Unverified HTTPS request is being made to host 'randomuser.me'. Adding certificate verification is strongly advised. See: https://urllib3.readthedocs.io/en/latest/advanced-usage.html#tls-warnings
  warnings.warn(</msg>
<msg time="2024-07-10T17:13:17.908552" level="INFO">${response} = &lt;Response [200]&gt;</msg>
<var>${response}</var>
<arg>consultarAPI</arg>
<arg>/api</arg>
<doc>Sends a GET request on a previously created HTTP Session.</doc>
<status status="PASS" start="2024-07-10T17:13:17.825624" elapsed="0.082968"/>
</kw>
<kw name="Set Variable" owner="BuiltIn">
<msg time="2024-07-10T17:13:17.909557" level="INFO">${json_data} = {'results': [{'gender': 'male', 'name': {'title': 'Mr', 'first': 'Rene', 'last': 'Ross'}, 'location': {'street': {'number': 2104, 'name': 'New Street'}, 'city': 'York', 'state': 'County Down', 'countr...</msg>
<var>${json_data}</var>
<arg>${response.json()}</arg>
<doc>Returns the given values which can then be assigned to a variables.</doc>
<status status="PASS" start="2024-07-10T17:13:17.909021" elapsed="0.000564"/>
</kw>
<kw name="Set Variable" owner="BuiltIn">
<msg time="2024-07-10T17:13:17.910252" level="INFO">${name_title} = Mr</msg>
<var>${name_title}</var>
<arg>${json_data["results"][0]["name"]["title"]}</arg>
<doc>Returns the given values which can then be assigned to a variables.</doc>
<status status="PASS" start="2024-07-10T17:13:17.909884" elapsed="0.000393"/>
</kw>
<kw name="Create List" owner="BuiltIn">
<msg time="2024-07-10T17:13:17.910758" level="INFO">${allowed_titles} = ['Mr', 'Ms', 'Miss', 'Mrs', 'Madame', 'Monsieur']</msg>
<var>${allowed_titles}</var>
<arg>Mr</arg>
<arg>Ms</arg>
<arg>Miss</arg>
<arg>Mrs</arg>
<arg>Madame</arg>
<arg>Monsieur</arg>
<doc>Returns a list containing given items.</doc>
<status status="PASS" start="2024-07-10T17:13:17.910611" elapsed="0.000171"/>
</kw>
<kw name="List Should Contain Value" owner="Collections">
<arg>${allowed_titles}</arg>
<arg>${name_title}</arg>
<doc>Fails if the ``value`` is not found from ``list``.</doc>
<status status="PASS" start="2024-07-10T17:13:17.911075" elapsed="0.000166"/>
</kw>
<kw name="Set Variable" owner="BuiltIn">
<msg time="2024-07-10T17:13:17.911769" level="INFO">${name_country} = GB</msg>
<var>${name_country}</var>
<arg>${json_data["results"][0]["nat"]}</arg>
<doc>Returns the given values which can then be assigned to a variables.</doc>
<status status="PASS" start="2024-07-10T17:13:17.911415" elapsed="0.000379"/>
</kw>
<kw name="Create List" owner="BuiltIn">
<msg time="2024-07-10T17:13:17.912670" level="INFO">${list_country} = ['AD', 'AE', 'AF', 'AG', 'AI', 'AL', 'AM', 'AO', 'AQ', 'AR', 'AS', 'AT', 'AU', 'AW', 'AX', 'AZ', 'BA', 'BB', 'BD', 'BE', 'BF', 'BG', 'BH', 'BI', 'BJ', 'BL', 'BM', 'BN', 'BO', 'BQ', 'BR', 'BS', 'BT', '...</msg>
<var>${list_country}</var>
<arg>AD</arg>
<arg>AE</arg>
<arg>AF</arg>
<arg>AG</arg>
<arg>AI</arg>
<arg>AL</arg>
<arg>AM</arg>
<arg>AO</arg>
<arg>AQ</arg>
<arg>AR</arg>
<arg>AS</arg>
<arg>AT</arg>
<arg>AU</arg>
<arg>AW</arg>
<arg>AX</arg>
<arg>AZ</arg>
<arg>BA</arg>
<arg>BB</arg>
<arg>BD</arg>
<arg>BE</arg>
<arg>BF</arg>
<arg>BG</arg>
<arg>BH</arg>
<arg>BI</arg>
<arg>BJ</arg>
<arg>BL</arg>
<arg>BM</arg>
<arg>BN</arg>
<arg>BO</arg>
<arg>BQ</arg>
<arg>BR</arg>
<arg>BS</arg>
<arg>BT</arg>
<arg>BV</arg>
<arg>BW</arg>
<arg>BY</arg>
<arg>BZ</arg>
<arg>CA</arg>
<arg>CC</arg>
<arg>CD</arg>
<arg>CF</arg>
<arg>CG</arg>
<arg>CH</arg>
<arg>CI</arg>
<arg>CK</arg>
<arg>CL</arg>
<arg>CM</arg>
<arg>CN</arg>
<arg>CO</arg>
<arg>CR</arg>
<arg>CU</arg>
<arg>CV</arg>
<arg>CW</arg>
<arg>CX</arg>
<arg>CY</arg>
<arg>CZ</arg>
<arg>DE</arg>
<arg>DJ</arg>
<arg>DK</arg>
<arg>DM</arg>
<arg>DO</arg>
<arg>DZ</arg>
<arg>EC</arg>
<arg>EE</arg>
<arg>EG</arg>
<arg>EH</arg>
<arg>ER</arg>
<arg>ES</arg>
<arg>ET</arg>
<arg>FI</arg>
<arg>FJ</arg>
<arg>FK</arg>
<arg>FM</arg>
<arg>FO</arg>
<arg>FR</arg>
<arg>GA</arg>
<arg>GB</arg>
<arg>GD</arg>
<arg>GE</arg>
<arg>GF</arg>
<arg>GG</arg>
<arg>GH</arg>
<arg>GI</arg>
<arg>GL</arg>
<arg>GM</arg>
<arg>GN</arg>
<arg>GP</arg>
<arg>GQ</arg>
<arg>GR</arg>
<arg>GS</arg>
<arg>GT</arg>
<arg>GU</arg>
<arg>GW</arg>
<arg>GY</arg>
<arg>HK</arg>
<arg>HM</arg>
<arg>HN</arg>
<arg>HR</arg>
<arg>HT</arg>
<arg>HU</arg>
<arg>ID</arg>
<arg>IE</arg>
<arg>IL</arg>
<arg>IM</arg>
<arg>IN</arg>
<arg>IO</arg>
<arg>IQ</arg>
<arg>IR</arg>
<arg>IS</arg>
<arg>IT</arg>
<arg>JE</arg>
<arg>JM</arg>
<arg>JO</arg>
<arg>JP</arg>
<arg>KE</arg>
<arg>KG</arg>
<arg>KH</arg>
<arg>KI</arg>
<arg>KM</arg>
<arg>KN</arg>
<arg>KP</arg>
<arg>KR</arg>
<arg>KW</arg>
<arg>KY</arg>
<arg>KZ</arg>
<arg>LA</arg>
<arg>LB</arg>
<arg>LC</arg>
<arg>LI</arg>
<arg>LK</arg>
<arg>LR</arg>
<arg>LS</arg>
<arg>LT</arg>
<arg>LU</arg>
<arg>LV</arg>
<arg>LY</arg>
<arg>MA</arg>
<arg>MC</arg>
<arg>MD</arg>
<arg>ME</arg>
<arg>MF</arg>
<arg>MG</arg>
<arg>MH</arg>
<arg>MK</arg>
<arg>ML</arg>
<arg>MM</arg>
<arg>MN</arg>
<arg>MO</arg>
<arg>MP</arg>
<arg>MQ</arg>
<arg>MR</arg>
<arg>MS</arg>
<arg>MT</arg>
<arg>MU</arg>
<arg>MV</arg>
<arg>MW</arg>
<arg>MX</arg>
<arg>MY</arg>
<arg>MZ</arg>
<arg>NA</arg>
<arg>NC</arg>
<arg>NE</arg>
<arg>NF</arg>
<arg>NG</arg>
<arg>NI</arg>
<arg>NL</arg>
<arg>NO</arg>
<arg>NP</arg>
<arg>NR</arg>
<arg>NU</arg>
<arg>NZ</arg>
<arg>OM</arg>
<arg>PA</arg>
<arg>PE</arg>
<arg>PF</arg>
<arg>PG</arg>
<arg>PH</arg>
<arg>PK</arg>
<arg>PL</arg>
<arg>PM</arg>
<arg>PN</arg>
<arg>PR</arg>
<arg>PS</arg>
<arg>PT</arg>
<arg>PW</arg>
<arg>PY</arg>
<arg>QA</arg>
<arg>RE</arg>
<arg>RO</arg>
<arg>RS</arg>
<arg>RU</arg>
<arg>RW</arg>
<arg>SA</arg>
<arg>SB</arg>
<arg>SC</arg>
<arg>SD</arg>
<arg>SE</arg>
<arg>SG</arg>
<arg>SH</arg>
<arg>SI</arg>
<arg>SJ</arg>
<arg>SK</arg>
<arg>SL</arg>
<arg>SM</arg>
<arg>SN</arg>
<arg>SO</arg>
<arg>SR</arg>
<arg>SS</arg>
<arg>ST</arg>
<arg>SV</arg>
<arg>SX</arg>
<arg>SY</arg>
<arg>SZ</arg>
<arg>TC</arg>
<arg>TD</arg>
<arg>TF</arg>
<arg>TG</arg>
<arg>TH</arg>
<arg>TJ</arg>
<arg>TK</arg>
<arg>TL</arg>
<arg>TM</arg>
<arg>TN</arg>
<arg>TO</arg>
<arg>TR</arg>
<arg>TT</arg>
<arg>TV</arg>
<arg>TW</arg>
<arg>TZ</arg>
<arg>UA</arg>
<arg>UG</arg>
<arg>UM</arg>
<arg>US</arg>
<arg>UY</arg>
<arg>UZ</arg>
<arg>VA</arg>
<arg>VC</arg>
<arg>VE</arg>
<arg>VG</arg>
<arg>VI</arg>
<arg>VN</arg>
<arg>VU</arg>
<arg>WF</arg>
<arg>WS</arg>
<arg>XK</arg>
<arg>YE</arg>
<arg>YT</arg>
<arg>ZA</arg>
<arg>ZM</arg>
<arg>ZW</arg>
<doc>Returns a list containing given items.</doc>
<status status="PASS" start="2024-07-10T17:13:17.912085" elapsed="0.000611"/>
</kw>
<kw name="List Should Contain Value" owner="Collections">
<arg>${list_country}</arg>
<arg>${name_country}</arg>
<doc>Fails if the ``value`` is not found from ``list``.</doc>
<status status="PASS" start="2024-07-10T17:13:17.913474" elapsed="0.000198"/>
</kw>
<kw name="Run Keyword If" owner="BuiltIn">
<kw name="Should Be True" owner="BuiltIn">
<arg>${True}</arg>
<doc>Fails if the given condition is not true.</doc>
<status status="PASS" start="2024-07-10T17:13:17.914618" elapsed="0.000140"/>
</kw>
<arg>${json_data["results"][0]["location"]["coordinates"]["latitude"]} &gt;= -90 and ${json_data["results"][0]["location"]["coordinates"]["latitude"]} &lt;= 90</arg>
<arg>Should Be True</arg>
<arg>${True}</arg>
<doc>Runs the given keyword with the given arguments, if ``condition`` is true.</doc>
<status status="PASS" start="2024-07-10T17:13:17.913863" elapsed="0.001019"/>
</kw>
<kw name="Run Keyword If" owner="BuiltIn">
<kw name="Should Be True" owner="BuiltIn">
<arg>${True}</arg>
<doc>Fails if the given condition is not true.</doc>
<status status="PASS" start="2024-07-10T17:13:17.915744" elapsed="0.000134"/>
</kw>
<arg>${json_data["results"][0]["location"]["coordinates"]["longitude"]} &gt;= -180 and ${json_data["results"][0]["location"]["coordinates"]["longitude"]} &lt;= 180</arg>
<arg>Should Be True</arg>
<arg>${True}</arg>
<doc>Runs the given keyword with the given arguments, if ``condition`` is true.</doc>
<status status="PASS" start="2024-07-10T17:13:17.915061" elapsed="0.000938"/>
</kw>
<status status="PASS" start="2024-07-10T17:13:17.825286" elapsed="0.090837"/>
</kw>
<doc>Testa o conteúdo específico dos campos retornados pela API.</doc>
<tag>testeConteudo</tag>
<status status="PASS" start="2024-07-10T17:13:17.824785" elapsed="0.091478"/>
</test>
<status status="PASS" start="2024-07-10T17:13:16.993339" elapsed="0.924813"/>
</suite>
<status status="PASS" start="2024-07-10T17:13:16.978910" elapsed="0.944295"/>
</suite>
<statistics>
<total>
<stat pass="5" fail="0" skip="0">All Tests</stat>
</total>
<tag>
<stat pass="1" fail="0" skip="0">testeConteudo</stat>
<stat pass="1" fail="0" skip="0">testeEstruturaResposta</stat>
<stat pass="1" fail="0" skip="0">testeRequisicaoBasica</stat>
<stat pass="1" fail="0" skip="0">testeTiposDados</stat>
</tag>
<suite>
<stat pass="5" fail="0" skip="0" id="s1" name="Tests">Tests</stat>
<stat pass="5" fail="0" skip="0" id="s1-s1" name="Random-User-Test">Tests.Random-User-Test</stat>
</suite>
</statistics>
<errors>
</errors>
</robot>
