<?xml version="1.0" encoding="UTF-8"?>
<robot generator="Robot 7.0 (Python 3.12.3 on linux)" generated="2024-05-31T20:14:59.726418" rpa="false" schemaversion="5">
<suite id="s1" name="Tests" source="/home/runner/work/ApiRandomUser/ApiRandomUser/RamdonUser/tests">
<suite id="s1-s1" name="Random-User-Test" source="/home/runner/work/ApiRandomUser/ApiRandomUser/RamdonUser/tests/random-user-test.robot">
<test id="s1-s1-t1" name="Conectar" line="13">
<kw name="Conectar API" owner="random-user-service">
<kw name="Create Session" owner="RequestsLibrary">
<msg time="2024-05-31T20:15:00.156343" level="INFO">Creating Session using : alias=consultarAPI, url=https://randomuser.me/, headers={},                     cookies={}, auth=None, timeout=None, proxies=None, verify=False,                     debug=0 </msg>
<arg>consultarAPI</arg>
<arg>${URL}</arg>
<doc>Create Session: create a HTTP session to a server</doc>
<status status="PASS" start="2024-05-31T20:15:00.156131" elapsed="0.000407"/>
</kw>
<status status="PASS" start="2024-05-31T20:15:00.155043" elapsed="0.001879"/>
</kw>
<status status="PASS" start="2024-05-31T20:15:00.154455" elapsed="0.002661"/>
</test>
<test id="s1-s1-t2" name="Validar retorno 200 e JSON Válido" line="16">
<kw name="Teste de Requisicao Basica" owner="random-user-service">
<kw name="GET On Session" owner="RequestsLibrary">
<msg time="2024-05-31T20:15:00.240207" level="INFO">GET Request : url=https://randomuser.me/api 
 path_url=/api 
 headers={'User-Agent': 'python-requests/2.32.3', 'Accept-Encoding': 'gzip, deflate', 'Accept': '*/*', 'Connection': 'keep-alive'} 
 body=None 
 </msg>
<msg time="2024-05-31T20:15:00.240440" level="INFO">GET Response : url=https://randomuser.me/api 
 status=200, reason=OK 
 headers={'Date': 'Fri, 31 May 2024 20:15:00 GMT', 'Content-Type': 'application/json; charset=utf-8', 'Transfer-Encoding': 'chunked', 'Connection': 'keep-alive', 'X-Powered-By': 'Express', 'Access-Control-Allow-Origin': '*', 'Cache-Control': 'no-cache', 'ETag': 'W/"470-Cc+BFzHmZyYChn3+rk4bf6PAlgo"', 'Vary': 'Accept-Encoding', 'Content-Encoding': 'gzip', 'CF-Cache-Status': 'DYNAMIC', 'Report-To': '{"endpoints":[{"url":"https:\\/\\/a.nel.cloudflare.com\\/report\\/v4?s=3dtZVnMaFhoDGaNHJqmaV9%2FkwWtaoCnOFIjUiY86F40vsIhzODkxgcY56WKXV49n2oXF5V3NyIfIXdGT6HIU7XjWE1FN%2BXSjFpIqUq3NXJAm2aDgZWAyteS8a%2B4GlyfG"}],"group":"cf-nel","max_age":604800}', 'NEL': '{"success_fraction":0,"report_to":"cf-nel","max_age":604800}', 'Server': 'cloudflare', 'CF-RAY': '88c9a22a4d5581f4-IAD', 'alt-svc': 'h3=":443"; ma=86400'} 
 body={"results":[{"gender":"male","name":{"title":"Mr","first":"Perry","last":"Henderson"},"location":{"street":{"number":3389,"name":"Wheeler Ridge Dr"},"city":"Albury","state":"Victoria","country":"Australia","postcode":7664,"coordinates":{"latitude":"-84.5093","longitude":"-154.2591"},"timezone":{"offset":"+3:30","description":"Tehran"}},"email":"perry.henderson@example.com","login":{"uuid":"c695f0c2-f3a3-4cce-8a38-b240995df2b8","username":"bluelion768","password":"norman","salt":"7pNmYV5d","md5":"27570944df6c2e1bd08e74cbce0b16fb","sha1":"c53c72870d02b5fdeb41503102b4a4695313fbf4","sha256":"c48346b57e07d12c9cbe167ba292b59d517849874e2b90713ed3bf0b7c1bc6a0"},"dob":{"date":"1952-10-19T01:42:55.667Z","age":71},"registered":{"date":"2008-02-02T13:26:26.947Z","age":16},"phone":"06-5389-1757","cell":"0494-118-674","id":{"name":"TFN","value":"587788724"},"picture":{"large":"https://randomuser.me/api/portraits/men/1.jpg","medium":"https://randomuser.me/api/portraits/med/men/1.jpg","thumbnail":"https://randomuser.me/api/portraits/thumb/men/1.jpg"},"nat":"AU"}],"info":{"seed":"bc567f0260d78a73","results":1,"page":1,"version":"1.4"}} 
 </msg>
<msg time="2024-05-31T20:15:00.240569" level="INFO">/opt/hostedtoolcache/Python/3.12.3/x64/lib/python3.12/site-packages/urllib3/connectionpool.py:1103: InsecureRequestWarning: Unverified HTTPS request is being made to host 'randomuser.me'. Adding certificate verification is strongly advised. See: https://urllib3.readthedocs.io/en/latest/advanced-usage.html#tls-warnings
  warnings.warn(</msg>
<msg time="2024-05-31T20:15:00.240771" level="INFO">${response} = &lt;Response [200]&gt;</msg>
<var>${response}</var>
<arg>consultarAPI</arg>
<arg>/api</arg>
<doc>Sends a GET request on a previously created HTTP Session.</doc>
<status status="PASS" start="2024-05-31T20:15:00.159730" elapsed="0.081089"/>
</kw>
<kw name="Should Be Equal As Numbers" owner="BuiltIn">
<msg time="2024-05-31T20:15:00.242230" level="INFO">Argument types are:
&lt;class 'int'&gt;
&lt;class 'str'&gt;</msg>
<arg>${response.status_code}</arg>
<arg>200</arg>
<doc>Fails if objects are unequal after converting them to real numbers.</doc>
<status status="PASS" start="2024-05-31T20:15:00.241545" elapsed="0.000772"/>
</kw>
<kw name="Log" owner="BuiltIn">
<msg time="2024-05-31T20:15:00.243348" level="INFO">200</msg>
<arg>${response.status_code}</arg>
<doc>Logs the given message with the given level.</doc>
<status status="PASS" start="2024-05-31T20:15:00.242808" elapsed="0.000605"/>
</kw>
<kw name="Set Variable" owner="BuiltIn">
<msg time="2024-05-31T20:15:00.244491" level="INFO">${json_data} = {'results': [{'gender': 'male', 'name': {'title': 'Mr', 'first': 'Perry', 'last': 'Henderson'}, 'location': {'street': {'number': 3389, 'name': 'Wheeler Ridge Dr'}, 'city': 'Albury', 'state': 'Victori...</msg>
<var>${json_data}</var>
<arg>${response.json()}</arg>
<doc>Returns the given values which can then be assigned to a variables.</doc>
<status status="PASS" start="2024-05-31T20:15:00.243837" elapsed="0.000696"/>
</kw>
<kw name="Dictionary Should Contain Key" owner="Collections">
<msg time="2024-05-31T20:15:00.245189" level="INFO">False</msg>
<arg>${json_data}</arg>
<arg>results</arg>
<doc>Fails if ``key`` is not found from ``dictionary``.</doc>
<status status="PASS" start="2024-05-31T20:15:00.244958" elapsed="0.000518"/>
</kw>
<status status="PASS" start="2024-05-31T20:15:00.159484" elapsed="0.086399"/>
</kw>
<doc>Testa se a API responde corretamente e retorna um objeto JSON válido.</doc>
<tag>testeRequisicaoBasica</tag>
<status status="PASS" start="2024-05-31T20:15:00.159012" elapsed="0.087139"/>
</test>
<test id="s1-s1-t3" name="Validar estrutura de resposta" line="22">
<kw name="Teste de Estrutura de Resposta" owner="random-user-service">
<kw name="GET On Session" owner="RequestsLibrary">
<msg time="2024-05-31T20:15:00.357400" level="INFO">GET Request : url=https://randomuser.me/api 
 path_url=/api 
 headers={'User-Agent': 'python-requests/2.32.3', 'Accept-Encoding': 'gzip, deflate', 'Accept': '*/*', 'Connection': 'keep-alive'} 
 body=None 
 </msg>
<msg time="2024-05-31T20:15:00.357509" level="INFO">GET Response : url=https://randomuser.me/api 
 status=200, reason=OK 
 headers={'Date': 'Fri, 31 May 2024 20:15:00 GMT', 'Content-Type': 'application/json; charset=utf-8', 'Transfer-Encoding': 'chunked', 'Connection': 'keep-alive', 'X-Powered-By': 'Express', 'Access-Control-Allow-Origin': '*', 'Cache-Control': 'no-cache', 'ETag': 'W/"46c-v1OtqOSW+sHbREK2hiUqgGGe0/I"', 'Vary': 'Accept-Encoding', 'Content-Encoding': 'gzip', 'CF-Cache-Status': 'DYNAMIC', 'Report-To': '{"endpoints":[{"url":"https:\\/\\/a.nel.cloudflare.com\\/report\\/v4?s=MRKGJ64oD%2FwtZdBiguquGk%2FYxEwdxG963ntkRmDKlhb9PcGGBIXS5Tk8URYpB1dg3O91LYTYHqG%2BJ0uvGuh2l0Jchfj2HlsHF4fLweVvz80AW404aZta8yvSFw1aoOR1"}],"group":"cf-nel","max_age":604800}', 'NEL': '{"success_fraction":0,"report_to":"cf-nel","max_age":604800}', 'Server': 'cloudflare', 'CF-RAY': '88c9a22a9db481f4-IAD', 'alt-svc': 'h3=":443"; ma=86400'} 
 body={"results":[{"gender":"male","name":{"title":"Mr","first":"Okan","last":"Evliyaoğlu"},"location":{"street":{"number":687,"name":"Talak Göktepe Cd"},"city":"Tokat","state":"Sivas","country":"Turkey","postcode":57874,"coordinates":{"latitude":"65.7942","longitude":"-27.7644"},"timezone":{"offset":"-2:00","description":"Mid-Atlantic"}},"email":"okan.evliyaoglu@example.com","login":{"uuid":"d6514bb8-63af-4a8e-af3c-f6c028e37733","username":"brownpeacock980","password":"yyyyyy","salt":"zpQ7PI4N","md5":"6f2518ca5d259fbdb7a7e95ce1957b0a","sha1":"152bb2bff0689268292ad59c655dd909837bc23c","sha256":"a152f9206012fed81075d4ee23946604101008d4cf14602688c7c4b60dd2f985"},"dob":{"date":"1966-07-21T18:09:31.327Z","age":57},"registered":{"date":"2017-09-12T17:26:55.337Z","age":6},"phone":"(159)-244-2209","cell":"(412)-474-1634","id":{"name":"","value":null},"picture":{"large":"https://randomuser.me/api/portraits/men/0.jpg","medium":"https://randomuser.me/api/portraits/med/men/0.jpg","thumbnail":"https://randomuser.me/api/portraits/thumb/men/0.jpg"},"nat":"TR"}],"info":{"seed":"571ab6a43a532308","results":1,"page":1,"version":"1.4"}} 
 </msg>
<msg time="2024-05-31T20:15:00.357713" level="INFO">/opt/hostedtoolcache/Python/3.12.3/x64/lib/python3.12/site-packages/urllib3/connectionpool.py:1103: InsecureRequestWarning: Unverified HTTPS request is being made to host 'randomuser.me'. Adding certificate verification is strongly advised. See: https://urllib3.readthedocs.io/en/latest/advanced-usage.html#tls-warnings
  warnings.warn(</msg>
<msg time="2024-05-31T20:15:00.357851" level="INFO">${response} = &lt;Response [200]&gt;</msg>
<var>${response}</var>
<arg>consultarAPI</arg>
<arg>/api</arg>
<doc>Sends a GET request on a previously created HTTP Session.</doc>
<status status="PASS" start="2024-05-31T20:15:00.250660" elapsed="0.107235"/>
</kw>
<kw name="Set Variable" owner="BuiltIn">
<msg time="2024-05-31T20:15:00.359156" level="INFO">${json_data} = {'results': [{'gender': 'male', 'name': {'title': 'Mr', 'first': 'Okan', 'last': 'Evliyaoğlu'}, 'location': {'street': {'number': 687, 'name': 'Talak Göktepe Cd'}, 'city': 'Tokat', 'state': 'Sivas', '...</msg>
<var>${json_data}</var>
<arg>${response.json()}</arg>
<doc>Returns the given values which can then be assigned to a variables.</doc>
<status status="PASS" start="2024-05-31T20:15:00.358547" elapsed="0.000640"/>
</kw>
<kw name="Log" owner="BuiltIn">
<msg time="2024-05-31T20:15:00.359673" level="INFO">{'results': [{'gender': 'male', 'name': {'title': 'Mr', 'first': 'Okan', 'last': 'Evliyaoğlu'}, 'location': {'street': {'number': 687, 'name': 'Talak Göktepe Cd'}, 'city': 'Tokat', 'state': 'Sivas', 'country': 'Turkey', 'postcode': 57874, 'coordinates': {'latitude': '65.7942', 'longitude': '-27.7644'}, 'timezone': {'offset': '-2:00', 'description': 'Mid-Atlantic'}}, 'email': 'okan.evliyaoglu@example.com', 'login': {'uuid': 'd6514bb8-63af-4a8e-af3c-f6c028e37733', 'username': 'brownpeacock980', 'password': 'yyyyyy', 'salt': 'zpQ7PI4N', 'md5': '6f2518ca5d259fbdb7a7e95ce1957b0a', 'sha1': '152bb2bff0689268292ad59c655dd909837bc23c', 'sha256': 'a152f9206012fed81075d4ee23946604101008d4cf14602688c7c4b60dd2f985'}, 'dob': {'date': '1966-07-21T18:09:31.327Z', 'age': 57}, 'registered': {'date': '2017-09-12T17:26:55.337Z', 'age': 6}, 'phone': '(159)-244-2209', 'cell': '(412)-474-1634', 'id': {'name': '', 'value': None}, 'picture': {'large': 'https://randomuser.me/api/portraits/men/0.jpg', 'medium': 'https://randomuser.me/api/portraits/med/men/0.jpg', 'thumbnail': 'https://randomuser.me/api/portraits/thumb/men/0.jpg'}, 'nat': 'TR'}], 'info': {'seed': '571ab6a43a532308', 'results': 1, 'page': 1, 'version': '1.4'}}</msg>
<arg>${json_data}</arg>
<doc>Logs the given message with the given level.</doc>
<status status="PASS" start="2024-05-31T20:15:00.359506" elapsed="0.000218"/>
</kw>
<kw name="Dictionary Should Contain Key" owner="Collections">
<msg time="2024-05-31T20:15:00.360184" level="INFO">False</msg>
<arg>${json_data}</arg>
<arg>results</arg>
<doc>Fails if ``key`` is not found from ``dictionary``.</doc>
<status status="PASS" start="2024-05-31T20:15:00.360023" elapsed="0.000198"/>
</kw>
<kw name="Should Not Be Empty" owner="BuiltIn">
<msg time="2024-05-31T20:15:00.360654" level="INFO">Length is 2.</msg>
<arg>${json_data}</arg>
<doc>Verifies that the given item is not empty.</doc>
<status status="PASS" start="2024-05-31T20:15:00.360514" elapsed="0.000179"/>
</kw>
<kw name="Create List" owner="BuiltIn">
<msg time="2024-05-31T20:15:00.361145" level="INFO">${expected_keys} = ['gender', 'name', 'location', 'email', 'login']</msg>
<var>${expected_keys}</var>
<arg>gender</arg>
<arg>name</arg>
<arg>location</arg>
<arg>email</arg>
<arg>login</arg>
<doc>Returns a list containing given items.</doc>
<status status="PASS" start="2024-05-31T20:15:00.360989" elapsed="0.000181"/>
</kw>
<for flavor="IN">
<iter>
<kw name="Dictionary Should Contain Key" owner="Collections">
<msg time="2024-05-31T20:15:00.362219" level="INFO">False</msg>
<arg>${json_data['results'][0]}</arg>
<arg>${key}</arg>
<doc>Fails if ``key`` is not found from ``dictionary``.</doc>
<status status="PASS" start="2024-05-31T20:15:00.361800" elapsed="0.000461"/>
</kw>
<kw name="Log" owner="BuiltIn">
<msg time="2024-05-31T20:15:00.362945" level="INFO">{'gender': 'male', 'name': {'title': 'Mr', 'first': 'Okan', 'last': 'Evliyaoğlu'}, 'location': {'street': {'number': 687, 'name': 'Talak Göktepe Cd'}, 'city': 'Tokat', 'state': 'Sivas', 'country': 'Turkey', 'postcode': 57874, 'coordinates': {'latitude': '65.7942', 'longitude': '-27.7644'}, 'timezone': {'offset': '-2:00', 'description': 'Mid-Atlantic'}}, 'email': 'okan.evliyaoglu@example.com', 'login': {'uuid': 'd6514bb8-63af-4a8e-af3c-f6c028e37733', 'username': 'brownpeacock980', 'password': 'yyyyyy', 'salt': 'zpQ7PI4N', 'md5': '6f2518ca5d259fbdb7a7e95ce1957b0a', 'sha1': '152bb2bff0689268292ad59c655dd909837bc23c', 'sha256': 'a152f9206012fed81075d4ee23946604101008d4cf14602688c7c4b60dd2f985'}, 'dob': {'date': '1966-07-21T18:09:31.327Z', 'age': 57}, 'registered': {'date': '2017-09-12T17:26:55.337Z', 'age': 6}, 'phone': '(159)-244-2209', 'cell': '(412)-474-1634', 'id': {'name': '', 'value': None}, 'picture': {'large': 'https://randomuser.me/api/portraits/men/0.jpg', 'medium': 'https://randomuser.me/api/portraits/med/men/0.jpg', 'thumbnail': 'https://randomuser.me/api/portraits/thumb/men/0.jpg'}, 'nat': 'TR'}</msg>
<arg>${json_data['results'][0]}</arg>
<doc>Logs the given message with the given level.</doc>
<status status="PASS" start="2024-05-31T20:15:00.362564" elapsed="0.000433"/>
</kw>
<kw name="Log" owner="BuiltIn">
<msg time="2024-05-31T20:15:00.363436" level="INFO">gender</msg>
<arg>${key}</arg>
<doc>Logs the given message with the given level.</doc>
<status status="PASS" start="2024-05-31T20:15:00.363305" elapsed="0.000169"/>
</kw>
<var name="${key}">gender</var>
<status status="PASS" start="2024-05-31T20:15:00.361664" elapsed="0.002028"/>
</iter>
<iter>
<kw name="Dictionary Should Contain Key" owner="Collections">
<msg time="2024-05-31T20:15:00.364401" level="INFO">False</msg>
<arg>${json_data['results'][0]}</arg>
<arg>${key}</arg>
<doc>Fails if ``key`` is not found from ``dictionary``.</doc>
<status status="PASS" start="2024-05-31T20:15:00.364006" elapsed="0.000433"/>
</kw>
<kw name="Log" owner="BuiltIn">
<msg time="2024-05-31T20:15:00.365133" level="INFO">{'gender': 'male', 'name': {'title': 'Mr', 'first': 'Okan', 'last': 'Evliyaoğlu'}, 'location': {'street': {'number': 687, 'name': 'Talak Göktepe Cd'}, 'city': 'Tokat', 'state': 'Sivas', 'country': 'Turkey', 'postcode': 57874, 'coordinates': {'latitude': '65.7942', 'longitude': '-27.7644'}, 'timezone': {'offset': '-2:00', 'description': 'Mid-Atlantic'}}, 'email': 'okan.evliyaoglu@example.com', 'login': {'uuid': 'd6514bb8-63af-4a8e-af3c-f6c028e37733', 'username': 'brownpeacock980', 'password': 'yyyyyy', 'salt': 'zpQ7PI4N', 'md5': '6f2518ca5d259fbdb7a7e95ce1957b0a', 'sha1': '152bb2bff0689268292ad59c655dd909837bc23c', 'sha256': 'a152f9206012fed81075d4ee23946604101008d4cf14602688c7c4b60dd2f985'}, 'dob': {'date': '1966-07-21T18:09:31.327Z', 'age': 57}, 'registered': {'date': '2017-09-12T17:26:55.337Z', 'age': 6}, 'phone': '(159)-244-2209', 'cell': '(412)-474-1634', 'id': {'name': '', 'value': None}, 'picture': {'large': 'https://randomuser.me/api/portraits/men/0.jpg', 'medium': 'https://randomuser.me/api/portraits/med/men/0.jpg', 'thumbnail': 'https://randomuser.me/api/portraits/thumb/men/0.jpg'}, 'nat': 'TR'}</msg>
<arg>${json_data['results'][0]}</arg>
<doc>Logs the given message with the given level.</doc>
<status status="PASS" start="2024-05-31T20:15:00.364765" elapsed="0.000420"/>
</kw>
<kw name="Log" owner="BuiltIn">
<msg time="2024-05-31T20:15:00.365643" level="INFO">name</msg>
<arg>${key}</arg>
<doc>Logs the given message with the given level.</doc>
<status status="PASS" start="2024-05-31T20:15:00.365489" elapsed="0.000195"/>
</kw>
<var name="${key}">name</var>
<status status="PASS" start="2024-05-31T20:15:00.363889" elapsed="0.002016"/>
</iter>
<iter>
<kw name="Dictionary Should Contain Key" owner="Collections">
<msg time="2024-05-31T20:15:00.366574" level="INFO">False</msg>
<arg>${json_data['results'][0]}</arg>
<arg>${key}</arg>
<doc>Fails if ``key`` is not found from ``dictionary``.</doc>
<status status="PASS" start="2024-05-31T20:15:00.366197" elapsed="0.000417"/>
</kw>
<kw name="Log" owner="BuiltIn">
<msg time="2024-05-31T20:15:00.367296" level="INFO">{'gender': 'male', 'name': {'title': 'Mr', 'first': 'Okan', 'last': 'Evliyaoğlu'}, 'location': {'street': {'number': 687, 'name': 'Talak Göktepe Cd'}, 'city': 'Tokat', 'state': 'Sivas', 'country': 'Turkey', 'postcode': 57874, 'coordinates': {'latitude': '65.7942', 'longitude': '-27.7644'}, 'timezone': {'offset': '-2:00', 'description': 'Mid-Atlantic'}}, 'email': 'okan.evliyaoglu@example.com', 'login': {'uuid': 'd6514bb8-63af-4a8e-af3c-f6c028e37733', 'username': 'brownpeacock980', 'password': 'yyyyyy', 'salt': 'zpQ7PI4N', 'md5': '6f2518ca5d259fbdb7a7e95ce1957b0a', 'sha1': '152bb2bff0689268292ad59c655dd909837bc23c', 'sha256': 'a152f9206012fed81075d4ee23946604101008d4cf14602688c7c4b60dd2f985'}, 'dob': {'date': '1966-07-21T18:09:31.327Z', 'age': 57}, 'registered': {'date': '2017-09-12T17:26:55.337Z', 'age': 6}, 'phone': '(159)-244-2209', 'cell': '(412)-474-1634', 'id': {'name': '', 'value': None}, 'picture': {'large': 'https://randomuser.me/api/portraits/men/0.jpg', 'medium': 'https://randomuser.me/api/portraits/med/men/0.jpg', 'thumbnail': 'https://randomuser.me/api/portraits/thumb/men/0.jpg'}, 'nat': 'TR'}</msg>
<arg>${json_data['results'][0]}</arg>
<doc>Logs the given message with the given level.</doc>
<status status="PASS" start="2024-05-31T20:15:00.366924" elapsed="0.000424"/>
</kw>
<kw name="Log" owner="BuiltIn">
<msg time="2024-05-31T20:15:00.367775" level="INFO">location</msg>
<arg>${key}</arg>
<doc>Logs the given message with the given level.</doc>
<status status="PASS" start="2024-05-31T20:15:00.367647" elapsed="0.000166"/>
</kw>
<var name="${key}">location</var>
<status status="PASS" start="2024-05-31T20:15:00.366086" elapsed="0.001942"/>
</iter>
<iter>
<kw name="Dictionary Should Contain Key" owner="Collections">
<msg time="2024-05-31T20:15:00.368814" level="INFO">False</msg>
<arg>${json_data['results'][0]}</arg>
<arg>${key}</arg>
<doc>Fails if ``key`` is not found from ``dictionary``.</doc>
<status status="PASS" start="2024-05-31T20:15:00.368311" elapsed="0.000542"/>
</kw>
<kw name="Log" owner="BuiltIn">
<msg time="2024-05-31T20:15:00.369519" level="INFO">{'gender': 'male', 'name': {'title': 'Mr', 'first': 'Okan', 'last': 'Evliyaoğlu'}, 'location': {'street': {'number': 687, 'name': 'Talak Göktepe Cd'}, 'city': 'Tokat', 'state': 'Sivas', 'country': 'Turkey', 'postcode': 57874, 'coordinates': {'latitude': '65.7942', 'longitude': '-27.7644'}, 'timezone': {'offset': '-2:00', 'description': 'Mid-Atlantic'}}, 'email': 'okan.evliyaoglu@example.com', 'login': {'uuid': 'd6514bb8-63af-4a8e-af3c-f6c028e37733', 'username': 'brownpeacock980', 'password': 'yyyyyy', 'salt': 'zpQ7PI4N', 'md5': '6f2518ca5d259fbdb7a7e95ce1957b0a', 'sha1': '152bb2bff0689268292ad59c655dd909837bc23c', 'sha256': 'a152f9206012fed81075d4ee23946604101008d4cf14602688c7c4b60dd2f985'}, 'dob': {'date': '1966-07-21T18:09:31.327Z', 'age': 57}, 'registered': {'date': '2017-09-12T17:26:55.337Z', 'age': 6}, 'phone': '(159)-244-2209', 'cell': '(412)-474-1634', 'id': {'name': '', 'value': None}, 'picture': {'large': 'https://randomuser.me/api/portraits/men/0.jpg', 'medium': 'https://randomuser.me/api/portraits/med/men/0.jpg', 'thumbnail': 'https://randomuser.me/api/portraits/thumb/men/0.jpg'}, 'nat': 'TR'}</msg>
<arg>${json_data['results'][0]}</arg>
<doc>Logs the given message with the given level.</doc>
<status status="PASS" start="2024-05-31T20:15:00.369151" elapsed="0.000429"/>
</kw>
<kw name="Log" owner="BuiltIn">
<msg time="2024-05-31T20:15:00.370043" level="INFO">email</msg>
<arg>${key}</arg>
<doc>Logs the given message with the given level.</doc>
<status status="PASS" start="2024-05-31T20:15:00.369912" elapsed="0.000169"/>
</kw>
<var name="${key}">email</var>
<status status="PASS" start="2024-05-31T20:15:00.368200" elapsed="0.002100"/>
</iter>
<iter>
<kw name="Dictionary Should Contain Key" owner="Collections">
<msg time="2024-05-31T20:15:00.370970" level="INFO">False</msg>
<arg>${json_data['results'][0]}</arg>
<arg>${key}</arg>
<doc>Fails if ``key`` is not found from ``dictionary``.</doc>
<status status="PASS" start="2024-05-31T20:15:00.370588" elapsed="0.000419"/>
</kw>
<kw name="Log" owner="BuiltIn">
<msg time="2024-05-31T20:15:00.371666" level="INFO">{'gender': 'male', 'name': {'title': 'Mr', 'first': 'Okan', 'last': 'Evliyaoğlu'}, 'location': {'street': {'number': 687, 'name': 'Talak Göktepe Cd'}, 'city': 'Tokat', 'state': 'Sivas', 'country': 'Turkey', 'postcode': 57874, 'coordinates': {'latitude': '65.7942', 'longitude': '-27.7644'}, 'timezone': {'offset': '-2:00', 'description': 'Mid-Atlantic'}}, 'email': 'okan.evliyaoglu@example.com', 'login': {'uuid': 'd6514bb8-63af-4a8e-af3c-f6c028e37733', 'username': 'brownpeacock980', 'password': 'yyyyyy', 'salt': 'zpQ7PI4N', 'md5': '6f2518ca5d259fbdb7a7e95ce1957b0a', 'sha1': '152bb2bff0689268292ad59c655dd909837bc23c', 'sha256': 'a152f9206012fed81075d4ee23946604101008d4cf14602688c7c4b60dd2f985'}, 'dob': {'date': '1966-07-21T18:09:31.327Z', 'age': 57}, 'registered': {'date': '2017-09-12T17:26:55.337Z', 'age': 6}, 'phone': '(159)-244-2209', 'cell': '(412)-474-1634', 'id': {'name': '', 'value': None}, 'picture': {'large': 'https://randomuser.me/api/portraits/men/0.jpg', 'medium': 'https://randomuser.me/api/portraits/med/men/0.jpg', 'thumbnail': 'https://randomuser.me/api/portraits/thumb/men/0.jpg'}, 'nat': 'TR'}</msg>
<arg>${json_data['results'][0]}</arg>
<doc>Logs the given message with the given level.</doc>
<status status="PASS" start="2024-05-31T20:15:00.371302" elapsed="0.000425"/>
</kw>
<kw name="Log" owner="BuiltIn">
<msg time="2024-05-31T20:15:00.372150" level="INFO">login</msg>
<arg>${key}</arg>
<doc>Logs the given message with the given level.</doc>
<status status="PASS" start="2024-05-31T20:15:00.372021" elapsed="0.000167"/>
</kw>
<var name="${key}">login</var>
<status status="PASS" start="2024-05-31T20:15:00.370476" elapsed="0.001932"/>
</iter>
<var>${key}</var>
<value>@{expected_keys}</value>
<status status="PASS" start="2024-05-31T20:15:00.361434" elapsed="0.011097"/>
</for>
<kw name="Create List" owner="BuiltIn">
<msg time="2024-05-31T20:15:00.372902" level="INFO">${expected_keysTwo} = ['username', 'password']</msg>
<var>${expected_keysTwo}</var>
<arg>username</arg>
<arg>password</arg>
<doc>Returns a list containing given items.</doc>
<status status="PASS" start="2024-05-31T20:15:00.372761" elapsed="0.000165"/>
</kw>
<for flavor="IN">
<iter>
<kw name="Dictionary Should Contain Key" owner="Collections">
<msg time="2024-05-31T20:15:00.373839" level="INFO">False</msg>
<arg>${json_data['results'][0]['login']}</arg>
<arg>${keyTwo}</arg>
<doc>Fails if ``key`` is not found from ``dictionary``.</doc>
<status status="PASS" start="2024-05-31T20:15:00.373431" elapsed="0.000446"/>
</kw>
<kw name="Dictionary Should Contain Key" owner="Collections">
<msg time="2024-05-31T20:15:00.374557" level="INFO">False</msg>
<arg>${json_data['results'][0]['login']}</arg>
<arg>${keyTwo}</arg>
<doc>Fails if ``key`` is not found from ``dictionary``.</doc>
<status status="PASS" start="2024-05-31T20:15:00.374177" elapsed="0.000417"/>
</kw>
<kw name="Log" owner="BuiltIn">
<msg time="2024-05-31T20:15:00.375013" level="INFO">username</msg>
<arg>${keyTwo}</arg>
<doc>Logs the given message with the given level.</doc>
<status status="PASS" start="2024-05-31T20:15:00.374886" elapsed="0.000164"/>
</kw>
<var name="${keyTwo}">username</var>
<status status="PASS" start="2024-05-31T20:15:00.373322" elapsed="0.001951"/>
</iter>
<iter>
<kw name="Dictionary Should Contain Key" owner="Collections">
<msg time="2024-05-31T20:15:00.375930" level="INFO">False</msg>
<arg>${json_data['results'][0]['login']}</arg>
<arg>${keyTwo}</arg>
<doc>Fails if ``key`` is not found from ``dictionary``.</doc>
<status status="PASS" start="2024-05-31T20:15:00.375552" elapsed="0.000416"/>
</kw>
<kw name="Dictionary Should Contain Key" owner="Collections">
<msg time="2024-05-31T20:15:00.376633" level="INFO">False</msg>
<arg>${json_data['results'][0]['login']}</arg>
<arg>${keyTwo}</arg>
<doc>Fails if ``key`` is not found from ``dictionary``.</doc>
<status status="PASS" start="2024-05-31T20:15:00.376258" elapsed="0.000412"/>
</kw>
<kw name="Log" owner="BuiltIn">
<msg time="2024-05-31T20:15:00.377086" level="INFO">password</msg>
<arg>${keyTwo}</arg>
<doc>Logs the given message with the given level.</doc>
<status status="PASS" start="2024-05-31T20:15:00.376960" elapsed="0.000163"/>
</kw>
<var name="${keyTwo}">password</var>
<status status="PASS" start="2024-05-31T20:15:00.375443" elapsed="0.001893"/>
</iter>
<var>${keyTwo}</var>
<value>@{expected_keysTwo}</value>
<status status="PASS" start="2024-05-31T20:15:00.373167" elapsed="0.004289"/>
</for>
<status status="PASS" start="2024-05-31T20:15:00.250287" elapsed="0.127308"/>
</kw>
<doc>Testa a estrutura da resposta da API.</doc>
<tag>testeEstruturaResposta</tag>
<status status="PASS" start="2024-05-31T20:15:00.249456" elapsed="0.128323"/>
</test>
<test id="s1-s1-t4" name="Validar tipos de dados" line="28">
<kw name="Teste de Tipos de Dados" owner="random-user-service">
<kw name="GET On Session" owner="RequestsLibrary">
<msg time="2024-05-31T20:15:00.438763" level="INFO">GET Request : url=https://randomuser.me/api 
 path_url=/api 
 headers={'User-Agent': 'python-requests/2.32.3', 'Accept-Encoding': 'gzip, deflate', 'Accept': '*/*', 'Connection': 'keep-alive'} 
 body=None 
 </msg>
<msg time="2024-05-31T20:15:00.438872" level="INFO">GET Response : url=https://randomuser.me/api 
 status=200, reason=OK 
 headers={'Date': 'Fri, 31 May 2024 20:15:00 GMT', 'Content-Type': 'application/json; charset=utf-8', 'Transfer-Encoding': 'chunked', 'Connection': 'keep-alive', 'X-Powered-By': 'Express', 'Access-Control-Allow-Origin': '*', 'Cache-Control': 'no-cache', 'ETag': 'W/"48c-BG2GtRpqoa4HCsNCJQXt6WV6zBg"', 'Vary': 'Accept-Encoding', 'Content-Encoding': 'gzip', 'CF-Cache-Status': 'DYNAMIC', 'Report-To': '{"endpoints":[{"url":"https:\\/\\/a.nel.cloudflare.com\\/report\\/v4?s=a9vitzg6hV1V4prKCaaDUXuhmrjlN2ETg0x5QRlKK3TBbZ6ODAmtvOvN5n7To1KASXbnhlb6TVtR22LbRlwrgptkG%2Frzs1Sre0tq6cTxfICplBauCK9bx3UiJvEklvlI"}],"group":"cf-nel","max_age":604800}', 'NEL': '{"success_fraction":0,"report_to":"cf-nel","max_age":604800}', 'Server': 'cloudflare', 'CF-RAY': '88c9a22b6eac81f4-IAD', 'alt-svc': 'h3=":443"; ma=86400'} 
 body={"results":[{"gender":"male","name":{"title":"Mr","first":"Jasper","last":"Jones"},"location":{"street":{"number":7032,"name":"Abbotts Way"},"city":"Auckland","state":"Marlborough","country":"New Zealand","postcode":29354,"coordinates":{"latitude":"54.4388","longitude":"-120.3393"},"timezone":{"offset":"+5:00","description":"Ekaterinburg, Islamabad, Karachi, Tashkent"}},"email":"jasper.jones@example.com","login":{"uuid":"85bb0063-d0f4-4d6c-8ebf-21f57072d939","username":"sadzebra239","password":"theone","salt":"2c9rZyXc","md5":"0eafa495bfefff40c5cbfbfb01cc9df7","sha1":"9e03bc60388c122e9ef295ec01b9fd2d70a62d80","sha256":"324c239232908673334f52354c93160c81ec4c5fb927787666c306e6d7b265f5"},"dob":{"date":"1948-03-25T05:36:38.202Z","age":76},"registered":{"date":"2021-08-25T16:51:43.300Z","age":2},"phone":"(404)-185-2548","cell":"(264)-659-7229","id":{"name":"","value":null},"picture":{"large":"https://randomuser.me/api/portraits/men/32.jpg","medium":"https://randomuser.me/api/portraits/med/men/32.jpg","thumbnail":"https://randomuser.me/api/portraits/thumb/men/32.jpg"},"nat":"NZ"}],"info":{"seed":"63872fbc54a34e29","results":1,"page":1,"version":"1.4"}} 
 </msg>
<msg time="2024-05-31T20:15:00.438954" level="INFO">/opt/hostedtoolcache/Python/3.12.3/x64/lib/python3.12/site-packages/urllib3/connectionpool.py:1103: InsecureRequestWarning: Unverified HTTPS request is being made to host 'randomuser.me'. Adding certificate verification is strongly advised. See: https://urllib3.readthedocs.io/en/latest/advanced-usage.html#tls-warnings
  warnings.warn(</msg>
<msg time="2024-05-31T20:15:00.439095" level="INFO">${response} = &lt;Response [200]&gt;</msg>
<var>${response}</var>
<arg>consultarAPI</arg>
<arg>/api</arg>
<doc>Sends a GET request on a previously created HTTP Session.</doc>
<status status="PASS" start="2024-05-31T20:15:00.380368" elapsed="0.058775"/>
</kw>
<kw name="Set Variable" owner="BuiltIn">
<msg time="2024-05-31T20:15:00.440380" level="INFO">${json_data} = {'results': [{'gender': 'male', 'name': {'title': 'Mr', 'first': 'Jasper', 'last': 'Jones'}, 'location': {'street': {'number': 7032, 'name': 'Abbotts Way'}, 'city': 'Auckland', 'state': 'Marlborough',...</msg>
<var>${json_data}</var>
<arg>${response.json()}</arg>
<doc>Returns the given values which can then be assigned to a variables.</doc>
<status status="PASS" start="2024-05-31T20:15:00.439801" elapsed="0.000608"/>
</kw>
<kw name="Log" owner="BuiltIn">
<msg time="2024-05-31T20:15:00.440892" level="INFO">{'results': [{'gender': 'male', 'name': {'title': 'Mr', 'first': 'Jasper', 'last': 'Jones'}, 'location': {'street': {'number': 7032, 'name': 'Abbotts Way'}, 'city': 'Auckland', 'state': 'Marlborough', 'country': 'New Zealand', 'postcode': 29354, 'coordinates': {'latitude': '54.4388', 'longitude': '-120.3393'}, 'timezone': {'offset': '+5:00', 'description': 'Ekaterinburg, Islamabad, Karachi, Tashkent'}}, 'email': 'jasper.jones@example.com', 'login': {'uuid': '85bb0063-d0f4-4d6c-8ebf-21f57072d939', 'username': 'sadzebra239', 'password': 'theone', 'salt': '2c9rZyXc', 'md5': '0eafa495bfefff40c5cbfbfb01cc9df7', 'sha1': '9e03bc60388c122e9ef295ec01b9fd2d70a62d80', 'sha256': '324c239232908673334f52354c93160c81ec4c5fb927787666c306e6d7b265f5'}, 'dob': {'date': '1948-03-25T05:36:38.202Z', 'age': 76}, 'registered': {'date': '2021-08-25T16:51:43.300Z', 'age': 2}, 'phone': '(404)-185-2548', 'cell': '(264)-659-7229', 'id': {'name': '', 'value': None}, 'picture': {'large': 'https://randomuser.me/api/portraits/men/32.jpg', 'medium': 'https://randomuser.me/api/portraits/med/men/32.jpg', 'thumbnail': 'https://randomuser.me/api/portraits/thumb/men/32.jpg'}, 'nat': 'NZ'}], 'info': {'seed': '63872fbc54a34e29', 'results': 1, 'page': 1, 'version': '1.4'}}</msg>
<arg>${json_data}</arg>
<doc>Logs the given message with the given level.</doc>
<status status="PASS" start="2024-05-31T20:15:00.440730" elapsed="0.000210"/>
</kw>
<kw name="Should Be String" owner="String">
<arg>${json_data['results'][0]['gender']}</arg>
<doc>Fails if the given ``item`` is not a string.</doc>
<status status="PASS" start="2024-05-31T20:15:00.441266" elapsed="0.000394"/>
</kw>
<kw name="Should Match Regexp" owner="BuiltIn">
<arg>${json_data['results'][0]['email']}</arg>
<arg>^[a-zA-Z0-9._%+-]+@[a-zA-Z0-9.-]+\.[a-zA-Z]{2,}$</arg>
<doc>Fails if ``string`` does not match ``pattern`` as a regular expression.</doc>
<status status="PASS" start="2024-05-31T20:15:00.441866" elapsed="0.000681"/>
</kw>
<kw name="Should Match Regexp" owner="BuiltIn">
<arg>${json_data['results'][0]['dob']['date']}</arg>
<arg>\\d{4}-\\d{2}-\\d{2}T\\d{2}:\\d{2}:\\d{2}\\.\\d{3}Z</arg>
<doc>Fails if ``string`` does not match ``pattern`` as a regular expression.</doc>
<status status="PASS" start="2024-05-31T20:15:00.442746" elapsed="0.000486"/>
</kw>
<kw name="Should Match Regexp" owner="BuiltIn">
<arg>${json_data['results'][0]['registered']['date']}</arg>
<arg>\\d{4}-\\d{2}-\\d{2}T\\d{2}:\\d{2}:\\d{2}\\.\\d{3}Z</arg>
<doc>Fails if ``string`` does not match ``pattern`` as a regular expression.</doc>
<status status="PASS" start="2024-05-31T20:15:00.443425" elapsed="0.000368"/>
</kw>
<kw name="Should Match Regexp" owner="BuiltIn">
<arg>${json_data['results'][0]['picture']['large']}</arg>
<arg>^https?://.*\.(?:png|jpe?g|gif|bmp)$</arg>
<doc>Fails if ``string`` does not match ``pattern`` as a regular expression.</doc>
<status status="PASS" start="2024-05-31T20:15:00.443979" elapsed="0.000463"/>
</kw>
<kw name="Should Match Regexp" owner="BuiltIn">
<arg>${json_data['results'][0]['picture']['medium']}</arg>
<arg>^https?://.*\.(?:png|jpe?g|gif|bmp)$</arg>
<doc>Fails if ``string`` does not match ``pattern`` as a regular expression.</doc>
<status status="PASS" start="2024-05-31T20:15:00.444634" elapsed="0.000353"/>
</kw>
<kw name="Should Match Regexp" owner="BuiltIn">
<arg>${json_data['results'][0]['picture']['thumbnail']}</arg>
<arg>^https?://.*\.(?:png|jpe?g|gif|bmp)$</arg>
<doc>Fails if ``string`` does not match ``pattern`` as a regular expression.</doc>
<status status="PASS" start="2024-05-31T20:15:00.445176" elapsed="0.000349"/>
</kw>
<kw name="Log" owner="BuiltIn">
<msg time="2024-05-31T20:15:00.446069" level="INFO">{'large': 'https://randomuser.me/api/portraits/men/32.jpg', 'medium': 'https://randomuser.me/api/portraits/med/men/32.jpg', 'thumbnail': 'https://randomuser.me/api/portraits/thumb/men/32.jpg'}</msg>
<arg>${json_data['results'][0]['picture']}</arg>
<doc>Logs the given message with the given level.</doc>
<status status="PASS" start="2024-05-31T20:15:00.445739" elapsed="0.000372"/>
</kw>
<status status="PASS" start="2024-05-31T20:15:00.380122" elapsed="0.066245"/>
</kw>
<kw name="Teste de Tipos de Dados - Postcode" owner="random-user-service">
<kw name="GET On Session" owner="RequestsLibrary">
<msg time="2024-05-31T20:15:00.540166" level="INFO">GET Request : url=https://randomuser.me/api 
 path_url=/api 
 headers={'User-Agent': 'python-requests/2.32.3', 'Accept-Encoding': 'gzip, deflate', 'Accept': '*/*', 'Connection': 'keep-alive'} 
 body=None 
 </msg>
<msg time="2024-05-31T20:15:00.540278" level="INFO">GET Response : url=https://randomuser.me/api 
 status=200, reason=OK 
 headers={'Date': 'Fri, 31 May 2024 20:15:00 GMT', 'Content-Type': 'application/json; charset=utf-8', 'Transfer-Encoding': 'chunked', 'Connection': 'keep-alive', 'X-Powered-By': 'Express', 'Access-Control-Allow-Origin': '*', 'Cache-Control': 'no-cache', 'ETag': 'W/"474-Oa4JfA6/bDednotYi8uAVAh0xPQ"', 'Vary': 'Accept-Encoding', 'Content-Encoding': 'gzip', 'CF-Cache-Status': 'DYNAMIC', 'Report-To': '{"endpoints":[{"url":"https:\\/\\/a.nel.cloudflare.com\\/report\\/v4?s=TC%2BJJOV47eMpsX6qnzHtlnFChOjuv55M5paTa97osROncOiP%2F1VQ%2FaUjtx0AM%2FE2%2FtT1ABliy7ZVtHqKO%2FgT4enT2OFvgYYbEk22aDkGfzeuPexZEpJ8SJvUsQdD%2BBg9"}],"group":"cf-nel","max_age":604800}', 'NEL': '{"success_fraction":0,"report_to":"cf-nel","max_age":604800}', 'Server': 'cloudflare', 'CF-RAY': '88c9a22bcf0b81f4-IAD', 'alt-svc': 'h3=":443"; ma=86400'} 
 body={"results":[{"gender":"male","name":{"title":"Monsieur","first":"Léonard","last":"Moreau"},"location":{"street":{"number":4684,"name":"Rue Dubois"},"city":"Laupen","state":"Zug","country":"Switzerland","postcode":5592,"coordinates":{"latitude":"-62.3339","longitude":"-1.2296"},"timezone":{"offset":"+3:30","description":"Tehran"}},"email":"leonard.moreau@example.com","login":{"uuid":"9b97d7fb-0c94-4717-b61d-64c481c66202","username":"bigsnake437","password":"hello","salt":"dUJrDgD8","md5":"e560dd44d8b0ddfa88264e77ac0350bb","sha1":"17cd639406668528008d1ce7080253b07e1efa55","sha256":"305bef9c7591aeecc4a2dacaa9de13884aee64823cff000c8ee4e0bf5d63f1ab"},"dob":{"date":"1961-09-15T21:48:33.218Z","age":62},"registered":{"date":"2018-07-20T17:06:29.429Z","age":5},"phone":"075 744 10 10","cell":"079 436 06 65","id":{"name":"AVS","value":"756.9427.7461.63"},"picture":{"large":"https://randomuser.me/api/portraits/men/28.jpg","medium":"https://randomuser.me/api/portraits/med/men/28.jpg","thumbnail":"https://randomuser.me/api/portraits/thumb/men/28.jpg"},"nat":"CH"}],"info":{"seed":"42439989aa9f68c0","results":1,"page":1,"version":"1.4"}} 
 </msg>
<msg time="2024-05-31T20:15:00.540365" level="INFO">/opt/hostedtoolcache/Python/3.12.3/x64/lib/python3.12/site-packages/urllib3/connectionpool.py:1103: InsecureRequestWarning: Unverified HTTPS request is being made to host 'randomuser.me'. Adding certificate verification is strongly advised. See: https://urllib3.readthedocs.io/en/latest/advanced-usage.html#tls-warnings
  warnings.warn(</msg>
<msg time="2024-05-31T20:15:00.540510" level="INFO">${response} = &lt;Response [200]&gt;</msg>
<var>${response}</var>
<arg>consultarAPI</arg>
<arg>/api</arg>
<doc>Sends a GET request on a previously created HTTP Session.</doc>
<status status="PASS" start="2024-05-31T20:15:00.446824" elapsed="0.093728"/>
</kw>
<kw name="Set Variable" owner="BuiltIn">
<msg time="2024-05-31T20:15:00.541868" level="INFO">${json_data} = {'results': [{'gender': 'male', 'name': {'title': 'Monsieur', 'first': 'Léonard', 'last': 'Moreau'}, 'location': {'street': {'number': 4684, 'name': 'Rue Dubois'}, 'city': 'Laupen', 'state': 'Zug', 'c...</msg>
<var>${json_data}</var>
<arg>${response.json()}</arg>
<doc>Returns the given values which can then be assigned to a variables.</doc>
<status status="PASS" start="2024-05-31T20:15:00.541213" elapsed="0.000685"/>
</kw>
<kw name="Log" owner="BuiltIn">
<msg time="2024-05-31T20:15:00.542400" level="INFO">{'results': [{'gender': 'male', 'name': {'title': 'Monsieur', 'first': 'Léonard', 'last': 'Moreau'}, 'location': {'street': {'number': 4684, 'name': 'Rue Dubois'}, 'city': 'Laupen', 'state': 'Zug', 'country': 'Switzerland', 'postcode': 5592, 'coordinates': {'latitude': '-62.3339', 'longitude': '-1.2296'}, 'timezone': {'offset': '+3:30', 'description': 'Tehran'}}, 'email': 'leonard.moreau@example.com', 'login': {'uuid': '9b97d7fb-0c94-4717-b61d-64c481c66202', 'username': 'bigsnake437', 'password': 'hello', 'salt': 'dUJrDgD8', 'md5': 'e560dd44d8b0ddfa88264e77ac0350bb', 'sha1': '17cd639406668528008d1ce7080253b07e1efa55', 'sha256': '305bef9c7591aeecc4a2dacaa9de13884aee64823cff000c8ee4e0bf5d63f1ab'}, 'dob': {'date': '1961-09-15T21:48:33.218Z', 'age': 62}, 'registered': {'date': '2018-07-20T17:06:29.429Z', 'age': 5}, 'phone': '075 744 10 10', 'cell': '079 436 06 65', 'id': {'name': 'AVS', 'value': '756.9427.7461.63'}, 'picture': {'large': 'https://randomuser.me/api/portraits/men/28.jpg', 'medium': 'https://randomuser.me/api/portraits/med/men/28.jpg', 'thumbnail': 'https://randomuser.me/api/portraits/thumb/men/28.jpg'}, 'nat': 'CH'}], 'info': {'seed': '42439989aa9f68c0', 'results': 1, 'page': 1, 'version': '1.4'}}</msg>
<arg>${json_data}</arg>
<doc>Logs the given message with the given level.</doc>
<status status="PASS" start="2024-05-31T20:15:00.542228" elapsed="0.000223"/>
</kw>
<kw name="Should Be Equal As Numbers" owner="BuiltIn">
<arg>${json_data['results'][0]['location']['postcode']}</arg>
<arg>${json_data['results'][0]['location']['postcode']}</arg>
<doc>Fails if objects are unequal after converting them to real numbers.</doc>
<status status="PASS" start="2024-05-31T20:15:00.542751" elapsed="0.000641"/>
</kw>
<kw name="Log" owner="BuiltIn">
<msg time="2024-05-31T20:15:00.543966" level="INFO">5592</msg>
<arg>${json_data['results'][0]['location']['postcode']}</arg>
<doc>Logs the given message with the given level.</doc>
<status status="PASS" start="2024-05-31T20:15:00.543622" elapsed="0.000387"/>
</kw>
<status status="PASS" start="2024-05-31T20:15:00.446594" elapsed="0.097680"/>
</kw>
<doc>Testa se os tipos de dados na resposta da API estão corretos.</doc>
<tag>testeTiposDados</tag>
<status status="PASS" start="2024-05-31T20:15:00.379541" elapsed="0.164907"/>
</test>
<test id="s1-s1-t5" name="Validar conteudo" line="35">
<kw name="Teste de Tipos de Conteudo" owner="random-user-service">
<kw name="GET On Session" owner="RequestsLibrary">
<msg time="2024-05-31T20:15:00.639377" level="INFO">GET Request : url=https://randomuser.me/api 
 path_url=/api 
 headers={'User-Agent': 'python-requests/2.32.3', 'Accept-Encoding': 'gzip, deflate', 'Accept': '*/*', 'Connection': 'keep-alive'} 
 body=None 
 </msg>
<msg time="2024-05-31T20:15:00.639471" level="INFO">GET Response : url=https://randomuser.me/api 
 status=200, reason=OK 
 headers={'Date': 'Fri, 31 May 2024 20:15:00 GMT', 'Content-Type': 'application/json; charset=utf-8', 'Transfer-Encoding': 'chunked', 'Connection': 'keep-alive', 'X-Powered-By': 'Express', 'Access-Control-Allow-Origin': '*', 'Cache-Control': 'no-cache', 'ETag': 'W/"49a-S7hxn+8aztusFUS0OQvU2thDBAU"', 'Vary': 'Accept-Encoding', 'Content-Encoding': 'gzip', 'CF-Cache-Status': 'DYNAMIC', 'Report-To': '{"endpoints":[{"url":"https:\\/\\/a.nel.cloudflare.com\\/report\\/v4?s=YdzoqHfA6zOh85hYz4d9GpS3MTPXIxVK5jfzzIAJ1viS7oX1E%2FD3iUETd41MsCDACS8Ronp%2F%2BnNl%2Bogk3hyYnbSDSY%2FpqjIVhurX8LYUeIAm20r86S7%2BT57XUuY%2FVdDG"}],"group":"cf-nel","max_age":604800}', 'NEL': '{"success_fraction":0,"report_to":"cf-nel","max_age":604800}', 'Server': 'cloudflare', 'CF-RAY': '88c9a22c6fa381f4-IAD', 'alt-svc': 'h3=":443"; ma=86400'} 
 body={"results":[{"gender":"female","name":{"title":"Mrs","first":"Ielizaveta","last":"Ribalchenko"},"location":{"street":{"number":5706,"name":"Sivaska"},"city":"Krasnogorivka","state":"Zakarpatska","country":"Ukraine","postcode":52328,"coordinates":{"latitude":"76.8024","longitude":"81.2566"},"timezone":{"offset":"+7:00","description":"Bangkok, Hanoi, Jakarta"}},"email":"ielizaveta.ribalchenko@example.com","login":{"uuid":"4b9d9c74-7b59-47a7-985d-62e18ba5546c","username":"ticklishgorilla268","password":"eternal","salt":"TuJEOEeG","md5":"aa34581af7184145af925584ec81f2fb","sha1":"b9824968740a97f520678e0f4c858ab085f09dcd","sha256":"8941dc15cf557410fa0eb90d532f1bca6fee17c386a2bcc4c4602c089efd6b71"},"dob":{"date":"1995-09-23T06:35:56.046Z","age":28},"registered":{"date":"2003-07-19T14:15:14.824Z","age":20},"phone":"(098) Q33-2473","cell":"(099) V62-4780","id":{"name":"","value":null},"picture":{"large":"https://randomuser.me/api/portraits/women/54.jpg","medium":"https://randomuser.me/api/portraits/med/women/54.jpg","thumbnail":"https://randomuser.me/api/portraits/thumb/women/54.jpg"},"nat":"UA"}],"info":{"seed":"d73713c99f28d497","results":1,"page":1,"version":"1.4"}} 
 </msg>
<msg time="2024-05-31T20:15:00.639542" level="INFO">/opt/hostedtoolcache/Python/3.12.3/x64/lib/python3.12/site-packages/urllib3/connectionpool.py:1103: InsecureRequestWarning: Unverified HTTPS request is being made to host 'randomuser.me'. Adding certificate verification is strongly advised. See: https://urllib3.readthedocs.io/en/latest/advanced-usage.html#tls-warnings
  warnings.warn(</msg>
<msg time="2024-05-31T20:15:00.639667" level="INFO">${response} = &lt;Response [200]&gt;</msg>
<var>${response}</var>
<arg>consultarAPI</arg>
<arg>/api</arg>
<doc>Sends a GET request on a previously created HTTP Session.</doc>
<status status="PASS" start="2024-05-31T20:15:00.547024" elapsed="0.092675"/>
</kw>
<kw name="Set Variable" owner="BuiltIn">
<msg time="2024-05-31T20:15:00.640958" level="INFO">${json_data} = {'results': [{'gender': 'female', 'name': {'title': 'Mrs', 'first': 'Ielizaveta', 'last': 'Ribalchenko'}, 'location': {'street': {'number': 5706, 'name': 'Sivaska'}, 'city': 'Krasnogorivka', 'state': ...</msg>
<var>${json_data}</var>
<arg>${response.json()}</arg>
<doc>Returns the given values which can then be assigned to a variables.</doc>
<status status="PASS" start="2024-05-31T20:15:00.640347" elapsed="0.000640"/>
</kw>
<kw name="Set Variable" owner="BuiltIn">
<msg time="2024-05-31T20:15:00.641726" level="INFO">${name_title} = Mrs</msg>
<var>${name_title}</var>
<arg>${json_data["results"][0]["name"]["title"]}</arg>
<doc>Returns the given values which can then be assigned to a variables.</doc>
<status status="PASS" start="2024-05-31T20:15:00.641293" elapsed="0.000459"/>
</kw>
<kw name="Create List" owner="BuiltIn">
<msg time="2024-05-31T20:15:00.642216" level="INFO">${allowed_titles} = ['Mr', 'Ms', 'Miss', 'Mrs', 'Madame', 'Monsieur']</msg>
<var>${allowed_titles}</var>
<arg>Mr</arg>
<arg>Ms</arg>
<arg>Miss</arg>
<arg>Mrs</arg>
<arg>Madame</arg>
<arg>Monsieur</arg>
<doc>Returns a list containing given items.</doc>
<status status="PASS" start="2024-05-31T20:15:00.642058" elapsed="0.000184"/>
</kw>
<kw name="List Should Contain Value" owner="Collections">
<msg time="2024-05-31T20:15:00.642718" level="INFO">False</msg>
<arg>${allowed_titles}</arg>
<arg>${name_title}</arg>
<doc>Fails if the ``value`` is not found from ``list``.</doc>
<status status="PASS" start="2024-05-31T20:15:00.642544" elapsed="0.000210"/>
</kw>
<kw name="Set Variable" owner="BuiltIn">
<msg time="2024-05-31T20:15:00.643595" level="INFO">${name_country} = UA</msg>
<var>${name_country}</var>
<arg>${json_data["results"][0]["nat"]}</arg>
<doc>Returns the given values which can then be assigned to a variables.</doc>
<status status="PASS" start="2024-05-31T20:15:00.643043" elapsed="0.000578"/>
</kw>
<kw name="Create List" owner="BuiltIn">
<msg time="2024-05-31T20:15:00.644526" level="INFO">${list_country} = ['AD', 'AE', 'AF', 'AG', 'AI', 'AL', 'AM', 'AO', 'AQ', 'AR', 'AS', 'AT', 'AU', 'AW', 'AX', 'AZ', 'BA', 'BB', 'BD', 'BE', 'BF', 'BG', 'BH', 'BI', 'BJ', 'BL', 'BM', 'BN', 'BO', 'BQ', 'BR', 'BS', 'BT', '...</msg>
<var>${list_country}</var>
<arg>AD</arg>
<arg>AE</arg>
<arg>AF</arg>
<arg>AG</arg>
<arg>AI</arg>
<arg>AL</arg>
<arg>AM</arg>
<arg>AO</arg>
<arg>AQ</arg>
<arg>AR</arg>
<arg>AS</arg>
<arg>AT</arg>
<arg>AU</arg>
<arg>AW</arg>
<arg>AX</arg>
<arg>AZ</arg>
<arg>BA</arg>
<arg>BB</arg>
<arg>BD</arg>
<arg>BE</arg>
<arg>BF</arg>
<arg>BG</arg>
<arg>BH</arg>
<arg>BI</arg>
<arg>BJ</arg>
<arg>BL</arg>
<arg>BM</arg>
<arg>BN</arg>
<arg>BO</arg>
<arg>BQ</arg>
<arg>BR</arg>
<arg>BS</arg>
<arg>BT</arg>
<arg>BV</arg>
<arg>BW</arg>
<arg>BY</arg>
<arg>BZ</arg>
<arg>CA</arg>
<arg>CC</arg>
<arg>CD</arg>
<arg>CF</arg>
<arg>CG</arg>
<arg>CH</arg>
<arg>CI</arg>
<arg>CK</arg>
<arg>CL</arg>
<arg>CM</arg>
<arg>CN</arg>
<arg>CO</arg>
<arg>CR</arg>
<arg>CU</arg>
<arg>CV</arg>
<arg>CW</arg>
<arg>CX</arg>
<arg>CY</arg>
<arg>CZ</arg>
<arg>DE</arg>
<arg>DJ</arg>
<arg>DK</arg>
<arg>DM</arg>
<arg>DO</arg>
<arg>DZ</arg>
<arg>EC</arg>
<arg>EE</arg>
<arg>EG</arg>
<arg>EH</arg>
<arg>ER</arg>
<arg>ES</arg>
<arg>ET</arg>
<arg>FI</arg>
<arg>FJ</arg>
<arg>FK</arg>
<arg>FM</arg>
<arg>FO</arg>
<arg>FR</arg>
<arg>GA</arg>
<arg>GB</arg>
<arg>GD</arg>
<arg>GE</arg>
<arg>GF</arg>
<arg>GG</arg>
<arg>GH</arg>
<arg>GI</arg>
<arg>GL</arg>
<arg>GM</arg>
<arg>GN</arg>
<arg>GP</arg>
<arg>GQ</arg>
<arg>GR</arg>
<arg>GS</arg>
<arg>GT</arg>
<arg>GU</arg>
<arg>GW</arg>
<arg>GY</arg>
<arg>HK</arg>
<arg>HM</arg>
<arg>HN</arg>
<arg>HR</arg>
<arg>HT</arg>
<arg>HU</arg>
<arg>ID</arg>
<arg>IE</arg>
<arg>IL</arg>
<arg>IM</arg>
<arg>IN</arg>
<arg>IO</arg>
<arg>IQ</arg>
<arg>IR</arg>
<arg>IS</arg>
<arg>IT</arg>
<arg>JE</arg>
<arg>JM</arg>
<arg>JO</arg>
<arg>JP</arg>
<arg>KE</arg>
<arg>KG</arg>
<arg>KH</arg>
<arg>KI</arg>
<arg>KM</arg>
<arg>KN</arg>
<arg>KP</arg>
<arg>KR</arg>
<arg>KW</arg>
<arg>KY</arg>
<arg>KZ</arg>
<arg>LA</arg>
<arg>LB</arg>
<arg>LC</arg>
<arg>LI</arg>
<arg>LK</arg>
<arg>LR</arg>
<arg>LS</arg>
<arg>LT</arg>
<arg>LU</arg>
<arg>LV</arg>
<arg>LY</arg>
<arg>MA</arg>
<arg>MC</arg>
<arg>MD</arg>
<arg>ME</arg>
<arg>MF</arg>
<arg>MG</arg>
<arg>MH</arg>
<arg>MK</arg>
<arg>ML</arg>
<arg>MM</arg>
<arg>MN</arg>
<arg>MO</arg>
<arg>MP</arg>
<arg>MQ</arg>
<arg>MR</arg>
<arg>MS</arg>
<arg>MT</arg>
<arg>MU</arg>
<arg>MV</arg>
<arg>MW</arg>
<arg>MX</arg>
<arg>MY</arg>
<arg>MZ</arg>
<arg>NA</arg>
<arg>NC</arg>
<arg>NE</arg>
<arg>NF</arg>
<arg>NG</arg>
<arg>NI</arg>
<arg>NL</arg>
<arg>NO</arg>
<arg>NP</arg>
<arg>NR</arg>
<arg>NU</arg>
<arg>NZ</arg>
<arg>OM</arg>
<arg>PA</arg>
<arg>PE</arg>
<arg>PF</arg>
<arg>PG</arg>
<arg>PH</arg>
<arg>PK</arg>
<arg>PL</arg>
<arg>PM</arg>
<arg>PN</arg>
<arg>PR</arg>
<arg>PS</arg>
<arg>PT</arg>
<arg>PW</arg>
<arg>PY</arg>
<arg>QA</arg>
<arg>RE</arg>
<arg>RO</arg>
<arg>RS</arg>
<arg>RU</arg>
<arg>RW</arg>
<arg>SA</arg>
<arg>SB</arg>
<arg>SC</arg>
<arg>SD</arg>
<arg>SE</arg>
<arg>SG</arg>
<arg>SH</arg>
<arg>SI</arg>
<arg>SJ</arg>
<arg>SK</arg>
<arg>SL</arg>
<arg>SM</arg>
<arg>SN</arg>
<arg>SO</arg>
<arg>SR</arg>
<arg>SS</arg>
<arg>ST</arg>
<arg>SV</arg>
<arg>SX</arg>
<arg>SY</arg>
<arg>SZ</arg>
<arg>TC</arg>
<arg>TD</arg>
<arg>TF</arg>
<arg>TG</arg>
<arg>TH</arg>
<arg>TJ</arg>
<arg>TK</arg>
<arg>TL</arg>
<arg>TM</arg>
<arg>TN</arg>
<arg>TO</arg>
<arg>TR</arg>
<arg>TT</arg>
<arg>TV</arg>
<arg>TW</arg>
<arg>TZ</arg>
<arg>UA</arg>
<arg>UG</arg>
<arg>UM</arg>
<arg>US</arg>
<arg>UY</arg>
<arg>UZ</arg>
<arg>VA</arg>
<arg>VC</arg>
<arg>VE</arg>
<arg>VG</arg>
<arg>VI</arg>
<arg>VN</arg>
<arg>VU</arg>
<arg>WF</arg>
<arg>WS</arg>
<arg>XK</arg>
<arg>YE</arg>
<arg>YT</arg>
<arg>ZA</arg>
<arg>ZM</arg>
<arg>ZW</arg>
<doc>Returns a list containing given items.</doc>
<status status="PASS" start="2024-05-31T20:15:00.643928" elapsed="0.000624"/>
</kw>
<kw name="List Should Contain Value" owner="Collections">
<msg time="2024-05-31T20:15:00.645531" level="INFO">False</msg>
<arg>${list_country}</arg>
<arg>${name_country}</arg>
<doc>Fails if the ``value`` is not found from ``list``.</doc>
<status status="PASS" start="2024-05-31T20:15:00.645330" elapsed="0.000237"/>
</kw>
<kw name="Run Keyword If" owner="BuiltIn">
<kw name="Should Be True" owner="BuiltIn">
<arg>${True}</arg>
<doc>Fails if the given condition is not true.</doc>
<status status="PASS" start="2024-05-31T20:15:00.646652" elapsed="0.000143"/>
</kw>
<arg>${json_data["results"][0]["location"]["coordinates"]["latitude"]} &gt;= -90 and ${json_data["results"][0]["location"]["coordinates"]["latitude"]} &lt;= 90</arg>
<arg>Should Be True</arg>
<arg>${True}</arg>
<doc>Runs the given keyword with the given arguments, if ``condition`` is true.</doc>
<status status="PASS" start="2024-05-31T20:15:00.645910" elapsed="0.001014"/>
</kw>
<kw name="Run Keyword If" owner="BuiltIn">
<kw name="Should Be True" owner="BuiltIn">
<arg>${True}</arg>
<doc>Fails if the given condition is not true.</doc>
<status status="PASS" start="2024-05-31T20:15:00.647800" elapsed="0.000138"/>
</kw>
<arg>${json_data["results"][0]["location"]["coordinates"]["longitude"]} &gt;= -180 and ${json_data["results"][0]["location"]["coordinates"]["longitude"]} &lt;= 180</arg>
<arg>Should Be True</arg>
<arg>${True}</arg>
<doc>Runs the given keyword with the given arguments, if ``condition`` is true.</doc>
<status status="PASS" start="2024-05-31T20:15:00.647107" elapsed="0.000954"/>
</kw>
<status status="PASS" start="2024-05-31T20:15:00.546791" elapsed="0.101401"/>
</kw>
<doc>Testa o conteúdo específico dos campos retornados pela API.</doc>
<tag>testeConteudo</tag>
<status status="PASS" start="2024-05-31T20:15:00.546244" elapsed="0.102099"/>
</test>
<status status="PASS" start="2024-05-31T20:14:59.784590" elapsed="0.865763"/>
</suite>
<status status="PASS" start="2024-05-31T20:14:59.770839" elapsed="0.884764"/>
</suite>
<statistics>
<total>
<stat pass="5" fail="0" skip="0">All Tests</stat>
</total>
<tag>
<stat pass="1" fail="0" skip="0">testeConteudo</stat>
<stat pass="1" fail="0" skip="0">testeEstruturaResposta</stat>
<stat pass="1" fail="0" skip="0">testeRequisicaoBasica</stat>
<stat pass="1" fail="0" skip="0">testeTiposDados</stat>
</tag>
<suite>
<stat pass="5" fail="0" skip="0" id="s1" name="Tests">Tests</stat>
<stat pass="5" fail="0" skip="0" id="s1-s1" name="Random-User-Test">Tests.Random-User-Test</stat>
</suite>
</statistics>
<errors>
</errors>
</robot>
