<?xml version="1.0" encoding="UTF-8"?>
<robot generator="Robot 7.0 (Python 3.12.3 on linux)" generated="2024-06-02T22:13:04.733347" rpa="false" schemaversion="5">
<suite id="s1" name="Tests" source="/home/runner/work/ApiRandomUser/ApiRandomUser/RamdonUser/tests">
<suite id="s1-s1" name="Random-User-Test" source="/home/runner/work/ApiRandomUser/ApiRandomUser/RamdonUser/tests/random-user-test.robot">
<test id="s1-s1-t1" name="Conectar" line="13">
<kw name="Conectar API" owner="random-user-service">
<kw name="Create Session" owner="RequestsLibrary">
<msg time="2024-06-02T22:13:05.127288" level="INFO">Creating Session using : alias=consultarAPI, url=https://randomuser.me/, headers={},                     cookies={}, auth=None, timeout=None, proxies=None, verify=False,                     debug=0 </msg>
<arg>consultarAPI</arg>
<arg>${URL}</arg>
<doc>Create Session: create a HTTP session to a server</doc>
<status status="PASS" start="2024-06-02T22:13:05.126988" elapsed="0.000520"/>
</kw>
<status status="PASS" start="2024-06-02T22:13:05.125514" elapsed="0.002436"/>
</kw>
<status status="PASS" start="2024-06-02T22:13:05.124958" elapsed="0.003242"/>
</test>
<test id="s1-s1-t2" name="Validar retorno 200 e JSON Válido" line="16">
<kw name="Teste de Requisicao Basica" owner="random-user-service">
<kw name="GET On Session" owner="RequestsLibrary">
<msg time="2024-06-02T22:13:05.306247" level="INFO">GET Request : url=https://randomuser.me/api 
 path_url=/api 
 headers={'User-Agent': 'python-requests/2.32.3', 'Accept-Encoding': 'gzip, deflate', 'Accept': '*/*', 'Connection': 'keep-alive'} 
 body=None 
 </msg>
<msg time="2024-06-02T22:13:05.306400" level="INFO">GET Response : url=https://randomuser.me/api 
 status=200, reason=OK 
 headers={'Date': 'Sun, 02 Jun 2024 22:13:05 GMT', 'Content-Type': 'application/json; charset=utf-8', 'Transfer-Encoding': 'chunked', 'Connection': 'keep-alive', 'X-Powered-By': 'Express', 'Access-Control-Allow-Origin': '*', 'Cache-Control': 'no-cache', 'ETag': 'W/"48a-aOY7iu5rW3oz0sOgWx9663EV5Ws"', 'Vary': 'Accept-Encoding', 'Content-Encoding': 'gzip', 'CF-Cache-Status': 'DYNAMIC', 'Report-To': '{"endpoints":[{"url":"https:\\/\\/a.nel.cloudflare.com\\/report\\/v4?s=6iCcOcWOvWbtaY32dpIdxYR0JjQUu1vLpQTtRZWxa6rrRbHLhDev9SC39Q7UyI3pdAVY2xOfEHWWD8%2FxCL%2FLvtMkcXjiMEbgS5wzO3nCVlfSmrdsqgiwHAvp%2F%2BgVzR41"}],"group":"cf-nel","max_age":604800}', 'NEL': '{"success_fraction":0,"report_to":"cf-nel","max_age":604800}', 'Server': 'cloudflare', 'CF-RAY': '88dac9e36b7b2acc-LAX', 'alt-svc': 'h3=":443"; ma=86400'} 
 body={"results":[{"gender":"male","name":{"title":"Mr","first":"میلاد","last":"کریمی"},"location":{"street":{"number":7943,"name":"آیت الله مدرس"},"city":"قرچک","state":"زنجان","country":"Iran","postcode":87782,"coordinates":{"latitude":"21.3814","longitude":"-80.9518"},"timezone":{"offset":"-8:00","description":"Pacific Time (US &amp; Canada)"}},"email":"myld.khrymy@example.com","login":{"uuid":"ed2c1a6d-3331-48c8-adf9-7d3b126627c8","username":"whitemeercat536","password":"smitty","salt":"pnlhGXFP","md5":"7f500a8235cae4210f6b6ee40899bb7f","sha1":"8d99d9666d3aa3f4e8c408b755b8269b24e25bd3","sha256":"ab40211ee6a2d53c0290a5e4cfc273df8c66787029e443c913696496faeac351"},"dob":{"date":"1992-12-24T05:52:59.717Z","age":31},"registered":{"date":"2006-03-15T17:50:06.516Z","age":18},"phone":"011-43147570","cell":"0924-482-3844","id":{"name":"","value":null},"picture":{"large":"https://randomuser.me/api/portraits/men/72.jpg","medium":"https://randomuser.me/api/portraits/med/men/72.jpg","thumbnail":"https://randomuser.me/api/portraits/thumb/men/72.jpg"},"nat":"IR"}],"info":{"seed":"4d3ebbee3d52a72a","results":1,"page":1,"version":"1.4"}} 
 </msg>
<msg time="2024-06-02T22:13:05.306500" level="INFO">/opt/hostedtoolcache/Python/3.12.3/x64/lib/python3.12/site-packages/urllib3/connectionpool.py:1103: InsecureRequestWarning: Unverified HTTPS request is being made to host 'randomuser.me'. Adding certificate verification is strongly advised. See: https://urllib3.readthedocs.io/en/latest/advanced-usage.html#tls-warnings
  warnings.warn(</msg>
<msg time="2024-06-02T22:13:05.306677" level="INFO">${response} = &lt;Response [200]&gt;</msg>
<var>${response}</var>
<arg>consultarAPI</arg>
<arg>/api</arg>
<doc>Sends a GET request on a previously created HTTP Session.</doc>
<status status="PASS" start="2024-06-02T22:13:05.131320" elapsed="0.175403"/>
</kw>
<kw name="Should Be Equal As Numbers" owner="BuiltIn">
<msg time="2024-06-02T22:13:05.307596" level="INFO">Argument types are:
&lt;class 'int'&gt;
&lt;class 'str'&gt;</msg>
<arg>${response.status_code}</arg>
<arg>200</arg>
<doc>Fails if objects are unequal after converting them to real numbers.</doc>
<status status="PASS" start="2024-06-02T22:13:05.307152" elapsed="0.000511"/>
</kw>
<kw name="Log" owner="BuiltIn">
<msg time="2024-06-02T22:13:05.308363" level="INFO">200</msg>
<arg>${response.status_code}</arg>
<doc>Logs the given message with the given level.</doc>
<status status="PASS" start="2024-06-02T22:13:05.307999" elapsed="0.000421"/>
</kw>
<kw name="Set Variable" owner="BuiltIn">
<msg time="2024-06-02T22:13:05.309211" level="INFO">${json_data} = {'results': [{'gender': 'male', 'name': {'title': 'Mr', 'first': 'میلاد', 'last': 'کریمی'}, 'location': {'street': {'number': 7943, 'name': 'آیت الله مدرس'}, 'city': 'قرچک', 'state': 'زنجان', 'country...</msg>
<var>${json_data}</var>
<arg>${response.json()}</arg>
<doc>Returns the given values which can then be assigned to a variables.</doc>
<status status="PASS" start="2024-06-02T22:13:05.308744" elapsed="0.000498"/>
</kw>
<kw name="Dictionary Should Contain Key" owner="Collections">
<msg time="2024-06-02T22:13:05.309771" level="INFO">False</msg>
<arg>${json_data}</arg>
<arg>results</arg>
<doc>Fails if ``key`` is not found from ``dictionary``.</doc>
<status status="PASS" start="2024-06-02T22:13:05.309586" elapsed="0.000362"/>
</kw>
<status status="PASS" start="2024-06-02T22:13:05.131066" elapsed="0.179154"/>
</kw>
<doc>Testa se a API responde corretamente e retorna um objeto JSON válido.</doc>
<tag>testeRequisicaoBasica</tag>
<status status="PASS" start="2024-06-02T22:13:05.130558" elapsed="0.179847"/>
</test>
<test id="s1-s1-t3" name="Validar estrutura de resposta" line="22">
<kw name="Teste de Estrutura de Resposta" owner="random-user-service">
<kw name="GET On Session" owner="RequestsLibrary">
<msg time="2024-06-02T22:13:05.477339" level="INFO">GET Request : url=https://randomuser.me/api 
 path_url=/api 
 headers={'User-Agent': 'python-requests/2.32.3', 'Accept-Encoding': 'gzip, deflate', 'Accept': '*/*', 'Connection': 'keep-alive'} 
 body=None 
 </msg>
<msg time="2024-06-02T22:13:05.477443" level="INFO">GET Response : url=https://randomuser.me/api 
 status=200, reason=OK 
 headers={'Date': 'Sun, 02 Jun 2024 22:13:05 GMT', 'Content-Type': 'application/json; charset=utf-8', 'Transfer-Encoding': 'chunked', 'Connection': 'keep-alive', 'X-Powered-By': 'Express', 'Access-Control-Allow-Origin': '*', 'Cache-Control': 'no-cache', 'ETag': 'W/"4ab-aJfv26jdrDXPNh4led9TsedND0w"', 'Vary': 'Accept-Encoding', 'Content-Encoding': 'gzip', 'CF-Cache-Status': 'DYNAMIC', 'Report-To': '{"endpoints":[{"url":"https:\\/\\/a.nel.cloudflare.com\\/report\\/v4?s=vAuKnSa7ICzQF%2FfmOBIj2uSm75jpmo9ilAClBKRefBQi0e0PzFuSEKqJqI97xCXbWon8Z3vEpL1BYlr5T7UlPVEz76bcntJU7LzLXgxaWD%2BwBYYLpmz2lqxQ0eikk00r"}],"group":"cf-nel","max_age":604800}', 'NEL': '{"success_fraction":0,"report_to":"cf-nel","max_age":604800}', 'Server': 'cloudflare', 'CF-RAY': '88dac9e43c7a2acc-LAX', 'alt-svc': 'h3=":443"; ma=86400'} 
 body={"results":[{"gender":"female","name":{"title":"Miss","first":"Stephanie","last":"Lawrence"},"location":{"street":{"number":746,"name":"North Street"},"city":"York","state":"County Antrim","country":"United Kingdom","postcode":"UW6F 6BJ","coordinates":{"latitude":"-7.4581","longitude":"24.4296"},"timezone":{"offset":"+4:00","description":"Abu Dhabi, Muscat, Baku, Tbilisi"}},"email":"stephanie.lawrence@example.com","login":{"uuid":"e83a18f2-153c-45c9-9e16-a2c89d11655c","username":"greenmouse261","password":"anthony7","salt":"ulXxWKL4","md5":"af2fe9bc45b55f5e23626a0757747b8c","sha1":"d546f7926dd710aea29b2c90fd915e8d914d789b","sha256":"8331fb3d93ad5fd0513097025c99491d2eac2d5f8ba31edef7b10eb617fab8e3"},"dob":{"date":"1988-05-30T09:51:24.991Z","age":36},"registered":{"date":"2012-10-12T11:15:14.017Z","age":11},"phone":"01801 43372","cell":"07304 624957","id":{"name":"NINO","value":"NG 23 31 84 I"},"picture":{"large":"https://randomuser.me/api/portraits/women/58.jpg","medium":"https://randomuser.me/api/portraits/med/women/58.jpg","thumbnail":"https://randomuser.me/api/portraits/thumb/women/58.jpg"},"nat":"GB"}],"info":{"seed":"e2503ccad27eb9d6","results":1,"page":1,"version":"1.4"}} 
 </msg>
<msg time="2024-06-02T22:13:05.477620" level="INFO">/opt/hostedtoolcache/Python/3.12.3/x64/lib/python3.12/site-packages/urllib3/connectionpool.py:1103: InsecureRequestWarning: Unverified HTTPS request is being made to host 'randomuser.me'. Adding certificate verification is strongly advised. See: https://urllib3.readthedocs.io/en/latest/advanced-usage.html#tls-warnings
  warnings.warn(</msg>
<msg time="2024-06-02T22:13:05.477802" level="INFO">${response} = &lt;Response [200]&gt;</msg>
<var>${response}</var>
<arg>consultarAPI</arg>
<arg>/api</arg>
<doc>Sends a GET request on a previously created HTTP Session.</doc>
<status status="PASS" start="2024-06-02T22:13:05.313424" elapsed="0.164438"/>
</kw>
<kw name="Set Variable" owner="BuiltIn">
<msg time="2024-06-02T22:13:05.478832" level="INFO">${json_data} = {'results': [{'gender': 'female', 'name': {'title': 'Miss', 'first': 'Stephanie', 'last': 'Lawrence'}, 'location': {'street': {'number': 746, 'name': 'North Street'}, 'city': 'York', 'state': 'County ...</msg>
<var>${json_data}</var>
<arg>${response.json()}</arg>
<doc>Returns the given values which can then be assigned to a variables.</doc>
<status status="PASS" start="2024-06-02T22:13:05.478326" elapsed="0.000537"/>
</kw>
<kw name="Log" owner="BuiltIn">
<msg time="2024-06-02T22:13:05.479346" level="INFO">{'results': [{'gender': 'female', 'name': {'title': 'Miss', 'first': 'Stephanie', 'last': 'Lawrence'}, 'location': {'street': {'number': 746, 'name': 'North Street'}, 'city': 'York', 'state': 'County Antrim', 'country': 'United Kingdom', 'postcode': 'UW6F 6BJ', 'coordinates': {'latitude': '-7.4581', 'longitude': '24.4296'}, 'timezone': {'offset': '+4:00', 'description': 'Abu Dhabi, Muscat, Baku, Tbilisi'}}, 'email': 'stephanie.lawrence@example.com', 'login': {'uuid': 'e83a18f2-153c-45c9-9e16-a2c89d11655c', 'username': 'greenmouse261', 'password': 'anthony7', 'salt': 'ulXxWKL4', 'md5': 'af2fe9bc45b55f5e23626a0757747b8c', 'sha1': 'd546f7926dd710aea29b2c90fd915e8d914d789b', 'sha256': '8331fb3d93ad5fd0513097025c99491d2eac2d5f8ba31edef7b10eb617fab8e3'}, 'dob': {'date': '1988-05-30T09:51:24.991Z', 'age': 36}, 'registered': {'date': '2012-10-12T11:15:14.017Z', 'age': 11}, 'phone': '01801 43372', 'cell': '07304 624957', 'id': {'name': 'NINO', 'value': 'NG 23 31 84 I'}, 'picture': {'large': 'https://randomuser.me/api/portraits/women/58.jpg', 'medium': 'https://randomuser.me/api/portraits/med/women/58.jpg', 'thumbnail': 'https://randomuser.me/api/portraits/thumb/women/58.jpg'}, 'nat': 'GB'}], 'info': {'seed': 'e2503ccad27eb9d6', 'results': 1, 'page': 1, 'version': '1.4'}}</msg>
<arg>${json_data}</arg>
<doc>Logs the given message with the given level.</doc>
<status status="PASS" start="2024-06-02T22:13:05.479183" elapsed="0.000212"/>
</kw>
<kw name="Dictionary Should Contain Key" owner="Collections">
<msg time="2024-06-02T22:13:05.479866" level="INFO">False</msg>
<arg>${json_data}</arg>
<arg>results</arg>
<doc>Fails if ``key`` is not found from ``dictionary``.</doc>
<status status="PASS" start="2024-06-02T22:13:05.479701" elapsed="0.000205"/>
</kw>
<kw name="Should Not Be Empty" owner="BuiltIn">
<msg time="2024-06-02T22:13:05.480346" level="INFO">Length is 2.</msg>
<arg>${json_data}</arg>
<doc>Verifies that the given item is not empty.</doc>
<status status="PASS" start="2024-06-02T22:13:05.480210" elapsed="0.000175"/>
</kw>
<kw name="Create List" owner="BuiltIn">
<msg time="2024-06-02T22:13:05.480847" level="INFO">${expected_keys} = ['gender', 'name', 'location', 'email', 'login']</msg>
<var>${expected_keys}</var>
<arg>gender</arg>
<arg>name</arg>
<arg>location</arg>
<arg>email</arg>
<arg>login</arg>
<doc>Returns a list containing given items.</doc>
<status status="PASS" start="2024-06-02T22:13:05.480688" elapsed="0.000185"/>
</kw>
<for flavor="IN">
<iter>
<kw name="Dictionary Should Contain Key" owner="Collections">
<msg time="2024-06-02T22:13:05.481922" level="INFO">False</msg>
<arg>${json_data['results'][0]}</arg>
<arg>${key}</arg>
<doc>Fails if ``key`` is not found from ``dictionary``.</doc>
<status status="PASS" start="2024-06-02T22:13:05.481463" elapsed="0.000504"/>
</kw>
<kw name="Log" owner="BuiltIn">
<msg time="2024-06-02T22:13:05.482659" level="INFO">{'gender': 'female', 'name': {'title': 'Miss', 'first': 'Stephanie', 'last': 'Lawrence'}, 'location': {'street': {'number': 746, 'name': 'North Street'}, 'city': 'York', 'state': 'County Antrim', 'country': 'United Kingdom', 'postcode': 'UW6F 6BJ', 'coordinates': {'latitude': '-7.4581', 'longitude': '24.4296'}, 'timezone': {'offset': '+4:00', 'description': 'Abu Dhabi, Muscat, Baku, Tbilisi'}}, 'email': 'stephanie.lawrence@example.com', 'login': {'uuid': 'e83a18f2-153c-45c9-9e16-a2c89d11655c', 'username': 'greenmouse261', 'password': 'anthony7', 'salt': 'ulXxWKL4', 'md5': 'af2fe9bc45b55f5e23626a0757747b8c', 'sha1': 'd546f7926dd710aea29b2c90fd915e8d914d789b', 'sha256': '8331fb3d93ad5fd0513097025c99491d2eac2d5f8ba31edef7b10eb617fab8e3'}, 'dob': {'date': '1988-05-30T09:51:24.991Z', 'age': 36}, 'registered': {'date': '2012-10-12T11:15:14.017Z', 'age': 11}, 'phone': '01801 43372', 'cell': '07304 624957', 'id': {'name': 'NINO', 'value': 'NG 23 31 84 I'}, 'picture': {'large': 'https://randomuser.me/api/portraits/women/58.jpg', 'medium': 'https://randomuser.me/api/portraits/med/women/58.jpg', 'thumbnail': 'https://randomuser.me/api/portraits/thumb/women/58.jpg'}, 'nat': 'GB'}</msg>
<arg>${json_data['results'][0]}</arg>
<doc>Logs the given message with the given level.</doc>
<status status="PASS" start="2024-06-02T22:13:05.482279" elapsed="0.000430"/>
</kw>
<kw name="Log" owner="BuiltIn">
<msg time="2024-06-02T22:13:05.483152" level="INFO">gender</msg>
<arg>${key}</arg>
<doc>Logs the given message with the given level.</doc>
<status status="PASS" start="2024-06-02T22:13:05.483018" elapsed="0.000174"/>
</kw>
<var name="${key}">gender</var>
<status status="PASS" start="2024-06-02T22:13:05.481333" elapsed="0.002077"/>
</iter>
<iter>
<kw name="Dictionary Should Contain Key" owner="Collections">
<msg time="2024-06-02T22:13:05.484116" level="INFO">False</msg>
<arg>${json_data['results'][0]}</arg>
<arg>${key}</arg>
<doc>Fails if ``key`` is not found from ``dictionary``.</doc>
<status status="PASS" start="2024-06-02T22:13:05.483718" elapsed="0.000467"/>
</kw>
<kw name="Log" owner="BuiltIn">
<msg time="2024-06-02T22:13:05.484873" level="INFO">{'gender': 'female', 'name': {'title': 'Miss', 'first': 'Stephanie', 'last': 'Lawrence'}, 'location': {'street': {'number': 746, 'name': 'North Street'}, 'city': 'York', 'state': 'County Antrim', 'country': 'United Kingdom', 'postcode': 'UW6F 6BJ', 'coordinates': {'latitude': '-7.4581', 'longitude': '24.4296'}, 'timezone': {'offset': '+4:00', 'description': 'Abu Dhabi, Muscat, Baku, Tbilisi'}}, 'email': 'stephanie.lawrence@example.com', 'login': {'uuid': 'e83a18f2-153c-45c9-9e16-a2c89d11655c', 'username': 'greenmouse261', 'password': 'anthony7', 'salt': 'ulXxWKL4', 'md5': 'af2fe9bc45b55f5e23626a0757747b8c', 'sha1': 'd546f7926dd710aea29b2c90fd915e8d914d789b', 'sha256': '8331fb3d93ad5fd0513097025c99491d2eac2d5f8ba31edef7b10eb617fab8e3'}, 'dob': {'date': '1988-05-30T09:51:24.991Z', 'age': 36}, 'registered': {'date': '2012-10-12T11:15:14.017Z', 'age': 11}, 'phone': '01801 43372', 'cell': '07304 624957', 'id': {'name': 'NINO', 'value': 'NG 23 31 84 I'}, 'picture': {'large': 'https://randomuser.me/api/portraits/women/58.jpg', 'medium': 'https://randomuser.me/api/portraits/med/women/58.jpg', 'thumbnail': 'https://randomuser.me/api/portraits/thumb/women/58.jpg'}, 'nat': 'GB'}</msg>
<arg>${json_data['results'][0]}</arg>
<doc>Logs the given message with the given level.</doc>
<status status="PASS" start="2024-06-02T22:13:05.484507" elapsed="0.000424"/>
</kw>
<kw name="Log" owner="BuiltIn">
<msg time="2024-06-02T22:13:05.485365" level="INFO">name</msg>
<arg>${key}</arg>
<doc>Logs the given message with the given level.</doc>
<status status="PASS" start="2024-06-02T22:13:05.485234" elapsed="0.000169"/>
</kw>
<var name="${key}">name</var>
<status status="PASS" start="2024-06-02T22:13:05.483599" elapsed="0.002071"/>
</iter>
<iter>
<kw name="Dictionary Should Contain Key" owner="Collections">
<msg time="2024-06-02T22:13:05.486368" level="INFO">False</msg>
<arg>${json_data['results'][0]}</arg>
<arg>${key}</arg>
<doc>Fails if ``key`` is not found from ``dictionary``.</doc>
<status status="PASS" start="2024-06-02T22:13:05.485975" elapsed="0.000431"/>
</kw>
<kw name="Log" owner="BuiltIn">
<msg time="2024-06-02T22:13:05.487091" level="INFO">{'gender': 'female', 'name': {'title': 'Miss', 'first': 'Stephanie', 'last': 'Lawrence'}, 'location': {'street': {'number': 746, 'name': 'North Street'}, 'city': 'York', 'state': 'County Antrim', 'country': 'United Kingdom', 'postcode': 'UW6F 6BJ', 'coordinates': {'latitude': '-7.4581', 'longitude': '24.4296'}, 'timezone': {'offset': '+4:00', 'description': 'Abu Dhabi, Muscat, Baku, Tbilisi'}}, 'email': 'stephanie.lawrence@example.com', 'login': {'uuid': 'e83a18f2-153c-45c9-9e16-a2c89d11655c', 'username': 'greenmouse261', 'password': 'anthony7', 'salt': 'ulXxWKL4', 'md5': 'af2fe9bc45b55f5e23626a0757747b8c', 'sha1': 'd546f7926dd710aea29b2c90fd915e8d914d789b', 'sha256': '8331fb3d93ad5fd0513097025c99491d2eac2d5f8ba31edef7b10eb617fab8e3'}, 'dob': {'date': '1988-05-30T09:51:24.991Z', 'age': 36}, 'registered': {'date': '2012-10-12T11:15:14.017Z', 'age': 11}, 'phone': '01801 43372', 'cell': '07304 624957', 'id': {'name': 'NINO', 'value': 'NG 23 31 84 I'}, 'picture': {'large': 'https://randomuser.me/api/portraits/women/58.jpg', 'medium': 'https://randomuser.me/api/portraits/med/women/58.jpg', 'thumbnail': 'https://randomuser.me/api/portraits/thumb/women/58.jpg'}, 'nat': 'GB'}</msg>
<arg>${json_data['results'][0]}</arg>
<doc>Logs the given message with the given level.</doc>
<status status="PASS" start="2024-06-02T22:13:05.486715" elapsed="0.000435"/>
</kw>
<kw name="Log" owner="BuiltIn">
<msg time="2024-06-02T22:13:05.487591" level="INFO">location</msg>
<arg>${key}</arg>
<doc>Logs the given message with the given level.</doc>
<status status="PASS" start="2024-06-02T22:13:05.487453" elapsed="0.000178"/>
</kw>
<var name="${key}">location</var>
<status status="PASS" start="2024-06-02T22:13:05.485857" elapsed="0.001993"/>
</iter>
<iter>
<kw name="Dictionary Should Contain Key" owner="Collections">
<msg time="2024-06-02T22:13:05.488636" level="INFO">False</msg>
<arg>${json_data['results'][0]}</arg>
<arg>${key}</arg>
<doc>Fails if ``key`` is not found from ``dictionary``.</doc>
<status status="PASS" start="2024-06-02T22:13:05.488141" elapsed="0.000534"/>
</kw>
<kw name="Log" owner="BuiltIn">
<msg time="2024-06-02T22:13:05.489350" level="INFO">{'gender': 'female', 'name': {'title': 'Miss', 'first': 'Stephanie', 'last': 'Lawrence'}, 'location': {'street': {'number': 746, 'name': 'North Street'}, 'city': 'York', 'state': 'County Antrim', 'country': 'United Kingdom', 'postcode': 'UW6F 6BJ', 'coordinates': {'latitude': '-7.4581', 'longitude': '24.4296'}, 'timezone': {'offset': '+4:00', 'description': 'Abu Dhabi, Muscat, Baku, Tbilisi'}}, 'email': 'stephanie.lawrence@example.com', 'login': {'uuid': 'e83a18f2-153c-45c9-9e16-a2c89d11655c', 'username': 'greenmouse261', 'password': 'anthony7', 'salt': 'ulXxWKL4', 'md5': 'af2fe9bc45b55f5e23626a0757747b8c', 'sha1': 'd546f7926dd710aea29b2c90fd915e8d914d789b', 'sha256': '8331fb3d93ad5fd0513097025c99491d2eac2d5f8ba31edef7b10eb617fab8e3'}, 'dob': {'date': '1988-05-30T09:51:24.991Z', 'age': 36}, 'registered': {'date': '2012-10-12T11:15:14.017Z', 'age': 11}, 'phone': '01801 43372', 'cell': '07304 624957', 'id': {'name': 'NINO', 'value': 'NG 23 31 84 I'}, 'picture': {'large': 'https://randomuser.me/api/portraits/women/58.jpg', 'medium': 'https://randomuser.me/api/portraits/med/women/58.jpg', 'thumbnail': 'https://randomuser.me/api/portraits/thumb/women/58.jpg'}, 'nat': 'GB'}</msg>
<arg>${json_data['results'][0]}</arg>
<doc>Logs the given message with the given level.</doc>
<status status="PASS" start="2024-06-02T22:13:05.488978" elapsed="0.000423"/>
</kw>
<kw name="Log" owner="BuiltIn">
<msg time="2024-06-02T22:13:05.489881" level="INFO">email</msg>
<arg>${key}</arg>
<doc>Logs the given message with the given level.</doc>
<status status="PASS" start="2024-06-02T22:13:05.489746" elapsed="0.000174"/>
</kw>
<var name="${key}">email</var>
<status status="PASS" start="2024-06-02T22:13:05.488027" elapsed="0.002114"/>
</iter>
<iter>
<kw name="Dictionary Should Contain Key" owner="Collections">
<msg time="2024-06-02T22:13:05.490831" level="INFO">False</msg>
<arg>${json_data['results'][0]}</arg>
<arg>${key}</arg>
<doc>Fails if ``key`` is not found from ``dictionary``.</doc>
<status status="PASS" start="2024-06-02T22:13:05.490435" elapsed="0.000434"/>
</kw>
<kw name="Log" owner="BuiltIn">
<msg time="2024-06-02T22:13:05.491528" level="INFO">{'gender': 'female', 'name': {'title': 'Miss', 'first': 'Stephanie', 'last': 'Lawrence'}, 'location': {'street': {'number': 746, 'name': 'North Street'}, 'city': 'York', 'state': 'County Antrim', 'country': 'United Kingdom', 'postcode': 'UW6F 6BJ', 'coordinates': {'latitude': '-7.4581', 'longitude': '24.4296'}, 'timezone': {'offset': '+4:00', 'description': 'Abu Dhabi, Muscat, Baku, Tbilisi'}}, 'email': 'stephanie.lawrence@example.com', 'login': {'uuid': 'e83a18f2-153c-45c9-9e16-a2c89d11655c', 'username': 'greenmouse261', 'password': 'anthony7', 'salt': 'ulXxWKL4', 'md5': 'af2fe9bc45b55f5e23626a0757747b8c', 'sha1': 'd546f7926dd710aea29b2c90fd915e8d914d789b', 'sha256': '8331fb3d93ad5fd0513097025c99491d2eac2d5f8ba31edef7b10eb617fab8e3'}, 'dob': {'date': '1988-05-30T09:51:24.991Z', 'age': 36}, 'registered': {'date': '2012-10-12T11:15:14.017Z', 'age': 11}, 'phone': '01801 43372', 'cell': '07304 624957', 'id': {'name': 'NINO', 'value': 'NG 23 31 84 I'}, 'picture': {'large': 'https://randomuser.me/api/portraits/women/58.jpg', 'medium': 'https://randomuser.me/api/portraits/med/women/58.jpg', 'thumbnail': 'https://randomuser.me/api/portraits/thumb/women/58.jpg'}, 'nat': 'GB'}</msg>
<arg>${json_data['results'][0]}</arg>
<doc>Logs the given message with the given level.</doc>
<status status="PASS" start="2024-06-02T22:13:05.491167" elapsed="0.000419"/>
</kw>
<kw name="Log" owner="BuiltIn">
<msg time="2024-06-02T22:13:05.492013" level="INFO">login</msg>
<arg>${key}</arg>
<doc>Logs the given message with the given level.</doc>
<status status="PASS" start="2024-06-02T22:13:05.491883" elapsed="0.000197"/>
</kw>
<var name="${key}">login</var>
<status status="PASS" start="2024-06-02T22:13:05.490319" elapsed="0.001985"/>
</iter>
<var>${key}</var>
<value>@{expected_keys}</value>
<status status="PASS" start="2024-06-02T22:13:05.481139" elapsed="0.011291"/>
</for>
<kw name="Create List" owner="BuiltIn">
<msg time="2024-06-02T22:13:05.492764" level="INFO">${expected_keysTwo} = ['username', 'password']</msg>
<var>${expected_keysTwo}</var>
<arg>username</arg>
<arg>password</arg>
<doc>Returns a list containing given items.</doc>
<status status="PASS" start="2024-06-02T22:13:05.492625" elapsed="0.000163"/>
</kw>
<for flavor="IN">
<iter>
<kw name="Dictionary Should Contain Key" owner="Collections">
<msg time="2024-06-02T22:13:05.493740" level="INFO">False</msg>
<arg>${json_data['results'][0]['login']}</arg>
<arg>${keyTwo}</arg>
<doc>Fails if ``key`` is not found from ``dictionary``.</doc>
<status status="PASS" start="2024-06-02T22:13:05.493293" elapsed="0.000487"/>
</kw>
<kw name="Dictionary Should Contain Key" owner="Collections">
<msg time="2024-06-02T22:13:05.494490" level="INFO">False</msg>
<arg>${json_data['results'][0]['login']}</arg>
<arg>${keyTwo}</arg>
<doc>Fails if ``key`` is not found from ``dictionary``.</doc>
<status status="PASS" start="2024-06-02T22:13:05.494082" elapsed="0.000447"/>
</kw>
<kw name="Log" owner="BuiltIn">
<msg time="2024-06-02T22:13:05.494956" level="INFO">username</msg>
<arg>${keyTwo}</arg>
<doc>Logs the given message with the given level.</doc>
<status status="PASS" start="2024-06-02T22:13:05.494826" elapsed="0.000168"/>
</kw>
<var name="${keyTwo}">username</var>
<status status="PASS" start="2024-06-02T22:13:05.493180" elapsed="0.002029"/>
</iter>
<iter>
<kw name="Dictionary Should Contain Key" owner="Collections">
<msg time="2024-06-02T22:13:05.495890" level="INFO">False</msg>
<arg>${json_data['results'][0]['login']}</arg>
<arg>${keyTwo}</arg>
<doc>Fails if ``key`` is not found from ``dictionary``.</doc>
<status status="PASS" start="2024-06-02T22:13:05.495503" elapsed="0.000425"/>
</kw>
<kw name="Dictionary Should Contain Key" owner="Collections">
<msg time="2024-06-02T22:13:05.496613" level="INFO">False</msg>
<arg>${json_data['results'][0]['login']}</arg>
<arg>${keyTwo}</arg>
<doc>Fails if ``key`` is not found from ``dictionary``.</doc>
<status status="PASS" start="2024-06-02T22:13:05.496227" elapsed="0.000424"/>
</kw>
<kw name="Log" owner="BuiltIn">
<msg time="2024-06-02T22:13:05.497080" level="INFO">password</msg>
<arg>${keyTwo}</arg>
<doc>Logs the given message with the given level.</doc>
<status status="PASS" start="2024-06-02T22:13:05.496950" elapsed="0.000167"/>
</kw>
<var name="${keyTwo}">password</var>
<status status="PASS" start="2024-06-02T22:13:05.495389" elapsed="0.001944"/>
</iter>
<var>${keyTwo}</var>
<value>@{expected_keysTwo}</value>
<status status="PASS" start="2024-06-02T22:13:05.493026" elapsed="0.004430"/>
</for>
<status status="PASS" start="2024-06-02T22:13:05.313065" elapsed="0.184573"/>
</kw>
<doc>Testa a estrutura da resposta da API.</doc>
<tag>testeEstruturaResposta</tag>
<status status="PASS" start="2024-06-02T22:13:05.312271" elapsed="0.185533"/>
</test>
<test id="s1-s1-t4" name="Validar tipos de dados" line="28">
<kw name="Teste de Tipos de Dados" owner="random-user-service">
<kw name="GET On Session" owner="RequestsLibrary">
<msg time="2024-06-02T22:13:05.609709" level="INFO">GET Request : url=https://randomuser.me/api 
 path_url=/api 
 headers={'User-Agent': 'python-requests/2.32.3', 'Accept-Encoding': 'gzip, deflate', 'Accept': '*/*', 'Connection': 'keep-alive'} 
 body=None 
 </msg>
<msg time="2024-06-02T22:13:05.609794" level="INFO">GET Response : url=https://randomuser.me/api 
 status=200, reason=OK 
 headers={'Date': 'Sun, 02 Jun 2024 22:13:05 GMT', 'Content-Type': 'application/json; charset=utf-8', 'Transfer-Encoding': 'chunked', 'Connection': 'keep-alive', 'X-Powered-By': 'Express', 'Access-Control-Allow-Origin': '*', 'Cache-Control': 'no-cache', 'ETag': 'W/"4a0-x2LaiTPdLFNMorcs0TPz6YyKTG8"', 'Vary': 'Accept-Encoding', 'Content-Encoding': 'gzip', 'CF-Cache-Status': 'DYNAMIC', 'Report-To': '{"endpoints":[{"url":"https:\\/\\/a.nel.cloudflare.com\\/report\\/v4?s=S2qyQ0NzwN1KFFQMbz2EHjf9dHjar63hp5WiUTGhPOnkA28GC6xznW1YMEvuZKTRFBnwbQ222bFQ2LF8WeGLJezRyZRQNXo5JJoDTQD4TdEl0wGH1llFz6gTmsv6vd%2FZ"}],"group":"cf-nel","max_age":604800}', 'NEL': '{"success_fraction":0,"report_to":"cf-nel","max_age":604800}', 'Server': 'cloudflare', 'CF-RAY': '88dac9e56ddf2acc-LAX', 'alt-svc': 'h3=":443"; ma=86400'} 
 body={"results":[{"gender":"female","name":{"title":"Mrs","first":"Alba","last":"Caballero"},"location":{"street":{"number":4071,"name":"Calle Nebrija"},"city":"Oviedo","state":"Islas Baleares","country":"Spain","postcode":75424,"coordinates":{"latitude":"-32.3011","longitude":"148.6609"},"timezone":{"offset":"-5:00","description":"Eastern Time (US &amp; Canada), Bogota, Lima"}},"email":"alba.caballero@example.com","login":{"uuid":"01a36eab-bbfa-41c5-a72d-fed9eef9355b","username":"ticklishwolf897","password":"blowfish","salt":"R9PfWuOB","md5":"bb924dac03b3ab88f724c9182b68da80","sha1":"56c2b5d8fa03c23ba9ecbf253ff42034a55c16d3","sha256":"388feceb5790d5bbcc4f9bcdbf53ff0a70fbaa9582c9f8a77ec8383d43c0759a"},"dob":{"date":"1990-12-29T04:31:04.519Z","age":33},"registered":{"date":"2013-10-21T20:25:47.937Z","age":10},"phone":"989-623-373","cell":"622-867-044","id":{"name":"DNI","value":"13466732-S"},"picture":{"large":"https://randomuser.me/api/portraits/women/85.jpg","medium":"https://randomuser.me/api/portraits/med/women/85.jpg","thumbnail":"https://randomuser.me/api/portraits/thumb/women/85.jpg"},"nat":"ES"}],"info":{"seed":"4b449aab1fa9e69f","results":1,"page":1,"version":"1.4"}} 
 </msg>
<msg time="2024-06-02T22:13:05.609871" level="INFO">/opt/hostedtoolcache/Python/3.12.3/x64/lib/python3.12/site-packages/urllib3/connectionpool.py:1103: InsecureRequestWarning: Unverified HTTPS request is being made to host 'randomuser.me'. Adding certificate verification is strongly advised. See: https://urllib3.readthedocs.io/en/latest/advanced-usage.html#tls-warnings
  warnings.warn(</msg>
<msg time="2024-06-02T22:13:05.610011" level="INFO">${response} = &lt;Response [200]&gt;</msg>
<var>${response}</var>
<arg>consultarAPI</arg>
<arg>/api</arg>
<doc>Sends a GET request on a previously created HTTP Session.</doc>
<status status="PASS" start="2024-06-02T22:13:05.500367" elapsed="0.109710"/>
</kw>
<kw name="Set Variable" owner="BuiltIn">
<msg time="2024-06-02T22:13:05.610940" level="INFO">${json_data} = {'results': [{'gender': 'female', 'name': {'title': 'Mrs', 'first': 'Alba', 'last': 'Caballero'}, 'location': {'street': {'number': 4071, 'name': 'Calle Nebrija'}, 'city': 'Oviedo', 'state': 'Islas Ba...</msg>
<var>${json_data}</var>
<arg>${response.json()}</arg>
<doc>Returns the given values which can then be assigned to a variables.</doc>
<status status="PASS" start="2024-06-02T22:13:05.610483" elapsed="0.000489"/>
</kw>
<kw name="Log" owner="BuiltIn">
<msg time="2024-06-02T22:13:05.611436" level="INFO">{'results': [{'gender': 'female', 'name': {'title': 'Mrs', 'first': 'Alba', 'last': 'Caballero'}, 'location': {'street': {'number': 4071, 'name': 'Calle Nebrija'}, 'city': 'Oviedo', 'state': 'Islas Baleares', 'country': 'Spain', 'postcode': 75424, 'coordinates': {'latitude': '-32.3011', 'longitude': '148.6609'}, 'timezone': {'offset': '-5:00', 'description': 'Eastern Time (US &amp; Canada), Bogota, Lima'}}, 'email': 'alba.caballero@example.com', 'login': {'uuid': '01a36eab-bbfa-41c5-a72d-fed9eef9355b', 'username': 'ticklishwolf897', 'password': 'blowfish', 'salt': 'R9PfWuOB', 'md5': 'bb924dac03b3ab88f724c9182b68da80', 'sha1': '56c2b5d8fa03c23ba9ecbf253ff42034a55c16d3', 'sha256': '388feceb5790d5bbcc4f9bcdbf53ff0a70fbaa9582c9f8a77ec8383d43c0759a'}, 'dob': {'date': '1990-12-29T04:31:04.519Z', 'age': 33}, 'registered': {'date': '2013-10-21T20:25:47.937Z', 'age': 10}, 'phone': '989-623-373', 'cell': '622-867-044', 'id': {'name': 'DNI', 'value': '13466732-S'}, 'picture': {'large': 'https://randomuser.me/api/portraits/women/85.jpg', 'medium': 'https://randomuser.me/api/portraits/med/women/85.jpg', 'thumbnail': 'https://randomuser.me/api/portraits/thumb/women/85.jpg'}, 'nat': 'ES'}], 'info': {'seed': '4b449aab1fa9e69f', 'results': 1, 'page': 1, 'version': '1.4'}}</msg>
<arg>${json_data}</arg>
<doc>Logs the given message with the given level.</doc>
<status status="PASS" start="2024-06-02T22:13:05.611282" elapsed="0.000235"/>
</kw>
<kw name="Should Be String" owner="String">
<arg>${json_data['results'][0]['gender']}</arg>
<doc>Fails if the given ``item`` is not a string.</doc>
<status status="PASS" start="2024-06-02T22:13:05.611818" elapsed="0.000366"/>
</kw>
<kw name="Should Match Regexp" owner="BuiltIn">
<arg>${json_data['results'][0]['email']}</arg>
<arg>^[a-zA-Z0-9._%+-]+@[a-zA-Z0-9.-]+\.[a-zA-Z]{2,}$</arg>
<doc>Fails if ``string`` does not match ``pattern`` as a regular expression.</doc>
<status status="PASS" start="2024-06-02T22:13:05.612379" elapsed="0.000631"/>
</kw>
<kw name="Should Match Regexp" owner="BuiltIn">
<arg>${json_data['results'][0]['dob']['date']}</arg>
<arg>\\d{4}-\\d{2}-\\d{2}T\\d{2}:\\d{2}:\\d{2}\\.\\d{3}Z</arg>
<doc>Fails if ``string`` does not match ``pattern`` as a regular expression.</doc>
<status status="PASS" start="2024-06-02T22:13:05.613214" elapsed="0.000526"/>
</kw>
<kw name="Should Match Regexp" owner="BuiltIn">
<arg>${json_data['results'][0]['registered']['date']}</arg>
<arg>\\d{4}-\\d{2}-\\d{2}T\\d{2}:\\d{2}:\\d{2}\\.\\d{3}Z</arg>
<doc>Fails if ``string`` does not match ``pattern`` as a regular expression.</doc>
<status status="PASS" start="2024-06-02T22:13:05.613941" elapsed="0.000375"/>
</kw>
<kw name="Should Match Regexp" owner="BuiltIn">
<arg>${json_data['results'][0]['picture']['large']}</arg>
<arg>^https?://.*\.(?:png|jpe?g|gif|bmp)$</arg>
<doc>Fails if ``string`` does not match ``pattern`` as a regular expression.</doc>
<status status="PASS" start="2024-06-02T22:13:05.614511" elapsed="0.000468"/>
</kw>
<kw name="Should Match Regexp" owner="BuiltIn">
<arg>${json_data['results'][0]['picture']['medium']}</arg>
<arg>^https?://.*\.(?:png|jpe?g|gif|bmp)$</arg>
<doc>Fails if ``string`` does not match ``pattern`` as a regular expression.</doc>
<status status="PASS" start="2024-06-02T22:13:05.615174" elapsed="0.000367"/>
</kw>
<kw name="Should Match Regexp" owner="BuiltIn">
<arg>${json_data['results'][0]['picture']['thumbnail']}</arg>
<arg>^https?://.*\.(?:png|jpe?g|gif|bmp)$</arg>
<doc>Fails if ``string`` does not match ``pattern`` as a regular expression.</doc>
<status status="PASS" start="2024-06-02T22:13:05.615735" elapsed="0.000357"/>
</kw>
<kw name="Log" owner="BuiltIn">
<msg time="2024-06-02T22:13:05.616613" level="INFO">{'large': 'https://randomuser.me/api/portraits/women/85.jpg', 'medium': 'https://randomuser.me/api/portraits/med/women/85.jpg', 'thumbnail': 'https://randomuser.me/api/portraits/thumb/women/85.jpg'}</msg>
<arg>${json_data['results'][0]['picture']}</arg>
<doc>Logs the given message with the given level.</doc>
<status status="PASS" start="2024-06-02T22:13:05.616281" elapsed="0.000374"/>
</kw>
<status status="PASS" start="2024-06-02T22:13:05.500131" elapsed="0.116783"/>
</kw>
<kw name="Teste de Tipos de Dados - Postcode" owner="random-user-service">
<kw name="GET On Session" owner="RequestsLibrary">
<msg time="2024-06-02T22:13:05.733804" level="INFO">GET Request : url=https://randomuser.me/api 
 path_url=/api 
 headers={'User-Agent': 'python-requests/2.32.3', 'Accept-Encoding': 'gzip, deflate', 'Accept': '*/*', 'Connection': 'keep-alive'} 
 body=None 
 </msg>
<msg time="2024-06-02T22:13:05.733892" level="INFO">GET Response : url=https://randomuser.me/api 
 status=200, reason=OK 
 headers={'Date': 'Sun, 02 Jun 2024 22:13:05 GMT', 'Content-Type': 'application/json; charset=utf-8', 'Transfer-Encoding': 'chunked', 'Connection': 'keep-alive', 'X-Powered-By': 'Express', 'Access-Control-Allow-Origin': '*', 'Cache-Control': 'no-cache', 'ETag': 'W/"4a5-0Yc9P7lmHgPoxFdApbpw4sfxTXY"', 'Vary': 'Accept-Encoding', 'Content-Encoding': 'gzip', 'CF-Cache-Status': 'DYNAMIC', 'Report-To': '{"endpoints":[{"url":"https:\\/\\/a.nel.cloudflare.com\\/report\\/v4?s=aDT10KbNUewQGv0HBGr%2FAf%2FAwuCCYk3QXQQdGAihdKZZVmj9yJEEIpSFfc1Z4lelXrNCIE6LV%2B5%2BnsvIzt2PzNLo4GgHJiZ6ikHEMwIkGOR0kgOvaOPP2n4sBrSpiG%2B%2B"}],"group":"cf-nel","max_age":604800}', 'NEL': '{"success_fraction":0,"report_to":"cf-nel","max_age":604800}', 'Server': 'cloudflare', 'CF-RAY': '88dac9e62e982acc-LAX', 'alt-svc': 'h3=":443"; ma=86400'} 
 body={"results":[{"gender":"female","name":{"title":"Mrs","first":"Gayathri","last":"Chiplunkar"},"location":{"street":{"number":4697,"name":"Tilak Marg"},"city":"Hazaribagh","state":"Chhattisgarh","country":"India","postcode":96993,"coordinates":{"latitude":"9.2744","longitude":"97.8347"},"timezone":{"offset":"+5:00","description":"Ekaterinburg, Islamabad, Karachi, Tashkent"}},"email":"gayathri.chiplunkar@example.com","login":{"uuid":"338a7f53-fe6b-4ffc-b127-0d5428c634cc","username":"heavybear855","password":"boxers","salt":"5zT97WSf","md5":"f4adc06f353483f843c155b294799bf9","sha1":"9225b7f2055ba0dffa899d6dea79a91cce00bc8b","sha256":"f93999ff0c4db1111f44121f206861fa0dcb1b7377b2b1a588b45e41d8b53084"},"dob":{"date":"1965-08-27T16:24:24.208Z","age":58},"registered":{"date":"2007-09-08T10:06:03.244Z","age":16},"phone":"8732277798","cell":"9219942984","id":{"name":"UIDAI","value":"589340114993"},"picture":{"large":"https://randomuser.me/api/portraits/women/12.jpg","medium":"https://randomuser.me/api/portraits/med/women/12.jpg","thumbnail":"https://randomuser.me/api/portraits/thumb/women/12.jpg"},"nat":"IN"}],"info":{"seed":"5c50f09f5f56157b","results":1,"page":1,"version":"1.4"}} 
 </msg>
<msg time="2024-06-02T22:13:05.733969" level="INFO">/opt/hostedtoolcache/Python/3.12.3/x64/lib/python3.12/site-packages/urllib3/connectionpool.py:1103: InsecureRequestWarning: Unverified HTTPS request is being made to host 'randomuser.me'. Adding certificate verification is strongly advised. See: https://urllib3.readthedocs.io/en/latest/advanced-usage.html#tls-warnings
  warnings.warn(</msg>
<msg time="2024-06-02T22:13:05.734115" level="INFO">${response} = &lt;Response [200]&gt;</msg>
<var>${response}</var>
<arg>consultarAPI</arg>
<arg>/api</arg>
<doc>Sends a GET request on a previously created HTTP Session.</doc>
<status status="PASS" start="2024-06-02T22:13:05.617353" elapsed="0.116822"/>
</kw>
<kw name="Set Variable" owner="BuiltIn">
<msg time="2024-06-02T22:13:05.735146" level="INFO">${json_data} = {'results': [{'gender': 'female', 'name': {'title': 'Mrs', 'first': 'Gayathri', 'last': 'Chiplunkar'}, 'location': {'street': {'number': 4697, 'name': 'Tilak Marg'}, 'city': 'Hazaribagh', 'state': 'Ch...</msg>
<var>${json_data}</var>
<arg>${response.json()}</arg>
<doc>Returns the given values which can then be assigned to a variables.</doc>
<status status="PASS" start="2024-06-02T22:13:05.734670" elapsed="0.000507"/>
</kw>
<kw name="Log" owner="BuiltIn">
<msg time="2024-06-02T22:13:05.735663" level="INFO">{'results': [{'gender': 'female', 'name': {'title': 'Mrs', 'first': 'Gayathri', 'last': 'Chiplunkar'}, 'location': {'street': {'number': 4697, 'name': 'Tilak Marg'}, 'city': 'Hazaribagh', 'state': 'Chhattisgarh', 'country': 'India', 'postcode': 96993, 'coordinates': {'latitude': '9.2744', 'longitude': '97.8347'}, 'timezone': {'offset': '+5:00', 'description': 'Ekaterinburg, Islamabad, Karachi, Tashkent'}}, 'email': 'gayathri.chiplunkar@example.com', 'login': {'uuid': '338a7f53-fe6b-4ffc-b127-0d5428c634cc', 'username': 'heavybear855', 'password': 'boxers', 'salt': '5zT97WSf', 'md5': 'f4adc06f353483f843c155b294799bf9', 'sha1': '9225b7f2055ba0dffa899d6dea79a91cce00bc8b', 'sha256': 'f93999ff0c4db1111f44121f206861fa0dcb1b7377b2b1a588b45e41d8b53084'}, 'dob': {'date': '1965-08-27T16:24:24.208Z', 'age': 58}, 'registered': {'date': '2007-09-08T10:06:03.244Z', 'age': 16}, 'phone': '8732277798', 'cell': '9219942984', 'id': {'name': 'UIDAI', 'value': '589340114993'}, 'picture': {'large': 'https://randomuser.me/api/portraits/women/12.jpg', 'medium': 'https://randomuser.me/api/portraits/med/women/12.jpg', 'thumbnail': 'https://randomuser.me/api/portraits/thumb/women/12.jpg'}, 'nat': 'IN'}], 'info': {'seed': '5c50f09f5f56157b', 'results': 1, 'page': 1, 'version': '1.4'}}</msg>
<arg>${json_data}</arg>
<doc>Logs the given message with the given level.</doc>
<status status="PASS" start="2024-06-02T22:13:05.735496" elapsed="0.000245"/>
</kw>
<kw name="Should Be Equal As Numbers" owner="BuiltIn">
<arg>${json_data['results'][0]['location']['postcode']}</arg>
<arg>${json_data['results'][0]['location']['postcode']}</arg>
<doc>Fails if objects are unequal after converting them to real numbers.</doc>
<status status="PASS" start="2024-06-02T22:13:05.736057" elapsed="0.000642"/>
</kw>
<kw name="Log" owner="BuiltIn">
<msg time="2024-06-02T22:13:05.737256" level="INFO">96993</msg>
<arg>${json_data['results'][0]['location']['postcode']}</arg>
<doc>Logs the given message with the given level.</doc>
<status status="PASS" start="2024-06-02T22:13:05.736900" elapsed="0.000399"/>
</kw>
<status status="PASS" start="2024-06-02T22:13:05.617126" elapsed="0.120427"/>
</kw>
<doc>Testa se os tipos de dados na resposta da API estão corretos.</doc>
<tag>testeTiposDados</tag>
<status status="PASS" start="2024-06-02T22:13:05.499562" elapsed="0.238201"/>
</test>
<test id="s1-s1-t5" name="Validar conteudo" line="35">
<kw name="Teste de Tipos de Conteudo" owner="random-user-service">
<kw name="GET On Session" owner="RequestsLibrary">
<msg time="2024-06-02T22:13:05.855205" level="INFO">GET Request : url=https://randomuser.me/api 
 path_url=/api 
 headers={'User-Agent': 'python-requests/2.32.3', 'Accept-Encoding': 'gzip, deflate', 'Accept': '*/*', 'Connection': 'keep-alive'} 
 body=None 
 </msg>
<msg time="2024-06-02T22:13:05.855270" level="INFO">GET Response : url=https://randomuser.me/api 
 status=200, reason=OK 
 headers={'Date': 'Sun, 02 Jun 2024 22:13:05 GMT', 'Content-Type': 'application/json; charset=utf-8', 'Transfer-Encoding': 'chunked', 'Connection': 'keep-alive', 'X-Powered-By': 'Express', 'Access-Control-Allow-Origin': '*', 'Cache-Control': 'no-cache', 'ETag': 'W/"4ad-3InK59hflLVNsZy4GP4+MCgwslw"', 'Vary': 'Accept-Encoding', 'Content-Encoding': 'gzip', 'CF-Cache-Status': 'DYNAMIC', 'Report-To': '{"endpoints":[{"url":"https:\\/\\/a.nel.cloudflare.com\\/report\\/v4?s=Ys%2BboZlGYm3%2ForrpXepC95vYPXF8RFVeqOKaLofpvVcbxyPHdvjZOhGKz%2BJrvQfOkf1LwanjS5d2n%2FOiKpSHv7nKo2hG4PFQNj0r%2FyQYdmpdkrDmWOktzQTOUA%2FC44ky"}],"group":"cf-nel","max_age":604800}', 'NEL': '{"success_fraction":0,"report_to":"cf-nel","max_age":604800}', 'Server': 'cloudflare', 'CF-RAY': '88dac9e6ef952acc-LAX', 'alt-svc': 'h3=":443"; ma=86400'} 
 body={"results":[{"gender":"female","name":{"title":"Madame","first":"Michèle","last":"Gauthier"},"location":{"street":{"number":9885,"name":"Avenue Goerges Clémenceau"},"city":"Courtelary","state":"Ticino","country":"Switzerland","postcode":2906,"coordinates":{"latitude":"-61.7056","longitude":"10.1086"},"timezone":{"offset":"+7:00","description":"Bangkok, Hanoi, Jakarta"}},"email":"michele.gauthier@example.com","login":{"uuid":"b5ccf13c-006a-45b9-8985-53f02a3dd367","username":"goldengoose278","password":"laetitia","salt":"cyOvRKsK","md5":"101527ef3224663245ffdf3f8546ff01","sha1":"f93d25dbaceb6640c63d652736c14dcbbe6ede1d","sha256":"fb6c169e22a63e590079c590e6a17f42dbd26f36e31fa97d359e5336722bbb92"},"dob":{"date":"2000-06-06T00:18:59.216Z","age":23},"registered":{"date":"2003-06-19T11:32:06.598Z","age":20},"phone":"079 823 43 52","cell":"079 967 15 54","id":{"name":"AVS","value":"756.7514.3032.77"},"picture":{"large":"https://randomuser.me/api/portraits/women/15.jpg","medium":"https://randomuser.me/api/portraits/med/women/15.jpg","thumbnail":"https://randomuser.me/api/portraits/thumb/women/15.jpg"},"nat":"CH"}],"info":{"seed":"16f6402818949f6a","results":1,"page":1,"version":"1.4"}} 
 </msg>
<msg time="2024-06-02T22:13:05.855329" level="INFO">/opt/hostedtoolcache/Python/3.12.3/x64/lib/python3.12/site-packages/urllib3/connectionpool.py:1103: InsecureRequestWarning: Unverified HTTPS request is being made to host 'randomuser.me'. Adding certificate verification is strongly advised. See: https://urllib3.readthedocs.io/en/latest/advanced-usage.html#tls-warnings
  warnings.warn(</msg>
<msg time="2024-06-02T22:13:05.855421" level="INFO">${response} = &lt;Response [200]&gt;</msg>
<var>${response}</var>
<arg>consultarAPI</arg>
<arg>/api</arg>
<doc>Sends a GET request on a previously created HTTP Session.</doc>
<status status="PASS" start="2024-06-02T22:13:05.740289" elapsed="0.115173"/>
</kw>
<kw name="Set Variable" owner="BuiltIn">
<msg time="2024-06-02T22:13:05.856529" level="INFO">${json_data} = {'results': [{'gender': 'female', 'name': {'title': 'Madame', 'first': 'Michèle', 'last': 'Gauthier'}, 'location': {'street': {'number': 9885, 'name': 'Avenue Goerges Clémenceau'}, 'city': 'Courtelary...</msg>
<var>${json_data}</var>
<arg>${response.json()}</arg>
<doc>Returns the given values which can then be assigned to a variables.</doc>
<status status="PASS" start="2024-06-02T22:13:05.855941" elapsed="0.000619"/>
</kw>
<kw name="Set Variable" owner="BuiltIn">
<msg time="2024-06-02T22:13:05.857262" level="INFO">${name_title} = Madame</msg>
<var>${name_title}</var>
<arg>${json_data["results"][0]["name"]["title"]}</arg>
<doc>Returns the given values which can then be assigned to a variables.</doc>
<status status="PASS" start="2024-06-02T22:13:05.856871" elapsed="0.000417"/>
</kw>
<kw name="Create List" owner="BuiltIn">
<msg time="2024-06-02T22:13:05.857795" level="INFO">${allowed_titles} = ['Mr', 'Ms', 'Miss', 'Mrs', 'Madame', 'Monsieur']</msg>
<var>${allowed_titles}</var>
<arg>Mr</arg>
<arg>Ms</arg>
<arg>Miss</arg>
<arg>Mrs</arg>
<arg>Madame</arg>
<arg>Monsieur</arg>
<doc>Returns a list containing given items.</doc>
<status status="PASS" start="2024-06-02T22:13:05.857632" elapsed="0.000188"/>
</kw>
<kw name="List Should Contain Value" owner="Collections">
<msg time="2024-06-02T22:13:05.858305" level="INFO">False</msg>
<arg>${allowed_titles}</arg>
<arg>${name_title}</arg>
<doc>Fails if the ``value`` is not found from ``list``.</doc>
<status status="PASS" start="2024-06-02T22:13:05.858128" elapsed="0.000215"/>
</kw>
<kw name="Set Variable" owner="BuiltIn">
<msg time="2024-06-02T22:13:05.859161" level="INFO">${name_country} = CH</msg>
<var>${name_country}</var>
<arg>${json_data["results"][0]["nat"]}</arg>
<doc>Returns the given values which can then be assigned to a variables.</doc>
<status status="PASS" start="2024-06-02T22:13:05.858643" elapsed="0.000545"/>
</kw>
<kw name="Create List" owner="BuiltIn">
<msg time="2024-06-02T22:13:05.860107" level="INFO">${list_country} = ['AD', 'AE', 'AF', 'AG', 'AI', 'AL', 'AM', 'AO', 'AQ', 'AR', 'AS', 'AT', 'AU', 'AW', 'AX', 'AZ', 'BA', 'BB', 'BD', 'BE', 'BF', 'BG', 'BH', 'BI', 'BJ', 'BL', 'BM', 'BN', 'BO', 'BQ', 'BR', 'BS', 'BT', '...</msg>
<var>${list_country}</var>
<arg>AD</arg>
<arg>AE</arg>
<arg>AF</arg>
<arg>AG</arg>
<arg>AI</arg>
<arg>AL</arg>
<arg>AM</arg>
<arg>AO</arg>
<arg>AQ</arg>
<arg>AR</arg>
<arg>AS</arg>
<arg>AT</arg>
<arg>AU</arg>
<arg>AW</arg>
<arg>AX</arg>
<arg>AZ</arg>
<arg>BA</arg>
<arg>BB</arg>
<arg>BD</arg>
<arg>BE</arg>
<arg>BF</arg>
<arg>BG</arg>
<arg>BH</arg>
<arg>BI</arg>
<arg>BJ</arg>
<arg>BL</arg>
<arg>BM</arg>
<arg>BN</arg>
<arg>BO</arg>
<arg>BQ</arg>
<arg>BR</arg>
<arg>BS</arg>
<arg>BT</arg>
<arg>BV</arg>
<arg>BW</arg>
<arg>BY</arg>
<arg>BZ</arg>
<arg>CA</arg>
<arg>CC</arg>
<arg>CD</arg>
<arg>CF</arg>
<arg>CG</arg>
<arg>CH</arg>
<arg>CI</arg>
<arg>CK</arg>
<arg>CL</arg>
<arg>CM</arg>
<arg>CN</arg>
<arg>CO</arg>
<arg>CR</arg>
<arg>CU</arg>
<arg>CV</arg>
<arg>CW</arg>
<arg>CX</arg>
<arg>CY</arg>
<arg>CZ</arg>
<arg>DE</arg>
<arg>DJ</arg>
<arg>DK</arg>
<arg>DM</arg>
<arg>DO</arg>
<arg>DZ</arg>
<arg>EC</arg>
<arg>EE</arg>
<arg>EG</arg>
<arg>EH</arg>
<arg>ER</arg>
<arg>ES</arg>
<arg>ET</arg>
<arg>FI</arg>
<arg>FJ</arg>
<arg>FK</arg>
<arg>FM</arg>
<arg>FO</arg>
<arg>FR</arg>
<arg>GA</arg>
<arg>GB</arg>
<arg>GD</arg>
<arg>GE</arg>
<arg>GF</arg>
<arg>GG</arg>
<arg>GH</arg>
<arg>GI</arg>
<arg>GL</arg>
<arg>GM</arg>
<arg>GN</arg>
<arg>GP</arg>
<arg>GQ</arg>
<arg>GR</arg>
<arg>GS</arg>
<arg>GT</arg>
<arg>GU</arg>
<arg>GW</arg>
<arg>GY</arg>
<arg>HK</arg>
<arg>HM</arg>
<arg>HN</arg>
<arg>HR</arg>
<arg>HT</arg>
<arg>HU</arg>
<arg>ID</arg>
<arg>IE</arg>
<arg>IL</arg>
<arg>IM</arg>
<arg>IN</arg>
<arg>IO</arg>
<arg>IQ</arg>
<arg>IR</arg>
<arg>IS</arg>
<arg>IT</arg>
<arg>JE</arg>
<arg>JM</arg>
<arg>JO</arg>
<arg>JP</arg>
<arg>KE</arg>
<arg>KG</arg>
<arg>KH</arg>
<arg>KI</arg>
<arg>KM</arg>
<arg>KN</arg>
<arg>KP</arg>
<arg>KR</arg>
<arg>KW</arg>
<arg>KY</arg>
<arg>KZ</arg>
<arg>LA</arg>
<arg>LB</arg>
<arg>LC</arg>
<arg>LI</arg>
<arg>LK</arg>
<arg>LR</arg>
<arg>LS</arg>
<arg>LT</arg>
<arg>LU</arg>
<arg>LV</arg>
<arg>LY</arg>
<arg>MA</arg>
<arg>MC</arg>
<arg>MD</arg>
<arg>ME</arg>
<arg>MF</arg>
<arg>MG</arg>
<arg>MH</arg>
<arg>MK</arg>
<arg>ML</arg>
<arg>MM</arg>
<arg>MN</arg>
<arg>MO</arg>
<arg>MP</arg>
<arg>MQ</arg>
<arg>MR</arg>
<arg>MS</arg>
<arg>MT</arg>
<arg>MU</arg>
<arg>MV</arg>
<arg>MW</arg>
<arg>MX</arg>
<arg>MY</arg>
<arg>MZ</arg>
<arg>NA</arg>
<arg>NC</arg>
<arg>NE</arg>
<arg>NF</arg>
<arg>NG</arg>
<arg>NI</arg>
<arg>NL</arg>
<arg>NO</arg>
<arg>NP</arg>
<arg>NR</arg>
<arg>NU</arg>
<arg>NZ</arg>
<arg>OM</arg>
<arg>PA</arg>
<arg>PE</arg>
<arg>PF</arg>
<arg>PG</arg>
<arg>PH</arg>
<arg>PK</arg>
<arg>PL</arg>
<arg>PM</arg>
<arg>PN</arg>
<arg>PR</arg>
<arg>PS</arg>
<arg>PT</arg>
<arg>PW</arg>
<arg>PY</arg>
<arg>QA</arg>
<arg>RE</arg>
<arg>RO</arg>
<arg>RS</arg>
<arg>RU</arg>
<arg>RW</arg>
<arg>SA</arg>
<arg>SB</arg>
<arg>SC</arg>
<arg>SD</arg>
<arg>SE</arg>
<arg>SG</arg>
<arg>SH</arg>
<arg>SI</arg>
<arg>SJ</arg>
<arg>SK</arg>
<arg>SL</arg>
<arg>SM</arg>
<arg>SN</arg>
<arg>SO</arg>
<arg>SR</arg>
<arg>SS</arg>
<arg>ST</arg>
<arg>SV</arg>
<arg>SX</arg>
<arg>SY</arg>
<arg>SZ</arg>
<arg>TC</arg>
<arg>TD</arg>
<arg>TF</arg>
<arg>TG</arg>
<arg>TH</arg>
<arg>TJ</arg>
<arg>TK</arg>
<arg>TL</arg>
<arg>TM</arg>
<arg>TN</arg>
<arg>TO</arg>
<arg>TR</arg>
<arg>TT</arg>
<arg>TV</arg>
<arg>TW</arg>
<arg>TZ</arg>
<arg>UA</arg>
<arg>UG</arg>
<arg>UM</arg>
<arg>US</arg>
<arg>UY</arg>
<arg>UZ</arg>
<arg>VA</arg>
<arg>VC</arg>
<arg>VE</arg>
<arg>VG</arg>
<arg>VI</arg>
<arg>VN</arg>
<arg>VU</arg>
<arg>WF</arg>
<arg>WS</arg>
<arg>XK</arg>
<arg>YE</arg>
<arg>YT</arg>
<arg>ZA</arg>
<arg>ZM</arg>
<arg>ZW</arg>
<doc>Returns a list containing given items.</doc>
<status status="PASS" start="2024-06-02T22:13:05.859500" elapsed="0.000633"/>
</kw>
<kw name="List Should Contain Value" owner="Collections">
<msg time="2024-06-02T22:13:05.861130" level="INFO">False</msg>
<arg>${list_country}</arg>
<arg>${name_country}</arg>
<doc>Fails if the ``value`` is not found from ``list``.</doc>
<status status="PASS" start="2024-06-02T22:13:05.860925" elapsed="0.000243"/>
</kw>
<kw name="Run Keyword If" owner="BuiltIn">
<kw name="Should Be True" owner="BuiltIn">
<arg>${True}</arg>
<doc>Fails if the given condition is not true.</doc>
<status status="PASS" start="2024-06-02T22:13:05.862273" elapsed="0.000147"/>
</kw>
<arg>${json_data["results"][0]["location"]["coordinates"]["latitude"]} &gt;= -90 and ${json_data["results"][0]["location"]["coordinates"]["latitude"]} &lt;= 90</arg>
<arg>Should Be True</arg>
<arg>${True}</arg>
<doc>Runs the given keyword with the given arguments, if ``condition`` is true.</doc>
<status status="PASS" start="2024-06-02T22:13:05.861482" elapsed="0.001066"/>
</kw>
<kw name="Run Keyword If" owner="BuiltIn">
<kw name="Should Be True" owner="BuiltIn">
<arg>${True}</arg>
<doc>Fails if the given condition is not true.</doc>
<status status="PASS" start="2024-06-02T22:13:05.863445" elapsed="0.000138"/>
</kw>
<arg>${json_data["results"][0]["location"]["coordinates"]["longitude"]} &gt;= -180 and ${json_data["results"][0]["location"]["coordinates"]["longitude"]} &lt;= 180</arg>
<arg>Should Be True</arg>
<arg>${True}</arg>
<doc>Runs the given keyword with the given arguments, if ``condition`` is true.</doc>
<status status="PASS" start="2024-06-02T22:13:05.862744" elapsed="0.000963"/>
</kw>
<status status="PASS" start="2024-06-02T22:13:05.740059" elapsed="0.123775"/>
</kw>
<doc>Testa o conteúdo específico dos campos retornados pela API.</doc>
<tag>testeConteudo</tag>
<status status="PASS" start="2024-06-02T22:13:05.739518" elapsed="0.124465"/>
</test>
<status status="PASS" start="2024-06-02T22:13:04.791118" elapsed="1.074858"/>
</suite>
<status status="PASS" start="2024-06-02T22:13:04.777095" elapsed="1.094087"/>
</suite>
<statistics>
<total>
<stat pass="5" fail="0" skip="0">All Tests</stat>
</total>
<tag>
<stat pass="1" fail="0" skip="0">testeConteudo</stat>
<stat pass="1" fail="0" skip="0">testeEstruturaResposta</stat>
<stat pass="1" fail="0" skip="0">testeRequisicaoBasica</stat>
<stat pass="1" fail="0" skip="0">testeTiposDados</stat>
</tag>
<suite>
<stat pass="5" fail="0" skip="0" id="s1" name="Tests">Tests</stat>
<stat pass="5" fail="0" skip="0" id="s1-s1" name="Random-User-Test">Tests.Random-User-Test</stat>
</suite>
</statistics>
<errors>
</errors>
</robot>
