<?xml version="1.0" encoding="UTF-8"?>
<robot generator="Robot 7.0 (Python 3.12.3 on linux)" generated="2024-05-15T23:15:00.748471" rpa="false" schemaversion="5">
<suite id="s1" name="Tests" source="/home/runner/work/DesafioQAItauRogerioJordao/DesafioQAItauRogerioJordao/RamdonUser/tests">
<suite id="s1-s1" name="Random-User-Test" source="/home/runner/work/DesafioQAItauRogerioJordao/DesafioQAItauRogerioJordao/RamdonUser/tests/random-user-test.robot">
<test id="s1-s1-t1" name="Conectar" line="13">
<kw name="Conectar API" owner="random-user-service">
<kw name="Create Session" owner="RequestsLibrary">
<msg time="2024-05-15T23:15:01.119073" level="INFO">Creating Session using : alias=consultarAPI, url=https://randomuser.me/, headers={},                     cookies={}, auth=None, timeout=None, proxies=None, verify=False,                     debug=0 </msg>
<arg>consultarAPI</arg>
<arg>${URL}</arg>
<doc>Create Session: create a HTTP session to a server</doc>
<status status="PASS" start="2024-05-15T23:15:01.118883" elapsed="0.000352"/>
</kw>
<status status="PASS" start="2024-05-15T23:15:01.117988" elapsed="0.001582"/>
</kw>
<status status="PASS" start="2024-05-15T23:15:01.117417" elapsed="0.002378"/>
</test>
<test id="s1-s1-t2" name="Validar retorno 200 e JSON Válido" line="16">
<kw name="Teste de Requisicao Basica" owner="random-user-service">
<kw name="GET On Session" owner="RequestsLibrary">
<msg time="2024-05-15T23:15:01.212376" level="INFO">GET Request : url=https://randomuser.me/api 
 path_url=/api 
 headers={'User-Agent': 'python-requests/2.31.0', 'Accept-Encoding': 'gzip, deflate', 'Accept': '*/*', 'Connection': 'keep-alive'} 
 body=None 
 </msg>
<msg time="2024-05-15T23:15:01.212497" level="INFO">GET Response : url=https://randomuser.me/api 
 status=200, reason=OK 
 headers={'Date': 'Wed, 15 May 2024 23:15:01 GMT', 'Content-Type': 'application/json; charset=utf-8', 'Transfer-Encoding': 'chunked', 'Connection': 'keep-alive', 'X-Powered-By': 'Express', 'Access-Control-Allow-Origin': '*', 'Cache-Control': 'no-cache', 'ETag': 'W/"486-blW9j6o0ySA1XIVEHVNMJ/A1JoE"', 'Vary': 'Accept-Encoding', 'Content-Encoding': 'gzip', 'CF-Cache-Status': 'DYNAMIC', 'Report-To': '{"endpoints":[{"url":"https:\\/\\/a.nel.cloudflare.com\\/report\\/v4?s=IM%2BCVFkCY3MeHgqiW%2B63Rf6DpKcPc83Q3WffWFihTP5trisAr7L0bAsbDbilsE8VGsMeEJ7Li300KSD5gKBGsxam8PIqVpz6LJl6sUYjMHWu%2Fv3TcrgsNANRp6HRGgu3"}],"group":"cf-nel","max_age":604800}', 'NEL': '{"success_fraction":0,"report_to":"cf-nel","max_age":604800}', 'Server': 'cloudflare', 'CF-RAY': '8846d3dc4a74828d-IAD', 'alt-svc': 'h3=":443"; ma=86400'} 
 body={"results":[{"gender":"female","name":{"title":"Mrs","first":"Linde","last":"Bjørseth"},"location":{"street":{"number":2835,"name":"Lyseveien"},"city":"Opphaug","state":"Buskerud","country":"Norway","postcode":"0104","coordinates":{"latitude":"44.4064","longitude":"86.2262"},"timezone":{"offset":"-3:00","description":"Brazil, Buenos Aires, Georgetown"}},"email":"linde.bjorseth@example.com","login":{"uuid":"81654892-0b95-412e-acde-affce9bf4950","username":"tinymouse961","password":"stocking","salt":"SKugi3yX","md5":"adebfecb551c4cabaebb080bad5de045","sha1":"17ff5e4dc2b5f55bb446ecb77b2f779c5f5ef923","sha256":"447e002a4510cd3f30f6390ff9e9d2c50fa62dae06c0edc69009d947d9f7df4c"},"dob":{"date":"1999-05-26T16:31:06.820Z","age":24},"registered":{"date":"2017-09-29T11:40:51.715Z","age":6},"phone":"67925302","cell":"49876954","id":{"name":"FN","value":"26059922237"},"picture":{"large":"https://randomuser.me/api/portraits/women/88.jpg","medium":"https://randomuser.me/api/portraits/med/women/88.jpg","thumbnail":"https://randomuser.me/api/portraits/thumb/women/88.jpg"},"nat":"NO"}],"info":{"seed":"484cfc1f17bd7110","results":1,"page":1,"version":"1.4"}} 
 </msg>
<msg time="2024-05-15T23:15:01.212571" level="INFO">/opt/hostedtoolcache/Python/3.12.3/x64/lib/python3.12/site-packages/urllib3/connectionpool.py:1103: InsecureRequestWarning: Unverified HTTPS request is being made to host 'randomuser.me'. Adding certificate verification is strongly advised. See: https://urllib3.readthedocs.io/en/latest/advanced-usage.html#tls-warnings
  warnings.warn(</msg>
<msg time="2024-05-15T23:15:01.212699" level="INFO">${response} = &lt;Response [200]&gt;</msg>
<var>${response}</var>
<arg>consultarAPI</arg>
<arg>/api</arg>
<doc>Sends a GET request on a previously created HTTP Session.</doc>
<status status="PASS" start="2024-05-15T23:15:01.122407" elapsed="0.090332"/>
</kw>
<kw name="Should Be Equal As Numbers" owner="BuiltIn">
<msg time="2024-05-15T23:15:01.213614" level="INFO">Argument types are:
&lt;class 'int'&gt;
&lt;class 'str'&gt;</msg>
<arg>${response.status_code}</arg>
<arg>200</arg>
<doc>Fails if objects are unequal after converting them to real numbers.</doc>
<status status="PASS" start="2024-05-15T23:15:01.213189" elapsed="0.000491"/>
</kw>
<kw name="Log" owner="BuiltIn">
<msg time="2024-05-15T23:15:01.214370" level="INFO">200</msg>
<arg>${response.status_code}</arg>
<doc>Logs the given message with the given level.</doc>
<status status="PASS" start="2024-05-15T23:15:01.214012" elapsed="0.000402"/>
</kw>
<kw name="Set Variable" owner="BuiltIn">
<msg time="2024-05-15T23:15:01.215166" level="INFO">${json_data} = {'results': [{'gender': 'female', 'name': {'title': 'Mrs', 'first': 'Linde', 'last': 'Bjørseth'}, 'location': {'street': {'number': 2835, 'name': 'Lyseveien'}, 'city': 'Opphaug', 'state': 'Buskerud', ...</msg>
<var>${json_data}</var>
<arg>${response.json()}</arg>
<doc>Returns the given values which can then be assigned to a variables.</doc>
<status status="PASS" start="2024-05-15T23:15:01.214725" elapsed="0.000472"/>
</kw>
<kw name="Dictionary Should Contain Key" owner="Collections">
<msg time="2024-05-15T23:15:01.215677" level="INFO">False</msg>
<arg>${json_data}</arg>
<arg>results</arg>
<doc>Fails if ``key`` is not found from ``dictionary``.</doc>
<status status="PASS" start="2024-05-15T23:15:01.215508" elapsed="0.000245"/>
</kw>
<status status="PASS" start="2024-05-15T23:15:01.122167" elapsed="0.093849"/>
</kw>
<doc>Testa se a API responde corretamente e retorna um objeto JSON válido.</doc>
<tag>testeRequisicaoBasica</tag>
<status status="PASS" start="2024-05-15T23:15:01.121648" elapsed="0.094544"/>
</test>
<test id="s1-s1-t3" name="Validar estrutura de resposta" line="22">
<kw name="Teste de Estrutura de Resposta" owner="random-user-service">
<kw name="GET On Session" owner="RequestsLibrary">
<msg time="2024-05-15T23:15:01.319108" level="INFO">GET Request : url=https://randomuser.me/api 
 path_url=/api 
 headers={'User-Agent': 'python-requests/2.31.0', 'Accept-Encoding': 'gzip, deflate', 'Accept': '*/*', 'Connection': 'keep-alive'} 
 body=None 
 </msg>
<msg time="2024-05-15T23:15:01.319196" level="INFO">GET Response : url=https://randomuser.me/api 
 status=200, reason=OK 
 headers={'Date': 'Wed, 15 May 2024 23:15:01 GMT', 'Content-Type': 'application/json; charset=utf-8', 'Transfer-Encoding': 'chunked', 'Connection': 'keep-alive', 'X-Powered-By': 'Express', 'Access-Control-Allow-Origin': '*', 'Cache-Control': 'no-cache', 'ETag': 'W/"49a-9nCC8+Zw9jg2GS7VD6VJGJwqrHU"', 'Vary': 'Accept-Encoding', 'Content-Encoding': 'gzip', 'CF-Cache-Status': 'DYNAMIC', 'Report-To': '{"endpoints":[{"url":"https:\\/\\/a.nel.cloudflare.com\\/report\\/v4?s=nD7iEIalDHjdtM%2BD1FmPA7rjL9%2Bl2NuJINc%2F%2B47UWQ%2FTvP0fXlwTzNVuAUnmFoGkL3fJMplbpSFh%2BjpGnj4GaCZeg0yyKA1HQiM7Iaj8iawTvjp6OZiguN288gei%2BYqj"}],"group":"cf-nel","max_age":604800}', 'NEL': '{"success_fraction":0,"report_to":"cf-nel","max_age":604800}', 'Server': 'cloudflare', 'CF-RAY': '8846d3dcaaf5828d-IAD', 'alt-svc': 'h3=":443"; ma=86400'} 
 body={"results":[{"gender":"female","name":{"title":"Ms","first":"Eleanor","last":"Duncan"},"location":{"street":{"number":7631,"name":"Albert Road"},"city":"Canterbury","state":"Strathclyde","country":"United Kingdom","postcode":"OU1 8SG","coordinates":{"latitude":"-7.5301","longitude":"149.7481"},"timezone":{"offset":"-12:00","description":"Eniwetok, Kwajalein"}},"email":"eleanor.duncan@example.com","login":{"uuid":"43c0c02d-a316-4f49-b0d0-e02697299d50","username":"angryswan102","password":"something","salt":"mfz7pKUa","md5":"88e5b771a6f60e13cbf64d2e018c2393","sha1":"607375b566bbba3028bb008e1b0d959565d56453","sha256":"ac1dc3173b57a9b7909f535f5ec932d53407da8b6bb2b9da0782d63e942b2f7f"},"dob":{"date":"1952-06-07T15:38:11.014Z","age":71},"registered":{"date":"2010-10-23T02:22:57.163Z","age":13},"phone":"015242 87423","cell":"07128 697427","id":{"name":"NINO","value":"JW 11 39 57 T"},"picture":{"large":"https://randomuser.me/api/portraits/women/56.jpg","medium":"https://randomuser.me/api/portraits/med/women/56.jpg","thumbnail":"https://randomuser.me/api/portraits/thumb/women/56.jpg"},"nat":"GB"}],"info":{"seed":"b42d5358956110ef","results":1,"page":1,"version":"1.4"}} 
 </msg>
<msg time="2024-05-15T23:15:01.319321" level="INFO">/opt/hostedtoolcache/Python/3.12.3/x64/lib/python3.12/site-packages/urllib3/connectionpool.py:1103: InsecureRequestWarning: Unverified HTTPS request is being made to host 'randomuser.me'. Adding certificate verification is strongly advised. See: https://urllib3.readthedocs.io/en/latest/advanced-usage.html#tls-warnings
  warnings.warn(</msg>
<msg time="2024-05-15T23:15:01.319467" level="INFO">${response} = &lt;Response [200]&gt;</msg>
<var>${response}</var>
<arg>consultarAPI</arg>
<arg>/api</arg>
<doc>Sends a GET request on a previously created HTTP Session.</doc>
<status status="PASS" start="2024-05-15T23:15:01.218712" elapsed="0.100795"/>
</kw>
<kw name="Set Variable" owner="BuiltIn">
<msg time="2024-05-15T23:15:01.320549" level="INFO">${json_data} = {'results': [{'gender': 'female', 'name': {'title': 'Ms', 'first': 'Eleanor', 'last': 'Duncan'}, 'location': {'street': {'number': 7631, 'name': 'Albert Road'}, 'city': 'Canterbury', 'state': 'Strathc...</msg>
<var>${json_data}</var>
<arg>${response.json()}</arg>
<doc>Returns the given values which can then be assigned to a variables.</doc>
<status status="PASS" start="2024-05-15T23:15:01.319983" elapsed="0.000595"/>
</kw>
<kw name="Log" owner="BuiltIn">
<msg time="2024-05-15T23:15:01.321046" level="INFO">{'results': [{'gender': 'female', 'name': {'title': 'Ms', 'first': 'Eleanor', 'last': 'Duncan'}, 'location': {'street': {'number': 7631, 'name': 'Albert Road'}, 'city': 'Canterbury', 'state': 'Strathclyde', 'country': 'United Kingdom', 'postcode': 'OU1 8SG', 'coordinates': {'latitude': '-7.5301', 'longitude': '149.7481'}, 'timezone': {'offset': '-12:00', 'description': 'Eniwetok, Kwajalein'}}, 'email': 'eleanor.duncan@example.com', 'login': {'uuid': '43c0c02d-a316-4f49-b0d0-e02697299d50', 'username': 'angryswan102', 'password': 'something', 'salt': 'mfz7pKUa', 'md5': '88e5b771a6f60e13cbf64d2e018c2393', 'sha1': '607375b566bbba3028bb008e1b0d959565d56453', 'sha256': 'ac1dc3173b57a9b7909f535f5ec932d53407da8b6bb2b9da0782d63e942b2f7f'}, 'dob': {'date': '1952-06-07T15:38:11.014Z', 'age': 71}, 'registered': {'date': '2010-10-23T02:22:57.163Z', 'age': 13}, 'phone': '015242 87423', 'cell': '07128 697427', 'id': {'name': 'NINO', 'value': 'JW 11 39 57 T'}, 'picture': {'large': 'https://randomuser.me/api/portraits/women/56.jpg', 'medium': 'https://randomuser.me/api/portraits/med/women/56.jpg', 'thumbnail': 'https://randomuser.me/api/portraits/thumb/women/56.jpg'}, 'nat': 'GB'}], 'info': {'seed': 'b42d5358956110ef', 'results': 1, 'page': 1, 'version': '1.4'}}</msg>
<arg>${json_data}</arg>
<doc>Logs the given message with the given level.</doc>
<status status="PASS" start="2024-05-15T23:15:01.320889" elapsed="0.000205"/>
</kw>
<kw name="Dictionary Should Contain Key" owner="Collections">
<msg time="2024-05-15T23:15:01.321546" level="INFO">False</msg>
<arg>${json_data}</arg>
<arg>results</arg>
<doc>Fails if ``key`` is not found from ``dictionary``.</doc>
<status status="PASS" start="2024-05-15T23:15:01.321388" elapsed="0.000195"/>
</kw>
<kw name="Should Not Be Empty" owner="BuiltIn">
<msg time="2024-05-15T23:15:01.322005" level="INFO">Length is 2.</msg>
<arg>${json_data}</arg>
<doc>Verifies that the given item is not empty.</doc>
<status status="PASS" start="2024-05-15T23:15:01.321875" elapsed="0.000300"/>
</kw>
<kw name="Create List" owner="BuiltIn">
<msg time="2024-05-15T23:15:01.322627" level="INFO">${expected_keys} = ['gender', 'name', 'location', 'email', 'login']</msg>
<var>${expected_keys}</var>
<arg>gender</arg>
<arg>name</arg>
<arg>location</arg>
<arg>email</arg>
<arg>login</arg>
<doc>Returns a list containing given items.</doc>
<status status="PASS" start="2024-05-15T23:15:01.322472" elapsed="0.000180"/>
</kw>
<for flavor="IN">
<iter>
<kw name="Dictionary Should Contain Key" owner="Collections">
<msg time="2024-05-15T23:15:01.323613" level="INFO">False</msg>
<arg>${json_data['results'][0]}</arg>
<arg>${key}</arg>
<doc>Fails if ``key`` is not found from ``dictionary``.</doc>
<status status="PASS" start="2024-05-15T23:15:01.323218" elapsed="0.000433"/>
</kw>
<kw name="Log" owner="BuiltIn">
<msg time="2024-05-15T23:15:01.324351" level="INFO">{'gender': 'female', 'name': {'title': 'Ms', 'first': 'Eleanor', 'last': 'Duncan'}, 'location': {'street': {'number': 7631, 'name': 'Albert Road'}, 'city': 'Canterbury', 'state': 'Strathclyde', 'country': 'United Kingdom', 'postcode': 'OU1 8SG', 'coordinates': {'latitude': '-7.5301', 'longitude': '149.7481'}, 'timezone': {'offset': '-12:00', 'description': 'Eniwetok, Kwajalein'}}, 'email': 'eleanor.duncan@example.com', 'login': {'uuid': '43c0c02d-a316-4f49-b0d0-e02697299d50', 'username': 'angryswan102', 'password': 'something', 'salt': 'mfz7pKUa', 'md5': '88e5b771a6f60e13cbf64d2e018c2393', 'sha1': '607375b566bbba3028bb008e1b0d959565d56453', 'sha256': 'ac1dc3173b57a9b7909f535f5ec932d53407da8b6bb2b9da0782d63e942b2f7f'}, 'dob': {'date': '1952-06-07T15:38:11.014Z', 'age': 71}, 'registered': {'date': '2010-10-23T02:22:57.163Z', 'age': 13}, 'phone': '015242 87423', 'cell': '07128 697427', 'id': {'name': 'NINO', 'value': 'JW 11 39 57 T'}, 'picture': {'large': 'https://randomuser.me/api/portraits/women/56.jpg', 'medium': 'https://randomuser.me/api/portraits/med/women/56.jpg', 'thumbnail': 'https://randomuser.me/api/portraits/thumb/women/56.jpg'}, 'nat': 'GB'}</msg>
<arg>${json_data['results'][0]}</arg>
<doc>Logs the given message with the given level.</doc>
<status status="PASS" start="2024-05-15T23:15:01.323989" elapsed="0.000420"/>
</kw>
<kw name="Log" owner="BuiltIn">
<msg time="2024-05-15T23:15:01.324834" level="INFO">gender</msg>
<arg>${key}</arg>
<doc>Logs the given message with the given level.</doc>
<status status="PASS" start="2024-05-15T23:15:01.324706" elapsed="0.000165"/>
</kw>
<var name="${key}">gender</var>
<status status="PASS" start="2024-05-15T23:15:01.323095" elapsed="0.001989"/>
</iter>
<iter>
<kw name="Dictionary Should Contain Key" owner="Collections">
<msg time="2024-05-15T23:15:01.325772" level="INFO">False</msg>
<arg>${json_data['results'][0]}</arg>
<arg>${key}</arg>
<doc>Fails if ``key`` is not found from ``dictionary``.</doc>
<status status="PASS" start="2024-05-15T23:15:01.325386" elapsed="0.000423"/>
</kw>
<kw name="Log" owner="BuiltIn">
<msg time="2024-05-15T23:15:01.326488" level="INFO">{'gender': 'female', 'name': {'title': 'Ms', 'first': 'Eleanor', 'last': 'Duncan'}, 'location': {'street': {'number': 7631, 'name': 'Albert Road'}, 'city': 'Canterbury', 'state': 'Strathclyde', 'country': 'United Kingdom', 'postcode': 'OU1 8SG', 'coordinates': {'latitude': '-7.5301', 'longitude': '149.7481'}, 'timezone': {'offset': '-12:00', 'description': 'Eniwetok, Kwajalein'}}, 'email': 'eleanor.duncan@example.com', 'login': {'uuid': '43c0c02d-a316-4f49-b0d0-e02697299d50', 'username': 'angryswan102', 'password': 'something', 'salt': 'mfz7pKUa', 'md5': '88e5b771a6f60e13cbf64d2e018c2393', 'sha1': '607375b566bbba3028bb008e1b0d959565d56453', 'sha256': 'ac1dc3173b57a9b7909f535f5ec932d53407da8b6bb2b9da0782d63e942b2f7f'}, 'dob': {'date': '1952-06-07T15:38:11.014Z', 'age': 71}, 'registered': {'date': '2010-10-23T02:22:57.163Z', 'age': 13}, 'phone': '015242 87423', 'cell': '07128 697427', 'id': {'name': 'NINO', 'value': 'JW 11 39 57 T'}, 'picture': {'large': 'https://randomuser.me/api/portraits/women/56.jpg', 'medium': 'https://randomuser.me/api/portraits/med/women/56.jpg', 'thumbnail': 'https://randomuser.me/api/portraits/thumb/women/56.jpg'}, 'nat': 'GB'}</msg>
<arg>${json_data['results'][0]}</arg>
<doc>Logs the given message with the given level.</doc>
<status status="PASS" start="2024-05-15T23:15:01.326131" elapsed="0.000406"/>
</kw>
<kw name="Log" owner="BuiltIn">
<msg time="2024-05-15T23:15:01.326958" level="INFO">name</msg>
<arg>${key}</arg>
<doc>Logs the given message with the given level.</doc>
<status status="PASS" start="2024-05-15T23:15:01.326832" elapsed="0.000164"/>
</kw>
<var name="${key}">name</var>
<status status="PASS" start="2024-05-15T23:15:01.325266" elapsed="0.001943"/>
</iter>
<iter>
<kw name="Dictionary Should Contain Key" owner="Collections">
<msg time="2024-05-15T23:15:01.327911" level="INFO">False</msg>
<arg>${json_data['results'][0]}</arg>
<arg>${key}</arg>
<doc>Fails if ``key`` is not found from ``dictionary``.</doc>
<status status="PASS" start="2024-05-15T23:15:01.327495" elapsed="0.000455"/>
</kw>
<kw name="Log" owner="BuiltIn">
<msg time="2024-05-15T23:15:01.328615" level="INFO">{'gender': 'female', 'name': {'title': 'Ms', 'first': 'Eleanor', 'last': 'Duncan'}, 'location': {'street': {'number': 7631, 'name': 'Albert Road'}, 'city': 'Canterbury', 'state': 'Strathclyde', 'country': 'United Kingdom', 'postcode': 'OU1 8SG', 'coordinates': {'latitude': '-7.5301', 'longitude': '149.7481'}, 'timezone': {'offset': '-12:00', 'description': 'Eniwetok, Kwajalein'}}, 'email': 'eleanor.duncan@example.com', 'login': {'uuid': '43c0c02d-a316-4f49-b0d0-e02697299d50', 'username': 'angryswan102', 'password': 'something', 'salt': 'mfz7pKUa', 'md5': '88e5b771a6f60e13cbf64d2e018c2393', 'sha1': '607375b566bbba3028bb008e1b0d959565d56453', 'sha256': 'ac1dc3173b57a9b7909f535f5ec932d53407da8b6bb2b9da0782d63e942b2f7f'}, 'dob': {'date': '1952-06-07T15:38:11.014Z', 'age': 71}, 'registered': {'date': '2010-10-23T02:22:57.163Z', 'age': 13}, 'phone': '015242 87423', 'cell': '07128 697427', 'id': {'name': 'NINO', 'value': 'JW 11 39 57 T'}, 'picture': {'large': 'https://randomuser.me/api/portraits/women/56.jpg', 'medium': 'https://randomuser.me/api/portraits/med/women/56.jpg', 'thumbnail': 'https://randomuser.me/api/portraits/thumb/women/56.jpg'}, 'nat': 'GB'}</msg>
<arg>${json_data['results'][0]}</arg>
<doc>Logs the given message with the given level.</doc>
<status status="PASS" start="2024-05-15T23:15:01.328252" elapsed="0.000410"/>
</kw>
<kw name="Log" owner="BuiltIn">
<msg time="2024-05-15T23:15:01.329079" level="INFO">location</msg>
<arg>${key}</arg>
<doc>Logs the given message with the given level.</doc>
<status status="PASS" start="2024-05-15T23:15:01.328955" elapsed="0.000160"/>
</kw>
<var name="${key}">location</var>
<status status="PASS" start="2024-05-15T23:15:01.327384" elapsed="0.001943"/>
</iter>
<iter>
<kw name="Dictionary Should Contain Key" owner="Collections">
<msg time="2024-05-15T23:15:01.329989" level="INFO">False</msg>
<arg>${json_data['results'][0]}</arg>
<arg>${key}</arg>
<doc>Fails if ``key`` is not found from ``dictionary``.</doc>
<status status="PASS" start="2024-05-15T23:15:01.329608" elapsed="0.000419"/>
</kw>
<kw name="Log" owner="BuiltIn">
<msg time="2024-05-15T23:15:01.330682" level="INFO">{'gender': 'female', 'name': {'title': 'Ms', 'first': 'Eleanor', 'last': 'Duncan'}, 'location': {'street': {'number': 7631, 'name': 'Albert Road'}, 'city': 'Canterbury', 'state': 'Strathclyde', 'country': 'United Kingdom', 'postcode': 'OU1 8SG', 'coordinates': {'latitude': '-7.5301', 'longitude': '149.7481'}, 'timezone': {'offset': '-12:00', 'description': 'Eniwetok, Kwajalein'}}, 'email': 'eleanor.duncan@example.com', 'login': {'uuid': '43c0c02d-a316-4f49-b0d0-e02697299d50', 'username': 'angryswan102', 'password': 'something', 'salt': 'mfz7pKUa', 'md5': '88e5b771a6f60e13cbf64d2e018c2393', 'sha1': '607375b566bbba3028bb008e1b0d959565d56453', 'sha256': 'ac1dc3173b57a9b7909f535f5ec932d53407da8b6bb2b9da0782d63e942b2f7f'}, 'dob': {'date': '1952-06-07T15:38:11.014Z', 'age': 71}, 'registered': {'date': '2010-10-23T02:22:57.163Z', 'age': 13}, 'phone': '015242 87423', 'cell': '07128 697427', 'id': {'name': 'NINO', 'value': 'JW 11 39 57 T'}, 'picture': {'large': 'https://randomuser.me/api/portraits/women/56.jpg', 'medium': 'https://randomuser.me/api/portraits/med/women/56.jpg', 'thumbnail': 'https://randomuser.me/api/portraits/thumb/women/56.jpg'}, 'nat': 'GB'}</msg>
<arg>${json_data['results'][0]}</arg>
<doc>Logs the given message with the given level.</doc>
<status status="PASS" start="2024-05-15T23:15:01.330322" elapsed="0.000408"/>
</kw>
<kw name="Log" owner="BuiltIn">
<msg time="2024-05-15T23:15:01.331148" level="INFO">email</msg>
<arg>${key}</arg>
<doc>Logs the given message with the given level.</doc>
<status status="PASS" start="2024-05-15T23:15:01.331023" elapsed="0.000160"/>
</kw>
<var name="${key}">email</var>
<status status="PASS" start="2024-05-15T23:15:01.329497" elapsed="0.001896"/>
</iter>
<iter>
<kw name="Dictionary Should Contain Key" owner="Collections">
<msg time="2024-05-15T23:15:01.332093" level="INFO">False</msg>
<arg>${json_data['results'][0]}</arg>
<arg>${key}</arg>
<doc>Fails if ``key`` is not found from ``dictionary``.</doc>
<status status="PASS" start="2024-05-15T23:15:01.331672" elapsed="0.000459"/>
</kw>
<kw name="Log" owner="BuiltIn">
<msg time="2024-05-15T23:15:01.332789" level="INFO">{'gender': 'female', 'name': {'title': 'Ms', 'first': 'Eleanor', 'last': 'Duncan'}, 'location': {'street': {'number': 7631, 'name': 'Albert Road'}, 'city': 'Canterbury', 'state': 'Strathclyde', 'country': 'United Kingdom', 'postcode': 'OU1 8SG', 'coordinates': {'latitude': '-7.5301', 'longitude': '149.7481'}, 'timezone': {'offset': '-12:00', 'description': 'Eniwetok, Kwajalein'}}, 'email': 'eleanor.duncan@example.com', 'login': {'uuid': '43c0c02d-a316-4f49-b0d0-e02697299d50', 'username': 'angryswan102', 'password': 'something', 'salt': 'mfz7pKUa', 'md5': '88e5b771a6f60e13cbf64d2e018c2393', 'sha1': '607375b566bbba3028bb008e1b0d959565d56453', 'sha256': 'ac1dc3173b57a9b7909f535f5ec932d53407da8b6bb2b9da0782d63e942b2f7f'}, 'dob': {'date': '1952-06-07T15:38:11.014Z', 'age': 71}, 'registered': {'date': '2010-10-23T02:22:57.163Z', 'age': 13}, 'phone': '015242 87423', 'cell': '07128 697427', 'id': {'name': 'NINO', 'value': 'JW 11 39 57 T'}, 'picture': {'large': 'https://randomuser.me/api/portraits/women/56.jpg', 'medium': 'https://randomuser.me/api/portraits/med/women/56.jpg', 'thumbnail': 'https://randomuser.me/api/portraits/thumb/women/56.jpg'}, 'nat': 'GB'}</msg>
<arg>${json_data['results'][0]}</arg>
<doc>Logs the given message with the given level.</doc>
<status status="PASS" start="2024-05-15T23:15:01.332429" elapsed="0.000408"/>
</kw>
<kw name="Log" owner="BuiltIn">
<msg time="2024-05-15T23:15:01.333258" level="INFO">login</msg>
<arg>${key}</arg>
<doc>Logs the given message with the given level.</doc>
<status status="PASS" start="2024-05-15T23:15:01.333130" elapsed="0.000165"/>
</kw>
<var name="${key}">login</var>
<status status="PASS" start="2024-05-15T23:15:01.331563" elapsed="0.001978"/>
</iter>
<var>${key}</var>
<value>@{expected_keys}</value>
<status status="PASS" start="2024-05-15T23:15:01.322912" elapsed="0.010753"/>
</for>
<kw name="Create List" owner="BuiltIn">
<msg time="2024-05-15T23:15:01.334001" level="INFO">${expected_keysTwo} = ['username', 'password']</msg>
<var>${expected_keysTwo}</var>
<arg>username</arg>
<arg>password</arg>
<doc>Returns a list containing given items.</doc>
<status status="PASS" start="2024-05-15T23:15:01.333863" elapsed="0.000162"/>
</kw>
<for flavor="IN">
<iter>
<kw name="Dictionary Should Contain Key" owner="Collections">
<msg time="2024-05-15T23:15:01.334901" level="INFO">False</msg>
<arg>${json_data['results'][0]['login']}</arg>
<arg>${keyTwo}</arg>
<doc>Fails if ``key`` is not found from ``dictionary``.</doc>
<status status="PASS" start="2024-05-15T23:15:01.334520" elapsed="0.000418"/>
</kw>
<kw name="Dictionary Should Contain Key" owner="Collections">
<msg time="2024-05-15T23:15:01.335611" level="INFO">False</msg>
<arg>${json_data['results'][0]['login']}</arg>
<arg>${keyTwo}</arg>
<doc>Fails if ``key`` is not found from ``dictionary``.</doc>
<status status="PASS" start="2024-05-15T23:15:01.335230" elapsed="0.000418"/>
</kw>
<kw name="Log" owner="BuiltIn">
<msg time="2024-05-15T23:15:01.336103" level="INFO">username</msg>
<arg>${keyTwo}</arg>
<doc>Logs the given message with the given level.</doc>
<status status="PASS" start="2024-05-15T23:15:01.335976" elapsed="0.000169"/>
</kw>
<var name="${keyTwo}">username</var>
<status status="PASS" start="2024-05-15T23:15:01.334410" elapsed="0.001950"/>
</iter>
<iter>
<kw name="Dictionary Should Contain Key" owner="Collections">
<msg time="2024-05-15T23:15:01.337098" level="INFO">False</msg>
<arg>${json_data['results'][0]['login']}</arg>
<arg>${keyTwo}</arg>
<doc>Fails if ``key`` is not found from ``dictionary``.</doc>
<status status="PASS" start="2024-05-15T23:15:01.336639" elapsed="0.000497"/>
</kw>
<kw name="Dictionary Should Contain Key" owner="Collections">
<msg time="2024-05-15T23:15:01.337844" level="INFO">False</msg>
<arg>${json_data['results'][0]['login']}</arg>
<arg>${keyTwo}</arg>
<doc>Fails if ``key`` is not found from ``dictionary``.</doc>
<status status="PASS" start="2024-05-15T23:15:01.337436" elapsed="0.000448"/>
</kw>
<kw name="Log" owner="BuiltIn">
<msg time="2024-05-15T23:15:01.338312" level="INFO">password</msg>
<arg>${keyTwo}</arg>
<doc>Logs the given message with the given level.</doc>
<status status="PASS" start="2024-05-15T23:15:01.338184" elapsed="0.000165"/>
</kw>
<var name="${keyTwo}">password</var>
<status status="PASS" start="2024-05-15T23:15:01.336528" elapsed="0.002049"/>
</iter>
<var>${keyTwo}</var>
<value>@{expected_keysTwo}</value>
<status status="PASS" start="2024-05-15T23:15:01.334261" elapsed="0.004434"/>
</for>
<status status="PASS" start="2024-05-15T23:15:01.218478" elapsed="0.120354"/>
</kw>
<doc>Testa a estrutura da resposta da API.</doc>
<tag>testeEstruturaResposta</tag>
<status status="PASS" start="2024-05-15T23:15:01.218001" elapsed="0.120980"/>
</test>
<test id="s1-s1-t4" name="Validar tipos de dados" line="28">
<kw name="Teste de Tipos de Dados" owner="random-user-service">
<kw name="GET On Session" owner="RequestsLibrary">
<msg time="2024-05-15T23:15:01.401200" level="INFO">GET Request : url=https://randomuser.me/api 
 path_url=/api 
 headers={'User-Agent': 'python-requests/2.31.0', 'Accept-Encoding': 'gzip, deflate', 'Accept': '*/*', 'Connection': 'keep-alive'} 
 body=None 
 </msg>
<msg time="2024-05-15T23:15:01.401282" level="INFO">GET Response : url=https://randomuser.me/api 
 status=200, reason=OK 
 headers={'Date': 'Wed, 15 May 2024 23:15:01 GMT', 'Content-Type': 'application/json; charset=utf-8', 'Transfer-Encoding': 'chunked', 'Connection': 'keep-alive', 'X-Powered-By': 'Express', 'Access-Control-Allow-Origin': '*', 'Cache-Control': 'no-cache', 'ETag': 'W/"496-VHqlGQTS8zWMl8WGH1vSscM/HbI"', 'Vary': 'Accept-Encoding', 'Content-Encoding': 'gzip', 'CF-Cache-Status': 'DYNAMIC', 'Report-To': '{"endpoints":[{"url":"https:\\/\\/a.nel.cloudflare.com\\/report\\/v4?s=SDsrFXHH%2FI6Rfn0uclOanlSBZTnDHVvMqdTF5dqUi2OTIv3f9KGp8qN%2FNWpOzRSETv31BHRYWrmHEkdvfWS5gzS3nxVwhQrAxK57JxJVxHiDebYtxpU%2FFQ9tVDD%2Fp0CE"}],"group":"cf-nel","max_age":604800}', 'NEL': '{"success_fraction":0,"report_to":"cf-nel","max_age":604800}', 'Server': 'cloudflare', 'CF-RAY': '8846d3dd6bfe828d-IAD', 'alt-svc': 'h3=":443"; ma=86400'} 
 body={"results":[{"gender":"female","name":{"title":"Ms","first":"Lea","last":"Pedersen"},"location":{"street":{"number":8085,"name":"Kastanie Alle"},"city":"Nørrebro","state":"Sjælland","country":"Denmark","postcode":90011,"coordinates":{"latitude":"-42.9807","longitude":"154.1352"},"timezone":{"offset":"+5:00","description":"Ekaterinburg, Islamabad, Karachi, Tashkent"}},"email":"lea.pedersen@example.com","login":{"uuid":"8bcac69d-e30b-45c4-82a4-a135ef7d812d","username":"brownostrich194","password":"okokok","salt":"oaTvYrFl","md5":"92db493bc5fabe51c13db1843a7a0f97","sha1":"639b0931ef0208c5558bbea700e6290865c1ca1a","sha256":"d7cc525cb537aa06df9edcc31e486a65c897d520e6403598f4b8b9b119ee90f8"},"dob":{"date":"1957-08-13T06:09:10.214Z","age":66},"registered":{"date":"2009-01-05T13:09:08.057Z","age":15},"phone":"94851189","cell":"14797460","id":{"name":"CPR","value":"130857-0287"},"picture":{"large":"https://randomuser.me/api/portraits/women/87.jpg","medium":"https://randomuser.me/api/portraits/med/women/87.jpg","thumbnail":"https://randomuser.me/api/portraits/thumb/women/87.jpg"},"nat":"DK"}],"info":{"seed":"492a1eb5a2731633","results":1,"page":1,"version":"1.4"}} 
 </msg>
<msg time="2024-05-15T23:15:01.401356" level="INFO">/opt/hostedtoolcache/Python/3.12.3/x64/lib/python3.12/site-packages/urllib3/connectionpool.py:1103: InsecureRequestWarning: Unverified HTTPS request is being made to host 'randomuser.me'. Adding certificate verification is strongly advised. See: https://urllib3.readthedocs.io/en/latest/advanced-usage.html#tls-warnings
  warnings.warn(</msg>
<msg time="2024-05-15T23:15:01.401472" level="INFO">${response} = &lt;Response [200]&gt;</msg>
<var>${response}</var>
<arg>consultarAPI</arg>
<arg>/api</arg>
<doc>Sends a GET request on a previously created HTTP Session.</doc>
<status status="PASS" start="2024-05-15T23:15:01.341546" elapsed="0.059980"/>
</kw>
<kw name="Set Variable" owner="BuiltIn">
<msg time="2024-05-15T23:15:01.402611" level="INFO">${json_data} = {'results': [{'gender': 'female', 'name': {'title': 'Ms', 'first': 'Lea', 'last': 'Pedersen'}, 'location': {'street': {'number': 8085, 'name': 'Kastanie Alle'}, 'city': 'Nørrebro', 'state': 'Sjælland'...</msg>
<var>${json_data}</var>
<arg>${response.json()}</arg>
<doc>Returns the given values which can then be assigned to a variables.</doc>
<status status="PASS" start="2024-05-15T23:15:01.402017" elapsed="0.000624"/>
</kw>
<kw name="Log" owner="BuiltIn">
<msg time="2024-05-15T23:15:01.403105" level="INFO">{'results': [{'gender': 'female', 'name': {'title': 'Ms', 'first': 'Lea', 'last': 'Pedersen'}, 'location': {'street': {'number': 8085, 'name': 'Kastanie Alle'}, 'city': 'Nørrebro', 'state': 'Sjælland', 'country': 'Denmark', 'postcode': 90011, 'coordinates': {'latitude': '-42.9807', 'longitude': '154.1352'}, 'timezone': {'offset': '+5:00', 'description': 'Ekaterinburg, Islamabad, Karachi, Tashkent'}}, 'email': 'lea.pedersen@example.com', 'login': {'uuid': '8bcac69d-e30b-45c4-82a4-a135ef7d812d', 'username': 'brownostrich194', 'password': 'okokok', 'salt': 'oaTvYrFl', 'md5': '92db493bc5fabe51c13db1843a7a0f97', 'sha1': '639b0931ef0208c5558bbea700e6290865c1ca1a', 'sha256': 'd7cc525cb537aa06df9edcc31e486a65c897d520e6403598f4b8b9b119ee90f8'}, 'dob': {'date': '1957-08-13T06:09:10.214Z', 'age': 66}, 'registered': {'date': '2009-01-05T13:09:08.057Z', 'age': 15}, 'phone': '94851189', 'cell': '14797460', 'id': {'name': 'CPR', 'value': '130857-0287'}, 'picture': {'large': 'https://randomuser.me/api/portraits/women/87.jpg', 'medium': 'https://randomuser.me/api/portraits/med/women/87.jpg', 'thumbnail': 'https://randomuser.me/api/portraits/thumb/women/87.jpg'}, 'nat': 'DK'}], 'info': {'seed': '492a1eb5a2731633', 'results': 1, 'page': 1, 'version': '1.4'}}</msg>
<arg>${json_data}</arg>
<doc>Logs the given message with the given level.</doc>
<status status="PASS" start="2024-05-15T23:15:01.402949" elapsed="0.000235"/>
</kw>
<kw name="Should Be String" owner="String">
<arg>${json_data['results'][0]['gender']}</arg>
<doc>Fails if the given ``item`` is not a string.</doc>
<status status="PASS" start="2024-05-15T23:15:01.403491" elapsed="0.000410"/>
</kw>
<kw name="Should Match Regexp" owner="BuiltIn">
<arg>${json_data['results'][0]['email']}</arg>
<arg>^[a-zA-Z0-9._%+-]+@[a-zA-Z0-9.-]+\.[a-zA-Z]{2,}$</arg>
<doc>Fails if ``string`` does not match ``pattern`` as a regular expression.</doc>
<status status="PASS" start="2024-05-15T23:15:01.404097" elapsed="0.000502"/>
</kw>
<kw name="Should Match Regexp" owner="BuiltIn">
<arg>${json_data['results'][0]['dob']['date']}</arg>
<arg>\\d{4}-\\d{2}-\\d{2}T\\d{2}:\\d{2}:\\d{2}\\.\\d{3}Z</arg>
<doc>Fails if ``string`` does not match ``pattern`` as a regular expression.</doc>
<status status="PASS" start="2024-05-15T23:15:01.404796" elapsed="0.000486"/>
</kw>
<kw name="Should Match Regexp" owner="BuiltIn">
<arg>${json_data['results'][0]['registered']['date']}</arg>
<arg>\\d{4}-\\d{2}-\\d{2}T\\d{2}:\\d{2}:\\d{2}\\.\\d{3}Z</arg>
<doc>Fails if ``string`` does not match ``pattern`` as a regular expression.</doc>
<status status="PASS" start="2024-05-15T23:15:01.405474" elapsed="0.000369"/>
</kw>
<kw name="Should Match Regexp" owner="BuiltIn">
<arg>${json_data['results'][0]['picture']['large']}</arg>
<arg>^https?://.*\.(?:png|jpe?g|gif|bmp)$</arg>
<doc>Fails if ``string`` does not match ``pattern`` as a regular expression.</doc>
<status status="PASS" start="2024-05-15T23:15:01.406037" elapsed="0.000453"/>
</kw>
<kw name="Should Match Regexp" owner="BuiltIn">
<arg>${json_data['results'][0]['picture']['medium']}</arg>
<arg>^https?://.*\.(?:png|jpe?g|gif|bmp)$</arg>
<doc>Fails if ``string`` does not match ``pattern`` as a regular expression.</doc>
<status status="PASS" start="2024-05-15T23:15:01.406705" elapsed="0.000361"/>
</kw>
<kw name="Should Match Regexp" owner="BuiltIn">
<arg>${json_data['results'][0]['picture']['thumbnail']}</arg>
<arg>^https?://.*\.(?:png|jpe?g|gif|bmp)$</arg>
<doc>Fails if ``string`` does not match ``pattern`` as a regular expression.</doc>
<status status="PASS" start="2024-05-15T23:15:01.407256" elapsed="0.000349"/>
</kw>
<kw name="Log" owner="BuiltIn">
<msg time="2024-05-15T23:15:01.408151" level="INFO">{'large': 'https://randomuser.me/api/portraits/women/87.jpg', 'medium': 'https://randomuser.me/api/portraits/med/women/87.jpg', 'thumbnail': 'https://randomuser.me/api/portraits/thumb/women/87.jpg'}</msg>
<arg>${json_data['results'][0]['picture']}</arg>
<doc>Logs the given message with the given level.</doc>
<status status="PASS" start="2024-05-15T23:15:01.407820" elapsed="0.000374"/>
</kw>
<status status="PASS" start="2024-05-15T23:15:01.341321" elapsed="0.067125"/>
</kw>
<kw name="Teste de Tipos de Dados - Postcode" owner="random-user-service">
<kw name="GET On Session" owner="RequestsLibrary">
<msg time="2024-05-15T23:15:01.502661" level="INFO">GET Request : url=https://randomuser.me/api 
 path_url=/api 
 headers={'User-Agent': 'python-requests/2.31.0', 'Accept-Encoding': 'gzip, deflate', 'Accept': '*/*', 'Connection': 'keep-alive'} 
 body=None 
 </msg>
<msg time="2024-05-15T23:15:01.502744" level="INFO">GET Response : url=https://randomuser.me/api 
 status=200, reason=OK 
 headers={'Date': 'Wed, 15 May 2024 23:15:01 GMT', 'Content-Type': 'application/json; charset=utf-8', 'Transfer-Encoding': 'chunked', 'Connection': 'keep-alive', 'X-Powered-By': 'Express', 'Access-Control-Allow-Origin': '*', 'Cache-Control': 'no-cache', 'ETag': 'W/"495-uhB+uWG2tFQY4Ytb+vvTRgtBbEE"', 'Vary': 'Accept-Encoding', 'Content-Encoding': 'gzip', 'CF-Cache-Status': 'DYNAMIC', 'Report-To': '{"endpoints":[{"url":"https:\\/\\/a.nel.cloudflare.com\\/report\\/v4?s=KX0voHjH9HP9U3899Hy%2FLA9u9fjncycEzg3PfdBfDg8iEA59cXaOYO2uqV3%2FSmKUWgWkvGISF8mmRIw5zme2vbp0ccprvJrSHd6jsZHbqV6O7EUFZrZivlWd1DOD6k5b"}],"group":"cf-nel","max_age":604800}', 'NEL': '{"success_fraction":0,"report_to":"cf-nel","max_age":604800}', 'Server': 'cloudflare', 'CF-RAY': '8846d3dddc90828d-IAD', 'alt-svc': 'h3=":443"; ma=86400'} 
 body={"results":[{"gender":"male","name":{"title":"Mr","first":"Davor","last":"Đokić"},"location":{"street":{"number":2354,"name":"Drage Vukićevića"},"city":"Gornji Milanovac","state":"Central Banat","country":"Serbia","postcode":97955,"coordinates":{"latitude":"63.9075","longitude":"-16.0176"},"timezone":{"offset":"+10:00","description":"Eastern Australia, Guam, Vladivostok"}},"email":"davor.dokic@example.com","login":{"uuid":"22f3241f-0b7e-4257-b028-9360b8dd604b","username":"blacklion647","password":"2233","salt":"bSB5lwB9","md5":"d09d98b7c9ee22cca861d6f2ac483405","sha1":"3bf60c4232afedc5fe4b3fb33dc69547394421aa","sha256":"62cd41f5e9b5042e493570ee9d07c3cac5e6f559ef8410a0caf47bac1e4d67b1"},"dob":{"date":"1956-06-13T10:11:53.974Z","age":67},"registered":{"date":"2010-03-01T19:03:54.631Z","age":14},"phone":"035-8840-276","cell":"063-0823-613","id":{"name":"SID","value":"865540799"},"picture":{"large":"https://randomuser.me/api/portraits/men/2.jpg","medium":"https://randomuser.me/api/portraits/med/men/2.jpg","thumbnail":"https://randomuser.me/api/portraits/thumb/men/2.jpg"},"nat":"RS"}],"info":{"seed":"d52dcfc37956aea5","results":1,"page":1,"version":"1.4"}} 
 </msg>
<msg time="2024-05-15T23:15:01.502821" level="INFO">/opt/hostedtoolcache/Python/3.12.3/x64/lib/python3.12/site-packages/urllib3/connectionpool.py:1103: InsecureRequestWarning: Unverified HTTPS request is being made to host 'randomuser.me'. Adding certificate verification is strongly advised. See: https://urllib3.readthedocs.io/en/latest/advanced-usage.html#tls-warnings
  warnings.warn(</msg>
<msg time="2024-05-15T23:15:01.502907" level="INFO">${response} = &lt;Response [200]&gt;</msg>
<var>${response}</var>
<arg>consultarAPI</arg>
<arg>/api</arg>
<doc>Sends a GET request on a previously created HTTP Session.</doc>
<status status="PASS" start="2024-05-15T23:15:01.408871" elapsed="0.094076"/>
</kw>
<kw name="Set Variable" owner="BuiltIn">
<msg time="2024-05-15T23:15:01.504060" level="INFO">${json_data} = {'results': [{'gender': 'male', 'name': {'title': 'Mr', 'first': 'Davor', 'last': 'Đokić'}, 'location': {'street': {'number': 2354, 'name': 'Drage Vukićevića'}, 'city': 'Gornji Milanovac', 'state': 'C...</msg>
<var>${json_data}</var>
<arg>${response.json()}</arg>
<doc>Returns the given values which can then be assigned to a variables.</doc>
<status status="PASS" start="2024-05-15T23:15:01.503420" elapsed="0.000671"/>
</kw>
<kw name="Log" owner="BuiltIn">
<msg time="2024-05-15T23:15:01.504610" level="INFO">{'results': [{'gender': 'male', 'name': {'title': 'Mr', 'first': 'Davor', 'last': 'Đokić'}, 'location': {'street': {'number': 2354, 'name': 'Drage Vukićevića'}, 'city': 'Gornji Milanovac', 'state': 'Central Banat', 'country': 'Serbia', 'postcode': 97955, 'coordinates': {'latitude': '63.9075', 'longitude': '-16.0176'}, 'timezone': {'offset': '+10:00', 'description': 'Eastern Australia, Guam, Vladivostok'}}, 'email': 'davor.dokic@example.com', 'login': {'uuid': '22f3241f-0b7e-4257-b028-9360b8dd604b', 'username': 'blacklion647', 'password': '2233', 'salt': 'bSB5lwB9', 'md5': 'd09d98b7c9ee22cca861d6f2ac483405', 'sha1': '3bf60c4232afedc5fe4b3fb33dc69547394421aa', 'sha256': '62cd41f5e9b5042e493570ee9d07c3cac5e6f559ef8410a0caf47bac1e4d67b1'}, 'dob': {'date': '1956-06-13T10:11:53.974Z', 'age': 67}, 'registered': {'date': '2010-03-01T19:03:54.631Z', 'age': 14}, 'phone': '035-8840-276', 'cell': '063-0823-613', 'id': {'name': 'SID', 'value': '865540799'}, 'picture': {'large': 'https://randomuser.me/api/portraits/men/2.jpg', 'medium': 'https://randomuser.me/api/portraits/med/men/2.jpg', 'thumbnail': 'https://randomuser.me/api/portraits/thumb/men/2.jpg'}, 'nat': 'RS'}], 'info': {'seed': 'd52dcfc37956aea5', 'results': 1, 'page': 1, 'version': '1.4'}}</msg>
<arg>${json_data}</arg>
<doc>Logs the given message with the given level.</doc>
<status status="PASS" start="2024-05-15T23:15:01.504418" elapsed="0.000275"/>
</kw>
<kw name="Should Be Equal As Numbers" owner="BuiltIn">
<arg>${json_data['results'][0]['location']['postcode']}</arg>
<arg>${json_data['results'][0]['location']['postcode']}</arg>
<doc>Fails if objects are unequal after converting them to real numbers.</doc>
<status status="PASS" start="2024-05-15T23:15:01.505128" elapsed="0.000632"/>
</kw>
<kw name="Log" owner="BuiltIn">
<msg time="2024-05-15T23:15:01.506291" level="INFO">97955</msg>
<arg>${json_data['results'][0]['location']['postcode']}</arg>
<doc>Logs the given message with the given level.</doc>
<status status="PASS" start="2024-05-15T23:15:01.505955" elapsed="0.000377"/>
</kw>
<status status="PASS" start="2024-05-15T23:15:01.408653" elapsed="0.097933"/>
</kw>
<doc>Testa se os tipos de dados na resposta da API estão corretos.</doc>
<tag>testeTiposDados</tag>
<status status="PASS" start="2024-05-15T23:15:01.340815" elapsed="0.165927"/>
</test>
<test id="s1-s1-t5" name="Validar conteudo" line="35">
<kw name="Teste de Tipos de Conteudo" owner="random-user-service">
<kw name="GET On Session" owner="RequestsLibrary">
<msg time="2024-05-15T23:15:01.776182" level="INFO">GET Request : url=https://randomuser.me/api 
 path_url=/api 
 headers={'User-Agent': 'python-requests/2.31.0', 'Accept-Encoding': 'gzip, deflate', 'Accept': '*/*', 'Connection': 'keep-alive'} 
 body=None 
 </msg>
<msg time="2024-05-15T23:15:01.776251" level="INFO">GET Response : url=https://randomuser.me/api 
 status=200, reason=OK 
 headers={'Date': 'Wed, 15 May 2024 23:15:01 GMT', 'Content-Type': 'application/json; charset=utf-8', 'Transfer-Encoding': 'chunked', 'Connection': 'keep-alive', 'X-Powered-By': 'Express', 'Access-Control-Allow-Origin': '*', 'Cache-Control': 'no-cache', 'ETag': 'W/"487-2RendVUwMx8mlZhyoPziLyGlUXE"', 'Vary': 'Accept-Encoding', 'Content-Encoding': 'gzip', 'CF-Cache-Status': 'DYNAMIC', 'Report-To': '{"endpoints":[{"url":"https:\\/\\/a.nel.cloudflare.com\\/report\\/v4?s=y8XyymfksM8mNH8IMGDxixirf%2B50e8ze8vocCdoNdVNlLsWFrqXEo1zAujyBnB9E%2FDuvAUA8YxbGtdB3X%2BV6NsLlXWiaN9WttbArfgLqyAj8eraVUHmavoDIBGD1%2B2lD"}],"group":"cf-nel","max_age":604800}', 'NEL': '{"success_fraction":0,"report_to":"cf-nel","max_age":604800}', 'Server': 'cloudflare', 'CF-RAY': '8846d3de7d94828d-IAD', 'alt-svc': 'h3=":443"; ma=86400'} 
 body={"results":[{"gender":"male","name":{"title":"Mr","first":"Priteche","last":"Farias"},"location":{"street":{"number":2427,"name":"Rua Vinte E Dois "},"city":"Salto","state":"Bahia","country":"Brazil","postcode":78663,"coordinates":{"latitude":"-76.4112","longitude":"-136.6414"},"timezone":{"offset":"-12:00","description":"Eniwetok, Kwajalein"}},"email":"priteche.farias@example.com","login":{"uuid":"c603fc2c-c745-42aa-ac3b-84f8a174ce7c","username":"brownpanda596","password":"shooter","salt":"UErwlNO5","md5":"3775bee7fa0b3534a96b88056b944479","sha1":"14c752b284494663045d08bfc6b0da45ab4ed5dd","sha256":"debbc40da3ebbfffd9c9bf0b4fe0620f4d7543420fd6dd1f4807e4988a8e1da7"},"dob":{"date":"1960-11-05T16:45:21.521Z","age":63},"registered":{"date":"2021-12-25T19:00:41.103Z","age":2},"phone":"(60) 4279-4860","cell":"(53) 9461-3121","id":{"name":"CPF","value":"256.707.699-97"},"picture":{"large":"https://randomuser.me/api/portraits/men/55.jpg","medium":"https://randomuser.me/api/portraits/med/men/55.jpg","thumbnail":"https://randomuser.me/api/portraits/thumb/men/55.jpg"},"nat":"BR"}],"info":{"seed":"dedb32b99ec16565","results":1,"page":1,"version":"1.4"}} 
 </msg>
<msg time="2024-05-15T23:15:01.776310" level="INFO">/opt/hostedtoolcache/Python/3.12.3/x64/lib/python3.12/site-packages/urllib3/connectionpool.py:1103: InsecureRequestWarning: Unverified HTTPS request is being made to host 'randomuser.me'. Adding certificate verification is strongly advised. See: https://urllib3.readthedocs.io/en/latest/advanced-usage.html#tls-warnings
  warnings.warn(</msg>
<msg time="2024-05-15T23:15:01.776406" level="INFO">${response} = &lt;Response [200]&gt;</msg>
<var>${response}</var>
<arg>consultarAPI</arg>
<arg>/api</arg>
<doc>Sends a GET request on a previously created HTTP Session.</doc>
<status status="PASS" start="2024-05-15T23:15:01.509207" elapsed="0.267240"/>
</kw>
<kw name="Set Variable" owner="BuiltIn">
<msg time="2024-05-15T23:15:01.777523" level="INFO">${json_data} = {'results': [{'gender': 'male', 'name': {'title': 'Mr', 'first': 'Priteche', 'last': 'Farias'}, 'location': {'street': {'number': 2427, 'name': 'Rua Vinte E Dois '}, 'city': 'Salto', 'state': 'Bahia',...</msg>
<var>${json_data}</var>
<arg>${response.json()}</arg>
<doc>Returns the given values which can then be assigned to a variables.</doc>
<status status="PASS" start="2024-05-15T23:15:01.776931" elapsed="0.000621"/>
</kw>
<kw name="Set Variable" owner="BuiltIn">
<msg time="2024-05-15T23:15:01.778247" level="INFO">${name_title} = Mr</msg>
<var>${name_title}</var>
<arg>${json_data["results"][0]["name"]["title"]}</arg>
<doc>Returns the given values which can then be assigned to a variables.</doc>
<status status="PASS" start="2024-05-15T23:15:01.777860" elapsed="0.000413"/>
</kw>
<kw name="Create List" owner="BuiltIn">
<msg time="2024-05-15T23:15:01.778773" level="INFO">${allowed_titles} = ['Mr', 'Ms', 'Miss', 'Mrs', 'Madame', 'Monsieur']</msg>
<var>${allowed_titles}</var>
<arg>Mr</arg>
<arg>Ms</arg>
<arg>Miss</arg>
<arg>Mrs</arg>
<arg>Madame</arg>
<arg>Monsieur</arg>
<doc>Returns a list containing given items.</doc>
<status status="PASS" start="2024-05-15T23:15:01.778575" elapsed="0.000238"/>
</kw>
<kw name="List Should Contain Value" owner="Collections">
<msg time="2024-05-15T23:15:01.779461" level="INFO">False</msg>
<arg>${allowed_titles}</arg>
<arg>${name_title}</arg>
<doc>Fails if the ``value`` is not found from ``list``.</doc>
<status status="PASS" start="2024-05-15T23:15:01.779206" elapsed="0.000318"/>
</kw>
<kw name="Set Variable" owner="BuiltIn">
<msg time="2024-05-15T23:15:01.780274" level="INFO">${name_country} = BR</msg>
<var>${name_country}</var>
<arg>${json_data["results"][0]["nat"]}</arg>
<doc>Returns the given values which can then be assigned to a variables.</doc>
<status status="PASS" start="2024-05-15T23:15:01.779878" elapsed="0.000423"/>
</kw>
<kw name="Create List" owner="BuiltIn">
<msg time="2024-05-15T23:15:01.781247" level="INFO">${list_country} = ['AD', 'AE', 'AF', 'AG', 'AI', 'AL', 'AM', 'AO', 'AQ', 'AR', 'AS', 'AT', 'AU', 'AW', 'AX', 'AZ', 'BA', 'BB', 'BD', 'BE', 'BF', 'BG', 'BH', 'BI', 'BJ', 'BL', 'BM', 'BN', 'BO', 'BQ', 'BR', 'BS', 'BT', '...</msg>
<var>${list_country}</var>
<arg>AD</arg>
<arg>AE</arg>
<arg>AF</arg>
<arg>AG</arg>
<arg>AI</arg>
<arg>AL</arg>
<arg>AM</arg>
<arg>AO</arg>
<arg>AQ</arg>
<arg>AR</arg>
<arg>AS</arg>
<arg>AT</arg>
<arg>AU</arg>
<arg>AW</arg>
<arg>AX</arg>
<arg>AZ</arg>
<arg>BA</arg>
<arg>BB</arg>
<arg>BD</arg>
<arg>BE</arg>
<arg>BF</arg>
<arg>BG</arg>
<arg>BH</arg>
<arg>BI</arg>
<arg>BJ</arg>
<arg>BL</arg>
<arg>BM</arg>
<arg>BN</arg>
<arg>BO</arg>
<arg>BQ</arg>
<arg>BR</arg>
<arg>BS</arg>
<arg>BT</arg>
<arg>BV</arg>
<arg>BW</arg>
<arg>BY</arg>
<arg>BZ</arg>
<arg>CA</arg>
<arg>CC</arg>
<arg>CD</arg>
<arg>CF</arg>
<arg>CG</arg>
<arg>CH</arg>
<arg>CI</arg>
<arg>CK</arg>
<arg>CL</arg>
<arg>CM</arg>
<arg>CN</arg>
<arg>CO</arg>
<arg>CR</arg>
<arg>CU</arg>
<arg>CV</arg>
<arg>CW</arg>
<arg>CX</arg>
<arg>CY</arg>
<arg>CZ</arg>
<arg>DE</arg>
<arg>DJ</arg>
<arg>DK</arg>
<arg>DM</arg>
<arg>DO</arg>
<arg>DZ</arg>
<arg>EC</arg>
<arg>EE</arg>
<arg>EG</arg>
<arg>EH</arg>
<arg>ER</arg>
<arg>ES</arg>
<arg>ET</arg>
<arg>FI</arg>
<arg>FJ</arg>
<arg>FK</arg>
<arg>FM</arg>
<arg>FO</arg>
<arg>FR</arg>
<arg>GA</arg>
<arg>GB</arg>
<arg>GD</arg>
<arg>GE</arg>
<arg>GF</arg>
<arg>GG</arg>
<arg>GH</arg>
<arg>GI</arg>
<arg>GL</arg>
<arg>GM</arg>
<arg>GN</arg>
<arg>GP</arg>
<arg>GQ</arg>
<arg>GR</arg>
<arg>GS</arg>
<arg>GT</arg>
<arg>GU</arg>
<arg>GW</arg>
<arg>GY</arg>
<arg>HK</arg>
<arg>HM</arg>
<arg>HN</arg>
<arg>HR</arg>
<arg>HT</arg>
<arg>HU</arg>
<arg>ID</arg>
<arg>IE</arg>
<arg>IL</arg>
<arg>IM</arg>
<arg>IN</arg>
<arg>IO</arg>
<arg>IQ</arg>
<arg>IR</arg>
<arg>IS</arg>
<arg>IT</arg>
<arg>JE</arg>
<arg>JM</arg>
<arg>JO</arg>
<arg>JP</arg>
<arg>KE</arg>
<arg>KG</arg>
<arg>KH</arg>
<arg>KI</arg>
<arg>KM</arg>
<arg>KN</arg>
<arg>KP</arg>
<arg>KR</arg>
<arg>KW</arg>
<arg>KY</arg>
<arg>KZ</arg>
<arg>LA</arg>
<arg>LB</arg>
<arg>LC</arg>
<arg>LI</arg>
<arg>LK</arg>
<arg>LR</arg>
<arg>LS</arg>
<arg>LT</arg>
<arg>LU</arg>
<arg>LV</arg>
<arg>LY</arg>
<arg>MA</arg>
<arg>MC</arg>
<arg>MD</arg>
<arg>ME</arg>
<arg>MF</arg>
<arg>MG</arg>
<arg>MH</arg>
<arg>MK</arg>
<arg>ML</arg>
<arg>MM</arg>
<arg>MN</arg>
<arg>MO</arg>
<arg>MP</arg>
<arg>MQ</arg>
<arg>MR</arg>
<arg>MS</arg>
<arg>MT</arg>
<arg>MU</arg>
<arg>MV</arg>
<arg>MW</arg>
<arg>MX</arg>
<arg>MY</arg>
<arg>MZ</arg>
<arg>NA</arg>
<arg>NC</arg>
<arg>NE</arg>
<arg>NF</arg>
<arg>NG</arg>
<arg>NI</arg>
<arg>NL</arg>
<arg>NO</arg>
<arg>NP</arg>
<arg>NR</arg>
<arg>NU</arg>
<arg>NZ</arg>
<arg>OM</arg>
<arg>PA</arg>
<arg>PE</arg>
<arg>PF</arg>
<arg>PG</arg>
<arg>PH</arg>
<arg>PK</arg>
<arg>PL</arg>
<arg>PM</arg>
<arg>PN</arg>
<arg>PR</arg>
<arg>PS</arg>
<arg>PT</arg>
<arg>PW</arg>
<arg>PY</arg>
<arg>QA</arg>
<arg>RE</arg>
<arg>RO</arg>
<arg>RS</arg>
<arg>RU</arg>
<arg>RW</arg>
<arg>SA</arg>
<arg>SB</arg>
<arg>SC</arg>
<arg>SD</arg>
<arg>SE</arg>
<arg>SG</arg>
<arg>SH</arg>
<arg>SI</arg>
<arg>SJ</arg>
<arg>SK</arg>
<arg>SL</arg>
<arg>SM</arg>
<arg>SN</arg>
<arg>SO</arg>
<arg>SR</arg>
<arg>SS</arg>
<arg>ST</arg>
<arg>SV</arg>
<arg>SX</arg>
<arg>SY</arg>
<arg>SZ</arg>
<arg>TC</arg>
<arg>TD</arg>
<arg>TF</arg>
<arg>TG</arg>
<arg>TH</arg>
<arg>TJ</arg>
<arg>TK</arg>
<arg>TL</arg>
<arg>TM</arg>
<arg>TN</arg>
<arg>TO</arg>
<arg>TR</arg>
<arg>TT</arg>
<arg>TV</arg>
<arg>TW</arg>
<arg>TZ</arg>
<arg>UA</arg>
<arg>UG</arg>
<arg>UM</arg>
<arg>US</arg>
<arg>UY</arg>
<arg>UZ</arg>
<arg>VA</arg>
<arg>VC</arg>
<arg>VE</arg>
<arg>VG</arg>
<arg>VI</arg>
<arg>VN</arg>
<arg>VU</arg>
<arg>WF</arg>
<arg>WS</arg>
<arg>XK</arg>
<arg>YE</arg>
<arg>YT</arg>
<arg>ZA</arg>
<arg>ZM</arg>
<arg>ZW</arg>
<doc>Returns a list containing given items.</doc>
<status status="PASS" start="2024-05-15T23:15:01.780642" elapsed="0.000649"/>
</kw>
<kw name="List Should Contain Value" owner="Collections">
<msg time="2024-05-15T23:15:01.782352" level="INFO">False</msg>
<arg>${list_country}</arg>
<arg>${name_country}</arg>
<doc>Fails if the ``value`` is not found from ``list``.</doc>
<status status="PASS" start="2024-05-15T23:15:01.782148" elapsed="0.000241"/>
</kw>
<kw name="Run Keyword If" owner="BuiltIn">
<kw name="Should Be True" owner="BuiltIn">
<arg>${True}</arg>
<doc>Fails if the given condition is not true.</doc>
<status status="PASS" start="2024-05-15T23:15:01.783448" elapsed="0.000247"/>
</kw>
<arg>${json_data["results"][0]["location"]["coordinates"]["latitude"]} &gt;= -90 and ${json_data["results"][0]["location"]["coordinates"]["latitude"]} &lt;= 90</arg>
<arg>Should Be True</arg>
<arg>${True}</arg>
<doc>Runs the given keyword with the given arguments, if ``condition`` is true.</doc>
<status status="PASS" start="2024-05-15T23:15:01.782700" elapsed="0.001172"/>
</kw>
<kw name="Run Keyword If" owner="BuiltIn">
<kw name="Should Be True" owner="BuiltIn">
<arg>${True}</arg>
<doc>Fails if the given condition is not true.</doc>
<status status="PASS" start="2024-05-15T23:15:01.784772" elapsed="0.000141"/>
</kw>
<arg>${json_data["results"][0]["location"]["coordinates"]["longitude"]} &gt;= -180 and ${json_data["results"][0]["location"]["coordinates"]["longitude"]} &lt;= 180</arg>
<arg>Should Be True</arg>
<arg>${True}</arg>
<doc>Runs the given keyword with the given arguments, if ``condition`` is true.</doc>
<status status="PASS" start="2024-05-15T23:15:01.784065" elapsed="0.000973"/>
</kw>
<status status="PASS" start="2024-05-15T23:15:01.508985" elapsed="0.276184"/>
</kw>
<doc>Testa o conteúdo específico dos campos retornados pela API.</doc>
<tag>testeConteudo</tag>
<status status="PASS" start="2024-05-15T23:15:01.508500" elapsed="0.276818"/>
</test>
<status status="PASS" start="2024-05-15T23:15:00.807578" elapsed="0.979674"/>
</suite>
<status status="PASS" start="2024-05-15T23:15:00.793896" elapsed="0.998559"/>
</suite>
<statistics>
<total>
<stat pass="5" fail="0" skip="0">All Tests</stat>
</total>
<tag>
<stat pass="1" fail="0" skip="0">testeConteudo</stat>
<stat pass="1" fail="0" skip="0">testeEstruturaResposta</stat>
<stat pass="1" fail="0" skip="0">testeRequisicaoBasica</stat>
<stat pass="1" fail="0" skip="0">testeTiposDados</stat>
</tag>
<suite>
<stat pass="5" fail="0" skip="0" id="s1" name="Tests">Tests</stat>
<stat pass="5" fail="0" skip="0" id="s1-s1" name="Random-User-Test">Tests.Random-User-Test</stat>
</suite>
</statistics>
<errors>
</errors>
</robot>
