<?xml version="1.0" encoding="UTF-8"?>
<robot generator="Robot 7.0.1 (Python 3.12.4 on linux)" generated="2024-07-04T10:15:42.707879" rpa="false" schemaversion="5">
<suite id="s1" name="Tests" source="/home/runner/work/ApiRandomUser/ApiRandomUser/RamdonUser/tests">
<suite id="s1-s1" name="Random-User-Test" source="/home/runner/work/ApiRandomUser/ApiRandomUser/RamdonUser/tests/random-user-test.robot">
<test id="s1-s1-t1" name="Conectar" line="13">
<kw name="Conectar API" owner="random-user-service">
<kw name="Create Session" owner="RequestsLibrary">
<msg time="2024-07-04T10:15:43.129931" level="INFO">Creating Session using : alias=consultarAPI, url=https://randomuser.me/, headers={},                     cookies={}, auth=None, timeout=None, proxies=None, verify=False,                     debug=0 </msg>
<arg>consultarAPI</arg>
<arg>${URL}</arg>
<doc>Create Session: create a HTTP session to a server</doc>
<status status="PASS" start="2024-07-04T10:15:43.129699" elapsed="0.000439"/>
</kw>
<status status="PASS" start="2024-07-04T10:15:43.128670" elapsed="0.001863"/>
</kw>
<status status="PASS" start="2024-07-04T10:15:43.128003" elapsed="0.002736"/>
</test>
<test id="s1-s1-t2" name="Validar retorno 200 e JSON Válido" line="16">
<kw name="Teste de Requisicao Basica" owner="random-user-service">
<kw name="GET On Session" owner="RequestsLibrary">
<msg time="2024-07-04T10:15:43.435026" level="INFO">GET Request : url=https://randomuser.me/api 
 path_url=/api 
 headers={'User-Agent': 'python-requests/2.32.3', 'Accept-Encoding': 'gzip, deflate', 'Accept': '*/*', 'Connection': 'keep-alive'} 
 body=None 
 </msg>
<msg time="2024-07-04T10:15:43.435185" level="INFO">GET Response : url=https://randomuser.me/api 
 status=200, reason=OK 
 headers={'Date': 'Thu, 04 Jul 2024 10:15:43 GMT', 'Content-Type': 'application/json; charset=utf-8', 'Transfer-Encoding': 'chunked', 'Connection': 'keep-alive', 'X-Powered-By': 'Express', 'Access-Control-Allow-Origin': '*', 'Cache-Control': 'no-cache', 'ETag': 'W/"47f-adDHctfoCEydwLNFg5v/Lf/yxfE"', 'Vary': 'Accept-Encoding', 'Content-Encoding': 'gzip', 'CF-Cache-Status': 'DYNAMIC', 'Report-To': '{"endpoints":[{"url":"https:\\/\\/a.nel.cloudflare.com\\/report\\/v4?s=5y0tL98WfYngOgSBSHxm4LfpAYH45VZplW%2B13Ab2ibom77CxV7ekZ3%2FE0KXeugw4lZGS0T2YKG%2BE%2FilzLysDCx0pJOGF0OTOb%2FxNHzlqj%2BqcjFCoORicGSpscaTm0f%2F%2F"}],"group":"cf-nel","max_age":604800}', 'NEL': '{"success_fraction":0,"report_to":"cf-nel","max_age":604800}', 'Server': 'cloudflare', 'CF-RAY': '89de5b1008635077-ORD', 'alt-svc': 'h3=":443"; ma=86400'} 
 body={"results":[{"gender":"male","name":{"title":"Mr","first":"Hugo","last":"Mahamed"},"location":{"street":{"number":5036,"name":"Lindebergveien"},"city":"Visnes","state":"Sogn og Fjordane","country":"Norway","postcode":"3744","coordinates":{"latitude":"43.6124","longitude":"-69.0122"},"timezone":{"offset":"+2:00","description":"Kaliningrad, South Africa"}},"email":"hugo.mahamed@example.com","login":{"uuid":"58888fa0-11b8-4d7f-acbc-23aa13ffa7ca","username":"sadpeacock261","password":"samantha","salt":"heRF3E9P","md5":"a58eec4aec49f9eac2a254c27cc9740d","sha1":"abe2f51c34d9c9f80303c7787a3b0eeeac668fef","sha256":"f3240477d250f3d52f1b54705f068e65ea9754069229624660d4a4c5614b57a1"},"dob":{"date":"1957-05-10T07:39:59.435Z","age":67},"registered":{"date":"2015-10-06T19:16:16.211Z","age":8},"phone":"22996476","cell":"48744705","id":{"name":"FN","value":"10055710304"},"picture":{"large":"https://randomuser.me/api/portraits/men/66.jpg","medium":"https://randomuser.me/api/portraits/med/men/66.jpg","thumbnail":"https://randomuser.me/api/portraits/thumb/men/66.jpg"},"nat":"NO"}],"info":{"seed":"fe58740b05a5b784","results":1,"page":1,"version":"1.4"}} 
 </msg>
<msg time="2024-07-04T10:15:43.435278" level="INFO">/opt/hostedtoolcache/Python/3.12.4/x64/lib/python3.12/site-packages/urllib3/connectionpool.py:1099: InsecureRequestWarning: Unverified HTTPS request is being made to host 'randomuser.me'. Adding certificate verification is strongly advised. See: https://urllib3.readthedocs.io/en/latest/advanced-usage.html#tls-warnings
  warnings.warn(</msg>
<msg time="2024-07-04T10:15:43.435422" level="INFO">${response} = &lt;Response [200]&gt;</msg>
<var>${response}</var>
<arg>consultarAPI</arg>
<arg>/api</arg>
<doc>Sends a GET request on a previously created HTTP Session.</doc>
<status status="PASS" start="2024-07-04T10:15:43.133472" elapsed="0.301993"/>
</kw>
<kw name="Should Be Equal As Numbers" owner="BuiltIn">
<msg time="2024-07-04T10:15:43.436590" level="INFO">Argument types are:
&lt;class 'int'&gt;
&lt;class 'str'&gt;</msg>
<arg>${response.status_code}</arg>
<arg>200</arg>
<doc>Fails if objects are unequal after converting them to real numbers.</doc>
<status status="PASS" start="2024-07-04T10:15:43.436059" elapsed="0.000603"/>
</kw>
<kw name="Log" owner="BuiltIn">
<msg time="2024-07-04T10:15:43.437419" level="INFO">200</msg>
<arg>${response.status_code}</arg>
<doc>Logs the given message with the given level.</doc>
<status status="PASS" start="2024-07-04T10:15:43.437044" elapsed="0.000421"/>
</kw>
<kw name="Set Variable" owner="BuiltIn">
<msg time="2024-07-04T10:15:43.438250" level="INFO">${json_data} = {'results': [{'gender': 'male', 'name': {'title': 'Mr', 'first': 'Hugo', 'last': 'Mahamed'}, 'location': {'street': {'number': 5036, 'name': 'Lindebergveien'}, 'city': 'Visnes', 'state': 'Sogn og Fjor...</msg>
<var>${json_data}</var>
<arg>${response.json()}</arg>
<doc>Returns the given values which can then be assigned to a variables.</doc>
<status status="PASS" start="2024-07-04T10:15:43.437792" elapsed="0.000489"/>
</kw>
<kw name="Dictionary Should Contain Key" owner="Collections">
<arg>${json_data}</arg>
<arg>results</arg>
<doc>Fails if ``key`` is not found from ``dictionary``.</doc>
<status status="PASS" start="2024-07-04T10:15:43.438592" elapsed="0.000172"/>
</kw>
<status status="PASS" start="2024-07-04T10:15:43.133205" elapsed="0.305722"/>
</kw>
<doc>Testa se a API responde corretamente e retorna um objeto JSON válido.</doc>
<tag>testeRequisicaoBasica</tag>
<status status="PASS" start="2024-07-04T10:15:43.132704" elapsed="0.306407"/>
</test>
<test id="s1-s1-t3" name="Validar estrutura de resposta" line="22">
<kw name="Teste de Estrutura de Resposta" owner="random-user-service">
<kw name="GET On Session" owner="RequestsLibrary">
<msg time="2024-07-04T10:15:43.537962" level="INFO">GET Request : url=https://randomuser.me/api 
 path_url=/api 
 headers={'User-Agent': 'python-requests/2.32.3', 'Accept-Encoding': 'gzip, deflate', 'Accept': '*/*', 'Connection': 'keep-alive'} 
 body=None 
 </msg>
<msg time="2024-07-04T10:15:43.538072" level="INFO">GET Response : url=https://randomuser.me/api 
 status=200, reason=OK 
 headers={'Date': 'Thu, 04 Jul 2024 10:15:43 GMT', 'Content-Type': 'application/json; charset=utf-8', 'Transfer-Encoding': 'chunked', 'Connection': 'keep-alive', 'X-Powered-By': 'Express', 'Access-Control-Allow-Origin': '*', 'Cache-Control': 'no-cache', 'ETag': 'W/"49c-cFJTX3hpHOVIKrOGGQsHGSRYXSw"', 'Vary': 'Accept-Encoding', 'Content-Encoding': 'gzip', 'CF-Cache-Status': 'DYNAMIC', 'Report-To': '{"endpoints":[{"url":"https:\\/\\/a.nel.cloudflare.com\\/report\\/v4?s=CYuhFBABZYEzkCD7lj5gyKcXVSS9k9XNIrRLdBJ3qprqdbH8KhGxDhhE0THX8NaF05IkFVgbIVIPmI7LaHqeQgeH83waxiLM%2B6dxeiEDcqx5gRZ%2FLNA%2FzS%2FUdP9hUha3"}],"group":"cf-nel","max_age":604800}', 'NEL': '{"success_fraction":0,"report_to":"cf-nel","max_age":604800}', 'Server': 'cloudflare', 'CF-RAY': '89de5b1088a95077-ORD', 'alt-svc': 'h3=":443"; ma=86400'} 
 body={"results":[{"gender":"female","name":{"title":"Mrs","first":"Saida","last":"Sikma"},"location":{"street":{"number":2502,"name":"Burgemeester Beenenstraat"},"city":"Ijsselstein Ut","state":"Groningen","country":"Netherlands","postcode":"0547 QM","coordinates":{"latitude":"34.5048","longitude":"103.4007"},"timezone":{"offset":"+6:00","description":"Almaty, Dhaka, Colombo"}},"email":"saida.sikma@example.com","login":{"uuid":"da6c4365-5711-47c7-8181-6847ace445ce","username":"bigkoala576","password":"leelee","salt":"DfeCVEFe","md5":"bd4fc108c3b07f8bb0ad17350dba5645","sha1":"4bf981c8c30d085b40eb795f31ac98021660b244","sha256":"854285598f8d08f1cdb780cb3ede37a5dc61512518053eeb72e710ac63cc3a25"},"dob":{"date":"1959-03-09T17:30:48.697Z","age":65},"registered":{"date":"2011-12-25T17:57:45.357Z","age":12},"phone":"(0188) 591296","cell":"(06) 77528604","id":{"name":"BSN","value":"87257491"},"picture":{"large":"https://randomuser.me/api/portraits/women/65.jpg","medium":"https://randomuser.me/api/portraits/med/women/65.jpg","thumbnail":"https://randomuser.me/api/portraits/thumb/women/65.jpg"},"nat":"NL"}],"info":{"seed":"19b3653319fb98ba","results":1,"page":1,"version":"1.4"}} 
 </msg>
<msg time="2024-07-04T10:15:43.538202" level="INFO">/opt/hostedtoolcache/Python/3.12.4/x64/lib/python3.12/site-packages/urllib3/connectionpool.py:1099: InsecureRequestWarning: Unverified HTTPS request is being made to host 'randomuser.me'. Adding certificate verification is strongly advised. See: https://urllib3.readthedocs.io/en/latest/advanced-usage.html#tls-warnings
  warnings.warn(</msg>
<msg time="2024-07-04T10:15:43.538327" level="INFO">${response} = &lt;Response [200]&gt;</msg>
<var>${response}</var>
<arg>consultarAPI</arg>
<arg>/api</arg>
<doc>Sends a GET request on a previously created HTTP Session.</doc>
<status status="PASS" start="2024-07-04T10:15:43.441862" elapsed="0.096497"/>
</kw>
<kw name="Set Variable" owner="BuiltIn">
<msg time="2024-07-04T10:15:43.539433" level="INFO">${json_data} = {'results': [{'gender': 'female', 'name': {'title': 'Mrs', 'first': 'Saida', 'last': 'Sikma'}, 'location': {'street': {'number': 2502, 'name': 'Burgemeester Beenenstraat'}, 'city': 'Ijsselstein Ut', '...</msg>
<var>${json_data}</var>
<arg>${response.json()}</arg>
<doc>Returns the given values which can then be assigned to a variables.</doc>
<status status="PASS" start="2024-07-04T10:15:43.538913" elapsed="0.000549"/>
</kw>
<kw name="Log" owner="BuiltIn">
<msg time="2024-07-04T10:15:43.539940" level="INFO">{'results': [{'gender': 'female', 'name': {'title': 'Mrs', 'first': 'Saida', 'last': 'Sikma'}, 'location': {'street': {'number': 2502, 'name': 'Burgemeester Beenenstraat'}, 'city': 'Ijsselstein Ut', 'state': 'Groningen', 'country': 'Netherlands', 'postcode': '0547 QM', 'coordinates': {'latitude': '34.5048', 'longitude': '103.4007'}, 'timezone': {'offset': '+6:00', 'description': 'Almaty, Dhaka, Colombo'}}, 'email': 'saida.sikma@example.com', 'login': {'uuid': 'da6c4365-5711-47c7-8181-6847ace445ce', 'username': 'bigkoala576', 'password': 'leelee', 'salt': 'DfeCVEFe', 'md5': 'bd4fc108c3b07f8bb0ad17350dba5645', 'sha1': '4bf981c8c30d085b40eb795f31ac98021660b244', 'sha256': '854285598f8d08f1cdb780cb3ede37a5dc61512518053eeb72e710ac63cc3a25'}, 'dob': {'date': '1959-03-09T17:30:48.697Z', 'age': 65}, 'registered': {'date': '2011-12-25T17:57:45.357Z', 'age': 12}, 'phone': '(0188) 591296', 'cell': '(06) 77528604', 'id': {'name': 'BSN', 'value': '87257491'}, 'picture': {'large': 'https://randomuser.me/api/portraits/women/65.jpg', 'medium': 'https://randomuser.me/api/portraits/med/women/65.jpg', 'thumbnail': 'https://randomuser.me/api/portraits/thumb/women/65.jpg'}, 'nat': 'NL'}], 'info': {'seed': '19b3653319fb98ba', 'results': 1, 'page': 1, 'version': '1.4'}}</msg>
<arg>${json_data}</arg>
<doc>Logs the given message with the given level.</doc>
<status status="PASS" start="2024-07-04T10:15:43.539780" elapsed="0.000210"/>
</kw>
<kw name="Dictionary Should Contain Key" owner="Collections">
<arg>${json_data}</arg>
<arg>results</arg>
<doc>Fails if ``key`` is not found from ``dictionary``.</doc>
<status status="PASS" start="2024-07-04T10:15:43.540279" elapsed="0.000203"/>
</kw>
<kw name="Should Not Be Empty" owner="BuiltIn">
<msg time="2024-07-04T10:15:43.540820" level="INFO">Length is 2.</msg>
<arg>${json_data}</arg>
<doc>Verifies that the given item is not empty.</doc>
<status status="PASS" start="2024-07-04T10:15:43.540684" elapsed="0.000175"/>
</kw>
<kw name="Create List" owner="BuiltIn">
<msg time="2024-07-04T10:15:43.541463" level="INFO">${expected_keys} = ['gender', 'name', 'location', 'email', 'login']</msg>
<var>${expected_keys}</var>
<arg>gender</arg>
<arg>name</arg>
<arg>location</arg>
<arg>email</arg>
<arg>login</arg>
<doc>Returns a list containing given items.</doc>
<status status="PASS" start="2024-07-04T10:15:43.541156" elapsed="0.000331"/>
</kw>
<for flavor="IN">
<iter>
<kw name="Dictionary Should Contain Key" owner="Collections">
<arg>${json_data['results'][0]}</arg>
<arg>${key}</arg>
<doc>Fails if ``key`` is not found from ``dictionary``.</doc>
<status status="PASS" start="2024-07-04T10:15:43.542080" elapsed="0.000403"/>
</kw>
<kw name="Log" owner="BuiltIn">
<msg time="2024-07-04T10:15:43.543034" level="INFO">{'gender': 'female', 'name': {'title': 'Mrs', 'first': 'Saida', 'last': 'Sikma'}, 'location': {'street': {'number': 2502, 'name': 'Burgemeester Beenenstraat'}, 'city': 'Ijsselstein Ut', 'state': 'Groningen', 'country': 'Netherlands', 'postcode': '0547 QM', 'coordinates': {'latitude': '34.5048', 'longitude': '103.4007'}, 'timezone': {'offset': '+6:00', 'description': 'Almaty, Dhaka, Colombo'}}, 'email': 'saida.sikma@example.com', 'login': {'uuid': 'da6c4365-5711-47c7-8181-6847ace445ce', 'username': 'bigkoala576', 'password': 'leelee', 'salt': 'DfeCVEFe', 'md5': 'bd4fc108c3b07f8bb0ad17350dba5645', 'sha1': '4bf981c8c30d085b40eb795f31ac98021660b244', 'sha256': '854285598f8d08f1cdb780cb3ede37a5dc61512518053eeb72e710ac63cc3a25'}, 'dob': {'date': '1959-03-09T17:30:48.697Z', 'age': 65}, 'registered': {'date': '2011-12-25T17:57:45.357Z', 'age': 12}, 'phone': '(0188) 591296', 'cell': '(06) 77528604', 'id': {'name': 'BSN', 'value': '87257491'}, 'picture': {'large': 'https://randomuser.me/api/portraits/women/65.jpg', 'medium': 'https://randomuser.me/api/portraits/med/women/65.jpg', 'thumbnail': 'https://randomuser.me/api/portraits/thumb/women/65.jpg'}, 'nat': 'NL'}</msg>
<arg>${json_data['results'][0]}</arg>
<doc>Logs the given message with the given level.</doc>
<status status="PASS" start="2024-07-04T10:15:43.542667" elapsed="0.000417"/>
</kw>
<kw name="Log" owner="BuiltIn">
<msg time="2024-07-04T10:15:43.543507" level="INFO">gender</msg>
<arg>${key}</arg>
<doc>Logs the given message with the given level.</doc>
<status status="PASS" start="2024-07-04T10:15:43.543381" elapsed="0.000164"/>
</kw>
<var name="${key}">gender</var>
<status status="PASS" start="2024-07-04T10:15:43.541945" elapsed="0.001816"/>
</iter>
<iter>
<kw name="Dictionary Should Contain Key" owner="Collections">
<arg>${json_data['results'][0]}</arg>
<arg>${key}</arg>
<doc>Fails if ``key`` is not found from ``dictionary``.</doc>
<status status="PASS" start="2024-07-04T10:15:43.544065" elapsed="0.000415"/>
</kw>
<kw name="Log" owner="BuiltIn">
<msg time="2024-07-04T10:15:43.545052" level="INFO">{'gender': 'female', 'name': {'title': 'Mrs', 'first': 'Saida', 'last': 'Sikma'}, 'location': {'street': {'number': 2502, 'name': 'Burgemeester Beenenstraat'}, 'city': 'Ijsselstein Ut', 'state': 'Groningen', 'country': 'Netherlands', 'postcode': '0547 QM', 'coordinates': {'latitude': '34.5048', 'longitude': '103.4007'}, 'timezone': {'offset': '+6:00', 'description': 'Almaty, Dhaka, Colombo'}}, 'email': 'saida.sikma@example.com', 'login': {'uuid': 'da6c4365-5711-47c7-8181-6847ace445ce', 'username': 'bigkoala576', 'password': 'leelee', 'salt': 'DfeCVEFe', 'md5': 'bd4fc108c3b07f8bb0ad17350dba5645', 'sha1': '4bf981c8c30d085b40eb795f31ac98021660b244', 'sha256': '854285598f8d08f1cdb780cb3ede37a5dc61512518053eeb72e710ac63cc3a25'}, 'dob': {'date': '1959-03-09T17:30:48.697Z', 'age': 65}, 'registered': {'date': '2011-12-25T17:57:45.357Z', 'age': 12}, 'phone': '(0188) 591296', 'cell': '(06) 77528604', 'id': {'name': 'BSN', 'value': '87257491'}, 'picture': {'large': 'https://randomuser.me/api/portraits/women/65.jpg', 'medium': 'https://randomuser.me/api/portraits/med/women/65.jpg', 'thumbnail': 'https://randomuser.me/api/portraits/thumb/women/65.jpg'}, 'nat': 'NL'}</msg>
<arg>${json_data['results'][0]}</arg>
<doc>Logs the given message with the given level.</doc>
<status status="PASS" start="2024-07-04T10:15:43.544666" elapsed="0.000435"/>
</kw>
<kw name="Log" owner="BuiltIn">
<msg time="2024-07-04T10:15:43.545574" level="INFO">name</msg>
<arg>${key}</arg>
<doc>Logs the given message with the given level.</doc>
<status status="PASS" start="2024-07-04T10:15:43.545395" elapsed="0.000232"/>
</kw>
<var name="${key}">name</var>
<status status="PASS" start="2024-07-04T10:15:43.543949" elapsed="0.001958"/>
</iter>
<iter>
<kw name="Dictionary Should Contain Key" owner="Collections">
<arg>${json_data['results'][0]}</arg>
<arg>${key}</arg>
<doc>Fails if ``key`` is not found from ``dictionary``.</doc>
<status status="PASS" start="2024-07-04T10:15:43.546201" elapsed="0.000382"/>
</kw>
<kw name="Log" owner="BuiltIn">
<msg time="2024-07-04T10:15:43.547111" level="INFO">{'gender': 'female', 'name': {'title': 'Mrs', 'first': 'Saida', 'last': 'Sikma'}, 'location': {'street': {'number': 2502, 'name': 'Burgemeester Beenenstraat'}, 'city': 'Ijsselstein Ut', 'state': 'Groningen', 'country': 'Netherlands', 'postcode': '0547 QM', 'coordinates': {'latitude': '34.5048', 'longitude': '103.4007'}, 'timezone': {'offset': '+6:00', 'description': 'Almaty, Dhaka, Colombo'}}, 'email': 'saida.sikma@example.com', 'login': {'uuid': 'da6c4365-5711-47c7-8181-6847ace445ce', 'username': 'bigkoala576', 'password': 'leelee', 'salt': 'DfeCVEFe', 'md5': 'bd4fc108c3b07f8bb0ad17350dba5645', 'sha1': '4bf981c8c30d085b40eb795f31ac98021660b244', 'sha256': '854285598f8d08f1cdb780cb3ede37a5dc61512518053eeb72e710ac63cc3a25'}, 'dob': {'date': '1959-03-09T17:30:48.697Z', 'age': 65}, 'registered': {'date': '2011-12-25T17:57:45.357Z', 'age': 12}, 'phone': '(0188) 591296', 'cell': '(06) 77528604', 'id': {'name': 'BSN', 'value': '87257491'}, 'picture': {'large': 'https://randomuser.me/api/portraits/women/65.jpg', 'medium': 'https://randomuser.me/api/portraits/med/women/65.jpg', 'thumbnail': 'https://randomuser.me/api/portraits/thumb/women/65.jpg'}, 'nat': 'NL'}</msg>
<arg>${json_data['results'][0]}</arg>
<doc>Logs the given message with the given level.</doc>
<status status="PASS" start="2024-07-04T10:15:43.546762" elapsed="0.000396"/>
</kw>
<kw name="Log" owner="BuiltIn">
<msg time="2024-07-04T10:15:43.547586" level="INFO">location</msg>
<arg>${key}</arg>
<doc>Logs the given message with the given level.</doc>
<status status="PASS" start="2024-07-04T10:15:43.547458" elapsed="0.000165"/>
</kw>
<var name="${key}">location</var>
<status status="PASS" start="2024-07-04T10:15:43.546090" elapsed="0.001749"/>
</iter>
<iter>
<kw name="Dictionary Should Contain Key" owner="Collections">
<arg>${json_data['results'][0]}</arg>
<arg>${key}</arg>
<doc>Fails if ``key`` is not found from ``dictionary``.</doc>
<status status="PASS" start="2024-07-04T10:15:43.548121" elapsed="0.000432"/>
</kw>
<kw name="Log" owner="BuiltIn">
<msg time="2024-07-04T10:15:43.549093" level="INFO">{'gender': 'female', 'name': {'title': 'Mrs', 'first': 'Saida', 'last': 'Sikma'}, 'location': {'street': {'number': 2502, 'name': 'Burgemeester Beenenstraat'}, 'city': 'Ijsselstein Ut', 'state': 'Groningen', 'country': 'Netherlands', 'postcode': '0547 QM', 'coordinates': {'latitude': '34.5048', 'longitude': '103.4007'}, 'timezone': {'offset': '+6:00', 'description': 'Almaty, Dhaka, Colombo'}}, 'email': 'saida.sikma@example.com', 'login': {'uuid': 'da6c4365-5711-47c7-8181-6847ace445ce', 'username': 'bigkoala576', 'password': 'leelee', 'salt': 'DfeCVEFe', 'md5': 'bd4fc108c3b07f8bb0ad17350dba5645', 'sha1': '4bf981c8c30d085b40eb795f31ac98021660b244', 'sha256': '854285598f8d08f1cdb780cb3ede37a5dc61512518053eeb72e710ac63cc3a25'}, 'dob': {'date': '1959-03-09T17:30:48.697Z', 'age': 65}, 'registered': {'date': '2011-12-25T17:57:45.357Z', 'age': 12}, 'phone': '(0188) 591296', 'cell': '(06) 77528604', 'id': {'name': 'BSN', 'value': '87257491'}, 'picture': {'large': 'https://randomuser.me/api/portraits/women/65.jpg', 'medium': 'https://randomuser.me/api/portraits/med/women/65.jpg', 'thumbnail': 'https://randomuser.me/api/portraits/thumb/women/65.jpg'}, 'nat': 'NL'}</msg>
<arg>${json_data['results'][0]}</arg>
<doc>Logs the given message with the given level.</doc>
<status status="PASS" start="2024-07-04T10:15:43.548740" elapsed="0.000401"/>
</kw>
<kw name="Log" owner="BuiltIn">
<msg time="2024-07-04T10:15:43.549583" level="INFO">email</msg>
<arg>${key}</arg>
<doc>Logs the given message with the given level.</doc>
<status status="PASS" start="2024-07-04T10:15:43.549457" elapsed="0.000165"/>
</kw>
<var name="${key}">email</var>
<status status="PASS" start="2024-07-04T10:15:43.548013" elapsed="0.001835"/>
</iter>
<iter>
<kw name="Dictionary Should Contain Key" owner="Collections">
<arg>${json_data['results'][0]}</arg>
<arg>${key}</arg>
<doc>Fails if ``key`` is not found from ``dictionary``.</doc>
<status status="PASS" start="2024-07-04T10:15:43.550137" elapsed="0.000397"/>
</kw>
<kw name="Log" owner="BuiltIn">
<msg time="2024-07-04T10:15:43.551061" level="INFO">{'gender': 'female', 'name': {'title': 'Mrs', 'first': 'Saida', 'last': 'Sikma'}, 'location': {'street': {'number': 2502, 'name': 'Burgemeester Beenenstraat'}, 'city': 'Ijsselstein Ut', 'state': 'Groningen', 'country': 'Netherlands', 'postcode': '0547 QM', 'coordinates': {'latitude': '34.5048', 'longitude': '103.4007'}, 'timezone': {'offset': '+6:00', 'description': 'Almaty, Dhaka, Colombo'}}, 'email': 'saida.sikma@example.com', 'login': {'uuid': 'da6c4365-5711-47c7-8181-6847ace445ce', 'username': 'bigkoala576', 'password': 'leelee', 'salt': 'DfeCVEFe', 'md5': 'bd4fc108c3b07f8bb0ad17350dba5645', 'sha1': '4bf981c8c30d085b40eb795f31ac98021660b244', 'sha256': '854285598f8d08f1cdb780cb3ede37a5dc61512518053eeb72e710ac63cc3a25'}, 'dob': {'date': '1959-03-09T17:30:48.697Z', 'age': 65}, 'registered': {'date': '2011-12-25T17:57:45.357Z', 'age': 12}, 'phone': '(0188) 591296', 'cell': '(06) 77528604', 'id': {'name': 'BSN', 'value': '87257491'}, 'picture': {'large': 'https://randomuser.me/api/portraits/women/65.jpg', 'medium': 'https://randomuser.me/api/portraits/med/women/65.jpg', 'thumbnail': 'https://randomuser.me/api/portraits/thumb/women/65.jpg'}, 'nat': 'NL'}</msg>
<arg>${json_data['results'][0]}</arg>
<doc>Logs the given message with the given level.</doc>
<status status="PASS" start="2024-07-04T10:15:43.550716" elapsed="0.000392"/>
</kw>
<kw name="Log" owner="BuiltIn">
<msg time="2024-07-04T10:15:43.551524" level="INFO">login</msg>
<arg>${key}</arg>
<doc>Logs the given message with the given level.</doc>
<status status="PASS" start="2024-07-04T10:15:43.551401" elapsed="0.000160"/>
</kw>
<var name="${key}">login</var>
<status status="PASS" start="2024-07-04T10:15:43.550020" elapsed="0.001751"/>
</iter>
<var>${key}</var>
<value>@{expected_keys}</value>
<status status="PASS" start="2024-07-04T10:15:43.541750" elapsed="0.010144"/>
</for>
<kw name="Create List" owner="BuiltIn">
<msg time="2024-07-04T10:15:43.552276" level="INFO">${expected_keysTwo} = ['username', 'password']</msg>
<var>${expected_keysTwo}</var>
<arg>username</arg>
<arg>password</arg>
<doc>Returns a list containing given items.</doc>
<status status="PASS" start="2024-07-04T10:15:43.552129" elapsed="0.000172"/>
</kw>
<for flavor="IN">
<iter>
<kw name="Dictionary Should Contain Key" owner="Collections">
<arg>${json_data['results'][0]['login']}</arg>
<arg>${keyTwo}</arg>
<doc>Fails if ``key`` is not found from ``dictionary``.</doc>
<status status="PASS" start="2024-07-04T10:15:43.552854" elapsed="0.000384"/>
</kw>
<kw name="Dictionary Should Contain Key" owner="Collections">
<arg>${json_data['results'][0]['login']}</arg>
<arg>${keyTwo}</arg>
<doc>Fails if ``key`` is not found from ``dictionary``.</doc>
<status status="PASS" start="2024-07-04T10:15:43.553416" elapsed="0.000374"/>
</kw>
<kw name="Log" owner="BuiltIn">
<msg time="2024-07-04T10:15:43.554092" level="INFO">username</msg>
<arg>${keyTwo}</arg>
<doc>Logs the given message with the given level.</doc>
<status status="PASS" start="2024-07-04T10:15:43.553971" elapsed="0.000157"/>
</kw>
<var name="${keyTwo}">username</var>
<status status="PASS" start="2024-07-04T10:15:43.552746" elapsed="0.001608"/>
</iter>
<iter>
<kw name="Dictionary Should Contain Key" owner="Collections">
<arg>${json_data['results'][0]['login']}</arg>
<arg>${keyTwo}</arg>
<doc>Fails if ``key`` is not found from ``dictionary``.</doc>
<status status="PASS" start="2024-07-04T10:15:43.554640" elapsed="0.000379"/>
</kw>
<kw name="Dictionary Should Contain Key" owner="Collections">
<arg>${json_data['results'][0]['login']}</arg>
<arg>${keyTwo}</arg>
<doc>Fails if ``key`` is not found from ``dictionary``.</doc>
<status status="PASS" start="2024-07-04T10:15:43.555194" elapsed="0.000363"/>
</kw>
<kw name="Log" owner="BuiltIn">
<msg time="2024-07-04T10:15:43.555857" level="INFO">password</msg>
<arg>${keyTwo}</arg>
<doc>Logs the given message with the given level.</doc>
<status status="PASS" start="2024-07-04T10:15:43.555740" elapsed="0.000158"/>
</kw>
<var name="${keyTwo}">password</var>
<status status="PASS" start="2024-07-04T10:15:43.554534" elapsed="0.001688"/>
</iter>
<var>${keyTwo}</var>
<value>@{expected_keysTwo}</value>
<status status="PASS" start="2024-07-04T10:15:43.552583" elapsed="0.003759"/>
</for>
<status status="PASS" start="2024-07-04T10:15:43.441617" elapsed="0.114909"/>
</kw>
<doc>Testa a estrutura da resposta da API.</doc>
<tag>testeEstruturaResposta</tag>
<status status="PASS" start="2024-07-04T10:15:43.441053" elapsed="0.115633"/>
</test>
<test id="s1-s1-t4" name="Validar tipos de dados" line="28">
<kw name="Teste de Tipos de Dados" owner="random-user-service">
<kw name="GET On Session" owner="RequestsLibrary">
<msg time="2024-07-04T10:15:43.628799" level="INFO">GET Request : url=https://randomuser.me/api 
 path_url=/api 
 headers={'User-Agent': 'python-requests/2.32.3', 'Accept-Encoding': 'gzip, deflate', 'Accept': '*/*', 'Connection': 'keep-alive'} 
 body=None 
 </msg>
<msg time="2024-07-04T10:15:43.628998" level="INFO">GET Response : url=https://randomuser.me/api 
 status=200, reason=OK 
 headers={'Date': 'Thu, 04 Jul 2024 10:15:43 GMT', 'Content-Type': 'application/json; charset=utf-8', 'Transfer-Encoding': 'chunked', 'Connection': 'keep-alive', 'X-Powered-By': 'Express', 'Access-Control-Allow-Origin': '*', 'Cache-Control': 'no-cache', 'ETag': 'W/"48c-j38JkkQ8foHo6zl4nIQv1++ZYSs"', 'Vary': 'Accept-Encoding', 'Content-Encoding': 'gzip', 'CF-Cache-Status': 'DYNAMIC', 'Report-To': '{"endpoints":[{"url":"https:\\/\\/a.nel.cloudflare.com\\/report\\/v4?s=mLIAyVFwy6MItEbVdaMfv%2FttZK6aYT3vKjDvTmaI1XuQYUaUC1xDnCk87RP9ESXMZpMi0iTkhFg%2BUtst%2BYobxTM70q2uiTDY5dRj8KznNm0llfRJYYzD5WzOsfxnZ3S5"}],"group":"cf-nel","max_age":604800}', 'NEL': '{"success_fraction":0,"report_to":"cf-nel","max_age":604800}', 'Server': 'cloudflare', 'CF-RAY': '89de5b1149775077-ORD', 'alt-svc': 'h3=":443"; ma=86400'} 
 body={"results":[{"gender":"female","name":{"title":"Ms","first":"Katie","last":"Wilson"},"location":{"street":{"number":1362,"name":"Chatham Road"},"city":"Wellington","state":"Waikato","country":"New Zealand","postcode":67472,"coordinates":{"latitude":"47.7049","longitude":"87.9767"},"timezone":{"offset":"+8:00","description":"Beijing, Perth, Singapore, Hong Kong"}},"email":"katie.wilson@example.com","login":{"uuid":"8ecd22ed-a49d-45e8-8ba4-39ace3639291","username":"crazyduck645","password":"mylife","salt":"rK2w7GWS","md5":"f4291ea952657baa27791b87ad900956","sha1":"be75381e1f0caaec16eb14113e524ee30c951f86","sha256":"642ffa847a981db8a1d2c1fb562598379e87d8a61bd38ac0206eda7289b438b4"},"dob":{"date":"1981-07-26T04:31:04.999Z","age":42},"registered":{"date":"2018-03-18T16:37:17.513Z","age":6},"phone":"(232)-516-0663","cell":"(178)-795-8705","id":{"name":"","value":null},"picture":{"large":"https://randomuser.me/api/portraits/women/88.jpg","medium":"https://randomuser.me/api/portraits/med/women/88.jpg","thumbnail":"https://randomuser.me/api/portraits/thumb/women/88.jpg"},"nat":"NZ"}],"info":{"seed":"544176a0de2924be","results":1,"page":1,"version":"1.4"}} 
 </msg>
<msg time="2024-07-04T10:15:43.629127" level="INFO">/opt/hostedtoolcache/Python/3.12.4/x64/lib/python3.12/site-packages/urllib3/connectionpool.py:1099: InsecureRequestWarning: Unverified HTTPS request is being made to host 'randomuser.me'. Adding certificate verification is strongly advised. See: https://urllib3.readthedocs.io/en/latest/advanced-usage.html#tls-warnings
  warnings.warn(</msg>
<msg time="2024-07-04T10:15:43.629278" level="INFO">${response} = &lt;Response [200]&gt;</msg>
<var>${response}</var>
<arg>consultarAPI</arg>
<arg>/api</arg>
<doc>Sends a GET request on a previously created HTTP Session.</doc>
<status status="PASS" start="2024-07-04T10:15:43.559598" elapsed="0.069727"/>
</kw>
<kw name="Set Variable" owner="BuiltIn">
<msg time="2024-07-04T10:15:43.630582" level="INFO">${json_data} = {'results': [{'gender': 'female', 'name': {'title': 'Ms', 'first': 'Katie', 'last': 'Wilson'}, 'location': {'street': {'number': 1362, 'name': 'Chatham Road'}, 'city': 'Wellington', 'state': 'Waikato'...</msg>
<var>${json_data}</var>
<arg>${response.json()}</arg>
<doc>Returns the given values which can then be assigned to a variables.</doc>
<status status="PASS" start="2024-07-04T10:15:43.630018" elapsed="0.000595"/>
</kw>
<kw name="Log" owner="BuiltIn">
<msg time="2024-07-04T10:15:43.631175" level="INFO">{'results': [{'gender': 'female', 'name': {'title': 'Ms', 'first': 'Katie', 'last': 'Wilson'}, 'location': {'street': {'number': 1362, 'name': 'Chatham Road'}, 'city': 'Wellington', 'state': 'Waikato', 'country': 'New Zealand', 'postcode': 67472, 'coordinates': {'latitude': '47.7049', 'longitude': '87.9767'}, 'timezone': {'offset': '+8:00', 'description': 'Beijing, Perth, Singapore, Hong Kong'}}, 'email': 'katie.wilson@example.com', 'login': {'uuid': '8ecd22ed-a49d-45e8-8ba4-39ace3639291', 'username': 'crazyduck645', 'password': 'mylife', 'salt': 'rK2w7GWS', 'md5': 'f4291ea952657baa27791b87ad900956', 'sha1': 'be75381e1f0caaec16eb14113e524ee30c951f86', 'sha256': '642ffa847a981db8a1d2c1fb562598379e87d8a61bd38ac0206eda7289b438b4'}, 'dob': {'date': '1981-07-26T04:31:04.999Z', 'age': 42}, 'registered': {'date': '2018-03-18T16:37:17.513Z', 'age': 6}, 'phone': '(232)-516-0663', 'cell': '(178)-795-8705', 'id': {'name': '', 'value': None}, 'picture': {'large': 'https://randomuser.me/api/portraits/women/88.jpg', 'medium': 'https://randomuser.me/api/portraits/med/women/88.jpg', 'thumbnail': 'https://randomuser.me/api/portraits/thumb/women/88.jpg'}, 'nat': 'NZ'}], 'info': {'seed': '544176a0de2924be', 'results': 1, 'page': 1, 'version': '1.4'}}</msg>
<arg>${json_data}</arg>
<doc>Logs the given message with the given level.</doc>
<status status="PASS" start="2024-07-04T10:15:43.630991" elapsed="0.000235"/>
</kw>
<kw name="Should Be String" owner="String">
<arg>${json_data['results'][0]['gender']}</arg>
<doc>Fails if the given ``item`` is not a string.</doc>
<status status="PASS" start="2024-07-04T10:15:43.631550" elapsed="0.000395"/>
</kw>
<kw name="Should Match Regexp" owner="BuiltIn">
<arg>${json_data['results'][0]['email']}</arg>
<arg>^[a-zA-Z0-9._%+-]+@[a-zA-Z0-9.-]+\.[a-zA-Z]{2,}$</arg>
<doc>Fails if ``string`` does not match ``pattern`` as a regular expression.</doc>
<status status="PASS" start="2024-07-04T10:15:43.632146" elapsed="0.000626"/>
</kw>
<kw name="Should Match Regexp" owner="BuiltIn">
<arg>${json_data['results'][0]['dob']['date']}</arg>
<arg>\\d{4}-\\d{2}-\\d{2}T\\d{2}:\\d{2}:\\d{2}\\.\\d{3}Z</arg>
<doc>Fails if ``string`` does not match ``pattern`` as a regular expression.</doc>
<status status="PASS" start="2024-07-04T10:15:43.632980" elapsed="0.000523"/>
</kw>
<kw name="Should Match Regexp" owner="BuiltIn">
<arg>${json_data['results'][0]['registered']['date']}</arg>
<arg>\\d{4}-\\d{2}-\\d{2}T\\d{2}:\\d{2}:\\d{2}\\.\\d{3}Z</arg>
<doc>Fails if ``string`` does not match ``pattern`` as a regular expression.</doc>
<status status="PASS" start="2024-07-04T10:15:43.633700" elapsed="0.000375"/>
</kw>
<kw name="Should Match Regexp" owner="BuiltIn">
<arg>${json_data['results'][0]['picture']['large']}</arg>
<arg>^https?://.*\.(?:png|jpe?g|gif|bmp)$</arg>
<doc>Fails if ``string`` does not match ``pattern`` as a regular expression.</doc>
<status status="PASS" start="2024-07-04T10:15:43.634264" elapsed="0.000470"/>
</kw>
<kw name="Should Match Regexp" owner="BuiltIn">
<arg>${json_data['results'][0]['picture']['medium']}</arg>
<arg>^https?://.*\.(?:png|jpe?g|gif|bmp)$</arg>
<doc>Fails if ``string`` does not match ``pattern`` as a regular expression.</doc>
<status status="PASS" start="2024-07-04T10:15:43.634929" elapsed="0.000361"/>
</kw>
<kw name="Should Match Regexp" owner="BuiltIn">
<arg>${json_data['results'][0]['picture']['thumbnail']}</arg>
<arg>^https?://.*\.(?:png|jpe?g|gif|bmp)$</arg>
<doc>Fails if ``string`` does not match ``pattern`` as a regular expression.</doc>
<status status="PASS" start="2024-07-04T10:15:43.635475" elapsed="0.000361"/>
</kw>
<kw name="Log" owner="BuiltIn">
<msg time="2024-07-04T10:15:43.636358" level="INFO">{'large': 'https://randomuser.me/api/portraits/women/88.jpg', 'medium': 'https://randomuser.me/api/portraits/med/women/88.jpg', 'thumbnail': 'https://randomuser.me/api/portraits/thumb/women/88.jpg'}</msg>
<arg>${json_data['results'][0]['picture']}</arg>
<doc>Logs the given message with the given level.</doc>
<status status="PASS" start="2024-07-04T10:15:43.636019" elapsed="0.000382"/>
</kw>
<status status="PASS" start="2024-07-04T10:15:43.559227" elapsed="0.077496"/>
</kw>
<kw name="Teste de Tipos de Dados - Postcode" owner="random-user-service">
<kw name="GET On Session" owner="RequestsLibrary">
<msg time="2024-07-04T10:15:43.727315" level="INFO">GET Request : url=https://randomuser.me/api 
 path_url=/api 
 headers={'User-Agent': 'python-requests/2.32.3', 'Accept-Encoding': 'gzip, deflate', 'Accept': '*/*', 'Connection': 'keep-alive'} 
 body=None 
 </msg>
<msg time="2024-07-04T10:15:43.727413" level="INFO">GET Response : url=https://randomuser.me/api 
 status=200, reason=OK 
 headers={'Date': 'Thu, 04 Jul 2024 10:15:43 GMT', 'Content-Type': 'application/json; charset=utf-8', 'Transfer-Encoding': 'chunked', 'Connection': 'keep-alive', 'X-Powered-By': 'Express', 'Access-Control-Allow-Origin': '*', 'Cache-Control': 'no-cache', 'ETag': 'W/"493-GxgtOKAK/t75c91ybaVBFwOh3XY"', 'Vary': 'Accept-Encoding', 'Content-Encoding': 'gzip', 'CF-Cache-Status': 'DYNAMIC', 'Report-To': '{"endpoints":[{"url":"https:\\/\\/a.nel.cloudflare.com\\/report\\/v4?s=oKUNORNOSebGUJ%2BF7Z4rsGXENQ4RwryyHdDWv00JvCFDnLspUaTzfCPsbuu2MVjErGTUqktQAWbMKbotWxmCnP5revIq%2FnQZV%2BDV38LXZsA1aX5Nl0YeTzkap4POdO5e"}],"group":"cf-nel","max_age":604800}', 'NEL': '{"success_fraction":0,"report_to":"cf-nel","max_age":604800}', 'Server': 'cloudflare', 'CF-RAY': '89de5b11c9d35077-ORD', 'alt-svc': 'h3=":443"; ma=86400'} 
 body={"results":[{"gender":"female","name":{"title":"Miss","first":"Ellen","last":"Peura"},"location":{"street":{"number":8999,"name":"Nordenskiöldinkatu"},"city":"Maaninka","state":"Kainuu","country":"Finland","postcode":13668,"coordinates":{"latitude":"-27.3012","longitude":"170.3067"},"timezone":{"offset":"-1:00","description":"Azores, Cape Verde Islands"}},"email":"ellen.peura@example.com","login":{"uuid":"2b16e772-09d2-469a-9f8a-0bb812194f62","username":"purplebear771","password":"kimberly","salt":"LZixMO27","md5":"31b044b6c7f99aa8a180a4013bde4469","sha1":"8055fe66aa35ee25ed42b28d4973cfcfa1e7a0cf","sha256":"12faa743cca1b8f8b525af448a9c15ac1459dbb17ce4468fc2c05b3502af4a13"},"dob":{"date":"1985-04-03T11:51:20.308Z","age":39},"registered":{"date":"2012-11-12T17:25:01.885Z","age":11},"phone":"03-052-941","cell":"048-813-57-21","id":{"name":"HETU","value":"NaNNA518undefined"},"picture":{"large":"https://randomuser.me/api/portraits/women/6.jpg","medium":"https://randomuser.me/api/portraits/med/women/6.jpg","thumbnail":"https://randomuser.me/api/portraits/thumb/women/6.jpg"},"nat":"FI"}],"info":{"seed":"163ca52a5c14bfa8","results":1,"page":1,"version":"1.4"}} 
 </msg>
<msg time="2024-07-04T10:15:43.727482" level="INFO">/opt/hostedtoolcache/Python/3.12.4/x64/lib/python3.12/site-packages/urllib3/connectionpool.py:1099: InsecureRequestWarning: Unverified HTTPS request is being made to host 'randomuser.me'. Adding certificate verification is strongly advised. See: https://urllib3.readthedocs.io/en/latest/advanced-usage.html#tls-warnings
  warnings.warn(</msg>
<msg time="2024-07-04T10:15:43.727603" level="INFO">${response} = &lt;Response [200]&gt;</msg>
<var>${response}</var>
<arg>consultarAPI</arg>
<arg>/api</arg>
<doc>Sends a GET request on a previously created HTTP Session.</doc>
<status status="PASS" start="2024-07-04T10:15:43.637202" elapsed="0.090442"/>
</kw>
<kw name="Set Variable" owner="BuiltIn">
<msg time="2024-07-04T10:15:43.728921" level="INFO">${json_data} = {'results': [{'gender': 'female', 'name': {'title': 'Miss', 'first': 'Ellen', 'last': 'Peura'}, 'location': {'street': {'number': 8999, 'name': 'Nordenskiöldinkatu'}, 'city': 'Maaninka', 'state': 'Kai...</msg>
<var>${json_data}</var>
<arg>${response.json()}</arg>
<doc>Returns the given values which can then be assigned to a variables.</doc>
<status status="PASS" start="2024-07-04T10:15:43.728283" elapsed="0.000668"/>
</kw>
<kw name="Log" owner="BuiltIn">
<msg time="2024-07-04T10:15:43.729421" level="INFO">{'results': [{'gender': 'female', 'name': {'title': 'Miss', 'first': 'Ellen', 'last': 'Peura'}, 'location': {'street': {'number': 8999, 'name': 'Nordenskiöldinkatu'}, 'city': 'Maaninka', 'state': 'Kainuu', 'country': 'Finland', 'postcode': 13668, 'coordinates': {'latitude': '-27.3012', 'longitude': '170.3067'}, 'timezone': {'offset': '-1:00', 'description': 'Azores, Cape Verde Islands'}}, 'email': 'ellen.peura@example.com', 'login': {'uuid': '2b16e772-09d2-469a-9f8a-0bb812194f62', 'username': 'purplebear771', 'password': 'kimberly', 'salt': 'LZixMO27', 'md5': '31b044b6c7f99aa8a180a4013bde4469', 'sha1': '8055fe66aa35ee25ed42b28d4973cfcfa1e7a0cf', 'sha256': '12faa743cca1b8f8b525af448a9c15ac1459dbb17ce4468fc2c05b3502af4a13'}, 'dob': {'date': '1985-04-03T11:51:20.308Z', 'age': 39}, 'registered': {'date': '2012-11-12T17:25:01.885Z', 'age': 11}, 'phone': '03-052-941', 'cell': '048-813-57-21', 'id': {'name': 'HETU', 'value': 'NaNNA518undefined'}, 'picture': {'large': 'https://randomuser.me/api/portraits/women/6.jpg', 'medium': 'https://randomuser.me/api/portraits/med/women/6.jpg', 'thumbnail': 'https://randomuser.me/api/portraits/thumb/women/6.jpg'}, 'nat': 'FI'}], 'info': {'seed': '163ca52a5c14bfa8', 'results': 1, 'page': 1, 'version': '1.4'}}</msg>
<arg>${json_data}</arg>
<doc>Logs the given message with the given level.</doc>
<status status="PASS" start="2024-07-04T10:15:43.729261" elapsed="0.000208"/>
</kw>
<kw name="Should Be Equal As Numbers" owner="BuiltIn">
<arg>${json_data['results'][0]['location']['postcode']}</arg>
<arg>${json_data['results'][0]['location']['postcode']}</arg>
<doc>Fails if objects are unequal after converting them to real numbers.</doc>
<status status="PASS" start="2024-07-04T10:15:43.729762" elapsed="0.000627"/>
</kw>
<kw name="Log" owner="BuiltIn">
<msg time="2024-07-04T10:15:43.731083" level="INFO">13668</msg>
<arg>${json_data['results'][0]['location']['postcode']}</arg>
<doc>Logs the given message with the given level.</doc>
<status status="PASS" start="2024-07-04T10:15:43.730581" elapsed="0.000577"/>
</kw>
<status status="PASS" start="2024-07-04T10:15:43.636964" elapsed="0.094450"/>
</kw>
<doc>Testa se os tipos de dados na resposta da API estão corretos.</doc>
<tag>testeTiposDados</tag>
<status status="PASS" start="2024-07-04T10:15:43.558523" elapsed="0.173055"/>
</test>
<test id="s1-s1-t5" name="Validar conteudo" line="35">
<kw name="Teste de Tipos de Conteudo" owner="random-user-service">
<kw name="GET On Session" owner="RequestsLibrary">
<msg time="2024-07-04T10:15:43.829927" level="INFO">GET Request : url=https://randomuser.me/api 
 path_url=/api 
 headers={'User-Agent': 'python-requests/2.32.3', 'Accept-Encoding': 'gzip, deflate', 'Accept': '*/*', 'Connection': 'keep-alive'} 
 body=None 
 </msg>
<msg time="2024-07-04T10:15:43.830039" level="INFO">GET Response : url=https://randomuser.me/api 
 status=200, reason=OK 
 headers={'Date': 'Thu, 04 Jul 2024 10:15:43 GMT', 'Content-Type': 'application/json; charset=utf-8', 'Transfer-Encoding': 'chunked', 'Connection': 'keep-alive', 'X-Powered-By': 'Express', 'Access-Control-Allow-Origin': '*', 'Cache-Control': 'no-cache', 'ETag': 'W/"49c-Aupq8Os+zVeX77DR1J1ulyNTKTM"', 'Vary': 'Accept-Encoding', 'Content-Encoding': 'gzip', 'CF-Cache-Status': 'DYNAMIC', 'Report-To': '{"endpoints":[{"url":"https:\\/\\/a.nel.cloudflare.com\\/report\\/v4?s=8iReeaavuvDJ26Oo7naa8%2BpqwrX69OIHASkconNupE%2BgdHP64u2K%2F2Zdosdi8hByEQsuhQAVV5fHDv8fJZpD0f%2BX11naxP8pOjC4ulJ4vnv7IAcyCIuay8PKn7gRgBp%2B"}],"group":"cf-nel","max_age":604800}', 'NEL': '{"success_fraction":0,"report_to":"cf-nel","max_age":604800}', 'Server': 'cloudflare', 'CF-RAY': '89de5b125a485077-ORD', 'alt-svc': 'h3=":443"; ma=86400'} 
 body={"results":[{"gender":"female","name":{"title":"Ms","first":"Jelena","last":"Lapčević"},"location":{"street":{"number":8335,"name":"Takovskog Grofa"},"city":"Bečej","state":"Zaječar","country":"Serbia","postcode":72151,"coordinates":{"latitude":"57.8569","longitude":"70.0683"},"timezone":{"offset":"-4:00","description":"Atlantic Time (Canada), Caracas, La Paz"}},"email":"jelena.lapcevic@example.com","login":{"uuid":"55b4dd1f-b21b-4d8a-93ab-847667a6fb43","username":"silverleopard366","password":"oasis","salt":"igQZFO2n","md5":"ee641ea779e3b301b2065070da36eb3e","sha1":"518312b0ce89d13f5b85f31be622f09422db5754","sha256":"ec3d93e88f7763872be6fe54092e55668883f8aae2afc4345c28e5ffe4e561e2"},"dob":{"date":"1971-07-04T17:59:44.323Z","age":52},"registered":{"date":"2010-05-26T09:01:58.472Z","age":14},"phone":"026-4972-181","cell":"062-9300-948","id":{"name":"SID","value":"426341944"},"picture":{"large":"https://randomuser.me/api/portraits/women/40.jpg","medium":"https://randomuser.me/api/portraits/med/women/40.jpg","thumbnail":"https://randomuser.me/api/portraits/thumb/women/40.jpg"},"nat":"RS"}],"info":{"seed":"b6c7071040ade343","results":1,"page":1,"version":"1.4"}} 
 </msg>
<msg time="2024-07-04T10:15:43.830126" level="INFO">/opt/hostedtoolcache/Python/3.12.4/x64/lib/python3.12/site-packages/urllib3/connectionpool.py:1099: InsecureRequestWarning: Unverified HTTPS request is being made to host 'randomuser.me'. Adding certificate verification is strongly advised. See: https://urllib3.readthedocs.io/en/latest/advanced-usage.html#tls-warnings
  warnings.warn(</msg>
<msg time="2024-07-04T10:15:43.830262" level="INFO">${response} = &lt;Response [200]&gt;</msg>
<var>${response}</var>
<arg>consultarAPI</arg>
<arg>/api</arg>
<doc>Sends a GET request on a previously created HTTP Session.</doc>
<status status="PASS" start="2024-07-04T10:15:43.734154" elapsed="0.096158"/>
</kw>
<kw name="Set Variable" owner="BuiltIn">
<msg time="2024-07-04T10:15:43.831368" level="INFO">${json_data} = {'results': [{'gender': 'female', 'name': {'title': 'Ms', 'first': 'Jelena', 'last': 'Lapčević'}, 'location': {'street': {'number': 8335, 'name': 'Takovskog Grofa'}, 'city': 'Bečej', 'state': 'Zaječar...</msg>
<var>${json_data}</var>
<arg>${response.json()}</arg>
<doc>Returns the given values which can then be assigned to a variables.</doc>
<status status="PASS" start="2024-07-04T10:15:43.830842" elapsed="0.000557"/>
</kw>
<kw name="Set Variable" owner="BuiltIn">
<msg time="2024-07-04T10:15:43.832089" level="INFO">${name_title} = Ms</msg>
<var>${name_title}</var>
<arg>${json_data["results"][0]["name"]["title"]}</arg>
<doc>Returns the given values which can then be assigned to a variables.</doc>
<status status="PASS" start="2024-07-04T10:15:43.831712" elapsed="0.000402"/>
</kw>
<kw name="Create List" owner="BuiltIn">
<msg time="2024-07-04T10:15:43.832608" level="INFO">${allowed_titles} = ['Mr', 'Ms', 'Miss', 'Mrs', 'Madame', 'Monsieur']</msg>
<var>${allowed_titles}</var>
<arg>Mr</arg>
<arg>Ms</arg>
<arg>Miss</arg>
<arg>Mrs</arg>
<arg>Madame</arg>
<arg>Monsieur</arg>
<doc>Returns a list containing given items.</doc>
<status status="PASS" start="2024-07-04T10:15:43.832407" elapsed="0.000225"/>
</kw>
<kw name="List Should Contain Value" owner="Collections">
<arg>${allowed_titles}</arg>
<arg>${name_title}</arg>
<doc>Fails if the ``value`` is not found from ``list``.</doc>
<status status="PASS" start="2024-07-04T10:15:43.832939" elapsed="0.000175"/>
</kw>
<kw name="Set Variable" owner="BuiltIn">
<msg time="2024-07-04T10:15:43.833655" level="INFO">${name_country} = RS</msg>
<var>${name_country}</var>
<arg>${json_data["results"][0]["nat"]}</arg>
<doc>Returns the given values which can then be assigned to a variables.</doc>
<status status="PASS" start="2024-07-04T10:15:43.833292" elapsed="0.000387"/>
</kw>
<kw name="Create List" owner="BuiltIn">
<msg time="2024-07-04T10:15:43.834554" level="INFO">${list_country} = ['AD', 'AE', 'AF', 'AG', 'AI', 'AL', 'AM', 'AO', 'AQ', 'AR', 'AS', 'AT', 'AU', 'AW', 'AX', 'AZ', 'BA', 'BB', 'BD', 'BE', 'BF', 'BG', 'BH', 'BI', 'BJ', 'BL', 'BM', 'BN', 'BO', 'BQ', 'BR', 'BS', 'BT', '...</msg>
<var>${list_country}</var>
<arg>AD</arg>
<arg>AE</arg>
<arg>AF</arg>
<arg>AG</arg>
<arg>AI</arg>
<arg>AL</arg>
<arg>AM</arg>
<arg>AO</arg>
<arg>AQ</arg>
<arg>AR</arg>
<arg>AS</arg>
<arg>AT</arg>
<arg>AU</arg>
<arg>AW</arg>
<arg>AX</arg>
<arg>AZ</arg>
<arg>BA</arg>
<arg>BB</arg>
<arg>BD</arg>
<arg>BE</arg>
<arg>BF</arg>
<arg>BG</arg>
<arg>BH</arg>
<arg>BI</arg>
<arg>BJ</arg>
<arg>BL</arg>
<arg>BM</arg>
<arg>BN</arg>
<arg>BO</arg>
<arg>BQ</arg>
<arg>BR</arg>
<arg>BS</arg>
<arg>BT</arg>
<arg>BV</arg>
<arg>BW</arg>
<arg>BY</arg>
<arg>BZ</arg>
<arg>CA</arg>
<arg>CC</arg>
<arg>CD</arg>
<arg>CF</arg>
<arg>CG</arg>
<arg>CH</arg>
<arg>CI</arg>
<arg>CK</arg>
<arg>CL</arg>
<arg>CM</arg>
<arg>CN</arg>
<arg>CO</arg>
<arg>CR</arg>
<arg>CU</arg>
<arg>CV</arg>
<arg>CW</arg>
<arg>CX</arg>
<arg>CY</arg>
<arg>CZ</arg>
<arg>DE</arg>
<arg>DJ</arg>
<arg>DK</arg>
<arg>DM</arg>
<arg>DO</arg>
<arg>DZ</arg>
<arg>EC</arg>
<arg>EE</arg>
<arg>EG</arg>
<arg>EH</arg>
<arg>ER</arg>
<arg>ES</arg>
<arg>ET</arg>
<arg>FI</arg>
<arg>FJ</arg>
<arg>FK</arg>
<arg>FM</arg>
<arg>FO</arg>
<arg>FR</arg>
<arg>GA</arg>
<arg>GB</arg>
<arg>GD</arg>
<arg>GE</arg>
<arg>GF</arg>
<arg>GG</arg>
<arg>GH</arg>
<arg>GI</arg>
<arg>GL</arg>
<arg>GM</arg>
<arg>GN</arg>
<arg>GP</arg>
<arg>GQ</arg>
<arg>GR</arg>
<arg>GS</arg>
<arg>GT</arg>
<arg>GU</arg>
<arg>GW</arg>
<arg>GY</arg>
<arg>HK</arg>
<arg>HM</arg>
<arg>HN</arg>
<arg>HR</arg>
<arg>HT</arg>
<arg>HU</arg>
<arg>ID</arg>
<arg>IE</arg>
<arg>IL</arg>
<arg>IM</arg>
<arg>IN</arg>
<arg>IO</arg>
<arg>IQ</arg>
<arg>IR</arg>
<arg>IS</arg>
<arg>IT</arg>
<arg>JE</arg>
<arg>JM</arg>
<arg>JO</arg>
<arg>JP</arg>
<arg>KE</arg>
<arg>KG</arg>
<arg>KH</arg>
<arg>KI</arg>
<arg>KM</arg>
<arg>KN</arg>
<arg>KP</arg>
<arg>KR</arg>
<arg>KW</arg>
<arg>KY</arg>
<arg>KZ</arg>
<arg>LA</arg>
<arg>LB</arg>
<arg>LC</arg>
<arg>LI</arg>
<arg>LK</arg>
<arg>LR</arg>
<arg>LS</arg>
<arg>LT</arg>
<arg>LU</arg>
<arg>LV</arg>
<arg>LY</arg>
<arg>MA</arg>
<arg>MC</arg>
<arg>MD</arg>
<arg>ME</arg>
<arg>MF</arg>
<arg>MG</arg>
<arg>MH</arg>
<arg>MK</arg>
<arg>ML</arg>
<arg>MM</arg>
<arg>MN</arg>
<arg>MO</arg>
<arg>MP</arg>
<arg>MQ</arg>
<arg>MR</arg>
<arg>MS</arg>
<arg>MT</arg>
<arg>MU</arg>
<arg>MV</arg>
<arg>MW</arg>
<arg>MX</arg>
<arg>MY</arg>
<arg>MZ</arg>
<arg>NA</arg>
<arg>NC</arg>
<arg>NE</arg>
<arg>NF</arg>
<arg>NG</arg>
<arg>NI</arg>
<arg>NL</arg>
<arg>NO</arg>
<arg>NP</arg>
<arg>NR</arg>
<arg>NU</arg>
<arg>NZ</arg>
<arg>OM</arg>
<arg>PA</arg>
<arg>PE</arg>
<arg>PF</arg>
<arg>PG</arg>
<arg>PH</arg>
<arg>PK</arg>
<arg>PL</arg>
<arg>PM</arg>
<arg>PN</arg>
<arg>PR</arg>
<arg>PS</arg>
<arg>PT</arg>
<arg>PW</arg>
<arg>PY</arg>
<arg>QA</arg>
<arg>RE</arg>
<arg>RO</arg>
<arg>RS</arg>
<arg>RU</arg>
<arg>RW</arg>
<arg>SA</arg>
<arg>SB</arg>
<arg>SC</arg>
<arg>SD</arg>
<arg>SE</arg>
<arg>SG</arg>
<arg>SH</arg>
<arg>SI</arg>
<arg>SJ</arg>
<arg>SK</arg>
<arg>SL</arg>
<arg>SM</arg>
<arg>SN</arg>
<arg>SO</arg>
<arg>SR</arg>
<arg>SS</arg>
<arg>ST</arg>
<arg>SV</arg>
<arg>SX</arg>
<arg>SY</arg>
<arg>SZ</arg>
<arg>TC</arg>
<arg>TD</arg>
<arg>TF</arg>
<arg>TG</arg>
<arg>TH</arg>
<arg>TJ</arg>
<arg>TK</arg>
<arg>TL</arg>
<arg>TM</arg>
<arg>TN</arg>
<arg>TO</arg>
<arg>TR</arg>
<arg>TT</arg>
<arg>TV</arg>
<arg>TW</arg>
<arg>TZ</arg>
<arg>UA</arg>
<arg>UG</arg>
<arg>UM</arg>
<arg>US</arg>
<arg>UY</arg>
<arg>UZ</arg>
<arg>VA</arg>
<arg>VC</arg>
<arg>VE</arg>
<arg>VG</arg>
<arg>VI</arg>
<arg>VN</arg>
<arg>VU</arg>
<arg>WF</arg>
<arg>WS</arg>
<arg>XK</arg>
<arg>YE</arg>
<arg>YT</arg>
<arg>ZA</arg>
<arg>ZM</arg>
<arg>ZW</arg>
<doc>Returns a list containing given items.</doc>
<status status="PASS" start="2024-07-04T10:15:43.833964" elapsed="0.000615"/>
</kw>
<kw name="List Should Contain Value" owner="Collections">
<arg>${list_country}</arg>
<arg>${name_country}</arg>
<doc>Fails if the ``value`` is not found from ``list``.</doc>
<status status="PASS" start="2024-07-04T10:15:43.835378" elapsed="0.000202"/>
</kw>
<kw name="Run Keyword If" owner="BuiltIn">
<kw name="Should Be True" owner="BuiltIn">
<arg>${True}</arg>
<doc>Fails if the given condition is not true.</doc>
<status status="PASS" start="2024-07-04T10:15:43.836525" elapsed="0.000142"/>
</kw>
<arg>${json_data["results"][0]["location"]["coordinates"]["latitude"]} &gt;= -90 and ${json_data["results"][0]["location"]["coordinates"]["latitude"]} &lt;= 90</arg>
<arg>Should Be True</arg>
<arg>${True}</arg>
<doc>Runs the given keyword with the given arguments, if ``condition`` is true.</doc>
<status status="PASS" start="2024-07-04T10:15:43.835773" elapsed="0.001016"/>
</kw>
<kw name="Run Keyword If" owner="BuiltIn">
<kw name="Should Be True" owner="BuiltIn">
<arg>${True}</arg>
<doc>Fails if the given condition is not true.</doc>
<status status="PASS" start="2024-07-04T10:15:43.837656" elapsed="0.000243"/>
</kw>
<arg>${json_data["results"][0]["location"]["coordinates"]["longitude"]} &gt;= -180 and ${json_data["results"][0]["location"]["coordinates"]["longitude"]} &lt;= 180</arg>
<arg>Should Be True</arg>
<arg>${True}</arg>
<doc>Runs the given keyword with the given arguments, if ``condition`` is true.</doc>
<status status="PASS" start="2024-07-04T10:15:43.836962" elapsed="0.001064"/>
</kw>
<status status="PASS" start="2024-07-04T10:15:43.733923" elapsed="0.104235"/>
</kw>
<doc>Testa o conteúdo específico dos campos retornados pela API.</doc>
<tag>testeConteudo</tag>
<status status="PASS" start="2024-07-04T10:15:43.733382" elapsed="0.104926"/>
</test>
<status status="PASS" start="2024-07-04T10:15:42.769984" elapsed="1.070308"/>
</suite>
<status status="PASS" start="2024-07-04T10:15:42.754973" elapsed="1.090443"/>
</suite>
<statistics>
<total>
<stat pass="5" fail="0" skip="0">All Tests</stat>
</total>
<tag>
<stat pass="1" fail="0" skip="0">testeConteudo</stat>
<stat pass="1" fail="0" skip="0">testeEstruturaResposta</stat>
<stat pass="1" fail="0" skip="0">testeRequisicaoBasica</stat>
<stat pass="1" fail="0" skip="0">testeTiposDados</stat>
</tag>
<suite>
<stat pass="5" fail="0" skip="0" id="s1" name="Tests">Tests</stat>
<stat pass="5" fail="0" skip="0" id="s1-s1" name="Random-User-Test">Tests.Random-User-Test</stat>
</suite>
</statistics>
<errors>
</errors>
</robot>
