<?xml version="1.0" encoding="UTF-8"?>
<robot generator="Robot 7.0 (Python 3.12.3 on linux)" generated="2024-05-25T09:14:26.223825" rpa="false" schemaversion="5">
<suite id="s1" name="Tests" source="/home/runner/work/DesafioQAItauRogerioJordao/DesafioQAItauRogerioJordao/RamdonUser/tests">
<suite id="s1-s1" name="Random-User-Test" source="/home/runner/work/DesafioQAItauRogerioJordao/DesafioQAItauRogerioJordao/RamdonUser/tests/random-user-test.robot">
<test id="s1-s1-t1" name="Conectar" line="13">
<kw name="Conectar API" owner="random-user-service">
<kw name="Create Session" owner="RequestsLibrary">
<msg time="2024-05-25T09:14:26.628685" level="INFO">Creating Session using : alias=consultarAPI, url=https://randomuser.me/, headers={},                     cookies={}, auth=None, timeout=None, proxies=None, verify=False,                     debug=0 </msg>
<arg>consultarAPI</arg>
<arg>${URL}</arg>
<doc>Create Session: create a HTTP session to a server</doc>
<status status="PASS" start="2024-05-25T09:14:26.628486" elapsed="0.000375"/>
</kw>
<status status="PASS" start="2024-05-25T09:14:26.627415" elapsed="0.001805"/>
</kw>
<status status="PASS" start="2024-05-25T09:14:26.626770" elapsed="0.002644"/>
</test>
<test id="s1-s1-t2" name="Validar retorno 200 e JSON Válido" line="16">
<kw name="Teste de Requisicao Basica" owner="random-user-service">
<kw name="GET On Session" owner="RequestsLibrary">
<msg time="2024-05-25T09:14:26.819621" level="INFO">GET Request : url=https://randomuser.me/api 
 path_url=/api 
 headers={'User-Agent': 'python-requests/2.32.2', 'Accept-Encoding': 'gzip, deflate', 'Accept': '*/*', 'Connection': 'keep-alive'} 
 body=None 
 </msg>
<msg time="2024-05-25T09:14:26.819759" level="INFO">GET Response : url=https://randomuser.me/api 
 status=200, reason=OK 
 headers={'Date': 'Sat, 25 May 2024 09:14:26 GMT', 'Content-Type': 'application/json; charset=utf-8', 'Transfer-Encoding': 'chunked', 'Connection': 'keep-alive', 'X-Powered-By': 'Express', 'Access-Control-Allow-Origin': '*', 'Cache-Control': 'no-cache', 'ETag': 'W/"477-keMl/2xi84w3H2+ohvd16QqxhXA"', 'Vary': 'Accept-Encoding', 'Content-Encoding': 'gzip', 'CF-Cache-Status': 'DYNAMIC', 'Report-To': '{"endpoints":[{"url":"https:\\/\\/a.nel.cloudflare.com\\/report\\/v4?s=vPneulWYhCQjoorHpwL9oaQHDQiw9AVSaoKUY48CAt9mgA15twtdeoX9VrQbMSp1dJsZrpsZci0Xuw6Q5BdIkeYvR250ZkiAJSJ%2Bq7XTs6Wr3Qqkx9P186Jm33f61qRy"}],"group":"cf-nel","max_age":604800}', 'NEL': '{"success_fraction":0,"report_to":"cf-nel","max_age":604800}', 'Server': 'cloudflare', 'CF-RAY': '88946a4d4a363af4-IAD', 'alt-svc': 'h3=":443"; ma=86400'} 
 body={"results":[{"gender":"female","name":{"title":"Mrs","first":"Dragana","last":"Tadić"},"location":{"street":{"number":6285,"name":"Lozička"},"city":"Pančevo","state":"Kosovo","country":"Serbia","postcode":16674,"coordinates":{"latitude":"57.9992","longitude":"55.8065"},"timezone":{"offset":"-3:30","description":"Newfoundland"}},"email":"dragana.tadic@example.com","login":{"uuid":"3c95a793-1f30-407d-a793-63acb4daa766","username":"browngorilla310","password":"mmmmmmmm","salt":"0odbEZ5E","md5":"9c36e9a395f2d40d97d0651f26b132d1","sha1":"5cbe6f990ed947c405dc2e047fcbbd32a6063f6e","sha256":"fcdaf48b07996e463bd2ea751b40158e52920d2ce6fc6a9b642f97b92b316c9e"},"dob":{"date":"1981-11-09T11:51:18.956Z","age":42},"registered":{"date":"2017-11-23T18:08:34.506Z","age":6},"phone":"018-6644-326","cell":"067-3460-175","id":{"name":"SID","value":"201799940"},"picture":{"large":"https://randomuser.me/api/portraits/women/68.jpg","medium":"https://randomuser.me/api/portraits/med/women/68.jpg","thumbnail":"https://randomuser.me/api/portraits/thumb/women/68.jpg"},"nat":"RS"}],"info":{"seed":"f334b2318a9fa18a","results":1,"page":1,"version":"1.4"}} 
 </msg>
<msg time="2024-05-25T09:14:26.819839" level="INFO">/opt/hostedtoolcache/Python/3.12.3/x64/lib/python3.12/site-packages/urllib3/connectionpool.py:1103: InsecureRequestWarning: Unverified HTTPS request is being made to host 'randomuser.me'. Adding certificate verification is strongly advised. See: https://urllib3.readthedocs.io/en/latest/advanced-usage.html#tls-warnings
  warnings.warn(</msg>
<msg time="2024-05-25T09:14:26.819991" level="INFO">${response} = &lt;Response [200]&gt;</msg>
<var>${response}</var>
<arg>consultarAPI</arg>
<arg>/api</arg>
<doc>Sends a GET request on a previously created HTTP Session.</doc>
<status status="PASS" start="2024-05-25T09:14:26.632106" elapsed="0.187930"/>
</kw>
<kw name="Should Be Equal As Numbers" owner="BuiltIn">
<msg time="2024-05-25T09:14:26.820974" level="INFO">Argument types are:
&lt;class 'int'&gt;
&lt;class 'str'&gt;</msg>
<arg>${response.status_code}</arg>
<arg>200</arg>
<doc>Fails if objects are unequal after converting them to real numbers.</doc>
<status status="PASS" start="2024-05-25T09:14:26.820536" elapsed="0.000505"/>
</kw>
<kw name="Log" owner="BuiltIn">
<msg time="2024-05-25T09:14:26.821745" level="INFO">200</msg>
<arg>${response.status_code}</arg>
<doc>Logs the given message with the given level.</doc>
<status status="PASS" start="2024-05-25T09:14:26.821394" elapsed="0.000400"/>
</kw>
<kw name="Set Variable" owner="BuiltIn">
<msg time="2024-05-25T09:14:26.822557" level="INFO">${json_data} = {'results': [{'gender': 'female', 'name': {'title': 'Mrs', 'first': 'Dragana', 'last': 'Tadić'}, 'location': {'street': {'number': 6285, 'name': 'Lozička'}, 'city': 'Pančevo', 'state': 'Kosovo', 'coun...</msg>
<var>${json_data}</var>
<arg>${response.json()}</arg>
<doc>Returns the given values which can then be assigned to a variables.</doc>
<status status="PASS" start="2024-05-25T09:14:26.822103" elapsed="0.000485"/>
</kw>
<kw name="Dictionary Should Contain Key" owner="Collections">
<msg time="2024-05-25T09:14:26.823119" level="INFO">False</msg>
<arg>${json_data}</arg>
<arg>results</arg>
<doc>Fails if ``key`` is not found from ``dictionary``.</doc>
<status status="PASS" start="2024-05-25T09:14:26.822895" elapsed="0.000417"/>
</kw>
<status status="PASS" start="2024-05-25T09:14:26.631861" elapsed="0.191725"/>
</kw>
<doc>Testa se a API responde corretamente e retorna um objeto JSON válido.</doc>
<tag>testeRequisicaoBasica</tag>
<status status="PASS" start="2024-05-25T09:14:26.631326" elapsed="0.192443"/>
</test>
<test id="s1-s1-t3" name="Validar estrutura de resposta" line="22">
<kw name="Teste de Estrutura de Resposta" owner="random-user-service">
<kw name="GET On Session" owner="RequestsLibrary">
<msg time="2024-05-25T09:14:26.900250" level="INFO">GET Request : url=https://randomuser.me/api 
 path_url=/api 
 headers={'User-Agent': 'python-requests/2.32.2', 'Accept-Encoding': 'gzip, deflate', 'Accept': '*/*', 'Connection': 'keep-alive'} 
 body=None 
 </msg>
<msg time="2024-05-25T09:14:26.900317" level="INFO">GET Response : url=https://randomuser.me/api 
 status=200, reason=OK 
 headers={'Date': 'Sat, 25 May 2024 09:14:26 GMT', 'Content-Type': 'application/json; charset=utf-8', 'Transfer-Encoding': 'chunked', 'Connection': 'keep-alive', 'X-Powered-By': 'Express', 'Access-Control-Allow-Origin': '*', 'Cache-Control': 'no-cache', 'ETag': 'W/"486-pVBfo7uoZ3cXLvt3/DQbUN1ot48"', 'Vary': 'Accept-Encoding', 'Content-Encoding': 'gzip', 'CF-Cache-Status': 'DYNAMIC', 'Report-To': '{"endpoints":[{"url":"https:\\/\\/a.nel.cloudflare.com\\/report\\/v4?s=Al1Evw4mGtBL%2Fv7m%2Fati02zhTy2ffotCdENUKJSq5YwUMtmYAdDv7joEmq4OxaPQo2Ova04McLFwhv8qtz2Dp8Q2DJwtQHZwSlGBfus9xps5pjtd%2BugM43rXyyOuseKP"}],"group":"cf-nel","max_age":604800}', 'NEL': '{"success_fraction":0,"report_to":"cf-nel","max_age":604800}', 'Server': 'cloudflare', 'CF-RAY': '88946a4daa833af4-IAD', 'alt-svc': 'h3=":443"; ma=86400'} 
 body={"results":[{"gender":"female","name":{"title":"Mrs","first":"Alice","last":"Neal"},"location":{"street":{"number":1419,"name":"Henry Street"},"city":"Loughrea","state":"Carlow","country":"Ireland","postcode":93140,"coordinates":{"latitude":"-2.2207","longitude":"8.2489"},"timezone":{"offset":"-3:00","description":"Brazil, Buenos Aires, Georgetown"}},"email":"alice.neal@example.com","login":{"uuid":"0a852490-e580-4186-a67d-0af175f6ba06","username":"ticklishbird704","password":"illini","salt":"uFcgGzjy","md5":"d8a6d88a72ac43c09f03580d088443ff","sha1":"ac9049690961a207c4f9c93dedfb4327da70ca2a","sha256":"6c2e6de6288857a0213da3c89fd8225fef681424dc8ae50aeb49e52cde2e36d9"},"dob":{"date":"2000-01-30T18:03:15.710Z","age":24},"registered":{"date":"2003-07-04T00:58:31.122Z","age":20},"phone":"031-937-6039","cell":"081-646-8077","id":{"name":"PPS","value":"2112292T"},"picture":{"large":"https://randomuser.me/api/portraits/women/45.jpg","medium":"https://randomuser.me/api/portraits/med/women/45.jpg","thumbnail":"https://randomuser.me/api/portraits/thumb/women/45.jpg"},"nat":"IE"}],"info":{"seed":"880c07f59b97698f","results":1,"page":1,"version":"1.4"}} 
 </msg>
<msg time="2024-05-25T09:14:26.900410" level="INFO">/opt/hostedtoolcache/Python/3.12.3/x64/lib/python3.12/site-packages/urllib3/connectionpool.py:1103: InsecureRequestWarning: Unverified HTTPS request is being made to host 'randomuser.me'. Adding certificate verification is strongly advised. See: https://urllib3.readthedocs.io/en/latest/advanced-usage.html#tls-warnings
  warnings.warn(</msg>
<msg time="2024-05-25T09:14:26.900522" level="INFO">${response} = &lt;Response [200]&gt;</msg>
<var>${response}</var>
<arg>consultarAPI</arg>
<arg>/api</arg>
<doc>Sends a GET request on a previously created HTTP Session.</doc>
<status status="PASS" start="2024-05-25T09:14:26.826480" elapsed="0.074086"/>
</kw>
<kw name="Set Variable" owner="BuiltIn">
<msg time="2024-05-25T09:14:26.901381" level="INFO">${json_data} = {'results': [{'gender': 'female', 'name': {'title': 'Mrs', 'first': 'Alice', 'last': 'Neal'}, 'location': {'street': {'number': 1419, 'name': 'Henry Street'}, 'city': 'Loughrea', 'state': 'Carlow', 'c...</msg>
<var>${json_data}</var>
<arg>${response.json()}</arg>
<doc>Returns the given values which can then be assigned to a variables.</doc>
<status status="PASS" start="2024-05-25T09:14:26.900913" elapsed="0.000499"/>
</kw>
<kw name="Log" owner="BuiltIn">
<msg time="2024-05-25T09:14:26.901880" level="INFO">{'results': [{'gender': 'female', 'name': {'title': 'Mrs', 'first': 'Alice', 'last': 'Neal'}, 'location': {'street': {'number': 1419, 'name': 'Henry Street'}, 'city': 'Loughrea', 'state': 'Carlow', 'country': 'Ireland', 'postcode': 93140, 'coordinates': {'latitude': '-2.2207', 'longitude': '8.2489'}, 'timezone': {'offset': '-3:00', 'description': 'Brazil, Buenos Aires, Georgetown'}}, 'email': 'alice.neal@example.com', 'login': {'uuid': '0a852490-e580-4186-a67d-0af175f6ba06', 'username': 'ticklishbird704', 'password': 'illini', 'salt': 'uFcgGzjy', 'md5': 'd8a6d88a72ac43c09f03580d088443ff', 'sha1': 'ac9049690961a207c4f9c93dedfb4327da70ca2a', 'sha256': '6c2e6de6288857a0213da3c89fd8225fef681424dc8ae50aeb49e52cde2e36d9'}, 'dob': {'date': '2000-01-30T18:03:15.710Z', 'age': 24}, 'registered': {'date': '2003-07-04T00:58:31.122Z', 'age': 20}, 'phone': '031-937-6039', 'cell': '081-646-8077', 'id': {'name': 'PPS', 'value': '2112292T'}, 'picture': {'large': 'https://randomuser.me/api/portraits/women/45.jpg', 'medium': 'https://randomuser.me/api/portraits/med/women/45.jpg', 'thumbnail': 'https://randomuser.me/api/portraits/thumb/women/45.jpg'}, 'nat': 'IE'}], 'info': {'seed': '880c07f59b97698f', 'results': 1, 'page': 1, 'version': '1.4'}}</msg>
<arg>${json_data}</arg>
<doc>Logs the given message with the given level.</doc>
<status status="PASS" start="2024-05-25T09:14:26.901721" elapsed="0.000219"/>
</kw>
<kw name="Dictionary Should Contain Key" owner="Collections">
<msg time="2024-05-25T09:14:26.902390" level="INFO">False</msg>
<arg>${json_data}</arg>
<arg>results</arg>
<doc>Fails if ``key`` is not found from ``dictionary``.</doc>
<status status="PASS" start="2024-05-25T09:14:26.902237" elapsed="0.000190"/>
</kw>
<kw name="Should Not Be Empty" owner="BuiltIn">
<msg time="2024-05-25T09:14:26.902868" level="INFO">Length is 2.</msg>
<arg>${json_data}</arg>
<doc>Verifies that the given item is not empty.</doc>
<status status="PASS" start="2024-05-25T09:14:26.902727" elapsed="0.000181"/>
</kw>
<kw name="Create List" owner="BuiltIn">
<msg time="2024-05-25T09:14:26.903425" level="INFO">${expected_keys} = ['gender', 'name', 'location', 'email', 'login']</msg>
<var>${expected_keys}</var>
<arg>gender</arg>
<arg>name</arg>
<arg>location</arg>
<arg>email</arg>
<arg>login</arg>
<doc>Returns a list containing given items.</doc>
<status status="PASS" start="2024-05-25T09:14:26.903264" elapsed="0.000185"/>
</kw>
<for flavor="IN">
<iter>
<kw name="Dictionary Should Contain Key" owner="Collections">
<msg time="2024-05-25T09:14:26.904463" level="INFO">False</msg>
<arg>${json_data['results'][0]}</arg>
<arg>${key}</arg>
<doc>Fails if ``key`` is not found from ``dictionary``.</doc>
<status status="PASS" start="2024-05-25T09:14:26.904033" elapsed="0.000474"/>
</kw>
<kw name="Log" owner="BuiltIn">
<msg time="2024-05-25T09:14:26.905210" level="INFO">{'gender': 'female', 'name': {'title': 'Mrs', 'first': 'Alice', 'last': 'Neal'}, 'location': {'street': {'number': 1419, 'name': 'Henry Street'}, 'city': 'Loughrea', 'state': 'Carlow', 'country': 'Ireland', 'postcode': 93140, 'coordinates': {'latitude': '-2.2207', 'longitude': '8.2489'}, 'timezone': {'offset': '-3:00', 'description': 'Brazil, Buenos Aires, Georgetown'}}, 'email': 'alice.neal@example.com', 'login': {'uuid': '0a852490-e580-4186-a67d-0af175f6ba06', 'username': 'ticklishbird704', 'password': 'illini', 'salt': 'uFcgGzjy', 'md5': 'd8a6d88a72ac43c09f03580d088443ff', 'sha1': 'ac9049690961a207c4f9c93dedfb4327da70ca2a', 'sha256': '6c2e6de6288857a0213da3c89fd8225fef681424dc8ae50aeb49e52cde2e36d9'}, 'dob': {'date': '2000-01-30T18:03:15.710Z', 'age': 24}, 'registered': {'date': '2003-07-04T00:58:31.122Z', 'age': 20}, 'phone': '031-937-6039', 'cell': '081-646-8077', 'id': {'name': 'PPS', 'value': '2112292T'}, 'picture': {'large': 'https://randomuser.me/api/portraits/women/45.jpg', 'medium': 'https://randomuser.me/api/portraits/med/women/45.jpg', 'thumbnail': 'https://randomuser.me/api/portraits/thumb/women/45.jpg'}, 'nat': 'IE'}</msg>
<arg>${json_data['results'][0]}</arg>
<doc>Logs the given message with the given level.</doc>
<status status="PASS" start="2024-05-25T09:14:26.904829" elapsed="0.000429"/>
</kw>
<kw name="Log" owner="BuiltIn">
<msg time="2024-05-25T09:14:26.905682" level="INFO">gender</msg>
<arg>${key}</arg>
<doc>Logs the given message with the given level.</doc>
<status status="PASS" start="2024-05-25T09:14:26.905552" elapsed="0.000168"/>
</kw>
<var name="${key}">gender</var>
<status status="PASS" start="2024-05-25T09:14:26.903907" elapsed="0.002029"/>
</iter>
<iter>
<kw name="Dictionary Should Contain Key" owner="Collections">
<msg time="2024-05-25T09:14:26.906627" level="INFO">False</msg>
<arg>${json_data['results'][0]}</arg>
<arg>${key}</arg>
<doc>Fails if ``key`` is not found from ``dictionary``.</doc>
<status status="PASS" start="2024-05-25T09:14:26.906239" elapsed="0.000425"/>
</kw>
<kw name="Log" owner="BuiltIn">
<msg time="2024-05-25T09:14:26.907381" level="INFO">{'gender': 'female', 'name': {'title': 'Mrs', 'first': 'Alice', 'last': 'Neal'}, 'location': {'street': {'number': 1419, 'name': 'Henry Street'}, 'city': 'Loughrea', 'state': 'Carlow', 'country': 'Ireland', 'postcode': 93140, 'coordinates': {'latitude': '-2.2207', 'longitude': '8.2489'}, 'timezone': {'offset': '-3:00', 'description': 'Brazil, Buenos Aires, Georgetown'}}, 'email': 'alice.neal@example.com', 'login': {'uuid': '0a852490-e580-4186-a67d-0af175f6ba06', 'username': 'ticklishbird704', 'password': 'illini', 'salt': 'uFcgGzjy', 'md5': 'd8a6d88a72ac43c09f03580d088443ff', 'sha1': 'ac9049690961a207c4f9c93dedfb4327da70ca2a', 'sha256': '6c2e6de6288857a0213da3c89fd8225fef681424dc8ae50aeb49e52cde2e36d9'}, 'dob': {'date': '2000-01-30T18:03:15.710Z', 'age': 24}, 'registered': {'date': '2003-07-04T00:58:31.122Z', 'age': 20}, 'phone': '031-937-6039', 'cell': '081-646-8077', 'id': {'name': 'PPS', 'value': '2112292T'}, 'picture': {'large': 'https://randomuser.me/api/portraits/women/45.jpg', 'medium': 'https://randomuser.me/api/portraits/med/women/45.jpg', 'thumbnail': 'https://randomuser.me/api/portraits/thumb/women/45.jpg'}, 'nat': 'IE'}</msg>
<arg>${json_data['results'][0]}</arg>
<doc>Logs the given message with the given level.</doc>
<status status="PASS" start="2024-05-25T09:14:26.907015" elapsed="0.000415"/>
</kw>
<kw name="Log" owner="BuiltIn">
<msg time="2024-05-25T09:14:26.907858" level="INFO">name</msg>
<arg>${key}</arg>
<doc>Logs the given message with the given level.</doc>
<status status="PASS" start="2024-05-25T09:14:26.907729" elapsed="0.000167"/>
</kw>
<var name="${key}">name</var>
<status status="PASS" start="2024-05-25T09:14:26.906124" elapsed="0.002001"/>
</iter>
<iter>
<kw name="Dictionary Should Contain Key" owner="Collections">
<msg time="2024-05-25T09:14:26.908797" level="INFO">False</msg>
<arg>${json_data['results'][0]}</arg>
<arg>${key}</arg>
<doc>Fails if ``key`` is not found from ``dictionary``.</doc>
<status status="PASS" start="2024-05-25T09:14:26.908417" elapsed="0.000428"/>
</kw>
<kw name="Log" owner="BuiltIn">
<msg time="2024-05-25T09:14:26.909509" level="INFO">{'gender': 'female', 'name': {'title': 'Mrs', 'first': 'Alice', 'last': 'Neal'}, 'location': {'street': {'number': 1419, 'name': 'Henry Street'}, 'city': 'Loughrea', 'state': 'Carlow', 'country': 'Ireland', 'postcode': 93140, 'coordinates': {'latitude': '-2.2207', 'longitude': '8.2489'}, 'timezone': {'offset': '-3:00', 'description': 'Brazil, Buenos Aires, Georgetown'}}, 'email': 'alice.neal@example.com', 'login': {'uuid': '0a852490-e580-4186-a67d-0af175f6ba06', 'username': 'ticklishbird704', 'password': 'illini', 'salt': 'uFcgGzjy', 'md5': 'd8a6d88a72ac43c09f03580d088443ff', 'sha1': 'ac9049690961a207c4f9c93dedfb4327da70ca2a', 'sha256': '6c2e6de6288857a0213da3c89fd8225fef681424dc8ae50aeb49e52cde2e36d9'}, 'dob': {'date': '2000-01-30T18:03:15.710Z', 'age': 24}, 'registered': {'date': '2003-07-04T00:58:31.122Z', 'age': 20}, 'phone': '031-937-6039', 'cell': '081-646-8077', 'id': {'name': 'PPS', 'value': '2112292T'}, 'picture': {'large': 'https://randomuser.me/api/portraits/women/45.jpg', 'medium': 'https://randomuser.me/api/portraits/med/women/45.jpg', 'thumbnail': 'https://randomuser.me/api/portraits/thumb/women/45.jpg'}, 'nat': 'IE'}</msg>
<arg>${json_data['results'][0]}</arg>
<doc>Logs the given message with the given level.</doc>
<status status="PASS" start="2024-05-25T09:14:26.909143" elapsed="0.000425"/>
</kw>
<kw name="Log" owner="BuiltIn">
<msg time="2024-05-25T09:14:26.909991" level="INFO">location</msg>
<arg>${key}</arg>
<doc>Logs the given message with the given level.</doc>
<status status="PASS" start="2024-05-25T09:14:26.909863" elapsed="0.000167"/>
</kw>
<var name="${key}">location</var>
<status status="PASS" start="2024-05-25T09:14:26.908305" elapsed="0.001947"/>
</iter>
<iter>
<kw name="Dictionary Should Contain Key" owner="Collections">
<msg time="2024-05-25T09:14:26.911062" level="INFO">False</msg>
<arg>${json_data['results'][0]}</arg>
<arg>${key}</arg>
<doc>Fails if ``key`` is not found from ``dictionary``.</doc>
<status status="PASS" start="2024-05-25T09:14:26.910538" elapsed="0.000565"/>
</kw>
<kw name="Log" owner="BuiltIn">
<msg time="2024-05-25T09:14:26.911773" level="INFO">{'gender': 'female', 'name': {'title': 'Mrs', 'first': 'Alice', 'last': 'Neal'}, 'location': {'street': {'number': 1419, 'name': 'Henry Street'}, 'city': 'Loughrea', 'state': 'Carlow', 'country': 'Ireland', 'postcode': 93140, 'coordinates': {'latitude': '-2.2207', 'longitude': '8.2489'}, 'timezone': {'offset': '-3:00', 'description': 'Brazil, Buenos Aires, Georgetown'}}, 'email': 'alice.neal@example.com', 'login': {'uuid': '0a852490-e580-4186-a67d-0af175f6ba06', 'username': 'ticklishbird704', 'password': 'illini', 'salt': 'uFcgGzjy', 'md5': 'd8a6d88a72ac43c09f03580d088443ff', 'sha1': 'ac9049690961a207c4f9c93dedfb4327da70ca2a', 'sha256': '6c2e6de6288857a0213da3c89fd8225fef681424dc8ae50aeb49e52cde2e36d9'}, 'dob': {'date': '2000-01-30T18:03:15.710Z', 'age': 24}, 'registered': {'date': '2003-07-04T00:58:31.122Z', 'age': 20}, 'phone': '031-937-6039', 'cell': '081-646-8077', 'id': {'name': 'PPS', 'value': '2112292T'}, 'picture': {'large': 'https://randomuser.me/api/portraits/women/45.jpg', 'medium': 'https://randomuser.me/api/portraits/med/women/45.jpg', 'thumbnail': 'https://randomuser.me/api/portraits/thumb/women/45.jpg'}, 'nat': 'IE'}</msg>
<arg>${json_data['results'][0]}</arg>
<doc>Logs the given message with the given level.</doc>
<status status="PASS" start="2024-05-25T09:14:26.911414" elapsed="0.000409"/>
</kw>
<kw name="Log" owner="BuiltIn">
<msg time="2024-05-25T09:14:26.912247" level="INFO">email</msg>
<arg>${key}</arg>
<doc>Logs the given message with the given level.</doc>
<status status="PASS" start="2024-05-25T09:14:26.912119" elapsed="0.000166"/>
</kw>
<var name="${key}">email</var>
<status status="PASS" start="2024-05-25T09:14:26.910427" elapsed="0.002072"/>
</iter>
<iter>
<kw name="Dictionary Should Contain Key" owner="Collections">
<msg time="2024-05-25T09:14:26.913188" level="INFO">False</msg>
<arg>${json_data['results'][0]}</arg>
<arg>${key}</arg>
<doc>Fails if ``key`` is not found from ``dictionary``.</doc>
<status status="PASS" start="2024-05-25T09:14:26.912813" elapsed="0.000412"/>
</kw>
<kw name="Log" owner="BuiltIn">
<msg time="2024-05-25T09:14:26.913890" level="INFO">{'gender': 'female', 'name': {'title': 'Mrs', 'first': 'Alice', 'last': 'Neal'}, 'location': {'street': {'number': 1419, 'name': 'Henry Street'}, 'city': 'Loughrea', 'state': 'Carlow', 'country': 'Ireland', 'postcode': 93140, 'coordinates': {'latitude': '-2.2207', 'longitude': '8.2489'}, 'timezone': {'offset': '-3:00', 'description': 'Brazil, Buenos Aires, Georgetown'}}, 'email': 'alice.neal@example.com', 'login': {'uuid': '0a852490-e580-4186-a67d-0af175f6ba06', 'username': 'ticklishbird704', 'password': 'illini', 'salt': 'uFcgGzjy', 'md5': 'd8a6d88a72ac43c09f03580d088443ff', 'sha1': 'ac9049690961a207c4f9c93dedfb4327da70ca2a', 'sha256': '6c2e6de6288857a0213da3c89fd8225fef681424dc8ae50aeb49e52cde2e36d9'}, 'dob': {'date': '2000-01-30T18:03:15.710Z', 'age': 24}, 'registered': {'date': '2003-07-04T00:58:31.122Z', 'age': 20}, 'phone': '031-937-6039', 'cell': '081-646-8077', 'id': {'name': 'PPS', 'value': '2112292T'}, 'picture': {'large': 'https://randomuser.me/api/portraits/women/45.jpg', 'medium': 'https://randomuser.me/api/portraits/med/women/45.jpg', 'thumbnail': 'https://randomuser.me/api/portraits/thumb/women/45.jpg'}, 'nat': 'IE'}</msg>
<arg>${json_data['results'][0]}</arg>
<doc>Logs the given message with the given level.</doc>
<status status="PASS" start="2024-05-25T09:14:26.913526" elapsed="0.000412"/>
</kw>
<kw name="Log" owner="BuiltIn">
<msg time="2024-05-25T09:14:26.914367" level="INFO">login</msg>
<arg>${key}</arg>
<doc>Logs the given message with the given level.</doc>
<status status="PASS" start="2024-05-25T09:14:26.914240" elapsed="0.000165"/>
</kw>
<var name="${key}">login</var>
<status status="PASS" start="2024-05-25T09:14:26.912696" elapsed="0.001926"/>
</iter>
<var>${key}</var>
<value>@{expected_keys}</value>
<status status="PASS" start="2024-05-25T09:14:26.903721" elapsed="0.011052"/>
</for>
<kw name="Create List" owner="BuiltIn">
<msg time="2024-05-25T09:14:26.915150" level="INFO">${expected_keysTwo} = ['username', 'password']</msg>
<var>${expected_keysTwo}</var>
<arg>username</arg>
<arg>password</arg>
<doc>Returns a list containing given items.</doc>
<status status="PASS" start="2024-05-25T09:14:26.915005" elapsed="0.000169"/>
</kw>
<for flavor="IN">
<iter>
<kw name="Dictionary Should Contain Key" owner="Collections">
<msg time="2024-05-25T09:14:26.916051" level="INFO">False</msg>
<arg>${json_data['results'][0]['login']}</arg>
<arg>${keyTwo}</arg>
<doc>Fails if ``key`` is not found from ``dictionary``.</doc>
<status status="PASS" start="2024-05-25T09:14:26.915672" elapsed="0.000416"/>
</kw>
<kw name="Dictionary Should Contain Key" owner="Collections">
<msg time="2024-05-25T09:14:26.916763" level="INFO">False</msg>
<arg>${json_data['results'][0]['login']}</arg>
<arg>${keyTwo}</arg>
<doc>Fails if ``key`` is not found from ``dictionary``.</doc>
<status status="PASS" start="2024-05-25T09:14:26.916385" elapsed="0.000416"/>
</kw>
<kw name="Log" owner="BuiltIn">
<msg time="2024-05-25T09:14:26.917252" level="INFO">username</msg>
<arg>${keyTwo}</arg>
<doc>Logs the given message with the given level.</doc>
<status status="PASS" start="2024-05-25T09:14:26.917112" elapsed="0.000178"/>
</kw>
<var name="${keyTwo}">username</var>
<status status="PASS" start="2024-05-25T09:14:26.915562" elapsed="0.001946"/>
</iter>
<iter>
<kw name="Dictionary Should Contain Key" owner="Collections">
<msg time="2024-05-25T09:14:26.918171" level="INFO">False</msg>
<arg>${json_data['results'][0]['login']}</arg>
<arg>${keyTwo}</arg>
<doc>Fails if ``key`` is not found from ``dictionary``.</doc>
<status status="PASS" start="2024-05-25T09:14:26.917788" elapsed="0.000423"/>
</kw>
<kw name="Dictionary Should Contain Key" owner="Collections">
<msg time="2024-05-25T09:14:26.918888" level="INFO">False</msg>
<arg>${json_data['results'][0]['login']}</arg>
<arg>${keyTwo}</arg>
<doc>Fails if ``key`` is not found from ``dictionary``.</doc>
<status status="PASS" start="2024-05-25T09:14:26.918504" elapsed="0.000422"/>
</kw>
<kw name="Log" owner="BuiltIn">
<msg time="2024-05-25T09:14:26.919381" level="INFO">password</msg>
<arg>${keyTwo}</arg>
<doc>Logs the given message with the given level.</doc>
<status status="PASS" start="2024-05-25T09:14:26.919254" elapsed="0.000164"/>
</kw>
<var name="${keyTwo}">password</var>
<status status="PASS" start="2024-05-25T09:14:26.917679" elapsed="0.001954"/>
</iter>
<var>${keyTwo}</var>
<value>@{expected_keysTwo}</value>
<status status="PASS" start="2024-05-25T09:14:26.915412" elapsed="0.004343"/>
</for>
<status status="PASS" start="2024-05-25T09:14:26.826239" elapsed="0.093657"/>
</kw>
<doc>Testa a estrutura da resposta da API.</doc>
<tag>testeEstruturaResposta</tag>
<status status="PASS" start="2024-05-25T09:14:26.825619" elapsed="0.094428"/>
</test>
<test id="s1-s1-t4" name="Validar tipos de dados" line="28">
<kw name="Teste de Tipos de Dados" owner="random-user-service">
<kw name="GET On Session" owner="RequestsLibrary">
<msg time="2024-05-25T09:14:27.009042" level="INFO">GET Request : url=https://randomuser.me/api 
 path_url=/api 
 headers={'User-Agent': 'python-requests/2.32.2', 'Accept-Encoding': 'gzip, deflate', 'Accept': '*/*', 'Connection': 'keep-alive'} 
 body=None 
 </msg>
<msg time="2024-05-25T09:14:27.009130" level="INFO">GET Response : url=https://randomuser.me/api 
 status=200, reason=OK 
 headers={'Date': 'Sat, 25 May 2024 09:14:27 GMT', 'Content-Type': 'application/json; charset=utf-8', 'Transfer-Encoding': 'chunked', 'Connection': 'keep-alive', 'X-Powered-By': 'Express', 'Access-Control-Allow-Origin': '*', 'Cache-Control': 'no-cache', 'ETag': 'W/"47e-QiztAZX3+1Yoztc/E7Ctm25/4eE"', 'Vary': 'Accept-Encoding', 'Content-Encoding': 'gzip', 'CF-Cache-Status': 'DYNAMIC', 'Report-To': '{"endpoints":[{"url":"https:\\/\\/a.nel.cloudflare.com\\/report\\/v4?s=LggCBxQ5PfmqS9NQtY3%2F%2FXDiBrMy0Xm4nhKJcKmHYumkMrWo0pgJzOR8CvPBh0iQBLW6HstPEbJhd6DVRf2vf%2F7MLfjryKIs1ViqjBOCWKeo9IxEf3Ax5hHQmIg5yzuk"}],"group":"cf-nel","max_age":604800}', 'NEL': '{"success_fraction":0,"report_to":"cf-nel","max_age":604800}', 'Server': 'cloudflare', 'CF-RAY': '88946a4e4b0a3af4-IAD', 'alt-svc': 'h3=":443"; ma=86400'} 
 body={"results":[{"gender":"female","name":{"title":"Ms","first":"Zakaria","last":"Van Meer"},"location":{"street":{"number":9251,"name":"Bergumlaan"},"city":"Lheebroek","state":"Utrecht","country":"Netherlands","postcode":"0857 NZ","coordinates":{"latitude":"37.5439","longitude":"82.5166"},"timezone":{"offset":"+4:30","description":"Kabul"}},"email":"zakaria.vanmeer@example.com","login":{"uuid":"fdfae27c-1db7-4368-8006-1b9e0c6134fc","username":"greenbutterfly721","password":"999999","salt":"2TBmzIbb","md5":"72bb57fc1e42545d84ee6c1c58315228","sha1":"b419377965395f1e4be06482831c56b9506a77bd","sha256":"2d101adfa2f7cc56cfdbf34998b8b0a6fa5abfdb2b60ec77274b9fa5594a725a"},"dob":{"date":"1977-05-13T09:49:16.473Z","age":47},"registered":{"date":"2020-01-23T20:31:24.072Z","age":4},"phone":"(0697) 321809","cell":"(06) 90106576","id":{"name":"BSN","value":"87516012"},"picture":{"large":"https://randomuser.me/api/portraits/women/1.jpg","medium":"https://randomuser.me/api/portraits/med/women/1.jpg","thumbnail":"https://randomuser.me/api/portraits/thumb/women/1.jpg"},"nat":"NL"}],"info":{"seed":"d387999e2fa64912","results":1,"page":1,"version":"1.4"}} 
 </msg>
<msg time="2024-05-25T09:14:27.009200" level="INFO">/opt/hostedtoolcache/Python/3.12.3/x64/lib/python3.12/site-packages/urllib3/connectionpool.py:1103: InsecureRequestWarning: Unverified HTTPS request is being made to host 'randomuser.me'. Adding certificate verification is strongly advised. See: https://urllib3.readthedocs.io/en/latest/advanced-usage.html#tls-warnings
  warnings.warn(</msg>
<msg time="2024-05-25T09:14:27.009332" level="INFO">${response} = &lt;Response [200]&gt;</msg>
<var>${response}</var>
<arg>consultarAPI</arg>
<arg>/api</arg>
<doc>Sends a GET request on a previously created HTTP Session.</doc>
<status status="PASS" start="2024-05-25T09:14:26.922427" elapsed="0.086957"/>
</kw>
<kw name="Set Variable" owner="BuiltIn">
<msg time="2024-05-25T09:14:27.010299" level="INFO">${json_data} = {'results': [{'gender': 'female', 'name': {'title': 'Ms', 'first': 'Zakaria', 'last': 'Van Meer'}, 'location': {'street': {'number': 9251, 'name': 'Bergumlaan'}, 'city': 'Lheebroek', 'state': 'Utrecht...</msg>
<var>${json_data}</var>
<arg>${response.json()}</arg>
<doc>Returns the given values which can then be assigned to a variables.</doc>
<status status="PASS" start="2024-05-25T09:14:27.009832" elapsed="0.000497"/>
</kw>
<kw name="Log" owner="BuiltIn">
<msg time="2024-05-25T09:14:27.010806" level="INFO">{'results': [{'gender': 'female', 'name': {'title': 'Ms', 'first': 'Zakaria', 'last': 'Van Meer'}, 'location': {'street': {'number': 9251, 'name': 'Bergumlaan'}, 'city': 'Lheebroek', 'state': 'Utrecht', 'country': 'Netherlands', 'postcode': '0857 NZ', 'coordinates': {'latitude': '37.5439', 'longitude': '82.5166'}, 'timezone': {'offset': '+4:30', 'description': 'Kabul'}}, 'email': 'zakaria.vanmeer@example.com', 'login': {'uuid': 'fdfae27c-1db7-4368-8006-1b9e0c6134fc', 'username': 'greenbutterfly721', 'password': '999999', 'salt': '2TBmzIbb', 'md5': '72bb57fc1e42545d84ee6c1c58315228', 'sha1': 'b419377965395f1e4be06482831c56b9506a77bd', 'sha256': '2d101adfa2f7cc56cfdbf34998b8b0a6fa5abfdb2b60ec77274b9fa5594a725a'}, 'dob': {'date': '1977-05-13T09:49:16.473Z', 'age': 47}, 'registered': {'date': '2020-01-23T20:31:24.072Z', 'age': 4}, 'phone': '(0697) 321809', 'cell': '(06) 90106576', 'id': {'name': 'BSN', 'value': '87516012'}, 'picture': {'large': 'https://randomuser.me/api/portraits/women/1.jpg', 'medium': 'https://randomuser.me/api/portraits/med/women/1.jpg', 'thumbnail': 'https://randomuser.me/api/portraits/thumb/women/1.jpg'}, 'nat': 'NL'}], 'info': {'seed': 'd387999e2fa64912', 'results': 1, 'page': 1, 'version': '1.4'}}</msg>
<arg>${json_data}</arg>
<doc>Logs the given message with the given level.</doc>
<status status="PASS" start="2024-05-25T09:14:27.010652" elapsed="0.000236"/>
</kw>
<kw name="Should Be String" owner="String">
<arg>${json_data['results'][0]['gender']}</arg>
<doc>Fails if the given ``item`` is not a string.</doc>
<status status="PASS" start="2024-05-25T09:14:27.011245" elapsed="0.000365"/>
</kw>
<kw name="Should Match Regexp" owner="BuiltIn">
<arg>${json_data['results'][0]['email']}</arg>
<arg>^[a-zA-Z0-9._%+-]+@[a-zA-Z0-9.-]+\.[a-zA-Z]{2,}$</arg>
<doc>Fails if ``string`` does not match ``pattern`` as a regular expression.</doc>
<status status="PASS" start="2024-05-25T09:14:27.011804" elapsed="0.000640"/>
</kw>
<kw name="Should Match Regexp" owner="BuiltIn">
<arg>${json_data['results'][0]['dob']['date']}</arg>
<arg>\\d{4}-\\d{2}-\\d{2}T\\d{2}:\\d{2}:\\d{2}\\.\\d{3}Z</arg>
<doc>Fails if ``string`` does not match ``pattern`` as a regular expression.</doc>
<status status="PASS" start="2024-05-25T09:14:27.012645" elapsed="0.000491"/>
</kw>
<kw name="Should Match Regexp" owner="BuiltIn">
<arg>${json_data['results'][0]['registered']['date']}</arg>
<arg>\\d{4}-\\d{2}-\\d{2}T\\d{2}:\\d{2}:\\d{2}\\.\\d{3}Z</arg>
<doc>Fails if ``string`` does not match ``pattern`` as a regular expression.</doc>
<status status="PASS" start="2024-05-25T09:14:27.013332" elapsed="0.000365"/>
</kw>
<kw name="Should Match Regexp" owner="BuiltIn">
<arg>${json_data['results'][0]['picture']['large']}</arg>
<arg>^https?://.*\.(?:png|jpe?g|gif|bmp)$</arg>
<doc>Fails if ``string`` does not match ``pattern`` as a regular expression.</doc>
<status status="PASS" start="2024-05-25T09:14:27.013886" elapsed="0.000459"/>
</kw>
<kw name="Should Match Regexp" owner="BuiltIn">
<arg>${json_data['results'][0]['picture']['medium']}</arg>
<arg>^https?://.*\.(?:png|jpe?g|gif|bmp)$</arg>
<doc>Fails if ``string`` does not match ``pattern`` as a regular expression.</doc>
<status status="PASS" start="2024-05-25T09:14:27.014537" elapsed="0.000350"/>
</kw>
<kw name="Should Match Regexp" owner="BuiltIn">
<arg>${json_data['results'][0]['picture']['thumbnail']}</arg>
<arg>^https?://.*\.(?:png|jpe?g|gif|bmp)$</arg>
<doc>Fails if ``string`` does not match ``pattern`` as a regular expression.</doc>
<status status="PASS" start="2024-05-25T09:14:27.015107" elapsed="0.000351"/>
</kw>
<kw name="Log" owner="BuiltIn">
<msg time="2024-05-25T09:14:27.015968" level="INFO">{'large': 'https://randomuser.me/api/portraits/women/1.jpg', 'medium': 'https://randomuser.me/api/portraits/med/women/1.jpg', 'thumbnail': 'https://randomuser.me/api/portraits/thumb/women/1.jpg'}</msg>
<arg>${json_data['results'][0]['picture']}</arg>
<doc>Logs the given message with the given level.</doc>
<status status="PASS" start="2024-05-25T09:14:27.015639" elapsed="0.000372"/>
</kw>
<status status="PASS" start="2024-05-25T09:14:26.922194" elapsed="0.094073"/>
</kw>
<kw name="Teste de Tipos de Dados - Postcode" owner="random-user-service">
<kw name="GET On Session" owner="RequestsLibrary">
<msg time="2024-05-25T09:14:27.138478" level="INFO">GET Request : url=https://randomuser.me/api 
 path_url=/api 
 headers={'User-Agent': 'python-requests/2.32.2', 'Accept-Encoding': 'gzip, deflate', 'Accept': '*/*', 'Connection': 'keep-alive'} 
 body=None 
 </msg>
<msg time="2024-05-25T09:14:27.138568" level="INFO">GET Response : url=https://randomuser.me/api 
 status=200, reason=OK 
 headers={'Date': 'Sat, 25 May 2024 09:14:27 GMT', 'Content-Type': 'application/json; charset=utf-8', 'Transfer-Encoding': 'chunked', 'Connection': 'keep-alive', 'X-Powered-By': 'Express', 'Access-Control-Allow-Origin': '*', 'Cache-Control': 'no-cache', 'ETag': 'W/"4a7-yBzzReQ/4DGZwgO+D+JMoodxwNg"', 'Vary': 'Accept-Encoding', 'Content-Encoding': 'gzip', 'CF-Cache-Status': 'DYNAMIC', 'Report-To': '{"endpoints":[{"url":"https:\\/\\/a.nel.cloudflare.com\\/report\\/v4?s=GN6Zi51Go7%2BMdRw0%2FTv4RCqpZgo79oj8nxit4NIG%2BHgMubUVJsT4r9z3o3ntncjRMISUQdqUahlUo3qsy6qpuKSUdDNMhH4UAKjxQcUDEss7sYG56rEyPRShV%2Bh63XJJ"}],"group":"cf-nel","max_age":604800}', 'NEL': '{"success_fraction":0,"report_to":"cf-nel","max_age":604800}', 'Server': 'cloudflare', 'CF-RAY': '88946a4edb9b3af4-IAD', 'alt-svc': 'h3=":443"; ma=86400'} 
 body={"results":[{"gender":"female","name":{"title":"Ms","first":"Amanda","last":"Halko"},"location":{"street":{"number":9963,"name":"Nordenskiöldinkatu"},"city":"Hattula","state":"Southern Ostrobothnia","country":"Finland","postcode":34937,"coordinates":{"latitude":"-26.9104","longitude":"2.2721"},"timezone":{"offset":"+8:00","description":"Beijing, Perth, Singapore, Hong Kong"}},"email":"amanda.halko@example.com","login":{"uuid":"11ddf71c-4e88-4b82-9eb2-e2f64fdbb00d","username":"blackwolf244","password":"r2d2","salt":"7GGRIk23","md5":"0811f51b38729335bf1312dd68ee1182","sha1":"3547da652644f5d5a25180171c4cd90d47ab1f74","sha256":"27780045fb6f25a04c727da3ed22791515024f2f56c1e4a4206dbfc5365cc143"},"dob":{"date":"2000-04-02T10:21:28.625Z","age":24},"registered":{"date":"2010-10-09T23:18:16.307Z","age":13},"phone":"09-877-008","cell":"048-100-72-70","id":{"name":"HETU","value":"NaNNA764undefined"},"picture":{"large":"https://randomuser.me/api/portraits/women/30.jpg","medium":"https://randomuser.me/api/portraits/med/women/30.jpg","thumbnail":"https://randomuser.me/api/portraits/thumb/women/30.jpg"},"nat":"FI"}],"info":{"seed":"6d5b30da8e633324","results":1,"page":1,"version":"1.4"}} 
 </msg>
<msg time="2024-05-25T09:14:27.138642" level="INFO">/opt/hostedtoolcache/Python/3.12.3/x64/lib/python3.12/site-packages/urllib3/connectionpool.py:1103: InsecureRequestWarning: Unverified HTTPS request is being made to host 'randomuser.me'. Adding certificate verification is strongly advised. See: https://urllib3.readthedocs.io/en/latest/advanced-usage.html#tls-warnings
  warnings.warn(</msg>
<msg time="2024-05-25T09:14:27.138776" level="INFO">${response} = &lt;Response [200]&gt;</msg>
<var>${response}</var>
<arg>consultarAPI</arg>
<arg>/api</arg>
<doc>Sends a GET request on a previously created HTTP Session.</doc>
<status status="PASS" start="2024-05-25T09:14:27.016710" elapsed="0.122101"/>
</kw>
<kw name="Set Variable" owner="BuiltIn">
<msg time="2024-05-25T09:14:27.139695" level="INFO">${json_data} = {'results': [{'gender': 'female', 'name': {'title': 'Ms', 'first': 'Amanda', 'last': 'Halko'}, 'location': {'street': {'number': 9963, 'name': 'Nordenskiöldinkatu'}, 'city': 'Hattula', 'state': 'South...</msg>
<var>${json_data}</var>
<arg>${response.json()}</arg>
<doc>Returns the given values which can then be assigned to a variables.</doc>
<status status="PASS" start="2024-05-25T09:14:27.139226" elapsed="0.000498"/>
</kw>
<kw name="Log" owner="BuiltIn">
<msg time="2024-05-25T09:14:27.140194" level="INFO">{'results': [{'gender': 'female', 'name': {'title': 'Ms', 'first': 'Amanda', 'last': 'Halko'}, 'location': {'street': {'number': 9963, 'name': 'Nordenskiöldinkatu'}, 'city': 'Hattula', 'state': 'Southern Ostrobothnia', 'country': 'Finland', 'postcode': 34937, 'coordinates': {'latitude': '-26.9104', 'longitude': '2.2721'}, 'timezone': {'offset': '+8:00', 'description': 'Beijing, Perth, Singapore, Hong Kong'}}, 'email': 'amanda.halko@example.com', 'login': {'uuid': '11ddf71c-4e88-4b82-9eb2-e2f64fdbb00d', 'username': 'blackwolf244', 'password': 'r2d2', 'salt': '7GGRIk23', 'md5': '0811f51b38729335bf1312dd68ee1182', 'sha1': '3547da652644f5d5a25180171c4cd90d47ab1f74', 'sha256': '27780045fb6f25a04c727da3ed22791515024f2f56c1e4a4206dbfc5365cc143'}, 'dob': {'date': '2000-04-02T10:21:28.625Z', 'age': 24}, 'registered': {'date': '2010-10-09T23:18:16.307Z', 'age': 13}, 'phone': '09-877-008', 'cell': '048-100-72-70', 'id': {'name': 'HETU', 'value': 'NaNNA764undefined'}, 'picture': {'large': 'https://randomuser.me/api/portraits/women/30.jpg', 'medium': 'https://randomuser.me/api/portraits/med/women/30.jpg', 'thumbnail': 'https://randomuser.me/api/portraits/thumb/women/30.jpg'}, 'nat': 'FI'}], 'info': {'seed': '6d5b30da8e633324', 'results': 1, 'page': 1, 'version': '1.4'}}</msg>
<arg>${json_data}</arg>
<doc>Logs the given message with the given level.</doc>
<status status="PASS" start="2024-05-25T09:14:27.140035" elapsed="0.000242"/>
</kw>
<kw name="Should Be Equal As Numbers" owner="BuiltIn">
<arg>${json_data['results'][0]['location']['postcode']}</arg>
<arg>${json_data['results'][0]['location']['postcode']}</arg>
<doc>Fails if objects are unequal after converting them to real numbers.</doc>
<status status="PASS" start="2024-05-25T09:14:27.140575" elapsed="0.000614"/>
</kw>
<kw name="Log" owner="BuiltIn">
<msg time="2024-05-25T09:14:27.141709" level="INFO">34937</msg>
<arg>${json_data['results'][0]['location']['postcode']}</arg>
<doc>Logs the given message with the given level.</doc>
<status status="PASS" start="2024-05-25T09:14:27.141377" elapsed="0.000373"/>
</kw>
<status status="PASS" start="2024-05-25T09:14:27.016488" elapsed="0.125513"/>
</kw>
<doc>Testa se os tipos de dados na resposta da API estão corretos.</doc>
<tag>testeTiposDados</tag>
<status status="PASS" start="2024-05-25T09:14:26.921763" elapsed="0.220402"/>
</test>
<test id="s1-s1-t5" name="Validar conteudo" line="35">
<kw name="Teste de Tipos de Conteudo" owner="random-user-service">
<kw name="GET On Session" owner="RequestsLibrary">
<msg time="2024-05-25T09:14:27.229073" level="INFO">GET Request : url=https://randomuser.me/api 
 path_url=/api 
 headers={'User-Agent': 'python-requests/2.32.2', 'Accept-Encoding': 'gzip, deflate', 'Accept': '*/*', 'Connection': 'keep-alive'} 
 body=None 
 </msg>
<msg time="2024-05-25T09:14:27.229154" level="INFO">GET Response : url=https://randomuser.me/api 
 status=200, reason=OK 
 headers={'Date': 'Sat, 25 May 2024 09:14:27 GMT', 'Content-Type': 'application/json; charset=utf-8', 'Transfer-Encoding': 'chunked', 'Connection': 'keep-alive', 'X-Powered-By': 'Express', 'Access-Control-Allow-Origin': '*', 'Cache-Control': 'no-cache', 'ETag': 'W/"483-SDrWGcJ0Ngo4q/qV+mDqmI4yzbY"', 'Vary': 'Accept-Encoding', 'Content-Encoding': 'gzip', 'CF-Cache-Status': 'DYNAMIC', 'Report-To': '{"endpoints":[{"url":"https:\\/\\/a.nel.cloudflare.com\\/report\\/v4?s=xKPOFVCV2zVg2Jyb4IVKspFKGbcIKNEd%2BmOTXLz5ghro4BlaLezDqZdVOHcpjmIdP%2BZVNN1B2pnOK7VQnsUqP9X4kQna%2Fa4fZvnfdaVLpyyiSMtHZlYluza8sRdiq023"}],"group":"cf-nel","max_age":604800}', 'NEL': '{"success_fraction":0,"report_to":"cf-nel","max_age":604800}', 'Server': 'cloudflare', 'CF-RAY': '88946a4fac473af4-IAD', 'alt-svc': 'h3=":443"; ma=86400'} 
 body={"results":[{"gender":"female","name":{"title":"Miss","first":"June","last":"Hunt"},"location":{"street":{"number":1055,"name":"Hunters Creek Dr"},"city":"Elk Grove","state":"Oklahoma","country":"United States","postcode":43665,"coordinates":{"latitude":"87.9670","longitude":"66.7123"},"timezone":{"offset":"-10:00","description":"Hawaii"}},"email":"june.hunt@example.com","login":{"uuid":"8711164b-5d5d-4550-a469-5245b332daa6","username":"organicgoose218","password":"hayabusa","salt":"ZwZwudOr","md5":"3f93da5d35bf27f533637f67f87aa697","sha1":"6e02e0aca3d008a656d8fc288ba18454b4d96694","sha256":"71e419689b80a973339f766ba97d7204f2a20d95bbb017ba5d03f34cf029c28f"},"dob":{"date":"1961-08-15T13:10:44.050Z","age":62},"registered":{"date":"2008-10-25T23:32:26.531Z","age":15},"phone":"(321) 866-4290","cell":"(724) 952-0116","id":{"name":"SSN","value":"632-32-7475"},"picture":{"large":"https://randomuser.me/api/portraits/women/67.jpg","medium":"https://randomuser.me/api/portraits/med/women/67.jpg","thumbnail":"https://randomuser.me/api/portraits/thumb/women/67.jpg"},"nat":"US"}],"info":{"seed":"67b0b768eb6273f6","results":1,"page":1,"version":"1.4"}} 
 </msg>
<msg time="2024-05-25T09:14:27.229215" level="INFO">/opt/hostedtoolcache/Python/3.12.3/x64/lib/python3.12/site-packages/urllib3/connectionpool.py:1103: InsecureRequestWarning: Unverified HTTPS request is being made to host 'randomuser.me'. Adding certificate verification is strongly advised. See: https://urllib3.readthedocs.io/en/latest/advanced-usage.html#tls-warnings
  warnings.warn(</msg>
<msg time="2024-05-25T09:14:27.229336" level="INFO">${response} = &lt;Response [200]&gt;</msg>
<var>${response}</var>
<arg>consultarAPI</arg>
<arg>/api</arg>
<doc>Sends a GET request on a previously created HTTP Session.</doc>
<status status="PASS" start="2024-05-25T09:14:27.144594" elapsed="0.084794"/>
</kw>
<kw name="Set Variable" owner="BuiltIn">
<msg time="2024-05-25T09:14:27.230275" level="INFO">${json_data} = {'results': [{'gender': 'female', 'name': {'title': 'Miss', 'first': 'June', 'last': 'Hunt'}, 'location': {'street': {'number': 1055, 'name': 'Hunters Creek Dr'}, 'city': 'Elk Grove', 'state': 'Oklaho...</msg>
<var>${json_data}</var>
<arg>${response.json()}</arg>
<doc>Returns the given values which can then be assigned to a variables.</doc>
<status status="PASS" start="2024-05-25T09:14:27.229808" elapsed="0.000495"/>
</kw>
<kw name="Set Variable" owner="BuiltIn">
<msg time="2024-05-25T09:14:27.231031" level="INFO">${name_title} = Miss</msg>
<var>${name_title}</var>
<arg>${json_data["results"][0]["name"]["title"]}</arg>
<doc>Returns the given values which can then be assigned to a variables.</doc>
<status status="PASS" start="2024-05-25T09:14:27.230611" elapsed="0.000447"/>
</kw>
<kw name="Create List" owner="BuiltIn">
<msg time="2024-05-25T09:14:27.231523" level="INFO">${allowed_titles} = ['Mr', 'Ms', 'Miss', 'Mrs', 'Madame', 'Monsieur']</msg>
<var>${allowed_titles}</var>
<arg>Mr</arg>
<arg>Ms</arg>
<arg>Miss</arg>
<arg>Mrs</arg>
<arg>Madame</arg>
<arg>Monsieur</arg>
<doc>Returns a list containing given items.</doc>
<status status="PASS" start="2024-05-25T09:14:27.231371" elapsed="0.000176"/>
</kw>
<kw name="List Should Contain Value" owner="Collections">
<msg time="2024-05-25T09:14:27.232025" level="INFO">False</msg>
<arg>${allowed_titles}</arg>
<arg>${name_title}</arg>
<doc>Fails if the ``value`` is not found from ``list``.</doc>
<status status="PASS" start="2024-05-25T09:14:27.231845" elapsed="0.000218"/>
</kw>
<kw name="Set Variable" owner="BuiltIn">
<msg time="2024-05-25T09:14:27.232907" level="INFO">${name_country} = US</msg>
<var>${name_country}</var>
<arg>${json_data["results"][0]["nat"]}</arg>
<doc>Returns the given values which can then be assigned to a variables.</doc>
<status status="PASS" start="2024-05-25T09:14:27.232353" elapsed="0.000580"/>
</kw>
<kw name="Create List" owner="BuiltIn">
<msg time="2024-05-25T09:14:27.233852" level="INFO">${list_country} = ['AD', 'AE', 'AF', 'AG', 'AI', 'AL', 'AM', 'AO', 'AQ', 'AR', 'AS', 'AT', 'AU', 'AW', 'AX', 'AZ', 'BA', 'BB', 'BD', 'BE', 'BF', 'BG', 'BH', 'BI', 'BJ', 'BL', 'BM', 'BN', 'BO', 'BQ', 'BR', 'BS', 'BT', '...</msg>
<var>${list_country}</var>
<arg>AD</arg>
<arg>AE</arg>
<arg>AF</arg>
<arg>AG</arg>
<arg>AI</arg>
<arg>AL</arg>
<arg>AM</arg>
<arg>AO</arg>
<arg>AQ</arg>
<arg>AR</arg>
<arg>AS</arg>
<arg>AT</arg>
<arg>AU</arg>
<arg>AW</arg>
<arg>AX</arg>
<arg>AZ</arg>
<arg>BA</arg>
<arg>BB</arg>
<arg>BD</arg>
<arg>BE</arg>
<arg>BF</arg>
<arg>BG</arg>
<arg>BH</arg>
<arg>BI</arg>
<arg>BJ</arg>
<arg>BL</arg>
<arg>BM</arg>
<arg>BN</arg>
<arg>BO</arg>
<arg>BQ</arg>
<arg>BR</arg>
<arg>BS</arg>
<arg>BT</arg>
<arg>BV</arg>
<arg>BW</arg>
<arg>BY</arg>
<arg>BZ</arg>
<arg>CA</arg>
<arg>CC</arg>
<arg>CD</arg>
<arg>CF</arg>
<arg>CG</arg>
<arg>CH</arg>
<arg>CI</arg>
<arg>CK</arg>
<arg>CL</arg>
<arg>CM</arg>
<arg>CN</arg>
<arg>CO</arg>
<arg>CR</arg>
<arg>CU</arg>
<arg>CV</arg>
<arg>CW</arg>
<arg>CX</arg>
<arg>CY</arg>
<arg>CZ</arg>
<arg>DE</arg>
<arg>DJ</arg>
<arg>DK</arg>
<arg>DM</arg>
<arg>DO</arg>
<arg>DZ</arg>
<arg>EC</arg>
<arg>EE</arg>
<arg>EG</arg>
<arg>EH</arg>
<arg>ER</arg>
<arg>ES</arg>
<arg>ET</arg>
<arg>FI</arg>
<arg>FJ</arg>
<arg>FK</arg>
<arg>FM</arg>
<arg>FO</arg>
<arg>FR</arg>
<arg>GA</arg>
<arg>GB</arg>
<arg>GD</arg>
<arg>GE</arg>
<arg>GF</arg>
<arg>GG</arg>
<arg>GH</arg>
<arg>GI</arg>
<arg>GL</arg>
<arg>GM</arg>
<arg>GN</arg>
<arg>GP</arg>
<arg>GQ</arg>
<arg>GR</arg>
<arg>GS</arg>
<arg>GT</arg>
<arg>GU</arg>
<arg>GW</arg>
<arg>GY</arg>
<arg>HK</arg>
<arg>HM</arg>
<arg>HN</arg>
<arg>HR</arg>
<arg>HT</arg>
<arg>HU</arg>
<arg>ID</arg>
<arg>IE</arg>
<arg>IL</arg>
<arg>IM</arg>
<arg>IN</arg>
<arg>IO</arg>
<arg>IQ</arg>
<arg>IR</arg>
<arg>IS</arg>
<arg>IT</arg>
<arg>JE</arg>
<arg>JM</arg>
<arg>JO</arg>
<arg>JP</arg>
<arg>KE</arg>
<arg>KG</arg>
<arg>KH</arg>
<arg>KI</arg>
<arg>KM</arg>
<arg>KN</arg>
<arg>KP</arg>
<arg>KR</arg>
<arg>KW</arg>
<arg>KY</arg>
<arg>KZ</arg>
<arg>LA</arg>
<arg>LB</arg>
<arg>LC</arg>
<arg>LI</arg>
<arg>LK</arg>
<arg>LR</arg>
<arg>LS</arg>
<arg>LT</arg>
<arg>LU</arg>
<arg>LV</arg>
<arg>LY</arg>
<arg>MA</arg>
<arg>MC</arg>
<arg>MD</arg>
<arg>ME</arg>
<arg>MF</arg>
<arg>MG</arg>
<arg>MH</arg>
<arg>MK</arg>
<arg>ML</arg>
<arg>MM</arg>
<arg>MN</arg>
<arg>MO</arg>
<arg>MP</arg>
<arg>MQ</arg>
<arg>MR</arg>
<arg>MS</arg>
<arg>MT</arg>
<arg>MU</arg>
<arg>MV</arg>
<arg>MW</arg>
<arg>MX</arg>
<arg>MY</arg>
<arg>MZ</arg>
<arg>NA</arg>
<arg>NC</arg>
<arg>NE</arg>
<arg>NF</arg>
<arg>NG</arg>
<arg>NI</arg>
<arg>NL</arg>
<arg>NO</arg>
<arg>NP</arg>
<arg>NR</arg>
<arg>NU</arg>
<arg>NZ</arg>
<arg>OM</arg>
<arg>PA</arg>
<arg>PE</arg>
<arg>PF</arg>
<arg>PG</arg>
<arg>PH</arg>
<arg>PK</arg>
<arg>PL</arg>
<arg>PM</arg>
<arg>PN</arg>
<arg>PR</arg>
<arg>PS</arg>
<arg>PT</arg>
<arg>PW</arg>
<arg>PY</arg>
<arg>QA</arg>
<arg>RE</arg>
<arg>RO</arg>
<arg>RS</arg>
<arg>RU</arg>
<arg>RW</arg>
<arg>SA</arg>
<arg>SB</arg>
<arg>SC</arg>
<arg>SD</arg>
<arg>SE</arg>
<arg>SG</arg>
<arg>SH</arg>
<arg>SI</arg>
<arg>SJ</arg>
<arg>SK</arg>
<arg>SL</arg>
<arg>SM</arg>
<arg>SN</arg>
<arg>SO</arg>
<arg>SR</arg>
<arg>SS</arg>
<arg>ST</arg>
<arg>SV</arg>
<arg>SX</arg>
<arg>SY</arg>
<arg>SZ</arg>
<arg>TC</arg>
<arg>TD</arg>
<arg>TF</arg>
<arg>TG</arg>
<arg>TH</arg>
<arg>TJ</arg>
<arg>TK</arg>
<arg>TL</arg>
<arg>TM</arg>
<arg>TN</arg>
<arg>TO</arg>
<arg>TR</arg>
<arg>TT</arg>
<arg>TV</arg>
<arg>TW</arg>
<arg>TZ</arg>
<arg>UA</arg>
<arg>UG</arg>
<arg>UM</arg>
<arg>US</arg>
<arg>UY</arg>
<arg>UZ</arg>
<arg>VA</arg>
<arg>VC</arg>
<arg>VE</arg>
<arg>VG</arg>
<arg>VI</arg>
<arg>VN</arg>
<arg>VU</arg>
<arg>WF</arg>
<arg>WS</arg>
<arg>XK</arg>
<arg>YE</arg>
<arg>YT</arg>
<arg>ZA</arg>
<arg>ZM</arg>
<arg>ZW</arg>
<doc>Returns a list containing given items.</doc>
<status status="PASS" start="2024-05-25T09:14:27.233242" elapsed="0.000636"/>
</kw>
<kw name="List Should Contain Value" owner="Collections">
<msg time="2024-05-25T09:14:27.234861" level="INFO">False</msg>
<arg>${list_country}</arg>
<arg>${name_country}</arg>
<doc>Fails if the ``value`` is not found from ``list``.</doc>
<status status="PASS" start="2024-05-25T09:14:27.234657" elapsed="0.000241"/>
</kw>
<kw name="Run Keyword If" owner="BuiltIn">
<kw name="Should Be True" owner="BuiltIn">
<arg>${True}</arg>
<doc>Fails if the given condition is not true.</doc>
<status status="PASS" start="2024-05-25T09:14:27.236051" elapsed="0.000147"/>
</kw>
<arg>${json_data["results"][0]["location"]["coordinates"]["latitude"]} &gt;= -90 and ${json_data["results"][0]["location"]["coordinates"]["latitude"]} &lt;= 90</arg>
<arg>Should Be True</arg>
<arg>${True}</arg>
<doc>Runs the given keyword with the given arguments, if ``condition`` is true.</doc>
<status status="PASS" start="2024-05-25T09:14:27.235248" elapsed="0.001078"/>
</kw>
<kw name="Run Keyword If" owner="BuiltIn">
<kw name="Should Be True" owner="BuiltIn">
<arg>${True}</arg>
<doc>Fails if the given condition is not true.</doc>
<status status="PASS" start="2024-05-25T09:14:27.237211" elapsed="0.000137"/>
</kw>
<arg>${json_data["results"][0]["location"]["coordinates"]["longitude"]} &gt;= -180 and ${json_data["results"][0]["location"]["coordinates"]["longitude"]} &lt;= 180</arg>
<arg>Should Be True</arg>
<arg>${True}</arg>
<doc>Runs the given keyword with the given arguments, if ``condition`` is true.</doc>
<status status="PASS" start="2024-05-25T09:14:27.236513" elapsed="0.000959"/>
</kw>
<status status="PASS" start="2024-05-25T09:14:27.144372" elapsed="0.093236"/>
</kw>
<doc>Testa o conteúdo específico dos campos retornados pela API.</doc>
<tag>testeConteudo</tag>
<status status="PASS" start="2024-05-25T09:14:27.143947" elapsed="0.093812"/>
</test>
<status status="PASS" start="2024-05-25T09:14:26.281271" elapsed="0.958508"/>
</suite>
<status status="PASS" start="2024-05-25T09:14:26.267592" elapsed="0.977387"/>
</suite>
<statistics>
<total>
<stat pass="5" fail="0" skip="0">All Tests</stat>
</total>
<tag>
<stat pass="1" fail="0" skip="0">testeConteudo</stat>
<stat pass="1" fail="0" skip="0">testeEstruturaResposta</stat>
<stat pass="1" fail="0" skip="0">testeRequisicaoBasica</stat>
<stat pass="1" fail="0" skip="0">testeTiposDados</stat>
</tag>
<suite>
<stat pass="5" fail="0" skip="0" id="s1" name="Tests">Tests</stat>
<stat pass="5" fail="0" skip="0" id="s1-s1" name="Random-User-Test">Tests.Random-User-Test</stat>
</suite>
</statistics>
<errors>
</errors>
</robot>
