<?xml version="1.0" encoding="UTF-8"?>
<robot generator="Robot 7.0.1 (Python 3.12.4 on linux)" generated="2024-07-11T08:19:06.537937" rpa="false" schemaversion="5">
<suite id="s1" name="Tests" source="/home/runner/work/ApiRandomUser/ApiRandomUser/RamdonUser/tests">
<suite id="s1-s1" name="Random-User-Test" source="/home/runner/work/ApiRandomUser/ApiRandomUser/RamdonUser/tests/random-user-test.robot">
<test id="s1-s1-t1" name="Conectar" line="13">
<kw name="Conectar API" owner="random-user-service">
<kw name="Create Session" owner="RequestsLibrary">
<msg time="2024-07-11T08:19:06.960679" level="INFO">Creating Session using : alias=consultarAPI, url=https://randomuser.me/, headers={},                     cookies={}, auth=None, timeout=None, proxies=None, verify=False,                     debug=0 </msg>
<arg>consultarAPI</arg>
<arg>${URL}</arg>
<doc>Create Session: create a HTTP session to a server</doc>
<status status="PASS" start="2024-07-11T08:19:06.960403" elapsed="0.000488"/>
</kw>
<status status="PASS" start="2024-07-11T08:19:06.959359" elapsed="0.001932"/>
</kw>
<status status="PASS" start="2024-07-11T08:19:06.958727" elapsed="0.002774"/>
</test>
<test id="s1-s1-t2" name="Validar retorno 200 e JSON Válido" line="16">
<kw name="Teste de Requisicao Basica" owner="random-user-service">
<kw name="GET On Session" owner="RequestsLibrary">
<msg time="2024-07-11T08:19:07.301704" level="INFO">GET Request : url=https://randomuser.me/api 
 path_url=/api 
 headers={'User-Agent': 'python-requests/2.32.3', 'Accept-Encoding': 'gzip, deflate', 'Accept': '*/*', 'Connection': 'keep-alive'} 
 body=None 
 </msg>
<msg time="2024-07-11T08:19:07.301876" level="INFO">GET Response : url=https://randomuser.me/api 
 status=200, reason=OK 
 headers={'Date': 'Thu, 11 Jul 2024 08:19:07 GMT', 'Content-Type': 'application/json; charset=utf-8', 'Transfer-Encoding': 'chunked', 'Connection': 'keep-alive', 'X-Powered-By': 'Express', 'Access-Control-Allow-Origin': '*', 'Cache-Control': 'no-cache', 'ETag': 'W/"488-joRByd95qEnDOoiiYhP6RafZywY"', 'Vary': 'Accept-Encoding', 'Content-Encoding': 'gzip', 'CF-Cache-Status': 'DYNAMIC', 'Report-To': '{"endpoints":[{"url":"https:\\/\\/a.nel.cloudflare.com\\/report\\/v4?s=w85KhIPIbUdilemCcsfP%2FAqVrNZGPGqqk%2FAnR1Mo9K8cAcAgsJ8WyG9jIg0JTvox1OHQiolUxqn5Jr6m6ROpnTrErp6qxIHRil8eHrgojZNLQwC1zdD0tS2M23QlS3hN"}],"group":"cf-nel","max_age":604800}', 'NEL': '{"success_fraction":0,"report_to":"cf-nel","max_age":604800}', 'Server': 'cloudflare', 'CF-RAY': '8a175de0c8bb2c60-ORD', 'alt-svc': 'h3=":443"; ma=86400'} 
 body={"results":[{"gender":"male","name":{"title":"Mr","first":"Rajko","last":"Kićanović"},"location":{"street":{"number":9712,"name":"Miluna Marovića"},"city":"Šid","state":"Rasina","country":"Serbia","postcode":93075,"coordinates":{"latitude":"58.9290","longitude":"-48.9802"},"timezone":{"offset":"-7:00","description":"Mountain Time (US &amp; Canada)"}},"email":"rajko.kicanovic@example.com","login":{"uuid":"a53f8bae-5296-4e21-816c-318a48be0369","username":"greenpeacock306","password":"bearcats","salt":"vlLz6igb","md5":"c9bdaa5221a7c1e54bb210678c62c4f7","sha1":"34927f617c594a8a35cdec934916e5fcb83040fa","sha256":"e5190d7b232e6f9d250137581666586f823d5a40736a5f06bf10f7c875379442"},"dob":{"date":"1948-08-14T22:30:02.475Z","age":75},"registered":{"date":"2013-06-20T09:42:21.258Z","age":11},"phone":"015-7802-456","cell":"069-2153-315","id":{"name":"SID","value":"356026757"},"picture":{"large":"https://randomuser.me/api/portraits/men/63.jpg","medium":"https://randomuser.me/api/portraits/med/men/63.jpg","thumbnail":"https://randomuser.me/api/portraits/thumb/men/63.jpg"},"nat":"RS"}],"info":{"seed":"5b0d93b5925ee93b","results":1,"page":1,"version":"1.4"}} 
 </msg>
<msg time="2024-07-11T08:19:07.301977" level="INFO">/opt/hostedtoolcache/Python/3.12.4/x64/lib/python3.12/site-packages/urllib3/connectionpool.py:1099: InsecureRequestWarning: Unverified HTTPS request is being made to host 'randomuser.me'. Adding certificate verification is strongly advised. See: https://urllib3.readthedocs.io/en/latest/advanced-usage.html#tls-warnings
  warnings.warn(</msg>
<msg time="2024-07-11T08:19:07.302139" level="INFO">${response} = &lt;Response [200]&gt;</msg>
<var>${response}</var>
<arg>consultarAPI</arg>
<arg>/api</arg>
<doc>Sends a GET request on a previously created HTTP Session.</doc>
<status status="PASS" start="2024-07-11T08:19:06.964189" elapsed="0.338002"/>
</kw>
<kw name="Should Be Equal As Numbers" owner="BuiltIn">
<msg time="2024-07-11T08:19:07.303478" level="INFO">Argument types are:
&lt;class 'int'&gt;
&lt;class 'str'&gt;</msg>
<arg>${response.status_code}</arg>
<arg>200</arg>
<doc>Fails if objects are unequal after converting them to real numbers.</doc>
<status status="PASS" start="2024-07-11T08:19:07.302932" elapsed="0.000618"/>
</kw>
<kw name="Log" owner="BuiltIn">
<msg time="2024-07-11T08:19:07.304334" level="INFO">200</msg>
<arg>${response.status_code}</arg>
<doc>Logs the given message with the given level.</doc>
<status status="PASS" start="2024-07-11T08:19:07.303939" elapsed="0.000441"/>
</kw>
<kw name="Set Variable" owner="BuiltIn">
<msg time="2024-07-11T08:19:07.305257" level="INFO">${json_data} = {'results': [{'gender': 'male', 'name': {'title': 'Mr', 'first': 'Rajko', 'last': 'Kićanović'}, 'location': {'street': {'number': 9712, 'name': 'Miluna Marovića'}, 'city': 'Šid', 'state': 'Rasina', 'c...</msg>
<var>${json_data}</var>
<arg>${response.json()}</arg>
<doc>Returns the given values which can then be assigned to a variables.</doc>
<status status="PASS" start="2024-07-11T08:19:07.304768" elapsed="0.000521"/>
</kw>
<kw name="Dictionary Should Contain Key" owner="Collections">
<arg>${json_data}</arg>
<arg>results</arg>
<doc>Fails if ``key`` is not found from ``dictionary``.</doc>
<status status="PASS" start="2024-07-11T08:19:07.305618" elapsed="0.000176"/>
</kw>
<status status="PASS" start="2024-07-11T08:19:06.963912" elapsed="0.342052"/>
</kw>
<doc>Testa se a API responde corretamente e retorna um objeto JSON válido.</doc>
<tag>testeRequisicaoBasica</tag>
<status status="PASS" start="2024-07-11T08:19:06.963412" elapsed="0.342743"/>
</test>
<test id="s1-s1-t3" name="Validar estrutura de resposta" line="22">
<kw name="Teste de Estrutura de Resposta" owner="random-user-service">
<kw name="GET On Session" owner="RequestsLibrary">
<msg time="2024-07-11T08:19:07.429219" level="INFO">GET Request : url=https://randomuser.me/api 
 path_url=/api 
 headers={'User-Agent': 'python-requests/2.32.3', 'Accept-Encoding': 'gzip, deflate', 'Accept': '*/*', 'Connection': 'keep-alive'} 
 body=None 
 </msg>
<msg time="2024-07-11T08:19:07.429324" level="INFO">GET Response : url=https://randomuser.me/api 
 status=200, reason=OK 
 headers={'Date': 'Thu, 11 Jul 2024 08:19:07 GMT', 'Content-Type': 'application/json; charset=utf-8', 'Transfer-Encoding': 'chunked', 'Connection': 'keep-alive', 'X-Powered-By': 'Express', 'Access-Control-Allow-Origin': '*', 'Cache-Control': 'no-cache', 'ETag': 'W/"4a7-3a1QvzI5aRL1Lhr0MpPXCApD/wY"', 'Vary': 'Accept-Encoding', 'Content-Encoding': 'gzip', 'CF-Cache-Status': 'DYNAMIC', 'Report-To': '{"endpoints":[{"url":"https:\\/\\/a.nel.cloudflare.com\\/report\\/v4?s=FT5zQl2xSq42Gl4cRf8EeTeVTzS3NwTYyg%2By1fT0SvbPCiuKQwxMbnfxbjzaRbSgAw%2BvyR5Jv%2FxkG8QRenClgNCZ00iNmXOzxsQptMEYAp7Pzg5mhfD4kpf1sOZUIncO"}],"group":"cf-nel","max_age":604800}', 'NEL': '{"success_fraction":0,"report_to":"cf-nel","max_age":604800}', 'Server': 'cloudflare', 'CF-RAY': '8a175de2aa382c60-ORD', 'alt-svc': 'h3=":443"; ma=86400'} 
 body={"results":[{"gender":"male","name":{"title":"Mr","first":"Jairo","last":"Orta"},"location":{"street":{"number":3115,"name":"Continuación Sur Prado"},"city":"Cuautlapan","state":"Baja California Sur","country":"Mexico","postcode":65168,"coordinates":{"latitude":"29.5365","longitude":"-57.1089"},"timezone":{"offset":"-5:00","description":"Eastern Time (US &amp; Canada), Bogota, Lima"}},"email":"jairo.orta@example.com","login":{"uuid":"7a447319-f668-4a5b-9bfc-6cd0a536aa93","username":"whiterabbit471","password":"redsox1","salt":"9AxHQuUe","md5":"ecfeac1790942ea7b581e26bc1ef0146","sha1":"fa482e150ff332fc306df9d785e8c2fa3224924b","sha256":"5b87a54d90d8cbde54ae49ee6ee0422910b8a7f89861fc9d459f647ad749bac5"},"dob":{"date":"1987-04-11T15:01:37.098Z","age":37},"registered":{"date":"2019-07-26T12:54:05.254Z","age":4},"phone":"(663) 236 6627","cell":"(630) 286 1658","id":{"name":"NSS","value":"90 35 56 3600 6"},"picture":{"large":"https://randomuser.me/api/portraits/men/2.jpg","medium":"https://randomuser.me/api/portraits/med/men/2.jpg","thumbnail":"https://randomuser.me/api/portraits/thumb/men/2.jpg"},"nat":"MX"}],"info":{"seed":"538653facff86d89","results":1,"page":1,"version":"1.4"}} 
 </msg>
<msg time="2024-07-11T08:19:07.429461" level="INFO">/opt/hostedtoolcache/Python/3.12.4/x64/lib/python3.12/site-packages/urllib3/connectionpool.py:1099: InsecureRequestWarning: Unverified HTTPS request is being made to host 'randomuser.me'. Adding certificate verification is strongly advised. See: https://urllib3.readthedocs.io/en/latest/advanced-usage.html#tls-warnings
  warnings.warn(</msg>
<msg time="2024-07-11T08:19:07.429607" level="INFO">${response} = &lt;Response [200]&gt;</msg>
<var>${response}</var>
<arg>consultarAPI</arg>
<arg>/api</arg>
<doc>Sends a GET request on a previously created HTTP Session.</doc>
<status status="PASS" start="2024-07-11T08:19:07.308990" elapsed="0.120660"/>
</kw>
<kw name="Set Variable" owner="BuiltIn">
<msg time="2024-07-11T08:19:07.430896" level="INFO">${json_data} = {'results': [{'gender': 'male', 'name': {'title': 'Mr', 'first': 'Jairo', 'last': 'Orta'}, 'location': {'street': {'number': 3115, 'name': 'Continuación Sur Prado'}, 'city': 'Cuautlapan', 'state': 'Ba...</msg>
<var>${json_data}</var>
<arg>${response.json()}</arg>
<doc>Returns the given values which can then be assigned to a variables.</doc>
<status status="PASS" start="2024-07-11T08:19:07.430294" elapsed="0.000631"/>
</kw>
<kw name="Log" owner="BuiltIn">
<msg time="2024-07-11T08:19:07.431404" level="INFO">{'results': [{'gender': 'male', 'name': {'title': 'Mr', 'first': 'Jairo', 'last': 'Orta'}, 'location': {'street': {'number': 3115, 'name': 'Continuación Sur Prado'}, 'city': 'Cuautlapan', 'state': 'Baja California Sur', 'country': 'Mexico', 'postcode': 65168, 'coordinates': {'latitude': '29.5365', 'longitude': '-57.1089'}, 'timezone': {'offset': '-5:00', 'description': 'Eastern Time (US &amp; Canada), Bogota, Lima'}}, 'email': 'jairo.orta@example.com', 'login': {'uuid': '7a447319-f668-4a5b-9bfc-6cd0a536aa93', 'username': 'whiterabbit471', 'password': 'redsox1', 'salt': '9AxHQuUe', 'md5': 'ecfeac1790942ea7b581e26bc1ef0146', 'sha1': 'fa482e150ff332fc306df9d785e8c2fa3224924b', 'sha256': '5b87a54d90d8cbde54ae49ee6ee0422910b8a7f89861fc9d459f647ad749bac5'}, 'dob': {'date': '1987-04-11T15:01:37.098Z', 'age': 37}, 'registered': {'date': '2019-07-26T12:54:05.254Z', 'age': 4}, 'phone': '(663) 236 6627', 'cell': '(630) 286 1658', 'id': {'name': 'NSS', 'value': '90 35 56 3600 6'}, 'picture': {'large': 'https://randomuser.me/api/portraits/men/2.jpg', 'medium': 'https://randomuser.me/api/portraits/med/men/2.jpg', 'thumbnail': 'https://randomuser.me/api/portraits/thumb/men/2.jpg'}, 'nat': 'MX'}], 'info': {'seed': '538653facff86d89', 'results': 1, 'page': 1, 'version': '1.4'}}</msg>
<arg>${json_data}</arg>
<doc>Logs the given message with the given level.</doc>
<status status="PASS" start="2024-07-11T08:19:07.431242" elapsed="0.000212"/>
</kw>
<kw name="Dictionary Should Contain Key" owner="Collections">
<arg>${json_data}</arg>
<arg>results</arg>
<doc>Fails if ``key`` is not found from ``dictionary``.</doc>
<status status="PASS" start="2024-07-11T08:19:07.431746" elapsed="0.000165"/>
</kw>
<kw name="Should Not Be Empty" owner="BuiltIn">
<msg time="2024-07-11T08:19:07.432232" level="INFO">Length is 2.</msg>
<arg>${json_data}</arg>
<doc>Verifies that the given item is not empty.</doc>
<status status="PASS" start="2024-07-11T08:19:07.432097" elapsed="0.000173"/>
</kw>
<kw name="Create List" owner="BuiltIn">
<msg time="2024-07-11T08:19:07.432917" level="INFO">${expected_keys} = ['gender', 'name', 'location', 'email', 'login']</msg>
<var>${expected_keys}</var>
<arg>gender</arg>
<arg>name</arg>
<arg>location</arg>
<arg>email</arg>
<arg>login</arg>
<doc>Returns a list containing given items.</doc>
<status status="PASS" start="2024-07-11T08:19:07.432603" elapsed="0.000339"/>
</kw>
<for flavor="IN">
<iter>
<kw name="Dictionary Should Contain Key" owner="Collections">
<arg>${json_data['results'][0]}</arg>
<arg>${key}</arg>
<doc>Fails if ``key`` is not found from ``dictionary``.</doc>
<status status="PASS" start="2024-07-11T08:19:07.433529" elapsed="0.000404"/>
</kw>
<kw name="Log" owner="BuiltIn">
<msg time="2024-07-11T08:19:07.434481" level="INFO">{'gender': 'male', 'name': {'title': 'Mr', 'first': 'Jairo', 'last': 'Orta'}, 'location': {'street': {'number': 3115, 'name': 'Continuación Sur Prado'}, 'city': 'Cuautlapan', 'state': 'Baja California Sur', 'country': 'Mexico', 'postcode': 65168, 'coordinates': {'latitude': '29.5365', 'longitude': '-57.1089'}, 'timezone': {'offset': '-5:00', 'description': 'Eastern Time (US &amp; Canada), Bogota, Lima'}}, 'email': 'jairo.orta@example.com', 'login': {'uuid': '7a447319-f668-4a5b-9bfc-6cd0a536aa93', 'username': 'whiterabbit471', 'password': 'redsox1', 'salt': '9AxHQuUe', 'md5': 'ecfeac1790942ea7b581e26bc1ef0146', 'sha1': 'fa482e150ff332fc306df9d785e8c2fa3224924b', 'sha256': '5b87a54d90d8cbde54ae49ee6ee0422910b8a7f89861fc9d459f647ad749bac5'}, 'dob': {'date': '1987-04-11T15:01:37.098Z', 'age': 37}, 'registered': {'date': '2019-07-26T12:54:05.254Z', 'age': 4}, 'phone': '(663) 236 6627', 'cell': '(630) 286 1658', 'id': {'name': 'NSS', 'value': '90 35 56 3600 6'}, 'picture': {'large': 'https://randomuser.me/api/portraits/men/2.jpg', 'medium': 'https://randomuser.me/api/portraits/med/men/2.jpg', 'thumbnail': 'https://randomuser.me/api/portraits/thumb/men/2.jpg'}, 'nat': 'MX'}</msg>
<arg>${json_data['results'][0]}</arg>
<doc>Logs the given message with the given level.</doc>
<status status="PASS" start="2024-07-11T08:19:07.434118" elapsed="0.000415"/>
</kw>
<kw name="Log" owner="BuiltIn">
<msg time="2024-07-11T08:19:07.434960" level="INFO">gender</msg>
<arg>${key}</arg>
<doc>Logs the given message with the given level.</doc>
<status status="PASS" start="2024-07-11T08:19:07.434832" elapsed="0.000164"/>
</kw>
<var name="${key}">gender</var>
<status status="PASS" start="2024-07-11T08:19:07.433405" elapsed="0.001802"/>
</iter>
<iter>
<kw name="Dictionary Should Contain Key" owner="Collections">
<arg>${json_data['results'][0]}</arg>
<arg>${key}</arg>
<doc>Fails if ``key`` is not found from ``dictionary``.</doc>
<status status="PASS" start="2024-07-11T08:19:07.435503" elapsed="0.000391"/>
</kw>
<kw name="Log" owner="BuiltIn">
<msg time="2024-07-11T08:19:07.436469" level="INFO">{'gender': 'male', 'name': {'title': 'Mr', 'first': 'Jairo', 'last': 'Orta'}, 'location': {'street': {'number': 3115, 'name': 'Continuación Sur Prado'}, 'city': 'Cuautlapan', 'state': 'Baja California Sur', 'country': 'Mexico', 'postcode': 65168, 'coordinates': {'latitude': '29.5365', 'longitude': '-57.1089'}, 'timezone': {'offset': '-5:00', 'description': 'Eastern Time (US &amp; Canada), Bogota, Lima'}}, 'email': 'jairo.orta@example.com', 'login': {'uuid': '7a447319-f668-4a5b-9bfc-6cd0a536aa93', 'username': 'whiterabbit471', 'password': 'redsox1', 'salt': '9AxHQuUe', 'md5': 'ecfeac1790942ea7b581e26bc1ef0146', 'sha1': 'fa482e150ff332fc306df9d785e8c2fa3224924b', 'sha256': '5b87a54d90d8cbde54ae49ee6ee0422910b8a7f89861fc9d459f647ad749bac5'}, 'dob': {'date': '1987-04-11T15:01:37.098Z', 'age': 37}, 'registered': {'date': '2019-07-26T12:54:05.254Z', 'age': 4}, 'phone': '(663) 236 6627', 'cell': '(630) 286 1658', 'id': {'name': 'NSS', 'value': '90 35 56 3600 6'}, 'picture': {'large': 'https://randomuser.me/api/portraits/men/2.jpg', 'medium': 'https://randomuser.me/api/portraits/med/men/2.jpg', 'thumbnail': 'https://randomuser.me/api/portraits/thumb/men/2.jpg'}, 'nat': 'MX'}</msg>
<arg>${json_data['results'][0]}</arg>
<doc>Logs the given message with the given level.</doc>
<status status="PASS" start="2024-07-11T08:19:07.436112" elapsed="0.000444"/>
</kw>
<kw name="Log" owner="BuiltIn">
<msg time="2024-07-11T08:19:07.436985" level="INFO">name</msg>
<arg>${key}</arg>
<doc>Logs the given message with the given level.</doc>
<status status="PASS" start="2024-07-11T08:19:07.436857" elapsed="0.000165"/>
</kw>
<var name="${key}">name</var>
<status status="PASS" start="2024-07-11T08:19:07.435390" elapsed="0.001849"/>
</iter>
<iter>
<kw name="Dictionary Should Contain Key" owner="Collections">
<arg>${json_data['results'][0]}</arg>
<arg>${key}</arg>
<doc>Fails if ``key`` is not found from ``dictionary``.</doc>
<status status="PASS" start="2024-07-11T08:19:07.437526" elapsed="0.000375"/>
</kw>
<kw name="Log" owner="BuiltIn">
<msg time="2024-07-11T08:19:07.438437" level="INFO">{'gender': 'male', 'name': {'title': 'Mr', 'first': 'Jairo', 'last': 'Orta'}, 'location': {'street': {'number': 3115, 'name': 'Continuación Sur Prado'}, 'city': 'Cuautlapan', 'state': 'Baja California Sur', 'country': 'Mexico', 'postcode': 65168, 'coordinates': {'latitude': '29.5365', 'longitude': '-57.1089'}, 'timezone': {'offset': '-5:00', 'description': 'Eastern Time (US &amp; Canada), Bogota, Lima'}}, 'email': 'jairo.orta@example.com', 'login': {'uuid': '7a447319-f668-4a5b-9bfc-6cd0a536aa93', 'username': 'whiterabbit471', 'password': 'redsox1', 'salt': '9AxHQuUe', 'md5': 'ecfeac1790942ea7b581e26bc1ef0146', 'sha1': 'fa482e150ff332fc306df9d785e8c2fa3224924b', 'sha256': '5b87a54d90d8cbde54ae49ee6ee0422910b8a7f89861fc9d459f647ad749bac5'}, 'dob': {'date': '1987-04-11T15:01:37.098Z', 'age': 37}, 'registered': {'date': '2019-07-26T12:54:05.254Z', 'age': 4}, 'phone': '(663) 236 6627', 'cell': '(630) 286 1658', 'id': {'name': 'NSS', 'value': '90 35 56 3600 6'}, 'picture': {'large': 'https://randomuser.me/api/portraits/men/2.jpg', 'medium': 'https://randomuser.me/api/portraits/med/men/2.jpg', 'thumbnail': 'https://randomuser.me/api/portraits/thumb/men/2.jpg'}, 'nat': 'MX'}</msg>
<arg>${json_data['results'][0]}</arg>
<doc>Logs the given message with the given level.</doc>
<status status="PASS" start="2024-07-11T08:19:07.438090" elapsed="0.000397"/>
</kw>
<kw name="Log" owner="BuiltIn">
<msg time="2024-07-11T08:19:07.438901" level="INFO">location</msg>
<arg>${key}</arg>
<doc>Logs the given message with the given level.</doc>
<status status="PASS" start="2024-07-11T08:19:07.438777" elapsed="0.000162"/>
</kw>
<var name="${key}">location</var>
<status status="PASS" start="2024-07-11T08:19:07.437417" elapsed="0.001737"/>
</iter>
<iter>
<kw name="Dictionary Should Contain Key" owner="Collections">
<arg>${json_data['results'][0]}</arg>
<arg>${key}</arg>
<doc>Fails if ``key`` is not found from ``dictionary``.</doc>
<status status="PASS" start="2024-07-11T08:19:07.439432" elapsed="0.000384"/>
</kw>
<kw name="Log" owner="BuiltIn">
<msg time="2024-07-11T08:19:07.440354" level="INFO">{'gender': 'male', 'name': {'title': 'Mr', 'first': 'Jairo', 'last': 'Orta'}, 'location': {'street': {'number': 3115, 'name': 'Continuación Sur Prado'}, 'city': 'Cuautlapan', 'state': 'Baja California Sur', 'country': 'Mexico', 'postcode': 65168, 'coordinates': {'latitude': '29.5365', 'longitude': '-57.1089'}, 'timezone': {'offset': '-5:00', 'description': 'Eastern Time (US &amp; Canada), Bogota, Lima'}}, 'email': 'jairo.orta@example.com', 'login': {'uuid': '7a447319-f668-4a5b-9bfc-6cd0a536aa93', 'username': 'whiterabbit471', 'password': 'redsox1', 'salt': '9AxHQuUe', 'md5': 'ecfeac1790942ea7b581e26bc1ef0146', 'sha1': 'fa482e150ff332fc306df9d785e8c2fa3224924b', 'sha256': '5b87a54d90d8cbde54ae49ee6ee0422910b8a7f89861fc9d459f647ad749bac5'}, 'dob': {'date': '1987-04-11T15:01:37.098Z', 'age': 37}, 'registered': {'date': '2019-07-26T12:54:05.254Z', 'age': 4}, 'phone': '(663) 236 6627', 'cell': '(630) 286 1658', 'id': {'name': 'NSS', 'value': '90 35 56 3600 6'}, 'picture': {'large': 'https://randomuser.me/api/portraits/men/2.jpg', 'medium': 'https://randomuser.me/api/portraits/med/men/2.jpg', 'thumbnail': 'https://randomuser.me/api/portraits/thumb/men/2.jpg'}, 'nat': 'MX'}</msg>
<arg>${json_data['results'][0]}</arg>
<doc>Logs the given message with the given level.</doc>
<status status="PASS" start="2024-07-11T08:19:07.440001" elapsed="0.000403"/>
</kw>
<kw name="Log" owner="BuiltIn">
<msg time="2024-07-11T08:19:07.440871" level="INFO">email</msg>
<arg>${key}</arg>
<doc>Logs the given message with the given level.</doc>
<status status="PASS" start="2024-07-11T08:19:07.440737" elapsed="0.000172"/>
</kw>
<var name="${key}">email</var>
<status status="PASS" start="2024-07-11T08:19:07.439325" elapsed="0.001796"/>
</iter>
<iter>
<kw name="Dictionary Should Contain Key" owner="Collections">
<arg>${json_data['results'][0]}</arg>
<arg>${key}</arg>
<doc>Fails if ``key`` is not found from ``dictionary``.</doc>
<status status="PASS" start="2024-07-11T08:19:07.441405" elapsed="0.000401"/>
</kw>
<kw name="Log" owner="BuiltIn">
<msg time="2024-07-11T08:19:07.442346" level="INFO">{'gender': 'male', 'name': {'title': 'Mr', 'first': 'Jairo', 'last': 'Orta'}, 'location': {'street': {'number': 3115, 'name': 'Continuación Sur Prado'}, 'city': 'Cuautlapan', 'state': 'Baja California Sur', 'country': 'Mexico', 'postcode': 65168, 'coordinates': {'latitude': '29.5365', 'longitude': '-57.1089'}, 'timezone': {'offset': '-5:00', 'description': 'Eastern Time (US &amp; Canada), Bogota, Lima'}}, 'email': 'jairo.orta@example.com', 'login': {'uuid': '7a447319-f668-4a5b-9bfc-6cd0a536aa93', 'username': 'whiterabbit471', 'password': 'redsox1', 'salt': '9AxHQuUe', 'md5': 'ecfeac1790942ea7b581e26bc1ef0146', 'sha1': 'fa482e150ff332fc306df9d785e8c2fa3224924b', 'sha256': '5b87a54d90d8cbde54ae49ee6ee0422910b8a7f89861fc9d459f647ad749bac5'}, 'dob': {'date': '1987-04-11T15:01:37.098Z', 'age': 37}, 'registered': {'date': '2019-07-26T12:54:05.254Z', 'age': 4}, 'phone': '(663) 236 6627', 'cell': '(630) 286 1658', 'id': {'name': 'NSS', 'value': '90 35 56 3600 6'}, 'picture': {'large': 'https://randomuser.me/api/portraits/men/2.jpg', 'medium': 'https://randomuser.me/api/portraits/med/men/2.jpg', 'thumbnail': 'https://randomuser.me/api/portraits/thumb/men/2.jpg'}, 'nat': 'MX'}</msg>
<arg>${json_data['results'][0]}</arg>
<doc>Logs the given message with the given level.</doc>
<status status="PASS" start="2024-07-11T08:19:07.441987" elapsed="0.000411"/>
</kw>
<kw name="Log" owner="BuiltIn">
<msg time="2024-07-11T08:19:07.442818" level="INFO">login</msg>
<arg>${key}</arg>
<doc>Logs the given message with the given level.</doc>
<status status="PASS" start="2024-07-11T08:19:07.442692" elapsed="0.000163"/>
</kw>
<var name="${key}">login</var>
<status status="PASS" start="2024-07-11T08:19:07.441292" elapsed="0.001774"/>
</iter>
<var>${key}</var>
<value>@{expected_keys}</value>
<status status="PASS" start="2024-07-11T08:19:07.433209" elapsed="0.010006"/>
</for>
<kw name="Create List" owner="BuiltIn">
<msg time="2024-07-11T08:19:07.443606" level="INFO">${expected_keysTwo} = ['username', 'password']</msg>
<var>${expected_keysTwo}</var>
<arg>username</arg>
<arg>password</arg>
<doc>Returns a list containing given items.</doc>
<status status="PASS" start="2024-07-11T08:19:07.443463" elapsed="0.000167"/>
</kw>
<for flavor="IN">
<iter>
<kw name="Dictionary Should Contain Key" owner="Collections">
<arg>${json_data['results'][0]['login']}</arg>
<arg>${keyTwo}</arg>
<doc>Fails if ``key`` is not found from ``dictionary``.</doc>
<status status="PASS" start="2024-07-11T08:19:07.444132" elapsed="0.000412"/>
</kw>
<kw name="Dictionary Should Contain Key" owner="Collections">
<arg>${json_data['results'][0]['login']}</arg>
<arg>${keyTwo}</arg>
<doc>Fails if ``key`` is not found from ``dictionary``.</doc>
<status status="PASS" start="2024-07-11T08:19:07.444730" elapsed="0.000377"/>
</kw>
<kw name="Log" owner="BuiltIn">
<msg time="2024-07-11T08:19:07.445411" level="INFO">username</msg>
<arg>${keyTwo}</arg>
<doc>Logs the given message with the given level.</doc>
<status status="PASS" start="2024-07-11T08:19:07.445289" elapsed="0.000158"/>
</kw>
<var name="${keyTwo}">username</var>
<status status="PASS" start="2024-07-11T08:19:07.444025" elapsed="0.001639"/>
</iter>
<iter>
<kw name="Dictionary Should Contain Key" owner="Collections">
<arg>${json_data['results'][0]['login']}</arg>
<arg>${keyTwo}</arg>
<doc>Fails if ``key`` is not found from ``dictionary``.</doc>
<status status="PASS" start="2024-07-11T08:19:07.445938" elapsed="0.000381"/>
</kw>
<kw name="Dictionary Should Contain Key" owner="Collections">
<arg>${json_data['results'][0]['login']}</arg>
<arg>${keyTwo}</arg>
<doc>Fails if ``key`` is not found from ``dictionary``.</doc>
<status status="PASS" start="2024-07-11T08:19:07.446495" elapsed="0.000362"/>
</kw>
<kw name="Log" owner="BuiltIn">
<msg time="2024-07-11T08:19:07.447148" level="INFO">password</msg>
<arg>${keyTwo}</arg>
<doc>Logs the given message with the given level.</doc>
<status status="PASS" start="2024-07-11T08:19:07.447030" elapsed="0.000159"/>
</kw>
<var name="${keyTwo}">password</var>
<status status="PASS" start="2024-07-11T08:19:07.445833" elapsed="0.001674"/>
</iter>
<var>${keyTwo}</var>
<value>@{expected_keysTwo}</value>
<status status="PASS" start="2024-07-11T08:19:07.443868" elapsed="0.003758"/>
</for>
<status status="PASS" start="2024-07-11T08:19:07.308731" elapsed="0.139040"/>
</kw>
<doc>Testa a estrutura da resposta da API.</doc>
<tag>testeEstruturaResposta</tag>
<status status="PASS" start="2024-07-11T08:19:07.308041" elapsed="0.139888"/>
</test>
<test id="s1-s1-t4" name="Validar tipos de dados" line="28">
<kw name="Teste de Tipos de Dados" owner="random-user-service">
<kw name="GET On Session" owner="RequestsLibrary">
<msg time="2024-07-11T08:19:07.507223" level="INFO">GET Request : url=https://randomuser.me/api 
 path_url=/api 
 headers={'User-Agent': 'python-requests/2.32.3', 'Accept-Encoding': 'gzip, deflate', 'Accept': '*/*', 'Connection': 'keep-alive'} 
 body=None 
 </msg>
<msg time="2024-07-11T08:19:07.507336" level="INFO">GET Response : url=https://randomuser.me/api 
 status=200, reason=OK 
 headers={'Date': 'Thu, 11 Jul 2024 08:19:07 GMT', 'Content-Type': 'application/json; charset=utf-8', 'Transfer-Encoding': 'chunked', 'Connection': 'keep-alive', 'X-Powered-By': 'Express', 'Access-Control-Allow-Origin': '*', 'Cache-Control': 'no-cache', 'ETag': 'W/"475-GKJfttal+EF18lG/5i72VL6G3Qc"', 'Vary': 'Accept-Encoding', 'Content-Encoding': 'gzip', 'CF-Cache-Status': 'DYNAMIC', 'Report-To': '{"endpoints":[{"url":"https:\\/\\/a.nel.cloudflare.com\\/report\\/v4?s=6HLWA%2BDH5yfRdiau0V7M03yODx73mAL57hlTAFbqFMoKEBiYgueah6WXE6ddd7bmvabdGqrJEuAJwPJJx8Q%2F5N4z32a7JmmpwuC2jETNWIiHqJ8FBWMk8MfWHla6Ihir"}],"group":"cf-nel","max_age":604800}', 'NEL': '{"success_fraction":0,"report_to":"cf-nel","max_age":604800}', 'Server': 'cloudflare', 'CF-RAY': '8a175de39ad02c60-ORD', 'alt-svc': 'h3=":443"; ma=86400'} 
 body={"results":[{"gender":"male","name":{"title":"Mr","first":"Ceyhun","last":"Tuğlu"},"location":{"street":{"number":2782,"name":"Doktorlar Cd"},"city":"Eskişehir","state":"Şanlıurfa","country":"Turkey","postcode":51288,"coordinates":{"latitude":"65.2705","longitude":"-175.4624"},"timezone":{"offset":"-2:00","description":"Mid-Atlantic"}},"email":"ceyhun.tuglu@example.com","login":{"uuid":"2d6425c7-6856-4cca-8ade-e81805132f43","username":"ticklishtiger904","password":"mushroom","salt":"xGvAVXNU","md5":"6606a9f2be0977b434351faa6da362b8","sha1":"13d020a357d09bab2001a87564e505a0d06ab634","sha256":"542bd32a99d3798e04d6778dc526947c4fecf66ad9e837f854a5393825d38a2c"},"dob":{"date":"1973-05-01T23:42:35.639Z","age":51},"registered":{"date":"2004-08-26T19:17:06.685Z","age":19},"phone":"(030)-119-2236","cell":"(618)-600-5215","id":{"name":"","value":null},"picture":{"large":"https://randomuser.me/api/portraits/men/53.jpg","medium":"https://randomuser.me/api/portraits/med/men/53.jpg","thumbnail":"https://randomuser.me/api/portraits/thumb/men/53.jpg"},"nat":"TR"}],"info":{"seed":"3cc4f1f79218668c","results":1,"page":1,"version":"1.4"}} 
 </msg>
<msg time="2024-07-11T08:19:07.507413" level="INFO">/opt/hostedtoolcache/Python/3.12.4/x64/lib/python3.12/site-packages/urllib3/connectionpool.py:1099: InsecureRequestWarning: Unverified HTTPS request is being made to host 'randomuser.me'. Adding certificate verification is strongly advised. See: https://urllib3.readthedocs.io/en/latest/advanced-usage.html#tls-warnings
  warnings.warn(</msg>
<msg time="2024-07-11T08:19:07.507540" level="INFO">${response} = &lt;Response [200]&gt;</msg>
<var>${response}</var>
<arg>consultarAPI</arg>
<arg>/api</arg>
<doc>Sends a GET request on a previously created HTTP Session.</doc>
<status status="PASS" start="2024-07-11T08:19:07.450601" elapsed="0.056978"/>
</kw>
<kw name="Set Variable" owner="BuiltIn">
<msg time="2024-07-11T08:19:07.508954" level="INFO">${json_data} = {'results': [{'gender': 'male', 'name': {'title': 'Mr', 'first': 'Ceyhun', 'last': 'Tuğlu'}, 'location': {'street': {'number': 2782, 'name': 'Doktorlar Cd'}, 'city': 'Eskişehir', 'state': 'Şanlıurfa',...</msg>
<var>${json_data}</var>
<arg>${response.json()}</arg>
<doc>Returns the given values which can then be assigned to a variables.</doc>
<status status="PASS" start="2024-07-11T08:19:07.508302" elapsed="0.000683"/>
</kw>
<kw name="Log" owner="BuiltIn">
<msg time="2024-07-11T08:19:07.509475" level="INFO">{'results': [{'gender': 'male', 'name': {'title': 'Mr', 'first': 'Ceyhun', 'last': 'Tuğlu'}, 'location': {'street': {'number': 2782, 'name': 'Doktorlar Cd'}, 'city': 'Eskişehir', 'state': 'Şanlıurfa', 'country': 'Turkey', 'postcode': 51288, 'coordinates': {'latitude': '65.2705', 'longitude': '-175.4624'}, 'timezone': {'offset': '-2:00', 'description': 'Mid-Atlantic'}}, 'email': 'ceyhun.tuglu@example.com', 'login': {'uuid': '2d6425c7-6856-4cca-8ade-e81805132f43', 'username': 'ticklishtiger904', 'password': 'mushroom', 'salt': 'xGvAVXNU', 'md5': '6606a9f2be0977b434351faa6da362b8', 'sha1': '13d020a357d09bab2001a87564e505a0d06ab634', 'sha256': '542bd32a99d3798e04d6778dc526947c4fecf66ad9e837f854a5393825d38a2c'}, 'dob': {'date': '1973-05-01T23:42:35.639Z', 'age': 51}, 'registered': {'date': '2004-08-26T19:17:06.685Z', 'age': 19}, 'phone': '(030)-119-2236', 'cell': '(618)-600-5215', 'id': {'name': '', 'value': None}, 'picture': {'large': 'https://randomuser.me/api/portraits/men/53.jpg', 'medium': 'https://randomuser.me/api/portraits/med/men/53.jpg', 'thumbnail': 'https://randomuser.me/api/portraits/thumb/men/53.jpg'}, 'nat': 'TR'}], 'info': {'seed': '3cc4f1f79218668c', 'results': 1, 'page': 1, 'version': '1.4'}}</msg>
<arg>${json_data}</arg>
<doc>Logs the given message with the given level.</doc>
<status status="PASS" start="2024-07-11T08:19:07.509308" elapsed="0.000220"/>
</kw>
<kw name="Should Be String" owner="String">
<arg>${json_data['results'][0]['gender']}</arg>
<doc>Fails if the given ``item`` is not a string.</doc>
<status status="PASS" start="2024-07-11T08:19:07.509825" elapsed="0.000362"/>
</kw>
<kw name="Should Match Regexp" owner="BuiltIn">
<arg>${json_data['results'][0]['email']}</arg>
<arg>^[a-zA-Z0-9._%+-]+@[a-zA-Z0-9.-]+\.[a-zA-Z]{2,}$</arg>
<doc>Fails if ``string`` does not match ``pattern`` as a regular expression.</doc>
<status status="PASS" start="2024-07-11T08:19:07.510413" elapsed="0.000516"/>
</kw>
<kw name="Should Match Regexp" owner="BuiltIn">
<arg>${json_data['results'][0]['dob']['date']}</arg>
<arg>\\d{4}-\\d{2}-\\d{2}T\\d{2}:\\d{2}:\\d{2}\\.\\d{3}Z</arg>
<doc>Fails if ``string`` does not match ``pattern`` as a regular expression.</doc>
<status status="PASS" start="2024-07-11T08:19:07.511123" elapsed="0.000477"/>
</kw>
<kw name="Should Match Regexp" owner="BuiltIn">
<arg>${json_data['results'][0]['registered']['date']}</arg>
<arg>\\d{4}-\\d{2}-\\d{2}T\\d{2}:\\d{2}:\\d{2}\\.\\d{3}Z</arg>
<doc>Fails if ``string`` does not match ``pattern`` as a regular expression.</doc>
<status status="PASS" start="2024-07-11T08:19:07.511788" elapsed="0.000364"/>
</kw>
<kw name="Should Match Regexp" owner="BuiltIn">
<arg>${json_data['results'][0]['picture']['large']}</arg>
<arg>^https?://.*\.(?:png|jpe?g|gif|bmp)$</arg>
<doc>Fails if ``string`` does not match ``pattern`` as a regular expression.</doc>
<status status="PASS" start="2024-07-11T08:19:07.512335" elapsed="0.000505"/>
</kw>
<kw name="Should Match Regexp" owner="BuiltIn">
<arg>${json_data['results'][0]['picture']['medium']}</arg>
<arg>^https?://.*\.(?:png|jpe?g|gif|bmp)$</arg>
<doc>Fails if ``string`` does not match ``pattern`` as a regular expression.</doc>
<status status="PASS" start="2024-07-11T08:19:07.513030" elapsed="0.000355"/>
</kw>
<kw name="Should Match Regexp" owner="BuiltIn">
<arg>${json_data['results'][0]['picture']['thumbnail']}</arg>
<arg>^https?://.*\.(?:png|jpe?g|gif|bmp)$</arg>
<doc>Fails if ``string`` does not match ``pattern`` as a regular expression.</doc>
<status status="PASS" start="2024-07-11T08:19:07.513566" elapsed="0.000360"/>
</kw>
<kw name="Log" owner="BuiltIn">
<msg time="2024-07-11T08:19:07.514441" level="INFO">{'large': 'https://randomuser.me/api/portraits/men/53.jpg', 'medium': 'https://randomuser.me/api/portraits/med/men/53.jpg', 'thumbnail': 'https://randomuser.me/api/portraits/thumb/men/53.jpg'}</msg>
<arg>${json_data['results'][0]['picture']}</arg>
<doc>Logs the given message with the given level.</doc>
<status status="PASS" start="2024-07-11T08:19:07.514109" elapsed="0.000376"/>
</kw>
<status status="PASS" start="2024-07-11T08:19:07.450370" elapsed="0.064376"/>
</kw>
<kw name="Teste de Tipos de Dados - Postcode" owner="random-user-service">
<kw name="GET On Session" owner="RequestsLibrary">
<msg time="2024-07-11T08:19:07.619424" level="INFO">GET Request : url=https://randomuser.me/api 
 path_url=/api 
 headers={'User-Agent': 'python-requests/2.32.3', 'Accept-Encoding': 'gzip, deflate', 'Accept': '*/*', 'Connection': 'keep-alive'} 
 body=None 
 </msg>
<msg time="2024-07-11T08:19:07.619542" level="INFO">GET Response : url=https://randomuser.me/api 
 status=200, reason=OK 
 headers={'Date': 'Thu, 11 Jul 2024 08:19:07 GMT', 'Content-Type': 'application/json; charset=utf-8', 'Transfer-Encoding': 'chunked', 'Connection': 'keep-alive', 'X-Powered-By': 'Express', 'Access-Control-Allow-Origin': '*', 'Cache-Control': 'no-cache', 'ETag': 'W/"4a1-kFarY/0GnEzhlh1Eg5ZQhR8OAqM"', 'Vary': 'Accept-Encoding', 'Content-Encoding': 'gzip', 'CF-Cache-Status': 'DYNAMIC', 'Report-To': '{"endpoints":[{"url":"https:\\/\\/a.nel.cloudflare.com\\/report\\/v4?s=7qTzYAk667OSGaCl0jMh57T6FRGmP0%2BR9Lk7ujWFBVqDhDBEO7fuEYljhA%2BEQfpW9bnQzed9gzyFYfElDVTy%2F8cEw4fRxnxpCMT1OeW76OFlG0FGrJNew4tVH6gHLYnq"}],"group":"cf-nel","max_age":604800}', 'NEL': '{"success_fraction":0,"report_to":"cf-nel","max_age":604800}', 'Server': 'cloudflare', 'CF-RAY': '8a175de3fb122c60-ORD', 'alt-svc': 'h3=":443"; ma=86400'} 
 body={"results":[{"gender":"female","name":{"title":"Mrs","first":"Estelle","last":"Perez"},"location":{"street":{"number":9020,"name":"Avenue de la République"},"city":"Bordeaux","state":"Haute-Savoie","country":"France","postcode":82183,"coordinates":{"latitude":"-17.8715","longitude":"110.8223"},"timezone":{"offset":"-11:00","description":"Midway Island, Samoa"}},"email":"estelle.perez@example.com","login":{"uuid":"5c90e026-c939-4327-b960-a591b3a3b885","username":"angrymouse433","password":"gerald","salt":"LoLojCSK","md5":"2bd6999ca39ad76ce56b4a95dbda3c69","sha1":"1f1c9a0e9236f2d0b1877aae1d2c3abdc0bba4c4","sha256":"ac4d24879e3dba34fe778c774f5cf316d5d4ec4aeece4ac6f35e042a968c62fe"},"dob":{"date":"1978-02-01T02:19:02.771Z","age":46},"registered":{"date":"2003-10-26T00:34:07.434Z","age":20},"phone":"02-62-75-53-90","cell":"06-13-33-73-23","id":{"name":"INSEE","value":"2780099067265 54"},"picture":{"large":"https://randomuser.me/api/portraits/women/68.jpg","medium":"https://randomuser.me/api/portraits/med/women/68.jpg","thumbnail":"https://randomuser.me/api/portraits/thumb/women/68.jpg"},"nat":"FR"}],"info":{"seed":"fcab8908570fb0e0","results":1,"page":1,"version":"1.4"}} 
 </msg>
<msg time="2024-07-11T08:19:07.619626" level="INFO">/opt/hostedtoolcache/Python/3.12.4/x64/lib/python3.12/site-packages/urllib3/connectionpool.py:1099: InsecureRequestWarning: Unverified HTTPS request is being made to host 'randomuser.me'. Adding certificate verification is strongly advised. See: https://urllib3.readthedocs.io/en/latest/advanced-usage.html#tls-warnings
  warnings.warn(</msg>
<msg time="2024-07-11T08:19:07.619757" level="INFO">${response} = &lt;Response [200]&gt;</msg>
<var>${response}</var>
<arg>consultarAPI</arg>
<arg>/api</arg>
<doc>Sends a GET request on a previously created HTTP Session.</doc>
<status status="PASS" start="2024-07-11T08:19:07.515212" elapsed="0.104581"/>
</kw>
<kw name="Set Variable" owner="BuiltIn">
<msg time="2024-07-11T08:19:07.621203" level="INFO">${json_data} = {'results': [{'gender': 'female', 'name': {'title': 'Mrs', 'first': 'Estelle', 'last': 'Perez'}, 'location': {'street': {'number': 9020, 'name': 'Avenue de la République'}, 'city': 'Bordeaux', 'state'...</msg>
<var>${json_data}</var>
<arg>${response.json()}</arg>
<doc>Returns the given values which can then be assigned to a variables.</doc>
<status status="PASS" start="2024-07-11T08:19:07.620539" elapsed="0.000695"/>
</kw>
<kw name="Log" owner="BuiltIn">
<msg time="2024-07-11T08:19:07.621801" level="INFO">{'results': [{'gender': 'female', 'name': {'title': 'Mrs', 'first': 'Estelle', 'last': 'Perez'}, 'location': {'street': {'number': 9020, 'name': 'Avenue de la République'}, 'city': 'Bordeaux', 'state': 'Haute-Savoie', 'country': 'France', 'postcode': 82183, 'coordinates': {'latitude': '-17.8715', 'longitude': '110.8223'}, 'timezone': {'offset': '-11:00', 'description': 'Midway Island, Samoa'}}, 'email': 'estelle.perez@example.com', 'login': {'uuid': '5c90e026-c939-4327-b960-a591b3a3b885', 'username': 'angrymouse433', 'password': 'gerald', 'salt': 'LoLojCSK', 'md5': '2bd6999ca39ad76ce56b4a95dbda3c69', 'sha1': '1f1c9a0e9236f2d0b1877aae1d2c3abdc0bba4c4', 'sha256': 'ac4d24879e3dba34fe778c774f5cf316d5d4ec4aeece4ac6f35e042a968c62fe'}, 'dob': {'date': '1978-02-01T02:19:02.771Z', 'age': 46}, 'registered': {'date': '2003-10-26T00:34:07.434Z', 'age': 20}, 'phone': '02-62-75-53-90', 'cell': '06-13-33-73-23', 'id': {'name': 'INSEE', 'value': '2780099067265 54'}, 'picture': {'large': 'https://randomuser.me/api/portraits/women/68.jpg', 'medium': 'https://randomuser.me/api/portraits/med/women/68.jpg', 'thumbnail': 'https://randomuser.me/api/portraits/thumb/women/68.jpg'}, 'nat': 'FR'}], 'info': {'seed': 'fcab8908570fb0e0', 'results': 1, 'page': 1, 'version': '1.4'}}</msg>
<arg>${json_data}</arg>
<doc>Logs the given message with the given level.</doc>
<status status="PASS" start="2024-07-11T08:19:07.621616" elapsed="0.000236"/>
</kw>
<kw name="Should Be Equal As Numbers" owner="BuiltIn">
<arg>${json_data['results'][0]['location']['postcode']}</arg>
<arg>${json_data['results'][0]['location']['postcode']}</arg>
<doc>Fails if objects are unequal after converting them to real numbers.</doc>
<status status="PASS" start="2024-07-11T08:19:07.622176" elapsed="0.000666"/>
</kw>
<kw name="Log" owner="BuiltIn">
<msg time="2024-07-11T08:19:07.623615" level="INFO">82183</msg>
<arg>${json_data['results'][0]['location']['postcode']}</arg>
<doc>Logs the given message with the given level.</doc>
<status status="PASS" start="2024-07-11T08:19:07.623080" elapsed="0.000578"/>
</kw>
<status status="PASS" start="2024-07-11T08:19:07.514980" elapsed="0.108955"/>
</kw>
<doc>Testa se os tipos de dados na resposta da API estão corretos.</doc>
<tag>testeTiposDados</tag>
<status status="PASS" start="2024-07-11T08:19:07.449807" elapsed="0.174302"/>
</test>
<test id="s1-s1-t5" name="Validar conteudo" line="35">
<kw name="Teste de Tipos de Conteudo" owner="random-user-service">
<kw name="GET On Session" owner="RequestsLibrary">
<msg time="2024-07-11T08:19:07.690194" level="INFO">GET Request : url=https://randomuser.me/api 
 path_url=/api 
 headers={'User-Agent': 'python-requests/2.32.3', 'Accept-Encoding': 'gzip, deflate', 'Accept': '*/*', 'Connection': 'keep-alive'} 
 body=None 
 </msg>
<msg time="2024-07-11T08:19:07.690309" level="INFO">GET Response : url=https://randomuser.me/api 
 status=200, reason=OK 
 headers={'Date': 'Thu, 11 Jul 2024 08:19:07 GMT', 'Content-Type': 'application/json; charset=utf-8', 'Transfer-Encoding': 'chunked', 'Connection': 'keep-alive', 'X-Powered-By': 'Express', 'Access-Control-Allow-Origin': '*', 'Cache-Control': 'no-cache', 'ETag': 'W/"47a-Y7hYiewrih9TfLHeG7WBmEU26nw"', 'Vary': 'Accept-Encoding', 'Content-Encoding': 'gzip', 'CF-Cache-Status': 'DYNAMIC', 'Report-To': '{"endpoints":[{"url":"https:\\/\\/a.nel.cloudflare.com\\/report\\/v4?s=voCHBhBvNtys9N0Qx8cYzvli1hOqZe6xAF7r5FWq9V1%2B85ITWqMSMFr9ynMimv4Pc5jW38O1kkRRGpLBS2cpd8pSEXytxWyokAE45PBmOq2Dlg%2FMLCLSLlZWYGqNjI%2FN"}],"group":"cf-nel","max_age":604800}', 'NEL': '{"success_fraction":0,"report_to":"cf-nel","max_age":604800}', 'Server': 'cloudflare', 'CF-RAY': '8a175de4ab852c60-ORD', 'alt-svc': 'h3=":443"; ma=86400'} 
 body={"results":[{"gender":"female","name":{"title":"Mrs","first":"Diane","last":"Mcdonalid"},"location":{"street":{"number":5595,"name":"Fairview St"},"city":"Rockhampton","state":"Tasmania","country":"Australia","postcode":745,"coordinates":{"latitude":"-86.6302","longitude":"130.3161"},"timezone":{"offset":"-9:00","description":"Alaska"}},"email":"diane.mcdonalid@example.com","login":{"uuid":"497284bb-a5c0-4743-b046-b01ef4bb7491","username":"happypanda143","password":"draco","salt":"tVaEtpDa","md5":"79dee0820845c434eadcfaf3f3da3cc7","sha1":"f5b941a0077b886cb2e0d3bf826623121bdbec76","sha256":"5a6fa1d058943114d94cab608c27952ddd2e3e7d6845ee1494aa30a3382db7d4"},"dob":{"date":"1949-06-04T20:33:34.496Z","age":75},"registered":{"date":"2019-12-01T13:57:54.768Z","age":4},"phone":"02-7742-6079","cell":"0414-394-702","id":{"name":"TFN","value":"393854243"},"picture":{"large":"https://randomuser.me/api/portraits/women/92.jpg","medium":"https://randomuser.me/api/portraits/med/women/92.jpg","thumbnail":"https://randomuser.me/api/portraits/thumb/women/92.jpg"},"nat":"AU"}],"info":{"seed":"a4fbcb86fe6f9704","results":1,"page":1,"version":"1.4"}} 
 </msg>
<msg time="2024-07-11T08:19:07.690387" level="INFO">/opt/hostedtoolcache/Python/3.12.4/x64/lib/python3.12/site-packages/urllib3/connectionpool.py:1099: InsecureRequestWarning: Unverified HTTPS request is being made to host 'randomuser.me'. Adding certificate verification is strongly advised. See: https://urllib3.readthedocs.io/en/latest/advanced-usage.html#tls-warnings
  warnings.warn(</msg>
<msg time="2024-07-11T08:19:07.690514" level="INFO">${response} = &lt;Response [200]&gt;</msg>
<var>${response}</var>
<arg>consultarAPI</arg>
<arg>/api</arg>
<doc>Sends a GET request on a previously created HTTP Session.</doc>
<status status="PASS" start="2024-07-11T08:19:07.626774" elapsed="0.063783"/>
</kw>
<kw name="Set Variable" owner="BuiltIn">
<msg time="2024-07-11T08:19:07.691897" level="INFO">${json_data} = {'results': [{'gender': 'female', 'name': {'title': 'Mrs', 'first': 'Diane', 'last': 'Mcdonalid'}, 'location': {'street': {'number': 5595, 'name': 'Fairview St'}, 'city': 'Rockhampton', 'state': 'Tasm...</msg>
<var>${json_data}</var>
<arg>${response.json()}</arg>
<doc>Returns the given values which can then be assigned to a variables.</doc>
<status status="PASS" start="2024-07-11T08:19:07.691258" elapsed="0.000669"/>
</kw>
<kw name="Set Variable" owner="BuiltIn">
<msg time="2024-07-11T08:19:07.692832" level="INFO">${name_title} = Mrs</msg>
<var>${name_title}</var>
<arg>${json_data["results"][0]["name"]["title"]}</arg>
<doc>Returns the given values which can then be assigned to a variables.</doc>
<status status="PASS" start="2024-07-11T08:19:07.692345" elapsed="0.000515"/>
</kw>
<kw name="Create List" owner="BuiltIn">
<msg time="2024-07-11T08:19:07.693372" level="INFO">${allowed_titles} = ['Mr', 'Ms', 'Miss', 'Mrs', 'Madame', 'Monsieur']</msg>
<var>${allowed_titles}</var>
<arg>Mr</arg>
<arg>Ms</arg>
<arg>Miss</arg>
<arg>Mrs</arg>
<arg>Madame</arg>
<arg>Monsieur</arg>
<doc>Returns a list containing given items.</doc>
<status status="PASS" start="2024-07-11T08:19:07.693209" elapsed="0.000188"/>
</kw>
<kw name="List Should Contain Value" owner="Collections">
<arg>${allowed_titles}</arg>
<arg>${name_title}</arg>
<doc>Fails if the ``value`` is not found from ``list``.</doc>
<status status="PASS" start="2024-07-11T08:19:07.693732" elapsed="0.000188"/>
</kw>
<kw name="Set Variable" owner="BuiltIn">
<msg time="2024-07-11T08:19:07.694503" level="INFO">${name_country} = AU</msg>
<var>${name_country}</var>
<arg>${json_data["results"][0]["nat"]}</arg>
<doc>Returns the given values which can then be assigned to a variables.</doc>
<status status="PASS" start="2024-07-11T08:19:07.694108" elapsed="0.000420"/>
</kw>
<kw name="Create List" owner="BuiltIn">
<msg time="2024-07-11T08:19:07.695438" level="INFO">${list_country} = ['AD', 'AE', 'AF', 'AG', 'AI', 'AL', 'AM', 'AO', 'AQ', 'AR', 'AS', 'AT', 'AU', 'AW', 'AX', 'AZ', 'BA', 'BB', 'BD', 'BE', 'BF', 'BG', 'BH', 'BI', 'BJ', 'BL', 'BM', 'BN', 'BO', 'BQ', 'BR', 'BS', 'BT', '...</msg>
<var>${list_country}</var>
<arg>AD</arg>
<arg>AE</arg>
<arg>AF</arg>
<arg>AG</arg>
<arg>AI</arg>
<arg>AL</arg>
<arg>AM</arg>
<arg>AO</arg>
<arg>AQ</arg>
<arg>AR</arg>
<arg>AS</arg>
<arg>AT</arg>
<arg>AU</arg>
<arg>AW</arg>
<arg>AX</arg>
<arg>AZ</arg>
<arg>BA</arg>
<arg>BB</arg>
<arg>BD</arg>
<arg>BE</arg>
<arg>BF</arg>
<arg>BG</arg>
<arg>BH</arg>
<arg>BI</arg>
<arg>BJ</arg>
<arg>BL</arg>
<arg>BM</arg>
<arg>BN</arg>
<arg>BO</arg>
<arg>BQ</arg>
<arg>BR</arg>
<arg>BS</arg>
<arg>BT</arg>
<arg>BV</arg>
<arg>BW</arg>
<arg>BY</arg>
<arg>BZ</arg>
<arg>CA</arg>
<arg>CC</arg>
<arg>CD</arg>
<arg>CF</arg>
<arg>CG</arg>
<arg>CH</arg>
<arg>CI</arg>
<arg>CK</arg>
<arg>CL</arg>
<arg>CM</arg>
<arg>CN</arg>
<arg>CO</arg>
<arg>CR</arg>
<arg>CU</arg>
<arg>CV</arg>
<arg>CW</arg>
<arg>CX</arg>
<arg>CY</arg>
<arg>CZ</arg>
<arg>DE</arg>
<arg>DJ</arg>
<arg>DK</arg>
<arg>DM</arg>
<arg>DO</arg>
<arg>DZ</arg>
<arg>EC</arg>
<arg>EE</arg>
<arg>EG</arg>
<arg>EH</arg>
<arg>ER</arg>
<arg>ES</arg>
<arg>ET</arg>
<arg>FI</arg>
<arg>FJ</arg>
<arg>FK</arg>
<arg>FM</arg>
<arg>FO</arg>
<arg>FR</arg>
<arg>GA</arg>
<arg>GB</arg>
<arg>GD</arg>
<arg>GE</arg>
<arg>GF</arg>
<arg>GG</arg>
<arg>GH</arg>
<arg>GI</arg>
<arg>GL</arg>
<arg>GM</arg>
<arg>GN</arg>
<arg>GP</arg>
<arg>GQ</arg>
<arg>GR</arg>
<arg>GS</arg>
<arg>GT</arg>
<arg>GU</arg>
<arg>GW</arg>
<arg>GY</arg>
<arg>HK</arg>
<arg>HM</arg>
<arg>HN</arg>
<arg>HR</arg>
<arg>HT</arg>
<arg>HU</arg>
<arg>ID</arg>
<arg>IE</arg>
<arg>IL</arg>
<arg>IM</arg>
<arg>IN</arg>
<arg>IO</arg>
<arg>IQ</arg>
<arg>IR</arg>
<arg>IS</arg>
<arg>IT</arg>
<arg>JE</arg>
<arg>JM</arg>
<arg>JO</arg>
<arg>JP</arg>
<arg>KE</arg>
<arg>KG</arg>
<arg>KH</arg>
<arg>KI</arg>
<arg>KM</arg>
<arg>KN</arg>
<arg>KP</arg>
<arg>KR</arg>
<arg>KW</arg>
<arg>KY</arg>
<arg>KZ</arg>
<arg>LA</arg>
<arg>LB</arg>
<arg>LC</arg>
<arg>LI</arg>
<arg>LK</arg>
<arg>LR</arg>
<arg>LS</arg>
<arg>LT</arg>
<arg>LU</arg>
<arg>LV</arg>
<arg>LY</arg>
<arg>MA</arg>
<arg>MC</arg>
<arg>MD</arg>
<arg>ME</arg>
<arg>MF</arg>
<arg>MG</arg>
<arg>MH</arg>
<arg>MK</arg>
<arg>ML</arg>
<arg>MM</arg>
<arg>MN</arg>
<arg>MO</arg>
<arg>MP</arg>
<arg>MQ</arg>
<arg>MR</arg>
<arg>MS</arg>
<arg>MT</arg>
<arg>MU</arg>
<arg>MV</arg>
<arg>MW</arg>
<arg>MX</arg>
<arg>MY</arg>
<arg>MZ</arg>
<arg>NA</arg>
<arg>NC</arg>
<arg>NE</arg>
<arg>NF</arg>
<arg>NG</arg>
<arg>NI</arg>
<arg>NL</arg>
<arg>NO</arg>
<arg>NP</arg>
<arg>NR</arg>
<arg>NU</arg>
<arg>NZ</arg>
<arg>OM</arg>
<arg>PA</arg>
<arg>PE</arg>
<arg>PF</arg>
<arg>PG</arg>
<arg>PH</arg>
<arg>PK</arg>
<arg>PL</arg>
<arg>PM</arg>
<arg>PN</arg>
<arg>PR</arg>
<arg>PS</arg>
<arg>PT</arg>
<arg>PW</arg>
<arg>PY</arg>
<arg>QA</arg>
<arg>RE</arg>
<arg>RO</arg>
<arg>RS</arg>
<arg>RU</arg>
<arg>RW</arg>
<arg>SA</arg>
<arg>SB</arg>
<arg>SC</arg>
<arg>SD</arg>
<arg>SE</arg>
<arg>SG</arg>
<arg>SH</arg>
<arg>SI</arg>
<arg>SJ</arg>
<arg>SK</arg>
<arg>SL</arg>
<arg>SM</arg>
<arg>SN</arg>
<arg>SO</arg>
<arg>SR</arg>
<arg>SS</arg>
<arg>ST</arg>
<arg>SV</arg>
<arg>SX</arg>
<arg>SY</arg>
<arg>SZ</arg>
<arg>TC</arg>
<arg>TD</arg>
<arg>TF</arg>
<arg>TG</arg>
<arg>TH</arg>
<arg>TJ</arg>
<arg>TK</arg>
<arg>TL</arg>
<arg>TM</arg>
<arg>TN</arg>
<arg>TO</arg>
<arg>TR</arg>
<arg>TT</arg>
<arg>TV</arg>
<arg>TW</arg>
<arg>TZ</arg>
<arg>UA</arg>
<arg>UG</arg>
<arg>UM</arg>
<arg>US</arg>
<arg>UY</arg>
<arg>UZ</arg>
<arg>VA</arg>
<arg>VC</arg>
<arg>VE</arg>
<arg>VG</arg>
<arg>VI</arg>
<arg>VN</arg>
<arg>VU</arg>
<arg>WF</arg>
<arg>WS</arg>
<arg>XK</arg>
<arg>YE</arg>
<arg>YT</arg>
<arg>ZA</arg>
<arg>ZM</arg>
<arg>ZW</arg>
<doc>Returns a list containing given items.</doc>
<status status="PASS" start="2024-07-11T08:19:07.694837" elapsed="0.000627"/>
</kw>
<kw name="List Should Contain Value" owner="Collections">
<arg>${list_country}</arg>
<arg>${name_country}</arg>
<doc>Fails if the ``value`` is not found from ``list``.</doc>
<status status="PASS" start="2024-07-11T08:19:07.696278" elapsed="0.000209"/>
</kw>
<kw name="Run Keyword If" owner="BuiltIn">
<kw name="Should Be True" owner="BuiltIn">
<arg>${True}</arg>
<doc>Fails if the given condition is not true.</doc>
<status status="PASS" start="2024-07-11T08:19:07.697498" elapsed="0.000145"/>
</kw>
<arg>${json_data["results"][0]["location"]["coordinates"]["latitude"]} &gt;= -90 and ${json_data["results"][0]["location"]["coordinates"]["latitude"]} &lt;= 90</arg>
<arg>Should Be True</arg>
<arg>${True}</arg>
<doc>Runs the given keyword with the given arguments, if ``condition`` is true.</doc>
<status status="PASS" start="2024-07-11T08:19:07.696733" elapsed="0.001040"/>
</kw>
<kw name="Run Keyword If" owner="BuiltIn">
<kw name="Should Be True" owner="BuiltIn">
<arg>${True}</arg>
<doc>Fails if the given condition is not true.</doc>
<status status="PASS" start="2024-07-11T08:19:07.698667" elapsed="0.000257"/>
</kw>
<arg>${json_data["results"][0]["location"]["coordinates"]["longitude"]} &gt;= -180 and ${json_data["results"][0]["location"]["coordinates"]["longitude"]} &lt;= 180</arg>
<arg>Should Be True</arg>
<arg>${True}</arg>
<doc>Runs the given keyword with the given arguments, if ``condition`` is true.</doc>
<status status="PASS" start="2024-07-11T08:19:07.697960" elapsed="0.001096"/>
</kw>
<status status="PASS" start="2024-07-11T08:19:07.626534" elapsed="0.072660"/>
</kw>
<doc>Testa o conteúdo específico dos campos retornados pela API.</doc>
<tag>testeConteudo</tag>
<status status="PASS" start="2024-07-11T08:19:07.625975" elapsed="0.073377"/>
</test>
<status status="PASS" start="2024-07-11T08:19:06.599893" elapsed="1.101555"/>
</suite>
<status status="PASS" start="2024-07-11T08:19:06.584816" elapsed="1.121788"/>
</suite>
<statistics>
<total>
<stat pass="5" fail="0" skip="0">All Tests</stat>
</total>
<tag>
<stat pass="1" fail="0" skip="0">testeConteudo</stat>
<stat pass="1" fail="0" skip="0">testeEstruturaResposta</stat>
<stat pass="1" fail="0" skip="0">testeRequisicaoBasica</stat>
<stat pass="1" fail="0" skip="0">testeTiposDados</stat>
</tag>
<suite>
<stat pass="5" fail="0" skip="0" id="s1" name="Tests">Tests</stat>
<stat pass="5" fail="0" skip="0" id="s1-s1" name="Random-User-Test">Tests.Random-User-Test</stat>
</suite>
</statistics>
<errors>
</errors>
</robot>
