<?xml version="1.0" encoding="UTF-8"?>
<robot generator="Robot 7.0.1 (Python 3.12.4 on linux)" generated="2024-06-22T22:13:42.129497" rpa="false" schemaversion="5">
<suite id="s1" name="Tests" source="/home/runner/work/ApiRandomUser/ApiRandomUser/RamdonUser/tests">
<suite id="s1-s1" name="Random-User-Test" source="/home/runner/work/ApiRandomUser/ApiRandomUser/RamdonUser/tests/random-user-test.robot">
<test id="s1-s1-t1" name="Conectar" line="13">
<kw name="Conectar API" owner="random-user-service">
<kw name="Create Session" owner="RequestsLibrary">
<msg time="2024-06-22T22:13:42.527861" level="INFO">Creating Session using : alias=consultarAPI, url=https://randomuser.me/, headers={},                     cookies={}, auth=None, timeout=None, proxies=None, verify=False,                     debug=0 </msg>
<arg>consultarAPI</arg>
<arg>${URL}</arg>
<doc>Create Session: create a HTTP session to a server</doc>
<status status="PASS" start="2024-06-22T22:13:42.527657" elapsed="0.000374"/>
</kw>
<status status="PASS" start="2024-06-22T22:13:42.526661" elapsed="0.001735"/>
</kw>
<status status="PASS" start="2024-06-22T22:13:42.525979" elapsed="0.002607"/>
</test>
<test id="s1-s1-t2" name="Validar retorno 200 e JSON Válido" line="16">
<kw name="Teste de Requisicao Basica" owner="random-user-service">
<kw name="GET On Session" owner="RequestsLibrary">
<msg time="2024-06-22T22:13:42.597257" level="INFO">GET Request : url=https://randomuser.me/api 
 path_url=/api 
 headers={'User-Agent': 'python-requests/2.32.3', 'Accept-Encoding': 'gzip, deflate', 'Accept': '*/*', 'Connection': 'keep-alive'} 
 body=None 
 </msg>
<msg time="2024-06-22T22:13:42.597381" level="INFO">GET Response : url=https://randomuser.me/api 
 status=200, reason=OK 
 headers={'Date': 'Sat, 22 Jun 2024 22:13:42 GMT', 'Content-Type': 'application/json; charset=utf-8', 'Transfer-Encoding': 'chunked', 'Connection': 'keep-alive', 'X-Powered-By': 'Express', 'Access-Control-Allow-Origin': '*', 'Cache-Control': 'no-cache', 'ETag': 'W/"4ab-yooB1vmNFTNb7TBnxlSz1HKjeHE"', 'Vary': 'Accept-Encoding', 'Content-Encoding': 'gzip', 'CF-Cache-Status': 'DYNAMIC', 'Report-To': '{"endpoints":[{"url":"https:\\/\\/a.nel.cloudflare.com\\/report\\/v4?s=jPWn67aY8W%2BEEHWb2Tj810WKIajZ321LHiajGIx3sWf7lpVOoknqUShaqPE6YepZZtniM23AUriZVl%2F%2Fje1lhDtpaQm9WdC%2B3BOGioWcjD7CyC4C7anF7m94tcHESxyJ"}],"group":"cf-nel","max_age":604800}', 'NEL': '{"success_fraction":0,"report_to":"cf-nel","max_age":604800}', 'Server': 'cloudflare', 'CF-RAY': '897f964d08f23885-IAD', 'alt-svc': 'h3=":443"; ma=86400'} 
 body={"results":[{"gender":"female","name":{"title":"Miss","first":"Victoria","last":"Jimínez"},"location":{"street":{"number":1077,"name":"Viaducto Quintana Roo"},"city":"Ejido Monterrey","state":"Coahuila","country":"Mexico","postcode":72948,"coordinates":{"latitude":"27.9674","longitude":"128.9207"},"timezone":{"offset":"-8:00","description":"Pacific Time (US &amp; Canada)"}},"email":"victoria.jiminez@example.com","login":{"uuid":"f7121f33-b07e-4b33-a1b0-441710aeb626","username":"angryfish330","password":"phoenix1","salt":"aE7SolOf","md5":"fb8ebd6c3ac466bc1c1ef279acb77686","sha1":"fb1083fd839621cc560e40350c160878dc11a65a","sha256":"043df747d707f43ec8890727dfadeeb781d0c058424d93eba49271c9201b3e6c"},"dob":{"date":"1951-02-07T03:38:02.473Z","age":73},"registered":{"date":"2012-02-22T02:25:54.664Z","age":12},"phone":"(606) 963 1399","cell":"(691) 340 2706","id":{"name":"NSS","value":"83 35 72 3114 3"},"picture":{"large":"https://randomuser.me/api/portraits/women/10.jpg","medium":"https://randomuser.me/api/portraits/med/women/10.jpg","thumbnail":"https://randomuser.me/api/portraits/thumb/women/10.jpg"},"nat":"MX"}],"info":{"seed":"f4a9a7dd2a78181a","results":1,"page":1,"version":"1.4"}} 
 </msg>
<msg time="2024-06-22T22:13:42.597464" level="INFO">/opt/hostedtoolcache/Python/3.12.4/x64/lib/python3.12/site-packages/urllib3/connectionpool.py:1099: InsecureRequestWarning: Unverified HTTPS request is being made to host 'randomuser.me'. Adding certificate verification is strongly advised. See: https://urllib3.readthedocs.io/en/latest/advanced-usage.html#tls-warnings
  warnings.warn(</msg>
<msg time="2024-06-22T22:13:42.597587" level="INFO">${response} = &lt;Response [200]&gt;</msg>
<var>${response}</var>
<arg>consultarAPI</arg>
<arg>/api</arg>
<doc>Sends a GET request on a previously created HTTP Session.</doc>
<status status="PASS" start="2024-06-22T22:13:42.531290" elapsed="0.066341"/>
</kw>
<kw name="Should Be Equal As Numbers" owner="BuiltIn">
<msg time="2024-06-22T22:13:42.598754" level="INFO">Argument types are:
&lt;class 'int'&gt;
&lt;class 'str'&gt;</msg>
<arg>${response.status_code}</arg>
<arg>200</arg>
<doc>Fails if objects are unequal after converting them to real numbers.</doc>
<status status="PASS" start="2024-06-22T22:13:42.598210" elapsed="0.000606"/>
</kw>
<kw name="Log" owner="BuiltIn">
<msg time="2024-06-22T22:13:42.599491" level="INFO">200</msg>
<arg>${response.status_code}</arg>
<doc>Logs the given message with the given level.</doc>
<status status="PASS" start="2024-06-22T22:13:42.599129" elapsed="0.000403"/>
</kw>
<kw name="Set Variable" owner="BuiltIn">
<msg time="2024-06-22T22:13:42.600287" level="INFO">${json_data} = {'results': [{'gender': 'female', 'name': {'title': 'Miss', 'first': 'Victoria', 'last': 'Jimínez'}, 'location': {'street': {'number': 1077, 'name': 'Viaducto Quintana Roo'}, 'city': 'Ejido Monterrey'...</msg>
<var>${json_data}</var>
<arg>${response.json()}</arg>
<doc>Returns the given values which can then be assigned to a variables.</doc>
<status status="PASS" start="2024-06-22T22:13:42.599838" elapsed="0.000480"/>
</kw>
<kw name="Dictionary Should Contain Key" owner="Collections">
<arg>${json_data}</arg>
<arg>results</arg>
<doc>Fails if ``key`` is not found from ``dictionary``.</doc>
<status status="PASS" start="2024-06-22T22:13:42.600616" elapsed="0.000164"/>
</kw>
<status status="PASS" start="2024-06-22T22:13:42.531046" elapsed="0.069878"/>
</kw>
<doc>Testa se a API responde corretamente e retorna um objeto JSON válido.</doc>
<tag>testeRequisicaoBasica</tag>
<status status="PASS" start="2024-06-22T22:13:42.530516" elapsed="0.070576"/>
</test>
<test id="s1-s1-t3" name="Validar estrutura de resposta" line="22">
<kw name="Teste de Estrutura de Resposta" owner="random-user-service">
<kw name="GET On Session" owner="RequestsLibrary">
<msg time="2024-06-22T22:13:42.699290" level="INFO">GET Request : url=https://randomuser.me/api 
 path_url=/api 
 headers={'User-Agent': 'python-requests/2.32.3', 'Accept-Encoding': 'gzip, deflate', 'Accept': '*/*', 'Connection': 'keep-alive'} 
 body=None 
 </msg>
<msg time="2024-06-22T22:13:42.699372" level="INFO">GET Response : url=https://randomuser.me/api 
 status=200, reason=OK 
 headers={'Date': 'Sat, 22 Jun 2024 22:13:42 GMT', 'Content-Type': 'application/json; charset=utf-8', 'Transfer-Encoding': 'chunked', 'Connection': 'keep-alive', 'X-Powered-By': 'Express', 'Access-Control-Allow-Origin': '*', 'Cache-Control': 'no-cache', 'ETag': 'W/"491-wZI9qCCheTg1KgOKs+TK+wEtnz8"', 'Vary': 'Accept-Encoding', 'Content-Encoding': 'gzip', 'CF-Cache-Status': 'DYNAMIC', 'Report-To': '{"endpoints":[{"url":"https:\\/\\/a.nel.cloudflare.com\\/report\\/v4?s=iJV52lFJDSvZw%2BpAH%2FhkPNYFKPrHIG8OYjSvnxxW0A5bDmzIptCE794q3rI2Mz89W9WyBJH0YT5NveBaOEB0Ru3%2FOA1c6bjDONuyonV7oDvPp65s3vOaFVQpVAyINqpG"}],"group":"cf-nel","max_age":604800}', 'NEL': '{"success_fraction":0,"report_to":"cf-nel","max_age":604800}', 'Server': 'cloudflare', 'CF-RAY': '897f964d49483885-IAD', 'alt-svc': 'h3=":443"; ma=86400'} 
 body={"results":[{"gender":"female","name":{"title":"Miss","first":"Daniela","last":"Dueñas"},"location":{"street":{"number":4104,"name":"Calle Valle"},"city":"Almagres","state":"Colima","country":"Mexico","postcode":71362,"coordinates":{"latitude":"22.2572","longitude":"161.0223"},"timezone":{"offset":"+2:00","description":"Kaliningrad, South Africa"}},"email":"daniela.duenas@example.com","login":{"uuid":"44186304-ac1e-49f7-bc2a-0ab5e0ceac99","username":"redbear708","password":"blueeyes","salt":"Wg5J9BoV","md5":"e0c8f6dbd76b59d9a0592c110b4f1290","sha1":"5f08cc1cce964022d20fe8280efd97c8235bc118","sha256":"5612ac936978d6cf709ef94126f8c43cc7760a055c2403b06fa7c32acb0829f2"},"dob":{"date":"1987-02-21T00:30:36.051Z","age":37},"registered":{"date":"2008-10-18T21:08:59.705Z","age":15},"phone":"(607) 967 5597","cell":"(626) 411 0334","id":{"name":"NSS","value":"11 78 07 4796 6"},"picture":{"large":"https://randomuser.me/api/portraits/women/89.jpg","medium":"https://randomuser.me/api/portraits/med/women/89.jpg","thumbnail":"https://randomuser.me/api/portraits/thumb/women/89.jpg"},"nat":"MX"}],"info":{"seed":"3782ce6cf1ae891b","results":1,"page":1,"version":"1.4"}} 
 </msg>
<msg time="2024-06-22T22:13:42.699484" level="INFO">/opt/hostedtoolcache/Python/3.12.4/x64/lib/python3.12/site-packages/urllib3/connectionpool.py:1099: InsecureRequestWarning: Unverified HTTPS request is being made to host 'randomuser.me'. Adding certificate verification is strongly advised. See: https://urllib3.readthedocs.io/en/latest/advanced-usage.html#tls-warnings
  warnings.warn(</msg>
<msg time="2024-06-22T22:13:42.699589" level="INFO">${response} = &lt;Response [200]&gt;</msg>
<var>${response}</var>
<arg>consultarAPI</arg>
<arg>/api</arg>
<doc>Sends a GET request on a previously created HTTP Session.</doc>
<status status="PASS" start="2024-06-22T22:13:42.603749" elapsed="0.095881"/>
</kw>
<kw name="Set Variable" owner="BuiltIn">
<msg time="2024-06-22T22:13:42.700570" level="INFO">${json_data} = {'results': [{'gender': 'female', 'name': {'title': 'Miss', 'first': 'Daniela', 'last': 'Dueñas'}, 'location': {'street': {'number': 4104, 'name': 'Calle Valle'}, 'city': 'Almagres', 'state': 'Colima'...</msg>
<var>${json_data}</var>
<arg>${response.json()}</arg>
<doc>Returns the given values which can then be assigned to a variables.</doc>
<status status="PASS" start="2024-06-22T22:13:42.700069" elapsed="0.000531"/>
</kw>
<kw name="Log" owner="BuiltIn">
<msg time="2024-06-22T22:13:42.701067" level="INFO">{'results': [{'gender': 'female', 'name': {'title': 'Miss', 'first': 'Daniela', 'last': 'Dueñas'}, 'location': {'street': {'number': 4104, 'name': 'Calle Valle'}, 'city': 'Almagres', 'state': 'Colima', 'country': 'Mexico', 'postcode': 71362, 'coordinates': {'latitude': '22.2572', 'longitude': '161.0223'}, 'timezone': {'offset': '+2:00', 'description': 'Kaliningrad, South Africa'}}, 'email': 'daniela.duenas@example.com', 'login': {'uuid': '44186304-ac1e-49f7-bc2a-0ab5e0ceac99', 'username': 'redbear708', 'password': 'blueeyes', 'salt': 'Wg5J9BoV', 'md5': 'e0c8f6dbd76b59d9a0592c110b4f1290', 'sha1': '5f08cc1cce964022d20fe8280efd97c8235bc118', 'sha256': '5612ac936978d6cf709ef94126f8c43cc7760a055c2403b06fa7c32acb0829f2'}, 'dob': {'date': '1987-02-21T00:30:36.051Z', 'age': 37}, 'registered': {'date': '2008-10-18T21:08:59.705Z', 'age': 15}, 'phone': '(607) 967 5597', 'cell': '(626) 411 0334', 'id': {'name': 'NSS', 'value': '11 78 07 4796 6'}, 'picture': {'large': 'https://randomuser.me/api/portraits/women/89.jpg', 'medium': 'https://randomuser.me/api/portraits/med/women/89.jpg', 'thumbnail': 'https://randomuser.me/api/portraits/thumb/women/89.jpg'}, 'nat': 'MX'}], 'info': {'seed': '3782ce6cf1ae891b', 'results': 1, 'page': 1, 'version': '1.4'}}</msg>
<arg>${json_data}</arg>
<doc>Logs the given message with the given level.</doc>
<status status="PASS" start="2024-06-22T22:13:42.700906" elapsed="0.000221"/>
</kw>
<kw name="Dictionary Should Contain Key" owner="Collections">
<arg>${json_data}</arg>
<arg>results</arg>
<doc>Fails if ``key`` is not found from ``dictionary``.</doc>
<status status="PASS" start="2024-06-22T22:13:42.701434" elapsed="0.000160"/>
</kw>
<kw name="Should Not Be Empty" owner="BuiltIn">
<msg time="2024-06-22T22:13:42.701903" level="INFO">Length is 2.</msg>
<arg>${json_data}</arg>
<doc>Verifies that the given item is not empty.</doc>
<status status="PASS" start="2024-06-22T22:13:42.701776" elapsed="0.000171"/>
</kw>
<kw name="Create List" owner="BuiltIn">
<msg time="2024-06-22T22:13:42.702438" level="INFO">${expected_keys} = ['gender', 'name', 'location', 'email', 'login']</msg>
<var>${expected_keys}</var>
<arg>gender</arg>
<arg>name</arg>
<arg>location</arg>
<arg>email</arg>
<arg>login</arg>
<doc>Returns a list containing given items.</doc>
<status status="PASS" start="2024-06-22T22:13:42.702243" elapsed="0.000219"/>
</kw>
<for flavor="IN">
<iter>
<kw name="Dictionary Should Contain Key" owner="Collections">
<arg>${json_data['results'][0]}</arg>
<arg>${key}</arg>
<doc>Fails if ``key`` is not found from ``dictionary``.</doc>
<status status="PASS" start="2024-06-22T22:13:42.703198" elapsed="0.000408"/>
</kw>
<kw name="Log" owner="BuiltIn">
<msg time="2024-06-22T22:13:42.704155" level="INFO">{'gender': 'female', 'name': {'title': 'Miss', 'first': 'Daniela', 'last': 'Dueñas'}, 'location': {'street': {'number': 4104, 'name': 'Calle Valle'}, 'city': 'Almagres', 'state': 'Colima', 'country': 'Mexico', 'postcode': 71362, 'coordinates': {'latitude': '22.2572', 'longitude': '161.0223'}, 'timezone': {'offset': '+2:00', 'description': 'Kaliningrad, South Africa'}}, 'email': 'daniela.duenas@example.com', 'login': {'uuid': '44186304-ac1e-49f7-bc2a-0ab5e0ceac99', 'username': 'redbear708', 'password': 'blueeyes', 'salt': 'Wg5J9BoV', 'md5': 'e0c8f6dbd76b59d9a0592c110b4f1290', 'sha1': '5f08cc1cce964022d20fe8280efd97c8235bc118', 'sha256': '5612ac936978d6cf709ef94126f8c43cc7760a055c2403b06fa7c32acb0829f2'}, 'dob': {'date': '1987-02-21T00:30:36.051Z', 'age': 37}, 'registered': {'date': '2008-10-18T21:08:59.705Z', 'age': 15}, 'phone': '(607) 967 5597', 'cell': '(626) 411 0334', 'id': {'name': 'NSS', 'value': '11 78 07 4796 6'}, 'picture': {'large': 'https://randomuser.me/api/portraits/women/89.jpg', 'medium': 'https://randomuser.me/api/portraits/med/women/89.jpg', 'thumbnail': 'https://randomuser.me/api/portraits/thumb/women/89.jpg'}, 'nat': 'MX'}</msg>
<arg>${json_data['results'][0]}</arg>
<doc>Logs the given message with the given level.</doc>
<status status="PASS" start="2024-06-22T22:13:42.703791" elapsed="0.000414"/>
</kw>
<kw name="Log" owner="BuiltIn">
<msg time="2024-06-22T22:13:42.704635" level="INFO">gender</msg>
<arg>${key}</arg>
<doc>Logs the given message with the given level.</doc>
<status status="PASS" start="2024-06-22T22:13:42.704507" elapsed="0.000165"/>
</kw>
<var name="${key}">gender</var>
<status status="PASS" start="2024-06-22T22:13:42.703067" elapsed="0.001867"/>
</iter>
<iter>
<kw name="Dictionary Should Contain Key" owner="Collections">
<arg>${json_data['results'][0]}</arg>
<arg>${key}</arg>
<doc>Fails if ``key`` is not found from ``dictionary``.</doc>
<status status="PASS" start="2024-06-22T22:13:42.705397" elapsed="0.000619"/>
</kw>
<kw name="Log" owner="BuiltIn">
<msg time="2024-06-22T22:13:42.706712" level="INFO">{'gender': 'female', 'name': {'title': 'Miss', 'first': 'Daniela', 'last': 'Dueñas'}, 'location': {'street': {'number': 4104, 'name': 'Calle Valle'}, 'city': 'Almagres', 'state': 'Colima', 'country': 'Mexico', 'postcode': 71362, 'coordinates': {'latitude': '22.2572', 'longitude': '161.0223'}, 'timezone': {'offset': '+2:00', 'description': 'Kaliningrad, South Africa'}}, 'email': 'daniela.duenas@example.com', 'login': {'uuid': '44186304-ac1e-49f7-bc2a-0ab5e0ceac99', 'username': 'redbear708', 'password': 'blueeyes', 'salt': 'Wg5J9BoV', 'md5': 'e0c8f6dbd76b59d9a0592c110b4f1290', 'sha1': '5f08cc1cce964022d20fe8280efd97c8235bc118', 'sha256': '5612ac936978d6cf709ef94126f8c43cc7760a055c2403b06fa7c32acb0829f2'}, 'dob': {'date': '1987-02-21T00:30:36.051Z', 'age': 37}, 'registered': {'date': '2008-10-18T21:08:59.705Z', 'age': 15}, 'phone': '(607) 967 5597', 'cell': '(626) 411 0334', 'id': {'name': 'NSS', 'value': '11 78 07 4796 6'}, 'picture': {'large': 'https://randomuser.me/api/portraits/women/89.jpg', 'medium': 'https://randomuser.me/api/portraits/med/women/89.jpg', 'thumbnail': 'https://randomuser.me/api/portraits/thumb/women/89.jpg'}, 'nat': 'MX'}</msg>
<arg>${json_data['results'][0]}</arg>
<doc>Logs the given message with the given level.</doc>
<status status="PASS" start="2024-06-22T22:13:42.706315" elapsed="0.000480"/>
</kw>
<kw name="Log" owner="BuiltIn">
<msg time="2024-06-22T22:13:42.707251" level="INFO">name</msg>
<arg>${key}</arg>
<doc>Logs the given message with the given level.</doc>
<status status="PASS" start="2024-06-22T22:13:42.707115" elapsed="0.000173"/>
</kw>
<var name="${key}">name</var>
<status status="PASS" start="2024-06-22T22:13:42.705214" elapsed="0.002300"/>
</iter>
<iter>
<kw name="Dictionary Should Contain Key" owner="Collections">
<arg>${json_data['results'][0]}</arg>
<arg>${key}</arg>
<doc>Fails if ``key`` is not found from ``dictionary``.</doc>
<status status="PASS" start="2024-06-22T22:13:42.707799" elapsed="0.000389"/>
</kw>
<kw name="Log" owner="BuiltIn">
<msg time="2024-06-22T22:13:42.708735" level="INFO">{'gender': 'female', 'name': {'title': 'Miss', 'first': 'Daniela', 'last': 'Dueñas'}, 'location': {'street': {'number': 4104, 'name': 'Calle Valle'}, 'city': 'Almagres', 'state': 'Colima', 'country': 'Mexico', 'postcode': 71362, 'coordinates': {'latitude': '22.2572', 'longitude': '161.0223'}, 'timezone': {'offset': '+2:00', 'description': 'Kaliningrad, South Africa'}}, 'email': 'daniela.duenas@example.com', 'login': {'uuid': '44186304-ac1e-49f7-bc2a-0ab5e0ceac99', 'username': 'redbear708', 'password': 'blueeyes', 'salt': 'Wg5J9BoV', 'md5': 'e0c8f6dbd76b59d9a0592c110b4f1290', 'sha1': '5f08cc1cce964022d20fe8280efd97c8235bc118', 'sha256': '5612ac936978d6cf709ef94126f8c43cc7760a055c2403b06fa7c32acb0829f2'}, 'dob': {'date': '1987-02-21T00:30:36.051Z', 'age': 37}, 'registered': {'date': '2008-10-18T21:08:59.705Z', 'age': 15}, 'phone': '(607) 967 5597', 'cell': '(626) 411 0334', 'id': {'name': 'NSS', 'value': '11 78 07 4796 6'}, 'picture': {'large': 'https://randomuser.me/api/portraits/women/89.jpg', 'medium': 'https://randomuser.me/api/portraits/med/women/89.jpg', 'thumbnail': 'https://randomuser.me/api/portraits/thumb/women/89.jpg'}, 'nat': 'MX'}</msg>
<arg>${json_data['results'][0]}</arg>
<doc>Logs the given message with the given level.</doc>
<status status="PASS" start="2024-06-22T22:13:42.708372" elapsed="0.000412"/>
</kw>
<kw name="Log" owner="BuiltIn">
<msg time="2024-06-22T22:13:42.709206" level="INFO">location</msg>
<arg>${key}</arg>
<doc>Logs the given message with the given level.</doc>
<status status="PASS" start="2024-06-22T22:13:42.709078" elapsed="0.000166"/>
</kw>
<var name="${key}">location</var>
<status status="PASS" start="2024-06-22T22:13:42.707690" elapsed="0.001766"/>
</iter>
<iter>
<kw name="Dictionary Should Contain Key" owner="Collections">
<arg>${json_data['results'][0]}</arg>
<arg>${key}</arg>
<doc>Fails if ``key`` is not found from ``dictionary``.</doc>
<status status="PASS" start="2024-06-22T22:13:42.709733" elapsed="0.000390"/>
</kw>
<kw name="Log" owner="BuiltIn">
<msg time="2024-06-22T22:13:42.710715" level="INFO">{'gender': 'female', 'name': {'title': 'Miss', 'first': 'Daniela', 'last': 'Dueñas'}, 'location': {'street': {'number': 4104, 'name': 'Calle Valle'}, 'city': 'Almagres', 'state': 'Colima', 'country': 'Mexico', 'postcode': 71362, 'coordinates': {'latitude': '22.2572', 'longitude': '161.0223'}, 'timezone': {'offset': '+2:00', 'description': 'Kaliningrad, South Africa'}}, 'email': 'daniela.duenas@example.com', 'login': {'uuid': '44186304-ac1e-49f7-bc2a-0ab5e0ceac99', 'username': 'redbear708', 'password': 'blueeyes', 'salt': 'Wg5J9BoV', 'md5': 'e0c8f6dbd76b59d9a0592c110b4f1290', 'sha1': '5f08cc1cce964022d20fe8280efd97c8235bc118', 'sha256': '5612ac936978d6cf709ef94126f8c43cc7760a055c2403b06fa7c32acb0829f2'}, 'dob': {'date': '1987-02-21T00:30:36.051Z', 'age': 37}, 'registered': {'date': '2008-10-18T21:08:59.705Z', 'age': 15}, 'phone': '(607) 967 5597', 'cell': '(626) 411 0334', 'id': {'name': 'NSS', 'value': '11 78 07 4796 6'}, 'picture': {'large': 'https://randomuser.me/api/portraits/women/89.jpg', 'medium': 'https://randomuser.me/api/portraits/med/women/89.jpg', 'thumbnail': 'https://randomuser.me/api/portraits/thumb/women/89.jpg'}, 'nat': 'MX'}</msg>
<arg>${json_data['results'][0]}</arg>
<doc>Logs the given message with the given level.</doc>
<status status="PASS" start="2024-06-22T22:13:42.710335" elapsed="0.000430"/>
</kw>
<kw name="Log" owner="BuiltIn">
<msg time="2024-06-22T22:13:42.711188" level="INFO">email</msg>
<arg>${key}</arg>
<doc>Logs the given message with the given level.</doc>
<status status="PASS" start="2024-06-22T22:13:42.711060" elapsed="0.000165"/>
</kw>
<var name="${key}">email</var>
<status status="PASS" start="2024-06-22T22:13:42.709627" elapsed="0.001815"/>
</iter>
<iter>
<kw name="Dictionary Should Contain Key" owner="Collections">
<arg>${json_data['results'][0]}</arg>
<arg>${key}</arg>
<doc>Fails if ``key`` is not found from ``dictionary``.</doc>
<status status="PASS" start="2024-06-22T22:13:42.711719" elapsed="0.000383"/>
</kw>
<kw name="Log" owner="BuiltIn">
<msg time="2024-06-22T22:13:42.712634" level="INFO">{'gender': 'female', 'name': {'title': 'Miss', 'first': 'Daniela', 'last': 'Dueñas'}, 'location': {'street': {'number': 4104, 'name': 'Calle Valle'}, 'city': 'Almagres', 'state': 'Colima', 'country': 'Mexico', 'postcode': 71362, 'coordinates': {'latitude': '22.2572', 'longitude': '161.0223'}, 'timezone': {'offset': '+2:00', 'description': 'Kaliningrad, South Africa'}}, 'email': 'daniela.duenas@example.com', 'login': {'uuid': '44186304-ac1e-49f7-bc2a-0ab5e0ceac99', 'username': 'redbear708', 'password': 'blueeyes', 'salt': 'Wg5J9BoV', 'md5': 'e0c8f6dbd76b59d9a0592c110b4f1290', 'sha1': '5f08cc1cce964022d20fe8280efd97c8235bc118', 'sha256': '5612ac936978d6cf709ef94126f8c43cc7760a055c2403b06fa7c32acb0829f2'}, 'dob': {'date': '1987-02-21T00:30:36.051Z', 'age': 37}, 'registered': {'date': '2008-10-18T21:08:59.705Z', 'age': 15}, 'phone': '(607) 967 5597', 'cell': '(626) 411 0334', 'id': {'name': 'NSS', 'value': '11 78 07 4796 6'}, 'picture': {'large': 'https://randomuser.me/api/portraits/women/89.jpg', 'medium': 'https://randomuser.me/api/portraits/med/women/89.jpg', 'thumbnail': 'https://randomuser.me/api/portraits/thumb/women/89.jpg'}, 'nat': 'MX'}</msg>
<arg>${json_data['results'][0]}</arg>
<doc>Logs the given message with the given level.</doc>
<status status="PASS" start="2024-06-22T22:13:42.712282" elapsed="0.000402"/>
</kw>
<kw name="Log" owner="BuiltIn">
<msg time="2024-06-22T22:13:42.713111" level="INFO">login</msg>
<arg>${key}</arg>
<doc>Logs the given message with the given level.</doc>
<status status="PASS" start="2024-06-22T22:13:42.712980" elapsed="0.000168"/>
</kw>
<var name="${key}">login</var>
<status status="PASS" start="2024-06-22T22:13:42.711612" elapsed="0.001748"/>
</iter>
<var>${key}</var>
<value>@{expected_keys}</value>
<status status="PASS" start="2024-06-22T22:13:42.702872" elapsed="0.010605"/>
</for>
<kw name="Create List" owner="BuiltIn">
<msg time="2024-06-22T22:13:42.713800" level="INFO">${expected_keysTwo} = ['username', 'password']</msg>
<var>${expected_keysTwo}</var>
<arg>username</arg>
<arg>password</arg>
<doc>Returns a list containing given items.</doc>
<status status="PASS" start="2024-06-22T22:13:42.713665" elapsed="0.000189"/>
</kw>
<for flavor="IN">
<iter>
<kw name="Dictionary Should Contain Key" owner="Collections">
<arg>${json_data['results'][0]['login']}</arg>
<arg>${keyTwo}</arg>
<doc>Fails if ``key`` is not found from ``dictionary``.</doc>
<status status="PASS" start="2024-06-22T22:13:42.714391" elapsed="0.000403"/>
</kw>
<kw name="Dictionary Should Contain Key" owner="Collections">
<arg>${json_data['results'][0]['login']}</arg>
<arg>${keyTwo}</arg>
<doc>Fails if ``key`` is not found from ``dictionary``.</doc>
<status status="PASS" start="2024-06-22T22:13:42.714975" elapsed="0.000382"/>
</kw>
<kw name="Log" owner="BuiltIn">
<msg time="2024-06-22T22:13:42.715656" level="INFO">username</msg>
<arg>${keyTwo}</arg>
<doc>Logs the given message with the given level.</doc>
<status status="PASS" start="2024-06-22T22:13:42.715534" elapsed="0.000160"/>
</kw>
<var name="${keyTwo}">username</var>
<status status="PASS" start="2024-06-22T22:13:42.714246" elapsed="0.001664"/>
</iter>
<iter>
<kw name="Dictionary Should Contain Key" owner="Collections">
<arg>${json_data['results'][0]['login']}</arg>
<arg>${keyTwo}</arg>
<doc>Fails if ``key`` is not found from ``dictionary``.</doc>
<status status="PASS" start="2024-06-22T22:13:42.716186" elapsed="0.000388"/>
</kw>
<kw name="Dictionary Should Contain Key" owner="Collections">
<arg>${json_data['results'][0]['login']}</arg>
<arg>${keyTwo}</arg>
<doc>Fails if ``key`` is not found from ``dictionary``.</doc>
<status status="PASS" start="2024-06-22T22:13:42.716755" elapsed="0.000411"/>
</kw>
<kw name="Log" owner="BuiltIn">
<msg time="2024-06-22T22:13:42.717470" level="INFO">password</msg>
<arg>${keyTwo}</arg>
<doc>Logs the given message with the given level.</doc>
<status status="PASS" start="2024-06-22T22:13:42.717347" elapsed="0.000160"/>
</kw>
<var name="${keyTwo}">password</var>
<status status="PASS" start="2024-06-22T22:13:42.716081" elapsed="0.001649"/>
</iter>
<var>${keyTwo}</var>
<value>@{expected_keysTwo}</value>
<status status="PASS" start="2024-06-22T22:13:42.714096" elapsed="0.003833"/>
</for>
<status status="PASS" start="2024-06-22T22:13:42.603513" elapsed="0.114615"/>
</kw>
<doc>Testa a estrutura da resposta da API.</doc>
<tag>testeEstruturaResposta</tag>
<status status="PASS" start="2024-06-22T22:13:42.602933" elapsed="0.115470"/>
</test>
<test id="s1-s1-t4" name="Validar tipos de dados" line="28">
<kw name="Teste de Tipos de Dados" owner="random-user-service">
<kw name="GET On Session" owner="RequestsLibrary">
<msg time="2024-06-22T22:13:42.815532" level="INFO">GET Request : url=https://randomuser.me/api 
 path_url=/api 
 headers={'User-Agent': 'python-requests/2.32.3', 'Accept-Encoding': 'gzip, deflate', 'Accept': '*/*', 'Connection': 'keep-alive'} 
 body=None 
 </msg>
<msg time="2024-06-22T22:13:42.815631" level="INFO">GET Response : url=https://randomuser.me/api 
 status=200, reason=OK 
 headers={'Date': 'Sat, 22 Jun 2024 22:13:42 GMT', 'Content-Type': 'application/json; charset=utf-8', 'Transfer-Encoding': 'chunked', 'Connection': 'keep-alive', 'X-Powered-By': 'Express', 'Access-Control-Allow-Origin': '*', 'Cache-Control': 'no-cache', 'ETag': 'W/"495-Zt9k4H/7ZzeTBK9EZep5fBAH894"', 'Vary': 'Accept-Encoding', 'Content-Encoding': 'gzip', 'CF-Cache-Status': 'DYNAMIC', 'Report-To': '{"endpoints":[{"url":"https:\\/\\/a.nel.cloudflare.com\\/report\\/v4?s=PhHHe3wD6edMEjMtuVzJZYvJyYXJ6BOUBFlYf6v80KCSYtsesan3G4LzJKqFyY%2BgPcX4bJW5nKN%2BeqiXtiGwMgwf4wWxX4EP9q6OCVxjQR8BL3bslXZhNVMbwG5JR0Iz"}],"group":"cf-nel","max_age":604800}', 'NEL': '{"success_fraction":0,"report_to":"cf-nel","max_age":604800}', 'Server': 'cloudflare', 'CF-RAY': '897f964e0a233885-IAD', 'alt-svc': 'h3=":443"; ma=86400'} 
 body={"results":[{"gender":"female","name":{"title":"Miss","first":"Monica","last":"Wallace"},"location":{"street":{"number":5304,"name":"Fincher Rd"},"city":"Yonkers","state":"North Dakota","country":"United States","postcode":81469,"coordinates":{"latitude":"87.3388","longitude":"136.2915"},"timezone":{"offset":"-12:00","description":"Eniwetok, Kwajalein"}},"email":"monica.wallace@example.com","login":{"uuid":"be1084fa-c3e4-4020-bdaa-276625198036","username":"purplecat521","password":"pertinant","salt":"n3pdjcmZ","md5":"03c8d03dfbb3f2fe14f140dcd536b40e","sha1":"7da859cb300898047b290318a405d1eb6445bba7","sha256":"2c106ed08fd9b486b97d84a42f7cdf6cfc380773771d56b4ddf641ccdbea60fa"},"dob":{"date":"1969-03-16T15:15:03.187Z","age":55},"registered":{"date":"2010-07-10T11:17:07.273Z","age":13},"phone":"(416) 602-4231","cell":"(541) 809-2651","id":{"name":"SSN","value":"274-84-5031"},"picture":{"large":"https://randomuser.me/api/portraits/women/17.jpg","medium":"https://randomuser.me/api/portraits/med/women/17.jpg","thumbnail":"https://randomuser.me/api/portraits/thumb/women/17.jpg"},"nat":"US"}],"info":{"seed":"14d7879df9d412d5","results":1,"page":1,"version":"1.4"}} 
 </msg>
<msg time="2024-06-22T22:13:42.815712" level="INFO">/opt/hostedtoolcache/Python/3.12.4/x64/lib/python3.12/site-packages/urllib3/connectionpool.py:1099: InsecureRequestWarning: Unverified HTTPS request is being made to host 'randomuser.me'. Adding certificate verification is strongly advised. See: https://urllib3.readthedocs.io/en/latest/advanced-usage.html#tls-warnings
  warnings.warn(</msg>
<msg time="2024-06-22T22:13:42.815842" level="INFO">${response} = &lt;Response [200]&gt;</msg>
<var>${response}</var>
<arg>consultarAPI</arg>
<arg>/api</arg>
<doc>Sends a GET request on a previously created HTTP Session.</doc>
<status status="PASS" start="2024-06-22T22:13:42.721090" elapsed="0.094805"/>
</kw>
<kw name="Set Variable" owner="BuiltIn">
<msg time="2024-06-22T22:13:42.817083" level="INFO">${json_data} = {'results': [{'gender': 'female', 'name': {'title': 'Miss', 'first': 'Monica', 'last': 'Wallace'}, 'location': {'street': {'number': 5304, 'name': 'Fincher Rd'}, 'city': 'Yonkers', 'state': 'North Dak...</msg>
<var>${json_data}</var>
<arg>${response.json()}</arg>
<doc>Returns the given values which can then be assigned to a variables.</doc>
<status status="PASS" start="2024-06-22T22:13:42.816501" elapsed="0.000611"/>
</kw>
<kw name="Log" owner="BuiltIn">
<msg time="2024-06-22T22:13:42.817580" level="INFO">{'results': [{'gender': 'female', 'name': {'title': 'Miss', 'first': 'Monica', 'last': 'Wallace'}, 'location': {'street': {'number': 5304, 'name': 'Fincher Rd'}, 'city': 'Yonkers', 'state': 'North Dakota', 'country': 'United States', 'postcode': 81469, 'coordinates': {'latitude': '87.3388', 'longitude': '136.2915'}, 'timezone': {'offset': '-12:00', 'description': 'Eniwetok, Kwajalein'}}, 'email': 'monica.wallace@example.com', 'login': {'uuid': 'be1084fa-c3e4-4020-bdaa-276625198036', 'username': 'purplecat521', 'password': 'pertinant', 'salt': 'n3pdjcmZ', 'md5': '03c8d03dfbb3f2fe14f140dcd536b40e', 'sha1': '7da859cb300898047b290318a405d1eb6445bba7', 'sha256': '2c106ed08fd9b486b97d84a42f7cdf6cfc380773771d56b4ddf641ccdbea60fa'}, 'dob': {'date': '1969-03-16T15:15:03.187Z', 'age': 55}, 'registered': {'date': '2010-07-10T11:17:07.273Z', 'age': 13}, 'phone': '(416) 602-4231', 'cell': '(541) 809-2651', 'id': {'name': 'SSN', 'value': '274-84-5031'}, 'picture': {'large': 'https://randomuser.me/api/portraits/women/17.jpg', 'medium': 'https://randomuser.me/api/portraits/med/women/17.jpg', 'thumbnail': 'https://randomuser.me/api/portraits/thumb/women/17.jpg'}, 'nat': 'US'}], 'info': {'seed': '14d7879df9d412d5', 'results': 1, 'page': 1, 'version': '1.4'}}</msg>
<arg>${json_data}</arg>
<doc>Logs the given message with the given level.</doc>
<status status="PASS" start="2024-06-22T22:13:42.817419" elapsed="0.000210"/>
</kw>
<kw name="Should Be String" owner="String">
<arg>${json_data['results'][0]['gender']}</arg>
<doc>Fails if the given ``item`` is not a string.</doc>
<status status="PASS" start="2024-06-22T22:13:42.817923" elapsed="0.000433"/>
</kw>
<kw name="Should Match Regexp" owner="BuiltIn">
<arg>${json_data['results'][0]['email']}</arg>
<arg>^[a-zA-Z0-9._%+-]+@[a-zA-Z0-9.-]+\.[a-zA-Z]{2,}$</arg>
<doc>Fails if ``string`` does not match ``pattern`` as a regular expression.</doc>
<status status="PASS" start="2024-06-22T22:13:42.818560" elapsed="0.000576"/>
</kw>
<kw name="Should Match Regexp" owner="BuiltIn">
<arg>${json_data['results'][0]['dob']['date']}</arg>
<arg>\\d{4}-\\d{2}-\\d{2}T\\d{2}:\\d{2}:\\d{2}\\.\\d{3}Z</arg>
<doc>Fails if ``string`` does not match ``pattern`` as a regular expression.</doc>
<status status="PASS" start="2024-06-22T22:13:42.819337" elapsed="0.000499"/>
</kw>
<kw name="Should Match Regexp" owner="BuiltIn">
<arg>${json_data['results'][0]['registered']['date']}</arg>
<arg>\\d{4}-\\d{2}-\\d{2}T\\d{2}:\\d{2}:\\d{2}\\.\\d{3}Z</arg>
<doc>Fails if ``string`` does not match ``pattern`` as a regular expression.</doc>
<status status="PASS" start="2024-06-22T22:13:42.820026" elapsed="0.000379"/>
</kw>
<kw name="Should Match Regexp" owner="BuiltIn">
<arg>${json_data['results'][0]['picture']['large']}</arg>
<arg>^https?://.*\.(?:png|jpe?g|gif|bmp)$</arg>
<doc>Fails if ``string`` does not match ``pattern`` as a regular expression.</doc>
<status status="PASS" start="2024-06-22T22:13:42.820594" elapsed="0.000464"/>
</kw>
<kw name="Should Match Regexp" owner="BuiltIn">
<arg>${json_data['results'][0]['picture']['medium']}</arg>
<arg>^https?://.*\.(?:png|jpe?g|gif|bmp)$</arg>
<doc>Fails if ``string`` does not match ``pattern`` as a regular expression.</doc>
<status status="PASS" start="2024-06-22T22:13:42.821245" elapsed="0.000358"/>
</kw>
<kw name="Should Match Regexp" owner="BuiltIn">
<arg>${json_data['results'][0]['picture']['thumbnail']}</arg>
<arg>^https?://.*\.(?:png|jpe?g|gif|bmp)$</arg>
<doc>Fails if ``string`` does not match ``pattern`` as a regular expression.</doc>
<status status="PASS" start="2024-06-22T22:13:42.821788" elapsed="0.000355"/>
</kw>
<kw name="Log" owner="BuiltIn">
<msg time="2024-06-22T22:13:42.822680" level="INFO">{'large': 'https://randomuser.me/api/portraits/women/17.jpg', 'medium': 'https://randomuser.me/api/portraits/med/women/17.jpg', 'thumbnail': 'https://randomuser.me/api/portraits/thumb/women/17.jpg'}</msg>
<arg>${json_data['results'][0]['picture']}</arg>
<doc>Logs the given message with the given level.</doc>
<status status="PASS" start="2024-06-22T22:13:42.822348" elapsed="0.000376"/>
</kw>
<status status="PASS" start="2024-06-22T22:13:42.720864" elapsed="0.102116"/>
</kw>
<kw name="Teste de Tipos de Dados - Postcode" owner="random-user-service">
<kw name="GET On Session" owner="RequestsLibrary">
<msg time="2024-06-22T22:13:43.242323" level="INFO">GET Request : url=https://randomuser.me/api 
 path_url=/api 
 headers={'User-Agent': 'python-requests/2.32.3', 'Accept-Encoding': 'gzip, deflate', 'Accept': '*/*', 'Connection': 'keep-alive'} 
 body=None 
 </msg>
<msg time="2024-06-22T22:13:43.242422" level="INFO">GET Response : url=https://randomuser.me/api 
 status=200, reason=OK 
 headers={'Date': 'Sat, 22 Jun 2024 22:13:43 GMT', 'Content-Type': 'application/json; charset=utf-8', 'Transfer-Encoding': 'chunked', 'Connection': 'keep-alive', 'X-Powered-By': 'Express', 'Access-Control-Allow-Origin': '*', 'Cache-Control': 'no-cache', 'ETag': 'W/"4a6-b88K4cHd2EOw7Dqkr9uBrMNAUvY"', 'Vary': 'Accept-Encoding', 'Content-Encoding': 'gzip', 'CF-Cache-Status': 'DYNAMIC', 'Report-To': '{"endpoints":[{"url":"https:\\/\\/a.nel.cloudflare.com\\/report\\/v4?s=0o9UmvnhlA3S%2Bqiob8PZK8vjPUvbpN7IVCyAWyyIkHe88RJZdDD3Up%2BGpISyN0JcQ8FkF5q5sSpAE9RfNHaPcvRAIZti76QsSClXSWv%2FbGRlqy4rVsCx2B3Ah1JSb23u"}],"group":"cf-nel","max_age":604800}', 'NEL': '{"success_fraction":0,"report_to":"cf-nel","max_age":604800}', 'Server': 'cloudflare', 'CF-RAY': '897f964eaae93885-IAD', 'alt-svc': 'h3=":443"; ma=86400'} 
 body={"results":[{"gender":"female","name":{"title":"Miss","first":"Carla","last":"Freier"},"location":{"street":{"number":7626,"name":"Kirchgasse"},"city":"Biesenthal","state":"Brandenburg","country":"Germany","postcode":99239,"coordinates":{"latitude":"-54.1909","longitude":"176.8812"},"timezone":{"offset":"+5:00","description":"Ekaterinburg, Islamabad, Karachi, Tashkent"}},"email":"carla.freier@example.com","login":{"uuid":"230bc813-f238-4d55-8fed-84a08fdfe69f","username":"smallleopard333","password":"tickler","salt":"lmH2wwc8","md5":"c8822d5c0e666fc0cd57fadd87d553c6","sha1":"5288c5b98631ef1517e1c4899e12ead650ca0be6","sha256":"bdbabb5f7d2573535c0df0adc15773a11742f467aed952bc6f8ff739a98c133d"},"dob":{"date":"1983-03-19T14:21:16.491Z","age":41},"registered":{"date":"2002-06-04T09:47:19.219Z","age":22},"phone":"0989-9459939","cell":"0170-6392698","id":{"name":"SVNR","value":"20 190383 F 592"},"picture":{"large":"https://randomuser.me/api/portraits/women/51.jpg","medium":"https://randomuser.me/api/portraits/med/women/51.jpg","thumbnail":"https://randomuser.me/api/portraits/thumb/women/51.jpg"},"nat":"DE"}],"info":{"seed":"a586ff502582c822","results":1,"page":1,"version":"1.4"}} 
 </msg>
<msg time="2024-06-22T22:13:43.242496" level="INFO">/opt/hostedtoolcache/Python/3.12.4/x64/lib/python3.12/site-packages/urllib3/connectionpool.py:1099: InsecureRequestWarning: Unverified HTTPS request is being made to host 'randomuser.me'. Adding certificate verification is strongly advised. See: https://urllib3.readthedocs.io/en/latest/advanced-usage.html#tls-warnings
  warnings.warn(</msg>
<msg time="2024-06-22T22:13:43.242613" level="INFO">${response} = &lt;Response [200]&gt;</msg>
<var>${response}</var>
<arg>consultarAPI</arg>
<arg>/api</arg>
<doc>Sends a GET request on a previously created HTTP Session.</doc>
<status status="PASS" start="2024-06-22T22:13:42.823432" elapsed="0.419223"/>
</kw>
<kw name="Set Variable" owner="BuiltIn">
<msg time="2024-06-22T22:13:43.243713" level="INFO">${json_data} = {'results': [{'gender': 'female', 'name': {'title': 'Miss', 'first': 'Carla', 'last': 'Freier'}, 'location': {'street': {'number': 7626, 'name': 'Kirchgasse'}, 'city': 'Biesenthal', 'state': 'Brandenb...</msg>
<var>${json_data}</var>
<arg>${response.json()}</arg>
<doc>Returns the given values which can then be assigned to a variables.</doc>
<status status="PASS" start="2024-06-22T22:13:43.243192" elapsed="0.000549"/>
</kw>
<kw name="Log" owner="BuiltIn">
<msg time="2024-06-22T22:13:43.244189" level="INFO">{'results': [{'gender': 'female', 'name': {'title': 'Miss', 'first': 'Carla', 'last': 'Freier'}, 'location': {'street': {'number': 7626, 'name': 'Kirchgasse'}, 'city': 'Biesenthal', 'state': 'Brandenburg', 'country': 'Germany', 'postcode': 99239, 'coordinates': {'latitude': '-54.1909', 'longitude': '176.8812'}, 'timezone': {'offset': '+5:00', 'description': 'Ekaterinburg, Islamabad, Karachi, Tashkent'}}, 'email': 'carla.freier@example.com', 'login': {'uuid': '230bc813-f238-4d55-8fed-84a08fdfe69f', 'username': 'smallleopard333', 'password': 'tickler', 'salt': 'lmH2wwc8', 'md5': 'c8822d5c0e666fc0cd57fadd87d553c6', 'sha1': '5288c5b98631ef1517e1c4899e12ead650ca0be6', 'sha256': 'bdbabb5f7d2573535c0df0adc15773a11742f467aed952bc6f8ff739a98c133d'}, 'dob': {'date': '1983-03-19T14:21:16.491Z', 'age': 41}, 'registered': {'date': '2002-06-04T09:47:19.219Z', 'age': 22}, 'phone': '0989-9459939', 'cell': '0170-6392698', 'id': {'name': 'SVNR', 'value': '20 190383 F 592'}, 'picture': {'large': 'https://randomuser.me/api/portraits/women/51.jpg', 'medium': 'https://randomuser.me/api/portraits/med/women/51.jpg', 'thumbnail': 'https://randomuser.me/api/portraits/thumb/women/51.jpg'}, 'nat': 'DE'}], 'info': {'seed': 'a586ff502582c822', 'results': 1, 'page': 1, 'version': '1.4'}}</msg>
<arg>${json_data}</arg>
<doc>Logs the given message with the given level.</doc>
<status status="PASS" start="2024-06-22T22:13:43.244035" elapsed="0.000201"/>
</kw>
<kw name="Should Be Equal As Numbers" owner="BuiltIn">
<arg>${json_data['results'][0]['location']['postcode']}</arg>
<arg>${json_data['results'][0]['location']['postcode']}</arg>
<doc>Fails if objects are unequal after converting them to real numbers.</doc>
<status status="PASS" start="2024-06-22T22:13:43.244524" elapsed="0.000629"/>
</kw>
<kw name="Log" owner="BuiltIn">
<msg time="2024-06-22T22:13:43.245719" level="INFO">99239</msg>
<arg>${json_data['results'][0]['location']['postcode']}</arg>
<doc>Logs the given message with the given level.</doc>
<status status="PASS" start="2024-06-22T22:13:43.245342" elapsed="0.000418"/>
</kw>
<status status="PASS" start="2024-06-22T22:13:42.823206" elapsed="0.422805"/>
</kw>
<doc>Testa se os tipos de dados na resposta da API estão corretos.</doc>
<tag>testeTiposDados</tag>
<status status="PASS" start="2024-06-22T22:13:42.720235" elapsed="0.525945"/>
</test>
<test id="s1-s1-t5" name="Validar conteudo" line="35">
<kw name="Teste de Tipos de Conteudo" owner="random-user-service">
<kw name="GET On Session" owner="RequestsLibrary">
<msg time="2024-06-22T22:13:43.372629" level="INFO">GET Request : url=https://randomuser.me/api 
 path_url=/api 
 headers={'User-Agent': 'python-requests/2.32.3', 'Accept-Encoding': 'gzip, deflate', 'Accept': '*/*', 'Connection': 'keep-alive'} 
 body=None 
 </msg>
<msg time="2024-06-22T22:13:43.372726" level="INFO">GET Response : url=https://randomuser.me/api 
 status=200, reason=OK 
 headers={'Date': 'Sat, 22 Jun 2024 22:13:43 GMT', 'Content-Type': 'application/json; charset=utf-8', 'Transfer-Encoding': 'chunked', 'Connection': 'keep-alive', 'X-Powered-By': 'Express', 'Access-Control-Allow-Origin': '*', 'Cache-Control': 'no-cache', 'ETag': 'W/"48a-VJQj1x+Y/4KiO056WzzDH0cgBuA"', 'Vary': 'Accept-Encoding', 'Content-Encoding': 'gzip', 'CF-Cache-Status': 'DYNAMIC', 'Report-To': '{"endpoints":[{"url":"https:\\/\\/a.nel.cloudflare.com\\/report\\/v4?s=CdxpFWi1LJI2vNJdrUS%2BtHMou0Qq7uWl8t%2FHPEIsViEV9bmgxkLMykwZ7GpqctIKaE8QNO0QZdDq2Xq4BNsc2WHX872Y%2BuyFk1ZviYC%2FNA2QGZp2lrKYqF%2BzOztaxRDY"}],"group":"cf-nel","max_age":604800}', 'NEL': '{"success_fraction":0,"report_to":"cf-nel","max_age":604800}', 'Server': 'cloudflare', 'CF-RAY': '897f96515de53885-IAD', 'alt-svc': 'h3=":443"; ma=86400'} 
 body={"results":[{"gender":"male","name":{"title":"Mr","first":"Nolan","last":"Reynolds"},"location":{"street":{"number":8923,"name":"Church Lane"},"city":"Enniscorthy","state":"Tipperary","country":"Ireland","postcode":31677,"coordinates":{"latitude":"4.0968","longitude":"-12.8055"},"timezone":{"offset":"+1:00","description":"Brussels, Copenhagen, Madrid, Paris"}},"email":"nolan.reynolds@example.com","login":{"uuid":"bc7e06d3-1f46-43d6-9135-edfea18e0c96","username":"bluegoose914","password":"battle","salt":"g0qzoZAu","md5":"8b52e10b970dc0a5d9179f76d1651409","sha1":"b9c966b422c3e0aa3b40121183fc17cf92d20ef3","sha256":"0a6a8c7fe953a3284929b447459e40309bee47cc618a9861875dd17a6718fc2a"},"dob":{"date":"1991-10-13T17:59:23.666Z","age":32},"registered":{"date":"2022-05-10T01:44:54.871Z","age":2},"phone":"051-059-0853","cell":"081-188-6494","id":{"name":"PPS","value":"6969662T"},"picture":{"large":"https://randomuser.me/api/portraits/men/89.jpg","medium":"https://randomuser.me/api/portraits/med/men/89.jpg","thumbnail":"https://randomuser.me/api/portraits/thumb/men/89.jpg"},"nat":"IE"}],"info":{"seed":"40f847c6fdb28894","results":1,"page":1,"version":"1.4"}} 
 </msg>
<msg time="2024-06-22T22:13:43.372812" level="INFO">/opt/hostedtoolcache/Python/3.12.4/x64/lib/python3.12/site-packages/urllib3/connectionpool.py:1099: InsecureRequestWarning: Unverified HTTPS request is being made to host 'randomuser.me'. Adding certificate verification is strongly advised. See: https://urllib3.readthedocs.io/en/latest/advanced-usage.html#tls-warnings
  warnings.warn(</msg>
<msg time="2024-06-22T22:13:43.372942" level="INFO">${response} = &lt;Response [200]&gt;</msg>
<var>${response}</var>
<arg>consultarAPI</arg>
<arg>/api</arg>
<doc>Sends a GET request on a previously created HTTP Session.</doc>
<status status="PASS" start="2024-06-22T22:13:43.248929" elapsed="0.124053"/>
</kw>
<kw name="Set Variable" owner="BuiltIn">
<msg time="2024-06-22T22:13:43.374155" level="INFO">${json_data} = {'results': [{'gender': 'male', 'name': {'title': 'Mr', 'first': 'Nolan', 'last': 'Reynolds'}, 'location': {'street': {'number': 8923, 'name': 'Church Lane'}, 'city': 'Enniscorthy', 'state': 'Tipperar...</msg>
<var>${json_data}</var>
<arg>${response.json()}</arg>
<doc>Returns the given values which can then be assigned to a variables.</doc>
<status status="PASS" start="2024-06-22T22:13:43.373612" elapsed="0.000573"/>
</kw>
<kw name="Set Variable" owner="BuiltIn">
<msg time="2024-06-22T22:13:43.374928" level="INFO">${name_title} = Mr</msg>
<var>${name_title}</var>
<arg>${json_data["results"][0]["name"]["title"]}</arg>
<doc>Returns the given values which can then be assigned to a variables.</doc>
<status status="PASS" start="2024-06-22T22:13:43.374539" elapsed="0.000415"/>
</kw>
<kw name="Create List" owner="BuiltIn">
<msg time="2024-06-22T22:13:43.375398" level="INFO">${allowed_titles} = ['Mr', 'Ms', 'Miss', 'Mrs', 'Madame', 'Monsieur']</msg>
<var>${allowed_titles}</var>
<arg>Mr</arg>
<arg>Ms</arg>
<arg>Miss</arg>
<arg>Mrs</arg>
<arg>Madame</arg>
<arg>Monsieur</arg>
<doc>Returns a list containing given items.</doc>
<status status="PASS" start="2024-06-22T22:13:43.375250" elapsed="0.000172"/>
</kw>
<kw name="List Should Contain Value" owner="Collections">
<arg>${allowed_titles}</arg>
<arg>${name_title}</arg>
<doc>Fails if the ``value`` is not found from ``list``.</doc>
<status status="PASS" start="2024-06-22T22:13:43.375717" elapsed="0.000176"/>
</kw>
<kw name="Set Variable" owner="BuiltIn">
<msg time="2024-06-22T22:13:43.376440" level="INFO">${name_country} = IE</msg>
<var>${name_country}</var>
<arg>${json_data["results"][0]["nat"]}</arg>
<doc>Returns the given values which can then be assigned to a variables.</doc>
<status status="PASS" start="2024-06-22T22:13:43.376072" elapsed="0.000392"/>
</kw>
<kw name="Create List" owner="BuiltIn">
<msg time="2024-06-22T22:13:43.377371" level="INFO">${list_country} = ['AD', 'AE', 'AF', 'AG', 'AI', 'AL', 'AM', 'AO', 'AQ', 'AR', 'AS', 'AT', 'AU', 'AW', 'AX', 'AZ', 'BA', 'BB', 'BD', 'BE', 'BF', 'BG', 'BH', 'BI', 'BJ', 'BL', 'BM', 'BN', 'BO', 'BQ', 'BR', 'BS', 'BT', '...</msg>
<var>${list_country}</var>
<arg>AD</arg>
<arg>AE</arg>
<arg>AF</arg>
<arg>AG</arg>
<arg>AI</arg>
<arg>AL</arg>
<arg>AM</arg>
<arg>AO</arg>
<arg>AQ</arg>
<arg>AR</arg>
<arg>AS</arg>
<arg>AT</arg>
<arg>AU</arg>
<arg>AW</arg>
<arg>AX</arg>
<arg>AZ</arg>
<arg>BA</arg>
<arg>BB</arg>
<arg>BD</arg>
<arg>BE</arg>
<arg>BF</arg>
<arg>BG</arg>
<arg>BH</arg>
<arg>BI</arg>
<arg>BJ</arg>
<arg>BL</arg>
<arg>BM</arg>
<arg>BN</arg>
<arg>BO</arg>
<arg>BQ</arg>
<arg>BR</arg>
<arg>BS</arg>
<arg>BT</arg>
<arg>BV</arg>
<arg>BW</arg>
<arg>BY</arg>
<arg>BZ</arg>
<arg>CA</arg>
<arg>CC</arg>
<arg>CD</arg>
<arg>CF</arg>
<arg>CG</arg>
<arg>CH</arg>
<arg>CI</arg>
<arg>CK</arg>
<arg>CL</arg>
<arg>CM</arg>
<arg>CN</arg>
<arg>CO</arg>
<arg>CR</arg>
<arg>CU</arg>
<arg>CV</arg>
<arg>CW</arg>
<arg>CX</arg>
<arg>CY</arg>
<arg>CZ</arg>
<arg>DE</arg>
<arg>DJ</arg>
<arg>DK</arg>
<arg>DM</arg>
<arg>DO</arg>
<arg>DZ</arg>
<arg>EC</arg>
<arg>EE</arg>
<arg>EG</arg>
<arg>EH</arg>
<arg>ER</arg>
<arg>ES</arg>
<arg>ET</arg>
<arg>FI</arg>
<arg>FJ</arg>
<arg>FK</arg>
<arg>FM</arg>
<arg>FO</arg>
<arg>FR</arg>
<arg>GA</arg>
<arg>GB</arg>
<arg>GD</arg>
<arg>GE</arg>
<arg>GF</arg>
<arg>GG</arg>
<arg>GH</arg>
<arg>GI</arg>
<arg>GL</arg>
<arg>GM</arg>
<arg>GN</arg>
<arg>GP</arg>
<arg>GQ</arg>
<arg>GR</arg>
<arg>GS</arg>
<arg>GT</arg>
<arg>GU</arg>
<arg>GW</arg>
<arg>GY</arg>
<arg>HK</arg>
<arg>HM</arg>
<arg>HN</arg>
<arg>HR</arg>
<arg>HT</arg>
<arg>HU</arg>
<arg>ID</arg>
<arg>IE</arg>
<arg>IL</arg>
<arg>IM</arg>
<arg>IN</arg>
<arg>IO</arg>
<arg>IQ</arg>
<arg>IR</arg>
<arg>IS</arg>
<arg>IT</arg>
<arg>JE</arg>
<arg>JM</arg>
<arg>JO</arg>
<arg>JP</arg>
<arg>KE</arg>
<arg>KG</arg>
<arg>KH</arg>
<arg>KI</arg>
<arg>KM</arg>
<arg>KN</arg>
<arg>KP</arg>
<arg>KR</arg>
<arg>KW</arg>
<arg>KY</arg>
<arg>KZ</arg>
<arg>LA</arg>
<arg>LB</arg>
<arg>LC</arg>
<arg>LI</arg>
<arg>LK</arg>
<arg>LR</arg>
<arg>LS</arg>
<arg>LT</arg>
<arg>LU</arg>
<arg>LV</arg>
<arg>LY</arg>
<arg>MA</arg>
<arg>MC</arg>
<arg>MD</arg>
<arg>ME</arg>
<arg>MF</arg>
<arg>MG</arg>
<arg>MH</arg>
<arg>MK</arg>
<arg>ML</arg>
<arg>MM</arg>
<arg>MN</arg>
<arg>MO</arg>
<arg>MP</arg>
<arg>MQ</arg>
<arg>MR</arg>
<arg>MS</arg>
<arg>MT</arg>
<arg>MU</arg>
<arg>MV</arg>
<arg>MW</arg>
<arg>MX</arg>
<arg>MY</arg>
<arg>MZ</arg>
<arg>NA</arg>
<arg>NC</arg>
<arg>NE</arg>
<arg>NF</arg>
<arg>NG</arg>
<arg>NI</arg>
<arg>NL</arg>
<arg>NO</arg>
<arg>NP</arg>
<arg>NR</arg>
<arg>NU</arg>
<arg>NZ</arg>
<arg>OM</arg>
<arg>PA</arg>
<arg>PE</arg>
<arg>PF</arg>
<arg>PG</arg>
<arg>PH</arg>
<arg>PK</arg>
<arg>PL</arg>
<arg>PM</arg>
<arg>PN</arg>
<arg>PR</arg>
<arg>PS</arg>
<arg>PT</arg>
<arg>PW</arg>
<arg>PY</arg>
<arg>QA</arg>
<arg>RE</arg>
<arg>RO</arg>
<arg>RS</arg>
<arg>RU</arg>
<arg>RW</arg>
<arg>SA</arg>
<arg>SB</arg>
<arg>SC</arg>
<arg>SD</arg>
<arg>SE</arg>
<arg>SG</arg>
<arg>SH</arg>
<arg>SI</arg>
<arg>SJ</arg>
<arg>SK</arg>
<arg>SL</arg>
<arg>SM</arg>
<arg>SN</arg>
<arg>SO</arg>
<arg>SR</arg>
<arg>SS</arg>
<arg>ST</arg>
<arg>SV</arg>
<arg>SX</arg>
<arg>SY</arg>
<arg>SZ</arg>
<arg>TC</arg>
<arg>TD</arg>
<arg>TF</arg>
<arg>TG</arg>
<arg>TH</arg>
<arg>TJ</arg>
<arg>TK</arg>
<arg>TL</arg>
<arg>TM</arg>
<arg>TN</arg>
<arg>TO</arg>
<arg>TR</arg>
<arg>TT</arg>
<arg>TV</arg>
<arg>TW</arg>
<arg>TZ</arg>
<arg>UA</arg>
<arg>UG</arg>
<arg>UM</arg>
<arg>US</arg>
<arg>UY</arg>
<arg>UZ</arg>
<arg>VA</arg>
<arg>VC</arg>
<arg>VE</arg>
<arg>VG</arg>
<arg>VI</arg>
<arg>VN</arg>
<arg>VU</arg>
<arg>WF</arg>
<arg>WS</arg>
<arg>XK</arg>
<arg>YE</arg>
<arg>YT</arg>
<arg>ZA</arg>
<arg>ZM</arg>
<arg>ZW</arg>
<doc>Returns a list containing given items.</doc>
<status status="PASS" start="2024-06-22T22:13:43.376749" elapsed="0.000647"/>
</kw>
<kw name="List Should Contain Value" owner="Collections">
<arg>${list_country}</arg>
<arg>${name_country}</arg>
<doc>Fails if the ``value`` is not found from ``list``.</doc>
<status status="PASS" start="2024-06-22T22:13:43.378182" elapsed="0.000228"/>
</kw>
<kw name="Run Keyword If" owner="BuiltIn">
<kw name="Should Be True" owner="BuiltIn">
<arg>${True}</arg>
<doc>Fails if the given condition is not true.</doc>
<status status="PASS" start="2024-06-22T22:13:43.379361" elapsed="0.000142"/>
</kw>
<arg>${json_data["results"][0]["location"]["coordinates"]["latitude"]} &gt;= -90 and ${json_data["results"][0]["location"]["coordinates"]["latitude"]} &lt;= 90</arg>
<arg>Should Be True</arg>
<arg>${True}</arg>
<doc>Runs the given keyword with the given arguments, if ``condition`` is true.</doc>
<status status="PASS" start="2024-06-22T22:13:43.378608" elapsed="0.001019"/>
</kw>
<kw name="Run Keyword If" owner="BuiltIn">
<kw name="Should Be True" owner="BuiltIn">
<arg>${True}</arg>
<doc>Fails if the given condition is not true.</doc>
<status status="PASS" start="2024-06-22T22:13:43.380500" elapsed="0.000134"/>
</kw>
<arg>${json_data["results"][0]["location"]["coordinates"]["longitude"]} &gt;= -180 and ${json_data["results"][0]["location"]["coordinates"]["longitude"]} &lt;= 180</arg>
<arg>Should Be True</arg>
<arg>${True}</arg>
<doc>Runs the given keyword with the given arguments, if ``condition`` is true.</doc>
<status status="PASS" start="2024-06-22T22:13:43.379805" elapsed="0.000950"/>
</kw>
<status status="PASS" start="2024-06-22T22:13:43.248542" elapsed="0.132344"/>
</kw>
<doc>Testa o conteúdo específico dos campos retornados pela API.</doc>
<tag>testeConteudo</tag>
<status status="PASS" start="2024-06-22T22:13:43.247992" elapsed="0.133046"/>
</test>
<status status="PASS" start="2024-06-22T22:13:42.189000" elapsed="1.194066"/>
</suite>
<status status="PASS" start="2024-06-22T22:13:42.173641" elapsed="1.214665"/>
</suite>
<statistics>
<total>
<stat pass="5" fail="0" skip="0">All Tests</stat>
</total>
<tag>
<stat pass="1" fail="0" skip="0">testeConteudo</stat>
<stat pass="1" fail="0" skip="0">testeEstruturaResposta</stat>
<stat pass="1" fail="0" skip="0">testeRequisicaoBasica</stat>
<stat pass="1" fail="0" skip="0">testeTiposDados</stat>
</tag>
<suite>
<stat pass="5" fail="0" skip="0" id="s1" name="Tests">Tests</stat>
<stat pass="5" fail="0" skip="0" id="s1-s1" name="Random-User-Test">Tests.Random-User-Test</stat>
</suite>
</statistics>
<errors>
</errors>
</robot>
