<?xml version="1.0" encoding="UTF-8"?>
<robot generator="Robot 7.0 (Python 3.12.3 on linux)" generated="2024-05-10T23:14:21.991808" rpa="false" schemaversion="5">
<suite id="s1" name="Tests" source="/home/runner/work/DesafioQAItauRogerioJordao/DesafioQAItauRogerioJordao/RamdonUser/tests">
<suite id="s1-s1" name="Random-User-Test" source="/home/runner/work/DesafioQAItauRogerioJordao/DesafioQAItauRogerioJordao/RamdonUser/tests/random-user-test.robot">
<test id="s1-s1-t1" name="Conectar" line="13">
<kw name="Conectar API" owner="random-user-service">
<kw name="Create Session" owner="RequestsLibrary">
<msg time="2024-05-10T23:14:22.348439" level="INFO">Creating Session using : alias=consultarAPI, url=https://randomuser.me/, headers={},                     cookies={}, auth=None, timeout=None, proxies=None, verify=False,                     debug=0 </msg>
<arg>consultarAPI</arg>
<arg>${URL}</arg>
<doc>Create Session: create a HTTP session to a server</doc>
<status status="PASS" start="2024-05-10T23:14:22.348240" elapsed="0.000378"/>
</kw>
<status status="PASS" start="2024-05-10T23:14:22.347294" elapsed="0.001709"/>
</kw>
<status status="PASS" start="2024-05-10T23:14:22.346748" elapsed="0.002449"/>
</test>
<test id="s1-s1-t2" name="Validar retorno 200 e JSON Válido" line="16">
<kw name="Teste de Requisicao Basica" owner="random-user-service">
<kw name="GET On Session" owner="RequestsLibrary">
<msg time="2024-05-10T23:14:22.538282" level="INFO">GET Request : url=https://randomuser.me/api 
 path_url=/api 
 headers={'User-Agent': 'python-requests/2.31.0', 'Accept-Encoding': 'gzip, deflate', 'Accept': '*/*', 'Connection': 'keep-alive'} 
 body=None 
 </msg>
<msg time="2024-05-10T23:14:22.538421" level="INFO">GET Response : url=https://randomuser.me/api 
 status=200, reason=OK 
 headers={'Date': 'Fri, 10 May 2024 23:14:22 GMT', 'Content-Type': 'application/json; charset=utf-8', 'Transfer-Encoding': 'chunked', 'Connection': 'keep-alive', 'X-Powered-By': 'Express', 'Access-Control-Allow-Origin': '*', 'Cache-Control': 'no-cache', 'ETag': 'W/"493-Tngxvf5hFhiZ7m4DdEPJ6BzeGk4"', 'Vary': 'Accept-Encoding', 'Content-Encoding': 'gzip', 'CF-Cache-Status': 'DYNAMIC', 'Report-To': '{"endpoints":[{"url":"https:\\/\\/a.nel.cloudflare.com\\/report\\/v4?s=6L7DeB1LGDK6I4c7jmXQZRDJDFaP9%2Bk20iETmIsR23zmOlPMcTKxIT7Qs3K6X3tAl%2BH%2ByXX4AR1aZYRiEgzNATX7RD0Z3ks4595YOOP2uY15p9Jrm%2FICAHpij%2FTs1Fo9"}],"group":"cf-nel","max_age":604800}', 'NEL': '{"success_fraction":0,"report_to":"cf-nel","max_age":604800}', 'Server': 'cloudflare', 'CF-RAY': '881da00a19852eae-LAX', 'alt-svc': 'h3=":443"; ma=86400'} 
 body={"results":[{"gender":"male","name":{"title":"Mr","first":"Oliver","last":"Thompson"},"location":{"street":{"number":8455,"name":"St. Lawrence Ave"},"city":"Delisle","state":"Ontario","country":"Canada","postcode":"Q0J 1L0","coordinates":{"latitude":"-66.3524","longitude":"-66.0414"},"timezone":{"offset":"+8:00","description":"Beijing, Perth, Singapore, Hong Kong"}},"email":"oliver.thompson@example.com","login":{"uuid":"beddd4a4-8633-4cc4-afa2-9c29e8ee65e0","username":"purplecat625","password":"zigzag","salt":"HxonXUr5","md5":"da0384ef0c8bbb7ad954f3dc4432845a","sha1":"48eea690536b57c65a0d30eeb55ce4bfa499cace","sha256":"994ff3ce4a323ecfdce1363337089d97a1be2c952aeb8beca3e51a28379c93f6"},"dob":{"date":"1989-03-15T20:37:04.947Z","age":35},"registered":{"date":"2005-05-24T13:29:07.215Z","age":18},"phone":"X59 X33-8014","cell":"P54 P19-3428","id":{"name":"SIN","value":"224054551"},"picture":{"large":"https://randomuser.me/api/portraits/men/62.jpg","medium":"https://randomuser.me/api/portraits/med/men/62.jpg","thumbnail":"https://randomuser.me/api/portraits/thumb/men/62.jpg"},"nat":"CA"}],"info":{"seed":"0e8db7e17b3d8777","results":1,"page":1,"version":"1.4"}} 
 </msg>
<msg time="2024-05-10T23:14:22.538502" level="INFO">/opt/hostedtoolcache/Python/3.12.3/x64/lib/python3.12/site-packages/urllib3/connectionpool.py:1103: InsecureRequestWarning: Unverified HTTPS request is being made to host 'randomuser.me'. Adding certificate verification is strongly advised. See: https://urllib3.readthedocs.io/en/latest/advanced-usage.html#tls-warnings
  warnings.warn(</msg>
<msg time="2024-05-10T23:14:22.538654" level="INFO">${response} = &lt;Response [200]&gt;</msg>
<var>${response}</var>
<arg>consultarAPI</arg>
<arg>/api</arg>
<doc>Sends a GET request on a previously created HTTP Session.</doc>
<status status="PASS" start="2024-05-10T23:14:22.351830" elapsed="0.186868"/>
</kw>
<kw name="Should Be Equal As Numbers" owner="BuiltIn">
<msg time="2024-05-10T23:14:22.539866" level="INFO">Argument types are:
&lt;class 'int'&gt;
&lt;class 'str'&gt;</msg>
<arg>${response.status_code}</arg>
<arg>200</arg>
<doc>Fails if objects are unequal after converting them to real numbers.</doc>
<status status="PASS" start="2024-05-10T23:14:22.539338" elapsed="0.000594"/>
</kw>
<kw name="Log" owner="BuiltIn">
<msg time="2024-05-10T23:14:22.540631" level="INFO">200</msg>
<arg>${response.status_code}</arg>
<doc>Logs the given message with the given level.</doc>
<status status="PASS" start="2024-05-10T23:14:22.540271" elapsed="0.000402"/>
</kw>
<kw name="Set Variable" owner="BuiltIn">
<msg time="2024-05-10T23:14:22.541471" level="INFO">${json_data} = {'results': [{'gender': 'male', 'name': {'title': 'Mr', 'first': 'Oliver', 'last': 'Thompson'}, 'location': {'street': {'number': 8455, 'name': 'St. Lawrence Ave'}, 'city': 'Delisle', 'state': 'Ontari...</msg>
<var>${json_data}</var>
<arg>${response.json()}</arg>
<doc>Returns the given values which can then be assigned to a variables.</doc>
<status status="PASS" start="2024-05-10T23:14:22.541033" elapsed="0.000467"/>
</kw>
<kw name="Dictionary Should Contain Key" owner="Collections">
<msg time="2024-05-10T23:14:22.541975" level="INFO">False</msg>
<arg>${json_data}</arg>
<arg>results</arg>
<doc>Fails if ``key`` is not found from ``dictionary``.</doc>
<status status="PASS" start="2024-05-10T23:14:22.541802" elapsed="0.000212"/>
</kw>
<status status="PASS" start="2024-05-10T23:14:22.351581" elapsed="0.190689"/>
</kw>
<doc>Testa se a API responde corretamente e retorna um objeto JSON válido.</doc>
<tag>testeRequisicaoBasica</tag>
<status status="PASS" start="2024-05-10T23:14:22.351111" elapsed="0.191343"/>
</test>
<test id="s1-s1-t3" name="Validar estrutura de resposta" line="22">
<kw name="Teste de Estrutura de Resposta" owner="random-user-service">
<kw name="GET On Session" owner="RequestsLibrary">
<msg time="2024-05-10T23:14:22.647054" level="INFO">GET Request : url=https://randomuser.me/api 
 path_url=/api 
 headers={'User-Agent': 'python-requests/2.31.0', 'Accept-Encoding': 'gzip, deflate', 'Accept': '*/*', 'Connection': 'keep-alive'} 
 body=None 
 </msg>
<msg time="2024-05-10T23:14:22.647137" level="INFO">GET Response : url=https://randomuser.me/api 
 status=200, reason=OK 
 headers={'Date': 'Fri, 10 May 2024 23:14:22 GMT', 'Content-Type': 'application/json; charset=utf-8', 'Transfer-Encoding': 'chunked', 'Connection': 'keep-alive', 'X-Powered-By': 'Express', 'Access-Control-Allow-Origin': '*', 'Cache-Control': 'no-cache', 'ETag': 'W/"48d-iFBBMu7D35l3pbaVbEK/NV69EbU"', 'Vary': 'Accept-Encoding', 'Content-Encoding': 'gzip', 'CF-Cache-Status': 'DYNAMIC', 'Report-To': '{"endpoints":[{"url":"https:\\/\\/a.nel.cloudflare.com\\/report\\/v4?s=1BjRM18QZsKAgbIILyQ5ofwi5dXeiKl6vD13vw10IqRNyGpTxysMVnKTVxHzaYNy6Y6i%2FxSTflqBtjHvHjPV%2FLQa5J2vl%2Brftn269odpeAQzfjlPnPi6S8m2pfy5vpvY"}],"group":"cf-nel","max_age":604800}', 'NEL': '{"success_fraction":0,"report_to":"cf-nel","max_age":604800}', 'Server': 'cloudflare', 'CF-RAY': '881da00aea6d2eae-LAX', 'alt-svc': 'h3=":443"; ma=86400'} 
 body={"results":[{"gender":"male","name":{"title":"Mr","first":"Nikolaj","last":"Jørgensen"},"location":{"street":{"number":954,"name":"Amtsvejen"},"city":"Nr Åby","state":"Syddanmark","country":"Denmark","postcode":35622,"coordinates":{"latitude":"-44.7558","longitude":"-95.6489"},"timezone":{"offset":"-5:00","description":"Eastern Time (US &amp; Canada), Bogota, Lima"}},"email":"nikolaj.jorgensen@example.com","login":{"uuid":"a43108d4-603b-480a-83a0-be62de21701e","username":"redbear745","password":"clemson","salt":"zcpSFaPc","md5":"8b5d1fa694b24a9d597340a79db8e86c","sha1":"72726844c4c2063e20c55a558a4627d5c47637cc","sha256":"eab69e479e6c4eef4d9e69e783527372a0f9a79f251aea1247f8909fb5d4897a"},"dob":{"date":"1997-01-04T18:22:16.138Z","age":27},"registered":{"date":"2010-07-07T17:44:35.675Z","age":13},"phone":"88114018","cell":"91916752","id":{"name":"CPR","value":"040197-9834"},"picture":{"large":"https://randomuser.me/api/portraits/men/17.jpg","medium":"https://randomuser.me/api/portraits/med/men/17.jpg","thumbnail":"https://randomuser.me/api/portraits/thumb/men/17.jpg"},"nat":"DK"}],"info":{"seed":"f1fb2417dc261e86","results":1,"page":1,"version":"1.4"}} 
 </msg>
<msg time="2024-05-10T23:14:22.647256" level="INFO">/opt/hostedtoolcache/Python/3.12.3/x64/lib/python3.12/site-packages/urllib3/connectionpool.py:1103: InsecureRequestWarning: Unverified HTTPS request is being made to host 'randomuser.me'. Adding certificate verification is strongly advised. See: https://urllib3.readthedocs.io/en/latest/advanced-usage.html#tls-warnings
  warnings.warn(</msg>
<msg time="2024-05-10T23:14:22.647376" level="INFO">${response} = &lt;Response [200]&gt;</msg>
<var>${response}</var>
<arg>consultarAPI</arg>
<arg>/api</arg>
<doc>Sends a GET request on a previously created HTTP Session.</doc>
<status status="PASS" start="2024-05-10T23:14:22.545089" elapsed="0.102333"/>
</kw>
<kw name="Set Variable" owner="BuiltIn">
<msg time="2024-05-10T23:14:22.648559" level="INFO">${json_data} = {'results': [{'gender': 'male', 'name': {'title': 'Mr', 'first': 'Nikolaj', 'last': 'Jørgensen'}, 'location': {'street': {'number': 954, 'name': 'Amtsvejen'}, 'city': 'Nr Åby', 'state': 'Syddanmark', ...</msg>
<var>${json_data}</var>
<arg>${response.json()}</arg>
<doc>Returns the given values which can then be assigned to a variables.</doc>
<status status="PASS" start="2024-05-10T23:14:22.647920" elapsed="0.000669"/>
</kw>
<kw name="Log" owner="BuiltIn">
<msg time="2024-05-10T23:14:22.649105" level="INFO">{'results': [{'gender': 'male', 'name': {'title': 'Mr', 'first': 'Nikolaj', 'last': 'Jørgensen'}, 'location': {'street': {'number': 954, 'name': 'Amtsvejen'}, 'city': 'Nr Åby', 'state': 'Syddanmark', 'country': 'Denmark', 'postcode': 35622, 'coordinates': {'latitude': '-44.7558', 'longitude': '-95.6489'}, 'timezone': {'offset': '-5:00', 'description': 'Eastern Time (US &amp; Canada), Bogota, Lima'}}, 'email': 'nikolaj.jorgensen@example.com', 'login': {'uuid': 'a43108d4-603b-480a-83a0-be62de21701e', 'username': 'redbear745', 'password': 'clemson', 'salt': 'zcpSFaPc', 'md5': '8b5d1fa694b24a9d597340a79db8e86c', 'sha1': '72726844c4c2063e20c55a558a4627d5c47637cc', 'sha256': 'eab69e479e6c4eef4d9e69e783527372a0f9a79f251aea1247f8909fb5d4897a'}, 'dob': {'date': '1997-01-04T18:22:16.138Z', 'age': 27}, 'registered': {'date': '2010-07-07T17:44:35.675Z', 'age': 13}, 'phone': '88114018', 'cell': '91916752', 'id': {'name': 'CPR', 'value': '040197-9834'}, 'picture': {'large': 'https://randomuser.me/api/portraits/men/17.jpg', 'medium': 'https://randomuser.me/api/portraits/med/men/17.jpg', 'thumbnail': 'https://randomuser.me/api/portraits/thumb/men/17.jpg'}, 'nat': 'DK'}], 'info': {'seed': 'f1fb2417dc261e86', 'results': 1, 'page': 1, 'version': '1.4'}}</msg>
<arg>${json_data}</arg>
<doc>Logs the given message with the given level.</doc>
<status status="PASS" start="2024-05-10T23:14:22.648937" elapsed="0.000221"/>
</kw>
<kw name="Dictionary Should Contain Key" owner="Collections">
<msg time="2024-05-10T23:14:22.649616" level="INFO">False</msg>
<arg>${json_data}</arg>
<arg>results</arg>
<doc>Fails if ``key`` is not found from ``dictionary``.</doc>
<status status="PASS" start="2024-05-10T23:14:22.649463" elapsed="0.000191"/>
</kw>
<kw name="Should Not Be Empty" owner="BuiltIn">
<msg time="2024-05-10T23:14:22.650087" level="INFO">Length is 2.</msg>
<arg>${json_data}</arg>
<doc>Verifies that the given item is not empty.</doc>
<status status="PASS" start="2024-05-10T23:14:22.649947" elapsed="0.000179"/>
</kw>
<kw name="Create List" owner="BuiltIn">
<msg time="2024-05-10T23:14:22.650695" level="INFO">${expected_keys} = ['gender', 'name', 'location', 'email', 'login']</msg>
<var>${expected_keys}</var>
<arg>gender</arg>
<arg>name</arg>
<arg>location</arg>
<arg>email</arg>
<arg>login</arg>
<doc>Returns a list containing given items.</doc>
<status status="PASS" start="2024-05-10T23:14:22.650414" elapsed="0.000307"/>
</kw>
<for flavor="IN">
<iter>
<kw name="Dictionary Should Contain Key" owner="Collections">
<msg time="2024-05-10T23:14:22.651712" level="INFO">False</msg>
<arg>${json_data['results'][0]}</arg>
<arg>${key}</arg>
<doc>Fails if ``key`` is not found from ``dictionary``.</doc>
<status status="PASS" start="2024-05-10T23:14:22.651315" elapsed="0.000435"/>
</kw>
<kw name="Log" owner="BuiltIn">
<msg time="2024-05-10T23:14:22.652444" level="INFO">{'gender': 'male', 'name': {'title': 'Mr', 'first': 'Nikolaj', 'last': 'Jørgensen'}, 'location': {'street': {'number': 954, 'name': 'Amtsvejen'}, 'city': 'Nr Åby', 'state': 'Syddanmark', 'country': 'Denmark', 'postcode': 35622, 'coordinates': {'latitude': '-44.7558', 'longitude': '-95.6489'}, 'timezone': {'offset': '-5:00', 'description': 'Eastern Time (US &amp; Canada), Bogota, Lima'}}, 'email': 'nikolaj.jorgensen@example.com', 'login': {'uuid': 'a43108d4-603b-480a-83a0-be62de21701e', 'username': 'redbear745', 'password': 'clemson', 'salt': 'zcpSFaPc', 'md5': '8b5d1fa694b24a9d597340a79db8e86c', 'sha1': '72726844c4c2063e20c55a558a4627d5c47637cc', 'sha256': 'eab69e479e6c4eef4d9e69e783527372a0f9a79f251aea1247f8909fb5d4897a'}, 'dob': {'date': '1997-01-04T18:22:16.138Z', 'age': 27}, 'registered': {'date': '2010-07-07T17:44:35.675Z', 'age': 13}, 'phone': '88114018', 'cell': '91916752', 'id': {'name': 'CPR', 'value': '040197-9834'}, 'picture': {'large': 'https://randomuser.me/api/portraits/men/17.jpg', 'medium': 'https://randomuser.me/api/portraits/med/men/17.jpg', 'thumbnail': 'https://randomuser.me/api/portraits/thumb/men/17.jpg'}, 'nat': 'DK'}</msg>
<arg>${json_data['results'][0]}</arg>
<doc>Logs the given message with the given level.</doc>
<status status="PASS" start="2024-05-10T23:14:22.652056" elapsed="0.000441"/>
</kw>
<kw name="Log" owner="BuiltIn">
<msg time="2024-05-10T23:14:22.652969" level="INFO">gender</msg>
<arg>${key}</arg>
<doc>Logs the given message with the given level.</doc>
<status status="PASS" start="2024-05-10T23:14:22.652837" elapsed="0.000170"/>
</kw>
<var name="${key}">gender</var>
<status status="PASS" start="2024-05-10T23:14:22.651188" elapsed="0.002050"/>
</iter>
<iter>
<kw name="Dictionary Should Contain Key" owner="Collections">
<msg time="2024-05-10T23:14:22.653921" level="INFO">False</msg>
<arg>${json_data['results'][0]}</arg>
<arg>${key}</arg>
<doc>Fails if ``key`` is not found from ``dictionary``.</doc>
<status status="PASS" start="2024-05-10T23:14:22.653543" elapsed="0.000415"/>
</kw>
<kw name="Log" owner="BuiltIn">
<msg time="2024-05-10T23:14:22.654665" level="INFO">{'gender': 'male', 'name': {'title': 'Mr', 'first': 'Nikolaj', 'last': 'Jørgensen'}, 'location': {'street': {'number': 954, 'name': 'Amtsvejen'}, 'city': 'Nr Åby', 'state': 'Syddanmark', 'country': 'Denmark', 'postcode': 35622, 'coordinates': {'latitude': '-44.7558', 'longitude': '-95.6489'}, 'timezone': {'offset': '-5:00', 'description': 'Eastern Time (US &amp; Canada), Bogota, Lima'}}, 'email': 'nikolaj.jorgensen@example.com', 'login': {'uuid': 'a43108d4-603b-480a-83a0-be62de21701e', 'username': 'redbear745', 'password': 'clemson', 'salt': 'zcpSFaPc', 'md5': '8b5d1fa694b24a9d597340a79db8e86c', 'sha1': '72726844c4c2063e20c55a558a4627d5c47637cc', 'sha256': 'eab69e479e6c4eef4d9e69e783527372a0f9a79f251aea1247f8909fb5d4897a'}, 'dob': {'date': '1997-01-04T18:22:16.138Z', 'age': 27}, 'registered': {'date': '2010-07-07T17:44:35.675Z', 'age': 13}, 'phone': '88114018', 'cell': '91916752', 'id': {'name': 'CPR', 'value': '040197-9834'}, 'picture': {'large': 'https://randomuser.me/api/portraits/men/17.jpg', 'medium': 'https://randomuser.me/api/portraits/med/men/17.jpg', 'thumbnail': 'https://randomuser.me/api/portraits/thumb/men/17.jpg'}, 'nat': 'DK'}</msg>
<arg>${json_data['results'][0]}</arg>
<doc>Logs the given message with the given level.</doc>
<status status="PASS" start="2024-05-10T23:14:22.654286" elapsed="0.000429"/>
</kw>
<kw name="Log" owner="BuiltIn">
<msg time="2024-05-10T23:14:22.655137" level="INFO">name</msg>
<arg>${key}</arg>
<doc>Logs the given message with the given level.</doc>
<status status="PASS" start="2024-05-10T23:14:22.655011" elapsed="0.000164"/>
</kw>
<var name="${key}">name</var>
<status status="PASS" start="2024-05-10T23:14:22.653426" elapsed="0.001963"/>
</iter>
<iter>
<kw name="Dictionary Should Contain Key" owner="Collections">
<msg time="2024-05-10T23:14:22.656063" level="INFO">False</msg>
<arg>${json_data['results'][0]}</arg>
<arg>${key}</arg>
<doc>Fails if ``key`` is not found from ``dictionary``.</doc>
<status status="PASS" start="2024-05-10T23:14:22.655679" elapsed="0.000422"/>
</kw>
<kw name="Log" owner="BuiltIn">
<msg time="2024-05-10T23:14:22.656792" level="INFO">{'gender': 'male', 'name': {'title': 'Mr', 'first': 'Nikolaj', 'last': 'Jørgensen'}, 'location': {'street': {'number': 954, 'name': 'Amtsvejen'}, 'city': 'Nr Åby', 'state': 'Syddanmark', 'country': 'Denmark', 'postcode': 35622, 'coordinates': {'latitude': '-44.7558', 'longitude': '-95.6489'}, 'timezone': {'offset': '-5:00', 'description': 'Eastern Time (US &amp; Canada), Bogota, Lima'}}, 'email': 'nikolaj.jorgensen@example.com', 'login': {'uuid': 'a43108d4-603b-480a-83a0-be62de21701e', 'username': 'redbear745', 'password': 'clemson', 'salt': 'zcpSFaPc', 'md5': '8b5d1fa694b24a9d597340a79db8e86c', 'sha1': '72726844c4c2063e20c55a558a4627d5c47637cc', 'sha256': 'eab69e479e6c4eef4d9e69e783527372a0f9a79f251aea1247f8909fb5d4897a'}, 'dob': {'date': '1997-01-04T18:22:16.138Z', 'age': 27}, 'registered': {'date': '2010-07-07T17:44:35.675Z', 'age': 13}, 'phone': '88114018', 'cell': '91916752', 'id': {'name': 'CPR', 'value': '040197-9834'}, 'picture': {'large': 'https://randomuser.me/api/portraits/men/17.jpg', 'medium': 'https://randomuser.me/api/portraits/med/men/17.jpg', 'thumbnail': 'https://randomuser.me/api/portraits/thumb/men/17.jpg'}, 'nat': 'DK'}</msg>
<arg>${json_data['results'][0]}</arg>
<doc>Logs the given message with the given level.</doc>
<status status="PASS" start="2024-05-10T23:14:22.656399" elapsed="0.000449"/>
</kw>
<kw name="Log" owner="BuiltIn">
<msg time="2024-05-10T23:14:22.657276" level="INFO">location</msg>
<arg>${key}</arg>
<doc>Logs the given message with the given level.</doc>
<status status="PASS" start="2024-05-10T23:14:22.657149" elapsed="0.000164"/>
</kw>
<var name="${key}">location</var>
<status status="PASS" start="2024-05-10T23:14:22.655567" elapsed="0.001962"/>
</iter>
<iter>
<kw name="Dictionary Should Contain Key" owner="Collections">
<msg time="2024-05-10T23:14:22.658198" level="INFO">False</msg>
<arg>${json_data['results'][0]}</arg>
<arg>${key}</arg>
<doc>Fails if ``key`` is not found from ``dictionary``.</doc>
<status status="PASS" start="2024-05-10T23:14:22.657813" elapsed="0.000423"/>
</kw>
<kw name="Log" owner="BuiltIn">
<msg time="2024-05-10T23:14:22.658897" level="INFO">{'gender': 'male', 'name': {'title': 'Mr', 'first': 'Nikolaj', 'last': 'Jørgensen'}, 'location': {'street': {'number': 954, 'name': 'Amtsvejen'}, 'city': 'Nr Åby', 'state': 'Syddanmark', 'country': 'Denmark', 'postcode': 35622, 'coordinates': {'latitude': '-44.7558', 'longitude': '-95.6489'}, 'timezone': {'offset': '-5:00', 'description': 'Eastern Time (US &amp; Canada), Bogota, Lima'}}, 'email': 'nikolaj.jorgensen@example.com', 'login': {'uuid': 'a43108d4-603b-480a-83a0-be62de21701e', 'username': 'redbear745', 'password': 'clemson', 'salt': 'zcpSFaPc', 'md5': '8b5d1fa694b24a9d597340a79db8e86c', 'sha1': '72726844c4c2063e20c55a558a4627d5c47637cc', 'sha256': 'eab69e479e6c4eef4d9e69e783527372a0f9a79f251aea1247f8909fb5d4897a'}, 'dob': {'date': '1997-01-04T18:22:16.138Z', 'age': 27}, 'registered': {'date': '2010-07-07T17:44:35.675Z', 'age': 13}, 'phone': '88114018', 'cell': '91916752', 'id': {'name': 'CPR', 'value': '040197-9834'}, 'picture': {'large': 'https://randomuser.me/api/portraits/men/17.jpg', 'medium': 'https://randomuser.me/api/portraits/med/men/17.jpg', 'thumbnail': 'https://randomuser.me/api/portraits/thumb/men/17.jpg'}, 'nat': 'DK'}</msg>
<arg>${json_data['results'][0]}</arg>
<doc>Logs the given message with the given level.</doc>
<status status="PASS" start="2024-05-10T23:14:22.658538" elapsed="0.000411"/>
</kw>
<kw name="Log" owner="BuiltIn">
<msg time="2024-05-10T23:14:22.659390" level="INFO">email</msg>
<arg>${key}</arg>
<doc>Logs the given message with the given level.</doc>
<status status="PASS" start="2024-05-10T23:14:22.659253" elapsed="0.000174"/>
</kw>
<var name="${key}">email</var>
<status status="PASS" start="2024-05-10T23:14:22.657701" elapsed="0.001946"/>
</iter>
<iter>
<kw name="Dictionary Should Contain Key" owner="Collections">
<msg time="2024-05-10T23:14:22.660321" level="INFO">False</msg>
<arg>${json_data['results'][0]}</arg>
<arg>${key}</arg>
<doc>Fails if ``key`` is not found from ``dictionary``.</doc>
<status status="PASS" start="2024-05-10T23:14:22.659927" elapsed="0.000431"/>
</kw>
<kw name="Log" owner="BuiltIn">
<msg time="2024-05-10T23:14:22.661044" level="INFO">{'gender': 'male', 'name': {'title': 'Mr', 'first': 'Nikolaj', 'last': 'Jørgensen'}, 'location': {'street': {'number': 954, 'name': 'Amtsvejen'}, 'city': 'Nr Åby', 'state': 'Syddanmark', 'country': 'Denmark', 'postcode': 35622, 'coordinates': {'latitude': '-44.7558', 'longitude': '-95.6489'}, 'timezone': {'offset': '-5:00', 'description': 'Eastern Time (US &amp; Canada), Bogota, Lima'}}, 'email': 'nikolaj.jorgensen@example.com', 'login': {'uuid': 'a43108d4-603b-480a-83a0-be62de21701e', 'username': 'redbear745', 'password': 'clemson', 'salt': 'zcpSFaPc', 'md5': '8b5d1fa694b24a9d597340a79db8e86c', 'sha1': '72726844c4c2063e20c55a558a4627d5c47637cc', 'sha256': 'eab69e479e6c4eef4d9e69e783527372a0f9a79f251aea1247f8909fb5d4897a'}, 'dob': {'date': '1997-01-04T18:22:16.138Z', 'age': 27}, 'registered': {'date': '2010-07-07T17:44:35.675Z', 'age': 13}, 'phone': '88114018', 'cell': '91916752', 'id': {'name': 'CPR', 'value': '040197-9834'}, 'picture': {'large': 'https://randomuser.me/api/portraits/men/17.jpg', 'medium': 'https://randomuser.me/api/portraits/med/men/17.jpg', 'thumbnail': 'https://randomuser.me/api/portraits/thumb/men/17.jpg'}, 'nat': 'DK'}</msg>
<arg>${json_data['results'][0]}</arg>
<doc>Logs the given message with the given level.</doc>
<status status="PASS" start="2024-05-10T23:14:22.660650" elapsed="0.000444"/>
</kw>
<kw name="Log" owner="BuiltIn">
<msg time="2024-05-10T23:14:22.661532" level="INFO">login</msg>
<arg>${key}</arg>
<doc>Logs the given message with the given level.</doc>
<status status="PASS" start="2024-05-10T23:14:22.661404" elapsed="0.000166"/>
</kw>
<var name="${key}">login</var>
<status status="PASS" start="2024-05-10T23:14:22.659818" elapsed="0.001988"/>
</iter>
<var>${key}</var>
<value>@{expected_keys}</value>
<status status="PASS" start="2024-05-10T23:14:22.650990" elapsed="0.010948"/>
</for>
<kw name="Create List" owner="BuiltIn">
<msg time="2024-05-10T23:14:22.662269" level="INFO">${expected_keysTwo} = ['username', 'password']</msg>
<var>${expected_keysTwo}</var>
<arg>username</arg>
<arg>password</arg>
<doc>Returns a list containing given items.</doc>
<status status="PASS" start="2024-05-10T23:14:22.662132" elapsed="0.000160"/>
</kw>
<for flavor="IN">
<iter>
<kw name="Dictionary Should Contain Key" owner="Collections">
<msg time="2024-05-10T23:14:22.663178" level="INFO">False</msg>
<arg>${json_data['results'][0]['login']}</arg>
<arg>${keyTwo}</arg>
<doc>Fails if ``key`` is not found from ``dictionary``.</doc>
<status status="PASS" start="2024-05-10T23:14:22.662786" elapsed="0.000429"/>
</kw>
<kw name="Dictionary Should Contain Key" owner="Collections">
<msg time="2024-05-10T23:14:22.663886" level="INFO">False</msg>
<arg>${json_data['results'][0]['login']}</arg>
<arg>${keyTwo}</arg>
<doc>Fails if ``key`` is not found from ``dictionary``.</doc>
<status status="PASS" start="2024-05-10T23:14:22.663509" elapsed="0.000423"/>
</kw>
<kw name="Log" owner="BuiltIn">
<msg time="2024-05-10T23:14:22.664347" level="INFO">username</msg>
<arg>${keyTwo}</arg>
<doc>Logs the given message with the given level.</doc>
<status status="PASS" start="2024-05-10T23:14:22.664221" elapsed="0.000169"/>
</kw>
<var name="${keyTwo}">username</var>
<status status="PASS" start="2024-05-10T23:14:22.662678" elapsed="0.001926"/>
</iter>
<iter>
<kw name="Dictionary Should Contain Key" owner="Collections">
<msg time="2024-05-10T23:14:22.665319" level="INFO">False</msg>
<arg>${json_data['results'][0]['login']}</arg>
<arg>${keyTwo}</arg>
<doc>Fails if ``key`` is not found from ``dictionary``.</doc>
<status status="PASS" start="2024-05-10T23:14:22.664941" elapsed="0.000415"/>
</kw>
<kw name="Dictionary Should Contain Key" owner="Collections">
<msg time="2024-05-10T23:14:22.666115" level="INFO">False</msg>
<arg>${json_data['results'][0]['login']}</arg>
<arg>${keyTwo}</arg>
<doc>Fails if ``key`` is not found from ``dictionary``.</doc>
<status status="PASS" start="2024-05-10T23:14:22.665649" elapsed="0.000505"/>
</kw>
<kw name="Log" owner="BuiltIn">
<msg time="2024-05-10T23:14:22.666578" level="INFO">password</msg>
<arg>${keyTwo}</arg>
<doc>Logs the given message with the given level.</doc>
<status status="PASS" start="2024-05-10T23:14:22.666451" elapsed="0.000176"/>
</kw>
<var name="${keyTwo}">password</var>
<status status="PASS" start="2024-05-10T23:14:22.664814" elapsed="0.002027"/>
</iter>
<var>${keyTwo}</var>
<value>@{expected_keysTwo}</value>
<status status="PASS" start="2024-05-10T23:14:22.662526" elapsed="0.004435"/>
</for>
<status status="PASS" start="2024-05-10T23:14:22.544851" elapsed="0.122247"/>
</kw>
<doc>Testa a estrutura da resposta da API.</doc>
<tag>testeEstruturaResposta</tag>
<status status="PASS" start="2024-05-10T23:14:22.544315" elapsed="0.122928"/>
</test>
<test id="s1-s1-t4" name="Validar tipos de dados" line="28">
<kw name="Teste de Tipos de Dados" owner="random-user-service">
<kw name="GET On Session" owner="RequestsLibrary">
<msg time="2024-05-10T23:14:22.775434" level="INFO">GET Request : url=https://randomuser.me/api 
 path_url=/api 
 headers={'User-Agent': 'python-requests/2.31.0', 'Accept-Encoding': 'gzip, deflate', 'Accept': '*/*', 'Connection': 'keep-alive'} 
 body=None 
 </msg>
<msg time="2024-05-10T23:14:22.775527" level="INFO">GET Response : url=https://randomuser.me/api 
 status=200, reason=OK 
 headers={'Date': 'Fri, 10 May 2024 23:14:22 GMT', 'Content-Type': 'application/json; charset=utf-8', 'Transfer-Encoding': 'chunked', 'Connection': 'keep-alive', 'X-Powered-By': 'Express', 'Access-Control-Allow-Origin': '*', 'Cache-Control': 'no-cache', 'ETag': 'W/"496-G2gjfkKOvYR7aDolFk73VsFf/nw"', 'Vary': 'Accept-Encoding', 'Content-Encoding': 'gzip', 'CF-Cache-Status': 'DYNAMIC', 'Report-To': '{"endpoints":[{"url":"https:\\/\\/a.nel.cloudflare.com\\/report\\/v4?s=jCMzkx1fhtumGeQdViWsp2Nz0VImarOGSiTteNlTiaEPDOTKiGdaIDszjwo0aqieMOahdnSi6XBemQFO6blIU%2Bcu3067LABaAQ5z27mgvZkuuOCpgg%2FgqUnSX6Zcybx%2B"}],"group":"cf-nel","max_age":604800}', 'NEL': '{"success_fraction":0,"report_to":"cf-nel","max_age":604800}', 'Server': 'cloudflare', 'CF-RAY': '881da00bbb572eae-LAX', 'alt-svc': 'h3=":443"; ma=86400'} 
 body={"results":[{"gender":"female","name":{"title":"Miss","first":"Sheryl","last":"Reynolds"},"location":{"street":{"number":6925,"name":"The Crescent"},"city":"Ballinasloe","state":"Westmeath","country":"Ireland","postcode":30930,"coordinates":{"latitude":"4.1240","longitude":"97.0685"},"timezone":{"offset":"+4:00","description":"Abu Dhabi, Muscat, Baku, Tbilisi"}},"email":"sheryl.reynolds@example.com","login":{"uuid":"ec39bd1e-318a-400d-b701-f8fc38bf07d9","username":"beautifulzebra570","password":"1214","salt":"gIQba3nC","md5":"3d72fd9175e2571de29c1ee182355cbc","sha1":"a1356343acb871f4eff4bd4366d6b04bc2c1a40e","sha256":"345593420ecb6a6247f7c0adae2a8004a42817e50e5edeb1ab05b836f75db344"},"dob":{"date":"1999-10-22T01:09:17.067Z","age":24},"registered":{"date":"2018-02-06T08:48:53.339Z","age":6},"phone":"041-790-4866","cell":"081-354-2169","id":{"name":"PPS","value":"9940492T"},"picture":{"large":"https://randomuser.me/api/portraits/women/18.jpg","medium":"https://randomuser.me/api/portraits/med/women/18.jpg","thumbnail":"https://randomuser.me/api/portraits/thumb/women/18.jpg"},"nat":"IE"}],"info":{"seed":"88291ac2ae2a8c12","results":1,"page":1,"version":"1.4"}} 
 </msg>
<msg time="2024-05-10T23:14:22.775605" level="INFO">/opt/hostedtoolcache/Python/3.12.3/x64/lib/python3.12/site-packages/urllib3/connectionpool.py:1103: InsecureRequestWarning: Unverified HTTPS request is being made to host 'randomuser.me'. Adding certificate verification is strongly advised. See: https://urllib3.readthedocs.io/en/latest/advanced-usage.html#tls-warnings
  warnings.warn(</msg>
<msg time="2024-05-10T23:14:22.775720" level="INFO">${response} = &lt;Response [200]&gt;</msg>
<var>${response}</var>
<arg>consultarAPI</arg>
<arg>/api</arg>
<doc>Sends a GET request on a previously created HTTP Session.</doc>
<status status="PASS" start="2024-05-10T23:14:22.669713" elapsed="0.106048"/>
</kw>
<kw name="Set Variable" owner="BuiltIn">
<msg time="2024-05-10T23:14:22.776945" level="INFO">${json_data} = {'results': [{'gender': 'female', 'name': {'title': 'Miss', 'first': 'Sheryl', 'last': 'Reynolds'}, 'location': {'street': {'number': 6925, 'name': 'The Crescent'}, 'city': 'Ballinasloe', 'state': 'We...</msg>
<var>${json_data}</var>
<arg>${response.json()}</arg>
<doc>Returns the given values which can then be assigned to a variables.</doc>
<status status="PASS" start="2024-05-10T23:14:22.776307" elapsed="0.000668"/>
</kw>
<kw name="Log" owner="BuiltIn">
<msg time="2024-05-10T23:14:22.777438" level="INFO">{'results': [{'gender': 'female', 'name': {'title': 'Miss', 'first': 'Sheryl', 'last': 'Reynolds'}, 'location': {'street': {'number': 6925, 'name': 'The Crescent'}, 'city': 'Ballinasloe', 'state': 'Westmeath', 'country': 'Ireland', 'postcode': 30930, 'coordinates': {'latitude': '4.1240', 'longitude': '97.0685'}, 'timezone': {'offset': '+4:00', 'description': 'Abu Dhabi, Muscat, Baku, Tbilisi'}}, 'email': 'sheryl.reynolds@example.com', 'login': {'uuid': 'ec39bd1e-318a-400d-b701-f8fc38bf07d9', 'username': 'beautifulzebra570', 'password': '1214', 'salt': 'gIQba3nC', 'md5': '3d72fd9175e2571de29c1ee182355cbc', 'sha1': 'a1356343acb871f4eff4bd4366d6b04bc2c1a40e', 'sha256': '345593420ecb6a6247f7c0adae2a8004a42817e50e5edeb1ab05b836f75db344'}, 'dob': {'date': '1999-10-22T01:09:17.067Z', 'age': 24}, 'registered': {'date': '2018-02-06T08:48:53.339Z', 'age': 6}, 'phone': '041-790-4866', 'cell': '081-354-2169', 'id': {'name': 'PPS', 'value': '9940492T'}, 'picture': {'large': 'https://randomuser.me/api/portraits/women/18.jpg', 'medium': 'https://randomuser.me/api/portraits/med/women/18.jpg', 'thumbnail': 'https://randomuser.me/api/portraits/thumb/women/18.jpg'}, 'nat': 'IE'}], 'info': {'seed': '88291ac2ae2a8c12', 'results': 1, 'page': 1, 'version': '1.4'}}</msg>
<arg>${json_data}</arg>
<doc>Logs the given message with the given level.</doc>
<status status="PASS" start="2024-05-10T23:14:22.777284" elapsed="0.000236"/>
</kw>
<kw name="Should Be String" owner="String">
<arg>${json_data['results'][0]['gender']}</arg>
<doc>Fails if the given ``item`` is not a string.</doc>
<status status="PASS" start="2024-05-10T23:14:22.777824" elapsed="0.000371"/>
</kw>
<kw name="Should Match Regexp" owner="BuiltIn">
<arg>${json_data['results'][0]['email']}</arg>
<arg>^[a-zA-Z0-9._%+-]+@[a-zA-Z0-9.-]+\.[a-zA-Z]{2,}$</arg>
<doc>Fails if ``string`` does not match ``pattern`` as a regular expression.</doc>
<status status="PASS" start="2024-05-10T23:14:22.778392" elapsed="0.000514"/>
</kw>
<kw name="Should Match Regexp" owner="BuiltIn">
<arg>${json_data['results'][0]['dob']['date']}</arg>
<arg>\\d{4}-\\d{2}-\\d{2}T\\d{2}:\\d{2}:\\d{2}\\.\\d{3}Z</arg>
<doc>Fails if ``string`` does not match ``pattern`` as a regular expression.</doc>
<status status="PASS" start="2024-05-10T23:14:22.779103" elapsed="0.000507"/>
</kw>
<kw name="Should Match Regexp" owner="BuiltIn">
<arg>${json_data['results'][0]['registered']['date']}</arg>
<arg>\\d{4}-\\d{2}-\\d{2}T\\d{2}:\\d{2}:\\d{2}\\.\\d{3}Z</arg>
<doc>Fails if ``string`` does not match ``pattern`` as a regular expression.</doc>
<status status="PASS" start="2024-05-10T23:14:22.779810" elapsed="0.000365"/>
</kw>
<kw name="Should Match Regexp" owner="BuiltIn">
<arg>${json_data['results'][0]['picture']['large']}</arg>
<arg>^https?://.*\.(?:png|jpe?g|gif|bmp)$</arg>
<doc>Fails if ``string`` does not match ``pattern`` as a regular expression.</doc>
<status status="PASS" start="2024-05-10T23:14:22.780361" elapsed="0.000485"/>
</kw>
<kw name="Should Match Regexp" owner="BuiltIn">
<arg>${json_data['results'][0]['picture']['medium']}</arg>
<arg>^https?://.*\.(?:png|jpe?g|gif|bmp)$</arg>
<doc>Fails if ``string`` does not match ``pattern`` as a regular expression.</doc>
<status status="PASS" start="2024-05-10T23:14:22.781038" elapsed="0.000367"/>
</kw>
<kw name="Should Match Regexp" owner="BuiltIn">
<arg>${json_data['results'][0]['picture']['thumbnail']}</arg>
<arg>^https?://.*\.(?:png|jpe?g|gif|bmp)$</arg>
<doc>Fails if ``string`` does not match ``pattern`` as a regular expression.</doc>
<status status="PASS" start="2024-05-10T23:14:22.781595" elapsed="0.000350"/>
</kw>
<kw name="Log" owner="BuiltIn">
<msg time="2024-05-10T23:14:22.782447" level="INFO">{'large': 'https://randomuser.me/api/portraits/women/18.jpg', 'medium': 'https://randomuser.me/api/portraits/med/women/18.jpg', 'thumbnail': 'https://randomuser.me/api/portraits/thumb/women/18.jpg'}</msg>
<arg>${json_data['results'][0]['picture']}</arg>
<doc>Logs the given message with the given level.</doc>
<status status="PASS" start="2024-05-10T23:14:22.782124" elapsed="0.000365"/>
</kw>
<status status="PASS" start="2024-05-10T23:14:22.669489" elapsed="0.113257"/>
</kw>
<kw name="Teste de Tipos de Dados - Postcode" owner="random-user-service">
<kw name="GET On Session" owner="RequestsLibrary">
<msg time="2024-05-10T23:14:22.881412" level="INFO">GET Request : url=https://randomuser.me/api 
 path_url=/api 
 headers={'User-Agent': 'python-requests/2.31.0', 'Accept-Encoding': 'gzip, deflate', 'Accept': '*/*', 'Connection': 'keep-alive'} 
 body=None 
 </msg>
<msg time="2024-05-10T23:14:22.881511" level="INFO">GET Response : url=https://randomuser.me/api 
 status=200, reason=OK 
 headers={'Date': 'Fri, 10 May 2024 23:14:22 GMT', 'Content-Type': 'application/json; charset=utf-8', 'Transfer-Encoding': 'chunked', 'Connection': 'keep-alive', 'X-Powered-By': 'Express', 'Access-Control-Allow-Origin': '*', 'Cache-Control': 'no-cache', 'ETag': 'W/"47f-PKmsvWVJIaP5OpW+ovVEDNzkNoE"', 'Vary': 'Accept-Encoding', 'Content-Encoding': 'gzip', 'CF-Cache-Status': 'DYNAMIC', 'Report-To': '{"endpoints":[{"url":"https:\\/\\/a.nel.cloudflare.com\\/report\\/v4?s=AmijeQUtAuLMZMFRL%2FnK163%2BMydkyXZ6zZP9wMJbJBi40SVIrg8iscIYmyV9p4PoJlYIKF9l%2BGTROZubgugi7Y%2FgpFK6Y8SAUwS%2FxxoKq8CdFdhrvciayFwS7HQv4sxf"}],"group":"cf-nel","max_age":604800}', 'NEL': '{"success_fraction":0,"report_to":"cf-nel","max_age":604800}', 'Server': 'cloudflare', 'CF-RAY': '881da00c6c4a2eae-LAX', 'alt-svc': 'h3=":443"; ma=86400'} 
 body={"results":[{"gender":"female","name":{"title":"Mrs","first":"Eden","last":"Clarke"},"location":{"street":{"number":1331,"name":"Fergusson Drive"},"city":"Blenheim","state":"Waikato","country":"New Zealand","postcode":12702,"coordinates":{"latitude":"52.9819","longitude":"54.9083"},"timezone":{"offset":"-11:00","description":"Midway Island, Samoa"}},"email":"eden.clarke@example.com","login":{"uuid":"3160240d-06aa-4b30-9023-3230d4f4d0f9","username":"brownduck227","password":"boomer1","salt":"zPPQodwc","md5":"0eb0847b48e08cae83798b78a63d6dd6","sha1":"f1bd0f61ac3254e3a6f3a70c2325c893e6408ecc","sha256":"bcadbb084c115baedfb043f552fdc1c5266439fbdcb3ac22641af4e061d7d615"},"dob":{"date":"1958-07-27T00:39:35.634Z","age":65},"registered":{"date":"2003-05-12T03:31:01.897Z","age":20},"phone":"(292)-809-6243","cell":"(592)-802-2552","id":{"name":"","value":null},"picture":{"large":"https://randomuser.me/api/portraits/women/83.jpg","medium":"https://randomuser.me/api/portraits/med/women/83.jpg","thumbnail":"https://randomuser.me/api/portraits/thumb/women/83.jpg"},"nat":"NZ"}],"info":{"seed":"2bf9b0fc5972e2fd","results":1,"page":1,"version":"1.4"}} 
 </msg>
<msg time="2024-05-10T23:14:22.881615" level="INFO">/opt/hostedtoolcache/Python/3.12.3/x64/lib/python3.12/site-packages/urllib3/connectionpool.py:1103: InsecureRequestWarning: Unverified HTTPS request is being made to host 'randomuser.me'. Adding certificate verification is strongly advised. See: https://urllib3.readthedocs.io/en/latest/advanced-usage.html#tls-warnings
  warnings.warn(</msg>
<msg time="2024-05-10T23:14:22.881711" level="INFO">${response} = &lt;Response [200]&gt;</msg>
<var>${response}</var>
<arg>consultarAPI</arg>
<arg>/api</arg>
<doc>Sends a GET request on a previously created HTTP Session.</doc>
<status status="PASS" start="2024-05-10T23:14:22.783190" elapsed="0.098560"/>
</kw>
<kw name="Set Variable" owner="BuiltIn">
<msg time="2024-05-10T23:14:22.882780" level="INFO">${json_data} = {'results': [{'gender': 'female', 'name': {'title': 'Mrs', 'first': 'Eden', 'last': 'Clarke'}, 'location': {'street': {'number': 1331, 'name': 'Fergusson Drive'}, 'city': 'Blenheim', 'state': 'Waikato...</msg>
<var>${json_data}</var>
<arg>${response.json()}</arg>
<doc>Returns the given values which can then be assigned to a variables.</doc>
<status status="PASS" start="2024-05-10T23:14:22.882215" elapsed="0.000593"/>
</kw>
<kw name="Log" owner="BuiltIn">
<msg time="2024-05-10T23:14:22.883264" level="INFO">{'results': [{'gender': 'female', 'name': {'title': 'Mrs', 'first': 'Eden', 'last': 'Clarke'}, 'location': {'street': {'number': 1331, 'name': 'Fergusson Drive'}, 'city': 'Blenheim', 'state': 'Waikato', 'country': 'New Zealand', 'postcode': 12702, 'coordinates': {'latitude': '52.9819', 'longitude': '54.9083'}, 'timezone': {'offset': '-11:00', 'description': 'Midway Island, Samoa'}}, 'email': 'eden.clarke@example.com', 'login': {'uuid': '3160240d-06aa-4b30-9023-3230d4f4d0f9', 'username': 'brownduck227', 'password': 'boomer1', 'salt': 'zPPQodwc', 'md5': '0eb0847b48e08cae83798b78a63d6dd6', 'sha1': 'f1bd0f61ac3254e3a6f3a70c2325c893e6408ecc', 'sha256': 'bcadbb084c115baedfb043f552fdc1c5266439fbdcb3ac22641af4e061d7d615'}, 'dob': {'date': '1958-07-27T00:39:35.634Z', 'age': 65}, 'registered': {'date': '2003-05-12T03:31:01.897Z', 'age': 20}, 'phone': '(292)-809-6243', 'cell': '(592)-802-2552', 'id': {'name': '', 'value': None}, 'picture': {'large': 'https://randomuser.me/api/portraits/women/83.jpg', 'medium': 'https://randomuser.me/api/portraits/med/women/83.jpg', 'thumbnail': 'https://randomuser.me/api/portraits/thumb/women/83.jpg'}, 'nat': 'NZ'}], 'info': {'seed': '2bf9b0fc5972e2fd', 'results': 1, 'page': 1, 'version': '1.4'}}</msg>
<arg>${json_data}</arg>
<doc>Logs the given message with the given level.</doc>
<status status="PASS" start="2024-05-10T23:14:22.883113" elapsed="0.000229"/>
</kw>
<kw name="Should Be Equal As Numbers" owner="BuiltIn">
<arg>${json_data['results'][0]['location']['postcode']}</arg>
<arg>${json_data['results'][0]['location']['postcode']}</arg>
<doc>Fails if objects are unequal after converting them to real numbers.</doc>
<status status="PASS" start="2024-05-10T23:14:22.883639" elapsed="0.000765"/>
</kw>
<kw name="Log" owner="BuiltIn">
<msg time="2024-05-10T23:14:22.884980" level="INFO">12702</msg>
<arg>${json_data['results'][0]['location']['postcode']}</arg>
<doc>Logs the given message with the given level.</doc>
<status status="PASS" start="2024-05-10T23:14:22.884598" elapsed="0.000423"/>
</kw>
<status status="PASS" start="2024-05-10T23:14:22.782966" elapsed="0.102311"/>
</kw>
<doc>Testa se os tipos de dados na resposta da API estão corretos.</doc>
<tag>testeTiposDados</tag>
<status status="PASS" start="2024-05-10T23:14:22.669039" elapsed="0.216403"/>
</test>
<test id="s1-s1-t5" name="Validar conteudo" line="35">
<kw name="Teste de Tipos de Conteudo" owner="random-user-service">
<kw name="GET On Session" owner="RequestsLibrary">
<msg time="2024-05-10T23:14:22.988381" level="INFO">GET Request : url=https://randomuser.me/api 
 path_url=/api 
 headers={'User-Agent': 'python-requests/2.31.0', 'Accept-Encoding': 'gzip, deflate', 'Accept': '*/*', 'Connection': 'keep-alive'} 
 body=None 
 </msg>
<msg time="2024-05-10T23:14:22.988465" level="INFO">GET Response : url=https://randomuser.me/api 
 status=200, reason=OK 
 headers={'Date': 'Fri, 10 May 2024 23:14:22 GMT', 'Content-Type': 'application/json; charset=utf-8', 'Transfer-Encoding': 'chunked', 'Connection': 'keep-alive', 'X-Powered-By': 'Express', 'Access-Control-Allow-Origin': '*', 'Cache-Control': 'no-cache', 'ETag': 'W/"496-VUMJMu3U2uqt22dormsCz5t30sc"', 'Vary': 'Accept-Encoding', 'Content-Encoding': 'gzip', 'CF-Cache-Status': 'DYNAMIC', 'Report-To': '{"endpoints":[{"url":"https:\\/\\/a.nel.cloudflare.com\\/report\\/v4?s=A7O%2FYeI2yJkdxaDcYDe9h3lEbIXQOWMGxBrMmVeii8a49Hc%2FCdOyhs61ZJWtK%2F8sxhcLJf2ZQtS23fk%2Bp7Kb8YprONk0YZ4XcrKPFHivs566Ft%2Fnj5j97wpezeG%2FclIV"}],"group":"cf-nel","max_age":604800}', 'NEL': '{"success_fraction":0,"report_to":"cf-nel","max_age":604800}', 'Server': 'cloudflare', 'CF-RAY': '881da00d1cf32eae-LAX', 'alt-svc': 'h3=":443"; ma=86400'} 
 body={"results":[{"gender":"male","name":{"title":"Mr","first":"Murat","last":"Tahincioğlu"},"location":{"street":{"number":9428,"name":"Fatih Sultan Mehmet Cd"},"city":"Amasya","state":"Balıkesir","country":"Turkey","postcode":42858,"coordinates":{"latitude":"72.6211","longitude":"-115.4395"},"timezone":{"offset":"+10:00","description":"Eastern Australia, Guam, Vladivostok"}},"email":"murat.tahincioglu@example.com","login":{"uuid":"bcffc015-0cae-4c0f-afed-d811d37a8446","username":"whiteswan880","password":"xiong","salt":"cYP3Wb83","md5":"40b45429d7b7a5fcdacb7d678735915f","sha1":"353bb86586b677e9880bbefacdf61998e28c119b","sha256":"74fe8b0abdd5afe9466d7b757b540d0474944f97fcd9d8a44362db95118f0371"},"dob":{"date":"1973-02-16T23:37:57.834Z","age":51},"registered":{"date":"2004-02-25T12:21:57.554Z","age":20},"phone":"(824)-653-3420","cell":"(066)-578-9112","id":{"name":"","value":null},"picture":{"large":"https://randomuser.me/api/portraits/men/10.jpg","medium":"https://randomuser.me/api/portraits/med/men/10.jpg","thumbnail":"https://randomuser.me/api/portraits/thumb/men/10.jpg"},"nat":"TR"}],"info":{"seed":"fbf0809596fc039a","results":1,"page":1,"version":"1.4"}} 
 </msg>
<msg time="2024-05-10T23:14:22.988542" level="INFO">/opt/hostedtoolcache/Python/3.12.3/x64/lib/python3.12/site-packages/urllib3/connectionpool.py:1103: InsecureRequestWarning: Unverified HTTPS request is being made to host 'randomuser.me'. Adding certificate verification is strongly advised. See: https://urllib3.readthedocs.io/en/latest/advanced-usage.html#tls-warnings
  warnings.warn(</msg>
<msg time="2024-05-10T23:14:22.988647" level="INFO">${response} = &lt;Response [200]&gt;</msg>
<var>${response}</var>
<arg>consultarAPI</arg>
<arg>/api</arg>
<doc>Sends a GET request on a previously created HTTP Session.</doc>
<status status="PASS" start="2024-05-10T23:14:22.887881" elapsed="0.100808"/>
</kw>
<kw name="Set Variable" owner="BuiltIn">
<msg time="2024-05-10T23:14:22.989620" level="INFO">${json_data} = {'results': [{'gender': 'male', 'name': {'title': 'Mr', 'first': 'Murat', 'last': 'Tahincioğlu'}, 'location': {'street': {'number': 9428, 'name': 'Fatih Sultan Mehmet Cd'}, 'city': 'Amasya', 'state': ...</msg>
<var>${json_data}</var>
<arg>${response.json()}</arg>
<doc>Returns the given values which can then be assigned to a variables.</doc>
<status status="PASS" start="2024-05-10T23:14:22.989155" elapsed="0.000495"/>
</kw>
<kw name="Set Variable" owner="BuiltIn">
<msg time="2024-05-10T23:14:22.990341" level="INFO">${name_title} = Mr</msg>
<var>${name_title}</var>
<arg>${json_data["results"][0]["name"]["title"]}</arg>
<doc>Returns the given values which can then be assigned to a variables.</doc>
<status status="PASS" start="2024-05-10T23:14:22.989953" elapsed="0.000412"/>
</kw>
<kw name="Create List" owner="BuiltIn">
<msg time="2024-05-10T23:14:22.990809" level="INFO">${allowed_titles} = ['Mr', 'Ms', 'Miss', 'Mrs', 'Madame', 'Monsieur']</msg>
<var>${allowed_titles}</var>
<arg>Mr</arg>
<arg>Ms</arg>
<arg>Miss</arg>
<arg>Mrs</arg>
<arg>Madame</arg>
<arg>Monsieur</arg>
<doc>Returns a list containing given items.</doc>
<status status="PASS" start="2024-05-10T23:14:22.990662" elapsed="0.000171"/>
</kw>
<kw name="List Should Contain Value" owner="Collections">
<msg time="2024-05-10T23:14:22.991299" level="INFO">False</msg>
<arg>${allowed_titles}</arg>
<arg>${name_title}</arg>
<doc>Fails if the ``value`` is not found from ``list``.</doc>
<status status="PASS" start="2024-05-10T23:14:22.991129" elapsed="0.000207"/>
</kw>
<kw name="Set Variable" owner="BuiltIn">
<msg time="2024-05-10T23:14:22.992000" level="INFO">${name_country} = TR</msg>
<var>${name_country}</var>
<arg>${json_data["results"][0]["nat"]}</arg>
<doc>Returns the given values which can then be assigned to a variables.</doc>
<status status="PASS" start="2024-05-10T23:14:22.991625" elapsed="0.000399"/>
</kw>
<kw name="Create List" owner="BuiltIn">
<msg time="2024-05-10T23:14:22.992929" level="INFO">${list_country} = ['AD', 'AE', 'AF', 'AG', 'AI', 'AL', 'AM', 'AO', 'AQ', 'AR', 'AS', 'AT', 'AU', 'AW', 'AX', 'AZ', 'BA', 'BB', 'BD', 'BE', 'BF', 'BG', 'BH', 'BI', 'BJ', 'BL', 'BM', 'BN', 'BO', 'BQ', 'BR', 'BS', 'BT', '...</msg>
<var>${list_country}</var>
<arg>AD</arg>
<arg>AE</arg>
<arg>AF</arg>
<arg>AG</arg>
<arg>AI</arg>
<arg>AL</arg>
<arg>AM</arg>
<arg>AO</arg>
<arg>AQ</arg>
<arg>AR</arg>
<arg>AS</arg>
<arg>AT</arg>
<arg>AU</arg>
<arg>AW</arg>
<arg>AX</arg>
<arg>AZ</arg>
<arg>BA</arg>
<arg>BB</arg>
<arg>BD</arg>
<arg>BE</arg>
<arg>BF</arg>
<arg>BG</arg>
<arg>BH</arg>
<arg>BI</arg>
<arg>BJ</arg>
<arg>BL</arg>
<arg>BM</arg>
<arg>BN</arg>
<arg>BO</arg>
<arg>BQ</arg>
<arg>BR</arg>
<arg>BS</arg>
<arg>BT</arg>
<arg>BV</arg>
<arg>BW</arg>
<arg>BY</arg>
<arg>BZ</arg>
<arg>CA</arg>
<arg>CC</arg>
<arg>CD</arg>
<arg>CF</arg>
<arg>CG</arg>
<arg>CH</arg>
<arg>CI</arg>
<arg>CK</arg>
<arg>CL</arg>
<arg>CM</arg>
<arg>CN</arg>
<arg>CO</arg>
<arg>CR</arg>
<arg>CU</arg>
<arg>CV</arg>
<arg>CW</arg>
<arg>CX</arg>
<arg>CY</arg>
<arg>CZ</arg>
<arg>DE</arg>
<arg>DJ</arg>
<arg>DK</arg>
<arg>DM</arg>
<arg>DO</arg>
<arg>DZ</arg>
<arg>EC</arg>
<arg>EE</arg>
<arg>EG</arg>
<arg>EH</arg>
<arg>ER</arg>
<arg>ES</arg>
<arg>ET</arg>
<arg>FI</arg>
<arg>FJ</arg>
<arg>FK</arg>
<arg>FM</arg>
<arg>FO</arg>
<arg>FR</arg>
<arg>GA</arg>
<arg>GB</arg>
<arg>GD</arg>
<arg>GE</arg>
<arg>GF</arg>
<arg>GG</arg>
<arg>GH</arg>
<arg>GI</arg>
<arg>GL</arg>
<arg>GM</arg>
<arg>GN</arg>
<arg>GP</arg>
<arg>GQ</arg>
<arg>GR</arg>
<arg>GS</arg>
<arg>GT</arg>
<arg>GU</arg>
<arg>GW</arg>
<arg>GY</arg>
<arg>HK</arg>
<arg>HM</arg>
<arg>HN</arg>
<arg>HR</arg>
<arg>HT</arg>
<arg>HU</arg>
<arg>ID</arg>
<arg>IE</arg>
<arg>IL</arg>
<arg>IM</arg>
<arg>IN</arg>
<arg>IO</arg>
<arg>IQ</arg>
<arg>IR</arg>
<arg>IS</arg>
<arg>IT</arg>
<arg>JE</arg>
<arg>JM</arg>
<arg>JO</arg>
<arg>JP</arg>
<arg>KE</arg>
<arg>KG</arg>
<arg>KH</arg>
<arg>KI</arg>
<arg>KM</arg>
<arg>KN</arg>
<arg>KP</arg>
<arg>KR</arg>
<arg>KW</arg>
<arg>KY</arg>
<arg>KZ</arg>
<arg>LA</arg>
<arg>LB</arg>
<arg>LC</arg>
<arg>LI</arg>
<arg>LK</arg>
<arg>LR</arg>
<arg>LS</arg>
<arg>LT</arg>
<arg>LU</arg>
<arg>LV</arg>
<arg>LY</arg>
<arg>MA</arg>
<arg>MC</arg>
<arg>MD</arg>
<arg>ME</arg>
<arg>MF</arg>
<arg>MG</arg>
<arg>MH</arg>
<arg>MK</arg>
<arg>ML</arg>
<arg>MM</arg>
<arg>MN</arg>
<arg>MO</arg>
<arg>MP</arg>
<arg>MQ</arg>
<arg>MR</arg>
<arg>MS</arg>
<arg>MT</arg>
<arg>MU</arg>
<arg>MV</arg>
<arg>MW</arg>
<arg>MX</arg>
<arg>MY</arg>
<arg>MZ</arg>
<arg>NA</arg>
<arg>NC</arg>
<arg>NE</arg>
<arg>NF</arg>
<arg>NG</arg>
<arg>NI</arg>
<arg>NL</arg>
<arg>NO</arg>
<arg>NP</arg>
<arg>NR</arg>
<arg>NU</arg>
<arg>NZ</arg>
<arg>OM</arg>
<arg>PA</arg>
<arg>PE</arg>
<arg>PF</arg>
<arg>PG</arg>
<arg>PH</arg>
<arg>PK</arg>
<arg>PL</arg>
<arg>PM</arg>
<arg>PN</arg>
<arg>PR</arg>
<arg>PS</arg>
<arg>PT</arg>
<arg>PW</arg>
<arg>PY</arg>
<arg>QA</arg>
<arg>RE</arg>
<arg>RO</arg>
<arg>RS</arg>
<arg>RU</arg>
<arg>RW</arg>
<arg>SA</arg>
<arg>SB</arg>
<arg>SC</arg>
<arg>SD</arg>
<arg>SE</arg>
<arg>SG</arg>
<arg>SH</arg>
<arg>SI</arg>
<arg>SJ</arg>
<arg>SK</arg>
<arg>SL</arg>
<arg>SM</arg>
<arg>SN</arg>
<arg>SO</arg>
<arg>SR</arg>
<arg>SS</arg>
<arg>ST</arg>
<arg>SV</arg>
<arg>SX</arg>
<arg>SY</arg>
<arg>SZ</arg>
<arg>TC</arg>
<arg>TD</arg>
<arg>TF</arg>
<arg>TG</arg>
<arg>TH</arg>
<arg>TJ</arg>
<arg>TK</arg>
<arg>TL</arg>
<arg>TM</arg>
<arg>TN</arg>
<arg>TO</arg>
<arg>TR</arg>
<arg>TT</arg>
<arg>TV</arg>
<arg>TW</arg>
<arg>TZ</arg>
<arg>UA</arg>
<arg>UG</arg>
<arg>UM</arg>
<arg>US</arg>
<arg>UY</arg>
<arg>UZ</arg>
<arg>VA</arg>
<arg>VC</arg>
<arg>VE</arg>
<arg>VG</arg>
<arg>VI</arg>
<arg>VN</arg>
<arg>VU</arg>
<arg>WF</arg>
<arg>WS</arg>
<arg>XK</arg>
<arg>YE</arg>
<arg>YT</arg>
<arg>ZA</arg>
<arg>ZM</arg>
<arg>ZW</arg>
<doc>Returns a list containing given items.</doc>
<status status="PASS" start="2024-05-10T23:14:22.992322" elapsed="0.000633"/>
</kw>
<kw name="List Should Contain Value" owner="Collections">
<msg time="2024-05-10T23:14:22.993952" level="INFO">False</msg>
<arg>${list_country}</arg>
<arg>${name_country}</arg>
<doc>Fails if the ``value`` is not found from ``list``.</doc>
<status status="PASS" start="2024-05-10T23:14:22.993752" elapsed="0.000236"/>
</kw>
<kw name="Run Keyword If" owner="BuiltIn">
<kw name="Should Be True" owner="BuiltIn">
<arg>${True}</arg>
<doc>Fails if the given condition is not true.</doc>
<status status="PASS" start="2024-05-10T23:14:22.995043" elapsed="0.000142"/>
</kw>
<arg>${json_data["results"][0]["location"]["coordinates"]["latitude"]} &gt;= -90 and ${json_data["results"][0]["location"]["coordinates"]["latitude"]} &lt;= 90</arg>
<arg>Should Be True</arg>
<arg>${True}</arg>
<doc>Runs the given keyword with the given arguments, if ``condition`` is true.</doc>
<status status="PASS" start="2024-05-10T23:14:22.994297" elapsed="0.001011"/>
</kw>
<kw name="Run Keyword If" owner="BuiltIn">
<kw name="Should Be True" owner="BuiltIn">
<arg>${True}</arg>
<doc>Fails if the given condition is not true.</doc>
<status status="PASS" start="2024-05-10T23:14:22.996179" elapsed="0.000242"/>
</kw>
<arg>${json_data["results"][0]["location"]["coordinates"]["longitude"]} &gt;= -180 and ${json_data["results"][0]["location"]["coordinates"]["longitude"]} &lt;= 180</arg>
<arg>Should Be True</arg>
<arg>${True}</arg>
<doc>Runs the given keyword with the given arguments, if ``condition`` is true.</doc>
<status status="PASS" start="2024-05-10T23:14:22.995488" elapsed="0.001058"/>
</kw>
<status status="PASS" start="2024-05-10T23:14:22.887655" elapsed="0.109020"/>
</kw>
<doc>Testa o conteúdo específico dos campos retornados pela API.</doc>
<tag>testeConteudo</tag>
<status status="PASS" start="2024-05-10T23:14:22.887207" elapsed="0.109643"/>
</test>
<status status="PASS" start="2024-05-10T23:14:22.049409" elapsed="0.949366"/>
</suite>
<status status="PASS" start="2024-05-10T23:14:22.035827" elapsed="0.968039"/>
</suite>
<statistics>
<total>
<stat pass="5" fail="0" skip="0">All Tests</stat>
</total>
<tag>
<stat pass="1" fail="0" skip="0">testeConteudo</stat>
<stat pass="1" fail="0" skip="0">testeEstruturaResposta</stat>
<stat pass="1" fail="0" skip="0">testeRequisicaoBasica</stat>
<stat pass="1" fail="0" skip="0">testeTiposDados</stat>
</tag>
<suite>
<stat pass="5" fail="0" skip="0" id="s1" name="Tests">Tests</stat>
<stat pass="5" fail="0" skip="0" id="s1-s1" name="Random-User-Test">Tests.Random-User-Test</stat>
</suite>
</statistics>
<errors>
</errors>
</robot>
