<?xml version="1.0" encoding="UTF-8"?>
<robot generator="Robot 7.0 (Python 3.12.3 on linux)" generated="2024-05-30T05:14:26.601286" rpa="false" schemaversion="5">
<suite id="s1" name="Tests" source="/home/runner/work/ApiRandomUser/ApiRandomUser/RamdonUser/tests">
<suite id="s1-s1" name="Random-User-Test" source="/home/runner/work/ApiRandomUser/ApiRandomUser/RamdonUser/tests/random-user-test.robot">
<test id="s1-s1-t1" name="Conectar" line="13">
<kw name="Conectar API" owner="random-user-service">
<kw name="Create Session" owner="RequestsLibrary">
<msg time="2024-05-30T05:14:26.995317" level="INFO">Creating Session using : alias=consultarAPI, url=https://randomuser.me/, headers={},                     cookies={}, auth=None, timeout=None, proxies=None, verify=False,                     debug=0 </msg>
<arg>consultarAPI</arg>
<arg>${URL}</arg>
<doc>Create Session: create a HTTP session to a server</doc>
<status status="PASS" start="2024-05-30T05:14:26.995110" elapsed="0.000383"/>
</kw>
<status status="PASS" start="2024-05-30T05:14:26.994110" elapsed="0.001736"/>
</kw>
<status status="PASS" start="2024-05-30T05:14:26.993556" elapsed="0.002484"/>
</test>
<test id="s1-s1-t2" name="Validar retorno 200 e JSON Válido" line="16">
<kw name="Teste de Requisicao Basica" owner="random-user-service">
<kw name="GET On Session" owner="RequestsLibrary">
<msg time="2024-05-30T05:14:27.167891" level="INFO">GET Request : url=https://randomuser.me/api 
 path_url=/api 
 headers={'User-Agent': 'python-requests/2.32.3', 'Accept-Encoding': 'gzip, deflate', 'Accept': '*/*', 'Connection': 'keep-alive'} 
 body=None 
 </msg>
<msg time="2024-05-30T05:14:27.168067" level="INFO">GET Response : url=https://randomuser.me/api 
 status=200, reason=OK 
 headers={'Date': 'Thu, 30 May 2024 05:14:27 GMT', 'Content-Type': 'application/json; charset=utf-8', 'Transfer-Encoding': 'chunked', 'Connection': 'keep-alive', 'X-Powered-By': 'Express', 'Access-Control-Allow-Origin': '*', 'Cache-Control': 'no-cache', 'ETag': 'W/"477-rUBJUE2VQYDPX9W2d2dzXJ37KbY"', 'Vary': 'Accept-Encoding', 'Content-Encoding': 'gzip', 'CF-Cache-Status': 'DYNAMIC', 'Report-To': '{"endpoints":[{"url":"https:\\/\\/a.nel.cloudflare.com\\/report\\/v4?s=avXF%2B7zETrOOQ7Mtuofi5wQsGC24nDofEcaEs0pksigR8xmuEgazxwYa%2FLPQ5Pwy8DliZCpTJ1H3RSCj8v%2BeyDbkyvBhHQ1VVgncRuaeT%2BDGgd40KsBFPQVMt4vqTYyO"}],"group":"cf-nel","max_age":604800}', 'NEL': '{"success_fraction":0,"report_to":"cf-nel","max_age":604800}', 'Server': 'cloudflare', 'CF-RAY': '88bc3d9f9f0e2081-IAD', 'alt-svc': 'h3=":443"; ma=86400'} 
 body={"results":[{"gender":"female","name":{"title":"Ms","first":"Liva","last":"Olsen"},"location":{"street":{"number":5463,"name":"Lillegade"},"city":"Gjern","state":"Hovedstaden","country":"Denmark","postcode":78398,"coordinates":{"latitude":"-43.6469","longitude":"170.1772"},"timezone":{"offset":"+6:00","description":"Almaty, Dhaka, Colombo"}},"email":"liva.olsen@example.com","login":{"uuid":"8aec8735-cb3f-4158-a1d8-a42280d56bd4","username":"lazymouse327","password":"starfish","salt":"Qm7euIxf","md5":"285aa4833a5529b9e446d9cf430b0f63","sha1":"35ea13889268a31105569f1da907ed3be0511735","sha256":"a82df4876628362575c38b2b9085dde0af20ea5726ea27887d7214cd1bae6a96"},"dob":{"date":"1954-08-28T07:58:09.377Z","age":69},"registered":{"date":"2005-07-14T09:39:39.965Z","age":18},"phone":"08346827","cell":"75745062","id":{"name":"CPR","value":"280854-6986"},"picture":{"large":"https://randomuser.me/api/portraits/women/49.jpg","medium":"https://randomuser.me/api/portraits/med/women/49.jpg","thumbnail":"https://randomuser.me/api/portraits/thumb/women/49.jpg"},"nat":"DK"}],"info":{"seed":"e0ffbdea5d3e486e","results":1,"page":1,"version":"1.4"}} 
 </msg>
<msg time="2024-05-30T05:14:27.168167" level="INFO">/opt/hostedtoolcache/Python/3.12.3/x64/lib/python3.12/site-packages/urllib3/connectionpool.py:1103: InsecureRequestWarning: Unverified HTTPS request is being made to host 'randomuser.me'. Adding certificate verification is strongly advised. See: https://urllib3.readthedocs.io/en/latest/advanced-usage.html#tls-warnings
  warnings.warn(</msg>
<msg time="2024-05-30T05:14:27.168324" level="INFO">${response} = &lt;Response [200]&gt;</msg>
<var>${response}</var>
<arg>consultarAPI</arg>
<arg>/api</arg>
<doc>Sends a GET request on a previously created HTTP Session.</doc>
<status status="PASS" start="2024-05-30T05:14:26.998623" elapsed="0.169745"/>
</kw>
<kw name="Should Be Equal As Numbers" owner="BuiltIn">
<msg time="2024-05-30T05:14:27.169606" level="INFO">Argument types are:
&lt;class 'int'&gt;
&lt;class 'str'&gt;</msg>
<arg>${response.status_code}</arg>
<arg>200</arg>
<doc>Fails if objects are unequal after converting them to real numbers.</doc>
<status status="PASS" start="2024-05-30T05:14:27.169063" elapsed="0.000611"/>
</kw>
<kw name="Log" owner="BuiltIn">
<msg time="2024-05-30T05:14:27.170366" level="INFO">200</msg>
<arg>${response.status_code}</arg>
<doc>Logs the given message with the given level.</doc>
<status status="PASS" start="2024-05-30T05:14:27.170012" elapsed="0.000402"/>
</kw>
<kw name="Set Variable" owner="BuiltIn">
<msg time="2024-05-30T05:14:27.171198" level="INFO">${json_data} = {'results': [{'gender': 'female', 'name': {'title': 'Ms', 'first': 'Liva', 'last': 'Olsen'}, 'location': {'street': {'number': 5463, 'name': 'Lillegade'}, 'city': 'Gjern', 'state': 'Hovedstaden', 'cou...</msg>
<var>${json_data}</var>
<arg>${response.json()}</arg>
<doc>Returns the given values which can then be assigned to a variables.</doc>
<status status="PASS" start="2024-05-30T05:14:27.170763" elapsed="0.000464"/>
</kw>
<kw name="Dictionary Should Contain Key" owner="Collections">
<msg time="2024-05-30T05:14:27.171700" level="INFO">False</msg>
<arg>${json_data}</arg>
<arg>results</arg>
<doc>Fails if ``key`` is not found from ``dictionary``.</doc>
<status status="PASS" start="2024-05-30T05:14:27.171530" elapsed="0.000209"/>
</kw>
<status status="PASS" start="2024-05-30T05:14:26.998348" elapsed="0.173648"/>
</kw>
<doc>Testa se a API responde corretamente e retorna um objeto JSON válido.</doc>
<tag>testeRequisicaoBasica</tag>
<status status="PASS" start="2024-05-30T05:14:26.997901" elapsed="0.174283"/>
</test>
<test id="s1-s1-t3" name="Validar estrutura de resposta" line="22">
<kw name="Teste de Estrutura de Resposta" owner="random-user-service">
<kw name="GET On Session" owner="RequestsLibrary">
<msg time="2024-05-30T05:14:27.264111" level="INFO">GET Request : url=https://randomuser.me/api 
 path_url=/api 
 headers={'User-Agent': 'python-requests/2.32.3', 'Accept-Encoding': 'gzip, deflate', 'Accept': '*/*', 'Connection': 'keep-alive'} 
 body=None 
 </msg>
<msg time="2024-05-30T05:14:27.264258" level="INFO">GET Response : url=https://randomuser.me/api 
 status=200, reason=OK 
 headers={'Date': 'Thu, 30 May 2024 05:14:27 GMT', 'Content-Type': 'application/json; charset=utf-8', 'Transfer-Encoding': 'chunked', 'Connection': 'keep-alive', 'X-Powered-By': 'Express', 'Access-Control-Allow-Origin': '*', 'Cache-Control': 'no-cache', 'ETag': 'W/"48a-3gswe5MJFWaCee1JgcVAlDtrSDY"', 'Vary': 'Accept-Encoding', 'Content-Encoding': 'gzip', 'CF-Cache-Status': 'DYNAMIC', 'Report-To': '{"endpoints":[{"url":"https:\\/\\/a.nel.cloudflare.com\\/report\\/v4?s=4T%2FreWHWYrP0r%2Fg3HiAqFQ%2FKDEIKSp%2FPTIGFuncUf9f2w3XV266vpEldX1Z%2FL1PeCpMxCB2g%2B0j6b%2Bz%2F2qKi2A8Ybb9hvlaUP36YzTpBiQOxfkjSA82HSCsG%2Fo0cbv97"}],"group":"cf-nel","max_age":604800}', 'NEL': '{"success_fraction":0,"report_to":"cf-nel","max_age":604800}', 'Server': 'cloudflare', 'CF-RAY': '88bc3d9fdf472081-IAD', 'alt-svc': 'h3=":443"; ma=86400'} 
 body={"results":[{"gender":"male","name":{"title":"Mr","first":"August","last":"Mortensen"},"location":{"street":{"number":3018,"name":"Valmuemarken"},"city":"Nykøbing F","state":"Sjælland","country":"Denmark","postcode":18468,"coordinates":{"latitude":"-46.4036","longitude":"-22.2912"},"timezone":{"offset":"+4:00","description":"Abu Dhabi, Muscat, Baku, Tbilisi"}},"email":"august.mortensen@example.com","login":{"uuid":"2894e8b1-ca67-403b-a2be-b6d312af9e80","username":"redtiger746","password":"benjamin","salt":"WPyDcoUk","md5":"6429634e468c62f77fd38e7a195f65c7","sha1":"7313af926d963fa686a81ed4a1306c943e6b5be4","sha256":"4c5a76b9fe67f7dd4652ba84b50208ec1c069f7776f65a60efd51214c9859f14"},"dob":{"date":"1968-09-10T15:14:08.760Z","age":55},"registered":{"date":"2019-03-13T13:37:40.192Z","age":5},"phone":"11696950","cell":"83379896","id":{"name":"CPR","value":"100968-6671"},"picture":{"large":"https://randomuser.me/api/portraits/men/21.jpg","medium":"https://randomuser.me/api/portraits/med/men/21.jpg","thumbnail":"https://randomuser.me/api/portraits/thumb/men/21.jpg"},"nat":"DK"}],"info":{"seed":"06ed91bee9639139","results":1,"page":1,"version":"1.4"}} 
 </msg>
<msg time="2024-05-30T05:14:27.264440" level="INFO">/opt/hostedtoolcache/Python/3.12.3/x64/lib/python3.12/site-packages/urllib3/connectionpool.py:1103: InsecureRequestWarning: Unverified HTTPS request is being made to host 'randomuser.me'. Adding certificate verification is strongly advised. See: https://urllib3.readthedocs.io/en/latest/advanced-usage.html#tls-warnings
  warnings.warn(</msg>
<msg time="2024-05-30T05:14:27.264613" level="INFO">${response} = &lt;Response [200]&gt;</msg>
<var>${response}</var>
<arg>consultarAPI</arg>
<arg>/api</arg>
<doc>Sends a GET request on a previously created HTTP Session.</doc>
<status status="PASS" start="2024-05-30T05:14:27.174863" elapsed="0.089793"/>
</kw>
<kw name="Set Variable" owner="BuiltIn">
<msg time="2024-05-30T05:14:27.265854" level="INFO">${json_data} = {'results': [{'gender': 'male', 'name': {'title': 'Mr', 'first': 'August', 'last': 'Mortensen'}, 'location': {'street': {'number': 3018, 'name': 'Valmuemarken'}, 'city': 'Nykøbing F', 'state': 'Sjælla...</msg>
<var>${json_data}</var>
<arg>${response.json()}</arg>
<doc>Returns the given values which can then be assigned to a variables.</doc>
<status status="PASS" start="2024-05-30T05:14:27.265290" elapsed="0.000596"/>
</kw>
<kw name="Log" owner="BuiltIn">
<msg time="2024-05-30T05:14:27.266370" level="INFO">{'results': [{'gender': 'male', 'name': {'title': 'Mr', 'first': 'August', 'last': 'Mortensen'}, 'location': {'street': {'number': 3018, 'name': 'Valmuemarken'}, 'city': 'Nykøbing F', 'state': 'Sjælland', 'country': 'Denmark', 'postcode': 18468, 'coordinates': {'latitude': '-46.4036', 'longitude': '-22.2912'}, 'timezone': {'offset': '+4:00', 'description': 'Abu Dhabi, Muscat, Baku, Tbilisi'}}, 'email': 'august.mortensen@example.com', 'login': {'uuid': '2894e8b1-ca67-403b-a2be-b6d312af9e80', 'username': 'redtiger746', 'password': 'benjamin', 'salt': 'WPyDcoUk', 'md5': '6429634e468c62f77fd38e7a195f65c7', 'sha1': '7313af926d963fa686a81ed4a1306c943e6b5be4', 'sha256': '4c5a76b9fe67f7dd4652ba84b50208ec1c069f7776f65a60efd51214c9859f14'}, 'dob': {'date': '1968-09-10T15:14:08.760Z', 'age': 55}, 'registered': {'date': '2019-03-13T13:37:40.192Z', 'age': 5}, 'phone': '11696950', 'cell': '83379896', 'id': {'name': 'CPR', 'value': '100968-6671'}, 'picture': {'large': 'https://randomuser.me/api/portraits/men/21.jpg', 'medium': 'https://randomuser.me/api/portraits/med/men/21.jpg', 'thumbnail': 'https://randomuser.me/api/portraits/thumb/men/21.jpg'}, 'nat': 'DK'}], 'info': {'seed': '06ed91bee9639139', 'results': 1, 'page': 1, 'version': '1.4'}}</msg>
<arg>${json_data}</arg>
<doc>Logs the given message with the given level.</doc>
<status status="PASS" start="2024-05-30T05:14:27.266203" elapsed="0.000224"/>
</kw>
<kw name="Dictionary Should Contain Key" owner="Collections">
<msg time="2024-05-30T05:14:27.266926" level="INFO">False</msg>
<arg>${json_data}</arg>
<arg>results</arg>
<doc>Fails if ``key`` is not found from ``dictionary``.</doc>
<status status="PASS" start="2024-05-30T05:14:27.266763" elapsed="0.000201"/>
</kw>
<kw name="Should Not Be Empty" owner="BuiltIn">
<msg time="2024-05-30T05:14:27.267403" level="INFO">Length is 2.</msg>
<arg>${json_data}</arg>
<doc>Verifies that the given item is not empty.</doc>
<status status="PASS" start="2024-05-30T05:14:27.267262" elapsed="0.000180"/>
</kw>
<kw name="Create List" owner="BuiltIn">
<msg time="2024-05-30T05:14:27.268068" level="INFO">${expected_keys} = ['gender', 'name', 'location', 'email', 'login']</msg>
<var>${expected_keys}</var>
<arg>gender</arg>
<arg>name</arg>
<arg>location</arg>
<arg>email</arg>
<arg>login</arg>
<doc>Returns a list containing given items.</doc>
<status status="PASS" start="2024-05-30T05:14:27.267743" elapsed="0.000352"/>
</kw>
<for flavor="IN">
<iter>
<kw name="Dictionary Should Contain Key" owner="Collections">
<msg time="2024-05-30T05:14:27.269094" level="INFO">False</msg>
<arg>${json_data['results'][0]}</arg>
<arg>${key}</arg>
<doc>Fails if ``key`` is not found from ``dictionary``.</doc>
<status status="PASS" start="2024-05-30T05:14:27.268698" elapsed="0.000435"/>
</kw>
<kw name="Log" owner="BuiltIn">
<msg time="2024-05-30T05:14:27.269890" level="INFO">{'gender': 'male', 'name': {'title': 'Mr', 'first': 'August', 'last': 'Mortensen'}, 'location': {'street': {'number': 3018, 'name': 'Valmuemarken'}, 'city': 'Nykøbing F', 'state': 'Sjælland', 'country': 'Denmark', 'postcode': 18468, 'coordinates': {'latitude': '-46.4036', 'longitude': '-22.2912'}, 'timezone': {'offset': '+4:00', 'description': 'Abu Dhabi, Muscat, Baku, Tbilisi'}}, 'email': 'august.mortensen@example.com', 'login': {'uuid': '2894e8b1-ca67-403b-a2be-b6d312af9e80', 'username': 'redtiger746', 'password': 'benjamin', 'salt': 'WPyDcoUk', 'md5': '6429634e468c62f77fd38e7a195f65c7', 'sha1': '7313af926d963fa686a81ed4a1306c943e6b5be4', 'sha256': '4c5a76b9fe67f7dd4652ba84b50208ec1c069f7776f65a60efd51214c9859f14'}, 'dob': {'date': '1968-09-10T15:14:08.760Z', 'age': 55}, 'registered': {'date': '2019-03-13T13:37:40.192Z', 'age': 5}, 'phone': '11696950', 'cell': '83379896', 'id': {'name': 'CPR', 'value': '100968-6671'}, 'picture': {'large': 'https://randomuser.me/api/portraits/men/21.jpg', 'medium': 'https://randomuser.me/api/portraits/med/men/21.jpg', 'thumbnail': 'https://randomuser.me/api/portraits/thumb/men/21.jpg'}, 'nat': 'DK'}</msg>
<arg>${json_data['results'][0]}</arg>
<doc>Logs the given message with the given level.</doc>
<status status="PASS" start="2024-05-30T05:14:27.269434" elapsed="0.000510"/>
</kw>
<kw name="Log" owner="BuiltIn">
<msg time="2024-05-30T05:14:27.270380" level="INFO">gender</msg>
<arg>${key}</arg>
<doc>Logs the given message with the given level.</doc>
<status status="PASS" start="2024-05-30T05:14:27.270248" elapsed="0.000171"/>
</kw>
<var name="${key}">gender</var>
<status status="PASS" start="2024-05-30T05:14:27.268570" elapsed="0.002097"/>
</iter>
<iter>
<kw name="Dictionary Should Contain Key" owner="Collections">
<msg time="2024-05-30T05:14:27.271369" level="INFO">False</msg>
<arg>${json_data['results'][0]}</arg>
<arg>${key}</arg>
<doc>Fails if ``key`` is not found from ``dictionary``.</doc>
<status status="PASS" start="2024-05-30T05:14:27.270973" elapsed="0.000434"/>
</kw>
<kw name="Log" owner="BuiltIn">
<msg time="2024-05-30T05:14:27.272098" level="INFO">{'gender': 'male', 'name': {'title': 'Mr', 'first': 'August', 'last': 'Mortensen'}, 'location': {'street': {'number': 3018, 'name': 'Valmuemarken'}, 'city': 'Nykøbing F', 'state': 'Sjælland', 'country': 'Denmark', 'postcode': 18468, 'coordinates': {'latitude': '-46.4036', 'longitude': '-22.2912'}, 'timezone': {'offset': '+4:00', 'description': 'Abu Dhabi, Muscat, Baku, Tbilisi'}}, 'email': 'august.mortensen@example.com', 'login': {'uuid': '2894e8b1-ca67-403b-a2be-b6d312af9e80', 'username': 'redtiger746', 'password': 'benjamin', 'salt': 'WPyDcoUk', 'md5': '6429634e468c62f77fd38e7a195f65c7', 'sha1': '7313af926d963fa686a81ed4a1306c943e6b5be4', 'sha256': '4c5a76b9fe67f7dd4652ba84b50208ec1c069f7776f65a60efd51214c9859f14'}, 'dob': {'date': '1968-09-10T15:14:08.760Z', 'age': 55}, 'registered': {'date': '2019-03-13T13:37:40.192Z', 'age': 5}, 'phone': '11696950', 'cell': '83379896', 'id': {'name': 'CPR', 'value': '100968-6671'}, 'picture': {'large': 'https://randomuser.me/api/portraits/men/21.jpg', 'medium': 'https://randomuser.me/api/portraits/med/men/21.jpg', 'thumbnail': 'https://randomuser.me/api/portraits/thumb/men/21.jpg'}, 'nat': 'DK'}</msg>
<arg>${json_data['results'][0]}</arg>
<doc>Logs the given message with the given level.</doc>
<status status="PASS" start="2024-05-30T05:14:27.271729" elapsed="0.000419"/>
</kw>
<kw name="Log" owner="BuiltIn">
<msg time="2024-05-30T05:14:27.272575" level="INFO">name</msg>
<arg>${key}</arg>
<doc>Logs the given message with the given level.</doc>
<status status="PASS" start="2024-05-30T05:14:27.272447" elapsed="0.000165"/>
</kw>
<var name="${key}">name</var>
<status status="PASS" start="2024-05-30T05:14:27.270856" elapsed="0.001971"/>
</iter>
<iter>
<kw name="Dictionary Should Contain Key" owner="Collections">
<msg time="2024-05-30T05:14:27.273490" level="INFO">False</msg>
<arg>${json_data['results'][0]}</arg>
<arg>${key}</arg>
<doc>Fails if ``key`` is not found from ``dictionary``.</doc>
<status status="PASS" start="2024-05-30T05:14:27.273116" elapsed="0.000413"/>
</kw>
<kw name="Log" owner="BuiltIn">
<msg time="2024-05-30T05:14:27.274185" level="INFO">{'gender': 'male', 'name': {'title': 'Mr', 'first': 'August', 'last': 'Mortensen'}, 'location': {'street': {'number': 3018, 'name': 'Valmuemarken'}, 'city': 'Nykøbing F', 'state': 'Sjælland', 'country': 'Denmark', 'postcode': 18468, 'coordinates': {'latitude': '-46.4036', 'longitude': '-22.2912'}, 'timezone': {'offset': '+4:00', 'description': 'Abu Dhabi, Muscat, Baku, Tbilisi'}}, 'email': 'august.mortensen@example.com', 'login': {'uuid': '2894e8b1-ca67-403b-a2be-b6d312af9e80', 'username': 'redtiger746', 'password': 'benjamin', 'salt': 'WPyDcoUk', 'md5': '6429634e468c62f77fd38e7a195f65c7', 'sha1': '7313af926d963fa686a81ed4a1306c943e6b5be4', 'sha256': '4c5a76b9fe67f7dd4652ba84b50208ec1c069f7776f65a60efd51214c9859f14'}, 'dob': {'date': '1968-09-10T15:14:08.760Z', 'age': 55}, 'registered': {'date': '2019-03-13T13:37:40.192Z', 'age': 5}, 'phone': '11696950', 'cell': '83379896', 'id': {'name': 'CPR', 'value': '100968-6671'}, 'picture': {'large': 'https://randomuser.me/api/portraits/men/21.jpg', 'medium': 'https://randomuser.me/api/portraits/med/men/21.jpg', 'thumbnail': 'https://randomuser.me/api/portraits/thumb/men/21.jpg'}, 'nat': 'DK'}</msg>
<arg>${json_data['results'][0]}</arg>
<doc>Logs the given message with the given level.</doc>
<status status="PASS" start="2024-05-30T05:14:27.273823" elapsed="0.000412"/>
</kw>
<kw name="Log" owner="BuiltIn">
<msg time="2024-05-30T05:14:27.274744" level="INFO">location</msg>
<arg>${key}</arg>
<doc>Logs the given message with the given level.</doc>
<status status="PASS" start="2024-05-30T05:14:27.274609" elapsed="0.000173"/>
</kw>
<var name="${key}">location</var>
<status status="PASS" start="2024-05-30T05:14:27.273004" elapsed="0.001997"/>
</iter>
<iter>
<kw name="Dictionary Should Contain Key" owner="Collections">
<msg time="2024-05-30T05:14:27.275664" level="INFO">False</msg>
<arg>${json_data['results'][0]}</arg>
<arg>${key}</arg>
<doc>Fails if ``key`` is not found from ``dictionary``.</doc>
<status status="PASS" start="2024-05-30T05:14:27.275285" elapsed="0.000416"/>
</kw>
<kw name="Log" owner="BuiltIn">
<msg time="2024-05-30T05:14:27.276354" level="INFO">{'gender': 'male', 'name': {'title': 'Mr', 'first': 'August', 'last': 'Mortensen'}, 'location': {'street': {'number': 3018, 'name': 'Valmuemarken'}, 'city': 'Nykøbing F', 'state': 'Sjælland', 'country': 'Denmark', 'postcode': 18468, 'coordinates': {'latitude': '-46.4036', 'longitude': '-22.2912'}, 'timezone': {'offset': '+4:00', 'description': 'Abu Dhabi, Muscat, Baku, Tbilisi'}}, 'email': 'august.mortensen@example.com', 'login': {'uuid': '2894e8b1-ca67-403b-a2be-b6d312af9e80', 'username': 'redtiger746', 'password': 'benjamin', 'salt': 'WPyDcoUk', 'md5': '6429634e468c62f77fd38e7a195f65c7', 'sha1': '7313af926d963fa686a81ed4a1306c943e6b5be4', 'sha256': '4c5a76b9fe67f7dd4652ba84b50208ec1c069f7776f65a60efd51214c9859f14'}, 'dob': {'date': '1968-09-10T15:14:08.760Z', 'age': 55}, 'registered': {'date': '2019-03-13T13:37:40.192Z', 'age': 5}, 'phone': '11696950', 'cell': '83379896', 'id': {'name': 'CPR', 'value': '100968-6671'}, 'picture': {'large': 'https://randomuser.me/api/portraits/men/21.jpg', 'medium': 'https://randomuser.me/api/portraits/med/men/21.jpg', 'thumbnail': 'https://randomuser.me/api/portraits/thumb/men/21.jpg'}, 'nat': 'DK'}</msg>
<arg>${json_data['results'][0]}</arg>
<doc>Logs the given message with the given level.</doc>
<status status="PASS" start="2024-05-30T05:14:27.275993" elapsed="0.000411"/>
</kw>
<kw name="Log" owner="BuiltIn">
<msg time="2024-05-30T05:14:27.276827" level="INFO">email</msg>
<arg>${key}</arg>
<doc>Logs the given message with the given level.</doc>
<status status="PASS" start="2024-05-30T05:14:27.276699" elapsed="0.000166"/>
</kw>
<var name="${key}">email</var>
<status status="PASS" start="2024-05-30T05:14:27.275172" elapsed="0.001911"/>
</iter>
<iter>
<kw name="Dictionary Should Contain Key" owner="Collections">
<msg time="2024-05-30T05:14:27.277749" level="INFO">False</msg>
<arg>${json_data['results'][0]}</arg>
<arg>${key}</arg>
<doc>Fails if ``key`` is not found from ``dictionary``.</doc>
<status status="PASS" start="2024-05-30T05:14:27.277363" elapsed="0.000423"/>
</kw>
<kw name="Log" owner="BuiltIn">
<msg time="2024-05-30T05:14:27.278451" level="INFO">{'gender': 'male', 'name': {'title': 'Mr', 'first': 'August', 'last': 'Mortensen'}, 'location': {'street': {'number': 3018, 'name': 'Valmuemarken'}, 'city': 'Nykøbing F', 'state': 'Sjælland', 'country': 'Denmark', 'postcode': 18468, 'coordinates': {'latitude': '-46.4036', 'longitude': '-22.2912'}, 'timezone': {'offset': '+4:00', 'description': 'Abu Dhabi, Muscat, Baku, Tbilisi'}}, 'email': 'august.mortensen@example.com', 'login': {'uuid': '2894e8b1-ca67-403b-a2be-b6d312af9e80', 'username': 'redtiger746', 'password': 'benjamin', 'salt': 'WPyDcoUk', 'md5': '6429634e468c62f77fd38e7a195f65c7', 'sha1': '7313af926d963fa686a81ed4a1306c943e6b5be4', 'sha256': '4c5a76b9fe67f7dd4652ba84b50208ec1c069f7776f65a60efd51214c9859f14'}, 'dob': {'date': '1968-09-10T15:14:08.760Z', 'age': 55}, 'registered': {'date': '2019-03-13T13:37:40.192Z', 'age': 5}, 'phone': '11696950', 'cell': '83379896', 'id': {'name': 'CPR', 'value': '100968-6671'}, 'picture': {'large': 'https://randomuser.me/api/portraits/men/21.jpg', 'medium': 'https://randomuser.me/api/portraits/med/men/21.jpg', 'thumbnail': 'https://randomuser.me/api/portraits/thumb/men/21.jpg'}, 'nat': 'DK'}</msg>
<arg>${json_data['results'][0]}</arg>
<doc>Logs the given message with the given level.</doc>
<status status="PASS" start="2024-05-30T05:14:27.278083" elapsed="0.000427"/>
</kw>
<kw name="Log" owner="BuiltIn">
<msg time="2024-05-30T05:14:27.278977" level="INFO">login</msg>
<arg>${key}</arg>
<doc>Logs the given message with the given level.</doc>
<status status="PASS" start="2024-05-30T05:14:27.278849" elapsed="0.000167"/>
</kw>
<var name="${key}">login</var>
<status status="PASS" start="2024-05-30T05:14:27.277254" elapsed="0.001999"/>
</iter>
<var>${key}</var>
<value>@{expected_keys}</value>
<status status="PASS" start="2024-05-30T05:14:27.268365" elapsed="0.011014"/>
</for>
<kw name="Create List" owner="BuiltIn">
<msg time="2024-05-30T05:14:27.279789" level="INFO">${expected_keysTwo} = ['username', 'password']</msg>
<var>${expected_keysTwo}</var>
<arg>username</arg>
<arg>password</arg>
<doc>Returns a list containing given items.</doc>
<status status="PASS" start="2024-05-30T05:14:27.279647" elapsed="0.000166"/>
</kw>
<for flavor="IN">
<iter>
<kw name="Dictionary Should Contain Key" owner="Collections">
<msg time="2024-05-30T05:14:27.280712" level="INFO">False</msg>
<arg>${json_data['results'][0]['login']}</arg>
<arg>${keyTwo}</arg>
<doc>Fails if ``key`` is not found from ``dictionary``.</doc>
<status status="PASS" start="2024-05-30T05:14:27.280329" elapsed="0.000419"/>
</kw>
<kw name="Dictionary Should Contain Key" owner="Collections">
<msg time="2024-05-30T05:14:27.281452" level="INFO">False</msg>
<arg>${json_data['results'][0]['login']}</arg>
<arg>${keyTwo}</arg>
<doc>Fails if ``key`` is not found from ``dictionary``.</doc>
<status status="PASS" start="2024-05-30T05:14:27.281065" elapsed="0.000425"/>
</kw>
<kw name="Log" owner="BuiltIn">
<msg time="2024-05-30T05:14:27.281912" level="INFO">username</msg>
<arg>${keyTwo}</arg>
<doc>Logs the given message with the given level.</doc>
<status status="PASS" start="2024-05-30T05:14:27.281780" elapsed="0.000170"/>
</kw>
<var name="${keyTwo}">username</var>
<status status="PASS" start="2024-05-30T05:14:27.280219" elapsed="0.001949"/>
</iter>
<iter>
<kw name="Dictionary Should Contain Key" owner="Collections">
<msg time="2024-05-30T05:14:27.282864" level="INFO">False</msg>
<arg>${json_data['results'][0]['login']}</arg>
<arg>${keyTwo}</arg>
<doc>Fails if ``key`` is not found from ``dictionary``.</doc>
<status status="PASS" start="2024-05-30T05:14:27.282451" elapsed="0.000452"/>
</kw>
<kw name="Dictionary Should Contain Key" owner="Collections">
<msg time="2024-05-30T05:14:27.283667" level="INFO">False</msg>
<arg>${json_data['results'][0]['login']}</arg>
<arg>${keyTwo}</arg>
<doc>Fails if ``key`` is not found from ``dictionary``.</doc>
<status status="PASS" start="2024-05-30T05:14:27.283201" elapsed="0.000527"/>
</kw>
<kw name="Log" owner="BuiltIn">
<msg time="2024-05-30T05:14:27.284167" level="INFO">password</msg>
<arg>${keyTwo}</arg>
<doc>Logs the given message with the given level.</doc>
<status status="PASS" start="2024-05-30T05:14:27.284037" elapsed="0.000168"/>
</kw>
<var name="${keyTwo}">password</var>
<status status="PASS" start="2024-05-30T05:14:27.282336" elapsed="0.002183"/>
</iter>
<var>${keyTwo}</var>
<value>@{expected_keysTwo}</value>
<status status="PASS" start="2024-05-30T05:14:27.280063" elapsed="0.004621"/>
</for>
<status status="PASS" start="2024-05-30T05:14:27.174620" elapsed="0.110284"/>
</kw>
<doc>Testa a estrutura da resposta da API.</doc>
<tag>testeEstruturaResposta</tag>
<status status="PASS" start="2024-05-30T05:14:27.174063" elapsed="0.111086"/>
</test>
<test id="s1-s1-t4" name="Validar tipos de dados" line="28">
<kw name="Teste de Tipos de Dados" owner="random-user-service">
<kw name="GET On Session" owner="RequestsLibrary">
<msg time="2024-05-30T05:14:27.367414" level="INFO">GET Request : url=https://randomuser.me/api 
 path_url=/api 
 headers={'User-Agent': 'python-requests/2.32.3', 'Accept-Encoding': 'gzip, deflate', 'Accept': '*/*', 'Connection': 'keep-alive'} 
 body=None 
 </msg>
<msg time="2024-05-30T05:14:27.367529" level="INFO">GET Response : url=https://randomuser.me/api 
 status=200, reason=OK 
 headers={'Date': 'Thu, 30 May 2024 05:14:27 GMT', 'Content-Type': 'application/json; charset=utf-8', 'Transfer-Encoding': 'chunked', 'Connection': 'keep-alive', 'X-Powered-By': 'Express', 'Access-Control-Allow-Origin': '*', 'Cache-Control': 'no-cache', 'ETag': 'W/"49c-aFsc3d7z4tSCsqQd0uOeMfGEjM0"', 'Vary': 'Accept-Encoding', 'Content-Encoding': 'gzip', 'CF-Cache-Status': 'DYNAMIC', 'Report-To': '{"endpoints":[{"url":"https:\\/\\/a.nel.cloudflare.com\\/report\\/v4?s=ZVQDSAuYD3xH1feLfo51Dt87DXPVsKkVOXflHGuPcb38OqbiZG1tlr3z7lmK0YJhSqknzy0e4IIOcJlEVZtniCF8y%2BpB8AvhYWZLHWCiyOGyymHFJSYLMyOKuGIj28rP"}],"group":"cf-nel","max_age":604800}', 'NEL': '{"success_fraction":0,"report_to":"cf-nel","max_age":604800}', 'Server': 'cloudflare', 'CF-RAY': '88bc3da08fcf2081-IAD', 'alt-svc': 'h3=":443"; ma=86400'} 
 body={"results":[{"gender":"male","name":{"title":"Mr","first":"Eino","last":"Kemppainen"},"location":{"street":{"number":2995,"name":"Hatanpään Valtatie"},"city":"Kankaanpää","state":"Kymenlaakso","country":"Finland","postcode":98911,"coordinates":{"latitude":"-25.2261","longitude":"-1.4892"},"timezone":{"offset":"-11:00","description":"Midway Island, Samoa"}},"email":"eino.kemppainen@example.com","login":{"uuid":"4404233f-1f2f-413a-add6-98dcbd33b09e","username":"ticklishgorilla626","password":"stripper","salt":"f7l9gmNy","md5":"500292039be667305bff9952f644483f","sha1":"01a893a112c32657756aadf840b2e8417d8e926f","sha256":"bbb35c0e7bf99bdfe8337ff2e0fced65351c2a2409e152ea10a111cd99be1cfe"},"dob":{"date":"1974-09-09T11:42:53.019Z","age":49},"registered":{"date":"2019-08-29T23:15:21.914Z","age":4},"phone":"07-811-706","cell":"048-189-68-67","id":{"name":"HETU","value":"NaNNA181undefined"},"picture":{"large":"https://randomuser.me/api/portraits/men/80.jpg","medium":"https://randomuser.me/api/portraits/med/men/80.jpg","thumbnail":"https://randomuser.me/api/portraits/thumb/men/80.jpg"},"nat":"FI"}],"info":{"seed":"21eb8d19869d6604","results":1,"page":1,"version":"1.4"}} 
 </msg>
<msg time="2024-05-30T05:14:27.367607" level="INFO">/opt/hostedtoolcache/Python/3.12.3/x64/lib/python3.12/site-packages/urllib3/connectionpool.py:1103: InsecureRequestWarning: Unverified HTTPS request is being made to host 'randomuser.me'. Adding certificate verification is strongly advised. See: https://urllib3.readthedocs.io/en/latest/advanced-usage.html#tls-warnings
  warnings.warn(</msg>
<msg time="2024-05-30T05:14:27.367744" level="INFO">${response} = &lt;Response [200]&gt;</msg>
<var>${response}</var>
<arg>consultarAPI</arg>
<arg>/api</arg>
<doc>Sends a GET request on a previously created HTTP Session.</doc>
<status status="PASS" start="2024-05-30T05:14:27.287692" elapsed="0.080096"/>
</kw>
<kw name="Set Variable" owner="BuiltIn">
<msg time="2024-05-30T05:14:27.369073" level="INFO">${json_data} = {'results': [{'gender': 'male', 'name': {'title': 'Mr', 'first': 'Eino', 'last': 'Kemppainen'}, 'location': {'street': {'number': 2995, 'name': 'Hatanpään Valtatie'}, 'city': 'Kankaanpää', 'state': 'K...</msg>
<var>${json_data}</var>
<arg>${response.json()}</arg>
<doc>Returns the given values which can then be assigned to a variables.</doc>
<status status="PASS" start="2024-05-30T05:14:27.368483" elapsed="0.000620"/>
</kw>
<kw name="Log" owner="BuiltIn">
<msg time="2024-05-30T05:14:27.369580" level="INFO">{'results': [{'gender': 'male', 'name': {'title': 'Mr', 'first': 'Eino', 'last': 'Kemppainen'}, 'location': {'street': {'number': 2995, 'name': 'Hatanpään Valtatie'}, 'city': 'Kankaanpää', 'state': 'Kymenlaakso', 'country': 'Finland', 'postcode': 98911, 'coordinates': {'latitude': '-25.2261', 'longitude': '-1.4892'}, 'timezone': {'offset': '-11:00', 'description': 'Midway Island, Samoa'}}, 'email': 'eino.kemppainen@example.com', 'login': {'uuid': '4404233f-1f2f-413a-add6-98dcbd33b09e', 'username': 'ticklishgorilla626', 'password': 'stripper', 'salt': 'f7l9gmNy', 'md5': '500292039be667305bff9952f644483f', 'sha1': '01a893a112c32657756aadf840b2e8417d8e926f', 'sha256': 'bbb35c0e7bf99bdfe8337ff2e0fced65351c2a2409e152ea10a111cd99be1cfe'}, 'dob': {'date': '1974-09-09T11:42:53.019Z', 'age': 49}, 'registered': {'date': '2019-08-29T23:15:21.914Z', 'age': 4}, 'phone': '07-811-706', 'cell': '048-189-68-67', 'id': {'name': 'HETU', 'value': 'NaNNA181undefined'}, 'picture': {'large': 'https://randomuser.me/api/portraits/men/80.jpg', 'medium': 'https://randomuser.me/api/portraits/med/men/80.jpg', 'thumbnail': 'https://randomuser.me/api/portraits/thumb/men/80.jpg'}, 'nat': 'FI'}], 'info': {'seed': '21eb8d19869d6604', 'results': 1, 'page': 1, 'version': '1.4'}}</msg>
<arg>${json_data}</arg>
<doc>Logs the given message with the given level.</doc>
<status status="PASS" start="2024-05-30T05:14:27.369418" elapsed="0.000248"/>
</kw>
<kw name="Should Be String" owner="String">
<arg>${json_data['results'][0]['gender']}</arg>
<doc>Fails if the given ``item`` is not a string.</doc>
<status status="PASS" start="2024-05-30T05:14:27.369968" elapsed="0.000366"/>
</kw>
<kw name="Should Match Regexp" owner="BuiltIn">
<arg>${json_data['results'][0]['email']}</arg>
<arg>^[a-zA-Z0-9._%+-]+@[a-zA-Z0-9.-]+\.[a-zA-Z]{2,}$</arg>
<doc>Fails if ``string`` does not match ``pattern`` as a regular expression.</doc>
<status status="PASS" start="2024-05-30T05:14:27.370567" elapsed="0.000537"/>
</kw>
<kw name="Should Match Regexp" owner="BuiltIn">
<arg>${json_data['results'][0]['dob']['date']}</arg>
<arg>\\d{4}-\\d{2}-\\d{2}T\\d{2}:\\d{2}:\\d{2}\\.\\d{3}Z</arg>
<doc>Fails if ``string`` does not match ``pattern`` as a regular expression.</doc>
<status status="PASS" start="2024-05-30T05:14:27.371302" elapsed="0.000496"/>
</kw>
<kw name="Should Match Regexp" owner="BuiltIn">
<arg>${json_data['results'][0]['registered']['date']}</arg>
<arg>\\d{4}-\\d{2}-\\d{2}T\\d{2}:\\d{2}:\\d{2}\\.\\d{3}Z</arg>
<doc>Fails if ``string`` does not match ``pattern`` as a regular expression.</doc>
<status status="PASS" start="2024-05-30T05:14:27.371989" elapsed="0.000365"/>
</kw>
<kw name="Should Match Regexp" owner="BuiltIn">
<arg>${json_data['results'][0]['picture']['large']}</arg>
<arg>^https?://.*\.(?:png|jpe?g|gif|bmp)$</arg>
<doc>Fails if ``string`` does not match ``pattern`` as a regular expression.</doc>
<status status="PASS" start="2024-05-30T05:14:27.372543" elapsed="0.000463"/>
</kw>
<kw name="Should Match Regexp" owner="BuiltIn">
<arg>${json_data['results'][0]['picture']['medium']}</arg>
<arg>^https?://.*\.(?:png|jpe?g|gif|bmp)$</arg>
<doc>Fails if ``string`` does not match ``pattern`` as a regular expression.</doc>
<status status="PASS" start="2024-05-30T05:14:27.373198" elapsed="0.000351"/>
</kw>
<kw name="Should Match Regexp" owner="BuiltIn">
<arg>${json_data['results'][0]['picture']['thumbnail']}</arg>
<arg>^https?://.*\.(?:png|jpe?g|gif|bmp)$</arg>
<doc>Fails if ``string`` does not match ``pattern`` as a regular expression.</doc>
<status status="PASS" start="2024-05-30T05:14:27.373734" elapsed="0.000344"/>
</kw>
<kw name="Log" owner="BuiltIn">
<msg time="2024-05-30T05:14:27.374611" level="INFO">{'large': 'https://randomuser.me/api/portraits/men/80.jpg', 'medium': 'https://randomuser.me/api/portraits/med/men/80.jpg', 'thumbnail': 'https://randomuser.me/api/portraits/thumb/men/80.jpg'}</msg>
<arg>${json_data['results'][0]['picture']}</arg>
<doc>Logs the given message with the given level.</doc>
<status status="PASS" start="2024-05-30T05:14:27.374267" elapsed="0.000387"/>
</kw>
<status status="PASS" start="2024-05-30T05:14:27.287460" elapsed="0.087460"/>
</kw>
<kw name="Teste de Tipos de Dados - Postcode" owner="random-user-service">
<kw name="GET On Session" owner="RequestsLibrary">
<msg time="2024-05-30T05:14:27.464126" level="INFO">GET Request : url=https://randomuser.me/api 
 path_url=/api 
 headers={'User-Agent': 'python-requests/2.32.3', 'Accept-Encoding': 'gzip, deflate', 'Accept': '*/*', 'Connection': 'keep-alive'} 
 body=None 
 </msg>
<msg time="2024-05-30T05:14:27.464242" level="INFO">GET Response : url=https://randomuser.me/api 
 status=200, reason=OK 
 headers={'Date': 'Thu, 30 May 2024 05:14:27 GMT', 'Content-Type': 'application/json; charset=utf-8', 'Transfer-Encoding': 'chunked', 'Connection': 'keep-alive', 'X-Powered-By': 'Express', 'Access-Control-Allow-Origin': '*', 'Cache-Control': 'no-cache', 'ETag': 'W/"49a-5Uihg15tpWwkMQlH9ScPmaSBEAY"', 'Vary': 'Accept-Encoding', 'Content-Encoding': 'gzip', 'CF-Cache-Status': 'DYNAMIC', 'Report-To': '{"endpoints":[{"url":"https:\\/\\/a.nel.cloudflare.com\\/report\\/v4?s=lV%2BXpMByEkUBhHvTMgwYJXZGBRagMlhMHVk%2BxvZ6wQxLW2Nx1KPSTIzqfvkmUavYDd4cYsqIp4xSgVs%2BhIESMwpoCoyxiF%2B1s4FXFGVcTrn%2Br%2FsQxq8Jp0LetbupPGNm"}],"group":"cf-nel","max_age":604800}', 'NEL': '{"success_fraction":0,"report_to":"cf-nel","max_age":604800}', 'Server': 'cloudflare', 'CF-RAY': '88bc3da1184a2081-IAD', 'alt-svc': 'h3=":443"; ma=86400'} 
 body={"results":[{"gender":"male","name":{"title":"Mr","first":"Ryan","last":"Lecomte"},"location":{"street":{"number":4608,"name":"Rue Cyrus-Hugues"},"city":"Toulon","state":"Cantal","country":"France","postcode":29884,"coordinates":{"latitude":"-16.5561","longitude":"-77.7984"},"timezone":{"offset":"+5:00","description":"Ekaterinburg, Islamabad, Karachi, Tashkent"}},"email":"ryan.lecomte@example.com","login":{"uuid":"d8b77e23-e2e2-4653-ae7c-84542a5610a0","username":"lazyrabbit587","password":"tools","salt":"3k6jzwoN","md5":"3089826b3b8966f32ccc00d5c3a6e922","sha1":"37a5c89c82e84889deca3bcec8b4bddf677dcc6c","sha256":"1256200a0f52eda1536717ebad6326be1300dcd3761769d33d22f68a44fa8460"},"dob":{"date":"1959-02-26T13:51:32.628Z","age":65},"registered":{"date":"2009-08-02T15:48:20.988Z","age":14},"phone":"01-63-40-06-06","cell":"06-13-04-29-25","id":{"name":"INSEE","value":"1590103932584 72"},"picture":{"large":"https://randomuser.me/api/portraits/men/26.jpg","medium":"https://randomuser.me/api/portraits/med/men/26.jpg","thumbnail":"https://randomuser.me/api/portraits/thumb/men/26.jpg"},"nat":"FR"}],"info":{"seed":"7b8d2820726403da","results":1,"page":1,"version":"1.4"}} 
 </msg>
<msg time="2024-05-30T05:14:27.464330" level="INFO">/opt/hostedtoolcache/Python/3.12.3/x64/lib/python3.12/site-packages/urllib3/connectionpool.py:1103: InsecureRequestWarning: Unverified HTTPS request is being made to host 'randomuser.me'. Adding certificate verification is strongly advised. See: https://urllib3.readthedocs.io/en/latest/advanced-usage.html#tls-warnings
  warnings.warn(</msg>
<msg time="2024-05-30T05:14:27.464469" level="INFO">${response} = &lt;Response [200]&gt;</msg>
<var>${response}</var>
<arg>consultarAPI</arg>
<arg>/api</arg>
<doc>Sends a GET request on a previously created HTTP Session.</doc>
<status status="PASS" start="2024-05-30T05:14:27.375392" elapsed="0.089129"/>
</kw>
<kw name="Set Variable" owner="BuiltIn">
<msg time="2024-05-30T05:14:27.465635" level="INFO">${json_data} = {'results': [{'gender': 'male', 'name': {'title': 'Mr', 'first': 'Ryan', 'last': 'Lecomte'}, 'location': {'street': {'number': 4608, 'name': 'Rue Cyrus-Hugues'}, 'city': 'Toulon', 'state': 'Cantal', '...</msg>
<var>${json_data}</var>
<arg>${response.json()}</arg>
<doc>Returns the given values which can then be assigned to a variables.</doc>
<status status="PASS" start="2024-05-30T05:14:27.465076" elapsed="0.000588"/>
</kw>
<kw name="Log" owner="BuiltIn">
<msg time="2024-05-30T05:14:27.466136" level="INFO">{'results': [{'gender': 'male', 'name': {'title': 'Mr', 'first': 'Ryan', 'last': 'Lecomte'}, 'location': {'street': {'number': 4608, 'name': 'Rue Cyrus-Hugues'}, 'city': 'Toulon', 'state': 'Cantal', 'country': 'France', 'postcode': 29884, 'coordinates': {'latitude': '-16.5561', 'longitude': '-77.7984'}, 'timezone': {'offset': '+5:00', 'description': 'Ekaterinburg, Islamabad, Karachi, Tashkent'}}, 'email': 'ryan.lecomte@example.com', 'login': {'uuid': 'd8b77e23-e2e2-4653-ae7c-84542a5610a0', 'username': 'lazyrabbit587', 'password': 'tools', 'salt': '3k6jzwoN', 'md5': '3089826b3b8966f32ccc00d5c3a6e922', 'sha1': '37a5c89c82e84889deca3bcec8b4bddf677dcc6c', 'sha256': '1256200a0f52eda1536717ebad6326be1300dcd3761769d33d22f68a44fa8460'}, 'dob': {'date': '1959-02-26T13:51:32.628Z', 'age': 65}, 'registered': {'date': '2009-08-02T15:48:20.988Z', 'age': 14}, 'phone': '01-63-40-06-06', 'cell': '06-13-04-29-25', 'id': {'name': 'INSEE', 'value': '1590103932584 72'}, 'picture': {'large': 'https://randomuser.me/api/portraits/men/26.jpg', 'medium': 'https://randomuser.me/api/portraits/med/men/26.jpg', 'thumbnail': 'https://randomuser.me/api/portraits/thumb/men/26.jpg'}, 'nat': 'FR'}], 'info': {'seed': '7b8d2820726403da', 'results': 1, 'page': 1, 'version': '1.4'}}</msg>
<arg>${json_data}</arg>
<doc>Logs the given message with the given level.</doc>
<status status="PASS" start="2024-05-30T05:14:27.465979" elapsed="0.000244"/>
</kw>
<kw name="Should Be Equal As Numbers" owner="BuiltIn">
<arg>${json_data['results'][0]['location']['postcode']}</arg>
<arg>${json_data['results'][0]['location']['postcode']}</arg>
<doc>Fails if objects are unequal after converting them to real numbers.</doc>
<status status="PASS" start="2024-05-30T05:14:27.466573" elapsed="0.000830"/>
</kw>
<kw name="Log" owner="BuiltIn">
<msg time="2024-05-30T05:14:27.467946" level="INFO">29884</msg>
<arg>${json_data['results'][0]['location']['postcode']}</arg>
<doc>Logs the given message with the given level.</doc>
<status status="PASS" start="2024-05-30T05:14:27.467606" elapsed="0.000381"/>
</kw>
<status status="PASS" start="2024-05-30T05:14:27.375157" elapsed="0.093092"/>
</kw>
<doc>Testa se os tipos de dados na resposta da API estão corretos.</doc>
<tag>testeTiposDados</tag>
<status status="PASS" start="2024-05-30T05:14:27.286988" elapsed="0.181435"/>
</test>
<test id="s1-s1-t5" name="Validar conteudo" line="35">
<kw name="Teste de Tipos de Conteudo" owner="random-user-service">
<kw name="GET On Session" owner="RequestsLibrary">
<msg time="2024-05-30T05:14:27.564280" level="INFO">GET Request : url=https://randomuser.me/api 
 path_url=/api 
 headers={'User-Agent': 'python-requests/2.32.3', 'Accept-Encoding': 'gzip, deflate', 'Accept': '*/*', 'Connection': 'keep-alive'} 
 body=None 
 </msg>
<msg time="2024-05-30T05:14:27.564383" level="INFO">GET Response : url=https://randomuser.me/api 
 status=200, reason=OK 
 headers={'Date': 'Thu, 30 May 2024 05:14:27 GMT', 'Content-Type': 'application/json; charset=utf-8', 'Transfer-Encoding': 'chunked', 'Connection': 'keep-alive', 'X-Powered-By': 'Express', 'Access-Control-Allow-Origin': '*', 'Cache-Control': 'no-cache', 'ETag': 'W/"4ac-qXd7kCKgsNAXE4uD7jhOmiRLbAE"', 'Vary': 'Accept-Encoding', 'Content-Encoding': 'gzip', 'CF-Cache-Status': 'DYNAMIC', 'Report-To': '{"endpoints":[{"url":"https:\\/\\/a.nel.cloudflare.com\\/report\\/v4?s=QX0q7xnBgp7Vov4%2FkmTbtM%2BDdIlVVcjg1Ufmylwt6O6WxLhsDWQnmkZo9KxobAeXBiaw9fW26Q%2BZLm2JtUUeUaC4ASlqW0gq%2BP6Zcix8nJohq3T032iCUvDPW7taUYPF"}],"group":"cf-nel","max_age":604800}', 'NEL': '{"success_fraction":0,"report_to":"cf-nel","max_age":604800}', 'Server': 'cloudflare', 'CF-RAY': '88bc3da1b8f32081-IAD', 'alt-svc': 'h3=":443"; ma=86400'} 
 body={"results":[{"gender":"female","name":{"title":"Miss","first":"Viivi","last":"Tikkanen"},"location":{"street":{"number":4494,"name":"Suvantokatu"},"city":"Pyhtää","state":"Northern Ostrobothnia","country":"Finland","postcode":31950,"coordinates":{"latitude":"-24.3968","longitude":"83.6299"},"timezone":{"offset":"+3:00","description":"Baghdad, Riyadh, Moscow, St. Petersburg"}},"email":"viivi.tikkanen@example.com","login":{"uuid":"fe287da6-3e7a-41a3-b0e7-ba3044ec72fd","username":"heavypanda713","password":"tracy","salt":"7DPeOmTa","md5":"4fb3d47531ec80516968c23be9560c9b","sha1":"8f35612575b7b15eb1e2b737b209269e90c7daa7","sha256":"a2c3811cb2c32134b3b8b717b2b6c69eff6973eaa01d9e817dffd52929b6095f"},"dob":{"date":"1958-02-14T22:51:32.001Z","age":66},"registered":{"date":"2002-05-21T04:52:23.809Z","age":22},"phone":"04-974-198","cell":"044-478-13-63","id":{"name":"HETU","value":"NaNNA590undefined"},"picture":{"large":"https://randomuser.me/api/portraits/women/29.jpg","medium":"https://randomuser.me/api/portraits/med/women/29.jpg","thumbnail":"https://randomuser.me/api/portraits/thumb/women/29.jpg"},"nat":"FI"}],"info":{"seed":"ba94260fb53c2064","results":1,"page":1,"version":"1.4"}} 
 </msg>
<msg time="2024-05-30T05:14:27.564457" level="INFO">/opt/hostedtoolcache/Python/3.12.3/x64/lib/python3.12/site-packages/urllib3/connectionpool.py:1103: InsecureRequestWarning: Unverified HTTPS request is being made to host 'randomuser.me'. Adding certificate verification is strongly advised. See: https://urllib3.readthedocs.io/en/latest/advanced-usage.html#tls-warnings
  warnings.warn(</msg>
<msg time="2024-05-30T05:14:27.564590" level="INFO">${response} = &lt;Response [200]&gt;</msg>
<var>${response}</var>
<arg>consultarAPI</arg>
<arg>/api</arg>
<doc>Sends a GET request on a previously created HTTP Session.</doc>
<status status="PASS" start="2024-05-30T05:14:27.470932" elapsed="0.093698"/>
</kw>
<kw name="Set Variable" owner="BuiltIn">
<msg time="2024-05-30T05:14:27.565846" level="INFO">${json_data} = {'results': [{'gender': 'female', 'name': {'title': 'Miss', 'first': 'Viivi', 'last': 'Tikkanen'}, 'location': {'street': {'number': 4494, 'name': 'Suvantokatu'}, 'city': 'Pyhtää', 'state': 'Northern ...</msg>
<var>${json_data}</var>
<arg>${response.json()}</arg>
<doc>Returns the given values which can then be assigned to a variables.</doc>
<status status="PASS" start="2024-05-30T05:14:27.565277" elapsed="0.000600"/>
</kw>
<kw name="Set Variable" owner="BuiltIn">
<msg time="2024-05-30T05:14:27.566601" level="INFO">${name_title} = Miss</msg>
<var>${name_title}</var>
<arg>${json_data["results"][0]["name"]["title"]}</arg>
<doc>Returns the given values which can then be assigned to a variables.</doc>
<status status="PASS" start="2024-05-30T05:14:27.566184" elapsed="0.000444"/>
</kw>
<kw name="Create List" owner="BuiltIn">
<msg time="2024-05-30T05:14:27.567086" level="INFO">${allowed_titles} = ['Mr', 'Ms', 'Miss', 'Mrs', 'Madame', 'Monsieur']</msg>
<var>${allowed_titles}</var>
<arg>Mr</arg>
<arg>Ms</arg>
<arg>Miss</arg>
<arg>Mrs</arg>
<arg>Madame</arg>
<arg>Monsieur</arg>
<doc>Returns a list containing given items.</doc>
<status status="PASS" start="2024-05-30T05:14:27.566936" elapsed="0.000174"/>
</kw>
<kw name="List Should Contain Value" owner="Collections">
<msg time="2024-05-30T05:14:27.567596" level="INFO">False</msg>
<arg>${allowed_titles}</arg>
<arg>${name_title}</arg>
<doc>Fails if the ``value`` is not found from ``list``.</doc>
<status status="PASS" start="2024-05-30T05:14:27.567416" elapsed="0.000217"/>
</kw>
<kw name="Set Variable" owner="BuiltIn">
<msg time="2024-05-30T05:14:27.568289" level="INFO">${name_country} = FI</msg>
<var>${name_country}</var>
<arg>${json_data["results"][0]["nat"]}</arg>
<doc>Returns the given values which can then be assigned to a variables.</doc>
<status status="PASS" start="2024-05-30T05:14:27.567917" elapsed="0.000397"/>
</kw>
<kw name="Create List" owner="BuiltIn">
<msg time="2024-05-30T05:14:27.569205" level="INFO">${list_country} = ['AD', 'AE', 'AF', 'AG', 'AI', 'AL', 'AM', 'AO', 'AQ', 'AR', 'AS', 'AT', 'AU', 'AW', 'AX', 'AZ', 'BA', 'BB', 'BD', 'BE', 'BF', 'BG', 'BH', 'BI', 'BJ', 'BL', 'BM', 'BN', 'BO', 'BQ', 'BR', 'BS', 'BT', '...</msg>
<var>${list_country}</var>
<arg>AD</arg>
<arg>AE</arg>
<arg>AF</arg>
<arg>AG</arg>
<arg>AI</arg>
<arg>AL</arg>
<arg>AM</arg>
<arg>AO</arg>
<arg>AQ</arg>
<arg>AR</arg>
<arg>AS</arg>
<arg>AT</arg>
<arg>AU</arg>
<arg>AW</arg>
<arg>AX</arg>
<arg>AZ</arg>
<arg>BA</arg>
<arg>BB</arg>
<arg>BD</arg>
<arg>BE</arg>
<arg>BF</arg>
<arg>BG</arg>
<arg>BH</arg>
<arg>BI</arg>
<arg>BJ</arg>
<arg>BL</arg>
<arg>BM</arg>
<arg>BN</arg>
<arg>BO</arg>
<arg>BQ</arg>
<arg>BR</arg>
<arg>BS</arg>
<arg>BT</arg>
<arg>BV</arg>
<arg>BW</arg>
<arg>BY</arg>
<arg>BZ</arg>
<arg>CA</arg>
<arg>CC</arg>
<arg>CD</arg>
<arg>CF</arg>
<arg>CG</arg>
<arg>CH</arg>
<arg>CI</arg>
<arg>CK</arg>
<arg>CL</arg>
<arg>CM</arg>
<arg>CN</arg>
<arg>CO</arg>
<arg>CR</arg>
<arg>CU</arg>
<arg>CV</arg>
<arg>CW</arg>
<arg>CX</arg>
<arg>CY</arg>
<arg>CZ</arg>
<arg>DE</arg>
<arg>DJ</arg>
<arg>DK</arg>
<arg>DM</arg>
<arg>DO</arg>
<arg>DZ</arg>
<arg>EC</arg>
<arg>EE</arg>
<arg>EG</arg>
<arg>EH</arg>
<arg>ER</arg>
<arg>ES</arg>
<arg>ET</arg>
<arg>FI</arg>
<arg>FJ</arg>
<arg>FK</arg>
<arg>FM</arg>
<arg>FO</arg>
<arg>FR</arg>
<arg>GA</arg>
<arg>GB</arg>
<arg>GD</arg>
<arg>GE</arg>
<arg>GF</arg>
<arg>GG</arg>
<arg>GH</arg>
<arg>GI</arg>
<arg>GL</arg>
<arg>GM</arg>
<arg>GN</arg>
<arg>GP</arg>
<arg>GQ</arg>
<arg>GR</arg>
<arg>GS</arg>
<arg>GT</arg>
<arg>GU</arg>
<arg>GW</arg>
<arg>GY</arg>
<arg>HK</arg>
<arg>HM</arg>
<arg>HN</arg>
<arg>HR</arg>
<arg>HT</arg>
<arg>HU</arg>
<arg>ID</arg>
<arg>IE</arg>
<arg>IL</arg>
<arg>IM</arg>
<arg>IN</arg>
<arg>IO</arg>
<arg>IQ</arg>
<arg>IR</arg>
<arg>IS</arg>
<arg>IT</arg>
<arg>JE</arg>
<arg>JM</arg>
<arg>JO</arg>
<arg>JP</arg>
<arg>KE</arg>
<arg>KG</arg>
<arg>KH</arg>
<arg>KI</arg>
<arg>KM</arg>
<arg>KN</arg>
<arg>KP</arg>
<arg>KR</arg>
<arg>KW</arg>
<arg>KY</arg>
<arg>KZ</arg>
<arg>LA</arg>
<arg>LB</arg>
<arg>LC</arg>
<arg>LI</arg>
<arg>LK</arg>
<arg>LR</arg>
<arg>LS</arg>
<arg>LT</arg>
<arg>LU</arg>
<arg>LV</arg>
<arg>LY</arg>
<arg>MA</arg>
<arg>MC</arg>
<arg>MD</arg>
<arg>ME</arg>
<arg>MF</arg>
<arg>MG</arg>
<arg>MH</arg>
<arg>MK</arg>
<arg>ML</arg>
<arg>MM</arg>
<arg>MN</arg>
<arg>MO</arg>
<arg>MP</arg>
<arg>MQ</arg>
<arg>MR</arg>
<arg>MS</arg>
<arg>MT</arg>
<arg>MU</arg>
<arg>MV</arg>
<arg>MW</arg>
<arg>MX</arg>
<arg>MY</arg>
<arg>MZ</arg>
<arg>NA</arg>
<arg>NC</arg>
<arg>NE</arg>
<arg>NF</arg>
<arg>NG</arg>
<arg>NI</arg>
<arg>NL</arg>
<arg>NO</arg>
<arg>NP</arg>
<arg>NR</arg>
<arg>NU</arg>
<arg>NZ</arg>
<arg>OM</arg>
<arg>PA</arg>
<arg>PE</arg>
<arg>PF</arg>
<arg>PG</arg>
<arg>PH</arg>
<arg>PK</arg>
<arg>PL</arg>
<arg>PM</arg>
<arg>PN</arg>
<arg>PR</arg>
<arg>PS</arg>
<arg>PT</arg>
<arg>PW</arg>
<arg>PY</arg>
<arg>QA</arg>
<arg>RE</arg>
<arg>RO</arg>
<arg>RS</arg>
<arg>RU</arg>
<arg>RW</arg>
<arg>SA</arg>
<arg>SB</arg>
<arg>SC</arg>
<arg>SD</arg>
<arg>SE</arg>
<arg>SG</arg>
<arg>SH</arg>
<arg>SI</arg>
<arg>SJ</arg>
<arg>SK</arg>
<arg>SL</arg>
<arg>SM</arg>
<arg>SN</arg>
<arg>SO</arg>
<arg>SR</arg>
<arg>SS</arg>
<arg>ST</arg>
<arg>SV</arg>
<arg>SX</arg>
<arg>SY</arg>
<arg>SZ</arg>
<arg>TC</arg>
<arg>TD</arg>
<arg>TF</arg>
<arg>TG</arg>
<arg>TH</arg>
<arg>TJ</arg>
<arg>TK</arg>
<arg>TL</arg>
<arg>TM</arg>
<arg>TN</arg>
<arg>TO</arg>
<arg>TR</arg>
<arg>TT</arg>
<arg>TV</arg>
<arg>TW</arg>
<arg>TZ</arg>
<arg>UA</arg>
<arg>UG</arg>
<arg>UM</arg>
<arg>US</arg>
<arg>UY</arg>
<arg>UZ</arg>
<arg>VA</arg>
<arg>VC</arg>
<arg>VE</arg>
<arg>VG</arg>
<arg>VI</arg>
<arg>VN</arg>
<arg>VU</arg>
<arg>WF</arg>
<arg>WS</arg>
<arg>XK</arg>
<arg>YE</arg>
<arg>YT</arg>
<arg>ZA</arg>
<arg>ZM</arg>
<arg>ZW</arg>
<doc>Returns a list containing given items.</doc>
<status status="PASS" start="2024-05-30T05:14:27.568613" elapsed="0.000616"/>
</kw>
<kw name="List Should Contain Value" owner="Collections">
<msg time="2024-05-30T05:14:27.570210" level="INFO">False</msg>
<arg>${list_country}</arg>
<arg>${name_country}</arg>
<doc>Fails if the ``value`` is not found from ``list``.</doc>
<status status="PASS" start="2024-05-30T05:14:27.570002" elapsed="0.000244"/>
</kw>
<kw name="Run Keyword If" owner="BuiltIn">
<kw name="Should Be True" owner="BuiltIn">
<arg>${True}</arg>
<doc>Fails if the given condition is not true.</doc>
<status status="PASS" start="2024-05-30T05:14:27.571340" elapsed="0.000144"/>
</kw>
<arg>${json_data["results"][0]["location"]["coordinates"]["latitude"]} &gt;= -90 and ${json_data["results"][0]["location"]["coordinates"]["latitude"]} &lt;= 90</arg>
<arg>Should Be True</arg>
<arg>${True}</arg>
<doc>Runs the given keyword with the given arguments, if ``condition`` is true.</doc>
<status status="PASS" start="2024-05-30T05:14:27.570581" elapsed="0.001030"/>
</kw>
<kw name="Run Keyword If" owner="BuiltIn">
<kw name="Should Be True" owner="BuiltIn">
<arg>${True}</arg>
<doc>Fails if the given condition is not true.</doc>
<status status="PASS" start="2024-05-30T05:14:27.572489" elapsed="0.000258"/>
</kw>
<arg>${json_data["results"][0]["location"]["coordinates"]["longitude"]} &gt;= -180 and ${json_data["results"][0]["location"]["coordinates"]["longitude"]} &lt;= 180</arg>
<arg>Should Be True</arg>
<arg>${True}</arg>
<doc>Runs the given keyword with the given arguments, if ``condition`` is true.</doc>
<status status="PASS" start="2024-05-30T05:14:27.571794" elapsed="0.001076"/>
</kw>
<status status="PASS" start="2024-05-30T05:14:27.470699" elapsed="0.102303"/>
</kw>
<doc>Testa o conteúdo específico dos campos retornados pela API.</doc>
<tag>testeConteudo</tag>
<status status="PASS" start="2024-05-30T05:14:27.470203" elapsed="0.102956"/>
</test>
<status status="PASS" start="2024-05-30T05:14:26.658606" elapsed="0.916517"/>
</suite>
<status status="PASS" start="2024-05-30T05:14:26.645216" elapsed="0.935029"/>
</suite>
<statistics>
<total>
<stat pass="5" fail="0" skip="0">All Tests</stat>
</total>
<tag>
<stat pass="1" fail="0" skip="0">testeConteudo</stat>
<stat pass="1" fail="0" skip="0">testeEstruturaResposta</stat>
<stat pass="1" fail="0" skip="0">testeRequisicaoBasica</stat>
<stat pass="1" fail="0" skip="0">testeTiposDados</stat>
</tag>
<suite>
<stat pass="5" fail="0" skip="0" id="s1" name="Tests">Tests</stat>
<stat pass="5" fail="0" skip="0" id="s1-s1" name="Random-User-Test">Tests.Random-User-Test</stat>
</suite>
</statistics>
<errors>
</errors>
</robot>
