<?xml version="1.0" encoding="UTF-8"?>
<robot generator="Robot 7.0 (Python 3.12.3 on linux)" generated="2024-04-20T11:10:41.441434" rpa="false" schemaversion="5">
<suite id="s1" name="Tests" source="/home/runner/work/DesafioQAItauRogerioJordao/DesafioQAItauRogerioJordao/RamdonUser/tests">
<suite id="s1-s1" name="Random-User-Test" source="/home/runner/work/DesafioQAItauRogerioJordao/DesafioQAItauRogerioJordao/RamdonUser/tests/random-user-test.robot">
<test id="s1-s1-t1" name="Conectar" line="13">
<kw name="Conectar API" owner="random-user-service">
<kw name="Create Session" owner="RequestsLibrary">
<msg time="2024-04-20T11:10:41.814527" level="INFO">Creating Session using : alias=consultarAPI, url=https://randomuser.me/, headers={},                     cookies={}, auth=None, timeout=None, proxies=None, verify=False,                     debug=0 </msg>
<arg>consultarAPI</arg>
<arg>${URL}</arg>
<doc>Create Session: create a HTTP session to a server</doc>
<status status="PASS" start="2024-04-20T11:10:41.814325" elapsed="0.000391"/>
</kw>
<status status="PASS" start="2024-04-20T11:10:41.813339" elapsed="0.001749"/>
</kw>
<status status="PASS" start="2024-04-20T11:10:41.812782" elapsed="0.002501"/>
</test>
<test id="s1-s1-t2" name="Validar retorno 200 e JSON Válido" line="16">
<kw name="Teste de Requisicao Basica" owner="random-user-service">
<kw name="GET On Session" owner="RequestsLibrary">
<msg time="2024-04-20T11:10:41.899285" level="INFO">GET Request : url=https://randomuser.me/api 
 path_url=/api 
 headers={'User-Agent': 'python-requests/2.31.0', 'Accept-Encoding': 'gzip, deflate', 'Accept': '*/*', 'Connection': 'keep-alive'} 
 body=None 
 </msg>
<msg time="2024-04-20T11:10:41.899436" level="INFO">GET Response : url=https://randomuser.me/api 
 status=200, reason=OK 
 headers={'Date': 'Sat, 20 Apr 2024 11:10:41 GMT', 'Content-Type': 'application/json; charset=utf-8', 'Transfer-Encoding': 'chunked', 'Connection': 'keep-alive', 'X-Powered-By': 'Express', 'Access-Control-Allow-Origin': '*', 'Cache-Control': 'no-cache', 'ETag': 'W/"488-3rEz97jqampSrhIE1GFnJo2HFY4"', 'Vary': 'Accept-Encoding', 'Content-Encoding': 'gzip', 'CF-Cache-Status': 'DYNAMIC', 'Report-To': '{"endpoints":[{"url":"https:\\/\\/a.nel.cloudflare.com\\/report\\/v4?s=vkUIpeGx%2FIpart%2F1h86aGXw98MQUnWPo8wmfbpzaBpG7I3tJb7V5kQtkuD7ybmtBXBi7tjcJ%2FF4BI20V0M%2FfkGfKXsc2pEXd4fICKbFCCxibB5UKhNs5FKi3NBTxtiO9"}],"group":"cf-nel","max_age":604800}', 'NEL': '{"success_fraction":0,"report_to":"cf-nel","max_age":604800}', 'Server': 'cloudflare', 'CF-RAY': '8774b077acce61d1-ORD', 'alt-svc': 'h3=":443"; ma=86400'} 
 body={"results":[{"gender":"male","name":{"title":"Mr","first":"Luis Manuel","last":"Laboy"},"location":{"street":{"number":4712,"name":"Calzada Myanmar"},"city":"Los Herrera","state":"Veracruz","country":"Mexico","postcode":94966,"coordinates":{"latitude":"27.2424","longitude":"-131.8701"},"timezone":{"offset":"+5:45","description":"Kathmandu"}},"email":"luismanuel.laboy@example.com","login":{"uuid":"97b747ef-44bf-49dc-8d38-306bb1c94470","username":"brownleopard272","password":"stumpy","salt":"rqR0M3Wc","md5":"b5600e9281878042fee7dc809e865cfc","sha1":"eee9cef1b8e7ffd9a073d78d1224f1441c16813d","sha256":"5fcf67a8e8d78082f855bb2614e31eac8528674ecab624b7813170a6f9e010b7"},"dob":{"date":"1946-01-11T14:56:16.738Z","age":78},"registered":{"date":"2010-11-23T13:24:57.581Z","age":13},"phone":"(670) 752 3408","cell":"(649) 110 7253","id":{"name":"NSS","value":"93 01 30 3378 3"},"picture":{"large":"https://randomuser.me/api/portraits/men/74.jpg","medium":"https://randomuser.me/api/portraits/med/men/74.jpg","thumbnail":"https://randomuser.me/api/portraits/thumb/men/74.jpg"},"nat":"MX"}],"info":{"seed":"a47a9157e14f6e7b","results":1,"page":1,"version":"1.4"}} 
 </msg>
<msg time="2024-04-20T11:10:41.899518" level="INFO">/opt/hostedtoolcache/Python/3.12.3/x64/lib/python3.12/site-packages/urllib3/connectionpool.py:1103: InsecureRequestWarning: Unverified HTTPS request is being made to host 'randomuser.me'. Adding certificate verification is strongly advised. See: https://urllib3.readthedocs.io/en/latest/advanced-usage.html#tls-warnings
  warnings.warn(</msg>
<msg time="2024-04-20T11:10:41.899683" level="INFO">${response} = &lt;Response [200]&gt;</msg>
<var>${response}</var>
<arg>consultarAPI</arg>
<arg>/api</arg>
<doc>Sends a GET request on a previously created HTTP Session.</doc>
<status status="PASS" start="2024-04-20T11:10:41.818026" elapsed="0.081700"/>
</kw>
<kw name="Should Be Equal As Numbers" owner="BuiltIn">
<msg time="2024-04-20T11:10:41.900741" level="INFO">Argument types are:
&lt;class 'int'&gt;
&lt;class 'str'&gt;</msg>
<arg>${response.status_code}</arg>
<arg>200</arg>
<doc>Fails if objects are unequal after converting them to real numbers.</doc>
<status status="PASS" start="2024-04-20T11:10:41.900294" elapsed="0.000511"/>
</kw>
<kw name="Log" owner="BuiltIn">
<msg time="2024-04-20T11:10:41.901503" level="INFO">200</msg>
<arg>${response.status_code}</arg>
<doc>Logs the given message with the given level.</doc>
<status status="PASS" start="2024-04-20T11:10:41.901142" elapsed="0.000414"/>
</kw>
<kw name="Set Variable" owner="BuiltIn">
<msg time="2024-04-20T11:10:41.902316" level="INFO">${json_data} = {'results': [{'gender': 'male', 'name': {'title': 'Mr', 'first': 'Luis Manuel', 'last': 'Laboy'}, 'location': {'street': {'number': 4712, 'name': 'Calzada Myanmar'}, 'city': 'Los Herrera', 'state': 'V...</msg>
<var>${json_data}</var>
<arg>${response.json()}</arg>
<doc>Returns the given values which can then be assigned to a variables.</doc>
<status status="PASS" start="2024-04-20T11:10:41.901858" elapsed="0.000485"/>
</kw>
<kw name="Dictionary Should Contain Key" owner="Collections">
<msg time="2024-04-20T11:10:41.902809" level="INFO">False</msg>
<arg>${json_data}</arg>
<arg>results</arg>
<doc>Fails if ``key`` is not found from ``dictionary``.</doc>
<status status="PASS" start="2024-04-20T11:10:41.902637" elapsed="0.000212"/>
</kw>
<status status="PASS" start="2024-04-20T11:10:41.817780" elapsed="0.085350"/>
</kw>
<doc>Testa se a API responde corretamente e retorna um objeto JSON válido.</doc>
<tag>testeRequisicaoBasica</tag>
<status status="PASS" start="2024-04-20T11:10:41.817247" elapsed="0.086071"/>
</test>
<test id="s1-s1-t3" name="Validar estrutura de resposta" line="22">
<kw name="Teste de Estrutura de Resposta" owner="random-user-service">
<kw name="GET On Session" owner="RequestsLibrary">
<msg time="2024-04-20T11:10:42.004117" level="INFO">GET Request : url=https://randomuser.me/api 
 path_url=/api 
 headers={'User-Agent': 'python-requests/2.31.0', 'Accept-Encoding': 'gzip, deflate', 'Accept': '*/*', 'Connection': 'keep-alive'} 
 body=None 
 </msg>
<msg time="2024-04-20T11:10:42.004217" level="INFO">GET Response : url=https://randomuser.me/api 
 status=200, reason=OK 
 headers={'Date': 'Sat, 20 Apr 2024 11:10:42 GMT', 'Content-Type': 'application/json; charset=utf-8', 'Transfer-Encoding': 'chunked', 'Connection': 'keep-alive', 'X-Powered-By': 'Express', 'Access-Control-Allow-Origin': '*', 'Cache-Control': 'no-cache', 'ETag': 'W/"499-GfsY2Ry8iNb6JAqe4qAhu1PclvY"', 'Vary': 'Accept-Encoding', 'Content-Encoding': 'gzip', 'CF-Cache-Status': 'DYNAMIC', 'Report-To': '{"endpoints":[{"url":"https:\\/\\/a.nel.cloudflare.com\\/report\\/v4?s=HbC3Lcu0juQQbLVreQjgp7N%2FYd7tKDsVg%2BPo23%2F1Wrg%2Fbr0u4SLHzdguSarUC%2FVHmZs1GR2QXlEtJQrABl%2Frb%2FuWQ58snLtyp1rkfoVeg1D7m1ggxwW8RhFatLx0%2Fzn9"}],"group":"cf-nel","max_age":604800}', 'NEL': '{"success_fraction":0,"report_to":"cf-nel","max_age":604800}', 'Server': 'cloudflare', 'CF-RAY': '8774b077fd0b61d1-ORD', 'alt-svc': 'h3=":443"; ma=86400'} 
 body={"results":[{"gender":"female","name":{"title":"Ms","first":"Sadie","last":"Vroegop"},"location":{"street":{"number":730,"name":"Dobbeweg"},"city":"Woltersum","state":"Overijssel","country":"Netherlands","postcode":"1049 UG","coordinates":{"latitude":"35.6033","longitude":"75.9366"},"timezone":{"offset":"+8:00","description":"Beijing, Perth, Singapore, Hong Kong"}},"email":"sadie.vroegop@example.com","login":{"uuid":"dfdd16fb-bfab-427d-b710-7256cf7b0592","username":"angryladybug256","password":"amber","salt":"0OUkC28E","md5":"738b485961012910e05079c39661f9bf","sha1":"9ab2cce15f0f08a48852b32c525c5392a875f734","sha256":"45a7fe86b62db605c7399adbb9539089e6b04ef5426c50248c6798a295512ccf"},"dob":{"date":"1963-02-25T23:50:45.335Z","age":61},"registered":{"date":"2010-01-19T03:55:58.376Z","age":14},"phone":"(0898) 430102","cell":"(06) 36145969","id":{"name":"BSN","value":"09028362"},"picture":{"large":"https://randomuser.me/api/portraits/women/76.jpg","medium":"https://randomuser.me/api/portraits/med/women/76.jpg","thumbnail":"https://randomuser.me/api/portraits/thumb/women/76.jpg"},"nat":"NL"}],"info":{"seed":"7ff0dbc180660b41","results":1,"page":1,"version":"1.4"}} 
 </msg>
<msg time="2024-04-20T11:10:42.004347" level="INFO">/opt/hostedtoolcache/Python/3.12.3/x64/lib/python3.12/site-packages/urllib3/connectionpool.py:1103: InsecureRequestWarning: Unverified HTTPS request is being made to host 'randomuser.me'. Adding certificate verification is strongly advised. See: https://urllib3.readthedocs.io/en/latest/advanced-usage.html#tls-warnings
  warnings.warn(</msg>
<msg time="2024-04-20T11:10:42.004494" level="INFO">${response} = &lt;Response [200]&gt;</msg>
<var>${response}</var>
<arg>consultarAPI</arg>
<arg>/api</arg>
<doc>Sends a GET request on a previously created HTTP Session.</doc>
<status status="PASS" start="2024-04-20T11:10:41.906405" elapsed="0.098159"/>
</kw>
<kw name="Set Variable" owner="BuiltIn">
<msg time="2024-04-20T11:10:42.005579" level="INFO">${json_data} = {'results': [{'gender': 'female', 'name': {'title': 'Ms', 'first': 'Sadie', 'last': 'Vroegop'}, 'location': {'street': {'number': 730, 'name': 'Dobbeweg'}, 'city': 'Woltersum', 'state': 'Overijssel', ...</msg>
<var>${json_data}</var>
<arg>${response.json()}</arg>
<doc>Returns the given values which can then be assigned to a variables.</doc>
<status status="PASS" start="2024-04-20T11:10:42.005069" elapsed="0.000537"/>
</kw>
<kw name="Log" owner="BuiltIn">
<msg time="2024-04-20T11:10:42.006068" level="INFO">{'results': [{'gender': 'female', 'name': {'title': 'Ms', 'first': 'Sadie', 'last': 'Vroegop'}, 'location': {'street': {'number': 730, 'name': 'Dobbeweg'}, 'city': 'Woltersum', 'state': 'Overijssel', 'country': 'Netherlands', 'postcode': '1049 UG', 'coordinates': {'latitude': '35.6033', 'longitude': '75.9366'}, 'timezone': {'offset': '+8:00', 'description': 'Beijing, Perth, Singapore, Hong Kong'}}, 'email': 'sadie.vroegop@example.com', 'login': {'uuid': 'dfdd16fb-bfab-427d-b710-7256cf7b0592', 'username': 'angryladybug256', 'password': 'amber', 'salt': '0OUkC28E', 'md5': '738b485961012910e05079c39661f9bf', 'sha1': '9ab2cce15f0f08a48852b32c525c5392a875f734', 'sha256': '45a7fe86b62db605c7399adbb9539089e6b04ef5426c50248c6798a295512ccf'}, 'dob': {'date': '1963-02-25T23:50:45.335Z', 'age': 61}, 'registered': {'date': '2010-01-19T03:55:58.376Z', 'age': 14}, 'phone': '(0898) 430102', 'cell': '(06) 36145969', 'id': {'name': 'BSN', 'value': '09028362'}, 'picture': {'large': 'https://randomuser.me/api/portraits/women/76.jpg', 'medium': 'https://randomuser.me/api/portraits/med/women/76.jpg', 'thumbnail': 'https://randomuser.me/api/portraits/thumb/women/76.jpg'}, 'nat': 'NL'}], 'info': {'seed': '7ff0dbc180660b41', 'results': 1, 'page': 1, 'version': '1.4'}}</msg>
<arg>${json_data}</arg>
<doc>Logs the given message with the given level.</doc>
<status status="PASS" start="2024-04-20T11:10:42.005911" elapsed="0.000205"/>
</kw>
<kw name="Dictionary Should Contain Key" owner="Collections">
<msg time="2024-04-20T11:10:42.006558" level="INFO">False</msg>
<arg>${json_data}</arg>
<arg>results</arg>
<doc>Fails if ``key`` is not found from ``dictionary``.</doc>
<status status="PASS" start="2024-04-20T11:10:42.006405" elapsed="0.000189"/>
</kw>
<kw name="Should Not Be Empty" owner="BuiltIn">
<msg time="2024-04-20T11:10:42.007009" level="INFO">Length is 2.</msg>
<arg>${json_data}</arg>
<doc>Verifies that the given item is not empty.</doc>
<status status="PASS" start="2024-04-20T11:10:42.006877" elapsed="0.000169"/>
</kw>
<kw name="Create List" owner="BuiltIn">
<msg time="2024-04-20T11:10:42.007674" level="INFO">${expected_keys} = ['gender', 'name', 'location', 'email', 'login']</msg>
<var>${expected_keys}</var>
<arg>gender</arg>
<arg>name</arg>
<arg>location</arg>
<arg>email</arg>
<arg>login</arg>
<doc>Returns a list containing given items.</doc>
<status status="PASS" start="2024-04-20T11:10:42.007326" elapsed="0.000374"/>
</kw>
<for flavor="IN">
<iter>
<kw name="Dictionary Should Contain Key" owner="Collections">
<msg time="2024-04-20T11:10:42.008742" level="INFO">False</msg>
<arg>${json_data['results'][0]}</arg>
<arg>${key}</arg>
<doc>Fails if ``key`` is not found from ``dictionary``.</doc>
<status status="PASS" start="2024-04-20T11:10:42.008340" elapsed="0.000439"/>
</kw>
<kw name="Log" owner="BuiltIn">
<msg time="2024-04-20T11:10:42.009435" level="INFO">{'gender': 'female', 'name': {'title': 'Ms', 'first': 'Sadie', 'last': 'Vroegop'}, 'location': {'street': {'number': 730, 'name': 'Dobbeweg'}, 'city': 'Woltersum', 'state': 'Overijssel', 'country': 'Netherlands', 'postcode': '1049 UG', 'coordinates': {'latitude': '35.6033', 'longitude': '75.9366'}, 'timezone': {'offset': '+8:00', 'description': 'Beijing, Perth, Singapore, Hong Kong'}}, 'email': 'sadie.vroegop@example.com', 'login': {'uuid': 'dfdd16fb-bfab-427d-b710-7256cf7b0592', 'username': 'angryladybug256', 'password': 'amber', 'salt': '0OUkC28E', 'md5': '738b485961012910e05079c39661f9bf', 'sha1': '9ab2cce15f0f08a48852b32c525c5392a875f734', 'sha256': '45a7fe86b62db605c7399adbb9539089e6b04ef5426c50248c6798a295512ccf'}, 'dob': {'date': '1963-02-25T23:50:45.335Z', 'age': 61}, 'registered': {'date': '2010-01-19T03:55:58.376Z', 'age': 14}, 'phone': '(0898) 430102', 'cell': '(06) 36145969', 'id': {'name': 'BSN', 'value': '09028362'}, 'picture': {'large': 'https://randomuser.me/api/portraits/women/76.jpg', 'medium': 'https://randomuser.me/api/portraits/med/women/76.jpg', 'thumbnail': 'https://randomuser.me/api/portraits/thumb/women/76.jpg'}, 'nat': 'NL'}</msg>
<arg>${json_data['results'][0]}</arg>
<doc>Logs the given message with the given level.</doc>
<status status="PASS" start="2024-04-20T11:10:42.009072" elapsed="0.000409"/>
</kw>
<kw name="Log" owner="BuiltIn">
<msg time="2024-04-20T11:10:42.009892" level="INFO">gender</msg>
<arg>${key}</arg>
<doc>Logs the given message with the given level.</doc>
<status status="PASS" start="2024-04-20T11:10:42.009768" elapsed="0.000160"/>
</kw>
<var name="${key}">gender</var>
<status status="PASS" start="2024-04-20T11:10:42.008203" elapsed="0.001933"/>
</iter>
<iter>
<kw name="Dictionary Should Contain Key" owner="Collections">
<msg time="2024-04-20T11:10:42.010815" level="INFO">False</msg>
<arg>${json_data['results'][0]}</arg>
<arg>${key}</arg>
<doc>Fails if ``key`` is not found from ``dictionary``.</doc>
<status status="PASS" start="2024-04-20T11:10:42.010436" elapsed="0.000416"/>
</kw>
<kw name="Log" owner="BuiltIn">
<msg time="2024-04-20T11:10:42.011519" level="INFO">{'gender': 'female', 'name': {'title': 'Ms', 'first': 'Sadie', 'last': 'Vroegop'}, 'location': {'street': {'number': 730, 'name': 'Dobbeweg'}, 'city': 'Woltersum', 'state': 'Overijssel', 'country': 'Netherlands', 'postcode': '1049 UG', 'coordinates': {'latitude': '35.6033', 'longitude': '75.9366'}, 'timezone': {'offset': '+8:00', 'description': 'Beijing, Perth, Singapore, Hong Kong'}}, 'email': 'sadie.vroegop@example.com', 'login': {'uuid': 'dfdd16fb-bfab-427d-b710-7256cf7b0592', 'username': 'angryladybug256', 'password': 'amber', 'salt': '0OUkC28E', 'md5': '738b485961012910e05079c39661f9bf', 'sha1': '9ab2cce15f0f08a48852b32c525c5392a875f734', 'sha256': '45a7fe86b62db605c7399adbb9539089e6b04ef5426c50248c6798a295512ccf'}, 'dob': {'date': '1963-02-25T23:50:45.335Z', 'age': 61}, 'registered': {'date': '2010-01-19T03:55:58.376Z', 'age': 14}, 'phone': '(0898) 430102', 'cell': '(06) 36145969', 'id': {'name': 'BSN', 'value': '09028362'}, 'picture': {'large': 'https://randomuser.me/api/portraits/women/76.jpg', 'medium': 'https://randomuser.me/api/portraits/med/women/76.jpg', 'thumbnail': 'https://randomuser.me/api/portraits/thumb/women/76.jpg'}, 'nat': 'NL'}</msg>
<arg>${json_data['results'][0]}</arg>
<doc>Logs the given message with the given level.</doc>
<status status="PASS" start="2024-04-20T11:10:42.011165" elapsed="0.000401"/>
</kw>
<kw name="Log" owner="BuiltIn">
<msg time="2024-04-20T11:10:42.012009" level="INFO">name</msg>
<arg>${key}</arg>
<doc>Logs the given message with the given level.</doc>
<status status="PASS" start="2024-04-20T11:10:42.011861" elapsed="0.000185"/>
</kw>
<var name="${key}">name</var>
<status status="PASS" start="2024-04-20T11:10:42.010322" elapsed="0.001935"/>
</iter>
<iter>
<kw name="Dictionary Should Contain Key" owner="Collections">
<msg time="2024-04-20T11:10:42.012923" level="INFO">False</msg>
<arg>${json_data['results'][0]}</arg>
<arg>${key}</arg>
<doc>Fails if ``key`` is not found from ``dictionary``.</doc>
<status status="PASS" start="2024-04-20T11:10:42.012543" elapsed="0.000417"/>
</kw>
<kw name="Log" owner="BuiltIn">
<msg time="2024-04-20T11:10:42.013614" level="INFO">{'gender': 'female', 'name': {'title': 'Ms', 'first': 'Sadie', 'last': 'Vroegop'}, 'location': {'street': {'number': 730, 'name': 'Dobbeweg'}, 'city': 'Woltersum', 'state': 'Overijssel', 'country': 'Netherlands', 'postcode': '1049 UG', 'coordinates': {'latitude': '35.6033', 'longitude': '75.9366'}, 'timezone': {'offset': '+8:00', 'description': 'Beijing, Perth, Singapore, Hong Kong'}}, 'email': 'sadie.vroegop@example.com', 'login': {'uuid': 'dfdd16fb-bfab-427d-b710-7256cf7b0592', 'username': 'angryladybug256', 'password': 'amber', 'salt': '0OUkC28E', 'md5': '738b485961012910e05079c39661f9bf', 'sha1': '9ab2cce15f0f08a48852b32c525c5392a875f734', 'sha256': '45a7fe86b62db605c7399adbb9539089e6b04ef5426c50248c6798a295512ccf'}, 'dob': {'date': '1963-02-25T23:50:45.335Z', 'age': 61}, 'registered': {'date': '2010-01-19T03:55:58.376Z', 'age': 14}, 'phone': '(0898) 430102', 'cell': '(06) 36145969', 'id': {'name': 'BSN', 'value': '09028362'}, 'picture': {'large': 'https://randomuser.me/api/portraits/women/76.jpg', 'medium': 'https://randomuser.me/api/portraits/med/women/76.jpg', 'thumbnail': 'https://randomuser.me/api/portraits/thumb/women/76.jpg'}, 'nat': 'NL'}</msg>
<arg>${json_data['results'][0]}</arg>
<doc>Logs the given message with the given level.</doc>
<status status="PASS" start="2024-04-20T11:10:42.013260" elapsed="0.000400"/>
</kw>
<kw name="Log" owner="BuiltIn">
<msg time="2024-04-20T11:10:42.014076" level="INFO">location</msg>
<arg>${key}</arg>
<doc>Logs the given message with the given level.</doc>
<status status="PASS" start="2024-04-20T11:10:42.013952" elapsed="0.000161"/>
</kw>
<var name="${key}">location</var>
<status status="PASS" start="2024-04-20T11:10:42.012433" elapsed="0.001890"/>
</iter>
<iter>
<kw name="Dictionary Should Contain Key" owner="Collections">
<msg time="2024-04-20T11:10:42.014975" level="INFO">False</msg>
<arg>${json_data['results'][0]}</arg>
<arg>${key}</arg>
<doc>Fails if ``key`` is not found from ``dictionary``.</doc>
<status status="PASS" start="2024-04-20T11:10:42.014598" elapsed="0.000440"/>
</kw>
<kw name="Log" owner="BuiltIn">
<msg time="2024-04-20T11:10:42.015722" level="INFO">{'gender': 'female', 'name': {'title': 'Ms', 'first': 'Sadie', 'last': 'Vroegop'}, 'location': {'street': {'number': 730, 'name': 'Dobbeweg'}, 'city': 'Woltersum', 'state': 'Overijssel', 'country': 'Netherlands', 'postcode': '1049 UG', 'coordinates': {'latitude': '35.6033', 'longitude': '75.9366'}, 'timezone': {'offset': '+8:00', 'description': 'Beijing, Perth, Singapore, Hong Kong'}}, 'email': 'sadie.vroegop@example.com', 'login': {'uuid': 'dfdd16fb-bfab-427d-b710-7256cf7b0592', 'username': 'angryladybug256', 'password': 'amber', 'salt': '0OUkC28E', 'md5': '738b485961012910e05079c39661f9bf', 'sha1': '9ab2cce15f0f08a48852b32c525c5392a875f734', 'sha256': '45a7fe86b62db605c7399adbb9539089e6b04ef5426c50248c6798a295512ccf'}, 'dob': {'date': '1963-02-25T23:50:45.335Z', 'age': 61}, 'registered': {'date': '2010-01-19T03:55:58.376Z', 'age': 14}, 'phone': '(0898) 430102', 'cell': '(06) 36145969', 'id': {'name': 'BSN', 'value': '09028362'}, 'picture': {'large': 'https://randomuser.me/api/portraits/women/76.jpg', 'medium': 'https://randomuser.me/api/portraits/med/women/76.jpg', 'thumbnail': 'https://randomuser.me/api/portraits/thumb/women/76.jpg'}, 'nat': 'NL'}</msg>
<arg>${json_data['results'][0]}</arg>
<doc>Logs the given message with the given level.</doc>
<status status="PASS" start="2024-04-20T11:10:42.015355" elapsed="0.000417"/>
</kw>
<kw name="Log" owner="BuiltIn">
<msg time="2024-04-20T11:10:42.016203" level="INFO">email</msg>
<arg>${key}</arg>
<doc>Logs the given message with the given level.</doc>
<status status="PASS" start="2024-04-20T11:10:42.016078" elapsed="0.000162"/>
</kw>
<var name="${key}">email</var>
<status status="PASS" start="2024-04-20T11:10:42.014490" elapsed="0.001960"/>
</iter>
<iter>
<kw name="Dictionary Should Contain Key" owner="Collections">
<msg time="2024-04-20T11:10:42.017112" level="INFO">False</msg>
<arg>${json_data['results'][0]}</arg>
<arg>${key}</arg>
<doc>Fails if ``key`` is not found from ``dictionary``.</doc>
<status status="PASS" start="2024-04-20T11:10:42.016726" elapsed="0.000422"/>
</kw>
<kw name="Log" owner="BuiltIn">
<msg time="2024-04-20T11:10:42.017798" level="INFO">{'gender': 'female', 'name': {'title': 'Ms', 'first': 'Sadie', 'last': 'Vroegop'}, 'location': {'street': {'number': 730, 'name': 'Dobbeweg'}, 'city': 'Woltersum', 'state': 'Overijssel', 'country': 'Netherlands', 'postcode': '1049 UG', 'coordinates': {'latitude': '35.6033', 'longitude': '75.9366'}, 'timezone': {'offset': '+8:00', 'description': 'Beijing, Perth, Singapore, Hong Kong'}}, 'email': 'sadie.vroegop@example.com', 'login': {'uuid': 'dfdd16fb-bfab-427d-b710-7256cf7b0592', 'username': 'angryladybug256', 'password': 'amber', 'salt': '0OUkC28E', 'md5': '738b485961012910e05079c39661f9bf', 'sha1': '9ab2cce15f0f08a48852b32c525c5392a875f734', 'sha256': '45a7fe86b62db605c7399adbb9539089e6b04ef5426c50248c6798a295512ccf'}, 'dob': {'date': '1963-02-25T23:50:45.335Z', 'age': 61}, 'registered': {'date': '2010-01-19T03:55:58.376Z', 'age': 14}, 'phone': '(0898) 430102', 'cell': '(06) 36145969', 'id': {'name': 'BSN', 'value': '09028362'}, 'picture': {'large': 'https://randomuser.me/api/portraits/women/76.jpg', 'medium': 'https://randomuser.me/api/portraits/med/women/76.jpg', 'thumbnail': 'https://randomuser.me/api/portraits/thumb/women/76.jpg'}, 'nat': 'NL'}</msg>
<arg>${json_data['results'][0]}</arg>
<doc>Logs the given message with the given level.</doc>
<status status="PASS" start="2024-04-20T11:10:42.017437" elapsed="0.000408"/>
</kw>
<kw name="Log" owner="BuiltIn">
<msg time="2024-04-20T11:10:42.018263" level="INFO">login</msg>
<arg>${key}</arg>
<doc>Logs the given message with the given level.</doc>
<status status="PASS" start="2024-04-20T11:10:42.018135" elapsed="0.000165"/>
</kw>
<var name="${key}">login</var>
<status status="PASS" start="2024-04-20T11:10:42.016618" elapsed="0.001916"/>
</iter>
<var>${key}</var>
<value>@{expected_keys}</value>
<status status="PASS" start="2024-04-20T11:10:42.008004" elapsed="0.010653"/>
</for>
<kw name="Create List" owner="BuiltIn">
<msg time="2024-04-20T11:10:42.018989" level="INFO">${expected_keysTwo} = ['username', 'password']</msg>
<var>${expected_keysTwo}</var>
<arg>username</arg>
<arg>password</arg>
<doc>Returns a list containing given items.</doc>
<status status="PASS" start="2024-04-20T11:10:42.018851" elapsed="0.000161"/>
</kw>
<for flavor="IN">
<iter>
<kw name="Dictionary Should Contain Key" owner="Collections">
<msg time="2024-04-20T11:10:42.019930" level="INFO">False</msg>
<arg>${json_data['results'][0]['login']}</arg>
<arg>${keyTwo}</arg>
<doc>Fails if ``key`` is not found from ``dictionary``.</doc>
<status status="PASS" start="2024-04-20T11:10:42.019517" elapsed="0.000453"/>
</kw>
<kw name="Dictionary Should Contain Key" owner="Collections">
<msg time="2024-04-20T11:10:42.020643" level="INFO">False</msg>
<arg>${json_data['results'][0]['login']}</arg>
<arg>${keyTwo}</arg>
<doc>Fails if ``key`` is not found from ``dictionary``.</doc>
<status status="PASS" start="2024-04-20T11:10:42.020263" elapsed="0.000417"/>
</kw>
<kw name="Log" owner="BuiltIn">
<msg time="2024-04-20T11:10:42.021099" level="INFO">username</msg>
<arg>${keyTwo}</arg>
<doc>Logs the given message with the given level.</doc>
<status status="PASS" start="2024-04-20T11:10:42.020972" elapsed="0.000169"/>
</kw>
<var name="${keyTwo}">username</var>
<status status="PASS" start="2024-04-20T11:10:42.019407" elapsed="0.001946"/>
</iter>
<iter>
<kw name="Dictionary Should Contain Key" owner="Collections">
<msg time="2024-04-20T11:10:42.022015" level="INFO">False</msg>
<arg>${json_data['results'][0]['login']}</arg>
<arg>${keyTwo}</arg>
<doc>Fails if ``key`` is not found from ``dictionary``.</doc>
<status status="PASS" start="2024-04-20T11:10:42.021630" elapsed="0.000426"/>
</kw>
<kw name="Dictionary Should Contain Key" owner="Collections">
<msg time="2024-04-20T11:10:42.022813" level="INFO">False</msg>
<arg>${json_data['results'][0]['login']}</arg>
<arg>${keyTwo}</arg>
<doc>Fails if ``key`` is not found from ``dictionary``.</doc>
<status status="PASS" start="2024-04-20T11:10:42.022349" elapsed="0.000502"/>
</kw>
<kw name="Log" owner="BuiltIn">
<msg time="2024-04-20T11:10:42.023268" level="INFO">password</msg>
<arg>${keyTwo}</arg>
<doc>Logs the given message with the given level.</doc>
<status status="PASS" start="2024-04-20T11:10:42.023143" elapsed="0.000161"/>
</kw>
<var name="${keyTwo}">password</var>
<status status="PASS" start="2024-04-20T11:10:42.021521" elapsed="0.002006"/>
</iter>
<var>${keyTwo}</var>
<value>@{expected_keysTwo}</value>
<status status="PASS" start="2024-04-20T11:10:42.019250" elapsed="0.004444"/>
</for>
<status status="PASS" start="2024-04-20T11:10:41.906071" elapsed="0.117773"/>
</kw>
<doc>Testa a estrutura da resposta da API.</doc>
<tag>testeEstruturaResposta</tag>
<status status="PASS" start="2024-04-20T11:10:41.905288" elapsed="0.118750"/>
</test>
<test id="s1-s1-t4" name="Validar tipos de dados" line="28">
<kw name="Teste de Tipos de Dados" owner="random-user-service">
<kw name="GET On Session" owner="RequestsLibrary">
<msg time="2024-04-20T11:10:42.107366" level="INFO">GET Request : url=https://randomuser.me/api 
 path_url=/api 
 headers={'User-Agent': 'python-requests/2.31.0', 'Accept-Encoding': 'gzip, deflate', 'Accept': '*/*', 'Connection': 'keep-alive'} 
 body=None 
 </msg>
<msg time="2024-04-20T11:10:42.107465" level="INFO">GET Response : url=https://randomuser.me/api 
 status=200, reason=OK 
 headers={'Date': 'Sat, 20 Apr 2024 11:10:42 GMT', 'Content-Type': 'application/json; charset=utf-8', 'Transfer-Encoding': 'chunked', 'Connection': 'keep-alive', 'X-Powered-By': 'Express', 'Access-Control-Allow-Origin': '*', 'Cache-Control': 'no-cache', 'ETag': 'W/"4b0-GRupvl9YTpjxzqOH7I1l3Zv+7P0"', 'Vary': 'Accept-Encoding', 'Content-Encoding': 'gzip', 'CF-Cache-Status': 'DYNAMIC', 'Report-To': '{"endpoints":[{"url":"https:\\/\\/a.nel.cloudflare.com\\/report\\/v4?s=nMudEHR7H9r4bt1Dn3QK2p%2FoKc%2B6kHU9BvLyGHoF4IfD4DiUojA6PXIO08qObE9WzZYvL%2B444I7iH3FdBD7R3J3C0eP8z2TZG4XA4PBmCIdFHbCulH3viGPNLGTC6psB"}],"group":"cf-nel","max_age":604800}', 'NEL': '{"success_fraction":0,"report_to":"cf-nel","max_age":604800}', 'Server': 'cloudflare', 'CF-RAY': '8774b078bd9661d1-ORD', 'alt-svc': 'h3=":443"; ma=86400'} 
 body={"results":[{"gender":"male","name":{"title":"Monsieur","first":"Finn","last":"Caron"},"location":{"street":{"number":9138,"name":"Place de L'Abbé-Franz-Stock"},"city":"Magden","state":"Neuchâtel","country":"Switzerland","postcode":4537,"coordinates":{"latitude":"-62.3553","longitude":"-120.8314"},"timezone":{"offset":"+5:00","description":"Ekaterinburg, Islamabad, Karachi, Tashkent"}},"email":"finn.caron@example.com","login":{"uuid":"42ae3872-7447-4d2a-8510-46e86758b177","username":"beautifulbird361","password":"fishin","salt":"BtsCZiPV","md5":"6351a060e68d8eb4167818c93c03d2cd","sha1":"3f91320aa3a77ba627b6f83e78419f21d0fbafa9","sha256":"c692574e36a2bfc239290b5be6387485679fa59a4349bb38d29a4c9f59762a03"},"dob":{"date":"1967-06-29T14:21:08.979Z","age":56},"registered":{"date":"2020-12-06T18:01:21.690Z","age":3},"phone":"077 357 04 47","cell":"077 502 44 97","id":{"name":"AVS","value":"756.5702.7667.92"},"picture":{"large":"https://randomuser.me/api/portraits/men/50.jpg","medium":"https://randomuser.me/api/portraits/med/men/50.jpg","thumbnail":"https://randomuser.me/api/portraits/thumb/men/50.jpg"},"nat":"CH"}],"info":{"seed":"5dc634f966e02f56","results":1,"page":1,"version":"1.4"}} 
 </msg>
<msg time="2024-04-20T11:10:42.107539" level="INFO">/opt/hostedtoolcache/Python/3.12.3/x64/lib/python3.12/site-packages/urllib3/connectionpool.py:1103: InsecureRequestWarning: Unverified HTTPS request is being made to host 'randomuser.me'. Adding certificate verification is strongly advised. See: https://urllib3.readthedocs.io/en/latest/advanced-usage.html#tls-warnings
  warnings.warn(</msg>
<msg time="2024-04-20T11:10:42.107685" level="INFO">${response} = &lt;Response [200]&gt;</msg>
<var>${response}</var>
<arg>consultarAPI</arg>
<arg>/api</arg>
<doc>Sends a GET request on a previously created HTTP Session.</doc>
<status status="PASS" start="2024-04-20T11:10:42.026470" elapsed="0.081256"/>
</kw>
<kw name="Set Variable" owner="BuiltIn">
<msg time="2024-04-20T11:10:42.108807" level="INFO">${json_data} = {'results': [{'gender': 'male', 'name': {'title': 'Monsieur', 'first': 'Finn', 'last': 'Caron'}, 'location': {'street': {'number': 9138, 'name': "Place de L'Abbé-Franz-Stock"}, 'city': 'Magden', 'stat...</msg>
<var>${json_data}</var>
<arg>${response.json()}</arg>
<doc>Returns the given values which can then be assigned to a variables.</doc>
<status status="PASS" start="2024-04-20T11:10:42.108276" elapsed="0.000561"/>
</kw>
<kw name="Log" owner="BuiltIn">
<msg time="2024-04-20T11:10:42.109318" level="INFO">{'results': [{'gender': 'male', 'name': {'title': 'Monsieur', 'first': 'Finn', 'last': 'Caron'}, 'location': {'street': {'number': 9138, 'name': "Place de L'Abbé-Franz-Stock"}, 'city': 'Magden', 'state': 'Neuchâtel', 'country': 'Switzerland', 'postcode': 4537, 'coordinates': {'latitude': '-62.3553', 'longitude': '-120.8314'}, 'timezone': {'offset': '+5:00', 'description': 'Ekaterinburg, Islamabad, Karachi, Tashkent'}}, 'email': 'finn.caron@example.com', 'login': {'uuid': '42ae3872-7447-4d2a-8510-46e86758b177', 'username': 'beautifulbird361', 'password': 'fishin', 'salt': 'BtsCZiPV', 'md5': '6351a060e68d8eb4167818c93c03d2cd', 'sha1': '3f91320aa3a77ba627b6f83e78419f21d0fbafa9', 'sha256': 'c692574e36a2bfc239290b5be6387485679fa59a4349bb38d29a4c9f59762a03'}, 'dob': {'date': '1967-06-29T14:21:08.979Z', 'age': 56}, 'registered': {'date': '2020-12-06T18:01:21.690Z', 'age': 3}, 'phone': '077 357 04 47', 'cell': '077 502 44 97', 'id': {'name': 'AVS', 'value': '756.5702.7667.92'}, 'picture': {'large': 'https://randomuser.me/api/portraits/men/50.jpg', 'medium': 'https://randomuser.me/api/portraits/med/men/50.jpg', 'thumbnail': 'https://randomuser.me/api/portraits/thumb/men/50.jpg'}, 'nat': 'CH'}], 'info': {'seed': '5dc634f966e02f56', 'results': 1, 'page': 1, 'version': '1.4'}}</msg>
<arg>${json_data}</arg>
<doc>Logs the given message with the given level.</doc>
<status status="PASS" start="2024-04-20T11:10:42.109152" elapsed="0.000257"/>
</kw>
<kw name="Should Be String" owner="String">
<arg>${json_data['results'][0]['gender']}</arg>
<doc>Fails if the given ``item`` is not a string.</doc>
<status status="PASS" start="2024-04-20T11:10:42.109711" elapsed="0.000372"/>
</kw>
<kw name="Should Match Regexp" owner="BuiltIn">
<arg>${json_data['results'][0]['email']}</arg>
<arg>^[a-zA-Z0-9._%+-]+@[a-zA-Z0-9.-]+\.[a-zA-Z]{2,}$</arg>
<doc>Fails if ``string`` does not match ``pattern`` as a regular expression.</doc>
<status status="PASS" start="2024-04-20T11:10:42.110280" elapsed="0.000516"/>
</kw>
<kw name="Should Match Regexp" owner="BuiltIn">
<arg>${json_data['results'][0]['dob']['date']}</arg>
<arg>\\d{4}-\\d{2}-\\d{2}T\\d{2}:\\d{2}:\\d{2}\\.\\d{3}Z</arg>
<doc>Fails if ``string`` does not match ``pattern`` as a regular expression.</doc>
<status status="PASS" start="2024-04-20T11:10:42.110994" elapsed="0.000495"/>
</kw>
<kw name="Should Match Regexp" owner="BuiltIn">
<arg>${json_data['results'][0]['registered']['date']}</arg>
<arg>\\d{4}-\\d{2}-\\d{2}T\\d{2}:\\d{2}:\\d{2}\\.\\d{3}Z</arg>
<doc>Fails if ``string`` does not match ``pattern`` as a regular expression.</doc>
<status status="PASS" start="2024-04-20T11:10:42.111678" elapsed="0.000400"/>
</kw>
<kw name="Should Match Regexp" owner="BuiltIn">
<arg>${json_data['results'][0]['picture']['large']}</arg>
<arg>^https?://.*\.(?:png|jpe?g|gif|bmp)$</arg>
<doc>Fails if ``string`` does not match ``pattern`` as a regular expression.</doc>
<status status="PASS" start="2024-04-20T11:10:42.112266" elapsed="0.000458"/>
</kw>
<kw name="Should Match Regexp" owner="BuiltIn">
<arg>${json_data['results'][0]['picture']['medium']}</arg>
<arg>^https?://.*\.(?:png|jpe?g|gif|bmp)$</arg>
<doc>Fails if ``string`` does not match ``pattern`` as a regular expression.</doc>
<status status="PASS" start="2024-04-20T11:10:42.112914" elapsed="0.000354"/>
</kw>
<kw name="Should Match Regexp" owner="BuiltIn">
<arg>${json_data['results'][0]['picture']['thumbnail']}</arg>
<arg>^https?://.*\.(?:png|jpe?g|gif|bmp)$</arg>
<doc>Fails if ``string`` does not match ``pattern`` as a regular expression.</doc>
<status status="PASS" start="2024-04-20T11:10:42.113455" elapsed="0.000359"/>
</kw>
<kw name="Log" owner="BuiltIn">
<msg time="2024-04-20T11:10:42.114317" level="INFO">{'large': 'https://randomuser.me/api/portraits/men/50.jpg', 'medium': 'https://randomuser.me/api/portraits/med/men/50.jpg', 'thumbnail': 'https://randomuser.me/api/portraits/thumb/men/50.jpg'}</msg>
<arg>${json_data['results'][0]['picture']}</arg>
<doc>Logs the given message with the given level.</doc>
<status status="PASS" start="2024-04-20T11:10:42.113995" elapsed="0.000363"/>
</kw>
<status status="PASS" start="2024-04-20T11:10:42.026243" elapsed="0.088371"/>
</kw>
<kw name="Teste de Tipos de Dados - Postcode" owner="random-user-service">
<kw name="GET On Session" owner="RequestsLibrary">
<msg time="2024-04-20T11:10:42.195003" level="INFO">GET Request : url=https://randomuser.me/api 
 path_url=/api 
 headers={'User-Agent': 'python-requests/2.31.0', 'Accept-Encoding': 'gzip, deflate', 'Accept': '*/*', 'Connection': 'keep-alive'} 
 body=None 
 </msg>
<msg time="2024-04-20T11:10:42.195114" level="INFO">GET Response : url=https://randomuser.me/api 
 status=200, reason=OK 
 headers={'Date': 'Sat, 20 Apr 2024 11:10:42 GMT', 'Content-Type': 'application/json; charset=utf-8', 'Transfer-Encoding': 'chunked', 'Connection': 'keep-alive', 'X-Powered-By': 'Express', 'Access-Control-Allow-Origin': '*', 'Cache-Control': 'no-cache', 'ETag': 'W/"494-bTk8PJBK/ievqDu7DbbFiJnB3Ts"', 'Vary': 'Accept-Encoding', 'Content-Encoding': 'gzip', 'CF-Cache-Status': 'DYNAMIC', 'Report-To': '{"endpoints":[{"url":"https:\\/\\/a.nel.cloudflare.com\\/report\\/v4?s=y7UP0ADEB2bLst8LCrXaVJhcl9FXKg%2B0x98tSARRxv02G1Mb%2B5UoqR%2FiuvQ7JW4kf0uxneWvc%2B9Bt237OqYPPN2o5hwfPlYoGE2NjM0BY%2FSgYo%2Fa3HDDykNyMTahWykQ"}],"group":"cf-nel","max_age":604800}', 'NEL': '{"success_fraction":0,"report_to":"cf-nel","max_age":604800}', 'Server': 'cloudflare', 'CF-RAY': '8774b0794e2961d1-ORD', 'alt-svc': 'h3=":443"; ma=86400'} 
 body={"results":[{"gender":"female","name":{"title":"Mrs","first":"Claudia","last":"Ortiz"},"location":{"street":{"number":7898,"name":"Lakeshore Rd"},"city":"Launceston","state":"South Australia","country":"Australia","postcode":328,"coordinates":{"latitude":"-85.7943","longitude":"124.3078"},"timezone":{"offset":"+2:00","description":"Kaliningrad, South Africa"}},"email":"claudia.ortiz@example.com","login":{"uuid":"3a78c688-23fa-483f-953a-b9be645766bb","username":"purplepanda656","password":"clarinet","salt":"p8NIl7fu","md5":"dd0dee920e7e15cfd7f9f18d075762c3","sha1":"e0b37e9b80f8e33b6877e50c48ddb2fc3ba175aa","sha256":"44ffa0952a36df48d1c59d0ce7d15ab680ce36927ebfb2a4893888407380a9fc"},"dob":{"date":"1987-01-25T17:51:08.736Z","age":37},"registered":{"date":"2020-08-20T11:40:56.243Z","age":3},"phone":"02-3443-7785","cell":"0464-198-939","id":{"name":"TFN","value":"714795701"},"picture":{"large":"https://randomuser.me/api/portraits/women/41.jpg","medium":"https://randomuser.me/api/portraits/med/women/41.jpg","thumbnail":"https://randomuser.me/api/portraits/thumb/women/41.jpg"},"nat":"AU"}],"info":{"seed":"d82dc5cf06c13c44","results":1,"page":1,"version":"1.4"}} 
 </msg>
<msg time="2024-04-20T11:10:42.195196" level="INFO">/opt/hostedtoolcache/Python/3.12.3/x64/lib/python3.12/site-packages/urllib3/connectionpool.py:1103: InsecureRequestWarning: Unverified HTTPS request is being made to host 'randomuser.me'. Adding certificate verification is strongly advised. See: https://urllib3.readthedocs.io/en/latest/advanced-usage.html#tls-warnings
  warnings.warn(</msg>
<msg time="2024-04-20T11:10:42.195364" level="INFO">${response} = &lt;Response [200]&gt;</msg>
<var>${response}</var>
<arg>consultarAPI</arg>
<arg>/api</arg>
<doc>Sends a GET request on a previously created HTTP Session.</doc>
<status status="PASS" start="2024-04-20T11:10:42.115082" elapsed="0.080346"/>
</kw>
<kw name="Set Variable" owner="BuiltIn">
<msg time="2024-04-20T11:10:42.196474" level="INFO">${json_data} = {'results': [{'gender': 'female', 'name': {'title': 'Mrs', 'first': 'Claudia', 'last': 'Ortiz'}, 'location': {'street': {'number': 7898, 'name': 'Lakeshore Rd'}, 'city': 'Launceston', 'state': 'South ...</msg>
<var>${json_data}</var>
<arg>${response.json()}</arg>
<doc>Returns the given values which can then be assigned to a variables.</doc>
<status status="PASS" start="2024-04-20T11:10:42.195959" elapsed="0.000543"/>
</kw>
<kw name="Log" owner="BuiltIn">
<msg time="2024-04-20T11:10:42.196973" level="INFO">{'results': [{'gender': 'female', 'name': {'title': 'Mrs', 'first': 'Claudia', 'last': 'Ortiz'}, 'location': {'street': {'number': 7898, 'name': 'Lakeshore Rd'}, 'city': 'Launceston', 'state': 'South Australia', 'country': 'Australia', 'postcode': 328, 'coordinates': {'latitude': '-85.7943', 'longitude': '124.3078'}, 'timezone': {'offset': '+2:00', 'description': 'Kaliningrad, South Africa'}}, 'email': 'claudia.ortiz@example.com', 'login': {'uuid': '3a78c688-23fa-483f-953a-b9be645766bb', 'username': 'purplepanda656', 'password': 'clarinet', 'salt': 'p8NIl7fu', 'md5': 'dd0dee920e7e15cfd7f9f18d075762c3', 'sha1': 'e0b37e9b80f8e33b6877e50c48ddb2fc3ba175aa', 'sha256': '44ffa0952a36df48d1c59d0ce7d15ab680ce36927ebfb2a4893888407380a9fc'}, 'dob': {'date': '1987-01-25T17:51:08.736Z', 'age': 37}, 'registered': {'date': '2020-08-20T11:40:56.243Z', 'age': 3}, 'phone': '02-3443-7785', 'cell': '0464-198-939', 'id': {'name': 'TFN', 'value': '714795701'}, 'picture': {'large': 'https://randomuser.me/api/portraits/women/41.jpg', 'medium': 'https://randomuser.me/api/portraits/med/women/41.jpg', 'thumbnail': 'https://randomuser.me/api/portraits/thumb/women/41.jpg'}, 'nat': 'AU'}], 'info': {'seed': 'd82dc5cf06c13c44', 'results': 1, 'page': 1, 'version': '1.4'}}</msg>
<arg>${json_data}</arg>
<doc>Logs the given message with the given level.</doc>
<status status="PASS" start="2024-04-20T11:10:42.196815" elapsed="0.000239"/>
</kw>
<kw name="Should Be Equal As Numbers" owner="BuiltIn">
<arg>${json_data['results'][0]['location']['postcode']}</arg>
<arg>${json_data['results'][0]['location']['postcode']}</arg>
<doc>Fails if objects are unequal after converting them to real numbers.</doc>
<status status="PASS" start="2024-04-20T11:10:42.197355" elapsed="0.000809"/>
</kw>
<kw name="Log" owner="BuiltIn">
<msg time="2024-04-20T11:10:42.198694" level="INFO">328</msg>
<arg>${json_data['results'][0]['location']['postcode']}</arg>
<doc>Logs the given message with the given level.</doc>
<status status="PASS" start="2024-04-20T11:10:42.198358" elapsed="0.000376"/>
</kw>
<status status="PASS" start="2024-04-20T11:10:42.114843" elapsed="0.084146"/>
</kw>
<doc>Testa se os tipos de dados na resposta da API estão corretos.</doc>
<tag>testeTiposDados</tag>
<status status="PASS" start="2024-04-20T11:10:42.025792" elapsed="0.173366"/>
</test>
<test id="s1-s1-t5" name="Validar conteudo" line="35">
<kw name="Teste de Tipos de Conteudo" owner="random-user-service">
<kw name="GET On Session" owner="RequestsLibrary">
<msg time="2024-04-20T11:10:42.294452" level="INFO">GET Request : url=https://randomuser.me/api 
 path_url=/api 
 headers={'User-Agent': 'python-requests/2.31.0', 'Accept-Encoding': 'gzip, deflate', 'Accept': '*/*', 'Connection': 'keep-alive'} 
 body=None 
 </msg>
<msg time="2024-04-20T11:10:42.294561" level="INFO">GET Response : url=https://randomuser.me/api 
 status=200, reason=OK 
 headers={'Date': 'Sat, 20 Apr 2024 11:10:42 GMT', 'Content-Type': 'application/json; charset=utf-8', 'Transfer-Encoding': 'chunked', 'Connection': 'keep-alive', 'X-Powered-By': 'Express', 'Access-Control-Allow-Origin': '*', 'Cache-Control': 'no-cache', 'ETag': 'W/"480-0Cft93ThlfPMILGXo6TYnS5cEOc"', 'Vary': 'Accept-Encoding', 'Content-Encoding': 'gzip', 'CF-Cache-Status': 'DYNAMIC', 'Report-To': '{"endpoints":[{"url":"https:\\/\\/a.nel.cloudflare.com\\/report\\/v4?s=WhZsIV3vUktK5VU6UbMgOLZPoNZhXcHMcznLzbeO2cT9Ld8k9sd0zhpZfsPzwFq6Z6aTLKosPbQV0Yiy%2FG4Kqtw6T5akXuGfzblW5lUxwMEJrLkdoGYNcKhTl0wF1UhU"}],"group":"cf-nel","max_age":604800}', 'NEL': '{"success_fraction":0,"report_to":"cf-nel","max_age":604800}', 'Server': 'cloudflare', 'CF-RAY': '8774b079ce8d61d1-ORD', 'alt-svc': 'h3=":443"; ma=86400'} 
 body={"results":[{"gender":"male","name":{"title":"Mr","first":"Adam","last":"Petersen"},"location":{"street":{"number":4113,"name":"Pederstrupvej"},"city":"Lintrup","state":"Hovedstaden","country":"Denmark","postcode":79708,"coordinates":{"latitude":"-42.9549","longitude":"-31.6257"},"timezone":{"offset":"-8:00","description":"Pacific Time (US &amp; Canada)"}},"email":"adam.petersen@example.com","login":{"uuid":"0c26973c-f388-4fbb-b24c-1c3b046abbf5","username":"crazyrabbit195","password":"bestbuy","salt":"7nHH9TRD","md5":"0d918a77124c50dfc17995bbd1c6a0c0","sha1":"a2058a2ac787ab9588f60fb1872e32299ed79835","sha256":"c2ba731756ac3b0a32ddc258ac1a1584d6ace7c3557a3e8088019ed98772c800"},"dob":{"date":"1990-07-13T11:49:45.115Z","age":33},"registered":{"date":"2006-09-02T22:00:47.291Z","age":17},"phone":"02367693","cell":"76102664","id":{"name":"CPR","value":"130790-8549"},"picture":{"large":"https://randomuser.me/api/portraits/men/70.jpg","medium":"https://randomuser.me/api/portraits/med/men/70.jpg","thumbnail":"https://randomuser.me/api/portraits/thumb/men/70.jpg"},"nat":"DK"}],"info":{"seed":"e8ff526e6cd3573c","results":1,"page":1,"version":"1.4"}} 
 </msg>
<msg time="2024-04-20T11:10:42.294637" level="INFO">/opt/hostedtoolcache/Python/3.12.3/x64/lib/python3.12/site-packages/urllib3/connectionpool.py:1103: InsecureRequestWarning: Unverified HTTPS request is being made to host 'randomuser.me'. Adding certificate verification is strongly advised. See: https://urllib3.readthedocs.io/en/latest/advanced-usage.html#tls-warnings
  warnings.warn(</msg>
<msg time="2024-04-20T11:10:42.294778" level="INFO">${response} = &lt;Response [200]&gt;</msg>
<var>${response}</var>
<arg>consultarAPI</arg>
<arg>/api</arg>
<doc>Sends a GET request on a previously created HTTP Session.</doc>
<status status="PASS" start="2024-04-20T11:10:42.202463" elapsed="0.092357"/>
</kw>
<kw name="Set Variable" owner="BuiltIn">
<msg time="2024-04-20T11:10:42.295860" level="INFO">${json_data} = {'results': [{'gender': 'male', 'name': {'title': 'Mr', 'first': 'Adam', 'last': 'Petersen'}, 'location': {'street': {'number': 4113, 'name': 'Pederstrupvej'}, 'city': 'Lintrup', 'state': 'Hovedstaden...</msg>
<var>${json_data}</var>
<arg>${response.json()}</arg>
<doc>Returns the given values which can then be assigned to a variables.</doc>
<status status="PASS" start="2024-04-20T11:10:42.295338" elapsed="0.000550"/>
</kw>
<kw name="Set Variable" owner="BuiltIn">
<msg time="2024-04-20T11:10:42.296622" level="INFO">${name_title} = Mr</msg>
<var>${name_title}</var>
<arg>${json_data["results"][0]["name"]["title"]}</arg>
<doc>Returns the given values which can then be assigned to a variables.</doc>
<status status="PASS" start="2024-04-20T11:10:42.296241" elapsed="0.000405"/>
</kw>
<kw name="Create List" owner="BuiltIn">
<msg time="2024-04-20T11:10:42.297091" level="INFO">${allowed_titles} = ['Mr', 'Ms', 'Miss', 'Mrs', 'Madame', 'Monsieur']</msg>
<var>${allowed_titles}</var>
<arg>Mr</arg>
<arg>Ms</arg>
<arg>Miss</arg>
<arg>Mrs</arg>
<arg>Madame</arg>
<arg>Monsieur</arg>
<doc>Returns a list containing given items.</doc>
<status status="PASS" start="2024-04-20T11:10:42.296945" elapsed="0.000170"/>
</kw>
<kw name="List Should Contain Value" owner="Collections">
<msg time="2024-04-20T11:10:42.297580" level="INFO">False</msg>
<arg>${allowed_titles}</arg>
<arg>${name_title}</arg>
<doc>Fails if the ``value`` is not found from ``list``.</doc>
<status status="PASS" start="2024-04-20T11:10:42.297409" elapsed="0.000207"/>
</kw>
<kw name="Set Variable" owner="BuiltIn">
<msg time="2024-04-20T11:10:42.298272" level="INFO">${name_country} = DK</msg>
<var>${name_country}</var>
<arg>${json_data["results"][0]["nat"]}</arg>
<doc>Returns the given values which can then be assigned to a variables.</doc>
<status status="PASS" start="2024-04-20T11:10:42.297899" elapsed="0.000397"/>
</kw>
<kw name="Create List" owner="BuiltIn">
<msg time="2024-04-20T11:10:42.299174" level="INFO">${list_country} = ['AD', 'AE', 'AF', 'AG', 'AI', 'AL', 'AM', 'AO', 'AQ', 'AR', 'AS', 'AT', 'AU', 'AW', 'AX', 'AZ', 'BA', 'BB', 'BD', 'BE', 'BF', 'BG', 'BH', 'BI', 'BJ', 'BL', 'BM', 'BN', 'BO', 'BQ', 'BR', 'BS', 'BT', '...</msg>
<var>${list_country}</var>
<arg>AD</arg>
<arg>AE</arg>
<arg>AF</arg>
<arg>AG</arg>
<arg>AI</arg>
<arg>AL</arg>
<arg>AM</arg>
<arg>AO</arg>
<arg>AQ</arg>
<arg>AR</arg>
<arg>AS</arg>
<arg>AT</arg>
<arg>AU</arg>
<arg>AW</arg>
<arg>AX</arg>
<arg>AZ</arg>
<arg>BA</arg>
<arg>BB</arg>
<arg>BD</arg>
<arg>BE</arg>
<arg>BF</arg>
<arg>BG</arg>
<arg>BH</arg>
<arg>BI</arg>
<arg>BJ</arg>
<arg>BL</arg>
<arg>BM</arg>
<arg>BN</arg>
<arg>BO</arg>
<arg>BQ</arg>
<arg>BR</arg>
<arg>BS</arg>
<arg>BT</arg>
<arg>BV</arg>
<arg>BW</arg>
<arg>BY</arg>
<arg>BZ</arg>
<arg>CA</arg>
<arg>CC</arg>
<arg>CD</arg>
<arg>CF</arg>
<arg>CG</arg>
<arg>CH</arg>
<arg>CI</arg>
<arg>CK</arg>
<arg>CL</arg>
<arg>CM</arg>
<arg>CN</arg>
<arg>CO</arg>
<arg>CR</arg>
<arg>CU</arg>
<arg>CV</arg>
<arg>CW</arg>
<arg>CX</arg>
<arg>CY</arg>
<arg>CZ</arg>
<arg>DE</arg>
<arg>DJ</arg>
<arg>DK</arg>
<arg>DM</arg>
<arg>DO</arg>
<arg>DZ</arg>
<arg>EC</arg>
<arg>EE</arg>
<arg>EG</arg>
<arg>EH</arg>
<arg>ER</arg>
<arg>ES</arg>
<arg>ET</arg>
<arg>FI</arg>
<arg>FJ</arg>
<arg>FK</arg>
<arg>FM</arg>
<arg>FO</arg>
<arg>FR</arg>
<arg>GA</arg>
<arg>GB</arg>
<arg>GD</arg>
<arg>GE</arg>
<arg>GF</arg>
<arg>GG</arg>
<arg>GH</arg>
<arg>GI</arg>
<arg>GL</arg>
<arg>GM</arg>
<arg>GN</arg>
<arg>GP</arg>
<arg>GQ</arg>
<arg>GR</arg>
<arg>GS</arg>
<arg>GT</arg>
<arg>GU</arg>
<arg>GW</arg>
<arg>GY</arg>
<arg>HK</arg>
<arg>HM</arg>
<arg>HN</arg>
<arg>HR</arg>
<arg>HT</arg>
<arg>HU</arg>
<arg>ID</arg>
<arg>IE</arg>
<arg>IL</arg>
<arg>IM</arg>
<arg>IN</arg>
<arg>IO</arg>
<arg>IQ</arg>
<arg>IR</arg>
<arg>IS</arg>
<arg>IT</arg>
<arg>JE</arg>
<arg>JM</arg>
<arg>JO</arg>
<arg>JP</arg>
<arg>KE</arg>
<arg>KG</arg>
<arg>KH</arg>
<arg>KI</arg>
<arg>KM</arg>
<arg>KN</arg>
<arg>KP</arg>
<arg>KR</arg>
<arg>KW</arg>
<arg>KY</arg>
<arg>KZ</arg>
<arg>LA</arg>
<arg>LB</arg>
<arg>LC</arg>
<arg>LI</arg>
<arg>LK</arg>
<arg>LR</arg>
<arg>LS</arg>
<arg>LT</arg>
<arg>LU</arg>
<arg>LV</arg>
<arg>LY</arg>
<arg>MA</arg>
<arg>MC</arg>
<arg>MD</arg>
<arg>ME</arg>
<arg>MF</arg>
<arg>MG</arg>
<arg>MH</arg>
<arg>MK</arg>
<arg>ML</arg>
<arg>MM</arg>
<arg>MN</arg>
<arg>MO</arg>
<arg>MP</arg>
<arg>MQ</arg>
<arg>MR</arg>
<arg>MS</arg>
<arg>MT</arg>
<arg>MU</arg>
<arg>MV</arg>
<arg>MW</arg>
<arg>MX</arg>
<arg>MY</arg>
<arg>MZ</arg>
<arg>NA</arg>
<arg>NC</arg>
<arg>NE</arg>
<arg>NF</arg>
<arg>NG</arg>
<arg>NI</arg>
<arg>NL</arg>
<arg>NO</arg>
<arg>NP</arg>
<arg>NR</arg>
<arg>NU</arg>
<arg>NZ</arg>
<arg>OM</arg>
<arg>PA</arg>
<arg>PE</arg>
<arg>PF</arg>
<arg>PG</arg>
<arg>PH</arg>
<arg>PK</arg>
<arg>PL</arg>
<arg>PM</arg>
<arg>PN</arg>
<arg>PR</arg>
<arg>PS</arg>
<arg>PT</arg>
<arg>PW</arg>
<arg>PY</arg>
<arg>QA</arg>
<arg>RE</arg>
<arg>RO</arg>
<arg>RS</arg>
<arg>RU</arg>
<arg>RW</arg>
<arg>SA</arg>
<arg>SB</arg>
<arg>SC</arg>
<arg>SD</arg>
<arg>SE</arg>
<arg>SG</arg>
<arg>SH</arg>
<arg>SI</arg>
<arg>SJ</arg>
<arg>SK</arg>
<arg>SL</arg>
<arg>SM</arg>
<arg>SN</arg>
<arg>SO</arg>
<arg>SR</arg>
<arg>SS</arg>
<arg>ST</arg>
<arg>SV</arg>
<arg>SX</arg>
<arg>SY</arg>
<arg>SZ</arg>
<arg>TC</arg>
<arg>TD</arg>
<arg>TF</arg>
<arg>TG</arg>
<arg>TH</arg>
<arg>TJ</arg>
<arg>TK</arg>
<arg>TL</arg>
<arg>TM</arg>
<arg>TN</arg>
<arg>TO</arg>
<arg>TR</arg>
<arg>TT</arg>
<arg>TV</arg>
<arg>TW</arg>
<arg>TZ</arg>
<arg>UA</arg>
<arg>UG</arg>
<arg>UM</arg>
<arg>US</arg>
<arg>UY</arg>
<arg>UZ</arg>
<arg>VA</arg>
<arg>VC</arg>
<arg>VE</arg>
<arg>VG</arg>
<arg>VI</arg>
<arg>VN</arg>
<arg>VU</arg>
<arg>WF</arg>
<arg>WS</arg>
<arg>XK</arg>
<arg>YE</arg>
<arg>YT</arg>
<arg>ZA</arg>
<arg>ZM</arg>
<arg>ZW</arg>
<doc>Returns a list containing given items.</doc>
<status status="PASS" start="2024-04-20T11:10:42.298593" elapsed="0.000605"/>
</kw>
<kw name="List Should Contain Value" owner="Collections">
<msg time="2024-04-20T11:10:42.300206" level="INFO">False</msg>
<arg>${list_country}</arg>
<arg>${name_country}</arg>
<doc>Fails if the ``value`` is not found from ``list``.</doc>
<status status="PASS" start="2024-04-20T11:10:42.300004" elapsed="0.000238"/>
</kw>
<kw name="Run Keyword If" owner="BuiltIn">
<kw name="Should Be True" owner="BuiltIn">
<arg>${True}</arg>
<doc>Fails if the given condition is not true.</doc>
<status status="PASS" start="2024-04-20T11:10:42.301302" elapsed="0.000143"/>
</kw>
<arg>${json_data["results"][0]["location"]["coordinates"]["latitude"]} &gt;= -90 and ${json_data["results"][0]["location"]["coordinates"]["latitude"]} &lt;= 90</arg>
<arg>Should Be True</arg>
<arg>${True}</arg>
<doc>Runs the given keyword with the given arguments, if ``condition`` is true.</doc>
<status status="PASS" start="2024-04-20T11:10:42.300552" elapsed="0.001019"/>
</kw>
<kw name="Run Keyword If" owner="BuiltIn">
<kw name="Should Be True" owner="BuiltIn">
<arg>${True}</arg>
<doc>Fails if the given condition is not true.</doc>
<status status="PASS" start="2024-04-20T11:10:42.302457" elapsed="0.000258"/>
</kw>
<arg>${json_data["results"][0]["location"]["coordinates"]["longitude"]} &gt;= -180 and ${json_data["results"][0]["location"]["coordinates"]["longitude"]} &lt;= 180</arg>
<arg>Should Be True</arg>
<arg>${True}</arg>
<doc>Runs the given keyword with the given arguments, if ``condition`` is true.</doc>
<status status="PASS" start="2024-04-20T11:10:42.301760" elapsed="0.001082"/>
</kw>
<status status="PASS" start="2024-04-20T11:10:42.202087" elapsed="0.100884"/>
</kw>
<doc>Testa o conteúdo específico dos campos retornados pela API.</doc>
<tag>testeConteudo</tag>
<status status="PASS" start="2024-04-20T11:10:42.201375" elapsed="0.101748"/>
</test>
<status status="PASS" start="2024-04-20T11:10:41.503485" elapsed="0.801664"/>
</suite>
<status status="PASS" start="2024-04-20T11:10:41.488628" elapsed="0.821766"/>
</suite>
<statistics>
<total>
<stat pass="5" fail="0" skip="0">All Tests</stat>
</total>
<tag>
<stat pass="1" fail="0" skip="0">testeConteudo</stat>
<stat pass="1" fail="0" skip="0">testeEstruturaResposta</stat>
<stat pass="1" fail="0" skip="0">testeRequisicaoBasica</stat>
<stat pass="1" fail="0" skip="0">testeTiposDados</stat>
</tag>
<suite>
<stat pass="5" fail="0" skip="0" id="s1" name="Tests">Tests</stat>
<stat pass="5" fail="0" skip="0" id="s1-s1" name="Random-User-Test">Tests.Random-User-Test</stat>
</suite>
</statistics>
<errors>
</errors>
</robot>
