<?xml version="1.0" encoding="UTF-8"?>
<robot generator="Robot 7.0.1 (Python 3.12.4 on linux)" generated="2024-07-22T04:18:36.869249" rpa="false" schemaversion="5">
<suite id="s1" name="Tests" source="/home/runner/work/ApiRandomUser/ApiRandomUser/RamdonUser/tests">
<suite id="s1-s1" name="Random-User-Test" source="/home/runner/work/ApiRandomUser/ApiRandomUser/RamdonUser/tests/random-user-test.robot">
<test id="s1-s1-t1" name="Conectar" line="13">
<kw name="Conectar API" owner="random-user-service">
<kw name="Create Session" owner="RequestsLibrary">
<msg time="2024-07-22T04:18:37.289745" level="INFO">Creating Session using : alias=consultarAPI, url=https://randomuser.me/, headers={},                     cookies={}, auth=None, timeout=None, proxies=None, verify=False,                     debug=0 </msg>
<arg>consultarAPI</arg>
<arg>${URL}</arg>
<doc>Create Session: create a HTTP session to a server</doc>
<status status="PASS" start="2024-07-22T04:18:37.289543" elapsed="0.000396"/>
</kw>
<status status="PASS" start="2024-07-22T04:18:37.288470" elapsed="0.001831"/>
</kw>
<status status="PASS" start="2024-07-22T04:18:37.287892" elapsed="0.002601"/>
</test>
<test id="s1-s1-t2" name="Validar retorno 200 e JSON Válido" line="16">
<kw name="Teste de Requisicao Basica" owner="random-user-service">
<kw name="GET On Session" owner="RequestsLibrary">
<msg time="2024-07-22T04:18:37.419055" level="INFO">GET Request : url=https://randomuser.me/api 
 path_url=/api 
 headers={'User-Agent': 'python-requests/2.32.3', 'Accept-Encoding': 'gzip, deflate', 'Accept': '*/*', 'Connection': 'keep-alive'} 
 body=None 
 </msg>
<msg time="2024-07-22T04:18:37.419243" level="INFO">GET Response : url=https://randomuser.me/api 
 status=200, reason=OK 
 headers={'Date': 'Mon, 22 Jul 2024 04:18:37 GMT', 'Content-Type': 'application/json; charset=utf-8', 'Transfer-Encoding': 'chunked', 'Connection': 'keep-alive', 'X-Powered-By': 'Express', 'Access-Control-Allow-Origin': '*', 'Cache-Control': 'no-cache', 'ETag': 'W/"480-sV8T/BKKKhqpeidp8fDMGM7kGLg"', 'Vary': 'Accept-Encoding', 'Content-Encoding': 'gzip', 'CF-Cache-Status': 'DYNAMIC', 'Report-To': '{"endpoints":[{"url":"https:\\/\\/a.nel.cloudflare.com\\/report\\/v4?s=vWA17Ovria2pXoJOWTwKisXtdN%2FUx9eeCBGVCEEQj8Bp3uruuPouxI8dbnSusaUvk3BWj3fWNGvVehodqTAn3vvTeKM6IjIAlgDIllfOQe8%2FMJC%2Fy9IYBwgUbQIUOlRI"}],"group":"cf-nel","max_age":604800}', 'NEL': '{"success_fraction":0,"report_to":"cf-nel","max_age":604800}', 'Server': 'cloudflare', 'CF-RAY': '8a70a0b748af1739-SJC', 'alt-svc': 'h3=":443"; ma=86400'} 
 body={"results":[{"gender":"male","name":{"title":"Mr","first":"William","last":"Møller"},"location":{"street":{"number":9051,"name":"Høgevej"},"city":"Noerre Alslev","state":"Nordjylland","country":"Denmark","postcode":83228,"coordinates":{"latitude":"-45.5932","longitude":"-12.3245"},"timezone":{"offset":"-1:00","description":"Azores, Cape Verde Islands"}},"email":"william.moller@example.com","login":{"uuid":"f86e588d-734e-4c2f-91c0-aabc2eddfc05","username":"smallbear694","password":"basset","salt":"Cmq3Yi8Z","md5":"5df3ce76f9901f6365011c8e0f30978a","sha1":"da006b1cf52d46b9bd67634d956f882ed083b89e","sha256":"b977111e3f42638fd732014a417e4b99e78e70bc68ed3cd785f6131162d33428"},"dob":{"date":"1982-11-09T19:04:46.353Z","age":41},"registered":{"date":"2016-12-09T22:43:25.407Z","age":7},"phone":"18889703","cell":"79638815","id":{"name":"CPR","value":"091182-1175"},"picture":{"large":"https://randomuser.me/api/portraits/men/76.jpg","medium":"https://randomuser.me/api/portraits/med/men/76.jpg","thumbnail":"https://randomuser.me/api/portraits/thumb/men/76.jpg"},"nat":"DK"}],"info":{"seed":"820eff305bd1be11","results":1,"page":1,"version":"1.4"}} 
 </msg>
<msg time="2024-07-22T04:18:37.419345" level="INFO">/opt/hostedtoolcache/Python/3.12.4/x64/lib/python3.12/site-packages/urllib3/connectionpool.py:1099: InsecureRequestWarning: Unverified HTTPS request is being made to host 'randomuser.me'. Adding certificate verification is strongly advised. See: https://urllib3.readthedocs.io/en/latest/advanced-usage.html#tls-warnings
  warnings.warn(</msg>
<msg time="2024-07-22T04:18:37.419517" level="INFO">${response} = &lt;Response [200]&gt;</msg>
<var>${response}</var>
<arg>consultarAPI</arg>
<arg>/api</arg>
<doc>Sends a GET request on a previously created HTTP Session.</doc>
<status status="PASS" start="2024-07-22T04:18:37.293102" elapsed="0.126461"/>
</kw>
<kw name="Should Be Equal As Numbers" owner="BuiltIn">
<msg time="2024-07-22T04:18:37.420664" level="INFO">Argument types are:
&lt;class 'int'&gt;
&lt;class 'str'&gt;</msg>
<arg>${response.status_code}</arg>
<arg>200</arg>
<doc>Fails if objects are unequal after converting them to real numbers.</doc>
<status status="PASS" start="2024-07-22T04:18:37.420192" elapsed="0.000540"/>
</kw>
<kw name="Log" owner="BuiltIn">
<msg time="2024-07-22T04:18:37.421418" level="INFO">200</msg>
<arg>${response.status_code}</arg>
<doc>Logs the given message with the given level.</doc>
<status status="PASS" start="2024-07-22T04:18:37.421061" elapsed="0.000402"/>
</kw>
<kw name="Set Variable" owner="BuiltIn">
<msg time="2024-07-22T04:18:37.422224" level="INFO">${json_data} = {'results': [{'gender': 'male', 'name': {'title': 'Mr', 'first': 'William', 'last': 'Møller'}, 'location': {'street': {'number': 9051, 'name': 'Høgevej'}, 'city': 'Noerre Alslev', 'state': 'Nordjyllan...</msg>
<var>${json_data}</var>
<arg>${response.json()}</arg>
<doc>Returns the given values which can then be assigned to a variables.</doc>
<status status="PASS" start="2024-07-22T04:18:37.421774" elapsed="0.000480"/>
</kw>
<kw name="Dictionary Should Contain Key" owner="Collections">
<arg>${json_data}</arg>
<arg>results</arg>
<doc>Fails if ``key`` is not found from ``dictionary``.</doc>
<status status="PASS" start="2024-07-22T04:18:37.422563" elapsed="0.000339"/>
</kw>
<status status="PASS" start="2024-07-22T04:18:37.292857" elapsed="0.130202"/>
</kw>
<doc>Testa se a API responde corretamente e retorna um objeto JSON válido.</doc>
<tag>testeRequisicaoBasica</tag>
<status status="PASS" start="2024-07-22T04:18:37.292386" elapsed="0.130850"/>
</test>
<test id="s1-s1-t3" name="Validar estrutura de resposta" line="22">
<kw name="Teste de Estrutura de Resposta" owner="random-user-service">
<kw name="GET On Session" owner="RequestsLibrary">
<msg time="2024-07-22T04:18:37.514012" level="INFO">GET Request : url=https://randomuser.me/api 
 path_url=/api 
 headers={'User-Agent': 'python-requests/2.32.3', 'Accept-Encoding': 'gzip, deflate', 'Accept': '*/*', 'Connection': 'keep-alive'} 
 body=None 
 </msg>
<msg time="2024-07-22T04:18:37.514155" level="INFO">GET Response : url=https://randomuser.me/api 
 status=200, reason=OK 
 headers={'Date': 'Mon, 22 Jul 2024 04:18:37 GMT', 'Content-Type': 'application/json; charset=utf-8', 'Transfer-Encoding': 'chunked', 'Connection': 'keep-alive', 'X-Powered-By': 'Express', 'Access-Control-Allow-Origin': '*', 'Cache-Control': 'no-cache', 'ETag': 'W/"48a-tl3R3x7Ho6u5Tb7MiQx+TJzF2mI"', 'Vary': 'Accept-Encoding', 'Content-Encoding': 'gzip', 'CF-Cache-Status': 'DYNAMIC', 'Report-To': '{"endpoints":[{"url":"https:\\/\\/a.nel.cloudflare.com\\/report\\/v4?s=AOi%2B6F%2FD9HGFEXZ1WVlCchkmh6En3sRNnqxmMOtRvp%2FeGHJtIhfNqEY7f0x7QSb96E1PiwVSfAGZ%2BOtzaoXiXW%2BSg2%2Ft9rjNC%2Fqr76O2l3cg3hYryA7faoe9%2B%2BH0gvNa"}],"group":"cf-nel","max_age":604800}', 'NEL': '{"success_fraction":0,"report_to":"cf-nel","max_age":604800}', 'Server': 'cloudflare', 'CF-RAY': '8a70a0b7e9731739-SJC', 'alt-svc': 'h3=":443"; ma=86400'} 
 body={"results":[{"gender":"male","name":{"title":"Mr","first":"Gunbir","last":"Bhoja"},"location":{"street":{"number":8152,"name":"Chaman Ganj"},"city":"Motihari","state":"Rajasthan","country":"India","postcode":61877,"coordinates":{"latitude":"6.0851","longitude":"-46.9273"},"timezone":{"offset":"+10:00","description":"Eastern Australia, Guam, Vladivostok"}},"email":"gunbir.bhoja@example.com","login":{"uuid":"62fd29c9-eded-4da4-97ca-4c3f489117fe","username":"silvermouse378","password":"iiiiiiii","salt":"31312Nt2","md5":"9f804fd4f16295bdf39e1d1645c5e81e","sha1":"4f93f59bc29c1a3fe27a21c0b8dfcbb22f82d493","sha256":"312320483a81a3fe94033a8b9cdf492111563d870ce2130ac190e571c3537488"},"dob":{"date":"1987-08-05T03:19:52.130Z","age":36},"registered":{"date":"2006-06-07T17:47:33.397Z","age":18},"phone":"7550149920","cell":"7721940569","id":{"name":"UIDAI","value":"285765381172"},"picture":{"large":"https://randomuser.me/api/portraits/men/99.jpg","medium":"https://randomuser.me/api/portraits/med/men/99.jpg","thumbnail":"https://randomuser.me/api/portraits/thumb/men/99.jpg"},"nat":"IN"}],"info":{"seed":"a6f7e8dc9e87d5b2","results":1,"page":1,"version":"1.4"}} 
 </msg>
<msg time="2024-07-22T04:18:37.514303" level="INFO">/opt/hostedtoolcache/Python/3.12.4/x64/lib/python3.12/site-packages/urllib3/connectionpool.py:1099: InsecureRequestWarning: Unverified HTTPS request is being made to host 'randomuser.me'. Adding certificate verification is strongly advised. See: https://urllib3.readthedocs.io/en/latest/advanced-usage.html#tls-warnings
  warnings.warn(</msg>
<msg time="2024-07-22T04:18:37.514466" level="INFO">${response} = &lt;Response [200]&gt;</msg>
<var>${response}</var>
<arg>consultarAPI</arg>
<arg>/api</arg>
<doc>Sends a GET request on a previously created HTTP Session.</doc>
<status status="PASS" start="2024-07-22T04:18:37.426012" elapsed="0.088497"/>
</kw>
<kw name="Set Variable" owner="BuiltIn">
<msg time="2024-07-22T04:18:37.515668" level="INFO">${json_data} = {'results': [{'gender': 'male', 'name': {'title': 'Mr', 'first': 'Gunbir', 'last': 'Bhoja'}, 'location': {'street': {'number': 8152, 'name': 'Chaman Ganj'}, 'city': 'Motihari', 'state': 'Rajasthan', '...</msg>
<var>${json_data}</var>
<arg>${response.json()}</arg>
<doc>Returns the given values which can then be assigned to a variables.</doc>
<status status="PASS" start="2024-07-22T04:18:37.515069" elapsed="0.000636"/>
</kw>
<kw name="Log" owner="BuiltIn">
<msg time="2024-07-22T04:18:37.516210" level="INFO">{'results': [{'gender': 'male', 'name': {'title': 'Mr', 'first': 'Gunbir', 'last': 'Bhoja'}, 'location': {'street': {'number': 8152, 'name': 'Chaman Ganj'}, 'city': 'Motihari', 'state': 'Rajasthan', 'country': 'India', 'postcode': 61877, 'coordinates': {'latitude': '6.0851', 'longitude': '-46.9273'}, 'timezone': {'offset': '+10:00', 'description': 'Eastern Australia, Guam, Vladivostok'}}, 'email': 'gunbir.bhoja@example.com', 'login': {'uuid': '62fd29c9-eded-4da4-97ca-4c3f489117fe', 'username': 'silvermouse378', 'password': 'iiiiiiii', 'salt': '31312Nt2', 'md5': '9f804fd4f16295bdf39e1d1645c5e81e', 'sha1': '4f93f59bc29c1a3fe27a21c0b8dfcbb22f82d493', 'sha256': '312320483a81a3fe94033a8b9cdf492111563d870ce2130ac190e571c3537488'}, 'dob': {'date': '1987-08-05T03:19:52.130Z', 'age': 36}, 'registered': {'date': '2006-06-07T17:47:33.397Z', 'age': 18}, 'phone': '7550149920', 'cell': '7721940569', 'id': {'name': 'UIDAI', 'value': '285765381172'}, 'picture': {'large': 'https://randomuser.me/api/portraits/men/99.jpg', 'medium': 'https://randomuser.me/api/portraits/med/men/99.jpg', 'thumbnail': 'https://randomuser.me/api/portraits/thumb/men/99.jpg'}, 'nat': 'IN'}], 'info': {'seed': 'a6f7e8dc9e87d5b2', 'results': 1, 'page': 1, 'version': '1.4'}}</msg>
<arg>${json_data}</arg>
<doc>Logs the given message with the given level.</doc>
<status status="PASS" start="2024-07-22T04:18:37.516039" elapsed="0.000222"/>
</kw>
<kw name="Dictionary Should Contain Key" owner="Collections">
<arg>${json_data}</arg>
<arg>results</arg>
<doc>Fails if ``key`` is not found from ``dictionary``.</doc>
<status status="PASS" start="2024-07-22T04:18:37.516559" elapsed="0.000164"/>
</kw>
<kw name="Should Not Be Empty" owner="BuiltIn">
<msg time="2024-07-22T04:18:37.517050" level="INFO">Length is 2.</msg>
<arg>${json_data}</arg>
<doc>Verifies that the given item is not empty.</doc>
<status status="PASS" start="2024-07-22T04:18:37.516914" elapsed="0.000177"/>
</kw>
<kw name="Create List" owner="BuiltIn">
<msg time="2024-07-22T04:18:37.517568" level="INFO">${expected_keys} = ['gender', 'name', 'location', 'email', 'login']</msg>
<var>${expected_keys}</var>
<arg>gender</arg>
<arg>name</arg>
<arg>location</arg>
<arg>email</arg>
<arg>login</arg>
<doc>Returns a list containing given items.</doc>
<status status="PASS" start="2024-07-22T04:18:37.517406" elapsed="0.000188"/>
</kw>
<for flavor="IN">
<iter>
<kw name="Dictionary Should Contain Key" owner="Collections">
<arg>${json_data['results'][0]}</arg>
<arg>${key}</arg>
<doc>Fails if ``key`` is not found from ``dictionary``.</doc>
<status status="PASS" start="2024-07-22T04:18:37.518208" elapsed="0.000425"/>
</kw>
<kw name="Log" owner="BuiltIn">
<msg time="2024-07-22T04:18:37.519191" level="INFO">{'gender': 'male', 'name': {'title': 'Mr', 'first': 'Gunbir', 'last': 'Bhoja'}, 'location': {'street': {'number': 8152, 'name': 'Chaman Ganj'}, 'city': 'Motihari', 'state': 'Rajasthan', 'country': 'India', 'postcode': 61877, 'coordinates': {'latitude': '6.0851', 'longitude': '-46.9273'}, 'timezone': {'offset': '+10:00', 'description': 'Eastern Australia, Guam, Vladivostok'}}, 'email': 'gunbir.bhoja@example.com', 'login': {'uuid': '62fd29c9-eded-4da4-97ca-4c3f489117fe', 'username': 'silvermouse378', 'password': 'iiiiiiii', 'salt': '31312Nt2', 'md5': '9f804fd4f16295bdf39e1d1645c5e81e', 'sha1': '4f93f59bc29c1a3fe27a21c0b8dfcbb22f82d493', 'sha256': '312320483a81a3fe94033a8b9cdf492111563d870ce2130ac190e571c3537488'}, 'dob': {'date': '1987-08-05T03:19:52.130Z', 'age': 36}, 'registered': {'date': '2006-06-07T17:47:33.397Z', 'age': 18}, 'phone': '7550149920', 'cell': '7721940569', 'id': {'name': 'UIDAI', 'value': '285765381172'}, 'picture': {'large': 'https://randomuser.me/api/portraits/men/99.jpg', 'medium': 'https://randomuser.me/api/portraits/med/men/99.jpg', 'thumbnail': 'https://randomuser.me/api/portraits/thumb/men/99.jpg'}, 'nat': 'IN'}</msg>
<arg>${json_data['results'][0]}</arg>
<doc>Logs the given message with the given level.</doc>
<status status="PASS" start="2024-07-22T04:18:37.518825" elapsed="0.000417"/>
</kw>
<kw name="Log" owner="BuiltIn">
<msg time="2024-07-22T04:18:37.519708" level="INFO">gender</msg>
<arg>${key}</arg>
<doc>Logs the given message with the given level.</doc>
<status status="PASS" start="2024-07-22T04:18:37.519550" elapsed="0.000197"/>
</kw>
<var name="${key}">gender</var>
<status status="PASS" start="2024-07-22T04:18:37.518074" elapsed="0.001904"/>
</iter>
<iter>
<kw name="Dictionary Should Contain Key" owner="Collections">
<arg>${json_data['results'][0]}</arg>
<arg>${key}</arg>
<doc>Fails if ``key`` is not found from ``dictionary``.</doc>
<status status="PASS" start="2024-07-22T04:18:37.520295" elapsed="0.000388"/>
</kw>
<kw name="Log" owner="BuiltIn">
<msg time="2024-07-22T04:18:37.521252" level="INFO">{'gender': 'male', 'name': {'title': 'Mr', 'first': 'Gunbir', 'last': 'Bhoja'}, 'location': {'street': {'number': 8152, 'name': 'Chaman Ganj'}, 'city': 'Motihari', 'state': 'Rajasthan', 'country': 'India', 'postcode': 61877, 'coordinates': {'latitude': '6.0851', 'longitude': '-46.9273'}, 'timezone': {'offset': '+10:00', 'description': 'Eastern Australia, Guam, Vladivostok'}}, 'email': 'gunbir.bhoja@example.com', 'login': {'uuid': '62fd29c9-eded-4da4-97ca-4c3f489117fe', 'username': 'silvermouse378', 'password': 'iiiiiiii', 'salt': '31312Nt2', 'md5': '9f804fd4f16295bdf39e1d1645c5e81e', 'sha1': '4f93f59bc29c1a3fe27a21c0b8dfcbb22f82d493', 'sha256': '312320483a81a3fe94033a8b9cdf492111563d870ce2130ac190e571c3537488'}, 'dob': {'date': '1987-08-05T03:19:52.130Z', 'age': 36}, 'registered': {'date': '2006-06-07T17:47:33.397Z', 'age': 18}, 'phone': '7550149920', 'cell': '7721940569', 'id': {'name': 'UIDAI', 'value': '285765381172'}, 'picture': {'large': 'https://randomuser.me/api/portraits/men/99.jpg', 'medium': 'https://randomuser.me/api/portraits/med/men/99.jpg', 'thumbnail': 'https://randomuser.me/api/portraits/thumb/men/99.jpg'}, 'nat': 'IN'}</msg>
<arg>${json_data['results'][0]}</arg>
<doc>Logs the given message with the given level.</doc>
<status status="PASS" start="2024-07-22T04:18:37.520869" elapsed="0.000476"/>
</kw>
<kw name="Log" owner="BuiltIn">
<msg time="2024-07-22T04:18:37.521796" level="INFO">name</msg>
<arg>${key}</arg>
<doc>Logs the given message with the given level.</doc>
<status status="PASS" start="2024-07-22T04:18:37.521662" elapsed="0.000175"/>
</kw>
<var name="${key}">name</var>
<status status="PASS" start="2024-07-22T04:18:37.520179" elapsed="0.001894"/>
</iter>
<iter>
<kw name="Dictionary Should Contain Key" owner="Collections">
<arg>${json_data['results'][0]}</arg>
<arg>${key}</arg>
<doc>Fails if ``key`` is not found from ``dictionary``.</doc>
<status status="PASS" start="2024-07-22T04:18:37.522361" elapsed="0.000396"/>
</kw>
<kw name="Log" owner="BuiltIn">
<msg time="2024-07-22T04:18:37.523309" level="INFO">{'gender': 'male', 'name': {'title': 'Mr', 'first': 'Gunbir', 'last': 'Bhoja'}, 'location': {'street': {'number': 8152, 'name': 'Chaman Ganj'}, 'city': 'Motihari', 'state': 'Rajasthan', 'country': 'India', 'postcode': 61877, 'coordinates': {'latitude': '6.0851', 'longitude': '-46.9273'}, 'timezone': {'offset': '+10:00', 'description': 'Eastern Australia, Guam, Vladivostok'}}, 'email': 'gunbir.bhoja@example.com', 'login': {'uuid': '62fd29c9-eded-4da4-97ca-4c3f489117fe', 'username': 'silvermouse378', 'password': 'iiiiiiii', 'salt': '31312Nt2', 'md5': '9f804fd4f16295bdf39e1d1645c5e81e', 'sha1': '4f93f59bc29c1a3fe27a21c0b8dfcbb22f82d493', 'sha256': '312320483a81a3fe94033a8b9cdf492111563d870ce2130ac190e571c3537488'}, 'dob': {'date': '1987-08-05T03:19:52.130Z', 'age': 36}, 'registered': {'date': '2006-06-07T17:47:33.397Z', 'age': 18}, 'phone': '7550149920', 'cell': '7721940569', 'id': {'name': 'UIDAI', 'value': '285765381172'}, 'picture': {'large': 'https://randomuser.me/api/portraits/men/99.jpg', 'medium': 'https://randomuser.me/api/portraits/med/men/99.jpg', 'thumbnail': 'https://randomuser.me/api/portraits/thumb/men/99.jpg'}, 'nat': 'IN'}</msg>
<arg>${json_data['results'][0]}</arg>
<doc>Logs the given message with the given level.</doc>
<status status="PASS" start="2024-07-22T04:18:37.522947" elapsed="0.000414"/>
</kw>
<kw name="Log" owner="BuiltIn">
<msg time="2024-07-22T04:18:37.523842" level="INFO">location</msg>
<arg>${key}</arg>
<doc>Logs the given message with the given level.</doc>
<status status="PASS" start="2024-07-22T04:18:37.523709" elapsed="0.000171"/>
</kw>
<var name="${key}">location</var>
<status status="PASS" start="2024-07-22T04:18:37.522253" elapsed="0.001848"/>
</iter>
<iter>
<kw name="Dictionary Should Contain Key" owner="Collections">
<arg>${json_data['results'][0]}</arg>
<arg>${key}</arg>
<doc>Fails if ``key`` is not found from ``dictionary``.</doc>
<status status="PASS" start="2024-07-22T04:18:37.524379" elapsed="0.000380"/>
</kw>
<kw name="Log" owner="BuiltIn">
<msg time="2024-07-22T04:18:37.525446" level="INFO">{'gender': 'male', 'name': {'title': 'Mr', 'first': 'Gunbir', 'last': 'Bhoja'}, 'location': {'street': {'number': 8152, 'name': 'Chaman Ganj'}, 'city': 'Motihari', 'state': 'Rajasthan', 'country': 'India', 'postcode': 61877, 'coordinates': {'latitude': '6.0851', 'longitude': '-46.9273'}, 'timezone': {'offset': '+10:00', 'description': 'Eastern Australia, Guam, Vladivostok'}}, 'email': 'gunbir.bhoja@example.com', 'login': {'uuid': '62fd29c9-eded-4da4-97ca-4c3f489117fe', 'username': 'silvermouse378', 'password': 'iiiiiiii', 'salt': '31312Nt2', 'md5': '9f804fd4f16295bdf39e1d1645c5e81e', 'sha1': '4f93f59bc29c1a3fe27a21c0b8dfcbb22f82d493', 'sha256': '312320483a81a3fe94033a8b9cdf492111563d870ce2130ac190e571c3537488'}, 'dob': {'date': '1987-08-05T03:19:52.130Z', 'age': 36}, 'registered': {'date': '2006-06-07T17:47:33.397Z', 'age': 18}, 'phone': '7550149920', 'cell': '7721940569', 'id': {'name': 'UIDAI', 'value': '285765381172'}, 'picture': {'large': 'https://randomuser.me/api/portraits/men/99.jpg', 'medium': 'https://randomuser.me/api/portraits/med/men/99.jpg', 'thumbnail': 'https://randomuser.me/api/portraits/thumb/men/99.jpg'}, 'nat': 'IN'}</msg>
<arg>${json_data['results'][0]}</arg>
<doc>Logs the given message with the given level.</doc>
<status status="PASS" start="2024-07-22T04:18:37.525089" elapsed="0.000406"/>
</kw>
<kw name="Log" owner="BuiltIn">
<msg time="2024-07-22T04:18:37.525919" level="INFO">email</msg>
<arg>${key}</arg>
<doc>Logs the given message with the given level.</doc>
<status status="PASS" start="2024-07-22T04:18:37.525791" elapsed="0.000166"/>
</kw>
<var name="${key}">email</var>
<status status="PASS" start="2024-07-22T04:18:37.524272" elapsed="0.001899"/>
</iter>
<iter>
<kw name="Dictionary Should Contain Key" owner="Collections">
<arg>${json_data['results'][0]}</arg>
<arg>${key}</arg>
<doc>Fails if ``key`` is not found from ``dictionary``.</doc>
<status status="PASS" start="2024-07-22T04:18:37.526450" elapsed="0.000377"/>
</kw>
<kw name="Log" owner="BuiltIn">
<msg time="2024-07-22T04:18:37.527360" level="INFO">{'gender': 'male', 'name': {'title': 'Mr', 'first': 'Gunbir', 'last': 'Bhoja'}, 'location': {'street': {'number': 8152, 'name': 'Chaman Ganj'}, 'city': 'Motihari', 'state': 'Rajasthan', 'country': 'India', 'postcode': 61877, 'coordinates': {'latitude': '6.0851', 'longitude': '-46.9273'}, 'timezone': {'offset': '+10:00', 'description': 'Eastern Australia, Guam, Vladivostok'}}, 'email': 'gunbir.bhoja@example.com', 'login': {'uuid': '62fd29c9-eded-4da4-97ca-4c3f489117fe', 'username': 'silvermouse378', 'password': 'iiiiiiii', 'salt': '31312Nt2', 'md5': '9f804fd4f16295bdf39e1d1645c5e81e', 'sha1': '4f93f59bc29c1a3fe27a21c0b8dfcbb22f82d493', 'sha256': '312320483a81a3fe94033a8b9cdf492111563d870ce2130ac190e571c3537488'}, 'dob': {'date': '1987-08-05T03:19:52.130Z', 'age': 36}, 'registered': {'date': '2006-06-07T17:47:33.397Z', 'age': 18}, 'phone': '7550149920', 'cell': '7721940569', 'id': {'name': 'UIDAI', 'value': '285765381172'}, 'picture': {'large': 'https://randomuser.me/api/portraits/men/99.jpg', 'medium': 'https://randomuser.me/api/portraits/med/men/99.jpg', 'thumbnail': 'https://randomuser.me/api/portraits/thumb/men/99.jpg'}, 'nat': 'IN'}</msg>
<arg>${json_data['results'][0]}</arg>
<doc>Logs the given message with the given level.</doc>
<status status="PASS" start="2024-07-22T04:18:37.527008" elapsed="0.000399"/>
</kw>
<kw name="Log" owner="BuiltIn">
<msg time="2024-07-22T04:18:37.527856" level="INFO">login</msg>
<arg>${key}</arg>
<doc>Logs the given message with the given level.</doc>
<status status="PASS" start="2024-07-22T04:18:37.527725" elapsed="0.000168"/>
</kw>
<var name="${key}">login</var>
<status status="PASS" start="2024-07-22T04:18:37.526342" elapsed="0.001771"/>
</iter>
<var>${key}</var>
<value>@{expected_keys}</value>
<status status="PASS" start="2024-07-22T04:18:37.517873" elapsed="0.010361"/>
</for>
<kw name="Create List" owner="BuiltIn">
<msg time="2024-07-22T04:18:37.528569" level="INFO">${expected_keysTwo} = ['username', 'password']</msg>
<var>${expected_keysTwo}</var>
<arg>username</arg>
<arg>password</arg>
<doc>Returns a list containing given items.</doc>
<status status="PASS" start="2024-07-22T04:18:37.528431" elapsed="0.000193"/>
</kw>
<for flavor="IN">
<iter>
<kw name="Dictionary Should Contain Key" owner="Collections">
<arg>${json_data['results'][0]['login']}</arg>
<arg>${keyTwo}</arg>
<doc>Fails if ``key`` is not found from ``dictionary``.</doc>
<status status="PASS" start="2024-07-22T04:18:37.529134" elapsed="0.000385"/>
</kw>
<kw name="Dictionary Should Contain Key" owner="Collections">
<arg>${json_data['results'][0]['login']}</arg>
<arg>${keyTwo}</arg>
<doc>Fails if ``key`` is not found from ``dictionary``.</doc>
<status status="PASS" start="2024-07-22T04:18:37.529699" elapsed="0.000376"/>
</kw>
<kw name="Log" owner="BuiltIn">
<msg time="2024-07-22T04:18:37.530374" level="INFO">username</msg>
<arg>${keyTwo}</arg>
<doc>Logs the given message with the given level.</doc>
<status status="PASS" start="2024-07-22T04:18:37.530254" elapsed="0.000158"/>
</kw>
<var name="${keyTwo}">username</var>
<status status="PASS" start="2024-07-22T04:18:37.529027" elapsed="0.001604"/>
</iter>
<iter>
<kw name="Dictionary Should Contain Key" owner="Collections">
<arg>${json_data['results'][0]['login']}</arg>
<arg>${keyTwo}</arg>
<doc>Fails if ``key`` is not found from ``dictionary``.</doc>
<status status="PASS" start="2024-07-22T04:18:37.530912" elapsed="0.000384"/>
</kw>
<kw name="Dictionary Should Contain Key" owner="Collections">
<arg>${json_data['results'][0]['login']}</arg>
<arg>${keyTwo}</arg>
<doc>Fails if ``key`` is not found from ``dictionary``.</doc>
<status status="PASS" start="2024-07-22T04:18:37.531476" elapsed="0.000432"/>
</kw>
<kw name="Log" owner="BuiltIn">
<msg time="2024-07-22T04:18:37.532211" level="INFO">password</msg>
<arg>${keyTwo}</arg>
<doc>Logs the given message with the given level.</doc>
<status status="PASS" start="2024-07-22T04:18:37.532085" elapsed="0.000163"/>
</kw>
<var name="${keyTwo}">password</var>
<status status="PASS" start="2024-07-22T04:18:37.530801" elapsed="0.001667"/>
</iter>
<var>${keyTwo}</var>
<value>@{expected_keysTwo}</value>
<status status="PASS" start="2024-07-22T04:18:37.528870" elapsed="0.003719"/>
</for>
<status status="PASS" start="2024-07-22T04:18:37.425773" elapsed="0.106962"/>
</kw>
<doc>Testa a estrutura da resposta da API.</doc>
<tag>testeEstruturaResposta</tag>
<status status="PASS" start="2024-07-22T04:18:37.425167" elapsed="0.107726"/>
</test>
<test id="s1-s1-t4" name="Validar tipos de dados" line="28">
<kw name="Teste de Tipos de Dados" owner="random-user-service">
<kw name="GET On Session" owner="RequestsLibrary">
<msg time="2024-07-22T04:18:37.639959" level="INFO">GET Request : url=https://randomuser.me/api 
 path_url=/api 
 headers={'User-Agent': 'python-requests/2.32.3', 'Accept-Encoding': 'gzip, deflate', 'Accept': '*/*', 'Connection': 'keep-alive'} 
 body=None 
 </msg>
<msg time="2024-07-22T04:18:37.640076" level="INFO">GET Response : url=https://randomuser.me/api 
 status=200, reason=OK 
 headers={'Date': 'Mon, 22 Jul 2024 04:18:37 GMT', 'Content-Type': 'application/json; charset=utf-8', 'Transfer-Encoding': 'chunked', 'Connection': 'keep-alive', 'X-Powered-By': 'Express', 'Access-Control-Allow-Origin': '*', 'Cache-Control': 'no-cache', 'ETag': 'W/"492-YiFxoelgN7QwcB0esRgTQNS3i3w"', 'Vary': 'Accept-Encoding', 'Content-Encoding': 'gzip', 'CF-Cache-Status': 'DYNAMIC', 'Report-To': '{"endpoints":[{"url":"https:\\/\\/a.nel.cloudflare.com\\/report\\/v4?s=Hwsjs7TfO4vqKQR0zMobyBsY%2BEjGsI7qzcC2MlDvwMybypHNGpXgDR62IUGHzr7YQncRmtGFLYIklVtnxyrH%2FqiDyKsstJ1V8KmdilbOC0LTxkdhg4DdUHOd%2B%2F9gfU1%2B"}],"group":"cf-nel","max_age":604800}', 'NEL': '{"success_fraction":0,"report_to":"cf-nel","max_age":604800}', 'Server': 'cloudflare', 'CF-RAY': '8a70a0b89a361739-SJC', 'alt-svc': 'h3=":443"; ma=86400'} 
 body={"results":[{"gender":"male","name":{"title":"Mr","first":"Naïm","last":"Ottenhoff"},"location":{"street":{"number":987,"name":"Dijkplan"},"city":"Middelbeers","state":"Zuid-Holland","country":"Netherlands","postcode":"1864 OM","coordinates":{"latitude":"36.1229","longitude":"-100.3390"},"timezone":{"offset":"+4:00","description":"Abu Dhabi, Muscat, Baku, Tbilisi"}},"email":"naim.ottenhoff@example.com","login":{"uuid":"a8a168e5-0407-40b0-ab46-8e908816a59b","username":"crazykoala598","password":"qweqwe","salt":"craDaTd5","md5":"c3845797d65225ab7e6453b12b40e408","sha1":"0a3b04a44da9a7646ff71cf693330b76f9778ec0","sha256":"65c7d9f4a9dc2ed80a8846e673c210fea08946245670dfb30d48395ef96f30f7"},"dob":{"date":"1997-10-10T20:43:12.922Z","age":26},"registered":{"date":"2013-08-28T20:50:42.376Z","age":10},"phone":"(0977) 387777","cell":"(06) 26746641","id":{"name":"BSN","value":"54138544"},"picture":{"large":"https://randomuser.me/api/portraits/men/2.jpg","medium":"https://randomuser.me/api/portraits/med/men/2.jpg","thumbnail":"https://randomuser.me/api/portraits/thumb/men/2.jpg"},"nat":"NL"}],"info":{"seed":"cd17526750e8ba0c","results":1,"page":1,"version":"1.4"}} 
 </msg>
<msg time="2024-07-22T04:18:37.640162" level="INFO">/opt/hostedtoolcache/Python/3.12.4/x64/lib/python3.12/site-packages/urllib3/connectionpool.py:1099: InsecureRequestWarning: Unverified HTTPS request is being made to host 'randomuser.me'. Adding certificate verification is strongly advised. See: https://urllib3.readthedocs.io/en/latest/advanced-usage.html#tls-warnings
  warnings.warn(</msg>
<msg time="2024-07-22T04:18:37.640310" level="INFO">${response} = &lt;Response [200]&gt;</msg>
<var>${response}</var>
<arg>consultarAPI</arg>
<arg>/api</arg>
<doc>Sends a GET request on a previously created HTTP Session.</doc>
<status status="PASS" start="2024-07-22T04:18:37.535513" elapsed="0.104841"/>
</kw>
<kw name="Set Variable" owner="BuiltIn">
<msg time="2024-07-22T04:18:37.641430" level="INFO">${json_data} = {'results': [{'gender': 'male', 'name': {'title': 'Mr', 'first': 'Naïm', 'last': 'Ottenhoff'}, 'location': {'street': {'number': 987, 'name': 'Dijkplan'}, 'city': 'Middelbeers', 'state': 'Zuid-Holland...</msg>
<var>${json_data}</var>
<arg>${response.json()}</arg>
<doc>Returns the given values which can then be assigned to a variables.</doc>
<status status="PASS" start="2024-07-22T04:18:37.640893" elapsed="0.000567"/>
</kw>
<kw name="Log" owner="BuiltIn">
<msg time="2024-07-22T04:18:37.641934" level="INFO">{'results': [{'gender': 'male', 'name': {'title': 'Mr', 'first': 'Naïm', 'last': 'Ottenhoff'}, 'location': {'street': {'number': 987, 'name': 'Dijkplan'}, 'city': 'Middelbeers', 'state': 'Zuid-Holland', 'country': 'Netherlands', 'postcode': '1864 OM', 'coordinates': {'latitude': '36.1229', 'longitude': '-100.3390'}, 'timezone': {'offset': '+4:00', 'description': 'Abu Dhabi, Muscat, Baku, Tbilisi'}}, 'email': 'naim.ottenhoff@example.com', 'login': {'uuid': 'a8a168e5-0407-40b0-ab46-8e908816a59b', 'username': 'crazykoala598', 'password': 'qweqwe', 'salt': 'craDaTd5', 'md5': 'c3845797d65225ab7e6453b12b40e408', 'sha1': '0a3b04a44da9a7646ff71cf693330b76f9778ec0', 'sha256': '65c7d9f4a9dc2ed80a8846e673c210fea08946245670dfb30d48395ef96f30f7'}, 'dob': {'date': '1997-10-10T20:43:12.922Z', 'age': 26}, 'registered': {'date': '2013-08-28T20:50:42.376Z', 'age': 10}, 'phone': '(0977) 387777', 'cell': '(06) 26746641', 'id': {'name': 'BSN', 'value': '54138544'}, 'picture': {'large': 'https://randomuser.me/api/portraits/men/2.jpg', 'medium': 'https://randomuser.me/api/portraits/med/men/2.jpg', 'thumbnail': 'https://randomuser.me/api/portraits/thumb/men/2.jpg'}, 'nat': 'NL'}], 'info': {'seed': 'cd17526750e8ba0c', 'results': 1, 'page': 1, 'version': '1.4'}}</msg>
<arg>${json_data}</arg>
<doc>Logs the given message with the given level.</doc>
<status status="PASS" start="2024-07-22T04:18:37.641774" elapsed="0.000211"/>
</kw>
<kw name="Should Be String" owner="String">
<arg>${json_data['results'][0]['gender']}</arg>
<doc>Fails if the given ``item`` is not a string.</doc>
<status status="PASS" start="2024-07-22T04:18:37.642281" elapsed="0.000372"/>
</kw>
<kw name="Should Match Regexp" owner="BuiltIn">
<arg>${json_data['results'][0]['email']}</arg>
<arg>^[a-zA-Z0-9._%+-]+@[a-zA-Z0-9.-]+\.[a-zA-Z]{2,}$</arg>
<doc>Fails if ``string`` does not match ``pattern`` as a regular expression.</doc>
<status status="PASS" start="2024-07-22T04:18:37.642844" elapsed="0.000534"/>
</kw>
<kw name="Should Match Regexp" owner="BuiltIn">
<arg>${json_data['results'][0]['dob']['date']}</arg>
<arg>\\d{4}-\\d{2}-\\d{2}T\\d{2}:\\d{2}:\\d{2}\\.\\d{3}Z</arg>
<doc>Fails if ``string`` does not match ``pattern`` as a regular expression.</doc>
<status status="PASS" start="2024-07-22T04:18:37.643612" elapsed="0.000694"/>
</kw>
<kw name="Should Match Regexp" owner="BuiltIn">
<arg>${json_data['results'][0]['registered']['date']}</arg>
<arg>\\d{4}-\\d{2}-\\d{2}T\\d{2}:\\d{2}:\\d{2}\\.\\d{3}Z</arg>
<doc>Fails if ``string`` does not match ``pattern`` as a regular expression.</doc>
<status status="PASS" start="2024-07-22T04:18:37.644504" elapsed="0.000380"/>
</kw>
<kw name="Should Match Regexp" owner="BuiltIn">
<arg>${json_data['results'][0]['picture']['large']}</arg>
<arg>^https?://.*\.(?:png|jpe?g|gif|bmp)$</arg>
<doc>Fails if ``string`` does not match ``pattern`` as a regular expression.</doc>
<status status="PASS" start="2024-07-22T04:18:37.645072" elapsed="0.000466"/>
</kw>
<kw name="Should Match Regexp" owner="BuiltIn">
<arg>${json_data['results'][0]['picture']['medium']}</arg>
<arg>^https?://.*\.(?:png|jpe?g|gif|bmp)$</arg>
<doc>Fails if ``string`` does not match ``pattern`` as a regular expression.</doc>
<status status="PASS" start="2024-07-22T04:18:37.645731" elapsed="0.000355"/>
</kw>
<kw name="Should Match Regexp" owner="BuiltIn">
<arg>${json_data['results'][0]['picture']['thumbnail']}</arg>
<arg>^https?://.*\.(?:png|jpe?g|gif|bmp)$</arg>
<doc>Fails if ``string`` does not match ``pattern`` as a regular expression.</doc>
<status status="PASS" start="2024-07-22T04:18:37.646284" elapsed="0.000356"/>
</kw>
<kw name="Log" owner="BuiltIn">
<msg time="2024-07-22T04:18:37.647146" level="INFO">{'large': 'https://randomuser.me/api/portraits/men/2.jpg', 'medium': 'https://randomuser.me/api/portraits/med/men/2.jpg', 'thumbnail': 'https://randomuser.me/api/portraits/thumb/men/2.jpg'}</msg>
<arg>${json_data['results'][0]['picture']}</arg>
<doc>Logs the given message with the given level.</doc>
<status status="PASS" start="2024-07-22T04:18:37.646822" elapsed="0.000367"/>
</kw>
<status status="PASS" start="2024-07-22T04:18:37.535281" elapsed="0.112171"/>
</kw>
<kw name="Teste de Tipos de Dados - Postcode" owner="random-user-service">
<kw name="GET On Session" owner="RequestsLibrary">
<msg time="2024-07-22T04:18:37.739592" level="INFO">GET Request : url=https://randomuser.me/api 
 path_url=/api 
 headers={'User-Agent': 'python-requests/2.32.3', 'Accept-Encoding': 'gzip, deflate', 'Accept': '*/*', 'Connection': 'keep-alive'} 
 body=None 
 </msg>
<msg time="2024-07-22T04:18:37.739727" level="INFO">GET Response : url=https://randomuser.me/api 
 status=200, reason=OK 
 headers={'Date': 'Mon, 22 Jul 2024 04:18:37 GMT', 'Content-Type': 'application/json; charset=utf-8', 'Transfer-Encoding': 'chunked', 'Connection': 'keep-alive', 'X-Powered-By': 'Express', 'Access-Control-Allow-Origin': '*', 'Cache-Control': 'no-cache', 'ETag': 'W/"485-tQyKN/iVzUvPT/xpgg3oJT5HInA"', 'Vary': 'Accept-Encoding', 'Content-Encoding': 'gzip', 'CF-Cache-Status': 'DYNAMIC', 'Report-To': '{"endpoints":[{"url":"https:\\/\\/a.nel.cloudflare.com\\/report\\/v4?s=GVSManBfHRKYVcvMGdeJUKKo%2FTurtI3dJ519B75KRbX2OPQWCI68U0NAXNcB8zvSQJTLh8wUcCj3Jg2Mwb0Yt6he7lSwhUyJiRQyG9Q2o%2FiLQC5L2XIv6XlBmfE01SLs"}],"group":"cf-nel","max_age":604800}', 'NEL': '{"success_fraction":0,"report_to":"cf-nel","max_age":604800}', 'Server': 'cloudflare', 'CF-RAY': '8a70a0b95ae01739-SJC', 'alt-svc': 'h3=":443"; ma=86400'} 
 body={"results":[{"gender":"female","name":{"title":"Mrs","first":"Wanda","last":"Aragão"},"location":{"street":{"number":984,"name":"Rua Carlos Gomes"},"city":"Porto Velho","state":"Piauí","country":"Brazil","postcode":57978,"coordinates":{"latitude":"-77.6390","longitude":"81.7954"},"timezone":{"offset":"-3:30","description":"Newfoundland"}},"email":"wanda.aragao@example.com","login":{"uuid":"f05512ba-8b79-48d9-ad04-89b36e556757","username":"brownlion618","password":"369369","salt":"TDKH1Lj2","md5":"6dbd77b92dfaf07dc5d769cf4fdba61c","sha1":"f09384c8f11ff055678417dcf528c85e73eb2a0a","sha256":"acf813d809d42b3d154cf42a7cfc7a02198cca4e13d22ff7d7e933391f342f23"},"dob":{"date":"1985-05-07T21:18:00.043Z","age":39},"registered":{"date":"2006-02-19T15:56:13.928Z","age":18},"phone":"(93) 3443-4396","cell":"(74) 3224-5573","id":{"name":"CPF","value":"264.245.292-86"},"picture":{"large":"https://randomuser.me/api/portraits/women/40.jpg","medium":"https://randomuser.me/api/portraits/med/women/40.jpg","thumbnail":"https://randomuser.me/api/portraits/thumb/women/40.jpg"},"nat":"BR"}],"info":{"seed":"91a4d11db2ea9cf2","results":1,"page":1,"version":"1.4"}} 
 </msg>
<msg time="2024-07-22T04:18:37.739804" level="INFO">/opt/hostedtoolcache/Python/3.12.4/x64/lib/python3.12/site-packages/urllib3/connectionpool.py:1099: InsecureRequestWarning: Unverified HTTPS request is being made to host 'randomuser.me'. Adding certificate verification is strongly advised. See: https://urllib3.readthedocs.io/en/latest/advanced-usage.html#tls-warnings
  warnings.warn(</msg>
<msg time="2024-07-22T04:18:37.739928" level="INFO">${response} = &lt;Response [200]&gt;</msg>
<var>${response}</var>
<arg>consultarAPI</arg>
<arg>/api</arg>
<doc>Sends a GET request on a previously created HTTP Session.</doc>
<status status="PASS" start="2024-07-22T04:18:37.647944" elapsed="0.092023"/>
</kw>
<kw name="Set Variable" owner="BuiltIn">
<msg time="2024-07-22T04:18:37.741166" level="INFO">${json_data} = {'results': [{'gender': 'female', 'name': {'title': 'Mrs', 'first': 'Wanda', 'last': 'Aragão'}, 'location': {'street': {'number': 984, 'name': 'Rua Carlos Gomes'}, 'city': 'Porto Velho', 'state': 'Pia...</msg>
<var>${json_data}</var>
<arg>${response.json()}</arg>
<doc>Returns the given values which can then be assigned to a variables.</doc>
<status status="PASS" start="2024-07-22T04:18:37.740616" elapsed="0.000580"/>
</kw>
<kw name="Log" owner="BuiltIn">
<msg time="2024-07-22T04:18:37.741675" level="INFO">{'results': [{'gender': 'female', 'name': {'title': 'Mrs', 'first': 'Wanda', 'last': 'Aragão'}, 'location': {'street': {'number': 984, 'name': 'Rua Carlos Gomes'}, 'city': 'Porto Velho', 'state': 'Piauí', 'country': 'Brazil', 'postcode': 57978, 'coordinates': {'latitude': '-77.6390', 'longitude': '81.7954'}, 'timezone': {'offset': '-3:30', 'description': 'Newfoundland'}}, 'email': 'wanda.aragao@example.com', 'login': {'uuid': 'f05512ba-8b79-48d9-ad04-89b36e556757', 'username': 'brownlion618', 'password': '369369', 'salt': 'TDKH1Lj2', 'md5': '6dbd77b92dfaf07dc5d769cf4fdba61c', 'sha1': 'f09384c8f11ff055678417dcf528c85e73eb2a0a', 'sha256': 'acf813d809d42b3d154cf42a7cfc7a02198cca4e13d22ff7d7e933391f342f23'}, 'dob': {'date': '1985-05-07T21:18:00.043Z', 'age': 39}, 'registered': {'date': '2006-02-19T15:56:13.928Z', 'age': 18}, 'phone': '(93) 3443-4396', 'cell': '(74) 3224-5573', 'id': {'name': 'CPF', 'value': '264.245.292-86'}, 'picture': {'large': 'https://randomuser.me/api/portraits/women/40.jpg', 'medium': 'https://randomuser.me/api/portraits/med/women/40.jpg', 'thumbnail': 'https://randomuser.me/api/portraits/thumb/women/40.jpg'}, 'nat': 'BR'}], 'info': {'seed': '91a4d11db2ea9cf2', 'results': 1, 'page': 1, 'version': '1.4'}}</msg>
<arg>${json_data}</arg>
<doc>Logs the given message with the given level.</doc>
<status status="PASS" start="2024-07-22T04:18:37.741516" elapsed="0.000207"/>
</kw>
<kw name="Should Be Equal As Numbers" owner="BuiltIn">
<arg>${json_data['results'][0]['location']['postcode']}</arg>
<arg>${json_data['results'][0]['location']['postcode']}</arg>
<doc>Fails if objects are unequal after converting them to real numbers.</doc>
<status status="PASS" start="2024-07-22T04:18:37.742015" elapsed="0.000629"/>
</kw>
<kw name="Log" owner="BuiltIn">
<msg time="2024-07-22T04:18:37.743177" level="INFO">57978</msg>
<arg>${json_data['results'][0]['location']['postcode']}</arg>
<doc>Logs the given message with the given level.</doc>
<status status="PASS" start="2024-07-22T04:18:37.742843" elapsed="0.000373"/>
</kw>
<status status="PASS" start="2024-07-22T04:18:37.647702" elapsed="0.095806"/>
</kw>
<doc>Testa se os tipos de dados na resposta da API estão corretos.</doc>
<tag>testeTiposDados</tag>
<status status="PASS" start="2024-07-22T04:18:37.534691" elapsed="0.209030"/>
</test>
<test id="s1-s1-t5" name="Validar conteudo" line="35">
<kw name="Teste de Tipos de Conteudo" owner="random-user-service">
<kw name="GET On Session" owner="RequestsLibrary">
<msg time="2024-07-22T04:18:37.840212" level="INFO">GET Request : url=https://randomuser.me/api 
 path_url=/api 
 headers={'User-Agent': 'python-requests/2.32.3', 'Accept-Encoding': 'gzip, deflate', 'Accept': '*/*', 'Connection': 'keep-alive'} 
 body=None 
 </msg>
<msg time="2024-07-22T04:18:37.840326" level="INFO">GET Response : url=https://randomuser.me/api 
 status=200, reason=OK 
 headers={'Date': 'Mon, 22 Jul 2024 04:18:37 GMT', 'Content-Type': 'application/json; charset=utf-8', 'Transfer-Encoding': 'chunked', 'Connection': 'keep-alive', 'X-Powered-By': 'Express', 'Access-Control-Allow-Origin': '*', 'Cache-Control': 'no-cache', 'ETag': 'W/"471-QWlvDcHXK0X0u9JyUNpC8PVB58E"', 'Vary': 'Accept-Encoding', 'Content-Encoding': 'gzip', 'CF-Cache-Status': 'DYNAMIC', 'Report-To': '{"endpoints":[{"url":"https:\\/\\/a.nel.cloudflare.com\\/report\\/v4?s=5kAc2wQ2PvKkjou7ekarlCt4WCe53EU790QE%2B6XYchuLRH%2BXXn2Ik9xUW%2ByxW%2BpgHfHRebJsbieECJe3u5FCdBoEYVB%2BpHxYwz1N8gkeCtXeM4aU5ZfNoTgmLigRi4n5"}],"group":"cf-nel","max_age":604800}', 'NEL': '{"success_fraction":0,"report_to":"cf-nel","max_age":604800}', 'Server': 'cloudflare', 'CF-RAY': '8a70a0b9eb6c1739-SJC', 'alt-svc': 'h3=":443"; ma=86400'} 
 body={"results":[{"gender":"female","name":{"title":"Ms","first":"Paige","last":"Morris"},"location":{"street":{"number":8994,"name":"Strand Road"},"city":"Dungarvan","state":"Longford","country":"Ireland","postcode":20018,"coordinates":{"latitude":"-2.5892","longitude":"16.6940"},"timezone":{"offset":"-3:30","description":"Newfoundland"}},"email":"paige.morris@example.com","login":{"uuid":"cae5ec59-1538-4016-8e38-90dd091afc72","username":"lazymouse125","password":"celtic","salt":"vnFahyG6","md5":"0629142a2a16e40a4fbaee804cbc0573","sha1":"f0ebc527ff77a46302d16fc1e1be267a76844f88","sha256":"23ca5e466361fb3dcb2cf7ac2f6af428065333ceb302a35e56edb9eff57b1e1b"},"dob":{"date":"1993-08-07T20:13:25.025Z","age":30},"registered":{"date":"2019-03-11T08:38:50.914Z","age":5},"phone":"051-069-7419","cell":"081-310-9827","id":{"name":"PPS","value":"9906100T"},"picture":{"large":"https://randomuser.me/api/portraits/women/2.jpg","medium":"https://randomuser.me/api/portraits/med/women/2.jpg","thumbnail":"https://randomuser.me/api/portraits/thumb/women/2.jpg"},"nat":"IE"}],"info":{"seed":"a7cef6331b7893be","results":1,"page":1,"version":"1.4"}} 
 </msg>
<msg time="2024-07-22T04:18:37.840409" level="INFO">/opt/hostedtoolcache/Python/3.12.4/x64/lib/python3.12/site-packages/urllib3/connectionpool.py:1099: InsecureRequestWarning: Unverified HTTPS request is being made to host 'randomuser.me'. Adding certificate verification is strongly advised. See: https://urllib3.readthedocs.io/en/latest/advanced-usage.html#tls-warnings
  warnings.warn(</msg>
<msg time="2024-07-22T04:18:37.840551" level="INFO">${response} = &lt;Response [200]&gt;</msg>
<var>${response}</var>
<arg>consultarAPI</arg>
<arg>/api</arg>
<doc>Sends a GET request on a previously created HTTP Session.</doc>
<status status="PASS" start="2024-07-22T04:18:37.746271" elapsed="0.094340"/>
</kw>
<kw name="Set Variable" owner="BuiltIn">
<msg time="2024-07-22T04:18:37.841830" level="INFO">${json_data} = {'results': [{'gender': 'female', 'name': {'title': 'Ms', 'first': 'Paige', 'last': 'Morris'}, 'location': {'street': {'number': 8994, 'name': 'Strand Road'}, 'city': 'Dungarvan', 'state': 'Longford',...</msg>
<var>${json_data}</var>
<arg>${response.json()}</arg>
<doc>Returns the given values which can then be assigned to a variables.</doc>
<status status="PASS" start="2024-07-22T04:18:37.841253" elapsed="0.000606"/>
</kw>
<kw name="Set Variable" owner="BuiltIn">
<msg time="2024-07-22T04:18:37.842560" level="INFO">${name_title} = Ms</msg>
<var>${name_title}</var>
<arg>${json_data["results"][0]["name"]["title"]}</arg>
<doc>Returns the given values which can then be assigned to a variables.</doc>
<status status="PASS" start="2024-07-22T04:18:37.842170" elapsed="0.000415"/>
</kw>
<kw name="Create List" owner="BuiltIn">
<msg time="2024-07-22T04:18:37.843023" level="INFO">${allowed_titles} = ['Mr', 'Ms', 'Miss', 'Mrs', 'Madame', 'Monsieur']</msg>
<var>${allowed_titles}</var>
<arg>Mr</arg>
<arg>Ms</arg>
<arg>Miss</arg>
<arg>Mrs</arg>
<arg>Madame</arg>
<arg>Monsieur</arg>
<doc>Returns a list containing given items.</doc>
<status status="PASS" start="2024-07-22T04:18:37.842876" elapsed="0.000171"/>
</kw>
<kw name="List Should Contain Value" owner="Collections">
<arg>${allowed_titles}</arg>
<arg>${name_title}</arg>
<doc>Fails if the ``value`` is not found from ``list``.</doc>
<status status="PASS" start="2024-07-22T04:18:37.843341" elapsed="0.000185"/>
</kw>
<kw name="Set Variable" owner="BuiltIn">
<msg time="2024-07-22T04:18:37.844127" level="INFO">${name_country} = IE</msg>
<var>${name_country}</var>
<arg>${json_data["results"][0]["nat"]}</arg>
<doc>Returns the given values which can then be assigned to a variables.</doc>
<status status="PASS" start="2024-07-22T04:18:37.843742" elapsed="0.000410"/>
</kw>
<kw name="Create List" owner="BuiltIn">
<msg time="2024-07-22T04:18:37.845028" level="INFO">${list_country} = ['AD', 'AE', 'AF', 'AG', 'AI', 'AL', 'AM', 'AO', 'AQ', 'AR', 'AS', 'AT', 'AU', 'AW', 'AX', 'AZ', 'BA', 'BB', 'BD', 'BE', 'BF', 'BG', 'BH', 'BI', 'BJ', 'BL', 'BM', 'BN', 'BO', 'BQ', 'BR', 'BS', 'BT', '...</msg>
<var>${list_country}</var>
<arg>AD</arg>
<arg>AE</arg>
<arg>AF</arg>
<arg>AG</arg>
<arg>AI</arg>
<arg>AL</arg>
<arg>AM</arg>
<arg>AO</arg>
<arg>AQ</arg>
<arg>AR</arg>
<arg>AS</arg>
<arg>AT</arg>
<arg>AU</arg>
<arg>AW</arg>
<arg>AX</arg>
<arg>AZ</arg>
<arg>BA</arg>
<arg>BB</arg>
<arg>BD</arg>
<arg>BE</arg>
<arg>BF</arg>
<arg>BG</arg>
<arg>BH</arg>
<arg>BI</arg>
<arg>BJ</arg>
<arg>BL</arg>
<arg>BM</arg>
<arg>BN</arg>
<arg>BO</arg>
<arg>BQ</arg>
<arg>BR</arg>
<arg>BS</arg>
<arg>BT</arg>
<arg>BV</arg>
<arg>BW</arg>
<arg>BY</arg>
<arg>BZ</arg>
<arg>CA</arg>
<arg>CC</arg>
<arg>CD</arg>
<arg>CF</arg>
<arg>CG</arg>
<arg>CH</arg>
<arg>CI</arg>
<arg>CK</arg>
<arg>CL</arg>
<arg>CM</arg>
<arg>CN</arg>
<arg>CO</arg>
<arg>CR</arg>
<arg>CU</arg>
<arg>CV</arg>
<arg>CW</arg>
<arg>CX</arg>
<arg>CY</arg>
<arg>CZ</arg>
<arg>DE</arg>
<arg>DJ</arg>
<arg>DK</arg>
<arg>DM</arg>
<arg>DO</arg>
<arg>DZ</arg>
<arg>EC</arg>
<arg>EE</arg>
<arg>EG</arg>
<arg>EH</arg>
<arg>ER</arg>
<arg>ES</arg>
<arg>ET</arg>
<arg>FI</arg>
<arg>FJ</arg>
<arg>FK</arg>
<arg>FM</arg>
<arg>FO</arg>
<arg>FR</arg>
<arg>GA</arg>
<arg>GB</arg>
<arg>GD</arg>
<arg>GE</arg>
<arg>GF</arg>
<arg>GG</arg>
<arg>GH</arg>
<arg>GI</arg>
<arg>GL</arg>
<arg>GM</arg>
<arg>GN</arg>
<arg>GP</arg>
<arg>GQ</arg>
<arg>GR</arg>
<arg>GS</arg>
<arg>GT</arg>
<arg>GU</arg>
<arg>GW</arg>
<arg>GY</arg>
<arg>HK</arg>
<arg>HM</arg>
<arg>HN</arg>
<arg>HR</arg>
<arg>HT</arg>
<arg>HU</arg>
<arg>ID</arg>
<arg>IE</arg>
<arg>IL</arg>
<arg>IM</arg>
<arg>IN</arg>
<arg>IO</arg>
<arg>IQ</arg>
<arg>IR</arg>
<arg>IS</arg>
<arg>IT</arg>
<arg>JE</arg>
<arg>JM</arg>
<arg>JO</arg>
<arg>JP</arg>
<arg>KE</arg>
<arg>KG</arg>
<arg>KH</arg>
<arg>KI</arg>
<arg>KM</arg>
<arg>KN</arg>
<arg>KP</arg>
<arg>KR</arg>
<arg>KW</arg>
<arg>KY</arg>
<arg>KZ</arg>
<arg>LA</arg>
<arg>LB</arg>
<arg>LC</arg>
<arg>LI</arg>
<arg>LK</arg>
<arg>LR</arg>
<arg>LS</arg>
<arg>LT</arg>
<arg>LU</arg>
<arg>LV</arg>
<arg>LY</arg>
<arg>MA</arg>
<arg>MC</arg>
<arg>MD</arg>
<arg>ME</arg>
<arg>MF</arg>
<arg>MG</arg>
<arg>MH</arg>
<arg>MK</arg>
<arg>ML</arg>
<arg>MM</arg>
<arg>MN</arg>
<arg>MO</arg>
<arg>MP</arg>
<arg>MQ</arg>
<arg>MR</arg>
<arg>MS</arg>
<arg>MT</arg>
<arg>MU</arg>
<arg>MV</arg>
<arg>MW</arg>
<arg>MX</arg>
<arg>MY</arg>
<arg>MZ</arg>
<arg>NA</arg>
<arg>NC</arg>
<arg>NE</arg>
<arg>NF</arg>
<arg>NG</arg>
<arg>NI</arg>
<arg>NL</arg>
<arg>NO</arg>
<arg>NP</arg>
<arg>NR</arg>
<arg>NU</arg>
<arg>NZ</arg>
<arg>OM</arg>
<arg>PA</arg>
<arg>PE</arg>
<arg>PF</arg>
<arg>PG</arg>
<arg>PH</arg>
<arg>PK</arg>
<arg>PL</arg>
<arg>PM</arg>
<arg>PN</arg>
<arg>PR</arg>
<arg>PS</arg>
<arg>PT</arg>
<arg>PW</arg>
<arg>PY</arg>
<arg>QA</arg>
<arg>RE</arg>
<arg>RO</arg>
<arg>RS</arg>
<arg>RU</arg>
<arg>RW</arg>
<arg>SA</arg>
<arg>SB</arg>
<arg>SC</arg>
<arg>SD</arg>
<arg>SE</arg>
<arg>SG</arg>
<arg>SH</arg>
<arg>SI</arg>
<arg>SJ</arg>
<arg>SK</arg>
<arg>SL</arg>
<arg>SM</arg>
<arg>SN</arg>
<arg>SO</arg>
<arg>SR</arg>
<arg>SS</arg>
<arg>ST</arg>
<arg>SV</arg>
<arg>SX</arg>
<arg>SY</arg>
<arg>SZ</arg>
<arg>TC</arg>
<arg>TD</arg>
<arg>TF</arg>
<arg>TG</arg>
<arg>TH</arg>
<arg>TJ</arg>
<arg>TK</arg>
<arg>TL</arg>
<arg>TM</arg>
<arg>TN</arg>
<arg>TO</arg>
<arg>TR</arg>
<arg>TT</arg>
<arg>TV</arg>
<arg>TW</arg>
<arg>TZ</arg>
<arg>UA</arg>
<arg>UG</arg>
<arg>UM</arg>
<arg>US</arg>
<arg>UY</arg>
<arg>UZ</arg>
<arg>VA</arg>
<arg>VC</arg>
<arg>VE</arg>
<arg>VG</arg>
<arg>VI</arg>
<arg>VN</arg>
<arg>VU</arg>
<arg>WF</arg>
<arg>WS</arg>
<arg>XK</arg>
<arg>YE</arg>
<arg>YT</arg>
<arg>ZA</arg>
<arg>ZM</arg>
<arg>ZW</arg>
<doc>Returns a list containing given items.</doc>
<status status="PASS" start="2024-07-22T04:18:37.844440" elapsed="0.000614"/>
</kw>
<kw name="List Should Contain Value" owner="Collections">
<arg>${list_country}</arg>
<arg>${name_country}</arg>
<doc>Fails if the ``value`` is not found from ``list``.</doc>
<status status="PASS" start="2024-07-22T04:18:37.846030" elapsed="0.000207"/>
</kw>
<kw name="Run Keyword If" owner="BuiltIn">
<kw name="Should Be True" owner="BuiltIn">
<arg>${True}</arg>
<doc>Fails if the given condition is not true.</doc>
<status status="PASS" start="2024-07-22T04:18:37.847183" elapsed="0.000141"/>
</kw>
<arg>${json_data["results"][0]["location"]["coordinates"]["latitude"]} &gt;= -90 and ${json_data["results"][0]["location"]["coordinates"]["latitude"]} &lt;= 90</arg>
<arg>Should Be True</arg>
<arg>${True}</arg>
<doc>Runs the given keyword with the given arguments, if ``condition`` is true.</doc>
<status status="PASS" start="2024-07-22T04:18:37.846433" elapsed="0.001015"/>
</kw>
<kw name="Run Keyword If" owner="BuiltIn">
<kw name="Should Be True" owner="BuiltIn">
<arg>${True}</arg>
<doc>Fails if the given condition is not true.</doc>
<status status="PASS" start="2024-07-22T04:18:37.848421" elapsed="0.000138"/>
</kw>
<arg>${json_data["results"][0]["location"]["coordinates"]["longitude"]} &gt;= -180 and ${json_data["results"][0]["location"]["coordinates"]["longitude"]} &lt;= 180</arg>
<arg>Should Be True</arg>
<arg>${True}</arg>
<doc>Runs the given keyword with the given arguments, if ``condition`` is true.</doc>
<status status="PASS" start="2024-07-22T04:18:37.847655" elapsed="0.001025"/>
</kw>
<status status="PASS" start="2024-07-22T04:18:37.746040" elapsed="0.102779"/>
</kw>
<doc>Testa o conteúdo específico dos campos retornados pela API.</doc>
<tag>testeConteudo</tag>
<status status="PASS" start="2024-07-22T04:18:37.745474" elapsed="0.103504"/>
</test>
<status status="PASS" start="2024-07-22T04:18:36.928680" elapsed="0.922206"/>
</suite>
<status status="PASS" start="2024-07-22T04:18:36.914153" elapsed="0.941706"/>
</suite>
<statistics>
<total>
<stat pass="5" fail="0" skip="0">All Tests</stat>
</total>
<tag>
<stat pass="1" fail="0" skip="0">testeConteudo</stat>
<stat pass="1" fail="0" skip="0">testeEstruturaResposta</stat>
<stat pass="1" fail="0" skip="0">testeRequisicaoBasica</stat>
<stat pass="1" fail="0" skip="0">testeTiposDados</stat>
</tag>
<suite>
<stat pass="5" fail="0" skip="0" id="s1" name="Tests">Tests</stat>
<stat pass="5" fail="0" skip="0" id="s1-s1" name="Random-User-Test">Tests.Random-User-Test</stat>
</suite>
</statistics>
<errors>
</errors>
</robot>
