<?xml version="1.0" encoding="UTF-8"?>
<robot generator="Robot 7.0 (Python 3.12.3 on linux)" generated="2024-05-17T09:16:27.762158" rpa="false" schemaversion="5">
<suite id="s1" name="Tests" source="/home/runner/work/DesafioQAItauRogerioJordao/DesafioQAItauRogerioJordao/RamdonUser/tests">
<suite id="s1-s1" name="Random-User-Test" source="/home/runner/work/DesafioQAItauRogerioJordao/DesafioQAItauRogerioJordao/RamdonUser/tests/random-user-test.robot">
<test id="s1-s1-t1" name="Conectar" line="13">
<kw name="Conectar API" owner="random-user-service">
<kw name="Create Session" owner="RequestsLibrary">
<msg time="2024-05-17T09:16:28.191706" level="INFO">Creating Session using : alias=consultarAPI, url=https://randomuser.me/, headers={},                     cookies={}, auth=None, timeout=None, proxies=None, verify=False,                     debug=0 </msg>
<arg>consultarAPI</arg>
<arg>${URL}</arg>
<doc>Create Session: create a HTTP session to a server</doc>
<status status="PASS" start="2024-05-17T09:16:28.191491" elapsed="0.000412"/>
</kw>
<status status="PASS" start="2024-05-17T09:16:28.190293" elapsed="0.002019"/>
</kw>
<status status="PASS" start="2024-05-17T09:16:28.189543" elapsed="0.002968"/>
</test>
<test id="s1-s1-t2" name="Validar retorno 200 e JSON Válido" line="16">
<kw name="Teste de Requisicao Basica" owner="random-user-service">
<kw name="GET On Session" owner="RequestsLibrary">
<msg time="2024-05-17T09:16:28.274285" level="INFO">GET Request : url=https://randomuser.me/api 
 path_url=/api 
 headers={'User-Agent': 'python-requests/2.31.0', 'Accept-Encoding': 'gzip, deflate', 'Accept': '*/*', 'Connection': 'keep-alive'} 
 body=None 
 </msg>
<msg time="2024-05-17T09:16:28.274445" level="INFO">GET Response : url=https://randomuser.me/api 
 status=200, reason=OK 
 headers={'Date': 'Fri, 17 May 2024 09:16:28 GMT', 'Content-Type': 'application/json; charset=utf-8', 'Transfer-Encoding': 'chunked', 'Connection': 'keep-alive', 'X-Powered-By': 'Express', 'Access-Control-Allow-Origin': '*', 'Cache-Control': 'no-cache', 'ETag': 'W/"497-v0yRoLYxJU8JjbBzMKqauG3WqKI"', 'Vary': 'Accept-Encoding', 'Content-Encoding': 'gzip', 'CF-Cache-Status': 'DYNAMIC', 'Report-To': '{"endpoints":[{"url":"https:\\/\\/a.nel.cloudflare.com\\/report\\/v4?s=Hu5Xl6XTU8ScCJvncmDUbaM3c4vSE0Vv4OvBbvONFO4YLPJ7ppz3Lo9WQcsmIxcWLs43mCwLttE1u2Xg7XeQcu2aCnt%2B58NKO%2B46ZDu74R9RJ7exrrAOtZ60s8BMrorV"}],"group":"cf-nel","max_age":604800}', 'NEL': '{"success_fraction":0,"report_to":"cf-nel","max_age":604800}', 'Server': 'cloudflare', 'CF-RAY': '885282447b1a2197-ORD', 'alt-svc': 'h3=":443"; ma=86400'} 
 body={"results":[{"gender":"female","name":{"title":"Miss","first":"Ayşe","last":"Tahincioğlu"},"location":{"street":{"number":6554,"name":"Necatibey Cd"},"city":"Zonguldak","state":"İzmir","country":"Turkey","postcode":37487,"coordinates":{"latitude":"69.3362","longitude":"167.6920"},"timezone":{"offset":"+3:00","description":"Baghdad, Riyadh, Moscow, St. Petersburg"}},"email":"ayse.tahincioglu@example.com","login":{"uuid":"0b38a8d6-4fd2-42b2-ae77-d527896e26bb","username":"heavyswan428","password":"indians","salt":"01kjRl65","md5":"c68a3f215d92d0aa71210a817e05c9ae","sha1":"7e684d36d18d28b6c2cd6e81279aad21699306a2","sha256":"b5081a9300f4393b573ff7f2a8ca62ba324e9c6a608676b46599dcc1d76adb8b"},"dob":{"date":"1953-10-19T00:50:45.028Z","age":70},"registered":{"date":"2011-07-08T17:35:46.462Z","age":12},"phone":"(538)-147-6855","cell":"(406)-625-3194","id":{"name":"","value":null},"picture":{"large":"https://randomuser.me/api/portraits/women/51.jpg","medium":"https://randomuser.me/api/portraits/med/women/51.jpg","thumbnail":"https://randomuser.me/api/portraits/thumb/women/51.jpg"},"nat":"TR"}],"info":{"seed":"69730a33383e7e43","results":1,"page":1,"version":"1.4"}} 
 </msg>
<msg time="2024-05-17T09:16:28.274533" level="INFO">/opt/hostedtoolcache/Python/3.12.3/x64/lib/python3.12/site-packages/urllib3/connectionpool.py:1103: InsecureRequestWarning: Unverified HTTPS request is being made to host 'randomuser.me'. Adding certificate verification is strongly advised. See: https://urllib3.readthedocs.io/en/latest/advanced-usage.html#tls-warnings
  warnings.warn(</msg>
<msg time="2024-05-17T09:16:28.274689" level="INFO">${response} = &lt;Response [200]&gt;</msg>
<var>${response}</var>
<arg>consultarAPI</arg>
<arg>/api</arg>
<doc>Sends a GET request on a previously created HTTP Session.</doc>
<status status="PASS" start="2024-05-17T09:16:28.195204" elapsed="0.079527"/>
</kw>
<kw name="Should Be Equal As Numbers" owner="BuiltIn">
<msg time="2024-05-17T09:16:28.275743" level="INFO">Argument types are:
&lt;class 'int'&gt;
&lt;class 'str'&gt;</msg>
<arg>${response.status_code}</arg>
<arg>200</arg>
<doc>Fails if objects are unequal after converting them to real numbers.</doc>
<status status="PASS" start="2024-05-17T09:16:28.275284" elapsed="0.000525"/>
</kw>
<kw name="Log" owner="BuiltIn">
<msg time="2024-05-17T09:16:28.276565" level="INFO">200</msg>
<arg>${response.status_code}</arg>
<doc>Logs the given message with the given level.</doc>
<status status="PASS" start="2024-05-17T09:16:28.276204" elapsed="0.000404"/>
</kw>
<kw name="Set Variable" owner="BuiltIn">
<msg time="2024-05-17T09:16:28.277377" level="INFO">${json_data} = {'results': [{'gender': 'female', 'name': {'title': 'Miss', 'first': 'Ayşe', 'last': 'Tahincioğlu'}, 'location': {'street': {'number': 6554, 'name': 'Necatibey Cd'}, 'city': 'Zonguldak', 'state': 'İzm...</msg>
<var>${json_data}</var>
<arg>${response.json()}</arg>
<doc>Returns the given values which can then be assigned to a variables.</doc>
<status status="PASS" start="2024-05-17T09:16:28.276925" elapsed="0.000484"/>
</kw>
<kw name="Dictionary Should Contain Key" owner="Collections">
<msg time="2024-05-17T09:16:28.277901" level="INFO">False</msg>
<arg>${json_data}</arg>
<arg>results</arg>
<doc>Fails if ``key`` is not found from ``dictionary``.</doc>
<status status="PASS" start="2024-05-17T09:16:28.277725" elapsed="0.000217"/>
</kw>
<status status="PASS" start="2024-05-17T09:16:28.194950" elapsed="0.083261"/>
</kw>
<doc>Testa se a API responde corretamente e retorna um objeto JSON válido.</doc>
<tag>testeRequisicaoBasica</tag>
<status status="PASS" start="2024-05-17T09:16:28.194418" elapsed="0.083986"/>
</test>
<test id="s1-s1-t3" name="Validar estrutura de resposta" line="22">
<kw name="Teste de Estrutura de Resposta" owner="random-user-service">
<kw name="GET On Session" owner="RequestsLibrary">
<msg time="2024-05-17T09:16:28.373228" level="INFO">GET Request : url=https://randomuser.me/api 
 path_url=/api 
 headers={'User-Agent': 'python-requests/2.31.0', 'Accept-Encoding': 'gzip, deflate', 'Accept': '*/*', 'Connection': 'keep-alive'} 
 body=None 
 </msg>
<msg time="2024-05-17T09:16:28.373330" level="INFO">GET Response : url=https://randomuser.me/api 
 status=200, reason=OK 
 headers={'Date': 'Fri, 17 May 2024 09:16:28 GMT', 'Content-Type': 'application/json; charset=utf-8', 'Transfer-Encoding': 'chunked', 'Connection': 'keep-alive', 'X-Powered-By': 'Express', 'Access-Control-Allow-Origin': '*', 'Cache-Control': 'no-cache', 'ETag': 'W/"4a2-8slTSMG6srx5t2wvkiV9QeyvhII"', 'Vary': 'Accept-Encoding', 'Content-Encoding': 'gzip', 'CF-Cache-Status': 'DYNAMIC', 'Report-To': '{"endpoints":[{"url":"https:\\/\\/a.nel.cloudflare.com\\/report\\/v4?s=hvGvtiQYcVgHyjx0BWT0DGBChIx61VYoJSokv6Xvu5%2B0hWQW84IdG1WVsdJmFDFwrRAXF3U1G6t7EPGngpBhc8Fv%2FM8VaaYhlm7%2FrW7oeZFa%2FbcshAjfo1egzAaTiqdi"}],"group":"cf-nel","max_age":604800}', 'NEL': '{"success_fraction":0,"report_to":"cf-nel","max_age":604800}', 'Server': 'cloudflare', 'CF-RAY': '88528244cb5a2197-ORD', 'alt-svc': 'h3=":443"; ma=86400'} 
 body={"results":[{"gender":"male","name":{"title":"Mr","first":"Joerie","last":"Van Melick"},"location":{"street":{"number":8050,"name":"Achterneuvers"},"city":"Grijpskerke","state":"Zuid-Holland","country":"Netherlands","postcode":"5058 XL","coordinates":{"latitude":"30.2327","longitude":"-38.9853"},"timezone":{"offset":"-5:00","description":"Eastern Time (US &amp; Canada), Bogota, Lima"}},"email":"joerie.vanmelick@example.com","login":{"uuid":"7d3c04f5-7463-4f52-97a2-1143df57dbf5","username":"redcat169","password":"insert","salt":"ErBo8vj1","md5":"3a36a20e25419b418efe2f56d77bda2c","sha1":"b208867c98593a97434059d6fe1bea44995f4074","sha256":"2bed9242eaf7d657ec130d68938450821d9803f7af62ed4f5dad8570e98eb660"},"dob":{"date":"1948-09-21T03:24:26.861Z","age":75},"registered":{"date":"2007-07-03T00:08:37.358Z","age":16},"phone":"(089) 3486932","cell":"(06) 43446885","id":{"name":"BSN","value":"97299786"},"picture":{"large":"https://randomuser.me/api/portraits/men/20.jpg","medium":"https://randomuser.me/api/portraits/med/men/20.jpg","thumbnail":"https://randomuser.me/api/portraits/thumb/men/20.jpg"},"nat":"NL"}],"info":{"seed":"b16fef7126d7e9b4","results":1,"page":1,"version":"1.4"}} 
 </msg>
<msg time="2024-05-17T09:16:28.373462" level="INFO">/opt/hostedtoolcache/Python/3.12.3/x64/lib/python3.12/site-packages/urllib3/connectionpool.py:1103: InsecureRequestWarning: Unverified HTTPS request is being made to host 'randomuser.me'. Adding certificate verification is strongly advised. See: https://urllib3.readthedocs.io/en/latest/advanced-usage.html#tls-warnings
  warnings.warn(</msg>
<msg time="2024-05-17T09:16:28.373587" level="INFO">${response} = &lt;Response [200]&gt;</msg>
<var>${response}</var>
<arg>consultarAPI</arg>
<arg>/api</arg>
<doc>Sends a GET request on a previously created HTTP Session.</doc>
<status status="PASS" start="2024-05-17T09:16:28.281063" elapsed="0.092561"/>
</kw>
<kw name="Set Variable" owner="BuiltIn">
<msg time="2024-05-17T09:16:28.374695" level="INFO">${json_data} = {'results': [{'gender': 'male', 'name': {'title': 'Mr', 'first': 'Joerie', 'last': 'Van Melick'}, 'location': {'street': {'number': 8050, 'name': 'Achterneuvers'}, 'city': 'Grijpskerke', 'state': 'Zui...</msg>
<var>${json_data}</var>
<arg>${response.json()}</arg>
<doc>Returns the given values which can then be assigned to a variables.</doc>
<status status="PASS" start="2024-05-17T09:16:28.374157" elapsed="0.000570"/>
</kw>
<kw name="Log" owner="BuiltIn">
<msg time="2024-05-17T09:16:28.375210" level="INFO">{'results': [{'gender': 'male', 'name': {'title': 'Mr', 'first': 'Joerie', 'last': 'Van Melick'}, 'location': {'street': {'number': 8050, 'name': 'Achterneuvers'}, 'city': 'Grijpskerke', 'state': 'Zuid-Holland', 'country': 'Netherlands', 'postcode': '5058 XL', 'coordinates': {'latitude': '30.2327', 'longitude': '-38.9853'}, 'timezone': {'offset': '-5:00', 'description': 'Eastern Time (US &amp; Canada), Bogota, Lima'}}, 'email': 'joerie.vanmelick@example.com', 'login': {'uuid': '7d3c04f5-7463-4f52-97a2-1143df57dbf5', 'username': 'redcat169', 'password': 'insert', 'salt': 'ErBo8vj1', 'md5': '3a36a20e25419b418efe2f56d77bda2c', 'sha1': 'b208867c98593a97434059d6fe1bea44995f4074', 'sha256': '2bed9242eaf7d657ec130d68938450821d9803f7af62ed4f5dad8570e98eb660'}, 'dob': {'date': '1948-09-21T03:24:26.861Z', 'age': 75}, 'registered': {'date': '2007-07-03T00:08:37.358Z', 'age': 16}, 'phone': '(089) 3486932', 'cell': '(06) 43446885', 'id': {'name': 'BSN', 'value': '97299786'}, 'picture': {'large': 'https://randomuser.me/api/portraits/men/20.jpg', 'medium': 'https://randomuser.me/api/portraits/med/men/20.jpg', 'thumbnail': 'https://randomuser.me/api/portraits/thumb/men/20.jpg'}, 'nat': 'NL'}], 'info': {'seed': 'b16fef7126d7e9b4', 'results': 1, 'page': 1, 'version': '1.4'}}</msg>
<arg>${json_data}</arg>
<doc>Logs the given message with the given level.</doc>
<status status="PASS" start="2024-05-17T09:16:28.375048" elapsed="0.000224"/>
</kw>
<kw name="Dictionary Should Contain Key" owner="Collections">
<msg time="2024-05-17T09:16:28.375748" level="INFO">False</msg>
<arg>${json_data}</arg>
<arg>results</arg>
<doc>Fails if ``key`` is not found from ``dictionary``.</doc>
<status status="PASS" start="2024-05-17T09:16:28.375583" elapsed="0.000203"/>
</kw>
<kw name="Should Not Be Empty" owner="BuiltIn">
<msg time="2024-05-17T09:16:28.376298" level="INFO">Length is 2.</msg>
<arg>${json_data}</arg>
<doc>Verifies that the given item is not empty.</doc>
<status status="PASS" start="2024-05-17T09:16:28.376125" elapsed="0.000392"/>
</kw>
<kw name="Create List" owner="BuiltIn">
<msg time="2024-05-17T09:16:28.376984" level="INFO">${expected_keys} = ['gender', 'name', 'location', 'email', 'login']</msg>
<var>${expected_keys}</var>
<arg>gender</arg>
<arg>name</arg>
<arg>location</arg>
<arg>email</arg>
<arg>login</arg>
<doc>Returns a list containing given items.</doc>
<status status="PASS" start="2024-05-17T09:16:28.376824" elapsed="0.000184"/>
</kw>
<for flavor="IN">
<iter>
<kw name="Dictionary Should Contain Key" owner="Collections">
<msg time="2024-05-17T09:16:28.378028" level="INFO">False</msg>
<arg>${json_data['results'][0]}</arg>
<arg>${key}</arg>
<doc>Fails if ``key`` is not found from ``dictionary``.</doc>
<status status="PASS" start="2024-05-17T09:16:28.377616" elapsed="0.000452"/>
</kw>
<kw name="Log" owner="BuiltIn">
<msg time="2024-05-17T09:16:28.378743" level="INFO">{'gender': 'male', 'name': {'title': 'Mr', 'first': 'Joerie', 'last': 'Van Melick'}, 'location': {'street': {'number': 8050, 'name': 'Achterneuvers'}, 'city': 'Grijpskerke', 'state': 'Zuid-Holland', 'country': 'Netherlands', 'postcode': '5058 XL', 'coordinates': {'latitude': '30.2327', 'longitude': '-38.9853'}, 'timezone': {'offset': '-5:00', 'description': 'Eastern Time (US &amp; Canada), Bogota, Lima'}}, 'email': 'joerie.vanmelick@example.com', 'login': {'uuid': '7d3c04f5-7463-4f52-97a2-1143df57dbf5', 'username': 'redcat169', 'password': 'insert', 'salt': 'ErBo8vj1', 'md5': '3a36a20e25419b418efe2f56d77bda2c', 'sha1': 'b208867c98593a97434059d6fe1bea44995f4074', 'sha256': '2bed9242eaf7d657ec130d68938450821d9803f7af62ed4f5dad8570e98eb660'}, 'dob': {'date': '1948-09-21T03:24:26.861Z', 'age': 75}, 'registered': {'date': '2007-07-03T00:08:37.358Z', 'age': 16}, 'phone': '(089) 3486932', 'cell': '(06) 43446885', 'id': {'name': 'BSN', 'value': '97299786'}, 'picture': {'large': 'https://randomuser.me/api/portraits/men/20.jpg', 'medium': 'https://randomuser.me/api/portraits/med/men/20.jpg', 'thumbnail': 'https://randomuser.me/api/portraits/thumb/men/20.jpg'}, 'nat': 'NL'}</msg>
<arg>${json_data['results'][0]}</arg>
<doc>Logs the given message with the given level.</doc>
<status status="PASS" start="2024-05-17T09:16:28.378375" elapsed="0.000420"/>
</kw>
<kw name="Log" owner="BuiltIn">
<msg time="2024-05-17T09:16:28.379242" level="INFO">gender</msg>
<arg>${key}</arg>
<doc>Logs the given message with the given level.</doc>
<status status="PASS" start="2024-05-17T09:16:28.379109" elapsed="0.000171"/>
</kw>
<var name="${key}">gender</var>
<status status="PASS" start="2024-05-17T09:16:28.377479" elapsed="0.002021"/>
</iter>
<iter>
<kw name="Dictionary Should Contain Key" owner="Collections">
<msg time="2024-05-17T09:16:28.380252" level="INFO">False</msg>
<arg>${json_data['results'][0]}</arg>
<arg>${key}</arg>
<doc>Fails if ``key`` is not found from ``dictionary``.</doc>
<status status="PASS" start="2024-05-17T09:16:28.379818" elapsed="0.000474"/>
</kw>
<kw name="Log" owner="BuiltIn">
<msg time="2024-05-17T09:16:28.380982" level="INFO">{'gender': 'male', 'name': {'title': 'Mr', 'first': 'Joerie', 'last': 'Van Melick'}, 'location': {'street': {'number': 8050, 'name': 'Achterneuvers'}, 'city': 'Grijpskerke', 'state': 'Zuid-Holland', 'country': 'Netherlands', 'postcode': '5058 XL', 'coordinates': {'latitude': '30.2327', 'longitude': '-38.9853'}, 'timezone': {'offset': '-5:00', 'description': 'Eastern Time (US &amp; Canada), Bogota, Lima'}}, 'email': 'joerie.vanmelick@example.com', 'login': {'uuid': '7d3c04f5-7463-4f52-97a2-1143df57dbf5', 'username': 'redcat169', 'password': 'insert', 'salt': 'ErBo8vj1', 'md5': '3a36a20e25419b418efe2f56d77bda2c', 'sha1': 'b208867c98593a97434059d6fe1bea44995f4074', 'sha256': '2bed9242eaf7d657ec130d68938450821d9803f7af62ed4f5dad8570e98eb660'}, 'dob': {'date': '1948-09-21T03:24:26.861Z', 'age': 75}, 'registered': {'date': '2007-07-03T00:08:37.358Z', 'age': 16}, 'phone': '(089) 3486932', 'cell': '(06) 43446885', 'id': {'name': 'BSN', 'value': '97299786'}, 'picture': {'large': 'https://randomuser.me/api/portraits/men/20.jpg', 'medium': 'https://randomuser.me/api/portraits/med/men/20.jpg', 'thumbnail': 'https://randomuser.me/api/portraits/thumb/men/20.jpg'}, 'nat': 'NL'}</msg>
<arg>${json_data['results'][0]}</arg>
<doc>Logs the given message with the given level.</doc>
<status status="PASS" start="2024-05-17T09:16:28.380621" elapsed="0.000413"/>
</kw>
<kw name="Log" owner="BuiltIn">
<msg time="2024-05-17T09:16:28.381468" level="INFO">name</msg>
<arg>${key}</arg>
<doc>Logs the given message with the given level.</doc>
<status status="PASS" start="2024-05-17T09:16:28.381338" elapsed="0.000168"/>
</kw>
<var name="${key}">name</var>
<status status="PASS" start="2024-05-17T09:16:28.379698" elapsed="0.002027"/>
</iter>
<iter>
<kw name="Dictionary Should Contain Key" owner="Collections">
<msg time="2024-05-17T09:16:28.382404" level="INFO">False</msg>
<arg>${json_data['results'][0]}</arg>
<arg>${key}</arg>
<doc>Fails if ``key`` is not found from ``dictionary``.</doc>
<status status="PASS" start="2024-05-17T09:16:28.382021" elapsed="0.000420"/>
</kw>
<kw name="Log" owner="BuiltIn">
<msg time="2024-05-17T09:16:28.383097" level="INFO">{'gender': 'male', 'name': {'title': 'Mr', 'first': 'Joerie', 'last': 'Van Melick'}, 'location': {'street': {'number': 8050, 'name': 'Achterneuvers'}, 'city': 'Grijpskerke', 'state': 'Zuid-Holland', 'country': 'Netherlands', 'postcode': '5058 XL', 'coordinates': {'latitude': '30.2327', 'longitude': '-38.9853'}, 'timezone': {'offset': '-5:00', 'description': 'Eastern Time (US &amp; Canada), Bogota, Lima'}}, 'email': 'joerie.vanmelick@example.com', 'login': {'uuid': '7d3c04f5-7463-4f52-97a2-1143df57dbf5', 'username': 'redcat169', 'password': 'insert', 'salt': 'ErBo8vj1', 'md5': '3a36a20e25419b418efe2f56d77bda2c', 'sha1': 'b208867c98593a97434059d6fe1bea44995f4074', 'sha256': '2bed9242eaf7d657ec130d68938450821d9803f7af62ed4f5dad8570e98eb660'}, 'dob': {'date': '1948-09-21T03:24:26.861Z', 'age': 75}, 'registered': {'date': '2007-07-03T00:08:37.358Z', 'age': 16}, 'phone': '(089) 3486932', 'cell': '(06) 43446885', 'id': {'name': 'BSN', 'value': '97299786'}, 'picture': {'large': 'https://randomuser.me/api/portraits/men/20.jpg', 'medium': 'https://randomuser.me/api/portraits/med/men/20.jpg', 'thumbnail': 'https://randomuser.me/api/portraits/thumb/men/20.jpg'}, 'nat': 'NL'}</msg>
<arg>${json_data['results'][0]}</arg>
<doc>Logs the given message with the given level.</doc>
<status status="PASS" start="2024-05-17T09:16:28.382743" elapsed="0.000402"/>
</kw>
<kw name="Log" owner="BuiltIn">
<msg time="2024-05-17T09:16:28.383570" level="INFO">location</msg>
<arg>${key}</arg>
<doc>Logs the given message with the given level.</doc>
<status status="PASS" start="2024-05-17T09:16:28.383442" elapsed="0.000166"/>
</kw>
<var name="${key}">location</var>
<status status="PASS" start="2024-05-17T09:16:28.381908" elapsed="0.001916"/>
</iter>
<iter>
<kw name="Dictionary Should Contain Key" owner="Collections">
<msg time="2024-05-17T09:16:28.384528" level="INFO">False</msg>
<arg>${json_data['results'][0]}</arg>
<arg>${key}</arg>
<doc>Fails if ``key`` is not found from ``dictionary``.</doc>
<status status="PASS" start="2024-05-17T09:16:28.384133" elapsed="0.000432"/>
</kw>
<kw name="Log" owner="BuiltIn">
<msg time="2024-05-17T09:16:28.385218" level="INFO">{'gender': 'male', 'name': {'title': 'Mr', 'first': 'Joerie', 'last': 'Van Melick'}, 'location': {'street': {'number': 8050, 'name': 'Achterneuvers'}, 'city': 'Grijpskerke', 'state': 'Zuid-Holland', 'country': 'Netherlands', 'postcode': '5058 XL', 'coordinates': {'latitude': '30.2327', 'longitude': '-38.9853'}, 'timezone': {'offset': '-5:00', 'description': 'Eastern Time (US &amp; Canada), Bogota, Lima'}}, 'email': 'joerie.vanmelick@example.com', 'login': {'uuid': '7d3c04f5-7463-4f52-97a2-1143df57dbf5', 'username': 'redcat169', 'password': 'insert', 'salt': 'ErBo8vj1', 'md5': '3a36a20e25419b418efe2f56d77bda2c', 'sha1': 'b208867c98593a97434059d6fe1bea44995f4074', 'sha256': '2bed9242eaf7d657ec130d68938450821d9803f7af62ed4f5dad8570e98eb660'}, 'dob': {'date': '1948-09-21T03:24:26.861Z', 'age': 75}, 'registered': {'date': '2007-07-03T00:08:37.358Z', 'age': 16}, 'phone': '(089) 3486932', 'cell': '(06) 43446885', 'id': {'name': 'BSN', 'value': '97299786'}, 'picture': {'large': 'https://randomuser.me/api/portraits/men/20.jpg', 'medium': 'https://randomuser.me/api/portraits/med/men/20.jpg', 'thumbnail': 'https://randomuser.me/api/portraits/thumb/men/20.jpg'}, 'nat': 'NL'}</msg>
<arg>${json_data['results'][0]}</arg>
<doc>Logs the given message with the given level.</doc>
<status status="PASS" start="2024-05-17T09:16:28.384865" elapsed="0.000402"/>
</kw>
<kw name="Log" owner="BuiltIn">
<msg time="2024-05-17T09:16:28.385690" level="INFO">email</msg>
<arg>${key}</arg>
<doc>Logs the given message with the given level.</doc>
<status status="PASS" start="2024-05-17T09:16:28.385562" elapsed="0.000165"/>
</kw>
<var name="${key}">email</var>
<status status="PASS" start="2024-05-17T09:16:28.383998" elapsed="0.001945"/>
</iter>
<iter>
<kw name="Dictionary Should Contain Key" owner="Collections">
<msg time="2024-05-17T09:16:28.386612" level="INFO">False</msg>
<arg>${json_data['results'][0]}</arg>
<arg>${key}</arg>
<doc>Fails if ``key`` is not found from ``dictionary``.</doc>
<status status="PASS" start="2024-05-17T09:16:28.386228" elapsed="0.000421"/>
</kw>
<kw name="Log" owner="BuiltIn">
<msg time="2024-05-17T09:16:28.387304" level="INFO">{'gender': 'male', 'name': {'title': 'Mr', 'first': 'Joerie', 'last': 'Van Melick'}, 'location': {'street': {'number': 8050, 'name': 'Achterneuvers'}, 'city': 'Grijpskerke', 'state': 'Zuid-Holland', 'country': 'Netherlands', 'postcode': '5058 XL', 'coordinates': {'latitude': '30.2327', 'longitude': '-38.9853'}, 'timezone': {'offset': '-5:00', 'description': 'Eastern Time (US &amp; Canada), Bogota, Lima'}}, 'email': 'joerie.vanmelick@example.com', 'login': {'uuid': '7d3c04f5-7463-4f52-97a2-1143df57dbf5', 'username': 'redcat169', 'password': 'insert', 'salt': 'ErBo8vj1', 'md5': '3a36a20e25419b418efe2f56d77bda2c', 'sha1': 'b208867c98593a97434059d6fe1bea44995f4074', 'sha256': '2bed9242eaf7d657ec130d68938450821d9803f7af62ed4f5dad8570e98eb660'}, 'dob': {'date': '1948-09-21T03:24:26.861Z', 'age': 75}, 'registered': {'date': '2007-07-03T00:08:37.358Z', 'age': 16}, 'phone': '(089) 3486932', 'cell': '(06) 43446885', 'id': {'name': 'BSN', 'value': '97299786'}, 'picture': {'large': 'https://randomuser.me/api/portraits/men/20.jpg', 'medium': 'https://randomuser.me/api/portraits/med/men/20.jpg', 'thumbnail': 'https://randomuser.me/api/portraits/thumb/men/20.jpg'}, 'nat': 'NL'}</msg>
<arg>${json_data['results'][0]}</arg>
<doc>Logs the given message with the given level.</doc>
<status status="PASS" start="2024-05-17T09:16:28.386943" elapsed="0.000410"/>
</kw>
<kw name="Log" owner="BuiltIn">
<msg time="2024-05-17T09:16:28.387777" level="INFO">login</msg>
<arg>${key}</arg>
<doc>Logs the given message with the given level.</doc>
<status status="PASS" start="2024-05-17T09:16:28.387651" elapsed="0.000199"/>
</kw>
<var name="${key}">login</var>
<status status="PASS" start="2024-05-17T09:16:28.386116" elapsed="0.001957"/>
</iter>
<var>${key}</var>
<value>@{expected_keys}</value>
<status status="PASS" start="2024-05-17T09:16:28.377277" elapsed="0.010953"/>
</for>
<kw name="Create List" owner="BuiltIn">
<msg time="2024-05-17T09:16:28.388573" level="INFO">${expected_keysTwo} = ['username', 'password']</msg>
<var>${expected_keysTwo}</var>
<arg>username</arg>
<arg>password</arg>
<doc>Returns a list containing given items.</doc>
<status status="PASS" start="2024-05-17T09:16:28.388433" elapsed="0.000163"/>
</kw>
<for flavor="IN">
<iter>
<kw name="Dictionary Should Contain Key" owner="Collections">
<msg time="2024-05-17T09:16:28.389509" level="INFO">False</msg>
<arg>${json_data['results'][0]['login']}</arg>
<arg>${keyTwo}</arg>
<doc>Fails if ``key`` is not found from ``dictionary``.</doc>
<status status="PASS" start="2024-05-17T09:16:28.389116" elapsed="0.000429"/>
</kw>
<kw name="Dictionary Should Contain Key" owner="Collections">
<msg time="2024-05-17T09:16:28.390226" level="INFO">False</msg>
<arg>${json_data['results'][0]['login']}</arg>
<arg>${keyTwo}</arg>
<doc>Fails if ``key`` is not found from ``dictionary``.</doc>
<status status="PASS" start="2024-05-17T09:16:28.389844" elapsed="0.000419"/>
</kw>
<kw name="Log" owner="BuiltIn">
<msg time="2024-05-17T09:16:28.390684" level="INFO">username</msg>
<arg>${keyTwo}</arg>
<doc>Logs the given message with the given level.</doc>
<status status="PASS" start="2024-05-17T09:16:28.390556" elapsed="0.000171"/>
</kw>
<var name="${keyTwo}">username</var>
<status status="PASS" start="2024-05-17T09:16:28.389004" elapsed="0.001940"/>
</iter>
<iter>
<kw name="Dictionary Should Contain Key" owner="Collections">
<msg time="2024-05-17T09:16:28.391717" level="INFO">False</msg>
<arg>${json_data['results'][0]['login']}</arg>
<arg>${keyTwo}</arg>
<doc>Fails if ``key`` is not found from ``dictionary``.</doc>
<status status="PASS" start="2024-05-17T09:16:28.391231" elapsed="0.000526"/>
</kw>
<kw name="Dictionary Should Contain Key" owner="Collections">
<msg time="2024-05-17T09:16:28.392474" level="INFO">False</msg>
<arg>${json_data['results'][0]['login']}</arg>
<arg>${keyTwo}</arg>
<doc>Fails if ``key`` is not found from ``dictionary``.</doc>
<status status="PASS" start="2024-05-17T09:16:28.392060" elapsed="0.000451"/>
</kw>
<kw name="Log" owner="BuiltIn">
<msg time="2024-05-17T09:16:28.392941" level="INFO">password</msg>
<arg>${keyTwo}</arg>
<doc>Logs the given message with the given level.</doc>
<status status="PASS" start="2024-05-17T09:16:28.392811" elapsed="0.000167"/>
</kw>
<var name="${keyTwo}">password</var>
<status status="PASS" start="2024-05-17T09:16:28.391120" elapsed="0.002076"/>
</iter>
<var>${keyTwo}</var>
<value>@{expected_keysTwo}</value>
<status status="PASS" start="2024-05-17T09:16:28.388840" elapsed="0.004479"/>
</for>
<status status="PASS" start="2024-05-17T09:16:28.280823" elapsed="0.112643"/>
</kw>
<doc>Testa a estrutura da resposta da API.</doc>
<tag>testeEstruturaResposta</tag>
<status status="PASS" start="2024-05-17T09:16:28.280289" elapsed="0.113341"/>
</test>
<test id="s1-s1-t4" name="Validar tipos de dados" line="28">
<kw name="Teste de Tipos de Dados" owner="random-user-service">
<kw name="GET On Session" owner="RequestsLibrary">
<msg time="2024-05-17T09:16:28.472407" level="INFO">GET Request : url=https://randomuser.me/api 
 path_url=/api 
 headers={'User-Agent': 'python-requests/2.31.0', 'Accept-Encoding': 'gzip, deflate', 'Accept': '*/*', 'Connection': 'keep-alive'} 
 body=None 
 </msg>
<msg time="2024-05-17T09:16:28.472505" level="INFO">GET Response : url=https://randomuser.me/api 
 status=200, reason=OK 
 headers={'Date': 'Fri, 17 May 2024 09:16:28 GMT', 'Content-Type': 'application/json; charset=utf-8', 'Transfer-Encoding': 'chunked', 'Connection': 'keep-alive', 'X-Powered-By': 'Express', 'Access-Control-Allow-Origin': '*', 'Cache-Control': 'no-cache', 'ETag': 'W/"473-kKuDdP/D29BbN1nxO+0x1ZM0Sm0"', 'Vary': 'Accept-Encoding', 'Content-Encoding': 'gzip', 'CF-Cache-Status': 'DYNAMIC', 'Report-To': '{"endpoints":[{"url":"https:\\/\\/a.nel.cloudflare.com\\/report\\/v4?s=qbWuzSWAOXlN2w%2Bz38WquzqgAk%2FKPCqmnno3TnKEReYXJTLuoqiFk380sXgx%2Fw3vXhf2cPa5TPqdx7Bo1C0VW3gwqbx1BwDovHIt7Yx8RTCBEyfjkXsX2ZvX4%2B1jYYy%2B"}],"group":"cf-nel","max_age":604800}', 'NEL': '{"success_fraction":0,"report_to":"cf-nel","max_age":604800}', 'Server': 'cloudflare', 'CF-RAY': '885282457bce2197-ORD', 'alt-svc': 'h3=":443"; ma=86400'} 
 body={"results":[{"gender":"female","name":{"title":"Miss","first":"Leta","last":"Rogers"},"location":{"street":{"number":7694,"name":"Paddock Way"},"city":"Bowral","state":"Victoria","country":"Australia","postcode":9679,"coordinates":{"latitude":"-87.4233","longitude":"73.3989"},"timezone":{"offset":"+5:45","description":"Kathmandu"}},"email":"leta.rogers@example.com","login":{"uuid":"9c0bc92d-6fa8-458d-b3b6-77c26700b8f5","username":"happyladybug531","password":"pooh","salt":"7NIxH18m","md5":"444f42a39b86262feffb5dce5f1e90e9","sha1":"be76bc0bd6402e08163c30f4b409309b703c181f","sha256":"2828752b58aee15b355d5e6ab13e39af414e1da93c1865f7d6baf7652ce891fb"},"dob":{"date":"1990-07-05T04:11:47.488Z","age":33},"registered":{"date":"2005-01-14T21:32:58.669Z","age":19},"phone":"04-0075-9307","cell":"0494-902-992","id":{"name":"TFN","value":"385595282"},"picture":{"large":"https://randomuser.me/api/portraits/women/36.jpg","medium":"https://randomuser.me/api/portraits/med/women/36.jpg","thumbnail":"https://randomuser.me/api/portraits/thumb/women/36.jpg"},"nat":"AU"}],"info":{"seed":"049f1da21a1f8681","results":1,"page":1,"version":"1.4"}} 
 </msg>
<msg time="2024-05-17T09:16:28.472574" level="INFO">/opt/hostedtoolcache/Python/3.12.3/x64/lib/python3.12/site-packages/urllib3/connectionpool.py:1103: InsecureRequestWarning: Unverified HTTPS request is being made to host 'randomuser.me'. Adding certificate verification is strongly advised. See: https://urllib3.readthedocs.io/en/latest/advanced-usage.html#tls-warnings
  warnings.warn(</msg>
<msg time="2024-05-17T09:16:28.472694" level="INFO">${response} = &lt;Response [200]&gt;</msg>
<var>${response}</var>
<arg>consultarAPI</arg>
<arg>/api</arg>
<doc>Sends a GET request on a previously created HTTP Session.</doc>
<status status="PASS" start="2024-05-17T09:16:28.396146" elapsed="0.076582"/>
</kw>
<kw name="Set Variable" owner="BuiltIn">
<msg time="2024-05-17T09:16:28.473836" level="INFO">${json_data} = {'results': [{'gender': 'female', 'name': {'title': 'Miss', 'first': 'Leta', 'last': 'Rogers'}, 'location': {'street': {'number': 7694, 'name': 'Paddock Way'}, 'city': 'Bowral', 'state': 'Victoria', '...</msg>
<var>${json_data}</var>
<arg>${response.json()}</arg>
<doc>Returns the given values which can then be assigned to a variables.</doc>
<status status="PASS" start="2024-05-17T09:16:28.473289" elapsed="0.000576"/>
</kw>
<kw name="Log" owner="BuiltIn">
<msg time="2024-05-17T09:16:28.474383" level="INFO">{'results': [{'gender': 'female', 'name': {'title': 'Miss', 'first': 'Leta', 'last': 'Rogers'}, 'location': {'street': {'number': 7694, 'name': 'Paddock Way'}, 'city': 'Bowral', 'state': 'Victoria', 'country': 'Australia', 'postcode': 9679, 'coordinates': {'latitude': '-87.4233', 'longitude': '73.3989'}, 'timezone': {'offset': '+5:45', 'description': 'Kathmandu'}}, 'email': 'leta.rogers@example.com', 'login': {'uuid': '9c0bc92d-6fa8-458d-b3b6-77c26700b8f5', 'username': 'happyladybug531', 'password': 'pooh', 'salt': '7NIxH18m', 'md5': '444f42a39b86262feffb5dce5f1e90e9', 'sha1': 'be76bc0bd6402e08163c30f4b409309b703c181f', 'sha256': '2828752b58aee15b355d5e6ab13e39af414e1da93c1865f7d6baf7652ce891fb'}, 'dob': {'date': '1990-07-05T04:11:47.488Z', 'age': 33}, 'registered': {'date': '2005-01-14T21:32:58.669Z', 'age': 19}, 'phone': '04-0075-9307', 'cell': '0494-902-992', 'id': {'name': 'TFN', 'value': '385595282'}, 'picture': {'large': 'https://randomuser.me/api/portraits/women/36.jpg', 'medium': 'https://randomuser.me/api/portraits/med/women/36.jpg', 'thumbnail': 'https://randomuser.me/api/portraits/thumb/women/36.jpg'}, 'nat': 'AU'}], 'info': {'seed': '049f1da21a1f8681', 'results': 1, 'page': 1, 'version': '1.4'}}</msg>
<arg>${json_data}</arg>
<doc>Logs the given message with the given level.</doc>
<status status="PASS" start="2024-05-17T09:16:28.474214" elapsed="0.000256"/>
</kw>
<kw name="Should Be String" owner="String">
<arg>${json_data['results'][0]['gender']}</arg>
<doc>Fails if the given ``item`` is not a string.</doc>
<status status="PASS" start="2024-05-17T09:16:28.474779" elapsed="0.000378"/>
</kw>
<kw name="Should Match Regexp" owner="BuiltIn">
<arg>${json_data['results'][0]['email']}</arg>
<arg>^[a-zA-Z0-9._%+-]+@[a-zA-Z0-9.-]+\.[a-zA-Z]{2,}$</arg>
<doc>Fails if ``string`` does not match ``pattern`` as a regular expression.</doc>
<status status="PASS" start="2024-05-17T09:16:28.475357" elapsed="0.000521"/>
</kw>
<kw name="Should Match Regexp" owner="BuiltIn">
<arg>${json_data['results'][0]['dob']['date']}</arg>
<arg>\\d{4}-\\d{2}-\\d{2}T\\d{2}:\\d{2}:\\d{2}\\.\\d{3}Z</arg>
<doc>Fails if ``string`` does not match ``pattern`` as a regular expression.</doc>
<status status="PASS" start="2024-05-17T09:16:28.476078" elapsed="0.000558"/>
</kw>
<kw name="Should Match Regexp" owner="BuiltIn">
<arg>${json_data['results'][0]['registered']['date']}</arg>
<arg>\\d{4}-\\d{2}-\\d{2}T\\d{2}:\\d{2}:\\d{2}\\.\\d{3}Z</arg>
<doc>Fails if ``string`` does not match ``pattern`` as a regular expression.</doc>
<status status="PASS" start="2024-05-17T09:16:28.476837" elapsed="0.000375"/>
</kw>
<kw name="Should Match Regexp" owner="BuiltIn">
<arg>${json_data['results'][0]['picture']['large']}</arg>
<arg>^https?://.*\.(?:png|jpe?g|gif|bmp)$</arg>
<doc>Fails if ``string`` does not match ``pattern`` as a regular expression.</doc>
<status status="PASS" start="2024-05-17T09:16:28.477408" elapsed="0.000468"/>
</kw>
<kw name="Should Match Regexp" owner="BuiltIn">
<arg>${json_data['results'][0]['picture']['medium']}</arg>
<arg>^https?://.*\.(?:png|jpe?g|gif|bmp)$</arg>
<doc>Fails if ``string`` does not match ``pattern`` as a regular expression.</doc>
<status status="PASS" start="2024-05-17T09:16:28.478068" elapsed="0.000357"/>
</kw>
<kw name="Should Match Regexp" owner="BuiltIn">
<arg>${json_data['results'][0]['picture']['thumbnail']}</arg>
<arg>^https?://.*\.(?:png|jpe?g|gif|bmp)$</arg>
<doc>Fails if ``string`` does not match ``pattern`` as a regular expression.</doc>
<status status="PASS" start="2024-05-17T09:16:28.478618" elapsed="0.000346"/>
</kw>
<kw name="Log" owner="BuiltIn">
<msg time="2024-05-17T09:16:28.479468" level="INFO">{'large': 'https://randomuser.me/api/portraits/women/36.jpg', 'medium': 'https://randomuser.me/api/portraits/med/women/36.jpg', 'thumbnail': 'https://randomuser.me/api/portraits/thumb/women/36.jpg'}</msg>
<arg>${json_data['results'][0]['picture']}</arg>
<doc>Logs the given message with the given level.</doc>
<status status="PASS" start="2024-05-17T09:16:28.479146" elapsed="0.000364"/>
</kw>
<status status="PASS" start="2024-05-17T09:16:28.395890" elapsed="0.083885"/>
</kw>
<kw name="Teste de Tipos de Dados - Postcode" owner="random-user-service">
<kw name="GET On Session" owner="RequestsLibrary">
<msg time="2024-05-17T09:16:28.579589" level="INFO">GET Request : url=https://randomuser.me/api 
 path_url=/api 
 headers={'User-Agent': 'python-requests/2.31.0', 'Accept-Encoding': 'gzip, deflate', 'Accept': '*/*', 'Connection': 'keep-alive'} 
 body=None 
 </msg>
<msg time="2024-05-17T09:16:28.579689" level="INFO">GET Response : url=https://randomuser.me/api 
 status=200, reason=OK 
 headers={'Date': 'Fri, 17 May 2024 09:16:28 GMT', 'Content-Type': 'application/json; charset=utf-8', 'Transfer-Encoding': 'chunked', 'Connection': 'keep-alive', 'X-Powered-By': 'Express', 'Access-Control-Allow-Origin': '*', 'Cache-Control': 'no-cache', 'ETag': 'W/"490-XVvouYhJuCeb8og9/9Hp6M/5+jk"', 'Vary': 'Accept-Encoding', 'Content-Encoding': 'gzip', 'CF-Cache-Status': 'DYNAMIC', 'Report-To': '{"endpoints":[{"url":"https:\\/\\/a.nel.cloudflare.com\\/report\\/v4?s=Z4pNySO4geJtYz22WmSpXKsuXKz1Rfw2TxEKyKpI18%2Bk2uXJUoYZvAuPjypn29uRC0vI1wd2csAz%2BgA3DB2B0mzwFpySLd%2FrwuG7n5x4cWPDAEFYl3qNMrDjr%2Bp765az"}],"group":"cf-nel","max_age":604800}', 'NEL': '{"success_fraction":0,"report_to":"cf-nel","max_age":604800}', 'Server': 'cloudflare', 'CF-RAY': '885282460c2b2197-ORD', 'alt-svc': 'h3=":443"; ma=86400'} 
 body={"results":[{"gender":"male","name":{"title":"Mr","first":"Idavide","last":"Gomes"},"location":{"street":{"number":1844,"name":"Rua São Jorge "},"city":"Goiânia","state":"Sergipe","country":"Brazil","postcode":80952,"coordinates":{"latitude":"-79.0996","longitude":"-62.6523"},"timezone":{"offset":"-7:00","description":"Mountain Time (US &amp; Canada)"}},"email":"idavide.gomes@example.com","login":{"uuid":"7722b5ec-c141-4abf-9d41-522c0708864c","username":"crazybutterfly417","password":"sunday","salt":"WfrhOR9u","md5":"9ebf1a780cffe6d3a91821886f2c2b2c","sha1":"cdd18bb0a3d887c68f777ae72053bf6a920aa546","sha256":"29dd5c8c39fbbfa9b17c30c4d29d9418bfb80094148b9aec6e0cd4cba5ab25be"},"dob":{"date":"1952-01-25T18:37:12.562Z","age":72},"registered":{"date":"2005-04-10T22:48:34.511Z","age":19},"phone":"(04) 0553-2870","cell":"(81) 7752-0375","id":{"name":"CPF","value":"005.236.234-90"},"picture":{"large":"https://randomuser.me/api/portraits/men/76.jpg","medium":"https://randomuser.me/api/portraits/med/men/76.jpg","thumbnail":"https://randomuser.me/api/portraits/thumb/men/76.jpg"},"nat":"BR"}],"info":{"seed":"4fa61070adf765fa","results":1,"page":1,"version":"1.4"}} 
 </msg>
<msg time="2024-05-17T09:16:28.579763" level="INFO">/opt/hostedtoolcache/Python/3.12.3/x64/lib/python3.12/site-packages/urllib3/connectionpool.py:1103: InsecureRequestWarning: Unverified HTTPS request is being made to host 'randomuser.me'. Adding certificate verification is strongly advised. See: https://urllib3.readthedocs.io/en/latest/advanced-usage.html#tls-warnings
  warnings.warn(</msg>
<msg time="2024-05-17T09:16:28.579886" level="INFO">${response} = &lt;Response [200]&gt;</msg>
<var>${response}</var>
<arg>consultarAPI</arg>
<arg>/api</arg>
<doc>Sends a GET request on a previously created HTTP Session.</doc>
<status status="PASS" start="2024-05-17T09:16:28.480293" elapsed="0.099628"/>
</kw>
<kw name="Set Variable" owner="BuiltIn">
<msg time="2024-05-17T09:16:28.581099" level="INFO">${json_data} = {'results': [{'gender': 'male', 'name': {'title': 'Mr', 'first': 'Idavide', 'last': 'Gomes'}, 'location': {'street': {'number': 1844, 'name': 'Rua São Jorge '}, 'city': 'Goiânia', 'state': 'Sergipe', ...</msg>
<var>${json_data}</var>
<arg>${response.json()}</arg>
<doc>Returns the given values which can then be assigned to a variables.</doc>
<status status="PASS" start="2024-05-17T09:16:28.580528" elapsed="0.000603"/>
</kw>
<kw name="Log" owner="BuiltIn">
<msg time="2024-05-17T09:16:28.581701" level="INFO">{'results': [{'gender': 'male', 'name': {'title': 'Mr', 'first': 'Idavide', 'last': 'Gomes'}, 'location': {'street': {'number': 1844, 'name': 'Rua São Jorge '}, 'city': 'Goiânia', 'state': 'Sergipe', 'country': 'Brazil', 'postcode': 80952, 'coordinates': {'latitude': '-79.0996', 'longitude': '-62.6523'}, 'timezone': {'offset': '-7:00', 'description': 'Mountain Time (US &amp; Canada)'}}, 'email': 'idavide.gomes@example.com', 'login': {'uuid': '7722b5ec-c141-4abf-9d41-522c0708864c', 'username': 'crazybutterfly417', 'password': 'sunday', 'salt': 'WfrhOR9u', 'md5': '9ebf1a780cffe6d3a91821886f2c2b2c', 'sha1': 'cdd18bb0a3d887c68f777ae72053bf6a920aa546', 'sha256': '29dd5c8c39fbbfa9b17c30c4d29d9418bfb80094148b9aec6e0cd4cba5ab25be'}, 'dob': {'date': '1952-01-25T18:37:12.562Z', 'age': 72}, 'registered': {'date': '2005-04-10T22:48:34.511Z', 'age': 19}, 'phone': '(04) 0553-2870', 'cell': '(81) 7752-0375', 'id': {'name': 'CPF', 'value': '005.236.234-90'}, 'picture': {'large': 'https://randomuser.me/api/portraits/men/76.jpg', 'medium': 'https://randomuser.me/api/portraits/med/men/76.jpg', 'thumbnail': 'https://randomuser.me/api/portraits/thumb/men/76.jpg'}, 'nat': 'BR'}], 'info': {'seed': '4fa61070adf765fa', 'results': 1, 'page': 1, 'version': '1.4'}}</msg>
<arg>${json_data}</arg>
<doc>Logs the given message with the given level.</doc>
<status status="PASS" start="2024-05-17T09:16:28.581519" elapsed="0.000270"/>
</kw>
<kw name="Should Be Equal As Numbers" owner="BuiltIn">
<arg>${json_data['results'][0]['location']['postcode']}</arg>
<arg>${json_data['results'][0]['location']['postcode']}</arg>
<doc>Fails if objects are unequal after converting them to real numbers.</doc>
<status status="PASS" start="2024-05-17T09:16:28.582312" elapsed="0.000647"/>
</kw>
<kw name="Log" owner="BuiltIn">
<msg time="2024-05-17T09:16:28.583511" level="INFO">80952</msg>
<arg>${json_data['results'][0]['location']['postcode']}</arg>
<doc>Logs the given message with the given level.</doc>
<status status="PASS" start="2024-05-17T09:16:28.583159" elapsed="0.000394"/>
</kw>
<status status="PASS" start="2024-05-17T09:16:28.480011" elapsed="0.103808"/>
</kw>
<doc>Testa se os tipos de dados na resposta da API estão corretos.</doc>
<tag>testeTiposDados</tag>
<status status="PASS" start="2024-05-17T09:16:28.395405" elapsed="0.188588"/>
</test>
<test id="s1-s1-t5" name="Validar conteudo" line="35">
<kw name="Teste de Tipos de Conteudo" owner="random-user-service">
<kw name="GET On Session" owner="RequestsLibrary">
<msg time="2024-05-17T09:16:28.682529" level="INFO">GET Request : url=https://randomuser.me/api 
 path_url=/api 
 headers={'User-Agent': 'python-requests/2.31.0', 'Accept-Encoding': 'gzip, deflate', 'Accept': '*/*', 'Connection': 'keep-alive'} 
 body=None 
 </msg>
<msg time="2024-05-17T09:16:28.682645" level="INFO">GET Response : url=https://randomuser.me/api 
 status=200, reason=OK 
 headers={'Date': 'Fri, 17 May 2024 09:16:28 GMT', 'Content-Type': 'application/json; charset=utf-8', 'Transfer-Encoding': 'chunked', 'Connection': 'keep-alive', 'X-Powered-By': 'Express', 'Access-Control-Allow-Origin': '*', 'Cache-Control': 'no-cache', 'ETag': 'W/"46e-hcf+qdXDmarJ3TGZpGOP3xywO2Y"', 'Vary': 'Accept-Encoding', 'Content-Encoding': 'gzip', 'CF-Cache-Status': 'DYNAMIC', 'Report-To': '{"endpoints":[{"url":"https:\\/\\/a.nel.cloudflare.com\\/report\\/v4?s=aJOiUVJ1p67CET4V6fef%2BEJF0Decik33j7IMvX5e71pHXckkk2VrAGap%2FaILNN%2F%2BhmVB1SQWKYruXHh5hqzK1WRnIb%2B14hMsfZHYbdHUx7u4p%2F8jw9SfdOSIUUN45TeG"}],"group":"cf-nel","max_age":604800}', 'NEL': '{"success_fraction":0,"report_to":"cf-nel","max_age":604800}', 'Server': 'cloudflare', 'CF-RAY': '88528246ac9c2197-ORD', 'alt-svc': 'h3=":443"; ma=86400'} 
 body={"results":[{"gender":"male","name":{"title":"Mr","first":"Ryan","last":"Kumar"},"location":{"street":{"number":6312,"name":"Highcliff Road"},"city":"Whangarei","state":"Gisborne","country":"New Zealand","postcode":17099,"coordinates":{"latitude":"49.5068","longitude":"-116.6187"},"timezone":{"offset":"-12:00","description":"Eniwetok, Kwajalein"}},"email":"ryan.kumar@example.com","login":{"uuid":"d60a6f31-8346-4a09-b8b0-ef60a5c0747d","username":"sadbear896","password":"lane","salt":"ImsyPaMU","md5":"ff3515d53e8a288d692f0664c35286d2","sha1":"f8e6fe706b969f0838372c6dd349d3e909912d17","sha256":"c5cbfa002e40f99995d96d580d38dea234dd41a574d2394869cb39eff8d7cf6b"},"dob":{"date":"1998-11-11T01:29:51.095Z","age":25},"registered":{"date":"2010-12-09T20:11:42.812Z","age":13},"phone":"(637)-042-4835","cell":"(593)-232-8610","id":{"name":"","value":null},"picture":{"large":"https://randomuser.me/api/portraits/men/1.jpg","medium":"https://randomuser.me/api/portraits/med/men/1.jpg","thumbnail":"https://randomuser.me/api/portraits/thumb/men/1.jpg"},"nat":"NZ"}],"info":{"seed":"3efdc84eaaaca37e","results":1,"page":1,"version":"1.4"}} 
 </msg>
<msg time="2024-05-17T09:16:28.682728" level="INFO">/opt/hostedtoolcache/Python/3.12.3/x64/lib/python3.12/site-packages/urllib3/connectionpool.py:1103: InsecureRequestWarning: Unverified HTTPS request is being made to host 'randomuser.me'. Adding certificate verification is strongly advised. See: https://urllib3.readthedocs.io/en/latest/advanced-usage.html#tls-warnings
  warnings.warn(</msg>
<msg time="2024-05-17T09:16:28.682859" level="INFO">${response} = &lt;Response [200]&gt;</msg>
<var>${response}</var>
<arg>consultarAPI</arg>
<arg>/api</arg>
<doc>Sends a GET request on a previously created HTTP Session.</doc>
<status status="PASS" start="2024-05-17T09:16:28.586850" elapsed="0.096039"/>
</kw>
<kw name="Set Variable" owner="BuiltIn">
<msg time="2024-05-17T09:16:28.684003" level="INFO">${json_data} = {'results': [{'gender': 'male', 'name': {'title': 'Mr', 'first': 'Ryan', 'last': 'Kumar'}, 'location': {'street': {'number': 6312, 'name': 'Highcliff Road'}, 'city': 'Whangarei', 'state': 'Gisborne', ...</msg>
<var>${json_data}</var>
<arg>${response.json()}</arg>
<doc>Returns the given values which can then be assigned to a variables.</doc>
<status status="PASS" start="2024-05-17T09:16:28.683457" elapsed="0.000579"/>
</kw>
<kw name="Set Variable" owner="BuiltIn">
<msg time="2024-05-17T09:16:28.684913" level="INFO">${name_title} = Mr</msg>
<var>${name_title}</var>
<arg>${json_data["results"][0]["name"]["title"]}</arg>
<doc>Returns the given values which can then be assigned to a variables.</doc>
<status status="PASS" start="2024-05-17T09:16:28.684474" elapsed="0.000467"/>
</kw>
<kw name="Create List" owner="BuiltIn">
<msg time="2024-05-17T09:16:28.685467" level="INFO">${allowed_titles} = ['Mr', 'Ms', 'Miss', 'Mrs', 'Madame', 'Monsieur']</msg>
<var>${allowed_titles}</var>
<arg>Mr</arg>
<arg>Ms</arg>
<arg>Miss</arg>
<arg>Mrs</arg>
<arg>Madame</arg>
<arg>Monsieur</arg>
<doc>Returns a list containing given items.</doc>
<status status="PASS" start="2024-05-17T09:16:28.685297" elapsed="0.000196"/>
</kw>
<kw name="List Should Contain Value" owner="Collections">
<msg time="2024-05-17T09:16:28.686011" level="INFO">False</msg>
<arg>${allowed_titles}</arg>
<arg>${name_title}</arg>
<doc>Fails if the ``value`` is not found from ``list``.</doc>
<status status="PASS" start="2024-05-17T09:16:28.685822" elapsed="0.000227"/>
</kw>
<kw name="Set Variable" owner="BuiltIn">
<msg time="2024-05-17T09:16:28.686764" level="INFO">${name_country} = NZ</msg>
<var>${name_country}</var>
<arg>${json_data["results"][0]["nat"]}</arg>
<doc>Returns the given values which can then be assigned to a variables.</doc>
<status status="PASS" start="2024-05-17T09:16:28.686358" elapsed="0.000432"/>
</kw>
<kw name="Create List" owner="BuiltIn">
<msg time="2024-05-17T09:16:28.687719" level="INFO">${list_country} = ['AD', 'AE', 'AF', 'AG', 'AI', 'AL', 'AM', 'AO', 'AQ', 'AR', 'AS', 'AT', 'AU', 'AW', 'AX', 'AZ', 'BA', 'BB', 'BD', 'BE', 'BF', 'BG', 'BH', 'BI', 'BJ', 'BL', 'BM', 'BN', 'BO', 'BQ', 'BR', 'BS', 'BT', '...</msg>
<var>${list_country}</var>
<arg>AD</arg>
<arg>AE</arg>
<arg>AF</arg>
<arg>AG</arg>
<arg>AI</arg>
<arg>AL</arg>
<arg>AM</arg>
<arg>AO</arg>
<arg>AQ</arg>
<arg>AR</arg>
<arg>AS</arg>
<arg>AT</arg>
<arg>AU</arg>
<arg>AW</arg>
<arg>AX</arg>
<arg>AZ</arg>
<arg>BA</arg>
<arg>BB</arg>
<arg>BD</arg>
<arg>BE</arg>
<arg>BF</arg>
<arg>BG</arg>
<arg>BH</arg>
<arg>BI</arg>
<arg>BJ</arg>
<arg>BL</arg>
<arg>BM</arg>
<arg>BN</arg>
<arg>BO</arg>
<arg>BQ</arg>
<arg>BR</arg>
<arg>BS</arg>
<arg>BT</arg>
<arg>BV</arg>
<arg>BW</arg>
<arg>BY</arg>
<arg>BZ</arg>
<arg>CA</arg>
<arg>CC</arg>
<arg>CD</arg>
<arg>CF</arg>
<arg>CG</arg>
<arg>CH</arg>
<arg>CI</arg>
<arg>CK</arg>
<arg>CL</arg>
<arg>CM</arg>
<arg>CN</arg>
<arg>CO</arg>
<arg>CR</arg>
<arg>CU</arg>
<arg>CV</arg>
<arg>CW</arg>
<arg>CX</arg>
<arg>CY</arg>
<arg>CZ</arg>
<arg>DE</arg>
<arg>DJ</arg>
<arg>DK</arg>
<arg>DM</arg>
<arg>DO</arg>
<arg>DZ</arg>
<arg>EC</arg>
<arg>EE</arg>
<arg>EG</arg>
<arg>EH</arg>
<arg>ER</arg>
<arg>ES</arg>
<arg>ET</arg>
<arg>FI</arg>
<arg>FJ</arg>
<arg>FK</arg>
<arg>FM</arg>
<arg>FO</arg>
<arg>FR</arg>
<arg>GA</arg>
<arg>GB</arg>
<arg>GD</arg>
<arg>GE</arg>
<arg>GF</arg>
<arg>GG</arg>
<arg>GH</arg>
<arg>GI</arg>
<arg>GL</arg>
<arg>GM</arg>
<arg>GN</arg>
<arg>GP</arg>
<arg>GQ</arg>
<arg>GR</arg>
<arg>GS</arg>
<arg>GT</arg>
<arg>GU</arg>
<arg>GW</arg>
<arg>GY</arg>
<arg>HK</arg>
<arg>HM</arg>
<arg>HN</arg>
<arg>HR</arg>
<arg>HT</arg>
<arg>HU</arg>
<arg>ID</arg>
<arg>IE</arg>
<arg>IL</arg>
<arg>IM</arg>
<arg>IN</arg>
<arg>IO</arg>
<arg>IQ</arg>
<arg>IR</arg>
<arg>IS</arg>
<arg>IT</arg>
<arg>JE</arg>
<arg>JM</arg>
<arg>JO</arg>
<arg>JP</arg>
<arg>KE</arg>
<arg>KG</arg>
<arg>KH</arg>
<arg>KI</arg>
<arg>KM</arg>
<arg>KN</arg>
<arg>KP</arg>
<arg>KR</arg>
<arg>KW</arg>
<arg>KY</arg>
<arg>KZ</arg>
<arg>LA</arg>
<arg>LB</arg>
<arg>LC</arg>
<arg>LI</arg>
<arg>LK</arg>
<arg>LR</arg>
<arg>LS</arg>
<arg>LT</arg>
<arg>LU</arg>
<arg>LV</arg>
<arg>LY</arg>
<arg>MA</arg>
<arg>MC</arg>
<arg>MD</arg>
<arg>ME</arg>
<arg>MF</arg>
<arg>MG</arg>
<arg>MH</arg>
<arg>MK</arg>
<arg>ML</arg>
<arg>MM</arg>
<arg>MN</arg>
<arg>MO</arg>
<arg>MP</arg>
<arg>MQ</arg>
<arg>MR</arg>
<arg>MS</arg>
<arg>MT</arg>
<arg>MU</arg>
<arg>MV</arg>
<arg>MW</arg>
<arg>MX</arg>
<arg>MY</arg>
<arg>MZ</arg>
<arg>NA</arg>
<arg>NC</arg>
<arg>NE</arg>
<arg>NF</arg>
<arg>NG</arg>
<arg>NI</arg>
<arg>NL</arg>
<arg>NO</arg>
<arg>NP</arg>
<arg>NR</arg>
<arg>NU</arg>
<arg>NZ</arg>
<arg>OM</arg>
<arg>PA</arg>
<arg>PE</arg>
<arg>PF</arg>
<arg>PG</arg>
<arg>PH</arg>
<arg>PK</arg>
<arg>PL</arg>
<arg>PM</arg>
<arg>PN</arg>
<arg>PR</arg>
<arg>PS</arg>
<arg>PT</arg>
<arg>PW</arg>
<arg>PY</arg>
<arg>QA</arg>
<arg>RE</arg>
<arg>RO</arg>
<arg>RS</arg>
<arg>RU</arg>
<arg>RW</arg>
<arg>SA</arg>
<arg>SB</arg>
<arg>SC</arg>
<arg>SD</arg>
<arg>SE</arg>
<arg>SG</arg>
<arg>SH</arg>
<arg>SI</arg>
<arg>SJ</arg>
<arg>SK</arg>
<arg>SL</arg>
<arg>SM</arg>
<arg>SN</arg>
<arg>SO</arg>
<arg>SR</arg>
<arg>SS</arg>
<arg>ST</arg>
<arg>SV</arg>
<arg>SX</arg>
<arg>SY</arg>
<arg>SZ</arg>
<arg>TC</arg>
<arg>TD</arg>
<arg>TF</arg>
<arg>TG</arg>
<arg>TH</arg>
<arg>TJ</arg>
<arg>TK</arg>
<arg>TL</arg>
<arg>TM</arg>
<arg>TN</arg>
<arg>TO</arg>
<arg>TR</arg>
<arg>TT</arg>
<arg>TV</arg>
<arg>TW</arg>
<arg>TZ</arg>
<arg>UA</arg>
<arg>UG</arg>
<arg>UM</arg>
<arg>US</arg>
<arg>UY</arg>
<arg>UZ</arg>
<arg>VA</arg>
<arg>VC</arg>
<arg>VE</arg>
<arg>VG</arg>
<arg>VI</arg>
<arg>VN</arg>
<arg>VU</arg>
<arg>WF</arg>
<arg>WS</arg>
<arg>XK</arg>
<arg>YE</arg>
<arg>YT</arg>
<arg>ZA</arg>
<arg>ZM</arg>
<arg>ZW</arg>
<doc>Returns a list containing given items.</doc>
<status status="PASS" start="2024-05-17T09:16:28.687119" elapsed="0.000626"/>
</kw>
<kw name="List Should Contain Value" owner="Collections">
<msg time="2024-05-17T09:16:28.688786" level="INFO">False</msg>
<arg>${list_country}</arg>
<arg>${name_country}</arg>
<doc>Fails if the ``value`` is not found from ``list``.</doc>
<status status="PASS" start="2024-05-17T09:16:28.688570" elapsed="0.000254"/>
</kw>
<kw name="Run Keyword If" owner="BuiltIn">
<kw name="Should Be True" owner="BuiltIn">
<arg>${True}</arg>
<doc>Fails if the given condition is not true.</doc>
<status status="PASS" start="2024-05-17T09:16:28.689985" elapsed="0.000282"/>
</kw>
<arg>${json_data["results"][0]["location"]["coordinates"]["latitude"]} &gt;= -90 and ${json_data["results"][0]["location"]["coordinates"]["latitude"]} &lt;= 90</arg>
<arg>Should Be True</arg>
<arg>${True}</arg>
<doc>Runs the given keyword with the given arguments, if ``condition`` is true.</doc>
<status status="PASS" start="2024-05-17T09:16:28.689165" elapsed="0.001238"/>
</kw>
<kw name="Run Keyword If" owner="BuiltIn">
<kw name="Should Be True" owner="BuiltIn">
<arg>${True}</arg>
<doc>Fails if the given condition is not true.</doc>
<status status="PASS" start="2024-05-17T09:16:28.691332" elapsed="0.000147"/>
</kw>
<arg>${json_data["results"][0]["location"]["coordinates"]["longitude"]} &gt;= -180 and ${json_data["results"][0]["location"]["coordinates"]["longitude"]} &lt;= 180</arg>
<arg>Should Be True</arg>
<arg>${True}</arg>
<doc>Runs the given keyword with the given arguments, if ``condition`` is true.</doc>
<status status="PASS" start="2024-05-17T09:16:28.690612" elapsed="0.000993"/>
</kw>
<status status="PASS" start="2024-05-17T09:16:28.586461" elapsed="0.105280"/>
</kw>
<doc>Testa o conteúdo específico dos campos retornados pela API.</doc>
<tag>testeConteudo</tag>
<status status="PASS" start="2024-05-17T09:16:28.585788" elapsed="0.106111"/>
</test>
<status status="PASS" start="2024-05-17T09:16:27.820554" elapsed="0.873304"/>
</suite>
<status status="PASS" start="2024-05-17T09:16:27.806807" elapsed="0.892354"/>
</suite>
<statistics>
<total>
<stat pass="5" fail="0" skip="0">All Tests</stat>
</total>
<tag>
<stat pass="1" fail="0" skip="0">testeConteudo</stat>
<stat pass="1" fail="0" skip="0">testeEstruturaResposta</stat>
<stat pass="1" fail="0" skip="0">testeRequisicaoBasica</stat>
<stat pass="1" fail="0" skip="0">testeTiposDados</stat>
</tag>
<suite>
<stat pass="5" fail="0" skip="0" id="s1" name="Tests">Tests</stat>
<stat pass="5" fail="0" skip="0" id="s1-s1" name="Random-User-Test">Tests.Random-User-Test</stat>
</suite>
</statistics>
<errors>
</errors>
</robot>
