<?xml version="1.0" encoding="UTF-8"?>
<robot generator="Robot 7.0 (Python 3.12.3 on linux)" generated="2024-05-16T11:12:45.188469" rpa="false" schemaversion="5">
<suite id="s1" name="Tests" source="/home/runner/work/DesafioQAItauRogerioJordao/DesafioQAItauRogerioJordao/RamdonUser/tests">
<suite id="s1-s1" name="Random-User-Test" source="/home/runner/work/DesafioQAItauRogerioJordao/DesafioQAItauRogerioJordao/RamdonUser/tests/random-user-test.robot">
<test id="s1-s1-t1" name="Conectar" line="13">
<kw name="Conectar API" owner="random-user-service">
<kw name="Create Session" owner="RequestsLibrary">
<msg time="2024-05-16T11:12:45.605123" level="INFO">Creating Session using : alias=consultarAPI, url=https://randomuser.me/, headers={},                     cookies={}, auth=None, timeout=None, proxies=None, verify=False,                     debug=0 </msg>
<arg>consultarAPI</arg>
<arg>${URL}</arg>
<doc>Create Session: create a HTTP session to a server</doc>
<status status="PASS" start="2024-05-16T11:12:45.604913" elapsed="0.000406"/>
</kw>
<status status="PASS" start="2024-05-16T11:12:45.603873" elapsed="0.001815"/>
</kw>
<status status="PASS" start="2024-05-16T11:12:45.603109" elapsed="0.002776"/>
</test>
<test id="s1-s1-t2" name="Validar retorno 200 e JSON Válido" line="16">
<kw name="Teste de Requisicao Basica" owner="random-user-service">
<kw name="GET On Session" owner="RequestsLibrary">
<msg time="2024-05-16T11:12:46.198271" level="INFO">GET Request : url=https://randomuser.me/api 
 path_url=/api 
 headers={'User-Agent': 'python-requests/2.31.0', 'Accept-Encoding': 'gzip, deflate', 'Accept': '*/*', 'Connection': 'keep-alive'} 
 body=None 
 </msg>
<msg time="2024-05-16T11:12:46.198425" level="INFO">GET Response : url=https://randomuser.me/api 
 status=200, reason=OK 
 headers={'Date': 'Thu, 16 May 2024 11:12:46 GMT', 'Content-Type': 'application/json; charset=utf-8', 'Transfer-Encoding': 'chunked', 'Connection': 'keep-alive', 'X-Powered-By': 'Express', 'Access-Control-Allow-Origin': '*', 'Cache-Control': 'no-cache', 'ETag': 'W/"499-SoOIrauioZwtlqiF6so+6pQtSB8"', 'Vary': 'Accept-Encoding', 'Content-Encoding': 'gzip', 'CF-Cache-Status': 'DYNAMIC', 'Report-To': '{"endpoints":[{"url":"https:\\/\\/a.nel.cloudflare.com\\/report\\/v4?s=t9ohFpyVHxie%2BCRPAVKoNZjPtNf5MgAO4DpcCbArNbJvgMYg7zTX9NjCFgQuGJJ2cUtpfei%2Fxq0hdXpE33izvIsnNAlF5vKFlJEG%2FK%2FMhW9VxFXAy2mXrkggJotdct7%2B"}],"group":"cf-nel","max_age":604800}', 'NEL': '{"success_fraction":0,"report_to":"cf-nel","max_age":604800}', 'Server': 'cloudflare', 'CF-RAY': '884aef3d4e3d9c8b-IAD', 'alt-svc': 'h3=":443"; ma=86400'} 
 body={"results":[{"gender":"male","name":{"title":"Mr","first":"Maël","last":"Guerin"},"location":{"street":{"number":5439,"name":"Place de L'Abbé-Georges-Hénocque"},"city":"Dijon","state":"Côtes-D'Armor","country":"France","postcode":39075,"coordinates":{"latitude":"-21.2595","longitude":"-35.5124"},"timezone":{"offset":"-2:00","description":"Mid-Atlantic"}},"email":"mael.guerin@example.com","login":{"uuid":"a6683535-11c5-4edd-9ad0-6fcdbf36c3c3","username":"ticklishbear469","password":"penguin1","salt":"fhXt411Z","md5":"e42cc74e2e54a74c890dbcf5d2241195","sha1":"0e0eac1b3d18a59f3472e38882b9b46fc38523bd","sha256":"f3c2c7e19efdb97dec11c9f98a059859c29aaedcd0b8bbc6bb392c36c19a0796"},"dob":{"date":"2000-11-21T03:35:19.755Z","age":23},"registered":{"date":"2018-08-02T20:23:16.775Z","age":5},"phone":"04-92-47-27-27","cell":"06-04-56-61-62","id":{"name":"INSEE","value":"11001074465913 15"},"picture":{"large":"https://randomuser.me/api/portraits/men/86.jpg","medium":"https://randomuser.me/api/portraits/med/men/86.jpg","thumbnail":"https://randomuser.me/api/portraits/thumb/men/86.jpg"},"nat":"FR"}],"info":{"seed":"47d2e6c0b23509b4","results":1,"page":1,"version":"1.4"}} 
 </msg>
<msg time="2024-05-16T11:12:46.198508" level="INFO">/opt/hostedtoolcache/Python/3.12.3/x64/lib/python3.12/site-packages/urllib3/connectionpool.py:1103: InsecureRequestWarning: Unverified HTTPS request is being made to host 'randomuser.me'. Adding certificate verification is strongly advised. See: https://urllib3.readthedocs.io/en/latest/advanced-usage.html#tls-warnings
  warnings.warn(</msg>
<msg time="2024-05-16T11:12:46.198657" level="INFO">${response} = &lt;Response [200]&gt;</msg>
<var>${response}</var>
<arg>consultarAPI</arg>
<arg>/api</arg>
<doc>Sends a GET request on a previously created HTTP Session.</doc>
<status status="PASS" start="2024-05-16T11:12:45.608530" elapsed="0.590166"/>
</kw>
<kw name="Should Be Equal As Numbers" owner="BuiltIn">
<msg time="2024-05-16T11:12:46.199910" level="INFO">Argument types are:
&lt;class 'int'&gt;
&lt;class 'str'&gt;</msg>
<arg>${response.status_code}</arg>
<arg>200</arg>
<doc>Fails if objects are unequal after converting them to real numbers.</doc>
<status status="PASS" start="2024-05-16T11:12:46.199420" elapsed="0.000555"/>
</kw>
<kw name="Log" owner="BuiltIn">
<msg time="2024-05-16T11:12:46.200644" level="INFO">200</msg>
<arg>${response.status_code}</arg>
<doc>Logs the given message with the given level.</doc>
<status status="PASS" start="2024-05-16T11:12:46.200296" elapsed="0.000390"/>
</kw>
<kw name="Set Variable" owner="BuiltIn">
<msg time="2024-05-16T11:12:46.201440" level="INFO">${json_data} = {'results': [{'gender': 'male', 'name': {'title': 'Mr', 'first': 'Maël', 'last': 'Guerin'}, 'location': {'street': {'number': 5439, 'name': "Place de L'Abbé-Georges-Hénocque"}, 'city': 'Dijon', 'state...</msg>
<var>${json_data}</var>
<arg>${response.json()}</arg>
<doc>Returns the given values which can then be assigned to a variables.</doc>
<status status="PASS" start="2024-05-16T11:12:46.200992" elapsed="0.000478"/>
</kw>
<kw name="Dictionary Should Contain Key" owner="Collections">
<msg time="2024-05-16T11:12:46.201943" level="INFO">False</msg>
<arg>${json_data}</arg>
<arg>results</arg>
<doc>Fails if ``key`` is not found from ``dictionary``.</doc>
<status status="PASS" start="2024-05-16T11:12:46.201773" elapsed="0.000210"/>
</kw>
<status status="PASS" start="2024-05-16T11:12:45.608288" elapsed="0.593953"/>
</kw>
<doc>Testa se a API responde corretamente e retorna um objeto JSON válido.</doc>
<tag>testeRequisicaoBasica</tag>
<status status="PASS" start="2024-05-16T11:12:45.607825" elapsed="0.594600"/>
</test>
<test id="s1-s1-t3" name="Validar estrutura de resposta" line="22">
<kw name="Teste de Estrutura de Resposta" owner="random-user-service">
<kw name="GET On Session" owner="RequestsLibrary">
<msg time="2024-05-16T11:12:46.596727" level="INFO">GET Request : url=https://randomuser.me/api 
 path_url=/api 
 headers={'User-Agent': 'python-requests/2.31.0', 'Accept-Encoding': 'gzip, deflate', 'Accept': '*/*', 'Connection': 'keep-alive'} 
 body=None 
 </msg>
<msg time="2024-05-16T11:12:46.596840" level="INFO">GET Response : url=https://randomuser.me/api 
 status=200, reason=OK 
 headers={'Date': 'Thu, 16 May 2024 11:12:46 GMT', 'Content-Type': 'application/json; charset=utf-8', 'Transfer-Encoding': 'chunked', 'Connection': 'keep-alive', 'X-Powered-By': 'Express', 'Access-Control-Allow-Origin': '*', 'Cache-Control': 'no-cache', 'ETag': 'W/"472-WRlpwyzuGasRfSeMBBKpdmgzrCQ"', 'Vary': 'Accept-Encoding', 'Content-Encoding': 'gzip', 'CF-Cache-Status': 'DYNAMIC', 'Report-To': '{"endpoints":[{"url":"https:\\/\\/a.nel.cloudflare.com\\/report\\/v4?s=N5uJmdfhCXvrkk2rzNBBv3RaGSQcIRuSVQQws%2FBSpT35niI0O0vtsc7EUcw%2BkHRSLUAF4JWWcqmP%2FvE%2BhzpPoARnF5MjFT7UslRUVvW2YA%2BbMID5veDZyTKbRoXkuwWd"}],"group":"cf-nel","max_age":604800}', 'NEL': '{"success_fraction":0,"report_to":"cf-nel","max_age":604800}', 'Server': 'cloudflare', 'CF-RAY': '884aef40ca029c8b-IAD', 'alt-svc': 'h3=":443"; ma=86400'} 
 body={"results":[{"gender":"female","name":{"title":"Ms","first":"Indie","last":"Smith"},"location":{"street":{"number":5959,"name":"Highgate"},"city":"Palmerston North","state":"Canterbury","country":"New Zealand","postcode":52475,"coordinates":{"latitude":"52.4164","longitude":"161.4110"},"timezone":{"offset":"-9:00","description":"Alaska"}},"email":"indie.smith@example.com","login":{"uuid":"6ad19692-7d0b-44d6-a367-e8b0deee5c66","username":"lazywolf604","password":"hello2","salt":"1cQt2A3l","md5":"60e00794b4b19f89d308f11c72c16490","sha1":"66b45b04d600484db43b4ff00bbabec2ba38b141","sha256":"06a99803ac9ef876218596b82e4bd72f494ec3f89887ddd150b9a115f57990c5"},"dob":{"date":"1987-02-24T03:18:37.264Z","age":37},"registered":{"date":"2003-04-25T20:14:38.759Z","age":21},"phone":"(999)-373-3484","cell":"(377)-222-4102","id":{"name":"","value":null},"picture":{"large":"https://randomuser.me/api/portraits/women/82.jpg","medium":"https://randomuser.me/api/portraits/med/women/82.jpg","thumbnail":"https://randomuser.me/api/portraits/thumb/women/82.jpg"},"nat":"NZ"}],"info":{"seed":"04febe614923154d","results":1,"page":1,"version":"1.4"}} 
 </msg>
<msg time="2024-05-16T11:12:46.596985" level="INFO">/opt/hostedtoolcache/Python/3.12.3/x64/lib/python3.12/site-packages/urllib3/connectionpool.py:1103: InsecureRequestWarning: Unverified HTTPS request is being made to host 'randomuser.me'. Adding certificate verification is strongly advised. See: https://urllib3.readthedocs.io/en/latest/advanced-usage.html#tls-warnings
  warnings.warn(</msg>
<msg time="2024-05-16T11:12:46.597127" level="INFO">${response} = &lt;Response [200]&gt;</msg>
<var>${response}</var>
<arg>consultarAPI</arg>
<arg>/api</arg>
<doc>Sends a GET request on a previously created HTTP Session.</doc>
<status status="PASS" start="2024-05-16T11:12:46.205130" elapsed="0.392035"/>
</kw>
<kw name="Set Variable" owner="BuiltIn">
<msg time="2024-05-16T11:12:46.598377" level="INFO">${json_data} = {'results': [{'gender': 'female', 'name': {'title': 'Ms', 'first': 'Indie', 'last': 'Smith'}, 'location': {'street': {'number': 5959, 'name': 'Highgate'}, 'city': 'Palmerston North', 'state': 'Canterb...</msg>
<var>${json_data}</var>
<arg>${response.json()}</arg>
<doc>Returns the given values which can then be assigned to a variables.</doc>
<status status="PASS" start="2024-05-16T11:12:46.597782" elapsed="0.000624"/>
</kw>
<kw name="Log" owner="BuiltIn">
<msg time="2024-05-16T11:12:46.598918" level="INFO">{'results': [{'gender': 'female', 'name': {'title': 'Ms', 'first': 'Indie', 'last': 'Smith'}, 'location': {'street': {'number': 5959, 'name': 'Highgate'}, 'city': 'Palmerston North', 'state': 'Canterbury', 'country': 'New Zealand', 'postcode': 52475, 'coordinates': {'latitude': '52.4164', 'longitude': '161.4110'}, 'timezone': {'offset': '-9:00', 'description': 'Alaska'}}, 'email': 'indie.smith@example.com', 'login': {'uuid': '6ad19692-7d0b-44d6-a367-e8b0deee5c66', 'username': 'lazywolf604', 'password': 'hello2', 'salt': '1cQt2A3l', 'md5': '60e00794b4b19f89d308f11c72c16490', 'sha1': '66b45b04d600484db43b4ff00bbabec2ba38b141', 'sha256': '06a99803ac9ef876218596b82e4bd72f494ec3f89887ddd150b9a115f57990c5'}, 'dob': {'date': '1987-02-24T03:18:37.264Z', 'age': 37}, 'registered': {'date': '2003-04-25T20:14:38.759Z', 'age': 21}, 'phone': '(999)-373-3484', 'cell': '(377)-222-4102', 'id': {'name': '', 'value': None}, 'picture': {'large': 'https://randomuser.me/api/portraits/women/82.jpg', 'medium': 'https://randomuser.me/api/portraits/med/women/82.jpg', 'thumbnail': 'https://randomuser.me/api/portraits/thumb/women/82.jpg'}, 'nat': 'NZ'}], 'info': {'seed': '04febe614923154d', 'results': 1, 'page': 1, 'version': '1.4'}}</msg>
<arg>${json_data}</arg>
<doc>Logs the given message with the given level.</doc>
<status status="PASS" start="2024-05-16T11:12:46.598717" elapsed="0.000268"/>
</kw>
<kw name="Dictionary Should Contain Key" owner="Collections">
<msg time="2024-05-16T11:12:46.599471" level="INFO">False</msg>
<arg>${json_data}</arg>
<arg>results</arg>
<doc>Fails if ``key`` is not found from ``dictionary``.</doc>
<status status="PASS" start="2024-05-16T11:12:46.599294" elapsed="0.000215"/>
</kw>
<kw name="Should Not Be Empty" owner="BuiltIn">
<msg time="2024-05-16T11:12:46.599964" level="INFO">Length is 2.</msg>
<arg>${json_data}</arg>
<doc>Verifies that the given item is not empty.</doc>
<status status="PASS" start="2024-05-16T11:12:46.599823" elapsed="0.000339"/>
</kw>
<kw name="Create List" owner="BuiltIn">
<msg time="2024-05-16T11:12:46.600622" level="INFO">${expected_keys} = ['gender', 'name', 'location', 'email', 'login']</msg>
<var>${expected_keys}</var>
<arg>gender</arg>
<arg>name</arg>
<arg>location</arg>
<arg>email</arg>
<arg>login</arg>
<doc>Returns a list containing given items.</doc>
<status status="PASS" start="2024-05-16T11:12:46.600467" elapsed="0.000179"/>
</kw>
<for flavor="IN">
<iter>
<kw name="Dictionary Should Contain Key" owner="Collections">
<msg time="2024-05-16T11:12:46.601624" level="INFO">False</msg>
<arg>${json_data['results'][0]}</arg>
<arg>${key}</arg>
<doc>Fails if ``key`` is not found from ``dictionary``.</doc>
<status status="PASS" start="2024-05-16T11:12:46.601231" elapsed="0.000431"/>
</kw>
<kw name="Log" owner="BuiltIn">
<msg time="2024-05-16T11:12:46.602315" level="INFO">{'gender': 'female', 'name': {'title': 'Ms', 'first': 'Indie', 'last': 'Smith'}, 'location': {'street': {'number': 5959, 'name': 'Highgate'}, 'city': 'Palmerston North', 'state': 'Canterbury', 'country': 'New Zealand', 'postcode': 52475, 'coordinates': {'latitude': '52.4164', 'longitude': '161.4110'}, 'timezone': {'offset': '-9:00', 'description': 'Alaska'}}, 'email': 'indie.smith@example.com', 'login': {'uuid': '6ad19692-7d0b-44d6-a367-e8b0deee5c66', 'username': 'lazywolf604', 'password': 'hello2', 'salt': '1cQt2A3l', 'md5': '60e00794b4b19f89d308f11c72c16490', 'sha1': '66b45b04d600484db43b4ff00bbabec2ba38b141', 'sha256': '06a99803ac9ef876218596b82e4bd72f494ec3f89887ddd150b9a115f57990c5'}, 'dob': {'date': '1987-02-24T03:18:37.264Z', 'age': 37}, 'registered': {'date': '2003-04-25T20:14:38.759Z', 'age': 21}, 'phone': '(999)-373-3484', 'cell': '(377)-222-4102', 'id': {'name': '', 'value': None}, 'picture': {'large': 'https://randomuser.me/api/portraits/women/82.jpg', 'medium': 'https://randomuser.me/api/portraits/med/women/82.jpg', 'thumbnail': 'https://randomuser.me/api/portraits/thumb/women/82.jpg'}, 'nat': 'NZ'}</msg>
<arg>${json_data['results'][0]}</arg>
<doc>Logs the given message with the given level.</doc>
<status status="PASS" start="2024-05-16T11:12:46.601957" elapsed="0.000404"/>
</kw>
<kw name="Log" owner="BuiltIn">
<msg time="2024-05-16T11:12:46.602787" level="INFO">gender</msg>
<arg>${key}</arg>
<doc>Logs the given message with the given level.</doc>
<status status="PASS" start="2024-05-16T11:12:46.602659" elapsed="0.000165"/>
</kw>
<var name="${key}">gender</var>
<status status="PASS" start="2024-05-16T11:12:46.601101" elapsed="0.001970"/>
</iter>
<iter>
<kw name="Dictionary Should Contain Key" owner="Collections">
<msg time="2024-05-16T11:12:46.603755" level="INFO">False</msg>
<arg>${json_data['results'][0]}</arg>
<arg>${key}</arg>
<doc>Fails if ``key`` is not found from ``dictionary``.</doc>
<status status="PASS" start="2024-05-16T11:12:46.603369" elapsed="0.000428"/>
</kw>
<kw name="Log" owner="BuiltIn">
<msg time="2024-05-16T11:12:46.604487" level="INFO">{'gender': 'female', 'name': {'title': 'Ms', 'first': 'Indie', 'last': 'Smith'}, 'location': {'street': {'number': 5959, 'name': 'Highgate'}, 'city': 'Palmerston North', 'state': 'Canterbury', 'country': 'New Zealand', 'postcode': 52475, 'coordinates': {'latitude': '52.4164', 'longitude': '161.4110'}, 'timezone': {'offset': '-9:00', 'description': 'Alaska'}}, 'email': 'indie.smith@example.com', 'login': {'uuid': '6ad19692-7d0b-44d6-a367-e8b0deee5c66', 'username': 'lazywolf604', 'password': 'hello2', 'salt': '1cQt2A3l', 'md5': '60e00794b4b19f89d308f11c72c16490', 'sha1': '66b45b04d600484db43b4ff00bbabec2ba38b141', 'sha256': '06a99803ac9ef876218596b82e4bd72f494ec3f89887ddd150b9a115f57990c5'}, 'dob': {'date': '1987-02-24T03:18:37.264Z', 'age': 37}, 'registered': {'date': '2003-04-25T20:14:38.759Z', 'age': 21}, 'phone': '(999)-373-3484', 'cell': '(377)-222-4102', 'id': {'name': '', 'value': None}, 'picture': {'large': 'https://randomuser.me/api/portraits/women/82.jpg', 'medium': 'https://randomuser.me/api/portraits/med/women/82.jpg', 'thumbnail': 'https://randomuser.me/api/portraits/thumb/women/82.jpg'}, 'nat': 'NZ'}</msg>
<arg>${json_data['results'][0]}</arg>
<doc>Logs the given message with the given level.</doc>
<status status="PASS" start="2024-05-16T11:12:46.604125" elapsed="0.000409"/>
</kw>
<kw name="Log" owner="BuiltIn">
<msg time="2024-05-16T11:12:46.604970" level="INFO">name</msg>
<arg>${key}</arg>
<doc>Logs the given message with the given level.</doc>
<status status="PASS" start="2024-05-16T11:12:46.604843" elapsed="0.000163"/>
</kw>
<var name="${key}">name</var>
<status status="PASS" start="2024-05-16T11:12:46.603253" elapsed="0.001967"/>
</iter>
<iter>
<kw name="Dictionary Should Contain Key" owner="Collections">
<msg time="2024-05-16T11:12:46.605895" level="INFO">False</msg>
<arg>${json_data['results'][0]}</arg>
<arg>${key}</arg>
<doc>Fails if ``key`` is not found from ``dictionary``.</doc>
<status status="PASS" start="2024-05-16T11:12:46.605511" elapsed="0.000421"/>
</kw>
<kw name="Log" owner="BuiltIn">
<msg time="2024-05-16T11:12:46.606581" level="INFO">{'gender': 'female', 'name': {'title': 'Ms', 'first': 'Indie', 'last': 'Smith'}, 'location': {'street': {'number': 5959, 'name': 'Highgate'}, 'city': 'Palmerston North', 'state': 'Canterbury', 'country': 'New Zealand', 'postcode': 52475, 'coordinates': {'latitude': '52.4164', 'longitude': '161.4110'}, 'timezone': {'offset': '-9:00', 'description': 'Alaska'}}, 'email': 'indie.smith@example.com', 'login': {'uuid': '6ad19692-7d0b-44d6-a367-e8b0deee5c66', 'username': 'lazywolf604', 'password': 'hello2', 'salt': '1cQt2A3l', 'md5': '60e00794b4b19f89d308f11c72c16490', 'sha1': '66b45b04d600484db43b4ff00bbabec2ba38b141', 'sha256': '06a99803ac9ef876218596b82e4bd72f494ec3f89887ddd150b9a115f57990c5'}, 'dob': {'date': '1987-02-24T03:18:37.264Z', 'age': 37}, 'registered': {'date': '2003-04-25T20:14:38.759Z', 'age': 21}, 'phone': '(999)-373-3484', 'cell': '(377)-222-4102', 'id': {'name': '', 'value': None}, 'picture': {'large': 'https://randomuser.me/api/portraits/women/82.jpg', 'medium': 'https://randomuser.me/api/portraits/med/women/82.jpg', 'thumbnail': 'https://randomuser.me/api/portraits/thumb/women/82.jpg'}, 'nat': 'NZ'}</msg>
<arg>${json_data['results'][0]}</arg>
<doc>Logs the given message with the given level.</doc>
<status status="PASS" start="2024-05-16T11:12:46.606227" elapsed="0.000402"/>
</kw>
<kw name="Log" owner="BuiltIn">
<msg time="2024-05-16T11:12:46.607129" level="INFO">location</msg>
<arg>${key}</arg>
<doc>Logs the given message with the given level.</doc>
<status status="PASS" start="2024-05-16T11:12:46.606996" elapsed="0.000170"/>
</kw>
<var name="${key}">location</var>
<status status="PASS" start="2024-05-16T11:12:46.605400" elapsed="0.001981"/>
</iter>
<iter>
<kw name="Dictionary Should Contain Key" owner="Collections">
<msg time="2024-05-16T11:12:46.608046" level="INFO">False</msg>
<arg>${json_data['results'][0]}</arg>
<arg>${key}</arg>
<doc>Fails if ``key`` is not found from ``dictionary``.</doc>
<status status="PASS" start="2024-05-16T11:12:46.607663" elapsed="0.000420"/>
</kw>
<kw name="Log" owner="BuiltIn">
<msg time="2024-05-16T11:12:46.608729" level="INFO">{'gender': 'female', 'name': {'title': 'Ms', 'first': 'Indie', 'last': 'Smith'}, 'location': {'street': {'number': 5959, 'name': 'Highgate'}, 'city': 'Palmerston North', 'state': 'Canterbury', 'country': 'New Zealand', 'postcode': 52475, 'coordinates': {'latitude': '52.4164', 'longitude': '161.4110'}, 'timezone': {'offset': '-9:00', 'description': 'Alaska'}}, 'email': 'indie.smith@example.com', 'login': {'uuid': '6ad19692-7d0b-44d6-a367-e8b0deee5c66', 'username': 'lazywolf604', 'password': 'hello2', 'salt': '1cQt2A3l', 'md5': '60e00794b4b19f89d308f11c72c16490', 'sha1': '66b45b04d600484db43b4ff00bbabec2ba38b141', 'sha256': '06a99803ac9ef876218596b82e4bd72f494ec3f89887ddd150b9a115f57990c5'}, 'dob': {'date': '1987-02-24T03:18:37.264Z', 'age': 37}, 'registered': {'date': '2003-04-25T20:14:38.759Z', 'age': 21}, 'phone': '(999)-373-3484', 'cell': '(377)-222-4102', 'id': {'name': '', 'value': None}, 'picture': {'large': 'https://randomuser.me/api/portraits/women/82.jpg', 'medium': 'https://randomuser.me/api/portraits/med/women/82.jpg', 'thumbnail': 'https://randomuser.me/api/portraits/thumb/women/82.jpg'}, 'nat': 'NZ'}</msg>
<arg>${json_data['results'][0]}</arg>
<doc>Logs the given message with the given level.</doc>
<status status="PASS" start="2024-05-16T11:12:46.608377" elapsed="0.000409"/>
</kw>
<kw name="Log" owner="BuiltIn">
<msg time="2024-05-16T11:12:46.609200" level="INFO">email</msg>
<arg>${key}</arg>
<doc>Logs the given message with the given level.</doc>
<status status="PASS" start="2024-05-16T11:12:46.609075" elapsed="0.000161"/>
</kw>
<var name="${key}">email</var>
<status status="PASS" start="2024-05-16T11:12:46.607553" elapsed="0.001891"/>
</iter>
<iter>
<kw name="Dictionary Should Contain Key" owner="Collections">
<msg time="2024-05-16T11:12:46.610111" level="INFO">False</msg>
<arg>${json_data['results'][0]}</arg>
<arg>${key}</arg>
<doc>Fails if ``key`` is not found from ``dictionary``.</doc>
<status status="PASS" start="2024-05-16T11:12:46.609725" elapsed="0.000423"/>
</kw>
<kw name="Log" owner="BuiltIn">
<msg time="2024-05-16T11:12:46.610814" level="INFO">{'gender': 'female', 'name': {'title': 'Ms', 'first': 'Indie', 'last': 'Smith'}, 'location': {'street': {'number': 5959, 'name': 'Highgate'}, 'city': 'Palmerston North', 'state': 'Canterbury', 'country': 'New Zealand', 'postcode': 52475, 'coordinates': {'latitude': '52.4164', 'longitude': '161.4110'}, 'timezone': {'offset': '-9:00', 'description': 'Alaska'}}, 'email': 'indie.smith@example.com', 'login': {'uuid': '6ad19692-7d0b-44d6-a367-e8b0deee5c66', 'username': 'lazywolf604', 'password': 'hello2', 'salt': '1cQt2A3l', 'md5': '60e00794b4b19f89d308f11c72c16490', 'sha1': '66b45b04d600484db43b4ff00bbabec2ba38b141', 'sha256': '06a99803ac9ef876218596b82e4bd72f494ec3f89887ddd150b9a115f57990c5'}, 'dob': {'date': '1987-02-24T03:18:37.264Z', 'age': 37}, 'registered': {'date': '2003-04-25T20:14:38.759Z', 'age': 21}, 'phone': '(999)-373-3484', 'cell': '(377)-222-4102', 'id': {'name': '', 'value': None}, 'picture': {'large': 'https://randomuser.me/api/portraits/women/82.jpg', 'medium': 'https://randomuser.me/api/portraits/med/women/82.jpg', 'thumbnail': 'https://randomuser.me/api/portraits/thumb/women/82.jpg'}, 'nat': 'NZ'}</msg>
<arg>${json_data['results'][0]}</arg>
<doc>Logs the given message with the given level.</doc>
<status status="PASS" start="2024-05-16T11:12:46.610451" elapsed="0.000437"/>
</kw>
<kw name="Log" owner="BuiltIn">
<msg time="2024-05-16T11:12:46.611329" level="INFO">login</msg>
<arg>${key}</arg>
<doc>Logs the given message with the given level.</doc>
<status status="PASS" start="2024-05-16T11:12:46.611199" elapsed="0.000168"/>
</kw>
<var name="${key}">login</var>
<status status="PASS" start="2024-05-16T11:12:46.609615" elapsed="0.001971"/>
</iter>
<var>${key}</var>
<value>@{expected_keys}</value>
<status status="PASS" start="2024-05-16T11:12:46.600907" elapsed="0.010798"/>
</for>
<kw name="Create List" owner="BuiltIn">
<msg time="2024-05-16T11:12:46.612064" level="INFO">${expected_keysTwo} = ['username', 'password']</msg>
<var>${expected_keysTwo}</var>
<arg>username</arg>
<arg>password</arg>
<doc>Returns a list containing given items.</doc>
<status status="PASS" start="2024-05-16T11:12:46.611926" elapsed="0.000162"/>
</kw>
<for flavor="IN">
<iter>
<kw name="Dictionary Should Contain Key" owner="Collections">
<msg time="2024-05-16T11:12:46.612977" level="INFO">False</msg>
<arg>${json_data['results'][0]['login']}</arg>
<arg>${keyTwo}</arg>
<doc>Fails if ``key`` is not found from ``dictionary``.</doc>
<status status="PASS" start="2024-05-16T11:12:46.612584" elapsed="0.000430"/>
</kw>
<kw name="Dictionary Should Contain Key" owner="Collections">
<msg time="2024-05-16T11:12:46.613681" level="INFO">False</msg>
<arg>${json_data['results'][0]['login']}</arg>
<arg>${keyTwo}</arg>
<doc>Fails if ``key`` is not found from ``dictionary``.</doc>
<status status="PASS" start="2024-05-16T11:12:46.613306" elapsed="0.000412"/>
</kw>
<kw name="Log" owner="BuiltIn">
<msg time="2024-05-16T11:12:46.614135" level="INFO">username</msg>
<arg>${keyTwo}</arg>
<doc>Logs the given message with the given level.</doc>
<status status="PASS" start="2024-05-16T11:12:46.614008" elapsed="0.000169"/>
</kw>
<var name="${keyTwo}">username</var>
<status status="PASS" start="2024-05-16T11:12:46.612474" elapsed="0.001922"/>
</iter>
<iter>
<kw name="Dictionary Should Contain Key" owner="Collections">
<msg time="2024-05-16T11:12:46.615182" level="INFO">False</msg>
<arg>${json_data['results'][0]['login']}</arg>
<arg>${keyTwo}</arg>
<doc>Fails if ``key`` is not found from ``dictionary``.</doc>
<status status="PASS" start="2024-05-16T11:12:46.614679" elapsed="0.000543"/>
</kw>
<kw name="Dictionary Should Contain Key" owner="Collections">
<msg time="2024-05-16T11:12:46.615902" level="INFO">False</msg>
<arg>${json_data['results'][0]['login']}</arg>
<arg>${keyTwo}</arg>
<doc>Fails if ``key`` is not found from ``dictionary``.</doc>
<status status="PASS" start="2024-05-16T11:12:46.615523" elapsed="0.000415"/>
</kw>
<kw name="Log" owner="BuiltIn">
<msg time="2024-05-16T11:12:46.616364" level="INFO">password</msg>
<arg>${keyTwo}</arg>
<doc>Logs the given message with the given level.</doc>
<status status="PASS" start="2024-05-16T11:12:46.616235" elapsed="0.000165"/>
</kw>
<var name="${keyTwo}">password</var>
<status status="PASS" start="2024-05-16T11:12:46.614568" elapsed="0.002049"/>
</iter>
<var>${keyTwo}</var>
<value>@{expected_keysTwo}</value>
<status status="PASS" start="2024-05-16T11:12:46.612323" elapsed="0.004415"/>
</for>
<status status="PASS" start="2024-05-16T11:12:46.204894" elapsed="0.411986"/>
</kw>
<doc>Testa a estrutura da resposta da API.</doc>
<tag>testeEstruturaResposta</tag>
<status status="PASS" start="2024-05-16T11:12:46.204283" elapsed="0.412757"/>
</test>
<test id="s1-s1-t4" name="Validar tipos de dados" line="28">
<kw name="Teste de Tipos de Dados" owner="random-user-service">
<kw name="GET On Session" owner="RequestsLibrary">
<msg time="2024-05-16T11:12:46.691949" level="INFO">GET Request : url=https://randomuser.me/api 
 path_url=/api 
 headers={'User-Agent': 'python-requests/2.31.0', 'Accept-Encoding': 'gzip, deflate', 'Accept': '*/*', 'Connection': 'keep-alive'} 
 body=None 
 </msg>
<msg time="2024-05-16T11:12:46.692038" level="INFO">GET Response : url=https://randomuser.me/api 
 status=200, reason=OK 
 headers={'Date': 'Thu, 16 May 2024 11:12:46 GMT', 'Content-Type': 'application/json; charset=utf-8', 'Transfer-Encoding': 'chunked', 'Connection': 'keep-alive', 'X-Powered-By': 'Express', 'Access-Control-Allow-Origin': '*', 'Cache-Control': 'no-cache', 'ETag': 'W/"483-7ys63YKIc+tIc8SXP0OL1o5301Q"', 'Vary': 'Accept-Encoding', 'Content-Encoding': 'gzip', 'CF-Cache-Status': 'DYNAMIC', 'Report-To': '{"endpoints":[{"url":"https:\\/\\/a.nel.cloudflare.com\\/report\\/v4?s=G76W6SCCie2RWTgb1m0dt5JKecWN%2F5Pk8PEJlj6FKs%2F%2FgLEn9arW50XZSa8beTB3IBAXwsX%2BvVO8iovyDtVhKIR%2FjRf%2BcOk3LLcrmQwDzxtjpLy%2BTjtl6%2FGaobsXC%2FGp"}],"group":"cf-nel","max_age":604800}', 'NEL': '{"success_fraction":0,"report_to":"cf-nel","max_age":604800}', 'Server': 'cloudflare', 'CF-RAY': '884aef436d399c8b-IAD', 'alt-svc': 'h3=":443"; ma=86400'} 
 body={"results":[{"gender":"male","name":{"title":"Mr","first":"Gabriel","last":"Ray"},"location":{"street":{"number":6251,"name":"Ranchview Dr"},"city":"Greeley","state":"New York","country":"United States","postcode":40477,"coordinates":{"latitude":"89.6446","longitude":"-137.0503"},"timezone":{"offset":"+6:00","description":"Almaty, Dhaka, Colombo"}},"email":"gabriel.ray@example.com","login":{"uuid":"5bcaa6a5-57de-4f4f-8792-26d54e03e5b8","username":"organicdog265","password":"jessie","salt":"uDY59q0d","md5":"5ec3f7c31e5d1e2f4d4af4d572cc3473","sha1":"54f61fb9658fc886e120bb105c2ba9446aa44f29","sha256":"6beb20f6a94017105099b3861c4767b724442aa5434dc8ea83845f1f53437a2b"},"dob":{"date":"1968-02-07T01:18:11.777Z","age":56},"registered":{"date":"2019-09-10T14:01:29.906Z","age":4},"phone":"(490) 393-7594","cell":"(684) 589-9775","id":{"name":"SSN","value":"019-41-3630"},"picture":{"large":"https://randomuser.me/api/portraits/men/36.jpg","medium":"https://randomuser.me/api/portraits/med/men/36.jpg","thumbnail":"https://randomuser.me/api/portraits/thumb/men/36.jpg"},"nat":"US"}],"info":{"seed":"ec15bca23a40fc19","results":1,"page":1,"version":"1.4"}} 
 </msg>
<msg time="2024-05-16T11:12:46.692110" level="INFO">/opt/hostedtoolcache/Python/3.12.3/x64/lib/python3.12/site-packages/urllib3/connectionpool.py:1103: InsecureRequestWarning: Unverified HTTPS request is being made to host 'randomuser.me'. Adding certificate verification is strongly advised. See: https://urllib3.readthedocs.io/en/latest/advanced-usage.html#tls-warnings
  warnings.warn(</msg>
<msg time="2024-05-16T11:12:46.692232" level="INFO">${response} = &lt;Response [200]&gt;</msg>
<var>${response}</var>
<arg>consultarAPI</arg>
<arg>/api</arg>
<doc>Sends a GET request on a previously created HTTP Session.</doc>
<status status="PASS" start="2024-05-16T11:12:46.619636" elapsed="0.072644"/>
</kw>
<kw name="Set Variable" owner="BuiltIn">
<msg time="2024-05-16T11:12:46.693383" level="INFO">${json_data} = {'results': [{'gender': 'male', 'name': {'title': 'Mr', 'first': 'Gabriel', 'last': 'Ray'}, 'location': {'street': {'number': 6251, 'name': 'Ranchview Dr'}, 'city': 'Greeley', 'state': 'New York', 'co...</msg>
<var>${json_data}</var>
<arg>${response.json()}</arg>
<doc>Returns the given values which can then be assigned to a variables.</doc>
<status status="PASS" start="2024-05-16T11:12:46.692803" elapsed="0.000609"/>
</kw>
<kw name="Log" owner="BuiltIn">
<msg time="2024-05-16T11:12:46.693868" level="INFO">{'results': [{'gender': 'male', 'name': {'title': 'Mr', 'first': 'Gabriel', 'last': 'Ray'}, 'location': {'street': {'number': 6251, 'name': 'Ranchview Dr'}, 'city': 'Greeley', 'state': 'New York', 'country': 'United States', 'postcode': 40477, 'coordinates': {'latitude': '89.6446', 'longitude': '-137.0503'}, 'timezone': {'offset': '+6:00', 'description': 'Almaty, Dhaka, Colombo'}}, 'email': 'gabriel.ray@example.com', 'login': {'uuid': '5bcaa6a5-57de-4f4f-8792-26d54e03e5b8', 'username': 'organicdog265', 'password': 'jessie', 'salt': 'uDY59q0d', 'md5': '5ec3f7c31e5d1e2f4d4af4d572cc3473', 'sha1': '54f61fb9658fc886e120bb105c2ba9446aa44f29', 'sha256': '6beb20f6a94017105099b3861c4767b724442aa5434dc8ea83845f1f53437a2b'}, 'dob': {'date': '1968-02-07T01:18:11.777Z', 'age': 56}, 'registered': {'date': '2019-09-10T14:01:29.906Z', 'age': 4}, 'phone': '(490) 393-7594', 'cell': '(684) 589-9775', 'id': {'name': 'SSN', 'value': '019-41-3630'}, 'picture': {'large': 'https://randomuser.me/api/portraits/men/36.jpg', 'medium': 'https://randomuser.me/api/portraits/med/men/36.jpg', 'thumbnail': 'https://randomuser.me/api/portraits/thumb/men/36.jpg'}, 'nat': 'US'}], 'info': {'seed': 'ec15bca23a40fc19', 'results': 1, 'page': 1, 'version': '1.4'}}</msg>
<arg>${json_data}</arg>
<doc>Logs the given message with the given level.</doc>
<status status="PASS" start="2024-05-16T11:12:46.693718" elapsed="0.000205"/>
</kw>
<kw name="Should Be String" owner="String">
<arg>${json_data['results'][0]['gender']}</arg>
<doc>Fails if the given ``item`` is not a string.</doc>
<status status="PASS" start="2024-05-16T11:12:46.694240" elapsed="0.000369"/>
</kw>
<kw name="Should Match Regexp" owner="BuiltIn">
<arg>${json_data['results'][0]['email']}</arg>
<arg>^[a-zA-Z0-9._%+-]+@[a-zA-Z0-9.-]+\.[a-zA-Z]{2,}$</arg>
<doc>Fails if ``string`` does not match ``pattern`` as a regular expression.</doc>
<status status="PASS" start="2024-05-16T11:12:46.694803" elapsed="0.000545"/>
</kw>
<kw name="Should Match Regexp" owner="BuiltIn">
<arg>${json_data['results'][0]['dob']['date']}</arg>
<arg>\\d{4}-\\d{2}-\\d{2}T\\d{2}:\\d{2}:\\d{2}\\.\\d{3}Z</arg>
<doc>Fails if ``string`` does not match ``pattern`` as a regular expression.</doc>
<status status="PASS" start="2024-05-16T11:12:46.695554" elapsed="0.000503"/>
</kw>
<kw name="Should Match Regexp" owner="BuiltIn">
<arg>${json_data['results'][0]['registered']['date']}</arg>
<arg>\\d{4}-\\d{2}-\\d{2}T\\d{2}:\\d{2}:\\d{2}\\.\\d{3}Z</arg>
<doc>Fails if ``string`` does not match ``pattern`` as a regular expression.</doc>
<status status="PASS" start="2024-05-16T11:12:46.696271" elapsed="0.000381"/>
</kw>
<kw name="Should Match Regexp" owner="BuiltIn">
<arg>${json_data['results'][0]['picture']['large']}</arg>
<arg>^https?://.*\.(?:png|jpe?g|gif|bmp)$</arg>
<doc>Fails if ``string`` does not match ``pattern`` as a regular expression.</doc>
<status status="PASS" start="2024-05-16T11:12:46.696846" elapsed="0.000459"/>
</kw>
<kw name="Should Match Regexp" owner="BuiltIn">
<arg>${json_data['results'][0]['picture']['medium']}</arg>
<arg>^https?://.*\.(?:png|jpe?g|gif|bmp)$</arg>
<doc>Fails if ``string`` does not match ``pattern`` as a regular expression.</doc>
<status status="PASS" start="2024-05-16T11:12:46.697493" elapsed="0.000353"/>
</kw>
<kw name="Should Match Regexp" owner="BuiltIn">
<arg>${json_data['results'][0]['picture']['thumbnail']}</arg>
<arg>^https?://.*\.(?:png|jpe?g|gif|bmp)$</arg>
<doc>Fails if ``string`` does not match ``pattern`` as a regular expression.</doc>
<status status="PASS" start="2024-05-16T11:12:46.698035" elapsed="0.000347"/>
</kw>
<kw name="Log" owner="BuiltIn">
<msg time="2024-05-16T11:12:46.698918" level="INFO">{'large': 'https://randomuser.me/api/portraits/men/36.jpg', 'medium': 'https://randomuser.me/api/portraits/med/men/36.jpg', 'thumbnail': 'https://randomuser.me/api/portraits/thumb/men/36.jpg'}</msg>
<arg>${json_data['results'][0]['picture']}</arg>
<doc>Logs the given message with the given level.</doc>
<status status="PASS" start="2024-05-16T11:12:46.698563" elapsed="0.000396"/>
</kw>
<status status="PASS" start="2024-05-16T11:12:46.619405" elapsed="0.079818"/>
</kw>
<kw name="Teste de Tipos de Dados - Postcode" owner="random-user-service">
<kw name="GET On Session" owner="RequestsLibrary">
<msg time="2024-05-16T11:12:46.757900" level="INFO">GET Request : url=https://randomuser.me/api 
 path_url=/api 
 headers={'User-Agent': 'python-requests/2.31.0', 'Accept-Encoding': 'gzip, deflate', 'Accept': '*/*', 'Connection': 'keep-alive'} 
 body=None 
 </msg>
<msg time="2024-05-16T11:12:46.757983" level="INFO">GET Response : url=https://randomuser.me/api 
 status=200, reason=OK 
 headers={'Date': 'Thu, 16 May 2024 11:12:46 GMT', 'Content-Type': 'application/json; charset=utf-8', 'Transfer-Encoding': 'chunked', 'Connection': 'keep-alive', 'X-Powered-By': 'Express', 'Access-Control-Allow-Origin': '*', 'Cache-Control': 'no-cache', 'ETag': 'W/"4be-IKLxa114/Cb9rKOmkFmj14Ar3tI"', 'Vary': 'Accept-Encoding', 'Content-Encoding': 'gzip', 'CF-Cache-Status': 'DYNAMIC', 'Report-To': '{"endpoints":[{"url":"https:\\/\\/a.nel.cloudflare.com\\/report\\/v4?s=U41osO3W5pv2CB6NUdwcRc5LsjIeHmX4S225UCWM9J5q9LdE01f%2BGgvcbW%2FFZixrcwLsDAxt7rpeClWVjyO2G3Qii6bH6WgkEMA0ChPch9cLzYjciKpqHk6OZJb0zumL"}],"group":"cf-nel","max_age":604800}', 'NEL': '{"success_fraction":0,"report_to":"cf-nel","max_age":604800}', 'Server': 'cloudflare', 'CF-RAY': '884aef43eddc9c8b-IAD', 'alt-svc': 'h3=":443"; ma=86400'} 
 body={"results":[{"gender":"female","name":{"title":"Ms","first":"Guillermina","last":"Rolón"},"location":{"street":{"number":4497,"name":"Privada Nevárez"},"city":"Guadalupe Distrito Bravos","state":"Chiapas","country":"Mexico","postcode":64128,"coordinates":{"latitude":"25.8623","longitude":"173.5326"},"timezone":{"offset":"+3:00","description":"Baghdad, Riyadh, Moscow, St. Petersburg"}},"email":"guillermina.rolon@example.com","login":{"uuid":"6cb87d52-9a6d-495a-8528-4ae686b2d715","username":"orangeelephant706","password":"blues","salt":"NA3LxNWx","md5":"7ec5b37aa8d8d48c5073e2be83c53047","sha1":"0efbf42eb3572a5626e5522ffe5872d6a338b705","sha256":"177aa8cccedf809e031cd3c2fcd0843e235c675651b62c958b6b1631d30fceb7"},"dob":{"date":"1995-05-10T00:26:08.594Z","age":29},"registered":{"date":"2009-11-01T22:01:20.737Z","age":14},"phone":"(637) 184 1332","cell":"(630) 421 7922","id":{"name":"NSS","value":"86 17 19 5628 3"},"picture":{"large":"https://randomuser.me/api/portraits/women/52.jpg","medium":"https://randomuser.me/api/portraits/med/women/52.jpg","thumbnail":"https://randomuser.me/api/portraits/thumb/women/52.jpg"},"nat":"MX"}],"info":{"seed":"5397d4e3e5c1a5f8","results":1,"page":1,"version":"1.4"}} 
 </msg>
<msg time="2024-05-16T11:12:46.758053" level="INFO">/opt/hostedtoolcache/Python/3.12.3/x64/lib/python3.12/site-packages/urllib3/connectionpool.py:1103: InsecureRequestWarning: Unverified HTTPS request is being made to host 'randomuser.me'. Adding certificate verification is strongly advised. See: https://urllib3.readthedocs.io/en/latest/advanced-usage.html#tls-warnings
  warnings.warn(</msg>
<msg time="2024-05-16T11:12:46.758167" level="INFO">${response} = &lt;Response [200]&gt;</msg>
<var>${response}</var>
<arg>consultarAPI</arg>
<arg>/api</arg>
<doc>Sends a GET request on a previously created HTTP Session.</doc>
<status status="PASS" start="2024-05-16T11:12:46.699674" elapsed="0.058541"/>
</kw>
<kw name="Set Variable" owner="BuiltIn">
<msg time="2024-05-16T11:12:46.759316" level="INFO">${json_data} = {'results': [{'gender': 'female', 'name': {'title': 'Ms', 'first': 'Guillermina', 'last': 'Rolón'}, 'location': {'street': {'number': 4497, 'name': 'Privada Nevárez'}, 'city': 'Guadalupe Distrito Brav...</msg>
<var>${json_data}</var>
<arg>${response.json()}</arg>
<doc>Returns the given values which can then be assigned to a variables.</doc>
<status status="PASS" start="2024-05-16T11:12:46.758728" elapsed="0.000617"/>
</kw>
<kw name="Log" owner="BuiltIn">
<msg time="2024-05-16T11:12:46.759814" level="INFO">{'results': [{'gender': 'female', 'name': {'title': 'Ms', 'first': 'Guillermina', 'last': 'Rolón'}, 'location': {'street': {'number': 4497, 'name': 'Privada Nevárez'}, 'city': 'Guadalupe Distrito Bravos', 'state': 'Chiapas', 'country': 'Mexico', 'postcode': 64128, 'coordinates': {'latitude': '25.8623', 'longitude': '173.5326'}, 'timezone': {'offset': '+3:00', 'description': 'Baghdad, Riyadh, Moscow, St. Petersburg'}}, 'email': 'guillermina.rolon@example.com', 'login': {'uuid': '6cb87d52-9a6d-495a-8528-4ae686b2d715', 'username': 'orangeelephant706', 'password': 'blues', 'salt': 'NA3LxNWx', 'md5': '7ec5b37aa8d8d48c5073e2be83c53047', 'sha1': '0efbf42eb3572a5626e5522ffe5872d6a338b705', 'sha256': '177aa8cccedf809e031cd3c2fcd0843e235c675651b62c958b6b1631d30fceb7'}, 'dob': {'date': '1995-05-10T00:26:08.594Z', 'age': 29}, 'registered': {'date': '2009-11-01T22:01:20.737Z', 'age': 14}, 'phone': '(637) 184 1332', 'cell': '(630) 421 7922', 'id': {'name': 'NSS', 'value': '86 17 19 5628 3'}, 'picture': {'large': 'https://randomuser.me/api/portraits/women/52.jpg', 'medium': 'https://randomuser.me/api/portraits/med/women/52.jpg', 'thumbnail': 'https://randomuser.me/api/portraits/thumb/women/52.jpg'}, 'nat': 'MX'}], 'info': {'seed': '5397d4e3e5c1a5f8', 'results': 1, 'page': 1, 'version': '1.4'}}</msg>
<arg>${json_data}</arg>
<doc>Logs the given message with the given level.</doc>
<status status="PASS" start="2024-05-16T11:12:46.759656" elapsed="0.000207"/>
</kw>
<kw name="Should Be Equal As Numbers" owner="BuiltIn">
<arg>${json_data['results'][0]['location']['postcode']}</arg>
<arg>${json_data['results'][0]['location']['postcode']}</arg>
<doc>Fails if objects are unequal after converting them to real numbers.</doc>
<status status="PASS" start="2024-05-16T11:12:46.760342" elapsed="0.000620"/>
</kw>
<kw name="Log" owner="BuiltIn">
<msg time="2024-05-16T11:12:46.761485" level="INFO">64128</msg>
<arg>${json_data['results'][0]['location']['postcode']}</arg>
<doc>Logs the given message with the given level.</doc>
<status status="PASS" start="2024-05-16T11:12:46.761154" elapsed="0.000371"/>
</kw>
<status status="PASS" start="2024-05-16T11:12:46.699444" elapsed="0.062338"/>
</kw>
<doc>Testa se os tipos de dados na resposta da API estão corretos.</doc>
<tag>testeTiposDados</tag>
<status status="PASS" start="2024-05-16T11:12:46.618816" elapsed="0.143145"/>
</test>
<test id="s1-s1-t5" name="Validar conteudo" line="35">
<kw name="Teste de Tipos de Conteudo" owner="random-user-service">
<kw name="GET On Session" owner="RequestsLibrary">
<msg time="2024-05-16T11:12:46.884896" level="INFO">GET Request : url=https://randomuser.me/api 
 path_url=/api 
 headers={'User-Agent': 'python-requests/2.31.0', 'Accept-Encoding': 'gzip, deflate', 'Accept': '*/*', 'Connection': 'keep-alive'} 
 body=None 
 </msg>
<msg time="2024-05-16T11:12:46.884987" level="INFO">GET Response : url=https://randomuser.me/api 
 status=200, reason=OK 
 headers={'Date': 'Thu, 16 May 2024 11:12:46 GMT', 'Content-Type': 'application/json; charset=utf-8', 'Transfer-Encoding': 'chunked', 'Connection': 'keep-alive', 'X-Powered-By': 'Express', 'Access-Control-Allow-Origin': '*', 'Cache-Control': 'no-cache', 'ETag': 'W/"47d-fjp9e3mJtSZQZ5SMuAXtlfSPX+U"', 'Vary': 'Accept-Encoding', 'Content-Encoding': 'gzip', 'CF-Cache-Status': 'DYNAMIC', 'Report-To': '{"endpoints":[{"url":"https:\\/\\/a.nel.cloudflare.com\\/report\\/v4?s=lnUQpwR4NvVTzlaGaucdRM%2Bga1EV%2BcaH7nkAtE%2FUdHYholyaNCaJxF9754uP1jLIEFZCHNAic19y0Y4gPhiiM4hYEBDp4IGNXfUsgUgscoI9L3HCo9%2Bx1CcplxoeC8PM"}],"group":"cf-nel","max_age":604800}', 'NEL': '{"success_fraction":0,"report_to":"cf-nel","max_age":604800}', 'Server': 'cloudflare', 'CF-RAY': '884aef444e549c8b-IAD', 'alt-svc': 'h3=":443"; ma=86400'} 
 body={"results":[{"gender":"female","name":{"title":"Miss","first":"آنیتا","last":"علیزاده"},"location":{"street":{"number":6359,"name":"فلاحی"},"city":"اهواز","state":"اصفهان","country":"Iran","postcode":44703,"coordinates":{"latitude":"18.7302","longitude":"76.4158"},"timezone":{"offset":"-2:00","description":"Mid-Atlantic"}},"email":"anyt.aalyzdh@example.com","login":{"uuid":"0725a921-6ff6-43dd-b752-460cd4b886e2","username":"bluefrog469","password":"fishing1","salt":"88zp1Y0D","md5":"141fc250b734a6e4b1c0d4d70dfcdd79","sha1":"f23540c9b28a685ea031608a3f00ed1a0fb2fb35","sha256":"cc597ccc79d4c60bbd55be05eb80a82c7de3bf1977eb9772fe94856250d0c8cf"},"dob":{"date":"1946-07-04T08:46:53.832Z","age":77},"registered":{"date":"2018-07-27T02:38:23.751Z","age":5},"phone":"027-55491367","cell":"0912-822-4635","id":{"name":"","value":null},"picture":{"large":"https://randomuser.me/api/portraits/women/83.jpg","medium":"https://randomuser.me/api/portraits/med/women/83.jpg","thumbnail":"https://randomuser.me/api/portraits/thumb/women/83.jpg"},"nat":"IR"}],"info":{"seed":"880331fd758e6ed2","results":1,"page":1,"version":"1.4"}} 
 </msg>
<msg time="2024-05-16T11:12:46.885064" level="INFO">/opt/hostedtoolcache/Python/3.12.3/x64/lib/python3.12/site-packages/urllib3/connectionpool.py:1103: InsecureRequestWarning: Unverified HTTPS request is being made to host 'randomuser.me'. Adding certificate verification is strongly advised. See: https://urllib3.readthedocs.io/en/latest/advanced-usage.html#tls-warnings
  warnings.warn(</msg>
<msg time="2024-05-16T11:12:46.885194" level="INFO">${response} = &lt;Response [200]&gt;</msg>
<var>${response}</var>
<arg>consultarAPI</arg>
<arg>/api</arg>
<doc>Sends a GET request on a previously created HTTP Session.</doc>
<status status="PASS" start="2024-05-16T11:12:46.764547" elapsed="0.120696"/>
</kw>
<kw name="Set Variable" owner="BuiltIn">
<msg time="2024-05-16T11:12:46.886389" level="INFO">${json_data} = {'results': [{'gender': 'female', 'name': {'title': 'Miss', 'first': 'آنیتا', 'last': 'علیزاده'}, 'location': {'street': {'number': 6359, 'name': 'فلاحی'}, 'city': 'اهواز', 'state': 'اصفهان', 'country...</msg>
<var>${json_data}</var>
<arg>${response.json()}</arg>
<doc>Returns the given values which can then be assigned to a variables.</doc>
<status status="PASS" start="2024-05-16T11:12:46.885819" elapsed="0.000601"/>
</kw>
<kw name="Set Variable" owner="BuiltIn">
<msg time="2024-05-16T11:12:46.887162" level="INFO">${name_title} = Miss</msg>
<var>${name_title}</var>
<arg>${json_data["results"][0]["name"]["title"]}</arg>
<doc>Returns the given values which can then be assigned to a variables.</doc>
<status status="PASS" start="2024-05-16T11:12:46.886732" elapsed="0.000455"/>
</kw>
<kw name="Create List" owner="BuiltIn">
<msg time="2024-05-16T11:12:46.887641" level="INFO">${allowed_titles} = ['Mr', 'Ms', 'Miss', 'Mrs', 'Madame', 'Monsieur']</msg>
<var>${allowed_titles}</var>
<arg>Mr</arg>
<arg>Ms</arg>
<arg>Miss</arg>
<arg>Mrs</arg>
<arg>Madame</arg>
<arg>Monsieur</arg>
<doc>Returns a list containing given items.</doc>
<status status="PASS" start="2024-05-16T11:12:46.887493" elapsed="0.000172"/>
</kw>
<kw name="List Should Contain Value" owner="Collections">
<msg time="2024-05-16T11:12:46.888138" level="INFO">False</msg>
<arg>${allowed_titles}</arg>
<arg>${name_title}</arg>
<doc>Fails if the ``value`` is not found from ``list``.</doc>
<status status="PASS" start="2024-05-16T11:12:46.887967" elapsed="0.000206"/>
</kw>
<kw name="Set Variable" owner="BuiltIn">
<msg time="2024-05-16T11:12:46.888839" level="INFO">${name_country} = IR</msg>
<var>${name_country}</var>
<arg>${json_data["results"][0]["nat"]}</arg>
<doc>Returns the given values which can then be assigned to a variables.</doc>
<status status="PASS" start="2024-05-16T11:12:46.888463" elapsed="0.000401"/>
</kw>
<kw name="Create List" owner="BuiltIn">
<msg time="2024-05-16T11:12:46.889753" level="INFO">${list_country} = ['AD', 'AE', 'AF', 'AG', 'AI', 'AL', 'AM', 'AO', 'AQ', 'AR', 'AS', 'AT', 'AU', 'AW', 'AX', 'AZ', 'BA', 'BB', 'BD', 'BE', 'BF', 'BG', 'BH', 'BI', 'BJ', 'BL', 'BM', 'BN', 'BO', 'BQ', 'BR', 'BS', 'BT', '...</msg>
<var>${list_country}</var>
<arg>AD</arg>
<arg>AE</arg>
<arg>AF</arg>
<arg>AG</arg>
<arg>AI</arg>
<arg>AL</arg>
<arg>AM</arg>
<arg>AO</arg>
<arg>AQ</arg>
<arg>AR</arg>
<arg>AS</arg>
<arg>AT</arg>
<arg>AU</arg>
<arg>AW</arg>
<arg>AX</arg>
<arg>AZ</arg>
<arg>BA</arg>
<arg>BB</arg>
<arg>BD</arg>
<arg>BE</arg>
<arg>BF</arg>
<arg>BG</arg>
<arg>BH</arg>
<arg>BI</arg>
<arg>BJ</arg>
<arg>BL</arg>
<arg>BM</arg>
<arg>BN</arg>
<arg>BO</arg>
<arg>BQ</arg>
<arg>BR</arg>
<arg>BS</arg>
<arg>BT</arg>
<arg>BV</arg>
<arg>BW</arg>
<arg>BY</arg>
<arg>BZ</arg>
<arg>CA</arg>
<arg>CC</arg>
<arg>CD</arg>
<arg>CF</arg>
<arg>CG</arg>
<arg>CH</arg>
<arg>CI</arg>
<arg>CK</arg>
<arg>CL</arg>
<arg>CM</arg>
<arg>CN</arg>
<arg>CO</arg>
<arg>CR</arg>
<arg>CU</arg>
<arg>CV</arg>
<arg>CW</arg>
<arg>CX</arg>
<arg>CY</arg>
<arg>CZ</arg>
<arg>DE</arg>
<arg>DJ</arg>
<arg>DK</arg>
<arg>DM</arg>
<arg>DO</arg>
<arg>DZ</arg>
<arg>EC</arg>
<arg>EE</arg>
<arg>EG</arg>
<arg>EH</arg>
<arg>ER</arg>
<arg>ES</arg>
<arg>ET</arg>
<arg>FI</arg>
<arg>FJ</arg>
<arg>FK</arg>
<arg>FM</arg>
<arg>FO</arg>
<arg>FR</arg>
<arg>GA</arg>
<arg>GB</arg>
<arg>GD</arg>
<arg>GE</arg>
<arg>GF</arg>
<arg>GG</arg>
<arg>GH</arg>
<arg>GI</arg>
<arg>GL</arg>
<arg>GM</arg>
<arg>GN</arg>
<arg>GP</arg>
<arg>GQ</arg>
<arg>GR</arg>
<arg>GS</arg>
<arg>GT</arg>
<arg>GU</arg>
<arg>GW</arg>
<arg>GY</arg>
<arg>HK</arg>
<arg>HM</arg>
<arg>HN</arg>
<arg>HR</arg>
<arg>HT</arg>
<arg>HU</arg>
<arg>ID</arg>
<arg>IE</arg>
<arg>IL</arg>
<arg>IM</arg>
<arg>IN</arg>
<arg>IO</arg>
<arg>IQ</arg>
<arg>IR</arg>
<arg>IS</arg>
<arg>IT</arg>
<arg>JE</arg>
<arg>JM</arg>
<arg>JO</arg>
<arg>JP</arg>
<arg>KE</arg>
<arg>KG</arg>
<arg>KH</arg>
<arg>KI</arg>
<arg>KM</arg>
<arg>KN</arg>
<arg>KP</arg>
<arg>KR</arg>
<arg>KW</arg>
<arg>KY</arg>
<arg>KZ</arg>
<arg>LA</arg>
<arg>LB</arg>
<arg>LC</arg>
<arg>LI</arg>
<arg>LK</arg>
<arg>LR</arg>
<arg>LS</arg>
<arg>LT</arg>
<arg>LU</arg>
<arg>LV</arg>
<arg>LY</arg>
<arg>MA</arg>
<arg>MC</arg>
<arg>MD</arg>
<arg>ME</arg>
<arg>MF</arg>
<arg>MG</arg>
<arg>MH</arg>
<arg>MK</arg>
<arg>ML</arg>
<arg>MM</arg>
<arg>MN</arg>
<arg>MO</arg>
<arg>MP</arg>
<arg>MQ</arg>
<arg>MR</arg>
<arg>MS</arg>
<arg>MT</arg>
<arg>MU</arg>
<arg>MV</arg>
<arg>MW</arg>
<arg>MX</arg>
<arg>MY</arg>
<arg>MZ</arg>
<arg>NA</arg>
<arg>NC</arg>
<arg>NE</arg>
<arg>NF</arg>
<arg>NG</arg>
<arg>NI</arg>
<arg>NL</arg>
<arg>NO</arg>
<arg>NP</arg>
<arg>NR</arg>
<arg>NU</arg>
<arg>NZ</arg>
<arg>OM</arg>
<arg>PA</arg>
<arg>PE</arg>
<arg>PF</arg>
<arg>PG</arg>
<arg>PH</arg>
<arg>PK</arg>
<arg>PL</arg>
<arg>PM</arg>
<arg>PN</arg>
<arg>PR</arg>
<arg>PS</arg>
<arg>PT</arg>
<arg>PW</arg>
<arg>PY</arg>
<arg>QA</arg>
<arg>RE</arg>
<arg>RO</arg>
<arg>RS</arg>
<arg>RU</arg>
<arg>RW</arg>
<arg>SA</arg>
<arg>SB</arg>
<arg>SC</arg>
<arg>SD</arg>
<arg>SE</arg>
<arg>SG</arg>
<arg>SH</arg>
<arg>SI</arg>
<arg>SJ</arg>
<arg>SK</arg>
<arg>SL</arg>
<arg>SM</arg>
<arg>SN</arg>
<arg>SO</arg>
<arg>SR</arg>
<arg>SS</arg>
<arg>ST</arg>
<arg>SV</arg>
<arg>SX</arg>
<arg>SY</arg>
<arg>SZ</arg>
<arg>TC</arg>
<arg>TD</arg>
<arg>TF</arg>
<arg>TG</arg>
<arg>TH</arg>
<arg>TJ</arg>
<arg>TK</arg>
<arg>TL</arg>
<arg>TM</arg>
<arg>TN</arg>
<arg>TO</arg>
<arg>TR</arg>
<arg>TT</arg>
<arg>TV</arg>
<arg>TW</arg>
<arg>TZ</arg>
<arg>UA</arg>
<arg>UG</arg>
<arg>UM</arg>
<arg>US</arg>
<arg>UY</arg>
<arg>UZ</arg>
<arg>VA</arg>
<arg>VC</arg>
<arg>VE</arg>
<arg>VG</arg>
<arg>VI</arg>
<arg>VN</arg>
<arg>VU</arg>
<arg>WF</arg>
<arg>WS</arg>
<arg>XK</arg>
<arg>YE</arg>
<arg>YT</arg>
<arg>ZA</arg>
<arg>ZM</arg>
<arg>ZW</arg>
<doc>Returns a list containing given items.</doc>
<status status="PASS" start="2024-05-16T11:12:46.889161" elapsed="0.000617"/>
</kw>
<kw name="List Should Contain Value" owner="Collections">
<msg time="2024-05-16T11:12:46.890753" level="INFO">False</msg>
<arg>${list_country}</arg>
<arg>${name_country}</arg>
<doc>Fails if the ``value`` is not found from ``list``.</doc>
<status status="PASS" start="2024-05-16T11:12:46.890555" elapsed="0.000234"/>
</kw>
<kw name="Run Keyword If" owner="BuiltIn">
<kw name="Should Be True" owner="BuiltIn">
<arg>${True}</arg>
<doc>Fails if the given condition is not true.</doc>
<status status="PASS" start="2024-05-16T11:12:46.891871" elapsed="0.000256"/>
</kw>
<arg>${json_data["results"][0]["location"]["coordinates"]["latitude"]} &gt;= -90 and ${json_data["results"][0]["location"]["coordinates"]["latitude"]} &lt;= 90</arg>
<arg>Should Be True</arg>
<arg>${True}</arg>
<doc>Runs the given keyword with the given arguments, if ``condition`` is true.</doc>
<status status="PASS" start="2024-05-16T11:12:46.891123" elapsed="0.001146"/>
</kw>
<kw name="Run Keyword If" owner="BuiltIn">
<kw name="Should Be True" owner="BuiltIn">
<arg>${True}</arg>
<doc>Fails if the given condition is not true.</doc>
<status status="PASS" start="2024-05-16T11:12:46.893158" elapsed="0.000136"/>
</kw>
<arg>${json_data["results"][0]["location"]["coordinates"]["longitude"]} &gt;= -180 and ${json_data["results"][0]["location"]["coordinates"]["longitude"]} &lt;= 180</arg>
<arg>Should Be True</arg>
<arg>${True}</arg>
<doc>Runs the given keyword with the given arguments, if ``condition`` is true.</doc>
<status status="PASS" start="2024-05-16T11:12:46.892458" elapsed="0.000967"/>
</kw>
<status status="PASS" start="2024-05-16T11:12:46.764300" elapsed="0.129258"/>
</kw>
<doc>Testa o conteúdo específico dos campos retornados pela API.</doc>
<tag>testeConteudo</tag>
<status status="PASS" start="2024-05-16T11:12:46.763758" elapsed="0.129946"/>
</test>
<status status="PASS" start="2024-05-16T11:12:45.245879" elapsed="1.649830"/>
</suite>
<status status="PASS" start="2024-05-16T11:12:45.232491" elapsed="1.668421"/>
</suite>
<statistics>
<total>
<stat pass="5" fail="0" skip="0">All Tests</stat>
</total>
<tag>
<stat pass="1" fail="0" skip="0">testeConteudo</stat>
<stat pass="1" fail="0" skip="0">testeEstruturaResposta</stat>
<stat pass="1" fail="0" skip="0">testeRequisicaoBasica</stat>
<stat pass="1" fail="0" skip="0">testeTiposDados</stat>
</tag>
<suite>
<stat pass="5" fail="0" skip="0" id="s1" name="Tests">Tests</stat>
<stat pass="5" fail="0" skip="0" id="s1-s1" name="Random-User-Test">Tests.Random-User-Test</stat>
</suite>
</statistics>
<errors>
</errors>
</robot>
