<?xml version="1.0" encoding="UTF-8"?>
<robot generator="Robot 7.0.1 (Python 3.12.3 on linux)" generated="2024-06-13T19:12:10.017875" rpa="false" schemaversion="5">
<suite id="s1" name="Tests" source="/home/runner/work/ApiRandomUser/ApiRandomUser/RamdonUser/tests">
<suite id="s1-s1" name="Random-User-Test" source="/home/runner/work/ApiRandomUser/ApiRandomUser/RamdonUser/tests/random-user-test.robot">
<test id="s1-s1-t1" name="Conectar" line="13">
<kw name="Conectar API" owner="random-user-service">
<kw name="Create Session" owner="RequestsLibrary">
<msg time="2024-06-13T19:12:10.460323" level="INFO">Creating Session using : alias=consultarAPI, url=https://randomuser.me/, headers={},                     cookies={}, auth=None, timeout=None, proxies=None, verify=False,                     debug=0 </msg>
<arg>consultarAPI</arg>
<arg>${URL}</arg>
<doc>Create Session: create a HTTP session to a server</doc>
<status status="PASS" start="2024-06-13T19:12:10.460094" elapsed="0.000431"/>
</kw>
<status status="PASS" start="2024-06-13T19:12:10.458921" elapsed="0.001996"/>
</kw>
<status status="PASS" start="2024-06-13T19:12:10.458236" elapsed="0.002900"/>
</test>
<test id="s1-s1-t2" name="Validar retorno 200 e JSON Válido" line="16">
<kw name="Teste de Requisicao Basica" owner="random-user-service">
<kw name="GET On Session" owner="RequestsLibrary">
<msg time="2024-06-13T19:12:10.592044" level="INFO">GET Request : url=https://randomuser.me/api 
 path_url=/api 
 headers={'User-Agent': 'python-requests/2.32.3', 'Accept-Encoding': 'gzip, deflate', 'Accept': '*/*', 'Connection': 'keep-alive'} 
 body=None 
 </msg>
<msg time="2024-06-13T19:12:10.592215" level="INFO">GET Response : url=https://randomuser.me/api 
 status=200, reason=OK 
 headers={'Date': 'Thu, 13 Jun 2024 19:12:10 GMT', 'Content-Type': 'application/json; charset=utf-8', 'Transfer-Encoding': 'chunked', 'Connection': 'keep-alive', 'X-Powered-By': 'Express', 'Access-Control-Allow-Origin': '*', 'Cache-Control': 'no-cache', 'ETag': 'W/"494-9w1aU1BtPuE54vxceQo+oQVF2ks"', 'Vary': 'Accept-Encoding', 'Content-Encoding': 'gzip', 'CF-Cache-Status': 'DYNAMIC', 'Report-To': '{"endpoints":[{"url":"https:\\/\\/a.nel.cloudflare.com\\/report\\/v4?s=KpDqFbb3V%2FmCnJRZ8DeBXLrQADpHdQHBFdpNVl3f%2F8KJ%2FqXNtYJa2TsidsUFSDC6xXLSTSTKl7z1EMpz8kGO5KWysOdOh1kbQTTZzotC%2Bbzf6LlR2isDtLdvvANCnW1j"}],"group":"cf-nel","max_age":604800}', 'NEL': '{"success_fraction":0,"report_to":"cf-nel","max_age":604800}', 'Server': 'cloudflare', 'CF-RAY': '89346401ae882ca3-ORD', 'alt-svc': 'h3=":443"; ma=86400'} 
 body={"results":[{"gender":"male","name":{"title":"Monsieur","first":"Maik","last":"Dupuis"},"location":{"street":{"number":6276,"name":"Rue du Château"},"city":"Sigriswil","state":"Bern","country":"Switzerland","postcode":4682,"coordinates":{"latitude":"-59.7229","longitude":"-21.2170"},"timezone":{"offset":"-8:00","description":"Pacific Time (US &amp; Canada)"}},"email":"maik.dupuis@example.com","login":{"uuid":"942acc3c-6216-4420-a766-5d7b6e1d357c","username":"happygorilla415","password":"hollywood","salt":"xifzrhbj","md5":"668d1c443bfeaafcea8bf1d1444c9533","sha1":"2043f0e6a91f019b80185c80ba2130e91d58962f","sha256":"617e27744b2b50e8b483d032fb9d2881793d12b7699425c2c0d2e5628ff1cc90"},"dob":{"date":"1992-09-25T09:02:28.539Z","age":31},"registered":{"date":"2011-09-13T22:53:01.989Z","age":12},"phone":"079 082 34 76","cell":"079 954 06 55","id":{"name":"AVS","value":"756.1742.8931.91"},"picture":{"large":"https://randomuser.me/api/portraits/men/70.jpg","medium":"https://randomuser.me/api/portraits/med/men/70.jpg","thumbnail":"https://randomuser.me/api/portraits/thumb/men/70.jpg"},"nat":"CH"}],"info":{"seed":"e9bdaa3d0a3a86d9","results":1,"page":1,"version":"1.4"}} 
 </msg>
<msg time="2024-06-13T19:12:10.592307" level="INFO">/opt/hostedtoolcache/Python/3.12.3/x64/lib/python3.12/site-packages/urllib3/connectionpool.py:1103: InsecureRequestWarning: Unverified HTTPS request is being made to host 'randomuser.me'. Adding certificate verification is strongly advised. See: https://urllib3.readthedocs.io/en/latest/advanced-usage.html#tls-warnings
  warnings.warn(</msg>
<msg time="2024-06-13T19:12:10.592476" level="INFO">${response} = &lt;Response [200]&gt;</msg>
<var>${response}</var>
<arg>consultarAPI</arg>
<arg>/api</arg>
<doc>Sends a GET request on a previously created HTTP Session.</doc>
<status status="PASS" start="2024-06-13T19:12:10.463959" elapsed="0.128564"/>
</kw>
<kw name="Should Be Equal As Numbers" owner="BuiltIn">
<msg time="2024-06-13T19:12:10.593598" level="INFO">Argument types are:
&lt;class 'int'&gt;
&lt;class 'str'&gt;</msg>
<arg>${response.status_code}</arg>
<arg>200</arg>
<doc>Fails if objects are unequal after converting them to real numbers.</doc>
<status status="PASS" start="2024-06-13T19:12:10.593092" elapsed="0.000575"/>
</kw>
<kw name="Log" owner="BuiltIn">
<msg time="2024-06-13T19:12:10.594406" level="INFO">200</msg>
<arg>${response.status_code}</arg>
<doc>Logs the given message with the given level.</doc>
<status status="PASS" start="2024-06-13T19:12:10.594050" elapsed="0.000404"/>
</kw>
<kw name="Set Variable" owner="BuiltIn">
<msg time="2024-06-13T19:12:10.595257" level="INFO">${json_data} = {'results': [{'gender': 'male', 'name': {'title': 'Monsieur', 'first': 'Maik', 'last': 'Dupuis'}, 'location': {'street': {'number': 6276, 'name': 'Rue du Château'}, 'city': 'Sigriswil', 'state': 'Bern...</msg>
<var>${json_data}</var>
<arg>${response.json()}</arg>
<doc>Returns the given values which can then be assigned to a variables.</doc>
<status status="PASS" start="2024-06-13T19:12:10.594777" elapsed="0.000517"/>
</kw>
<kw name="Dictionary Should Contain Key" owner="Collections">
<arg>${json_data}</arg>
<arg>results</arg>
<doc>Fails if ``key`` is not found from ``dictionary``.</doc>
<status status="PASS" start="2024-06-13T19:12:10.595607" elapsed="0.000172"/>
</kw>
<status status="PASS" start="2024-06-13T19:12:10.463697" elapsed="0.132243"/>
</kw>
<doc>Testa se a API responde corretamente e retorna um objeto JSON válido.</doc>
<tag>testeRequisicaoBasica</tag>
<status status="PASS" start="2024-06-13T19:12:10.463118" elapsed="0.133008"/>
</test>
<test id="s1-s1-t3" name="Validar estrutura de resposta" line="22">
<kw name="Teste de Estrutura de Resposta" owner="random-user-service">
<kw name="GET On Session" owner="RequestsLibrary">
<msg time="2024-06-13T19:12:10.732512" level="INFO">GET Request : url=https://randomuser.me/api 
 path_url=/api 
 headers={'User-Agent': 'python-requests/2.32.3', 'Accept-Encoding': 'gzip, deflate', 'Accept': '*/*', 'Connection': 'keep-alive'} 
 body=None 
 </msg>
<msg time="2024-06-13T19:12:10.732631" level="INFO">GET Response : url=https://randomuser.me/api 
 status=200, reason=OK 
 headers={'Date': 'Thu, 13 Jun 2024 19:12:10 GMT', 'Content-Type': 'application/json; charset=utf-8', 'Transfer-Encoding': 'chunked', 'Connection': 'keep-alive', 'X-Powered-By': 'Express', 'Access-Control-Allow-Origin': '*', 'Cache-Control': 'no-cache', 'ETag': 'W/"49c-EMQgG5L4Us+gLlttH9P/iv2o8cA"', 'Vary': 'Accept-Encoding', 'Content-Encoding': 'gzip', 'CF-Cache-Status': 'DYNAMIC', 'Report-To': '{"endpoints":[{"url":"https:\\/\\/a.nel.cloudflare.com\\/report\\/v4?s=Licv6fxZ6Ehlg3PZjstm4ml9%2Bavb7QbGrJ%2BEnFbwF7A3iBFF88smeZfTzz5xUZuH8q4SBeqhxrmcYHD7kYWMICA2r%2B7sWXTx0%2B4DEzxwZ1ngZNZsWi1dIxYB4ujMoNcj"}],"group":"cf-nel","max_age":604800}', 'NEL': '{"success_fraction":0,"report_to":"cf-nel","max_age":604800}', 'Server': 'cloudflare', 'CF-RAY': '893464024f882ca3-ORD', 'alt-svc': 'h3=":443"; ma=86400'} 
 body={"results":[{"gender":"male","name":{"title":"Mr","first":"Léon","last":"Menard"},"location":{"street":{"number":6071,"name":"Place de L'Abbé-Georges-Hénocque"},"city":"Nancy","state":"Tarn-et-Garonne","country":"France","postcode":11709,"coordinates":{"latitude":"-16.8379","longitude":"-155.4842"},"timezone":{"offset":"-12:00","description":"Eniwetok, Kwajalein"}},"email":"leon.menard@example.com","login":{"uuid":"9a0939e0-457d-465d-87e8-715d9b50b3ff","username":"tinylion538","password":"huang","salt":"svCYzv1t","md5":"74b7c3828373e925ef40cede1ff1e6f9","sha1":"965cd926695a7a9755fd3530b6c36019157682f8","sha256":"a2be85c76809b43041e95b42daa6b05079714e8a7159345706fc576a93534e87"},"dob":{"date":"1950-04-02T23:31:08.305Z","age":74},"registered":{"date":"2009-07-04T02:19:50.264Z","age":14},"phone":"03-73-07-29-90","cell":"06-92-58-53-26","id":{"name":"INSEE","value":"1500310395697 57"},"picture":{"large":"https://randomuser.me/api/portraits/men/82.jpg","medium":"https://randomuser.me/api/portraits/med/men/82.jpg","thumbnail":"https://randomuser.me/api/portraits/thumb/men/82.jpg"},"nat":"FR"}],"info":{"seed":"def233a4346d6c8a","results":1,"page":1,"version":"1.4"}} 
 </msg>
<msg time="2024-06-13T19:12:10.732817" level="INFO">/opt/hostedtoolcache/Python/3.12.3/x64/lib/python3.12/site-packages/urllib3/connectionpool.py:1103: InsecureRequestWarning: Unverified HTTPS request is being made to host 'randomuser.me'. Adding certificate verification is strongly advised. See: https://urllib3.readthedocs.io/en/latest/advanced-usage.html#tls-warnings
  warnings.warn(</msg>
<msg time="2024-06-13T19:12:10.732977" level="INFO">${response} = &lt;Response [200]&gt;</msg>
<var>${response}</var>
<arg>consultarAPI</arg>
<arg>/api</arg>
<doc>Sends a GET request on a previously created HTTP Session.</doc>
<status status="PASS" start="2024-06-13T19:12:10.599037" elapsed="0.133987"/>
</kw>
<kw name="Set Variable" owner="BuiltIn">
<msg time="2024-06-13T19:12:10.734120" level="INFO">${json_data} = {'results': [{'gender': 'male', 'name': {'title': 'Mr', 'first': 'Léon', 'last': 'Menard'}, 'location': {'street': {'number': 6071, 'name': "Place de L'Abbé-Georges-Hénocque"}, 'city': 'Nancy', 'state...</msg>
<var>${json_data}</var>
<arg>${response.json()}</arg>
<doc>Returns the given values which can then be assigned to a variables.</doc>
<status status="PASS" start="2024-06-13T19:12:10.733567" elapsed="0.000585"/>
</kw>
<kw name="Log" owner="BuiltIn">
<msg time="2024-06-13T19:12:10.734640" level="INFO">{'results': [{'gender': 'male', 'name': {'title': 'Mr', 'first': 'Léon', 'last': 'Menard'}, 'location': {'street': {'number': 6071, 'name': "Place de L'Abbé-Georges-Hénocque"}, 'city': 'Nancy', 'state': 'Tarn-et-Garonne', 'country': 'France', 'postcode': 11709, 'coordinates': {'latitude': '-16.8379', 'longitude': '-155.4842'}, 'timezone': {'offset': '-12:00', 'description': 'Eniwetok, Kwajalein'}}, 'email': 'leon.menard@example.com', 'login': {'uuid': '9a0939e0-457d-465d-87e8-715d9b50b3ff', 'username': 'tinylion538', 'password': 'huang', 'salt': 'svCYzv1t', 'md5': '74b7c3828373e925ef40cede1ff1e6f9', 'sha1': '965cd926695a7a9755fd3530b6c36019157682f8', 'sha256': 'a2be85c76809b43041e95b42daa6b05079714e8a7159345706fc576a93534e87'}, 'dob': {'date': '1950-04-02T23:31:08.305Z', 'age': 74}, 'registered': {'date': '2009-07-04T02:19:50.264Z', 'age': 14}, 'phone': '03-73-07-29-90', 'cell': '06-92-58-53-26', 'id': {'name': 'INSEE', 'value': '1500310395697 57'}, 'picture': {'large': 'https://randomuser.me/api/portraits/men/82.jpg', 'medium': 'https://randomuser.me/api/portraits/med/men/82.jpg', 'thumbnail': 'https://randomuser.me/api/portraits/thumb/men/82.jpg'}, 'nat': 'FR'}], 'info': {'seed': 'def233a4346d6c8a', 'results': 1, 'page': 1, 'version': '1.4'}}</msg>
<arg>${json_data}</arg>
<doc>Logs the given message with the given level.</doc>
<status status="PASS" start="2024-06-13T19:12:10.734469" elapsed="0.000223"/>
</kw>
<kw name="Dictionary Should Contain Key" owner="Collections">
<arg>${json_data}</arg>
<arg>results</arg>
<doc>Fails if ``key`` is not found from ``dictionary``.</doc>
<status status="PASS" start="2024-06-13T19:12:10.734990" elapsed="0.000198"/>
</kw>
<kw name="Should Not Be Empty" owner="BuiltIn">
<msg time="2024-06-13T19:12:10.735512" level="INFO">Length is 2.</msg>
<arg>${json_data}</arg>
<doc>Verifies that the given item is not empty.</doc>
<status status="PASS" start="2024-06-13T19:12:10.735386" elapsed="0.000165"/>
</kw>
<kw name="Create List" owner="BuiltIn">
<msg time="2024-06-13T19:12:10.735991" level="INFO">${expected_keys} = ['gender', 'name', 'location', 'email', 'login']</msg>
<var>${expected_keys}</var>
<arg>gender</arg>
<arg>name</arg>
<arg>location</arg>
<arg>email</arg>
<arg>login</arg>
<doc>Returns a list containing given items.</doc>
<status status="PASS" start="2024-06-13T19:12:10.735841" elapsed="0.000173"/>
</kw>
<for flavor="IN">
<iter>
<kw name="Dictionary Should Contain Key" owner="Collections">
<arg>${json_data['results'][0]}</arg>
<arg>${key}</arg>
<doc>Fails if ``key`` is not found from ``dictionary``.</doc>
<status status="PASS" start="2024-06-13T19:12:10.736635" elapsed="0.000401"/>
</kw>
<kw name="Log" owner="BuiltIn">
<msg time="2024-06-13T19:12:10.737593" level="INFO">{'gender': 'male', 'name': {'title': 'Mr', 'first': 'Léon', 'last': 'Menard'}, 'location': {'street': {'number': 6071, 'name': "Place de L'Abbé-Georges-Hénocque"}, 'city': 'Nancy', 'state': 'Tarn-et-Garonne', 'country': 'France', 'postcode': 11709, 'coordinates': {'latitude': '-16.8379', 'longitude': '-155.4842'}, 'timezone': {'offset': '-12:00', 'description': 'Eniwetok, Kwajalein'}}, 'email': 'leon.menard@example.com', 'login': {'uuid': '9a0939e0-457d-465d-87e8-715d9b50b3ff', 'username': 'tinylion538', 'password': 'huang', 'salt': 'svCYzv1t', 'md5': '74b7c3828373e925ef40cede1ff1e6f9', 'sha1': '965cd926695a7a9755fd3530b6c36019157682f8', 'sha256': 'a2be85c76809b43041e95b42daa6b05079714e8a7159345706fc576a93534e87'}, 'dob': {'date': '1950-04-02T23:31:08.305Z', 'age': 74}, 'registered': {'date': '2009-07-04T02:19:50.264Z', 'age': 14}, 'phone': '03-73-07-29-90', 'cell': '06-92-58-53-26', 'id': {'name': 'INSEE', 'value': '1500310395697 57'}, 'picture': {'large': 'https://randomuser.me/api/portraits/men/82.jpg', 'medium': 'https://randomuser.me/api/portraits/med/men/82.jpg', 'thumbnail': 'https://randomuser.me/api/portraits/thumb/men/82.jpg'}, 'nat': 'FR'}</msg>
<arg>${json_data['results'][0]}</arg>
<doc>Logs the given message with the given level.</doc>
<status status="PASS" start="2024-06-13T19:12:10.737229" elapsed="0.000416"/>
</kw>
<kw name="Log" owner="BuiltIn">
<msg time="2024-06-13T19:12:10.738077" level="INFO">gender</msg>
<arg>${key}</arg>
<doc>Logs the given message with the given level.</doc>
<status status="PASS" start="2024-06-13T19:12:10.737947" elapsed="0.000170"/>
</kw>
<var name="${key}">gender</var>
<status status="PASS" start="2024-06-13T19:12:10.736503" elapsed="0.001844"/>
</iter>
<iter>
<kw name="Dictionary Should Contain Key" owner="Collections">
<arg>${json_data['results'][0]}</arg>
<arg>${key}</arg>
<doc>Fails if ``key`` is not found from ``dictionary``.</doc>
<status status="PASS" start="2024-06-13T19:12:10.738654" elapsed="0.000389"/>
</kw>
<kw name="Log" owner="BuiltIn">
<msg time="2024-06-13T19:12:10.739656" level="INFO">{'gender': 'male', 'name': {'title': 'Mr', 'first': 'Léon', 'last': 'Menard'}, 'location': {'street': {'number': 6071, 'name': "Place de L'Abbé-Georges-Hénocque"}, 'city': 'Nancy', 'state': 'Tarn-et-Garonne', 'country': 'France', 'postcode': 11709, 'coordinates': {'latitude': '-16.8379', 'longitude': '-155.4842'}, 'timezone': {'offset': '-12:00', 'description': 'Eniwetok, Kwajalein'}}, 'email': 'leon.menard@example.com', 'login': {'uuid': '9a0939e0-457d-465d-87e8-715d9b50b3ff', 'username': 'tinylion538', 'password': 'huang', 'salt': 'svCYzv1t', 'md5': '74b7c3828373e925ef40cede1ff1e6f9', 'sha1': '965cd926695a7a9755fd3530b6c36019157682f8', 'sha256': 'a2be85c76809b43041e95b42daa6b05079714e8a7159345706fc576a93534e87'}, 'dob': {'date': '1950-04-02T23:31:08.305Z', 'age': 74}, 'registered': {'date': '2009-07-04T02:19:50.264Z', 'age': 14}, 'phone': '03-73-07-29-90', 'cell': '06-92-58-53-26', 'id': {'name': 'INSEE', 'value': '1500310395697 57'}, 'picture': {'large': 'https://randomuser.me/api/portraits/men/82.jpg', 'medium': 'https://randomuser.me/api/portraits/med/men/82.jpg', 'thumbnail': 'https://randomuser.me/api/portraits/thumb/men/82.jpg'}, 'nat': 'FR'}</msg>
<arg>${json_data['results'][0]}</arg>
<doc>Logs the given message with the given level.</doc>
<status status="PASS" start="2024-06-13T19:12:10.739256" elapsed="0.000453"/>
</kw>
<kw name="Log" owner="BuiltIn">
<msg time="2024-06-13T19:12:10.740153" level="INFO">name</msg>
<arg>${key}</arg>
<doc>Logs the given message with the given level.</doc>
<status status="PASS" start="2024-06-13T19:12:10.740019" elapsed="0.000174"/>
</kw>
<var name="${key}">name</var>
<status status="PASS" start="2024-06-13T19:12:10.738540" elapsed="0.001874"/>
</iter>
<iter>
<kw name="Dictionary Should Contain Key" owner="Collections">
<arg>${json_data['results'][0]}</arg>
<arg>${key}</arg>
<doc>Fails if ``key`` is not found from ``dictionary``.</doc>
<status status="PASS" start="2024-06-13T19:12:10.740708" elapsed="0.000384"/>
</kw>
<kw name="Log" owner="BuiltIn">
<msg time="2024-06-13T19:12:10.741635" level="INFO">{'gender': 'male', 'name': {'title': 'Mr', 'first': 'Léon', 'last': 'Menard'}, 'location': {'street': {'number': 6071, 'name': "Place de L'Abbé-Georges-Hénocque"}, 'city': 'Nancy', 'state': 'Tarn-et-Garonne', 'country': 'France', 'postcode': 11709, 'coordinates': {'latitude': '-16.8379', 'longitude': '-155.4842'}, 'timezone': {'offset': '-12:00', 'description': 'Eniwetok, Kwajalein'}}, 'email': 'leon.menard@example.com', 'login': {'uuid': '9a0939e0-457d-465d-87e8-715d9b50b3ff', 'username': 'tinylion538', 'password': 'huang', 'salt': 'svCYzv1t', 'md5': '74b7c3828373e925ef40cede1ff1e6f9', 'sha1': '965cd926695a7a9755fd3530b6c36019157682f8', 'sha256': 'a2be85c76809b43041e95b42daa6b05079714e8a7159345706fc576a93534e87'}, 'dob': {'date': '1950-04-02T23:31:08.305Z', 'age': 74}, 'registered': {'date': '2009-07-04T02:19:50.264Z', 'age': 14}, 'phone': '03-73-07-29-90', 'cell': '06-92-58-53-26', 'id': {'name': 'INSEE', 'value': '1500310395697 57'}, 'picture': {'large': 'https://randomuser.me/api/portraits/men/82.jpg', 'medium': 'https://randomuser.me/api/portraits/med/men/82.jpg', 'thumbnail': 'https://randomuser.me/api/portraits/thumb/men/82.jpg'}, 'nat': 'FR'}</msg>
<arg>${json_data['results'][0]}</arg>
<doc>Logs the given message with the given level.</doc>
<status status="PASS" start="2024-06-13T19:12:10.741282" elapsed="0.000424"/>
</kw>
<kw name="Log" owner="BuiltIn">
<msg time="2024-06-13T19:12:10.742133" level="INFO">location</msg>
<arg>${key}</arg>
<doc>Logs the given message with the given level.</doc>
<status status="PASS" start="2024-06-13T19:12:10.742005" elapsed="0.000166"/>
</kw>
<var name="${key}">location</var>
<status status="PASS" start="2024-06-13T19:12:10.740598" elapsed="0.001801"/>
</iter>
<iter>
<kw name="Dictionary Should Contain Key" owner="Collections">
<arg>${json_data['results'][0]}</arg>
<arg>${key}</arg>
<doc>Fails if ``key`` is not found from ``dictionary``.</doc>
<status status="PASS" start="2024-06-13T19:12:10.742682" elapsed="0.000380"/>
</kw>
<kw name="Log" owner="BuiltIn">
<msg time="2024-06-13T19:12:10.743693" level="INFO">{'gender': 'male', 'name': {'title': 'Mr', 'first': 'Léon', 'last': 'Menard'}, 'location': {'street': {'number': 6071, 'name': "Place de L'Abbé-Georges-Hénocque"}, 'city': 'Nancy', 'state': 'Tarn-et-Garonne', 'country': 'France', 'postcode': 11709, 'coordinates': {'latitude': '-16.8379', 'longitude': '-155.4842'}, 'timezone': {'offset': '-12:00', 'description': 'Eniwetok, Kwajalein'}}, 'email': 'leon.menard@example.com', 'login': {'uuid': '9a0939e0-457d-465d-87e8-715d9b50b3ff', 'username': 'tinylion538', 'password': 'huang', 'salt': 'svCYzv1t', 'md5': '74b7c3828373e925ef40cede1ff1e6f9', 'sha1': '965cd926695a7a9755fd3530b6c36019157682f8', 'sha256': 'a2be85c76809b43041e95b42daa6b05079714e8a7159345706fc576a93534e87'}, 'dob': {'date': '1950-04-02T23:31:08.305Z', 'age': 74}, 'registered': {'date': '2009-07-04T02:19:50.264Z', 'age': 14}, 'phone': '03-73-07-29-90', 'cell': '06-92-58-53-26', 'id': {'name': 'INSEE', 'value': '1500310395697 57'}, 'picture': {'large': 'https://randomuser.me/api/portraits/men/82.jpg', 'medium': 'https://randomuser.me/api/portraits/med/men/82.jpg', 'thumbnail': 'https://randomuser.me/api/portraits/thumb/men/82.jpg'}, 'nat': 'FR'}</msg>
<arg>${json_data['results'][0]}</arg>
<doc>Logs the given message with the given level.</doc>
<status status="PASS" start="2024-06-13T19:12:10.743312" elapsed="0.000434"/>
</kw>
<kw name="Log" owner="BuiltIn">
<msg time="2024-06-13T19:12:10.744183" level="INFO">email</msg>
<arg>${key}</arg>
<doc>Logs the given message with the given level.</doc>
<status status="PASS" start="2024-06-13T19:12:10.744054" elapsed="0.000167"/>
</kw>
<var name="${key}">email</var>
<status status="PASS" start="2024-06-13T19:12:10.742574" elapsed="0.001863"/>
</iter>
<iter>
<kw name="Dictionary Should Contain Key" owner="Collections">
<arg>${json_data['results'][0]}</arg>
<arg>${key}</arg>
<doc>Fails if ``key`` is not found from ``dictionary``.</doc>
<status status="PASS" start="2024-06-13T19:12:10.744722" elapsed="0.000385"/>
</kw>
<kw name="Log" owner="BuiltIn">
<msg time="2024-06-13T19:12:10.745647" level="INFO">{'gender': 'male', 'name': {'title': 'Mr', 'first': 'Léon', 'last': 'Menard'}, 'location': {'street': {'number': 6071, 'name': "Place de L'Abbé-Georges-Hénocque"}, 'city': 'Nancy', 'state': 'Tarn-et-Garonne', 'country': 'France', 'postcode': 11709, 'coordinates': {'latitude': '-16.8379', 'longitude': '-155.4842'}, 'timezone': {'offset': '-12:00', 'description': 'Eniwetok, Kwajalein'}}, 'email': 'leon.menard@example.com', 'login': {'uuid': '9a0939e0-457d-465d-87e8-715d9b50b3ff', 'username': 'tinylion538', 'password': 'huang', 'salt': 'svCYzv1t', 'md5': '74b7c3828373e925ef40cede1ff1e6f9', 'sha1': '965cd926695a7a9755fd3530b6c36019157682f8', 'sha256': 'a2be85c76809b43041e95b42daa6b05079714e8a7159345706fc576a93534e87'}, 'dob': {'date': '1950-04-02T23:31:08.305Z', 'age': 74}, 'registered': {'date': '2009-07-04T02:19:50.264Z', 'age': 14}, 'phone': '03-73-07-29-90', 'cell': '06-92-58-53-26', 'id': {'name': 'INSEE', 'value': '1500310395697 57'}, 'picture': {'large': 'https://randomuser.me/api/portraits/men/82.jpg', 'medium': 'https://randomuser.me/api/portraits/med/men/82.jpg', 'thumbnail': 'https://randomuser.me/api/portraits/thumb/men/82.jpg'}, 'nat': 'FR'}</msg>
<arg>${json_data['results'][0]}</arg>
<doc>Logs the given message with the given level.</doc>
<status status="PASS" start="2024-06-13T19:12:10.745296" elapsed="0.000411"/>
</kw>
<kw name="Log" owner="BuiltIn">
<msg time="2024-06-13T19:12:10.746251" level="INFO">login</msg>
<arg>${key}</arg>
<doc>Logs the given message with the given level.</doc>
<status status="PASS" start="2024-06-13T19:12:10.746004" elapsed="0.000286"/>
</kw>
<var name="${key}">login</var>
<status status="PASS" start="2024-06-13T19:12:10.744613" elapsed="0.001899"/>
</iter>
<var>${key}</var>
<value>@{expected_keys}</value>
<status status="PASS" start="2024-06-13T19:12:10.736293" elapsed="0.010349"/>
</for>
<kw name="Create List" owner="BuiltIn">
<msg time="2024-06-13T19:12:10.747010" level="INFO">${expected_keysTwo} = ['username', 'password']</msg>
<var>${expected_keysTwo}</var>
<arg>username</arg>
<arg>password</arg>
<doc>Returns a list containing given items.</doc>
<status status="PASS" start="2024-06-13T19:12:10.746867" elapsed="0.000167"/>
</kw>
<for flavor="IN">
<iter>
<kw name="Dictionary Should Contain Key" owner="Collections">
<arg>${json_data['results'][0]['login']}</arg>
<arg>${keyTwo}</arg>
<doc>Fails if ``key`` is not found from ``dictionary``.</doc>
<status status="PASS" start="2024-06-13T19:12:10.747586" elapsed="0.000381"/>
</kw>
<kw name="Dictionary Should Contain Key" owner="Collections">
<arg>${json_data['results'][0]['login']}</arg>
<arg>${keyTwo}</arg>
<doc>Fails if ``key`` is not found from ``dictionary``.</doc>
<status status="PASS" start="2024-06-13T19:12:10.748151" elapsed="0.000373"/>
</kw>
<kw name="Log" owner="BuiltIn">
<msg time="2024-06-13T19:12:10.748827" level="INFO">username</msg>
<arg>${keyTwo}</arg>
<doc>Logs the given message with the given level.</doc>
<status status="PASS" start="2024-06-13T19:12:10.748706" elapsed="0.000159"/>
</kw>
<var name="${keyTwo}">username</var>
<status status="PASS" start="2024-06-13T19:12:10.747477" elapsed="0.001610"/>
</iter>
<iter>
<kw name="Dictionary Should Contain Key" owner="Collections">
<arg>${json_data['results'][0]['login']}</arg>
<arg>${keyTwo}</arg>
<doc>Fails if ``key`` is not found from ``dictionary``.</doc>
<status status="PASS" start="2024-06-13T19:12:10.749386" elapsed="0.000382"/>
</kw>
<kw name="Dictionary Should Contain Key" owner="Collections">
<arg>${json_data['results'][0]['login']}</arg>
<arg>${keyTwo}</arg>
<doc>Fails if ``key`` is not found from ``dictionary``.</doc>
<status status="PASS" start="2024-06-13T19:12:10.749950" elapsed="0.000377"/>
</kw>
<kw name="Log" owner="BuiltIn">
<msg time="2024-06-13T19:12:10.750628" level="INFO">password</msg>
<arg>${keyTwo}</arg>
<doc>Logs the given message with the given level.</doc>
<status status="PASS" start="2024-06-13T19:12:10.750506" elapsed="0.000158"/>
</kw>
<var name="${keyTwo}">password</var>
<status status="PASS" start="2024-06-13T19:12:10.749274" elapsed="0.001613"/>
</iter>
<var>${keyTwo}</var>
<value>@{expected_keysTwo}</value>
<status status="PASS" start="2024-06-13T19:12:10.747309" elapsed="0.003699"/>
</for>
<status status="PASS" start="2024-06-13T19:12:10.598794" elapsed="0.152378"/>
</kw>
<doc>Testa a estrutura da resposta da API.</doc>
<tag>testeEstruturaResposta</tag>
<status status="PASS" start="2024-06-13T19:12:10.597977" elapsed="0.153370"/>
</test>
<test id="s1-s1-t4" name="Validar tipos de dados" line="28">
<kw name="Teste de Tipos de Dados" owner="random-user-service">
<kw name="GET On Session" owner="RequestsLibrary">
<msg time="2024-06-13T19:12:11.100338" level="INFO">GET Request : url=https://randomuser.me/api 
 path_url=/api 
 headers={'User-Agent': 'python-requests/2.32.3', 'Accept-Encoding': 'gzip, deflate', 'Accept': '*/*', 'Connection': 'keep-alive'} 
 body=None 
 </msg>
<msg time="2024-06-13T19:12:11.100448" level="INFO">GET Response : url=https://randomuser.me/api 
 status=200, reason=OK 
 headers={'Date': 'Thu, 13 Jun 2024 19:12:11 GMT', 'Content-Type': 'application/json; charset=utf-8', 'Transfer-Encoding': 'chunked', 'Connection': 'keep-alive', 'X-Powered-By': 'Express', 'Access-Control-Allow-Origin': '*', 'Cache-Control': 'no-cache', 'ETag': 'W/"49d-LBsyKn58dwWM7vsjmkfh58+SZTE"', 'Vary': 'Accept-Encoding', 'Content-Encoding': 'gzip', 'CF-Cache-Status': 'DYNAMIC', 'Report-To': '{"endpoints":[{"url":"https:\\/\\/a.nel.cloudflare.com\\/report\\/v4?s=jCw3D4yuUakh7t%2BW%2BCRbcn68GReb6ONKqJi84alA4Osmhfva%2B0TI4kO6mtLJ%2FnvVia0MnTp4az1ctMud3Q020h3JgYSoW9AnDRggoY9VxJrgDZuJNolHNrA142LKL%2Fw3"}],"group":"cf-nel","max_age":604800}', 'NEL': '{"success_fraction":0,"report_to":"cf-nel","max_age":604800}', 'Server': 'cloudflare', 'CF-RAY': '8934640339082ca3-ORD', 'alt-svc': 'h3=":443"; ma=86400'} 
 body={"results":[{"gender":"female","name":{"title":"Ms","first":"Leslie","last":"Hoffman"},"location":{"street":{"number":1758,"name":"Valley View Ln"},"city":"Coffs Harbour","state":"Queensland","country":"Australia","postcode":8912,"coordinates":{"latitude":"-84.2655","longitude":"41.9258"},"timezone":{"offset":"-3:00","description":"Brazil, Buenos Aires, Georgetown"}},"email":"leslie.hoffman@example.com","login":{"uuid":"96e52d47-c163-472a-955f-cb4a4e7a3992","username":"yellowrabbit730","password":"funstuff","salt":"gAlCiPJx","md5":"f2c0403fcea900d933bc396bd52e83d0","sha1":"7ca60601091f99507b5fee23c455fa201588b544","sha256":"00019df49b48460a7d739f98917aa49cd50141e7b7c55dd1ccc0b37cce864089"},"dob":{"date":"1961-11-18T03:21:08.624Z","age":62},"registered":{"date":"2015-12-27T18:06:18.350Z","age":8},"phone":"08-4625-6174","cell":"0406-600-120","id":{"name":"TFN","value":"409392534"},"picture":{"large":"https://randomuser.me/api/portraits/women/27.jpg","medium":"https://randomuser.me/api/portraits/med/women/27.jpg","thumbnail":"https://randomuser.me/api/portraits/thumb/women/27.jpg"},"nat":"AU"}],"info":{"seed":"7fd0ba71cd101016","results":1,"page":1,"version":"1.4"}} 
 </msg>
<msg time="2024-06-13T19:12:11.100537" level="INFO">/opt/hostedtoolcache/Python/3.12.3/x64/lib/python3.12/site-packages/urllib3/connectionpool.py:1103: InsecureRequestWarning: Unverified HTTPS request is being made to host 'randomuser.me'. Adding certificate verification is strongly advised. See: https://urllib3.readthedocs.io/en/latest/advanced-usage.html#tls-warnings
  warnings.warn(</msg>
<msg time="2024-06-13T19:12:11.100682" level="INFO">${response} = &lt;Response [200]&gt;</msg>
<var>${response}</var>
<arg>consultarAPI</arg>
<arg>/api</arg>
<doc>Sends a GET request on a previously created HTTP Session.</doc>
<status status="PASS" start="2024-06-13T19:12:10.754199" elapsed="0.346536"/>
</kw>
<kw name="Set Variable" owner="BuiltIn">
<msg time="2024-06-13T19:12:11.101824" level="INFO">${json_data} = {'results': [{'gender': 'female', 'name': {'title': 'Ms', 'first': 'Leslie', 'last': 'Hoffman'}, 'location': {'street': {'number': 1758, 'name': 'Valley View Ln'}, 'city': 'Coffs Harbour', 'state': 'Q...</msg>
<var>${json_data}</var>
<arg>${response.json()}</arg>
<doc>Returns the given values which can then be assigned to a variables.</doc>
<status status="PASS" start="2024-06-13T19:12:11.101298" elapsed="0.000554"/>
</kw>
<kw name="Log" owner="BuiltIn">
<msg time="2024-06-13T19:12:11.102320" level="INFO">{'results': [{'gender': 'female', 'name': {'title': 'Ms', 'first': 'Leslie', 'last': 'Hoffman'}, 'location': {'street': {'number': 1758, 'name': 'Valley View Ln'}, 'city': 'Coffs Harbour', 'state': 'Queensland', 'country': 'Australia', 'postcode': 8912, 'coordinates': {'latitude': '-84.2655', 'longitude': '41.9258'}, 'timezone': {'offset': '-3:00', 'description': 'Brazil, Buenos Aires, Georgetown'}}, 'email': 'leslie.hoffman@example.com', 'login': {'uuid': '96e52d47-c163-472a-955f-cb4a4e7a3992', 'username': 'yellowrabbit730', 'password': 'funstuff', 'salt': 'gAlCiPJx', 'md5': 'f2c0403fcea900d933bc396bd52e83d0', 'sha1': '7ca60601091f99507b5fee23c455fa201588b544', 'sha256': '00019df49b48460a7d739f98917aa49cd50141e7b7c55dd1ccc0b37cce864089'}, 'dob': {'date': '1961-11-18T03:21:08.624Z', 'age': 62}, 'registered': {'date': '2015-12-27T18:06:18.350Z', 'age': 8}, 'phone': '08-4625-6174', 'cell': '0406-600-120', 'id': {'name': 'TFN', 'value': '409392534'}, 'picture': {'large': 'https://randomuser.me/api/portraits/women/27.jpg', 'medium': 'https://randomuser.me/api/portraits/med/women/27.jpg', 'thumbnail': 'https://randomuser.me/api/portraits/thumb/women/27.jpg'}, 'nat': 'AU'}], 'info': {'seed': '7fd0ba71cd101016', 'results': 1, 'page': 1, 'version': '1.4'}}</msg>
<arg>${json_data}</arg>
<doc>Logs the given message with the given level.</doc>
<status status="PASS" start="2024-06-13T19:12:11.102165" elapsed="0.000203"/>
</kw>
<kw name="Should Be String" owner="String">
<arg>${json_data['results'][0]['gender']}</arg>
<doc>Fails if the given ``item`` is not a string.</doc>
<status status="PASS" start="2024-06-13T19:12:11.102657" elapsed="0.000360"/>
</kw>
<kw name="Should Match Regexp" owner="BuiltIn">
<arg>${json_data['results'][0]['email']}</arg>
<arg>^[a-zA-Z0-9._%+-]+@[a-zA-Z0-9.-]+\.[a-zA-Z]{2,}$</arg>
<doc>Fails if ``string`` does not match ``pattern`` as a regular expression.</doc>
<status status="PASS" start="2024-06-13T19:12:11.103278" elapsed="0.000530"/>
</kw>
<kw name="Should Match Regexp" owner="BuiltIn">
<arg>${json_data['results'][0]['dob']['date']}</arg>
<arg>\\d{4}-\\d{2}-\\d{2}T\\d{2}:\\d{2}:\\d{2}\\.\\d{3}Z</arg>
<doc>Fails if ``string`` does not match ``pattern`` as a regular expression.</doc>
<status status="PASS" start="2024-06-13T19:12:11.104004" elapsed="0.000493"/>
</kw>
<kw name="Should Match Regexp" owner="BuiltIn">
<arg>${json_data['results'][0]['registered']['date']}</arg>
<arg>\\d{4}-\\d{2}-\\d{2}T\\d{2}:\\d{2}:\\d{2}\\.\\d{3}Z</arg>
<doc>Fails if ``string`` does not match ``pattern`` as a regular expression.</doc>
<status status="PASS" start="2024-06-13T19:12:11.104687" elapsed="0.000364"/>
</kw>
<kw name="Should Match Regexp" owner="BuiltIn">
<arg>${json_data['results'][0]['picture']['large']}</arg>
<arg>^https?://.*\.(?:png|jpe?g|gif|bmp)$</arg>
<doc>Fails if ``string`` does not match ``pattern`` as a regular expression.</doc>
<status status="PASS" start="2024-06-13T19:12:11.105233" elapsed="0.000457"/>
</kw>
<kw name="Should Match Regexp" owner="BuiltIn">
<arg>${json_data['results'][0]['picture']['medium']}</arg>
<arg>^https?://.*\.(?:png|jpe?g|gif|bmp)$</arg>
<doc>Fails if ``string`` does not match ``pattern`` as a regular expression.</doc>
<status status="PASS" start="2024-06-13T19:12:11.105879" elapsed="0.000356"/>
</kw>
<kw name="Should Match Regexp" owner="BuiltIn">
<arg>${json_data['results'][0]['picture']['thumbnail']}</arg>
<arg>^https?://.*\.(?:png|jpe?g|gif|bmp)$</arg>
<doc>Fails if ``string`` does not match ``pattern`` as a regular expression.</doc>
<status status="PASS" start="2024-06-13T19:12:11.106429" elapsed="0.000353"/>
</kw>
<kw name="Log" owner="BuiltIn">
<msg time="2024-06-13T19:12:11.107318" level="INFO">{'large': 'https://randomuser.me/api/portraits/women/27.jpg', 'medium': 'https://randomuser.me/api/portraits/med/women/27.jpg', 'thumbnail': 'https://randomuser.me/api/portraits/thumb/women/27.jpg'}</msg>
<arg>${json_data['results'][0]['picture']}</arg>
<doc>Logs the given message with the given level.</doc>
<status status="PASS" start="2024-06-13T19:12:11.106959" elapsed="0.000400"/>
</kw>
<status status="PASS" start="2024-06-13T19:12:10.753961" elapsed="0.353657"/>
</kw>
<kw name="Teste de Tipos de Dados - Postcode" owner="random-user-service">
<kw name="GET On Session" owner="RequestsLibrary">
<msg time="2024-06-13T19:12:11.253822" level="INFO">GET Request : url=https://randomuser.me/api 
 path_url=/api 
 headers={'User-Agent': 'python-requests/2.32.3', 'Accept-Encoding': 'gzip, deflate', 'Accept': '*/*', 'Connection': 'keep-alive'} 
 body=None 
 </msg>
<msg time="2024-06-13T19:12:11.253927" level="INFO">GET Response : url=https://randomuser.me/api 
 status=200, reason=OK 
 headers={'Date': 'Thu, 13 Jun 2024 19:12:11 GMT', 'Content-Type': 'application/json; charset=utf-8', 'Transfer-Encoding': 'chunked', 'Connection': 'keep-alive', 'X-Powered-By': 'Express', 'Access-Control-Allow-Origin': '*', 'Cache-Control': 'no-cache', 'ETag': 'W/"493-O+Rr+xxdZcxQqbeIVxcF1U78Xrs"', 'Vary': 'Accept-Encoding', 'Content-Encoding': 'gzip', 'CF-Cache-Status': 'DYNAMIC', 'Report-To': '{"endpoints":[{"url":"https:\\/\\/a.nel.cloudflare.com\\/report\\/v4?s=1bQ1%2BaycHXOLmzV7JutfoV8cJGv%2FdVXLRzGrcs%2FZbnOL1ioQNwR8gQIn2mbZRwmQDsXC5p%2BRzuqxjoBR%2FadtAyFJCjUlubNZjGa9Y%2B20wdpYbX%2FAfAK4zeImYAp7xogU"}],"group":"cf-nel","max_age":604800}', 'NEL': '{"success_fraction":0,"report_to":"cf-nel","max_age":604800}', 'Server': 'cloudflare', 'CF-RAY': '893464057c742ca3-ORD', 'alt-svc': 'h3=":443"; ma=86400'} 
 body={"results":[{"gender":"female","name":{"title":"Mrs","first":"Vida","last":"Stokkenes"},"location":{"street":{"number":1604,"name":"Havna allé"},"city":"Sjøholt","state":"Nordland","country":"Norway","postcode":"7994","coordinates":{"latitude":"40.7416","longitude":"113.8751"},"timezone":{"offset":"-5:00","description":"Eastern Time (US &amp; Canada), Bogota, Lima"}},"email":"vida.stokkenes@example.com","login":{"uuid":"fc9325b7-a0ff-49ad-8add-45c873d21f37","username":"smallelephant411","password":"storm","salt":"d89LN1WN","md5":"8b37a26cd2abcbf2e37ac1a4bea85e05","sha1":"c417c1d99f6a414f8820db08183fdb8eca5f73d2","sha256":"1e2c4ebdd5350a0e01d9ad2a516648ccbf62f63b69c866c78a4c52bd7ec3734e"},"dob":{"date":"1987-08-03T23:28:26.275Z","age":36},"registered":{"date":"2013-03-07T23:58:56.363Z","age":11},"phone":"38119249","cell":"96161882","id":{"name":"FN","value":"03088724037"},"picture":{"large":"https://randomuser.me/api/portraits/women/45.jpg","medium":"https://randomuser.me/api/portraits/med/women/45.jpg","thumbnail":"https://randomuser.me/api/portraits/thumb/women/45.jpg"},"nat":"NO"}],"info":{"seed":"89cde5151ef71737","results":1,"page":1,"version":"1.4"}} 
 </msg>
<msg time="2024-06-13T19:12:11.254032" level="INFO">/opt/hostedtoolcache/Python/3.12.3/x64/lib/python3.12/site-packages/urllib3/connectionpool.py:1103: InsecureRequestWarning: Unverified HTTPS request is being made to host 'randomuser.me'. Adding certificate verification is strongly advised. See: https://urllib3.readthedocs.io/en/latest/advanced-usage.html#tls-warnings
  warnings.warn(</msg>
<msg time="2024-06-13T19:12:11.254178" level="INFO">${response} = &lt;Response [200]&gt;</msg>
<var>${response}</var>
<arg>consultarAPI</arg>
<arg>/api</arg>
<doc>Sends a GET request on a previously created HTTP Session.</doc>
<status status="PASS" start="2024-06-13T19:12:11.108084" elapsed="0.146139"/>
</kw>
<kw name="Set Variable" owner="BuiltIn">
<msg time="2024-06-13T19:12:11.255351" level="INFO">${json_data} = {'results': [{'gender': 'female', 'name': {'title': 'Mrs', 'first': 'Vida', 'last': 'Stokkenes'}, 'location': {'street': {'number': 1604, 'name': 'Havna allé'}, 'city': 'Sjøholt', 'state': 'Nordland',...</msg>
<var>${json_data}</var>
<arg>${response.json()}</arg>
<doc>Returns the given values which can then be assigned to a variables.</doc>
<status status="PASS" start="2024-06-13T19:12:11.254790" elapsed="0.000592"/>
</kw>
<kw name="Log" owner="BuiltIn">
<msg time="2024-06-13T19:12:11.255906" level="INFO">{'results': [{'gender': 'female', 'name': {'title': 'Mrs', 'first': 'Vida', 'last': 'Stokkenes'}, 'location': {'street': {'number': 1604, 'name': 'Havna allé'}, 'city': 'Sjøholt', 'state': 'Nordland', 'country': 'Norway', 'postcode': '7994', 'coordinates': {'latitude': '40.7416', 'longitude': '113.8751'}, 'timezone': {'offset': '-5:00', 'description': 'Eastern Time (US &amp; Canada), Bogota, Lima'}}, 'email': 'vida.stokkenes@example.com', 'login': {'uuid': 'fc9325b7-a0ff-49ad-8add-45c873d21f37', 'username': 'smallelephant411', 'password': 'storm', 'salt': 'd89LN1WN', 'md5': '8b37a26cd2abcbf2e37ac1a4bea85e05', 'sha1': 'c417c1d99f6a414f8820db08183fdb8eca5f73d2', 'sha256': '1e2c4ebdd5350a0e01d9ad2a516648ccbf62f63b69c866c78a4c52bd7ec3734e'}, 'dob': {'date': '1987-08-03T23:28:26.275Z', 'age': 36}, 'registered': {'date': '2013-03-07T23:58:56.363Z', 'age': 11}, 'phone': '38119249', 'cell': '96161882', 'id': {'name': 'FN', 'value': '03088724037'}, 'picture': {'large': 'https://randomuser.me/api/portraits/women/45.jpg', 'medium': 'https://randomuser.me/api/portraits/med/women/45.jpg', 'thumbnail': 'https://randomuser.me/api/portraits/thumb/women/45.jpg'}, 'nat': 'NO'}], 'info': {'seed': '89cde5151ef71737', 'results': 1, 'page': 1, 'version': '1.4'}}</msg>
<arg>${json_data}</arg>
<doc>Logs the given message with the given level.</doc>
<status status="PASS" start="2024-06-13T19:12:11.255728" elapsed="0.000239"/>
</kw>
<kw name="Should Be Equal As Numbers" owner="BuiltIn">
<arg>${json_data['results'][0]['location']['postcode']}</arg>
<arg>${json_data['results'][0]['location']['postcode']}</arg>
<doc>Fails if objects are unequal after converting them to real numbers.</doc>
<status status="PASS" start="2024-06-13T19:12:11.256271" elapsed="0.000625"/>
</kw>
<kw name="Log" owner="BuiltIn">
<msg time="2024-06-13T19:12:11.257475" level="INFO">7994</msg>
<arg>${json_data['results'][0]['location']['postcode']}</arg>
<doc>Logs the given message with the given level.</doc>
<status status="PASS" start="2024-06-13T19:12:11.257120" elapsed="0.000395"/>
</kw>
<status status="PASS" start="2024-06-13T19:12:11.107848" elapsed="0.149922"/>
</kw>
<doc>Testa se os tipos de dados na resposta da API estão corretos.</doc>
<tag>testeTiposDados</tag>
<status status="PASS" start="2024-06-13T19:12:10.753392" elapsed="0.504553"/>
</test>
<test id="s1-s1-t5" name="Validar conteudo" line="35">
<kw name="Teste de Tipos de Conteudo" owner="random-user-service">
<kw name="GET On Session" owner="RequestsLibrary">
<msg time="2024-06-13T19:12:11.344030" level="INFO">GET Request : url=https://randomuser.me/api 
 path_url=/api 
 headers={'User-Agent': 'python-requests/2.32.3', 'Accept-Encoding': 'gzip, deflate', 'Accept': '*/*', 'Connection': 'keep-alive'} 
 body=None 
 </msg>
<msg time="2024-06-13T19:12:11.344132" level="INFO">GET Response : url=https://randomuser.me/api 
 status=200, reason=OK 
 headers={'Date': 'Thu, 13 Jun 2024 19:12:11 GMT', 'Content-Type': 'application/json; charset=utf-8', 'Transfer-Encoding': 'chunked', 'Connection': 'keep-alive', 'X-Powered-By': 'Express', 'Access-Control-Allow-Origin': '*', 'Cache-Control': 'no-cache', 'ETag': 'W/"49b-xltL+9HCWfjdukWSTddyxeXpDVU"', 'Vary': 'Accept-Encoding', 'Content-Encoding': 'gzip', 'CF-Cache-Status': 'DYNAMIC', 'Report-To': '{"endpoints":[{"url":"https:\\/\\/a.nel.cloudflare.com\\/report\\/v4?s=%2B7ITIEcXIFQlv%2BfMrznZPYCUu5GReRDlmUfAxF6sH4ICpmxzYv8L3HWa3An4b%2BtqaGQMaeGq2hO55C79oLkzu%2BpjJy4zP0kMRvRERNm3sGkpw%2FkZbZXcnPMoHjGgG9lu"}],"group":"cf-nel","max_age":604800}', 'NEL': '{"success_fraction":0,"report_to":"cf-nel","max_age":604800}', 'Server': 'cloudflare', 'CF-RAY': '893464066e2f2ca3-ORD', 'alt-svc': 'h3=":443"; ma=86400'} 
 body={"results":[{"gender":"female","name":{"title":"Mrs","first":"Raksha","last":"Kouser"},"location":{"street":{"number":7489,"name":"Hazratganj"},"city":"Hyderabad","state":"Uttar Pradesh","country":"India","postcode":97268,"coordinates":{"latitude":"4.9076","longitude":"171.9644"},"timezone":{"offset":"+11:00","description":"Magadan, Solomon Islands, New Caledonia"}},"email":"raksha.kouser@example.com","login":{"uuid":"979fb56f-fda5-4ddf-b005-c80ea919db55","username":"goldensnake562","password":"21212121","salt":"2Mx2109b","md5":"e9d56a4df4d7309b1cfc08dcf4bc9e7b","sha1":"269d92fd80f0103ebe5c9c23b1279ccdbb18b17c","sha256":"970f7c8ce3aca865ad4d5b48970f2170112d9ec1c313cca4be7ff2a00e2d4d99"},"dob":{"date":"1946-03-25T00:48:26.680Z","age":78},"registered":{"date":"2019-11-29T19:23:31.223Z","age":4},"phone":"8058733527","cell":"8772549050","id":{"name":"UIDAI","value":"099605906493"},"picture":{"large":"https://randomuser.me/api/portraits/women/65.jpg","medium":"https://randomuser.me/api/portraits/med/women/65.jpg","thumbnail":"https://randomuser.me/api/portraits/thumb/women/65.jpg"},"nat":"IN"}],"info":{"seed":"15362492dd8b7dce","results":1,"page":1,"version":"1.4"}} 
 </msg>
<msg time="2024-06-13T19:12:11.344207" level="INFO">/opt/hostedtoolcache/Python/3.12.3/x64/lib/python3.12/site-packages/urllib3/connectionpool.py:1103: InsecureRequestWarning: Unverified HTTPS request is being made to host 'randomuser.me'. Adding certificate verification is strongly advised. See: https://urllib3.readthedocs.io/en/latest/advanced-usage.html#tls-warnings
  warnings.warn(</msg>
<msg time="2024-06-13T19:12:11.344339" level="INFO">${response} = &lt;Response [200]&gt;</msg>
<var>${response}</var>
<arg>consultarAPI</arg>
<arg>/api</arg>
<doc>Sends a GET request on a previously created HTTP Session.</doc>
<status status="PASS" start="2024-06-13T19:12:11.261308" elapsed="0.083070"/>
</kw>
<kw name="Set Variable" owner="BuiltIn">
<msg time="2024-06-13T19:12:11.345679" level="INFO">${json_data} = {'results': [{'gender': 'female', 'name': {'title': 'Mrs', 'first': 'Raksha', 'last': 'Kouser'}, 'location': {'street': {'number': 7489, 'name': 'Hazratganj'}, 'city': 'Hyderabad', 'state': 'Uttar Pra...</msg>
<var>${json_data}</var>
<arg>${response.json()}</arg>
<doc>Returns the given values which can then be assigned to a variables.</doc>
<status status="PASS" start="2024-06-13T19:12:11.345068" elapsed="0.000640"/>
</kw>
<kw name="Set Variable" owner="BuiltIn">
<msg time="2024-06-13T19:12:11.346405" level="INFO">${name_title} = Mrs</msg>
<var>${name_title}</var>
<arg>${json_data["results"][0]["name"]["title"]}</arg>
<doc>Returns the given values which can then be assigned to a variables.</doc>
<status status="PASS" start="2024-06-13T19:12:11.346019" elapsed="0.000411"/>
</kw>
<kw name="Create List" owner="BuiltIn">
<msg time="2024-06-13T19:12:11.346882" level="INFO">${allowed_titles} = ['Mr', 'Ms', 'Miss', 'Mrs', 'Madame', 'Monsieur']</msg>
<var>${allowed_titles}</var>
<arg>Mr</arg>
<arg>Ms</arg>
<arg>Miss</arg>
<arg>Mrs</arg>
<arg>Madame</arg>
<arg>Monsieur</arg>
<doc>Returns a list containing given items.</doc>
<status status="PASS" start="2024-06-13T19:12:11.346729" elapsed="0.000177"/>
</kw>
<kw name="List Should Contain Value" owner="Collections">
<arg>${allowed_titles}</arg>
<arg>${name_title}</arg>
<doc>Fails if the ``value`` is not found from ``list``.</doc>
<status status="PASS" start="2024-06-13T19:12:11.347240" elapsed="0.000185"/>
</kw>
<kw name="Set Variable" owner="BuiltIn">
<msg time="2024-06-13T19:12:11.347982" level="INFO">${name_country} = IN</msg>
<var>${name_country}</var>
<arg>${json_data["results"][0]["nat"]}</arg>
<doc>Returns the given values which can then be assigned to a variables.</doc>
<status status="PASS" start="2024-06-13T19:12:11.347610" elapsed="0.000396"/>
</kw>
<kw name="Create List" owner="BuiltIn">
<msg time="2024-06-13T19:12:11.348901" level="INFO">${list_country} = ['AD', 'AE', 'AF', 'AG', 'AI', 'AL', 'AM', 'AO', 'AQ', 'AR', 'AS', 'AT', 'AU', 'AW', 'AX', 'AZ', 'BA', 'BB', 'BD', 'BE', 'BF', 'BG', 'BH', 'BI', 'BJ', 'BL', 'BM', 'BN', 'BO', 'BQ', 'BR', 'BS', 'BT', '...</msg>
<var>${list_country}</var>
<arg>AD</arg>
<arg>AE</arg>
<arg>AF</arg>
<arg>AG</arg>
<arg>AI</arg>
<arg>AL</arg>
<arg>AM</arg>
<arg>AO</arg>
<arg>AQ</arg>
<arg>AR</arg>
<arg>AS</arg>
<arg>AT</arg>
<arg>AU</arg>
<arg>AW</arg>
<arg>AX</arg>
<arg>AZ</arg>
<arg>BA</arg>
<arg>BB</arg>
<arg>BD</arg>
<arg>BE</arg>
<arg>BF</arg>
<arg>BG</arg>
<arg>BH</arg>
<arg>BI</arg>
<arg>BJ</arg>
<arg>BL</arg>
<arg>BM</arg>
<arg>BN</arg>
<arg>BO</arg>
<arg>BQ</arg>
<arg>BR</arg>
<arg>BS</arg>
<arg>BT</arg>
<arg>BV</arg>
<arg>BW</arg>
<arg>BY</arg>
<arg>BZ</arg>
<arg>CA</arg>
<arg>CC</arg>
<arg>CD</arg>
<arg>CF</arg>
<arg>CG</arg>
<arg>CH</arg>
<arg>CI</arg>
<arg>CK</arg>
<arg>CL</arg>
<arg>CM</arg>
<arg>CN</arg>
<arg>CO</arg>
<arg>CR</arg>
<arg>CU</arg>
<arg>CV</arg>
<arg>CW</arg>
<arg>CX</arg>
<arg>CY</arg>
<arg>CZ</arg>
<arg>DE</arg>
<arg>DJ</arg>
<arg>DK</arg>
<arg>DM</arg>
<arg>DO</arg>
<arg>DZ</arg>
<arg>EC</arg>
<arg>EE</arg>
<arg>EG</arg>
<arg>EH</arg>
<arg>ER</arg>
<arg>ES</arg>
<arg>ET</arg>
<arg>FI</arg>
<arg>FJ</arg>
<arg>FK</arg>
<arg>FM</arg>
<arg>FO</arg>
<arg>FR</arg>
<arg>GA</arg>
<arg>GB</arg>
<arg>GD</arg>
<arg>GE</arg>
<arg>GF</arg>
<arg>GG</arg>
<arg>GH</arg>
<arg>GI</arg>
<arg>GL</arg>
<arg>GM</arg>
<arg>GN</arg>
<arg>GP</arg>
<arg>GQ</arg>
<arg>GR</arg>
<arg>GS</arg>
<arg>GT</arg>
<arg>GU</arg>
<arg>GW</arg>
<arg>GY</arg>
<arg>HK</arg>
<arg>HM</arg>
<arg>HN</arg>
<arg>HR</arg>
<arg>HT</arg>
<arg>HU</arg>
<arg>ID</arg>
<arg>IE</arg>
<arg>IL</arg>
<arg>IM</arg>
<arg>IN</arg>
<arg>IO</arg>
<arg>IQ</arg>
<arg>IR</arg>
<arg>IS</arg>
<arg>IT</arg>
<arg>JE</arg>
<arg>JM</arg>
<arg>JO</arg>
<arg>JP</arg>
<arg>KE</arg>
<arg>KG</arg>
<arg>KH</arg>
<arg>KI</arg>
<arg>KM</arg>
<arg>KN</arg>
<arg>KP</arg>
<arg>KR</arg>
<arg>KW</arg>
<arg>KY</arg>
<arg>KZ</arg>
<arg>LA</arg>
<arg>LB</arg>
<arg>LC</arg>
<arg>LI</arg>
<arg>LK</arg>
<arg>LR</arg>
<arg>LS</arg>
<arg>LT</arg>
<arg>LU</arg>
<arg>LV</arg>
<arg>LY</arg>
<arg>MA</arg>
<arg>MC</arg>
<arg>MD</arg>
<arg>ME</arg>
<arg>MF</arg>
<arg>MG</arg>
<arg>MH</arg>
<arg>MK</arg>
<arg>ML</arg>
<arg>MM</arg>
<arg>MN</arg>
<arg>MO</arg>
<arg>MP</arg>
<arg>MQ</arg>
<arg>MR</arg>
<arg>MS</arg>
<arg>MT</arg>
<arg>MU</arg>
<arg>MV</arg>
<arg>MW</arg>
<arg>MX</arg>
<arg>MY</arg>
<arg>MZ</arg>
<arg>NA</arg>
<arg>NC</arg>
<arg>NE</arg>
<arg>NF</arg>
<arg>NG</arg>
<arg>NI</arg>
<arg>NL</arg>
<arg>NO</arg>
<arg>NP</arg>
<arg>NR</arg>
<arg>NU</arg>
<arg>NZ</arg>
<arg>OM</arg>
<arg>PA</arg>
<arg>PE</arg>
<arg>PF</arg>
<arg>PG</arg>
<arg>PH</arg>
<arg>PK</arg>
<arg>PL</arg>
<arg>PM</arg>
<arg>PN</arg>
<arg>PR</arg>
<arg>PS</arg>
<arg>PT</arg>
<arg>PW</arg>
<arg>PY</arg>
<arg>QA</arg>
<arg>RE</arg>
<arg>RO</arg>
<arg>RS</arg>
<arg>RU</arg>
<arg>RW</arg>
<arg>SA</arg>
<arg>SB</arg>
<arg>SC</arg>
<arg>SD</arg>
<arg>SE</arg>
<arg>SG</arg>
<arg>SH</arg>
<arg>SI</arg>
<arg>SJ</arg>
<arg>SK</arg>
<arg>SL</arg>
<arg>SM</arg>
<arg>SN</arg>
<arg>SO</arg>
<arg>SR</arg>
<arg>SS</arg>
<arg>ST</arg>
<arg>SV</arg>
<arg>SX</arg>
<arg>SY</arg>
<arg>SZ</arg>
<arg>TC</arg>
<arg>TD</arg>
<arg>TF</arg>
<arg>TG</arg>
<arg>TH</arg>
<arg>TJ</arg>
<arg>TK</arg>
<arg>TL</arg>
<arg>TM</arg>
<arg>TN</arg>
<arg>TO</arg>
<arg>TR</arg>
<arg>TT</arg>
<arg>TV</arg>
<arg>TW</arg>
<arg>TZ</arg>
<arg>UA</arg>
<arg>UG</arg>
<arg>UM</arg>
<arg>US</arg>
<arg>UY</arg>
<arg>UZ</arg>
<arg>VA</arg>
<arg>VC</arg>
<arg>VE</arg>
<arg>VG</arg>
<arg>VI</arg>
<arg>VN</arg>
<arg>VU</arg>
<arg>WF</arg>
<arg>WS</arg>
<arg>XK</arg>
<arg>YE</arg>
<arg>YT</arg>
<arg>ZA</arg>
<arg>ZM</arg>
<arg>ZW</arg>
<doc>Returns a list containing given items.</doc>
<status status="PASS" start="2024-06-13T19:12:11.348301" elapsed="0.000625"/>
</kw>
<kw name="List Should Contain Value" owner="Collections">
<arg>${list_country}</arg>
<arg>${name_country}</arg>
<doc>Fails if the ``value`` is not found from ``list``.</doc>
<status status="PASS" start="2024-06-13T19:12:11.349715" elapsed="0.000204"/>
</kw>
<kw name="Run Keyword If" owner="BuiltIn">
<kw name="Should Be True" owner="BuiltIn">
<arg>${True}</arg>
<doc>Fails if the given condition is not true.</doc>
<status status="PASS" start="2024-06-13T19:12:11.350997" elapsed="0.000167"/>
</kw>
<arg>${json_data["results"][0]["location"]["coordinates"]["latitude"]} &gt;= -90 and ${json_data["results"][0]["location"]["coordinates"]["latitude"]} &lt;= 90</arg>
<arg>Should Be True</arg>
<arg>${True}</arg>
<doc>Runs the given keyword with the given arguments, if ``condition`` is true.</doc>
<status status="PASS" start="2024-06-13T19:12:11.350116" elapsed="0.001185"/>
</kw>
<kw name="Run Keyword If" owner="BuiltIn">
<kw name="Should Be True" owner="BuiltIn">
<arg>${True}</arg>
<doc>Fails if the given condition is not true.</doc>
<status status="PASS" start="2024-06-13T19:12:11.352235" elapsed="0.000141"/>
</kw>
<arg>${json_data["results"][0]["location"]["coordinates"]["longitude"]} &gt;= -180 and ${json_data["results"][0]["location"]["coordinates"]["longitude"]} &lt;= 180</arg>
<arg>Should Be True</arg>
<arg>${True}</arg>
<doc>Runs the given keyword with the given arguments, if ``condition`` is true.</doc>
<status status="PASS" start="2024-06-13T19:12:11.351498" elapsed="0.001003"/>
</kw>
<status status="PASS" start="2024-06-13T19:12:11.260924" elapsed="0.091711"/>
</kw>
<doc>Testa o conteúdo específico dos campos retornados pela API.</doc>
<tag>testeConteudo</tag>
<status status="PASS" start="2024-06-13T19:12:11.260187" elapsed="0.092606"/>
</test>
<status status="PASS" start="2024-06-13T19:12:10.080552" elapsed="1.274220"/>
</suite>
<status status="PASS" start="2024-06-13T19:12:10.065751" elapsed="1.294240"/>
</suite>
<statistics>
<total>
<stat pass="5" fail="0" skip="0">All Tests</stat>
</total>
<tag>
<stat pass="1" fail="0" skip="0">testeConteudo</stat>
<stat pass="1" fail="0" skip="0">testeEstruturaResposta</stat>
<stat pass="1" fail="0" skip="0">testeRequisicaoBasica</stat>
<stat pass="1" fail="0" skip="0">testeTiposDados</stat>
</tag>
<suite>
<stat pass="5" fail="0" skip="0" id="s1" name="Tests">Tests</stat>
<stat pass="5" fail="0" skip="0" id="s1-s1" name="Random-User-Test">Tests.Random-User-Test</stat>
</suite>
</statistics>
<errors>
</errors>
</robot>
