<?xml version="1.0" encoding="UTF-8"?>
<robot generator="Robot 7.0.1 (Python 3.12.3 on linux)" generated="2024-06-10T23:15:09.211945" rpa="false" schemaversion="5">
<suite id="s1" name="Tests" source="/home/runner/work/ApiRandomUser/ApiRandomUser/RamdonUser/tests">
<suite id="s1-s1" name="Random-User-Test" source="/home/runner/work/ApiRandomUser/ApiRandomUser/RamdonUser/tests/random-user-test.robot">
<test id="s1-s1-t1" name="Conectar" line="13">
<kw name="Conectar API" owner="random-user-service">
<kw name="Create Session" owner="RequestsLibrary">
<msg time="2024-06-10T23:15:09.645016" level="INFO">Creating Session using : alias=consultarAPI, url=https://randomuser.me/, headers={},                     cookies={}, auth=None, timeout=None, proxies=None, verify=False,                     debug=0 </msg>
<arg>consultarAPI</arg>
<arg>${URL}</arg>
<doc>Create Session: create a HTTP session to a server</doc>
<status status="PASS" start="2024-06-10T23:15:09.644807" elapsed="0.000402"/>
</kw>
<status status="PASS" start="2024-06-10T23:15:09.643751" elapsed="0.001833"/>
</kw>
<status status="PASS" start="2024-06-10T23:15:09.643004" elapsed="0.002777"/>
</test>
<test id="s1-s1-t2" name="Validar retorno 200 e JSON Válido" line="16">
<kw name="Teste de Requisicao Basica" owner="random-user-service">
<kw name="GET On Session" owner="RequestsLibrary">
<msg time="2024-06-10T23:15:09.848214" level="INFO">GET Request : url=https://randomuser.me/api 
 path_url=/api 
 headers={'User-Agent': 'python-requests/2.32.3', 'Accept-Encoding': 'gzip, deflate', 'Accept': '*/*', 'Connection': 'keep-alive'} 
 body=None 
 </msg>
<msg time="2024-06-10T23:15:09.848375" level="INFO">GET Response : url=https://randomuser.me/api 
 status=200, reason=OK 
 headers={'Date': 'Mon, 10 Jun 2024 23:15:09 GMT', 'Content-Type': 'application/json; charset=utf-8', 'Transfer-Encoding': 'chunked', 'Connection': 'keep-alive', 'X-Powered-By': 'Express', 'Access-Control-Allow-Origin': '*', 'Cache-Control': 'no-cache', 'ETag': 'W/"4a4-5c1p6P8hS3z5+9my77JT9zq5tcs"', 'Vary': 'Accept-Encoding', 'Content-Encoding': 'gzip', 'CF-Cache-Status': 'DYNAMIC', 'Report-To': '{"endpoints":[{"url":"https:\\/\\/a.nel.cloudflare.com\\/report\\/v4?s=SDxsf0yb8l2iDgYBZWLKFU6q%2Bxg%2BByASiGESVXvy1nuw%2B%2B1avs%2FBW73JXL9N6311T9PNj4oWP29psWjGQT4gSGsOo6HVDoB3hvVnJcCD7L4Hm1FcgR8N0f%2FsIlFh2LQk"}],"group":"cf-nel","max_age":604800}', 'NEL': '{"success_fraction":0,"report_to":"cf-nel","max_age":604800}', 'Server': 'cloudflare', 'CF-RAY': '891d0fd23c8f2232-ORD', 'alt-svc': 'h3=":443"; ma=86400'} 
 body={"results":[{"gender":"male","name":{"title":"Mr","first":"Austin","last":"Hayes"},"location":{"street":{"number":2556,"name":"Alexander Road"},"city":"Bradford","state":"Bedfordshire","country":"United Kingdom","postcode":"R09 0PY","coordinates":{"latitude":"-7.5280","longitude":"-136.2628"},"timezone":{"offset":"-5:00","description":"Eastern Time (US &amp; Canada), Bogota, Lima"}},"email":"austin.hayes@example.com","login":{"uuid":"1644010d-e394-498c-a1c2-12736ece6e2c","username":"silverdog201","password":"basketba","salt":"5nMsLFU4","md5":"91aac3efb4fddd18918ea775cdfcc1cf","sha1":"9e0b5597eaa2a998180b8e2034f480c204754968","sha256":"7a5dfb66137d64bf3f7348fa3994122f76be179780837bfd35c808e524083a2e"},"dob":{"date":"1954-01-09T15:41:07.638Z","age":70},"registered":{"date":"2011-07-30T23:23:51.034Z","age":12},"phone":"017683 05787","cell":"07128 763197","id":{"name":"NINO","value":"LN 09 48 06 B"},"picture":{"large":"https://randomuser.me/api/portraits/men/24.jpg","medium":"https://randomuser.me/api/portraits/med/men/24.jpg","thumbnail":"https://randomuser.me/api/portraits/thumb/men/24.jpg"},"nat":"GB"}],"info":{"seed":"5dd8676b1d9d7002","results":1,"page":1,"version":"1.4"}} 
 </msg>
<msg time="2024-06-10T23:15:09.848464" level="INFO">/opt/hostedtoolcache/Python/3.12.3/x64/lib/python3.12/site-packages/urllib3/connectionpool.py:1103: InsecureRequestWarning: Unverified HTTPS request is being made to host 'randomuser.me'. Adding certificate verification is strongly advised. See: https://urllib3.readthedocs.io/en/latest/advanced-usage.html#tls-warnings
  warnings.warn(</msg>
<msg time="2024-06-10T23:15:09.848620" level="INFO">${response} = &lt;Response [200]&gt;</msg>
<var>${response}</var>
<arg>consultarAPI</arg>
<arg>/api</arg>
<doc>Sends a GET request on a previously created HTTP Session.</doc>
<status status="PASS" start="2024-06-10T23:15:09.648425" elapsed="0.200238"/>
</kw>
<kw name="Should Be Equal As Numbers" owner="BuiltIn">
<msg time="2024-06-10T23:15:09.849815" level="INFO">Argument types are:
&lt;class 'int'&gt;
&lt;class 'str'&gt;</msg>
<arg>${response.status_code}</arg>
<arg>200</arg>
<doc>Fails if objects are unequal after converting them to real numbers.</doc>
<status status="PASS" start="2024-06-10T23:15:09.849332" elapsed="0.000552"/>
</kw>
<kw name="Log" owner="BuiltIn">
<msg time="2024-06-10T23:15:09.850637" level="INFO">200</msg>
<arg>${response.status_code}</arg>
<doc>Logs the given message with the given level.</doc>
<status status="PASS" start="2024-06-10T23:15:09.850262" elapsed="0.000424"/>
</kw>
<kw name="Set Variable" owner="BuiltIn">
<msg time="2024-06-10T23:15:09.851475" level="INFO">${json_data} = {'results': [{'gender': 'male', 'name': {'title': 'Mr', 'first': 'Austin', 'last': 'Hayes'}, 'location': {'street': {'number': 2556, 'name': 'Alexander Road'}, 'city': 'Bradford', 'state': 'Bedfordshi...</msg>
<var>${json_data}</var>
<arg>${response.json()}</arg>
<doc>Returns the given values which can then be assigned to a variables.</doc>
<status status="PASS" start="2024-06-10T23:15:09.851003" elapsed="0.000505"/>
</kw>
<kw name="Dictionary Should Contain Key" owner="Collections">
<arg>${json_data}</arg>
<arg>results</arg>
<doc>Fails if ``key`` is not found from ``dictionary``.</doc>
<status status="PASS" start="2024-06-10T23:15:09.851819" elapsed="0.000165"/>
</kw>
<status status="PASS" start="2024-06-10T23:15:09.648175" elapsed="0.203969"/>
</kw>
<doc>Testa se a API responde corretamente e retorna um objeto JSON válido.</doc>
<tag>testeRequisicaoBasica</tag>
<status status="PASS" start="2024-06-10T23:15:09.647703" elapsed="0.204621"/>
</test>
<test id="s1-s1-t3" name="Validar estrutura de resposta" line="22">
<kw name="Teste de Estrutura de Resposta" owner="random-user-service">
<kw name="GET On Session" owner="RequestsLibrary">
<msg time="2024-06-10T23:15:09.955301" level="INFO">GET Request : url=https://randomuser.me/api 
 path_url=/api 
 headers={'User-Agent': 'python-requests/2.32.3', 'Accept-Encoding': 'gzip, deflate', 'Accept': '*/*', 'Connection': 'keep-alive'} 
 body=None 
 </msg>
<msg time="2024-06-10T23:15:09.955410" level="INFO">GET Response : url=https://randomuser.me/api 
 status=200, reason=OK 
 headers={'Date': 'Mon, 10 Jun 2024 23:15:09 GMT', 'Content-Type': 'application/json; charset=utf-8', 'Transfer-Encoding': 'chunked', 'Connection': 'keep-alive', 'X-Powered-By': 'Express', 'Access-Control-Allow-Origin': '*', 'Cache-Control': 'no-cache', 'ETag': 'W/"4a4-fM7xg0RHnzPqR7pD1usAYB7DyPA"', 'Vary': 'Accept-Encoding', 'Content-Encoding': 'gzip', 'CF-Cache-Status': 'DYNAMIC', 'Report-To': '{"endpoints":[{"url":"https:\\/\\/a.nel.cloudflare.com\\/report\\/v4?s=s3AhY3X2QLnnUCh2wuwo73XQ%2FIG5ARTJearraNftTzTejgSsTm2f%2F6OO4ImfNY9o1Tqpn%2FFjYAbX2YbYSO%2B9MCEqef5IfMxqLnWysb%2F5zXyBONF2qfqwHVMhrRdQ6%2Fvm"}],"group":"cf-nel","max_age":604800}', 'NEL': '{"success_fraction":0,"report_to":"cf-nel","max_age":604800}', 'Server': 'cloudflare', 'CF-RAY': '891d0fd29d2d2232-ORD', 'alt-svc': 'h3=":443"; ma=86400'} 
 body={"results":[{"gender":"female","name":{"title":"Miss","first":"Darlene","last":"Murray"},"location":{"street":{"number":7501,"name":"Oak Lawn Ave"},"city":"Hervey Bay","state":"Northern Territory","country":"Australia","postcode":3179,"coordinates":{"latitude":"-84.0162","longitude":"170.4687"},"timezone":{"offset":"+1:00","description":"Brussels, Copenhagen, Madrid, Paris"}},"email":"darlene.murray@example.com","login":{"uuid":"3a17c975-cbbb-4f21-acde-d956c816a65a","username":"tinysnake616","password":"sterling","salt":"TTQ9lflU","md5":"078d60b3520cd20d85af501de52d02b3","sha1":"1e3402ad41c6c3b47a44fb2072268dec292224df","sha256":"fa201a678f02790242be890a387bd2c78cacb144fb9cb115e1c6771865857c08"},"dob":{"date":"1964-05-27T04:32:49.931Z","age":60},"registered":{"date":"2010-08-10T18:29:35.811Z","age":13},"phone":"05-1363-3646","cell":"0481-329-670","id":{"name":"TFN","value":"431491089"},"picture":{"large":"https://randomuser.me/api/portraits/women/77.jpg","medium":"https://randomuser.me/api/portraits/med/women/77.jpg","thumbnail":"https://randomuser.me/api/portraits/thumb/women/77.jpg"},"nat":"AU"}],"info":{"seed":"d94c1d102bdc25d0","results":1,"page":1,"version":"1.4"}} 
 </msg>
<msg time="2024-06-10T23:15:09.955591" level="INFO">/opt/hostedtoolcache/Python/3.12.3/x64/lib/python3.12/site-packages/urllib3/connectionpool.py:1103: InsecureRequestWarning: Unverified HTTPS request is being made to host 'randomuser.me'. Adding certificate verification is strongly advised. See: https://urllib3.readthedocs.io/en/latest/advanced-usage.html#tls-warnings
  warnings.warn(</msg>
<msg time="2024-06-10T23:15:09.955724" level="INFO">${response} = &lt;Response [200]&gt;</msg>
<var>${response}</var>
<arg>consultarAPI</arg>
<arg>/api</arg>
<doc>Sends a GET request on a previously created HTTP Session.</doc>
<status status="PASS" start="2024-06-10T23:15:09.855056" elapsed="0.100713"/>
</kw>
<kw name="Set Variable" owner="BuiltIn">
<msg time="2024-06-10T23:15:09.957001" level="INFO">${json_data} = {'results': [{'gender': 'female', 'name': {'title': 'Miss', 'first': 'Darlene', 'last': 'Murray'}, 'location': {'street': {'number': 7501, 'name': 'Oak Lawn Ave'}, 'city': 'Hervey Bay', 'state': 'Nort...</msg>
<var>${json_data}</var>
<arg>${response.json()}</arg>
<doc>Returns the given values which can then be assigned to a variables.</doc>
<status status="PASS" start="2024-06-10T23:15:09.956397" elapsed="0.000633"/>
</kw>
<kw name="Log" owner="BuiltIn">
<msg time="2024-06-10T23:15:09.957501" level="INFO">{'results': [{'gender': 'female', 'name': {'title': 'Miss', 'first': 'Darlene', 'last': 'Murray'}, 'location': {'street': {'number': 7501, 'name': 'Oak Lawn Ave'}, 'city': 'Hervey Bay', 'state': 'Northern Territory', 'country': 'Australia', 'postcode': 3179, 'coordinates': {'latitude': '-84.0162', 'longitude': '170.4687'}, 'timezone': {'offset': '+1:00', 'description': 'Brussels, Copenhagen, Madrid, Paris'}}, 'email': 'darlene.murray@example.com', 'login': {'uuid': '3a17c975-cbbb-4f21-acde-d956c816a65a', 'username': 'tinysnake616', 'password': 'sterling', 'salt': 'TTQ9lflU', 'md5': '078d60b3520cd20d85af501de52d02b3', 'sha1': '1e3402ad41c6c3b47a44fb2072268dec292224df', 'sha256': 'fa201a678f02790242be890a387bd2c78cacb144fb9cb115e1c6771865857c08'}, 'dob': {'date': '1964-05-27T04:32:49.931Z', 'age': 60}, 'registered': {'date': '2010-08-10T18:29:35.811Z', 'age': 13}, 'phone': '05-1363-3646', 'cell': '0481-329-670', 'id': {'name': 'TFN', 'value': '431491089'}, 'picture': {'large': 'https://randomuser.me/api/portraits/women/77.jpg', 'medium': 'https://randomuser.me/api/portraits/med/women/77.jpg', 'thumbnail': 'https://randomuser.me/api/portraits/thumb/women/77.jpg'}, 'nat': 'AU'}], 'info': {'seed': 'd94c1d102bdc25d0', 'results': 1, 'page': 1, 'version': '1.4'}}</msg>
<arg>${json_data}</arg>
<doc>Logs the given message with the given level.</doc>
<status status="PASS" start="2024-06-10T23:15:09.957340" elapsed="0.000215"/>
</kw>
<kw name="Dictionary Should Contain Key" owner="Collections">
<arg>${json_data}</arg>
<arg>results</arg>
<doc>Fails if ``key`` is not found from ``dictionary``.</doc>
<status status="PASS" start="2024-06-10T23:15:09.957850" elapsed="0.000158"/>
</kw>
<kw name="Should Not Be Empty" owner="BuiltIn">
<msg time="2024-06-10T23:15:09.958323" level="INFO">Length is 2.</msg>
<arg>${json_data}</arg>
<doc>Verifies that the given item is not empty.</doc>
<status status="PASS" start="2024-06-10T23:15:09.958192" elapsed="0.000170"/>
</kw>
<kw name="Create List" owner="BuiltIn">
<msg time="2024-06-10T23:15:09.958801" level="INFO">${expected_keys} = ['gender', 'name', 'location', 'email', 'login']</msg>
<var>${expected_keys}</var>
<arg>gender</arg>
<arg>name</arg>
<arg>location</arg>
<arg>email</arg>
<arg>login</arg>
<doc>Returns a list containing given items.</doc>
<status status="PASS" start="2024-06-10T23:15:09.958653" elapsed="0.000172"/>
</kw>
<for flavor="IN">
<iter>
<kw name="Dictionary Should Contain Key" owner="Collections">
<arg>${json_data['results'][0]}</arg>
<arg>${key}</arg>
<doc>Fails if ``key`` is not found from ``dictionary``.</doc>
<status status="PASS" start="2024-06-10T23:15:09.959668" elapsed="0.000424"/>
</kw>
<kw name="Log" owner="BuiltIn">
<msg time="2024-06-10T23:15:09.960676" level="INFO">{'gender': 'female', 'name': {'title': 'Miss', 'first': 'Darlene', 'last': 'Murray'}, 'location': {'street': {'number': 7501, 'name': 'Oak Lawn Ave'}, 'city': 'Hervey Bay', 'state': 'Northern Territory', 'country': 'Australia', 'postcode': 3179, 'coordinates': {'latitude': '-84.0162', 'longitude': '170.4687'}, 'timezone': {'offset': '+1:00', 'description': 'Brussels, Copenhagen, Madrid, Paris'}}, 'email': 'darlene.murray@example.com', 'login': {'uuid': '3a17c975-cbbb-4f21-acde-d956c816a65a', 'username': 'tinysnake616', 'password': 'sterling', 'salt': 'TTQ9lflU', 'md5': '078d60b3520cd20d85af501de52d02b3', 'sha1': '1e3402ad41c6c3b47a44fb2072268dec292224df', 'sha256': 'fa201a678f02790242be890a387bd2c78cacb144fb9cb115e1c6771865857c08'}, 'dob': {'date': '1964-05-27T04:32:49.931Z', 'age': 60}, 'registered': {'date': '2010-08-10T18:29:35.811Z', 'age': 13}, 'phone': '05-1363-3646', 'cell': '0481-329-670', 'id': {'name': 'TFN', 'value': '431491089'}, 'picture': {'large': 'https://randomuser.me/api/portraits/women/77.jpg', 'medium': 'https://randomuser.me/api/portraits/med/women/77.jpg', 'thumbnail': 'https://randomuser.me/api/portraits/thumb/women/77.jpg'}, 'nat': 'AU'}</msg>
<arg>${json_data['results'][0]}</arg>
<doc>Logs the given message with the given level.</doc>
<status status="PASS" start="2024-06-10T23:15:09.960311" elapsed="0.000414"/>
</kw>
<kw name="Log" owner="BuiltIn">
<msg time="2024-06-10T23:15:09.961147" level="INFO">gender</msg>
<arg>${key}</arg>
<doc>Logs the given message with the given level.</doc>
<status status="PASS" start="2024-06-10T23:15:09.961020" elapsed="0.000164"/>
</kw>
<var name="${key}">gender</var>
<status status="PASS" start="2024-06-10T23:15:09.959509" elapsed="0.001893"/>
</iter>
<iter>
<kw name="Dictionary Should Contain Key" owner="Collections">
<arg>${json_data['results'][0]}</arg>
<arg>${key}</arg>
<doc>Fails if ``key`` is not found from ``dictionary``.</doc>
<status status="PASS" start="2024-06-10T23:15:09.961701" elapsed="0.000381"/>
</kw>
<kw name="Log" owner="BuiltIn">
<msg time="2024-06-10T23:15:09.962657" level="INFO">{'gender': 'female', 'name': {'title': 'Miss', 'first': 'Darlene', 'last': 'Murray'}, 'location': {'street': {'number': 7501, 'name': 'Oak Lawn Ave'}, 'city': 'Hervey Bay', 'state': 'Northern Territory', 'country': 'Australia', 'postcode': 3179, 'coordinates': {'latitude': '-84.0162', 'longitude': '170.4687'}, 'timezone': {'offset': '+1:00', 'description': 'Brussels, Copenhagen, Madrid, Paris'}}, 'email': 'darlene.murray@example.com', 'login': {'uuid': '3a17c975-cbbb-4f21-acde-d956c816a65a', 'username': 'tinysnake616', 'password': 'sterling', 'salt': 'TTQ9lflU', 'md5': '078d60b3520cd20d85af501de52d02b3', 'sha1': '1e3402ad41c6c3b47a44fb2072268dec292224df', 'sha256': 'fa201a678f02790242be890a387bd2c78cacb144fb9cb115e1c6771865857c08'}, 'dob': {'date': '1964-05-27T04:32:49.931Z', 'age': 60}, 'registered': {'date': '2010-08-10T18:29:35.811Z', 'age': 13}, 'phone': '05-1363-3646', 'cell': '0481-329-670', 'id': {'name': 'TFN', 'value': '431491089'}, 'picture': {'large': 'https://randomuser.me/api/portraits/women/77.jpg', 'medium': 'https://randomuser.me/api/portraits/med/women/77.jpg', 'thumbnail': 'https://randomuser.me/api/portraits/thumb/women/77.jpg'}, 'nat': 'AU'}</msg>
<arg>${json_data['results'][0]}</arg>
<doc>Logs the given message with the given level.</doc>
<status status="PASS" start="2024-06-10T23:15:09.962271" elapsed="0.000434"/>
</kw>
<kw name="Log" owner="BuiltIn">
<msg time="2024-06-10T23:15:09.963128" level="INFO">name</msg>
<arg>${key}</arg>
<doc>Logs the given message with the given level.</doc>
<status status="PASS" start="2024-06-10T23:15:09.963001" elapsed="0.000165"/>
</kw>
<var name="${key}">name</var>
<status status="PASS" start="2024-06-10T23:15:09.961588" elapsed="0.001802"/>
</iter>
<iter>
<kw name="Dictionary Should Contain Key" owner="Collections">
<arg>${json_data['results'][0]}</arg>
<arg>${key}</arg>
<doc>Fails if ``key`` is not found from ``dictionary``.</doc>
<status status="PASS" start="2024-06-10T23:15:09.963718" elapsed="0.000382"/>
</kw>
<kw name="Log" owner="BuiltIn">
<msg time="2024-06-10T23:15:09.964624" level="INFO">{'gender': 'female', 'name': {'title': 'Miss', 'first': 'Darlene', 'last': 'Murray'}, 'location': {'street': {'number': 7501, 'name': 'Oak Lawn Ave'}, 'city': 'Hervey Bay', 'state': 'Northern Territory', 'country': 'Australia', 'postcode': 3179, 'coordinates': {'latitude': '-84.0162', 'longitude': '170.4687'}, 'timezone': {'offset': '+1:00', 'description': 'Brussels, Copenhagen, Madrid, Paris'}}, 'email': 'darlene.murray@example.com', 'login': {'uuid': '3a17c975-cbbb-4f21-acde-d956c816a65a', 'username': 'tinysnake616', 'password': 'sterling', 'salt': 'TTQ9lflU', 'md5': '078d60b3520cd20d85af501de52d02b3', 'sha1': '1e3402ad41c6c3b47a44fb2072268dec292224df', 'sha256': 'fa201a678f02790242be890a387bd2c78cacb144fb9cb115e1c6771865857c08'}, 'dob': {'date': '1964-05-27T04:32:49.931Z', 'age': 60}, 'registered': {'date': '2010-08-10T18:29:35.811Z', 'age': 13}, 'phone': '05-1363-3646', 'cell': '0481-329-670', 'id': {'name': 'TFN', 'value': '431491089'}, 'picture': {'large': 'https://randomuser.me/api/portraits/women/77.jpg', 'medium': 'https://randomuser.me/api/portraits/med/women/77.jpg', 'thumbnail': 'https://randomuser.me/api/portraits/thumb/women/77.jpg'}, 'nat': 'AU'}</msg>
<arg>${json_data['results'][0]}</arg>
<doc>Logs the given message with the given level.</doc>
<status status="PASS" start="2024-06-10T23:15:09.964281" elapsed="0.000393"/>
</kw>
<kw name="Log" owner="BuiltIn">
<msg time="2024-06-10T23:15:09.965092" level="INFO">location</msg>
<arg>${key}</arg>
<doc>Logs the given message with the given level.</doc>
<status status="PASS" start="2024-06-10T23:15:09.964967" elapsed="0.000162"/>
</kw>
<var name="${key}">location</var>
<status status="PASS" start="2024-06-10T23:15:09.963609" elapsed="0.001734"/>
</iter>
<iter>
<kw name="Dictionary Should Contain Key" owner="Collections">
<arg>${json_data['results'][0]}</arg>
<arg>${key}</arg>
<doc>Fails if ``key`` is not found from ``dictionary``.</doc>
<status status="PASS" start="2024-06-10T23:15:09.965620" elapsed="0.000403"/>
</kw>
<kw name="Log" owner="BuiltIn">
<msg time="2024-06-10T23:15:09.966559" level="INFO">{'gender': 'female', 'name': {'title': 'Miss', 'first': 'Darlene', 'last': 'Murray'}, 'location': {'street': {'number': 7501, 'name': 'Oak Lawn Ave'}, 'city': 'Hervey Bay', 'state': 'Northern Territory', 'country': 'Australia', 'postcode': 3179, 'coordinates': {'latitude': '-84.0162', 'longitude': '170.4687'}, 'timezone': {'offset': '+1:00', 'description': 'Brussels, Copenhagen, Madrid, Paris'}}, 'email': 'darlene.murray@example.com', 'login': {'uuid': '3a17c975-cbbb-4f21-acde-d956c816a65a', 'username': 'tinysnake616', 'password': 'sterling', 'salt': 'TTQ9lflU', 'md5': '078d60b3520cd20d85af501de52d02b3', 'sha1': '1e3402ad41c6c3b47a44fb2072268dec292224df', 'sha256': 'fa201a678f02790242be890a387bd2c78cacb144fb9cb115e1c6771865857c08'}, 'dob': {'date': '1964-05-27T04:32:49.931Z', 'age': 60}, 'registered': {'date': '2010-08-10T18:29:35.811Z', 'age': 13}, 'phone': '05-1363-3646', 'cell': '0481-329-670', 'id': {'name': 'TFN', 'value': '431491089'}, 'picture': {'large': 'https://randomuser.me/api/portraits/women/77.jpg', 'medium': 'https://randomuser.me/api/portraits/med/women/77.jpg', 'thumbnail': 'https://randomuser.me/api/portraits/thumb/women/77.jpg'}, 'nat': 'AU'}</msg>
<arg>${json_data['results'][0]}</arg>
<doc>Logs the given message with the given level.</doc>
<status status="PASS" start="2024-06-10T23:15:09.966210" elapsed="0.000396"/>
</kw>
<kw name="Log" owner="BuiltIn">
<msg time="2024-06-10T23:15:09.967027" level="INFO">email</msg>
<arg>${key}</arg>
<doc>Logs the given message with the given level.</doc>
<status status="PASS" start="2024-06-10T23:15:09.966900" elapsed="0.000164"/>
</kw>
<var name="${key}">email</var>
<status status="PASS" start="2024-06-10T23:15:09.965514" elapsed="0.001767"/>
</iter>
<iter>
<kw name="Dictionary Should Contain Key" owner="Collections">
<arg>${json_data['results'][0]}</arg>
<arg>${key}</arg>
<doc>Fails if ``key`` is not found from ``dictionary``.</doc>
<status status="PASS" start="2024-06-10T23:15:09.967594" elapsed="0.000396"/>
</kw>
<kw name="Log" owner="BuiltIn">
<msg time="2024-06-10T23:15:09.968513" level="INFO">{'gender': 'female', 'name': {'title': 'Miss', 'first': 'Darlene', 'last': 'Murray'}, 'location': {'street': {'number': 7501, 'name': 'Oak Lawn Ave'}, 'city': 'Hervey Bay', 'state': 'Northern Territory', 'country': 'Australia', 'postcode': 3179, 'coordinates': {'latitude': '-84.0162', 'longitude': '170.4687'}, 'timezone': {'offset': '+1:00', 'description': 'Brussels, Copenhagen, Madrid, Paris'}}, 'email': 'darlene.murray@example.com', 'login': {'uuid': '3a17c975-cbbb-4f21-acde-d956c816a65a', 'username': 'tinysnake616', 'password': 'sterling', 'salt': 'TTQ9lflU', 'md5': '078d60b3520cd20d85af501de52d02b3', 'sha1': '1e3402ad41c6c3b47a44fb2072268dec292224df', 'sha256': 'fa201a678f02790242be890a387bd2c78cacb144fb9cb115e1c6771865857c08'}, 'dob': {'date': '1964-05-27T04:32:49.931Z', 'age': 60}, 'registered': {'date': '2010-08-10T18:29:35.811Z', 'age': 13}, 'phone': '05-1363-3646', 'cell': '0481-329-670', 'id': {'name': 'TFN', 'value': '431491089'}, 'picture': {'large': 'https://randomuser.me/api/portraits/women/77.jpg', 'medium': 'https://randomuser.me/api/portraits/med/women/77.jpg', 'thumbnail': 'https://randomuser.me/api/portraits/thumb/women/77.jpg'}, 'nat': 'AU'}</msg>
<arg>${json_data['results'][0]}</arg>
<doc>Logs the given message with the given level.</doc>
<status status="PASS" start="2024-06-10T23:15:09.968169" elapsed="0.000390"/>
</kw>
<kw name="Log" owner="BuiltIn">
<msg time="2024-06-10T23:15:09.968992" level="INFO">login</msg>
<arg>${key}</arg>
<doc>Logs the given message with the given level.</doc>
<status status="PASS" start="2024-06-10T23:15:09.968866" elapsed="0.000178"/>
</kw>
<var name="${key}">login</var>
<status status="PASS" start="2024-06-10T23:15:09.967482" elapsed="0.001782"/>
</iter>
<var>${key}</var>
<value>@{expected_keys}</value>
<status status="PASS" start="2024-06-10T23:15:09.959254" elapsed="0.010131"/>
</for>
<kw name="Create List" owner="BuiltIn">
<msg time="2024-06-10T23:15:09.969782" level="INFO">${expected_keysTwo} = ['username', 'password']</msg>
<var>${expected_keysTwo}</var>
<arg>username</arg>
<arg>password</arg>
<doc>Returns a list containing given items.</doc>
<status status="PASS" start="2024-06-10T23:15:09.969636" elapsed="0.000171"/>
</kw>
<for flavor="IN">
<iter>
<kw name="Dictionary Should Contain Key" owner="Collections">
<arg>${json_data['results'][0]['login']}</arg>
<arg>${keyTwo}</arg>
<doc>Fails if ``key`` is not found from ``dictionary``.</doc>
<status status="PASS" start="2024-06-10T23:15:09.970319" elapsed="0.000393"/>
</kw>
<kw name="Dictionary Should Contain Key" owner="Collections">
<arg>${json_data['results'][0]['login']}</arg>
<arg>${keyTwo}</arg>
<doc>Fails if ``key`` is not found from ``dictionary``.</doc>
<status status="PASS" start="2024-06-10T23:15:09.970892" elapsed="0.000372"/>
</kw>
<kw name="Log" owner="BuiltIn">
<msg time="2024-06-10T23:15:09.971597" level="INFO">username</msg>
<arg>${keyTwo}</arg>
<doc>Logs the given message with the given level.</doc>
<status status="PASS" start="2024-06-10T23:15:09.971469" elapsed="0.000168"/>
</kw>
<var name="${keyTwo}">username</var>
<status status="PASS" start="2024-06-10T23:15:09.970202" elapsed="0.001659"/>
</iter>
<iter>
<kw name="Dictionary Should Contain Key" owner="Collections">
<arg>${json_data['results'][0]['login']}</arg>
<arg>${keyTwo}</arg>
<doc>Fails if ``key`` is not found from ``dictionary``.</doc>
<status status="PASS" start="2024-06-10T23:15:09.972147" elapsed="0.000381"/>
</kw>
<kw name="Dictionary Should Contain Key" owner="Collections">
<arg>${json_data['results'][0]['login']}</arg>
<arg>${keyTwo}</arg>
<doc>Fails if ``key`` is not found from ``dictionary``.</doc>
<status status="PASS" start="2024-06-10T23:15:09.972705" elapsed="0.000362"/>
</kw>
<kw name="Log" owner="BuiltIn">
<msg time="2024-06-10T23:15:09.973356" level="INFO">password</msg>
<arg>${keyTwo}</arg>
<doc>Logs the given message with the given level.</doc>
<status status="PASS" start="2024-06-10T23:15:09.973241" elapsed="0.000151"/>
</kw>
<var name="${keyTwo}">password</var>
<status status="PASS" start="2024-06-10T23:15:09.972041" elapsed="0.001566"/>
</iter>
<var>${keyTwo}</var>
<value>@{expected_keysTwo}</value>
<status status="PASS" start="2024-06-10T23:15:09.970045" elapsed="0.003681"/>
</for>
<status status="PASS" start="2024-06-10T23:15:09.854807" elapsed="0.119059"/>
</kw>
<doc>Testa a estrutura da resposta da API.</doc>
<tag>testeEstruturaResposta</tag>
<status status="PASS" start="2024-06-10T23:15:09.854193" elapsed="0.119834"/>
</test>
<test id="s1-s1-t4" name="Validar tipos de dados" line="28">
<kw name="Teste de Tipos de Dados" owner="random-user-service">
<kw name="GET On Session" owner="RequestsLibrary">
<msg time="2024-06-10T23:15:10.113214" level="INFO">GET Request : url=https://randomuser.me/api 
 path_url=/api 
 headers={'User-Agent': 'python-requests/2.32.3', 'Accept-Encoding': 'gzip, deflate', 'Accept': '*/*', 'Connection': 'keep-alive'} 
 body=None 
 </msg>
<msg time="2024-06-10T23:15:10.113326" level="INFO">GET Response : url=https://randomuser.me/api 
 status=200, reason=OK 
 headers={'Date': 'Mon, 10 Jun 2024 23:15:10 GMT', 'Content-Type': 'application/json; charset=utf-8', 'Transfer-Encoding': 'chunked', 'Connection': 'keep-alive', 'X-Powered-By': 'Express', 'Access-Control-Allow-Origin': '*', 'Cache-Control': 'no-cache', 'ETag': 'W/"47b-B6/098y7+FTxlB7nleNqJ3okcJU"', 'Vary': 'Accept-Encoding', 'Content-Encoding': 'gzip', 'CF-Cache-Status': 'DYNAMIC', 'Report-To': '{"endpoints":[{"url":"https:\\/\\/a.nel.cloudflare.com\\/report\\/v4?s=ZGMuWijES6ZTu0L9BgkOVdaYx5XX%2FCoT2D6%2BTHmqWpf%2F%2FJtXdDGbLSxJ0Lew50DlPqMX5h0o0twTNmA%2FKV7a%2FsNdU%2FoA8aN4rnkQ27V2HWKWOkl%2Bu0mWTkPhlGO7wj9P"}],"group":"cf-nel","max_age":604800}', 'NEL': '{"success_fraction":0,"report_to":"cf-nel","max_age":604800}', 'Server': 'cloudflare', 'CF-RAY': '891d0fd35e412232-ORD', 'alt-svc': 'h3=":443"; ma=86400'} 
 body={"results":[{"gender":"female","name":{"title":"Ms","first":"Sadie","last":"Robinson"},"location":{"street":{"number":9241,"name":"Emerson Street"},"city":"Whangarei","state":"Taranaki","country":"New Zealand","postcode":28724,"coordinates":{"latitude":"49.0197","longitude":"137.5810"},"timezone":{"offset":"+3:30","description":"Tehran"}},"email":"sadie.robinson@example.com","login":{"uuid":"d9b9e3fb-3c49-4f03-bd80-9961dda5821c","username":"angrymeercat615","password":"kristine","salt":"UrL9dnE1","md5":"c41265316fd84737b08b19e5ac488cff","sha1":"d693a4f829f32cbbe48b67578f8a737237ed3b7e","sha256":"f8e3ae9bec4ea993788d3922ec9087cd3c8d582423424db57677d2d3d42352a9"},"dob":{"date":"1969-04-15T16:22:55.801Z","age":55},"registered":{"date":"2004-07-21T04:53:12.008Z","age":19},"phone":"(863)-510-8525","cell":"(948)-369-0468","id":{"name":"","value":null},"picture":{"large":"https://randomuser.me/api/portraits/women/82.jpg","medium":"https://randomuser.me/api/portraits/med/women/82.jpg","thumbnail":"https://randomuser.me/api/portraits/thumb/women/82.jpg"},"nat":"NZ"}],"info":{"seed":"d70fe6c164bc6415","results":1,"page":1,"version":"1.4"}} 
 </msg>
<msg time="2024-06-10T23:15:10.113411" level="INFO">/opt/hostedtoolcache/Python/3.12.3/x64/lib/python3.12/site-packages/urllib3/connectionpool.py:1103: InsecureRequestWarning: Unverified HTTPS request is being made to host 'randomuser.me'. Adding certificate verification is strongly advised. See: https://urllib3.readthedocs.io/en/latest/advanced-usage.html#tls-warnings
  warnings.warn(</msg>
<msg time="2024-06-10T23:15:10.113555" level="INFO">${response} = &lt;Response [200]&gt;</msg>
<var>${response}</var>
<arg>consultarAPI</arg>
<arg>/api</arg>
<doc>Sends a GET request on a previously created HTTP Session.</doc>
<status status="PASS" start="2024-06-10T23:15:09.976735" elapsed="0.136869"/>
</kw>
<kw name="Set Variable" owner="BuiltIn">
<msg time="2024-06-10T23:15:10.114845" level="INFO">${json_data} = {'results': [{'gender': 'female', 'name': {'title': 'Ms', 'first': 'Sadie', 'last': 'Robinson'}, 'location': {'street': {'number': 9241, 'name': 'Emerson Street'}, 'city': 'Whangarei', 'state': 'Taran...</msg>
<var>${json_data}</var>
<arg>${response.json()}</arg>
<doc>Returns the given values which can then be assigned to a variables.</doc>
<status status="PASS" start="2024-06-10T23:15:10.114251" elapsed="0.000623"/>
</kw>
<kw name="Log" owner="BuiltIn">
<msg time="2024-06-10T23:15:10.115339" level="INFO">{'results': [{'gender': 'female', 'name': {'title': 'Ms', 'first': 'Sadie', 'last': 'Robinson'}, 'location': {'street': {'number': 9241, 'name': 'Emerson Street'}, 'city': 'Whangarei', 'state': 'Taranaki', 'country': 'New Zealand', 'postcode': 28724, 'coordinates': {'latitude': '49.0197', 'longitude': '137.5810'}, 'timezone': {'offset': '+3:30', 'description': 'Tehran'}}, 'email': 'sadie.robinson@example.com', 'login': {'uuid': 'd9b9e3fb-3c49-4f03-bd80-9961dda5821c', 'username': 'angrymeercat615', 'password': 'kristine', 'salt': 'UrL9dnE1', 'md5': 'c41265316fd84737b08b19e5ac488cff', 'sha1': 'd693a4f829f32cbbe48b67578f8a737237ed3b7e', 'sha256': 'f8e3ae9bec4ea993788d3922ec9087cd3c8d582423424db57677d2d3d42352a9'}, 'dob': {'date': '1969-04-15T16:22:55.801Z', 'age': 55}, 'registered': {'date': '2004-07-21T04:53:12.008Z', 'age': 19}, 'phone': '(863)-510-8525', 'cell': '(948)-369-0468', 'id': {'name': '', 'value': None}, 'picture': {'large': 'https://randomuser.me/api/portraits/women/82.jpg', 'medium': 'https://randomuser.me/api/portraits/med/women/82.jpg', 'thumbnail': 'https://randomuser.me/api/portraits/thumb/women/82.jpg'}, 'nat': 'NZ'}], 'info': {'seed': 'd70fe6c164bc6415', 'results': 1, 'page': 1, 'version': '1.4'}}</msg>
<arg>${json_data}</arg>
<doc>Logs the given message with the given level.</doc>
<status status="PASS" start="2024-06-10T23:15:10.115184" elapsed="0.000201"/>
</kw>
<kw name="Should Be String" owner="String">
<arg>${json_data['results'][0]['gender']}</arg>
<doc>Fails if the given ``item`` is not a string.</doc>
<status status="PASS" start="2024-06-10T23:15:10.115734" elapsed="0.000364"/>
</kw>
<kw name="Should Match Regexp" owner="BuiltIn">
<arg>${json_data['results'][0]['email']}</arg>
<arg>^[a-zA-Z0-9._%+-]+@[a-zA-Z0-9.-]+\.[a-zA-Z]{2,}$</arg>
<doc>Fails if ``string`` does not match ``pattern`` as a regular expression.</doc>
<status status="PASS" start="2024-06-10T23:15:10.116345" elapsed="0.000523"/>
</kw>
<kw name="Should Match Regexp" owner="BuiltIn">
<arg>${json_data['results'][0]['dob']['date']}</arg>
<arg>\\d{4}-\\d{2}-\\d{2}T\\d{2}:\\d{2}:\\d{2}\\.\\d{3}Z</arg>
<doc>Fails if ``string`` does not match ``pattern`` as a regular expression.</doc>
<status status="PASS" start="2024-06-10T23:15:10.117062" elapsed="0.000507"/>
</kw>
<kw name="Should Match Regexp" owner="BuiltIn">
<arg>${json_data['results'][0]['registered']['date']}</arg>
<arg>\\d{4}-\\d{2}-\\d{2}T\\d{2}:\\d{2}:\\d{2}\\.\\d{3}Z</arg>
<doc>Fails if ``string`` does not match ``pattern`` as a regular expression.</doc>
<status status="PASS" start="2024-06-10T23:15:10.117762" elapsed="0.000368"/>
</kw>
<kw name="Should Match Regexp" owner="BuiltIn">
<arg>${json_data['results'][0]['picture']['large']}</arg>
<arg>^https?://.*\.(?:png|jpe?g|gif|bmp)$</arg>
<doc>Fails if ``string`` does not match ``pattern`` as a regular expression.</doc>
<status status="PASS" start="2024-06-10T23:15:10.118314" elapsed="0.000463"/>
</kw>
<kw name="Should Match Regexp" owner="BuiltIn">
<arg>${json_data['results'][0]['picture']['medium']}</arg>
<arg>^https?://.*\.(?:png|jpe?g|gif|bmp)$</arg>
<doc>Fails if ``string`` does not match ``pattern`` as a regular expression.</doc>
<status status="PASS" start="2024-06-10T23:15:10.118964" elapsed="0.000357"/>
</kw>
<kw name="Should Match Regexp" owner="BuiltIn">
<arg>${json_data['results'][0]['picture']['thumbnail']}</arg>
<arg>^https?://.*\.(?:png|jpe?g|gif|bmp)$</arg>
<doc>Fails if ``string`` does not match ``pattern`` as a regular expression.</doc>
<status status="PASS" start="2024-06-10T23:15:10.119532" elapsed="0.000351"/>
</kw>
<kw name="Log" owner="BuiltIn">
<msg time="2024-06-10T23:15:10.120394" level="INFO">{'large': 'https://randomuser.me/api/portraits/women/82.jpg', 'medium': 'https://randomuser.me/api/portraits/med/women/82.jpg', 'thumbnail': 'https://randomuser.me/api/portraits/thumb/women/82.jpg'}</msg>
<arg>${json_data['results'][0]['picture']}</arg>
<doc>Logs the given message with the given level.</doc>
<status status="PASS" start="2024-06-10T23:15:10.120062" elapsed="0.000374"/>
</kw>
<status status="PASS" start="2024-06-10T23:15:09.976503" elapsed="0.144195"/>
</kw>
<kw name="Teste de Tipos de Dados - Postcode" owner="random-user-service">
<kw name="GET On Session" owner="RequestsLibrary">
<msg time="2024-06-10T23:15:10.177976" level="INFO">GET Request : url=https://randomuser.me/api 
 path_url=/api 
 headers={'User-Agent': 'python-requests/2.32.3', 'Accept-Encoding': 'gzip, deflate', 'Accept': '*/*', 'Connection': 'keep-alive'} 
 body=None 
 </msg>
<msg time="2024-06-10T23:15:10.178065" level="INFO">GET Response : url=https://randomuser.me/api 
 status=200, reason=OK 
 headers={'Date': 'Mon, 10 Jun 2024 23:15:10 GMT', 'Content-Type': 'application/json; charset=utf-8', 'Transfer-Encoding': 'chunked', 'Connection': 'keep-alive', 'X-Powered-By': 'Express', 'Access-Control-Allow-Origin': '*', 'Cache-Control': 'no-cache', 'ETag': 'W/"4a3-MEhhPqg8PWXIa0D1jVnbLcEV4LY"', 'Vary': 'Accept-Encoding', 'Content-Encoding': 'gzip', 'CF-Cache-Status': 'DYNAMIC', 'Report-To': '{"endpoints":[{"url":"https:\\/\\/a.nel.cloudflare.com\\/report\\/v4?s=lV0%2BML9DUMdRFN48bb4P1E0izSxkS58en9sNkdMZr9ZUuKegVItaDXMR4lWJ%2BVPNOHTIpXGWuSlYoeWLWpOfP8T3hgGF0RXPTK%2FZq%2FLIWB3qZBP7kZ514ksVQ%2F%2B9MX%2F4"}],"group":"cf-nel","max_age":604800}', 'NEL': '{"success_fraction":0,"report_to":"cf-nel","max_age":604800}', 'Server': 'cloudflare', 'CF-RAY': '891d0fd44fb92232-ORD', 'alt-svc': 'h3=":443"; ma=86400'} 
 body={"results":[{"gender":"female","name":{"title":"Mrs","first":"Kerttu","last":"Savela"},"location":{"street":{"number":6152,"name":"Satakennankatu"},"city":"Lumparland","state":"Central Finland","country":"Finland","postcode":20287,"coordinates":{"latitude":"-22.2953","longitude":"139.0156"},"timezone":{"offset":"+8:00","description":"Beijing, Perth, Singapore, Hong Kong"}},"email":"kerttu.savela@example.com","login":{"uuid":"7d8d9c70-158b-4ad9-a996-274e8101eacf","username":"greendog546","password":"micro","salt":"wHQP1J3J","md5":"748bbe4946ec3da1649d55f11c446223","sha1":"a77f44fe0299c2a40794169adace1da924807d84","sha256":"7fca7716ffca7df7291f5ef89f15010cb17c8145c8f6409f7e3852a6b8aa14ac"},"dob":{"date":"1959-11-10T11:49:47.053Z","age":64},"registered":{"date":"2020-02-24T18:59:07.735Z","age":4},"phone":"02-009-679","cell":"040-511-27-85","id":{"name":"HETU","value":"NaNNA470undefined"},"picture":{"large":"https://randomuser.me/api/portraits/women/50.jpg","medium":"https://randomuser.me/api/portraits/med/women/50.jpg","thumbnail":"https://randomuser.me/api/portraits/thumb/women/50.jpg"},"nat":"FI"}],"info":{"seed":"93f8435c613b7e91","results":1,"page":1,"version":"1.4"}} 
 </msg>
<msg time="2024-06-10T23:15:10.178142" level="INFO">/opt/hostedtoolcache/Python/3.12.3/x64/lib/python3.12/site-packages/urllib3/connectionpool.py:1103: InsecureRequestWarning: Unverified HTTPS request is being made to host 'randomuser.me'. Adding certificate verification is strongly advised. See: https://urllib3.readthedocs.io/en/latest/advanced-usage.html#tls-warnings
  warnings.warn(</msg>
<msg time="2024-06-10T23:15:10.178267" level="INFO">${response} = &lt;Response [200]&gt;</msg>
<var>${response}</var>
<arg>consultarAPI</arg>
<arg>/api</arg>
<doc>Sends a GET request on a previously created HTTP Session.</doc>
<status status="PASS" start="2024-06-10T23:15:10.121158" elapsed="0.057158"/>
</kw>
<kw name="Set Variable" owner="BuiltIn">
<msg time="2024-06-10T23:15:10.179520" level="INFO">${json_data} = {'results': [{'gender': 'female', 'name': {'title': 'Mrs', 'first': 'Kerttu', 'last': 'Savela'}, 'location': {'street': {'number': 6152, 'name': 'Satakennankatu'}, 'city': 'Lumparland', 'state': 'Cent...</msg>
<var>${json_data}</var>
<arg>${response.json()}</arg>
<doc>Returns the given values which can then be assigned to a variables.</doc>
<status status="PASS" start="2024-06-10T23:15:10.178920" elapsed="0.000630"/>
</kw>
<kw name="Log" owner="BuiltIn">
<msg time="2024-06-10T23:15:10.180023" level="INFO">{'results': [{'gender': 'female', 'name': {'title': 'Mrs', 'first': 'Kerttu', 'last': 'Savela'}, 'location': {'street': {'number': 6152, 'name': 'Satakennankatu'}, 'city': 'Lumparland', 'state': 'Central Finland', 'country': 'Finland', 'postcode': 20287, 'coordinates': {'latitude': '-22.2953', 'longitude': '139.0156'}, 'timezone': {'offset': '+8:00', 'description': 'Beijing, Perth, Singapore, Hong Kong'}}, 'email': 'kerttu.savela@example.com', 'login': {'uuid': '7d8d9c70-158b-4ad9-a996-274e8101eacf', 'username': 'greendog546', 'password': 'micro', 'salt': 'wHQP1J3J', 'md5': '748bbe4946ec3da1649d55f11c446223', 'sha1': 'a77f44fe0299c2a40794169adace1da924807d84', 'sha256': '7fca7716ffca7df7291f5ef89f15010cb17c8145c8f6409f7e3852a6b8aa14ac'}, 'dob': {'date': '1959-11-10T11:49:47.053Z', 'age': 64}, 'registered': {'date': '2020-02-24T18:59:07.735Z', 'age': 4}, 'phone': '02-009-679', 'cell': '040-511-27-85', 'id': {'name': 'HETU', 'value': 'NaNNA470undefined'}, 'picture': {'large': 'https://randomuser.me/api/portraits/women/50.jpg', 'medium': 'https://randomuser.me/api/portraits/med/women/50.jpg', 'thumbnail': 'https://randomuser.me/api/portraits/thumb/women/50.jpg'}, 'nat': 'FI'}], 'info': {'seed': '93f8435c613b7e91', 'results': 1, 'page': 1, 'version': '1.4'}}</msg>
<arg>${json_data}</arg>
<doc>Logs the given message with the given level.</doc>
<status status="PASS" start="2024-06-10T23:15:10.179869" elapsed="0.000201"/>
</kw>
<kw name="Should Be Equal As Numbers" owner="BuiltIn">
<arg>${json_data['results'][0]['location']['postcode']}</arg>
<arg>${json_data['results'][0]['location']['postcode']}</arg>
<doc>Fails if objects are unequal after converting them to real numbers.</doc>
<status status="PASS" start="2024-06-10T23:15:10.180363" elapsed="0.000613"/>
</kw>
<kw name="Log" owner="BuiltIn">
<msg time="2024-06-10T23:15:10.181532" level="INFO">20287</msg>
<arg>${json_data['results'][0]['location']['postcode']}</arg>
<doc>Logs the given message with the given level.</doc>
<status status="PASS" start="2024-06-10T23:15:10.181195" elapsed="0.000378"/>
</kw>
<status status="PASS" start="2024-06-10T23:15:10.120929" elapsed="0.060897"/>
</kw>
<doc>Testa se os tipos de dados na resposta da API estão corretos.</doc>
<tag>testeTiposDados</tag>
<status status="PASS" start="2024-06-10T23:15:09.975824" elapsed="0.206172"/>
</test>
<test id="s1-s1-t5" name="Validar conteudo" line="35">
<kw name="Teste de Tipos de Conteudo" owner="random-user-service">
<kw name="GET On Session" owner="RequestsLibrary">
<msg time="2024-06-10T23:15:10.273514" level="INFO">GET Request : url=https://randomuser.me/api 
 path_url=/api 
 headers={'User-Agent': 'python-requests/2.32.3', 'Accept-Encoding': 'gzip, deflate', 'Accept': '*/*', 'Connection': 'keep-alive'} 
 body=None 
 </msg>
<msg time="2024-06-10T23:15:10.273624" level="INFO">GET Response : url=https://randomuser.me/api 
 status=200, reason=OK 
 headers={'Date': 'Mon, 10 Jun 2024 23:15:10 GMT', 'Content-Type': 'application/json; charset=utf-8', 'Transfer-Encoding': 'chunked', 'Connection': 'keep-alive', 'X-Powered-By': 'Express', 'Access-Control-Allow-Origin': '*', 'Cache-Control': 'no-cache', 'ETag': 'W/"49e-oQO7KRKmpOXEaVfLv6Gq/6yA47Q"', 'Vary': 'Accept-Encoding', 'Content-Encoding': 'gzip', 'CF-Cache-Status': 'DYNAMIC', 'Report-To': '{"endpoints":[{"url":"https:\\/\\/a.nel.cloudflare.com\\/report\\/v4?s=icT4WZCw5So7J9LGdSpLo2JbWcxULxt0DH4YZYtWZ8DK4JFvBTS8GbSiYXuEfMwGrNLbMKsvX3KktKvN9YZlOrxTHROdrMhejoUy0HxrfQYxZ%2BgwOhvRmh3tynHS%2F3zj"}],"group":"cf-nel","max_age":604800}', 'NEL': '{"success_fraction":0,"report_to":"cf-nel","max_age":604800}', 'Server': 'cloudflare', 'CF-RAY': '891d0fd4a8832232-ORD', 'alt-svc': 'h3=":443"; ma=86400'} 
 body={"results":[{"gender":"female","name":{"title":"Mrs","first":"Brianna","last":"Howard"},"location":{"street":{"number":5017,"name":"Depaul Dr"},"city":"Mesquite","state":"California","country":"United States","postcode":97012,"coordinates":{"latitude":"84.3395","longitude":"125.7100"},"timezone":{"offset":"+10:00","description":"Eastern Australia, Guam, Vladivostok"}},"email":"brianna.howard@example.com","login":{"uuid":"268f8281-f549-4e4f-9604-af7bee460e24","username":"brownmouse998","password":"1963","salt":"wrM5r9Ky","md5":"68f4a85ee1a7ad66cd6fe0db68dea985","sha1":"aeda8dbe006e35092f99f6ef04b5a81fb279bc58","sha256":"a2528cbaaf1bfd1cce9f8abac69293b0412bc866157766a8d1bfaaadd8e7bf1e"},"dob":{"date":"1971-07-11T05:44:39.680Z","age":52},"registered":{"date":"2016-09-26T14:55:05.163Z","age":7},"phone":"(924) 291-2015","cell":"(841) 933-1984","id":{"name":"SSN","value":"212-16-3651"},"picture":{"large":"https://randomuser.me/api/portraits/women/88.jpg","medium":"https://randomuser.me/api/portraits/med/women/88.jpg","thumbnail":"https://randomuser.me/api/portraits/thumb/women/88.jpg"},"nat":"US"}],"info":{"seed":"0130df5f3e52f7fe","results":1,"page":1,"version":"1.4"}} 
 </msg>
<msg time="2024-06-10T23:15:10.273727" level="INFO">/opt/hostedtoolcache/Python/3.12.3/x64/lib/python3.12/site-packages/urllib3/connectionpool.py:1103: InsecureRequestWarning: Unverified HTTPS request is being made to host 'randomuser.me'. Adding certificate verification is strongly advised. See: https://urllib3.readthedocs.io/en/latest/advanced-usage.html#tls-warnings
  warnings.warn(</msg>
<msg time="2024-06-10T23:15:10.273868" level="INFO">${response} = &lt;Response [200]&gt;</msg>
<var>${response}</var>
<arg>consultarAPI</arg>
<arg>/api</arg>
<doc>Sends a GET request on a previously created HTTP Session.</doc>
<status status="PASS" start="2024-06-10T23:15:10.184702" elapsed="0.089199"/>
</kw>
<kw name="Set Variable" owner="BuiltIn">
<msg time="2024-06-10T23:15:10.274962" level="INFO">${json_data} = {'results': [{'gender': 'female', 'name': {'title': 'Mrs', 'first': 'Brianna', 'last': 'Howard'}, 'location': {'street': {'number': 5017, 'name': 'Depaul Dr'}, 'city': 'Mesquite', 'state': 'California...</msg>
<var>${json_data}</var>
<arg>${response.json()}</arg>
<doc>Returns the given values which can then be assigned to a variables.</doc>
<status status="PASS" start="2024-06-10T23:15:10.274453" elapsed="0.000538"/>
</kw>
<kw name="Set Variable" owner="BuiltIn">
<msg time="2024-06-10T23:15:10.275715" level="INFO">${name_title} = Mrs</msg>
<var>${name_title}</var>
<arg>${json_data["results"][0]["name"]["title"]}</arg>
<doc>Returns the given values which can then be assigned to a variables.</doc>
<status status="PASS" start="2024-06-10T23:15:10.275292" elapsed="0.000449"/>
</kw>
<kw name="Create List" owner="BuiltIn">
<msg time="2024-06-10T23:15:10.276188" level="INFO">${allowed_titles} = ['Mr', 'Ms', 'Miss', 'Mrs', 'Madame', 'Monsieur']</msg>
<var>${allowed_titles}</var>
<arg>Mr</arg>
<arg>Ms</arg>
<arg>Miss</arg>
<arg>Mrs</arg>
<arg>Madame</arg>
<arg>Monsieur</arg>
<doc>Returns a list containing given items.</doc>
<status status="PASS" start="2024-06-10T23:15:10.276039" elapsed="0.000172"/>
</kw>
<kw name="List Should Contain Value" owner="Collections">
<arg>${allowed_titles}</arg>
<arg>${name_title}</arg>
<doc>Fails if the ``value`` is not found from ``list``.</doc>
<status status="PASS" start="2024-06-10T23:15:10.276507" elapsed="0.000173"/>
</kw>
<kw name="Set Variable" owner="BuiltIn">
<msg time="2024-06-10T23:15:10.277218" level="INFO">${name_country} = US</msg>
<var>${name_country}</var>
<arg>${json_data["results"][0]["nat"]}</arg>
<doc>Returns the given values which can then be assigned to a variables.</doc>
<status status="PASS" start="2024-06-10T23:15:10.276853" elapsed="0.000389"/>
</kw>
<kw name="Create List" owner="BuiltIn">
<msg time="2024-06-10T23:15:10.278127" level="INFO">${list_country} = ['AD', 'AE', 'AF', 'AG', 'AI', 'AL', 'AM', 'AO', 'AQ', 'AR', 'AS', 'AT', 'AU', 'AW', 'AX', 'AZ', 'BA', 'BB', 'BD', 'BE', 'BF', 'BG', 'BH', 'BI', 'BJ', 'BL', 'BM', 'BN', 'BO', 'BQ', 'BR', 'BS', 'BT', '...</msg>
<var>${list_country}</var>
<arg>AD</arg>
<arg>AE</arg>
<arg>AF</arg>
<arg>AG</arg>
<arg>AI</arg>
<arg>AL</arg>
<arg>AM</arg>
<arg>AO</arg>
<arg>AQ</arg>
<arg>AR</arg>
<arg>AS</arg>
<arg>AT</arg>
<arg>AU</arg>
<arg>AW</arg>
<arg>AX</arg>
<arg>AZ</arg>
<arg>BA</arg>
<arg>BB</arg>
<arg>BD</arg>
<arg>BE</arg>
<arg>BF</arg>
<arg>BG</arg>
<arg>BH</arg>
<arg>BI</arg>
<arg>BJ</arg>
<arg>BL</arg>
<arg>BM</arg>
<arg>BN</arg>
<arg>BO</arg>
<arg>BQ</arg>
<arg>BR</arg>
<arg>BS</arg>
<arg>BT</arg>
<arg>BV</arg>
<arg>BW</arg>
<arg>BY</arg>
<arg>BZ</arg>
<arg>CA</arg>
<arg>CC</arg>
<arg>CD</arg>
<arg>CF</arg>
<arg>CG</arg>
<arg>CH</arg>
<arg>CI</arg>
<arg>CK</arg>
<arg>CL</arg>
<arg>CM</arg>
<arg>CN</arg>
<arg>CO</arg>
<arg>CR</arg>
<arg>CU</arg>
<arg>CV</arg>
<arg>CW</arg>
<arg>CX</arg>
<arg>CY</arg>
<arg>CZ</arg>
<arg>DE</arg>
<arg>DJ</arg>
<arg>DK</arg>
<arg>DM</arg>
<arg>DO</arg>
<arg>DZ</arg>
<arg>EC</arg>
<arg>EE</arg>
<arg>EG</arg>
<arg>EH</arg>
<arg>ER</arg>
<arg>ES</arg>
<arg>ET</arg>
<arg>FI</arg>
<arg>FJ</arg>
<arg>FK</arg>
<arg>FM</arg>
<arg>FO</arg>
<arg>FR</arg>
<arg>GA</arg>
<arg>GB</arg>
<arg>GD</arg>
<arg>GE</arg>
<arg>GF</arg>
<arg>GG</arg>
<arg>GH</arg>
<arg>GI</arg>
<arg>GL</arg>
<arg>GM</arg>
<arg>GN</arg>
<arg>GP</arg>
<arg>GQ</arg>
<arg>GR</arg>
<arg>GS</arg>
<arg>GT</arg>
<arg>GU</arg>
<arg>GW</arg>
<arg>GY</arg>
<arg>HK</arg>
<arg>HM</arg>
<arg>HN</arg>
<arg>HR</arg>
<arg>HT</arg>
<arg>HU</arg>
<arg>ID</arg>
<arg>IE</arg>
<arg>IL</arg>
<arg>IM</arg>
<arg>IN</arg>
<arg>IO</arg>
<arg>IQ</arg>
<arg>IR</arg>
<arg>IS</arg>
<arg>IT</arg>
<arg>JE</arg>
<arg>JM</arg>
<arg>JO</arg>
<arg>JP</arg>
<arg>KE</arg>
<arg>KG</arg>
<arg>KH</arg>
<arg>KI</arg>
<arg>KM</arg>
<arg>KN</arg>
<arg>KP</arg>
<arg>KR</arg>
<arg>KW</arg>
<arg>KY</arg>
<arg>KZ</arg>
<arg>LA</arg>
<arg>LB</arg>
<arg>LC</arg>
<arg>LI</arg>
<arg>LK</arg>
<arg>LR</arg>
<arg>LS</arg>
<arg>LT</arg>
<arg>LU</arg>
<arg>LV</arg>
<arg>LY</arg>
<arg>MA</arg>
<arg>MC</arg>
<arg>MD</arg>
<arg>ME</arg>
<arg>MF</arg>
<arg>MG</arg>
<arg>MH</arg>
<arg>MK</arg>
<arg>ML</arg>
<arg>MM</arg>
<arg>MN</arg>
<arg>MO</arg>
<arg>MP</arg>
<arg>MQ</arg>
<arg>MR</arg>
<arg>MS</arg>
<arg>MT</arg>
<arg>MU</arg>
<arg>MV</arg>
<arg>MW</arg>
<arg>MX</arg>
<arg>MY</arg>
<arg>MZ</arg>
<arg>NA</arg>
<arg>NC</arg>
<arg>NE</arg>
<arg>NF</arg>
<arg>NG</arg>
<arg>NI</arg>
<arg>NL</arg>
<arg>NO</arg>
<arg>NP</arg>
<arg>NR</arg>
<arg>NU</arg>
<arg>NZ</arg>
<arg>OM</arg>
<arg>PA</arg>
<arg>PE</arg>
<arg>PF</arg>
<arg>PG</arg>
<arg>PH</arg>
<arg>PK</arg>
<arg>PL</arg>
<arg>PM</arg>
<arg>PN</arg>
<arg>PR</arg>
<arg>PS</arg>
<arg>PT</arg>
<arg>PW</arg>
<arg>PY</arg>
<arg>QA</arg>
<arg>RE</arg>
<arg>RO</arg>
<arg>RS</arg>
<arg>RU</arg>
<arg>RW</arg>
<arg>SA</arg>
<arg>SB</arg>
<arg>SC</arg>
<arg>SD</arg>
<arg>SE</arg>
<arg>SG</arg>
<arg>SH</arg>
<arg>SI</arg>
<arg>SJ</arg>
<arg>SK</arg>
<arg>SL</arg>
<arg>SM</arg>
<arg>SN</arg>
<arg>SO</arg>
<arg>SR</arg>
<arg>SS</arg>
<arg>ST</arg>
<arg>SV</arg>
<arg>SX</arg>
<arg>SY</arg>
<arg>SZ</arg>
<arg>TC</arg>
<arg>TD</arg>
<arg>TF</arg>
<arg>TG</arg>
<arg>TH</arg>
<arg>TJ</arg>
<arg>TK</arg>
<arg>TL</arg>
<arg>TM</arg>
<arg>TN</arg>
<arg>TO</arg>
<arg>TR</arg>
<arg>TT</arg>
<arg>TV</arg>
<arg>TW</arg>
<arg>TZ</arg>
<arg>UA</arg>
<arg>UG</arg>
<arg>UM</arg>
<arg>US</arg>
<arg>UY</arg>
<arg>UZ</arg>
<arg>VA</arg>
<arg>VC</arg>
<arg>VE</arg>
<arg>VG</arg>
<arg>VI</arg>
<arg>VN</arg>
<arg>VU</arg>
<arg>WF</arg>
<arg>WS</arg>
<arg>XK</arg>
<arg>YE</arg>
<arg>YT</arg>
<arg>ZA</arg>
<arg>ZM</arg>
<arg>ZW</arg>
<doc>Returns a list containing given items.</doc>
<status status="PASS" start="2024-06-10T23:15:10.277535" elapsed="0.000617"/>
</kw>
<kw name="List Should Contain Value" owner="Collections">
<arg>${list_country}</arg>
<arg>${name_country}</arg>
<doc>Fails if the ``value`` is not found from ``list``.</doc>
<status status="PASS" start="2024-06-10T23:15:10.278939" elapsed="0.000206"/>
</kw>
<kw name="Run Keyword If" owner="BuiltIn">
<kw name="Should Be True" owner="BuiltIn">
<arg>${True}</arg>
<doc>Fails if the given condition is not true.</doc>
<status status="PASS" start="2024-06-10T23:15:10.280114" elapsed="0.000141"/>
</kw>
<arg>${json_data["results"][0]["location"]["coordinates"]["latitude"]} &gt;= -90 and ${json_data["results"][0]["location"]["coordinates"]["latitude"]} &lt;= 90</arg>
<arg>Should Be True</arg>
<arg>${True}</arg>
<doc>Runs the given keyword with the given arguments, if ``condition`` is true.</doc>
<status status="PASS" start="2024-06-10T23:15:10.279346" elapsed="0.001034"/>
</kw>
<kw name="Run Keyword If" owner="BuiltIn">
<kw name="Should Be True" owner="BuiltIn">
<arg>${True}</arg>
<doc>Fails if the given condition is not true.</doc>
<status status="PASS" start="2024-06-10T23:15:10.281241" elapsed="0.000136"/>
</kw>
<arg>${json_data["results"][0]["location"]["coordinates"]["longitude"]} &gt;= -180 and ${json_data["results"][0]["location"]["coordinates"]["longitude"]} &lt;= 180</arg>
<arg>Should Be True</arg>
<arg>${True}</arg>
<doc>Runs the given keyword with the given arguments, if ``condition`` is true.</doc>
<status status="PASS" start="2024-06-10T23:15:10.280559" elapsed="0.000943"/>
</kw>
<status status="PASS" start="2024-06-10T23:15:10.184324" elapsed="0.097311"/>
</kw>
<doc>Testa o conteúdo específico dos campos retornados pela API.</doc>
<tag>testeConteudo</tag>
<status status="PASS" start="2024-06-10T23:15:10.183772" elapsed="0.098020"/>
</test>
<status status="PASS" start="2024-06-10T23:15:09.271623" elapsed="1.012134"/>
</suite>
<status status="PASS" start="2024-06-10T23:15:09.257827" elapsed="1.031144"/>
</suite>
<statistics>
<total>
<stat pass="5" fail="0" skip="0">All Tests</stat>
</total>
<tag>
<stat pass="1" fail="0" skip="0">testeConteudo</stat>
<stat pass="1" fail="0" skip="0">testeEstruturaResposta</stat>
<stat pass="1" fail="0" skip="0">testeRequisicaoBasica</stat>
<stat pass="1" fail="0" skip="0">testeTiposDados</stat>
</tag>
<suite>
<stat pass="5" fail="0" skip="0" id="s1" name="Tests">Tests</stat>
<stat pass="5" fail="0" skip="0" id="s1-s1" name="Random-User-Test">Tests.Random-User-Test</stat>
</suite>
</statistics>
<errors>
</errors>
</robot>
