<?xml version="1.0" encoding="UTF-8"?>
<robot generator="Robot 7.0.1 (Python 3.12.4 on linux)" generated="2024-07-04T07:15:49.064296" rpa="false" schemaversion="5">
<suite id="s1" name="Tests" source="/home/runner/work/ApiRandomUser/ApiRandomUser/RamdonUser/tests">
<suite id="s1-s1" name="Random-User-Test" source="/home/runner/work/ApiRandomUser/ApiRandomUser/RamdonUser/tests/random-user-test.robot">
<test id="s1-s1-t1" name="Conectar" line="13">
<kw name="Conectar API" owner="random-user-service">
<kw name="Create Session" owner="RequestsLibrary">
<msg time="2024-07-04T07:15:49.475969" level="INFO">Creating Session using : alias=consultarAPI, url=https://randomuser.me/, headers={},                     cookies={}, auth=None, timeout=None, proxies=None, verify=False,                     debug=0 </msg>
<arg>consultarAPI</arg>
<arg>${URL}</arg>
<doc>Create Session: create a HTTP session to a server</doc>
<status status="PASS" start="2024-07-04T07:15:49.475760" elapsed="0.000397"/>
</kw>
<status status="PASS" start="2024-07-04T07:15:49.474747" elapsed="0.001776"/>
</kw>
<status status="PASS" start="2024-07-04T07:15:49.474093" elapsed="0.002623"/>
</test>
<test id="s1-s1-t2" name="Validar retorno 200 e JSON Válido" line="16">
<kw name="Teste de Requisicao Basica" owner="random-user-service">
<kw name="GET On Session" owner="RequestsLibrary">
<msg time="2024-07-04T07:15:49.768412" level="INFO">GET Request : url=https://randomuser.me/api 
 path_url=/api 
 headers={'User-Agent': 'python-requests/2.32.3', 'Accept-Encoding': 'gzip, deflate', 'Accept': '*/*', 'Connection': 'keep-alive'} 
 body=None 
 </msg>
<msg time="2024-07-04T07:15:49.768565" level="INFO">GET Response : url=https://randomuser.me/api 
 status=200, reason=OK 
 headers={'Date': 'Thu, 04 Jul 2024 07:15:49 GMT', 'Content-Type': 'application/json; charset=utf-8', 'Transfer-Encoding': 'chunked', 'Connection': 'keep-alive', 'X-Powered-By': 'Express', 'Access-Control-Allow-Origin': '*', 'Cache-Control': 'no-cache', 'ETag': 'W/"47c-CGoa+s6GyXNSHkAg6oi7N40RzTg"', 'Vary': 'Accept-Encoding', 'Content-Encoding': 'gzip', 'CF-Cache-Status': 'DYNAMIC', 'Report-To': '{"endpoints":[{"url":"https:\\/\\/a.nel.cloudflare.com\\/report\\/v4?s=WH1HKTFkEHBqTMHXvAk3pf1vqDEmoqNTNPF5LLmTvb0T3K26s0CeZ5KdxsBp0n64t6SFCG9yjkRfyujsEp%2BRjMriTPx8b3IjFZBSySDxAKQt%2B7w6I%2B0NzqgxYPH2rAq7"}],"group":"cf-nel","max_age":604800}', 'NEL': '{"success_fraction":0,"report_to":"cf-nel","max_age":604800}', 'Server': 'cloudflare', 'CF-RAY': '89dd538b6db62f3e-LAX', 'alt-svc': 'h3=":443"; ma=86400'} 
 body={"results":[{"gender":"male","name":{"title":"Mr","first":"Adelmo","last":"Souza"},"location":{"street":{"number":7366,"name":"Rua Dezessete "},"city":"Londrina","state":"Amazonas","country":"Brazil","postcode":96075,"coordinates":{"latitude":"-75.1235","longitude":"-132.6068"},"timezone":{"offset":"+9:30","description":"Adelaide, Darwin"}},"email":"adelmo.souza@example.com","login":{"uuid":"0feb472f-a41b-453a-8ca8-2080c3a704a3","username":"redleopard222","password":"sheba","salt":"MtfRtpPq","md5":"711819cef6e2059bef2d56cf202b6038","sha1":"f3311deddfba5a6ff4deedc032e1e9f5a552f518","sha256":"44d4565556add03ab9d5024923e41aadf1491f8e60d7b434b34faa4375710527"},"dob":{"date":"1944-08-30T12:19:33.776Z","age":79},"registered":{"date":"2013-04-02T12:14:26.839Z","age":11},"phone":"(72) 6402-6258","cell":"(18) 8177-0182","id":{"name":"CPF","value":"224.160.337-14"},"picture":{"large":"https://randomuser.me/api/portraits/men/2.jpg","medium":"https://randomuser.me/api/portraits/med/men/2.jpg","thumbnail":"https://randomuser.me/api/portraits/thumb/men/2.jpg"},"nat":"BR"}],"info":{"seed":"e77ea279b611c2e9","results":1,"page":1,"version":"1.4"}} 
 </msg>
<msg time="2024-07-04T07:15:49.768645" level="INFO">/opt/hostedtoolcache/Python/3.12.4/x64/lib/python3.12/site-packages/urllib3/connectionpool.py:1099: InsecureRequestWarning: Unverified HTTPS request is being made to host 'randomuser.me'. Adding certificate verification is strongly advised. See: https://urllib3.readthedocs.io/en/latest/advanced-usage.html#tls-warnings
  warnings.warn(</msg>
<msg time="2024-07-04T07:15:49.768807" level="INFO">${response} = &lt;Response [200]&gt;</msg>
<var>${response}</var>
<arg>consultarAPI</arg>
<arg>/api</arg>
<doc>Sends a GET request on a previously created HTTP Session.</doc>
<status status="PASS" start="2024-07-04T07:15:49.479416" elapsed="0.289434"/>
</kw>
<kw name="Should Be Equal As Numbers" owner="BuiltIn">
<msg time="2024-07-04T07:15:49.769995" level="INFO">Argument types are:
&lt;class 'int'&gt;
&lt;class 'str'&gt;</msg>
<arg>${response.status_code}</arg>
<arg>200</arg>
<doc>Fails if objects are unequal after converting them to real numbers.</doc>
<status status="PASS" start="2024-07-04T07:15:49.769499" elapsed="0.000564"/>
</kw>
<kw name="Log" owner="BuiltIn">
<msg time="2024-07-04T07:15:49.770735" level="INFO">200</msg>
<arg>${response.status_code}</arg>
<doc>Logs the given message with the given level.</doc>
<status status="PASS" start="2024-07-04T07:15:49.770383" elapsed="0.000394"/>
</kw>
<kw name="Set Variable" owner="BuiltIn">
<msg time="2024-07-04T07:15:49.771562" level="INFO">${json_data} = {'results': [{'gender': 'male', 'name': {'title': 'Mr', 'first': 'Adelmo', 'last': 'Souza'}, 'location': {'street': {'number': 7366, 'name': 'Rua Dezessete '}, 'city': 'Londrina', 'state': 'Amazonas',...</msg>
<var>${json_data}</var>
<arg>${response.json()}</arg>
<doc>Returns the given values which can then be assigned to a variables.</doc>
<status status="PASS" start="2024-07-04T07:15:49.771127" elapsed="0.000463"/>
</kw>
<kw name="Dictionary Should Contain Key" owner="Collections">
<arg>${json_data}</arg>
<arg>results</arg>
<doc>Fails if ``key`` is not found from ``dictionary``.</doc>
<status status="PASS" start="2024-07-04T07:15:49.771887" elapsed="0.000166"/>
</kw>
<status status="PASS" start="2024-07-04T07:15:49.479169" elapsed="0.293041"/>
</kw>
<doc>Testa se a API responde corretamente e retorna um objeto JSON válido.</doc>
<tag>testeRequisicaoBasica</tag>
<status status="PASS" start="2024-07-04T07:15:49.478589" elapsed="0.293804"/>
</test>
<test id="s1-s1-t3" name="Validar estrutura de resposta" line="22">
<kw name="Teste de Estrutura de Resposta" owner="random-user-service">
<kw name="GET On Session" owner="RequestsLibrary">
<msg time="2024-07-04T07:15:49.897634" level="INFO">GET Request : url=https://randomuser.me/api 
 path_url=/api 
 headers={'User-Agent': 'python-requests/2.32.3', 'Accept-Encoding': 'gzip, deflate', 'Accept': '*/*', 'Connection': 'keep-alive'} 
 body=None 
 </msg>
<msg time="2024-07-04T07:15:49.897746" level="INFO">GET Response : url=https://randomuser.me/api 
 status=200, reason=OK 
 headers={'Date': 'Thu, 04 Jul 2024 07:15:49 GMT', 'Content-Type': 'application/json; charset=utf-8', 'Transfer-Encoding': 'chunked', 'Connection': 'keep-alive', 'X-Powered-By': 'Express', 'Access-Control-Allow-Origin': '*', 'Cache-Control': 'no-cache', 'ETag': 'W/"48b-hFk2xQZzOU1BLLt/Em5y7BaVNS4"', 'Vary': 'Accept-Encoding', 'Content-Encoding': 'gzip', 'CF-Cache-Status': 'DYNAMIC', 'Report-To': '{"endpoints":[{"url":"https:\\/\\/a.nel.cloudflare.com\\/report\\/v4?s=vnu8v%2B3F%2FMKqrOO4s1Zl5RSXO8kCbEamR%2FmxFvlwr3kO2aCrQdtylSdNi5Nn8eL1dhBAbO4ZMZSgjqo9tP8zizAOJIXlFGdFSUtvx9G%2BfIn7aHOZoT62NAg7cpfm%2F4A%2F"}],"group":"cf-nel","max_age":604800}', 'NEL': '{"success_fraction":0,"report_to":"cf-nel","max_age":604800}', 'Server': 'cloudflare', 'CF-RAY': '89dd538c2e8e2f3e-LAX', 'alt-svc': 'h3=":443"; ma=86400'} 
 body={"results":[{"gender":"female","name":{"title":"Miss","first":"Imogen","last":"Lewis"},"location":{"street":{"number":8903,"name":"Tongariro Street"},"city":"Taupo","state":"Wellington","country":"New Zealand","postcode":29913,"coordinates":{"latitude":"48.5361","longitude":"40.2410"},"timezone":{"offset":"+4:00","description":"Abu Dhabi, Muscat, Baku, Tbilisi"}},"email":"imogen.lewis@example.com","login":{"uuid":"6709eebe-3d84-4f36-b9a2-22f8d63977e7","username":"blackcat257","password":"paper","salt":"YHr0oyCK","md5":"adfb3fd277d263f64d05e2e584bf0d12","sha1":"921c397d20f2a07af3562e604d9a8f6824a1087d","sha256":"b3301d5c641bc87b73b584d858d0174d845cf95a4671d3342af4e2372f3aabb0"},"dob":{"date":"1999-08-13T15:26:01.077Z","age":24},"registered":{"date":"2012-09-05T02:33:59.298Z","age":11},"phone":"(325)-449-4713","cell":"(327)-561-9762","id":{"name":"","value":null},"picture":{"large":"https://randomuser.me/api/portraits/women/81.jpg","medium":"https://randomuser.me/api/portraits/med/women/81.jpg","thumbnail":"https://randomuser.me/api/portraits/thumb/women/81.jpg"},"nat":"NZ"}],"info":{"seed":"e49eb4575ebbc1b5","results":1,"page":1,"version":"1.4"}} 
 </msg>
<msg time="2024-07-04T07:15:49.897882" level="INFO">/opt/hostedtoolcache/Python/3.12.4/x64/lib/python3.12/site-packages/urllib3/connectionpool.py:1099: InsecureRequestWarning: Unverified HTTPS request is being made to host 'randomuser.me'. Adding certificate verification is strongly advised. See: https://urllib3.readthedocs.io/en/latest/advanced-usage.html#tls-warnings
  warnings.warn(</msg>
<msg time="2024-07-04T07:15:49.898015" level="INFO">${response} = &lt;Response [200]&gt;</msg>
<var>${response}</var>
<arg>consultarAPI</arg>
<arg>/api</arg>
<doc>Sends a GET request on a previously created HTTP Session.</doc>
<status status="PASS" start="2024-07-04T07:15:49.775111" elapsed="0.122945"/>
</kw>
<kw name="Set Variable" owner="BuiltIn">
<msg time="2024-07-04T07:15:49.899264" level="INFO">${json_data} = {'results': [{'gender': 'female', 'name': {'title': 'Miss', 'first': 'Imogen', 'last': 'Lewis'}, 'location': {'street': {'number': 8903, 'name': 'Tongariro Street'}, 'city': 'Taupo', 'state': 'Welling...</msg>
<var>${json_data}</var>
<arg>${response.json()}</arg>
<doc>Returns the given values which can then be assigned to a variables.</doc>
<status status="PASS" start="2024-07-04T07:15:49.898669" elapsed="0.000624"/>
</kw>
<kw name="Log" owner="BuiltIn">
<msg time="2024-07-04T07:15:49.899757" level="INFO">{'results': [{'gender': 'female', 'name': {'title': 'Miss', 'first': 'Imogen', 'last': 'Lewis'}, 'location': {'street': {'number': 8903, 'name': 'Tongariro Street'}, 'city': 'Taupo', 'state': 'Wellington', 'country': 'New Zealand', 'postcode': 29913, 'coordinates': {'latitude': '48.5361', 'longitude': '40.2410'}, 'timezone': {'offset': '+4:00', 'description': 'Abu Dhabi, Muscat, Baku, Tbilisi'}}, 'email': 'imogen.lewis@example.com', 'login': {'uuid': '6709eebe-3d84-4f36-b9a2-22f8d63977e7', 'username': 'blackcat257', 'password': 'paper', 'salt': 'YHr0oyCK', 'md5': 'adfb3fd277d263f64d05e2e584bf0d12', 'sha1': '921c397d20f2a07af3562e604d9a8f6824a1087d', 'sha256': 'b3301d5c641bc87b73b584d858d0174d845cf95a4671d3342af4e2372f3aabb0'}, 'dob': {'date': '1999-08-13T15:26:01.077Z', 'age': 24}, 'registered': {'date': '2012-09-05T02:33:59.298Z', 'age': 11}, 'phone': '(325)-449-4713', 'cell': '(327)-561-9762', 'id': {'name': '', 'value': None}, 'picture': {'large': 'https://randomuser.me/api/portraits/women/81.jpg', 'medium': 'https://randomuser.me/api/portraits/med/women/81.jpg', 'thumbnail': 'https://randomuser.me/api/portraits/thumb/women/81.jpg'}, 'nat': 'NZ'}], 'info': {'seed': 'e49eb4575ebbc1b5', 'results': 1, 'page': 1, 'version': '1.4'}}</msg>
<arg>${json_data}</arg>
<doc>Logs the given message with the given level.</doc>
<status status="PASS" start="2024-07-04T07:15:49.899598" elapsed="0.000207"/>
</kw>
<kw name="Dictionary Should Contain Key" owner="Collections">
<arg>${json_data}</arg>
<arg>results</arg>
<doc>Fails if ``key`` is not found from ``dictionary``.</doc>
<status status="PASS" start="2024-07-04T07:15:49.900092" elapsed="0.000162"/>
</kw>
<kw name="Should Not Be Empty" owner="BuiltIn">
<msg time="2024-07-04T07:15:49.900561" level="INFO">Length is 2.</msg>
<arg>${json_data}</arg>
<doc>Verifies that the given item is not empty.</doc>
<status status="PASS" start="2024-07-04T07:15:49.900435" elapsed="0.000166"/>
</kw>
<kw name="Create List" owner="BuiltIn">
<msg time="2024-07-04T07:15:49.901037" level="INFO">${expected_keys} = ['gender', 'name', 'location', 'email', 'login']</msg>
<var>${expected_keys}</var>
<arg>gender</arg>
<arg>name</arg>
<arg>location</arg>
<arg>email</arg>
<arg>login</arg>
<doc>Returns a list containing given items.</doc>
<status status="PASS" start="2024-07-04T07:15:49.900888" elapsed="0.000172"/>
</kw>
<for flavor="IN">
<iter>
<kw name="Dictionary Should Contain Key" owner="Collections">
<arg>${json_data['results'][0]}</arg>
<arg>${key}</arg>
<doc>Fails if ``key`` is not found from ``dictionary``.</doc>
<status status="PASS" start="2024-07-04T07:15:49.901815" elapsed="0.000398"/>
</kw>
<kw name="Log" owner="BuiltIn">
<msg time="2024-07-04T07:15:49.902764" level="INFO">{'gender': 'female', 'name': {'title': 'Miss', 'first': 'Imogen', 'last': 'Lewis'}, 'location': {'street': {'number': 8903, 'name': 'Tongariro Street'}, 'city': 'Taupo', 'state': 'Wellington', 'country': 'New Zealand', 'postcode': 29913, 'coordinates': {'latitude': '48.5361', 'longitude': '40.2410'}, 'timezone': {'offset': '+4:00', 'description': 'Abu Dhabi, Muscat, Baku, Tbilisi'}}, 'email': 'imogen.lewis@example.com', 'login': {'uuid': '6709eebe-3d84-4f36-b9a2-22f8d63977e7', 'username': 'blackcat257', 'password': 'paper', 'salt': 'YHr0oyCK', 'md5': 'adfb3fd277d263f64d05e2e584bf0d12', 'sha1': '921c397d20f2a07af3562e604d9a8f6824a1087d', 'sha256': 'b3301d5c641bc87b73b584d858d0174d845cf95a4671d3342af4e2372f3aabb0'}, 'dob': {'date': '1999-08-13T15:26:01.077Z', 'age': 24}, 'registered': {'date': '2012-09-05T02:33:59.298Z', 'age': 11}, 'phone': '(325)-449-4713', 'cell': '(327)-561-9762', 'id': {'name': '', 'value': None}, 'picture': {'large': 'https://randomuser.me/api/portraits/women/81.jpg', 'medium': 'https://randomuser.me/api/portraits/med/women/81.jpg', 'thumbnail': 'https://randomuser.me/api/portraits/thumb/women/81.jpg'}, 'nat': 'NZ'}</msg>
<arg>${json_data['results'][0]}</arg>
<doc>Logs the given message with the given level.</doc>
<status status="PASS" start="2024-07-04T07:15:49.902403" elapsed="0.000409"/>
</kw>
<kw name="Log" owner="BuiltIn">
<msg time="2024-07-04T07:15:49.903281" level="INFO">gender</msg>
<arg>${key}</arg>
<doc>Logs the given message with the given level.</doc>
<status status="PASS" start="2024-07-04T07:15:49.903153" elapsed="0.000166"/>
</kw>
<var name="${key}">gender</var>
<status status="PASS" start="2024-07-04T07:15:49.901691" elapsed="0.001842"/>
</iter>
<iter>
<kw name="Dictionary Should Contain Key" owner="Collections">
<arg>${json_data['results'][0]}</arg>
<arg>${key}</arg>
<doc>Fails if ``key`` is not found from ``dictionary``.</doc>
<status status="PASS" start="2024-07-04T07:15:49.903826" elapsed="0.000392"/>
</kw>
<kw name="Log" owner="BuiltIn">
<msg time="2024-07-04T07:15:49.904748" level="INFO">{'gender': 'female', 'name': {'title': 'Miss', 'first': 'Imogen', 'last': 'Lewis'}, 'location': {'street': {'number': 8903, 'name': 'Tongariro Street'}, 'city': 'Taupo', 'state': 'Wellington', 'country': 'New Zealand', 'postcode': 29913, 'coordinates': {'latitude': '48.5361', 'longitude': '40.2410'}, 'timezone': {'offset': '+4:00', 'description': 'Abu Dhabi, Muscat, Baku, Tbilisi'}}, 'email': 'imogen.lewis@example.com', 'login': {'uuid': '6709eebe-3d84-4f36-b9a2-22f8d63977e7', 'username': 'blackcat257', 'password': 'paper', 'salt': 'YHr0oyCK', 'md5': 'adfb3fd277d263f64d05e2e584bf0d12', 'sha1': '921c397d20f2a07af3562e604d9a8f6824a1087d', 'sha256': 'b3301d5c641bc87b73b584d858d0174d845cf95a4671d3342af4e2372f3aabb0'}, 'dob': {'date': '1999-08-13T15:26:01.077Z', 'age': 24}, 'registered': {'date': '2012-09-05T02:33:59.298Z', 'age': 11}, 'phone': '(325)-449-4713', 'cell': '(327)-561-9762', 'id': {'name': '', 'value': None}, 'picture': {'large': 'https://randomuser.me/api/portraits/women/81.jpg', 'medium': 'https://randomuser.me/api/portraits/med/women/81.jpg', 'thumbnail': 'https://randomuser.me/api/portraits/thumb/women/81.jpg'}, 'nat': 'NZ'}</msg>
<arg>${json_data['results'][0]}</arg>
<doc>Logs the given message with the given level.</doc>
<status status="PASS" start="2024-07-04T07:15:49.904397" elapsed="0.000434"/>
</kw>
<kw name="Log" owner="BuiltIn">
<msg time="2024-07-04T07:15:49.905254" level="INFO">name</msg>
<arg>${key}</arg>
<doc>Logs the given message with the given level.</doc>
<status status="PASS" start="2024-07-04T07:15:49.905125" elapsed="0.000167"/>
</kw>
<var name="${key}">name</var>
<status status="PASS" start="2024-07-04T07:15:49.903715" elapsed="0.001792"/>
</iter>
<iter>
<kw name="Dictionary Should Contain Key" owner="Collections">
<arg>${json_data['results'][0]}</arg>
<arg>${key}</arg>
<doc>Fails if ``key`` is not found from ``dictionary``.</doc>
<status status="PASS" start="2024-07-04T07:15:49.905786" elapsed="0.000383"/>
</kw>
<kw name="Log" owner="BuiltIn">
<msg time="2024-07-04T07:15:49.906730" level="INFO">{'gender': 'female', 'name': {'title': 'Miss', 'first': 'Imogen', 'last': 'Lewis'}, 'location': {'street': {'number': 8903, 'name': 'Tongariro Street'}, 'city': 'Taupo', 'state': 'Wellington', 'country': 'New Zealand', 'postcode': 29913, 'coordinates': {'latitude': '48.5361', 'longitude': '40.2410'}, 'timezone': {'offset': '+4:00', 'description': 'Abu Dhabi, Muscat, Baku, Tbilisi'}}, 'email': 'imogen.lewis@example.com', 'login': {'uuid': '6709eebe-3d84-4f36-b9a2-22f8d63977e7', 'username': 'blackcat257', 'password': 'paper', 'salt': 'YHr0oyCK', 'md5': 'adfb3fd277d263f64d05e2e584bf0d12', 'sha1': '921c397d20f2a07af3562e604d9a8f6824a1087d', 'sha256': 'b3301d5c641bc87b73b584d858d0174d845cf95a4671d3342af4e2372f3aabb0'}, 'dob': {'date': '1999-08-13T15:26:01.077Z', 'age': 24}, 'registered': {'date': '2012-09-05T02:33:59.298Z', 'age': 11}, 'phone': '(325)-449-4713', 'cell': '(327)-561-9762', 'id': {'name': '', 'value': None}, 'picture': {'large': 'https://randomuser.me/api/portraits/women/81.jpg', 'medium': 'https://randomuser.me/api/portraits/med/women/81.jpg', 'thumbnail': 'https://randomuser.me/api/portraits/thumb/women/81.jpg'}, 'nat': 'NZ'}</msg>
<arg>${json_data['results'][0]}</arg>
<doc>Logs the given message with the given level.</doc>
<status status="PASS" start="2024-07-04T07:15:49.906369" elapsed="0.000407"/>
</kw>
<kw name="Log" owner="BuiltIn">
<msg time="2024-07-04T07:15:49.907238" level="INFO">location</msg>
<arg>${key}</arg>
<doc>Logs the given message with the given level.</doc>
<status status="PASS" start="2024-07-04T07:15:49.907110" elapsed="0.000164"/>
</kw>
<var name="${key}">location</var>
<status status="PASS" start="2024-07-04T07:15:49.905681" elapsed="0.001805"/>
</iter>
<iter>
<kw name="Dictionary Should Contain Key" owner="Collections">
<arg>${json_data['results'][0]}</arg>
<arg>${key}</arg>
<doc>Fails if ``key`` is not found from ``dictionary``.</doc>
<status status="PASS" start="2024-07-04T07:15:49.907760" elapsed="0.000392"/>
</kw>
<kw name="Log" owner="BuiltIn">
<msg time="2024-07-04T07:15:49.908679" level="INFO">{'gender': 'female', 'name': {'title': 'Miss', 'first': 'Imogen', 'last': 'Lewis'}, 'location': {'street': {'number': 8903, 'name': 'Tongariro Street'}, 'city': 'Taupo', 'state': 'Wellington', 'country': 'New Zealand', 'postcode': 29913, 'coordinates': {'latitude': '48.5361', 'longitude': '40.2410'}, 'timezone': {'offset': '+4:00', 'description': 'Abu Dhabi, Muscat, Baku, Tbilisi'}}, 'email': 'imogen.lewis@example.com', 'login': {'uuid': '6709eebe-3d84-4f36-b9a2-22f8d63977e7', 'username': 'blackcat257', 'password': 'paper', 'salt': 'YHr0oyCK', 'md5': 'adfb3fd277d263f64d05e2e584bf0d12', 'sha1': '921c397d20f2a07af3562e604d9a8f6824a1087d', 'sha256': 'b3301d5c641bc87b73b584d858d0174d845cf95a4671d3342af4e2372f3aabb0'}, 'dob': {'date': '1999-08-13T15:26:01.077Z', 'age': 24}, 'registered': {'date': '2012-09-05T02:33:59.298Z', 'age': 11}, 'phone': '(325)-449-4713', 'cell': '(327)-561-9762', 'id': {'name': '', 'value': None}, 'picture': {'large': 'https://randomuser.me/api/portraits/women/81.jpg', 'medium': 'https://randomuser.me/api/portraits/med/women/81.jpg', 'thumbnail': 'https://randomuser.me/api/portraits/thumb/women/81.jpg'}, 'nat': 'NZ'}</msg>
<arg>${json_data['results'][0]}</arg>
<doc>Logs the given message with the given level.</doc>
<status status="PASS" start="2024-07-04T07:15:49.908333" elapsed="0.000393"/>
</kw>
<kw name="Log" owner="BuiltIn">
<msg time="2024-07-04T07:15:49.909138" level="INFO">email</msg>
<arg>${key}</arg>
<doc>Logs the given message with the given level.</doc>
<status status="PASS" start="2024-07-04T07:15:49.909013" elapsed="0.000163"/>
</kw>
<var name="${key}">email</var>
<status status="PASS" start="2024-07-04T07:15:49.907656" elapsed="0.001739"/>
</iter>
<iter>
<kw name="Dictionary Should Contain Key" owner="Collections">
<arg>${json_data['results'][0]}</arg>
<arg>${key}</arg>
<doc>Fails if ``key`` is not found from ``dictionary``.</doc>
<status status="PASS" start="2024-07-04T07:15:49.909675" elapsed="0.000385"/>
</kw>
<kw name="Log" owner="BuiltIn">
<msg time="2024-07-04T07:15:49.910594" level="INFO">{'gender': 'female', 'name': {'title': 'Miss', 'first': 'Imogen', 'last': 'Lewis'}, 'location': {'street': {'number': 8903, 'name': 'Tongariro Street'}, 'city': 'Taupo', 'state': 'Wellington', 'country': 'New Zealand', 'postcode': 29913, 'coordinates': {'latitude': '48.5361', 'longitude': '40.2410'}, 'timezone': {'offset': '+4:00', 'description': 'Abu Dhabi, Muscat, Baku, Tbilisi'}}, 'email': 'imogen.lewis@example.com', 'login': {'uuid': '6709eebe-3d84-4f36-b9a2-22f8d63977e7', 'username': 'blackcat257', 'password': 'paper', 'salt': 'YHr0oyCK', 'md5': 'adfb3fd277d263f64d05e2e584bf0d12', 'sha1': '921c397d20f2a07af3562e604d9a8f6824a1087d', 'sha256': 'b3301d5c641bc87b73b584d858d0174d845cf95a4671d3342af4e2372f3aabb0'}, 'dob': {'date': '1999-08-13T15:26:01.077Z', 'age': 24}, 'registered': {'date': '2012-09-05T02:33:59.298Z', 'age': 11}, 'phone': '(325)-449-4713', 'cell': '(327)-561-9762', 'id': {'name': '', 'value': None}, 'picture': {'large': 'https://randomuser.me/api/portraits/women/81.jpg', 'medium': 'https://randomuser.me/api/portraits/med/women/81.jpg', 'thumbnail': 'https://randomuser.me/api/portraits/thumb/women/81.jpg'}, 'nat': 'NZ'}</msg>
<arg>${json_data['results'][0]}</arg>
<doc>Logs the given message with the given level.</doc>
<status status="PASS" start="2024-07-04T07:15:49.910239" elapsed="0.000401"/>
</kw>
<kw name="Log" owner="BuiltIn">
<msg time="2024-07-04T07:15:49.911085" level="INFO">login</msg>
<arg>${key}</arg>
<doc>Logs the given message with the given level.</doc>
<status status="PASS" start="2024-07-04T07:15:49.910955" elapsed="0.000167"/>
</kw>
<var name="${key}">login</var>
<status status="PASS" start="2024-07-04T07:15:49.909565" elapsed="0.001781"/>
</iter>
<var>${key}</var>
<value>@{expected_keys}</value>
<status status="PASS" start="2024-07-04T07:15:49.901492" elapsed="0.009971"/>
</for>
<kw name="Create List" owner="BuiltIn">
<msg time="2024-07-04T07:15:49.911785" level="INFO">${expected_keysTwo} = ['username', 'password']</msg>
<var>${expected_keysTwo}</var>
<arg>username</arg>
<arg>password</arg>
<doc>Returns a list containing given items.</doc>
<status status="PASS" start="2024-07-04T07:15:49.911650" elapsed="0.000185"/>
</kw>
<for flavor="IN">
<iter>
<kw name="Dictionary Should Contain Key" owner="Collections">
<arg>${json_data['results'][0]['login']}</arg>
<arg>${keyTwo}</arg>
<doc>Fails if ``key`` is not found from ``dictionary``.</doc>
<status status="PASS" start="2024-07-04T07:15:49.912331" elapsed="0.000386"/>
</kw>
<kw name="Dictionary Should Contain Key" owner="Collections">
<arg>${json_data['results'][0]['login']}</arg>
<arg>${keyTwo}</arg>
<doc>Fails if ``key`` is not found from ``dictionary``.</doc>
<status status="PASS" start="2024-07-04T07:15:49.912897" elapsed="0.000373"/>
</kw>
<kw name="Log" owner="BuiltIn">
<msg time="2024-07-04T07:15:49.913584" level="INFO">username</msg>
<arg>${keyTwo}</arg>
<doc>Logs the given message with the given level.</doc>
<status status="PASS" start="2024-07-04T07:15:49.913450" elapsed="0.000172"/>
</kw>
<var name="${keyTwo}">username</var>
<status status="PASS" start="2024-07-04T07:15:49.912226" elapsed="0.001613"/>
</iter>
<iter>
<kw name="Dictionary Should Contain Key" owner="Collections">
<arg>${json_data['results'][0]['login']}</arg>
<arg>${keyTwo}</arg>
<doc>Fails if ``key`` is not found from ``dictionary``.</doc>
<status status="PASS" start="2024-07-04T07:15:49.914116" elapsed="0.000386"/>
</kw>
<kw name="Dictionary Should Contain Key" owner="Collections">
<arg>${json_data['results'][0]['login']}</arg>
<arg>${keyTwo}</arg>
<doc>Fails if ``key`` is not found from ``dictionary``.</doc>
<status status="PASS" start="2024-07-04T07:15:49.914686" elapsed="0.000396"/>
</kw>
<kw name="Log" owner="BuiltIn">
<msg time="2024-07-04T07:15:49.915377" level="INFO">password</msg>
<arg>${keyTwo}</arg>
<doc>Logs the given message with the given level.</doc>
<status status="PASS" start="2024-07-04T07:15:49.915258" elapsed="0.000160"/>
</kw>
<var name="${keyTwo}">password</var>
<status status="PASS" start="2024-07-04T07:15:49.914010" elapsed="0.001624"/>
</iter>
<var>${keyTwo}</var>
<value>@{expected_keysTwo}</value>
<status status="PASS" start="2024-07-04T07:15:49.912078" elapsed="0.003673"/>
</for>
<status status="PASS" start="2024-07-04T07:15:49.774847" elapsed="0.141048"/>
</kw>
<doc>Testa a estrutura da resposta da API.</doc>
<tag>testeEstruturaResposta</tag>
<status status="PASS" start="2024-07-04T07:15:49.774246" elapsed="0.141809"/>
</test>
<test id="s1-s1-t4" name="Validar tipos de dados" line="28">
<kw name="Teste de Tipos de Dados" owner="random-user-service">
<kw name="GET On Session" owner="RequestsLibrary">
<msg time="2024-07-04T07:15:50.244673" level="INFO">GET Request : url=https://randomuser.me/api 
 path_url=/api 
 headers={'User-Agent': 'python-requests/2.32.3', 'Accept-Encoding': 'gzip, deflate', 'Accept': '*/*', 'Connection': 'keep-alive'} 
 body=None 
 </msg>
<msg time="2024-07-04T07:15:50.244786" level="INFO">GET Response : url=https://randomuser.me/api 
 status=200, reason=OK 
 headers={'Date': 'Thu, 04 Jul 2024 07:15:50 GMT', 'Content-Type': 'application/json; charset=utf-8', 'Transfer-Encoding': 'chunked', 'Connection': 'keep-alive', 'X-Powered-By': 'Express', 'Access-Control-Allow-Origin': '*', 'Cache-Control': 'no-cache', 'ETag': 'W/"49b-5bu0ubePsoEEqx5rF1tK8Wr8ayE"', 'Vary': 'Accept-Encoding', 'Content-Encoding': 'gzip', 'CF-Cache-Status': 'DYNAMIC', 'Report-To': '{"endpoints":[{"url":"https:\\/\\/a.nel.cloudflare.com\\/report\\/v4?s=5r6BT3SYoIFUHmHsBASMsFbas25KqXBSnCVD3%2FJ%2FUPEz6Eq%2BPRO5v6vdPEyX4TOyb9JAARkI9P2OarrsZMEMr9DRzfn7zq6CK%2BrfeJm%2FXtDu4CrJiKcTHFPmkJcJKkCV"}],"group":"cf-nel","max_age":604800}', 'NEL': '{"success_fraction":0,"report_to":"cf-nel","max_age":604800}', 'Server': 'cloudflare', 'CF-RAY': '89dd538d0fbc2f3e-LAX', 'alt-svc': 'h3=":443"; ma=86400'} 
 body={"results":[{"gender":"female","name":{"title":"Ms","first":"Debbie","last":"Butler"},"location":{"street":{"number":3493,"name":"Green Lane"},"city":"Inverness","state":"West Glamorgan","country":"United Kingdom","postcode":"QM36 2EZ","coordinates":{"latitude":"-12.2868","longitude":"131.5188"},"timezone":{"offset":"+6:00","description":"Almaty, Dhaka, Colombo"}},"email":"debbie.butler@example.com","login":{"uuid":"41fc536e-66b1-47ea-8b12-fc155b07d81b","username":"bluewolf800","password":"apollo13","salt":"yRdC4NcS","md5":"a78df42f2c7ed1cb87a40006959035f5","sha1":"643e5f49f50ad24827293a904e91ce5d6859ff60","sha256":"f3022785132e2a1038f20905087fddbf3e3878dcaaf535a6bae61f0712c011df"},"dob":{"date":"1949-10-06T19:26:49.494Z","age":74},"registered":{"date":"2009-09-07T22:46:43.628Z","age":14},"phone":"013873 39620","cell":"07494 507336","id":{"name":"NINO","value":"ZK 84 28 27 L"},"picture":{"large":"https://randomuser.me/api/portraits/women/34.jpg","medium":"https://randomuser.me/api/portraits/med/women/34.jpg","thumbnail":"https://randomuser.me/api/portraits/thumb/women/34.jpg"},"nat":"GB"}],"info":{"seed":"992018bd6f52e287","results":1,"page":1,"version":"1.4"}} 
 </msg>
<msg time="2024-07-04T07:15:50.244868" level="INFO">/opt/hostedtoolcache/Python/3.12.4/x64/lib/python3.12/site-packages/urllib3/connectionpool.py:1099: InsecureRequestWarning: Unverified HTTPS request is being made to host 'randomuser.me'. Adding certificate verification is strongly advised. See: https://urllib3.readthedocs.io/en/latest/advanced-usage.html#tls-warnings
  warnings.warn(</msg>
<msg time="2024-07-04T07:15:50.245015" level="INFO">${response} = &lt;Response [200]&gt;</msg>
<var>${response}</var>
<arg>consultarAPI</arg>
<arg>/api</arg>
<doc>Sends a GET request on a previously created HTTP Session.</doc>
<status status="PASS" start="2024-07-04T07:15:49.918688" elapsed="0.326378"/>
</kw>
<kw name="Set Variable" owner="BuiltIn">
<msg time="2024-07-04T07:15:50.246258" level="INFO">${json_data} = {'results': [{'gender': 'female', 'name': {'title': 'Ms', 'first': 'Debbie', 'last': 'Butler'}, 'location': {'street': {'number': 3493, 'name': 'Green Lane'}, 'city': 'Inverness', 'state': 'West Glamo...</msg>
<var>${json_data}</var>
<arg>${response.json()}</arg>
<doc>Returns the given values which can then be assigned to a variables.</doc>
<status status="PASS" start="2024-07-04T07:15:50.245703" elapsed="0.000583"/>
</kw>
<kw name="Log" owner="BuiltIn">
<msg time="2024-07-04T07:15:50.246780" level="INFO">{'results': [{'gender': 'female', 'name': {'title': 'Ms', 'first': 'Debbie', 'last': 'Butler'}, 'location': {'street': {'number': 3493, 'name': 'Green Lane'}, 'city': 'Inverness', 'state': 'West Glamorgan', 'country': 'United Kingdom', 'postcode': 'QM36 2EZ', 'coordinates': {'latitude': '-12.2868', 'longitude': '131.5188'}, 'timezone': {'offset': '+6:00', 'description': 'Almaty, Dhaka, Colombo'}}, 'email': 'debbie.butler@example.com', 'login': {'uuid': '41fc536e-66b1-47ea-8b12-fc155b07d81b', 'username': 'bluewolf800', 'password': 'apollo13', 'salt': 'yRdC4NcS', 'md5': 'a78df42f2c7ed1cb87a40006959035f5', 'sha1': '643e5f49f50ad24827293a904e91ce5d6859ff60', 'sha256': 'f3022785132e2a1038f20905087fddbf3e3878dcaaf535a6bae61f0712c011df'}, 'dob': {'date': '1949-10-06T19:26:49.494Z', 'age': 74}, 'registered': {'date': '2009-09-07T22:46:43.628Z', 'age': 14}, 'phone': '013873 39620', 'cell': '07494 507336', 'id': {'name': 'NINO', 'value': 'ZK 84 28 27 L'}, 'picture': {'large': 'https://randomuser.me/api/portraits/women/34.jpg', 'medium': 'https://randomuser.me/api/portraits/med/women/34.jpg', 'thumbnail': 'https://randomuser.me/api/portraits/thumb/women/34.jpg'}, 'nat': 'GB'}], 'info': {'seed': '992018bd6f52e287', 'results': 1, 'page': 1, 'version': '1.4'}}</msg>
<arg>${json_data}</arg>
<doc>Logs the given message with the given level.</doc>
<status status="PASS" start="2024-07-04T07:15:50.246619" elapsed="0.000210"/>
</kw>
<kw name="Should Be String" owner="String">
<arg>${json_data['results'][0]['gender']}</arg>
<doc>Fails if the given ``item`` is not a string.</doc>
<status status="PASS" start="2024-07-04T07:15:50.247181" elapsed="0.000372"/>
</kw>
<kw name="Should Match Regexp" owner="BuiltIn">
<arg>${json_data['results'][0]['email']}</arg>
<arg>^[a-zA-Z0-9._%+-]+@[a-zA-Z0-9.-]+\.[a-zA-Z]{2,}$</arg>
<doc>Fails if ``string`` does not match ``pattern`` as a regular expression.</doc>
<status status="PASS" start="2024-07-04T07:15:50.247745" elapsed="0.000512"/>
</kw>
<kw name="Should Match Regexp" owner="BuiltIn">
<arg>${json_data['results'][0]['dob']['date']}</arg>
<arg>\\d{4}-\\d{2}-\\d{2}T\\d{2}:\\d{2}:\\d{2}\\.\\d{3}Z</arg>
<doc>Fails if ``string`` does not match ``pattern`` as a regular expression.</doc>
<status status="PASS" start="2024-07-04T07:15:50.248484" elapsed="0.000486"/>
</kw>
<kw name="Should Match Regexp" owner="BuiltIn">
<arg>${json_data['results'][0]['registered']['date']}</arg>
<arg>\\d{4}-\\d{2}-\\d{2}T\\d{2}:\\d{2}:\\d{2}\\.\\d{3}Z</arg>
<doc>Fails if ``string`` does not match ``pattern`` as a regular expression.</doc>
<status status="PASS" start="2024-07-04T07:15:50.249156" elapsed="0.000365"/>
</kw>
<kw name="Should Match Regexp" owner="BuiltIn">
<arg>${json_data['results'][0]['picture']['large']}</arg>
<arg>^https?://.*\.(?:png|jpe?g|gif|bmp)$</arg>
<doc>Fails if ``string`` does not match ``pattern`` as a regular expression.</doc>
<status status="PASS" start="2024-07-04T07:15:50.249701" elapsed="0.000452"/>
</kw>
<kw name="Should Match Regexp" owner="BuiltIn">
<arg>${json_data['results'][0]['picture']['medium']}</arg>
<arg>^https?://.*\.(?:png|jpe?g|gif|bmp)$</arg>
<doc>Fails if ``string`` does not match ``pattern`` as a regular expression.</doc>
<status status="PASS" start="2024-07-04T07:15:50.250334" elapsed="0.000347"/>
</kw>
<kw name="Should Match Regexp" owner="BuiltIn">
<arg>${json_data['results'][0]['picture']['thumbnail']}</arg>
<arg>^https?://.*\.(?:png|jpe?g|gif|bmp)$</arg>
<doc>Fails if ``string`` does not match ``pattern`` as a regular expression.</doc>
<status status="PASS" start="2024-07-04T07:15:50.250884" elapsed="0.000359"/>
</kw>
<kw name="Log" owner="BuiltIn">
<msg time="2024-07-04T07:15:50.251757" level="INFO">{'large': 'https://randomuser.me/api/portraits/women/34.jpg', 'medium': 'https://randomuser.me/api/portraits/med/women/34.jpg', 'thumbnail': 'https://randomuser.me/api/portraits/thumb/women/34.jpg'}</msg>
<arg>${json_data['results'][0]['picture']}</arg>
<doc>Logs the given message with the given level.</doc>
<status status="PASS" start="2024-07-04T07:15:50.251425" elapsed="0.000374"/>
</kw>
<status status="PASS" start="2024-07-04T07:15:49.918462" elapsed="0.333598"/>
</kw>
<kw name="Teste de Tipos de Dados - Postcode" owner="random-user-service">
<kw name="GET On Session" owner="RequestsLibrary">
<msg time="2024-07-04T07:15:50.565770" level="INFO">GET Request : url=https://randomuser.me/api 
 path_url=/api 
 headers={'User-Agent': 'python-requests/2.32.3', 'Accept-Encoding': 'gzip, deflate', 'Accept': '*/*', 'Connection': 'keep-alive'} 
 body=None 
 </msg>
<msg time="2024-07-04T07:15:50.565878" level="INFO">GET Response : url=https://randomuser.me/api 
 status=200, reason=OK 
 headers={'Date': 'Thu, 04 Jul 2024 07:15:50 GMT', 'Content-Type': 'application/json; charset=utf-8', 'Transfer-Encoding': 'chunked', 'Connection': 'keep-alive', 'X-Powered-By': 'Express', 'Access-Control-Allow-Origin': '*', 'Cache-Control': 'no-cache', 'ETag': 'W/"49e-wS08NkDPLn/FHYGE9Q/OeSFPKZg"', 'Vary': 'Accept-Encoding', 'Content-Encoding': 'gzip', 'CF-Cache-Status': 'DYNAMIC', 'Report-To': '{"endpoints":[{"url":"https:\\/\\/a.nel.cloudflare.com\\/report\\/v4?s=v6SA3tXmItJncS%2Bnt%2FaJiTJfr8hDtNzcwaPgpbr1Iyg9rnwKInkekAtP%2BPfgkphEFpGl1IFggrP7aqZ7DhJBAhPo0H50zAZWo7c4dBBUShfsBRZBuRZNRjLS9nejuG5P"}],"group":"cf-nel","max_age":604800}', 'NEL': '{"success_fraction":0,"report_to":"cf-nel","max_age":604800}', 'Server': 'cloudflare', 'CF-RAY': '89dd538f2a452f3e-LAX', 'alt-svc': 'h3=":443"; ma=86400'} 
 body={"results":[{"gender":"male","name":{"title":"Mr","first":"Nelly","last":"Zúñiga"},"location":{"street":{"number":9735,"name":"Eje vial Sur Borrego"},"city":"Zaragoza","state":"Chiapas","country":"Mexico","postcode":55411,"coordinates":{"latitude":"22.4189","longitude":"-112.9955"},"timezone":{"offset":"-6:00","description":"Central Time (US &amp; Canada), Mexico City"}},"email":"nelly.zuniga@example.com","login":{"uuid":"bf3faf28-7a6e-46d3-8708-099e63a5cc81","username":"angrylion107","password":"journey","salt":"COz4y1ma","md5":"d3c55effa1fd07c15413a104b24f86a2","sha1":"bf615bf615f94f8dcb259b565c9b9ebea442058f","sha256":"c34e0b2e641ed052cb134dd061cc0a5de88bf270d809c0b4290724d287a78fc5"},"dob":{"date":"1979-11-19T03:30:45.796Z","age":44},"registered":{"date":"2014-01-10T04:32:09.266Z","age":10},"phone":"(642) 638 7517","cell":"(657) 884 3420","id":{"name":"NSS","value":"32 95 80 7084 9"},"picture":{"large":"https://randomuser.me/api/portraits/men/92.jpg","medium":"https://randomuser.me/api/portraits/med/men/92.jpg","thumbnail":"https://randomuser.me/api/portraits/thumb/men/92.jpg"},"nat":"MX"}],"info":{"seed":"0dd4f6b333495963","results":1,"page":1,"version":"1.4"}} 
 </msg>
<msg time="2024-07-04T07:15:50.565950" level="INFO">/opt/hostedtoolcache/Python/3.12.4/x64/lib/python3.12/site-packages/urllib3/connectionpool.py:1099: InsecureRequestWarning: Unverified HTTPS request is being made to host 'randomuser.me'. Adding certificate verification is strongly advised. See: https://urllib3.readthedocs.io/en/latest/advanced-usage.html#tls-warnings
  warnings.warn(</msg>
<msg time="2024-07-04T07:15:50.566074" level="INFO">${response} = &lt;Response [200]&gt;</msg>
<var>${response}</var>
<arg>consultarAPI</arg>
<arg>/api</arg>
<doc>Sends a GET request on a previously created HTTP Session.</doc>
<status status="PASS" start="2024-07-04T07:15:50.252512" elapsed="0.313602"/>
</kw>
<kw name="Set Variable" owner="BuiltIn">
<msg time="2024-07-04T07:15:50.567353" level="INFO">${json_data} = {'results': [{'gender': 'male', 'name': {'title': 'Mr', 'first': 'Nelly', 'last': 'Zúñiga'}, 'location': {'street': {'number': 9735, 'name': 'Eje vial Sur Borrego'}, 'city': 'Zaragoza', 'state': 'Chia...</msg>
<var>${json_data}</var>
<arg>${response.json()}</arg>
<doc>Returns the given values which can then be assigned to a variables.</doc>
<status status="PASS" start="2024-07-04T07:15:50.566739" elapsed="0.000644"/>
</kw>
<kw name="Log" owner="BuiltIn">
<msg time="2024-07-04T07:15:50.567865" level="INFO">{'results': [{'gender': 'male', 'name': {'title': 'Mr', 'first': 'Nelly', 'last': 'Zúñiga'}, 'location': {'street': {'number': 9735, 'name': 'Eje vial Sur Borrego'}, 'city': 'Zaragoza', 'state': 'Chiapas', 'country': 'Mexico', 'postcode': 55411, 'coordinates': {'latitude': '22.4189', 'longitude': '-112.9955'}, 'timezone': {'offset': '-6:00', 'description': 'Central Time (US &amp; Canada), Mexico City'}}, 'email': 'nelly.zuniga@example.com', 'login': {'uuid': 'bf3faf28-7a6e-46d3-8708-099e63a5cc81', 'username': 'angrylion107', 'password': 'journey', 'salt': 'COz4y1ma', 'md5': 'd3c55effa1fd07c15413a104b24f86a2', 'sha1': 'bf615bf615f94f8dcb259b565c9b9ebea442058f', 'sha256': 'c34e0b2e641ed052cb134dd061cc0a5de88bf270d809c0b4290724d287a78fc5'}, 'dob': {'date': '1979-11-19T03:30:45.796Z', 'age': 44}, 'registered': {'date': '2014-01-10T04:32:09.266Z', 'age': 10}, 'phone': '(642) 638 7517', 'cell': '(657) 884 3420', 'id': {'name': 'NSS', 'value': '32 95 80 7084 9'}, 'picture': {'large': 'https://randomuser.me/api/portraits/men/92.jpg', 'medium': 'https://randomuser.me/api/portraits/med/men/92.jpg', 'thumbnail': 'https://randomuser.me/api/portraits/thumb/men/92.jpg'}, 'nat': 'MX'}], 'info': {'seed': '0dd4f6b333495963', 'results': 1, 'page': 1, 'version': '1.4'}}</msg>
<arg>${json_data}</arg>
<doc>Logs the given message with the given level.</doc>
<status status="PASS" start="2024-07-04T07:15:50.567699" elapsed="0.000218"/>
</kw>
<kw name="Should Be Equal As Numbers" owner="BuiltIn">
<arg>${json_data['results'][0]['location']['postcode']}</arg>
<arg>${json_data['results'][0]['location']['postcode']}</arg>
<doc>Fails if objects are unequal after converting them to real numbers.</doc>
<status status="PASS" start="2024-07-04T07:15:50.568206" elapsed="0.000631"/>
</kw>
<kw name="Log" owner="BuiltIn">
<msg time="2024-07-04T07:15:50.569356" level="INFO">55411</msg>
<arg>${json_data['results'][0]['location']['postcode']}</arg>
<doc>Logs the given message with the given level.</doc>
<status status="PASS" start="2024-07-04T07:15:50.569022" elapsed="0.000411"/>
</kw>
<status status="PASS" start="2024-07-04T07:15:50.252287" elapsed="0.317403"/>
</kw>
<doc>Testa se os tipos de dados na resposta da API estão corretos.</doc>
<tag>testeTiposDados</tag>
<status status="PASS" start="2024-07-04T07:15:49.917795" elapsed="0.652064"/>
</test>
<test id="s1-s1-t5" name="Validar conteudo" line="35">
<kw name="Teste de Tipos de Conteudo" owner="random-user-service">
<kw name="GET On Session" owner="RequestsLibrary">
<msg time="2024-07-04T07:15:50.717694" level="INFO">GET Request : url=https://randomuser.me/api 
 path_url=/api 
 headers={'User-Agent': 'python-requests/2.32.3', 'Accept-Encoding': 'gzip, deflate', 'Accept': '*/*', 'Connection': 'keep-alive'} 
 body=None 
 </msg>
<msg time="2024-07-04T07:15:50.717810" level="INFO">GET Response : url=https://randomuser.me/api 
 status=200, reason=OK 
 headers={'Date': 'Thu, 04 Jul 2024 07:15:50 GMT', 'Content-Type': 'application/json; charset=utf-8', 'Transfer-Encoding': 'chunked', 'Connection': 'keep-alive', 'X-Powered-By': 'Express', 'Access-Control-Allow-Origin': '*', 'Cache-Control': 'no-cache', 'ETag': 'W/"4b6-NdMDXVXaC1HOZUW6NoNkypOEgLs"', 'Vary': 'Accept-Encoding', 'Content-Encoding': 'gzip', 'CF-Cache-Status': 'DYNAMIC', 'Report-To': '{"endpoints":[{"url":"https:\\/\\/a.nel.cloudflare.com\\/report\\/v4?s=wUnR0ZPHj7jaIYmeY2mfUBx7Wq4WgWb6ccspJksMCeuBB5R8MtcH1RJagVcJWd17rHIPnG%2FW1%2FbnJx0IeWA5lrv7B9FS8YV8yjaG9yRHnN4hoi8ehrhYf57TapnIrqED"}],"group":"cf-nel","max_age":604800}', 'NEL': '{"success_fraction":0,"report_to":"cf-nel","max_age":604800}', 'Server': 'cloudflare', 'CF-RAY': '89dd53912d252f3e-LAX', 'alt-svc': 'h3=":443"; ma=86400'} 
 body={"results":[{"gender":"female","name":{"title":"Miss","first":"Aubree","last":"Gauthier"},"location":{"street":{"number":7265,"name":"20th Ave"},"city":"Oakville","state":"Newfoundland and Labrador","country":"Canada","postcode":"K6F 5O4","coordinates":{"latitude":"-68.8562","longitude":"81.6029"},"timezone":{"offset":"0:00","description":"Western Europe Time, London, Lisbon, Casablanca"}},"email":"aubree.gauthier@example.com","login":{"uuid":"2537b0a5-28e5-41d8-96ec-8593a783dae6","username":"smallleopard428","password":"trouble1","salt":"F6wf3Fgz","md5":"29e2bb5fde2d1189fc6966bd5523f051","sha1":"f7cfd0d8ad71be6d6ebc73e1e85f16c776a4148f","sha256":"ed14554f34c1a8f3224b19d3aa2d2c145310d2ceb1bf6990320902270bd24171"},"dob":{"date":"1978-05-04T17:31:22.329Z","age":46},"registered":{"date":"2006-07-11T08:42:41.579Z","age":17},"phone":"M52 W69-4752","cell":"S55 K72-0970","id":{"name":"SIN","value":"152309852"},"picture":{"large":"https://randomuser.me/api/portraits/women/61.jpg","medium":"https://randomuser.me/api/portraits/med/women/61.jpg","thumbnail":"https://randomuser.me/api/portraits/thumb/women/61.jpg"},"nat":"CA"}],"info":{"seed":"adeb0fbe6b88b296","results":1,"page":1,"version":"1.4"}} 
 </msg>
<msg time="2024-07-04T07:15:50.717909" level="INFO">/opt/hostedtoolcache/Python/3.12.4/x64/lib/python3.12/site-packages/urllib3/connectionpool.py:1099: InsecureRequestWarning: Unverified HTTPS request is being made to host 'randomuser.me'. Adding certificate verification is strongly advised. See: https://urllib3.readthedocs.io/en/latest/advanced-usage.html#tls-warnings
  warnings.warn(</msg>
<msg time="2024-07-04T07:15:50.718048" level="INFO">${response} = &lt;Response [200]&gt;</msg>
<var>${response}</var>
<arg>consultarAPI</arg>
<arg>/api</arg>
<doc>Sends a GET request on a previously created HTTP Session.</doc>
<status status="PASS" start="2024-07-04T07:15:50.572617" elapsed="0.145471"/>
</kw>
<kw name="Set Variable" owner="BuiltIn">
<msg time="2024-07-04T07:15:50.719304" level="INFO">${json_data} = {'results': [{'gender': 'female', 'name': {'title': 'Miss', 'first': 'Aubree', 'last': 'Gauthier'}, 'location': {'street': {'number': 7265, 'name': '20th Ave'}, 'city': 'Oakville', 'state': 'Newfoundl...</msg>
<var>${json_data}</var>
<arg>${response.json()}</arg>
<doc>Returns the given values which can then be assigned to a variables.</doc>
<status status="PASS" start="2024-07-04T07:15:50.718710" elapsed="0.000623"/>
</kw>
<kw name="Set Variable" owner="BuiltIn">
<msg time="2024-07-04T07:15:50.720057" level="INFO">${name_title} = Miss</msg>
<var>${name_title}</var>
<arg>${json_data["results"][0]["name"]["title"]}</arg>
<doc>Returns the given values which can then be assigned to a variables.</doc>
<status status="PASS" start="2024-07-04T07:15:50.719669" elapsed="0.000413"/>
</kw>
<kw name="Create List" owner="BuiltIn">
<msg time="2024-07-04T07:15:50.720525" level="INFO">${allowed_titles} = ['Mr', 'Ms', 'Miss', 'Mrs', 'Madame', 'Monsieur']</msg>
<var>${allowed_titles}</var>
<arg>Mr</arg>
<arg>Ms</arg>
<arg>Miss</arg>
<arg>Mrs</arg>
<arg>Madame</arg>
<arg>Monsieur</arg>
<doc>Returns a list containing given items.</doc>
<status status="PASS" start="2024-07-04T07:15:50.720374" elapsed="0.000176"/>
</kw>
<kw name="List Should Contain Value" owner="Collections">
<arg>${allowed_titles}</arg>
<arg>${name_title}</arg>
<doc>Fails if the ``value`` is not found from ``list``.</doc>
<status status="PASS" start="2024-07-04T07:15:50.720842" elapsed="0.000180"/>
</kw>
<kw name="Set Variable" owner="BuiltIn">
<msg time="2024-07-04T07:15:50.721567" level="INFO">${name_country} = CA</msg>
<var>${name_country}</var>
<arg>${json_data["results"][0]["nat"]}</arg>
<doc>Returns the given values which can then be assigned to a variables.</doc>
<status status="PASS" start="2024-07-04T07:15:50.721200" elapsed="0.000392"/>
</kw>
<kw name="Create List" owner="BuiltIn">
<msg time="2024-07-04T07:15:50.722478" level="INFO">${list_country} = ['AD', 'AE', 'AF', 'AG', 'AI', 'AL', 'AM', 'AO', 'AQ', 'AR', 'AS', 'AT', 'AU', 'AW', 'AX', 'AZ', 'BA', 'BB', 'BD', 'BE', 'BF', 'BG', 'BH', 'BI', 'BJ', 'BL', 'BM', 'BN', 'BO', 'BQ', 'BR', 'BS', 'BT', '...</msg>
<var>${list_country}</var>
<arg>AD</arg>
<arg>AE</arg>
<arg>AF</arg>
<arg>AG</arg>
<arg>AI</arg>
<arg>AL</arg>
<arg>AM</arg>
<arg>AO</arg>
<arg>AQ</arg>
<arg>AR</arg>
<arg>AS</arg>
<arg>AT</arg>
<arg>AU</arg>
<arg>AW</arg>
<arg>AX</arg>
<arg>AZ</arg>
<arg>BA</arg>
<arg>BB</arg>
<arg>BD</arg>
<arg>BE</arg>
<arg>BF</arg>
<arg>BG</arg>
<arg>BH</arg>
<arg>BI</arg>
<arg>BJ</arg>
<arg>BL</arg>
<arg>BM</arg>
<arg>BN</arg>
<arg>BO</arg>
<arg>BQ</arg>
<arg>BR</arg>
<arg>BS</arg>
<arg>BT</arg>
<arg>BV</arg>
<arg>BW</arg>
<arg>BY</arg>
<arg>BZ</arg>
<arg>CA</arg>
<arg>CC</arg>
<arg>CD</arg>
<arg>CF</arg>
<arg>CG</arg>
<arg>CH</arg>
<arg>CI</arg>
<arg>CK</arg>
<arg>CL</arg>
<arg>CM</arg>
<arg>CN</arg>
<arg>CO</arg>
<arg>CR</arg>
<arg>CU</arg>
<arg>CV</arg>
<arg>CW</arg>
<arg>CX</arg>
<arg>CY</arg>
<arg>CZ</arg>
<arg>DE</arg>
<arg>DJ</arg>
<arg>DK</arg>
<arg>DM</arg>
<arg>DO</arg>
<arg>DZ</arg>
<arg>EC</arg>
<arg>EE</arg>
<arg>EG</arg>
<arg>EH</arg>
<arg>ER</arg>
<arg>ES</arg>
<arg>ET</arg>
<arg>FI</arg>
<arg>FJ</arg>
<arg>FK</arg>
<arg>FM</arg>
<arg>FO</arg>
<arg>FR</arg>
<arg>GA</arg>
<arg>GB</arg>
<arg>GD</arg>
<arg>GE</arg>
<arg>GF</arg>
<arg>GG</arg>
<arg>GH</arg>
<arg>GI</arg>
<arg>GL</arg>
<arg>GM</arg>
<arg>GN</arg>
<arg>GP</arg>
<arg>GQ</arg>
<arg>GR</arg>
<arg>GS</arg>
<arg>GT</arg>
<arg>GU</arg>
<arg>GW</arg>
<arg>GY</arg>
<arg>HK</arg>
<arg>HM</arg>
<arg>HN</arg>
<arg>HR</arg>
<arg>HT</arg>
<arg>HU</arg>
<arg>ID</arg>
<arg>IE</arg>
<arg>IL</arg>
<arg>IM</arg>
<arg>IN</arg>
<arg>IO</arg>
<arg>IQ</arg>
<arg>IR</arg>
<arg>IS</arg>
<arg>IT</arg>
<arg>JE</arg>
<arg>JM</arg>
<arg>JO</arg>
<arg>JP</arg>
<arg>KE</arg>
<arg>KG</arg>
<arg>KH</arg>
<arg>KI</arg>
<arg>KM</arg>
<arg>KN</arg>
<arg>KP</arg>
<arg>KR</arg>
<arg>KW</arg>
<arg>KY</arg>
<arg>KZ</arg>
<arg>LA</arg>
<arg>LB</arg>
<arg>LC</arg>
<arg>LI</arg>
<arg>LK</arg>
<arg>LR</arg>
<arg>LS</arg>
<arg>LT</arg>
<arg>LU</arg>
<arg>LV</arg>
<arg>LY</arg>
<arg>MA</arg>
<arg>MC</arg>
<arg>MD</arg>
<arg>ME</arg>
<arg>MF</arg>
<arg>MG</arg>
<arg>MH</arg>
<arg>MK</arg>
<arg>ML</arg>
<arg>MM</arg>
<arg>MN</arg>
<arg>MO</arg>
<arg>MP</arg>
<arg>MQ</arg>
<arg>MR</arg>
<arg>MS</arg>
<arg>MT</arg>
<arg>MU</arg>
<arg>MV</arg>
<arg>MW</arg>
<arg>MX</arg>
<arg>MY</arg>
<arg>MZ</arg>
<arg>NA</arg>
<arg>NC</arg>
<arg>NE</arg>
<arg>NF</arg>
<arg>NG</arg>
<arg>NI</arg>
<arg>NL</arg>
<arg>NO</arg>
<arg>NP</arg>
<arg>NR</arg>
<arg>NU</arg>
<arg>NZ</arg>
<arg>OM</arg>
<arg>PA</arg>
<arg>PE</arg>
<arg>PF</arg>
<arg>PG</arg>
<arg>PH</arg>
<arg>PK</arg>
<arg>PL</arg>
<arg>PM</arg>
<arg>PN</arg>
<arg>PR</arg>
<arg>PS</arg>
<arg>PT</arg>
<arg>PW</arg>
<arg>PY</arg>
<arg>QA</arg>
<arg>RE</arg>
<arg>RO</arg>
<arg>RS</arg>
<arg>RU</arg>
<arg>RW</arg>
<arg>SA</arg>
<arg>SB</arg>
<arg>SC</arg>
<arg>SD</arg>
<arg>SE</arg>
<arg>SG</arg>
<arg>SH</arg>
<arg>SI</arg>
<arg>SJ</arg>
<arg>SK</arg>
<arg>SL</arg>
<arg>SM</arg>
<arg>SN</arg>
<arg>SO</arg>
<arg>SR</arg>
<arg>SS</arg>
<arg>ST</arg>
<arg>SV</arg>
<arg>SX</arg>
<arg>SY</arg>
<arg>SZ</arg>
<arg>TC</arg>
<arg>TD</arg>
<arg>TF</arg>
<arg>TG</arg>
<arg>TH</arg>
<arg>TJ</arg>
<arg>TK</arg>
<arg>TL</arg>
<arg>TM</arg>
<arg>TN</arg>
<arg>TO</arg>
<arg>TR</arg>
<arg>TT</arg>
<arg>TV</arg>
<arg>TW</arg>
<arg>TZ</arg>
<arg>UA</arg>
<arg>UG</arg>
<arg>UM</arg>
<arg>US</arg>
<arg>UY</arg>
<arg>UZ</arg>
<arg>VA</arg>
<arg>VC</arg>
<arg>VE</arg>
<arg>VG</arg>
<arg>VI</arg>
<arg>VN</arg>
<arg>VU</arg>
<arg>WF</arg>
<arg>WS</arg>
<arg>XK</arg>
<arg>YE</arg>
<arg>YT</arg>
<arg>ZA</arg>
<arg>ZM</arg>
<arg>ZW</arg>
<doc>Returns a list containing given items.</doc>
<status status="PASS" start="2024-07-04T07:15:50.721882" elapsed="0.000622"/>
</kw>
<kw name="List Should Contain Value" owner="Collections">
<arg>${list_country}</arg>
<arg>${name_country}</arg>
<doc>Fails if the ``value`` is not found from ``list``.</doc>
<status status="PASS" start="2024-07-04T07:15:50.723329" elapsed="0.000204"/>
</kw>
<kw name="Run Keyword If" owner="BuiltIn">
<kw name="Should Be True" owner="BuiltIn">
<arg>${True}</arg>
<doc>Fails if the given condition is not true.</doc>
<status status="PASS" start="2024-07-04T07:15:50.724495" elapsed="0.000143"/>
</kw>
<arg>${json_data["results"][0]["location"]["coordinates"]["latitude"]} &gt;= -90 and ${json_data["results"][0]["location"]["coordinates"]["latitude"]} &lt;= 90</arg>
<arg>Should Be True</arg>
<arg>${True}</arg>
<doc>Runs the given keyword with the given arguments, if ``condition`` is true.</doc>
<status status="PASS" start="2024-07-04T07:15:50.723730" elapsed="0.001035"/>
</kw>
<kw name="Run Keyword If" owner="BuiltIn">
<kw name="Should Be True" owner="BuiltIn">
<arg>${True}</arg>
<doc>Fails if the given condition is not true.</doc>
<status status="PASS" start="2024-07-04T07:15:50.725636" elapsed="0.000138"/>
</kw>
<arg>${json_data["results"][0]["location"]["coordinates"]["longitude"]} &gt;= -180 and ${json_data["results"][0]["location"]["coordinates"]["longitude"]} &lt;= 180</arg>
<arg>Should Be True</arg>
<arg>${True}</arg>
<doc>Runs the given keyword with the given arguments, if ``condition`` is true.</doc>
<status status="PASS" start="2024-07-04T07:15:50.724945" elapsed="0.000951"/>
</kw>
<status status="PASS" start="2024-07-04T07:15:50.572220" elapsed="0.153811"/>
</kw>
<doc>Testa o conteúdo específico dos campos retornados pela API.</doc>
<tag>testeConteudo</tag>
<status status="PASS" start="2024-07-04T07:15:50.571678" elapsed="0.154508"/>
</test>
<status status="PASS" start="2024-07-04T07:15:49.123500" elapsed="1.604715"/>
</suite>
<status status="PASS" start="2024-07-04T07:15:49.109160" elapsed="1.624305"/>
</suite>
<statistics>
<total>
<stat pass="5" fail="0" skip="0">All Tests</stat>
</total>
<tag>
<stat pass="1" fail="0" skip="0">testeConteudo</stat>
<stat pass="1" fail="0" skip="0">testeEstruturaResposta</stat>
<stat pass="1" fail="0" skip="0">testeRequisicaoBasica</stat>
<stat pass="1" fail="0" skip="0">testeTiposDados</stat>
</tag>
<suite>
<stat pass="5" fail="0" skip="0" id="s1" name="Tests">Tests</stat>
<stat pass="5" fail="0" skip="0" id="s1-s1" name="Random-User-Test">Tests.Random-User-Test</stat>
</suite>
</statistics>
<errors>
</errors>
</robot>
