<?xml version="1.0" encoding="UTF-8"?>
<robot generator="Robot 7.0 (Python 3.12.3 on linux)" generated="2024-04-21T15:13:32.535783" rpa="false" schemaversion="5">
<suite id="s1" name="Tests" source="/home/runner/work/DesafioQAItauRogerioJordao/DesafioQAItauRogerioJordao/RamdonUser/tests">
<suite id="s1-s1" name="Random-User-Test" source="/home/runner/work/DesafioQAItauRogerioJordao/DesafioQAItauRogerioJordao/RamdonUser/tests/random-user-test.robot">
<test id="s1-s1-t1" name="Conectar" line="13">
<kw name="Conectar API" owner="random-user-service">
<kw name="Create Session" owner="RequestsLibrary">
<msg time="2024-04-21T15:13:32.887508" level="INFO">Creating Session using : alias=consultarAPI, url=https://randomuser.me/, headers={},                     cookies={}, auth=None, timeout=None, proxies=None, verify=False,                     debug=0 </msg>
<arg>consultarAPI</arg>
<arg>${URL}</arg>
<doc>Create Session: create a HTTP session to a server</doc>
<status status="PASS" start="2024-04-21T15:13:32.887282" elapsed="0.000390"/>
</kw>
<status status="PASS" start="2024-04-21T15:13:32.886372" elapsed="0.001651"/>
</kw>
<status status="PASS" start="2024-04-21T15:13:32.885808" elapsed="0.002408"/>
</test>
<test id="s1-s1-t2" name="Validar retorno 200 e JSON Válido" line="16">
<kw name="Teste de Requisicao Basica" owner="random-user-service">
<kw name="GET On Session" owner="RequestsLibrary">
<msg time="2024-04-21T15:13:33.102180" level="INFO">GET Request : url=https://randomuser.me/api 
 path_url=/api 
 headers={'User-Agent': 'python-requests/2.31.0', 'Accept-Encoding': 'gzip, deflate', 'Accept': '*/*', 'Connection': 'keep-alive'} 
 body=None 
 </msg>
<msg time="2024-04-21T15:13:33.102334" level="INFO">GET Response : url=https://randomuser.me/api 
 status=200, reason=OK 
 headers={'Date': 'Sun, 21 Apr 2024 15:13:33 GMT', 'Content-Type': 'application/json; charset=utf-8', 'Transfer-Encoding': 'chunked', 'Connection': 'keep-alive', 'X-Powered-By': 'Express', 'Access-Control-Allow-Origin': '*', 'Cache-Control': 'no-cache', 'ETag': 'W/"480-QMjl5LpJ2w+WTWdphmfXkAvVU4U"', 'Vary': 'Accept-Encoding', 'Content-Encoding': 'gzip', 'CF-Cache-Status': 'DYNAMIC', 'Report-To': '{"endpoints":[{"url":"https:\\/\\/a.nel.cloudflare.com\\/report\\/v4?s=Nj3FEfO53jFtpqKRh%2FFnl8TcXGJfSlQftxx%2F7YFU12Vxi%2Fs0xtz4C8x86FYmoB2RMXnFxwxBvxxCfhcDCqAg2Bc9HdGlkZ13A4B85gFeRm2dh6A7DopRXu1H0DvCIb3j"}],"group":"cf-nel","max_age":604800}', 'NEL': '{"success_fraction":0,"report_to":"cf-nel","max_age":604800}', 'Server': 'cloudflare', 'CF-RAY': '877e51958fd813ec-ORD', 'alt-svc': 'h3=":443"; ma=86400'} 
 body={"results":[{"gender":"female","name":{"title":"Ms","first":"Nalan","last":"Nebioğlu"},"location":{"street":{"number":6946,"name":"Necatibey Cd"},"city":"Manisa","state":"Bursa","country":"Turkey","postcode":67908,"coordinates":{"latitude":"66.3689","longitude":"72.0394"},"timezone":{"offset":"+2:00","description":"Kaliningrad, South Africa"}},"email":"nalan.nebioglu@example.com","login":{"uuid":"bac8b883-ac1a-4baa-95c4-a860a6dcdf15","username":"goldenostrich576","password":"saints","salt":"UfNUQQev","md5":"07012329b0c7f0703db963258dcb842c","sha1":"a1df19a437e6af50d1bed823fddd05cca43c5d68","sha256":"85dfa410b6e9bf43c96c4d7d4208365b6b48043d1b4830e7e80eca5fa5f87673"},"dob":{"date":"1967-03-12T22:24:15.575Z","age":57},"registered":{"date":"2002-10-08T01:54:28.474Z","age":21},"phone":"(388)-890-3355","cell":"(158)-389-8651","id":{"name":"","value":null},"picture":{"large":"https://randomuser.me/api/portraits/women/65.jpg","medium":"https://randomuser.me/api/portraits/med/women/65.jpg","thumbnail":"https://randomuser.me/api/portraits/thumb/women/65.jpg"},"nat":"TR"}],"info":{"seed":"8ad1bb054c719fe9","results":1,"page":1,"version":"1.4"}} 
 </msg>
<msg time="2024-04-21T15:13:33.102424" level="INFO">/opt/hostedtoolcache/Python/3.12.3/x64/lib/python3.12/site-packages/urllib3/connectionpool.py:1103: InsecureRequestWarning: Unverified HTTPS request is being made to host 'randomuser.me'. Adding certificate verification is strongly advised. See: https://urllib3.readthedocs.io/en/latest/advanced-usage.html#tls-warnings
  warnings.warn(</msg>
<msg time="2024-04-21T15:13:33.102577" level="INFO">${response} = &lt;Response [200]&gt;</msg>
<var>${response}</var>
<arg>consultarAPI</arg>
<arg>/api</arg>
<doc>Sends a GET request on a previously created HTTP Session.</doc>
<status status="PASS" start="2024-04-21T15:13:32.890846" elapsed="0.211775"/>
</kw>
<kw name="Should Be Equal As Numbers" owner="BuiltIn">
<msg time="2024-04-21T15:13:33.103514" level="INFO">Argument types are:
&lt;class 'int'&gt;
&lt;class 'str'&gt;</msg>
<arg>${response.status_code}</arg>
<arg>200</arg>
<doc>Fails if objects are unequal after converting them to real numbers.</doc>
<status status="PASS" start="2024-04-21T15:13:33.103052" elapsed="0.000528"/>
</kw>
<kw name="Log" owner="BuiltIn">
<msg time="2024-04-21T15:13:33.104289" level="INFO">200</msg>
<arg>${response.status_code}</arg>
<doc>Logs the given message with the given level.</doc>
<status status="PASS" start="2024-04-21T15:13:33.103923" elapsed="0.000408"/>
</kw>
<kw name="Set Variable" owner="BuiltIn">
<msg time="2024-04-21T15:13:33.105090" level="INFO">${json_data} = {'results': [{'gender': 'female', 'name': {'title': 'Ms', 'first': 'Nalan', 'last': 'Nebioğlu'}, 'location': {'street': {'number': 6946, 'name': 'Necatibey Cd'}, 'city': 'Manisa', 'state': 'Bursa', 'c...</msg>
<var>${json_data}</var>
<arg>${response.json()}</arg>
<doc>Returns the given values which can then be assigned to a variables.</doc>
<status status="PASS" start="2024-04-21T15:13:33.104639" elapsed="0.000481"/>
</kw>
<kw name="Dictionary Should Contain Key" owner="Collections">
<msg time="2024-04-21T15:13:33.105590" level="INFO">False</msg>
<arg>${json_data}</arg>
<arg>results</arg>
<doc>Fails if ``key`` is not found from ``dictionary``.</doc>
<status status="PASS" start="2024-04-21T15:13:33.105421" elapsed="0.000209"/>
</kw>
<status status="PASS" start="2024-04-21T15:13:32.890606" elapsed="0.215278"/>
</kw>
<doc>Testa se a API responde corretamente e retorna um objeto JSON válido.</doc>
<tag>testeRequisicaoBasica</tag>
<status status="PASS" start="2024-04-21T15:13:32.890095" elapsed="0.215965"/>
</test>
<test id="s1-s1-t3" name="Validar estrutura de resposta" line="22">
<kw name="Teste de Estrutura de Resposta" owner="random-user-service">
<kw name="GET On Session" owner="RequestsLibrary">
<msg time="2024-04-21T15:13:33.186191" level="INFO">GET Request : url=https://randomuser.me/api 
 path_url=/api 
 headers={'User-Agent': 'python-requests/2.31.0', 'Accept-Encoding': 'gzip, deflate', 'Accept': '*/*', 'Connection': 'keep-alive'} 
 body=None 
 </msg>
<msg time="2024-04-21T15:13:33.186326" level="INFO">GET Response : url=https://randomuser.me/api 
 status=200, reason=OK 
 headers={'Date': 'Sun, 21 Apr 2024 15:13:33 GMT', 'Content-Type': 'application/json; charset=utf-8', 'Transfer-Encoding': 'chunked', 'Connection': 'keep-alive', 'X-Powered-By': 'Express', 'Access-Control-Allow-Origin': '*', 'Cache-Control': 'no-cache', 'ETag': 'W/"46e-+KRwjslZlDGLNHnJNOsXSO0FOwU"', 'Vary': 'Accept-Encoding', 'Content-Encoding': 'gzip', 'CF-Cache-Status': 'DYNAMIC', 'Report-To': '{"endpoints":[{"url":"https:\\/\\/a.nel.cloudflare.com\\/report\\/v4?s=rP0bCzDESfG7QyEgGrmPyHtcvo7PKif9PEolry7USYshUMWmLyg%2FqnBdaL7wpiB18xLRY7sNJtQv9AC2I47389kEncTURj6U7fdzxPZgEYwZDO5iXJOHROtjGCuGcDuK"}],"group":"cf-nel","max_age":604800}', 'NEL': '{"success_fraction":0,"report_to":"cf-nel","max_age":604800}', 'Server': 'cloudflare', 'CF-RAY': '877e5195f88b13ec-ORD', 'alt-svc': 'h3=":443"; ma=86400'} 
 body={"results":[{"gender":"male","name":{"title":"Mr","first":"Gilbert","last":"Kurz"},"location":{"street":{"number":9497,"name":"Römerstraße"},"city":"Selbitz","state":"Hessen","country":"Germany","postcode":74325,"coordinates":{"latitude":"-50.5640","longitude":"-32.2207"},"timezone":{"offset":"-10:00","description":"Hawaii"}},"email":"gilbert.kurz@example.com","login":{"uuid":"571fdc6b-22a8-457a-9189-2bd03554c0a3","username":"orangemouse224","password":"asgard","salt":"jjNIvBOg","md5":"2ef6d82f470cda7be62ae57e09c51e38","sha1":"68a6e47b3a2aba9992519068855e40b8aad3b721","sha256":"e5d2fe0164b0f4e700c13b77ff221055c02d054bb6d3defd0e2f95933c35f837"},"dob":{"date":"1986-05-08T14:23:04.201Z","age":37},"registered":{"date":"2019-01-08T23:12:28.635Z","age":5},"phone":"0233-2706295","cell":"0172-3572317","id":{"name":"SVNR","value":"02 080586 K 311"},"picture":{"large":"https://randomuser.me/api/portraits/men/0.jpg","medium":"https://randomuser.me/api/portraits/med/men/0.jpg","thumbnail":"https://randomuser.me/api/portraits/thumb/men/0.jpg"},"nat":"DE"}],"info":{"seed":"1e99239965136e81","results":1,"page":1,"version":"1.4"}} 
 </msg>
<msg time="2024-04-21T15:13:33.186526" level="INFO">/opt/hostedtoolcache/Python/3.12.3/x64/lib/python3.12/site-packages/urllib3/connectionpool.py:1103: InsecureRequestWarning: Unverified HTTPS request is being made to host 'randomuser.me'. Adding certificate verification is strongly advised. See: https://urllib3.readthedocs.io/en/latest/advanced-usage.html#tls-warnings
  warnings.warn(</msg>
<msg time="2024-04-21T15:13:33.186677" level="INFO">${response} = &lt;Response [200]&gt;</msg>
<var>${response}</var>
<arg>consultarAPI</arg>
<arg>/api</arg>
<doc>Sends a GET request on a previously created HTTP Session.</doc>
<status status="PASS" start="2024-04-21T15:13:33.108758" elapsed="0.077959"/>
</kw>
<kw name="Set Variable" owner="BuiltIn">
<msg time="2024-04-21T15:13:33.187990" level="INFO">${json_data} = {'results': [{'gender': 'male', 'name': {'title': 'Mr', 'first': 'Gilbert', 'last': 'Kurz'}, 'location': {'street': {'number': 9497, 'name': 'Römerstraße'}, 'city': 'Selbitz', 'state': 'Hessen', 'coun...</msg>
<var>${json_data}</var>
<arg>${response.json()}</arg>
<doc>Returns the given values which can then be assigned to a variables.</doc>
<status status="PASS" start="2024-04-21T15:13:33.187229" elapsed="0.000802"/>
</kw>
<kw name="Log" owner="BuiltIn">
<msg time="2024-04-21T15:13:33.188677" level="INFO">{'results': [{'gender': 'male', 'name': {'title': 'Mr', 'first': 'Gilbert', 'last': 'Kurz'}, 'location': {'street': {'number': 9497, 'name': 'Römerstraße'}, 'city': 'Selbitz', 'state': 'Hessen', 'country': 'Germany', 'postcode': 74325, 'coordinates': {'latitude': '-50.5640', 'longitude': '-32.2207'}, 'timezone': {'offset': '-10:00', 'description': 'Hawaii'}}, 'email': 'gilbert.kurz@example.com', 'login': {'uuid': '571fdc6b-22a8-457a-9189-2bd03554c0a3', 'username': 'orangemouse224', 'password': 'asgard', 'salt': 'jjNIvBOg', 'md5': '2ef6d82f470cda7be62ae57e09c51e38', 'sha1': '68a6e47b3a2aba9992519068855e40b8aad3b721', 'sha256': 'e5d2fe0164b0f4e700c13b77ff221055c02d054bb6d3defd0e2f95933c35f837'}, 'dob': {'date': '1986-05-08T14:23:04.201Z', 'age': 37}, 'registered': {'date': '2019-01-08T23:12:28.635Z', 'age': 5}, 'phone': '0233-2706295', 'cell': '0172-3572317', 'id': {'name': 'SVNR', 'value': '02 080586 K 311'}, 'picture': {'large': 'https://randomuser.me/api/portraits/men/0.jpg', 'medium': 'https://randomuser.me/api/portraits/med/men/0.jpg', 'thumbnail': 'https://randomuser.me/api/portraits/thumb/men/0.jpg'}, 'nat': 'DE'}], 'info': {'seed': '1e99239965136e81', 'results': 1, 'page': 1, 'version': '1.4'}}</msg>
<arg>${json_data}</arg>
<doc>Logs the given message with the given level.</doc>
<status status="PASS" start="2024-04-21T15:13:33.188452" elapsed="0.000301"/>
</kw>
<kw name="Dictionary Should Contain Key" owner="Collections">
<msg time="2024-04-21T15:13:33.189389" level="INFO">False</msg>
<arg>${json_data}</arg>
<arg>results</arg>
<doc>Fails if ``key`` is not found from ``dictionary``.</doc>
<status status="PASS" start="2024-04-21T15:13:33.189165" elapsed="0.000282"/>
</kw>
<kw name="Should Not Be Empty" owner="BuiltIn">
<msg time="2024-04-21T15:13:33.189901" level="INFO">Length is 2.</msg>
<arg>${json_data}</arg>
<doc>Verifies that the given item is not empty.</doc>
<status status="PASS" start="2024-04-21T15:13:33.189762" elapsed="0.000310"/>
</kw>
<kw name="Create List" owner="BuiltIn">
<msg time="2024-04-21T15:13:33.190534" level="INFO">${expected_keys} = ['gender', 'name', 'location', 'email', 'login']</msg>
<var>${expected_keys}</var>
<arg>gender</arg>
<arg>name</arg>
<arg>location</arg>
<arg>email</arg>
<arg>login</arg>
<doc>Returns a list containing given items.</doc>
<status status="PASS" start="2024-04-21T15:13:33.190375" elapsed="0.000185"/>
</kw>
<for flavor="IN">
<iter>
<kw name="Dictionary Should Contain Key" owner="Collections">
<msg time="2024-04-21T15:13:33.191574" level="INFO">False</msg>
<arg>${json_data['results'][0]}</arg>
<arg>${key}</arg>
<doc>Fails if ``key`` is not found from ``dictionary``.</doc>
<status status="PASS" start="2024-04-21T15:13:33.191136" elapsed="0.000478"/>
</kw>
<kw name="Log" owner="BuiltIn">
<msg time="2024-04-21T15:13:33.192296" level="INFO">{'gender': 'male', 'name': {'title': 'Mr', 'first': 'Gilbert', 'last': 'Kurz'}, 'location': {'street': {'number': 9497, 'name': 'Römerstraße'}, 'city': 'Selbitz', 'state': 'Hessen', 'country': 'Germany', 'postcode': 74325, 'coordinates': {'latitude': '-50.5640', 'longitude': '-32.2207'}, 'timezone': {'offset': '-10:00', 'description': 'Hawaii'}}, 'email': 'gilbert.kurz@example.com', 'login': {'uuid': '571fdc6b-22a8-457a-9189-2bd03554c0a3', 'username': 'orangemouse224', 'password': 'asgard', 'salt': 'jjNIvBOg', 'md5': '2ef6d82f470cda7be62ae57e09c51e38', 'sha1': '68a6e47b3a2aba9992519068855e40b8aad3b721', 'sha256': 'e5d2fe0164b0f4e700c13b77ff221055c02d054bb6d3defd0e2f95933c35f837'}, 'dob': {'date': '1986-05-08T14:23:04.201Z', 'age': 37}, 'registered': {'date': '2019-01-08T23:12:28.635Z', 'age': 5}, 'phone': '0233-2706295', 'cell': '0172-3572317', 'id': {'name': 'SVNR', 'value': '02 080586 K 311'}, 'picture': {'large': 'https://randomuser.me/api/portraits/men/0.jpg', 'medium': 'https://randomuser.me/api/portraits/med/men/0.jpg', 'thumbnail': 'https://randomuser.me/api/portraits/thumb/men/0.jpg'}, 'nat': 'DE'}</msg>
<arg>${json_data['results'][0]}</arg>
<doc>Logs the given message with the given level.</doc>
<status status="PASS" start="2024-04-21T15:13:33.191923" elapsed="0.000423"/>
</kw>
<kw name="Log" owner="BuiltIn">
<msg time="2024-04-21T15:13:33.192773" level="INFO">gender</msg>
<arg>${key}</arg>
<doc>Logs the given message with the given level.</doc>
<status status="PASS" start="2024-04-21T15:13:33.192645" elapsed="0.000165"/>
</kw>
<var name="${key}">gender</var>
<status status="PASS" start="2024-04-21T15:13:33.191009" elapsed="0.002024"/>
</iter>
<iter>
<kw name="Dictionary Should Contain Key" owner="Collections">
<msg time="2024-04-21T15:13:33.193724" level="INFO">False</msg>
<arg>${json_data['results'][0]}</arg>
<arg>${key}</arg>
<doc>Fails if ``key`` is not found from ``dictionary``.</doc>
<status status="PASS" start="2024-04-21T15:13:33.193334" elapsed="0.000427"/>
</kw>
<kw name="Log" owner="BuiltIn">
<msg time="2024-04-21T15:13:33.194467" level="INFO">{'gender': 'male', 'name': {'title': 'Mr', 'first': 'Gilbert', 'last': 'Kurz'}, 'location': {'street': {'number': 9497, 'name': 'Römerstraße'}, 'city': 'Selbitz', 'state': 'Hessen', 'country': 'Germany', 'postcode': 74325, 'coordinates': {'latitude': '-50.5640', 'longitude': '-32.2207'}, 'timezone': {'offset': '-10:00', 'description': 'Hawaii'}}, 'email': 'gilbert.kurz@example.com', 'login': {'uuid': '571fdc6b-22a8-457a-9189-2bd03554c0a3', 'username': 'orangemouse224', 'password': 'asgard', 'salt': 'jjNIvBOg', 'md5': '2ef6d82f470cda7be62ae57e09c51e38', 'sha1': '68a6e47b3a2aba9992519068855e40b8aad3b721', 'sha256': 'e5d2fe0164b0f4e700c13b77ff221055c02d054bb6d3defd0e2f95933c35f837'}, 'dob': {'date': '1986-05-08T14:23:04.201Z', 'age': 37}, 'registered': {'date': '2019-01-08T23:12:28.635Z', 'age': 5}, 'phone': '0233-2706295', 'cell': '0172-3572317', 'id': {'name': 'SVNR', 'value': '02 080586 K 311'}, 'picture': {'large': 'https://randomuser.me/api/portraits/men/0.jpg', 'medium': 'https://randomuser.me/api/portraits/med/men/0.jpg', 'thumbnail': 'https://randomuser.me/api/portraits/thumb/men/0.jpg'}, 'nat': 'DE'}</msg>
<arg>${json_data['results'][0]}</arg>
<doc>Logs the given message with the given level.</doc>
<status status="PASS" start="2024-04-21T15:13:33.194088" elapsed="0.000429"/>
</kw>
<kw name="Log" owner="BuiltIn">
<msg time="2024-04-21T15:13:33.194945" level="INFO">name</msg>
<arg>${key}</arg>
<doc>Logs the given message with the given level.</doc>
<status status="PASS" start="2024-04-21T15:13:33.194818" elapsed="0.000165"/>
</kw>
<var name="${key}">name</var>
<status status="PASS" start="2024-04-21T15:13:33.193219" elapsed="0.001978"/>
</iter>
<iter>
<kw name="Dictionary Should Contain Key" owner="Collections">
<msg time="2024-04-21T15:13:33.195922" level="INFO">False</msg>
<arg>${json_data['results'][0]}</arg>
<arg>${key}</arg>
<doc>Fails if ``key`` is not found from ``dictionary``.</doc>
<status status="PASS" start="2024-04-21T15:13:33.195522" elapsed="0.000439"/>
</kw>
<kw name="Log" owner="BuiltIn">
<msg time="2024-04-21T15:13:33.196631" level="INFO">{'gender': 'male', 'name': {'title': 'Mr', 'first': 'Gilbert', 'last': 'Kurz'}, 'location': {'street': {'number': 9497, 'name': 'Römerstraße'}, 'city': 'Selbitz', 'state': 'Hessen', 'country': 'Germany', 'postcode': 74325, 'coordinates': {'latitude': '-50.5640', 'longitude': '-32.2207'}, 'timezone': {'offset': '-10:00', 'description': 'Hawaii'}}, 'email': 'gilbert.kurz@example.com', 'login': {'uuid': '571fdc6b-22a8-457a-9189-2bd03554c0a3', 'username': 'orangemouse224', 'password': 'asgard', 'salt': 'jjNIvBOg', 'md5': '2ef6d82f470cda7be62ae57e09c51e38', 'sha1': '68a6e47b3a2aba9992519068855e40b8aad3b721', 'sha256': 'e5d2fe0164b0f4e700c13b77ff221055c02d054bb6d3defd0e2f95933c35f837'}, 'dob': {'date': '1986-05-08T14:23:04.201Z', 'age': 37}, 'registered': {'date': '2019-01-08T23:12:28.635Z', 'age': 5}, 'phone': '0233-2706295', 'cell': '0172-3572317', 'id': {'name': 'SVNR', 'value': '02 080586 K 311'}, 'picture': {'large': 'https://randomuser.me/api/portraits/men/0.jpg', 'medium': 'https://randomuser.me/api/portraits/med/men/0.jpg', 'thumbnail': 'https://randomuser.me/api/portraits/thumb/men/0.jpg'}, 'nat': 'DE'}</msg>
<arg>${json_data['results'][0]}</arg>
<doc>Logs the given message with the given level.</doc>
<status status="PASS" start="2024-04-21T15:13:33.196267" elapsed="0.000413"/>
</kw>
<kw name="Log" owner="BuiltIn">
<msg time="2024-04-21T15:13:33.197107" level="INFO">location</msg>
<arg>${key}</arg>
<doc>Logs the given message with the given level.</doc>
<status status="PASS" start="2024-04-21T15:13:33.196983" elapsed="0.000162"/>
</kw>
<var name="${key}">location</var>
<status status="PASS" start="2024-04-21T15:13:33.195374" elapsed="0.001981"/>
</iter>
<iter>
<kw name="Dictionary Should Contain Key" owner="Collections">
<msg time="2024-04-21T15:13:33.198033" level="INFO">False</msg>
<arg>${json_data['results'][0]}</arg>
<arg>${key}</arg>
<doc>Fails if ``key`` is not found from ``dictionary``.</doc>
<status status="PASS" start="2024-04-21T15:13:33.197641" elapsed="0.000429"/>
</kw>
<kw name="Log" owner="BuiltIn">
<msg time="2024-04-21T15:13:33.198724" level="INFO">{'gender': 'male', 'name': {'title': 'Mr', 'first': 'Gilbert', 'last': 'Kurz'}, 'location': {'street': {'number': 9497, 'name': 'Römerstraße'}, 'city': 'Selbitz', 'state': 'Hessen', 'country': 'Germany', 'postcode': 74325, 'coordinates': {'latitude': '-50.5640', 'longitude': '-32.2207'}, 'timezone': {'offset': '-10:00', 'description': 'Hawaii'}}, 'email': 'gilbert.kurz@example.com', 'login': {'uuid': '571fdc6b-22a8-457a-9189-2bd03554c0a3', 'username': 'orangemouse224', 'password': 'asgard', 'salt': 'jjNIvBOg', 'md5': '2ef6d82f470cda7be62ae57e09c51e38', 'sha1': '68a6e47b3a2aba9992519068855e40b8aad3b721', 'sha256': 'e5d2fe0164b0f4e700c13b77ff221055c02d054bb6d3defd0e2f95933c35f837'}, 'dob': {'date': '1986-05-08T14:23:04.201Z', 'age': 37}, 'registered': {'date': '2019-01-08T23:12:28.635Z', 'age': 5}, 'phone': '0233-2706295', 'cell': '0172-3572317', 'id': {'name': 'SVNR', 'value': '02 080586 K 311'}, 'picture': {'large': 'https://randomuser.me/api/portraits/men/0.jpg', 'medium': 'https://randomuser.me/api/portraits/med/men/0.jpg', 'thumbnail': 'https://randomuser.me/api/portraits/thumb/men/0.jpg'}, 'nat': 'DE'}</msg>
<arg>${json_data['results'][0]}</arg>
<doc>Logs the given message with the given level.</doc>
<status status="PASS" start="2024-04-21T15:13:33.198366" elapsed="0.000407"/>
</kw>
<kw name="Log" owner="BuiltIn">
<msg time="2024-04-21T15:13:33.199191" level="INFO">email</msg>
<arg>${key}</arg>
<doc>Logs the given message with the given level.</doc>
<status status="PASS" start="2024-04-21T15:13:33.199066" elapsed="0.000162"/>
</kw>
<var name="${key}">email</var>
<status status="PASS" start="2024-04-21T15:13:33.197530" elapsed="0.001929"/>
</iter>
<iter>
<kw name="Dictionary Should Contain Key" owner="Collections">
<msg time="2024-04-21T15:13:33.200140" level="INFO">False</msg>
<arg>${json_data['results'][0]}</arg>
<arg>${key}</arg>
<doc>Fails if ``key`` is not found from ``dictionary``.</doc>
<status status="PASS" start="2024-04-21T15:13:33.199748" elapsed="0.000431"/>
</kw>
<kw name="Log" owner="BuiltIn">
<msg time="2024-04-21T15:13:33.200872" level="INFO">{'gender': 'male', 'name': {'title': 'Mr', 'first': 'Gilbert', 'last': 'Kurz'}, 'location': {'street': {'number': 9497, 'name': 'Römerstraße'}, 'city': 'Selbitz', 'state': 'Hessen', 'country': 'Germany', 'postcode': 74325, 'coordinates': {'latitude': '-50.5640', 'longitude': '-32.2207'}, 'timezone': {'offset': '-10:00', 'description': 'Hawaii'}}, 'email': 'gilbert.kurz@example.com', 'login': {'uuid': '571fdc6b-22a8-457a-9189-2bd03554c0a3', 'username': 'orangemouse224', 'password': 'asgard', 'salt': 'jjNIvBOg', 'md5': '2ef6d82f470cda7be62ae57e09c51e38', 'sha1': '68a6e47b3a2aba9992519068855e40b8aad3b721', 'sha256': 'e5d2fe0164b0f4e700c13b77ff221055c02d054bb6d3defd0e2f95933c35f837'}, 'dob': {'date': '1986-05-08T14:23:04.201Z', 'age': 37}, 'registered': {'date': '2019-01-08T23:12:28.635Z', 'age': 5}, 'phone': '0233-2706295', 'cell': '0172-3572317', 'id': {'name': 'SVNR', 'value': '02 080586 K 311'}, 'picture': {'large': 'https://randomuser.me/api/portraits/men/0.jpg', 'medium': 'https://randomuser.me/api/portraits/med/men/0.jpg', 'thumbnail': 'https://randomuser.me/api/portraits/thumb/men/0.jpg'}, 'nat': 'DE'}</msg>
<arg>${json_data['results'][0]}</arg>
<doc>Logs the given message with the given level.</doc>
<status status="PASS" start="2024-04-21T15:13:33.200472" elapsed="0.000448"/>
</kw>
<kw name="Log" owner="BuiltIn">
<msg time="2024-04-21T15:13:33.201344" level="INFO">login</msg>
<arg>${key}</arg>
<doc>Logs the given message with the given level.</doc>
<status status="PASS" start="2024-04-21T15:13:33.201218" elapsed="0.000163"/>
</kw>
<var name="${key}">login</var>
<status status="PASS" start="2024-04-21T15:13:33.199638" elapsed="0.001957"/>
</iter>
<var>${key}</var>
<value>@{expected_keys}</value>
<status status="PASS" start="2024-04-21T15:13:33.190823" elapsed="0.010894"/>
</for>
<kw name="Create List" owner="BuiltIn">
<msg time="2024-04-21T15:13:33.202079" level="INFO">${expected_keysTwo} = ['username', 'password']</msg>
<var>${expected_keysTwo}</var>
<arg>username</arg>
<arg>password</arg>
<doc>Returns a list containing given items.</doc>
<status status="PASS" start="2024-04-21T15:13:33.201942" elapsed="0.000160"/>
</kw>
<for flavor="IN">
<iter>
<kw name="Dictionary Should Contain Key" owner="Collections">
<msg time="2024-04-21T15:13:33.202983" level="INFO">False</msg>
<arg>${json_data['results'][0]['login']}</arg>
<arg>${keyTwo}</arg>
<doc>Fails if ``key`` is not found from ``dictionary``.</doc>
<status status="PASS" start="2024-04-21T15:13:33.202595" elapsed="0.000426"/>
</kw>
<kw name="Dictionary Should Contain Key" owner="Collections">
<msg time="2024-04-21T15:13:33.203737" level="INFO">False</msg>
<arg>${json_data['results'][0]['login']}</arg>
<arg>${keyTwo}</arg>
<doc>Fails if ``key`` is not found from ``dictionary``.</doc>
<status status="PASS" start="2024-04-21T15:13:33.203310" elapsed="0.000465"/>
</kw>
<kw name="Log" owner="BuiltIn">
<msg time="2024-04-21T15:13:33.204203" level="INFO">username</msg>
<arg>${keyTwo}</arg>
<doc>Logs the given message with the given level.</doc>
<status status="PASS" start="2024-04-21T15:13:33.204077" elapsed="0.000169"/>
</kw>
<var name="${keyTwo}">username</var>
<status status="PASS" start="2024-04-21T15:13:33.202485" elapsed="0.001984"/>
</iter>
<iter>
<kw name="Dictionary Should Contain Key" owner="Collections">
<msg time="2024-04-21T15:13:33.205218" level="INFO">False</msg>
<arg>${json_data['results'][0]['login']}</arg>
<arg>${keyTwo}</arg>
<doc>Fails if ``key`` is not found from ``dictionary``.</doc>
<status status="PASS" start="2024-04-21T15:13:33.204752" elapsed="0.000511"/>
</kw>
<kw name="Dictionary Should Contain Key" owner="Collections">
<msg time="2024-04-21T15:13:33.205961" level="INFO">False</msg>
<arg>${json_data['results'][0]['login']}</arg>
<arg>${keyTwo}</arg>
<doc>Fails if ``key`` is not found from ``dictionary``.</doc>
<status status="PASS" start="2024-04-21T15:13:33.205562" elapsed="0.000436"/>
</kw>
<kw name="Log" owner="BuiltIn">
<msg time="2024-04-21T15:13:33.206419" level="INFO">password</msg>
<arg>${keyTwo}</arg>
<doc>Logs the given message with the given level.</doc>
<status status="PASS" start="2024-04-21T15:13:33.206291" elapsed="0.000165"/>
</kw>
<var name="${keyTwo}">password</var>
<status status="PASS" start="2024-04-21T15:13:33.204642" elapsed="0.002043"/>
</iter>
<var>${keyTwo}</var>
<value>@{expected_keysTwo}</value>
<status status="PASS" start="2024-04-21T15:13:33.202334" elapsed="0.004486"/>
</for>
<status status="PASS" start="2024-04-21T15:13:33.108523" elapsed="0.098444"/>
</kw>
<doc>Testa a estrutura da resposta da API.</doc>
<tag>testeEstruturaResposta</tag>
<status status="PASS" start="2024-04-21T15:13:33.107932" elapsed="0.099181"/>
</test>
<test id="s1-s1-t4" name="Validar tipos de dados" line="28">
<kw name="Teste de Tipos de Dados" owner="random-user-service">
<kw name="GET On Session" owner="RequestsLibrary">
<msg time="2024-04-21T15:13:33.287816" level="INFO">GET Request : url=https://randomuser.me/api 
 path_url=/api 
 headers={'User-Agent': 'python-requests/2.31.0', 'Accept-Encoding': 'gzip, deflate', 'Accept': '*/*', 'Connection': 'keep-alive'} 
 body=None 
 </msg>
<msg time="2024-04-21T15:13:33.287878" level="INFO">GET Response : url=https://randomuser.me/api 
 status=200, reason=OK 
 headers={'Date': 'Sun, 21 Apr 2024 15:13:33 GMT', 'Content-Type': 'application/json; charset=utf-8', 'Transfer-Encoding': 'chunked', 'Connection': 'keep-alive', 'X-Powered-By': 'Express', 'Access-Control-Allow-Origin': '*', 'Cache-Control': 'no-cache', 'ETag': 'W/"48b-QLs8+K82F6BgycQ9XY8RI5unLb8"', 'Vary': 'Accept-Encoding', 'Content-Encoding': 'gzip', 'CF-Cache-Status': 'DYNAMIC', 'Report-To': '{"endpoints":[{"url":"https:\\/\\/a.nel.cloudflare.com\\/report\\/v4?s=HLVcc00YmT32%2FtxrCO0YTJ4M6WA1%2F7ZR7rD7B8IQelkph16nkCIGg5bt0W9iP%2FWdG5LtVsdQqe%2BLaMwE3b7kaPX0zx10OmIlXHF1rxPzcubWDy9M3SGS0Di5kQHXPr14"}],"group":"cf-nel","max_age":604800}', 'NEL': '{"success_fraction":0,"report_to":"cf-nel","max_age":604800}', 'Server': 'cloudflare', 'CF-RAY': '877e5196996813ec-ORD', 'alt-svc': 'h3=":443"; ma=86400'} 
 body={"results":[{"gender":"female","name":{"title":"Miss","first":"Jessica","last":"Nichols"},"location":{"street":{"number":2843,"name":"Church Lane"},"city":"Lisburn","state":"Rutland","country":"United Kingdom","postcode":"LX6B 7UZ","coordinates":{"latitude":"-9.8119","longitude":"63.6766"},"timezone":{"offset":"-3:30","description":"Newfoundland"}},"email":"jessica.nichols@example.com","login":{"uuid":"7a05427c-bba4-433e-b5fc-0a0ffc23f1c9","username":"silverbear681","password":"zorro","salt":"RNtmo60w","md5":"f1a7580993abbdde03101ba5af8a0ec5","sha1":"5469d3592b09035def2084887db258996e8eb57c","sha256":"2fb92c1c16ed31a4007806be8e09c22b61a1eb6d951e8319cc6b3ecc36d26362"},"dob":{"date":"1946-08-10T20:01:38.398Z","age":77},"registered":{"date":"2022-01-17T04:43:39.813Z","age":2},"phone":"015395 21735","cell":"07871 333762","id":{"name":"NINO","value":"AS 81 64 57 A"},"picture":{"large":"https://randomuser.me/api/portraits/women/93.jpg","medium":"https://randomuser.me/api/portraits/med/women/93.jpg","thumbnail":"https://randomuser.me/api/portraits/thumb/women/93.jpg"},"nat":"GB"}],"info":{"seed":"b8d714de716efb29","results":1,"page":1,"version":"1.4"}} 
 </msg>
<msg time="2024-04-21T15:13:33.287934" level="INFO">/opt/hostedtoolcache/Python/3.12.3/x64/lib/python3.12/site-packages/urllib3/connectionpool.py:1103: InsecureRequestWarning: Unverified HTTPS request is being made to host 'randomuser.me'. Adding certificate verification is strongly advised. See: https://urllib3.readthedocs.io/en/latest/advanced-usage.html#tls-warnings
  warnings.warn(</msg>
<msg time="2024-04-21T15:13:33.288016" level="INFO">${response} = &lt;Response [200]&gt;</msg>
<var>${response}</var>
<arg>consultarAPI</arg>
<arg>/api</arg>
<doc>Sends a GET request on a previously created HTTP Session.</doc>
<status status="PASS" start="2024-04-21T15:13:33.209626" elapsed="0.078430"/>
</kw>
<kw name="Set Variable" owner="BuiltIn">
<msg time="2024-04-21T15:13:33.289129" level="INFO">${json_data} = {'results': [{'gender': 'female', 'name': {'title': 'Miss', 'first': 'Jessica', 'last': 'Nichols'}, 'location': {'street': {'number': 2843, 'name': 'Church Lane'}, 'city': 'Lisburn', 'state': 'Rutland...</msg>
<var>${json_data}</var>
<arg>${response.json()}</arg>
<doc>Returns the given values which can then be assigned to a variables.</doc>
<status status="PASS" start="2024-04-21T15:13:33.288536" elapsed="0.000622"/>
</kw>
<kw name="Log" owner="BuiltIn">
<msg time="2024-04-21T15:13:33.289697" level="INFO">{'results': [{'gender': 'female', 'name': {'title': 'Miss', 'first': 'Jessica', 'last': 'Nichols'}, 'location': {'street': {'number': 2843, 'name': 'Church Lane'}, 'city': 'Lisburn', 'state': 'Rutland', 'country': 'United Kingdom', 'postcode': 'LX6B 7UZ', 'coordinates': {'latitude': '-9.8119', 'longitude': '63.6766'}, 'timezone': {'offset': '-3:30', 'description': 'Newfoundland'}}, 'email': 'jessica.nichols@example.com', 'login': {'uuid': '7a05427c-bba4-433e-b5fc-0a0ffc23f1c9', 'username': 'silverbear681', 'password': 'zorro', 'salt': 'RNtmo60w', 'md5': 'f1a7580993abbdde03101ba5af8a0ec5', 'sha1': '5469d3592b09035def2084887db258996e8eb57c', 'sha256': '2fb92c1c16ed31a4007806be8e09c22b61a1eb6d951e8319cc6b3ecc36d26362'}, 'dob': {'date': '1946-08-10T20:01:38.398Z', 'age': 77}, 'registered': {'date': '2022-01-17T04:43:39.813Z', 'age': 2}, 'phone': '015395 21735', 'cell': '07871 333762', 'id': {'name': 'NINO', 'value': 'AS 81 64 57 A'}, 'picture': {'large': 'https://randomuser.me/api/portraits/women/93.jpg', 'medium': 'https://randomuser.me/api/portraits/med/women/93.jpg', 'thumbnail': 'https://randomuser.me/api/portraits/thumb/women/93.jpg'}, 'nat': 'GB'}], 'info': {'seed': 'b8d714de716efb29', 'results': 1, 'page': 1, 'version': '1.4'}}</msg>
<arg>${json_data}</arg>
<doc>Logs the given message with the given level.</doc>
<status status="PASS" start="2024-04-21T15:13:33.289464" elapsed="0.000319"/>
</kw>
<kw name="Should Be String" owner="String">
<arg>${json_data['results'][0]['gender']}</arg>
<doc>Fails if the given ``item`` is not a string.</doc>
<status status="PASS" start="2024-04-21T15:13:33.290286" elapsed="0.000559"/>
</kw>
<kw name="Should Match Regexp" owner="BuiltIn">
<arg>${json_data['results'][0]['email']}</arg>
<arg>^[a-zA-Z0-9._%+-]+@[a-zA-Z0-9.-]+\.[a-zA-Z]{2,}$</arg>
<doc>Fails if ``string`` does not match ``pattern`` as a regular expression.</doc>
<status status="PASS" start="2024-04-21T15:13:33.291153" elapsed="0.000847"/>
</kw>
<kw name="Should Match Regexp" owner="BuiltIn">
<arg>${json_data['results'][0]['dob']['date']}</arg>
<arg>\\d{4}-\\d{2}-\\d{2}T\\d{2}:\\d{2}:\\d{2}\\.\\d{3}Z</arg>
<doc>Fails if ``string`` does not match ``pattern`` as a regular expression.</doc>
<status status="PASS" start="2024-04-21T15:13:33.292342" elapsed="0.000859"/>
</kw>
<kw name="Should Match Regexp" owner="BuiltIn">
<arg>${json_data['results'][0]['registered']['date']}</arg>
<arg>\\d{4}-\\d{2}-\\d{2}T\\d{2}:\\d{2}:\\d{2}\\.\\d{3}Z</arg>
<doc>Fails if ``string`` does not match ``pattern`` as a regular expression.</doc>
<status status="PASS" start="2024-04-21T15:13:33.293520" elapsed="0.000572"/>
</kw>
<kw name="Should Match Regexp" owner="BuiltIn">
<arg>${json_data['results'][0]['picture']['large']}</arg>
<arg>^https?://.*\.(?:png|jpe?g|gif|bmp)$</arg>
<doc>Fails if ``string`` does not match ``pattern`` as a regular expression.</doc>
<status status="PASS" start="2024-04-21T15:13:33.294381" elapsed="0.000764"/>
</kw>
<kw name="Should Match Regexp" owner="BuiltIn">
<arg>${json_data['results'][0]['picture']['medium']}</arg>
<arg>^https?://.*\.(?:png|jpe?g|gif|bmp)$</arg>
<doc>Fails if ``string`` does not match ``pattern`` as a regular expression.</doc>
<status status="PASS" start="2024-04-21T15:13:33.295428" elapsed="0.000402"/>
</kw>
<kw name="Should Match Regexp" owner="BuiltIn">
<arg>${json_data['results'][0]['picture']['thumbnail']}</arg>
<arg>^https?://.*\.(?:png|jpe?g|gif|bmp)$</arg>
<doc>Fails if ``string`` does not match ``pattern`` as a regular expression.</doc>
<status status="PASS" start="2024-04-21T15:13:33.296030" elapsed="0.000371"/>
</kw>
<kw name="Log" owner="BuiltIn">
<msg time="2024-04-21T15:13:33.296931" level="INFO">{'large': 'https://randomuser.me/api/portraits/women/93.jpg', 'medium': 'https://randomuser.me/api/portraits/med/women/93.jpg', 'thumbnail': 'https://randomuser.me/api/portraits/thumb/women/93.jpg'}</msg>
<arg>${json_data['results'][0]['picture']}</arg>
<doc>Logs the given message with the given level.</doc>
<status status="PASS" start="2024-04-21T15:13:33.296599" elapsed="0.000374"/>
</kw>
<status status="PASS" start="2024-04-21T15:13:33.209406" elapsed="0.087818"/>
</kw>
<kw name="Teste de Tipos de Dados - Postcode" owner="random-user-service">
<kw name="GET On Session" owner="RequestsLibrary">
<msg time="2024-04-21T15:13:33.396308" level="INFO">GET Request : url=https://randomuser.me/api 
 path_url=/api 
 headers={'User-Agent': 'python-requests/2.31.0', 'Accept-Encoding': 'gzip, deflate', 'Accept': '*/*', 'Connection': 'keep-alive'} 
 body=None 
 </msg>
<msg time="2024-04-21T15:13:33.396394" level="INFO">GET Response : url=https://randomuser.me/api 
 status=200, reason=OK 
 headers={'Date': 'Sun, 21 Apr 2024 15:13:33 GMT', 'Content-Type': 'application/json; charset=utf-8', 'Transfer-Encoding': 'chunked', 'Connection': 'keep-alive', 'X-Powered-By': 'Express', 'Access-Control-Allow-Origin': '*', 'Cache-Control': 'no-cache', 'ETag': 'W/"474-mgIP426b3asr1OiE39CSzbOFkM8"', 'Vary': 'Accept-Encoding', 'Content-Encoding': 'gzip', 'CF-Cache-Status': 'DYNAMIC', 'Report-To': '{"endpoints":[{"url":"https:\\/\\/a.nel.cloudflare.com\\/report\\/v4?s=dASjyJQ0GWjgMkuUlhNmdhX7M8CjAh2V2OAUR%2FhXDyqRsLkPwV7GcPJfhavxbeCtGlIi0sU%2BbaHHrvjvVAoq5XkuqWshdnJABrt4oDdBX2F5ar32esmMoYhgLLy5iwhw"}],"group":"cf-nel","max_age":604800}', 'NEL': '{"success_fraction":0,"report_to":"cf-nel","max_age":604800}', 'Server': 'cloudflare', 'CF-RAY': '877e51971a2413ec-ORD', 'alt-svc': 'h3=":443"; ma=86400'} 
 body={"results":[{"gender":"female","name":{"title":"Miss","first":"Edita","last":"Rizun"},"location":{"street":{"number":9615,"name":"Buchmi"},"city":"Berezan","state":"Volinska","country":"Ukraine","postcode":76908,"coordinates":{"latitude":"78.4207","longitude":"100.7784"},"timezone":{"offset":"-12:00","description":"Eniwetok, Kwajalein"}},"email":"edita.rizun@example.com","login":{"uuid":"4b40f101-b525-45f7-904a-89fcf0feb801","username":"purpleleopard634","password":"debra","salt":"tjvw8EKb","md5":"449368044c0edbd0fc246290b04bc79d","sha1":"1d7e916f1489399af3dbdf86055377806d52e3cd","sha256":"f050f48505d55454e7babcccee16bc66e030fd6ef11a55f1d33029993d4b1379"},"dob":{"date":"1999-08-30T05:15:03.579Z","age":24},"registered":{"date":"2017-08-24T16:02:29.605Z","age":6},"phone":"(066) Z96-5012","cell":"(099) Q04-5852","id":{"name":"","value":null},"picture":{"large":"https://randomuser.me/api/portraits/women/93.jpg","medium":"https://randomuser.me/api/portraits/med/women/93.jpg","thumbnail":"https://randomuser.me/api/portraits/thumb/women/93.jpg"},"nat":"UA"}],"info":{"seed":"973b9c8eb5ad202f","results":1,"page":1,"version":"1.4"}} 
 </msg>
<msg time="2024-04-21T15:13:33.396472" level="INFO">/opt/hostedtoolcache/Python/3.12.3/x64/lib/python3.12/site-packages/urllib3/connectionpool.py:1103: InsecureRequestWarning: Unverified HTTPS request is being made to host 'randomuser.me'. Adding certificate verification is strongly advised. See: https://urllib3.readthedocs.io/en/latest/advanced-usage.html#tls-warnings
  warnings.warn(</msg>
<msg time="2024-04-21T15:13:33.396586" level="INFO">${response} = &lt;Response [200]&gt;</msg>
<var>${response}</var>
<arg>consultarAPI</arg>
<arg>/api</arg>
<doc>Sends a GET request on a previously created HTTP Session.</doc>
<status status="PASS" start="2024-04-21T15:13:33.297660" elapsed="0.098969"/>
</kw>
<kw name="Set Variable" owner="BuiltIn">
<msg time="2024-04-21T15:13:33.397551" level="INFO">${json_data} = {'results': [{'gender': 'female', 'name': {'title': 'Miss', 'first': 'Edita', 'last': 'Rizun'}, 'location': {'street': {'number': 9615, 'name': 'Buchmi'}, 'city': 'Berezan', 'state': 'Volinska', 'coun...</msg>
<var>${json_data}</var>
<arg>${response.json()}</arg>
<doc>Returns the given values which can then be assigned to a variables.</doc>
<status status="PASS" start="2024-04-21T15:13:33.397094" elapsed="0.000486"/>
</kw>
<kw name="Log" owner="BuiltIn">
<msg time="2024-04-21T15:13:33.398048" level="INFO">{'results': [{'gender': 'female', 'name': {'title': 'Miss', 'first': 'Edita', 'last': 'Rizun'}, 'location': {'street': {'number': 9615, 'name': 'Buchmi'}, 'city': 'Berezan', 'state': 'Volinska', 'country': 'Ukraine', 'postcode': 76908, 'coordinates': {'latitude': '78.4207', 'longitude': '100.7784'}, 'timezone': {'offset': '-12:00', 'description': 'Eniwetok, Kwajalein'}}, 'email': 'edita.rizun@example.com', 'login': {'uuid': '4b40f101-b525-45f7-904a-89fcf0feb801', 'username': 'purpleleopard634', 'password': 'debra', 'salt': 'tjvw8EKb', 'md5': '449368044c0edbd0fc246290b04bc79d', 'sha1': '1d7e916f1489399af3dbdf86055377806d52e3cd', 'sha256': 'f050f48505d55454e7babcccee16bc66e030fd6ef11a55f1d33029993d4b1379'}, 'dob': {'date': '1999-08-30T05:15:03.579Z', 'age': 24}, 'registered': {'date': '2017-08-24T16:02:29.605Z', 'age': 6}, 'phone': '(066) Z96-5012', 'cell': '(099) Q04-5852', 'id': {'name': '', 'value': None}, 'picture': {'large': 'https://randomuser.me/api/portraits/women/93.jpg', 'medium': 'https://randomuser.me/api/portraits/med/women/93.jpg', 'thumbnail': 'https://randomuser.me/api/portraits/thumb/women/93.jpg'}, 'nat': 'UA'}], 'info': {'seed': '973b9c8eb5ad202f', 'results': 1, 'page': 1, 'version': '1.4'}}</msg>
<arg>${json_data}</arg>
<doc>Logs the given message with the given level.</doc>
<status status="PASS" start="2024-04-21T15:13:33.397892" elapsed="0.000204"/>
</kw>
<kw name="Should Be Equal As Numbers" owner="BuiltIn">
<arg>${json_data['results'][0]['location']['postcode']}</arg>
<arg>${json_data['results'][0]['location']['postcode']}</arg>
<doc>Fails if objects are unequal after converting them to real numbers.</doc>
<status status="PASS" start="2024-04-21T15:13:33.398538" elapsed="0.000636"/>
</kw>
<kw name="Log" owner="BuiltIn">
<msg time="2024-04-21T15:13:33.399786" level="INFO">76908</msg>
<arg>${json_data['results'][0]['location']['postcode']}</arg>
<doc>Logs the given message with the given level.</doc>
<status status="PASS" start="2024-04-21T15:13:33.399429" elapsed="0.000399"/>
</kw>
<status status="PASS" start="2024-04-21T15:13:33.297436" elapsed="0.102643"/>
</kw>
<doc>Testa se os tipos de dados na resposta da API estão corretos.</doc>
<tag>testeTiposDados</tag>
<status status="PASS" start="2024-04-21T15:13:33.208892" elapsed="0.191348"/>
</test>
<test id="s1-s1-t5" name="Validar conteudo" line="35">
<kw name="Teste de Tipos de Conteudo" owner="random-user-service">
<kw name="GET On Session" owner="RequestsLibrary">
<msg time="2024-04-21T15:13:33.654265" level="INFO">GET Request : url=https://randomuser.me/api 
 path_url=/api 
 headers={'User-Agent': 'python-requests/2.31.0', 'Accept-Encoding': 'gzip, deflate', 'Accept': '*/*', 'Connection': 'keep-alive'} 
 body=None 
 </msg>
<msg time="2024-04-21T15:13:33.654352" level="INFO">GET Response : url=https://randomuser.me/api 
 status=200, reason=OK 
 headers={'Date': 'Sun, 21 Apr 2024 15:13:33 GMT', 'Content-Type': 'application/json; charset=utf-8', 'Transfer-Encoding': 'chunked', 'Connection': 'keep-alive', 'X-Powered-By': 'Express', 'Access-Control-Allow-Origin': '*', 'Cache-Control': 'no-cache', 'ETag': 'W/"47d-7QcAriKkcJVihMzZa+ckPzW8PyU"', 'Vary': 'Accept-Encoding', 'Content-Encoding': 'gzip', 'CF-Cache-Status': 'DYNAMIC', 'Report-To': '{"endpoints":[{"url":"https:\\/\\/a.nel.cloudflare.com\\/report\\/v4?s=t9zAgkkVP3OUgRNePcoSrYIl2JWB%2FsiqaNGE2FAEjV93w068A3Yhqrlb6fdxgtDSoZB6UhVtFaQC5feHkpGoXOjR1HdyT%2BZ%2F0jFVr8GdrF8Muu1SLfSVjejcxPPMnbxD"}],"group":"cf-nel","max_age":604800}', 'NEL': '{"success_fraction":0,"report_to":"cf-nel","max_age":604800}', 'Server': 'cloudflare', 'CF-RAY': '877e5197caee13ec-ORD', 'alt-svc': 'h3=":443"; ma=86400'} 
 body={"results":[{"gender":"male","name":{"title":"Mr","first":"Valtteri","last":"Laitinen"},"location":{"street":{"number":8953,"name":"Hermiankatu"},"city":"Perho","state":"Central Finland","country":"Finland","postcode":48354,"coordinates":{"latitude":"-28.3446","longitude":"-123.9134"},"timezone":{"offset":"+4:30","description":"Kabul"}},"email":"valtteri.laitinen@example.com","login":{"uuid":"e6ae3a06-bb2d-4278-80b6-f1ef9d69b057","username":"sadgorilla951","password":"1025","salt":"RQjYlCFq","md5":"28a2e231bb755c2750da34ba8726e904","sha1":"840af82c3a8e319f58759bd92176ef9ec2b94d25","sha256":"b8d71d2d324e570bf7f6d5c17db91b4e124bfda757b177b1b21c5762eeb8be8a"},"dob":{"date":"1951-08-13T12:22:05.178Z","age":72},"registered":{"date":"2020-03-18T07:53:43.541Z","age":4},"phone":"06-845-603","cell":"044-655-87-69","id":{"name":"HETU","value":"NaNNA417undefined"},"picture":{"large":"https://randomuser.me/api/portraits/men/97.jpg","medium":"https://randomuser.me/api/portraits/med/men/97.jpg","thumbnail":"https://randomuser.me/api/portraits/thumb/men/97.jpg"},"nat":"FI"}],"info":{"seed":"71a2b5e224fa47f7","results":1,"page":1,"version":"1.4"}} 
 </msg>
<msg time="2024-04-21T15:13:33.654432" level="INFO">/opt/hostedtoolcache/Python/3.12.3/x64/lib/python3.12/site-packages/urllib3/connectionpool.py:1103: InsecureRequestWarning: Unverified HTTPS request is being made to host 'randomuser.me'. Adding certificate verification is strongly advised. See: https://urllib3.readthedocs.io/en/latest/advanced-usage.html#tls-warnings
  warnings.warn(</msg>
<msg time="2024-04-21T15:13:33.654521" level="INFO">${response} = &lt;Response [200]&gt;</msg>
<var>${response}</var>
<arg>consultarAPI</arg>
<arg>/api</arg>
<doc>Sends a GET request on a previously created HTTP Session.</doc>
<status status="PASS" start="2024-04-21T15:13:33.402998" elapsed="0.251560"/>
</kw>
<kw name="Set Variable" owner="BuiltIn">
<msg time="2024-04-21T15:13:33.655426" level="INFO">${json_data} = {'results': [{'gender': 'male', 'name': {'title': 'Mr', 'first': 'Valtteri', 'last': 'Laitinen'}, 'location': {'street': {'number': 8953, 'name': 'Hermiankatu'}, 'city': 'Perho', 'state': 'Central Fin...</msg>
<var>${json_data}</var>
<arg>${response.json()}</arg>
<doc>Returns the given values which can then be assigned to a variables.</doc>
<status status="PASS" start="2024-04-21T15:13:33.654951" elapsed="0.000506"/>
</kw>
<kw name="Set Variable" owner="BuiltIn">
<msg time="2024-04-21T15:13:33.656147" level="INFO">${name_title} = Mr</msg>
<var>${name_title}</var>
<arg>${json_data["results"][0]["name"]["title"]}</arg>
<doc>Returns the given values which can then be assigned to a variables.</doc>
<status status="PASS" start="2024-04-21T15:13:33.655768" elapsed="0.000404"/>
</kw>
<kw name="Create List" owner="BuiltIn">
<msg time="2024-04-21T15:13:33.656616" level="INFO">${allowed_titles} = ['Mr', 'Ms', 'Miss', 'Mrs', 'Madame', 'Monsieur']</msg>
<var>${allowed_titles}</var>
<arg>Mr</arg>
<arg>Ms</arg>
<arg>Miss</arg>
<arg>Mrs</arg>
<arg>Madame</arg>
<arg>Monsieur</arg>
<doc>Returns a list containing given items.</doc>
<status status="PASS" start="2024-04-21T15:13:33.656472" elapsed="0.000168"/>
</kw>
<kw name="List Should Contain Value" owner="Collections">
<msg time="2024-04-21T15:13:33.657104" level="INFO">False</msg>
<arg>${allowed_titles}</arg>
<arg>${name_title}</arg>
<doc>Fails if the ``value`` is not found from ``list``.</doc>
<status status="PASS" start="2024-04-21T15:13:33.656936" elapsed="0.000204"/>
</kw>
<kw name="Set Variable" owner="BuiltIn">
<msg time="2024-04-21T15:13:33.657802" level="INFO">${name_country} = FI</msg>
<var>${name_country}</var>
<arg>${json_data["results"][0]["nat"]}</arg>
<doc>Returns the given values which can then be assigned to a variables.</doc>
<status status="PASS" start="2024-04-21T15:13:33.657423" elapsed="0.000403"/>
</kw>
<kw name="Create List" owner="BuiltIn">
<msg time="2024-04-21T15:13:33.658702" level="INFO">${list_country} = ['AD', 'AE', 'AF', 'AG', 'AI', 'AL', 'AM', 'AO', 'AQ', 'AR', 'AS', 'AT', 'AU', 'AW', 'AX', 'AZ', 'BA', 'BB', 'BD', 'BE', 'BF', 'BG', 'BH', 'BI', 'BJ', 'BL', 'BM', 'BN', 'BO', 'BQ', 'BR', 'BS', 'BT', '...</msg>
<var>${list_country}</var>
<arg>AD</arg>
<arg>AE</arg>
<arg>AF</arg>
<arg>AG</arg>
<arg>AI</arg>
<arg>AL</arg>
<arg>AM</arg>
<arg>AO</arg>
<arg>AQ</arg>
<arg>AR</arg>
<arg>AS</arg>
<arg>AT</arg>
<arg>AU</arg>
<arg>AW</arg>
<arg>AX</arg>
<arg>AZ</arg>
<arg>BA</arg>
<arg>BB</arg>
<arg>BD</arg>
<arg>BE</arg>
<arg>BF</arg>
<arg>BG</arg>
<arg>BH</arg>
<arg>BI</arg>
<arg>BJ</arg>
<arg>BL</arg>
<arg>BM</arg>
<arg>BN</arg>
<arg>BO</arg>
<arg>BQ</arg>
<arg>BR</arg>
<arg>BS</arg>
<arg>BT</arg>
<arg>BV</arg>
<arg>BW</arg>
<arg>BY</arg>
<arg>BZ</arg>
<arg>CA</arg>
<arg>CC</arg>
<arg>CD</arg>
<arg>CF</arg>
<arg>CG</arg>
<arg>CH</arg>
<arg>CI</arg>
<arg>CK</arg>
<arg>CL</arg>
<arg>CM</arg>
<arg>CN</arg>
<arg>CO</arg>
<arg>CR</arg>
<arg>CU</arg>
<arg>CV</arg>
<arg>CW</arg>
<arg>CX</arg>
<arg>CY</arg>
<arg>CZ</arg>
<arg>DE</arg>
<arg>DJ</arg>
<arg>DK</arg>
<arg>DM</arg>
<arg>DO</arg>
<arg>DZ</arg>
<arg>EC</arg>
<arg>EE</arg>
<arg>EG</arg>
<arg>EH</arg>
<arg>ER</arg>
<arg>ES</arg>
<arg>ET</arg>
<arg>FI</arg>
<arg>FJ</arg>
<arg>FK</arg>
<arg>FM</arg>
<arg>FO</arg>
<arg>FR</arg>
<arg>GA</arg>
<arg>GB</arg>
<arg>GD</arg>
<arg>GE</arg>
<arg>GF</arg>
<arg>GG</arg>
<arg>GH</arg>
<arg>GI</arg>
<arg>GL</arg>
<arg>GM</arg>
<arg>GN</arg>
<arg>GP</arg>
<arg>GQ</arg>
<arg>GR</arg>
<arg>GS</arg>
<arg>GT</arg>
<arg>GU</arg>
<arg>GW</arg>
<arg>GY</arg>
<arg>HK</arg>
<arg>HM</arg>
<arg>HN</arg>
<arg>HR</arg>
<arg>HT</arg>
<arg>HU</arg>
<arg>ID</arg>
<arg>IE</arg>
<arg>IL</arg>
<arg>IM</arg>
<arg>IN</arg>
<arg>IO</arg>
<arg>IQ</arg>
<arg>IR</arg>
<arg>IS</arg>
<arg>IT</arg>
<arg>JE</arg>
<arg>JM</arg>
<arg>JO</arg>
<arg>JP</arg>
<arg>KE</arg>
<arg>KG</arg>
<arg>KH</arg>
<arg>KI</arg>
<arg>KM</arg>
<arg>KN</arg>
<arg>KP</arg>
<arg>KR</arg>
<arg>KW</arg>
<arg>KY</arg>
<arg>KZ</arg>
<arg>LA</arg>
<arg>LB</arg>
<arg>LC</arg>
<arg>LI</arg>
<arg>LK</arg>
<arg>LR</arg>
<arg>LS</arg>
<arg>LT</arg>
<arg>LU</arg>
<arg>LV</arg>
<arg>LY</arg>
<arg>MA</arg>
<arg>MC</arg>
<arg>MD</arg>
<arg>ME</arg>
<arg>MF</arg>
<arg>MG</arg>
<arg>MH</arg>
<arg>MK</arg>
<arg>ML</arg>
<arg>MM</arg>
<arg>MN</arg>
<arg>MO</arg>
<arg>MP</arg>
<arg>MQ</arg>
<arg>MR</arg>
<arg>MS</arg>
<arg>MT</arg>
<arg>MU</arg>
<arg>MV</arg>
<arg>MW</arg>
<arg>MX</arg>
<arg>MY</arg>
<arg>MZ</arg>
<arg>NA</arg>
<arg>NC</arg>
<arg>NE</arg>
<arg>NF</arg>
<arg>NG</arg>
<arg>NI</arg>
<arg>NL</arg>
<arg>NO</arg>
<arg>NP</arg>
<arg>NR</arg>
<arg>NU</arg>
<arg>NZ</arg>
<arg>OM</arg>
<arg>PA</arg>
<arg>PE</arg>
<arg>PF</arg>
<arg>PG</arg>
<arg>PH</arg>
<arg>PK</arg>
<arg>PL</arg>
<arg>PM</arg>
<arg>PN</arg>
<arg>PR</arg>
<arg>PS</arg>
<arg>PT</arg>
<arg>PW</arg>
<arg>PY</arg>
<arg>QA</arg>
<arg>RE</arg>
<arg>RO</arg>
<arg>RS</arg>
<arg>RU</arg>
<arg>RW</arg>
<arg>SA</arg>
<arg>SB</arg>
<arg>SC</arg>
<arg>SD</arg>
<arg>SE</arg>
<arg>SG</arg>
<arg>SH</arg>
<arg>SI</arg>
<arg>SJ</arg>
<arg>SK</arg>
<arg>SL</arg>
<arg>SM</arg>
<arg>SN</arg>
<arg>SO</arg>
<arg>SR</arg>
<arg>SS</arg>
<arg>ST</arg>
<arg>SV</arg>
<arg>SX</arg>
<arg>SY</arg>
<arg>SZ</arg>
<arg>TC</arg>
<arg>TD</arg>
<arg>TF</arg>
<arg>TG</arg>
<arg>TH</arg>
<arg>TJ</arg>
<arg>TK</arg>
<arg>TL</arg>
<arg>TM</arg>
<arg>TN</arg>
<arg>TO</arg>
<arg>TR</arg>
<arg>TT</arg>
<arg>TV</arg>
<arg>TW</arg>
<arg>TZ</arg>
<arg>UA</arg>
<arg>UG</arg>
<arg>UM</arg>
<arg>US</arg>
<arg>UY</arg>
<arg>UZ</arg>
<arg>VA</arg>
<arg>VC</arg>
<arg>VE</arg>
<arg>VG</arg>
<arg>VI</arg>
<arg>VN</arg>
<arg>VU</arg>
<arg>WF</arg>
<arg>WS</arg>
<arg>XK</arg>
<arg>YE</arg>
<arg>YT</arg>
<arg>ZA</arg>
<arg>ZM</arg>
<arg>ZW</arg>
<doc>Returns a list containing given items.</doc>
<status status="PASS" start="2024-04-21T15:13:33.658122" elapsed="0.000604"/>
</kw>
<kw name="List Should Contain Value" owner="Collections">
<msg time="2024-04-21T15:13:33.659745" level="INFO">False</msg>
<arg>${list_country}</arg>
<arg>${name_country}</arg>
<doc>Fails if the ``value`` is not found from ``list``.</doc>
<status status="PASS" start="2024-04-21T15:13:33.659548" elapsed="0.000233"/>
</kw>
<kw name="Run Keyword If" owner="BuiltIn">
<kw name="Should Be True" owner="BuiltIn">
<arg>${True}</arg>
<doc>Fails if the given condition is not true.</doc>
<status status="PASS" start="2024-04-21T15:13:33.660844" elapsed="0.000239"/>
</kw>
<arg>${json_data["results"][0]["location"]["coordinates"]["latitude"]} &gt;= -90 and ${json_data["results"][0]["location"]["coordinates"]["latitude"]} &lt;= 90</arg>
<arg>Should Be True</arg>
<arg>${True}</arg>
<doc>Runs the given keyword with the given arguments, if ``condition`` is true.</doc>
<status status="PASS" start="2024-04-21T15:13:33.660102" elapsed="0.001110"/>
</kw>
<kw name="Run Keyword If" owner="BuiltIn">
<kw name="Should Be True" owner="BuiltIn">
<arg>${True}</arg>
<doc>Fails if the given condition is not true.</doc>
<status status="PASS" start="2024-04-21T15:13:33.662099" elapsed="0.000137"/>
</kw>
<arg>${json_data["results"][0]["location"]["coordinates"]["longitude"]} &gt;= -180 and ${json_data["results"][0]["location"]["coordinates"]["longitude"]} &lt;= 180</arg>
<arg>Should Be True</arg>
<arg>${True}</arg>
<doc>Runs the given keyword with the given arguments, if ``condition`` is true.</doc>
<status status="PASS" start="2024-04-21T15:13:33.661397" elapsed="0.000960"/>
</kw>
<status status="PASS" start="2024-04-21T15:13:33.402631" elapsed="0.259851"/>
</kw>
<doc>Testa o conteúdo específico dos campos retornados pela API.</doc>
<tag>testeConteudo</tag>
<status status="PASS" start="2024-04-21T15:13:33.401980" elapsed="0.260641"/>
</test>
<status status="PASS" start="2024-04-21T15:13:32.593388" elapsed="1.071159"/>
</suite>
<status status="PASS" start="2024-04-21T15:13:32.579864" elapsed="1.089704"/>
</suite>
<statistics>
<total>
<stat pass="5" fail="0" skip="0">All Tests</stat>
</total>
<tag>
<stat pass="1" fail="0" skip="0">testeConteudo</stat>
<stat pass="1" fail="0" skip="0">testeEstruturaResposta</stat>
<stat pass="1" fail="0" skip="0">testeRequisicaoBasica</stat>
<stat pass="1" fail="0" skip="0">testeTiposDados</stat>
</tag>
<suite>
<stat pass="5" fail="0" skip="0" id="s1" name="Tests">Tests</stat>
<stat pass="5" fail="0" skip="0" id="s1-s1" name="Random-User-Test">Tests.Random-User-Test</stat>
</suite>
</statistics>
<errors>
</errors>
</robot>
