<?xml version="1.0" encoding="UTF-8"?>
<robot generator="Robot 7.0.1 (Python 3.12.4 on linux)" generated="2024-07-09T21:15:54.374776" rpa="false" schemaversion="5">
<suite id="s1" name="Tests" source="/home/runner/work/ApiRandomUser/ApiRandomUser/RamdonUser/tests">
<suite id="s1-s1" name="Random-User-Test" source="/home/runner/work/ApiRandomUser/ApiRandomUser/RamdonUser/tests/random-user-test.robot">
<test id="s1-s1-t1" name="Conectar" line="13">
<kw name="Conectar API" owner="random-user-service">
<kw name="Create Session" owner="RequestsLibrary">
<msg time="2024-07-09T21:15:54.776190" level="INFO">Creating Session using : alias=consultarAPI, url=https://randomuser.me/, headers={},                     cookies={}, auth=None, timeout=None, proxies=None, verify=False,                     debug=0 </msg>
<arg>consultarAPI</arg>
<arg>${URL}</arg>
<doc>Create Session: create a HTTP session to a server</doc>
<status status="PASS" start="2024-07-09T21:15:54.775976" elapsed="0.000411"/>
</kw>
<status status="PASS" start="2024-07-09T21:15:54.774979" elapsed="0.001775"/>
</kw>
<status status="PASS" start="2024-07-09T21:15:54.774391" elapsed="0.002555"/>
</test>
<test id="s1-s1-t2" name="Validar retorno 200 e JSON Válido" line="16">
<kw name="Teste de Requisicao Basica" owner="random-user-service">
<kw name="GET On Session" owner="RequestsLibrary">
<msg time="2024-07-09T21:15:54.959833" level="INFO">GET Request : url=https://randomuser.me/api 
 path_url=/api 
 headers={'User-Agent': 'python-requests/2.32.3', 'Accept-Encoding': 'gzip, deflate', 'Accept': '*/*', 'Connection': 'keep-alive'} 
 body=None 
 </msg>
<msg time="2024-07-09T21:15:54.959985" level="INFO">GET Response : url=https://randomuser.me/api 
 status=200, reason=OK 
 headers={'Date': 'Tue, 09 Jul 2024 21:15:54 GMT', 'Content-Type': 'application/json; charset=utf-8', 'Transfer-Encoding': 'chunked', 'Connection': 'keep-alive', 'X-Powered-By': 'Express', 'Access-Control-Allow-Origin': '*', 'Cache-Control': 'no-cache', 'ETag': 'W/"46f-24EQiW4QVF8fHTaz7Ac2BOQaOJ0"', 'Vary': 'Accept-Encoding', 'Content-Encoding': 'gzip', 'CF-Cache-Status': 'DYNAMIC', 'Report-To': '{"endpoints":[{"url":"https:\\/\\/a.nel.cloudflare.com\\/report\\/v4?s=eonbeX7OMccQs2oH494U%2Fj7xox0xKP%2FeE53EwBNvUHMa6ZWMA5W%2BzzswxuLFfs5piU0nIYt%2FV30dUfDpcC%2BWBDFetGpqdvx39evJnViST4WBLboZ22esISkNO0F%2Faplu"}],"group":"cf-nel","max_age":604800}', 'NEL': '{"success_fraction":0,"report_to":"cf-nel","max_age":604800}', 'Server': 'cloudflare', 'CF-RAY': '8a0b5503bba27bb6-LAX', 'alt-svc': 'h3=":443"; ma=86400'} 
 body={"results":[{"gender":"female","name":{"title":"Ms","first":"Özsu","last":"Kaplangı"},"location":{"street":{"number":8092,"name":"Şehitler Cd"},"city":"İstanbul","state":"Denizli","country":"Turkey","postcode":81918,"coordinates":{"latitude":"71.5746","longitude":"53.6664"},"timezone":{"offset":"-9:00","description":"Alaska"}},"email":"ozsu.kaplangi@example.com","login":{"uuid":"c7b1c563-c75b-4e0c-a71c-1441814ed0be","username":"silvercat352","password":"abnormal","salt":"DtR3aVlE","md5":"7b31af2552053c13fb67d1a776fb8bac","sha1":"9ea2452c363a2fab3b90d8c61a271c866946144f","sha256":"b423b6f13d4347f412bc6af439d1afebc6ced57b07c30cdf127d768961f5904d"},"dob":{"date":"1961-10-21T04:54:37.385Z","age":62},"registered":{"date":"2003-07-04T01:55:13.514Z","age":21},"phone":"(129)-807-9554","cell":"(066)-555-7524","id":{"name":"","value":null},"picture":{"large":"https://randomuser.me/api/portraits/women/48.jpg","medium":"https://randomuser.me/api/portraits/med/women/48.jpg","thumbnail":"https://randomuser.me/api/portraits/thumb/women/48.jpg"},"nat":"TR"}],"info":{"seed":"8b5cc571804f1b94","results":1,"page":1,"version":"1.4"}} 
 </msg>
<msg time="2024-07-09T21:15:54.960077" level="INFO">/opt/hostedtoolcache/Python/3.12.4/x64/lib/python3.12/site-packages/urllib3/connectionpool.py:1099: InsecureRequestWarning: Unverified HTTPS request is being made to host 'randomuser.me'. Adding certificate verification is strongly advised. See: https://urllib3.readthedocs.io/en/latest/advanced-usage.html#tls-warnings
  warnings.warn(</msg>
<msg time="2024-07-09T21:15:54.960235" level="INFO">${response} = &lt;Response [200]&gt;</msg>
<var>${response}</var>
<arg>consultarAPI</arg>
<arg>/api</arg>
<doc>Sends a GET request on a previously created HTTP Session.</doc>
<status status="PASS" start="2024-07-09T21:15:54.779570" elapsed="0.180707"/>
</kw>
<kw name="Should Be Equal As Numbers" owner="BuiltIn">
<msg time="2024-07-09T21:15:54.961502" level="INFO">Argument types are:
&lt;class 'int'&gt;
&lt;class 'str'&gt;</msg>
<arg>${response.status_code}</arg>
<arg>200</arg>
<doc>Fails if objects are unequal after converting them to real numbers.</doc>
<status status="PASS" start="2024-07-09T21:15:54.960958" elapsed="0.000610"/>
</kw>
<kw name="Log" owner="BuiltIn">
<msg time="2024-07-09T21:15:54.962241" level="INFO">200</msg>
<arg>${response.status_code}</arg>
<doc>Logs the given message with the given level.</doc>
<status status="PASS" start="2024-07-09T21:15:54.961893" elapsed="0.000392"/>
</kw>
<kw name="Set Variable" owner="BuiltIn">
<msg time="2024-07-09T21:15:54.963043" level="INFO">${json_data} = {'results': [{'gender': 'female', 'name': {'title': 'Ms', 'first': 'Özsu', 'last': 'Kaplangı'}, 'location': {'street': {'number': 8092, 'name': 'Şehitler Cd'}, 'city': 'İstanbul', 'state': 'Denizli', ...</msg>
<var>${json_data}</var>
<arg>${response.json()}</arg>
<doc>Returns the given values which can then be assigned to a variables.</doc>
<status status="PASS" start="2024-07-09T21:15:54.962590" elapsed="0.000484"/>
</kw>
<kw name="Dictionary Should Contain Key" owner="Collections">
<arg>${json_data}</arg>
<arg>results</arg>
<doc>Fails if ``key`` is not found from ``dictionary``.</doc>
<status status="PASS" start="2024-07-09T21:15:54.963370" elapsed="0.000166"/>
</kw>
<status status="PASS" start="2024-07-09T21:15:54.779320" elapsed="0.184373"/>
</kw>
<doc>Testa se a API responde corretamente e retorna um objeto JSON válido.</doc>
<tag>testeRequisicaoBasica</tag>
<status status="PASS" start="2024-07-09T21:15:54.778876" elapsed="0.184997"/>
</test>
<test id="s1-s1-t3" name="Validar estrutura de resposta" line="22">
<kw name="Teste de Estrutura de Resposta" owner="random-user-service">
<kw name="GET On Session" owner="RequestsLibrary">
<msg time="2024-07-09T21:15:55.069971" level="INFO">GET Request : url=https://randomuser.me/api 
 path_url=/api 
 headers={'User-Agent': 'python-requests/2.32.3', 'Accept-Encoding': 'gzip, deflate', 'Accept': '*/*', 'Connection': 'keep-alive'} 
 body=None 
 </msg>
<msg time="2024-07-09T21:15:55.070075" level="INFO">GET Response : url=https://randomuser.me/api 
 status=200, reason=OK 
 headers={'Date': 'Tue, 09 Jul 2024 21:15:55 GMT', 'Content-Type': 'application/json; charset=utf-8', 'Transfer-Encoding': 'chunked', 'Connection': 'keep-alive', 'X-Powered-By': 'Express', 'Access-Control-Allow-Origin': '*', 'Cache-Control': 'no-cache', 'ETag': 'W/"496-m+VRJ5Mo2wi1QYwjs9/QY9gYEYM"', 'Vary': 'Accept-Encoding', 'Content-Encoding': 'gzip', 'CF-Cache-Status': 'DYNAMIC', 'Report-To': '{"endpoints":[{"url":"https:\\/\\/a.nel.cloudflare.com\\/report\\/v4?s=h63Z2kYhR7Jk2b4gww%2BlE4qhNvtphDEHWc6Dh%2FnY3XCT0fJB7rmxegJsb0IHfvMwxMZQVM52Wnt3AvhgYJbK5eGMEg1R9kjFd%2FsNjbLs9hb6%2BvvRVXoKbIW6R2WhS%2Baf"}],"group":"cf-nel","max_age":604800}', 'NEL': '{"success_fraction":0,"report_to":"cf-nel","max_age":604800}', 'Server': 'cloudflare', 'CF-RAY': '8a0b55049c977bb6-LAX', 'alt-svc': 'h3=":443"; ma=86400'} 
 body={"results":[{"gender":"male","name":{"title":"Mr","first":"Francis","last":"Reid"},"location":{"street":{"number":6225,"name":"E Center St"},"city":"Round Rock","state":"Connecticut","country":"United States","postcode":45708,"coordinates":{"latitude":"85.6398","longitude":"-9.9425"},"timezone":{"offset":"+8:00","description":"Beijing, Perth, Singapore, Hong Kong"}},"email":"francis.reid@example.com","login":{"uuid":"5bd92c26-66e1-4870-9a88-b63a7b09f289","username":"lazyleopard755","password":"neng","salt":"Ax6gIDaK","md5":"24311e840325c1322cfc56f9ccfde1e3","sha1":"717135cbf2ac5537fa96b4f892e1616ac3a30c23","sha256":"43d606e89658d930a1c9df165524cf4f51418a5e059a04a0347b75aefac54e59"},"dob":{"date":"1966-10-04T01:31:51.814Z","age":57},"registered":{"date":"2006-02-11T06:24:33.039Z","age":18},"phone":"(570) 691-5635","cell":"(451) 407-6126","id":{"name":"SSN","value":"410-97-0204"},"picture":{"large":"https://randomuser.me/api/portraits/men/65.jpg","medium":"https://randomuser.me/api/portraits/med/men/65.jpg","thumbnail":"https://randomuser.me/api/portraits/thumb/men/65.jpg"},"nat":"US"}],"info":{"seed":"bf3cfebea41977b3","results":1,"page":1,"version":"1.4"}} 
 </msg>
<msg time="2024-07-09T21:15:55.070211" level="INFO">/opt/hostedtoolcache/Python/3.12.4/x64/lib/python3.12/site-packages/urllib3/connectionpool.py:1099: InsecureRequestWarning: Unverified HTTPS request is being made to host 'randomuser.me'. Adding certificate verification is strongly advised. See: https://urllib3.readthedocs.io/en/latest/advanced-usage.html#tls-warnings
  warnings.warn(</msg>
<msg time="2024-07-09T21:15:55.070344" level="INFO">${response} = &lt;Response [200]&gt;</msg>
<var>${response}</var>
<arg>consultarAPI</arg>
<arg>/api</arg>
<doc>Sends a GET request on a previously created HTTP Session.</doc>
<status status="PASS" start="2024-07-09T21:15:54.966601" elapsed="0.103786"/>
</kw>
<kw name="Set Variable" owner="BuiltIn">
<msg time="2024-07-09T21:15:55.071599" level="INFO">${json_data} = {'results': [{'gender': 'male', 'name': {'title': 'Mr', 'first': 'Francis', 'last': 'Reid'}, 'location': {'street': {'number': 6225, 'name': 'E Center St'}, 'city': 'Round Rock', 'state': 'Connecticut...</msg>
<var>${json_data}</var>
<arg>${response.json()}</arg>
<doc>Returns the given values which can then be assigned to a variables.</doc>
<status status="PASS" start="2024-07-09T21:15:55.071017" elapsed="0.000611"/>
</kw>
<kw name="Log" owner="BuiltIn">
<msg time="2024-07-09T21:15:55.072112" level="INFO">{'results': [{'gender': 'male', 'name': {'title': 'Mr', 'first': 'Francis', 'last': 'Reid'}, 'location': {'street': {'number': 6225, 'name': 'E Center St'}, 'city': 'Round Rock', 'state': 'Connecticut', 'country': 'United States', 'postcode': 45708, 'coordinates': {'latitude': '85.6398', 'longitude': '-9.9425'}, 'timezone': {'offset': '+8:00', 'description': 'Beijing, Perth, Singapore, Hong Kong'}}, 'email': 'francis.reid@example.com', 'login': {'uuid': '5bd92c26-66e1-4870-9a88-b63a7b09f289', 'username': 'lazyleopard755', 'password': 'neng', 'salt': 'Ax6gIDaK', 'md5': '24311e840325c1322cfc56f9ccfde1e3', 'sha1': '717135cbf2ac5537fa96b4f892e1616ac3a30c23', 'sha256': '43d606e89658d930a1c9df165524cf4f51418a5e059a04a0347b75aefac54e59'}, 'dob': {'date': '1966-10-04T01:31:51.814Z', 'age': 57}, 'registered': {'date': '2006-02-11T06:24:33.039Z', 'age': 18}, 'phone': '(570) 691-5635', 'cell': '(451) 407-6126', 'id': {'name': 'SSN', 'value': '410-97-0204'}, 'picture': {'large': 'https://randomuser.me/api/portraits/men/65.jpg', 'medium': 'https://randomuser.me/api/portraits/med/men/65.jpg', 'thumbnail': 'https://randomuser.me/api/portraits/thumb/men/65.jpg'}, 'nat': 'US'}], 'info': {'seed': 'bf3cfebea41977b3', 'results': 1, 'page': 1, 'version': '1.4'}}</msg>
<arg>${json_data}</arg>
<doc>Logs the given message with the given level.</doc>
<status status="PASS" start="2024-07-09T21:15:55.071948" elapsed="0.000215"/>
</kw>
<kw name="Dictionary Should Contain Key" owner="Collections">
<arg>${json_data}</arg>
<arg>results</arg>
<doc>Fails if ``key`` is not found from ``dictionary``.</doc>
<status status="PASS" start="2024-07-09T21:15:55.072457" elapsed="0.000160"/>
</kw>
<kw name="Should Not Be Empty" owner="BuiltIn">
<msg time="2024-07-09T21:15:55.072941" level="INFO">Length is 2.</msg>
<arg>${json_data}</arg>
<doc>Verifies that the given item is not empty.</doc>
<status status="PASS" start="2024-07-09T21:15:55.072810" elapsed="0.000171"/>
</kw>
<kw name="Create List" owner="BuiltIn">
<msg time="2024-07-09T21:15:55.073642" level="INFO">${expected_keys} = ['gender', 'name', 'location', 'email', 'login']</msg>
<var>${expected_keys}</var>
<arg>gender</arg>
<arg>name</arg>
<arg>location</arg>
<arg>email</arg>
<arg>login</arg>
<doc>Returns a list containing given items.</doc>
<status status="PASS" start="2024-07-09T21:15:55.073315" elapsed="0.000352"/>
</kw>
<for flavor="IN">
<iter>
<kw name="Dictionary Should Contain Key" owner="Collections">
<arg>${json_data['results'][0]}</arg>
<arg>${key}</arg>
<doc>Fails if ``key`` is not found from ``dictionary``.</doc>
<status status="PASS" start="2024-07-09T21:15:55.074256" elapsed="0.000417"/>
</kw>
<kw name="Log" owner="BuiltIn">
<msg time="2024-07-09T21:15:55.075223" level="INFO">{'gender': 'male', 'name': {'title': 'Mr', 'first': 'Francis', 'last': 'Reid'}, 'location': {'street': {'number': 6225, 'name': 'E Center St'}, 'city': 'Round Rock', 'state': 'Connecticut', 'country': 'United States', 'postcode': 45708, 'coordinates': {'latitude': '85.6398', 'longitude': '-9.9425'}, 'timezone': {'offset': '+8:00', 'description': 'Beijing, Perth, Singapore, Hong Kong'}}, 'email': 'francis.reid@example.com', 'login': {'uuid': '5bd92c26-66e1-4870-9a88-b63a7b09f289', 'username': 'lazyleopard755', 'password': 'neng', 'salt': 'Ax6gIDaK', 'md5': '24311e840325c1322cfc56f9ccfde1e3', 'sha1': '717135cbf2ac5537fa96b4f892e1616ac3a30c23', 'sha256': '43d606e89658d930a1c9df165524cf4f51418a5e059a04a0347b75aefac54e59'}, 'dob': {'date': '1966-10-04T01:31:51.814Z', 'age': 57}, 'registered': {'date': '2006-02-11T06:24:33.039Z', 'age': 18}, 'phone': '(570) 691-5635', 'cell': '(451) 407-6126', 'id': {'name': 'SSN', 'value': '410-97-0204'}, 'picture': {'large': 'https://randomuser.me/api/portraits/men/65.jpg', 'medium': 'https://randomuser.me/api/portraits/med/men/65.jpg', 'thumbnail': 'https://randomuser.me/api/portraits/thumb/men/65.jpg'}, 'nat': 'US'}</msg>
<arg>${json_data['results'][0]}</arg>
<doc>Logs the given message with the given level.</doc>
<status status="PASS" start="2024-07-09T21:15:55.074860" elapsed="0.000413"/>
</kw>
<kw name="Log" owner="BuiltIn">
<msg time="2024-07-09T21:15:55.075705" level="INFO">gender</msg>
<arg>${key}</arg>
<doc>Logs the given message with the given level.</doc>
<status status="PASS" start="2024-07-09T21:15:55.075573" elapsed="0.000189"/>
</kw>
<var name="${key}">gender</var>
<status status="PASS" start="2024-07-09T21:15:55.074131" elapsed="0.001856"/>
</iter>
<iter>
<kw name="Dictionary Should Contain Key" owner="Collections">
<arg>${json_data['results'][0]}</arg>
<arg>${key}</arg>
<doc>Fails if ``key`` is not found from ``dictionary``.</doc>
<status status="PASS" start="2024-07-09T21:15:55.076316" elapsed="0.000388"/>
</kw>
<kw name="Log" owner="BuiltIn">
<msg time="2024-07-09T21:15:55.077251" level="INFO">{'gender': 'male', 'name': {'title': 'Mr', 'first': 'Francis', 'last': 'Reid'}, 'location': {'street': {'number': 6225, 'name': 'E Center St'}, 'city': 'Round Rock', 'state': 'Connecticut', 'country': 'United States', 'postcode': 45708, 'coordinates': {'latitude': '85.6398', 'longitude': '-9.9425'}, 'timezone': {'offset': '+8:00', 'description': 'Beijing, Perth, Singapore, Hong Kong'}}, 'email': 'francis.reid@example.com', 'login': {'uuid': '5bd92c26-66e1-4870-9a88-b63a7b09f289', 'username': 'lazyleopard755', 'password': 'neng', 'salt': 'Ax6gIDaK', 'md5': '24311e840325c1322cfc56f9ccfde1e3', 'sha1': '717135cbf2ac5537fa96b4f892e1616ac3a30c23', 'sha256': '43d606e89658d930a1c9df165524cf4f51418a5e059a04a0347b75aefac54e59'}, 'dob': {'date': '1966-10-04T01:31:51.814Z', 'age': 57}, 'registered': {'date': '2006-02-11T06:24:33.039Z', 'age': 18}, 'phone': '(570) 691-5635', 'cell': '(451) 407-6126', 'id': {'name': 'SSN', 'value': '410-97-0204'}, 'picture': {'large': 'https://randomuser.me/api/portraits/men/65.jpg', 'medium': 'https://randomuser.me/api/portraits/med/men/65.jpg', 'thumbnail': 'https://randomuser.me/api/portraits/thumb/men/65.jpg'}, 'nat': 'US'}</msg>
<arg>${json_data['results'][0]}</arg>
<doc>Logs the given message with the given level.</doc>
<status status="PASS" start="2024-07-09T21:15:55.076886" elapsed="0.000451"/>
</kw>
<kw name="Log" owner="BuiltIn">
<msg time="2024-07-09T21:15:55.077761" level="INFO">name</msg>
<arg>${key}</arg>
<doc>Logs the given message with the given level.</doc>
<status status="PASS" start="2024-07-09T21:15:55.077635" elapsed="0.000164"/>
</kw>
<var name="${key}">name</var>
<status status="PASS" start="2024-07-09T21:15:55.076203" elapsed="0.001812"/>
</iter>
<iter>
<kw name="Dictionary Should Contain Key" owner="Collections">
<arg>${json_data['results'][0]}</arg>
<arg>${key}</arg>
<doc>Fails if ``key`` is not found from ``dictionary``.</doc>
<status status="PASS" start="2024-07-09T21:15:55.078298" elapsed="0.000379"/>
</kw>
<kw name="Log" owner="BuiltIn">
<msg time="2024-07-09T21:15:55.079205" level="INFO">{'gender': 'male', 'name': {'title': 'Mr', 'first': 'Francis', 'last': 'Reid'}, 'location': {'street': {'number': 6225, 'name': 'E Center St'}, 'city': 'Round Rock', 'state': 'Connecticut', 'country': 'United States', 'postcode': 45708, 'coordinates': {'latitude': '85.6398', 'longitude': '-9.9425'}, 'timezone': {'offset': '+8:00', 'description': 'Beijing, Perth, Singapore, Hong Kong'}}, 'email': 'francis.reid@example.com', 'login': {'uuid': '5bd92c26-66e1-4870-9a88-b63a7b09f289', 'username': 'lazyleopard755', 'password': 'neng', 'salt': 'Ax6gIDaK', 'md5': '24311e840325c1322cfc56f9ccfde1e3', 'sha1': '717135cbf2ac5537fa96b4f892e1616ac3a30c23', 'sha256': '43d606e89658d930a1c9df165524cf4f51418a5e059a04a0347b75aefac54e59'}, 'dob': {'date': '1966-10-04T01:31:51.814Z', 'age': 57}, 'registered': {'date': '2006-02-11T06:24:33.039Z', 'age': 18}, 'phone': '(570) 691-5635', 'cell': '(451) 407-6126', 'id': {'name': 'SSN', 'value': '410-97-0204'}, 'picture': {'large': 'https://randomuser.me/api/portraits/men/65.jpg', 'medium': 'https://randomuser.me/api/portraits/med/men/65.jpg', 'thumbnail': 'https://randomuser.me/api/portraits/thumb/men/65.jpg'}, 'nat': 'US'}</msg>
<arg>${json_data['results'][0]}</arg>
<doc>Logs the given message with the given level.</doc>
<status status="PASS" start="2024-07-09T21:15:55.078858" elapsed="0.000397"/>
</kw>
<kw name="Log" owner="BuiltIn">
<msg time="2024-07-09T21:15:55.079687" level="INFO">location</msg>
<arg>${key}</arg>
<doc>Logs the given message with the given level.</doc>
<status status="PASS" start="2024-07-09T21:15:55.079558" elapsed="0.000167"/>
</kw>
<var name="${key}">location</var>
<status status="PASS" start="2024-07-09T21:15:55.078192" elapsed="0.001748"/>
</iter>
<iter>
<kw name="Dictionary Should Contain Key" owner="Collections">
<arg>${json_data['results'][0]}</arg>
<arg>${key}</arg>
<doc>Fails if ``key`` is not found from ``dictionary``.</doc>
<status status="PASS" start="2024-07-09T21:15:55.080225" elapsed="0.000389"/>
</kw>
<kw name="Log" owner="BuiltIn">
<msg time="2024-07-09T21:15:55.081153" level="INFO">{'gender': 'male', 'name': {'title': 'Mr', 'first': 'Francis', 'last': 'Reid'}, 'location': {'street': {'number': 6225, 'name': 'E Center St'}, 'city': 'Round Rock', 'state': 'Connecticut', 'country': 'United States', 'postcode': 45708, 'coordinates': {'latitude': '85.6398', 'longitude': '-9.9425'}, 'timezone': {'offset': '+8:00', 'description': 'Beijing, Perth, Singapore, Hong Kong'}}, 'email': 'francis.reid@example.com', 'login': {'uuid': '5bd92c26-66e1-4870-9a88-b63a7b09f289', 'username': 'lazyleopard755', 'password': 'neng', 'salt': 'Ax6gIDaK', 'md5': '24311e840325c1322cfc56f9ccfde1e3', 'sha1': '717135cbf2ac5537fa96b4f892e1616ac3a30c23', 'sha256': '43d606e89658d930a1c9df165524cf4f51418a5e059a04a0347b75aefac54e59'}, 'dob': {'date': '1966-10-04T01:31:51.814Z', 'age': 57}, 'registered': {'date': '2006-02-11T06:24:33.039Z', 'age': 18}, 'phone': '(570) 691-5635', 'cell': '(451) 407-6126', 'id': {'name': 'SSN', 'value': '410-97-0204'}, 'picture': {'large': 'https://randomuser.me/api/portraits/men/65.jpg', 'medium': 'https://randomuser.me/api/portraits/med/men/65.jpg', 'thumbnail': 'https://randomuser.me/api/portraits/thumb/men/65.jpg'}, 'nat': 'US'}</msg>
<arg>${json_data['results'][0]}</arg>
<doc>Logs the given message with the given level.</doc>
<status status="PASS" start="2024-07-09T21:15:55.080803" elapsed="0.000400"/>
</kw>
<kw name="Log" owner="BuiltIn">
<msg time="2024-07-09T21:15:55.081659" level="INFO">email</msg>
<arg>${key}</arg>
<doc>Logs the given message with the given level.</doc>
<status status="PASS" start="2024-07-09T21:15:55.081527" elapsed="0.000171"/>
</kw>
<var name="${key}">email</var>
<status status="PASS" start="2024-07-09T21:15:55.080113" elapsed="0.001798"/>
</iter>
<iter>
<kw name="Dictionary Should Contain Key" owner="Collections">
<arg>${json_data['results'][0]}</arg>
<arg>${key}</arg>
<doc>Fails if ``key`` is not found from ``dictionary``.</doc>
<status status="PASS" start="2024-07-09T21:15:55.082195" elapsed="0.000381"/>
</kw>
<kw name="Log" owner="BuiltIn">
<msg time="2024-07-09T21:15:55.083097" level="INFO">{'gender': 'male', 'name': {'title': 'Mr', 'first': 'Francis', 'last': 'Reid'}, 'location': {'street': {'number': 6225, 'name': 'E Center St'}, 'city': 'Round Rock', 'state': 'Connecticut', 'country': 'United States', 'postcode': 45708, 'coordinates': {'latitude': '85.6398', 'longitude': '-9.9425'}, 'timezone': {'offset': '+8:00', 'description': 'Beijing, Perth, Singapore, Hong Kong'}}, 'email': 'francis.reid@example.com', 'login': {'uuid': '5bd92c26-66e1-4870-9a88-b63a7b09f289', 'username': 'lazyleopard755', 'password': 'neng', 'salt': 'Ax6gIDaK', 'md5': '24311e840325c1322cfc56f9ccfde1e3', 'sha1': '717135cbf2ac5537fa96b4f892e1616ac3a30c23', 'sha256': '43d606e89658d930a1c9df165524cf4f51418a5e059a04a0347b75aefac54e59'}, 'dob': {'date': '1966-10-04T01:31:51.814Z', 'age': 57}, 'registered': {'date': '2006-02-11T06:24:33.039Z', 'age': 18}, 'phone': '(570) 691-5635', 'cell': '(451) 407-6126', 'id': {'name': 'SSN', 'value': '410-97-0204'}, 'picture': {'large': 'https://randomuser.me/api/portraits/men/65.jpg', 'medium': 'https://randomuser.me/api/portraits/med/men/65.jpg', 'thumbnail': 'https://randomuser.me/api/portraits/thumb/men/65.jpg'}, 'nat': 'US'}</msg>
<arg>${json_data['results'][0]}</arg>
<doc>Logs the given message with the given level.</doc>
<status status="PASS" start="2024-07-09T21:15:55.082755" elapsed="0.000392"/>
</kw>
<kw name="Log" owner="BuiltIn">
<msg time="2024-07-09T21:15:55.083564" level="INFO">login</msg>
<arg>${key}</arg>
<doc>Logs the given message with the given level.</doc>
<status status="PASS" start="2024-07-09T21:15:55.083439" elapsed="0.000163"/>
</kw>
<var name="${key}">login</var>
<status status="PASS" start="2024-07-09T21:15:55.082082" elapsed="0.001733"/>
</iter>
<var>${key}</var>
<value>@{expected_keys}</value>
<status status="PASS" start="2024-07-09T21:15:55.073935" elapsed="0.010003"/>
</for>
<kw name="Create List" owner="BuiltIn">
<msg time="2024-07-09T21:15:55.084271" level="INFO">${expected_keysTwo} = ['username', 'password']</msg>
<var>${expected_keysTwo}</var>
<arg>username</arg>
<arg>password</arg>
<doc>Returns a list containing given items.</doc>
<status status="PASS" start="2024-07-09T21:15:55.084131" elapsed="0.000193"/>
</kw>
<for flavor="IN">
<iter>
<kw name="Dictionary Should Contain Key" owner="Collections">
<arg>${json_data['results'][0]['login']}</arg>
<arg>${keyTwo}</arg>
<doc>Fails if ``key`` is not found from ``dictionary``.</doc>
<status status="PASS" start="2024-07-09T21:15:55.084841" elapsed="0.000419"/>
</kw>
<kw name="Dictionary Should Contain Key" owner="Collections">
<arg>${json_data['results'][0]['login']}</arg>
<arg>${keyTwo}</arg>
<doc>Fails if ``key`` is not found from ``dictionary``.</doc>
<status status="PASS" start="2024-07-09T21:15:55.085446" elapsed="0.000389"/>
</kw>
<kw name="Log" owner="BuiltIn">
<msg time="2024-07-09T21:15:55.086145" level="INFO">username</msg>
<arg>${keyTwo}</arg>
<doc>Logs the given message with the given level.</doc>
<status status="PASS" start="2024-07-09T21:15:55.086023" elapsed="0.000160"/>
</kw>
<var name="${keyTwo}">username</var>
<status status="PASS" start="2024-07-09T21:15:55.084725" elapsed="0.001696"/>
</iter>
<iter>
<kw name="Dictionary Should Contain Key" owner="Collections">
<arg>${json_data['results'][0]['login']}</arg>
<arg>${keyTwo}</arg>
<doc>Fails if ``key`` is not found from ``dictionary``.</doc>
<status status="PASS" start="2024-07-09T21:15:55.086711" elapsed="0.000391"/>
</kw>
<kw name="Dictionary Should Contain Key" owner="Collections">
<arg>${json_data['results'][0]['login']}</arg>
<arg>${keyTwo}</arg>
<doc>Fails if ``key`` is not found from ``dictionary``.</doc>
<status status="PASS" start="2024-07-09T21:15:55.087293" elapsed="0.000368"/>
</kw>
<kw name="Log" owner="BuiltIn">
<msg time="2024-07-09T21:15:55.087966" level="INFO">password</msg>
<arg>${keyTwo}</arg>
<doc>Logs the given message with the given level.</doc>
<status status="PASS" start="2024-07-09T21:15:55.087836" elapsed="0.000173"/>
</kw>
<var name="${keyTwo}">password</var>
<status status="PASS" start="2024-07-09T21:15:55.086604" elapsed="0.001729"/>
</iter>
<var>${keyTwo}</var>
<value>@{expected_keysTwo}</value>
<status status="PASS" start="2024-07-09T21:15:55.084574" elapsed="0.003881"/>
</for>
<status status="PASS" start="2024-07-09T21:15:54.966368" elapsed="0.122228"/>
</kw>
<doc>Testa a estrutura da resposta da API.</doc>
<tag>testeEstruturaResposta</tag>
<status status="PASS" start="2024-07-09T21:15:54.965776" elapsed="0.122978"/>
</test>
<test id="s1-s1-t4" name="Validar tipos de dados" line="28">
<kw name="Teste de Tipos de Dados" owner="random-user-service">
<kw name="GET On Session" owner="RequestsLibrary">
<msg time="2024-07-09T21:15:55.193719" level="INFO">GET Request : url=https://randomuser.me/api 
 path_url=/api 
 headers={'User-Agent': 'python-requests/2.32.3', 'Accept-Encoding': 'gzip, deflate', 'Accept': '*/*', 'Connection': 'keep-alive'} 
 body=None 
 </msg>
<msg time="2024-07-09T21:15:55.193837" level="INFO">GET Response : url=https://randomuser.me/api 
 status=200, reason=OK 
 headers={'Date': 'Tue, 09 Jul 2024 21:15:55 GMT', 'Content-Type': 'application/json; charset=utf-8', 'Transfer-Encoding': 'chunked', 'Connection': 'keep-alive', 'X-Powered-By': 'Express', 'Access-Control-Allow-Origin': '*', 'Cache-Control': 'no-cache', 'ETag': 'W/"494-tcj1lLUvCoSM74MdDtHyX0azSlE"', 'Vary': 'Accept-Encoding', 'Content-Encoding': 'gzip', 'CF-Cache-Status': 'DYNAMIC', 'Report-To': '{"endpoints":[{"url":"https:\\/\\/a.nel.cloudflare.com\\/report\\/v4?s=Lrh0mEym7MYSHIDhl3lvtDtuKa0zgSuqz5%2F9qwj5ttLUISclxYiFJZQ7%2B46vBOdOMI4zyytYVKt5mAA7Na4AEM0h8ZF1dhncv53maQlFwm10uZ0k0k%2Bk0IsCjdDX524R"}],"group":"cf-nel","max_age":604800}', 'NEL': '{"success_fraction":0,"report_to":"cf-nel","max_age":604800}', 'Server': 'cloudflare', 'CF-RAY': '8a0b55055d727bb6-LAX', 'alt-svc': 'h3=":443"; ma=86400'} 
 body={"results":[{"gender":"male","name":{"title":"Mr","first":"Mathew","last":"Wheeler"},"location":{"street":{"number":5742,"name":"Camden Ave"},"city":"Queanbeyan","state":"New South Wales","country":"Australia","postcode":4989,"coordinates":{"latitude":"-82.8202","longitude":"-33.7522"},"timezone":{"offset":"+1:00","description":"Brussels, Copenhagen, Madrid, Paris"}},"email":"mathew.wheeler@example.com","login":{"uuid":"af791b2e-4175-428c-b580-5768f2989741","username":"lazybear421","password":"fantasia","salt":"sfBuiIXD","md5":"42ddb57ba1dd7a999721cc6d001fce98","sha1":"10b7220c0e75d65ca01f9a3a952cac664c1fde75","sha256":"e61db8781747a8fb716cd16417c5f35b9a9c0eaad5f30055d7a30447af9c5541"},"dob":{"date":"1970-02-21T13:11:24.167Z","age":54},"registered":{"date":"2010-12-25T15:12:06.905Z","age":13},"phone":"09-1555-4309","cell":"0439-827-821","id":{"name":"TFN","value":"565553416"},"picture":{"large":"https://randomuser.me/api/portraits/men/51.jpg","medium":"https://randomuser.me/api/portraits/med/men/51.jpg","thumbnail":"https://randomuser.me/api/portraits/thumb/men/51.jpg"},"nat":"AU"}],"info":{"seed":"ea0676331576234f","results":1,"page":1,"version":"1.4"}} 
 </msg>
<msg time="2024-07-09T21:15:55.193920" level="INFO">/opt/hostedtoolcache/Python/3.12.4/x64/lib/python3.12/site-packages/urllib3/connectionpool.py:1099: InsecureRequestWarning: Unverified HTTPS request is being made to host 'randomuser.me'. Adding certificate verification is strongly advised. See: https://urllib3.readthedocs.io/en/latest/advanced-usage.html#tls-warnings
  warnings.warn(</msg>
<msg time="2024-07-09T21:15:55.194073" level="INFO">${response} = &lt;Response [200]&gt;</msg>
<var>${response}</var>
<arg>consultarAPI</arg>
<arg>/api</arg>
<doc>Sends a GET request on a previously created HTTP Session.</doc>
<status status="PASS" start="2024-07-09T21:15:55.091279" elapsed="0.102842"/>
</kw>
<kw name="Set Variable" owner="BuiltIn">
<msg time="2024-07-09T21:15:55.195358" level="INFO">${json_data} = {'results': [{'gender': 'male', 'name': {'title': 'Mr', 'first': 'Mathew', 'last': 'Wheeler'}, 'location': {'street': {'number': 5742, 'name': 'Camden Ave'}, 'city': 'Queanbeyan', 'state': 'New South ...</msg>
<var>${json_data}</var>
<arg>${response.json()}</arg>
<doc>Returns the given values which can then be assigned to a variables.</doc>
<status status="PASS" start="2024-07-09T21:15:55.194769" elapsed="0.000619"/>
</kw>
<kw name="Log" owner="BuiltIn">
<msg time="2024-07-09T21:15:55.195874" level="INFO">{'results': [{'gender': 'male', 'name': {'title': 'Mr', 'first': 'Mathew', 'last': 'Wheeler'}, 'location': {'street': {'number': 5742, 'name': 'Camden Ave'}, 'city': 'Queanbeyan', 'state': 'New South Wales', 'country': 'Australia', 'postcode': 4989, 'coordinates': {'latitude': '-82.8202', 'longitude': '-33.7522'}, 'timezone': {'offset': '+1:00', 'description': 'Brussels, Copenhagen, Madrid, Paris'}}, 'email': 'mathew.wheeler@example.com', 'login': {'uuid': 'af791b2e-4175-428c-b580-5768f2989741', 'username': 'lazybear421', 'password': 'fantasia', 'salt': 'sfBuiIXD', 'md5': '42ddb57ba1dd7a999721cc6d001fce98', 'sha1': '10b7220c0e75d65ca01f9a3a952cac664c1fde75', 'sha256': 'e61db8781747a8fb716cd16417c5f35b9a9c0eaad5f30055d7a30447af9c5541'}, 'dob': {'date': '1970-02-21T13:11:24.167Z', 'age': 54}, 'registered': {'date': '2010-12-25T15:12:06.905Z', 'age': 13}, 'phone': '09-1555-4309', 'cell': '0439-827-821', 'id': {'name': 'TFN', 'value': '565553416'}, 'picture': {'large': 'https://randomuser.me/api/portraits/men/51.jpg', 'medium': 'https://randomuser.me/api/portraits/med/men/51.jpg', 'thumbnail': 'https://randomuser.me/api/portraits/thumb/men/51.jpg'}, 'nat': 'AU'}], 'info': {'seed': 'ea0676331576234f', 'results': 1, 'page': 1, 'version': '1.4'}}</msg>
<arg>${json_data}</arg>
<doc>Logs the given message with the given level.</doc>
<status status="PASS" start="2024-07-09T21:15:55.195715" elapsed="0.000209"/>
</kw>
<kw name="Should Be String" owner="String">
<arg>${json_data['results'][0]['gender']}</arg>
<doc>Fails if the given ``item`` is not a string.</doc>
<status status="PASS" start="2024-07-09T21:15:55.196221" elapsed="0.000364"/>
</kw>
<kw name="Should Match Regexp" owner="BuiltIn">
<arg>${json_data['results'][0]['email']}</arg>
<arg>^[a-zA-Z0-9._%+-]+@[a-zA-Z0-9.-]+\.[a-zA-Z]{2,}$</arg>
<doc>Fails if ``string`` does not match ``pattern`` as a regular expression.</doc>
<status status="PASS" start="2024-07-09T21:15:55.196776" elapsed="0.000601"/>
</kw>
<kw name="Should Match Regexp" owner="BuiltIn">
<arg>${json_data['results'][0]['dob']['date']}</arg>
<arg>\\d{4}-\\d{2}-\\d{2}T\\d{2}:\\d{2}:\\d{2}\\.\\d{3}Z</arg>
<doc>Fails if ``string`` does not match ``pattern`` as a regular expression.</doc>
<status status="PASS" start="2024-07-09T21:15:55.197579" elapsed="0.000500"/>
</kw>
<kw name="Should Match Regexp" owner="BuiltIn">
<arg>${json_data['results'][0]['registered']['date']}</arg>
<arg>\\d{4}-\\d{2}-\\d{2}T\\d{2}:\\d{2}:\\d{2}\\.\\d{3}Z</arg>
<doc>Fails if ``string`` does not match ``pattern`` as a regular expression.</doc>
<status status="PASS" start="2024-07-09T21:15:55.198272" elapsed="0.000368"/>
</kw>
<kw name="Should Match Regexp" owner="BuiltIn">
<arg>${json_data['results'][0]['picture']['large']}</arg>
<arg>^https?://.*\.(?:png|jpe?g|gif|bmp)$</arg>
<doc>Fails if ``string`` does not match ``pattern`` as a regular expression.</doc>
<status status="PASS" start="2024-07-09T21:15:55.198828" elapsed="0.000461"/>
</kw>
<kw name="Should Match Regexp" owner="BuiltIn">
<arg>${json_data['results'][0]['picture']['medium']}</arg>
<arg>^https?://.*\.(?:png|jpe?g|gif|bmp)$</arg>
<doc>Fails if ``string`` does not match ``pattern`` as a regular expression.</doc>
<status status="PASS" start="2024-07-09T21:15:55.199477" elapsed="0.000361"/>
</kw>
<kw name="Should Match Regexp" owner="BuiltIn">
<arg>${json_data['results'][0]['picture']['thumbnail']}</arg>
<arg>^https?://.*\.(?:png|jpe?g|gif|bmp)$</arg>
<doc>Fails if ``string`` does not match ``pattern`` as a regular expression.</doc>
<status status="PASS" start="2024-07-09T21:15:55.200021" elapsed="0.000350"/>
</kw>
<kw name="Log" owner="BuiltIn">
<msg time="2024-07-09T21:15:55.200887" level="INFO">{'large': 'https://randomuser.me/api/portraits/men/51.jpg', 'medium': 'https://randomuser.me/api/portraits/med/men/51.jpg', 'thumbnail': 'https://randomuser.me/api/portraits/thumb/men/51.jpg'}</msg>
<arg>${json_data['results'][0]['picture']}</arg>
<doc>Logs the given message with the given level.</doc>
<status status="PASS" start="2024-07-09T21:15:55.200556" elapsed="0.000373"/>
</kw>
<status status="PASS" start="2024-07-09T21:15:55.091052" elapsed="0.110136"/>
</kw>
<kw name="Teste de Tipos de Dados - Postcode" owner="random-user-service">
<kw name="GET On Session" owner="RequestsLibrary">
<msg time="2024-07-09T21:15:55.310867" level="INFO">GET Request : url=https://randomuser.me/api 
 path_url=/api 
 headers={'User-Agent': 'python-requests/2.32.3', 'Accept-Encoding': 'gzip, deflate', 'Accept': '*/*', 'Connection': 'keep-alive'} 
 body=None 
 </msg>
<msg time="2024-07-09T21:15:55.310969" level="INFO">GET Response : url=https://randomuser.me/api 
 status=200, reason=OK 
 headers={'Date': 'Tue, 09 Jul 2024 21:15:55 GMT', 'Content-Type': 'application/json; charset=utf-8', 'Transfer-Encoding': 'chunked', 'Connection': 'keep-alive', 'X-Powered-By': 'Express', 'Access-Control-Allow-Origin': '*', 'Cache-Control': 'no-cache', 'ETag': 'W/"495-+7K3o9jRslKux48dht0zxM3yv+U"', 'Vary': 'Accept-Encoding', 'Content-Encoding': 'gzip', 'CF-Cache-Status': 'DYNAMIC', 'Report-To': '{"endpoints":[{"url":"https:\\/\\/a.nel.cloudflare.com\\/report\\/v4?s=7pLy4%2Fdn9KH19xnRPRuIIYr8WcOEz1wn%2FOF1HwVBiNi4xFq0DRgfnQti4Eq91aHDbNVZtRbgYfYgPdFFSLHkU21BkaSbdxLP59oeE%2BkFO%2FWmUBeR6ktAYQHQv6vtKaFN"}],"group":"cf-nel","max_age":604800}', 'NEL': '{"success_fraction":0,"report_to":"cf-nel","max_age":604800}', 'Server': 'cloudflare', 'CF-RAY': '8a0b55060e057bb6-LAX', 'alt-svc': 'h3=":443"; ma=86400'} 
 body={"results":[{"gender":"female","name":{"title":"Ms","first":"Julia","last":"Hiltunen"},"location":{"street":{"number":1292,"name":"Rautatienkatu"},"city":"Seinäjoki","state":"Kymenlaakso","country":"Finland","postcode":91399,"coordinates":{"latitude":"-26.4013","longitude":"94.0998"},"timezone":{"offset":"+2:00","description":"Kaliningrad, South Africa"}},"email":"julia.hiltunen@example.com","login":{"uuid":"62e82ac3-ec64-4e02-b531-fdc6af06a67b","username":"bigwolf852","password":"celeste","salt":"Wyt4bkBw","md5":"425c343642c849518b3b3c24a01bdb33","sha1":"56d4b39933f4f8a440051e27d21593616f034da4","sha256":"00236dd8df883e5a012c51c6fbdb083f70889461e33b872f5209cc8d53ddba7e"},"dob":{"date":"1987-10-07T07:24:24.724Z","age":36},"registered":{"date":"2010-04-01T04:02:26.708Z","age":14},"phone":"09-046-447","cell":"046-396-37-59","id":{"name":"HETU","value":"NaNNA772undefined"},"picture":{"large":"https://randomuser.me/api/portraits/women/64.jpg","medium":"https://randomuser.me/api/portraits/med/women/64.jpg","thumbnail":"https://randomuser.me/api/portraits/thumb/women/64.jpg"},"nat":"FI"}],"info":{"seed":"d2b4168c96540cd2","results":1,"page":1,"version":"1.4"}} 
 </msg>
<msg time="2024-07-09T21:15:55.311043" level="INFO">/opt/hostedtoolcache/Python/3.12.4/x64/lib/python3.12/site-packages/urllib3/connectionpool.py:1099: InsecureRequestWarning: Unverified HTTPS request is being made to host 'randomuser.me'. Adding certificate verification is strongly advised. See: https://urllib3.readthedocs.io/en/latest/advanced-usage.html#tls-warnings
  warnings.warn(</msg>
<msg time="2024-07-09T21:15:55.311173" level="INFO">${response} = &lt;Response [200]&gt;</msg>
<var>${response}</var>
<arg>consultarAPI</arg>
<arg>/api</arg>
<doc>Sends a GET request on a previously created HTTP Session.</doc>
<status status="PASS" start="2024-07-09T21:15:55.201696" elapsed="0.109517"/>
</kw>
<kw name="Set Variable" owner="BuiltIn">
<msg time="2024-07-09T21:15:55.312397" level="INFO">${json_data} = {'results': [{'gender': 'female', 'name': {'title': 'Ms', 'first': 'Julia', 'last': 'Hiltunen'}, 'location': {'street': {'number': 1292, 'name': 'Rautatienkatu'}, 'city': 'Seinäjoki', 'state': 'Kymenl...</msg>
<var>${json_data}</var>
<arg>${response.json()}</arg>
<doc>Returns the given values which can then be assigned to a variables.</doc>
<status status="PASS" start="2024-07-09T21:15:55.311846" elapsed="0.000581"/>
</kw>
<kw name="Log" owner="BuiltIn">
<msg time="2024-07-09T21:15:55.312905" level="INFO">{'results': [{'gender': 'female', 'name': {'title': 'Ms', 'first': 'Julia', 'last': 'Hiltunen'}, 'location': {'street': {'number': 1292, 'name': 'Rautatienkatu'}, 'city': 'Seinäjoki', 'state': 'Kymenlaakso', 'country': 'Finland', 'postcode': 91399, 'coordinates': {'latitude': '-26.4013', 'longitude': '94.0998'}, 'timezone': {'offset': '+2:00', 'description': 'Kaliningrad, South Africa'}}, 'email': 'julia.hiltunen@example.com', 'login': {'uuid': '62e82ac3-ec64-4e02-b531-fdc6af06a67b', 'username': 'bigwolf852', 'password': 'celeste', 'salt': 'Wyt4bkBw', 'md5': '425c343642c849518b3b3c24a01bdb33', 'sha1': '56d4b39933f4f8a440051e27d21593616f034da4', 'sha256': '00236dd8df883e5a012c51c6fbdb083f70889461e33b872f5209cc8d53ddba7e'}, 'dob': {'date': '1987-10-07T07:24:24.724Z', 'age': 36}, 'registered': {'date': '2010-04-01T04:02:26.708Z', 'age': 14}, 'phone': '09-046-447', 'cell': '046-396-37-59', 'id': {'name': 'HETU', 'value': 'NaNNA772undefined'}, 'picture': {'large': 'https://randomuser.me/api/portraits/women/64.jpg', 'medium': 'https://randomuser.me/api/portraits/med/women/64.jpg', 'thumbnail': 'https://randomuser.me/api/portraits/thumb/women/64.jpg'}, 'nat': 'FI'}], 'info': {'seed': 'd2b4168c96540cd2', 'results': 1, 'page': 1, 'version': '1.4'}}</msg>
<arg>${json_data}</arg>
<doc>Logs the given message with the given level.</doc>
<status status="PASS" start="2024-07-09T21:15:55.312741" elapsed="0.000216"/>
</kw>
<kw name="Should Be Equal As Numbers" owner="BuiltIn">
<arg>${json_data['results'][0]['location']['postcode']}</arg>
<arg>${json_data['results'][0]['location']['postcode']}</arg>
<doc>Fails if objects are unequal after converting them to real numbers.</doc>
<status status="PASS" start="2024-07-09T21:15:55.313284" elapsed="0.000635"/>
</kw>
<kw name="Log" owner="BuiltIn">
<msg time="2024-07-09T21:15:55.314623" level="INFO">91399</msg>
<arg>${json_data['results'][0]['location']['postcode']}</arg>
<doc>Logs the given message with the given level.</doc>
<status status="PASS" start="2024-07-09T21:15:55.314107" elapsed="0.000592"/>
</kw>
<status status="PASS" start="2024-07-09T21:15:55.201450" elapsed="0.113511"/>
</kw>
<doc>Testa se os tipos de dados na resposta da API estão corretos.</doc>
<tag>testeTiposDados</tag>
<status status="PASS" start="2024-07-09T21:15:55.090572" elapsed="0.224556"/>
</test>
<test id="s1-s1-t5" name="Validar conteudo" line="35">
<kw name="Teste de Tipos de Conteudo" owner="random-user-service">
<kw name="GET On Session" owner="RequestsLibrary">
<msg time="2024-07-09T21:15:55.412274" level="INFO">GET Request : url=https://randomuser.me/api 
 path_url=/api 
 headers={'User-Agent': 'python-requests/2.32.3', 'Accept-Encoding': 'gzip, deflate', 'Accept': '*/*', 'Connection': 'keep-alive'} 
 body=None 
 </msg>
<msg time="2024-07-09T21:15:55.412392" level="INFO">GET Response : url=https://randomuser.me/api 
 status=200, reason=OK 
 headers={'Date': 'Tue, 09 Jul 2024 21:15:55 GMT', 'Content-Type': 'application/json; charset=utf-8', 'Transfer-Encoding': 'chunked', 'Connection': 'keep-alive', 'X-Powered-By': 'Express', 'Access-Control-Allow-Origin': '*', 'Cache-Control': 'no-cache', 'ETag': 'W/"4a0-GEHLWno3S6ItqVkbX3VnkqSOBfY"', 'Vary': 'Accept-Encoding', 'Content-Encoding': 'gzip', 'CF-Cache-Status': 'DYNAMIC', 'Report-To': '{"endpoints":[{"url":"https:\\/\\/a.nel.cloudflare.com\\/report\\/v4?s=qpvZxx1sNcdvdZD9pmUGcymti6tMhXSZEoYMQwDq29pb7HAp2ZWvaRHwKgPAbGOnFVFBRxte6c5yVCrLLfBhdnHTrxG3OF%2FuVTM9C8HqqcPhT%2FlP2e7gmIj7NlCgrrjg"}],"group":"cf-nel","max_age":604800}', 'NEL': '{"success_fraction":0,"report_to":"cf-nel","max_age":604800}', 'Server': 'cloudflare', 'CF-RAY': '8a0b5506cec67bb6-LAX', 'alt-svc': 'h3=":443"; ma=86400'} 
 body={"results":[{"gender":"female","name":{"title":"Ms","first":"Alexis","last":"Chu"},"location":{"street":{"number":2574,"name":"College Ave"},"city":"Sandy Lake","state":"Nunavut","country":"Canada","postcode":"O5P 5T3","coordinates":{"latitude":"-71.3141","longitude":"112.6256"},"timezone":{"offset":"0:00","description":"Western Europe Time, London, Lisbon, Casablanca"}},"email":"alexis.chu@example.com","login":{"uuid":"03b744b8-8f08-4ef8-9a20-ce315e638a31","username":"beautifulpeacock896","password":"bombay","salt":"7aI40HwQ","md5":"9f5b647e58a3e6392436218dd656d573","sha1":"8be732ebc1d1705ced193def8f55721a03b33546","sha256":"0427aca365d6a92adb9a4626b98b124c5a8f7fa08bfa56230e0bb4f5a9ab677c"},"dob":{"date":"1957-06-22T19:59:10.528Z","age":67},"registered":{"date":"2004-06-06T04:48:21.311Z","age":20},"phone":"X42 N62-0094","cell":"V73 O31-1492","id":{"name":"SIN","value":"126085737"},"picture":{"large":"https://randomuser.me/api/portraits/women/33.jpg","medium":"https://randomuser.me/api/portraits/med/women/33.jpg","thumbnail":"https://randomuser.me/api/portraits/thumb/women/33.jpg"},"nat":"CA"}],"info":{"seed":"c8f63ebc05575ee8","results":1,"page":1,"version":"1.4"}} 
 </msg>
<msg time="2024-07-09T21:15:55.412474" level="INFO">/opt/hostedtoolcache/Python/3.12.4/x64/lib/python3.12/site-packages/urllib3/connectionpool.py:1099: InsecureRequestWarning: Unverified HTTPS request is being made to host 'randomuser.me'. Adding certificate verification is strongly advised. See: https://urllib3.readthedocs.io/en/latest/advanced-usage.html#tls-warnings
  warnings.warn(</msg>
<msg time="2024-07-09T21:15:55.412613" level="INFO">${response} = &lt;Response [200]&gt;</msg>
<var>${response}</var>
<arg>consultarAPI</arg>
<arg>/api</arg>
<doc>Sends a GET request on a previously created HTTP Session.</doc>
<status status="PASS" start="2024-07-09T21:15:55.317613" elapsed="0.095043"/>
</kw>
<kw name="Set Variable" owner="BuiltIn">
<msg time="2024-07-09T21:15:55.413913" level="INFO">${json_data} = {'results': [{'gender': 'female', 'name': {'title': 'Ms', 'first': 'Alexis', 'last': 'Chu'}, 'location': {'street': {'number': 2574, 'name': 'College Ave'}, 'city': 'Sandy Lake', 'state': 'Nunavut', '...</msg>
<var>${json_data}</var>
<arg>${response.json()}</arg>
<doc>Returns the given values which can then be assigned to a variables.</doc>
<status status="PASS" start="2024-07-09T21:15:55.413344" elapsed="0.000598"/>
</kw>
<kw name="Set Variable" owner="BuiltIn">
<msg time="2024-07-09T21:15:55.414634" level="INFO">${name_title} = Ms</msg>
<var>${name_title}</var>
<arg>${json_data["results"][0]["name"]["title"]}</arg>
<doc>Returns the given values which can then be assigned to a variables.</doc>
<status status="PASS" start="2024-07-09T21:15:55.414250" elapsed="0.000409"/>
</kw>
<kw name="Create List" owner="BuiltIn">
<msg time="2024-07-09T21:15:55.415103" level="INFO">${allowed_titles} = ['Mr', 'Ms', 'Miss', 'Mrs', 'Madame', 'Monsieur']</msg>
<var>${allowed_titles}</var>
<arg>Mr</arg>
<arg>Ms</arg>
<arg>Miss</arg>
<arg>Mrs</arg>
<arg>Madame</arg>
<arg>Monsieur</arg>
<doc>Returns a list containing given items.</doc>
<status status="PASS" start="2024-07-09T21:15:55.414955" elapsed="0.000173"/>
</kw>
<kw name="List Should Contain Value" owner="Collections">
<arg>${allowed_titles}</arg>
<arg>${name_title}</arg>
<doc>Fails if the ``value`` is not found from ``list``.</doc>
<status status="PASS" start="2024-07-09T21:15:55.415432" elapsed="0.000178"/>
</kw>
<kw name="Set Variable" owner="BuiltIn">
<msg time="2024-07-09T21:15:55.416157" level="INFO">${name_country} = CA</msg>
<var>${name_country}</var>
<arg>${json_data["results"][0]["nat"]}</arg>
<doc>Returns the given values which can then be assigned to a variables.</doc>
<status status="PASS" start="2024-07-09T21:15:55.415787" elapsed="0.000395"/>
</kw>
<kw name="Create List" owner="BuiltIn">
<msg time="2024-07-09T21:15:55.417061" level="INFO">${list_country} = ['AD', 'AE', 'AF', 'AG', 'AI', 'AL', 'AM', 'AO', 'AQ', 'AR', 'AS', 'AT', 'AU', 'AW', 'AX', 'AZ', 'BA', 'BB', 'BD', 'BE', 'BF', 'BG', 'BH', 'BI', 'BJ', 'BL', 'BM', 'BN', 'BO', 'BQ', 'BR', 'BS', 'BT', '...</msg>
<var>${list_country}</var>
<arg>AD</arg>
<arg>AE</arg>
<arg>AF</arg>
<arg>AG</arg>
<arg>AI</arg>
<arg>AL</arg>
<arg>AM</arg>
<arg>AO</arg>
<arg>AQ</arg>
<arg>AR</arg>
<arg>AS</arg>
<arg>AT</arg>
<arg>AU</arg>
<arg>AW</arg>
<arg>AX</arg>
<arg>AZ</arg>
<arg>BA</arg>
<arg>BB</arg>
<arg>BD</arg>
<arg>BE</arg>
<arg>BF</arg>
<arg>BG</arg>
<arg>BH</arg>
<arg>BI</arg>
<arg>BJ</arg>
<arg>BL</arg>
<arg>BM</arg>
<arg>BN</arg>
<arg>BO</arg>
<arg>BQ</arg>
<arg>BR</arg>
<arg>BS</arg>
<arg>BT</arg>
<arg>BV</arg>
<arg>BW</arg>
<arg>BY</arg>
<arg>BZ</arg>
<arg>CA</arg>
<arg>CC</arg>
<arg>CD</arg>
<arg>CF</arg>
<arg>CG</arg>
<arg>CH</arg>
<arg>CI</arg>
<arg>CK</arg>
<arg>CL</arg>
<arg>CM</arg>
<arg>CN</arg>
<arg>CO</arg>
<arg>CR</arg>
<arg>CU</arg>
<arg>CV</arg>
<arg>CW</arg>
<arg>CX</arg>
<arg>CY</arg>
<arg>CZ</arg>
<arg>DE</arg>
<arg>DJ</arg>
<arg>DK</arg>
<arg>DM</arg>
<arg>DO</arg>
<arg>DZ</arg>
<arg>EC</arg>
<arg>EE</arg>
<arg>EG</arg>
<arg>EH</arg>
<arg>ER</arg>
<arg>ES</arg>
<arg>ET</arg>
<arg>FI</arg>
<arg>FJ</arg>
<arg>FK</arg>
<arg>FM</arg>
<arg>FO</arg>
<arg>FR</arg>
<arg>GA</arg>
<arg>GB</arg>
<arg>GD</arg>
<arg>GE</arg>
<arg>GF</arg>
<arg>GG</arg>
<arg>GH</arg>
<arg>GI</arg>
<arg>GL</arg>
<arg>GM</arg>
<arg>GN</arg>
<arg>GP</arg>
<arg>GQ</arg>
<arg>GR</arg>
<arg>GS</arg>
<arg>GT</arg>
<arg>GU</arg>
<arg>GW</arg>
<arg>GY</arg>
<arg>HK</arg>
<arg>HM</arg>
<arg>HN</arg>
<arg>HR</arg>
<arg>HT</arg>
<arg>HU</arg>
<arg>ID</arg>
<arg>IE</arg>
<arg>IL</arg>
<arg>IM</arg>
<arg>IN</arg>
<arg>IO</arg>
<arg>IQ</arg>
<arg>IR</arg>
<arg>IS</arg>
<arg>IT</arg>
<arg>JE</arg>
<arg>JM</arg>
<arg>JO</arg>
<arg>JP</arg>
<arg>KE</arg>
<arg>KG</arg>
<arg>KH</arg>
<arg>KI</arg>
<arg>KM</arg>
<arg>KN</arg>
<arg>KP</arg>
<arg>KR</arg>
<arg>KW</arg>
<arg>KY</arg>
<arg>KZ</arg>
<arg>LA</arg>
<arg>LB</arg>
<arg>LC</arg>
<arg>LI</arg>
<arg>LK</arg>
<arg>LR</arg>
<arg>LS</arg>
<arg>LT</arg>
<arg>LU</arg>
<arg>LV</arg>
<arg>LY</arg>
<arg>MA</arg>
<arg>MC</arg>
<arg>MD</arg>
<arg>ME</arg>
<arg>MF</arg>
<arg>MG</arg>
<arg>MH</arg>
<arg>MK</arg>
<arg>ML</arg>
<arg>MM</arg>
<arg>MN</arg>
<arg>MO</arg>
<arg>MP</arg>
<arg>MQ</arg>
<arg>MR</arg>
<arg>MS</arg>
<arg>MT</arg>
<arg>MU</arg>
<arg>MV</arg>
<arg>MW</arg>
<arg>MX</arg>
<arg>MY</arg>
<arg>MZ</arg>
<arg>NA</arg>
<arg>NC</arg>
<arg>NE</arg>
<arg>NF</arg>
<arg>NG</arg>
<arg>NI</arg>
<arg>NL</arg>
<arg>NO</arg>
<arg>NP</arg>
<arg>NR</arg>
<arg>NU</arg>
<arg>NZ</arg>
<arg>OM</arg>
<arg>PA</arg>
<arg>PE</arg>
<arg>PF</arg>
<arg>PG</arg>
<arg>PH</arg>
<arg>PK</arg>
<arg>PL</arg>
<arg>PM</arg>
<arg>PN</arg>
<arg>PR</arg>
<arg>PS</arg>
<arg>PT</arg>
<arg>PW</arg>
<arg>PY</arg>
<arg>QA</arg>
<arg>RE</arg>
<arg>RO</arg>
<arg>RS</arg>
<arg>RU</arg>
<arg>RW</arg>
<arg>SA</arg>
<arg>SB</arg>
<arg>SC</arg>
<arg>SD</arg>
<arg>SE</arg>
<arg>SG</arg>
<arg>SH</arg>
<arg>SI</arg>
<arg>SJ</arg>
<arg>SK</arg>
<arg>SL</arg>
<arg>SM</arg>
<arg>SN</arg>
<arg>SO</arg>
<arg>SR</arg>
<arg>SS</arg>
<arg>ST</arg>
<arg>SV</arg>
<arg>SX</arg>
<arg>SY</arg>
<arg>SZ</arg>
<arg>TC</arg>
<arg>TD</arg>
<arg>TF</arg>
<arg>TG</arg>
<arg>TH</arg>
<arg>TJ</arg>
<arg>TK</arg>
<arg>TL</arg>
<arg>TM</arg>
<arg>TN</arg>
<arg>TO</arg>
<arg>TR</arg>
<arg>TT</arg>
<arg>TV</arg>
<arg>TW</arg>
<arg>TZ</arg>
<arg>UA</arg>
<arg>UG</arg>
<arg>UM</arg>
<arg>US</arg>
<arg>UY</arg>
<arg>UZ</arg>
<arg>VA</arg>
<arg>VC</arg>
<arg>VE</arg>
<arg>VG</arg>
<arg>VI</arg>
<arg>VN</arg>
<arg>VU</arg>
<arg>WF</arg>
<arg>WS</arg>
<arg>XK</arg>
<arg>YE</arg>
<arg>YT</arg>
<arg>ZA</arg>
<arg>ZM</arg>
<arg>ZW</arg>
<doc>Returns a list containing given items.</doc>
<status status="PASS" start="2024-07-09T21:15:55.416469" elapsed="0.000618"/>
</kw>
<kw name="List Should Contain Value" owner="Collections">
<arg>${list_country}</arg>
<arg>${name_country}</arg>
<doc>Fails if the ``value`` is not found from ``list``.</doc>
<status status="PASS" start="2024-07-09T21:15:55.417910" elapsed="0.000204"/>
</kw>
<kw name="Run Keyword If" owner="BuiltIn">
<kw name="Should Be True" owner="BuiltIn">
<arg>${True}</arg>
<doc>Fails if the given condition is not true.</doc>
<status status="PASS" start="2024-07-09T21:15:55.419055" elapsed="0.000148"/>
</kw>
<arg>${json_data["results"][0]["location"]["coordinates"]["latitude"]} &gt;= -90 and ${json_data["results"][0]["location"]["coordinates"]["latitude"]} &lt;= 90</arg>
<arg>Should Be True</arg>
<arg>${True}</arg>
<doc>Runs the given keyword with the given arguments, if ``condition`` is true.</doc>
<status status="PASS" start="2024-07-09T21:15:55.418319" elapsed="0.001010"/>
</kw>
<kw name="Run Keyword If" owner="BuiltIn">
<kw name="Should Be True" owner="BuiltIn">
<arg>${True}</arg>
<doc>Fails if the given condition is not true.</doc>
<status status="PASS" start="2024-07-09T21:15:55.420197" elapsed="0.000242"/>
</kw>
<arg>${json_data["results"][0]["location"]["coordinates"]["longitude"]} &gt;= -180 and ${json_data["results"][0]["location"]["coordinates"]["longitude"]} &lt;= 180</arg>
<arg>Should Be True</arg>
<arg>${True}</arg>
<doc>Runs the given keyword with the given arguments, if ``condition`` is true.</doc>
<status status="PASS" start="2024-07-09T21:15:55.419507" elapsed="0.001061"/>
</kw>
<status status="PASS" start="2024-07-09T21:15:55.317389" elapsed="0.103315"/>
</kw>
<doc>Testa o conteúdo específico dos campos retornados pela API.</doc>
<tag>testeConteudo</tag>
<status status="PASS" start="2024-07-09T21:15:55.316914" elapsed="0.103940"/>
</test>
<status status="PASS" start="2024-07-09T21:15:54.433254" elapsed="0.989641"/>
</suite>
<status status="PASS" start="2024-07-09T21:15:54.418902" elapsed="1.009003"/>
</suite>
<statistics>
<total>
<stat pass="5" fail="0" skip="0">All Tests</stat>
</total>
<tag>
<stat pass="1" fail="0" skip="0">testeConteudo</stat>
<stat pass="1" fail="0" skip="0">testeEstruturaResposta</stat>
<stat pass="1" fail="0" skip="0">testeRequisicaoBasica</stat>
<stat pass="1" fail="0" skip="0">testeTiposDados</stat>
</tag>
<suite>
<stat pass="5" fail="0" skip="0" id="s1" name="Tests">Tests</stat>
<stat pass="5" fail="0" skip="0" id="s1-s1" name="Random-User-Test">Tests.Random-User-Test</stat>
</suite>
</statistics>
<errors>
</errors>
</robot>
