<?xml version="1.0" encoding="UTF-8"?>
<robot generator="Robot 7.0 (Python 3.12.2 on linux)" generated="2024-03-24T17:12:12.256556" rpa="false" schemaversion="5">
<suite id="s1" name="Tests" source="/home/runner/work/DesafioQAItauRogerioJordao/DesafioQAItauRogerioJordao/RamdonUser/tests">
<suite id="s1-s1" name="Random-User-Test" source="/home/runner/work/DesafioQAItauRogerioJordao/DesafioQAItauRogerioJordao/RamdonUser/tests/random-user-test.robot">
<test id="s1-s1-t1" name="Conectar" line="13">
<kw name="Conectar API" owner="random-user-service">
<kw name="Create Session" owner="RequestsLibrary">
<msg time="2024-03-24T17:12:12.684492" level="INFO">Creating Session using : alias=consultarAPI, url=https://randomuser.me/, headers={},                     cookies={}, auth=None, timeout=None, proxies=None, verify=False,                     debug=0 </msg>
<arg>consultarAPI</arg>
<arg>${URL}</arg>
<doc>Create Session: create a HTTP session to a server</doc>
<status status="PASS" start="2024-03-24T17:12:12.684270" elapsed="0.000410"/>
</kw>
<status status="PASS" start="2024-03-24T17:12:12.683013" elapsed="0.002049"/>
</kw>
<status status="PASS" start="2024-03-24T17:12:12.682390" elapsed="0.002882"/>
</test>
<test id="s1-s1-t2" name="Validar retorno 200 e JSON Válido" line="16">
<kw name="Teste de Requisicao Basica" owner="random-user-service">
<kw name="GET On Session" owner="RequestsLibrary">
<msg time="2024-03-24T17:12:12.905623" level="INFO">GET Request : url=https://randomuser.me/api 
 path_url=/api 
 headers={'User-Agent': 'python-requests/2.31.0', 'Accept-Encoding': 'gzip, deflate', 'Accept': '*/*', 'Connection': 'keep-alive'} 
 body=None 
 </msg>
<msg time="2024-03-24T17:12:12.905772" level="INFO">GET Response : url=https://randomuser.me/api 
 status=200, reason=OK 
 headers={'Date': 'Sun, 24 Mar 2024 17:12:12 GMT', 'Content-Type': 'application/json; charset=utf-8', 'Transfer-Encoding': 'chunked', 'Connection': 'keep-alive', 'X-Powered-By': 'Express', 'Access-Control-Allow-Origin': '*', 'Cache-Control': 'no-cache', 'ETag': 'W/"4b8-1jHLOm9cOiXRxCtOTtigeBkchKQ"', 'Vary': 'Accept-Encoding', 'Content-Encoding': 'gzip', 'CF-Cache-Status': 'DYNAMIC', 'Report-To': '{"endpoints":[{"url":"https:\\/\\/a.nel.cloudflare.com\\/report\\/v4?s=3h63nJ3ypDGibFGhmCMdiPcVPwV1%2F5wHkWbdXMLD%2B7p13onjcu8JJDC6j3u1V0NtTs87D46w1uCg5SMaZKCWdwqvzfrQntkr7L4VYNhky02ttDaA%2B%2B1SmOTooa5ePYq1"}],"group":"cf-nel","max_age":604800}', 'NEL': '{"success_fraction":0,"report_to":"cf-nel","max_age":604800}', 'Server': 'cloudflare', 'CF-RAY': '869848e87aff8f14-IAD', 'alt-svc': 'h3=":443"; ma=86400'} 
 body={"results":[{"gender":"female","name":{"title":"Mrs","first":"Nicky","last":"Rogers"},"location":{"street":{"number":9320,"name":"Highfield Road"},"city":"Chichester","state":"County Fermanagh","country":"United Kingdom","postcode":"P9Z 3YP","coordinates":{"latitude":"-11.6121","longitude":"165.8788"},"timezone":{"offset":"-5:00","description":"Eastern Time (US &amp; Canada), Bogota, Lima"}},"email":"nicky.rogers@example.com","login":{"uuid":"bc83e433-1ae1-461a-b7ef-4387699dbe13","username":"yellowelephant280","password":"ulysses","salt":"Q4hyhPQD","md5":"8b2017dcad57d8b0e28b845fbc8c23ac","sha1":"8b52256d85ece90112acc036634d28cbee64612d","sha256":"9a70354a4cdc2ebb8a198789a5f658d5c5f1be0952766def1658a9a080f4a424"},"dob":{"date":"1973-12-19T08:11:35.570Z","age":50},"registered":{"date":"2012-02-02T05:29:22.471Z","age":12},"phone":"0171 655 3574","cell":"07411 458930","id":{"name":"NINO","value":"KY 27 46 27 X"},"picture":{"large":"https://randomuser.me/api/portraits/women/41.jpg","medium":"https://randomuser.me/api/portraits/med/women/41.jpg","thumbnail":"https://randomuser.me/api/portraits/thumb/women/41.jpg"},"nat":"GB"}],"info":{"seed":"ac3ab956e5e6baba","results":1,"page":1,"version":"1.4"}} 
 </msg>
<msg time="2024-03-24T17:12:12.905910" level="INFO">/opt/hostedtoolcache/Python/3.12.2/x64/lib/python3.12/site-packages/urllib3/connectionpool.py:1103: InsecureRequestWarning: Unverified HTTPS request is being made to host 'randomuser.me'. Adding certificate verification is strongly advised. See: https://urllib3.readthedocs.io/en/latest/advanced-usage.html#tls-warnings
  warnings.warn(</msg>
<msg time="2024-03-24T17:12:12.906154" level="INFO">${response} = &lt;Response [200]&gt;</msg>
<var>${response}</var>
<arg>consultarAPI</arg>
<arg>/api</arg>
<doc>Sends a GET request on a previously created HTTP Session.</doc>
<status status="PASS" start="2024-03-24T17:12:12.688123" elapsed="0.218065"/>
</kw>
<kw name="Should Be Equal As Numbers" owner="BuiltIn">
<msg time="2024-03-24T17:12:12.907195" level="INFO">Argument types are:
&lt;class 'int'&gt;
&lt;class 'str'&gt;</msg>
<arg>${response.status_code}</arg>
<arg>200</arg>
<doc>Fails if objects are unequal after converting them to real numbers.</doc>
<status status="PASS" start="2024-03-24T17:12:12.906713" elapsed="0.000549"/>
</kw>
<kw name="Log" owner="BuiltIn">
<msg time="2024-03-24T17:12:12.907962" level="INFO">200</msg>
<arg>${response.status_code}</arg>
<doc>Logs the given message with the given level.</doc>
<status status="PASS" start="2024-03-24T17:12:12.907588" elapsed="0.000419"/>
</kw>
<kw name="Set Variable" owner="BuiltIn">
<msg time="2024-03-24T17:12:12.908795" level="INFO">${json_data} = {'results': [{'gender': 'female', 'name': {'title': 'Mrs', 'first': 'Nicky', 'last': 'Rogers'}, 'location': {'street': {'number': 9320, 'name': 'Highfield Road'}, 'city': 'Chichester', 'state': 'Count...</msg>
<var>${json_data}</var>
<arg>${response.json()}</arg>
<doc>Returns the given values which can then be assigned to a variables.</doc>
<status status="PASS" start="2024-03-24T17:12:12.908334" elapsed="0.000489"/>
</kw>
<kw name="Dictionary Should Contain Key" owner="Collections">
<msg time="2024-03-24T17:12:12.909303" level="INFO">False</msg>
<arg>${json_data}</arg>
<arg>results</arg>
<doc>Fails if ``key`` is not found from ``dictionary``.</doc>
<status status="PASS" start="2024-03-24T17:12:12.909132" elapsed="0.000212"/>
</kw>
<status status="PASS" start="2024-03-24T17:12:12.687869" elapsed="0.221766"/>
</kw>
<doc>Testa se a API responde corretamente e retorna um objeto JSON válido.</doc>
<tag>testeRequisicaoBasica</tag>
<status status="PASS" start="2024-03-24T17:12:12.687334" elapsed="0.222504"/>
</test>
<test id="s1-s1-t3" name="Validar estrutura de resposta" line="22">
<kw name="Teste de Estrutura de Resposta" owner="random-user-service">
<kw name="GET On Session" owner="RequestsLibrary">
<msg time="2024-03-24T17:12:13.008631" level="INFO">GET Request : url=https://randomuser.me/api 
 path_url=/api 
 headers={'User-Agent': 'python-requests/2.31.0', 'Accept-Encoding': 'gzip, deflate', 'Accept': '*/*', 'Connection': 'keep-alive'} 
 body=None 
 </msg>
<msg time="2024-03-24T17:12:13.008731" level="INFO">GET Response : url=https://randomuser.me/api 
 status=200, reason=OK 
 headers={'Date': 'Sun, 24 Mar 2024 17:12:13 GMT', 'Content-Type': 'application/json; charset=utf-8', 'Transfer-Encoding': 'chunked', 'Connection': 'keep-alive', 'X-Powered-By': 'Express', 'Access-Control-Allow-Origin': '*', 'Cache-Control': 'no-cache', 'ETag': 'W/"46e-DxNUSMrPLPpCGFHhbxgLXZsV3Qs"', 'Vary': 'Accept-Encoding', 'Content-Encoding': 'gzip', 'CF-Cache-Status': 'DYNAMIC', 'Report-To': '{"endpoints":[{"url":"https:\\/\\/a.nel.cloudflare.com\\/report\\/v4?s=xhmS%2BC7saWIFOahIwJ9W%2BsH2S11I6jy5RH%2FujNav161QgkBxjJ50hDUnAFPe8mnOE3v%2B3uFeT2lJsUEt45bMLsRXIwKq5uf4hCVKVLPCJp2tveuMYgbSY%2FBWPtQKR%2FgQ"}],"group":"cf-nel","max_age":604800}', 'NEL': '{"success_fraction":0,"report_to":"cf-nel","max_age":604800}', 'Server': 'cloudflare', 'CF-RAY': '869848e8bb318f14-IAD', 'alt-svc': 'h3=":443"; ma=86400'} 
 body={"results":[{"gender":"male","name":{"title":"Mr","first":"Freddie","last":"Stanley"},"location":{"street":{"number":4829,"name":"Albert Road"},"city":"Tralee","state":"Kilkenny","country":"Ireland","postcode":85137,"coordinates":{"latitude":"-3.9793","longitude":"-175.0968"},"timezone":{"offset":"-3:30","description":"Newfoundland"}},"email":"freddie.stanley@example.com","login":{"uuid":"5d470e6d-430b-4324-993e-3d4062febdd4","username":"bluewolf309","password":"mason1","salt":"slaUllpf","md5":"838b98fc6e346eb93f81cf74cb2b668b","sha1":"de1ceb9100cb5e6e7b26ff66d99a052703288046","sha256":"2b0727418902b8f27b254916b2aa76d325596541c83c4ad65fff10c5f3790afb"},"dob":{"date":"1994-02-26T04:42:05.696Z","age":30},"registered":{"date":"2008-03-15T11:15:43.646Z","age":16},"phone":"041-199-7882","cell":"081-949-7012","id":{"name":"PPS","value":"5304176T"},"picture":{"large":"https://randomuser.me/api/portraits/men/1.jpg","medium":"https://randomuser.me/api/portraits/med/men/1.jpg","thumbnail":"https://randomuser.me/api/portraits/thumb/men/1.jpg"},"nat":"IE"}],"info":{"seed":"331d8331903ca883","results":1,"page":1,"version":"1.4"}} 
 </msg>
<msg time="2024-03-24T17:12:13.008887" level="INFO">/opt/hostedtoolcache/Python/3.12.2/x64/lib/python3.12/site-packages/urllib3/connectionpool.py:1103: InsecureRequestWarning: Unverified HTTPS request is being made to host 'randomuser.me'. Adding certificate verification is strongly advised. See: https://urllib3.readthedocs.io/en/latest/advanced-usage.html#tls-warnings
  warnings.warn(</msg>
<msg time="2024-03-24T17:12:13.009025" level="INFO">${response} = &lt;Response [200]&gt;</msg>
<var>${response}</var>
<arg>consultarAPI</arg>
<arg>/api</arg>
<doc>Sends a GET request on a previously created HTTP Session.</doc>
<status status="PASS" start="2024-03-24T17:12:12.913265" elapsed="0.095799"/>
</kw>
<kw name="Set Variable" owner="BuiltIn">
<msg time="2024-03-24T17:12:13.010224" level="INFO">${json_data} = {'results': [{'gender': 'male', 'name': {'title': 'Mr', 'first': 'Freddie', 'last': 'Stanley'}, 'location': {'street': {'number': 4829, 'name': 'Albert Road'}, 'city': 'Tralee', 'state': 'Kilkenny', '...</msg>
<var>${json_data}</var>
<arg>${response.json()}</arg>
<doc>Returns the given values which can then be assigned to a variables.</doc>
<status status="PASS" start="2024-03-24T17:12:13.009618" elapsed="0.000635"/>
</kw>
<kw name="Log" owner="BuiltIn">
<msg time="2024-03-24T17:12:13.010750" level="INFO">{'results': [{'gender': 'male', 'name': {'title': 'Mr', 'first': 'Freddie', 'last': 'Stanley'}, 'location': {'street': {'number': 4829, 'name': 'Albert Road'}, 'city': 'Tralee', 'state': 'Kilkenny', 'country': 'Ireland', 'postcode': 85137, 'coordinates': {'latitude': '-3.9793', 'longitude': '-175.0968'}, 'timezone': {'offset': '-3:30', 'description': 'Newfoundland'}}, 'email': 'freddie.stanley@example.com', 'login': {'uuid': '5d470e6d-430b-4324-993e-3d4062febdd4', 'username': 'bluewolf309', 'password': 'mason1', 'salt': 'slaUllpf', 'md5': '838b98fc6e346eb93f81cf74cb2b668b', 'sha1': 'de1ceb9100cb5e6e7b26ff66d99a052703288046', 'sha256': '2b0727418902b8f27b254916b2aa76d325596541c83c4ad65fff10c5f3790afb'}, 'dob': {'date': '1994-02-26T04:42:05.696Z', 'age': 30}, 'registered': {'date': '2008-03-15T11:15:43.646Z', 'age': 16}, 'phone': '041-199-7882', 'cell': '081-949-7012', 'id': {'name': 'PPS', 'value': '5304176T'}, 'picture': {'large': 'https://randomuser.me/api/portraits/men/1.jpg', 'medium': 'https://randomuser.me/api/portraits/med/men/1.jpg', 'thumbnail': 'https://randomuser.me/api/portraits/thumb/men/1.jpg'}, 'nat': 'IE'}], 'info': {'seed': '331d8331903ca883', 'results': 1, 'page': 1, 'version': '1.4'}}</msg>
<arg>${json_data}</arg>
<doc>Logs the given message with the given level.</doc>
<status status="PASS" start="2024-03-24T17:12:13.010580" elapsed="0.000222"/>
</kw>
<kw name="Dictionary Should Contain Key" owner="Collections">
<msg time="2024-03-24T17:12:13.011262" level="INFO">False</msg>
<arg>${json_data}</arg>
<arg>results</arg>
<doc>Fails if ``key`` is not found from ``dictionary``.</doc>
<status status="PASS" start="2024-03-24T17:12:13.011103" elapsed="0.000197"/>
</kw>
<kw name="Should Not Be Empty" owner="BuiltIn">
<msg time="2024-03-24T17:12:13.011735" level="INFO">Length is 2.</msg>
<arg>${json_data}</arg>
<doc>Verifies that the given item is not empty.</doc>
<status status="PASS" start="2024-03-24T17:12:13.011600" elapsed="0.000174"/>
</kw>
<kw name="Create List" owner="BuiltIn">
<msg time="2024-03-24T17:12:13.012225" level="INFO">${expected_keys} = ['gender', 'name', 'location', 'email', 'login']</msg>
<var>${expected_keys}</var>
<arg>gender</arg>
<arg>name</arg>
<arg>location</arg>
<arg>email</arg>
<arg>login</arg>
<doc>Returns a list containing given items.</doc>
<status status="PASS" start="2024-03-24T17:12:13.012070" elapsed="0.000179"/>
</kw>
<for flavor="IN">
<iter>
<kw name="Dictionary Should Contain Key" owner="Collections">
<msg time="2024-03-24T17:12:13.013245" level="INFO">False</msg>
<arg>${json_data['results'][0]}</arg>
<arg>${key}</arg>
<doc>Fails if ``key`` is not found from ``dictionary``.</doc>
<status status="PASS" start="2024-03-24T17:12:13.012835" elapsed="0.000456"/>
</kw>
<kw name="Log" owner="BuiltIn">
<msg time="2024-03-24T17:12:13.013997" level="INFO">{'gender': 'male', 'name': {'title': 'Mr', 'first': 'Freddie', 'last': 'Stanley'}, 'location': {'street': {'number': 4829, 'name': 'Albert Road'}, 'city': 'Tralee', 'state': 'Kilkenny', 'country': 'Ireland', 'postcode': 85137, 'coordinates': {'latitude': '-3.9793', 'longitude': '-175.0968'}, 'timezone': {'offset': '-3:30', 'description': 'Newfoundland'}}, 'email': 'freddie.stanley@example.com', 'login': {'uuid': '5d470e6d-430b-4324-993e-3d4062febdd4', 'username': 'bluewolf309', 'password': 'mason1', 'salt': 'slaUllpf', 'md5': '838b98fc6e346eb93f81cf74cb2b668b', 'sha1': 'de1ceb9100cb5e6e7b26ff66d99a052703288046', 'sha256': '2b0727418902b8f27b254916b2aa76d325596541c83c4ad65fff10c5f3790afb'}, 'dob': {'date': '1994-02-26T04:42:05.696Z', 'age': 30}, 'registered': {'date': '2008-03-15T11:15:43.646Z', 'age': 16}, 'phone': '041-199-7882', 'cell': '081-949-7012', 'id': {'name': 'PPS', 'value': '5304176T'}, 'picture': {'large': 'https://randomuser.me/api/portraits/men/1.jpg', 'medium': 'https://randomuser.me/api/portraits/med/men/1.jpg', 'thumbnail': 'https://randomuser.me/api/portraits/thumb/men/1.jpg'}, 'nat': 'IE'}</msg>
<arg>${json_data['results'][0]}</arg>
<doc>Logs the given message with the given level.</doc>
<status status="PASS" start="2024-03-24T17:12:13.013603" elapsed="0.000449"/>
</kw>
<kw name="Log" owner="BuiltIn">
<msg time="2024-03-24T17:12:13.014498" level="INFO">gender</msg>
<arg>${key}</arg>
<doc>Logs the given message with the given level.</doc>
<status status="PASS" start="2024-03-24T17:12:13.014354" elapsed="0.000183"/>
</kw>
<var name="${key}">gender</var>
<status status="PASS" start="2024-03-24T17:12:13.012708" elapsed="0.002051"/>
</iter>
<iter>
<kw name="Dictionary Should Contain Key" owner="Collections">
<msg time="2024-03-24T17:12:13.015460" level="INFO">False</msg>
<arg>${json_data['results'][0]}</arg>
<arg>${key}</arg>
<doc>Fails if ``key`` is not found from ``dictionary``.</doc>
<status status="PASS" start="2024-03-24T17:12:13.015073" elapsed="0.000425"/>
</kw>
<kw name="Log" owner="BuiltIn">
<msg time="2024-03-24T17:12:13.016197" level="INFO">{'gender': 'male', 'name': {'title': 'Mr', 'first': 'Freddie', 'last': 'Stanley'}, 'location': {'street': {'number': 4829, 'name': 'Albert Road'}, 'city': 'Tralee', 'state': 'Kilkenny', 'country': 'Ireland', 'postcode': 85137, 'coordinates': {'latitude': '-3.9793', 'longitude': '-175.0968'}, 'timezone': {'offset': '-3:30', 'description': 'Newfoundland'}}, 'email': 'freddie.stanley@example.com', 'login': {'uuid': '5d470e6d-430b-4324-993e-3d4062febdd4', 'username': 'bluewolf309', 'password': 'mason1', 'salt': 'slaUllpf', 'md5': '838b98fc6e346eb93f81cf74cb2b668b', 'sha1': 'de1ceb9100cb5e6e7b26ff66d99a052703288046', 'sha256': '2b0727418902b8f27b254916b2aa76d325596541c83c4ad65fff10c5f3790afb'}, 'dob': {'date': '1994-02-26T04:42:05.696Z', 'age': 30}, 'registered': {'date': '2008-03-15T11:15:43.646Z', 'age': 16}, 'phone': '041-199-7882', 'cell': '081-949-7012', 'id': {'name': 'PPS', 'value': '5304176T'}, 'picture': {'large': 'https://randomuser.me/api/portraits/men/1.jpg', 'medium': 'https://randomuser.me/api/portraits/med/men/1.jpg', 'thumbnail': 'https://randomuser.me/api/portraits/thumb/men/1.jpg'}, 'nat': 'IE'}</msg>
<arg>${json_data['results'][0]}</arg>
<doc>Logs the given message with the given level.</doc>
<status status="PASS" start="2024-03-24T17:12:13.015833" elapsed="0.000412"/>
</kw>
<kw name="Log" owner="BuiltIn">
<msg time="2024-03-24T17:12:13.016680" level="INFO">name</msg>
<arg>${key}</arg>
<doc>Logs the given message with the given level.</doc>
<status status="PASS" start="2024-03-24T17:12:13.016549" elapsed="0.000169"/>
</kw>
<var name="${key}">name</var>
<status status="PASS" start="2024-03-24T17:12:13.014955" elapsed="0.001981"/>
</iter>
<iter>
<kw name="Dictionary Should Contain Key" owner="Collections">
<msg time="2024-03-24T17:12:13.017611" level="INFO">False</msg>
<arg>${json_data['results'][0]}</arg>
<arg>${key}</arg>
<doc>Fails if ``key`` is not found from ``dictionary``.</doc>
<status status="PASS" start="2024-03-24T17:12:13.017227" elapsed="0.000422"/>
</kw>
<kw name="Log" owner="BuiltIn">
<msg time="2024-03-24T17:12:13.018347" level="INFO">{'gender': 'male', 'name': {'title': 'Mr', 'first': 'Freddie', 'last': 'Stanley'}, 'location': {'street': {'number': 4829, 'name': 'Albert Road'}, 'city': 'Tralee', 'state': 'Kilkenny', 'country': 'Ireland', 'postcode': 85137, 'coordinates': {'latitude': '-3.9793', 'longitude': '-175.0968'}, 'timezone': {'offset': '-3:30', 'description': 'Newfoundland'}}, 'email': 'freddie.stanley@example.com', 'login': {'uuid': '5d470e6d-430b-4324-993e-3d4062febdd4', 'username': 'bluewolf309', 'password': 'mason1', 'salt': 'slaUllpf', 'md5': '838b98fc6e346eb93f81cf74cb2b668b', 'sha1': 'de1ceb9100cb5e6e7b26ff66d99a052703288046', 'sha256': '2b0727418902b8f27b254916b2aa76d325596541c83c4ad65fff10c5f3790afb'}, 'dob': {'date': '1994-02-26T04:42:05.696Z', 'age': 30}, 'registered': {'date': '2008-03-15T11:15:43.646Z', 'age': 16}, 'phone': '041-199-7882', 'cell': '081-949-7012', 'id': {'name': 'PPS', 'value': '5304176T'}, 'picture': {'large': 'https://randomuser.me/api/portraits/men/1.jpg', 'medium': 'https://randomuser.me/api/portraits/med/men/1.jpg', 'thumbnail': 'https://randomuser.me/api/portraits/thumb/men/1.jpg'}, 'nat': 'IE'}</msg>
<arg>${json_data['results'][0]}</arg>
<doc>Logs the given message with the given level.</doc>
<status status="PASS" start="2024-03-24T17:12:13.017984" elapsed="0.000415"/>
</kw>
<kw name="Log" owner="BuiltIn">
<msg time="2024-03-24T17:12:13.018824" level="INFO">location</msg>
<arg>${key}</arg>
<doc>Logs the given message with the given level.</doc>
<status status="PASS" start="2024-03-24T17:12:13.018695" elapsed="0.000168"/>
</kw>
<var name="${key}">location</var>
<status status="PASS" start="2024-03-24T17:12:13.017116" elapsed="0.001962"/>
</iter>
<iter>
<kw name="Dictionary Should Contain Key" owner="Collections">
<msg time="2024-03-24T17:12:13.019740" level="INFO">False</msg>
<arg>${json_data['results'][0]}</arg>
<arg>${key}</arg>
<doc>Fails if ``key`` is not found from ``dictionary``.</doc>
<status status="PASS" start="2024-03-24T17:12:13.019364" elapsed="0.000414"/>
</kw>
<kw name="Log" owner="BuiltIn">
<msg time="2024-03-24T17:12:13.020439" level="INFO">{'gender': 'male', 'name': {'title': 'Mr', 'first': 'Freddie', 'last': 'Stanley'}, 'location': {'street': {'number': 4829, 'name': 'Albert Road'}, 'city': 'Tralee', 'state': 'Kilkenny', 'country': 'Ireland', 'postcode': 85137, 'coordinates': {'latitude': '-3.9793', 'longitude': '-175.0968'}, 'timezone': {'offset': '-3:30', 'description': 'Newfoundland'}}, 'email': 'freddie.stanley@example.com', 'login': {'uuid': '5d470e6d-430b-4324-993e-3d4062febdd4', 'username': 'bluewolf309', 'password': 'mason1', 'salt': 'slaUllpf', 'md5': '838b98fc6e346eb93f81cf74cb2b668b', 'sha1': 'de1ceb9100cb5e6e7b26ff66d99a052703288046', 'sha256': '2b0727418902b8f27b254916b2aa76d325596541c83c4ad65fff10c5f3790afb'}, 'dob': {'date': '1994-02-26T04:42:05.696Z', 'age': 30}, 'registered': {'date': '2008-03-15T11:15:43.646Z', 'age': 16}, 'phone': '041-199-7882', 'cell': '081-949-7012', 'id': {'name': 'PPS', 'value': '5304176T'}, 'picture': {'large': 'https://randomuser.me/api/portraits/men/1.jpg', 'medium': 'https://randomuser.me/api/portraits/med/men/1.jpg', 'thumbnail': 'https://randomuser.me/api/portraits/thumb/men/1.jpg'}, 'nat': 'IE'}</msg>
<arg>${json_data['results'][0]}</arg>
<doc>Logs the given message with the given level.</doc>
<status status="PASS" start="2024-03-24T17:12:13.020076" elapsed="0.000412"/>
</kw>
<kw name="Log" owner="BuiltIn">
<msg time="2024-03-24T17:12:13.020918" level="INFO">email</msg>
<arg>${key}</arg>
<doc>Logs the given message with the given level.</doc>
<status status="PASS" start="2024-03-24T17:12:13.020788" elapsed="0.000169"/>
</kw>
<var name="${key}">email</var>
<status status="PASS" start="2024-03-24T17:12:13.019250" elapsed="0.001926"/>
</iter>
<iter>
<kw name="Dictionary Should Contain Key" owner="Collections">
<msg time="2024-03-24T17:12:13.021852" level="INFO">False</msg>
<arg>${json_data['results'][0]}</arg>
<arg>${key}</arg>
<doc>Fails if ``key`` is not found from ``dictionary``.</doc>
<status status="PASS" start="2024-03-24T17:12:13.021469" elapsed="0.000445"/>
</kw>
<kw name="Log" owner="BuiltIn">
<msg time="2024-03-24T17:12:13.022573" level="INFO">{'gender': 'male', 'name': {'title': 'Mr', 'first': 'Freddie', 'last': 'Stanley'}, 'location': {'street': {'number': 4829, 'name': 'Albert Road'}, 'city': 'Tralee', 'state': 'Kilkenny', 'country': 'Ireland', 'postcode': 85137, 'coordinates': {'latitude': '-3.9793', 'longitude': '-175.0968'}, 'timezone': {'offset': '-3:30', 'description': 'Newfoundland'}}, 'email': 'freddie.stanley@example.com', 'login': {'uuid': '5d470e6d-430b-4324-993e-3d4062febdd4', 'username': 'bluewolf309', 'password': 'mason1', 'salt': 'slaUllpf', 'md5': '838b98fc6e346eb93f81cf74cb2b668b', 'sha1': 'de1ceb9100cb5e6e7b26ff66d99a052703288046', 'sha256': '2b0727418902b8f27b254916b2aa76d325596541c83c4ad65fff10c5f3790afb'}, 'dob': {'date': '1994-02-26T04:42:05.696Z', 'age': 30}, 'registered': {'date': '2008-03-15T11:15:43.646Z', 'age': 16}, 'phone': '041-199-7882', 'cell': '081-949-7012', 'id': {'name': 'PPS', 'value': '5304176T'}, 'picture': {'large': 'https://randomuser.me/api/portraits/men/1.jpg', 'medium': 'https://randomuser.me/api/portraits/med/men/1.jpg', 'thumbnail': 'https://randomuser.me/api/portraits/thumb/men/1.jpg'}, 'nat': 'IE'}</msg>
<arg>${json_data['results'][0]}</arg>
<doc>Logs the given message with the given level.</doc>
<status status="PASS" start="2024-03-24T17:12:13.022214" elapsed="0.000407"/>
</kw>
<kw name="Log" owner="BuiltIn">
<msg time="2024-03-24T17:12:13.023045" level="INFO">login</msg>
<arg>${key}</arg>
<doc>Logs the given message with the given level.</doc>
<status status="PASS" start="2024-03-24T17:12:13.022915" elapsed="0.000284"/>
</kw>
<var name="${key}">login</var>
<status status="PASS" start="2024-03-24T17:12:13.021350" elapsed="0.002104"/>
</iter>
<var>${key}</var>
<value>@{expected_keys}</value>
<status status="PASS" start="2024-03-24T17:12:13.012513" elapsed="0.011075"/>
</for>
<kw name="Create List" owner="BuiltIn">
<msg time="2024-03-24T17:12:13.023970" level="INFO">${expected_keysTwo} = ['username', 'password']</msg>
<var>${expected_keysTwo}</var>
<arg>username</arg>
<arg>password</arg>
<doc>Returns a list containing given items.</doc>
<status status="PASS" start="2024-03-24T17:12:13.023825" elapsed="0.000169"/>
</kw>
<for flavor="IN">
<iter>
<kw name="Dictionary Should Contain Key" owner="Collections">
<msg time="2024-03-24T17:12:13.024908" level="INFO">False</msg>
<arg>${json_data['results'][0]['login']}</arg>
<arg>${keyTwo}</arg>
<doc>Fails if ``key`` is not found from ``dictionary``.</doc>
<status status="PASS" start="2024-03-24T17:12:13.024512" elapsed="0.000435"/>
</kw>
<kw name="Dictionary Should Contain Key" owner="Collections">
<msg time="2024-03-24T17:12:13.025643" level="INFO">False</msg>
<arg>${json_data['results'][0]['login']}</arg>
<arg>${keyTwo}</arg>
<doc>Fails if ``key`` is not found from ``dictionary``.</doc>
<status status="PASS" start="2024-03-24T17:12:13.025260" elapsed="0.000421"/>
</kw>
<kw name="Log" owner="BuiltIn">
<msg time="2024-03-24T17:12:13.026140" level="INFO">username</msg>
<arg>${keyTwo}</arg>
<doc>Logs the given message with the given level.</doc>
<status status="PASS" start="2024-03-24T17:12:13.025998" elapsed="0.000181"/>
</kw>
<var name="${keyTwo}">username</var>
<status status="PASS" start="2024-03-24T17:12:13.024398" elapsed="0.002000"/>
</iter>
<iter>
<kw name="Dictionary Should Contain Key" owner="Collections">
<msg time="2024-03-24T17:12:13.027086" level="INFO">False</msg>
<arg>${json_data['results'][0]['login']}</arg>
<arg>${keyTwo}</arg>
<doc>Fails if ``key`` is not found from ``dictionary``.</doc>
<status status="PASS" start="2024-03-24T17:12:13.026690" elapsed="0.000434"/>
</kw>
<kw name="Dictionary Should Contain Key" owner="Collections">
<msg time="2024-03-24T17:12:13.027807" level="INFO">False</msg>
<arg>${json_data['results'][0]['login']}</arg>
<arg>${keyTwo}</arg>
<doc>Fails if ``key`` is not found from ``dictionary``.</doc>
<status status="PASS" start="2024-03-24T17:12:13.027423" elapsed="0.000422"/>
</kw>
<kw name="Log" owner="BuiltIn">
<msg time="2024-03-24T17:12:13.028267" level="INFO">password</msg>
<arg>${keyTwo}</arg>
<doc>Logs the given message with the given level.</doc>
<status status="PASS" start="2024-03-24T17:12:13.028137" elapsed="0.000169"/>
</kw>
<var name="${keyTwo}">password</var>
<status status="PASS" start="2024-03-24T17:12:13.026576" elapsed="0.001950"/>
</iter>
<var>${keyTwo}</var>
<value>@{expected_keysTwo}</value>
<status status="PASS" start="2024-03-24T17:12:13.024240" elapsed="0.004409"/>
</for>
<status status="PASS" start="2024-03-24T17:12:12.912965" elapsed="0.115830"/>
</kw>
<doc>Testa a estrutura da resposta da API.</doc>
<tag>testeEstruturaResposta</tag>
<status status="PASS" start="2024-03-24T17:12:12.911962" elapsed="0.117003"/>
</test>
<test id="s1-s1-t4" name="Validar tipos de dados" line="28">
<kw name="Teste de Tipos de Dados" owner="random-user-service">
<kw name="GET On Session" owner="RequestsLibrary">
<msg time="2024-03-24T17:12:13.111615" level="INFO">GET Request : url=https://randomuser.me/api 
 path_url=/api 
 headers={'User-Agent': 'python-requests/2.31.0', 'Accept-Encoding': 'gzip, deflate', 'Accept': '*/*', 'Connection': 'keep-alive'} 
 body=None 
 </msg>
<msg time="2024-03-24T17:12:13.111721" level="INFO">GET Response : url=https://randomuser.me/api 
 status=200, reason=OK 
 headers={'Date': 'Sun, 24 Mar 2024 17:12:13 GMT', 'Content-Type': 'application/json; charset=utf-8', 'Transfer-Encoding': 'chunked', 'Connection': 'keep-alive', 'X-Powered-By': 'Express', 'Access-Control-Allow-Origin': '*', 'Cache-Control': 'no-cache', 'ETag': 'W/"4a0-2jNIASFqNfH/TTiK/p3ehlfKYyU"', 'Vary': 'Accept-Encoding', 'Content-Encoding': 'gzip', 'CF-Cache-Status': 'DYNAMIC', 'Report-To': '{"endpoints":[{"url":"https:\\/\\/a.nel.cloudflare.com\\/report\\/v4?s=qartuYWSsaZ%2B6hWlJiFL2OIpyeD7Mj49ucDJCRPb6Bii8elVwA9Sq9uXHwfyrKKb8Fg9JrmHl17f3r8Dj9qFvpwFefMOcWrEXCUi0rP%2F6cod%2F1fDSEMS1WxKYERXICOU"}],"group":"cf-nel","max_age":604800}', 'NEL': '{"success_fraction":0,"report_to":"cf-nel","max_age":604800}', 'Server': 'cloudflare', 'CF-RAY': '869848e97bcc8f14-IAD', 'alt-svc': 'h3=":443"; ma=86400'} 
 body={"results":[{"gender":"female","name":{"title":"Mademoiselle","first":"Huguette","last":"Riviere"},"location":{"street":{"number":3299,"name":"Rue de la Baleine"},"city":"Rothenfluh","state":"Schwyz","country":"Switzerland","postcode":5810,"coordinates":{"latitude":"-63.2220","longitude":"86.4074"},"timezone":{"offset":"+9:30","description":"Adelaide, Darwin"}},"email":"huguette.riviere@example.com","login":{"uuid":"6dfe59ba-e93e-4be7-873b-127d118f8715","username":"redbutterfly226","password":"ccbill","salt":"Kn6S5BWD","md5":"cd5ba9230e0728b5b7ae9574edc285b2","sha1":"6ed712b37f26c2a55600cda6910185c51e955e84","sha256":"b3b34ffb8167cc1514e5d83e830e0425384293e7992a20a760f1d848c802c677"},"dob":{"date":"1971-06-16T00:35:19.366Z","age":52},"registered":{"date":"2019-04-12T12:53:02.175Z","age":4},"phone":"079 540 38 57","cell":"079 427 60 63","id":{"name":"AVS","value":"756.9249.3067.91"},"picture":{"large":"https://randomuser.me/api/portraits/women/10.jpg","medium":"https://randomuser.me/api/portraits/med/women/10.jpg","thumbnail":"https://randomuser.me/api/portraits/thumb/women/10.jpg"},"nat":"CH"}],"info":{"seed":"24715445ff4f5389","results":1,"page":1,"version":"1.4"}} 
 </msg>
<msg time="2024-03-24T17:12:13.111796" level="INFO">/opt/hostedtoolcache/Python/3.12.2/x64/lib/python3.12/site-packages/urllib3/connectionpool.py:1103: InsecureRequestWarning: Unverified HTTPS request is being made to host 'randomuser.me'. Adding certificate verification is strongly advised. See: https://urllib3.readthedocs.io/en/latest/advanced-usage.html#tls-warnings
  warnings.warn(</msg>
<msg time="2024-03-24T17:12:13.111930" level="INFO">${response} = &lt;Response [200]&gt;</msg>
<var>${response}</var>
<arg>consultarAPI</arg>
<arg>/api</arg>
<doc>Sends a GET request on a previously created HTTP Session.</doc>
<status status="PASS" start="2024-03-24T17:12:13.031731" elapsed="0.080247"/>
</kw>
<kw name="Set Variable" owner="BuiltIn">
<msg time="2024-03-24T17:12:13.113196" level="INFO">${json_data} = {'results': [{'gender': 'female', 'name': {'title': 'Mademoiselle', 'first': 'Huguette', 'last': 'Riviere'}, 'location': {'street': {'number': 3299, 'name': 'Rue de la Baleine'}, 'city': 'Rothenfluh',...</msg>
<var>${json_data}</var>
<arg>${response.json()}</arg>
<doc>Returns the given values which can then be assigned to a variables.</doc>
<status status="PASS" start="2024-03-24T17:12:13.112627" elapsed="0.000598"/>
</kw>
<kw name="Log" owner="BuiltIn">
<msg time="2024-03-24T17:12:13.113701" level="INFO">{'results': [{'gender': 'female', 'name': {'title': 'Mademoiselle', 'first': 'Huguette', 'last': 'Riviere'}, 'location': {'street': {'number': 3299, 'name': 'Rue de la Baleine'}, 'city': 'Rothenfluh', 'state': 'Schwyz', 'country': 'Switzerland', 'postcode': 5810, 'coordinates': {'latitude': '-63.2220', 'longitude': '86.4074'}, 'timezone': {'offset': '+9:30', 'description': 'Adelaide, Darwin'}}, 'email': 'huguette.riviere@example.com', 'login': {'uuid': '6dfe59ba-e93e-4be7-873b-127d118f8715', 'username': 'redbutterfly226', 'password': 'ccbill', 'salt': 'Kn6S5BWD', 'md5': 'cd5ba9230e0728b5b7ae9574edc285b2', 'sha1': '6ed712b37f26c2a55600cda6910185c51e955e84', 'sha256': 'b3b34ffb8167cc1514e5d83e830e0425384293e7992a20a760f1d848c802c677'}, 'dob': {'date': '1971-06-16T00:35:19.366Z', 'age': 52}, 'registered': {'date': '2019-04-12T12:53:02.175Z', 'age': 4}, 'phone': '079 540 38 57', 'cell': '079 427 60 63', 'id': {'name': 'AVS', 'value': '756.9249.3067.91'}, 'picture': {'large': 'https://randomuser.me/api/portraits/women/10.jpg', 'medium': 'https://randomuser.me/api/portraits/med/women/10.jpg', 'thumbnail': 'https://randomuser.me/api/portraits/thumb/women/10.jpg'}, 'nat': 'CH'}], 'info': {'seed': '24715445ff4f5389', 'results': 1, 'page': 1, 'version': '1.4'}}</msg>
<arg>${json_data}</arg>
<doc>Logs the given message with the given level.</doc>
<status status="PASS" start="2024-03-24T17:12:13.113543" elapsed="0.000207"/>
</kw>
<kw name="Should Be String" owner="String">
<arg>${json_data['results'][0]['gender']}</arg>
<doc>Fails if the given ``item`` is not a string.</doc>
<status status="PASS" start="2024-03-24T17:12:13.114145" elapsed="0.000377"/>
</kw>
<kw name="Should Match Regexp" owner="BuiltIn">
<arg>${json_data['results'][0]['email']}</arg>
<arg>^[a-zA-Z0-9._%+-]+@[a-zA-Z0-9.-]+\.[a-zA-Z]{2,}$</arg>
<doc>Fails if ``string`` does not match ``pattern`` as a regular expression.</doc>
<status status="PASS" start="2024-03-24T17:12:13.114719" elapsed="0.000555"/>
</kw>
<kw name="Should Match Regexp" owner="BuiltIn">
<arg>${json_data['results'][0]['dob']['date']}</arg>
<arg>\\d{4}-\\d{2}-\\d{2}T\\d{2}:\\d{2}:\\d{2}\\.\\d{3}Z</arg>
<doc>Fails if ``string`` does not match ``pattern`` as a regular expression.</doc>
<status status="PASS" start="2024-03-24T17:12:13.115478" elapsed="0.000525"/>
</kw>
<kw name="Should Match Regexp" owner="BuiltIn">
<arg>${json_data['results'][0]['registered']['date']}</arg>
<arg>\\d{4}-\\d{2}-\\d{2}T\\d{2}:\\d{2}:\\d{2}\\.\\d{3}Z</arg>
<doc>Fails if ``string`` does not match ``pattern`` as a regular expression.</doc>
<status status="PASS" start="2024-03-24T17:12:13.116200" elapsed="0.000382"/>
</kw>
<kw name="Should Match Regexp" owner="BuiltIn">
<arg>${json_data['results'][0]['picture']['large']}</arg>
<arg>^https?://.*\.(?:png|jpe?g|gif|bmp)$</arg>
<doc>Fails if ``string`` does not match ``pattern`` as a regular expression.</doc>
<status status="PASS" start="2024-03-24T17:12:13.116770" elapsed="0.000477"/>
</kw>
<kw name="Should Match Regexp" owner="BuiltIn">
<arg>${json_data['results'][0]['picture']['medium']}</arg>
<arg>^https?://.*\.(?:png|jpe?g|gif|bmp)$</arg>
<doc>Fails if ``string`` does not match ``pattern`` as a regular expression.</doc>
<status status="PASS" start="2024-03-24T17:12:13.117437" elapsed="0.000368"/>
</kw>
<kw name="Should Match Regexp" owner="BuiltIn">
<arg>${json_data['results'][0]['picture']['thumbnail']}</arg>
<arg>^https?://.*\.(?:png|jpe?g|gif|bmp)$</arg>
<doc>Fails if ``string`` does not match ``pattern`` as a regular expression.</doc>
<status status="PASS" start="2024-03-24T17:12:13.118034" elapsed="0.000373"/>
</kw>
<kw name="Log" owner="BuiltIn">
<msg time="2024-03-24T17:12:13.118929" level="INFO">{'large': 'https://randomuser.me/api/portraits/women/10.jpg', 'medium': 'https://randomuser.me/api/portraits/med/women/10.jpg', 'thumbnail': 'https://randomuser.me/api/portraits/thumb/women/10.jpg'}</msg>
<arg>${json_data['results'][0]['picture']}</arg>
<doc>Logs the given message with the given level.</doc>
<status status="PASS" start="2024-03-24T17:12:13.118588" elapsed="0.000389"/>
</kw>
<status status="PASS" start="2024-03-24T17:12:13.031490" elapsed="0.087760"/>
</kw>
<kw name="Teste de Tipos de Dados - Postcode" owner="random-user-service">
<kw name="GET On Session" owner="RequestsLibrary">
<msg time="2024-03-24T17:12:13.211520" level="INFO">GET Request : url=https://randomuser.me/api 
 path_url=/api 
 headers={'User-Agent': 'python-requests/2.31.0', 'Accept-Encoding': 'gzip, deflate', 'Accept': '*/*', 'Connection': 'keep-alive'} 
 body=None 
 </msg>
<msg time="2024-03-24T17:12:13.211621" level="INFO">GET Response : url=https://randomuser.me/api 
 status=200, reason=OK 
 headers={'Date': 'Sun, 24 Mar 2024 17:12:13 GMT', 'Content-Type': 'application/json; charset=utf-8', 'Transfer-Encoding': 'chunked', 'Connection': 'keep-alive', 'X-Powered-By': 'Express', 'Access-Control-Allow-Origin': '*', 'Cache-Control': 'no-cache', 'ETag': 'W/"46f-q5PpKVL+4Vg7vX5zmaTwsTDyw4s"', 'Vary': 'Accept-Encoding', 'Content-Encoding': 'gzip', 'CF-Cache-Status': 'DYNAMIC', 'Report-To': '{"endpoints":[{"url":"https:\\/\\/a.nel.cloudflare.com\\/report\\/v4?s=EmutVDZ6mNqEXqLAzE4U7i%2Fvl6JOdlWs7Xz8mZMtxQ5l7hLw8XZAKTesqfqaIQURnaokqU8Eorr05D3rXUS0NaPlO4PLJN%2BQINOuAB9%2BnYint1QyQn7VE91I%2Bi7yczBZ"}],"group":"cf-nel","max_age":604800}', 'NEL': '{"success_fraction":0,"report_to":"cf-nel","max_age":604800}', 'Server': 'cloudflare', 'CF-RAY': '869848ea0c4c8f14-IAD', 'alt-svc': 'h3=":443"; ma=86400'} 
 body={"results":[{"gender":"male","name":{"title":"Mr","first":"Ishwar","last":"Rajesh"},"location":{"street":{"number":8577,"name":"Bhavani Peth"},"city":"Salem","state":"Jammu and Kashmir","country":"India","postcode":73796,"coordinates":{"latitude":"7.6525","longitude":"-87.8847"},"timezone":{"offset":"+4:30","description":"Kabul"}},"email":"ishwar.rajesh@example.com","login":{"uuid":"7bad1d6b-e228-4247-9906-54f857d7e298","username":"angrygorilla390","password":"meier","salt":"3hkIkqDv","md5":"68216d9c7ebb0fe83eeeb98d27709bf2","sha1":"0d5e7eaeef9ec878e92c730415949a5b6710cd58","sha256":"81ebb7753e14834129390577cf97c109a9cf7e061140d00a9723f46bf12b54a8"},"dob":{"date":"1962-05-13T03:36:08.020Z","age":61},"registered":{"date":"2021-05-18T14:02:41.735Z","age":2},"phone":"8484915565","cell":"7380020910","id":{"name":"UIDAI","value":"092548807452"},"picture":{"large":"https://randomuser.me/api/portraits/men/55.jpg","medium":"https://randomuser.me/api/portraits/med/men/55.jpg","thumbnail":"https://randomuser.me/api/portraits/thumb/men/55.jpg"},"nat":"IN"}],"info":{"seed":"5ea7922b0ecd8893","results":1,"page":1,"version":"1.4"}} 
 </msg>
<msg time="2024-03-24T17:12:13.211708" level="INFO">/opt/hostedtoolcache/Python/3.12.2/x64/lib/python3.12/site-packages/urllib3/connectionpool.py:1103: InsecureRequestWarning: Unverified HTTPS request is being made to host 'randomuser.me'. Adding certificate verification is strongly advised. See: https://urllib3.readthedocs.io/en/latest/advanced-usage.html#tls-warnings
  warnings.warn(</msg>
<msg time="2024-03-24T17:12:13.211840" level="INFO">${response} = &lt;Response [200]&gt;</msg>
<var>${response}</var>
<arg>consultarAPI</arg>
<arg>/api</arg>
<doc>Sends a GET request on a previously created HTTP Session.</doc>
<status status="PASS" start="2024-03-24T17:12:13.119877" elapsed="0.092003"/>
</kw>
<kw name="Set Variable" owner="BuiltIn">
<msg time="2024-03-24T17:12:13.213085" level="INFO">${json_data} = {'results': [{'gender': 'male', 'name': {'title': 'Mr', 'first': 'Ishwar', 'last': 'Rajesh'}, 'location': {'street': {'number': 8577, 'name': 'Bhavani Peth'}, 'city': 'Salem', 'state': 'Jammu and Kash...</msg>
<var>${json_data}</var>
<arg>${response.json()}</arg>
<doc>Returns the given values which can then be assigned to a variables.</doc>
<status status="PASS" start="2024-03-24T17:12:13.212526" elapsed="0.000588"/>
</kw>
<kw name="Log" owner="BuiltIn">
<msg time="2024-03-24T17:12:13.213592" level="INFO">{'results': [{'gender': 'male', 'name': {'title': 'Mr', 'first': 'Ishwar', 'last': 'Rajesh'}, 'location': {'street': {'number': 8577, 'name': 'Bhavani Peth'}, 'city': 'Salem', 'state': 'Jammu and Kashmir', 'country': 'India', 'postcode': 73796, 'coordinates': {'latitude': '7.6525', 'longitude': '-87.8847'}, 'timezone': {'offset': '+4:30', 'description': 'Kabul'}}, 'email': 'ishwar.rajesh@example.com', 'login': {'uuid': '7bad1d6b-e228-4247-9906-54f857d7e298', 'username': 'angrygorilla390', 'password': 'meier', 'salt': '3hkIkqDv', 'md5': '68216d9c7ebb0fe83eeeb98d27709bf2', 'sha1': '0d5e7eaeef9ec878e92c730415949a5b6710cd58', 'sha256': '81ebb7753e14834129390577cf97c109a9cf7e061140d00a9723f46bf12b54a8'}, 'dob': {'date': '1962-05-13T03:36:08.020Z', 'age': 61}, 'registered': {'date': '2021-05-18T14:02:41.735Z', 'age': 2}, 'phone': '8484915565', 'cell': '7380020910', 'id': {'name': 'UIDAI', 'value': '092548807452'}, 'picture': {'large': 'https://randomuser.me/api/portraits/men/55.jpg', 'medium': 'https://randomuser.me/api/portraits/med/men/55.jpg', 'thumbnail': 'https://randomuser.me/api/portraits/thumb/men/55.jpg'}, 'nat': 'IN'}], 'info': {'seed': '5ea7922b0ecd8893', 'results': 1, 'page': 1, 'version': '1.4'}}</msg>
<arg>${json_data}</arg>
<doc>Logs the given message with the given level.</doc>
<status status="PASS" start="2024-03-24T17:12:13.213431" elapsed="0.000209"/>
</kw>
<kw name="Should Be Equal As Numbers" owner="BuiltIn">
<arg>${json_data['results'][0]['location']['postcode']}</arg>
<arg>${json_data['results'][0]['location']['postcode']}</arg>
<doc>Fails if objects are unequal after converting them to real numbers.</doc>
<status status="PASS" start="2024-03-24T17:12:13.213988" elapsed="0.000667"/>
</kw>
<kw name="Log" owner="BuiltIn">
<msg time="2024-03-24T17:12:13.215247" level="INFO">73796</msg>
<arg>${json_data['results'][0]['location']['postcode']}</arg>
<doc>Logs the given message with the given level.</doc>
<status status="PASS" start="2024-03-24T17:12:13.214891" elapsed="0.000399"/>
</kw>
<status status="PASS" start="2024-03-24T17:12:13.119490" elapsed="0.096063"/>
</kw>
<doc>Testa se os tipos de dados na resposta da API estão corretos.</doc>
<tag>testeTiposDados</tag>
<status status="PASS" start="2024-03-24T17:12:13.030926" elapsed="0.184807"/>
</test>
<test id="s1-s1-t5" name="Validar conteudo" line="35">
<kw name="Teste de Tipos de Conteudo" owner="random-user-service">
<kw name="GET On Session" owner="RequestsLibrary">
<msg time="2024-03-24T17:12:13.331141" level="INFO">GET Request : url=https://randomuser.me/api 
 path_url=/api 
 headers={'User-Agent': 'python-requests/2.31.0', 'Accept-Encoding': 'gzip, deflate', 'Accept': '*/*', 'Connection': 'keep-alive'} 
 body=None 
 </msg>
<msg time="2024-03-24T17:12:13.331243" level="INFO">GET Response : url=https://randomuser.me/api 
 status=200, reason=OK 
 headers={'Date': 'Sun, 24 Mar 2024 17:12:13 GMT', 'Content-Type': 'application/json; charset=utf-8', 'Transfer-Encoding': 'chunked', 'Connection': 'keep-alive', 'X-Powered-By': 'Express', 'Access-Control-Allow-Origin': '*', 'Cache-Control': 'no-cache', 'ETag': 'W/"48b-0V88bxXRBzVcCfFA8y6Bdlmp0oc"', 'Vary': 'Accept-Encoding', 'Content-Encoding': 'gzip', 'CF-Cache-Status': 'DYNAMIC', 'Report-To': '{"endpoints":[{"url":"https:\\/\\/a.nel.cloudflare.com\\/report\\/v4?s=3kZWBCOzbuntcRndSX4lTbyUcUWAObe2h2NqCrV%2FTkwPr2LcIpUVu%2B4RmQMekivnR9CvfSLphhNWqqwIx6onI8QISxndTmW6fvzVk%2B6ioL7%2B2tfYvZ7Jox3qy5zekd%2BU"}],"group":"cf-nel","max_age":604800}', 'NEL': '{"success_fraction":0,"report_to":"cf-nel","max_age":604800}', 'Server': 'cloudflare', 'CF-RAY': '869848ea9cd28f14-IAD', 'alt-svc': 'h3=":443"; ma=86400'} 
 body={"results":[{"gender":"female","name":{"title":"Ms","first":"Afşar","last":"Akşit"},"location":{"street":{"number":9870,"name":"Talak Göktepe Cd"},"city":"Mersin","state":"Yozgat","country":"Turkey","postcode":20536,"coordinates":{"latitude":"68.2413","longitude":"179.3066"},"timezone":{"offset":"+9:00","description":"Tokyo, Seoul, Osaka, Sapporo, Yakutsk"}},"email":"afsar.aksit@example.com","login":{"uuid":"11bdf46d-1d2a-46f1-a159-dabf773dcf01","username":"purplesnake694","password":"dynamo","salt":"2jPx9gyg","md5":"19660c528d1c87c548333f96e067c750","sha1":"31469c086cfe7aaed86fe142bd677b1d3663ea4f","sha256":"6aaa49edc4be603f13cd31113876de0e3e1daccf77ec3d6bfa5c053244f2a552"},"dob":{"date":"1983-12-12T02:53:34.126Z","age":40},"registered":{"date":"2021-08-31T02:17:56.287Z","age":2},"phone":"(428)-790-1995","cell":"(557)-223-0222","id":{"name":"","value":null},"picture":{"large":"https://randomuser.me/api/portraits/women/46.jpg","medium":"https://randomuser.me/api/portraits/med/women/46.jpg","thumbnail":"https://randomuser.me/api/portraits/thumb/women/46.jpg"},"nat":"TR"}],"info":{"seed":"be7ffd457ce5b12c","results":1,"page":1,"version":"1.4"}} 
 </msg>
<msg time="2024-03-24T17:12:13.331326" level="INFO">/opt/hostedtoolcache/Python/3.12.2/x64/lib/python3.12/site-packages/urllib3/connectionpool.py:1103: InsecureRequestWarning: Unverified HTTPS request is being made to host 'randomuser.me'. Adding certificate verification is strongly advised. See: https://urllib3.readthedocs.io/en/latest/advanced-usage.html#tls-warnings
  warnings.warn(</msg>
<msg time="2024-03-24T17:12:13.331465" level="INFO">${response} = &lt;Response [200]&gt;</msg>
<var>${response}</var>
<arg>consultarAPI</arg>
<arg>/api</arg>
<doc>Sends a GET request on a previously created HTTP Session.</doc>
<status status="PASS" start="2024-03-24T17:12:13.218484" elapsed="0.113030"/>
</kw>
<kw name="Set Variable" owner="BuiltIn">
<msg time="2024-03-24T17:12:13.332688" level="INFO">${json_data} = {'results': [{'gender': 'female', 'name': {'title': 'Ms', 'first': 'Afşar', 'last': 'Akşit'}, 'location': {'street': {'number': 9870, 'name': 'Talak Göktepe Cd'}, 'city': 'Mersin', 'state': 'Yozgat', ...</msg>
<var>${json_data}</var>
<arg>${response.json()}</arg>
<doc>Returns the given values which can then be assigned to a variables.</doc>
<status status="PASS" start="2024-03-24T17:12:13.332105" elapsed="0.000614"/>
</kw>
<kw name="Set Variable" owner="BuiltIn">
<msg time="2024-03-24T17:12:13.333424" level="INFO">${name_title} = Ms</msg>
<var>${name_title}</var>
<arg>${json_data["results"][0]["name"]["title"]}</arg>
<doc>Returns the given values which can then be assigned to a variables.</doc>
<status status="PASS" start="2024-03-24T17:12:13.333033" elapsed="0.000417"/>
</kw>
<kw name="Create List" owner="BuiltIn">
<msg time="2024-03-24T17:12:13.333948" level="INFO">${allowed_titles} = ['Mr', 'Ms', 'Miss', 'Mrs', 'Madame', 'Monsieur']</msg>
<var>${allowed_titles}</var>
<arg>Mr</arg>
<arg>Ms</arg>
<arg>Miss</arg>
<arg>Mrs</arg>
<arg>Madame</arg>
<arg>Monsieur</arg>
<doc>Returns a list containing given items.</doc>
<status status="PASS" start="2024-03-24T17:12:13.333756" elapsed="0.000219"/>
</kw>
<kw name="List Should Contain Value" owner="Collections">
<msg time="2024-03-24T17:12:13.334496" level="INFO">False</msg>
<arg>${allowed_titles}</arg>
<arg>${name_title}</arg>
<doc>Fails if the ``value`` is not found from ``list``.</doc>
<status status="PASS" start="2024-03-24T17:12:13.334302" elapsed="0.000232"/>
</kw>
<kw name="Set Variable" owner="BuiltIn">
<msg time="2024-03-24T17:12:13.335223" level="INFO">${name_country} = TR</msg>
<var>${name_country}</var>
<arg>${json_data["results"][0]["nat"]}</arg>
<doc>Returns the given values which can then be assigned to a variables.</doc>
<status status="PASS" start="2024-03-24T17:12:13.334827" elapsed="0.000421"/>
</kw>
<kw name="Create List" owner="BuiltIn">
<msg time="2024-03-24T17:12:13.336170" level="INFO">${list_country} = ['AD', 'AE', 'AF', 'AG', 'AI', 'AL', 'AM', 'AO', 'AQ', 'AR', 'AS', 'AT', 'AU', 'AW', 'AX', 'AZ', 'BA', 'BB', 'BD', 'BE', 'BF', 'BG', 'BH', 'BI', 'BJ', 'BL', 'BM', 'BN', 'BO', 'BQ', 'BR', 'BS', 'BT', '...</msg>
<var>${list_country}</var>
<arg>AD</arg>
<arg>AE</arg>
<arg>AF</arg>
<arg>AG</arg>
<arg>AI</arg>
<arg>AL</arg>
<arg>AM</arg>
<arg>AO</arg>
<arg>AQ</arg>
<arg>AR</arg>
<arg>AS</arg>
<arg>AT</arg>
<arg>AU</arg>
<arg>AW</arg>
<arg>AX</arg>
<arg>AZ</arg>
<arg>BA</arg>
<arg>BB</arg>
<arg>BD</arg>
<arg>BE</arg>
<arg>BF</arg>
<arg>BG</arg>
<arg>BH</arg>
<arg>BI</arg>
<arg>BJ</arg>
<arg>BL</arg>
<arg>BM</arg>
<arg>BN</arg>
<arg>BO</arg>
<arg>BQ</arg>
<arg>BR</arg>
<arg>BS</arg>
<arg>BT</arg>
<arg>BV</arg>
<arg>BW</arg>
<arg>BY</arg>
<arg>BZ</arg>
<arg>CA</arg>
<arg>CC</arg>
<arg>CD</arg>
<arg>CF</arg>
<arg>CG</arg>
<arg>CH</arg>
<arg>CI</arg>
<arg>CK</arg>
<arg>CL</arg>
<arg>CM</arg>
<arg>CN</arg>
<arg>CO</arg>
<arg>CR</arg>
<arg>CU</arg>
<arg>CV</arg>
<arg>CW</arg>
<arg>CX</arg>
<arg>CY</arg>
<arg>CZ</arg>
<arg>DE</arg>
<arg>DJ</arg>
<arg>DK</arg>
<arg>DM</arg>
<arg>DO</arg>
<arg>DZ</arg>
<arg>EC</arg>
<arg>EE</arg>
<arg>EG</arg>
<arg>EH</arg>
<arg>ER</arg>
<arg>ES</arg>
<arg>ET</arg>
<arg>FI</arg>
<arg>FJ</arg>
<arg>FK</arg>
<arg>FM</arg>
<arg>FO</arg>
<arg>FR</arg>
<arg>GA</arg>
<arg>GB</arg>
<arg>GD</arg>
<arg>GE</arg>
<arg>GF</arg>
<arg>GG</arg>
<arg>GH</arg>
<arg>GI</arg>
<arg>GL</arg>
<arg>GM</arg>
<arg>GN</arg>
<arg>GP</arg>
<arg>GQ</arg>
<arg>GR</arg>
<arg>GS</arg>
<arg>GT</arg>
<arg>GU</arg>
<arg>GW</arg>
<arg>GY</arg>
<arg>HK</arg>
<arg>HM</arg>
<arg>HN</arg>
<arg>HR</arg>
<arg>HT</arg>
<arg>HU</arg>
<arg>ID</arg>
<arg>IE</arg>
<arg>IL</arg>
<arg>IM</arg>
<arg>IN</arg>
<arg>IO</arg>
<arg>IQ</arg>
<arg>IR</arg>
<arg>IS</arg>
<arg>IT</arg>
<arg>JE</arg>
<arg>JM</arg>
<arg>JO</arg>
<arg>JP</arg>
<arg>KE</arg>
<arg>KG</arg>
<arg>KH</arg>
<arg>KI</arg>
<arg>KM</arg>
<arg>KN</arg>
<arg>KP</arg>
<arg>KR</arg>
<arg>KW</arg>
<arg>KY</arg>
<arg>KZ</arg>
<arg>LA</arg>
<arg>LB</arg>
<arg>LC</arg>
<arg>LI</arg>
<arg>LK</arg>
<arg>LR</arg>
<arg>LS</arg>
<arg>LT</arg>
<arg>LU</arg>
<arg>LV</arg>
<arg>LY</arg>
<arg>MA</arg>
<arg>MC</arg>
<arg>MD</arg>
<arg>ME</arg>
<arg>MF</arg>
<arg>MG</arg>
<arg>MH</arg>
<arg>MK</arg>
<arg>ML</arg>
<arg>MM</arg>
<arg>MN</arg>
<arg>MO</arg>
<arg>MP</arg>
<arg>MQ</arg>
<arg>MR</arg>
<arg>MS</arg>
<arg>MT</arg>
<arg>MU</arg>
<arg>MV</arg>
<arg>MW</arg>
<arg>MX</arg>
<arg>MY</arg>
<arg>MZ</arg>
<arg>NA</arg>
<arg>NC</arg>
<arg>NE</arg>
<arg>NF</arg>
<arg>NG</arg>
<arg>NI</arg>
<arg>NL</arg>
<arg>NO</arg>
<arg>NP</arg>
<arg>NR</arg>
<arg>NU</arg>
<arg>NZ</arg>
<arg>OM</arg>
<arg>PA</arg>
<arg>PE</arg>
<arg>PF</arg>
<arg>PG</arg>
<arg>PH</arg>
<arg>PK</arg>
<arg>PL</arg>
<arg>PM</arg>
<arg>PN</arg>
<arg>PR</arg>
<arg>PS</arg>
<arg>PT</arg>
<arg>PW</arg>
<arg>PY</arg>
<arg>QA</arg>
<arg>RE</arg>
<arg>RO</arg>
<arg>RS</arg>
<arg>RU</arg>
<arg>RW</arg>
<arg>SA</arg>
<arg>SB</arg>
<arg>SC</arg>
<arg>SD</arg>
<arg>SE</arg>
<arg>SG</arg>
<arg>SH</arg>
<arg>SI</arg>
<arg>SJ</arg>
<arg>SK</arg>
<arg>SL</arg>
<arg>SM</arg>
<arg>SN</arg>
<arg>SO</arg>
<arg>SR</arg>
<arg>SS</arg>
<arg>ST</arg>
<arg>SV</arg>
<arg>SX</arg>
<arg>SY</arg>
<arg>SZ</arg>
<arg>TC</arg>
<arg>TD</arg>
<arg>TF</arg>
<arg>TG</arg>
<arg>TH</arg>
<arg>TJ</arg>
<arg>TK</arg>
<arg>TL</arg>
<arg>TM</arg>
<arg>TN</arg>
<arg>TO</arg>
<arg>TR</arg>
<arg>TT</arg>
<arg>TV</arg>
<arg>TW</arg>
<arg>TZ</arg>
<arg>UA</arg>
<arg>UG</arg>
<arg>UM</arg>
<arg>US</arg>
<arg>UY</arg>
<arg>UZ</arg>
<arg>VA</arg>
<arg>VC</arg>
<arg>VE</arg>
<arg>VG</arg>
<arg>VI</arg>
<arg>VN</arg>
<arg>VU</arg>
<arg>WF</arg>
<arg>WS</arg>
<arg>XK</arg>
<arg>YE</arg>
<arg>YT</arg>
<arg>ZA</arg>
<arg>ZM</arg>
<arg>ZW</arg>
<doc>Returns a list containing given items.</doc>
<status status="PASS" start="2024-03-24T17:12:13.335560" elapsed="0.000636"/>
</kw>
<kw name="List Should Contain Value" owner="Collections">
<msg time="2024-03-24T17:12:13.337410" level="INFO">False</msg>
<arg>${list_country}</arg>
<arg>${name_country}</arg>
<doc>Fails if the ``value`` is not found from ``list``.</doc>
<status status="PASS" start="2024-03-24T17:12:13.337199" elapsed="0.000249"/>
</kw>
<kw name="Run Keyword If" owner="BuiltIn">
<kw name="Should Be True" owner="BuiltIn">
<arg>${True}</arg>
<doc>Fails if the given condition is not true.</doc>
<status status="PASS" start="2024-03-24T17:12:13.338546" elapsed="0.000149"/>
</kw>
<arg>${json_data["results"][0]["location"]["coordinates"]["latitude"]} &gt;= -90 and ${json_data["results"][0]["location"]["coordinates"]["latitude"]} &lt;= 90</arg>
<arg>Should Be True</arg>
<arg>${True}</arg>
<doc>Runs the given keyword with the given arguments, if ``condition`` is true.</doc>
<status status="PASS" start="2024-03-24T17:12:13.337774" elapsed="0.001049"/>
</kw>
<kw name="Run Keyword If" owner="BuiltIn">
<kw name="Should Be True" owner="BuiltIn">
<arg>${True}</arg>
<doc>Fails if the given condition is not true.</doc>
<status status="PASS" start="2024-03-24T17:12:13.339731" elapsed="0.000141"/>
</kw>
<arg>${json_data["results"][0]["location"]["coordinates"]["longitude"]} &gt;= -180 and ${json_data["results"][0]["location"]["coordinates"]["longitude"]} &lt;= 180</arg>
<arg>Should Be True</arg>
<arg>${True}</arg>
<doc>Runs the given keyword with the given arguments, if ``condition`` is true.</doc>
<status status="PASS" start="2024-03-24T17:12:13.339012" elapsed="0.000987"/>
</kw>
<status status="PASS" start="2024-03-24T17:12:13.218250" elapsed="0.121883"/>
</kw>
<doc>Testa o conteúdo específico dos campos retornados pela API.</doc>
<tag>testeConteudo</tag>
<status status="PASS" start="2024-03-24T17:12:13.217682" elapsed="0.122605"/>
</test>
<status status="PASS" start="2024-03-24T17:12:12.309208" elapsed="1.033231"/>
</suite>
<status status="PASS" start="2024-03-24T17:12:12.295341" elapsed="1.052497"/>
</suite>
<statistics>
<total>
<stat pass="5" fail="0" skip="0">All Tests</stat>
</total>
<tag>
<stat pass="1" fail="0" skip="0">testeConteudo</stat>
<stat pass="1" fail="0" skip="0">testeEstruturaResposta</stat>
<stat pass="1" fail="0" skip="0">testeRequisicaoBasica</stat>
<stat pass="1" fail="0" skip="0">testeTiposDados</stat>
</tag>
<suite>
<stat pass="5" fail="0" skip="0" id="s1" name="Tests">Tests</stat>
<stat pass="5" fail="0" skip="0" id="s1-s1" name="Random-User-Test">Tests.Random-User-Test</stat>
</suite>
</statistics>
<errors>
</errors>
</robot>
