<?xml version="1.0" encoding="UTF-8"?>
<robot generator="Robot 7.0.1 (Python 3.12.4 on linux)" generated="2024-07-27T08:17:31.945976" rpa="false" schemaversion="5">
<suite id="s1" name="Tests" source="/home/runner/work/ApiRandomUser/ApiRandomUser/RamdonUser/tests">
<suite id="s1-s1" name="Random-User-Test" source="/home/runner/work/ApiRandomUser/ApiRandomUser/RamdonUser/tests/random-user-test.robot">
<test id="s1-s1-t1" name="Conectar" line="13">
<kw name="Conectar API" owner="random-user-service">
<kw name="Create Session" owner="RequestsLibrary">
<msg time="2024-07-27T08:17:32.330069" level="INFO">Creating Session using : alias=consultarAPI, url=https://randomuser.me/, headers={},                     cookies={}, auth=None, timeout=None, proxies=None, verify=False,                     debug=0 </msg>
<arg>consultarAPI</arg>
<arg>${URL}</arg>
<doc>Create Session: create a HTTP session to a server</doc>
<status status="PASS" start="2024-07-27T08:17:32.329876" elapsed="0.000360"/>
</kw>
<status status="PASS" start="2024-07-27T08:17:32.328841" elapsed="0.001732"/>
</kw>
<status status="PASS" start="2024-07-27T08:17:32.328195" elapsed="0.002572"/>
</test>
<test id="s1-s1-t2" name="Validar retorno 200 e JSON Válido" line="16">
<kw name="Teste de Requisicao Basica" owner="random-user-service">
<kw name="GET On Session" owner="RequestsLibrary">
<msg time="2024-07-27T08:17:32.628833" level="INFO">GET Request : url=https://randomuser.me/api 
 path_url=/api 
 headers={'User-Agent': 'python-requests/2.32.3', 'Accept-Encoding': 'gzip, deflate', 'Accept': '*/*', 'Connection': 'keep-alive'} 
 body=None 
 </msg>
<msg time="2024-07-27T08:17:32.628953" level="INFO">GET Response : url=https://randomuser.me/api 
 status=200, reason=OK 
 headers={'Date': 'Sat, 27 Jul 2024 08:17:32 GMT', 'Content-Type': 'application/json; charset=utf-8', 'Transfer-Encoding': 'chunked', 'Connection': 'keep-alive', 'X-Powered-By': 'Express', 'Access-Control-Allow-Origin': '*', 'Cache-Control': 'no-cache', 'ETag': 'W/"489-AXfx1pX0HOxmWz9sw6PluBMKXwI"', 'Vary': 'Accept-Encoding', 'Content-Encoding': 'gzip', 'CF-Cache-Status': 'DYNAMIC', 'Report-To': '{"endpoints":[{"url":"https:\\/\\/a.nel.cloudflare.com\\/report\\/v4?s=L6UpmoOW29oF8dzF9XblP1gPoGP87iX1mzFKGmNdoI8B52F%2FwSG4kvoldF6wGwlk7pCNCQHw9gs2%2B8XUaBz0avbcNqzyZ6WYkAlj0W4L7uKR%2F99YfCB0on9rxo9pLHaV"}],"group":"cf-nel","max_age":604800}', 'NEL': '{"success_fraction":0,"report_to":"cf-nel","max_age":604800}', 'Server': 'cloudflare', 'CF-RAY': '8a9b3192adc80262-ORD', 'alt-svc': 'h3=":443"; ma=86400'} 
 body={"results":[{"gender":"male","name":{"title":"Mr","first":"Aubin","last":"Berger"},"location":{"street":{"number":9192,"name":"Rue Barrème"},"city":"Caen","state":"Lot","country":"France","postcode":15761,"coordinates":{"latitude":"-18.8170","longitude":"-20.2480"},"timezone":{"offset":"+5:30","description":"Bombay, Calcutta, Madras, New Delhi"}},"email":"aubin.berger@example.com","login":{"uuid":"10be6391-a2a1-4407-a521-0abea5377ca1","username":"blackbird104","password":"franks","salt":"OjNhpaE6","md5":"d83880976b2ca92ff42e950191d28b76","sha1":"0949d990d2247fe7a8d9555ce3cedaf32ccd2eff","sha256":"18de4fb628cb392a0c1f538f9e8a98587631f6014528d563f8cd8a7d795aa4c4"},"dob":{"date":"1983-04-09T17:12:19.272Z","age":41},"registered":{"date":"2016-12-31T19:42:19.368Z","age":7},"phone":"04-32-44-76-12","cell":"06-82-53-59-31","id":{"name":"INSEE","value":"1830356731727 86"},"picture":{"large":"https://randomuser.me/api/portraits/men/87.jpg","medium":"https://randomuser.me/api/portraits/med/men/87.jpg","thumbnail":"https://randomuser.me/api/portraits/thumb/men/87.jpg"},"nat":"FR"}],"info":{"seed":"1e2ad92878d7f64d","results":1,"page":1,"version":"1.4"}} 
 </msg>
<msg time="2024-07-27T08:17:32.629025" level="INFO">/opt/hostedtoolcache/Python/3.12.4/x64/lib/python3.12/site-packages/urllib3/connectionpool.py:1099: InsecureRequestWarning: Unverified HTTPS request is being made to host 'randomuser.me'. Adding certificate verification is strongly advised. See: https://urllib3.readthedocs.io/en/latest/advanced-usage.html#tls-warnings
  warnings.warn(</msg>
<msg time="2024-07-27T08:17:32.629131" level="INFO">${response} = &lt;Response [200]&gt;</msg>
<var>${response}</var>
<arg>consultarAPI</arg>
<arg>/api</arg>
<doc>Sends a GET request on a previously created HTTP Session.</doc>
<status status="PASS" start="2024-07-27T08:17:32.333369" elapsed="0.295802"/>
</kw>
<kw name="Should Be Equal As Numbers" owner="BuiltIn">
<msg time="2024-07-27T08:17:32.629991" level="INFO">Argument types are:
&lt;class 'int'&gt;
&lt;class 'str'&gt;</msg>
<arg>${response.status_code}</arg>
<arg>200</arg>
<doc>Fails if objects are unequal after converting them to real numbers.</doc>
<status status="PASS" start="2024-07-27T08:17:32.629584" elapsed="0.000469"/>
</kw>
<kw name="Log" owner="BuiltIn">
<msg time="2024-07-27T08:17:32.630729" level="INFO">200</msg>
<arg>${response.status_code}</arg>
<doc>Logs the given message with the given level.</doc>
<status status="PASS" start="2024-07-27T08:17:32.630375" elapsed="0.000396"/>
</kw>
<kw name="Set Variable" owner="BuiltIn">
<msg time="2024-07-27T08:17:32.631511" level="INFO">${json_data} = {'results': [{'gender': 'male', 'name': {'title': 'Mr', 'first': 'Aubin', 'last': 'Berger'}, 'location': {'street': {'number': 9192, 'name': 'Rue Barrème'}, 'city': 'Caen', 'state': 'Lot', 'country': ...</msg>
<var>${json_data}</var>
<arg>${response.json()}</arg>
<doc>Returns the given values which can then be assigned to a variables.</doc>
<status status="PASS" start="2024-07-27T08:17:32.631073" elapsed="0.000469"/>
</kw>
<kw name="Dictionary Should Contain Key" owner="Collections">
<arg>${json_data}</arg>
<arg>results</arg>
<doc>Fails if ``key`` is not found from ``dictionary``.</doc>
<status status="PASS" start="2024-07-27T08:17:32.631844" elapsed="0.000351"/>
</kw>
<status status="PASS" start="2024-07-27T08:17:32.333128" elapsed="0.299220"/>
</kw>
<doc>Testa se a API responde corretamente e retorna um objeto JSON válido.</doc>
<tag>testeRequisicaoBasica</tag>
<status status="PASS" start="2024-07-27T08:17:32.332652" elapsed="0.299859"/>
</test>
<test id="s1-s1-t3" name="Validar estrutura de resposta" line="22">
<kw name="Teste de Estrutura de Resposta" owner="random-user-service">
<kw name="GET On Session" owner="RequestsLibrary">
<msg time="2024-07-27T08:17:32.741697" level="INFO">GET Request : url=https://randomuser.me/api 
 path_url=/api 
 headers={'User-Agent': 'python-requests/2.32.3', 'Accept-Encoding': 'gzip, deflate', 'Accept': '*/*', 'Connection': 'keep-alive'} 
 body=None 
 </msg>
<msg time="2024-07-27T08:17:32.741787" level="INFO">GET Response : url=https://randomuser.me/api 
 status=200, reason=OK 
 headers={'Date': 'Sat, 27 Jul 2024 08:17:32 GMT', 'Content-Type': 'application/json; charset=utf-8', 'Transfer-Encoding': 'chunked', 'Connection': 'keep-alive', 'X-Powered-By': 'Express', 'Access-Control-Allow-Origin': '*', 'Cache-Control': 'no-cache', 'ETag': 'W/"479-QBHb3qtq40Gz1cDhABCP9Koe7LQ"', 'Vary': 'Accept-Encoding', 'Content-Encoding': 'gzip', 'CF-Cache-Status': 'DYNAMIC', 'Report-To': '{"endpoints":[{"url":"https:\\/\\/a.nel.cloudflare.com\\/report\\/v4?s=wDegFaDMSA2obHT2DnPnGVrGC5ApUU4tdT%2FqMlqq%2FikkqrLEbO%2FCTJuie4pOzz0YnfK47XOP6u7LVslRjmq%2FX5Ng0ls6VSRiTw%2B9XT0dbDae9A7Wf%2B51drgFLRD7aQD6"}],"group":"cf-nel","max_age":604800}', 'NEL': '{"success_fraction":0,"report_to":"cf-nel","max_age":604800}', 'Server': 'cloudflare', 'CF-RAY': '8a9b3192fe040262-ORD', 'alt-svc': 'h3=":443"; ma=86400'} 
 body={"results":[{"gender":"male","name":{"title":"Mr","first":"Eren","last":"Çapanoğlu"},"location":{"street":{"number":3616,"name":"Necatibey Cd"},"city":"Diyarbakır","state":"Ordu","country":"Turkey","postcode":90061,"coordinates":{"latitude":"71.6502","longitude":"-37.5005"},"timezone":{"offset":"+6:00","description":"Almaty, Dhaka, Colombo"}},"email":"eren.capanoglu@example.com","login":{"uuid":"5ec584ae-8e1d-40f4-b747-08c2ddb67c96","username":"crazyladybug129","password":"hooper","salt":"F6g2a0rQ","md5":"e398d913d396c48e6a2be0d06f6841a7","sha1":"28dfbdef3b9c4dd2282757367bb1c7d4087af6ef","sha256":"b0fb0cd61d8d0d97072f429ad36504679b34b5de516dbbe305519ba3efe3458e"},"dob":{"date":"1973-12-08T23:54:16.525Z","age":50},"registered":{"date":"2017-06-22T16:58:02.990Z","age":7},"phone":"(887)-447-5431","cell":"(511)-060-4557","id":{"name":"","value":null},"picture":{"large":"https://randomuser.me/api/portraits/men/16.jpg","medium":"https://randomuser.me/api/portraits/med/men/16.jpg","thumbnail":"https://randomuser.me/api/portraits/thumb/men/16.jpg"},"nat":"TR"}],"info":{"seed":"a39012147f2e47e5","results":1,"page":1,"version":"1.4"}} 
 </msg>
<msg time="2024-07-27T08:17:32.741916" level="INFO">/opt/hostedtoolcache/Python/3.12.4/x64/lib/python3.12/site-packages/urllib3/connectionpool.py:1099: InsecureRequestWarning: Unverified HTTPS request is being made to host 'randomuser.me'. Adding certificate verification is strongly advised. See: https://urllib3.readthedocs.io/en/latest/advanced-usage.html#tls-warnings
  warnings.warn(</msg>
<msg time="2024-07-27T08:17:32.742041" level="INFO">${response} = &lt;Response [200]&gt;</msg>
<var>${response}</var>
<arg>consultarAPI</arg>
<arg>/api</arg>
<doc>Sends a GET request on a previously created HTTP Session.</doc>
<status status="PASS" start="2024-07-27T08:17:32.635025" elapsed="0.107056"/>
</kw>
<kw name="Set Variable" owner="BuiltIn">
<msg time="2024-07-27T08:17:32.742938" level="INFO">${json_data} = {'results': [{'gender': 'male', 'name': {'title': 'Mr', 'first': 'Eren', 'last': 'Çapanoğlu'}, 'location': {'street': {'number': 3616, 'name': 'Necatibey Cd'}, 'city': 'Diyarbakır', 'state': 'Ordu', '...</msg>
<var>${json_data}</var>
<arg>${response.json()}</arg>
<doc>Returns the given values which can then be assigned to a variables.</doc>
<status status="PASS" start="2024-07-27T08:17:32.742464" elapsed="0.000506"/>
</kw>
<kw name="Log" owner="BuiltIn">
<msg time="2024-07-27T08:17:32.743451" level="INFO">{'results': [{'gender': 'male', 'name': {'title': 'Mr', 'first': 'Eren', 'last': 'Çapanoğlu'}, 'location': {'street': {'number': 3616, 'name': 'Necatibey Cd'}, 'city': 'Diyarbakır', 'state': 'Ordu', 'country': 'Turkey', 'postcode': 90061, 'coordinates': {'latitude': '71.6502', 'longitude': '-37.5005'}, 'timezone': {'offset': '+6:00', 'description': 'Almaty, Dhaka, Colombo'}}, 'email': 'eren.capanoglu@example.com', 'login': {'uuid': '5ec584ae-8e1d-40f4-b747-08c2ddb67c96', 'username': 'crazyladybug129', 'password': 'hooper', 'salt': 'F6g2a0rQ', 'md5': 'e398d913d396c48e6a2be0d06f6841a7', 'sha1': '28dfbdef3b9c4dd2282757367bb1c7d4087af6ef', 'sha256': 'b0fb0cd61d8d0d97072f429ad36504679b34b5de516dbbe305519ba3efe3458e'}, 'dob': {'date': '1973-12-08T23:54:16.525Z', 'age': 50}, 'registered': {'date': '2017-06-22T16:58:02.990Z', 'age': 7}, 'phone': '(887)-447-5431', 'cell': '(511)-060-4557', 'id': {'name': '', 'value': None}, 'picture': {'large': 'https://randomuser.me/api/portraits/men/16.jpg', 'medium': 'https://randomuser.me/api/portraits/med/men/16.jpg', 'thumbnail': 'https://randomuser.me/api/portraits/thumb/men/16.jpg'}, 'nat': 'TR'}], 'info': {'seed': 'a39012147f2e47e5', 'results': 1, 'page': 1, 'version': '1.4'}}</msg>
<arg>${json_data}</arg>
<doc>Logs the given message with the given level.</doc>
<status status="PASS" start="2024-07-27T08:17:32.743282" elapsed="0.000224"/>
</kw>
<kw name="Dictionary Should Contain Key" owner="Collections">
<arg>${json_data}</arg>
<arg>results</arg>
<doc>Fails if ``key`` is not found from ``dictionary``.</doc>
<status status="PASS" start="2024-07-27T08:17:32.743808" elapsed="0.000199"/>
</kw>
<kw name="Should Not Be Empty" owner="BuiltIn">
<msg time="2024-07-27T08:17:32.744342" level="INFO">Length is 2.</msg>
<arg>${json_data}</arg>
<doc>Verifies that the given item is not empty.</doc>
<status status="PASS" start="2024-07-27T08:17:32.744210" elapsed="0.000170"/>
</kw>
<kw name="Create List" owner="BuiltIn">
<msg time="2024-07-27T08:17:32.744826" level="INFO">${expected_keys} = ['gender', 'name', 'location', 'email', 'login']</msg>
<var>${expected_keys}</var>
<arg>gender</arg>
<arg>name</arg>
<arg>location</arg>
<arg>email</arg>
<arg>login</arg>
<doc>Returns a list containing given items.</doc>
<status status="PASS" start="2024-07-27T08:17:32.744672" elapsed="0.000179"/>
</kw>
<for flavor="IN">
<iter>
<kw name="Dictionary Should Contain Key" owner="Collections">
<arg>${json_data['results'][0]}</arg>
<arg>${key}</arg>
<doc>Fails if ``key`` is not found from ``dictionary``.</doc>
<status status="PASS" start="2024-07-27T08:17:32.745420" elapsed="0.000416"/>
</kw>
<kw name="Log" owner="BuiltIn">
<msg time="2024-07-27T08:17:32.746384" level="INFO">{'gender': 'male', 'name': {'title': 'Mr', 'first': 'Eren', 'last': 'Çapanoğlu'}, 'location': {'street': {'number': 3616, 'name': 'Necatibey Cd'}, 'city': 'Diyarbakır', 'state': 'Ordu', 'country': 'Turkey', 'postcode': 90061, 'coordinates': {'latitude': '71.6502', 'longitude': '-37.5005'}, 'timezone': {'offset': '+6:00', 'description': 'Almaty, Dhaka, Colombo'}}, 'email': 'eren.capanoglu@example.com', 'login': {'uuid': '5ec584ae-8e1d-40f4-b747-08c2ddb67c96', 'username': 'crazyladybug129', 'password': 'hooper', 'salt': 'F6g2a0rQ', 'md5': 'e398d913d396c48e6a2be0d06f6841a7', 'sha1': '28dfbdef3b9c4dd2282757367bb1c7d4087af6ef', 'sha256': 'b0fb0cd61d8d0d97072f429ad36504679b34b5de516dbbe305519ba3efe3458e'}, 'dob': {'date': '1973-12-08T23:54:16.525Z', 'age': 50}, 'registered': {'date': '2017-06-22T16:58:02.990Z', 'age': 7}, 'phone': '(887)-447-5431', 'cell': '(511)-060-4557', 'id': {'name': '', 'value': None}, 'picture': {'large': 'https://randomuser.me/api/portraits/men/16.jpg', 'medium': 'https://randomuser.me/api/portraits/med/men/16.jpg', 'thumbnail': 'https://randomuser.me/api/portraits/thumb/men/16.jpg'}, 'nat': 'TR'}</msg>
<arg>${json_data['results'][0]}</arg>
<doc>Logs the given message with the given level.</doc>
<status status="PASS" start="2024-07-27T08:17:32.746023" elapsed="0.000415"/>
</kw>
<kw name="Log" owner="BuiltIn">
<msg time="2024-07-27T08:17:32.746870" level="INFO">gender</msg>
<arg>${key}</arg>
<doc>Logs the given message with the given level.</doc>
<status status="PASS" start="2024-07-27T08:17:32.746741" elapsed="0.000168"/>
</kw>
<var name="${key}">gender</var>
<status status="PASS" start="2024-07-27T08:17:32.745295" elapsed="0.001832"/>
</iter>
<iter>
<kw name="Dictionary Should Contain Key" owner="Collections">
<arg>${json_data['results'][0]}</arg>
<arg>${key}</arg>
<doc>Fails if ``key`` is not found from ``dictionary``.</doc>
<status status="PASS" start="2024-07-27T08:17:32.747422" elapsed="0.000396"/>
</kw>
<kw name="Log" owner="BuiltIn">
<msg time="2024-07-27T08:17:32.748618" level="INFO">{'gender': 'male', 'name': {'title': 'Mr', 'first': 'Eren', 'last': 'Çapanoğlu'}, 'location': {'street': {'number': 3616, 'name': 'Necatibey Cd'}, 'city': 'Diyarbakır', 'state': 'Ordu', 'country': 'Turkey', 'postcode': 90061, 'coordinates': {'latitude': '71.6502', 'longitude': '-37.5005'}, 'timezone': {'offset': '+6:00', 'description': 'Almaty, Dhaka, Colombo'}}, 'email': 'eren.capanoglu@example.com', 'login': {'uuid': '5ec584ae-8e1d-40f4-b747-08c2ddb67c96', 'username': 'crazyladybug129', 'password': 'hooper', 'salt': 'F6g2a0rQ', 'md5': 'e398d913d396c48e6a2be0d06f6841a7', 'sha1': '28dfbdef3b9c4dd2282757367bb1c7d4087af6ef', 'sha256': 'b0fb0cd61d8d0d97072f429ad36504679b34b5de516dbbe305519ba3efe3458e'}, 'dob': {'date': '1973-12-08T23:54:16.525Z', 'age': 50}, 'registered': {'date': '2017-06-22T16:58:02.990Z', 'age': 7}, 'phone': '(887)-447-5431', 'cell': '(511)-060-4557', 'id': {'name': '', 'value': None}, 'picture': {'large': 'https://randomuser.me/api/portraits/men/16.jpg', 'medium': 'https://randomuser.me/api/portraits/med/men/16.jpg', 'thumbnail': 'https://randomuser.me/api/portraits/thumb/men/16.jpg'}, 'nat': 'TR'}</msg>
<arg>${json_data['results'][0]}</arg>
<doc>Logs the given message with the given level.</doc>
<status status="PASS" start="2024-07-27T08:17:32.748064" elapsed="0.000669"/>
</kw>
<kw name="Log" owner="BuiltIn">
<msg time="2024-07-27T08:17:32.749354" level="INFO">name</msg>
<arg>${key}</arg>
<doc>Logs the given message with the given level.</doc>
<status status="PASS" start="2024-07-27T08:17:32.749159" elapsed="0.000254"/>
</kw>
<var name="${key}">name</var>
<status status="PASS" start="2024-07-27T08:17:32.747311" elapsed="0.002410"/>
</iter>
<iter>
<kw name="Dictionary Should Contain Key" owner="Collections">
<arg>${json_data['results'][0]}</arg>
<arg>${key}</arg>
<doc>Fails if ``key`` is not found from ``dictionary``.</doc>
<status status="PASS" start="2024-07-27T08:17:32.750154" elapsed="0.000586"/>
</kw>
<kw name="Log" owner="BuiltIn">
<msg time="2024-07-27T08:17:32.751623" level="INFO">{'gender': 'male', 'name': {'title': 'Mr', 'first': 'Eren', 'last': 'Çapanoğlu'}, 'location': {'street': {'number': 3616, 'name': 'Necatibey Cd'}, 'city': 'Diyarbakır', 'state': 'Ordu', 'country': 'Turkey', 'postcode': 90061, 'coordinates': {'latitude': '71.6502', 'longitude': '-37.5005'}, 'timezone': {'offset': '+6:00', 'description': 'Almaty, Dhaka, Colombo'}}, 'email': 'eren.capanoglu@example.com', 'login': {'uuid': '5ec584ae-8e1d-40f4-b747-08c2ddb67c96', 'username': 'crazyladybug129', 'password': 'hooper', 'salt': 'F6g2a0rQ', 'md5': 'e398d913d396c48e6a2be0d06f6841a7', 'sha1': '28dfbdef3b9c4dd2282757367bb1c7d4087af6ef', 'sha256': 'b0fb0cd61d8d0d97072f429ad36504679b34b5de516dbbe305519ba3efe3458e'}, 'dob': {'date': '1973-12-08T23:54:16.525Z', 'age': 50}, 'registered': {'date': '2017-06-22T16:58:02.990Z', 'age': 7}, 'phone': '(887)-447-5431', 'cell': '(511)-060-4557', 'id': {'name': '', 'value': None}, 'picture': {'large': 'https://randomuser.me/api/portraits/men/16.jpg', 'medium': 'https://randomuser.me/api/portraits/med/men/16.jpg', 'thumbnail': 'https://randomuser.me/api/portraits/thumb/men/16.jpg'}, 'nat': 'TR'}</msg>
<arg>${json_data['results'][0]}</arg>
<doc>Logs the given message with the given level.</doc>
<status status="PASS" start="2024-07-27T08:17:32.751012" elapsed="0.000693"/>
</kw>
<kw name="Log" owner="BuiltIn">
<msg time="2024-07-27T08:17:32.752413" level="INFO">location</msg>
<arg>${key}</arg>
<doc>Logs the given message with the given level.</doc>
<status status="PASS" start="2024-07-27T08:17:32.752202" elapsed="0.000277"/>
</kw>
<var name="${key}">location</var>
<status status="PASS" start="2024-07-27T08:17:32.749988" elapsed="0.002803"/>
</iter>
<iter>
<kw name="Dictionary Should Contain Key" owner="Collections">
<arg>${json_data['results'][0]}</arg>
<arg>${key}</arg>
<doc>Fails if ``key`` is not found from ``dictionary``.</doc>
<status status="PASS" start="2024-07-27T08:17:32.753259" elapsed="0.000676"/>
</kw>
<kw name="Log" owner="BuiltIn">
<msg time="2024-07-27T08:17:32.755021" level="INFO">{'gender': 'male', 'name': {'title': 'Mr', 'first': 'Eren', 'last': 'Çapanoğlu'}, 'location': {'street': {'number': 3616, 'name': 'Necatibey Cd'}, 'city': 'Diyarbakır', 'state': 'Ordu', 'country': 'Turkey', 'postcode': 90061, 'coordinates': {'latitude': '71.6502', 'longitude': '-37.5005'}, 'timezone': {'offset': '+6:00', 'description': 'Almaty, Dhaka, Colombo'}}, 'email': 'eren.capanoglu@example.com', 'login': {'uuid': '5ec584ae-8e1d-40f4-b747-08c2ddb67c96', 'username': 'crazyladybug129', 'password': 'hooper', 'salt': 'F6g2a0rQ', 'md5': 'e398d913d396c48e6a2be0d06f6841a7', 'sha1': '28dfbdef3b9c4dd2282757367bb1c7d4087af6ef', 'sha256': 'b0fb0cd61d8d0d97072f429ad36504679b34b5de516dbbe305519ba3efe3458e'}, 'dob': {'date': '1973-12-08T23:54:16.525Z', 'age': 50}, 'registered': {'date': '2017-06-22T16:58:02.990Z', 'age': 7}, 'phone': '(887)-447-5431', 'cell': '(511)-060-4557', 'id': {'name': '', 'value': None}, 'picture': {'large': 'https://randomuser.me/api/portraits/men/16.jpg', 'medium': 'https://randomuser.me/api/portraits/med/men/16.jpg', 'thumbnail': 'https://randomuser.me/api/portraits/thumb/men/16.jpg'}, 'nat': 'TR'}</msg>
<arg>${json_data['results'][0]}</arg>
<doc>Logs the given message with the given level.</doc>
<status status="PASS" start="2024-07-27T08:17:32.754398" elapsed="0.000703"/>
</kw>
<kw name="Log" owner="BuiltIn">
<msg time="2024-07-27T08:17:32.755753" level="INFO">email</msg>
<arg>${key}</arg>
<doc>Logs the given message with the given level.</doc>
<status status="PASS" start="2024-07-27T08:17:32.755569" elapsed="0.000243"/>
</kw>
<var name="${key}">email</var>
<status status="PASS" start="2024-07-27T08:17:32.753056" elapsed="0.003145"/>
</iter>
<iter>
<kw name="Dictionary Should Contain Key" owner="Collections">
<arg>${json_data['results'][0]}</arg>
<arg>${key}</arg>
<doc>Fails if ``key`` is not found from ``dictionary``.</doc>
<status status="PASS" start="2024-07-27T08:17:32.756653" elapsed="0.000599"/>
</kw>
<kw name="Log" owner="BuiltIn">
<msg time="2024-07-27T08:17:32.758091" level="INFO">{'gender': 'male', 'name': {'title': 'Mr', 'first': 'Eren', 'last': 'Çapanoğlu'}, 'location': {'street': {'number': 3616, 'name': 'Necatibey Cd'}, 'city': 'Diyarbakır', 'state': 'Ordu', 'country': 'Turkey', 'postcode': 90061, 'coordinates': {'latitude': '71.6502', 'longitude': '-37.5005'}, 'timezone': {'offset': '+6:00', 'description': 'Almaty, Dhaka, Colombo'}}, 'email': 'eren.capanoglu@example.com', 'login': {'uuid': '5ec584ae-8e1d-40f4-b747-08c2ddb67c96', 'username': 'crazyladybug129', 'password': 'hooper', 'salt': 'F6g2a0rQ', 'md5': 'e398d913d396c48e6a2be0d06f6841a7', 'sha1': '28dfbdef3b9c4dd2282757367bb1c7d4087af6ef', 'sha256': 'b0fb0cd61d8d0d97072f429ad36504679b34b5de516dbbe305519ba3efe3458e'}, 'dob': {'date': '1973-12-08T23:54:16.525Z', 'age': 50}, 'registered': {'date': '2017-06-22T16:58:02.990Z', 'age': 7}, 'phone': '(887)-447-5431', 'cell': '(511)-060-4557', 'id': {'name': '', 'value': None}, 'picture': {'large': 'https://randomuser.me/api/portraits/men/16.jpg', 'medium': 'https://randomuser.me/api/portraits/med/men/16.jpg', 'thumbnail': 'https://randomuser.me/api/portraits/thumb/men/16.jpg'}, 'nat': 'TR'}</msg>
<arg>${json_data['results'][0]}</arg>
<doc>Logs the given message with the given level.</doc>
<status status="PASS" start="2024-07-27T08:17:32.757536" elapsed="0.000634"/>
</kw>
<kw name="Log" owner="BuiltIn">
<msg time="2024-07-27T08:17:32.758796" level="INFO">login</msg>
<arg>${key}</arg>
<doc>Logs the given message with the given level.</doc>
<status status="PASS" start="2024-07-27T08:17:32.758611" elapsed="0.000236"/>
</kw>
<var name="${key}">login</var>
<status status="PASS" start="2024-07-27T08:17:32.756486" elapsed="0.002587"/>
</iter>
<var>${key}</var>
<value>@{expected_keys}</value>
<status status="PASS" start="2024-07-27T08:17:32.745109" elapsed="0.014247"/>
</for>
<kw name="Create List" owner="BuiltIn">
<msg time="2024-07-27T08:17:32.759912" level="INFO">${expected_keysTwo} = ['username', 'password']</msg>
<var>${expected_keysTwo}</var>
<arg>username</arg>
<arg>password</arg>
<doc>Returns a list containing given items.</doc>
<status status="PASS" start="2024-07-27T08:17:32.759706" elapsed="0.000275"/>
</kw>
<for flavor="IN">
<iter>
<kw name="Dictionary Should Contain Key" owner="Collections">
<arg>${json_data['results'][0]['login']}</arg>
<arg>${keyTwo}</arg>
<doc>Fails if ``key`` is not found from ``dictionary``.</doc>
<status status="PASS" start="2024-07-27T08:17:32.760787" elapsed="0.000605"/>
</kw>
<kw name="Dictionary Should Contain Key" owner="Collections">
<arg>${json_data['results'][0]['login']}</arg>
<arg>${keyTwo}</arg>
<doc>Fails if ``key`` is not found from ``dictionary``.</doc>
<status status="PASS" start="2024-07-27T08:17:32.761671" elapsed="0.000710"/>
</kw>
<kw name="Log" owner="BuiltIn">
<msg time="2024-07-27T08:17:32.762861" level="INFO">username</msg>
<arg>${keyTwo}</arg>
<doc>Logs the given message with the given level.</doc>
<status status="PASS" start="2024-07-27T08:17:32.762676" elapsed="0.000263"/>
</kw>
<var name="${keyTwo}">username</var>
<status status="PASS" start="2024-07-27T08:17:32.760623" elapsed="0.002658"/>
</iter>
<iter>
<kw name="Dictionary Should Contain Key" owner="Collections">
<arg>${json_data['results'][0]['login']}</arg>
<arg>${keyTwo}</arg>
<doc>Fails if ``key`` is not found from ``dictionary``.</doc>
<status status="PASS" start="2024-07-27T08:17:32.763758" elapsed="0.000695"/>
</kw>
<kw name="Dictionary Should Contain Key" owner="Collections">
<arg>${json_data['results'][0]['login']}</arg>
<arg>${keyTwo}</arg>
<doc>Fails if ``key`` is not found from ``dictionary``.</doc>
<status status="PASS" start="2024-07-27T08:17:32.764755" elapsed="0.000603"/>
</kw>
<kw name="Log" owner="BuiltIn">
<msg time="2024-07-27T08:17:32.765890" level="INFO">password</msg>
<arg>${keyTwo}</arg>
<doc>Logs the given message with the given level.</doc>
<status status="PASS" start="2024-07-27T08:17:32.765634" elapsed="0.000317"/>
</kw>
<var name="${keyTwo}">password</var>
<status status="PASS" start="2024-07-27T08:17:32.763538" elapsed="0.002745"/>
</iter>
<var>${keyTwo}</var>
<value>@{expected_keysTwo}</value>
<status status="PASS" start="2024-07-27T08:17:32.760399" elapsed="0.006067"/>
</for>
<status status="PASS" start="2024-07-27T08:17:32.634791" elapsed="0.131891"/>
</kw>
<doc>Testa a estrutura da resposta da API.</doc>
<tag>testeEstruturaResposta</tag>
<status status="PASS" start="2024-07-27T08:17:32.634302" elapsed="0.132681"/>
</test>
<test id="s1-s1-t4" name="Validar tipos de dados" line="28">
<kw name="Teste de Tipos de Dados" owner="random-user-service">
<kw name="GET On Session" owner="RequestsLibrary">
<msg time="2024-07-27T08:17:32.828308" level="INFO">GET Request : url=https://randomuser.me/api 
 path_url=/api 
 headers={'User-Agent': 'python-requests/2.32.3', 'Accept-Encoding': 'gzip, deflate', 'Accept': '*/*', 'Connection': 'keep-alive'} 
 body=None 
 </msg>
<msg time="2024-07-27T08:17:32.828370" level="INFO">GET Response : url=https://randomuser.me/api 
 status=200, reason=OK 
 headers={'Date': 'Sat, 27 Jul 2024 08:17:32 GMT', 'Content-Type': 'application/json; charset=utf-8', 'Transfer-Encoding': 'chunked', 'Connection': 'keep-alive', 'X-Powered-By': 'Express', 'Access-Control-Allow-Origin': '*', 'Cache-Control': 'no-cache', 'ETag': 'W/"483-Yh638ckOeOHml2RmNhus6PDxKZc"', 'Vary': 'Accept-Encoding', 'Content-Encoding': 'gzip', 'CF-Cache-Status': 'DYNAMIC', 'Report-To': '{"endpoints":[{"url":"https:\\/\\/a.nel.cloudflare.com\\/report\\/v4?s=Ik5dcFvyHdLXbWWVn5B3RHIWCSTUU75jv%2FYD%2BYJupSpn5kGIJfZSg7SXyJPq1InnaPD%2FyPPkNUM%2B1uvNVGJsS7R%2FoXEicuWS8LOXYz8CY3CzbjewsaSW%2FO4%2FoF66wns%2B"}],"group":"cf-nel","max_age":604800}', 'NEL': '{"success_fraction":0,"report_to":"cf-nel","max_age":604800}', 'Server': 'cloudflare', 'CF-RAY': '8a9b3193dea40262-ORD', 'alt-svc': 'h3=":443"; ma=86400'} 
 body={"results":[{"gender":"male","name":{"title":"Mr","first":"Zachary","last":"Johnson"},"location":{"street":{"number":9126,"name":"Maxwell Road"},"city":"Rotorua","state":"Taranaki","country":"New Zealand","postcode":59586,"coordinates":{"latitude":"47.5871","longitude":"-20.3204"},"timezone":{"offset":"-3:00","description":"Brazil, Buenos Aires, Georgetown"}},"email":"zachary.johnson@example.com","login":{"uuid":"f55e8ab8-c710-4a28-b1f0-08e047d27a26","username":"whitebear130","password":"balloon","salt":"VDddPiGE","md5":"6d5e34b913edc25268acacfc7505cd5a","sha1":"a0fe208bee6d063e0f15ff632420df2b2a7a58fc","sha256":"edf3698aaa8da4549b06a102a6fcaa6c543e1e3422885481e4ec36657a02ab34"},"dob":{"date":"1975-10-17T18:44:55.411Z","age":48},"registered":{"date":"2020-02-06T05:24:29.333Z","age":4},"phone":"(348)-146-1343","cell":"(102)-396-2059","id":{"name":"","value":null},"picture":{"large":"https://randomuser.me/api/portraits/men/3.jpg","medium":"https://randomuser.me/api/portraits/med/men/3.jpg","thumbnail":"https://randomuser.me/api/portraits/thumb/men/3.jpg"},"nat":"NZ"}],"info":{"seed":"269e4f5a9fa4b610","results":1,"page":1,"version":"1.4"}} 
 </msg>
<msg time="2024-07-27T08:17:32.828425" level="INFO">/opt/hostedtoolcache/Python/3.12.4/x64/lib/python3.12/site-packages/urllib3/connectionpool.py:1099: InsecureRequestWarning: Unverified HTTPS request is being made to host 'randomuser.me'. Adding certificate verification is strongly advised. See: https://urllib3.readthedocs.io/en/latest/advanced-usage.html#tls-warnings
  warnings.warn(</msg>
<msg time="2024-07-27T08:17:32.828507" level="INFO">${response} = &lt;Response [200]&gt;</msg>
<var>${response}</var>
<arg>consultarAPI</arg>
<arg>/api</arg>
<doc>Sends a GET request on a previously created HTTP Session.</doc>
<status status="PASS" start="2024-07-27T08:17:32.769796" elapsed="0.058744"/>
</kw>
<kw name="Set Variable" owner="BuiltIn">
<msg time="2024-07-27T08:17:32.829361" level="INFO">${json_data} = {'results': [{'gender': 'male', 'name': {'title': 'Mr', 'first': 'Zachary', 'last': 'Johnson'}, 'location': {'street': {'number': 9126, 'name': 'Maxwell Road'}, 'city': 'Rotorua', 'state': 'Taranaki',...</msg>
<var>${json_data}</var>
<arg>${response.json()}</arg>
<doc>Returns the given values which can then be assigned to a variables.</doc>
<status status="PASS" start="2024-07-27T08:17:32.828917" elapsed="0.000473"/>
</kw>
<kw name="Log" owner="BuiltIn">
<msg time="2024-07-27T08:17:32.829844" level="INFO">{'results': [{'gender': 'male', 'name': {'title': 'Mr', 'first': 'Zachary', 'last': 'Johnson'}, 'location': {'street': {'number': 9126, 'name': 'Maxwell Road'}, 'city': 'Rotorua', 'state': 'Taranaki', 'country': 'New Zealand', 'postcode': 59586, 'coordinates': {'latitude': '47.5871', 'longitude': '-20.3204'}, 'timezone': {'offset': '-3:00', 'description': 'Brazil, Buenos Aires, Georgetown'}}, 'email': 'zachary.johnson@example.com', 'login': {'uuid': 'f55e8ab8-c710-4a28-b1f0-08e047d27a26', 'username': 'whitebear130', 'password': 'balloon', 'salt': 'VDddPiGE', 'md5': '6d5e34b913edc25268acacfc7505cd5a', 'sha1': 'a0fe208bee6d063e0f15ff632420df2b2a7a58fc', 'sha256': 'edf3698aaa8da4549b06a102a6fcaa6c543e1e3422885481e4ec36657a02ab34'}, 'dob': {'date': '1975-10-17T18:44:55.411Z', 'age': 48}, 'registered': {'date': '2020-02-06T05:24:29.333Z', 'age': 4}, 'phone': '(348)-146-1343', 'cell': '(102)-396-2059', 'id': {'name': '', 'value': None}, 'picture': {'large': 'https://randomuser.me/api/portraits/men/3.jpg', 'medium': 'https://randomuser.me/api/portraits/med/men/3.jpg', 'thumbnail': 'https://randomuser.me/api/portraits/thumb/men/3.jpg'}, 'nat': 'NZ'}], 'info': {'seed': '269e4f5a9fa4b610', 'results': 1, 'page': 1, 'version': '1.4'}}</msg>
<arg>${json_data}</arg>
<doc>Logs the given message with the given level.</doc>
<status status="PASS" start="2024-07-27T08:17:32.829691" elapsed="0.000210"/>
</kw>
<kw name="Should Be String" owner="String">
<arg>${json_data['results'][0]['gender']}</arg>
<doc>Fails if the given ``item`` is not a string.</doc>
<status status="PASS" start="2024-07-27T08:17:32.830192" elapsed="0.000361"/>
</kw>
<kw name="Should Match Regexp" owner="BuiltIn">
<arg>${json_data['results'][0]['email']}</arg>
<arg>^[a-zA-Z0-9._%+-]+@[a-zA-Z0-9.-]+\.[a-zA-Z]{2,}$</arg>
<doc>Fails if ``string`` does not match ``pattern`` as a regular expression.</doc>
<status status="PASS" start="2024-07-27T08:17:32.830739" elapsed="0.000513"/>
</kw>
<kw name="Should Match Regexp" owner="BuiltIn">
<arg>${json_data['results'][0]['dob']['date']}</arg>
<arg>\\d{4}-\\d{2}-\\d{2}T\\d{2}:\\d{2}:\\d{2}\\.\\d{3}Z</arg>
<doc>Fails if ``string`` does not match ``pattern`` as a regular expression.</doc>
<status status="PASS" start="2024-07-27T08:17:32.831486" elapsed="0.000622"/>
</kw>
<kw name="Should Match Regexp" owner="BuiltIn">
<arg>${json_data['results'][0]['registered']['date']}</arg>
<arg>\\d{4}-\\d{2}-\\d{2}T\\d{2}:\\d{2}:\\d{2}\\.\\d{3}Z</arg>
<doc>Fails if ``string`` does not match ``pattern`` as a regular expression.</doc>
<status status="PASS" start="2024-07-27T08:17:32.832304" elapsed="0.000375"/>
</kw>
<kw name="Should Match Regexp" owner="BuiltIn">
<arg>${json_data['results'][0]['picture']['large']}</arg>
<arg>^https?://.*\.(?:png|jpe?g|gif|bmp)$</arg>
<doc>Fails if ``string`` does not match ``pattern`` as a regular expression.</doc>
<status status="PASS" start="2024-07-27T08:17:32.832866" elapsed="0.000457"/>
</kw>
<kw name="Should Match Regexp" owner="BuiltIn">
<arg>${json_data['results'][0]['picture']['medium']}</arg>
<arg>^https?://.*\.(?:png|jpe?g|gif|bmp)$</arg>
<doc>Fails if ``string`` does not match ``pattern`` as a regular expression.</doc>
<status status="PASS" start="2024-07-27T08:17:32.833510" elapsed="0.000354"/>
</kw>
<kw name="Should Match Regexp" owner="BuiltIn">
<arg>${json_data['results'][0]['picture']['thumbnail']}</arg>
<arg>^https?://.*\.(?:png|jpe?g|gif|bmp)$</arg>
<doc>Fails if ``string`` does not match ``pattern`` as a regular expression.</doc>
<status status="PASS" start="2024-07-27T08:17:32.834046" elapsed="0.000351"/>
</kw>
<kw name="Log" owner="BuiltIn">
<msg time="2024-07-27T08:17:32.834911" level="INFO">{'large': 'https://randomuser.me/api/portraits/men/3.jpg', 'medium': 'https://randomuser.me/api/portraits/med/men/3.jpg', 'thumbnail': 'https://randomuser.me/api/portraits/thumb/men/3.jpg'}</msg>
<arg>${json_data['results'][0]['picture']}</arg>
<doc>Logs the given message with the given level.</doc>
<status status="PASS" start="2024-07-27T08:17:32.834578" elapsed="0.000376"/>
</kw>
<status status="PASS" start="2024-07-27T08:17:32.769569" elapsed="0.065640"/>
</kw>
<kw name="Teste de Tipos de Dados - Postcode" owner="random-user-service">
<kw name="GET On Session" owner="RequestsLibrary">
<msg time="2024-07-27T08:17:32.943099" level="INFO">GET Request : url=https://randomuser.me/api 
 path_url=/api 
 headers={'User-Agent': 'python-requests/2.32.3', 'Accept-Encoding': 'gzip, deflate', 'Accept': '*/*', 'Connection': 'keep-alive'} 
 body=None 
 </msg>
<msg time="2024-07-27T08:17:32.943175" level="INFO">GET Response : url=https://randomuser.me/api 
 status=200, reason=OK 
 headers={'Date': 'Sat, 27 Jul 2024 08:17:32 GMT', 'Content-Type': 'application/json; charset=utf-8', 'Transfer-Encoding': 'chunked', 'Connection': 'keep-alive', 'X-Powered-By': 'Express', 'Access-Control-Allow-Origin': '*', 'Cache-Control': 'no-cache', 'ETag': 'W/"493-v4BX4FVU4Gm/bsQs7++oLwSaLgM"', 'Vary': 'Accept-Encoding', 'Content-Encoding': 'gzip', 'CF-Cache-Status': 'DYNAMIC', 'Report-To': '{"endpoints":[{"url":"https:\\/\\/a.nel.cloudflare.com\\/report\\/v4?s=UFiIlZpTrgZcfQKwq%2F6qbmLba6aRbVDo9K2vfQunbibh3PvAZnrXbtkoEWRVtWbkJ6MCVslZ9wffLEGfwDvM83TbhQ4I3dDjiZ7l%2F%2FwOLKZtSYf4bx%2Fv%2BTLnrMA%2BGGB4"}],"group":"cf-nel","max_age":604800}', 'NEL': '{"success_fraction":0,"report_to":"cf-nel","max_age":604800}', 'Server': 'cloudflare', 'CF-RAY': '8a9b31943f030262-ORD', 'alt-svc': 'h3=":443"; ma=86400'} 
 body={"results":[{"gender":"female","name":{"title":"Miss","first":"Nanna","last":"Pedersen"},"location":{"street":{"number":1188,"name":"Duevej"},"city":"Stokkemarke","state":"Nordjylland","country":"Denmark","postcode":50168,"coordinates":{"latitude":"-39.5398","longitude":"169.8587"},"timezone":{"offset":"+11:00","description":"Magadan, Solomon Islands, New Caledonia"}},"email":"nanna.pedersen@example.com","login":{"uuid":"bb1f12d8-7d75-42f2-adcd-4f5b1a4b6b0e","username":"ticklishfish967","password":"safari","salt":"1Etk8iy1","md5":"7ef1da3cad5dc7f92e27d3e704310360","sha1":"5b849494310b7fd860bb09e60a64b85b6b4686b3","sha256":"f2a540b71063a79fd2b1f3d6fdbe16612c05cc1e55906e7d7fa84b44ee2ad3b5"},"dob":{"date":"1963-05-07T08:15:03.892Z","age":61},"registered":{"date":"2016-06-27T20:01:48.897Z","age":8},"phone":"62646094","cell":"09731064","id":{"name":"CPR","value":"070563-4000"},"picture":{"large":"https://randomuser.me/api/portraits/women/9.jpg","medium":"https://randomuser.me/api/portraits/med/women/9.jpg","thumbnail":"https://randomuser.me/api/portraits/thumb/women/9.jpg"},"nat":"DK"}],"info":{"seed":"988795f6f989c66d","results":1,"page":1,"version":"1.4"}} 
 </msg>
<msg time="2024-07-27T08:17:32.943239" level="INFO">/opt/hostedtoolcache/Python/3.12.4/x64/lib/python3.12/site-packages/urllib3/connectionpool.py:1099: InsecureRequestWarning: Unverified HTTPS request is being made to host 'randomuser.me'. Adding certificate verification is strongly advised. See: https://urllib3.readthedocs.io/en/latest/advanced-usage.html#tls-warnings
  warnings.warn(</msg>
<msg time="2024-07-27T08:17:32.943339" level="INFO">${response} = &lt;Response [200]&gt;</msg>
<var>${response}</var>
<arg>consultarAPI</arg>
<arg>/api</arg>
<doc>Sends a GET request on a previously created HTTP Session.</doc>
<status status="PASS" start="2024-07-27T08:17:32.835636" elapsed="0.107740"/>
</kw>
<kw name="Set Variable" owner="BuiltIn">
<msg time="2024-07-27T08:17:32.944235" level="INFO">${json_data} = {'results': [{'gender': 'female', 'name': {'title': 'Miss', 'first': 'Nanna', 'last': 'Pedersen'}, 'location': {'street': {'number': 1188, 'name': 'Duevej'}, 'city': 'Stokkemarke', 'state': 'Nordjylla...</msg>
<var>${json_data}</var>
<arg>${response.json()}</arg>
<doc>Returns the given values which can then be assigned to a variables.</doc>
<status status="PASS" start="2024-07-27T08:17:32.943748" elapsed="0.000514"/>
</kw>
<kw name="Log" owner="BuiltIn">
<msg time="2024-07-27T08:17:32.944722" level="INFO">{'results': [{'gender': 'female', 'name': {'title': 'Miss', 'first': 'Nanna', 'last': 'Pedersen'}, 'location': {'street': {'number': 1188, 'name': 'Duevej'}, 'city': 'Stokkemarke', 'state': 'Nordjylland', 'country': 'Denmark', 'postcode': 50168, 'coordinates': {'latitude': '-39.5398', 'longitude': '169.8587'}, 'timezone': {'offset': '+11:00', 'description': 'Magadan, Solomon Islands, New Caledonia'}}, 'email': 'nanna.pedersen@example.com', 'login': {'uuid': 'bb1f12d8-7d75-42f2-adcd-4f5b1a4b6b0e', 'username': 'ticklishfish967', 'password': 'safari', 'salt': '1Etk8iy1', 'md5': '7ef1da3cad5dc7f92e27d3e704310360', 'sha1': '5b849494310b7fd860bb09e60a64b85b6b4686b3', 'sha256': 'f2a540b71063a79fd2b1f3d6fdbe16612c05cc1e55906e7d7fa84b44ee2ad3b5'}, 'dob': {'date': '1963-05-07T08:15:03.892Z', 'age': 61}, 'registered': {'date': '2016-06-27T20:01:48.897Z', 'age': 8}, 'phone': '62646094', 'cell': '09731064', 'id': {'name': 'CPR', 'value': '070563-4000'}, 'picture': {'large': 'https://randomuser.me/api/portraits/women/9.jpg', 'medium': 'https://randomuser.me/api/portraits/med/women/9.jpg', 'thumbnail': 'https://randomuser.me/api/portraits/thumb/women/9.jpg'}, 'nat': 'DK'}], 'info': {'seed': '988795f6f989c66d', 'results': 1, 'page': 1, 'version': '1.4'}}</msg>
<arg>${json_data}</arg>
<doc>Logs the given message with the given level.</doc>
<status status="PASS" start="2024-07-27T08:17:32.944569" elapsed="0.000198"/>
</kw>
<kw name="Should Be Equal As Numbers" owner="BuiltIn">
<arg>${json_data['results'][0]['location']['postcode']}</arg>
<arg>${json_data['results'][0]['location']['postcode']}</arg>
<doc>Fails if objects are unequal after converting them to real numbers.</doc>
<status status="PASS" start="2024-07-27T08:17:32.945062" elapsed="0.000612"/>
</kw>
<kw name="Log" owner="BuiltIn">
<msg time="2024-07-27T08:17:32.946202" level="INFO">50168</msg>
<arg>${json_data['results'][0]['location']['postcode']}</arg>
<doc>Logs the given message with the given level.</doc>
<status status="PASS" start="2024-07-27T08:17:32.945867" elapsed="0.000375"/>
</kw>
<status status="PASS" start="2024-07-27T08:17:32.835414" elapsed="0.111075"/>
</kw>
<doc>Testa se os tipos de dados na resposta da API estão corretos.</doc>
<tag>testeTiposDados</tag>
<status status="PASS" start="2024-07-27T08:17:32.769139" elapsed="0.177535"/>
</test>
<test id="s1-s1-t5" name="Validar conteudo" line="35">
<kw name="Teste de Tipos de Conteudo" owner="random-user-service">
<kw name="GET On Session" owner="RequestsLibrary">
<msg time="2024-07-27T08:17:33.036670" level="INFO">GET Request : url=https://randomuser.me/api 
 path_url=/api 
 headers={'User-Agent': 'python-requests/2.32.3', 'Accept-Encoding': 'gzip, deflate', 'Accept': '*/*', 'Connection': 'keep-alive'} 
 body=None 
 </msg>
<msg time="2024-07-27T08:17:33.036734" level="INFO">GET Response : url=https://randomuser.me/api 
 status=200, reason=OK 
 headers={'Date': 'Sat, 27 Jul 2024 08:17:33 GMT', 'Content-Type': 'application/json; charset=utf-8', 'Transfer-Encoding': 'chunked', 'Connection': 'keep-alive', 'X-Powered-By': 'Express', 'Access-Control-Allow-Origin': '*', 'Cache-Control': 'no-cache', 'ETag': 'W/"485-P5yU2cCh3CnL1tHxI47GeVz1RxY"', 'Vary': 'Accept-Encoding', 'Content-Encoding': 'gzip', 'CF-Cache-Status': 'DYNAMIC', 'Report-To': '{"endpoints":[{"url":"https:\\/\\/a.nel.cloudflare.com\\/report\\/v4?s=uC50gXXHuerhI20Q75DQnDlNjUIPDAzLOeF%2BudFSRsZt4URBpcOJ%2BkxlHiV7zOVF0ln%2BGnRv64Is%2BhDLVmGOdSd1F2RrNhG0IgYVA07XRZXZPV2TawPgOcLq9yxCalNE"}],"group":"cf-nel","max_age":604800}', 'NEL': '{"success_fraction":0,"report_to":"cf-nel","max_age":604800}', 'Server': 'cloudflare', 'CF-RAY': '8a9b3194ff880262-ORD', 'alt-svc': 'h3=":443"; ma=86400'} 
 body={"results":[{"gender":"male","name":{"title":"Mr","first":"Maël","last":"Guillot"},"location":{"street":{"number":3633,"name":"Rue du Bon-Pasteur"},"city":"Toulouse","state":"Corse-du-Sud","country":"France","postcode":75100,"coordinates":{"latitude":"-16.6212","longitude":"-31.0454"},"timezone":{"offset":"-10:00","description":"Hawaii"}},"email":"mael.guillot@example.com","login":{"uuid":"a615ce3b-4732-49b0-b237-0ecdb045553f","username":"brownladybug136","password":"brandy1","salt":"tBmiMSdS","md5":"b5cb1325c35ec423b91f241d1f0f7758","sha1":"d6c6d2a3e4277edb15ff2482242d69fc3db0d8b1","sha256":"ef1c4c5c0465a93d9535a680aa4655a872f62f9ac39f0a472ad9b493e3ea6f0c"},"dob":{"date":"1995-08-15T06:16:43.743Z","age":28},"registered":{"date":"2017-09-30T16:43:27.984Z","age":6},"phone":"04-02-33-32-95","cell":"06-78-78-36-41","id":{"name":"INSEE","value":"1950738686928 33"},"picture":{"large":"https://randomuser.me/api/portraits/men/82.jpg","medium":"https://randomuser.me/api/portraits/med/men/82.jpg","thumbnail":"https://randomuser.me/api/portraits/thumb/men/82.jpg"},"nat":"FR"}],"info":{"seed":"a3fc2b9f21c692bc","results":1,"page":1,"version":"1.4"}} 
 </msg>
<msg time="2024-07-27T08:17:33.036791" level="INFO">/opt/hostedtoolcache/Python/3.12.4/x64/lib/python3.12/site-packages/urllib3/connectionpool.py:1099: InsecureRequestWarning: Unverified HTTPS request is being made to host 'randomuser.me'. Adding certificate verification is strongly advised. See: https://urllib3.readthedocs.io/en/latest/advanced-usage.html#tls-warnings
  warnings.warn(</msg>
<msg time="2024-07-27T08:17:33.036874" level="INFO">${response} = &lt;Response [200]&gt;</msg>
<var>${response}</var>
<arg>consultarAPI</arg>
<arg>/api</arg>
<doc>Sends a GET request on a previously created HTTP Session.</doc>
<status status="PASS" start="2024-07-27T08:17:32.949440" elapsed="0.087462"/>
</kw>
<kw name="Set Variable" owner="BuiltIn">
<msg time="2024-07-27T08:17:33.037720" level="INFO">${json_data} = {'results': [{'gender': 'male', 'name': {'title': 'Mr', 'first': 'Maël', 'last': 'Guillot'}, 'location': {'street': {'number': 3633, 'name': 'Rue du Bon-Pasteur'}, 'city': 'Toulouse', 'state': 'Corse-...</msg>
<var>${json_data}</var>
<arg>${response.json()}</arg>
<doc>Returns the given values which can then be assigned to a variables.</doc>
<status status="PASS" start="2024-07-27T08:17:33.037278" elapsed="0.000471"/>
</kw>
<kw name="Set Variable" owner="BuiltIn">
<msg time="2024-07-27T08:17:33.038441" level="INFO">${name_title} = Mr</msg>
<var>${name_title}</var>
<arg>${json_data["results"][0]["name"]["title"]}</arg>
<doc>Returns the given values which can then be assigned to a variables.</doc>
<status status="PASS" start="2024-07-27T08:17:33.038054" elapsed="0.000415"/>
</kw>
<kw name="Create List" owner="BuiltIn">
<msg time="2024-07-27T08:17:33.038908" level="INFO">${allowed_titles} = ['Mr', 'Ms', 'Miss', 'Mrs', 'Madame', 'Monsieur']</msg>
<var>${allowed_titles}</var>
<arg>Mr</arg>
<arg>Ms</arg>
<arg>Miss</arg>
<arg>Mrs</arg>
<arg>Madame</arg>
<arg>Monsieur</arg>
<doc>Returns a list containing given items.</doc>
<status status="PASS" start="2024-07-27T08:17:33.038760" elapsed="0.000173"/>
</kw>
<kw name="List Should Contain Value" owner="Collections">
<arg>${allowed_titles}</arg>
<arg>${name_title}</arg>
<doc>Fails if the ``value`` is not found from ``list``.</doc>
<status status="PASS" start="2024-07-27T08:17:33.039225" elapsed="0.000168"/>
</kw>
<kw name="Set Variable" owner="BuiltIn">
<msg time="2024-07-27T08:17:33.039981" level="INFO">${name_country} = FR</msg>
<var>${name_country}</var>
<arg>${json_data["results"][0]["nat"]}</arg>
<doc>Returns the given values which can then be assigned to a variables.</doc>
<status status="PASS" start="2024-07-27T08:17:33.039574" elapsed="0.000437"/>
</kw>
<kw name="Create List" owner="BuiltIn">
<msg time="2024-07-27T08:17:33.040908" level="INFO">${list_country} = ['AD', 'AE', 'AF', 'AG', 'AI', 'AL', 'AM', 'AO', 'AQ', 'AR', 'AS', 'AT', 'AU', 'AW', 'AX', 'AZ', 'BA', 'BB', 'BD', 'BE', 'BF', 'BG', 'BH', 'BI', 'BJ', 'BL', 'BM', 'BN', 'BO', 'BQ', 'BR', 'BS', 'BT', '...</msg>
<var>${list_country}</var>
<arg>AD</arg>
<arg>AE</arg>
<arg>AF</arg>
<arg>AG</arg>
<arg>AI</arg>
<arg>AL</arg>
<arg>AM</arg>
<arg>AO</arg>
<arg>AQ</arg>
<arg>AR</arg>
<arg>AS</arg>
<arg>AT</arg>
<arg>AU</arg>
<arg>AW</arg>
<arg>AX</arg>
<arg>AZ</arg>
<arg>BA</arg>
<arg>BB</arg>
<arg>BD</arg>
<arg>BE</arg>
<arg>BF</arg>
<arg>BG</arg>
<arg>BH</arg>
<arg>BI</arg>
<arg>BJ</arg>
<arg>BL</arg>
<arg>BM</arg>
<arg>BN</arg>
<arg>BO</arg>
<arg>BQ</arg>
<arg>BR</arg>
<arg>BS</arg>
<arg>BT</arg>
<arg>BV</arg>
<arg>BW</arg>
<arg>BY</arg>
<arg>BZ</arg>
<arg>CA</arg>
<arg>CC</arg>
<arg>CD</arg>
<arg>CF</arg>
<arg>CG</arg>
<arg>CH</arg>
<arg>CI</arg>
<arg>CK</arg>
<arg>CL</arg>
<arg>CM</arg>
<arg>CN</arg>
<arg>CO</arg>
<arg>CR</arg>
<arg>CU</arg>
<arg>CV</arg>
<arg>CW</arg>
<arg>CX</arg>
<arg>CY</arg>
<arg>CZ</arg>
<arg>DE</arg>
<arg>DJ</arg>
<arg>DK</arg>
<arg>DM</arg>
<arg>DO</arg>
<arg>DZ</arg>
<arg>EC</arg>
<arg>EE</arg>
<arg>EG</arg>
<arg>EH</arg>
<arg>ER</arg>
<arg>ES</arg>
<arg>ET</arg>
<arg>FI</arg>
<arg>FJ</arg>
<arg>FK</arg>
<arg>FM</arg>
<arg>FO</arg>
<arg>FR</arg>
<arg>GA</arg>
<arg>GB</arg>
<arg>GD</arg>
<arg>GE</arg>
<arg>GF</arg>
<arg>GG</arg>
<arg>GH</arg>
<arg>GI</arg>
<arg>GL</arg>
<arg>GM</arg>
<arg>GN</arg>
<arg>GP</arg>
<arg>GQ</arg>
<arg>GR</arg>
<arg>GS</arg>
<arg>GT</arg>
<arg>GU</arg>
<arg>GW</arg>
<arg>GY</arg>
<arg>HK</arg>
<arg>HM</arg>
<arg>HN</arg>
<arg>HR</arg>
<arg>HT</arg>
<arg>HU</arg>
<arg>ID</arg>
<arg>IE</arg>
<arg>IL</arg>
<arg>IM</arg>
<arg>IN</arg>
<arg>IO</arg>
<arg>IQ</arg>
<arg>IR</arg>
<arg>IS</arg>
<arg>IT</arg>
<arg>JE</arg>
<arg>JM</arg>
<arg>JO</arg>
<arg>JP</arg>
<arg>KE</arg>
<arg>KG</arg>
<arg>KH</arg>
<arg>KI</arg>
<arg>KM</arg>
<arg>KN</arg>
<arg>KP</arg>
<arg>KR</arg>
<arg>KW</arg>
<arg>KY</arg>
<arg>KZ</arg>
<arg>LA</arg>
<arg>LB</arg>
<arg>LC</arg>
<arg>LI</arg>
<arg>LK</arg>
<arg>LR</arg>
<arg>LS</arg>
<arg>LT</arg>
<arg>LU</arg>
<arg>LV</arg>
<arg>LY</arg>
<arg>MA</arg>
<arg>MC</arg>
<arg>MD</arg>
<arg>ME</arg>
<arg>MF</arg>
<arg>MG</arg>
<arg>MH</arg>
<arg>MK</arg>
<arg>ML</arg>
<arg>MM</arg>
<arg>MN</arg>
<arg>MO</arg>
<arg>MP</arg>
<arg>MQ</arg>
<arg>MR</arg>
<arg>MS</arg>
<arg>MT</arg>
<arg>MU</arg>
<arg>MV</arg>
<arg>MW</arg>
<arg>MX</arg>
<arg>MY</arg>
<arg>MZ</arg>
<arg>NA</arg>
<arg>NC</arg>
<arg>NE</arg>
<arg>NF</arg>
<arg>NG</arg>
<arg>NI</arg>
<arg>NL</arg>
<arg>NO</arg>
<arg>NP</arg>
<arg>NR</arg>
<arg>NU</arg>
<arg>NZ</arg>
<arg>OM</arg>
<arg>PA</arg>
<arg>PE</arg>
<arg>PF</arg>
<arg>PG</arg>
<arg>PH</arg>
<arg>PK</arg>
<arg>PL</arg>
<arg>PM</arg>
<arg>PN</arg>
<arg>PR</arg>
<arg>PS</arg>
<arg>PT</arg>
<arg>PW</arg>
<arg>PY</arg>
<arg>QA</arg>
<arg>RE</arg>
<arg>RO</arg>
<arg>RS</arg>
<arg>RU</arg>
<arg>RW</arg>
<arg>SA</arg>
<arg>SB</arg>
<arg>SC</arg>
<arg>SD</arg>
<arg>SE</arg>
<arg>SG</arg>
<arg>SH</arg>
<arg>SI</arg>
<arg>SJ</arg>
<arg>SK</arg>
<arg>SL</arg>
<arg>SM</arg>
<arg>SN</arg>
<arg>SO</arg>
<arg>SR</arg>
<arg>SS</arg>
<arg>ST</arg>
<arg>SV</arg>
<arg>SX</arg>
<arg>SY</arg>
<arg>SZ</arg>
<arg>TC</arg>
<arg>TD</arg>
<arg>TF</arg>
<arg>TG</arg>
<arg>TH</arg>
<arg>TJ</arg>
<arg>TK</arg>
<arg>TL</arg>
<arg>TM</arg>
<arg>TN</arg>
<arg>TO</arg>
<arg>TR</arg>
<arg>TT</arg>
<arg>TV</arg>
<arg>TW</arg>
<arg>TZ</arg>
<arg>UA</arg>
<arg>UG</arg>
<arg>UM</arg>
<arg>US</arg>
<arg>UY</arg>
<arg>UZ</arg>
<arg>VA</arg>
<arg>VC</arg>
<arg>VE</arg>
<arg>VG</arg>
<arg>VI</arg>
<arg>VN</arg>
<arg>VU</arg>
<arg>WF</arg>
<arg>WS</arg>
<arg>XK</arg>
<arg>YE</arg>
<arg>YT</arg>
<arg>ZA</arg>
<arg>ZM</arg>
<arg>ZW</arg>
<doc>Returns a list containing given items.</doc>
<status status="PASS" start="2024-07-27T08:17:33.040313" elapsed="0.000621"/>
</kw>
<kw name="List Should Contain Value" owner="Collections">
<arg>${list_country}</arg>
<arg>${name_country}</arg>
<doc>Fails if the ``value`` is not found from ``list``.</doc>
<status status="PASS" start="2024-07-27T08:17:33.041860" elapsed="0.000207"/>
</kw>
<kw name="Run Keyword If" owner="BuiltIn">
<kw name="Should Be True" owner="BuiltIn">
<arg>${True}</arg>
<doc>Fails if the given condition is not true.</doc>
<status status="PASS" start="2024-07-27T08:17:33.042998" elapsed="0.000141"/>
</kw>
<arg>${json_data["results"][0]["location"]["coordinates"]["latitude"]} &gt;= -90 and ${json_data["results"][0]["location"]["coordinates"]["latitude"]} &lt;= 90</arg>
<arg>Should Be True</arg>
<arg>${True}</arg>
<doc>Runs the given keyword with the given arguments, if ``condition`` is true.</doc>
<status status="PASS" start="2024-07-27T08:17:33.042263" elapsed="0.001002"/>
</kw>
<kw name="Run Keyword If" owner="BuiltIn">
<kw name="Should Be True" owner="BuiltIn">
<arg>${True}</arg>
<doc>Fails if the given condition is not true.</doc>
<status status="PASS" start="2024-07-27T08:17:33.044197" elapsed="0.000139"/>
</kw>
<arg>${json_data["results"][0]["location"]["coordinates"]["longitude"]} &gt;= -180 and ${json_data["results"][0]["location"]["coordinates"]["longitude"]} &lt;= 180</arg>
<arg>Should Be True</arg>
<arg>${True}</arg>
<doc>Runs the given keyword with the given arguments, if ``condition`` is true.</doc>
<status status="PASS" start="2024-07-27T08:17:33.043445" elapsed="0.001014"/>
</kw>
<status status="PASS" start="2024-07-27T08:17:32.949078" elapsed="0.095507"/>
</kw>
<doc>Testa o conteúdo específico dos campos retornados pela API.</doc>
<tag>testeConteudo</tag>
<status status="PASS" start="2024-07-27T08:17:32.948427" elapsed="0.096297"/>
</test>
<status status="PASS" start="2024-07-27T08:17:32.004283" elapsed="1.042273"/>
</suite>
<status status="PASS" start="2024-07-27T08:17:31.990122" elapsed="1.061472"/>
</suite>
<statistics>
<total>
<stat pass="5" fail="0" skip="0">All Tests</stat>
</total>
<tag>
<stat pass="1" fail="0" skip="0">testeConteudo</stat>
<stat pass="1" fail="0" skip="0">testeEstruturaResposta</stat>
<stat pass="1" fail="0" skip="0">testeRequisicaoBasica</stat>
<stat pass="1" fail="0" skip="0">testeTiposDados</stat>
</tag>
<suite>
<stat pass="5" fail="0" skip="0" id="s1" name="Tests">Tests</stat>
<stat pass="5" fail="0" skip="0" id="s1-s1" name="Random-User-Test">Tests.Random-User-Test</stat>
</suite>
</statistics>
<errors>
</errors>
</robot>
