<?xml version="1.0" encoding="UTF-8"?>
<robot generator="Robot 7.0.1 (Python 3.12.4 on linux)" generated="2024-07-01T23:15:11.157280" rpa="false" schemaversion="5">
<suite id="s1" name="Tests" source="/home/runner/work/ApiRandomUser/ApiRandomUser/RamdonUser/tests">
<suite id="s1-s1" name="Random-User-Test" source="/home/runner/work/ApiRandomUser/ApiRandomUser/RamdonUser/tests/random-user-test.robot">
<test id="s1-s1-t1" name="Conectar" line="13">
<kw name="Conectar API" owner="random-user-service">
<kw name="Create Session" owner="RequestsLibrary">
<msg time="2024-07-01T23:15:11.562457" level="INFO">Creating Session using : alias=consultarAPI, url=https://randomuser.me/, headers={},                     cookies={}, auth=None, timeout=None, proxies=None, verify=False,                     debug=0 </msg>
<arg>consultarAPI</arg>
<arg>${URL}</arg>
<doc>Create Session: create a HTTP session to a server</doc>
<status status="PASS" start="2024-07-01T23:15:11.562245" elapsed="0.000404"/>
</kw>
<status status="PASS" start="2024-07-01T23:15:11.561249" elapsed="0.001773"/>
</kw>
<status status="PASS" start="2024-07-01T23:15:11.560600" elapsed="0.002619"/>
</test>
<test id="s1-s1-t2" name="Validar retorno 200 e JSON Válido" line="16">
<kw name="Teste de Requisicao Basica" owner="random-user-service">
<kw name="GET On Session" owner="RequestsLibrary">
<msg time="2024-07-01T23:15:11.811396" level="INFO">GET Request : url=https://randomuser.me/api 
 path_url=/api 
 headers={'User-Agent': 'python-requests/2.32.3', 'Accept-Encoding': 'gzip, deflate', 'Accept': '*/*', 'Connection': 'keep-alive'} 
 body=None 
 </msg>
<msg time="2024-07-01T23:15:11.811534" level="INFO">GET Response : url=https://randomuser.me/api 
 status=200, reason=OK 
 headers={'Date': 'Mon, 01 Jul 2024 23:15:11 GMT', 'Content-Type': 'application/json; charset=utf-8', 'Transfer-Encoding': 'chunked', 'Connection': 'keep-alive', 'X-Powered-By': 'Express', 'Access-Control-Allow-Origin': '*', 'Cache-Control': 'no-cache', 'ETag': 'W/"47f-VrJ/uwBZbsDhZc+eqLu9qDeSXXo"', 'Vary': 'Accept-Encoding', 'Content-Encoding': 'gzip', 'CF-Cache-Status': 'DYNAMIC', 'Report-To': '{"endpoints":[{"url":"https:\\/\\/a.nel.cloudflare.com\\/report\\/v4?s=pNL3wb8C0GgX2cScZKCkLrtV3E6IWjoWu7RZv%2BPwiiykGdhRyYGAQniO1lvtNS5sQa5cXkyy4G1bkBiHXvnB5zg0DMvmI%2FzJGMZY%2BaQHtCUsOSfJS5a8ft5FDdNmKwn9"}],"group":"cf-nel","max_age":604800}', 'NEL': '{"success_fraction":0,"report_to":"cf-nel","max_age":604800}', 'Server': 'cloudflare', 'CF-RAY': '89ca18be88f786ed-ORD', 'alt-svc': 'h3=":443"; ma=86400'} 
 body={"results":[{"gender":"male","name":{"title":"Mr","first":"Anton","last":"Kari"},"location":{"street":{"number":4223,"name":"Korkeavuorenkatu"},"city":"Konnevesi","state":"Northern Savonia","country":"Finland","postcode":26357,"coordinates":{"latitude":"-29.1139","longitude":"-43.3873"},"timezone":{"offset":"+5:45","description":"Kathmandu"}},"email":"anton.kari@example.com","login":{"uuid":"14b65562-ba4a-4829-a470-3f55f9cecb23","username":"heavybear322","password":"coolman","salt":"RPsNFkMM","md5":"5670de31c983a23618c85d9f11012c2a","sha1":"72bc8ca80b311535cf9fc22e90defd7f860662aa","sha256":"2d012c1b98cd3125e6a3439118ca05b9759b29ee0dc6eecdedc10fa0da5eeafe"},"dob":{"date":"2001-02-08T09:45:59.929Z","age":23},"registered":{"date":"2009-01-26T15:24:23.887Z","age":15},"phone":"09-679-771","cell":"042-470-82-07","id":{"name":"HETU","value":"NaNNA111undefined"},"picture":{"large":"https://randomuser.me/api/portraits/men/36.jpg","medium":"https://randomuser.me/api/portraits/med/men/36.jpg","thumbnail":"https://randomuser.me/api/portraits/thumb/men/36.jpg"},"nat":"FI"}],"info":{"seed":"21abae2bd1ee40dc","results":1,"page":1,"version":"1.4"}} 
 </msg>
<msg time="2024-07-01T23:15:11.811617" level="INFO">/opt/hostedtoolcache/Python/3.12.4/x64/lib/python3.12/site-packages/urllib3/connectionpool.py:1099: InsecureRequestWarning: Unverified HTTPS request is being made to host 'randomuser.me'. Adding certificate verification is strongly advised. See: https://urllib3.readthedocs.io/en/latest/advanced-usage.html#tls-warnings
  warnings.warn(</msg>
<msg time="2024-07-01T23:15:11.811770" level="INFO">${response} = &lt;Response [200]&gt;</msg>
<var>${response}</var>
<arg>consultarAPI</arg>
<arg>/api</arg>
<doc>Sends a GET request on a previously created HTTP Session.</doc>
<status status="PASS" start="2024-07-01T23:15:11.566008" elapsed="0.245802"/>
</kw>
<kw name="Should Be Equal As Numbers" owner="BuiltIn">
<msg time="2024-07-01T23:15:11.812788" level="INFO">Argument types are:
&lt;class 'int'&gt;
&lt;class 'str'&gt;</msg>
<arg>${response.status_code}</arg>
<arg>200</arg>
<doc>Fails if objects are unequal after converting them to real numbers.</doc>
<status status="PASS" start="2024-07-01T23:15:11.812339" elapsed="0.000514"/>
</kw>
<kw name="Log" owner="BuiltIn">
<msg time="2024-07-01T23:15:11.813508" level="INFO">200</msg>
<arg>${response.status_code}</arg>
<doc>Logs the given message with the given level.</doc>
<status status="PASS" start="2024-07-01T23:15:11.813162" elapsed="0.000388"/>
</kw>
<kw name="Set Variable" owner="BuiltIn">
<msg time="2024-07-01T23:15:11.814277" level="INFO">${json_data} = {'results': [{'gender': 'male', 'name': {'title': 'Mr', 'first': 'Anton', 'last': 'Kari'}, 'location': {'street': {'number': 4223, 'name': 'Korkeavuorenkatu'}, 'city': 'Konnevesi', 'state': 'Northern ...</msg>
<var>${json_data}</var>
<arg>${response.json()}</arg>
<doc>Returns the given values which can then be assigned to a variables.</doc>
<status status="PASS" start="2024-07-01T23:15:11.813847" elapsed="0.000458"/>
</kw>
<kw name="Dictionary Should Contain Key" owner="Collections">
<arg>${json_data}</arg>
<arg>results</arg>
<doc>Fails if ``key`` is not found from ``dictionary``.</doc>
<status status="PASS" start="2024-07-01T23:15:11.814621" elapsed="0.000164"/>
</kw>
<status status="PASS" start="2024-07-01T23:15:11.565752" elapsed="0.249178"/>
</kw>
<doc>Testa se a API responde corretamente e retorna um objeto JSON válido.</doc>
<tag>testeRequisicaoBasica</tag>
<status status="PASS" start="2024-07-01T23:15:11.565179" elapsed="0.249922"/>
</test>
<test id="s1-s1-t3" name="Validar estrutura de resposta" line="22">
<kw name="Teste de Estrutura de Resposta" owner="random-user-service">
<kw name="GET On Session" owner="RequestsLibrary">
<msg time="2024-07-01T23:15:11.916390" level="INFO">GET Request : url=https://randomuser.me/api 
 path_url=/api 
 headers={'User-Agent': 'python-requests/2.32.3', 'Accept-Encoding': 'gzip, deflate', 'Accept': '*/*', 'Connection': 'keep-alive'} 
 body=None 
 </msg>
<msg time="2024-07-01T23:15:11.916467" level="INFO">GET Response : url=https://randomuser.me/api 
 status=200, reason=OK 
 headers={'Date': 'Mon, 01 Jul 2024 23:15:11 GMT', 'Content-Type': 'application/json; charset=utf-8', 'Transfer-Encoding': 'chunked', 'Connection': 'keep-alive', 'X-Powered-By': 'Express', 'Access-Control-Allow-Origin': '*', 'Cache-Control': 'no-cache', 'ETag': 'W/"4a1-OU49jhqONZy0aY30o2V3s0v6XlU"', 'Vary': 'Accept-Encoding', 'Content-Encoding': 'gzip', 'CF-Cache-Status': 'DYNAMIC', 'Report-To': '{"endpoints":[{"url":"https:\\/\\/a.nel.cloudflare.com\\/report\\/v4?s=Yo7ISb6a%2FIGBeTHFYOppLGqnIluBfqUB%2B3UdVVxyNglK5Ip2RRFZe178ls7EsJa6EEyT7WHLxe39aUCWisBT8tepFSXZMbgVQkQyD7wWvhivpDz9AKHwS1dcgogfmbFF"}],"group":"cf-nel","max_age":604800}', 'NEL': '{"success_fraction":0,"report_to":"cf-nel","max_age":604800}', 'Server': 'cloudflare', 'CF-RAY': '89ca18bed96f86ed-ORD', 'alt-svc': 'h3=":443"; ma=86400'} 
 body={"results":[{"gender":"male","name":{"title":"Mr","first":"Elzo","last":"Araújo"},"location":{"street":{"number":5678,"name":"Rua Santos Dumont "},"city":"Itaboraí","state":"Pernambuco","country":"Brazil","postcode":23627,"coordinates":{"latitude":"-79.9062","longitude":"-87.2844"},"timezone":{"offset":"0:00","description":"Western Europe Time, London, Lisbon, Casablanca"}},"email":"elzo.araujo@example.com","login":{"uuid":"5079b6a2-44d8-4822-962b-f1b237e19ae1","username":"bluepanda976","password":"hiking","salt":"rq2FGkig","md5":"9a6912f424f2138e7c3abd562377c8c7","sha1":"701c370fcd6336fcce3b34d1f532ab869d52b586","sha256":"1598fae2f1eb0ecf39f048cf38d339bb7d5e8edb470160acd46ecc282f21ec83"},"dob":{"date":"1948-03-16T09:19:36.129Z","age":76},"registered":{"date":"2016-11-01T14:46:40.114Z","age":7},"phone":"(24) 9156-9036","cell":"(17) 7399-7554","id":{"name":"CPF","value":"846.899.396-21"},"picture":{"large":"https://randomuser.me/api/portraits/men/15.jpg","medium":"https://randomuser.me/api/portraits/med/men/15.jpg","thumbnail":"https://randomuser.me/api/portraits/thumb/men/15.jpg"},"nat":"BR"}],"info":{"seed":"7d9aab697ca207a9","results":1,"page":1,"version":"1.4"}} 
 </msg>
<msg time="2024-07-01T23:15:11.916575" level="INFO">/opt/hostedtoolcache/Python/3.12.4/x64/lib/python3.12/site-packages/urllib3/connectionpool.py:1099: InsecureRequestWarning: Unverified HTTPS request is being made to host 'randomuser.me'. Adding certificate verification is strongly advised. See: https://urllib3.readthedocs.io/en/latest/advanced-usage.html#tls-warnings
  warnings.warn(</msg>
<msg time="2024-07-01T23:15:11.916700" level="INFO">${response} = &lt;Response [200]&gt;</msg>
<var>${response}</var>
<arg>consultarAPI</arg>
<arg>/api</arg>
<doc>Sends a GET request on a previously created HTTP Session.</doc>
<status status="PASS" start="2024-07-01T23:15:11.817822" elapsed="0.098919"/>
</kw>
<kw name="Set Variable" owner="BuiltIn">
<msg time="2024-07-01T23:15:11.917799" level="INFO">${json_data} = {'results': [{'gender': 'male', 'name': {'title': 'Mr', 'first': 'Elzo', 'last': 'Araújo'}, 'location': {'street': {'number': 5678, 'name': 'Rua Santos Dumont '}, 'city': 'Itaboraí', 'state': 'Pernamb...</msg>
<var>${json_data}</var>
<arg>${response.json()}</arg>
<doc>Returns the given values which can then be assigned to a variables.</doc>
<status status="PASS" start="2024-07-01T23:15:11.917242" elapsed="0.000587"/>
</kw>
<kw name="Log" owner="BuiltIn">
<msg time="2024-07-01T23:15:11.918299" level="INFO">{'results': [{'gender': 'male', 'name': {'title': 'Mr', 'first': 'Elzo', 'last': 'Araújo'}, 'location': {'street': {'number': 5678, 'name': 'Rua Santos Dumont '}, 'city': 'Itaboraí', 'state': 'Pernambuco', 'country': 'Brazil', 'postcode': 23627, 'coordinates': {'latitude': '-79.9062', 'longitude': '-87.2844'}, 'timezone': {'offset': '0:00', 'description': 'Western Europe Time, London, Lisbon, Casablanca'}}, 'email': 'elzo.araujo@example.com', 'login': {'uuid': '5079b6a2-44d8-4822-962b-f1b237e19ae1', 'username': 'bluepanda976', 'password': 'hiking', 'salt': 'rq2FGkig', 'md5': '9a6912f424f2138e7c3abd562377c8c7', 'sha1': '701c370fcd6336fcce3b34d1f532ab869d52b586', 'sha256': '1598fae2f1eb0ecf39f048cf38d339bb7d5e8edb470160acd46ecc282f21ec83'}, 'dob': {'date': '1948-03-16T09:19:36.129Z', 'age': 76}, 'registered': {'date': '2016-11-01T14:46:40.114Z', 'age': 7}, 'phone': '(24) 9156-9036', 'cell': '(17) 7399-7554', 'id': {'name': 'CPF', 'value': '846.899.396-21'}, 'picture': {'large': 'https://randomuser.me/api/portraits/men/15.jpg', 'medium': 'https://randomuser.me/api/portraits/med/men/15.jpg', 'thumbnail': 'https://randomuser.me/api/portraits/thumb/men/15.jpg'}, 'nat': 'BR'}], 'info': {'seed': '7d9aab697ca207a9', 'results': 1, 'page': 1, 'version': '1.4'}}</msg>
<arg>${json_data}</arg>
<doc>Logs the given message with the given level.</doc>
<status status="PASS" start="2024-07-01T23:15:11.918138" elapsed="0.000209"/>
</kw>
<kw name="Dictionary Should Contain Key" owner="Collections">
<arg>${json_data}</arg>
<arg>results</arg>
<doc>Fails if ``key`` is not found from ``dictionary``.</doc>
<status status="PASS" start="2024-07-01T23:15:11.918639" elapsed="0.000155"/>
</kw>
<kw name="Should Not Be Empty" owner="BuiltIn">
<msg time="2024-07-01T23:15:11.919108" level="INFO">Length is 2.</msg>
<arg>${json_data}</arg>
<doc>Verifies that the given item is not empty.</doc>
<status status="PASS" start="2024-07-01T23:15:11.918978" elapsed="0.000168"/>
</kw>
<kw name="Create List" owner="BuiltIn">
<msg time="2024-07-01T23:15:11.919720" level="INFO">${expected_keys} = ['gender', 'name', 'location', 'email', 'login']</msg>
<var>${expected_keys}</var>
<arg>gender</arg>
<arg>name</arg>
<arg>location</arg>
<arg>email</arg>
<arg>login</arg>
<doc>Returns a list containing given items.</doc>
<status status="PASS" start="2024-07-01T23:15:11.919436" elapsed="0.000309"/>
</kw>
<for flavor="IN">
<iter>
<kw name="Dictionary Should Contain Key" owner="Collections">
<arg>${json_data['results'][0]}</arg>
<arg>${key}</arg>
<doc>Fails if ``key`` is not found from ``dictionary``.</doc>
<status status="PASS" start="2024-07-01T23:15:11.920387" elapsed="0.000392"/>
</kw>
<kw name="Log" owner="BuiltIn">
<msg time="2024-07-01T23:15:11.921331" level="INFO">{'gender': 'male', 'name': {'title': 'Mr', 'first': 'Elzo', 'last': 'Araújo'}, 'location': {'street': {'number': 5678, 'name': 'Rua Santos Dumont '}, 'city': 'Itaboraí', 'state': 'Pernambuco', 'country': 'Brazil', 'postcode': 23627, 'coordinates': {'latitude': '-79.9062', 'longitude': '-87.2844'}, 'timezone': {'offset': '0:00', 'description': 'Western Europe Time, London, Lisbon, Casablanca'}}, 'email': 'elzo.araujo@example.com', 'login': {'uuid': '5079b6a2-44d8-4822-962b-f1b237e19ae1', 'username': 'bluepanda976', 'password': 'hiking', 'salt': 'rq2FGkig', 'md5': '9a6912f424f2138e7c3abd562377c8c7', 'sha1': '701c370fcd6336fcce3b34d1f532ab869d52b586', 'sha256': '1598fae2f1eb0ecf39f048cf38d339bb7d5e8edb470160acd46ecc282f21ec83'}, 'dob': {'date': '1948-03-16T09:19:36.129Z', 'age': 76}, 'registered': {'date': '2016-11-01T14:46:40.114Z', 'age': 7}, 'phone': '(24) 9156-9036', 'cell': '(17) 7399-7554', 'id': {'name': 'CPF', 'value': '846.899.396-21'}, 'picture': {'large': 'https://randomuser.me/api/portraits/men/15.jpg', 'medium': 'https://randomuser.me/api/portraits/med/men/15.jpg', 'thumbnail': 'https://randomuser.me/api/portraits/thumb/men/15.jpg'}, 'nat': 'BR'}</msg>
<arg>${json_data['results'][0]}</arg>
<doc>Logs the given message with the given level.</doc>
<status status="PASS" start="2024-07-01T23:15:11.920965" elapsed="0.000416"/>
</kw>
<kw name="Log" owner="BuiltIn">
<msg time="2024-07-01T23:15:11.921810" level="INFO">gender</msg>
<arg>${key}</arg>
<doc>Logs the given message with the given level.</doc>
<status status="PASS" start="2024-07-01T23:15:11.921682" elapsed="0.000166"/>
</kw>
<var name="${key}">gender</var>
<status status="PASS" start="2024-07-01T23:15:11.920255" elapsed="0.001807"/>
</iter>
<iter>
<kw name="Dictionary Should Contain Key" owner="Collections">
<arg>${json_data['results'][0]}</arg>
<arg>${key}</arg>
<doc>Fails if ``key`` is not found from ``dictionary``.</doc>
<status status="PASS" start="2024-07-01T23:15:11.922354" elapsed="0.000393"/>
</kw>
<kw name="Log" owner="BuiltIn">
<msg time="2024-07-01T23:15:11.923328" level="INFO">{'gender': 'male', 'name': {'title': 'Mr', 'first': 'Elzo', 'last': 'Araújo'}, 'location': {'street': {'number': 5678, 'name': 'Rua Santos Dumont '}, 'city': 'Itaboraí', 'state': 'Pernambuco', 'country': 'Brazil', 'postcode': 23627, 'coordinates': {'latitude': '-79.9062', 'longitude': '-87.2844'}, 'timezone': {'offset': '0:00', 'description': 'Western Europe Time, London, Lisbon, Casablanca'}}, 'email': 'elzo.araujo@example.com', 'login': {'uuid': '5079b6a2-44d8-4822-962b-f1b237e19ae1', 'username': 'bluepanda976', 'password': 'hiking', 'salt': 'rq2FGkig', 'md5': '9a6912f424f2138e7c3abd562377c8c7', 'sha1': '701c370fcd6336fcce3b34d1f532ab869d52b586', 'sha256': '1598fae2f1eb0ecf39f048cf38d339bb7d5e8edb470160acd46ecc282f21ec83'}, 'dob': {'date': '1948-03-16T09:19:36.129Z', 'age': 76}, 'registered': {'date': '2016-11-01T14:46:40.114Z', 'age': 7}, 'phone': '(24) 9156-9036', 'cell': '(17) 7399-7554', 'id': {'name': 'CPF', 'value': '846.899.396-21'}, 'picture': {'large': 'https://randomuser.me/api/portraits/men/15.jpg', 'medium': 'https://randomuser.me/api/portraits/med/men/15.jpg', 'thumbnail': 'https://randomuser.me/api/portraits/thumb/men/15.jpg'}, 'nat': 'BR'}</msg>
<arg>${json_data['results'][0]}</arg>
<doc>Logs the given message with the given level.</doc>
<status status="PASS" start="2024-07-01T23:15:11.922928" elapsed="0.000449"/>
</kw>
<kw name="Log" owner="BuiltIn">
<msg time="2024-07-01T23:15:11.923802" level="INFO">name</msg>
<arg>${key}</arg>
<doc>Logs the given message with the given level.</doc>
<status status="PASS" start="2024-07-01T23:15:11.923674" elapsed="0.000165"/>
</kw>
<var name="${key}">name</var>
<status status="PASS" start="2024-07-01T23:15:11.922243" elapsed="0.001853"/>
</iter>
<iter>
<kw name="Dictionary Should Contain Key" owner="Collections">
<arg>${json_data['results'][0]}</arg>
<arg>${key}</arg>
<doc>Fails if ``key`` is not found from ``dictionary``.</doc>
<status status="PASS" start="2024-07-01T23:15:11.924406" elapsed="0.000393"/>
</kw>
<kw name="Log" owner="BuiltIn">
<msg time="2024-07-01T23:15:11.925339" level="INFO">{'gender': 'male', 'name': {'title': 'Mr', 'first': 'Elzo', 'last': 'Araújo'}, 'location': {'street': {'number': 5678, 'name': 'Rua Santos Dumont '}, 'city': 'Itaboraí', 'state': 'Pernambuco', 'country': 'Brazil', 'postcode': 23627, 'coordinates': {'latitude': '-79.9062', 'longitude': '-87.2844'}, 'timezone': {'offset': '0:00', 'description': 'Western Europe Time, London, Lisbon, Casablanca'}}, 'email': 'elzo.araujo@example.com', 'login': {'uuid': '5079b6a2-44d8-4822-962b-f1b237e19ae1', 'username': 'bluepanda976', 'password': 'hiking', 'salt': 'rq2FGkig', 'md5': '9a6912f424f2138e7c3abd562377c8c7', 'sha1': '701c370fcd6336fcce3b34d1f532ab869d52b586', 'sha256': '1598fae2f1eb0ecf39f048cf38d339bb7d5e8edb470160acd46ecc282f21ec83'}, 'dob': {'date': '1948-03-16T09:19:36.129Z', 'age': 76}, 'registered': {'date': '2016-11-01T14:46:40.114Z', 'age': 7}, 'phone': '(24) 9156-9036', 'cell': '(17) 7399-7554', 'id': {'name': 'CPF', 'value': '846.899.396-21'}, 'picture': {'large': 'https://randomuser.me/api/portraits/men/15.jpg', 'medium': 'https://randomuser.me/api/portraits/med/men/15.jpg', 'thumbnail': 'https://randomuser.me/api/portraits/thumb/men/15.jpg'}, 'nat': 'BR'}</msg>
<arg>${json_data['results'][0]}</arg>
<doc>Logs the given message with the given level.</doc>
<status status="PASS" start="2024-07-01T23:15:11.924979" elapsed="0.000410"/>
</kw>
<kw name="Log" owner="BuiltIn">
<msg time="2024-07-01T23:15:11.925814" level="INFO">location</msg>
<arg>${key}</arg>
<doc>Logs the given message with the given level.</doc>
<status status="PASS" start="2024-07-01T23:15:11.925688" elapsed="0.000162"/>
</kw>
<var name="${key}">location</var>
<status status="PASS" start="2024-07-01T23:15:11.924277" elapsed="0.001786"/>
</iter>
<iter>
<kw name="Dictionary Should Contain Key" owner="Collections">
<arg>${json_data['results'][0]}</arg>
<arg>${key}</arg>
<doc>Fails if ``key`` is not found from ``dictionary``.</doc>
<status status="PASS" start="2024-07-01T23:15:11.926339" elapsed="0.000385"/>
</kw>
<kw name="Log" owner="BuiltIn">
<msg time="2024-07-01T23:15:11.927274" level="INFO">{'gender': 'male', 'name': {'title': 'Mr', 'first': 'Elzo', 'last': 'Araújo'}, 'location': {'street': {'number': 5678, 'name': 'Rua Santos Dumont '}, 'city': 'Itaboraí', 'state': 'Pernambuco', 'country': 'Brazil', 'postcode': 23627, 'coordinates': {'latitude': '-79.9062', 'longitude': '-87.2844'}, 'timezone': {'offset': '0:00', 'description': 'Western Europe Time, London, Lisbon, Casablanca'}}, 'email': 'elzo.araujo@example.com', 'login': {'uuid': '5079b6a2-44d8-4822-962b-f1b237e19ae1', 'username': 'bluepanda976', 'password': 'hiking', 'salt': 'rq2FGkig', 'md5': '9a6912f424f2138e7c3abd562377c8c7', 'sha1': '701c370fcd6336fcce3b34d1f532ab869d52b586', 'sha256': '1598fae2f1eb0ecf39f048cf38d339bb7d5e8edb470160acd46ecc282f21ec83'}, 'dob': {'date': '1948-03-16T09:19:36.129Z', 'age': 76}, 'registered': {'date': '2016-11-01T14:46:40.114Z', 'age': 7}, 'phone': '(24) 9156-9036', 'cell': '(17) 7399-7554', 'id': {'name': 'CPF', 'value': '846.899.396-21'}, 'picture': {'large': 'https://randomuser.me/api/portraits/men/15.jpg', 'medium': 'https://randomuser.me/api/portraits/med/men/15.jpg', 'thumbnail': 'https://randomuser.me/api/portraits/thumb/men/15.jpg'}, 'nat': 'BR'}</msg>
<arg>${json_data['results'][0]}</arg>
<doc>Logs the given message with the given level.</doc>
<status status="PASS" start="2024-07-01T23:15:11.926922" elapsed="0.000399"/>
</kw>
<kw name="Log" owner="BuiltIn">
<msg time="2024-07-01T23:15:11.927735" level="INFO">email</msg>
<arg>${key}</arg>
<doc>Logs the given message with the given level.</doc>
<status status="PASS" start="2024-07-01T23:15:11.927611" elapsed="0.000163"/>
</kw>
<var name="${key}">email</var>
<status status="PASS" start="2024-07-01T23:15:11.926232" elapsed="0.001777"/>
</iter>
<iter>
<kw name="Dictionary Should Contain Key" owner="Collections">
<arg>${json_data['results'][0]}</arg>
<arg>${key}</arg>
<doc>Fails if ``key`` is not found from ``dictionary``.</doc>
<status status="PASS" start="2024-07-01T23:15:11.928301" elapsed="0.000382"/>
</kw>
<kw name="Log" owner="BuiltIn">
<msg time="2024-07-01T23:15:11.929228" level="INFO">{'gender': 'male', 'name': {'title': 'Mr', 'first': 'Elzo', 'last': 'Araújo'}, 'location': {'street': {'number': 5678, 'name': 'Rua Santos Dumont '}, 'city': 'Itaboraí', 'state': 'Pernambuco', 'country': 'Brazil', 'postcode': 23627, 'coordinates': {'latitude': '-79.9062', 'longitude': '-87.2844'}, 'timezone': {'offset': '0:00', 'description': 'Western Europe Time, London, Lisbon, Casablanca'}}, 'email': 'elzo.araujo@example.com', 'login': {'uuid': '5079b6a2-44d8-4822-962b-f1b237e19ae1', 'username': 'bluepanda976', 'password': 'hiking', 'salt': 'rq2FGkig', 'md5': '9a6912f424f2138e7c3abd562377c8c7', 'sha1': '701c370fcd6336fcce3b34d1f532ab869d52b586', 'sha256': '1598fae2f1eb0ecf39f048cf38d339bb7d5e8edb470160acd46ecc282f21ec83'}, 'dob': {'date': '1948-03-16T09:19:36.129Z', 'age': 76}, 'registered': {'date': '2016-11-01T14:46:40.114Z', 'age': 7}, 'phone': '(24) 9156-9036', 'cell': '(17) 7399-7554', 'id': {'name': 'CPF', 'value': '846.899.396-21'}, 'picture': {'large': 'https://randomuser.me/api/portraits/men/15.jpg', 'medium': 'https://randomuser.me/api/portraits/med/men/15.jpg', 'thumbnail': 'https://randomuser.me/api/portraits/thumb/men/15.jpg'}, 'nat': 'BR'}</msg>
<arg>${json_data['results'][0]}</arg>
<doc>Logs the given message with the given level.</doc>
<status status="PASS" start="2024-07-01T23:15:11.928862" elapsed="0.000414"/>
</kw>
<kw name="Log" owner="BuiltIn">
<msg time="2024-07-01T23:15:11.929692" level="INFO">login</msg>
<arg>${key}</arg>
<doc>Logs the given message with the given level.</doc>
<status status="PASS" start="2024-07-01T23:15:11.929566" elapsed="0.000162"/>
</kw>
<var name="${key}">login</var>
<status status="PASS" start="2024-07-01T23:15:11.928185" elapsed="0.001756"/>
</iter>
<var>${key}</var>
<value>@{expected_keys}</value>
<status status="PASS" start="2024-07-01T23:15:11.920051" elapsed="0.010010"/>
</for>
<kw name="Create List" owner="BuiltIn">
<msg time="2024-07-01T23:15:11.930419" level="INFO">${expected_keysTwo} = ['username', 'password']</msg>
<var>${expected_keysTwo}</var>
<arg>username</arg>
<arg>password</arg>
<doc>Returns a list containing given items.</doc>
<status status="PASS" start="2024-07-01T23:15:11.930276" elapsed="0.000167"/>
</kw>
<for flavor="IN">
<iter>
<kw name="Dictionary Should Contain Key" owner="Collections">
<arg>${json_data['results'][0]['login']}</arg>
<arg>${keyTwo}</arg>
<doc>Fails if ``key`` is not found from ``dictionary``.</doc>
<status status="PASS" start="2024-07-01T23:15:11.930931" elapsed="0.000388"/>
</kw>
<kw name="Dictionary Should Contain Key" owner="Collections">
<arg>${json_data['results'][0]['login']}</arg>
<arg>${keyTwo}</arg>
<doc>Fails if ``key`` is not found from ``dictionary``.</doc>
<status status="PASS" start="2024-07-01T23:15:11.931499" elapsed="0.000370"/>
</kw>
<kw name="Log" owner="BuiltIn">
<msg time="2024-07-01T23:15:11.932196" level="INFO">username</msg>
<arg>${keyTwo}</arg>
<doc>Logs the given message with the given level.</doc>
<status status="PASS" start="2024-07-01T23:15:11.932075" elapsed="0.000157"/>
</kw>
<var name="${keyTwo}">username</var>
<status status="PASS" start="2024-07-01T23:15:11.930826" elapsed="0.001626"/>
</iter>
<iter>
<kw name="Dictionary Should Contain Key" owner="Collections">
<arg>${json_data['results'][0]['login']}</arg>
<arg>${keyTwo}</arg>
<doc>Fails if ``key`` is not found from ``dictionary``.</doc>
<status status="PASS" start="2024-07-01T23:15:11.932724" elapsed="0.000378"/>
</kw>
<kw name="Dictionary Should Contain Key" owner="Collections">
<arg>${json_data['results'][0]['login']}</arg>
<arg>${keyTwo}</arg>
<doc>Fails if ``key`` is not found from ``dictionary``.</doc>
<status status="PASS" start="2024-07-01T23:15:11.933278" elapsed="0.000369"/>
</kw>
<kw name="Log" owner="BuiltIn">
<msg time="2024-07-01T23:15:11.933935" level="INFO">password</msg>
<arg>${keyTwo}</arg>
<doc>Logs the given message with the given level.</doc>
<status status="PASS" start="2024-07-01T23:15:11.933818" elapsed="0.000157"/>
</kw>
<var name="${keyTwo}">password</var>
<status status="PASS" start="2024-07-01T23:15:11.932620" elapsed="0.001683"/>
</iter>
<var>${keyTwo}</var>
<value>@{expected_keysTwo}</value>
<status status="PASS" start="2024-07-01T23:15:11.930675" elapsed="0.003758"/>
</for>
<status status="PASS" start="2024-07-01T23:15:11.817589" elapsed="0.116982"/>
</kw>
<doc>Testa a estrutura da resposta da API.</doc>
<tag>testeEstruturaResposta</tag>
<status status="PASS" start="2024-07-01T23:15:11.816997" elapsed="0.117729"/>
</test>
<test id="s1-s1-t4" name="Validar tipos de dados" line="28">
<kw name="Teste de Tipos de Dados" owner="random-user-service">
<kw name="GET On Session" owner="RequestsLibrary">
<msg time="2024-07-01T23:15:12.014625" level="INFO">GET Request : url=https://randomuser.me/api 
 path_url=/api 
 headers={'User-Agent': 'python-requests/2.32.3', 'Accept-Encoding': 'gzip, deflate', 'Accept': '*/*', 'Connection': 'keep-alive'} 
 body=None 
 </msg>
<msg time="2024-07-01T23:15:12.014704" level="INFO">GET Response : url=https://randomuser.me/api 
 status=200, reason=OK 
 headers={'Date': 'Mon, 01 Jul 2024 23:15:12 GMT', 'Content-Type': 'application/json; charset=utf-8', 'Transfer-Encoding': 'chunked', 'Connection': 'keep-alive', 'X-Powered-By': 'Express', 'Access-Control-Allow-Origin': '*', 'Cache-Control': 'no-cache', 'ETag': 'W/"49f-CTX8eu3nzC7ZJO/PQHCSj/bS96g"', 'Vary': 'Accept-Encoding', 'Content-Encoding': 'gzip', 'CF-Cache-Status': 'DYNAMIC', 'Report-To': '{"endpoints":[{"url":"https:\\/\\/a.nel.cloudflare.com\\/report\\/v4?s=qFLPd%2FG1A7lpOo6W7cuvScXjAXp8AmQGn5IsbcntjDBKWnjfN3AoSJ2AamGpSkFjsxmYpTToIvJeU8o623Xveh4OJTwl%2B8xoCOU%2BtzbyMbBhyxywFqZhCJNWEWMJiCml"}],"group":"cf-nel","max_age":604800}', 'NEL': '{"success_fraction":0,"report_to":"cf-nel","max_age":604800}', 'Server': 'cloudflare', 'CF-RAY': '89ca18bf9a2486ed-ORD', 'alt-svc': 'h3=":443"; ma=86400'} 
 body={"results":[{"gender":"female","name":{"title":"Ms","first":"Sheryl","last":"Warren"},"location":{"street":{"number":4160,"name":"North Street"},"city":"Chester","state":"Derbyshire","country":"United Kingdom","postcode":"V1 7DT","coordinates":{"latitude":"-10.9181","longitude":"98.0981"},"timezone":{"offset":"+5:30","description":"Bombay, Calcutta, Madras, New Delhi"}},"email":"sheryl.warren@example.com","login":{"uuid":"deeb6834-eeb6-452d-a5fc-54e2742c001d","username":"smallgoose360","password":"zhun","salt":"5Tzti2lw","md5":"3fa7e280724b0e1938dac58856c35e42","sha1":"3b0f08e478e04d180e1cc4f9dab19b34b3ef81fc","sha256":"2533c84541d2993207b641b72eb8579eb35399bcd6703fab8cadbb31118a2364"},"dob":{"date":"1996-01-17T09:47:13.588Z","age":28},"registered":{"date":"2005-07-29T04:43:03.466Z","age":18},"phone":"019467 09832","cell":"07810 245274","id":{"name":"NINO","value":"HH 46 88 06 M"},"picture":{"large":"https://randomuser.me/api/portraits/women/47.jpg","medium":"https://randomuser.me/api/portraits/med/women/47.jpg","thumbnail":"https://randomuser.me/api/portraits/thumb/women/47.jpg"},"nat":"GB"}],"info":{"seed":"ddebe7798ce4f78b","results":1,"page":1,"version":"1.4"}} 
 </msg>
<msg time="2024-07-01T23:15:12.014770" level="INFO">/opt/hostedtoolcache/Python/3.12.4/x64/lib/python3.12/site-packages/urllib3/connectionpool.py:1099: InsecureRequestWarning: Unverified HTTPS request is being made to host 'randomuser.me'. Adding certificate verification is strongly advised. See: https://urllib3.readthedocs.io/en/latest/advanced-usage.html#tls-warnings
  warnings.warn(</msg>
<msg time="2024-07-01T23:15:12.014865" level="INFO">${response} = &lt;Response [200]&gt;</msg>
<var>${response}</var>
<arg>consultarAPI</arg>
<arg>/api</arg>
<doc>Sends a GET request on a previously created HTTP Session.</doc>
<status status="PASS" start="2024-07-01T23:15:11.937301" elapsed="0.077603"/>
</kw>
<kw name="Set Variable" owner="BuiltIn">
<msg time="2024-07-01T23:15:12.015927" level="INFO">${json_data} = {'results': [{'gender': 'female', 'name': {'title': 'Ms', 'first': 'Sheryl', 'last': 'Warren'}, 'location': {'street': {'number': 4160, 'name': 'North Street'}, 'city': 'Chester', 'state': 'Derbyshire...</msg>
<var>${json_data}</var>
<arg>${response.json()}</arg>
<doc>Returns the given values which can then be assigned to a variables.</doc>
<status status="PASS" start="2024-07-01T23:15:12.015339" elapsed="0.000621"/>
</kw>
<kw name="Log" owner="BuiltIn">
<msg time="2024-07-01T23:15:12.016462" level="INFO">{'results': [{'gender': 'female', 'name': {'title': 'Ms', 'first': 'Sheryl', 'last': 'Warren'}, 'location': {'street': {'number': 4160, 'name': 'North Street'}, 'city': 'Chester', 'state': 'Derbyshire', 'country': 'United Kingdom', 'postcode': 'V1 7DT', 'coordinates': {'latitude': '-10.9181', 'longitude': '98.0981'}, 'timezone': {'offset': '+5:30', 'description': 'Bombay, Calcutta, Madras, New Delhi'}}, 'email': 'sheryl.warren@example.com', 'login': {'uuid': 'deeb6834-eeb6-452d-a5fc-54e2742c001d', 'username': 'smallgoose360', 'password': 'zhun', 'salt': '5Tzti2lw', 'md5': '3fa7e280724b0e1938dac58856c35e42', 'sha1': '3b0f08e478e04d180e1cc4f9dab19b34b3ef81fc', 'sha256': '2533c84541d2993207b641b72eb8579eb35399bcd6703fab8cadbb31118a2364'}, 'dob': {'date': '1996-01-17T09:47:13.588Z', 'age': 28}, 'registered': {'date': '2005-07-29T04:43:03.466Z', 'age': 18}, 'phone': '019467 09832', 'cell': '07810 245274', 'id': {'name': 'NINO', 'value': 'HH 46 88 06 M'}, 'picture': {'large': 'https://randomuser.me/api/portraits/women/47.jpg', 'medium': 'https://randomuser.me/api/portraits/med/women/47.jpg', 'thumbnail': 'https://randomuser.me/api/portraits/thumb/women/47.jpg'}, 'nat': 'GB'}], 'info': {'seed': 'ddebe7798ce4f78b', 'results': 1, 'page': 1, 'version': '1.4'}}</msg>
<arg>${json_data}</arg>
<doc>Logs the given message with the given level.</doc>
<status status="PASS" start="2024-07-01T23:15:12.016306" elapsed="0.000202"/>
</kw>
<kw name="Should Be String" owner="String">
<arg>${json_data['results'][0]['gender']}</arg>
<doc>Fails if the given ``item`` is not a string.</doc>
<status status="PASS" start="2024-07-01T23:15:12.016797" elapsed="0.000355"/>
</kw>
<kw name="Should Match Regexp" owner="BuiltIn">
<arg>${json_data['results'][0]['email']}</arg>
<arg>^[a-zA-Z0-9._%+-]+@[a-zA-Z0-9.-]+\.[a-zA-Z]{2,}$</arg>
<doc>Fails if ``string`` does not match ``pattern`` as a regular expression.</doc>
<status status="PASS" start="2024-07-01T23:15:12.017370" elapsed="0.000511"/>
</kw>
<kw name="Should Match Regexp" owner="BuiltIn">
<arg>${json_data['results'][0]['dob']['date']}</arg>
<arg>\\d{4}-\\d{2}-\\d{2}T\\d{2}:\\d{2}:\\d{2}\\.\\d{3}Z</arg>
<doc>Fails if ``string`` does not match ``pattern`` as a regular expression.</doc>
<status status="PASS" start="2024-07-01T23:15:12.018072" elapsed="0.000484"/>
</kw>
<kw name="Should Match Regexp" owner="BuiltIn">
<arg>${json_data['results'][0]['registered']['date']}</arg>
<arg>\\d{4}-\\d{2}-\\d{2}T\\d{2}:\\d{2}:\\d{2}\\.\\d{3}Z</arg>
<doc>Fails if ``string`` does not match ``pattern`` as a regular expression.</doc>
<status status="PASS" start="2024-07-01T23:15:12.018744" elapsed="0.000375"/>
</kw>
<kw name="Should Match Regexp" owner="BuiltIn">
<arg>${json_data['results'][0]['picture']['large']}</arg>
<arg>^https?://.*\.(?:png|jpe?g|gif|bmp)$</arg>
<doc>Fails if ``string`` does not match ``pattern`` as a regular expression.</doc>
<status status="PASS" start="2024-07-01T23:15:12.019299" elapsed="0.000446"/>
</kw>
<kw name="Should Match Regexp" owner="BuiltIn">
<arg>${json_data['results'][0]['picture']['medium']}</arg>
<arg>^https?://.*\.(?:png|jpe?g|gif|bmp)$</arg>
<doc>Fails if ``string`` does not match ``pattern`` as a regular expression.</doc>
<status status="PASS" start="2024-07-01T23:15:12.019926" elapsed="0.000386"/>
</kw>
<kw name="Should Match Regexp" owner="BuiltIn">
<arg>${json_data['results'][0]['picture']['thumbnail']}</arg>
<arg>^https?://.*\.(?:png|jpe?g|gif|bmp)$</arg>
<doc>Fails if ``string`` does not match ``pattern`` as a regular expression.</doc>
<status status="PASS" start="2024-07-01T23:15:12.020494" elapsed="0.000354"/>
</kw>
<kw name="Log" owner="BuiltIn">
<msg time="2024-07-01T23:15:12.021357" level="INFO">{'large': 'https://randomuser.me/api/portraits/women/47.jpg', 'medium': 'https://randomuser.me/api/portraits/med/women/47.jpg', 'thumbnail': 'https://randomuser.me/api/portraits/thumb/women/47.jpg'}</msg>
<arg>${json_data['results'][0]['picture']}</arg>
<doc>Logs the given message with the given level.</doc>
<status status="PASS" start="2024-07-01T23:15:12.021033" elapsed="0.000365"/>
</kw>
<status status="PASS" start="2024-07-01T23:15:11.937079" elapsed="0.084571"/>
</kw>
<kw name="Teste de Tipos de Dados - Postcode" owner="random-user-service">
<kw name="GET On Session" owner="RequestsLibrary">
<msg time="2024-07-01T23:15:12.114179" level="INFO">GET Request : url=https://randomuser.me/api 
 path_url=/api 
 headers={'User-Agent': 'python-requests/2.32.3', 'Accept-Encoding': 'gzip, deflate', 'Accept': '*/*', 'Connection': 'keep-alive'} 
 body=None 
 </msg>
<msg time="2024-07-01T23:15:12.114284" level="INFO">GET Response : url=https://randomuser.me/api 
 status=200, reason=OK 
 headers={'Date': 'Mon, 01 Jul 2024 23:15:12 GMT', 'Content-Type': 'application/json; charset=utf-8', 'Transfer-Encoding': 'chunked', 'Connection': 'keep-alive', 'X-Powered-By': 'Express', 'Access-Control-Allow-Origin': '*', 'Cache-Control': 'no-cache', 'ETag': 'W/"48e-pW8lK573mjBmUPFxQAzJXtC1/LE"', 'Vary': 'Accept-Encoding', 'Content-Encoding': 'gzip', 'CF-Cache-Status': 'DYNAMIC', 'Report-To': '{"endpoints":[{"url":"https:\\/\\/a.nel.cloudflare.com\\/report\\/v4?s=%2B%2FVfBj4RAZZ5ovi9EUuWammSiFFcr%2BCYbzU2sfioCkPpj4cDRQE3Z38KwmVhIQYZF0BHpAlE4VUAUBCpNUvNA4KvjRQeJh%2FvqrEPSXwSFp5AT1xbzWfG5%2BpPmgDUYrT%2F"}],"group":"cf-nel","max_age":604800}', 'NEL': '{"success_fraction":0,"report_to":"cf-nel","max_age":604800}', 'Server': 'cloudflare', 'CF-RAY': '89ca18c02ac586ed-ORD', 'alt-svc': 'h3=":443"; ma=86400'} 
 body={"results":[{"gender":"male","name":{"title":"Mr","first":"Raunak","last":"Kumar"},"location":{"street":{"number":7148,"name":"Linking Rd"},"city":"Madanapalle","state":"Uttarakhand","country":"India","postcode":37405,"coordinates":{"latitude":"12.4548","longitude":"-115.8580"},"timezone":{"offset":"+11:00","description":"Magadan, Solomon Islands, New Caledonia"}},"email":"raunak.kumar@example.com","login":{"uuid":"c7fb78f4-af78-4013-904e-d639ffd09f80","username":"goldenswan854","password":"1997","salt":"Q8EIdhmJ","md5":"d2b06355c969af501fa8509f30311410","sha1":"36b7686213266ec90f35e3574cb0c425f36d5272","sha256":"e1328f71dfe32774c5c546895f0ed351d68f2e8c425f82eaa9b95d6722aa31b2"},"dob":{"date":"1969-04-08T17:25:32.904Z","age":55},"registered":{"date":"2006-05-20T15:27:25.262Z","age":18},"phone":"9980695042","cell":"8823404368","id":{"name":"UIDAI","value":"049487966461"},"picture":{"large":"https://randomuser.me/api/portraits/men/58.jpg","medium":"https://randomuser.me/api/portraits/med/men/58.jpg","thumbnail":"https://randomuser.me/api/portraits/thumb/men/58.jpg"},"nat":"IN"}],"info":{"seed":"4a07934e9302c4c7","results":1,"page":1,"version":"1.4"}} 
 </msg>
<msg time="2024-07-01T23:15:12.114360" level="INFO">/opt/hostedtoolcache/Python/3.12.4/x64/lib/python3.12/site-packages/urllib3/connectionpool.py:1099: InsecureRequestWarning: Unverified HTTPS request is being made to host 'randomuser.me'. Adding certificate verification is strongly advised. See: https://urllib3.readthedocs.io/en/latest/advanced-usage.html#tls-warnings
  warnings.warn(</msg>
<msg time="2024-07-01T23:15:12.114495" level="INFO">${response} = &lt;Response [200]&gt;</msg>
<var>${response}</var>
<arg>consultarAPI</arg>
<arg>/api</arg>
<doc>Sends a GET request on a previously created HTTP Session.</doc>
<status status="PASS" start="2024-07-01T23:15:12.022071" elapsed="0.092470"/>
</kw>
<kw name="Set Variable" owner="BuiltIn">
<msg time="2024-07-01T23:15:12.115707" level="INFO">${json_data} = {'results': [{'gender': 'male', 'name': {'title': 'Mr', 'first': 'Raunak', 'last': 'Kumar'}, 'location': {'street': {'number': 7148, 'name': 'Linking Rd'}, 'city': 'Madanapalle', 'state': 'Uttarakhand...</msg>
<var>${json_data}</var>
<arg>${response.json()}</arg>
<doc>Returns the given values which can then be assigned to a variables.</doc>
<status status="PASS" start="2024-07-01T23:15:12.115147" elapsed="0.000588"/>
</kw>
<kw name="Log" owner="BuiltIn">
<msg time="2024-07-01T23:15:12.116248" level="INFO">{'results': [{'gender': 'male', 'name': {'title': 'Mr', 'first': 'Raunak', 'last': 'Kumar'}, 'location': {'street': {'number': 7148, 'name': 'Linking Rd'}, 'city': 'Madanapalle', 'state': 'Uttarakhand', 'country': 'India', 'postcode': 37405, 'coordinates': {'latitude': '12.4548', 'longitude': '-115.8580'}, 'timezone': {'offset': '+11:00', 'description': 'Magadan, Solomon Islands, New Caledonia'}}, 'email': 'raunak.kumar@example.com', 'login': {'uuid': 'c7fb78f4-af78-4013-904e-d639ffd09f80', 'username': 'goldenswan854', 'password': '1997', 'salt': 'Q8EIdhmJ', 'md5': 'd2b06355c969af501fa8509f30311410', 'sha1': '36b7686213266ec90f35e3574cb0c425f36d5272', 'sha256': 'e1328f71dfe32774c5c546895f0ed351d68f2e8c425f82eaa9b95d6722aa31b2'}, 'dob': {'date': '1969-04-08T17:25:32.904Z', 'age': 55}, 'registered': {'date': '2006-05-20T15:27:25.262Z', 'age': 18}, 'phone': '9980695042', 'cell': '8823404368', 'id': {'name': 'UIDAI', 'value': '049487966461'}, 'picture': {'large': 'https://randomuser.me/api/portraits/men/58.jpg', 'medium': 'https://randomuser.me/api/portraits/med/men/58.jpg', 'thumbnail': 'https://randomuser.me/api/portraits/thumb/men/58.jpg'}, 'nat': 'IN'}], 'info': {'seed': '4a07934e9302c4c7', 'results': 1, 'page': 1, 'version': '1.4'}}</msg>
<arg>${json_data}</arg>
<doc>Logs the given message with the given level.</doc>
<status status="PASS" start="2024-07-01T23:15:12.116075" elapsed="0.000221"/>
</kw>
<kw name="Should Be Equal As Numbers" owner="BuiltIn">
<arg>${json_data['results'][0]['location']['postcode']}</arg>
<arg>${json_data['results'][0]['location']['postcode']}</arg>
<doc>Fails if objects are unequal after converting them to real numbers.</doc>
<status status="PASS" start="2024-07-01T23:15:12.116589" elapsed="0.000617"/>
</kw>
<kw name="Log" owner="BuiltIn">
<msg time="2024-07-01T23:15:12.117934" level="INFO">37405</msg>
<arg>${json_data['results'][0]['location']['postcode']}</arg>
<doc>Logs the given message with the given level.</doc>
<status status="PASS" start="2024-07-01T23:15:12.117442" elapsed="0.000534"/>
</kw>
<status status="PASS" start="2024-07-01T23:15:12.021859" elapsed="0.096375"/>
</kw>
<doc>Testa se os tipos de dados na resposta da API estão corretos.</doc>
<tag>testeTiposDados</tag>
<status status="PASS" start="2024-07-01T23:15:11.936520" elapsed="0.181879"/>
</test>
<test id="s1-s1-t5" name="Validar conteudo" line="35">
<kw name="Teste de Tipos de Conteudo" owner="random-user-service">
<kw name="GET On Session" owner="RequestsLibrary">
<msg time="2024-07-01T23:15:12.213185" level="INFO">GET Request : url=https://randomuser.me/api 
 path_url=/api 
 headers={'User-Agent': 'python-requests/2.32.3', 'Accept-Encoding': 'gzip, deflate', 'Accept': '*/*', 'Connection': 'keep-alive'} 
 body=None 
 </msg>
<msg time="2024-07-01T23:15:12.213269" level="INFO">GET Response : url=https://randomuser.me/api 
 status=200, reason=OK 
 headers={'Date': 'Mon, 01 Jul 2024 23:15:12 GMT', 'Content-Type': 'application/json; charset=utf-8', 'Transfer-Encoding': 'chunked', 'Connection': 'keep-alive', 'X-Powered-By': 'Express', 'Access-Control-Allow-Origin': '*', 'Cache-Control': 'no-cache', 'ETag': 'W/"47e-67pfLGaB4lFJTrTXqAY2ApqSCTc"', 'Vary': 'Accept-Encoding', 'Content-Encoding': 'gzip', 'CF-Cache-Status': 'DYNAMIC', 'Report-To': '{"endpoints":[{"url":"https:\\/\\/a.nel.cloudflare.com\\/report\\/v4?s=6fcZToW1OZR7UJ78HB46G9ZgNNWpPmyVpnmhN3kg%2F83ya2Pb9B8XLkfofQJ1jpsqU%2Fuxp21XZr2XdcRdhVwra8bVbXer%2BcCmCP6Szug%2BvJm40i3PUQQc%2FEUq9Ph31axg"}],"group":"cf-nel","max_age":604800}', 'NEL': '{"success_fraction":0,"report_to":"cf-nel","max_age":604800}', 'Server': 'cloudflare', 'CF-RAY': '89ca18c0cb6f86ed-ORD', 'alt-svc': 'h3=":443"; ma=86400'} 
 body={"results":[{"gender":"male","name":{"title":"Mr","first":"Shchek","last":"Sheyko"},"location":{"street":{"number":7899,"name":"Platona Mayborodi"},"city":"Orihiv","state":"Cherkaska","country":"Ukraine","postcode":76802,"coordinates":{"latitude":"73.5953","longitude":"-146.6846"},"timezone":{"offset":"+2:00","description":"Kaliningrad, South Africa"}},"email":"shchek.sheyko@example.com","login":{"uuid":"ff8c8aeb-a05b-4f12-a577-4fb54c597b44","username":"lazyladybug358","password":"emmitt","salt":"QauS0eky","md5":"a255182d6a9327d9b672d897ca5e9d79","sha1":"35b93368daddb117a2cdbea0164b113bfce23058","sha256":"cd964f4fda907381bd1cfc052c5a0ef4856691979e33d323a8c89c795052f5e7"},"dob":{"date":"2000-04-27T21:12:27.151Z","age":24},"registered":{"date":"2016-09-29T11:57:31.819Z","age":7},"phone":"(068) U36-4722","cell":"(066) K16-7808","id":{"name":"","value":null},"picture":{"large":"https://randomuser.me/api/portraits/men/32.jpg","medium":"https://randomuser.me/api/portraits/med/men/32.jpg","thumbnail":"https://randomuser.me/api/portraits/thumb/men/32.jpg"},"nat":"UA"}],"info":{"seed":"22b8dd92351f1cad","results":1,"page":1,"version":"1.4"}} 
 </msg>
<msg time="2024-07-01T23:15:12.213340" level="INFO">/opt/hostedtoolcache/Python/3.12.4/x64/lib/python3.12/site-packages/urllib3/connectionpool.py:1099: InsecureRequestWarning: Unverified HTTPS request is being made to host 'randomuser.me'. Adding certificate verification is strongly advised. See: https://urllib3.readthedocs.io/en/latest/advanced-usage.html#tls-warnings
  warnings.warn(</msg>
<msg time="2024-07-01T23:15:12.213452" level="INFO">${response} = &lt;Response [200]&gt;</msg>
<var>${response}</var>
<arg>consultarAPI</arg>
<arg>/api</arg>
<doc>Sends a GET request on a previously created HTTP Session.</doc>
<status status="PASS" start="2024-07-01T23:15:12.121635" elapsed="0.091858"/>
</kw>
<kw name="Set Variable" owner="BuiltIn">
<msg time="2024-07-01T23:15:12.214422" level="INFO">${json_data} = {'results': [{'gender': 'male', 'name': {'title': 'Mr', 'first': 'Shchek', 'last': 'Sheyko'}, 'location': {'street': {'number': 7899, 'name': 'Platona Mayborodi'}, 'city': 'Orihiv', 'state': 'Cherkask...</msg>
<var>${json_data}</var>
<arg>${response.json()}</arg>
<doc>Returns the given values which can then be assigned to a variables.</doc>
<status status="PASS" start="2024-07-01T23:15:12.213963" elapsed="0.000487"/>
</kw>
<kw name="Set Variable" owner="BuiltIn">
<msg time="2024-07-01T23:15:12.215151" level="INFO">${name_title} = Mr</msg>
<var>${name_title}</var>
<arg>${json_data["results"][0]["name"]["title"]}</arg>
<doc>Returns the given values which can then be assigned to a variables.</doc>
<status status="PASS" start="2024-07-01T23:15:12.214749" elapsed="0.000427"/>
</kw>
<kw name="Create List" owner="BuiltIn">
<msg time="2024-07-01T23:15:12.215613" level="INFO">${allowed_titles} = ['Mr', 'Ms', 'Miss', 'Mrs', 'Madame', 'Monsieur']</msg>
<var>${allowed_titles}</var>
<arg>Mr</arg>
<arg>Ms</arg>
<arg>Miss</arg>
<arg>Mrs</arg>
<arg>Madame</arg>
<arg>Monsieur</arg>
<doc>Returns a list containing given items.</doc>
<status status="PASS" start="2024-07-01T23:15:12.215467" elapsed="0.000169"/>
</kw>
<kw name="List Should Contain Value" owner="Collections">
<arg>${allowed_titles}</arg>
<arg>${name_title}</arg>
<doc>Fails if the ``value`` is not found from ``list``.</doc>
<status status="PASS" start="2024-07-01T23:15:12.215930" elapsed="0.000229"/>
</kw>
<kw name="Set Variable" owner="BuiltIn">
<msg time="2024-07-01T23:15:12.216736" level="INFO">${name_country} = UA</msg>
<var>${name_country}</var>
<arg>${json_data["results"][0]["nat"]}</arg>
<doc>Returns the given values which can then be assigned to a variables.</doc>
<status status="PASS" start="2024-07-01T23:15:12.216351" elapsed="0.000409"/>
</kw>
<kw name="Create List" owner="BuiltIn">
<msg time="2024-07-01T23:15:12.217650" level="INFO">${list_country} = ['AD', 'AE', 'AF', 'AG', 'AI', 'AL', 'AM', 'AO', 'AQ', 'AR', 'AS', 'AT', 'AU', 'AW', 'AX', 'AZ', 'BA', 'BB', 'BD', 'BE', 'BF', 'BG', 'BH', 'BI', 'BJ', 'BL', 'BM', 'BN', 'BO', 'BQ', 'BR', 'BS', 'BT', '...</msg>
<var>${list_country}</var>
<arg>AD</arg>
<arg>AE</arg>
<arg>AF</arg>
<arg>AG</arg>
<arg>AI</arg>
<arg>AL</arg>
<arg>AM</arg>
<arg>AO</arg>
<arg>AQ</arg>
<arg>AR</arg>
<arg>AS</arg>
<arg>AT</arg>
<arg>AU</arg>
<arg>AW</arg>
<arg>AX</arg>
<arg>AZ</arg>
<arg>BA</arg>
<arg>BB</arg>
<arg>BD</arg>
<arg>BE</arg>
<arg>BF</arg>
<arg>BG</arg>
<arg>BH</arg>
<arg>BI</arg>
<arg>BJ</arg>
<arg>BL</arg>
<arg>BM</arg>
<arg>BN</arg>
<arg>BO</arg>
<arg>BQ</arg>
<arg>BR</arg>
<arg>BS</arg>
<arg>BT</arg>
<arg>BV</arg>
<arg>BW</arg>
<arg>BY</arg>
<arg>BZ</arg>
<arg>CA</arg>
<arg>CC</arg>
<arg>CD</arg>
<arg>CF</arg>
<arg>CG</arg>
<arg>CH</arg>
<arg>CI</arg>
<arg>CK</arg>
<arg>CL</arg>
<arg>CM</arg>
<arg>CN</arg>
<arg>CO</arg>
<arg>CR</arg>
<arg>CU</arg>
<arg>CV</arg>
<arg>CW</arg>
<arg>CX</arg>
<arg>CY</arg>
<arg>CZ</arg>
<arg>DE</arg>
<arg>DJ</arg>
<arg>DK</arg>
<arg>DM</arg>
<arg>DO</arg>
<arg>DZ</arg>
<arg>EC</arg>
<arg>EE</arg>
<arg>EG</arg>
<arg>EH</arg>
<arg>ER</arg>
<arg>ES</arg>
<arg>ET</arg>
<arg>FI</arg>
<arg>FJ</arg>
<arg>FK</arg>
<arg>FM</arg>
<arg>FO</arg>
<arg>FR</arg>
<arg>GA</arg>
<arg>GB</arg>
<arg>GD</arg>
<arg>GE</arg>
<arg>GF</arg>
<arg>GG</arg>
<arg>GH</arg>
<arg>GI</arg>
<arg>GL</arg>
<arg>GM</arg>
<arg>GN</arg>
<arg>GP</arg>
<arg>GQ</arg>
<arg>GR</arg>
<arg>GS</arg>
<arg>GT</arg>
<arg>GU</arg>
<arg>GW</arg>
<arg>GY</arg>
<arg>HK</arg>
<arg>HM</arg>
<arg>HN</arg>
<arg>HR</arg>
<arg>HT</arg>
<arg>HU</arg>
<arg>ID</arg>
<arg>IE</arg>
<arg>IL</arg>
<arg>IM</arg>
<arg>IN</arg>
<arg>IO</arg>
<arg>IQ</arg>
<arg>IR</arg>
<arg>IS</arg>
<arg>IT</arg>
<arg>JE</arg>
<arg>JM</arg>
<arg>JO</arg>
<arg>JP</arg>
<arg>KE</arg>
<arg>KG</arg>
<arg>KH</arg>
<arg>KI</arg>
<arg>KM</arg>
<arg>KN</arg>
<arg>KP</arg>
<arg>KR</arg>
<arg>KW</arg>
<arg>KY</arg>
<arg>KZ</arg>
<arg>LA</arg>
<arg>LB</arg>
<arg>LC</arg>
<arg>LI</arg>
<arg>LK</arg>
<arg>LR</arg>
<arg>LS</arg>
<arg>LT</arg>
<arg>LU</arg>
<arg>LV</arg>
<arg>LY</arg>
<arg>MA</arg>
<arg>MC</arg>
<arg>MD</arg>
<arg>ME</arg>
<arg>MF</arg>
<arg>MG</arg>
<arg>MH</arg>
<arg>MK</arg>
<arg>ML</arg>
<arg>MM</arg>
<arg>MN</arg>
<arg>MO</arg>
<arg>MP</arg>
<arg>MQ</arg>
<arg>MR</arg>
<arg>MS</arg>
<arg>MT</arg>
<arg>MU</arg>
<arg>MV</arg>
<arg>MW</arg>
<arg>MX</arg>
<arg>MY</arg>
<arg>MZ</arg>
<arg>NA</arg>
<arg>NC</arg>
<arg>NE</arg>
<arg>NF</arg>
<arg>NG</arg>
<arg>NI</arg>
<arg>NL</arg>
<arg>NO</arg>
<arg>NP</arg>
<arg>NR</arg>
<arg>NU</arg>
<arg>NZ</arg>
<arg>OM</arg>
<arg>PA</arg>
<arg>PE</arg>
<arg>PF</arg>
<arg>PG</arg>
<arg>PH</arg>
<arg>PK</arg>
<arg>PL</arg>
<arg>PM</arg>
<arg>PN</arg>
<arg>PR</arg>
<arg>PS</arg>
<arg>PT</arg>
<arg>PW</arg>
<arg>PY</arg>
<arg>QA</arg>
<arg>RE</arg>
<arg>RO</arg>
<arg>RS</arg>
<arg>RU</arg>
<arg>RW</arg>
<arg>SA</arg>
<arg>SB</arg>
<arg>SC</arg>
<arg>SD</arg>
<arg>SE</arg>
<arg>SG</arg>
<arg>SH</arg>
<arg>SI</arg>
<arg>SJ</arg>
<arg>SK</arg>
<arg>SL</arg>
<arg>SM</arg>
<arg>SN</arg>
<arg>SO</arg>
<arg>SR</arg>
<arg>SS</arg>
<arg>ST</arg>
<arg>SV</arg>
<arg>SX</arg>
<arg>SY</arg>
<arg>SZ</arg>
<arg>TC</arg>
<arg>TD</arg>
<arg>TF</arg>
<arg>TG</arg>
<arg>TH</arg>
<arg>TJ</arg>
<arg>TK</arg>
<arg>TL</arg>
<arg>TM</arg>
<arg>TN</arg>
<arg>TO</arg>
<arg>TR</arg>
<arg>TT</arg>
<arg>TV</arg>
<arg>TW</arg>
<arg>TZ</arg>
<arg>UA</arg>
<arg>UG</arg>
<arg>UM</arg>
<arg>US</arg>
<arg>UY</arg>
<arg>UZ</arg>
<arg>VA</arg>
<arg>VC</arg>
<arg>VE</arg>
<arg>VG</arg>
<arg>VI</arg>
<arg>VN</arg>
<arg>VU</arg>
<arg>WF</arg>
<arg>WS</arg>
<arg>XK</arg>
<arg>YE</arg>
<arg>YT</arg>
<arg>ZA</arg>
<arg>ZM</arg>
<arg>ZW</arg>
<doc>Returns a list containing given items.</doc>
<status status="PASS" start="2024-07-01T23:15:12.217049" elapsed="0.000626"/>
</kw>
<kw name="List Should Contain Value" owner="Collections">
<arg>${list_country}</arg>
<arg>${name_country}</arg>
<doc>Fails if the ``value`` is not found from ``list``.</doc>
<status status="PASS" start="2024-07-01T23:15:12.218468" elapsed="0.000202"/>
</kw>
<kw name="Run Keyword If" owner="BuiltIn">
<kw name="Should Be True" owner="BuiltIn">
<arg>${True}</arg>
<doc>Fails if the given condition is not true.</doc>
<status status="PASS" start="2024-07-01T23:15:12.219606" elapsed="0.000139"/>
</kw>
<arg>${json_data["results"][0]["location"]["coordinates"]["latitude"]} &gt;= -90 and ${json_data["results"][0]["location"]["coordinates"]["latitude"]} &lt;= 90</arg>
<arg>Should Be True</arg>
<arg>${True}</arg>
<doc>Runs the given keyword with the given arguments, if ``condition`` is true.</doc>
<status status="PASS" start="2024-07-01T23:15:12.218863" elapsed="0.001005"/>
</kw>
<kw name="Run Keyword If" owner="BuiltIn">
<kw name="Should Be True" owner="BuiltIn">
<arg>${True}</arg>
<doc>Fails if the given condition is not true.</doc>
<status status="PASS" start="2024-07-01T23:15:12.220762" elapsed="0.000230"/>
</kw>
<arg>${json_data["results"][0]["location"]["coordinates"]["longitude"]} &gt;= -180 and ${json_data["results"][0]["location"]["coordinates"]["longitude"]} &lt;= 180</arg>
<arg>Should Be True</arg>
<arg>${True}</arg>
<doc>Runs the given keyword with the given arguments, if ``condition`` is true.</doc>
<status status="PASS" start="2024-07-01T23:15:12.220067" elapsed="0.001052"/>
</kw>
<status status="PASS" start="2024-07-01T23:15:12.121259" elapsed="0.099991"/>
</kw>
<doc>Testa o conteúdo específico dos campos retornados pela API.</doc>
<tag>testeConteudo</tag>
<status status="PASS" start="2024-07-01T23:15:12.120553" elapsed="0.100843"/>
</test>
<status status="PASS" start="2024-07-01T23:15:11.216125" elapsed="1.007179"/>
</suite>
<status status="PASS" start="2024-07-01T23:15:11.201299" elapsed="1.026982"/>
</suite>
<statistics>
<total>
<stat pass="5" fail="0" skip="0">All Tests</stat>
</total>
<tag>
<stat pass="1" fail="0" skip="0">testeConteudo</stat>
<stat pass="1" fail="0" skip="0">testeEstruturaResposta</stat>
<stat pass="1" fail="0" skip="0">testeRequisicaoBasica</stat>
<stat pass="1" fail="0" skip="0">testeTiposDados</stat>
</tag>
<suite>
<stat pass="5" fail="0" skip="0" id="s1" name="Tests">Tests</stat>
<stat pass="5" fail="0" skip="0" id="s1-s1" name="Random-User-Test">Tests.Random-User-Test</stat>
</suite>
</statistics>
<errors>
</errors>
</robot>
