<?xml version="1.0" encoding="UTF-8"?>
<robot generator="Robot 7.0 (Python 3.12.3 on linux)" generated="2024-06-01T22:12:57.354600" rpa="false" schemaversion="5">
<suite id="s1" name="Tests" source="/home/runner/work/ApiRandomUser/ApiRandomUser/RamdonUser/tests">
<suite id="s1-s1" name="Random-User-Test" source="/home/runner/work/ApiRandomUser/ApiRandomUser/RamdonUser/tests/random-user-test.robot">
<test id="s1-s1-t1" name="Conectar" line="13">
<kw name="Conectar API" owner="random-user-service">
<kw name="Create Session" owner="RequestsLibrary">
<msg time="2024-06-01T22:12:57.737978" level="INFO">Creating Session using : alias=consultarAPI, url=https://randomuser.me/, headers={},                     cookies={}, auth=None, timeout=None, proxies=None, verify=False,                     debug=0 </msg>
<arg>consultarAPI</arg>
<arg>${URL}</arg>
<doc>Create Session: create a HTTP session to a server</doc>
<status status="PASS" start="2024-06-01T22:12:57.737779" elapsed="0.000367"/>
</kw>
<status status="PASS" start="2024-06-01T22:12:57.736772" elapsed="0.001731"/>
</kw>
<status status="PASS" start="2024-06-01T22:12:57.736155" elapsed="0.002545"/>
</test>
<test id="s1-s1-t2" name="Validar retorno 200 e JSON Válido" line="16">
<kw name="Teste de Requisicao Basica" owner="random-user-service">
<kw name="GET On Session" owner="RequestsLibrary">
<msg time="2024-06-01T22:12:57.916909" level="INFO">GET Request : url=https://randomuser.me/api 
 path_url=/api 
 headers={'User-Agent': 'python-requests/2.32.3', 'Accept-Encoding': 'gzip, deflate', 'Accept': '*/*', 'Connection': 'keep-alive'} 
 body=None 
 </msg>
<msg time="2024-06-01T22:12:57.917046" level="INFO">GET Response : url=https://randomuser.me/api 
 status=200, reason=OK 
 headers={'Date': 'Sat, 01 Jun 2024 22:12:57 GMT', 'Content-Type': 'application/json; charset=utf-8', 'Transfer-Encoding': 'chunked', 'Connection': 'keep-alive', 'X-Powered-By': 'Express', 'Access-Control-Allow-Origin': '*', 'Cache-Control': 'no-cache', 'ETag': 'W/"4a5-PvUbBjfJ5fEYdGFXtqGseeTDXm0"', 'Vary': 'Accept-Encoding', 'Content-Encoding': 'gzip', 'CF-Cache-Status': 'DYNAMIC', 'Report-To': '{"endpoints":[{"url":"https:\\/\\/a.nel.cloudflare.com\\/report\\/v4?s=Ir1t4lmcwL%2FFlZWSiXZZGlxdLFKwFLnLa%2B3EfMZWXMedSZ%2BdnY4r8iMGJ4H4ayygFcAKhxovjU2196jB1oktQB5lfAAVDGTGvBj6LHfphR%2FFi27JgjWxX9rSWz2Bn1%2F0"}],"group":"cf-nel","max_age":604800}', 'NEL': '{"success_fraction":0,"report_to":"cf-nel","max_age":604800}', 'Server': 'cloudflare', 'CF-RAY': '88d28c554cb083f2-LAX', 'alt-svc': 'h3=":443"; ma=86400'} 
 body={"results":[{"gender":"male","name":{"title":"Mr","first":"Aurelio","last":"Rodríguez"},"location":{"street":{"number":4212,"name":"Boulevard Cabo Verde"},"city":"Comanja","state":"Guerrero","country":"Mexico","postcode":24892,"coordinates":{"latitude":"21.6524","longitude":"-153.6882"},"timezone":{"offset":"+9:00","description":"Tokyo, Seoul, Osaka, Sapporo, Yakutsk"}},"email":"aurelio.rodriguez@example.com","login":{"uuid":"1ce62362-c3f7-42d9-96ad-4b031089ba8e","username":"redsnake325","password":"garfield","salt":"Vn0Cl1Kh","md5":"7652d85aebeed8085ff61ea3ac2cc23d","sha1":"8bff6529fe61650cb382867ff043398d5ff34d0a","sha256":"b6334aa756d949033b3f60b88c933531b291261659e78b90a379f20be7951720"},"dob":{"date":"1984-04-28T02:19:44.629Z","age":40},"registered":{"date":"2003-02-21T07:32:02.724Z","age":21},"phone":"(600) 557 6592","cell":"(695) 682 3193","id":{"name":"NSS","value":"67 15 50 2254 5"},"picture":{"large":"https://randomuser.me/api/portraits/men/20.jpg","medium":"https://randomuser.me/api/portraits/med/men/20.jpg","thumbnail":"https://randomuser.me/api/portraits/thumb/men/20.jpg"},"nat":"MX"}],"info":{"seed":"ec51399a6fc691e2","results":1,"page":1,"version":"1.4"}} 
 </msg>
<msg time="2024-06-01T22:12:57.917122" level="INFO">/opt/hostedtoolcache/Python/3.12.3/x64/lib/python3.12/site-packages/urllib3/connectionpool.py:1103: InsecureRequestWarning: Unverified HTTPS request is being made to host 'randomuser.me'. Adding certificate verification is strongly advised. See: https://urllib3.readthedocs.io/en/latest/advanced-usage.html#tls-warnings
  warnings.warn(</msg>
<msg time="2024-06-01T22:12:57.917262" level="INFO">${response} = &lt;Response [200]&gt;</msg>
<var>${response}</var>
<arg>consultarAPI</arg>
<arg>/api</arg>
<doc>Sends a GET request on a previously created HTTP Session.</doc>
<status status="PASS" start="2024-06-01T22:12:57.741408" elapsed="0.175893"/>
</kw>
<kw name="Should Be Equal As Numbers" owner="BuiltIn">
<msg time="2024-06-01T22:12:57.918361" level="INFO">Argument types are:
&lt;class 'int'&gt;
&lt;class 'str'&gt;</msg>
<arg>${response.status_code}</arg>
<arg>200</arg>
<doc>Fails if objects are unequal after converting them to real numbers.</doc>
<status status="PASS" start="2024-06-01T22:12:57.917885" elapsed="0.000542"/>
</kw>
<kw name="Log" owner="BuiltIn">
<msg time="2024-06-01T22:12:57.919109" level="INFO">200</msg>
<arg>${response.status_code}</arg>
<doc>Logs the given message with the given level.</doc>
<status status="PASS" start="2024-06-01T22:12:57.918766" elapsed="0.000432"/>
</kw>
<kw name="Set Variable" owner="BuiltIn">
<msg time="2024-06-01T22:12:57.919945" level="INFO">${json_data} = {'results': [{'gender': 'male', 'name': {'title': 'Mr', 'first': 'Aurelio', 'last': 'Rodríguez'}, 'location': {'street': {'number': 4212, 'name': 'Boulevard Cabo Verde'}, 'city': 'Comanja', 'state': '...</msg>
<var>${json_data}</var>
<arg>${response.json()}</arg>
<doc>Returns the given values which can then be assigned to a variables.</doc>
<status status="PASS" start="2024-06-01T22:12:57.919510" elapsed="0.000465"/>
</kw>
<kw name="Dictionary Should Contain Key" owner="Collections">
<msg time="2024-06-01T22:12:57.920448" level="INFO">False</msg>
<arg>${json_data}</arg>
<arg>results</arg>
<doc>Fails if ``key`` is not found from ``dictionary``.</doc>
<status status="PASS" start="2024-06-01T22:12:57.920280" elapsed="0.000359"/>
</kw>
<status status="PASS" start="2024-06-01T22:12:57.741166" elapsed="0.179748"/>
</kw>
<doc>Testa se a API responde corretamente e retorna um objeto JSON válido.</doc>
<tag>testeRequisicaoBasica</tag>
<status status="PASS" start="2024-06-01T22:12:57.740622" elapsed="0.180473"/>
</test>
<test id="s1-s1-t3" name="Validar estrutura de resposta" line="22">
<kw name="Teste de Estrutura de Resposta" owner="random-user-service">
<kw name="GET On Session" owner="RequestsLibrary">
<msg time="2024-06-01T22:12:58.020236" level="INFO">GET Request : url=https://randomuser.me/api 
 path_url=/api 
 headers={'User-Agent': 'python-requests/2.32.3', 'Accept-Encoding': 'gzip, deflate', 'Accept': '*/*', 'Connection': 'keep-alive'} 
 body=None 
 </msg>
<msg time="2024-06-01T22:12:58.020334" level="INFO">GET Response : url=https://randomuser.me/api 
 status=200, reason=OK 
 headers={'Date': 'Sat, 01 Jun 2024 22:12:58 GMT', 'Content-Type': 'application/json; charset=utf-8', 'Transfer-Encoding': 'chunked', 'Connection': 'keep-alive', 'X-Powered-By': 'Express', 'Access-Control-Allow-Origin': '*', 'Cache-Control': 'no-cache', 'ETag': 'W/"4a0-9vG4CoovZR8NWNdpf9zX7ZG9fN0"', 'Vary': 'Accept-Encoding', 'Content-Encoding': 'gzip', 'CF-Cache-Status': 'DYNAMIC', 'Report-To': '{"endpoints":[{"url":"https:\\/\\/a.nel.cloudflare.com\\/report\\/v4?s=7%2FSoUCdV4m2toNRAnO86wtFXQ1uXb8Tn5kli3unLf0IuGx3bRvtHKJZpOIBFqCiNi%2BqhJDGULNBopXkRCNF4DOPCNKHAkmN1XY8pAFb%2Bg0mXOOLPmKSdzoybEzuFDO%2FV"}],"group":"cf-nel","max_age":604800}', 'NEL': '{"success_fraction":0,"report_to":"cf-nel","max_age":604800}', 'Server': 'cloudflare', 'CF-RAY': '88d28c560d4c83f2-LAX', 'alt-svc': 'h3=":443"; ma=86400'} 
 body={"results":[{"gender":"female","name":{"title":"Mrs","first":"Charlotte","last":"Novak"},"location":{"street":{"number":4654,"name":"Wellington St"},"city":"Cartwright","state":"Northwest Territories","country":"Canada","postcode":"O6W 2Y4","coordinates":{"latitude":"-66.9948","longitude":"131.9005"},"timezone":{"offset":"+6:00","description":"Almaty, Dhaka, Colombo"}},"email":"charlotte.novak@example.com","login":{"uuid":"4b6c7f26-f0d3-4d6e-9dea-cb79a4a7b77e","username":"purplepeacock743","password":"tyrone","salt":"cYoYA5Y1","md5":"db1b137c8c19246381932c55a973116f","sha1":"80e3de2f73afe2a6ac34339a954e1fc1b27e60c9","sha256":"d0a0d3c1e8c92c1a07ba75c66f9bb00d0985ac4c9446d0cf3e0db686e34f8f3d"},"dob":{"date":"1969-08-20T22:39:55.621Z","age":54},"registered":{"date":"2014-04-07T12:13:35.049Z","age":10},"phone":"H64 S44-9998","cell":"X80 J03-9494","id":{"name":"SIN","value":"993284090"},"picture":{"large":"https://randomuser.me/api/portraits/women/64.jpg","medium":"https://randomuser.me/api/portraits/med/women/64.jpg","thumbnail":"https://randomuser.me/api/portraits/thumb/women/64.jpg"},"nat":"CA"}],"info":{"seed":"3b09853229edd40f","results":1,"page":1,"version":"1.4"}} 
 </msg>
<msg time="2024-06-01T22:12:58.020465" level="INFO">/opt/hostedtoolcache/Python/3.12.3/x64/lib/python3.12/site-packages/urllib3/connectionpool.py:1103: InsecureRequestWarning: Unverified HTTPS request is being made to host 'randomuser.me'. Adding certificate verification is strongly advised. See: https://urllib3.readthedocs.io/en/latest/advanced-usage.html#tls-warnings
  warnings.warn(</msg>
<msg time="2024-06-01T22:12:58.020604" level="INFO">${response} = &lt;Response [200]&gt;</msg>
<var>${response}</var>
<arg>consultarAPI</arg>
<arg>/api</arg>
<doc>Sends a GET request on a previously created HTTP Session.</doc>
<status status="PASS" start="2024-06-01T22:12:57.923644" elapsed="0.097010"/>
</kw>
<kw name="Set Variable" owner="BuiltIn">
<msg time="2024-06-01T22:12:58.021793" level="INFO">${json_data} = {'results': [{'gender': 'female', 'name': {'title': 'Mrs', 'first': 'Charlotte', 'last': 'Novak'}, 'location': {'street': {'number': 4654, 'name': 'Wellington St'}, 'city': 'Cartwright', 'state': 'Nor...</msg>
<var>${json_data}</var>
<arg>${response.json()}</arg>
<doc>Returns the given values which can then be assigned to a variables.</doc>
<status status="PASS" start="2024-06-01T22:12:58.021211" elapsed="0.000611"/>
</kw>
<kw name="Log" owner="BuiltIn">
<msg time="2024-06-01T22:12:58.022289" level="INFO">{'results': [{'gender': 'female', 'name': {'title': 'Mrs', 'first': 'Charlotte', 'last': 'Novak'}, 'location': {'street': {'number': 4654, 'name': 'Wellington St'}, 'city': 'Cartwright', 'state': 'Northwest Territories', 'country': 'Canada', 'postcode': 'O6W 2Y4', 'coordinates': {'latitude': '-66.9948', 'longitude': '131.9005'}, 'timezone': {'offset': '+6:00', 'description': 'Almaty, Dhaka, Colombo'}}, 'email': 'charlotte.novak@example.com', 'login': {'uuid': '4b6c7f26-f0d3-4d6e-9dea-cb79a4a7b77e', 'username': 'purplepeacock743', 'password': 'tyrone', 'salt': 'cYoYA5Y1', 'md5': 'db1b137c8c19246381932c55a973116f', 'sha1': '80e3de2f73afe2a6ac34339a954e1fc1b27e60c9', 'sha256': 'd0a0d3c1e8c92c1a07ba75c66f9bb00d0985ac4c9446d0cf3e0db686e34f8f3d'}, 'dob': {'date': '1969-08-20T22:39:55.621Z', 'age': 54}, 'registered': {'date': '2014-04-07T12:13:35.049Z', 'age': 10}, 'phone': 'H64 S44-9998', 'cell': 'X80 J03-9494', 'id': {'name': 'SIN', 'value': '993284090'}, 'picture': {'large': 'https://randomuser.me/api/portraits/women/64.jpg', 'medium': 'https://randomuser.me/api/portraits/med/women/64.jpg', 'thumbnail': 'https://randomuser.me/api/portraits/thumb/women/64.jpg'}, 'nat': 'CA'}], 'info': {'seed': '3b09853229edd40f', 'results': 1, 'page': 1, 'version': '1.4'}}</msg>
<arg>${json_data}</arg>
<doc>Logs the given message with the given level.</doc>
<status status="PASS" start="2024-06-01T22:12:58.022130" elapsed="0.000205"/>
</kw>
<kw name="Dictionary Should Contain Key" owner="Collections">
<msg time="2024-06-01T22:12:58.022784" level="INFO">False</msg>
<arg>${json_data}</arg>
<arg>results</arg>
<doc>Fails if ``key`` is not found from ``dictionary``.</doc>
<status status="PASS" start="2024-06-01T22:12:58.022629" elapsed="0.000197"/>
</kw>
<kw name="Should Not Be Empty" owner="BuiltIn">
<msg time="2024-06-01T22:12:58.023305" level="INFO">Length is 2.</msg>
<arg>${json_data}</arg>
<doc>Verifies that the given item is not empty.</doc>
<status status="PASS" start="2024-06-01T22:12:58.023162" elapsed="0.000181"/>
</kw>
<kw name="Create List" owner="BuiltIn">
<msg time="2024-06-01T22:12:58.023778" level="INFO">${expected_keys} = ['gender', 'name', 'location', 'email', 'login']</msg>
<var>${expected_keys}</var>
<arg>gender</arg>
<arg>name</arg>
<arg>location</arg>
<arg>email</arg>
<arg>login</arg>
<doc>Returns a list containing given items.</doc>
<status status="PASS" start="2024-06-01T22:12:58.023633" elapsed="0.000169"/>
</kw>
<for flavor="IN">
<iter>
<kw name="Dictionary Should Contain Key" owner="Collections">
<msg time="2024-06-01T22:12:58.024771" level="INFO">False</msg>
<arg>${json_data['results'][0]}</arg>
<arg>${key}</arg>
<doc>Fails if ``key`` is not found from ``dictionary``.</doc>
<status status="PASS" start="2024-06-01T22:12:58.024374" elapsed="0.000442"/>
</kw>
<kw name="Log" owner="BuiltIn">
<msg time="2024-06-01T22:12:58.025492" level="INFO">{'gender': 'female', 'name': {'title': 'Mrs', 'first': 'Charlotte', 'last': 'Novak'}, 'location': {'street': {'number': 4654, 'name': 'Wellington St'}, 'city': 'Cartwright', 'state': 'Northwest Territories', 'country': 'Canada', 'postcode': 'O6W 2Y4', 'coordinates': {'latitude': '-66.9948', 'longitude': '131.9005'}, 'timezone': {'offset': '+6:00', 'description': 'Almaty, Dhaka, Colombo'}}, 'email': 'charlotte.novak@example.com', 'login': {'uuid': '4b6c7f26-f0d3-4d6e-9dea-cb79a4a7b77e', 'username': 'purplepeacock743', 'password': 'tyrone', 'salt': 'cYoYA5Y1', 'md5': 'db1b137c8c19246381932c55a973116f', 'sha1': '80e3de2f73afe2a6ac34339a954e1fc1b27e60c9', 'sha256': 'd0a0d3c1e8c92c1a07ba75c66f9bb00d0985ac4c9446d0cf3e0db686e34f8f3d'}, 'dob': {'date': '1969-08-20T22:39:55.621Z', 'age': 54}, 'registered': {'date': '2014-04-07T12:13:35.049Z', 'age': 10}, 'phone': 'H64 S44-9998', 'cell': 'X80 J03-9494', 'id': {'name': 'SIN', 'value': '993284090'}, 'picture': {'large': 'https://randomuser.me/api/portraits/women/64.jpg', 'medium': 'https://randomuser.me/api/portraits/med/women/64.jpg', 'thumbnail': 'https://randomuser.me/api/portraits/thumb/women/64.jpg'}, 'nat': 'CA'}</msg>
<arg>${json_data['results'][0]}</arg>
<doc>Logs the given message with the given level.</doc>
<status status="PASS" start="2024-06-01T22:12:58.025116" elapsed="0.000435"/>
</kw>
<kw name="Log" owner="BuiltIn">
<msg time="2024-06-01T22:12:58.025980" level="INFO">gender</msg>
<arg>${key}</arg>
<doc>Logs the given message with the given level.</doc>
<status status="PASS" start="2024-06-01T22:12:58.025851" elapsed="0.000165"/>
</kw>
<var name="${key}">gender</var>
<status status="PASS" start="2024-06-01T22:12:58.024250" elapsed="0.001979"/>
</iter>
<iter>
<kw name="Dictionary Should Contain Key" owner="Collections">
<msg time="2024-06-01T22:12:58.026919" level="INFO">False</msg>
<arg>${json_data['results'][0]}</arg>
<arg>${key}</arg>
<doc>Fails if ``key`` is not found from ``dictionary``.</doc>
<status status="PASS" start="2024-06-01T22:12:58.026536" elapsed="0.000421"/>
</kw>
<kw name="Log" owner="BuiltIn">
<msg time="2024-06-01T22:12:58.027661" level="INFO">{'gender': 'female', 'name': {'title': 'Mrs', 'first': 'Charlotte', 'last': 'Novak'}, 'location': {'street': {'number': 4654, 'name': 'Wellington St'}, 'city': 'Cartwright', 'state': 'Northwest Territories', 'country': 'Canada', 'postcode': 'O6W 2Y4', 'coordinates': {'latitude': '-66.9948', 'longitude': '131.9005'}, 'timezone': {'offset': '+6:00', 'description': 'Almaty, Dhaka, Colombo'}}, 'email': 'charlotte.novak@example.com', 'login': {'uuid': '4b6c7f26-f0d3-4d6e-9dea-cb79a4a7b77e', 'username': 'purplepeacock743', 'password': 'tyrone', 'salt': 'cYoYA5Y1', 'md5': 'db1b137c8c19246381932c55a973116f', 'sha1': '80e3de2f73afe2a6ac34339a954e1fc1b27e60c9', 'sha256': 'd0a0d3c1e8c92c1a07ba75c66f9bb00d0985ac4c9446d0cf3e0db686e34f8f3d'}, 'dob': {'date': '1969-08-20T22:39:55.621Z', 'age': 54}, 'registered': {'date': '2014-04-07T12:13:35.049Z', 'age': 10}, 'phone': 'H64 S44-9998', 'cell': 'X80 J03-9494', 'id': {'name': 'SIN', 'value': '993284090'}, 'picture': {'large': 'https://randomuser.me/api/portraits/women/64.jpg', 'medium': 'https://randomuser.me/api/portraits/med/women/64.jpg', 'thumbnail': 'https://randomuser.me/api/portraits/thumb/women/64.jpg'}, 'nat': 'CA'}</msg>
<arg>${json_data['results'][0]}</arg>
<doc>Logs the given message with the given level.</doc>
<status status="PASS" start="2024-06-01T22:12:58.027303" elapsed="0.000405"/>
</kw>
<kw name="Log" owner="BuiltIn">
<msg time="2024-06-01T22:12:58.028125" level="INFO">name</msg>
<arg>${key}</arg>
<doc>Logs the given message with the given level.</doc>
<status status="PASS" start="2024-06-01T22:12:58.027998" elapsed="0.000164"/>
</kw>
<var name="${key}">name</var>
<status status="PASS" start="2024-06-01T22:12:58.026423" elapsed="0.001955"/>
</iter>
<iter>
<kw name="Dictionary Should Contain Key" owner="Collections">
<msg time="2024-06-01T22:12:58.029041" level="INFO">False</msg>
<arg>${json_data['results'][0]}</arg>
<arg>${key}</arg>
<doc>Fails if ``key`` is not found from ``dictionary``.</doc>
<status status="PASS" start="2024-06-01T22:12:58.028668" elapsed="0.000409"/>
</kw>
<kw name="Log" owner="BuiltIn">
<msg time="2024-06-01T22:12:58.029732" level="INFO">{'gender': 'female', 'name': {'title': 'Mrs', 'first': 'Charlotte', 'last': 'Novak'}, 'location': {'street': {'number': 4654, 'name': 'Wellington St'}, 'city': 'Cartwright', 'state': 'Northwest Territories', 'country': 'Canada', 'postcode': 'O6W 2Y4', 'coordinates': {'latitude': '-66.9948', 'longitude': '131.9005'}, 'timezone': {'offset': '+6:00', 'description': 'Almaty, Dhaka, Colombo'}}, 'email': 'charlotte.novak@example.com', 'login': {'uuid': '4b6c7f26-f0d3-4d6e-9dea-cb79a4a7b77e', 'username': 'purplepeacock743', 'password': 'tyrone', 'salt': 'cYoYA5Y1', 'md5': 'db1b137c8c19246381932c55a973116f', 'sha1': '80e3de2f73afe2a6ac34339a954e1fc1b27e60c9', 'sha256': 'd0a0d3c1e8c92c1a07ba75c66f9bb00d0985ac4c9446d0cf3e0db686e34f8f3d'}, 'dob': {'date': '1969-08-20T22:39:55.621Z', 'age': 54}, 'registered': {'date': '2014-04-07T12:13:35.049Z', 'age': 10}, 'phone': 'H64 S44-9998', 'cell': 'X80 J03-9494', 'id': {'name': 'SIN', 'value': '993284090'}, 'picture': {'large': 'https://randomuser.me/api/portraits/women/64.jpg', 'medium': 'https://randomuser.me/api/portraits/med/women/64.jpg', 'thumbnail': 'https://randomuser.me/api/portraits/thumb/women/64.jpg'}, 'nat': 'CA'}</msg>
<arg>${json_data['results'][0]}</arg>
<doc>Logs the given message with the given level.</doc>
<status status="PASS" start="2024-06-01T22:12:58.029371" elapsed="0.000409"/>
</kw>
<kw name="Log" owner="BuiltIn">
<msg time="2024-06-01T22:12:58.030216" level="INFO">location</msg>
<arg>${key}</arg>
<doc>Logs the given message with the given level.</doc>
<status status="PASS" start="2024-06-01T22:12:58.030080" elapsed="0.000173"/>
</kw>
<var name="${key}">location</var>
<status status="PASS" start="2024-06-01T22:12:58.028558" elapsed="0.001907"/>
</iter>
<iter>
<kw name="Dictionary Should Contain Key" owner="Collections">
<msg time="2024-06-01T22:12:58.031270" level="INFO">False</msg>
<arg>${json_data['results'][0]}</arg>
<arg>${key}</arg>
<doc>Fails if ``key`` is not found from ``dictionary``.</doc>
<status status="PASS" start="2024-06-01T22:12:58.030746" elapsed="0.000563"/>
</kw>
<kw name="Log" owner="BuiltIn">
<msg time="2024-06-01T22:12:58.031975" level="INFO">{'gender': 'female', 'name': {'title': 'Mrs', 'first': 'Charlotte', 'last': 'Novak'}, 'location': {'street': {'number': 4654, 'name': 'Wellington St'}, 'city': 'Cartwright', 'state': 'Northwest Territories', 'country': 'Canada', 'postcode': 'O6W 2Y4', 'coordinates': {'latitude': '-66.9948', 'longitude': '131.9005'}, 'timezone': {'offset': '+6:00', 'description': 'Almaty, Dhaka, Colombo'}}, 'email': 'charlotte.novak@example.com', 'login': {'uuid': '4b6c7f26-f0d3-4d6e-9dea-cb79a4a7b77e', 'username': 'purplepeacock743', 'password': 'tyrone', 'salt': 'cYoYA5Y1', 'md5': 'db1b137c8c19246381932c55a973116f', 'sha1': '80e3de2f73afe2a6ac34339a954e1fc1b27e60c9', 'sha256': 'd0a0d3c1e8c92c1a07ba75c66f9bb00d0985ac4c9446d0cf3e0db686e34f8f3d'}, 'dob': {'date': '1969-08-20T22:39:55.621Z', 'age': 54}, 'registered': {'date': '2014-04-07T12:13:35.049Z', 'age': 10}, 'phone': 'H64 S44-9998', 'cell': 'X80 J03-9494', 'id': {'name': 'SIN', 'value': '993284090'}, 'picture': {'large': 'https://randomuser.me/api/portraits/women/64.jpg', 'medium': 'https://randomuser.me/api/portraits/med/women/64.jpg', 'thumbnail': 'https://randomuser.me/api/portraits/thumb/women/64.jpg'}, 'nat': 'CA'}</msg>
<arg>${json_data['results'][0]}</arg>
<doc>Logs the given message with the given level.</doc>
<status status="PASS" start="2024-06-01T22:12:58.031611" elapsed="0.000412"/>
</kw>
<kw name="Log" owner="BuiltIn">
<msg time="2024-06-01T22:12:58.032447" level="INFO">email</msg>
<arg>${key}</arg>
<doc>Logs the given message with the given level.</doc>
<status status="PASS" start="2024-06-01T22:12:58.032318" elapsed="0.000165"/>
</kw>
<var name="${key}">email</var>
<status status="PASS" start="2024-06-01T22:12:58.030637" elapsed="0.002061"/>
</iter>
<iter>
<kw name="Dictionary Should Contain Key" owner="Collections">
<msg time="2024-06-01T22:12:58.033357" level="INFO">False</msg>
<arg>${json_data['results'][0]}</arg>
<arg>${key}</arg>
<doc>Fails if ``key`` is not found from ``dictionary``.</doc>
<status status="PASS" start="2024-06-01T22:12:58.032983" elapsed="0.000411"/>
</kw>
<kw name="Log" owner="BuiltIn">
<msg time="2024-06-01T22:12:58.034040" level="INFO">{'gender': 'female', 'name': {'title': 'Mrs', 'first': 'Charlotte', 'last': 'Novak'}, 'location': {'street': {'number': 4654, 'name': 'Wellington St'}, 'city': 'Cartwright', 'state': 'Northwest Territories', 'country': 'Canada', 'postcode': 'O6W 2Y4', 'coordinates': {'latitude': '-66.9948', 'longitude': '131.9005'}, 'timezone': {'offset': '+6:00', 'description': 'Almaty, Dhaka, Colombo'}}, 'email': 'charlotte.novak@example.com', 'login': {'uuid': '4b6c7f26-f0d3-4d6e-9dea-cb79a4a7b77e', 'username': 'purplepeacock743', 'password': 'tyrone', 'salt': 'cYoYA5Y1', 'md5': 'db1b137c8c19246381932c55a973116f', 'sha1': '80e3de2f73afe2a6ac34339a954e1fc1b27e60c9', 'sha256': 'd0a0d3c1e8c92c1a07ba75c66f9bb00d0985ac4c9446d0cf3e0db686e34f8f3d'}, 'dob': {'date': '1969-08-20T22:39:55.621Z', 'age': 54}, 'registered': {'date': '2014-04-07T12:13:35.049Z', 'age': 10}, 'phone': 'H64 S44-9998', 'cell': 'X80 J03-9494', 'id': {'name': 'SIN', 'value': '993284090'}, 'picture': {'large': 'https://randomuser.me/api/portraits/women/64.jpg', 'medium': 'https://randomuser.me/api/portraits/med/women/64.jpg', 'thumbnail': 'https://randomuser.me/api/portraits/thumb/women/64.jpg'}, 'nat': 'CA'}</msg>
<arg>${json_data['results'][0]}</arg>
<doc>Logs the given message with the given level.</doc>
<status status="PASS" start="2024-06-01T22:12:58.033684" elapsed="0.000402"/>
</kw>
<kw name="Log" owner="BuiltIn">
<msg time="2024-06-01T22:12:58.034499" level="INFO">login</msg>
<arg>${key}</arg>
<doc>Logs the given message with the given level.</doc>
<status status="PASS" start="2024-06-01T22:12:58.034373" elapsed="0.000162"/>
</kw>
<var name="${key}">login</var>
<status status="PASS" start="2024-06-01T22:12:58.032872" elapsed="0.001902"/>
</iter>
<var>${key}</var>
<value>@{expected_keys}</value>
<status status="PASS" start="2024-06-01T22:12:58.024063" elapsed="0.010837"/>
</for>
<kw name="Create List" owner="BuiltIn">
<msg time="2024-06-01T22:12:58.035261" level="INFO">${expected_keysTwo} = ['username', 'password']</msg>
<var>${expected_keysTwo}</var>
<arg>username</arg>
<arg>password</arg>
<doc>Returns a list containing given items.</doc>
<status status="PASS" start="2024-06-01T22:12:58.035092" elapsed="0.000193"/>
</kw>
<for flavor="IN">
<iter>
<kw name="Dictionary Should Contain Key" owner="Collections">
<msg time="2024-06-01T22:12:58.036185" level="INFO">False</msg>
<arg>${json_data['results'][0]['login']}</arg>
<arg>${keyTwo}</arg>
<doc>Fails if ``key`` is not found from ``dictionary``.</doc>
<status status="PASS" start="2024-06-01T22:12:58.035782" elapsed="0.000441"/>
</kw>
<kw name="Dictionary Should Contain Key" owner="Collections">
<msg time="2024-06-01T22:12:58.036904" level="INFO">False</msg>
<arg>${json_data['results'][0]['login']}</arg>
<arg>${keyTwo}</arg>
<doc>Fails if ``key`` is not found from ``dictionary``.</doc>
<status status="PASS" start="2024-06-01T22:12:58.036521" elapsed="0.000420"/>
</kw>
<kw name="Log" owner="BuiltIn">
<msg time="2024-06-01T22:12:58.037360" level="INFO">username</msg>
<arg>${keyTwo}</arg>
<doc>Logs the given message with the given level.</doc>
<status status="PASS" start="2024-06-01T22:12:58.037232" elapsed="0.000166"/>
</kw>
<var name="${keyTwo}">username</var>
<status status="PASS" start="2024-06-01T22:12:58.035672" elapsed="0.001939"/>
</iter>
<iter>
<kw name="Dictionary Should Contain Key" owner="Collections">
<msg time="2024-06-01T22:12:58.038287" level="INFO">False</msg>
<arg>${json_data['results'][0]['login']}</arg>
<arg>${keyTwo}</arg>
<doc>Fails if ``key`` is not found from ``dictionary``.</doc>
<status status="PASS" start="2024-06-01T22:12:58.037892" elapsed="0.000433"/>
</kw>
<kw name="Dictionary Should Contain Key" owner="Collections">
<msg time="2024-06-01T22:12:58.038995" level="INFO">False</msg>
<arg>${json_data['results'][0]['login']}</arg>
<arg>${keyTwo}</arg>
<doc>Fails if ``key`` is not found from ``dictionary``.</doc>
<status status="PASS" start="2024-06-01T22:12:58.038618" elapsed="0.000413"/>
</kw>
<kw name="Log" owner="BuiltIn">
<msg time="2024-06-01T22:12:58.039484" level="INFO">password</msg>
<arg>${keyTwo}</arg>
<doc>Logs the given message with the given level.</doc>
<status status="PASS" start="2024-06-01T22:12:58.039357" elapsed="0.000165"/>
</kw>
<var name="${keyTwo}">password</var>
<status status="PASS" start="2024-06-01T22:12:58.037784" elapsed="0.001954"/>
</iter>
<var>${keyTwo}</var>
<value>@{expected_keysTwo}</value>
<status status="PASS" start="2024-06-01T22:12:58.035522" elapsed="0.004338"/>
</for>
<status status="PASS" start="2024-06-01T22:12:57.923407" elapsed="0.116591"/>
</kw>
<doc>Testa a estrutura da resposta da API.</doc>
<tag>testeEstruturaResposta</tag>
<status status="PASS" start="2024-06-01T22:12:57.922891" elapsed="0.117295"/>
</test>
<test id="s1-s1-t4" name="Validar tipos de dados" line="28">
<kw name="Teste de Tipos de Dados" owner="random-user-service">
<kw name="GET On Session" owner="RequestsLibrary">
<msg time="2024-06-01T22:12:58.153722" level="INFO">GET Request : url=https://randomuser.me/api 
 path_url=/api 
 headers={'User-Agent': 'python-requests/2.32.3', 'Accept-Encoding': 'gzip, deflate', 'Accept': '*/*', 'Connection': 'keep-alive'} 
 body=None 
 </msg>
<msg time="2024-06-01T22:12:58.153829" level="INFO">GET Response : url=https://randomuser.me/api 
 status=200, reason=OK 
 headers={'Date': 'Sat, 01 Jun 2024 22:12:58 GMT', 'Content-Type': 'application/json; charset=utf-8', 'Transfer-Encoding': 'chunked', 'Connection': 'keep-alive', 'X-Powered-By': 'Express', 'Access-Control-Allow-Origin': '*', 'Cache-Control': 'no-cache', 'ETag': 'W/"4a2-RG1B6SojAuQjVTStxY9eiT4psmg"', 'Vary': 'Accept-Encoding', 'Content-Encoding': 'gzip', 'CF-Cache-Status': 'DYNAMIC', 'Report-To': '{"endpoints":[{"url":"https:\\/\\/a.nel.cloudflare.com\\/report\\/v4?s=X8AyvcF0c1j9Hne6BDGe73vGh79uURnOUccUNr6NIeAr8WufqT9%2Bx2hkuC4oVt9bM%2F0FZLyMpZ%2FMe1xw7Q7rIhFMXhY5kGXVxWmbYP2a6W%2BX0P3l24XMEvbnOBZSAGmO"}],"group":"cf-nel","max_age":604800}', 'NEL': '{"success_fraction":0,"report_to":"cf-nel","max_age":604800}', 'Server': 'cloudflare', 'CF-RAY': '88d28c56ce0183f2-LAX', 'alt-svc': 'h3=":443"; ma=86400'} 
 body={"results":[{"gender":"female","name":{"title":"Ms","first":"Gloria","last":"Stone"},"location":{"street":{"number":2531,"name":"Country Club Rd"},"city":"Queanbeyan","state":"New South Wales","country":"Australia","postcode":9884,"coordinates":{"latitude":"-87.2783","longitude":"60.3770"},"timezone":{"offset":"+5:00","description":"Ekaterinburg, Islamabad, Karachi, Tashkent"}},"email":"gloria.stone@example.com","login":{"uuid":"5deb41b2-a1fe-42d2-a64f-4b75db941c6a","username":"yellowfish765","password":"damon","salt":"f93i1jiz","md5":"7390afefc274487373dff3a8afdf8dc5","sha1":"27c680709e0dc55e851ef653e21ec1c9391c85c2","sha256":"bcb7154db9adcbaead3cec975d1f0c3e6f23bbc03248b6c64299d64fb13b1cf9"},"dob":{"date":"1969-10-22T15:51:48.349Z","age":54},"registered":{"date":"2009-02-06T07:42:38.346Z","age":15},"phone":"07-5307-4674","cell":"0486-500-767","id":{"name":"TFN","value":"415305335"},"picture":{"large":"https://randomuser.me/api/portraits/women/84.jpg","medium":"https://randomuser.me/api/portraits/med/women/84.jpg","thumbnail":"https://randomuser.me/api/portraits/thumb/women/84.jpg"},"nat":"AU"}],"info":{"seed":"a2ad522c504d34e2","results":1,"page":1,"version":"1.4"}} 
 </msg>
<msg time="2024-06-01T22:12:58.153909" level="INFO">/opt/hostedtoolcache/Python/3.12.3/x64/lib/python3.12/site-packages/urllib3/connectionpool.py:1103: InsecureRequestWarning: Unverified HTTPS request is being made to host 'randomuser.me'. Adding certificate verification is strongly advised. See: https://urllib3.readthedocs.io/en/latest/advanced-usage.html#tls-warnings
  warnings.warn(</msg>
<msg time="2024-06-01T22:12:58.154059" level="INFO">${response} = &lt;Response [200]&gt;</msg>
<var>${response}</var>
<arg>consultarAPI</arg>
<arg>/api</arg>
<doc>Sends a GET request on a previously created HTTP Session.</doc>
<status status="PASS" start="2024-06-01T22:12:58.042679" elapsed="0.111422"/>
</kw>
<kw name="Set Variable" owner="BuiltIn">
<msg time="2024-06-01T22:12:58.155267" level="INFO">${json_data} = {'results': [{'gender': 'female', 'name': {'title': 'Ms', 'first': 'Gloria', 'last': 'Stone'}, 'location': {'street': {'number': 2531, 'name': 'Country Club Rd'}, 'city': 'Queanbeyan', 'state': 'New S...</msg>
<var>${json_data}</var>
<arg>${response.json()}</arg>
<doc>Returns the given values which can then be assigned to a variables.</doc>
<status status="PASS" start="2024-06-01T22:12:58.154670" elapsed="0.000626"/>
</kw>
<kw name="Log" owner="BuiltIn">
<msg time="2024-06-01T22:12:58.155771" level="INFO">{'results': [{'gender': 'female', 'name': {'title': 'Ms', 'first': 'Gloria', 'last': 'Stone'}, 'location': {'street': {'number': 2531, 'name': 'Country Club Rd'}, 'city': 'Queanbeyan', 'state': 'New South Wales', 'country': 'Australia', 'postcode': 9884, 'coordinates': {'latitude': '-87.2783', 'longitude': '60.3770'}, 'timezone': {'offset': '+5:00', 'description': 'Ekaterinburg, Islamabad, Karachi, Tashkent'}}, 'email': 'gloria.stone@example.com', 'login': {'uuid': '5deb41b2-a1fe-42d2-a64f-4b75db941c6a', 'username': 'yellowfish765', 'password': 'damon', 'salt': 'f93i1jiz', 'md5': '7390afefc274487373dff3a8afdf8dc5', 'sha1': '27c680709e0dc55e851ef653e21ec1c9391c85c2', 'sha256': 'bcb7154db9adcbaead3cec975d1f0c3e6f23bbc03248b6c64299d64fb13b1cf9'}, 'dob': {'date': '1969-10-22T15:51:48.349Z', 'age': 54}, 'registered': {'date': '2009-02-06T07:42:38.346Z', 'age': 15}, 'phone': '07-5307-4674', 'cell': '0486-500-767', 'id': {'name': 'TFN', 'value': '415305335'}, 'picture': {'large': 'https://randomuser.me/api/portraits/women/84.jpg', 'medium': 'https://randomuser.me/api/portraits/med/women/84.jpg', 'thumbnail': 'https://randomuser.me/api/portraits/thumb/women/84.jpg'}, 'nat': 'AU'}], 'info': {'seed': 'a2ad522c504d34e2', 'results': 1, 'page': 1, 'version': '1.4'}}</msg>
<arg>${json_data}</arg>
<doc>Logs the given message with the given level.</doc>
<status status="PASS" start="2024-06-01T22:12:58.155612" elapsed="0.000248"/>
</kw>
<kw name="Should Be String" owner="String">
<arg>${json_data['results'][0]['gender']}</arg>
<doc>Fails if the given ``item`` is not a string.</doc>
<status status="PASS" start="2024-06-01T22:12:58.156162" elapsed="0.000364"/>
</kw>
<kw name="Should Match Regexp" owner="BuiltIn">
<arg>${json_data['results'][0]['email']}</arg>
<arg>^[a-zA-Z0-9._%+-]+@[a-zA-Z0-9.-]+\.[a-zA-Z]{2,}$</arg>
<doc>Fails if ``string`` does not match ``pattern`` as a regular expression.</doc>
<status status="PASS" start="2024-06-01T22:12:58.156719" elapsed="0.000658"/>
</kw>
<kw name="Should Match Regexp" owner="BuiltIn">
<arg>${json_data['results'][0]['dob']['date']}</arg>
<arg>\\d{4}-\\d{2}-\\d{2}T\\d{2}:\\d{2}:\\d{2}\\.\\d{3}Z</arg>
<doc>Fails if ``string`` does not match ``pattern`` as a regular expression.</doc>
<status status="PASS" start="2024-06-01T22:12:58.157577" elapsed="0.000495"/>
</kw>
<kw name="Should Match Regexp" owner="BuiltIn">
<arg>${json_data['results'][0]['registered']['date']}</arg>
<arg>\\d{4}-\\d{2}-\\d{2}T\\d{2}:\\d{2}:\\d{2}\\.\\d{3}Z</arg>
<doc>Fails if ``string`` does not match ``pattern`` as a regular expression.</doc>
<status status="PASS" start="2024-06-01T22:12:58.158266" elapsed="0.000365"/>
</kw>
<kw name="Should Match Regexp" owner="BuiltIn">
<arg>${json_data['results'][0]['picture']['large']}</arg>
<arg>^https?://.*\.(?:png|jpe?g|gif|bmp)$</arg>
<doc>Fails if ``string`` does not match ``pattern`` as a regular expression.</doc>
<status status="PASS" start="2024-06-01T22:12:58.158816" elapsed="0.000495"/>
</kw>
<kw name="Should Match Regexp" owner="BuiltIn">
<arg>${json_data['results'][0]['picture']['medium']}</arg>
<arg>^https?://.*\.(?:png|jpe?g|gif|bmp)$</arg>
<doc>Fails if ``string`` does not match ``pattern`` as a regular expression.</doc>
<status status="PASS" start="2024-06-01T22:12:58.159506" elapsed="0.000357"/>
</kw>
<kw name="Should Match Regexp" owner="BuiltIn">
<arg>${json_data['results'][0]['picture']['thumbnail']}</arg>
<arg>^https?://.*\.(?:png|jpe?g|gif|bmp)$</arg>
<doc>Fails if ``string`` does not match ``pattern`` as a regular expression.</doc>
<status status="PASS" start="2024-06-01T22:12:58.160049" elapsed="0.000346"/>
</kw>
<kw name="Log" owner="BuiltIn">
<msg time="2024-06-01T22:12:58.160894" level="INFO">{'large': 'https://randomuser.me/api/portraits/women/84.jpg', 'medium': 'https://randomuser.me/api/portraits/med/women/84.jpg', 'thumbnail': 'https://randomuser.me/api/portraits/thumb/women/84.jpg'}</msg>
<arg>${json_data['results'][0]['picture']}</arg>
<doc>Logs the given message with the given level.</doc>
<status status="PASS" start="2024-06-01T22:12:58.160576" elapsed="0.000360"/>
</kw>
<status status="PASS" start="2024-06-01T22:12:58.042448" elapsed="0.118746"/>
</kw>
<kw name="Teste de Tipos de Dados - Postcode" owner="random-user-service">
<kw name="GET On Session" owner="RequestsLibrary">
<msg time="2024-06-01T22:12:58.260066" level="INFO">GET Request : url=https://randomuser.me/api 
 path_url=/api 
 headers={'User-Agent': 'python-requests/2.32.3', 'Accept-Encoding': 'gzip, deflate', 'Accept': '*/*', 'Connection': 'keep-alive'} 
 body=None 
 </msg>
<msg time="2024-06-01T22:12:58.260143" level="INFO">GET Response : url=https://randomuser.me/api 
 status=200, reason=OK 
 headers={'Date': 'Sat, 01 Jun 2024 22:12:58 GMT', 'Content-Type': 'application/json; charset=utf-8', 'Transfer-Encoding': 'chunked', 'Connection': 'keep-alive', 'X-Powered-By': 'Express', 'Access-Control-Allow-Origin': '*', 'Cache-Control': 'no-cache', 'ETag': 'W/"4b9-TVOSnozqxol0JbU6DAhQDAbaGJg"', 'Vary': 'Accept-Encoding', 'Content-Encoding': 'gzip', 'CF-Cache-Status': 'DYNAMIC', 'Report-To': '{"endpoints":[{"url":"https:\\/\\/a.nel.cloudflare.com\\/report\\/v4?s=TfD4KpyyW4MmEfKUBmkfnrTF6Fr5RE5tmQo1CKWJSgCchirRWMHEODpqk5kDuy3au5XbgayTEx%2BuUJehjc3Li8iHdirmrPfMkiBKvwrGzbJ5wGI2u5I1yFiK5at%2FS4a1"}],"group":"cf-nel","max_age":604800}', 'NEL': '{"success_fraction":0,"report_to":"cf-nel","max_age":604800}', 'Server': 'cloudflare', 'CF-RAY': '88d28c577ea283f2-LAX', 'alt-svc': 'h3=":443"; ma=86400'} 
 body={"results":[{"gender":"female","name":{"title":"Mrs","first":"Sophia","last":"Sanchez"},"location":{"street":{"number":7355,"name":"Esplanade du 9 Novembre 1989"},"city":"Clermont-Ferrand","state":"Vienne","country":"France","postcode":84126,"coordinates":{"latitude":"-17.7049","longitude":"26.9237"},"timezone":{"offset":"+8:00","description":"Beijing, Perth, Singapore, Hong Kong"}},"email":"sophia.sanchez@example.com","login":{"uuid":"ef5db23f-d9d0-4c55-8325-5133bcbeb032","username":"goldenfrog179","password":"bubba123","salt":"LZdUtvsm","md5":"8415fd71597dd6648da13d1ef5ca512c","sha1":"8f5acc93ac5e9390d27a555db834eb7993d1fe3b","sha256":"8af3d34c1fd14d7b447ecf0e2b5e29fb7b65a65d07601b5d66f7498f2f27b94b"},"dob":{"date":"1958-03-10T20:03:51.467Z","age":66},"registered":{"date":"2007-02-02T23:40:35.117Z","age":17},"phone":"04-69-70-11-41","cell":"06-54-86-20-36","id":{"name":"INSEE","value":"2580228255717 92"},"picture":{"large":"https://randomuser.me/api/portraits/women/71.jpg","medium":"https://randomuser.me/api/portraits/med/women/71.jpg","thumbnail":"https://randomuser.me/api/portraits/thumb/women/71.jpg"},"nat":"FR"}],"info":{"seed":"a87656d416e815ca","results":1,"page":1,"version":"1.4"}} 
 </msg>
<msg time="2024-06-01T22:12:58.260211" level="INFO">/opt/hostedtoolcache/Python/3.12.3/x64/lib/python3.12/site-packages/urllib3/connectionpool.py:1103: InsecureRequestWarning: Unverified HTTPS request is being made to host 'randomuser.me'. Adding certificate verification is strongly advised. See: https://urllib3.readthedocs.io/en/latest/advanced-usage.html#tls-warnings
  warnings.warn(</msg>
<msg time="2024-06-01T22:12:58.260303" level="INFO">${response} = &lt;Response [200]&gt;</msg>
<var>${response}</var>
<arg>consultarAPI</arg>
<arg>/api</arg>
<doc>Sends a GET request on a previously created HTTP Session.</doc>
<status status="PASS" start="2024-06-01T22:12:58.161642" elapsed="0.098700"/>
</kw>
<kw name="Set Variable" owner="BuiltIn">
<msg time="2024-06-01T22:12:58.261365" level="INFO">${json_data} = {'results': [{'gender': 'female', 'name': {'title': 'Mrs', 'first': 'Sophia', 'last': 'Sanchez'}, 'location': {'street': {'number': 7355, 'name': 'Esplanade du 9 Novembre 1989'}, 'city': 'Clermont-Fer...</msg>
<var>${json_data}</var>
<arg>${response.json()}</arg>
<doc>Returns the given values which can then be assigned to a variables.</doc>
<status status="PASS" start="2024-06-01T22:12:58.260796" elapsed="0.000597"/>
</kw>
<kw name="Log" owner="BuiltIn">
<msg time="2024-06-01T22:12:58.261850" level="INFO">{'results': [{'gender': 'female', 'name': {'title': 'Mrs', 'first': 'Sophia', 'last': 'Sanchez'}, 'location': {'street': {'number': 7355, 'name': 'Esplanade du 9 Novembre 1989'}, 'city': 'Clermont-Ferrand', 'state': 'Vienne', 'country': 'France', 'postcode': 84126, 'coordinates': {'latitude': '-17.7049', 'longitude': '26.9237'}, 'timezone': {'offset': '+8:00', 'description': 'Beijing, Perth, Singapore, Hong Kong'}}, 'email': 'sophia.sanchez@example.com', 'login': {'uuid': 'ef5db23f-d9d0-4c55-8325-5133bcbeb032', 'username': 'goldenfrog179', 'password': 'bubba123', 'salt': 'LZdUtvsm', 'md5': '8415fd71597dd6648da13d1ef5ca512c', 'sha1': '8f5acc93ac5e9390d27a555db834eb7993d1fe3b', 'sha256': '8af3d34c1fd14d7b447ecf0e2b5e29fb7b65a65d07601b5d66f7498f2f27b94b'}, 'dob': {'date': '1958-03-10T20:03:51.467Z', 'age': 66}, 'registered': {'date': '2007-02-02T23:40:35.117Z', 'age': 17}, 'phone': '04-69-70-11-41', 'cell': '06-54-86-20-36', 'id': {'name': 'INSEE', 'value': '2580228255717 92'}, 'picture': {'large': 'https://randomuser.me/api/portraits/women/71.jpg', 'medium': 'https://randomuser.me/api/portraits/med/women/71.jpg', 'thumbnail': 'https://randomuser.me/api/portraits/thumb/women/71.jpg'}, 'nat': 'FR'}], 'info': {'seed': 'a87656d416e815ca', 'results': 1, 'page': 1, 'version': '1.4'}}</msg>
<arg>${json_data}</arg>
<doc>Logs the given message with the given level.</doc>
<status status="PASS" start="2024-06-01T22:12:58.261697" elapsed="0.000230"/>
</kw>
<kw name="Should Be Equal As Numbers" owner="BuiltIn">
<arg>${json_data['results'][0]['location']['postcode']}</arg>
<arg>${json_data['results'][0]['location']['postcode']}</arg>
<doc>Fails if objects are unequal after converting them to real numbers.</doc>
<status status="PASS" start="2024-06-01T22:12:58.262229" elapsed="0.000611"/>
</kw>
<kw name="Log" owner="BuiltIn">
<msg time="2024-06-01T22:12:58.263421" level="INFO">84126</msg>
<arg>${json_data['results'][0]['location']['postcode']}</arg>
<doc>Logs the given message with the given level.</doc>
<status status="PASS" start="2024-06-01T22:12:58.263035" elapsed="0.000428"/>
</kw>
<status status="PASS" start="2024-06-01T22:12:58.161418" elapsed="0.102300"/>
</kw>
<doc>Testa se os tipos de dados na resposta da API estão corretos.</doc>
<tag>testeTiposDados</tag>
<status status="PASS" start="2024-06-01T22:12:58.041978" elapsed="0.221904"/>
</test>
<test id="s1-s1-t5" name="Validar conteudo" line="35">
<kw name="Teste de Tipos de Conteudo" owner="random-user-service">
<kw name="GET On Session" owner="RequestsLibrary">
<msg time="2024-06-01T22:12:58.366836" level="INFO">GET Request : url=https://randomuser.me/api 
 path_url=/api 
 headers={'User-Agent': 'python-requests/2.32.3', 'Accept-Encoding': 'gzip, deflate', 'Accept': '*/*', 'Connection': 'keep-alive'} 
 body=None 
 </msg>
<msg time="2024-06-01T22:12:58.366925" level="INFO">GET Response : url=https://randomuser.me/api 
 status=200, reason=OK 
 headers={'Date': 'Sat, 01 Jun 2024 22:12:58 GMT', 'Content-Type': 'application/json; charset=utf-8', 'Transfer-Encoding': 'chunked', 'Connection': 'keep-alive', 'X-Powered-By': 'Express', 'Access-Control-Allow-Origin': '*', 'Cache-Control': 'no-cache', 'ETag': 'W/"4a0-DdelDEqwtZnxNAmNIs3YtXkVthk"', 'Vary': 'Accept-Encoding', 'Content-Encoding': 'gzip', 'CF-Cache-Status': 'DYNAMIC', 'Report-To': '{"endpoints":[{"url":"https:\\/\\/a.nel.cloudflare.com\\/report\\/v4?s=gSxcbJ8Y3XHSNmvN8dhlmH%2BAw63EP3wYL7pckOYEoZyPXyHfxFNavx6qPtseqCeX01EC5jaT26GOgyuyRQ0JVOpSdgvF52qreeCauLoYJ%2FaYkSHj4XI7%2Flo1lEX%2F3t2X"}],"group":"cf-nel","max_age":604800}', 'NEL': '{"success_fraction":0,"report_to":"cf-nel","max_age":604800}', 'Server': 'cloudflare', 'CF-RAY': '88d28c582f3e83f2-LAX', 'alt-svc': 'h3=":443"; ma=86400'} 
 body={"results":[{"gender":"male","name":{"title":"Mr","first":"William","last":"Campbell"},"location":{"street":{"number":8071,"name":"Concession Road 23"},"city":"Cumberland","state":"Québec","country":"Canada","postcode":"B4T 5R3","coordinates":{"latitude":"-70.9710","longitude":"-44.5738"},"timezone":{"offset":"-5:00","description":"Eastern Time (US &amp; Canada), Bogota, Lima"}},"email":"william.campbell@example.com","login":{"uuid":"f23c53d6-d007-4cac-a835-b13d99eb4b03","username":"brownfrog743","password":"klondike","salt":"1bcEWNW3","md5":"589f4f23c14f4afad0b83ed3e2fadd8e","sha1":"b749dbcaeb1f2bf7ec2bb87200c1a2ff2cc35858","sha256":"fcc697bef201d8d7c213d4c268ebfda0f9eaa48468826fa5ed59ac6496e1ead6"},"dob":{"date":"1950-06-10T09:07:29.443Z","age":73},"registered":{"date":"2006-01-24T15:17:32.754Z","age":18},"phone":"P58 S36-0231","cell":"K33 C88-4576","id":{"name":"SIN","value":"544059934"},"picture":{"large":"https://randomuser.me/api/portraits/men/83.jpg","medium":"https://randomuser.me/api/portraits/med/men/83.jpg","thumbnail":"https://randomuser.me/api/portraits/thumb/men/83.jpg"},"nat":"CA"}],"info":{"seed":"58e0ae4d55278c3f","results":1,"page":1,"version":"1.4"}} 
 </msg>
<msg time="2024-06-01T22:12:58.367003" level="INFO">/opt/hostedtoolcache/Python/3.12.3/x64/lib/python3.12/site-packages/urllib3/connectionpool.py:1103: InsecureRequestWarning: Unverified HTTPS request is being made to host 'randomuser.me'. Adding certificate verification is strongly advised. See: https://urllib3.readthedocs.io/en/latest/advanced-usage.html#tls-warnings
  warnings.warn(</msg>
<msg time="2024-06-01T22:12:58.367138" level="INFO">${response} = &lt;Response [200]&gt;</msg>
<var>${response}</var>
<arg>consultarAPI</arg>
<arg>/api</arg>
<doc>Sends a GET request on a previously created HTTP Session.</doc>
<status status="PASS" start="2024-06-01T22:12:58.266306" elapsed="0.100885"/>
</kw>
<kw name="Set Variable" owner="BuiltIn">
<msg time="2024-06-01T22:12:58.368093" level="INFO">${json_data} = {'results': [{'gender': 'male', 'name': {'title': 'Mr', 'first': 'William', 'last': 'Campbell'}, 'location': {'street': {'number': 8071, 'name': 'Concession Road 23'}, 'city': 'Cumberland', 'state': '...</msg>
<var>${json_data}</var>
<arg>${response.json()}</arg>
<doc>Returns the given values which can then be assigned to a variables.</doc>
<status status="PASS" start="2024-06-01T22:12:58.367632" elapsed="0.000490"/>
</kw>
<kw name="Set Variable" owner="BuiltIn">
<msg time="2024-06-01T22:12:58.368814" level="INFO">${name_title} = Mr</msg>
<var>${name_title}</var>
<arg>${json_data["results"][0]["name"]["title"]}</arg>
<doc>Returns the given values which can then be assigned to a variables.</doc>
<status status="PASS" start="2024-06-01T22:12:58.368422" elapsed="0.000417"/>
</kw>
<kw name="Create List" owner="BuiltIn">
<msg time="2024-06-01T22:12:58.369287" level="INFO">${allowed_titles} = ['Mr', 'Ms', 'Miss', 'Mrs', 'Madame', 'Monsieur']</msg>
<var>${allowed_titles}</var>
<arg>Mr</arg>
<arg>Ms</arg>
<arg>Miss</arg>
<arg>Mrs</arg>
<arg>Madame</arg>
<arg>Monsieur</arg>
<doc>Returns a list containing given items.</doc>
<status status="PASS" start="2024-06-01T22:12:58.369138" elapsed="0.000173"/>
</kw>
<kw name="List Should Contain Value" owner="Collections">
<msg time="2024-06-01T22:12:58.369783" level="INFO">False</msg>
<arg>${allowed_titles}</arg>
<arg>${name_title}</arg>
<doc>Fails if the ``value`` is not found from ``list``.</doc>
<status status="PASS" start="2024-06-01T22:12:58.369612" elapsed="0.000207"/>
</kw>
<kw name="Set Variable" owner="BuiltIn">
<msg time="2024-06-01T22:12:58.370638" level="INFO">${name_country} = CA</msg>
<var>${name_country}</var>
<arg>${json_data["results"][0]["nat"]}</arg>
<doc>Returns the given values which can then be assigned to a variables.</doc>
<status status="PASS" start="2024-06-01T22:12:58.370120" elapsed="0.000543"/>
</kw>
<kw name="Create List" owner="BuiltIn">
<msg time="2024-06-01T22:12:58.371600" level="INFO">${list_country} = ['AD', 'AE', 'AF', 'AG', 'AI', 'AL', 'AM', 'AO', 'AQ', 'AR', 'AS', 'AT', 'AU', 'AW', 'AX', 'AZ', 'BA', 'BB', 'BD', 'BE', 'BF', 'BG', 'BH', 'BI', 'BJ', 'BL', 'BM', 'BN', 'BO', 'BQ', 'BR', 'BS', 'BT', '...</msg>
<var>${list_country}</var>
<arg>AD</arg>
<arg>AE</arg>
<arg>AF</arg>
<arg>AG</arg>
<arg>AI</arg>
<arg>AL</arg>
<arg>AM</arg>
<arg>AO</arg>
<arg>AQ</arg>
<arg>AR</arg>
<arg>AS</arg>
<arg>AT</arg>
<arg>AU</arg>
<arg>AW</arg>
<arg>AX</arg>
<arg>AZ</arg>
<arg>BA</arg>
<arg>BB</arg>
<arg>BD</arg>
<arg>BE</arg>
<arg>BF</arg>
<arg>BG</arg>
<arg>BH</arg>
<arg>BI</arg>
<arg>BJ</arg>
<arg>BL</arg>
<arg>BM</arg>
<arg>BN</arg>
<arg>BO</arg>
<arg>BQ</arg>
<arg>BR</arg>
<arg>BS</arg>
<arg>BT</arg>
<arg>BV</arg>
<arg>BW</arg>
<arg>BY</arg>
<arg>BZ</arg>
<arg>CA</arg>
<arg>CC</arg>
<arg>CD</arg>
<arg>CF</arg>
<arg>CG</arg>
<arg>CH</arg>
<arg>CI</arg>
<arg>CK</arg>
<arg>CL</arg>
<arg>CM</arg>
<arg>CN</arg>
<arg>CO</arg>
<arg>CR</arg>
<arg>CU</arg>
<arg>CV</arg>
<arg>CW</arg>
<arg>CX</arg>
<arg>CY</arg>
<arg>CZ</arg>
<arg>DE</arg>
<arg>DJ</arg>
<arg>DK</arg>
<arg>DM</arg>
<arg>DO</arg>
<arg>DZ</arg>
<arg>EC</arg>
<arg>EE</arg>
<arg>EG</arg>
<arg>EH</arg>
<arg>ER</arg>
<arg>ES</arg>
<arg>ET</arg>
<arg>FI</arg>
<arg>FJ</arg>
<arg>FK</arg>
<arg>FM</arg>
<arg>FO</arg>
<arg>FR</arg>
<arg>GA</arg>
<arg>GB</arg>
<arg>GD</arg>
<arg>GE</arg>
<arg>GF</arg>
<arg>GG</arg>
<arg>GH</arg>
<arg>GI</arg>
<arg>GL</arg>
<arg>GM</arg>
<arg>GN</arg>
<arg>GP</arg>
<arg>GQ</arg>
<arg>GR</arg>
<arg>GS</arg>
<arg>GT</arg>
<arg>GU</arg>
<arg>GW</arg>
<arg>GY</arg>
<arg>HK</arg>
<arg>HM</arg>
<arg>HN</arg>
<arg>HR</arg>
<arg>HT</arg>
<arg>HU</arg>
<arg>ID</arg>
<arg>IE</arg>
<arg>IL</arg>
<arg>IM</arg>
<arg>IN</arg>
<arg>IO</arg>
<arg>IQ</arg>
<arg>IR</arg>
<arg>IS</arg>
<arg>IT</arg>
<arg>JE</arg>
<arg>JM</arg>
<arg>JO</arg>
<arg>JP</arg>
<arg>KE</arg>
<arg>KG</arg>
<arg>KH</arg>
<arg>KI</arg>
<arg>KM</arg>
<arg>KN</arg>
<arg>KP</arg>
<arg>KR</arg>
<arg>KW</arg>
<arg>KY</arg>
<arg>KZ</arg>
<arg>LA</arg>
<arg>LB</arg>
<arg>LC</arg>
<arg>LI</arg>
<arg>LK</arg>
<arg>LR</arg>
<arg>LS</arg>
<arg>LT</arg>
<arg>LU</arg>
<arg>LV</arg>
<arg>LY</arg>
<arg>MA</arg>
<arg>MC</arg>
<arg>MD</arg>
<arg>ME</arg>
<arg>MF</arg>
<arg>MG</arg>
<arg>MH</arg>
<arg>MK</arg>
<arg>ML</arg>
<arg>MM</arg>
<arg>MN</arg>
<arg>MO</arg>
<arg>MP</arg>
<arg>MQ</arg>
<arg>MR</arg>
<arg>MS</arg>
<arg>MT</arg>
<arg>MU</arg>
<arg>MV</arg>
<arg>MW</arg>
<arg>MX</arg>
<arg>MY</arg>
<arg>MZ</arg>
<arg>NA</arg>
<arg>NC</arg>
<arg>NE</arg>
<arg>NF</arg>
<arg>NG</arg>
<arg>NI</arg>
<arg>NL</arg>
<arg>NO</arg>
<arg>NP</arg>
<arg>NR</arg>
<arg>NU</arg>
<arg>NZ</arg>
<arg>OM</arg>
<arg>PA</arg>
<arg>PE</arg>
<arg>PF</arg>
<arg>PG</arg>
<arg>PH</arg>
<arg>PK</arg>
<arg>PL</arg>
<arg>PM</arg>
<arg>PN</arg>
<arg>PR</arg>
<arg>PS</arg>
<arg>PT</arg>
<arg>PW</arg>
<arg>PY</arg>
<arg>QA</arg>
<arg>RE</arg>
<arg>RO</arg>
<arg>RS</arg>
<arg>RU</arg>
<arg>RW</arg>
<arg>SA</arg>
<arg>SB</arg>
<arg>SC</arg>
<arg>SD</arg>
<arg>SE</arg>
<arg>SG</arg>
<arg>SH</arg>
<arg>SI</arg>
<arg>SJ</arg>
<arg>SK</arg>
<arg>SL</arg>
<arg>SM</arg>
<arg>SN</arg>
<arg>SO</arg>
<arg>SR</arg>
<arg>SS</arg>
<arg>ST</arg>
<arg>SV</arg>
<arg>SX</arg>
<arg>SY</arg>
<arg>SZ</arg>
<arg>TC</arg>
<arg>TD</arg>
<arg>TF</arg>
<arg>TG</arg>
<arg>TH</arg>
<arg>TJ</arg>
<arg>TK</arg>
<arg>TL</arg>
<arg>TM</arg>
<arg>TN</arg>
<arg>TO</arg>
<arg>TR</arg>
<arg>TT</arg>
<arg>TV</arg>
<arg>TW</arg>
<arg>TZ</arg>
<arg>UA</arg>
<arg>UG</arg>
<arg>UM</arg>
<arg>US</arg>
<arg>UY</arg>
<arg>UZ</arg>
<arg>VA</arg>
<arg>VC</arg>
<arg>VE</arg>
<arg>VG</arg>
<arg>VI</arg>
<arg>VN</arg>
<arg>VU</arg>
<arg>WF</arg>
<arg>WS</arg>
<arg>XK</arg>
<arg>YE</arg>
<arg>YT</arg>
<arg>ZA</arg>
<arg>ZM</arg>
<arg>ZW</arg>
<doc>Returns a list containing given items.</doc>
<status status="PASS" start="2024-06-01T22:12:58.370968" elapsed="0.000658"/>
</kw>
<kw name="List Should Contain Value" owner="Collections">
<msg time="2024-06-01T22:12:58.372610" level="INFO">False</msg>
<arg>${list_country}</arg>
<arg>${name_country}</arg>
<doc>Fails if the ``value`` is not found from ``list``.</doc>
<status status="PASS" start="2024-06-01T22:12:58.372409" elapsed="0.000237"/>
</kw>
<kw name="Run Keyword If" owner="BuiltIn">
<kw name="Should Be True" owner="BuiltIn">
<arg>${True}</arg>
<doc>Fails if the given condition is not true.</doc>
<status status="PASS" start="2024-06-01T22:12:58.373731" elapsed="0.000148"/>
</kw>
<arg>${json_data["results"][0]["location"]["coordinates"]["latitude"]} &gt;= -90 and ${json_data["results"][0]["location"]["coordinates"]["latitude"]} &lt;= 90</arg>
<arg>Should Be True</arg>
<arg>${True}</arg>
<doc>Runs the given keyword with the given arguments, if ``condition`` is true.</doc>
<status status="PASS" start="2024-06-01T22:12:58.372959" elapsed="0.001045"/>
</kw>
<kw name="Run Keyword If" owner="BuiltIn">
<kw name="Should Be True" owner="BuiltIn">
<arg>${True}</arg>
<doc>Fails if the given condition is not true.</doc>
<status status="PASS" start="2024-06-01T22:12:58.374884" elapsed="0.000137"/>
</kw>
<arg>${json_data["results"][0]["location"]["coordinates"]["longitude"]} &gt;= -180 and ${json_data["results"][0]["location"]["coordinates"]["longitude"]} &lt;= 180</arg>
<arg>Should Be True</arg>
<arg>${True}</arg>
<doc>Runs the given keyword with the given arguments, if ``condition`` is true.</doc>
<status status="PASS" start="2024-06-01T22:12:58.374195" elapsed="0.000970"/>
</kw>
<status status="PASS" start="2024-06-01T22:12:58.266078" elapsed="0.109216"/>
</kw>
<doc>Testa o conteúdo específico dos campos retornados pela API.</doc>
<tag>testeConteudo</tag>
<status status="PASS" start="2024-06-01T22:12:58.265633" elapsed="0.109804"/>
</test>
<status status="PASS" start="2024-06-01T22:12:57.411544" elapsed="0.965897"/>
</suite>
<status status="PASS" start="2024-06-01T22:12:57.398193" elapsed="0.984413"/>
</suite>
<statistics>
<total>
<stat pass="5" fail="0" skip="0">All Tests</stat>
</total>
<tag>
<stat pass="1" fail="0" skip="0">testeConteudo</stat>
<stat pass="1" fail="0" skip="0">testeEstruturaResposta</stat>
<stat pass="1" fail="0" skip="0">testeRequisicaoBasica</stat>
<stat pass="1" fail="0" skip="0">testeTiposDados</stat>
</tag>
<suite>
<stat pass="5" fail="0" skip="0" id="s1" name="Tests">Tests</stat>
<stat pass="5" fail="0" skip="0" id="s1-s1" name="Random-User-Test">Tests.Random-User-Test</stat>
</suite>
</statistics>
<errors>
</errors>
</robot>
