<?xml version="1.0" encoding="UTF-8"?>
<robot generator="Robot 7.0 (Python 3.12.2 on linux)" generated="2024-04-15T19:12:02.110929" rpa="false" schemaversion="5">
<suite id="s1" name="Tests" source="/home/runner/work/DesafioQAItauRogerioJordao/DesafioQAItauRogerioJordao/RamdonUser/tests">
<suite id="s1-s1" name="Random-User-Test" source="/home/runner/work/DesafioQAItauRogerioJordao/DesafioQAItauRogerioJordao/RamdonUser/tests/random-user-test.robot">
<test id="s1-s1-t1" name="Conectar" line="13">
<kw name="Conectar API" owner="random-user-service">
<kw name="Create Session" owner="RequestsLibrary">
<msg time="2024-04-15T19:12:02.482686" level="INFO">Creating Session using : alias=consultarAPI, url=https://randomuser.me/, headers={},                     cookies={}, auth=None, timeout=None, proxies=None, verify=False,                     debug=0 </msg>
<arg>consultarAPI</arg>
<arg>${URL}</arg>
<doc>Create Session: create a HTTP session to a server</doc>
<status status="PASS" start="2024-04-15T19:12:02.482488" elapsed="0.000388"/>
</kw>
<status status="PASS" start="2024-04-15T19:12:02.481501" elapsed="0.001736"/>
</kw>
<status status="PASS" start="2024-04-15T19:12:02.480900" elapsed="0.002543"/>
</test>
<test id="s1-s1-t2" name="Validar retorno 200 e JSON Válido" line="16">
<kw name="Teste de Requisicao Basica" owner="random-user-service">
<kw name="GET On Session" owner="RequestsLibrary">
<msg time="2024-04-15T19:12:02.608678" level="INFO">GET Request : url=https://randomuser.me/api 
 path_url=/api 
 headers={'User-Agent': 'python-requests/2.31.0', 'Accept-Encoding': 'gzip, deflate', 'Accept': '*/*', 'Connection': 'keep-alive'} 
 body=None 
 </msg>
<msg time="2024-04-15T19:12:02.608861" level="INFO">GET Response : url=https://randomuser.me/api 
 status=200, reason=OK 
 headers={'Date': 'Mon, 15 Apr 2024 19:12:02 GMT', 'Content-Type': 'application/json; charset=utf-8', 'Transfer-Encoding': 'chunked', 'Connection': 'keep-alive', 'X-Powered-By': 'Express', 'Access-Control-Allow-Origin': '*', 'Cache-Control': 'no-cache', 'ETag': 'W/"490-aqOP+p8h1YiHz1JeiJxNLjLczR8"', 'Vary': 'Accept-Encoding', 'Content-Encoding': 'gzip', 'CF-Cache-Status': 'DYNAMIC', 'Report-To': '{"endpoints":[{"url":"https:\\/\\/a.nel.cloudflare.com\\/report\\/v4?s=wbTgxiXPZ0eoRlnx3bvQWq0Fh0NpI%2Fzyr7i0ZG%2BYdbAO1NlZD0KLTmfq6luFGQ6oZYN%2FC27KFcFSVIfhtU2gMqhQcox4NARmFZwr0dWEA6N%2B85jkCdK58bFeVhVofl%2Fa"}],"group":"cf-nel","max_age":604800}', 'NEL': '{"success_fraction":0,"report_to":"cf-nel","max_age":604800}', 'Server': 'cloudflare', 'CF-RAY': '874e3eafbad2176d-SJC', 'alt-svc': 'h3=":443"; ma=86400'} 
 body={"results":[{"gender":"male","name":{"title":"Mr","first":"Craig","last":"Carpenter"},"location":{"street":{"number":4874,"name":"Stanley Road"},"city":"Leicester","state":"Suffolk","country":"United Kingdom","postcode":"H7P 9FJ","coordinates":{"latitude":"-5.4444","longitude":"-50.5972"},"timezone":{"offset":"+6:00","description":"Almaty, Dhaka, Colombo"}},"email":"craig.carpenter@example.com","login":{"uuid":"31c7c7d6-5fc8-4b47-8d8d-ce6a7a0b1375","username":"lazyswan792","password":"sunflowe","salt":"w8XGSsBq","md5":"103be5454f267a071bb42921fd1c876c","sha1":"967fc14d1f595909d0ca5b98b9f2187c6801237b","sha256":"04745a328dc41cd8f6f2c699bd09490d251d9bd4c7f34a2ee85c07cbcaee7adf"},"dob":{"date":"1996-08-08T07:47:27.958Z","age":27},"registered":{"date":"2010-04-18T04:22:15.943Z","age":13},"phone":"016977 60030","cell":"07617 843468","id":{"name":"NINO","value":"TC 92 08 35 G"},"picture":{"large":"https://randomuser.me/api/portraits/men/66.jpg","medium":"https://randomuser.me/api/portraits/med/men/66.jpg","thumbnail":"https://randomuser.me/api/portraits/thumb/men/66.jpg"},"nat":"GB"}],"info":{"seed":"230e172df381c2d8","results":1,"page":1,"version":"1.4"}} 
 </msg>
<msg time="2024-04-15T19:12:02.608963" level="INFO">/opt/hostedtoolcache/Python/3.12.2/x64/lib/python3.12/site-packages/urllib3/connectionpool.py:1103: InsecureRequestWarning: Unverified HTTPS request is being made to host 'randomuser.me'. Adding certificate verification is strongly advised. See: https://urllib3.readthedocs.io/en/latest/advanced-usage.html#tls-warnings
  warnings.warn(</msg>
<msg time="2024-04-15T19:12:02.609136" level="INFO">${response} = &lt;Response [200]&gt;</msg>
<var>${response}</var>
<arg>consultarAPI</arg>
<arg>/api</arg>
<doc>Sends a GET request on a previously created HTTP Session.</doc>
<status status="PASS" start="2024-04-15T19:12:02.486134" elapsed="0.123044"/>
</kw>
<kw name="Should Be Equal As Numbers" owner="BuiltIn">
<msg time="2024-04-15T19:12:02.610331" level="INFO">Argument types are:
&lt;class 'int'&gt;
&lt;class 'str'&gt;</msg>
<arg>${response.status_code}</arg>
<arg>200</arg>
<doc>Fails if objects are unequal after converting them to real numbers.</doc>
<status status="PASS" start="2024-04-15T19:12:02.609835" elapsed="0.000562"/>
</kw>
<kw name="Log" owner="BuiltIn">
<msg time="2024-04-15T19:12:02.611087" level="INFO">200</msg>
<arg>${response.status_code}</arg>
<doc>Logs the given message with the given level.</doc>
<status status="PASS" start="2024-04-15T19:12:02.610726" elapsed="0.000405"/>
</kw>
<kw name="Set Variable" owner="BuiltIn">
<msg time="2024-04-15T19:12:02.611909" level="INFO">${json_data} = {'results': [{'gender': 'male', 'name': {'title': 'Mr', 'first': 'Craig', 'last': 'Carpenter'}, 'location': {'street': {'number': 4874, 'name': 'Stanley Road'}, 'city': 'Leicester', 'state': 'Suffolk'...</msg>
<var>${json_data}</var>
<arg>${response.json()}</arg>
<doc>Returns the given values which can then be assigned to a variables.</doc>
<status status="PASS" start="2024-04-15T19:12:02.611460" elapsed="0.000479"/>
</kw>
<kw name="Dictionary Should Contain Key" owner="Collections">
<msg time="2024-04-15T19:12:02.612448" level="INFO">False</msg>
<arg>${json_data}</arg>
<arg>results</arg>
<doc>Fails if ``key`` is not found from ``dictionary``.</doc>
<status status="PASS" start="2024-04-15T19:12:02.612272" elapsed="0.000216"/>
</kw>
<status status="PASS" start="2024-04-15T19:12:02.485875" elapsed="0.126880"/>
</kw>
<doc>Testa se a API responde corretamente e retorna um objeto JSON válido.</doc>
<tag>testeRequisicaoBasica</tag>
<status status="PASS" start="2024-04-15T19:12:02.485348" elapsed="0.127594"/>
</test>
<test id="s1-s1-t3" name="Validar estrutura de resposta" line="22">
<kw name="Teste de Estrutura de Resposta" owner="random-user-service">
<kw name="GET On Session" owner="RequestsLibrary">
<msg time="2024-04-15T19:12:02.712238" level="INFO">GET Request : url=https://randomuser.me/api 
 path_url=/api 
 headers={'User-Agent': 'python-requests/2.31.0', 'Accept-Encoding': 'gzip, deflate', 'Accept': '*/*', 'Connection': 'keep-alive'} 
 body=None 
 </msg>
<msg time="2024-04-15T19:12:02.712316" level="INFO">GET Response : url=https://randomuser.me/api 
 status=200, reason=OK 
 headers={'Date': 'Mon, 15 Apr 2024 19:12:02 GMT', 'Content-Type': 'application/json; charset=utf-8', 'Transfer-Encoding': 'chunked', 'Connection': 'keep-alive', 'X-Powered-By': 'Express', 'Access-Control-Allow-Origin': '*', 'Cache-Control': 'no-cache', 'ETag': 'W/"4b3-W4SN8klA22Fd6Twkk0IzYGs7wUE"', 'Vary': 'Accept-Encoding', 'Content-Encoding': 'gzip', 'CF-Cache-Status': 'DYNAMIC', 'Report-To': '{"endpoints":[{"url":"https:\\/\\/a.nel.cloudflare.com\\/report\\/v4?s=J933glb9ZrJlq%2FIvempsLHm9X%2FCaZWMyjoggWew4cfyz9kN%2FRbje8ePj731JyhRg7vAGb495ro0xxeOyyE1TCwLS1EHPVHjM7AXV1M1xXHkLENFDBXPHPLHynB0nbRnk"}],"group":"cf-nel","max_age":604800}', 'NEL': '{"success_fraction":0,"report_to":"cf-nel","max_age":604800}', 'Server': 'cloudflare', 'CF-RAY': '874e3eb05b90176d-SJC', 'alt-svc': 'h3=":443"; ma=86400'} 
 body={"results":[{"gender":"female","name":{"title":"Mrs","first":"Salma","last":"de Jesús"},"location":{"street":{"number":1472,"name":"Continuación Yucatán"},"city":"Jesús María Garza","state":"Baja California Sur","country":"Mexico","postcode":76426,"coordinates":{"latitude":"27.8601","longitude":"111.6586"},"timezone":{"offset":"-1:00","description":"Azores, Cape Verde Islands"}},"email":"salma.dejesus@example.com","login":{"uuid":"d4962761-b3b2-4901-a20a-47c47479640e","username":"redfish524","password":"12341234","salt":"oRiJdeNj","md5":"a6cadfe3b5db397c9530558d9596bcb8","sha1":"ef98140dad8fa84475c030bc89d19f968f55ecd6","sha256":"9835f8f46acd74acc2584664de26417c6062929a103fe4e3cbe80c78a15557f1"},"dob":{"date":"1990-04-11T15:47:56.666Z","age":34},"registered":{"date":"2008-04-21T14:52:29.393Z","age":15},"phone":"(624) 543 0808","cell":"(637) 791 3692","id":{"name":"NSS","value":"16 93 06 0918 9"},"picture":{"large":"https://randomuser.me/api/portraits/women/46.jpg","medium":"https://randomuser.me/api/portraits/med/women/46.jpg","thumbnail":"https://randomuser.me/api/portraits/thumb/women/46.jpg"},"nat":"MX"}],"info":{"seed":"b1da5204586c5144","results":1,"page":1,"version":"1.4"}} 
 </msg>
<msg time="2024-04-15T19:12:02.712416" level="INFO">/opt/hostedtoolcache/Python/3.12.2/x64/lib/python3.12/site-packages/urllib3/connectionpool.py:1103: InsecureRequestWarning: Unverified HTTPS request is being made to host 'randomuser.me'. Adding certificate verification is strongly advised. See: https://urllib3.readthedocs.io/en/latest/advanced-usage.html#tls-warnings
  warnings.warn(</msg>
<msg time="2024-04-15T19:12:02.712513" level="INFO">${response} = &lt;Response [200]&gt;</msg>
<var>${response}</var>
<arg>consultarAPI</arg>
<arg>/api</arg>
<doc>Sends a GET request on a previously created HTTP Session.</doc>
<status status="PASS" start="2024-04-15T19:12:02.615672" elapsed="0.096883"/>
</kw>
<kw name="Set Variable" owner="BuiltIn">
<msg time="2024-04-15T19:12:02.713622" level="INFO">${json_data} = {'results': [{'gender': 'female', 'name': {'title': 'Mrs', 'first': 'Salma', 'last': 'de Jesús'}, 'location': {'street': {'number': 1472, 'name': 'Continuación Yucatán'}, 'city': 'Jesús María Garza', ...</msg>
<var>${json_data}</var>
<arg>${response.json()}</arg>
<doc>Returns the given values which can then be assigned to a variables.</doc>
<status status="PASS" start="2024-04-15T19:12:02.713032" elapsed="0.000620"/>
</kw>
<kw name="Log" owner="BuiltIn">
<msg time="2024-04-15T19:12:02.714129" level="INFO">{'results': [{'gender': 'female', 'name': {'title': 'Mrs', 'first': 'Salma', 'last': 'de Jesús'}, 'location': {'street': {'number': 1472, 'name': 'Continuación Yucatán'}, 'city': 'Jesús María Garza', 'state': 'Baja California Sur', 'country': 'Mexico', 'postcode': 76426, 'coordinates': {'latitude': '27.8601', 'longitude': '111.6586'}, 'timezone': {'offset': '-1:00', 'description': 'Azores, Cape Verde Islands'}}, 'email': 'salma.dejesus@example.com', 'login': {'uuid': 'd4962761-b3b2-4901-a20a-47c47479640e', 'username': 'redfish524', 'password': '12341234', 'salt': 'oRiJdeNj', 'md5': 'a6cadfe3b5db397c9530558d9596bcb8', 'sha1': 'ef98140dad8fa84475c030bc89d19f968f55ecd6', 'sha256': '9835f8f46acd74acc2584664de26417c6062929a103fe4e3cbe80c78a15557f1'}, 'dob': {'date': '1990-04-11T15:47:56.666Z', 'age': 34}, 'registered': {'date': '2008-04-21T14:52:29.393Z', 'age': 15}, 'phone': '(624) 543 0808', 'cell': '(637) 791 3692', 'id': {'name': 'NSS', 'value': '16 93 06 0918 9'}, 'picture': {'large': 'https://randomuser.me/api/portraits/women/46.jpg', 'medium': 'https://randomuser.me/api/portraits/med/women/46.jpg', 'thumbnail': 'https://randomuser.me/api/portraits/thumb/women/46.jpg'}, 'nat': 'MX'}], 'info': {'seed': 'b1da5204586c5144', 'results': 1, 'page': 1, 'version': '1.4'}}</msg>
<arg>${json_data}</arg>
<doc>Logs the given message with the given level.</doc>
<status status="PASS" start="2024-04-15T19:12:02.713967" elapsed="0.000212"/>
</kw>
<kw name="Dictionary Should Contain Key" owner="Collections">
<msg time="2024-04-15T19:12:02.714646" level="INFO">False</msg>
<arg>${json_data}</arg>
<arg>results</arg>
<doc>Fails if ``key`` is not found from ``dictionary``.</doc>
<status status="PASS" start="2024-04-15T19:12:02.714476" elapsed="0.000209"/>
</kw>
<kw name="Should Not Be Empty" owner="BuiltIn">
<msg time="2024-04-15T19:12:02.715121" level="INFO">Length is 2.</msg>
<arg>${json_data}</arg>
<doc>Verifies that the given item is not empty.</doc>
<status status="PASS" start="2024-04-15T19:12:02.714988" elapsed="0.000173"/>
</kw>
<kw name="Create List" owner="BuiltIn">
<msg time="2024-04-15T19:12:02.715755" level="INFO">${expected_keys} = ['gender', 'name', 'location', 'email', 'login']</msg>
<var>${expected_keys}</var>
<arg>gender</arg>
<arg>name</arg>
<arg>location</arg>
<arg>email</arg>
<arg>login</arg>
<doc>Returns a list containing given items.</doc>
<status status="PASS" start="2024-04-15T19:12:02.715463" elapsed="0.000318"/>
</kw>
<for flavor="IN">
<iter>
<kw name="Dictionary Should Contain Key" owner="Collections">
<msg time="2024-04-15T19:12:02.716807" level="INFO">False</msg>
<arg>${json_data['results'][0]}</arg>
<arg>${key}</arg>
<doc>Fails if ``key`` is not found from ``dictionary``.</doc>
<status status="PASS" start="2024-04-15T19:12:02.716405" elapsed="0.000441"/>
</kw>
<kw name="Log" owner="BuiltIn">
<msg time="2024-04-15T19:12:02.717521" level="INFO">{'gender': 'female', 'name': {'title': 'Mrs', 'first': 'Salma', 'last': 'de Jesús'}, 'location': {'street': {'number': 1472, 'name': 'Continuación Yucatán'}, 'city': 'Jesús María Garza', 'state': 'Baja California Sur', 'country': 'Mexico', 'postcode': 76426, 'coordinates': {'latitude': '27.8601', 'longitude': '111.6586'}, 'timezone': {'offset': '-1:00', 'description': 'Azores, Cape Verde Islands'}}, 'email': 'salma.dejesus@example.com', 'login': {'uuid': 'd4962761-b3b2-4901-a20a-47c47479640e', 'username': 'redfish524', 'password': '12341234', 'salt': 'oRiJdeNj', 'md5': 'a6cadfe3b5db397c9530558d9596bcb8', 'sha1': 'ef98140dad8fa84475c030bc89d19f968f55ecd6', 'sha256': '9835f8f46acd74acc2584664de26417c6062929a103fe4e3cbe80c78a15557f1'}, 'dob': {'date': '1990-04-11T15:47:56.666Z', 'age': 34}, 'registered': {'date': '2008-04-21T14:52:29.393Z', 'age': 15}, 'phone': '(624) 543 0808', 'cell': '(637) 791 3692', 'id': {'name': 'NSS', 'value': '16 93 06 0918 9'}, 'picture': {'large': 'https://randomuser.me/api/portraits/women/46.jpg', 'medium': 'https://randomuser.me/api/portraits/med/women/46.jpg', 'thumbnail': 'https://randomuser.me/api/portraits/thumb/women/46.jpg'}, 'nat': 'MX'}</msg>
<arg>${json_data['results'][0]}</arg>
<doc>Logs the given message with the given level.</doc>
<status status="PASS" start="2024-04-15T19:12:02.717149" elapsed="0.000423"/>
</kw>
<kw name="Log" owner="BuiltIn">
<msg time="2024-04-15T19:12:02.718006" level="INFO">gender</msg>
<arg>${key}</arg>
<doc>Logs the given message with the given level.</doc>
<status status="PASS" start="2024-04-15T19:12:02.717876" elapsed="0.000168"/>
</kw>
<var name="${key}">gender</var>
<status status="PASS" start="2024-04-15T19:12:02.716275" elapsed="0.001985"/>
</iter>
<iter>
<kw name="Dictionary Should Contain Key" owner="Collections">
<msg time="2024-04-15T19:12:02.718942" level="INFO">False</msg>
<arg>${json_data['results'][0]}</arg>
<arg>${key}</arg>
<doc>Fails if ``key`` is not found from ``dictionary``.</doc>
<status status="PASS" start="2024-04-15T19:12:02.718558" elapsed="0.000454"/>
</kw>
<kw name="Log" owner="BuiltIn">
<msg time="2024-04-15T19:12:02.719679" level="INFO">{'gender': 'female', 'name': {'title': 'Mrs', 'first': 'Salma', 'last': 'de Jesús'}, 'location': {'street': {'number': 1472, 'name': 'Continuación Yucatán'}, 'city': 'Jesús María Garza', 'state': 'Baja California Sur', 'country': 'Mexico', 'postcode': 76426, 'coordinates': {'latitude': '27.8601', 'longitude': '111.6586'}, 'timezone': {'offset': '-1:00', 'description': 'Azores, Cape Verde Islands'}}, 'email': 'salma.dejesus@example.com', 'login': {'uuid': 'd4962761-b3b2-4901-a20a-47c47479640e', 'username': 'redfish524', 'password': '12341234', 'salt': 'oRiJdeNj', 'md5': 'a6cadfe3b5db397c9530558d9596bcb8', 'sha1': 'ef98140dad8fa84475c030bc89d19f968f55ecd6', 'sha256': '9835f8f46acd74acc2584664de26417c6062929a103fe4e3cbe80c78a15557f1'}, 'dob': {'date': '1990-04-11T15:47:56.666Z', 'age': 34}, 'registered': {'date': '2008-04-21T14:52:29.393Z', 'age': 15}, 'phone': '(624) 543 0808', 'cell': '(637) 791 3692', 'id': {'name': 'NSS', 'value': '16 93 06 0918 9'}, 'picture': {'large': 'https://randomuser.me/api/portraits/women/46.jpg', 'medium': 'https://randomuser.me/api/portraits/med/women/46.jpg', 'thumbnail': 'https://randomuser.me/api/portraits/thumb/women/46.jpg'}, 'nat': 'MX'}</msg>
<arg>${json_data['results'][0]}</arg>
<doc>Logs the given message with the given level.</doc>
<status status="PASS" start="2024-04-15T19:12:02.719316" elapsed="0.000413"/>
</kw>
<kw name="Log" owner="BuiltIn">
<msg time="2024-04-15T19:12:02.720188" level="INFO">name</msg>
<arg>${key}</arg>
<doc>Logs the given message with the given level.</doc>
<status status="PASS" start="2024-04-15T19:12:02.720031" elapsed="0.000198"/>
</kw>
<var name="${key}">name</var>
<status status="PASS" start="2024-04-15T19:12:02.718445" elapsed="0.002009"/>
</iter>
<iter>
<kw name="Dictionary Should Contain Key" owner="Collections">
<msg time="2024-04-15T19:12:02.721131" level="INFO">False</msg>
<arg>${json_data['results'][0]}</arg>
<arg>${key}</arg>
<doc>Fails if ``key`` is not found from ``dictionary``.</doc>
<status status="PASS" start="2024-04-15T19:12:02.720748" elapsed="0.000421"/>
</kw>
<kw name="Log" owner="BuiltIn">
<msg time="2024-04-15T19:12:02.721828" level="INFO">{'gender': 'female', 'name': {'title': 'Mrs', 'first': 'Salma', 'last': 'de Jesús'}, 'location': {'street': {'number': 1472, 'name': 'Continuación Yucatán'}, 'city': 'Jesús María Garza', 'state': 'Baja California Sur', 'country': 'Mexico', 'postcode': 76426, 'coordinates': {'latitude': '27.8601', 'longitude': '111.6586'}, 'timezone': {'offset': '-1:00', 'description': 'Azores, Cape Verde Islands'}}, 'email': 'salma.dejesus@example.com', 'login': {'uuid': 'd4962761-b3b2-4901-a20a-47c47479640e', 'username': 'redfish524', 'password': '12341234', 'salt': 'oRiJdeNj', 'md5': 'a6cadfe3b5db397c9530558d9596bcb8', 'sha1': 'ef98140dad8fa84475c030bc89d19f968f55ecd6', 'sha256': '9835f8f46acd74acc2584664de26417c6062929a103fe4e3cbe80c78a15557f1'}, 'dob': {'date': '1990-04-11T15:47:56.666Z', 'age': 34}, 'registered': {'date': '2008-04-21T14:52:29.393Z', 'age': 15}, 'phone': '(624) 543 0808', 'cell': '(637) 791 3692', 'id': {'name': 'NSS', 'value': '16 93 06 0918 9'}, 'picture': {'large': 'https://randomuser.me/api/portraits/women/46.jpg', 'medium': 'https://randomuser.me/api/portraits/med/women/46.jpg', 'thumbnail': 'https://randomuser.me/api/portraits/thumb/women/46.jpg'}, 'nat': 'MX'}</msg>
<arg>${json_data['results'][0]}</arg>
<doc>Logs the given message with the given level.</doc>
<status status="PASS" start="2024-04-15T19:12:02.721469" elapsed="0.000409"/>
</kw>
<kw name="Log" owner="BuiltIn">
<msg time="2024-04-15T19:12:02.722305" level="INFO">location</msg>
<arg>${key}</arg>
<doc>Logs the given message with the given level.</doc>
<status status="PASS" start="2024-04-15T19:12:02.722179" elapsed="0.000165"/>
</kw>
<var name="${key}">location</var>
<status status="PASS" start="2024-04-15T19:12:02.720636" elapsed="0.001926"/>
</iter>
<iter>
<kw name="Dictionary Should Contain Key" owner="Collections">
<msg time="2024-04-15T19:12:02.723228" level="INFO">False</msg>
<arg>${json_data['results'][0]}</arg>
<arg>${key}</arg>
<doc>Fails if ``key`` is not found from ``dictionary``.</doc>
<status status="PASS" start="2024-04-15T19:12:02.722848" elapsed="0.000418"/>
</kw>
<kw name="Log" owner="BuiltIn">
<msg time="2024-04-15T19:12:02.723929" level="INFO">{'gender': 'female', 'name': {'title': 'Mrs', 'first': 'Salma', 'last': 'de Jesús'}, 'location': {'street': {'number': 1472, 'name': 'Continuación Yucatán'}, 'city': 'Jesús María Garza', 'state': 'Baja California Sur', 'country': 'Mexico', 'postcode': 76426, 'coordinates': {'latitude': '27.8601', 'longitude': '111.6586'}, 'timezone': {'offset': '-1:00', 'description': 'Azores, Cape Verde Islands'}}, 'email': 'salma.dejesus@example.com', 'login': {'uuid': 'd4962761-b3b2-4901-a20a-47c47479640e', 'username': 'redfish524', 'password': '12341234', 'salt': 'oRiJdeNj', 'md5': 'a6cadfe3b5db397c9530558d9596bcb8', 'sha1': 'ef98140dad8fa84475c030bc89d19f968f55ecd6', 'sha256': '9835f8f46acd74acc2584664de26417c6062929a103fe4e3cbe80c78a15557f1'}, 'dob': {'date': '1990-04-11T15:47:56.666Z', 'age': 34}, 'registered': {'date': '2008-04-21T14:52:29.393Z', 'age': 15}, 'phone': '(624) 543 0808', 'cell': '(637) 791 3692', 'id': {'name': 'NSS', 'value': '16 93 06 0918 9'}, 'picture': {'large': 'https://randomuser.me/api/portraits/women/46.jpg', 'medium': 'https://randomuser.me/api/portraits/med/women/46.jpg', 'thumbnail': 'https://randomuser.me/api/portraits/thumb/women/46.jpg'}, 'nat': 'MX'}</msg>
<arg>${json_data['results'][0]}</arg>
<doc>Logs the given message with the given level.</doc>
<status status="PASS" start="2024-04-15T19:12:02.723564" elapsed="0.000415"/>
</kw>
<kw name="Log" owner="BuiltIn">
<msg time="2024-04-15T19:12:02.724443" level="INFO">email</msg>
<arg>${key}</arg>
<doc>Logs the given message with the given level.</doc>
<status status="PASS" start="2024-04-15T19:12:02.724310" elapsed="0.000172"/>
</kw>
<var name="${key}">email</var>
<status status="PASS" start="2024-04-15T19:12:02.722737" elapsed="0.001965"/>
</iter>
<iter>
<kw name="Dictionary Should Contain Key" owner="Collections">
<msg time="2024-04-15T19:12:02.725380" level="INFO">False</msg>
<arg>${json_data['results'][0]}</arg>
<arg>${key}</arg>
<doc>Fails if ``key`` is not found from ``dictionary``.</doc>
<status status="PASS" start="2024-04-15T19:12:02.724996" elapsed="0.000423"/>
</kw>
<kw name="Log" owner="BuiltIn">
<msg time="2024-04-15T19:12:02.726083" level="INFO">{'gender': 'female', 'name': {'title': 'Mrs', 'first': 'Salma', 'last': 'de Jesús'}, 'location': {'street': {'number': 1472, 'name': 'Continuación Yucatán'}, 'city': 'Jesús María Garza', 'state': 'Baja California Sur', 'country': 'Mexico', 'postcode': 76426, 'coordinates': {'latitude': '27.8601', 'longitude': '111.6586'}, 'timezone': {'offset': '-1:00', 'description': 'Azores, Cape Verde Islands'}}, 'email': 'salma.dejesus@example.com', 'login': {'uuid': 'd4962761-b3b2-4901-a20a-47c47479640e', 'username': 'redfish524', 'password': '12341234', 'salt': 'oRiJdeNj', 'md5': 'a6cadfe3b5db397c9530558d9596bcb8', 'sha1': 'ef98140dad8fa84475c030bc89d19f968f55ecd6', 'sha256': '9835f8f46acd74acc2584664de26417c6062929a103fe4e3cbe80c78a15557f1'}, 'dob': {'date': '1990-04-11T15:47:56.666Z', 'age': 34}, 'registered': {'date': '2008-04-21T14:52:29.393Z', 'age': 15}, 'phone': '(624) 543 0808', 'cell': '(637) 791 3692', 'id': {'name': 'NSS', 'value': '16 93 06 0918 9'}, 'picture': {'large': 'https://randomuser.me/api/portraits/women/46.jpg', 'medium': 'https://randomuser.me/api/portraits/med/women/46.jpg', 'thumbnail': 'https://randomuser.me/api/portraits/thumb/women/46.jpg'}, 'nat': 'MX'}</msg>
<arg>${json_data['results'][0]}</arg>
<doc>Logs the given message with the given level.</doc>
<status status="PASS" start="2024-04-15T19:12:02.725716" elapsed="0.000417"/>
</kw>
<kw name="Log" owner="BuiltIn">
<msg time="2024-04-15T19:12:02.726595" level="INFO">login</msg>
<arg>${key}</arg>
<doc>Logs the given message with the given level.</doc>
<status status="PASS" start="2024-04-15T19:12:02.726455" elapsed="0.000179"/>
</kw>
<var name="${key}">login</var>
<status status="PASS" start="2024-04-15T19:12:02.724880" elapsed="0.001974"/>
</iter>
<var>${key}</var>
<value>@{expected_keys}</value>
<status status="PASS" start="2024-04-15T19:12:02.716044" elapsed="0.010937"/>
</for>
<kw name="Create List" owner="BuiltIn">
<msg time="2024-04-15T19:12:02.727317" level="INFO">${expected_keysTwo} = ['username', 'password']</msg>
<var>${expected_keysTwo}</var>
<arg>username</arg>
<arg>password</arg>
<doc>Returns a list containing given items.</doc>
<status status="PASS" start="2024-04-15T19:12:02.727177" elapsed="0.000165"/>
</kw>
<for flavor="IN">
<iter>
<kw name="Dictionary Should Contain Key" owner="Collections">
<msg time="2024-04-15T19:12:02.728269" level="INFO">False</msg>
<arg>${json_data['results'][0]['login']}</arg>
<arg>${keyTwo}</arg>
<doc>Fails if ``key`` is not found from ``dictionary``.</doc>
<status status="PASS" start="2024-04-15T19:12:02.727842" elapsed="0.000468"/>
</kw>
<kw name="Dictionary Should Contain Key" owner="Collections">
<msg time="2024-04-15T19:12:02.729186" level="INFO">False</msg>
<arg>${json_data['results'][0]['login']}</arg>
<arg>${keyTwo}</arg>
<doc>Fails if ``key`` is not found from ``dictionary``.</doc>
<status status="PASS" start="2024-04-15T19:12:02.728632" elapsed="0.000595"/>
</kw>
<kw name="Log" owner="BuiltIn">
<msg time="2024-04-15T19:12:02.729660" level="INFO">username</msg>
<arg>${keyTwo}</arg>
<doc>Logs the given message with the given level.</doc>
<status status="PASS" start="2024-04-15T19:12:02.729529" elapsed="0.000170"/>
</kw>
<var name="${keyTwo}">username</var>
<status status="PASS" start="2024-04-15T19:12:02.727730" elapsed="0.002184"/>
</iter>
<iter>
<kw name="Dictionary Should Contain Key" owner="Collections">
<msg time="2024-04-15T19:12:02.730590" level="INFO">False</msg>
<arg>${json_data['results'][0]['login']}</arg>
<arg>${keyTwo}</arg>
<doc>Fails if ``key`` is not found from ``dictionary``.</doc>
<status status="PASS" start="2024-04-15T19:12:02.730198" elapsed="0.000430"/>
</kw>
<kw name="Dictionary Should Contain Key" owner="Collections">
<msg time="2024-04-15T19:12:02.731386" level="INFO">False</msg>
<arg>${json_data['results'][0]['login']}</arg>
<arg>${keyTwo}</arg>
<doc>Fails if ``key`` is not found from ``dictionary``.</doc>
<status status="PASS" start="2024-04-15T19:12:02.730927" elapsed="0.000498"/>
</kw>
<kw name="Log" owner="BuiltIn">
<msg time="2024-04-15T19:12:02.731849" level="INFO">password</msg>
<arg>${keyTwo}</arg>
<doc>Logs the given message with the given level.</doc>
<status status="PASS" start="2024-04-15T19:12:02.731722" elapsed="0.000165"/>
</kw>
<var name="${keyTwo}">password</var>
<status status="PASS" start="2024-04-15T19:12:02.730089" elapsed="0.002017"/>
</iter>
<var>${keyTwo}</var>
<value>@{expected_keysTwo}</value>
<status status="PASS" start="2024-04-15T19:12:02.727579" elapsed="0.004686"/>
</for>
<status status="PASS" start="2024-04-15T19:12:02.615427" elapsed="0.116980"/>
</kw>
<doc>Testa a estrutura da resposta da API.</doc>
<tag>testeEstruturaResposta</tag>
<status status="PASS" start="2024-04-15T19:12:02.614790" elapsed="0.117769"/>
</test>
<test id="s1-s1-t4" name="Validar tipos de dados" line="28">
<kw name="Teste de Tipos de Dados" owner="random-user-service">
<kw name="GET On Session" owner="RequestsLibrary">
<msg time="2024-04-15T19:12:03.019900" level="INFO">GET Request : url=https://randomuser.me/api 
 path_url=/api 
 headers={'User-Agent': 'python-requests/2.31.0', 'Accept-Encoding': 'gzip, deflate', 'Accept': '*/*', 'Connection': 'keep-alive'} 
 body=None 
 </msg>
<msg time="2024-04-15T19:12:03.019995" level="INFO">GET Response : url=https://randomuser.me/api 
 status=200, reason=OK 
 headers={'Date': 'Mon, 15 Apr 2024 19:12:03 GMT', 'Content-Type': 'application/json; charset=utf-8', 'Transfer-Encoding': 'chunked', 'Connection': 'keep-alive', 'X-Powered-By': 'Express', 'Access-Control-Allow-Origin': '*', 'Cache-Control': 'no-cache', 'ETag': 'W/"4af-4dZcIH5K07H44LvWpx7ZwtYZ8I8"', 'Vary': 'Accept-Encoding', 'Content-Encoding': 'gzip', 'CF-Cache-Status': 'DYNAMIC', 'Report-To': '{"endpoints":[{"url":"https:\\/\\/a.nel.cloudflare.com\\/report\\/v4?s=AAfTWmQI7177e1%2BVkirCe5FxeBeqygvrMJBgRCNVcXGMvDb%2BwcwcXskNsL%2Fpxr5PfHnbou8YxIvhlLXKyaq9NqiQoWeph9RhJjtlEea6gIa3ddWYI0RNLZ%2BJlI4TvAwA"}],"group":"cf-nel","max_age":604800}', 'NEL': '{"success_fraction":0,"report_to":"cf-nel","max_age":604800}', 'Server': 'cloudflare', 'CF-RAY': '874e3eb11c50176d-SJC', 'alt-svc': 'h3=":443"; ma=86400'} 
 body={"results":[{"gender":"female","name":{"title":"Mrs","first":"یاسمین","last":"زارعی"},"location":{"street":{"number":8335,"name":"مالک اشتر"},"city":"کرمانشاه","state":"آذربایجان شرقی","country":"Iran","postcode":36067,"coordinates":{"latitude":"18.9056","longitude":"1.0040"},"timezone":{"offset":"+9:00","description":"Tokyo, Seoul, Osaka, Sapporo, Yakutsk"}},"email":"ysmyn.zraay@example.com","login":{"uuid":"f49ed9e0-4a4a-4b61-b329-4d3ac1e2ef98","username":"organicfrog839","password":"burrito","salt":"QsNTAhpp","md5":"0dee7ee97ee1a56e4cb045dd96237c07","sha1":"0b0d9fe4e061d52a590215880829a0814c650479","sha256":"89f4abd07c599ac02f0bab0bdb747c3fb3821972a5493b465b18fb38c381a884"},"dob":{"date":"1956-11-05T22:47:24.044Z","age":67},"registered":{"date":"2015-09-28T15:19:24.150Z","age":8},"phone":"008-18965805","cell":"0933-466-3765","id":{"name":"","value":null},"picture":{"large":"https://randomuser.me/api/portraits/women/73.jpg","medium":"https://randomuser.me/api/portraits/med/women/73.jpg","thumbnail":"https://randomuser.me/api/portraits/thumb/women/73.jpg"},"nat":"IR"}],"info":{"seed":"d47444e9ce1fc1fb","results":1,"page":1,"version":"1.4"}} 
 </msg>
<msg time="2024-04-15T19:12:03.020071" level="INFO">/opt/hostedtoolcache/Python/3.12.2/x64/lib/python3.12/site-packages/urllib3/connectionpool.py:1103: InsecureRequestWarning: Unverified HTTPS request is being made to host 'randomuser.me'. Adding certificate verification is strongly advised. See: https://urllib3.readthedocs.io/en/latest/advanced-usage.html#tls-warnings
  warnings.warn(</msg>
<msg time="2024-04-15T19:12:03.020219" level="INFO">${response} = &lt;Response [200]&gt;</msg>
<var>${response}</var>
<arg>consultarAPI</arg>
<arg>/api</arg>
<doc>Sends a GET request on a previously created HTTP Session.</doc>
<status status="PASS" start="2024-04-15T19:12:02.735077" elapsed="0.285182"/>
</kw>
<kw name="Set Variable" owner="BuiltIn">
<msg time="2024-04-15T19:12:03.021423" level="INFO">${json_data} = {'results': [{'gender': 'female', 'name': {'title': 'Mrs', 'first': 'یاسمین', 'last': 'زارعی'}, 'location': {'street': {'number': 8335, 'name': 'مالک اشتر'}, 'city': 'کرمانشاه', 'state': 'آذربایجان شر...</msg>
<var>${json_data}</var>
<arg>${response.json()}</arg>
<doc>Returns the given values which can then be assigned to a variables.</doc>
<status status="PASS" start="2024-04-15T19:12:03.020866" elapsed="0.000588"/>
</kw>
<kw name="Log" owner="BuiltIn">
<msg time="2024-04-15T19:12:03.021925" level="INFO">{'results': [{'gender': 'female', 'name': {'title': 'Mrs', 'first': 'یاسمین', 'last': 'زارعی'}, 'location': {'street': {'number': 8335, 'name': 'مالک اشتر'}, 'city': 'کرمانشاه', 'state': 'آذربایجان شرقی', 'country': 'Iran', 'postcode': 36067, 'coordinates': {'latitude': '18.9056', 'longitude': '1.0040'}, 'timezone': {'offset': '+9:00', 'description': 'Tokyo, Seoul, Osaka, Sapporo, Yakutsk'}}, 'email': 'ysmyn.zraay@example.com', 'login': {'uuid': 'f49ed9e0-4a4a-4b61-b329-4d3ac1e2ef98', 'username': 'organicfrog839', 'password': 'burrito', 'salt': 'QsNTAhpp', 'md5': '0dee7ee97ee1a56e4cb045dd96237c07', 'sha1': '0b0d9fe4e061d52a590215880829a0814c650479', 'sha256': '89f4abd07c599ac02f0bab0bdb747c3fb3821972a5493b465b18fb38c381a884'}, 'dob': {'date': '1956-11-05T22:47:24.044Z', 'age': 67}, 'registered': {'date': '2015-09-28T15:19:24.150Z', 'age': 8}, 'phone': '008-18965805', 'cell': '0933-466-3765', 'id': {'name': '', 'value': None}, 'picture': {'large': 'https://randomuser.me/api/portraits/women/73.jpg', 'medium': 'https://randomuser.me/api/portraits/med/women/73.jpg', 'thumbnail': 'https://randomuser.me/api/portraits/thumb/women/73.jpg'}, 'nat': 'IR'}], 'info': {'seed': 'd47444e9ce1fc1fb', 'results': 1, 'page': 1, 'version': '1.4'}}</msg>
<arg>${json_data}</arg>
<doc>Logs the given message with the given level.</doc>
<status status="PASS" start="2024-04-15T19:12:03.021762" elapsed="0.000250"/>
</kw>
<kw name="Should Be String" owner="String">
<arg>${json_data['results'][0]['gender']}</arg>
<doc>Fails if the given ``item`` is not a string.</doc>
<status status="PASS" start="2024-04-15T19:12:03.022313" elapsed="0.000364"/>
</kw>
<kw name="Should Match Regexp" owner="BuiltIn">
<arg>${json_data['results'][0]['email']}</arg>
<arg>^[a-zA-Z0-9._%+-]+@[a-zA-Z0-9.-]+\.[a-zA-Z]{2,}$</arg>
<doc>Fails if ``string`` does not match ``pattern`` as a regular expression.</doc>
<status status="PASS" start="2024-04-15T19:12:03.022867" elapsed="0.000512"/>
</kw>
<kw name="Should Match Regexp" owner="BuiltIn">
<arg>${json_data['results'][0]['dob']['date']}</arg>
<arg>\\d{4}-\\d{2}-\\d{2}T\\d{2}:\\d{2}:\\d{2}\\.\\d{3}Z</arg>
<doc>Fails if ``string`` does not match ``pattern`` as a regular expression.</doc>
<status status="PASS" start="2024-04-15T19:12:03.023574" elapsed="0.000483"/>
</kw>
<kw name="Should Match Regexp" owner="BuiltIn">
<arg>${json_data['results'][0]['registered']['date']}</arg>
<arg>\\d{4}-\\d{2}-\\d{2}T\\d{2}:\\d{2}:\\d{2}\\.\\d{3}Z</arg>
<doc>Fails if ``string`` does not match ``pattern`` as a regular expression.</doc>
<status status="PASS" start="2024-04-15T19:12:03.024285" elapsed="0.000372"/>
</kw>
<kw name="Should Match Regexp" owner="BuiltIn">
<arg>${json_data['results'][0]['picture']['large']}</arg>
<arg>^https?://.*\.(?:png|jpe?g|gif|bmp)$</arg>
<doc>Fails if ``string`` does not match ``pattern`` as a regular expression.</doc>
<status status="PASS" start="2024-04-15T19:12:03.024842" elapsed="0.000456"/>
</kw>
<kw name="Should Match Regexp" owner="BuiltIn">
<arg>${json_data['results'][0]['picture']['medium']}</arg>
<arg>^https?://.*\.(?:png|jpe?g|gif|bmp)$</arg>
<doc>Fails if ``string`` does not match ``pattern`` as a regular expression.</doc>
<status status="PASS" start="2024-04-15T19:12:03.025487" elapsed="0.000349"/>
</kw>
<kw name="Should Match Regexp" owner="BuiltIn">
<arg>${json_data['results'][0]['picture']['thumbnail']}</arg>
<arg>^https?://.*\.(?:png|jpe?g|gif|bmp)$</arg>
<doc>Fails if ``string`` does not match ``pattern`` as a regular expression.</doc>
<status status="PASS" start="2024-04-15T19:12:03.026024" elapsed="0.000345"/>
</kw>
<kw name="Log" owner="BuiltIn">
<msg time="2024-04-15T19:12:03.026869" level="INFO">{'large': 'https://randomuser.me/api/portraits/women/73.jpg', 'medium': 'https://randomuser.me/api/portraits/med/women/73.jpg', 'thumbnail': 'https://randomuser.me/api/portraits/thumb/women/73.jpg'}</msg>
<arg>${json_data['results'][0]['picture']}</arg>
<doc>Logs the given message with the given level.</doc>
<status status="PASS" start="2024-04-15T19:12:03.026544" elapsed="0.000366"/>
</kw>
<status status="PASS" start="2024-04-15T19:12:02.734854" elapsed="0.292316"/>
</kw>
<kw name="Teste de Tipos de Dados - Postcode" owner="random-user-service">
<kw name="GET On Session" owner="RequestsLibrary">
<msg time="2024-04-15T19:12:03.113871" level="INFO">GET Request : url=https://randomuser.me/api 
 path_url=/api 
 headers={'User-Agent': 'python-requests/2.31.0', 'Accept-Encoding': 'gzip, deflate', 'Accept': '*/*', 'Connection': 'keep-alive'} 
 body=None 
 </msg>
<msg time="2024-04-15T19:12:03.113952" level="INFO">GET Response : url=https://randomuser.me/api 
 status=200, reason=OK 
 headers={'Date': 'Mon, 15 Apr 2024 19:12:03 GMT', 'Content-Type': 'application/json; charset=utf-8', 'Transfer-Encoding': 'chunked', 'Connection': 'keep-alive', 'X-Powered-By': 'Express', 'Access-Control-Allow-Origin': '*', 'Cache-Control': 'no-cache', 'ETag': 'W/"495-7gtoEs5pn7Z6mxGYe07VK/ebsq4"', 'Vary': 'Accept-Encoding', 'Content-Encoding': 'gzip', 'CF-Cache-Status': 'DYNAMIC', 'Report-To': '{"endpoints":[{"url":"https:\\/\\/a.nel.cloudflare.com\\/report\\/v4?s=7Kzsvj%2BrmlpDSAw8beaaCkjz6YubzltOaGtLX8nAsD7mXkH8J9Q6ii1BqL5nv3L2OJxDrprzAeaDxwULOq0vHiBKKXpl3qAaN6J9CgloGZzwNWh%2Bp%2FtX5bQdkfGsl2yI"}],"group":"cf-nel","max_age":604800}', 'NEL': '{"success_fraction":0,"report_to":"cf-nel","max_age":604800}', 'Server': 'cloudflare', 'CF-RAY': '874e3eb2fe64176d-SJC', 'alt-svc': 'h3=":443"; ma=86400'} 
 body={"results":[{"gender":"female","name":{"title":"Ms","first":"Angela","last":"Burke"},"location":{"street":{"number":8689,"name":"North Road"},"city":"Laytown-Bettystown-Mornington","state":"Donegal","country":"Ireland","postcode":30892,"coordinates":{"latitude":"0.5654","longitude":"122.6611"},"timezone":{"offset":"-1:00","description":"Azores, Cape Verde Islands"}},"email":"angela.burke@example.com","login":{"uuid":"11d6d782-3e28-4708-a9d2-4fd38b3c62a6","username":"blackfish992","password":"sutton","salt":"6kHDdGyM","md5":"154aaae57feb141062c126fc496531ad","sha1":"5304b85d140342b009ece902d3408681a864673d","sha256":"6381b2592e8e701f7ea92e6226915924c160d76b363f33731aa39362c2a04619"},"dob":{"date":"1994-04-02T10:18:34.889Z","age":30},"registered":{"date":"2006-12-17T12:40:50.769Z","age":17},"phone":"061-284-1637","cell":"081-685-7591","id":{"name":"PPS","value":"7799585T"},"picture":{"large":"https://randomuser.me/api/portraits/women/50.jpg","medium":"https://randomuser.me/api/portraits/med/women/50.jpg","thumbnail":"https://randomuser.me/api/portraits/thumb/women/50.jpg"},"nat":"IE"}],"info":{"seed":"8fff007a9a2f02ed","results":1,"page":1,"version":"1.4"}} 
 </msg>
<msg time="2024-04-15T19:12:03.114014" level="INFO">/opt/hostedtoolcache/Python/3.12.2/x64/lib/python3.12/site-packages/urllib3/connectionpool.py:1103: InsecureRequestWarning: Unverified HTTPS request is being made to host 'randomuser.me'. Adding certificate verification is strongly advised. See: https://urllib3.readthedocs.io/en/latest/advanced-usage.html#tls-warnings
  warnings.warn(</msg>
<msg time="2024-04-15T19:12:03.114113" level="INFO">${response} = &lt;Response [200]&gt;</msg>
<var>${response}</var>
<arg>consultarAPI</arg>
<arg>/api</arg>
<doc>Sends a GET request on a previously created HTTP Session.</doc>
<status status="PASS" start="2024-04-15T19:12:03.027637" elapsed="0.086516"/>
</kw>
<kw name="Set Variable" owner="BuiltIn">
<msg time="2024-04-15T19:12:03.115291" level="INFO">${json_data} = {'results': [{'gender': 'female', 'name': {'title': 'Ms', 'first': 'Angela', 'last': 'Burke'}, 'location': {'street': {'number': 8689, 'name': 'North Road'}, 'city': 'Laytown-Bettystown-Mornington', '...</msg>
<var>${json_data}</var>
<arg>${response.json()}</arg>
<doc>Returns the given values which can then be assigned to a variables.</doc>
<status status="PASS" start="2024-04-15T19:12:03.114682" elapsed="0.000637"/>
</kw>
<kw name="Log" owner="BuiltIn">
<msg time="2024-04-15T19:12:03.115784" level="INFO">{'results': [{'gender': 'female', 'name': {'title': 'Ms', 'first': 'Angela', 'last': 'Burke'}, 'location': {'street': {'number': 8689, 'name': 'North Road'}, 'city': 'Laytown-Bettystown-Mornington', 'state': 'Donegal', 'country': 'Ireland', 'postcode': 30892, 'coordinates': {'latitude': '0.5654', 'longitude': '122.6611'}, 'timezone': {'offset': '-1:00', 'description': 'Azores, Cape Verde Islands'}}, 'email': 'angela.burke@example.com', 'login': {'uuid': '11d6d782-3e28-4708-a9d2-4fd38b3c62a6', 'username': 'blackfish992', 'password': 'sutton', 'salt': '6kHDdGyM', 'md5': '154aaae57feb141062c126fc496531ad', 'sha1': '5304b85d140342b009ece902d3408681a864673d', 'sha256': '6381b2592e8e701f7ea92e6226915924c160d76b363f33731aa39362c2a04619'}, 'dob': {'date': '1994-04-02T10:18:34.889Z', 'age': 30}, 'registered': {'date': '2006-12-17T12:40:50.769Z', 'age': 17}, 'phone': '061-284-1637', 'cell': '081-685-7591', 'id': {'name': 'PPS', 'value': '7799585T'}, 'picture': {'large': 'https://randomuser.me/api/portraits/women/50.jpg', 'medium': 'https://randomuser.me/api/portraits/med/women/50.jpg', 'thumbnail': 'https://randomuser.me/api/portraits/thumb/women/50.jpg'}, 'nat': 'IE'}], 'info': {'seed': '8fff007a9a2f02ed', 'results': 1, 'page': 1, 'version': '1.4'}}</msg>
<arg>${json_data}</arg>
<doc>Logs the given message with the given level.</doc>
<status status="PASS" start="2024-04-15T19:12:03.115627" elapsed="0.000235"/>
</kw>
<kw name="Should Be Equal As Numbers" owner="BuiltIn">
<arg>${json_data['results'][0]['location']['postcode']}</arg>
<arg>${json_data['results'][0]['location']['postcode']}</arg>
<doc>Fails if objects are unequal after converting them to real numbers.</doc>
<status status="PASS" start="2024-04-15T19:12:03.116196" elapsed="0.000769"/>
</kw>
<kw name="Log" owner="BuiltIn">
<msg time="2024-04-15T19:12:03.117492" level="INFO">30892</msg>
<arg>${json_data['results'][0]['location']['postcode']}</arg>
<doc>Logs the given message with the given level.</doc>
<status status="PASS" start="2024-04-15T19:12:03.117159" elapsed="0.000373"/>
</kw>
<status status="PASS" start="2024-04-15T19:12:03.027397" elapsed="0.090394"/>
</kw>
<doc>Testa se os tipos de dados na resposta da API estão corretos.</doc>
<tag>testeTiposDados</tag>
<status status="PASS" start="2024-04-15T19:12:02.734308" elapsed="0.383651"/>
</test>
<test id="s1-s1-t5" name="Validar conteudo" line="35">
<kw name="Teste de Tipos de Conteudo" owner="random-user-service">
<kw name="GET On Session" owner="RequestsLibrary">
<msg time="2024-04-15T19:12:03.215219" level="INFO">GET Request : url=https://randomuser.me/api 
 path_url=/api 
 headers={'User-Agent': 'python-requests/2.31.0', 'Accept-Encoding': 'gzip, deflate', 'Accept': '*/*', 'Connection': 'keep-alive'} 
 body=None 
 </msg>
<msg time="2024-04-15T19:12:03.215296" level="INFO">GET Response : url=https://randomuser.me/api 
 status=200, reason=OK 
 headers={'Date': 'Mon, 15 Apr 2024 19:12:03 GMT', 'Content-Type': 'application/json; charset=utf-8', 'Transfer-Encoding': 'chunked', 'Connection': 'keep-alive', 'X-Powered-By': 'Express', 'Access-Control-Allow-Origin': '*', 'Cache-Control': 'no-cache', 'ETag': 'W/"486-qjAJRuo7olE1dtarfvrHQib/Hc4"', 'Vary': 'Accept-Encoding', 'Content-Encoding': 'gzip', 'CF-Cache-Status': 'DYNAMIC', 'Report-To': '{"endpoints":[{"url":"https:\\/\\/a.nel.cloudflare.com\\/report\\/v4?s=HmJRitb2Tj4KQi2CF8wDBPI72ODna21l67kJWpMJ%2BjW%2FdyytP4Z0SOtfp2e%2FmwiZGM%2Fq4E0Q7mvjmKqrujNrrD9vhYniOGm4ONTkSVtqM5vhk4eaS26lEzQSLfEnVm2L"}],"group":"cf-nel","max_age":604800}', 'NEL': '{"success_fraction":0,"report_to":"cf-nel","max_age":604800}', 'Server': 'cloudflare', 'CF-RAY': '874e3eb38f4f176d-SJC', 'alt-svc': 'h3=":443"; ma=86400'} 
 body={"results":[{"gender":"male","name":{"title":"Mr","first":"Flynn","last":"Brown"},"location":{"street":{"number":2630,"name":"Cuba Street"},"city":"Christchurch","state":"Nelson","country":"New Zealand","postcode":77884,"coordinates":{"latitude":"54.2458","longitude":"-18.1862"},"timezone":{"offset":"+8:00","description":"Beijing, Perth, Singapore, Hong Kong"}},"email":"flynn.brown@example.com","login":{"uuid":"50d4217c-9762-4011-8c7c-ebd28e5847a9","username":"heavypeacock907","password":"shodan","salt":"LCzjbhhb","md5":"e8888edd52079b6973dfe464e12a23c7","sha1":"7522d82e1df866ad0014473175456cd6e523026e","sha256":"e119bfa0ace1ba5d1ac575d434bf530718398f88cb5b2c2b698c042fa2caf6c6"},"dob":{"date":"1987-01-27T19:03:54.354Z","age":37},"registered":{"date":"2018-11-28T16:10:26.690Z","age":5},"phone":"(593)-524-6672","cell":"(444)-661-8643","id":{"name":"","value":null},"picture":{"large":"https://randomuser.me/api/portraits/men/14.jpg","medium":"https://randomuser.me/api/portraits/med/men/14.jpg","thumbnail":"https://randomuser.me/api/portraits/thumb/men/14.jpg"},"nat":"NZ"}],"info":{"seed":"f0eda32939d86e5f","results":1,"page":1,"version":"1.4"}} 
 </msg>
<msg time="2024-04-15T19:12:03.215359" level="INFO">/opt/hostedtoolcache/Python/3.12.2/x64/lib/python3.12/site-packages/urllib3/connectionpool.py:1103: InsecureRequestWarning: Unverified HTTPS request is being made to host 'randomuser.me'. Adding certificate verification is strongly advised. See: https://urllib3.readthedocs.io/en/latest/advanced-usage.html#tls-warnings
  warnings.warn(</msg>
<msg time="2024-04-15T19:12:03.215458" level="INFO">${response} = &lt;Response [200]&gt;</msg>
<var>${response}</var>
<arg>consultarAPI</arg>
<arg>/api</arg>
<doc>Sends a GET request on a previously created HTTP Session.</doc>
<status status="PASS" start="2024-04-15T19:12:03.121192" elapsed="0.094302"/>
</kw>
<kw name="Set Variable" owner="BuiltIn">
<msg time="2024-04-15T19:12:03.216434" level="INFO">${json_data} = {'results': [{'gender': 'male', 'name': {'title': 'Mr', 'first': 'Flynn', 'last': 'Brown'}, 'location': {'street': {'number': 2630, 'name': 'Cuba Street'}, 'city': 'Christchurch', 'state': 'Nelson', '...</msg>
<var>${json_data}</var>
<arg>${response.json()}</arg>
<doc>Returns the given values which can then be assigned to a variables.</doc>
<status status="PASS" start="2024-04-15T19:12:03.215932" elapsed="0.000531"/>
</kw>
<kw name="Set Variable" owner="BuiltIn">
<msg time="2024-04-15T19:12:03.217156" level="INFO">${name_title} = Mr</msg>
<var>${name_title}</var>
<arg>${json_data["results"][0]["name"]["title"]}</arg>
<doc>Returns the given values which can then be assigned to a variables.</doc>
<status status="PASS" start="2024-04-15T19:12:03.216765" elapsed="0.000416"/>
</kw>
<kw name="Create List" owner="BuiltIn">
<msg time="2024-04-15T19:12:03.217631" level="INFO">${allowed_titles} = ['Mr', 'Ms', 'Miss', 'Mrs', 'Madame', 'Monsieur']</msg>
<var>${allowed_titles}</var>
<arg>Mr</arg>
<arg>Ms</arg>
<arg>Miss</arg>
<arg>Mrs</arg>
<arg>Madame</arg>
<arg>Monsieur</arg>
<doc>Returns a list containing given items.</doc>
<status status="PASS" start="2024-04-15T19:12:03.217482" elapsed="0.000173"/>
</kw>
<kw name="List Should Contain Value" owner="Collections">
<msg time="2024-04-15T19:12:03.218124" level="INFO">False</msg>
<arg>${allowed_titles}</arg>
<arg>${name_title}</arg>
<doc>Fails if the ``value`` is not found from ``list``.</doc>
<status status="PASS" start="2024-04-15T19:12:03.217952" elapsed="0.000209"/>
</kw>
<kw name="Set Variable" owner="BuiltIn">
<msg time="2024-04-15T19:12:03.218827" level="INFO">${name_country} = NZ</msg>
<var>${name_country}</var>
<arg>${json_data["results"][0]["nat"]}</arg>
<doc>Returns the given values which can then be assigned to a variables.</doc>
<status status="PASS" start="2024-04-15T19:12:03.218457" elapsed="0.000395"/>
</kw>
<kw name="Create List" owner="BuiltIn">
<msg time="2024-04-15T19:12:03.219760" level="INFO">${list_country} = ['AD', 'AE', 'AF', 'AG', 'AI', 'AL', 'AM', 'AO', 'AQ', 'AR', 'AS', 'AT', 'AU', 'AW', 'AX', 'AZ', 'BA', 'BB', 'BD', 'BE', 'BF', 'BG', 'BH', 'BI', 'BJ', 'BL', 'BM', 'BN', 'BO', 'BQ', 'BR', 'BS', 'BT', '...</msg>
<var>${list_country}</var>
<arg>AD</arg>
<arg>AE</arg>
<arg>AF</arg>
<arg>AG</arg>
<arg>AI</arg>
<arg>AL</arg>
<arg>AM</arg>
<arg>AO</arg>
<arg>AQ</arg>
<arg>AR</arg>
<arg>AS</arg>
<arg>AT</arg>
<arg>AU</arg>
<arg>AW</arg>
<arg>AX</arg>
<arg>AZ</arg>
<arg>BA</arg>
<arg>BB</arg>
<arg>BD</arg>
<arg>BE</arg>
<arg>BF</arg>
<arg>BG</arg>
<arg>BH</arg>
<arg>BI</arg>
<arg>BJ</arg>
<arg>BL</arg>
<arg>BM</arg>
<arg>BN</arg>
<arg>BO</arg>
<arg>BQ</arg>
<arg>BR</arg>
<arg>BS</arg>
<arg>BT</arg>
<arg>BV</arg>
<arg>BW</arg>
<arg>BY</arg>
<arg>BZ</arg>
<arg>CA</arg>
<arg>CC</arg>
<arg>CD</arg>
<arg>CF</arg>
<arg>CG</arg>
<arg>CH</arg>
<arg>CI</arg>
<arg>CK</arg>
<arg>CL</arg>
<arg>CM</arg>
<arg>CN</arg>
<arg>CO</arg>
<arg>CR</arg>
<arg>CU</arg>
<arg>CV</arg>
<arg>CW</arg>
<arg>CX</arg>
<arg>CY</arg>
<arg>CZ</arg>
<arg>DE</arg>
<arg>DJ</arg>
<arg>DK</arg>
<arg>DM</arg>
<arg>DO</arg>
<arg>DZ</arg>
<arg>EC</arg>
<arg>EE</arg>
<arg>EG</arg>
<arg>EH</arg>
<arg>ER</arg>
<arg>ES</arg>
<arg>ET</arg>
<arg>FI</arg>
<arg>FJ</arg>
<arg>FK</arg>
<arg>FM</arg>
<arg>FO</arg>
<arg>FR</arg>
<arg>GA</arg>
<arg>GB</arg>
<arg>GD</arg>
<arg>GE</arg>
<arg>GF</arg>
<arg>GG</arg>
<arg>GH</arg>
<arg>GI</arg>
<arg>GL</arg>
<arg>GM</arg>
<arg>GN</arg>
<arg>GP</arg>
<arg>GQ</arg>
<arg>GR</arg>
<arg>GS</arg>
<arg>GT</arg>
<arg>GU</arg>
<arg>GW</arg>
<arg>GY</arg>
<arg>HK</arg>
<arg>HM</arg>
<arg>HN</arg>
<arg>HR</arg>
<arg>HT</arg>
<arg>HU</arg>
<arg>ID</arg>
<arg>IE</arg>
<arg>IL</arg>
<arg>IM</arg>
<arg>IN</arg>
<arg>IO</arg>
<arg>IQ</arg>
<arg>IR</arg>
<arg>IS</arg>
<arg>IT</arg>
<arg>JE</arg>
<arg>JM</arg>
<arg>JO</arg>
<arg>JP</arg>
<arg>KE</arg>
<arg>KG</arg>
<arg>KH</arg>
<arg>KI</arg>
<arg>KM</arg>
<arg>KN</arg>
<arg>KP</arg>
<arg>KR</arg>
<arg>KW</arg>
<arg>KY</arg>
<arg>KZ</arg>
<arg>LA</arg>
<arg>LB</arg>
<arg>LC</arg>
<arg>LI</arg>
<arg>LK</arg>
<arg>LR</arg>
<arg>LS</arg>
<arg>LT</arg>
<arg>LU</arg>
<arg>LV</arg>
<arg>LY</arg>
<arg>MA</arg>
<arg>MC</arg>
<arg>MD</arg>
<arg>ME</arg>
<arg>MF</arg>
<arg>MG</arg>
<arg>MH</arg>
<arg>MK</arg>
<arg>ML</arg>
<arg>MM</arg>
<arg>MN</arg>
<arg>MO</arg>
<arg>MP</arg>
<arg>MQ</arg>
<arg>MR</arg>
<arg>MS</arg>
<arg>MT</arg>
<arg>MU</arg>
<arg>MV</arg>
<arg>MW</arg>
<arg>MX</arg>
<arg>MY</arg>
<arg>MZ</arg>
<arg>NA</arg>
<arg>NC</arg>
<arg>NE</arg>
<arg>NF</arg>
<arg>NG</arg>
<arg>NI</arg>
<arg>NL</arg>
<arg>NO</arg>
<arg>NP</arg>
<arg>NR</arg>
<arg>NU</arg>
<arg>NZ</arg>
<arg>OM</arg>
<arg>PA</arg>
<arg>PE</arg>
<arg>PF</arg>
<arg>PG</arg>
<arg>PH</arg>
<arg>PK</arg>
<arg>PL</arg>
<arg>PM</arg>
<arg>PN</arg>
<arg>PR</arg>
<arg>PS</arg>
<arg>PT</arg>
<arg>PW</arg>
<arg>PY</arg>
<arg>QA</arg>
<arg>RE</arg>
<arg>RO</arg>
<arg>RS</arg>
<arg>RU</arg>
<arg>RW</arg>
<arg>SA</arg>
<arg>SB</arg>
<arg>SC</arg>
<arg>SD</arg>
<arg>SE</arg>
<arg>SG</arg>
<arg>SH</arg>
<arg>SI</arg>
<arg>SJ</arg>
<arg>SK</arg>
<arg>SL</arg>
<arg>SM</arg>
<arg>SN</arg>
<arg>SO</arg>
<arg>SR</arg>
<arg>SS</arg>
<arg>ST</arg>
<arg>SV</arg>
<arg>SX</arg>
<arg>SY</arg>
<arg>SZ</arg>
<arg>TC</arg>
<arg>TD</arg>
<arg>TF</arg>
<arg>TG</arg>
<arg>TH</arg>
<arg>TJ</arg>
<arg>TK</arg>
<arg>TL</arg>
<arg>TM</arg>
<arg>TN</arg>
<arg>TO</arg>
<arg>TR</arg>
<arg>TT</arg>
<arg>TV</arg>
<arg>TW</arg>
<arg>TZ</arg>
<arg>UA</arg>
<arg>UG</arg>
<arg>UM</arg>
<arg>US</arg>
<arg>UY</arg>
<arg>UZ</arg>
<arg>VA</arg>
<arg>VC</arg>
<arg>VE</arg>
<arg>VG</arg>
<arg>VI</arg>
<arg>VN</arg>
<arg>VU</arg>
<arg>WF</arg>
<arg>WS</arg>
<arg>XK</arg>
<arg>YE</arg>
<arg>YT</arg>
<arg>ZA</arg>
<arg>ZM</arg>
<arg>ZW</arg>
<doc>Returns a list containing given items.</doc>
<status status="PASS" start="2024-04-15T19:12:03.219155" elapsed="0.000631"/>
</kw>
<kw name="List Should Contain Value" owner="Collections">
<msg time="2024-04-15T19:12:03.220797" level="INFO">False</msg>
<arg>${list_country}</arg>
<arg>${name_country}</arg>
<doc>Fails if the ``value`` is not found from ``list``.</doc>
<status status="PASS" start="2024-04-15T19:12:03.220595" elapsed="0.000239"/>
</kw>
<kw name="Run Keyword If" owner="BuiltIn">
<kw name="Should Be True" owner="BuiltIn">
<arg>${True}</arg>
<doc>Fails if the given condition is not true.</doc>
<status status="PASS" start="2024-04-15T19:12:03.221885" elapsed="0.000146"/>
</kw>
<arg>${json_data["results"][0]["location"]["coordinates"]["latitude"]} &gt;= -90 and ${json_data["results"][0]["location"]["coordinates"]["latitude"]} &lt;= 90</arg>
<arg>Should Be True</arg>
<arg>${True}</arg>
<doc>Runs the given keyword with the given arguments, if ``condition`` is true.</doc>
<status status="PASS" start="2024-04-15T19:12:03.221143" elapsed="0.001015"/>
</kw>
<kw name="Run Keyword If" owner="BuiltIn">
<kw name="Should Be True" owner="BuiltIn">
<arg>${True}</arg>
<doc>Fails if the given condition is not true.</doc>
<status status="PASS" start="2024-04-15T19:12:03.223048" elapsed="0.000248"/>
</kw>
<arg>${json_data["results"][0]["location"]["coordinates"]["longitude"]} &gt;= -180 and ${json_data["results"][0]["location"]["coordinates"]["longitude"]} &lt;= 180</arg>
<arg>Should Be True</arg>
<arg>${True}</arg>
<doc>Runs the given keyword with the given arguments, if ``condition`` is true.</doc>
<status status="PASS" start="2024-04-15T19:12:03.222350" elapsed="0.001084"/>
</kw>
<status status="PASS" start="2024-04-15T19:12:03.120822" elapsed="0.102746"/>
</kw>
<doc>Testa o conteúdo específico dos campos retornados pela API.</doc>
<tag>testeConteudo</tag>
<status status="PASS" start="2024-04-15T19:12:03.120083" elapsed="0.103639"/>
</test>
<status status="PASS" start="2024-04-15T19:12:02.162831" elapsed="1.062881"/>
</suite>
<status status="PASS" start="2024-04-15T19:12:02.149303" elapsed="1.081838"/>
</suite>
<statistics>
<total>
<stat pass="5" fail="0" skip="0">All Tests</stat>
</total>
<tag>
<stat pass="1" fail="0" skip="0">testeConteudo</stat>
<stat pass="1" fail="0" skip="0">testeEstruturaResposta</stat>
<stat pass="1" fail="0" skip="0">testeRequisicaoBasica</stat>
<stat pass="1" fail="0" skip="0">testeTiposDados</stat>
</tag>
<suite>
<stat pass="5" fail="0" skip="0" id="s1" name="Tests">Tests</stat>
<stat pass="5" fail="0" skip="0" id="s1-s1" name="Random-User-Test">Tests.Random-User-Test</stat>
</suite>
</statistics>
<errors>
</errors>
</robot>
