<?xml version="1.0" encoding="UTF-8"?>
<robot generator="Robot 7.0 (Python 3.12.2 on linux)" generated="2024-03-26T15:13:22.673639" rpa="false" schemaversion="5">
<suite id="s1" name="Tests" source="/home/runner/work/DesafioQAItauRogerioJordao/DesafioQAItauRogerioJordao/RamdonUser/tests">
<suite id="s1-s1" name="Random-User-Test" source="/home/runner/work/DesafioQAItauRogerioJordao/DesafioQAItauRogerioJordao/RamdonUser/tests/random-user-test.robot">
<test id="s1-s1-t1" name="Conectar" line="13">
<kw name="Conectar API" owner="random-user-service">
<kw name="Create Session" owner="RequestsLibrary">
<msg time="2024-03-26T15:13:23.034320" level="INFO">Creating Session using : alias=consultarAPI, url=https://randomuser.me/, headers={},                     cookies={}, auth=None, timeout=None, proxies=None, verify=False,                     debug=0 </msg>
<arg>consultarAPI</arg>
<arg>${URL}</arg>
<doc>Create Session: create a HTTP session to a server</doc>
<status status="PASS" start="2024-03-26T15:13:23.034111" elapsed="0.000405"/>
</kw>
<status status="PASS" start="2024-03-26T15:13:23.033044" elapsed="0.001876"/>
</kw>
<status status="PASS" start="2024-03-26T15:13:23.032364" elapsed="0.002773"/>
</test>
<test id="s1-s1-t2" name="Validar retorno 200 e JSON Válido" line="16">
<kw name="Teste de Requisicao Basica" owner="random-user-service">
<kw name="GET On Session" owner="RequestsLibrary">
<msg time="2024-03-26T15:13:23.150363" level="INFO">GET Request : url=https://randomuser.me/api 
 path_url=/api 
 headers={'User-Agent': 'python-requests/2.31.0', 'Accept-Encoding': 'gzip, deflate', 'Accept': '*/*', 'Connection': 'keep-alive'} 
 body=None 
 </msg>
<msg time="2024-03-26T15:13:23.150527" level="INFO">GET Response : url=https://randomuser.me/api 
 status=200, reason=OK 
 headers={'Date': 'Tue, 26 Mar 2024 15:13:23 GMT', 'Content-Type': 'application/json; charset=utf-8', 'Transfer-Encoding': 'chunked', 'Connection': 'keep-alive', 'X-Powered-By': 'Express', 'Access-Control-Allow-Origin': '*', 'Cache-Control': 'no-cache', 'ETag': 'W/"48b-kHzcMBmqNEpcByCwI0IuBES/27U"', 'Vary': 'Accept-Encoding', 'Content-Encoding': 'gzip', 'CF-Cache-Status': 'DYNAMIC', 'Report-To': '{"endpoints":[{"url":"https:\\/\\/a.nel.cloudflare.com\\/report\\/v4?s=Z%2BWKl0xGnmRT8mOksLBoVMctB2sSWVsV1I4qrUdpmiWXz%2FYt0GO2H%2BrGvEuhhm2otzbVhbI5O%2B53yJDJqvDkwHbtZAO0DQztQ9C42n%2Fs0GnuOftK2ORsn4XxWMSOhaN5"}],"group":"cf-nel","max_age":604800}', 'NEL': '{"success_fraction":0,"report_to":"cf-nel","max_age":604800}', 'Server': 'cloudflare', 'CF-RAY': '86a815972b58d02d-SJC', 'alt-svc': 'h3=":443"; ma=86400'} 
 body={"results":[{"gender":"female","name":{"title":"Mrs","first":"النا","last":"موسوی"},"location":{"street":{"number":7393,"name":"پارک ارم"},"city":"اهواز","state":"قم","country":"Iran","postcode":29770,"coordinates":{"latitude":"15.6600","longitude":"81.3133"},"timezone":{"offset":"-5:00","description":"Eastern Time (US &amp; Canada), Bogota, Lima"}},"email":"ln.mwswy@example.com","login":{"uuid":"2a53be29-3d2c-4d99-b32e-594df942393a","username":"tinygoose632","password":"brandy1","salt":"1jV2MJSn","md5":"4bb1bcf1b0047c72b1ac82dbd87f2192","sha1":"86e9b53ad2b1668ad0b7c5cc5958708f3bc823ef","sha256":"103c66cd13cfd0ed2023b996b25ed32ddc69a01487758c534445a2b7534f6f06"},"dob":{"date":"1962-03-13T09:45:17.727Z","age":62},"registered":{"date":"2019-04-16T07:27:12.139Z","age":4},"phone":"052-12626952","cell":"0961-879-8201","id":{"name":"","value":null},"picture":{"large":"https://randomuser.me/api/portraits/women/96.jpg","medium":"https://randomuser.me/api/portraits/med/women/96.jpg","thumbnail":"https://randomuser.me/api/portraits/thumb/women/96.jpg"},"nat":"IR"}],"info":{"seed":"d457bf7451a5cdbd","results":1,"page":1,"version":"1.4"}} 
 </msg>
<msg time="2024-03-26T15:13:23.150663" level="INFO">/opt/hostedtoolcache/Python/3.12.2/x64/lib/python3.12/site-packages/urllib3/connectionpool.py:1103: InsecureRequestWarning: Unverified HTTPS request is being made to host 'randomuser.me'. Adding certificate verification is strongly advised. See: https://urllib3.readthedocs.io/en/latest/advanced-usage.html#tls-warnings
  warnings.warn(</msg>
<msg time="2024-03-26T15:13:23.150862" level="INFO">${response} = &lt;Response [200]&gt;</msg>
<var>${response}</var>
<arg>consultarAPI</arg>
<arg>/api</arg>
<doc>Sends a GET request on a previously created HTTP Session.</doc>
<status status="PASS" start="2024-03-26T15:13:23.037828" elapsed="0.113069"/>
</kw>
<kw name="Should Be Equal As Numbers" owner="BuiltIn">
<msg time="2024-03-26T15:13:23.152085" level="INFO">Argument types are:
&lt;class 'int'&gt;
&lt;class 'str'&gt;</msg>
<arg>${response.status_code}</arg>
<arg>200</arg>
<doc>Fails if objects are unequal after converting them to real numbers.</doc>
<status status="PASS" start="2024-03-26T15:13:23.151540" elapsed="0.000635"/>
</kw>
<kw name="Log" owner="BuiltIn">
<msg time="2024-03-26T15:13:23.152929" level="INFO">200</msg>
<arg>${response.status_code}</arg>
<doc>Logs the given message with the given level.</doc>
<status status="PASS" start="2024-03-26T15:13:23.152544" elapsed="0.000430"/>
</kw>
<kw name="Set Variable" owner="BuiltIn">
<msg time="2024-03-26T15:13:23.153810" level="INFO">${json_data} = {'results': [{'gender': 'female', 'name': {'title': 'Mrs', 'first': 'النا', 'last': 'موسوی'}, 'location': {'street': {'number': 7393, 'name': 'پارک ارم'}, 'city': 'اهواز', 'state': 'قم', 'country': 'I...</msg>
<var>${json_data}</var>
<arg>${response.json()}</arg>
<doc>Returns the given values which can then be assigned to a variables.</doc>
<status status="PASS" start="2024-03-26T15:13:23.153329" elapsed="0.000512"/>
</kw>
<kw name="Dictionary Should Contain Key" owner="Collections">
<msg time="2024-03-26T15:13:23.154341" level="INFO">False</msg>
<arg>${json_data}</arg>
<arg>results</arg>
<doc>Fails if ``key`` is not found from ``dictionary``.</doc>
<status status="PASS" start="2024-03-26T15:13:23.154158" elapsed="0.000224"/>
</kw>
<status status="PASS" start="2024-03-26T15:13:23.037575" elapsed="0.117082"/>
</kw>
<doc>Testa se a API responde corretamente e retorna um objeto JSON válido.</doc>
<tag>testeRequisicaoBasica</tag>
<status status="PASS" start="2024-03-26T15:13:23.036998" elapsed="0.117902"/>
</test>
<test id="s1-s1-t3" name="Validar estrutura de resposta" line="22">
<kw name="Teste de Estrutura de Resposta" owner="random-user-service">
<kw name="GET On Session" owner="RequestsLibrary">
<msg time="2024-03-26T15:13:23.257102" level="INFO">GET Request : url=https://randomuser.me/api 
 path_url=/api 
 headers={'User-Agent': 'python-requests/2.31.0', 'Accept-Encoding': 'gzip, deflate', 'Accept': '*/*', 'Connection': 'keep-alive'} 
 body=None 
 </msg>
<msg time="2024-03-26T15:13:23.257222" level="INFO">GET Response : url=https://randomuser.me/api 
 status=200, reason=OK 
 headers={'Date': 'Tue, 26 Mar 2024 15:13:23 GMT', 'Content-Type': 'application/json; charset=utf-8', 'Transfer-Encoding': 'chunked', 'Connection': 'keep-alive', 'X-Powered-By': 'Express', 'Access-Control-Allow-Origin': '*', 'Cache-Control': 'no-cache', 'ETag': 'W/"4a0-47TSO+ilud1OVEJjtAgc2W+rxQk"', 'Vary': 'Accept-Encoding', 'Content-Encoding': 'gzip', 'CF-Cache-Status': 'DYNAMIC', 'Report-To': '{"endpoints":[{"url":"https:\\/\\/a.nel.cloudflare.com\\/report\\/v4?s=Qa2jC7rpMr5aESFyyJ9M2pkoMPCJv5QxpwCyjDrAafBoO63OyldTQvI1hm%2FLHYG8QkN5lBaQEzDL%2BQDPxymJhHqhYYPa%2BqgpsyYLEJk1Evi3XdtL7H2abAu8%2B2Hk1yhd"}],"group":"cf-nel","max_age":604800}', 'NEL': '{"success_fraction":0,"report_to":"cf-nel","max_age":604800}', 'Server': 'cloudflare', 'CF-RAY': '86a81597cbf0d02d-SJC', 'alt-svc': 'h3=":443"; ma=86400'} 
 body={"results":[{"gender":"female","name":{"title":"Miss","first":"Ella","last":"Christiansen"},"location":{"street":{"number":2664,"name":"Margrethevej"},"city":"Kongsvinger","state":"Danmark","country":"Denmark","postcode":42846,"coordinates":{"latitude":"-40.5955","longitude":"97.2509"},"timezone":{"offset":"+5:00","description":"Ekaterinburg, Islamabad, Karachi, Tashkent"}},"email":"ella.christiansen@example.com","login":{"uuid":"314a4860-5d5d-4b8a-96cf-af2e45045d4f","username":"yellowostrich989","password":"select","salt":"3wYUHOvz","md5":"19b059814bd3606487c04256d945da8b","sha1":"1890868fb6915907f5754b21a5e2e9f0e19ebcfe","sha256":"63036ddadff511bd3ef35fb0951ecc69ddf2b9964135d1c572bf3581930acccb"},"dob":{"date":"1952-03-04T04:02:17.716Z","age":72},"registered":{"date":"2020-07-24T00:28:59.004Z","age":3},"phone":"30238298","cell":"81503190","id":{"name":"CPR","value":"030352-2750"},"picture":{"large":"https://randomuser.me/api/portraits/women/28.jpg","medium":"https://randomuser.me/api/portraits/med/women/28.jpg","thumbnail":"https://randomuser.me/api/portraits/thumb/women/28.jpg"},"nat":"DK"}],"info":{"seed":"f8ed7b4172373f9a","results":1,"page":1,"version":"1.4"}} 
 </msg>
<msg time="2024-03-26T15:13:23.257382" level="INFO">/opt/hostedtoolcache/Python/3.12.2/x64/lib/python3.12/site-packages/urllib3/connectionpool.py:1103: InsecureRequestWarning: Unverified HTTPS request is being made to host 'randomuser.me'. Adding certificate verification is strongly advised. See: https://urllib3.readthedocs.io/en/latest/advanced-usage.html#tls-warnings
  warnings.warn(</msg>
<msg time="2024-03-26T15:13:23.257540" level="INFO">${response} = &lt;Response [200]&gt;</msg>
<var>${response}</var>
<arg>consultarAPI</arg>
<arg>/api</arg>
<doc>Sends a GET request on a previously created HTTP Session.</doc>
<status status="PASS" start="2024-03-26T15:13:23.157717" elapsed="0.099856"/>
</kw>
<kw name="Set Variable" owner="BuiltIn">
<msg time="2024-03-26T15:13:23.258668" level="INFO">${json_data} = {'results': [{'gender': 'female', 'name': {'title': 'Miss', 'first': 'Ella', 'last': 'Christiansen'}, 'location': {'street': {'number': 2664, 'name': 'Margrethevej'}, 'city': 'Kongsvinger', 'state': '...</msg>
<var>${json_data}</var>
<arg>${response.json()}</arg>
<doc>Returns the given values which can then be assigned to a variables.</doc>
<status status="PASS" start="2024-03-26T15:13:23.258105" elapsed="0.000593"/>
</kw>
<kw name="Log" owner="BuiltIn">
<msg time="2024-03-26T15:13:23.259354" level="INFO">{'results': [{'gender': 'female', 'name': {'title': 'Miss', 'first': 'Ella', 'last': 'Christiansen'}, 'location': {'street': {'number': 2664, 'name': 'Margrethevej'}, 'city': 'Kongsvinger', 'state': 'Danmark', 'country': 'Denmark', 'postcode': 42846, 'coordinates': {'latitude': '-40.5955', 'longitude': '97.2509'}, 'timezone': {'offset': '+5:00', 'description': 'Ekaterinburg, Islamabad, Karachi, Tashkent'}}, 'email': 'ella.christiansen@example.com', 'login': {'uuid': '314a4860-5d5d-4b8a-96cf-af2e45045d4f', 'username': 'yellowostrich989', 'password': 'select', 'salt': '3wYUHOvz', 'md5': '19b059814bd3606487c04256d945da8b', 'sha1': '1890868fb6915907f5754b21a5e2e9f0e19ebcfe', 'sha256': '63036ddadff511bd3ef35fb0951ecc69ddf2b9964135d1c572bf3581930acccb'}, 'dob': {'date': '1952-03-04T04:02:17.716Z', 'age': 72}, 'registered': {'date': '2020-07-24T00:28:59.004Z', 'age': 3}, 'phone': '30238298', 'cell': '81503190', 'id': {'name': 'CPR', 'value': '030352-2750'}, 'picture': {'large': 'https://randomuser.me/api/portraits/women/28.jpg', 'medium': 'https://randomuser.me/api/portraits/med/women/28.jpg', 'thumbnail': 'https://randomuser.me/api/portraits/thumb/women/28.jpg'}, 'nat': 'DK'}], 'info': {'seed': 'f8ed7b4172373f9a', 'results': 1, 'page': 1, 'version': '1.4'}}</msg>
<arg>${json_data}</arg>
<doc>Logs the given message with the given level.</doc>
<status status="PASS" start="2024-03-26T15:13:23.259165" elapsed="0.000241"/>
</kw>
<kw name="Dictionary Should Contain Key" owner="Collections">
<msg time="2024-03-26T15:13:23.259916" level="INFO">False</msg>
<arg>${json_data}</arg>
<arg>results</arg>
<doc>Fails if ``key`` is not found from ``dictionary``.</doc>
<status status="PASS" start="2024-03-26T15:13:23.259739" elapsed="0.000216"/>
</kw>
<kw name="Should Not Be Empty" owner="BuiltIn">
<msg time="2024-03-26T15:13:23.260413" level="INFO">Length is 2.</msg>
<arg>${json_data}</arg>
<doc>Verifies that the given item is not empty.</doc>
<status status="PASS" start="2024-03-26T15:13:23.260270" elapsed="0.000183"/>
</kw>
<kw name="Create List" owner="BuiltIn">
<msg time="2024-03-26T15:13:23.260911" level="INFO">${expected_keys} = ['gender', 'name', 'location', 'email', 'login']</msg>
<var>${expected_keys}</var>
<arg>gender</arg>
<arg>name</arg>
<arg>location</arg>
<arg>email</arg>
<arg>login</arg>
<doc>Returns a list containing given items.</doc>
<status status="PASS" start="2024-03-26T15:13:23.260753" elapsed="0.000182"/>
</kw>
<for flavor="IN">
<iter>
<kw name="Dictionary Should Contain Key" owner="Collections">
<msg time="2024-03-26T15:13:23.261988" level="INFO">False</msg>
<arg>${json_data['results'][0]}</arg>
<arg>${key}</arg>
<doc>Fails if ``key`` is not found from ``dictionary``.</doc>
<status status="PASS" start="2024-03-26T15:13:23.261553" elapsed="0.000475"/>
</kw>
<kw name="Log" owner="BuiltIn">
<msg time="2024-03-26T15:13:23.262715" level="INFO">{'gender': 'female', 'name': {'title': 'Miss', 'first': 'Ella', 'last': 'Christiansen'}, 'location': {'street': {'number': 2664, 'name': 'Margrethevej'}, 'city': 'Kongsvinger', 'state': 'Danmark', 'country': 'Denmark', 'postcode': 42846, 'coordinates': {'latitude': '-40.5955', 'longitude': '97.2509'}, 'timezone': {'offset': '+5:00', 'description': 'Ekaterinburg, Islamabad, Karachi, Tashkent'}}, 'email': 'ella.christiansen@example.com', 'login': {'uuid': '314a4860-5d5d-4b8a-96cf-af2e45045d4f', 'username': 'yellowostrich989', 'password': 'select', 'salt': '3wYUHOvz', 'md5': '19b059814bd3606487c04256d945da8b', 'sha1': '1890868fb6915907f5754b21a5e2e9f0e19ebcfe', 'sha256': '63036ddadff511bd3ef35fb0951ecc69ddf2b9964135d1c572bf3581930acccb'}, 'dob': {'date': '1952-03-04T04:02:17.716Z', 'age': 72}, 'registered': {'date': '2020-07-24T00:28:59.004Z', 'age': 3}, 'phone': '30238298', 'cell': '81503190', 'id': {'name': 'CPR', 'value': '030352-2750'}, 'picture': {'large': 'https://randomuser.me/api/portraits/women/28.jpg', 'medium': 'https://randomuser.me/api/portraits/med/women/28.jpg', 'thumbnail': 'https://randomuser.me/api/portraits/thumb/women/28.jpg'}, 'nat': 'DK'}</msg>
<arg>${json_data['results'][0]}</arg>
<doc>Logs the given message with the given level.</doc>
<status status="PASS" start="2024-03-26T15:13:23.262335" elapsed="0.000453"/>
</kw>
<kw name="Log" owner="BuiltIn">
<msg time="2024-03-26T15:13:23.263231" level="INFO">gender</msg>
<arg>${key}</arg>
<doc>Logs the given message with the given level.</doc>
<status status="PASS" start="2024-03-26T15:13:23.263097" elapsed="0.000173"/>
</kw>
<var name="${key}">gender</var>
<status status="PASS" start="2024-03-26T15:13:23.261420" elapsed="0.002072"/>
</iter>
<iter>
<kw name="Dictionary Should Contain Key" owner="Collections">
<msg time="2024-03-26T15:13:23.264195" level="INFO">False</msg>
<arg>${json_data['results'][0]}</arg>
<arg>${key}</arg>
<doc>Fails if ``key`` is not found from ``dictionary``.</doc>
<status status="PASS" start="2024-03-26T15:13:23.263809" elapsed="0.000423"/>
</kw>
<kw name="Log" owner="BuiltIn">
<msg time="2024-03-26T15:13:23.264927" level="INFO">{'gender': 'female', 'name': {'title': 'Miss', 'first': 'Ella', 'last': 'Christiansen'}, 'location': {'street': {'number': 2664, 'name': 'Margrethevej'}, 'city': 'Kongsvinger', 'state': 'Danmark', 'country': 'Denmark', 'postcode': 42846, 'coordinates': {'latitude': '-40.5955', 'longitude': '97.2509'}, 'timezone': {'offset': '+5:00', 'description': 'Ekaterinburg, Islamabad, Karachi, Tashkent'}}, 'email': 'ella.christiansen@example.com', 'login': {'uuid': '314a4860-5d5d-4b8a-96cf-af2e45045d4f', 'username': 'yellowostrich989', 'password': 'select', 'salt': '3wYUHOvz', 'md5': '19b059814bd3606487c04256d945da8b', 'sha1': '1890868fb6915907f5754b21a5e2e9f0e19ebcfe', 'sha256': '63036ddadff511bd3ef35fb0951ecc69ddf2b9964135d1c572bf3581930acccb'}, 'dob': {'date': '1952-03-04T04:02:17.716Z', 'age': 72}, 'registered': {'date': '2020-07-24T00:28:59.004Z', 'age': 3}, 'phone': '30238298', 'cell': '81503190', 'id': {'name': 'CPR', 'value': '030352-2750'}, 'picture': {'large': 'https://randomuser.me/api/portraits/women/28.jpg', 'medium': 'https://randomuser.me/api/portraits/med/women/28.jpg', 'thumbnail': 'https://randomuser.me/api/portraits/thumb/women/28.jpg'}, 'nat': 'DK'}</msg>
<arg>${json_data['results'][0]}</arg>
<doc>Logs the given message with the given level.</doc>
<status status="PASS" start="2024-03-26T15:13:23.264565" elapsed="0.000410"/>
</kw>
<kw name="Log" owner="BuiltIn">
<msg time="2024-03-26T15:13:23.265405" level="INFO">name</msg>
<arg>${key}</arg>
<doc>Logs the given message with the given level.</doc>
<status status="PASS" start="2024-03-26T15:13:23.265276" elapsed="0.000167"/>
</kw>
<var name="${key}">name</var>
<status status="PASS" start="2024-03-26T15:13:23.263690" elapsed="0.001969"/>
</iter>
<iter>
<kw name="Dictionary Should Contain Key" owner="Collections">
<msg time="2024-03-26T15:13:23.266340" level="INFO">False</msg>
<arg>${json_data['results'][0]}</arg>
<arg>${key}</arg>
<doc>Fails if ``key`` is not found from ``dictionary``.</doc>
<status status="PASS" start="2024-03-26T15:13:23.265955" elapsed="0.000424"/>
</kw>
<kw name="Log" owner="BuiltIn">
<msg time="2024-03-26T15:13:23.267061" level="INFO">{'gender': 'female', 'name': {'title': 'Miss', 'first': 'Ella', 'last': 'Christiansen'}, 'location': {'street': {'number': 2664, 'name': 'Margrethevej'}, 'city': 'Kongsvinger', 'state': 'Danmark', 'country': 'Denmark', 'postcode': 42846, 'coordinates': {'latitude': '-40.5955', 'longitude': '97.2509'}, 'timezone': {'offset': '+5:00', 'description': 'Ekaterinburg, Islamabad, Karachi, Tashkent'}}, 'email': 'ella.christiansen@example.com', 'login': {'uuid': '314a4860-5d5d-4b8a-96cf-af2e45045d4f', 'username': 'yellowostrich989', 'password': 'select', 'salt': '3wYUHOvz', 'md5': '19b059814bd3606487c04256d945da8b', 'sha1': '1890868fb6915907f5754b21a5e2e9f0e19ebcfe', 'sha256': '63036ddadff511bd3ef35fb0951ecc69ddf2b9964135d1c572bf3581930acccb'}, 'dob': {'date': '1952-03-04T04:02:17.716Z', 'age': 72}, 'registered': {'date': '2020-07-24T00:28:59.004Z', 'age': 3}, 'phone': '30238298', 'cell': '81503190', 'id': {'name': 'CPR', 'value': '030352-2750'}, 'picture': {'large': 'https://randomuser.me/api/portraits/women/28.jpg', 'medium': 'https://randomuser.me/api/portraits/med/women/28.jpg', 'thumbnail': 'https://randomuser.me/api/portraits/thumb/women/28.jpg'}, 'nat': 'DK'}</msg>
<arg>${json_data['results'][0]}</arg>
<doc>Logs the given message with the given level.</doc>
<status status="PASS" start="2024-03-26T15:13:23.266679" elapsed="0.000435"/>
</kw>
<kw name="Log" owner="BuiltIn">
<msg time="2024-03-26T15:13:23.267537" level="INFO">location</msg>
<arg>${key}</arg>
<doc>Logs the given message with the given level.</doc>
<status status="PASS" start="2024-03-26T15:13:23.267410" elapsed="0.000165"/>
</kw>
<var name="${key}">location</var>
<status status="PASS" start="2024-03-26T15:13:23.265842" elapsed="0.001951"/>
</iter>
<iter>
<kw name="Dictionary Should Contain Key" owner="Collections">
<msg time="2024-03-26T15:13:23.268465" level="INFO">False</msg>
<arg>${json_data['results'][0]}</arg>
<arg>${key}</arg>
<doc>Fails if ``key`` is not found from ``dictionary``.</doc>
<status status="PASS" start="2024-03-26T15:13:23.268080" elapsed="0.000423"/>
</kw>
<kw name="Log" owner="BuiltIn">
<msg time="2024-03-26T15:13:23.269157" level="INFO">{'gender': 'female', 'name': {'title': 'Miss', 'first': 'Ella', 'last': 'Christiansen'}, 'location': {'street': {'number': 2664, 'name': 'Margrethevej'}, 'city': 'Kongsvinger', 'state': 'Danmark', 'country': 'Denmark', 'postcode': 42846, 'coordinates': {'latitude': '-40.5955', 'longitude': '97.2509'}, 'timezone': {'offset': '+5:00', 'description': 'Ekaterinburg, Islamabad, Karachi, Tashkent'}}, 'email': 'ella.christiansen@example.com', 'login': {'uuid': '314a4860-5d5d-4b8a-96cf-af2e45045d4f', 'username': 'yellowostrich989', 'password': 'select', 'salt': '3wYUHOvz', 'md5': '19b059814bd3606487c04256d945da8b', 'sha1': '1890868fb6915907f5754b21a5e2e9f0e19ebcfe', 'sha256': '63036ddadff511bd3ef35fb0951ecc69ddf2b9964135d1c572bf3581930acccb'}, 'dob': {'date': '1952-03-04T04:02:17.716Z', 'age': 72}, 'registered': {'date': '2020-07-24T00:28:59.004Z', 'age': 3}, 'phone': '30238298', 'cell': '81503190', 'id': {'name': 'CPR', 'value': '030352-2750'}, 'picture': {'large': 'https://randomuser.me/api/portraits/women/28.jpg', 'medium': 'https://randomuser.me/api/portraits/med/women/28.jpg', 'thumbnail': 'https://randomuser.me/api/portraits/thumb/women/28.jpg'}, 'nat': 'DK'}</msg>
<arg>${json_data['results'][0]}</arg>
<doc>Logs the given message with the given level.</doc>
<status status="PASS" start="2024-03-26T15:13:23.268800" elapsed="0.000405"/>
</kw>
<kw name="Log" owner="BuiltIn">
<msg time="2024-03-26T15:13:23.269626" level="INFO">email</msg>
<arg>${key}</arg>
<doc>Logs the given message with the given level.</doc>
<status status="PASS" start="2024-03-26T15:13:23.269498" elapsed="0.000167"/>
</kw>
<var name="${key}">email</var>
<status status="PASS" start="2024-03-26T15:13:23.267968" elapsed="0.001912"/>
</iter>
<iter>
<kw name="Dictionary Should Contain Key" owner="Collections">
<msg time="2024-03-26T15:13:23.270552" level="INFO">False</msg>
<arg>${json_data['results'][0]}</arg>
<arg>${key}</arg>
<doc>Fails if ``key`` is not found from ``dictionary``.</doc>
<status status="PASS" start="2024-03-26T15:13:23.270166" elapsed="0.000423"/>
</kw>
<kw name="Log" owner="BuiltIn">
<msg time="2024-03-26T15:13:23.271265" level="INFO">{'gender': 'female', 'name': {'title': 'Miss', 'first': 'Ella', 'last': 'Christiansen'}, 'location': {'street': {'number': 2664, 'name': 'Margrethevej'}, 'city': 'Kongsvinger', 'state': 'Danmark', 'country': 'Denmark', 'postcode': 42846, 'coordinates': {'latitude': '-40.5955', 'longitude': '97.2509'}, 'timezone': {'offset': '+5:00', 'description': 'Ekaterinburg, Islamabad, Karachi, Tashkent'}}, 'email': 'ella.christiansen@example.com', 'login': {'uuid': '314a4860-5d5d-4b8a-96cf-af2e45045d4f', 'username': 'yellowostrich989', 'password': 'select', 'salt': '3wYUHOvz', 'md5': '19b059814bd3606487c04256d945da8b', 'sha1': '1890868fb6915907f5754b21a5e2e9f0e19ebcfe', 'sha256': '63036ddadff511bd3ef35fb0951ecc69ddf2b9964135d1c572bf3581930acccb'}, 'dob': {'date': '1952-03-04T04:02:17.716Z', 'age': 72}, 'registered': {'date': '2020-07-24T00:28:59.004Z', 'age': 3}, 'phone': '30238298', 'cell': '81503190', 'id': {'name': 'CPR', 'value': '030352-2750'}, 'picture': {'large': 'https://randomuser.me/api/portraits/women/28.jpg', 'medium': 'https://randomuser.me/api/portraits/med/women/28.jpg', 'thumbnail': 'https://randomuser.me/api/portraits/thumb/women/28.jpg'}, 'nat': 'DK'}</msg>
<arg>${json_data['results'][0]}</arg>
<doc>Logs the given message with the given level.</doc>
<status status="PASS" start="2024-03-26T15:13:23.270901" elapsed="0.000411"/>
</kw>
<kw name="Log" owner="BuiltIn">
<msg time="2024-03-26T15:13:23.271740" level="INFO">login</msg>
<arg>${key}</arg>
<doc>Logs the given message with the given level.</doc>
<status status="PASS" start="2024-03-26T15:13:23.271614" elapsed="0.000275"/>
</kw>
<var name="${key}">login</var>
<status status="PASS" start="2024-03-26T15:13:23.270055" elapsed="0.002082"/>
</iter>
<var>${key}</var>
<value>@{expected_keys}</value>
<status status="PASS" start="2024-03-26T15:13:23.261210" elapsed="0.011052"/>
</for>
<kw name="Create List" owner="BuiltIn">
<msg time="2024-03-26T15:13:23.272600" level="INFO">${expected_keysTwo} = ['username', 'password']</msg>
<var>${expected_keysTwo}</var>
<arg>username</arg>
<arg>password</arg>
<doc>Returns a list containing given items.</doc>
<status status="PASS" start="2024-03-26T15:13:23.272461" elapsed="0.000162"/>
</kw>
<for flavor="IN">
<iter>
<kw name="Dictionary Should Contain Key" owner="Collections">
<msg time="2024-03-26T15:13:23.273508" level="INFO">False</msg>
<arg>${json_data['results'][0]['login']}</arg>
<arg>${keyTwo}</arg>
<doc>Fails if ``key`` is not found from ``dictionary``.</doc>
<status status="PASS" start="2024-03-26T15:13:23.273128" elapsed="0.000417"/>
</kw>
<kw name="Dictionary Should Contain Key" owner="Collections">
<msg time="2024-03-26T15:13:23.274217" level="INFO">False</msg>
<arg>${json_data['results'][0]['login']}</arg>
<arg>${keyTwo}</arg>
<doc>Fails if ``key`` is not found from ``dictionary``.</doc>
<status status="PASS" start="2024-03-26T15:13:23.273840" elapsed="0.000415"/>
</kw>
<kw name="Log" owner="BuiltIn">
<msg time="2024-03-26T15:13:23.274677" level="INFO">username</msg>
<arg>${keyTwo}</arg>
<doc>Logs the given message with the given level.</doc>
<status status="PASS" start="2024-03-26T15:13:23.274549" elapsed="0.000166"/>
</kw>
<var name="${keyTwo}">username</var>
<status status="PASS" start="2024-03-26T15:13:23.273017" elapsed="0.001937"/>
</iter>
<iter>
<kw name="Dictionary Should Contain Key" owner="Collections">
<msg time="2024-03-26T15:13:23.275615" level="INFO">False</msg>
<arg>${json_data['results'][0]['login']}</arg>
<arg>${keyTwo}</arg>
<doc>Fails if ``key`` is not found from ``dictionary``.</doc>
<status status="PASS" start="2024-03-26T15:13:23.275238" elapsed="0.000414"/>
</kw>
<kw name="Dictionary Should Contain Key" owner="Collections">
<msg time="2024-03-26T15:13:23.276324" level="INFO">False</msg>
<arg>${json_data['results'][0]['login']}</arg>
<arg>${keyTwo}</arg>
<doc>Fails if ``key`` is not found from ``dictionary``.</doc>
<status status="PASS" start="2024-03-26T15:13:23.275945" elapsed="0.000416"/>
</kw>
<kw name="Log" owner="BuiltIn">
<msg time="2024-03-26T15:13:23.276783" level="INFO">password</msg>
<arg>${keyTwo}</arg>
<doc>Logs the given message with the given level.</doc>
<status status="PASS" start="2024-03-26T15:13:23.276654" elapsed="0.000166"/>
</kw>
<var name="${keyTwo}">password</var>
<status status="PASS" start="2024-03-26T15:13:23.275127" elapsed="0.001909"/>
</iter>
<var>${keyTwo}</var>
<value>@{expected_keysTwo}</value>
<status status="PASS" start="2024-03-26T15:13:23.272863" elapsed="0.004295"/>
</for>
<status status="PASS" start="2024-03-26T15:13:23.157470" elapsed="0.119833"/>
</kw>
<doc>Testa a estrutura da resposta da API.</doc>
<tag>testeEstruturaResposta</tag>
<status status="PASS" start="2024-03-26T15:13:23.156757" elapsed="0.120710"/>
</test>
<test id="s1-s1-t4" name="Validar tipos de dados" line="28">
<kw name="Teste de Tipos de Dados" owner="random-user-service">
<kw name="GET On Session" owner="RequestsLibrary">
<msg time="2024-03-26T15:13:23.564637" level="INFO">GET Request : url=https://randomuser.me/api 
 path_url=/api 
 headers={'User-Agent': 'python-requests/2.31.0', 'Accept-Encoding': 'gzip, deflate', 'Accept': '*/*', 'Connection': 'keep-alive'} 
 body=None 
 </msg>
<msg time="2024-03-26T15:13:23.564753" level="INFO">GET Response : url=https://randomuser.me/api 
 status=200, reason=OK 
 headers={'Date': 'Tue, 26 Mar 2024 15:13:23 GMT', 'Content-Type': 'application/json; charset=utf-8', 'Transfer-Encoding': 'chunked', 'Connection': 'keep-alive', 'X-Powered-By': 'Express', 'Access-Control-Allow-Origin': '*', 'Cache-Control': 'no-cache', 'ETag': 'W/"475-ps1rFlK9pgUyqkat6bLnjJ/opeQ"', 'Vary': 'Accept-Encoding', 'Content-Encoding': 'gzip', 'CF-Cache-Status': 'DYNAMIC', 'Report-To': '{"endpoints":[{"url":"https:\\/\\/a.nel.cloudflare.com\\/report\\/v4?s=Cg47v8J8T01oLl4WpvPKAngdVKcZtLaHFRfPz5RD9%2BozNdZthi8ZPNvehuP2gxKTAeBJh78C2Ld4UxYxGTE8t56c%2FDTMLKJb%2BB%2Byj085phoDe24wkfqB6eDDBKtW0YB%2F"}],"group":"cf-nel","max_age":604800}', 'NEL': '{"success_fraction":0,"report_to":"cf-nel","max_age":604800}', 'Server': 'cloudflare', 'CF-RAY': '86a815988ce3d02d-SJC', 'alt-svc': 'h3=":443"; ma=86400'} 
 body={"results":[{"gender":"female","name":{"title":"Miss","first":"Jasmina","last":"Krasić"},"location":{"street":{"number":4795,"name":"Starih Ratnika"},"city":"Ražanj","state":"Rasina","country":"Serbia","postcode":93389,"coordinates":{"latitude":"62.5577","longitude":"153.7306"},"timezone":{"offset":"-9:00","description":"Alaska"}},"email":"jasmina.krasic@example.com","login":{"uuid":"55117cbb-e03b-479e-9eac-34a4347c0029","username":"silverduck368","password":"pass","salt":"bpSCJ3u4","md5":"34baab74b4928306bc07962ab5660238","sha1":"7d9fdd934e8e6a69536437241f7761a640acbe12","sha256":"7e2702866d8faa61c6c55a8e00df0c3d2f9f248ae4f6fdaf274f73c1357cf7c4"},"dob":{"date":"1981-07-07T23:48:18.368Z","age":42},"registered":{"date":"2007-07-23T10:07:12.992Z","age":16},"phone":"014-7001-534","cell":"061-0945-547","id":{"name":"SID","value":"025686815"},"picture":{"large":"https://randomuser.me/api/portraits/women/22.jpg","medium":"https://randomuser.me/api/portraits/med/women/22.jpg","thumbnail":"https://randomuser.me/api/portraits/thumb/women/22.jpg"},"nat":"RS"}],"info":{"seed":"3a15ad5c6bf2a079","results":1,"page":1,"version":"1.4"}} 
 </msg>
<msg time="2024-03-26T15:13:23.564844" level="INFO">/opt/hostedtoolcache/Python/3.12.2/x64/lib/python3.12/site-packages/urllib3/connectionpool.py:1103: InsecureRequestWarning: Unverified HTTPS request is being made to host 'randomuser.me'. Adding certificate verification is strongly advised. See: https://urllib3.readthedocs.io/en/latest/advanced-usage.html#tls-warnings
  warnings.warn(</msg>
<msg time="2024-03-26T15:13:23.564993" level="INFO">${response} = &lt;Response [200]&gt;</msg>
<var>${response}</var>
<arg>consultarAPI</arg>
<arg>/api</arg>
<doc>Sends a GET request on a previously created HTTP Session.</doc>
<status status="PASS" start="2024-03-26T15:13:23.279966" elapsed="0.285071"/>
</kw>
<kw name="Set Variable" owner="BuiltIn">
<msg time="2024-03-26T15:13:23.566139" level="INFO">${json_data} = {'results': [{'gender': 'female', 'name': {'title': 'Miss', 'first': 'Jasmina', 'last': 'Krasić'}, 'location': {'street': {'number': 4795, 'name': 'Starih Ratnika'}, 'city': 'Ražanj', 'state': 'Rasina...</msg>
<var>${json_data}</var>
<arg>${response.json()}</arg>
<doc>Returns the given values which can then be assigned to a variables.</doc>
<status status="PASS" start="2024-03-26T15:13:23.565586" elapsed="0.000584"/>
</kw>
<kw name="Log" owner="BuiltIn">
<msg time="2024-03-26T15:13:23.566652" level="INFO">{'results': [{'gender': 'female', 'name': {'title': 'Miss', 'first': 'Jasmina', 'last': 'Krasić'}, 'location': {'street': {'number': 4795, 'name': 'Starih Ratnika'}, 'city': 'Ražanj', 'state': 'Rasina', 'country': 'Serbia', 'postcode': 93389, 'coordinates': {'latitude': '62.5577', 'longitude': '153.7306'}, 'timezone': {'offset': '-9:00', 'description': 'Alaska'}}, 'email': 'jasmina.krasic@example.com', 'login': {'uuid': '55117cbb-e03b-479e-9eac-34a4347c0029', 'username': 'silverduck368', 'password': 'pass', 'salt': 'bpSCJ3u4', 'md5': '34baab74b4928306bc07962ab5660238', 'sha1': '7d9fdd934e8e6a69536437241f7761a640acbe12', 'sha256': '7e2702866d8faa61c6c55a8e00df0c3d2f9f248ae4f6fdaf274f73c1357cf7c4'}, 'dob': {'date': '1981-07-07T23:48:18.368Z', 'age': 42}, 'registered': {'date': '2007-07-23T10:07:12.992Z', 'age': 16}, 'phone': '014-7001-534', 'cell': '061-0945-547', 'id': {'name': 'SID', 'value': '025686815'}, 'picture': {'large': 'https://randomuser.me/api/portraits/women/22.jpg', 'medium': 'https://randomuser.me/api/portraits/med/women/22.jpg', 'thumbnail': 'https://randomuser.me/api/portraits/thumb/women/22.jpg'}, 'nat': 'RS'}], 'info': {'seed': '3a15ad5c6bf2a079', 'results': 1, 'page': 1, 'version': '1.4'}}</msg>
<arg>${json_data}</arg>
<doc>Logs the given message with the given level.</doc>
<status status="PASS" start="2024-03-26T15:13:23.566488" elapsed="0.000293"/>
</kw>
<kw name="Should Be String" owner="String">
<arg>${json_data['results'][0]['gender']}</arg>
<doc>Fails if the given ``item`` is not a string.</doc>
<status status="PASS" start="2024-03-26T15:13:23.567095" elapsed="0.000359"/>
</kw>
<kw name="Should Match Regexp" owner="BuiltIn">
<arg>${json_data['results'][0]['email']}</arg>
<arg>^[a-zA-Z0-9._%+-]+@[a-zA-Z0-9.-]+\.[a-zA-Z]{2,}$</arg>
<doc>Fails if ``string`` does not match ``pattern`` as a regular expression.</doc>
<status status="PASS" start="2024-03-26T15:13:23.567645" elapsed="0.000521"/>
</kw>
<kw name="Should Match Regexp" owner="BuiltIn">
<arg>${json_data['results'][0]['dob']['date']}</arg>
<arg>\\d{4}-\\d{2}-\\d{2}T\\d{2}:\\d{2}:\\d{2}\\.\\d{3}Z</arg>
<doc>Fails if ``string`` does not match ``pattern`` as a regular expression.</doc>
<status status="PASS" start="2024-03-26T15:13:23.568360" elapsed="0.000473"/>
</kw>
<kw name="Should Match Regexp" owner="BuiltIn">
<arg>${json_data['results'][0]['registered']['date']}</arg>
<arg>\\d{4}-\\d{2}-\\d{2}T\\d{2}:\\d{2}:\\d{2}\\.\\d{3}Z</arg>
<doc>Fails if ``string`` does not match ``pattern`` as a regular expression.</doc>
<status status="PASS" start="2024-03-26T15:13:23.569023" elapsed="0.000363"/>
</kw>
<kw name="Should Match Regexp" owner="BuiltIn">
<arg>${json_data['results'][0]['picture']['large']}</arg>
<arg>^https?://.*\.(?:png|jpe?g|gif|bmp)$</arg>
<doc>Fails if ``string`` does not match ``pattern`` as a regular expression.</doc>
<status status="PASS" start="2024-03-26T15:13:23.569577" elapsed="0.000454"/>
</kw>
<kw name="Should Match Regexp" owner="BuiltIn">
<arg>${json_data['results'][0]['picture']['medium']}</arg>
<arg>^https?://.*\.(?:png|jpe?g|gif|bmp)$</arg>
<doc>Fails if ``string`` does not match ``pattern`` as a regular expression.</doc>
<status status="PASS" start="2024-03-26T15:13:23.570214" elapsed="0.000355"/>
</kw>
<kw name="Should Match Regexp" owner="BuiltIn">
<arg>${json_data['results'][0]['picture']['thumbnail']}</arg>
<arg>^https?://.*\.(?:png|jpe?g|gif|bmp)$</arg>
<doc>Fails if ``string`` does not match ``pattern`` as a regular expression.</doc>
<status status="PASS" start="2024-03-26T15:13:23.570789" elapsed="0.000374"/>
</kw>
<kw name="Log" owner="BuiltIn">
<msg time="2024-03-26T15:13:23.571662" level="INFO">{'large': 'https://randomuser.me/api/portraits/women/22.jpg', 'medium': 'https://randomuser.me/api/portraits/med/women/22.jpg', 'thumbnail': 'https://randomuser.me/api/portraits/thumb/women/22.jpg'}</msg>
<arg>${json_data['results'][0]['picture']}</arg>
<doc>Logs the given message with the given level.</doc>
<status status="PASS" start="2024-03-26T15:13:23.571342" elapsed="0.000367"/>
</kw>
<status status="PASS" start="2024-03-26T15:13:23.279734" elapsed="0.292235"/>
</kw>
<kw name="Teste de Tipos de Dados - Postcode" owner="random-user-service">
<kw name="GET On Session" owner="RequestsLibrary">
<msg time="2024-03-26T15:13:23.664856" level="INFO">GET Request : url=https://randomuser.me/api 
 path_url=/api 
 headers={'User-Agent': 'python-requests/2.31.0', 'Accept-Encoding': 'gzip, deflate', 'Accept': '*/*', 'Connection': 'keep-alive'} 
 body=None 
 </msg>
<msg time="2024-03-26T15:13:23.664960" level="INFO">GET Response : url=https://randomuser.me/api 
 status=200, reason=OK 
 headers={'Date': 'Tue, 26 Mar 2024 15:13:23 GMT', 'Content-Type': 'application/json; charset=utf-8', 'Transfer-Encoding': 'chunked', 'Connection': 'keep-alive', 'X-Powered-By': 'Express', 'Access-Control-Allow-Origin': '*', 'Cache-Control': 'no-cache', 'ETag': 'W/"49b-p4a/RuCKyTn0AQzB40L+69hriC8"', 'Vary': 'Accept-Encoding', 'Content-Encoding': 'gzip', 'CF-Cache-Status': 'DYNAMIC', 'Report-To': '{"endpoints":[{"url":"https:\\/\\/a.nel.cloudflare.com\\/report\\/v4?s=nUF3UxcehdXVu%2BuPexh6emKcf%2FLEWN0WiRakagevXWkxKth5NQAEDZ7B9JY6qzjs%2F9MdUnxT3eO7c%2FJ%2Btqjqysx4EtrpYb5LVqf0%2FNWwSFuHvCB1YCFD5UDutsHzQkET"}],"group":"cf-nel","max_age":604800}', 'NEL': '{"success_fraction":0,"report_to":"cf-nel","max_age":604800}', 'Server': 'cloudflare', 'CF-RAY': '86a8159a5f49d02d-SJC', 'alt-svc': 'h3=":443"; ma=86400'} 
 body={"results":[{"gender":"male","name":{"title":"Mr","first":"Aljoša","last":"Čabarkapa"},"location":{"street":{"number":2808,"name":"Radoja Markovića"},"city":"Apatin","state":"Nišava","country":"Serbia","postcode":34031,"coordinates":{"latitude":"58.0304","longitude":"-91.2053"},"timezone":{"offset":"-5:00","description":"Eastern Time (US &amp; Canada), Bogota, Lima"}},"email":"aljosa.cabarkapa@example.com","login":{"uuid":"0134b064-d37d-4cc8-a36a-415b0a88190f","username":"happyostrich327","password":"coldplay","salt":"2nD2UVHz","md5":"f5239247f8723d6441fbe55d191c0b0d","sha1":"95d4890dc5ed9461213b73ea17f78139bc8837fa","sha256":"d08e11ca962c133c5d903e82954b8ffdcfa3dfec37483f88d4c07615704b9e4c"},"dob":{"date":"1950-04-19T11:08:02.418Z","age":73},"registered":{"date":"2009-02-07T18:01:52.151Z","age":15},"phone":"016-5505-095","cell":"060-0747-431","id":{"name":"SID","value":"445861767"},"picture":{"large":"https://randomuser.me/api/portraits/men/73.jpg","medium":"https://randomuser.me/api/portraits/med/men/73.jpg","thumbnail":"https://randomuser.me/api/portraits/thumb/men/73.jpg"},"nat":"RS"}],"info":{"seed":"ac753023942d3576","results":1,"page":1,"version":"1.4"}} 
 </msg>
<msg time="2024-03-26T15:13:23.665066" level="INFO">/opt/hostedtoolcache/Python/3.12.2/x64/lib/python3.12/site-packages/urllib3/connectionpool.py:1103: InsecureRequestWarning: Unverified HTTPS request is being made to host 'randomuser.me'. Adding certificate verification is strongly advised. See: https://urllib3.readthedocs.io/en/latest/advanced-usage.html#tls-warnings
  warnings.warn(</msg>
<msg time="2024-03-26T15:13:23.665201" level="INFO">${response} = &lt;Response [200]&gt;</msg>
<var>${response}</var>
<arg>consultarAPI</arg>
<arg>/api</arg>
<doc>Sends a GET request on a previously created HTTP Session.</doc>
<status status="PASS" start="2024-03-26T15:13:23.572595" elapsed="0.092647"/>
</kw>
<kw name="Set Variable" owner="BuiltIn">
<msg time="2024-03-26T15:13:23.666216" level="INFO">${json_data} = {'results': [{'gender': 'male', 'name': {'title': 'Mr', 'first': 'Aljoša', 'last': 'Čabarkapa'}, 'location': {'street': {'number': 2808, 'name': 'Radoja Markovića'}, 'city': 'Apatin', 'state': 'Nišava...</msg>
<var>${json_data}</var>
<arg>${response.json()}</arg>
<doc>Returns the given values which can then be assigned to a variables.</doc>
<status status="PASS" start="2024-03-26T15:13:23.665717" elapsed="0.000530"/>
</kw>
<kw name="Log" owner="BuiltIn">
<msg time="2024-03-26T15:13:23.666712" level="INFO">{'results': [{'gender': 'male', 'name': {'title': 'Mr', 'first': 'Aljoša', 'last': 'Čabarkapa'}, 'location': {'street': {'number': 2808, 'name': 'Radoja Markovića'}, 'city': 'Apatin', 'state': 'Nišava', 'country': 'Serbia', 'postcode': 34031, 'coordinates': {'latitude': '58.0304', 'longitude': '-91.2053'}, 'timezone': {'offset': '-5:00', 'description': 'Eastern Time (US &amp; Canada), Bogota, Lima'}}, 'email': 'aljosa.cabarkapa@example.com', 'login': {'uuid': '0134b064-d37d-4cc8-a36a-415b0a88190f', 'username': 'happyostrich327', 'password': 'coldplay', 'salt': '2nD2UVHz', 'md5': 'f5239247f8723d6441fbe55d191c0b0d', 'sha1': '95d4890dc5ed9461213b73ea17f78139bc8837fa', 'sha256': 'd08e11ca962c133c5d903e82954b8ffdcfa3dfec37483f88d4c07615704b9e4c'}, 'dob': {'date': '1950-04-19T11:08:02.418Z', 'age': 73}, 'registered': {'date': '2009-02-07T18:01:52.151Z', 'age': 15}, 'phone': '016-5505-095', 'cell': '060-0747-431', 'id': {'name': 'SID', 'value': '445861767'}, 'picture': {'large': 'https://randomuser.me/api/portraits/men/73.jpg', 'medium': 'https://randomuser.me/api/portraits/med/men/73.jpg', 'thumbnail': 'https://randomuser.me/api/portraits/thumb/men/73.jpg'}, 'nat': 'RS'}], 'info': {'seed': 'ac753023942d3576', 'results': 1, 'page': 1, 'version': '1.4'}}</msg>
<arg>${json_data}</arg>
<doc>Logs the given message with the given level.</doc>
<status status="PASS" start="2024-03-26T15:13:23.666552" elapsed="0.000277"/>
</kw>
<kw name="Should Be Equal As Numbers" owner="BuiltIn">
<arg>${json_data['results'][0]['location']['postcode']}</arg>
<arg>${json_data['results'][0]['location']['postcode']}</arg>
<doc>Fails if objects are unequal after converting them to real numbers.</doc>
<status status="PASS" start="2024-03-26T15:13:23.667147" elapsed="0.000624"/>
</kw>
<kw name="Log" owner="BuiltIn">
<msg time="2024-03-26T15:13:23.668295" level="INFO">34031</msg>
<arg>${json_data['results'][0]['location']['postcode']}</arg>
<doc>Logs the given message with the given level.</doc>
<status status="PASS" start="2024-03-26T15:13:23.667962" elapsed="0.000373"/>
</kw>
<status status="PASS" start="2024-03-26T15:13:23.572208" elapsed="0.096381"/>
</kw>
<doc>Testa se os tipos de dados na resposta da API estão corretos.</doc>
<tag>testeTiposDados</tag>
<status status="PASS" start="2024-03-26T15:13:23.279274" elapsed="0.389486"/>
</test>
<test id="s1-s1-t5" name="Validar conteudo" line="35">
<kw name="Teste de Tipos de Conteudo" owner="random-user-service">
<kw name="GET On Session" owner="RequestsLibrary">
<msg time="2024-03-26T15:13:23.763284" level="INFO">GET Request : url=https://randomuser.me/api 
 path_url=/api 
 headers={'User-Agent': 'python-requests/2.31.0', 'Accept-Encoding': 'gzip, deflate', 'Accept': '*/*', 'Connection': 'keep-alive'} 
 body=None 
 </msg>
<msg time="2024-03-26T15:13:23.763372" level="INFO">GET Response : url=https://randomuser.me/api 
 status=200, reason=OK 
 headers={'Date': 'Tue, 26 Mar 2024 15:13:23 GMT', 'Content-Type': 'application/json; charset=utf-8', 'Transfer-Encoding': 'chunked', 'Connection': 'keep-alive', 'X-Powered-By': 'Express', 'Access-Control-Allow-Origin': '*', 'Cache-Control': 'no-cache', 'ETag': 'W/"495-0X/A9K6hhwlgJSmh3UX/E/rpxoU"', 'Vary': 'Accept-Encoding', 'Content-Encoding': 'gzip', 'CF-Cache-Status': 'DYNAMIC', 'Report-To': '{"endpoints":[{"url":"https:\\/\\/a.nel.cloudflare.com\\/report\\/v4?s=xUUDqzuj%2BYvK3cSr9nF81y%2FHcFSlJqf9OhlL6J3%2F9PDiykM3cK84b9GXSCRdBoxiwE2dWCUZHol8PN4WyDJ0zR7Eg%2BPda6IIWIfEX5f5pEsEoBapH%2BFng5B2JW1nG0Tx"}],"group":"cf-nel","max_age":604800}', 'NEL': '{"success_fraction":0,"report_to":"cf-nel","max_age":604800}', 'Server': 'cloudflare', 'CF-RAY': '86a8159affedd02d-SJC', 'alt-svc': 'h3=":443"; ma=86400'} 
 body={"results":[{"gender":"female","name":{"title":"Miss","first":"Peggy","last":"Barrett"},"location":{"street":{"number":9148,"name":"Samaritan Dr"},"city":"Devonport","state":"Western Australia","country":"Australia","postcode":7190,"coordinates":{"latitude":"-87.9509","longitude":"172.2652"},"timezone":{"offset":"+2:00","description":"Kaliningrad, South Africa"}},"email":"peggy.barrett@example.com","login":{"uuid":"c018eb5f-9e81-4a7a-8a74-0bde4b4b9d55","username":"goldenbear720","password":"javelin","salt":"5IhMBQdQ","md5":"3e6fe4603c58192567ed874db20188cb","sha1":"a80a9d1adb452c596f61af1eb2942e39d74d8930","sha256":"d9995b1f2190fcc6d3790dc12d48815045ef73c15cf01dded3417c53b718cef9"},"dob":{"date":"1992-03-23T21:27:55.326Z","age":32},"registered":{"date":"2020-06-16T14:32:33.408Z","age":3},"phone":"07-2768-3313","cell":"0476-543-113","id":{"name":"TFN","value":"726807493"},"picture":{"large":"https://randomuser.me/api/portraits/women/26.jpg","medium":"https://randomuser.me/api/portraits/med/women/26.jpg","thumbnail":"https://randomuser.me/api/portraits/thumb/women/26.jpg"},"nat":"AU"}],"info":{"seed":"edf5219eae4cdf85","results":1,"page":1,"version":"1.4"}} 
 </msg>
<msg time="2024-03-26T15:13:23.763438" level="INFO">/opt/hostedtoolcache/Python/3.12.2/x64/lib/python3.12/site-packages/urllib3/connectionpool.py:1103: InsecureRequestWarning: Unverified HTTPS request is being made to host 'randomuser.me'. Adding certificate verification is strongly advised. See: https://urllib3.readthedocs.io/en/latest/advanced-usage.html#tls-warnings
  warnings.warn(</msg>
<msg time="2024-03-26T15:13:23.763568" level="INFO">${response} = &lt;Response [200]&gt;</msg>
<var>${response}</var>
<arg>consultarAPI</arg>
<arg>/api</arg>
<doc>Sends a GET request on a previously created HTTP Session.</doc>
<status status="PASS" start="2024-03-26T15:13:23.671288" elapsed="0.092320"/>
</kw>
<kw name="Set Variable" owner="BuiltIn">
<msg time="2024-03-26T15:13:23.764569" level="INFO">${json_data} = {'results': [{'gender': 'female', 'name': {'title': 'Miss', 'first': 'Peggy', 'last': 'Barrett'}, 'location': {'street': {'number': 9148, 'name': 'Samaritan Dr'}, 'city': 'Devonport', 'state': 'Wester...</msg>
<var>${json_data}</var>
<arg>${response.json()}</arg>
<doc>Returns the given values which can then be assigned to a variables.</doc>
<status status="PASS" start="2024-03-26T15:13:23.764078" elapsed="0.000519"/>
</kw>
<kw name="Set Variable" owner="BuiltIn">
<msg time="2024-03-26T15:13:23.765284" level="INFO">${name_title} = Miss</msg>
<var>${name_title}</var>
<arg>${json_data["results"][0]["name"]["title"]}</arg>
<doc>Returns the given values which can then be assigned to a variables.</doc>
<status status="PASS" start="2024-03-26T15:13:23.764900" elapsed="0.000409"/>
</kw>
<kw name="Create List" owner="BuiltIn">
<msg time="2024-03-26T15:13:23.765759" level="INFO">${allowed_titles} = ['Mr', 'Ms', 'Miss', 'Mrs', 'Madame', 'Monsieur']</msg>
<var>${allowed_titles}</var>
<arg>Mr</arg>
<arg>Ms</arg>
<arg>Miss</arg>
<arg>Mrs</arg>
<arg>Madame</arg>
<arg>Monsieur</arg>
<doc>Returns a list containing given items.</doc>
<status status="PASS" start="2024-03-26T15:13:23.765610" elapsed="0.000173"/>
</kw>
<kw name="List Should Contain Value" owner="Collections">
<msg time="2024-03-26T15:13:23.766261" level="INFO">False</msg>
<arg>${allowed_titles}</arg>
<arg>${name_title}</arg>
<doc>Fails if the ``value`` is not found from ``list``.</doc>
<status status="PASS" start="2024-03-26T15:13:23.766083" elapsed="0.000216"/>
</kw>
<kw name="Set Variable" owner="BuiltIn">
<msg time="2024-03-26T15:13:23.766999" level="INFO">${name_country} = AU</msg>
<var>${name_country}</var>
<arg>${json_data["results"][0]["nat"]}</arg>
<doc>Returns the given values which can then be assigned to a variables.</doc>
<status status="PASS" start="2024-03-26T15:13:23.766591" elapsed="0.000433"/>
</kw>
<kw name="Create List" owner="BuiltIn">
<msg time="2024-03-26T15:13:23.767929" level="INFO">${list_country} = ['AD', 'AE', 'AF', 'AG', 'AI', 'AL', 'AM', 'AO', 'AQ', 'AR', 'AS', 'AT', 'AU', 'AW', 'AX', 'AZ', 'BA', 'BB', 'BD', 'BE', 'BF', 'BG', 'BH', 'BI', 'BJ', 'BL', 'BM', 'BN', 'BO', 'BQ', 'BR', 'BS', 'BT', '...</msg>
<var>${list_country}</var>
<arg>AD</arg>
<arg>AE</arg>
<arg>AF</arg>
<arg>AG</arg>
<arg>AI</arg>
<arg>AL</arg>
<arg>AM</arg>
<arg>AO</arg>
<arg>AQ</arg>
<arg>AR</arg>
<arg>AS</arg>
<arg>AT</arg>
<arg>AU</arg>
<arg>AW</arg>
<arg>AX</arg>
<arg>AZ</arg>
<arg>BA</arg>
<arg>BB</arg>
<arg>BD</arg>
<arg>BE</arg>
<arg>BF</arg>
<arg>BG</arg>
<arg>BH</arg>
<arg>BI</arg>
<arg>BJ</arg>
<arg>BL</arg>
<arg>BM</arg>
<arg>BN</arg>
<arg>BO</arg>
<arg>BQ</arg>
<arg>BR</arg>
<arg>BS</arg>
<arg>BT</arg>
<arg>BV</arg>
<arg>BW</arg>
<arg>BY</arg>
<arg>BZ</arg>
<arg>CA</arg>
<arg>CC</arg>
<arg>CD</arg>
<arg>CF</arg>
<arg>CG</arg>
<arg>CH</arg>
<arg>CI</arg>
<arg>CK</arg>
<arg>CL</arg>
<arg>CM</arg>
<arg>CN</arg>
<arg>CO</arg>
<arg>CR</arg>
<arg>CU</arg>
<arg>CV</arg>
<arg>CW</arg>
<arg>CX</arg>
<arg>CY</arg>
<arg>CZ</arg>
<arg>DE</arg>
<arg>DJ</arg>
<arg>DK</arg>
<arg>DM</arg>
<arg>DO</arg>
<arg>DZ</arg>
<arg>EC</arg>
<arg>EE</arg>
<arg>EG</arg>
<arg>EH</arg>
<arg>ER</arg>
<arg>ES</arg>
<arg>ET</arg>
<arg>FI</arg>
<arg>FJ</arg>
<arg>FK</arg>
<arg>FM</arg>
<arg>FO</arg>
<arg>FR</arg>
<arg>GA</arg>
<arg>GB</arg>
<arg>GD</arg>
<arg>GE</arg>
<arg>GF</arg>
<arg>GG</arg>
<arg>GH</arg>
<arg>GI</arg>
<arg>GL</arg>
<arg>GM</arg>
<arg>GN</arg>
<arg>GP</arg>
<arg>GQ</arg>
<arg>GR</arg>
<arg>GS</arg>
<arg>GT</arg>
<arg>GU</arg>
<arg>GW</arg>
<arg>GY</arg>
<arg>HK</arg>
<arg>HM</arg>
<arg>HN</arg>
<arg>HR</arg>
<arg>HT</arg>
<arg>HU</arg>
<arg>ID</arg>
<arg>IE</arg>
<arg>IL</arg>
<arg>IM</arg>
<arg>IN</arg>
<arg>IO</arg>
<arg>IQ</arg>
<arg>IR</arg>
<arg>IS</arg>
<arg>IT</arg>
<arg>JE</arg>
<arg>JM</arg>
<arg>JO</arg>
<arg>JP</arg>
<arg>KE</arg>
<arg>KG</arg>
<arg>KH</arg>
<arg>KI</arg>
<arg>KM</arg>
<arg>KN</arg>
<arg>KP</arg>
<arg>KR</arg>
<arg>KW</arg>
<arg>KY</arg>
<arg>KZ</arg>
<arg>LA</arg>
<arg>LB</arg>
<arg>LC</arg>
<arg>LI</arg>
<arg>LK</arg>
<arg>LR</arg>
<arg>LS</arg>
<arg>LT</arg>
<arg>LU</arg>
<arg>LV</arg>
<arg>LY</arg>
<arg>MA</arg>
<arg>MC</arg>
<arg>MD</arg>
<arg>ME</arg>
<arg>MF</arg>
<arg>MG</arg>
<arg>MH</arg>
<arg>MK</arg>
<arg>ML</arg>
<arg>MM</arg>
<arg>MN</arg>
<arg>MO</arg>
<arg>MP</arg>
<arg>MQ</arg>
<arg>MR</arg>
<arg>MS</arg>
<arg>MT</arg>
<arg>MU</arg>
<arg>MV</arg>
<arg>MW</arg>
<arg>MX</arg>
<arg>MY</arg>
<arg>MZ</arg>
<arg>NA</arg>
<arg>NC</arg>
<arg>NE</arg>
<arg>NF</arg>
<arg>NG</arg>
<arg>NI</arg>
<arg>NL</arg>
<arg>NO</arg>
<arg>NP</arg>
<arg>NR</arg>
<arg>NU</arg>
<arg>NZ</arg>
<arg>OM</arg>
<arg>PA</arg>
<arg>PE</arg>
<arg>PF</arg>
<arg>PG</arg>
<arg>PH</arg>
<arg>PK</arg>
<arg>PL</arg>
<arg>PM</arg>
<arg>PN</arg>
<arg>PR</arg>
<arg>PS</arg>
<arg>PT</arg>
<arg>PW</arg>
<arg>PY</arg>
<arg>QA</arg>
<arg>RE</arg>
<arg>RO</arg>
<arg>RS</arg>
<arg>RU</arg>
<arg>RW</arg>
<arg>SA</arg>
<arg>SB</arg>
<arg>SC</arg>
<arg>SD</arg>
<arg>SE</arg>
<arg>SG</arg>
<arg>SH</arg>
<arg>SI</arg>
<arg>SJ</arg>
<arg>SK</arg>
<arg>SL</arg>
<arg>SM</arg>
<arg>SN</arg>
<arg>SO</arg>
<arg>SR</arg>
<arg>SS</arg>
<arg>ST</arg>
<arg>SV</arg>
<arg>SX</arg>
<arg>SY</arg>
<arg>SZ</arg>
<arg>TC</arg>
<arg>TD</arg>
<arg>TF</arg>
<arg>TG</arg>
<arg>TH</arg>
<arg>TJ</arg>
<arg>TK</arg>
<arg>TL</arg>
<arg>TM</arg>
<arg>TN</arg>
<arg>TO</arg>
<arg>TR</arg>
<arg>TT</arg>
<arg>TV</arg>
<arg>TW</arg>
<arg>TZ</arg>
<arg>UA</arg>
<arg>UG</arg>
<arg>UM</arg>
<arg>US</arg>
<arg>UY</arg>
<arg>UZ</arg>
<arg>VA</arg>
<arg>VC</arg>
<arg>VE</arg>
<arg>VG</arg>
<arg>VI</arg>
<arg>VN</arg>
<arg>VU</arg>
<arg>WF</arg>
<arg>WS</arg>
<arg>XK</arg>
<arg>YE</arg>
<arg>YT</arg>
<arg>ZA</arg>
<arg>ZM</arg>
<arg>ZW</arg>
<doc>Returns a list containing given items.</doc>
<status status="PASS" start="2024-03-26T15:13:23.767330" elapsed="0.000625"/>
</kw>
<kw name="List Should Contain Value" owner="Collections">
<msg time="2024-03-26T15:13:23.769083" level="INFO">False</msg>
<arg>${list_country}</arg>
<arg>${name_country}</arg>
<doc>Fails if the ``value`` is not found from ``list``.</doc>
<status status="PASS" start="2024-03-26T15:13:23.768880" elapsed="0.000240"/>
</kw>
<kw name="Run Keyword If" owner="BuiltIn">
<kw name="Should Be True" owner="BuiltIn">
<arg>${True}</arg>
<doc>Fails if the given condition is not true.</doc>
<status status="PASS" start="2024-03-26T15:13:23.770202" elapsed="0.000145"/>
</kw>
<arg>${json_data["results"][0]["location"]["coordinates"]["latitude"]} &gt;= -90 and ${json_data["results"][0]["location"]["coordinates"]["latitude"]} &lt;= 90</arg>
<arg>Should Be True</arg>
<arg>${True}</arg>
<doc>Runs the given keyword with the given arguments, if ``condition`` is true.</doc>
<status status="PASS" start="2024-03-26T15:13:23.769439" elapsed="0.001034"/>
</kw>
<kw name="Run Keyword If" owner="BuiltIn">
<kw name="Should Be True" owner="BuiltIn">
<arg>${True}</arg>
<doc>Fails if the given condition is not true.</doc>
<status status="PASS" start="2024-03-26T15:13:23.771387" elapsed="0.000139"/>
</kw>
<arg>${json_data["results"][0]["location"]["coordinates"]["longitude"]} &gt;= -180 and ${json_data["results"][0]["location"]["coordinates"]["longitude"]} &lt;= 180</arg>
<arg>Should Be True</arg>
<arg>${True}</arg>
<doc>Runs the given keyword with the given arguments, if ``condition`` is true.</doc>
<status status="PASS" start="2024-03-26T15:13:23.770655" elapsed="0.000997"/>
</kw>
<status status="PASS" start="2024-03-26T15:13:23.671052" elapsed="0.100732"/>
</kw>
<doc>Testa o conteúdo específico dos campos retornados pela API.</doc>
<tag>testeConteudo</tag>
<status status="PASS" start="2024-03-26T15:13:23.670524" elapsed="0.101415"/>
</test>
<status status="PASS" start="2024-03-26T15:13:22.728128" elapsed="1.045740"/>
</suite>
<status status="PASS" start="2024-03-26T15:13:22.714083" elapsed="1.065167"/>
</suite>
<statistics>
<total>
<stat pass="5" fail="0" skip="0">All Tests</stat>
</total>
<tag>
<stat pass="1" fail="0" skip="0">testeConteudo</stat>
<stat pass="1" fail="0" skip="0">testeEstruturaResposta</stat>
<stat pass="1" fail="0" skip="0">testeRequisicaoBasica</stat>
<stat pass="1" fail="0" skip="0">testeTiposDados</stat>
</tag>
<suite>
<stat pass="5" fail="0" skip="0" id="s1" name="Tests">Tests</stat>
<stat pass="5" fail="0" skip="0" id="s1-s1" name="Random-User-Test">Tests.Random-User-Test</stat>
</suite>
</statistics>
<errors>
</errors>
</robot>
