<?xml version="1.0" encoding="UTF-8"?>
<robot generator="Robot 7.0 (Python 3.12.3 on linux)" generated="2024-05-19T21:13:46.436699" rpa="false" schemaversion="5">
<suite id="s1" name="Tests" source="/home/runner/work/DesafioQAItauRogerioJordao/DesafioQAItauRogerioJordao/RamdonUser/tests">
<suite id="s1-s1" name="Random-User-Test" source="/home/runner/work/DesafioQAItauRogerioJordao/DesafioQAItauRogerioJordao/RamdonUser/tests/random-user-test.robot">
<test id="s1-s1-t1" name="Conectar" line="13">
<kw name="Conectar API" owner="random-user-service">
<kw name="Create Session" owner="RequestsLibrary">
<msg time="2024-05-19T21:13:46.796069" level="INFO">Creating Session using : alias=consultarAPI, url=https://randomuser.me/, headers={},                     cookies={}, auth=None, timeout=None, proxies=None, verify=False,                     debug=0 </msg>
<arg>consultarAPI</arg>
<arg>${URL}</arg>
<doc>Create Session: create a HTTP session to a server</doc>
<status status="PASS" start="2024-05-19T21:13:46.795818" elapsed="0.000493"/>
</kw>
<status status="PASS" start="2024-05-19T21:13:46.794820" elapsed="0.001859"/>
</kw>
<status status="PASS" start="2024-05-19T21:13:46.794138" elapsed="0.002733"/>
</test>
<test id="s1-s1-t2" name="Validar retorno 200 e JSON Válido" line="16">
<kw name="Teste de Requisicao Basica" owner="random-user-service">
<kw name="GET On Session" owner="RequestsLibrary">
<msg time="2024-05-19T21:13:46.982729" level="INFO">GET Request : url=https://randomuser.me/api 
 path_url=/api 
 headers={'User-Agent': 'python-requests/2.31.0', 'Accept-Encoding': 'gzip, deflate', 'Accept': '*/*', 'Connection': 'keep-alive'} 
 body=None 
 </msg>
<msg time="2024-05-19T21:13:46.982895" level="INFO">GET Response : url=https://randomuser.me/api 
 status=200, reason=OK 
 headers={'Date': 'Sun, 19 May 2024 21:13:46 GMT', 'Content-Type': 'application/json; charset=utf-8', 'Transfer-Encoding': 'chunked', 'Connection': 'keep-alive', 'X-Powered-By': 'Express', 'Access-Control-Allow-Origin': '*', 'Cache-Control': 'no-cache', 'ETag': 'W/"477-rDJqnit1K/Czrp7gKl1SH+qF96A"', 'Vary': 'Accept-Encoding', 'Content-Encoding': 'gzip', 'CF-Cache-Status': 'DYNAMIC', 'Report-To': '{"endpoints":[{"url":"https:\\/\\/a.nel.cloudflare.com\\/report\\/v4?s=d221jg1DJsVUf5CCrfCgvq75Qk2mrTO2kR4oUFZdlC3MXiXQwq6xFTWFwNUnBmHzE%2BHPvnEhG7qcX%2FnBmQiNARg6ubI8VUCPIBCZMo9%2BS6u3b8J%2FCC7p2Zlo67aaBb6P"}],"group":"cf-nel","max_age":604800}', 'NEL': '{"success_fraction":0,"report_to":"cf-nel","max_age":604800}', 'Server': 'cloudflare', 'CF-RAY': '886717c46f5c1197-ORD', 'alt-svc': 'h3=":443"; ma=86400'} 
 body={"results":[{"gender":"female","name":{"title":"Miss","first":"Sara","last":"Jensen"},"location":{"street":{"number":1209,"name":"Æblevej"},"city":"Sandved","state":"Syddanmark","country":"Denmark","postcode":64444,"coordinates":{"latitude":"-40.7390","longitude":"169.2985"},"timezone":{"offset":"+9:30","description":"Adelaide, Darwin"}},"email":"sara.jensen@example.com","login":{"uuid":"c32e1fbf-9318-429f-995f-a79cfa10f333","username":"yellowostrich527","password":"flanker","salt":"ogFjJ7uK","md5":"dfbd1877eb0d5c86cdba08d8020f080d","sha1":"1b8d1a72ab69aa60669ba618674ab3498545b969","sha256":"491495dde260e8f544db99fdfc2734d79632eb2c66258600cdcb5ccd0f75fc0f"},"dob":{"date":"1978-05-02T17:17:05.519Z","age":46},"registered":{"date":"2018-07-28T13:07:53.316Z","age":5},"phone":"60092229","cell":"57397165","id":{"name":"CPR","value":"020578-7493"},"picture":{"large":"https://randomuser.me/api/portraits/women/93.jpg","medium":"https://randomuser.me/api/portraits/med/women/93.jpg","thumbnail":"https://randomuser.me/api/portraits/thumb/women/93.jpg"},"nat":"DK"}],"info":{"seed":"59314b38aef0774d","results":1,"page":1,"version":"1.4"}} 
 </msg>
<msg time="2024-05-19T21:13:46.982984" level="INFO">/opt/hostedtoolcache/Python/3.12.3/x64/lib/python3.12/site-packages/urllib3/connectionpool.py:1103: InsecureRequestWarning: Unverified HTTPS request is being made to host 'randomuser.me'. Adding certificate verification is strongly advised. See: https://urllib3.readthedocs.io/en/latest/advanced-usage.html#tls-warnings
  warnings.warn(</msg>
<msg time="2024-05-19T21:13:46.983132" level="INFO">${response} = &lt;Response [200]&gt;</msg>
<var>${response}</var>
<arg>consultarAPI</arg>
<arg>/api</arg>
<doc>Sends a GET request on a previously created HTTP Session.</doc>
<status status="PASS" start="2024-05-19T21:13:46.799476" elapsed="0.183699"/>
</kw>
<kw name="Should Be Equal As Numbers" owner="BuiltIn">
<msg time="2024-05-19T21:13:46.984297" level="INFO">Argument types are:
&lt;class 'int'&gt;
&lt;class 'str'&gt;</msg>
<arg>${response.status_code}</arg>
<arg>200</arg>
<doc>Fails if objects are unequal after converting them to real numbers.</doc>
<status status="PASS" start="2024-05-19T21:13:46.983819" elapsed="0.000549"/>
</kw>
<kw name="Log" owner="BuiltIn">
<msg time="2024-05-19T21:13:46.985037" level="INFO">200</msg>
<arg>${response.status_code}</arg>
<doc>Logs the given message with the given level.</doc>
<status status="PASS" start="2024-05-19T21:13:46.984691" elapsed="0.000389"/>
</kw>
<kw name="Set Variable" owner="BuiltIn">
<msg time="2024-05-19T21:13:46.985830" level="INFO">${json_data} = {'results': [{'gender': 'female', 'name': {'title': 'Miss', 'first': 'Sara', 'last': 'Jensen'}, 'location': {'street': {'number': 1209, 'name': 'Æblevej'}, 'city': 'Sandved', 'state': 'Syddanmark', 'c...</msg>
<var>${json_data}</var>
<arg>${response.json()}</arg>
<doc>Returns the given values which can then be assigned to a variables.</doc>
<status status="PASS" start="2024-05-19T21:13:46.985389" elapsed="0.000470"/>
</kw>
<kw name="Dictionary Should Contain Key" owner="Collections">
<msg time="2024-05-19T21:13:46.986335" level="INFO">False</msg>
<arg>${json_data}</arg>
<arg>results</arg>
<doc>Fails if ``key`` is not found from ``dictionary``.</doc>
<status status="PASS" start="2024-05-19T21:13:46.986164" elapsed="0.000246"/>
</kw>
<status status="PASS" start="2024-05-19T21:13:46.799236" elapsed="0.187439"/>
</kw>
<doc>Testa se a API responde corretamente e retorna um objeto JSON válido.</doc>
<tag>testeRequisicaoBasica</tag>
<status status="PASS" start="2024-05-19T21:13:46.798779" elapsed="0.188086"/>
</test>
<test id="s1-s1-t3" name="Validar estrutura de resposta" line="22">
<kw name="Teste de Estrutura de Resposta" owner="random-user-service">
<kw name="GET On Session" owner="RequestsLibrary">
<msg time="2024-05-19T21:13:47.263533" level="INFO">GET Request : url=https://randomuser.me/api 
 path_url=/api 
 headers={'User-Agent': 'python-requests/2.31.0', 'Accept-Encoding': 'gzip, deflate', 'Accept': '*/*', 'Connection': 'keep-alive'} 
 body=None 
 </msg>
<msg time="2024-05-19T21:13:47.263634" level="INFO">GET Response : url=https://randomuser.me/api 
 status=200, reason=OK 
 headers={'Date': 'Sun, 19 May 2024 21:13:47 GMT', 'Content-Type': 'application/json; charset=utf-8', 'Transfer-Encoding': 'chunked', 'Connection': 'keep-alive', 'X-Powered-By': 'Express', 'Access-Control-Allow-Origin': '*', 'Cache-Control': 'no-cache', 'ETag': 'W/"4ad-Z9m2JRlkSla8OcNUxBovg/Z/MRo"', 'Vary': 'Accept-Encoding', 'Content-Encoding': 'gzip', 'CF-Cache-Status': 'DYNAMIC', 'Report-To': '{"endpoints":[{"url":"https:\\/\\/a.nel.cloudflare.com\\/report\\/v4?s=A8xvmAq9MDDTw2T12tDYDhB8ytcNmqTDrXyW0BZJ7LxFMkRniBhRlgfO%2FtMI3exwWr5u36RBLa%2FZOqXbi3669SRpA5r8KOdFaheZuOEvS2dOInJj1UZPeJGtwevVDNOG"}],"group":"cf-nel","max_age":604800}', 'NEL': '{"success_fraction":0,"report_to":"cf-nel","max_age":604800}', 'Server': 'cloudflare', 'CF-RAY': '886717c4bfd61197-ORD', 'alt-svc': 'h3=":443"; ma=86400'} 
 body={"results":[{"gender":"male","name":{"title":"Mr","first":"Alexandre","last":"Walker"},"location":{"street":{"number":6659,"name":"Lake of Bays Road"},"city":"Windsor","state":"Newfoundland and Labrador","country":"Canada","postcode":"A8X 7S7","coordinates":{"latitude":"-65.0819","longitude":"-163.4391"},"timezone":{"offset":"+10:00","description":"Eastern Australia, Guam, Vladivostok"}},"email":"alexandre.walker@example.com","login":{"uuid":"0efa9f58-f1b6-4891-b639-ce35bdebfeb8","username":"bluemeercat823","password":"harley1","salt":"8eTyHMhn","md5":"acba26429c904846fbeed48aca000d44","sha1":"ca1f3289c0e18d33609f487345680f9010eb460a","sha256":"c7653f0c8c3ea2125f32ebd1ef3b1ef157e7f88bbc064493373bc8a704ad2cc0"},"dob":{"date":"1996-10-01T16:24:36.003Z","age":27},"registered":{"date":"2006-08-01T07:29:30.252Z","age":17},"phone":"S89 T98-7527","cell":"O81 C59-4065","id":{"name":"SIN","value":"725529655"},"picture":{"large":"https://randomuser.me/api/portraits/men/34.jpg","medium":"https://randomuser.me/api/portraits/med/men/34.jpg","thumbnail":"https://randomuser.me/api/portraits/thumb/men/34.jpg"},"nat":"CA"}],"info":{"seed":"e4a22bffe089ea6c","results":1,"page":1,"version":"1.4"}} 
 </msg>
<msg time="2024-05-19T21:13:47.263754" level="INFO">/opt/hostedtoolcache/Python/3.12.3/x64/lib/python3.12/site-packages/urllib3/connectionpool.py:1103: InsecureRequestWarning: Unverified HTTPS request is being made to host 'randomuser.me'. Adding certificate verification is strongly advised. See: https://urllib3.readthedocs.io/en/latest/advanced-usage.html#tls-warnings
  warnings.warn(</msg>
<msg time="2024-05-19T21:13:47.263884" level="INFO">${response} = &lt;Response [200]&gt;</msg>
<var>${response}</var>
<arg>consultarAPI</arg>
<arg>/api</arg>
<doc>Sends a GET request on a previously created HTTP Session.</doc>
<status status="PASS" start="2024-05-19T21:13:46.989427" elapsed="0.274497"/>
</kw>
<kw name="Set Variable" owner="BuiltIn">
<msg time="2024-05-19T21:13:47.265085" level="INFO">${json_data} = {'results': [{'gender': 'male', 'name': {'title': 'Mr', 'first': 'Alexandre', 'last': 'Walker'}, 'location': {'street': {'number': 6659, 'name': 'Lake of Bays Road'}, 'city': 'Windsor', 'state': 'Newf...</msg>
<var>${json_data}</var>
<arg>${response.json()}</arg>
<doc>Returns the given values which can then be assigned to a variables.</doc>
<status status="PASS" start="2024-05-19T21:13:47.264532" elapsed="0.000582"/>
</kw>
<kw name="Log" owner="BuiltIn">
<msg time="2024-05-19T21:13:47.265579" level="INFO">{'results': [{'gender': 'male', 'name': {'title': 'Mr', 'first': 'Alexandre', 'last': 'Walker'}, 'location': {'street': {'number': 6659, 'name': 'Lake of Bays Road'}, 'city': 'Windsor', 'state': 'Newfoundland and Labrador', 'country': 'Canada', 'postcode': 'A8X 7S7', 'coordinates': {'latitude': '-65.0819', 'longitude': '-163.4391'}, 'timezone': {'offset': '+10:00', 'description': 'Eastern Australia, Guam, Vladivostok'}}, 'email': 'alexandre.walker@example.com', 'login': {'uuid': '0efa9f58-f1b6-4891-b639-ce35bdebfeb8', 'username': 'bluemeercat823', 'password': 'harley1', 'salt': '8eTyHMhn', 'md5': 'acba26429c904846fbeed48aca000d44', 'sha1': 'ca1f3289c0e18d33609f487345680f9010eb460a', 'sha256': 'c7653f0c8c3ea2125f32ebd1ef3b1ef157e7f88bbc064493373bc8a704ad2cc0'}, 'dob': {'date': '1996-10-01T16:24:36.003Z', 'age': 27}, 'registered': {'date': '2006-08-01T07:29:30.252Z', 'age': 17}, 'phone': 'S89 T98-7527', 'cell': 'O81 C59-4065', 'id': {'name': 'SIN', 'value': '725529655'}, 'picture': {'large': 'https://randomuser.me/api/portraits/men/34.jpg', 'medium': 'https://randomuser.me/api/portraits/med/men/34.jpg', 'thumbnail': 'https://randomuser.me/api/portraits/thumb/men/34.jpg'}, 'nat': 'CA'}], 'info': {'seed': 'e4a22bffe089ea6c', 'results': 1, 'page': 1, 'version': '1.4'}}</msg>
<arg>${json_data}</arg>
<doc>Logs the given message with the given level.</doc>
<status status="PASS" start="2024-05-19T21:13:47.265420" elapsed="0.000208"/>
</kw>
<kw name="Dictionary Should Contain Key" owner="Collections">
<msg time="2024-05-19T21:13:47.266078" level="INFO">False</msg>
<arg>${json_data}</arg>
<arg>results</arg>
<doc>Fails if ``key`` is not found from ``dictionary``.</doc>
<status status="PASS" start="2024-05-19T21:13:47.265922" elapsed="0.000192"/>
</kw>
<kw name="Should Not Be Empty" owner="BuiltIn">
<msg time="2024-05-19T21:13:47.266585" level="INFO">Length is 2.</msg>
<arg>${json_data}</arg>
<doc>Verifies that the given item is not empty.</doc>
<status status="PASS" start="2024-05-19T21:13:47.266439" elapsed="0.000343"/>
</kw>
<kw name="Create List" owner="BuiltIn">
<msg time="2024-05-19T21:13:47.267233" level="INFO">${expected_keys} = ['gender', 'name', 'location', 'email', 'login']</msg>
<var>${expected_keys}</var>
<arg>gender</arg>
<arg>name</arg>
<arg>location</arg>
<arg>email</arg>
<arg>login</arg>
<doc>Returns a list containing given items.</doc>
<status status="PASS" start="2024-05-19T21:13:47.267083" elapsed="0.000173"/>
</kw>
<for flavor="IN">
<iter>
<kw name="Dictionary Should Contain Key" owner="Collections">
<msg time="2024-05-19T21:13:47.268228" level="INFO">False</msg>
<arg>${json_data['results'][0]}</arg>
<arg>${key}</arg>
<doc>Fails if ``key`` is not found from ``dictionary``.</doc>
<status status="PASS" start="2024-05-19T21:13:47.267832" elapsed="0.000434"/>
</kw>
<kw name="Log" owner="BuiltIn">
<msg time="2024-05-19T21:13:47.268919" level="INFO">{'gender': 'male', 'name': {'title': 'Mr', 'first': 'Alexandre', 'last': 'Walker'}, 'location': {'street': {'number': 6659, 'name': 'Lake of Bays Road'}, 'city': 'Windsor', 'state': 'Newfoundland and Labrador', 'country': 'Canada', 'postcode': 'A8X 7S7', 'coordinates': {'latitude': '-65.0819', 'longitude': '-163.4391'}, 'timezone': {'offset': '+10:00', 'description': 'Eastern Australia, Guam, Vladivostok'}}, 'email': 'alexandre.walker@example.com', 'login': {'uuid': '0efa9f58-f1b6-4891-b639-ce35bdebfeb8', 'username': 'bluemeercat823', 'password': 'harley1', 'salt': '8eTyHMhn', 'md5': 'acba26429c904846fbeed48aca000d44', 'sha1': 'ca1f3289c0e18d33609f487345680f9010eb460a', 'sha256': 'c7653f0c8c3ea2125f32ebd1ef3b1ef157e7f88bbc064493373bc8a704ad2cc0'}, 'dob': {'date': '1996-10-01T16:24:36.003Z', 'age': 27}, 'registered': {'date': '2006-08-01T07:29:30.252Z', 'age': 17}, 'phone': 'S89 T98-7527', 'cell': 'O81 C59-4065', 'id': {'name': 'SIN', 'value': '725529655'}, 'picture': {'large': 'https://randomuser.me/api/portraits/men/34.jpg', 'medium': 'https://randomuser.me/api/portraits/med/men/34.jpg', 'thumbnail': 'https://randomuser.me/api/portraits/thumb/men/34.jpg'}, 'nat': 'CA'}</msg>
<arg>${json_data['results'][0]}</arg>
<doc>Logs the given message with the given level.</doc>
<status status="PASS" start="2024-05-19T21:13:47.268559" elapsed="0.000408"/>
</kw>
<kw name="Log" owner="BuiltIn">
<msg time="2024-05-19T21:13:47.269391" level="INFO">gender</msg>
<arg>${key}</arg>
<doc>Logs the given message with the given level.</doc>
<status status="PASS" start="2024-05-19T21:13:47.269263" elapsed="0.000165"/>
</kw>
<var name="${key}">gender</var>
<status status="PASS" start="2024-05-19T21:13:47.267706" elapsed="0.001936"/>
</iter>
<iter>
<kw name="Dictionary Should Contain Key" owner="Collections">
<msg time="2024-05-19T21:13:47.270312" level="INFO">False</msg>
<arg>${json_data['results'][0]}</arg>
<arg>${key}</arg>
<doc>Fails if ``key`` is not found from ``dictionary``.</doc>
<status status="PASS" start="2024-05-19T21:13:47.269942" elapsed="0.000465"/>
</kw>
<kw name="Log" owner="BuiltIn">
<msg time="2024-05-19T21:13:47.271069" level="INFO">{'gender': 'male', 'name': {'title': 'Mr', 'first': 'Alexandre', 'last': 'Walker'}, 'location': {'street': {'number': 6659, 'name': 'Lake of Bays Road'}, 'city': 'Windsor', 'state': 'Newfoundland and Labrador', 'country': 'Canada', 'postcode': 'A8X 7S7', 'coordinates': {'latitude': '-65.0819', 'longitude': '-163.4391'}, 'timezone': {'offset': '+10:00', 'description': 'Eastern Australia, Guam, Vladivostok'}}, 'email': 'alexandre.walker@example.com', 'login': {'uuid': '0efa9f58-f1b6-4891-b639-ce35bdebfeb8', 'username': 'bluemeercat823', 'password': 'harley1', 'salt': '8eTyHMhn', 'md5': 'acba26429c904846fbeed48aca000d44', 'sha1': 'ca1f3289c0e18d33609f487345680f9010eb460a', 'sha256': 'c7653f0c8c3ea2125f32ebd1ef3b1ef157e7f88bbc064493373bc8a704ad2cc0'}, 'dob': {'date': '1996-10-01T16:24:36.003Z', 'age': 27}, 'registered': {'date': '2006-08-01T07:29:30.252Z', 'age': 17}, 'phone': 'S89 T98-7527', 'cell': 'O81 C59-4065', 'id': {'name': 'SIN', 'value': '725529655'}, 'picture': {'large': 'https://randomuser.me/api/portraits/men/34.jpg', 'medium': 'https://randomuser.me/api/portraits/med/men/34.jpg', 'thumbnail': 'https://randomuser.me/api/portraits/thumb/men/34.jpg'}, 'nat': 'CA'}</msg>
<arg>${json_data['results'][0]}</arg>
<doc>Logs the given message with the given level.</doc>
<status status="PASS" start="2024-05-19T21:13:47.270713" elapsed="0.000403"/>
</kw>
<kw name="Log" owner="BuiltIn">
<msg time="2024-05-19T21:13:47.271536" level="INFO">name</msg>
<arg>${key}</arg>
<doc>Logs the given message with the given level.</doc>
<status status="PASS" start="2024-05-19T21:13:47.271411" elapsed="0.000161"/>
</kw>
<var name="${key}">name</var>
<status status="PASS" start="2024-05-19T21:13:47.269828" elapsed="0.001956"/>
</iter>
<iter>
<kw name="Dictionary Should Contain Key" owner="Collections">
<msg time="2024-05-19T21:13:47.272441" level="INFO">False</msg>
<arg>${json_data['results'][0]}</arg>
<arg>${key}</arg>
<doc>Fails if ``key`` is not found from ``dictionary``.</doc>
<status status="PASS" start="2024-05-19T21:13:47.272069" elapsed="0.000409"/>
</kw>
<kw name="Log" owner="BuiltIn">
<msg time="2024-05-19T21:13:47.273119" level="INFO">{'gender': 'male', 'name': {'title': 'Mr', 'first': 'Alexandre', 'last': 'Walker'}, 'location': {'street': {'number': 6659, 'name': 'Lake of Bays Road'}, 'city': 'Windsor', 'state': 'Newfoundland and Labrador', 'country': 'Canada', 'postcode': 'A8X 7S7', 'coordinates': {'latitude': '-65.0819', 'longitude': '-163.4391'}, 'timezone': {'offset': '+10:00', 'description': 'Eastern Australia, Guam, Vladivostok'}}, 'email': 'alexandre.walker@example.com', 'login': {'uuid': '0efa9f58-f1b6-4891-b639-ce35bdebfeb8', 'username': 'bluemeercat823', 'password': 'harley1', 'salt': '8eTyHMhn', 'md5': 'acba26429c904846fbeed48aca000d44', 'sha1': 'ca1f3289c0e18d33609f487345680f9010eb460a', 'sha256': 'c7653f0c8c3ea2125f32ebd1ef3b1ef157e7f88bbc064493373bc8a704ad2cc0'}, 'dob': {'date': '1996-10-01T16:24:36.003Z', 'age': 27}, 'registered': {'date': '2006-08-01T07:29:30.252Z', 'age': 17}, 'phone': 'S89 T98-7527', 'cell': 'O81 C59-4065', 'id': {'name': 'SIN', 'value': '725529655'}, 'picture': {'large': 'https://randomuser.me/api/portraits/men/34.jpg', 'medium': 'https://randomuser.me/api/portraits/med/men/34.jpg', 'thumbnail': 'https://randomuser.me/api/portraits/thumb/men/34.jpg'}, 'nat': 'CA'}</msg>
<arg>${json_data['results'][0]}</arg>
<doc>Logs the given message with the given level.</doc>
<status status="PASS" start="2024-05-19T21:13:47.272771" elapsed="0.000395"/>
</kw>
<kw name="Log" owner="BuiltIn">
<msg time="2024-05-19T21:13:47.273574" level="INFO">location</msg>
<arg>${key}</arg>
<doc>Logs the given message with the given level.</doc>
<status status="PASS" start="2024-05-19T21:13:47.273451" elapsed="0.000159"/>
</kw>
<var name="${key}">location</var>
<status status="PASS" start="2024-05-19T21:13:47.271960" elapsed="0.001859"/>
</iter>
<iter>
<kw name="Dictionary Should Contain Key" owner="Collections">
<msg time="2024-05-19T21:13:47.274492" level="INFO">False</msg>
<arg>${json_data['results'][0]}</arg>
<arg>${key}</arg>
<doc>Fails if ``key`` is not found from ``dictionary``.</doc>
<status status="PASS" start="2024-05-19T21:13:47.274093" elapsed="0.000445"/>
</kw>
<kw name="Log" owner="BuiltIn">
<msg time="2024-05-19T21:13:47.275191" level="INFO">{'gender': 'male', 'name': {'title': 'Mr', 'first': 'Alexandre', 'last': 'Walker'}, 'location': {'street': {'number': 6659, 'name': 'Lake of Bays Road'}, 'city': 'Windsor', 'state': 'Newfoundland and Labrador', 'country': 'Canada', 'postcode': 'A8X 7S7', 'coordinates': {'latitude': '-65.0819', 'longitude': '-163.4391'}, 'timezone': {'offset': '+10:00', 'description': 'Eastern Australia, Guam, Vladivostok'}}, 'email': 'alexandre.walker@example.com', 'login': {'uuid': '0efa9f58-f1b6-4891-b639-ce35bdebfeb8', 'username': 'bluemeercat823', 'password': 'harley1', 'salt': '8eTyHMhn', 'md5': 'acba26429c904846fbeed48aca000d44', 'sha1': 'ca1f3289c0e18d33609f487345680f9010eb460a', 'sha256': 'c7653f0c8c3ea2125f32ebd1ef3b1ef157e7f88bbc064493373bc8a704ad2cc0'}, 'dob': {'date': '1996-10-01T16:24:36.003Z', 'age': 27}, 'registered': {'date': '2006-08-01T07:29:30.252Z', 'age': 17}, 'phone': 'S89 T98-7527', 'cell': 'O81 C59-4065', 'id': {'name': 'SIN', 'value': '725529655'}, 'picture': {'large': 'https://randomuser.me/api/portraits/men/34.jpg', 'medium': 'https://randomuser.me/api/portraits/med/men/34.jpg', 'thumbnail': 'https://randomuser.me/api/portraits/thumb/men/34.jpg'}, 'nat': 'CA'}</msg>
<arg>${json_data['results'][0]}</arg>
<doc>Logs the given message with the given level.</doc>
<status status="PASS" start="2024-05-19T21:13:47.274833" elapsed="0.000404"/>
</kw>
<kw name="Log" owner="BuiltIn">
<msg time="2024-05-19T21:13:47.275647" level="INFO">email</msg>
<arg>${key}</arg>
<doc>Logs the given message with the given level.</doc>
<status status="PASS" start="2024-05-19T21:13:47.275524" elapsed="0.000160"/>
</kw>
<var name="${key}">email</var>
<status status="PASS" start="2024-05-19T21:13:47.273986" elapsed="0.001905"/>
</iter>
<iter>
<kw name="Dictionary Should Contain Key" owner="Collections">
<msg time="2024-05-19T21:13:47.276544" level="INFO">False</msg>
<arg>${json_data['results'][0]}</arg>
<arg>${key}</arg>
<doc>Fails if ``key`` is not found from ``dictionary``.</doc>
<status status="PASS" start="2024-05-19T21:13:47.276163" elapsed="0.000418"/>
</kw>
<kw name="Log" owner="BuiltIn">
<msg time="2024-05-19T21:13:47.277223" level="INFO">{'gender': 'male', 'name': {'title': 'Mr', 'first': 'Alexandre', 'last': 'Walker'}, 'location': {'street': {'number': 6659, 'name': 'Lake of Bays Road'}, 'city': 'Windsor', 'state': 'Newfoundland and Labrador', 'country': 'Canada', 'postcode': 'A8X 7S7', 'coordinates': {'latitude': '-65.0819', 'longitude': '-163.4391'}, 'timezone': {'offset': '+10:00', 'description': 'Eastern Australia, Guam, Vladivostok'}}, 'email': 'alexandre.walker@example.com', 'login': {'uuid': '0efa9f58-f1b6-4891-b639-ce35bdebfeb8', 'username': 'bluemeercat823', 'password': 'harley1', 'salt': '8eTyHMhn', 'md5': 'acba26429c904846fbeed48aca000d44', 'sha1': 'ca1f3289c0e18d33609f487345680f9010eb460a', 'sha256': 'c7653f0c8c3ea2125f32ebd1ef3b1ef157e7f88bbc064493373bc8a704ad2cc0'}, 'dob': {'date': '1996-10-01T16:24:36.003Z', 'age': 27}, 'registered': {'date': '2006-08-01T07:29:30.252Z', 'age': 17}, 'phone': 'S89 T98-7527', 'cell': 'O81 C59-4065', 'id': {'name': 'SIN', 'value': '725529655'}, 'picture': {'large': 'https://randomuser.me/api/portraits/men/34.jpg', 'medium': 'https://randomuser.me/api/portraits/med/men/34.jpg', 'thumbnail': 'https://randomuser.me/api/portraits/thumb/men/34.jpg'}, 'nat': 'CA'}</msg>
<arg>${json_data['results'][0]}</arg>
<doc>Logs the given message with the given level.</doc>
<status status="PASS" start="2024-05-19T21:13:47.276871" elapsed="0.000407"/>
</kw>
<kw name="Log" owner="BuiltIn">
<msg time="2024-05-19T21:13:47.277690" level="INFO">login</msg>
<arg>${key}</arg>
<doc>Logs the given message with the given level.</doc>
<status status="PASS" start="2024-05-19T21:13:47.277567" elapsed="0.000194"/>
</kw>
<var name="${key}">login</var>
<status status="PASS" start="2024-05-19T21:13:47.276056" elapsed="0.001921"/>
</iter>
<var>${key}</var>
<value>@{expected_keys}</value>
<status status="PASS" start="2024-05-19T21:13:47.267511" elapsed="0.010585"/>
</for>
<kw name="Create List" owner="BuiltIn">
<msg time="2024-05-19T21:13:47.278450" level="INFO">${expected_keysTwo} = ['username', 'password']</msg>
<var>${expected_keysTwo}</var>
<arg>username</arg>
<arg>password</arg>
<doc>Returns a list containing given items.</doc>
<status status="PASS" start="2024-05-19T21:13:47.278283" elapsed="0.000192"/>
</kw>
<for flavor="IN">
<iter>
<kw name="Dictionary Should Contain Key" owner="Collections">
<msg time="2024-05-19T21:13:47.279349" level="INFO">False</msg>
<arg>${json_data['results'][0]['login']}</arg>
<arg>${keyTwo}</arg>
<doc>Fails if ``key`` is not found from ``dictionary``.</doc>
<status status="PASS" start="2024-05-19T21:13:47.278969" elapsed="0.000415"/>
</kw>
<kw name="Dictionary Should Contain Key" owner="Collections">
<msg time="2024-05-19T21:13:47.280043" level="INFO">False</msg>
<arg>${json_data['results'][0]['login']}</arg>
<arg>${keyTwo}</arg>
<doc>Fails if ``key`` is not found from ``dictionary``.</doc>
<status status="PASS" start="2024-05-19T21:13:47.279674" elapsed="0.000404"/>
</kw>
<kw name="Log" owner="BuiltIn">
<msg time="2024-05-19T21:13:47.280489" level="INFO">username</msg>
<arg>${keyTwo}</arg>
<doc>Logs the given message with the given level.</doc>
<status status="PASS" start="2024-05-19T21:13:47.280365" elapsed="0.000167"/>
</kw>
<var name="${keyTwo}">username</var>
<status status="PASS" start="2024-05-19T21:13:47.278861" elapsed="0.001884"/>
</iter>
<iter>
<kw name="Dictionary Should Contain Key" owner="Collections">
<msg time="2024-05-19T21:13:47.281479" level="INFO">False</msg>
<arg>${json_data['results'][0]['login']}</arg>
<arg>${keyTwo}</arg>
<doc>Fails if ``key`` is not found from ``dictionary``.</doc>
<status status="PASS" start="2024-05-19T21:13:47.281020" elapsed="0.000497"/>
</kw>
<kw name="Dictionary Should Contain Key" owner="Collections">
<msg time="2024-05-19T21:13:47.282175" level="INFO">False</msg>
<arg>${json_data['results'][0]['login']}</arg>
<arg>${keyTwo}</arg>
<doc>Fails if ``key`` is not found from ``dictionary``.</doc>
<status status="PASS" start="2024-05-19T21:13:47.281809" elapsed="0.000401"/>
</kw>
<kw name="Log" owner="BuiltIn">
<msg time="2024-05-19T21:13:47.282656" level="INFO">password</msg>
<arg>${keyTwo}</arg>
<doc>Logs the given message with the given level.</doc>
<status status="PASS" start="2024-05-19T21:13:47.282521" elapsed="0.000172"/>
</kw>
<var name="${keyTwo}">password</var>
<status status="PASS" start="2024-05-19T21:13:47.280912" elapsed="0.002002"/>
</iter>
<var>${keyTwo}</var>
<value>@{expected_keysTwo}</value>
<status status="PASS" start="2024-05-19T21:13:47.278713" elapsed="0.004322"/>
</for>
<status status="PASS" start="2024-05-19T21:13:46.989191" elapsed="0.293984"/>
</kw>
<doc>Testa a estrutura da resposta da API.</doc>
<tag>testeEstruturaResposta</tag>
<status status="PASS" start="2024-05-19T21:13:46.988677" elapsed="0.294654"/>
</test>
<test id="s1-s1-t4" name="Validar tipos de dados" line="28">
<kw name="Teste de Tipos de Dados" owner="random-user-service">
<kw name="GET On Session" owner="RequestsLibrary">
<msg time="2024-05-19T21:13:47.405019" level="INFO">GET Request : url=https://randomuser.me/api 
 path_url=/api 
 headers={'User-Agent': 'python-requests/2.31.0', 'Accept-Encoding': 'gzip, deflate', 'Accept': '*/*', 'Connection': 'keep-alive'} 
 body=None 
 </msg>
<msg time="2024-05-19T21:13:47.405112" level="INFO">GET Response : url=https://randomuser.me/api 
 status=200, reason=OK 
 headers={'Date': 'Sun, 19 May 2024 21:13:47 GMT', 'Content-Type': 'application/json; charset=utf-8', 'Transfer-Encoding': 'chunked', 'Connection': 'keep-alive', 'X-Powered-By': 'Express', 'Access-Control-Allow-Origin': '*', 'Cache-Control': 'no-cache', 'ETag': 'W/"48b-OMF6wbk29oPipz7BoKfWb2FICZU"', 'Vary': 'Accept-Encoding', 'Content-Encoding': 'gzip', 'CF-Cache-Status': 'DYNAMIC', 'Report-To': '{"endpoints":[{"url":"https:\\/\\/a.nel.cloudflare.com\\/report\\/v4?s=k02iDt%2B55dhVYieOHEsp6h8QiTN1TKNSo4SreE00bzHmLn7yOkqZMeHo06BWClw3gI%2FeZIpgz%2FRYQ5sxXMlNVNYAXVA0OtmrldfveLNdmf1VwatlLjGIs1ppFptTjTxo"}],"group":"cf-nel","max_age":604800}', 'NEL': '{"success_fraction":0,"report_to":"cf-nel","max_age":604800}', 'Server': 'cloudflare', 'CF-RAY': '886717c68ab81197-ORD', 'alt-svc': 'h3=":443"; ma=86400'} 
 body={"results":[{"gender":"female","name":{"title":"Ms","first":"مارال","last":"سالاری"},"location":{"street":{"number":3153,"name":"سپهبد قرنی"},"city":"اردبیل","state":"قم","country":"Iran","postcode":76448,"coordinates":{"latitude":"15.6953","longitude":"120.3623"},"timezone":{"offset":"-7:00","description":"Mountain Time (US &amp; Canada)"}},"email":"mrl.slry@example.com","login":{"uuid":"94d35508-b1b6-43bf-a22e-89264b4edeb4","username":"whiteleopard643","password":"booger","salt":"fTznS0Mk","md5":"7e3af1eb468ba05de80ed16c96a6001e","sha1":"1b0e21994c869d5d66023cc1305ed71242833b87","sha256":"c9b678d124eae2cf1477ae7d65063fe888465fddd309228a45f88f4dd3fc661f"},"dob":{"date":"1952-12-23T16:50:33.491Z","age":71},"registered":{"date":"2010-07-14T01:01:23.433Z","age":13},"phone":"072-88972837","cell":"0957-496-3844","id":{"name":"","value":null},"picture":{"large":"https://randomuser.me/api/portraits/women/27.jpg","medium":"https://randomuser.me/api/portraits/med/women/27.jpg","thumbnail":"https://randomuser.me/api/portraits/thumb/women/27.jpg"},"nat":"IR"}],"info":{"seed":"d795e033152f944b","results":1,"page":1,"version":"1.4"}} 
 </msg>
<msg time="2024-05-19T21:13:47.405180" level="INFO">/opt/hostedtoolcache/Python/3.12.3/x64/lib/python3.12/site-packages/urllib3/connectionpool.py:1103: InsecureRequestWarning: Unverified HTTPS request is being made to host 'randomuser.me'. Adding certificate verification is strongly advised. See: https://urllib3.readthedocs.io/en/latest/advanced-usage.html#tls-warnings
  warnings.warn(</msg>
<msg time="2024-05-19T21:13:47.405288" level="INFO">${response} = &lt;Response [200]&gt;</msg>
<var>${response}</var>
<arg>consultarAPI</arg>
<arg>/api</arg>
<doc>Sends a GET request on a previously created HTTP Session.</doc>
<status status="PASS" start="2024-05-19T21:13:47.285743" elapsed="0.119585"/>
</kw>
<kw name="Set Variable" owner="BuiltIn">
<msg time="2024-05-19T21:13:47.406516" level="INFO">${json_data} = {'results': [{'gender': 'female', 'name': {'title': 'Ms', 'first': 'مارال', 'last': 'سالاری'}, 'location': {'street': {'number': 3153, 'name': 'سپهبد قرنی'}, 'city': 'اردبیل', 'state': 'قم', 'country'...</msg>
<var>${json_data}</var>
<arg>${response.json()}</arg>
<doc>Returns the given values which can then be assigned to a variables.</doc>
<status status="PASS" start="2024-05-19T21:13:47.405889" elapsed="0.000659"/>
</kw>
<kw name="Log" owner="BuiltIn">
<msg time="2024-05-19T21:13:47.407018" level="INFO">{'results': [{'gender': 'female', 'name': {'title': 'Ms', 'first': 'مارال', 'last': 'سالاری'}, 'location': {'street': {'number': 3153, 'name': 'سپهبد قرنی'}, 'city': 'اردبیل', 'state': 'قم', 'country': 'Iran', 'postcode': 76448, 'coordinates': {'latitude': '15.6953', 'longitude': '120.3623'}, 'timezone': {'offset': '-7:00', 'description': 'Mountain Time (US &amp; Canada)'}}, 'email': 'mrl.slry@example.com', 'login': {'uuid': '94d35508-b1b6-43bf-a22e-89264b4edeb4', 'username': 'whiteleopard643', 'password': 'booger', 'salt': 'fTznS0Mk', 'md5': '7e3af1eb468ba05de80ed16c96a6001e', 'sha1': '1b0e21994c869d5d66023cc1305ed71242833b87', 'sha256': 'c9b678d124eae2cf1477ae7d65063fe888465fddd309228a45f88f4dd3fc661f'}, 'dob': {'date': '1952-12-23T16:50:33.491Z', 'age': 71}, 'registered': {'date': '2010-07-14T01:01:23.433Z', 'age': 13}, 'phone': '072-88972837', 'cell': '0957-496-3844', 'id': {'name': '', 'value': None}, 'picture': {'large': 'https://randomuser.me/api/portraits/women/27.jpg', 'medium': 'https://randomuser.me/api/portraits/med/women/27.jpg', 'thumbnail': 'https://randomuser.me/api/portraits/thumb/women/27.jpg'}, 'nat': 'IR'}], 'info': {'seed': 'd795e033152f944b', 'results': 1, 'page': 1, 'version': '1.4'}}</msg>
<arg>${json_data}</arg>
<doc>Logs the given message with the given level.</doc>
<status status="PASS" start="2024-05-19T21:13:47.406859" elapsed="0.000248"/>
</kw>
<kw name="Should Be String" owner="String">
<arg>${json_data['results'][0]['gender']}</arg>
<doc>Fails if the given ``item`` is not a string.</doc>
<status status="PASS" start="2024-05-19T21:13:47.407402" elapsed="0.000362"/>
</kw>
<kw name="Should Match Regexp" owner="BuiltIn">
<arg>${json_data['results'][0]['email']}</arg>
<arg>^[a-zA-Z0-9._%+-]+@[a-zA-Z0-9.-]+\.[a-zA-Z]{2,}$</arg>
<doc>Fails if ``string`` does not match ``pattern`` as a regular expression.</doc>
<status status="PASS" start="2024-05-19T21:13:47.407957" elapsed="0.000506"/>
</kw>
<kw name="Should Match Regexp" owner="BuiltIn">
<arg>${json_data['results'][0]['dob']['date']}</arg>
<arg>\\d{4}-\\d{2}-\\d{2}T\\d{2}:\\d{2}:\\d{2}\\.\\d{3}Z</arg>
<doc>Fails if ``string`` does not match ``pattern`` as a regular expression.</doc>
<status status="PASS" start="2024-05-19T21:13:47.408691" elapsed="0.000483"/>
</kw>
<kw name="Should Match Regexp" owner="BuiltIn">
<arg>${json_data['results'][0]['registered']['date']}</arg>
<arg>\\d{4}-\\d{2}-\\d{2}T\\d{2}:\\d{2}:\\d{2}\\.\\d{3}Z</arg>
<doc>Fails if ``string`` does not match ``pattern`` as a regular expression.</doc>
<status status="PASS" start="2024-05-19T21:13:47.409360" elapsed="0.000358"/>
</kw>
<kw name="Should Match Regexp" owner="BuiltIn">
<arg>${json_data['results'][0]['picture']['large']}</arg>
<arg>^https?://.*\.(?:png|jpe?g|gif|bmp)$</arg>
<doc>Fails if ``string`` does not match ``pattern`` as a regular expression.</doc>
<status status="PASS" start="2024-05-19T21:13:47.409902" elapsed="0.000469"/>
</kw>
<kw name="Should Match Regexp" owner="BuiltIn">
<arg>${json_data['results'][0]['picture']['medium']}</arg>
<arg>^https?://.*\.(?:png|jpe?g|gif|bmp)$</arg>
<doc>Fails if ``string`` does not match ``pattern`` as a regular expression.</doc>
<status status="PASS" start="2024-05-19T21:13:47.410568" elapsed="0.000356"/>
</kw>
<kw name="Should Match Regexp" owner="BuiltIn">
<arg>${json_data['results'][0]['picture']['thumbnail']}</arg>
<arg>^https?://.*\.(?:png|jpe?g|gif|bmp)$</arg>
<doc>Fails if ``string`` does not match ``pattern`` as a regular expression.</doc>
<status status="PASS" start="2024-05-19T21:13:47.411113" elapsed="0.000343"/>
</kw>
<kw name="Log" owner="BuiltIn">
<msg time="2024-05-19T21:13:47.411952" level="INFO">{'large': 'https://randomuser.me/api/portraits/women/27.jpg', 'medium': 'https://randomuser.me/api/portraits/med/women/27.jpg', 'thumbnail': 'https://randomuser.me/api/portraits/thumb/women/27.jpg'}</msg>
<arg>${json_data['results'][0]['picture']}</arg>
<doc>Logs the given message with the given level.</doc>
<status status="PASS" start="2024-05-19T21:13:47.411638" elapsed="0.000356"/>
</kw>
<status status="PASS" start="2024-05-19T21:13:47.285520" elapsed="0.126726"/>
</kw>
<kw name="Teste de Tipos de Dados - Postcode" owner="random-user-service">
<kw name="GET On Session" owner="RequestsLibrary">
<msg time="2024-05-19T21:13:47.458992" level="INFO">GET Request : url=https://randomuser.me/api 
 path_url=/api 
 headers={'User-Agent': 'python-requests/2.31.0', 'Accept-Encoding': 'gzip, deflate', 'Accept': '*/*', 'Connection': 'keep-alive'} 
 body=None 
 </msg>
<msg time="2024-05-19T21:13:47.459061" level="INFO">GET Response : url=https://randomuser.me/api 
 status=200, reason=OK 
 headers={'Date': 'Sun, 19 May 2024 21:13:47 GMT', 'Content-Type': 'application/json; charset=utf-8', 'Transfer-Encoding': 'chunked', 'Connection': 'keep-alive', 'X-Powered-By': 'Express', 'Access-Control-Allow-Origin': '*', 'Cache-Control': 'no-cache', 'ETag': 'W/"484-DsVGTYT5L5lenbS63VK+48QE1gI"', 'Vary': 'Accept-Encoding', 'Content-Encoding': 'gzip', 'CF-Cache-Status': 'DYNAMIC', 'Report-To': '{"endpoints":[{"url":"https:\\/\\/a.nel.cloudflare.com\\/report\\/v4?s=zqRuOKBwAk2pxCEC8esajvDoum%2BOuml2Eo0WHX98muwxx6PvgJAJuxArCpLlvXY8l5nPPjvuyDuojVD7k%2FMJhW3s2Qnb6cSGpHaUc%2B5A0nn4cBZIFIPojZ5LABq4KiUv"}],"group":"cf-nel","max_age":604800}', 'NEL': '{"success_fraction":0,"report_to":"cf-nel","max_age":604800}', 'Server': 'cloudflare', 'CF-RAY': '886717c75bfe1197-ORD', 'alt-svc': 'h3=":443"; ma=86400'} 
 body={"results":[{"gender":"male","name":{"title":"Mr","first":"Adrian","last":"Chambers"},"location":{"street":{"number":8110,"name":"N Stelling Rd"},"city":"Kalgoorlie","state":"Tasmania","country":"Australia","postcode":536,"coordinates":{"latitude":"-84.2064","longitude":"-167.2192"},"timezone":{"offset":"+7:00","description":"Bangkok, Hanoi, Jakarta"}},"email":"adrian.chambers@example.com","login":{"uuid":"02cc87ae-1fd2-43a9-a661-34f3bedc6fe8","username":"greenbird308","password":"george","salt":"e9ZilNM3","md5":"3f0a76b385fc6630404f7b8c1227bf2a","sha1":"63e64026a4498ca12c50ca55f3db1b9e4e5fa2d7","sha256":"1c09e8ae46c0197c64b18924eb8bf71cac562ba3a41e81bfba6088387da2fc65"},"dob":{"date":"1959-05-22T13:24:45.833Z","age":64},"registered":{"date":"2021-10-06T17:17:59.760Z","age":2},"phone":"07-9873-9952","cell":"0481-435-870","id":{"name":"TFN","value":"512012763"},"picture":{"large":"https://randomuser.me/api/portraits/men/22.jpg","medium":"https://randomuser.me/api/portraits/med/men/22.jpg","thumbnail":"https://randomuser.me/api/portraits/thumb/men/22.jpg"},"nat":"AU"}],"info":{"seed":"a60d87913ee60c15","results":1,"page":1,"version":"1.4"}} 
 </msg>
<msg time="2024-05-19T21:13:47.459120" level="INFO">/opt/hostedtoolcache/Python/3.12.3/x64/lib/python3.12/site-packages/urllib3/connectionpool.py:1103: InsecureRequestWarning: Unverified HTTPS request is being made to host 'randomuser.me'. Adding certificate verification is strongly advised. See: https://urllib3.readthedocs.io/en/latest/advanced-usage.html#tls-warnings
  warnings.warn(</msg>
<msg time="2024-05-19T21:13:47.459217" level="INFO">${response} = &lt;Response [200]&gt;</msg>
<var>${response}</var>
<arg>consultarAPI</arg>
<arg>/api</arg>
<doc>Sends a GET request on a previously created HTTP Session.</doc>
<status status="PASS" start="2024-05-19T21:13:47.412694" elapsed="0.046563"/>
</kw>
<kw name="Set Variable" owner="BuiltIn">
<msg time="2024-05-19T21:13:47.460388" level="INFO">${json_data} = {'results': [{'gender': 'male', 'name': {'title': 'Mr', 'first': 'Adrian', 'last': 'Chambers'}, 'location': {'street': {'number': 8110, 'name': 'N Stelling Rd'}, 'city': 'Kalgoorlie', 'state': 'Tasman...</msg>
<var>${json_data}</var>
<arg>${response.json()}</arg>
<doc>Returns the given values which can then be assigned to a variables.</doc>
<status status="PASS" start="2024-05-19T21:13:47.459768" elapsed="0.000649"/>
</kw>
<kw name="Log" owner="BuiltIn">
<msg time="2024-05-19T21:13:47.460878" level="INFO">{'results': [{'gender': 'male', 'name': {'title': 'Mr', 'first': 'Adrian', 'last': 'Chambers'}, 'location': {'street': {'number': 8110, 'name': 'N Stelling Rd'}, 'city': 'Kalgoorlie', 'state': 'Tasmania', 'country': 'Australia', 'postcode': 536, 'coordinates': {'latitude': '-84.2064', 'longitude': '-167.2192'}, 'timezone': {'offset': '+7:00', 'description': 'Bangkok, Hanoi, Jakarta'}}, 'email': 'adrian.chambers@example.com', 'login': {'uuid': '02cc87ae-1fd2-43a9-a661-34f3bedc6fe8', 'username': 'greenbird308', 'password': 'george', 'salt': 'e9ZilNM3', 'md5': '3f0a76b385fc6630404f7b8c1227bf2a', 'sha1': '63e64026a4498ca12c50ca55f3db1b9e4e5fa2d7', 'sha256': '1c09e8ae46c0197c64b18924eb8bf71cac562ba3a41e81bfba6088387da2fc65'}, 'dob': {'date': '1959-05-22T13:24:45.833Z', 'age': 64}, 'registered': {'date': '2021-10-06T17:17:59.760Z', 'age': 2}, 'phone': '07-9873-9952', 'cell': '0481-435-870', 'id': {'name': 'TFN', 'value': '512012763'}, 'picture': {'large': 'https://randomuser.me/api/portraits/men/22.jpg', 'medium': 'https://randomuser.me/api/portraits/med/men/22.jpg', 'thumbnail': 'https://randomuser.me/api/portraits/thumb/men/22.jpg'}, 'nat': 'AU'}], 'info': {'seed': 'a60d87913ee60c15', 'results': 1, 'page': 1, 'version': '1.4'}}</msg>
<arg>${json_data}</arg>
<doc>Logs the given message with the given level.</doc>
<status status="PASS" start="2024-05-19T21:13:47.460726" elapsed="0.000229"/>
</kw>
<kw name="Should Be Equal As Numbers" owner="BuiltIn">
<arg>${json_data['results'][0]['location']['postcode']}</arg>
<arg>${json_data['results'][0]['location']['postcode']}</arg>
<doc>Fails if objects are unequal after converting them to real numbers.</doc>
<status status="PASS" start="2024-05-19T21:13:47.461401" elapsed="0.000614"/>
</kw>
<kw name="Log" owner="BuiltIn">
<msg time="2024-05-19T21:13:47.462595" level="INFO">536</msg>
<arg>${json_data['results'][0]['location']['postcode']}</arg>
<doc>Logs the given message with the given level.</doc>
<status status="PASS" start="2024-05-19T21:13:47.462210" elapsed="0.000425"/>
</kw>
<status status="PASS" start="2024-05-19T21:13:47.412466" elapsed="0.050423"/>
</kw>
<doc>Testa se os tipos de dados na resposta da API estão corretos.</doc>
<tag>testeTiposDados</tag>
<status status="PASS" start="2024-05-19T21:13:47.285068" elapsed="0.177983"/>
</test>
<test id="s1-s1-t5" name="Validar conteudo" line="35">
<kw name="Teste de Tipos de Conteudo" owner="random-user-service">
<kw name="GET On Session" owner="RequestsLibrary">
<msg time="2024-05-19T21:13:47.561273" level="INFO">GET Request : url=https://randomuser.me/api 
 path_url=/api 
 headers={'User-Agent': 'python-requests/2.31.0', 'Accept-Encoding': 'gzip, deflate', 'Accept': '*/*', 'Connection': 'keep-alive'} 
 body=None 
 </msg>
<msg time="2024-05-19T21:13:47.561382" level="INFO">GET Response : url=https://randomuser.me/api 
 status=200, reason=OK 
 headers={'Date': 'Sun, 19 May 2024 21:13:47 GMT', 'Content-Type': 'application/json; charset=utf-8', 'Transfer-Encoding': 'chunked', 'Connection': 'keep-alive', 'X-Powered-By': 'Express', 'Access-Control-Allow-Origin': '*', 'Cache-Control': 'no-cache', 'ETag': 'W/"49d-cd3lBNtWi/2Lng21K2l70vd0Dac"', 'Vary': 'Accept-Encoding', 'Content-Encoding': 'gzip', 'CF-Cache-Status': 'DYNAMIC', 'Report-To': '{"endpoints":[{"url":"https:\\/\\/a.nel.cloudflare.com\\/report\\/v4?s=D0aMxaL6Cf%2FASxrqOjdht08PmyJt%2FH7sg8wkWRhzLTHoFhzwfbFTvdBwIVQBF3NV8YXNMne%2BXc4sR36AOPDn3EHYQZZmSrhcb%2FQgnErESduew5MydaXNxYRoAsiTlIU5"}],"group":"cf-nel","max_age":604800}', 'NEL': '{"success_fraction":0,"report_to":"cf-nel","max_age":604800}', 'Server': 'cloudflare', 'CF-RAY': '886717c7ac7e1197-ORD', 'alt-svc': 'h3=":443"; ma=86400'} 
 body={"results":[{"gender":"female","name":{"title":"Miss","first":"Hanaé","last":"Rolland"},"location":{"street":{"number":3383,"name":"Place de la Mairie"},"city":"Pau","state":"Marne","country":"France","postcode":21687,"coordinates":{"latitude":"-16.2184","longitude":"55.6521"},"timezone":{"offset":"+9:00","description":"Tokyo, Seoul, Osaka, Sapporo, Yakutsk"}},"email":"hanae.rolland@example.com","login":{"uuid":"6e2d54aa-238b-46ff-b8d2-9980edfadbc8","username":"biglion646","password":"sunday","salt":"pITy77BF","md5":"e535181879601e19506d8291006028a3","sha1":"b5350755780854196dbdd5bcc15c326fec4b7699","sha256":"9c117861878393fd967d1b51d9790bc560c001e2915219706d6be859fd8768f6"},"dob":{"date":"1973-01-22T20:56:32.127Z","age":51},"registered":{"date":"2002-12-21T01:14:54.394Z","age":21},"phone":"05-96-87-75-73","cell":"06-78-45-02-17","id":{"name":"INSEE","value":"2730021464388 72"},"picture":{"large":"https://randomuser.me/api/portraits/women/87.jpg","medium":"https://randomuser.me/api/portraits/med/women/87.jpg","thumbnail":"https://randomuser.me/api/portraits/thumb/women/87.jpg"},"nat":"FR"}],"info":{"seed":"5009d60726f4a925","results":1,"page":1,"version":"1.4"}} 
 </msg>
<msg time="2024-05-19T21:13:47.561454" level="INFO">/opt/hostedtoolcache/Python/3.12.3/x64/lib/python3.12/site-packages/urllib3/connectionpool.py:1103: InsecureRequestWarning: Unverified HTTPS request is being made to host 'randomuser.me'. Adding certificate verification is strongly advised. See: https://urllib3.readthedocs.io/en/latest/advanced-usage.html#tls-warnings
  warnings.warn(</msg>
<msg time="2024-05-19T21:13:47.561579" level="INFO">${response} = &lt;Response [200]&gt;</msg>
<var>${response}</var>
<arg>consultarAPI</arg>
<arg>/api</arg>
<doc>Sends a GET request on a previously created HTTP Session.</doc>
<status status="PASS" start="2024-05-19T21:13:47.465498" elapsed="0.096122"/>
</kw>
<kw name="Set Variable" owner="BuiltIn">
<msg time="2024-05-19T21:13:47.562657" level="INFO">${json_data} = {'results': [{'gender': 'female', 'name': {'title': 'Miss', 'first': 'Hanaé', 'last': 'Rolland'}, 'location': {'street': {'number': 3383, 'name': 'Place de la Mairie'}, 'city': 'Pau', 'state': 'Marne'...</msg>
<var>${json_data}</var>
<arg>${response.json()}</arg>
<doc>Returns the given values which can then be assigned to a variables.</doc>
<status status="PASS" start="2024-05-19T21:13:47.562115" elapsed="0.000573"/>
</kw>
<kw name="Set Variable" owner="BuiltIn">
<msg time="2024-05-19T21:13:47.563387" level="INFO">${name_title} = Miss</msg>
<var>${name_title}</var>
<arg>${json_data["results"][0]["name"]["title"]}</arg>
<doc>Returns the given values which can then be assigned to a variables.</doc>
<status status="PASS" start="2024-05-19T21:13:47.562996" elapsed="0.000416"/>
</kw>
<kw name="Create List" owner="BuiltIn">
<msg time="2024-05-19T21:13:47.563859" level="INFO">${allowed_titles} = ['Mr', 'Ms', 'Miss', 'Mrs', 'Madame', 'Monsieur']</msg>
<var>${allowed_titles}</var>
<arg>Mr</arg>
<arg>Ms</arg>
<arg>Miss</arg>
<arg>Mrs</arg>
<arg>Madame</arg>
<arg>Monsieur</arg>
<doc>Returns a list containing given items.</doc>
<status status="PASS" start="2024-05-19T21:13:47.563711" elapsed="0.000172"/>
</kw>
<kw name="List Should Contain Value" owner="Collections">
<msg time="2024-05-19T21:13:47.564350" level="INFO">False</msg>
<arg>${allowed_titles}</arg>
<arg>${name_title}</arg>
<doc>Fails if the ``value`` is not found from ``list``.</doc>
<status status="PASS" start="2024-05-19T21:13:47.564178" elapsed="0.000207"/>
</kw>
<kw name="Set Variable" owner="BuiltIn">
<msg time="2024-05-19T21:13:47.565043" level="INFO">${name_country} = FR</msg>
<var>${name_country}</var>
<arg>${json_data["results"][0]["nat"]}</arg>
<doc>Returns the given values which can then be assigned to a variables.</doc>
<status status="PASS" start="2024-05-19T21:13:47.564673" elapsed="0.000394"/>
</kw>
<kw name="Create List" owner="BuiltIn">
<msg time="2024-05-19T21:13:47.565956" level="INFO">${list_country} = ['AD', 'AE', 'AF', 'AG', 'AI', 'AL', 'AM', 'AO', 'AQ', 'AR', 'AS', 'AT', 'AU', 'AW', 'AX', 'AZ', 'BA', 'BB', 'BD', 'BE', 'BF', 'BG', 'BH', 'BI', 'BJ', 'BL', 'BM', 'BN', 'BO', 'BQ', 'BR', 'BS', 'BT', '...</msg>
<var>${list_country}</var>
<arg>AD</arg>
<arg>AE</arg>
<arg>AF</arg>
<arg>AG</arg>
<arg>AI</arg>
<arg>AL</arg>
<arg>AM</arg>
<arg>AO</arg>
<arg>AQ</arg>
<arg>AR</arg>
<arg>AS</arg>
<arg>AT</arg>
<arg>AU</arg>
<arg>AW</arg>
<arg>AX</arg>
<arg>AZ</arg>
<arg>BA</arg>
<arg>BB</arg>
<arg>BD</arg>
<arg>BE</arg>
<arg>BF</arg>
<arg>BG</arg>
<arg>BH</arg>
<arg>BI</arg>
<arg>BJ</arg>
<arg>BL</arg>
<arg>BM</arg>
<arg>BN</arg>
<arg>BO</arg>
<arg>BQ</arg>
<arg>BR</arg>
<arg>BS</arg>
<arg>BT</arg>
<arg>BV</arg>
<arg>BW</arg>
<arg>BY</arg>
<arg>BZ</arg>
<arg>CA</arg>
<arg>CC</arg>
<arg>CD</arg>
<arg>CF</arg>
<arg>CG</arg>
<arg>CH</arg>
<arg>CI</arg>
<arg>CK</arg>
<arg>CL</arg>
<arg>CM</arg>
<arg>CN</arg>
<arg>CO</arg>
<arg>CR</arg>
<arg>CU</arg>
<arg>CV</arg>
<arg>CW</arg>
<arg>CX</arg>
<arg>CY</arg>
<arg>CZ</arg>
<arg>DE</arg>
<arg>DJ</arg>
<arg>DK</arg>
<arg>DM</arg>
<arg>DO</arg>
<arg>DZ</arg>
<arg>EC</arg>
<arg>EE</arg>
<arg>EG</arg>
<arg>EH</arg>
<arg>ER</arg>
<arg>ES</arg>
<arg>ET</arg>
<arg>FI</arg>
<arg>FJ</arg>
<arg>FK</arg>
<arg>FM</arg>
<arg>FO</arg>
<arg>FR</arg>
<arg>GA</arg>
<arg>GB</arg>
<arg>GD</arg>
<arg>GE</arg>
<arg>GF</arg>
<arg>GG</arg>
<arg>GH</arg>
<arg>GI</arg>
<arg>GL</arg>
<arg>GM</arg>
<arg>GN</arg>
<arg>GP</arg>
<arg>GQ</arg>
<arg>GR</arg>
<arg>GS</arg>
<arg>GT</arg>
<arg>GU</arg>
<arg>GW</arg>
<arg>GY</arg>
<arg>HK</arg>
<arg>HM</arg>
<arg>HN</arg>
<arg>HR</arg>
<arg>HT</arg>
<arg>HU</arg>
<arg>ID</arg>
<arg>IE</arg>
<arg>IL</arg>
<arg>IM</arg>
<arg>IN</arg>
<arg>IO</arg>
<arg>IQ</arg>
<arg>IR</arg>
<arg>IS</arg>
<arg>IT</arg>
<arg>JE</arg>
<arg>JM</arg>
<arg>JO</arg>
<arg>JP</arg>
<arg>KE</arg>
<arg>KG</arg>
<arg>KH</arg>
<arg>KI</arg>
<arg>KM</arg>
<arg>KN</arg>
<arg>KP</arg>
<arg>KR</arg>
<arg>KW</arg>
<arg>KY</arg>
<arg>KZ</arg>
<arg>LA</arg>
<arg>LB</arg>
<arg>LC</arg>
<arg>LI</arg>
<arg>LK</arg>
<arg>LR</arg>
<arg>LS</arg>
<arg>LT</arg>
<arg>LU</arg>
<arg>LV</arg>
<arg>LY</arg>
<arg>MA</arg>
<arg>MC</arg>
<arg>MD</arg>
<arg>ME</arg>
<arg>MF</arg>
<arg>MG</arg>
<arg>MH</arg>
<arg>MK</arg>
<arg>ML</arg>
<arg>MM</arg>
<arg>MN</arg>
<arg>MO</arg>
<arg>MP</arg>
<arg>MQ</arg>
<arg>MR</arg>
<arg>MS</arg>
<arg>MT</arg>
<arg>MU</arg>
<arg>MV</arg>
<arg>MW</arg>
<arg>MX</arg>
<arg>MY</arg>
<arg>MZ</arg>
<arg>NA</arg>
<arg>NC</arg>
<arg>NE</arg>
<arg>NF</arg>
<arg>NG</arg>
<arg>NI</arg>
<arg>NL</arg>
<arg>NO</arg>
<arg>NP</arg>
<arg>NR</arg>
<arg>NU</arg>
<arg>NZ</arg>
<arg>OM</arg>
<arg>PA</arg>
<arg>PE</arg>
<arg>PF</arg>
<arg>PG</arg>
<arg>PH</arg>
<arg>PK</arg>
<arg>PL</arg>
<arg>PM</arg>
<arg>PN</arg>
<arg>PR</arg>
<arg>PS</arg>
<arg>PT</arg>
<arg>PW</arg>
<arg>PY</arg>
<arg>QA</arg>
<arg>RE</arg>
<arg>RO</arg>
<arg>RS</arg>
<arg>RU</arg>
<arg>RW</arg>
<arg>SA</arg>
<arg>SB</arg>
<arg>SC</arg>
<arg>SD</arg>
<arg>SE</arg>
<arg>SG</arg>
<arg>SH</arg>
<arg>SI</arg>
<arg>SJ</arg>
<arg>SK</arg>
<arg>SL</arg>
<arg>SM</arg>
<arg>SN</arg>
<arg>SO</arg>
<arg>SR</arg>
<arg>SS</arg>
<arg>ST</arg>
<arg>SV</arg>
<arg>SX</arg>
<arg>SY</arg>
<arg>SZ</arg>
<arg>TC</arg>
<arg>TD</arg>
<arg>TF</arg>
<arg>TG</arg>
<arg>TH</arg>
<arg>TJ</arg>
<arg>TK</arg>
<arg>TL</arg>
<arg>TM</arg>
<arg>TN</arg>
<arg>TO</arg>
<arg>TR</arg>
<arg>TT</arg>
<arg>TV</arg>
<arg>TW</arg>
<arg>TZ</arg>
<arg>UA</arg>
<arg>UG</arg>
<arg>UM</arg>
<arg>US</arg>
<arg>UY</arg>
<arg>UZ</arg>
<arg>VA</arg>
<arg>VC</arg>
<arg>VE</arg>
<arg>VG</arg>
<arg>VI</arg>
<arg>VN</arg>
<arg>VU</arg>
<arg>WF</arg>
<arg>WS</arg>
<arg>XK</arg>
<arg>YE</arg>
<arg>YT</arg>
<arg>ZA</arg>
<arg>ZM</arg>
<arg>ZW</arg>
<doc>Returns a list containing given items.</doc>
<status status="PASS" start="2024-05-19T21:13:47.565366" elapsed="0.000615"/>
</kw>
<kw name="List Should Contain Value" owner="Collections">
<msg time="2024-05-19T21:13:47.566981" level="INFO">False</msg>
<arg>${list_country}</arg>
<arg>${name_country}</arg>
<doc>Fails if the ``value`` is not found from ``list``.</doc>
<status status="PASS" start="2024-05-19T21:13:47.566783" elapsed="0.000235"/>
</kw>
<kw name="Run Keyword If" owner="BuiltIn">
<kw name="Should Be True" owner="BuiltIn">
<arg>${True}</arg>
<doc>Fails if the given condition is not true.</doc>
<status status="PASS" start="2024-05-19T21:13:47.568075" elapsed="0.000282"/>
</kw>
<arg>${json_data["results"][0]["location"]["coordinates"]["latitude"]} &gt;= -90 and ${json_data["results"][0]["location"]["coordinates"]["latitude"]} &lt;= 90</arg>
<arg>Should Be True</arg>
<arg>${True}</arg>
<doc>Runs the given keyword with the given arguments, if ``condition`` is true.</doc>
<status status="PASS" start="2024-05-19T21:13:47.567329" elapsed="0.001158"/>
</kw>
<kw name="Run Keyword If" owner="BuiltIn">
<kw name="Should Be True" owner="BuiltIn">
<arg>${True}</arg>
<doc>Fails if the given condition is not true.</doc>
<status status="PASS" start="2024-05-19T21:13:47.569361" elapsed="0.000137"/>
</kw>
<arg>${json_data["results"][0]["location"]["coordinates"]["longitude"]} &gt;= -180 and ${json_data["results"][0]["location"]["coordinates"]["longitude"]} &lt;= 180</arg>
<arg>Should Be True</arg>
<arg>${True}</arg>
<doc>Runs the given keyword with the given arguments, if ``condition`` is true.</doc>
<status status="PASS" start="2024-05-19T21:13:47.568672" elapsed="0.000948"/>
</kw>
<status status="PASS" start="2024-05-19T21:13:47.465271" elapsed="0.104478"/>
</kw>
<doc>Testa o conteúdo específico dos campos retornados pela API.</doc>
<tag>testeConteudo</tag>
<status status="PASS" start="2024-05-19T21:13:47.464810" elapsed="0.105091"/>
</test>
<status status="PASS" start="2024-05-19T21:13:46.494492" elapsed="1.077325"/>
</suite>
<status status="PASS" start="2024-05-19T21:13:46.481031" elapsed="1.095903"/>
</suite>
<statistics>
<total>
<stat pass="5" fail="0" skip="0">All Tests</stat>
</total>
<tag>
<stat pass="1" fail="0" skip="0">testeConteudo</stat>
<stat pass="1" fail="0" skip="0">testeEstruturaResposta</stat>
<stat pass="1" fail="0" skip="0">testeRequisicaoBasica</stat>
<stat pass="1" fail="0" skip="0">testeTiposDados</stat>
</tag>
<suite>
<stat pass="5" fail="0" skip="0" id="s1" name="Tests">Tests</stat>
<stat pass="5" fail="0" skip="0" id="s1-s1" name="Random-User-Test">Tests.Random-User-Test</stat>
</suite>
</statistics>
<errors>
</errors>
</robot>
