<?xml version="1.0" encoding="UTF-8"?>
<robot generator="Robot 7.0.1 (Python 3.12.4 on linux)" generated="2024-07-02T19:13:21.594299" rpa="false" schemaversion="5">
<suite id="s1" name="Tests" source="/home/runner/work/ApiRandomUser/ApiRandomUser/RamdonUser/tests">
<suite id="s1-s1" name="Random-User-Test" source="/home/runner/work/ApiRandomUser/ApiRandomUser/RamdonUser/tests/random-user-test.robot">
<test id="s1-s1-t1" name="Conectar" line="13">
<kw name="Conectar API" owner="random-user-service">
<kw name="Create Session" owner="RequestsLibrary">
<msg time="2024-07-02T19:13:22.008234" level="INFO">Creating Session using : alias=consultarAPI, url=https://randomuser.me/, headers={},                     cookies={}, auth=None, timeout=None, proxies=None, verify=False,                     debug=0 </msg>
<arg>consultarAPI</arg>
<arg>${URL}</arg>
<doc>Create Session: create a HTTP session to a server</doc>
<status status="PASS" start="2024-07-02T19:13:22.008024" elapsed="0.000394"/>
</kw>
<status status="PASS" start="2024-07-02T19:13:22.007063" elapsed="0.001716"/>
</kw>
<status status="PASS" start="2024-07-02T19:13:22.006432" elapsed="0.002535"/>
</test>
<test id="s1-s1-t2" name="Validar retorno 200 e JSON Válido" line="16">
<kw name="Teste de Requisicao Basica" owner="random-user-service">
<kw name="GET On Session" owner="RequestsLibrary">
<msg time="2024-07-02T19:13:22.432219" level="INFO">GET Request : url=https://randomuser.me/api 
 path_url=/api 
 headers={'User-Agent': 'python-requests/2.32.3', 'Accept-Encoding': 'gzip, deflate', 'Accept': '*/*', 'Connection': 'keep-alive'} 
 body=None 
 </msg>
<msg time="2024-07-02T19:13:22.432376" level="INFO">GET Response : url=https://randomuser.me/api 
 status=200, reason=OK 
 headers={'Date': 'Tue, 02 Jul 2024 19:13:22 GMT', 'Content-Type': 'application/json; charset=utf-8', 'Transfer-Encoding': 'chunked', 'Connection': 'keep-alive', 'X-Powered-By': 'Express', 'Access-Control-Allow-Origin': '*', 'Cache-Control': 'no-cache', 'ETag': 'W/"48d-whA91jpvj1C3cJzLKFqVeDrw7AA"', 'Vary': 'Accept-Encoding', 'Content-Encoding': 'gzip', 'CF-Cache-Status': 'DYNAMIC', 'Report-To': '{"endpoints":[{"url":"https:\\/\\/a.nel.cloudflare.com\\/report\\/v4?s=ULyKjMO%2BM3CfMOH2vN0o7o6QeHFxh6ogiJeJOkszPFhOEM79zLZAHhIy9myDSCyRJtC9X%2FWUzp3QMUhuaRn63G88LxXhlk44M0WzzuBV%2FbPTHp8g1CWDkHHCiAcvEFbs"}],"group":"cf-nel","max_age":604800}', 'NEL': '{"success_fraction":0,"report_to":"cf-nel","max_age":604800}', 'Server': 'cloudflare', 'CF-RAY': '89d0f3e17d7b8299-IAD', 'alt-svc': 'h3=":443"; ma=86400'} 
 body={"results":[{"gender":"female","name":{"title":"Miss","first":"Abbey","last":"Chapman"},"location":{"street":{"number":5470,"name":"Park Lane"},"city":"Nenagh","state":"Clare","country":"Ireland","postcode":13471,"coordinates":{"latitude":"1.7729","longitude":"67.7643"},"timezone":{"offset":"+11:00","description":"Magadan, Solomon Islands, New Caledonia"}},"email":"abbey.chapman@example.com","login":{"uuid":"022f89b1-0cf3-4162-b924-f1c9dc4cd8b4","username":"goldenwolf192","password":"bermuda","salt":"Y0lgAkoL","md5":"b2bc4134e011d00587f46f3c2f115e4a","sha1":"2cf4ef019d1311f42fa24aa028b9eb308bc09ab1","sha256":"ddfd99ea77da6021e7465b879e94160165c02e20ba1bc6f9f825043277a3a535"},"dob":{"date":"1987-03-30T11:42:10.038Z","age":37},"registered":{"date":"2014-10-21T11:49:59.290Z","age":9},"phone":"061-278-5734","cell":"081-807-9273","id":{"name":"PPS","value":"1049223T"},"picture":{"large":"https://randomuser.me/api/portraits/women/83.jpg","medium":"https://randomuser.me/api/portraits/med/women/83.jpg","thumbnail":"https://randomuser.me/api/portraits/thumb/women/83.jpg"},"nat":"IE"}],"info":{"seed":"121ce4d63436b80d","results":1,"page":1,"version":"1.4"}} 
 </msg>
<msg time="2024-07-02T19:13:22.432458" level="INFO">/opt/hostedtoolcache/Python/3.12.4/x64/lib/python3.12/site-packages/urllib3/connectionpool.py:1099: InsecureRequestWarning: Unverified HTTPS request is being made to host 'randomuser.me'. Adding certificate verification is strongly advised. See: https://urllib3.readthedocs.io/en/latest/advanced-usage.html#tls-warnings
  warnings.warn(</msg>
<msg time="2024-07-02T19:13:22.432609" level="INFO">${response} = &lt;Response [200]&gt;</msg>
<var>${response}</var>
<arg>consultarAPI</arg>
<arg>/api</arg>
<doc>Sends a GET request on a previously created HTTP Session.</doc>
<status status="PASS" start="2024-07-02T19:13:22.011556" elapsed="0.421094"/>
</kw>
<kw name="Should Be Equal As Numbers" owner="BuiltIn">
<msg time="2024-07-02T19:13:22.433768" level="INFO">Argument types are:
&lt;class 'int'&gt;
&lt;class 'str'&gt;</msg>
<arg>${response.status_code}</arg>
<arg>200</arg>
<doc>Fails if objects are unequal after converting them to real numbers.</doc>
<status status="PASS" start="2024-07-02T19:13:22.433291" elapsed="0.000541"/>
</kw>
<kw name="Log" owner="BuiltIn">
<msg time="2024-07-02T19:13:22.434486" level="INFO">200</msg>
<arg>${response.status_code}</arg>
<doc>Logs the given message with the given level.</doc>
<status status="PASS" start="2024-07-02T19:13:22.434144" elapsed="0.000382"/>
</kw>
<kw name="Set Variable" owner="BuiltIn">
<msg time="2024-07-02T19:13:22.435246" level="INFO">${json_data} = {'results': [{'gender': 'female', 'name': {'title': 'Miss', 'first': 'Abbey', 'last': 'Chapman'}, 'location': {'street': {'number': 5470, 'name': 'Park Lane'}, 'city': 'Nenagh', 'state': 'Clare', 'cou...</msg>
<var>${json_data}</var>
<arg>${response.json()}</arg>
<doc>Returns the given values which can then be assigned to a variables.</doc>
<status status="PASS" start="2024-07-02T19:13:22.434823" elapsed="0.000451"/>
</kw>
<kw name="Dictionary Should Contain Key" owner="Collections">
<arg>${json_data}</arg>
<arg>results</arg>
<doc>Fails if ``key`` is not found from ``dictionary``.</doc>
<status status="PASS" start="2024-07-02T19:13:22.435564" elapsed="0.000163"/>
</kw>
<status status="PASS" start="2024-07-02T19:13:22.011292" elapsed="0.424587"/>
</kw>
<doc>Testa se a API responde corretamente e retorna um objeto JSON válido.</doc>
<tag>testeRequisicaoBasica</tag>
<status status="PASS" start="2024-07-02T19:13:22.010687" elapsed="0.425411"/>
</test>
<test id="s1-s1-t3" name="Validar estrutura de resposta" line="22">
<kw name="Teste de Estrutura de Resposta" owner="random-user-service">
<kw name="GET On Session" owner="RequestsLibrary">
<msg time="2024-07-02T19:13:22.550551" level="INFO">GET Request : url=https://randomuser.me/api 
 path_url=/api 
 headers={'User-Agent': 'python-requests/2.32.3', 'Accept-Encoding': 'gzip, deflate', 'Accept': '*/*', 'Connection': 'keep-alive'} 
 body=None 
 </msg>
<msg time="2024-07-02T19:13:22.550653" level="INFO">GET Response : url=https://randomuser.me/api 
 status=200, reason=OK 
 headers={'Date': 'Tue, 02 Jul 2024 19:13:22 GMT', 'Content-Type': 'application/json; charset=utf-8', 'Transfer-Encoding': 'chunked', 'Connection': 'keep-alive', 'X-Powered-By': 'Express', 'Access-Control-Allow-Origin': '*', 'Cache-Control': 'no-cache', 'ETag': 'W/"482-/qDtCjKefhHnEQ3xqpLc6lwp3oE"', 'Vary': 'Accept-Encoding', 'Content-Encoding': 'gzip', 'CF-Cache-Status': 'DYNAMIC', 'Report-To': '{"endpoints":[{"url":"https:\\/\\/a.nel.cloudflare.com\\/report\\/v4?s=%2FhkJbQLwUyoVmSSR5TmIAVxycKsY65se2fMFiLEQxKzhfdBSJXpYh5xVB5%2BEO6yKSb1W1w6%2B%2FQ47zrmFK5BEGzBs5SEpNLTFvskSziwy%2FB7z5iJ0HS7krosOsxdtLIIx"}],"group":"cf-nel","max_age":604800}', 'NEL': '{"success_fraction":0,"report_to":"cf-nel","max_age":604800}', 'Server': 'cloudflare', 'CF-RAY': '89d0f3e34fb98299-IAD', 'alt-svc': 'h3=":443"; ma=86400'} 
 body={"results":[{"gender":"male","name":{"title":"Mr","first":"Dmitro","last":"Poderv'yanskiy"},"location":{"street":{"number":1501,"name":"Beresteckiy provulok"},"city":"Ichnya","state":"Zaporizka","country":"Ukraine","postcode":17457,"coordinates":{"latitude":"75.8402","longitude":"-175.8926"},"timezone":{"offset":"-3:30","description":"Newfoundland"}},"email":"dmitro.poderv'yanskiy@example.com","login":{"uuid":"5a520641-3134-43f0-85b5-a328e32b65ff","username":"sadfrog713","password":"fireman","salt":"mhprn8bI","md5":"02699a564fdb363c85a7f884fef83f18","sha1":"3c13a6eb5f2a563c0fb922be41fefbbff47cd086","sha256":"459cc62e5baa623beec223531afd0f1578be5d7aad3d543dd70b2a3f5404ec7b"},"dob":{"date":"1958-02-28T20:01:20.090Z","age":66},"registered":{"date":"2004-11-21T06:48:01.873Z","age":19},"phone":"(099) G17-4399","cell":"(097) O27-1464","id":{"name":"","value":null},"picture":{"large":"https://randomuser.me/api/portraits/men/51.jpg","medium":"https://randomuser.me/api/portraits/med/men/51.jpg","thumbnail":"https://randomuser.me/api/portraits/thumb/men/51.jpg"},"nat":"UA"}],"info":{"seed":"2df4df3e00ce27bc","results":1,"page":1,"version":"1.4"}} 
 </msg>
<msg time="2024-07-02T19:13:22.550789" level="INFO">/opt/hostedtoolcache/Python/3.12.4/x64/lib/python3.12/site-packages/urllib3/connectionpool.py:1099: InsecureRequestWarning: Unverified HTTPS request is being made to host 'randomuser.me'. Adding certificate verification is strongly advised. See: https://urllib3.readthedocs.io/en/latest/advanced-usage.html#tls-warnings
  warnings.warn(</msg>
<msg time="2024-07-02T19:13:22.550931" level="INFO">${response} = &lt;Response [200]&gt;</msg>
<var>${response}</var>
<arg>consultarAPI</arg>
<arg>/api</arg>
<doc>Sends a GET request on a previously created HTTP Session.</doc>
<status status="PASS" start="2024-07-02T19:13:22.438745" elapsed="0.112225"/>
</kw>
<kw name="Set Variable" owner="BuiltIn">
<msg time="2024-07-02T19:13:22.552162" level="INFO">${json_data} = {'results': [{'gender': 'male', 'name': {'title': 'Mr', 'first': 'Dmitro', 'last': "Poderv'yanskiy"}, 'location': {'street': {'number': 1501, 'name': 'Beresteckiy provulok'}, 'city': 'Ichnya', 'state'...</msg>
<var>${json_data}</var>
<arg>${response.json()}</arg>
<doc>Returns the given values which can then be assigned to a variables.</doc>
<status status="PASS" start="2024-07-02T19:13:22.551581" elapsed="0.000610"/>
</kw>
<kw name="Log" owner="BuiltIn">
<msg time="2024-07-02T19:13:22.552657" level="INFO">{'results': [{'gender': 'male', 'name': {'title': 'Mr', 'first': 'Dmitro', 'last': "Poderv'yanskiy"}, 'location': {'street': {'number': 1501, 'name': 'Beresteckiy provulok'}, 'city': 'Ichnya', 'state': 'Zaporizka', 'country': 'Ukraine', 'postcode': 17457, 'coordinates': {'latitude': '75.8402', 'longitude': '-175.8926'}, 'timezone': {'offset': '-3:30', 'description': 'Newfoundland'}}, 'email': "dmitro.poderv'yanskiy@example.com", 'login': {'uuid': '5a520641-3134-43f0-85b5-a328e32b65ff', 'username': 'sadfrog713', 'password': 'fireman', 'salt': 'mhprn8bI', 'md5': '02699a564fdb363c85a7f884fef83f18', 'sha1': '3c13a6eb5f2a563c0fb922be41fefbbff47cd086', 'sha256': '459cc62e5baa623beec223531afd0f1578be5d7aad3d543dd70b2a3f5404ec7b'}, 'dob': {'date': '1958-02-28T20:01:20.090Z', 'age': 66}, 'registered': {'date': '2004-11-21T06:48:01.873Z', 'age': 19}, 'phone': '(099) G17-4399', 'cell': '(097) O27-1464', 'id': {'name': '', 'value': None}, 'picture': {'large': 'https://randomuser.me/api/portraits/men/51.jpg', 'medium': 'https://randomuser.me/api/portraits/med/men/51.jpg', 'thumbnail': 'https://randomuser.me/api/portraits/thumb/men/51.jpg'}, 'nat': 'UA'}], 'info': {'seed': '2df4df3e00ce27bc', 'results': 1, 'page': 1, 'version': '1.4'}}</msg>
<arg>${json_data}</arg>
<doc>Logs the given message with the given level.</doc>
<status status="PASS" start="2024-07-02T19:13:22.552498" elapsed="0.000206"/>
</kw>
<kw name="Dictionary Should Contain Key" owner="Collections">
<arg>${json_data}</arg>
<arg>results</arg>
<doc>Fails if ``key`` is not found from ``dictionary``.</doc>
<status status="PASS" start="2024-07-02T19:13:22.552994" elapsed="0.000160"/>
</kw>
<kw name="Should Not Be Empty" owner="BuiltIn">
<msg time="2024-07-02T19:13:22.553464" level="INFO">Length is 2.</msg>
<arg>${json_data}</arg>
<doc>Verifies that the given item is not empty.</doc>
<status status="PASS" start="2024-07-02T19:13:22.553336" elapsed="0.000166"/>
</kw>
<kw name="Create List" owner="BuiltIn">
<msg time="2024-07-02T19:13:22.553942" level="INFO">${expected_keys} = ['gender', 'name', 'location', 'email', 'login']</msg>
<var>${expected_keys}</var>
<arg>gender</arg>
<arg>name</arg>
<arg>location</arg>
<arg>email</arg>
<arg>login</arg>
<doc>Returns a list containing given items.</doc>
<status status="PASS" start="2024-07-02T19:13:22.553795" elapsed="0.000171"/>
</kw>
<for flavor="IN">
<iter>
<kw name="Dictionary Should Contain Key" owner="Collections">
<arg>${json_data['results'][0]}</arg>
<arg>${key}</arg>
<doc>Fails if ``key`` is not found from ``dictionary``.</doc>
<status status="PASS" start="2024-07-02T19:13:22.554703" elapsed="0.000394"/>
</kw>
<kw name="Log" owner="BuiltIn">
<msg time="2024-07-02T19:13:22.555653" level="INFO">{'gender': 'male', 'name': {'title': 'Mr', 'first': 'Dmitro', 'last': "Poderv'yanskiy"}, 'location': {'street': {'number': 1501, 'name': 'Beresteckiy provulok'}, 'city': 'Ichnya', 'state': 'Zaporizka', 'country': 'Ukraine', 'postcode': 17457, 'coordinates': {'latitude': '75.8402', 'longitude': '-175.8926'}, 'timezone': {'offset': '-3:30', 'description': 'Newfoundland'}}, 'email': "dmitro.poderv'yanskiy@example.com", 'login': {'uuid': '5a520641-3134-43f0-85b5-a328e32b65ff', 'username': 'sadfrog713', 'password': 'fireman', 'salt': 'mhprn8bI', 'md5': '02699a564fdb363c85a7f884fef83f18', 'sha1': '3c13a6eb5f2a563c0fb922be41fefbbff47cd086', 'sha256': '459cc62e5baa623beec223531afd0f1578be5d7aad3d543dd70b2a3f5404ec7b'}, 'dob': {'date': '1958-02-28T20:01:20.090Z', 'age': 66}, 'registered': {'date': '2004-11-21T06:48:01.873Z', 'age': 19}, 'phone': '(099) G17-4399', 'cell': '(097) O27-1464', 'id': {'name': '', 'value': None}, 'picture': {'large': 'https://randomuser.me/api/portraits/men/51.jpg', 'medium': 'https://randomuser.me/api/portraits/med/men/51.jpg', 'thumbnail': 'https://randomuser.me/api/portraits/thumb/men/51.jpg'}, 'nat': 'UA'}</msg>
<arg>${json_data['results'][0]}</arg>
<doc>Logs the given message with the given level.</doc>
<status status="PASS" start="2024-07-02T19:13:22.555285" elapsed="0.000415"/>
</kw>
<kw name="Log" owner="BuiltIn">
<msg time="2024-07-02T19:13:22.556145" level="INFO">gender</msg>
<arg>${key}</arg>
<doc>Logs the given message with the given level.</doc>
<status status="PASS" start="2024-07-02T19:13:22.556018" elapsed="0.000165"/>
</kw>
<var name="${key}">gender</var>
<status status="PASS" start="2024-07-02T19:13:22.554580" elapsed="0.001817"/>
</iter>
<iter>
<kw name="Dictionary Should Contain Key" owner="Collections">
<arg>${json_data['results'][0]}</arg>
<arg>${key}</arg>
<doc>Fails if ``key`` is not found from ``dictionary``.</doc>
<status status="PASS" start="2024-07-02T19:13:22.556690" elapsed="0.000383"/>
</kw>
<kw name="Log" owner="BuiltIn">
<msg time="2024-07-02T19:13:22.557598" level="INFO">{'gender': 'male', 'name': {'title': 'Mr', 'first': 'Dmitro', 'last': "Poderv'yanskiy"}, 'location': {'street': {'number': 1501, 'name': 'Beresteckiy provulok'}, 'city': 'Ichnya', 'state': 'Zaporizka', 'country': 'Ukraine', 'postcode': 17457, 'coordinates': {'latitude': '75.8402', 'longitude': '-175.8926'}, 'timezone': {'offset': '-3:30', 'description': 'Newfoundland'}}, 'email': "dmitro.poderv'yanskiy@example.com", 'login': {'uuid': '5a520641-3134-43f0-85b5-a328e32b65ff', 'username': 'sadfrog713', 'password': 'fireman', 'salt': 'mhprn8bI', 'md5': '02699a564fdb363c85a7f884fef83f18', 'sha1': '3c13a6eb5f2a563c0fb922be41fefbbff47cd086', 'sha256': '459cc62e5baa623beec223531afd0f1578be5d7aad3d543dd70b2a3f5404ec7b'}, 'dob': {'date': '1958-02-28T20:01:20.090Z', 'age': 66}, 'registered': {'date': '2004-11-21T06:48:01.873Z', 'age': 19}, 'phone': '(099) G17-4399', 'cell': '(097) O27-1464', 'id': {'name': '', 'value': None}, 'picture': {'large': 'https://randomuser.me/api/portraits/men/51.jpg', 'medium': 'https://randomuser.me/api/portraits/med/men/51.jpg', 'thumbnail': 'https://randomuser.me/api/portraits/thumb/men/51.jpg'}, 'nat': 'UA'}</msg>
<arg>${json_data['results'][0]}</arg>
<doc>Logs the given message with the given level.</doc>
<status status="PASS" start="2024-07-02T19:13:22.557250" elapsed="0.000426"/>
</kw>
<kw name="Log" owner="BuiltIn">
<msg time="2024-07-02T19:13:22.558105" level="INFO">name</msg>
<arg>${key}</arg>
<doc>Logs the given message with the given level.</doc>
<status status="PASS" start="2024-07-02T19:13:22.557978" elapsed="0.000164"/>
</kw>
<var name="${key}">name</var>
<status status="PASS" start="2024-07-02T19:13:22.556580" elapsed="0.001780"/>
</iter>
<iter>
<kw name="Dictionary Should Contain Key" owner="Collections">
<arg>${json_data['results'][0]}</arg>
<arg>${key}</arg>
<doc>Fails if ``key`` is not found from ``dictionary``.</doc>
<status status="PASS" start="2024-07-02T19:13:22.558640" elapsed="0.000370"/>
</kw>
<kw name="Log" owner="BuiltIn">
<msg time="2024-07-02T19:13:22.559527" level="INFO">{'gender': 'male', 'name': {'title': 'Mr', 'first': 'Dmitro', 'last': "Poderv'yanskiy"}, 'location': {'street': {'number': 1501, 'name': 'Beresteckiy provulok'}, 'city': 'Ichnya', 'state': 'Zaporizka', 'country': 'Ukraine', 'postcode': 17457, 'coordinates': {'latitude': '75.8402', 'longitude': '-175.8926'}, 'timezone': {'offset': '-3:30', 'description': 'Newfoundland'}}, 'email': "dmitro.poderv'yanskiy@example.com", 'login': {'uuid': '5a520641-3134-43f0-85b5-a328e32b65ff', 'username': 'sadfrog713', 'password': 'fireman', 'salt': 'mhprn8bI', 'md5': '02699a564fdb363c85a7f884fef83f18', 'sha1': '3c13a6eb5f2a563c0fb922be41fefbbff47cd086', 'sha256': '459cc62e5baa623beec223531afd0f1578be5d7aad3d543dd70b2a3f5404ec7b'}, 'dob': {'date': '1958-02-28T20:01:20.090Z', 'age': 66}, 'registered': {'date': '2004-11-21T06:48:01.873Z', 'age': 19}, 'phone': '(099) G17-4399', 'cell': '(097) O27-1464', 'id': {'name': '', 'value': None}, 'picture': {'large': 'https://randomuser.me/api/portraits/men/51.jpg', 'medium': 'https://randomuser.me/api/portraits/med/men/51.jpg', 'thumbnail': 'https://randomuser.me/api/portraits/thumb/men/51.jpg'}, 'nat': 'UA'}</msg>
<arg>${json_data['results'][0]}</arg>
<doc>Logs the given message with the given level.</doc>
<status status="PASS" start="2024-07-02T19:13:22.559186" elapsed="0.000386"/>
</kw>
<kw name="Log" owner="BuiltIn">
<msg time="2024-07-02T19:13:22.560012" level="INFO">location</msg>
<arg>${key}</arg>
<doc>Logs the given message with the given level.</doc>
<status status="PASS" start="2024-07-02T19:13:22.559867" elapsed="0.000183"/>
</kw>
<var name="${key}">location</var>
<status status="PASS" start="2024-07-02T19:13:22.558536" elapsed="0.001730"/>
</iter>
<iter>
<kw name="Dictionary Should Contain Key" owner="Collections">
<arg>${json_data['results'][0]}</arg>
<arg>${key}</arg>
<doc>Fails if ``key`` is not found from ``dictionary``.</doc>
<status status="PASS" start="2024-07-02T19:13:22.560539" elapsed="0.000381"/>
</kw>
<kw name="Log" owner="BuiltIn">
<msg time="2024-07-02T19:13:22.561436" level="INFO">{'gender': 'male', 'name': {'title': 'Mr', 'first': 'Dmitro', 'last': "Poderv'yanskiy"}, 'location': {'street': {'number': 1501, 'name': 'Beresteckiy provulok'}, 'city': 'Ichnya', 'state': 'Zaporizka', 'country': 'Ukraine', 'postcode': 17457, 'coordinates': {'latitude': '75.8402', 'longitude': '-175.8926'}, 'timezone': {'offset': '-3:30', 'description': 'Newfoundland'}}, 'email': "dmitro.poderv'yanskiy@example.com", 'login': {'uuid': '5a520641-3134-43f0-85b5-a328e32b65ff', 'username': 'sadfrog713', 'password': 'fireman', 'salt': 'mhprn8bI', 'md5': '02699a564fdb363c85a7f884fef83f18', 'sha1': '3c13a6eb5f2a563c0fb922be41fefbbff47cd086', 'sha256': '459cc62e5baa623beec223531afd0f1578be5d7aad3d543dd70b2a3f5404ec7b'}, 'dob': {'date': '1958-02-28T20:01:20.090Z', 'age': 66}, 'registered': {'date': '2004-11-21T06:48:01.873Z', 'age': 19}, 'phone': '(099) G17-4399', 'cell': '(097) O27-1464', 'id': {'name': '', 'value': None}, 'picture': {'large': 'https://randomuser.me/api/portraits/men/51.jpg', 'medium': 'https://randomuser.me/api/portraits/med/men/51.jpg', 'thumbnail': 'https://randomuser.me/api/portraits/thumb/men/51.jpg'}, 'nat': 'UA'}</msg>
<arg>${json_data['results'][0]}</arg>
<doc>Logs the given message with the given level.</doc>
<status status="PASS" start="2024-07-02T19:13:22.561096" elapsed="0.000383"/>
</kw>
<kw name="Log" owner="BuiltIn">
<msg time="2024-07-02T19:13:22.561863" level="INFO">email</msg>
<arg>${key}</arg>
<doc>Logs the given message with the given level.</doc>
<status status="PASS" start="2024-07-02T19:13:22.561748" elapsed="0.000150"/>
</kw>
<var name="${key}">email</var>
<status status="PASS" start="2024-07-02T19:13:22.560435" elapsed="0.001663"/>
</iter>
<iter>
<kw name="Dictionary Should Contain Key" owner="Collections">
<arg>${json_data['results'][0]}</arg>
<arg>${key}</arg>
<doc>Fails if ``key`` is not found from ``dictionary``.</doc>
<status status="PASS" start="2024-07-02T19:13:22.562358" elapsed="0.000356"/>
</kw>
<kw name="Log" owner="BuiltIn">
<msg time="2024-07-02T19:13:22.563212" level="INFO">{'gender': 'male', 'name': {'title': 'Mr', 'first': 'Dmitro', 'last': "Poderv'yanskiy"}, 'location': {'street': {'number': 1501, 'name': 'Beresteckiy provulok'}, 'city': 'Ichnya', 'state': 'Zaporizka', 'country': 'Ukraine', 'postcode': 17457, 'coordinates': {'latitude': '75.8402', 'longitude': '-175.8926'}, 'timezone': {'offset': '-3:30', 'description': 'Newfoundland'}}, 'email': "dmitro.poderv'yanskiy@example.com", 'login': {'uuid': '5a520641-3134-43f0-85b5-a328e32b65ff', 'username': 'sadfrog713', 'password': 'fireman', 'salt': 'mhprn8bI', 'md5': '02699a564fdb363c85a7f884fef83f18', 'sha1': '3c13a6eb5f2a563c0fb922be41fefbbff47cd086', 'sha256': '459cc62e5baa623beec223531afd0f1578be5d7aad3d543dd70b2a3f5404ec7b'}, 'dob': {'date': '1958-02-28T20:01:20.090Z', 'age': 66}, 'registered': {'date': '2004-11-21T06:48:01.873Z', 'age': 19}, 'phone': '(099) G17-4399', 'cell': '(097) O27-1464', 'id': {'name': '', 'value': None}, 'picture': {'large': 'https://randomuser.me/api/portraits/men/51.jpg', 'medium': 'https://randomuser.me/api/portraits/med/men/51.jpg', 'thumbnail': 'https://randomuser.me/api/portraits/thumb/men/51.jpg'}, 'nat': 'UA'}</msg>
<arg>${json_data['results'][0]}</arg>
<doc>Logs the given message with the given level.</doc>
<status status="PASS" start="2024-07-02T19:13:22.562880" elapsed="0.000375"/>
</kw>
<kw name="Log" owner="BuiltIn">
<msg time="2024-07-02T19:13:22.563643" level="INFO">login</msg>
<arg>${key}</arg>
<doc>Logs the given message with the given level.</doc>
<status status="PASS" start="2024-07-02T19:13:22.563526" elapsed="0.000150"/>
</kw>
<var name="${key}">login</var>
<status status="PASS" start="2024-07-02T19:13:22.562256" elapsed="0.001624"/>
</iter>
<var>${key}</var>
<value>@{expected_keys}</value>
<status status="PASS" start="2024-07-02T19:13:22.554386" elapsed="0.009626"/>
</for>
<kw name="Create List" owner="BuiltIn">
<msg time="2024-07-02T19:13:22.564326" level="INFO">${expected_keysTwo} = ['username', 'password']</msg>
<var>${expected_keysTwo}</var>
<arg>username</arg>
<arg>password</arg>
<doc>Returns a list containing given items.</doc>
<status status="PASS" start="2024-07-02T19:13:22.564193" elapsed="0.000156"/>
</kw>
<for flavor="IN">
<iter>
<kw name="Dictionary Should Contain Key" owner="Collections">
<arg>${json_data['results'][0]['login']}</arg>
<arg>${keyTwo}</arg>
<doc>Fails if ``key`` is not found from ``dictionary``.</doc>
<status status="PASS" start="2024-07-02T19:13:22.564865" elapsed="0.000378"/>
</kw>
<kw name="Dictionary Should Contain Key" owner="Collections">
<arg>${json_data['results'][0]['login']}</arg>
<arg>${keyTwo}</arg>
<doc>Fails if ``key`` is not found from ``dictionary``.</doc>
<status status="PASS" start="2024-07-02T19:13:22.565422" elapsed="0.000378"/>
</kw>
<kw name="Log" owner="BuiltIn">
<msg time="2024-07-02T19:13:22.566101" level="INFO">username</msg>
<arg>${keyTwo}</arg>
<doc>Logs the given message with the given level.</doc>
<status status="PASS" start="2024-07-02T19:13:22.565978" elapsed="0.000160"/>
</kw>
<var name="${keyTwo}">username</var>
<status status="PASS" start="2024-07-02T19:13:22.564760" elapsed="0.001600"/>
</iter>
<iter>
<kw name="Dictionary Should Contain Key" owner="Collections">
<arg>${json_data['results'][0]['login']}</arg>
<arg>${keyTwo}</arg>
<doc>Fails if ``key`` is not found from ``dictionary``.</doc>
<status status="PASS" start="2024-07-02T19:13:22.566634" elapsed="0.000379"/>
</kw>
<kw name="Dictionary Should Contain Key" owner="Collections">
<arg>${json_data['results'][0]['login']}</arg>
<arg>${keyTwo}</arg>
<doc>Fails if ``key`` is not found from ``dictionary``.</doc>
<status status="PASS" start="2024-07-02T19:13:22.567189" elapsed="0.000364"/>
</kw>
<kw name="Log" owner="BuiltIn">
<msg time="2024-07-02T19:13:22.567846" level="INFO">password</msg>
<arg>${keyTwo}</arg>
<doc>Logs the given message with the given level.</doc>
<status status="PASS" start="2024-07-02T19:13:22.567727" elapsed="0.000160"/>
</kw>
<var name="${keyTwo}">password</var>
<status status="PASS" start="2024-07-02T19:13:22.566529" elapsed="0.001613"/>
</iter>
<var>${keyTwo}</var>
<value>@{expected_keysTwo}</value>
<status status="PASS" start="2024-07-02T19:13:22.564607" elapsed="0.003653"/>
</for>
<status status="PASS" start="2024-07-02T19:13:22.438510" elapsed="0.129888"/>
</kw>
<doc>Testa a estrutura da resposta da API.</doc>
<tag>testeEstruturaResposta</tag>
<status status="PASS" start="2024-07-02T19:13:22.437926" elapsed="0.130613"/>
</test>
<test id="s1-s1-t4" name="Validar tipos de dados" line="28">
<kw name="Teste de Tipos de Dados" owner="random-user-service">
<kw name="GET On Session" owner="RequestsLibrary">
<msg time="2024-07-02T19:13:22.611536" level="INFO">GET Request : url=https://randomuser.me/api 
 path_url=/api 
 headers={'User-Agent': 'python-requests/2.32.3', 'Accept-Encoding': 'gzip, deflate', 'Accept': '*/*', 'Connection': 'keep-alive'} 
 body=None 
 </msg>
<msg time="2024-07-02T19:13:22.611629" level="INFO">GET Response : url=https://randomuser.me/api 
 status=200, reason=OK 
 headers={'Date': 'Tue, 02 Jul 2024 19:13:22 GMT', 'Content-Type': 'application/json; charset=utf-8', 'Transfer-Encoding': 'chunked', 'Connection': 'keep-alive', 'X-Powered-By': 'Express', 'Access-Control-Allow-Origin': '*', 'Cache-Control': 'no-cache', 'ETag': 'W/"49c-O5Zy82KH0kJWAellAI/Hg6J9p6I"', 'Vary': 'Accept-Encoding', 'Content-Encoding': 'gzip', 'CF-Cache-Status': 'DYNAMIC', 'Report-To': '{"endpoints":[{"url":"https:\\/\\/a.nel.cloudflare.com\\/report\\/v4?s=%2Fe%2Bnb%2FbSlj8DgH7uhGke0X%2BPMT9f3mfAiyFhft8fcnHfS6faUPXoLxNINtKk%2BoWrkkAw9ytKZwRkkFHlxnyhzq0azBDLlZ2jr7GLMPQxBXwVuVbjROvowKa3VeKiIYeT"}],"group":"cf-nel","max_age":604800}', 'NEL': '{"success_fraction":0,"report_to":"cf-nel","max_age":604800}', 'Server': 'cloudflare', 'CF-RAY': '89d0f3e418d08299-IAD', 'alt-svc': 'h3=":443"; ma=86400'} 
 body={"results":[{"gender":"male","name":{"title":"Mr","first":"Ratislav","last":"Shcherbak"},"location":{"street":{"number":7309,"name":"Stepoviy provulok"},"city":"Shostka","state":"Luganska","country":"Ukraine","postcode":73461,"coordinates":{"latitude":"80.4615","longitude":"-168.6337"},"timezone":{"offset":"0:00","description":"Western Europe Time, London, Lisbon, Casablanca"}},"email":"ratislav.shcherbak@example.com","login":{"uuid":"bf6bdf7b-9b23-48a6-ad63-4965eccef45c","username":"heavyduck354","password":"strike","salt":"ITjoIOAj","md5":"04249caa08c9c4bb58968b025d94518d","sha1":"e018035a97859507d268da8c37a528f4c6003b64","sha256":"1f0a13cd45d9fd7fd47497a64c9c49f334021a37e4ca277702f549eb8f393b39"},"dob":{"date":"1978-08-25T14:32:29.208Z","age":45},"registered":{"date":"2010-02-25T10:45:07.024Z","age":14},"phone":"(099) T79-9337","cell":"(096) Y71-3564","id":{"name":"","value":null},"picture":{"large":"https://randomuser.me/api/portraits/men/31.jpg","medium":"https://randomuser.me/api/portraits/med/men/31.jpg","thumbnail":"https://randomuser.me/api/portraits/thumb/men/31.jpg"},"nat":"UA"}],"info":{"seed":"b3f1001d7dd049dc","results":1,"page":1,"version":"1.4"}} 
 </msg>
<msg time="2024-07-02T19:13:22.611695" level="INFO">/opt/hostedtoolcache/Python/3.12.4/x64/lib/python3.12/site-packages/urllib3/connectionpool.py:1099: InsecureRequestWarning: Unverified HTTPS request is being made to host 'randomuser.me'. Adding certificate verification is strongly advised. See: https://urllib3.readthedocs.io/en/latest/advanced-usage.html#tls-warnings
  warnings.warn(</msg>
<msg time="2024-07-02T19:13:22.611809" level="INFO">${response} = &lt;Response [200]&gt;</msg>
<var>${response}</var>
<arg>consultarAPI</arg>
<arg>/api</arg>
<doc>Sends a GET request on a previously created HTTP Session.</doc>
<status status="PASS" start="2024-07-02T19:13:22.570979" elapsed="0.040870"/>
</kw>
<kw name="Set Variable" owner="BuiltIn">
<msg time="2024-07-02T19:13:22.612993" level="INFO">${json_data} = {'results': [{'gender': 'male', 'name': {'title': 'Mr', 'first': 'Ratislav', 'last': 'Shcherbak'}, 'location': {'street': {'number': 7309, 'name': 'Stepoviy provulok'}, 'city': 'Shostka', 'state': 'Lu...</msg>
<var>${json_data}</var>
<arg>${response.json()}</arg>
<doc>Returns the given values which can then be assigned to a variables.</doc>
<status status="PASS" start="2024-07-02T19:13:22.612462" elapsed="0.000558"/>
</kw>
<kw name="Log" owner="BuiltIn">
<msg time="2024-07-02T19:13:22.613510" level="INFO">{'results': [{'gender': 'male', 'name': {'title': 'Mr', 'first': 'Ratislav', 'last': 'Shcherbak'}, 'location': {'street': {'number': 7309, 'name': 'Stepoviy provulok'}, 'city': 'Shostka', 'state': 'Luganska', 'country': 'Ukraine', 'postcode': 73461, 'coordinates': {'latitude': '80.4615', 'longitude': '-168.6337'}, 'timezone': {'offset': '0:00', 'description': 'Western Europe Time, London, Lisbon, Casablanca'}}, 'email': 'ratislav.shcherbak@example.com', 'login': {'uuid': 'bf6bdf7b-9b23-48a6-ad63-4965eccef45c', 'username': 'heavyduck354', 'password': 'strike', 'salt': 'ITjoIOAj', 'md5': '04249caa08c9c4bb58968b025d94518d', 'sha1': 'e018035a97859507d268da8c37a528f4c6003b64', 'sha256': '1f0a13cd45d9fd7fd47497a64c9c49f334021a37e4ca277702f549eb8f393b39'}, 'dob': {'date': '1978-08-25T14:32:29.208Z', 'age': 45}, 'registered': {'date': '2010-02-25T10:45:07.024Z', 'age': 14}, 'phone': '(099) T79-9337', 'cell': '(096) Y71-3564', 'id': {'name': '', 'value': None}, 'picture': {'large': 'https://randomuser.me/api/portraits/men/31.jpg', 'medium': 'https://randomuser.me/api/portraits/med/men/31.jpg', 'thumbnail': 'https://randomuser.me/api/portraits/thumb/men/31.jpg'}, 'nat': 'UA'}], 'info': {'seed': 'b3f1001d7dd049dc', 'results': 1, 'page': 1, 'version': '1.4'}}</msg>
<arg>${json_data}</arg>
<doc>Logs the given message with the given level.</doc>
<status status="PASS" start="2024-07-02T19:13:22.613356" elapsed="0.000200"/>
</kw>
<kw name="Should Be String" owner="String">
<arg>${json_data['results'][0]['gender']}</arg>
<doc>Fails if the given ``item`` is not a string.</doc>
<status status="PASS" start="2024-07-02T19:13:22.613839" elapsed="0.000351"/>
</kw>
<kw name="Should Match Regexp" owner="BuiltIn">
<arg>${json_data['results'][0]['email']}</arg>
<arg>^[a-zA-Z0-9._%+-]+@[a-zA-Z0-9.-]+\.[a-zA-Z]{2,}$</arg>
<doc>Fails if ``string`` does not match ``pattern`` as a regular expression.</doc>
<status status="PASS" start="2024-07-02T19:13:22.614372" elapsed="0.000530"/>
</kw>
<kw name="Should Match Regexp" owner="BuiltIn">
<arg>${json_data['results'][0]['dob']['date']}</arg>
<arg>\\d{4}-\\d{2}-\\d{2}T\\d{2}:\\d{2}:\\d{2}\\.\\d{3}Z</arg>
<doc>Fails if ``string`` does not match ``pattern`` as a regular expression.</doc>
<status status="PASS" start="2024-07-02T19:13:22.615135" elapsed="0.000488"/>
</kw>
<kw name="Should Match Regexp" owner="BuiltIn">
<arg>${json_data['results'][0]['registered']['date']}</arg>
<arg>\\d{4}-\\d{2}-\\d{2}T\\d{2}:\\d{2}:\\d{2}\\.\\d{3}Z</arg>
<doc>Fails if ``string`` does not match ``pattern`` as a regular expression.</doc>
<status status="PASS" start="2024-07-02T19:13:22.615798" elapsed="0.000383"/>
</kw>
<kw name="Should Match Regexp" owner="BuiltIn">
<arg>${json_data['results'][0]['picture']['large']}</arg>
<arg>^https?://.*\.(?:png|jpe?g|gif|bmp)$</arg>
<doc>Fails if ``string`` does not match ``pattern`` as a regular expression.</doc>
<status status="PASS" start="2024-07-02T19:13:22.616352" elapsed="0.000424"/>
</kw>
<kw name="Should Match Regexp" owner="BuiltIn">
<arg>${json_data['results'][0]['picture']['medium']}</arg>
<arg>^https?://.*\.(?:png|jpe?g|gif|bmp)$</arg>
<doc>Fails if ``string`` does not match ``pattern`` as a regular expression.</doc>
<status status="PASS" start="2024-07-02T19:13:22.616947" elapsed="0.000349"/>
</kw>
<kw name="Should Match Regexp" owner="BuiltIn">
<arg>${json_data['results'][0]['picture']['thumbnail']}</arg>
<arg>^https?://.*\.(?:png|jpe?g|gif|bmp)$</arg>
<doc>Fails if ``string`` does not match ``pattern`` as a regular expression.</doc>
<status status="PASS" start="2024-07-02T19:13:22.617462" elapsed="0.000319"/>
</kw>
<kw name="Log" owner="BuiltIn">
<msg time="2024-07-02T19:13:22.618253" level="INFO">{'large': 'https://randomuser.me/api/portraits/men/31.jpg', 'medium': 'https://randomuser.me/api/portraits/med/men/31.jpg', 'thumbnail': 'https://randomuser.me/api/portraits/thumb/men/31.jpg'}</msg>
<arg>${json_data['results'][0]['picture']}</arg>
<doc>Logs the given message with the given level.</doc>
<status status="PASS" start="2024-07-02T19:13:22.617948" elapsed="0.000344"/>
</kw>
<status status="PASS" start="2024-07-02T19:13:22.570755" elapsed="0.047783"/>
</kw>
<kw name="Teste de Tipos de Dados - Postcode" owner="random-user-service">
<kw name="GET On Session" owner="RequestsLibrary">
<msg time="2024-07-02T19:13:22.708917" level="INFO">GET Request : url=https://randomuser.me/api 
 path_url=/api 
 headers={'User-Agent': 'python-requests/2.32.3', 'Accept-Encoding': 'gzip, deflate', 'Accept': '*/*', 'Connection': 'keep-alive'} 
 body=None 
 </msg>
<msg time="2024-07-02T19:13:22.709013" level="INFO">GET Response : url=https://randomuser.me/api 
 status=200, reason=OK 
 headers={'Date': 'Tue, 02 Jul 2024 19:13:22 GMT', 'Content-Type': 'application/json; charset=utf-8', 'Transfer-Encoding': 'chunked', 'Connection': 'keep-alive', 'X-Powered-By': 'Express', 'Access-Control-Allow-Origin': '*', 'Cache-Control': 'no-cache', 'ETag': 'W/"48e-parBiU9tpUJwcRZYgCO2ozRjUbg"', 'Vary': 'Accept-Encoding', 'Content-Encoding': 'gzip', 'CF-Cache-Status': 'DYNAMIC', 'Report-To': '{"endpoints":[{"url":"https:\\/\\/a.nel.cloudflare.com\\/report\\/v4?s=idh6ogg6RhdZ8pacFB08vYEGJraQNqg6VtZf4m3eqqaDGdr6A5gDe%2B2zO17EHyzMoPB4gcPYf4dwzQgp0UJSHQLiI%2FHiVpwbXhFHZtzfO5PdfTwVsWecrEeoFbTXDs79"}],"group":"cf-nel","max_age":604800}', 'NEL': '{"success_fraction":0,"report_to":"cf-nel","max_age":604800}', 'Server': 'cloudflare', 'CF-RAY': '89d0f3e469348299-IAD', 'alt-svc': 'h3=":443"; ma=86400'} 
 body={"results":[{"gender":"female","name":{"title":"Ms","first":"Emma","last":"Mortensen"},"location":{"street":{"number":393,"name":"Kalundborgvej"},"city":"Esbjerg V","state":"Danmark","country":"Denmark","postcode":30692,"coordinates":{"latitude":"-45.7045","longitude":"59.4179"},"timezone":{"offset":"+5:30","description":"Bombay, Calcutta, Madras, New Delhi"}},"email":"emma.mortensen@example.com","login":{"uuid":"48db0630-3872-4c48-8225-ef223c82d0c9","username":"goldentiger991","password":"booker","salt":"HBjUpHak","md5":"89b2742aa871554198538d34bb3d94fb","sha1":"afb540752f3fc2616228091016d267628a2d1e5b","sha256":"f0b6a2d7b2df88a51adf736a7f779a04f3235d5f82e8ba1a0e266418d7e10614"},"dob":{"date":"1953-07-20T11:06:44.796Z","age":70},"registered":{"date":"2005-06-04T10:25:15.066Z","age":19},"phone":"75180753","cell":"63780574","id":{"name":"CPR","value":"200753-5468"},"picture":{"large":"https://randomuser.me/api/portraits/women/23.jpg","medium":"https://randomuser.me/api/portraits/med/women/23.jpg","thumbnail":"https://randomuser.me/api/portraits/thumb/women/23.jpg"},"nat":"DK"}],"info":{"seed":"6e653a631d9aa4a5","results":1,"page":1,"version":"1.4"}} 
 </msg>
<msg time="2024-07-02T19:13:22.709082" level="INFO">/opt/hostedtoolcache/Python/3.12.4/x64/lib/python3.12/site-packages/urllib3/connectionpool.py:1099: InsecureRequestWarning: Unverified HTTPS request is being made to host 'randomuser.me'. Adding certificate verification is strongly advised. See: https://urllib3.readthedocs.io/en/latest/advanced-usage.html#tls-warnings
  warnings.warn(</msg>
<msg time="2024-07-02T19:13:22.709196" level="INFO">${response} = &lt;Response [200]&gt;</msg>
<var>${response}</var>
<arg>consultarAPI</arg>
<arg>/api</arg>
<doc>Sends a GET request on a previously created HTTP Session.</doc>
<status status="PASS" start="2024-07-02T19:13:22.618961" elapsed="0.090268"/>
</kw>
<kw name="Set Variable" owner="BuiltIn">
<msg time="2024-07-02T19:13:22.710211" level="INFO">${json_data} = {'results': [{'gender': 'female', 'name': {'title': 'Ms', 'first': 'Emma', 'last': 'Mortensen'}, 'location': {'street': {'number': 393, 'name': 'Kalundborgvej'}, 'city': 'Esbjerg V', 'state': 'Danmark...</msg>
<var>${json_data}</var>
<arg>${response.json()}</arg>
<doc>Returns the given values which can then be assigned to a variables.</doc>
<status status="PASS" start="2024-07-02T19:13:22.709735" elapsed="0.000501"/>
</kw>
<kw name="Log" owner="BuiltIn">
<msg time="2024-07-02T19:13:22.710667" level="INFO">{'results': [{'gender': 'female', 'name': {'title': 'Ms', 'first': 'Emma', 'last': 'Mortensen'}, 'location': {'street': {'number': 393, 'name': 'Kalundborgvej'}, 'city': 'Esbjerg V', 'state': 'Danmark', 'country': 'Denmark', 'postcode': 30692, 'coordinates': {'latitude': '-45.7045', 'longitude': '59.4179'}, 'timezone': {'offset': '+5:30', 'description': 'Bombay, Calcutta, Madras, New Delhi'}}, 'email': 'emma.mortensen@example.com', 'login': {'uuid': '48db0630-3872-4c48-8225-ef223c82d0c9', 'username': 'goldentiger991', 'password': 'booker', 'salt': 'HBjUpHak', 'md5': '89b2742aa871554198538d34bb3d94fb', 'sha1': 'afb540752f3fc2616228091016d267628a2d1e5b', 'sha256': 'f0b6a2d7b2df88a51adf736a7f779a04f3235d5f82e8ba1a0e266418d7e10614'}, 'dob': {'date': '1953-07-20T11:06:44.796Z', 'age': 70}, 'registered': {'date': '2005-06-04T10:25:15.066Z', 'age': 19}, 'phone': '75180753', 'cell': '63780574', 'id': {'name': 'CPR', 'value': '200753-5468'}, 'picture': {'large': 'https://randomuser.me/api/portraits/women/23.jpg', 'medium': 'https://randomuser.me/api/portraits/med/women/23.jpg', 'thumbnail': 'https://randomuser.me/api/portraits/thumb/women/23.jpg'}, 'nat': 'DK'}], 'info': {'seed': '6e653a631d9aa4a5', 'results': 1, 'page': 1, 'version': '1.4'}}</msg>
<arg>${json_data}</arg>
<doc>Logs the given message with the given level.</doc>
<status status="PASS" start="2024-07-02T19:13:22.710518" elapsed="0.000193"/>
</kw>
<kw name="Should Be Equal As Numbers" owner="BuiltIn">
<arg>${json_data['results'][0]['location']['postcode']}</arg>
<arg>${json_data['results'][0]['location']['postcode']}</arg>
<doc>Fails if objects are unequal after converting them to real numbers.</doc>
<status status="PASS" start="2024-07-02T19:13:22.710977" elapsed="0.000572"/>
</kw>
<kw name="Log" owner="BuiltIn">
<msg time="2024-07-02T19:13:22.712072" level="INFO">30692</msg>
<arg>${json_data['results'][0]['location']['postcode']}</arg>
<doc>Logs the given message with the given level.</doc>
<status status="PASS" start="2024-07-02T19:13:22.711719" elapsed="0.000393"/>
</kw>
<status status="PASS" start="2024-07-02T19:13:22.618748" elapsed="0.093634"/>
</kw>
<doc>Testa se os tipos de dados na resposta da API estão corretos.</doc>
<tag>testeTiposDados</tag>
<status status="PASS" start="2024-07-02T19:13:22.570160" elapsed="0.142384"/>
</test>
<test id="s1-s1-t5" name="Validar conteudo" line="35">
<kw name="Teste de Tipos de Conteudo" owner="random-user-service">
<kw name="GET On Session" owner="RequestsLibrary">
<msg time="2024-07-02T19:13:22.812546" level="INFO">GET Request : url=https://randomuser.me/api 
 path_url=/api 
 headers={'User-Agent': 'python-requests/2.32.3', 'Accept-Encoding': 'gzip, deflate', 'Accept': '*/*', 'Connection': 'keep-alive'} 
 body=None 
 </msg>
<msg time="2024-07-02T19:13:22.812656" level="INFO">GET Response : url=https://randomuser.me/api 
 status=200, reason=OK 
 headers={'Date': 'Tue, 02 Jul 2024 19:13:22 GMT', 'Content-Type': 'application/json; charset=utf-8', 'Transfer-Encoding': 'chunked', 'Connection': 'keep-alive', 'X-Powered-By': 'Express', 'Access-Control-Allow-Origin': '*', 'Cache-Control': 'no-cache', 'ETag': 'W/"479-0y5tuzZLOL/qa+hG+ut89qQfxX8"', 'Vary': 'Accept-Encoding', 'Content-Encoding': 'gzip', 'CF-Cache-Status': 'DYNAMIC', 'Report-To': '{"endpoints":[{"url":"https:\\/\\/a.nel.cloudflare.com\\/report\\/v4?s=7VBMZAe55hLn0qJe%2BB8t9ap%2FKfg0JGFxLMjMOFMMqvuMIc0gEQ95DLssxXYSsWCDPYhMif7bB1gWGYECQRUy371mtrOuWVHJZs%2FE7mUNgDYitQhKl7Zk7xCO4ZRV0Alg"}],"group":"cf-nel","max_age":604800}', 'NEL': '{"success_fraction":0,"report_to":"cf-nel","max_age":604800}', 'Server': 'cloudflare', 'CF-RAY': '89d0f3e4f9fa8299-IAD', 'alt-svc': 'h3=":443"; ma=86400'} 
 body={"results":[{"gender":"male","name":{"title":"Mr","first":"Mylan","last":"Marie"},"location":{"street":{"number":3611,"name":"Rue Denfert-Rochereau"},"city":"Nancy","state":"Jura","country":"France","postcode":61352,"coordinates":{"latitude":"-17.6829","longitude":"-70.7482"},"timezone":{"offset":"-10:00","description":"Hawaii"}},"email":"mylan.marie@example.com","login":{"uuid":"b915a889-8298-4edb-9819-e0d4a3f082e2","username":"bigmeercat923","password":"kangaroo","salt":"GhKG4YSL","md5":"b7b2d3401fe4dbaf9b9af91b359569a3","sha1":"be7c0f3476e34fd3f2e9235f62c351417521107d","sha256":"28e8335dc12903372340f6f664b84f4fded700610236eb993ef318b62ae452b9"},"dob":{"date":"1945-12-19T04:36:00.023Z","age":78},"registered":{"date":"2019-02-11T04:03:19.478Z","age":5},"phone":"04-29-05-18-15","cell":"06-28-48-14-80","id":{"name":"INSEE","value":"1451134722780 74"},"picture":{"large":"https://randomuser.me/api/portraits/men/26.jpg","medium":"https://randomuser.me/api/portraits/med/men/26.jpg","thumbnail":"https://randomuser.me/api/portraits/thumb/men/26.jpg"},"nat":"FR"}],"info":{"seed":"4c09fea9235d3a0d","results":1,"page":1,"version":"1.4"}} 
 </msg>
<msg time="2024-07-02T19:13:22.812756" level="INFO">/opt/hostedtoolcache/Python/3.12.4/x64/lib/python3.12/site-packages/urllib3/connectionpool.py:1099: InsecureRequestWarning: Unverified HTTPS request is being made to host 'randomuser.me'. Adding certificate verification is strongly advised. See: https://urllib3.readthedocs.io/en/latest/advanced-usage.html#tls-warnings
  warnings.warn(</msg>
<msg time="2024-07-02T19:13:22.812887" level="INFO">${response} = &lt;Response [200]&gt;</msg>
<var>${response}</var>
<arg>consultarAPI</arg>
<arg>/api</arg>
<doc>Sends a GET request on a previously created HTTP Session.</doc>
<status status="PASS" start="2024-07-02T19:13:22.715329" elapsed="0.097591"/>
</kw>
<kw name="Set Variable" owner="BuiltIn">
<msg time="2024-07-02T19:13:22.813965" level="INFO">${json_data} = {'results': [{'gender': 'male', 'name': {'title': 'Mr', 'first': 'Mylan', 'last': 'Marie'}, 'location': {'street': {'number': 3611, 'name': 'Rue Denfert-Rochereau'}, 'city': 'Nancy', 'state': 'Jura', ...</msg>
<var>${json_data}</var>
<arg>${response.json()}</arg>
<doc>Returns the given values which can then be assigned to a variables.</doc>
<status status="PASS" start="2024-07-02T19:13:22.813456" elapsed="0.000537"/>
</kw>
<kw name="Set Variable" owner="BuiltIn">
<msg time="2024-07-02T19:13:22.814671" level="INFO">${name_title} = Mr</msg>
<var>${name_title}</var>
<arg>${json_data["results"][0]["name"]["title"]}</arg>
<doc>Returns the given values which can then be assigned to a variables.</doc>
<status status="PASS" start="2024-07-02T19:13:22.814295" elapsed="0.000401"/>
</kw>
<kw name="Create List" owner="BuiltIn">
<msg time="2024-07-02T19:13:22.815132" level="INFO">${allowed_titles} = ['Mr', 'Ms', 'Miss', 'Mrs', 'Madame', 'Monsieur']</msg>
<var>${allowed_titles}</var>
<arg>Mr</arg>
<arg>Ms</arg>
<arg>Miss</arg>
<arg>Mrs</arg>
<arg>Madame</arg>
<arg>Monsieur</arg>
<doc>Returns a list containing given items.</doc>
<status status="PASS" start="2024-07-02T19:13:22.814986" elapsed="0.000170"/>
</kw>
<kw name="List Should Contain Value" owner="Collections">
<arg>${allowed_titles}</arg>
<arg>${name_title}</arg>
<doc>Fails if the ``value`` is not found from ``list``.</doc>
<status status="PASS" start="2024-07-02T19:13:22.815448" elapsed="0.000183"/>
</kw>
<kw name="Set Variable" owner="BuiltIn">
<msg time="2024-07-02T19:13:22.816200" level="INFO">${name_country} = FR</msg>
<var>${name_country}</var>
<arg>${json_data["results"][0]["nat"]}</arg>
<doc>Returns the given values which can then be assigned to a variables.</doc>
<status status="PASS" start="2024-07-02T19:13:22.815804" elapsed="0.000420"/>
</kw>
<kw name="Create List" owner="BuiltIn">
<msg time="2024-07-02T19:13:22.817118" level="INFO">${list_country} = ['AD', 'AE', 'AF', 'AG', 'AI', 'AL', 'AM', 'AO', 'AQ', 'AR', 'AS', 'AT', 'AU', 'AW', 'AX', 'AZ', 'BA', 'BB', 'BD', 'BE', 'BF', 'BG', 'BH', 'BI', 'BJ', 'BL', 'BM', 'BN', 'BO', 'BQ', 'BR', 'BS', 'BT', '...</msg>
<var>${list_country}</var>
<arg>AD</arg>
<arg>AE</arg>
<arg>AF</arg>
<arg>AG</arg>
<arg>AI</arg>
<arg>AL</arg>
<arg>AM</arg>
<arg>AO</arg>
<arg>AQ</arg>
<arg>AR</arg>
<arg>AS</arg>
<arg>AT</arg>
<arg>AU</arg>
<arg>AW</arg>
<arg>AX</arg>
<arg>AZ</arg>
<arg>BA</arg>
<arg>BB</arg>
<arg>BD</arg>
<arg>BE</arg>
<arg>BF</arg>
<arg>BG</arg>
<arg>BH</arg>
<arg>BI</arg>
<arg>BJ</arg>
<arg>BL</arg>
<arg>BM</arg>
<arg>BN</arg>
<arg>BO</arg>
<arg>BQ</arg>
<arg>BR</arg>
<arg>BS</arg>
<arg>BT</arg>
<arg>BV</arg>
<arg>BW</arg>
<arg>BY</arg>
<arg>BZ</arg>
<arg>CA</arg>
<arg>CC</arg>
<arg>CD</arg>
<arg>CF</arg>
<arg>CG</arg>
<arg>CH</arg>
<arg>CI</arg>
<arg>CK</arg>
<arg>CL</arg>
<arg>CM</arg>
<arg>CN</arg>
<arg>CO</arg>
<arg>CR</arg>
<arg>CU</arg>
<arg>CV</arg>
<arg>CW</arg>
<arg>CX</arg>
<arg>CY</arg>
<arg>CZ</arg>
<arg>DE</arg>
<arg>DJ</arg>
<arg>DK</arg>
<arg>DM</arg>
<arg>DO</arg>
<arg>DZ</arg>
<arg>EC</arg>
<arg>EE</arg>
<arg>EG</arg>
<arg>EH</arg>
<arg>ER</arg>
<arg>ES</arg>
<arg>ET</arg>
<arg>FI</arg>
<arg>FJ</arg>
<arg>FK</arg>
<arg>FM</arg>
<arg>FO</arg>
<arg>FR</arg>
<arg>GA</arg>
<arg>GB</arg>
<arg>GD</arg>
<arg>GE</arg>
<arg>GF</arg>
<arg>GG</arg>
<arg>GH</arg>
<arg>GI</arg>
<arg>GL</arg>
<arg>GM</arg>
<arg>GN</arg>
<arg>GP</arg>
<arg>GQ</arg>
<arg>GR</arg>
<arg>GS</arg>
<arg>GT</arg>
<arg>GU</arg>
<arg>GW</arg>
<arg>GY</arg>
<arg>HK</arg>
<arg>HM</arg>
<arg>HN</arg>
<arg>HR</arg>
<arg>HT</arg>
<arg>HU</arg>
<arg>ID</arg>
<arg>IE</arg>
<arg>IL</arg>
<arg>IM</arg>
<arg>IN</arg>
<arg>IO</arg>
<arg>IQ</arg>
<arg>IR</arg>
<arg>IS</arg>
<arg>IT</arg>
<arg>JE</arg>
<arg>JM</arg>
<arg>JO</arg>
<arg>JP</arg>
<arg>KE</arg>
<arg>KG</arg>
<arg>KH</arg>
<arg>KI</arg>
<arg>KM</arg>
<arg>KN</arg>
<arg>KP</arg>
<arg>KR</arg>
<arg>KW</arg>
<arg>KY</arg>
<arg>KZ</arg>
<arg>LA</arg>
<arg>LB</arg>
<arg>LC</arg>
<arg>LI</arg>
<arg>LK</arg>
<arg>LR</arg>
<arg>LS</arg>
<arg>LT</arg>
<arg>LU</arg>
<arg>LV</arg>
<arg>LY</arg>
<arg>MA</arg>
<arg>MC</arg>
<arg>MD</arg>
<arg>ME</arg>
<arg>MF</arg>
<arg>MG</arg>
<arg>MH</arg>
<arg>MK</arg>
<arg>ML</arg>
<arg>MM</arg>
<arg>MN</arg>
<arg>MO</arg>
<arg>MP</arg>
<arg>MQ</arg>
<arg>MR</arg>
<arg>MS</arg>
<arg>MT</arg>
<arg>MU</arg>
<arg>MV</arg>
<arg>MW</arg>
<arg>MX</arg>
<arg>MY</arg>
<arg>MZ</arg>
<arg>NA</arg>
<arg>NC</arg>
<arg>NE</arg>
<arg>NF</arg>
<arg>NG</arg>
<arg>NI</arg>
<arg>NL</arg>
<arg>NO</arg>
<arg>NP</arg>
<arg>NR</arg>
<arg>NU</arg>
<arg>NZ</arg>
<arg>OM</arg>
<arg>PA</arg>
<arg>PE</arg>
<arg>PF</arg>
<arg>PG</arg>
<arg>PH</arg>
<arg>PK</arg>
<arg>PL</arg>
<arg>PM</arg>
<arg>PN</arg>
<arg>PR</arg>
<arg>PS</arg>
<arg>PT</arg>
<arg>PW</arg>
<arg>PY</arg>
<arg>QA</arg>
<arg>RE</arg>
<arg>RO</arg>
<arg>RS</arg>
<arg>RU</arg>
<arg>RW</arg>
<arg>SA</arg>
<arg>SB</arg>
<arg>SC</arg>
<arg>SD</arg>
<arg>SE</arg>
<arg>SG</arg>
<arg>SH</arg>
<arg>SI</arg>
<arg>SJ</arg>
<arg>SK</arg>
<arg>SL</arg>
<arg>SM</arg>
<arg>SN</arg>
<arg>SO</arg>
<arg>SR</arg>
<arg>SS</arg>
<arg>ST</arg>
<arg>SV</arg>
<arg>SX</arg>
<arg>SY</arg>
<arg>SZ</arg>
<arg>TC</arg>
<arg>TD</arg>
<arg>TF</arg>
<arg>TG</arg>
<arg>TH</arg>
<arg>TJ</arg>
<arg>TK</arg>
<arg>TL</arg>
<arg>TM</arg>
<arg>TN</arg>
<arg>TO</arg>
<arg>TR</arg>
<arg>TT</arg>
<arg>TV</arg>
<arg>TW</arg>
<arg>TZ</arg>
<arg>UA</arg>
<arg>UG</arg>
<arg>UM</arg>
<arg>US</arg>
<arg>UY</arg>
<arg>UZ</arg>
<arg>VA</arg>
<arg>VC</arg>
<arg>VE</arg>
<arg>VG</arg>
<arg>VI</arg>
<arg>VN</arg>
<arg>VU</arg>
<arg>WF</arg>
<arg>WS</arg>
<arg>XK</arg>
<arg>YE</arg>
<arg>YT</arg>
<arg>ZA</arg>
<arg>ZM</arg>
<arg>ZW</arg>
<doc>Returns a list containing given items.</doc>
<status status="PASS" start="2024-07-02T19:13:22.816509" elapsed="0.000635"/>
</kw>
<kw name="List Should Contain Value" owner="Collections">
<arg>${list_country}</arg>
<arg>${name_country}</arg>
<doc>Fails if the ``value`` is not found from ``list``.</doc>
<status status="PASS" start="2024-07-02T19:13:22.817938" elapsed="0.000198"/>
</kw>
<kw name="Run Keyword If" owner="BuiltIn">
<kw name="Should Be True" owner="BuiltIn">
<arg>${True}</arg>
<doc>Fails if the given condition is not true.</doc>
<status status="PASS" start="2024-07-02T19:13:22.819062" elapsed="0.000139"/>
</kw>
<arg>${json_data["results"][0]["location"]["coordinates"]["latitude"]} &gt;= -90 and ${json_data["results"][0]["location"]["coordinates"]["latitude"]} &lt;= 90</arg>
<arg>Should Be True</arg>
<arg>${True}</arg>
<doc>Runs the given keyword with the given arguments, if ``condition`` is true.</doc>
<status status="PASS" start="2024-07-02T19:13:22.818328" elapsed="0.000995"/>
</kw>
<kw name="Run Keyword If" owner="BuiltIn">
<kw name="Should Be True" owner="BuiltIn">
<arg>${True}</arg>
<doc>Fails if the given condition is not true.</doc>
<status status="PASS" start="2024-07-02T19:13:22.820215" elapsed="0.000135"/>
</kw>
<arg>${json_data["results"][0]["location"]["coordinates"]["longitude"]} &gt;= -180 and ${json_data["results"][0]["location"]["coordinates"]["longitude"]} &lt;= 180</arg>
<arg>Should Be True</arg>
<arg>${True}</arg>
<doc>Runs the given keyword with the given arguments, if ``condition`` is true.</doc>
<status status="PASS" start="2024-07-02T19:13:22.819501" elapsed="0.000968"/>
</kw>
<status status="PASS" start="2024-07-02T19:13:22.714736" elapsed="0.105863"/>
</kw>
<doc>Testa o conteúdo específico dos campos retornados pela API.</doc>
<tag>testeConteudo</tag>
<status status="PASS" start="2024-07-02T19:13:22.714151" elapsed="0.106599"/>
</test>
<status status="PASS" start="2024-07-02T19:13:21.653693" elapsed="1.168976"/>
</suite>
<status status="PASS" start="2024-07-02T19:13:21.638005" elapsed="1.189757"/>
</suite>
<statistics>
<total>
<stat pass="5" fail="0" skip="0">All Tests</stat>
</total>
<tag>
<stat pass="1" fail="0" skip="0">testeConteudo</stat>
<stat pass="1" fail="0" skip="0">testeEstruturaResposta</stat>
<stat pass="1" fail="0" skip="0">testeRequisicaoBasica</stat>
<stat pass="1" fail="0" skip="0">testeTiposDados</stat>
</tag>
<suite>
<stat pass="5" fail="0" skip="0" id="s1" name="Tests">Tests</stat>
<stat pass="5" fail="0" skip="0" id="s1-s1" name="Random-User-Test">Tests.Random-User-Test</stat>
</suite>
</statistics>
<errors>
</errors>
</robot>
