<?xml version="1.0" encoding="UTF-8"?>
<robot generator="Robot 7.0 (Python 3.12.2 on linux)" generated="2024-04-16T01:54:31.609352" rpa="false" schemaversion="5">
<suite id="s1" name="Tests" source="/home/runner/work/DesafioQAItauRogerioJordao/DesafioQAItauRogerioJordao/RamdonUser/tests">
<suite id="s1-s1" name="Random-User-Test" source="/home/runner/work/DesafioQAItauRogerioJordao/DesafioQAItauRogerioJordao/RamdonUser/tests/random-user-test.robot">
<test id="s1-s1-t1" name="Conectar" line="13">
<kw name="Conectar API" owner="random-user-service">
<kw name="Create Session" owner="RequestsLibrary">
<msg time="2024-04-16T01:54:32.010764" level="INFO">Creating Session using : alias=consultarAPI, url=https://randomuser.me/, headers={},                     cookies={}, auth=None, timeout=None, proxies=None, verify=False,                     debug=0 </msg>
<arg>consultarAPI</arg>
<arg>${URL}</arg>
<doc>Create Session: create a HTTP session to a server</doc>
<status status="PASS" start="2024-04-16T01:54:32.010559" elapsed="0.000397"/>
</kw>
<status status="PASS" start="2024-04-16T01:54:32.009512" elapsed="0.001842"/>
</kw>
<status status="PASS" start="2024-04-16T01:54:32.008877" elapsed="0.002728"/>
</test>
<test id="s1-s1-t2" name="Validar retorno 200 e JSON Válido" line="16">
<kw name="Teste de Requisicao Basica" owner="random-user-service">
<kw name="GET On Session" owner="RequestsLibrary">
<msg time="2024-04-16T01:54:32.162842" level="INFO">GET Request : url=https://randomuser.me/api 
 path_url=/api 
 headers={'User-Agent': 'python-requests/2.31.0', 'Accept-Encoding': 'gzip, deflate', 'Accept': '*/*', 'Connection': 'keep-alive'} 
 body=None 
 </msg>
<msg time="2024-04-16T01:54:32.162996" level="INFO">GET Response : url=https://randomuser.me/api 
 status=200, reason=OK 
 headers={'Date': 'Tue, 16 Apr 2024 01:54:32 GMT', 'Content-Type': 'application/json; charset=utf-8', 'Transfer-Encoding': 'chunked', 'Connection': 'keep-alive', 'X-Powered-By': 'Express', 'Access-Control-Allow-Origin': '*', 'Cache-Control': 'no-cache', 'ETag': 'W/"48b-y7lKxbEPiX+E6oEpN9ECZu5LHJU"', 'Vary': 'Accept-Encoding', 'Content-Encoding': 'gzip', 'CF-Cache-Status': 'DYNAMIC', 'Report-To': '{"endpoints":[{"url":"https:\\/\\/a.nel.cloudflare.com\\/report\\/v4?s=nTyYHF%2Fw9W4iR8A7t%2F30g5TOSH8wn5OykTLHumBlc9xq1f863Mc%2FEpaXZsyX70XDrmy%2FCKLFonY%2F3Y5ij0RbBS%2Bs2L3oZexvjKwmRwqMPUbjI5TaE9i1gyi6NAHOCEMf"}],"group":"cf-nel","max_age":604800}', 'NEL': '{"success_fraction":0,"report_to":"cf-nel","max_age":604800}', 'Server': 'cloudflare', 'CF-RAY': '87508c4668437bda-LAX', 'alt-svc': 'h3=":443"; ma=86400'} 
 body={"results":[{"gender":"male","name":{"title":"Mr","first":"George","last":"Wheeler"},"location":{"street":{"number":80,"name":"Karen Dr"},"city":"Arvada","state":"Hawaii","country":"United States","postcode":86995,"coordinates":{"latitude":"89.2303","longitude":"-40.5657"},"timezone":{"offset":"+1:00","description":"Brussels, Copenhagen, Madrid, Paris"}},"email":"george.wheeler@example.com","login":{"uuid":"6f70603d-cd68-4c61-a42b-01271cda4ebd","username":"bluepanda134","password":"diego","salt":"W2xFXAex","md5":"2e6643c32f564114855f89110e504d46","sha1":"f1bbd1ea4e5123a6a620abffc87bd0008b04bea1","sha256":"e8c4e31e49ea5c4ecac3505d8c41936b02672772045ed661fd05584b0d4562b2"},"dob":{"date":"1949-12-04T12:18:49.044Z","age":74},"registered":{"date":"2005-07-28T20:15:38.491Z","age":18},"phone":"(278) 729-7814","cell":"(411) 378-2410","id":{"name":"SSN","value":"354-23-7897"},"picture":{"large":"https://randomuser.me/api/portraits/men/44.jpg","medium":"https://randomuser.me/api/portraits/med/men/44.jpg","thumbnail":"https://randomuser.me/api/portraits/thumb/men/44.jpg"},"nat":"US"}],"info":{"seed":"c5391fbc7dd5b9ad","results":1,"page":1,"version":"1.4"}} 
 </msg>
<msg time="2024-04-16T01:54:32.163076" level="INFO">/opt/hostedtoolcache/Python/3.12.2/x64/lib/python3.12/site-packages/urllib3/connectionpool.py:1103: InsecureRequestWarning: Unverified HTTPS request is being made to host 'randomuser.me'. Adding certificate verification is strongly advised. See: https://urllib3.readthedocs.io/en/latest/advanced-usage.html#tls-warnings
  warnings.warn(</msg>
<msg time="2024-04-16T01:54:32.163256" level="INFO">${response} = &lt;Response [200]&gt;</msg>
<var>${response}</var>
<arg>consultarAPI</arg>
<arg>/api</arg>
<doc>Sends a GET request on a previously created HTTP Session.</doc>
<status status="PASS" start="2024-04-16T01:54:32.014304" elapsed="0.148994"/>
</kw>
<kw name="Should Be Equal As Numbers" owner="BuiltIn">
<msg time="2024-04-16T01:54:32.164425" level="INFO">Argument types are:
&lt;class 'int'&gt;
&lt;class 'str'&gt;</msg>
<arg>${response.status_code}</arg>
<arg>200</arg>
<doc>Fails if objects are unequal after converting them to real numbers.</doc>
<status status="PASS" start="2024-04-16T01:54:32.163948" elapsed="0.000543"/>
</kw>
<kw name="Log" owner="BuiltIn">
<msg time="2024-04-16T01:54:32.165189" level="INFO">200</msg>
<arg>${response.status_code}</arg>
<doc>Logs the given message with the given level.</doc>
<status status="PASS" start="2024-04-16T01:54:32.164824" elapsed="0.000408"/>
</kw>
<kw name="Set Variable" owner="BuiltIn">
<msg time="2024-04-16T01:54:32.166015" level="INFO">${json_data} = {'results': [{'gender': 'male', 'name': {'title': 'Mr', 'first': 'George', 'last': 'Wheeler'}, 'location': {'street': {'number': 80, 'name': 'Karen Dr'}, 'city': 'Arvada', 'state': 'Hawaii', 'country'...</msg>
<var>${json_data}</var>
<arg>${response.json()}</arg>
<doc>Returns the given values which can then be assigned to a variables.</doc>
<status status="PASS" start="2024-04-16T01:54:32.165574" elapsed="0.000470"/>
</kw>
<kw name="Dictionary Should Contain Key" owner="Collections">
<msg time="2024-04-16T01:54:32.166520" level="INFO">False</msg>
<arg>${json_data}</arg>
<arg>results</arg>
<doc>Fails if ``key`` is not found from ``dictionary``.</doc>
<status status="PASS" start="2024-04-16T01:54:32.166353" elapsed="0.000212"/>
</kw>
<status status="PASS" start="2024-04-16T01:54:32.014051" elapsed="0.152778"/>
</kw>
<doc>Testa se a API responde corretamente e retorna um objeto JSON válido.</doc>
<tag>testeRequisicaoBasica</tag>
<status status="PASS" start="2024-04-16T01:54:32.013478" elapsed="0.153539"/>
</test>
<test id="s1-s1-t3" name="Validar estrutura de resposta" line="22">
<kw name="Teste de Estrutura de Resposta" owner="random-user-service">
<kw name="GET On Session" owner="RequestsLibrary">
<msg time="2024-04-16T01:54:32.265647" level="INFO">GET Request : url=https://randomuser.me/api 
 path_url=/api 
 headers={'User-Agent': 'python-requests/2.31.0', 'Accept-Encoding': 'gzip, deflate', 'Accept': '*/*', 'Connection': 'keep-alive'} 
 body=None 
 </msg>
<msg time="2024-04-16T01:54:32.265756" level="INFO">GET Response : url=https://randomuser.me/api 
 status=200, reason=OK 
 headers={'Date': 'Tue, 16 Apr 2024 01:54:32 GMT', 'Content-Type': 'application/json; charset=utf-8', 'Transfer-Encoding': 'chunked', 'Connection': 'keep-alive', 'X-Powered-By': 'Express', 'Access-Control-Allow-Origin': '*', 'Cache-Control': 'no-cache', 'ETag': 'W/"4aa-YO0iqKjcpfLytid5pY7VxTNgsT8"', 'Vary': 'Accept-Encoding', 'Content-Encoding': 'gzip', 'CF-Cache-Status': 'DYNAMIC', 'Report-To': '{"endpoints":[{"url":"https:\\/\\/a.nel.cloudflare.com\\/report\\/v4?s=IN5lXXzWvdS%2FiU9SWA0a5HMt5aGDPcmxsUhhGfs1uIHK8DnUSmliqxe99Od%2Fa4IPm2qwGJMif6vfYqJprGHwNF4ogi9mPImuT8108Zh6NI1l5T0VtnzUuJywNivKKEZF"}],"group":"cf-nel","max_age":604800}', 'NEL': '{"success_fraction":0,"report_to":"cf-nel","max_age":604800}', 'Server': 'cloudflare', 'CF-RAY': '87508c4719697bda-LAX', 'alt-svc': 'h3=":443"; ma=86400'} 
 body={"results":[{"gender":"female","name":{"title":"Mrs","first":"Regina","last":"Gregory"},"location":{"street":{"number":812,"name":"Hickory Creek Dr"},"city":"Launceston","state":"New South Wales","country":"Australia","postcode":9673,"coordinates":{"latitude":"-87.3878","longitude":"148.8423"},"timezone":{"offset":"+10:00","description":"Eastern Australia, Guam, Vladivostok"}},"email":"regina.gregory@example.com","login":{"uuid":"c56f1583-1eb6-4a93-a520-f55668bb29a0","username":"beautifulzebra432","password":"blackjac","salt":"5SAMLlOv","md5":"fb3dc981f32e0108da871edeed7ffeb1","sha1":"62c8d97cb34a4470d5138313b3e9368b7f04f53a","sha256":"2148307c889ea13ee327f0a95896e81995114bd01501cfbb873ce30b6d5f4f60"},"dob":{"date":"1964-01-28T23:46:46.986Z","age":60},"registered":{"date":"2010-05-08T22:11:45.373Z","age":13},"phone":"05-7716-6051","cell":"0452-669-861","id":{"name":"TFN","value":"002293560"},"picture":{"large":"https://randomuser.me/api/portraits/women/41.jpg","medium":"https://randomuser.me/api/portraits/med/women/41.jpg","thumbnail":"https://randomuser.me/api/portraits/thumb/women/41.jpg"},"nat":"AU"}],"info":{"seed":"f3f90ab420e62e75","results":1,"page":1,"version":"1.4"}} 
 </msg>
<msg time="2024-04-16T01:54:32.265914" level="INFO">/opt/hostedtoolcache/Python/3.12.2/x64/lib/python3.12/site-packages/urllib3/connectionpool.py:1103: InsecureRequestWarning: Unverified HTTPS request is being made to host 'randomuser.me'. Adding certificate verification is strongly advised. See: https://urllib3.readthedocs.io/en/latest/advanced-usage.html#tls-warnings
  warnings.warn(</msg>
<msg time="2024-04-16T01:54:32.266042" level="INFO">${response} = &lt;Response [200]&gt;</msg>
<var>${response}</var>
<arg>consultarAPI</arg>
<arg>/api</arg>
<doc>Sends a GET request on a previously created HTTP Session.</doc>
<status status="PASS" start="2024-04-16T01:54:32.169923" elapsed="0.096160"/>
</kw>
<kw name="Set Variable" owner="BuiltIn">
<msg time="2024-04-16T01:54:32.267277" level="INFO">${json_data} = {'results': [{'gender': 'female', 'name': {'title': 'Mrs', 'first': 'Regina', 'last': 'Gregory'}, 'location': {'street': {'number': 812, 'name': 'Hickory Creek Dr'}, 'city': 'Launceston', 'state': 'Ne...</msg>
<var>${json_data}</var>
<arg>${response.json()}</arg>
<doc>Returns the given values which can then be assigned to a variables.</doc>
<status status="PASS" start="2024-04-16T01:54:32.266689" elapsed="0.000622"/>
</kw>
<kw name="Log" owner="BuiltIn">
<msg time="2024-04-16T01:54:32.267782" level="INFO">{'results': [{'gender': 'female', 'name': {'title': 'Mrs', 'first': 'Regina', 'last': 'Gregory'}, 'location': {'street': {'number': 812, 'name': 'Hickory Creek Dr'}, 'city': 'Launceston', 'state': 'New South Wales', 'country': 'Australia', 'postcode': 9673, 'coordinates': {'latitude': '-87.3878', 'longitude': '148.8423'}, 'timezone': {'offset': '+10:00', 'description': 'Eastern Australia, Guam, Vladivostok'}}, 'email': 'regina.gregory@example.com', 'login': {'uuid': 'c56f1583-1eb6-4a93-a520-f55668bb29a0', 'username': 'beautifulzebra432', 'password': 'blackjac', 'salt': '5SAMLlOv', 'md5': 'fb3dc981f32e0108da871edeed7ffeb1', 'sha1': '62c8d97cb34a4470d5138313b3e9368b7f04f53a', 'sha256': '2148307c889ea13ee327f0a95896e81995114bd01501cfbb873ce30b6d5f4f60'}, 'dob': {'date': '1964-01-28T23:46:46.986Z', 'age': 60}, 'registered': {'date': '2010-05-08T22:11:45.373Z', 'age': 13}, 'phone': '05-7716-6051', 'cell': '0452-669-861', 'id': {'name': 'TFN', 'value': '002293560'}, 'picture': {'large': 'https://randomuser.me/api/portraits/women/41.jpg', 'medium': 'https://randomuser.me/api/portraits/med/women/41.jpg', 'thumbnail': 'https://randomuser.me/api/portraits/thumb/women/41.jpg'}, 'nat': 'AU'}], 'info': {'seed': 'f3f90ab420e62e75', 'results': 1, 'page': 1, 'version': '1.4'}}</msg>
<arg>${json_data}</arg>
<doc>Logs the given message with the given level.</doc>
<status status="PASS" start="2024-04-16T01:54:32.267624" elapsed="0.000206"/>
</kw>
<kw name="Dictionary Should Contain Key" owner="Collections">
<msg time="2024-04-16T01:54:32.268282" level="INFO">False</msg>
<arg>${json_data}</arg>
<arg>results</arg>
<doc>Fails if ``key`` is not found from ``dictionary``.</doc>
<status status="PASS" start="2024-04-16T01:54:32.268125" elapsed="0.000195"/>
</kw>
<kw name="Should Not Be Empty" owner="BuiltIn">
<msg time="2024-04-16T01:54:32.268740" level="INFO">Length is 2.</msg>
<arg>${json_data}</arg>
<doc>Verifies that the given item is not empty.</doc>
<status status="PASS" start="2024-04-16T01:54:32.268609" elapsed="0.000170"/>
</kw>
<kw name="Create List" owner="BuiltIn">
<msg time="2024-04-16T01:54:32.269215" level="INFO">${expected_keys} = ['gender', 'name', 'location', 'email', 'login']</msg>
<var>${expected_keys}</var>
<arg>gender</arg>
<arg>name</arg>
<arg>location</arg>
<arg>email</arg>
<arg>login</arg>
<doc>Returns a list containing given items.</doc>
<status status="PASS" start="2024-04-16T01:54:32.269065" elapsed="0.000174"/>
</kw>
<for flavor="IN">
<iter>
<kw name="Dictionary Should Contain Key" owner="Collections">
<msg time="2024-04-16T01:54:32.270231" level="INFO">False</msg>
<arg>${json_data['results'][0]}</arg>
<arg>${key}</arg>
<doc>Fails if ``key`` is not found from ``dictionary``.</doc>
<status status="PASS" start="2024-04-16T01:54:32.269819" elapsed="0.000450"/>
</kw>
<kw name="Log" owner="BuiltIn">
<msg time="2024-04-16T01:54:32.270934" level="INFO">{'gender': 'female', 'name': {'title': 'Mrs', 'first': 'Regina', 'last': 'Gregory'}, 'location': {'street': {'number': 812, 'name': 'Hickory Creek Dr'}, 'city': 'Launceston', 'state': 'New South Wales', 'country': 'Australia', 'postcode': 9673, 'coordinates': {'latitude': '-87.3878', 'longitude': '148.8423'}, 'timezone': {'offset': '+10:00', 'description': 'Eastern Australia, Guam, Vladivostok'}}, 'email': 'regina.gregory@example.com', 'login': {'uuid': 'c56f1583-1eb6-4a93-a520-f55668bb29a0', 'username': 'beautifulzebra432', 'password': 'blackjac', 'salt': '5SAMLlOv', 'md5': 'fb3dc981f32e0108da871edeed7ffeb1', 'sha1': '62c8d97cb34a4470d5138313b3e9368b7f04f53a', 'sha256': '2148307c889ea13ee327f0a95896e81995114bd01501cfbb873ce30b6d5f4f60'}, 'dob': {'date': '1964-01-28T23:46:46.986Z', 'age': 60}, 'registered': {'date': '2010-05-08T22:11:45.373Z', 'age': 13}, 'phone': '05-7716-6051', 'cell': '0452-669-861', 'id': {'name': 'TFN', 'value': '002293560'}, 'picture': {'large': 'https://randomuser.me/api/portraits/women/41.jpg', 'medium': 'https://randomuser.me/api/portraits/med/women/41.jpg', 'thumbnail': 'https://randomuser.me/api/portraits/thumb/women/41.jpg'}, 'nat': 'AU'}</msg>
<arg>${json_data['results'][0]}</arg>
<doc>Logs the given message with the given level.</doc>
<status status="PASS" start="2024-04-16T01:54:32.270570" elapsed="0.000412"/>
</kw>
<kw name="Log" owner="BuiltIn">
<msg time="2024-04-16T01:54:32.271440" level="INFO">gender</msg>
<arg>${key}</arg>
<doc>Logs the given message with the given level.</doc>
<status status="PASS" start="2024-04-16T01:54:32.271308" elapsed="0.000170"/>
</kw>
<var name="${key}">gender</var>
<status status="PASS" start="2024-04-16T01:54:32.269694" elapsed="0.002009"/>
</iter>
<iter>
<kw name="Dictionary Should Contain Key" owner="Collections">
<msg time="2024-04-16T01:54:32.272392" level="INFO">False</msg>
<arg>${json_data['results'][0]}</arg>
<arg>${key}</arg>
<doc>Fails if ``key`` is not found from ``dictionary``.</doc>
<status status="PASS" start="2024-04-16T01:54:32.272008" elapsed="0.000422"/>
</kw>
<kw name="Log" owner="BuiltIn">
<msg time="2024-04-16T01:54:32.273146" level="INFO">{'gender': 'female', 'name': {'title': 'Mrs', 'first': 'Regina', 'last': 'Gregory'}, 'location': {'street': {'number': 812, 'name': 'Hickory Creek Dr'}, 'city': 'Launceston', 'state': 'New South Wales', 'country': 'Australia', 'postcode': 9673, 'coordinates': {'latitude': '-87.3878', 'longitude': '148.8423'}, 'timezone': {'offset': '+10:00', 'description': 'Eastern Australia, Guam, Vladivostok'}}, 'email': 'regina.gregory@example.com', 'login': {'uuid': 'c56f1583-1eb6-4a93-a520-f55668bb29a0', 'username': 'beautifulzebra432', 'password': 'blackjac', 'salt': '5SAMLlOv', 'md5': 'fb3dc981f32e0108da871edeed7ffeb1', 'sha1': '62c8d97cb34a4470d5138313b3e9368b7f04f53a', 'sha256': '2148307c889ea13ee327f0a95896e81995114bd01501cfbb873ce30b6d5f4f60'}, 'dob': {'date': '1964-01-28T23:46:46.986Z', 'age': 60}, 'registered': {'date': '2010-05-08T22:11:45.373Z', 'age': 13}, 'phone': '05-7716-6051', 'cell': '0452-669-861', 'id': {'name': 'TFN', 'value': '002293560'}, 'picture': {'large': 'https://randomuser.me/api/portraits/women/41.jpg', 'medium': 'https://randomuser.me/api/portraits/med/women/41.jpg', 'thumbnail': 'https://randomuser.me/api/portraits/thumb/women/41.jpg'}, 'nat': 'AU'}</msg>
<arg>${json_data['results'][0]}</arg>
<doc>Logs the given message with the given level.</doc>
<status status="PASS" start="2024-04-16T01:54:32.272753" elapsed="0.000446"/>
</kw>
<kw name="Log" owner="BuiltIn">
<msg time="2024-04-16T01:54:32.273630" level="INFO">name</msg>
<arg>${key}</arg>
<doc>Logs the given message with the given level.</doc>
<status status="PASS" start="2024-04-16T01:54:32.273502" elapsed="0.000166"/>
</kw>
<var name="${key}">name</var>
<status status="PASS" start="2024-04-16T01:54:32.271892" elapsed="0.001998"/>
</iter>
<iter>
<kw name="Dictionary Should Contain Key" owner="Collections">
<msg time="2024-04-16T01:54:32.274572" level="INFO">False</msg>
<arg>${json_data['results'][0]}</arg>
<arg>${key}</arg>
<doc>Fails if ``key`` is not found from ``dictionary``.</doc>
<status status="PASS" start="2024-04-16T01:54:32.274189" elapsed="0.000421"/>
</kw>
<kw name="Log" owner="BuiltIn">
<msg time="2024-04-16T01:54:32.275304" level="INFO">{'gender': 'female', 'name': {'title': 'Mrs', 'first': 'Regina', 'last': 'Gregory'}, 'location': {'street': {'number': 812, 'name': 'Hickory Creek Dr'}, 'city': 'Launceston', 'state': 'New South Wales', 'country': 'Australia', 'postcode': 9673, 'coordinates': {'latitude': '-87.3878', 'longitude': '148.8423'}, 'timezone': {'offset': '+10:00', 'description': 'Eastern Australia, Guam, Vladivostok'}}, 'email': 'regina.gregory@example.com', 'login': {'uuid': 'c56f1583-1eb6-4a93-a520-f55668bb29a0', 'username': 'beautifulzebra432', 'password': 'blackjac', 'salt': '5SAMLlOv', 'md5': 'fb3dc981f32e0108da871edeed7ffeb1', 'sha1': '62c8d97cb34a4470d5138313b3e9368b7f04f53a', 'sha256': '2148307c889ea13ee327f0a95896e81995114bd01501cfbb873ce30b6d5f4f60'}, 'dob': {'date': '1964-01-28T23:46:46.986Z', 'age': 60}, 'registered': {'date': '2010-05-08T22:11:45.373Z', 'age': 13}, 'phone': '05-7716-6051', 'cell': '0452-669-861', 'id': {'name': 'TFN', 'value': '002293560'}, 'picture': {'large': 'https://randomuser.me/api/portraits/women/41.jpg', 'medium': 'https://randomuser.me/api/portraits/med/women/41.jpg', 'thumbnail': 'https://randomuser.me/api/portraits/thumb/women/41.jpg'}, 'nat': 'AU'}</msg>
<arg>${json_data['results'][0]}</arg>
<doc>Logs the given message with the given level.</doc>
<status status="PASS" start="2024-04-16T01:54:32.274903" elapsed="0.000448"/>
</kw>
<kw name="Log" owner="BuiltIn">
<msg time="2024-04-16T01:54:32.275770" level="INFO">location</msg>
<arg>${key}</arg>
<doc>Logs the given message with the given level.</doc>
<status status="PASS" start="2024-04-16T01:54:32.275644" elapsed="0.000164"/>
</kw>
<var name="${key}">location</var>
<status status="PASS" start="2024-04-16T01:54:32.274078" elapsed="0.001947"/>
</iter>
<iter>
<kw name="Dictionary Should Contain Key" owner="Collections">
<msg time="2024-04-16T01:54:32.276682" level="INFO">False</msg>
<arg>${json_data['results'][0]}</arg>
<arg>${key}</arg>
<doc>Fails if ``key`` is not found from ``dictionary``.</doc>
<status status="PASS" start="2024-04-16T01:54:32.276305" elapsed="0.000418"/>
</kw>
<kw name="Log" owner="BuiltIn">
<msg time="2024-04-16T01:54:32.277378" level="INFO">{'gender': 'female', 'name': {'title': 'Mrs', 'first': 'Regina', 'last': 'Gregory'}, 'location': {'street': {'number': 812, 'name': 'Hickory Creek Dr'}, 'city': 'Launceston', 'state': 'New South Wales', 'country': 'Australia', 'postcode': 9673, 'coordinates': {'latitude': '-87.3878', 'longitude': '148.8423'}, 'timezone': {'offset': '+10:00', 'description': 'Eastern Australia, Guam, Vladivostok'}}, 'email': 'regina.gregory@example.com', 'login': {'uuid': 'c56f1583-1eb6-4a93-a520-f55668bb29a0', 'username': 'beautifulzebra432', 'password': 'blackjac', 'salt': '5SAMLlOv', 'md5': 'fb3dc981f32e0108da871edeed7ffeb1', 'sha1': '62c8d97cb34a4470d5138313b3e9368b7f04f53a', 'sha256': '2148307c889ea13ee327f0a95896e81995114bd01501cfbb873ce30b6d5f4f60'}, 'dob': {'date': '1964-01-28T23:46:46.986Z', 'age': 60}, 'registered': {'date': '2010-05-08T22:11:45.373Z', 'age': 13}, 'phone': '05-7716-6051', 'cell': '0452-669-861', 'id': {'name': 'TFN', 'value': '002293560'}, 'picture': {'large': 'https://randomuser.me/api/portraits/women/41.jpg', 'medium': 'https://randomuser.me/api/portraits/med/women/41.jpg', 'thumbnail': 'https://randomuser.me/api/portraits/thumb/women/41.jpg'}, 'nat': 'AU'}</msg>
<arg>${json_data['results'][0]}</arg>
<doc>Logs the given message with the given level.</doc>
<status status="PASS" start="2024-04-16T01:54:32.277020" elapsed="0.000406"/>
</kw>
<kw name="Log" owner="BuiltIn">
<msg time="2024-04-16T01:54:32.277845" level="INFO">email</msg>
<arg>${key}</arg>
<doc>Logs the given message with the given level.</doc>
<status status="PASS" start="2024-04-16T01:54:32.277719" elapsed="0.000163"/>
</kw>
<var name="${key}">email</var>
<status status="PASS" start="2024-04-16T01:54:32.276196" elapsed="0.001897"/>
</iter>
<iter>
<kw name="Dictionary Should Contain Key" owner="Collections">
<msg time="2024-04-16T01:54:32.278739" level="INFO">False</msg>
<arg>${json_data['results'][0]}</arg>
<arg>${key}</arg>
<doc>Fails if ``key`` is not found from ``dictionary``.</doc>
<status status="PASS" start="2024-04-16T01:54:32.278372" elapsed="0.000404"/>
</kw>
<kw name="Log" owner="BuiltIn">
<msg time="2024-04-16T01:54:32.279472" level="INFO">{'gender': 'female', 'name': {'title': 'Mrs', 'first': 'Regina', 'last': 'Gregory'}, 'location': {'street': {'number': 812, 'name': 'Hickory Creek Dr'}, 'city': 'Launceston', 'state': 'New South Wales', 'country': 'Australia', 'postcode': 9673, 'coordinates': {'latitude': '-87.3878', 'longitude': '148.8423'}, 'timezone': {'offset': '+10:00', 'description': 'Eastern Australia, Guam, Vladivostok'}}, 'email': 'regina.gregory@example.com', 'login': {'uuid': 'c56f1583-1eb6-4a93-a520-f55668bb29a0', 'username': 'beautifulzebra432', 'password': 'blackjac', 'salt': '5SAMLlOv', 'md5': 'fb3dc981f32e0108da871edeed7ffeb1', 'sha1': '62c8d97cb34a4470d5138313b3e9368b7f04f53a', 'sha256': '2148307c889ea13ee327f0a95896e81995114bd01501cfbb873ce30b6d5f4f60'}, 'dob': {'date': '1964-01-28T23:46:46.986Z', 'age': 60}, 'registered': {'date': '2010-05-08T22:11:45.373Z', 'age': 13}, 'phone': '05-7716-6051', 'cell': '0452-669-861', 'id': {'name': 'TFN', 'value': '002293560'}, 'picture': {'large': 'https://randomuser.me/api/portraits/women/41.jpg', 'medium': 'https://randomuser.me/api/portraits/med/women/41.jpg', 'thumbnail': 'https://randomuser.me/api/portraits/thumb/women/41.jpg'}, 'nat': 'AU'}</msg>
<arg>${json_data['results'][0]}</arg>
<doc>Logs the given message with the given level.</doc>
<status status="PASS" start="2024-04-16T01:54:32.279072" elapsed="0.000448"/>
</kw>
<kw name="Log" owner="BuiltIn">
<msg time="2024-04-16T01:54:32.279937" level="INFO">login</msg>
<arg>${key}</arg>
<doc>Logs the given message with the given level.</doc>
<status status="PASS" start="2024-04-16T01:54:32.279813" elapsed="0.000193"/>
</kw>
<var name="${key}">login</var>
<status status="PASS" start="2024-04-16T01:54:32.278263" elapsed="0.001963"/>
</iter>
<var>${key}</var>
<value>@{expected_keys}</value>
<status status="PASS" start="2024-04-16T01:54:32.269498" elapsed="0.010848"/>
</for>
<kw name="Create List" owner="BuiltIn">
<msg time="2024-04-16T01:54:32.280691" level="INFO">${expected_keysTwo} = ['username', 'password']</msg>
<var>${expected_keysTwo}</var>
<arg>username</arg>
<arg>password</arg>
<doc>Returns a list containing given items.</doc>
<status status="PASS" start="2024-04-16T01:54:32.280556" elapsed="0.000158"/>
</kw>
<for flavor="IN">
<iter>
<kw name="Dictionary Should Contain Key" owner="Collections">
<msg time="2024-04-16T01:54:32.281690" level="INFO">False</msg>
<arg>${json_data['results'][0]['login']}</arg>
<arg>${keyTwo}</arg>
<doc>Fails if ``key`` is not found from ``dictionary``.</doc>
<status status="PASS" start="2024-04-16T01:54:32.281313" elapsed="0.000415"/>
</kw>
<kw name="Dictionary Should Contain Key" owner="Collections">
<msg time="2024-04-16T01:54:32.282401" level="INFO">False</msg>
<arg>${json_data['results'][0]['login']}</arg>
<arg>${keyTwo}</arg>
<doc>Fails if ``key`` is not found from ``dictionary``.</doc>
<status status="PASS" start="2024-04-16T01:54:32.282027" elapsed="0.000410"/>
</kw>
<kw name="Log" owner="BuiltIn">
<msg time="2024-04-16T01:54:32.282855" level="INFO">username</msg>
<arg>${keyTwo}</arg>
<doc>Logs the given message with the given level.</doc>
<status status="PASS" start="2024-04-16T01:54:32.282729" elapsed="0.000162"/>
</kw>
<var name="${keyTwo}">username</var>
<status status="PASS" start="2024-04-16T01:54:32.281198" elapsed="0.001903"/>
</iter>
<iter>
<kw name="Dictionary Should Contain Key" owner="Collections">
<msg time="2024-04-16T01:54:32.283795" level="INFO">False</msg>
<arg>${json_data['results'][0]['login']}</arg>
<arg>${keyTwo}</arg>
<doc>Fails if ``key`` is not found from ``dictionary``.</doc>
<status status="PASS" start="2024-04-16T01:54:32.283423" elapsed="0.000408"/>
</kw>
<kw name="Dictionary Should Contain Key" owner="Collections">
<msg time="2024-04-16T01:54:32.284508" level="INFO">False</msg>
<arg>${json_data['results'][0]['login']}</arg>
<arg>${keyTwo}</arg>
<doc>Fails if ``key`` is not found from ``dictionary``.</doc>
<status status="PASS" start="2024-04-16T01:54:32.284130" elapsed="0.000414"/>
</kw>
<kw name="Log" owner="BuiltIn">
<msg time="2024-04-16T01:54:32.284962" level="INFO">password</msg>
<arg>${keyTwo}</arg>
<doc>Logs the given message with the given level.</doc>
<status status="PASS" start="2024-04-16T01:54:32.284838" elapsed="0.000161"/>
</kw>
<var name="${keyTwo}">password</var>
<status status="PASS" start="2024-04-16T01:54:32.283312" elapsed="0.001901"/>
</iter>
<var>${keyTwo}</var>
<value>@{expected_keysTwo}</value>
<status status="PASS" start="2024-04-16T01:54:32.280947" elapsed="0.004388"/>
</for>
<status status="PASS" start="2024-04-16T01:54:32.169682" elapsed="0.115797"/>
</kw>
<doc>Testa a estrutura da resposta da API.</doc>
<tag>testeEstruturaResposta</tag>
<status status="PASS" start="2024-04-16T01:54:32.168918" elapsed="0.116724"/>
</test>
<test id="s1-s1-t4" name="Validar tipos de dados" line="28">
<kw name="Teste de Tipos de Dados" owner="random-user-service">
<kw name="GET On Session" owner="RequestsLibrary">
<msg time="2024-04-16T01:54:32.380915" level="INFO">GET Request : url=https://randomuser.me/api 
 path_url=/api 
 headers={'User-Agent': 'python-requests/2.31.0', 'Accept-Encoding': 'gzip, deflate', 'Accept': '*/*', 'Connection': 'keep-alive'} 
 body=None 
 </msg>
<msg time="2024-04-16T01:54:32.381010" level="INFO">GET Response : url=https://randomuser.me/api 
 status=200, reason=OK 
 headers={'Date': 'Tue, 16 Apr 2024 01:54:32 GMT', 'Content-Type': 'application/json; charset=utf-8', 'Transfer-Encoding': 'chunked', 'Connection': 'keep-alive', 'X-Powered-By': 'Express', 'Access-Control-Allow-Origin': '*', 'Cache-Control': 'no-cache', 'ETag': 'W/"4b1-aENfR87mfx2E1c1V6zzv/LTuUGI"', 'Vary': 'Accept-Encoding', 'Content-Encoding': 'gzip', 'CF-Cache-Status': 'DYNAMIC', 'Report-To': '{"endpoints":[{"url":"https:\\/\\/a.nel.cloudflare.com\\/report\\/v4?s=tMgodIUa9R4nk1pCPCnRwZeSi%2BOOSaqQ4HIXLD6bCec7TTvolhREGM0jE5G85Dy2pq1AgIMD%2F0Yk7l944VQXSCwUu1LzTwEvzcxMX2vxkYdt%2BirkVBeKMLz%2BZ667uODW"}],"group":"cf-nel","max_age":604800}', 'NEL': '{"success_fraction":0,"report_to":"cf-nel","max_age":604800}', 'Server': 'cloudflare', 'CF-RAY': '87508c47da5f7bda-LAX', 'alt-svc': 'h3=":443"; ma=86400'} 
 body={"results":[{"gender":"female","name":{"title":"Mademoiselle","first":"Isabella","last":"Fabre"},"location":{"street":{"number":6407,"name":"Rue Laure-Diebold"},"city":"Steckborn","state":"Glarus","country":"Switzerland","postcode":4137,"coordinates":{"latitude":"-62.5789","longitude":"41.2821"},"timezone":{"offset":"+9:00","description":"Tokyo, Seoul, Osaka, Sapporo, Yakutsk"}},"email":"isabella.fabre@example.com","login":{"uuid":"746eaed5-cd73-4ecc-9972-b173e55acd46","username":"blackpeacock188","password":"holmes","salt":"ZBo4XVhK","md5":"3c51df43d5bf6fa0c5a36429bea76139","sha1":"b67390b7d252eefb0c417245141de39d2e484c2b","sha256":"04f8b81bc4cbcd39d42649dab0a35bc0ff66f3376558205d7efbe609b34062f3"},"dob":{"date":"1969-07-22T22:19:55.359Z","age":54},"registered":{"date":"2006-12-29T09:55:19.944Z","age":17},"phone":"078 783 48 47","cell":"078 466 32 87","id":{"name":"AVS","value":"756.1649.9024.64"},"picture":{"large":"https://randomuser.me/api/portraits/women/88.jpg","medium":"https://randomuser.me/api/portraits/med/women/88.jpg","thumbnail":"https://randomuser.me/api/portraits/thumb/women/88.jpg"},"nat":"CH"}],"info":{"seed":"5b63cdada82e4a6b","results":1,"page":1,"version":"1.4"}} 
 </msg>
<msg time="2024-04-16T01:54:32.381077" level="INFO">/opt/hostedtoolcache/Python/3.12.2/x64/lib/python3.12/site-packages/urllib3/connectionpool.py:1103: InsecureRequestWarning: Unverified HTTPS request is being made to host 'randomuser.me'. Adding certificate verification is strongly advised. See: https://urllib3.readthedocs.io/en/latest/advanced-usage.html#tls-warnings
  warnings.warn(</msg>
<msg time="2024-04-16T01:54:32.381229" level="INFO">${response} = &lt;Response [200]&gt;</msg>
<var>${response}</var>
<arg>consultarAPI</arg>
<arg>/api</arg>
<doc>Sends a GET request on a previously created HTTP Session.</doc>
<status status="PASS" start="2024-04-16T01:54:32.288238" elapsed="0.093032"/>
</kw>
<kw name="Set Variable" owner="BuiltIn">
<msg time="2024-04-16T01:54:32.382390" level="INFO">${json_data} = {'results': [{'gender': 'female', 'name': {'title': 'Mademoiselle', 'first': 'Isabella', 'last': 'Fabre'}, 'location': {'street': {'number': 6407, 'name': 'Rue Laure-Diebold'}, 'city': 'Steckborn', 's...</msg>
<var>${json_data}</var>
<arg>${response.json()}</arg>
<doc>Returns the given values which can then be assigned to a variables.</doc>
<status status="PASS" start="2024-04-16T01:54:32.381865" elapsed="0.000552"/>
</kw>
<kw name="Log" owner="BuiltIn">
<msg time="2024-04-16T01:54:32.382881" level="INFO">{'results': [{'gender': 'female', 'name': {'title': 'Mademoiselle', 'first': 'Isabella', 'last': 'Fabre'}, 'location': {'street': {'number': 6407, 'name': 'Rue Laure-Diebold'}, 'city': 'Steckborn', 'state': 'Glarus', 'country': 'Switzerland', 'postcode': 4137, 'coordinates': {'latitude': '-62.5789', 'longitude': '41.2821'}, 'timezone': {'offset': '+9:00', 'description': 'Tokyo, Seoul, Osaka, Sapporo, Yakutsk'}}, 'email': 'isabella.fabre@example.com', 'login': {'uuid': '746eaed5-cd73-4ecc-9972-b173e55acd46', 'username': 'blackpeacock188', 'password': 'holmes', 'salt': 'ZBo4XVhK', 'md5': '3c51df43d5bf6fa0c5a36429bea76139', 'sha1': 'b67390b7d252eefb0c417245141de39d2e484c2b', 'sha256': '04f8b81bc4cbcd39d42649dab0a35bc0ff66f3376558205d7efbe609b34062f3'}, 'dob': {'date': '1969-07-22T22:19:55.359Z', 'age': 54}, 'registered': {'date': '2006-12-29T09:55:19.944Z', 'age': 17}, 'phone': '078 783 48 47', 'cell': '078 466 32 87', 'id': {'name': 'AVS', 'value': '756.1649.9024.64'}, 'picture': {'large': 'https://randomuser.me/api/portraits/women/88.jpg', 'medium': 'https://randomuser.me/api/portraits/med/women/88.jpg', 'thumbnail': 'https://randomuser.me/api/portraits/thumb/women/88.jpg'}, 'nat': 'CH'}], 'info': {'seed': '5b63cdada82e4a6b', 'results': 1, 'page': 1, 'version': '1.4'}}</msg>
<arg>${json_data}</arg>
<doc>Logs the given message with the given level.</doc>
<status status="PASS" start="2024-04-16T01:54:32.382725" elapsed="0.000240"/>
</kw>
<kw name="Should Be String" owner="String">
<arg>${json_data['results'][0]['gender']}</arg>
<doc>Fails if the given ``item`` is not a string.</doc>
<status status="PASS" start="2024-04-16T01:54:32.383300" elapsed="0.000368"/>
</kw>
<kw name="Should Match Regexp" owner="BuiltIn">
<arg>${json_data['results'][0]['email']}</arg>
<arg>^[a-zA-Z0-9._%+-]+@[a-zA-Z0-9.-]+\.[a-zA-Z]{2,}$</arg>
<doc>Fails if ``string`` does not match ``pattern`` as a regular expression.</doc>
<status status="PASS" start="2024-04-16T01:54:32.383863" elapsed="0.000523"/>
</kw>
<kw name="Should Match Regexp" owner="BuiltIn">
<arg>${json_data['results'][0]['dob']['date']}</arg>
<arg>\\d{4}-\\d{2}-\\d{2}T\\d{2}:\\d{2}:\\d{2}\\.\\d{3}Z</arg>
<doc>Fails if ``string`` does not match ``pattern`` as a regular expression.</doc>
<status status="PASS" start="2024-04-16T01:54:32.384584" elapsed="0.000485"/>
</kw>
<kw name="Should Match Regexp" owner="BuiltIn">
<arg>${json_data['results'][0]['registered']['date']}</arg>
<arg>\\d{4}-\\d{2}-\\d{2}T\\d{2}:\\d{2}:\\d{2}\\.\\d{3}Z</arg>
<doc>Fails if ``string`` does not match ``pattern`` as a regular expression.</doc>
<status status="PASS" start="2024-04-16T01:54:32.385267" elapsed="0.000364"/>
</kw>
<kw name="Should Match Regexp" owner="BuiltIn">
<arg>${json_data['results'][0]['picture']['large']}</arg>
<arg>^https?://.*\.(?:png|jpe?g|gif|bmp)$</arg>
<doc>Fails if ``string`` does not match ``pattern`` as a regular expression.</doc>
<status status="PASS" start="2024-04-16T01:54:32.385815" elapsed="0.000464"/>
</kw>
<kw name="Should Match Regexp" owner="BuiltIn">
<arg>${json_data['results'][0]['picture']['medium']}</arg>
<arg>^https?://.*\.(?:png|jpe?g|gif|bmp)$</arg>
<doc>Fails if ``string`` does not match ``pattern`` as a regular expression.</doc>
<status status="PASS" start="2024-04-16T01:54:32.386468" elapsed="0.000351"/>
</kw>
<kw name="Should Match Regexp" owner="BuiltIn">
<arg>${json_data['results'][0]['picture']['thumbnail']}</arg>
<arg>^https?://.*\.(?:png|jpe?g|gif|bmp)$</arg>
<doc>Fails if ``string`` does not match ``pattern`` as a regular expression.</doc>
<status status="PASS" start="2024-04-16T01:54:32.387003" elapsed="0.000403"/>
</kw>
<kw name="Log" owner="BuiltIn">
<msg time="2024-04-16T01:54:32.387924" level="INFO">{'large': 'https://randomuser.me/api/portraits/women/88.jpg', 'medium': 'https://randomuser.me/api/portraits/med/women/88.jpg', 'thumbnail': 'https://randomuser.me/api/portraits/thumb/women/88.jpg'}</msg>
<arg>${json_data['results'][0]['picture']}</arg>
<doc>Logs the given message with the given level.</doc>
<status status="PASS" start="2024-04-16T01:54:32.387590" elapsed="0.000376"/>
</kw>
<status status="PASS" start="2024-04-16T01:54:32.288011" elapsed="0.100215"/>
</kw>
<kw name="Teste de Tipos de Dados - Postcode" owner="random-user-service">
<kw name="GET On Session" owner="RequestsLibrary">
<msg time="2024-04-16T01:54:32.593162" level="INFO">GET Request : url=https://randomuser.me/api 
 path_url=/api 
 headers={'User-Agent': 'python-requests/2.31.0', 'Accept-Encoding': 'gzip, deflate', 'Accept': '*/*', 'Connection': 'keep-alive'} 
 body=None 
 </msg>
<msg time="2024-04-16T01:54:32.593290" level="INFO">GET Response : url=https://randomuser.me/api 
 status=200, reason=OK 
 headers={'Date': 'Tue, 16 Apr 2024 01:54:32 GMT', 'Content-Type': 'application/json; charset=utf-8', 'Transfer-Encoding': 'chunked', 'Connection': 'keep-alive', 'X-Powered-By': 'Express', 'Access-Control-Allow-Origin': '*', 'Cache-Control': 'no-cache', 'ETag': 'W/"496-wj3F7bh/ErVnnVYX5Q+nSzb5FXk"', 'Vary': 'Accept-Encoding', 'Content-Encoding': 'gzip', 'CF-Cache-Status': 'DYNAMIC', 'Report-To': '{"endpoints":[{"url":"https:\\/\\/a.nel.cloudflare.com\\/report\\/v4?s=VeveDCYgvgXPoN1ojzlVCuVMuNM8Bl5UQku1dw1LnIWihyZHSHsPxCUkcV32Tdt4oEmPeN3NaZRxVQw%2F9ifuHGe6utEs9n7JSczNn8mLjhnOFSrvNcdVp%2B5U6bImBfpJ"}],"group":"cf-nel","max_age":604800}', 'NEL': '{"success_fraction":0,"report_to":"cf-nel","max_age":604800}', 'Server': 'cloudflare', 'CF-RAY': '87508c487b857bda-LAX', 'alt-svc': 'h3=":443"; ma=86400'} 
 body={"results":[{"gender":"male","name":{"title":"Mr","first":"Daniel","last":"Karvonen"},"location":{"street":{"number":2625,"name":"Aleksanterinkatu"},"city":"Jalasjärvi","state":"Kymenlaakso","country":"Finland","postcode":59579,"coordinates":{"latitude":"-29.8326","longitude":"-19.2446"},"timezone":{"offset":"+2:00","description":"Kaliningrad, South Africa"}},"email":"daniel.karvonen@example.com","login":{"uuid":"24840238-0ae7-4786-8427-0b499592bb9a","username":"bigkoala147","password":"customer","salt":"cO5BEHAI","md5":"2b52195d330f12f3f7f4bd18ffa73e4f","sha1":"997d94cfce789dc5a87012b93bfec78b0784d25d","sha256":"15487594fc8e89105b969af54a6db88f679e63c8b194fd6700ba6e8e309661aa"},"dob":{"date":"1987-01-30T21:15:52.900Z","age":37},"registered":{"date":"2008-04-13T14:04:31.817Z","age":16},"phone":"06-361-776","cell":"046-323-98-90","id":{"name":"HETU","value":"NaNNA389undefined"},"picture":{"large":"https://randomuser.me/api/portraits/men/61.jpg","medium":"https://randomuser.me/api/portraits/med/men/61.jpg","thumbnail":"https://randomuser.me/api/portraits/thumb/men/61.jpg"},"nat":"FI"}],"info":{"seed":"229db71cac641f90","results":1,"page":1,"version":"1.4"}} 
 </msg>
<msg time="2024-04-16T01:54:32.593396" level="INFO">/opt/hostedtoolcache/Python/3.12.2/x64/lib/python3.12/site-packages/urllib3/connectionpool.py:1103: InsecureRequestWarning: Unverified HTTPS request is being made to host 'randomuser.me'. Adding certificate verification is strongly advised. See: https://urllib3.readthedocs.io/en/latest/advanced-usage.html#tls-warnings
  warnings.warn(</msg>
<msg time="2024-04-16T01:54:32.593541" level="INFO">${response} = &lt;Response [200]&gt;</msg>
<var>${response}</var>
<arg>consultarAPI</arg>
<arg>/api</arg>
<doc>Sends a GET request on a previously created HTTP Session.</doc>
<status status="PASS" start="2024-04-16T01:54:32.388708" elapsed="0.204873"/>
</kw>
<kw name="Set Variable" owner="BuiltIn">
<msg time="2024-04-16T01:54:32.594787" level="INFO">${json_data} = {'results': [{'gender': 'male', 'name': {'title': 'Mr', 'first': 'Daniel', 'last': 'Karvonen'}, 'location': {'street': {'number': 2625, 'name': 'Aleksanterinkatu'}, 'city': 'Jalasjärvi', 'state': 'Kym...</msg>
<var>${json_data}</var>
<arg>${response.json()}</arg>
<doc>Returns the given values which can then be assigned to a variables.</doc>
<status status="PASS" start="2024-04-16T01:54:32.594212" elapsed="0.000604"/>
</kw>
<kw name="Log" owner="BuiltIn">
<msg time="2024-04-16T01:54:32.595344" level="INFO">{'results': [{'gender': 'male', 'name': {'title': 'Mr', 'first': 'Daniel', 'last': 'Karvonen'}, 'location': {'street': {'number': 2625, 'name': 'Aleksanterinkatu'}, 'city': 'Jalasjärvi', 'state': 'Kymenlaakso', 'country': 'Finland', 'postcode': 59579, 'coordinates': {'latitude': '-29.8326', 'longitude': '-19.2446'}, 'timezone': {'offset': '+2:00', 'description': 'Kaliningrad, South Africa'}}, 'email': 'daniel.karvonen@example.com', 'login': {'uuid': '24840238-0ae7-4786-8427-0b499592bb9a', 'username': 'bigkoala147', 'password': 'customer', 'salt': 'cO5BEHAI', 'md5': '2b52195d330f12f3f7f4bd18ffa73e4f', 'sha1': '997d94cfce789dc5a87012b93bfec78b0784d25d', 'sha256': '15487594fc8e89105b969af54a6db88f679e63c8b194fd6700ba6e8e309661aa'}, 'dob': {'date': '1987-01-30T21:15:52.900Z', 'age': 37}, 'registered': {'date': '2008-04-13T14:04:31.817Z', 'age': 16}, 'phone': '06-361-776', 'cell': '046-323-98-90', 'id': {'name': 'HETU', 'value': 'NaNNA389undefined'}, 'picture': {'large': 'https://randomuser.me/api/portraits/men/61.jpg', 'medium': 'https://randomuser.me/api/portraits/med/men/61.jpg', 'thumbnail': 'https://randomuser.me/api/portraits/thumb/men/61.jpg'}, 'nat': 'FI'}], 'info': {'seed': '229db71cac641f90', 'results': 1, 'page': 1, 'version': '1.4'}}</msg>
<arg>${json_data}</arg>
<doc>Logs the given message with the given level.</doc>
<status status="PASS" start="2024-04-16T01:54:32.595127" elapsed="0.000301"/>
</kw>
<kw name="Should Be Equal As Numbers" owner="BuiltIn">
<arg>${json_data['results'][0]['location']['postcode']}</arg>
<arg>${json_data['results'][0]['location']['postcode']}</arg>
<doc>Fails if objects are unequal after converting them to real numbers.</doc>
<status status="PASS" start="2024-04-16T01:54:32.595734" elapsed="0.000629"/>
</kw>
<kw name="Log" owner="BuiltIn">
<msg time="2024-04-16T01:54:32.596887" level="INFO">59579</msg>
<arg>${json_data['results'][0]['location']['postcode']}</arg>
<doc>Logs the given message with the given level.</doc>
<status status="PASS" start="2024-04-16T01:54:32.596555" elapsed="0.000373"/>
</kw>
<status status="PASS" start="2024-04-16T01:54:32.388461" elapsed="0.208724"/>
</kw>
<doc>Testa se os tipos de dados na resposta da API estão corretos.</doc>
<tag>testeTiposDados</tag>
<status status="PASS" start="2024-04-16T01:54:32.287446" elapsed="0.309911"/>
</test>
<test id="s1-s1-t5" name="Validar conteudo" line="35">
<kw name="Teste de Tipos de Conteudo" owner="random-user-service">
<kw name="GET On Session" owner="RequestsLibrary">
<msg time="2024-04-16T01:54:32.943103" level="INFO">GET Request : url=https://randomuser.me/api 
 path_url=/api 
 headers={'User-Agent': 'python-requests/2.31.0', 'Accept-Encoding': 'gzip, deflate', 'Accept': '*/*', 'Connection': 'keep-alive'} 
 body=None 
 </msg>
<msg time="2024-04-16T01:54:32.943242" level="INFO">GET Response : url=https://randomuser.me/api 
 status=200, reason=OK 
 headers={'Date': 'Tue, 16 Apr 2024 01:54:32 GMT', 'Content-Type': 'application/json; charset=utf-8', 'Transfer-Encoding': 'chunked', 'Connection': 'keep-alive', 'X-Powered-By': 'Express', 'Access-Control-Allow-Origin': '*', 'Cache-Control': 'no-cache', 'ETag': 'W/"4ac-Q3Bfb7ohv5RnUDqrt5f/yrO/LyE"', 'Vary': 'Accept-Encoding', 'Content-Encoding': 'gzip', 'CF-Cache-Status': 'DYNAMIC', 'Report-To': '{"endpoints":[{"url":"https:\\/\\/a.nel.cloudflare.com\\/report\\/v4?s=r1zTr2F%2FwDRBkWJUVojnD9Dby%2FGdHoaYXkafGBCW9yqBva07ANn6VXlUyebCI2wX%2B82Feu1Ha0CQycLJP7CflPBEbSynJR2KFpZwOTu9GEn5Oy46DwzgAJD3KdKIcB3z"}],"group":"cf-nel","max_age":604800}', 'NEL': '{"success_fraction":0,"report_to":"cf-nel","max_age":604800}', 'Server': 'cloudflare', 'CF-RAY': '87508c49cd7d7bda-LAX', 'alt-svc': 'h3=":443"; ma=86400'} 
 body={"results":[{"gender":"male","name":{"title":"Mr","first":"Bastien","last":"Giraud"},"location":{"street":{"number":6754,"name":"Avenue du Fort-Caire"},"city":"Amiens","state":"Haute-Loire","country":"France","postcode":13579,"coordinates":{"latitude":"-14.0427","longitude":"-122.4573"},"timezone":{"offset":"+9:00","description":"Tokyo, Seoul, Osaka, Sapporo, Yakutsk"}},"email":"bastien.giraud@example.com","login":{"uuid":"26ea1060-bf54-4ce1-a409-0365173bc6e8","username":"beautifulmeercat122","password":"deadspin","salt":"R8vrY3e5","md5":"c65d16db09a595db0762f6666efefbad","sha1":"882abc88e9dcfbc6f7b864da0d5705c5eeedc74d","sha256":"e5f8b2957a7ec0ac2c091afc11933a8bc2e7d1f1a8ee59d62f92c253427ec665"},"dob":{"date":"1957-09-28T23:18:36.237Z","age":66},"registered":{"date":"2009-12-04T19:51:46.333Z","age":14},"phone":"01-41-77-49-59","cell":"06-28-04-11-67","id":{"name":"INSEE","value":"1570873875570 19"},"picture":{"large":"https://randomuser.me/api/portraits/men/35.jpg","medium":"https://randomuser.me/api/portraits/med/men/35.jpg","thumbnail":"https://randomuser.me/api/portraits/thumb/men/35.jpg"},"nat":"FR"}],"info":{"seed":"9b749b6062117d0a","results":1,"page":1,"version":"1.4"}} 
 </msg>
<msg time="2024-04-16T01:54:32.943311" level="INFO">/opt/hostedtoolcache/Python/3.12.2/x64/lib/python3.12/site-packages/urllib3/connectionpool.py:1103: InsecureRequestWarning: Unverified HTTPS request is being made to host 'randomuser.me'. Adding certificate verification is strongly advised. See: https://urllib3.readthedocs.io/en/latest/advanced-usage.html#tls-warnings
  warnings.warn(</msg>
<msg time="2024-04-16T01:54:32.943430" level="INFO">${response} = &lt;Response [200]&gt;</msg>
<var>${response}</var>
<arg>consultarAPI</arg>
<arg>/api</arg>
<doc>Sends a GET request on a previously created HTTP Session.</doc>
<status status="PASS" start="2024-04-16T01:54:32.599867" elapsed="0.343604"/>
</kw>
<kw name="Set Variable" owner="BuiltIn">
<msg time="2024-04-16T01:54:32.944632" level="INFO">${json_data} = {'results': [{'gender': 'male', 'name': {'title': 'Mr', 'first': 'Bastien', 'last': 'Giraud'}, 'location': {'street': {'number': 6754, 'name': 'Avenue du Fort-Caire'}, 'city': 'Amiens', 'state': 'Haut...</msg>
<var>${json_data}</var>
<arg>${response.json()}</arg>
<doc>Returns the given values which can then be assigned to a variables.</doc>
<status status="PASS" start="2024-04-16T01:54:32.944094" elapsed="0.000566"/>
</kw>
<kw name="Set Variable" owner="BuiltIn">
<msg time="2024-04-16T01:54:32.945342" level="INFO">${name_title} = Mr</msg>
<var>${name_title}</var>
<arg>${json_data["results"][0]["name"]["title"]}</arg>
<doc>Returns the given values which can then be assigned to a variables.</doc>
<status status="PASS" start="2024-04-16T01:54:32.944966" elapsed="0.000401"/>
</kw>
<kw name="Create List" owner="BuiltIn">
<msg time="2024-04-16T01:54:32.945812" level="INFO">${allowed_titles} = ['Mr', 'Ms', 'Miss', 'Mrs', 'Madame', 'Monsieur']</msg>
<var>${allowed_titles}</var>
<arg>Mr</arg>
<arg>Ms</arg>
<arg>Miss</arg>
<arg>Mrs</arg>
<arg>Madame</arg>
<arg>Monsieur</arg>
<doc>Returns a list containing given items.</doc>
<status status="PASS" start="2024-04-16T01:54:32.945666" elapsed="0.000170"/>
</kw>
<kw name="List Should Contain Value" owner="Collections">
<msg time="2024-04-16T01:54:32.946312" level="INFO">False</msg>
<arg>${allowed_titles}</arg>
<arg>${name_title}</arg>
<doc>Fails if the ``value`` is not found from ``list``.</doc>
<status status="PASS" start="2024-04-16T01:54:32.946135" elapsed="0.000215"/>
</kw>
<kw name="Set Variable" owner="BuiltIn">
<msg time="2024-04-16T01:54:32.947012" level="INFO">${name_country} = FR</msg>
<var>${name_country}</var>
<arg>${json_data["results"][0]["nat"]}</arg>
<doc>Returns the given values which can then be assigned to a variables.</doc>
<status status="PASS" start="2024-04-16T01:54:32.946636" elapsed="0.000401"/>
</kw>
<kw name="Create List" owner="BuiltIn">
<msg time="2024-04-16T01:54:32.948016" level="INFO">${list_country} = ['AD', 'AE', 'AF', 'AG', 'AI', 'AL', 'AM', 'AO', 'AQ', 'AR', 'AS', 'AT', 'AU', 'AW', 'AX', 'AZ', 'BA', 'BB', 'BD', 'BE', 'BF', 'BG', 'BH', 'BI', 'BJ', 'BL', 'BM', 'BN', 'BO', 'BQ', 'BR', 'BS', 'BT', '...</msg>
<var>${list_country}</var>
<arg>AD</arg>
<arg>AE</arg>
<arg>AF</arg>
<arg>AG</arg>
<arg>AI</arg>
<arg>AL</arg>
<arg>AM</arg>
<arg>AO</arg>
<arg>AQ</arg>
<arg>AR</arg>
<arg>AS</arg>
<arg>AT</arg>
<arg>AU</arg>
<arg>AW</arg>
<arg>AX</arg>
<arg>AZ</arg>
<arg>BA</arg>
<arg>BB</arg>
<arg>BD</arg>
<arg>BE</arg>
<arg>BF</arg>
<arg>BG</arg>
<arg>BH</arg>
<arg>BI</arg>
<arg>BJ</arg>
<arg>BL</arg>
<arg>BM</arg>
<arg>BN</arg>
<arg>BO</arg>
<arg>BQ</arg>
<arg>BR</arg>
<arg>BS</arg>
<arg>BT</arg>
<arg>BV</arg>
<arg>BW</arg>
<arg>BY</arg>
<arg>BZ</arg>
<arg>CA</arg>
<arg>CC</arg>
<arg>CD</arg>
<arg>CF</arg>
<arg>CG</arg>
<arg>CH</arg>
<arg>CI</arg>
<arg>CK</arg>
<arg>CL</arg>
<arg>CM</arg>
<arg>CN</arg>
<arg>CO</arg>
<arg>CR</arg>
<arg>CU</arg>
<arg>CV</arg>
<arg>CW</arg>
<arg>CX</arg>
<arg>CY</arg>
<arg>CZ</arg>
<arg>DE</arg>
<arg>DJ</arg>
<arg>DK</arg>
<arg>DM</arg>
<arg>DO</arg>
<arg>DZ</arg>
<arg>EC</arg>
<arg>EE</arg>
<arg>EG</arg>
<arg>EH</arg>
<arg>ER</arg>
<arg>ES</arg>
<arg>ET</arg>
<arg>FI</arg>
<arg>FJ</arg>
<arg>FK</arg>
<arg>FM</arg>
<arg>FO</arg>
<arg>FR</arg>
<arg>GA</arg>
<arg>GB</arg>
<arg>GD</arg>
<arg>GE</arg>
<arg>GF</arg>
<arg>GG</arg>
<arg>GH</arg>
<arg>GI</arg>
<arg>GL</arg>
<arg>GM</arg>
<arg>GN</arg>
<arg>GP</arg>
<arg>GQ</arg>
<arg>GR</arg>
<arg>GS</arg>
<arg>GT</arg>
<arg>GU</arg>
<arg>GW</arg>
<arg>GY</arg>
<arg>HK</arg>
<arg>HM</arg>
<arg>HN</arg>
<arg>HR</arg>
<arg>HT</arg>
<arg>HU</arg>
<arg>ID</arg>
<arg>IE</arg>
<arg>IL</arg>
<arg>IM</arg>
<arg>IN</arg>
<arg>IO</arg>
<arg>IQ</arg>
<arg>IR</arg>
<arg>IS</arg>
<arg>IT</arg>
<arg>JE</arg>
<arg>JM</arg>
<arg>JO</arg>
<arg>JP</arg>
<arg>KE</arg>
<arg>KG</arg>
<arg>KH</arg>
<arg>KI</arg>
<arg>KM</arg>
<arg>KN</arg>
<arg>KP</arg>
<arg>KR</arg>
<arg>KW</arg>
<arg>KY</arg>
<arg>KZ</arg>
<arg>LA</arg>
<arg>LB</arg>
<arg>LC</arg>
<arg>LI</arg>
<arg>LK</arg>
<arg>LR</arg>
<arg>LS</arg>
<arg>LT</arg>
<arg>LU</arg>
<arg>LV</arg>
<arg>LY</arg>
<arg>MA</arg>
<arg>MC</arg>
<arg>MD</arg>
<arg>ME</arg>
<arg>MF</arg>
<arg>MG</arg>
<arg>MH</arg>
<arg>MK</arg>
<arg>ML</arg>
<arg>MM</arg>
<arg>MN</arg>
<arg>MO</arg>
<arg>MP</arg>
<arg>MQ</arg>
<arg>MR</arg>
<arg>MS</arg>
<arg>MT</arg>
<arg>MU</arg>
<arg>MV</arg>
<arg>MW</arg>
<arg>MX</arg>
<arg>MY</arg>
<arg>MZ</arg>
<arg>NA</arg>
<arg>NC</arg>
<arg>NE</arg>
<arg>NF</arg>
<arg>NG</arg>
<arg>NI</arg>
<arg>NL</arg>
<arg>NO</arg>
<arg>NP</arg>
<arg>NR</arg>
<arg>NU</arg>
<arg>NZ</arg>
<arg>OM</arg>
<arg>PA</arg>
<arg>PE</arg>
<arg>PF</arg>
<arg>PG</arg>
<arg>PH</arg>
<arg>PK</arg>
<arg>PL</arg>
<arg>PM</arg>
<arg>PN</arg>
<arg>PR</arg>
<arg>PS</arg>
<arg>PT</arg>
<arg>PW</arg>
<arg>PY</arg>
<arg>QA</arg>
<arg>RE</arg>
<arg>RO</arg>
<arg>RS</arg>
<arg>RU</arg>
<arg>RW</arg>
<arg>SA</arg>
<arg>SB</arg>
<arg>SC</arg>
<arg>SD</arg>
<arg>SE</arg>
<arg>SG</arg>
<arg>SH</arg>
<arg>SI</arg>
<arg>SJ</arg>
<arg>SK</arg>
<arg>SL</arg>
<arg>SM</arg>
<arg>SN</arg>
<arg>SO</arg>
<arg>SR</arg>
<arg>SS</arg>
<arg>ST</arg>
<arg>SV</arg>
<arg>SX</arg>
<arg>SY</arg>
<arg>SZ</arg>
<arg>TC</arg>
<arg>TD</arg>
<arg>TF</arg>
<arg>TG</arg>
<arg>TH</arg>
<arg>TJ</arg>
<arg>TK</arg>
<arg>TL</arg>
<arg>TM</arg>
<arg>TN</arg>
<arg>TO</arg>
<arg>TR</arg>
<arg>TT</arg>
<arg>TV</arg>
<arg>TW</arg>
<arg>TZ</arg>
<arg>UA</arg>
<arg>UG</arg>
<arg>UM</arg>
<arg>US</arg>
<arg>UY</arg>
<arg>UZ</arg>
<arg>VA</arg>
<arg>VC</arg>
<arg>VE</arg>
<arg>VG</arg>
<arg>VI</arg>
<arg>VN</arg>
<arg>VU</arg>
<arg>WF</arg>
<arg>WS</arg>
<arg>XK</arg>
<arg>YE</arg>
<arg>YT</arg>
<arg>ZA</arg>
<arg>ZM</arg>
<arg>ZW</arg>
<doc>Returns a list containing given items.</doc>
<status status="PASS" start="2024-04-16T01:54:32.947401" elapsed="0.000641"/>
</kw>
<kw name="List Should Contain Value" owner="Collections">
<msg time="2024-04-16T01:54:32.949021" level="INFO">False</msg>
<arg>${list_country}</arg>
<arg>${name_country}</arg>
<doc>Fails if the ``value`` is not found from ``list``.</doc>
<status status="PASS" start="2024-04-16T01:54:32.948819" elapsed="0.000238"/>
</kw>
<kw name="Run Keyword If" owner="BuiltIn">
<kw name="Should Be True" owner="BuiltIn">
<arg>${True}</arg>
<doc>Fails if the given condition is not true.</doc>
<status status="PASS" start="2024-04-16T01:54:32.950264" elapsed="0.000146"/>
</kw>
<arg>${json_data["results"][0]["location"]["coordinates"]["latitude"]} &gt;= -90 and ${json_data["results"][0]["location"]["coordinates"]["latitude"]} &lt;= 90</arg>
<arg>Should Be True</arg>
<arg>${True}</arg>
<doc>Runs the given keyword with the given arguments, if ``condition`` is true.</doc>
<status status="PASS" start="2024-04-16T01:54:32.949368" elapsed="0.001171"/>
</kw>
<kw name="Run Keyword If" owner="BuiltIn">
<kw name="Should Be True" owner="BuiltIn">
<arg>${True}</arg>
<doc>Fails if the given condition is not true.</doc>
<status status="PASS" start="2024-04-16T01:54:32.951450" elapsed="0.000140"/>
</kw>
<arg>${json_data["results"][0]["location"]["coordinates"]["longitude"]} &gt;= -180 and ${json_data["results"][0]["location"]["coordinates"]["longitude"]} &lt;= 180</arg>
<arg>Should Be True</arg>
<arg>${True}</arg>
<doc>Runs the given keyword with the given arguments, if ``condition`` is true.</doc>
<status status="PASS" start="2024-04-16T01:54:32.950725" elapsed="0.000990"/>
</kw>
<status status="PASS" start="2024-04-16T01:54:32.599639" elapsed="0.352207"/>
</kw>
<doc>Testa o conteúdo específico dos campos retornados pela API.</doc>
<tag>testeConteudo</tag>
<status status="PASS" start="2024-04-16T01:54:32.599073" elapsed="0.352927"/>
</test>
<status status="PASS" start="2024-04-16T01:54:31.662141" elapsed="1.291817"/>
</suite>
<status status="PASS" start="2024-04-16T01:54:31.647973" elapsed="1.311305"/>
</suite>
<statistics>
<total>
<stat pass="5" fail="0" skip="0">All Tests</stat>
</total>
<tag>
<stat pass="1" fail="0" skip="0">testeConteudo</stat>
<stat pass="1" fail="0" skip="0">testeEstruturaResposta</stat>
<stat pass="1" fail="0" skip="0">testeRequisicaoBasica</stat>
<stat pass="1" fail="0" skip="0">testeTiposDados</stat>
</tag>
<suite>
<stat pass="5" fail="0" skip="0" id="s1" name="Tests">Tests</stat>
<stat pass="5" fail="0" skip="0" id="s1-s1" name="Random-User-Test">Tests.Random-User-Test</stat>
</suite>
</statistics>
<errors>
</errors>
</robot>
