<?xml version="1.0" encoding="UTF-8"?>
<robot generator="Robot 7.0.1 (Python 3.12.4 on linux)" generated="2024-08-01T04:18:31.836100" rpa="false" schemaversion="5">
<suite id="s1" name="Tests" source="/home/runner/work/ApiRandomUser/ApiRandomUser/RamdonUser/tests">
<suite id="s1-s1" name="Random-User-Test" source="/home/runner/work/ApiRandomUser/ApiRandomUser/RamdonUser/tests/random-user-test.robot">
<test id="s1-s1-t1" name="Conectar" line="13">
<kw name="Conectar API" owner="random-user-service">
<kw name="Create Session" owner="RequestsLibrary">
<msg time="2024-08-01T04:18:32.224805" level="INFO">Creating Session using : alias=consultarAPI, url=https://randomuser.me/, headers={},                     cookies={}, auth=None, timeout=None, proxies=None, verify=False,                     debug=0 </msg>
<arg>consultarAPI</arg>
<arg>${URL}</arg>
<doc>Create Session: create a HTTP session to a server</doc>
<status status="PASS" start="2024-08-01T04:18:32.224603" elapsed="0.000376"/>
</kw>
<status status="PASS" start="2024-08-01T04:18:32.223536" elapsed="0.001793"/>
</kw>
<status status="PASS" start="2024-08-01T04:18:32.222954" elapsed="0.002567"/>
</test>
<test id="s1-s1-t2" name="Validar retorno 200 e JSON Válido" line="16">
<kw name="Teste de Requisicao Basica" owner="random-user-service">
<kw name="GET On Session" owner="RequestsLibrary">
<msg time="2024-08-01T04:18:32.819179" level="INFO">GET Request : url=https://randomuser.me/api 
 path_url=/api 
 headers={'User-Agent': 'python-requests/2.32.3', 'Accept-Encoding': 'gzip, deflate', 'Accept': '*/*', 'Connection': 'keep-alive'} 
 body=None 
 </msg>
<msg time="2024-08-01T04:18:32.819329" level="INFO">GET Response : url=https://randomuser.me/api 
 status=200, reason=OK 
 headers={'Date': 'Thu, 01 Aug 2024 04:18:32 GMT', 'Content-Type': 'application/json; charset=utf-8', 'Transfer-Encoding': 'chunked', 'Connection': 'keep-alive', 'X-Powered-By': 'Express', 'Access-Control-Allow-Origin': '*', 'Cache-Control': 'no-cache', 'ETag': 'W/"46e-gwSF3E9T2J/mMUUEMwNVWbthh+A"', 'Vary': 'Accept-Encoding', 'Content-Encoding': 'gzip', 'CF-Cache-Status': 'DYNAMIC', 'Report-To': '{"endpoints":[{"url":"https:\\/\\/a.nel.cloudflare.com\\/report\\/v4?s=RLXoPAe27LmSfHxXfpOxmn37mtd98rZ%2FaOXW5CAEi7%2Fl8e8yJCWmqYxJfGuHKKfN5T77QC6x3wwRNSuKRxubNbk5xNaJwo3t%2FZNxtOm%2FSHCq7gepazfY%2BxVKk8f1rQt4"}],"group":"cf-nel","max_age":604800}', 'NEL': '{"success_fraction":0,"report_to":"cf-nel","max_age":604800}', 'Server': 'cloudflare', 'CF-RAY': '8ac30658489c2420-IAD', 'alt-svc': 'h3=":443"; ma=86400'} 
 body={"results":[{"gender":"female","name":{"title":"Mrs","first":"Tilde","last":"Madsen"},"location":{"street":{"number":5489,"name":"Møllegade"},"city":"Gørløse","state":"Midtjylland","country":"Denmark","postcode":35911,"coordinates":{"latitude":"-46.9340","longitude":"143.7264"},"timezone":{"offset":"+4:30","description":"Kabul"}},"email":"tilde.madsen@example.com","login":{"uuid":"f78a8847-4adf-4cee-8fca-8fb780ad836f","username":"redleopard951","password":"salem","salt":"N17X56F8","md5":"57a029b8c3e6b7ca0a0d8dd3afe149a7","sha1":"4c5229c10151c790c54666ccb77db1bf3d3ccfa6","sha256":"72996340a30a95f889ca1be27ee252472ec979f735e8e5d621b8ddf16aac12a6"},"dob":{"date":"1983-10-31T16:52:34.896Z","age":40},"registered":{"date":"2011-10-28T23:24:40.570Z","age":12},"phone":"06852493","cell":"12597387","id":{"name":"CPR","value":"311083-1484"},"picture":{"large":"https://randomuser.me/api/portraits/women/50.jpg","medium":"https://randomuser.me/api/portraits/med/women/50.jpg","thumbnail":"https://randomuser.me/api/portraits/thumb/women/50.jpg"},"nat":"DK"}],"info":{"seed":"b288867cbfcca137","results":1,"page":1,"version":"1.4"}} 
 </msg>
<msg time="2024-08-01T04:18:32.819415" level="INFO">/opt/hostedtoolcache/Python/3.12.4/x64/lib/python3.12/site-packages/urllib3/connectionpool.py:1099: InsecureRequestWarning: Unverified HTTPS request is being made to host 'randomuser.me'. Adding certificate verification is strongly advised. See: https://urllib3.readthedocs.io/en/latest/advanced-usage.html#tls-warnings
  warnings.warn(</msg>
<msg time="2024-08-01T04:18:32.819643" level="INFO">${response} = &lt;Response [200]&gt;</msg>
<var>${response}</var>
<arg>consultarAPI</arg>
<arg>/api</arg>
<doc>Sends a GET request on a previously created HTTP Session.</doc>
<status status="PASS" start="2024-08-01T04:18:32.228164" elapsed="0.591520"/>
</kw>
<kw name="Should Be Equal As Numbers" owner="BuiltIn">
<msg time="2024-08-01T04:18:32.820679" level="INFO">Argument types are:
&lt;class 'int'&gt;
&lt;class 'str'&gt;</msg>
<arg>${response.status_code}</arg>
<arg>200</arg>
<doc>Fails if objects are unequal after converting them to real numbers.</doc>
<status status="PASS" start="2024-08-01T04:18:32.820217" elapsed="0.000527"/>
</kw>
<kw name="Log" owner="BuiltIn">
<msg time="2024-08-01T04:18:32.821429" level="INFO">200</msg>
<arg>${response.status_code}</arg>
<doc>Logs the given message with the given level.</doc>
<status status="PASS" start="2024-08-01T04:18:32.821070" elapsed="0.000406"/>
</kw>
<kw name="Set Variable" owner="BuiltIn">
<msg time="2024-08-01T04:18:32.822240" level="INFO">${json_data} = {'results': [{'gender': 'female', 'name': {'title': 'Mrs', 'first': 'Tilde', 'last': 'Madsen'}, 'location': {'street': {'number': 5489, 'name': 'Møllegade'}, 'city': 'Gørløse', 'state': 'Midtjylland',...</msg>
<var>${json_data}</var>
<arg>${response.json()}</arg>
<doc>Returns the given values which can then be assigned to a variables.</doc>
<status status="PASS" start="2024-08-01T04:18:32.821794" elapsed="0.000475"/>
</kw>
<kw name="Dictionary Should Contain Key" owner="Collections">
<arg>${json_data}</arg>
<arg>results</arg>
<doc>Fails if ``key`` is not found from ``dictionary``.</doc>
<status status="PASS" start="2024-08-01T04:18:32.822581" elapsed="0.000325"/>
</kw>
<status status="PASS" start="2024-08-01T04:18:32.227883" elapsed="0.595179"/>
</kw>
<doc>Testa se a API responde corretamente e retorna um objeto JSON válido.</doc>
<tag>testeRequisicaoBasica</tag>
<status status="PASS" start="2024-08-01T04:18:32.227352" elapsed="0.595884"/>
</test>
<test id="s1-s1-t3" name="Validar estrutura de resposta" line="22">
<kw name="Teste de Estrutura de Resposta" owner="random-user-service">
<kw name="GET On Session" owner="RequestsLibrary">
<msg time="2024-08-01T04:18:33.105651" level="INFO">GET Request : url=https://randomuser.me/api 
 path_url=/api 
 headers={'User-Agent': 'python-requests/2.32.3', 'Accept-Encoding': 'gzip, deflate', 'Accept': '*/*', 'Connection': 'keep-alive'} 
 body=None 
 </msg>
<msg time="2024-08-01T04:18:33.105719" level="INFO">GET Response : url=https://randomuser.me/api 
 status=200, reason=OK 
 headers={'Date': 'Thu, 01 Aug 2024 04:18:33 GMT', 'Content-Type': 'application/json; charset=utf-8', 'Transfer-Encoding': 'chunked', 'Connection': 'keep-alive', 'X-Powered-By': 'Express', 'Access-Control-Allow-Origin': '*', 'Cache-Control': 'no-cache', 'ETag': 'W/"47f-gnVl9yASduOFNa3gWZtJ1qlu+T0"', 'Vary': 'Accept-Encoding', 'Content-Encoding': 'gzip', 'CF-Cache-Status': 'DYNAMIC', 'Report-To': '{"endpoints":[{"url":"https:\\/\\/a.nel.cloudflare.com\\/report\\/v4?s=r4uBUg7%2BFs5d5%2FoIVM3m4GzrUaRlP7JpCSpDL%2Bi9iAbBOpiUpTV4DAqzGs2eTtEvPVszN3fzW8NoM6DlVSZtfA8lfRnJxf%2BhLkf2nzEAHRksx1IM7NQN7AftICUBiCkC"}],"group":"cf-nel","max_age":604800}', 'NEL': '{"success_fraction":0,"report_to":"cf-nel","max_age":604800}', 'Server': 'cloudflare', 'CF-RAY': '8ac3065b2aac2420-IAD', 'alt-svc': 'h3=":443"; ma=86400'} 
 body={"results":[{"gender":"female","name":{"title":"Miss","first":"Gisela","last":"Nitz"},"location":{"street":{"number":8784,"name":"Fasanenweg"},"city":"Borgholzhausen","state":"Hessen","country":"Germany","postcode":42368,"coordinates":{"latitude":"-55.0181","longitude":"127.6126"},"timezone":{"offset":"+3:30","description":"Tehran"}},"email":"gisela.nitz@example.com","login":{"uuid":"5a29e426-5778-488a-bf6f-ac37d8f20c31","username":"yellowostrich803","password":"hawaii","salt":"DDGIHOn0","md5":"3a06560d08f6daaeb78a530b7d1c62fc","sha1":"77ec73021e804908216740d26256470e469b928f","sha256":"8b4d081e9bc4812519f1fef9e439a6efdc3ec913cc02d98bfc0f4e56530c2880"},"dob":{"date":"1956-09-13T12:14:17.933Z","age":67},"registered":{"date":"2012-03-21T18:02:05.669Z","age":12},"phone":"0591-0721274","cell":"0176-7150739","id":{"name":"SVNR","value":"13 130956 N 684"},"picture":{"large":"https://randomuser.me/api/portraits/women/80.jpg","medium":"https://randomuser.me/api/portraits/med/women/80.jpg","thumbnail":"https://randomuser.me/api/portraits/thumb/women/80.jpg"},"nat":"DE"}],"info":{"seed":"6411f8ff7f8084ea","results":1,"page":1,"version":"1.4"}} 
 </msg>
<msg time="2024-08-01T04:18:33.105818" level="INFO">/opt/hostedtoolcache/Python/3.12.4/x64/lib/python3.12/site-packages/urllib3/connectionpool.py:1099: InsecureRequestWarning: Unverified HTTPS request is being made to host 'randomuser.me'. Adding certificate verification is strongly advised. See: https://urllib3.readthedocs.io/en/latest/advanced-usage.html#tls-warnings
  warnings.warn(</msg>
<msg time="2024-08-01T04:18:33.105918" level="INFO">${response} = &lt;Response [200]&gt;</msg>
<var>${response}</var>
<arg>consultarAPI</arg>
<arg>/api</arg>
<doc>Sends a GET request on a previously created HTTP Session.</doc>
<status status="PASS" start="2024-08-01T04:18:32.825843" elapsed="0.280101"/>
</kw>
<kw name="Set Variable" owner="BuiltIn">
<msg time="2024-08-01T04:18:33.106861" level="INFO">${json_data} = {'results': [{'gender': 'female', 'name': {'title': 'Miss', 'first': 'Gisela', 'last': 'Nitz'}, 'location': {'street': {'number': 8784, 'name': 'Fasanenweg'}, 'city': 'Borgholzhausen', 'state': 'Hesse...</msg>
<var>${json_data}</var>
<arg>${response.json()}</arg>
<doc>Returns the given values which can then be assigned to a variables.</doc>
<status status="PASS" start="2024-08-01T04:18:33.106409" elapsed="0.000480"/>
</kw>
<kw name="Log" owner="BuiltIn">
<msg time="2024-08-01T04:18:33.107357" level="INFO">{'results': [{'gender': 'female', 'name': {'title': 'Miss', 'first': 'Gisela', 'last': 'Nitz'}, 'location': {'street': {'number': 8784, 'name': 'Fasanenweg'}, 'city': 'Borgholzhausen', 'state': 'Hessen', 'country': 'Germany', 'postcode': 42368, 'coordinates': {'latitude': '-55.0181', 'longitude': '127.6126'}, 'timezone': {'offset': '+3:30', 'description': 'Tehran'}}, 'email': 'gisela.nitz@example.com', 'login': {'uuid': '5a29e426-5778-488a-bf6f-ac37d8f20c31', 'username': 'yellowostrich803', 'password': 'hawaii', 'salt': 'DDGIHOn0', 'md5': '3a06560d08f6daaeb78a530b7d1c62fc', 'sha1': '77ec73021e804908216740d26256470e469b928f', 'sha256': '8b4d081e9bc4812519f1fef9e439a6efdc3ec913cc02d98bfc0f4e56530c2880'}, 'dob': {'date': '1956-09-13T12:14:17.933Z', 'age': 67}, 'registered': {'date': '2012-03-21T18:02:05.669Z', 'age': 12}, 'phone': '0591-0721274', 'cell': '0176-7150739', 'id': {'name': 'SVNR', 'value': '13 130956 N 684'}, 'picture': {'large': 'https://randomuser.me/api/portraits/women/80.jpg', 'medium': 'https://randomuser.me/api/portraits/med/women/80.jpg', 'thumbnail': 'https://randomuser.me/api/portraits/thumb/women/80.jpg'}, 'nat': 'DE'}], 'info': {'seed': '6411f8ff7f8084ea', 'results': 1, 'page': 1, 'version': '1.4'}}</msg>
<arg>${json_data}</arg>
<doc>Logs the given message with the given level.</doc>
<status status="PASS" start="2024-08-01T04:18:33.107195" elapsed="0.000214"/>
</kw>
<kw name="Dictionary Should Contain Key" owner="Collections">
<arg>${json_data}</arg>
<arg>results</arg>
<doc>Fails if ``key`` is not found from ``dictionary``.</doc>
<status status="PASS" start="2024-08-01T04:18:33.107699" elapsed="0.000164"/>
</kw>
<kw name="Should Not Be Empty" owner="BuiltIn">
<msg time="2024-08-01T04:18:33.108213" level="INFO">Length is 2.</msg>
<arg>${json_data}</arg>
<doc>Verifies that the given item is not empty.</doc>
<status status="PASS" start="2024-08-01T04:18:33.108075" elapsed="0.000180"/>
</kw>
<kw name="Create List" owner="BuiltIn">
<msg time="2024-08-01T04:18:33.108695" level="INFO">${expected_keys} = ['gender', 'name', 'location', 'email', 'login']</msg>
<var>${expected_keys}</var>
<arg>gender</arg>
<arg>name</arg>
<arg>location</arg>
<arg>email</arg>
<arg>login</arg>
<doc>Returns a list containing given items.</doc>
<status status="PASS" start="2024-08-01T04:18:33.108542" elapsed="0.000176"/>
</kw>
<for flavor="IN">
<iter>
<kw name="Dictionary Should Contain Key" owner="Collections">
<arg>${json_data['results'][0]}</arg>
<arg>${key}</arg>
<doc>Fails if ``key`` is not found from ``dictionary``.</doc>
<status status="PASS" start="2024-08-01T04:18:33.109290" elapsed="0.000401"/>
</kw>
<kw name="Log" owner="BuiltIn">
<msg time="2024-08-01T04:18:33.110234" level="INFO">{'gender': 'female', 'name': {'title': 'Miss', 'first': 'Gisela', 'last': 'Nitz'}, 'location': {'street': {'number': 8784, 'name': 'Fasanenweg'}, 'city': 'Borgholzhausen', 'state': 'Hessen', 'country': 'Germany', 'postcode': 42368, 'coordinates': {'latitude': '-55.0181', 'longitude': '127.6126'}, 'timezone': {'offset': '+3:30', 'description': 'Tehran'}}, 'email': 'gisela.nitz@example.com', 'login': {'uuid': '5a29e426-5778-488a-bf6f-ac37d8f20c31', 'username': 'yellowostrich803', 'password': 'hawaii', 'salt': 'DDGIHOn0', 'md5': '3a06560d08f6daaeb78a530b7d1c62fc', 'sha1': '77ec73021e804908216740d26256470e469b928f', 'sha256': '8b4d081e9bc4812519f1fef9e439a6efdc3ec913cc02d98bfc0f4e56530c2880'}, 'dob': {'date': '1956-09-13T12:14:17.933Z', 'age': 67}, 'registered': {'date': '2012-03-21T18:02:05.669Z', 'age': 12}, 'phone': '0591-0721274', 'cell': '0176-7150739', 'id': {'name': 'SVNR', 'value': '13 130956 N 684'}, 'picture': {'large': 'https://randomuser.me/api/portraits/women/80.jpg', 'medium': 'https://randomuser.me/api/portraits/med/women/80.jpg', 'thumbnail': 'https://randomuser.me/api/portraits/thumb/women/80.jpg'}, 'nat': 'DE'}</msg>
<arg>${json_data['results'][0]}</arg>
<doc>Logs the given message with the given level.</doc>
<status status="PASS" start="2024-08-01T04:18:33.109882" elapsed="0.000400"/>
</kw>
<kw name="Log" owner="BuiltIn">
<msg time="2024-08-01T04:18:33.110705" level="INFO">gender</msg>
<arg>${key}</arg>
<doc>Logs the given message with the given level.</doc>
<status status="PASS" start="2024-08-01T04:18:33.110577" elapsed="0.000165"/>
</kw>
<var name="${key}">gender</var>
<status status="PASS" start="2024-08-01T04:18:33.109165" elapsed="0.001792"/>
</iter>
<iter>
<kw name="Dictionary Should Contain Key" owner="Collections">
<arg>${json_data['results'][0]}</arg>
<arg>${key}</arg>
<doc>Fails if ``key`` is not found from ``dictionary``.</doc>
<status status="PASS" start="2024-08-01T04:18:33.111252" elapsed="0.000384"/>
</kw>
<kw name="Log" owner="BuiltIn">
<msg time="2024-08-01T04:18:33.112218" level="INFO">{'gender': 'female', 'name': {'title': 'Miss', 'first': 'Gisela', 'last': 'Nitz'}, 'location': {'street': {'number': 8784, 'name': 'Fasanenweg'}, 'city': 'Borgholzhausen', 'state': 'Hessen', 'country': 'Germany', 'postcode': 42368, 'coordinates': {'latitude': '-55.0181', 'longitude': '127.6126'}, 'timezone': {'offset': '+3:30', 'description': 'Tehran'}}, 'email': 'gisela.nitz@example.com', 'login': {'uuid': '5a29e426-5778-488a-bf6f-ac37d8f20c31', 'username': 'yellowostrich803', 'password': 'hawaii', 'salt': 'DDGIHOn0', 'md5': '3a06560d08f6daaeb78a530b7d1c62fc', 'sha1': '77ec73021e804908216740d26256470e469b928f', 'sha256': '8b4d081e9bc4812519f1fef9e439a6efdc3ec913cc02d98bfc0f4e56530c2880'}, 'dob': {'date': '1956-09-13T12:14:17.933Z', 'age': 67}, 'registered': {'date': '2012-03-21T18:02:05.669Z', 'age': 12}, 'phone': '0591-0721274', 'cell': '0176-7150739', 'id': {'name': 'SVNR', 'value': '13 130956 N 684'}, 'picture': {'large': 'https://randomuser.me/api/portraits/women/80.jpg', 'medium': 'https://randomuser.me/api/portraits/med/women/80.jpg', 'thumbnail': 'https://randomuser.me/api/portraits/thumb/women/80.jpg'}, 'nat': 'DE'}</msg>
<arg>${json_data['results'][0]}</arg>
<doc>Logs the given message with the given level.</doc>
<status status="PASS" start="2024-08-01T04:18:33.111816" elapsed="0.000481"/>
</kw>
<kw name="Log" owner="BuiltIn">
<msg time="2024-08-01T04:18:33.112752" level="INFO">name</msg>
<arg>${key}</arg>
<doc>Logs the given message with the given level.</doc>
<status status="PASS" start="2024-08-01T04:18:33.112619" elapsed="0.000170"/>
</kw>
<var name="${key}">name</var>
<status status="PASS" start="2024-08-01T04:18:33.111142" elapsed="0.001871"/>
</iter>
<iter>
<kw name="Dictionary Should Contain Key" owner="Collections">
<arg>${json_data['results'][0]}</arg>
<arg>${key}</arg>
<doc>Fails if ``key`` is not found from ``dictionary``.</doc>
<status status="PASS" start="2024-08-01T04:18:33.113293" elapsed="0.000381"/>
</kw>
<kw name="Log" owner="BuiltIn">
<msg time="2024-08-01T04:18:33.114206" level="INFO">{'gender': 'female', 'name': {'title': 'Miss', 'first': 'Gisela', 'last': 'Nitz'}, 'location': {'street': {'number': 8784, 'name': 'Fasanenweg'}, 'city': 'Borgholzhausen', 'state': 'Hessen', 'country': 'Germany', 'postcode': 42368, 'coordinates': {'latitude': '-55.0181', 'longitude': '127.6126'}, 'timezone': {'offset': '+3:30', 'description': 'Tehran'}}, 'email': 'gisela.nitz@example.com', 'login': {'uuid': '5a29e426-5778-488a-bf6f-ac37d8f20c31', 'username': 'yellowostrich803', 'password': 'hawaii', 'salt': 'DDGIHOn0', 'md5': '3a06560d08f6daaeb78a530b7d1c62fc', 'sha1': '77ec73021e804908216740d26256470e469b928f', 'sha256': '8b4d081e9bc4812519f1fef9e439a6efdc3ec913cc02d98bfc0f4e56530c2880'}, 'dob': {'date': '1956-09-13T12:14:17.933Z', 'age': 67}, 'registered': {'date': '2012-03-21T18:02:05.669Z', 'age': 12}, 'phone': '0591-0721274', 'cell': '0176-7150739', 'id': {'name': 'SVNR', 'value': '13 130956 N 684'}, 'picture': {'large': 'https://randomuser.me/api/portraits/women/80.jpg', 'medium': 'https://randomuser.me/api/portraits/med/women/80.jpg', 'thumbnail': 'https://randomuser.me/api/portraits/thumb/women/80.jpg'}, 'nat': 'DE'}</msg>
<arg>${json_data['results'][0]}</arg>
<doc>Logs the given message with the given level.</doc>
<status status="PASS" start="2024-08-01T04:18:33.113859" elapsed="0.000394"/>
</kw>
<kw name="Log" owner="BuiltIn">
<msg time="2024-08-01T04:18:33.114672" level="INFO">location</msg>
<arg>${key}</arg>
<doc>Logs the given message with the given level.</doc>
<status status="PASS" start="2024-08-01T04:18:33.114546" elapsed="0.000162"/>
</kw>
<var name="${key}">location</var>
<status status="PASS" start="2024-08-01T04:18:33.113187" elapsed="0.001739"/>
</iter>
<iter>
<kw name="Dictionary Should Contain Key" owner="Collections">
<arg>${json_data['results'][0]}</arg>
<arg>${key}</arg>
<doc>Fails if ``key`` is not found from ``dictionary``.</doc>
<status status="PASS" start="2024-08-01T04:18:33.115198" elapsed="0.000381"/>
</kw>
<kw name="Log" owner="BuiltIn">
<msg time="2024-08-01T04:18:33.116271" level="INFO">{'gender': 'female', 'name': {'title': 'Miss', 'first': 'Gisela', 'last': 'Nitz'}, 'location': {'street': {'number': 8784, 'name': 'Fasanenweg'}, 'city': 'Borgholzhausen', 'state': 'Hessen', 'country': 'Germany', 'postcode': 42368, 'coordinates': {'latitude': '-55.0181', 'longitude': '127.6126'}, 'timezone': {'offset': '+3:30', 'description': 'Tehran'}}, 'email': 'gisela.nitz@example.com', 'login': {'uuid': '5a29e426-5778-488a-bf6f-ac37d8f20c31', 'username': 'yellowostrich803', 'password': 'hawaii', 'salt': 'DDGIHOn0', 'md5': '3a06560d08f6daaeb78a530b7d1c62fc', 'sha1': '77ec73021e804908216740d26256470e469b928f', 'sha256': '8b4d081e9bc4812519f1fef9e439a6efdc3ec913cc02d98bfc0f4e56530c2880'}, 'dob': {'date': '1956-09-13T12:14:17.933Z', 'age': 67}, 'registered': {'date': '2012-03-21T18:02:05.669Z', 'age': 12}, 'phone': '0591-0721274', 'cell': '0176-7150739', 'id': {'name': 'SVNR', 'value': '13 130956 N 684'}, 'picture': {'large': 'https://randomuser.me/api/portraits/women/80.jpg', 'medium': 'https://randomuser.me/api/portraits/med/women/80.jpg', 'thumbnail': 'https://randomuser.me/api/portraits/thumb/women/80.jpg'}, 'nat': 'DE'}</msg>
<arg>${json_data['results'][0]}</arg>
<doc>Logs the given message with the given level.</doc>
<status status="PASS" start="2024-08-01T04:18:33.115879" elapsed="0.000449"/>
</kw>
<kw name="Log" owner="BuiltIn">
<msg time="2024-08-01T04:18:33.116755" level="INFO">email</msg>
<arg>${key}</arg>
<doc>Logs the given message with the given level.</doc>
<status status="PASS" start="2024-08-01T04:18:33.116625" elapsed="0.000169"/>
</kw>
<var name="${key}">email</var>
<status status="PASS" start="2024-08-01T04:18:33.115093" elapsed="0.001918"/>
</iter>
<iter>
<kw name="Dictionary Should Contain Key" owner="Collections">
<arg>${json_data['results'][0]}</arg>
<arg>${key}</arg>
<doc>Fails if ``key`` is not found from ``dictionary``.</doc>
<status status="PASS" start="2024-08-01T04:18:33.117292" elapsed="0.000377"/>
</kw>
<kw name="Log" owner="BuiltIn">
<msg time="2024-08-01T04:18:33.118197" level="INFO">{'gender': 'female', 'name': {'title': 'Miss', 'first': 'Gisela', 'last': 'Nitz'}, 'location': {'street': {'number': 8784, 'name': 'Fasanenweg'}, 'city': 'Borgholzhausen', 'state': 'Hessen', 'country': 'Germany', 'postcode': 42368, 'coordinates': {'latitude': '-55.0181', 'longitude': '127.6126'}, 'timezone': {'offset': '+3:30', 'description': 'Tehran'}}, 'email': 'gisela.nitz@example.com', 'login': {'uuid': '5a29e426-5778-488a-bf6f-ac37d8f20c31', 'username': 'yellowostrich803', 'password': 'hawaii', 'salt': 'DDGIHOn0', 'md5': '3a06560d08f6daaeb78a530b7d1c62fc', 'sha1': '77ec73021e804908216740d26256470e469b928f', 'sha256': '8b4d081e9bc4812519f1fef9e439a6efdc3ec913cc02d98bfc0f4e56530c2880'}, 'dob': {'date': '1956-09-13T12:14:17.933Z', 'age': 67}, 'registered': {'date': '2012-03-21T18:02:05.669Z', 'age': 12}, 'phone': '0591-0721274', 'cell': '0176-7150739', 'id': {'name': 'SVNR', 'value': '13 130956 N 684'}, 'picture': {'large': 'https://randomuser.me/api/portraits/women/80.jpg', 'medium': 'https://randomuser.me/api/portraits/med/women/80.jpg', 'thumbnail': 'https://randomuser.me/api/portraits/thumb/women/80.jpg'}, 'nat': 'DE'}</msg>
<arg>${json_data['results'][0]}</arg>
<doc>Logs the given message with the given level.</doc>
<status status="PASS" start="2024-08-01T04:18:33.117847" elapsed="0.000397"/>
</kw>
<kw name="Log" owner="BuiltIn">
<msg time="2024-08-01T04:18:33.118669" level="INFO">login</msg>
<arg>${key}</arg>
<doc>Logs the given message with the given level.</doc>
<status status="PASS" start="2024-08-01T04:18:33.118543" elapsed="0.000163"/>
</kw>
<var name="${key}">login</var>
<status status="PASS" start="2024-08-01T04:18:33.117184" elapsed="0.001737"/>
</iter>
<var>${key}</var>
<value>@{expected_keys}</value>
<status status="PASS" start="2024-08-01T04:18:33.108977" elapsed="0.010062"/>
</for>
<kw name="Create List" owner="BuiltIn">
<msg time="2024-08-01T04:18:33.119357" level="INFO">${expected_keysTwo} = ['username', 'password']</msg>
<var>${expected_keysTwo}</var>
<arg>username</arg>
<arg>password</arg>
<doc>Returns a list containing given items.</doc>
<status status="PASS" start="2024-08-01T04:18:33.119223" elapsed="0.000157"/>
</kw>
<for flavor="IN">
<iter>
<kw name="Dictionary Should Contain Key" owner="Collections">
<arg>${json_data['results'][0]['login']}</arg>
<arg>${keyTwo}</arg>
<doc>Fails if ``key`` is not found from ``dictionary``.</doc>
<status status="PASS" start="2024-08-01T04:18:33.119900" elapsed="0.000418"/>
</kw>
<kw name="Dictionary Should Contain Key" owner="Collections">
<arg>${json_data['results'][0]['login']}</arg>
<arg>${keyTwo}</arg>
<doc>Fails if ``key`` is not found from ``dictionary``.</doc>
<status status="PASS" start="2024-08-01T04:18:33.120497" elapsed="0.000369"/>
</kw>
<kw name="Log" owner="BuiltIn">
<msg time="2024-08-01T04:18:33.121173" level="INFO">username</msg>
<arg>${keyTwo}</arg>
<doc>Logs the given message with the given level.</doc>
<status status="PASS" start="2024-08-01T04:18:33.121054" elapsed="0.000154"/>
</kw>
<var name="${keyTwo}">username</var>
<status status="PASS" start="2024-08-01T04:18:33.119794" elapsed="0.001632"/>
</iter>
<iter>
<kw name="Dictionary Should Contain Key" owner="Collections">
<arg>${json_data['results'][0]['login']}</arg>
<arg>${keyTwo}</arg>
<doc>Fails if ``key`` is not found from ``dictionary``.</doc>
<status status="PASS" start="2024-08-01T04:18:33.121706" elapsed="0.000379"/>
</kw>
<kw name="Dictionary Should Contain Key" owner="Collections">
<arg>${json_data['results'][0]['login']}</arg>
<arg>${keyTwo}</arg>
<doc>Fails if ``key`` is not found from ``dictionary``.</doc>
<status status="PASS" start="2024-08-01T04:18:33.122260" elapsed="0.000365"/>
</kw>
<kw name="Log" owner="BuiltIn">
<msg time="2024-08-01T04:18:33.122951" level="INFO">password</msg>
<arg>${keyTwo}</arg>
<doc>Logs the given message with the given level.</doc>
<status status="PASS" start="2024-08-01T04:18:33.122820" elapsed="0.000168"/>
</kw>
<var name="${keyTwo}">password</var>
<status status="PASS" start="2024-08-01T04:18:33.121596" elapsed="0.001614"/>
</iter>
<var>${keyTwo}</var>
<value>@{expected_keysTwo}</value>
<status status="PASS" start="2024-08-01T04:18:33.119642" elapsed="0.003690"/>
</for>
<status status="PASS" start="2024-08-01T04:18:32.825610" elapsed="0.297861"/>
</kw>
<doc>Testa a estrutura da resposta da API.</doc>
<tag>testeEstruturaResposta</tag>
<status status="PASS" start="2024-08-01T04:18:32.825091" elapsed="0.298529"/>
</test>
<test id="s1-s1-t4" name="Validar tipos de dados" line="28">
<kw name="Teste de Tipos de Dados" owner="random-user-service">
<kw name="GET On Session" owner="RequestsLibrary">
<msg time="2024-08-01T04:18:33.273590" level="INFO">GET Request : url=https://randomuser.me/api 
 path_url=/api 
 headers={'User-Agent': 'python-requests/2.32.3', 'Accept-Encoding': 'gzip, deflate', 'Accept': '*/*', 'Connection': 'keep-alive'} 
 body=None 
 </msg>
<msg time="2024-08-01T04:18:33.273674" level="INFO">GET Response : url=https://randomuser.me/api 
 status=200, reason=OK 
 headers={'Date': 'Thu, 01 Aug 2024 04:18:33 GMT', 'Content-Type': 'application/json; charset=utf-8', 'Transfer-Encoding': 'chunked', 'Connection': 'keep-alive', 'X-Powered-By': 'Express', 'Access-Control-Allow-Origin': '*', 'Cache-Control': 'no-cache', 'ETag': 'W/"486-vYPK/u/QcMZQnGprO+By4eFJxSk"', 'Vary': 'Accept-Encoding', 'Content-Encoding': 'gzip', 'CF-Cache-Status': 'DYNAMIC', 'Report-To': '{"endpoints":[{"url":"https:\\/\\/a.nel.cloudflare.com\\/report\\/v4?s=S0pHmpKjpO16QafJJ%2FHPJc0BaQu0Z93q7hTEhcPy6XJ5D9Hwbr%2Fbk9c%2FcRVmBom4ed4y2SOOFwbj0DyFHoBeXE1aUacwhT7V0o67lkhnSD3KTzG8EOrOQVNdZU8wSUYC"}],"group":"cf-nel","max_age":604800}', 'NEL': '{"success_fraction":0,"report_to":"cf-nel","max_age":604800}', 'Server': 'cloudflare', 'CF-RAY': '8ac3065d0bf62420-IAD', 'alt-svc': 'h3=":443"; ma=86400'} 
 body={"results":[{"gender":"male","name":{"title":"Mr","first":"Arthur","last":"Patel"},"location":{"street":{"number":4666,"name":"St. Catherine St"},"city":"Wellington","state":"Québec","country":"Canada","postcode":"H3N 2D5","coordinates":{"latitude":"-70.4912","longitude":"-152.4075"},"timezone":{"offset":"+2:00","description":"Kaliningrad, South Africa"}},"email":"arthur.patel@example.com","login":{"uuid":"2b87dfcc-f724-4860-a944-f4d419513c70","username":"goldenfish969","password":"mandy1","salt":"0DlqIzal","md5":"9c3aa9e1fa306343ca1332aa9208ca88","sha1":"773a73b3a37e1504d44d0c7d7cdf15ab56ccd30f","sha256":"e51ac4c697bf114bd97bf5a06f5c26d45863c22312f30a78429d655293d8cb0b"},"dob":{"date":"1959-11-07T19:32:43.769Z","age":64},"registered":{"date":"2018-11-16T14:42:15.917Z","age":5},"phone":"C63 C17-4030","cell":"M17 O10-9988","id":{"name":"SIN","value":"256808189"},"picture":{"large":"https://randomuser.me/api/portraits/men/26.jpg","medium":"https://randomuser.me/api/portraits/med/men/26.jpg","thumbnail":"https://randomuser.me/api/portraits/thumb/men/26.jpg"},"nat":"CA"}],"info":{"seed":"4f9c53e9be9d5339","results":1,"page":1,"version":"1.4"}} 
 </msg>
<msg time="2024-08-01T04:18:33.273750" level="INFO">/opt/hostedtoolcache/Python/3.12.4/x64/lib/python3.12/site-packages/urllib3/connectionpool.py:1099: InsecureRequestWarning: Unverified HTTPS request is being made to host 'randomuser.me'. Adding certificate verification is strongly advised. See: https://urllib3.readthedocs.io/en/latest/advanced-usage.html#tls-warnings
  warnings.warn(</msg>
<msg time="2024-08-01T04:18:33.273865" level="INFO">${response} = &lt;Response [200]&gt;</msg>
<var>${response}</var>
<arg>consultarAPI</arg>
<arg>/api</arg>
<doc>Sends a GET request on a previously created HTTP Session.</doc>
<status status="PASS" start="2024-08-01T04:18:33.126149" elapsed="0.147778"/>
</kw>
<kw name="Set Variable" owner="BuiltIn">
<msg time="2024-08-01T04:18:33.274969" level="INFO">${json_data} = {'results': [{'gender': 'male', 'name': {'title': 'Mr', 'first': 'Arthur', 'last': 'Patel'}, 'location': {'street': {'number': 4666, 'name': 'St. Catherine St'}, 'city': 'Wellington', 'state': 'Québec...</msg>
<var>${json_data}</var>
<arg>${response.json()}</arg>
<doc>Returns the given values which can then be assigned to a variables.</doc>
<status status="PASS" start="2024-08-01T04:18:33.274393" elapsed="0.000605"/>
</kw>
<kw name="Log" owner="BuiltIn">
<msg time="2024-08-01T04:18:33.275459" level="INFO">{'results': [{'gender': 'male', 'name': {'title': 'Mr', 'first': 'Arthur', 'last': 'Patel'}, 'location': {'street': {'number': 4666, 'name': 'St. Catherine St'}, 'city': 'Wellington', 'state': 'Québec', 'country': 'Canada', 'postcode': 'H3N 2D5', 'coordinates': {'latitude': '-70.4912', 'longitude': '-152.4075'}, 'timezone': {'offset': '+2:00', 'description': 'Kaliningrad, South Africa'}}, 'email': 'arthur.patel@example.com', 'login': {'uuid': '2b87dfcc-f724-4860-a944-f4d419513c70', 'username': 'goldenfish969', 'password': 'mandy1', 'salt': '0DlqIzal', 'md5': '9c3aa9e1fa306343ca1332aa9208ca88', 'sha1': '773a73b3a37e1504d44d0c7d7cdf15ab56ccd30f', 'sha256': 'e51ac4c697bf114bd97bf5a06f5c26d45863c22312f30a78429d655293d8cb0b'}, 'dob': {'date': '1959-11-07T19:32:43.769Z', 'age': 64}, 'registered': {'date': '2018-11-16T14:42:15.917Z', 'age': 5}, 'phone': 'C63 C17-4030', 'cell': 'M17 O10-9988', 'id': {'name': 'SIN', 'value': '256808189'}, 'picture': {'large': 'https://randomuser.me/api/portraits/men/26.jpg', 'medium': 'https://randomuser.me/api/portraits/med/men/26.jpg', 'thumbnail': 'https://randomuser.me/api/portraits/thumb/men/26.jpg'}, 'nat': 'CA'}], 'info': {'seed': '4f9c53e9be9d5339', 'results': 1, 'page': 1, 'version': '1.4'}}</msg>
<arg>${json_data}</arg>
<doc>Logs the given message with the given level.</doc>
<status status="PASS" start="2024-08-01T04:18:33.275305" elapsed="0.000202"/>
</kw>
<kw name="Should Be String" owner="String">
<arg>${json_data['results'][0]['gender']}</arg>
<doc>Fails if the given ``item`` is not a string.</doc>
<status status="PASS" start="2024-08-01T04:18:33.275796" elapsed="0.000412"/>
</kw>
<kw name="Should Match Regexp" owner="BuiltIn">
<arg>${json_data['results'][0]['email']}</arg>
<arg>^[a-zA-Z0-9._%+-]+@[a-zA-Z0-9.-]+\.[a-zA-Z]{2,}$</arg>
<doc>Fails if ``string`` does not match ``pattern`` as a regular expression.</doc>
<status status="PASS" start="2024-08-01T04:18:33.276398" elapsed="0.000504"/>
</kw>
<kw name="Should Match Regexp" owner="BuiltIn">
<arg>${json_data['results'][0]['dob']['date']}</arg>
<arg>\\d{4}-\\d{2}-\\d{2}T\\d{2}:\\d{2}:\\d{2}\\.\\d{3}Z</arg>
<doc>Fails if ``string`` does not match ``pattern`` as a regular expression.</doc>
<status status="PASS" start="2024-08-01T04:18:33.277134" elapsed="0.000591"/>
</kw>
<kw name="Should Match Regexp" owner="BuiltIn">
<arg>${json_data['results'][0]['registered']['date']}</arg>
<arg>\\d{4}-\\d{2}-\\d{2}T\\d{2}:\\d{2}:\\d{2}\\.\\d{3}Z</arg>
<doc>Fails if ``string`` does not match ``pattern`` as a regular expression.</doc>
<status status="PASS" start="2024-08-01T04:18:33.277921" elapsed="0.000370"/>
</kw>
<kw name="Should Match Regexp" owner="BuiltIn">
<arg>${json_data['results'][0]['picture']['large']}</arg>
<arg>^https?://.*\.(?:png|jpe?g|gif|bmp)$</arg>
<doc>Fails if ``string`` does not match ``pattern`` as a regular expression.</doc>
<status status="PASS" start="2024-08-01T04:18:33.278483" elapsed="0.000457"/>
</kw>
<kw name="Should Match Regexp" owner="BuiltIn">
<arg>${json_data['results'][0]['picture']['medium']}</arg>
<arg>^https?://.*\.(?:png|jpe?g|gif|bmp)$</arg>
<doc>Fails if ``string`` does not match ``pattern`` as a regular expression.</doc>
<status status="PASS" start="2024-08-01T04:18:33.279125" elapsed="0.000350"/>
</kw>
<kw name="Should Match Regexp" owner="BuiltIn">
<arg>${json_data['results'][0]['picture']['thumbnail']}</arg>
<arg>^https?://.*\.(?:png|jpe?g|gif|bmp)$</arg>
<doc>Fails if ``string`` does not match ``pattern`` as a regular expression.</doc>
<status status="PASS" start="2024-08-01T04:18:33.279656" elapsed="0.000373"/>
</kw>
<kw name="Log" owner="BuiltIn">
<msg time="2024-08-01T04:18:33.280552" level="INFO">{'large': 'https://randomuser.me/api/portraits/men/26.jpg', 'medium': 'https://randomuser.me/api/portraits/med/men/26.jpg', 'thumbnail': 'https://randomuser.me/api/portraits/thumb/men/26.jpg'}</msg>
<arg>${json_data['results'][0]['picture']}</arg>
<doc>Logs the given message with the given level.</doc>
<status status="PASS" start="2024-08-01T04:18:33.280224" elapsed="0.000371"/>
</kw>
<status status="PASS" start="2024-08-01T04:18:33.125917" elapsed="0.154930"/>
</kw>
<kw name="Teste de Tipos de Dados - Postcode" owner="random-user-service">
<kw name="GET On Session" owner="RequestsLibrary">
<msg time="2024-08-01T04:18:33.420579" level="INFO">GET Request : url=https://randomuser.me/api 
 path_url=/api 
 headers={'User-Agent': 'python-requests/2.32.3', 'Accept-Encoding': 'gzip, deflate', 'Accept': '*/*', 'Connection': 'keep-alive'} 
 body=None 
 </msg>
<msg time="2024-08-01T04:18:33.420655" level="INFO">GET Response : url=https://randomuser.me/api 
 status=200, reason=OK 
 headers={'Date': 'Thu, 01 Aug 2024 04:18:33 GMT', 'Content-Type': 'application/json; charset=utf-8', 'Transfer-Encoding': 'chunked', 'Connection': 'keep-alive', 'X-Powered-By': 'Express', 'Access-Control-Allow-Origin': '*', 'Cache-Control': 'no-cache', 'ETag': 'W/"480-40i+lzEL/OHGBIETS7SAF8lmnZU"', 'Vary': 'Accept-Encoding', 'Content-Encoding': 'gzip', 'CF-Cache-Status': 'DYNAMIC', 'Report-To': '{"endpoints":[{"url":"https:\\/\\/a.nel.cloudflare.com\\/report\\/v4?s=8m9%2BFCfIHkEMpNI2cS5%2F92LkspqJYvGvIkK%2F%2FB0ieImOeZNAfDI9nktEt8%2FRXZEVlQiftpcHSILEhENzi9kPTYCoolSJZVn8lkeZSX1dJY8YhT3%2BIKQZUXaxKjWfiqzV"}],"group":"cf-nel","max_age":604800}', 'NEL': '{"success_fraction":0,"report_to":"cf-nel","max_age":604800}', 'Server': 'cloudflare', 'CF-RAY': '8ac3065e0cb72420-IAD', 'alt-svc': 'h3=":443"; ma=86400'} 
 body={"results":[{"gender":"male","name":{"title":"Mr","first":"علی","last":"موسوی"},"location":{"street":{"number":6017,"name":"بلال حبشی"},"city":"یزد","state":"قم","country":"Iran","postcode":77993,"coordinates":{"latitude":"21.0707","longitude":"-43.7751"},"timezone":{"offset":"+9:00","description":"Tokyo, Seoul, Osaka, Sapporo, Yakutsk"}},"email":"aaly.mwswy@example.com","login":{"uuid":"9ad92f8c-4fe8-4afc-805a-d44bd26c12d9","username":"goldenmouse884","password":"120676","salt":"q74GP7YW","md5":"a0731b649849f3472987189316b359f8","sha1":"c024bdb2569b85cd10858f8cf33caba058af48ac","sha256":"50e6673e3914f7d98e0504309dd343724a2417ce55551adaec71ce2489ffbfc4"},"dob":{"date":"1961-10-27T05:08:52.608Z","age":62},"registered":{"date":"2007-08-05T09:55:51.414Z","age":16},"phone":"081-47118626","cell":"0973-511-0648","id":{"name":"","value":null},"picture":{"large":"https://randomuser.me/api/portraits/men/70.jpg","medium":"https://randomuser.me/api/portraits/med/men/70.jpg","thumbnail":"https://randomuser.me/api/portraits/thumb/men/70.jpg"},"nat":"IR"}],"info":{"seed":"d0d31e60b3e5c4a9","results":1,"page":1,"version":"1.4"}} 
 </msg>
<msg time="2024-08-01T04:18:33.420728" level="INFO">/opt/hostedtoolcache/Python/3.12.4/x64/lib/python3.12/site-packages/urllib3/connectionpool.py:1099: InsecureRequestWarning: Unverified HTTPS request is being made to host 'randomuser.me'. Adding certificate verification is strongly advised. See: https://urllib3.readthedocs.io/en/latest/advanced-usage.html#tls-warnings
  warnings.warn(</msg>
<msg time="2024-08-01T04:18:33.420834" level="INFO">${response} = &lt;Response [200]&gt;</msg>
<var>${response}</var>
<arg>consultarAPI</arg>
<arg>/api</arg>
<doc>Sends a GET request on a previously created HTTP Session.</doc>
<status status="PASS" start="2024-08-01T04:18:33.281281" elapsed="0.139603"/>
</kw>
<kw name="Set Variable" owner="BuiltIn">
<msg time="2024-08-01T04:18:33.421963" level="INFO">${json_data} = {'results': [{'gender': 'male', 'name': {'title': 'Mr', 'first': 'علی', 'last': 'موسوی'}, 'location': {'street': {'number': 6017, 'name': 'بلال حبشی'}, 'city': 'یزد', 'state': 'قم', 'country': 'Iran',...</msg>
<var>${json_data}</var>
<arg>${response.json()}</arg>
<doc>Returns the given values which can then be assigned to a variables.</doc>
<status status="PASS" start="2024-08-01T04:18:33.421406" elapsed="0.000587"/>
</kw>
<kw name="Log" owner="BuiltIn">
<msg time="2024-08-01T04:18:33.422471" level="INFO">{'results': [{'gender': 'male', 'name': {'title': 'Mr', 'first': 'علی', 'last': 'موسوی'}, 'location': {'street': {'number': 6017, 'name': 'بلال حبشی'}, 'city': 'یزد', 'state': 'قم', 'country': 'Iran', 'postcode': 77993, 'coordinates': {'latitude': '21.0707', 'longitude': '-43.7751'}, 'timezone': {'offset': '+9:00', 'description': 'Tokyo, Seoul, Osaka, Sapporo, Yakutsk'}}, 'email': 'aaly.mwswy@example.com', 'login': {'uuid': '9ad92f8c-4fe8-4afc-805a-d44bd26c12d9', 'username': 'goldenmouse884', 'password': '120676', 'salt': 'q74GP7YW', 'md5': 'a0731b649849f3472987189316b359f8', 'sha1': 'c024bdb2569b85cd10858f8cf33caba058af48ac', 'sha256': '50e6673e3914f7d98e0504309dd343724a2417ce55551adaec71ce2489ffbfc4'}, 'dob': {'date': '1961-10-27T05:08:52.608Z', 'age': 62}, 'registered': {'date': '2007-08-05T09:55:51.414Z', 'age': 16}, 'phone': '081-47118626', 'cell': '0973-511-0648', 'id': {'name': '', 'value': None}, 'picture': {'large': 'https://randomuser.me/api/portraits/men/70.jpg', 'medium': 'https://randomuser.me/api/portraits/med/men/70.jpg', 'thumbnail': 'https://randomuser.me/api/portraits/thumb/men/70.jpg'}, 'nat': 'IR'}], 'info': {'seed': 'd0d31e60b3e5c4a9', 'results': 1, 'page': 1, 'version': '1.4'}}</msg>
<arg>${json_data}</arg>
<doc>Logs the given message with the given level.</doc>
<status status="PASS" start="2024-08-01T04:18:33.422305" elapsed="0.000215"/>
</kw>
<kw name="Should Be Equal As Numbers" owner="BuiltIn">
<arg>${json_data['results'][0]['location']['postcode']}</arg>
<arg>${json_data['results'][0]['location']['postcode']}</arg>
<doc>Fails if objects are unequal after converting them to real numbers.</doc>
<status status="PASS" start="2024-08-01T04:18:33.422826" elapsed="0.000622"/>
</kw>
<kw name="Log" owner="BuiltIn">
<msg time="2024-08-01T04:18:33.423972" level="INFO">77993</msg>
<arg>${json_data['results'][0]['location']['postcode']}</arg>
<doc>Logs the given message with the given level.</doc>
<status status="PASS" start="2024-08-01T04:18:33.423640" elapsed="0.000420"/>
</kw>
<status status="PASS" start="2024-08-01T04:18:33.281058" elapsed="0.143292"/>
</kw>
<doc>Testa se os tipos de dados na resposta da API estão corretos.</doc>
<tag>testeTiposDados</tag>
<status status="PASS" start="2024-08-01T04:18:33.125379" elapsed="0.299136"/>
</test>
<test id="s1-s1-t5" name="Validar conteudo" line="35">
<kw name="Teste de Tipos de Conteudo" owner="random-user-service">
<kw name="GET On Session" owner="RequestsLibrary">
<msg time="2024-08-01T04:18:33.552737" level="INFO">GET Request : url=https://randomuser.me/api 
 path_url=/api 
 headers={'User-Agent': 'python-requests/2.32.3', 'Accept-Encoding': 'gzip, deflate', 'Accept': '*/*', 'Connection': 'keep-alive'} 
 body=None 
 </msg>
<msg time="2024-08-01T04:18:33.552799" level="INFO">GET Response : url=https://randomuser.me/api 
 status=200, reason=OK 
 headers={'Date': 'Thu, 01 Aug 2024 04:18:33 GMT', 'Content-Type': 'application/json; charset=utf-8', 'Transfer-Encoding': 'chunked', 'Connection': 'keep-alive', 'X-Powered-By': 'Express', 'Access-Control-Allow-Origin': '*', 'Cache-Control': 'no-cache', 'ETag': 'W/"490-kSUZOnoQe2MS6amashGLCsLZ6AI"', 'Vary': 'Accept-Encoding', 'Content-Encoding': 'gzip', 'CF-Cache-Status': 'DYNAMIC', 'Report-To': '{"endpoints":[{"url":"https:\\/\\/a.nel.cloudflare.com\\/report\\/v4?s=Sg4zhgR2mlcHmV8Mm1niZanrswfslZC9pxAsQZ5T0Gwio6YX93YvdfxPEJQESCAMV9H3uWikjgZHgbf7fB%2B3U6WwR46kd%2ByuzCHU3ZtZvb5UJ4bVmnyb50N64ZQsceIO"}],"group":"cf-nel","max_age":604800}', 'NEL': '{"success_fraction":0,"report_to":"cf-nel","max_age":604800}', 'Server': 'cloudflare', 'CF-RAY': '8ac3065efd782420-IAD', 'alt-svc': 'h3=":443"; ma=86400'} 
 body={"results":[{"gender":"female","name":{"title":"Ms","first":"Saisha","last":"Bhardwaj"},"location":{"street":{"number":2003,"name":"Bhootnath Rd"},"city":"Kota","state":"Goa","country":"India","postcode":61461,"coordinates":{"latitude":"12.3018","longitude":"56.9085"},"timezone":{"offset":"+8:00","description":"Beijing, Perth, Singapore, Hong Kong"}},"email":"saisha.bhardwaj@example.com","login":{"uuid":"a2bd3184-96b5-4521-b89a-946363d6fefd","username":"purplemeercat330","password":"magnolia","salt":"zTuxkhDH","md5":"4b4412ed838ec9ea82d2780b1b0a0b25","sha1":"f248e76ce141753853dd490086f657a8205e303f","sha256":"0ae2f70139b8bfc3cac71a61767ef492b73c296c8a236048764025bfe579cdb0"},"dob":{"date":"1967-10-17T16:38:34.699Z","age":56},"registered":{"date":"2006-12-27T02:22:04.624Z","age":17},"phone":"7849898181","cell":"8634335124","id":{"name":"UIDAI","value":"926546928600"},"picture":{"large":"https://randomuser.me/api/portraits/women/41.jpg","medium":"https://randomuser.me/api/portraits/med/women/41.jpg","thumbnail":"https://randomuser.me/api/portraits/thumb/women/41.jpg"},"nat":"IN"}],"info":{"seed":"15999851c1dda472","results":1,"page":1,"version":"1.4"}} 
 </msg>
<msg time="2024-08-01T04:18:33.552855" level="INFO">/opt/hostedtoolcache/Python/3.12.4/x64/lib/python3.12/site-packages/urllib3/connectionpool.py:1099: InsecureRequestWarning: Unverified HTTPS request is being made to host 'randomuser.me'. Adding certificate verification is strongly advised. See: https://urllib3.readthedocs.io/en/latest/advanced-usage.html#tls-warnings
  warnings.warn(</msg>
<msg time="2024-08-01T04:18:33.552943" level="INFO">${response} = &lt;Response [200]&gt;</msg>
<var>${response}</var>
<arg>consultarAPI</arg>
<arg>/api</arg>
<doc>Sends a GET request on a previously created HTTP Session.</doc>
<status status="PASS" start="2024-08-01T04:18:33.426932" elapsed="0.126051"/>
</kw>
<kw name="Set Variable" owner="BuiltIn">
<msg time="2024-08-01T04:18:33.553982" level="INFO">${json_data} = {'results': [{'gender': 'female', 'name': {'title': 'Ms', 'first': 'Saisha', 'last': 'Bhardwaj'}, 'location': {'street': {'number': 2003, 'name': 'Bhootnath Rd'}, 'city': 'Kota', 'state': 'Goa', 'coun...</msg>
<var>${json_data}</var>
<arg>${response.json()}</arg>
<doc>Returns the given values which can then be assigned to a variables.</doc>
<status status="PASS" start="2024-08-01T04:18:33.553431" elapsed="0.000579"/>
</kw>
<kw name="Set Variable" owner="BuiltIn">
<msg time="2024-08-01T04:18:33.554703" level="INFO">${name_title} = Ms</msg>
<var>${name_title}</var>
<arg>${json_data["results"][0]["name"]["title"]}</arg>
<doc>Returns the given values which can then be assigned to a variables.</doc>
<status status="PASS" start="2024-08-01T04:18:33.554319" elapsed="0.000410"/>
</kw>
<kw name="Create List" owner="BuiltIn">
<msg time="2024-08-01T04:18:33.555182" level="INFO">${allowed_titles} = ['Mr', 'Ms', 'Miss', 'Mrs', 'Madame', 'Monsieur']</msg>
<var>${allowed_titles}</var>
<arg>Mr</arg>
<arg>Ms</arg>
<arg>Miss</arg>
<arg>Mrs</arg>
<arg>Madame</arg>
<arg>Monsieur</arg>
<doc>Returns a list containing given items.</doc>
<status status="PASS" start="2024-08-01T04:18:33.555024" elapsed="0.000183"/>
</kw>
<kw name="List Should Contain Value" owner="Collections">
<arg>${allowed_titles}</arg>
<arg>${name_title}</arg>
<doc>Fails if the ``value`` is not found from ``list``.</doc>
<status status="PASS" start="2024-08-01T04:18:33.555500" elapsed="0.000182"/>
</kw>
<kw name="Set Variable" owner="BuiltIn">
<msg time="2024-08-01T04:18:33.556263" level="INFO">${name_country} = IN</msg>
<var>${name_country}</var>
<arg>${json_data["results"][0]["nat"]}</arg>
<doc>Returns the given values which can then be assigned to a variables.</doc>
<status status="PASS" start="2024-08-01T04:18:33.555858" elapsed="0.000431"/>
</kw>
<kw name="Create List" owner="BuiltIn">
<msg time="2024-08-01T04:18:33.557180" level="INFO">${list_country} = ['AD', 'AE', 'AF', 'AG', 'AI', 'AL', 'AM', 'AO', 'AQ', 'AR', 'AS', 'AT', 'AU', 'AW', 'AX', 'AZ', 'BA', 'BB', 'BD', 'BE', 'BF', 'BG', 'BH', 'BI', 'BJ', 'BL', 'BM', 'BN', 'BO', 'BQ', 'BR', 'BS', 'BT', '...</msg>
<var>${list_country}</var>
<arg>AD</arg>
<arg>AE</arg>
<arg>AF</arg>
<arg>AG</arg>
<arg>AI</arg>
<arg>AL</arg>
<arg>AM</arg>
<arg>AO</arg>
<arg>AQ</arg>
<arg>AR</arg>
<arg>AS</arg>
<arg>AT</arg>
<arg>AU</arg>
<arg>AW</arg>
<arg>AX</arg>
<arg>AZ</arg>
<arg>BA</arg>
<arg>BB</arg>
<arg>BD</arg>
<arg>BE</arg>
<arg>BF</arg>
<arg>BG</arg>
<arg>BH</arg>
<arg>BI</arg>
<arg>BJ</arg>
<arg>BL</arg>
<arg>BM</arg>
<arg>BN</arg>
<arg>BO</arg>
<arg>BQ</arg>
<arg>BR</arg>
<arg>BS</arg>
<arg>BT</arg>
<arg>BV</arg>
<arg>BW</arg>
<arg>BY</arg>
<arg>BZ</arg>
<arg>CA</arg>
<arg>CC</arg>
<arg>CD</arg>
<arg>CF</arg>
<arg>CG</arg>
<arg>CH</arg>
<arg>CI</arg>
<arg>CK</arg>
<arg>CL</arg>
<arg>CM</arg>
<arg>CN</arg>
<arg>CO</arg>
<arg>CR</arg>
<arg>CU</arg>
<arg>CV</arg>
<arg>CW</arg>
<arg>CX</arg>
<arg>CY</arg>
<arg>CZ</arg>
<arg>DE</arg>
<arg>DJ</arg>
<arg>DK</arg>
<arg>DM</arg>
<arg>DO</arg>
<arg>DZ</arg>
<arg>EC</arg>
<arg>EE</arg>
<arg>EG</arg>
<arg>EH</arg>
<arg>ER</arg>
<arg>ES</arg>
<arg>ET</arg>
<arg>FI</arg>
<arg>FJ</arg>
<arg>FK</arg>
<arg>FM</arg>
<arg>FO</arg>
<arg>FR</arg>
<arg>GA</arg>
<arg>GB</arg>
<arg>GD</arg>
<arg>GE</arg>
<arg>GF</arg>
<arg>GG</arg>
<arg>GH</arg>
<arg>GI</arg>
<arg>GL</arg>
<arg>GM</arg>
<arg>GN</arg>
<arg>GP</arg>
<arg>GQ</arg>
<arg>GR</arg>
<arg>GS</arg>
<arg>GT</arg>
<arg>GU</arg>
<arg>GW</arg>
<arg>GY</arg>
<arg>HK</arg>
<arg>HM</arg>
<arg>HN</arg>
<arg>HR</arg>
<arg>HT</arg>
<arg>HU</arg>
<arg>ID</arg>
<arg>IE</arg>
<arg>IL</arg>
<arg>IM</arg>
<arg>IN</arg>
<arg>IO</arg>
<arg>IQ</arg>
<arg>IR</arg>
<arg>IS</arg>
<arg>IT</arg>
<arg>JE</arg>
<arg>JM</arg>
<arg>JO</arg>
<arg>JP</arg>
<arg>KE</arg>
<arg>KG</arg>
<arg>KH</arg>
<arg>KI</arg>
<arg>KM</arg>
<arg>KN</arg>
<arg>KP</arg>
<arg>KR</arg>
<arg>KW</arg>
<arg>KY</arg>
<arg>KZ</arg>
<arg>LA</arg>
<arg>LB</arg>
<arg>LC</arg>
<arg>LI</arg>
<arg>LK</arg>
<arg>LR</arg>
<arg>LS</arg>
<arg>LT</arg>
<arg>LU</arg>
<arg>LV</arg>
<arg>LY</arg>
<arg>MA</arg>
<arg>MC</arg>
<arg>MD</arg>
<arg>ME</arg>
<arg>MF</arg>
<arg>MG</arg>
<arg>MH</arg>
<arg>MK</arg>
<arg>ML</arg>
<arg>MM</arg>
<arg>MN</arg>
<arg>MO</arg>
<arg>MP</arg>
<arg>MQ</arg>
<arg>MR</arg>
<arg>MS</arg>
<arg>MT</arg>
<arg>MU</arg>
<arg>MV</arg>
<arg>MW</arg>
<arg>MX</arg>
<arg>MY</arg>
<arg>MZ</arg>
<arg>NA</arg>
<arg>NC</arg>
<arg>NE</arg>
<arg>NF</arg>
<arg>NG</arg>
<arg>NI</arg>
<arg>NL</arg>
<arg>NO</arg>
<arg>NP</arg>
<arg>NR</arg>
<arg>NU</arg>
<arg>NZ</arg>
<arg>OM</arg>
<arg>PA</arg>
<arg>PE</arg>
<arg>PF</arg>
<arg>PG</arg>
<arg>PH</arg>
<arg>PK</arg>
<arg>PL</arg>
<arg>PM</arg>
<arg>PN</arg>
<arg>PR</arg>
<arg>PS</arg>
<arg>PT</arg>
<arg>PW</arg>
<arg>PY</arg>
<arg>QA</arg>
<arg>RE</arg>
<arg>RO</arg>
<arg>RS</arg>
<arg>RU</arg>
<arg>RW</arg>
<arg>SA</arg>
<arg>SB</arg>
<arg>SC</arg>
<arg>SD</arg>
<arg>SE</arg>
<arg>SG</arg>
<arg>SH</arg>
<arg>SI</arg>
<arg>SJ</arg>
<arg>SK</arg>
<arg>SL</arg>
<arg>SM</arg>
<arg>SN</arg>
<arg>SO</arg>
<arg>SR</arg>
<arg>SS</arg>
<arg>ST</arg>
<arg>SV</arg>
<arg>SX</arg>
<arg>SY</arg>
<arg>SZ</arg>
<arg>TC</arg>
<arg>TD</arg>
<arg>TF</arg>
<arg>TG</arg>
<arg>TH</arg>
<arg>TJ</arg>
<arg>TK</arg>
<arg>TL</arg>
<arg>TM</arg>
<arg>TN</arg>
<arg>TO</arg>
<arg>TR</arg>
<arg>TT</arg>
<arg>TV</arg>
<arg>TW</arg>
<arg>TZ</arg>
<arg>UA</arg>
<arg>UG</arg>
<arg>UM</arg>
<arg>US</arg>
<arg>UY</arg>
<arg>UZ</arg>
<arg>VA</arg>
<arg>VC</arg>
<arg>VE</arg>
<arg>VG</arg>
<arg>VI</arg>
<arg>VN</arg>
<arg>VU</arg>
<arg>WF</arg>
<arg>WS</arg>
<arg>XK</arg>
<arg>YE</arg>
<arg>YT</arg>
<arg>ZA</arg>
<arg>ZM</arg>
<arg>ZW</arg>
<doc>Returns a list containing given items.</doc>
<status status="PASS" start="2024-08-01T04:18:33.556585" elapsed="0.000621"/>
</kw>
<kw name="List Should Contain Value" owner="Collections">
<arg>${list_country}</arg>
<arg>${name_country}</arg>
<doc>Fails if the ``value`` is not found from ``list``.</doc>
<status status="PASS" start="2024-08-01T04:18:33.558129" elapsed="0.000210"/>
</kw>
<kw name="Run Keyword If" owner="BuiltIn">
<kw name="Should Be True" owner="BuiltIn">
<arg>${True}</arg>
<doc>Fails if the given condition is not true.</doc>
<status status="PASS" start="2024-08-01T04:18:33.559271" elapsed="0.000144"/>
</kw>
<arg>${json_data["results"][0]["location"]["coordinates"]["latitude"]} &gt;= -90 and ${json_data["results"][0]["location"]["coordinates"]["latitude"]} &lt;= 90</arg>
<arg>Should Be True</arg>
<arg>${True}</arg>
<doc>Runs the given keyword with the given arguments, if ``condition`` is true.</doc>
<status status="PASS" start="2024-08-01T04:18:33.558536" elapsed="0.001006"/>
</kw>
<kw name="Run Keyword If" owner="BuiltIn">
<kw name="Should Be True" owner="BuiltIn">
<arg>${True}</arg>
<doc>Fails if the given condition is not true.</doc>
<status status="PASS" start="2024-08-01T04:18:33.560460" elapsed="0.000142"/>
</kw>
<arg>${json_data["results"][0]["location"]["coordinates"]["longitude"]} &gt;= -180 and ${json_data["results"][0]["location"]["coordinates"]["longitude"]} &lt;= 180</arg>
<arg>Should Be True</arg>
<arg>${True}</arg>
<doc>Runs the given keyword with the given arguments, if ``condition`` is true.</doc>
<status status="PASS" start="2024-08-01T04:18:33.559724" elapsed="0.001004"/>
</kw>
<status status="PASS" start="2024-08-01T04:18:33.426717" elapsed="0.134142"/>
</kw>
<doc>Testa o conteúdo específico dos campos retornados pela API.</doc>
<tag>testeConteudo</tag>
<status status="PASS" start="2024-08-01T04:18:33.426221" elapsed="0.134780"/>
</test>
<status status="PASS" start="2024-08-01T04:18:31.894240" elapsed="1.668662"/>
</suite>
<status status="PASS" start="2024-08-01T04:18:31.879630" elapsed="1.688331"/>
</suite>
<statistics>
<total>
<stat pass="5" fail="0" skip="0">All Tests</stat>
</total>
<tag>
<stat pass="1" fail="0" skip="0">testeConteudo</stat>
<stat pass="1" fail="0" skip="0">testeEstruturaResposta</stat>
<stat pass="1" fail="0" skip="0">testeRequisicaoBasica</stat>
<stat pass="1" fail="0" skip="0">testeTiposDados</stat>
</tag>
<suite>
<stat pass="5" fail="0" skip="0" id="s1" name="Tests">Tests</stat>
<stat pass="5" fail="0" skip="0" id="s1-s1" name="Random-User-Test">Tests.Random-User-Test</stat>
</suite>
</statistics>
<errors>
</errors>
</robot>
