<?xml version="1.0" encoding="UTF-8"?>
<robot generator="Robot 7.0 (Python 3.12.2 on linux)" generated="2024-03-20T17:00:05.750370" rpa="false" schemaversion="5">
<suite id="s1" name="Tests" source="/home/runner/work/DesafioQA---Itau---Rogerio-Jordao/DesafioQA---Itau---Rogerio-Jordao/DesafioQA - Itau - Rogerio Jordao/tests">
<suite id="s1-s1" name="Random-User-Test" source="/home/runner/work/DesafioQA---Itau---Rogerio-Jordao/DesafioQA---Itau---Rogerio-Jordao/DesafioQA - Itau - Rogerio Jordao/tests/random-user-test.robot">
<test id="s1-s1-t1" name="Conectar" line="24">
<kw name="Conectar API">
<kw name="Create Session" owner="RequestsLibrary">
<msg time="2024-03-20T17:00:06.076342" level="INFO">Creating Session using : alias=consultarAPI, url=https://randomuser.me/, headers={},                     cookies={}, auth=None, timeout=None, proxies=None, verify=False,                     debug=0 </msg>
<arg>consultarAPI</arg>
<arg>${URL}</arg>
<doc>Create Session: create a HTTP session to a server</doc>
<status status="PASS" start="2024-03-20T17:00:06.076130" elapsed="0.000405"/>
</kw>
<status status="PASS" start="2024-03-20T17:00:06.075191" elapsed="0.001728"/>
</kw>
<status status="PASS" start="2024-03-20T17:00:06.074657" elapsed="0.002469"/>
</test>
<test id="s1-s1-t2" name="Validar retorno 200 e JSON Válido" line="27">
<kw name="Teste de Requisicao Basica">
<kw name="GET On Session" owner="RequestsLibrary">
<msg time="2024-03-20T17:00:06.134872" level="INFO">GET Request : url=https://randomuser.me/api 
 path_url=/api 
 headers={'User-Agent': 'python-requests/2.31.0', 'Accept-Encoding': 'gzip, deflate', 'Accept': '*/*', 'Connection': 'keep-alive'} 
 body=None 
 </msg>
<msg time="2024-03-20T17:00:06.135036" level="INFO">GET Response : url=https://randomuser.me/api 
 status=200, reason=OK 
 headers={'Date': 'Wed, 20 Mar 2024 17:00:06 GMT', 'Content-Type': 'application/json; charset=utf-8', 'Transfer-Encoding': 'chunked', 'Connection': 'keep-alive', 'X-Powered-By': 'Express', 'Access-Control-Allow-Origin': '*', 'Cache-Control': 'no-cache', 'ETag': 'W/"480-q1p2sY5KtRGumeLAc20cl82g414"', 'Vary': 'Accept-Encoding', 'Content-Encoding': 'gzip', 'CF-Cache-Status': 'DYNAMIC', 'Report-To': '{"endpoints":[{"url":"https:\\/\\/a.nel.cloudflare.com\\/report\\/v4?s=RimpOi18LDvi%2B%2FzBWpIv6ByJSHrZ3WsQ0pLTPzfd38Ij4x2cTamnct8F00m7uRZmEDsiuKSNyeNcalhbqIJ77QYPV350XmrN9s5gENSJUTECH%2FZsqR7Pn2o2vOaCDXxj"}],"group":"cf-nel","max_age":604800}', 'NEL': '{"success_fraction":0,"report_to":"cf-nel","max_age":604800}', 'Server': 'cloudflare', 'CF-RAY': '867741aa2d468256-IAD', 'alt-svc': 'h3=":443"; ma=86400'} 
 body={"results":[{"gender":"male","name":{"title":"Mr","first":"Frederik","last":"Kristensen"},"location":{"street":{"number":9471,"name":"Teglbakken"},"city":"Beder","state":"Syddanmark","country":"Denmark","postcode":39457,"coordinates":{"latitude":"-42.9856","longitude":"-175.7334"},"timezone":{"offset":"+2:00","description":"Kaliningrad, South Africa"}},"email":"frederik.kristensen@example.com","login":{"uuid":"458fd1f5-6c7d-40c5-858a-5ed555539450","username":"lazymouse430","password":"edge","salt":"yYC1aWuW","md5":"d5c14b1037e1168deda53e63663cc840","sha1":"f57d33aafb175d80e3d099210bc3e94bea0446d4","sha256":"89d5b30e0a515ca6719cf7b68333976d25b94390adfadb76fdc1552036fce734"},"dob":{"date":"1995-04-05T23:58:31.696Z","age":28},"registered":{"date":"2019-09-09T05:28:37.975Z","age":4},"phone":"33326230","cell":"98760050","id":{"name":"CPR","value":"050495-2350"},"picture":{"large":"https://randomuser.me/api/portraits/men/37.jpg","medium":"https://randomuser.me/api/portraits/med/men/37.jpg","thumbnail":"https://randomuser.me/api/portraits/thumb/men/37.jpg"},"nat":"DK"}],"info":{"seed":"41dfe907669bf569","results":1,"page":1,"version":"1.4"}} 
 </msg>
<msg time="2024-03-20T17:00:06.135399" level="INFO">/opt/hostedtoolcache/Python/3.12.2/x64/lib/python3.12/site-packages/urllib3/connectionpool.py:1103: InsecureRequestWarning: Unverified HTTPS request is being made to host 'randomuser.me'. Adding certificate verification is strongly advised. See: https://urllib3.readthedocs.io/en/latest/advanced-usage.html#tls-warnings
  warnings.warn(</msg>
<msg time="2024-03-20T17:00:06.135596" level="INFO">${response} = &lt;Response [200]&gt;</msg>
<var>${response}</var>
<arg>consultarAPI</arg>
<arg>/api</arg>
<doc>Sends a GET request on a previously created HTTP Session.</doc>
<status status="PASS" start="2024-03-20T17:00:06.079860" elapsed="0.055788"/>
</kw>
<kw name="Should Be Equal As Numbers" owner="BuiltIn">
<msg time="2024-03-20T17:00:06.136893" level="INFO">Argument types are:
&lt;class 'int'&gt;
&lt;class 'str'&gt;</msg>
<arg>${response.status_code}</arg>
<arg>200</arg>
<doc>Fails if objects are unequal after converting them to real numbers.</doc>
<status status="PASS" start="2024-03-20T17:00:06.136244" elapsed="0.000745"/>
</kw>
<kw name="Log" owner="BuiltIn">
<msg time="2024-03-20T17:00:06.138020" level="INFO">200</msg>
<arg>${response.status_code}</arg>
<doc>Logs the given message with the given level.</doc>
<status status="PASS" start="2024-03-20T17:00:06.137449" elapsed="0.000648"/>
</kw>
<kw name="Set Variable" owner="BuiltIn">
<msg time="2024-03-20T17:00:06.139299" level="INFO">${json_data} = {'results': [{'gender': 'male', 'name': {'title': 'Mr', 'first': 'Frederik', 'last': 'Kristensen'}, 'location': {'street': {'number': 9471, 'name': 'Teglbakken'}, 'city': 'Beder', 'state': 'Syddanmark...</msg>
<var>${json_data}</var>
<arg>${response.json()}</arg>
<doc>Returns the given values which can then be assigned to a variables.</doc>
<status status="PASS" start="2024-03-20T17:00:06.138582" elapsed="0.000760"/>
</kw>
<kw name="Dictionary Should Contain Key" owner="Collections">
<msg time="2024-03-20T17:00:06.140043" level="INFO">False</msg>
<arg>${json_data}</arg>
<arg>results</arg>
<doc>Fails if ``key`` is not found from ``dictionary``.</doc>
<status status="PASS" start="2024-03-20T17:00:06.139795" elapsed="0.000316"/>
</kw>
<status status="PASS" start="2024-03-20T17:00:06.079587" elapsed="0.060937"/>
</kw>
<doc>Testa se a API responde corretamente e retorna um objeto JSON válido.</doc>
<tag>testeRequisicaoBasica</tag>
<status status="PASS" start="2024-03-20T17:00:06.079003" elapsed="0.061796"/>
</test>
<test id="s1-s1-t3" name="Validar estrutura de resposta" line="33">
<kw name="Teste de Estrutura de Resposta">
<kw name="GET On Session" owner="RequestsLibrary">
<msg time="2024-03-20T17:00:06.241815" level="INFO">GET Request : url=https://randomuser.me/api 
 path_url=/api 
 headers={'User-Agent': 'python-requests/2.31.0', 'Accept-Encoding': 'gzip, deflate', 'Accept': '*/*', 'Connection': 'keep-alive'} 
 body=None 
 </msg>
<msg time="2024-03-20T17:00:06.241903" level="INFO">GET Response : url=https://randomuser.me/api 
 status=200, reason=OK 
 headers={'Date': 'Wed, 20 Mar 2024 17:00:06 GMT', 'Content-Type': 'application/json; charset=utf-8', 'Transfer-Encoding': 'chunked', 'Connection': 'keep-alive', 'X-Powered-By': 'Express', 'Access-Control-Allow-Origin': '*', 'Cache-Control': 'no-cache', 'ETag': 'W/"49b-Nxzqe3QlfXDErTzZjvg/XMrYKrs"', 'Vary': 'Accept-Encoding', 'Content-Encoding': 'gzip', 'CF-Cache-Status': 'DYNAMIC', 'Report-To': '{"endpoints":[{"url":"https:\\/\\/a.nel.cloudflare.com\\/report\\/v4?s=cIiljDbVKqqVYFbUPwf2lp0tTbTh1U4seLtQBjtUv0iAspXieGldymPKTklVud6phaQCZR0xf9Kz4AWsvn0URK%2FkuGOCJg5Xd2kdyJqznInygQJ%2FpyvH2eS%2Fmw%2FG1y0I"}],"group":"cf-nel","max_age":604800}', 'NEL': '{"success_fraction":0,"report_to":"cf-nel","max_age":604800}', 'Server': 'cloudflare', 'CF-RAY': '867741aa6db38256-IAD', 'alt-svc': 'h3=":443"; ma=86400'} 
 body={"results":[{"gender":"male","name":{"title":"Mr","first":"Quentin","last":"Van der Lubbe"},"location":{"street":{"number":3053,"name":"Goudesteijn"},"city":"Ven-Zelderheide","state":"Zeeland","country":"Netherlands","postcode":"3621 AA","coordinates":{"latitude":"34.0805","longitude":"-114.5034"},"timezone":{"offset":"-12:00","description":"Eniwetok, Kwajalein"}},"email":"quentin.vanderlubbe@example.com","login":{"uuid":"bc049ddf-5457-48f7-80c1-998f9aeeda80","username":"smallbutterfly632","password":"456456","salt":"wswDH7Bs","md5":"56948d727b20cf15db37cf669b5beed2","sha1":"f39883375c52edfba454a6d7f47a51f877a36be5","sha256":"309b430760ed95f7e9c4b38cc58cf6710ca30129a8e7c09d32e5430c8a9b1f40"},"dob":{"date":"1976-11-01T19:31:55.147Z","age":47},"registered":{"date":"2012-07-22T03:08:26.542Z","age":11},"phone":"(0934) 902479","cell":"(06) 95741633","id":{"name":"BSN","value":"13593173"},"picture":{"large":"https://randomuser.me/api/portraits/men/99.jpg","medium":"https://randomuser.me/api/portraits/med/men/99.jpg","thumbnail":"https://randomuser.me/api/portraits/thumb/men/99.jpg"},"nat":"NL"}],"info":{"seed":"2521841d77ccdac3","results":1,"page":1,"version":"1.4"}} 
 </msg>
<msg time="2024-03-20T17:00:06.242016" level="INFO">/opt/hostedtoolcache/Python/3.12.2/x64/lib/python3.12/site-packages/urllib3/connectionpool.py:1103: InsecureRequestWarning: Unverified HTTPS request is being made to host 'randomuser.me'. Adding certificate verification is strongly advised. See: https://urllib3.readthedocs.io/en/latest/advanced-usage.html#tls-warnings
  warnings.warn(</msg>
<msg time="2024-03-20T17:00:06.242140" level="INFO">${response} = &lt;Response [200]&gt;</msg>
<var>${response}</var>
<arg>consultarAPI</arg>
<arg>/api</arg>
<doc>Sends a GET request on a previously created HTTP Session.</doc>
<status status="PASS" start="2024-03-20T17:00:06.145232" elapsed="0.096952"/>
</kw>
<kw name="Set Variable" owner="BuiltIn">
<msg time="2024-03-20T17:00:06.243214" level="INFO">${json_data} = {'results': [{'gender': 'male', 'name': {'title': 'Mr', 'first': 'Quentin', 'last': 'Van der Lubbe'}, 'location': {'street': {'number': 3053, 'name': 'Goudesteijn'}, 'city': 'Ven-Zelderheide', 'state'...</msg>
<var>${json_data}</var>
<arg>${response.json()}</arg>
<doc>Returns the given values which can then be assigned to a variables.</doc>
<status status="PASS" start="2024-03-20T17:00:06.242652" elapsed="0.000591"/>
</kw>
<kw name="Log" owner="BuiltIn">
<msg time="2024-03-20T17:00:06.243759" level="INFO">{'results': [{'gender': 'male', 'name': {'title': 'Mr', 'first': 'Quentin', 'last': 'Van der Lubbe'}, 'location': {'street': {'number': 3053, 'name': 'Goudesteijn'}, 'city': 'Ven-Zelderheide', 'state': 'Zeeland', 'country': 'Netherlands', 'postcode': '3621 AA', 'coordinates': {'latitude': '34.0805', 'longitude': '-114.5034'}, 'timezone': {'offset': '-12:00', 'description': 'Eniwetok, Kwajalein'}}, 'email': 'quentin.vanderlubbe@example.com', 'login': {'uuid': 'bc049ddf-5457-48f7-80c1-998f9aeeda80', 'username': 'smallbutterfly632', 'password': '456456', 'salt': 'wswDH7Bs', 'md5': '56948d727b20cf15db37cf669b5beed2', 'sha1': 'f39883375c52edfba454a6d7f47a51f877a36be5', 'sha256': '309b430760ed95f7e9c4b38cc58cf6710ca30129a8e7c09d32e5430c8a9b1f40'}, 'dob': {'date': '1976-11-01T19:31:55.147Z', 'age': 47}, 'registered': {'date': '2012-07-22T03:08:26.542Z', 'age': 11}, 'phone': '(0934) 902479', 'cell': '(06) 95741633', 'id': {'name': 'BSN', 'value': '13593173'}, 'picture': {'large': 'https://randomuser.me/api/portraits/men/99.jpg', 'medium': 'https://randomuser.me/api/portraits/med/men/99.jpg', 'thumbnail': 'https://randomuser.me/api/portraits/thumb/men/99.jpg'}, 'nat': 'NL'}], 'info': {'seed': '2521841d77ccdac3', 'results': 1, 'page': 1, 'version': '1.4'}}</msg>
<arg>${json_data}</arg>
<doc>Logs the given message with the given level.</doc>
<status status="PASS" start="2024-03-20T17:00:06.243553" elapsed="0.000278"/>
</kw>
<kw name="Dictionary Should Contain Key" owner="Collections">
<msg time="2024-03-20T17:00:06.244474" level="INFO">False</msg>
<arg>${json_data}</arg>
<arg>results</arg>
<doc>Fails if ``key`` is not found from ``dictionary``.</doc>
<status status="PASS" start="2024-03-20T17:00:06.244245" elapsed="0.000286"/>
</kw>
<kw name="Should Not Be Empty" owner="BuiltIn">
<msg time="2024-03-20T17:00:06.245040" level="INFO">Length is 2.</msg>
<arg>${json_data}</arg>
<doc>Verifies that the given item is not empty.</doc>
<status status="PASS" start="2024-03-20T17:00:06.244896" elapsed="0.000184"/>
</kw>
<kw name="Create List" owner="BuiltIn">
<msg time="2024-03-20T17:00:06.245519" level="INFO">${expected_keys} = ['gender', 'name', 'location', 'email', 'login']</msg>
<var>${expected_keys}</var>
<arg>gender</arg>
<arg>name</arg>
<arg>location</arg>
<arg>email</arg>
<arg>login</arg>
<doc>Returns a list containing given items.</doc>
<status status="PASS" start="2024-03-20T17:00:06.245370" elapsed="0.000173"/>
</kw>
<for flavor="IN">
<iter>
<kw name="Dictionary Should Contain Key" owner="Collections">
<msg time="2024-03-20T17:00:06.246527" level="INFO">False</msg>
<arg>${json_data['results'][0]}</arg>
<arg>${key}</arg>
<doc>Fails if ``key`` is not found from ``dictionary``.</doc>
<status status="PASS" start="2024-03-20T17:00:06.246125" elapsed="0.000442"/>
</kw>
<kw name="Log" owner="BuiltIn">
<msg time="2024-03-20T17:00:06.247253" level="INFO">{'gender': 'male', 'name': {'title': 'Mr', 'first': 'Quentin', 'last': 'Van der Lubbe'}, 'location': {'street': {'number': 3053, 'name': 'Goudesteijn'}, 'city': 'Ven-Zelderheide', 'state': 'Zeeland', 'country': 'Netherlands', 'postcode': '3621 AA', 'coordinates': {'latitude': '34.0805', 'longitude': '-114.5034'}, 'timezone': {'offset': '-12:00', 'description': 'Eniwetok, Kwajalein'}}, 'email': 'quentin.vanderlubbe@example.com', 'login': {'uuid': 'bc049ddf-5457-48f7-80c1-998f9aeeda80', 'username': 'smallbutterfly632', 'password': '456456', 'salt': 'wswDH7Bs', 'md5': '56948d727b20cf15db37cf669b5beed2', 'sha1': 'f39883375c52edfba454a6d7f47a51f877a36be5', 'sha256': '309b430760ed95f7e9c4b38cc58cf6710ca30129a8e7c09d32e5430c8a9b1f40'}, 'dob': {'date': '1976-11-01T19:31:55.147Z', 'age': 47}, 'registered': {'date': '2012-07-22T03:08:26.542Z', 'age': 11}, 'phone': '(0934) 902479', 'cell': '(06) 95741633', 'id': {'name': 'BSN', 'value': '13593173'}, 'picture': {'large': 'https://randomuser.me/api/portraits/men/99.jpg', 'medium': 'https://randomuser.me/api/portraits/med/men/99.jpg', 'thumbnail': 'https://randomuser.me/api/portraits/thumb/men/99.jpg'}, 'nat': 'NL'}</msg>
<arg>${json_data['results'][0]}</arg>
<doc>Logs the given message with the given level.</doc>
<status status="PASS" start="2024-03-20T17:00:06.246871" elapsed="0.000439"/>
</kw>
<kw name="Log" owner="BuiltIn">
<msg time="2024-03-20T17:00:06.247789" level="INFO">gender</msg>
<arg>${key}</arg>
<doc>Logs the given message with the given level.</doc>
<status status="PASS" start="2024-03-20T17:00:06.247652" elapsed="0.000176"/>
</kw>
<var name="${key}">gender</var>
<status status="PASS" start="2024-03-20T17:00:06.246004" elapsed="0.002044"/>
</iter>
<iter>
<kw name="Dictionary Should Contain Key" owner="Collections">
<msg time="2024-03-20T17:00:06.248730" level="INFO">False</msg>
<arg>${json_data['results'][0]}</arg>
<arg>${key}</arg>
<doc>Fails if ``key`` is not found from ``dictionary``.</doc>
<status status="PASS" start="2024-03-20T17:00:06.248346" elapsed="0.000421"/>
</kw>
<kw name="Log" owner="BuiltIn">
<msg time="2024-03-20T17:00:06.249470" level="INFO">{'gender': 'male', 'name': {'title': 'Mr', 'first': 'Quentin', 'last': 'Van der Lubbe'}, 'location': {'street': {'number': 3053, 'name': 'Goudesteijn'}, 'city': 'Ven-Zelderheide', 'state': 'Zeeland', 'country': 'Netherlands', 'postcode': '3621 AA', 'coordinates': {'latitude': '34.0805', 'longitude': '-114.5034'}, 'timezone': {'offset': '-12:00', 'description': 'Eniwetok, Kwajalein'}}, 'email': 'quentin.vanderlubbe@example.com', 'login': {'uuid': 'bc049ddf-5457-48f7-80c1-998f9aeeda80', 'username': 'smallbutterfly632', 'password': '456456', 'salt': 'wswDH7Bs', 'md5': '56948d727b20cf15db37cf669b5beed2', 'sha1': 'f39883375c52edfba454a6d7f47a51f877a36be5', 'sha256': '309b430760ed95f7e9c4b38cc58cf6710ca30129a8e7c09d32e5430c8a9b1f40'}, 'dob': {'date': '1976-11-01T19:31:55.147Z', 'age': 47}, 'registered': {'date': '2012-07-22T03:08:26.542Z', 'age': 11}, 'phone': '(0934) 902479', 'cell': '(06) 95741633', 'id': {'name': 'BSN', 'value': '13593173'}, 'picture': {'large': 'https://randomuser.me/api/portraits/men/99.jpg', 'medium': 'https://randomuser.me/api/portraits/med/men/99.jpg', 'thumbnail': 'https://randomuser.me/api/portraits/thumb/men/99.jpg'}, 'nat': 'NL'}</msg>
<arg>${json_data['results'][0]}</arg>
<doc>Logs the given message with the given level.</doc>
<status status="PASS" start="2024-03-20T17:00:06.249105" elapsed="0.000413"/>
</kw>
<kw name="Log" owner="BuiltIn">
<msg time="2024-03-20T17:00:06.249942" level="INFO">name</msg>
<arg>${key}</arg>
<doc>Logs the given message with the given level.</doc>
<status status="PASS" start="2024-03-20T17:00:06.249809" elapsed="0.000171"/>
</kw>
<var name="${key}">name</var>
<status status="PASS" start="2024-03-20T17:00:06.248237" elapsed="0.001969"/>
</iter>
<iter>
<kw name="Dictionary Should Contain Key" owner="Collections">
<msg time="2024-03-20T17:00:06.250877" level="INFO">False</msg>
<arg>${json_data['results'][0]}</arg>
<arg>${key}</arg>
<doc>Fails if ``key`` is not found from ``dictionary``.</doc>
<status status="PASS" start="2024-03-20T17:00:06.250492" elapsed="0.000534"/>
</kw>
<kw name="Log" owner="BuiltIn">
<msg time="2024-03-20T17:00:06.251733" level="INFO">{'gender': 'male', 'name': {'title': 'Mr', 'first': 'Quentin', 'last': 'Van der Lubbe'}, 'location': {'street': {'number': 3053, 'name': 'Goudesteijn'}, 'city': 'Ven-Zelderheide', 'state': 'Zeeland', 'country': 'Netherlands', 'postcode': '3621 AA', 'coordinates': {'latitude': '34.0805', 'longitude': '-114.5034'}, 'timezone': {'offset': '-12:00', 'description': 'Eniwetok, Kwajalein'}}, 'email': 'quentin.vanderlubbe@example.com', 'login': {'uuid': 'bc049ddf-5457-48f7-80c1-998f9aeeda80', 'username': 'smallbutterfly632', 'password': '456456', 'salt': 'wswDH7Bs', 'md5': '56948d727b20cf15db37cf669b5beed2', 'sha1': 'f39883375c52edfba454a6d7f47a51f877a36be5', 'sha256': '309b430760ed95f7e9c4b38cc58cf6710ca30129a8e7c09d32e5430c8a9b1f40'}, 'dob': {'date': '1976-11-01T19:31:55.147Z', 'age': 47}, 'registered': {'date': '2012-07-22T03:08:26.542Z', 'age': 11}, 'phone': '(0934) 902479', 'cell': '(06) 95741633', 'id': {'name': 'BSN', 'value': '13593173'}, 'picture': {'large': 'https://randomuser.me/api/portraits/men/99.jpg', 'medium': 'https://randomuser.me/api/portraits/med/men/99.jpg', 'thumbnail': 'https://randomuser.me/api/portraits/thumb/men/99.jpg'}, 'nat': 'NL'}</msg>
<arg>${json_data['results'][0]}</arg>
<doc>Logs the given message with the given level.</doc>
<status status="PASS" start="2024-03-20T17:00:06.251327" elapsed="0.000454"/>
</kw>
<kw name="Log" owner="BuiltIn">
<msg time="2024-03-20T17:00:06.252202" level="INFO">location</msg>
<arg>${key}</arg>
<doc>Logs the given message with the given level.</doc>
<status status="PASS" start="2024-03-20T17:00:06.252073" elapsed="0.000167"/>
</kw>
<var name="${key}">location</var>
<status status="PASS" start="2024-03-20T17:00:06.250386" elapsed="0.002073"/>
</iter>
<iter>
<kw name="Dictionary Should Contain Key" owner="Collections">
<msg time="2024-03-20T17:00:06.253118" level="INFO">False</msg>
<arg>${json_data['results'][0]}</arg>
<arg>${key}</arg>
<doc>Fails if ``key`` is not found from ``dictionary``.</doc>
<status status="PASS" start="2024-03-20T17:00:06.252742" elapsed="0.000414"/>
</kw>
<kw name="Log" owner="BuiltIn">
<msg time="2024-03-20T17:00:06.253803" level="INFO">{'gender': 'male', 'name': {'title': 'Mr', 'first': 'Quentin', 'last': 'Van der Lubbe'}, 'location': {'street': {'number': 3053, 'name': 'Goudesteijn'}, 'city': 'Ven-Zelderheide', 'state': 'Zeeland', 'country': 'Netherlands', 'postcode': '3621 AA', 'coordinates': {'latitude': '34.0805', 'longitude': '-114.5034'}, 'timezone': {'offset': '-12:00', 'description': 'Eniwetok, Kwajalein'}}, 'email': 'quentin.vanderlubbe@example.com', 'login': {'uuid': 'bc049ddf-5457-48f7-80c1-998f9aeeda80', 'username': 'smallbutterfly632', 'password': '456456', 'salt': 'wswDH7Bs', 'md5': '56948d727b20cf15db37cf669b5beed2', 'sha1': 'f39883375c52edfba454a6d7f47a51f877a36be5', 'sha256': '309b430760ed95f7e9c4b38cc58cf6710ca30129a8e7c09d32e5430c8a9b1f40'}, 'dob': {'date': '1976-11-01T19:31:55.147Z', 'age': 47}, 'registered': {'date': '2012-07-22T03:08:26.542Z', 'age': 11}, 'phone': '(0934) 902479', 'cell': '(06) 95741633', 'id': {'name': 'BSN', 'value': '13593173'}, 'picture': {'large': 'https://randomuser.me/api/portraits/men/99.jpg', 'medium': 'https://randomuser.me/api/portraits/med/men/99.jpg', 'thumbnail': 'https://randomuser.me/api/portraits/thumb/men/99.jpg'}, 'nat': 'NL'}</msg>
<arg>${json_data['results'][0]}</arg>
<doc>Logs the given message with the given level.</doc>
<status status="PASS" start="2024-03-20T17:00:06.253448" elapsed="0.000402"/>
</kw>
<kw name="Log" owner="BuiltIn">
<msg time="2024-03-20T17:00:06.254263" level="INFO">email</msg>
<arg>${key}</arg>
<doc>Logs the given message with the given level.</doc>
<status status="PASS" start="2024-03-20T17:00:06.254138" elapsed="0.000162"/>
</kw>
<var name="${key}">email</var>
<status status="PASS" start="2024-03-20T17:00:06.252638" elapsed="0.001881"/>
</iter>
<iter>
<kw name="Dictionary Should Contain Key" owner="Collections">
<msg time="2024-03-20T17:00:06.255181" level="INFO">False</msg>
<arg>${json_data['results'][0]}</arg>
<arg>${key}</arg>
<doc>Fails if ``key`` is not found from ``dictionary``.</doc>
<status status="PASS" start="2024-03-20T17:00:06.254797" elapsed="0.000421"/>
</kw>
<kw name="Log" owner="BuiltIn">
<msg time="2024-03-20T17:00:06.255914" level="INFO">{'gender': 'male', 'name': {'title': 'Mr', 'first': 'Quentin', 'last': 'Van der Lubbe'}, 'location': {'street': {'number': 3053, 'name': 'Goudesteijn'}, 'city': 'Ven-Zelderheide', 'state': 'Zeeland', 'country': 'Netherlands', 'postcode': '3621 AA', 'coordinates': {'latitude': '34.0805', 'longitude': '-114.5034'}, 'timezone': {'offset': '-12:00', 'description': 'Eniwetok, Kwajalein'}}, 'email': 'quentin.vanderlubbe@example.com', 'login': {'uuid': 'bc049ddf-5457-48f7-80c1-998f9aeeda80', 'username': 'smallbutterfly632', 'password': '456456', 'salt': 'wswDH7Bs', 'md5': '56948d727b20cf15db37cf669b5beed2', 'sha1': 'f39883375c52edfba454a6d7f47a51f877a36be5', 'sha256': '309b430760ed95f7e9c4b38cc58cf6710ca30129a8e7c09d32e5430c8a9b1f40'}, 'dob': {'date': '1976-11-01T19:31:55.147Z', 'age': 47}, 'registered': {'date': '2012-07-22T03:08:26.542Z', 'age': 11}, 'phone': '(0934) 902479', 'cell': '(06) 95741633', 'id': {'name': 'BSN', 'value': '13593173'}, 'picture': {'large': 'https://randomuser.me/api/portraits/men/99.jpg', 'medium': 'https://randomuser.me/api/portraits/med/men/99.jpg', 'thumbnail': 'https://randomuser.me/api/portraits/thumb/men/99.jpg'}, 'nat': 'NL'}</msg>
<arg>${json_data['results'][0]}</arg>
<doc>Logs the given message with the given level.</doc>
<status status="PASS" start="2024-03-20T17:00:06.255514" elapsed="0.000448"/>
</kw>
<kw name="Log" owner="BuiltIn">
<msg time="2024-03-20T17:00:06.256384" level="INFO">login</msg>
<arg>${key}</arg>
<doc>Logs the given message with the given level.</doc>
<status status="PASS" start="2024-03-20T17:00:06.256256" elapsed="0.000168"/>
</kw>
<var name="${key}">login</var>
<status status="PASS" start="2024-03-20T17:00:06.254694" elapsed="0.002043"/>
</iter>
<var>${key}</var>
<value>@{expected_keys}</value>
<status status="PASS" start="2024-03-20T17:00:06.245806" elapsed="0.011061"/>
</for>
<kw name="Create List" owner="BuiltIn">
<msg time="2024-03-20T17:00:06.257197" level="INFO">${expected_keysTwo} = ['username', 'password']</msg>
<var>${expected_keysTwo}</var>
<arg>username</arg>
<arg>password</arg>
<doc>Returns a list containing given items.</doc>
<status status="PASS" start="2024-03-20T17:00:06.257056" elapsed="0.000165"/>
</kw>
<for flavor="IN">
<iter>
<kw name="Dictionary Should Contain Key" owner="Collections">
<msg time="2024-03-20T17:00:06.258269" level="INFO">False</msg>
<arg>${json_data['results'][0]['login']}</arg>
<arg>${keyTwo}</arg>
<doc>Fails if ``key`` is not found from ``dictionary``.</doc>
<status status="PASS" start="2024-03-20T17:00:06.257859" elapsed="0.000448"/>
</kw>
<kw name="Dictionary Should Contain Key" owner="Collections">
<msg time="2024-03-20T17:00:06.258996" level="INFO">False</msg>
<arg>${json_data['results'][0]['login']}</arg>
<arg>${keyTwo}</arg>
<doc>Fails if ``key`` is not found from ``dictionary``.</doc>
<status status="PASS" start="2024-03-20T17:00:06.258612" elapsed="0.000423"/>
</kw>
<kw name="Log" owner="BuiltIn">
<msg time="2024-03-20T17:00:06.259460" level="INFO">username</msg>
<arg>${keyTwo}</arg>
<doc>Logs the given message with the given level.</doc>
<status status="PASS" start="2024-03-20T17:00:06.259329" elapsed="0.000169"/>
</kw>
<var name="${keyTwo}">username</var>
<status status="PASS" start="2024-03-20T17:00:06.257689" elapsed="0.002075"/>
</iter>
<iter>
<kw name="Dictionary Should Contain Key" owner="Collections">
<msg time="2024-03-20T17:00:06.260444" level="INFO">False</msg>
<arg>${json_data['results'][0]['login']}</arg>
<arg>${keyTwo}</arg>
<doc>Fails if ``key`` is not found from ``dictionary``.</doc>
<status status="PASS" start="2024-03-20T17:00:06.260053" elapsed="0.000429"/>
</kw>
<kw name="Dictionary Should Contain Key" owner="Collections">
<msg time="2024-03-20T17:00:06.261167" level="INFO">False</msg>
<arg>${json_data['results'][0]['login']}</arg>
<arg>${keyTwo}</arg>
<doc>Fails if ``key`` is not found from ``dictionary``.</doc>
<status status="PASS" start="2024-03-20T17:00:06.260775" elapsed="0.000431"/>
</kw>
<kw name="Log" owner="BuiltIn">
<msg time="2024-03-20T17:00:06.261636" level="INFO">password</msg>
<arg>${keyTwo}</arg>
<doc>Logs the given message with the given level.</doc>
<status status="PASS" start="2024-03-20T17:00:06.261507" elapsed="0.000168"/>
</kw>
<var name="${keyTwo}">password</var>
<status status="PASS" start="2024-03-20T17:00:06.259940" elapsed="0.001964"/>
</iter>
<var>${keyTwo}</var>
<value>@{expected_keysTwo}</value>
<status status="PASS" start="2024-03-20T17:00:06.257465" elapsed="0.004563"/>
</for>
<status status="PASS" start="2024-03-20T17:00:06.144906" elapsed="0.117266"/>
</kw>
<doc>Testa a estrutura da resposta da API.</doc>
<tag>testeEstruturaResposta</tag>
<status status="PASS" start="2024-03-20T17:00:06.144209" elapsed="0.118121"/>
</test>
<test id="s1-s1-t4" name="Validar tipos de dados" line="39">
<kw name="Teste de Tipos de Dados">
<kw name="GET On Session" owner="RequestsLibrary">
<msg time="2024-03-20T17:00:06.339800" level="INFO">GET Request : url=https://randomuser.me/api 
 path_url=/api 
 headers={'User-Agent': 'python-requests/2.31.0', 'Accept-Encoding': 'gzip, deflate', 'Accept': '*/*', 'Connection': 'keep-alive'} 
 body=None 
 </msg>
<msg time="2024-03-20T17:00:06.339889" level="INFO">GET Response : url=https://randomuser.me/api 
 status=200, reason=OK 
 headers={'Date': 'Wed, 20 Mar 2024 17:00:06 GMT', 'Content-Type': 'application/json; charset=utf-8', 'Transfer-Encoding': 'chunked', 'Connection': 'keep-alive', 'X-Powered-By': 'Express', 'Access-Control-Allow-Origin': '*', 'Cache-Control': 'no-cache', 'ETag': 'W/"480-jtcedIlT1T+oiqNAjjYNdoHv3Pk"', 'Vary': 'Accept-Encoding', 'Content-Encoding': 'gzip', 'CF-Cache-Status': 'DYNAMIC', 'Report-To': '{"endpoints":[{"url":"https:\\/\\/a.nel.cloudflare.com\\/report\\/v4?s=zpn%2FOuxVwLf1A1v1JNbaya9UQ4fDPZmaMjzk7H%2FH6XNZ4sbIQwzAwT3zpEGcKXmtHI1KfXXzy4gpZYEKp96WGk63rSWpr68gKLFH3r7vn5GcyOrt4jkk3kOl%2BRV%2Frax%2B"}],"group":"cf-nel","max_age":604800}', 'NEL': '{"success_fraction":0,"report_to":"cf-nel","max_age":604800}', 'Server': 'cloudflare', 'CF-RAY': '867741ab2e8e8256-IAD', 'alt-svc': 'h3=":443"; ma=86400'} 
 body={"results":[{"gender":"male","name":{"title":"Mr","first":"Rasmus","last":"Madsen"},"location":{"street":{"number":4045,"name":"Spurvevej"},"city":"Askeby","state":"Nordjylland","country":"Denmark","postcode":62764,"coordinates":{"latitude":"-38.7090","longitude":"-25.1735"},"timezone":{"offset":"+4:00","description":"Abu Dhabi, Muscat, Baku, Tbilisi"}},"email":"rasmus.madsen@example.com","login":{"uuid":"c7a6c1a9-d298-40cc-893e-c129ad10b7c2","username":"bluetiger786","password":"marijuan","salt":"1kJFdXYr","md5":"42feffec6cfa938b29b27a455349cb74","sha1":"2c02378414ae596e79b6150b8a20ec5188a48356","sha256":"5bb402b08693587fcc236cd9bf810fa7c552c48bb022beb905d397fe16390b03"},"dob":{"date":"1950-01-10T21:22:37.366Z","age":74},"registered":{"date":"2005-07-18T08:13:18.002Z","age":18},"phone":"68007471","cell":"71701096","id":{"name":"CPR","value":"100150-8120"},"picture":{"large":"https://randomuser.me/api/portraits/men/58.jpg","medium":"https://randomuser.me/api/portraits/med/men/58.jpg","thumbnail":"https://randomuser.me/api/portraits/thumb/men/58.jpg"},"nat":"DK"}],"info":{"seed":"2384d3a677d9c5e8","results":1,"page":1,"version":"1.4"}} 
 </msg>
<msg time="2024-03-20T17:00:06.339961" level="INFO">/opt/hostedtoolcache/Python/3.12.2/x64/lib/python3.12/site-packages/urllib3/connectionpool.py:1103: InsecureRequestWarning: Unverified HTTPS request is being made to host 'randomuser.me'. Adding certificate verification is strongly advised. See: https://urllib3.readthedocs.io/en/latest/advanced-usage.html#tls-warnings
  warnings.warn(</msg>
<msg time="2024-03-20T17:00:06.340078" level="INFO">${response} = &lt;Response [200]&gt;</msg>
<var>${response}</var>
<arg>consultarAPI</arg>
<arg>/api</arg>
<doc>Sends a GET request on a previously created HTTP Session.</doc>
<status status="PASS" start="2024-03-20T17:00:06.264935" elapsed="0.075190"/>
</kw>
<kw name="Set Variable" owner="BuiltIn">
<msg time="2024-03-20T17:00:06.341032" level="INFO">${json_data} = {'results': [{'gender': 'male', 'name': {'title': 'Mr', 'first': 'Rasmus', 'last': 'Madsen'}, 'location': {'street': {'number': 4045, 'name': 'Spurvevej'}, 'city': 'Askeby', 'state': 'Nordjylland', 'c...</msg>
<var>${json_data}</var>
<arg>${response.json()}</arg>
<doc>Returns the given values which can then be assigned to a variables.</doc>
<status status="PASS" start="2024-03-20T17:00:06.340563" elapsed="0.000499"/>
</kw>
<kw name="Log" owner="BuiltIn">
<msg time="2024-03-20T17:00:06.341519" level="INFO">{'results': [{'gender': 'male', 'name': {'title': 'Mr', 'first': 'Rasmus', 'last': 'Madsen'}, 'location': {'street': {'number': 4045, 'name': 'Spurvevej'}, 'city': 'Askeby', 'state': 'Nordjylland', 'country': 'Denmark', 'postcode': 62764, 'coordinates': {'latitude': '-38.7090', 'longitude': '-25.1735'}, 'timezone': {'offset': '+4:00', 'description': 'Abu Dhabi, Muscat, Baku, Tbilisi'}}, 'email': 'rasmus.madsen@example.com', 'login': {'uuid': 'c7a6c1a9-d298-40cc-893e-c129ad10b7c2', 'username': 'bluetiger786', 'password': 'marijuan', 'salt': '1kJFdXYr', 'md5': '42feffec6cfa938b29b27a455349cb74', 'sha1': '2c02378414ae596e79b6150b8a20ec5188a48356', 'sha256': '5bb402b08693587fcc236cd9bf810fa7c552c48bb022beb905d397fe16390b03'}, 'dob': {'date': '1950-01-10T21:22:37.366Z', 'age': 74}, 'registered': {'date': '2005-07-18T08:13:18.002Z', 'age': 18}, 'phone': '68007471', 'cell': '71701096', 'id': {'name': 'CPR', 'value': '100150-8120'}, 'picture': {'large': 'https://randomuser.me/api/portraits/men/58.jpg', 'medium': 'https://randomuser.me/api/portraits/med/men/58.jpg', 'thumbnail': 'https://randomuser.me/api/portraits/thumb/men/58.jpg'}, 'nat': 'DK'}], 'info': {'seed': '2384d3a677d9c5e8', 'results': 1, 'page': 1, 'version': '1.4'}}</msg>
<arg>${json_data}</arg>
<doc>Logs the given message with the given level.</doc>
<status status="PASS" start="2024-03-20T17:00:06.341362" elapsed="0.000239"/>
</kw>
<kw name="Should Be String" owner="String">
<arg>${json_data['results'][0]['gender']}</arg>
<doc>Fails if the given ``item`` is not a string.</doc>
<status status="PASS" start="2024-03-20T17:00:06.341896" elapsed="0.000365"/>
</kw>
<kw name="Should Match Regexp" owner="BuiltIn">
<arg>${json_data['results'][0]['email']}</arg>
<arg>^[a-zA-Z0-9._%+-]+@[a-zA-Z0-9.-]+\.[a-zA-Z]{2,}$</arg>
<doc>Fails if ``string`` does not match ``pattern`` as a regular expression.</doc>
<status status="PASS" start="2024-03-20T17:00:06.342449" elapsed="0.000649"/>
</kw>
<kw name="Should Match Regexp" owner="BuiltIn">
<arg>${json_data['results'][0]['dob']['date']}</arg>
<arg>\\d{4}-\\d{2}-\\d{2}T\\d{2}:\\d{2}:\\d{2}\\.\\d{3}Z</arg>
<doc>Fails if ``string`` does not match ``pattern`` as a regular expression.</doc>
<status status="PASS" start="2024-03-20T17:00:06.343299" elapsed="0.000539"/>
</kw>
<kw name="Should Match Regexp" owner="BuiltIn">
<arg>${json_data['results'][0]['registered']['date']}</arg>
<arg>\\d{4}-\\d{2}-\\d{2}T\\d{2}:\\d{2}:\\d{2}\\.\\d{3}Z</arg>
<doc>Fails if ``string`` does not match ``pattern`` as a regular expression.</doc>
<status status="PASS" start="2024-03-20T17:00:06.344032" elapsed="0.000374"/>
</kw>
<kw name="Should Match Regexp" owner="BuiltIn">
<arg>${json_data['results'][0]['picture']['large']}</arg>
<arg>^https?://.*\.(?:png|jpe?g|gif|bmp)$</arg>
<doc>Fails if ``string`` does not match ``pattern`` as a regular expression.</doc>
<status status="PASS" start="2024-03-20T17:00:06.344591" elapsed="0.000458"/>
</kw>
<kw name="Should Match Regexp" owner="BuiltIn">
<arg>${json_data['results'][0]['picture']['medium']}</arg>
<arg>^https?://.*\.(?:png|jpe?g|gif|bmp)$</arg>
<doc>Fails if ``string`` does not match ``pattern`` as a regular expression.</doc>
<status status="PASS" start="2024-03-20T17:00:06.345234" elapsed="0.000352"/>
</kw>
<kw name="Should Match Regexp" owner="BuiltIn">
<arg>${json_data['results'][0]['picture']['thumbnail']}</arg>
<arg>^https?://.*\.(?:png|jpe?g|gif|bmp)$</arg>
<doc>Fails if ``string`` does not match ``pattern`` as a regular expression.</doc>
<status status="PASS" start="2024-03-20T17:00:06.345767" elapsed="0.000345"/>
</kw>
<kw name="Log" owner="BuiltIn">
<msg time="2024-03-20T17:00:06.346610" level="INFO">{'large': 'https://randomuser.me/api/portraits/men/58.jpg', 'medium': 'https://randomuser.me/api/portraits/med/men/58.jpg', 'thumbnail': 'https://randomuser.me/api/portraits/thumb/men/58.jpg'}</msg>
<arg>${json_data['results'][0]['picture']}</arg>
<doc>Logs the given message with the given level.</doc>
<status status="PASS" start="2024-03-20T17:00:06.346288" elapsed="0.000365"/>
</kw>
<status status="PASS" start="2024-03-20T17:00:06.264710" elapsed="0.082200"/>
</kw>
<kw name="Teste de Tipos de Dados - Postcode">
<kw name="GET On Session" owner="RequestsLibrary">
<msg time="2024-03-20T17:00:06.434942" level="INFO">GET Request : url=https://randomuser.me/api 
 path_url=/api 
 headers={'User-Agent': 'python-requests/2.31.0', 'Accept-Encoding': 'gzip, deflate', 'Accept': '*/*', 'Connection': 'keep-alive'} 
 body=None 
 </msg>
<msg time="2024-03-20T17:00:06.435026" level="INFO">GET Response : url=https://randomuser.me/api 
 status=200, reason=OK 
 headers={'Date': 'Wed, 20 Mar 2024 17:00:06 GMT', 'Content-Type': 'application/json; charset=utf-8', 'Transfer-Encoding': 'chunked', 'Connection': 'keep-alive', 'X-Powered-By': 'Express', 'Access-Control-Allow-Origin': '*', 'Cache-Control': 'no-cache', 'ETag': 'W/"491-mNp24IxAHmszwfSzDrMKoM7v11w"', 'Vary': 'Accept-Encoding', 'Content-Encoding': 'gzip', 'CF-Cache-Status': 'DYNAMIC', 'Report-To': '{"endpoints":[{"url":"https:\\/\\/a.nel.cloudflare.com\\/report\\/v4?s=Q4KwU%2BcNQvvaIugAeTnhV5oli6cnTvyvAbph5Z4HFhBS0H4IzrafF52R1C0QL7x%2FcM58EFZp21z3ubk2l1XaB9y3SLzhile7WyoN602nFGMHmBYuRh%2B08MiUNd70kvLz"}],"group":"cf-nel","max_age":604800}', 'NEL': '{"success_fraction":0,"report_to":"cf-nel","max_age":604800}', 'Server': 'cloudflare', 'CF-RAY': '867741abbf218256-IAD', 'alt-svc': 'h3=":443"; ma=86400'} 
 body={"results":[{"gender":"male","name":{"title":"Mr","first":"Víctor","last":"Gil"},"location":{"street":{"number":5196,"name":"Avenida de Salamanca"},"city":"Pontevedra","state":"Región de Murcia","country":"Spain","postcode":71670,"coordinates":{"latitude":"-36.9328","longitude":"-85.1149"},"timezone":{"offset":"-3:00","description":"Brazil, Buenos Aires, Georgetown"}},"email":"victor.gil@example.com","login":{"uuid":"f5582bfa-38b2-4969-a2f0-9011fee0e836","username":"yellowbear643","password":"beethove","salt":"lFSjKAJk","md5":"293eff61b32ede0ac906a1dc6449ea2e","sha1":"e3450c24fbbd18ccc04325ed2652aab316e841ab","sha256":"706296f43612c95c420b4637493561d3554480dece03269e8d7fd5b013c5157f"},"dob":{"date":"1946-02-10T22:25:50.017Z","age":78},"registered":{"date":"2004-07-04T00:22:55.508Z","age":19},"phone":"999-909-524","cell":"698-853-417","id":{"name":"DNI","value":"78888902-S"},"picture":{"large":"https://randomuser.me/api/portraits/men/6.jpg","medium":"https://randomuser.me/api/portraits/med/men/6.jpg","thumbnail":"https://randomuser.me/api/portraits/thumb/men/6.jpg"},"nat":"ES"}],"info":{"seed":"3f170ff3f6c1ecd3","results":1,"page":1,"version":"1.4"}} 
 </msg>
<msg time="2024-03-20T17:00:06.435101" level="INFO">/opt/hostedtoolcache/Python/3.12.2/x64/lib/python3.12/site-packages/urllib3/connectionpool.py:1103: InsecureRequestWarning: Unverified HTTPS request is being made to host 'randomuser.me'. Adding certificate verification is strongly advised. See: https://urllib3.readthedocs.io/en/latest/advanced-usage.html#tls-warnings
  warnings.warn(</msg>
<msg time="2024-03-20T17:00:06.435221" level="INFO">${response} = &lt;Response [200]&gt;</msg>
<var>${response}</var>
<arg>consultarAPI</arg>
<arg>/api</arg>
<doc>Sends a GET request on a previously created HTTP Session.</doc>
<status status="PASS" start="2024-03-20T17:00:06.347347" elapsed="0.087928"/>
</kw>
<kw name="Set Variable" owner="BuiltIn">
<msg time="2024-03-20T17:00:06.436381" level="INFO">${json_data} = {'results': [{'gender': 'male', 'name': {'title': 'Mr', 'first': 'Víctor', 'last': 'Gil'}, 'location': {'street': {'number': 5196, 'name': 'Avenida de Salamanca'}, 'city': 'Pontevedra', 'state': 'Regi...</msg>
<var>${json_data}</var>
<arg>${response.json()}</arg>
<doc>Returns the given values which can then be assigned to a variables.</doc>
<status status="PASS" start="2024-03-20T17:00:06.435809" elapsed="0.000602"/>
</kw>
<kw name="Log" owner="BuiltIn">
<msg time="2024-03-20T17:00:06.436873" level="INFO">{'results': [{'gender': 'male', 'name': {'title': 'Mr', 'first': 'Víctor', 'last': 'Gil'}, 'location': {'street': {'number': 5196, 'name': 'Avenida de Salamanca'}, 'city': 'Pontevedra', 'state': 'Región de Murcia', 'country': 'Spain', 'postcode': 71670, 'coordinates': {'latitude': '-36.9328', 'longitude': '-85.1149'}, 'timezone': {'offset': '-3:00', 'description': 'Brazil, Buenos Aires, Georgetown'}}, 'email': 'victor.gil@example.com', 'login': {'uuid': 'f5582bfa-38b2-4969-a2f0-9011fee0e836', 'username': 'yellowbear643', 'password': 'beethove', 'salt': 'lFSjKAJk', 'md5': '293eff61b32ede0ac906a1dc6449ea2e', 'sha1': 'e3450c24fbbd18ccc04325ed2652aab316e841ab', 'sha256': '706296f43612c95c420b4637493561d3554480dece03269e8d7fd5b013c5157f'}, 'dob': {'date': '1946-02-10T22:25:50.017Z', 'age': 78}, 'registered': {'date': '2004-07-04T00:22:55.508Z', 'age': 19}, 'phone': '999-909-524', 'cell': '698-853-417', 'id': {'name': 'DNI', 'value': '78888902-S'}, 'picture': {'large': 'https://randomuser.me/api/portraits/men/6.jpg', 'medium': 'https://randomuser.me/api/portraits/med/men/6.jpg', 'thumbnail': 'https://randomuser.me/api/portraits/thumb/men/6.jpg'}, 'nat': 'ES'}], 'info': {'seed': '3f170ff3f6c1ecd3', 'results': 1, 'page': 1, 'version': '1.4'}}</msg>
<arg>${json_data}</arg>
<doc>Logs the given message with the given level.</doc>
<status status="PASS" start="2024-03-20T17:00:06.436715" elapsed="0.000238"/>
</kw>
<kw name="Should Be Equal As Numbers" owner="BuiltIn">
<arg>${json_data['results'][0]['location']['postcode']}</arg>
<arg>${json_data['results'][0]['location']['postcode']}</arg>
<doc>Fails if objects are unequal after converting them to real numbers.</doc>
<status status="PASS" start="2024-03-20T17:00:06.437256" elapsed="0.000635"/>
</kw>
<kw name="Log" owner="BuiltIn">
<msg time="2024-03-20T17:00:06.438436" level="INFO">71670</msg>
<arg>${json_data['results'][0]['location']['postcode']}</arg>
<doc>Logs the given message with the given level.</doc>
<status status="PASS" start="2024-03-20T17:00:06.438097" elapsed="0.000381"/>
</kw>
<status status="PASS" start="2024-03-20T17:00:06.347130" elapsed="0.091603"/>
</kw>
<doc>Testa se os tipos de dados na resposta da API estão corretos.</doc>
<tag>testeTiposDados</tag>
<status status="PASS" start="2024-03-20T17:00:06.264179" elapsed="0.174725"/>
</test>
<test id="s1-s1-t5" name="Validar conteudo" line="46">
<kw name="Teste de Tipos de Conteudo">
<kw name="GET On Session" owner="RequestsLibrary">
<msg time="2024-03-20T17:00:06.538540" level="INFO">GET Request : url=https://randomuser.me/api 
 path_url=/api 
 headers={'User-Agent': 'python-requests/2.31.0', 'Accept-Encoding': 'gzip, deflate', 'Accept': '*/*', 'Connection': 'keep-alive'} 
 body=None 
 </msg>
<msg time="2024-03-20T17:00:06.538630" level="INFO">GET Response : url=https://randomuser.me/api 
 status=200, reason=OK 
 headers={'Date': 'Wed, 20 Mar 2024 17:00:06 GMT', 'Content-Type': 'application/json; charset=utf-8', 'Transfer-Encoding': 'chunked', 'Connection': 'keep-alive', 'X-Powered-By': 'Express', 'Access-Control-Allow-Origin': '*', 'Cache-Control': 'no-cache', 'ETag': 'W/"47c-zqp4GLFCEsAbkuGhIObqau9CT9k"', 'Vary': 'Accept-Encoding', 'Content-Encoding': 'gzip', 'CF-Cache-Status': 'DYNAMIC', 'Report-To': '{"endpoints":[{"url":"https:\\/\\/a.nel.cloudflare.com\\/report\\/v4?s=THT7GyHtWTVfBmHSUewi21AZA2yu1lxxt8PwGJD%2Ffa54F%2FFtBMwPkcbp7Vb5dcCMscjPuGe9dimlhIrrSQ59nvrfYgOBKvn61syCM633%2BfcwMypyEPk7NbVSoKdD4hKT"}],"group":"cf-nel","max_age":604800}', 'NEL': '{"success_fraction":0,"report_to":"cf-nel","max_age":604800}', 'Server': 'cloudflare', 'CF-RAY': '867741ac4fc68256-IAD', 'alt-svc': 'h3=":443"; ma=86400'} 
 body={"results":[{"gender":"female","name":{"title":"Ms","first":"Avery","last":"Gonzales"},"location":{"street":{"number":2367,"name":"Lovers Ln"},"city":"Devonport","state":"Queensland","country":"Australia","postcode":4721,"coordinates":{"latitude":"-85.9305","longitude":"163.4959"},"timezone":{"offset":"+4:30","description":"Kabul"}},"email":"avery.gonzales@example.com","login":{"uuid":"15ca3757-fd1d-424e-952b-1dfd7b826f2e","username":"silverbutterfly849","password":"bluedog","salt":"2h2lt4tw","md5":"f066498cb2d5205bbc8b2f06bb831be7","sha1":"1bf0a821e31cf46ea51d026d83d58601f63e69ff","sha256":"52cc922e796db8a0a2a4bc786f1dc050adac60d8967d1ade8ef7546c0568c61a"},"dob":{"date":"2001-01-01T16:15:59.607Z","age":23},"registered":{"date":"2018-12-12T19:31:38.734Z","age":5},"phone":"07-5139-1869","cell":"0452-179-359","id":{"name":"TFN","value":"031617932"},"picture":{"large":"https://randomuser.me/api/portraits/women/43.jpg","medium":"https://randomuser.me/api/portraits/med/women/43.jpg","thumbnail":"https://randomuser.me/api/portraits/thumb/women/43.jpg"},"nat":"AU"}],"info":{"seed":"77ee4cb1d5a86839","results":1,"page":1,"version":"1.4"}} 
 </msg>
<msg time="2024-03-20T17:00:06.538702" level="INFO">/opt/hostedtoolcache/Python/3.12.2/x64/lib/python3.12/site-packages/urllib3/connectionpool.py:1103: InsecureRequestWarning: Unverified HTTPS request is being made to host 'randomuser.me'. Adding certificate verification is strongly advised. See: https://urllib3.readthedocs.io/en/latest/advanced-usage.html#tls-warnings
  warnings.warn(</msg>
<msg time="2024-03-20T17:00:06.538792" level="INFO">${response} = &lt;Response [200]&gt;</msg>
<var>${response}</var>
<arg>consultarAPI</arg>
<arg>/api</arg>
<doc>Sends a GET request on a previously created HTTP Session.</doc>
<status status="PASS" start="2024-03-20T17:00:06.441441" elapsed="0.097386"/>
</kw>
<kw name="Set Variable" owner="BuiltIn">
<msg time="2024-03-20T17:00:06.539771" level="INFO">${json_data} = {'results': [{'gender': 'female', 'name': {'title': 'Ms', 'first': 'Avery', 'last': 'Gonzales'}, 'location': {'street': {'number': 2367, 'name': 'Lovers Ln'}, 'city': 'Devonport', 'state': 'Queensland...</msg>
<var>${json_data}</var>
<arg>${response.json()}</arg>
<doc>Returns the given values which can then be assigned to a variables.</doc>
<status status="PASS" start="2024-03-20T17:00:06.539222" elapsed="0.000579"/>
</kw>
<kw name="Set Variable" owner="BuiltIn">
<msg time="2024-03-20T17:00:06.540526" level="INFO">${name_title} = Ms</msg>
<var>${name_title}</var>
<arg>${json_data["results"][0]["name"]["title"]}</arg>
<doc>Returns the given values which can then be assigned to a variables.</doc>
<status status="PASS" start="2024-03-20T17:00:06.540116" elapsed="0.000437"/>
</kw>
<kw name="Create List" owner="BuiltIn">
<msg time="2024-03-20T17:00:06.541011" level="INFO">${allowed_titles} = ['Mr', 'Ms', 'Miss', 'Mrs', 'Madame', 'Monsieur']</msg>
<var>${allowed_titles}</var>
<arg>Mr</arg>
<arg>Ms</arg>
<arg>Miss</arg>
<arg>Mrs</arg>
<arg>Madame</arg>
<arg>Monsieur</arg>
<doc>Returns a list containing given items.</doc>
<status status="PASS" start="2024-03-20T17:00:06.540856" elapsed="0.000181"/>
</kw>
<kw name="List Should Contain Value" owner="Collections">
<msg time="2024-03-20T17:00:06.541517" level="INFO">False</msg>
<arg>${allowed_titles}</arg>
<arg>${name_title}</arg>
<doc>Fails if the ``value`` is not found from ``list``.</doc>
<status status="PASS" start="2024-03-20T17:00:06.541341" elapsed="0.000215"/>
</kw>
<kw name="Set Variable" owner="BuiltIn">
<msg time="2024-03-20T17:00:06.542244" level="INFO">${name_country} = AU</msg>
<var>${name_country}</var>
<arg>${json_data["results"][0]["nat"]}</arg>
<doc>Returns the given values which can then be assigned to a variables.</doc>
<status status="PASS" start="2024-03-20T17:00:06.541859" elapsed="0.000411"/>
</kw>
<kw name="Create List" owner="BuiltIn">
<msg time="2024-03-20T17:00:06.543188" level="INFO">${list_country} = ['AD', 'AE', 'AF', 'AG', 'AI', 'AL', 'AM', 'AO', 'AQ', 'AR', 'AS', 'AT', 'AU', 'AW', 'AX', 'AZ', 'BA', 'BB', 'BD', 'BE', 'BF', 'BG', 'BH', 'BI', 'BJ', 'BL', 'BM', 'BN', 'BO', 'BQ', 'BR', 'BS', 'BT', '...</msg>
<var>${list_country}</var>
<arg>AD</arg>
<arg>AE</arg>
<arg>AF</arg>
<arg>AG</arg>
<arg>AI</arg>
<arg>AL</arg>
<arg>AM</arg>
<arg>AO</arg>
<arg>AQ</arg>
<arg>AR</arg>
<arg>AS</arg>
<arg>AT</arg>
<arg>AU</arg>
<arg>AW</arg>
<arg>AX</arg>
<arg>AZ</arg>
<arg>BA</arg>
<arg>BB</arg>
<arg>BD</arg>
<arg>BE</arg>
<arg>BF</arg>
<arg>BG</arg>
<arg>BH</arg>
<arg>BI</arg>
<arg>BJ</arg>
<arg>BL</arg>
<arg>BM</arg>
<arg>BN</arg>
<arg>BO</arg>
<arg>BQ</arg>
<arg>BR</arg>
<arg>BS</arg>
<arg>BT</arg>
<arg>BV</arg>
<arg>BW</arg>
<arg>BY</arg>
<arg>BZ</arg>
<arg>CA</arg>
<arg>CC</arg>
<arg>CD</arg>
<arg>CF</arg>
<arg>CG</arg>
<arg>CH</arg>
<arg>CI</arg>
<arg>CK</arg>
<arg>CL</arg>
<arg>CM</arg>
<arg>CN</arg>
<arg>CO</arg>
<arg>CR</arg>
<arg>CU</arg>
<arg>CV</arg>
<arg>CW</arg>
<arg>CX</arg>
<arg>CY</arg>
<arg>CZ</arg>
<arg>DE</arg>
<arg>DJ</arg>
<arg>DK</arg>
<arg>DM</arg>
<arg>DO</arg>
<arg>DZ</arg>
<arg>EC</arg>
<arg>EE</arg>
<arg>EG</arg>
<arg>EH</arg>
<arg>ER</arg>
<arg>ES</arg>
<arg>ET</arg>
<arg>FI</arg>
<arg>FJ</arg>
<arg>FK</arg>
<arg>FM</arg>
<arg>FO</arg>
<arg>FR</arg>
<arg>GA</arg>
<arg>GB</arg>
<arg>GD</arg>
<arg>GE</arg>
<arg>GF</arg>
<arg>GG</arg>
<arg>GH</arg>
<arg>GI</arg>
<arg>GL</arg>
<arg>GM</arg>
<arg>GN</arg>
<arg>GP</arg>
<arg>GQ</arg>
<arg>GR</arg>
<arg>GS</arg>
<arg>GT</arg>
<arg>GU</arg>
<arg>GW</arg>
<arg>GY</arg>
<arg>HK</arg>
<arg>HM</arg>
<arg>HN</arg>
<arg>HR</arg>
<arg>HT</arg>
<arg>HU</arg>
<arg>ID</arg>
<arg>IE</arg>
<arg>IL</arg>
<arg>IM</arg>
<arg>IN</arg>
<arg>IO</arg>
<arg>IQ</arg>
<arg>IR</arg>
<arg>IS</arg>
<arg>IT</arg>
<arg>JE</arg>
<arg>JM</arg>
<arg>JO</arg>
<arg>JP</arg>
<arg>KE</arg>
<arg>KG</arg>
<arg>KH</arg>
<arg>KI</arg>
<arg>KM</arg>
<arg>KN</arg>
<arg>KP</arg>
<arg>KR</arg>
<arg>KW</arg>
<arg>KY</arg>
<arg>KZ</arg>
<arg>LA</arg>
<arg>LB</arg>
<arg>LC</arg>
<arg>LI</arg>
<arg>LK</arg>
<arg>LR</arg>
<arg>LS</arg>
<arg>LT</arg>
<arg>LU</arg>
<arg>LV</arg>
<arg>LY</arg>
<arg>MA</arg>
<arg>MC</arg>
<arg>MD</arg>
<arg>ME</arg>
<arg>MF</arg>
<arg>MG</arg>
<arg>MH</arg>
<arg>MK</arg>
<arg>ML</arg>
<arg>MM</arg>
<arg>MN</arg>
<arg>MO</arg>
<arg>MP</arg>
<arg>MQ</arg>
<arg>MR</arg>
<arg>MS</arg>
<arg>MT</arg>
<arg>MU</arg>
<arg>MV</arg>
<arg>MW</arg>
<arg>MX</arg>
<arg>MY</arg>
<arg>MZ</arg>
<arg>NA</arg>
<arg>NC</arg>
<arg>NE</arg>
<arg>NF</arg>
<arg>NG</arg>
<arg>NI</arg>
<arg>NL</arg>
<arg>NO</arg>
<arg>NP</arg>
<arg>NR</arg>
<arg>NU</arg>
<arg>NZ</arg>
<arg>OM</arg>
<arg>PA</arg>
<arg>PE</arg>
<arg>PF</arg>
<arg>PG</arg>
<arg>PH</arg>
<arg>PK</arg>
<arg>PL</arg>
<arg>PM</arg>
<arg>PN</arg>
<arg>PR</arg>
<arg>PS</arg>
<arg>PT</arg>
<arg>PW</arg>
<arg>PY</arg>
<arg>QA</arg>
<arg>RE</arg>
<arg>RO</arg>
<arg>RS</arg>
<arg>RU</arg>
<arg>RW</arg>
<arg>SA</arg>
<arg>SB</arg>
<arg>SC</arg>
<arg>SD</arg>
<arg>SE</arg>
<arg>SG</arg>
<arg>SH</arg>
<arg>SI</arg>
<arg>SJ</arg>
<arg>SK</arg>
<arg>SL</arg>
<arg>SM</arg>
<arg>SN</arg>
<arg>SO</arg>
<arg>SR</arg>
<arg>SS</arg>
<arg>ST</arg>
<arg>SV</arg>
<arg>SX</arg>
<arg>SY</arg>
<arg>SZ</arg>
<arg>TC</arg>
<arg>TD</arg>
<arg>TF</arg>
<arg>TG</arg>
<arg>TH</arg>
<arg>TJ</arg>
<arg>TK</arg>
<arg>TL</arg>
<arg>TM</arg>
<arg>TN</arg>
<arg>TO</arg>
<arg>TR</arg>
<arg>TT</arg>
<arg>TV</arg>
<arg>TW</arg>
<arg>TZ</arg>
<arg>UA</arg>
<arg>UG</arg>
<arg>UM</arg>
<arg>US</arg>
<arg>UY</arg>
<arg>UZ</arg>
<arg>VA</arg>
<arg>VC</arg>
<arg>VE</arg>
<arg>VG</arg>
<arg>VI</arg>
<arg>VN</arg>
<arg>VU</arg>
<arg>WF</arg>
<arg>WS</arg>
<arg>XK</arg>
<arg>YE</arg>
<arg>YT</arg>
<arg>ZA</arg>
<arg>ZM</arg>
<arg>ZW</arg>
<doc>Returns a list containing given items.</doc>
<status status="PASS" start="2024-03-20T17:00:06.542573" elapsed="0.000642"/>
</kw>
<kw name="List Should Contain Value" owner="Collections">
<msg time="2024-03-20T17:00:06.544393" level="INFO">False</msg>
<arg>${list_country}</arg>
<arg>${name_country}</arg>
<doc>Fails if the ``value`` is not found from ``list``.</doc>
<status status="PASS" start="2024-03-20T17:00:06.544179" elapsed="0.000253"/>
</kw>
<kw name="Run Keyword If" owner="BuiltIn">
<kw name="Should Be True" owner="BuiltIn">
<arg>${True}</arg>
<doc>Fails if the given condition is not true.</doc>
<status status="PASS" start="2024-03-20T17:00:06.545497" elapsed="0.000145"/>
</kw>
<arg>${json_data["results"][0]["location"]["coordinates"]["latitude"]} &gt;= -90 and ${json_data["results"][0]["location"]["coordinates"]["latitude"]} &lt;= 90</arg>
<arg>Should Be True</arg>
<arg>${True}</arg>
<doc>Runs the given keyword with the given arguments, if ``condition`` is true.</doc>
<status status="PASS" start="2024-03-20T17:00:06.544755" elapsed="0.001018"/>
</kw>
<kw name="Run Keyword If" owner="BuiltIn">
<kw name="Should Be True" owner="BuiltIn">
<arg>${True}</arg>
<doc>Fails if the given condition is not true.</doc>
<status status="PASS" start="2024-03-20T17:00:06.546655" elapsed="0.000142"/>
</kw>
<arg>${json_data["results"][0]["location"]["coordinates"]["longitude"]} &gt;= -180 and ${json_data["results"][0]["location"]["coordinates"]["longitude"]} &lt;= 180</arg>
<arg>Should Be True</arg>
<arg>${True}</arg>
<doc>Runs the given keyword with the given arguments, if ``condition`` is true.</doc>
<status status="PASS" start="2024-03-20T17:00:06.545954" elapsed="0.000970"/>
</kw>
<status status="PASS" start="2024-03-20T17:00:06.441223" elapsed="0.105834"/>
</kw>
<doc>Testa o conteúdo específico dos campos retornados pela API.</doc>
<tag>testeConteudo</tag>
<status status="PASS" start="2024-03-20T17:00:06.440696" elapsed="0.106510"/>
</test>
<status status="PASS" start="2024-03-20T17:00:05.803126" elapsed="0.746100"/>
</suite>
<status status="PASS" start="2024-03-20T17:00:05.789381" elapsed="0.765293"/>
</suite>
<statistics>
<total>
<stat pass="5" fail="0" skip="0">All Tests</stat>
</total>
<tag>
<stat pass="1" fail="0" skip="0">testeConteudo</stat>
<stat pass="1" fail="0" skip="0">testeEstruturaResposta</stat>
<stat pass="1" fail="0" skip="0">testeRequisicaoBasica</stat>
<stat pass="1" fail="0" skip="0">testeTiposDados</stat>
</tag>
<suite>
<stat pass="5" fail="0" skip="0" id="s1" name="Tests">Tests</stat>
<stat pass="5" fail="0" skip="0" id="s1-s1" name="Random-User-Test">Tests.Random-User-Test</stat>
</suite>
</statistics>
<errors>
</errors>
</robot>
