<?xml version="1.0" encoding="UTF-8"?>
<robot generator="Robot 7.0.1 (Python 3.12.4 on linux)" generated="2024-07-13T06:20:16.442195" rpa="false" schemaversion="5">
<suite id="s1" name="Tests" source="/home/runner/work/ApiRandomUser/ApiRandomUser/RamdonUser/tests">
<suite id="s1-s1" name="Random-User-Test" source="/home/runner/work/ApiRandomUser/ApiRandomUser/RamdonUser/tests/random-user-test.robot">
<test id="s1-s1-t1" name="Conectar" line="13">
<kw name="Conectar API" owner="random-user-service">
<kw name="Create Session" owner="RequestsLibrary">
<msg time="2024-07-13T06:20:16.857312" level="INFO">Creating Session using : alias=consultarAPI, url=https://randomuser.me/, headers={},                     cookies={}, auth=None, timeout=None, proxies=None, verify=False,                     debug=0 </msg>
<arg>consultarAPI</arg>
<arg>${URL}</arg>
<doc>Create Session: create a HTTP session to a server</doc>
<status status="PASS" start="2024-07-13T06:20:16.857077" elapsed="0.000426"/>
</kw>
<status status="PASS" start="2024-07-13T06:20:16.855710" elapsed="0.002157"/>
</kw>
<status status="PASS" start="2024-07-13T06:20:16.855055" elapsed="0.003008"/>
</test>
<test id="s1-s1-t2" name="Validar retorno 200 e JSON Válido" line="16">
<kw name="Teste de Requisicao Basica" owner="random-user-service">
<kw name="GET On Session" owner="RequestsLibrary">
<msg time="2024-07-13T06:20:17.095676" level="INFO">GET Request : url=https://randomuser.me/api 
 path_url=/api 
 headers={'User-Agent': 'python-requests/2.32.3', 'Accept-Encoding': 'gzip, deflate', 'Accept': '*/*', 'Connection': 'keep-alive'} 
 body=None 
 </msg>
<msg time="2024-07-13T06:20:17.095830" level="INFO">GET Response : url=https://randomuser.me/api 
 status=200, reason=OK 
 headers={'Date': 'Sat, 13 Jul 2024 06:20:17 GMT', 'Content-Type': 'application/json; charset=utf-8', 'Transfer-Encoding': 'chunked', 'Connection': 'keep-alive', 'X-Powered-By': 'Express', 'Access-Control-Allow-Origin': '*', 'Cache-Control': 'no-cache', 'ETag': 'W/"4a1-VGX+eyOGOtsMAOyRqezB6/zIcGs"', 'Vary': 'Accept-Encoding', 'Content-Encoding': 'gzip', 'CF-Cache-Status': 'DYNAMIC', 'Report-To': '{"endpoints":[{"url":"https:\\/\\/a.nel.cloudflare.com\\/report\\/v4?s=EhbUOc%2B%2BrhxDMnImVtHKNbmO4SbZlF6UgiAphMSxhY0pfJbJHmeeDTuCeF3pnDRnNKjabx9BqHPUAjhykxfP9XvqoqezDGPsuN5c3aPO0Z5ChAHmA20z8Hwwjk4RXam7"}],"group":"cf-nel","max_age":604800}', 'NEL': '{"success_fraction":0,"report_to":"cf-nel","max_age":604800}', 'Server': 'cloudflare', 'CF-RAY': '8a272a8e4d3bfa1a-SJC', 'alt-svc': 'h3=":443"; ma=86400'} 
 body={"results":[{"gender":"female","name":{"title":"Ms","first":"Carla","last":"Lorenzo"},"location":{"street":{"number":3193,"name":"Avenida de Salamanca"},"city":"Hospitalet de Llobregat","state":"Andalucía","country":"Spain","postcode":22514,"coordinates":{"latitude":"-34.8681","longitude":"165.5369"},"timezone":{"offset":"-1:00","description":"Azores, Cape Verde Islands"}},"email":"carla.lorenzo@example.com","login":{"uuid":"27d65250-264e-4e6a-9389-7961990403fd","username":"organickoala636","password":"lillie","salt":"zr34yNLn","md5":"b7e3580970cff1583beaf4cd9ddc57cb","sha1":"0d84eafabaa92483d39ff4bda75567c10cadf3b9","sha256":"6377c2e50565f5b0f6edc507e599adff87b8617713f46943d0cbdaedfd35f17b"},"dob":{"date":"1967-04-08T05:38:30.075Z","age":57},"registered":{"date":"2004-04-14T19:36:17.480Z","age":20},"phone":"960-201-982","cell":"616-244-062","id":{"name":"DNI","value":"34161068-X"},"picture":{"large":"https://randomuser.me/api/portraits/women/55.jpg","medium":"https://randomuser.me/api/portraits/med/women/55.jpg","thumbnail":"https://randomuser.me/api/portraits/thumb/women/55.jpg"},"nat":"ES"}],"info":{"seed":"0affcc7694a1353c","results":1,"page":1,"version":"1.4"}} 
 </msg>
<msg time="2024-07-13T06:20:17.095921" level="INFO">/opt/hostedtoolcache/Python/3.12.4/x64/lib/python3.12/site-packages/urllib3/connectionpool.py:1099: InsecureRequestWarning: Unverified HTTPS request is being made to host 'randomuser.me'. Adding certificate verification is strongly advised. See: https://urllib3.readthedocs.io/en/latest/advanced-usage.html#tls-warnings
  warnings.warn(</msg>
<msg time="2024-07-13T06:20:17.096087" level="INFO">${response} = &lt;Response [200]&gt;</msg>
<var>${response}</var>
<arg>consultarAPI</arg>
<arg>/api</arg>
<doc>Sends a GET request on a previously created HTTP Session.</doc>
<status status="PASS" start="2024-07-13T06:20:16.860637" elapsed="0.235503"/>
</kw>
<kw name="Should Be Equal As Numbers" owner="BuiltIn">
<msg time="2024-07-13T06:20:17.097135" level="INFO">Argument types are:
&lt;class 'int'&gt;
&lt;class 'str'&gt;</msg>
<arg>${response.status_code}</arg>
<arg>200</arg>
<doc>Fails if objects are unequal after converting them to real numbers.</doc>
<status status="PASS" start="2024-07-13T06:20:17.096694" elapsed="0.000504"/>
</kw>
<kw name="Log" owner="BuiltIn">
<msg time="2024-07-13T06:20:17.097912" level="INFO">200</msg>
<arg>${response.status_code}</arg>
<doc>Logs the given message with the given level.</doc>
<status status="PASS" start="2024-07-13T06:20:17.097569" elapsed="0.000383"/>
</kw>
<kw name="Set Variable" owner="BuiltIn">
<msg time="2024-07-13T06:20:17.098680" level="INFO">${json_data} = {'results': [{'gender': 'female', 'name': {'title': 'Ms', 'first': 'Carla', 'last': 'Lorenzo'}, 'location': {'street': {'number': 3193, 'name': 'Avenida de Salamanca'}, 'city': 'Hospitalet de Llobrega...</msg>
<var>${json_data}</var>
<arg>${response.json()}</arg>
<doc>Returns the given values which can then be assigned to a variables.</doc>
<status status="PASS" start="2024-07-13T06:20:17.098251" elapsed="0.000457"/>
</kw>
<kw name="Dictionary Should Contain Key" owner="Collections">
<arg>${json_data}</arg>
<arg>results</arg>
<doc>Fails if ``key`` is not found from ``dictionary``.</doc>
<status status="PASS" start="2024-07-13T06:20:17.098998" elapsed="0.000170"/>
</kw>
<status status="PASS" start="2024-07-13T06:20:16.860389" elapsed="0.238929"/>
</kw>
<doc>Testa se a API responde corretamente e retorna um objeto JSON válido.</doc>
<tag>testeRequisicaoBasica</tag>
<status status="PASS" start="2024-07-13T06:20:16.859910" elapsed="0.239585"/>
</test>
<test id="s1-s1-t3" name="Validar estrutura de resposta" line="22">
<kw name="Teste de Estrutura de Resposta" owner="random-user-service">
<kw name="GET On Session" owner="RequestsLibrary">
<msg time="2024-07-13T06:20:17.195311" level="INFO">GET Request : url=https://randomuser.me/api 
 path_url=/api 
 headers={'User-Agent': 'python-requests/2.32.3', 'Accept-Encoding': 'gzip, deflate', 'Accept': '*/*', 'Connection': 'keep-alive'} 
 body=None 
 </msg>
<msg time="2024-07-13T06:20:17.195405" level="INFO">GET Response : url=https://randomuser.me/api 
 status=200, reason=OK 
 headers={'Date': 'Sat, 13 Jul 2024 06:20:17 GMT', 'Content-Type': 'application/json; charset=utf-8', 'Transfer-Encoding': 'chunked', 'Connection': 'keep-alive', 'X-Powered-By': 'Express', 'Access-Control-Allow-Origin': '*', 'Cache-Control': 'no-cache', 'ETag': 'W/"48e-3E/JDT224PcWjmo/LjwGoJuzGsc"', 'Vary': 'Accept-Encoding', 'Content-Encoding': 'gzip', 'CF-Cache-Status': 'DYNAMIC', 'Report-To': '{"endpoints":[{"url":"https:\\/\\/a.nel.cloudflare.com\\/report\\/v4?s=TgOtTOHlgC3YaMuZJDEFcHsSCEVBPwwgjiizgTDNQ4xGZhusrmvwH65iKG5slwW6xG2V6UcS4RN%2FaobP%2BvkQpEmMhbdVKItDQgXdU%2B4%2B1KFbKRAnO8%2Fb%2B0k4vSIpW4Pw"}],"group":"cf-nel","max_age":604800}', 'NEL': '{"success_fraction":0,"report_to":"cf-nel","max_age":604800}', 'Server': 'cloudflare', 'CF-RAY': '8a272a8eedf5fa1a-SJC', 'alt-svc': 'h3=":443"; ma=86400'} 
 body={"results":[{"gender":"male","name":{"title":"Mr","first":"Ljuba","last":"Cvetković"},"location":{"street":{"number":8533,"name":"Ide Branovački "},"city":"Bogatić","state":"Peć","country":"Serbia","postcode":61266,"coordinates":{"latitude":"56.0776","longitude":"-73.8407"},"timezone":{"offset":"-3:00","description":"Brazil, Buenos Aires, Georgetown"}},"email":"ljuba.cvetkovic@example.com","login":{"uuid":"615d4279-6806-4bca-b351-7f40d3329b0d","username":"goldenbutterfly539","password":"carolina","salt":"AGcySVM0","md5":"1fc93144f2ed7bc03e8e1f26e92e933c","sha1":"001bf37af026eca351f21fd5133707ae27a035b5","sha256":"580c251e3d5ac99e6d73a12a8d50b54555ba226ca0b8ae40b8538e55a7a8673e"},"dob":{"date":"2000-05-19T01:47:46.068Z","age":24},"registered":{"date":"2007-11-24T15:56:58.135Z","age":16},"phone":"032-2157-083","cell":"064-7583-782","id":{"name":"SID","value":"434934274"},"picture":{"large":"https://randomuser.me/api/portraits/men/0.jpg","medium":"https://randomuser.me/api/portraits/med/men/0.jpg","thumbnail":"https://randomuser.me/api/portraits/thumb/men/0.jpg"},"nat":"RS"}],"info":{"seed":"bb0a0f19f3c84bd9","results":1,"page":1,"version":"1.4"}} 
 </msg>
<msg time="2024-07-13T06:20:17.195530" level="INFO">/opt/hostedtoolcache/Python/3.12.4/x64/lib/python3.12/site-packages/urllib3/connectionpool.py:1099: InsecureRequestWarning: Unverified HTTPS request is being made to host 'randomuser.me'. Adding certificate verification is strongly advised. See: https://urllib3.readthedocs.io/en/latest/advanced-usage.html#tls-warnings
  warnings.warn(</msg>
<msg time="2024-07-13T06:20:17.195651" level="INFO">${response} = &lt;Response [200]&gt;</msg>
<var>${response}</var>
<arg>consultarAPI</arg>
<arg>/api</arg>
<doc>Sends a GET request on a previously created HTTP Session.</doc>
<status status="PASS" start="2024-07-13T06:20:17.102131" elapsed="0.093562"/>
</kw>
<kw name="Set Variable" owner="BuiltIn">
<msg time="2024-07-13T06:20:17.196888" level="INFO">${json_data} = {'results': [{'gender': 'male', 'name': {'title': 'Mr', 'first': 'Ljuba', 'last': 'Cvetković'}, 'location': {'street': {'number': 8533, 'name': 'Ide Branovački '}, 'city': 'Bogatić', 'state': 'Peć', '...</msg>
<var>${json_data}</var>
<arg>${response.json()}</arg>
<doc>Returns the given values which can then be assigned to a variables.</doc>
<status status="PASS" start="2024-07-13T06:20:17.196330" elapsed="0.000589"/>
</kw>
<kw name="Log" owner="BuiltIn">
<msg time="2024-07-13T06:20:17.197386" level="INFO">{'results': [{'gender': 'male', 'name': {'title': 'Mr', 'first': 'Ljuba', 'last': 'Cvetković'}, 'location': {'street': {'number': 8533, 'name': 'Ide Branovački '}, 'city': 'Bogatić', 'state': 'Peć', 'country': 'Serbia', 'postcode': 61266, 'coordinates': {'latitude': '56.0776', 'longitude': '-73.8407'}, 'timezone': {'offset': '-3:00', 'description': 'Brazil, Buenos Aires, Georgetown'}}, 'email': 'ljuba.cvetkovic@example.com', 'login': {'uuid': '615d4279-6806-4bca-b351-7f40d3329b0d', 'username': 'goldenbutterfly539', 'password': 'carolina', 'salt': 'AGcySVM0', 'md5': '1fc93144f2ed7bc03e8e1f26e92e933c', 'sha1': '001bf37af026eca351f21fd5133707ae27a035b5', 'sha256': '580c251e3d5ac99e6d73a12a8d50b54555ba226ca0b8ae40b8538e55a7a8673e'}, 'dob': {'date': '2000-05-19T01:47:46.068Z', 'age': 24}, 'registered': {'date': '2007-11-24T15:56:58.135Z', 'age': 16}, 'phone': '032-2157-083', 'cell': '064-7583-782', 'id': {'name': 'SID', 'value': '434934274'}, 'picture': {'large': 'https://randomuser.me/api/portraits/men/0.jpg', 'medium': 'https://randomuser.me/api/portraits/med/men/0.jpg', 'thumbnail': 'https://randomuser.me/api/portraits/thumb/men/0.jpg'}, 'nat': 'RS'}], 'info': {'seed': 'bb0a0f19f3c84bd9', 'results': 1, 'page': 1, 'version': '1.4'}}</msg>
<arg>${json_data}</arg>
<doc>Logs the given message with the given level.</doc>
<status status="PASS" start="2024-07-13T06:20:17.197225" elapsed="0.000211"/>
</kw>
<kw name="Dictionary Should Contain Key" owner="Collections">
<arg>${json_data}</arg>
<arg>results</arg>
<doc>Fails if ``key`` is not found from ``dictionary``.</doc>
<status status="PASS" start="2024-07-13T06:20:17.197725" elapsed="0.000159"/>
</kw>
<kw name="Should Not Be Empty" owner="BuiltIn">
<msg time="2024-07-13T06:20:17.198191" level="INFO">Length is 2.</msg>
<arg>${json_data}</arg>
<doc>Verifies that the given item is not empty.</doc>
<status status="PASS" start="2024-07-13T06:20:17.198069" elapsed="0.000159"/>
</kw>
<kw name="Create List" owner="BuiltIn">
<msg time="2024-07-13T06:20:17.198661" level="INFO">${expected_keys} = ['gender', 'name', 'location', 'email', 'login']</msg>
<var>${expected_keys}</var>
<arg>gender</arg>
<arg>name</arg>
<arg>location</arg>
<arg>email</arg>
<arg>login</arg>
<doc>Returns a list containing given items.</doc>
<status status="PASS" start="2024-07-13T06:20:17.198517" elapsed="0.000167"/>
</kw>
<for flavor="IN">
<iter>
<kw name="Dictionary Should Contain Key" owner="Collections">
<arg>${json_data['results'][0]}</arg>
<arg>${key}</arg>
<doc>Fails if ``key`` is not found from ``dictionary``.</doc>
<status status="PASS" start="2024-07-13T06:20:17.199428" elapsed="0.000398"/>
</kw>
<kw name="Log" owner="BuiltIn">
<msg time="2024-07-13T06:20:17.200417" level="INFO">{'gender': 'male', 'name': {'title': 'Mr', 'first': 'Ljuba', 'last': 'Cvetković'}, 'location': {'street': {'number': 8533, 'name': 'Ide Branovački '}, 'city': 'Bogatić', 'state': 'Peć', 'country': 'Serbia', 'postcode': 61266, 'coordinates': {'latitude': '56.0776', 'longitude': '-73.8407'}, 'timezone': {'offset': '-3:00', 'description': 'Brazil, Buenos Aires, Georgetown'}}, 'email': 'ljuba.cvetkovic@example.com', 'login': {'uuid': '615d4279-6806-4bca-b351-7f40d3329b0d', 'username': 'goldenbutterfly539', 'password': 'carolina', 'salt': 'AGcySVM0', 'md5': '1fc93144f2ed7bc03e8e1f26e92e933c', 'sha1': '001bf37af026eca351f21fd5133707ae27a035b5', 'sha256': '580c251e3d5ac99e6d73a12a8d50b54555ba226ca0b8ae40b8538e55a7a8673e'}, 'dob': {'date': '2000-05-19T01:47:46.068Z', 'age': 24}, 'registered': {'date': '2007-11-24T15:56:58.135Z', 'age': 16}, 'phone': '032-2157-083', 'cell': '064-7583-782', 'id': {'name': 'SID', 'value': '434934274'}, 'picture': {'large': 'https://randomuser.me/api/portraits/men/0.jpg', 'medium': 'https://randomuser.me/api/portraits/med/men/0.jpg', 'thumbnail': 'https://randomuser.me/api/portraits/thumb/men/0.jpg'}, 'nat': 'RS'}</msg>
<arg>${json_data['results'][0]}</arg>
<doc>Logs the given message with the given level.</doc>
<status status="PASS" start="2024-07-13T06:20:17.200015" elapsed="0.000455"/>
</kw>
<kw name="Log" owner="BuiltIn">
<msg time="2024-07-13T06:20:17.200905" level="INFO">gender</msg>
<arg>${key}</arg>
<doc>Logs the given message with the given level.</doc>
<status status="PASS" start="2024-07-13T06:20:17.200775" elapsed="0.000169"/>
</kw>
<var name="${key}">gender</var>
<status status="PASS" start="2024-07-13T06:20:17.199300" elapsed="0.001861"/>
</iter>
<iter>
<kw name="Dictionary Should Contain Key" owner="Collections">
<arg>${json_data['results'][0]}</arg>
<arg>${key}</arg>
<doc>Fails if ``key`` is not found from ``dictionary``.</doc>
<status status="PASS" start="2024-07-13T06:20:17.201499" elapsed="0.000401"/>
</kw>
<kw name="Log" owner="BuiltIn">
<msg time="2024-07-13T06:20:17.202433" level="INFO">{'gender': 'male', 'name': {'title': 'Mr', 'first': 'Ljuba', 'last': 'Cvetković'}, 'location': {'street': {'number': 8533, 'name': 'Ide Branovački '}, 'city': 'Bogatić', 'state': 'Peć', 'country': 'Serbia', 'postcode': 61266, 'coordinates': {'latitude': '56.0776', 'longitude': '-73.8407'}, 'timezone': {'offset': '-3:00', 'description': 'Brazil, Buenos Aires, Georgetown'}}, 'email': 'ljuba.cvetkovic@example.com', 'login': {'uuid': '615d4279-6806-4bca-b351-7f40d3329b0d', 'username': 'goldenbutterfly539', 'password': 'carolina', 'salt': 'AGcySVM0', 'md5': '1fc93144f2ed7bc03e8e1f26e92e933c', 'sha1': '001bf37af026eca351f21fd5133707ae27a035b5', 'sha256': '580c251e3d5ac99e6d73a12a8d50b54555ba226ca0b8ae40b8538e55a7a8673e'}, 'dob': {'date': '2000-05-19T01:47:46.068Z', 'age': 24}, 'registered': {'date': '2007-11-24T15:56:58.135Z', 'age': 16}, 'phone': '032-2157-083', 'cell': '064-7583-782', 'id': {'name': 'SID', 'value': '434934274'}, 'picture': {'large': 'https://randomuser.me/api/portraits/men/0.jpg', 'medium': 'https://randomuser.me/api/portraits/med/men/0.jpg', 'thumbnail': 'https://randomuser.me/api/portraits/thumb/men/0.jpg'}, 'nat': 'RS'}</msg>
<arg>${json_data['results'][0]}</arg>
<doc>Logs the given message with the given level.</doc>
<status status="PASS" start="2024-07-13T06:20:17.202078" elapsed="0.000441"/>
</kw>
<kw name="Log" owner="BuiltIn">
<msg time="2024-07-13T06:20:17.202941" level="INFO">name</msg>
<arg>${key}</arg>
<doc>Logs the given message with the given level.</doc>
<status status="PASS" start="2024-07-13T06:20:17.202815" elapsed="0.000163"/>
</kw>
<var name="${key}">name</var>
<status status="PASS" start="2024-07-13T06:20:17.201347" elapsed="0.001843"/>
</iter>
<iter>
<kw name="Dictionary Should Contain Key" owner="Collections">
<arg>${json_data['results'][0]}</arg>
<arg>${key}</arg>
<doc>Fails if ``key`` is not found from ``dictionary``.</doc>
<status status="PASS" start="2024-07-13T06:20:17.203468" elapsed="0.000371"/>
</kw>
<kw name="Log" owner="BuiltIn">
<msg time="2024-07-13T06:20:17.204409" level="INFO">{'gender': 'male', 'name': {'title': 'Mr', 'first': 'Ljuba', 'last': 'Cvetković'}, 'location': {'street': {'number': 8533, 'name': 'Ide Branovački '}, 'city': 'Bogatić', 'state': 'Peć', 'country': 'Serbia', 'postcode': 61266, 'coordinates': {'latitude': '56.0776', 'longitude': '-73.8407'}, 'timezone': {'offset': '-3:00', 'description': 'Brazil, Buenos Aires, Georgetown'}}, 'email': 'ljuba.cvetkovic@example.com', 'login': {'uuid': '615d4279-6806-4bca-b351-7f40d3329b0d', 'username': 'goldenbutterfly539', 'password': 'carolina', 'salt': 'AGcySVM0', 'md5': '1fc93144f2ed7bc03e8e1f26e92e933c', 'sha1': '001bf37af026eca351f21fd5133707ae27a035b5', 'sha256': '580c251e3d5ac99e6d73a12a8d50b54555ba226ca0b8ae40b8538e55a7a8673e'}, 'dob': {'date': '2000-05-19T01:47:46.068Z', 'age': 24}, 'registered': {'date': '2007-11-24T15:56:58.135Z', 'age': 16}, 'phone': '032-2157-083', 'cell': '064-7583-782', 'id': {'name': 'SID', 'value': '434934274'}, 'picture': {'large': 'https://randomuser.me/api/portraits/men/0.jpg', 'medium': 'https://randomuser.me/api/portraits/med/men/0.jpg', 'thumbnail': 'https://randomuser.me/api/portraits/thumb/men/0.jpg'}, 'nat': 'RS'}</msg>
<arg>${json_data['results'][0]}</arg>
<doc>Logs the given message with the given level.</doc>
<status status="PASS" start="2024-07-13T06:20:17.204015" elapsed="0.000447"/>
</kw>
<kw name="Log" owner="BuiltIn">
<msg time="2024-07-13T06:20:17.204883" level="INFO">location</msg>
<arg>${key}</arg>
<doc>Logs the given message with the given level.</doc>
<status status="PASS" start="2024-07-13T06:20:17.204758" elapsed="0.000162"/>
</kw>
<var name="${key}">location</var>
<status status="PASS" start="2024-07-13T06:20:17.203362" elapsed="0.001769"/>
</iter>
<iter>
<kw name="Dictionary Should Contain Key" owner="Collections">
<arg>${json_data['results'][0]}</arg>
<arg>${key}</arg>
<doc>Fails if ``key`` is not found from ``dictionary``.</doc>
<status status="PASS" start="2024-07-13T06:20:17.205401" elapsed="0.000380"/>
</kw>
<kw name="Log" owner="BuiltIn">
<msg time="2024-07-13T06:20:17.206310" level="INFO">{'gender': 'male', 'name': {'title': 'Mr', 'first': 'Ljuba', 'last': 'Cvetković'}, 'location': {'street': {'number': 8533, 'name': 'Ide Branovački '}, 'city': 'Bogatić', 'state': 'Peć', 'country': 'Serbia', 'postcode': 61266, 'coordinates': {'latitude': '56.0776', 'longitude': '-73.8407'}, 'timezone': {'offset': '-3:00', 'description': 'Brazil, Buenos Aires, Georgetown'}}, 'email': 'ljuba.cvetkovic@example.com', 'login': {'uuid': '615d4279-6806-4bca-b351-7f40d3329b0d', 'username': 'goldenbutterfly539', 'password': 'carolina', 'salt': 'AGcySVM0', 'md5': '1fc93144f2ed7bc03e8e1f26e92e933c', 'sha1': '001bf37af026eca351f21fd5133707ae27a035b5', 'sha256': '580c251e3d5ac99e6d73a12a8d50b54555ba226ca0b8ae40b8538e55a7a8673e'}, 'dob': {'date': '2000-05-19T01:47:46.068Z', 'age': 24}, 'registered': {'date': '2007-11-24T15:56:58.135Z', 'age': 16}, 'phone': '032-2157-083', 'cell': '064-7583-782', 'id': {'name': 'SID', 'value': '434934274'}, 'picture': {'large': 'https://randomuser.me/api/portraits/men/0.jpg', 'medium': 'https://randomuser.me/api/portraits/med/men/0.jpg', 'thumbnail': 'https://randomuser.me/api/portraits/thumb/men/0.jpg'}, 'nat': 'RS'}</msg>
<arg>${json_data['results'][0]}</arg>
<doc>Logs the given message with the given level.</doc>
<status status="PASS" start="2024-07-13T06:20:17.205963" elapsed="0.000400"/>
</kw>
<kw name="Log" owner="BuiltIn">
<msg time="2024-07-13T06:20:17.206780" level="INFO">email</msg>
<arg>${key}</arg>
<doc>Logs the given message with the given level.</doc>
<status status="PASS" start="2024-07-13T06:20:17.206658" elapsed="0.000160"/>
</kw>
<var name="${key}">email</var>
<status status="PASS" start="2024-07-13T06:20:17.205296" elapsed="0.001732"/>
</iter>
<iter>
<kw name="Dictionary Should Contain Key" owner="Collections">
<arg>${json_data['results'][0]}</arg>
<arg>${key}</arg>
<doc>Fails if ``key`` is not found from ``dictionary``.</doc>
<status status="PASS" start="2024-07-13T06:20:17.207309" elapsed="0.000415"/>
</kw>
<kw name="Log" owner="BuiltIn">
<msg time="2024-07-13T06:20:17.208289" level="INFO">{'gender': 'male', 'name': {'title': 'Mr', 'first': 'Ljuba', 'last': 'Cvetković'}, 'location': {'street': {'number': 8533, 'name': 'Ide Branovački '}, 'city': 'Bogatić', 'state': 'Peć', 'country': 'Serbia', 'postcode': 61266, 'coordinates': {'latitude': '56.0776', 'longitude': '-73.8407'}, 'timezone': {'offset': '-3:00', 'description': 'Brazil, Buenos Aires, Georgetown'}}, 'email': 'ljuba.cvetkovic@example.com', 'login': {'uuid': '615d4279-6806-4bca-b351-7f40d3329b0d', 'username': 'goldenbutterfly539', 'password': 'carolina', 'salt': 'AGcySVM0', 'md5': '1fc93144f2ed7bc03e8e1f26e92e933c', 'sha1': '001bf37af026eca351f21fd5133707ae27a035b5', 'sha256': '580c251e3d5ac99e6d73a12a8d50b54555ba226ca0b8ae40b8538e55a7a8673e'}, 'dob': {'date': '2000-05-19T01:47:46.068Z', 'age': 24}, 'registered': {'date': '2007-11-24T15:56:58.135Z', 'age': 16}, 'phone': '032-2157-083', 'cell': '064-7583-782', 'id': {'name': 'SID', 'value': '434934274'}, 'picture': {'large': 'https://randomuser.me/api/portraits/men/0.jpg', 'medium': 'https://randomuser.me/api/portraits/med/men/0.jpg', 'thumbnail': 'https://randomuser.me/api/portraits/thumb/men/0.jpg'}, 'nat': 'RS'}</msg>
<arg>${json_data['results'][0]}</arg>
<doc>Logs the given message with the given level.</doc>
<status status="PASS" start="2024-07-13T06:20:17.207908" elapsed="0.000440"/>
</kw>
<kw name="Log" owner="BuiltIn">
<msg time="2024-07-13T06:20:17.208770" level="INFO">login</msg>
<arg>${key}</arg>
<doc>Logs the given message with the given level.</doc>
<status status="PASS" start="2024-07-13T06:20:17.208644" elapsed="0.000163"/>
</kw>
<var name="${key}">login</var>
<status status="PASS" start="2024-07-13T06:20:17.207197" elapsed="0.001828"/>
</iter>
<var>${key}</var>
<value>@{expected_keys}</value>
<status status="PASS" start="2024-07-13T06:20:17.199100" elapsed="0.010045"/>
</for>
<kw name="Create List" owner="BuiltIn">
<msg time="2024-07-13T06:20:17.209465" level="INFO">${expected_keysTwo} = ['username', 'password']</msg>
<var>${expected_keysTwo}</var>
<arg>username</arg>
<arg>password</arg>
<doc>Returns a list containing given items.</doc>
<status status="PASS" start="2024-07-13T06:20:17.209333" elapsed="0.000184"/>
</kw>
<for flavor="IN">
<iter>
<kw name="Dictionary Should Contain Key" owner="Collections">
<arg>${json_data['results'][0]['login']}</arg>
<arg>${keyTwo}</arg>
<doc>Fails if ``key`` is not found from ``dictionary``.</doc>
<status status="PASS" start="2024-07-13T06:20:17.210006" elapsed="0.000383"/>
</kw>
<kw name="Dictionary Should Contain Key" owner="Collections">
<arg>${json_data['results'][0]['login']}</arg>
<arg>${keyTwo}</arg>
<doc>Fails if ``key`` is not found from ``dictionary``.</doc>
<status status="PASS" start="2024-07-13T06:20:17.210570" elapsed="0.000376"/>
</kw>
<kw name="Log" owner="BuiltIn">
<msg time="2024-07-13T06:20:17.211245" level="INFO">username</msg>
<arg>${keyTwo}</arg>
<doc>Logs the given message with the given level.</doc>
<status status="PASS" start="2024-07-13T06:20:17.211126" elapsed="0.000156"/>
</kw>
<var name="${keyTwo}">username</var>
<status status="PASS" start="2024-07-13T06:20:17.209900" elapsed="0.001601"/>
</iter>
<iter>
<kw name="Dictionary Should Contain Key" owner="Collections">
<arg>${json_data['results'][0]['login']}</arg>
<arg>${keyTwo}</arg>
<doc>Fails if ``key`` is not found from ``dictionary``.</doc>
<status status="PASS" start="2024-07-13T06:20:17.211784" elapsed="0.000381"/>
</kw>
<kw name="Dictionary Should Contain Key" owner="Collections">
<arg>${json_data['results'][0]['login']}</arg>
<arg>${keyTwo}</arg>
<doc>Fails if ``key`` is not found from ``dictionary``.</doc>
<status status="PASS" start="2024-07-13T06:20:17.212389" elapsed="0.000367"/>
</kw>
<kw name="Log" owner="BuiltIn">
<msg time="2024-07-13T06:20:17.213048" level="INFO">password</msg>
<arg>${keyTwo}</arg>
<doc>Logs the given message with the given level.</doc>
<status status="PASS" start="2024-07-13T06:20:17.212930" elapsed="0.000160"/>
</kw>
<var name="${keyTwo}">password</var>
<status status="PASS" start="2024-07-13T06:20:17.211670" elapsed="0.001636"/>
</iter>
<var>${keyTwo}</var>
<value>@{expected_keysTwo}</value>
<status status="PASS" start="2024-07-13T06:20:17.209755" elapsed="0.003670"/>
</for>
<status status="PASS" start="2024-07-13T06:20:17.101902" elapsed="0.111663"/>
</kw>
<doc>Testa a estrutura da resposta da API.</doc>
<tag>testeEstruturaResposta</tag>
<status status="PASS" start="2024-07-13T06:20:17.101343" elapsed="0.112373"/>
</test>
<test id="s1-s1-t4" name="Validar tipos de dados" line="28">
<kw name="Teste de Tipos de Dados" owner="random-user-service">
<kw name="GET On Session" owner="RequestsLibrary">
<msg time="2024-07-13T06:20:17.311091" level="INFO">GET Request : url=https://randomuser.me/api 
 path_url=/api 
 headers={'User-Agent': 'python-requests/2.32.3', 'Accept-Encoding': 'gzip, deflate', 'Accept': '*/*', 'Connection': 'keep-alive'} 
 body=None 
 </msg>
<msg time="2024-07-13T06:20:17.311172" level="INFO">GET Response : url=https://randomuser.me/api 
 status=200, reason=OK 
 headers={'Date': 'Sat, 13 Jul 2024 06:20:17 GMT', 'Content-Type': 'application/json; charset=utf-8', 'Transfer-Encoding': 'chunked', 'Connection': 'keep-alive', 'X-Powered-By': 'Express', 'Access-Control-Allow-Origin': '*', 'Cache-Control': 'no-cache', 'ETag': 'W/"496-qpFQCsBm0trGi1XDO1ySmqnAUyE"', 'Vary': 'Accept-Encoding', 'Content-Encoding': 'gzip', 'CF-Cache-Status': 'DYNAMIC', 'Report-To': '{"endpoints":[{"url":"https:\\/\\/a.nel.cloudflare.com\\/report\\/v4?s=%2BlRtwX3CVQMyrTANA2w9qfVBoClwhcBVr40ZepWyN7D9jRTtiK1SJK6y0evoKWt6AS5sR9Sb7d1mmvFKm9NpllvRhEvPipU1MEFBS7h0E4ITeEsBZoe%2FySzYV9u7ho%2Bg"}],"group":"cf-nel","max_age":604800}', 'NEL': '{"success_fraction":0,"report_to":"cf-nel","max_age":604800}', 'Server': 'cloudflare', 'CF-RAY': '8a272a8f9e8efa1a-SJC', 'alt-svc': 'h3=":443"; ma=86400'} 
 body={"results":[{"gender":"female","name":{"title":"Ms","first":"یسنا","last":"حیدری"},"location":{"street":{"number":5216,"name":"مصطفی خمینی"},"city":"اسلام‌شهر","state":"آذربایجان شرقی","country":"Iran","postcode":80463,"coordinates":{"latitude":"15.0127","longitude":"173.0405"},"timezone":{"offset":"+5:45","description":"Kathmandu"}},"email":"ysn.hydry@example.com","login":{"uuid":"f1db8910-ca85-4538-8d9c-67ea7150c409","username":"silvergoose509","password":"marijuan","salt":"OHuwoIp1","md5":"adeb60987c2f7654689da70f63c704e0","sha1":"64629bd409a111133977b1dd6baea92426609b67","sha256":"ee514dd8161e154e58c5c373dc229fef34f19f5735511a82502ed3013de7ddb6"},"dob":{"date":"1997-03-12T00:52:05.872Z","age":27},"registered":{"date":"2015-10-31T15:01:50.480Z","age":8},"phone":"013-07305059","cell":"0994-772-6112","id":{"name":"","value":null},"picture":{"large":"https://randomuser.me/api/portraits/women/43.jpg","medium":"https://randomuser.me/api/portraits/med/women/43.jpg","thumbnail":"https://randomuser.me/api/portraits/thumb/women/43.jpg"},"nat":"IR"}],"info":{"seed":"65fa46a928a570c0","results":1,"page":1,"version":"1.4"}} 
 </msg>
<msg time="2024-07-13T06:20:17.311248" level="INFO">/opt/hostedtoolcache/Python/3.12.4/x64/lib/python3.12/site-packages/urllib3/connectionpool.py:1099: InsecureRequestWarning: Unverified HTTPS request is being made to host 'randomuser.me'. Adding certificate verification is strongly advised. See: https://urllib3.readthedocs.io/en/latest/advanced-usage.html#tls-warnings
  warnings.warn(</msg>
<msg time="2024-07-13T06:20:17.311354" level="INFO">${response} = &lt;Response [200]&gt;</msg>
<var>${response}</var>
<arg>consultarAPI</arg>
<arg>/api</arg>
<doc>Sends a GET request on a previously created HTTP Session.</doc>
<status status="PASS" start="2024-07-13T06:20:17.216352" elapsed="0.095045"/>
</kw>
<kw name="Set Variable" owner="BuiltIn">
<msg time="2024-07-13T06:20:17.312318" level="INFO">${json_data} = {'results': [{'gender': 'female', 'name': {'title': 'Ms', 'first': 'یسنا', 'last': 'حیدری'}, 'location': {'street': {'number': 5216, 'name': 'مصطفی خمینی'}, 'city': 'اسلام\u200cشهر', 'state': 'آذربایج...</msg>
<var>${json_data}</var>
<arg>${response.json()}</arg>
<doc>Returns the given values which can then be assigned to a variables.</doc>
<status status="PASS" start="2024-07-13T06:20:17.311800" elapsed="0.000553"/>
</kw>
<kw name="Log" owner="BuiltIn">
<msg time="2024-07-13T06:20:17.312853" level="INFO">{'results': [{'gender': 'female', 'name': {'title': 'Ms', 'first': 'یسنا', 'last': 'حیدری'}, 'location': {'street': {'number': 5216, 'name': 'مصطفی خمینی'}, 'city': 'اسلام\u200cشهر', 'state': 'آذربایجان شرقی', 'country': 'Iran', 'postcode': 80463, 'coordinates': {'latitude': '15.0127', 'longitude': '173.0405'}, 'timezone': {'offset': '+5:45', 'description': 'Kathmandu'}}, 'email': 'ysn.hydry@example.com', 'login': {'uuid': 'f1db8910-ca85-4538-8d9c-67ea7150c409', 'username': 'silvergoose509', 'password': 'marijuan', 'salt': 'OHuwoIp1', 'md5': 'adeb60987c2f7654689da70f63c704e0', 'sha1': '64629bd409a111133977b1dd6baea92426609b67', 'sha256': 'ee514dd8161e154e58c5c373dc229fef34f19f5735511a82502ed3013de7ddb6'}, 'dob': {'date': '1997-03-12T00:52:05.872Z', 'age': 27}, 'registered': {'date': '2015-10-31T15:01:50.480Z', 'age': 8}, 'phone': '013-07305059', 'cell': '0994-772-6112', 'id': {'name': '', 'value': None}, 'picture': {'large': 'https://randomuser.me/api/portraits/women/43.jpg', 'medium': 'https://randomuser.me/api/portraits/med/women/43.jpg', 'thumbnail': 'https://randomuser.me/api/portraits/thumb/women/43.jpg'}, 'nat': 'IR'}], 'info': {'seed': '65fa46a928a570c0', 'results': 1, 'page': 1, 'version': '1.4'}}</msg>
<arg>${json_data}</arg>
<doc>Logs the given message with the given level.</doc>
<status status="PASS" start="2024-07-13T06:20:17.312670" elapsed="0.000237"/>
</kw>
<kw name="Should Be String" owner="String">
<arg>${json_data['results'][0]['gender']}</arg>
<doc>Fails if the given ``item`` is not a string.</doc>
<status status="PASS" start="2024-07-13T06:20:17.313206" elapsed="0.000365"/>
</kw>
<kw name="Should Match Regexp" owner="BuiltIn">
<arg>${json_data['results'][0]['email']}</arg>
<arg>^[a-zA-Z0-9._%+-]+@[a-zA-Z0-9.-]+\.[a-zA-Z]{2,}$</arg>
<doc>Fails if ``string`` does not match ``pattern`` as a regular expression.</doc>
<status status="PASS" start="2024-07-13T06:20:17.313793" elapsed="0.000516"/>
</kw>
<kw name="Should Match Regexp" owner="BuiltIn">
<arg>${json_data['results'][0]['dob']['date']}</arg>
<arg>\\d{4}-\\d{2}-\\d{2}T\\d{2}:\\d{2}:\\d{2}\\.\\d{3}Z</arg>
<doc>Fails if ``string`` does not match ``pattern`` as a regular expression.</doc>
<status status="PASS" start="2024-07-13T06:20:17.314504" elapsed="0.000490"/>
</kw>
<kw name="Should Match Regexp" owner="BuiltIn">
<arg>${json_data['results'][0]['registered']['date']}</arg>
<arg>\\d{4}-\\d{2}-\\d{2}T\\d{2}:\\d{2}:\\d{2}\\.\\d{3}Z</arg>
<doc>Fails if ``string`` does not match ``pattern`` as a regular expression.</doc>
<status status="PASS" start="2024-07-13T06:20:17.315186" elapsed="0.000366"/>
</kw>
<kw name="Should Match Regexp" owner="BuiltIn">
<arg>${json_data['results'][0]['picture']['large']}</arg>
<arg>^https?://.*\.(?:png|jpe?g|gif|bmp)$</arg>
<doc>Fails if ``string`` does not match ``pattern`` as a regular expression.</doc>
<status status="PASS" start="2024-07-13T06:20:17.315735" elapsed="0.000453"/>
</kw>
<kw name="Should Match Regexp" owner="BuiltIn">
<arg>${json_data['results'][0]['picture']['medium']}</arg>
<arg>^https?://.*\.(?:png|jpe?g|gif|bmp)$</arg>
<doc>Fails if ``string`` does not match ``pattern`` as a regular expression.</doc>
<status status="PASS" start="2024-07-13T06:20:17.316408" elapsed="0.000350"/>
</kw>
<kw name="Should Match Regexp" owner="BuiltIn">
<arg>${json_data['results'][0]['picture']['thumbnail']}</arg>
<arg>^https?://.*\.(?:png|jpe?g|gif|bmp)$</arg>
<doc>Fails if ``string`` does not match ``pattern`` as a regular expression.</doc>
<status status="PASS" start="2024-07-13T06:20:17.316938" elapsed="0.000352"/>
</kw>
<kw name="Log" owner="BuiltIn">
<msg time="2024-07-13T06:20:17.317807" level="INFO">{'large': 'https://randomuser.me/api/portraits/women/43.jpg', 'medium': 'https://randomuser.me/api/portraits/med/women/43.jpg', 'thumbnail': 'https://randomuser.me/api/portraits/thumb/women/43.jpg'}</msg>
<arg>${json_data['results'][0]['picture']}</arg>
<doc>Logs the given message with the given level.</doc>
<status status="PASS" start="2024-07-13T06:20:17.317471" elapsed="0.000379"/>
</kw>
<status status="PASS" start="2024-07-13T06:20:17.216086" elapsed="0.102015"/>
</kw>
<kw name="Teste de Tipos de Dados - Postcode" owner="random-user-service">
<kw name="GET On Session" owner="RequestsLibrary">
<msg time="2024-07-13T06:20:17.409343" level="INFO">GET Request : url=https://randomuser.me/api 
 path_url=/api 
 headers={'User-Agent': 'python-requests/2.32.3', 'Accept-Encoding': 'gzip, deflate', 'Accept': '*/*', 'Connection': 'keep-alive'} 
 body=None 
 </msg>
<msg time="2024-07-13T06:20:17.409427" level="INFO">GET Response : url=https://randomuser.me/api 
 status=200, reason=OK 
 headers={'Date': 'Sat, 13 Jul 2024 06:20:17 GMT', 'Content-Type': 'application/json; charset=utf-8', 'Transfer-Encoding': 'chunked', 'Connection': 'keep-alive', 'X-Powered-By': 'Express', 'Access-Control-Allow-Origin': '*', 'Cache-Control': 'no-cache', 'ETag': 'W/"479-+Rm6slj5876kJhPfAgSW51T8FBo"', 'Vary': 'Accept-Encoding', 'Content-Encoding': 'gzip', 'CF-Cache-Status': 'DYNAMIC', 'Report-To': '{"endpoints":[{"url":"https:\\/\\/a.nel.cloudflare.com\\/report\\/v4?s=rSYwB0hozeUqNrawVSVMrhas0wmHljuGjT0wGQG74BQIawHQi%2BOj4%2BDC2v%2FVQ8uQ5kFXc8d%2Fdq7WCYqxYsTT7Ee9KEDsj55HxG7IisMyUFYBk%2BtW1ywE5uxpc6vZATOP"}],"group":"cf-nel","max_age":604800}', 'NEL': '{"success_fraction":0,"report_to":"cf-nel","max_age":604800}', 'Server': 'cloudflare', 'CF-RAY': '8a272a904f1ffa1a-SJC', 'alt-svc': 'h3=":443"; ma=86400'} 
 body={"results":[{"gender":"male","name":{"title":"Mr","first":"Okan","last":"Karadaş"},"location":{"street":{"number":4609,"name":"Mevlana Cd"},"city":"Çanakkale","state":"Burdur","country":"Turkey","postcode":61587,"coordinates":{"latitude":"67.4586","longitude":"-62.9250"},"timezone":{"offset":"-7:00","description":"Mountain Time (US &amp; Canada)"}},"email":"okan.karadas@example.com","login":{"uuid":"d727e329-6252-471d-b447-deaf75ac644e","username":"crazyladybug886","password":"dogface","salt":"yktkDe28","md5":"72afcceeb4eb64595fa5642bca749d53","sha1":"92e998474396b596d65965be44f9b4d7dab2b507","sha256":"b66b5fb93fa246184ae90f0bde989ac5283cd03801f3aa4ffaa6206d20f7d1dd"},"dob":{"date":"1995-06-29T09:17:08.095Z","age":29},"registered":{"date":"2015-08-27T02:40:41.791Z","age":8},"phone":"(436)-742-2815","cell":"(242)-088-1303","id":{"name":"","value":null},"picture":{"large":"https://randomuser.me/api/portraits/men/96.jpg","medium":"https://randomuser.me/api/portraits/med/men/96.jpg","thumbnail":"https://randomuser.me/api/portraits/thumb/men/96.jpg"},"nat":"TR"}],"info":{"seed":"3eececb5a6eff275","results":1,"page":1,"version":"1.4"}} 
 </msg>
<msg time="2024-07-13T06:20:17.409506" level="INFO">/opt/hostedtoolcache/Python/3.12.4/x64/lib/python3.12/site-packages/urllib3/connectionpool.py:1099: InsecureRequestWarning: Unverified HTTPS request is being made to host 'randomuser.me'. Adding certificate verification is strongly advised. See: https://urllib3.readthedocs.io/en/latest/advanced-usage.html#tls-warnings
  warnings.warn(</msg>
<msg time="2024-07-13T06:20:17.409616" level="INFO">${response} = &lt;Response [200]&gt;</msg>
<var>${response}</var>
<arg>consultarAPI</arg>
<arg>/api</arg>
<doc>Sends a GET request on a previously created HTTP Session.</doc>
<status status="PASS" start="2024-07-13T06:20:17.318541" elapsed="0.091115"/>
</kw>
<kw name="Set Variable" owner="BuiltIn">
<msg time="2024-07-13T06:20:17.410496" level="INFO">${json_data} = {'results': [{'gender': 'male', 'name': {'title': 'Mr', 'first': 'Okan', 'last': 'Karadaş'}, 'location': {'street': {'number': 4609, 'name': 'Mevlana Cd'}, 'city': 'Çanakkale', 'state': 'Burdur', 'cou...</msg>
<var>${json_data}</var>
<arg>${response.json()}</arg>
<doc>Returns the given values which can then be assigned to a variables.</doc>
<status status="PASS" start="2024-07-13T06:20:17.410057" elapsed="0.000471"/>
</kw>
<kw name="Log" owner="BuiltIn">
<msg time="2024-07-13T06:20:17.410982" level="INFO">{'results': [{'gender': 'male', 'name': {'title': 'Mr', 'first': 'Okan', 'last': 'Karadaş'}, 'location': {'street': {'number': 4609, 'name': 'Mevlana Cd'}, 'city': 'Çanakkale', 'state': 'Burdur', 'country': 'Turkey', 'postcode': 61587, 'coordinates': {'latitude': '67.4586', 'longitude': '-62.9250'}, 'timezone': {'offset': '-7:00', 'description': 'Mountain Time (US &amp; Canada)'}}, 'email': 'okan.karadas@example.com', 'login': {'uuid': 'd727e329-6252-471d-b447-deaf75ac644e', 'username': 'crazyladybug886', 'password': 'dogface', 'salt': 'yktkDe28', 'md5': '72afcceeb4eb64595fa5642bca749d53', 'sha1': '92e998474396b596d65965be44f9b4d7dab2b507', 'sha256': 'b66b5fb93fa246184ae90f0bde989ac5283cd03801f3aa4ffaa6206d20f7d1dd'}, 'dob': {'date': '1995-06-29T09:17:08.095Z', 'age': 29}, 'registered': {'date': '2015-08-27T02:40:41.791Z', 'age': 8}, 'phone': '(436)-742-2815', 'cell': '(242)-088-1303', 'id': {'name': '', 'value': None}, 'picture': {'large': 'https://randomuser.me/api/portraits/men/96.jpg', 'medium': 'https://randomuser.me/api/portraits/med/men/96.jpg', 'thumbnail': 'https://randomuser.me/api/portraits/thumb/men/96.jpg'}, 'nat': 'TR'}], 'info': {'seed': '3eececb5a6eff275', 'results': 1, 'page': 1, 'version': '1.4'}}</msg>
<arg>${json_data}</arg>
<doc>Logs the given message with the given level.</doc>
<status status="PASS" start="2024-07-13T06:20:17.410824" elapsed="0.000209"/>
</kw>
<kw name="Should Be Equal As Numbers" owner="BuiltIn">
<arg>${json_data['results'][0]['location']['postcode']}</arg>
<arg>${json_data['results'][0]['location']['postcode']}</arg>
<doc>Fails if objects are unequal after converting them to real numbers.</doc>
<status status="PASS" start="2024-07-13T06:20:17.411325" elapsed="0.000622"/>
</kw>
<kw name="Log" owner="BuiltIn">
<msg time="2024-07-13T06:20:17.412534" level="INFO">61587</msg>
<arg>${json_data['results'][0]['location']['postcode']}</arg>
<doc>Logs the given message with the given level.</doc>
<status status="PASS" start="2024-07-13T06:20:17.412140" elapsed="0.000435"/>
</kw>
<status status="PASS" start="2024-07-13T06:20:17.318320" elapsed="0.094530"/>
</kw>
<doc>Testa se os tipos de dados na resposta da API estão corretos.</doc>
<tag>testeTiposDados</tag>
<status status="PASS" start="2024-07-13T06:20:17.215454" elapsed="0.197555"/>
</test>
<test id="s1-s1-t5" name="Validar conteudo" line="35">
<kw name="Teste de Tipos de Conteudo" owner="random-user-service">
<kw name="GET On Session" owner="RequestsLibrary">
<msg time="2024-07-13T06:20:17.520838" level="INFO">GET Request : url=https://randomuser.me/api 
 path_url=/api 
 headers={'User-Agent': 'python-requests/2.32.3', 'Accept-Encoding': 'gzip, deflate', 'Accept': '*/*', 'Connection': 'keep-alive'} 
 body=None 
 </msg>
<msg time="2024-07-13T06:20:17.520922" level="INFO">GET Response : url=https://randomuser.me/api 
 status=200, reason=OK 
 headers={'Date': 'Sat, 13 Jul 2024 06:20:17 GMT', 'Content-Type': 'application/json; charset=utf-8', 'Transfer-Encoding': 'chunked', 'Connection': 'keep-alive', 'X-Powered-By': 'Express', 'Access-Control-Allow-Origin': '*', 'Cache-Control': 'no-cache', 'ETag': 'W/"477-OjDUYtn8gzmt7cP1la7hyPRdlzE"', 'Vary': 'Accept-Encoding', 'Content-Encoding': 'gzip', 'CF-Cache-Status': 'DYNAMIC', 'Report-To': '{"endpoints":[{"url":"https:\\/\\/a.nel.cloudflare.com\\/report\\/v4?s=4sUmX1iA0riOUkRZpL7m5oHr96x9QdDK4hi4irrMA2PiB7vP%2Fmqgq4BkEAoQGw4xV0YeM9%2B%2FtIr19Q0WaLsnLbbPco8kV3Bjz1argyGZRGu0gnkphnyde6NJrELXksgn"}],"group":"cf-nel","max_age":604800}', 'NEL': '{"success_fraction":0,"report_to":"cf-nel","max_age":604800}', 'Server': 'cloudflare', 'CF-RAY': '8a272a90dfb4fa1a-SJC', 'alt-svc': 'h3=":443"; ma=86400'} 
 body={"results":[{"gender":"male","name":{"title":"Mr","first":"Marco","last":"Vicente"},"location":{"street":{"number":1139,"name":"Calle del Arenal"},"city":"San Sebastián","state":"Cantabria","country":"Spain","postcode":24485,"coordinates":{"latitude":"-31.2000","longitude":"-47.1813"},"timezone":{"offset":"+5:45","description":"Kathmandu"}},"email":"marco.vicente@example.com","login":{"uuid":"bfc1cb32-5639-4750-982f-4a5bd3072456","username":"bluezebra370","password":"lawyer","salt":"wyoLDtbh","md5":"dfe1535577743406b7f0e1251aad0281","sha1":"4306e6f63c84475f48e198a0e2cdba7bb38e4d50","sha256":"14ba085e3b2372407c9efd9f4aa28f933219192bf509737608b7968b67673341"},"dob":{"date":"1982-01-07T08:22:15.060Z","age":42},"registered":{"date":"2008-09-02T11:13:18.398Z","age":15},"phone":"982-041-233","cell":"667-919-725","id":{"name":"DNI","value":"22845823-Q"},"picture":{"large":"https://randomuser.me/api/portraits/men/70.jpg","medium":"https://randomuser.me/api/portraits/med/men/70.jpg","thumbnail":"https://randomuser.me/api/portraits/thumb/men/70.jpg"},"nat":"ES"}],"info":{"seed":"d304214dc2ec90b9","results":1,"page":1,"version":"1.4"}} 
 </msg>
<msg time="2024-07-13T06:20:17.521001" level="INFO">/opt/hostedtoolcache/Python/3.12.4/x64/lib/python3.12/site-packages/urllib3/connectionpool.py:1099: InsecureRequestWarning: Unverified HTTPS request is being made to host 'randomuser.me'. Adding certificate verification is strongly advised. See: https://urllib3.readthedocs.io/en/latest/advanced-usage.html#tls-warnings
  warnings.warn(</msg>
<msg time="2024-07-13T06:20:17.521085" level="INFO">${response} = &lt;Response [200]&gt;</msg>
<var>${response}</var>
<arg>consultarAPI</arg>
<arg>/api</arg>
<doc>Sends a GET request on a previously created HTTP Session.</doc>
<status status="PASS" start="2024-07-13T06:20:17.415495" elapsed="0.105621"/>
</kw>
<kw name="Set Variable" owner="BuiltIn">
<msg time="2024-07-13T06:20:17.521911" level="INFO">${json_data} = {'results': [{'gender': 'male', 'name': {'title': 'Mr', 'first': 'Marco', 'last': 'Vicente'}, 'location': {'street': {'number': 1139, 'name': 'Calle del Arenal'}, 'city': 'San Sebastián', 'state': 'Ca...</msg>
<var>${json_data}</var>
<arg>${response.json()}</arg>
<doc>Returns the given values which can then be assigned to a variables.</doc>
<status status="PASS" start="2024-07-13T06:20:17.521480" elapsed="0.000459"/>
</kw>
<kw name="Set Variable" owner="BuiltIn">
<msg time="2024-07-13T06:20:17.522605" level="INFO">${name_title} = Mr</msg>
<var>${name_title}</var>
<arg>${json_data["results"][0]["name"]["title"]}</arg>
<doc>Returns the given values which can then be assigned to a variables.</doc>
<status status="PASS" start="2024-07-13T06:20:17.522237" elapsed="0.000392"/>
</kw>
<kw name="Create List" owner="BuiltIn">
<msg time="2024-07-13T06:20:17.523066" level="INFO">${allowed_titles} = ['Mr', 'Ms', 'Miss', 'Mrs', 'Madame', 'Monsieur']</msg>
<var>${allowed_titles}</var>
<arg>Mr</arg>
<arg>Ms</arg>
<arg>Miss</arg>
<arg>Mrs</arg>
<arg>Madame</arg>
<arg>Monsieur</arg>
<doc>Returns a list containing given items.</doc>
<status status="PASS" start="2024-07-13T06:20:17.522918" elapsed="0.000172"/>
</kw>
<kw name="List Should Contain Value" owner="Collections">
<arg>${allowed_titles}</arg>
<arg>${name_title}</arg>
<doc>Fails if the ``value`` is not found from ``list``.</doc>
<status status="PASS" start="2024-07-13T06:20:17.523381" elapsed="0.000170"/>
</kw>
<kw name="Set Variable" owner="BuiltIn">
<msg time="2024-07-13T06:20:17.524084" level="INFO">${name_country} = ES</msg>
<var>${name_country}</var>
<arg>${json_data["results"][0]["nat"]}</arg>
<doc>Returns the given values which can then be assigned to a variables.</doc>
<status status="PASS" start="2024-07-13T06:20:17.523727" elapsed="0.000381"/>
</kw>
<kw name="Create List" owner="BuiltIn">
<msg time="2024-07-13T06:20:17.525026" level="INFO">${list_country} = ['AD', 'AE', 'AF', 'AG', 'AI', 'AL', 'AM', 'AO', 'AQ', 'AR', 'AS', 'AT', 'AU', 'AW', 'AX', 'AZ', 'BA', 'BB', 'BD', 'BE', 'BF', 'BG', 'BH', 'BI', 'BJ', 'BL', 'BM', 'BN', 'BO', 'BQ', 'BR', 'BS', 'BT', '...</msg>
<var>${list_country}</var>
<arg>AD</arg>
<arg>AE</arg>
<arg>AF</arg>
<arg>AG</arg>
<arg>AI</arg>
<arg>AL</arg>
<arg>AM</arg>
<arg>AO</arg>
<arg>AQ</arg>
<arg>AR</arg>
<arg>AS</arg>
<arg>AT</arg>
<arg>AU</arg>
<arg>AW</arg>
<arg>AX</arg>
<arg>AZ</arg>
<arg>BA</arg>
<arg>BB</arg>
<arg>BD</arg>
<arg>BE</arg>
<arg>BF</arg>
<arg>BG</arg>
<arg>BH</arg>
<arg>BI</arg>
<arg>BJ</arg>
<arg>BL</arg>
<arg>BM</arg>
<arg>BN</arg>
<arg>BO</arg>
<arg>BQ</arg>
<arg>BR</arg>
<arg>BS</arg>
<arg>BT</arg>
<arg>BV</arg>
<arg>BW</arg>
<arg>BY</arg>
<arg>BZ</arg>
<arg>CA</arg>
<arg>CC</arg>
<arg>CD</arg>
<arg>CF</arg>
<arg>CG</arg>
<arg>CH</arg>
<arg>CI</arg>
<arg>CK</arg>
<arg>CL</arg>
<arg>CM</arg>
<arg>CN</arg>
<arg>CO</arg>
<arg>CR</arg>
<arg>CU</arg>
<arg>CV</arg>
<arg>CW</arg>
<arg>CX</arg>
<arg>CY</arg>
<arg>CZ</arg>
<arg>DE</arg>
<arg>DJ</arg>
<arg>DK</arg>
<arg>DM</arg>
<arg>DO</arg>
<arg>DZ</arg>
<arg>EC</arg>
<arg>EE</arg>
<arg>EG</arg>
<arg>EH</arg>
<arg>ER</arg>
<arg>ES</arg>
<arg>ET</arg>
<arg>FI</arg>
<arg>FJ</arg>
<arg>FK</arg>
<arg>FM</arg>
<arg>FO</arg>
<arg>FR</arg>
<arg>GA</arg>
<arg>GB</arg>
<arg>GD</arg>
<arg>GE</arg>
<arg>GF</arg>
<arg>GG</arg>
<arg>GH</arg>
<arg>GI</arg>
<arg>GL</arg>
<arg>GM</arg>
<arg>GN</arg>
<arg>GP</arg>
<arg>GQ</arg>
<arg>GR</arg>
<arg>GS</arg>
<arg>GT</arg>
<arg>GU</arg>
<arg>GW</arg>
<arg>GY</arg>
<arg>HK</arg>
<arg>HM</arg>
<arg>HN</arg>
<arg>HR</arg>
<arg>HT</arg>
<arg>HU</arg>
<arg>ID</arg>
<arg>IE</arg>
<arg>IL</arg>
<arg>IM</arg>
<arg>IN</arg>
<arg>IO</arg>
<arg>IQ</arg>
<arg>IR</arg>
<arg>IS</arg>
<arg>IT</arg>
<arg>JE</arg>
<arg>JM</arg>
<arg>JO</arg>
<arg>JP</arg>
<arg>KE</arg>
<arg>KG</arg>
<arg>KH</arg>
<arg>KI</arg>
<arg>KM</arg>
<arg>KN</arg>
<arg>KP</arg>
<arg>KR</arg>
<arg>KW</arg>
<arg>KY</arg>
<arg>KZ</arg>
<arg>LA</arg>
<arg>LB</arg>
<arg>LC</arg>
<arg>LI</arg>
<arg>LK</arg>
<arg>LR</arg>
<arg>LS</arg>
<arg>LT</arg>
<arg>LU</arg>
<arg>LV</arg>
<arg>LY</arg>
<arg>MA</arg>
<arg>MC</arg>
<arg>MD</arg>
<arg>ME</arg>
<arg>MF</arg>
<arg>MG</arg>
<arg>MH</arg>
<arg>MK</arg>
<arg>ML</arg>
<arg>MM</arg>
<arg>MN</arg>
<arg>MO</arg>
<arg>MP</arg>
<arg>MQ</arg>
<arg>MR</arg>
<arg>MS</arg>
<arg>MT</arg>
<arg>MU</arg>
<arg>MV</arg>
<arg>MW</arg>
<arg>MX</arg>
<arg>MY</arg>
<arg>MZ</arg>
<arg>NA</arg>
<arg>NC</arg>
<arg>NE</arg>
<arg>NF</arg>
<arg>NG</arg>
<arg>NI</arg>
<arg>NL</arg>
<arg>NO</arg>
<arg>NP</arg>
<arg>NR</arg>
<arg>NU</arg>
<arg>NZ</arg>
<arg>OM</arg>
<arg>PA</arg>
<arg>PE</arg>
<arg>PF</arg>
<arg>PG</arg>
<arg>PH</arg>
<arg>PK</arg>
<arg>PL</arg>
<arg>PM</arg>
<arg>PN</arg>
<arg>PR</arg>
<arg>PS</arg>
<arg>PT</arg>
<arg>PW</arg>
<arg>PY</arg>
<arg>QA</arg>
<arg>RE</arg>
<arg>RO</arg>
<arg>RS</arg>
<arg>RU</arg>
<arg>RW</arg>
<arg>SA</arg>
<arg>SB</arg>
<arg>SC</arg>
<arg>SD</arg>
<arg>SE</arg>
<arg>SG</arg>
<arg>SH</arg>
<arg>SI</arg>
<arg>SJ</arg>
<arg>SK</arg>
<arg>SL</arg>
<arg>SM</arg>
<arg>SN</arg>
<arg>SO</arg>
<arg>SR</arg>
<arg>SS</arg>
<arg>ST</arg>
<arg>SV</arg>
<arg>SX</arg>
<arg>SY</arg>
<arg>SZ</arg>
<arg>TC</arg>
<arg>TD</arg>
<arg>TF</arg>
<arg>TG</arg>
<arg>TH</arg>
<arg>TJ</arg>
<arg>TK</arg>
<arg>TL</arg>
<arg>TM</arg>
<arg>TN</arg>
<arg>TO</arg>
<arg>TR</arg>
<arg>TT</arg>
<arg>TV</arg>
<arg>TW</arg>
<arg>TZ</arg>
<arg>UA</arg>
<arg>UG</arg>
<arg>UM</arg>
<arg>US</arg>
<arg>UY</arg>
<arg>UZ</arg>
<arg>VA</arg>
<arg>VC</arg>
<arg>VE</arg>
<arg>VG</arg>
<arg>VI</arg>
<arg>VN</arg>
<arg>VU</arg>
<arg>WF</arg>
<arg>WS</arg>
<arg>XK</arg>
<arg>YE</arg>
<arg>YT</arg>
<arg>ZA</arg>
<arg>ZM</arg>
<arg>ZW</arg>
<doc>Returns a list containing given items.</doc>
<status status="PASS" start="2024-07-13T06:20:17.524433" elapsed="0.000619"/>
</kw>
<kw name="List Should Contain Value" owner="Collections">
<arg>${list_country}</arg>
<arg>${name_country}</arg>
<doc>Fails if the ``value`` is not found from ``list``.</doc>
<status status="PASS" start="2024-07-13T06:20:17.525835" elapsed="0.000199"/>
</kw>
<kw name="Run Keyword If" owner="BuiltIn">
<kw name="Should Be True" owner="BuiltIn">
<arg>${True}</arg>
<doc>Fails if the given condition is not true.</doc>
<status status="PASS" start="2024-07-13T06:20:17.526943" elapsed="0.000140"/>
</kw>
<arg>${json_data["results"][0]["location"]["coordinates"]["latitude"]} &gt;= -90 and ${json_data["results"][0]["location"]["coordinates"]["latitude"]} &lt;= 90</arg>
<arg>Should Be True</arg>
<arg>${True}</arg>
<doc>Runs the given keyword with the given arguments, if ``condition`` is true.</doc>
<status status="PASS" start="2024-07-13T06:20:17.526225" elapsed="0.000982"/>
</kw>
<kw name="Run Keyword If" owner="BuiltIn">
<kw name="Should Be True" owner="BuiltIn">
<arg>${True}</arg>
<doc>Fails if the given condition is not true.</doc>
<status status="PASS" start="2024-07-13T06:20:17.528067" elapsed="0.000136"/>
</kw>
<arg>${json_data["results"][0]["location"]["coordinates"]["longitude"]} &gt;= -180 and ${json_data["results"][0]["location"]["coordinates"]["longitude"]} &lt;= 180</arg>
<arg>Should Be True</arg>
<arg>${True}</arg>
<doc>Runs the given keyword with the given arguments, if ``condition`` is true.</doc>
<status status="PASS" start="2024-07-13T06:20:17.527386" elapsed="0.000964"/>
</kw>
<status status="PASS" start="2024-07-13T06:20:17.415150" elapsed="0.113327"/>
</kw>
<doc>Testa o conteúdo específico dos campos retornados pela API.</doc>
<tag>testeConteudo</tag>
<status status="PASS" start="2024-07-13T06:20:17.414715" elapsed="0.113901"/>
</test>
<status status="PASS" start="2024-07-13T06:20:16.500295" elapsed="1.030194"/>
</suite>
<status status="PASS" start="2024-07-13T06:20:16.486230" elapsed="1.049235"/>
</suite>
<statistics>
<total>
<stat pass="5" fail="0" skip="0">All Tests</stat>
</total>
<tag>
<stat pass="1" fail="0" skip="0">testeConteudo</stat>
<stat pass="1" fail="0" skip="0">testeEstruturaResposta</stat>
<stat pass="1" fail="0" skip="0">testeRequisicaoBasica</stat>
<stat pass="1" fail="0" skip="0">testeTiposDados</stat>
</tag>
<suite>
<stat pass="5" fail="0" skip="0" id="s1" name="Tests">Tests</stat>
<stat pass="5" fail="0" skip="0" id="s1-s1" name="Random-User-Test">Tests.Random-User-Test</stat>
</suite>
</statistics>
<errors>
</errors>
</robot>
