<?xml version="1.0" encoding="UTF-8"?>
<robot generator="Robot 7.0.1 (Python 3.12.4 on linux)" generated="2024-07-08T12:29:38.463854" rpa="false" schemaversion="5">
<suite id="s1" name="Tests" source="/home/runner/work/ApiRandomUser/ApiRandomUser/RamdonUser/tests">
<suite id="s1-s1" name="Random-User-Test" source="/home/runner/work/ApiRandomUser/ApiRandomUser/RamdonUser/tests/random-user-test.robot">
<test id="s1-s1-t1" name="Conectar" line="13">
<kw name="Conectar API" owner="random-user-service">
<kw name="Create Session" owner="RequestsLibrary">
<msg time="2024-07-08T12:29:38.864874" level="INFO">Creating Session using : alias=consultarAPI, url=https://randomuser.me/, headers={},                     cookies={}, auth=None, timeout=None, proxies=None, verify=False,                     debug=0 </msg>
<arg>consultarAPI</arg>
<arg>${URL}</arg>
<doc>Create Session: create a HTTP session to a server</doc>
<status status="PASS" start="2024-07-08T12:29:38.864661" elapsed="0.000429"/>
</kw>
<status status="PASS" start="2024-07-08T12:29:38.863680" elapsed="0.001787"/>
</kw>
<status status="PASS" start="2024-07-08T12:29:38.863048" elapsed="0.002616"/>
</test>
<test id="s1-s1-t2" name="Validar retorno 200 e JSON Válido" line="16">
<kw name="Teste de Requisicao Basica" owner="random-user-service">
<kw name="GET On Session" owner="RequestsLibrary">
<msg time="2024-07-08T12:29:38.990560" level="INFO">GET Request : url=https://randomuser.me/api 
 path_url=/api 
 headers={'User-Agent': 'python-requests/2.32.3', 'Accept-Encoding': 'gzip, deflate', 'Accept': '*/*', 'Connection': 'keep-alive'} 
 body=None 
 </msg>
<msg time="2024-07-08T12:29:38.990734" level="INFO">GET Response : url=https://randomuser.me/api 
 status=200, reason=OK 
 headers={'Date': 'Mon, 08 Jul 2024 12:29:38 GMT', 'Content-Type': 'application/json; charset=utf-8', 'Transfer-Encoding': 'chunked', 'Connection': 'keep-alive', 'X-Powered-By': 'Express', 'Access-Control-Allow-Origin': '*', 'Cache-Control': 'no-cache', 'ETag': 'W/"487-Jk/+XjpLYUkyJodcErudpqJiESY"', 'Vary': 'Accept-Encoding', 'Content-Encoding': 'gzip', 'CF-Cache-Status': 'DYNAMIC', 'Report-To': '{"endpoints":[{"url":"https:\\/\\/a.nel.cloudflare.com\\/report\\/v4?s=FSTPw7TEedOVkMeo8xu018VsKSUE02i87btHvfMHMLkgSFDIiwkWxX%2Fn%2BGdXdN%2B1K9mcGYzgZqZF2A1%2BVt9o3q8oFqpAJEweZ5yc83O0UeKkXkX%2F7hJCr9T95JOPZSpd"}],"group":"cf-nel","max_age":604800}', 'NEL': '{"success_fraction":0,"report_to":"cf-nel","max_age":604800}', 'Server': 'cloudflare', 'CF-RAY': '8a0014be7f9c3b41-IAD', 'alt-svc': 'h3=":443"; ma=86400'} 
 body={"results":[{"gender":"male","name":{"title":"Mr","first":"Marc","last":"Butler"},"location":{"street":{"number":717,"name":"Mcclellan Rd"},"city":"Traralgon","state":"Northern Territory","country":"Australia","postcode":5895,"coordinates":{"latitude":"-81.6767","longitude":"-138.8833"},"timezone":{"offset":"-1:00","description":"Azores, Cape Verde Islands"}},"email":"marc.butler@example.com","login":{"uuid":"a1617e47-3cca-41a4-a9f4-7ee955cb6c71","username":"yellowfish517","password":"movie","salt":"lUYOfMrj","md5":"8cb9a7679e2d280253d485e00652199e","sha1":"8810a37fdd281108ac438c93370fd3639241f4e6","sha256":"8a93f4b839d1a91a1ac44619ecd26f40c5afa92545be8ba74a661af21fc1ffa6"},"dob":{"date":"1997-02-15T04:09:20.910Z","age":27},"registered":{"date":"2019-12-21T07:21:45.141Z","age":4},"phone":"03-3764-7402","cell":"0407-222-848","id":{"name":"TFN","value":"485453816"},"picture":{"large":"https://randomuser.me/api/portraits/men/60.jpg","medium":"https://randomuser.me/api/portraits/med/men/60.jpg","thumbnail":"https://randomuser.me/api/portraits/thumb/men/60.jpg"},"nat":"AU"}],"info":{"seed":"5b35899f8d400570","results":1,"page":1,"version":"1.4"}} 
 </msg>
<msg time="2024-07-08T12:29:38.990835" level="INFO">/opt/hostedtoolcache/Python/3.12.4/x64/lib/python3.12/site-packages/urllib3/connectionpool.py:1099: InsecureRequestWarning: Unverified HTTPS request is being made to host 'randomuser.me'. Adding certificate verification is strongly advised. See: https://urllib3.readthedocs.io/en/latest/advanced-usage.html#tls-warnings
  warnings.warn(</msg>
<msg time="2024-07-08T12:29:38.991013" level="INFO">${response} = &lt;Response [200]&gt;</msg>
<var>${response}</var>
<arg>consultarAPI</arg>
<arg>/api</arg>
<doc>Sends a GET request on a previously created HTTP Session.</doc>
<status status="PASS" start="2024-07-08T12:29:38.868343" elapsed="0.122721"/>
</kw>
<kw name="Should Be Equal As Numbers" owner="BuiltIn">
<msg time="2024-07-08T12:29:38.992076" level="INFO">Argument types are:
&lt;class 'int'&gt;
&lt;class 'str'&gt;</msg>
<arg>${response.status_code}</arg>
<arg>200</arg>
<doc>Fails if objects are unequal after converting them to real numbers.</doc>
<status status="PASS" start="2024-07-08T12:29:38.991607" elapsed="0.000541"/>
</kw>
<kw name="Log" owner="BuiltIn">
<msg time="2024-07-08T12:29:38.992871" level="INFO">200</msg>
<arg>${response.status_code}</arg>
<doc>Logs the given message with the given level.</doc>
<status status="PASS" start="2024-07-08T12:29:38.992500" elapsed="0.000446"/>
</kw>
<kw name="Set Variable" owner="BuiltIn">
<msg time="2024-07-08T12:29:38.993723" level="INFO">${json_data} = {'results': [{'gender': 'male', 'name': {'title': 'Mr', 'first': 'Marc', 'last': 'Butler'}, 'location': {'street': {'number': 717, 'name': 'Mcclellan Rd'}, 'city': 'Traralgon', 'state': 'Northern Terr...</msg>
<var>${json_data}</var>
<arg>${response.json()}</arg>
<doc>Returns the given values which can then be assigned to a variables.</doc>
<status status="PASS" start="2024-07-08T12:29:38.993274" elapsed="0.000477"/>
</kw>
<kw name="Dictionary Should Contain Key" owner="Collections">
<arg>${json_data}</arg>
<arg>results</arg>
<doc>Fails if ``key`` is not found from ``dictionary``.</doc>
<status status="PASS" start="2024-07-08T12:29:38.994052" elapsed="0.000167"/>
</kw>
<status status="PASS" start="2024-07-08T12:29:38.868089" elapsed="0.126287"/>
</kw>
<doc>Testa se a API responde corretamente e retorna um objeto JSON válido.</doc>
<tag>testeRequisicaoBasica</tag>
<status status="PASS" start="2024-07-08T12:29:38.867554" elapsed="0.127004"/>
</test>
<test id="s1-s1-t3" name="Validar estrutura de resposta" line="22">
<kw name="Teste de Estrutura de Resposta" owner="random-user-service">
<kw name="GET On Session" owner="RequestsLibrary">
<msg time="2024-07-08T12:29:39.087719" level="INFO">GET Request : url=https://randomuser.me/api 
 path_url=/api 
 headers={'User-Agent': 'python-requests/2.32.3', 'Accept-Encoding': 'gzip, deflate', 'Accept': '*/*', 'Connection': 'keep-alive'} 
 body=None 
 </msg>
<msg time="2024-07-08T12:29:39.087833" level="INFO">GET Response : url=https://randomuser.me/api 
 status=200, reason=OK 
 headers={'Date': 'Mon, 08 Jul 2024 12:29:39 GMT', 'Content-Type': 'application/json; charset=utf-8', 'Transfer-Encoding': 'chunked', 'Connection': 'keep-alive', 'X-Powered-By': 'Express', 'Access-Control-Allow-Origin': '*', 'Cache-Control': 'no-cache', 'ETag': 'W/"4bb-hb1VHHQZzfCkZk/LHBSuo0fTLKo"', 'Vary': 'Accept-Encoding', 'Content-Encoding': 'gzip', 'CF-Cache-Status': 'DYNAMIC', 'Report-To': '{"endpoints":[{"url":"https:\\/\\/a.nel.cloudflare.com\\/report\\/v4?s=Cw2J2kdjbVu33pucKIvL5djVwlqwsuCiYxAM7NcWCYVwSNdKAldfzNkQ9MUDk5OzsEzHIzKeZKVqMtVqXjICJxH9QiKrmX9xGub%2FMFeeo7h%2FlJlfDbMWtZi2EXBElA3R"}],"group":"cf-nel","max_age":604800}', 'NEL': '{"success_fraction":0,"report_to":"cf-nel","max_age":604800}', 'Server': 'cloudflare', 'CF-RAY': '8a0014bebfd73b41-IAD', 'alt-svc': 'h3=":443"; ma=86400'} 
 body={"results":[{"gender":"female","name":{"title":"Ms","first":"Danielle","last":"Jimenez"},"location":{"street":{"number":403,"name":"The Crescent"},"city":"Westminster","state":"West Yorkshire","country":"United Kingdom","postcode":"MH5 1TD","coordinates":{"latitude":"-11.2217","longitude":"107.9907"},"timezone":{"offset":"0:00","description":"Western Europe Time, London, Lisbon, Casablanca"}},"email":"danielle.jimenez@example.com","login":{"uuid":"37f70def-1770-4600-88b4-ee77789bdd87","username":"crazytiger938","password":"pierce","salt":"CBazbdWG","md5":"80316f3ed57564314536dabbd6f4da4c","sha1":"0cdc4f4b417060bcb18ac9b43d76b48614c5278c","sha256":"a46a60d069806a65d65d7268a98c0408a1292d08424abf8318114d60c39b8c39"},"dob":{"date":"1972-11-03T05:14:33.392Z","age":51},"registered":{"date":"2011-02-28T03:42:52.267Z","age":13},"phone":"015394 27564","cell":"07187 663355","id":{"name":"NINO","value":"AY 99 87 98 Z"},"picture":{"large":"https://randomuser.me/api/portraits/women/45.jpg","medium":"https://randomuser.me/api/portraits/med/women/45.jpg","thumbnail":"https://randomuser.me/api/portraits/thumb/women/45.jpg"},"nat":"GB"}],"info":{"seed":"3c125299090ff250","results":1,"page":1,"version":"1.4"}} 
 </msg>
<msg time="2024-07-08T12:29:39.087984" level="INFO">/opt/hostedtoolcache/Python/3.12.4/x64/lib/python3.12/site-packages/urllib3/connectionpool.py:1099: InsecureRequestWarning: Unverified HTTPS request is being made to host 'randomuser.me'. Adding certificate verification is strongly advised. See: https://urllib3.readthedocs.io/en/latest/advanced-usage.html#tls-warnings
  warnings.warn(</msg>
<msg time="2024-07-08T12:29:39.088139" level="INFO">${response} = &lt;Response [200]&gt;</msg>
<var>${response}</var>
<arg>consultarAPI</arg>
<arg>/api</arg>
<doc>Sends a GET request on a previously created HTTP Session.</doc>
<status status="PASS" start="2024-07-08T12:29:38.997230" elapsed="0.090950"/>
</kw>
<kw name="Set Variable" owner="BuiltIn">
<msg time="2024-07-08T12:29:39.089454" level="INFO">${json_data} = {'results': [{'gender': 'female', 'name': {'title': 'Ms', 'first': 'Danielle', 'last': 'Jimenez'}, 'location': {'street': {'number': 403, 'name': 'The Crescent'}, 'city': 'Westminster', 'state': 'West...</msg>
<var>${json_data}</var>
<arg>${response.json()}</arg>
<doc>Returns the given values which can then be assigned to a variables.</doc>
<status status="PASS" start="2024-07-08T12:29:39.088819" elapsed="0.000665"/>
</kw>
<kw name="Log" owner="BuiltIn">
<msg time="2024-07-08T12:29:39.090004" level="INFO">{'results': [{'gender': 'female', 'name': {'title': 'Ms', 'first': 'Danielle', 'last': 'Jimenez'}, 'location': {'street': {'number': 403, 'name': 'The Crescent'}, 'city': 'Westminster', 'state': 'West Yorkshire', 'country': 'United Kingdom', 'postcode': 'MH5 1TD', 'coordinates': {'latitude': '-11.2217', 'longitude': '107.9907'}, 'timezone': {'offset': '0:00', 'description': 'Western Europe Time, London, Lisbon, Casablanca'}}, 'email': 'danielle.jimenez@example.com', 'login': {'uuid': '37f70def-1770-4600-88b4-ee77789bdd87', 'username': 'crazytiger938', 'password': 'pierce', 'salt': 'CBazbdWG', 'md5': '80316f3ed57564314536dabbd6f4da4c', 'sha1': '0cdc4f4b417060bcb18ac9b43d76b48614c5278c', 'sha256': 'a46a60d069806a65d65d7268a98c0408a1292d08424abf8318114d60c39b8c39'}, 'dob': {'date': '1972-11-03T05:14:33.392Z', 'age': 51}, 'registered': {'date': '2011-02-28T03:42:52.267Z', 'age': 13}, 'phone': '015394 27564', 'cell': '07187 663355', 'id': {'name': 'NINO', 'value': 'AY 99 87 98 Z'}, 'picture': {'large': 'https://randomuser.me/api/portraits/women/45.jpg', 'medium': 'https://randomuser.me/api/portraits/med/women/45.jpg', 'thumbnail': 'https://randomuser.me/api/portraits/thumb/women/45.jpg'}, 'nat': 'GB'}], 'info': {'seed': '3c125299090ff250', 'results': 1, 'page': 1, 'version': '1.4'}}</msg>
<arg>${json_data}</arg>
<doc>Logs the given message with the given level.</doc>
<status status="PASS" start="2024-07-08T12:29:39.089834" elapsed="0.000221"/>
</kw>
<kw name="Dictionary Should Contain Key" owner="Collections">
<arg>${json_data}</arg>
<arg>results</arg>
<doc>Fails if ``key`` is not found from ``dictionary``.</doc>
<status status="PASS" start="2024-07-08T12:29:39.090357" elapsed="0.000163"/>
</kw>
<kw name="Should Not Be Empty" owner="BuiltIn">
<msg time="2024-07-08T12:29:39.090843" level="INFO">Length is 2.</msg>
<arg>${json_data}</arg>
<doc>Verifies that the given item is not empty.</doc>
<status status="PASS" start="2024-07-08T12:29:39.090713" elapsed="0.000171"/>
</kw>
<kw name="Create List" owner="BuiltIn">
<msg time="2024-07-08T12:29:39.091506" level="INFO">${expected_keys} = ['gender', 'name', 'location', 'email', 'login']</msg>
<var>${expected_keys}</var>
<arg>gender</arg>
<arg>name</arg>
<arg>location</arg>
<arg>email</arg>
<arg>login</arg>
<doc>Returns a list containing given items.</doc>
<status status="PASS" start="2024-07-08T12:29:39.091186" elapsed="0.000346"/>
</kw>
<for flavor="IN">
<iter>
<kw name="Dictionary Should Contain Key" owner="Collections">
<arg>${json_data['results'][0]}</arg>
<arg>${key}</arg>
<doc>Fails if ``key`` is not found from ``dictionary``.</doc>
<status status="PASS" start="2024-07-08T12:29:39.092120" elapsed="0.000407"/>
</kw>
<kw name="Log" owner="BuiltIn">
<msg time="2024-07-08T12:29:39.093122" level="INFO">{'gender': 'female', 'name': {'title': 'Ms', 'first': 'Danielle', 'last': 'Jimenez'}, 'location': {'street': {'number': 403, 'name': 'The Crescent'}, 'city': 'Westminster', 'state': 'West Yorkshire', 'country': 'United Kingdom', 'postcode': 'MH5 1TD', 'coordinates': {'latitude': '-11.2217', 'longitude': '107.9907'}, 'timezone': {'offset': '0:00', 'description': 'Western Europe Time, London, Lisbon, Casablanca'}}, 'email': 'danielle.jimenez@example.com', 'login': {'uuid': '37f70def-1770-4600-88b4-ee77789bdd87', 'username': 'crazytiger938', 'password': 'pierce', 'salt': 'CBazbdWG', 'md5': '80316f3ed57564314536dabbd6f4da4c', 'sha1': '0cdc4f4b417060bcb18ac9b43d76b48614c5278c', 'sha256': 'a46a60d069806a65d65d7268a98c0408a1292d08424abf8318114d60c39b8c39'}, 'dob': {'date': '1972-11-03T05:14:33.392Z', 'age': 51}, 'registered': {'date': '2011-02-28T03:42:52.267Z', 'age': 13}, 'phone': '015394 27564', 'cell': '07187 663355', 'id': {'name': 'NINO', 'value': 'AY 99 87 98 Z'}, 'picture': {'large': 'https://randomuser.me/api/portraits/women/45.jpg', 'medium': 'https://randomuser.me/api/portraits/med/women/45.jpg', 'thumbnail': 'https://randomuser.me/api/portraits/thumb/women/45.jpg'}, 'nat': 'GB'}</msg>
<arg>${json_data['results'][0]}</arg>
<doc>Logs the given message with the given level.</doc>
<status status="PASS" start="2024-07-08T12:29:39.092713" elapsed="0.000460"/>
</kw>
<kw name="Log" owner="BuiltIn">
<msg time="2024-07-08T12:29:39.093601" level="INFO">gender</msg>
<arg>${key}</arg>
<doc>Logs the given message with the given level.</doc>
<status status="PASS" start="2024-07-08T12:29:39.093472" elapsed="0.000169"/>
</kw>
<var name="${key}">gender</var>
<status status="PASS" start="2024-07-08T12:29:39.091995" elapsed="0.001868"/>
</iter>
<iter>
<kw name="Dictionary Should Contain Key" owner="Collections">
<arg>${json_data['results'][0]}</arg>
<arg>${key}</arg>
<doc>Fails if ``key`` is not found from ``dictionary``.</doc>
<status status="PASS" start="2024-07-08T12:29:39.094172" elapsed="0.000388"/>
</kw>
<kw name="Log" owner="BuiltIn">
<msg time="2024-07-08T12:29:39.095139" level="INFO">{'gender': 'female', 'name': {'title': 'Ms', 'first': 'Danielle', 'last': 'Jimenez'}, 'location': {'street': {'number': 403, 'name': 'The Crescent'}, 'city': 'Westminster', 'state': 'West Yorkshire', 'country': 'United Kingdom', 'postcode': 'MH5 1TD', 'coordinates': {'latitude': '-11.2217', 'longitude': '107.9907'}, 'timezone': {'offset': '0:00', 'description': 'Western Europe Time, London, Lisbon, Casablanca'}}, 'email': 'danielle.jimenez@example.com', 'login': {'uuid': '37f70def-1770-4600-88b4-ee77789bdd87', 'username': 'crazytiger938', 'password': 'pierce', 'salt': 'CBazbdWG', 'md5': '80316f3ed57564314536dabbd6f4da4c', 'sha1': '0cdc4f4b417060bcb18ac9b43d76b48614c5278c', 'sha256': 'a46a60d069806a65d65d7268a98c0408a1292d08424abf8318114d60c39b8c39'}, 'dob': {'date': '1972-11-03T05:14:33.392Z', 'age': 51}, 'registered': {'date': '2011-02-28T03:42:52.267Z', 'age': 13}, 'phone': '015394 27564', 'cell': '07187 663355', 'id': {'name': 'NINO', 'value': 'AY 99 87 98 Z'}, 'picture': {'large': 'https://randomuser.me/api/portraits/women/45.jpg', 'medium': 'https://randomuser.me/api/portraits/med/women/45.jpg', 'thumbnail': 'https://randomuser.me/api/portraits/thumb/women/45.jpg'}, 'nat': 'GB'}</msg>
<arg>${json_data['results'][0]}</arg>
<doc>Logs the given message with the given level.</doc>
<status status="PASS" start="2024-07-08T12:29:39.094785" elapsed="0.000405"/>
</kw>
<kw name="Log" owner="BuiltIn">
<msg time="2024-07-08T12:29:39.095613" level="INFO">name</msg>
<arg>${key}</arg>
<doc>Logs the given message with the given level.</doc>
<status status="PASS" start="2024-07-08T12:29:39.095486" elapsed="0.000165"/>
</kw>
<var name="${key}">name</var>
<status status="PASS" start="2024-07-08T12:29:39.094053" elapsed="0.001811"/>
</iter>
<iter>
<kw name="Dictionary Should Contain Key" owner="Collections">
<arg>${json_data['results'][0]}</arg>
<arg>${key}</arg>
<doc>Fails if ``key`` is not found from ``dictionary``.</doc>
<status status="PASS" start="2024-07-08T12:29:39.096149" elapsed="0.000381"/>
</kw>
<kw name="Log" owner="BuiltIn">
<msg time="2024-07-08T12:29:39.097095" level="INFO">{'gender': 'female', 'name': {'title': 'Ms', 'first': 'Danielle', 'last': 'Jimenez'}, 'location': {'street': {'number': 403, 'name': 'The Crescent'}, 'city': 'Westminster', 'state': 'West Yorkshire', 'country': 'United Kingdom', 'postcode': 'MH5 1TD', 'coordinates': {'latitude': '-11.2217', 'longitude': '107.9907'}, 'timezone': {'offset': '0:00', 'description': 'Western Europe Time, London, Lisbon, Casablanca'}}, 'email': 'danielle.jimenez@example.com', 'login': {'uuid': '37f70def-1770-4600-88b4-ee77789bdd87', 'username': 'crazytiger938', 'password': 'pierce', 'salt': 'CBazbdWG', 'md5': '80316f3ed57564314536dabbd6f4da4c', 'sha1': '0cdc4f4b417060bcb18ac9b43d76b48614c5278c', 'sha256': 'a46a60d069806a65d65d7268a98c0408a1292d08424abf8318114d60c39b8c39'}, 'dob': {'date': '1972-11-03T05:14:33.392Z', 'age': 51}, 'registered': {'date': '2011-02-28T03:42:52.267Z', 'age': 13}, 'phone': '015394 27564', 'cell': '07187 663355', 'id': {'name': 'NINO', 'value': 'AY 99 87 98 Z'}, 'picture': {'large': 'https://randomuser.me/api/portraits/women/45.jpg', 'medium': 'https://randomuser.me/api/portraits/med/women/45.jpg', 'thumbnail': 'https://randomuser.me/api/portraits/thumb/women/45.jpg'}, 'nat': 'GB'}</msg>
<arg>${json_data['results'][0]}</arg>
<doc>Logs the given message with the given level.</doc>
<status status="PASS" start="2024-07-08T12:29:39.096712" elapsed="0.000435"/>
</kw>
<kw name="Log" owner="BuiltIn">
<msg time="2024-07-08T12:29:39.097582" level="INFO">location</msg>
<arg>${key}</arg>
<doc>Logs the given message with the given level.</doc>
<status status="PASS" start="2024-07-08T12:29:39.097456" elapsed="0.000164"/>
</kw>
<var name="${key}">location</var>
<status status="PASS" start="2024-07-08T12:29:39.096041" elapsed="0.001803"/>
</iter>
<iter>
<kw name="Dictionary Should Contain Key" owner="Collections">
<arg>${json_data['results'][0]}</arg>
<arg>${key}</arg>
<doc>Fails if ``key`` is not found from ``dictionary``.</doc>
<status status="PASS" start="2024-07-08T12:29:39.098124" elapsed="0.000385"/>
</kw>
<kw name="Log" owner="BuiltIn">
<msg time="2024-07-08T12:29:39.099048" level="INFO">{'gender': 'female', 'name': {'title': 'Ms', 'first': 'Danielle', 'last': 'Jimenez'}, 'location': {'street': {'number': 403, 'name': 'The Crescent'}, 'city': 'Westminster', 'state': 'West Yorkshire', 'country': 'United Kingdom', 'postcode': 'MH5 1TD', 'coordinates': {'latitude': '-11.2217', 'longitude': '107.9907'}, 'timezone': {'offset': '0:00', 'description': 'Western Europe Time, London, Lisbon, Casablanca'}}, 'email': 'danielle.jimenez@example.com', 'login': {'uuid': '37f70def-1770-4600-88b4-ee77789bdd87', 'username': 'crazytiger938', 'password': 'pierce', 'salt': 'CBazbdWG', 'md5': '80316f3ed57564314536dabbd6f4da4c', 'sha1': '0cdc4f4b417060bcb18ac9b43d76b48614c5278c', 'sha256': 'a46a60d069806a65d65d7268a98c0408a1292d08424abf8318114d60c39b8c39'}, 'dob': {'date': '1972-11-03T05:14:33.392Z', 'age': 51}, 'registered': {'date': '2011-02-28T03:42:52.267Z', 'age': 13}, 'phone': '015394 27564', 'cell': '07187 663355', 'id': {'name': 'NINO', 'value': 'AY 99 87 98 Z'}, 'picture': {'large': 'https://randomuser.me/api/portraits/women/45.jpg', 'medium': 'https://randomuser.me/api/portraits/med/women/45.jpg', 'thumbnail': 'https://randomuser.me/api/portraits/thumb/women/45.jpg'}, 'nat': 'GB'}</msg>
<arg>${json_data['results'][0]}</arg>
<doc>Logs the given message with the given level.</doc>
<status status="PASS" start="2024-07-08T12:29:39.098697" elapsed="0.000400"/>
</kw>
<kw name="Log" owner="BuiltIn">
<msg time="2024-07-08T12:29:39.099512" level="INFO">email</msg>
<arg>${key}</arg>
<doc>Logs the given message with the given level.</doc>
<status status="PASS" start="2024-07-08T12:29:39.099387" elapsed="0.000163"/>
</kw>
<var name="${key}">email</var>
<status status="PASS" start="2024-07-08T12:29:39.098017" elapsed="0.001750"/>
</iter>
<iter>
<kw name="Dictionary Should Contain Key" owner="Collections">
<arg>${json_data['results'][0]}</arg>
<arg>${key}</arg>
<doc>Fails if ``key`` is not found from ``dictionary``.</doc>
<status status="PASS" start="2024-07-08T12:29:39.100053" elapsed="0.000384"/>
</kw>
<kw name="Log" owner="BuiltIn">
<msg time="2024-07-08T12:29:39.100994" level="INFO">{'gender': 'female', 'name': {'title': 'Ms', 'first': 'Danielle', 'last': 'Jimenez'}, 'location': {'street': {'number': 403, 'name': 'The Crescent'}, 'city': 'Westminster', 'state': 'West Yorkshire', 'country': 'United Kingdom', 'postcode': 'MH5 1TD', 'coordinates': {'latitude': '-11.2217', 'longitude': '107.9907'}, 'timezone': {'offset': '0:00', 'description': 'Western Europe Time, London, Lisbon, Casablanca'}}, 'email': 'danielle.jimenez@example.com', 'login': {'uuid': '37f70def-1770-4600-88b4-ee77789bdd87', 'username': 'crazytiger938', 'password': 'pierce', 'salt': 'CBazbdWG', 'md5': '80316f3ed57564314536dabbd6f4da4c', 'sha1': '0cdc4f4b417060bcb18ac9b43d76b48614c5278c', 'sha256': 'a46a60d069806a65d65d7268a98c0408a1292d08424abf8318114d60c39b8c39'}, 'dob': {'date': '1972-11-03T05:14:33.392Z', 'age': 51}, 'registered': {'date': '2011-02-28T03:42:52.267Z', 'age': 13}, 'phone': '015394 27564', 'cell': '07187 663355', 'id': {'name': 'NINO', 'value': 'AY 99 87 98 Z'}, 'picture': {'large': 'https://randomuser.me/api/portraits/women/45.jpg', 'medium': 'https://randomuser.me/api/portraits/med/women/45.jpg', 'thumbnail': 'https://randomuser.me/api/portraits/thumb/women/45.jpg'}, 'nat': 'GB'}</msg>
<arg>${json_data['results'][0]}</arg>
<doc>Logs the given message with the given level.</doc>
<status status="PASS" start="2024-07-08T12:29:39.100617" elapsed="0.000438"/>
</kw>
<kw name="Log" owner="BuiltIn">
<msg time="2024-07-08T12:29:39.101487" level="INFO">login</msg>
<arg>${key}</arg>
<doc>Logs the given message with the given level.</doc>
<status status="PASS" start="2024-07-08T12:29:39.101351" elapsed="0.000178"/>
</kw>
<var name="${key}">login</var>
<status status="PASS" start="2024-07-08T12:29:39.099938" elapsed="0.001806"/>
</iter>
<var>${key}</var>
<value>@{expected_keys}</value>
<status status="PASS" start="2024-07-08T12:29:39.091798" elapsed="0.010096"/>
</for>
<kw name="Create List" owner="BuiltIn">
<msg time="2024-07-08T12:29:39.102237" level="INFO">${expected_keysTwo} = ['username', 'password']</msg>
<var>${expected_keysTwo}</var>
<arg>username</arg>
<arg>password</arg>
<doc>Returns a list containing given items.</doc>
<status status="PASS" start="2024-07-08T12:29:39.102094" elapsed="0.000167"/>
</kw>
<for flavor="IN">
<iter>
<kw name="Dictionary Should Contain Key" owner="Collections">
<arg>${json_data['results'][0]['login']}</arg>
<arg>${keyTwo}</arg>
<doc>Fails if ``key`` is not found from ``dictionary``.</doc>
<status status="PASS" start="2024-07-08T12:29:39.102762" elapsed="0.000389"/>
</kw>
<kw name="Dictionary Should Contain Key" owner="Collections">
<arg>${json_data['results'][0]['login']}</arg>
<arg>${keyTwo}</arg>
<doc>Fails if ``key`` is not found from ``dictionary``.</doc>
<status status="PASS" start="2024-07-08T12:29:39.103331" elapsed="0.000375"/>
</kw>
<kw name="Log" owner="BuiltIn">
<msg time="2024-07-08T12:29:39.104016" level="INFO">username</msg>
<arg>${keyTwo}</arg>
<doc>Logs the given message with the given level.</doc>
<status status="PASS" start="2024-07-08T12:29:39.103895" elapsed="0.000160"/>
</kw>
<var name="${keyTwo}">username</var>
<status status="PASS" start="2024-07-08T12:29:39.102654" elapsed="0.001625"/>
</iter>
<iter>
<kw name="Dictionary Should Contain Key" owner="Collections">
<arg>${json_data['results'][0]['login']}</arg>
<arg>${keyTwo}</arg>
<doc>Fails if ``key`` is not found from ``dictionary``.</doc>
<status status="PASS" start="2024-07-08T12:29:39.104555" elapsed="0.000419"/>
</kw>
<kw name="Dictionary Should Contain Key" owner="Collections">
<arg>${json_data['results'][0]['login']}</arg>
<arg>${keyTwo}</arg>
<doc>Fails if ``key`` is not found from ``dictionary``.</doc>
<status status="PASS" start="2024-07-08T12:29:39.105162" elapsed="0.000370"/>
</kw>
<kw name="Log" owner="BuiltIn">
<msg time="2024-07-08T12:29:39.105827" level="INFO">password</msg>
<arg>${keyTwo}</arg>
<doc>Logs the given message with the given level.</doc>
<status status="PASS" start="2024-07-08T12:29:39.105709" elapsed="0.000162"/>
</kw>
<var name="${keyTwo}">password</var>
<status status="PASS" start="2024-07-08T12:29:39.104448" elapsed="0.001740"/>
</iter>
<var>${keyTwo}</var>
<value>@{expected_keysTwo}</value>
<status status="PASS" start="2024-07-08T12:29:39.102500" elapsed="0.003808"/>
</for>
<status status="PASS" start="2024-07-08T12:29:38.996981" elapsed="0.109469"/>
</kw>
<doc>Testa a estrutura da resposta da API.</doc>
<tag>testeEstruturaResposta</tag>
<status status="PASS" start="2024-07-08T12:29:38.996413" elapsed="0.110192"/>
</test>
<test id="s1-s1-t4" name="Validar tipos de dados" line="28">
<kw name="Teste de Tipos de Dados" owner="random-user-service">
<kw name="GET On Session" owner="RequestsLibrary">
<msg time="2024-07-08T12:29:39.474782" level="INFO">GET Request : url=https://randomuser.me/api 
 path_url=/api 
 headers={'User-Agent': 'python-requests/2.32.3', 'Accept-Encoding': 'gzip, deflate', 'Accept': '*/*', 'Connection': 'keep-alive'} 
 body=None 
 </msg>
<msg time="2024-07-08T12:29:39.474883" level="INFO">GET Response : url=https://randomuser.me/api 
 status=200, reason=OK 
 headers={'Date': 'Mon, 08 Jul 2024 12:29:39 GMT', 'Content-Type': 'application/json; charset=utf-8', 'Transfer-Encoding': 'chunked', 'Connection': 'keep-alive', 'X-Powered-By': 'Express', 'Access-Control-Allow-Origin': '*', 'Cache-Control': 'no-cache', 'ETag': 'W/"46c-uiqff95spxJYVv5SOHb5iLzB8ws"', 'Vary': 'Accept-Encoding', 'Content-Encoding': 'gzip', 'CF-Cache-Status': 'DYNAMIC', 'Report-To': '{"endpoints":[{"url":"https:\\/\\/a.nel.cloudflare.com\\/report\\/v4?s=t3LutTAYfx0ahrq4rU11L20Dwh52y6TZ6AIU2FSnacKVzdJPUkzouE6tI73DkF9N86fsBpgonQLGFYsPm5ymuEZS13FujEbnYRuK8x4%2Fmx7DRDbWI6pJqBt3zg8iz95D"}],"group":"cf-nel","max_age":604800}', 'NEL': '{"success_fraction":0,"report_to":"cf-nel","max_age":604800}', 'Server': 'cloudflare', 'CF-RAY': '8a0014bf786f3b41-IAD', 'alt-svc': 'h3=":443"; ma=86400'} 
 body={"results":[{"gender":"female","name":{"title":"Ms","first":"Sedef","last":"Saygıner"},"location":{"street":{"number":2655,"name":"Necatibey Cd"},"city":"Ordu","state":"Kütahya","country":"Turkey","postcode":87496,"coordinates":{"latitude":"66.7789","longitude":"165.4614"},"timezone":{"offset":"-10:00","description":"Hawaii"}},"email":"sedef.sayginer@example.com","login":{"uuid":"ebc148a8-d19a-4c0f-b109-0183ed5d865c","username":"purplebear188","password":"4ever","salt":"eJNVc7Ee","md5":"69da6da66633e1d24d710ab9389a6794","sha1":"3a0e37731f2db602812ec5e062261ba78b41a699","sha256":"b106dd332d0faedee81f40cf3b921579163999cc45ee1e98a7e00a0000fc5f94"},"dob":{"date":"1974-11-15T04:30:02.071Z","age":49},"registered":{"date":"2006-05-01T14:45:49.148Z","age":18},"phone":"(838)-543-7095","cell":"(543)-069-0269","id":{"name":"","value":null},"picture":{"large":"https://randomuser.me/api/portraits/women/87.jpg","medium":"https://randomuser.me/api/portraits/med/women/87.jpg","thumbnail":"https://randomuser.me/api/portraits/thumb/women/87.jpg"},"nat":"TR"}],"info":{"seed":"2a1af0bfbd48b68f","results":1,"page":1,"version":"1.4"}} 
 </msg>
<msg time="2024-07-08T12:29:39.474956" level="INFO">/opt/hostedtoolcache/Python/3.12.4/x64/lib/python3.12/site-packages/urllib3/connectionpool.py:1099: InsecureRequestWarning: Unverified HTTPS request is being made to host 'randomuser.me'. Adding certificate verification is strongly advised. See: https://urllib3.readthedocs.io/en/latest/advanced-usage.html#tls-warnings
  warnings.warn(</msg>
<msg time="2024-07-08T12:29:39.475074" level="INFO">${response} = &lt;Response [200]&gt;</msg>
<var>${response}</var>
<arg>consultarAPI</arg>
<arg>/api</arg>
<doc>Sends a GET request on a previously created HTTP Session.</doc>
<status status="PASS" start="2024-07-08T12:29:39.109161" elapsed="0.365939"/>
</kw>
<kw name="Set Variable" owner="BuiltIn">
<msg time="2024-07-08T12:29:39.476184" level="INFO">${json_data} = {'results': [{'gender': 'female', 'name': {'title': 'Ms', 'first': 'Sedef', 'last': 'Saygıner'}, 'location': {'street': {'number': 2655, 'name': 'Necatibey Cd'}, 'city': 'Ordu', 'state': 'Kütahya', 'c...</msg>
<var>${json_data}</var>
<arg>${response.json()}</arg>
<doc>Returns the given values which can then be assigned to a variables.</doc>
<status status="PASS" start="2024-07-08T12:29:39.475652" elapsed="0.000567"/>
</kw>
<kw name="Log" owner="BuiltIn">
<msg time="2024-07-08T12:29:39.476701" level="INFO">{'results': [{'gender': 'female', 'name': {'title': 'Ms', 'first': 'Sedef', 'last': 'Saygıner'}, 'location': {'street': {'number': 2655, 'name': 'Necatibey Cd'}, 'city': 'Ordu', 'state': 'Kütahya', 'country': 'Turkey', 'postcode': 87496, 'coordinates': {'latitude': '66.7789', 'longitude': '165.4614'}, 'timezone': {'offset': '-10:00', 'description': 'Hawaii'}}, 'email': 'sedef.sayginer@example.com', 'login': {'uuid': 'ebc148a8-d19a-4c0f-b109-0183ed5d865c', 'username': 'purplebear188', 'password': '4ever', 'salt': 'eJNVc7Ee', 'md5': '69da6da66633e1d24d710ab9389a6794', 'sha1': '3a0e37731f2db602812ec5e062261ba78b41a699', 'sha256': 'b106dd332d0faedee81f40cf3b921579163999cc45ee1e98a7e00a0000fc5f94'}, 'dob': {'date': '1974-11-15T04:30:02.071Z', 'age': 49}, 'registered': {'date': '2006-05-01T14:45:49.148Z', 'age': 18}, 'phone': '(838)-543-7095', 'cell': '(543)-069-0269', 'id': {'name': '', 'value': None}, 'picture': {'large': 'https://randomuser.me/api/portraits/women/87.jpg', 'medium': 'https://randomuser.me/api/portraits/med/women/87.jpg', 'thumbnail': 'https://randomuser.me/api/portraits/thumb/women/87.jpg'}, 'nat': 'TR'}], 'info': {'seed': '2a1af0bfbd48b68f', 'results': 1, 'page': 1, 'version': '1.4'}}</msg>
<arg>${json_data}</arg>
<doc>Logs the given message with the given level.</doc>
<status status="PASS" start="2024-07-08T12:29:39.476533" elapsed="0.000219"/>
</kw>
<kw name="Should Be String" owner="String">
<arg>${json_data['results'][0]['gender']}</arg>
<doc>Fails if the given ``item`` is not a string.</doc>
<status status="PASS" start="2024-07-08T12:29:39.477075" elapsed="0.000363"/>
</kw>
<kw name="Should Match Regexp" owner="BuiltIn">
<arg>${json_data['results'][0]['email']}</arg>
<arg>^[a-zA-Z0-9._%+-]+@[a-zA-Z0-9.-]+\.[a-zA-Z]{2,}$</arg>
<doc>Fails if ``string`` does not match ``pattern`` as a regular expression.</doc>
<status status="PASS" start="2024-07-08T12:29:39.477664" elapsed="0.000512"/>
</kw>
<kw name="Should Match Regexp" owner="BuiltIn">
<arg>${json_data['results'][0]['dob']['date']}</arg>
<arg>\\d{4}-\\d{2}-\\d{2}T\\d{2}:\\d{2}:\\d{2}\\.\\d{3}Z</arg>
<doc>Fails if ``string`` does not match ``pattern`` as a regular expression.</doc>
<status status="PASS" start="2024-07-08T12:29:39.478372" elapsed="0.000486"/>
</kw>
<kw name="Should Match Regexp" owner="BuiltIn">
<arg>${json_data['results'][0]['registered']['date']}</arg>
<arg>\\d{4}-\\d{2}-\\d{2}T\\d{2}:\\d{2}:\\d{2}\\.\\d{3}Z</arg>
<doc>Fails if ``string`` does not match ``pattern`` as a regular expression.</doc>
<status status="PASS" start="2024-07-08T12:29:39.479045" elapsed="0.000362"/>
</kw>
<kw name="Should Match Regexp" owner="BuiltIn">
<arg>${json_data['results'][0]['picture']['large']}</arg>
<arg>^https?://.*\.(?:png|jpe?g|gif|bmp)$</arg>
<doc>Fails if ``string`` does not match ``pattern`` as a regular expression.</doc>
<status status="PASS" start="2024-07-08T12:29:39.479589" elapsed="0.000449"/>
</kw>
<kw name="Should Match Regexp" owner="BuiltIn">
<arg>${json_data['results'][0]['picture']['medium']}</arg>
<arg>^https?://.*\.(?:png|jpe?g|gif|bmp)$</arg>
<doc>Fails if ``string`` does not match ``pattern`` as a regular expression.</doc>
<status status="PASS" start="2024-07-08T12:29:39.480219" elapsed="0.000345"/>
</kw>
<kw name="Should Match Regexp" owner="BuiltIn">
<arg>${json_data['results'][0]['picture']['thumbnail']}</arg>
<arg>^https?://.*\.(?:png|jpe?g|gif|bmp)$</arg>
<doc>Fails if ``string`` does not match ``pattern`` as a regular expression.</doc>
<status status="PASS" start="2024-07-08T12:29:39.480740" elapsed="0.000386"/>
</kw>
<kw name="Log" owner="BuiltIn">
<msg time="2024-07-08T12:29:39.481634" level="INFO">{'large': 'https://randomuser.me/api/portraits/women/87.jpg', 'medium': 'https://randomuser.me/api/portraits/med/women/87.jpg', 'thumbnail': 'https://randomuser.me/api/portraits/thumb/women/87.jpg'}</msg>
<arg>${json_data['results'][0]['picture']}</arg>
<doc>Logs the given message with the given level.</doc>
<status status="PASS" start="2024-07-08T12:29:39.481310" elapsed="0.000366"/>
</kw>
<status status="PASS" start="2024-07-08T12:29:39.108900" elapsed="0.373034"/>
</kw>
<kw name="Teste de Tipos de Dados - Postcode" owner="random-user-service">
<kw name="GET On Session" owner="RequestsLibrary">
<msg time="2024-07-08T12:29:39.631424" level="INFO">GET Request : url=https://randomuser.me/api 
 path_url=/api 
 headers={'User-Agent': 'python-requests/2.32.3', 'Accept-Encoding': 'gzip, deflate', 'Accept': '*/*', 'Connection': 'keep-alive'} 
 body=None 
 </msg>
<msg time="2024-07-08T12:29:39.631514" level="INFO">GET Response : url=https://randomuser.me/api 
 status=200, reason=OK 
 headers={'Date': 'Mon, 08 Jul 2024 12:29:39 GMT', 'Content-Type': 'application/json; charset=utf-8', 'Transfer-Encoding': 'chunked', 'Connection': 'keep-alive', 'X-Powered-By': 'Express', 'Access-Control-Allow-Origin': '*', 'Cache-Control': 'no-cache', 'ETag': 'W/"47c-rUC9sx80WHxboyckci4NdRtj1pM"', 'Vary': 'Accept-Encoding', 'Content-Encoding': 'gzip', 'CF-Cache-Status': 'DYNAMIC', 'Report-To': '{"endpoints":[{"url":"https:\\/\\/a.nel.cloudflare.com\\/report\\/v4?s=etWWEYlqOgUZWZJ%2Bj0DC2xmu3oV5zw6XI7YhFwFQXkPOe4I5C%2FFoiOMuBBLcb2jbBm2Z4blZWbABk33yUGzWvFVSCTjFV%2BI82QVFAY33h%2FX8QBGkxVa7jYWdZkMuP9M3"}],"group":"cf-nel","max_age":604800}', 'NEL': '{"success_fraction":0,"report_to":"cf-nel","max_age":604800}', 'Server': 'cloudflare', 'CF-RAY': '8a0014c1cabf3b41-IAD', 'alt-svc': 'h3=":443"; ma=86400'} 
 body={"results":[{"gender":"male","name":{"title":"Mr","first":"Benito","last":"Valverde"},"location":{"street":{"number":5294,"name":"Andador Ulloa"},"city":"La Punta","state":"Puebla","country":"Mexico","postcode":39685,"coordinates":{"latitude":"22.5823","longitude":"-142.7968"},"timezone":{"offset":"-10:00","description":"Hawaii"}},"email":"benito.valverde@example.com","login":{"uuid":"2e1816a5-1e59-4bd6-9cd5-6fd728f17839","username":"ticklishfrog461","password":"showing","salt":"g4wKUYAh","md5":"535cda54a6a0d71028362d4bcb8f28e4","sha1":"2769a6d4171b176042dde4ee88ad1a3a5a59a0b5","sha256":"f14d5ba6134b2c9fbd7ba6ed639632d23b076434599e871e1665609c6365840f"},"dob":{"date":"2001-01-10T17:07:49.826Z","age":23},"registered":{"date":"2018-10-15T11:20:37.126Z","age":5},"phone":"(615) 914 5252","cell":"(647) 061 1924","id":{"name":"NSS","value":"74 70 12 2738 8"},"picture":{"large":"https://randomuser.me/api/portraits/men/48.jpg","medium":"https://randomuser.me/api/portraits/med/men/48.jpg","thumbnail":"https://randomuser.me/api/portraits/thumb/men/48.jpg"},"nat":"MX"}],"info":{"seed":"21c77f887e9a2d24","results":1,"page":1,"version":"1.4"}} 
 </msg>
<msg time="2024-07-08T12:29:39.631589" level="INFO">/opt/hostedtoolcache/Python/3.12.4/x64/lib/python3.12/site-packages/urllib3/connectionpool.py:1099: InsecureRequestWarning: Unverified HTTPS request is being made to host 'randomuser.me'. Adding certificate verification is strongly advised. See: https://urllib3.readthedocs.io/en/latest/advanced-usage.html#tls-warnings
  warnings.warn(</msg>
<msg time="2024-07-08T12:29:39.631712" level="INFO">${response} = &lt;Response [200]&gt;</msg>
<var>${response}</var>
<arg>consultarAPI</arg>
<arg>/api</arg>
<doc>Sends a GET request on a previously created HTTP Session.</doc>
<status status="PASS" start="2024-07-08T12:29:39.482380" elapsed="0.149382"/>
</kw>
<kw name="Set Variable" owner="BuiltIn">
<msg time="2024-07-08T12:29:39.632973" level="INFO">${json_data} = {'results': [{'gender': 'male', 'name': {'title': 'Mr', 'first': 'Benito', 'last': 'Valverde'}, 'location': {'street': {'number': 5294, 'name': 'Andador Ulloa'}, 'city': 'La Punta', 'state': 'Puebla',...</msg>
<var>${json_data}</var>
<arg>${response.json()}</arg>
<doc>Returns the given values which can then be assigned to a variables.</doc>
<status status="PASS" start="2024-07-08T12:29:39.632347" elapsed="0.000658"/>
</kw>
<kw name="Log" owner="BuiltIn">
<msg time="2024-07-08T12:29:39.633490" level="INFO">{'results': [{'gender': 'male', 'name': {'title': 'Mr', 'first': 'Benito', 'last': 'Valverde'}, 'location': {'street': {'number': 5294, 'name': 'Andador Ulloa'}, 'city': 'La Punta', 'state': 'Puebla', 'country': 'Mexico', 'postcode': 39685, 'coordinates': {'latitude': '22.5823', 'longitude': '-142.7968'}, 'timezone': {'offset': '-10:00', 'description': 'Hawaii'}}, 'email': 'benito.valverde@example.com', 'login': {'uuid': '2e1816a5-1e59-4bd6-9cd5-6fd728f17839', 'username': 'ticklishfrog461', 'password': 'showing', 'salt': 'g4wKUYAh', 'md5': '535cda54a6a0d71028362d4bcb8f28e4', 'sha1': '2769a6d4171b176042dde4ee88ad1a3a5a59a0b5', 'sha256': 'f14d5ba6134b2c9fbd7ba6ed639632d23b076434599e871e1665609c6365840f'}, 'dob': {'date': '2001-01-10T17:07:49.826Z', 'age': 23}, 'registered': {'date': '2018-10-15T11:20:37.126Z', 'age': 5}, 'phone': '(615) 914 5252', 'cell': '(647) 061 1924', 'id': {'name': 'NSS', 'value': '74 70 12 2738 8'}, 'picture': {'large': 'https://randomuser.me/api/portraits/men/48.jpg', 'medium': 'https://randomuser.me/api/portraits/med/men/48.jpg', 'thumbnail': 'https://randomuser.me/api/portraits/thumb/men/48.jpg'}, 'nat': 'MX'}], 'info': {'seed': '21c77f887e9a2d24', 'results': 1, 'page': 1, 'version': '1.4'}}</msg>
<arg>${json_data}</arg>
<doc>Logs the given message with the given level.</doc>
<status status="PASS" start="2024-07-08T12:29:39.633323" elapsed="0.000214"/>
</kw>
<kw name="Should Be Equal As Numbers" owner="BuiltIn">
<arg>${json_data['results'][0]['location']['postcode']}</arg>
<arg>${json_data['results'][0]['location']['postcode']}</arg>
<doc>Fails if objects are unequal after converting them to real numbers.</doc>
<status status="PASS" start="2024-07-08T12:29:39.633825" elapsed="0.000708"/>
</kw>
<kw name="Log" owner="BuiltIn">
<msg time="2024-07-08T12:29:39.635267" level="INFO">39685</msg>
<arg>${json_data['results'][0]['location']['postcode']}</arg>
<doc>Logs the given message with the given level.</doc>
<status status="PASS" start="2024-07-08T12:29:39.634776" elapsed="0.000534"/>
</kw>
<status status="PASS" start="2024-07-08T12:29:39.482156" elapsed="0.153413"/>
</kw>
<doc>Testa se os tipos de dados na resposta da API estão corretos.</doc>
<tag>testeTiposDados</tag>
<status status="PASS" start="2024-07-08T12:29:39.108398" elapsed="0.527339"/>
</test>
<test id="s1-s1-t5" name="Validar conteudo" line="35">
<kw name="Teste de Tipos de Conteudo" owner="random-user-service">
<kw name="GET On Session" owner="RequestsLibrary">
<msg time="2024-07-08T12:29:39.696541" level="INFO">GET Request : url=https://randomuser.me/api 
 path_url=/api 
 headers={'User-Agent': 'python-requests/2.32.3', 'Accept-Encoding': 'gzip, deflate', 'Accept': '*/*', 'Connection': 'keep-alive'} 
 body=None 
 </msg>
<msg time="2024-07-08T12:29:39.696635" level="INFO">GET Response : url=https://randomuser.me/api 
 status=200, reason=OK 
 headers={'Date': 'Mon, 08 Jul 2024 12:29:39 GMT', 'Content-Type': 'application/json; charset=utf-8', 'Transfer-Encoding': 'chunked', 'Connection': 'keep-alive', 'X-Powered-By': 'Express', 'Access-Control-Allow-Origin': '*', 'Cache-Control': 'no-cache', 'ETag': 'W/"476-Ig/ZI8rWEQVGGXlIbexIUUEjm6o"', 'Vary': 'Accept-Encoding', 'Content-Encoding': 'gzip', 'CF-Cache-Status': 'DYNAMIC', 'Report-To': '{"endpoints":[{"url":"https:\\/\\/a.nel.cloudflare.com\\/report\\/v4?s=DxzwN1I0QxD%2F1d9uY7gojrDgpUSWLLCvjl8wIkPg5Ztk65GKyWDgnP1PIkq4Nq83gBM23HFPvw0CvxbaGb8P3vQGhe83vCgQXqZYrO6WNUx2%2BWO77g3asLrdfKLmczwY"}],"group":"cf-nel","max_age":604800}', 'NEL': '{"success_fraction":0,"report_to":"cf-nel","max_age":604800}', 'Server': 'cloudflare', 'CF-RAY': '8a0014c2cbcd3b41-IAD', 'alt-svc': 'h3=":443"; ma=86400'} 
 body={"results":[{"gender":"male","name":{"title":"Mr","first":"Falk","last":"Fosen"},"location":{"street":{"number":9805,"name":"Kvartsveien"},"city":"Dimmelsvik","state":"Nordland","country":"Norway","postcode":"8326","coordinates":{"latitude":"43.9094","longitude":"-28.4891"},"timezone":{"offset":"-7:00","description":"Mountain Time (US &amp; Canada)"}},"email":"falk.fosen@example.com","login":{"uuid":"433f717f-341e-4e51-b914-0751ce730cc5","username":"bigelephant126","password":"midget","salt":"nph45wg9","md5":"e9eaf3ef577e1f44fcf6764987771fdc","sha1":"55c79dd9ba9bc6fb997a1771fa25311a8503b102","sha256":"4b6d64e0d59a39ac841d4b1f0093a4b84ec73beeabd075a61b9461e506f74a5d"},"dob":{"date":"1970-01-07T14:33:48.784Z","age":54},"registered":{"date":"2009-04-24T16:54:37.028Z","age":15},"phone":"79420773","cell":"98596294","id":{"name":"FN","value":"07017040779"},"picture":{"large":"https://randomuser.me/api/portraits/men/11.jpg","medium":"https://randomuser.me/api/portraits/med/men/11.jpg","thumbnail":"https://randomuser.me/api/portraits/thumb/men/11.jpg"},"nat":"NO"}],"info":{"seed":"3f21ce357f65c092","results":1,"page":1,"version":"1.4"}} 
 </msg>
<msg time="2024-07-08T12:29:39.696706" level="INFO">/opt/hostedtoolcache/Python/3.12.4/x64/lib/python3.12/site-packages/urllib3/connectionpool.py:1099: InsecureRequestWarning: Unverified HTTPS request is being made to host 'randomuser.me'. Adding certificate verification is strongly advised. See: https://urllib3.readthedocs.io/en/latest/advanced-usage.html#tls-warnings
  warnings.warn(</msg>
<msg time="2024-07-08T12:29:39.696821" level="INFO">${response} = &lt;Response [200]&gt;</msg>
<var>${response}</var>
<arg>consultarAPI</arg>
<arg>/api</arg>
<doc>Sends a GET request on a previously created HTTP Session.</doc>
<status status="PASS" start="2024-07-08T12:29:39.638550" elapsed="0.058297"/>
</kw>
<kw name="Set Variable" owner="BuiltIn">
<msg time="2024-07-08T12:29:39.697923" level="INFO">${json_data} = {'results': [{'gender': 'male', 'name': {'title': 'Mr', 'first': 'Falk', 'last': 'Fosen'}, 'location': {'street': {'number': 9805, 'name': 'Kvartsveien'}, 'city': 'Dimmelsvik', 'state': 'Nordland', 'c...</msg>
<var>${json_data}</var>
<arg>${response.json()}</arg>
<doc>Returns the given values which can then be assigned to a variables.</doc>
<status status="PASS" start="2024-07-08T12:29:39.697417" elapsed="0.000534"/>
</kw>
<kw name="Set Variable" owner="BuiltIn">
<msg time="2024-07-08T12:29:39.698628" level="INFO">${name_title} = Mr</msg>
<var>${name_title}</var>
<arg>${json_data["results"][0]["name"]["title"]}</arg>
<doc>Returns the given values which can then be assigned to a variables.</doc>
<status status="PASS" start="2024-07-08T12:29:39.698252" elapsed="0.000402"/>
</kw>
<kw name="Create List" owner="BuiltIn">
<msg time="2024-07-08T12:29:39.699091" level="INFO">${allowed_titles} = ['Mr', 'Ms', 'Miss', 'Mrs', 'Madame', 'Monsieur']</msg>
<var>${allowed_titles}</var>
<arg>Mr</arg>
<arg>Ms</arg>
<arg>Miss</arg>
<arg>Mrs</arg>
<arg>Madame</arg>
<arg>Monsieur</arg>
<doc>Returns a list containing given items.</doc>
<status status="PASS" start="2024-07-08T12:29:39.698944" elapsed="0.000171"/>
</kw>
<kw name="List Should Contain Value" owner="Collections">
<arg>${allowed_titles}</arg>
<arg>${name_title}</arg>
<doc>Fails if the ``value`` is not found from ``list``.</doc>
<status status="PASS" start="2024-07-08T12:29:39.699415" elapsed="0.000172"/>
</kw>
<kw name="Set Variable" owner="BuiltIn">
<msg time="2024-07-08T12:29:39.700134" level="INFO">${name_country} = NO</msg>
<var>${name_country}</var>
<arg>${json_data["results"][0]["nat"]}</arg>
<doc>Returns the given values which can then be assigned to a variables.</doc>
<status status="PASS" start="2024-07-08T12:29:39.699767" elapsed="0.000391"/>
</kw>
<kw name="Create List" owner="BuiltIn">
<msg time="2024-07-08T12:29:39.701073" level="INFO">${list_country} = ['AD', 'AE', 'AF', 'AG', 'AI', 'AL', 'AM', 'AO', 'AQ', 'AR', 'AS', 'AT', 'AU', 'AW', 'AX', 'AZ', 'BA', 'BB', 'BD', 'BE', 'BF', 'BG', 'BH', 'BI', 'BJ', 'BL', 'BM', 'BN', 'BO', 'BQ', 'BR', 'BS', 'BT', '...</msg>
<var>${list_country}</var>
<arg>AD</arg>
<arg>AE</arg>
<arg>AF</arg>
<arg>AG</arg>
<arg>AI</arg>
<arg>AL</arg>
<arg>AM</arg>
<arg>AO</arg>
<arg>AQ</arg>
<arg>AR</arg>
<arg>AS</arg>
<arg>AT</arg>
<arg>AU</arg>
<arg>AW</arg>
<arg>AX</arg>
<arg>AZ</arg>
<arg>BA</arg>
<arg>BB</arg>
<arg>BD</arg>
<arg>BE</arg>
<arg>BF</arg>
<arg>BG</arg>
<arg>BH</arg>
<arg>BI</arg>
<arg>BJ</arg>
<arg>BL</arg>
<arg>BM</arg>
<arg>BN</arg>
<arg>BO</arg>
<arg>BQ</arg>
<arg>BR</arg>
<arg>BS</arg>
<arg>BT</arg>
<arg>BV</arg>
<arg>BW</arg>
<arg>BY</arg>
<arg>BZ</arg>
<arg>CA</arg>
<arg>CC</arg>
<arg>CD</arg>
<arg>CF</arg>
<arg>CG</arg>
<arg>CH</arg>
<arg>CI</arg>
<arg>CK</arg>
<arg>CL</arg>
<arg>CM</arg>
<arg>CN</arg>
<arg>CO</arg>
<arg>CR</arg>
<arg>CU</arg>
<arg>CV</arg>
<arg>CW</arg>
<arg>CX</arg>
<arg>CY</arg>
<arg>CZ</arg>
<arg>DE</arg>
<arg>DJ</arg>
<arg>DK</arg>
<arg>DM</arg>
<arg>DO</arg>
<arg>DZ</arg>
<arg>EC</arg>
<arg>EE</arg>
<arg>EG</arg>
<arg>EH</arg>
<arg>ER</arg>
<arg>ES</arg>
<arg>ET</arg>
<arg>FI</arg>
<arg>FJ</arg>
<arg>FK</arg>
<arg>FM</arg>
<arg>FO</arg>
<arg>FR</arg>
<arg>GA</arg>
<arg>GB</arg>
<arg>GD</arg>
<arg>GE</arg>
<arg>GF</arg>
<arg>GG</arg>
<arg>GH</arg>
<arg>GI</arg>
<arg>GL</arg>
<arg>GM</arg>
<arg>GN</arg>
<arg>GP</arg>
<arg>GQ</arg>
<arg>GR</arg>
<arg>GS</arg>
<arg>GT</arg>
<arg>GU</arg>
<arg>GW</arg>
<arg>GY</arg>
<arg>HK</arg>
<arg>HM</arg>
<arg>HN</arg>
<arg>HR</arg>
<arg>HT</arg>
<arg>HU</arg>
<arg>ID</arg>
<arg>IE</arg>
<arg>IL</arg>
<arg>IM</arg>
<arg>IN</arg>
<arg>IO</arg>
<arg>IQ</arg>
<arg>IR</arg>
<arg>IS</arg>
<arg>IT</arg>
<arg>JE</arg>
<arg>JM</arg>
<arg>JO</arg>
<arg>JP</arg>
<arg>KE</arg>
<arg>KG</arg>
<arg>KH</arg>
<arg>KI</arg>
<arg>KM</arg>
<arg>KN</arg>
<arg>KP</arg>
<arg>KR</arg>
<arg>KW</arg>
<arg>KY</arg>
<arg>KZ</arg>
<arg>LA</arg>
<arg>LB</arg>
<arg>LC</arg>
<arg>LI</arg>
<arg>LK</arg>
<arg>LR</arg>
<arg>LS</arg>
<arg>LT</arg>
<arg>LU</arg>
<arg>LV</arg>
<arg>LY</arg>
<arg>MA</arg>
<arg>MC</arg>
<arg>MD</arg>
<arg>ME</arg>
<arg>MF</arg>
<arg>MG</arg>
<arg>MH</arg>
<arg>MK</arg>
<arg>ML</arg>
<arg>MM</arg>
<arg>MN</arg>
<arg>MO</arg>
<arg>MP</arg>
<arg>MQ</arg>
<arg>MR</arg>
<arg>MS</arg>
<arg>MT</arg>
<arg>MU</arg>
<arg>MV</arg>
<arg>MW</arg>
<arg>MX</arg>
<arg>MY</arg>
<arg>MZ</arg>
<arg>NA</arg>
<arg>NC</arg>
<arg>NE</arg>
<arg>NF</arg>
<arg>NG</arg>
<arg>NI</arg>
<arg>NL</arg>
<arg>NO</arg>
<arg>NP</arg>
<arg>NR</arg>
<arg>NU</arg>
<arg>NZ</arg>
<arg>OM</arg>
<arg>PA</arg>
<arg>PE</arg>
<arg>PF</arg>
<arg>PG</arg>
<arg>PH</arg>
<arg>PK</arg>
<arg>PL</arg>
<arg>PM</arg>
<arg>PN</arg>
<arg>PR</arg>
<arg>PS</arg>
<arg>PT</arg>
<arg>PW</arg>
<arg>PY</arg>
<arg>QA</arg>
<arg>RE</arg>
<arg>RO</arg>
<arg>RS</arg>
<arg>RU</arg>
<arg>RW</arg>
<arg>SA</arg>
<arg>SB</arg>
<arg>SC</arg>
<arg>SD</arg>
<arg>SE</arg>
<arg>SG</arg>
<arg>SH</arg>
<arg>SI</arg>
<arg>SJ</arg>
<arg>SK</arg>
<arg>SL</arg>
<arg>SM</arg>
<arg>SN</arg>
<arg>SO</arg>
<arg>SR</arg>
<arg>SS</arg>
<arg>ST</arg>
<arg>SV</arg>
<arg>SX</arg>
<arg>SY</arg>
<arg>SZ</arg>
<arg>TC</arg>
<arg>TD</arg>
<arg>TF</arg>
<arg>TG</arg>
<arg>TH</arg>
<arg>TJ</arg>
<arg>TK</arg>
<arg>TL</arg>
<arg>TM</arg>
<arg>TN</arg>
<arg>TO</arg>
<arg>TR</arg>
<arg>TT</arg>
<arg>TV</arg>
<arg>TW</arg>
<arg>TZ</arg>
<arg>UA</arg>
<arg>UG</arg>
<arg>UM</arg>
<arg>US</arg>
<arg>UY</arg>
<arg>UZ</arg>
<arg>VA</arg>
<arg>VC</arg>
<arg>VE</arg>
<arg>VG</arg>
<arg>VI</arg>
<arg>VN</arg>
<arg>VU</arg>
<arg>WF</arg>
<arg>WS</arg>
<arg>XK</arg>
<arg>YE</arg>
<arg>YT</arg>
<arg>ZA</arg>
<arg>ZM</arg>
<arg>ZW</arg>
<doc>Returns a list containing given items.</doc>
<status status="PASS" start="2024-07-08T12:29:39.700446" elapsed="0.000653"/>
</kw>
<kw name="List Should Contain Value" owner="Collections">
<arg>${list_country}</arg>
<arg>${name_country}</arg>
<doc>Fails if the ``value`` is not found from ``list``.</doc>
<status status="PASS" start="2024-07-08T12:29:39.701892" elapsed="0.000202"/>
</kw>
<kw name="Run Keyword If" owner="BuiltIn">
<kw name="Should Be True" owner="BuiltIn">
<arg>${True}</arg>
<doc>Fails if the given condition is not true.</doc>
<status status="PASS" start="2024-07-08T12:29:39.703016" elapsed="0.000139"/>
</kw>
<arg>${json_data["results"][0]["location"]["coordinates"]["latitude"]} &gt;= -90 and ${json_data["results"][0]["location"]["coordinates"]["latitude"]} &lt;= 90</arg>
<arg>Should Be True</arg>
<arg>${True}</arg>
<doc>Runs the given keyword with the given arguments, if ``condition`` is true.</doc>
<status status="PASS" start="2024-07-08T12:29:39.702288" elapsed="0.000991"/>
</kw>
<kw name="Run Keyword If" owner="BuiltIn">
<kw name="Should Be True" owner="BuiltIn">
<arg>${True}</arg>
<doc>Fails if the given condition is not true.</doc>
<status status="PASS" start="2024-07-08T12:29:39.704150" elapsed="0.000241"/>
</kw>
<arg>${json_data["results"][0]["location"]["coordinates"]["longitude"]} &gt;= -180 and ${json_data["results"][0]["location"]["coordinates"]["longitude"]} &lt;= 180</arg>
<arg>Should Be True</arg>
<arg>${True}</arg>
<doc>Runs the given keyword with the given arguments, if ``condition`` is true.</doc>
<status status="PASS" start="2024-07-08T12:29:39.703457" elapsed="0.001064"/>
</kw>
<status status="PASS" start="2024-07-08T12:29:39.638187" elapsed="0.066470"/>
</kw>
<doc>Testa o conteúdo específico dos campos retornados pela API.</doc>
<tag>testeConteudo</tag>
<status status="PASS" start="2024-07-08T12:29:39.637529" elapsed="0.067279"/>
</test>
<status status="PASS" start="2024-07-08T12:29:38.522908" elapsed="1.183928"/>
</suite>
<status status="PASS" start="2024-07-08T12:29:38.508228" elapsed="1.203649"/>
</suite>
<statistics>
<total>
<stat pass="5" fail="0" skip="0">All Tests</stat>
</total>
<tag>
<stat pass="1" fail="0" skip="0">testeConteudo</stat>
<stat pass="1" fail="0" skip="0">testeEstruturaResposta</stat>
<stat pass="1" fail="0" skip="0">testeRequisicaoBasica</stat>
<stat pass="1" fail="0" skip="0">testeTiposDados</stat>
</tag>
<suite>
<stat pass="5" fail="0" skip="0" id="s1" name="Tests">Tests</stat>
<stat pass="5" fail="0" skip="0" id="s1-s1" name="Random-User-Test">Tests.Random-User-Test</stat>
</suite>
</statistics>
<errors>
</errors>
</robot>
