<?xml version="1.0" encoding="UTF-8"?>
<robot generator="Robot 7.0.1 (Python 3.12.4 on linux)" generated="2024-07-01T15:15:57.257070" rpa="false" schemaversion="5">
<suite id="s1" name="Tests" source="/home/runner/work/ApiRandomUser/ApiRandomUser/RamdonUser/tests">
<suite id="s1-s1" name="Random-User-Test" source="/home/runner/work/ApiRandomUser/ApiRandomUser/RamdonUser/tests/random-user-test.robot">
<test id="s1-s1-t1" name="Conectar" line="13">
<kw name="Conectar API" owner="random-user-service">
<kw name="Create Session" owner="RequestsLibrary">
<msg time="2024-07-01T15:15:57.654191" level="INFO">Creating Session using : alias=consultarAPI, url=https://randomuser.me/, headers={},                     cookies={}, auth=None, timeout=None, proxies=None, verify=False,                     debug=0 </msg>
<arg>consultarAPI</arg>
<arg>${URL}</arg>
<doc>Create Session: create a HTTP session to a server</doc>
<status status="PASS" start="2024-07-01T15:15:57.653977" elapsed="0.000410"/>
</kw>
<status status="PASS" start="2024-07-01T15:15:57.652985" elapsed="0.001769"/>
</kw>
<status status="PASS" start="2024-07-01T15:15:57.652360" elapsed="0.002589"/>
</test>
<test id="s1-s1-t2" name="Validar retorno 200 e JSON Válido" line="16">
<kw name="Teste de Requisicao Basica" owner="random-user-service">
<kw name="GET On Session" owner="RequestsLibrary">
<msg time="2024-07-01T15:15:57.876212" level="INFO">GET Request : url=https://randomuser.me/api 
 path_url=/api 
 headers={'User-Agent': 'python-requests/2.32.3', 'Accept-Encoding': 'gzip, deflate', 'Accept': '*/*', 'Connection': 'keep-alive'} 
 body=None 
 </msg>
<msg time="2024-07-01T15:15:57.876380" level="INFO">GET Response : url=https://randomuser.me/api 
 status=200, reason=OK 
 headers={'Date': 'Mon, 01 Jul 2024 15:15:57 GMT', 'Content-Type': 'application/json; charset=utf-8', 'Transfer-Encoding': 'chunked', 'Connection': 'keep-alive', 'X-Powered-By': 'Express', 'Access-Control-Allow-Origin': '*', 'Cache-Control': 'no-cache', 'ETag': 'W/"488-hd7CVmpZ/+ULUd3YheoOfDb8KIg"', 'Vary': 'Accept-Encoding', 'Content-Encoding': 'gzip', 'CF-Cache-Status': 'DYNAMIC', 'Report-To': '{"endpoints":[{"url":"https:\\/\\/a.nel.cloudflare.com\\/report\\/v4?s=RxuUJsI%2FEKc0MvZG0sz%2B%2BKxJ%2F1JjpSDPw7irnihxDCq8%2FIxtM0nwAgvOa8bFknmMHaLdLJkeUHuenMr2CWpXQ%2FggwFjJKMg4hm2MQvvGbQuQwICHMfjdThXoCUwB6RKW"}],"group":"cf-nel","max_age":604800}', 'NEL': '{"success_fraction":0,"report_to":"cf-nel","max_age":604800}', 'Server': 'cloudflare', 'CF-RAY': '89c75abe4ac0823f-IAD', 'alt-svc': 'h3=":443"; ma=86400'} 
 body={"results":[{"gender":"male","name":{"title":"Mr","first":"John","last":"Sjølie"},"location":{"street":{"number":2,"name":"Gråbrødreveien"},"city":"Rypefjord","state":"Oslo","country":"Norway","postcode":"1690","coordinates":{"latitude":"46.2455","longitude":"-152.0963"},"timezone":{"offset":"+5:00","description":"Ekaterinburg, Islamabad, Karachi, Tashkent"}},"email":"john.sjolie@example.com","login":{"uuid":"7bb04a9d-cd37-4f0d-bfc1-2fcfb3d55f9a","username":"smallbutterfly263","password":"zxc123","salt":"Y2mB9b2n","md5":"50dc1ee40265fcb990af594b6e318369","sha1":"0a047f31b4095281921b1453b5e76fa14511e944","sha256":"cf28ee001b91f1df0ef6cba53618f9a6b7b63bcc90cc48d851870e8b6a8f7119"},"dob":{"date":"1998-10-20T20:02:10.347Z","age":25},"registered":{"date":"2017-11-08T21:44:34.757Z","age":6},"phone":"72833956","cell":"47393638","id":{"name":"FN","value":"20109812146"},"picture":{"large":"https://randomuser.me/api/portraits/men/99.jpg","medium":"https://randomuser.me/api/portraits/med/men/99.jpg","thumbnail":"https://randomuser.me/api/portraits/thumb/men/99.jpg"},"nat":"NO"}],"info":{"seed":"0b715b7fe2a292db","results":1,"page":1,"version":"1.4"}} 
 </msg>
<msg time="2024-07-01T15:15:57.876480" level="INFO">/opt/hostedtoolcache/Python/3.12.4/x64/lib/python3.12/site-packages/urllib3/connectionpool.py:1099: InsecureRequestWarning: Unverified HTTPS request is being made to host 'randomuser.me'. Adding certificate verification is strongly advised. See: https://urllib3.readthedocs.io/en/latest/advanced-usage.html#tls-warnings
  warnings.warn(</msg>
<msg time="2024-07-01T15:15:57.876661" level="INFO">${response} = &lt;Response [200]&gt;</msg>
<var>${response}</var>
<arg>consultarAPI</arg>
<arg>/api</arg>
<doc>Sends a GET request on a previously created HTTP Session.</doc>
<status status="PASS" start="2024-07-01T15:15:57.657583" elapsed="0.219143"/>
</kw>
<kw name="Should Be Equal As Numbers" owner="BuiltIn">
<msg time="2024-07-01T15:15:57.877674" level="INFO">Argument types are:
&lt;class 'int'&gt;
&lt;class 'str'&gt;</msg>
<arg>${response.status_code}</arg>
<arg>200</arg>
<doc>Fails if objects are unequal after converting them to real numbers.</doc>
<status status="PASS" start="2024-07-01T15:15:57.877229" elapsed="0.000508"/>
</kw>
<kw name="Log" owner="BuiltIn">
<msg time="2024-07-01T15:15:57.878391" level="INFO">200</msg>
<arg>${response.status_code}</arg>
<doc>Logs the given message with the given level.</doc>
<status status="PASS" start="2024-07-01T15:15:57.878048" elapsed="0.000384"/>
</kw>
<kw name="Set Variable" owner="BuiltIn">
<msg time="2024-07-01T15:15:57.879162" level="INFO">${json_data} = {'results': [{'gender': 'male', 'name': {'title': 'Mr', 'first': 'John', 'last': 'Sjølie'}, 'location': {'street': {'number': 2, 'name': 'Gråbrødreveien'}, 'city': 'Rypefjord', 'state': 'Oslo', 'count...</msg>
<var>${json_data}</var>
<arg>${response.json()}</arg>
<doc>Returns the given values which can then be assigned to a variables.</doc>
<status status="PASS" start="2024-07-01T15:15:57.878727" elapsed="0.000464"/>
</kw>
<kw name="Dictionary Should Contain Key" owner="Collections">
<arg>${json_data}</arg>
<arg>results</arg>
<doc>Fails if ``key`` is not found from ``dictionary``.</doc>
<status status="PASS" start="2024-07-01T15:15:57.879483" elapsed="0.000163"/>
</kw>
<status status="PASS" start="2024-07-01T15:15:57.657330" elapsed="0.222464"/>
</kw>
<doc>Testa se a API responde corretamente e retorna um objeto JSON válido.</doc>
<tag>testeRequisicaoBasica</tag>
<status status="PASS" start="2024-07-01T15:15:57.656846" elapsed="0.223121"/>
</test>
<test id="s1-s1-t3" name="Validar estrutura de resposta" line="22">
<kw name="Teste de Estrutura de Resposta" owner="random-user-service">
<kw name="GET On Session" owner="RequestsLibrary">
<msg time="2024-07-01T15:15:57.967975" level="INFO">GET Request : url=https://randomuser.me/api 
 path_url=/api 
 headers={'User-Agent': 'python-requests/2.32.3', 'Accept-Encoding': 'gzip, deflate', 'Accept': '*/*', 'Connection': 'keep-alive'} 
 body=None 
 </msg>
<msg time="2024-07-01T15:15:57.968062" level="INFO">GET Response : url=https://randomuser.me/api 
 status=200, reason=OK 
 headers={'Date': 'Mon, 01 Jul 2024 15:15:57 GMT', 'Content-Type': 'application/json; charset=utf-8', 'Transfer-Encoding': 'chunked', 'Connection': 'keep-alive', 'X-Powered-By': 'Express', 'Access-Control-Allow-Origin': '*', 'Cache-Control': 'no-cache', 'ETag': 'W/"49b-4g9xCdllYbxG/UWOtKLVD4GZ4AY"', 'Vary': 'Accept-Encoding', 'Content-Encoding': 'gzip', 'CF-Cache-Status': 'DYNAMIC', 'Report-To': '{"endpoints":[{"url":"https:\\/\\/a.nel.cloudflare.com\\/report\\/v4?s=gFkvoElb0HUknml%2FcNr3v8Dyoa5r5p3LvclaW%2B1qeLsvGd0KAhNMultyEnCHkXcg04B91btAGLes6112EMEQEFj0GMePfETi3q%2Fys6UWeD42n4cotUHIIrInVFHYjh9t"}],"group":"cf-nel","max_age":604800}', 'NEL': '{"success_fraction":0,"report_to":"cf-nel","max_age":604800}', 'Server': 'cloudflare', 'CF-RAY': '89c75abecb63823f-IAD', 'alt-svc': 'h3=":443"; ma=86400'} 
 body={"results":[{"gender":"male","name":{"title":"Mr","first":"Jürgen","last":"Jürgensen"},"location":{"street":{"number":7813,"name":"Schützenstraße"},"city":"Haigerloch","state":"Schleswig-Holstein","country":"Germany","postcode":53118,"coordinates":{"latitude":"-51.0882","longitude":"-91.3980"},"timezone":{"offset":"-12:00","description":"Eniwetok, Kwajalein"}},"email":"jurgen.jurgensen@example.com","login":{"uuid":"860ce5e7-a739-42bd-8d4d-12634e104a90","username":"brownsnake176","password":"snowman","salt":"OBmJjTZr","md5":"a77632fb41b91cc9943d0221559ed119","sha1":"ff44e5d52b2b6d302b92488a40570ef0ac2d1775","sha256":"8e3798592d8814c487799f3a2d2c318cc0e3b0fc0c66a5dd1379812352b55753"},"dob":{"date":"1952-07-08T15:53:38.794Z","age":71},"registered":{"date":"2010-01-16T20:52:02.581Z","age":14},"phone":"0290-0366046","cell":"0170-9268174","id":{"name":"SVNR","value":"67 080752 J 191"},"picture":{"large":"https://randomuser.me/api/portraits/men/22.jpg","medium":"https://randomuser.me/api/portraits/med/men/22.jpg","thumbnail":"https://randomuser.me/api/portraits/thumb/men/22.jpg"},"nat":"DE"}],"info":{"seed":"d4290e63dd21f25d","results":1,"page":1,"version":"1.4"}} 
 </msg>
<msg time="2024-07-01T15:15:57.968175" level="INFO">/opt/hostedtoolcache/Python/3.12.4/x64/lib/python3.12/site-packages/urllib3/connectionpool.py:1099: InsecureRequestWarning: Unverified HTTPS request is being made to host 'randomuser.me'. Adding certificate verification is strongly advised. See: https://urllib3.readthedocs.io/en/latest/advanced-usage.html#tls-warnings
  warnings.warn(</msg>
<msg time="2024-07-01T15:15:57.968304" level="INFO">${response} = &lt;Response [200]&gt;</msg>
<var>${response}</var>
<arg>consultarAPI</arg>
<arg>/api</arg>
<doc>Sends a GET request on a previously created HTTP Session.</doc>
<status status="PASS" start="2024-07-01T15:15:57.882527" elapsed="0.085820"/>
</kw>
<kw name="Set Variable" owner="BuiltIn">
<msg time="2024-07-01T15:15:57.969322" level="INFO">${json_data} = {'results': [{'gender': 'male', 'name': {'title': 'Mr', 'first': 'Jürgen', 'last': 'Jürgensen'}, 'location': {'street': {'number': 7813, 'name': 'Schützenstraße'}, 'city': 'Haigerloch', 'state': 'Schl...</msg>
<var>${json_data}</var>
<arg>${response.json()}</arg>
<doc>Returns the given values which can then be assigned to a variables.</doc>
<status status="PASS" start="2024-07-01T15:15:57.968835" elapsed="0.000516"/>
</kw>
<kw name="Log" owner="BuiltIn">
<msg time="2024-07-01T15:15:57.969815" level="INFO">{'results': [{'gender': 'male', 'name': {'title': 'Mr', 'first': 'Jürgen', 'last': 'Jürgensen'}, 'location': {'street': {'number': 7813, 'name': 'Schützenstraße'}, 'city': 'Haigerloch', 'state': 'Schleswig-Holstein', 'country': 'Germany', 'postcode': 53118, 'coordinates': {'latitude': '-51.0882', 'longitude': '-91.3980'}, 'timezone': {'offset': '-12:00', 'description': 'Eniwetok, Kwajalein'}}, 'email': 'jurgen.jurgensen@example.com', 'login': {'uuid': '860ce5e7-a739-42bd-8d4d-12634e104a90', 'username': 'brownsnake176', 'password': 'snowman', 'salt': 'OBmJjTZr', 'md5': 'a77632fb41b91cc9943d0221559ed119', 'sha1': 'ff44e5d52b2b6d302b92488a40570ef0ac2d1775', 'sha256': '8e3798592d8814c487799f3a2d2c318cc0e3b0fc0c66a5dd1379812352b55753'}, 'dob': {'date': '1952-07-08T15:53:38.794Z', 'age': 71}, 'registered': {'date': '2010-01-16T20:52:02.581Z', 'age': 14}, 'phone': '0290-0366046', 'cell': '0170-9268174', 'id': {'name': 'SVNR', 'value': '67 080752 J 191'}, 'picture': {'large': 'https://randomuser.me/api/portraits/men/22.jpg', 'medium': 'https://randomuser.me/api/portraits/med/men/22.jpg', 'thumbnail': 'https://randomuser.me/api/portraits/thumb/men/22.jpg'}, 'nat': 'DE'}], 'info': {'seed': 'd4290e63dd21f25d', 'results': 1, 'page': 1, 'version': '1.4'}}</msg>
<arg>${json_data}</arg>
<doc>Logs the given message with the given level.</doc>
<status status="PASS" start="2024-07-01T15:15:57.969656" elapsed="0.000207"/>
</kw>
<kw name="Dictionary Should Contain Key" owner="Collections">
<arg>${json_data}</arg>
<arg>results</arg>
<doc>Fails if ``key`` is not found from ``dictionary``.</doc>
<status status="PASS" start="2024-07-01T15:15:57.970150" elapsed="0.000152"/>
</kw>
<kw name="Should Not Be Empty" owner="BuiltIn">
<msg time="2024-07-01T15:15:57.970608" level="INFO">Length is 2.</msg>
<arg>${json_data}</arg>
<doc>Verifies that the given item is not empty.</doc>
<status status="PASS" start="2024-07-01T15:15:57.970478" elapsed="0.000168"/>
</kw>
<kw name="Create List" owner="BuiltIn">
<msg time="2024-07-01T15:15:57.971229" level="INFO">${expected_keys} = ['gender', 'name', 'location', 'email', 'login']</msg>
<var>${expected_keys}</var>
<arg>gender</arg>
<arg>name</arg>
<arg>location</arg>
<arg>email</arg>
<arg>login</arg>
<doc>Returns a list containing given items.</doc>
<status status="PASS" start="2024-07-01T15:15:57.970935" elapsed="0.000319"/>
</kw>
<for flavor="IN">
<iter>
<kw name="Dictionary Should Contain Key" owner="Collections">
<arg>${json_data['results'][0]}</arg>
<arg>${key}</arg>
<doc>Fails if ``key`` is not found from ``dictionary``.</doc>
<status status="PASS" start="2024-07-01T15:15:57.971832" elapsed="0.000392"/>
</kw>
<kw name="Log" owner="BuiltIn">
<msg time="2024-07-01T15:15:57.972787" level="INFO">{'gender': 'male', 'name': {'title': 'Mr', 'first': 'Jürgen', 'last': 'Jürgensen'}, 'location': {'street': {'number': 7813, 'name': 'Schützenstraße'}, 'city': 'Haigerloch', 'state': 'Schleswig-Holstein', 'country': 'Germany', 'postcode': 53118, 'coordinates': {'latitude': '-51.0882', 'longitude': '-91.3980'}, 'timezone': {'offset': '-12:00', 'description': 'Eniwetok, Kwajalein'}}, 'email': 'jurgen.jurgensen@example.com', 'login': {'uuid': '860ce5e7-a739-42bd-8d4d-12634e104a90', 'username': 'brownsnake176', 'password': 'snowman', 'salt': 'OBmJjTZr', 'md5': 'a77632fb41b91cc9943d0221559ed119', 'sha1': 'ff44e5d52b2b6d302b92488a40570ef0ac2d1775', 'sha256': '8e3798592d8814c487799f3a2d2c318cc0e3b0fc0c66a5dd1379812352b55753'}, 'dob': {'date': '1952-07-08T15:53:38.794Z', 'age': 71}, 'registered': {'date': '2010-01-16T20:52:02.581Z', 'age': 14}, 'phone': '0290-0366046', 'cell': '0170-9268174', 'id': {'name': 'SVNR', 'value': '67 080752 J 191'}, 'picture': {'large': 'https://randomuser.me/api/portraits/men/22.jpg', 'medium': 'https://randomuser.me/api/portraits/med/men/22.jpg', 'thumbnail': 'https://randomuser.me/api/portraits/thumb/men/22.jpg'}, 'nat': 'DE'}</msg>
<arg>${json_data['results'][0]}</arg>
<doc>Logs the given message with the given level.</doc>
<status status="PASS" start="2024-07-01T15:15:57.972406" elapsed="0.000437"/>
</kw>
<kw name="Log" owner="BuiltIn">
<msg time="2024-07-01T15:15:57.973264" level="INFO">gender</msg>
<arg>${key}</arg>
<doc>Logs the given message with the given level.</doc>
<status status="PASS" start="2024-07-01T15:15:57.973138" elapsed="0.000163"/>
</kw>
<var name="${key}">gender</var>
<status status="PASS" start="2024-07-01T15:15:57.971708" elapsed="0.001808"/>
</iter>
<iter>
<kw name="Dictionary Should Contain Key" owner="Collections">
<arg>${json_data['results'][0]}</arg>
<arg>${key}</arg>
<doc>Fails if ``key`` is not found from ``dictionary``.</doc>
<status status="PASS" start="2024-07-01T15:15:57.973804" elapsed="0.000387"/>
</kw>
<kw name="Log" owner="BuiltIn">
<msg time="2024-07-01T15:15:57.974758" level="INFO">{'gender': 'male', 'name': {'title': 'Mr', 'first': 'Jürgen', 'last': 'Jürgensen'}, 'location': {'street': {'number': 7813, 'name': 'Schützenstraße'}, 'city': 'Haigerloch', 'state': 'Schleswig-Holstein', 'country': 'Germany', 'postcode': 53118, 'coordinates': {'latitude': '-51.0882', 'longitude': '-91.3980'}, 'timezone': {'offset': '-12:00', 'description': 'Eniwetok, Kwajalein'}}, 'email': 'jurgen.jurgensen@example.com', 'login': {'uuid': '860ce5e7-a739-42bd-8d4d-12634e104a90', 'username': 'brownsnake176', 'password': 'snowman', 'salt': 'OBmJjTZr', 'md5': 'a77632fb41b91cc9943d0221559ed119', 'sha1': 'ff44e5d52b2b6d302b92488a40570ef0ac2d1775', 'sha256': '8e3798592d8814c487799f3a2d2c318cc0e3b0fc0c66a5dd1379812352b55753'}, 'dob': {'date': '1952-07-08T15:53:38.794Z', 'age': 71}, 'registered': {'date': '2010-01-16T20:52:02.581Z', 'age': 14}, 'phone': '0290-0366046', 'cell': '0170-9268174', 'id': {'name': 'SVNR', 'value': '67 080752 J 191'}, 'picture': {'large': 'https://randomuser.me/api/portraits/men/22.jpg', 'medium': 'https://randomuser.me/api/portraits/med/men/22.jpg', 'thumbnail': 'https://randomuser.me/api/portraits/thumb/men/22.jpg'}, 'nat': 'DE'}</msg>
<arg>${json_data['results'][0]}</arg>
<doc>Logs the given message with the given level.</doc>
<status status="PASS" start="2024-07-01T15:15:57.974370" elapsed="0.000437"/>
</kw>
<kw name="Log" owner="BuiltIn">
<msg time="2024-07-01T15:15:57.975228" level="INFO">name</msg>
<arg>${key}</arg>
<doc>Logs the given message with the given level.</doc>
<status status="PASS" start="2024-07-01T15:15:57.975104" elapsed="0.000160"/>
</kw>
<var name="${key}">name</var>
<status status="PASS" start="2024-07-01T15:15:57.973695" elapsed="0.001779"/>
</iter>
<iter>
<kw name="Dictionary Should Contain Key" owner="Collections">
<arg>${json_data['results'][0]}</arg>
<arg>${key}</arg>
<doc>Fails if ``key`` is not found from ``dictionary``.</doc>
<status status="PASS" start="2024-07-01T15:15:57.975749" elapsed="0.000370"/>
</kw>
<kw name="Log" owner="BuiltIn">
<msg time="2024-07-01T15:15:57.976643" level="INFO">{'gender': 'male', 'name': {'title': 'Mr', 'first': 'Jürgen', 'last': 'Jürgensen'}, 'location': {'street': {'number': 7813, 'name': 'Schützenstraße'}, 'city': 'Haigerloch', 'state': 'Schleswig-Holstein', 'country': 'Germany', 'postcode': 53118, 'coordinates': {'latitude': '-51.0882', 'longitude': '-91.3980'}, 'timezone': {'offset': '-12:00', 'description': 'Eniwetok, Kwajalein'}}, 'email': 'jurgen.jurgensen@example.com', 'login': {'uuid': '860ce5e7-a739-42bd-8d4d-12634e104a90', 'username': 'brownsnake176', 'password': 'snowman', 'salt': 'OBmJjTZr', 'md5': 'a77632fb41b91cc9943d0221559ed119', 'sha1': 'ff44e5d52b2b6d302b92488a40570ef0ac2d1775', 'sha256': '8e3798592d8814c487799f3a2d2c318cc0e3b0fc0c66a5dd1379812352b55753'}, 'dob': {'date': '1952-07-08T15:53:38.794Z', 'age': 71}, 'registered': {'date': '2010-01-16T20:52:02.581Z', 'age': 14}, 'phone': '0290-0366046', 'cell': '0170-9268174', 'id': {'name': 'SVNR', 'value': '67 080752 J 191'}, 'picture': {'large': 'https://randomuser.me/api/portraits/men/22.jpg', 'medium': 'https://randomuser.me/api/portraits/med/men/22.jpg', 'thumbnail': 'https://randomuser.me/api/portraits/thumb/men/22.jpg'}, 'nat': 'DE'}</msg>
<arg>${json_data['results'][0]}</arg>
<doc>Logs the given message with the given level.</doc>
<status status="PASS" start="2024-07-01T15:15:57.976297" elapsed="0.000429"/>
</kw>
<kw name="Log" owner="BuiltIn">
<msg time="2024-07-01T15:15:57.977163" level="INFO">location</msg>
<arg>${key}</arg>
<doc>Logs the given message with the given level.</doc>
<status status="PASS" start="2024-07-01T15:15:57.977037" elapsed="0.000163"/>
</kw>
<var name="${key}">location</var>
<status status="PASS" start="2024-07-01T15:15:57.975644" elapsed="0.001770"/>
</iter>
<iter>
<kw name="Dictionary Should Contain Key" owner="Collections">
<arg>${json_data['results'][0]}</arg>
<arg>${key}</arg>
<doc>Fails if ``key`` is not found from ``dictionary``.</doc>
<status status="PASS" start="2024-07-01T15:15:57.977689" elapsed="0.000387"/>
</kw>
<kw name="Log" owner="BuiltIn">
<msg time="2024-07-01T15:15:57.978605" level="INFO">{'gender': 'male', 'name': {'title': 'Mr', 'first': 'Jürgen', 'last': 'Jürgensen'}, 'location': {'street': {'number': 7813, 'name': 'Schützenstraße'}, 'city': 'Haigerloch', 'state': 'Schleswig-Holstein', 'country': 'Germany', 'postcode': 53118, 'coordinates': {'latitude': '-51.0882', 'longitude': '-91.3980'}, 'timezone': {'offset': '-12:00', 'description': 'Eniwetok, Kwajalein'}}, 'email': 'jurgen.jurgensen@example.com', 'login': {'uuid': '860ce5e7-a739-42bd-8d4d-12634e104a90', 'username': 'brownsnake176', 'password': 'snowman', 'salt': 'OBmJjTZr', 'md5': 'a77632fb41b91cc9943d0221559ed119', 'sha1': 'ff44e5d52b2b6d302b92488a40570ef0ac2d1775', 'sha256': '8e3798592d8814c487799f3a2d2c318cc0e3b0fc0c66a5dd1379812352b55753'}, 'dob': {'date': '1952-07-08T15:53:38.794Z', 'age': 71}, 'registered': {'date': '2010-01-16T20:52:02.581Z', 'age': 14}, 'phone': '0290-0366046', 'cell': '0170-9268174', 'id': {'name': 'SVNR', 'value': '67 080752 J 191'}, 'picture': {'large': 'https://randomuser.me/api/portraits/men/22.jpg', 'medium': 'https://randomuser.me/api/portraits/med/men/22.jpg', 'thumbnail': 'https://randomuser.me/api/portraits/thumb/men/22.jpg'}, 'nat': 'DE'}</msg>
<arg>${json_data['results'][0]}</arg>
<doc>Logs the given message with the given level.</doc>
<status status="PASS" start="2024-07-01T15:15:57.978258" elapsed="0.000395"/>
</kw>
<kw name="Log" owner="BuiltIn">
<msg time="2024-07-01T15:15:57.979066" level="INFO">email</msg>
<arg>${key}</arg>
<doc>Logs the given message with the given level.</doc>
<status status="PASS" start="2024-07-01T15:15:57.978941" elapsed="0.000163"/>
</kw>
<var name="${key}">email</var>
<status status="PASS" start="2024-07-01T15:15:57.977584" elapsed="0.001742"/>
</iter>
<iter>
<kw name="Dictionary Should Contain Key" owner="Collections">
<arg>${json_data['results'][0]}</arg>
<arg>${key}</arg>
<doc>Fails if ``key`` is not found from ``dictionary``.</doc>
<status status="PASS" start="2024-07-01T15:15:57.979609" elapsed="0.000381"/>
</kw>
<kw name="Log" owner="BuiltIn">
<msg time="2024-07-01T15:15:57.980522" level="INFO">{'gender': 'male', 'name': {'title': 'Mr', 'first': 'Jürgen', 'last': 'Jürgensen'}, 'location': {'street': {'number': 7813, 'name': 'Schützenstraße'}, 'city': 'Haigerloch', 'state': 'Schleswig-Holstein', 'country': 'Germany', 'postcode': 53118, 'coordinates': {'latitude': '-51.0882', 'longitude': '-91.3980'}, 'timezone': {'offset': '-12:00', 'description': 'Eniwetok, Kwajalein'}}, 'email': 'jurgen.jurgensen@example.com', 'login': {'uuid': '860ce5e7-a739-42bd-8d4d-12634e104a90', 'username': 'brownsnake176', 'password': 'snowman', 'salt': 'OBmJjTZr', 'md5': 'a77632fb41b91cc9943d0221559ed119', 'sha1': 'ff44e5d52b2b6d302b92488a40570ef0ac2d1775', 'sha256': '8e3798592d8814c487799f3a2d2c318cc0e3b0fc0c66a5dd1379812352b55753'}, 'dob': {'date': '1952-07-08T15:53:38.794Z', 'age': 71}, 'registered': {'date': '2010-01-16T20:52:02.581Z', 'age': 14}, 'phone': '0290-0366046', 'cell': '0170-9268174', 'id': {'name': 'SVNR', 'value': '67 080752 J 191'}, 'picture': {'large': 'https://randomuser.me/api/portraits/men/22.jpg', 'medium': 'https://randomuser.me/api/portraits/med/men/22.jpg', 'thumbnail': 'https://randomuser.me/api/portraits/thumb/men/22.jpg'}, 'nat': 'DE'}</msg>
<arg>${json_data['results'][0]}</arg>
<doc>Logs the given message with the given level.</doc>
<status status="PASS" start="2024-07-01T15:15:57.980169" elapsed="0.000401"/>
</kw>
<kw name="Log" owner="BuiltIn">
<msg time="2024-07-01T15:15:57.981016" level="INFO">login</msg>
<arg>${key}</arg>
<doc>Logs the given message with the given level.</doc>
<status status="PASS" start="2024-07-01T15:15:57.980890" elapsed="0.000163"/>
</kw>
<var name="${key}">login</var>
<status status="PASS" start="2024-07-01T15:15:57.979494" elapsed="0.001771"/>
</iter>
<var>${key}</var>
<value>@{expected_keys}</value>
<status status="PASS" start="2024-07-01T15:15:57.971516" elapsed="0.009869"/>
</for>
<kw name="Create List" owner="BuiltIn">
<msg time="2024-07-01T15:15:57.981741" level="INFO">${expected_keysTwo} = ['username', 'password']</msg>
<var>${expected_keysTwo}</var>
<arg>username</arg>
<arg>password</arg>
<doc>Returns a list containing given items.</doc>
<status status="PASS" start="2024-07-01T15:15:57.981571" elapsed="0.000194"/>
</kw>
<for flavor="IN">
<iter>
<kw name="Dictionary Should Contain Key" owner="Collections">
<arg>${json_data['results'][0]['login']}</arg>
<arg>${keyTwo}</arg>
<doc>Fails if ``key`` is not found from ``dictionary``.</doc>
<status status="PASS" start="2024-07-01T15:15:57.982254" elapsed="0.000381"/>
</kw>
<kw name="Dictionary Should Contain Key" owner="Collections">
<arg>${json_data['results'][0]['login']}</arg>
<arg>${keyTwo}</arg>
<doc>Fails if ``key`` is not found from ``dictionary``.</doc>
<status status="PASS" start="2024-07-01T15:15:57.982812" elapsed="0.000365"/>
</kw>
<kw name="Log" owner="BuiltIn">
<msg time="2024-07-01T15:15:57.983475" level="INFO">username</msg>
<arg>${keyTwo}</arg>
<doc>Logs the given message with the given level.</doc>
<status status="PASS" start="2024-07-01T15:15:57.983356" elapsed="0.000156"/>
</kw>
<var name="${keyTwo}">username</var>
<status status="PASS" start="2024-07-01T15:15:57.982148" elapsed="0.001583"/>
</iter>
<iter>
<kw name="Dictionary Should Contain Key" owner="Collections">
<arg>${json_data['results'][0]['login']}</arg>
<arg>${keyTwo}</arg>
<doc>Fails if ``key`` is not found from ``dictionary``.</doc>
<status status="PASS" start="2024-07-01T15:15:57.984004" elapsed="0.000382"/>
</kw>
<kw name="Dictionary Should Contain Key" owner="Collections">
<arg>${json_data['results'][0]['login']}</arg>
<arg>${keyTwo}</arg>
<doc>Fails if ``key`` is not found from ``dictionary``.</doc>
<status status="PASS" start="2024-07-01T15:15:57.984559" elapsed="0.000413"/>
</kw>
<kw name="Log" owner="BuiltIn">
<msg time="2024-07-01T15:15:57.985268" level="INFO">password</msg>
<arg>${keyTwo}</arg>
<doc>Logs the given message with the given level.</doc>
<status status="PASS" start="2024-07-01T15:15:57.985148" elapsed="0.000162"/>
</kw>
<var name="${keyTwo}">password</var>
<status status="PASS" start="2024-07-01T15:15:57.983900" elapsed="0.001716"/>
</iter>
<var>${keyTwo}</var>
<value>@{expected_keysTwo}</value>
<status status="PASS" start="2024-07-01T15:15:57.981999" elapsed="0.003738"/>
</for>
<status status="PASS" start="2024-07-01T15:15:57.882299" elapsed="0.103576"/>
</kw>
<doc>Testa a estrutura da resposta da API.</doc>
<tag>testeEstruturaResposta</tag>
<status status="PASS" start="2024-07-01T15:15:57.881807" elapsed="0.104220"/>
</test>
<test id="s1-s1-t4" name="Validar tipos de dados" line="28">
<kw name="Teste de Tipos de Dados" owner="random-user-service">
<kw name="GET On Session" owner="RequestsLibrary">
<msg time="2024-07-01T15:15:58.079841" level="INFO">GET Request : url=https://randomuser.me/api 
 path_url=/api 
 headers={'User-Agent': 'python-requests/2.32.3', 'Accept-Encoding': 'gzip, deflate', 'Accept': '*/*', 'Connection': 'keep-alive'} 
 body=None 
 </msg>
<msg time="2024-07-01T15:15:58.079936" level="INFO">GET Response : url=https://randomuser.me/api 
 status=200, reason=OK 
 headers={'Date': 'Mon, 01 Jul 2024 15:15:58 GMT', 'Content-Type': 'application/json; charset=utf-8', 'Transfer-Encoding': 'chunked', 'Connection': 'keep-alive', 'X-Powered-By': 'Express', 'Access-Control-Allow-Origin': '*', 'Cache-Control': 'no-cache', 'ETag': 'W/"48a-SlUsSyH1t0gVG3Q0Vjr3x77bzaM"', 'Vary': 'Accept-Encoding', 'Content-Encoding': 'gzip', 'CF-Cache-Status': 'DYNAMIC', 'Report-To': '{"endpoints":[{"url":"https:\\/\\/a.nel.cloudflare.com\\/report\\/v4?s=5honpuDosUasf26lJhGOM47nj2%2FOePxAhK6xTepgbfaNM6GCkAE1vxjGvvQCo7i8IcDPu%2F2f0gL21XLkPqb4Fz9uCIoSUCdUIEzH5mn2fXk0reWO9K6GwxoawloVrq78"}],"group":"cf-nel","max_age":604800}', 'NEL': '{"success_fraction":0,"report_to":"cf-nel","max_age":604800}', 'Server': 'cloudflare', 'CF-RAY': '89c75abf7c2f823f-IAD', 'alt-svc': 'h3=":443"; ma=86400'} 
 body={"results":[{"gender":"female","name":{"title":"Miss","first":"Natalia","last":"Lončarević"},"location":{"street":{"number":7473,"name":"Rusalkina"},"city":"Medveđa","state":"Toplica","country":"Serbia","postcode":61444,"coordinates":{"latitude":"57.8122","longitude":"143.2401"},"timezone":{"offset":"-11:00","description":"Midway Island, Samoa"}},"email":"natalia.loncarevic@example.com","login":{"uuid":"a540bb7e-914d-46eb-b137-e13d22b611b4","username":"lazytiger212","password":"chivas","salt":"gsZx3TSf","md5":"54b8cffa36a0479be7bb31b56dad61ad","sha1":"46e96f00e9a6f4a05e4df79632b7963d50a61674","sha256":"9b1adc847d8460a0ce06844ef94301a336130dac0f7962a18ef471d829d0f991"},"dob":{"date":"1956-10-29T20:21:23.035Z","age":67},"registered":{"date":"2018-10-01T17:16:32.060Z","age":5},"phone":"017-3016-371","cell":"069-6485-445","id":{"name":"SID","value":"522343802"},"picture":{"large":"https://randomuser.me/api/portraits/women/15.jpg","medium":"https://randomuser.me/api/portraits/med/women/15.jpg","thumbnail":"https://randomuser.me/api/portraits/thumb/women/15.jpg"},"nat":"RS"}],"info":{"seed":"b55b65f4ee897815","results":1,"page":1,"version":"1.4"}} 
 </msg>
<msg time="2024-07-01T15:15:58.080014" level="INFO">/opt/hostedtoolcache/Python/3.12.4/x64/lib/python3.12/site-packages/urllib3/connectionpool.py:1099: InsecureRequestWarning: Unverified HTTPS request is being made to host 'randomuser.me'. Adding certificate verification is strongly advised. See: https://urllib3.readthedocs.io/en/latest/advanced-usage.html#tls-warnings
  warnings.warn(</msg>
<msg time="2024-07-01T15:15:58.080137" level="INFO">${response} = &lt;Response [200]&gt;</msg>
<var>${response}</var>
<arg>consultarAPI</arg>
<arg>/api</arg>
<doc>Sends a GET request on a previously created HTTP Session.</doc>
<status status="PASS" start="2024-07-01T15:15:57.988417" elapsed="0.091763"/>
</kw>
<kw name="Set Variable" owner="BuiltIn">
<msg time="2024-07-01T15:15:58.081143" level="INFO">${json_data} = {'results': [{'gender': 'female', 'name': {'title': 'Miss', 'first': 'Natalia', 'last': 'Lončarević'}, 'location': {'street': {'number': 7473, 'name': 'Rusalkina'}, 'city': 'Medveđa', 'state': 'Toplic...</msg>
<var>${json_data}</var>
<arg>${response.json()}</arg>
<doc>Returns the given values which can then be assigned to a variables.</doc>
<status status="PASS" start="2024-07-01T15:15:58.080618" elapsed="0.000559"/>
</kw>
<kw name="Log" owner="BuiltIn">
<msg time="2024-07-01T15:15:58.081642" level="INFO">{'results': [{'gender': 'female', 'name': {'title': 'Miss', 'first': 'Natalia', 'last': 'Lončarević'}, 'location': {'street': {'number': 7473, 'name': 'Rusalkina'}, 'city': 'Medveđa', 'state': 'Toplica', 'country': 'Serbia', 'postcode': 61444, 'coordinates': {'latitude': '57.8122', 'longitude': '143.2401'}, 'timezone': {'offset': '-11:00', 'description': 'Midway Island, Samoa'}}, 'email': 'natalia.loncarevic@example.com', 'login': {'uuid': 'a540bb7e-914d-46eb-b137-e13d22b611b4', 'username': 'lazytiger212', 'password': 'chivas', 'salt': 'gsZx3TSf', 'md5': '54b8cffa36a0479be7bb31b56dad61ad', 'sha1': '46e96f00e9a6f4a05e4df79632b7963d50a61674', 'sha256': '9b1adc847d8460a0ce06844ef94301a336130dac0f7962a18ef471d829d0f991'}, 'dob': {'date': '1956-10-29T20:21:23.035Z', 'age': 67}, 'registered': {'date': '2018-10-01T17:16:32.060Z', 'age': 5}, 'phone': '017-3016-371', 'cell': '069-6485-445', 'id': {'name': 'SID', 'value': '522343802'}, 'picture': {'large': 'https://randomuser.me/api/portraits/women/15.jpg', 'medium': 'https://randomuser.me/api/portraits/med/women/15.jpg', 'thumbnail': 'https://randomuser.me/api/portraits/thumb/women/15.jpg'}, 'nat': 'RS'}], 'info': {'seed': 'b55b65f4ee897815', 'results': 1, 'page': 1, 'version': '1.4'}}</msg>
<arg>${json_data}</arg>
<doc>Logs the given message with the given level.</doc>
<status status="PASS" start="2024-07-01T15:15:58.081481" elapsed="0.000210"/>
</kw>
<kw name="Should Be String" owner="String">
<arg>${json_data['results'][0]['gender']}</arg>
<doc>Fails if the given ``item`` is not a string.</doc>
<status status="PASS" start="2024-07-01T15:15:58.081981" elapsed="0.000363"/>
</kw>
<kw name="Should Match Regexp" owner="BuiltIn">
<arg>${json_data['results'][0]['email']}</arg>
<arg>^[a-zA-Z0-9._%+-]+@[a-zA-Z0-9.-]+\.[a-zA-Z]{2,}$</arg>
<doc>Fails if ``string`` does not match ``pattern`` as a regular expression.</doc>
<status status="PASS" start="2024-07-01T15:15:58.082530" elapsed="0.000546"/>
</kw>
<kw name="Should Match Regexp" owner="BuiltIn">
<arg>${json_data['results'][0]['dob']['date']}</arg>
<arg>\\d{4}-\\d{2}-\\d{2}T\\d{2}:\\d{2}:\\d{2}\\.\\d{3}Z</arg>
<doc>Fails if ``string`` does not match ``pattern`` as a regular expression.</doc>
<status status="PASS" start="2024-07-01T15:15:58.083269" elapsed="0.000477"/>
</kw>
<kw name="Should Match Regexp" owner="BuiltIn">
<arg>${json_data['results'][0]['registered']['date']}</arg>
<arg>\\d{4}-\\d{2}-\\d{2}T\\d{2}:\\d{2}:\\d{2}\\.\\d{3}Z</arg>
<doc>Fails if ``string`` does not match ``pattern`` as a regular expression.</doc>
<status status="PASS" start="2024-07-01T15:15:58.083929" elapsed="0.000369"/>
</kw>
<kw name="Should Match Regexp" owner="BuiltIn">
<arg>${json_data['results'][0]['picture']['large']}</arg>
<arg>^https?://.*\.(?:png|jpe?g|gif|bmp)$</arg>
<doc>Fails if ``string`` does not match ``pattern`` as a regular expression.</doc>
<status status="PASS" start="2024-07-01T15:15:58.084481" elapsed="0.000490"/>
</kw>
<kw name="Should Match Regexp" owner="BuiltIn">
<arg>${json_data['results'][0]['picture']['medium']}</arg>
<arg>^https?://.*\.(?:png|jpe?g|gif|bmp)$</arg>
<doc>Fails if ``string`` does not match ``pattern`` as a regular expression.</doc>
<status status="PASS" start="2024-07-01T15:15:58.085154" elapsed="0.000349"/>
</kw>
<kw name="Should Match Regexp" owner="BuiltIn">
<arg>${json_data['results'][0]['picture']['thumbnail']}</arg>
<arg>^https?://.*\.(?:png|jpe?g|gif|bmp)$</arg>
<doc>Fails if ``string`` does not match ``pattern`` as a regular expression.</doc>
<status status="PASS" start="2024-07-01T15:15:58.085682" elapsed="0.000340"/>
</kw>
<kw name="Log" owner="BuiltIn">
<msg time="2024-07-01T15:15:58.086533" level="INFO">{'large': 'https://randomuser.me/api/portraits/women/15.jpg', 'medium': 'https://randomuser.me/api/portraits/med/women/15.jpg', 'thumbnail': 'https://randomuser.me/api/portraits/thumb/women/15.jpg'}</msg>
<arg>${json_data['results'][0]['picture']}</arg>
<doc>Logs the given message with the given level.</doc>
<status status="PASS" start="2024-07-01T15:15:58.086202" elapsed="0.000374"/>
</kw>
<status status="PASS" start="2024-07-01T15:15:57.988200" elapsed="0.098632"/>
</kw>
<kw name="Teste de Tipos de Dados - Postcode" owner="random-user-service">
<kw name="GET On Session" owner="RequestsLibrary">
<msg time="2024-07-01T15:15:58.185881" level="INFO">GET Request : url=https://randomuser.me/api 
 path_url=/api 
 headers={'User-Agent': 'python-requests/2.32.3', 'Accept-Encoding': 'gzip, deflate', 'Accept': '*/*', 'Connection': 'keep-alive'} 
 body=None 
 </msg>
<msg time="2024-07-01T15:15:58.185965" level="INFO">GET Response : url=https://randomuser.me/api 
 status=200, reason=OK 
 headers={'Date': 'Mon, 01 Jul 2024 15:15:58 GMT', 'Content-Type': 'application/json; charset=utf-8', 'Transfer-Encoding': 'chunked', 'Connection': 'keep-alive', 'X-Powered-By': 'Express', 'Access-Control-Allow-Origin': '*', 'Cache-Control': 'no-cache', 'ETag': 'W/"48f-5kLgI3oniwj5bkepT7eeUGPmpwk"', 'Vary': 'Accept-Encoding', 'Content-Encoding': 'gzip', 'CF-Cache-Status': 'DYNAMIC', 'Report-To': '{"endpoints":[{"url":"https:\\/\\/a.nel.cloudflare.com\\/report\\/v4?s=enK4WQpAYRqDny8DleEpHxKMLuPytvdBB1Rvmo93vS3LIh%2BMYGx10mT9k%2BwolbKzaF%2BwHNCpQRu71G0ygUDzTlV9XeQdV754vYFSbF%2FgrzkDpWpmUKjSxB9cSw9R4ODx"}],"group":"cf-nel","max_age":604800}', 'NEL': '{"success_fraction":0,"report_to":"cf-nel","max_age":604800}', 'Server': 'cloudflare', 'CF-RAY': '89c75ac01ceb823f-IAD', 'alt-svc': 'h3=":443"; ma=86400'} 
 body={"results":[{"gender":"female","name":{"title":"Mrs","first":"Emmie","last":"Francois"},"location":{"street":{"number":9998,"name":"Rue Paul-Duvivier"},"city":"Montreuil","state":"Haute-Garonne","country":"France","postcode":71414,"coordinates":{"latitude":"-20.9484","longitude":"27.8106"},"timezone":{"offset":"-10:00","description":"Hawaii"}},"email":"emmie.francois@example.com","login":{"uuid":"5571ff86-af9e-46dd-963b-9e721a8a867c","username":"redmeercat889","password":"circle","salt":"9M5y1Zty","md5":"1d66ae5e2189e19b37ebe26f7d8c9ed0","sha1":"256c6d3d7f1c04800fb5446a0b07b9278eee65d7","sha256":"cd6c0649bc4acf8a935b1b4849436e3107e4508946efa082286643b8fa3dee52"},"dob":{"date":"1972-11-11T16:19:19.873Z","age":51},"registered":{"date":"2005-10-06T10:59:12.182Z","age":18},"phone":"04-56-53-47-18","cell":"06-66-54-02-53","id":{"name":"INSEE","value":"2721029314475 16"},"picture":{"large":"https://randomuser.me/api/portraits/women/11.jpg","medium":"https://randomuser.me/api/portraits/med/women/11.jpg","thumbnail":"https://randomuser.me/api/portraits/thumb/women/11.jpg"},"nat":"FR"}],"info":{"seed":"9b14f26370d43c63","results":1,"page":1,"version":"1.4"}} 
 </msg>
<msg time="2024-07-01T15:15:58.186036" level="INFO">/opt/hostedtoolcache/Python/3.12.4/x64/lib/python3.12/site-packages/urllib3/connectionpool.py:1099: InsecureRequestWarning: Unverified HTTPS request is being made to host 'randomuser.me'. Adding certificate verification is strongly advised. See: https://urllib3.readthedocs.io/en/latest/advanced-usage.html#tls-warnings
  warnings.warn(</msg>
<msg time="2024-07-01T15:15:58.186149" level="INFO">${response} = &lt;Response [200]&gt;</msg>
<var>${response}</var>
<arg>consultarAPI</arg>
<arg>/api</arg>
<doc>Sends a GET request on a previously created HTTP Session.</doc>
<status status="PASS" start="2024-07-01T15:15:58.087275" elapsed="0.098920"/>
</kw>
<kw name="Set Variable" owner="BuiltIn">
<msg time="2024-07-01T15:15:58.187221" level="INFO">${json_data} = {'results': [{'gender': 'female', 'name': {'title': 'Mrs', 'first': 'Emmie', 'last': 'Francois'}, 'location': {'street': {'number': 9998, 'name': 'Rue Paul-Duvivier'}, 'city': 'Montreuil', 'state': 'H...</msg>
<var>${json_data}</var>
<arg>${response.json()}</arg>
<doc>Returns the given values which can then be assigned to a variables.</doc>
<status status="PASS" start="2024-07-01T15:15:58.186661" elapsed="0.000590"/>
</kw>
<kw name="Log" owner="BuiltIn">
<msg time="2024-07-01T15:15:58.187732" level="INFO">{'results': [{'gender': 'female', 'name': {'title': 'Mrs', 'first': 'Emmie', 'last': 'Francois'}, 'location': {'street': {'number': 9998, 'name': 'Rue Paul-Duvivier'}, 'city': 'Montreuil', 'state': 'Haute-Garonne', 'country': 'France', 'postcode': 71414, 'coordinates': {'latitude': '-20.9484', 'longitude': '27.8106'}, 'timezone': {'offset': '-10:00', 'description': 'Hawaii'}}, 'email': 'emmie.francois@example.com', 'login': {'uuid': '5571ff86-af9e-46dd-963b-9e721a8a867c', 'username': 'redmeercat889', 'password': 'circle', 'salt': '9M5y1Zty', 'md5': '1d66ae5e2189e19b37ebe26f7d8c9ed0', 'sha1': '256c6d3d7f1c04800fb5446a0b07b9278eee65d7', 'sha256': 'cd6c0649bc4acf8a935b1b4849436e3107e4508946efa082286643b8fa3dee52'}, 'dob': {'date': '1972-11-11T16:19:19.873Z', 'age': 51}, 'registered': {'date': '2005-10-06T10:59:12.182Z', 'age': 18}, 'phone': '04-56-53-47-18', 'cell': '06-66-54-02-53', 'id': {'name': 'INSEE', 'value': '2721029314475 16'}, 'picture': {'large': 'https://randomuser.me/api/portraits/women/11.jpg', 'medium': 'https://randomuser.me/api/portraits/med/women/11.jpg', 'thumbnail': 'https://randomuser.me/api/portraits/thumb/women/11.jpg'}, 'nat': 'FR'}], 'info': {'seed': '9b14f26370d43c63', 'results': 1, 'page': 1, 'version': '1.4'}}</msg>
<arg>${json_data}</arg>
<doc>Logs the given message with the given level.</doc>
<status status="PASS" start="2024-07-01T15:15:58.187567" elapsed="0.000213"/>
</kw>
<kw name="Should Be Equal As Numbers" owner="BuiltIn">
<arg>${json_data['results'][0]['location']['postcode']}</arg>
<arg>${json_data['results'][0]['location']['postcode']}</arg>
<doc>Fails if objects are unequal after converting them to real numbers.</doc>
<status status="PASS" start="2024-07-01T15:15:58.188078" elapsed="0.000691"/>
</kw>
<kw name="Log" owner="BuiltIn">
<msg time="2024-07-01T15:15:58.189466" level="INFO">71414</msg>
<arg>${json_data['results'][0]['location']['postcode']}</arg>
<doc>Logs the given message with the given level.</doc>
<status status="PASS" start="2024-07-01T15:15:58.188975" elapsed="0.000566"/>
</kw>
<status status="PASS" start="2024-07-01T15:15:58.087052" elapsed="0.102753"/>
</kw>
<doc>Testa se os tipos de dados na resposta da API estão corretos.</doc>
<tag>testeTiposDados</tag>
<status status="PASS" start="2024-07-01T15:15:57.987755" elapsed="0.202220"/>
</test>
<test id="s1-s1-t5" name="Validar conteudo" line="35">
<kw name="Teste de Tipos de Conteudo" owner="random-user-service">
<kw name="GET On Session" owner="RequestsLibrary">
<msg time="2024-07-01T15:15:58.279802" level="INFO">GET Request : url=https://randomuser.me/api 
 path_url=/api 
 headers={'User-Agent': 'python-requests/2.32.3', 'Accept-Encoding': 'gzip, deflate', 'Accept': '*/*', 'Connection': 'keep-alive'} 
 body=None 
 </msg>
<msg time="2024-07-01T15:15:58.279911" level="INFO">GET Response : url=https://randomuser.me/api 
 status=200, reason=OK 
 headers={'Date': 'Mon, 01 Jul 2024 15:15:58 GMT', 'Content-Type': 'application/json; charset=utf-8', 'Transfer-Encoding': 'chunked', 'Connection': 'keep-alive', 'X-Powered-By': 'Express', 'Access-Control-Allow-Origin': '*', 'Cache-Control': 'no-cache', 'ETag': 'W/"4aa-tGHU93O0ZPu2XXKpECkvg0kHegw"', 'Vary': 'Accept-Encoding', 'Content-Encoding': 'gzip', 'CF-Cache-Status': 'DYNAMIC', 'Report-To': '{"endpoints":[{"url":"https:\\/\\/a.nel.cloudflare.com\\/report\\/v4?s=DWSIT9l65x60V8aUy0zgZL3090%2BrsZBe5qBHwgIjVviLd0yn9sQZnNZkyL%2FnN%2BLKPaJAdmRQM8Ue%2FY4UL1v8JOhx0%2BDv4AWVAeKzDje%2FWfdldcOaSC394uHBdq8EJfUP"}],"group":"cf-nel","max_age":604800}', 'NEL': '{"success_fraction":0,"report_to":"cf-nel","max_age":604800}', 'Server': 'cloudflare', 'CF-RAY': '89c75ac0bdb7823f-IAD', 'alt-svc': 'h3=":443"; ma=86400'} 
 body={"results":[{"gender":"female","name":{"title":"Miss","first":"Florentina","last":"Oliveira"},"location":{"street":{"number":5947,"name":"Rua Tiradentes "},"city":"Cametá","state":"Mato Grosso do Sul","country":"Brazil","postcode":97265,"coordinates":{"latitude":"-80.3365","longitude":"136.4188"},"timezone":{"offset":"-8:00","description":"Pacific Time (US &amp; Canada)"}},"email":"florentina.oliveira@example.com","login":{"uuid":"5b229d26-f2e4-4cc6-b5eb-3e417c266796","username":"sadduck901","password":"teddybea","salt":"j4rWVz7x","md5":"24e27c1d3cc8688d67071ee458809b53","sha1":"43ea24be8ed27a6f3f8532a0387f73432660f1e7","sha256":"0afecd336afb6305ac606f468cd0a25c52762506876d768eafe34af3aef03da8"},"dob":{"date":"1960-05-19T08:54:55.956Z","age":64},"registered":{"date":"2004-07-29T11:09:28.856Z","age":19},"phone":"(71) 3446-3897","cell":"(56) 6685-0979","id":{"name":"CPF","value":"354.735.570-58"},"picture":{"large":"https://randomuser.me/api/portraits/women/45.jpg","medium":"https://randomuser.me/api/portraits/med/women/45.jpg","thumbnail":"https://randomuser.me/api/portraits/thumb/women/45.jpg"},"nat":"BR"}],"info":{"seed":"14b62446cbc00769","results":1,"page":1,"version":"1.4"}} 
 </msg>
<msg time="2024-07-01T15:15:58.279993" level="INFO">/opt/hostedtoolcache/Python/3.12.4/x64/lib/python3.12/site-packages/urllib3/connectionpool.py:1099: InsecureRequestWarning: Unverified HTTPS request is being made to host 'randomuser.me'. Adding certificate verification is strongly advised. See: https://urllib3.readthedocs.io/en/latest/advanced-usage.html#tls-warnings
  warnings.warn(</msg>
<msg time="2024-07-01T15:15:58.280130" level="INFO">${response} = &lt;Response [200]&gt;</msg>
<var>${response}</var>
<arg>consultarAPI</arg>
<arg>/api</arg>
<doc>Sends a GET request on a previously created HTTP Session.</doc>
<status status="PASS" start="2024-07-01T15:15:58.192562" elapsed="0.087618"/>
</kw>
<kw name="Set Variable" owner="BuiltIn">
<msg time="2024-07-01T15:15:58.281415" level="INFO">${json_data} = {'results': [{'gender': 'female', 'name': {'title': 'Miss', 'first': 'Florentina', 'last': 'Oliveira'}, 'location': {'street': {'number': 5947, 'name': 'Rua Tiradentes '}, 'city': 'Cametá', 'state': '...</msg>
<var>${json_data}</var>
<arg>${response.json()}</arg>
<doc>Returns the given values which can then be assigned to a variables.</doc>
<status status="PASS" start="2024-07-01T15:15:58.280837" elapsed="0.000608"/>
</kw>
<kw name="Set Variable" owner="BuiltIn">
<msg time="2024-07-01T15:15:58.282127" level="INFO">${name_title} = Miss</msg>
<var>${name_title}</var>
<arg>${json_data["results"][0]["name"]["title"]}</arg>
<doc>Returns the given values which can then be assigned to a variables.</doc>
<status status="PASS" start="2024-07-01T15:15:58.281751" elapsed="0.000400"/>
</kw>
<kw name="Create List" owner="BuiltIn">
<msg time="2024-07-01T15:15:58.282587" level="INFO">${allowed_titles} = ['Mr', 'Ms', 'Miss', 'Mrs', 'Madame', 'Monsieur']</msg>
<var>${allowed_titles}</var>
<arg>Mr</arg>
<arg>Ms</arg>
<arg>Miss</arg>
<arg>Mrs</arg>
<arg>Madame</arg>
<arg>Monsieur</arg>
<doc>Returns a list containing given items.</doc>
<status status="PASS" start="2024-07-01T15:15:58.282442" elapsed="0.000169"/>
</kw>
<kw name="List Should Contain Value" owner="Collections">
<arg>${allowed_titles}</arg>
<arg>${name_title}</arg>
<doc>Fails if the ``value`` is not found from ``list``.</doc>
<status status="PASS" start="2024-07-01T15:15:58.282904" elapsed="0.000179"/>
</kw>
<kw name="Set Variable" owner="BuiltIn">
<msg time="2024-07-01T15:15:58.283628" level="INFO">${name_country} = BR</msg>
<var>${name_country}</var>
<arg>${json_data["results"][0]["nat"]}</arg>
<doc>Returns the given values which can then be assigned to a variables.</doc>
<status status="PASS" start="2024-07-01T15:15:58.283265" elapsed="0.000387"/>
</kw>
<kw name="Create List" owner="BuiltIn">
<msg time="2024-07-01T15:15:58.284525" level="INFO">${list_country} = ['AD', 'AE', 'AF', 'AG', 'AI', 'AL', 'AM', 'AO', 'AQ', 'AR', 'AS', 'AT', 'AU', 'AW', 'AX', 'AZ', 'BA', 'BB', 'BD', 'BE', 'BF', 'BG', 'BH', 'BI', 'BJ', 'BL', 'BM', 'BN', 'BO', 'BQ', 'BR', 'BS', 'BT', '...</msg>
<var>${list_country}</var>
<arg>AD</arg>
<arg>AE</arg>
<arg>AF</arg>
<arg>AG</arg>
<arg>AI</arg>
<arg>AL</arg>
<arg>AM</arg>
<arg>AO</arg>
<arg>AQ</arg>
<arg>AR</arg>
<arg>AS</arg>
<arg>AT</arg>
<arg>AU</arg>
<arg>AW</arg>
<arg>AX</arg>
<arg>AZ</arg>
<arg>BA</arg>
<arg>BB</arg>
<arg>BD</arg>
<arg>BE</arg>
<arg>BF</arg>
<arg>BG</arg>
<arg>BH</arg>
<arg>BI</arg>
<arg>BJ</arg>
<arg>BL</arg>
<arg>BM</arg>
<arg>BN</arg>
<arg>BO</arg>
<arg>BQ</arg>
<arg>BR</arg>
<arg>BS</arg>
<arg>BT</arg>
<arg>BV</arg>
<arg>BW</arg>
<arg>BY</arg>
<arg>BZ</arg>
<arg>CA</arg>
<arg>CC</arg>
<arg>CD</arg>
<arg>CF</arg>
<arg>CG</arg>
<arg>CH</arg>
<arg>CI</arg>
<arg>CK</arg>
<arg>CL</arg>
<arg>CM</arg>
<arg>CN</arg>
<arg>CO</arg>
<arg>CR</arg>
<arg>CU</arg>
<arg>CV</arg>
<arg>CW</arg>
<arg>CX</arg>
<arg>CY</arg>
<arg>CZ</arg>
<arg>DE</arg>
<arg>DJ</arg>
<arg>DK</arg>
<arg>DM</arg>
<arg>DO</arg>
<arg>DZ</arg>
<arg>EC</arg>
<arg>EE</arg>
<arg>EG</arg>
<arg>EH</arg>
<arg>ER</arg>
<arg>ES</arg>
<arg>ET</arg>
<arg>FI</arg>
<arg>FJ</arg>
<arg>FK</arg>
<arg>FM</arg>
<arg>FO</arg>
<arg>FR</arg>
<arg>GA</arg>
<arg>GB</arg>
<arg>GD</arg>
<arg>GE</arg>
<arg>GF</arg>
<arg>GG</arg>
<arg>GH</arg>
<arg>GI</arg>
<arg>GL</arg>
<arg>GM</arg>
<arg>GN</arg>
<arg>GP</arg>
<arg>GQ</arg>
<arg>GR</arg>
<arg>GS</arg>
<arg>GT</arg>
<arg>GU</arg>
<arg>GW</arg>
<arg>GY</arg>
<arg>HK</arg>
<arg>HM</arg>
<arg>HN</arg>
<arg>HR</arg>
<arg>HT</arg>
<arg>HU</arg>
<arg>ID</arg>
<arg>IE</arg>
<arg>IL</arg>
<arg>IM</arg>
<arg>IN</arg>
<arg>IO</arg>
<arg>IQ</arg>
<arg>IR</arg>
<arg>IS</arg>
<arg>IT</arg>
<arg>JE</arg>
<arg>JM</arg>
<arg>JO</arg>
<arg>JP</arg>
<arg>KE</arg>
<arg>KG</arg>
<arg>KH</arg>
<arg>KI</arg>
<arg>KM</arg>
<arg>KN</arg>
<arg>KP</arg>
<arg>KR</arg>
<arg>KW</arg>
<arg>KY</arg>
<arg>KZ</arg>
<arg>LA</arg>
<arg>LB</arg>
<arg>LC</arg>
<arg>LI</arg>
<arg>LK</arg>
<arg>LR</arg>
<arg>LS</arg>
<arg>LT</arg>
<arg>LU</arg>
<arg>LV</arg>
<arg>LY</arg>
<arg>MA</arg>
<arg>MC</arg>
<arg>MD</arg>
<arg>ME</arg>
<arg>MF</arg>
<arg>MG</arg>
<arg>MH</arg>
<arg>MK</arg>
<arg>ML</arg>
<arg>MM</arg>
<arg>MN</arg>
<arg>MO</arg>
<arg>MP</arg>
<arg>MQ</arg>
<arg>MR</arg>
<arg>MS</arg>
<arg>MT</arg>
<arg>MU</arg>
<arg>MV</arg>
<arg>MW</arg>
<arg>MX</arg>
<arg>MY</arg>
<arg>MZ</arg>
<arg>NA</arg>
<arg>NC</arg>
<arg>NE</arg>
<arg>NF</arg>
<arg>NG</arg>
<arg>NI</arg>
<arg>NL</arg>
<arg>NO</arg>
<arg>NP</arg>
<arg>NR</arg>
<arg>NU</arg>
<arg>NZ</arg>
<arg>OM</arg>
<arg>PA</arg>
<arg>PE</arg>
<arg>PF</arg>
<arg>PG</arg>
<arg>PH</arg>
<arg>PK</arg>
<arg>PL</arg>
<arg>PM</arg>
<arg>PN</arg>
<arg>PR</arg>
<arg>PS</arg>
<arg>PT</arg>
<arg>PW</arg>
<arg>PY</arg>
<arg>QA</arg>
<arg>RE</arg>
<arg>RO</arg>
<arg>RS</arg>
<arg>RU</arg>
<arg>RW</arg>
<arg>SA</arg>
<arg>SB</arg>
<arg>SC</arg>
<arg>SD</arg>
<arg>SE</arg>
<arg>SG</arg>
<arg>SH</arg>
<arg>SI</arg>
<arg>SJ</arg>
<arg>SK</arg>
<arg>SL</arg>
<arg>SM</arg>
<arg>SN</arg>
<arg>SO</arg>
<arg>SR</arg>
<arg>SS</arg>
<arg>ST</arg>
<arg>SV</arg>
<arg>SX</arg>
<arg>SY</arg>
<arg>SZ</arg>
<arg>TC</arg>
<arg>TD</arg>
<arg>TF</arg>
<arg>TG</arg>
<arg>TH</arg>
<arg>TJ</arg>
<arg>TK</arg>
<arg>TL</arg>
<arg>TM</arg>
<arg>TN</arg>
<arg>TO</arg>
<arg>TR</arg>
<arg>TT</arg>
<arg>TV</arg>
<arg>TW</arg>
<arg>TZ</arg>
<arg>UA</arg>
<arg>UG</arg>
<arg>UM</arg>
<arg>US</arg>
<arg>UY</arg>
<arg>UZ</arg>
<arg>VA</arg>
<arg>VC</arg>
<arg>VE</arg>
<arg>VG</arg>
<arg>VI</arg>
<arg>VN</arg>
<arg>VU</arg>
<arg>WF</arg>
<arg>WS</arg>
<arg>XK</arg>
<arg>YE</arg>
<arg>YT</arg>
<arg>ZA</arg>
<arg>ZM</arg>
<arg>ZW</arg>
<doc>Returns a list containing given items.</doc>
<status status="PASS" start="2024-07-01T15:15:58.283934" elapsed="0.000615"/>
</kw>
<kw name="List Should Contain Value" owner="Collections">
<arg>${list_country}</arg>
<arg>${name_country}</arg>
<doc>Fails if the ``value`` is not found from ``list``.</doc>
<status status="PASS" start="2024-07-01T15:15:58.285384" elapsed="0.000205"/>
</kw>
<kw name="Run Keyword If" owner="BuiltIn">
<kw name="Should Be True" owner="BuiltIn">
<arg>${True}</arg>
<doc>Fails if the given condition is not true.</doc>
<status status="PASS" start="2024-07-01T15:15:58.286534" elapsed="0.000142"/>
</kw>
<arg>${json_data["results"][0]["location"]["coordinates"]["latitude"]} &gt;= -90 and ${json_data["results"][0]["location"]["coordinates"]["latitude"]} &lt;= 90</arg>
<arg>Should Be True</arg>
<arg>${True}</arg>
<doc>Runs the given keyword with the given arguments, if ``condition`` is true.</doc>
<status status="PASS" start="2024-07-01T15:15:58.285782" elapsed="0.001017"/>
</kw>
<kw name="Run Keyword If" owner="BuiltIn">
<kw name="Should Be True" owner="BuiltIn">
<arg>${True}</arg>
<doc>Fails if the given condition is not true.</doc>
<status status="PASS" start="2024-07-01T15:15:58.287660" elapsed="0.000236"/>
</kw>
<arg>${json_data["results"][0]["location"]["coordinates"]["longitude"]} &gt;= -180 and ${json_data["results"][0]["location"]["coordinates"]["longitude"]} &lt;= 180</arg>
<arg>Should Be True</arg>
<arg>${True}</arg>
<doc>Runs the given keyword with the given arguments, if ``condition`` is true.</doc>
<status status="PASS" start="2024-07-01T15:15:58.286977" elapsed="0.001045"/>
</kw>
<status status="PASS" start="2024-07-01T15:15:58.192331" elapsed="0.095824"/>
</kw>
<doc>Testa o conteúdo específico dos campos retornados pela API.</doc>
<tag>testeConteudo</tag>
<status status="PASS" start="2024-07-01T15:15:58.191792" elapsed="0.096517"/>
</test>
<status status="PASS" start="2024-07-01T15:15:57.315852" elapsed="0.974467"/>
</suite>
<status status="PASS" start="2024-07-01T15:15:57.301353" elapsed="0.994033"/>
</suite>
<statistics>
<total>
<stat pass="5" fail="0" skip="0">All Tests</stat>
</total>
<tag>
<stat pass="1" fail="0" skip="0">testeConteudo</stat>
<stat pass="1" fail="0" skip="0">testeEstruturaResposta</stat>
<stat pass="1" fail="0" skip="0">testeRequisicaoBasica</stat>
<stat pass="1" fail="0" skip="0">testeTiposDados</stat>
</tag>
<suite>
<stat pass="5" fail="0" skip="0" id="s1" name="Tests">Tests</stat>
<stat pass="5" fail="0" skip="0" id="s1-s1" name="Random-User-Test">Tests.Random-User-Test</stat>
</suite>
</statistics>
<errors>
</errors>
</robot>
