<?xml version="1.0" encoding="UTF-8"?>
<robot generator="Robot 7.0 (Python 3.12.3 on linux)" generated="2024-06-05T01:04:48.080743" rpa="false" schemaversion="5">
<suite id="s1" name="Tests" source="/home/runner/work/ApiRandomUser/ApiRandomUser/RamdonUser/tests">
<suite id="s1-s1" name="Random-User-Test" source="/home/runner/work/ApiRandomUser/ApiRandomUser/RamdonUser/tests/random-user-test.robot">
<test id="s1-s1-t1" name="Conectar" line="13">
<kw name="Conectar API" owner="random-user-service">
<kw name="Create Session" owner="RequestsLibrary">
<msg time="2024-06-05T01:04:48.497369" level="INFO">Creating Session using : alias=consultarAPI, url=https://randomuser.me/, headers={},                     cookies={}, auth=None, timeout=None, proxies=None, verify=False,                     debug=0 </msg>
<arg>consultarAPI</arg>
<arg>${URL}</arg>
<doc>Create Session: create a HTTP session to a server</doc>
<status status="PASS" start="2024-06-05T01:04:48.497169" elapsed="0.000366"/>
</kw>
<status status="PASS" start="2024-06-05T01:04:48.496135" elapsed="0.001745"/>
</kw>
<status status="PASS" start="2024-06-05T01:04:48.495627" elapsed="0.002444"/>
</test>
<test id="s1-s1-t2" name="Validar retorno 200 e JSON Válido" line="16">
<kw name="Teste de Requisicao Basica" owner="random-user-service">
<kw name="GET On Session" owner="RequestsLibrary">
<msg time="2024-06-05T01:04:48.665501" level="INFO">GET Request : url=https://randomuser.me/api 
 path_url=/api 
 headers={'User-Agent': 'python-requests/2.32.3', 'Accept-Encoding': 'gzip, deflate', 'Accept': '*/*', 'Connection': 'keep-alive'} 
 body=None 
 </msg>
<msg time="2024-06-05T01:04:48.665616" level="INFO">GET Response : url=https://randomuser.me/api 
 status=200, reason=OK 
 headers={'Date': 'Wed, 05 Jun 2024 01:04:48 GMT', 'Content-Type': 'application/json; charset=utf-8', 'Transfer-Encoding': 'chunked', 'Connection': 'keep-alive', 'X-Powered-By': 'Express', 'Access-Control-Allow-Origin': '*', 'Cache-Control': 'no-cache', 'ETag': 'W/"46c-3EiabeEsNa23i5O8v8bOFx0cBEk"', 'Vary': 'Accept-Encoding', 'Content-Encoding': 'gzip', 'CF-Cache-Status': 'DYNAMIC', 'Report-To': '{"endpoints":[{"url":"https:\\/\\/a.nel.cloudflare.com\\/report\\/v4?s=QMOi7YNYYUKIVmoaCP9QTyZDVNXJig34wVVxeJV3fYIMfqrR17PAhrbMPhogkxQmlHfynm%2FuCtah4Cr1hasuSv1bZDcIeMUAt0uGVR11v6nomsg4r4M8J1DW%2FHd220g7"}],"group":"cf-nel","max_age":604800}', 'NEL': '{"success_fraction":0,"report_to":"cf-nel","max_age":604800}', 'Server': 'cloudflare', 'CF-RAY': '88ec402f79352f17-LAX', 'alt-svc': 'h3=":443"; ma=86400'} 
 body={"results":[{"gender":"male","name":{"title":"Mr","first":"Bobby","last":"Curtis"},"location":{"street":{"number":6435,"name":"New Road"},"city":"Portarlington","state":"Galway City","country":"Ireland","postcode":67690,"coordinates":{"latitude":"4.0934","longitude":"-105.7993"},"timezone":{"offset":"+4:30","description":"Kabul"}},"email":"bobby.curtis@example.com","login":{"uuid":"12aa7c5a-a1ba-485f-b8af-058a2e700233","username":"redzebra105","password":"letmein1","salt":"PeRPGv78","md5":"c4c87995b975df2fac1c59a39d436eac","sha1":"89f80d470b649edd25aa23b657c14e1961eec895","sha256":"fb34f20dfa627aaaf83fbff182221d948bf18c77035f2f3d68a6d3b28c8b4dc4"},"dob":{"date":"1965-05-08T02:42:00.813Z","age":59},"registered":{"date":"2012-10-31T22:38:22.673Z","age":11},"phone":"021-840-0122","cell":"081-921-4715","id":{"name":"PPS","value":"9112014T"},"picture":{"large":"https://randomuser.me/api/portraits/men/64.jpg","medium":"https://randomuser.me/api/portraits/med/men/64.jpg","thumbnail":"https://randomuser.me/api/portraits/thumb/men/64.jpg"},"nat":"IE"}],"info":{"seed":"dea3d92987f801b1","results":1,"page":1,"version":"1.4"}} 
 </msg>
<msg time="2024-06-05T01:04:48.665685" level="INFO">/opt/hostedtoolcache/Python/3.12.3/x64/lib/python3.12/site-packages/urllib3/connectionpool.py:1103: InsecureRequestWarning: Unverified HTTPS request is being made to host 'randomuser.me'. Adding certificate verification is strongly advised. See: https://urllib3.readthedocs.io/en/latest/advanced-usage.html#tls-warnings
  warnings.warn(</msg>
<msg time="2024-06-05T01:04:48.665800" level="INFO">${response} = &lt;Response [200]&gt;</msg>
<var>${response}</var>
<arg>consultarAPI</arg>
<arg>/api</arg>
<doc>Sends a GET request on a previously created HTTP Session.</doc>
<status status="PASS" start="2024-06-05T01:04:48.500637" elapsed="0.165206"/>
</kw>
<kw name="Should Be Equal As Numbers" owner="BuiltIn">
<msg time="2024-06-05T01:04:48.666860" level="INFO">Argument types are:
&lt;class 'int'&gt;
&lt;class 'str'&gt;</msg>
<arg>${response.status_code}</arg>
<arg>200</arg>
<doc>Fails if objects are unequal after converting them to real numbers.</doc>
<status status="PASS" start="2024-06-05T01:04:48.666384" elapsed="0.000541"/>
</kw>
<kw name="Log" owner="BuiltIn">
<msg time="2024-06-05T01:04:48.667612" level="INFO">200</msg>
<arg>${response.status_code}</arg>
<doc>Logs the given message with the given level.</doc>
<status status="PASS" start="2024-06-05T01:04:48.667260" elapsed="0.000399"/>
</kw>
<kw name="Set Variable" owner="BuiltIn">
<msg time="2024-06-05T01:04:48.668389" level="INFO">${json_data} = {'results': [{'gender': 'male', 'name': {'title': 'Mr', 'first': 'Bobby', 'last': 'Curtis'}, 'location': {'street': {'number': 6435, 'name': 'New Road'}, 'city': 'Portarlington', 'state': 'Galway City...</msg>
<var>${json_data}</var>
<arg>${response.json()}</arg>
<doc>Returns the given values which can then be assigned to a variables.</doc>
<status status="PASS" start="2024-06-05T01:04:48.667965" elapsed="0.000452"/>
</kw>
<kw name="Dictionary Should Contain Key" owner="Collections">
<msg time="2024-06-05T01:04:48.668886" level="INFO">False</msg>
<arg>${json_data}</arg>
<arg>results</arg>
<doc>Fails if ``key`` is not found from ``dictionary``.</doc>
<status status="PASS" start="2024-06-05T01:04:48.668716" elapsed="0.000378"/>
</kw>
<status status="PASS" start="2024-06-05T01:04:48.500397" elapsed="0.168972"/>
</kw>
<doc>Testa se a API responde corretamente e retorna um objeto JSON válido.</doc>
<tag>testeRequisicaoBasica</tag>
<status status="PASS" start="2024-06-05T01:04:48.499929" elapsed="0.169615"/>
</test>
<test id="s1-s1-t3" name="Validar estrutura de resposta" line="22">
<kw name="Teste de Estrutura de Resposta" owner="random-user-service">
<kw name="GET On Session" owner="RequestsLibrary">
<msg time="2024-06-05T01:04:48.811136" level="INFO">GET Request : url=https://randomuser.me/api 
 path_url=/api 
 headers={'User-Agent': 'python-requests/2.32.3', 'Accept-Encoding': 'gzip, deflate', 'Accept': '*/*', 'Connection': 'keep-alive'} 
 body=None 
 </msg>
<msg time="2024-06-05T01:04:48.811223" level="INFO">GET Response : url=https://randomuser.me/api 
 status=200, reason=OK 
 headers={'Date': 'Wed, 05 Jun 2024 01:04:48 GMT', 'Content-Type': 'application/json; charset=utf-8', 'Transfer-Encoding': 'chunked', 'Connection': 'keep-alive', 'X-Powered-By': 'Express', 'Access-Control-Allow-Origin': '*', 'Cache-Control': 'no-cache', 'ETag': 'W/"484-TO/iGOep3VVcjHSRUIpHZGvVbHA"', 'Vary': 'Accept-Encoding', 'Content-Encoding': 'gzip', 'CF-Cache-Status': 'DYNAMIC', 'Report-To': '{"endpoints":[{"url":"https:\\/\\/a.nel.cloudflare.com\\/report\\/v4?s=2aokuVdbpMzGJpxBKGdqB3QsIqj2v0QBMLgFtXWd3hJhmdT9XIlNF5helUR0kmYAPytJZ7u44EDWgZPOxWRVAF48IR8V2DAnX7nApjQqrGL7IEyDLgg7uDCbpAYXkD94"}],"group":"cf-nel","max_age":604800}', 'NEL': '{"success_fraction":0,"report_to":"cf-nel","max_age":604800}', 'Server': 'cloudflare', 'CF-RAY': '88ec40303a432f17-LAX', 'alt-svc': 'h3=":443"; ma=86400'} 
 body={"results":[{"gender":"male","name":{"title":"Mr","first":"Jerry","last":"Castro"},"location":{"street":{"number":3255,"name":"Ranchview Dr"},"city":"Bathurst","state":"Western Australia","country":"Australia","postcode":7012,"coordinates":{"latitude":"-87.1302","longitude":"-15.0107"},"timezone":{"offset":"+6:00","description":"Almaty, Dhaka, Colombo"}},"email":"jerry.castro@example.com","login":{"uuid":"72c5b1f5-fb02-42e1-aebc-e03d4cfb6556","username":"sadrabbit929","password":"travel","salt":"8Rdlj3f5","md5":"8381cac638e733400934f1c0a7b1234d","sha1":"949ee70c0cffaa428aaaabac1bb80e8768f7870e","sha256":"920452005f2b8823cffb576425fceef4f9455bb9a45f23ed93fb29ccd48ff95b"},"dob":{"date":"1946-07-07T20:46:47.284Z","age":77},"registered":{"date":"2006-03-14T00:34:08.627Z","age":18},"phone":"02-8973-3338","cell":"0403-842-618","id":{"name":"TFN","value":"478971798"},"picture":{"large":"https://randomuser.me/api/portraits/men/83.jpg","medium":"https://randomuser.me/api/portraits/med/men/83.jpg","thumbnail":"https://randomuser.me/api/portraits/thumb/men/83.jpg"},"nat":"AU"}],"info":{"seed":"a4448d97ee861779","results":1,"page":1,"version":"1.4"}} 
 </msg>
<msg time="2024-06-05T01:04:48.811344" level="INFO">/opt/hostedtoolcache/Python/3.12.3/x64/lib/python3.12/site-packages/urllib3/connectionpool.py:1103: InsecureRequestWarning: Unverified HTTPS request is being made to host 'randomuser.me'. Adding certificate verification is strongly advised. See: https://urllib3.readthedocs.io/en/latest/advanced-usage.html#tls-warnings
  warnings.warn(</msg>
<msg time="2024-06-05T01:04:48.811467" level="INFO">${response} = &lt;Response [200]&gt;</msg>
<var>${response}</var>
<arg>consultarAPI</arg>
<arg>/api</arg>
<doc>Sends a GET request on a previously created HTTP Session.</doc>
<status status="PASS" start="2024-06-05T01:04:48.672226" elapsed="0.139290"/>
</kw>
<kw name="Set Variable" owner="BuiltIn">
<msg time="2024-06-05T01:04:48.812354" level="INFO">${json_data} = {'results': [{'gender': 'male', 'name': {'title': 'Mr', 'first': 'Jerry', 'last': 'Castro'}, 'location': {'street': {'number': 3255, 'name': 'Ranchview Dr'}, 'city': 'Bathurst', 'state': 'Western Aust...</msg>
<var>${json_data}</var>
<arg>${response.json()}</arg>
<doc>Returns the given values which can then be assigned to a variables.</doc>
<status status="PASS" start="2024-06-05T01:04:48.811907" elapsed="0.000476"/>
</kw>
<kw name="Log" owner="BuiltIn">
<msg time="2024-06-05T01:04:48.812847" level="INFO">{'results': [{'gender': 'male', 'name': {'title': 'Mr', 'first': 'Jerry', 'last': 'Castro'}, 'location': {'street': {'number': 3255, 'name': 'Ranchview Dr'}, 'city': 'Bathurst', 'state': 'Western Australia', 'country': 'Australia', 'postcode': 7012, 'coordinates': {'latitude': '-87.1302', 'longitude': '-15.0107'}, 'timezone': {'offset': '+6:00', 'description': 'Almaty, Dhaka, Colombo'}}, 'email': 'jerry.castro@example.com', 'login': {'uuid': '72c5b1f5-fb02-42e1-aebc-e03d4cfb6556', 'username': 'sadrabbit929', 'password': 'travel', 'salt': '8Rdlj3f5', 'md5': '8381cac638e733400934f1c0a7b1234d', 'sha1': '949ee70c0cffaa428aaaabac1bb80e8768f7870e', 'sha256': '920452005f2b8823cffb576425fceef4f9455bb9a45f23ed93fb29ccd48ff95b'}, 'dob': {'date': '1946-07-07T20:46:47.284Z', 'age': 77}, 'registered': {'date': '2006-03-14T00:34:08.627Z', 'age': 18}, 'phone': '02-8973-3338', 'cell': '0403-842-618', 'id': {'name': 'TFN', 'value': '478971798'}, 'picture': {'large': 'https://randomuser.me/api/portraits/men/83.jpg', 'medium': 'https://randomuser.me/api/portraits/med/men/83.jpg', 'thumbnail': 'https://randomuser.me/api/portraits/thumb/men/83.jpg'}, 'nat': 'AU'}], 'info': {'seed': 'a4448d97ee861779', 'results': 1, 'page': 1, 'version': '1.4'}}</msg>
<arg>${json_data}</arg>
<doc>Logs the given message with the given level.</doc>
<status status="PASS" start="2024-06-05T01:04:48.812692" elapsed="0.000203"/>
</kw>
<kw name="Dictionary Should Contain Key" owner="Collections">
<msg time="2024-06-05T01:04:48.813404" level="INFO">False</msg>
<arg>${json_data}</arg>
<arg>results</arg>
<doc>Fails if ``key`` is not found from ``dictionary``.</doc>
<status status="PASS" start="2024-06-05T01:04:48.813251" elapsed="0.000197"/>
</kw>
<kw name="Should Not Be Empty" owner="BuiltIn">
<msg time="2024-06-05T01:04:48.813884" level="INFO">Length is 2.</msg>
<arg>${json_data}</arg>
<doc>Verifies that the given item is not empty.</doc>
<status status="PASS" start="2024-06-05T01:04:48.813747" elapsed="0.000177"/>
</kw>
<kw name="Create List" owner="BuiltIn">
<msg time="2024-06-05T01:04:48.814385" level="INFO">${expected_keys} = ['gender', 'name', 'location', 'email', 'login']</msg>
<var>${expected_keys}</var>
<arg>gender</arg>
<arg>name</arg>
<arg>location</arg>
<arg>email</arg>
<arg>login</arg>
<doc>Returns a list containing given items.</doc>
<status status="PASS" start="2024-06-05T01:04:48.814237" elapsed="0.000172"/>
</kw>
<for flavor="IN">
<iter>
<kw name="Dictionary Should Contain Key" owner="Collections">
<msg time="2024-06-05T01:04:48.815387" level="INFO">False</msg>
<arg>${json_data['results'][0]}</arg>
<arg>${key}</arg>
<doc>Fails if ``key`` is not found from ``dictionary``.</doc>
<status status="PASS" start="2024-06-05T01:04:48.814976" elapsed="0.000457"/>
</kw>
<kw name="Log" owner="BuiltIn">
<msg time="2024-06-05T01:04:48.816105" level="INFO">{'gender': 'male', 'name': {'title': 'Mr', 'first': 'Jerry', 'last': 'Castro'}, 'location': {'street': {'number': 3255, 'name': 'Ranchview Dr'}, 'city': 'Bathurst', 'state': 'Western Australia', 'country': 'Australia', 'postcode': 7012, 'coordinates': {'latitude': '-87.1302', 'longitude': '-15.0107'}, 'timezone': {'offset': '+6:00', 'description': 'Almaty, Dhaka, Colombo'}}, 'email': 'jerry.castro@example.com', 'login': {'uuid': '72c5b1f5-fb02-42e1-aebc-e03d4cfb6556', 'username': 'sadrabbit929', 'password': 'travel', 'salt': '8Rdlj3f5', 'md5': '8381cac638e733400934f1c0a7b1234d', 'sha1': '949ee70c0cffaa428aaaabac1bb80e8768f7870e', 'sha256': '920452005f2b8823cffb576425fceef4f9455bb9a45f23ed93fb29ccd48ff95b'}, 'dob': {'date': '1946-07-07T20:46:47.284Z', 'age': 77}, 'registered': {'date': '2006-03-14T00:34:08.627Z', 'age': 18}, 'phone': '02-8973-3338', 'cell': '0403-842-618', 'id': {'name': 'TFN', 'value': '478971798'}, 'picture': {'large': 'https://randomuser.me/api/portraits/men/83.jpg', 'medium': 'https://randomuser.me/api/portraits/med/men/83.jpg', 'thumbnail': 'https://randomuser.me/api/portraits/thumb/men/83.jpg'}, 'nat': 'AU'}</msg>
<arg>${json_data['results'][0]}</arg>
<doc>Logs the given message with the given level.</doc>
<status status="PASS" start="2024-06-05T01:04:48.815741" elapsed="0.000415"/>
</kw>
<kw name="Log" owner="BuiltIn">
<msg time="2024-06-05T01:04:48.816592" level="INFO">gender</msg>
<arg>${key}</arg>
<doc>Logs the given message with the given level.</doc>
<status status="PASS" start="2024-06-05T01:04:48.816461" elapsed="0.000169"/>
</kw>
<var name="${key}">gender</var>
<status status="PASS" start="2024-06-05T01:04:48.814851" elapsed="0.001997"/>
</iter>
<iter>
<kw name="Dictionary Should Contain Key" owner="Collections">
<msg time="2024-06-05T01:04:48.817578" level="INFO">False</msg>
<arg>${json_data['results'][0]}</arg>
<arg>${key}</arg>
<doc>Fails if ``key`` is not found from ``dictionary``.</doc>
<status status="PASS" start="2024-06-05T01:04:48.817186" elapsed="0.000430"/>
</kw>
<kw name="Log" owner="BuiltIn">
<msg time="2024-06-05T01:04:48.818306" level="INFO">{'gender': 'male', 'name': {'title': 'Mr', 'first': 'Jerry', 'last': 'Castro'}, 'location': {'street': {'number': 3255, 'name': 'Ranchview Dr'}, 'city': 'Bathurst', 'state': 'Western Australia', 'country': 'Australia', 'postcode': 7012, 'coordinates': {'latitude': '-87.1302', 'longitude': '-15.0107'}, 'timezone': {'offset': '+6:00', 'description': 'Almaty, Dhaka, Colombo'}}, 'email': 'jerry.castro@example.com', 'login': {'uuid': '72c5b1f5-fb02-42e1-aebc-e03d4cfb6556', 'username': 'sadrabbit929', 'password': 'travel', 'salt': '8Rdlj3f5', 'md5': '8381cac638e733400934f1c0a7b1234d', 'sha1': '949ee70c0cffaa428aaaabac1bb80e8768f7870e', 'sha256': '920452005f2b8823cffb576425fceef4f9455bb9a45f23ed93fb29ccd48ff95b'}, 'dob': {'date': '1946-07-07T20:46:47.284Z', 'age': 77}, 'registered': {'date': '2006-03-14T00:34:08.627Z', 'age': 18}, 'phone': '02-8973-3338', 'cell': '0403-842-618', 'id': {'name': 'TFN', 'value': '478971798'}, 'picture': {'large': 'https://randomuser.me/api/portraits/men/83.jpg', 'medium': 'https://randomuser.me/api/portraits/med/men/83.jpg', 'thumbnail': 'https://randomuser.me/api/portraits/thumb/men/83.jpg'}, 'nat': 'AU'}</msg>
<arg>${json_data['results'][0]}</arg>
<doc>Logs the given message with the given level.</doc>
<status status="PASS" start="2024-06-05T01:04:48.817943" elapsed="0.000413"/>
</kw>
<kw name="Log" owner="BuiltIn">
<msg time="2024-06-05T01:04:48.818790" level="INFO">name</msg>
<arg>${key}</arg>
<doc>Logs the given message with the given level.</doc>
<status status="PASS" start="2024-06-05T01:04:48.818657" elapsed="0.000172"/>
</kw>
<var name="${key}">name</var>
<status status="PASS" start="2024-06-05T01:04:48.817069" elapsed="0.001982"/>
</iter>
<iter>
<kw name="Dictionary Should Contain Key" owner="Collections">
<msg time="2024-06-05T01:04:48.819722" level="INFO">False</msg>
<arg>${json_data['results'][0]}</arg>
<arg>${key}</arg>
<doc>Fails if ``key`` is not found from ``dictionary``.</doc>
<status status="PASS" start="2024-06-05T01:04:48.819346" elapsed="0.000415"/>
</kw>
<kw name="Log" owner="BuiltIn">
<msg time="2024-06-05T01:04:48.820462" level="INFO">{'gender': 'male', 'name': {'title': 'Mr', 'first': 'Jerry', 'last': 'Castro'}, 'location': {'street': {'number': 3255, 'name': 'Ranchview Dr'}, 'city': 'Bathurst', 'state': 'Western Australia', 'country': 'Australia', 'postcode': 7012, 'coordinates': {'latitude': '-87.1302', 'longitude': '-15.0107'}, 'timezone': {'offset': '+6:00', 'description': 'Almaty, Dhaka, Colombo'}}, 'email': 'jerry.castro@example.com', 'login': {'uuid': '72c5b1f5-fb02-42e1-aebc-e03d4cfb6556', 'username': 'sadrabbit929', 'password': 'travel', 'salt': '8Rdlj3f5', 'md5': '8381cac638e733400934f1c0a7b1234d', 'sha1': '949ee70c0cffaa428aaaabac1bb80e8768f7870e', 'sha256': '920452005f2b8823cffb576425fceef4f9455bb9a45f23ed93fb29ccd48ff95b'}, 'dob': {'date': '1946-07-07T20:46:47.284Z', 'age': 77}, 'registered': {'date': '2006-03-14T00:34:08.627Z', 'age': 18}, 'phone': '02-8973-3338', 'cell': '0403-842-618', 'id': {'name': 'TFN', 'value': '478971798'}, 'picture': {'large': 'https://randomuser.me/api/portraits/men/83.jpg', 'medium': 'https://randomuser.me/api/portraits/med/men/83.jpg', 'thumbnail': 'https://randomuser.me/api/portraits/thumb/men/83.jpg'}, 'nat': 'AU'}</msg>
<arg>${json_data['results'][0]}</arg>
<doc>Logs the given message with the given level.</doc>
<status status="PASS" start="2024-06-05T01:04:48.820085" elapsed="0.000426"/>
</kw>
<kw name="Log" owner="BuiltIn">
<msg time="2024-06-05T01:04:48.820938" level="INFO">location</msg>
<arg>${key}</arg>
<doc>Logs the given message with the given level.</doc>
<status status="PASS" start="2024-06-05T01:04:48.820810" elapsed="0.000204"/>
</kw>
<var name="${key}">location</var>
<status status="PASS" start="2024-06-05T01:04:48.819232" elapsed="0.002023"/>
</iter>
<iter>
<kw name="Dictionary Should Contain Key" owner="Collections">
<msg time="2024-06-05T01:04:48.822029" level="INFO">False</msg>
<arg>${json_data['results'][0]}</arg>
<arg>${key}</arg>
<doc>Fails if ``key`` is not found from ``dictionary``.</doc>
<status status="PASS" start="2024-06-05T01:04:48.821542" elapsed="0.000526"/>
</kw>
<kw name="Log" owner="BuiltIn">
<msg time="2024-06-05T01:04:48.822729" level="INFO">{'gender': 'male', 'name': {'title': 'Mr', 'first': 'Jerry', 'last': 'Castro'}, 'location': {'street': {'number': 3255, 'name': 'Ranchview Dr'}, 'city': 'Bathurst', 'state': 'Western Australia', 'country': 'Australia', 'postcode': 7012, 'coordinates': {'latitude': '-87.1302', 'longitude': '-15.0107'}, 'timezone': {'offset': '+6:00', 'description': 'Almaty, Dhaka, Colombo'}}, 'email': 'jerry.castro@example.com', 'login': {'uuid': '72c5b1f5-fb02-42e1-aebc-e03d4cfb6556', 'username': 'sadrabbit929', 'password': 'travel', 'salt': '8Rdlj3f5', 'md5': '8381cac638e733400934f1c0a7b1234d', 'sha1': '949ee70c0cffaa428aaaabac1bb80e8768f7870e', 'sha256': '920452005f2b8823cffb576425fceef4f9455bb9a45f23ed93fb29ccd48ff95b'}, 'dob': {'date': '1946-07-07T20:46:47.284Z', 'age': 77}, 'registered': {'date': '2006-03-14T00:34:08.627Z', 'age': 18}, 'phone': '02-8973-3338', 'cell': '0403-842-618', 'id': {'name': 'TFN', 'value': '478971798'}, 'picture': {'large': 'https://randomuser.me/api/portraits/men/83.jpg', 'medium': 'https://randomuser.me/api/portraits/med/men/83.jpg', 'thumbnail': 'https://randomuser.me/api/portraits/thumb/men/83.jpg'}, 'nat': 'AU'}</msg>
<arg>${json_data['results'][0]}</arg>
<doc>Logs the given message with the given level.</doc>
<status status="PASS" start="2024-06-05T01:04:48.822369" elapsed="0.000409"/>
</kw>
<kw name="Log" owner="BuiltIn">
<msg time="2024-06-05T01:04:48.823208" level="INFO">email</msg>
<arg>${key}</arg>
<doc>Logs the given message with the given level.</doc>
<status status="PASS" start="2024-06-05T01:04:48.823079" elapsed="0.000167"/>
</kw>
<var name="${key}">email</var>
<status status="PASS" start="2024-06-05T01:04:48.821431" elapsed="0.002032"/>
</iter>
<iter>
<kw name="Dictionary Should Contain Key" owner="Collections">
<msg time="2024-06-05T01:04:48.824135" level="INFO">False</msg>
<arg>${json_data['results'][0]}</arg>
<arg>${key}</arg>
<doc>Fails if ``key`` is not found from ``dictionary``.</doc>
<status status="PASS" start="2024-06-05T01:04:48.823755" elapsed="0.000417"/>
</kw>
<kw name="Log" owner="BuiltIn">
<msg time="2024-06-05T01:04:48.824826" level="INFO">{'gender': 'male', 'name': {'title': 'Mr', 'first': 'Jerry', 'last': 'Castro'}, 'location': {'street': {'number': 3255, 'name': 'Ranchview Dr'}, 'city': 'Bathurst', 'state': 'Western Australia', 'country': 'Australia', 'postcode': 7012, 'coordinates': {'latitude': '-87.1302', 'longitude': '-15.0107'}, 'timezone': {'offset': '+6:00', 'description': 'Almaty, Dhaka, Colombo'}}, 'email': 'jerry.castro@example.com', 'login': {'uuid': '72c5b1f5-fb02-42e1-aebc-e03d4cfb6556', 'username': 'sadrabbit929', 'password': 'travel', 'salt': '8Rdlj3f5', 'md5': '8381cac638e733400934f1c0a7b1234d', 'sha1': '949ee70c0cffaa428aaaabac1bb80e8768f7870e', 'sha256': '920452005f2b8823cffb576425fceef4f9455bb9a45f23ed93fb29ccd48ff95b'}, 'dob': {'date': '1946-07-07T20:46:47.284Z', 'age': 77}, 'registered': {'date': '2006-03-14T00:34:08.627Z', 'age': 18}, 'phone': '02-8973-3338', 'cell': '0403-842-618', 'id': {'name': 'TFN', 'value': '478971798'}, 'picture': {'large': 'https://randomuser.me/api/portraits/men/83.jpg', 'medium': 'https://randomuser.me/api/portraits/med/men/83.jpg', 'thumbnail': 'https://randomuser.me/api/portraits/thumb/men/83.jpg'}, 'nat': 'AU'}</msg>
<arg>${json_data['results'][0]}</arg>
<doc>Logs the given message with the given level.</doc>
<status status="PASS" start="2024-06-05T01:04:48.824468" elapsed="0.000407"/>
</kw>
<kw name="Log" owner="BuiltIn">
<msg time="2024-06-05T01:04:48.825313" level="INFO">login</msg>
<arg>${key}</arg>
<doc>Logs the given message with the given level.</doc>
<status status="PASS" start="2024-06-05T01:04:48.825186" elapsed="0.000165"/>
</kw>
<var name="${key}">login</var>
<status status="PASS" start="2024-06-05T01:04:48.823642" elapsed="0.001924"/>
</iter>
<var>${key}</var>
<value>@{expected_keys}</value>
<status status="PASS" start="2024-06-05T01:04:48.814668" elapsed="0.011047"/>
</for>
<kw name="Create List" owner="BuiltIn">
<msg time="2024-06-05T01:04:48.826055" level="INFO">${expected_keysTwo} = ['username', 'password']</msg>
<var>${expected_keysTwo}</var>
<arg>username</arg>
<arg>password</arg>
<doc>Returns a list containing given items.</doc>
<status status="PASS" start="2024-06-05T01:04:48.825916" elapsed="0.000163"/>
</kw>
<for flavor="IN">
<iter>
<kw name="Dictionary Should Contain Key" owner="Collections">
<msg time="2024-06-05T01:04:48.826960" level="INFO">False</msg>
<arg>${json_data['results'][0]['login']}</arg>
<arg>${keyTwo}</arg>
<doc>Fails if ``key`` is not found from ``dictionary``.</doc>
<status status="PASS" start="2024-06-05T01:04:48.826577" elapsed="0.000421"/>
</kw>
<kw name="Dictionary Should Contain Key" owner="Collections">
<msg time="2024-06-05T01:04:48.827668" level="INFO">False</msg>
<arg>${json_data['results'][0]['login']}</arg>
<arg>${keyTwo}</arg>
<doc>Fails if ``key`` is not found from ``dictionary``.</doc>
<status status="PASS" start="2024-06-05T01:04:48.827293" elapsed="0.000412"/>
</kw>
<kw name="Log" owner="BuiltIn">
<msg time="2024-06-05T01:04:48.828125" level="INFO">username</msg>
<arg>${keyTwo}</arg>
<doc>Logs the given message with the given level.</doc>
<status status="PASS" start="2024-06-05T01:04:48.827998" elapsed="0.000165"/>
</kw>
<var name="${keyTwo}">username</var>
<status status="PASS" start="2024-06-05T01:04:48.826468" elapsed="0.001912"/>
</iter>
<iter>
<kw name="Dictionary Should Contain Key" owner="Collections">
<msg time="2024-06-05T01:04:48.829071" level="INFO">False</msg>
<arg>${json_data['results'][0]['login']}</arg>
<arg>${keyTwo}</arg>
<doc>Fails if ``key`` is not found from ``dictionary``.</doc>
<status status="PASS" start="2024-06-05T01:04:48.828664" elapsed="0.000446"/>
</kw>
<kw name="Dictionary Should Contain Key" owner="Collections">
<msg time="2024-06-05T01:04:48.829798" level="INFO">False</msg>
<arg>${json_data['results'][0]['login']}</arg>
<arg>${keyTwo}</arg>
<doc>Fails if ``key`` is not found from ``dictionary``.</doc>
<status status="PASS" start="2024-06-05T01:04:48.829408" elapsed="0.000427"/>
</kw>
<kw name="Log" owner="BuiltIn">
<msg time="2024-06-05T01:04:48.830265" level="INFO">password</msg>
<arg>${keyTwo}</arg>
<doc>Logs the given message with the given level.</doc>
<status status="PASS" start="2024-06-05T01:04:48.830131" elapsed="0.000172"/>
</kw>
<var name="${keyTwo}">password</var>
<status status="PASS" start="2024-06-05T01:04:48.828554" elapsed="0.001966"/>
</iter>
<var>${keyTwo}</var>
<value>@{expected_keysTwo}</value>
<status status="PASS" start="2024-06-05T01:04:48.826316" elapsed="0.004326"/>
</for>
<status status="PASS" start="2024-06-05T01:04:48.671983" elapsed="0.158797"/>
</kw>
<doc>Testa a estrutura da resposta da API.</doc>
<tag>testeEstruturaResposta</tag>
<status status="PASS" start="2024-06-05T01:04:48.671397" elapsed="0.159532"/>
</test>
<test id="s1-s1-t4" name="Validar tipos de dados" line="28">
<kw name="Teste de Tipos de Dados" owner="random-user-service">
<kw name="GET On Session" owner="RequestsLibrary">
<msg time="2024-06-05T01:04:48.939786" level="INFO">GET Request : url=https://randomuser.me/api 
 path_url=/api 
 headers={'User-Agent': 'python-requests/2.32.3', 'Accept-Encoding': 'gzip, deflate', 'Accept': '*/*', 'Connection': 'keep-alive'} 
 body=None 
 </msg>
<msg time="2024-06-05T01:04:48.939855" level="INFO">GET Response : url=https://randomuser.me/api 
 status=200, reason=OK 
 headers={'Date': 'Wed, 05 Jun 2024 01:04:48 GMT', 'Content-Type': 'application/json; charset=utf-8', 'Transfer-Encoding': 'chunked', 'Connection': 'keep-alive', 'X-Powered-By': 'Express', 'Access-Control-Allow-Origin': '*', 'Cache-Control': 'no-cache', 'ETag': 'W/"479-3oSQB9xFNqHQjEDJjdl+R09N0sk"', 'Vary': 'Accept-Encoding', 'Content-Encoding': 'gzip', 'CF-Cache-Status': 'DYNAMIC', 'Report-To': '{"endpoints":[{"url":"https:\\/\\/a.nel.cloudflare.com\\/report\\/v4?s=A%2F1InxwJolWOXG1vlQP%2BN1BXkpXi1a%2FBQFMv3zPi2hCqEUMuGHg3EZ7JwhWo15QpY6R3A5evtFMhLqaYLrLI1LVf06RfgE4n4b8phl6fLUDtAXkIn6OaCwWPYiPIlRiC"}],"group":"cf-nel","max_age":604800}', 'NEL': '{"success_fraction":0,"report_to":"cf-nel","max_age":604800}', 'Server': 'cloudflare', 'CF-RAY': '88ec40313bcb2f17-LAX', 'alt-svc': 'h3=":443"; ma=86400'} 
 body={"results":[{"gender":"male","name":{"title":"Mr","first":"Bjørn","last":"Ødegården"},"location":{"street":{"number":9440,"name":"Brennastubben"},"city":"Skjeggestadåsen","state":"Vestfold","country":"Norway","postcode":"2390","coordinates":{"latitude":"43.2563","longitude":"-150.4710"},"timezone":{"offset":"-10:00","description":"Hawaii"}},"email":"bjorn.odegarden@example.com","login":{"uuid":"2f1f1bf6-6fbb-49b0-bf59-1d419ea1226b","username":"greenmeercat199","password":"walnut","salt":"y8USLSbC","md5":"3a073ad4b5ec0fe3169d6185894dbfd9","sha1":"b0b6f8eadef285c8e8981d3db99205301a310030","sha256":"602b12cda24a90d5a49d412d1a819c558a32854dafc7159d3969896f4f162471"},"dob":{"date":"1992-07-12T02:50:37.137Z","age":31},"registered":{"date":"2007-12-18T11:37:34.353Z","age":16},"phone":"69601137","cell":"46239661","id":{"name":"FN","value":"12079202329"},"picture":{"large":"https://randomuser.me/api/portraits/men/10.jpg","medium":"https://randomuser.me/api/portraits/med/men/10.jpg","thumbnail":"https://randomuser.me/api/portraits/thumb/men/10.jpg"},"nat":"NO"}],"info":{"seed":"8029b626ab1a6362","results":1,"page":1,"version":"1.4"}} 
 </msg>
<msg time="2024-06-05T01:04:48.939914" level="INFO">/opt/hostedtoolcache/Python/3.12.3/x64/lib/python3.12/site-packages/urllib3/connectionpool.py:1103: InsecureRequestWarning: Unverified HTTPS request is being made to host 'randomuser.me'. Adding certificate verification is strongly advised. See: https://urllib3.readthedocs.io/en/latest/advanced-usage.html#tls-warnings
  warnings.warn(</msg>
<msg time="2024-06-05T01:04:48.940007" level="INFO">${response} = &lt;Response [200]&gt;</msg>
<var>${response}</var>
<arg>consultarAPI</arg>
<arg>/api</arg>
<doc>Sends a GET request on a previously created HTTP Session.</doc>
<status status="PASS" start="2024-06-05T01:04:48.833481" elapsed="0.106567"/>
</kw>
<kw name="Set Variable" owner="BuiltIn">
<msg time="2024-06-05T01:04:48.940902" level="INFO">${json_data} = {'results': [{'gender': 'male', 'name': {'title': 'Mr', 'first': 'Bjørn', 'last': 'Ødegården'}, 'location': {'street': {'number': 9440, 'name': 'Brennastubben'}, 'city': 'Skjeggestadåsen', 'state': 'V...</msg>
<var>${json_data}</var>
<arg>${response.json()}</arg>
<doc>Returns the given values which can then be assigned to a variables.</doc>
<status status="PASS" start="2024-06-05T01:04:48.940443" elapsed="0.000489"/>
</kw>
<kw name="Log" owner="BuiltIn">
<msg time="2024-06-05T01:04:48.941428" level="INFO">{'results': [{'gender': 'male', 'name': {'title': 'Mr', 'first': 'Bjørn', 'last': 'Ødegården'}, 'location': {'street': {'number': 9440, 'name': 'Brennastubben'}, 'city': 'Skjeggestadåsen', 'state': 'Vestfold', 'country': 'Norway', 'postcode': '2390', 'coordinates': {'latitude': '43.2563', 'longitude': '-150.4710'}, 'timezone': {'offset': '-10:00', 'description': 'Hawaii'}}, 'email': 'bjorn.odegarden@example.com', 'login': {'uuid': '2f1f1bf6-6fbb-49b0-bf59-1d419ea1226b', 'username': 'greenmeercat199', 'password': 'walnut', 'salt': 'y8USLSbC', 'md5': '3a073ad4b5ec0fe3169d6185894dbfd9', 'sha1': 'b0b6f8eadef285c8e8981d3db99205301a310030', 'sha256': '602b12cda24a90d5a49d412d1a819c558a32854dafc7159d3969896f4f162471'}, 'dob': {'date': '1992-07-12T02:50:37.137Z', 'age': 31}, 'registered': {'date': '2007-12-18T11:37:34.353Z', 'age': 16}, 'phone': '69601137', 'cell': '46239661', 'id': {'name': 'FN', 'value': '12079202329'}, 'picture': {'large': 'https://randomuser.me/api/portraits/men/10.jpg', 'medium': 'https://randomuser.me/api/portraits/med/men/10.jpg', 'thumbnail': 'https://randomuser.me/api/portraits/thumb/men/10.jpg'}, 'nat': 'NO'}], 'info': {'seed': '8029b626ab1a6362', 'results': 1, 'page': 1, 'version': '1.4'}}</msg>
<arg>${json_data}</arg>
<doc>Logs the given message with the given level.</doc>
<status status="PASS" start="2024-06-05T01:04:48.941270" elapsed="0.000239"/>
</kw>
<kw name="Should Be String" owner="String">
<arg>${json_data['results'][0]['gender']}</arg>
<doc>Fails if the given ``item`` is not a string.</doc>
<status status="PASS" start="2024-06-05T01:04:48.941811" elapsed="0.000362"/>
</kw>
<kw name="Should Match Regexp" owner="BuiltIn">
<arg>${json_data['results'][0]['email']}</arg>
<arg>^[a-zA-Z0-9._%+-]+@[a-zA-Z0-9.-]+\.[a-zA-Z]{2,}$</arg>
<doc>Fails if ``string`` does not match ``pattern`` as a regular expression.</doc>
<status status="PASS" start="2024-06-05T01:04:48.942366" elapsed="0.000690"/>
</kw>
<kw name="Should Match Regexp" owner="BuiltIn">
<arg>${json_data['results'][0]['dob']['date']}</arg>
<arg>\\d{4}-\\d{2}-\\d{2}T\\d{2}:\\d{2}:\\d{2}\\.\\d{3}Z</arg>
<doc>Fails if ``string`` does not match ``pattern`` as a regular expression.</doc>
<status status="PASS" start="2024-06-05T01:04:48.943348" elapsed="0.000501"/>
</kw>
<kw name="Should Match Regexp" owner="BuiltIn">
<arg>${json_data['results'][0]['registered']['date']}</arg>
<arg>\\d{4}-\\d{2}-\\d{2}T\\d{2}:\\d{2}:\\d{2}\\.\\d{3}Z</arg>
<doc>Fails if ``string`` does not match ``pattern`` as a regular expression.</doc>
<status status="PASS" start="2024-06-05T01:04:48.944048" elapsed="0.000366"/>
</kw>
<kw name="Should Match Regexp" owner="BuiltIn">
<arg>${json_data['results'][0]['picture']['large']}</arg>
<arg>^https?://.*\.(?:png|jpe?g|gif|bmp)$</arg>
<doc>Fails if ``string`` does not match ``pattern`` as a regular expression.</doc>
<status status="PASS" start="2024-06-05T01:04:48.944602" elapsed="0.000486"/>
</kw>
<kw name="Should Match Regexp" owner="BuiltIn">
<arg>${json_data['results'][0]['picture']['medium']}</arg>
<arg>^https?://.*\.(?:png|jpe?g|gif|bmp)$</arg>
<doc>Fails if ``string`` does not match ``pattern`` as a regular expression.</doc>
<status status="PASS" start="2024-06-05T01:04:48.945282" elapsed="0.000352"/>
</kw>
<kw name="Should Match Regexp" owner="BuiltIn">
<arg>${json_data['results'][0]['picture']['thumbnail']}</arg>
<arg>^https?://.*\.(?:png|jpe?g|gif|bmp)$</arg>
<doc>Fails if ``string`` does not match ``pattern`` as a regular expression.</doc>
<status status="PASS" start="2024-06-05T01:04:48.945823" elapsed="0.000353"/>
</kw>
<kw name="Log" owner="BuiltIn">
<msg time="2024-06-05T01:04:48.946680" level="INFO">{'large': 'https://randomuser.me/api/portraits/men/10.jpg', 'medium': 'https://randomuser.me/api/portraits/med/men/10.jpg', 'thumbnail': 'https://randomuser.me/api/portraits/thumb/men/10.jpg'}</msg>
<arg>${json_data['results'][0]['picture']}</arg>
<doc>Logs the given message with the given level.</doc>
<status status="PASS" start="2024-06-05T01:04:48.946360" elapsed="0.000361"/>
</kw>
<status status="PASS" start="2024-06-05T01:04:48.833253" elapsed="0.113723"/>
</kw>
<kw name="Teste de Tipos de Dados - Postcode" owner="random-user-service">
<kw name="GET On Session" owner="RequestsLibrary">
<msg time="2024-06-05T01:04:49.043361" level="INFO">GET Request : url=https://randomuser.me/api 
 path_url=/api 
 headers={'User-Agent': 'python-requests/2.32.3', 'Accept-Encoding': 'gzip, deflate', 'Accept': '*/*', 'Connection': 'keep-alive'} 
 body=None 
 </msg>
<msg time="2024-06-05T01:04:49.043489" level="INFO">GET Response : url=https://randomuser.me/api 
 status=200, reason=OK 
 headers={'Date': 'Wed, 05 Jun 2024 01:04:49 GMT', 'Content-Type': 'application/json; charset=utf-8', 'Transfer-Encoding': 'chunked', 'Connection': 'keep-alive', 'X-Powered-By': 'Express', 'Access-Control-Allow-Origin': '*', 'Cache-Control': 'no-cache', 'ETag': 'W/"479-rLSgICzEIoCimU4GBuQ/07CXctQ"', 'Vary': 'Accept-Encoding', 'Content-Encoding': 'gzip', 'CF-Cache-Status': 'DYNAMIC', 'Report-To': '{"endpoints":[{"url":"https:\\/\\/a.nel.cloudflare.com\\/report\\/v4?s=IWSUHT%2FDsqUgrYh2ixOHvQxDO3AUjwhsMk7ibNh2PEeNnZUXUI%2Bi7rz9B2E1hPVukP6%2FNfM90%2FApAmp9%2Bm7J9sxWBzY48k0d8YmqmDpoISv9HyPVxmuXqMtKXbETzWKz"}],"group":"cf-nel","max_age":604800}', 'NEL': '{"success_fraction":0,"report_to":"cf-nel","max_age":604800}', 'Server': 'cloudflare', 'CF-RAY': '88ec4031fcbd2f17-LAX', 'alt-svc': 'h3=":443"; ma=86400'} 
 body={"results":[{"gender":"male","name":{"title":"Mr","first":"Liam","last":"Green"},"location":{"street":{"number":6326,"name":"Taylor St"},"city":"Bathurst","state":"Queensland","country":"Australia","postcode":1217,"coordinates":{"latitude":"-84.8182","longitude":"-42.3226"},"timezone":{"offset":"-12:00","description":"Eniwetok, Kwajalein"}},"email":"liam.green@example.com","login":{"uuid":"a50ac266-4b67-432a-9458-7138a181a5d8","username":"greenleopard544","password":"darkness","salt":"qQzEnkPh","md5":"cb7fc2c94f68d84ed1782a2aba1d9021","sha1":"a2a47e6eea6f8b269ba0538c7d7d5ab6f33e5b33","sha256":"08ea047f975c8532b55ed1ebf84d94191d31236df83fd41557833ec8ff529967"},"dob":{"date":"1950-06-11T04:29:35.640Z","age":73},"registered":{"date":"2006-03-19T20:38:53.461Z","age":18},"phone":"06-0506-3853","cell":"0406-147-262","id":{"name":"TFN","value":"025902165"},"picture":{"large":"https://randomuser.me/api/portraits/men/52.jpg","medium":"https://randomuser.me/api/portraits/med/men/52.jpg","thumbnail":"https://randomuser.me/api/portraits/thumb/men/52.jpg"},"nat":"AU"}],"info":{"seed":"85b5b75792b99864","results":1,"page":1,"version":"1.4"}} 
 </msg>
<msg time="2024-06-05T01:04:49.043617" level="INFO">/opt/hostedtoolcache/Python/3.12.3/x64/lib/python3.12/site-packages/urllib3/connectionpool.py:1103: InsecureRequestWarning: Unverified HTTPS request is being made to host 'randomuser.me'. Adding certificate verification is strongly advised. See: https://urllib3.readthedocs.io/en/latest/advanced-usage.html#tls-warnings
  warnings.warn(</msg>
<msg time="2024-06-05T01:04:49.043796" level="INFO">${response} = &lt;Response [200]&gt;</msg>
<var>${response}</var>
<arg>consultarAPI</arg>
<arg>/api</arg>
<doc>Sends a GET request on a previously created HTTP Session.</doc>
<status status="PASS" start="2024-06-05T01:04:48.947413" elapsed="0.096438"/>
</kw>
<kw name="Set Variable" owner="BuiltIn">
<msg time="2024-06-05T01:04:49.045173" level="INFO">${json_data} = {'results': [{'gender': 'male', 'name': {'title': 'Mr', 'first': 'Liam', 'last': 'Green'}, 'location': {'street': {'number': 6326, 'name': 'Taylor St'}, 'city': 'Bathurst', 'state': 'Queensland', 'cou...</msg>
<var>${json_data}</var>
<arg>${response.json()}</arg>
<doc>Returns the given values which can then be assigned to a variables.</doc>
<status status="PASS" start="2024-06-05T01:04:49.044398" elapsed="0.000817"/>
</kw>
<kw name="Log" owner="BuiltIn">
<msg time="2024-06-05T01:04:49.045867" level="INFO">{'results': [{'gender': 'male', 'name': {'title': 'Mr', 'first': 'Liam', 'last': 'Green'}, 'location': {'street': {'number': 6326, 'name': 'Taylor St'}, 'city': 'Bathurst', 'state': 'Queensland', 'country': 'Australia', 'postcode': 1217, 'coordinates': {'latitude': '-84.8182', 'longitude': '-42.3226'}, 'timezone': {'offset': '-12:00', 'description': 'Eniwetok, Kwajalein'}}, 'email': 'liam.green@example.com', 'login': {'uuid': 'a50ac266-4b67-432a-9458-7138a181a5d8', 'username': 'greenleopard544', 'password': 'darkness', 'salt': 'qQzEnkPh', 'md5': 'cb7fc2c94f68d84ed1782a2aba1d9021', 'sha1': 'a2a47e6eea6f8b269ba0538c7d7d5ab6f33e5b33', 'sha256': '08ea047f975c8532b55ed1ebf84d94191d31236df83fd41557833ec8ff529967'}, 'dob': {'date': '1950-06-11T04:29:35.640Z', 'age': 73}, 'registered': {'date': '2006-03-19T20:38:53.461Z', 'age': 18}, 'phone': '06-0506-3853', 'cell': '0406-147-262', 'id': {'name': 'TFN', 'value': '025902165'}, 'picture': {'large': 'https://randomuser.me/api/portraits/men/52.jpg', 'medium': 'https://randomuser.me/api/portraits/med/men/52.jpg', 'thumbnail': 'https://randomuser.me/api/portraits/thumb/men/52.jpg'}, 'nat': 'AU'}], 'info': {'seed': '85b5b75792b99864', 'results': 1, 'page': 1, 'version': '1.4'}}</msg>
<arg>${json_data}</arg>
<doc>Logs the given message with the given level.</doc>
<status status="PASS" start="2024-06-05T01:04:49.045650" elapsed="0.000332"/>
</kw>
<kw name="Should Be Equal As Numbers" owner="BuiltIn">
<arg>${json_data['results'][0]['location']['postcode']}</arg>
<arg>${json_data['results'][0]['location']['postcode']}</arg>
<doc>Fails if objects are unequal after converting them to real numbers.</doc>
<status status="PASS" start="2024-06-05T01:04:49.046436" elapsed="0.001026"/>
</kw>
<kw name="Log" owner="BuiltIn">
<msg time="2024-06-05T01:04:49.048358" level="INFO">1217</msg>
<arg>${json_data['results'][0]['location']['postcode']}</arg>
<doc>Logs the given message with the given level.</doc>
<status status="PASS" start="2024-06-05T01:04:49.047789" elapsed="0.000641"/>
</kw>
<status status="PASS" start="2024-06-05T01:04:48.947192" elapsed="0.101638"/>
</kw>
<doc>Testa se os tipos de dados na resposta da API estão corretos.</doc>
<tag>testeTiposDados</tag>
<status status="PASS" start="2024-06-05T01:04:48.832787" elapsed="0.216326"/>
</test>
<test id="s1-s1-t5" name="Validar conteudo" line="35">
<kw name="Teste de Tipos de Conteudo" owner="random-user-service">
<kw name="GET On Session" owner="RequestsLibrary">
<msg time="2024-06-05T01:04:49.152794" level="INFO">GET Request : url=https://randomuser.me/api 
 path_url=/api 
 headers={'User-Agent': 'python-requests/2.32.3', 'Accept-Encoding': 'gzip, deflate', 'Accept': '*/*', 'Connection': 'keep-alive'} 
 body=None 
 </msg>
<msg time="2024-06-05T01:04:49.152877" level="INFO">GET Response : url=https://randomuser.me/api 
 status=200, reason=OK 
 headers={'Date': 'Wed, 05 Jun 2024 01:04:49 GMT', 'Content-Type': 'application/json; charset=utf-8', 'Transfer-Encoding': 'chunked', 'Connection': 'keep-alive', 'X-Powered-By': 'Express', 'Access-Control-Allow-Origin': '*', 'Cache-Control': 'no-cache', 'ETag': 'W/"463-fHYO7giF5/WfkzAfhG5xKzVTD6I"', 'Vary': 'Accept-Encoding', 'Content-Encoding': 'gzip', 'CF-Cache-Status': 'DYNAMIC', 'Report-To': '{"endpoints":[{"url":"https:\\/\\/a.nel.cloudflare.com\\/report\\/v4?s=aVtge68i2beE4pUDW05w4fkmBgvFqeTaU1dXwgVgNT69AuhvXEIYowTED5rBplMdwEr3CUNgS6McCyazrnNo7F0Enq%2FF04oUwwMndRDtkbkQL5CGQ7ByrXiOFeva8O90"}],"group":"cf-nel","max_age":604800}', 'NEL': '{"success_fraction":0,"report_to":"cf-nel","max_age":604800}', 'Server': 'cloudflare', 'CF-RAY': '88ec40329dbb2f17-LAX', 'alt-svc': 'h3=":443"; ma=86400'} 
 body={"results":[{"gender":"male","name":{"title":"Mr","first":"Diego","last":"Anwar"},"location":{"street":{"number":4798,"name":"Sturlas vei"},"city":"Leksvik","state":"Telemark","country":"Norway","postcode":"2606","coordinates":{"latitude":"44.3437","longitude":"-179.2533"},"timezone":{"offset":"-3:30","description":"Newfoundland"}},"email":"diego.anwar@example.com","login":{"uuid":"3057d7ce-6357-4ab0-9f53-e3a1d8b627b1","username":"greenduck942","password":"verbatim","salt":"znwDQTa1","md5":"6fce8f141e062d7752ba59cb30bcfc85","sha1":"0284c730d83ecd49bc4012e9cd2132cf134dd01d","sha256":"1defecf15ab1dfedf1cd52de11e34986db020a8daa6fa91ca801e6058f0965cb"},"dob":{"date":"1957-07-26T23:36:25.822Z","age":66},"registered":{"date":"2015-11-23T12:18:44.272Z","age":8},"phone":"85731470","cell":"98322243","id":{"name":"FN","value":"26075745779"},"picture":{"large":"https://randomuser.me/api/portraits/men/7.jpg","medium":"https://randomuser.me/api/portraits/med/men/7.jpg","thumbnail":"https://randomuser.me/api/portraits/thumb/men/7.jpg"},"nat":"NO"}],"info":{"seed":"cebb8a259e30e0ff","results":1,"page":1,"version":"1.4"}} 
 </msg>
<msg time="2024-06-05T01:04:49.152949" level="INFO">/opt/hostedtoolcache/Python/3.12.3/x64/lib/python3.12/site-packages/urllib3/connectionpool.py:1103: InsecureRequestWarning: Unverified HTTPS request is being made to host 'randomuser.me'. Adding certificate verification is strongly advised. See: https://urllib3.readthedocs.io/en/latest/advanced-usage.html#tls-warnings
  warnings.warn(</msg>
<msg time="2024-06-05T01:04:49.153102" level="INFO">${response} = &lt;Response [200]&gt;</msg>
<var>${response}</var>
<arg>consultarAPI</arg>
<arg>/api</arg>
<doc>Sends a GET request on a previously created HTTP Session.</doc>
<status status="PASS" start="2024-06-05T01:04:49.053242" elapsed="0.099914"/>
</kw>
<kw name="Set Variable" owner="BuiltIn">
<msg time="2024-06-05T01:04:49.153961" level="INFO">${json_data} = {'results': [{'gender': 'male', 'name': {'title': 'Mr', 'first': 'Diego', 'last': 'Anwar'}, 'location': {'street': {'number': 4798, 'name': 'Sturlas vei'}, 'city': 'Leksvik', 'state': 'Telemark', 'cou...</msg>
<var>${json_data}</var>
<arg>${response.json()}</arg>
<doc>Returns the given values which can then be assigned to a variables.</doc>
<status status="PASS" start="2024-06-05T01:04:49.153528" elapsed="0.000461"/>
</kw>
<kw name="Set Variable" owner="BuiltIn">
<msg time="2024-06-05T01:04:49.154665" level="INFO">${name_title} = Mr</msg>
<var>${name_title}</var>
<arg>${json_data["results"][0]["name"]["title"]}</arg>
<doc>Returns the given values which can then be assigned to a variables.</doc>
<status status="PASS" start="2024-06-05T01:04:49.154288" elapsed="0.000402"/>
</kw>
<kw name="Create List" owner="BuiltIn">
<msg time="2024-06-05T01:04:49.155127" level="INFO">${allowed_titles} = ['Mr', 'Ms', 'Miss', 'Mrs', 'Madame', 'Monsieur']</msg>
<var>${allowed_titles}</var>
<arg>Mr</arg>
<arg>Ms</arg>
<arg>Miss</arg>
<arg>Mrs</arg>
<arg>Madame</arg>
<arg>Monsieur</arg>
<doc>Returns a list containing given items.</doc>
<status status="PASS" start="2024-06-05T01:04:49.154982" elapsed="0.000168"/>
</kw>
<kw name="List Should Contain Value" owner="Collections">
<msg time="2024-06-05T01:04:49.155633" level="INFO">False</msg>
<arg>${allowed_titles}</arg>
<arg>${name_title}</arg>
<doc>Fails if the ``value`` is not found from ``list``.</doc>
<status status="PASS" start="2024-06-05T01:04:49.155455" elapsed="0.000214"/>
</kw>
<kw name="Set Variable" owner="BuiltIn">
<msg time="2024-06-05T01:04:49.156467" level="INFO">${name_country} = NO</msg>
<var>${name_country}</var>
<arg>${json_data["results"][0]["nat"]}</arg>
<doc>Returns the given values which can then be assigned to a variables.</doc>
<status status="PASS" start="2024-06-05T01:04:49.155957" elapsed="0.000536"/>
</kw>
<kw name="Create List" owner="BuiltIn">
<msg time="2024-06-05T01:04:49.157420" level="INFO">${list_country} = ['AD', 'AE', 'AF', 'AG', 'AI', 'AL', 'AM', 'AO', 'AQ', 'AR', 'AS', 'AT', 'AU', 'AW', 'AX', 'AZ', 'BA', 'BB', 'BD', 'BE', 'BF', 'BG', 'BH', 'BI', 'BJ', 'BL', 'BM', 'BN', 'BO', 'BQ', 'BR', 'BS', 'BT', '...</msg>
<var>${list_country}</var>
<arg>AD</arg>
<arg>AE</arg>
<arg>AF</arg>
<arg>AG</arg>
<arg>AI</arg>
<arg>AL</arg>
<arg>AM</arg>
<arg>AO</arg>
<arg>AQ</arg>
<arg>AR</arg>
<arg>AS</arg>
<arg>AT</arg>
<arg>AU</arg>
<arg>AW</arg>
<arg>AX</arg>
<arg>AZ</arg>
<arg>BA</arg>
<arg>BB</arg>
<arg>BD</arg>
<arg>BE</arg>
<arg>BF</arg>
<arg>BG</arg>
<arg>BH</arg>
<arg>BI</arg>
<arg>BJ</arg>
<arg>BL</arg>
<arg>BM</arg>
<arg>BN</arg>
<arg>BO</arg>
<arg>BQ</arg>
<arg>BR</arg>
<arg>BS</arg>
<arg>BT</arg>
<arg>BV</arg>
<arg>BW</arg>
<arg>BY</arg>
<arg>BZ</arg>
<arg>CA</arg>
<arg>CC</arg>
<arg>CD</arg>
<arg>CF</arg>
<arg>CG</arg>
<arg>CH</arg>
<arg>CI</arg>
<arg>CK</arg>
<arg>CL</arg>
<arg>CM</arg>
<arg>CN</arg>
<arg>CO</arg>
<arg>CR</arg>
<arg>CU</arg>
<arg>CV</arg>
<arg>CW</arg>
<arg>CX</arg>
<arg>CY</arg>
<arg>CZ</arg>
<arg>DE</arg>
<arg>DJ</arg>
<arg>DK</arg>
<arg>DM</arg>
<arg>DO</arg>
<arg>DZ</arg>
<arg>EC</arg>
<arg>EE</arg>
<arg>EG</arg>
<arg>EH</arg>
<arg>ER</arg>
<arg>ES</arg>
<arg>ET</arg>
<arg>FI</arg>
<arg>FJ</arg>
<arg>FK</arg>
<arg>FM</arg>
<arg>FO</arg>
<arg>FR</arg>
<arg>GA</arg>
<arg>GB</arg>
<arg>GD</arg>
<arg>GE</arg>
<arg>GF</arg>
<arg>GG</arg>
<arg>GH</arg>
<arg>GI</arg>
<arg>GL</arg>
<arg>GM</arg>
<arg>GN</arg>
<arg>GP</arg>
<arg>GQ</arg>
<arg>GR</arg>
<arg>GS</arg>
<arg>GT</arg>
<arg>GU</arg>
<arg>GW</arg>
<arg>GY</arg>
<arg>HK</arg>
<arg>HM</arg>
<arg>HN</arg>
<arg>HR</arg>
<arg>HT</arg>
<arg>HU</arg>
<arg>ID</arg>
<arg>IE</arg>
<arg>IL</arg>
<arg>IM</arg>
<arg>IN</arg>
<arg>IO</arg>
<arg>IQ</arg>
<arg>IR</arg>
<arg>IS</arg>
<arg>IT</arg>
<arg>JE</arg>
<arg>JM</arg>
<arg>JO</arg>
<arg>JP</arg>
<arg>KE</arg>
<arg>KG</arg>
<arg>KH</arg>
<arg>KI</arg>
<arg>KM</arg>
<arg>KN</arg>
<arg>KP</arg>
<arg>KR</arg>
<arg>KW</arg>
<arg>KY</arg>
<arg>KZ</arg>
<arg>LA</arg>
<arg>LB</arg>
<arg>LC</arg>
<arg>LI</arg>
<arg>LK</arg>
<arg>LR</arg>
<arg>LS</arg>
<arg>LT</arg>
<arg>LU</arg>
<arg>LV</arg>
<arg>LY</arg>
<arg>MA</arg>
<arg>MC</arg>
<arg>MD</arg>
<arg>ME</arg>
<arg>MF</arg>
<arg>MG</arg>
<arg>MH</arg>
<arg>MK</arg>
<arg>ML</arg>
<arg>MM</arg>
<arg>MN</arg>
<arg>MO</arg>
<arg>MP</arg>
<arg>MQ</arg>
<arg>MR</arg>
<arg>MS</arg>
<arg>MT</arg>
<arg>MU</arg>
<arg>MV</arg>
<arg>MW</arg>
<arg>MX</arg>
<arg>MY</arg>
<arg>MZ</arg>
<arg>NA</arg>
<arg>NC</arg>
<arg>NE</arg>
<arg>NF</arg>
<arg>NG</arg>
<arg>NI</arg>
<arg>NL</arg>
<arg>NO</arg>
<arg>NP</arg>
<arg>NR</arg>
<arg>NU</arg>
<arg>NZ</arg>
<arg>OM</arg>
<arg>PA</arg>
<arg>PE</arg>
<arg>PF</arg>
<arg>PG</arg>
<arg>PH</arg>
<arg>PK</arg>
<arg>PL</arg>
<arg>PM</arg>
<arg>PN</arg>
<arg>PR</arg>
<arg>PS</arg>
<arg>PT</arg>
<arg>PW</arg>
<arg>PY</arg>
<arg>QA</arg>
<arg>RE</arg>
<arg>RO</arg>
<arg>RS</arg>
<arg>RU</arg>
<arg>RW</arg>
<arg>SA</arg>
<arg>SB</arg>
<arg>SC</arg>
<arg>SD</arg>
<arg>SE</arg>
<arg>SG</arg>
<arg>SH</arg>
<arg>SI</arg>
<arg>SJ</arg>
<arg>SK</arg>
<arg>SL</arg>
<arg>SM</arg>
<arg>SN</arg>
<arg>SO</arg>
<arg>SR</arg>
<arg>SS</arg>
<arg>ST</arg>
<arg>SV</arg>
<arg>SX</arg>
<arg>SY</arg>
<arg>SZ</arg>
<arg>TC</arg>
<arg>TD</arg>
<arg>TF</arg>
<arg>TG</arg>
<arg>TH</arg>
<arg>TJ</arg>
<arg>TK</arg>
<arg>TL</arg>
<arg>TM</arg>
<arg>TN</arg>
<arg>TO</arg>
<arg>TR</arg>
<arg>TT</arg>
<arg>TV</arg>
<arg>TW</arg>
<arg>TZ</arg>
<arg>UA</arg>
<arg>UG</arg>
<arg>UM</arg>
<arg>US</arg>
<arg>UY</arg>
<arg>UZ</arg>
<arg>VA</arg>
<arg>VC</arg>
<arg>VE</arg>
<arg>VG</arg>
<arg>VI</arg>
<arg>VN</arg>
<arg>VU</arg>
<arg>WF</arg>
<arg>WS</arg>
<arg>XK</arg>
<arg>YE</arg>
<arg>YT</arg>
<arg>ZA</arg>
<arg>ZM</arg>
<arg>ZW</arg>
<doc>Returns a list containing given items.</doc>
<status status="PASS" start="2024-06-05T01:04:49.156799" elapsed="0.000647"/>
</kw>
<kw name="List Should Contain Value" owner="Collections">
<msg time="2024-06-05T01:04:49.158436" level="INFO">False</msg>
<arg>${list_country}</arg>
<arg>${name_country}</arg>
<doc>Fails if the ``value`` is not found from ``list``.</doc>
<status status="PASS" start="2024-06-05T01:04:49.158233" elapsed="0.000239"/>
</kw>
<kw name="Run Keyword If" owner="BuiltIn">
<kw name="Should Be True" owner="BuiltIn">
<arg>${True}</arg>
<doc>Fails if the given condition is not true.</doc>
<status status="PASS" start="2024-06-05T01:04:49.159530" elapsed="0.000144"/>
</kw>
<arg>${json_data["results"][0]["location"]["coordinates"]["latitude"]} &gt;= -90 and ${json_data["results"][0]["location"]["coordinates"]["latitude"]} &lt;= 90</arg>
<arg>Should Be True</arg>
<arg>${True}</arg>
<doc>Runs the given keyword with the given arguments, if ``condition`` is true.</doc>
<status status="PASS" start="2024-06-05T01:04:49.158784" elapsed="0.001018"/>
</kw>
<kw name="Run Keyword If" owner="BuiltIn">
<kw name="Should Be True" owner="BuiltIn">
<arg>${True}</arg>
<doc>Fails if the given condition is not true.</doc>
<status status="PASS" start="2024-06-05T01:04:49.160679" elapsed="0.000135"/>
</kw>
<arg>${json_data["results"][0]["location"]["coordinates"]["longitude"]} &gt;= -180 and ${json_data["results"][0]["location"]["coordinates"]["longitude"]} &lt;= 180</arg>
<arg>Should Be True</arg>
<arg>${True}</arg>
<doc>Runs the given keyword with the given arguments, if ``condition`` is true.</doc>
<status status="PASS" start="2024-06-05T01:04:49.159992" elapsed="0.000941"/>
</kw>
<status status="PASS" start="2024-06-05T01:04:49.052848" elapsed="0.108243"/>
</kw>
<doc>Testa o conteúdo específico dos campos retornados pela API.</doc>
<tag>testeConteudo</tag>
<status status="PASS" start="2024-06-05T01:04:49.052175" elapsed="0.109058"/>
</test>
<status status="PASS" start="2024-06-05T01:04:48.138973" elapsed="1.024108"/>
</suite>
<status status="PASS" start="2024-06-05T01:04:48.125464" elapsed="1.042666"/>
</suite>
<statistics>
<total>
<stat pass="5" fail="0" skip="0">All Tests</stat>
</total>
<tag>
<stat pass="1" fail="0" skip="0">testeConteudo</stat>
<stat pass="1" fail="0" skip="0">testeEstruturaResposta</stat>
<stat pass="1" fail="0" skip="0">testeRequisicaoBasica</stat>
<stat pass="1" fail="0" skip="0">testeTiposDados</stat>
</tag>
<suite>
<stat pass="5" fail="0" skip="0" id="s1" name="Tests">Tests</stat>
<stat pass="5" fail="0" skip="0" id="s1-s1" name="Random-User-Test">Tests.Random-User-Test</stat>
</suite>
</statistics>
<errors>
</errors>
</robot>
