<?xml version="1.0" encoding="UTF-8"?>
<robot generator="Robot 7.0 (Python 3.12.3 on linux)" generated="2024-06-09T06:19:38.229647" rpa="false" schemaversion="5">
<suite id="s1" name="Tests" source="/home/runner/work/ApiRandomUser/ApiRandomUser/RamdonUser/tests">
<suite id="s1-s1" name="Random-User-Test" source="/home/runner/work/ApiRandomUser/ApiRandomUser/RamdonUser/tests/random-user-test.robot">
<test id="s1-s1-t1" name="Conectar" line="13">
<kw name="Conectar API" owner="random-user-service">
<kw name="Create Session" owner="RequestsLibrary">
<msg time="2024-06-09T06:19:38.616775" level="INFO">Creating Session using : alias=consultarAPI, url=https://randomuser.me/, headers={},                     cookies={}, auth=None, timeout=None, proxies=None, verify=False,                     debug=0 </msg>
<arg>consultarAPI</arg>
<arg>${URL}</arg>
<doc>Create Session: create a HTTP session to a server</doc>
<status status="PASS" start="2024-06-09T06:19:38.616558" elapsed="0.000396"/>
</kw>
<status status="PASS" start="2024-06-09T06:19:38.615485" elapsed="0.001872"/>
</kw>
<status status="PASS" start="2024-06-09T06:19:38.614808" elapsed="0.002760"/>
</test>
<test id="s1-s1-t2" name="Validar retorno 200 e JSON Válido" line="16">
<kw name="Teste de Requisicao Basica" owner="random-user-service">
<kw name="GET On Session" owner="RequestsLibrary">
<msg time="2024-06-09T06:19:38.754015" level="INFO">GET Request : url=https://randomuser.me/api 
 path_url=/api 
 headers={'User-Agent': 'python-requests/2.32.3', 'Accept-Encoding': 'gzip, deflate', 'Accept': '*/*', 'Connection': 'keep-alive'} 
 body=None 
 </msg>
<msg time="2024-06-09T06:19:38.754228" level="INFO">GET Response : url=https://randomuser.me/api 
 status=200, reason=OK 
 headers={'Date': 'Sun, 09 Jun 2024 06:19:38 GMT', 'Content-Type': 'application/json; charset=utf-8', 'Transfer-Encoding': 'chunked', 'Connection': 'keep-alive', 'X-Powered-By': 'Express', 'Access-Control-Allow-Origin': '*', 'Cache-Control': 'no-cache', 'ETag': 'W/"485-j1X1bihcaVBbPLhu8sT6eVYPiBM"', 'Vary': 'Accept-Encoding', 'Content-Encoding': 'gzip', 'CF-Cache-Status': 'DYNAMIC', 'Report-To': '{"endpoints":[{"url":"https:\\/\\/a.nel.cloudflare.com\\/report\\/v4?s=cOA2eXTB4xy4Q97OtASmdz0SnKM%2BPLMHRCG42wDJXCL7UxLeY%2Bm7Za1zaftgyonsbEnFxfnM5S8%2BpvJS5ztk0zXklibOYEB7z%2FVtp%2BhjX4rVKoPv7TxXi8tEMwhrFFMg"}],"group":"cf-nel","max_age":604800}', 'NEL': '{"success_fraction":0,"report_to":"cf-nel","max_age":604800}', 'Server': 'cloudflare', 'CF-RAY': '890f02de999cfb30-SJC', 'alt-svc': 'h3=":443"; ma=86400'} 
 body={"results":[{"gender":"male","name":{"title":"Mr","first":"Eren","last":"Tekand"},"location":{"street":{"number":6079,"name":"Fatih Sultan Mehmet Cd"},"city":"Konya","state":"Sinop","country":"Turkey","postcode":86189,"coordinates":{"latitude":"67.4025","longitude":"-167.9599"},"timezone":{"offset":"-4:00","description":"Atlantic Time (Canada), Caracas, La Paz"}},"email":"eren.tekand@example.com","login":{"uuid":"5c49c8bd-0247-4417-9abe-6a535419f459","username":"sadwolf457","password":"norwich","salt":"aksEpgE1","md5":"8a86e85faed79295c6ba1acc540477d6","sha1":"facf8ec9ad6834ea0b8111dad905f91d3016295c","sha256":"f54729869f28576efb041d931ec5a94bec4daa4f5c1947b7adc2b0edc615d727"},"dob":{"date":"1983-05-12T15:18:24.471Z","age":41},"registered":{"date":"2008-09-05T23:32:59.803Z","age":15},"phone":"(320)-592-3661","cell":"(730)-163-1800","id":{"name":"","value":null},"picture":{"large":"https://randomuser.me/api/portraits/men/20.jpg","medium":"https://randomuser.me/api/portraits/med/men/20.jpg","thumbnail":"https://randomuser.me/api/portraits/thumb/men/20.jpg"},"nat":"TR"}],"info":{"seed":"85bd5ca5538f2be4","results":1,"page":1,"version":"1.4"}} 
 </msg>
<msg time="2024-06-09T06:19:38.754332" level="INFO">/opt/hostedtoolcache/Python/3.12.3/x64/lib/python3.12/site-packages/urllib3/connectionpool.py:1103: InsecureRequestWarning: Unverified HTTPS request is being made to host 'randomuser.me'. Adding certificate verification is strongly advised. See: https://urllib3.readthedocs.io/en/latest/advanced-usage.html#tls-warnings
  warnings.warn(</msg>
<msg time="2024-06-09T06:19:38.754503" level="INFO">${response} = &lt;Response [200]&gt;</msg>
<var>${response}</var>
<arg>consultarAPI</arg>
<arg>/api</arg>
<doc>Sends a GET request on a previously created HTTP Session.</doc>
<status status="PASS" start="2024-06-09T06:19:38.620177" elapsed="0.134369"/>
</kw>
<kw name="Should Be Equal As Numbers" owner="BuiltIn">
<msg time="2024-06-09T06:19:38.755706" level="INFO">Argument types are:
&lt;class 'int'&gt;
&lt;class 'str'&gt;</msg>
<arg>${response.status_code}</arg>
<arg>200</arg>
<doc>Fails if objects are unequal after converting them to real numbers.</doc>
<status status="PASS" start="2024-06-09T06:19:38.755191" elapsed="0.000580"/>
</kw>
<kw name="Log" owner="BuiltIn">
<msg time="2024-06-09T06:19:38.756467" level="INFO">200</msg>
<arg>${response.status_code}</arg>
<doc>Logs the given message with the given level.</doc>
<status status="PASS" start="2024-06-09T06:19:38.756115" elapsed="0.000399"/>
</kw>
<kw name="Set Variable" owner="BuiltIn">
<msg time="2024-06-09T06:19:38.757276" level="INFO">${json_data} = {'results': [{'gender': 'male', 'name': {'title': 'Mr', 'first': 'Eren', 'last': 'Tekand'}, 'location': {'street': {'number': 6079, 'name': 'Fatih Sultan Mehmet Cd'}, 'city': 'Konya', 'state': 'Sinop'...</msg>
<var>${json_data}</var>
<arg>${response.json()}</arg>
<doc>Returns the given values which can then be assigned to a variables.</doc>
<status status="PASS" start="2024-06-09T06:19:38.756823" elapsed="0.000488"/>
</kw>
<kw name="Dictionary Should Contain Key" owner="Collections">
<msg time="2024-06-09T06:19:38.757786" level="INFO">False</msg>
<arg>${json_data}</arg>
<arg>results</arg>
<doc>Fails if ``key`` is not found from ``dictionary``.</doc>
<status status="PASS" start="2024-06-09T06:19:38.757619" elapsed="0.000361"/>
</kw>
<status status="PASS" start="2024-06-09T06:19:38.619928" elapsed="0.138322"/>
</kw>
<doc>Testa se a API responde corretamente e retorna um objeto JSON válido.</doc>
<tag>testeRequisicaoBasica</tag>
<status status="PASS" start="2024-06-09T06:19:38.619449" elapsed="0.138982"/>
</test>
<test id="s1-s1-t3" name="Validar estrutura de resposta" line="22">
<kw name="Teste de Estrutura de Resposta" owner="random-user-service">
<kw name="GET On Session" owner="RequestsLibrary">
<msg time="2024-06-09T06:19:38.854996" level="INFO">GET Request : url=https://randomuser.me/api 
 path_url=/api 
 headers={'User-Agent': 'python-requests/2.32.3', 'Accept-Encoding': 'gzip, deflate', 'Accept': '*/*', 'Connection': 'keep-alive'} 
 body=None 
 </msg>
<msg time="2024-06-09T06:19:38.855107" level="INFO">GET Response : url=https://randomuser.me/api 
 status=200, reason=OK 
 headers={'Date': 'Sun, 09 Jun 2024 06:19:38 GMT', 'Content-Type': 'application/json; charset=utf-8', 'Transfer-Encoding': 'chunked', 'Connection': 'keep-alive', 'X-Powered-By': 'Express', 'Access-Control-Allow-Origin': '*', 'Cache-Control': 'no-cache', 'ETag': 'W/"46c-KjAVT6kX+iNttj1ZdlixfPY+CXg"', 'Vary': 'Accept-Encoding', 'Content-Encoding': 'gzip', 'CF-Cache-Status': 'DYNAMIC', 'Report-To': '{"endpoints":[{"url":"https:\\/\\/a.nel.cloudflare.com\\/report\\/v4?s=bza9tl4S236ZxE3%2FKQatfZ5LCSbW3PQqLp3nZYjLD3RCAC%2FgGUXe%2BPog%2BpgpfcYTcLPnkd7fmQ8X3MTHoM%2F4C53Z7zrOwxmJx0tb%2BBEyeLhaDijVYQZGm9dQPIv1jSE2"}],"group":"cf-nel","max_age":604800}', 'NEL': '{"success_fraction":0,"report_to":"cf-nel","max_age":604800}', 'Server': 'cloudflare', 'CF-RAY': '890f02df4a76fb30-SJC', 'alt-svc': 'h3=":443"; ma=86400'} 
 body={"results":[{"gender":"female","name":{"title":"Ms","first":"Lily","last":"Søreide"},"location":{"street":{"number":714,"name":"Jacob Aalls gate"},"city":"Frekhaug","state":"Hedmark","country":"Norway","postcode":"5550","coordinates":{"latitude":"40.8877","longitude":"121.0472"},"timezone":{"offset":"+4:30","description":"Kabul"}},"email":"lily.soreide@example.com","login":{"uuid":"8dea1635-ca47-41dd-9435-802ca8e47e8d","username":"goldenlion153","password":"cessna","salt":"PpDe11gp","md5":"4cff41ebd596825b580c36e3159d4a3d","sha1":"2daf8c934c7d508b5147192c00a5aa34d8805ca9","sha256":"fb00bd29562603e4bff4759cbc7c6cfb295fda6a3d7ffc61dd635866d0250f32"},"dob":{"date":"1953-01-01T15:03:02.687Z","age":71},"registered":{"date":"2017-11-16T18:42:56.599Z","age":6},"phone":"68248585","cell":"46819799","id":{"name":"FN","value":"01015345213"},"picture":{"large":"https://randomuser.me/api/portraits/women/61.jpg","medium":"https://randomuser.me/api/portraits/med/women/61.jpg","thumbnail":"https://randomuser.me/api/portraits/thumb/women/61.jpg"},"nat":"NO"}],"info":{"seed":"4861f4070343564b","results":1,"page":1,"version":"1.4"}} 
 </msg>
<msg time="2024-06-09T06:19:38.855224" level="INFO">/opt/hostedtoolcache/Python/3.12.3/x64/lib/python3.12/site-packages/urllib3/connectionpool.py:1103: InsecureRequestWarning: Unverified HTTPS request is being made to host 'randomuser.me'. Adding certificate verification is strongly advised. See: https://urllib3.readthedocs.io/en/latest/advanced-usage.html#tls-warnings
  warnings.warn(</msg>
<msg time="2024-06-09T06:19:38.855367" level="INFO">${response} = &lt;Response [200]&gt;</msg>
<var>${response}</var>
<arg>consultarAPI</arg>
<arg>/api</arg>
<doc>Sends a GET request on a previously created HTTP Session.</doc>
<status status="PASS" start="2024-06-09T06:19:38.761001" elapsed="0.094405"/>
</kw>
<kw name="Set Variable" owner="BuiltIn">
<msg time="2024-06-09T06:19:38.856576" level="INFO">${json_data} = {'results': [{'gender': 'female', 'name': {'title': 'Ms', 'first': 'Lily', 'last': 'Søreide'}, 'location': {'street': {'number': 714, 'name': 'Jacob Aalls gate'}, 'city': 'Frekhaug', 'state': 'Hedmark...</msg>
<var>${json_data}</var>
<arg>${response.json()}</arg>
<doc>Returns the given values which can then be assigned to a variables.</doc>
<status status="PASS" start="2024-06-09T06:19:38.855973" elapsed="0.000633"/>
</kw>
<kw name="Log" owner="BuiltIn">
<msg time="2024-06-09T06:19:38.857082" level="INFO">{'results': [{'gender': 'female', 'name': {'title': 'Ms', 'first': 'Lily', 'last': 'Søreide'}, 'location': {'street': {'number': 714, 'name': 'Jacob Aalls gate'}, 'city': 'Frekhaug', 'state': 'Hedmark', 'country': 'Norway', 'postcode': '5550', 'coordinates': {'latitude': '40.8877', 'longitude': '121.0472'}, 'timezone': {'offset': '+4:30', 'description': 'Kabul'}}, 'email': 'lily.soreide@example.com', 'login': {'uuid': '8dea1635-ca47-41dd-9435-802ca8e47e8d', 'username': 'goldenlion153', 'password': 'cessna', 'salt': 'PpDe11gp', 'md5': '4cff41ebd596825b580c36e3159d4a3d', 'sha1': '2daf8c934c7d508b5147192c00a5aa34d8805ca9', 'sha256': 'fb00bd29562603e4bff4759cbc7c6cfb295fda6a3d7ffc61dd635866d0250f32'}, 'dob': {'date': '1953-01-01T15:03:02.687Z', 'age': 71}, 'registered': {'date': '2017-11-16T18:42:56.599Z', 'age': 6}, 'phone': '68248585', 'cell': '46819799', 'id': {'name': 'FN', 'value': '01015345213'}, 'picture': {'large': 'https://randomuser.me/api/portraits/women/61.jpg', 'medium': 'https://randomuser.me/api/portraits/med/women/61.jpg', 'thumbnail': 'https://randomuser.me/api/portraits/thumb/women/61.jpg'}, 'nat': 'NO'}], 'info': {'seed': '4861f4070343564b', 'results': 1, 'page': 1, 'version': '1.4'}}</msg>
<arg>${json_data}</arg>
<doc>Logs the given message with the given level.</doc>
<status status="PASS" start="2024-06-09T06:19:38.856921" elapsed="0.000211"/>
</kw>
<kw name="Dictionary Should Contain Key" owner="Collections">
<msg time="2024-06-09T06:19:38.857625" level="INFO">False</msg>
<arg>${json_data}</arg>
<arg>results</arg>
<doc>Fails if ``key`` is not found from ``dictionary``.</doc>
<status status="PASS" start="2024-06-09T06:19:38.857465" elapsed="0.000196"/>
</kw>
<kw name="Should Not Be Empty" owner="BuiltIn">
<msg time="2024-06-09T06:19:38.858091" level="INFO">Length is 2.</msg>
<arg>${json_data}</arg>
<doc>Verifies that the given item is not empty.</doc>
<status status="PASS" start="2024-06-09T06:19:38.857959" elapsed="0.000171"/>
</kw>
<kw name="Create List" owner="BuiltIn">
<msg time="2024-06-09T06:19:38.858572" level="INFO">${expected_keys} = ['gender', 'name', 'location', 'email', 'login']</msg>
<var>${expected_keys}</var>
<arg>gender</arg>
<arg>name</arg>
<arg>location</arg>
<arg>email</arg>
<arg>login</arg>
<doc>Returns a list containing given items.</doc>
<status status="PASS" start="2024-06-09T06:19:38.858425" elapsed="0.000171"/>
</kw>
<for flavor="IN">
<iter>
<kw name="Dictionary Should Contain Key" owner="Collections">
<msg time="2024-06-09T06:19:38.859579" level="INFO">False</msg>
<arg>${json_data['results'][0]}</arg>
<arg>${key}</arg>
<doc>Fails if ``key`` is not found from ``dictionary``.</doc>
<status status="PASS" start="2024-06-09T06:19:38.859182" elapsed="0.000440"/>
</kw>
<kw name="Log" owner="BuiltIn">
<msg time="2024-06-09T06:19:38.860305" level="INFO">{'gender': 'female', 'name': {'title': 'Ms', 'first': 'Lily', 'last': 'Søreide'}, 'location': {'street': {'number': 714, 'name': 'Jacob Aalls gate'}, 'city': 'Frekhaug', 'state': 'Hedmark', 'country': 'Norway', 'postcode': '5550', 'coordinates': {'latitude': '40.8877', 'longitude': '121.0472'}, 'timezone': {'offset': '+4:30', 'description': 'Kabul'}}, 'email': 'lily.soreide@example.com', 'login': {'uuid': '8dea1635-ca47-41dd-9435-802ca8e47e8d', 'username': 'goldenlion153', 'password': 'cessna', 'salt': 'PpDe11gp', 'md5': '4cff41ebd596825b580c36e3159d4a3d', 'sha1': '2daf8c934c7d508b5147192c00a5aa34d8805ca9', 'sha256': 'fb00bd29562603e4bff4759cbc7c6cfb295fda6a3d7ffc61dd635866d0250f32'}, 'dob': {'date': '1953-01-01T15:03:02.687Z', 'age': 71}, 'registered': {'date': '2017-11-16T18:42:56.599Z', 'age': 6}, 'phone': '68248585', 'cell': '46819799', 'id': {'name': 'FN', 'value': '01015345213'}, 'picture': {'large': 'https://randomuser.me/api/portraits/women/61.jpg', 'medium': 'https://randomuser.me/api/portraits/med/women/61.jpg', 'thumbnail': 'https://randomuser.me/api/portraits/thumb/women/61.jpg'}, 'nat': 'NO'}</msg>
<arg>${json_data['results'][0]}</arg>
<doc>Logs the given message with the given level.</doc>
<status status="PASS" start="2024-06-09T06:19:38.859929" elapsed="0.000426"/>
</kw>
<kw name="Log" owner="BuiltIn">
<msg time="2024-06-09T06:19:38.860790" level="INFO">gender</msg>
<arg>${key}</arg>
<doc>Logs the given message with the given level.</doc>
<status status="PASS" start="2024-06-09T06:19:38.860661" elapsed="0.000167"/>
</kw>
<var name="${key}">gender</var>
<status status="PASS" start="2024-06-09T06:19:38.859051" elapsed="0.001995"/>
</iter>
<iter>
<kw name="Dictionary Should Contain Key" owner="Collections">
<msg time="2024-06-09T06:19:38.861757" level="INFO">False</msg>
<arg>${json_data['results'][0]}</arg>
<arg>${key}</arg>
<doc>Fails if ``key`` is not found from ``dictionary``.</doc>
<status status="PASS" start="2024-06-09T06:19:38.861375" elapsed="0.000419"/>
</kw>
<kw name="Log" owner="BuiltIn">
<msg time="2024-06-09T06:19:38.862476" level="INFO">{'gender': 'female', 'name': {'title': 'Ms', 'first': 'Lily', 'last': 'Søreide'}, 'location': {'street': {'number': 714, 'name': 'Jacob Aalls gate'}, 'city': 'Frekhaug', 'state': 'Hedmark', 'country': 'Norway', 'postcode': '5550', 'coordinates': {'latitude': '40.8877', 'longitude': '121.0472'}, 'timezone': {'offset': '+4:30', 'description': 'Kabul'}}, 'email': 'lily.soreide@example.com', 'login': {'uuid': '8dea1635-ca47-41dd-9435-802ca8e47e8d', 'username': 'goldenlion153', 'password': 'cessna', 'salt': 'PpDe11gp', 'md5': '4cff41ebd596825b580c36e3159d4a3d', 'sha1': '2daf8c934c7d508b5147192c00a5aa34d8805ca9', 'sha256': 'fb00bd29562603e4bff4759cbc7c6cfb295fda6a3d7ffc61dd635866d0250f32'}, 'dob': {'date': '1953-01-01T15:03:02.687Z', 'age': 71}, 'registered': {'date': '2017-11-16T18:42:56.599Z', 'age': 6}, 'phone': '68248585', 'cell': '46819799', 'id': {'name': 'FN', 'value': '01015345213'}, 'picture': {'large': 'https://randomuser.me/api/portraits/women/61.jpg', 'medium': 'https://randomuser.me/api/portraits/med/women/61.jpg', 'thumbnail': 'https://randomuser.me/api/portraits/thumb/women/61.jpg'}, 'nat': 'NO'}</msg>
<arg>${json_data['results'][0]}</arg>
<doc>Logs the given message with the given level.</doc>
<status status="PASS" start="2024-06-09T06:19:38.862122" elapsed="0.000404"/>
</kw>
<kw name="Log" owner="BuiltIn">
<msg time="2024-06-09T06:19:38.862961" level="INFO">name</msg>
<arg>${key}</arg>
<doc>Logs the given message with the given level.</doc>
<status status="PASS" start="2024-06-09T06:19:38.862823" elapsed="0.000176"/>
</kw>
<var name="${key}">name</var>
<status status="PASS" start="2024-06-09T06:19:38.861233" elapsed="0.001977"/>
</iter>
<iter>
<kw name="Dictionary Should Contain Key" owner="Collections">
<msg time="2024-06-09T06:19:38.863877" level="INFO">False</msg>
<arg>${json_data['results'][0]}</arg>
<arg>${key}</arg>
<doc>Fails if ``key`` is not found from ``dictionary``.</doc>
<status status="PASS" start="2024-06-09T06:19:38.863497" elapsed="0.000416"/>
</kw>
<kw name="Log" owner="BuiltIn">
<msg time="2024-06-09T06:19:38.864569" level="INFO">{'gender': 'female', 'name': {'title': 'Ms', 'first': 'Lily', 'last': 'Søreide'}, 'location': {'street': {'number': 714, 'name': 'Jacob Aalls gate'}, 'city': 'Frekhaug', 'state': 'Hedmark', 'country': 'Norway', 'postcode': '5550', 'coordinates': {'latitude': '40.8877', 'longitude': '121.0472'}, 'timezone': {'offset': '+4:30', 'description': 'Kabul'}}, 'email': 'lily.soreide@example.com', 'login': {'uuid': '8dea1635-ca47-41dd-9435-802ca8e47e8d', 'username': 'goldenlion153', 'password': 'cessna', 'salt': 'PpDe11gp', 'md5': '4cff41ebd596825b580c36e3159d4a3d', 'sha1': '2daf8c934c7d508b5147192c00a5aa34d8805ca9', 'sha256': 'fb00bd29562603e4bff4759cbc7c6cfb295fda6a3d7ffc61dd635866d0250f32'}, 'dob': {'date': '1953-01-01T15:03:02.687Z', 'age': 71}, 'registered': {'date': '2017-11-16T18:42:56.599Z', 'age': 6}, 'phone': '68248585', 'cell': '46819799', 'id': {'name': 'FN', 'value': '01015345213'}, 'picture': {'large': 'https://randomuser.me/api/portraits/women/61.jpg', 'medium': 'https://randomuser.me/api/portraits/med/women/61.jpg', 'thumbnail': 'https://randomuser.me/api/portraits/thumb/women/61.jpg'}, 'nat': 'NO'}</msg>
<arg>${json_data['results'][0]}</arg>
<doc>Logs the given message with the given level.</doc>
<status status="PASS" start="2024-06-09T06:19:38.864209" elapsed="0.000418"/>
</kw>
<kw name="Log" owner="BuiltIn">
<msg time="2024-06-09T06:19:38.865051" level="INFO">location</msg>
<arg>${key}</arg>
<doc>Logs the given message with the given level.</doc>
<status status="PASS" start="2024-06-09T06:19:38.864927" elapsed="0.000160"/>
</kw>
<var name="${key}">location</var>
<status status="PASS" start="2024-06-09T06:19:38.863386" elapsed="0.001952"/>
</iter>
<iter>
<kw name="Dictionary Should Contain Key" owner="Collections">
<msg time="2024-06-09T06:19:38.866115" level="INFO">False</msg>
<arg>${json_data['results'][0]}</arg>
<arg>${key}</arg>
<doc>Fails if ``key`` is not found from ``dictionary``.</doc>
<status status="PASS" start="2024-06-09T06:19:38.865626" elapsed="0.000527"/>
</kw>
<kw name="Log" owner="BuiltIn">
<msg time="2024-06-09T06:19:38.866804" level="INFO">{'gender': 'female', 'name': {'title': 'Ms', 'first': 'Lily', 'last': 'Søreide'}, 'location': {'street': {'number': 714, 'name': 'Jacob Aalls gate'}, 'city': 'Frekhaug', 'state': 'Hedmark', 'country': 'Norway', 'postcode': '5550', 'coordinates': {'latitude': '40.8877', 'longitude': '121.0472'}, 'timezone': {'offset': '+4:30', 'description': 'Kabul'}}, 'email': 'lily.soreide@example.com', 'login': {'uuid': '8dea1635-ca47-41dd-9435-802ca8e47e8d', 'username': 'goldenlion153', 'password': 'cessna', 'salt': 'PpDe11gp', 'md5': '4cff41ebd596825b580c36e3159d4a3d', 'sha1': '2daf8c934c7d508b5147192c00a5aa34d8805ca9', 'sha256': 'fb00bd29562603e4bff4759cbc7c6cfb295fda6a3d7ffc61dd635866d0250f32'}, 'dob': {'date': '1953-01-01T15:03:02.687Z', 'age': 71}, 'registered': {'date': '2017-11-16T18:42:56.599Z', 'age': 6}, 'phone': '68248585', 'cell': '46819799', 'id': {'name': 'FN', 'value': '01015345213'}, 'picture': {'large': 'https://randomuser.me/api/portraits/women/61.jpg', 'medium': 'https://randomuser.me/api/portraits/med/women/61.jpg', 'thumbnail': 'https://randomuser.me/api/portraits/thumb/women/61.jpg'}, 'nat': 'NO'}</msg>
<arg>${json_data['results'][0]}</arg>
<doc>Logs the given message with the given level.</doc>
<status status="PASS" start="2024-06-09T06:19:38.866448" elapsed="0.000414"/>
</kw>
<kw name="Log" owner="BuiltIn">
<msg time="2024-06-09T06:19:38.867283" level="INFO">email</msg>
<arg>${key}</arg>
<doc>Logs the given message with the given level.</doc>
<status status="PASS" start="2024-06-09T06:19:38.867158" elapsed="0.000161"/>
</kw>
<var name="${key}">email</var>
<status status="PASS" start="2024-06-09T06:19:38.865515" elapsed="0.002014"/>
</iter>
<iter>
<kw name="Dictionary Should Contain Key" owner="Collections">
<msg time="2024-06-09T06:19:38.868191" level="INFO">False</msg>
<arg>${json_data['results'][0]}</arg>
<arg>${key}</arg>
<doc>Fails if ``key`` is not found from ``dictionary``.</doc>
<status status="PASS" start="2024-06-09T06:19:38.867814" elapsed="0.000414"/>
</kw>
<kw name="Log" owner="BuiltIn">
<msg time="2024-06-09T06:19:38.868871" level="INFO">{'gender': 'female', 'name': {'title': 'Ms', 'first': 'Lily', 'last': 'Søreide'}, 'location': {'street': {'number': 714, 'name': 'Jacob Aalls gate'}, 'city': 'Frekhaug', 'state': 'Hedmark', 'country': 'Norway', 'postcode': '5550', 'coordinates': {'latitude': '40.8877', 'longitude': '121.0472'}, 'timezone': {'offset': '+4:30', 'description': 'Kabul'}}, 'email': 'lily.soreide@example.com', 'login': {'uuid': '8dea1635-ca47-41dd-9435-802ca8e47e8d', 'username': 'goldenlion153', 'password': 'cessna', 'salt': 'PpDe11gp', 'md5': '4cff41ebd596825b580c36e3159d4a3d', 'sha1': '2daf8c934c7d508b5147192c00a5aa34d8805ca9', 'sha256': 'fb00bd29562603e4bff4759cbc7c6cfb295fda6a3d7ffc61dd635866d0250f32'}, 'dob': {'date': '1953-01-01T15:03:02.687Z', 'age': 71}, 'registered': {'date': '2017-11-16T18:42:56.599Z', 'age': 6}, 'phone': '68248585', 'cell': '46819799', 'id': {'name': 'FN', 'value': '01015345213'}, 'picture': {'large': 'https://randomuser.me/api/portraits/women/61.jpg', 'medium': 'https://randomuser.me/api/portraits/med/women/61.jpg', 'thumbnail': 'https://randomuser.me/api/portraits/thumb/women/61.jpg'}, 'nat': 'NO'}</msg>
<arg>${json_data['results'][0]}</arg>
<doc>Logs the given message with the given level.</doc>
<status status="PASS" start="2024-06-09T06:19:38.868517" elapsed="0.000402"/>
</kw>
<kw name="Log" owner="BuiltIn">
<msg time="2024-06-09T06:19:38.869369" level="INFO">login</msg>
<arg>${key}</arg>
<doc>Logs the given message with the given level.</doc>
<status status="PASS" start="2024-06-09T06:19:38.869208" elapsed="0.000200"/>
</kw>
<var name="${key}">login</var>
<status status="PASS" start="2024-06-09T06:19:38.867702" elapsed="0.001924"/>
</iter>
<var>${key}</var>
<value>@{expected_keys}</value>
<status status="PASS" start="2024-06-09T06:19:38.858860" elapsed="0.010885"/>
</for>
<kw name="Create List" owner="BuiltIn">
<msg time="2024-06-09T06:19:38.870104" level="INFO">${expected_keysTwo} = ['username', 'password']</msg>
<var>${expected_keysTwo}</var>
<arg>username</arg>
<arg>password</arg>
<doc>Returns a list containing given items.</doc>
<status status="PASS" start="2024-06-09T06:19:38.869966" elapsed="0.000162"/>
</kw>
<for flavor="IN">
<iter>
<kw name="Dictionary Should Contain Key" owner="Collections">
<msg time="2024-06-09T06:19:38.871011" level="INFO">False</msg>
<arg>${json_data['results'][0]['login']}</arg>
<arg>${keyTwo}</arg>
<doc>Fails if ``key`` is not found from ``dictionary``.</doc>
<status status="PASS" start="2024-06-09T06:19:38.870628" elapsed="0.000419"/>
</kw>
<kw name="Dictionary Should Contain Key" owner="Collections">
<msg time="2024-06-09T06:19:38.871717" level="INFO">False</msg>
<arg>${json_data['results'][0]['login']}</arg>
<arg>${keyTwo}</arg>
<doc>Fails if ``key`` is not found from ``dictionary``.</doc>
<status status="PASS" start="2024-06-09T06:19:38.871342" elapsed="0.000411"/>
</kw>
<kw name="Log" owner="BuiltIn">
<msg time="2024-06-09T06:19:38.872179" level="INFO">username</msg>
<arg>${keyTwo}</arg>
<doc>Logs the given message with the given level.</doc>
<status status="PASS" start="2024-06-09T06:19:38.872054" elapsed="0.000162"/>
</kw>
<var name="${keyTwo}">username</var>
<status status="PASS" start="2024-06-09T06:19:38.870512" elapsed="0.001914"/>
</iter>
<iter>
<kw name="Dictionary Should Contain Key" owner="Collections">
<msg time="2024-06-09T06:19:38.873087" level="INFO">False</msg>
<arg>${json_data['results'][0]['login']}</arg>
<arg>${keyTwo}</arg>
<doc>Fails if ``key`` is not found from ``dictionary``.</doc>
<status status="PASS" start="2024-06-09T06:19:38.872709" elapsed="0.000414"/>
</kw>
<kw name="Dictionary Should Contain Key" owner="Collections">
<msg time="2024-06-09T06:19:38.873835" level="INFO">False</msg>
<arg>${json_data['results'][0]['login']}</arg>
<arg>${keyTwo}</arg>
<doc>Fails if ``key`` is not found from ``dictionary``.</doc>
<status status="PASS" start="2024-06-09T06:19:38.873451" elapsed="0.000421"/>
</kw>
<kw name="Log" owner="BuiltIn">
<msg time="2024-06-09T06:19:38.874288" level="INFO">password</msg>
<arg>${keyTwo}</arg>
<doc>Logs the given message with the given level.</doc>
<status status="PASS" start="2024-06-09T06:19:38.874162" elapsed="0.000162"/>
</kw>
<var name="${keyTwo}">password</var>
<status status="PASS" start="2024-06-09T06:19:38.872595" elapsed="0.001942"/>
</iter>
<var>${keyTwo}</var>
<value>@{expected_keysTwo}</value>
<status status="PASS" start="2024-06-09T06:19:38.870362" elapsed="0.004296"/>
</for>
<status status="PASS" start="2024-06-09T06:19:38.760761" elapsed="0.114037"/>
</kw>
<doc>Testa a estrutura da resposta da API.</doc>
<tag>testeEstruturaResposta</tag>
<status status="PASS" start="2024-06-09T06:19:38.760261" elapsed="0.114694"/>
</test>
<test id="s1-s1-t4" name="Validar tipos de dados" line="28">
<kw name="Teste de Tipos de Dados" owner="random-user-service">
<kw name="GET On Session" owner="RequestsLibrary">
<msg time="2024-06-09T06:19:38.963930" level="INFO">GET Request : url=https://randomuser.me/api 
 path_url=/api 
 headers={'User-Agent': 'python-requests/2.32.3', 'Accept-Encoding': 'gzip, deflate', 'Accept': '*/*', 'Connection': 'keep-alive'} 
 body=None 
 </msg>
<msg time="2024-06-09T06:19:38.964000" level="INFO">GET Response : url=https://randomuser.me/api 
 status=200, reason=OK 
 headers={'Date': 'Sun, 09 Jun 2024 06:19:38 GMT', 'Content-Type': 'application/json; charset=utf-8', 'Transfer-Encoding': 'chunked', 'Connection': 'keep-alive', 'X-Powered-By': 'Express', 'Access-Control-Allow-Origin': '*', 'Cache-Control': 'no-cache', 'ETag': 'W/"48c-+tcY+Aaoy5HjRK26MqwKuCSDim4"', 'Vary': 'Accept-Encoding', 'Content-Encoding': 'gzip', 'CF-Cache-Status': 'DYNAMIC', 'Report-To': '{"endpoints":[{"url":"https:\\/\\/a.nel.cloudflare.com\\/report\\/v4?s=FN37sfsKjMNouVYH9bcmHtuFKMUTgfZha0J%2FwbWHlDS3Gt1cWthQ%2FvNXTCnlSCktwHNbZn4JtAq0UEUY%2BuxsqGg%2Bqj2Jz2X%2B8FZMIhmWHpdvuILor7QE3smnEstnOnGS"}],"group":"cf-nel","max_age":604800}', 'NEL': '{"success_fraction":0,"report_to":"cf-nel","max_age":604800}', 'Server': 'cloudflare', 'CF-RAY': '890f02e00b0ffb30-SJC', 'alt-svc': 'h3=":443"; ma=86400'} 
 body={"results":[{"gender":"male","name":{"title":"Mr","first":"Grigorije","last":"Jović"},"location":{"street":{"number":4179,"name":"Ilije Čalića"},"city":"Arilje","state":"North Bačka","country":"Serbia","postcode":41744,"coordinates":{"latitude":"59.8175","longitude":"-92.2495"},"timezone":{"offset":"-3:00","description":"Brazil, Buenos Aires, Georgetown"}},"email":"grigorije.jovic@example.com","login":{"uuid":"54564075-2b1e-4ed5-8148-a9be0ce1b073","username":"crazylion670","password":"bbking","salt":"lTh34YtI","md5":"3e630182479543377bbbff12f8b238bb","sha1":"2ae28268505ec2524c296f681e2f03cf78917923","sha256":"d0d98faea235677cc67d58c8acf8b528dcef4666f5f50ee721ca4fc1bbd18575"},"dob":{"date":"1976-12-22T22:36:29.443Z","age":47},"registered":{"date":"2017-04-04T18:59:45.601Z","age":7},"phone":"017-8070-420","cell":"063-3176-029","id":{"name":"SID","value":"575466619"},"picture":{"large":"https://randomuser.me/api/portraits/men/91.jpg","medium":"https://randomuser.me/api/portraits/med/men/91.jpg","thumbnail":"https://randomuser.me/api/portraits/thumb/men/91.jpg"},"nat":"RS"}],"info":{"seed":"158ff787a2d9a23e","results":1,"page":1,"version":"1.4"}} 
 </msg>
<msg time="2024-06-09T06:19:38.964061" level="INFO">/opt/hostedtoolcache/Python/3.12.3/x64/lib/python3.12/site-packages/urllib3/connectionpool.py:1103: InsecureRequestWarning: Unverified HTTPS request is being made to host 'randomuser.me'. Adding certificate verification is strongly advised. See: https://urllib3.readthedocs.io/en/latest/advanced-usage.html#tls-warnings
  warnings.warn(</msg>
<msg time="2024-06-09T06:19:38.964148" level="INFO">${response} = &lt;Response [200]&gt;</msg>
<var>${response}</var>
<arg>consultarAPI</arg>
<arg>/api</arg>
<doc>Sends a GET request on a previously created HTTP Session.</doc>
<status status="PASS" start="2024-06-09T06:19:38.877461" elapsed="0.086710"/>
</kw>
<kw name="Set Variable" owner="BuiltIn">
<msg time="2024-06-09T06:19:38.965078" level="INFO">${json_data} = {'results': [{'gender': 'male', 'name': {'title': 'Mr', 'first': 'Grigorije', 'last': 'Jović'}, 'location': {'street': {'number': 4179, 'name': 'Ilije Čalića'}, 'city': 'Arilje', 'state': 'North Bačka...</msg>
<var>${json_data}</var>
<arg>${response.json()}</arg>
<doc>Returns the given values which can then be assigned to a variables.</doc>
<status status="PASS" start="2024-06-09T06:19:38.964608" elapsed="0.000500"/>
</kw>
<kw name="Log" owner="BuiltIn">
<msg time="2024-06-09T06:19:38.965632" level="INFO">{'results': [{'gender': 'male', 'name': {'title': 'Mr', 'first': 'Grigorije', 'last': 'Jović'}, 'location': {'street': {'number': 4179, 'name': 'Ilije Čalića'}, 'city': 'Arilje', 'state': 'North Bačka', 'country': 'Serbia', 'postcode': 41744, 'coordinates': {'latitude': '59.8175', 'longitude': '-92.2495'}, 'timezone': {'offset': '-3:00', 'description': 'Brazil, Buenos Aires, Georgetown'}}, 'email': 'grigorije.jovic@example.com', 'login': {'uuid': '54564075-2b1e-4ed5-8148-a9be0ce1b073', 'username': 'crazylion670', 'password': 'bbking', 'salt': 'lTh34YtI', 'md5': '3e630182479543377bbbff12f8b238bb', 'sha1': '2ae28268505ec2524c296f681e2f03cf78917923', 'sha256': 'd0d98faea235677cc67d58c8acf8b528dcef4666f5f50ee721ca4fc1bbd18575'}, 'dob': {'date': '1976-12-22T22:36:29.443Z', 'age': 47}, 'registered': {'date': '2017-04-04T18:59:45.601Z', 'age': 7}, 'phone': '017-8070-420', 'cell': '063-3176-029', 'id': {'name': 'SID', 'value': '575466619'}, 'picture': {'large': 'https://randomuser.me/api/portraits/men/91.jpg', 'medium': 'https://randomuser.me/api/portraits/med/men/91.jpg', 'thumbnail': 'https://randomuser.me/api/portraits/thumb/men/91.jpg'}, 'nat': 'RS'}], 'info': {'seed': '158ff787a2d9a23e', 'results': 1, 'page': 1, 'version': '1.4'}}</msg>
<arg>${json_data}</arg>
<doc>Logs the given message with the given level.</doc>
<status status="PASS" start="2024-06-09T06:19:38.965467" elapsed="0.000216"/>
</kw>
<kw name="Should Be String" owner="String">
<arg>${json_data['results'][0]['gender']}</arg>
<doc>Fails if the given ``item`` is not a string.</doc>
<status status="PASS" start="2024-06-09T06:19:38.966051" elapsed="0.000364"/>
</kw>
<kw name="Should Match Regexp" owner="BuiltIn">
<arg>${json_data['results'][0]['email']}</arg>
<arg>^[a-zA-Z0-9._%+-]+@[a-zA-Z0-9.-]+\.[a-zA-Z]{2,}$</arg>
<doc>Fails if ``string`` does not match ``pattern`` as a regular expression.</doc>
<status status="PASS" start="2024-06-09T06:19:38.966611" elapsed="0.000626"/>
</kw>
<kw name="Should Match Regexp" owner="BuiltIn">
<arg>${json_data['results'][0]['dob']['date']}</arg>
<arg>\\d{4}-\\d{2}-\\d{2}T\\d{2}:\\d{2}:\\d{2}\\.\\d{3}Z</arg>
<doc>Fails if ``string`` does not match ``pattern`` as a regular expression.</doc>
<status status="PASS" start="2024-06-09T06:19:38.967433" elapsed="0.000488"/>
</kw>
<kw name="Should Match Regexp" owner="BuiltIn">
<arg>${json_data['results'][0]['registered']['date']}</arg>
<arg>\\d{4}-\\d{2}-\\d{2}T\\d{2}:\\d{2}:\\d{2}\\.\\d{3}Z</arg>
<doc>Fails if ``string`` does not match ``pattern`` as a regular expression.</doc>
<status status="PASS" start="2024-06-09T06:19:38.968113" elapsed="0.000364"/>
</kw>
<kw name="Should Match Regexp" owner="BuiltIn">
<arg>${json_data['results'][0]['picture']['large']}</arg>
<arg>^https?://.*\.(?:png|jpe?g|gif|bmp)$</arg>
<doc>Fails if ``string`` does not match ``pattern`` as a regular expression.</doc>
<status status="PASS" start="2024-06-09T06:19:38.968673" elapsed="0.000456"/>
</kw>
<kw name="Should Match Regexp" owner="BuiltIn">
<arg>${json_data['results'][0]['picture']['medium']}</arg>
<arg>^https?://.*\.(?:png|jpe?g|gif|bmp)$</arg>
<doc>Fails if ``string`` does not match ``pattern`` as a regular expression.</doc>
<status status="PASS" start="2024-06-09T06:19:38.969345" elapsed="0.000348"/>
</kw>
<kw name="Should Match Regexp" owner="BuiltIn">
<arg>${json_data['results'][0]['picture']['thumbnail']}</arg>
<arg>^https?://.*\.(?:png|jpe?g|gif|bmp)$</arg>
<doc>Fails if ``string`` does not match ``pattern`` as a regular expression.</doc>
<status status="PASS" start="2024-06-09T06:19:38.969878" elapsed="0.000344"/>
</kw>
<kw name="Log" owner="BuiltIn">
<msg time="2024-06-09T06:19:38.970727" level="INFO">{'large': 'https://randomuser.me/api/portraits/men/91.jpg', 'medium': 'https://randomuser.me/api/portraits/med/men/91.jpg', 'thumbnail': 'https://randomuser.me/api/portraits/thumb/men/91.jpg'}</msg>
<arg>${json_data['results'][0]['picture']}</arg>
<doc>Logs the given message with the given level.</doc>
<status status="PASS" start="2024-06-09T06:19:38.970402" elapsed="0.000365"/>
</kw>
<status status="PASS" start="2024-06-09T06:19:38.877196" elapsed="0.093823"/>
</kw>
<kw name="Teste de Tipos de Dados - Postcode" owner="random-user-service">
<kw name="GET On Session" owner="RequestsLibrary">
<msg time="2024-06-09T06:19:39.157673" level="INFO">GET Request : url=https://randomuser.me/api 
 path_url=/api 
 headers={'User-Agent': 'python-requests/2.32.3', 'Accept-Encoding': 'gzip, deflate', 'Accept': '*/*', 'Connection': 'keep-alive'} 
 body=None 
 </msg>
<msg time="2024-06-09T06:19:39.157770" level="INFO">GET Response : url=https://randomuser.me/api 
 status=200, reason=OK 
 headers={'Date': 'Sun, 09 Jun 2024 06:19:39 GMT', 'Content-Type': 'application/json; charset=utf-8', 'Transfer-Encoding': 'chunked', 'Connection': 'keep-alive', 'X-Powered-By': 'Express', 'Access-Control-Allow-Origin': '*', 'Cache-Control': 'no-cache', 'ETag': 'W/"47c-iE8BmteCIDTozrWdEIU6/K4uakQ"', 'Vary': 'Accept-Encoding', 'Content-Encoding': 'gzip', 'CF-Cache-Status': 'DYNAMIC', 'Report-To': '{"endpoints":[{"url":"https:\\/\\/a.nel.cloudflare.com\\/report\\/v4?s=ufTGJklawDiR8QhnDmZP5NN%2BcQR%2BgALZwa8w5OWxmUnmG%2FhmLecm%2FsgzpB4p3GSx65VM9LLpt%2BkJWmsPdZZdsOD1VW0fDAUyUdQweXzIg7fkJYlVN8qSqbaDeWxcFJkL"}],"group":"cf-nel","max_age":604800}', 'NEL': '{"success_fraction":0,"report_to":"cf-nel","max_age":604800}', 'Server': 'cloudflare', 'CF-RAY': '890f02e09b9bfb30-SJC', 'alt-svc': 'h3=":443"; ma=86400'} 
 body={"results":[{"gender":"male","name":{"title":"Mr","first":"Adam","last":"Lee"},"location":{"street":{"number":1925,"name":"Photinia Ave"},"city":"Adelaide","state":"Australian Capital Territory","country":"Australia","postcode":6829,"coordinates":{"latitude":"-88.7812","longitude":"-39.0894"},"timezone":{"offset":"-2:00","description":"Mid-Atlantic"}},"email":"adam.lee@example.com","login":{"uuid":"08639005-0f6b-4789-88b2-52443ac57f69","username":"reddog395","password":"klondike","salt":"c7ySDIKW","md5":"fa38a07ce8df57b4dc01651fbabe4f75","sha1":"3738861818a4550a9f76b5915c8b5a1089b159ae","sha256":"6b0852b49b3a81c3443228bd691c14bae22339db3ac03a7c804a13c5af1e15a5"},"dob":{"date":"1953-10-28T17:52:00.809Z","age":70},"registered":{"date":"2007-07-15T22:32:41.914Z","age":16},"phone":"01-6734-9457","cell":"0498-552-525","id":{"name":"TFN","value":"453366946"},"picture":{"large":"https://randomuser.me/api/portraits/men/26.jpg","medium":"https://randomuser.me/api/portraits/med/men/26.jpg","thumbnail":"https://randomuser.me/api/portraits/thumb/men/26.jpg"},"nat":"AU"}],"info":{"seed":"9e06d05eeca2d6f7","results":1,"page":1,"version":"1.4"}} 
 </msg>
<msg time="2024-06-09T06:19:39.157847" level="INFO">/opt/hostedtoolcache/Python/3.12.3/x64/lib/python3.12/site-packages/urllib3/connectionpool.py:1103: InsecureRequestWarning: Unverified HTTPS request is being made to host 'randomuser.me'. Adding certificate verification is strongly advised. See: https://urllib3.readthedocs.io/en/latest/advanced-usage.html#tls-warnings
  warnings.warn(</msg>
<msg time="2024-06-09T06:19:39.157970" level="INFO">${response} = &lt;Response [200]&gt;</msg>
<var>${response}</var>
<arg>consultarAPI</arg>
<arg>/api</arg>
<doc>Sends a GET request on a previously created HTTP Session.</doc>
<status status="PASS" start="2024-06-09T06:19:38.971452" elapsed="0.186565"/>
</kw>
<kw name="Set Variable" owner="BuiltIn">
<msg time="2024-06-09T06:19:39.158930" level="INFO">${json_data} = {'results': [{'gender': 'male', 'name': {'title': 'Mr', 'first': 'Adam', 'last': 'Lee'}, 'location': {'street': {'number': 1925, 'name': 'Photinia Ave'}, 'city': 'Adelaide', 'state': 'Australian Capit...</msg>
<var>${json_data}</var>
<arg>${response.json()}</arg>
<doc>Returns the given values which can then be assigned to a variables.</doc>
<status status="PASS" start="2024-06-09T06:19:39.158454" elapsed="0.000504"/>
</kw>
<kw name="Log" owner="BuiltIn">
<msg time="2024-06-09T06:19:39.159422" level="INFO">{'results': [{'gender': 'male', 'name': {'title': 'Mr', 'first': 'Adam', 'last': 'Lee'}, 'location': {'street': {'number': 1925, 'name': 'Photinia Ave'}, 'city': 'Adelaide', 'state': 'Australian Capital Territory', 'country': 'Australia', 'postcode': 6829, 'coordinates': {'latitude': '-88.7812', 'longitude': '-39.0894'}, 'timezone': {'offset': '-2:00', 'description': 'Mid-Atlantic'}}, 'email': 'adam.lee@example.com', 'login': {'uuid': '08639005-0f6b-4789-88b2-52443ac57f69', 'username': 'reddog395', 'password': 'klondike', 'salt': 'c7ySDIKW', 'md5': 'fa38a07ce8df57b4dc01651fbabe4f75', 'sha1': '3738861818a4550a9f76b5915c8b5a1089b159ae', 'sha256': '6b0852b49b3a81c3443228bd691c14bae22339db3ac03a7c804a13c5af1e15a5'}, 'dob': {'date': '1953-10-28T17:52:00.809Z', 'age': 70}, 'registered': {'date': '2007-07-15T22:32:41.914Z', 'age': 16}, 'phone': '01-6734-9457', 'cell': '0498-552-525', 'id': {'name': 'TFN', 'value': '453366946'}, 'picture': {'large': 'https://randomuser.me/api/portraits/men/26.jpg', 'medium': 'https://randomuser.me/api/portraits/med/men/26.jpg', 'thumbnail': 'https://randomuser.me/api/portraits/thumb/men/26.jpg'}, 'nat': 'AU'}], 'info': {'seed': '9e06d05eeca2d6f7', 'results': 1, 'page': 1, 'version': '1.4'}}</msg>
<arg>${json_data}</arg>
<doc>Logs the given message with the given level.</doc>
<status status="PASS" start="2024-06-09T06:19:39.159268" elapsed="0.000201"/>
</kw>
<kw name="Should Be Equal As Numbers" owner="BuiltIn">
<arg>${json_data['results'][0]['location']['postcode']}</arg>
<arg>${json_data['results'][0]['location']['postcode']}</arg>
<doc>Fails if objects are unequal after converting them to real numbers.</doc>
<status status="PASS" start="2024-06-09T06:19:39.159779" elapsed="0.000623"/>
</kw>
<kw name="Log" owner="BuiltIn">
<msg time="2024-06-09T06:19:39.160985" level="INFO">6829</msg>
<arg>${json_data['results'][0]['location']['postcode']}</arg>
<doc>Logs the given message with the given level.</doc>
<status status="PASS" start="2024-06-09T06:19:39.160646" elapsed="0.000381"/>
</kw>
<status status="PASS" start="2024-06-09T06:19:38.971231" elapsed="0.190074"/>
</kw>
<doc>Testa se os tipos de dados na resposta da API estão corretos.</doc>
<tag>testeTiposDados</tag>
<status status="PASS" start="2024-06-09T06:19:38.876731" elapsed="0.284755"/>
</test>
<test id="s1-s1-t5" name="Validar conteudo" line="35">
<kw name="Teste de Tipos de Conteudo" owner="random-user-service">
<kw name="GET On Session" owner="RequestsLibrary">
<msg time="2024-06-09T06:19:39.250742" level="INFO">GET Request : url=https://randomuser.me/api 
 path_url=/api 
 headers={'User-Agent': 'python-requests/2.32.3', 'Accept-Encoding': 'gzip, deflate', 'Accept': '*/*', 'Connection': 'keep-alive'} 
 body=None 
 </msg>
<msg time="2024-06-09T06:19:39.250819" level="INFO">GET Response : url=https://randomuser.me/api 
 status=200, reason=OK 
 headers={'Date': 'Sun, 09 Jun 2024 06:19:39 GMT', 'Content-Type': 'application/json; charset=utf-8', 'Transfer-Encoding': 'chunked', 'Connection': 'keep-alive', 'X-Powered-By': 'Express', 'Access-Control-Allow-Origin': '*', 'Cache-Control': 'no-cache', 'ETag': 'W/"482-Qe+qkJizEKCzh1xGawvI0NW/lH4"', 'Vary': 'Accept-Encoding', 'Content-Encoding': 'gzip', 'CF-Cache-Status': 'DYNAMIC', 'Report-To': '{"endpoints":[{"url":"https:\\/\\/a.nel.cloudflare.com\\/report\\/v4?s=fZL4rdVd8lGql5ASTKchmGpHlVQgitr60%2BFnPHK6YE4IclmCZmpysYPzLw7fXeqfkXMQECJAqooPSUbYtzJL6g8pIp7TKCJ2QvBroSaSezy73gtPplEzHLouyq5Vg2ye"}],"group":"cf-nel","max_age":604800}', 'NEL': '{"success_fraction":0,"report_to":"cf-nel","max_age":604800}', 'Server': 'cloudflare', 'CF-RAY': '890f02e1dc8bfb30-SJC', 'alt-svc': 'h3=":443"; ma=86400'} 
 body={"results":[{"gender":"female","name":{"title":"Ms","first":"Sofie","last":"Andersen"},"location":{"street":{"number":9375,"name":"Idrætsvej"},"city":"Nimtofte","state":"Nordjylland","country":"Denmark","postcode":12420,"coordinates":{"latitude":"-41.6994","longitude":"0.6855"},"timezone":{"offset":"-11:00","description":"Midway Island, Samoa"}},"email":"sofie.andersen@example.com","login":{"uuid":"e0e0f689-0949-4a2e-8059-ce48aec71136","username":"organicrabbit898","password":"flyboy","salt":"MqLNk5sd","md5":"0ba2209f3f429b224723b55d3801cc4e","sha1":"db43baa9487090b9bbeb9c55bc7e412248ed8339","sha256":"1ed2112aa526c66003f252178d25dfb609a372d7342ad8e3eb4dbe602ff61132"},"dob":{"date":"1961-08-21T11:55:25.134Z","age":62},"registered":{"date":"2012-11-15T11:26:11.799Z","age":11},"phone":"97400244","cell":"26638209","id":{"name":"CPR","value":"210861-0002"},"picture":{"large":"https://randomuser.me/api/portraits/women/61.jpg","medium":"https://randomuser.me/api/portraits/med/women/61.jpg","thumbnail":"https://randomuser.me/api/portraits/thumb/women/61.jpg"},"nat":"DK"}],"info":{"seed":"a4d591f706687b93","results":1,"page":1,"version":"1.4"}} 
 </msg>
<msg time="2024-06-09T06:19:39.250890" level="INFO">/opt/hostedtoolcache/Python/3.12.3/x64/lib/python3.12/site-packages/urllib3/connectionpool.py:1103: InsecureRequestWarning: Unverified HTTPS request is being made to host 'randomuser.me'. Adding certificate verification is strongly advised. See: https://urllib3.readthedocs.io/en/latest/advanced-usage.html#tls-warnings
  warnings.warn(</msg>
<msg time="2024-06-09T06:19:39.250996" level="INFO">${response} = &lt;Response [200]&gt;</msg>
<var>${response}</var>
<arg>consultarAPI</arg>
<arg>/api</arg>
<doc>Sends a GET request on a previously created HTTP Session.</doc>
<status status="PASS" start="2024-06-09T06:19:39.164330" elapsed="0.086707"/>
</kw>
<kw name="Set Variable" owner="BuiltIn">
<msg time="2024-06-09T06:19:39.251871" level="INFO">${json_data} = {'results': [{'gender': 'female', 'name': {'title': 'Ms', 'first': 'Sofie', 'last': 'Andersen'}, 'location': {'street': {'number': 9375, 'name': 'Idrætsvej'}, 'city': 'Nimtofte', 'state': 'Nordjylland...</msg>
<var>${json_data}</var>
<arg>${response.json()}</arg>
<doc>Returns the given values which can then be assigned to a variables.</doc>
<status status="PASS" start="2024-06-09T06:19:39.251433" elapsed="0.000467"/>
</kw>
<kw name="Set Variable" owner="BuiltIn">
<msg time="2024-06-09T06:19:39.252615" level="INFO">${name_title} = Ms</msg>
<var>${name_title}</var>
<arg>${json_data["results"][0]["name"]["title"]}</arg>
<doc>Returns the given values which can then be assigned to a variables.</doc>
<status status="PASS" start="2024-06-09T06:19:39.252230" elapsed="0.000411"/>
</kw>
<kw name="Create List" owner="BuiltIn">
<msg time="2024-06-09T06:19:39.253098" level="INFO">${allowed_titles} = ['Mr', 'Ms', 'Miss', 'Mrs', 'Madame', 'Monsieur']</msg>
<var>${allowed_titles}</var>
<arg>Mr</arg>
<arg>Ms</arg>
<arg>Miss</arg>
<arg>Mrs</arg>
<arg>Madame</arg>
<arg>Monsieur</arg>
<doc>Returns a list containing given items.</doc>
<status status="PASS" start="2024-06-09T06:19:39.252951" elapsed="0.000171"/>
</kw>
<kw name="List Should Contain Value" owner="Collections">
<msg time="2024-06-09T06:19:39.253663" level="INFO">False</msg>
<arg>${allowed_titles}</arg>
<arg>${name_title}</arg>
<doc>Fails if the ``value`` is not found from ``list``.</doc>
<status status="PASS" start="2024-06-09T06:19:39.253486" elapsed="0.000213"/>
</kw>
<kw name="Set Variable" owner="BuiltIn">
<msg time="2024-06-09T06:19:39.254530" level="INFO">${name_country} = DK</msg>
<var>${name_country}</var>
<arg>${json_data["results"][0]["nat"]}</arg>
<doc>Returns the given values which can then be assigned to a variables.</doc>
<status status="PASS" start="2024-06-09T06:19:39.254013" elapsed="0.000543"/>
</kw>
<kw name="Create List" owner="BuiltIn">
<msg time="2024-06-09T06:19:39.255458" level="INFO">${list_country} = ['AD', 'AE', 'AF', 'AG', 'AI', 'AL', 'AM', 'AO', 'AQ', 'AR', 'AS', 'AT', 'AU', 'AW', 'AX', 'AZ', 'BA', 'BB', 'BD', 'BE', 'BF', 'BG', 'BH', 'BI', 'BJ', 'BL', 'BM', 'BN', 'BO', 'BQ', 'BR', 'BS', 'BT', '...</msg>
<var>${list_country}</var>
<arg>AD</arg>
<arg>AE</arg>
<arg>AF</arg>
<arg>AG</arg>
<arg>AI</arg>
<arg>AL</arg>
<arg>AM</arg>
<arg>AO</arg>
<arg>AQ</arg>
<arg>AR</arg>
<arg>AS</arg>
<arg>AT</arg>
<arg>AU</arg>
<arg>AW</arg>
<arg>AX</arg>
<arg>AZ</arg>
<arg>BA</arg>
<arg>BB</arg>
<arg>BD</arg>
<arg>BE</arg>
<arg>BF</arg>
<arg>BG</arg>
<arg>BH</arg>
<arg>BI</arg>
<arg>BJ</arg>
<arg>BL</arg>
<arg>BM</arg>
<arg>BN</arg>
<arg>BO</arg>
<arg>BQ</arg>
<arg>BR</arg>
<arg>BS</arg>
<arg>BT</arg>
<arg>BV</arg>
<arg>BW</arg>
<arg>BY</arg>
<arg>BZ</arg>
<arg>CA</arg>
<arg>CC</arg>
<arg>CD</arg>
<arg>CF</arg>
<arg>CG</arg>
<arg>CH</arg>
<arg>CI</arg>
<arg>CK</arg>
<arg>CL</arg>
<arg>CM</arg>
<arg>CN</arg>
<arg>CO</arg>
<arg>CR</arg>
<arg>CU</arg>
<arg>CV</arg>
<arg>CW</arg>
<arg>CX</arg>
<arg>CY</arg>
<arg>CZ</arg>
<arg>DE</arg>
<arg>DJ</arg>
<arg>DK</arg>
<arg>DM</arg>
<arg>DO</arg>
<arg>DZ</arg>
<arg>EC</arg>
<arg>EE</arg>
<arg>EG</arg>
<arg>EH</arg>
<arg>ER</arg>
<arg>ES</arg>
<arg>ET</arg>
<arg>FI</arg>
<arg>FJ</arg>
<arg>FK</arg>
<arg>FM</arg>
<arg>FO</arg>
<arg>FR</arg>
<arg>GA</arg>
<arg>GB</arg>
<arg>GD</arg>
<arg>GE</arg>
<arg>GF</arg>
<arg>GG</arg>
<arg>GH</arg>
<arg>GI</arg>
<arg>GL</arg>
<arg>GM</arg>
<arg>GN</arg>
<arg>GP</arg>
<arg>GQ</arg>
<arg>GR</arg>
<arg>GS</arg>
<arg>GT</arg>
<arg>GU</arg>
<arg>GW</arg>
<arg>GY</arg>
<arg>HK</arg>
<arg>HM</arg>
<arg>HN</arg>
<arg>HR</arg>
<arg>HT</arg>
<arg>HU</arg>
<arg>ID</arg>
<arg>IE</arg>
<arg>IL</arg>
<arg>IM</arg>
<arg>IN</arg>
<arg>IO</arg>
<arg>IQ</arg>
<arg>IR</arg>
<arg>IS</arg>
<arg>IT</arg>
<arg>JE</arg>
<arg>JM</arg>
<arg>JO</arg>
<arg>JP</arg>
<arg>KE</arg>
<arg>KG</arg>
<arg>KH</arg>
<arg>KI</arg>
<arg>KM</arg>
<arg>KN</arg>
<arg>KP</arg>
<arg>KR</arg>
<arg>KW</arg>
<arg>KY</arg>
<arg>KZ</arg>
<arg>LA</arg>
<arg>LB</arg>
<arg>LC</arg>
<arg>LI</arg>
<arg>LK</arg>
<arg>LR</arg>
<arg>LS</arg>
<arg>LT</arg>
<arg>LU</arg>
<arg>LV</arg>
<arg>LY</arg>
<arg>MA</arg>
<arg>MC</arg>
<arg>MD</arg>
<arg>ME</arg>
<arg>MF</arg>
<arg>MG</arg>
<arg>MH</arg>
<arg>MK</arg>
<arg>ML</arg>
<arg>MM</arg>
<arg>MN</arg>
<arg>MO</arg>
<arg>MP</arg>
<arg>MQ</arg>
<arg>MR</arg>
<arg>MS</arg>
<arg>MT</arg>
<arg>MU</arg>
<arg>MV</arg>
<arg>MW</arg>
<arg>MX</arg>
<arg>MY</arg>
<arg>MZ</arg>
<arg>NA</arg>
<arg>NC</arg>
<arg>NE</arg>
<arg>NF</arg>
<arg>NG</arg>
<arg>NI</arg>
<arg>NL</arg>
<arg>NO</arg>
<arg>NP</arg>
<arg>NR</arg>
<arg>NU</arg>
<arg>NZ</arg>
<arg>OM</arg>
<arg>PA</arg>
<arg>PE</arg>
<arg>PF</arg>
<arg>PG</arg>
<arg>PH</arg>
<arg>PK</arg>
<arg>PL</arg>
<arg>PM</arg>
<arg>PN</arg>
<arg>PR</arg>
<arg>PS</arg>
<arg>PT</arg>
<arg>PW</arg>
<arg>PY</arg>
<arg>QA</arg>
<arg>RE</arg>
<arg>RO</arg>
<arg>RS</arg>
<arg>RU</arg>
<arg>RW</arg>
<arg>SA</arg>
<arg>SB</arg>
<arg>SC</arg>
<arg>SD</arg>
<arg>SE</arg>
<arg>SG</arg>
<arg>SH</arg>
<arg>SI</arg>
<arg>SJ</arg>
<arg>SK</arg>
<arg>SL</arg>
<arg>SM</arg>
<arg>SN</arg>
<arg>SO</arg>
<arg>SR</arg>
<arg>SS</arg>
<arg>ST</arg>
<arg>SV</arg>
<arg>SX</arg>
<arg>SY</arg>
<arg>SZ</arg>
<arg>TC</arg>
<arg>TD</arg>
<arg>TF</arg>
<arg>TG</arg>
<arg>TH</arg>
<arg>TJ</arg>
<arg>TK</arg>
<arg>TL</arg>
<arg>TM</arg>
<arg>TN</arg>
<arg>TO</arg>
<arg>TR</arg>
<arg>TT</arg>
<arg>TV</arg>
<arg>TW</arg>
<arg>TZ</arg>
<arg>UA</arg>
<arg>UG</arg>
<arg>UM</arg>
<arg>US</arg>
<arg>UY</arg>
<arg>UZ</arg>
<arg>VA</arg>
<arg>VC</arg>
<arg>VE</arg>
<arg>VG</arg>
<arg>VI</arg>
<arg>VN</arg>
<arg>VU</arg>
<arg>WF</arg>
<arg>WS</arg>
<arg>XK</arg>
<arg>YE</arg>
<arg>YT</arg>
<arg>ZA</arg>
<arg>ZM</arg>
<arg>ZW</arg>
<doc>Returns a list containing given items.</doc>
<status status="PASS" start="2024-06-09T06:19:39.254863" elapsed="0.000621"/>
</kw>
<kw name="List Should Contain Value" owner="Collections">
<msg time="2024-06-09T06:19:39.256474" level="INFO">False</msg>
<arg>${list_country}</arg>
<arg>${name_country}</arg>
<doc>Fails if the ``value`` is not found from ``list``.</doc>
<status status="PASS" start="2024-06-09T06:19:39.256269" elapsed="0.000240"/>
</kw>
<kw name="Run Keyword If" owner="BuiltIn">
<kw name="Should Be True" owner="BuiltIn">
<arg>${True}</arg>
<doc>Fails if the given condition is not true.</doc>
<status status="PASS" start="2024-06-09T06:19:39.257585" elapsed="0.000144"/>
</kw>
<arg>${json_data["results"][0]["location"]["coordinates"]["latitude"]} &gt;= -90 and ${json_data["results"][0]["location"]["coordinates"]["latitude"]} &lt;= 90</arg>
<arg>Should Be True</arg>
<arg>${True}</arg>
<doc>Runs the given keyword with the given arguments, if ``condition`` is true.</doc>
<status status="PASS" start="2024-06-09T06:19:39.256821" elapsed="0.001034"/>
</kw>
<kw name="Run Keyword If" owner="BuiltIn">
<kw name="Should Be True" owner="BuiltIn">
<arg>${True}</arg>
<doc>Fails if the given condition is not true.</doc>
<status status="PASS" start="2024-06-09T06:19:39.258722" elapsed="0.000136"/>
</kw>
<arg>${json_data["results"][0]["location"]["coordinates"]["longitude"]} &gt;= -180 and ${json_data["results"][0]["location"]["coordinates"]["longitude"]} &lt;= 180</arg>
<arg>Should Be True</arg>
<arg>${True}</arg>
<doc>Runs the given keyword with the given arguments, if ``condition`` is true.</doc>
<status status="PASS" start="2024-06-09T06:19:39.258038" elapsed="0.000940"/>
</kw>
<status status="PASS" start="2024-06-09T06:19:39.163954" elapsed="0.095152"/>
</kw>
<doc>Testa o conteúdo específico dos campos retornados pela API.</doc>
<tag>testeConteudo</tag>
<status status="PASS" start="2024-06-09T06:19:39.163248" elapsed="0.096004"/>
</test>
<status status="PASS" start="2024-06-09T06:19:38.286254" elapsed="0.974910"/>
</suite>
<status status="PASS" start="2024-06-09T06:19:38.272845" elapsed="0.993529"/>
</suite>
<statistics>
<total>
<stat pass="5" fail="0" skip="0">All Tests</stat>
</total>
<tag>
<stat pass="1" fail="0" skip="0">testeConteudo</stat>
<stat pass="1" fail="0" skip="0">testeEstruturaResposta</stat>
<stat pass="1" fail="0" skip="0">testeRequisicaoBasica</stat>
<stat pass="1" fail="0" skip="0">testeTiposDados</stat>
</tag>
<suite>
<stat pass="5" fail="0" skip="0" id="s1" name="Tests">Tests</stat>
<stat pass="5" fail="0" skip="0" id="s1-s1" name="Random-User-Test">Tests.Random-User-Test</stat>
</suite>
</statistics>
<errors>
</errors>
</robot>
