<?xml version="1.0" encoding="UTF-8"?>
<robot generator="Robot 7.0.1 (Python 3.12.3 on linux)" generated="2024-06-16T10:15:41.962631" rpa="false" schemaversion="5">
<suite id="s1" name="Tests" source="/home/runner/work/ApiRandomUser/ApiRandomUser/RamdonUser/tests">
<suite id="s1-s1" name="Random-User-Test" source="/home/runner/work/ApiRandomUser/ApiRandomUser/RamdonUser/tests/random-user-test.robot">
<test id="s1-s1-t1" name="Conectar" line="13">
<kw name="Conectar API" owner="random-user-service">
<kw name="Create Session" owner="RequestsLibrary">
<msg time="2024-06-16T10:15:42.396752" level="INFO">Creating Session using : alias=consultarAPI, url=https://randomuser.me/, headers={},                     cookies={}, auth=None, timeout=None, proxies=None, verify=False,                     debug=0 </msg>
<arg>consultarAPI</arg>
<arg>${URL}</arg>
<doc>Create Session: create a HTTP session to a server</doc>
<status status="PASS" start="2024-06-16T10:15:42.396514" elapsed="0.000460"/>
</kw>
<status status="PASS" start="2024-06-16T10:15:42.395349" elapsed="0.002083"/>
</kw>
<status status="PASS" start="2024-06-16T10:15:42.394714" elapsed="0.002934"/>
</test>
<test id="s1-s1-t2" name="Validar retorno 200 e JSON Válido" line="16">
<kw name="Teste de Requisicao Basica" owner="random-user-service">
<kw name="GET On Session" owner="RequestsLibrary">
<msg time="2024-06-16T10:15:42.525721" level="INFO">GET Request : url=https://randomuser.me/api 
 path_url=/api 
 headers={'User-Agent': 'python-requests/2.32.3', 'Accept-Encoding': 'gzip, deflate', 'Accept': '*/*', 'Connection': 'keep-alive'} 
 body=None 
 </msg>
<msg time="2024-06-16T10:15:42.525886" level="INFO">GET Response : url=https://randomuser.me/api 
 status=200, reason=OK 
 headers={'Date': 'Sun, 16 Jun 2024 10:15:42 GMT', 'Content-Type': 'application/json; charset=utf-8', 'Transfer-Encoding': 'chunked', 'Connection': 'keep-alive', 'X-Powered-By': 'Express', 'Access-Control-Allow-Origin': '*', 'Cache-Control': 'no-cache', 'ETag': 'W/"4aa-eZAklNVrYsIen4tIIzU/VCI1Jx4"', 'Vary': 'Accept-Encoding', 'Content-Encoding': 'gzip', 'CF-Cache-Status': 'DYNAMIC', 'Report-To': '{"endpoints":[{"url":"https:\\/\\/a.nel.cloudflare.com\\/report\\/v4?s=ReCPjgOy3ZxIIu3p9AkpeWQD6w5EwuQzsNzC8cNzEt8J1Bm4POjSDwmz8gpzurdXnUI9p9OaBpWA3J4xlWfa2m5pSB9ackou8X9zo3zal3YYPJ3SQqyHiYDgsKoDQRUZ"}],"group":"cf-nel","max_age":604800}', 'NEL': '{"success_fraction":0,"report_to":"cf-nel","max_age":604800}', 'Server': 'cloudflare', 'CF-RAY': '894a0a4a4ffa6338-ORD', 'alt-svc': 'h3=":443"; ma=86400'} 
 body={"results":[{"gender":"male","name":{"title":"Mr","first":"Maichel","last":"Van der Poll"},"location":{"street":{"number":4709,"name":"Kolfschoterdijk"},"city":"Den Hoorn Zh","state":"Zeeland","country":"Netherlands","postcode":"6097 SB","coordinates":{"latitude":"31.5092","longitude":"-135.2637"},"timezone":{"offset":"-4:00","description":"Atlantic Time (Canada), Caracas, La Paz"}},"email":"maichel.vanderpoll@example.com","login":{"uuid":"9c47f2d9-fda6-49e3-97a4-e0c4a5f41a00","username":"redelephant924","password":"joshua1","salt":"7YNAJ6le","md5":"274a3ee4da6ab32952ffb291f8bda4ab","sha1":"76dab86c434909636136aa766334290e0e97bc7f","sha256":"24841c82bd0f782ea9a14a10c0249e81b8f667a8f87efc889c41bafb0c48692f"},"dob":{"date":"1946-06-04T22:31:54.971Z","age":78},"registered":{"date":"2018-06-06T17:55:50.323Z","age":6},"phone":"(0564) 084747","cell":"(06) 73916422","id":{"name":"BSN","value":"88300788"},"picture":{"large":"https://randomuser.me/api/portraits/men/29.jpg","medium":"https://randomuser.me/api/portraits/med/men/29.jpg","thumbnail":"https://randomuser.me/api/portraits/thumb/men/29.jpg"},"nat":"NL"}],"info":{"seed":"fca26d642f0c06d3","results":1,"page":1,"version":"1.4"}} 
 </msg>
<msg time="2024-06-16T10:15:42.525974" level="INFO">/opt/hostedtoolcache/Python/3.12.3/x64/lib/python3.12/site-packages/urllib3/connectionpool.py:1103: InsecureRequestWarning: Unverified HTTPS request is being made to host 'randomuser.me'. Adding certificate verification is strongly advised. See: https://urllib3.readthedocs.io/en/latest/advanced-usage.html#tls-warnings
  warnings.warn(</msg>
<msg time="2024-06-16T10:15:42.526115" level="INFO">${response} = &lt;Response [200]&gt;</msg>
<var>${response}</var>
<arg>consultarAPI</arg>
<arg>/api</arg>
<doc>Sends a GET request on a previously created HTTP Session.</doc>
<status status="PASS" start="2024-06-16T10:15:42.400401" elapsed="0.125757"/>
</kw>
<kw name="Should Be Equal As Numbers" owner="BuiltIn">
<msg time="2024-06-16T10:15:42.527251" level="INFO">Argument types are:
&lt;class 'int'&gt;
&lt;class 'str'&gt;</msg>
<arg>${response.status_code}</arg>
<arg>200</arg>
<doc>Fails if objects are unequal after converting them to real numbers.</doc>
<status status="PASS" start="2024-06-16T10:15:42.526759" elapsed="0.000565"/>
</kw>
<kw name="Log" owner="BuiltIn">
<msg time="2024-06-16T10:15:42.528084" level="INFO">200</msg>
<arg>${response.status_code}</arg>
<doc>Logs the given message with the given level.</doc>
<status status="PASS" start="2024-06-16T10:15:42.527707" elapsed="0.000428"/>
</kw>
<kw name="Set Variable" owner="BuiltIn">
<msg time="2024-06-16T10:15:42.528910" level="INFO">${json_data} = {'results': [{'gender': 'male', 'name': {'title': 'Mr', 'first': 'Maichel', 'last': 'Van der Poll'}, 'location': {'street': {'number': 4709, 'name': 'Kolfschoterdijk'}, 'city': 'Den Hoorn Zh', 'state'...</msg>
<var>${json_data}</var>
<arg>${response.json()}</arg>
<doc>Returns the given values which can then be assigned to a variables.</doc>
<status status="PASS" start="2024-06-16T10:15:42.528463" elapsed="0.000475"/>
</kw>
<kw name="Dictionary Should Contain Key" owner="Collections">
<arg>${json_data}</arg>
<arg>results</arg>
<doc>Fails if ``key`` is not found from ``dictionary``.</doc>
<status status="PASS" start="2024-06-16T10:15:42.529252" elapsed="0.000212"/>
</kw>
<status status="PASS" start="2024-06-16T10:15:42.400124" elapsed="0.129500"/>
</kw>
<doc>Testa se a API responde corretamente e retorna um objeto JSON válido.</doc>
<tag>testeRequisicaoBasica</tag>
<status status="PASS" start="2024-06-16T10:15:42.399579" elapsed="0.130229"/>
</test>
<test id="s1-s1-t3" name="Validar estrutura de resposta" line="22">
<kw name="Teste de Estrutura de Resposta" owner="random-user-service">
<kw name="GET On Session" owner="RequestsLibrary">
<msg time="2024-06-16T10:15:42.588856" level="INFO">GET Request : url=https://randomuser.me/api 
 path_url=/api 
 headers={'User-Agent': 'python-requests/2.32.3', 'Accept-Encoding': 'gzip, deflate', 'Accept': '*/*', 'Connection': 'keep-alive'} 
 body=None 
 </msg>
<msg time="2024-06-16T10:15:42.588970" level="INFO">GET Response : url=https://randomuser.me/api 
 status=200, reason=OK 
 headers={'Date': 'Sun, 16 Jun 2024 10:15:42 GMT', 'Content-Type': 'application/json; charset=utf-8', 'Transfer-Encoding': 'chunked', 'Connection': 'keep-alive', 'X-Powered-By': 'Express', 'Access-Control-Allow-Origin': '*', 'Cache-Control': 'no-cache', 'ETag': 'W/"4a5-zPKwcM2iKbf4hJ8c/0F6rfp1wBA"', 'Vary': 'Accept-Encoding', 'Content-Encoding': 'gzip', 'CF-Cache-Status': 'DYNAMIC', 'Report-To': '{"endpoints":[{"url":"https:\\/\\/a.nel.cloudflare.com\\/report\\/v4?s=NAwFOLaWC4QYH06XUC%2FrrXZLbv%2Bkk1DPf1Zq%2FFIWHM1knNTu6Db0pf9wzCKEFzx4sgNZghjYy2fxR%2Fd3boGLM3CVIhMvf1qM4f9y%2FTvq6wNyjSdRhFd9R0PBDGBKoLfl"}],"group":"cf-nel","max_age":604800}', 'NEL': '{"success_fraction":0,"report_to":"cf-nel","max_age":604800}', 'Server': 'cloudflare', 'CF-RAY': '894a0a4ad8376338-ORD', 'alt-svc': 'h3=":443"; ma=86400'} 
 body={"results":[{"gender":"female","name":{"title":"Ms","first":"Louna","last":"Gauthier"},"location":{"street":{"number":1705,"name":"Rue de la Baleine"},"city":"Dijon","state":"Deux-Sèvres","country":"France","postcode":71804,"coordinates":{"latitude":"-21.0413","longitude":"30.0424"},"timezone":{"offset":"+5:30","description":"Bombay, Calcutta, Madras, New Delhi"}},"email":"louna.gauthier@example.com","login":{"uuid":"95cb2953-a19c-4165-a75b-eec3ccf349ff","username":"sadtiger904","password":"fishing1","salt":"fLVfAv4B","md5":"d6ac67636e5da6c82b4e322369ed9e07","sha1":"92eaef4b01411f0e8b8bed4f27422a143d4b35a3","sha256":"453e0f040c7d7c6919422bdc4465ade093c75fea06ade5b31898de34c792b905"},"dob":{"date":"1989-10-30T21:02:43.375Z","age":34},"registered":{"date":"2006-07-24T08:29:34.014Z","age":17},"phone":"04-92-35-99-11","cell":"06-01-85-10-16","id":{"name":"INSEE","value":"2890982354411 92"},"picture":{"large":"https://randomuser.me/api/portraits/women/76.jpg","medium":"https://randomuser.me/api/portraits/med/women/76.jpg","thumbnail":"https://randomuser.me/api/portraits/thumb/women/76.jpg"},"nat":"FR"}],"info":{"seed":"75e80ecb2f708ee1","results":1,"page":1,"version":"1.4"}} 
 </msg>
<msg time="2024-06-16T10:15:42.589143" level="INFO">/opt/hostedtoolcache/Python/3.12.3/x64/lib/python3.12/site-packages/urllib3/connectionpool.py:1103: InsecureRequestWarning: Unverified HTTPS request is being made to host 'randomuser.me'. Adding certificate verification is strongly advised. See: https://urllib3.readthedocs.io/en/latest/advanced-usage.html#tls-warnings
  warnings.warn(</msg>
<msg time="2024-06-16T10:15:42.589279" level="INFO">${response} = &lt;Response [200]&gt;</msg>
<var>${response}</var>
<arg>consultarAPI</arg>
<arg>/api</arg>
<doc>Sends a GET request on a previously created HTTP Session.</doc>
<status status="PASS" start="2024-06-16T10:15:42.532652" elapsed="0.056666"/>
</kw>
<kw name="Set Variable" owner="BuiltIn">
<msg time="2024-06-16T10:15:42.590454" level="INFO">${json_data} = {'results': [{'gender': 'female', 'name': {'title': 'Ms', 'first': 'Louna', 'last': 'Gauthier'}, 'location': {'street': {'number': 1705, 'name': 'Rue de la Baleine'}, 'city': 'Dijon', 'state': 'Deux-S...</msg>
<var>${json_data}</var>
<arg>${response.json()}</arg>
<doc>Returns the given values which can then be assigned to a variables.</doc>
<status status="PASS" start="2024-06-16T10:15:42.589896" elapsed="0.000588"/>
</kw>
<kw name="Log" owner="BuiltIn">
<msg time="2024-06-16T10:15:42.591006" level="INFO">{'results': [{'gender': 'female', 'name': {'title': 'Ms', 'first': 'Louna', 'last': 'Gauthier'}, 'location': {'street': {'number': 1705, 'name': 'Rue de la Baleine'}, 'city': 'Dijon', 'state': 'Deux-Sèvres', 'country': 'France', 'postcode': 71804, 'coordinates': {'latitude': '-21.0413', 'longitude': '30.0424'}, 'timezone': {'offset': '+5:30', 'description': 'Bombay, Calcutta, Madras, New Delhi'}}, 'email': 'louna.gauthier@example.com', 'login': {'uuid': '95cb2953-a19c-4165-a75b-eec3ccf349ff', 'username': 'sadtiger904', 'password': 'fishing1', 'salt': 'fLVfAv4B', 'md5': 'd6ac67636e5da6c82b4e322369ed9e07', 'sha1': '92eaef4b01411f0e8b8bed4f27422a143d4b35a3', 'sha256': '453e0f040c7d7c6919422bdc4465ade093c75fea06ade5b31898de34c792b905'}, 'dob': {'date': '1989-10-30T21:02:43.375Z', 'age': 34}, 'registered': {'date': '2006-07-24T08:29:34.014Z', 'age': 17}, 'phone': '04-92-35-99-11', 'cell': '06-01-85-10-16', 'id': {'name': 'INSEE', 'value': '2890982354411 92'}, 'picture': {'large': 'https://randomuser.me/api/portraits/women/76.jpg', 'medium': 'https://randomuser.me/api/portraits/med/women/76.jpg', 'thumbnail': 'https://randomuser.me/api/portraits/thumb/women/76.jpg'}, 'nat': 'FR'}], 'info': {'seed': '75e80ecb2f708ee1', 'results': 1, 'page': 1, 'version': '1.4'}}</msg>
<arg>${json_data}</arg>
<doc>Logs the given message with the given level.</doc>
<status status="PASS" start="2024-06-16T10:15:42.590835" elapsed="0.000222"/>
</kw>
<kw name="Dictionary Should Contain Key" owner="Collections">
<arg>${json_data}</arg>
<arg>results</arg>
<doc>Fails if ``key`` is not found from ``dictionary``.</doc>
<status status="PASS" start="2024-06-16T10:15:42.591363" elapsed="0.000168"/>
</kw>
<kw name="Should Not Be Empty" owner="BuiltIn">
<msg time="2024-06-16T10:15:42.591855" level="INFO">Length is 2.</msg>
<arg>${json_data}</arg>
<doc>Verifies that the given item is not empty.</doc>
<status status="PASS" start="2024-06-16T10:15:42.591722" elapsed="0.000172"/>
</kw>
<kw name="Create List" owner="BuiltIn">
<msg time="2024-06-16T10:15:42.592344" level="INFO">${expected_keys} = ['gender', 'name', 'location', 'email', 'login']</msg>
<var>${expected_keys}</var>
<arg>gender</arg>
<arg>name</arg>
<arg>location</arg>
<arg>email</arg>
<arg>login</arg>
<doc>Returns a list containing given items.</doc>
<status status="PASS" start="2024-06-16T10:15:42.592197" elapsed="0.000175"/>
</kw>
<for flavor="IN">
<iter>
<kw name="Dictionary Should Contain Key" owner="Collections">
<arg>${json_data['results'][0]}</arg>
<arg>${key}</arg>
<doc>Fails if ``key`` is not found from ``dictionary``.</doc>
<status status="PASS" start="2024-06-16T10:15:42.592980" elapsed="0.000451"/>
</kw>
<kw name="Log" owner="BuiltIn">
<msg time="2024-06-16T10:15:42.594012" level="INFO">{'gender': 'female', 'name': {'title': 'Ms', 'first': 'Louna', 'last': 'Gauthier'}, 'location': {'street': {'number': 1705, 'name': 'Rue de la Baleine'}, 'city': 'Dijon', 'state': 'Deux-Sèvres', 'country': 'France', 'postcode': 71804, 'coordinates': {'latitude': '-21.0413', 'longitude': '30.0424'}, 'timezone': {'offset': '+5:30', 'description': 'Bombay, Calcutta, Madras, New Delhi'}}, 'email': 'louna.gauthier@example.com', 'login': {'uuid': '95cb2953-a19c-4165-a75b-eec3ccf349ff', 'username': 'sadtiger904', 'password': 'fishing1', 'salt': 'fLVfAv4B', 'md5': 'd6ac67636e5da6c82b4e322369ed9e07', 'sha1': '92eaef4b01411f0e8b8bed4f27422a143d4b35a3', 'sha256': '453e0f040c7d7c6919422bdc4465ade093c75fea06ade5b31898de34c792b905'}, 'dob': {'date': '1989-10-30T21:02:43.375Z', 'age': 34}, 'registered': {'date': '2006-07-24T08:29:34.014Z', 'age': 17}, 'phone': '04-92-35-99-11', 'cell': '06-01-85-10-16', 'id': {'name': 'INSEE', 'value': '2890982354411 92'}, 'picture': {'large': 'https://randomuser.me/api/portraits/women/76.jpg', 'medium': 'https://randomuser.me/api/portraits/med/women/76.jpg', 'thumbnail': 'https://randomuser.me/api/portraits/thumb/women/76.jpg'}, 'nat': 'FR'}</msg>
<arg>${json_data['results'][0]}</arg>
<doc>Logs the given message with the given level.</doc>
<status status="PASS" start="2024-06-16T10:15:42.593632" elapsed="0.000432"/>
</kw>
<kw name="Log" owner="BuiltIn">
<msg time="2024-06-16T10:15:42.594503" level="INFO">gender</msg>
<arg>${key}</arg>
<doc>Logs the given message with the given level.</doc>
<status status="PASS" start="2024-06-16T10:15:42.594371" elapsed="0.000171"/>
</kw>
<var name="${key}">gender</var>
<status status="PASS" start="2024-06-16T10:15:42.592849" elapsed="0.001922"/>
</iter>
<iter>
<kw name="Dictionary Should Contain Key" owner="Collections">
<arg>${json_data['results'][0]}</arg>
<arg>${key}</arg>
<doc>Fails if ``key`` is not found from ``dictionary``.</doc>
<status status="PASS" start="2024-06-16T10:15:42.595074" elapsed="0.000387"/>
</kw>
<kw name="Log" owner="BuiltIn">
<msg time="2024-06-16T10:15:42.596052" level="INFO">{'gender': 'female', 'name': {'title': 'Ms', 'first': 'Louna', 'last': 'Gauthier'}, 'location': {'street': {'number': 1705, 'name': 'Rue de la Baleine'}, 'city': 'Dijon', 'state': 'Deux-Sèvres', 'country': 'France', 'postcode': 71804, 'coordinates': {'latitude': '-21.0413', 'longitude': '30.0424'}, 'timezone': {'offset': '+5:30', 'description': 'Bombay, Calcutta, Madras, New Delhi'}}, 'email': 'louna.gauthier@example.com', 'login': {'uuid': '95cb2953-a19c-4165-a75b-eec3ccf349ff', 'username': 'sadtiger904', 'password': 'fishing1', 'salt': 'fLVfAv4B', 'md5': 'd6ac67636e5da6c82b4e322369ed9e07', 'sha1': '92eaef4b01411f0e8b8bed4f27422a143d4b35a3', 'sha256': '453e0f040c7d7c6919422bdc4465ade093c75fea06ade5b31898de34c792b905'}, 'dob': {'date': '1989-10-30T21:02:43.375Z', 'age': 34}, 'registered': {'date': '2006-07-24T08:29:34.014Z', 'age': 17}, 'phone': '04-92-35-99-11', 'cell': '06-01-85-10-16', 'id': {'name': 'INSEE', 'value': '2890982354411 92'}, 'picture': {'large': 'https://randomuser.me/api/portraits/women/76.jpg', 'medium': 'https://randomuser.me/api/portraits/med/women/76.jpg', 'thumbnail': 'https://randomuser.me/api/portraits/thumb/women/76.jpg'}, 'nat': 'FR'}</msg>
<arg>${json_data['results'][0]}</arg>
<doc>Logs the given message with the given level.</doc>
<status status="PASS" start="2024-06-16T10:15:42.595651" elapsed="0.000455"/>
</kw>
<kw name="Log" owner="BuiltIn">
<msg time="2024-06-16T10:15:42.596557" level="INFO">name</msg>
<arg>${key}</arg>
<doc>Logs the given message with the given level.</doc>
<status status="PASS" start="2024-06-16T10:15:42.596419" elapsed="0.000178"/>
</kw>
<var name="${key}">name</var>
<status status="PASS" start="2024-06-16T10:15:42.594962" elapsed="0.001861"/>
</iter>
<iter>
<kw name="Dictionary Should Contain Key" owner="Collections">
<arg>${json_data['results'][0]}</arg>
<arg>${key}</arg>
<doc>Fails if ``key`` is not found from ``dictionary``.</doc>
<status status="PASS" start="2024-06-16T10:15:42.597120" elapsed="0.000421"/>
</kw>
<kw name="Log" owner="BuiltIn">
<msg time="2024-06-16T10:15:42.598091" level="INFO">{'gender': 'female', 'name': {'title': 'Ms', 'first': 'Louna', 'last': 'Gauthier'}, 'location': {'street': {'number': 1705, 'name': 'Rue de la Baleine'}, 'city': 'Dijon', 'state': 'Deux-Sèvres', 'country': 'France', 'postcode': 71804, 'coordinates': {'latitude': '-21.0413', 'longitude': '30.0424'}, 'timezone': {'offset': '+5:30', 'description': 'Bombay, Calcutta, Madras, New Delhi'}}, 'email': 'louna.gauthier@example.com', 'login': {'uuid': '95cb2953-a19c-4165-a75b-eec3ccf349ff', 'username': 'sadtiger904', 'password': 'fishing1', 'salt': 'fLVfAv4B', 'md5': 'd6ac67636e5da6c82b4e322369ed9e07', 'sha1': '92eaef4b01411f0e8b8bed4f27422a143d4b35a3', 'sha256': '453e0f040c7d7c6919422bdc4465ade093c75fea06ade5b31898de34c792b905'}, 'dob': {'date': '1989-10-30T21:02:43.375Z', 'age': 34}, 'registered': {'date': '2006-07-24T08:29:34.014Z', 'age': 17}, 'phone': '04-92-35-99-11', 'cell': '06-01-85-10-16', 'id': {'name': 'INSEE', 'value': '2890982354411 92'}, 'picture': {'large': 'https://randomuser.me/api/portraits/women/76.jpg', 'medium': 'https://randomuser.me/api/portraits/med/women/76.jpg', 'thumbnail': 'https://randomuser.me/api/portraits/thumb/women/76.jpg'}, 'nat': 'FR'}</msg>
<arg>${json_data['results'][0]}</arg>
<doc>Logs the given message with the given level.</doc>
<status status="PASS" start="2024-06-16T10:15:42.597735" elapsed="0.000407"/>
</kw>
<kw name="Log" owner="BuiltIn">
<msg time="2024-06-16T10:15:42.598567" level="INFO">location</msg>
<arg>${key}</arg>
<doc>Logs the given message with the given level.</doc>
<status status="PASS" start="2024-06-16T10:15:42.598440" elapsed="0.000165"/>
</kw>
<var name="${key}">location</var>
<status status="PASS" start="2024-06-16T10:15:42.597008" elapsed="0.001823"/>
</iter>
<iter>
<kw name="Dictionary Should Contain Key" owner="Collections">
<arg>${json_data['results'][0]}</arg>
<arg>${key}</arg>
<doc>Fails if ``key`` is not found from ``dictionary``.</doc>
<status status="PASS" start="2024-06-16T10:15:42.599118" elapsed="0.000383"/>
</kw>
<kw name="Log" owner="BuiltIn">
<msg time="2024-06-16T10:15:42.600045" level="INFO">{'gender': 'female', 'name': {'title': 'Ms', 'first': 'Louna', 'last': 'Gauthier'}, 'location': {'street': {'number': 1705, 'name': 'Rue de la Baleine'}, 'city': 'Dijon', 'state': 'Deux-Sèvres', 'country': 'France', 'postcode': 71804, 'coordinates': {'latitude': '-21.0413', 'longitude': '30.0424'}, 'timezone': {'offset': '+5:30', 'description': 'Bombay, Calcutta, Madras, New Delhi'}}, 'email': 'louna.gauthier@example.com', 'login': {'uuid': '95cb2953-a19c-4165-a75b-eec3ccf349ff', 'username': 'sadtiger904', 'password': 'fishing1', 'salt': 'fLVfAv4B', 'md5': 'd6ac67636e5da6c82b4e322369ed9e07', 'sha1': '92eaef4b01411f0e8b8bed4f27422a143d4b35a3', 'sha256': '453e0f040c7d7c6919422bdc4465ade093c75fea06ade5b31898de34c792b905'}, 'dob': {'date': '1989-10-30T21:02:43.375Z', 'age': 34}, 'registered': {'date': '2006-07-24T08:29:34.014Z', 'age': 17}, 'phone': '04-92-35-99-11', 'cell': '06-01-85-10-16', 'id': {'name': 'INSEE', 'value': '2890982354411 92'}, 'picture': {'large': 'https://randomuser.me/api/portraits/women/76.jpg', 'medium': 'https://randomuser.me/api/portraits/med/women/76.jpg', 'thumbnail': 'https://randomuser.me/api/portraits/thumb/women/76.jpg'}, 'nat': 'FR'}</msg>
<arg>${json_data['results'][0]}</arg>
<doc>Logs the given message with the given level.</doc>
<status status="PASS" start="2024-06-16T10:15:42.599684" elapsed="0.000412"/>
</kw>
<kw name="Log" owner="BuiltIn">
<msg time="2024-06-16T10:15:42.600526" level="INFO">email</msg>
<arg>${key}</arg>
<doc>Logs the given message with the given level.</doc>
<status status="PASS" start="2024-06-16T10:15:42.600398" elapsed="0.000166"/>
</kw>
<var name="${key}">email</var>
<status status="PASS" start="2024-06-16T10:15:42.599007" elapsed="0.001774"/>
</iter>
<iter>
<kw name="Dictionary Should Contain Key" owner="Collections">
<arg>${json_data['results'][0]}</arg>
<arg>${key}</arg>
<doc>Fails if ``key`` is not found from ``dictionary``.</doc>
<status status="PASS" start="2024-06-16T10:15:42.601068" elapsed="0.000411"/>
</kw>
<kw name="Log" owner="BuiltIn">
<msg time="2024-06-16T10:15:42.602023" level="INFO">{'gender': 'female', 'name': {'title': 'Ms', 'first': 'Louna', 'last': 'Gauthier'}, 'location': {'street': {'number': 1705, 'name': 'Rue de la Baleine'}, 'city': 'Dijon', 'state': 'Deux-Sèvres', 'country': 'France', 'postcode': 71804, 'coordinates': {'latitude': '-21.0413', 'longitude': '30.0424'}, 'timezone': {'offset': '+5:30', 'description': 'Bombay, Calcutta, Madras, New Delhi'}}, 'email': 'louna.gauthier@example.com', 'login': {'uuid': '95cb2953-a19c-4165-a75b-eec3ccf349ff', 'username': 'sadtiger904', 'password': 'fishing1', 'salt': 'fLVfAv4B', 'md5': 'd6ac67636e5da6c82b4e322369ed9e07', 'sha1': '92eaef4b01411f0e8b8bed4f27422a143d4b35a3', 'sha256': '453e0f040c7d7c6919422bdc4465ade093c75fea06ade5b31898de34c792b905'}, 'dob': {'date': '1989-10-30T21:02:43.375Z', 'age': 34}, 'registered': {'date': '2006-07-24T08:29:34.014Z', 'age': 17}, 'phone': '04-92-35-99-11', 'cell': '06-01-85-10-16', 'id': {'name': 'INSEE', 'value': '2890982354411 92'}, 'picture': {'large': 'https://randomuser.me/api/portraits/women/76.jpg', 'medium': 'https://randomuser.me/api/portraits/med/women/76.jpg', 'thumbnail': 'https://randomuser.me/api/portraits/thumb/women/76.jpg'}, 'nat': 'FR'}</msg>
<arg>${json_data['results'][0]}</arg>
<doc>Logs the given message with the given level.</doc>
<status status="PASS" start="2024-06-16T10:15:42.601669" elapsed="0.000404"/>
</kw>
<kw name="Log" owner="BuiltIn">
<msg time="2024-06-16T10:15:42.602659" level="INFO">login</msg>
<arg>${key}</arg>
<doc>Logs the given message with the given level.</doc>
<status status="PASS" start="2024-06-16T10:15:42.602376" elapsed="0.000320"/>
</kw>
<var name="${key}">login</var>
<status status="PASS" start="2024-06-16T10:15:42.600958" elapsed="0.001961"/>
</iter>
<var>${key}</var>
<value>@{expected_keys}</value>
<status status="PASS" start="2024-06-16T10:15:42.592645" elapsed="0.010398"/>
</for>
<kw name="Create List" owner="BuiltIn">
<msg time="2024-06-16T10:15:42.603421" level="INFO">${expected_keysTwo} = ['username', 'password']</msg>
<var>${expected_keysTwo}</var>
<arg>username</arg>
<arg>password</arg>
<doc>Returns a list containing given items.</doc>
<status status="PASS" start="2024-06-16T10:15:42.603279" elapsed="0.000167"/>
</kw>
<for flavor="IN">
<iter>
<kw name="Dictionary Should Contain Key" owner="Collections">
<arg>${json_data['results'][0]['login']}</arg>
<arg>${keyTwo}</arg>
<doc>Fails if ``key`` is not found from ``dictionary``.</doc>
<status status="PASS" start="2024-06-16T10:15:42.603969" elapsed="0.000389"/>
</kw>
<kw name="Dictionary Should Contain Key" owner="Collections">
<arg>${json_data['results'][0]['login']}</arg>
<arg>${keyTwo}</arg>
<doc>Fails if ``key`` is not found from ``dictionary``.</doc>
<status status="PASS" start="2024-06-16T10:15:42.604539" elapsed="0.000383"/>
</kw>
<kw name="Log" owner="BuiltIn">
<msg time="2024-06-16T10:15:42.605222" level="INFO">username</msg>
<arg>${keyTwo}</arg>
<doc>Logs the given message with the given level.</doc>
<status status="PASS" start="2024-06-16T10:15:42.605101" elapsed="0.000157"/>
</kw>
<var name="${keyTwo}">username</var>
<status status="PASS" start="2024-06-16T10:15:42.603856" elapsed="0.001668"/>
</iter>
<iter>
<kw name="Dictionary Should Contain Key" owner="Collections">
<arg>${json_data['results'][0]['login']}</arg>
<arg>${keyTwo}</arg>
<doc>Fails if ``key`` is not found from ``dictionary``.</doc>
<status status="PASS" start="2024-06-16T10:15:42.605825" elapsed="0.000385"/>
</kw>
<kw name="Dictionary Should Contain Key" owner="Collections">
<arg>${json_data['results'][0]['login']}</arg>
<arg>${keyTwo}</arg>
<doc>Fails if ``key`` is not found from ``dictionary``.</doc>
<status status="PASS" start="2024-06-16T10:15:42.606392" elapsed="0.000366"/>
</kw>
<kw name="Log" owner="BuiltIn">
<msg time="2024-06-16T10:15:42.607053" level="INFO">password</msg>
<arg>${keyTwo}</arg>
<doc>Logs the given message with the given level.</doc>
<status status="PASS" start="2024-06-16T10:15:42.606933" elapsed="0.000157"/>
</kw>
<var name="${keyTwo}">password</var>
<status status="PASS" start="2024-06-16T10:15:42.605713" elapsed="0.001610"/>
</iter>
<var>${keyTwo}</var>
<value>@{expected_keysTwo}</value>
<status status="PASS" start="2024-06-16T10:15:42.603692" elapsed="0.003760"/>
</for>
<status status="PASS" start="2024-06-16T10:15:42.532398" elapsed="0.075213"/>
</kw>
<doc>Testa a estrutura da resposta da API.</doc>
<tag>testeEstruturaResposta</tag>
<status status="PASS" start="2024-06-16T10:15:42.531681" elapsed="0.076098"/>
</test>
<test id="s1-s1-t4" name="Validar tipos de dados" line="28">
<kw name="Teste de Tipos de Dados" owner="random-user-service">
<kw name="GET On Session" owner="RequestsLibrary">
<msg time="2024-06-16T10:15:42.689892" level="INFO">GET Request : url=https://randomuser.me/api 
 path_url=/api 
 headers={'User-Agent': 'python-requests/2.32.3', 'Accept-Encoding': 'gzip, deflate', 'Accept': '*/*', 'Connection': 'keep-alive'} 
 body=None 
 </msg>
<msg time="2024-06-16T10:15:42.689994" level="INFO">GET Response : url=https://randomuser.me/api 
 status=200, reason=OK 
 headers={'Date': 'Sun, 16 Jun 2024 10:15:42 GMT', 'Content-Type': 'application/json; charset=utf-8', 'Transfer-Encoding': 'chunked', 'Connection': 'keep-alive', 'X-Powered-By': 'Express', 'Access-Control-Allow-Origin': '*', 'Cache-Control': 'no-cache', 'ETag': 'W/"49b-OqF5PrpDZF2EuDorzzMuC06JGzA"', 'Vary': 'Accept-Encoding', 'Content-Encoding': 'gzip', 'CF-Cache-Status': 'DYNAMIC', 'Report-To': '{"endpoints":[{"url":"https:\\/\\/a.nel.cloudflare.com\\/report\\/v4?s=8xt3sJIfSmfpKo%2B2cIhmWGON%2Fh6knlTrah5apPrzaGlPX7%2Bh3YapyuGuIH0MzRezJo6b5kAlXqCz0lcyo3%2BFmuXnWTYhZR4dNDyibrzvAA%2FX0%2BO4c4KBzcwhwHchUI0Q"}],"group":"cf-nel","max_age":604800}', 'NEL': '{"success_fraction":0,"report_to":"cf-nel","max_age":604800}', 'Server': 'cloudflare', 'CF-RAY': '894a0a4b58636338-ORD', 'alt-svc': 'h3=":443"; ma=86400'} 
 body={"results":[{"gender":"male","name":{"title":"Mr","first":"Tomothy","last":"Berry"},"location":{"street":{"number":3431,"name":"Albert Road"},"city":"Wells","state":"Northumberland","country":"United Kingdom","postcode":"L0 7WH","coordinates":{"latitude":"-4.2867","longitude":"-65.5744"},"timezone":{"offset":"+10:00","description":"Eastern Australia, Guam, Vladivostok"}},"email":"tomothy.berry@example.com","login":{"uuid":"e1f50eb9-5af0-4156-84c0-d155176fc290","username":"smallbird846","password":"conway","salt":"vN7cgwyF","md5":"0e26c6cacc7442f073af89cddbf0a3db","sha1":"41fbb034333029ca513b314311b24232d255eafa","sha256":"1feb507491a3cbab6a7c6b90b41083d7ff1710033cafc46a51ca00186cb7642b"},"dob":{"date":"1950-11-30T11:34:24.134Z","age":73},"registered":{"date":"2009-08-01T07:35:45.308Z","age":14},"phone":"017684 91339","cell":"07545 801295","id":{"name":"NINO","value":"OB 09 16 83 F"},"picture":{"large":"https://randomuser.me/api/portraits/men/36.jpg","medium":"https://randomuser.me/api/portraits/med/men/36.jpg","thumbnail":"https://randomuser.me/api/portraits/thumb/men/36.jpg"},"nat":"GB"}],"info":{"seed":"75c50af4d533b235","results":1,"page":1,"version":"1.4"}} 
 </msg>
<msg time="2024-06-16T10:15:42.690070" level="INFO">/opt/hostedtoolcache/Python/3.12.3/x64/lib/python3.12/site-packages/urllib3/connectionpool.py:1103: InsecureRequestWarning: Unverified HTTPS request is being made to host 'randomuser.me'. Adding certificate verification is strongly advised. See: https://urllib3.readthedocs.io/en/latest/advanced-usage.html#tls-warnings
  warnings.warn(</msg>
<msg time="2024-06-16T10:15:42.690193" level="INFO">${response} = &lt;Response [200]&gt;</msg>
<var>${response}</var>
<arg>consultarAPI</arg>
<arg>/api</arg>
<doc>Sends a GET request on a previously created HTTP Session.</doc>
<status status="PASS" start="2024-06-16T10:15:42.610379" elapsed="0.079850"/>
</kw>
<kw name="Set Variable" owner="BuiltIn">
<msg time="2024-06-16T10:15:42.691308" level="INFO">${json_data} = {'results': [{'gender': 'male', 'name': {'title': 'Mr', 'first': 'Tomothy', 'last': 'Berry'}, 'location': {'street': {'number': 3431, 'name': 'Albert Road'}, 'city': 'Wells', 'state': 'Northumberland'...</msg>
<var>${json_data}</var>
<arg>${response.json()}</arg>
<doc>Returns the given values which can then be assigned to a variables.</doc>
<status status="PASS" start="2024-06-16T10:15:42.690779" elapsed="0.000559"/>
</kw>
<kw name="Log" owner="BuiltIn">
<msg time="2024-06-16T10:15:42.691840" level="INFO">{'results': [{'gender': 'male', 'name': {'title': 'Mr', 'first': 'Tomothy', 'last': 'Berry'}, 'location': {'street': {'number': 3431, 'name': 'Albert Road'}, 'city': 'Wells', 'state': 'Northumberland', 'country': 'United Kingdom', 'postcode': 'L0 7WH', 'coordinates': {'latitude': '-4.2867', 'longitude': '-65.5744'}, 'timezone': {'offset': '+10:00', 'description': 'Eastern Australia, Guam, Vladivostok'}}, 'email': 'tomothy.berry@example.com', 'login': {'uuid': 'e1f50eb9-5af0-4156-84c0-d155176fc290', 'username': 'smallbird846', 'password': 'conway', 'salt': 'vN7cgwyF', 'md5': '0e26c6cacc7442f073af89cddbf0a3db', 'sha1': '41fbb034333029ca513b314311b24232d255eafa', 'sha256': '1feb507491a3cbab6a7c6b90b41083d7ff1710033cafc46a51ca00186cb7642b'}, 'dob': {'date': '1950-11-30T11:34:24.134Z', 'age': 73}, 'registered': {'date': '2009-08-01T07:35:45.308Z', 'age': 14}, 'phone': '017684 91339', 'cell': '07545 801295', 'id': {'name': 'NINO', 'value': 'OB 09 16 83 F'}, 'picture': {'large': 'https://randomuser.me/api/portraits/men/36.jpg', 'medium': 'https://randomuser.me/api/portraits/med/men/36.jpg', 'thumbnail': 'https://randomuser.me/api/portraits/thumb/men/36.jpg'}, 'nat': 'GB'}], 'info': {'seed': '75c50af4d533b235', 'results': 1, 'page': 1, 'version': '1.4'}}</msg>
<arg>${json_data}</arg>
<doc>Logs the given message with the given level.</doc>
<status status="PASS" start="2024-06-16T10:15:42.691674" elapsed="0.000216"/>
</kw>
<kw name="Should Be String" owner="String">
<arg>${json_data['results'][0]['gender']}</arg>
<doc>Fails if the given ``item`` is not a string.</doc>
<status status="PASS" start="2024-06-16T10:15:42.692201" elapsed="0.000374"/>
</kw>
<kw name="Should Match Regexp" owner="BuiltIn">
<arg>${json_data['results'][0]['email']}</arg>
<arg>^[a-zA-Z0-9._%+-]+@[a-zA-Z0-9.-]+\.[a-zA-Z]{2,}$</arg>
<doc>Fails if ``string`` does not match ``pattern`` as a regular expression.</doc>
<status status="PASS" start="2024-06-16T10:15:42.692814" elapsed="0.000564"/>
</kw>
<kw name="Should Match Regexp" owner="BuiltIn">
<arg>${json_data['results'][0]['dob']['date']}</arg>
<arg>\\d{4}-\\d{2}-\\d{2}T\\d{2}:\\d{2}:\\d{2}\\.\\d{3}Z</arg>
<doc>Fails if ``string`` does not match ``pattern`` as a regular expression.</doc>
<status status="PASS" start="2024-06-16T10:15:42.693583" elapsed="0.000502"/>
</kw>
<kw name="Should Match Regexp" owner="BuiltIn">
<arg>${json_data['results'][0]['registered']['date']}</arg>
<arg>\\d{4}-\\d{2}-\\d{2}T\\d{2}:\\d{2}:\\d{2}\\.\\d{3}Z</arg>
<doc>Fails if ``string`` does not match ``pattern`` as a regular expression.</doc>
<status status="PASS" start="2024-06-16T10:15:42.694285" elapsed="0.000373"/>
</kw>
<kw name="Should Match Regexp" owner="BuiltIn">
<arg>${json_data['results'][0]['picture']['large']}</arg>
<arg>^https?://.*\.(?:png|jpe?g|gif|bmp)$</arg>
<doc>Fails if ``string`` does not match ``pattern`` as a regular expression.</doc>
<status status="PASS" start="2024-06-16T10:15:42.694854" elapsed="0.000469"/>
</kw>
<kw name="Should Match Regexp" owner="BuiltIn">
<arg>${json_data['results'][0]['picture']['medium']}</arg>
<arg>^https?://.*\.(?:png|jpe?g|gif|bmp)$</arg>
<doc>Fails if ``string`` does not match ``pattern`` as a regular expression.</doc>
<status status="PASS" start="2024-06-16T10:15:42.695520" elapsed="0.000360"/>
</kw>
<kw name="Should Match Regexp" owner="BuiltIn">
<arg>${json_data['results'][0]['picture']['thumbnail']}</arg>
<arg>^https?://.*\.(?:png|jpe?g|gif|bmp)$</arg>
<doc>Fails if ``string`` does not match ``pattern`` as a regular expression.</doc>
<status status="PASS" start="2024-06-16T10:15:42.696074" elapsed="0.000374"/>
</kw>
<kw name="Log" owner="BuiltIn">
<msg time="2024-06-16T10:15:42.696985" level="INFO">{'large': 'https://randomuser.me/api/portraits/men/36.jpg', 'medium': 'https://randomuser.me/api/portraits/med/men/36.jpg', 'thumbnail': 'https://randomuser.me/api/portraits/thumb/men/36.jpg'}</msg>
<arg>${json_data['results'][0]['picture']}</arg>
<doc>Logs the given message with the given level.</doc>
<status status="PASS" start="2024-06-16T10:15:42.696644" elapsed="0.000386"/>
</kw>
<status status="PASS" start="2024-06-16T10:15:42.610121" elapsed="0.087196"/>
</kw>
<kw name="Teste de Tipos de Dados - Postcode" owner="random-user-service">
<kw name="GET On Session" owner="RequestsLibrary">
<msg time="2024-06-16T10:15:42.792374" level="INFO">GET Request : url=https://randomuser.me/api 
 path_url=/api 
 headers={'User-Agent': 'python-requests/2.32.3', 'Accept-Encoding': 'gzip, deflate', 'Accept': '*/*', 'Connection': 'keep-alive'} 
 body=None 
 </msg>
<msg time="2024-06-16T10:15:42.792475" level="INFO">GET Response : url=https://randomuser.me/api 
 status=200, reason=OK 
 headers={'Date': 'Sun, 16 Jun 2024 10:15:42 GMT', 'Content-Type': 'application/json; charset=utf-8', 'Transfer-Encoding': 'chunked', 'Connection': 'keep-alive', 'X-Powered-By': 'Express', 'Access-Control-Allow-Origin': '*', 'Cache-Control': 'no-cache', 'ETag': 'W/"48f-z0EHPb7jndgTRM5sudlF2KzKWOg"', 'Vary': 'Accept-Encoding', 'Content-Encoding': 'gzip', 'CF-Cache-Status': 'DYNAMIC', 'Report-To': '{"endpoints":[{"url":"https:\\/\\/a.nel.cloudflare.com\\/report\\/v4?s=w8b8yEovQpfQafqXq0ybR4WA2PHfjNtIOgApf8AleLGxeAPl%2F4JpKlktQFinMABofpU06c9UkvMU3tfKskBUFngaioefwf56Cfzmdjbg%2Fw0W0Mb1dPK0KQ%2FfO2PbuRk6"}],"group":"cf-nel","max_age":604800}', 'NEL': '{"success_fraction":0,"report_to":"cf-nel","max_age":604800}', 'Server': 'cloudflare', 'CF-RAY': '894a0a4bd8a06338-ORD', 'alt-svc': 'h3=":443"; ma=86400'} 
 body={"results":[{"gender":"male","name":{"title":"Mr","first":"Bob","last":"Sanders"},"location":{"street":{"number":6955,"name":"Oak Lawn Ave"},"city":"Fargo","state":"New Jersey","country":"United States","postcode":35761,"coordinates":{"latitude":"86.7191","longitude":"-92.0844"},"timezone":{"offset":"+9:00","description":"Tokyo, Seoul, Osaka, Sapporo, Yakutsk"}},"email":"bob.sanders@example.com","login":{"uuid":"1ddb9494-f470-47e1-9834-f0c3cb9c28ea","username":"brownfish996","password":"lback","salt":"7qEcB3ef","md5":"45e64b2f5844daa5233537d46239ee61","sha1":"784a8440da27c207880e592569915de5a3c21b89","sha256":"5a0a9a0274bb152bb321248f189754b8b33c51c3bf4887259dcaff4d15f4b0ae"},"dob":{"date":"1944-12-02T22:08:44.646Z","age":79},"registered":{"date":"2017-05-14T04:04:03.093Z","age":7},"phone":"(875) 815-9654","cell":"(779) 773-1397","id":{"name":"SSN","value":"439-78-8015"},"picture":{"large":"https://randomuser.me/api/portraits/men/23.jpg","medium":"https://randomuser.me/api/portraits/med/men/23.jpg","thumbnail":"https://randomuser.me/api/portraits/thumb/men/23.jpg"},"nat":"US"}],"info":{"seed":"937b78e2cf126a06","results":1,"page":1,"version":"1.4"}} 
 </msg>
<msg time="2024-06-16T10:15:42.792569" level="INFO">/opt/hostedtoolcache/Python/3.12.3/x64/lib/python3.12/site-packages/urllib3/connectionpool.py:1103: InsecureRequestWarning: Unverified HTTPS request is being made to host 'randomuser.me'. Adding certificate verification is strongly advised. See: https://urllib3.readthedocs.io/en/latest/advanced-usage.html#tls-warnings
  warnings.warn(</msg>
<msg time="2024-06-16T10:15:42.792697" level="INFO">${response} = &lt;Response [200]&gt;</msg>
<var>${response}</var>
<arg>consultarAPI</arg>
<arg>/api</arg>
<doc>Sends a GET request on a previously created HTTP Session.</doc>
<status status="PASS" start="2024-06-16T10:15:42.697829" elapsed="0.094903"/>
</kw>
<kw name="Set Variable" owner="BuiltIn">
<msg time="2024-06-16T10:15:42.793901" level="INFO">${json_data} = {'results': [{'gender': 'male', 'name': {'title': 'Mr', 'first': 'Bob', 'last': 'Sanders'}, 'location': {'street': {'number': 6955, 'name': 'Oak Lawn Ave'}, 'city': 'Fargo', 'state': 'New Jersey', 'co...</msg>
<var>${json_data}</var>
<arg>${response.json()}</arg>
<doc>Returns the given values which can then be assigned to a variables.</doc>
<status status="PASS" start="2024-06-16T10:15:42.793298" elapsed="0.000633"/>
</kw>
<kw name="Log" owner="BuiltIn">
<msg time="2024-06-16T10:15:42.794440" level="INFO">{'results': [{'gender': 'male', 'name': {'title': 'Mr', 'first': 'Bob', 'last': 'Sanders'}, 'location': {'street': {'number': 6955, 'name': 'Oak Lawn Ave'}, 'city': 'Fargo', 'state': 'New Jersey', 'country': 'United States', 'postcode': 35761, 'coordinates': {'latitude': '86.7191', 'longitude': '-92.0844'}, 'timezone': {'offset': '+9:00', 'description': 'Tokyo, Seoul, Osaka, Sapporo, Yakutsk'}}, 'email': 'bob.sanders@example.com', 'login': {'uuid': '1ddb9494-f470-47e1-9834-f0c3cb9c28ea', 'username': 'brownfish996', 'password': 'lback', 'salt': '7qEcB3ef', 'md5': '45e64b2f5844daa5233537d46239ee61', 'sha1': '784a8440da27c207880e592569915de5a3c21b89', 'sha256': '5a0a9a0274bb152bb321248f189754b8b33c51c3bf4887259dcaff4d15f4b0ae'}, 'dob': {'date': '1944-12-02T22:08:44.646Z', 'age': 79}, 'registered': {'date': '2017-05-14T04:04:03.093Z', 'age': 7}, 'phone': '(875) 815-9654', 'cell': '(779) 773-1397', 'id': {'name': 'SSN', 'value': '439-78-8015'}, 'picture': {'large': 'https://randomuser.me/api/portraits/men/23.jpg', 'medium': 'https://randomuser.me/api/portraits/med/men/23.jpg', 'thumbnail': 'https://randomuser.me/api/portraits/thumb/men/23.jpg'}, 'nat': 'US'}], 'info': {'seed': '937b78e2cf126a06', 'results': 1, 'page': 1, 'version': '1.4'}}</msg>
<arg>${json_data}</arg>
<doc>Logs the given message with the given level.</doc>
<status status="PASS" start="2024-06-16T10:15:42.794275" elapsed="0.000215"/>
</kw>
<kw name="Should Be Equal As Numbers" owner="BuiltIn">
<arg>${json_data['results'][0]['location']['postcode']}</arg>
<arg>${json_data['results'][0]['location']['postcode']}</arg>
<doc>Fails if objects are unequal after converting them to real numbers.</doc>
<status status="PASS" start="2024-06-16T10:15:42.794794" elapsed="0.000650"/>
</kw>
<kw name="Log" owner="BuiltIn">
<msg time="2024-06-16T10:15:42.796018" level="INFO">35761</msg>
<arg>${json_data['results'][0]['location']['postcode']}</arg>
<doc>Logs the given message with the given level.</doc>
<status status="PASS" start="2024-06-16T10:15:42.795677" elapsed="0.000384"/>
</kw>
<status status="PASS" start="2024-06-16T10:15:42.697579" elapsed="0.098751"/>
</kw>
<doc>Testa se os tipos de dados na resposta da API estão corretos.</doc>
<tag>testeTiposDados</tag>
<status status="PASS" start="2024-06-16T10:15:42.609598" elapsed="0.186911"/>
</test>
<test id="s1-s1-t5" name="Validar conteudo" line="35">
<kw name="Teste de Tipos de Conteudo" owner="random-user-service">
<kw name="GET On Session" owner="RequestsLibrary">
<msg time="2024-06-16T10:15:42.889676" level="INFO">GET Request : url=https://randomuser.me/api 
 path_url=/api 
 headers={'User-Agent': 'python-requests/2.32.3', 'Accept-Encoding': 'gzip, deflate', 'Accept': '*/*', 'Connection': 'keep-alive'} 
 body=None 
 </msg>
<msg time="2024-06-16T10:15:42.889775" level="INFO">GET Response : url=https://randomuser.me/api 
 status=200, reason=OK 
 headers={'Date': 'Sun, 16 Jun 2024 10:15:42 GMT', 'Content-Type': 'application/json; charset=utf-8', 'Transfer-Encoding': 'chunked', 'Connection': 'keep-alive', 'X-Powered-By': 'Express', 'Access-Control-Allow-Origin': '*', 'Cache-Control': 'no-cache', 'ETag': 'W/"489-9Pw9/4AF+sTApBG8uVgmKpuD54A"', 'Vary': 'Accept-Encoding', 'Content-Encoding': 'gzip', 'CF-Cache-Status': 'DYNAMIC', 'Report-To': '{"endpoints":[{"url":"https:\\/\\/a.nel.cloudflare.com\\/report\\/v4?s=wI6dwygiGrHKOCxsetnhNzStX1cpXI%2Frp%2B7HKb%2FZvg0ohUWU5k5%2FHslZdFH6oVbR5Bs%2BkdFw1I7SmR%2FoIWa7LMxpwMePh0hBLndB6tnM2h1BxEXH9Ydwz%2B3%2FhiKg%2FJjc"}],"group":"cf-nel","max_age":604800}', 'NEL': '{"success_fraction":0,"report_to":"cf-nel","max_age":604800}', 'Server': 'cloudflare', 'CF-RAY': '894a0a4c88ff6338-ORD', 'alt-svc': 'h3=":443"; ma=86400'} 
 body={"results":[{"gender":"female","name":{"title":"Miss","first":"Kayla","last":"Hall"},"location":{"street":{"number":8317,"name":"Tuam Street"},"city":"Blenheim","state":"Waikato","country":"New Zealand","postcode":72318,"coordinates":{"latitude":"49.0912","longitude":"122.9489"},"timezone":{"offset":"+5:30","description":"Bombay, Calcutta, Madras, New Delhi"}},"email":"kayla.hall@example.com","login":{"uuid":"832bde0d-b5fd-48cd-a82f-59359a09b041","username":"whitegoose609","password":"bubba1","salt":"u72FX13I","md5":"efaf7b987466042df3827cc967b39bb2","sha1":"72ac39372fec1f56a8197751aac40a48d16f0d8a","sha256":"152edeabf7dfba90a663909a6351822baefac177def007d2b6df69d6d2a01a6b"},"dob":{"date":"1955-05-01T18:02:07.887Z","age":69},"registered":{"date":"2009-10-06T16:52:31.326Z","age":14},"phone":"(606)-602-1023","cell":"(194)-848-5088","id":{"name":"","value":null},"picture":{"large":"https://randomuser.me/api/portraits/women/57.jpg","medium":"https://randomuser.me/api/portraits/med/women/57.jpg","thumbnail":"https://randomuser.me/api/portraits/thumb/women/57.jpg"},"nat":"NZ"}],"info":{"seed":"4dd9a27c3393d1c1","results":1,"page":1,"version":"1.4"}} 
 </msg>
<msg time="2024-06-16T10:15:42.889849" level="INFO">/opt/hostedtoolcache/Python/3.12.3/x64/lib/python3.12/site-packages/urllib3/connectionpool.py:1103: InsecureRequestWarning: Unverified HTTPS request is being made to host 'randomuser.me'. Adding certificate verification is strongly advised. See: https://urllib3.readthedocs.io/en/latest/advanced-usage.html#tls-warnings
  warnings.warn(</msg>
<msg time="2024-06-16T10:15:42.889971" level="INFO">${response} = &lt;Response [200]&gt;</msg>
<var>${response}</var>
<arg>consultarAPI</arg>
<arg>/api</arg>
<doc>Sends a GET request on a previously created HTTP Session.</doc>
<status status="PASS" start="2024-06-16T10:15:42.799491" elapsed="0.090512"/>
</kw>
<kw name="Set Variable" owner="BuiltIn">
<msg time="2024-06-16T10:15:42.891103" level="INFO">${json_data} = {'results': [{'gender': 'female', 'name': {'title': 'Miss', 'first': 'Kayla', 'last': 'Hall'}, 'location': {'street': {'number': 8317, 'name': 'Tuam Street'}, 'city': 'Blenheim', 'state': 'Waikato', '...</msg>
<var>${json_data}</var>
<arg>${response.json()}</arg>
<doc>Returns the given values which can then be assigned to a variables.</doc>
<status status="PASS" start="2024-06-16T10:15:42.890561" elapsed="0.000574"/>
</kw>
<kw name="Set Variable" owner="BuiltIn">
<msg time="2024-06-16T10:15:42.891877" level="INFO">${name_title} = Miss</msg>
<var>${name_title}</var>
<arg>${json_data["results"][0]["name"]["title"]}</arg>
<doc>Returns the given values which can then be assigned to a variables.</doc>
<status status="PASS" start="2024-06-16T10:15:42.891465" elapsed="0.000440"/>
</kw>
<kw name="Create List" owner="BuiltIn">
<msg time="2024-06-16T10:15:42.892370" level="INFO">${allowed_titles} = ['Mr', 'Ms', 'Miss', 'Mrs', 'Madame', 'Monsieur']</msg>
<var>${allowed_titles}</var>
<arg>Mr</arg>
<arg>Ms</arg>
<arg>Miss</arg>
<arg>Mrs</arg>
<arg>Madame</arg>
<arg>Monsieur</arg>
<doc>Returns a list containing given items.</doc>
<status status="PASS" start="2024-06-16T10:15:42.892216" elapsed="0.000180"/>
</kw>
<kw name="List Should Contain Value" owner="Collections">
<arg>${allowed_titles}</arg>
<arg>${name_title}</arg>
<doc>Fails if the ``value`` is not found from ``list``.</doc>
<status status="PASS" start="2024-06-16T10:15:42.892706" elapsed="0.000183"/>
</kw>
<kw name="Set Variable" owner="BuiltIn">
<msg time="2024-06-16T10:15:42.893500" level="INFO">${name_country} = NZ</msg>
<var>${name_country}</var>
<arg>${json_data["results"][0]["nat"]}</arg>
<doc>Returns the given values which can then be assigned to a variables.</doc>
<status status="PASS" start="2024-06-16T10:15:42.893080" elapsed="0.000447"/>
</kw>
<kw name="Create List" owner="BuiltIn">
<msg time="2024-06-16T10:15:42.894458" level="INFO">${list_country} = ['AD', 'AE', 'AF', 'AG', 'AI', 'AL', 'AM', 'AO', 'AQ', 'AR', 'AS', 'AT', 'AU', 'AW', 'AX', 'AZ', 'BA', 'BB', 'BD', 'BE', 'BF', 'BG', 'BH', 'BI', 'BJ', 'BL', 'BM', 'BN', 'BO', 'BQ', 'BR', 'BS', 'BT', '...</msg>
<var>${list_country}</var>
<arg>AD</arg>
<arg>AE</arg>
<arg>AF</arg>
<arg>AG</arg>
<arg>AI</arg>
<arg>AL</arg>
<arg>AM</arg>
<arg>AO</arg>
<arg>AQ</arg>
<arg>AR</arg>
<arg>AS</arg>
<arg>AT</arg>
<arg>AU</arg>
<arg>AW</arg>
<arg>AX</arg>
<arg>AZ</arg>
<arg>BA</arg>
<arg>BB</arg>
<arg>BD</arg>
<arg>BE</arg>
<arg>BF</arg>
<arg>BG</arg>
<arg>BH</arg>
<arg>BI</arg>
<arg>BJ</arg>
<arg>BL</arg>
<arg>BM</arg>
<arg>BN</arg>
<arg>BO</arg>
<arg>BQ</arg>
<arg>BR</arg>
<arg>BS</arg>
<arg>BT</arg>
<arg>BV</arg>
<arg>BW</arg>
<arg>BY</arg>
<arg>BZ</arg>
<arg>CA</arg>
<arg>CC</arg>
<arg>CD</arg>
<arg>CF</arg>
<arg>CG</arg>
<arg>CH</arg>
<arg>CI</arg>
<arg>CK</arg>
<arg>CL</arg>
<arg>CM</arg>
<arg>CN</arg>
<arg>CO</arg>
<arg>CR</arg>
<arg>CU</arg>
<arg>CV</arg>
<arg>CW</arg>
<arg>CX</arg>
<arg>CY</arg>
<arg>CZ</arg>
<arg>DE</arg>
<arg>DJ</arg>
<arg>DK</arg>
<arg>DM</arg>
<arg>DO</arg>
<arg>DZ</arg>
<arg>EC</arg>
<arg>EE</arg>
<arg>EG</arg>
<arg>EH</arg>
<arg>ER</arg>
<arg>ES</arg>
<arg>ET</arg>
<arg>FI</arg>
<arg>FJ</arg>
<arg>FK</arg>
<arg>FM</arg>
<arg>FO</arg>
<arg>FR</arg>
<arg>GA</arg>
<arg>GB</arg>
<arg>GD</arg>
<arg>GE</arg>
<arg>GF</arg>
<arg>GG</arg>
<arg>GH</arg>
<arg>GI</arg>
<arg>GL</arg>
<arg>GM</arg>
<arg>GN</arg>
<arg>GP</arg>
<arg>GQ</arg>
<arg>GR</arg>
<arg>GS</arg>
<arg>GT</arg>
<arg>GU</arg>
<arg>GW</arg>
<arg>GY</arg>
<arg>HK</arg>
<arg>HM</arg>
<arg>HN</arg>
<arg>HR</arg>
<arg>HT</arg>
<arg>HU</arg>
<arg>ID</arg>
<arg>IE</arg>
<arg>IL</arg>
<arg>IM</arg>
<arg>IN</arg>
<arg>IO</arg>
<arg>IQ</arg>
<arg>IR</arg>
<arg>IS</arg>
<arg>IT</arg>
<arg>JE</arg>
<arg>JM</arg>
<arg>JO</arg>
<arg>JP</arg>
<arg>KE</arg>
<arg>KG</arg>
<arg>KH</arg>
<arg>KI</arg>
<arg>KM</arg>
<arg>KN</arg>
<arg>KP</arg>
<arg>KR</arg>
<arg>KW</arg>
<arg>KY</arg>
<arg>KZ</arg>
<arg>LA</arg>
<arg>LB</arg>
<arg>LC</arg>
<arg>LI</arg>
<arg>LK</arg>
<arg>LR</arg>
<arg>LS</arg>
<arg>LT</arg>
<arg>LU</arg>
<arg>LV</arg>
<arg>LY</arg>
<arg>MA</arg>
<arg>MC</arg>
<arg>MD</arg>
<arg>ME</arg>
<arg>MF</arg>
<arg>MG</arg>
<arg>MH</arg>
<arg>MK</arg>
<arg>ML</arg>
<arg>MM</arg>
<arg>MN</arg>
<arg>MO</arg>
<arg>MP</arg>
<arg>MQ</arg>
<arg>MR</arg>
<arg>MS</arg>
<arg>MT</arg>
<arg>MU</arg>
<arg>MV</arg>
<arg>MW</arg>
<arg>MX</arg>
<arg>MY</arg>
<arg>MZ</arg>
<arg>NA</arg>
<arg>NC</arg>
<arg>NE</arg>
<arg>NF</arg>
<arg>NG</arg>
<arg>NI</arg>
<arg>NL</arg>
<arg>NO</arg>
<arg>NP</arg>
<arg>NR</arg>
<arg>NU</arg>
<arg>NZ</arg>
<arg>OM</arg>
<arg>PA</arg>
<arg>PE</arg>
<arg>PF</arg>
<arg>PG</arg>
<arg>PH</arg>
<arg>PK</arg>
<arg>PL</arg>
<arg>PM</arg>
<arg>PN</arg>
<arg>PR</arg>
<arg>PS</arg>
<arg>PT</arg>
<arg>PW</arg>
<arg>PY</arg>
<arg>QA</arg>
<arg>RE</arg>
<arg>RO</arg>
<arg>RS</arg>
<arg>RU</arg>
<arg>RW</arg>
<arg>SA</arg>
<arg>SB</arg>
<arg>SC</arg>
<arg>SD</arg>
<arg>SE</arg>
<arg>SG</arg>
<arg>SH</arg>
<arg>SI</arg>
<arg>SJ</arg>
<arg>SK</arg>
<arg>SL</arg>
<arg>SM</arg>
<arg>SN</arg>
<arg>SO</arg>
<arg>SR</arg>
<arg>SS</arg>
<arg>ST</arg>
<arg>SV</arg>
<arg>SX</arg>
<arg>SY</arg>
<arg>SZ</arg>
<arg>TC</arg>
<arg>TD</arg>
<arg>TF</arg>
<arg>TG</arg>
<arg>TH</arg>
<arg>TJ</arg>
<arg>TK</arg>
<arg>TL</arg>
<arg>TM</arg>
<arg>TN</arg>
<arg>TO</arg>
<arg>TR</arg>
<arg>TT</arg>
<arg>TV</arg>
<arg>TW</arg>
<arg>TZ</arg>
<arg>UA</arg>
<arg>UG</arg>
<arg>UM</arg>
<arg>US</arg>
<arg>UY</arg>
<arg>UZ</arg>
<arg>VA</arg>
<arg>VC</arg>
<arg>VE</arg>
<arg>VG</arg>
<arg>VI</arg>
<arg>VN</arg>
<arg>VU</arg>
<arg>WF</arg>
<arg>WS</arg>
<arg>XK</arg>
<arg>YE</arg>
<arg>YT</arg>
<arg>ZA</arg>
<arg>ZM</arg>
<arg>ZW</arg>
<doc>Returns a list containing given items.</doc>
<status status="PASS" start="2024-06-16T10:15:42.893842" elapsed="0.000642"/>
</kw>
<kw name="List Should Contain Value" owner="Collections">
<arg>${list_country}</arg>
<arg>${name_country}</arg>
<doc>Fails if the ``value`` is not found from ``list``.</doc>
<status status="PASS" start="2024-06-16T10:15:42.895309" elapsed="0.000216"/>
</kw>
<kw name="Run Keyword If" owner="BuiltIn">
<kw name="Should Be True" owner="BuiltIn">
<arg>${True}</arg>
<doc>Fails if the given condition is not true.</doc>
<status status="PASS" start="2024-06-16T10:15:42.896659" elapsed="0.000151"/>
</kw>
<arg>${json_data["results"][0]["location"]["coordinates"]["latitude"]} &gt;= -90 and ${json_data["results"][0]["location"]["coordinates"]["latitude"]} &lt;= 90</arg>
<arg>Should Be True</arg>
<arg>${True}</arg>
<doc>Runs the given keyword with the given arguments, if ``condition`` is true.</doc>
<status status="PASS" start="2024-06-16T10:15:42.895728" elapsed="0.001218"/>
</kw>
<kw name="Run Keyword If" owner="BuiltIn">
<kw name="Should Be True" owner="BuiltIn">
<arg>${True}</arg>
<doc>Fails if the given condition is not true.</doc>
<status status="PASS" start="2024-06-16T10:15:42.897881" elapsed="0.000142"/>
</kw>
<arg>${json_data["results"][0]["location"]["coordinates"]["longitude"]} &gt;= -180 and ${json_data["results"][0]["location"]["coordinates"]["longitude"]} &lt;= 180</arg>
<arg>Should Be True</arg>
<arg>${True}</arg>
<doc>Runs the given keyword with the given arguments, if ``condition`` is true.</doc>
<status status="PASS" start="2024-06-16T10:15:42.897135" elapsed="0.001014"/>
</kw>
<status status="PASS" start="2024-06-16T10:15:42.799072" elapsed="0.099214"/>
</kw>
<doc>Testa o conteúdo específico dos campos retornados pela API.</doc>
<tag>testeConteudo</tag>
<status status="PASS" start="2024-06-16T10:15:42.798375" elapsed="0.100068"/>
</test>
<status status="PASS" start="2024-06-16T10:15:42.024499" elapsed="0.875942"/>
</suite>
<status status="PASS" start="2024-06-16T10:15:42.010321" elapsed="0.895377"/>
</suite>
<statistics>
<total>
<stat pass="5" fail="0" skip="0">All Tests</stat>
</total>
<tag>
<stat pass="1" fail="0" skip="0">testeConteudo</stat>
<stat pass="1" fail="0" skip="0">testeEstruturaResposta</stat>
<stat pass="1" fail="0" skip="0">testeRequisicaoBasica</stat>
<stat pass="1" fail="0" skip="0">testeTiposDados</stat>
</tag>
<suite>
<stat pass="5" fail="0" skip="0" id="s1" name="Tests">Tests</stat>
<stat pass="5" fail="0" skip="0" id="s1-s1" name="Random-User-Test">Tests.Random-User-Test</stat>
</suite>
</statistics>
<errors>
</errors>
</robot>
