<?xml version="1.0" encoding="UTF-8"?>
<robot generator="Robot 7.0.1 (Python 3.12.4 on linux)" generated="2024-08-03T23:15:57.246058" rpa="false" schemaversion="5">
<suite id="s1" name="Tests" source="/home/runner/work/ApiRandomUser/ApiRandomUser/RamdonUser/tests">
<suite id="s1-s1" name="Random-User-Test" source="/home/runner/work/ApiRandomUser/ApiRandomUser/RamdonUser/tests/random-user-test.robot">
<test id="s1-s1-t1" name="Conectar" line="13">
<kw name="Conectar API" owner="random-user-service">
<kw name="Create Session" owner="RequestsLibrary">
<msg time="2024-08-03T23:15:57.662348" level="INFO">Creating Session using : alias=consultarAPI, url=https://randomuser.me/, headers={},                     cookies={}, auth=None, timeout=None, proxies=None, verify=False,                     debug=0 </msg>
<arg>consultarAPI</arg>
<arg>${URL}</arg>
<doc>Create Session: create a HTTP session to a server</doc>
<status status="PASS" start="2024-08-03T23:15:57.662155" elapsed="0.000367"/>
</kw>
<status status="PASS" start="2024-08-03T23:15:57.661131" elapsed="0.001748"/>
</kw>
<status status="PASS" start="2024-08-03T23:15:57.660620" elapsed="0.002455"/>
</test>
<test id="s1-s1-t2" name="Validar retorno 200 e JSON Válido" line="16">
<kw name="Teste de Requisicao Basica" owner="random-user-service">
<kw name="GET On Session" owner="RequestsLibrary">
<msg time="2024-08-03T23:15:57.961512" level="INFO">GET Request : url=https://randomuser.me/api 
 path_url=/api 
 headers={'User-Agent': 'python-requests/2.32.3', 'Accept-Encoding': 'gzip, deflate', 'Accept': '*/*', 'Connection': 'keep-alive'} 
 body=None 
 </msg>
<msg time="2024-08-03T23:15:57.961669" level="INFO">GET Response : url=https://randomuser.me/api 
 status=200, reason=OK 
 headers={'Date': 'Sat, 03 Aug 2024 23:15:57 GMT', 'Content-Type': 'application/json; charset=utf-8', 'Transfer-Encoding': 'chunked', 'Connection': 'keep-alive', 'X-Powered-By': 'Express', 'Access-Control-Allow-Origin': '*', 'Cache-Control': 'no-cache', 'ETag': 'W/"498-U6C04XrbTOUhreofX/AhNY5nj6g"', 'Vary': 'Accept-Encoding', 'Content-Encoding': 'gzip', 'CF-Cache-Status': 'DYNAMIC', 'Report-To': '{"endpoints":[{"url":"https:\\/\\/a.nel.cloudflare.com\\/report\\/v4?s=V0Wy5Tgltv3eNQG7aNxOgHPk%2BlWHl06PrHdEv3LYMBhbeLpQKSYCjdphfgRJ1lWa%2BcDOu07tGnrrWyO%2FbsXvCAsJ2D%2BfwQcy1KfqzsImUwbIRbaAZ9WLT7DY%2FWQsfnUy"}],"group":"cf-nel","max_age":604800}', 'NEL': '{"success_fraction":0,"report_to":"cf-nel","max_age":604800}', 'Server': 'cloudflare', 'CF-RAY': '8ada033f0ef61129-ORD', 'alt-svc': 'h3=":443"; ma=86400'} 
 body={"results":[{"gender":"female","name":{"title":"Ms","first":"Tatiana","last":"Živojinović"},"location":{"street":{"number":1301,"name":"Kolibinska"},"city":"Arilje","state":"Central Banat","country":"Serbia","postcode":43852,"coordinates":{"latitude":"62.9710","longitude":"52.7082"},"timezone":{"offset":"-8:00","description":"Pacific Time (US &amp; Canada)"}},"email":"tatiana.zivojinovic@example.com","login":{"uuid":"dfd22501-6c11-47b8-97c0-1698c6d7e088","username":"beautifulcat443","password":"schalke","salt":"VhhDSHYB","md5":"8d126792e8f5caaa0b1491699b3de977","sha1":"b3737161436c7542a84af43cbadb56a1e3cec851","sha256":"c7c7a0037879a8d632e8a46ad78acfa2b1843f31aa83e398c1ccc186f1a76476"},"dob":{"date":"1978-06-11T18:49:05.608Z","age":46},"registered":{"date":"2013-06-18T21:50:46.505Z","age":11},"phone":"028-4905-573","cell":"060-4783-382","id":{"name":"SID","value":"844043225"},"picture":{"large":"https://randomuser.me/api/portraits/women/76.jpg","medium":"https://randomuser.me/api/portraits/med/women/76.jpg","thumbnail":"https://randomuser.me/api/portraits/thumb/women/76.jpg"},"nat":"RS"}],"info":{"seed":"9700fb815e8a6fc3","results":1,"page":1,"version":"1.4"}} 
 </msg>
<msg time="2024-08-03T23:15:57.961755" level="INFO">/opt/hostedtoolcache/Python/3.12.4/x64/lib/python3.12/site-packages/urllib3/connectionpool.py:1099: InsecureRequestWarning: Unverified HTTPS request is being made to host 'randomuser.me'. Adding certificate verification is strongly advised. See: https://urllib3.readthedocs.io/en/latest/advanced-usage.html#tls-warnings
  warnings.warn(</msg>
<msg time="2024-08-03T23:15:57.961902" level="INFO">${response} = &lt;Response [200]&gt;</msg>
<var>${response}</var>
<arg>consultarAPI</arg>
<arg>/api</arg>
<doc>Sends a GET request on a previously created HTTP Session.</doc>
<status status="PASS" start="2024-08-03T23:15:57.665705" elapsed="0.296237"/>
</kw>
<kw name="Should Be Equal As Numbers" owner="BuiltIn">
<msg time="2024-08-03T23:15:57.963096" level="INFO">Argument types are:
&lt;class 'int'&gt;
&lt;class 'str'&gt;</msg>
<arg>${response.status_code}</arg>
<arg>200</arg>
<doc>Fails if objects are unequal after converting them to real numbers.</doc>
<status status="PASS" start="2024-08-03T23:15:57.962582" elapsed="0.000579"/>
</kw>
<kw name="Log" owner="BuiltIn">
<msg time="2024-08-03T23:15:57.963865" level="INFO">200</msg>
<arg>${response.status_code}</arg>
<doc>Logs the given message with the given level.</doc>
<status status="PASS" start="2024-08-03T23:15:57.963478" elapsed="0.000430"/>
</kw>
<kw name="Set Variable" owner="BuiltIn">
<msg time="2024-08-03T23:15:57.964667" level="INFO">${json_data} = {'results': [{'gender': 'female', 'name': {'title': 'Ms', 'first': 'Tatiana', 'last': 'Živojinović'}, 'location': {'street': {'number': 1301, 'name': 'Kolibinska'}, 'city': 'Arilje', 'state': 'Central...</msg>
<var>${json_data}</var>
<arg>${response.json()}</arg>
<doc>Returns the given values which can then be assigned to a variables.</doc>
<status status="PASS" start="2024-08-03T23:15:57.964216" elapsed="0.000482"/>
</kw>
<kw name="Dictionary Should Contain Key" owner="Collections">
<arg>${json_data}</arg>
<arg>results</arg>
<doc>Fails if ``key`` is not found from ``dictionary``.</doc>
<status status="PASS" start="2024-08-03T23:15:57.965001" elapsed="0.000324"/>
</kw>
<status status="PASS" start="2024-08-03T23:15:57.665460" elapsed="0.300046"/>
</kw>
<doc>Testa se a API responde corretamente e retorna um objeto JSON válido.</doc>
<tag>testeRequisicaoBasica</tag>
<status status="PASS" start="2024-08-03T23:15:57.664939" elapsed="0.300741"/>
</test>
<test id="s1-s1-t3" name="Validar estrutura de resposta" line="22">
<kw name="Teste de Estrutura de Resposta" owner="random-user-service">
<kw name="GET On Session" owner="RequestsLibrary">
<msg time="2024-08-03T23:15:58.064429" level="INFO">GET Request : url=https://randomuser.me/api 
 path_url=/api 
 headers={'User-Agent': 'python-requests/2.32.3', 'Accept-Encoding': 'gzip, deflate', 'Accept': '*/*', 'Connection': 'keep-alive'} 
 body=None 
 </msg>
<msg time="2024-08-03T23:15:58.064525" level="INFO">GET Response : url=https://randomuser.me/api 
 status=200, reason=OK 
 headers={'Date': 'Sat, 03 Aug 2024 23:15:58 GMT', 'Content-Type': 'application/json; charset=utf-8', 'Transfer-Encoding': 'chunked', 'Connection': 'keep-alive', 'X-Powered-By': 'Express', 'Access-Control-Allow-Origin': '*', 'Cache-Control': 'no-cache', 'ETag': 'W/"48f-PVk9x50kBOpCOAXR85yA5STJdAk"', 'Vary': 'Accept-Encoding', 'Content-Encoding': 'gzip', 'CF-Cache-Status': 'DYNAMIC', 'Report-To': '{"endpoints":[{"url":"https:\\/\\/a.nel.cloudflare.com\\/report\\/v4?s=oHbeYXA%2BjEM%2FuItiJHTny8d0K2K3zaJSDRfZEq5qqs3p%2B7Rhha8crOSun%2B3zAJN%2Fdb%2BjzibSjgc7ltSKY8VzckKjULRmtyGJ7AVaI%2B6T4aggaCHq0skUAkeodHGhZ%2BcD"}],"group":"cf-nel","max_age":604800}', 'NEL': '{"success_fraction":0,"report_to":"cf-nel","max_age":604800}', 'Server': 'cloudflare', 'CF-RAY': '8ada033f4f791129-ORD', 'alt-svc': 'h3=":443"; ma=86400'} 
 body={"results":[{"gender":"female","name":{"title":"Miss","first":"بهار","last":"کامروا"},"location":{"street":{"number":2219,"name":"میدان دکتر فاطمی / جهاد"},"city":"ارومیه","state":"مرکزی","country":"Iran","postcode":59797,"coordinates":{"latitude":"18.0884","longitude":"111.9556"},"timezone":{"offset":"-10:00","description":"Hawaii"}},"email":"bhr.khmrw@example.com","login":{"uuid":"3d413b1a-8a3d-4347-958e-764c07e3dc1f","username":"tinyladybug461","password":"kristy","salt":"Pp3lrEYv","md5":"12ec493517b430f86136054799ad0c5d","sha1":"b579c912e5e135f90f7e7183b36b421911423dc8","sha256":"14c846782b36f47c8fa0663b425485abfff42f3d451017d1e48686974d3916f3"},"dob":{"date":"1959-04-08T18:34:05.660Z","age":65},"registered":{"date":"2018-07-11T16:34:48.605Z","age":6},"phone":"049-18709656","cell":"0946-334-3271","id":{"name":"","value":null},"picture":{"large":"https://randomuser.me/api/portraits/women/0.jpg","medium":"https://randomuser.me/api/portraits/med/women/0.jpg","thumbnail":"https://randomuser.me/api/portraits/thumb/women/0.jpg"},"nat":"IR"}],"info":{"seed":"5cffa1f1dcf9c720","results":1,"page":1,"version":"1.4"}} 
 </msg>
<msg time="2024-08-03T23:15:58.064661" level="INFO">/opt/hostedtoolcache/Python/3.12.4/x64/lib/python3.12/site-packages/urllib3/connectionpool.py:1099: InsecureRequestWarning: Unverified HTTPS request is being made to host 'randomuser.me'. Adding certificate verification is strongly advised. See: https://urllib3.readthedocs.io/en/latest/advanced-usage.html#tls-warnings
  warnings.warn(</msg>
<msg time="2024-08-03T23:15:58.064776" level="INFO">${response} = &lt;Response [200]&gt;</msg>
<var>${response}</var>
<arg>consultarAPI</arg>
<arg>/api</arg>
<doc>Sends a GET request on a previously created HTTP Session.</doc>
<status status="PASS" start="2024-08-03T23:15:57.968335" elapsed="0.096483"/>
</kw>
<kw name="Set Variable" owner="BuiltIn">
<msg time="2024-08-03T23:15:58.065962" level="INFO">${json_data} = {'results': [{'gender': 'female', 'name': {'title': 'Miss', 'first': 'بهار', 'last': 'کامروا'}, 'location': {'street': {'number': 2219, 'name': 'میدان دکتر فاطمی / جهاد'}, 'city': 'ارومیه', 'state': '...</msg>
<var>${json_data}</var>
<arg>${response.json()}</arg>
<doc>Returns the given values which can then be assigned to a variables.</doc>
<status status="PASS" start="2024-08-03T23:15:58.065351" elapsed="0.000642"/>
</kw>
<kw name="Log" owner="BuiltIn">
<msg time="2024-08-03T23:15:58.066481" level="INFO">{'results': [{'gender': 'female', 'name': {'title': 'Miss', 'first': 'بهار', 'last': 'کامروا'}, 'location': {'street': {'number': 2219, 'name': 'میدان دکتر فاطمی / جهاد'}, 'city': 'ارومیه', 'state': 'مرکزی', 'country': 'Iran', 'postcode': 59797, 'coordinates': {'latitude': '18.0884', 'longitude': '111.9556'}, 'timezone': {'offset': '-10:00', 'description': 'Hawaii'}}, 'email': 'bhr.khmrw@example.com', 'login': {'uuid': '3d413b1a-8a3d-4347-958e-764c07e3dc1f', 'username': 'tinyladybug461', 'password': 'kristy', 'salt': 'Pp3lrEYv', 'md5': '12ec493517b430f86136054799ad0c5d', 'sha1': 'b579c912e5e135f90f7e7183b36b421911423dc8', 'sha256': '14c846782b36f47c8fa0663b425485abfff42f3d451017d1e48686974d3916f3'}, 'dob': {'date': '1959-04-08T18:34:05.660Z', 'age': 65}, 'registered': {'date': '2018-07-11T16:34:48.605Z', 'age': 6}, 'phone': '049-18709656', 'cell': '0946-334-3271', 'id': {'name': '', 'value': None}, 'picture': {'large': 'https://randomuser.me/api/portraits/women/0.jpg', 'medium': 'https://randomuser.me/api/portraits/med/women/0.jpg', 'thumbnail': 'https://randomuser.me/api/portraits/thumb/women/0.jpg'}, 'nat': 'IR'}], 'info': {'seed': '5cffa1f1dcf9c720', 'results': 1, 'page': 1, 'version': '1.4'}}</msg>
<arg>${json_data}</arg>
<doc>Logs the given message with the given level.</doc>
<status status="PASS" start="2024-08-03T23:15:58.066317" elapsed="0.000213"/>
</kw>
<kw name="Dictionary Should Contain Key" owner="Collections">
<arg>${json_data}</arg>
<arg>results</arg>
<doc>Fails if ``key`` is not found from ``dictionary``.</doc>
<status status="PASS" start="2024-08-03T23:15:58.066829" elapsed="0.000191"/>
</kw>
<kw name="Should Not Be Empty" owner="BuiltIn">
<msg time="2024-08-03T23:15:58.067351" level="INFO">Length is 2.</msg>
<arg>${json_data}</arg>
<doc>Verifies that the given item is not empty.</doc>
<status status="PASS" start="2024-08-03T23:15:58.067214" elapsed="0.000175"/>
</kw>
<kw name="Create List" owner="BuiltIn">
<msg time="2024-08-03T23:15:58.067871" level="INFO">${expected_keys} = ['gender', 'name', 'location', 'email', 'login']</msg>
<var>${expected_keys}</var>
<arg>gender</arg>
<arg>name</arg>
<arg>location</arg>
<arg>email</arg>
<arg>login</arg>
<doc>Returns a list containing given items.</doc>
<status status="PASS" start="2024-08-03T23:15:58.067721" elapsed="0.000175"/>
</kw>
<for flavor="IN">
<iter>
<kw name="Dictionary Should Contain Key" owner="Collections">
<arg>${json_data['results'][0]}</arg>
<arg>${key}</arg>
<doc>Fails if ``key`` is not found from ``dictionary``.</doc>
<status status="PASS" start="2024-08-03T23:15:58.068465" elapsed="0.000412"/>
</kw>
<kw name="Log" owner="BuiltIn">
<msg time="2024-08-03T23:15:58.069425" level="INFO">{'gender': 'female', 'name': {'title': 'Miss', 'first': 'بهار', 'last': 'کامروا'}, 'location': {'street': {'number': 2219, 'name': 'میدان دکتر فاطمی / جهاد'}, 'city': 'ارومیه', 'state': 'مرکزی', 'country': 'Iran', 'postcode': 59797, 'coordinates': {'latitude': '18.0884', 'longitude': '111.9556'}, 'timezone': {'offset': '-10:00', 'description': 'Hawaii'}}, 'email': 'bhr.khmrw@example.com', 'login': {'uuid': '3d413b1a-8a3d-4347-958e-764c07e3dc1f', 'username': 'tinyladybug461', 'password': 'kristy', 'salt': 'Pp3lrEYv', 'md5': '12ec493517b430f86136054799ad0c5d', 'sha1': 'b579c912e5e135f90f7e7183b36b421911423dc8', 'sha256': '14c846782b36f47c8fa0663b425485abfff42f3d451017d1e48686974d3916f3'}, 'dob': {'date': '1959-04-08T18:34:05.660Z', 'age': 65}, 'registered': {'date': '2018-07-11T16:34:48.605Z', 'age': 6}, 'phone': '049-18709656', 'cell': '0946-334-3271', 'id': {'name': '', 'value': None}, 'picture': {'large': 'https://randomuser.me/api/portraits/women/0.jpg', 'medium': 'https://randomuser.me/api/portraits/med/women/0.jpg', 'thumbnail': 'https://randomuser.me/api/portraits/thumb/women/0.jpg'}, 'nat': 'IR'}</msg>
<arg>${json_data['results'][0]}</arg>
<doc>Logs the given message with the given level.</doc>
<status status="PASS" start="2024-08-03T23:15:58.069068" elapsed="0.000409"/>
</kw>
<kw name="Log" owner="BuiltIn">
<msg time="2024-08-03T23:15:58.069911" level="INFO">gender</msg>
<arg>${key}</arg>
<doc>Logs the given message with the given level.</doc>
<status status="PASS" start="2024-08-03T23:15:58.069781" elapsed="0.000168"/>
</kw>
<var name="${key}">gender</var>
<status status="PASS" start="2024-08-03T23:15:58.068343" elapsed="0.001823"/>
</iter>
<iter>
<kw name="Dictionary Should Contain Key" owner="Collections">
<arg>${json_data['results'][0]}</arg>
<arg>${key}</arg>
<doc>Fails if ``key`` is not found from ``dictionary``.</doc>
<status status="PASS" start="2024-08-03T23:15:58.070462" elapsed="0.000389"/>
</kw>
<kw name="Log" owner="BuiltIn">
<msg time="2024-08-03T23:15:58.071425" level="INFO">{'gender': 'female', 'name': {'title': 'Miss', 'first': 'بهار', 'last': 'کامروا'}, 'location': {'street': {'number': 2219, 'name': 'میدان دکتر فاطمی / جهاد'}, 'city': 'ارومیه', 'state': 'مرکزی', 'country': 'Iran', 'postcode': 59797, 'coordinates': {'latitude': '18.0884', 'longitude': '111.9556'}, 'timezone': {'offset': '-10:00', 'description': 'Hawaii'}}, 'email': 'bhr.khmrw@example.com', 'login': {'uuid': '3d413b1a-8a3d-4347-958e-764c07e3dc1f', 'username': 'tinyladybug461', 'password': 'kristy', 'salt': 'Pp3lrEYv', 'md5': '12ec493517b430f86136054799ad0c5d', 'sha1': 'b579c912e5e135f90f7e7183b36b421911423dc8', 'sha256': '14c846782b36f47c8fa0663b425485abfff42f3d451017d1e48686974d3916f3'}, 'dob': {'date': '1959-04-08T18:34:05.660Z', 'age': 65}, 'registered': {'date': '2018-07-11T16:34:48.605Z', 'age': 6}, 'phone': '049-18709656', 'cell': '0946-334-3271', 'id': {'name': '', 'value': None}, 'picture': {'large': 'https://randomuser.me/api/portraits/women/0.jpg', 'medium': 'https://randomuser.me/api/portraits/med/women/0.jpg', 'thumbnail': 'https://randomuser.me/api/portraits/thumb/women/0.jpg'}, 'nat': 'IR'}</msg>
<arg>${json_data['results'][0]}</arg>
<doc>Logs the given message with the given level.</doc>
<status status="PASS" start="2024-08-03T23:15:58.071032" elapsed="0.000444"/>
</kw>
<kw name="Log" owner="BuiltIn">
<msg time="2024-08-03T23:15:58.071941" level="INFO">name</msg>
<arg>${key}</arg>
<doc>Logs the given message with the given level.</doc>
<status status="PASS" start="2024-08-03T23:15:58.071812" elapsed="0.000167"/>
</kw>
<var name="${key}">name</var>
<status status="PASS" start="2024-08-03T23:15:58.070347" elapsed="0.001848"/>
</iter>
<iter>
<kw name="Dictionary Should Contain Key" owner="Collections">
<arg>${json_data['results'][0]}</arg>
<arg>${key}</arg>
<doc>Fails if ``key`` is not found from ``dictionary``.</doc>
<status status="PASS" start="2024-08-03T23:15:58.072477" elapsed="0.000376"/>
</kw>
<kw name="Log" owner="BuiltIn">
<msg time="2024-08-03T23:15:58.073392" level="INFO">{'gender': 'female', 'name': {'title': 'Miss', 'first': 'بهار', 'last': 'کامروا'}, 'location': {'street': {'number': 2219, 'name': 'میدان دکتر فاطمی / جهاد'}, 'city': 'ارومیه', 'state': 'مرکزی', 'country': 'Iran', 'postcode': 59797, 'coordinates': {'latitude': '18.0884', 'longitude': '111.9556'}, 'timezone': {'offset': '-10:00', 'description': 'Hawaii'}}, 'email': 'bhr.khmrw@example.com', 'login': {'uuid': '3d413b1a-8a3d-4347-958e-764c07e3dc1f', 'username': 'tinyladybug461', 'password': 'kristy', 'salt': 'Pp3lrEYv', 'md5': '12ec493517b430f86136054799ad0c5d', 'sha1': 'b579c912e5e135f90f7e7183b36b421911423dc8', 'sha256': '14c846782b36f47c8fa0663b425485abfff42f3d451017d1e48686974d3916f3'}, 'dob': {'date': '1959-04-08T18:34:05.660Z', 'age': 65}, 'registered': {'date': '2018-07-11T16:34:48.605Z', 'age': 6}, 'phone': '049-18709656', 'cell': '0946-334-3271', 'id': {'name': '', 'value': None}, 'picture': {'large': 'https://randomuser.me/api/portraits/women/0.jpg', 'medium': 'https://randomuser.me/api/portraits/med/women/0.jpg', 'thumbnail': 'https://randomuser.me/api/portraits/thumb/women/0.jpg'}, 'nat': 'IR'}</msg>
<arg>${json_data['results'][0]}</arg>
<doc>Logs the given message with the given level.</doc>
<status status="PASS" start="2024-08-03T23:15:58.073036" elapsed="0.000408"/>
</kw>
<kw name="Log" owner="BuiltIn">
<msg time="2024-08-03T23:15:58.073881" level="INFO">location</msg>
<arg>${key}</arg>
<doc>Logs the given message with the given level.</doc>
<status status="PASS" start="2024-08-03T23:15:58.073752" elapsed="0.000167"/>
</kw>
<var name="${key}">location</var>
<status status="PASS" start="2024-08-03T23:15:58.072369" elapsed="0.001772"/>
</iter>
<iter>
<kw name="Dictionary Should Contain Key" owner="Collections">
<arg>${json_data['results'][0]}</arg>
<arg>${key}</arg>
<doc>Fails if ``key`` is not found from ``dictionary``.</doc>
<status status="PASS" start="2024-08-03T23:15:58.074419" elapsed="0.000389"/>
</kw>
<kw name="Log" owner="BuiltIn">
<msg time="2024-08-03T23:15:58.075476" level="INFO">{'gender': 'female', 'name': {'title': 'Miss', 'first': 'بهار', 'last': 'کامروا'}, 'location': {'street': {'number': 2219, 'name': 'میدان دکتر فاطمی / جهاد'}, 'city': 'ارومیه', 'state': 'مرکزی', 'country': 'Iran', 'postcode': 59797, 'coordinates': {'latitude': '18.0884', 'longitude': '111.9556'}, 'timezone': {'offset': '-10:00', 'description': 'Hawaii'}}, 'email': 'bhr.khmrw@example.com', 'login': {'uuid': '3d413b1a-8a3d-4347-958e-764c07e3dc1f', 'username': 'tinyladybug461', 'password': 'kristy', 'salt': 'Pp3lrEYv', 'md5': '12ec493517b430f86136054799ad0c5d', 'sha1': 'b579c912e5e135f90f7e7183b36b421911423dc8', 'sha256': '14c846782b36f47c8fa0663b425485abfff42f3d451017d1e48686974d3916f3'}, 'dob': {'date': '1959-04-08T18:34:05.660Z', 'age': 65}, 'registered': {'date': '2018-07-11T16:34:48.605Z', 'age': 6}, 'phone': '049-18709656', 'cell': '0946-334-3271', 'id': {'name': '', 'value': None}, 'picture': {'large': 'https://randomuser.me/api/portraits/women/0.jpg', 'medium': 'https://randomuser.me/api/portraits/med/women/0.jpg', 'thumbnail': 'https://randomuser.me/api/portraits/thumb/women/0.jpg'}, 'nat': 'IR'}</msg>
<arg>${json_data['results'][0]}</arg>
<doc>Logs the given message with the given level.</doc>
<status status="PASS" start="2024-08-03T23:15:58.075104" elapsed="0.000423"/>
</kw>
<kw name="Log" owner="BuiltIn">
<msg time="2024-08-03T23:15:58.075999" level="INFO">email</msg>
<arg>${key}</arg>
<doc>Logs the given message with the given level.</doc>
<status status="PASS" start="2024-08-03T23:15:58.075868" elapsed="0.000169"/>
</kw>
<var name="${key}">email</var>
<status status="PASS" start="2024-08-03T23:15:58.074310" elapsed="0.001975"/>
</iter>
<iter>
<kw name="Dictionary Should Contain Key" owner="Collections">
<arg>${json_data['results'][0]}</arg>
<arg>${key}</arg>
<doc>Fails if ``key`` is not found from ``dictionary``.</doc>
<status status="PASS" start="2024-08-03T23:15:58.076637" elapsed="0.000377"/>
</kw>
<kw name="Log" owner="BuiltIn">
<msg time="2024-08-03T23:15:58.077554" level="INFO">{'gender': 'female', 'name': {'title': 'Miss', 'first': 'بهار', 'last': 'کامروا'}, 'location': {'street': {'number': 2219, 'name': 'میدان دکتر فاطمی / جهاد'}, 'city': 'ارومیه', 'state': 'مرکزی', 'country': 'Iran', 'postcode': 59797, 'coordinates': {'latitude': '18.0884', 'longitude': '111.9556'}, 'timezone': {'offset': '-10:00', 'description': 'Hawaii'}}, 'email': 'bhr.khmrw@example.com', 'login': {'uuid': '3d413b1a-8a3d-4347-958e-764c07e3dc1f', 'username': 'tinyladybug461', 'password': 'kristy', 'salt': 'Pp3lrEYv', 'md5': '12ec493517b430f86136054799ad0c5d', 'sha1': 'b579c912e5e135f90f7e7183b36b421911423dc8', 'sha256': '14c846782b36f47c8fa0663b425485abfff42f3d451017d1e48686974d3916f3'}, 'dob': {'date': '1959-04-08T18:34:05.660Z', 'age': 65}, 'registered': {'date': '2018-07-11T16:34:48.605Z', 'age': 6}, 'phone': '049-18709656', 'cell': '0946-334-3271', 'id': {'name': '', 'value': None}, 'picture': {'large': 'https://randomuser.me/api/portraits/women/0.jpg', 'medium': 'https://randomuser.me/api/portraits/med/women/0.jpg', 'thumbnail': 'https://randomuser.me/api/portraits/thumb/women/0.jpg'}, 'nat': 'IR'}</msg>
<arg>${json_data['results'][0]}</arg>
<doc>Logs the given message with the given level.</doc>
<status status="PASS" start="2024-08-03T23:15:58.077197" elapsed="0.000408"/>
</kw>
<kw name="Log" owner="BuiltIn">
<msg time="2024-08-03T23:15:58.078030" level="INFO">login</msg>
<arg>${key}</arg>
<doc>Logs the given message with the given level.</doc>
<status status="PASS" start="2024-08-03T23:15:58.077901" elapsed="0.000166"/>
</kw>
<var name="${key}">login</var>
<status status="PASS" start="2024-08-03T23:15:58.076524" elapsed="0.001758"/>
</iter>
<var>${key}</var>
<value>@{expected_keys}</value>
<status status="PASS" start="2024-08-03T23:15:58.068155" elapsed="0.010248"/>
</for>
<kw name="Create List" owner="BuiltIn">
<msg time="2024-08-03T23:15:58.078727" level="INFO">${expected_keysTwo} = ['username', 'password']</msg>
<var>${expected_keysTwo}</var>
<arg>username</arg>
<arg>password</arg>
<doc>Returns a list containing given items.</doc>
<status status="PASS" start="2024-08-03T23:15:58.078591" elapsed="0.000189"/>
</kw>
<for flavor="IN">
<iter>
<kw name="Dictionary Should Contain Key" owner="Collections">
<arg>${json_data['results'][0]['login']}</arg>
<arg>${keyTwo}</arg>
<doc>Fails if ``key`` is not found from ``dictionary``.</doc>
<status status="PASS" start="2024-08-03T23:15:58.079286" elapsed="0.000429"/>
</kw>
<kw name="Dictionary Should Contain Key" owner="Collections">
<arg>${json_data['results'][0]['login']}</arg>
<arg>${keyTwo}</arg>
<doc>Fails if ``key`` is not found from ``dictionary``.</doc>
<status status="PASS" start="2024-08-03T23:15:58.079902" elapsed="0.000381"/>
</kw>
<kw name="Log" owner="BuiltIn">
<msg time="2024-08-03T23:15:58.080585" level="INFO">username</msg>
<arg>${keyTwo}</arg>
<doc>Logs the given message with the given level.</doc>
<status status="PASS" start="2024-08-03T23:15:58.080463" elapsed="0.000160"/>
</kw>
<var name="${keyTwo}">username</var>
<status status="PASS" start="2024-08-03T23:15:58.079176" elapsed="0.001668"/>
</iter>
<iter>
<kw name="Dictionary Should Contain Key" owner="Collections">
<arg>${json_data['results'][0]['login']}</arg>
<arg>${keyTwo}</arg>
<doc>Fails if ``key`` is not found from ``dictionary``.</doc>
<status status="PASS" start="2024-08-03T23:15:58.081123" elapsed="0.000385"/>
</kw>
<kw name="Dictionary Should Contain Key" owner="Collections">
<arg>${json_data['results'][0]['login']}</arg>
<arg>${keyTwo}</arg>
<doc>Fails if ``key`` is not found from ``dictionary``.</doc>
<status status="PASS" start="2024-08-03T23:15:58.081686" elapsed="0.000369"/>
</kw>
<kw name="Log" owner="BuiltIn">
<msg time="2024-08-03T23:15:58.082353" level="INFO">password</msg>
<arg>${keyTwo}</arg>
<doc>Logs the given message with the given level.</doc>
<status status="PASS" start="2024-08-03T23:15:58.082232" elapsed="0.000160"/>
</kw>
<var name="${keyTwo}">password</var>
<status status="PASS" start="2024-08-03T23:15:58.081018" elapsed="0.001594"/>
</iter>
<var>${keyTwo}</var>
<value>@{expected_keysTwo}</value>
<status status="PASS" start="2024-08-03T23:15:58.079027" elapsed="0.003704"/>
</for>
<status status="PASS" start="2024-08-03T23:15:57.968101" elapsed="0.114770"/>
</kw>
<doc>Testa a estrutura da resposta da API.</doc>
<tag>testeEstruturaResposta</tag>
<status status="PASS" start="2024-08-03T23:15:57.967484" elapsed="0.115543"/>
</test>
<test id="s1-s1-t4" name="Validar tipos de dados" line="28">
<kw name="Teste de Tipos de Dados" owner="random-user-service">
<kw name="GET On Session" owner="RequestsLibrary">
<msg time="2024-08-03T23:15:58.166628" level="INFO">GET Request : url=https://randomuser.me/api 
 path_url=/api 
 headers={'User-Agent': 'python-requests/2.32.3', 'Accept-Encoding': 'gzip, deflate', 'Accept': '*/*', 'Connection': 'keep-alive'} 
 body=None 
 </msg>
<msg time="2024-08-03T23:15:58.166717" level="INFO">GET Response : url=https://randomuser.me/api 
 status=200, reason=OK 
 headers={'Date': 'Sat, 03 Aug 2024 23:15:58 GMT', 'Content-Type': 'application/json; charset=utf-8', 'Transfer-Encoding': 'chunked', 'Connection': 'keep-alive', 'X-Powered-By': 'Express', 'Access-Control-Allow-Origin': '*', 'Cache-Control': 'no-cache', 'ETag': 'W/"4af-tdJpdVGE6VuovgDqfsI5XAtBkzA"', 'Vary': 'Accept-Encoding', 'Content-Encoding': 'gzip', 'CF-Cache-Status': 'DYNAMIC', 'Report-To': '{"endpoints":[{"url":"https:\\/\\/a.nel.cloudflare.com\\/report\\/v4?s=N1JU8Z6zc%2FHgseXwDnkkFQsKJCv2MQlZmDNxk%2BnGTTAoLsaz10a8uSWB50454dyz8IPBLK5Y07TGBe5BCNZBu6AGpxw3VAWDwLJGbogN%2BFaSWGO%2FAmbrYR9Bi4GMrDjf"}],"group":"cf-nel","max_age":604800}', 'NEL': '{"success_fraction":0,"report_to":"cf-nel","max_age":604800}', 'Server': 'cloudflare', 'CF-RAY': '8ada0340084c1129-ORD', 'alt-svc': 'h3=":443"; ma=86400'} 
 body={"results":[{"gender":"male","name":{"title":"Monsieur","first":"Gerardo","last":"Meunier"},"location":{"street":{"number":9318,"name":"Rue du Bât-D'Argent"},"city":"Eschenbach (Lu)","state":"Luzern","country":"Switzerland","postcode":5347,"coordinates":{"latitude":"-57.2402","longitude":"-6.3896"},"timezone":{"offset":"+4:00","description":"Abu Dhabi, Muscat, Baku, Tbilisi"}},"email":"gerardo.meunier@example.com","login":{"uuid":"5a9ec460-52cd-46dc-a31f-19897bbfd5da","username":"beautifulzebra189","password":"carpedie","salt":"ulU2zYVA","md5":"f20a0a05e28b593874a10fe6c72b1d64","sha1":"cd0165e5f4d4c377955e335d69e232d7223492c6","sha256":"6769e1d18823dd3d69a40db44cdeaa9840dd1735a6be7cc7b3911ba11ae933ff"},"dob":{"date":"1978-12-12T17:16:55.552Z","age":45},"registered":{"date":"2013-07-19T13:47:07.148Z","age":11},"phone":"078 798 38 65","cell":"078 540 46 82","id":{"name":"AVS","value":"756.6810.9504.03"},"picture":{"large":"https://randomuser.me/api/portraits/men/60.jpg","medium":"https://randomuser.me/api/portraits/med/men/60.jpg","thumbnail":"https://randomuser.me/api/portraits/thumb/men/60.jpg"},"nat":"CH"}],"info":{"seed":"5175cf8f0c5135b0","results":1,"page":1,"version":"1.4"}} 
 </msg>
<msg time="2024-08-03T23:15:58.166810" level="INFO">/opt/hostedtoolcache/Python/3.12.4/x64/lib/python3.12/site-packages/urllib3/connectionpool.py:1099: InsecureRequestWarning: Unverified HTTPS request is being made to host 'randomuser.me'. Adding certificate verification is strongly advised. See: https://urllib3.readthedocs.io/en/latest/advanced-usage.html#tls-warnings
  warnings.warn(</msg>
<msg time="2024-08-03T23:15:58.166933" level="INFO">${response} = &lt;Response [200]&gt;</msg>
<var>${response}</var>
<arg>consultarAPI</arg>
<arg>/api</arg>
<doc>Sends a GET request on a previously created HTTP Session.</doc>
<status status="PASS" start="2024-08-03T23:15:58.085655" elapsed="0.081319"/>
</kw>
<kw name="Set Variable" owner="BuiltIn">
<msg time="2024-08-03T23:15:58.168119" level="INFO">${json_data} = {'results': [{'gender': 'male', 'name': {'title': 'Monsieur', 'first': 'Gerardo', 'last': 'Meunier'}, 'location': {'street': {'number': 9318, 'name': "Rue du Bât-D'Argent"}, 'city': 'Eschenbach (Lu)',...</msg>
<var>${json_data}</var>
<arg>${response.json()}</arg>
<doc>Returns the given values which can then be assigned to a variables.</doc>
<status status="PASS" start="2024-08-03T23:15:58.167502" elapsed="0.000646"/>
</kw>
<kw name="Log" owner="BuiltIn">
<msg time="2024-08-03T23:15:58.168618" level="INFO">{'results': [{'gender': 'male', 'name': {'title': 'Monsieur', 'first': 'Gerardo', 'last': 'Meunier'}, 'location': {'street': {'number': 9318, 'name': "Rue du Bât-D'Argent"}, 'city': 'Eschenbach (Lu)', 'state': 'Luzern', 'country': 'Switzerland', 'postcode': 5347, 'coordinates': {'latitude': '-57.2402', 'longitude': '-6.3896'}, 'timezone': {'offset': '+4:00', 'description': 'Abu Dhabi, Muscat, Baku, Tbilisi'}}, 'email': 'gerardo.meunier@example.com', 'login': {'uuid': '5a9ec460-52cd-46dc-a31f-19897bbfd5da', 'username': 'beautifulzebra189', 'password': 'carpedie', 'salt': 'ulU2zYVA', 'md5': 'f20a0a05e28b593874a10fe6c72b1d64', 'sha1': 'cd0165e5f4d4c377955e335d69e232d7223492c6', 'sha256': '6769e1d18823dd3d69a40db44cdeaa9840dd1735a6be7cc7b3911ba11ae933ff'}, 'dob': {'date': '1978-12-12T17:16:55.552Z', 'age': 45}, 'registered': {'date': '2013-07-19T13:47:07.148Z', 'age': 11}, 'phone': '078 798 38 65', 'cell': '078 540 46 82', 'id': {'name': 'AVS', 'value': '756.6810.9504.03'}, 'picture': {'large': 'https://randomuser.me/api/portraits/men/60.jpg', 'medium': 'https://randomuser.me/api/portraits/med/men/60.jpg', 'thumbnail': 'https://randomuser.me/api/portraits/thumb/men/60.jpg'}, 'nat': 'CH'}], 'info': {'seed': '5175cf8f0c5135b0', 'results': 1, 'page': 1, 'version': '1.4'}}</msg>
<arg>${json_data}</arg>
<doc>Logs the given message with the given level.</doc>
<status status="PASS" start="2024-08-03T23:15:58.168458" elapsed="0.000209"/>
</kw>
<kw name="Should Be String" owner="String">
<arg>${json_data['results'][0]['gender']}</arg>
<doc>Fails if the given ``item`` is not a string.</doc>
<status status="PASS" start="2024-08-03T23:15:58.168961" elapsed="0.000368"/>
</kw>
<kw name="Should Match Regexp" owner="BuiltIn">
<arg>${json_data['results'][0]['email']}</arg>
<arg>^[a-zA-Z0-9._%+-]+@[a-zA-Z0-9.-]+\.[a-zA-Z]{2,}$</arg>
<doc>Fails if ``string`` does not match ``pattern`` as a regular expression.</doc>
<status status="PASS" start="2024-08-03T23:15:58.169554" elapsed="0.000521"/>
</kw>
<kw name="Should Match Regexp" owner="BuiltIn">
<arg>${json_data['results'][0]['dob']['date']}</arg>
<arg>\\d{4}-\\d{2}-\\d{2}T\\d{2}:\\d{2}:\\d{2}\\.\\d{3}Z</arg>
<doc>Fails if ``string`` does not match ``pattern`` as a regular expression.</doc>
<status status="PASS" start="2024-08-03T23:15:58.170272" elapsed="0.000620"/>
</kw>
<kw name="Should Match Regexp" owner="BuiltIn">
<arg>${json_data['results'][0]['registered']['date']}</arg>
<arg>\\d{4}-\\d{2}-\\d{2}T\\d{2}:\\d{2}:\\d{2}\\.\\d{3}Z</arg>
<doc>Fails if ``string`` does not match ``pattern`` as a regular expression.</doc>
<status status="PASS" start="2024-08-03T23:15:58.171091" elapsed="0.000374"/>
</kw>
<kw name="Should Match Regexp" owner="BuiltIn">
<arg>${json_data['results'][0]['picture']['large']}</arg>
<arg>^https?://.*\.(?:png|jpe?g|gif|bmp)$</arg>
<doc>Fails if ``string`` does not match ``pattern`` as a regular expression.</doc>
<status status="PASS" start="2024-08-03T23:15:58.171690" elapsed="0.000474"/>
</kw>
<kw name="Should Match Regexp" owner="BuiltIn">
<arg>${json_data['results'][0]['picture']['medium']}</arg>
<arg>^https?://.*\.(?:png|jpe?g|gif|bmp)$</arg>
<doc>Fails if ``string`` does not match ``pattern`` as a regular expression.</doc>
<status status="PASS" start="2024-08-03T23:15:58.172357" elapsed="0.000366"/>
</kw>
<kw name="Should Match Regexp" owner="BuiltIn">
<arg>${json_data['results'][0]['picture']['thumbnail']}</arg>
<arg>^https?://.*\.(?:png|jpe?g|gif|bmp)$</arg>
<doc>Fails if ``string`` does not match ``pattern`` as a regular expression.</doc>
<status status="PASS" start="2024-08-03T23:15:58.172910" elapsed="0.000352"/>
</kw>
<kw name="Log" owner="BuiltIn">
<msg time="2024-08-03T23:15:58.173763" level="INFO">{'large': 'https://randomuser.me/api/portraits/men/60.jpg', 'medium': 'https://randomuser.me/api/portraits/med/men/60.jpg', 'thumbnail': 'https://randomuser.me/api/portraits/thumb/men/60.jpg'}</msg>
<arg>${json_data['results'][0]['picture']}</arg>
<doc>Logs the given message with the given level.</doc>
<status status="PASS" start="2024-08-03T23:15:58.173442" elapsed="0.000365"/>
</kw>
<status status="PASS" start="2024-08-03T23:15:58.085433" elapsed="0.088638"/>
</kw>
<kw name="Teste de Tipos de Dados - Postcode" owner="random-user-service">
<kw name="GET On Session" owner="RequestsLibrary">
<msg time="2024-08-03T23:15:58.272867" level="INFO">GET Request : url=https://randomuser.me/api 
 path_url=/api 
 headers={'User-Agent': 'python-requests/2.32.3', 'Accept-Encoding': 'gzip, deflate', 'Accept': '*/*', 'Connection': 'keep-alive'} 
 body=None 
 </msg>
<msg time="2024-08-03T23:15:58.272966" level="INFO">GET Response : url=https://randomuser.me/api 
 status=200, reason=OK 
 headers={'Date': 'Sat, 03 Aug 2024 23:15:58 GMT', 'Content-Type': 'application/json; charset=utf-8', 'Transfer-Encoding': 'chunked', 'Connection': 'keep-alive', 'X-Powered-By': 'Express', 'Access-Control-Allow-Origin': '*', 'Cache-Control': 'no-cache', 'ETag': 'W/"491-uQScr7XSXlAG35zMkemHLno3eG4"', 'Vary': 'Accept-Encoding', 'Content-Encoding': 'gzip', 'CF-Cache-Status': 'DYNAMIC', 'Report-To': '{"endpoints":[{"url":"https:\\/\\/a.nel.cloudflare.com\\/report\\/v4?s=3CvDsiW%2B64k%2B233oUG9ffa2uUYhU%2BzKLc87Z1BDwe6SOboZaLHa4K%2BUnOsJcVzOT03LQrygmqgsRkPfvOLIM6iSmPSqs640XI2qODabRGYJdtVwxtOmDMbrFEcFOCEgr"}],"group":"cf-nel","max_age":604800}', 'NEL': '{"success_fraction":0,"report_to":"cf-nel","max_age":604800}', 'Server': 'cloudflare', 'CF-RAY': '8ada034098f01129-ORD', 'alt-svc': 'h3=":443"; ma=86400'} 
 body={"results":[{"gender":"female","name":{"title":"Mrs","first":"Arpitha","last":"Andrade"},"location":{"street":{"number":1788,"name":"Raviwar Peth"},"city":"Gandhidham","state":"Maharashtra","country":"India","postcode":82608,"coordinates":{"latitude":"8.6927","longitude":"31.8140"},"timezone":{"offset":"+2:00","description":"Kaliningrad, South Africa"}},"email":"arpitha.andrade@example.com","login":{"uuid":"11782c49-cbe5-4843-9301-9c3cf1c67e37","username":"beautifulmeercat804","password":"6464","salt":"S6uIsnJn","md5":"07aaf56853f1b2cb3bb152051fc58727","sha1":"b7b31f0538313a65e722edbb0788eb2e5b464420","sha256":"827a7cf7c5496c9bd481dfc2019ffc6e155cce3a6ce8e1f8323eb3996a0aac23"},"dob":{"date":"1956-11-07T23:31:48.636Z","age":67},"registered":{"date":"2017-06-19T04:49:08.326Z","age":7},"phone":"7734814084","cell":"8348754638","id":{"name":"UIDAI","value":"266591446852"},"picture":{"large":"https://randomuser.me/api/portraits/women/93.jpg","medium":"https://randomuser.me/api/portraits/med/women/93.jpg","thumbnail":"https://randomuser.me/api/portraits/thumb/women/93.jpg"},"nat":"IN"}],"info":{"seed":"c95921a4a8e5125c","results":1,"page":1,"version":"1.4"}} 
 </msg>
<msg time="2024-08-03T23:15:58.273040" level="INFO">/opt/hostedtoolcache/Python/3.12.4/x64/lib/python3.12/site-packages/urllib3/connectionpool.py:1099: InsecureRequestWarning: Unverified HTTPS request is being made to host 'randomuser.me'. Adding certificate verification is strongly advised. See: https://urllib3.readthedocs.io/en/latest/advanced-usage.html#tls-warnings
  warnings.warn(</msg>
<msg time="2024-08-03T23:15:58.273162" level="INFO">${response} = &lt;Response [200]&gt;</msg>
<var>${response}</var>
<arg>consultarAPI</arg>
<arg>/api</arg>
<doc>Sends a GET request on a previously created HTTP Session.</doc>
<status status="PASS" start="2024-08-03T23:15:58.174516" elapsed="0.098686"/>
</kw>
<kw name="Set Variable" owner="BuiltIn">
<msg time="2024-08-03T23:15:58.274359" level="INFO">${json_data} = {'results': [{'gender': 'female', 'name': {'title': 'Mrs', 'first': 'Arpitha', 'last': 'Andrade'}, 'location': {'street': {'number': 1788, 'name': 'Raviwar Peth'}, 'city': 'Gandhidham', 'state': 'Maha...</msg>
<var>${json_data}</var>
<arg>${response.json()}</arg>
<doc>Returns the given values which can then be assigned to a variables.</doc>
<status status="PASS" start="2024-08-03T23:15:58.273785" elapsed="0.000602"/>
</kw>
<kw name="Log" owner="BuiltIn">
<msg time="2024-08-03T23:15:58.274854" level="INFO">{'results': [{'gender': 'female', 'name': {'title': 'Mrs', 'first': 'Arpitha', 'last': 'Andrade'}, 'location': {'street': {'number': 1788, 'name': 'Raviwar Peth'}, 'city': 'Gandhidham', 'state': 'Maharashtra', 'country': 'India', 'postcode': 82608, 'coordinates': {'latitude': '8.6927', 'longitude': '31.8140'}, 'timezone': {'offset': '+2:00', 'description': 'Kaliningrad, South Africa'}}, 'email': 'arpitha.andrade@example.com', 'login': {'uuid': '11782c49-cbe5-4843-9301-9c3cf1c67e37', 'username': 'beautifulmeercat804', 'password': '6464', 'salt': 'S6uIsnJn', 'md5': '07aaf56853f1b2cb3bb152051fc58727', 'sha1': 'b7b31f0538313a65e722edbb0788eb2e5b464420', 'sha256': '827a7cf7c5496c9bd481dfc2019ffc6e155cce3a6ce8e1f8323eb3996a0aac23'}, 'dob': {'date': '1956-11-07T23:31:48.636Z', 'age': 67}, 'registered': {'date': '2017-06-19T04:49:08.326Z', 'age': 7}, 'phone': '7734814084', 'cell': '8348754638', 'id': {'name': 'UIDAI', 'value': '266591446852'}, 'picture': {'large': 'https://randomuser.me/api/portraits/women/93.jpg', 'medium': 'https://randomuser.me/api/portraits/med/women/93.jpg', 'thumbnail': 'https://randomuser.me/api/portraits/thumb/women/93.jpg'}, 'nat': 'IN'}], 'info': {'seed': 'c95921a4a8e5125c', 'results': 1, 'page': 1, 'version': '1.4'}}</msg>
<arg>${json_data}</arg>
<doc>Logs the given message with the given level.</doc>
<status status="PASS" start="2024-08-03T23:15:58.274693" elapsed="0.000208"/>
</kw>
<kw name="Should Be Equal As Numbers" owner="BuiltIn">
<arg>${json_data['results'][0]['location']['postcode']}</arg>
<arg>${json_data['results'][0]['location']['postcode']}</arg>
<doc>Fails if objects are unequal after converting them to real numbers.</doc>
<status status="PASS" start="2024-08-03T23:15:58.275195" elapsed="0.000688"/>
</kw>
<kw name="Log" owner="BuiltIn">
<msg time="2024-08-03T23:15:58.276451" level="INFO">82608</msg>
<arg>${json_data['results'][0]['location']['postcode']}</arg>
<doc>Logs the given message with the given level.</doc>
<status status="PASS" start="2024-08-03T23:15:58.276108" elapsed="0.000385"/>
</kw>
<status status="PASS" start="2024-08-03T23:15:58.174291" elapsed="0.102462"/>
</kw>
<doc>Testa se os tipos de dados na resposta da API estão corretos.</doc>
<tag>testeTiposDados</tag>
<status status="PASS" start="2024-08-03T23:15:58.084896" elapsed="0.192026"/>
</test>
<test id="s1-s1-t5" name="Validar conteudo" line="35">
<kw name="Teste de Tipos de Conteudo" owner="random-user-service">
<kw name="GET On Session" owner="RequestsLibrary">
<msg time="2024-08-03T23:15:58.372139" level="INFO">GET Request : url=https://randomuser.me/api 
 path_url=/api 
 headers={'User-Agent': 'python-requests/2.32.3', 'Accept-Encoding': 'gzip, deflate', 'Accept': '*/*', 'Connection': 'keep-alive'} 
 body=None 
 </msg>
<msg time="2024-08-03T23:15:58.372218" level="INFO">GET Response : url=https://randomuser.me/api 
 status=200, reason=OK 
 headers={'Date': 'Sat, 03 Aug 2024 23:15:58 GMT', 'Content-Type': 'application/json; charset=utf-8', 'Transfer-Encoding': 'chunked', 'Connection': 'keep-alive', 'X-Powered-By': 'Express', 'Access-Control-Allow-Origin': '*', 'Cache-Control': 'no-cache', 'ETag': 'W/"4b1-gIAnL8TedWVJmUQ4cT4tj1qAKew"', 'Vary': 'Accept-Encoding', 'Content-Encoding': 'gzip', 'CF-Cache-Status': 'DYNAMIC', 'Report-To': '{"endpoints":[{"url":"https:\\/\\/a.nel.cloudflare.com\\/report\\/v4?s=KTv71nwFgeLX6y1YgdC9osueTYB6oePYV1NELE7zCgHd3lYeS4RRzxMXp28smDwUJbiskiWK6%2BGB2vaTlVv62DeTiFKVjeE8XCtmJYVN%2BBYz%2B8L9K8FOl3Kh7%2B5HcijS"}],"group":"cf-nel","max_age":604800}', 'NEL': '{"success_fraction":0,"report_to":"cf-nel","max_age":604800}', 'Server': 'cloudflare', 'CF-RAY': '8ada034139b41129-ORD', 'alt-svc': 'h3=":443"; ma=86400'} 
 body={"results":[{"gender":"male","name":{"title":"Mr","first":"Ricardo","last":"Frazier"},"location":{"street":{"number":4504,"name":"St. John’S Road"},"city":"City of London","state":"Borders","country":"United Kingdom","postcode":"EB2 1PN","coordinates":{"latitude":"-6.5449","longitude":"-139.6232"},"timezone":{"offset":"+3:00","description":"Baghdad, Riyadh, Moscow, St. Petersburg"}},"email":"ricardo.frazier@example.com","login":{"uuid":"c487c308-3960-41a3-b90e-92631fc48f2b","username":"beautifulwolf630","password":"master1","salt":"lKxbfPo0","md5":"37ea045b100e104702d9f5c1d397108c","sha1":"e771c18c83052287cb22e40dafbc226cadeccac8","sha256":"41fd5e870003500bb25318eb8fe94d1abe8efce1a65d331c0d5b6c88ff6c7298"},"dob":{"date":"1954-12-24T17:44:24.760Z","age":69},"registered":{"date":"2010-12-29T13:44:47.280Z","age":13},"phone":"0181 601 7471","cell":"07930 570611","id":{"name":"NINO","value":"YK 76 85 83 W"},"picture":{"large":"https://randomuser.me/api/portraits/men/20.jpg","medium":"https://randomuser.me/api/portraits/med/men/20.jpg","thumbnail":"https://randomuser.me/api/portraits/thumb/men/20.jpg"},"nat":"GB"}],"info":{"seed":"bb7a772a7df63a69","results":1,"page":1,"version":"1.4"}} 
 </msg>
<msg time="2024-08-03T23:15:58.372290" level="INFO">/opt/hostedtoolcache/Python/3.12.4/x64/lib/python3.12/site-packages/urllib3/connectionpool.py:1099: InsecureRequestWarning: Unverified HTTPS request is being made to host 'randomuser.me'. Adding certificate verification is strongly advised. See: https://urllib3.readthedocs.io/en/latest/advanced-usage.html#tls-warnings
  warnings.warn(</msg>
<msg time="2024-08-03T23:15:58.372381" level="INFO">${response} = &lt;Response [200]&gt;</msg>
<var>${response}</var>
<arg>consultarAPI</arg>
<arg>/api</arg>
<doc>Sends a GET request on a previously created HTTP Session.</doc>
<status status="PASS" start="2024-08-03T23:15:58.279438" elapsed="0.092985"/>
</kw>
<kw name="Set Variable" owner="BuiltIn">
<msg time="2024-08-03T23:15:58.373426" level="INFO">${json_data} = {'results': [{'gender': 'male', 'name': {'title': 'Mr', 'first': 'Ricardo', 'last': 'Frazier'}, 'location': {'street': {'number': 4504, 'name': 'St. John’S Road'}, 'city': 'City of London', 'state': '...</msg>
<var>${json_data}</var>
<arg>${response.json()}</arg>
<doc>Returns the given values which can then be assigned to a variables.</doc>
<status status="PASS" start="2024-08-03T23:15:58.372864" elapsed="0.000592"/>
</kw>
<kw name="Set Variable" owner="BuiltIn">
<msg time="2024-08-03T23:15:58.374141" level="INFO">${name_title} = Mr</msg>
<var>${name_title}</var>
<arg>${json_data["results"][0]["name"]["title"]}</arg>
<doc>Returns the given values which can then be assigned to a variables.</doc>
<status status="PASS" start="2024-08-03T23:15:58.373766" elapsed="0.000400"/>
</kw>
<kw name="Create List" owner="BuiltIn">
<msg time="2024-08-03T23:15:58.374613" level="INFO">${allowed_titles} = ['Mr', 'Ms', 'Miss', 'Mrs', 'Madame', 'Monsieur']</msg>
<var>${allowed_titles}</var>
<arg>Mr</arg>
<arg>Ms</arg>
<arg>Miss</arg>
<arg>Mrs</arg>
<arg>Madame</arg>
<arg>Monsieur</arg>
<doc>Returns a list containing given items.</doc>
<status status="PASS" start="2024-08-03T23:15:58.374463" elapsed="0.000174"/>
</kw>
<kw name="List Should Contain Value" owner="Collections">
<arg>${allowed_titles}</arg>
<arg>${name_title}</arg>
<doc>Fails if the ``value`` is not found from ``list``.</doc>
<status status="PASS" start="2024-08-03T23:15:58.374943" elapsed="0.000180"/>
</kw>
<kw name="Set Variable" owner="BuiltIn">
<msg time="2024-08-03T23:15:58.375718" level="INFO">${name_country} = GB</msg>
<var>${name_country}</var>
<arg>${json_data["results"][0]["nat"]}</arg>
<doc>Returns the given values which can then be assigned to a variables.</doc>
<status status="PASS" start="2024-08-03T23:15:58.375304" elapsed="0.000440"/>
</kw>
<kw name="Create List" owner="BuiltIn">
<msg time="2024-08-03T23:15:58.376629" level="INFO">${list_country} = ['AD', 'AE', 'AF', 'AG', 'AI', 'AL', 'AM', 'AO', 'AQ', 'AR', 'AS', 'AT', 'AU', 'AW', 'AX', 'AZ', 'BA', 'BB', 'BD', 'BE', 'BF', 'BG', 'BH', 'BI', 'BJ', 'BL', 'BM', 'BN', 'BO', 'BQ', 'BR', 'BS', 'BT', '...</msg>
<var>${list_country}</var>
<arg>AD</arg>
<arg>AE</arg>
<arg>AF</arg>
<arg>AG</arg>
<arg>AI</arg>
<arg>AL</arg>
<arg>AM</arg>
<arg>AO</arg>
<arg>AQ</arg>
<arg>AR</arg>
<arg>AS</arg>
<arg>AT</arg>
<arg>AU</arg>
<arg>AW</arg>
<arg>AX</arg>
<arg>AZ</arg>
<arg>BA</arg>
<arg>BB</arg>
<arg>BD</arg>
<arg>BE</arg>
<arg>BF</arg>
<arg>BG</arg>
<arg>BH</arg>
<arg>BI</arg>
<arg>BJ</arg>
<arg>BL</arg>
<arg>BM</arg>
<arg>BN</arg>
<arg>BO</arg>
<arg>BQ</arg>
<arg>BR</arg>
<arg>BS</arg>
<arg>BT</arg>
<arg>BV</arg>
<arg>BW</arg>
<arg>BY</arg>
<arg>BZ</arg>
<arg>CA</arg>
<arg>CC</arg>
<arg>CD</arg>
<arg>CF</arg>
<arg>CG</arg>
<arg>CH</arg>
<arg>CI</arg>
<arg>CK</arg>
<arg>CL</arg>
<arg>CM</arg>
<arg>CN</arg>
<arg>CO</arg>
<arg>CR</arg>
<arg>CU</arg>
<arg>CV</arg>
<arg>CW</arg>
<arg>CX</arg>
<arg>CY</arg>
<arg>CZ</arg>
<arg>DE</arg>
<arg>DJ</arg>
<arg>DK</arg>
<arg>DM</arg>
<arg>DO</arg>
<arg>DZ</arg>
<arg>EC</arg>
<arg>EE</arg>
<arg>EG</arg>
<arg>EH</arg>
<arg>ER</arg>
<arg>ES</arg>
<arg>ET</arg>
<arg>FI</arg>
<arg>FJ</arg>
<arg>FK</arg>
<arg>FM</arg>
<arg>FO</arg>
<arg>FR</arg>
<arg>GA</arg>
<arg>GB</arg>
<arg>GD</arg>
<arg>GE</arg>
<arg>GF</arg>
<arg>GG</arg>
<arg>GH</arg>
<arg>GI</arg>
<arg>GL</arg>
<arg>GM</arg>
<arg>GN</arg>
<arg>GP</arg>
<arg>GQ</arg>
<arg>GR</arg>
<arg>GS</arg>
<arg>GT</arg>
<arg>GU</arg>
<arg>GW</arg>
<arg>GY</arg>
<arg>HK</arg>
<arg>HM</arg>
<arg>HN</arg>
<arg>HR</arg>
<arg>HT</arg>
<arg>HU</arg>
<arg>ID</arg>
<arg>IE</arg>
<arg>IL</arg>
<arg>IM</arg>
<arg>IN</arg>
<arg>IO</arg>
<arg>IQ</arg>
<arg>IR</arg>
<arg>IS</arg>
<arg>IT</arg>
<arg>JE</arg>
<arg>JM</arg>
<arg>JO</arg>
<arg>JP</arg>
<arg>KE</arg>
<arg>KG</arg>
<arg>KH</arg>
<arg>KI</arg>
<arg>KM</arg>
<arg>KN</arg>
<arg>KP</arg>
<arg>KR</arg>
<arg>KW</arg>
<arg>KY</arg>
<arg>KZ</arg>
<arg>LA</arg>
<arg>LB</arg>
<arg>LC</arg>
<arg>LI</arg>
<arg>LK</arg>
<arg>LR</arg>
<arg>LS</arg>
<arg>LT</arg>
<arg>LU</arg>
<arg>LV</arg>
<arg>LY</arg>
<arg>MA</arg>
<arg>MC</arg>
<arg>MD</arg>
<arg>ME</arg>
<arg>MF</arg>
<arg>MG</arg>
<arg>MH</arg>
<arg>MK</arg>
<arg>ML</arg>
<arg>MM</arg>
<arg>MN</arg>
<arg>MO</arg>
<arg>MP</arg>
<arg>MQ</arg>
<arg>MR</arg>
<arg>MS</arg>
<arg>MT</arg>
<arg>MU</arg>
<arg>MV</arg>
<arg>MW</arg>
<arg>MX</arg>
<arg>MY</arg>
<arg>MZ</arg>
<arg>NA</arg>
<arg>NC</arg>
<arg>NE</arg>
<arg>NF</arg>
<arg>NG</arg>
<arg>NI</arg>
<arg>NL</arg>
<arg>NO</arg>
<arg>NP</arg>
<arg>NR</arg>
<arg>NU</arg>
<arg>NZ</arg>
<arg>OM</arg>
<arg>PA</arg>
<arg>PE</arg>
<arg>PF</arg>
<arg>PG</arg>
<arg>PH</arg>
<arg>PK</arg>
<arg>PL</arg>
<arg>PM</arg>
<arg>PN</arg>
<arg>PR</arg>
<arg>PS</arg>
<arg>PT</arg>
<arg>PW</arg>
<arg>PY</arg>
<arg>QA</arg>
<arg>RE</arg>
<arg>RO</arg>
<arg>RS</arg>
<arg>RU</arg>
<arg>RW</arg>
<arg>SA</arg>
<arg>SB</arg>
<arg>SC</arg>
<arg>SD</arg>
<arg>SE</arg>
<arg>SG</arg>
<arg>SH</arg>
<arg>SI</arg>
<arg>SJ</arg>
<arg>SK</arg>
<arg>SL</arg>
<arg>SM</arg>
<arg>SN</arg>
<arg>SO</arg>
<arg>SR</arg>
<arg>SS</arg>
<arg>ST</arg>
<arg>SV</arg>
<arg>SX</arg>
<arg>SY</arg>
<arg>SZ</arg>
<arg>TC</arg>
<arg>TD</arg>
<arg>TF</arg>
<arg>TG</arg>
<arg>TH</arg>
<arg>TJ</arg>
<arg>TK</arg>
<arg>TL</arg>
<arg>TM</arg>
<arg>TN</arg>
<arg>TO</arg>
<arg>TR</arg>
<arg>TT</arg>
<arg>TV</arg>
<arg>TW</arg>
<arg>TZ</arg>
<arg>UA</arg>
<arg>UG</arg>
<arg>UM</arg>
<arg>US</arg>
<arg>UY</arg>
<arg>UZ</arg>
<arg>VA</arg>
<arg>VC</arg>
<arg>VE</arg>
<arg>VG</arg>
<arg>VI</arg>
<arg>VN</arg>
<arg>VU</arg>
<arg>WF</arg>
<arg>WS</arg>
<arg>XK</arg>
<arg>YE</arg>
<arg>YT</arg>
<arg>ZA</arg>
<arg>ZM</arg>
<arg>ZW</arg>
<doc>Returns a list containing given items.</doc>
<status status="PASS" start="2024-08-03T23:15:58.376037" elapsed="0.000617"/>
</kw>
<kw name="List Should Contain Value" owner="Collections">
<arg>${list_country}</arg>
<arg>${name_country}</arg>
<doc>Fails if the ``value`` is not found from ``list``.</doc>
<status status="PASS" start="2024-08-03T23:15:58.377645" elapsed="0.000225"/>
</kw>
<kw name="Run Keyword If" owner="BuiltIn">
<kw name="Should Be True" owner="BuiltIn">
<arg>${True}</arg>
<doc>Fails if the given condition is not true.</doc>
<status status="PASS" start="2024-08-03T23:15:58.378894" elapsed="0.000148"/>
</kw>
<arg>${json_data["results"][0]["location"]["coordinates"]["latitude"]} &gt;= -90 and ${json_data["results"][0]["location"]["coordinates"]["latitude"]} &lt;= 90</arg>
<arg>Should Be True</arg>
<arg>${True}</arg>
<doc>Runs the given keyword with the given arguments, if ``condition`` is true.</doc>
<status status="PASS" start="2024-08-03T23:15:58.378077" elapsed="0.001102"/>
</kw>
<kw name="Run Keyword If" owner="BuiltIn">
<kw name="Should Be True" owner="BuiltIn">
<arg>${True}</arg>
<doc>Fails if the given condition is not true.</doc>
<status status="PASS" start="2024-08-03T23:15:58.380080" elapsed="0.000139"/>
</kw>
<arg>${json_data["results"][0]["location"]["coordinates"]["longitude"]} &gt;= -180 and ${json_data["results"][0]["location"]["coordinates"]["longitude"]} &lt;= 180</arg>
<arg>Should Be True</arg>
<arg>${True}</arg>
<doc>Runs the given keyword with the given arguments, if ``condition`` is true.</doc>
<status status="PASS" start="2024-08-03T23:15:58.379362" elapsed="0.000981"/>
</kw>
<status status="PASS" start="2024-08-03T23:15:58.279216" elapsed="0.101296"/>
</kw>
<doc>Testa o conteúdo específico dos campos retornados pela API.</doc>
<tag>testeConteudo</tag>
<status status="PASS" start="2024-08-03T23:15:58.278674" elapsed="0.101991"/>
</test>
<status status="PASS" start="2024-08-03T23:15:57.305317" elapsed="1.077284"/>
</suite>
<status status="PASS" start="2024-08-03T23:15:57.290730" elapsed="1.097061"/>
</suite>
<statistics>
<total>
<stat pass="5" fail="0" skip="0">All Tests</stat>
</total>
<tag>
<stat pass="1" fail="0" skip="0">testeConteudo</stat>
<stat pass="1" fail="0" skip="0">testeEstruturaResposta</stat>
<stat pass="1" fail="0" skip="0">testeRequisicaoBasica</stat>
<stat pass="1" fail="0" skip="0">testeTiposDados</stat>
</tag>
<suite>
<stat pass="5" fail="0" skip="0" id="s1" name="Tests">Tests</stat>
<stat pass="5" fail="0" skip="0" id="s1-s1" name="Random-User-Test">Tests.Random-User-Test</stat>
</suite>
</statistics>
<errors>
</errors>
</robot>
