<?xml version="1.0" encoding="UTF-8"?>
<robot generator="Robot 7.0 (Python 3.12.3 on linux)" generated="2024-05-25T12:25:45.486079" rpa="false" schemaversion="5">
<suite id="s1" name="Tests" source="/home/runner/work/DesafioQAItauRogerioJordao/DesafioQAItauRogerioJordao/RamdonUser/tests">
<suite id="s1-s1" name="Random-User-Test" source="/home/runner/work/DesafioQAItauRogerioJordao/DesafioQAItauRogerioJordao/RamdonUser/tests/random-user-test.robot">
<test id="s1-s1-t1" name="Conectar" line="13">
<kw name="Conectar API" owner="random-user-service">
<kw name="Create Session" owner="RequestsLibrary">
<msg time="2024-05-25T12:25:45.879291" level="INFO">Creating Session using : alias=consultarAPI, url=https://randomuser.me/, headers={},                     cookies={}, auth=None, timeout=None, proxies=None, verify=False,                     debug=0 </msg>
<arg>consultarAPI</arg>
<arg>${URL}</arg>
<doc>Create Session: create a HTTP session to a server</doc>
<status status="PASS" start="2024-05-25T12:25:45.879089" elapsed="0.000371"/>
</kw>
<status status="PASS" start="2024-05-25T12:25:45.878129" elapsed="0.001685"/>
</kw>
<status status="PASS" start="2024-05-25T12:25:45.877620" elapsed="0.002390"/>
</test>
<test id="s1-s1-t2" name="Validar retorno 200 e JSON Válido" line="16">
<kw name="Teste de Requisicao Basica" owner="random-user-service">
<kw name="GET On Session" owner="RequestsLibrary">
<msg time="2024-05-25T12:25:46.105792" level="INFO">GET Request : url=https://randomuser.me/api 
 path_url=/api 
 headers={'User-Agent': 'python-requests/2.32.2', 'Accept-Encoding': 'gzip, deflate', 'Accept': '*/*', 'Connection': 'keep-alive'} 
 body=None 
 </msg>
<msg time="2024-05-25T12:25:46.105964" level="INFO">GET Response : url=https://randomuser.me/api 
 status=200, reason=OK 
 headers={'Date': 'Sat, 25 May 2024 12:25:46 GMT', 'Content-Type': 'application/json; charset=utf-8', 'Transfer-Encoding': 'chunked', 'Connection': 'keep-alive', 'X-Powered-By': 'Express', 'Access-Control-Allow-Origin': '*', 'Cache-Control': 'no-cache', 'ETag': 'W/"48b-kpMidBqOR8QbiH23uKmffHg/go8"', 'Vary': 'Accept-Encoding', 'Content-Encoding': 'gzip', 'CF-Cache-Status': 'DYNAMIC', 'Report-To': '{"endpoints":[{"url":"https:\\/\\/a.nel.cloudflare.com\\/report\\/v4?s=zT8KwM8MJY8Mnq0C03LPK3jsmC3Kdm0H8NftTD8tKrEcOI%2BH5REOIfKdrdZuqYxkp8WxL%2Br8ZYuuAaswhIgVsqtu8jK5zQa5EF%2BkE%2FpbG%2Bl6X%2FWL8z82MTHpylF3k98r"}],"group":"cf-nel","max_age":604800}', 'NEL': '{"success_fraction":0,"report_to":"cf-nel","max_age":604800}', 'Server': 'cloudflare', 'CF-RAY': '8895828eebb48029-IAD', 'alt-svc': 'h3=":443"; ma=86400'} 
 body={"results":[{"gender":"female","name":{"title":"Madame","first":"Giuseppa","last":"Lucas"},"location":{"street":{"number":1286,"name":"Rue des Ecrivains"},"city":"Landquart","state":"Vaud","country":"Switzerland","postcode":9926,"coordinates":{"latitude":"-59.9933","longitude":"125.2570"},"timezone":{"offset":"+4:30","description":"Kabul"}},"email":"giuseppa.lucas@example.com","login":{"uuid":"690a2b7e-f627-4764-9d33-bed1aaf05f9e","username":"bluepeacock927","password":"catherin","salt":"xkCDAsLZ","md5":"de0210ae9a5ccc500ba66f0477eed7a9","sha1":"1fbfba984043607764490e11cabd0934c1a60d0b","sha256":"4bdbf0dd32410666205c970824c41052ef8f6459740fbb9c075029dd630580d6"},"dob":{"date":"1993-10-22T00:19:34.616Z","age":30},"registered":{"date":"2004-06-22T23:08:15.227Z","age":19},"phone":"075 396 99 98","cell":"076 912 39 77","id":{"name":"AVS","value":"756.2325.6298.26"},"picture":{"large":"https://randomuser.me/api/portraits/women/63.jpg","medium":"https://randomuser.me/api/portraits/med/women/63.jpg","thumbnail":"https://randomuser.me/api/portraits/thumb/women/63.jpg"},"nat":"CH"}],"info":{"seed":"a2c2239445f1aec7","results":1,"page":1,"version":"1.4"}} 
 </msg>
<msg time="2024-05-25T12:25:46.106070" level="INFO">/opt/hostedtoolcache/Python/3.12.3/x64/lib/python3.12/site-packages/urllib3/connectionpool.py:1103: InsecureRequestWarning: Unverified HTTPS request is being made to host 'randomuser.me'. Adding certificate verification is strongly advised. See: https://urllib3.readthedocs.io/en/latest/advanced-usage.html#tls-warnings
  warnings.warn(</msg>
<msg time="2024-05-25T12:25:46.106329" level="INFO">${response} = &lt;Response [200]&gt;</msg>
<var>${response}</var>
<arg>consultarAPI</arg>
<arg>/api</arg>
<doc>Sends a GET request on a previously created HTTP Session.</doc>
<status status="PASS" start="2024-05-25T12:25:45.882654" elapsed="0.223716"/>
</kw>
<kw name="Should Be Equal As Numbers" owner="BuiltIn">
<msg time="2024-05-25T12:25:46.107336" level="INFO">Argument types are:
&lt;class 'int'&gt;
&lt;class 'str'&gt;</msg>
<arg>${response.status_code}</arg>
<arg>200</arg>
<doc>Fails if objects are unequal after converting them to real numbers.</doc>
<status status="PASS" start="2024-05-25T12:25:46.106842" elapsed="0.000558"/>
</kw>
<kw name="Log" owner="BuiltIn">
<msg time="2024-05-25T12:25:46.108092" level="INFO">200</msg>
<arg>${response.status_code}</arg>
<doc>Logs the given message with the given level.</doc>
<status status="PASS" start="2024-05-25T12:25:46.107728" elapsed="0.000412"/>
</kw>
<kw name="Set Variable" owner="BuiltIn">
<msg time="2024-05-25T12:25:46.108888" level="INFO">${json_data} = {'results': [{'gender': 'female', 'name': {'title': 'Madame', 'first': 'Giuseppa', 'last': 'Lucas'}, 'location': {'street': {'number': 1286, 'name': 'Rue des Ecrivains'}, 'city': 'Landquart', 'state':...</msg>
<var>${json_data}</var>
<arg>${response.json()}</arg>
<doc>Returns the given values which can then be assigned to a variables.</doc>
<status status="PASS" start="2024-05-25T12:25:46.108451" elapsed="0.000466"/>
</kw>
<kw name="Dictionary Should Contain Key" owner="Collections">
<msg time="2024-05-25T12:25:46.109440" level="INFO">False</msg>
<arg>${json_data}</arg>
<arg>results</arg>
<doc>Fails if ``key`` is not found from ``dictionary``.</doc>
<status status="PASS" start="2024-05-25T12:25:46.109259" elapsed="0.000220"/>
</kw>
<status status="PASS" start="2024-05-25T12:25:45.882401" elapsed="0.227338"/>
</kw>
<doc>Testa se a API responde corretamente e retorna um objeto JSON válido.</doc>
<tag>testeRequisicaoBasica</tag>
<status status="PASS" start="2024-05-25T12:25:45.881947" elapsed="0.227974"/>
</test>
<test id="s1-s1-t3" name="Validar estrutura de resposta" line="22">
<kw name="Teste de Estrutura de Resposta" owner="random-user-service">
<kw name="GET On Session" owner="RequestsLibrary">
<msg time="2024-05-25T12:25:46.202415" level="INFO">GET Request : url=https://randomuser.me/api 
 path_url=/api 
 headers={'User-Agent': 'python-requests/2.32.2', 'Accept-Encoding': 'gzip, deflate', 'Accept': '*/*', 'Connection': 'keep-alive'} 
 body=None 
 </msg>
<msg time="2024-05-25T12:25:46.202491" level="INFO">GET Response : url=https://randomuser.me/api 
 status=200, reason=OK 
 headers={'Date': 'Sat, 25 May 2024 12:25:46 GMT', 'Content-Type': 'application/json; charset=utf-8', 'Transfer-Encoding': 'chunked', 'Connection': 'keep-alive', 'X-Powered-By': 'Express', 'Access-Control-Allow-Origin': '*', 'Cache-Control': 'no-cache', 'ETag': 'W/"488-ieU2a/nwMx1e6uTmnmkWT6hkO9k"', 'Vary': 'Accept-Encoding', 'Content-Encoding': 'gzip', 'CF-Cache-Status': 'DYNAMIC', 'Report-To': '{"endpoints":[{"url":"https:\\/\\/a.nel.cloudflare.com\\/report\\/v4?s=9076T%2BaoDCdDJgfFFk9qJGJTxGPoiPjMnWrvTTAe5iK8RltuuYR%2FIuWFZ1VoWHwFTcqrvIA3eOvWLJ73mRfVj4i%2BM8ABiH1y2kvm%2FjuB87DvotHaqw2dY4F6WteiKJTd"}],"group":"cf-nel","max_age":604800}', 'NEL': '{"success_fraction":0,"report_to":"cf-nel","max_age":604800}', 'Server': 'cloudflare', 'CF-RAY': '8895828f3c078029-IAD', 'alt-svc': 'h3=":443"; ma=86400'} 
 body={"results":[{"gender":"female","name":{"title":"Ms","first":"Sara","last":"Niva"},"location":{"street":{"number":8528,"name":"Pispalan Valtatie"},"city":"Savitaipale","state":"Finland Proper","country":"Finland","postcode":29606,"coordinates":{"latitude":"-29.9773","longitude":"157.8566"},"timezone":{"offset":"-3:30","description":"Newfoundland"}},"email":"sara.niva@example.com","login":{"uuid":"dac4d9c2-3621-4f9d-b789-d2ff581a98e9","username":"organicsnake255","password":"life","salt":"ykh0JYlC","md5":"42f2e765fd1b649c09b41da52a8232e0","sha1":"27ea8613209baa531508b8b8c5b14895b1fa2be4","sha256":"d7ed0358249421294abbf8b1614bd169ba019b0315a7588c536cd4114f577aaa"},"dob":{"date":"1999-01-04T07:01:58.479Z","age":25},"registered":{"date":"2021-07-31T06:28:06.147Z","age":2},"phone":"06-066-586","cell":"044-362-24-84","id":{"name":"HETU","value":"NaNNA912undefined"},"picture":{"large":"https://randomuser.me/api/portraits/women/33.jpg","medium":"https://randomuser.me/api/portraits/med/women/33.jpg","thumbnail":"https://randomuser.me/api/portraits/thumb/women/33.jpg"},"nat":"FI"}],"info":{"seed":"bbfa59027275c80c","results":1,"page":1,"version":"1.4"}} 
 </msg>
<msg time="2024-05-25T12:25:46.202600" level="INFO">/opt/hostedtoolcache/Python/3.12.3/x64/lib/python3.12/site-packages/urllib3/connectionpool.py:1103: InsecureRequestWarning: Unverified HTTPS request is being made to host 'randomuser.me'. Adding certificate verification is strongly advised. See: https://urllib3.readthedocs.io/en/latest/advanced-usage.html#tls-warnings
  warnings.warn(</msg>
<msg time="2024-05-25T12:25:46.202701" level="INFO">${response} = &lt;Response [200]&gt;</msg>
<var>${response}</var>
<arg>consultarAPI</arg>
<arg>/api</arg>
<doc>Sends a GET request on a previously created HTTP Session.</doc>
<status status="PASS" start="2024-05-25T12:25:46.112482" elapsed="0.090250"/>
</kw>
<kw name="Set Variable" owner="BuiltIn">
<msg time="2024-05-25T12:25:46.203662" level="INFO">${json_data} = {'results': [{'gender': 'female', 'name': {'title': 'Ms', 'first': 'Sara', 'last': 'Niva'}, 'location': {'street': {'number': 8528, 'name': 'Pispalan Valtatie'}, 'city': 'Savitaipale', 'state': 'Finla...</msg>
<var>${json_data}</var>
<arg>${response.json()}</arg>
<doc>Returns the given values which can then be assigned to a variables.</doc>
<status status="PASS" start="2024-05-25T12:25:46.203184" elapsed="0.000507"/>
</kw>
<kw name="Log" owner="BuiltIn">
<msg time="2024-05-25T12:25:46.204166" level="INFO">{'results': [{'gender': 'female', 'name': {'title': 'Ms', 'first': 'Sara', 'last': 'Niva'}, 'location': {'street': {'number': 8528, 'name': 'Pispalan Valtatie'}, 'city': 'Savitaipale', 'state': 'Finland Proper', 'country': 'Finland', 'postcode': 29606, 'coordinates': {'latitude': '-29.9773', 'longitude': '157.8566'}, 'timezone': {'offset': '-3:30', 'description': 'Newfoundland'}}, 'email': 'sara.niva@example.com', 'login': {'uuid': 'dac4d9c2-3621-4f9d-b789-d2ff581a98e9', 'username': 'organicsnake255', 'password': 'life', 'salt': 'ykh0JYlC', 'md5': '42f2e765fd1b649c09b41da52a8232e0', 'sha1': '27ea8613209baa531508b8b8c5b14895b1fa2be4', 'sha256': 'd7ed0358249421294abbf8b1614bd169ba019b0315a7588c536cd4114f577aaa'}, 'dob': {'date': '1999-01-04T07:01:58.479Z', 'age': 25}, 'registered': {'date': '2021-07-31T06:28:06.147Z', 'age': 2}, 'phone': '06-066-586', 'cell': '044-362-24-84', 'id': {'name': 'HETU', 'value': 'NaNNA912undefined'}, 'picture': {'large': 'https://randomuser.me/api/portraits/women/33.jpg', 'medium': 'https://randomuser.me/api/portraits/med/women/33.jpg', 'thumbnail': 'https://randomuser.me/api/portraits/thumb/women/33.jpg'}, 'nat': 'FI'}], 'info': {'seed': 'bbfa59027275c80c', 'results': 1, 'page': 1, 'version': '1.4'}}</msg>
<arg>${json_data}</arg>
<doc>Logs the given message with the given level.</doc>
<status status="PASS" start="2024-05-25T12:25:46.204008" elapsed="0.000212"/>
</kw>
<kw name="Dictionary Should Contain Key" owner="Collections">
<msg time="2024-05-25T12:25:46.204669" level="INFO">False</msg>
<arg>${json_data}</arg>
<arg>results</arg>
<doc>Fails if ``key`` is not found from ``dictionary``.</doc>
<status status="PASS" start="2024-05-25T12:25:46.204517" elapsed="0.000188"/>
</kw>
<kw name="Should Not Be Empty" owner="BuiltIn">
<msg time="2024-05-25T12:25:46.205142" level="INFO">Length is 2.</msg>
<arg>${json_data}</arg>
<doc>Verifies that the given item is not empty.</doc>
<status status="PASS" start="2024-05-25T12:25:46.205006" elapsed="0.000213"/>
</kw>
<kw name="Create List" owner="BuiltIn">
<msg time="2024-05-25T12:25:46.205815" level="INFO">${expected_keys} = ['gender', 'name', 'location', 'email', 'login']</msg>
<var>${expected_keys}</var>
<arg>gender</arg>
<arg>name</arg>
<arg>location</arg>
<arg>email</arg>
<arg>login</arg>
<doc>Returns a list containing given items.</doc>
<status status="PASS" start="2024-05-25T12:25:46.205531" elapsed="0.000310"/>
</kw>
<for flavor="IN">
<iter>
<kw name="Dictionary Should Contain Key" owner="Collections">
<msg time="2024-05-25T12:25:46.206827" level="INFO">False</msg>
<arg>${json_data['results'][0]}</arg>
<arg>${key}</arg>
<doc>Fails if ``key`` is not found from ``dictionary``.</doc>
<status status="PASS" start="2024-05-25T12:25:46.206425" elapsed="0.000440"/>
</kw>
<kw name="Log" owner="BuiltIn">
<msg time="2024-05-25T12:25:46.207533" level="INFO">{'gender': 'female', 'name': {'title': 'Ms', 'first': 'Sara', 'last': 'Niva'}, 'location': {'street': {'number': 8528, 'name': 'Pispalan Valtatie'}, 'city': 'Savitaipale', 'state': 'Finland Proper', 'country': 'Finland', 'postcode': 29606, 'coordinates': {'latitude': '-29.9773', 'longitude': '157.8566'}, 'timezone': {'offset': '-3:30', 'description': 'Newfoundland'}}, 'email': 'sara.niva@example.com', 'login': {'uuid': 'dac4d9c2-3621-4f9d-b789-d2ff581a98e9', 'username': 'organicsnake255', 'password': 'life', 'salt': 'ykh0JYlC', 'md5': '42f2e765fd1b649c09b41da52a8232e0', 'sha1': '27ea8613209baa531508b8b8c5b14895b1fa2be4', 'sha256': 'd7ed0358249421294abbf8b1614bd169ba019b0315a7588c536cd4114f577aaa'}, 'dob': {'date': '1999-01-04T07:01:58.479Z', 'age': 25}, 'registered': {'date': '2021-07-31T06:28:06.147Z', 'age': 2}, 'phone': '06-066-586', 'cell': '044-362-24-84', 'id': {'name': 'HETU', 'value': 'NaNNA912undefined'}, 'picture': {'large': 'https://randomuser.me/api/portraits/women/33.jpg', 'medium': 'https://randomuser.me/api/portraits/med/women/33.jpg', 'thumbnail': 'https://randomuser.me/api/portraits/thumb/women/33.jpg'}, 'nat': 'FI'}</msg>
<arg>${json_data['results'][0]}</arg>
<doc>Logs the given message with the given level.</doc>
<status status="PASS" start="2024-05-25T12:25:46.207163" elapsed="0.000419"/>
</kw>
<kw name="Log" owner="BuiltIn">
<msg time="2024-05-25T12:25:46.208009" level="INFO">gender</msg>
<arg>${key}</arg>
<doc>Logs the given message with the given level.</doc>
<status status="PASS" start="2024-05-25T12:25:46.207879" elapsed="0.000168"/>
</kw>
<var name="${key}">gender</var>
<status status="PASS" start="2024-05-25T12:25:46.206294" elapsed="0.001974"/>
</iter>
<iter>
<kw name="Dictionary Should Contain Key" owner="Collections">
<msg time="2024-05-25T12:25:46.208961" level="INFO">False</msg>
<arg>${json_data['results'][0]}</arg>
<arg>${key}</arg>
<doc>Fails if ``key`` is not found from ``dictionary``.</doc>
<status status="PASS" start="2024-05-25T12:25:46.208574" elapsed="0.000424"/>
</kw>
<kw name="Log" owner="BuiltIn">
<msg time="2024-05-25T12:25:46.209708" level="INFO">{'gender': 'female', 'name': {'title': 'Ms', 'first': 'Sara', 'last': 'Niva'}, 'location': {'street': {'number': 8528, 'name': 'Pispalan Valtatie'}, 'city': 'Savitaipale', 'state': 'Finland Proper', 'country': 'Finland', 'postcode': 29606, 'coordinates': {'latitude': '-29.9773', 'longitude': '157.8566'}, 'timezone': {'offset': '-3:30', 'description': 'Newfoundland'}}, 'email': 'sara.niva@example.com', 'login': {'uuid': 'dac4d9c2-3621-4f9d-b789-d2ff581a98e9', 'username': 'organicsnake255', 'password': 'life', 'salt': 'ykh0JYlC', 'md5': '42f2e765fd1b649c09b41da52a8232e0', 'sha1': '27ea8613209baa531508b8b8c5b14895b1fa2be4', 'sha256': 'd7ed0358249421294abbf8b1614bd169ba019b0315a7588c536cd4114f577aaa'}, 'dob': {'date': '1999-01-04T07:01:58.479Z', 'age': 25}, 'registered': {'date': '2021-07-31T06:28:06.147Z', 'age': 2}, 'phone': '06-066-586', 'cell': '044-362-24-84', 'id': {'name': 'HETU', 'value': 'NaNNA912undefined'}, 'picture': {'large': 'https://randomuser.me/api/portraits/women/33.jpg', 'medium': 'https://randomuser.me/api/portraits/med/women/33.jpg', 'thumbnail': 'https://randomuser.me/api/portraits/thumb/women/33.jpg'}, 'nat': 'FI'}</msg>
<arg>${json_data['results'][0]}</arg>
<doc>Logs the given message with the given level.</doc>
<status status="PASS" start="2024-05-25T12:25:46.209346" elapsed="0.000419"/>
</kw>
<kw name="Log" owner="BuiltIn">
<msg time="2024-05-25T12:25:46.210194" level="INFO">name</msg>
<arg>${key}</arg>
<doc>Logs the given message with the given level.</doc>
<status status="PASS" start="2024-05-25T12:25:46.210067" elapsed="0.000164"/>
</kw>
<var name="${key}">name</var>
<status status="PASS" start="2024-05-25T12:25:46.208457" elapsed="0.001989"/>
</iter>
<iter>
<kw name="Dictionary Should Contain Key" owner="Collections">
<msg time="2024-05-25T12:25:46.211130" level="INFO">False</msg>
<arg>${json_data['results'][0]}</arg>
<arg>${key}</arg>
<doc>Fails if ``key`` is not found from ``dictionary``.</doc>
<status status="PASS" start="2024-05-25T12:25:46.210745" elapsed="0.000421"/>
</kw>
<kw name="Log" owner="BuiltIn">
<msg time="2024-05-25T12:25:46.211819" level="INFO">{'gender': 'female', 'name': {'title': 'Ms', 'first': 'Sara', 'last': 'Niva'}, 'location': {'street': {'number': 8528, 'name': 'Pispalan Valtatie'}, 'city': 'Savitaipale', 'state': 'Finland Proper', 'country': 'Finland', 'postcode': 29606, 'coordinates': {'latitude': '-29.9773', 'longitude': '157.8566'}, 'timezone': {'offset': '-3:30', 'description': 'Newfoundland'}}, 'email': 'sara.niva@example.com', 'login': {'uuid': 'dac4d9c2-3621-4f9d-b789-d2ff581a98e9', 'username': 'organicsnake255', 'password': 'life', 'salt': 'ykh0JYlC', 'md5': '42f2e765fd1b649c09b41da52a8232e0', 'sha1': '27ea8613209baa531508b8b8c5b14895b1fa2be4', 'sha256': 'd7ed0358249421294abbf8b1614bd169ba019b0315a7588c536cd4114f577aaa'}, 'dob': {'date': '1999-01-04T07:01:58.479Z', 'age': 25}, 'registered': {'date': '2021-07-31T06:28:06.147Z', 'age': 2}, 'phone': '06-066-586', 'cell': '044-362-24-84', 'id': {'name': 'HETU', 'value': 'NaNNA912undefined'}, 'picture': {'large': 'https://randomuser.me/api/portraits/women/33.jpg', 'medium': 'https://randomuser.me/api/portraits/med/women/33.jpg', 'thumbnail': 'https://randomuser.me/api/portraits/thumb/women/33.jpg'}, 'nat': 'FI'}</msg>
<arg>${json_data['results'][0]}</arg>
<doc>Logs the given message with the given level.</doc>
<status status="PASS" start="2024-05-25T12:25:46.211462" elapsed="0.000405"/>
</kw>
<kw name="Log" owner="BuiltIn">
<msg time="2024-05-25T12:25:46.212297" level="INFO">location</msg>
<arg>${key}</arg>
<doc>Logs the given message with the given level.</doc>
<status status="PASS" start="2024-05-25T12:25:46.212169" elapsed="0.000165"/>
</kw>
<var name="${key}">location</var>
<status status="PASS" start="2024-05-25T12:25:46.210626" elapsed="0.001924"/>
</iter>
<iter>
<kw name="Dictionary Should Contain Key" owner="Collections">
<msg time="2024-05-25T12:25:46.213239" level="INFO">False</msg>
<arg>${json_data['results'][0]}</arg>
<arg>${key}</arg>
<doc>Fails if ``key`` is not found from ``dictionary``.</doc>
<status status="PASS" start="2024-05-25T12:25:46.212837" elapsed="0.000450"/>
</kw>
<kw name="Log" owner="BuiltIn">
<msg time="2024-05-25T12:25:46.213951" level="INFO">{'gender': 'female', 'name': {'title': 'Ms', 'first': 'Sara', 'last': 'Niva'}, 'location': {'street': {'number': 8528, 'name': 'Pispalan Valtatie'}, 'city': 'Savitaipale', 'state': 'Finland Proper', 'country': 'Finland', 'postcode': 29606, 'coordinates': {'latitude': '-29.9773', 'longitude': '157.8566'}, 'timezone': {'offset': '-3:30', 'description': 'Newfoundland'}}, 'email': 'sara.niva@example.com', 'login': {'uuid': 'dac4d9c2-3621-4f9d-b789-d2ff581a98e9', 'username': 'organicsnake255', 'password': 'life', 'salt': 'ykh0JYlC', 'md5': '42f2e765fd1b649c09b41da52a8232e0', 'sha1': '27ea8613209baa531508b8b8c5b14895b1fa2be4', 'sha256': 'd7ed0358249421294abbf8b1614bd169ba019b0315a7588c536cd4114f577aaa'}, 'dob': {'date': '1999-01-04T07:01:58.479Z', 'age': 25}, 'registered': {'date': '2021-07-31T06:28:06.147Z', 'age': 2}, 'phone': '06-066-586', 'cell': '044-362-24-84', 'id': {'name': 'HETU', 'value': 'NaNNA912undefined'}, 'picture': {'large': 'https://randomuser.me/api/portraits/women/33.jpg', 'medium': 'https://randomuser.me/api/portraits/med/women/33.jpg', 'thumbnail': 'https://randomuser.me/api/portraits/thumb/women/33.jpg'}, 'nat': 'FI'}</msg>
<arg>${json_data['results'][0]}</arg>
<doc>Logs the given message with the given level.</doc>
<status status="PASS" start="2024-05-25T12:25:46.213593" elapsed="0.000407"/>
</kw>
<kw name="Log" owner="BuiltIn">
<msg time="2024-05-25T12:25:46.214421" level="INFO">email</msg>
<arg>${key}</arg>
<doc>Logs the given message with the given level.</doc>
<status status="PASS" start="2024-05-25T12:25:46.214294" elapsed="0.000165"/>
</kw>
<var name="${key}">email</var>
<status status="PASS" start="2024-05-25T12:25:46.212725" elapsed="0.001951"/>
</iter>
<iter>
<kw name="Dictionary Should Contain Key" owner="Collections">
<msg time="2024-05-25T12:25:46.215369" level="INFO">False</msg>
<arg>${json_data['results'][0]}</arg>
<arg>${key}</arg>
<doc>Fails if ``key`` is not found from ``dictionary``.</doc>
<status status="PASS" start="2024-05-25T12:25:46.214980" elapsed="0.000427"/>
</kw>
<kw name="Log" owner="BuiltIn">
<msg time="2024-05-25T12:25:46.216081" level="INFO">{'gender': 'female', 'name': {'title': 'Ms', 'first': 'Sara', 'last': 'Niva'}, 'location': {'street': {'number': 8528, 'name': 'Pispalan Valtatie'}, 'city': 'Savitaipale', 'state': 'Finland Proper', 'country': 'Finland', 'postcode': 29606, 'coordinates': {'latitude': '-29.9773', 'longitude': '157.8566'}, 'timezone': {'offset': '-3:30', 'description': 'Newfoundland'}}, 'email': 'sara.niva@example.com', 'login': {'uuid': 'dac4d9c2-3621-4f9d-b789-d2ff581a98e9', 'username': 'organicsnake255', 'password': 'life', 'salt': 'ykh0JYlC', 'md5': '42f2e765fd1b649c09b41da52a8232e0', 'sha1': '27ea8613209baa531508b8b8c5b14895b1fa2be4', 'sha256': 'd7ed0358249421294abbf8b1614bd169ba019b0315a7588c536cd4114f577aaa'}, 'dob': {'date': '1999-01-04T07:01:58.479Z', 'age': 25}, 'registered': {'date': '2021-07-31T06:28:06.147Z', 'age': 2}, 'phone': '06-066-586', 'cell': '044-362-24-84', 'id': {'name': 'HETU', 'value': 'NaNNA912undefined'}, 'picture': {'large': 'https://randomuser.me/api/portraits/women/33.jpg', 'medium': 'https://randomuser.me/api/portraits/med/women/33.jpg', 'thumbnail': 'https://randomuser.me/api/portraits/thumb/women/33.jpg'}, 'nat': 'FI'}</msg>
<arg>${json_data['results'][0]}</arg>
<doc>Logs the given message with the given level.</doc>
<status status="PASS" start="2024-05-25T12:25:46.215703" elapsed="0.000426"/>
</kw>
<kw name="Log" owner="BuiltIn">
<msg time="2024-05-25T12:25:46.216549" level="INFO">login</msg>
<arg>${key}</arg>
<doc>Logs the given message with the given level.</doc>
<status status="PASS" start="2024-05-25T12:25:46.216421" elapsed="0.000166"/>
</kw>
<var name="${key}">login</var>
<status status="PASS" start="2024-05-25T12:25:46.214849" elapsed="0.001984"/>
</iter>
<var>${key}</var>
<value>@{expected_keys}</value>
<status status="PASS" start="2024-05-25T12:25:46.206108" elapsed="0.010853"/>
</for>
<kw name="Create List" owner="BuiltIn">
<msg time="2024-05-25T12:25:46.217330" level="INFO">${expected_keysTwo} = ['username', 'password']</msg>
<var>${expected_keysTwo}</var>
<arg>username</arg>
<arg>password</arg>
<doc>Returns a list containing given items.</doc>
<status status="PASS" start="2024-05-25T12:25:46.217156" elapsed="0.000198"/>
</kw>
<for flavor="IN">
<iter>
<kw name="Dictionary Should Contain Key" owner="Collections">
<msg time="2024-05-25T12:25:46.218246" level="INFO">False</msg>
<arg>${json_data['results'][0]['login']}</arg>
<arg>${keyTwo}</arg>
<doc>Fails if ``key`` is not found from ``dictionary``.</doc>
<status status="PASS" start="2024-05-25T12:25:46.217854" elapsed="0.000430"/>
</kw>
<kw name="Dictionary Should Contain Key" owner="Collections">
<msg time="2024-05-25T12:25:46.218962" level="INFO">False</msg>
<arg>${json_data['results'][0]['login']}</arg>
<arg>${keyTwo}</arg>
<doc>Fails if ``key`` is not found from ``dictionary``.</doc>
<status status="PASS" start="2024-05-25T12:25:46.218578" elapsed="0.000423"/>
</kw>
<kw name="Log" owner="BuiltIn">
<msg time="2024-05-25T12:25:46.219420" level="INFO">username</msg>
<arg>${keyTwo}</arg>
<doc>Logs the given message with the given level.</doc>
<status status="PASS" start="2024-05-25T12:25:46.219292" elapsed="0.000166"/>
</kw>
<var name="${keyTwo}">username</var>
<status status="PASS" start="2024-05-25T12:25:46.217743" elapsed="0.001932"/>
</iter>
<iter>
<kw name="Dictionary Should Contain Key" owner="Collections">
<msg time="2024-05-25T12:25:46.220342" level="INFO">False</msg>
<arg>${json_data['results'][0]['login']}</arg>
<arg>${keyTwo}</arg>
<doc>Fails if ``key`` is not found from ``dictionary``.</doc>
<status status="PASS" start="2024-05-25T12:25:46.219962" elapsed="0.000418"/>
</kw>
<kw name="Dictionary Should Contain Key" owner="Collections">
<msg time="2024-05-25T12:25:46.221132" level="INFO">False</msg>
<arg>${json_data['results'][0]['login']}</arg>
<arg>${keyTwo}</arg>
<doc>Fails if ``key`` is not found from ``dictionary``.</doc>
<status status="PASS" start="2024-05-25T12:25:46.220670" elapsed="0.000535"/>
</kw>
<kw name="Log" owner="BuiltIn">
<msg time="2024-05-25T12:25:46.221649" level="INFO">password</msg>
<arg>${keyTwo}</arg>
<doc>Logs the given message with the given level.</doc>
<status status="PASS" start="2024-05-25T12:25:46.221520" elapsed="0.000166"/>
</kw>
<var name="${keyTwo}">password</var>
<status status="PASS" start="2024-05-25T12:25:46.219847" elapsed="0.002055"/>
</iter>
<var>${keyTwo}</var>
<value>@{expected_keysTwo}</value>
<status status="PASS" start="2024-05-25T12:25:46.217593" elapsed="0.004432"/>
</for>
<status status="PASS" start="2024-05-25T12:25:46.112250" elapsed="0.109913"/>
</kw>
<doc>Testa a estrutura da resposta da API.</doc>
<tag>testeEstruturaResposta</tag>
<status status="PASS" start="2024-05-25T12:25:46.111741" elapsed="0.110570"/>
</test>
<test id="s1-s1-t4" name="Validar tipos de dados" line="28">
<kw name="Teste de Tipos de Dados" owner="random-user-service">
<kw name="GET On Session" owner="RequestsLibrary">
<msg time="2024-05-25T12:25:46.299990" level="INFO">GET Request : url=https://randomuser.me/api 
 path_url=/api 
 headers={'User-Agent': 'python-requests/2.32.2', 'Accept-Encoding': 'gzip, deflate', 'Accept': '*/*', 'Connection': 'keep-alive'} 
 body=None 
 </msg>
<msg time="2024-05-25T12:25:46.300092" level="INFO">GET Response : url=https://randomuser.me/api 
 status=200, reason=OK 
 headers={'Date': 'Sat, 25 May 2024 12:25:46 GMT', 'Content-Type': 'application/json; charset=utf-8', 'Transfer-Encoding': 'chunked', 'Connection': 'keep-alive', 'X-Powered-By': 'Express', 'Access-Control-Allow-Origin': '*', 'Cache-Control': 'no-cache', 'ETag': 'W/"48c-K7QE5NdSJym+cLQYIQPY45tXZlI"', 'Vary': 'Accept-Encoding', 'Content-Encoding': 'gzip', 'CF-Cache-Status': 'DYNAMIC', 'Report-To': '{"endpoints":[{"url":"https:\\/\\/a.nel.cloudflare.com\\/report\\/v4?s=Ob%2BLfoA2XfBOHf7%2FLDOTzbexfdvefbSlFQnFcRCSOeizzwopnXIxW%2BMOj8Y0z3I3XqUEc0ZvxckaUhUZ7uZscBnVXpeDItkF1moCVSt1PkjoVCln%2F8eNDHsteyxMMpli"}],"group":"cf-nel","max_age":604800}', 'NEL': '{"success_fraction":0,"report_to":"cf-nel","max_age":604800}', 'Server': 'cloudflare', 'CF-RAY': '8895828fecc98029-IAD', 'alt-svc': 'h3=":443"; ma=86400'} 
 body={"results":[{"gender":"female","name":{"title":"Miss","first":"Tanvi","last":"Rai"},"location":{"street":{"number":4969,"name":"Sampige Rd"},"city":"Bhopal","state":"Madhya Pradesh","country":"India","postcode":82109,"coordinates":{"latitude":"11.2176","longitude":"11.2625"},"timezone":{"offset":"+8:00","description":"Beijing, Perth, Singapore, Hong Kong"}},"email":"tanvi.rai@example.com","login":{"uuid":"eb4d7c28-c0d3-4fe5-91e6-d6cb45751090","username":"happysnake482","password":"tiffany","salt":"c2p76vLf","md5":"65622e0e99acaef20b74cac8d9543109","sha1":"e13218acb3ff5e6bfc8ed8ef22d85917e1bb84e2","sha256":"da3d5b0a83694f3f6fc3beed2fbb35fdf14374ff83b2425fa74ed76f110727cf"},"dob":{"date":"1988-09-23T00:45:39.625Z","age":35},"registered":{"date":"2016-08-03T14:25:44.110Z","age":7},"phone":"8431060429","cell":"9922098958","id":{"name":"UIDAI","value":"382535469102"},"picture":{"large":"https://randomuser.me/api/portraits/women/27.jpg","medium":"https://randomuser.me/api/portraits/med/women/27.jpg","thumbnail":"https://randomuser.me/api/portraits/thumb/women/27.jpg"},"nat":"IN"}],"info":{"seed":"f8499e98508d07aa","results":1,"page":1,"version":"1.4"}} 
 </msg>
<msg time="2024-05-25T12:25:46.300193" level="INFO">/opt/hostedtoolcache/Python/3.12.3/x64/lib/python3.12/site-packages/urllib3/connectionpool.py:1103: InsecureRequestWarning: Unverified HTTPS request is being made to host 'randomuser.me'. Adding certificate verification is strongly advised. See: https://urllib3.readthedocs.io/en/latest/advanced-usage.html#tls-warnings
  warnings.warn(</msg>
<msg time="2024-05-25T12:25:46.300328" level="INFO">${response} = &lt;Response [200]&gt;</msg>
<var>${response}</var>
<arg>consultarAPI</arg>
<arg>/api</arg>
<doc>Sends a GET request on a previously created HTTP Session.</doc>
<status status="PASS" start="2024-05-25T12:25:46.224777" elapsed="0.075617"/>
</kw>
<kw name="Set Variable" owner="BuiltIn">
<msg time="2024-05-25T12:25:46.301615" level="INFO">${json_data} = {'results': [{'gender': 'female', 'name': {'title': 'Miss', 'first': 'Tanvi', 'last': 'Rai'}, 'location': {'street': {'number': 4969, 'name': 'Sampige Rd'}, 'city': 'Bhopal', 'state': 'Madhya Pradesh'...</msg>
<var>${json_data}</var>
<arg>${response.json()}</arg>
<doc>Returns the given values which can then be assigned to a variables.</doc>
<status status="PASS" start="2024-05-25T12:25:46.300991" elapsed="0.000652"/>
</kw>
<kw name="Log" owner="BuiltIn">
<msg time="2024-05-25T12:25:46.302098" level="INFO">{'results': [{'gender': 'female', 'name': {'title': 'Miss', 'first': 'Tanvi', 'last': 'Rai'}, 'location': {'street': {'number': 4969, 'name': 'Sampige Rd'}, 'city': 'Bhopal', 'state': 'Madhya Pradesh', 'country': 'India', 'postcode': 82109, 'coordinates': {'latitude': '11.2176', 'longitude': '11.2625'}, 'timezone': {'offset': '+8:00', 'description': 'Beijing, Perth, Singapore, Hong Kong'}}, 'email': 'tanvi.rai@example.com', 'login': {'uuid': 'eb4d7c28-c0d3-4fe5-91e6-d6cb45751090', 'username': 'happysnake482', 'password': 'tiffany', 'salt': 'c2p76vLf', 'md5': '65622e0e99acaef20b74cac8d9543109', 'sha1': 'e13218acb3ff5e6bfc8ed8ef22d85917e1bb84e2', 'sha256': 'da3d5b0a83694f3f6fc3beed2fbb35fdf14374ff83b2425fa74ed76f110727cf'}, 'dob': {'date': '1988-09-23T00:45:39.625Z', 'age': 35}, 'registered': {'date': '2016-08-03T14:25:44.110Z', 'age': 7}, 'phone': '8431060429', 'cell': '9922098958', 'id': {'name': 'UIDAI', 'value': '382535469102'}, 'picture': {'large': 'https://randomuser.me/api/portraits/women/27.jpg', 'medium': 'https://randomuser.me/api/portraits/med/women/27.jpg', 'thumbnail': 'https://randomuser.me/api/portraits/thumb/women/27.jpg'}, 'nat': 'IN'}], 'info': {'seed': 'f8499e98508d07aa', 'results': 1, 'page': 1, 'version': '1.4'}}</msg>
<arg>${json_data}</arg>
<doc>Logs the given message with the given level.</doc>
<status status="PASS" start="2024-05-25T12:25:46.301948" elapsed="0.000231"/>
</kw>
<kw name="Should Be String" owner="String">
<arg>${json_data['results'][0]['gender']}</arg>
<doc>Fails if the given ``item`` is not a string.</doc>
<status status="PASS" start="2024-05-25T12:25:46.302475" elapsed="0.000434"/>
</kw>
<kw name="Should Match Regexp" owner="BuiltIn">
<arg>${json_data['results'][0]['email']}</arg>
<arg>^[a-zA-Z0-9._%+-]+@[a-zA-Z0-9.-]+\.[a-zA-Z]{2,}$</arg>
<doc>Fails if ``string`` does not match ``pattern`` as a regular expression.</doc>
<status status="PASS" start="2024-05-25T12:25:46.303101" elapsed="0.000518"/>
</kw>
<kw name="Should Match Regexp" owner="BuiltIn">
<arg>${json_data['results'][0]['dob']['date']}</arg>
<arg>\\d{4}-\\d{2}-\\d{2}T\\d{2}:\\d{2}:\\d{2}\\.\\d{3}Z</arg>
<doc>Fails if ``string`` does not match ``pattern`` as a regular expression.</doc>
<status status="PASS" start="2024-05-25T12:25:46.303814" elapsed="0.000485"/>
</kw>
<kw name="Should Match Regexp" owner="BuiltIn">
<arg>${json_data['results'][0]['registered']['date']}</arg>
<arg>\\d{4}-\\d{2}-\\d{2}T\\d{2}:\\d{2}:\\d{2}\\.\\d{3}Z</arg>
<doc>Fails if ``string`` does not match ``pattern`` as a regular expression.</doc>
<status status="PASS" start="2024-05-25T12:25:46.304488" elapsed="0.000365"/>
</kw>
<kw name="Should Match Regexp" owner="BuiltIn">
<arg>${json_data['results'][0]['picture']['large']}</arg>
<arg>^https?://.*\.(?:png|jpe?g|gif|bmp)$</arg>
<doc>Fails if ``string`` does not match ``pattern`` as a regular expression.</doc>
<status status="PASS" start="2024-05-25T12:25:46.305041" elapsed="0.000501"/>
</kw>
<kw name="Should Match Regexp" owner="BuiltIn">
<arg>${json_data['results'][0]['picture']['medium']}</arg>
<arg>^https?://.*\.(?:png|jpe?g|gif|bmp)$</arg>
<doc>Fails if ``string`` does not match ``pattern`` as a regular expression.</doc>
<status status="PASS" start="2024-05-25T12:25:46.305732" elapsed="0.000353"/>
</kw>
<kw name="Should Match Regexp" owner="BuiltIn">
<arg>${json_data['results'][0]['picture']['thumbnail']}</arg>
<arg>^https?://.*\.(?:png|jpe?g|gif|bmp)$</arg>
<doc>Fails if ``string`` does not match ``pattern`` as a regular expression.</doc>
<status status="PASS" start="2024-05-25T12:25:46.306271" elapsed="0.000344"/>
</kw>
<kw name="Log" owner="BuiltIn">
<msg time="2024-05-25T12:25:46.307122" level="INFO">{'large': 'https://randomuser.me/api/portraits/women/27.jpg', 'medium': 'https://randomuser.me/api/portraits/med/women/27.jpg', 'thumbnail': 'https://randomuser.me/api/portraits/thumb/women/27.jpg'}</msg>
<arg>${json_data['results'][0]['picture']}</arg>
<doc>Logs the given message with the given level.</doc>
<status status="PASS" start="2024-05-25T12:25:46.306800" elapsed="0.000362"/>
</kw>
<status status="PASS" start="2024-05-25T12:25:46.224543" elapsed="0.082870"/>
</kw>
<kw name="Teste de Tipos de Dados - Postcode" owner="random-user-service">
<kw name="GET On Session" owner="RequestsLibrary">
<msg time="2024-05-25T12:25:46.400737" level="INFO">GET Request : url=https://randomuser.me/api 
 path_url=/api 
 headers={'User-Agent': 'python-requests/2.32.2', 'Accept-Encoding': 'gzip, deflate', 'Accept': '*/*', 'Connection': 'keep-alive'} 
 body=None 
 </msg>
<msg time="2024-05-25T12:25:46.400840" level="INFO">GET Response : url=https://randomuser.me/api 
 status=200, reason=OK 
 headers={'Date': 'Sat, 25 May 2024 12:25:46 GMT', 'Content-Type': 'application/json; charset=utf-8', 'Transfer-Encoding': 'chunked', 'Connection': 'keep-alive', 'X-Powered-By': 'Express', 'Access-Control-Allow-Origin': '*', 'Cache-Control': 'no-cache', 'ETag': 'W/"472-NUgqFvCRC1kTibX6exgUPoGWxkw"', 'Vary': 'Accept-Encoding', 'Content-Encoding': 'gzip', 'CF-Cache-Status': 'DYNAMIC', 'Report-To': '{"endpoints":[{"url":"https:\\/\\/a.nel.cloudflare.com\\/report\\/v4?s=u5RoWhhStDLw7mT%2FlGai0yZCcZqQdFFEf1kqzTUzmRa0IW8jixg1qiIODAhe%2BI75tNr6R5%2BXMJscMZbU9AX6uJ0bdnLdN%2F3%2FaHh0sldaenwCV1qPGvrYYxSc77fXnzbX"}],"group":"cf-nel","max_age":604800}', 'NEL': '{"success_fraction":0,"report_to":"cf-nel","max_age":604800}', 'Server': 'cloudflare', 'CF-RAY': '889582906d4f8029-IAD', 'alt-svc': 'h3=":443"; ma=86400'} 
 body={"results":[{"gender":"male","name":{"title":"Mr","first":"Herculano","last":"Rocha"},"location":{"street":{"number":7581,"name":"Rua São José "},"city":"Patos","state":"Acre","country":"Brazil","postcode":45940,"coordinates":{"latitude":"-73.2117","longitude":"-136.1672"},"timezone":{"offset":"+4:30","description":"Kabul"}},"email":"herculano.rocha@example.com","login":{"uuid":"7dacca06-bbbc-417a-b46d-07a8b325ce39","username":"happyswan146","password":"diane","salt":"UQSWeDPU","md5":"c402027cae58d822daa74a48c84c80b2","sha1":"6e85c9d153deece0eeb47206a65aeb282249a375","sha256":"ca55cb5f9356a2dd2379ab19b35cba27bc0f63f39e771ea76d15d264aaacf09c"},"dob":{"date":"1972-08-23T04:10:20.723Z","age":51},"registered":{"date":"2014-12-04T21:04:08.596Z","age":9},"phone":"(71) 1389-2517","cell":"(32) 5095-1591","id":{"name":"CPF","value":"923.798.333-04"},"picture":{"large":"https://randomuser.me/api/portraits/men/50.jpg","medium":"https://randomuser.me/api/portraits/med/men/50.jpg","thumbnail":"https://randomuser.me/api/portraits/thumb/men/50.jpg"},"nat":"BR"}],"info":{"seed":"ebb3fc451a8c0799","results":1,"page":1,"version":"1.4"}} 
 </msg>
<msg time="2024-05-25T12:25:46.400938" level="INFO">/opt/hostedtoolcache/Python/3.12.3/x64/lib/python3.12/site-packages/urllib3/connectionpool.py:1103: InsecureRequestWarning: Unverified HTTPS request is being made to host 'randomuser.me'. Adding certificate verification is strongly advised. See: https://urllib3.readthedocs.io/en/latest/advanced-usage.html#tls-warnings
  warnings.warn(</msg>
<msg time="2024-05-25T12:25:46.401064" level="INFO">${response} = &lt;Response [200]&gt;</msg>
<var>${response}</var>
<arg>consultarAPI</arg>
<arg>/api</arg>
<doc>Sends a GET request on a previously created HTTP Session.</doc>
<status status="PASS" start="2024-05-25T12:25:46.307848" elapsed="0.093283"/>
</kw>
<kw name="Set Variable" owner="BuiltIn">
<msg time="2024-05-25T12:25:46.402646" level="INFO">${json_data} = {'results': [{'gender': 'male', 'name': {'title': 'Mr', 'first': 'Herculano', 'last': 'Rocha'}, 'location': {'street': {'number': 7581, 'name': 'Rua São José '}, 'city': 'Patos', 'state': 'Acre', 'cou...</msg>
<var>${json_data}</var>
<arg>${response.json()}</arg>
<doc>Returns the given values which can then be assigned to a variables.</doc>
<status status="PASS" start="2024-05-25T12:25:46.401872" elapsed="0.000821"/>
</kw>
<kw name="Log" owner="BuiltIn">
<msg time="2024-05-25T12:25:46.403306" level="INFO">{'results': [{'gender': 'male', 'name': {'title': 'Mr', 'first': 'Herculano', 'last': 'Rocha'}, 'location': {'street': {'number': 7581, 'name': 'Rua São José '}, 'city': 'Patos', 'state': 'Acre', 'country': 'Brazil', 'postcode': 45940, 'coordinates': {'latitude': '-73.2117', 'longitude': '-136.1672'}, 'timezone': {'offset': '+4:30', 'description': 'Kabul'}}, 'email': 'herculano.rocha@example.com', 'login': {'uuid': '7dacca06-bbbc-417a-b46d-07a8b325ce39', 'username': 'happyswan146', 'password': 'diane', 'salt': 'UQSWeDPU', 'md5': 'c402027cae58d822daa74a48c84c80b2', 'sha1': '6e85c9d153deece0eeb47206a65aeb282249a375', 'sha256': 'ca55cb5f9356a2dd2379ab19b35cba27bc0f63f39e771ea76d15d264aaacf09c'}, 'dob': {'date': '1972-08-23T04:10:20.723Z', 'age': 51}, 'registered': {'date': '2014-12-04T21:04:08.596Z', 'age': 9}, 'phone': '(71) 1389-2517', 'cell': '(32) 5095-1591', 'id': {'name': 'CPF', 'value': '923.798.333-04'}, 'picture': {'large': 'https://randomuser.me/api/portraits/men/50.jpg', 'medium': 'https://randomuser.me/api/portraits/med/men/50.jpg', 'thumbnail': 'https://randomuser.me/api/portraits/thumb/men/50.jpg'}, 'nat': 'BR'}], 'info': {'seed': 'ebb3fc451a8c0799', 'results': 1, 'page': 1, 'version': '1.4'}}</msg>
<arg>${json_data}</arg>
<doc>Logs the given message with the given level.</doc>
<status status="PASS" start="2024-05-25T12:25:46.403098" elapsed="0.000311"/>
</kw>
<kw name="Should Be Equal As Numbers" owner="BuiltIn">
<arg>${json_data['results'][0]['location']['postcode']}</arg>
<arg>${json_data['results'][0]['location']['postcode']}</arg>
<doc>Fails if objects are unequal after converting them to real numbers.</doc>
<status status="PASS" start="2024-05-25T12:25:46.403806" elapsed="0.001077"/>
</kw>
<kw name="Log" owner="BuiltIn">
<msg time="2024-05-25T12:25:46.405581" level="INFO">45940</msg>
<arg>${json_data['results'][0]['location']['postcode']}</arg>
<doc>Logs the given message with the given level.</doc>
<status status="PASS" start="2024-05-25T12:25:46.405118" elapsed="0.000509"/>
</kw>
<status status="PASS" start="2024-05-25T12:25:46.307624" elapsed="0.098275"/>
</kw>
<doc>Testa se os tipos de dados na resposta da API estão corretos.</doc>
<tag>testeTiposDados</tag>
<status status="PASS" start="2024-05-25T12:25:46.224020" elapsed="0.182047"/>
</test>
<test id="s1-s1-t5" name="Validar conteudo" line="35">
<kw name="Teste de Tipos de Conteudo" owner="random-user-service">
<kw name="GET On Session" owner="RequestsLibrary">
<msg time="2024-05-25T12:25:46.501161" level="INFO">GET Request : url=https://randomuser.me/api 
 path_url=/api 
 headers={'User-Agent': 'python-requests/2.32.2', 'Accept-Encoding': 'gzip, deflate', 'Accept': '*/*', 'Connection': 'keep-alive'} 
 body=None 
 </msg>
<msg time="2024-05-25T12:25:46.501296" level="INFO">GET Response : url=https://randomuser.me/api 
 status=200, reason=OK 
 headers={'Date': 'Sat, 25 May 2024 12:25:46 GMT', 'Content-Type': 'application/json; charset=utf-8', 'Transfer-Encoding': 'chunked', 'Connection': 'keep-alive', 'X-Powered-By': 'Express', 'Access-Control-Allow-Origin': '*', 'Cache-Control': 'no-cache', 'ETag': 'W/"46a-0hIX8XNz11TSabgBHRTXJI0PHVs"', 'Vary': 'Accept-Encoding', 'Content-Encoding': 'gzip', 'CF-Cache-Status': 'DYNAMIC', 'Report-To': '{"endpoints":[{"url":"https:\\/\\/a.nel.cloudflare.com\\/report\\/v4?s=0pPzthEccjVHESiqWP0%2FMBUy1qbzxSSMIZRBRn7LWksoYq3k6IQklkImCGPoB%2BzC8nJr4DdqWhQb%2FY8SdGdJiD01vDxnsO%2BEIjx4k61rLdGXTfnHg%2FUC5fVvecnBg3ZM"}],"group":"cf-nel","max_age":604800}', 'NEL': '{"success_fraction":0,"report_to":"cf-nel","max_age":604800}', 'Server': 'cloudflare', 'CF-RAY': '889582910e368029-IAD', 'alt-svc': 'h3=":443"; ma=86400'} 
 body={"results":[{"gender":"male","name":{"title":"Mr","first":"Riley","last":"Kumar"},"location":{"street":{"number":6073,"name":"Lichfield Street"},"city":"Blenheim","state":"Gisborne","country":"New Zealand","postcode":16816,"coordinates":{"latitude":"52.3577","longitude":"-6.1168"},"timezone":{"offset":"+3:30","description":"Tehran"}},"email":"riley.kumar@example.com","login":{"uuid":"d6997131-222b-4d6d-b2fc-7b2c2b0c8138","username":"yellowpeacock507","password":"boyz","salt":"kiiSYxZR","md5":"ce8128bb483952a014eb7160632070a2","sha1":"002bef8a5ab6900c7176cd95d11a711306950db9","sha256":"76f99b9963765be903cbd29f3f6d068b64b3a49f22c6818c9203c1967962c962"},"dob":{"date":"1986-04-18T02:03:54.522Z","age":38},"registered":{"date":"2005-07-20T01:56:51.358Z","age":18},"phone":"(170)-750-2502","cell":"(238)-809-2194","id":{"name":"","value":null},"picture":{"large":"https://randomuser.me/api/portraits/men/78.jpg","medium":"https://randomuser.me/api/portraits/med/men/78.jpg","thumbnail":"https://randomuser.me/api/portraits/thumb/men/78.jpg"},"nat":"NZ"}],"info":{"seed":"78c8ba8ff7b4524c","results":1,"page":1,"version":"1.4"}} 
 </msg>
<msg time="2024-05-25T12:25:46.501394" level="INFO">/opt/hostedtoolcache/Python/3.12.3/x64/lib/python3.12/site-packages/urllib3/connectionpool.py:1103: InsecureRequestWarning: Unverified HTTPS request is being made to host 'randomuser.me'. Adding certificate verification is strongly advised. See: https://urllib3.readthedocs.io/en/latest/advanced-usage.html#tls-warnings
  warnings.warn(</msg>
<msg time="2024-05-25T12:25:46.501521" level="INFO">${response} = &lt;Response [200]&gt;</msg>
<var>${response}</var>
<arg>consultarAPI</arg>
<arg>/api</arg>
<doc>Sends a GET request on a previously created HTTP Session.</doc>
<status status="PASS" start="2024-05-25T12:25:46.408654" elapsed="0.092934"/>
</kw>
<kw name="Set Variable" owner="BuiltIn">
<msg time="2024-05-25T12:25:46.502858" level="INFO">${json_data} = {'results': [{'gender': 'male', 'name': {'title': 'Mr', 'first': 'Riley', 'last': 'Kumar'}, 'location': {'street': {'number': 6073, 'name': 'Lichfield Street'}, 'city': 'Blenheim', 'state': 'Gisborne'...</msg>
<var>${json_data}</var>
<arg>${response.json()}</arg>
<doc>Returns the given values which can then be assigned to a variables.</doc>
<status status="PASS" start="2024-05-25T12:25:46.502229" elapsed="0.000667"/>
</kw>
<kw name="Set Variable" owner="BuiltIn">
<msg time="2024-05-25T12:25:46.503711" level="INFO">${name_title} = Mr</msg>
<var>${name_title}</var>
<arg>${json_data["results"][0]["name"]["title"]}</arg>
<doc>Returns the given values which can then be assigned to a variables.</doc>
<status status="PASS" start="2024-05-25T12:25:46.503248" elapsed="0.000493"/>
</kw>
<kw name="Create List" owner="BuiltIn">
<msg time="2024-05-25T12:25:46.504219" level="INFO">${allowed_titles} = ['Mr', 'Ms', 'Miss', 'Mrs', 'Madame', 'Monsieur']</msg>
<var>${allowed_titles}</var>
<arg>Mr</arg>
<arg>Ms</arg>
<arg>Miss</arg>
<arg>Mrs</arg>
<arg>Madame</arg>
<arg>Monsieur</arg>
<doc>Returns a list containing given items.</doc>
<status status="PASS" start="2024-05-25T12:25:46.504065" elapsed="0.000180"/>
</kw>
<kw name="List Should Contain Value" owner="Collections">
<msg time="2024-05-25T12:25:46.504733" level="INFO">False</msg>
<arg>${allowed_titles}</arg>
<arg>${name_title}</arg>
<doc>Fails if the ``value`` is not found from ``list``.</doc>
<status status="PASS" start="2024-05-25T12:25:46.504558" elapsed="0.000212"/>
</kw>
<kw name="Set Variable" owner="BuiltIn">
<msg time="2024-05-25T12:25:46.505505" level="INFO">${name_country} = NZ</msg>
<var>${name_country}</var>
<arg>${json_data["results"][0]["nat"]}</arg>
<doc>Returns the given values which can then be assigned to a variables.</doc>
<status status="PASS" start="2024-05-25T12:25:46.505070" elapsed="0.000460"/>
</kw>
<kw name="Create List" owner="BuiltIn">
<msg time="2024-05-25T12:25:46.506558" level="INFO">${list_country} = ['AD', 'AE', 'AF', 'AG', 'AI', 'AL', 'AM', 'AO', 'AQ', 'AR', 'AS', 'AT', 'AU', 'AW', 'AX', 'AZ', 'BA', 'BB', 'BD', 'BE', 'BF', 'BG', 'BH', 'BI', 'BJ', 'BL', 'BM', 'BN', 'BO', 'BQ', 'BR', 'BS', 'BT', '...</msg>
<var>${list_country}</var>
<arg>AD</arg>
<arg>AE</arg>
<arg>AF</arg>
<arg>AG</arg>
<arg>AI</arg>
<arg>AL</arg>
<arg>AM</arg>
<arg>AO</arg>
<arg>AQ</arg>
<arg>AR</arg>
<arg>AS</arg>
<arg>AT</arg>
<arg>AU</arg>
<arg>AW</arg>
<arg>AX</arg>
<arg>AZ</arg>
<arg>BA</arg>
<arg>BB</arg>
<arg>BD</arg>
<arg>BE</arg>
<arg>BF</arg>
<arg>BG</arg>
<arg>BH</arg>
<arg>BI</arg>
<arg>BJ</arg>
<arg>BL</arg>
<arg>BM</arg>
<arg>BN</arg>
<arg>BO</arg>
<arg>BQ</arg>
<arg>BR</arg>
<arg>BS</arg>
<arg>BT</arg>
<arg>BV</arg>
<arg>BW</arg>
<arg>BY</arg>
<arg>BZ</arg>
<arg>CA</arg>
<arg>CC</arg>
<arg>CD</arg>
<arg>CF</arg>
<arg>CG</arg>
<arg>CH</arg>
<arg>CI</arg>
<arg>CK</arg>
<arg>CL</arg>
<arg>CM</arg>
<arg>CN</arg>
<arg>CO</arg>
<arg>CR</arg>
<arg>CU</arg>
<arg>CV</arg>
<arg>CW</arg>
<arg>CX</arg>
<arg>CY</arg>
<arg>CZ</arg>
<arg>DE</arg>
<arg>DJ</arg>
<arg>DK</arg>
<arg>DM</arg>
<arg>DO</arg>
<arg>DZ</arg>
<arg>EC</arg>
<arg>EE</arg>
<arg>EG</arg>
<arg>EH</arg>
<arg>ER</arg>
<arg>ES</arg>
<arg>ET</arg>
<arg>FI</arg>
<arg>FJ</arg>
<arg>FK</arg>
<arg>FM</arg>
<arg>FO</arg>
<arg>FR</arg>
<arg>GA</arg>
<arg>GB</arg>
<arg>GD</arg>
<arg>GE</arg>
<arg>GF</arg>
<arg>GG</arg>
<arg>GH</arg>
<arg>GI</arg>
<arg>GL</arg>
<arg>GM</arg>
<arg>GN</arg>
<arg>GP</arg>
<arg>GQ</arg>
<arg>GR</arg>
<arg>GS</arg>
<arg>GT</arg>
<arg>GU</arg>
<arg>GW</arg>
<arg>GY</arg>
<arg>HK</arg>
<arg>HM</arg>
<arg>HN</arg>
<arg>HR</arg>
<arg>HT</arg>
<arg>HU</arg>
<arg>ID</arg>
<arg>IE</arg>
<arg>IL</arg>
<arg>IM</arg>
<arg>IN</arg>
<arg>IO</arg>
<arg>IQ</arg>
<arg>IR</arg>
<arg>IS</arg>
<arg>IT</arg>
<arg>JE</arg>
<arg>JM</arg>
<arg>JO</arg>
<arg>JP</arg>
<arg>KE</arg>
<arg>KG</arg>
<arg>KH</arg>
<arg>KI</arg>
<arg>KM</arg>
<arg>KN</arg>
<arg>KP</arg>
<arg>KR</arg>
<arg>KW</arg>
<arg>KY</arg>
<arg>KZ</arg>
<arg>LA</arg>
<arg>LB</arg>
<arg>LC</arg>
<arg>LI</arg>
<arg>LK</arg>
<arg>LR</arg>
<arg>LS</arg>
<arg>LT</arg>
<arg>LU</arg>
<arg>LV</arg>
<arg>LY</arg>
<arg>MA</arg>
<arg>MC</arg>
<arg>MD</arg>
<arg>ME</arg>
<arg>MF</arg>
<arg>MG</arg>
<arg>MH</arg>
<arg>MK</arg>
<arg>ML</arg>
<arg>MM</arg>
<arg>MN</arg>
<arg>MO</arg>
<arg>MP</arg>
<arg>MQ</arg>
<arg>MR</arg>
<arg>MS</arg>
<arg>MT</arg>
<arg>MU</arg>
<arg>MV</arg>
<arg>MW</arg>
<arg>MX</arg>
<arg>MY</arg>
<arg>MZ</arg>
<arg>NA</arg>
<arg>NC</arg>
<arg>NE</arg>
<arg>NF</arg>
<arg>NG</arg>
<arg>NI</arg>
<arg>NL</arg>
<arg>NO</arg>
<arg>NP</arg>
<arg>NR</arg>
<arg>NU</arg>
<arg>NZ</arg>
<arg>OM</arg>
<arg>PA</arg>
<arg>PE</arg>
<arg>PF</arg>
<arg>PG</arg>
<arg>PH</arg>
<arg>PK</arg>
<arg>PL</arg>
<arg>PM</arg>
<arg>PN</arg>
<arg>PR</arg>
<arg>PS</arg>
<arg>PT</arg>
<arg>PW</arg>
<arg>PY</arg>
<arg>QA</arg>
<arg>RE</arg>
<arg>RO</arg>
<arg>RS</arg>
<arg>RU</arg>
<arg>RW</arg>
<arg>SA</arg>
<arg>SB</arg>
<arg>SC</arg>
<arg>SD</arg>
<arg>SE</arg>
<arg>SG</arg>
<arg>SH</arg>
<arg>SI</arg>
<arg>SJ</arg>
<arg>SK</arg>
<arg>SL</arg>
<arg>SM</arg>
<arg>SN</arg>
<arg>SO</arg>
<arg>SR</arg>
<arg>SS</arg>
<arg>ST</arg>
<arg>SV</arg>
<arg>SX</arg>
<arg>SY</arg>
<arg>SZ</arg>
<arg>TC</arg>
<arg>TD</arg>
<arg>TF</arg>
<arg>TG</arg>
<arg>TH</arg>
<arg>TJ</arg>
<arg>TK</arg>
<arg>TL</arg>
<arg>TM</arg>
<arg>TN</arg>
<arg>TO</arg>
<arg>TR</arg>
<arg>TT</arg>
<arg>TV</arg>
<arg>TW</arg>
<arg>TZ</arg>
<arg>UA</arg>
<arg>UG</arg>
<arg>UM</arg>
<arg>US</arg>
<arg>UY</arg>
<arg>UZ</arg>
<arg>VA</arg>
<arg>VC</arg>
<arg>VE</arg>
<arg>VG</arg>
<arg>VI</arg>
<arg>VN</arg>
<arg>VU</arg>
<arg>WF</arg>
<arg>WS</arg>
<arg>XK</arg>
<arg>YE</arg>
<arg>YT</arg>
<arg>ZA</arg>
<arg>ZM</arg>
<arg>ZW</arg>
<doc>Returns a list containing given items.</doc>
<status status="PASS" start="2024-05-25T12:25:46.505840" elapsed="0.000745"/>
</kw>
<kw name="List Should Contain Value" owner="Collections">
<msg time="2024-05-25T12:25:46.507653" level="INFO">False</msg>
<arg>${list_country}</arg>
<arg>${name_country}</arg>
<doc>Fails if the ``value`` is not found from ``list``.</doc>
<status status="PASS" start="2024-05-25T12:25:46.507440" elapsed="0.000268"/>
</kw>
<kw name="Run Keyword If" owner="BuiltIn">
<kw name="Should Be True" owner="BuiltIn">
<arg>${True}</arg>
<doc>Fails if the given condition is not true.</doc>
<status status="PASS" start="2024-05-25T12:25:46.508770" elapsed="0.000143"/>
</kw>
<arg>${json_data["results"][0]["location"]["coordinates"]["latitude"]} &gt;= -90 and ${json_data["results"][0]["location"]["coordinates"]["latitude"]} &lt;= 90</arg>
<arg>Should Be True</arg>
<arg>${True}</arg>
<doc>Runs the given keyword with the given arguments, if ``condition`` is true.</doc>
<status status="PASS" start="2024-05-25T12:25:46.508015" elapsed="0.001025"/>
</kw>
<kw name="Run Keyword If" owner="BuiltIn">
<kw name="Should Be True" owner="BuiltIn">
<arg>${True}</arg>
<doc>Fails if the given condition is not true.</doc>
<status status="PASS" start="2024-05-25T12:25:46.509962" elapsed="0.000246"/>
</kw>
<arg>${json_data["results"][0]["location"]["coordinates"]["longitude"]} &gt;= -180 and ${json_data["results"][0]["location"]["coordinates"]["longitude"]} &lt;= 180</arg>
<arg>Should Be True</arg>
<arg>${True}</arg>
<doc>Runs the given keyword with the given arguments, if ``condition`` is true.</doc>
<status status="PASS" start="2024-05-25T12:25:46.509248" elapsed="0.001085"/>
</kw>
<status status="PASS" start="2024-05-25T12:25:46.408433" elapsed="0.102027"/>
</kw>
<doc>Testa o conteúdo específico dos campos retornados pela API.</doc>
<tag>testeConteudo</tag>
<status status="PASS" start="2024-05-25T12:25:46.407969" elapsed="0.102632"/>
</test>
<status status="PASS" start="2024-05-25T12:25:45.544256" elapsed="0.968303"/>
</suite>
<status status="PASS" start="2024-05-25T12:25:45.530818" elapsed="0.987753"/>
</suite>
<statistics>
<total>
<stat pass="5" fail="0" skip="0">All Tests</stat>
</total>
<tag>
<stat pass="1" fail="0" skip="0">testeConteudo</stat>
<stat pass="1" fail="0" skip="0">testeEstruturaResposta</stat>
<stat pass="1" fail="0" skip="0">testeRequisicaoBasica</stat>
<stat pass="1" fail="0" skip="0">testeTiposDados</stat>
</tag>
<suite>
<stat pass="5" fail="0" skip="0" id="s1" name="Tests">Tests</stat>
<stat pass="5" fail="0" skip="0" id="s1-s1" name="Random-User-Test">Tests.Random-User-Test</stat>
</suite>
</statistics>
<errors>
</errors>
</robot>
