<?xml version="1.0" encoding="UTF-8"?>
<robot generator="Robot 7.0.1 (Python 3.12.4 on linux)" generated="2024-07-30T18:20:17.562593" rpa="false" schemaversion="5">
<suite id="s1" name="Tests" source="/home/runner/work/ApiRandomUser/ApiRandomUser/RamdonUser/tests">
<suite id="s1-s1" name="Random-User-Test" source="/home/runner/work/ApiRandomUser/ApiRandomUser/RamdonUser/tests/random-user-test.robot">
<test id="s1-s1-t1" name="Conectar" line="13">
<kw name="Conectar API" owner="random-user-service">
<kw name="Create Session" owner="RequestsLibrary">
<msg time="2024-07-30T18:20:17.972215" level="INFO">Creating Session using : alias=consultarAPI, url=https://randomuser.me/, headers={},                     cookies={}, auth=None, timeout=None, proxies=None, verify=False,                     debug=0 </msg>
<arg>consultarAPI</arg>
<arg>${URL}</arg>
<doc>Create Session: create a HTTP session to a server</doc>
<status status="PASS" start="2024-07-30T18:20:17.972021" elapsed="0.000377"/>
</kw>
<status status="PASS" start="2024-07-30T18:20:17.970984" elapsed="0.001775"/>
</kw>
<status status="PASS" start="2024-07-30T18:20:17.970451" elapsed="0.002539"/>
</test>
<test id="s1-s1-t2" name="Validar retorno 200 e JSON Válido" line="16">
<kw name="Teste de Requisicao Basica" owner="random-user-service">
<kw name="GET On Session" owner="RequestsLibrary">
<msg time="2024-07-30T18:20:22.389123" level="INFO">GET Request : url=https://randomuser.me/api 
 path_url=/api 
 headers={'User-Agent': 'python-requests/2.32.3', 'Accept-Encoding': 'gzip, deflate', 'Accept': '*/*', 'Connection': 'keep-alive'} 
 body=None 
 </msg>
<msg time="2024-07-30T18:20:22.389288" level="INFO">GET Response : url=https://randomuser.me/api 
 status=200, reason=OK 
 headers={'Date': 'Tue, 30 Jul 2024 18:20:22 GMT', 'Content-Type': 'application/json; charset=utf-8', 'Transfer-Encoding': 'chunked', 'Connection': 'keep-alive', 'X-Powered-By': 'Express', 'Access-Control-Allow-Origin': '*', 'Cache-Control': 'no-cache', 'ETag': 'W/"49a-VHbKguuEJDwJBzZrPNYNLfrNh7w"', 'Vary': 'Accept-Encoding', 'Content-Encoding': 'gzip', 'CF-Cache-Status': 'DYNAMIC', 'Report-To': '{"endpoints":[{"url":"https:\\/\\/a.nel.cloudflare.com\\/report\\/v4?s=Ac%2B3iplk8JTOhkz5uunCj5TNmcTE03xKpSm1A9UDRl9C046vwDmxnaBdPUbeutijy%2BmuBrQJgBIHEaK8s4jF%2BfhVF5NWMDaEayOUMU2rHCdlkOX%2F03Utlse2uLsUtThy"}],"group":"cf-nel","max_age":604800}', 'NEL': '{"success_fraction":0,"report_to":"cf-nel","max_age":604800}', 'Server': 'cloudflare', 'CF-RAY': '8ab75ca4cb092ab0-LAX', 'alt-svc': 'h3=":443"; ma=86400'} 
 body={"results":[{"gender":"male","name":{"title":"Mr","first":"Edmur","last":"Fogaça"},"location":{"street":{"number":7236,"name":"Rua Quatro"},"city":"João Pessoa","state":"Rio Grande do Sul","country":"Brazil","postcode":13492,"coordinates":{"latitude":"-80.8850","longitude":"-26.4250"},"timezone":{"offset":"+4:00","description":"Abu Dhabi, Muscat, Baku, Tbilisi"}},"email":"edmur.fogaca@example.com","login":{"uuid":"57ab87b0-fb07-4cae-adc5-842b883aa870","username":"smallgoose564","password":"soprano","salt":"0TaCXP6i","md5":"4f0e045374fc7553148e45d80e6aea52","sha1":"4ed68e142434192fc08770a26475bb146c1cd715","sha256":"20c664b39375a0eaf52cc062ea63ca9677bcc10a51d6ef20a12d243e05d801b8"},"dob":{"date":"1960-07-29T13:39:52.020Z","age":64},"registered":{"date":"2005-03-18T14:57:48.736Z","age":19},"phone":"(55) 1665-4088","cell":"(60) 2934-9342","id":{"name":"CPF","value":"373.159.550-35"},"picture":{"large":"https://randomuser.me/api/portraits/men/72.jpg","medium":"https://randomuser.me/api/portraits/med/men/72.jpg","thumbnail":"https://randomuser.me/api/portraits/thumb/men/72.jpg"},"nat":"BR"}],"info":{"seed":"773bfc2933971901","results":1,"page":1,"version":"1.4"}} 
 </msg>
<msg time="2024-07-30T18:20:22.389370" level="INFO">/opt/hostedtoolcache/Python/3.12.4/x64/lib/python3.12/site-packages/urllib3/connectionpool.py:1099: InsecureRequestWarning: Unverified HTTPS request is being made to host 'randomuser.me'. Adding certificate verification is strongly advised. See: https://urllib3.readthedocs.io/en/latest/advanced-usage.html#tls-warnings
  warnings.warn(</msg>
<msg time="2024-07-30T18:20:22.389503" level="INFO">${response} = &lt;Response [200]&gt;</msg>
<var>${response}</var>
<arg>consultarAPI</arg>
<arg>/api</arg>
<doc>Sends a GET request on a previously created HTTP Session.</doc>
<status status="PASS" start="2024-07-30T18:20:17.975514" elapsed="4.414031"/>
</kw>
<kw name="Should Be Equal As Numbers" owner="BuiltIn">
<msg time="2024-07-30T18:20:22.390561" level="INFO">Argument types are:
&lt;class 'int'&gt;
&lt;class 'str'&gt;</msg>
<arg>${response.status_code}</arg>
<arg>200</arg>
<doc>Fails if objects are unequal after converting them to real numbers.</doc>
<status status="PASS" start="2024-07-30T18:20:22.390106" elapsed="0.000518"/>
</kw>
<kw name="Log" owner="BuiltIn">
<msg time="2024-07-30T18:20:22.391293" level="INFO">200</msg>
<arg>${response.status_code}</arg>
<doc>Logs the given message with the given level.</doc>
<status status="PASS" start="2024-07-30T18:20:22.390944" elapsed="0.000390"/>
</kw>
<kw name="Set Variable" owner="BuiltIn">
<msg time="2024-07-30T18:20:22.392076" level="INFO">${json_data} = {'results': [{'gender': 'male', 'name': {'title': 'Mr', 'first': 'Edmur', 'last': 'Fogaça'}, 'location': {'street': {'number': 7236, 'name': 'Rua Quatro'}, 'city': 'João Pessoa', 'state': 'Rio Grande ...</msg>
<var>${json_data}</var>
<arg>${response.json()}</arg>
<doc>Returns the given values which can then be assigned to a variables.</doc>
<status status="PASS" start="2024-07-30T18:20:22.391635" elapsed="0.000469"/>
</kw>
<kw name="Dictionary Should Contain Key" owner="Collections">
<arg>${json_data}</arg>
<arg>results</arg>
<doc>Fails if ``key`` is not found from ``dictionary``.</doc>
<status status="PASS" start="2024-07-30T18:20:22.392403" elapsed="0.000322"/>
</kw>
<status status="PASS" start="2024-07-30T18:20:17.975269" elapsed="4.417659"/>
</kw>
<doc>Testa se a API responde corretamente e retorna um objeto JSON válido.</doc>
<tag>testeRequisicaoBasica</tag>
<status status="PASS" start="2024-07-30T18:20:17.974819" elapsed="4.418286"/>
</test>
<test id="s1-s1-t3" name="Validar estrutura de resposta" line="22">
<kw name="Teste de Estrutura de Resposta" owner="random-user-service">
<kw name="GET On Session" owner="RequestsLibrary">
<msg time="2024-07-30T18:20:26.046990" level="INFO">GET Request : url=https://randomuser.me/api 
 path_url=/api 
 headers={'User-Agent': 'python-requests/2.32.3', 'Accept-Encoding': 'gzip, deflate', 'Accept': '*/*', 'Connection': 'keep-alive'} 
 body=None 
 </msg>
<msg time="2024-07-30T18:20:26.047101" level="INFO">GET Response : url=https://randomuser.me/api 
 status=200, reason=OK 
 headers={'Date': 'Tue, 30 Jul 2024 18:20:26 GMT', 'Content-Type': 'application/json; charset=utf-8', 'Transfer-Encoding': 'chunked', 'Connection': 'keep-alive', 'X-Powered-By': 'Express', 'Access-Control-Allow-Origin': '*', 'Cache-Control': 'no-cache', 'ETag': 'W/"4a8-v6njBc14Dg62QNeT1o0oKLEUAEc"', 'Vary': 'Accept-Encoding', 'Content-Encoding': 'gzip', 'CF-Cache-Status': 'DYNAMIC', 'Report-To': '{"endpoints":[{"url":"https:\\/\\/a.nel.cloudflare.com\\/report\\/v4?s=TbGuZZ4vwbd12FoTJ0TOucIFDhUVI4uUbr5Yek8U%2F3r%2B7QolnClH5E7CHVHN5kiAYasD58yUhEAud9vfe5OW6DYxJXBhLLCw4ErX4EQ4%2BLzLjqq43bqpwyM1lghglych"}],"group":"cf-nel","max_age":604800}', 'NEL': '{"success_fraction":0,"report_to":"cf-nel","max_age":604800}', 'Server': 'cloudflare', 'CF-RAY': '8ab75cc009c02ab0-LAX', 'alt-svc': 'h3=":443"; ma=86400'} 
 body={"results":[{"gender":"male","name":{"title":"Mr","first":"Ramses","last":"Páez"},"location":{"street":{"number":7518,"name":"Peatonal Norte Santana"},"city":"Concepción del Oro","state":"Coahuila","country":"Mexico","postcode":24406,"coordinates":{"latitude":"27.0511","longitude":"-14.4322"},"timezone":{"offset":"+3:00","description":"Baghdad, Riyadh, Moscow, St. Petersburg"}},"email":"ramses.paez@example.com","login":{"uuid":"ca9cb332-b0be-4533-98cf-1fb48b808f15","username":"smallzebra189","password":"kaitlyn","salt":"QaU6uooe","md5":"67917321c4e34a8c4ca06e53d85a3783","sha1":"bfca7056d70077045b33733ab91c906ac9502aa2","sha256":"2956e264303f9cece81233455fc2f0dd08ff8eae9db94d17d5183d8004832097"},"dob":{"date":"2000-11-14T18:01:02.710Z","age":23},"registered":{"date":"2017-03-20T20:21:55.479Z","age":7},"phone":"(656) 505 9036","cell":"(674) 121 3602","id":{"name":"NSS","value":"10 27 74 1834 3"},"picture":{"large":"https://randomuser.me/api/portraits/men/26.jpg","medium":"https://randomuser.me/api/portraits/med/men/26.jpg","thumbnail":"https://randomuser.me/api/portraits/thumb/men/26.jpg"},"nat":"MX"}],"info":{"seed":"0b2c54bdedc3af42","results":1,"page":1,"version":"1.4"}} 
 </msg>
<msg time="2024-07-30T18:20:26.047235" level="INFO">/opt/hostedtoolcache/Python/3.12.4/x64/lib/python3.12/site-packages/urllib3/connectionpool.py:1099: InsecureRequestWarning: Unverified HTTPS request is being made to host 'randomuser.me'. Adding certificate verification is strongly advised. See: https://urllib3.readthedocs.io/en/latest/advanced-usage.html#tls-warnings
  warnings.warn(</msg>
<msg time="2024-07-30T18:20:26.047372" level="INFO">${response} = &lt;Response [200]&gt;</msg>
<var>${response}</var>
<arg>consultarAPI</arg>
<arg>/api</arg>
<doc>Sends a GET request on a previously created HTTP Session.</doc>
<status status="PASS" start="2024-07-30T18:20:22.395631" elapsed="3.651780"/>
</kw>
<kw name="Set Variable" owner="BuiltIn">
<msg time="2024-07-30T18:20:26.048542" level="INFO">${json_data} = {'results': [{'gender': 'male', 'name': {'title': 'Mr', 'first': 'Ramses', 'last': 'Páez'}, 'location': {'street': {'number': 7518, 'name': 'Peatonal Norte Santana'}, 'city': 'Concepción del Oro', 'st...</msg>
<var>${json_data}</var>
<arg>${response.json()}</arg>
<doc>Returns the given values which can then be assigned to a variables.</doc>
<status status="PASS" start="2024-07-30T18:20:26.048020" elapsed="0.000552"/>
</kw>
<kw name="Log" owner="BuiltIn">
<msg time="2024-07-30T18:20:26.049103" level="INFO">{'results': [{'gender': 'male', 'name': {'title': 'Mr', 'first': 'Ramses', 'last': 'Páez'}, 'location': {'street': {'number': 7518, 'name': 'Peatonal Norte Santana'}, 'city': 'Concepción del Oro', 'state': 'Coahuila', 'country': 'Mexico', 'postcode': 24406, 'coordinates': {'latitude': '27.0511', 'longitude': '-14.4322'}, 'timezone': {'offset': '+3:00', 'description': 'Baghdad, Riyadh, Moscow, St. Petersburg'}}, 'email': 'ramses.paez@example.com', 'login': {'uuid': 'ca9cb332-b0be-4533-98cf-1fb48b808f15', 'username': 'smallzebra189', 'password': 'kaitlyn', 'salt': 'QaU6uooe', 'md5': '67917321c4e34a8c4ca06e53d85a3783', 'sha1': 'bfca7056d70077045b33733ab91c906ac9502aa2', 'sha256': '2956e264303f9cece81233455fc2f0dd08ff8eae9db94d17d5183d8004832097'}, 'dob': {'date': '2000-11-14T18:01:02.710Z', 'age': 23}, 'registered': {'date': '2017-03-20T20:21:55.479Z', 'age': 7}, 'phone': '(656) 505 9036', 'cell': '(674) 121 3602', 'id': {'name': 'NSS', 'value': '10 27 74 1834 3'}, 'picture': {'large': 'https://randomuser.me/api/portraits/men/26.jpg', 'medium': 'https://randomuser.me/api/portraits/med/men/26.jpg', 'thumbnail': 'https://randomuser.me/api/portraits/thumb/men/26.jpg'}, 'nat': 'MX'}], 'info': {'seed': '0b2c54bdedc3af42', 'results': 1, 'page': 1, 'version': '1.4'}}</msg>
<arg>${json_data}</arg>
<doc>Logs the given message with the given level.</doc>
<status status="PASS" start="2024-07-30T18:20:26.048929" elapsed="0.000224"/>
</kw>
<kw name="Dictionary Should Contain Key" owner="Collections">
<arg>${json_data}</arg>
<arg>results</arg>
<doc>Fails if ``key`` is not found from ``dictionary``.</doc>
<status status="PASS" start="2024-07-30T18:20:26.049449" elapsed="0.000163"/>
</kw>
<kw name="Should Not Be Empty" owner="BuiltIn">
<msg time="2024-07-30T18:20:26.049923" level="INFO">Length is 2.</msg>
<arg>${json_data}</arg>
<doc>Verifies that the given item is not empty.</doc>
<status status="PASS" start="2024-07-30T18:20:26.049795" elapsed="0.000169"/>
</kw>
<kw name="Create List" owner="BuiltIn">
<msg time="2024-07-30T18:20:26.050402" level="INFO">${expected_keys} = ['gender', 'name', 'location', 'email', 'login']</msg>
<var>${expected_keys}</var>
<arg>gender</arg>
<arg>name</arg>
<arg>location</arg>
<arg>email</arg>
<arg>login</arg>
<doc>Returns a list containing given items.</doc>
<status status="PASS" start="2024-07-30T18:20:26.050251" elapsed="0.000176"/>
</kw>
<for flavor="IN">
<iter>
<kw name="Dictionary Should Contain Key" owner="Collections">
<arg>${json_data['results'][0]}</arg>
<arg>${key}</arg>
<doc>Fails if ``key`` is not found from ``dictionary``.</doc>
<status status="PASS" start="2024-07-30T18:20:26.051015" elapsed="0.000412"/>
</kw>
<kw name="Log" owner="BuiltIn">
<msg time="2024-07-30T18:20:26.051976" level="INFO">{'gender': 'male', 'name': {'title': 'Mr', 'first': 'Ramses', 'last': 'Páez'}, 'location': {'street': {'number': 7518, 'name': 'Peatonal Norte Santana'}, 'city': 'Concepción del Oro', 'state': 'Coahuila', 'country': 'Mexico', 'postcode': 24406, 'coordinates': {'latitude': '27.0511', 'longitude': '-14.4322'}, 'timezone': {'offset': '+3:00', 'description': 'Baghdad, Riyadh, Moscow, St. Petersburg'}}, 'email': 'ramses.paez@example.com', 'login': {'uuid': 'ca9cb332-b0be-4533-98cf-1fb48b808f15', 'username': 'smallzebra189', 'password': 'kaitlyn', 'salt': 'QaU6uooe', 'md5': '67917321c4e34a8c4ca06e53d85a3783', 'sha1': 'bfca7056d70077045b33733ab91c906ac9502aa2', 'sha256': '2956e264303f9cece81233455fc2f0dd08ff8eae9db94d17d5183d8004832097'}, 'dob': {'date': '2000-11-14T18:01:02.710Z', 'age': 23}, 'registered': {'date': '2017-03-20T20:21:55.479Z', 'age': 7}, 'phone': '(656) 505 9036', 'cell': '(674) 121 3602', 'id': {'name': 'NSS', 'value': '10 27 74 1834 3'}, 'picture': {'large': 'https://randomuser.me/api/portraits/men/26.jpg', 'medium': 'https://randomuser.me/api/portraits/med/men/26.jpg', 'thumbnail': 'https://randomuser.me/api/portraits/thumb/men/26.jpg'}, 'nat': 'MX'}</msg>
<arg>${json_data['results'][0]}</arg>
<doc>Logs the given message with the given level.</doc>
<status status="PASS" start="2024-07-30T18:20:26.051612" elapsed="0.000414"/>
</kw>
<kw name="Log" owner="BuiltIn">
<msg time="2024-07-30T18:20:26.052456" level="INFO">gender</msg>
<arg>${key}</arg>
<doc>Logs the given message with the given level.</doc>
<status status="PASS" start="2024-07-30T18:20:26.052326" elapsed="0.000169"/>
</kw>
<var name="${key}">gender</var>
<status status="PASS" start="2024-07-30T18:20:26.050886" elapsed="0.001827"/>
</iter>
<iter>
<kw name="Dictionary Should Contain Key" owner="Collections">
<arg>${json_data['results'][0]}</arg>
<arg>${key}</arg>
<doc>Fails if ``key`` is not found from ``dictionary``.</doc>
<status status="PASS" start="2024-07-30T18:20:26.053032" elapsed="0.000385"/>
</kw>
<kw name="Log" owner="BuiltIn">
<msg time="2024-07-30T18:20:26.054000" level="INFO">{'gender': 'male', 'name': {'title': 'Mr', 'first': 'Ramses', 'last': 'Páez'}, 'location': {'street': {'number': 7518, 'name': 'Peatonal Norte Santana'}, 'city': 'Concepción del Oro', 'state': 'Coahuila', 'country': 'Mexico', 'postcode': 24406, 'coordinates': {'latitude': '27.0511', 'longitude': '-14.4322'}, 'timezone': {'offset': '+3:00', 'description': 'Baghdad, Riyadh, Moscow, St. Petersburg'}}, 'email': 'ramses.paez@example.com', 'login': {'uuid': 'ca9cb332-b0be-4533-98cf-1fb48b808f15', 'username': 'smallzebra189', 'password': 'kaitlyn', 'salt': 'QaU6uooe', 'md5': '67917321c4e34a8c4ca06e53d85a3783', 'sha1': 'bfca7056d70077045b33733ab91c906ac9502aa2', 'sha256': '2956e264303f9cece81233455fc2f0dd08ff8eae9db94d17d5183d8004832097'}, 'dob': {'date': '2000-11-14T18:01:02.710Z', 'age': 23}, 'registered': {'date': '2017-03-20T20:21:55.479Z', 'age': 7}, 'phone': '(656) 505 9036', 'cell': '(674) 121 3602', 'id': {'name': 'NSS', 'value': '10 27 74 1834 3'}, 'picture': {'large': 'https://randomuser.me/api/portraits/men/26.jpg', 'medium': 'https://randomuser.me/api/portraits/med/men/26.jpg', 'thumbnail': 'https://randomuser.me/api/portraits/thumb/men/26.jpg'}, 'nat': 'MX'}</msg>
<arg>${json_data['results'][0]}</arg>
<doc>Logs the given message with the given level.</doc>
<status status="PASS" start="2024-07-30T18:20:26.053635" elapsed="0.000414"/>
</kw>
<kw name="Log" owner="BuiltIn">
<msg time="2024-07-30T18:20:26.054474" level="INFO">name</msg>
<arg>${key}</arg>
<doc>Logs the given message with the given level.</doc>
<status status="PASS" start="2024-07-30T18:20:26.054344" elapsed="0.000168"/>
</kw>
<var name="${key}">name</var>
<status status="PASS" start="2024-07-30T18:20:26.052919" elapsed="0.001809"/>
</iter>
<iter>
<kw name="Dictionary Should Contain Key" owner="Collections">
<arg>${json_data['results'][0]}</arg>
<arg>${key}</arg>
<doc>Fails if ``key`` is not found from ``dictionary``.</doc>
<status status="PASS" start="2024-07-30T18:20:26.055011" elapsed="0.000378"/>
</kw>
<kw name="Log" owner="BuiltIn">
<msg time="2024-07-30T18:20:26.055936" level="INFO">{'gender': 'male', 'name': {'title': 'Mr', 'first': 'Ramses', 'last': 'Páez'}, 'location': {'street': {'number': 7518, 'name': 'Peatonal Norte Santana'}, 'city': 'Concepción del Oro', 'state': 'Coahuila', 'country': 'Mexico', 'postcode': 24406, 'coordinates': {'latitude': '27.0511', 'longitude': '-14.4322'}, 'timezone': {'offset': '+3:00', 'description': 'Baghdad, Riyadh, Moscow, St. Petersburg'}}, 'email': 'ramses.paez@example.com', 'login': {'uuid': 'ca9cb332-b0be-4533-98cf-1fb48b808f15', 'username': 'smallzebra189', 'password': 'kaitlyn', 'salt': 'QaU6uooe', 'md5': '67917321c4e34a8c4ca06e53d85a3783', 'sha1': 'bfca7056d70077045b33733ab91c906ac9502aa2', 'sha256': '2956e264303f9cece81233455fc2f0dd08ff8eae9db94d17d5183d8004832097'}, 'dob': {'date': '2000-11-14T18:01:02.710Z', 'age': 23}, 'registered': {'date': '2017-03-20T20:21:55.479Z', 'age': 7}, 'phone': '(656) 505 9036', 'cell': '(674) 121 3602', 'id': {'name': 'NSS', 'value': '10 27 74 1834 3'}, 'picture': {'large': 'https://randomuser.me/api/portraits/men/26.jpg', 'medium': 'https://randomuser.me/api/portraits/med/men/26.jpg', 'thumbnail': 'https://randomuser.me/api/portraits/thumb/men/26.jpg'}, 'nat': 'MX'}</msg>
<arg>${json_data['results'][0]}</arg>
<doc>Logs the given message with the given level.</doc>
<status status="PASS" start="2024-07-30T18:20:26.055585" elapsed="0.000401"/>
</kw>
<kw name="Log" owner="BuiltIn">
<msg time="2024-07-30T18:20:26.056413" level="INFO">location</msg>
<arg>${key}</arg>
<doc>Logs the given message with the given level.</doc>
<status status="PASS" start="2024-07-30T18:20:26.056284" elapsed="0.000166"/>
</kw>
<var name="${key}">location</var>
<status status="PASS" start="2024-07-30T18:20:26.054903" elapsed="0.001762"/>
</iter>
<iter>
<kw name="Dictionary Should Contain Key" owner="Collections">
<arg>${json_data['results'][0]}</arg>
<arg>${key}</arg>
<doc>Fails if ``key`` is not found from ``dictionary``.</doc>
<status status="PASS" start="2024-07-30T18:20:26.056984" elapsed="0.000396"/>
</kw>
<kw name="Log" owner="BuiltIn">
<msg time="2024-07-30T18:20:26.058049" level="INFO">{'gender': 'male', 'name': {'title': 'Mr', 'first': 'Ramses', 'last': 'Páez'}, 'location': {'street': {'number': 7518, 'name': 'Peatonal Norte Santana'}, 'city': 'Concepción del Oro', 'state': 'Coahuila', 'country': 'Mexico', 'postcode': 24406, 'coordinates': {'latitude': '27.0511', 'longitude': '-14.4322'}, 'timezone': {'offset': '+3:00', 'description': 'Baghdad, Riyadh, Moscow, St. Petersburg'}}, 'email': 'ramses.paez@example.com', 'login': {'uuid': 'ca9cb332-b0be-4533-98cf-1fb48b808f15', 'username': 'smallzebra189', 'password': 'kaitlyn', 'salt': 'QaU6uooe', 'md5': '67917321c4e34a8c4ca06e53d85a3783', 'sha1': 'bfca7056d70077045b33733ab91c906ac9502aa2', 'sha256': '2956e264303f9cece81233455fc2f0dd08ff8eae9db94d17d5183d8004832097'}, 'dob': {'date': '2000-11-14T18:01:02.710Z', 'age': 23}, 'registered': {'date': '2017-03-20T20:21:55.479Z', 'age': 7}, 'phone': '(656) 505 9036', 'cell': '(674) 121 3602', 'id': {'name': 'NSS', 'value': '10 27 74 1834 3'}, 'picture': {'large': 'https://randomuser.me/api/portraits/men/26.jpg', 'medium': 'https://randomuser.me/api/portraits/med/men/26.jpg', 'thumbnail': 'https://randomuser.me/api/portraits/thumb/men/26.jpg'}, 'nat': 'MX'}</msg>
<arg>${json_data['results'][0]}</arg>
<doc>Logs the given message with the given level.</doc>
<status status="PASS" start="2024-07-30T18:20:26.057690" elapsed="0.000409"/>
</kw>
<kw name="Log" owner="BuiltIn">
<msg time="2024-07-30T18:20:26.058530" level="INFO">email</msg>
<arg>${key}</arg>
<doc>Logs the given message with the given level.</doc>
<status status="PASS" start="2024-07-30T18:20:26.058399" elapsed="0.000169"/>
</kw>
<var name="${key}">email</var>
<status status="PASS" start="2024-07-30T18:20:26.056867" elapsed="0.001916"/>
</iter>
<iter>
<kw name="Dictionary Should Contain Key" owner="Collections">
<arg>${json_data['results'][0]}</arg>
<arg>${key}</arg>
<doc>Fails if ``key`` is not found from ``dictionary``.</doc>
<status status="PASS" start="2024-07-30T18:20:26.059063" elapsed="0.000375"/>
</kw>
<kw name="Log" owner="BuiltIn">
<msg time="2024-07-30T18:20:26.059982" level="INFO">{'gender': 'male', 'name': {'title': 'Mr', 'first': 'Ramses', 'last': 'Páez'}, 'location': {'street': {'number': 7518, 'name': 'Peatonal Norte Santana'}, 'city': 'Concepción del Oro', 'state': 'Coahuila', 'country': 'Mexico', 'postcode': 24406, 'coordinates': {'latitude': '27.0511', 'longitude': '-14.4322'}, 'timezone': {'offset': '+3:00', 'description': 'Baghdad, Riyadh, Moscow, St. Petersburg'}}, 'email': 'ramses.paez@example.com', 'login': {'uuid': 'ca9cb332-b0be-4533-98cf-1fb48b808f15', 'username': 'smallzebra189', 'password': 'kaitlyn', 'salt': 'QaU6uooe', 'md5': '67917321c4e34a8c4ca06e53d85a3783', 'sha1': 'bfca7056d70077045b33733ab91c906ac9502aa2', 'sha256': '2956e264303f9cece81233455fc2f0dd08ff8eae9db94d17d5183d8004832097'}, 'dob': {'date': '2000-11-14T18:01:02.710Z', 'age': 23}, 'registered': {'date': '2017-03-20T20:21:55.479Z', 'age': 7}, 'phone': '(656) 505 9036', 'cell': '(674) 121 3602', 'id': {'name': 'NSS', 'value': '10 27 74 1834 3'}, 'picture': {'large': 'https://randomuser.me/api/portraits/men/26.jpg', 'medium': 'https://randomuser.me/api/portraits/med/men/26.jpg', 'thumbnail': 'https://randomuser.me/api/portraits/thumb/men/26.jpg'}, 'nat': 'MX'}</msg>
<arg>${json_data['results'][0]}</arg>
<doc>Logs the given message with the given level.</doc>
<status status="PASS" start="2024-07-30T18:20:26.059618" elapsed="0.000413"/>
</kw>
<kw name="Log" owner="BuiltIn">
<msg time="2024-07-30T18:20:26.060450" level="INFO">login</msg>
<arg>${key}</arg>
<doc>Logs the given message with the given level.</doc>
<status status="PASS" start="2024-07-30T18:20:26.060323" elapsed="0.000165"/>
</kw>
<var name="${key}">login</var>
<status status="PASS" start="2024-07-30T18:20:26.058955" elapsed="0.001747"/>
</iter>
<var>${key}</var>
<value>@{expected_keys}</value>
<status status="PASS" start="2024-07-30T18:20:26.050691" elapsed="0.010152"/>
</for>
<kw name="Create List" owner="BuiltIn">
<msg time="2024-07-30T18:20:26.061207" level="INFO">${expected_keysTwo} = ['username', 'password']</msg>
<var>${expected_keysTwo}</var>
<arg>username</arg>
<arg>password</arg>
<doc>Returns a list containing given items.</doc>
<status status="PASS" start="2024-07-30T18:20:26.061067" elapsed="0.000165"/>
</kw>
<for flavor="IN">
<iter>
<kw name="Dictionary Should Contain Key" owner="Collections">
<arg>${json_data['results'][0]['login']}</arg>
<arg>${keyTwo}</arg>
<doc>Fails if ``key`` is not found from ``dictionary``.</doc>
<status status="PASS" start="2024-07-30T18:20:26.061735" elapsed="0.000378"/>
</kw>
<kw name="Dictionary Should Contain Key" owner="Collections">
<arg>${json_data['results'][0]['login']}</arg>
<arg>${keyTwo}</arg>
<doc>Fails if ``key`` is not found from ``dictionary``.</doc>
<status status="PASS" start="2024-07-30T18:20:26.062291" elapsed="0.000376"/>
</kw>
<kw name="Log" owner="BuiltIn">
<msg time="2024-07-30T18:20:26.062964" level="INFO">username</msg>
<arg>${keyTwo}</arg>
<doc>Logs the given message with the given level.</doc>
<status status="PASS" start="2024-07-30T18:20:26.062844" elapsed="0.000157"/>
</kw>
<var name="${keyTwo}">username</var>
<status status="PASS" start="2024-07-30T18:20:26.061627" elapsed="0.001590"/>
</iter>
<iter>
<kw name="Dictionary Should Contain Key" owner="Collections">
<arg>${json_data['results'][0]['login']}</arg>
<arg>${keyTwo}</arg>
<doc>Fails if ``key`` is not found from ``dictionary``.</doc>
<status status="PASS" start="2024-07-30T18:20:26.063504" elapsed="0.000372"/>
</kw>
<kw name="Dictionary Should Contain Key" owner="Collections">
<arg>${json_data['results'][0]['login']}</arg>
<arg>${keyTwo}</arg>
<doc>Fails if ``key`` is not found from ``dictionary``.</doc>
<status status="PASS" start="2024-07-30T18:20:26.064053" elapsed="0.000371"/>
</kw>
<kw name="Log" owner="BuiltIn">
<msg time="2024-07-30T18:20:26.064724" level="INFO">password</msg>
<arg>${keyTwo}</arg>
<doc>Logs the given message with the given level.</doc>
<status status="PASS" start="2024-07-30T18:20:26.064598" elapsed="0.000163"/>
</kw>
<var name="${keyTwo}">password</var>
<status status="PASS" start="2024-07-30T18:20:26.063389" elapsed="0.001633"/>
</iter>
<var>${keyTwo}</var>
<value>@{expected_keysTwo}</value>
<status status="PASS" start="2024-07-30T18:20:26.061477" elapsed="0.003666"/>
</for>
<status status="PASS" start="2024-07-30T18:20:22.395397" elapsed="3.669888"/>
</kw>
<doc>Testa a estrutura da resposta da API.</doc>
<tag>testeEstruturaResposta</tag>
<status status="PASS" start="2024-07-30T18:20:22.394898" elapsed="3.670546"/>
</test>
<test id="s1-s1-t4" name="Validar tipos de dados" line="28">
<kw name="Teste de Tipos de Dados" owner="random-user-service">
<kw name="GET On Session" owner="RequestsLibrary">
<msg time="2024-07-30T18:20:28.716091" level="INFO">GET Request : url=https://randomuser.me/api 
 path_url=/api 
 headers={'User-Agent': 'python-requests/2.32.3', 'Accept-Encoding': 'gzip, deflate', 'Accept': '*/*', 'Connection': 'keep-alive'} 
 body=None 
 </msg>
<msg time="2024-07-30T18:20:28.716202" level="INFO">GET Response : url=https://randomuser.me/api 
 status=200, reason=OK 
 headers={'Date': 'Tue, 30 Jul 2024 18:20:28 GMT', 'Content-Type': 'application/json; charset=utf-8', 'Transfer-Encoding': 'chunked', 'Connection': 'keep-alive', 'X-Powered-By': 'Express', 'Access-Control-Allow-Origin': '*', 'Cache-Control': 'no-cache', 'ETag': 'W/"47f-yXvC38iancqc6Xr+T5G8B/FNRWw"', 'Vary': 'Accept-Encoding', 'Content-Encoding': 'gzip', 'CF-Cache-Status': 'DYNAMIC', 'Report-To': '{"endpoints":[{"url":"https:\\/\\/a.nel.cloudflare.com\\/report\\/v4?s=4l6%2B9XKhjXm%2FX6xgUbwT3fNowo9nsXoEhI0bVzhVnBVeEtpHTN2CwqCjRWKtr2t8naD%2BYuhYTEl2K2vEbo0Uu8WML6clumuIWh5%2FBfXn7r4BJKvhNqhlQD25sN%2FqV88B"}],"group":"cf-nel","max_age":604800}', 'NEL': '{"success_fraction":0,"report_to":"cf-nel","max_age":604800}', 'Server': 'cloudflare', 'CF-RAY': '8ab75cd6fc952ab0-LAX', 'alt-svc': 'h3=":443"; ma=86400'} 
 body={"results":[{"gender":"female","name":{"title":"Miss","first":"Bojana","last":"Lazić"},"location":{"street":{"number":745,"name":"Ivka Milosavljevića"},"city":"Vršac","state":"Mačva","country":"Serbia","postcode":87598,"coordinates":{"latitude":"56.0091","longitude":"31.4940"},"timezone":{"offset":"-11:00","description":"Midway Island, Samoa"}},"email":"bojana.lazic@example.com","login":{"uuid":"150014f4-d7a1-4c3b-a1ba-89f51f43b08a","username":"redlion621","password":"pretty","salt":"DPhXmS5e","md5":"f7f2515adbc134992a469eeb1fbef7d2","sha1":"d339327d67a2d79ba09cbb21a525b6d67e4f4806","sha256":"58de3020bb347bedc7b305dbc084a489fd2bb82f8c64477eb4d1f0aecbfe64e2"},"dob":{"date":"2000-04-28T12:47:21.374Z","age":24},"registered":{"date":"2009-04-12T12:09:23.786Z","age":15},"phone":"033-1605-648","cell":"064-6639-332","id":{"name":"SID","value":"798860247"},"picture":{"large":"https://randomuser.me/api/portraits/women/6.jpg","medium":"https://randomuser.me/api/portraits/med/women/6.jpg","thumbnail":"https://randomuser.me/api/portraits/thumb/women/6.jpg"},"nat":"RS"}],"info":{"seed":"2b1e2caf9fd65e0a","results":1,"page":1,"version":"1.4"}} 
 </msg>
<msg time="2024-07-30T18:20:28.716277" level="INFO">/opt/hostedtoolcache/Python/3.12.4/x64/lib/python3.12/site-packages/urllib3/connectionpool.py:1099: InsecureRequestWarning: Unverified HTTPS request is being made to host 'randomuser.me'. Adding certificate verification is strongly advised. See: https://urllib3.readthedocs.io/en/latest/advanced-usage.html#tls-warnings
  warnings.warn(</msg>
<msg time="2024-07-30T18:20:28.716412" level="INFO">${response} = &lt;Response [200]&gt;</msg>
<var>${response}</var>
<arg>consultarAPI</arg>
<arg>/api</arg>
<doc>Sends a GET request on a previously created HTTP Session.</doc>
<status status="PASS" start="2024-07-30T18:20:26.067966" elapsed="2.648481"/>
</kw>
<kw name="Set Variable" owner="BuiltIn">
<msg time="2024-07-30T18:20:28.717577" level="INFO">${json_data} = {'results': [{'gender': 'female', 'name': {'title': 'Miss', 'first': 'Bojana', 'last': 'Lazić'}, 'location': {'street': {'number': 745, 'name': 'Ivka Milosavljevića'}, 'city': 'Vršac', 'state': 'Mačva...</msg>
<var>${json_data}</var>
<arg>${response.json()}</arg>
<doc>Returns the given values which can then be assigned to a variables.</doc>
<status status="PASS" start="2024-07-30T18:20:28.717039" elapsed="0.000568"/>
</kw>
<kw name="Log" owner="BuiltIn">
<msg time="2024-07-30T18:20:28.718086" level="INFO">{'results': [{'gender': 'female', 'name': {'title': 'Miss', 'first': 'Bojana', 'last': 'Lazić'}, 'location': {'street': {'number': 745, 'name': 'Ivka Milosavljevića'}, 'city': 'Vršac', 'state': 'Mačva', 'country': 'Serbia', 'postcode': 87598, 'coordinates': {'latitude': '56.0091', 'longitude': '31.4940'}, 'timezone': {'offset': '-11:00', 'description': 'Midway Island, Samoa'}}, 'email': 'bojana.lazic@example.com', 'login': {'uuid': '150014f4-d7a1-4c3b-a1ba-89f51f43b08a', 'username': 'redlion621', 'password': 'pretty', 'salt': 'DPhXmS5e', 'md5': 'f7f2515adbc134992a469eeb1fbef7d2', 'sha1': 'd339327d67a2d79ba09cbb21a525b6d67e4f4806', 'sha256': '58de3020bb347bedc7b305dbc084a489fd2bb82f8c64477eb4d1f0aecbfe64e2'}, 'dob': {'date': '2000-04-28T12:47:21.374Z', 'age': 24}, 'registered': {'date': '2009-04-12T12:09:23.786Z', 'age': 15}, 'phone': '033-1605-648', 'cell': '064-6639-332', 'id': {'name': 'SID', 'value': '798860247'}, 'picture': {'large': 'https://randomuser.me/api/portraits/women/6.jpg', 'medium': 'https://randomuser.me/api/portraits/med/women/6.jpg', 'thumbnail': 'https://randomuser.me/api/portraits/thumb/women/6.jpg'}, 'nat': 'RS'}], 'info': {'seed': '2b1e2caf9fd65e0a', 'results': 1, 'page': 1, 'version': '1.4'}}</msg>
<arg>${json_data}</arg>
<doc>Logs the given message with the given level.</doc>
<status status="PASS" start="2024-07-30T18:20:28.717915" elapsed="0.000224"/>
</kw>
<kw name="Should Be String" owner="String">
<arg>${json_data['results'][0]['gender']}</arg>
<doc>Fails if the given ``item`` is not a string.</doc>
<status status="PASS" start="2024-07-30T18:20:28.718435" elapsed="0.000367"/>
</kw>
<kw name="Should Match Regexp" owner="BuiltIn">
<arg>${json_data['results'][0]['email']}</arg>
<arg>^[a-zA-Z0-9._%+-]+@[a-zA-Z0-9.-]+\.[a-zA-Z]{2,}$</arg>
<doc>Fails if ``string`` does not match ``pattern`` as a regular expression.</doc>
<status status="PASS" start="2024-07-30T18:20:28.719027" elapsed="0.000525"/>
</kw>
<kw name="Should Match Regexp" owner="BuiltIn">
<arg>${json_data['results'][0]['dob']['date']}</arg>
<arg>\\d{4}-\\d{2}-\\d{2}T\\d{2}:\\d{2}:\\d{2}\\.\\d{3}Z</arg>
<doc>Fails if ``string`` does not match ``pattern`` as a regular expression.</doc>
<status status="PASS" start="2024-07-30T18:20:28.719747" elapsed="0.000625"/>
</kw>
<kw name="Should Match Regexp" owner="BuiltIn">
<arg>${json_data['results'][0]['registered']['date']}</arg>
<arg>\\d{4}-\\d{2}-\\d{2}T\\d{2}:\\d{2}:\\d{2}\\.\\d{3}Z</arg>
<doc>Fails if ``string`` does not match ``pattern`` as a regular expression.</doc>
<status status="PASS" start="2024-07-30T18:20:28.720564" elapsed="0.000399"/>
</kw>
<kw name="Should Match Regexp" owner="BuiltIn">
<arg>${json_data['results'][0]['picture']['large']}</arg>
<arg>^https?://.*\.(?:png|jpe?g|gif|bmp)$</arg>
<doc>Fails if ``string`` does not match ``pattern`` as a regular expression.</doc>
<status status="PASS" start="2024-07-30T18:20:28.721150" elapsed="0.000458"/>
</kw>
<kw name="Should Match Regexp" owner="BuiltIn">
<arg>${json_data['results'][0]['picture']['medium']}</arg>
<arg>^https?://.*\.(?:png|jpe?g|gif|bmp)$</arg>
<doc>Fails if ``string`` does not match ``pattern`` as a regular expression.</doc>
<status status="PASS" start="2024-07-30T18:20:28.721794" elapsed="0.000352"/>
</kw>
<kw name="Should Match Regexp" owner="BuiltIn">
<arg>${json_data['results'][0]['picture']['thumbnail']}</arg>
<arg>^https?://.*\.(?:png|jpe?g|gif|bmp)$</arg>
<doc>Fails if ``string`` does not match ``pattern`` as a regular expression.</doc>
<status status="PASS" start="2024-07-30T18:20:28.722328" elapsed="0.000348"/>
</kw>
<kw name="Log" owner="BuiltIn">
<msg time="2024-07-30T18:20:28.723177" level="INFO">{'large': 'https://randomuser.me/api/portraits/women/6.jpg', 'medium': 'https://randomuser.me/api/portraits/med/women/6.jpg', 'thumbnail': 'https://randomuser.me/api/portraits/thumb/women/6.jpg'}</msg>
<arg>${json_data['results'][0]['picture']}</arg>
<doc>Logs the given message with the given level.</doc>
<status status="PASS" start="2024-07-30T18:20:28.722855" elapsed="0.000364"/>
</kw>
<status status="PASS" start="2024-07-30T18:20:26.067745" elapsed="2.655737"/>
</kw>
<kw name="Teste de Tipos de Dados - Postcode" owner="random-user-service">
<kw name="GET On Session" owner="RequestsLibrary">
<msg time="2024-07-30T18:20:31.884732" level="INFO">GET Request : url=https://randomuser.me/api 
 path_url=/api 
 headers={'User-Agent': 'python-requests/2.32.3', 'Accept-Encoding': 'gzip, deflate', 'Accept': '*/*', 'Connection': 'keep-alive'} 
 body=None 
 </msg>
<msg time="2024-07-30T18:20:31.884878" level="INFO">GET Response : url=https://randomuser.me/api 
 status=200, reason=OK 
 headers={'Date': 'Tue, 30 Jul 2024 18:20:31 GMT', 'Content-Type': 'application/json; charset=utf-8', 'Transfer-Encoding': 'chunked', 'Connection': 'keep-alive', 'X-Powered-By': 'Express', 'Access-Control-Allow-Origin': '*', 'Cache-Control': 'no-cache', 'ETag': 'W/"491-zOIyS/KI22DFGTFw6FO0IhHIch4"', 'Vary': 'Accept-Encoding', 'Content-Encoding': 'gzip', 'CF-Cache-Status': 'DYNAMIC', 'Report-To': '{"endpoints":[{"url":"https:\\/\\/a.nel.cloudflare.com\\/report\\/v4?s=Le0RgRccarRUx%2FEmuiQ3Cm5XdV8akmqOulKMfGJ0FbZQr%2BuVSetIUZfs%2Fx8WEtMM6u2Ufbm%2Fpy9%2BdZoK66bSNHvoCrsNvWn9HnwiyS6Joz9enDp6%2BsDycuu6542HeU4a"}],"group":"cf-nel","max_age":604800}', 'NEL': '{"success_fraction":0,"report_to":"cf-nel","max_age":604800}', 'Server': 'cloudflare', 'CF-RAY': '8ab75ce798c22ab0-LAX', 'alt-svc': 'h3=":443"; ma=86400'} 
 body={"results":[{"gender":"male","name":{"title":"Mr","first":"Fredrik","last":"Butt"},"location":{"street":{"number":2692,"name":"Holgerslystveien"},"city":"Bremsnes","state":"Troms - Romsa","country":"Norway","postcode":"8654","coordinates":{"latitude":"43.7598","longitude":"-159.2224"},"timezone":{"offset":"-4:00","description":"Atlantic Time (Canada), Caracas, La Paz"}},"email":"fredrik.butt@example.com","login":{"uuid":"414451d2-b97a-4032-9c8b-47dd344e70c2","username":"orangepeacock331","password":"sanchez","salt":"TKDOdojL","md5":"3a77c60101f6dda64d799994b02881ce","sha1":"e05bb8c84d1b4905c4eb3f03a49e076e19b533d4","sha256":"27ba6c26089e8228fc8a9f830b42a660b257624384916dee41b6c5af4962808f"},"dob":{"date":"1972-02-08T09:24:41.083Z","age":52},"registered":{"date":"2018-09-02T02:27:49.397Z","age":5},"phone":"32294071","cell":"40532775","id":{"name":"FN","value":"08027209778"},"picture":{"large":"https://randomuser.me/api/portraits/men/81.jpg","medium":"https://randomuser.me/api/portraits/med/men/81.jpg","thumbnail":"https://randomuser.me/api/portraits/thumb/men/81.jpg"},"nat":"NO"}],"info":{"seed":"07b5775820899d65","results":1,"page":1,"version":"1.4"}} 
 </msg>
<msg time="2024-07-30T18:20:31.884981" level="INFO">/opt/hostedtoolcache/Python/3.12.4/x64/lib/python3.12/site-packages/urllib3/connectionpool.py:1099: InsecureRequestWarning: Unverified HTTPS request is being made to host 'randomuser.me'. Adding certificate verification is strongly advised. See: https://urllib3.readthedocs.io/en/latest/advanced-usage.html#tls-warnings
  warnings.warn(</msg>
<msg time="2024-07-30T18:20:31.885129" level="INFO">${response} = &lt;Response [200]&gt;</msg>
<var>${response}</var>
<arg>consultarAPI</arg>
<arg>/api</arg>
<doc>Sends a GET request on a previously created HTTP Session.</doc>
<status status="PASS" start="2024-07-30T18:20:28.723941" elapsed="3.161227"/>
</kw>
<kw name="Set Variable" owner="BuiltIn">
<msg time="2024-07-30T18:20:31.886331" level="INFO">${json_data} = {'results': [{'gender': 'male', 'name': {'title': 'Mr', 'first': 'Fredrik', 'last': 'Butt'}, 'location': {'street': {'number': 2692, 'name': 'Holgerslystveien'}, 'city': 'Bremsnes', 'state': 'Troms - ...</msg>
<var>${json_data}</var>
<arg>${response.json()}</arg>
<doc>Returns the given values which can then be assigned to a variables.</doc>
<status status="PASS" start="2024-07-30T18:20:31.885818" elapsed="0.000540"/>
</kw>
<kw name="Log" owner="BuiltIn">
<msg time="2024-07-30T18:20:31.886829" level="INFO">{'results': [{'gender': 'male', 'name': {'title': 'Mr', 'first': 'Fredrik', 'last': 'Butt'}, 'location': {'street': {'number': 2692, 'name': 'Holgerslystveien'}, 'city': 'Bremsnes', 'state': 'Troms - Romsa', 'country': 'Norway', 'postcode': '8654', 'coordinates': {'latitude': '43.7598', 'longitude': '-159.2224'}, 'timezone': {'offset': '-4:00', 'description': 'Atlantic Time (Canada), Caracas, La Paz'}}, 'email': 'fredrik.butt@example.com', 'login': {'uuid': '414451d2-b97a-4032-9c8b-47dd344e70c2', 'username': 'orangepeacock331', 'password': 'sanchez', 'salt': 'TKDOdojL', 'md5': '3a77c60101f6dda64d799994b02881ce', 'sha1': 'e05bb8c84d1b4905c4eb3f03a49e076e19b533d4', 'sha256': '27ba6c26089e8228fc8a9f830b42a660b257624384916dee41b6c5af4962808f'}, 'dob': {'date': '1972-02-08T09:24:41.083Z', 'age': 52}, 'registered': {'date': '2018-09-02T02:27:49.397Z', 'age': 5}, 'phone': '32294071', 'cell': '40532775', 'id': {'name': 'FN', 'value': '08027209778'}, 'picture': {'large': 'https://randomuser.me/api/portraits/men/81.jpg', 'medium': 'https://randomuser.me/api/portraits/med/men/81.jpg', 'thumbnail': 'https://randomuser.me/api/portraits/thumb/men/81.jpg'}, 'nat': 'NO'}], 'info': {'seed': '07b5775820899d65', 'results': 1, 'page': 1, 'version': '1.4'}}</msg>
<arg>${json_data}</arg>
<doc>Logs the given message with the given level.</doc>
<status status="PASS" start="2024-07-30T18:20:31.886663" elapsed="0.000215"/>
</kw>
<kw name="Should Be Equal As Numbers" owner="BuiltIn">
<arg>${json_data['results'][0]['location']['postcode']}</arg>
<arg>${json_data['results'][0]['location']['postcode']}</arg>
<doc>Fails if objects are unequal after converting them to real numbers.</doc>
<status status="PASS" start="2024-07-30T18:20:31.887172" elapsed="0.000641"/>
</kw>
<kw name="Log" owner="BuiltIn">
<msg time="2024-07-30T18:20:31.888373" level="INFO">8654</msg>
<arg>${json_data['results'][0]['location']['postcode']}</arg>
<doc>Logs the given message with the given level.</doc>
<status status="PASS" start="2024-07-30T18:20:31.888035" elapsed="0.000379"/>
</kw>
<status status="PASS" start="2024-07-30T18:20:28.723710" elapsed="3.164961"/>
</kw>
<doc>Testa se os tipos de dados na resposta da API estão corretos.</doc>
<tag>testeTiposDados</tag>
<status status="PASS" start="2024-07-30T18:20:26.067193" elapsed="5.821687"/>
</test>
<test id="s1-s1-t5" name="Validar conteudo" line="35">
<kw name="Teste de Tipos de Conteudo" owner="random-user-service">
<kw name="GET On Session" owner="RequestsLibrary">
<msg time="2024-07-30T18:20:34.766033" level="INFO">GET Request : url=https://randomuser.me/api 
 path_url=/api 
 headers={'User-Agent': 'python-requests/2.32.3', 'Accept-Encoding': 'gzip, deflate', 'Accept': '*/*', 'Connection': 'keep-alive'} 
 body=None 
 </msg>
<msg time="2024-07-30T18:20:34.766146" level="INFO">GET Response : url=https://randomuser.me/api 
 status=200, reason=OK 
 headers={'Date': 'Tue, 30 Jul 2024 18:20:34 GMT', 'Content-Type': 'application/json; charset=utf-8', 'Transfer-Encoding': 'chunked', 'Connection': 'keep-alive', 'X-Powered-By': 'Express', 'Access-Control-Allow-Origin': '*', 'Cache-Control': 'no-cache', 'ETag': 'W/"4a5-wUBSfzsVoCtk9TkeWBCxbZHE9oo"', 'Vary': 'Accept-Encoding', 'Content-Encoding': 'gzip', 'CF-Cache-Status': 'DYNAMIC', 'Report-To': '{"endpoints":[{"url":"https:\\/\\/a.nel.cloudflare.com\\/report\\/v4?s=DjEKlMycCBBMv2FCA1TYv7b%2FU5%2BZaxu5J%2BQ6dZTQxgawVh%2FVxJYClCXofJewVc1Z%2Bxj0LqzCza6vSndEyd3bRPuS8uXRSE6HxB0zz7H1zgdhp8goLeUaLVbnIXyV7kec"}],"group":"cf-nel","max_age":604800}', 'NEL': '{"success_fraction":0,"report_to":"cf-nel","max_age":604800}', 'Server': 'cloudflare', 'CF-RAY': '8ab75cfb68842ab0-LAX', 'alt-svc': 'h3=":443"; ma=86400'} 
 body={"results":[{"gender":"female","name":{"title":"Ms","first":"Sheila","last":"Stephens"},"location":{"street":{"number":6662,"name":"Woodland St"},"city":"Bunbury","state":"Australian Capital Territory","country":"Australia","postcode":9945,"coordinates":{"latitude":"-86.6189","longitude":"98.5897"},"timezone":{"offset":"+10:00","description":"Eastern Australia, Guam, Vladivostok"}},"email":"sheila.stephens@example.com","login":{"uuid":"ddcfaf30-8e0f-4d0d-9a12-0907171cf50d","username":"blackbird613","password":"atlas","salt":"4d83d3fQ","md5":"a90a68535bfecaf046875cc4767f6288","sha1":"a4199d84747825de248cc5fca83da1e9fc7eab7b","sha256":"44d3e2d7c89a89e38dd49c99992914930fedd4be8c2284926e31e3a551ac5c58"},"dob":{"date":"1944-10-26T14:48:52.861Z","age":79},"registered":{"date":"2011-02-16T15:06:55.856Z","age":13},"phone":"04-0793-0876","cell":"0436-333-266","id":{"name":"TFN","value":"170063219"},"picture":{"large":"https://randomuser.me/api/portraits/women/8.jpg","medium":"https://randomuser.me/api/portraits/med/women/8.jpg","thumbnail":"https://randomuser.me/api/portraits/thumb/women/8.jpg"},"nat":"AU"}],"info":{"seed":"ebaaa5a0b5be53d2","results":1,"page":1,"version":"1.4"}} 
 </msg>
<msg time="2024-07-30T18:20:34.766228" level="INFO">/opt/hostedtoolcache/Python/3.12.4/x64/lib/python3.12/site-packages/urllib3/connectionpool.py:1099: InsecureRequestWarning: Unverified HTTPS request is being made to host 'randomuser.me'. Adding certificate verification is strongly advised. See: https://urllib3.readthedocs.io/en/latest/advanced-usage.html#tls-warnings
  warnings.warn(</msg>
<msg time="2024-07-30T18:20:34.766377" level="INFO">${response} = &lt;Response [200]&gt;</msg>
<var>${response}</var>
<arg>consultarAPI</arg>
<arg>/api</arg>
<doc>Sends a GET request on a previously created HTTP Session.</doc>
<status status="PASS" start="2024-07-30T18:20:31.891698" elapsed="2.874726"/>
</kw>
<kw name="Set Variable" owner="BuiltIn">
<msg time="2024-07-30T18:20:34.767601" level="INFO">${json_data} = {'results': [{'gender': 'female', 'name': {'title': 'Ms', 'first': 'Sheila', 'last': 'Stephens'}, 'location': {'street': {'number': 6662, 'name': 'Woodland St'}, 'city': 'Bunbury', 'state': 'Australia...</msg>
<var>${json_data}</var>
<arg>${response.json()}</arg>
<doc>Returns the given values which can then be assigned to a variables.</doc>
<status status="PASS" start="2024-07-30T18:20:34.767085" elapsed="0.000543"/>
</kw>
<kw name="Set Variable" owner="BuiltIn">
<msg time="2024-07-30T18:20:34.768324" level="INFO">${name_title} = Ms</msg>
<var>${name_title}</var>
<arg>${json_data["results"][0]["name"]["title"]}</arg>
<doc>Returns the given values which can then be assigned to a variables.</doc>
<status status="PASS" start="2024-07-30T18:20:34.767936" elapsed="0.000414"/>
</kw>
<kw name="Create List" owner="BuiltIn">
<msg time="2024-07-30T18:20:34.768811" level="INFO">${allowed_titles} = ['Mr', 'Ms', 'Miss', 'Mrs', 'Madame', 'Monsieur']</msg>
<var>${allowed_titles}</var>
<arg>Mr</arg>
<arg>Ms</arg>
<arg>Miss</arg>
<arg>Mrs</arg>
<arg>Madame</arg>
<arg>Monsieur</arg>
<doc>Returns a list containing given items.</doc>
<status status="PASS" start="2024-07-30T18:20:34.768662" elapsed="0.000212"/>
</kw>
<kw name="List Should Contain Value" owner="Collections">
<arg>${allowed_titles}</arg>
<arg>${name_title}</arg>
<doc>Fails if the ``value`` is not found from ``list``.</doc>
<status status="PASS" start="2024-07-30T18:20:34.769192" elapsed="0.000180"/>
</kw>
<kw name="Set Variable" owner="BuiltIn">
<msg time="2024-07-30T18:20:34.769982" level="INFO">${name_country} = AU</msg>
<var>${name_country}</var>
<arg>${json_data["results"][0]["nat"]}</arg>
<doc>Returns the given values which can then be assigned to a variables.</doc>
<status status="PASS" start="2024-07-30T18:20:34.769555" elapsed="0.000452"/>
</kw>
<kw name="Create List" owner="BuiltIn">
<msg time="2024-07-30T18:20:34.770891" level="INFO">${list_country} = ['AD', 'AE', 'AF', 'AG', 'AI', 'AL', 'AM', 'AO', 'AQ', 'AR', 'AS', 'AT', 'AU', 'AW', 'AX', 'AZ', 'BA', 'BB', 'BD', 'BE', 'BF', 'BG', 'BH', 'BI', 'BJ', 'BL', 'BM', 'BN', 'BO', 'BQ', 'BR', 'BS', 'BT', '...</msg>
<var>${list_country}</var>
<arg>AD</arg>
<arg>AE</arg>
<arg>AF</arg>
<arg>AG</arg>
<arg>AI</arg>
<arg>AL</arg>
<arg>AM</arg>
<arg>AO</arg>
<arg>AQ</arg>
<arg>AR</arg>
<arg>AS</arg>
<arg>AT</arg>
<arg>AU</arg>
<arg>AW</arg>
<arg>AX</arg>
<arg>AZ</arg>
<arg>BA</arg>
<arg>BB</arg>
<arg>BD</arg>
<arg>BE</arg>
<arg>BF</arg>
<arg>BG</arg>
<arg>BH</arg>
<arg>BI</arg>
<arg>BJ</arg>
<arg>BL</arg>
<arg>BM</arg>
<arg>BN</arg>
<arg>BO</arg>
<arg>BQ</arg>
<arg>BR</arg>
<arg>BS</arg>
<arg>BT</arg>
<arg>BV</arg>
<arg>BW</arg>
<arg>BY</arg>
<arg>BZ</arg>
<arg>CA</arg>
<arg>CC</arg>
<arg>CD</arg>
<arg>CF</arg>
<arg>CG</arg>
<arg>CH</arg>
<arg>CI</arg>
<arg>CK</arg>
<arg>CL</arg>
<arg>CM</arg>
<arg>CN</arg>
<arg>CO</arg>
<arg>CR</arg>
<arg>CU</arg>
<arg>CV</arg>
<arg>CW</arg>
<arg>CX</arg>
<arg>CY</arg>
<arg>CZ</arg>
<arg>DE</arg>
<arg>DJ</arg>
<arg>DK</arg>
<arg>DM</arg>
<arg>DO</arg>
<arg>DZ</arg>
<arg>EC</arg>
<arg>EE</arg>
<arg>EG</arg>
<arg>EH</arg>
<arg>ER</arg>
<arg>ES</arg>
<arg>ET</arg>
<arg>FI</arg>
<arg>FJ</arg>
<arg>FK</arg>
<arg>FM</arg>
<arg>FO</arg>
<arg>FR</arg>
<arg>GA</arg>
<arg>GB</arg>
<arg>GD</arg>
<arg>GE</arg>
<arg>GF</arg>
<arg>GG</arg>
<arg>GH</arg>
<arg>GI</arg>
<arg>GL</arg>
<arg>GM</arg>
<arg>GN</arg>
<arg>GP</arg>
<arg>GQ</arg>
<arg>GR</arg>
<arg>GS</arg>
<arg>GT</arg>
<arg>GU</arg>
<arg>GW</arg>
<arg>GY</arg>
<arg>HK</arg>
<arg>HM</arg>
<arg>HN</arg>
<arg>HR</arg>
<arg>HT</arg>
<arg>HU</arg>
<arg>ID</arg>
<arg>IE</arg>
<arg>IL</arg>
<arg>IM</arg>
<arg>IN</arg>
<arg>IO</arg>
<arg>IQ</arg>
<arg>IR</arg>
<arg>IS</arg>
<arg>IT</arg>
<arg>JE</arg>
<arg>JM</arg>
<arg>JO</arg>
<arg>JP</arg>
<arg>KE</arg>
<arg>KG</arg>
<arg>KH</arg>
<arg>KI</arg>
<arg>KM</arg>
<arg>KN</arg>
<arg>KP</arg>
<arg>KR</arg>
<arg>KW</arg>
<arg>KY</arg>
<arg>KZ</arg>
<arg>LA</arg>
<arg>LB</arg>
<arg>LC</arg>
<arg>LI</arg>
<arg>LK</arg>
<arg>LR</arg>
<arg>LS</arg>
<arg>LT</arg>
<arg>LU</arg>
<arg>LV</arg>
<arg>LY</arg>
<arg>MA</arg>
<arg>MC</arg>
<arg>MD</arg>
<arg>ME</arg>
<arg>MF</arg>
<arg>MG</arg>
<arg>MH</arg>
<arg>MK</arg>
<arg>ML</arg>
<arg>MM</arg>
<arg>MN</arg>
<arg>MO</arg>
<arg>MP</arg>
<arg>MQ</arg>
<arg>MR</arg>
<arg>MS</arg>
<arg>MT</arg>
<arg>MU</arg>
<arg>MV</arg>
<arg>MW</arg>
<arg>MX</arg>
<arg>MY</arg>
<arg>MZ</arg>
<arg>NA</arg>
<arg>NC</arg>
<arg>NE</arg>
<arg>NF</arg>
<arg>NG</arg>
<arg>NI</arg>
<arg>NL</arg>
<arg>NO</arg>
<arg>NP</arg>
<arg>NR</arg>
<arg>NU</arg>
<arg>NZ</arg>
<arg>OM</arg>
<arg>PA</arg>
<arg>PE</arg>
<arg>PF</arg>
<arg>PG</arg>
<arg>PH</arg>
<arg>PK</arg>
<arg>PL</arg>
<arg>PM</arg>
<arg>PN</arg>
<arg>PR</arg>
<arg>PS</arg>
<arg>PT</arg>
<arg>PW</arg>
<arg>PY</arg>
<arg>QA</arg>
<arg>RE</arg>
<arg>RO</arg>
<arg>RS</arg>
<arg>RU</arg>
<arg>RW</arg>
<arg>SA</arg>
<arg>SB</arg>
<arg>SC</arg>
<arg>SD</arg>
<arg>SE</arg>
<arg>SG</arg>
<arg>SH</arg>
<arg>SI</arg>
<arg>SJ</arg>
<arg>SK</arg>
<arg>SL</arg>
<arg>SM</arg>
<arg>SN</arg>
<arg>SO</arg>
<arg>SR</arg>
<arg>SS</arg>
<arg>ST</arg>
<arg>SV</arg>
<arg>SX</arg>
<arg>SY</arg>
<arg>SZ</arg>
<arg>TC</arg>
<arg>TD</arg>
<arg>TF</arg>
<arg>TG</arg>
<arg>TH</arg>
<arg>TJ</arg>
<arg>TK</arg>
<arg>TL</arg>
<arg>TM</arg>
<arg>TN</arg>
<arg>TO</arg>
<arg>TR</arg>
<arg>TT</arg>
<arg>TV</arg>
<arg>TW</arg>
<arg>TZ</arg>
<arg>UA</arg>
<arg>UG</arg>
<arg>UM</arg>
<arg>US</arg>
<arg>UY</arg>
<arg>UZ</arg>
<arg>VA</arg>
<arg>VC</arg>
<arg>VE</arg>
<arg>VG</arg>
<arg>VI</arg>
<arg>VN</arg>
<arg>VU</arg>
<arg>WF</arg>
<arg>WS</arg>
<arg>XK</arg>
<arg>YE</arg>
<arg>YT</arg>
<arg>ZA</arg>
<arg>ZM</arg>
<arg>ZW</arg>
<doc>Returns a list containing given items.</doc>
<status status="PASS" start="2024-07-30T18:20:34.770301" elapsed="0.000616"/>
</kw>
<kw name="List Should Contain Value" owner="Collections">
<arg>${list_country}</arg>
<arg>${name_country}</arg>
<doc>Fails if the ``value`` is not found from ``list``.</doc>
<status status="PASS" start="2024-07-30T18:20:34.771896" elapsed="0.000207"/>
</kw>
<kw name="Run Keyword If" owner="BuiltIn">
<kw name="Should Be True" owner="BuiltIn">
<arg>${True}</arg>
<doc>Fails if the given condition is not true.</doc>
<status status="PASS" start="2024-07-30T18:20:34.773084" elapsed="0.000143"/>
</kw>
<arg>${json_data["results"][0]["location"]["coordinates"]["latitude"]} &gt;= -90 and ${json_data["results"][0]["location"]["coordinates"]["latitude"]} &lt;= 90</arg>
<arg>Should Be True</arg>
<arg>${True}</arg>
<doc>Runs the given keyword with the given arguments, if ``condition`` is true.</doc>
<status status="PASS" start="2024-07-30T18:20:34.772305" elapsed="0.001048"/>
</kw>
<kw name="Run Keyword If" owner="BuiltIn">
<kw name="Should Be True" owner="BuiltIn">
<arg>${True}</arg>
<doc>Fails if the given condition is not true.</doc>
<status status="PASS" start="2024-07-30T18:20:34.774229" elapsed="0.000147"/>
</kw>
<arg>${json_data["results"][0]["location"]["coordinates"]["longitude"]} &gt;= -180 and ${json_data["results"][0]["location"]["coordinates"]["longitude"]} &lt;= 180</arg>
<arg>Should Be True</arg>
<arg>${True}</arg>
<doc>Runs the given keyword with the given arguments, if ``condition`` is true.</doc>
<status status="PASS" start="2024-07-30T18:20:34.773534" elapsed="0.000963"/>
</kw>
<status status="PASS" start="2024-07-30T18:20:31.891376" elapsed="2.883252"/>
</kw>
<doc>Testa o conteúdo específico dos campos retornados pela API.</doc>
<tag>testeConteudo</tag>
<status status="PASS" start="2024-07-30T18:20:31.890752" elapsed="2.884031"/>
</test>
<status status="PASS" start="2024-07-30T18:20:17.621658" elapsed="17.155105"/>
</suite>
<status status="PASS" start="2024-07-30T18:20:17.607197" elapsed="17.175383"/>
</suite>
<statistics>
<total>
<stat pass="5" fail="0" skip="0">All Tests</stat>
</total>
<tag>
<stat pass="1" fail="0" skip="0">testeConteudo</stat>
<stat pass="1" fail="0" skip="0">testeEstruturaResposta</stat>
<stat pass="1" fail="0" skip="0">testeRequisicaoBasica</stat>
<stat pass="1" fail="0" skip="0">testeTiposDados</stat>
</tag>
<suite>
<stat pass="5" fail="0" skip="0" id="s1" name="Tests">Tests</stat>
<stat pass="5" fail="0" skip="0" id="s1-s1" name="Random-User-Test">Tests.Random-User-Test</stat>
</suite>
</statistics>
<errors>
</errors>
</robot>
