<?xml version="1.0" encoding="UTF-8"?>
<robot generator="Robot 7.0.1 (Python 3.12.4 on linux)" generated="2024-07-07T03:17:35.785814" rpa="false" schemaversion="5">
<suite id="s1" name="Tests" source="/home/runner/work/ApiRandomUser/ApiRandomUser/RamdonUser/tests">
<suite id="s1-s1" name="Random-User-Test" source="/home/runner/work/ApiRandomUser/ApiRandomUser/RamdonUser/tests/random-user-test.robot">
<test id="s1-s1-t1" name="Conectar" line="13">
<kw name="Conectar API" owner="random-user-service">
<kw name="Create Session" owner="RequestsLibrary">
<msg time="2024-07-07T03:17:36.184570" level="INFO">Creating Session using : alias=consultarAPI, url=https://randomuser.me/, headers={},                     cookies={}, auth=None, timeout=None, proxies=None, verify=False,                     debug=0 </msg>
<arg>consultarAPI</arg>
<arg>${URL}</arg>
<doc>Create Session: create a HTTP session to a server</doc>
<status status="PASS" start="2024-07-07T03:17:36.184370" elapsed="0.000380"/>
</kw>
<status status="PASS" start="2024-07-07T03:17:36.183408" elapsed="0.001697"/>
</kw>
<status status="PASS" start="2024-07-07T03:17:36.182775" elapsed="0.002519"/>
</test>
<test id="s1-s1-t2" name="Validar retorno 200 e JSON Válido" line="16">
<kw name="Teste de Requisicao Basica" owner="random-user-service">
<kw name="GET On Session" owner="RequestsLibrary">
<msg time="2024-07-07T03:17:36.304324" level="INFO">GET Request : url=https://randomuser.me/api 
 path_url=/api 
 headers={'User-Agent': 'python-requests/2.32.3', 'Accept-Encoding': 'gzip, deflate', 'Accept': '*/*', 'Connection': 'keep-alive'} 
 body=None 
 </msg>
<msg time="2024-07-07T03:17:36.304480" level="INFO">GET Response : url=https://randomuser.me/api 
 status=200, reason=OK 
 headers={'Date': 'Sun, 07 Jul 2024 03:17:36 GMT', 'Content-Type': 'application/json; charset=utf-8', 'Transfer-Encoding': 'chunked', 'Connection': 'keep-alive', 'X-Powered-By': 'Express', 'Access-Control-Allow-Origin': '*', 'Cache-Control': 'no-cache', 'ETag': 'W/"4a3-VTKS5rBD8XrdZBg1FWyas/pul18"', 'Vary': 'Accept-Encoding', 'Content-Encoding': 'gzip', 'CF-Cache-Status': 'DYNAMIC', 'Report-To': '{"endpoints":[{"url":"https:\\/\\/a.nel.cloudflare.com\\/report\\/v4?s=7bje%2BYRa5M1BzSnj33HYDEiLWkuxcsYFUiBYoT9CS8Qa2KjJDf7TzUw4bzlMDGTLfb408DHenUtvO6z4Yhgdeb4qnpuNnHc%2Bf8dGk8TYQcjdVHYXxO7oBvCz8UmFCjB1"}],"group":"cf-nel","max_age":604800}', 'NEL': '{"success_fraction":0,"report_to":"cf-nel","max_age":604800}', 'Server': 'cloudflare', 'CF-RAY': '89f4aeb55a0067d0-SJC', 'alt-svc': 'h3=":443"; ma=86400'} 
 body={"results":[{"gender":"female","name":{"title":"Miss","first":"Berit","last":"Löw"},"location":{"street":{"number":6686,"name":"Mühlweg"},"city":"Waibstadt","state":"Mecklenburg-Vorpommern","country":"Germany","postcode":30383,"coordinates":{"latitude":"-54.9360","longitude":"158.6415"},"timezone":{"offset":"+9:00","description":"Tokyo, Seoul, Osaka, Sapporo, Yakutsk"}},"email":"berit.low@example.com","login":{"uuid":"180eabe7-315a-4418-bb99-a981096a6249","username":"organicostrich608","password":"married","salt":"fuNteGSU","md5":"48c4d74c7be4a556735b482075291faa","sha1":"37e357f9d36c623c236ac92ade61b99e21ae3b1f","sha256":"f795d3c55ccab8a888ace98c0a8235fb0b1550b24b2e0d1e31dfbc6229b5a7fa"},"dob":{"date":"1975-09-06T04:16:59.686Z","age":48},"registered":{"date":"2004-07-16T19:36:55.761Z","age":19},"phone":"0646-4126604","cell":"0173-0221259","id":{"name":"SVNR","value":"50 050975 L 784"},"picture":{"large":"https://randomuser.me/api/portraits/women/3.jpg","medium":"https://randomuser.me/api/portraits/med/women/3.jpg","thumbnail":"https://randomuser.me/api/portraits/thumb/women/3.jpg"},"nat":"DE"}],"info":{"seed":"fe23ebf625ce83af","results":1,"page":1,"version":"1.4"}} 
 </msg>
<msg time="2024-07-07T03:17:36.304569" level="INFO">/opt/hostedtoolcache/Python/3.12.4/x64/lib/python3.12/site-packages/urllib3/connectionpool.py:1099: InsecureRequestWarning: Unverified HTTPS request is being made to host 'randomuser.me'. Adding certificate verification is strongly advised. See: https://urllib3.readthedocs.io/en/latest/advanced-usage.html#tls-warnings
  warnings.warn(</msg>
<msg time="2024-07-07T03:17:36.304742" level="INFO">${response} = &lt;Response [200]&gt;</msg>
<var>${response}</var>
<arg>consultarAPI</arg>
<arg>/api</arg>
<doc>Sends a GET request on a previously created HTTP Session.</doc>
<status status="PASS" start="2024-07-07T03:17:36.187949" elapsed="0.116839"/>
</kw>
<kw name="Should Be Equal As Numbers" owner="BuiltIn">
<msg time="2024-07-07T03:17:36.305800" level="INFO">Argument types are:
&lt;class 'int'&gt;
&lt;class 'str'&gt;</msg>
<arg>${response.status_code}</arg>
<arg>200</arg>
<doc>Fails if objects are unequal after converting them to real numbers.</doc>
<status status="PASS" start="2024-07-07T03:17:36.305324" elapsed="0.000543"/>
</kw>
<kw name="Log" owner="BuiltIn">
<msg time="2024-07-07T03:17:36.306610" level="INFO">200</msg>
<arg>${response.status_code}</arg>
<doc>Logs the given message with the given level.</doc>
<status status="PASS" start="2024-07-07T03:17:36.306191" elapsed="0.000463"/>
</kw>
<kw name="Set Variable" owner="BuiltIn">
<msg time="2024-07-07T03:17:36.307421" level="INFO">${json_data} = {'results': [{'gender': 'female', 'name': {'title': 'Miss', 'first': 'Berit', 'last': 'Löw'}, 'location': {'street': {'number': 6686, 'name': 'Mühlweg'}, 'city': 'Waibstadt', 'state': 'Mecklenburg-Vor...</msg>
<var>${json_data}</var>
<arg>${response.json()}</arg>
<doc>Returns the given values which can then be assigned to a variables.</doc>
<status status="PASS" start="2024-07-07T03:17:36.306967" elapsed="0.000484"/>
</kw>
<kw name="Dictionary Should Contain Key" owner="Collections">
<arg>${json_data}</arg>
<arg>results</arg>
<doc>Fails if ``key`` is not found from ``dictionary``.</doc>
<status status="PASS" start="2024-07-07T03:17:36.307754" elapsed="0.000172"/>
</kw>
<status status="PASS" start="2024-07-07T03:17:36.187707" elapsed="0.120375"/>
</kw>
<doc>Testa se a API responde corretamente e retorna um objeto JSON válido.</doc>
<tag>testeRequisicaoBasica</tag>
<status status="PASS" start="2024-07-07T03:17:36.187177" elapsed="0.121087"/>
</test>
<test id="s1-s1-t3" name="Validar estrutura de resposta" line="22">
<kw name="Teste de Estrutura de Resposta" owner="random-user-service">
<kw name="GET On Session" owner="RequestsLibrary">
<msg time="2024-07-07T03:17:36.398896" level="INFO">GET Request : url=https://randomuser.me/api 
 path_url=/api 
 headers={'User-Agent': 'python-requests/2.32.3', 'Accept-Encoding': 'gzip, deflate', 'Accept': '*/*', 'Connection': 'keep-alive'} 
 body=None 
 </msg>
<msg time="2024-07-07T03:17:36.399000" level="INFO">GET Response : url=https://randomuser.me/api 
 status=200, reason=OK 
 headers={'Date': 'Sun, 07 Jul 2024 03:17:36 GMT', 'Content-Type': 'application/json; charset=utf-8', 'Transfer-Encoding': 'chunked', 'Connection': 'keep-alive', 'X-Powered-By': 'Express', 'Access-Control-Allow-Origin': '*', 'Cache-Control': 'no-cache', 'ETag': 'W/"484-zLQjvUfWAhhOEQT/gsviVyH8Mpg"', 'Vary': 'Accept-Encoding', 'Content-Encoding': 'gzip', 'CF-Cache-Status': 'DYNAMIC', 'Report-To': '{"endpoints":[{"url":"https:\\/\\/a.nel.cloudflare.com\\/report\\/v4?s=R8jJowKSh0NZoaaZtEOxTXU2UaszXXqaPJE2IObRZGrG02siQnPIXvnQeNMQshCgGtTFIB7j2inMLAi6S1Q8thozaBBF9zC3%2BXc231DxCRWXfWIB%2Fc1lN8ImyYWIpNnU"}],"group":"cf-nel","max_age":604800}', 'NEL': '{"success_fraction":0,"report_to":"cf-nel","max_age":604800}', 'Server': 'cloudflare', 'CF-RAY': '89f4aeb5fa5d67d0-SJC', 'alt-svc': 'h3=":443"; ma=86400'} 
 body={"results":[{"gender":"male","name":{"title":"Mr","first":"Hélmut","last":"Oliveira"},"location":{"street":{"number":8707,"name":"Rua Quatro"},"city":"Camaçari","state":"Distrito Federal","country":"Brazil","postcode":59886,"coordinates":{"latitude":"-76.9302","longitude":"-121.5196"},"timezone":{"offset":"-9:00","description":"Alaska"}},"email":"helmut.oliveira@example.com","login":{"uuid":"7b2d8248-7bac-49ee-97ec-87ac1774b441","username":"whitepeacock569","password":"hunting","salt":"ERPXM43g","md5":"9ff8c90bf101694d5a1bcca864d07d40","sha1":"b4082134c1272c2abd48f94af9357717370df102","sha256":"f019c8ed2c2b4a7bff200342cb4ea6b511c87cb99a42061ae3d4252389e20ffb"},"dob":{"date":"1969-07-19T17:20:22.455Z","age":54},"registered":{"date":"2015-11-28T03:07:15.925Z","age":8},"phone":"(04) 4273-2077","cell":"(88) 3062-7505","id":{"name":"CPF","value":"135.247.725-04"},"picture":{"large":"https://randomuser.me/api/portraits/men/79.jpg","medium":"https://randomuser.me/api/portraits/med/men/79.jpg","thumbnail":"https://randomuser.me/api/portraits/thumb/men/79.jpg"},"nat":"BR"}],"info":{"seed":"7e1280cba7aed55b","results":1,"page":1,"version":"1.4"}} 
 </msg>
<msg time="2024-07-07T03:17:36.399131" level="INFO">/opt/hostedtoolcache/Python/3.12.4/x64/lib/python3.12/site-packages/urllib3/connectionpool.py:1099: InsecureRequestWarning: Unverified HTTPS request is being made to host 'randomuser.me'. Adding certificate verification is strongly advised. See: https://urllib3.readthedocs.io/en/latest/advanced-usage.html#tls-warnings
  warnings.warn(</msg>
<msg time="2024-07-07T03:17:36.399276" level="INFO">${response} = &lt;Response [200]&gt;</msg>
<var>${response}</var>
<arg>consultarAPI</arg>
<arg>/api</arg>
<doc>Sends a GET request on a previously created HTTP Session.</doc>
<status status="PASS" start="2024-07-07T03:17:36.310903" elapsed="0.088420"/>
</kw>
<kw name="Set Variable" owner="BuiltIn">
<msg time="2024-07-07T03:17:36.400345" level="INFO">${json_data} = {'results': [{'gender': 'male', 'name': {'title': 'Mr', 'first': 'Hélmut', 'last': 'Oliveira'}, 'location': {'street': {'number': 8707, 'name': 'Rua Quatro'}, 'city': 'Camaçari', 'state': 'Distrito Fe...</msg>
<var>${json_data}</var>
<arg>${response.json()}</arg>
<doc>Returns the given values which can then be assigned to a variables.</doc>
<status status="PASS" start="2024-07-07T03:17:36.399818" elapsed="0.000557"/>
</kw>
<kw name="Log" owner="BuiltIn">
<msg time="2024-07-07T03:17:36.400853" level="INFO">{'results': [{'gender': 'male', 'name': {'title': 'Mr', 'first': 'Hélmut', 'last': 'Oliveira'}, 'location': {'street': {'number': 8707, 'name': 'Rua Quatro'}, 'city': 'Camaçari', 'state': 'Distrito Federal', 'country': 'Brazil', 'postcode': 59886, 'coordinates': {'latitude': '-76.9302', 'longitude': '-121.5196'}, 'timezone': {'offset': '-9:00', 'description': 'Alaska'}}, 'email': 'helmut.oliveira@example.com', 'login': {'uuid': '7b2d8248-7bac-49ee-97ec-87ac1774b441', 'username': 'whitepeacock569', 'password': 'hunting', 'salt': 'ERPXM43g', 'md5': '9ff8c90bf101694d5a1bcca864d07d40', 'sha1': 'b4082134c1272c2abd48f94af9357717370df102', 'sha256': 'f019c8ed2c2b4a7bff200342cb4ea6b511c87cb99a42061ae3d4252389e20ffb'}, 'dob': {'date': '1969-07-19T17:20:22.455Z', 'age': 54}, 'registered': {'date': '2015-11-28T03:07:15.925Z', 'age': 8}, 'phone': '(04) 4273-2077', 'cell': '(88) 3062-7505', 'id': {'name': 'CPF', 'value': '135.247.725-04'}, 'picture': {'large': 'https://randomuser.me/api/portraits/men/79.jpg', 'medium': 'https://randomuser.me/api/portraits/med/men/79.jpg', 'thumbnail': 'https://randomuser.me/api/portraits/thumb/men/79.jpg'}, 'nat': 'BR'}], 'info': {'seed': '7e1280cba7aed55b', 'results': 1, 'page': 1, 'version': '1.4'}}</msg>
<arg>${json_data}</arg>
<doc>Logs the given message with the given level.</doc>
<status status="PASS" start="2024-07-07T03:17:36.400689" elapsed="0.000215"/>
</kw>
<kw name="Dictionary Should Contain Key" owner="Collections">
<arg>${json_data}</arg>
<arg>results</arg>
<doc>Fails if ``key`` is not found from ``dictionary``.</doc>
<status status="PASS" start="2024-07-07T03:17:36.401213" elapsed="0.000169"/>
</kw>
<kw name="Should Not Be Empty" owner="BuiltIn">
<msg time="2024-07-07T03:17:36.401696" level="INFO">Length is 2.</msg>
<arg>${json_data}</arg>
<doc>Verifies that the given item is not empty.</doc>
<status status="PASS" start="2024-07-07T03:17:36.401569" elapsed="0.000167"/>
</kw>
<kw name="Create List" owner="BuiltIn">
<msg time="2024-07-07T03:17:36.402185" level="INFO">${expected_keys} = ['gender', 'name', 'location', 'email', 'login']</msg>
<var>${expected_keys}</var>
<arg>gender</arg>
<arg>name</arg>
<arg>location</arg>
<arg>email</arg>
<arg>login</arg>
<doc>Returns a list containing given items.</doc>
<status status="PASS" start="2024-07-07T03:17:36.402036" elapsed="0.000173"/>
</kw>
<for flavor="IN">
<iter>
<kw name="Dictionary Should Contain Key" owner="Collections">
<arg>${json_data['results'][0]}</arg>
<arg>${key}</arg>
<doc>Fails if ``key`` is not found from ``dictionary``.</doc>
<status status="PASS" start="2024-07-07T03:17:36.403011" elapsed="0.000397"/>
</kw>
<kw name="Log" owner="BuiltIn">
<msg time="2024-07-07T03:17:36.403974" level="INFO">{'gender': 'male', 'name': {'title': 'Mr', 'first': 'Hélmut', 'last': 'Oliveira'}, 'location': {'street': {'number': 8707, 'name': 'Rua Quatro'}, 'city': 'Camaçari', 'state': 'Distrito Federal', 'country': 'Brazil', 'postcode': 59886, 'coordinates': {'latitude': '-76.9302', 'longitude': '-121.5196'}, 'timezone': {'offset': '-9:00', 'description': 'Alaska'}}, 'email': 'helmut.oliveira@example.com', 'login': {'uuid': '7b2d8248-7bac-49ee-97ec-87ac1774b441', 'username': 'whitepeacock569', 'password': 'hunting', 'salt': 'ERPXM43g', 'md5': '9ff8c90bf101694d5a1bcca864d07d40', 'sha1': 'b4082134c1272c2abd48f94af9357717370df102', 'sha256': 'f019c8ed2c2b4a7bff200342cb4ea6b511c87cb99a42061ae3d4252389e20ffb'}, 'dob': {'date': '1969-07-19T17:20:22.455Z', 'age': 54}, 'registered': {'date': '2015-11-28T03:07:15.925Z', 'age': 8}, 'phone': '(04) 4273-2077', 'cell': '(88) 3062-7505', 'id': {'name': 'CPF', 'value': '135.247.725-04'}, 'picture': {'large': 'https://randomuser.me/api/portraits/men/79.jpg', 'medium': 'https://randomuser.me/api/portraits/med/men/79.jpg', 'thumbnail': 'https://randomuser.me/api/portraits/thumb/men/79.jpg'}, 'nat': 'BR'}</msg>
<arg>${json_data['results'][0]}</arg>
<doc>Logs the given message with the given level.</doc>
<status status="PASS" start="2024-07-07T03:17:36.403609" elapsed="0.000416"/>
</kw>
<kw name="Log" owner="BuiltIn">
<msg time="2024-07-07T03:17:36.404453" level="INFO">gender</msg>
<arg>${key}</arg>
<doc>Logs the given message with the given level.</doc>
<status status="PASS" start="2024-07-07T03:17:36.404325" elapsed="0.000165"/>
</kw>
<var name="${key}">gender</var>
<status status="PASS" start="2024-07-07T03:17:36.402883" elapsed="0.001824"/>
</iter>
<iter>
<kw name="Dictionary Should Contain Key" owner="Collections">
<arg>${json_data['results'][0]}</arg>
<arg>${key}</arg>
<doc>Fails if ``key`` is not found from ``dictionary``.</doc>
<status status="PASS" start="2024-07-07T03:17:36.405010" elapsed="0.000391"/>
</kw>
<kw name="Log" owner="BuiltIn">
<msg time="2024-07-07T03:17:36.405932" level="INFO">{'gender': 'male', 'name': {'title': 'Mr', 'first': 'Hélmut', 'last': 'Oliveira'}, 'location': {'street': {'number': 8707, 'name': 'Rua Quatro'}, 'city': 'Camaçari', 'state': 'Distrito Federal', 'country': 'Brazil', 'postcode': 59886, 'coordinates': {'latitude': '-76.9302', 'longitude': '-121.5196'}, 'timezone': {'offset': '-9:00', 'description': 'Alaska'}}, 'email': 'helmut.oliveira@example.com', 'login': {'uuid': '7b2d8248-7bac-49ee-97ec-87ac1774b441', 'username': 'whitepeacock569', 'password': 'hunting', 'salt': 'ERPXM43g', 'md5': '9ff8c90bf101694d5a1bcca864d07d40', 'sha1': 'b4082134c1272c2abd48f94af9357717370df102', 'sha256': 'f019c8ed2c2b4a7bff200342cb4ea6b511c87cb99a42061ae3d4252389e20ffb'}, 'dob': {'date': '1969-07-19T17:20:22.455Z', 'age': 54}, 'registered': {'date': '2015-11-28T03:07:15.925Z', 'age': 8}, 'phone': '(04) 4273-2077', 'cell': '(88) 3062-7505', 'id': {'name': 'CPF', 'value': '135.247.725-04'}, 'picture': {'large': 'https://randomuser.me/api/portraits/men/79.jpg', 'medium': 'https://randomuser.me/api/portraits/med/men/79.jpg', 'thumbnail': 'https://randomuser.me/api/portraits/thumb/men/79.jpg'}, 'nat': 'BR'}</msg>
<arg>${json_data['results'][0]}</arg>
<doc>Logs the given message with the given level.</doc>
<status status="PASS" start="2024-07-07T03:17:36.405584" elapsed="0.000439"/>
</kw>
<kw name="Log" owner="BuiltIn">
<msg time="2024-07-07T03:17:36.406474" level="INFO">name</msg>
<arg>${key}</arg>
<doc>Logs the given message with the given level.</doc>
<status status="PASS" start="2024-07-07T03:17:36.406324" elapsed="0.000197"/>
</kw>
<var name="${key}">name</var>
<status status="PASS" start="2024-07-07T03:17:36.404893" elapsed="0.001850"/>
</iter>
<iter>
<kw name="Dictionary Should Contain Key" owner="Collections">
<arg>${json_data['results'][0]}</arg>
<arg>${key}</arg>
<doc>Fails if ``key`` is not found from ``dictionary``.</doc>
<status status="PASS" start="2024-07-07T03:17:36.407029" elapsed="0.000374"/>
</kw>
<kw name="Log" owner="BuiltIn">
<msg time="2024-07-07T03:17:36.407957" level="INFO">{'gender': 'male', 'name': {'title': 'Mr', 'first': 'Hélmut', 'last': 'Oliveira'}, 'location': {'street': {'number': 8707, 'name': 'Rua Quatro'}, 'city': 'Camaçari', 'state': 'Distrito Federal', 'country': 'Brazil', 'postcode': 59886, 'coordinates': {'latitude': '-76.9302', 'longitude': '-121.5196'}, 'timezone': {'offset': '-9:00', 'description': 'Alaska'}}, 'email': 'helmut.oliveira@example.com', 'login': {'uuid': '7b2d8248-7bac-49ee-97ec-87ac1774b441', 'username': 'whitepeacock569', 'password': 'hunting', 'salt': 'ERPXM43g', 'md5': '9ff8c90bf101694d5a1bcca864d07d40', 'sha1': 'b4082134c1272c2abd48f94af9357717370df102', 'sha256': 'f019c8ed2c2b4a7bff200342cb4ea6b511c87cb99a42061ae3d4252389e20ffb'}, 'dob': {'date': '1969-07-19T17:20:22.455Z', 'age': 54}, 'registered': {'date': '2015-11-28T03:07:15.925Z', 'age': 8}, 'phone': '(04) 4273-2077', 'cell': '(88) 3062-7505', 'id': {'name': 'CPF', 'value': '135.247.725-04'}, 'picture': {'large': 'https://randomuser.me/api/portraits/men/79.jpg', 'medium': 'https://randomuser.me/api/portraits/med/men/79.jpg', 'thumbnail': 'https://randomuser.me/api/portraits/thumb/men/79.jpg'}, 'nat': 'BR'}</msg>
<arg>${json_data['results'][0]}</arg>
<doc>Logs the given message with the given level.</doc>
<status status="PASS" start="2024-07-07T03:17:36.407606" elapsed="0.000400"/>
</kw>
<kw name="Log" owner="BuiltIn">
<msg time="2024-07-07T03:17:36.408435" level="INFO">location</msg>
<arg>${key}</arg>
<doc>Logs the given message with the given level.</doc>
<status status="PASS" start="2024-07-07T03:17:36.408308" elapsed="0.000166"/>
</kw>
<var name="${key}">location</var>
<status status="PASS" start="2024-07-07T03:17:36.406920" elapsed="0.001772"/>
</iter>
<iter>
<kw name="Dictionary Should Contain Key" owner="Collections">
<arg>${json_data['results'][0]}</arg>
<arg>${key}</arg>
<doc>Fails if ``key`` is not found from ``dictionary``.</doc>
<status status="PASS" start="2024-07-07T03:17:36.408969" elapsed="0.000381"/>
</kw>
<kw name="Log" owner="BuiltIn">
<msg time="2024-07-07T03:17:36.409887" level="INFO">{'gender': 'male', 'name': {'title': 'Mr', 'first': 'Hélmut', 'last': 'Oliveira'}, 'location': {'street': {'number': 8707, 'name': 'Rua Quatro'}, 'city': 'Camaçari', 'state': 'Distrito Federal', 'country': 'Brazil', 'postcode': 59886, 'coordinates': {'latitude': '-76.9302', 'longitude': '-121.5196'}, 'timezone': {'offset': '-9:00', 'description': 'Alaska'}}, 'email': 'helmut.oliveira@example.com', 'login': {'uuid': '7b2d8248-7bac-49ee-97ec-87ac1774b441', 'username': 'whitepeacock569', 'password': 'hunting', 'salt': 'ERPXM43g', 'md5': '9ff8c90bf101694d5a1bcca864d07d40', 'sha1': 'b4082134c1272c2abd48f94af9357717370df102', 'sha256': 'f019c8ed2c2b4a7bff200342cb4ea6b511c87cb99a42061ae3d4252389e20ffb'}, 'dob': {'date': '1969-07-19T17:20:22.455Z', 'age': 54}, 'registered': {'date': '2015-11-28T03:07:15.925Z', 'age': 8}, 'phone': '(04) 4273-2077', 'cell': '(88) 3062-7505', 'id': {'name': 'CPF', 'value': '135.247.725-04'}, 'picture': {'large': 'https://randomuser.me/api/portraits/men/79.jpg', 'medium': 'https://randomuser.me/api/portraits/med/men/79.jpg', 'thumbnail': 'https://randomuser.me/api/portraits/thumb/men/79.jpg'}, 'nat': 'BR'}</msg>
<arg>${json_data['results'][0]}</arg>
<doc>Logs the given message with the given level.</doc>
<status status="PASS" start="2024-07-07T03:17:36.409536" elapsed="0.000401"/>
</kw>
<kw name="Log" owner="BuiltIn">
<msg time="2024-07-07T03:17:36.410360" level="INFO">email</msg>
<arg>${key}</arg>
<doc>Logs the given message with the given level.</doc>
<status status="PASS" start="2024-07-07T03:17:36.410235" elapsed="0.000163"/>
</kw>
<var name="${key}">email</var>
<status status="PASS" start="2024-07-07T03:17:36.408862" elapsed="0.001779"/>
</iter>
<iter>
<kw name="Dictionary Should Contain Key" owner="Collections">
<arg>${json_data['results'][0]}</arg>
<arg>${key}</arg>
<doc>Fails if ``key`` is not found from ``dictionary``.</doc>
<status status="PASS" start="2024-07-07T03:17:36.410929" elapsed="0.000393"/>
</kw>
<kw name="Log" owner="BuiltIn">
<msg time="2024-07-07T03:17:36.411891" level="INFO">{'gender': 'male', 'name': {'title': 'Mr', 'first': 'Hélmut', 'last': 'Oliveira'}, 'location': {'street': {'number': 8707, 'name': 'Rua Quatro'}, 'city': 'Camaçari', 'state': 'Distrito Federal', 'country': 'Brazil', 'postcode': 59886, 'coordinates': {'latitude': '-76.9302', 'longitude': '-121.5196'}, 'timezone': {'offset': '-9:00', 'description': 'Alaska'}}, 'email': 'helmut.oliveira@example.com', 'login': {'uuid': '7b2d8248-7bac-49ee-97ec-87ac1774b441', 'username': 'whitepeacock569', 'password': 'hunting', 'salt': 'ERPXM43g', 'md5': '9ff8c90bf101694d5a1bcca864d07d40', 'sha1': 'b4082134c1272c2abd48f94af9357717370df102', 'sha256': 'f019c8ed2c2b4a7bff200342cb4ea6b511c87cb99a42061ae3d4252389e20ffb'}, 'dob': {'date': '1969-07-19T17:20:22.455Z', 'age': 54}, 'registered': {'date': '2015-11-28T03:07:15.925Z', 'age': 8}, 'phone': '(04) 4273-2077', 'cell': '(88) 3062-7505', 'id': {'name': 'CPF', 'value': '135.247.725-04'}, 'picture': {'large': 'https://randomuser.me/api/portraits/men/79.jpg', 'medium': 'https://randomuser.me/api/portraits/med/men/79.jpg', 'thumbnail': 'https://randomuser.me/api/portraits/thumb/men/79.jpg'}, 'nat': 'BR'}</msg>
<arg>${json_data['results'][0]}</arg>
<doc>Logs the given message with the given level.</doc>
<status status="PASS" start="2024-07-07T03:17:36.411527" elapsed="0.000414"/>
</kw>
<kw name="Log" owner="BuiltIn">
<msg time="2024-07-07T03:17:36.412359" level="INFO">login</msg>
<arg>${key}</arg>
<doc>Logs the given message with the given level.</doc>
<status status="PASS" start="2024-07-07T03:17:36.412234" elapsed="0.000162"/>
</kw>
<var name="${key}">login</var>
<status status="PASS" start="2024-07-07T03:17:36.410821" elapsed="0.001795"/>
</iter>
<var>${key}</var>
<value>@{expected_keys}</value>
<status status="PASS" start="2024-07-07T03:17:36.402683" elapsed="0.010053"/>
</for>
<kw name="Create List" owner="BuiltIn">
<msg time="2024-07-07T03:17:36.413056" level="INFO">${expected_keysTwo} = ['username', 'password']</msg>
<var>${expected_keysTwo}</var>
<arg>username</arg>
<arg>password</arg>
<doc>Returns a list containing given items.</doc>
<status status="PASS" start="2024-07-07T03:17:36.412922" elapsed="0.000158"/>
</kw>
<for flavor="IN">
<iter>
<kw name="Dictionary Should Contain Key" owner="Collections">
<arg>${json_data['results'][0]['login']}</arg>
<arg>${keyTwo}</arg>
<doc>Fails if ``key`` is not found from ``dictionary``.</doc>
<status status="PASS" start="2024-07-07T03:17:36.413614" elapsed="0.000478"/>
</kw>
<kw name="Dictionary Should Contain Key" owner="Collections">
<arg>${json_data['results'][0]['login']}</arg>
<arg>${keyTwo}</arg>
<doc>Fails if ``key`` is not found from ``dictionary``.</doc>
<status status="PASS" start="2024-07-07T03:17:36.414276" elapsed="0.000429"/>
</kw>
<kw name="Log" owner="BuiltIn">
<msg time="2024-07-07T03:17:36.415017" level="INFO">username</msg>
<arg>${keyTwo}</arg>
<doc>Logs the given message with the given level.</doc>
<status status="PASS" start="2024-07-07T03:17:36.414890" elapsed="0.000166"/>
</kw>
<var name="${keyTwo}">username</var>
<status status="PASS" start="2024-07-07T03:17:36.413493" elapsed="0.001786"/>
</iter>
<iter>
<kw name="Dictionary Should Contain Key" owner="Collections">
<arg>${json_data['results'][0]['login']}</arg>
<arg>${keyTwo}</arg>
<doc>Fails if ``key`` is not found from ``dictionary``.</doc>
<status status="PASS" start="2024-07-07T03:17:36.415559" elapsed="0.000381"/>
</kw>
<kw name="Dictionary Should Contain Key" owner="Collections">
<arg>${json_data['results'][0]['login']}</arg>
<arg>${keyTwo}</arg>
<doc>Fails if ``key`` is not found from ``dictionary``.</doc>
<status status="PASS" start="2024-07-07T03:17:36.416116" elapsed="0.000361"/>
</kw>
<kw name="Log" owner="BuiltIn">
<msg time="2024-07-07T03:17:36.416766" level="INFO">password</msg>
<arg>${keyTwo}</arg>
<doc>Logs the given message with the given level.</doc>
<status status="PASS" start="2024-07-07T03:17:36.416651" elapsed="0.000157"/>
</kw>
<var name="${keyTwo}">password</var>
<status status="PASS" start="2024-07-07T03:17:36.415453" elapsed="0.001578"/>
</iter>
<var>${keyTwo}</var>
<value>@{expected_keysTwo}</value>
<status status="PASS" start="2024-07-07T03:17:36.413340" elapsed="0.003812"/>
</for>
<status status="PASS" start="2024-07-07T03:17:36.310669" elapsed="0.106625"/>
</kw>
<doc>Testa a estrutura da resposta da API.</doc>
<tag>testeEstruturaResposta</tag>
<status status="PASS" start="2024-07-07T03:17:36.310130" elapsed="0.107321"/>
</test>
<test id="s1-s1-t4" name="Validar tipos de dados" line="28">
<kw name="Teste de Tipos de Dados" owner="random-user-service">
<kw name="GET On Session" owner="RequestsLibrary">
<msg time="2024-07-07T03:17:36.508616" level="INFO">GET Request : url=https://randomuser.me/api 
 path_url=/api 
 headers={'User-Agent': 'python-requests/2.32.3', 'Accept-Encoding': 'gzip, deflate', 'Accept': '*/*', 'Connection': 'keep-alive'} 
 body=None 
 </msg>
<msg time="2024-07-07T03:17:36.508723" level="INFO">GET Response : url=https://randomuser.me/api 
 status=200, reason=OK 
 headers={'Date': 'Sun, 07 Jul 2024 03:17:36 GMT', 'Content-Type': 'application/json; charset=utf-8', 'Transfer-Encoding': 'chunked', 'Connection': 'keep-alive', 'X-Powered-By': 'Express', 'Access-Control-Allow-Origin': '*', 'Cache-Control': 'no-cache', 'ETag': 'W/"49a-i4goUrGMMfSsmzLZrlLNKhphK3I"', 'Vary': 'Accept-Encoding', 'Content-Encoding': 'gzip', 'CF-Cache-Status': 'DYNAMIC', 'Report-To': '{"endpoints":[{"url":"https:\\/\\/a.nel.cloudflare.com\\/report\\/v4?s=CXnnE3P74CIRykoCNe9uJf9fYlQgtCHNQkM2%2FGFibybJ8dBRVlblKN4sWODk%2BV9ofiG8%2FR%2F3Cg36MABxJUGoUaj1vbhauHU9qDsuPhRswwM5g6kcK1vLFLVWTg7Ha9sg"}],"group":"cf-nel","max_age":604800}', 'NEL': '{"success_fraction":0,"report_to":"cf-nel","max_age":604800}', 'Server': 'cloudflare', 'CF-RAY': '89f4aeb6aac667d0-SJC', 'alt-svc': 'h3=":443"; ma=86400'} 
 body={"results":[{"gender":"female","name":{"title":"Miss","first":"Billie","last":"Craig"},"location":{"street":{"number":9431,"name":"Shady Ln Dr"},"city":"Joliet","state":"Alabama","country":"United States","postcode":45412,"coordinates":{"latitude":"83.7440","longitude":"6.1049"},"timezone":{"offset":"+3:00","description":"Baghdad, Riyadh, Moscow, St. Petersburg"}},"email":"billie.craig@example.com","login":{"uuid":"1248fb70-6bed-4543-94e2-04a3a4af8768","username":"blackbird328","password":"travis","salt":"S7Zvsn2r","md5":"815f1b2324103ccf8585a2ddc85865f6","sha1":"ebbaf903f5263e2b62c1025708432ac6f55ce13e","sha256":"0c32741af898081cd6045189fe8b49c1572900640ce300240b46d48c7b177a03"},"dob":{"date":"1980-08-26T11:02:56.161Z","age":43},"registered":{"date":"2006-01-28T01:23:32.828Z","age":18},"phone":"(469) 643-5637","cell":"(462) 860-8574","id":{"name":"SSN","value":"183-74-1695"},"picture":{"large":"https://randomuser.me/api/portraits/women/63.jpg","medium":"https://randomuser.me/api/portraits/med/women/63.jpg","thumbnail":"https://randomuser.me/api/portraits/thumb/women/63.jpg"},"nat":"US"}],"info":{"seed":"98f1ee6935f845db","results":1,"page":1,"version":"1.4"}} 
 </msg>
<msg time="2024-07-07T03:17:36.508804" level="INFO">/opt/hostedtoolcache/Python/3.12.4/x64/lib/python3.12/site-packages/urllib3/connectionpool.py:1099: InsecureRequestWarning: Unverified HTTPS request is being made to host 'randomuser.me'. Adding certificate verification is strongly advised. See: https://urllib3.readthedocs.io/en/latest/advanced-usage.html#tls-warnings
  warnings.warn(</msg>
<msg time="2024-07-07T03:17:36.508967" level="INFO">${response} = &lt;Response [200]&gt;</msg>
<var>${response}</var>
<arg>consultarAPI</arg>
<arg>/api</arg>
<doc>Sends a GET request on a previously created HTTP Session.</doc>
<status status="PASS" start="2024-07-07T03:17:36.420106" elapsed="0.088913"/>
</kw>
<kw name="Set Variable" owner="BuiltIn">
<msg time="2024-07-07T03:17:36.510072" level="INFO">${json_data} = {'results': [{'gender': 'female', 'name': {'title': 'Miss', 'first': 'Billie', 'last': 'Craig'}, 'location': {'street': {'number': 9431, 'name': 'Shady Ln Dr'}, 'city': 'Joliet', 'state': 'Alabama', '...</msg>
<var>${json_data}</var>
<arg>${response.json()}</arg>
<doc>Returns the given values which can then be assigned to a variables.</doc>
<status status="PASS" start="2024-07-07T03:17:36.509551" elapsed="0.000553"/>
</kw>
<kw name="Log" owner="BuiltIn">
<msg time="2024-07-07T03:17:36.510621" level="INFO">{'results': [{'gender': 'female', 'name': {'title': 'Miss', 'first': 'Billie', 'last': 'Craig'}, 'location': {'street': {'number': 9431, 'name': 'Shady Ln Dr'}, 'city': 'Joliet', 'state': 'Alabama', 'country': 'United States', 'postcode': 45412, 'coordinates': {'latitude': '83.7440', 'longitude': '6.1049'}, 'timezone': {'offset': '+3:00', 'description': 'Baghdad, Riyadh, Moscow, St. Petersburg'}}, 'email': 'billie.craig@example.com', 'login': {'uuid': '1248fb70-6bed-4543-94e2-04a3a4af8768', 'username': 'blackbird328', 'password': 'travis', 'salt': 'S7Zvsn2r', 'md5': '815f1b2324103ccf8585a2ddc85865f6', 'sha1': 'ebbaf903f5263e2b62c1025708432ac6f55ce13e', 'sha256': '0c32741af898081cd6045189fe8b49c1572900640ce300240b46d48c7b177a03'}, 'dob': {'date': '1980-08-26T11:02:56.161Z', 'age': 43}, 'registered': {'date': '2006-01-28T01:23:32.828Z', 'age': 18}, 'phone': '(469) 643-5637', 'cell': '(462) 860-8574', 'id': {'name': 'SSN', 'value': '183-74-1695'}, 'picture': {'large': 'https://randomuser.me/api/portraits/women/63.jpg', 'medium': 'https://randomuser.me/api/portraits/med/women/63.jpg', 'thumbnail': 'https://randomuser.me/api/portraits/thumb/women/63.jpg'}, 'nat': 'US'}], 'info': {'seed': '98f1ee6935f845db', 'results': 1, 'page': 1, 'version': '1.4'}}</msg>
<arg>${json_data}</arg>
<doc>Logs the given message with the given level.</doc>
<status status="PASS" start="2024-07-07T03:17:36.510453" elapsed="0.000221"/>
</kw>
<kw name="Should Be String" owner="String">
<arg>${json_data['results'][0]['gender']}</arg>
<doc>Fails if the given ``item`` is not a string.</doc>
<status status="PASS" start="2024-07-07T03:17:36.510976" elapsed="0.000367"/>
</kw>
<kw name="Should Match Regexp" owner="BuiltIn">
<arg>${json_data['results'][0]['email']}</arg>
<arg>^[a-zA-Z0-9._%+-]+@[a-zA-Z0-9.-]+\.[a-zA-Z]{2,}$</arg>
<doc>Fails if ``string`` does not match ``pattern`` as a regular expression.</doc>
<status status="PASS" start="2024-07-07T03:17:36.511535" elapsed="0.000536"/>
</kw>
<kw name="Should Match Regexp" owner="BuiltIn">
<arg>${json_data['results'][0]['dob']['date']}</arg>
<arg>\\d{4}-\\d{2}-\\d{2}T\\d{2}:\\d{2}:\\d{2}\\.\\d{3}Z</arg>
<doc>Fails if ``string`` does not match ``pattern`` as a regular expression.</doc>
<status status="PASS" start="2024-07-07T03:17:36.512304" elapsed="0.000492"/>
</kw>
<kw name="Should Match Regexp" owner="BuiltIn">
<arg>${json_data['results'][0]['registered']['date']}</arg>
<arg>\\d{4}-\\d{2}-\\d{2}T\\d{2}:\\d{2}:\\d{2}\\.\\d{3}Z</arg>
<doc>Fails if ``string`` does not match ``pattern`` as a regular expression.</doc>
<status status="PASS" start="2024-07-07T03:17:36.513006" elapsed="0.000369"/>
</kw>
<kw name="Should Match Regexp" owner="BuiltIn">
<arg>${json_data['results'][0]['picture']['large']}</arg>
<arg>^https?://.*\.(?:png|jpe?g|gif|bmp)$</arg>
<doc>Fails if ``string`` does not match ``pattern`` as a regular expression.</doc>
<status status="PASS" start="2024-07-07T03:17:36.513561" elapsed="0.000461"/>
</kw>
<kw name="Should Match Regexp" owner="BuiltIn">
<arg>${json_data['results'][0]['picture']['medium']}</arg>
<arg>^https?://.*\.(?:png|jpe?g|gif|bmp)$</arg>
<doc>Fails if ``string`` does not match ``pattern`` as a regular expression.</doc>
<status status="PASS" start="2024-07-07T03:17:36.514211" elapsed="0.000384"/>
</kw>
<kw name="Should Match Regexp" owner="BuiltIn">
<arg>${json_data['results'][0]['picture']['thumbnail']}</arg>
<arg>^https?://.*\.(?:png|jpe?g|gif|bmp)$</arg>
<doc>Fails if ``string`` does not match ``pattern`` as a regular expression.</doc>
<status status="PASS" start="2024-07-07T03:17:36.514782" elapsed="0.000367"/>
</kw>
<kw name="Log" owner="BuiltIn">
<msg time="2024-07-07T03:17:36.515668" level="INFO">{'large': 'https://randomuser.me/api/portraits/women/63.jpg', 'medium': 'https://randomuser.me/api/portraits/med/women/63.jpg', 'thumbnail': 'https://randomuser.me/api/portraits/thumb/women/63.jpg'}</msg>
<arg>${json_data['results'][0]['picture']}</arg>
<doc>Logs the given message with the given level.</doc>
<status status="PASS" start="2024-07-07T03:17:36.515336" elapsed="0.000376"/>
</kw>
<status status="PASS" start="2024-07-07T03:17:36.419881" elapsed="0.096094"/>
</kw>
<kw name="Teste de Tipos de Dados - Postcode" owner="random-user-service">
<kw name="GET On Session" owner="RequestsLibrary">
<msg time="2024-07-07T03:17:36.604106" level="INFO">GET Request : url=https://randomuser.me/api 
 path_url=/api 
 headers={'User-Agent': 'python-requests/2.32.3', 'Accept-Encoding': 'gzip, deflate', 'Accept': '*/*', 'Connection': 'keep-alive'} 
 body=None 
 </msg>
<msg time="2024-07-07T03:17:36.604206" level="INFO">GET Response : url=https://randomuser.me/api 
 status=200, reason=OK 
 headers={'Date': 'Sun, 07 Jul 2024 03:17:36 GMT', 'Content-Type': 'application/json; charset=utf-8', 'Transfer-Encoding': 'chunked', 'Connection': 'keep-alive', 'X-Powered-By': 'Express', 'Access-Control-Allow-Origin': '*', 'Cache-Control': 'no-cache', 'ETag': 'W/"48d-fR5VWDpmtxHIatxyRzg4BXgvuHA"', 'Vary': 'Accept-Encoding', 'Content-Encoding': 'gzip', 'CF-Cache-Status': 'DYNAMIC', 'Report-To': '{"endpoints":[{"url":"https:\\/\\/a.nel.cloudflare.com\\/report\\/v4?s=VCVe9t3RoKaqb1lyU8zg4xT7fv%2FdxCnzlWCIZ26gneTSmtSWmGOx%2BlhrD0BZH6a6m9tC7yKZoiVJFz3xs%2FbrNKSTGJ4UBVBlcvyZeV%2FYTSCOplakPnwabbxJYhzIRrZ1"}],"group":"cf-nel","max_age":604800}', 'NEL': '{"success_fraction":0,"report_to":"cf-nel","max_age":604800}', 'Server': 'cloudflare', 'CF-RAY': '89f4aeb73b1a67d0-SJC', 'alt-svc': 'h3=":443"; ma=86400'} 
 body={"results":[{"gender":"female","name":{"title":"Ms","first":"Avery","last":"Wheeler"},"location":{"street":{"number":9261,"name":"Mcclellan Rd"},"city":"Bowral","state":"Western Australia","country":"Australia","postcode":9966,"coordinates":{"latitude":"-82.8642","longitude":"78.4576"},"timezone":{"offset":"+7:00","description":"Bangkok, Hanoi, Jakarta"}},"email":"avery.wheeler@example.com","login":{"uuid":"1fdce72f-bb53-4725-ac5b-10931de11a58","username":"sadbutterfly146","password":"element","salt":"SupEktxV","md5":"e8e7121047e46f3478adb8cee3bdd03e","sha1":"2930fce9449078f29ff4573c6070ce1501ac196e","sha256":"968bae296097dc3b18edcb48639c62a97e46f010b9bb862cce8ccecc67cea47e"},"dob":{"date":"1979-12-30T08:26:39.924Z","age":44},"registered":{"date":"2006-04-04T19:52:57.373Z","age":18},"phone":"08-9006-3549","cell":"0466-852-633","id":{"name":"TFN","value":"575608939"},"picture":{"large":"https://randomuser.me/api/portraits/women/9.jpg","medium":"https://randomuser.me/api/portraits/med/women/9.jpg","thumbnail":"https://randomuser.me/api/portraits/thumb/women/9.jpg"},"nat":"AU"}],"info":{"seed":"679038fa0710bbe9","results":1,"page":1,"version":"1.4"}} 
 </msg>
<msg time="2024-07-07T03:17:36.604287" level="INFO">/opt/hostedtoolcache/Python/3.12.4/x64/lib/python3.12/site-packages/urllib3/connectionpool.py:1099: InsecureRequestWarning: Unverified HTTPS request is being made to host 'randomuser.me'. Adding certificate verification is strongly advised. See: https://urllib3.readthedocs.io/en/latest/advanced-usage.html#tls-warnings
  warnings.warn(</msg>
<msg time="2024-07-07T03:17:36.604422" level="INFO">${response} = &lt;Response [200]&gt;</msg>
<var>${response}</var>
<arg>consultarAPI</arg>
<arg>/api</arg>
<doc>Sends a GET request on a previously created HTTP Session.</doc>
<status status="PASS" start="2024-07-07T03:17:36.516438" elapsed="0.088036"/>
</kw>
<kw name="Set Variable" owner="BuiltIn">
<msg time="2024-07-07T03:17:36.605589" level="INFO">${json_data} = {'results': [{'gender': 'female', 'name': {'title': 'Ms', 'first': 'Avery', 'last': 'Wheeler'}, 'location': {'street': {'number': 9261, 'name': 'Mcclellan Rd'}, 'city': 'Bowral', 'state': 'Western Aus...</msg>
<var>${json_data}</var>
<arg>${response.json()}</arg>
<doc>Returns the given values which can then be assigned to a variables.</doc>
<status status="PASS" start="2024-07-07T03:17:36.605024" elapsed="0.000595"/>
</kw>
<kw name="Log" owner="BuiltIn">
<msg time="2024-07-07T03:17:36.606100" level="INFO">{'results': [{'gender': 'female', 'name': {'title': 'Ms', 'first': 'Avery', 'last': 'Wheeler'}, 'location': {'street': {'number': 9261, 'name': 'Mcclellan Rd'}, 'city': 'Bowral', 'state': 'Western Australia', 'country': 'Australia', 'postcode': 9966, 'coordinates': {'latitude': '-82.8642', 'longitude': '78.4576'}, 'timezone': {'offset': '+7:00', 'description': 'Bangkok, Hanoi, Jakarta'}}, 'email': 'avery.wheeler@example.com', 'login': {'uuid': '1fdce72f-bb53-4725-ac5b-10931de11a58', 'username': 'sadbutterfly146', 'password': 'element', 'salt': 'SupEktxV', 'md5': 'e8e7121047e46f3478adb8cee3bdd03e', 'sha1': '2930fce9449078f29ff4573c6070ce1501ac196e', 'sha256': '968bae296097dc3b18edcb48639c62a97e46f010b9bb862cce8ccecc67cea47e'}, 'dob': {'date': '1979-12-30T08:26:39.924Z', 'age': 44}, 'registered': {'date': '2006-04-04T19:52:57.373Z', 'age': 18}, 'phone': '08-9006-3549', 'cell': '0466-852-633', 'id': {'name': 'TFN', 'value': '575608939'}, 'picture': {'large': 'https://randomuser.me/api/portraits/women/9.jpg', 'medium': 'https://randomuser.me/api/portraits/med/women/9.jpg', 'thumbnail': 'https://randomuser.me/api/portraits/thumb/women/9.jpg'}, 'nat': 'AU'}], 'info': {'seed': '679038fa0710bbe9', 'results': 1, 'page': 1, 'version': '1.4'}}</msg>
<arg>${json_data}</arg>
<doc>Logs the given message with the given level.</doc>
<status status="PASS" start="2024-07-07T03:17:36.605939" elapsed="0.000210"/>
</kw>
<kw name="Should Be Equal As Numbers" owner="BuiltIn">
<arg>${json_data['results'][0]['location']['postcode']}</arg>
<arg>${json_data['results'][0]['location']['postcode']}</arg>
<doc>Fails if objects are unequal after converting them to real numbers.</doc>
<status status="PASS" start="2024-07-07T03:17:36.606478" elapsed="0.000654"/>
</kw>
<kw name="Log" owner="BuiltIn">
<msg time="2024-07-07T03:17:36.607675" level="INFO">9966</msg>
<arg>${json_data['results'][0]['location']['postcode']}</arg>
<doc>Logs the given message with the given level.</doc>
<status status="PASS" start="2024-07-07T03:17:36.607327" elapsed="0.000390"/>
</kw>
<status status="PASS" start="2024-07-07T03:17:36.516206" elapsed="0.091797"/>
</kw>
<doc>Testa se os tipos de dados na resposta da API estão corretos.</doc>
<tag>testeTiposDados</tag>
<status status="PASS" start="2024-07-07T03:17:36.419233" elapsed="0.188948"/>
</test>
<test id="s1-s1-t5" name="Validar conteudo" line="35">
<kw name="Teste de Tipos de Conteudo" owner="random-user-service">
<kw name="GET On Session" owner="RequestsLibrary">
<msg time="2024-07-07T03:17:36.712120" level="INFO">GET Request : url=https://randomuser.me/api 
 path_url=/api 
 headers={'User-Agent': 'python-requests/2.32.3', 'Accept-Encoding': 'gzip, deflate', 'Accept': '*/*', 'Connection': 'keep-alive'} 
 body=None 
 </msg>
<msg time="2024-07-07T03:17:36.712214" level="INFO">GET Response : url=https://randomuser.me/api 
 status=200, reason=OK 
 headers={'Date': 'Sun, 07 Jul 2024 03:17:36 GMT', 'Content-Type': 'application/json; charset=utf-8', 'Transfer-Encoding': 'chunked', 'Connection': 'keep-alive', 'X-Powered-By': 'Express', 'Access-Control-Allow-Origin': '*', 'Cache-Control': 'no-cache', 'ETag': 'W/"4a3-0zHflupdggOivHyBJdOJtUy/HQ0"', 'Vary': 'Accept-Encoding', 'Content-Encoding': 'gzip', 'CF-Cache-Status': 'DYNAMIC', 'Report-To': '{"endpoints":[{"url":"https:\\/\\/a.nel.cloudflare.com\\/report\\/v4?s=AQ7Zv%2Fz9BJyPnm%2BuTpYhK53jZcCJXuLRh7umrj0SnKm8KJ7RNTHZQijjBRVBLSL4Kid6ja1hAIclJNxtOnfIVDtTx8usN9zaVOwjc0rQfbHWvkV%2BNipljWcld8Sl%2FmKV"}],"group":"cf-nel","max_age":604800}', 'NEL': '{"success_fraction":0,"report_to":"cf-nel","max_age":604800}', 'Server': 'cloudflare', 'CF-RAY': '89f4aeb7db8767d0-SJC', 'alt-svc': 'h3=":443"; ma=86400'} 
 body={"results":[{"gender":"female","name":{"title":"Mrs","first":"Quísnia","last":"Almeida"},"location":{"street":{"number":6614,"name":"Rua São João "},"city":"Igarassu","state":"Piauí","country":"Brazil","postcode":10338,"coordinates":{"latitude":"-78.9424","longitude":"175.1776"},"timezone":{"offset":"-6:00","description":"Central Time (US &amp; Canada), Mexico City"}},"email":"quisnia.almeida@example.com","login":{"uuid":"c093ac6a-0a8a-464f-b5a4-3e3d5718e2ec","username":"crazyduck927","password":"normal","salt":"OFNxq8mu","md5":"651e7e503dc48272b9aa1635cbc449cd","sha1":"bf5c4b648f7e8e92ed7b95f5bb1a5adf27c6ddcc","sha256":"354422918070f35fe3c4c6bf950604aafae76a1ae73c47e13d63b8c3c68f82d2"},"dob":{"date":"1955-05-01T01:05:11.991Z","age":69},"registered":{"date":"2019-10-11T15:04:25.610Z","age":4},"phone":"(40) 5819-7193","cell":"(31) 3579-5571","id":{"name":"CPF","value":"437.015.148-98"},"picture":{"large":"https://randomuser.me/api/portraits/women/36.jpg","medium":"https://randomuser.me/api/portraits/med/women/36.jpg","thumbnail":"https://randomuser.me/api/portraits/thumb/women/36.jpg"},"nat":"BR"}],"info":{"seed":"6002e6e2ccf05682","results":1,"page":1,"version":"1.4"}} 
 </msg>
<msg time="2024-07-07T03:17:36.712313" level="INFO">/opt/hostedtoolcache/Python/3.12.4/x64/lib/python3.12/site-packages/urllib3/connectionpool.py:1099: InsecureRequestWarning: Unverified HTTPS request is being made to host 'randomuser.me'. Adding certificate verification is strongly advised. See: https://urllib3.readthedocs.io/en/latest/advanced-usage.html#tls-warnings
  warnings.warn(</msg>
<msg time="2024-07-07T03:17:36.712449" level="INFO">${response} = &lt;Response [200]&gt;</msg>
<var>${response}</var>
<arg>consultarAPI</arg>
<arg>/api</arg>
<doc>Sends a GET request on a previously created HTTP Session.</doc>
<status status="PASS" start="2024-07-07T03:17:36.611194" elapsed="0.101307"/>
</kw>
<kw name="Set Variable" owner="BuiltIn">
<msg time="2024-07-07T03:17:36.713657" level="INFO">${json_data} = {'results': [{'gender': 'female', 'name': {'title': 'Mrs', 'first': 'Quísnia', 'last': 'Almeida'}, 'location': {'street': {'number': 6614, 'name': 'Rua São João '}, 'city': 'Igarassu', 'state': 'Piauí...</msg>
<var>${json_data}</var>
<arg>${response.json()}</arg>
<doc>Returns the given values which can then be assigned to a variables.</doc>
<status status="PASS" start="2024-07-07T03:17:36.713069" elapsed="0.000619"/>
</kw>
<kw name="Set Variable" owner="BuiltIn">
<msg time="2024-07-07T03:17:36.714389" level="INFO">${name_title} = Mrs</msg>
<var>${name_title}</var>
<arg>${json_data["results"][0]["name"]["title"]}</arg>
<doc>Returns the given values which can then be assigned to a variables.</doc>
<status status="PASS" start="2024-07-07T03:17:36.714002" elapsed="0.000446"/>
</kw>
<kw name="Create List" owner="BuiltIn">
<msg time="2024-07-07T03:17:36.714922" level="INFO">${allowed_titles} = ['Mr', 'Ms', 'Miss', 'Mrs', 'Madame', 'Monsieur']</msg>
<var>${allowed_titles}</var>
<arg>Mr</arg>
<arg>Ms</arg>
<arg>Miss</arg>
<arg>Mrs</arg>
<arg>Madame</arg>
<arg>Monsieur</arg>
<doc>Returns a list containing given items.</doc>
<status status="PASS" start="2024-07-07T03:17:36.714769" elapsed="0.000179"/>
</kw>
<kw name="List Should Contain Value" owner="Collections">
<arg>${allowed_titles}</arg>
<arg>${name_title}</arg>
<doc>Fails if the ``value`` is not found from ``list``.</doc>
<status status="PASS" start="2024-07-07T03:17:36.715250" elapsed="0.000201"/>
</kw>
<kw name="Set Variable" owner="BuiltIn">
<msg time="2024-07-07T03:17:36.716165" level="INFO">${name_country} = BR</msg>
<var>${name_country}</var>
<arg>${json_data["results"][0]["nat"]}</arg>
<doc>Returns the given values which can then be assigned to a variables.</doc>
<status status="PASS" start="2024-07-07T03:17:36.715771" elapsed="0.000420"/>
</kw>
<kw name="Create List" owner="BuiltIn">
<msg time="2024-07-07T03:17:36.717095" level="INFO">${list_country} = ['AD', 'AE', 'AF', 'AG', 'AI', 'AL', 'AM', 'AO', 'AQ', 'AR', 'AS', 'AT', 'AU', 'AW', 'AX', 'AZ', 'BA', 'BB', 'BD', 'BE', 'BF', 'BG', 'BH', 'BI', 'BJ', 'BL', 'BM', 'BN', 'BO', 'BQ', 'BR', 'BS', 'BT', '...</msg>
<var>${list_country}</var>
<arg>AD</arg>
<arg>AE</arg>
<arg>AF</arg>
<arg>AG</arg>
<arg>AI</arg>
<arg>AL</arg>
<arg>AM</arg>
<arg>AO</arg>
<arg>AQ</arg>
<arg>AR</arg>
<arg>AS</arg>
<arg>AT</arg>
<arg>AU</arg>
<arg>AW</arg>
<arg>AX</arg>
<arg>AZ</arg>
<arg>BA</arg>
<arg>BB</arg>
<arg>BD</arg>
<arg>BE</arg>
<arg>BF</arg>
<arg>BG</arg>
<arg>BH</arg>
<arg>BI</arg>
<arg>BJ</arg>
<arg>BL</arg>
<arg>BM</arg>
<arg>BN</arg>
<arg>BO</arg>
<arg>BQ</arg>
<arg>BR</arg>
<arg>BS</arg>
<arg>BT</arg>
<arg>BV</arg>
<arg>BW</arg>
<arg>BY</arg>
<arg>BZ</arg>
<arg>CA</arg>
<arg>CC</arg>
<arg>CD</arg>
<arg>CF</arg>
<arg>CG</arg>
<arg>CH</arg>
<arg>CI</arg>
<arg>CK</arg>
<arg>CL</arg>
<arg>CM</arg>
<arg>CN</arg>
<arg>CO</arg>
<arg>CR</arg>
<arg>CU</arg>
<arg>CV</arg>
<arg>CW</arg>
<arg>CX</arg>
<arg>CY</arg>
<arg>CZ</arg>
<arg>DE</arg>
<arg>DJ</arg>
<arg>DK</arg>
<arg>DM</arg>
<arg>DO</arg>
<arg>DZ</arg>
<arg>EC</arg>
<arg>EE</arg>
<arg>EG</arg>
<arg>EH</arg>
<arg>ER</arg>
<arg>ES</arg>
<arg>ET</arg>
<arg>FI</arg>
<arg>FJ</arg>
<arg>FK</arg>
<arg>FM</arg>
<arg>FO</arg>
<arg>FR</arg>
<arg>GA</arg>
<arg>GB</arg>
<arg>GD</arg>
<arg>GE</arg>
<arg>GF</arg>
<arg>GG</arg>
<arg>GH</arg>
<arg>GI</arg>
<arg>GL</arg>
<arg>GM</arg>
<arg>GN</arg>
<arg>GP</arg>
<arg>GQ</arg>
<arg>GR</arg>
<arg>GS</arg>
<arg>GT</arg>
<arg>GU</arg>
<arg>GW</arg>
<arg>GY</arg>
<arg>HK</arg>
<arg>HM</arg>
<arg>HN</arg>
<arg>HR</arg>
<arg>HT</arg>
<arg>HU</arg>
<arg>ID</arg>
<arg>IE</arg>
<arg>IL</arg>
<arg>IM</arg>
<arg>IN</arg>
<arg>IO</arg>
<arg>IQ</arg>
<arg>IR</arg>
<arg>IS</arg>
<arg>IT</arg>
<arg>JE</arg>
<arg>JM</arg>
<arg>JO</arg>
<arg>JP</arg>
<arg>KE</arg>
<arg>KG</arg>
<arg>KH</arg>
<arg>KI</arg>
<arg>KM</arg>
<arg>KN</arg>
<arg>KP</arg>
<arg>KR</arg>
<arg>KW</arg>
<arg>KY</arg>
<arg>KZ</arg>
<arg>LA</arg>
<arg>LB</arg>
<arg>LC</arg>
<arg>LI</arg>
<arg>LK</arg>
<arg>LR</arg>
<arg>LS</arg>
<arg>LT</arg>
<arg>LU</arg>
<arg>LV</arg>
<arg>LY</arg>
<arg>MA</arg>
<arg>MC</arg>
<arg>MD</arg>
<arg>ME</arg>
<arg>MF</arg>
<arg>MG</arg>
<arg>MH</arg>
<arg>MK</arg>
<arg>ML</arg>
<arg>MM</arg>
<arg>MN</arg>
<arg>MO</arg>
<arg>MP</arg>
<arg>MQ</arg>
<arg>MR</arg>
<arg>MS</arg>
<arg>MT</arg>
<arg>MU</arg>
<arg>MV</arg>
<arg>MW</arg>
<arg>MX</arg>
<arg>MY</arg>
<arg>MZ</arg>
<arg>NA</arg>
<arg>NC</arg>
<arg>NE</arg>
<arg>NF</arg>
<arg>NG</arg>
<arg>NI</arg>
<arg>NL</arg>
<arg>NO</arg>
<arg>NP</arg>
<arg>NR</arg>
<arg>NU</arg>
<arg>NZ</arg>
<arg>OM</arg>
<arg>PA</arg>
<arg>PE</arg>
<arg>PF</arg>
<arg>PG</arg>
<arg>PH</arg>
<arg>PK</arg>
<arg>PL</arg>
<arg>PM</arg>
<arg>PN</arg>
<arg>PR</arg>
<arg>PS</arg>
<arg>PT</arg>
<arg>PW</arg>
<arg>PY</arg>
<arg>QA</arg>
<arg>RE</arg>
<arg>RO</arg>
<arg>RS</arg>
<arg>RU</arg>
<arg>RW</arg>
<arg>SA</arg>
<arg>SB</arg>
<arg>SC</arg>
<arg>SD</arg>
<arg>SE</arg>
<arg>SG</arg>
<arg>SH</arg>
<arg>SI</arg>
<arg>SJ</arg>
<arg>SK</arg>
<arg>SL</arg>
<arg>SM</arg>
<arg>SN</arg>
<arg>SO</arg>
<arg>SR</arg>
<arg>SS</arg>
<arg>ST</arg>
<arg>SV</arg>
<arg>SX</arg>
<arg>SY</arg>
<arg>SZ</arg>
<arg>TC</arg>
<arg>TD</arg>
<arg>TF</arg>
<arg>TG</arg>
<arg>TH</arg>
<arg>TJ</arg>
<arg>TK</arg>
<arg>TL</arg>
<arg>TM</arg>
<arg>TN</arg>
<arg>TO</arg>
<arg>TR</arg>
<arg>TT</arg>
<arg>TV</arg>
<arg>TW</arg>
<arg>TZ</arg>
<arg>UA</arg>
<arg>UG</arg>
<arg>UM</arg>
<arg>US</arg>
<arg>UY</arg>
<arg>UZ</arg>
<arg>VA</arg>
<arg>VC</arg>
<arg>VE</arg>
<arg>VG</arg>
<arg>VI</arg>
<arg>VN</arg>
<arg>VU</arg>
<arg>WF</arg>
<arg>WS</arg>
<arg>XK</arg>
<arg>YE</arg>
<arg>YT</arg>
<arg>ZA</arg>
<arg>ZM</arg>
<arg>ZW</arg>
<doc>Returns a list containing given items.</doc>
<status status="PASS" start="2024-07-07T03:17:36.716497" elapsed="0.000624"/>
</kw>
<kw name="List Should Contain Value" owner="Collections">
<arg>${list_country}</arg>
<arg>${name_country}</arg>
<doc>Fails if the ``value`` is not found from ``list``.</doc>
<status status="PASS" start="2024-07-07T03:17:36.717913" elapsed="0.000206"/>
</kw>
<kw name="Run Keyword If" owner="BuiltIn">
<kw name="Should Be True" owner="BuiltIn">
<arg>${True}</arg>
<doc>Fails if the given condition is not true.</doc>
<status status="PASS" start="2024-07-07T03:17:36.719090" elapsed="0.000149"/>
</kw>
<arg>${json_data["results"][0]["location"]["coordinates"]["latitude"]} &gt;= -90 and ${json_data["results"][0]["location"]["coordinates"]["latitude"]} &lt;= 90</arg>
<arg>Should Be True</arg>
<arg>${True}</arg>
<doc>Runs the given keyword with the given arguments, if ``condition`` is true.</doc>
<status status="PASS" start="2024-07-07T03:17:36.718316" elapsed="0.001051"/>
</kw>
<kw name="Run Keyword If" owner="BuiltIn">
<kw name="Should Be True" owner="BuiltIn">
<arg>${True}</arg>
<doc>Fails if the given condition is not true.</doc>
<status status="PASS" start="2024-07-07T03:17:36.720341" elapsed="0.000168"/>
</kw>
<arg>${json_data["results"][0]["location"]["coordinates"]["longitude"]} &gt;= -180 and ${json_data["results"][0]["location"]["coordinates"]["longitude"]} &lt;= 180</arg>
<arg>Should Be True</arg>
<arg>${True}</arg>
<doc>Runs the given keyword with the given arguments, if ``condition`` is true.</doc>
<status status="PASS" start="2024-07-07T03:17:36.719560" elapsed="0.001109"/>
</kw>
<status status="PASS" start="2024-07-07T03:17:36.610806" elapsed="0.110031"/>
</kw>
<doc>Testa o conteúdo específico dos campos retornados pela API.</doc>
<tag>testeConteudo</tag>
<status status="PASS" start="2024-07-07T03:17:36.610317" elapsed="0.110714"/>
</test>
<status status="PASS" start="2024-07-07T03:17:35.844610" elapsed="0.878771"/>
</suite>
<status status="PASS" start="2024-07-07T03:17:35.830184" elapsed="0.898384"/>
</suite>
<statistics>
<total>
<stat pass="5" fail="0" skip="0">All Tests</stat>
</total>
<tag>
<stat pass="1" fail="0" skip="0">testeConteudo</stat>
<stat pass="1" fail="0" skip="0">testeEstruturaResposta</stat>
<stat pass="1" fail="0" skip="0">testeRequisicaoBasica</stat>
<stat pass="1" fail="0" skip="0">testeTiposDados</stat>
</tag>
<suite>
<stat pass="5" fail="0" skip="0" id="s1" name="Tests">Tests</stat>
<stat pass="5" fail="0" skip="0" id="s1-s1" name="Random-User-Test">Tests.Random-User-Test</stat>
</suite>
</statistics>
<errors>
</errors>
</robot>
