<?xml version="1.0" encoding="UTF-8"?>
<robot generator="Robot 7.0 (Python 3.12.3 on linux)" generated="2024-05-30T10:16:16.447008" rpa="false" schemaversion="5">
<suite id="s1" name="Tests" source="/home/runner/work/ApiRandomUser/ApiRandomUser/RamdonUser/tests">
<suite id="s1-s1" name="Random-User-Test" source="/home/runner/work/ApiRandomUser/ApiRandomUser/RamdonUser/tests/random-user-test.robot">
<test id="s1-s1-t1" name="Conectar" line="13">
<kw name="Conectar API" owner="random-user-service">
<kw name="Create Session" owner="RequestsLibrary">
<msg time="2024-05-30T10:16:16.851924" level="INFO">Creating Session using : alias=consultarAPI, url=https://randomuser.me/, headers={},                     cookies={}, auth=None, timeout=None, proxies=None, verify=False,                     debug=0 </msg>
<arg>consultarAPI</arg>
<arg>${URL}</arg>
<doc>Create Session: create a HTTP session to a server</doc>
<status status="PASS" start="2024-05-30T10:16:16.851697" elapsed="0.000389"/>
</kw>
<status status="PASS" start="2024-05-30T10:16:16.850775" elapsed="0.001656"/>
</kw>
<status status="PASS" start="2024-05-30T10:16:16.850188" elapsed="0.002434"/>
</test>
<test id="s1-s1-t2" name="Validar retorno 200 e JSON Válido" line="16">
<kw name="Teste de Requisicao Basica" owner="random-user-service">
<kw name="GET On Session" owner="RequestsLibrary">
<msg time="2024-05-30T10:16:17.047277" level="INFO">GET Request : url=https://randomuser.me/api 
 path_url=/api 
 headers={'User-Agent': 'python-requests/2.32.3', 'Accept-Encoding': 'gzip, deflate', 'Accept': '*/*', 'Connection': 'keep-alive'} 
 body=None 
 </msg>
<msg time="2024-05-30T10:16:17.047418" level="INFO">GET Response : url=https://randomuser.me/api 
 status=200, reason=OK 
 headers={'Date': 'Thu, 30 May 2024 10:16:17 GMT', 'Content-Type': 'application/json; charset=utf-8', 'Transfer-Encoding': 'chunked', 'Connection': 'keep-alive', 'X-Powered-By': 'Express', 'Access-Control-Allow-Origin': '*', 'Cache-Control': 'no-cache', 'ETag': 'W/"494-TZ3YabmMlQacb0gVzFVOVQiM6GQ"', 'Vary': 'Accept-Encoding', 'Content-Encoding': 'gzip', 'CF-Cache-Status': 'DYNAMIC', 'Report-To': '{"endpoints":[{"url":"https:\\/\\/a.nel.cloudflare.com\\/report\\/v4?s=VLexlcxqM4CUP%2ByiLC8IXuh41rhyXdpoiEuGVbTDRkbb9U%2F55%2Bip5qrFixNVyw3Y5Z8EMyVkRwxWgpMN1YHAYIgLMDlLDnKQGHneYPJcvswadGNdGl%2FqPywtNLo4rHNU"}],"group":"cf-nel","max_age":604800}', 'NEL': '{"success_fraction":0,"report_to":"cf-nel","max_age":604800}', 'Server': 'cloudflare', 'CF-RAY': '88bdf7c23d5a10d3-ORD', 'alt-svc': 'h3=":443"; ma=86400'} 
 body={"results":[{"gender":"male","name":{"title":"Mr","first":"Alan","last":"Horvei"},"location":{"street":{"number":8359,"name":"Johanne Dybwads plass"},"city":"Hauge","state":"Finnmark - Finnmárku","country":"Norway","postcode":"1369","coordinates":{"latitude":"43.2855","longitude":"-91.1772"},"timezone":{"offset":"-4:00","description":"Atlantic Time (Canada), Caracas, La Paz"}},"email":"alan.horvei@example.com","login":{"uuid":"054d6444-f1b4-4176-9084-76cb0c18a469","username":"orangefish528","password":"321321","salt":"7eSsfBxM","md5":"cf65ff3536e381d5d5121b78c6c18dc8","sha1":"1c8dbba817ac6f48a3a8fd745d0363102376b217","sha256":"01b427602c93a8088b321da10246755943b49626fb672abbed565ea90e3de805"},"dob":{"date":"1968-04-16T20:40:40.981Z","age":56},"registered":{"date":"2018-01-30T03:49:18.041Z","age":6},"phone":"27056245","cell":"98397621","id":{"name":"FN","value":"16046809738"},"picture":{"large":"https://randomuser.me/api/portraits/men/70.jpg","medium":"https://randomuser.me/api/portraits/med/men/70.jpg","thumbnail":"https://randomuser.me/api/portraits/thumb/men/70.jpg"},"nat":"NO"}],"info":{"seed":"7636169181f162b9","results":1,"page":1,"version":"1.4"}} 
 </msg>
<msg time="2024-05-30T10:16:17.047513" level="INFO">/opt/hostedtoolcache/Python/3.12.3/x64/lib/python3.12/site-packages/urllib3/connectionpool.py:1103: InsecureRequestWarning: Unverified HTTPS request is being made to host 'randomuser.me'. Adding certificate verification is strongly advised. See: https://urllib3.readthedocs.io/en/latest/advanced-usage.html#tls-warnings
  warnings.warn(</msg>
<msg time="2024-05-30T10:16:17.047688" level="INFO">${response} = &lt;Response [200]&gt;</msg>
<var>${response}</var>
<arg>consultarAPI</arg>
<arg>/api</arg>
<doc>Sends a GET request on a previously created HTTP Session.</doc>
<status status="PASS" start="2024-05-30T10:16:16.855229" elapsed="0.192501"/>
</kw>
<kw name="Should Be Equal As Numbers" owner="BuiltIn">
<msg time="2024-05-30T10:16:17.048566" level="INFO">Argument types are:
&lt;class 'int'&gt;
&lt;class 'str'&gt;</msg>
<arg>${response.status_code}</arg>
<arg>200</arg>
<doc>Fails if objects are unequal after converting them to real numbers.</doc>
<status status="PASS" start="2024-05-30T10:16:17.048158" elapsed="0.000472"/>
</kw>
<kw name="Log" owner="BuiltIn">
<msg time="2024-05-30T10:16:17.049315" level="INFO">200</msg>
<arg>${response.status_code}</arg>
<doc>Logs the given message with the given level.</doc>
<status status="PASS" start="2024-05-30T10:16:17.048961" elapsed="0.000401"/>
</kw>
<kw name="Set Variable" owner="BuiltIn">
<msg time="2024-05-30T10:16:17.050102" level="INFO">${json_data} = {'results': [{'gender': 'male', 'name': {'title': 'Mr', 'first': 'Alan', 'last': 'Horvei'}, 'location': {'street': {'number': 8359, 'name': 'Johanne Dybwads plass'}, 'city': 'Hauge', 'state': 'Finnmar...</msg>
<var>${json_data}</var>
<arg>${response.json()}</arg>
<doc>Returns the given values which can then be assigned to a variables.</doc>
<status status="PASS" start="2024-05-30T10:16:17.049670" elapsed="0.000462"/>
</kw>
<kw name="Dictionary Should Contain Key" owner="Collections">
<msg time="2024-05-30T10:16:17.050599" level="INFO">False</msg>
<arg>${json_data}</arg>
<arg>results</arg>
<doc>Fails if ``key`` is not found from ``dictionary``.</doc>
<status status="PASS" start="2024-05-30T10:16:17.050433" elapsed="0.000210"/>
</kw>
<status status="PASS" start="2024-05-30T10:16:16.854991" elapsed="0.195904"/>
</kw>
<doc>Testa se a API responde corretamente e retorna um objeto JSON válido.</doc>
<tag>testeRequisicaoBasica</tag>
<status status="PASS" start="2024-05-30T10:16:16.854459" elapsed="0.196610"/>
</test>
<test id="s1-s1-t3" name="Validar estrutura de resposta" line="22">
<kw name="Teste de Estrutura de Resposta" owner="random-user-service">
<kw name="GET On Session" owner="RequestsLibrary">
<msg time="2024-05-30T10:16:17.130382" level="INFO">GET Request : url=https://randomuser.me/api 
 path_url=/api 
 headers={'User-Agent': 'python-requests/2.32.3', 'Accept-Encoding': 'gzip, deflate', 'Accept': '*/*', 'Connection': 'keep-alive'} 
 body=None 
 </msg>
<msg time="2024-05-30T10:16:17.130467" level="INFO">GET Response : url=https://randomuser.me/api 
 status=200, reason=OK 
 headers={'Date': 'Thu, 30 May 2024 10:16:17 GMT', 'Content-Type': 'application/json; charset=utf-8', 'Transfer-Encoding': 'chunked', 'Connection': 'keep-alive', 'X-Powered-By': 'Express', 'Access-Control-Allow-Origin': '*', 'Cache-Control': 'no-cache', 'ETag': 'W/"49e-ORbg1DdcbQa7FiEg9m1hFb3uSyo"', 'Vary': 'Accept-Encoding', 'Content-Encoding': 'gzip', 'CF-Cache-Status': 'DYNAMIC', 'Report-To': '{"endpoints":[{"url":"https:\\/\\/a.nel.cloudflare.com\\/report\\/v4?s=1CDA2HnNIdkQu44VO9glFRlx4r3%2B1wAdNK9RV0wUG4cu5Ica8aXTBmF6%2BO7B5dzcBPnYhQiitSxmuILxkGP1%2BZh0TS7brGP4lrT6zHHvFIxl74ey%2F3lFkDhwRdpdHWwc"}],"group":"cf-nel","max_age":604800}', 'NEL': '{"success_fraction":0,"report_to":"cf-nel","max_age":604800}', 'Server': 'cloudflare', 'CF-RAY': '88bdf7c29da710d3-ORD', 'alt-svc': 'h3=":443"; ma=86400'} 
 body={"results":[{"gender":"female","name":{"title":"Ms","first":"Jennifer","last":"Richardson"},"location":{"street":{"number":2908,"name":"Adams St"},"city":"Milwaukee","state":"Oklahoma","country":"United States","postcode":17571,"coordinates":{"latitude":"85.8027","longitude":"37.7591"},"timezone":{"offset":"+2:00","description":"Kaliningrad, South Africa"}},"email":"jennifer.richardson@example.com","login":{"uuid":"7cd8408b-17ab-4d6f-8fad-06842c056ada","username":"ticklishbear465","password":"olympia","salt":"DOR2A0q0","md5":"deacedcfddeebcfbe7c01e46a45cdb49","sha1":"6e38f20dbebf2809ef271f7dd92af33b988f863c","sha256":"b9bb4eaaef33f4590f1bbf14e8888590e370567dbc2855c0a56b353d139d1ace"},"dob":{"date":"1973-06-11T10:03:05.528Z","age":50},"registered":{"date":"2007-07-22T03:47:24.295Z","age":16},"phone":"(803) 568-6451","cell":"(593) 861-8484","id":{"name":"SSN","value":"662-19-5417"},"picture":{"large":"https://randomuser.me/api/portraits/women/16.jpg","medium":"https://randomuser.me/api/portraits/med/women/16.jpg","thumbnail":"https://randomuser.me/api/portraits/thumb/women/16.jpg"},"nat":"US"}],"info":{"seed":"7366e8f070cc3cd4","results":1,"page":1,"version":"1.4"}} 
 </msg>
<msg time="2024-05-30T10:16:17.130589" level="INFO">/opt/hostedtoolcache/Python/3.12.3/x64/lib/python3.12/site-packages/urllib3/connectionpool.py:1103: InsecureRequestWarning: Unverified HTTPS request is being made to host 'randomuser.me'. Adding certificate verification is strongly advised. See: https://urllib3.readthedocs.io/en/latest/advanced-usage.html#tls-warnings
  warnings.warn(</msg>
<msg time="2024-05-30T10:16:17.130717" level="INFO">${response} = &lt;Response [200]&gt;</msg>
<var>${response}</var>
<arg>consultarAPI</arg>
<arg>/api</arg>
<doc>Sends a GET request on a previously created HTTP Session.</doc>
<status status="PASS" start="2024-05-30T10:16:17.053721" elapsed="0.077051"/>
</kw>
<kw name="Set Variable" owner="BuiltIn">
<msg time="2024-05-30T10:16:17.131946" level="INFO">${json_data} = {'results': [{'gender': 'female', 'name': {'title': 'Ms', 'first': 'Jennifer', 'last': 'Richardson'}, 'location': {'street': {'number': 2908, 'name': 'Adams St'}, 'city': 'Milwaukee', 'state': 'Oklaho...</msg>
<var>${json_data}</var>
<arg>${response.json()}</arg>
<doc>Returns the given values which can then be assigned to a variables.</doc>
<status status="PASS" start="2024-05-30T10:16:17.131281" elapsed="0.000701"/>
</kw>
<kw name="Log" owner="BuiltIn">
<msg time="2024-05-30T10:16:17.132450" level="INFO">{'results': [{'gender': 'female', 'name': {'title': 'Ms', 'first': 'Jennifer', 'last': 'Richardson'}, 'location': {'street': {'number': 2908, 'name': 'Adams St'}, 'city': 'Milwaukee', 'state': 'Oklahoma', 'country': 'United States', 'postcode': 17571, 'coordinates': {'latitude': '85.8027', 'longitude': '37.7591'}, 'timezone': {'offset': '+2:00', 'description': 'Kaliningrad, South Africa'}}, 'email': 'jennifer.richardson@example.com', 'login': {'uuid': '7cd8408b-17ab-4d6f-8fad-06842c056ada', 'username': 'ticklishbear465', 'password': 'olympia', 'salt': 'DOR2A0q0', 'md5': 'deacedcfddeebcfbe7c01e46a45cdb49', 'sha1': '6e38f20dbebf2809ef271f7dd92af33b988f863c', 'sha256': 'b9bb4eaaef33f4590f1bbf14e8888590e370567dbc2855c0a56b353d139d1ace'}, 'dob': {'date': '1973-06-11T10:03:05.528Z', 'age': 50}, 'registered': {'date': '2007-07-22T03:47:24.295Z', 'age': 16}, 'phone': '(803) 568-6451', 'cell': '(593) 861-8484', 'id': {'name': 'SSN', 'value': '662-19-5417'}, 'picture': {'large': 'https://randomuser.me/api/portraits/women/16.jpg', 'medium': 'https://randomuser.me/api/portraits/med/women/16.jpg', 'thumbnail': 'https://randomuser.me/api/portraits/thumb/women/16.jpg'}, 'nat': 'US'}], 'info': {'seed': '7366e8f070cc3cd4', 'results': 1, 'page': 1, 'version': '1.4'}}</msg>
<arg>${json_data}</arg>
<doc>Logs the given message with the given level.</doc>
<status status="PASS" start="2024-05-30T10:16:17.132293" elapsed="0.000210"/>
</kw>
<kw name="Dictionary Should Contain Key" owner="Collections">
<msg time="2024-05-30T10:16:17.132950" level="INFO">False</msg>
<arg>${json_data}</arg>
<arg>results</arg>
<doc>Fails if ``key`` is not found from ``dictionary``.</doc>
<status status="PASS" start="2024-05-30T10:16:17.132797" elapsed="0.000192"/>
</kw>
<kw name="Should Not Be Empty" owner="BuiltIn">
<msg time="2024-05-30T10:16:17.133423" level="INFO">Length is 2.</msg>
<arg>${json_data}</arg>
<doc>Verifies that the given item is not empty.</doc>
<status status="PASS" start="2024-05-30T10:16:17.133292" elapsed="0.000169"/>
</kw>
<kw name="Create List" owner="BuiltIn">
<msg time="2024-05-30T10:16:17.134016" level="INFO">${expected_keys} = ['gender', 'name', 'location', 'email', 'login']</msg>
<var>${expected_keys}</var>
<arg>gender</arg>
<arg>name</arg>
<arg>location</arg>
<arg>email</arg>
<arg>login</arg>
<doc>Returns a list containing given items.</doc>
<status status="PASS" start="2024-05-30T10:16:17.133746" elapsed="0.000295"/>
</kw>
<for flavor="IN">
<iter>
<kw name="Dictionary Should Contain Key" owner="Collections">
<msg time="2024-05-30T10:16:17.135018" level="INFO">False</msg>
<arg>${json_data['results'][0]}</arg>
<arg>${key}</arg>
<doc>Fails if ``key`` is not found from ``dictionary``.</doc>
<status status="PASS" start="2024-05-30T10:16:17.134624" elapsed="0.000431"/>
</kw>
<kw name="Log" owner="BuiltIn">
<msg time="2024-05-30T10:16:17.135719" level="INFO">{'gender': 'female', 'name': {'title': 'Ms', 'first': 'Jennifer', 'last': 'Richardson'}, 'location': {'street': {'number': 2908, 'name': 'Adams St'}, 'city': 'Milwaukee', 'state': 'Oklahoma', 'country': 'United States', 'postcode': 17571, 'coordinates': {'latitude': '85.8027', 'longitude': '37.7591'}, 'timezone': {'offset': '+2:00', 'description': 'Kaliningrad, South Africa'}}, 'email': 'jennifer.richardson@example.com', 'login': {'uuid': '7cd8408b-17ab-4d6f-8fad-06842c056ada', 'username': 'ticklishbear465', 'password': 'olympia', 'salt': 'DOR2A0q0', 'md5': 'deacedcfddeebcfbe7c01e46a45cdb49', 'sha1': '6e38f20dbebf2809ef271f7dd92af33b988f863c', 'sha256': 'b9bb4eaaef33f4590f1bbf14e8888590e370567dbc2855c0a56b353d139d1ace'}, 'dob': {'date': '1973-06-11T10:03:05.528Z', 'age': 50}, 'registered': {'date': '2007-07-22T03:47:24.295Z', 'age': 16}, 'phone': '(803) 568-6451', 'cell': '(593) 861-8484', 'id': {'name': 'SSN', 'value': '662-19-5417'}, 'picture': {'large': 'https://randomuser.me/api/portraits/women/16.jpg', 'medium': 'https://randomuser.me/api/portraits/med/women/16.jpg', 'thumbnail': 'https://randomuser.me/api/portraits/thumb/women/16.jpg'}, 'nat': 'US'}</msg>
<arg>${json_data['results'][0]}</arg>
<doc>Logs the given message with the given level.</doc>
<status status="PASS" start="2024-05-30T10:16:17.135353" elapsed="0.000414"/>
</kw>
<kw name="Log" owner="BuiltIn">
<msg time="2024-05-30T10:16:17.136236" level="INFO">gender</msg>
<arg>${key}</arg>
<doc>Logs the given message with the given level.</doc>
<status status="PASS" start="2024-05-30T10:16:17.136106" elapsed="0.000167"/>
</kw>
<var name="${key}">gender</var>
<status status="PASS" start="2024-05-30T10:16:17.134497" elapsed="0.001992"/>
</iter>
<iter>
<kw name="Dictionary Should Contain Key" owner="Collections">
<msg time="2024-05-30T10:16:17.137251" level="INFO">False</msg>
<arg>${json_data['results'][0]}</arg>
<arg>${key}</arg>
<doc>Fails if ``key`` is not found from ``dictionary``.</doc>
<status status="PASS" start="2024-05-30T10:16:17.136797" elapsed="0.000491"/>
</kw>
<kw name="Log" owner="BuiltIn">
<msg time="2024-05-30T10:16:17.137979" level="INFO">{'gender': 'female', 'name': {'title': 'Ms', 'first': 'Jennifer', 'last': 'Richardson'}, 'location': {'street': {'number': 2908, 'name': 'Adams St'}, 'city': 'Milwaukee', 'state': 'Oklahoma', 'country': 'United States', 'postcode': 17571, 'coordinates': {'latitude': '85.8027', 'longitude': '37.7591'}, 'timezone': {'offset': '+2:00', 'description': 'Kaliningrad, South Africa'}}, 'email': 'jennifer.richardson@example.com', 'login': {'uuid': '7cd8408b-17ab-4d6f-8fad-06842c056ada', 'username': 'ticklishbear465', 'password': 'olympia', 'salt': 'DOR2A0q0', 'md5': 'deacedcfddeebcfbe7c01e46a45cdb49', 'sha1': '6e38f20dbebf2809ef271f7dd92af33b988f863c', 'sha256': 'b9bb4eaaef33f4590f1bbf14e8888590e370567dbc2855c0a56b353d139d1ace'}, 'dob': {'date': '1973-06-11T10:03:05.528Z', 'age': 50}, 'registered': {'date': '2007-07-22T03:47:24.295Z', 'age': 16}, 'phone': '(803) 568-6451', 'cell': '(593) 861-8484', 'id': {'name': 'SSN', 'value': '662-19-5417'}, 'picture': {'large': 'https://randomuser.me/api/portraits/women/16.jpg', 'medium': 'https://randomuser.me/api/portraits/med/women/16.jpg', 'thumbnail': 'https://randomuser.me/api/portraits/thumb/women/16.jpg'}, 'nat': 'US'}</msg>
<arg>${json_data['results'][0]}</arg>
<doc>Logs the given message with the given level.</doc>
<status status="PASS" start="2024-05-30T10:16:17.137612" elapsed="0.000415"/>
</kw>
<kw name="Log" owner="BuiltIn">
<msg time="2024-05-30T10:16:17.138453" level="INFO">name</msg>
<arg>${key}</arg>
<doc>Logs the given message with the given level.</doc>
<status status="PASS" start="2024-05-30T10:16:17.138327" elapsed="0.000164"/>
</kw>
<var name="${key}">name</var>
<status status="PASS" start="2024-05-30T10:16:17.136674" elapsed="0.002039"/>
</iter>
<iter>
<kw name="Dictionary Should Contain Key" owner="Collections">
<msg time="2024-05-30T10:16:17.139378" level="INFO">False</msg>
<arg>${json_data['results'][0]}</arg>
<arg>${key}</arg>
<doc>Fails if ``key`` is not found from ``dictionary``.</doc>
<status status="PASS" start="2024-05-30T10:16:17.139004" elapsed="0.000411"/>
</kw>
<kw name="Log" owner="BuiltIn">
<msg time="2024-05-30T10:16:17.140102" level="INFO">{'gender': 'female', 'name': {'title': 'Ms', 'first': 'Jennifer', 'last': 'Richardson'}, 'location': {'street': {'number': 2908, 'name': 'Adams St'}, 'city': 'Milwaukee', 'state': 'Oklahoma', 'country': 'United States', 'postcode': 17571, 'coordinates': {'latitude': '85.8027', 'longitude': '37.7591'}, 'timezone': {'offset': '+2:00', 'description': 'Kaliningrad, South Africa'}}, 'email': 'jennifer.richardson@example.com', 'login': {'uuid': '7cd8408b-17ab-4d6f-8fad-06842c056ada', 'username': 'ticklishbear465', 'password': 'olympia', 'salt': 'DOR2A0q0', 'md5': 'deacedcfddeebcfbe7c01e46a45cdb49', 'sha1': '6e38f20dbebf2809ef271f7dd92af33b988f863c', 'sha256': 'b9bb4eaaef33f4590f1bbf14e8888590e370567dbc2855c0a56b353d139d1ace'}, 'dob': {'date': '1973-06-11T10:03:05.528Z', 'age': 50}, 'registered': {'date': '2007-07-22T03:47:24.295Z', 'age': 16}, 'phone': '(803) 568-6451', 'cell': '(593) 861-8484', 'id': {'name': 'SSN', 'value': '662-19-5417'}, 'picture': {'large': 'https://randomuser.me/api/portraits/women/16.jpg', 'medium': 'https://randomuser.me/api/portraits/med/women/16.jpg', 'thumbnail': 'https://randomuser.me/api/portraits/thumb/women/16.jpg'}, 'nat': 'US'}</msg>
<arg>${json_data['results'][0]}</arg>
<doc>Logs the given message with the given level.</doc>
<status status="PASS" start="2024-05-30T10:16:17.139708" elapsed="0.000451"/>
</kw>
<kw name="Log" owner="BuiltIn">
<msg time="2024-05-30T10:16:17.140591" level="INFO">location</msg>
<arg>${key}</arg>
<doc>Logs the given message with the given level.</doc>
<status status="PASS" start="2024-05-30T10:16:17.140463" elapsed="0.000166"/>
</kw>
<var name="${key}">location</var>
<status status="PASS" start="2024-05-30T10:16:17.138891" elapsed="0.001957"/>
</iter>
<iter>
<kw name="Dictionary Should Contain Key" owner="Collections">
<msg time="2024-05-30T10:16:17.141522" level="INFO">False</msg>
<arg>${json_data['results'][0]}</arg>
<arg>${key}</arg>
<doc>Fails if ``key`` is not found from ``dictionary``.</doc>
<status status="PASS" start="2024-05-30T10:16:17.141143" elapsed="0.000416"/>
</kw>
<kw name="Log" owner="BuiltIn">
<msg time="2024-05-30T10:16:17.142205" level="INFO">{'gender': 'female', 'name': {'title': 'Ms', 'first': 'Jennifer', 'last': 'Richardson'}, 'location': {'street': {'number': 2908, 'name': 'Adams St'}, 'city': 'Milwaukee', 'state': 'Oklahoma', 'country': 'United States', 'postcode': 17571, 'coordinates': {'latitude': '85.8027', 'longitude': '37.7591'}, 'timezone': {'offset': '+2:00', 'description': 'Kaliningrad, South Africa'}}, 'email': 'jennifer.richardson@example.com', 'login': {'uuid': '7cd8408b-17ab-4d6f-8fad-06842c056ada', 'username': 'ticklishbear465', 'password': 'olympia', 'salt': 'DOR2A0q0', 'md5': 'deacedcfddeebcfbe7c01e46a45cdb49', 'sha1': '6e38f20dbebf2809ef271f7dd92af33b988f863c', 'sha256': 'b9bb4eaaef33f4590f1bbf14e8888590e370567dbc2855c0a56b353d139d1ace'}, 'dob': {'date': '1973-06-11T10:03:05.528Z', 'age': 50}, 'registered': {'date': '2007-07-22T03:47:24.295Z', 'age': 16}, 'phone': '(803) 568-6451', 'cell': '(593) 861-8484', 'id': {'name': 'SSN', 'value': '662-19-5417'}, 'picture': {'large': 'https://randomuser.me/api/portraits/women/16.jpg', 'medium': 'https://randomuser.me/api/portraits/med/women/16.jpg', 'thumbnail': 'https://randomuser.me/api/portraits/thumb/women/16.jpg'}, 'nat': 'US'}</msg>
<arg>${json_data['results'][0]}</arg>
<doc>Logs the given message with the given level.</doc>
<status status="PASS" start="2024-05-30T10:16:17.141850" elapsed="0.000403"/>
</kw>
<kw name="Log" owner="BuiltIn">
<msg time="2024-05-30T10:16:17.142677" level="INFO">email</msg>
<arg>${key}</arg>
<doc>Logs the given message with the given level.</doc>
<status status="PASS" start="2024-05-30T10:16:17.142550" elapsed="0.000165"/>
</kw>
<var name="${key}">email</var>
<status status="PASS" start="2024-05-30T10:16:17.141028" elapsed="0.001901"/>
</iter>
<iter>
<kw name="Dictionary Should Contain Key" owner="Collections">
<msg time="2024-05-30T10:16:17.143597" level="INFO">False</msg>
<arg>${json_data['results'][0]}</arg>
<arg>${key}</arg>
<doc>Fails if ``key`` is not found from ``dictionary``.</doc>
<status status="PASS" start="2024-05-30T10:16:17.143211" elapsed="0.000424"/>
</kw>
<kw name="Log" owner="BuiltIn">
<msg time="2024-05-30T10:16:17.144315" level="INFO">{'gender': 'female', 'name': {'title': 'Ms', 'first': 'Jennifer', 'last': 'Richardson'}, 'location': {'street': {'number': 2908, 'name': 'Adams St'}, 'city': 'Milwaukee', 'state': 'Oklahoma', 'country': 'United States', 'postcode': 17571, 'coordinates': {'latitude': '85.8027', 'longitude': '37.7591'}, 'timezone': {'offset': '+2:00', 'description': 'Kaliningrad, South Africa'}}, 'email': 'jennifer.richardson@example.com', 'login': {'uuid': '7cd8408b-17ab-4d6f-8fad-06842c056ada', 'username': 'ticklishbear465', 'password': 'olympia', 'salt': 'DOR2A0q0', 'md5': 'deacedcfddeebcfbe7c01e46a45cdb49', 'sha1': '6e38f20dbebf2809ef271f7dd92af33b988f863c', 'sha256': 'b9bb4eaaef33f4590f1bbf14e8888590e370567dbc2855c0a56b353d139d1ace'}, 'dob': {'date': '1973-06-11T10:03:05.528Z', 'age': 50}, 'registered': {'date': '2007-07-22T03:47:24.295Z', 'age': 16}, 'phone': '(803) 568-6451', 'cell': '(593) 861-8484', 'id': {'name': 'SSN', 'value': '662-19-5417'}, 'picture': {'large': 'https://randomuser.me/api/portraits/women/16.jpg', 'medium': 'https://randomuser.me/api/portraits/med/women/16.jpg', 'thumbnail': 'https://randomuser.me/api/portraits/thumb/women/16.jpg'}, 'nat': 'US'}</msg>
<arg>${json_data['results'][0]}</arg>
<doc>Logs the given message with the given level.</doc>
<status status="PASS" start="2024-05-30T10:16:17.143953" elapsed="0.000410"/>
</kw>
<kw name="Log" owner="BuiltIn">
<msg time="2024-05-30T10:16:17.144783" level="INFO">login</msg>
<arg>${key}</arg>
<doc>Logs the given message with the given level.</doc>
<status status="PASS" start="2024-05-30T10:16:17.144655" elapsed="0.000165"/>
</kw>
<var name="${key}">login</var>
<status status="PASS" start="2024-05-30T10:16:17.143099" elapsed="0.001960"/>
</iter>
<var>${key}</var>
<value>@{expected_keys}</value>
<status status="PASS" start="2024-05-30T10:16:17.134298" elapsed="0.010887"/>
</for>
<kw name="Create List" owner="BuiltIn">
<msg time="2024-05-30T10:16:17.145521" level="INFO">${expected_keysTwo} = ['username', 'password']</msg>
<var>${expected_keysTwo}</var>
<arg>username</arg>
<arg>password</arg>
<doc>Returns a list containing given items.</doc>
<status status="PASS" start="2024-05-30T10:16:17.145376" elapsed="0.000169"/>
</kw>
<for flavor="IN">
<iter>
<kw name="Dictionary Should Contain Key" owner="Collections">
<msg time="2024-05-30T10:16:17.146422" level="INFO">False</msg>
<arg>${json_data['results'][0]['login']}</arg>
<arg>${keyTwo}</arg>
<doc>Fails if ``key`` is not found from ``dictionary``.</doc>
<status status="PASS" start="2024-05-30T10:16:17.146043" elapsed="0.000416"/>
</kw>
<kw name="Dictionary Should Contain Key" owner="Collections">
<msg time="2024-05-30T10:16:17.147166" level="INFO">False</msg>
<arg>${json_data['results'][0]['login']}</arg>
<arg>${keyTwo}</arg>
<doc>Fails if ``key`` is not found from ``dictionary``.</doc>
<status status="PASS" start="2024-05-30T10:16:17.146760" elapsed="0.000446"/>
</kw>
<kw name="Log" owner="BuiltIn">
<msg time="2024-05-30T10:16:17.147633" level="INFO">username</msg>
<arg>${keyTwo}</arg>
<doc>Logs the given message with the given level.</doc>
<status status="PASS" start="2024-05-30T10:16:17.147503" elapsed="0.000168"/>
</kw>
<var name="${keyTwo}">username</var>
<status status="PASS" start="2024-05-30T10:16:17.145933" elapsed="0.001978"/>
</iter>
<iter>
<kw name="Dictionary Should Contain Key" owner="Collections">
<msg time="2024-05-30T10:16:17.148588" level="INFO">False</msg>
<arg>${json_data['results'][0]['login']}</arg>
<arg>${keyTwo}</arg>
<doc>Fails if ``key`` is not found from ``dictionary``.</doc>
<status status="PASS" start="2024-05-30T10:16:17.148216" elapsed="0.000410"/>
</kw>
<kw name="Dictionary Should Contain Key" owner="Collections">
<msg time="2024-05-30T10:16:17.149380" level="INFO">False</msg>
<arg>${json_data['results'][0]['login']}</arg>
<arg>${keyTwo}</arg>
<doc>Fails if ``key`` is not found from ``dictionary``.</doc>
<status status="PASS" start="2024-05-30T10:16:17.148922" elapsed="0.000497"/>
</kw>
<kw name="Log" owner="BuiltIn">
<msg time="2024-05-30T10:16:17.149843" level="INFO">password</msg>
<arg>${keyTwo}</arg>
<doc>Logs the given message with the given level.</doc>
<status status="PASS" start="2024-05-30T10:16:17.149713" elapsed="0.000167"/>
</kw>
<var name="${keyTwo}">password</var>
<status status="PASS" start="2024-05-30T10:16:17.148099" elapsed="0.001997"/>
</iter>
<var>${keyTwo}</var>
<value>@{expected_keysTwo}</value>
<status status="PASS" start="2024-05-30T10:16:17.145783" elapsed="0.004431"/>
</for>
<status status="PASS" start="2024-05-30T10:16:17.053482" elapsed="0.096866"/>
</kw>
<doc>Testa a estrutura da resposta da API.</doc>
<tag>testeEstruturaResposta</tag>
<status status="PASS" start="2024-05-30T10:16:17.052922" elapsed="0.097571"/>
</test>
<test id="s1-s1-t4" name="Validar tipos de dados" line="28">
<kw name="Teste de Tipos de Dados" owner="random-user-service">
<kw name="GET On Session" owner="RequestsLibrary">
<msg time="2024-05-30T10:16:17.234466" level="INFO">GET Request : url=https://randomuser.me/api 
 path_url=/api 
 headers={'User-Agent': 'python-requests/2.32.3', 'Accept-Encoding': 'gzip, deflate', 'Accept': '*/*', 'Connection': 'keep-alive'} 
 body=None 
 </msg>
<msg time="2024-05-30T10:16:17.234548" level="INFO">GET Response : url=https://randomuser.me/api 
 status=200, reason=OK 
 headers={'Date': 'Thu, 30 May 2024 10:16:17 GMT', 'Content-Type': 'application/json; charset=utf-8', 'Transfer-Encoding': 'chunked', 'Connection': 'keep-alive', 'X-Powered-By': 'Express', 'Access-Control-Allow-Origin': '*', 'Cache-Control': 'no-cache', 'ETag': 'W/"48f-eOkFB4FfQbbQXGoeB7MiZyOhD+g"', 'Vary': 'Accept-Encoding', 'Content-Encoding': 'gzip', 'CF-Cache-Status': 'DYNAMIC', 'Report-To': '{"endpoints":[{"url":"https:\\/\\/a.nel.cloudflare.com\\/report\\/v4?s=R0xILskclSRdOa9afy2WUTWOggLdOr96Qdk8v2o34gN9dciPibre9a5T8yXsmLuU0znIqHSZJ%2BqnSnOFLd9yDpwjbUNn2Egb0fuDYVC0dx9yOhJzKNidrAz4ojXJB%2B3I"}],"group":"cf-nel","max_age":604800}', 'NEL': '{"success_fraction":0,"report_to":"cf-nel","max_age":604800}', 'Server': 'cloudflare', 'CF-RAY': '88bdf7c33e0b10d3-ORD', 'alt-svc': 'h3=":443"; ma=86400'} 
 body={"results":[{"gender":"female","name":{"title":"Ms","first":"Aurora","last":"Singh"},"location":{"street":{"number":9622,"name":"Manchester Street"},"city":"Nelson","state":"Southland","country":"New Zealand","postcode":87384,"coordinates":{"latitude":"50.1480","longitude":"1.4982"},"timezone":{"offset":"-6:00","description":"Central Time (US &amp; Canada), Mexico City"}},"email":"aurora.singh@example.com","login":{"uuid":"2ac3f88a-d54f-4d04-9c14-266e20d58f68","username":"crazydog463","password":"barry","salt":"ts81dsgU","md5":"5277de3da9ebfce144a0fb77d7d51367","sha1":"06265eaf8ffd8cff2ac59707ac42dd0c2d6bef1f","sha256":"90ddee10a2f7471841545a66f9c8915d6cceed758b27bb38e4e659c6f254840f"},"dob":{"date":"1968-03-01T08:31:36.069Z","age":56},"registered":{"date":"2020-08-21T15:20:00.903Z","age":3},"phone":"(083)-594-5908","cell":"(322)-668-4495","id":{"name":"","value":null},"picture":{"large":"https://randomuser.me/api/portraits/women/15.jpg","medium":"https://randomuser.me/api/portraits/med/women/15.jpg","thumbnail":"https://randomuser.me/api/portraits/thumb/women/15.jpg"},"nat":"NZ"}],"info":{"seed":"39cc6e362e01647f","results":1,"page":1,"version":"1.4"}} 
 </msg>
<msg time="2024-05-30T10:16:17.234622" level="INFO">/opt/hostedtoolcache/Python/3.12.3/x64/lib/python3.12/site-packages/urllib3/connectionpool.py:1103: InsecureRequestWarning: Unverified HTTPS request is being made to host 'randomuser.me'. Adding certificate verification is strongly advised. See: https://urllib3.readthedocs.io/en/latest/advanced-usage.html#tls-warnings
  warnings.warn(</msg>
<msg time="2024-05-30T10:16:17.234737" level="INFO">${response} = &lt;Response [200]&gt;</msg>
<var>${response}</var>
<arg>consultarAPI</arg>
<arg>/api</arg>
<doc>Sends a GET request on a previously created HTTP Session.</doc>
<status status="PASS" start="2024-05-30T10:16:17.152994" elapsed="0.081797"/>
</kw>
<kw name="Set Variable" owner="BuiltIn">
<msg time="2024-05-30T10:16:17.236061" level="INFO">${json_data} = {'results': [{'gender': 'female', 'name': {'title': 'Ms', 'first': 'Aurora', 'last': 'Singh'}, 'location': {'street': {'number': 9622, 'name': 'Manchester Street'}, 'city': 'Nelson', 'state': 'Southla...</msg>
<var>${json_data}</var>
<arg>${response.json()}</arg>
<doc>Returns the given values which can then be assigned to a variables.</doc>
<status status="PASS" start="2024-05-30T10:16:17.235351" elapsed="0.000739"/>
</kw>
<kw name="Log" owner="BuiltIn">
<msg time="2024-05-30T10:16:17.236555" level="INFO">{'results': [{'gender': 'female', 'name': {'title': 'Ms', 'first': 'Aurora', 'last': 'Singh'}, 'location': {'street': {'number': 9622, 'name': 'Manchester Street'}, 'city': 'Nelson', 'state': 'Southland', 'country': 'New Zealand', 'postcode': 87384, 'coordinates': {'latitude': '50.1480', 'longitude': '1.4982'}, 'timezone': {'offset': '-6:00', 'description': 'Central Time (US &amp; Canada), Mexico City'}}, 'email': 'aurora.singh@example.com', 'login': {'uuid': '2ac3f88a-d54f-4d04-9c14-266e20d58f68', 'username': 'crazydog463', 'password': 'barry', 'salt': 'ts81dsgU', 'md5': '5277de3da9ebfce144a0fb77d7d51367', 'sha1': '06265eaf8ffd8cff2ac59707ac42dd0c2d6bef1f', 'sha256': '90ddee10a2f7471841545a66f9c8915d6cceed758b27bb38e4e659c6f254840f'}, 'dob': {'date': '1968-03-01T08:31:36.069Z', 'age': 56}, 'registered': {'date': '2020-08-21T15:20:00.903Z', 'age': 3}, 'phone': '(083)-594-5908', 'cell': '(322)-668-4495', 'id': {'name': '', 'value': None}, 'picture': {'large': 'https://randomuser.me/api/portraits/women/15.jpg', 'medium': 'https://randomuser.me/api/portraits/med/women/15.jpg', 'thumbnail': 'https://randomuser.me/api/portraits/thumb/women/15.jpg'}, 'nat': 'NZ'}], 'info': {'seed': '39cc6e362e01647f', 'results': 1, 'page': 1, 'version': '1.4'}}</msg>
<arg>${json_data}</arg>
<doc>Logs the given message with the given level.</doc>
<status status="PASS" start="2024-05-30T10:16:17.236401" elapsed="0.000233"/>
</kw>
<kw name="Should Be String" owner="String">
<arg>${json_data['results'][0]['gender']}</arg>
<doc>Fails if the given ``item`` is not a string.</doc>
<status status="PASS" start="2024-05-30T10:16:17.236933" elapsed="0.000358"/>
</kw>
<kw name="Should Match Regexp" owner="BuiltIn">
<arg>${json_data['results'][0]['email']}</arg>
<arg>^[a-zA-Z0-9._%+-]+@[a-zA-Z0-9.-]+\.[a-zA-Z]{2,}$</arg>
<doc>Fails if ``string`` does not match ``pattern`` as a regular expression.</doc>
<status status="PASS" start="2024-05-30T10:16:17.237484" elapsed="0.000515"/>
</kw>
<kw name="Should Match Regexp" owner="BuiltIn">
<arg>${json_data['results'][0]['dob']['date']}</arg>
<arg>\\d{4}-\\d{2}-\\d{2}T\\d{2}:\\d{2}:\\d{2}\\.\\d{3}Z</arg>
<doc>Fails if ``string`` does not match ``pattern`` as a regular expression.</doc>
<status status="PASS" start="2024-05-30T10:16:17.238198" elapsed="0.000477"/>
</kw>
<kw name="Should Match Regexp" owner="BuiltIn">
<arg>${json_data['results'][0]['registered']['date']}</arg>
<arg>\\d{4}-\\d{2}-\\d{2}T\\d{2}:\\d{2}:\\d{2}\\.\\d{3}Z</arg>
<doc>Fails if ``string`` does not match ``pattern`` as a regular expression.</doc>
<status status="PASS" start="2024-05-30T10:16:17.238869" elapsed="0.000367"/>
</kw>
<kw name="Should Match Regexp" owner="BuiltIn">
<arg>${json_data['results'][0]['picture']['large']}</arg>
<arg>^https?://.*\.(?:png|jpe?g|gif|bmp)$</arg>
<doc>Fails if ``string`` does not match ``pattern`` as a regular expression.</doc>
<status status="PASS" start="2024-05-30T10:16:17.239425" elapsed="0.000493"/>
</kw>
<kw name="Should Match Regexp" owner="BuiltIn">
<arg>${json_data['results'][0]['picture']['medium']}</arg>
<arg>^https?://.*\.(?:png|jpe?g|gif|bmp)$</arg>
<doc>Fails if ``string`` does not match ``pattern`` as a regular expression.</doc>
<status status="PASS" start="2024-05-30T10:16:17.240122" elapsed="0.000352"/>
</kw>
<kw name="Should Match Regexp" owner="BuiltIn">
<arg>${json_data['results'][0]['picture']['thumbnail']}</arg>
<arg>^https?://.*\.(?:png|jpe?g|gif|bmp)$</arg>
<doc>Fails if ``string`` does not match ``pattern`` as a regular expression.</doc>
<status status="PASS" start="2024-05-30T10:16:17.240663" elapsed="0.000344"/>
</kw>
<kw name="Log" owner="BuiltIn">
<msg time="2024-05-30T10:16:17.241520" level="INFO">{'large': 'https://randomuser.me/api/portraits/women/15.jpg', 'medium': 'https://randomuser.me/api/portraits/med/women/15.jpg', 'thumbnail': 'https://randomuser.me/api/portraits/thumb/women/15.jpg'}</msg>
<arg>${json_data['results'][0]['picture']}</arg>
<doc>Logs the given message with the given level.</doc>
<status status="PASS" start="2024-05-30T10:16:17.241199" elapsed="0.000365"/>
</kw>
<status status="PASS" start="2024-05-30T10:16:17.152768" elapsed="0.089050"/>
</kw>
<kw name="Teste de Tipos de Dados - Postcode" owner="random-user-service">
<kw name="GET On Session" owner="RequestsLibrary">
<msg time="2024-05-30T10:16:17.335133" level="INFO">GET Request : url=https://randomuser.me/api 
 path_url=/api 
 headers={'User-Agent': 'python-requests/2.32.3', 'Accept-Encoding': 'gzip, deflate', 'Accept': '*/*', 'Connection': 'keep-alive'} 
 body=None 
 </msg>
<msg time="2024-05-30T10:16:17.335216" level="INFO">GET Response : url=https://randomuser.me/api 
 status=200, reason=OK 
 headers={'Date': 'Thu, 30 May 2024 10:16:17 GMT', 'Content-Type': 'application/json; charset=utf-8', 'Transfer-Encoding': 'chunked', 'Connection': 'keep-alive', 'X-Powered-By': 'Express', 'Access-Control-Allow-Origin': '*', 'Cache-Control': 'no-cache', 'ETag': 'W/"4a2-u1dqQV9a9z9dwREuLX7lIbJvcjo"', 'Vary': 'Accept-Encoding', 'Content-Encoding': 'gzip', 'CF-Cache-Status': 'DYNAMIC', 'Report-To': '{"endpoints":[{"url":"https:\\/\\/a.nel.cloudflare.com\\/report\\/v4?s=QboENHlN906%2FPeYZie0ZMYzkL7NMd1DBtl%2BHZglAh3lmO%2F1rYuMDOUMrKMiA6nQYFWlt0gZhKfx2fhzb0t6tzP2wjEc7b%2Fj46yyomCV3%2BOLl114s4jqxwIiaTqP5MUBj"}],"group":"cf-nel","max_age":604800}', 'NEL': '{"success_fraction":0,"report_to":"cf-nel","max_age":604800}', 'Server': 'cloudflare', 'CF-RAY': '88bdf7c3ce6d10d3-ORD', 'alt-svc': 'h3=":443"; ma=86400'} 
 body={"results":[{"gender":"male","name":{"title":"Mr","first":"Floyd","last":"Robinson"},"location":{"street":{"number":7420,"name":"E Sandy Lake Rd"},"city":"Geraldton","state":"Australian Capital Territory","country":"Australia","postcode":6363,"coordinates":{"latitude":"-85.0998","longitude":"-52.5515"},"timezone":{"offset":"+4:00","description":"Abu Dhabi, Muscat, Baku, Tbilisi"}},"email":"floyd.robinson@example.com","login":{"uuid":"5c9b3602-c9e7-4e64-91e9-315c34c46569","username":"whitelion308","password":"anarchy","salt":"VK5E5yqw","md5":"5bf089d518e0ed5b3aed266081e4a471","sha1":"468ed5beba210556b6a64f32b1151caaf82333ec","sha256":"6d5a09fe9b886ca4e351670c87e3b6562996579c3fb275a521d7be6d11fbdb80"},"dob":{"date":"1950-10-03T06:04:13.432Z","age":73},"registered":{"date":"2009-02-16T06:29:56.429Z","age":15},"phone":"02-2723-3464","cell":"0407-548-784","id":{"name":"TFN","value":"437031282"},"picture":{"large":"https://randomuser.me/api/portraits/men/80.jpg","medium":"https://randomuser.me/api/portraits/med/men/80.jpg","thumbnail":"https://randomuser.me/api/portraits/thumb/men/80.jpg"},"nat":"AU"}],"info":{"seed":"a024e9fe78e2f158","results":1,"page":1,"version":"1.4"}} 
 </msg>
<msg time="2024-05-30T10:16:17.335277" level="INFO">/opt/hostedtoolcache/Python/3.12.3/x64/lib/python3.12/site-packages/urllib3/connectionpool.py:1103: InsecureRequestWarning: Unverified HTTPS request is being made to host 'randomuser.me'. Adding certificate verification is strongly advised. See: https://urllib3.readthedocs.io/en/latest/advanced-usage.html#tls-warnings
  warnings.warn(</msg>
<msg time="2024-05-30T10:16:17.335362" level="INFO">${response} = &lt;Response [200]&gt;</msg>
<var>${response}</var>
<arg>consultarAPI</arg>
<arg>/api</arg>
<doc>Sends a GET request on a previously created HTTP Session.</doc>
<status status="PASS" start="2024-05-30T10:16:17.242244" elapsed="0.093158"/>
</kw>
<kw name="Set Variable" owner="BuiltIn">
<msg time="2024-05-30T10:16:17.336530" level="INFO">${json_data} = {'results': [{'gender': 'male', 'name': {'title': 'Mr', 'first': 'Floyd', 'last': 'Robinson'}, 'location': {'street': {'number': 7420, 'name': 'E Sandy Lake Rd'}, 'city': 'Geraldton', 'state': 'Austra...</msg>
<var>${json_data}</var>
<arg>${response.json()}</arg>
<doc>Returns the given values which can then be assigned to a variables.</doc>
<status status="PASS" start="2024-05-30T10:16:17.335916" elapsed="0.000643"/>
</kw>
<kw name="Log" owner="BuiltIn">
<msg time="2024-05-30T10:16:17.337015" level="INFO">{'results': [{'gender': 'male', 'name': {'title': 'Mr', 'first': 'Floyd', 'last': 'Robinson'}, 'location': {'street': {'number': 7420, 'name': 'E Sandy Lake Rd'}, 'city': 'Geraldton', 'state': 'Australian Capital Territory', 'country': 'Australia', 'postcode': 6363, 'coordinates': {'latitude': '-85.0998', 'longitude': '-52.5515'}, 'timezone': {'offset': '+4:00', 'description': 'Abu Dhabi, Muscat, Baku, Tbilisi'}}, 'email': 'floyd.robinson@example.com', 'login': {'uuid': '5c9b3602-c9e7-4e64-91e9-315c34c46569', 'username': 'whitelion308', 'password': 'anarchy', 'salt': 'VK5E5yqw', 'md5': '5bf089d518e0ed5b3aed266081e4a471', 'sha1': '468ed5beba210556b6a64f32b1151caaf82333ec', 'sha256': '6d5a09fe9b886ca4e351670c87e3b6562996579c3fb275a521d7be6d11fbdb80'}, 'dob': {'date': '1950-10-03T06:04:13.432Z', 'age': 73}, 'registered': {'date': '2009-02-16T06:29:56.429Z', 'age': 15}, 'phone': '02-2723-3464', 'cell': '0407-548-784', 'id': {'name': 'TFN', 'value': '437031282'}, 'picture': {'large': 'https://randomuser.me/api/portraits/men/80.jpg', 'medium': 'https://randomuser.me/api/portraits/med/men/80.jpg', 'thumbnail': 'https://randomuser.me/api/portraits/thumb/men/80.jpg'}, 'nat': 'AU'}], 'info': {'seed': 'a024e9fe78e2f158', 'results': 1, 'page': 1, 'version': '1.4'}}</msg>
<arg>${json_data}</arg>
<doc>Logs the given message with the given level.</doc>
<status status="PASS" start="2024-05-30T10:16:17.336863" elapsed="0.000231"/>
</kw>
<kw name="Should Be Equal As Numbers" owner="BuiltIn">
<arg>${json_data['results'][0]['location']['postcode']}</arg>
<arg>${json_data['results'][0]['location']['postcode']}</arg>
<doc>Fails if objects are unequal after converting them to real numbers.</doc>
<status status="PASS" start="2024-05-30T10:16:17.337393" elapsed="0.000730"/>
</kw>
<kw name="Log" owner="BuiltIn">
<msg time="2024-05-30T10:16:17.338646" level="INFO">6363</msg>
<arg>${json_data['results'][0]['location']['postcode']}</arg>
<doc>Logs the given message with the given level.</doc>
<status status="PASS" start="2024-05-30T10:16:17.338314" elapsed="0.000372"/>
</kw>
<status status="PASS" start="2024-05-30T10:16:17.242029" elapsed="0.096903"/>
</kw>
<doc>Testa se os tipos de dados na resposta da API estão corretos.</doc>
<tag>testeTiposDados</tag>
<status status="PASS" start="2024-05-30T10:16:17.152243" elapsed="0.186845"/>
</test>
<test id="s1-s1-t5" name="Validar conteudo" line="35">
<kw name="Teste de Tipos de Conteudo" owner="random-user-service">
<kw name="GET On Session" owner="RequestsLibrary">
<msg time="2024-05-30T10:16:17.436023" level="INFO">GET Request : url=https://randomuser.me/api 
 path_url=/api 
 headers={'User-Agent': 'python-requests/2.32.3', 'Accept-Encoding': 'gzip, deflate', 'Accept': '*/*', 'Connection': 'keep-alive'} 
 body=None 
 </msg>
<msg time="2024-05-30T10:16:17.436108" level="INFO">GET Response : url=https://randomuser.me/api 
 status=200, reason=OK 
 headers={'Date': 'Thu, 30 May 2024 10:16:17 GMT', 'Content-Type': 'application/json; charset=utf-8', 'Transfer-Encoding': 'chunked', 'Connection': 'keep-alive', 'X-Powered-By': 'Express', 'Access-Control-Allow-Origin': '*', 'Cache-Control': 'no-cache', 'ETag': 'W/"46b-5HyGvWxMS4D9mzWt9N1lj+47mvY"', 'Vary': 'Accept-Encoding', 'Content-Encoding': 'gzip', 'CF-Cache-Status': 'DYNAMIC', 'Report-To': '{"endpoints":[{"url":"https:\\/\\/a.nel.cloudflare.com\\/report\\/v4?s=GPaVcXmNYQdgk3UFve7ocS2wDOFJBSnUMvSJ63LXDKHEyVFvWgD5PiZDXBhG8iwKPkWeejRrR2sMzeQaiBF0A4nZCvNO3d4Cbvzan2uQs%2FSrdgGuE5dtfKV8mAbfMhOD"}],"group":"cf-nel","max_age":604800}', 'NEL': '{"success_fraction":0,"report_to":"cf-nel","max_age":604800}', 'Server': 'cloudflare', 'CF-RAY': '88bdf7c46ed310d3-ORD', 'alt-svc': 'h3=":443"; ma=86400'} 
 body={"results":[{"gender":"male","name":{"title":"Mr","first":"Rasmus","last":"Andersen"},"location":{"street":{"number":443,"name":"Slåenvej"},"city":"Billum","state":"Nordjylland","country":"Denmark","postcode":52604,"coordinates":{"latitude":"-41.4301","longitude":"-67.8043"},"timezone":{"offset":"-2:00","description":"Mid-Atlantic"}},"email":"rasmus.andersen@example.com","login":{"uuid":"c060b2a7-4a3b-415f-8ca9-352b9800d948","username":"redlion323","password":"sandra","salt":"sQnUgu8s","md5":"7329d5fe63796b75c83cabde9d02e795","sha1":"3b12fbd82769fd9f1443cea767f557617d4a7498","sha256":"17bf0212e5bb8efb83bdade097c53d6ff31bfe629d5f027e93ffb87a99140252"},"dob":{"date":"1964-07-28T01:54:48.798Z","age":59},"registered":{"date":"2004-10-28T22:35:36.095Z","age":19},"phone":"55008525","cell":"93423798","id":{"name":"CPR","value":"270764-1577"},"picture":{"large":"https://randomuser.me/api/portraits/men/72.jpg","medium":"https://randomuser.me/api/portraits/med/men/72.jpg","thumbnail":"https://randomuser.me/api/portraits/thumb/men/72.jpg"},"nat":"DK"}],"info":{"seed":"5c3e3324d89a376a","results":1,"page":1,"version":"1.4"}} 
 </msg>
<msg time="2024-05-30T10:16:17.436185" level="INFO">/opt/hostedtoolcache/Python/3.12.3/x64/lib/python3.12/site-packages/urllib3/connectionpool.py:1103: InsecureRequestWarning: Unverified HTTPS request is being made to host 'randomuser.me'. Adding certificate verification is strongly advised. See: https://urllib3.readthedocs.io/en/latest/advanced-usage.html#tls-warnings
  warnings.warn(</msg>
<msg time="2024-05-30T10:16:17.436301" level="INFO">${response} = &lt;Response [200]&gt;</msg>
<var>${response}</var>
<arg>consultarAPI</arg>
<arg>/api</arg>
<doc>Sends a GET request on a previously created HTTP Session.</doc>
<status status="PASS" start="2024-05-30T10:16:17.341513" elapsed="0.094845"/>
</kw>
<kw name="Set Variable" owner="BuiltIn">
<msg time="2024-05-30T10:16:17.437615" level="INFO">${json_data} = {'results': [{'gender': 'male', 'name': {'title': 'Mr', 'first': 'Rasmus', 'last': 'Andersen'}, 'location': {'street': {'number': 443, 'name': 'Slåenvej'}, 'city': 'Billum', 'state': 'Nordjylland', 'c...</msg>
<var>${json_data}</var>
<arg>${response.json()}</arg>
<doc>Returns the given values which can then be assigned to a variables.</doc>
<status status="PASS" start="2024-05-30T10:16:17.436987" elapsed="0.000657"/>
</kw>
<kw name="Set Variable" owner="BuiltIn">
<msg time="2024-05-30T10:16:17.438350" level="INFO">${name_title} = Mr</msg>
<var>${name_title}</var>
<arg>${json_data["results"][0]["name"]["title"]}</arg>
<doc>Returns the given values which can then be assigned to a variables.</doc>
<status status="PASS" start="2024-05-30T10:16:17.437966" elapsed="0.000409"/>
</kw>
<kw name="Create List" owner="BuiltIn">
<msg time="2024-05-30T10:16:17.438829" level="INFO">${allowed_titles} = ['Mr', 'Ms', 'Miss', 'Mrs', 'Madame', 'Monsieur']</msg>
<var>${allowed_titles}</var>
<arg>Mr</arg>
<arg>Ms</arg>
<arg>Miss</arg>
<arg>Mrs</arg>
<arg>Madame</arg>
<arg>Monsieur</arg>
<doc>Returns a list containing given items.</doc>
<status status="PASS" start="2024-05-30T10:16:17.438677" elapsed="0.000175"/>
</kw>
<kw name="List Should Contain Value" owner="Collections">
<msg time="2024-05-30T10:16:17.439326" level="INFO">False</msg>
<arg>${allowed_titles}</arg>
<arg>${name_title}</arg>
<doc>Fails if the ``value`` is not found from ``list``.</doc>
<status status="PASS" start="2024-05-30T10:16:17.439157" elapsed="0.000205"/>
</kw>
<kw name="Set Variable" owner="BuiltIn">
<msg time="2024-05-30T10:16:17.440073" level="INFO">${name_country} = DK</msg>
<var>${name_country}</var>
<arg>${json_data["results"][0]["nat"]}</arg>
<doc>Returns the given values which can then be assigned to a variables.</doc>
<status status="PASS" start="2024-05-30T10:16:17.439655" elapsed="0.000443"/>
</kw>
<kw name="Create List" owner="BuiltIn">
<msg time="2024-05-30T10:16:17.440995" level="INFO">${list_country} = ['AD', 'AE', 'AF', 'AG', 'AI', 'AL', 'AM', 'AO', 'AQ', 'AR', 'AS', 'AT', 'AU', 'AW', 'AX', 'AZ', 'BA', 'BB', 'BD', 'BE', 'BF', 'BG', 'BH', 'BI', 'BJ', 'BL', 'BM', 'BN', 'BO', 'BQ', 'BR', 'BS', 'BT', '...</msg>
<var>${list_country}</var>
<arg>AD</arg>
<arg>AE</arg>
<arg>AF</arg>
<arg>AG</arg>
<arg>AI</arg>
<arg>AL</arg>
<arg>AM</arg>
<arg>AO</arg>
<arg>AQ</arg>
<arg>AR</arg>
<arg>AS</arg>
<arg>AT</arg>
<arg>AU</arg>
<arg>AW</arg>
<arg>AX</arg>
<arg>AZ</arg>
<arg>BA</arg>
<arg>BB</arg>
<arg>BD</arg>
<arg>BE</arg>
<arg>BF</arg>
<arg>BG</arg>
<arg>BH</arg>
<arg>BI</arg>
<arg>BJ</arg>
<arg>BL</arg>
<arg>BM</arg>
<arg>BN</arg>
<arg>BO</arg>
<arg>BQ</arg>
<arg>BR</arg>
<arg>BS</arg>
<arg>BT</arg>
<arg>BV</arg>
<arg>BW</arg>
<arg>BY</arg>
<arg>BZ</arg>
<arg>CA</arg>
<arg>CC</arg>
<arg>CD</arg>
<arg>CF</arg>
<arg>CG</arg>
<arg>CH</arg>
<arg>CI</arg>
<arg>CK</arg>
<arg>CL</arg>
<arg>CM</arg>
<arg>CN</arg>
<arg>CO</arg>
<arg>CR</arg>
<arg>CU</arg>
<arg>CV</arg>
<arg>CW</arg>
<arg>CX</arg>
<arg>CY</arg>
<arg>CZ</arg>
<arg>DE</arg>
<arg>DJ</arg>
<arg>DK</arg>
<arg>DM</arg>
<arg>DO</arg>
<arg>DZ</arg>
<arg>EC</arg>
<arg>EE</arg>
<arg>EG</arg>
<arg>EH</arg>
<arg>ER</arg>
<arg>ES</arg>
<arg>ET</arg>
<arg>FI</arg>
<arg>FJ</arg>
<arg>FK</arg>
<arg>FM</arg>
<arg>FO</arg>
<arg>FR</arg>
<arg>GA</arg>
<arg>GB</arg>
<arg>GD</arg>
<arg>GE</arg>
<arg>GF</arg>
<arg>GG</arg>
<arg>GH</arg>
<arg>GI</arg>
<arg>GL</arg>
<arg>GM</arg>
<arg>GN</arg>
<arg>GP</arg>
<arg>GQ</arg>
<arg>GR</arg>
<arg>GS</arg>
<arg>GT</arg>
<arg>GU</arg>
<arg>GW</arg>
<arg>GY</arg>
<arg>HK</arg>
<arg>HM</arg>
<arg>HN</arg>
<arg>HR</arg>
<arg>HT</arg>
<arg>HU</arg>
<arg>ID</arg>
<arg>IE</arg>
<arg>IL</arg>
<arg>IM</arg>
<arg>IN</arg>
<arg>IO</arg>
<arg>IQ</arg>
<arg>IR</arg>
<arg>IS</arg>
<arg>IT</arg>
<arg>JE</arg>
<arg>JM</arg>
<arg>JO</arg>
<arg>JP</arg>
<arg>KE</arg>
<arg>KG</arg>
<arg>KH</arg>
<arg>KI</arg>
<arg>KM</arg>
<arg>KN</arg>
<arg>KP</arg>
<arg>KR</arg>
<arg>KW</arg>
<arg>KY</arg>
<arg>KZ</arg>
<arg>LA</arg>
<arg>LB</arg>
<arg>LC</arg>
<arg>LI</arg>
<arg>LK</arg>
<arg>LR</arg>
<arg>LS</arg>
<arg>LT</arg>
<arg>LU</arg>
<arg>LV</arg>
<arg>LY</arg>
<arg>MA</arg>
<arg>MC</arg>
<arg>MD</arg>
<arg>ME</arg>
<arg>MF</arg>
<arg>MG</arg>
<arg>MH</arg>
<arg>MK</arg>
<arg>ML</arg>
<arg>MM</arg>
<arg>MN</arg>
<arg>MO</arg>
<arg>MP</arg>
<arg>MQ</arg>
<arg>MR</arg>
<arg>MS</arg>
<arg>MT</arg>
<arg>MU</arg>
<arg>MV</arg>
<arg>MW</arg>
<arg>MX</arg>
<arg>MY</arg>
<arg>MZ</arg>
<arg>NA</arg>
<arg>NC</arg>
<arg>NE</arg>
<arg>NF</arg>
<arg>NG</arg>
<arg>NI</arg>
<arg>NL</arg>
<arg>NO</arg>
<arg>NP</arg>
<arg>NR</arg>
<arg>NU</arg>
<arg>NZ</arg>
<arg>OM</arg>
<arg>PA</arg>
<arg>PE</arg>
<arg>PF</arg>
<arg>PG</arg>
<arg>PH</arg>
<arg>PK</arg>
<arg>PL</arg>
<arg>PM</arg>
<arg>PN</arg>
<arg>PR</arg>
<arg>PS</arg>
<arg>PT</arg>
<arg>PW</arg>
<arg>PY</arg>
<arg>QA</arg>
<arg>RE</arg>
<arg>RO</arg>
<arg>RS</arg>
<arg>RU</arg>
<arg>RW</arg>
<arg>SA</arg>
<arg>SB</arg>
<arg>SC</arg>
<arg>SD</arg>
<arg>SE</arg>
<arg>SG</arg>
<arg>SH</arg>
<arg>SI</arg>
<arg>SJ</arg>
<arg>SK</arg>
<arg>SL</arg>
<arg>SM</arg>
<arg>SN</arg>
<arg>SO</arg>
<arg>SR</arg>
<arg>SS</arg>
<arg>ST</arg>
<arg>SV</arg>
<arg>SX</arg>
<arg>SY</arg>
<arg>SZ</arg>
<arg>TC</arg>
<arg>TD</arg>
<arg>TF</arg>
<arg>TG</arg>
<arg>TH</arg>
<arg>TJ</arg>
<arg>TK</arg>
<arg>TL</arg>
<arg>TM</arg>
<arg>TN</arg>
<arg>TO</arg>
<arg>TR</arg>
<arg>TT</arg>
<arg>TV</arg>
<arg>TW</arg>
<arg>TZ</arg>
<arg>UA</arg>
<arg>UG</arg>
<arg>UM</arg>
<arg>US</arg>
<arg>UY</arg>
<arg>UZ</arg>
<arg>VA</arg>
<arg>VC</arg>
<arg>VE</arg>
<arg>VG</arg>
<arg>VI</arg>
<arg>VN</arg>
<arg>VU</arg>
<arg>WF</arg>
<arg>WS</arg>
<arg>XK</arg>
<arg>YE</arg>
<arg>YT</arg>
<arg>ZA</arg>
<arg>ZM</arg>
<arg>ZW</arg>
<doc>Returns a list containing given items.</doc>
<status status="PASS" start="2024-05-30T10:16:17.440401" elapsed="0.000619"/>
</kw>
<kw name="List Should Contain Value" owner="Collections">
<msg time="2024-05-30T10:16:17.442008" level="INFO">False</msg>
<arg>${list_country}</arg>
<arg>${name_country}</arg>
<doc>Fails if the ``value`` is not found from ``list``.</doc>
<status status="PASS" start="2024-05-30T10:16:17.441802" elapsed="0.000242"/>
</kw>
<kw name="Run Keyword If" owner="BuiltIn">
<kw name="Should Be True" owner="BuiltIn">
<arg>${True}</arg>
<doc>Fails if the given condition is not true.</doc>
<status status="PASS" start="2024-05-30T10:16:17.443081" elapsed="0.000142"/>
</kw>
<arg>${json_data["results"][0]["location"]["coordinates"]["latitude"]} &gt;= -90 and ${json_data["results"][0]["location"]["coordinates"]["latitude"]} &lt;= 90</arg>
<arg>Should Be True</arg>
<arg>${True}</arg>
<doc>Runs the given keyword with the given arguments, if ``condition`` is true.</doc>
<status status="PASS" start="2024-05-30T10:16:17.442355" elapsed="0.000992"/>
</kw>
<kw name="Run Keyword If" owner="BuiltIn">
<kw name="Should Be True" owner="BuiltIn">
<arg>${True}</arg>
<doc>Fails if the given condition is not true.</doc>
<status status="PASS" start="2024-05-30T10:16:17.444264" elapsed="0.000245"/>
</kw>
<arg>${json_data["results"][0]["location"]["coordinates"]["longitude"]} &gt;= -180 and ${json_data["results"][0]["location"]["coordinates"]["longitude"]} &lt;= 180</arg>
<arg>Should Be True</arg>
<arg>${True}</arg>
<doc>Runs the given keyword with the given arguments, if ``condition`` is true.</doc>
<status status="PASS" start="2024-05-30T10:16:17.443528" elapsed="0.001110"/>
</kw>
<status status="PASS" start="2024-05-30T10:16:17.341296" elapsed="0.103473"/>
</kw>
<doc>Testa o conteúdo específico dos campos retornados pela API.</doc>
<tag>testeConteudo</tag>
<status status="PASS" start="2024-05-30T10:16:17.340791" elapsed="0.104120"/>
</test>
<status status="PASS" start="2024-05-30T10:16:16.503477" elapsed="0.943341"/>
</suite>
<status status="PASS" start="2024-05-30T10:16:16.490189" elapsed="0.961791"/>
</suite>
<statistics>
<total>
<stat pass="5" fail="0" skip="0">All Tests</stat>
</total>
<tag>
<stat pass="1" fail="0" skip="0">testeConteudo</stat>
<stat pass="1" fail="0" skip="0">testeEstruturaResposta</stat>
<stat pass="1" fail="0" skip="0">testeRequisicaoBasica</stat>
<stat pass="1" fail="0" skip="0">testeTiposDados</stat>
</tag>
<suite>
<stat pass="5" fail="0" skip="0" id="s1" name="Tests">Tests</stat>
<stat pass="5" fail="0" skip="0" id="s1-s1" name="Random-User-Test">Tests.Random-User-Test</stat>
</suite>
</statistics>
<errors>
</errors>
</robot>
