<?xml version="1.0" encoding="UTF-8"?>
<robot generator="Robot 7.0.1 (Python 3.12.4 on linux)" generated="2024-06-25T02:31:47.812514" rpa="false" schemaversion="5">
<suite id="s1" name="Tests" source="/home/runner/work/ApiRandomUser/ApiRandomUser/RamdonUser/tests">
<suite id="s1-s1" name="Random-User-Test" source="/home/runner/work/ApiRandomUser/ApiRandomUser/RamdonUser/tests/random-user-test.robot">
<test id="s1-s1-t1" name="Conectar" line="13">
<kw name="Conectar API" owner="random-user-service">
<kw name="Create Session" owner="RequestsLibrary">
<msg time="2024-06-25T02:31:48.220856" level="INFO">Creating Session using : alias=consultarAPI, url=https://randomuser.me/, headers={},                     cookies={}, auth=None, timeout=None, proxies=None, verify=False,                     debug=0 </msg>
<arg>consultarAPI</arg>
<arg>${URL}</arg>
<doc>Create Session: create a HTTP session to a server</doc>
<status status="PASS" start="2024-06-25T02:31:48.220651" elapsed="0.000394"/>
</kw>
<status status="PASS" start="2024-06-25T02:31:48.219656" elapsed="0.001750"/>
</kw>
<status status="PASS" start="2024-06-25T02:31:48.218949" elapsed="0.002649"/>
</test>
<test id="s1-s1-t2" name="Validar retorno 200 e JSON Válido" line="16">
<kw name="Teste de Requisicao Basica" owner="random-user-service">
<kw name="GET On Session" owner="RequestsLibrary">
<msg time="2024-06-25T02:31:48.352263" level="INFO">GET Request : url=https://randomuser.me/api 
 path_url=/api 
 headers={'User-Agent': 'python-requests/2.32.3', 'Accept-Encoding': 'gzip, deflate', 'Accept': '*/*', 'Connection': 'keep-alive'} 
 body=None 
 </msg>
<msg time="2024-06-25T02:31:48.352411" level="INFO">GET Response : url=https://randomuser.me/api 
 status=200, reason=OK 
 headers={'Date': 'Tue, 25 Jun 2024 02:31:48 GMT', 'Content-Type': 'application/json; charset=utf-8', 'Transfer-Encoding': 'chunked', 'Connection': 'keep-alive', 'X-Powered-By': 'Express', 'Access-Control-Allow-Origin': '*', 'Cache-Control': 'no-cache', 'ETag': 'W/"496-Yh39D9zmF6+Kwpz93e3lvbT6yVo"', 'Vary': 'Accept-Encoding', 'Content-Encoding': 'gzip', 'CF-Cache-Status': 'DYNAMIC', 'Report-To': '{"endpoints":[{"url":"https:\\/\\/a.nel.cloudflare.com\\/report\\/v4?s=rk4pkEgHA63Dht3xZnAN9k5AkoBLff%2BzQUqrjlcrZbLxF7FPjb9JxmafRjdLOTCsFQVjbvM3pzQuqjYLog5MUVuynZU0yYDH6%2F1CUbBsIQPTcsOFWMLIW7I%2Fu7mbgsst"}],"group":"cf-nel","max_age":604800}', 'NEL': '{"success_fraction":0,"report_to":"cf-nel","max_age":604800}', 'Server': 'cloudflare', 'CF-RAY': '89918b1e9b76fac6-SJC', 'alt-svc': 'h3=":443"; ma=86400'} 
 body={"results":[{"gender":"male","name":{"title":"Mr","first":"Joshua","last":"Snyder"},"location":{"street":{"number":9682,"name":"Walnut Hill Ln"},"city":"Cairns","state":"Western Australia","country":"Australia","postcode":2794,"coordinates":{"latitude":"-88.1950","longitude":"-152.2015"},"timezone":{"offset":"+5:30","description":"Bombay, Calcutta, Madras, New Delhi"}},"email":"joshua.snyder@example.com","login":{"uuid":"8dbff4e9-264a-4dff-a46b-4b9bb163b5da","username":"happypanda338","password":"cuddles","salt":"iyqN297O","md5":"8292f4da56a2e0002546c4e52373f3a5","sha1":"e52859c4c38a16e08588a3dfa23ca97d358903b3","sha256":"173c832c7e2eb8bf5855fd1674b77e240c3a50181975570afbb3af90f9e72499"},"dob":{"date":"1986-05-09T01:27:55.521Z","age":38},"registered":{"date":"2013-12-06T20:25:18.258Z","age":10},"phone":"07-0427-3861","cell":"0489-305-436","id":{"name":"TFN","value":"241900583"},"picture":{"large":"https://randomuser.me/api/portraits/men/68.jpg","medium":"https://randomuser.me/api/portraits/med/men/68.jpg","thumbnail":"https://randomuser.me/api/portraits/thumb/men/68.jpg"},"nat":"AU"}],"info":{"seed":"91b6731b1f62f2d7","results":1,"page":1,"version":"1.4"}} 
 </msg>
<msg time="2024-06-25T02:31:48.352490" level="INFO">/opt/hostedtoolcache/Python/3.12.4/x64/lib/python3.12/site-packages/urllib3/connectionpool.py:1099: InsecureRequestWarning: Unverified HTTPS request is being made to host 'randomuser.me'. Adding certificate verification is strongly advised. See: https://urllib3.readthedocs.io/en/latest/advanced-usage.html#tls-warnings
  warnings.warn(</msg>
<msg time="2024-06-25T02:31:48.352638" level="INFO">${response} = &lt;Response [200]&gt;</msg>
<var>${response}</var>
<arg>consultarAPI</arg>
<arg>/api</arg>
<doc>Sends a GET request on a previously created HTTP Session.</doc>
<status status="PASS" start="2024-06-25T02:31:48.224229" elapsed="0.128450"/>
</kw>
<kw name="Should Be Equal As Numbers" owner="BuiltIn">
<msg time="2024-06-25T02:31:48.353798" level="INFO">Argument types are:
&lt;class 'int'&gt;
&lt;class 'str'&gt;</msg>
<arg>${response.status_code}</arg>
<arg>200</arg>
<doc>Fails if objects are unequal after converting them to real numbers.</doc>
<status status="PASS" start="2024-06-25T02:31:48.353319" elapsed="0.000547"/>
</kw>
<kw name="Log" owner="BuiltIn">
<msg time="2024-06-25T02:31:48.354565" level="INFO">200</msg>
<arg>${response.status_code}</arg>
<doc>Logs the given message with the given level.</doc>
<status status="PASS" start="2024-06-25T02:31:48.354219" elapsed="0.000388"/>
</kw>
<kw name="Set Variable" owner="BuiltIn">
<msg time="2024-06-25T02:31:48.355335" level="INFO">${json_data} = {'results': [{'gender': 'male', 'name': {'title': 'Mr', 'first': 'Joshua', 'last': 'Snyder'}, 'location': {'street': {'number': 9682, 'name': 'Walnut Hill Ln'}, 'city': 'Cairns', 'state': 'Western Aus...</msg>
<var>${json_data}</var>
<arg>${response.json()}</arg>
<doc>Returns the given values which can then be assigned to a variables.</doc>
<status status="PASS" start="2024-06-25T02:31:48.354910" elapsed="0.000454"/>
</kw>
<kw name="Dictionary Should Contain Key" owner="Collections">
<arg>${json_data}</arg>
<arg>results</arg>
<doc>Fails if ``key`` is not found from ``dictionary``.</doc>
<status status="PASS" start="2024-06-25T02:31:48.355656" elapsed="0.000166"/>
</kw>
<status status="PASS" start="2024-06-25T02:31:48.223987" elapsed="0.131985"/>
</kw>
<doc>Testa se a API responde corretamente e retorna um objeto JSON válido.</doc>
<tag>testeRequisicaoBasica</tag>
<status status="PASS" start="2024-06-25T02:31:48.223545" elapsed="0.132599"/>
</test>
<test id="s1-s1-t3" name="Validar estrutura de resposta" line="22">
<kw name="Teste de Estrutura de Resposta" owner="random-user-service">
<kw name="GET On Session" owner="RequestsLibrary">
<msg time="2024-06-25T02:31:48.449806" level="INFO">GET Request : url=https://randomuser.me/api 
 path_url=/api 
 headers={'User-Agent': 'python-requests/2.32.3', 'Accept-Encoding': 'gzip, deflate', 'Accept': '*/*', 'Connection': 'keep-alive'} 
 body=None 
 </msg>
<msg time="2024-06-25T02:31:48.449917" level="INFO">GET Response : url=https://randomuser.me/api 
 status=200, reason=OK 
 headers={'Date': 'Tue, 25 Jun 2024 02:31:48 GMT', 'Content-Type': 'application/json; charset=utf-8', 'Transfer-Encoding': 'chunked', 'Connection': 'keep-alive', 'X-Powered-By': 'Express', 'Access-Control-Allow-Origin': '*', 'Cache-Control': 'no-cache', 'ETag': 'W/"498-uNcVfRT+rASmypbGXcfLda5/yqI"', 'Vary': 'Accept-Encoding', 'Content-Encoding': 'gzip', 'CF-Cache-Status': 'DYNAMIC', 'Report-To': '{"endpoints":[{"url":"https:\\/\\/a.nel.cloudflare.com\\/report\\/v4?s=ULa0t5NhefutS%2FnJlONU6Qup%2BBi1o7Cyv22CzdQoK9jI%2F3YsFnkKpGwd47MQ%2FV%2B4x9t4PYt8SIU1XFl5VdxM%2BNRMBMAFCkzJoAU51Ku2Tq8UNCniteN9V52nIK4pgyme"}],"group":"cf-nel","max_age":604800}', 'NEL': '{"success_fraction":0,"report_to":"cf-nel","max_age":604800}', 'Server': 'cloudflare', 'CF-RAY': '89918b1f4c45fac6-SJC', 'alt-svc': 'h3=":443"; ma=86400'} 
 body={"results":[{"gender":"female","name":{"title":"Ms","first":"Bessie","last":"Lucas"},"location":{"street":{"number":1987,"name":"Sunset St"},"city":"Bunbury","state":"Western Australia","country":"Australia","postcode":3825,"coordinates":{"latitude":"-87.4874","longitude":"128.8729"},"timezone":{"offset":"-6:00","description":"Central Time (US &amp; Canada), Mexico City"}},"email":"bessie.lucas@example.com","login":{"uuid":"18e33c3f-e622-442e-bce7-06a929f56f60","username":"heavybear472","password":"tester","salt":"Ajjsl6BV","md5":"1dd49245bbb48cbeb129a6ad6e6e931d","sha1":"fd3ba3d4f44dfb9160f9ba3ea18af65809045a0c","sha256":"9bbebbbb5f2da4032240be430c1cb5a69a982148df38318fe50d9d482b011fb3"},"dob":{"date":"1980-05-04T10:41:02.903Z","age":44},"registered":{"date":"2014-09-15T16:26:05.677Z","age":9},"phone":"06-9349-4082","cell":"0462-169-714","id":{"name":"TFN","value":"987675581"},"picture":{"large":"https://randomuser.me/api/portraits/women/18.jpg","medium":"https://randomuser.me/api/portraits/med/women/18.jpg","thumbnail":"https://randomuser.me/api/portraits/thumb/women/18.jpg"},"nat":"AU"}],"info":{"seed":"2bb61eb29e19cfc6","results":1,"page":1,"version":"1.4"}} 
 </msg>
<msg time="2024-06-25T02:31:48.450066" level="INFO">/opt/hostedtoolcache/Python/3.12.4/x64/lib/python3.12/site-packages/urllib3/connectionpool.py:1099: InsecureRequestWarning: Unverified HTTPS request is being made to host 'randomuser.me'. Adding certificate verification is strongly advised. See: https://urllib3.readthedocs.io/en/latest/advanced-usage.html#tls-warnings
  warnings.warn(</msg>
<msg time="2024-06-25T02:31:48.450242" level="INFO">${response} = &lt;Response [200]&gt;</msg>
<var>${response}</var>
<arg>consultarAPI</arg>
<arg>/api</arg>
<doc>Sends a GET request on a previously created HTTP Session.</doc>
<status status="PASS" start="2024-06-25T02:31:48.358663" elapsed="0.091627"/>
</kw>
<kw name="Set Variable" owner="BuiltIn">
<msg time="2024-06-25T02:31:48.451298" level="INFO">${json_data} = {'results': [{'gender': 'female', 'name': {'title': 'Ms', 'first': 'Bessie', 'last': 'Lucas'}, 'location': {'street': {'number': 1987, 'name': 'Sunset St'}, 'city': 'Bunbury', 'state': 'Western Austra...</msg>
<var>${json_data}</var>
<arg>${response.json()}</arg>
<doc>Returns the given values which can then be assigned to a variables.</doc>
<status status="PASS" start="2024-06-25T02:31:48.450795" elapsed="0.000533"/>
</kw>
<kw name="Log" owner="BuiltIn">
<msg time="2024-06-25T02:31:48.451798" level="INFO">{'results': [{'gender': 'female', 'name': {'title': 'Ms', 'first': 'Bessie', 'last': 'Lucas'}, 'location': {'street': {'number': 1987, 'name': 'Sunset St'}, 'city': 'Bunbury', 'state': 'Western Australia', 'country': 'Australia', 'postcode': 3825, 'coordinates': {'latitude': '-87.4874', 'longitude': '128.8729'}, 'timezone': {'offset': '-6:00', 'description': 'Central Time (US &amp; Canada), Mexico City'}}, 'email': 'bessie.lucas@example.com', 'login': {'uuid': '18e33c3f-e622-442e-bce7-06a929f56f60', 'username': 'heavybear472', 'password': 'tester', 'salt': 'Ajjsl6BV', 'md5': '1dd49245bbb48cbeb129a6ad6e6e931d', 'sha1': 'fd3ba3d4f44dfb9160f9ba3ea18af65809045a0c', 'sha256': '9bbebbbb5f2da4032240be430c1cb5a69a982148df38318fe50d9d482b011fb3'}, 'dob': {'date': '1980-05-04T10:41:02.903Z', 'age': 44}, 'registered': {'date': '2014-09-15T16:26:05.677Z', 'age': 9}, 'phone': '06-9349-4082', 'cell': '0462-169-714', 'id': {'name': 'TFN', 'value': '987675581'}, 'picture': {'large': 'https://randomuser.me/api/portraits/women/18.jpg', 'medium': 'https://randomuser.me/api/portraits/med/women/18.jpg', 'thumbnail': 'https://randomuser.me/api/portraits/thumb/women/18.jpg'}, 'nat': 'AU'}], 'info': {'seed': '2bb61eb29e19cfc6', 'results': 1, 'page': 1, 'version': '1.4'}}</msg>
<arg>${json_data}</arg>
<doc>Logs the given message with the given level.</doc>
<status status="PASS" start="2024-06-25T02:31:48.451636" elapsed="0.000211"/>
</kw>
<kw name="Dictionary Should Contain Key" owner="Collections">
<arg>${json_data}</arg>
<arg>results</arg>
<doc>Fails if ``key`` is not found from ``dictionary``.</doc>
<status status="PASS" start="2024-06-25T02:31:48.452136" elapsed="0.000157"/>
</kw>
<kw name="Should Not Be Empty" owner="BuiltIn">
<msg time="2024-06-25T02:31:48.452613" level="INFO">Length is 2.</msg>
<arg>${json_data}</arg>
<doc>Verifies that the given item is not empty.</doc>
<status status="PASS" start="2024-06-25T02:31:48.452472" elapsed="0.000186"/>
</kw>
<kw name="Create List" owner="BuiltIn">
<msg time="2024-06-25T02:31:48.453255" level="INFO">${expected_keys} = ['gender', 'name', 'location', 'email', 'login']</msg>
<var>${expected_keys}</var>
<arg>gender</arg>
<arg>name</arg>
<arg>location</arg>
<arg>email</arg>
<arg>login</arg>
<doc>Returns a list containing given items.</doc>
<status status="PASS" start="2024-06-25T02:31:48.452956" elapsed="0.000323"/>
</kw>
<for flavor="IN">
<iter>
<kw name="Dictionary Should Contain Key" owner="Collections">
<arg>${json_data['results'][0]}</arg>
<arg>${key}</arg>
<doc>Fails if ``key`` is not found from ``dictionary``.</doc>
<status status="PASS" start="2024-06-25T02:31:48.453853" elapsed="0.000444"/>
</kw>
<kw name="Log" owner="BuiltIn">
<msg time="2024-06-25T02:31:48.454849" level="INFO">{'gender': 'female', 'name': {'title': 'Ms', 'first': 'Bessie', 'last': 'Lucas'}, 'location': {'street': {'number': 1987, 'name': 'Sunset St'}, 'city': 'Bunbury', 'state': 'Western Australia', 'country': 'Australia', 'postcode': 3825, 'coordinates': {'latitude': '-87.4874', 'longitude': '128.8729'}, 'timezone': {'offset': '-6:00', 'description': 'Central Time (US &amp; Canada), Mexico City'}}, 'email': 'bessie.lucas@example.com', 'login': {'uuid': '18e33c3f-e622-442e-bce7-06a929f56f60', 'username': 'heavybear472', 'password': 'tester', 'salt': 'Ajjsl6BV', 'md5': '1dd49245bbb48cbeb129a6ad6e6e931d', 'sha1': 'fd3ba3d4f44dfb9160f9ba3ea18af65809045a0c', 'sha256': '9bbebbbb5f2da4032240be430c1cb5a69a982148df38318fe50d9d482b011fb3'}, 'dob': {'date': '1980-05-04T10:41:02.903Z', 'age': 44}, 'registered': {'date': '2014-09-15T16:26:05.677Z', 'age': 9}, 'phone': '06-9349-4082', 'cell': '0462-169-714', 'id': {'name': 'TFN', 'value': '987675581'}, 'picture': {'large': 'https://randomuser.me/api/portraits/women/18.jpg', 'medium': 'https://randomuser.me/api/portraits/med/women/18.jpg', 'thumbnail': 'https://randomuser.me/api/portraits/thumb/women/18.jpg'}, 'nat': 'AU'}</msg>
<arg>${json_data['results'][0]}</arg>
<doc>Logs the given message with the given level.</doc>
<status status="PASS" start="2024-06-25T02:31:48.454489" elapsed="0.000409"/>
</kw>
<kw name="Log" owner="BuiltIn">
<msg time="2024-06-25T02:31:48.455322" level="INFO">gender</msg>
<arg>${key}</arg>
<doc>Logs the given message with the given level.</doc>
<status status="PASS" start="2024-06-25T02:31:48.455194" elapsed="0.000166"/>
</kw>
<var name="${key}">gender</var>
<status status="PASS" start="2024-06-25T02:31:48.453731" elapsed="0.001846"/>
</iter>
<iter>
<kw name="Dictionary Should Contain Key" owner="Collections">
<arg>${json_data['results'][0]}</arg>
<arg>${key}</arg>
<doc>Fails if ``key`` is not found from ``dictionary``.</doc>
<status status="PASS" start="2024-06-25T02:31:48.455870" elapsed="0.000384"/>
</kw>
<kw name="Log" owner="BuiltIn">
<msg time="2024-06-25T02:31:48.456831" level="INFO">{'gender': 'female', 'name': {'title': 'Ms', 'first': 'Bessie', 'last': 'Lucas'}, 'location': {'street': {'number': 1987, 'name': 'Sunset St'}, 'city': 'Bunbury', 'state': 'Western Australia', 'country': 'Australia', 'postcode': 3825, 'coordinates': {'latitude': '-87.4874', 'longitude': '128.8729'}, 'timezone': {'offset': '-6:00', 'description': 'Central Time (US &amp; Canada), Mexico City'}}, 'email': 'bessie.lucas@example.com', 'login': {'uuid': '18e33c3f-e622-442e-bce7-06a929f56f60', 'username': 'heavybear472', 'password': 'tester', 'salt': 'Ajjsl6BV', 'md5': '1dd49245bbb48cbeb129a6ad6e6e931d', 'sha1': 'fd3ba3d4f44dfb9160f9ba3ea18af65809045a0c', 'sha256': '9bbebbbb5f2da4032240be430c1cb5a69a982148df38318fe50d9d482b011fb3'}, 'dob': {'date': '1980-05-04T10:41:02.903Z', 'age': 44}, 'registered': {'date': '2014-09-15T16:26:05.677Z', 'age': 9}, 'phone': '06-9349-4082', 'cell': '0462-169-714', 'id': {'name': 'TFN', 'value': '987675581'}, 'picture': {'large': 'https://randomuser.me/api/portraits/women/18.jpg', 'medium': 'https://randomuser.me/api/portraits/med/women/18.jpg', 'thumbnail': 'https://randomuser.me/api/portraits/thumb/women/18.jpg'}, 'nat': 'AU'}</msg>
<arg>${json_data['results'][0]}</arg>
<doc>Logs the given message with the given level.</doc>
<status status="PASS" start="2024-06-25T02:31:48.456439" elapsed="0.000443"/>
</kw>
<kw name="Log" owner="BuiltIn">
<msg time="2024-06-25T02:31:48.457305" level="INFO">name</msg>
<arg>${key}</arg>
<doc>Logs the given message with the given level.</doc>
<status status="PASS" start="2024-06-25T02:31:48.457178" elapsed="0.000165"/>
</kw>
<var name="${key}">name</var>
<status status="PASS" start="2024-06-25T02:31:48.455758" elapsed="0.001801"/>
</iter>
<iter>
<kw name="Dictionary Should Contain Key" owner="Collections">
<arg>${json_data['results'][0]}</arg>
<arg>${key}</arg>
<doc>Fails if ``key`` is not found from ``dictionary``.</doc>
<status status="PASS" start="2024-06-25T02:31:48.457840" elapsed="0.000407"/>
</kw>
<kw name="Log" owner="BuiltIn">
<msg time="2024-06-25T02:31:48.458788" level="INFO">{'gender': 'female', 'name': {'title': 'Ms', 'first': 'Bessie', 'last': 'Lucas'}, 'location': {'street': {'number': 1987, 'name': 'Sunset St'}, 'city': 'Bunbury', 'state': 'Western Australia', 'country': 'Australia', 'postcode': 3825, 'coordinates': {'latitude': '-87.4874', 'longitude': '128.8729'}, 'timezone': {'offset': '-6:00', 'description': 'Central Time (US &amp; Canada), Mexico City'}}, 'email': 'bessie.lucas@example.com', 'login': {'uuid': '18e33c3f-e622-442e-bce7-06a929f56f60', 'username': 'heavybear472', 'password': 'tester', 'salt': 'Ajjsl6BV', 'md5': '1dd49245bbb48cbeb129a6ad6e6e931d', 'sha1': 'fd3ba3d4f44dfb9160f9ba3ea18af65809045a0c', 'sha256': '9bbebbbb5f2da4032240be430c1cb5a69a982148df38318fe50d9d482b011fb3'}, 'dob': {'date': '1980-05-04T10:41:02.903Z', 'age': 44}, 'registered': {'date': '2014-09-15T16:26:05.677Z', 'age': 9}, 'phone': '06-9349-4082', 'cell': '0462-169-714', 'id': {'name': 'TFN', 'value': '987675581'}, 'picture': {'large': 'https://randomuser.me/api/portraits/women/18.jpg', 'medium': 'https://randomuser.me/api/portraits/med/women/18.jpg', 'thumbnail': 'https://randomuser.me/api/portraits/thumb/women/18.jpg'}, 'nat': 'AU'}</msg>
<arg>${json_data['results'][0]}</arg>
<doc>Logs the given message with the given level.</doc>
<status status="PASS" start="2024-06-25T02:31:48.458428" elapsed="0.000409"/>
</kw>
<kw name="Log" owner="BuiltIn">
<msg time="2024-06-25T02:31:48.459257" level="INFO">location</msg>
<arg>${key}</arg>
<doc>Logs the given message with the given level.</doc>
<status status="PASS" start="2024-06-25T02:31:48.459129" elapsed="0.000165"/>
</kw>
<var name="${key}">location</var>
<status status="PASS" start="2024-06-25T02:31:48.457733" elapsed="0.001776"/>
</iter>
<iter>
<kw name="Dictionary Should Contain Key" owner="Collections">
<arg>${json_data['results'][0]}</arg>
<arg>${key}</arg>
<doc>Fails if ``key`` is not found from ``dictionary``.</doc>
<status status="PASS" start="2024-06-25T02:31:48.459781" elapsed="0.000375"/>
</kw>
<kw name="Log" owner="BuiltIn">
<msg time="2024-06-25T02:31:48.460684" level="INFO">{'gender': 'female', 'name': {'title': 'Ms', 'first': 'Bessie', 'last': 'Lucas'}, 'location': {'street': {'number': 1987, 'name': 'Sunset St'}, 'city': 'Bunbury', 'state': 'Western Australia', 'country': 'Australia', 'postcode': 3825, 'coordinates': {'latitude': '-87.4874', 'longitude': '128.8729'}, 'timezone': {'offset': '-6:00', 'description': 'Central Time (US &amp; Canada), Mexico City'}}, 'email': 'bessie.lucas@example.com', 'login': {'uuid': '18e33c3f-e622-442e-bce7-06a929f56f60', 'username': 'heavybear472', 'password': 'tester', 'salt': 'Ajjsl6BV', 'md5': '1dd49245bbb48cbeb129a6ad6e6e931d', 'sha1': 'fd3ba3d4f44dfb9160f9ba3ea18af65809045a0c', 'sha256': '9bbebbbb5f2da4032240be430c1cb5a69a982148df38318fe50d9d482b011fb3'}, 'dob': {'date': '1980-05-04T10:41:02.903Z', 'age': 44}, 'registered': {'date': '2014-09-15T16:26:05.677Z', 'age': 9}, 'phone': '06-9349-4082', 'cell': '0462-169-714', 'id': {'name': 'TFN', 'value': '987675581'}, 'picture': {'large': 'https://randomuser.me/api/portraits/women/18.jpg', 'medium': 'https://randomuser.me/api/portraits/med/women/18.jpg', 'thumbnail': 'https://randomuser.me/api/portraits/thumb/women/18.jpg'}, 'nat': 'AU'}</msg>
<arg>${json_data['results'][0]}</arg>
<doc>Logs the given message with the given level.</doc>
<status status="PASS" start="2024-06-25T02:31:48.460338" elapsed="0.000400"/>
</kw>
<kw name="Log" owner="BuiltIn">
<msg time="2024-06-25T02:31:48.461150" level="INFO">email</msg>
<arg>${key}</arg>
<doc>Logs the given message with the given level.</doc>
<status status="PASS" start="2024-06-25T02:31:48.461025" elapsed="0.000162"/>
</kw>
<var name="${key}">email</var>
<status status="PASS" start="2024-06-25T02:31:48.459676" elapsed="0.001721"/>
</iter>
<iter>
<kw name="Dictionary Should Contain Key" owner="Collections">
<arg>${json_data['results'][0]}</arg>
<arg>${key}</arg>
<doc>Fails if ``key`` is not found from ``dictionary``.</doc>
<status status="PASS" start="2024-06-25T02:31:48.461667" elapsed="0.000381"/>
</kw>
<kw name="Log" owner="BuiltIn">
<msg time="2024-06-25T02:31:48.462591" level="INFO">{'gender': 'female', 'name': {'title': 'Ms', 'first': 'Bessie', 'last': 'Lucas'}, 'location': {'street': {'number': 1987, 'name': 'Sunset St'}, 'city': 'Bunbury', 'state': 'Western Australia', 'country': 'Australia', 'postcode': 3825, 'coordinates': {'latitude': '-87.4874', 'longitude': '128.8729'}, 'timezone': {'offset': '-6:00', 'description': 'Central Time (US &amp; Canada), Mexico City'}}, 'email': 'bessie.lucas@example.com', 'login': {'uuid': '18e33c3f-e622-442e-bce7-06a929f56f60', 'username': 'heavybear472', 'password': 'tester', 'salt': 'Ajjsl6BV', 'md5': '1dd49245bbb48cbeb129a6ad6e6e931d', 'sha1': 'fd3ba3d4f44dfb9160f9ba3ea18af65809045a0c', 'sha256': '9bbebbbb5f2da4032240be430c1cb5a69a982148df38318fe50d9d482b011fb3'}, 'dob': {'date': '1980-05-04T10:41:02.903Z', 'age': 44}, 'registered': {'date': '2014-09-15T16:26:05.677Z', 'age': 9}, 'phone': '06-9349-4082', 'cell': '0462-169-714', 'id': {'name': 'TFN', 'value': '987675581'}, 'picture': {'large': 'https://randomuser.me/api/portraits/women/18.jpg', 'medium': 'https://randomuser.me/api/portraits/med/women/18.jpg', 'thumbnail': 'https://randomuser.me/api/portraits/thumb/women/18.jpg'}, 'nat': 'AU'}</msg>
<arg>${json_data['results'][0]}</arg>
<doc>Logs the given message with the given level.</doc>
<status status="PASS" start="2024-06-25T02:31:48.462247" elapsed="0.000408"/>
</kw>
<kw name="Log" owner="BuiltIn">
<msg time="2024-06-25T02:31:48.463086" level="INFO">login</msg>
<arg>${key}</arg>
<doc>Logs the given message with the given level.</doc>
<status status="PASS" start="2024-06-25T02:31:48.462959" elapsed="0.000164"/>
</kw>
<var name="${key}">login</var>
<status status="PASS" start="2024-06-25T02:31:48.461562" elapsed="0.001776"/>
</iter>
<var>${key}</var>
<value>@{expected_keys}</value>
<status status="PASS" start="2024-06-25T02:31:48.453538" elapsed="0.009916"/>
</for>
<kw name="Create List" owner="BuiltIn">
<msg time="2024-06-25T02:31:48.463800" level="INFO">${expected_keysTwo} = ['username', 'password']</msg>
<var>${expected_keysTwo}</var>
<arg>username</arg>
<arg>password</arg>
<doc>Returns a list containing given items.</doc>
<status status="PASS" start="2024-06-25T02:31:48.463665" elapsed="0.000158"/>
</kw>
<for flavor="IN">
<iter>
<kw name="Dictionary Should Contain Key" owner="Collections">
<arg>${json_data['results'][0]['login']}</arg>
<arg>${keyTwo}</arg>
<doc>Fails if ``key`` is not found from ``dictionary``.</doc>
<status status="PASS" start="2024-06-25T02:31:48.464306" elapsed="0.000379"/>
</kw>
<kw name="Dictionary Should Contain Key" owner="Collections">
<arg>${json_data['results'][0]['login']}</arg>
<arg>${keyTwo}</arg>
<doc>Fails if ``key`` is not found from ``dictionary``.</doc>
<status status="PASS" start="2024-06-25T02:31:48.464866" elapsed="0.000372"/>
</kw>
<kw name="Log" owner="BuiltIn">
<msg time="2024-06-25T02:31:48.465528" level="INFO">username</msg>
<arg>${keyTwo}</arg>
<doc>Logs the given message with the given level.</doc>
<status status="PASS" start="2024-06-25T02:31:48.465411" elapsed="0.000153"/>
</kw>
<var name="${keyTwo}">username</var>
<status status="PASS" start="2024-06-25T02:31:48.464202" elapsed="0.001579"/>
</iter>
<iter>
<kw name="Dictionary Should Contain Key" owner="Collections">
<arg>${json_data['results'][0]['login']}</arg>
<arg>${keyTwo}</arg>
<doc>Fails if ``key`` is not found from ``dictionary``.</doc>
<status status="PASS" start="2024-06-25T02:31:48.466052" elapsed="0.000400"/>
</kw>
<kw name="Dictionary Should Contain Key" owner="Collections">
<arg>${json_data['results'][0]['login']}</arg>
<arg>${keyTwo}</arg>
<doc>Fails if ``key`` is not found from ``dictionary``.</doc>
<status status="PASS" start="2024-06-25T02:31:48.466632" elapsed="0.000375"/>
</kw>
<kw name="Log" owner="BuiltIn">
<msg time="2024-06-25T02:31:48.467296" level="INFO">password</msg>
<arg>${keyTwo}</arg>
<doc>Logs the given message with the given level.</doc>
<status status="PASS" start="2024-06-25T02:31:48.467180" elapsed="0.000152"/>
</kw>
<var name="${keyTwo}">password</var>
<status status="PASS" start="2024-06-25T02:31:48.465948" elapsed="0.001692"/>
</iter>
<var>${keyTwo}</var>
<value>@{expected_keysTwo}</value>
<status status="PASS" start="2024-06-25T02:31:48.464054" elapsed="0.003704"/>
</for>
<status status="PASS" start="2024-06-25T02:31:48.358427" elapsed="0.109470"/>
</kw>
<doc>Testa a estrutura da resposta da API.</doc>
<tag>testeEstruturaResposta</tag>
<status status="PASS" start="2024-06-25T02:31:48.357918" elapsed="0.110132"/>
</test>
<test id="s1-s1-t4" name="Validar tipos de dados" line="28">
<kw name="Teste de Tipos de Dados" owner="random-user-service">
<kw name="GET On Session" owner="RequestsLibrary">
<msg time="2024-06-25T02:31:48.559052" level="INFO">GET Request : url=https://randomuser.me/api 
 path_url=/api 
 headers={'User-Agent': 'python-requests/2.32.3', 'Accept-Encoding': 'gzip, deflate', 'Accept': '*/*', 'Connection': 'keep-alive'} 
 body=None 
 </msg>
<msg time="2024-06-25T02:31:48.559162" level="INFO">GET Response : url=https://randomuser.me/api 
 status=200, reason=OK 
 headers={'Date': 'Tue, 25 Jun 2024 02:31:48 GMT', 'Content-Type': 'application/json; charset=utf-8', 'Transfer-Encoding': 'chunked', 'Connection': 'keep-alive', 'X-Powered-By': 'Express', 'Access-Control-Allow-Origin': '*', 'Cache-Control': 'no-cache', 'ETag': 'W/"46e-js6PcqIPTq2giUsz6w7VebbvCiA"', 'Vary': 'Accept-Encoding', 'Content-Encoding': 'gzip', 'CF-Cache-Status': 'DYNAMIC', 'Report-To': '{"endpoints":[{"url":"https:\\/\\/a.nel.cloudflare.com\\/report\\/v4?s=wTSAPtVw0d3JJ%2FOW3YnSUMfM6L%2B2PCeI8kA6Gcf5Zi4APzqNr6ZTkSzF59jP1dou95k2lZy17OE00VBv8JhBj%2Bwk4AcC3%2BAHPFSmzw7j2hB0L%2FovhV2pZAIRmxpc4WWV"}],"group":"cf-nel","max_age":604800}', 'NEL': '{"success_fraction":0,"report_to":"cf-nel","max_age":604800}', 'Server': 'cloudflare', 'CF-RAY': '89918b1ffd32fac6-SJC', 'alt-svc': 'h3=":443"; ma=86400'} 
 body={"results":[{"gender":"female","name":{"title":"Miss","first":"Marit","last":"Solberg"},"location":{"street":{"number":6137,"name":"Wedels vei"},"city":"Reine","state":"Description","country":"Norway","postcode":"3944","coordinates":{"latitude":"44.3656","longitude":"15.0008"},"timezone":{"offset":"+5:45","description":"Kathmandu"}},"email":"marit.solberg@example.com","login":{"uuid":"ac2b9f93-94cf-43c6-941c-e75bb2535980","username":"smalltiger540","password":"access","salt":"qW9mXAgq","md5":"1ab70a3a86ad50fd9c3fff94a5a63974","sha1":"4b89d46cf39ab8911565494f705638b1c6572ae2","sha256":"2c0acbbe7b31e68fde25a8816ab0e652a02ef7959d1fafffc0f73a3349d4304e"},"dob":{"date":"1962-12-20T13:16:55.356Z","age":61},"registered":{"date":"2016-05-30T06:40:55.722Z","age":8},"phone":"23235500","cell":"41103804","id":{"name":"FN","value":"20126227842"},"picture":{"large":"https://randomuser.me/api/portraits/women/67.jpg","medium":"https://randomuser.me/api/portraits/med/women/67.jpg","thumbnail":"https://randomuser.me/api/portraits/thumb/women/67.jpg"},"nat":"NO"}],"info":{"seed":"9d9ba3cb5f5f328f","results":1,"page":1,"version":"1.4"}} 
 </msg>
<msg time="2024-06-25T02:31:48.559246" level="INFO">/opt/hostedtoolcache/Python/3.12.4/x64/lib/python3.12/site-packages/urllib3/connectionpool.py:1099: InsecureRequestWarning: Unverified HTTPS request is being made to host 'randomuser.me'. Adding certificate verification is strongly advised. See: https://urllib3.readthedocs.io/en/latest/advanced-usage.html#tls-warnings
  warnings.warn(</msg>
<msg time="2024-06-25T02:31:48.559383" level="INFO">${response} = &lt;Response [200]&gt;</msg>
<var>${response}</var>
<arg>consultarAPI</arg>
<arg>/api</arg>
<doc>Sends a GET request on a previously created HTTP Session.</doc>
<status status="PASS" start="2024-06-25T02:31:48.470520" elapsed="0.088901"/>
</kw>
<kw name="Set Variable" owner="BuiltIn">
<msg time="2024-06-25T02:31:48.560531" level="INFO">${json_data} = {'results': [{'gender': 'female', 'name': {'title': 'Miss', 'first': 'Marit', 'last': 'Solberg'}, 'location': {'street': {'number': 6137, 'name': 'Wedels vei'}, 'city': 'Reine', 'state': 'Description'...</msg>
<var>${json_data}</var>
<arg>${response.json()}</arg>
<doc>Returns the given values which can then be assigned to a variables.</doc>
<status status="PASS" start="2024-06-25T02:31:48.559996" elapsed="0.000564"/>
</kw>
<kw name="Log" owner="BuiltIn">
<msg time="2024-06-25T02:31:48.561026" level="INFO">{'results': [{'gender': 'female', 'name': {'title': 'Miss', 'first': 'Marit', 'last': 'Solberg'}, 'location': {'street': {'number': 6137, 'name': 'Wedels vei'}, 'city': 'Reine', 'state': 'Description', 'country': 'Norway', 'postcode': '3944', 'coordinates': {'latitude': '44.3656', 'longitude': '15.0008'}, 'timezone': {'offset': '+5:45', 'description': 'Kathmandu'}}, 'email': 'marit.solberg@example.com', 'login': {'uuid': 'ac2b9f93-94cf-43c6-941c-e75bb2535980', 'username': 'smalltiger540', 'password': 'access', 'salt': 'qW9mXAgq', 'md5': '1ab70a3a86ad50fd9c3fff94a5a63974', 'sha1': '4b89d46cf39ab8911565494f705638b1c6572ae2', 'sha256': '2c0acbbe7b31e68fde25a8816ab0e652a02ef7959d1fafffc0f73a3349d4304e'}, 'dob': {'date': '1962-12-20T13:16:55.356Z', 'age': 61}, 'registered': {'date': '2016-05-30T06:40:55.722Z', 'age': 8}, 'phone': '23235500', 'cell': '41103804', 'id': {'name': 'FN', 'value': '20126227842'}, 'picture': {'large': 'https://randomuser.me/api/portraits/women/67.jpg', 'medium': 'https://randomuser.me/api/portraits/med/women/67.jpg', 'thumbnail': 'https://randomuser.me/api/portraits/thumb/women/67.jpg'}, 'nat': 'NO'}], 'info': {'seed': '9d9ba3cb5f5f328f', 'results': 1, 'page': 1, 'version': '1.4'}}</msg>
<arg>${json_data}</arg>
<doc>Logs the given message with the given level.</doc>
<status status="PASS" start="2024-06-25T02:31:48.560870" elapsed="0.000203"/>
</kw>
<kw name="Should Be String" owner="String">
<arg>${json_data['results'][0]['gender']}</arg>
<doc>Fails if the given ``item`` is not a string.</doc>
<status status="PASS" start="2024-06-25T02:31:48.561360" elapsed="0.000375"/>
</kw>
<kw name="Should Match Regexp" owner="BuiltIn">
<arg>${json_data['results'][0]['email']}</arg>
<arg>^[a-zA-Z0-9._%+-]+@[a-zA-Z0-9.-]+\.[a-zA-Z]{2,}$</arg>
<doc>Fails if ``string`` does not match ``pattern`` as a regular expression.</doc>
<status status="PASS" start="2024-06-25T02:31:48.561925" elapsed="0.000568"/>
</kw>
<kw name="Should Match Regexp" owner="BuiltIn">
<arg>${json_data['results'][0]['dob']['date']}</arg>
<arg>\\d{4}-\\d{2}-\\d{2}T\\d{2}:\\d{2}:\\d{2}\\.\\d{3}Z</arg>
<doc>Fails if ``string`` does not match ``pattern`` as a regular expression.</doc>
<status status="PASS" start="2024-06-25T02:31:48.562725" elapsed="0.000487"/>
</kw>
<kw name="Should Match Regexp" owner="BuiltIn">
<arg>${json_data['results'][0]['registered']['date']}</arg>
<arg>\\d{4}-\\d{2}-\\d{2}T\\d{2}:\\d{2}:\\d{2}\\.\\d{3}Z</arg>
<doc>Fails if ``string`` does not match ``pattern`` as a regular expression.</doc>
<status status="PASS" start="2024-06-25T02:31:48.563434" elapsed="0.000384"/>
</kw>
<kw name="Should Match Regexp" owner="BuiltIn">
<arg>${json_data['results'][0]['picture']['large']}</arg>
<arg>^https?://.*\.(?:png|jpe?g|gif|bmp)$</arg>
<doc>Fails if ``string`` does not match ``pattern`` as a regular expression.</doc>
<status status="PASS" start="2024-06-25T02:31:48.564005" elapsed="0.000456"/>
</kw>
<kw name="Should Match Regexp" owner="BuiltIn">
<arg>${json_data['results'][0]['picture']['medium']}</arg>
<arg>^https?://.*\.(?:png|jpe?g|gif|bmp)$</arg>
<doc>Fails if ``string`` does not match ``pattern`` as a regular expression.</doc>
<status status="PASS" start="2024-06-25T02:31:48.564652" elapsed="0.000353"/>
</kw>
<kw name="Should Match Regexp" owner="BuiltIn">
<arg>${json_data['results'][0]['picture']['thumbnail']}</arg>
<arg>^https?://.*\.(?:png|jpe?g|gif|bmp)$</arg>
<doc>Fails if ``string`` does not match ``pattern`` as a regular expression.</doc>
<status status="PASS" start="2024-06-25T02:31:48.565185" elapsed="0.000345"/>
</kw>
<kw name="Log" owner="BuiltIn">
<msg time="2024-06-25T02:31:48.566026" level="INFO">{'large': 'https://randomuser.me/api/portraits/women/67.jpg', 'medium': 'https://randomuser.me/api/portraits/med/women/67.jpg', 'thumbnail': 'https://randomuser.me/api/portraits/thumb/women/67.jpg'}</msg>
<arg>${json_data['results'][0]['picture']}</arg>
<doc>Logs the given message with the given level.</doc>
<status status="PASS" start="2024-06-25T02:31:48.565708" elapsed="0.000362"/>
</kw>
<status status="PASS" start="2024-06-25T02:31:48.470273" elapsed="0.096086"/>
</kw>
<kw name="Teste de Tipos de Dados - Postcode" owner="random-user-service">
<kw name="GET On Session" owner="RequestsLibrary">
<msg time="2024-06-25T02:31:48.655524" level="INFO">GET Request : url=https://randomuser.me/api 
 path_url=/api 
 headers={'User-Agent': 'python-requests/2.32.3', 'Accept-Encoding': 'gzip, deflate', 'Accept': '*/*', 'Connection': 'keep-alive'} 
 body=None 
 </msg>
<msg time="2024-06-25T02:31:48.655624" level="INFO">GET Response : url=https://randomuser.me/api 
 status=200, reason=OK 
 headers={'Date': 'Tue, 25 Jun 2024 02:31:48 GMT', 'Content-Type': 'application/json; charset=utf-8', 'Transfer-Encoding': 'chunked', 'Connection': 'keep-alive', 'X-Powered-By': 'Express', 'Access-Control-Allow-Origin': '*', 'Cache-Control': 'no-cache', 'ETag': 'W/"4a0-jcvdcShBsys+VjkqEPSFZ8K4DGY"', 'Vary': 'Accept-Encoding', 'Content-Encoding': 'gzip', 'CF-Cache-Status': 'DYNAMIC', 'Report-To': '{"endpoints":[{"url":"https:\\/\\/a.nel.cloudflare.com\\/report\\/v4?s=QjE3Re5NCllsUmIvnevgpgnaW6RFOPjSx4dker8Q%2FN2j23xB2whiE4KWpmCQBWgM1GRduKn8Vhh%2B2js7OHQY7Z%2BjKXckJTNFTRz0tjEWrhzaJVWuF%2FP%2FnFsaawrF9dL8"}],"group":"cf-nel","max_age":604800}', 'NEL': '{"success_fraction":0,"report_to":"cf-nel","max_age":604800}', 'Server': 'cloudflare', 'CF-RAY': '89918b208dd0fac6-SJC', 'alt-svc': 'h3=":443"; ma=86400'} 
 body={"results":[{"gender":"female","name":{"title":"Mrs","first":"Rosario","last":"Flores"},"location":{"street":{"number":9535,"name":"Avenida de Burgos"},"city":"Toledo","state":"Extremadura","country":"Spain","postcode":11659,"coordinates":{"latitude":"-37.2188","longitude":"63.8157"},"timezone":{"offset":"0:00","description":"Western Europe Time, London, Lisbon, Casablanca"}},"email":"rosario.flores@example.com","login":{"uuid":"d497f1da-076a-4d65-985b-13ffb18ef8bb","username":"sadbird280","password":"freefree","salt":"BxQ2zxKF","md5":"6616e2882745c744b0cdddd55ef076ec","sha1":"e142c5554c93f8bb79df291945835bf313c59c26","sha256":"09f3105559dfadf91148bc561ff6738cd3e7fe7f000d5e3e42ca65109a780921"},"dob":{"date":"1998-10-08T01:00:47.039Z","age":25},"registered":{"date":"2021-03-30T18:24:04.953Z","age":3},"phone":"905-895-773","cell":"698-921-939","id":{"name":"DNI","value":"33920586-N"},"picture":{"large":"https://randomuser.me/api/portraits/women/68.jpg","medium":"https://randomuser.me/api/portraits/med/women/68.jpg","thumbnail":"https://randomuser.me/api/portraits/thumb/women/68.jpg"},"nat":"ES"}],"info":{"seed":"2f565ad1e2776c8c","results":1,"page":1,"version":"1.4"}} 
 </msg>
<msg time="2024-06-25T02:31:48.655697" level="INFO">/opt/hostedtoolcache/Python/3.12.4/x64/lib/python3.12/site-packages/urllib3/connectionpool.py:1099: InsecureRequestWarning: Unverified HTTPS request is being made to host 'randomuser.me'. Adding certificate verification is strongly advised. See: https://urllib3.readthedocs.io/en/latest/advanced-usage.html#tls-warnings
  warnings.warn(</msg>
<msg time="2024-06-25T02:31:48.655832" level="INFO">${response} = &lt;Response [200]&gt;</msg>
<var>${response}</var>
<arg>consultarAPI</arg>
<arg>/api</arg>
<doc>Sends a GET request on a previously created HTTP Session.</doc>
<status status="PASS" start="2024-06-25T02:31:48.566817" elapsed="0.089054"/>
</kw>
<kw name="Set Variable" owner="BuiltIn">
<msg time="2024-06-25T02:31:48.657048" level="INFO">${json_data} = {'results': [{'gender': 'female', 'name': {'title': 'Mrs', 'first': 'Rosario', 'last': 'Flores'}, 'location': {'street': {'number': 9535, 'name': 'Avenida de Burgos'}, 'city': 'Toledo', 'state': 'Extr...</msg>
<var>${json_data}</var>
<arg>${response.json()}</arg>
<doc>Returns the given values which can then be assigned to a variables.</doc>
<status status="PASS" start="2024-06-25T02:31:48.656484" elapsed="0.000593"/>
</kw>
<kw name="Log" owner="BuiltIn">
<msg time="2024-06-25T02:31:48.657545" level="INFO">{'results': [{'gender': 'female', 'name': {'title': 'Mrs', 'first': 'Rosario', 'last': 'Flores'}, 'location': {'street': {'number': 9535, 'name': 'Avenida de Burgos'}, 'city': 'Toledo', 'state': 'Extremadura', 'country': 'Spain', 'postcode': 11659, 'coordinates': {'latitude': '-37.2188', 'longitude': '63.8157'}, 'timezone': {'offset': '0:00', 'description': 'Western Europe Time, London, Lisbon, Casablanca'}}, 'email': 'rosario.flores@example.com', 'login': {'uuid': 'd497f1da-076a-4d65-985b-13ffb18ef8bb', 'username': 'sadbird280', 'password': 'freefree', 'salt': 'BxQ2zxKF', 'md5': '6616e2882745c744b0cdddd55ef076ec', 'sha1': 'e142c5554c93f8bb79df291945835bf313c59c26', 'sha256': '09f3105559dfadf91148bc561ff6738cd3e7fe7f000d5e3e42ca65109a780921'}, 'dob': {'date': '1998-10-08T01:00:47.039Z', 'age': 25}, 'registered': {'date': '2021-03-30T18:24:04.953Z', 'age': 3}, 'phone': '905-895-773', 'cell': '698-921-939', 'id': {'name': 'DNI', 'value': '33920586-N'}, 'picture': {'large': 'https://randomuser.me/api/portraits/women/68.jpg', 'medium': 'https://randomuser.me/api/portraits/med/women/68.jpg', 'thumbnail': 'https://randomuser.me/api/portraits/thumb/women/68.jpg'}, 'nat': 'ES'}], 'info': {'seed': '2f565ad1e2776c8c', 'results': 1, 'page': 1, 'version': '1.4'}}</msg>
<arg>${json_data}</arg>
<doc>Logs the given message with the given level.</doc>
<status status="PASS" start="2024-06-25T02:31:48.657387" elapsed="0.000211"/>
</kw>
<kw name="Should Be Equal As Numbers" owner="BuiltIn">
<arg>${json_data['results'][0]['location']['postcode']}</arg>
<arg>${json_data['results'][0]['location']['postcode']}</arg>
<doc>Fails if objects are unequal after converting them to real numbers.</doc>
<status status="PASS" start="2024-06-25T02:31:48.657896" elapsed="0.000666"/>
</kw>
<kw name="Log" owner="BuiltIn">
<msg time="2024-06-25T02:31:48.659263" level="INFO">11659</msg>
<arg>${json_data['results'][0]['location']['postcode']}</arg>
<doc>Logs the given message with the given level.</doc>
<status status="PASS" start="2024-06-25T02:31:48.658753" elapsed="0.000586"/>
</kw>
<status status="PASS" start="2024-06-25T02:31:48.566588" elapsed="0.093009"/>
</kw>
<doc>Testa se os tipos de dados na resposta da API estão corretos.</doc>
<tag>testeTiposDados</tag>
<status status="PASS" start="2024-06-25T02:31:48.469806" elapsed="0.189963"/>
</test>
<test id="s1-s1-t5" name="Validar conteudo" line="35">
<kw name="Teste de Tipos de Conteudo" owner="random-user-service">
<kw name="GET On Session" owner="RequestsLibrary">
<msg time="2024-06-25T02:31:48.760398" level="INFO">GET Request : url=https://randomuser.me/api 
 path_url=/api 
 headers={'User-Agent': 'python-requests/2.32.3', 'Accept-Encoding': 'gzip, deflate', 'Accept': '*/*', 'Connection': 'keep-alive'} 
 body=None 
 </msg>
<msg time="2024-06-25T02:31:48.760506" level="INFO">GET Response : url=https://randomuser.me/api 
 status=200, reason=OK 
 headers={'Date': 'Tue, 25 Jun 2024 02:31:48 GMT', 'Content-Type': 'application/json; charset=utf-8', 'Transfer-Encoding': 'chunked', 'Connection': 'keep-alive', 'X-Powered-By': 'Express', 'Access-Control-Allow-Origin': '*', 'Cache-Control': 'no-cache', 'ETag': 'W/"494-gkfcGV4T659NJ2e6tXC5fF37peE"', 'Vary': 'Accept-Encoding', 'Content-Encoding': 'gzip', 'CF-Cache-Status': 'DYNAMIC', 'Report-To': '{"endpoints":[{"url":"https:\\/\\/a.nel.cloudflare.com\\/report\\/v4?s=EUs1OztkenAWB3IopYQZo2XxXbJzkkwfZ%2F5rIFPMSOUFkudFu0lzasR9xwqSJo7PbuIZj%2FB%2BC%2Fw0QyzqJs9DUE1UAu%2BzpYGM24bOvwOj68cahkAzwJ2Zn8aZN8TPGlal"}],"group":"cf-nel","max_age":604800}', 'NEL': '{"success_fraction":0,"report_to":"cf-nel","max_age":604800}', 'Server': 'cloudflare', 'CF-RAY': '89918b212e67fac6-SJC', 'alt-svc': 'h3=":443"; ma=86400'} 
 body={"results":[{"gender":"female","name":{"title":"Ms","first":"Jucielen","last":"Almeida"},"location":{"street":{"number":6554,"name":"Rua Carlos Gomes"},"city":"Araucária","state":"São Paulo","country":"Brazil","postcode":91904,"coordinates":{"latitude":"-76.7361","longitude":"175.2258"},"timezone":{"offset":"-11:00","description":"Midway Island, Samoa"}},"email":"jucielen.almeida@example.com","login":{"uuid":"80d0a21e-ecb8-4024-af81-52b406e9d448","username":"bigfrog251","password":"kswbdu","salt":"VQGajqM7","md5":"91dac0187668e4ba37cab813cd064184","sha1":"c7e73a6659a86d42072f23fc2dcc2e27bd3a23c9","sha256":"316bbbf61fe6a723a463b0fb58c543f0bebf64016927642191fca34737c9b394"},"dob":{"date":"1984-06-11T23:48:47.359Z","age":40},"registered":{"date":"2008-04-20T17:22:56.975Z","age":16},"phone":"(49) 5832-5441","cell":"(52) 3765-8176","id":{"name":"CPF","value":"532.675.677-43"},"picture":{"large":"https://randomuser.me/api/portraits/women/1.jpg","medium":"https://randomuser.me/api/portraits/med/women/1.jpg","thumbnail":"https://randomuser.me/api/portraits/thumb/women/1.jpg"},"nat":"BR"}],"info":{"seed":"3518dddafeada141","results":1,"page":1,"version":"1.4"}} 
 </msg>
<msg time="2024-06-25T02:31:48.760587" level="INFO">/opt/hostedtoolcache/Python/3.12.4/x64/lib/python3.12/site-packages/urllib3/connectionpool.py:1099: InsecureRequestWarning: Unverified HTTPS request is being made to host 'randomuser.me'. Adding certificate verification is strongly advised. See: https://urllib3.readthedocs.io/en/latest/advanced-usage.html#tls-warnings
  warnings.warn(</msg>
<msg time="2024-06-25T02:31:48.760718" level="INFO">${response} = &lt;Response [200]&gt;</msg>
<var>${response}</var>
<arg>consultarAPI</arg>
<arg>/api</arg>
<doc>Sends a GET request on a previously created HTTP Session.</doc>
<status status="PASS" start="2024-06-25T02:31:48.662648" elapsed="0.098117"/>
</kw>
<kw name="Set Variable" owner="BuiltIn">
<msg time="2024-06-25T02:31:48.761819" level="INFO">${json_data} = {'results': [{'gender': 'female', 'name': {'title': 'Ms', 'first': 'Jucielen', 'last': 'Almeida'}, 'location': {'street': {'number': 6554, 'name': 'Rua Carlos Gomes'}, 'city': 'Araucária', 'state': 'S...</msg>
<var>${json_data}</var>
<arg>${response.json()}</arg>
<doc>Returns the given values which can then be assigned to a variables.</doc>
<status status="PASS" start="2024-06-25T02:31:48.761305" elapsed="0.000544"/>
</kw>
<kw name="Set Variable" owner="BuiltIn">
<msg time="2024-06-25T02:31:48.762567" level="INFO">${name_title} = Ms</msg>
<var>${name_title}</var>
<arg>${json_data["results"][0]["name"]["title"]}</arg>
<doc>Returns the given values which can then be assigned to a variables.</doc>
<status status="PASS" start="2024-06-25T02:31:48.762175" elapsed="0.000417"/>
</kw>
<kw name="Create List" owner="BuiltIn">
<msg time="2024-06-25T02:31:48.763033" level="INFO">${allowed_titles} = ['Mr', 'Ms', 'Miss', 'Mrs', 'Madame', 'Monsieur']</msg>
<var>${allowed_titles}</var>
<arg>Mr</arg>
<arg>Ms</arg>
<arg>Miss</arg>
<arg>Mrs</arg>
<arg>Madame</arg>
<arg>Monsieur</arg>
<doc>Returns a list containing given items.</doc>
<status status="PASS" start="2024-06-25T02:31:48.762884" elapsed="0.000173"/>
</kw>
<kw name="List Should Contain Value" owner="Collections">
<arg>${allowed_titles}</arg>
<arg>${name_title}</arg>
<doc>Fails if the ``value`` is not found from ``list``.</doc>
<status status="PASS" start="2024-06-25T02:31:48.763355" elapsed="0.000174"/>
</kw>
<kw name="Set Variable" owner="BuiltIn">
<msg time="2024-06-25T02:31:48.764073" level="INFO">${name_country} = BR</msg>
<var>${name_country}</var>
<arg>${json_data["results"][0]["nat"]}</arg>
<doc>Returns the given values which can then be assigned to a variables.</doc>
<status status="PASS" start="2024-06-25T02:31:48.763706" elapsed="0.000392"/>
</kw>
<kw name="Create List" owner="BuiltIn">
<msg time="2024-06-25T02:31:48.765021" level="INFO">${list_country} = ['AD', 'AE', 'AF', 'AG', 'AI', 'AL', 'AM', 'AO', 'AQ', 'AR', 'AS', 'AT', 'AU', 'AW', 'AX', 'AZ', 'BA', 'BB', 'BD', 'BE', 'BF', 'BG', 'BH', 'BI', 'BJ', 'BL', 'BM', 'BN', 'BO', 'BQ', 'BR', 'BS', 'BT', '...</msg>
<var>${list_country}</var>
<arg>AD</arg>
<arg>AE</arg>
<arg>AF</arg>
<arg>AG</arg>
<arg>AI</arg>
<arg>AL</arg>
<arg>AM</arg>
<arg>AO</arg>
<arg>AQ</arg>
<arg>AR</arg>
<arg>AS</arg>
<arg>AT</arg>
<arg>AU</arg>
<arg>AW</arg>
<arg>AX</arg>
<arg>AZ</arg>
<arg>BA</arg>
<arg>BB</arg>
<arg>BD</arg>
<arg>BE</arg>
<arg>BF</arg>
<arg>BG</arg>
<arg>BH</arg>
<arg>BI</arg>
<arg>BJ</arg>
<arg>BL</arg>
<arg>BM</arg>
<arg>BN</arg>
<arg>BO</arg>
<arg>BQ</arg>
<arg>BR</arg>
<arg>BS</arg>
<arg>BT</arg>
<arg>BV</arg>
<arg>BW</arg>
<arg>BY</arg>
<arg>BZ</arg>
<arg>CA</arg>
<arg>CC</arg>
<arg>CD</arg>
<arg>CF</arg>
<arg>CG</arg>
<arg>CH</arg>
<arg>CI</arg>
<arg>CK</arg>
<arg>CL</arg>
<arg>CM</arg>
<arg>CN</arg>
<arg>CO</arg>
<arg>CR</arg>
<arg>CU</arg>
<arg>CV</arg>
<arg>CW</arg>
<arg>CX</arg>
<arg>CY</arg>
<arg>CZ</arg>
<arg>DE</arg>
<arg>DJ</arg>
<arg>DK</arg>
<arg>DM</arg>
<arg>DO</arg>
<arg>DZ</arg>
<arg>EC</arg>
<arg>EE</arg>
<arg>EG</arg>
<arg>EH</arg>
<arg>ER</arg>
<arg>ES</arg>
<arg>ET</arg>
<arg>FI</arg>
<arg>FJ</arg>
<arg>FK</arg>
<arg>FM</arg>
<arg>FO</arg>
<arg>FR</arg>
<arg>GA</arg>
<arg>GB</arg>
<arg>GD</arg>
<arg>GE</arg>
<arg>GF</arg>
<arg>GG</arg>
<arg>GH</arg>
<arg>GI</arg>
<arg>GL</arg>
<arg>GM</arg>
<arg>GN</arg>
<arg>GP</arg>
<arg>GQ</arg>
<arg>GR</arg>
<arg>GS</arg>
<arg>GT</arg>
<arg>GU</arg>
<arg>GW</arg>
<arg>GY</arg>
<arg>HK</arg>
<arg>HM</arg>
<arg>HN</arg>
<arg>HR</arg>
<arg>HT</arg>
<arg>HU</arg>
<arg>ID</arg>
<arg>IE</arg>
<arg>IL</arg>
<arg>IM</arg>
<arg>IN</arg>
<arg>IO</arg>
<arg>IQ</arg>
<arg>IR</arg>
<arg>IS</arg>
<arg>IT</arg>
<arg>JE</arg>
<arg>JM</arg>
<arg>JO</arg>
<arg>JP</arg>
<arg>KE</arg>
<arg>KG</arg>
<arg>KH</arg>
<arg>KI</arg>
<arg>KM</arg>
<arg>KN</arg>
<arg>KP</arg>
<arg>KR</arg>
<arg>KW</arg>
<arg>KY</arg>
<arg>KZ</arg>
<arg>LA</arg>
<arg>LB</arg>
<arg>LC</arg>
<arg>LI</arg>
<arg>LK</arg>
<arg>LR</arg>
<arg>LS</arg>
<arg>LT</arg>
<arg>LU</arg>
<arg>LV</arg>
<arg>LY</arg>
<arg>MA</arg>
<arg>MC</arg>
<arg>MD</arg>
<arg>ME</arg>
<arg>MF</arg>
<arg>MG</arg>
<arg>MH</arg>
<arg>MK</arg>
<arg>ML</arg>
<arg>MM</arg>
<arg>MN</arg>
<arg>MO</arg>
<arg>MP</arg>
<arg>MQ</arg>
<arg>MR</arg>
<arg>MS</arg>
<arg>MT</arg>
<arg>MU</arg>
<arg>MV</arg>
<arg>MW</arg>
<arg>MX</arg>
<arg>MY</arg>
<arg>MZ</arg>
<arg>NA</arg>
<arg>NC</arg>
<arg>NE</arg>
<arg>NF</arg>
<arg>NG</arg>
<arg>NI</arg>
<arg>NL</arg>
<arg>NO</arg>
<arg>NP</arg>
<arg>NR</arg>
<arg>NU</arg>
<arg>NZ</arg>
<arg>OM</arg>
<arg>PA</arg>
<arg>PE</arg>
<arg>PF</arg>
<arg>PG</arg>
<arg>PH</arg>
<arg>PK</arg>
<arg>PL</arg>
<arg>PM</arg>
<arg>PN</arg>
<arg>PR</arg>
<arg>PS</arg>
<arg>PT</arg>
<arg>PW</arg>
<arg>PY</arg>
<arg>QA</arg>
<arg>RE</arg>
<arg>RO</arg>
<arg>RS</arg>
<arg>RU</arg>
<arg>RW</arg>
<arg>SA</arg>
<arg>SB</arg>
<arg>SC</arg>
<arg>SD</arg>
<arg>SE</arg>
<arg>SG</arg>
<arg>SH</arg>
<arg>SI</arg>
<arg>SJ</arg>
<arg>SK</arg>
<arg>SL</arg>
<arg>SM</arg>
<arg>SN</arg>
<arg>SO</arg>
<arg>SR</arg>
<arg>SS</arg>
<arg>ST</arg>
<arg>SV</arg>
<arg>SX</arg>
<arg>SY</arg>
<arg>SZ</arg>
<arg>TC</arg>
<arg>TD</arg>
<arg>TF</arg>
<arg>TG</arg>
<arg>TH</arg>
<arg>TJ</arg>
<arg>TK</arg>
<arg>TL</arg>
<arg>TM</arg>
<arg>TN</arg>
<arg>TO</arg>
<arg>TR</arg>
<arg>TT</arg>
<arg>TV</arg>
<arg>TW</arg>
<arg>TZ</arg>
<arg>UA</arg>
<arg>UG</arg>
<arg>UM</arg>
<arg>US</arg>
<arg>UY</arg>
<arg>UZ</arg>
<arg>VA</arg>
<arg>VC</arg>
<arg>VE</arg>
<arg>VG</arg>
<arg>VI</arg>
<arg>VN</arg>
<arg>VU</arg>
<arg>WF</arg>
<arg>WS</arg>
<arg>XK</arg>
<arg>YE</arg>
<arg>YT</arg>
<arg>ZA</arg>
<arg>ZM</arg>
<arg>ZW</arg>
<doc>Returns a list containing given items.</doc>
<status status="PASS" start="2024-06-25T02:31:48.764382" elapsed="0.000664"/>
</kw>
<kw name="List Should Contain Value" owner="Collections">
<arg>${list_country}</arg>
<arg>${name_country}</arg>
<doc>Fails if the ``value`` is not found from ``list``.</doc>
<status status="PASS" start="2024-06-25T02:31:48.765849" elapsed="0.000200"/>
</kw>
<kw name="Run Keyword If" owner="BuiltIn">
<kw name="Should Be True" owner="BuiltIn">
<arg>${True}</arg>
<doc>Fails if the given condition is not true.</doc>
<status status="PASS" start="2024-06-25T02:31:48.766997" elapsed="0.000140"/>
</kw>
<arg>${json_data["results"][0]["location"]["coordinates"]["latitude"]} &gt;= -90 and ${json_data["results"][0]["location"]["coordinates"]["latitude"]} &lt;= 90</arg>
<arg>Should Be True</arg>
<arg>${True}</arg>
<doc>Runs the given keyword with the given arguments, if ``condition`` is true.</doc>
<status status="PASS" start="2024-06-25T02:31:48.766267" elapsed="0.000992"/>
</kw>
<kw name="Run Keyword If" owner="BuiltIn">
<kw name="Should Be True" owner="BuiltIn">
<arg>${True}</arg>
<doc>Fails if the given condition is not true.</doc>
<status status="PASS" start="2024-06-25T02:31:48.768111" elapsed="0.000237"/>
</kw>
<arg>${json_data["results"][0]["location"]["coordinates"]["longitude"]} &gt;= -180 and ${json_data["results"][0]["location"]["coordinates"]["longitude"]} &lt;= 180</arg>
<arg>Should Be True</arg>
<arg>${True}</arg>
<doc>Runs the given keyword with the given arguments, if ``condition`` is true.</doc>
<status status="PASS" start="2024-06-25T02:31:48.767434" elapsed="0.001042"/>
</kw>
<status status="PASS" start="2024-06-25T02:31:48.662273" elapsed="0.106335"/>
</kw>
<doc>Testa o conteúdo específico dos campos retornados pela API.</doc>
<tag>testeConteudo</tag>
<status status="PASS" start="2024-06-25T02:31:48.661550" elapsed="0.107209"/>
</test>
<status status="PASS" start="2024-06-25T02:31:47.871747" elapsed="0.898933"/>
</suite>
<status status="PASS" start="2024-06-25T02:31:47.857141" elapsed="0.918526"/>
</suite>
<statistics>
<total>
<stat pass="5" fail="0" skip="0">All Tests</stat>
</total>
<tag>
<stat pass="1" fail="0" skip="0">testeConteudo</stat>
<stat pass="1" fail="0" skip="0">testeEstruturaResposta</stat>
<stat pass="1" fail="0" skip="0">testeRequisicaoBasica</stat>
<stat pass="1" fail="0" skip="0">testeTiposDados</stat>
</tag>
<suite>
<stat pass="5" fail="0" skip="0" id="s1" name="Tests">Tests</stat>
<stat pass="5" fail="0" skip="0" id="s1-s1" name="Random-User-Test">Tests.Random-User-Test</stat>
</suite>
</statistics>
<errors>
</errors>
</robot>
