<?xml version="1.0" encoding="UTF-8"?>
<robot generator="Robot 7.0.1 (Python 3.12.4 on linux)" generated="2024-08-08T20:17:12.546076" rpa="false" schemaversion="5">
<suite id="s1" name="Tests" source="/home/runner/work/ApiRandomUser/ApiRandomUser/RamdonUser/tests">
<suite id="s1-s1" name="Random-User-Test" source="/home/runner/work/ApiRandomUser/ApiRandomUser/RamdonUser/tests/random-user-test.robot">
<test id="s1-s1-t1" name="Conectar" line="13">
<kw name="Conectar API" owner="random-user-service">
<kw name="Create Session" owner="RequestsLibrary">
<msg time="2024-08-08T20:17:12.952104" level="INFO">Creating Session using : alias=consultarAPI, url=https://randomuser.me/, headers={},                     cookies={}, auth=None, timeout=None, proxies=None, verify=False,                     debug=0 </msg>
<arg>consultarAPI</arg>
<arg>${URL}</arg>
<doc>Create Session: create a HTTP session to a server</doc>
<status status="PASS" start="2024-08-08T20:17:12.951915" elapsed="0.000352"/>
</kw>
<status status="PASS" start="2024-08-08T20:17:12.950922" elapsed="0.001687"/>
</kw>
<status status="PASS" start="2024-08-08T20:17:12.950403" elapsed="0.002404"/>
</test>
<test id="s1-s1-t2" name="Validar retorno 200 e JSON Válido" line="16">
<kw name="Teste de Requisicao Basica" owner="random-user-service">
<kw name="GET On Session" owner="RequestsLibrary">
<msg time="2024-08-08T20:17:13.191314" level="INFO">GET Request : url=https://randomuser.me/api 
 path_url=/api 
 headers={'User-Agent': 'python-requests/2.32.3', 'Accept-Encoding': 'gzip, deflate', 'Accept': '*/*', 'Connection': 'keep-alive'} 
 body=None 
 </msg>
<msg time="2024-08-08T20:17:13.191422" level="INFO">GET Response : url=https://randomuser.me/api 
 status=200, reason=OK 
 headers={'Date': 'Thu, 08 Aug 2024 20:17:13 GMT', 'Content-Type': 'application/json; charset=utf-8', 'Transfer-Encoding': 'chunked', 'Connection': 'keep-alive', 'X-Powered-By': 'Express', 'Access-Control-Allow-Origin': '*', 'Cache-Control': 'no-cache', 'ETag': 'W/"482-bbCHnmsGGofSxTnWo2AMR08nq68"', 'Vary': 'Accept-Encoding', 'Content-Encoding': 'gzip', 'CF-Cache-Status': 'DYNAMIC', 'Report-To': '{"endpoints":[{"url":"https:\\/\\/a.nel.cloudflare.com\\/report\\/v4?s=sLQTMf7h1CZRHMlQws2ua2c%2BAK0BSVrxNr0Hun%2B9m1IMCOswpQbdW%2Fxp6mJhubQI5ousnHOafu%2B7ICfCAOqCZcSlRWk6o2dpsUDdJxT0iiurWclPaywTzPQUGzvQtykg"}],"group":"cf-nel","max_age":604800}', 'NEL': '{"success_fraction":0,"report_to":"cf-nel","max_age":604800}', 'Server': 'cloudflare', 'CF-RAY': '8b0230483ffa1045-ORD', 'alt-svc': 'h3=":443"; ma=86400'} 
 body={"results":[{"gender":"female","name":{"title":"Mrs","first":"محیا","last":"کامروا"},"location":{"street":{"number":7110,"name":"وحدت اسلامی"},"city":"ارومیه","state":"قم","country":"Iran","postcode":47920,"coordinates":{"latitude":"15.5384","longitude":"141.1079"},"timezone":{"offset":"+7:00","description":"Bangkok, Hanoi, Jakarta"}},"email":"mhy.khmrw@example.com","login":{"uuid":"ad9dbd19-69e6-4453-9bc9-2635010ae253","username":"organicdog464","password":"shua","salt":"M5xpwlKR","md5":"2f1c1e69a0555ef46ab68e96774f4edc","sha1":"c389956e48c58234ed8f21150e3b59fa2e53c14b","sha256":"084eb5dce8b604ef4f2b2feef375543a3fb8fbe671547313d3300e0461ffeacb"},"dob":{"date":"1957-10-28T17:45:20.529Z","age":66},"registered":{"date":"2009-08-12T12:05:29.176Z","age":14},"phone":"010-69132954","cell":"0900-067-4566","id":{"name":"","value":null},"picture":{"large":"https://randomuser.me/api/portraits/women/2.jpg","medium":"https://randomuser.me/api/portraits/med/women/2.jpg","thumbnail":"https://randomuser.me/api/portraits/thumb/women/2.jpg"},"nat":"IR"}],"info":{"seed":"163c53cb1a360e8a","results":1,"page":1,"version":"1.4"}} 
 </msg>
<msg time="2024-08-08T20:17:13.191492" level="INFO">/opt/hostedtoolcache/Python/3.12.4/x64/lib/python3.12/site-packages/urllib3/connectionpool.py:1099: InsecureRequestWarning: Unverified HTTPS request is being made to host 'randomuser.me'. Adding certificate verification is strongly advised. See: https://urllib3.readthedocs.io/en/latest/advanced-usage.html#tls-warnings
  warnings.warn(</msg>
<msg time="2024-08-08T20:17:13.191608" level="INFO">${response} = &lt;Response [200]&gt;</msg>
<var>${response}</var>
<arg>consultarAPI</arg>
<arg>/api</arg>
<doc>Sends a GET request on a previously created HTTP Session.</doc>
<status status="PASS" start="2024-08-08T20:17:12.955495" elapsed="0.236155"/>
</kw>
<kw name="Should Be Equal As Numbers" owner="BuiltIn">
<msg time="2024-08-08T20:17:13.192448" level="INFO">Argument types are:
&lt;class 'int'&gt;
&lt;class 'str'&gt;</msg>
<arg>${response.status_code}</arg>
<arg>200</arg>
<doc>Fails if objects are unequal after converting them to real numbers.</doc>
<status status="PASS" start="2024-08-08T20:17:13.192051" elapsed="0.000460"/>
</kw>
<kw name="Log" owner="BuiltIn">
<msg time="2024-08-08T20:17:13.193179" level="INFO">200</msg>
<arg>${response.status_code}</arg>
<doc>Logs the given message with the given level.</doc>
<status status="PASS" start="2024-08-08T20:17:13.192822" elapsed="0.000400"/>
</kw>
<kw name="Set Variable" owner="BuiltIn">
<msg time="2024-08-08T20:17:13.193971" level="INFO">${json_data} = {'results': [{'gender': 'female', 'name': {'title': 'Mrs', 'first': 'محیا', 'last': 'کامروا'}, 'location': {'street': {'number': 7110, 'name': 'وحدت اسلامی'}, 'city': 'ارومیه', 'state': 'قم', 'country...</msg>
<var>${json_data}</var>
<arg>${response.json()}</arg>
<doc>Returns the given values which can then be assigned to a variables.</doc>
<status status="PASS" start="2024-08-08T20:17:13.193528" elapsed="0.000473"/>
</kw>
<kw name="Dictionary Should Contain Key" owner="Collections">
<arg>${json_data}</arg>
<arg>results</arg>
<doc>Fails if ``key`` is not found from ``dictionary``.</doc>
<status status="PASS" start="2024-08-08T20:17:13.194344" elapsed="0.000296"/>
</kw>
<status status="PASS" start="2024-08-08T20:17:12.955250" elapsed="0.239536"/>
</kw>
<doc>Testa se a API responde corretamente e retorna um objeto JSON válido.</doc>
<tag>testeRequisicaoBasica</tag>
<status status="PASS" start="2024-08-08T20:17:12.954678" elapsed="0.240267"/>
</test>
<test id="s1-s1-t3" name="Validar estrutura de resposta" line="22">
<kw name="Teste de Estrutura de Resposta" owner="random-user-service">
<kw name="GET On Session" owner="RequestsLibrary">
<msg time="2024-08-08T20:17:13.340581" level="INFO">GET Request : url=https://randomuser.me/api 
 path_url=/api 
 headers={'User-Agent': 'python-requests/2.32.3', 'Accept-Encoding': 'gzip, deflate', 'Accept': '*/*', 'Connection': 'keep-alive'} 
 body=None 
 </msg>
<msg time="2024-08-08T20:17:13.340647" level="INFO">GET Response : url=https://randomuser.me/api 
 status=200, reason=OK 
 headers={'Date': 'Thu, 08 Aug 2024 20:17:13 GMT', 'Content-Type': 'application/json; charset=utf-8', 'Transfer-Encoding': 'chunked', 'Connection': 'keep-alive', 'X-Powered-By': 'Express', 'Access-Control-Allow-Origin': '*', 'Cache-Control': 'no-cache', 'ETag': 'W/"47b-9ddf39NFiYCCze+64yiQ4MSb58E"', 'Vary': 'Accept-Encoding', 'Content-Encoding': 'gzip', 'CF-Cache-Status': 'DYNAMIC', 'Report-To': '{"endpoints":[{"url":"https:\\/\\/a.nel.cloudflare.com\\/report\\/v4?s=wtqkhLkXWuB7vfqfy5XdTmW4OZNYoboXhaTfNCJQFGyiXA7ZDZbdks%2Fz1zb95GkJCLdkeQ%2B6Ukpy5E0cVct8MqZG6wSML6Zs%2FHQbD93aLaFaUgM5%2BzPzTJx5HDT97cCp"}],"group":"cf-nel","max_age":604800}', 'NEL': '{"success_fraction":0,"report_to":"cf-nel","max_age":604800}', 'Server': 'cloudflare', 'CF-RAY': '8b02304979d71045-ORD', 'alt-svc': 'h3=":443"; ma=86400'} 
 body={"results":[{"gender":"male","name":{"title":"Mr","first":"Ostap","last":"Zhuk"},"location":{"street":{"number":1568,"name":"Pravika"},"city":"Vilkove","state":"Ivano-Frankivska","country":"Ukraine","postcode":58418,"coordinates":{"latitude":"80.7880","longitude":"-164.1135"},"timezone":{"offset":"-8:00","description":"Pacific Time (US &amp; Canada)"}},"email":"ostap.zhuk@example.com","login":{"uuid":"a522b258-833a-4b62-bad6-c422ef300df9","username":"ticklishgorilla792","password":"onion","salt":"FmnPRyln","md5":"ff8d2c4933046dfd70e60df6da9a3239","sha1":"c8d1389d500dff0d7c0d1e84ba09e589f33b3d0d","sha256":"0a8a413db78b45c815738738518f3b7cdbcab196b19b55948e844324d7375738"},"dob":{"date":"1959-08-16T08:13:36.156Z","age":64},"registered":{"date":"2005-03-23T21:26:44.378Z","age":19},"phone":"(099) Y20-0896","cell":"(098) H28-8739","id":{"name":"","value":null},"picture":{"large":"https://randomuser.me/api/portraits/men/17.jpg","medium":"https://randomuser.me/api/portraits/med/men/17.jpg","thumbnail":"https://randomuser.me/api/portraits/thumb/men/17.jpg"},"nat":"UA"}],"info":{"seed":"bf0aec111748c10f","results":1,"page":1,"version":"1.4"}} 
 </msg>
<msg time="2024-08-08T20:17:13.340743" level="INFO">/opt/hostedtoolcache/Python/3.12.4/x64/lib/python3.12/site-packages/urllib3/connectionpool.py:1099: InsecureRequestWarning: Unverified HTTPS request is being made to host 'randomuser.me'. Adding certificate verification is strongly advised. See: https://urllib3.readthedocs.io/en/latest/advanced-usage.html#tls-warnings
  warnings.warn(</msg>
<msg time="2024-08-08T20:17:13.340842" level="INFO">${response} = &lt;Response [200]&gt;</msg>
<var>${response}</var>
<arg>consultarAPI</arg>
<arg>/api</arg>
<doc>Sends a GET request on a previously created HTTP Session.</doc>
<status status="PASS" start="2024-08-08T20:17:13.197406" elapsed="0.143479"/>
</kw>
<kw name="Set Variable" owner="BuiltIn">
<msg time="2024-08-08T20:17:13.341905" level="INFO">${json_data} = {'results': [{'gender': 'male', 'name': {'title': 'Mr', 'first': 'Ostap', 'last': 'Zhuk'}, 'location': {'street': {'number': 1568, 'name': 'Pravika'}, 'city': 'Vilkove', 'state': 'Ivano-Frankivska', '...</msg>
<var>${json_data}</var>
<arg>${response.json()}</arg>
<doc>Returns the given values which can then be assigned to a variables.</doc>
<status status="PASS" start="2024-08-08T20:17:13.341338" elapsed="0.000595"/>
</kw>
<kw name="Log" owner="BuiltIn">
<msg time="2024-08-08T20:17:13.342440" level="INFO">{'results': [{'gender': 'male', 'name': {'title': 'Mr', 'first': 'Ostap', 'last': 'Zhuk'}, 'location': {'street': {'number': 1568, 'name': 'Pravika'}, 'city': 'Vilkove', 'state': 'Ivano-Frankivska', 'country': 'Ukraine', 'postcode': 58418, 'coordinates': {'latitude': '80.7880', 'longitude': '-164.1135'}, 'timezone': {'offset': '-8:00', 'description': 'Pacific Time (US &amp; Canada)'}}, 'email': 'ostap.zhuk@example.com', 'login': {'uuid': 'a522b258-833a-4b62-bad6-c422ef300df9', 'username': 'ticklishgorilla792', 'password': 'onion', 'salt': 'FmnPRyln', 'md5': 'ff8d2c4933046dfd70e60df6da9a3239', 'sha1': 'c8d1389d500dff0d7c0d1e84ba09e589f33b3d0d', 'sha256': '0a8a413db78b45c815738738518f3b7cdbcab196b19b55948e844324d7375738'}, 'dob': {'date': '1959-08-16T08:13:36.156Z', 'age': 64}, 'registered': {'date': '2005-03-23T21:26:44.378Z', 'age': 19}, 'phone': '(099) Y20-0896', 'cell': '(098) H28-8739', 'id': {'name': '', 'value': None}, 'picture': {'large': 'https://randomuser.me/api/portraits/men/17.jpg', 'medium': 'https://randomuser.me/api/portraits/med/men/17.jpg', 'thumbnail': 'https://randomuser.me/api/portraits/thumb/men/17.jpg'}, 'nat': 'UA'}], 'info': {'seed': 'bf0aec111748c10f', 'results': 1, 'page': 1, 'version': '1.4'}}</msg>
<arg>${json_data}</arg>
<doc>Logs the given message with the given level.</doc>
<status status="PASS" start="2024-08-08T20:17:13.342239" elapsed="0.000250"/>
</kw>
<kw name="Dictionary Should Contain Key" owner="Collections">
<arg>${json_data}</arg>
<arg>results</arg>
<doc>Fails if ``key`` is not found from ``dictionary``.</doc>
<status status="PASS" start="2024-08-08T20:17:13.342783" elapsed="0.000161"/>
</kw>
<kw name="Should Not Be Empty" owner="BuiltIn">
<msg time="2024-08-08T20:17:13.343253" level="INFO">Length is 2.</msg>
<arg>${json_data}</arg>
<doc>Verifies that the given item is not empty.</doc>
<status status="PASS" start="2024-08-08T20:17:13.343127" elapsed="0.000164"/>
</kw>
<kw name="Create List" owner="BuiltIn">
<msg time="2024-08-08T20:17:13.343723" level="INFO">${expected_keys} = ['gender', 'name', 'location', 'email', 'login']</msg>
<var>${expected_keys}</var>
<arg>gender</arg>
<arg>name</arg>
<arg>location</arg>
<arg>email</arg>
<arg>login</arg>
<doc>Returns a list containing given items.</doc>
<status status="PASS" start="2024-08-08T20:17:13.343575" elapsed="0.000170"/>
</kw>
<for flavor="IN">
<iter>
<kw name="Dictionary Should Contain Key" owner="Collections">
<arg>${json_data['results'][0]}</arg>
<arg>${key}</arg>
<doc>Fails if ``key`` is not found from ``dictionary``.</doc>
<status status="PASS" start="2024-08-08T20:17:13.344301" elapsed="0.000407"/>
</kw>
<kw name="Log" owner="BuiltIn">
<msg time="2024-08-08T20:17:13.345266" level="INFO">{'gender': 'male', 'name': {'title': 'Mr', 'first': 'Ostap', 'last': 'Zhuk'}, 'location': {'street': {'number': 1568, 'name': 'Pravika'}, 'city': 'Vilkove', 'state': 'Ivano-Frankivska', 'country': 'Ukraine', 'postcode': 58418, 'coordinates': {'latitude': '80.7880', 'longitude': '-164.1135'}, 'timezone': {'offset': '-8:00', 'description': 'Pacific Time (US &amp; Canada)'}}, 'email': 'ostap.zhuk@example.com', 'login': {'uuid': 'a522b258-833a-4b62-bad6-c422ef300df9', 'username': 'ticklishgorilla792', 'password': 'onion', 'salt': 'FmnPRyln', 'md5': 'ff8d2c4933046dfd70e60df6da9a3239', 'sha1': 'c8d1389d500dff0d7c0d1e84ba09e589f33b3d0d', 'sha256': '0a8a413db78b45c815738738518f3b7cdbcab196b19b55948e844324d7375738'}, 'dob': {'date': '1959-08-16T08:13:36.156Z', 'age': 64}, 'registered': {'date': '2005-03-23T21:26:44.378Z', 'age': 19}, 'phone': '(099) Y20-0896', 'cell': '(098) H28-8739', 'id': {'name': '', 'value': None}, 'picture': {'large': 'https://randomuser.me/api/portraits/men/17.jpg', 'medium': 'https://randomuser.me/api/portraits/med/men/17.jpg', 'thumbnail': 'https://randomuser.me/api/portraits/thumb/men/17.jpg'}, 'nat': 'UA'}</msg>
<arg>${json_data['results'][0]}</arg>
<doc>Logs the given message with the given level.</doc>
<status status="PASS" start="2024-08-08T20:17:13.344900" elapsed="0.000416"/>
</kw>
<kw name="Log" owner="BuiltIn">
<msg time="2024-08-08T20:17:13.345736" level="INFO">gender</msg>
<arg>${key}</arg>
<doc>Logs the given message with the given level.</doc>
<status status="PASS" start="2024-08-08T20:17:13.345607" elapsed="0.000167"/>
</kw>
<var name="${key}">gender</var>
<status status="PASS" start="2024-08-08T20:17:13.344175" elapsed="0.001814"/>
</iter>
<iter>
<kw name="Dictionary Should Contain Key" owner="Collections">
<arg>${json_data['results'][0]}</arg>
<arg>${key}</arg>
<doc>Fails if ``key`` is not found from ``dictionary``.</doc>
<status status="PASS" start="2024-08-08T20:17:13.346311" elapsed="0.000390"/>
</kw>
<kw name="Log" owner="BuiltIn">
<msg time="2024-08-08T20:17:13.347231" level="INFO">{'gender': 'male', 'name': {'title': 'Mr', 'first': 'Ostap', 'last': 'Zhuk'}, 'location': {'street': {'number': 1568, 'name': 'Pravika'}, 'city': 'Vilkove', 'state': 'Ivano-Frankivska', 'country': 'Ukraine', 'postcode': 58418, 'coordinates': {'latitude': '80.7880', 'longitude': '-164.1135'}, 'timezone': {'offset': '-8:00', 'description': 'Pacific Time (US &amp; Canada)'}}, 'email': 'ostap.zhuk@example.com', 'login': {'uuid': 'a522b258-833a-4b62-bad6-c422ef300df9', 'username': 'ticklishgorilla792', 'password': 'onion', 'salt': 'FmnPRyln', 'md5': 'ff8d2c4933046dfd70e60df6da9a3239', 'sha1': 'c8d1389d500dff0d7c0d1e84ba09e589f33b3d0d', 'sha256': '0a8a413db78b45c815738738518f3b7cdbcab196b19b55948e844324d7375738'}, 'dob': {'date': '1959-08-16T08:13:36.156Z', 'age': 64}, 'registered': {'date': '2005-03-23T21:26:44.378Z', 'age': 19}, 'phone': '(099) Y20-0896', 'cell': '(098) H28-8739', 'id': {'name': '', 'value': None}, 'picture': {'large': 'https://randomuser.me/api/portraits/men/17.jpg', 'medium': 'https://randomuser.me/api/portraits/med/men/17.jpg', 'thumbnail': 'https://randomuser.me/api/portraits/thumb/men/17.jpg'}, 'nat': 'UA'}</msg>
<arg>${json_data['results'][0]}</arg>
<doc>Logs the given message with the given level.</doc>
<status status="PASS" start="2024-08-08T20:17:13.346884" elapsed="0.000428"/>
</kw>
<kw name="Log" owner="BuiltIn">
<msg time="2024-08-08T20:17:13.347733" level="INFO">name</msg>
<arg>${key}</arg>
<doc>Logs the given message with the given level.</doc>
<status status="PASS" start="2024-08-08T20:17:13.347605" elapsed="0.000216"/>
</kw>
<var name="${key}">name</var>
<status status="PASS" start="2024-08-08T20:17:13.346173" elapsed="0.001877"/>
</iter>
<iter>
<kw name="Dictionary Should Contain Key" owner="Collections">
<arg>${json_data['results'][0]}</arg>
<arg>${key}</arg>
<doc>Fails if ``key`` is not found from ``dictionary``.</doc>
<status status="PASS" start="2024-08-08T20:17:13.348333" elapsed="0.000385"/>
</kw>
<kw name="Log" owner="BuiltIn">
<msg time="2024-08-08T20:17:13.349243" level="INFO">{'gender': 'male', 'name': {'title': 'Mr', 'first': 'Ostap', 'last': 'Zhuk'}, 'location': {'street': {'number': 1568, 'name': 'Pravika'}, 'city': 'Vilkove', 'state': 'Ivano-Frankivska', 'country': 'Ukraine', 'postcode': 58418, 'coordinates': {'latitude': '80.7880', 'longitude': '-164.1135'}, 'timezone': {'offset': '-8:00', 'description': 'Pacific Time (US &amp; Canada)'}}, 'email': 'ostap.zhuk@example.com', 'login': {'uuid': 'a522b258-833a-4b62-bad6-c422ef300df9', 'username': 'ticklishgorilla792', 'password': 'onion', 'salt': 'FmnPRyln', 'md5': 'ff8d2c4933046dfd70e60df6da9a3239', 'sha1': 'c8d1389d500dff0d7c0d1e84ba09e589f33b3d0d', 'sha256': '0a8a413db78b45c815738738518f3b7cdbcab196b19b55948e844324d7375738'}, 'dob': {'date': '1959-08-16T08:13:36.156Z', 'age': 64}, 'registered': {'date': '2005-03-23T21:26:44.378Z', 'age': 19}, 'phone': '(099) Y20-0896', 'cell': '(098) H28-8739', 'id': {'name': '', 'value': None}, 'picture': {'large': 'https://randomuser.me/api/portraits/men/17.jpg', 'medium': 'https://randomuser.me/api/portraits/med/men/17.jpg', 'thumbnail': 'https://randomuser.me/api/portraits/thumb/men/17.jpg'}, 'nat': 'UA'}</msg>
<arg>${json_data['results'][0]}</arg>
<doc>Logs the given message with the given level.</doc>
<status status="PASS" start="2024-08-08T20:17:13.348900" elapsed="0.000401"/>
</kw>
<kw name="Log" owner="BuiltIn">
<msg time="2024-08-08T20:17:13.349728" level="INFO">location</msg>
<arg>${key}</arg>
<doc>Logs the given message with the given level.</doc>
<status status="PASS" start="2024-08-08T20:17:13.349600" elapsed="0.000167"/>
</kw>
<var name="${key}">location</var>
<status status="PASS" start="2024-08-08T20:17:13.348225" elapsed="0.001756"/>
</iter>
<iter>
<kw name="Dictionary Should Contain Key" owner="Collections">
<arg>${json_data['results'][0]}</arg>
<arg>${key}</arg>
<doc>Fails if ``key`` is not found from ``dictionary``.</doc>
<status status="PASS" start="2024-08-08T20:17:13.350282" elapsed="0.000401"/>
</kw>
<kw name="Log" owner="BuiltIn">
<msg time="2024-08-08T20:17:13.351327" level="INFO">{'gender': 'male', 'name': {'title': 'Mr', 'first': 'Ostap', 'last': 'Zhuk'}, 'location': {'street': {'number': 1568, 'name': 'Pravika'}, 'city': 'Vilkove', 'state': 'Ivano-Frankivska', 'country': 'Ukraine', 'postcode': 58418, 'coordinates': {'latitude': '80.7880', 'longitude': '-164.1135'}, 'timezone': {'offset': '-8:00', 'description': 'Pacific Time (US &amp; Canada)'}}, 'email': 'ostap.zhuk@example.com', 'login': {'uuid': 'a522b258-833a-4b62-bad6-c422ef300df9', 'username': 'ticklishgorilla792', 'password': 'onion', 'salt': 'FmnPRyln', 'md5': 'ff8d2c4933046dfd70e60df6da9a3239', 'sha1': 'c8d1389d500dff0d7c0d1e84ba09e589f33b3d0d', 'sha256': '0a8a413db78b45c815738738518f3b7cdbcab196b19b55948e844324d7375738'}, 'dob': {'date': '1959-08-16T08:13:36.156Z', 'age': 64}, 'registered': {'date': '2005-03-23T21:26:44.378Z', 'age': 19}, 'phone': '(099) Y20-0896', 'cell': '(098) H28-8739', 'id': {'name': '', 'value': None}, 'picture': {'large': 'https://randomuser.me/api/portraits/men/17.jpg', 'medium': 'https://randomuser.me/api/portraits/med/men/17.jpg', 'thumbnail': 'https://randomuser.me/api/portraits/thumb/men/17.jpg'}, 'nat': 'UA'}</msg>
<arg>${json_data['results'][0]}</arg>
<doc>Logs the given message with the given level.</doc>
<status status="PASS" start="2024-08-08T20:17:13.350973" elapsed="0.000405"/>
</kw>
<kw name="Log" owner="BuiltIn">
<msg time="2024-08-08T20:17:13.351803" level="INFO">email</msg>
<arg>${key}</arg>
<doc>Logs the given message with the given level.</doc>
<status status="PASS" start="2024-08-08T20:17:13.351674" elapsed="0.000168"/>
</kw>
<var name="${key}">email</var>
<status status="PASS" start="2024-08-08T20:17:13.350151" elapsed="0.001906"/>
</iter>
<iter>
<kw name="Dictionary Should Contain Key" owner="Collections">
<arg>${json_data['results'][0]}</arg>
<arg>${key}</arg>
<doc>Fails if ``key`` is not found from ``dictionary``.</doc>
<status status="PASS" start="2024-08-08T20:17:13.352334" elapsed="0.000372"/>
</kw>
<kw name="Log" owner="BuiltIn">
<msg time="2024-08-08T20:17:13.353235" level="INFO">{'gender': 'male', 'name': {'title': 'Mr', 'first': 'Ostap', 'last': 'Zhuk'}, 'location': {'street': {'number': 1568, 'name': 'Pravika'}, 'city': 'Vilkove', 'state': 'Ivano-Frankivska', 'country': 'Ukraine', 'postcode': 58418, 'coordinates': {'latitude': '80.7880', 'longitude': '-164.1135'}, 'timezone': {'offset': '-8:00', 'description': 'Pacific Time (US &amp; Canada)'}}, 'email': 'ostap.zhuk@example.com', 'login': {'uuid': 'a522b258-833a-4b62-bad6-c422ef300df9', 'username': 'ticklishgorilla792', 'password': 'onion', 'salt': 'FmnPRyln', 'md5': 'ff8d2c4933046dfd70e60df6da9a3239', 'sha1': 'c8d1389d500dff0d7c0d1e84ba09e589f33b3d0d', 'sha256': '0a8a413db78b45c815738738518f3b7cdbcab196b19b55948e844324d7375738'}, 'dob': {'date': '1959-08-16T08:13:36.156Z', 'age': 64}, 'registered': {'date': '2005-03-23T21:26:44.378Z', 'age': 19}, 'phone': '(099) Y20-0896', 'cell': '(098) H28-8739', 'id': {'name': '', 'value': None}, 'picture': {'large': 'https://randomuser.me/api/portraits/men/17.jpg', 'medium': 'https://randomuser.me/api/portraits/med/men/17.jpg', 'thumbnail': 'https://randomuser.me/api/portraits/thumb/men/17.jpg'}, 'nat': 'UA'}</msg>
<arg>${json_data['results'][0]}</arg>
<doc>Logs the given message with the given level.</doc>
<status status="PASS" start="2024-08-08T20:17:13.352886" elapsed="0.000397"/>
</kw>
<kw name="Log" owner="BuiltIn">
<msg time="2024-08-08T20:17:13.353698" level="INFO">login</msg>
<arg>${key}</arg>
<doc>Logs the given message with the given level.</doc>
<status status="PASS" start="2024-08-08T20:17:13.353571" elapsed="0.000164"/>
</kw>
<var name="${key}">login</var>
<status status="PASS" start="2024-08-08T20:17:13.352227" elapsed="0.001720"/>
</iter>
<var>${key}</var>
<value>@{expected_keys}</value>
<status status="PASS" start="2024-08-08T20:17:13.343997" elapsed="0.010069"/>
</for>
<kw name="Create List" owner="BuiltIn">
<msg time="2024-08-08T20:17:13.354413" level="INFO">${expected_keysTwo} = ['username', 'password']</msg>
<var>${expected_keysTwo}</var>
<arg>username</arg>
<arg>password</arg>
<doc>Returns a list containing given items.</doc>
<status status="PASS" start="2024-08-08T20:17:13.354275" elapsed="0.000162"/>
</kw>
<for flavor="IN">
<iter>
<kw name="Dictionary Should Contain Key" owner="Collections">
<arg>${json_data['results'][0]['login']}</arg>
<arg>${keyTwo}</arg>
<doc>Fails if ``key`` is not found from ``dictionary``.</doc>
<status status="PASS" start="2024-08-08T20:17:13.354957" elapsed="0.000384"/>
</kw>
<kw name="Dictionary Should Contain Key" owner="Collections">
<arg>${json_data['results'][0]['login']}</arg>
<arg>${keyTwo}</arg>
<doc>Fails if ``key`` is not found from ``dictionary``.</doc>
<status status="PASS" start="2024-08-08T20:17:13.355519" elapsed="0.000368"/>
</kw>
<kw name="Log" owner="BuiltIn">
<msg time="2024-08-08T20:17:13.356183" level="INFO">username</msg>
<arg>${keyTwo}</arg>
<doc>Logs the given message with the given level.</doc>
<status status="PASS" start="2024-08-08T20:17:13.356063" elapsed="0.000158"/>
</kw>
<var name="${keyTwo}">username</var>
<status status="PASS" start="2024-08-08T20:17:13.354851" elapsed="0.001586"/>
</iter>
<iter>
<kw name="Dictionary Should Contain Key" owner="Collections">
<arg>${json_data['results'][0]['login']}</arg>
<arg>${keyTwo}</arg>
<doc>Fails if ``key`` is not found from ``dictionary``.</doc>
<status status="PASS" start="2024-08-08T20:17:13.356711" elapsed="0.000390"/>
</kw>
<kw name="Dictionary Should Contain Key" owner="Collections">
<arg>${json_data['results'][0]['login']}</arg>
<arg>${keyTwo}</arg>
<doc>Fails if ``key`` is not found from ``dictionary``.</doc>
<status status="PASS" start="2024-08-08T20:17:13.357277" elapsed="0.000366"/>
</kw>
<kw name="Log" owner="BuiltIn">
<msg time="2024-08-08T20:17:13.357938" level="INFO">password</msg>
<arg>${keyTwo}</arg>
<doc>Logs the given message with the given level.</doc>
<status status="PASS" start="2024-08-08T20:17:13.357818" elapsed="0.000156"/>
</kw>
<var name="${keyTwo}">password</var>
<status status="PASS" start="2024-08-08T20:17:13.356607" elapsed="0.001591"/>
</iter>
<var>${keyTwo}</var>
<value>@{expected_keysTwo}</value>
<status status="PASS" start="2024-08-08T20:17:13.354701" elapsed="0.003657"/>
</for>
<status status="PASS" start="2024-08-08T20:17:13.197181" elapsed="0.161319"/>
</kw>
<doc>Testa a estrutura da resposta da API.</doc>
<tag>testeEstruturaResposta</tag>
<status status="PASS" start="2024-08-08T20:17:13.196717" elapsed="0.161930"/>
</test>
<test id="s1-s1-t4" name="Validar tipos de dados" line="28">
<kw name="Teste de Tipos de Dados" owner="random-user-service">
<kw name="GET On Session" owner="RequestsLibrary">
<msg time="2024-08-08T20:17:13.490497" level="INFO">GET Request : url=https://randomuser.me/api 
 path_url=/api 
 headers={'User-Agent': 'python-requests/2.32.3', 'Accept-Encoding': 'gzip, deflate', 'Accept': '*/*', 'Connection': 'keep-alive'} 
 body=None 
 </msg>
<msg time="2024-08-08T20:17:13.490578" level="INFO">GET Response : url=https://randomuser.me/api 
 status=200, reason=OK 
 headers={'Date': 'Thu, 08 Aug 2024 20:17:13 GMT', 'Content-Type': 'application/json; charset=utf-8', 'Transfer-Encoding': 'chunked', 'Connection': 'keep-alive', 'X-Powered-By': 'Express', 'Access-Control-Allow-Origin': '*', 'Cache-Control': 'no-cache', 'ETag': 'W/"49d-gRlofzgnfDs2en88X7IS9Sf81/Y"', 'Vary': 'Accept-Encoding', 'Content-Encoding': 'gzip', 'CF-Cache-Status': 'DYNAMIC', 'Report-To': '{"endpoints":[{"url":"https:\\/\\/a.nel.cloudflare.com\\/report\\/v4?s=7k8LCDn59plcriioTee9h%2FpjZ6DJOvi3K5AsPpa1Nqc5SJ5Q0RcLSo94T49sqVx%2BEgzfUWmwzpQXxNjTW%2BA%2Fhdj%2FTmuDJJOE8A%2BibYaZ9v%2Fq%2BjkyTifVMNUBRm8EWyYA"}],"group":"cf-nel","max_age":604800}', 'NEL': '{"success_fraction":0,"report_to":"cf-nel","max_age":604800}', 'Server': 'cloudflare', 'CF-RAY': '8b02304a8b5e1045-ORD', 'alt-svc': 'h3=":443"; ma=86400'} 
 body={"results":[{"gender":"male","name":{"title":"Mr","first":"Stanley","last":"Freeman"},"location":{"street":{"number":3654,"name":"Parker Rd"},"city":"Cape Coral","state":"Massachusetts","country":"United States","postcode":49346,"coordinates":{"latitude":"85.4548","longitude":"-75.3499"},"timezone":{"offset":"+8:00","description":"Beijing, Perth, Singapore, Hong Kong"}},"email":"stanley.freeman@example.com","login":{"uuid":"e4d59266-3480-4dd4-ba9d-99efe3e2fa8e","username":"purpleswan637","password":"palace","salt":"orFcYZpp","md5":"275d98c173022ed912b5067ec57a95ea","sha1":"520bd0aa03528525bf9da8f6694488731ef50eff","sha256":"38590afec50483415ee29be270be0946d7fa04732f3e8ef06f08cab4e2b91364"},"dob":{"date":"1978-04-20T03:12:13.962Z","age":46},"registered":{"date":"2020-01-08T20:06:48.507Z","age":4},"phone":"(929) 396-5801","cell":"(617) 612-7989","id":{"name":"SSN","value":"465-21-1685"},"picture":{"large":"https://randomuser.me/api/portraits/men/95.jpg","medium":"https://randomuser.me/api/portraits/med/men/95.jpg","thumbnail":"https://randomuser.me/api/portraits/thumb/men/95.jpg"},"nat":"US"}],"info":{"seed":"2b2b1a7a8e57818d","results":1,"page":1,"version":"1.4"}} 
 </msg>
<msg time="2024-08-08T20:17:13.490648" level="INFO">/opt/hostedtoolcache/Python/3.12.4/x64/lib/python3.12/site-packages/urllib3/connectionpool.py:1099: InsecureRequestWarning: Unverified HTTPS request is being made to host 'randomuser.me'. Adding certificate verification is strongly advised. See: https://urllib3.readthedocs.io/en/latest/advanced-usage.html#tls-warnings
  warnings.warn(</msg>
<msg time="2024-08-08T20:17:13.490759" level="INFO">${response} = &lt;Response [200]&gt;</msg>
<var>${response}</var>
<arg>consultarAPI</arg>
<arg>/api</arg>
<doc>Sends a GET request on a previously created HTTP Session.</doc>
<status status="PASS" start="2024-08-08T20:17:13.361111" elapsed="0.129702"/>
</kw>
<kw name="Set Variable" owner="BuiltIn">
<msg time="2024-08-08T20:17:13.491812" level="INFO">${json_data} = {'results': [{'gender': 'male', 'name': {'title': 'Mr', 'first': 'Stanley', 'last': 'Freeman'}, 'location': {'street': {'number': 3654, 'name': 'Parker Rd'}, 'city': 'Cape Coral', 'state': 'Massachuse...</msg>
<var>${json_data}</var>
<arg>${response.json()}</arg>
<doc>Returns the given values which can then be assigned to a variables.</doc>
<status status="PASS" start="2024-08-08T20:17:13.491259" elapsed="0.000581"/>
</kw>
<kw name="Log" owner="BuiltIn">
<msg time="2024-08-08T20:17:13.492297" level="INFO">{'results': [{'gender': 'male', 'name': {'title': 'Mr', 'first': 'Stanley', 'last': 'Freeman'}, 'location': {'street': {'number': 3654, 'name': 'Parker Rd'}, 'city': 'Cape Coral', 'state': 'Massachusetts', 'country': 'United States', 'postcode': 49346, 'coordinates': {'latitude': '85.4548', 'longitude': '-75.3499'}, 'timezone': {'offset': '+8:00', 'description': 'Beijing, Perth, Singapore, Hong Kong'}}, 'email': 'stanley.freeman@example.com', 'login': {'uuid': 'e4d59266-3480-4dd4-ba9d-99efe3e2fa8e', 'username': 'purpleswan637', 'password': 'palace', 'salt': 'orFcYZpp', 'md5': '275d98c173022ed912b5067ec57a95ea', 'sha1': '520bd0aa03528525bf9da8f6694488731ef50eff', 'sha256': '38590afec50483415ee29be270be0946d7fa04732f3e8ef06f08cab4e2b91364'}, 'dob': {'date': '1978-04-20T03:12:13.962Z', 'age': 46}, 'registered': {'date': '2020-01-08T20:06:48.507Z', 'age': 4}, 'phone': '(929) 396-5801', 'cell': '(617) 612-7989', 'id': {'name': 'SSN', 'value': '465-21-1685'}, 'picture': {'large': 'https://randomuser.me/api/portraits/men/95.jpg', 'medium': 'https://randomuser.me/api/portraits/med/men/95.jpg', 'thumbnail': 'https://randomuser.me/api/portraits/thumb/men/95.jpg'}, 'nat': 'US'}], 'info': {'seed': '2b2b1a7a8e57818d', 'results': 1, 'page': 1, 'version': '1.4'}}</msg>
<arg>${json_data}</arg>
<doc>Logs the given message with the given level.</doc>
<status status="PASS" start="2024-08-08T20:17:13.492144" elapsed="0.000200"/>
</kw>
<kw name="Should Be String" owner="String">
<arg>${json_data['results'][0]['gender']}</arg>
<doc>Fails if the given ``item`` is not a string.</doc>
<status status="PASS" start="2024-08-08T20:17:13.492636" elapsed="0.000350"/>
</kw>
<kw name="Should Match Regexp" owner="BuiltIn">
<arg>${json_data['results'][0]['email']}</arg>
<arg>^[a-zA-Z0-9._%+-]+@[a-zA-Z0-9.-]+\.[a-zA-Z]{2,}$</arg>
<doc>Fails if ``string`` does not match ``pattern`` as a regular expression.</doc>
<status status="PASS" start="2024-08-08T20:17:13.493175" elapsed="0.000513"/>
</kw>
<kw name="Should Match Regexp" owner="BuiltIn">
<arg>${json_data['results'][0]['dob']['date']}</arg>
<arg>\\d{4}-\\d{2}-\\d{2}T\\d{2}:\\d{2}:\\d{2}\\.\\d{3}Z</arg>
<doc>Fails if ``string`` does not match ``pattern`` as a regular expression.</doc>
<status status="PASS" start="2024-08-08T20:17:13.493917" elapsed="0.000641"/>
</kw>
<kw name="Should Match Regexp" owner="BuiltIn">
<arg>${json_data['results'][0]['registered']['date']}</arg>
<arg>\\d{4}-\\d{2}-\\d{2}T\\d{2}:\\d{2}:\\d{2}\\.\\d{3}Z</arg>
<doc>Fails if ``string`` does not match ``pattern`` as a regular expression.</doc>
<status status="PASS" start="2024-08-08T20:17:13.494754" elapsed="0.000376"/>
</kw>
<kw name="Should Match Regexp" owner="BuiltIn">
<arg>${json_data['results'][0]['picture']['large']}</arg>
<arg>^https?://.*\.(?:png|jpe?g|gif|bmp)$</arg>
<doc>Fails if ``string`` does not match ``pattern`` as a regular expression.</doc>
<status status="PASS" start="2024-08-08T20:17:13.495317" elapsed="0.000457"/>
</kw>
<kw name="Should Match Regexp" owner="BuiltIn">
<arg>${json_data['results'][0]['picture']['medium']}</arg>
<arg>^https?://.*\.(?:png|jpe?g|gif|bmp)$</arg>
<doc>Fails if ``string`` does not match ``pattern`` as a regular expression.</doc>
<status status="PASS" start="2024-08-08T20:17:13.495960" elapsed="0.000358"/>
</kw>
<kw name="Should Match Regexp" owner="BuiltIn">
<arg>${json_data['results'][0]['picture']['thumbnail']}</arg>
<arg>^https?://.*\.(?:png|jpe?g|gif|bmp)$</arg>
<doc>Fails if ``string`` does not match ``pattern`` as a regular expression.</doc>
<status status="PASS" start="2024-08-08T20:17:13.496500" elapsed="0.000355"/>
</kw>
<kw name="Log" owner="BuiltIn">
<msg time="2024-08-08T20:17:13.497362" level="INFO">{'large': 'https://randomuser.me/api/portraits/men/95.jpg', 'medium': 'https://randomuser.me/api/portraits/med/men/95.jpg', 'thumbnail': 'https://randomuser.me/api/portraits/thumb/men/95.jpg'}</msg>
<arg>${json_data['results'][0]['picture']}</arg>
<doc>Logs the given message with the given level.</doc>
<status status="PASS" start="2024-08-08T20:17:13.497036" elapsed="0.000367"/>
</kw>
<status status="PASS" start="2024-08-08T20:17:13.360884" elapsed="0.136771"/>
</kw>
<kw name="Teste de Tipos de Dados - Postcode" owner="random-user-service">
<kw name="GET On Session" owner="RequestsLibrary">
<msg time="2024-08-08T20:17:13.577264" level="INFO">GET Request : url=https://randomuser.me/api 
 path_url=/api 
 headers={'User-Agent': 'python-requests/2.32.3', 'Accept-Encoding': 'gzip, deflate', 'Accept': '*/*', 'Connection': 'keep-alive'} 
 body=None 
 </msg>
<msg time="2024-08-08T20:17:13.577348" level="INFO">GET Response : url=https://randomuser.me/api 
 status=200, reason=OK 
 headers={'Date': 'Thu, 08 Aug 2024 20:17:13 GMT', 'Content-Type': 'application/json; charset=utf-8', 'Transfer-Encoding': 'chunked', 'Connection': 'keep-alive', 'X-Powered-By': 'Express', 'Access-Control-Allow-Origin': '*', 'Cache-Control': 'no-cache', 'ETag': 'W/"481-aFu+oqBk6ksOP+la5UbV8uGvi2s"', 'Vary': 'Accept-Encoding', 'Content-Encoding': 'gzip', 'CF-Cache-Status': 'DYNAMIC', 'Report-To': '{"endpoints":[{"url":"https:\\/\\/a.nel.cloudflare.com\\/report\\/v4?s=PnHW%2BTTOFrLrvNcXPiDRP8zbbBj6wQ7OVbgmKUOCwEr1sDtDc5%2BYMxta%2BOFpMZTgNzv44fNIqIxdPzOGkLlM%2B54XydG3K%2Bvh0EBbk4WyYgNpZOyuuXWyEHgrGQz5gSKf"}],"group":"cf-nel","max_age":604800}', 'NEL': '{"success_fraction":0,"report_to":"cf-nel","max_age":604800}', 'Server': 'cloudflare', 'CF-RAY': '8b02304b5c981045-ORD', 'alt-svc': 'h3=":443"; ma=86400'} 
 body={"results":[{"gender":"male","name":{"title":"Mr","first":"Peetu","last":"Justi"},"location":{"street":{"number":4137,"name":"Itsenäisyydenkatu"},"city":"Nivala","state":"Kymenlaakso","country":"Finland","postcode":40725,"coordinates":{"latitude":"-25.5065","longitude":"-58.8665"},"timezone":{"offset":"+5:45","description":"Kathmandu"}},"email":"peetu.justi@example.com","login":{"uuid":"c3c65835-38fa-49b2-9814-5847471b73e0","username":"beautifulelephant409","password":"lamer","salt":"mG7PJRjM","md5":"a17ae0aa483ce37a617b8d96ee56a6b1","sha1":"7e91254fa0640151fe4fa0697b463c9c2b112572","sha256":"79564dbe292155d9dc0ec0ea1232494e16ca6a90f7618fe62fe466abf1d515cb"},"dob":{"date":"1975-09-02T04:54:57.368Z","age":48},"registered":{"date":"2007-04-18T17:27:24.649Z","age":17},"phone":"04-407-429","cell":"040-790-67-45","id":{"name":"HETU","value":"NaNNA269undefined"},"picture":{"large":"https://randomuser.me/api/portraits/men/49.jpg","medium":"https://randomuser.me/api/portraits/med/men/49.jpg","thumbnail":"https://randomuser.me/api/portraits/thumb/men/49.jpg"},"nat":"FI"}],"info":{"seed":"766a1debe6d5ede0","results":1,"page":1,"version":"1.4"}} 
 </msg>
<msg time="2024-08-08T20:17:13.577421" level="INFO">/opt/hostedtoolcache/Python/3.12.4/x64/lib/python3.12/site-packages/urllib3/connectionpool.py:1099: InsecureRequestWarning: Unverified HTTPS request is being made to host 'randomuser.me'. Adding certificate verification is strongly advised. See: https://urllib3.readthedocs.io/en/latest/advanced-usage.html#tls-warnings
  warnings.warn(</msg>
<msg time="2024-08-08T20:17:13.577536" level="INFO">${response} = &lt;Response [200]&gt;</msg>
<var>${response}</var>
<arg>consultarAPI</arg>
<arg>/api</arg>
<doc>Sends a GET request on a previously created HTTP Session.</doc>
<status status="PASS" start="2024-08-08T20:17:13.498075" elapsed="0.079523"/>
</kw>
<kw name="Set Variable" owner="BuiltIn">
<msg time="2024-08-08T20:17:13.578727" level="INFO">${json_data} = {'results': [{'gender': 'male', 'name': {'title': 'Mr', 'first': 'Peetu', 'last': 'Justi'}, 'location': {'street': {'number': 4137, 'name': 'Itsenäisyydenkatu'}, 'city': 'Nivala', 'state': 'Kymenlaaks...</msg>
<var>${json_data}</var>
<arg>${response.json()}</arg>
<doc>Returns the given values which can then be assigned to a variables.</doc>
<status status="PASS" start="2024-08-08T20:17:13.578142" elapsed="0.000613"/>
</kw>
<kw name="Log" owner="BuiltIn">
<msg time="2024-08-08T20:17:13.579216" level="INFO">{'results': [{'gender': 'male', 'name': {'title': 'Mr', 'first': 'Peetu', 'last': 'Justi'}, 'location': {'street': {'number': 4137, 'name': 'Itsenäisyydenkatu'}, 'city': 'Nivala', 'state': 'Kymenlaakso', 'country': 'Finland', 'postcode': 40725, 'coordinates': {'latitude': '-25.5065', 'longitude': '-58.8665'}, 'timezone': {'offset': '+5:45', 'description': 'Kathmandu'}}, 'email': 'peetu.justi@example.com', 'login': {'uuid': 'c3c65835-38fa-49b2-9814-5847471b73e0', 'username': 'beautifulelephant409', 'password': 'lamer', 'salt': 'mG7PJRjM', 'md5': 'a17ae0aa483ce37a617b8d96ee56a6b1', 'sha1': '7e91254fa0640151fe4fa0697b463c9c2b112572', 'sha256': '79564dbe292155d9dc0ec0ea1232494e16ca6a90f7618fe62fe466abf1d515cb'}, 'dob': {'date': '1975-09-02T04:54:57.368Z', 'age': 48}, 'registered': {'date': '2007-04-18T17:27:24.649Z', 'age': 17}, 'phone': '04-407-429', 'cell': '040-790-67-45', 'id': {'name': 'HETU', 'value': 'NaNNA269undefined'}, 'picture': {'large': 'https://randomuser.me/api/portraits/men/49.jpg', 'medium': 'https://randomuser.me/api/portraits/med/men/49.jpg', 'thumbnail': 'https://randomuser.me/api/portraits/thumb/men/49.jpg'}, 'nat': 'FI'}], 'info': {'seed': '766a1debe6d5ede0', 'results': 1, 'page': 1, 'version': '1.4'}}</msg>
<arg>${json_data}</arg>
<doc>Logs the given message with the given level.</doc>
<status status="PASS" start="2024-08-08T20:17:13.579059" elapsed="0.000204"/>
</kw>
<kw name="Should Be Equal As Numbers" owner="BuiltIn">
<arg>${json_data['results'][0]['location']['postcode']}</arg>
<arg>${json_data['results'][0]['location']['postcode']}</arg>
<doc>Fails if objects are unequal after converting them to real numbers.</doc>
<status status="PASS" start="2024-08-08T20:17:13.579557" elapsed="0.000608"/>
</kw>
<kw name="Log" owner="BuiltIn">
<msg time="2024-08-08T20:17:13.580687" level="INFO">40725</msg>
<arg>${json_data['results'][0]['location']['postcode']}</arg>
<doc>Logs the given message with the given level.</doc>
<status status="PASS" start="2024-08-08T20:17:13.580351" elapsed="0.000376"/>
</kw>
<status status="PASS" start="2024-08-08T20:17:13.497862" elapsed="0.083140"/>
</kw>
<doc>Testa se os tipos de dados na resposta da API estão corretos.</doc>
<tag>testeTiposDados</tag>
<status status="PASS" start="2024-08-08T20:17:13.360360" elapsed="0.220797"/>
</test>
<test id="s1-s1-t5" name="Validar conteudo" line="35">
<kw name="Teste de Tipos de Conteudo" owner="random-user-service">
<kw name="GET On Session" owner="RequestsLibrary">
<msg time="2024-08-08T20:17:13.724185" level="INFO">GET Request : url=https://randomuser.me/api 
 path_url=/api 
 headers={'User-Agent': 'python-requests/2.32.3', 'Accept-Encoding': 'gzip, deflate', 'Accept': '*/*', 'Connection': 'keep-alive'} 
 body=None 
 </msg>
<msg time="2024-08-08T20:17:13.724249" level="INFO">GET Response : url=https://randomuser.me/api 
 status=200, reason=OK 
 headers={'Date': 'Thu, 08 Aug 2024 20:17:13 GMT', 'Content-Type': 'application/json; charset=utf-8', 'Transfer-Encoding': 'chunked', 'Connection': 'keep-alive', 'X-Powered-By': 'Express', 'Access-Control-Allow-Origin': '*', 'Cache-Control': 'no-cache', 'ETag': 'W/"469-QKwPK6J7Ke6WTaBqSJoPa7W23S0"', 'Vary': 'Accept-Encoding', 'Content-Encoding': 'gzip', 'CF-Cache-Status': 'DYNAMIC', 'Report-To': '{"endpoints":[{"url":"https:\\/\\/a.nel.cloudflare.com\\/report\\/v4?s=7NWnG0BeSXTPkK2VI%2BpICyIlrmXaDBGu61HpXbVpNsNgldvuwYv0ghiA1UiVIYT%2FYq3GWahp3ow1sYYIRDWEzs019yM%2FrwgF%2FmTIncYKI0a6yG%2F7R26a9x%2FG2fJDkArY"}],"group":"cf-nel","max_age":604800}', 'NEL': '{"success_fraction":0,"report_to":"cf-nel","max_age":604800}', 'Server': 'cloudflare', 'CF-RAY': '8b02304bed6b1045-ORD', 'alt-svc': 'h3=":443"; ma=86400'} 
 body={"results":[{"gender":"male","name":{"title":"Mr","first":"James","last":"Roy"},"location":{"street":{"number":5996,"name":"20th Ave"},"city":"New Glasgow","state":"Nunavut","country":"Canada","postcode":"Z0G 6C3","coordinates":{"latitude":"-70.6567","longitude":"-36.5448"},"timezone":{"offset":"+4:30","description":"Kabul"}},"email":"james.roy@example.com","login":{"uuid":"7ca90980-e5b7-415c-affc-5319c0c29fe2","username":"yellowrabbit433","password":"washburn","salt":"5wQEetVy","md5":"c2d7835fccbe872bf9546b93c5ee0277","sha1":"ad98f71c94369f1658bd1e751f73be660efc5ce9","sha256":"a8d74bf02fc13f1f48a9422f35f70d46dff54637ddc181343965b07b8c8a5d45"},"dob":{"date":"1957-07-24T21:08:57.655Z","age":67},"registered":{"date":"2004-09-02T18:09:48.646Z","age":19},"phone":"U07 D69-9170","cell":"V48 M50-3824","id":{"name":"SIN","value":"407514769"},"picture":{"large":"https://randomuser.me/api/portraits/men/59.jpg","medium":"https://randomuser.me/api/portraits/med/men/59.jpg","thumbnail":"https://randomuser.me/api/portraits/thumb/men/59.jpg"},"nat":"CA"}],"info":{"seed":"2243113c7f29652c","results":1,"page":1,"version":"1.4"}} 
 </msg>
<msg time="2024-08-08T20:17:13.724301" level="INFO">/opt/hostedtoolcache/Python/3.12.4/x64/lib/python3.12/site-packages/urllib3/connectionpool.py:1099: InsecureRequestWarning: Unverified HTTPS request is being made to host 'randomuser.me'. Adding certificate verification is strongly advised. See: https://urllib3.readthedocs.io/en/latest/advanced-usage.html#tls-warnings
  warnings.warn(</msg>
<msg time="2024-08-08T20:17:13.724391" level="INFO">${response} = &lt;Response [200]&gt;</msg>
<var>${response}</var>
<arg>consultarAPI</arg>
<arg>/api</arg>
<doc>Sends a GET request on a previously created HTTP Session.</doc>
<status status="PASS" start="2024-08-08T20:17:13.583598" elapsed="0.140834"/>
</kw>
<kw name="Set Variable" owner="BuiltIn">
<msg time="2024-08-08T20:17:13.725414" level="INFO">${json_data} = {'results': [{'gender': 'male', 'name': {'title': 'Mr', 'first': 'James', 'last': 'Roy'}, 'location': {'street': {'number': 5996, 'name': '20th Ave'}, 'city': 'New Glasgow', 'state': 'Nunavut', 'count...</msg>
<var>${json_data}</var>
<arg>${response.json()}</arg>
<doc>Returns the given values which can then be assigned to a variables.</doc>
<status status="PASS" start="2024-08-08T20:17:13.724874" elapsed="0.000568"/>
</kw>
<kw name="Set Variable" owner="BuiltIn">
<msg time="2024-08-08T20:17:13.726134" level="INFO">${name_title} = Mr</msg>
<var>${name_title}</var>
<arg>${json_data["results"][0]["name"]["title"]}</arg>
<doc>Returns the given values which can then be assigned to a variables.</doc>
<status status="PASS" start="2024-08-08T20:17:13.725748" elapsed="0.000412"/>
</kw>
<kw name="Create List" owner="BuiltIn">
<msg time="2024-08-08T20:17:13.726651" level="INFO">${allowed_titles} = ['Mr', 'Ms', 'Miss', 'Mrs', 'Madame', 'Monsieur']</msg>
<var>${allowed_titles}</var>
<arg>Mr</arg>
<arg>Ms</arg>
<arg>Miss</arg>
<arg>Mrs</arg>
<arg>Madame</arg>
<arg>Monsieur</arg>
<doc>Returns a list containing given items.</doc>
<status status="PASS" start="2024-08-08T20:17:13.726498" elapsed="0.000178"/>
</kw>
<kw name="List Should Contain Value" owner="Collections">
<arg>${allowed_titles}</arg>
<arg>${name_title}</arg>
<doc>Fails if the ``value`` is not found from ``list``.</doc>
<status status="PASS" start="2024-08-08T20:17:13.726970" elapsed="0.000170"/>
</kw>
<kw name="Set Variable" owner="BuiltIn">
<msg time="2024-08-08T20:17:13.727692" level="INFO">${name_country} = CA</msg>
<var>${name_country}</var>
<arg>${json_data["results"][0]["nat"]}</arg>
<doc>Returns the given values which can then be assigned to a variables.</doc>
<status status="PASS" start="2024-08-08T20:17:13.727322" elapsed="0.000394"/>
</kw>
<kw name="Create List" owner="BuiltIn">
<msg time="2024-08-08T20:17:13.728614" level="INFO">${list_country} = ['AD', 'AE', 'AF', 'AG', 'AI', 'AL', 'AM', 'AO', 'AQ', 'AR', 'AS', 'AT', 'AU', 'AW', 'AX', 'AZ', 'BA', 'BB', 'BD', 'BE', 'BF', 'BG', 'BH', 'BI', 'BJ', 'BL', 'BM', 'BN', 'BO', 'BQ', 'BR', 'BS', 'BT', '...</msg>
<var>${list_country}</var>
<arg>AD</arg>
<arg>AE</arg>
<arg>AF</arg>
<arg>AG</arg>
<arg>AI</arg>
<arg>AL</arg>
<arg>AM</arg>
<arg>AO</arg>
<arg>AQ</arg>
<arg>AR</arg>
<arg>AS</arg>
<arg>AT</arg>
<arg>AU</arg>
<arg>AW</arg>
<arg>AX</arg>
<arg>AZ</arg>
<arg>BA</arg>
<arg>BB</arg>
<arg>BD</arg>
<arg>BE</arg>
<arg>BF</arg>
<arg>BG</arg>
<arg>BH</arg>
<arg>BI</arg>
<arg>BJ</arg>
<arg>BL</arg>
<arg>BM</arg>
<arg>BN</arg>
<arg>BO</arg>
<arg>BQ</arg>
<arg>BR</arg>
<arg>BS</arg>
<arg>BT</arg>
<arg>BV</arg>
<arg>BW</arg>
<arg>BY</arg>
<arg>BZ</arg>
<arg>CA</arg>
<arg>CC</arg>
<arg>CD</arg>
<arg>CF</arg>
<arg>CG</arg>
<arg>CH</arg>
<arg>CI</arg>
<arg>CK</arg>
<arg>CL</arg>
<arg>CM</arg>
<arg>CN</arg>
<arg>CO</arg>
<arg>CR</arg>
<arg>CU</arg>
<arg>CV</arg>
<arg>CW</arg>
<arg>CX</arg>
<arg>CY</arg>
<arg>CZ</arg>
<arg>DE</arg>
<arg>DJ</arg>
<arg>DK</arg>
<arg>DM</arg>
<arg>DO</arg>
<arg>DZ</arg>
<arg>EC</arg>
<arg>EE</arg>
<arg>EG</arg>
<arg>EH</arg>
<arg>ER</arg>
<arg>ES</arg>
<arg>ET</arg>
<arg>FI</arg>
<arg>FJ</arg>
<arg>FK</arg>
<arg>FM</arg>
<arg>FO</arg>
<arg>FR</arg>
<arg>GA</arg>
<arg>GB</arg>
<arg>GD</arg>
<arg>GE</arg>
<arg>GF</arg>
<arg>GG</arg>
<arg>GH</arg>
<arg>GI</arg>
<arg>GL</arg>
<arg>GM</arg>
<arg>GN</arg>
<arg>GP</arg>
<arg>GQ</arg>
<arg>GR</arg>
<arg>GS</arg>
<arg>GT</arg>
<arg>GU</arg>
<arg>GW</arg>
<arg>GY</arg>
<arg>HK</arg>
<arg>HM</arg>
<arg>HN</arg>
<arg>HR</arg>
<arg>HT</arg>
<arg>HU</arg>
<arg>ID</arg>
<arg>IE</arg>
<arg>IL</arg>
<arg>IM</arg>
<arg>IN</arg>
<arg>IO</arg>
<arg>IQ</arg>
<arg>IR</arg>
<arg>IS</arg>
<arg>IT</arg>
<arg>JE</arg>
<arg>JM</arg>
<arg>JO</arg>
<arg>JP</arg>
<arg>KE</arg>
<arg>KG</arg>
<arg>KH</arg>
<arg>KI</arg>
<arg>KM</arg>
<arg>KN</arg>
<arg>KP</arg>
<arg>KR</arg>
<arg>KW</arg>
<arg>KY</arg>
<arg>KZ</arg>
<arg>LA</arg>
<arg>LB</arg>
<arg>LC</arg>
<arg>LI</arg>
<arg>LK</arg>
<arg>LR</arg>
<arg>LS</arg>
<arg>LT</arg>
<arg>LU</arg>
<arg>LV</arg>
<arg>LY</arg>
<arg>MA</arg>
<arg>MC</arg>
<arg>MD</arg>
<arg>ME</arg>
<arg>MF</arg>
<arg>MG</arg>
<arg>MH</arg>
<arg>MK</arg>
<arg>ML</arg>
<arg>MM</arg>
<arg>MN</arg>
<arg>MO</arg>
<arg>MP</arg>
<arg>MQ</arg>
<arg>MR</arg>
<arg>MS</arg>
<arg>MT</arg>
<arg>MU</arg>
<arg>MV</arg>
<arg>MW</arg>
<arg>MX</arg>
<arg>MY</arg>
<arg>MZ</arg>
<arg>NA</arg>
<arg>NC</arg>
<arg>NE</arg>
<arg>NF</arg>
<arg>NG</arg>
<arg>NI</arg>
<arg>NL</arg>
<arg>NO</arg>
<arg>NP</arg>
<arg>NR</arg>
<arg>NU</arg>
<arg>NZ</arg>
<arg>OM</arg>
<arg>PA</arg>
<arg>PE</arg>
<arg>PF</arg>
<arg>PG</arg>
<arg>PH</arg>
<arg>PK</arg>
<arg>PL</arg>
<arg>PM</arg>
<arg>PN</arg>
<arg>PR</arg>
<arg>PS</arg>
<arg>PT</arg>
<arg>PW</arg>
<arg>PY</arg>
<arg>QA</arg>
<arg>RE</arg>
<arg>RO</arg>
<arg>RS</arg>
<arg>RU</arg>
<arg>RW</arg>
<arg>SA</arg>
<arg>SB</arg>
<arg>SC</arg>
<arg>SD</arg>
<arg>SE</arg>
<arg>SG</arg>
<arg>SH</arg>
<arg>SI</arg>
<arg>SJ</arg>
<arg>SK</arg>
<arg>SL</arg>
<arg>SM</arg>
<arg>SN</arg>
<arg>SO</arg>
<arg>SR</arg>
<arg>SS</arg>
<arg>ST</arg>
<arg>SV</arg>
<arg>SX</arg>
<arg>SY</arg>
<arg>SZ</arg>
<arg>TC</arg>
<arg>TD</arg>
<arg>TF</arg>
<arg>TG</arg>
<arg>TH</arg>
<arg>TJ</arg>
<arg>TK</arg>
<arg>TL</arg>
<arg>TM</arg>
<arg>TN</arg>
<arg>TO</arg>
<arg>TR</arg>
<arg>TT</arg>
<arg>TV</arg>
<arg>TW</arg>
<arg>TZ</arg>
<arg>UA</arg>
<arg>UG</arg>
<arg>UM</arg>
<arg>US</arg>
<arg>UY</arg>
<arg>UZ</arg>
<arg>VA</arg>
<arg>VC</arg>
<arg>VE</arg>
<arg>VG</arg>
<arg>VI</arg>
<arg>VN</arg>
<arg>VU</arg>
<arg>WF</arg>
<arg>WS</arg>
<arg>XK</arg>
<arg>YE</arg>
<arg>YT</arg>
<arg>ZA</arg>
<arg>ZM</arg>
<arg>ZW</arg>
<doc>Returns a list containing given items.</doc>
<status status="PASS" start="2024-08-08T20:17:13.728003" elapsed="0.000637"/>
</kw>
<kw name="List Should Contain Value" owner="Collections">
<arg>${list_country}</arg>
<arg>${name_country}</arg>
<doc>Fails if the ``value`` is not found from ``list``.</doc>
<status status="PASS" start="2024-08-08T20:17:13.729573" elapsed="0.000231"/>
</kw>
<kw name="Run Keyword If" owner="BuiltIn">
<kw name="Should Be True" owner="BuiltIn">
<arg>${True}</arg>
<doc>Fails if the given condition is not true.</doc>
<status status="PASS" start="2024-08-08T20:17:13.730828" elapsed="0.000146"/>
</kw>
<arg>${json_data["results"][0]["location"]["coordinates"]["latitude"]} &gt;= -90 and ${json_data["results"][0]["location"]["coordinates"]["latitude"]} &lt;= 90</arg>
<arg>Should Be True</arg>
<arg>${True}</arg>
<doc>Runs the given keyword with the given arguments, if ``condition`` is true.</doc>
<status status="PASS" start="2024-08-08T20:17:13.730043" elapsed="0.001058"/>
</kw>
<kw name="Run Keyword If" owner="BuiltIn">
<kw name="Should Be True" owner="BuiltIn">
<arg>${True}</arg>
<doc>Fails if the given condition is not true.</doc>
<status status="PASS" start="2024-08-08T20:17:13.731968" elapsed="0.000139"/>
</kw>
<arg>${json_data["results"][0]["location"]["coordinates"]["longitude"]} &gt;= -180 and ${json_data["results"][0]["location"]["coordinates"]["longitude"]} &lt;= 180</arg>
<arg>Should Be True</arg>
<arg>${True}</arg>
<doc>Runs the given keyword with the given arguments, if ``condition`` is true.</doc>
<status status="PASS" start="2024-08-08T20:17:13.731278" elapsed="0.000951"/>
</kw>
<status status="PASS" start="2024-08-08T20:17:13.583384" elapsed="0.148969"/>
</kw>
<doc>Testa o conteúdo específico dos campos retornados pela API.</doc>
<tag>testeConteudo</tag>
<status status="PASS" start="2024-08-08T20:17:13.582893" elapsed="0.149603"/>
</test>
<status status="PASS" start="2024-08-08T20:17:12.604663" elapsed="1.129736"/>
</suite>
<status status="PASS" start="2024-08-08T20:17:12.590059" elapsed="1.149346"/>
</suite>
<statistics>
<total>
<stat pass="5" fail="0" skip="0">All Tests</stat>
</total>
<tag>
<stat pass="1" fail="0" skip="0">testeConteudo</stat>
<stat pass="1" fail="0" skip="0">testeEstruturaResposta</stat>
<stat pass="1" fail="0" skip="0">testeRequisicaoBasica</stat>
<stat pass="1" fail="0" skip="0">testeTiposDados</stat>
</tag>
<suite>
<stat pass="5" fail="0" skip="0" id="s1" name="Tests">Tests</stat>
<stat pass="5" fail="0" skip="0" id="s1-s1" name="Random-User-Test">Tests.Random-User-Test</stat>
</suite>
</statistics>
<errors>
</errors>
</robot>
