<?xml version="1.0" encoding="UTF-8"?>
<robot generator="Robot 7.0 (Python 3.12.3 on linux)" generated="2024-06-09T14:13:10.945050" rpa="false" schemaversion="5">
<suite id="s1" name="Tests" source="/home/runner/work/ApiRandomUser/ApiRandomUser/RamdonUser/tests">
<suite id="s1-s1" name="Random-User-Test" source="/home/runner/work/ApiRandomUser/ApiRandomUser/RamdonUser/tests/random-user-test.robot">
<test id="s1-s1-t1" name="Conectar" line="13">
<kw name="Conectar API" owner="random-user-service">
<kw name="Create Session" owner="RequestsLibrary">
<msg time="2024-06-09T14:13:11.345942" level="INFO">Creating Session using : alias=consultarAPI, url=https://randomuser.me/, headers={},                     cookies={}, auth=None, timeout=None, proxies=None, verify=False,                     debug=0 </msg>
<arg>consultarAPI</arg>
<arg>${URL}</arg>
<doc>Create Session: create a HTTP session to a server</doc>
<status status="PASS" start="2024-06-09T14:13:11.345726" elapsed="0.000412"/>
</kw>
<status status="PASS" start="2024-06-09T14:13:11.344627" elapsed="0.001892"/>
</kw>
<status status="PASS" start="2024-06-09T14:13:11.343953" elapsed="0.002765"/>
</test>
<test id="s1-s1-t2" name="Validar retorno 200 e JSON Válido" line="16">
<kw name="Teste de Requisicao Basica" owner="random-user-service">
<kw name="GET On Session" owner="RequestsLibrary">
<msg time="2024-06-09T14:13:11.456850" level="INFO">GET Request : url=https://randomuser.me/api 
 path_url=/api 
 headers={'User-Agent': 'python-requests/2.32.3', 'Accept-Encoding': 'gzip, deflate', 'Accept': '*/*', 'Connection': 'keep-alive'} 
 body=None 
 </msg>
<msg time="2024-06-09T14:13:11.457065" level="INFO">GET Response : url=https://randomuser.me/api 
 status=200, reason=OK 
 headers={'Date': 'Sun, 09 Jun 2024 14:13:11 GMT', 'Content-Type': 'application/json; charset=utf-8', 'Transfer-Encoding': 'chunked', 'Connection': 'keep-alive', 'X-Powered-By': 'Express', 'Access-Control-Allow-Origin': '*', 'Cache-Control': 'no-cache', 'ETag': 'W/"4a7-y4gGSJPFtxUG33bMqmbrMVjOO0E"', 'Vary': 'Accept-Encoding', 'Content-Encoding': 'gzip', 'CF-Cache-Status': 'DYNAMIC', 'Report-To': '{"endpoints":[{"url":"https:\\/\\/a.nel.cloudflare.com\\/report\\/v4?s=6yDu8qGKdpNDLCnf39y5XeSsqa%2Bm%2Fx5ExAA534j4TJ7RiXKMiEgr53v78e%2F1aFSP2suVJbBibu4aDvm8izpYKBUF0Bq0FvVC0BYLfHE3aWBTDs3Br0cyE2uNtLSni0oa"}],"group":"cf-nel","max_age":604800}', 'NEL': '{"success_fraction":0,"report_to":"cf-nel","max_age":604800}', 'Server': 'cloudflare', 'CF-RAY': '8911b88a38d92093-IAD', 'alt-svc': 'h3=":443"; ma=86400'} 
 body={"results":[{"gender":"male","name":{"title":"Mr","first":"Ebenezer","last":"Van de Langenberg"},"location":{"street":{"number":3211,"name":"Klapbrugweg"},"city":"Heusden","state":"Zeeland","country":"Netherlands","postcode":"8749 PG","coordinates":{"latitude":"30.7078","longitude":"-130.4115"},"timezone":{"offset":"+4:00","description":"Abu Dhabi, Muscat, Baku, Tbilisi"}},"email":"ebenezer.vandelangenberg@example.com","login":{"uuid":"3b95e5e5-62f6-406a-b098-5435a0d60076","username":"organicleopard397","password":"5150","salt":"xh0ybAQ0","md5":"9a1f5d369a3366bb2fea36c650632627","sha1":"50bf6458dd78ddc222af182fc2563db1f28490b7","sha256":"95c5e310bde0c8ecc7010b6ed16e472cba3a76a7617b9ff9b9d5d977e95c8206"},"dob":{"date":"1960-08-07T22:15:00.389Z","age":63},"registered":{"date":"2007-02-27T20:53:50.766Z","age":17},"phone":"(0895) 831184","cell":"(06) 24345248","id":{"name":"BSN","value":"37427349"},"picture":{"large":"https://randomuser.me/api/portraits/men/33.jpg","medium":"https://randomuser.me/api/portraits/med/men/33.jpg","thumbnail":"https://randomuser.me/api/portraits/thumb/men/33.jpg"},"nat":"NL"}],"info":{"seed":"012986e7af1067c6","results":1,"page":1,"version":"1.4"}} 
 </msg>
<msg time="2024-06-09T14:13:11.457189" level="INFO">/opt/hostedtoolcache/Python/3.12.3/x64/lib/python3.12/site-packages/urllib3/connectionpool.py:1103: InsecureRequestWarning: Unverified HTTPS request is being made to host 'randomuser.me'. Adding certificate verification is strongly advised. See: https://urllib3.readthedocs.io/en/latest/advanced-usage.html#tls-warnings
  warnings.warn(</msg>
<msg time="2024-06-09T14:13:11.457375" level="INFO">${response} = &lt;Response [200]&gt;</msg>
<var>${response}</var>
<arg>consultarAPI</arg>
<arg>/api</arg>
<doc>Sends a GET request on a previously created HTTP Session.</doc>
<status status="PASS" start="2024-06-09T14:13:11.349520" elapsed="0.107898"/>
</kw>
<kw name="Should Be Equal As Numbers" owner="BuiltIn">
<msg time="2024-06-09T14:13:11.458907" level="INFO">Argument types are:
&lt;class 'int'&gt;
&lt;class 'str'&gt;</msg>
<arg>${response.status_code}</arg>
<arg>200</arg>
<doc>Fails if objects are unequal after converting them to real numbers.</doc>
<status status="PASS" start="2024-06-09T14:13:11.458200" elapsed="0.000805"/>
</kw>
<kw name="Log" owner="BuiltIn">
<msg time="2024-06-09T14:13:11.460097" level="INFO">200</msg>
<arg>${response.status_code}</arg>
<doc>Logs the given message with the given level.</doc>
<status status="PASS" start="2024-06-09T14:13:11.459474" elapsed="0.000694"/>
</kw>
<kw name="Set Variable" owner="BuiltIn">
<msg time="2024-06-09T14:13:11.461390" level="INFO">${json_data} = {'results': [{'gender': 'male', 'name': {'title': 'Mr', 'first': 'Ebenezer', 'last': 'Van de Langenberg'}, 'location': {'street': {'number': 3211, 'name': 'Klapbrugweg'}, 'city': 'Heusden', 'state': '...</msg>
<var>${json_data}</var>
<arg>${response.json()}</arg>
<doc>Returns the given values which can then be assigned to a variables.</doc>
<status status="PASS" start="2024-06-09T14:13:11.460648" elapsed="0.000787"/>
</kw>
<kw name="Dictionary Should Contain Key" owner="Collections">
<msg time="2024-06-09T14:13:11.462156" level="INFO">False</msg>
<arg>${json_data}</arg>
<arg>results</arg>
<doc>Fails if ``key`` is not found from ``dictionary``.</doc>
<status status="PASS" start="2024-06-09T14:13:11.461897" elapsed="0.000540"/>
</kw>
<status status="PASS" start="2024-06-09T14:13:11.349273" elapsed="0.113556"/>
</kw>
<doc>Testa se a API responde corretamente e retorna um objeto JSON válido.</doc>
<tag>testeRequisicaoBasica</tag>
<status status="PASS" start="2024-06-09T14:13:11.348742" elapsed="0.114404"/>
</test>
<test id="s1-s1-t3" name="Validar estrutura de resposta" line="22">
<kw name="Teste de Estrutura de Resposta" owner="random-user-service">
<kw name="GET On Session" owner="RequestsLibrary">
<msg time="2024-06-09T14:13:11.547935" level="INFO">GET Request : url=https://randomuser.me/api 
 path_url=/api 
 headers={'User-Agent': 'python-requests/2.32.3', 'Accept-Encoding': 'gzip, deflate', 'Accept': '*/*', 'Connection': 'keep-alive'} 
 body=None 
 </msg>
<msg time="2024-06-09T14:13:11.548077" level="INFO">GET Response : url=https://randomuser.me/api 
 status=200, reason=OK 
 headers={'Date': 'Sun, 09 Jun 2024 14:13:11 GMT', 'Content-Type': 'application/json; charset=utf-8', 'Transfer-Encoding': 'chunked', 'Connection': 'keep-alive', 'X-Powered-By': 'Express', 'Access-Control-Allow-Origin': '*', 'Cache-Control': 'no-cache', 'ETag': 'W/"489-ttct0JClvAJhvclElzF93+rVwyE"', 'Vary': 'Accept-Encoding', 'Content-Encoding': 'gzip', 'CF-Cache-Status': 'DYNAMIC', 'Report-To': '{"endpoints":[{"url":"https:\\/\\/a.nel.cloudflare.com\\/report\\/v4?s=yg8tFwWr16FlHqCEIDEeYGVT8Csp8vC4RRD4Cnvl7ti2skmosY2Kspqtr9zdJtTa3BdsbYQzzbV5VDdSec5h%2B8FXy4sYnGGwrVV%2FMUmHKKOKyPDVt%2B1lOyJYOz%2Fzc3SS"}],"group":"cf-nel","max_age":604800}', 'NEL': '{"success_fraction":0,"report_to":"cf-nel","max_age":604800}', 'Server': 'cloudflare', 'CF-RAY': '8911b88ab95a2093-IAD', 'alt-svc': 'h3=":443"; ma=86400'} 
 body={"results":[{"gender":"female","name":{"title":"Mrs","first":"Signe","last":"Mortensen"},"location":{"street":{"number":8506,"name":"Septembervej"},"city":"Gl. Rye","state":"Syddanmark","country":"Denmark","postcode":75657,"coordinates":{"latitude":"-38.6569","longitude":"176.6596"},"timezone":{"offset":"+2:00","description":"Kaliningrad, South Africa"}},"email":"signe.mortensen@example.com","login":{"uuid":"d868db3e-b16a-4a45-9c97-7c63a31bcc94","username":"lazyladybug826","password":"moritz","salt":"gxNMtwKV","md5":"aee61cf70657da8514ca0e824461b917","sha1":"5b58b6ffdc2274761b20d010fd36c61d9ecbbc21","sha256":"de52be0fa144328b071f01fcc0b55600b278f4cfd58533cbb6749bc6a703c7c2"},"dob":{"date":"1966-01-23T23:54:50.927Z","age":58},"registered":{"date":"2006-01-25T01:45:21.863Z","age":18},"phone":"20777534","cell":"06615323","id":{"name":"CPR","value":"230166-0302"},"picture":{"large":"https://randomuser.me/api/portraits/women/64.jpg","medium":"https://randomuser.me/api/portraits/med/women/64.jpg","thumbnail":"https://randomuser.me/api/portraits/thumb/women/64.jpg"},"nat":"DK"}],"info":{"seed":"7e6b7b2f02cc69ed","results":1,"page":1,"version":"1.4"}} 
 </msg>
<msg time="2024-06-09T14:13:11.548211" level="INFO">/opt/hostedtoolcache/Python/3.12.3/x64/lib/python3.12/site-packages/urllib3/connectionpool.py:1103: InsecureRequestWarning: Unverified HTTPS request is being made to host 'randomuser.me'. Adding certificate verification is strongly advised. See: https://urllib3.readthedocs.io/en/latest/advanced-usage.html#tls-warnings
  warnings.warn(</msg>
<msg time="2024-06-09T14:13:11.548339" level="INFO">${response} = &lt;Response [200]&gt;</msg>
<var>${response}</var>
<arg>consultarAPI</arg>
<arg>/api</arg>
<doc>Sends a GET request on a previously created HTTP Session.</doc>
<status status="PASS" start="2024-06-09T14:13:11.467898" elapsed="0.080469"/>
</kw>
<kw name="Set Variable" owner="BuiltIn">
<msg time="2024-06-09T14:13:11.549456" level="INFO">${json_data} = {'results': [{'gender': 'female', 'name': {'title': 'Mrs', 'first': 'Signe', 'last': 'Mortensen'}, 'location': {'street': {'number': 8506, 'name': 'Septembervej'}, 'city': 'Gl. Rye', 'state': 'Syddanm...</msg>
<var>${json_data}</var>
<arg>${response.json()}</arg>
<doc>Returns the given values which can then be assigned to a variables.</doc>
<status status="PASS" start="2024-06-09T14:13:11.548910" elapsed="0.000579"/>
</kw>
<kw name="Log" owner="BuiltIn">
<msg time="2024-06-09T14:13:11.549975" level="INFO">{'results': [{'gender': 'female', 'name': {'title': 'Mrs', 'first': 'Signe', 'last': 'Mortensen'}, 'location': {'street': {'number': 8506, 'name': 'Septembervej'}, 'city': 'Gl. Rye', 'state': 'Syddanmark', 'country': 'Denmark', 'postcode': 75657, 'coordinates': {'latitude': '-38.6569', 'longitude': '176.6596'}, 'timezone': {'offset': '+2:00', 'description': 'Kaliningrad, South Africa'}}, 'email': 'signe.mortensen@example.com', 'login': {'uuid': 'd868db3e-b16a-4a45-9c97-7c63a31bcc94', 'username': 'lazyladybug826', 'password': 'moritz', 'salt': 'gxNMtwKV', 'md5': 'aee61cf70657da8514ca0e824461b917', 'sha1': '5b58b6ffdc2274761b20d010fd36c61d9ecbbc21', 'sha256': 'de52be0fa144328b071f01fcc0b55600b278f4cfd58533cbb6749bc6a703c7c2'}, 'dob': {'date': '1966-01-23T23:54:50.927Z', 'age': 58}, 'registered': {'date': '2006-01-25T01:45:21.863Z', 'age': 18}, 'phone': '20777534', 'cell': '06615323', 'id': {'name': 'CPR', 'value': '230166-0302'}, 'picture': {'large': 'https://randomuser.me/api/portraits/women/64.jpg', 'medium': 'https://randomuser.me/api/portraits/med/women/64.jpg', 'thumbnail': 'https://randomuser.me/api/portraits/thumb/women/64.jpg'}, 'nat': 'DK'}], 'info': {'seed': '7e6b7b2f02cc69ed', 'results': 1, 'page': 1, 'version': '1.4'}}</msg>
<arg>${json_data}</arg>
<doc>Logs the given message with the given level.</doc>
<status status="PASS" start="2024-06-09T14:13:11.549812" elapsed="0.000214"/>
</kw>
<kw name="Dictionary Should Contain Key" owner="Collections">
<msg time="2024-06-09T14:13:11.550499" level="INFO">False</msg>
<arg>${json_data}</arg>
<arg>results</arg>
<doc>Fails if ``key`` is not found from ``dictionary``.</doc>
<status status="PASS" start="2024-06-09T14:13:11.550333" elapsed="0.000203"/>
</kw>
<kw name="Should Not Be Empty" owner="BuiltIn">
<msg time="2024-06-09T14:13:11.550980" level="INFO">Length is 2.</msg>
<arg>${json_data}</arg>
<doc>Verifies that the given item is not empty.</doc>
<status status="PASS" start="2024-06-09T14:13:11.550838" elapsed="0.000183"/>
</kw>
<kw name="Create List" owner="BuiltIn">
<msg time="2024-06-09T14:13:11.551471" level="INFO">${expected_keys} = ['gender', 'name', 'location', 'email', 'login']</msg>
<var>${expected_keys}</var>
<arg>gender</arg>
<arg>name</arg>
<arg>location</arg>
<arg>email</arg>
<arg>login</arg>
<doc>Returns a list containing given items.</doc>
<status status="PASS" start="2024-06-09T14:13:11.551320" elapsed="0.000175"/>
</kw>
<for flavor="IN">
<iter>
<kw name="Dictionary Should Contain Key" owner="Collections">
<msg time="2024-06-09T14:13:11.552544" level="INFO">False</msg>
<arg>${json_data['results'][0]}</arg>
<arg>${key}</arg>
<doc>Fails if ``key`` is not found from ``dictionary``.</doc>
<status status="PASS" start="2024-06-09T14:13:11.552134" elapsed="0.000455"/>
</kw>
<kw name="Log" owner="BuiltIn">
<msg time="2024-06-09T14:13:11.553265" level="INFO">{'gender': 'female', 'name': {'title': 'Mrs', 'first': 'Signe', 'last': 'Mortensen'}, 'location': {'street': {'number': 8506, 'name': 'Septembervej'}, 'city': 'Gl. Rye', 'state': 'Syddanmark', 'country': 'Denmark', 'postcode': 75657, 'coordinates': {'latitude': '-38.6569', 'longitude': '176.6596'}, 'timezone': {'offset': '+2:00', 'description': 'Kaliningrad, South Africa'}}, 'email': 'signe.mortensen@example.com', 'login': {'uuid': 'd868db3e-b16a-4a45-9c97-7c63a31bcc94', 'username': 'lazyladybug826', 'password': 'moritz', 'salt': 'gxNMtwKV', 'md5': 'aee61cf70657da8514ca0e824461b917', 'sha1': '5b58b6ffdc2274761b20d010fd36c61d9ecbbc21', 'sha256': 'de52be0fa144328b071f01fcc0b55600b278f4cfd58533cbb6749bc6a703c7c2'}, 'dob': {'date': '1966-01-23T23:54:50.927Z', 'age': 58}, 'registered': {'date': '2006-01-25T01:45:21.863Z', 'age': 18}, 'phone': '20777534', 'cell': '06615323', 'id': {'name': 'CPR', 'value': '230166-0302'}, 'picture': {'large': 'https://randomuser.me/api/portraits/women/64.jpg', 'medium': 'https://randomuser.me/api/portraits/med/women/64.jpg', 'thumbnail': 'https://randomuser.me/api/portraits/thumb/women/64.jpg'}, 'nat': 'DK'}</msg>
<arg>${json_data['results'][0]}</arg>
<doc>Logs the given message with the given level.</doc>
<status status="PASS" start="2024-06-09T14:13:11.552895" elapsed="0.000420"/>
</kw>
<kw name="Log" owner="BuiltIn">
<msg time="2024-06-09T14:13:11.553757" level="INFO">gender</msg>
<arg>${key}</arg>
<doc>Logs the given message with the given level.</doc>
<status status="PASS" start="2024-06-09T14:13:11.553625" elapsed="0.000171"/>
</kw>
<var name="${key}">gender</var>
<status status="PASS" start="2024-06-09T14:13:11.551968" elapsed="0.002046"/>
</iter>
<iter>
<kw name="Dictionary Should Contain Key" owner="Collections">
<msg time="2024-06-09T14:13:11.554710" level="INFO">False</msg>
<arg>${json_data['results'][0]}</arg>
<arg>${key}</arg>
<doc>Fails if ``key`` is not found from ``dictionary``.</doc>
<status status="PASS" start="2024-06-09T14:13:11.554321" elapsed="0.000428"/>
</kw>
<kw name="Log" owner="BuiltIn">
<msg time="2024-06-09T14:13:11.555441" level="INFO">{'gender': 'female', 'name': {'title': 'Mrs', 'first': 'Signe', 'last': 'Mortensen'}, 'location': {'street': {'number': 8506, 'name': 'Septembervej'}, 'city': 'Gl. Rye', 'state': 'Syddanmark', 'country': 'Denmark', 'postcode': 75657, 'coordinates': {'latitude': '-38.6569', 'longitude': '176.6596'}, 'timezone': {'offset': '+2:00', 'description': 'Kaliningrad, South Africa'}}, 'email': 'signe.mortensen@example.com', 'login': {'uuid': 'd868db3e-b16a-4a45-9c97-7c63a31bcc94', 'username': 'lazyladybug826', 'password': 'moritz', 'salt': 'gxNMtwKV', 'md5': 'aee61cf70657da8514ca0e824461b917', 'sha1': '5b58b6ffdc2274761b20d010fd36c61d9ecbbc21', 'sha256': 'de52be0fa144328b071f01fcc0b55600b278f4cfd58533cbb6749bc6a703c7c2'}, 'dob': {'date': '1966-01-23T23:54:50.927Z', 'age': 58}, 'registered': {'date': '2006-01-25T01:45:21.863Z', 'age': 18}, 'phone': '20777534', 'cell': '06615323', 'id': {'name': 'CPR', 'value': '230166-0302'}, 'picture': {'large': 'https://randomuser.me/api/portraits/women/64.jpg', 'medium': 'https://randomuser.me/api/portraits/med/women/64.jpg', 'thumbnail': 'https://randomuser.me/api/portraits/thumb/women/64.jpg'}, 'nat': 'DK'}</msg>
<arg>${json_data['results'][0]}</arg>
<doc>Logs the given message with the given level.</doc>
<status status="PASS" start="2024-06-09T14:13:11.555081" elapsed="0.000411"/>
</kw>
<kw name="Log" owner="BuiltIn">
<msg time="2024-06-09T14:13:11.555922" level="INFO">name</msg>
<arg>${key}</arg>
<doc>Logs the given message with the given level.</doc>
<status status="PASS" start="2024-06-09T14:13:11.555792" elapsed="0.000168"/>
</kw>
<var name="${key}">name</var>
<status status="PASS" start="2024-06-09T14:13:11.554204" elapsed="0.002013"/>
</iter>
<iter>
<kw name="Dictionary Should Contain Key" owner="Collections">
<msg time="2024-06-09T14:13:11.556894" level="INFO">False</msg>
<arg>${json_data['results'][0]}</arg>
<arg>${key}</arg>
<doc>Fails if ``key`` is not found from ``dictionary``.</doc>
<status status="PASS" start="2024-06-09T14:13:11.556513" elapsed="0.000418"/>
</kw>
<kw name="Log" owner="BuiltIn">
<msg time="2024-06-09T14:13:11.557608" level="INFO">{'gender': 'female', 'name': {'title': 'Mrs', 'first': 'Signe', 'last': 'Mortensen'}, 'location': {'street': {'number': 8506, 'name': 'Septembervej'}, 'city': 'Gl. Rye', 'state': 'Syddanmark', 'country': 'Denmark', 'postcode': 75657, 'coordinates': {'latitude': '-38.6569', 'longitude': '176.6596'}, 'timezone': {'offset': '+2:00', 'description': 'Kaliningrad, South Africa'}}, 'email': 'signe.mortensen@example.com', 'login': {'uuid': 'd868db3e-b16a-4a45-9c97-7c63a31bcc94', 'username': 'lazyladybug826', 'password': 'moritz', 'salt': 'gxNMtwKV', 'md5': 'aee61cf70657da8514ca0e824461b917', 'sha1': '5b58b6ffdc2274761b20d010fd36c61d9ecbbc21', 'sha256': 'de52be0fa144328b071f01fcc0b55600b278f4cfd58533cbb6749bc6a703c7c2'}, 'dob': {'date': '1966-01-23T23:54:50.927Z', 'age': 58}, 'registered': {'date': '2006-01-25T01:45:21.863Z', 'age': 18}, 'phone': '20777534', 'cell': '06615323', 'id': {'name': 'CPR', 'value': '230166-0302'}, 'picture': {'large': 'https://randomuser.me/api/portraits/women/64.jpg', 'medium': 'https://randomuser.me/api/portraits/med/women/64.jpg', 'thumbnail': 'https://randomuser.me/api/portraits/thumb/women/64.jpg'}, 'nat': 'DK'}</msg>
<arg>${json_data['results'][0]}</arg>
<doc>Logs the given message with the given level.</doc>
<status status="PASS" start="2024-06-09T14:13:11.557237" elapsed="0.000420"/>
</kw>
<kw name="Log" owner="BuiltIn">
<msg time="2024-06-09T14:13:11.558086" level="INFO">location</msg>
<arg>${key}</arg>
<doc>Logs the given message with the given level.</doc>
<status status="PASS" start="2024-06-09T14:13:11.557959" elapsed="0.000166"/>
</kw>
<var name="${key}">location</var>
<status status="PASS" start="2024-06-09T14:13:11.556399" elapsed="0.001941"/>
</iter>
<iter>
<kw name="Dictionary Should Contain Key" owner="Collections">
<msg time="2024-06-09T14:13:11.559134" level="INFO">False</msg>
<arg>${json_data['results'][0]}</arg>
<arg>${key}</arg>
<doc>Fails if ``key`` is not found from ``dictionary``.</doc>
<status status="PASS" start="2024-06-09T14:13:11.558627" elapsed="0.000546"/>
</kw>
<kw name="Log" owner="BuiltIn">
<msg time="2024-06-09T14:13:11.559834" level="INFO">{'gender': 'female', 'name': {'title': 'Mrs', 'first': 'Signe', 'last': 'Mortensen'}, 'location': {'street': {'number': 8506, 'name': 'Septembervej'}, 'city': 'Gl. Rye', 'state': 'Syddanmark', 'country': 'Denmark', 'postcode': 75657, 'coordinates': {'latitude': '-38.6569', 'longitude': '176.6596'}, 'timezone': {'offset': '+2:00', 'description': 'Kaliningrad, South Africa'}}, 'email': 'signe.mortensen@example.com', 'login': {'uuid': 'd868db3e-b16a-4a45-9c97-7c63a31bcc94', 'username': 'lazyladybug826', 'password': 'moritz', 'salt': 'gxNMtwKV', 'md5': 'aee61cf70657da8514ca0e824461b917', 'sha1': '5b58b6ffdc2274761b20d010fd36c61d9ecbbc21', 'sha256': 'de52be0fa144328b071f01fcc0b55600b278f4cfd58533cbb6749bc6a703c7c2'}, 'dob': {'date': '1966-01-23T23:54:50.927Z', 'age': 58}, 'registered': {'date': '2006-01-25T01:45:21.863Z', 'age': 18}, 'phone': '20777534', 'cell': '06615323', 'id': {'name': 'CPR', 'value': '230166-0302'}, 'picture': {'large': 'https://randomuser.me/api/portraits/women/64.jpg', 'medium': 'https://randomuser.me/api/portraits/med/women/64.jpg', 'thumbnail': 'https://randomuser.me/api/portraits/thumb/women/64.jpg'}, 'nat': 'DK'}</msg>
<arg>${json_data['results'][0]}</arg>
<doc>Logs the given message with the given level.</doc>
<status status="PASS" start="2024-06-09T14:13:11.559475" elapsed="0.000408"/>
</kw>
<kw name="Log" owner="BuiltIn">
<msg time="2024-06-09T14:13:11.560341" level="INFO">email</msg>
<arg>${key}</arg>
<doc>Logs the given message with the given level.</doc>
<status status="PASS" start="2024-06-09T14:13:11.560212" elapsed="0.000166"/>
</kw>
<var name="${key}">email</var>
<status status="PASS" start="2024-06-09T14:13:11.558516" elapsed="0.002078"/>
</iter>
<iter>
<kw name="Dictionary Should Contain Key" owner="Collections">
<msg time="2024-06-09T14:13:11.561284" level="INFO">False</msg>
<arg>${json_data['results'][0]}</arg>
<arg>${key}</arg>
<doc>Fails if ``key`` is not found from ``dictionary``.</doc>
<status status="PASS" start="2024-06-09T14:13:11.560886" elapsed="0.000437"/>
</kw>
<kw name="Log" owner="BuiltIn">
<msg time="2024-06-09T14:13:11.562006" level="INFO">{'gender': 'female', 'name': {'title': 'Mrs', 'first': 'Signe', 'last': 'Mortensen'}, 'location': {'street': {'number': 8506, 'name': 'Septembervej'}, 'city': 'Gl. Rye', 'state': 'Syddanmark', 'country': 'Denmark', 'postcode': 75657, 'coordinates': {'latitude': '-38.6569', 'longitude': '176.6596'}, 'timezone': {'offset': '+2:00', 'description': 'Kaliningrad, South Africa'}}, 'email': 'signe.mortensen@example.com', 'login': {'uuid': 'd868db3e-b16a-4a45-9c97-7c63a31bcc94', 'username': 'lazyladybug826', 'password': 'moritz', 'salt': 'gxNMtwKV', 'md5': 'aee61cf70657da8514ca0e824461b917', 'sha1': '5b58b6ffdc2274761b20d010fd36c61d9ecbbc21', 'sha256': 'de52be0fa144328b071f01fcc0b55600b278f4cfd58533cbb6749bc6a703c7c2'}, 'dob': {'date': '1966-01-23T23:54:50.927Z', 'age': 58}, 'registered': {'date': '2006-01-25T01:45:21.863Z', 'age': 18}, 'phone': '20777534', 'cell': '06615323', 'id': {'name': 'CPR', 'value': '230166-0302'}, 'picture': {'large': 'https://randomuser.me/api/portraits/women/64.jpg', 'medium': 'https://randomuser.me/api/portraits/med/women/64.jpg', 'thumbnail': 'https://randomuser.me/api/portraits/thumb/women/64.jpg'}, 'nat': 'DK'}</msg>
<arg>${json_data['results'][0]}</arg>
<doc>Logs the given message with the given level.</doc>
<status status="PASS" start="2024-06-09T14:13:11.561629" elapsed="0.000425"/>
</kw>
<kw name="Log" owner="BuiltIn">
<msg time="2024-06-09T14:13:11.562480" level="INFO">login</msg>
<arg>${key}</arg>
<doc>Logs the given message with the given level.</doc>
<status status="PASS" start="2024-06-09T14:13:11.562351" elapsed="0.000167"/>
</kw>
<var name="${key}">login</var>
<status status="PASS" start="2024-06-09T14:13:11.560771" elapsed="0.001990"/>
</iter>
<var>${key}</var>
<value>@{expected_keys}</value>
<status status="PASS" start="2024-06-09T14:13:11.551768" elapsed="0.011123"/>
</for>
<kw name="Create List" owner="BuiltIn">
<msg time="2024-06-09T14:13:11.563231" level="INFO">${expected_keysTwo} = ['username', 'password']</msg>
<var>${expected_keysTwo}</var>
<arg>username</arg>
<arg>password</arg>
<doc>Returns a list containing given items.</doc>
<status status="PASS" start="2024-06-09T14:13:11.563090" elapsed="0.000164"/>
</kw>
<for flavor="IN">
<iter>
<kw name="Dictionary Should Contain Key" owner="Collections">
<msg time="2024-06-09T14:13:11.564187" level="INFO">False</msg>
<arg>${json_data['results'][0]['login']}</arg>
<arg>${keyTwo}</arg>
<doc>Fails if ``key`` is not found from ``dictionary``.</doc>
<status status="PASS" start="2024-06-09T14:13:11.563764" elapsed="0.000461"/>
</kw>
<kw name="Dictionary Should Contain Key" owner="Collections">
<msg time="2024-06-09T14:13:11.564901" level="INFO">False</msg>
<arg>${json_data['results'][0]['login']}</arg>
<arg>${keyTwo}</arg>
<doc>Fails if ``key`` is not found from ``dictionary``.</doc>
<status status="PASS" start="2024-06-09T14:13:11.564522" elapsed="0.000417"/>
</kw>
<kw name="Log" owner="BuiltIn">
<msg time="2024-06-09T14:13:11.565359" level="INFO">username</msg>
<arg>${keyTwo}</arg>
<doc>Logs the given message with the given level.</doc>
<status status="PASS" start="2024-06-09T14:13:11.565232" elapsed="0.000165"/>
</kw>
<var name="${keyTwo}">username</var>
<status status="PASS" start="2024-06-09T14:13:11.563652" elapsed="0.001962"/>
</iter>
<iter>
<kw name="Dictionary Should Contain Key" owner="Collections">
<msg time="2024-06-09T14:13:11.566284" level="INFO">False</msg>
<arg>${json_data['results'][0]['login']}</arg>
<arg>${keyTwo}</arg>
<doc>Fails if ``key`` is not found from ``dictionary``.</doc>
<status status="PASS" start="2024-06-09T14:13:11.565899" elapsed="0.000423"/>
</kw>
<kw name="Dictionary Should Contain Key" owner="Collections">
<msg time="2024-06-09T14:13:11.567002" level="INFO">False</msg>
<arg>${json_data['results'][0]['login']}</arg>
<arg>${keyTwo}</arg>
<doc>Fails if ``key`` is not found from ``dictionary``.</doc>
<status status="PASS" start="2024-06-09T14:13:11.566624" elapsed="0.000415"/>
</kw>
<kw name="Log" owner="BuiltIn">
<msg time="2024-06-09T14:13:11.567461" level="INFO">password</msg>
<arg>${keyTwo}</arg>
<doc>Logs the given message with the given level.</doc>
<status status="PASS" start="2024-06-09T14:13:11.567333" elapsed="0.000166"/>
</kw>
<var name="${keyTwo}">password</var>
<status status="PASS" start="2024-06-09T14:13:11.565788" elapsed="0.001924"/>
</iter>
<var>${keyTwo}</var>
<value>@{expected_keysTwo}</value>
<status status="PASS" start="2024-06-09T14:13:11.563496" elapsed="0.004338"/>
</for>
<status status="PASS" start="2024-06-09T14:13:11.467481" elapsed="0.100515"/>
</kw>
<doc>Testa a estrutura da resposta da API.</doc>
<tag>testeEstruturaResposta</tag>
<status status="PASS" start="2024-06-09T14:13:11.466559" elapsed="0.101613"/>
</test>
<test id="s1-s1-t4" name="Validar tipos de dados" line="28">
<kw name="Teste de Tipos de Dados" owner="random-user-service">
<kw name="GET On Session" owner="RequestsLibrary">
<msg time="2024-06-09T14:13:11.651722" level="INFO">GET Request : url=https://randomuser.me/api 
 path_url=/api 
 headers={'User-Agent': 'python-requests/2.32.3', 'Accept-Encoding': 'gzip, deflate', 'Accept': '*/*', 'Connection': 'keep-alive'} 
 body=None 
 </msg>
<msg time="2024-06-09T14:13:11.651822" level="INFO">GET Response : url=https://randomuser.me/api 
 status=200, reason=OK 
 headers={'Date': 'Sun, 09 Jun 2024 14:13:11 GMT', 'Content-Type': 'application/json; charset=utf-8', 'Transfer-Encoding': 'chunked', 'Connection': 'keep-alive', 'X-Powered-By': 'Express', 'Access-Control-Allow-Origin': '*', 'Cache-Control': 'no-cache', 'ETag': 'W/"492-KwyClpKyl5uvO8u7rzMC1ikoB4M"', 'Vary': 'Accept-Encoding', 'Content-Encoding': 'gzip', 'CF-Cache-Status': 'DYNAMIC', 'Report-To': '{"endpoints":[{"url":"https:\\/\\/a.nel.cloudflare.com\\/report\\/v4?s=Lfr6rpj3Q43dycWaMAKf83OfvK2IOFnz%2Fxx1J9Psz68lYm%2B%2BjWRkKH3DQeYApHumCgcr4rgtfj%2FpbCbYueKYe09MZ1T6mq40YVyr1E8KmQ5PaHxTJU7ye0Hc00zNSCXC"}],"group":"cf-nel","max_age":604800}', 'NEL': '{"success_fraction":0,"report_to":"cf-nel","max_age":604800}', 'Server': 'cloudflare', 'CF-RAY': '8911b88b5a242093-IAD', 'alt-svc': 'h3=":443"; ma=86400'} 
 body={"results":[{"gender":"female","name":{"title":"Mrs","first":"Abbie","last":"Caldwell"},"location":{"street":{"number":4021,"name":"Church Street"},"city":"St Davids","state":"Greater Manchester","country":"United Kingdom","postcode":"CY7H 0YP","coordinates":{"latitude":"-9.8372","longitude":"115.2541"},"timezone":{"offset":"-10:00","description":"Hawaii"}},"email":"abbie.caldwell@example.com","login":{"uuid":"01a162c6-439e-4413-afe1-577b7cf18191","username":"bigfrog529","password":"tarheel","salt":"nK6qgny8","md5":"ee5429237a40401af117fff15a30b758","sha1":"f12a3da6fd206d677174f921146e78428fb9ceae","sha256":"8303db635489af5886d805e67ae2a752879753203589deb672fdd696a5d1012b"},"dob":{"date":"1971-04-25T18:12:42.913Z","age":53},"registered":{"date":"2017-04-05T10:41:24.743Z","age":7},"phone":"016974 67146","cell":"07950 713101","id":{"name":"NINO","value":"RG 75 98 57 S"},"picture":{"large":"https://randomuser.me/api/portraits/women/48.jpg","medium":"https://randomuser.me/api/portraits/med/women/48.jpg","thumbnail":"https://randomuser.me/api/portraits/thumb/women/48.jpg"},"nat":"GB"}],"info":{"seed":"39d1b2d93c1b5abf","results":1,"page":1,"version":"1.4"}} 
 </msg>
<msg time="2024-06-09T14:13:11.651892" level="INFO">/opt/hostedtoolcache/Python/3.12.3/x64/lib/python3.12/site-packages/urllib3/connectionpool.py:1103: InsecureRequestWarning: Unverified HTTPS request is being made to host 'randomuser.me'. Adding certificate verification is strongly advised. See: https://urllib3.readthedocs.io/en/latest/advanced-usage.html#tls-warnings
  warnings.warn(</msg>
<msg time="2024-06-09T14:13:11.652047" level="INFO">${response} = &lt;Response [200]&gt;</msg>
<var>${response}</var>
<arg>consultarAPI</arg>
<arg>/api</arg>
<doc>Sends a GET request on a previously created HTTP Session.</doc>
<status status="PASS" start="2024-06-09T14:13:11.570674" elapsed="0.081417"/>
</kw>
<kw name="Set Variable" owner="BuiltIn">
<msg time="2024-06-09T14:13:11.653124" level="INFO">${json_data} = {'results': [{'gender': 'female', 'name': {'title': 'Mrs', 'first': 'Abbie', 'last': 'Caldwell'}, 'location': {'street': {'number': 4021, 'name': 'Church Street'}, 'city': 'St Davids', 'state': 'Great...</msg>
<var>${json_data}</var>
<arg>${response.json()}</arg>
<doc>Returns the given values which can then be assigned to a variables.</doc>
<status status="PASS" start="2024-06-09T14:13:11.652609" elapsed="0.000544"/>
</kw>
<kw name="Log" owner="BuiltIn">
<msg time="2024-06-09T14:13:11.653629" level="INFO">{'results': [{'gender': 'female', 'name': {'title': 'Mrs', 'first': 'Abbie', 'last': 'Caldwell'}, 'location': {'street': {'number': 4021, 'name': 'Church Street'}, 'city': 'St Davids', 'state': 'Greater Manchester', 'country': 'United Kingdom', 'postcode': 'CY7H 0YP', 'coordinates': {'latitude': '-9.8372', 'longitude': '115.2541'}, 'timezone': {'offset': '-10:00', 'description': 'Hawaii'}}, 'email': 'abbie.caldwell@example.com', 'login': {'uuid': '01a162c6-439e-4413-afe1-577b7cf18191', 'username': 'bigfrog529', 'password': 'tarheel', 'salt': 'nK6qgny8', 'md5': 'ee5429237a40401af117fff15a30b758', 'sha1': 'f12a3da6fd206d677174f921146e78428fb9ceae', 'sha256': '8303db635489af5886d805e67ae2a752879753203589deb672fdd696a5d1012b'}, 'dob': {'date': '1971-04-25T18:12:42.913Z', 'age': 53}, 'registered': {'date': '2017-04-05T10:41:24.743Z', 'age': 7}, 'phone': '016974 67146', 'cell': '07950 713101', 'id': {'name': 'NINO', 'value': 'RG 75 98 57 S'}, 'picture': {'large': 'https://randomuser.me/api/portraits/women/48.jpg', 'medium': 'https://randomuser.me/api/portraits/med/women/48.jpg', 'thumbnail': 'https://randomuser.me/api/portraits/thumb/women/48.jpg'}, 'nat': 'GB'}], 'info': {'seed': '39d1b2d93c1b5abf', 'results': 1, 'page': 1, 'version': '1.4'}}</msg>
<arg>${json_data}</arg>
<doc>Logs the given message with the given level.</doc>
<status status="PASS" start="2024-06-09T14:13:11.653469" elapsed="0.000247"/>
</kw>
<kw name="Should Be String" owner="String">
<arg>${json_data['results'][0]['gender']}</arg>
<doc>Fails if the given ``item`` is not a string.</doc>
<status status="PASS" start="2024-06-09T14:13:11.654018" elapsed="0.000365"/>
</kw>
<kw name="Should Match Regexp" owner="BuiltIn">
<arg>${json_data['results'][0]['email']}</arg>
<arg>^[a-zA-Z0-9._%+-]+@[a-zA-Z0-9.-]+\.[a-zA-Z]{2,}$</arg>
<doc>Fails if ``string`` does not match ``pattern`` as a regular expression.</doc>
<status status="PASS" start="2024-06-09T14:13:11.654578" elapsed="0.000679"/>
</kw>
<kw name="Should Match Regexp" owner="BuiltIn">
<arg>${json_data['results'][0]['dob']['date']}</arg>
<arg>\\d{4}-\\d{2}-\\d{2}T\\d{2}:\\d{2}:\\d{2}\\.\\d{3}Z</arg>
<doc>Fails if ``string`` does not match ``pattern`` as a regular expression.</doc>
<status status="PASS" start="2024-06-09T14:13:11.655477" elapsed="0.000495"/>
</kw>
<kw name="Should Match Regexp" owner="BuiltIn">
<arg>${json_data['results'][0]['registered']['date']}</arg>
<arg>\\d{4}-\\d{2}-\\d{2}T\\d{2}:\\d{2}:\\d{2}\\.\\d{3}Z</arg>
<doc>Fails if ``string`` does not match ``pattern`` as a regular expression.</doc>
<status status="PASS" start="2024-06-09T14:13:11.656212" elapsed="0.000372"/>
</kw>
<kw name="Should Match Regexp" owner="BuiltIn">
<arg>${json_data['results'][0]['picture']['large']}</arg>
<arg>^https?://.*\.(?:png|jpe?g|gif|bmp)$</arg>
<doc>Fails if ``string`` does not match ``pattern`` as a regular expression.</doc>
<status status="PASS" start="2024-06-09T14:13:11.656776" elapsed="0.000497"/>
</kw>
<kw name="Should Match Regexp" owner="BuiltIn">
<arg>${json_data['results'][0]['picture']['medium']}</arg>
<arg>^https?://.*\.(?:png|jpe?g|gif|bmp)$</arg>
<doc>Fails if ``string`` does not match ``pattern`` as a regular expression.</doc>
<status status="PASS" start="2024-06-09T14:13:11.657468" elapsed="0.000359"/>
</kw>
<kw name="Should Match Regexp" owner="BuiltIn">
<arg>${json_data['results'][0]['picture']['thumbnail']}</arg>
<arg>^https?://.*\.(?:png|jpe?g|gif|bmp)$</arg>
<doc>Fails if ``string`` does not match ``pattern`` as a regular expression.</doc>
<status status="PASS" start="2024-06-09T14:13:11.658016" elapsed="0.000347"/>
</kw>
<kw name="Log" owner="BuiltIn">
<msg time="2024-06-09T14:13:11.658905" level="INFO">{'large': 'https://randomuser.me/api/portraits/women/48.jpg', 'medium': 'https://randomuser.me/api/portraits/med/women/48.jpg', 'thumbnail': 'https://randomuser.me/api/portraits/thumb/women/48.jpg'}</msg>
<arg>${json_data['results'][0]['picture']}</arg>
<doc>Logs the given message with the given level.</doc>
<status status="PASS" start="2024-06-09T14:13:11.658561" elapsed="0.000387"/>
</kw>
<status status="PASS" start="2024-06-09T14:13:11.570434" elapsed="0.088779"/>
</kw>
<kw name="Teste de Tipos de Dados - Postcode" owner="random-user-service">
<kw name="GET On Session" owner="RequestsLibrary">
<msg time="2024-06-09T14:13:11.784479" level="INFO">GET Request : url=https://randomuser.me/api 
 path_url=/api 
 headers={'User-Agent': 'python-requests/2.32.3', 'Accept-Encoding': 'gzip, deflate', 'Accept': '*/*', 'Connection': 'keep-alive'} 
 body=None 
 </msg>
<msg time="2024-06-09T14:13:11.784596" level="INFO">GET Response : url=https://randomuser.me/api 
 status=200, reason=OK 
 headers={'Date': 'Sun, 09 Jun 2024 14:13:11 GMT', 'Content-Type': 'application/json; charset=utf-8', 'Transfer-Encoding': 'chunked', 'Connection': 'keep-alive', 'X-Powered-By': 'Express', 'Access-Control-Allow-Origin': '*', 'Cache-Control': 'no-cache', 'ETag': 'W/"484-3opAeFTQJLrNAbaTpollnUaiEBQ"', 'Vary': 'Accept-Encoding', 'Content-Encoding': 'gzip', 'CF-Cache-Status': 'DYNAMIC', 'Report-To': '{"endpoints":[{"url":"https:\\/\\/a.nel.cloudflare.com\\/report\\/v4?s=yDP5uArZCe%2F9d5BSFBUr0DvWlwzlvMYT9l7C8mkaaIqk5GPPCRcK3n%2FckxUgEtNrkpVyi98isGfDJs6jjFA5e%2F9Lvli%2BnDtIw%2BEypV%2BoDnLIrvaKdIYU6BNlNLqvMbH5"}],"group":"cf-nel","max_age":604800}', 'NEL': '{"success_fraction":0,"report_to":"cf-nel","max_age":604800}', 'Server': 'cloudflare', 'CF-RAY': '8911b88beac62093-IAD', 'alt-svc': 'h3=":443"; ma=86400'} 
 body={"results":[{"gender":"male","name":{"title":"Mr","first":"Levi","last":"Green"},"location":{"street":{"number":496,"name":"Green Rd"},"city":"Darwin","state":"South Australia","country":"Australia","postcode":889,"coordinates":{"latitude":"-81.6234","longitude":"-51.7175"},"timezone":{"offset":"+9:00","description":"Tokyo, Seoul, Osaka, Sapporo, Yakutsk"}},"email":"levi.green@example.com","login":{"uuid":"a5e05486-5b07-4439-901b-108847a48fe7","username":"bigpeacock209","password":"2469","salt":"vTaDrmJu","md5":"b99c504e05136466e300f463e26765dc","sha1":"1cc7d75e84f42f4877f3f94590188244fbfc2d94","sha256":"acfd5f3fc01e425d0fee5d9490776f9e5298dbd7ce0746cee327ab763af68779"},"dob":{"date":"1947-11-29T02:28:13.390Z","age":76},"registered":{"date":"2012-09-29T23:58:05.097Z","age":11},"phone":"02-4625-9941","cell":"0478-749-033","id":{"name":"TFN","value":"727653755"},"picture":{"large":"https://randomuser.me/api/portraits/men/52.jpg","medium":"https://randomuser.me/api/portraits/med/men/52.jpg","thumbnail":"https://randomuser.me/api/portraits/thumb/men/52.jpg"},"nat":"AU"}],"info":{"seed":"6b2554b54ebd77a8","results":1,"page":1,"version":"1.4"}} 
 </msg>
<msg time="2024-06-09T14:13:11.784679" level="INFO">/opt/hostedtoolcache/Python/3.12.3/x64/lib/python3.12/site-packages/urllib3/connectionpool.py:1103: InsecureRequestWarning: Unverified HTTPS request is being made to host 'randomuser.me'. Adding certificate verification is strongly advised. See: https://urllib3.readthedocs.io/en/latest/advanced-usage.html#tls-warnings
  warnings.warn(</msg>
<msg time="2024-06-09T14:13:11.784826" level="INFO">${response} = &lt;Response [200]&gt;</msg>
<var>${response}</var>
<arg>consultarAPI</arg>
<arg>/api</arg>
<doc>Sends a GET request on a previously created HTTP Session.</doc>
<status status="PASS" start="2024-06-09T14:13:11.659689" elapsed="0.125187"/>
</kw>
<kw name="Set Variable" owner="BuiltIn">
<msg time="2024-06-09T14:13:11.785965" level="INFO">${json_data} = {'results': [{'gender': 'male', 'name': {'title': 'Mr', 'first': 'Levi', 'last': 'Green'}, 'location': {'street': {'number': 496, 'name': 'Green Rd'}, 'city': 'Darwin', 'state': 'South Australia', 'co...</msg>
<var>${json_data}</var>
<arg>${response.json()}</arg>
<doc>Returns the given values which can then be assigned to a variables.</doc>
<status status="PASS" start="2024-06-09T14:13:11.785429" elapsed="0.000565"/>
</kw>
<kw name="Log" owner="BuiltIn">
<msg time="2024-06-09T14:13:11.786485" level="INFO">{'results': [{'gender': 'male', 'name': {'title': 'Mr', 'first': 'Levi', 'last': 'Green'}, 'location': {'street': {'number': 496, 'name': 'Green Rd'}, 'city': 'Darwin', 'state': 'South Australia', 'country': 'Australia', 'postcode': 889, 'coordinates': {'latitude': '-81.6234', 'longitude': '-51.7175'}, 'timezone': {'offset': '+9:00', 'description': 'Tokyo, Seoul, Osaka, Sapporo, Yakutsk'}}, 'email': 'levi.green@example.com', 'login': {'uuid': 'a5e05486-5b07-4439-901b-108847a48fe7', 'username': 'bigpeacock209', 'password': '2469', 'salt': 'vTaDrmJu', 'md5': 'b99c504e05136466e300f463e26765dc', 'sha1': '1cc7d75e84f42f4877f3f94590188244fbfc2d94', 'sha256': 'acfd5f3fc01e425d0fee5d9490776f9e5298dbd7ce0746cee327ab763af68779'}, 'dob': {'date': '1947-11-29T02:28:13.390Z', 'age': 76}, 'registered': {'date': '2012-09-29T23:58:05.097Z', 'age': 11}, 'phone': '02-4625-9941', 'cell': '0478-749-033', 'id': {'name': 'TFN', 'value': '727653755'}, 'picture': {'large': 'https://randomuser.me/api/portraits/men/52.jpg', 'medium': 'https://randomuser.me/api/portraits/med/men/52.jpg', 'thumbnail': 'https://randomuser.me/api/portraits/thumb/men/52.jpg'}, 'nat': 'AU'}], 'info': {'seed': '6b2554b54ebd77a8', 'results': 1, 'page': 1, 'version': '1.4'}}</msg>
<arg>${json_data}</arg>
<doc>Logs the given message with the given level.</doc>
<status status="PASS" start="2024-06-09T14:13:11.786324" elapsed="0.000244"/>
</kw>
<kw name="Should Be Equal As Numbers" owner="BuiltIn">
<arg>${json_data['results'][0]['location']['postcode']}</arg>
<arg>${json_data['results'][0]['location']['postcode']}</arg>
<doc>Fails if objects are unequal after converting them to real numbers.</doc>
<status status="PASS" start="2024-06-09T14:13:11.786885" elapsed="0.000632"/>
</kw>
<kw name="Log" owner="BuiltIn">
<msg time="2024-06-09T14:13:11.788090" level="INFO">889</msg>
<arg>${json_data['results'][0]['location']['postcode']}</arg>
<doc>Logs the given message with the given level.</doc>
<status status="PASS" start="2024-06-09T14:13:11.787718" elapsed="0.000415"/>
</kw>
<status status="PASS" start="2024-06-09T14:13:11.659446" elapsed="0.128952"/>
</kw>
<doc>Testa se os tipos de dados na resposta da API estão corretos.</doc>
<tag>testeTiposDados</tag>
<status status="PASS" start="2024-06-09T14:13:11.569924" elapsed="0.218650"/>
</test>
<test id="s1-s1-t5" name="Validar conteudo" line="35">
<kw name="Teste de Tipos de Conteudo" owner="random-user-service">
<kw name="GET On Session" owner="RequestsLibrary">
<msg time="2024-06-09T14:13:12.145779" level="INFO">GET Request : url=https://randomuser.me/api 
 path_url=/api 
 headers={'User-Agent': 'python-requests/2.32.3', 'Accept-Encoding': 'gzip, deflate', 'Accept': '*/*', 'Connection': 'keep-alive'} 
 body=None 
 </msg>
<msg time="2024-06-09T14:13:12.145881" level="INFO">GET Response : url=https://randomuser.me/api 
 status=200, reason=OK 
 headers={'Date': 'Sun, 09 Jun 2024 14:13:12 GMT', 'Content-Type': 'application/json; charset=utf-8', 'Transfer-Encoding': 'chunked', 'Connection': 'keep-alive', 'X-Powered-By': 'Express', 'Access-Control-Allow-Origin': '*', 'Cache-Control': 'no-cache', 'ETag': 'W/"46b-z4MiRXybEJ4yjMbqhoQP9QgBz7s"', 'Vary': 'Accept-Encoding', 'Content-Encoding': 'gzip', 'CF-Cache-Status': 'DYNAMIC', 'Report-To': '{"endpoints":[{"url":"https:\\/\\/a.nel.cloudflare.com\\/report\\/v4?s=JJfHFKNtMKs1mzHzaK3aJHKB1Vz7SwVfafdJaHGcOZOQTKpb1Zz0EHNwSykdUZLHRC6jjcIMmIMSVNWRuOPF0W5ohhGR3E%2FY7I5wERynme9l5DQ0iL5Wzq7%2BczU0kbUF"}],"group":"cf-nel","max_age":604800}', 'NEL': '{"success_fraction":0,"report_to":"cf-nel","max_age":604800}', 'Server': 'cloudflare', 'CF-RAY': '8911b88cbba32093-IAD', 'alt-svc': 'h3=":443"; ma=86400'} 
 body={"results":[{"gender":"male","name":{"title":"Mr","first":"Batur","last":"Sepetçi"},"location":{"street":{"number":5641,"name":"Necatibey Cd"},"city":"Isparta","state":"Gümüşhane","country":"Turkey","postcode":16159,"coordinates":{"latitude":"71.8673","longitude":"-26.1409"},"timezone":{"offset":"-10:00","description":"Hawaii"}},"email":"batur.sepetci@example.com","login":{"uuid":"1b198651-4e1d-45e7-a5de-d753a5da137f","username":"smalltiger846","password":"ernesto","salt":"q3eYu5Ex","md5":"57181c9b6e22e2fdf8947fae68da372d","sha1":"8f768d216cdb22ed7ad2bca0084d800fa586b002","sha256":"485b2e28f82faf5af85658ba03111e99772cd01489fd5b757adc41d461e65be5"},"dob":{"date":"1969-10-17T08:13:07.935Z","age":54},"registered":{"date":"2008-09-19T19:54:18.914Z","age":15},"phone":"(638)-602-4970","cell":"(702)-224-8958","id":{"name":"","value":null},"picture":{"large":"https://randomuser.me/api/portraits/men/19.jpg","medium":"https://randomuser.me/api/portraits/med/men/19.jpg","thumbnail":"https://randomuser.me/api/portraits/thumb/men/19.jpg"},"nat":"TR"}],"info":{"seed":"76cae7e5390fd91e","results":1,"page":1,"version":"1.4"}} 
 </msg>
<msg time="2024-06-09T14:13:12.145955" level="INFO">/opt/hostedtoolcache/Python/3.12.3/x64/lib/python3.12/site-packages/urllib3/connectionpool.py:1103: InsecureRequestWarning: Unverified HTTPS request is being made to host 'randomuser.me'. Adding certificate verification is strongly advised. See: https://urllib3.readthedocs.io/en/latest/advanced-usage.html#tls-warnings
  warnings.warn(</msg>
<msg time="2024-06-09T14:13:12.146085" level="INFO">${response} = &lt;Response [200]&gt;</msg>
<var>${response}</var>
<arg>consultarAPI</arg>
<arg>/api</arg>
<doc>Sends a GET request on a previously created HTTP Session.</doc>
<status status="PASS" start="2024-06-09T14:13:11.791721" elapsed="0.354409"/>
</kw>
<kw name="Set Variable" owner="BuiltIn">
<msg time="2024-06-09T14:13:12.147225" level="INFO">${json_data} = {'results': [{'gender': 'male', 'name': {'title': 'Mr', 'first': 'Batur', 'last': 'Sepetçi'}, 'location': {'street': {'number': 5641, 'name': 'Necatibey Cd'}, 'city': 'Isparta', 'state': 'Gümüşhane', ...</msg>
<var>${json_data}</var>
<arg>${response.json()}</arg>
<doc>Returns the given values which can then be assigned to a variables.</doc>
<status status="PASS" start="2024-06-09T14:13:12.146687" elapsed="0.000570"/>
</kw>
<kw name="Set Variable" owner="BuiltIn">
<msg time="2024-06-09T14:13:12.148038" level="INFO">${name_title} = Mr</msg>
<var>${name_title}</var>
<arg>${json_data["results"][0]["name"]["title"]}</arg>
<doc>Returns the given values which can then be assigned to a variables.</doc>
<status status="PASS" start="2024-06-09T14:13:12.147589" elapsed="0.000478"/>
</kw>
<kw name="Create List" owner="BuiltIn">
<msg time="2024-06-09T14:13:12.148541" level="INFO">${allowed_titles} = ['Mr', 'Ms', 'Miss', 'Mrs', 'Madame', 'Monsieur']</msg>
<var>${allowed_titles}</var>
<arg>Mr</arg>
<arg>Ms</arg>
<arg>Miss</arg>
<arg>Mrs</arg>
<arg>Madame</arg>
<arg>Monsieur</arg>
<doc>Returns a list containing given items.</doc>
<status status="PASS" start="2024-06-09T14:13:12.148389" elapsed="0.000177"/>
</kw>
<kw name="List Should Contain Value" owner="Collections">
<msg time="2024-06-09T14:13:12.149055" level="INFO">False</msg>
<arg>${allowed_titles}</arg>
<arg>${name_title}</arg>
<doc>Fails if the ``value`` is not found from ``list``.</doc>
<status status="PASS" start="2024-06-09T14:13:12.148877" elapsed="0.000216"/>
</kw>
<kw name="Set Variable" owner="BuiltIn">
<msg time="2024-06-09T14:13:12.149962" level="INFO">${name_country} = TR</msg>
<var>${name_country}</var>
<arg>${json_data["results"][0]["nat"]}</arg>
<doc>Returns the given values which can then be assigned to a variables.</doc>
<status status="PASS" start="2024-06-09T14:13:12.149393" elapsed="0.000596"/>
</kw>
<kw name="Create List" owner="BuiltIn">
<msg time="2024-06-09T14:13:12.150910" level="INFO">${list_country} = ['AD', 'AE', 'AF', 'AG', 'AI', 'AL', 'AM', 'AO', 'AQ', 'AR', 'AS', 'AT', 'AU', 'AW', 'AX', 'AZ', 'BA', 'BB', 'BD', 'BE', 'BF', 'BG', 'BH', 'BI', 'BJ', 'BL', 'BM', 'BN', 'BO', 'BQ', 'BR', 'BS', 'BT', '...</msg>
<var>${list_country}</var>
<arg>AD</arg>
<arg>AE</arg>
<arg>AF</arg>
<arg>AG</arg>
<arg>AI</arg>
<arg>AL</arg>
<arg>AM</arg>
<arg>AO</arg>
<arg>AQ</arg>
<arg>AR</arg>
<arg>AS</arg>
<arg>AT</arg>
<arg>AU</arg>
<arg>AW</arg>
<arg>AX</arg>
<arg>AZ</arg>
<arg>BA</arg>
<arg>BB</arg>
<arg>BD</arg>
<arg>BE</arg>
<arg>BF</arg>
<arg>BG</arg>
<arg>BH</arg>
<arg>BI</arg>
<arg>BJ</arg>
<arg>BL</arg>
<arg>BM</arg>
<arg>BN</arg>
<arg>BO</arg>
<arg>BQ</arg>
<arg>BR</arg>
<arg>BS</arg>
<arg>BT</arg>
<arg>BV</arg>
<arg>BW</arg>
<arg>BY</arg>
<arg>BZ</arg>
<arg>CA</arg>
<arg>CC</arg>
<arg>CD</arg>
<arg>CF</arg>
<arg>CG</arg>
<arg>CH</arg>
<arg>CI</arg>
<arg>CK</arg>
<arg>CL</arg>
<arg>CM</arg>
<arg>CN</arg>
<arg>CO</arg>
<arg>CR</arg>
<arg>CU</arg>
<arg>CV</arg>
<arg>CW</arg>
<arg>CX</arg>
<arg>CY</arg>
<arg>CZ</arg>
<arg>DE</arg>
<arg>DJ</arg>
<arg>DK</arg>
<arg>DM</arg>
<arg>DO</arg>
<arg>DZ</arg>
<arg>EC</arg>
<arg>EE</arg>
<arg>EG</arg>
<arg>EH</arg>
<arg>ER</arg>
<arg>ES</arg>
<arg>ET</arg>
<arg>FI</arg>
<arg>FJ</arg>
<arg>FK</arg>
<arg>FM</arg>
<arg>FO</arg>
<arg>FR</arg>
<arg>GA</arg>
<arg>GB</arg>
<arg>GD</arg>
<arg>GE</arg>
<arg>GF</arg>
<arg>GG</arg>
<arg>GH</arg>
<arg>GI</arg>
<arg>GL</arg>
<arg>GM</arg>
<arg>GN</arg>
<arg>GP</arg>
<arg>GQ</arg>
<arg>GR</arg>
<arg>GS</arg>
<arg>GT</arg>
<arg>GU</arg>
<arg>GW</arg>
<arg>GY</arg>
<arg>HK</arg>
<arg>HM</arg>
<arg>HN</arg>
<arg>HR</arg>
<arg>HT</arg>
<arg>HU</arg>
<arg>ID</arg>
<arg>IE</arg>
<arg>IL</arg>
<arg>IM</arg>
<arg>IN</arg>
<arg>IO</arg>
<arg>IQ</arg>
<arg>IR</arg>
<arg>IS</arg>
<arg>IT</arg>
<arg>JE</arg>
<arg>JM</arg>
<arg>JO</arg>
<arg>JP</arg>
<arg>KE</arg>
<arg>KG</arg>
<arg>KH</arg>
<arg>KI</arg>
<arg>KM</arg>
<arg>KN</arg>
<arg>KP</arg>
<arg>KR</arg>
<arg>KW</arg>
<arg>KY</arg>
<arg>KZ</arg>
<arg>LA</arg>
<arg>LB</arg>
<arg>LC</arg>
<arg>LI</arg>
<arg>LK</arg>
<arg>LR</arg>
<arg>LS</arg>
<arg>LT</arg>
<arg>LU</arg>
<arg>LV</arg>
<arg>LY</arg>
<arg>MA</arg>
<arg>MC</arg>
<arg>MD</arg>
<arg>ME</arg>
<arg>MF</arg>
<arg>MG</arg>
<arg>MH</arg>
<arg>MK</arg>
<arg>ML</arg>
<arg>MM</arg>
<arg>MN</arg>
<arg>MO</arg>
<arg>MP</arg>
<arg>MQ</arg>
<arg>MR</arg>
<arg>MS</arg>
<arg>MT</arg>
<arg>MU</arg>
<arg>MV</arg>
<arg>MW</arg>
<arg>MX</arg>
<arg>MY</arg>
<arg>MZ</arg>
<arg>NA</arg>
<arg>NC</arg>
<arg>NE</arg>
<arg>NF</arg>
<arg>NG</arg>
<arg>NI</arg>
<arg>NL</arg>
<arg>NO</arg>
<arg>NP</arg>
<arg>NR</arg>
<arg>NU</arg>
<arg>NZ</arg>
<arg>OM</arg>
<arg>PA</arg>
<arg>PE</arg>
<arg>PF</arg>
<arg>PG</arg>
<arg>PH</arg>
<arg>PK</arg>
<arg>PL</arg>
<arg>PM</arg>
<arg>PN</arg>
<arg>PR</arg>
<arg>PS</arg>
<arg>PT</arg>
<arg>PW</arg>
<arg>PY</arg>
<arg>QA</arg>
<arg>RE</arg>
<arg>RO</arg>
<arg>RS</arg>
<arg>RU</arg>
<arg>RW</arg>
<arg>SA</arg>
<arg>SB</arg>
<arg>SC</arg>
<arg>SD</arg>
<arg>SE</arg>
<arg>SG</arg>
<arg>SH</arg>
<arg>SI</arg>
<arg>SJ</arg>
<arg>SK</arg>
<arg>SL</arg>
<arg>SM</arg>
<arg>SN</arg>
<arg>SO</arg>
<arg>SR</arg>
<arg>SS</arg>
<arg>ST</arg>
<arg>SV</arg>
<arg>SX</arg>
<arg>SY</arg>
<arg>SZ</arg>
<arg>TC</arg>
<arg>TD</arg>
<arg>TF</arg>
<arg>TG</arg>
<arg>TH</arg>
<arg>TJ</arg>
<arg>TK</arg>
<arg>TL</arg>
<arg>TM</arg>
<arg>TN</arg>
<arg>TO</arg>
<arg>TR</arg>
<arg>TT</arg>
<arg>TV</arg>
<arg>TW</arg>
<arg>TZ</arg>
<arg>UA</arg>
<arg>UG</arg>
<arg>UM</arg>
<arg>US</arg>
<arg>UY</arg>
<arg>UZ</arg>
<arg>VA</arg>
<arg>VC</arg>
<arg>VE</arg>
<arg>VG</arg>
<arg>VI</arg>
<arg>VN</arg>
<arg>VU</arg>
<arg>WF</arg>
<arg>WS</arg>
<arg>XK</arg>
<arg>YE</arg>
<arg>YT</arg>
<arg>ZA</arg>
<arg>ZM</arg>
<arg>ZW</arg>
<doc>Returns a list containing given items.</doc>
<status status="PASS" start="2024-06-09T14:13:12.150301" elapsed="0.000636"/>
</kw>
<kw name="List Should Contain Value" owner="Collections">
<msg time="2024-06-09T14:13:12.151941" level="INFO">False</msg>
<arg>${list_country}</arg>
<arg>${name_country}</arg>
<doc>Fails if the ``value`` is not found from ``list``.</doc>
<status status="PASS" start="2024-06-09T14:13:12.151735" elapsed="0.000266"/>
</kw>
<kw name="Run Keyword If" owner="BuiltIn">
<kw name="Should Be True" owner="BuiltIn">
<arg>${True}</arg>
<doc>Fails if the given condition is not true.</doc>
<status status="PASS" start="2024-06-09T14:13:12.153081" elapsed="0.000145"/>
</kw>
<arg>${json_data["results"][0]["location"]["coordinates"]["latitude"]} &gt;= -90 and ${json_data["results"][0]["location"]["coordinates"]["latitude"]} &lt;= 90</arg>
<arg>Should Be True</arg>
<arg>${True}</arg>
<doc>Runs the given keyword with the given arguments, if ``condition`` is true.</doc>
<status status="PASS" start="2024-06-09T14:13:12.152331" elapsed="0.001023"/>
</kw>
<kw name="Run Keyword If" owner="BuiltIn">
<kw name="Should Be True" owner="BuiltIn">
<arg>${True}</arg>
<doc>Fails if the given condition is not true.</doc>
<status status="PASS" start="2024-06-09T14:13:12.154243" elapsed="0.000136"/>
</kw>
<arg>${json_data["results"][0]["location"]["coordinates"]["longitude"]} &gt;= -180 and ${json_data["results"][0]["location"]["coordinates"]["longitude"]} &lt;= 180</arg>
<arg>Should Be True</arg>
<arg>${True}</arg>
<doc>Runs the given keyword with the given arguments, if ``condition`` is true.</doc>
<status status="PASS" start="2024-06-09T14:13:12.153546" elapsed="0.000954"/>
</kw>
<status status="PASS" start="2024-06-09T14:13:11.791242" elapsed="0.363387"/>
</kw>
<doc>Testa o conteúdo específico dos campos retornados pela API.</doc>
<tag>testeConteudo</tag>
<status status="PASS" start="2024-06-09T14:13:11.790413" elapsed="0.364372"/>
</test>
<status status="PASS" start="2024-06-09T14:13:11.004479" elapsed="1.152307"/>
</suite>
<status status="PASS" start="2024-06-09T14:13:10.990242" elapsed="1.171905"/>
</suite>
<statistics>
<total>
<stat pass="5" fail="0" skip="0">All Tests</stat>
</total>
<tag>
<stat pass="1" fail="0" skip="0">testeConteudo</stat>
<stat pass="1" fail="0" skip="0">testeEstruturaResposta</stat>
<stat pass="1" fail="0" skip="0">testeRequisicaoBasica</stat>
<stat pass="1" fail="0" skip="0">testeTiposDados</stat>
</tag>
<suite>
<stat pass="5" fail="0" skip="0" id="s1" name="Tests">Tests</stat>
<stat pass="5" fail="0" skip="0" id="s1-s1" name="Random-User-Test">Tests.Random-User-Test</stat>
</suite>
</statistics>
<errors>
</errors>
</robot>
