<?xml version="1.0" encoding="UTF-8"?>
<robot generator="Robot 7.0.1 (Python 3.12.4 on linux)" generated="2024-06-20T07:14:14.629266" rpa="false" schemaversion="5">
<suite id="s1" name="Tests" source="/home/runner/work/ApiRandomUser/ApiRandomUser/RamdonUser/tests">
<suite id="s1-s1" name="Random-User-Test" source="/home/runner/work/ApiRandomUser/ApiRandomUser/RamdonUser/tests/random-user-test.robot">
<test id="s1-s1-t1" name="Conectar" line="13">
<kw name="Conectar API" owner="random-user-service">
<kw name="Create Session" owner="RequestsLibrary">
<msg time="2024-06-20T07:14:15.052471" level="INFO">Creating Session using : alias=consultarAPI, url=https://randomuser.me/, headers={},                     cookies={}, auth=None, timeout=None, proxies=None, verify=False,                     debug=0 </msg>
<arg>consultarAPI</arg>
<arg>${URL}</arg>
<doc>Create Session: create a HTTP session to a server</doc>
<status status="PASS" start="2024-06-20T07:14:15.052257" elapsed="0.000404"/>
</kw>
<status status="PASS" start="2024-06-20T07:14:15.051216" elapsed="0.001820"/>
</kw>
<status status="PASS" start="2024-06-20T07:14:15.050568" elapsed="0.002659"/>
</test>
<test id="s1-s1-t2" name="Validar retorno 200 e JSON Válido" line="16">
<kw name="Teste de Requisicao Basica" owner="random-user-service">
<kw name="GET On Session" owner="RequestsLibrary">
<msg time="2024-06-20T07:14:15.230122" level="INFO">GET Request : url=https://randomuser.me/api 
 path_url=/api 
 headers={'User-Agent': 'python-requests/2.32.3', 'Accept-Encoding': 'gzip, deflate', 'Accept': '*/*', 'Connection': 'keep-alive'} 
 body=None 
 </msg>
<msg time="2024-06-20T07:14:15.230279" level="INFO">GET Response : url=https://randomuser.me/api 
 status=200, reason=OK 
 headers={'Date': 'Thu, 20 Jun 2024 07:14:15 GMT', 'Content-Type': 'application/json; charset=utf-8', 'Transfer-Encoding': 'chunked', 'Connection': 'keep-alive', 'X-Powered-By': 'Express', 'Access-Control-Allow-Origin': '*', 'Cache-Control': 'no-cache', 'ETag': 'W/"47f-Z91uJ2IOzmPp7NUhRShDft2WmzY"', 'Vary': 'Accept-Encoding', 'Content-Encoding': 'gzip', 'CF-Cache-Status': 'DYNAMIC', 'Report-To': '{"endpoints":[{"url":"https:\\/\\/a.nel.cloudflare.com\\/report\\/v4?s=eUdhfukvmIP2HDGK7STsQAwi2IdVx439B2RhVm90tNWX%2F5Bg%2B0rCA9XRTNWncG4Wr%2Fzx5XMxjKYywrT3AX1W9uZ7W3pDFF8WjgW5K%2FVTU1bMcXaUrR70vbh2J4sAjMVw"}],"group":"cf-nel","max_age":604800}', 'NEL': '{"success_fraction":0,"report_to":"cf-nel","max_age":604800}', 'Server': 'cloudflare', 'CF-RAY': '8969f5fc4de51060-ORD', 'alt-svc': 'h3=":443"; ma=86400'} 
 body={"results":[{"gender":"male","name":{"title":"Mr","first":"Petter","last":"Lauritzen"},"location":{"street":{"number":4315,"name":"Malerhaugveien"},"city":"Askvoll","state":"Telemark","country":"Norway","postcode":"6433","coordinates":{"latitude":"42.0654","longitude":"-75.6310"},"timezone":{"offset":"+7:00","description":"Bangkok, Hanoi, Jakarta"}},"email":"petter.lauritzen@example.com","login":{"uuid":"c7d680c0-cde3-4292-9545-c87a05e8d25d","username":"goldengoose794","password":"fender1","salt":"VY3mjJku","md5":"a6c997c0399aa12434866a7acc856e06","sha1":"ec42fd5fa374d067e771e5f4233a464c7798dcf6","sha256":"e3fa5c175138f76cbedc9c38b0ecc4cc8584fa5c7dea49f2120f7203aaf3409b"},"dob":{"date":"1973-02-26T22:46:09.363Z","age":51},"registered":{"date":"2011-05-21T20:02:09.982Z","age":13},"phone":"23858138","cell":"92773928","id":{"name":"FN","value":"26027311791"},"picture":{"large":"https://randomuser.me/api/portraits/men/63.jpg","medium":"https://randomuser.me/api/portraits/med/men/63.jpg","thumbnail":"https://randomuser.me/api/portraits/thumb/men/63.jpg"},"nat":"NO"}],"info":{"seed":"b647c612d2c9ac12","results":1,"page":1,"version":"1.4"}} 
 </msg>
<msg time="2024-06-20T07:14:15.230362" level="INFO">/opt/hostedtoolcache/Python/3.12.4/x64/lib/python3.12/site-packages/urllib3/connectionpool.py:1099: InsecureRequestWarning: Unverified HTTPS request is being made to host 'randomuser.me'. Adding certificate verification is strongly advised. See: https://urllib3.readthedocs.io/en/latest/advanced-usage.html#tls-warnings
  warnings.warn(</msg>
<msg time="2024-06-20T07:14:15.230524" level="INFO">${response} = &lt;Response [200]&gt;</msg>
<var>${response}</var>
<arg>consultarAPI</arg>
<arg>/api</arg>
<doc>Sends a GET request on a previously created HTTP Session.</doc>
<status status="PASS" start="2024-06-20T07:14:15.055891" elapsed="0.174677"/>
</kw>
<kw name="Should Be Equal As Numbers" owner="BuiltIn">
<msg time="2024-06-20T07:14:15.231587" level="INFO">Argument types are:
&lt;class 'int'&gt;
&lt;class 'str'&gt;</msg>
<arg>${response.status_code}</arg>
<arg>200</arg>
<doc>Fails if objects are unequal after converting them to real numbers.</doc>
<status status="PASS" start="2024-06-20T07:14:15.231130" elapsed="0.000528"/>
</kw>
<kw name="Log" owner="BuiltIn">
<msg time="2024-06-20T07:14:15.232350" level="INFO">200</msg>
<arg>${response.status_code}</arg>
<doc>Logs the given message with the given level.</doc>
<status status="PASS" start="2024-06-20T07:14:15.231974" elapsed="0.000419"/>
</kw>
<kw name="Set Variable" owner="BuiltIn">
<msg time="2024-06-20T07:14:15.233153" level="INFO">${json_data} = {'results': [{'gender': 'male', 'name': {'title': 'Mr', 'first': 'Petter', 'last': 'Lauritzen'}, 'location': {'street': {'number': 4315, 'name': 'Malerhaugveien'}, 'city': 'Askvoll', 'state': 'Telemar...</msg>
<var>${json_data}</var>
<arg>${response.json()}</arg>
<doc>Returns the given values which can then be assigned to a variables.</doc>
<status status="PASS" start="2024-06-20T07:14:15.232696" elapsed="0.000487"/>
</kw>
<kw name="Dictionary Should Contain Key" owner="Collections">
<arg>${json_data}</arg>
<arg>results</arg>
<doc>Fails if ``key`` is not found from ``dictionary``.</doc>
<status status="PASS" start="2024-06-20T07:14:15.233480" elapsed="0.000170"/>
</kw>
<status status="PASS" start="2024-06-20T07:14:15.055644" elapsed="0.178157"/>
</kw>
<doc>Testa se a API responde corretamente e retorna um objeto JSON válido.</doc>
<tag>testeRequisicaoBasica</tag>
<status status="PASS" start="2024-06-20T07:14:15.055110" elapsed="0.178873"/>
</test>
<test id="s1-s1-t3" name="Validar estrutura de resposta" line="22">
<kw name="Teste de Estrutura de Resposta" owner="random-user-service">
<kw name="GET On Session" owner="RequestsLibrary">
<msg time="2024-06-20T07:14:15.349926" level="INFO">GET Request : url=https://randomuser.me/api 
 path_url=/api 
 headers={'User-Agent': 'python-requests/2.32.3', 'Accept-Encoding': 'gzip, deflate', 'Accept': '*/*', 'Connection': 'keep-alive'} 
 body=None 
 </msg>
<msg time="2024-06-20T07:14:15.350030" level="INFO">GET Response : url=https://randomuser.me/api 
 status=200, reason=OK 
 headers={'Date': 'Thu, 20 Jun 2024 07:14:15 GMT', 'Content-Type': 'application/json; charset=utf-8', 'Transfer-Encoding': 'chunked', 'Connection': 'keep-alive', 'X-Powered-By': 'Express', 'Access-Control-Allow-Origin': '*', 'Cache-Control': 'no-cache', 'ETag': 'W/"495-xm1ObWTFxTnx9VWyARI/H8DEg1Q"', 'Vary': 'Accept-Encoding', 'Content-Encoding': 'gzip', 'CF-Cache-Status': 'DYNAMIC', 'Report-To': '{"endpoints":[{"url":"https:\\/\\/a.nel.cloudflare.com\\/report\\/v4?s=H%2FlaS63AdVDfhrDpODPHLUFZT%2BQ3rZNe4TD%2B5rIiD7T8LNFhcPERA%2FFpOCxuHv%2BxkX1Qs72jrlxWEU7gakTPGC2AVNN%2FcFYYheQEmhymHwj%2F%2BVbqWeCSdK4Jh2imtfET"}],"group":"cf-nel","max_age":604800}', 'NEL': '{"success_fraction":0,"report_to":"cf-nel","max_age":604800}', 'Server': 'cloudflare', 'CF-RAY': '8969f5fd3ec31060-ORD', 'alt-svc': 'h3=":443"; ma=86400'} 
 body={"results":[{"gender":"female","name":{"title":"Miss","first":"Isabelle","last":"Lewis"},"location":{"street":{"number":625,"name":"Hanover Street"},"city":"Taupo","state":"Auckland","country":"New Zealand","postcode":25960,"coordinates":{"latitude":"49.6466","longitude":"23.7324"},"timezone":{"offset":"+9:00","description":"Tokyo, Seoul, Osaka, Sapporo, Yakutsk"}},"email":"isabelle.lewis@example.com","login":{"uuid":"771d05b0-2904-4994-ac58-fa185d3130ae","username":"orangezebra664","password":"einstein","salt":"LdqLIrzV","md5":"fb1700e21964500006629d9d41cc1f92","sha1":"f9559df03cc5c367b783606a112496c7c1444092","sha256":"2502c476406df4aaf7f19ecc8c3bbf9bc1b59b4ae96fdf4a7766dc33605abbb4"},"dob":{"date":"1948-09-08T08:10:32.500Z","age":75},"registered":{"date":"2012-09-07T05:41:12.152Z","age":11},"phone":"(811)-206-9786","cell":"(528)-176-8174","id":{"name":"","value":null},"picture":{"large":"https://randomuser.me/api/portraits/women/33.jpg","medium":"https://randomuser.me/api/portraits/med/women/33.jpg","thumbnail":"https://randomuser.me/api/portraits/thumb/women/33.jpg"},"nat":"NZ"}],"info":{"seed":"f2ced93f25490d68","results":1,"page":1,"version":"1.4"}} 
 </msg>
<msg time="2024-06-20T07:14:15.350155" level="INFO">/opt/hostedtoolcache/Python/3.12.4/x64/lib/python3.12/site-packages/urllib3/connectionpool.py:1099: InsecureRequestWarning: Unverified HTTPS request is being made to host 'randomuser.me'. Adding certificate verification is strongly advised. See: https://urllib3.readthedocs.io/en/latest/advanced-usage.html#tls-warnings
  warnings.warn(</msg>
<msg time="2024-06-20T07:14:15.350300" level="INFO">${response} = &lt;Response [200]&gt;</msg>
<var>${response}</var>
<arg>consultarAPI</arg>
<arg>/api</arg>
<doc>Sends a GET request on a previously created HTTP Session.</doc>
<status status="PASS" start="2024-06-20T07:14:15.236549" elapsed="0.113784"/>
</kw>
<kw name="Set Variable" owner="BuiltIn">
<msg time="2024-06-20T07:14:15.351338" level="INFO">${json_data} = {'results': [{'gender': 'female', 'name': {'title': 'Miss', 'first': 'Isabelle', 'last': 'Lewis'}, 'location': {'street': {'number': 625, 'name': 'Hanover Street'}, 'city': 'Taupo', 'state': 'Auckland...</msg>
<var>${json_data}</var>
<arg>${response.json()}</arg>
<doc>Returns the given values which can then be assigned to a variables.</doc>
<status status="PASS" start="2024-06-20T07:14:15.350817" elapsed="0.000553"/>
</kw>
<kw name="Log" owner="BuiltIn">
<msg time="2024-06-20T07:14:15.351849" level="INFO">{'results': [{'gender': 'female', 'name': {'title': 'Miss', 'first': 'Isabelle', 'last': 'Lewis'}, 'location': {'street': {'number': 625, 'name': 'Hanover Street'}, 'city': 'Taupo', 'state': 'Auckland', 'country': 'New Zealand', 'postcode': 25960, 'coordinates': {'latitude': '49.6466', 'longitude': '23.7324'}, 'timezone': {'offset': '+9:00', 'description': 'Tokyo, Seoul, Osaka, Sapporo, Yakutsk'}}, 'email': 'isabelle.lewis@example.com', 'login': {'uuid': '771d05b0-2904-4994-ac58-fa185d3130ae', 'username': 'orangezebra664', 'password': 'einstein', 'salt': 'LdqLIrzV', 'md5': 'fb1700e21964500006629d9d41cc1f92', 'sha1': 'f9559df03cc5c367b783606a112496c7c1444092', 'sha256': '2502c476406df4aaf7f19ecc8c3bbf9bc1b59b4ae96fdf4a7766dc33605abbb4'}, 'dob': {'date': '1948-09-08T08:10:32.500Z', 'age': 75}, 'registered': {'date': '2012-09-07T05:41:12.152Z', 'age': 11}, 'phone': '(811)-206-9786', 'cell': '(528)-176-8174', 'id': {'name': '', 'value': None}, 'picture': {'large': 'https://randomuser.me/api/portraits/women/33.jpg', 'medium': 'https://randomuser.me/api/portraits/med/women/33.jpg', 'thumbnail': 'https://randomuser.me/api/portraits/thumb/women/33.jpg'}, 'nat': 'NZ'}], 'info': {'seed': 'f2ced93f25490d68', 'results': 1, 'page': 1, 'version': '1.4'}}</msg>
<arg>${json_data}</arg>
<doc>Logs the given message with the given level.</doc>
<status status="PASS" start="2024-06-20T07:14:15.351686" elapsed="0.000213"/>
</kw>
<kw name="Dictionary Should Contain Key" owner="Collections">
<arg>${json_data}</arg>
<arg>results</arg>
<doc>Fails if ``key`` is not found from ``dictionary``.</doc>
<status status="PASS" start="2024-06-20T07:14:15.352221" elapsed="0.000172"/>
</kw>
<kw name="Should Not Be Empty" owner="BuiltIn">
<msg time="2024-06-20T07:14:15.352713" level="INFO">Length is 2.</msg>
<arg>${json_data}</arg>
<doc>Verifies that the given item is not empty.</doc>
<status status="PASS" start="2024-06-20T07:14:15.352584" elapsed="0.000168"/>
</kw>
<kw name="Create List" owner="BuiltIn">
<msg time="2024-06-20T07:14:15.353356" level="INFO">${expected_keys} = ['gender', 'name', 'location', 'email', 'login']</msg>
<var>${expected_keys}</var>
<arg>gender</arg>
<arg>name</arg>
<arg>location</arg>
<arg>email</arg>
<arg>login</arg>
<doc>Returns a list containing given items.</doc>
<status status="PASS" start="2024-06-20T07:14:15.353043" elapsed="0.000338"/>
</kw>
<for flavor="IN">
<iter>
<kw name="Dictionary Should Contain Key" owner="Collections">
<arg>${json_data['results'][0]}</arg>
<arg>${key}</arg>
<doc>Fails if ``key`` is not found from ``dictionary``.</doc>
<status status="PASS" start="2024-06-20T07:14:15.353975" elapsed="0.000401"/>
</kw>
<kw name="Log" owner="BuiltIn">
<msg time="2024-06-20T07:14:15.354926" level="INFO">{'gender': 'female', 'name': {'title': 'Miss', 'first': 'Isabelle', 'last': 'Lewis'}, 'location': {'street': {'number': 625, 'name': 'Hanover Street'}, 'city': 'Taupo', 'state': 'Auckland', 'country': 'New Zealand', 'postcode': 25960, 'coordinates': {'latitude': '49.6466', 'longitude': '23.7324'}, 'timezone': {'offset': '+9:00', 'description': 'Tokyo, Seoul, Osaka, Sapporo, Yakutsk'}}, 'email': 'isabelle.lewis@example.com', 'login': {'uuid': '771d05b0-2904-4994-ac58-fa185d3130ae', 'username': 'orangezebra664', 'password': 'einstein', 'salt': 'LdqLIrzV', 'md5': 'fb1700e21964500006629d9d41cc1f92', 'sha1': 'f9559df03cc5c367b783606a112496c7c1444092', 'sha256': '2502c476406df4aaf7f19ecc8c3bbf9bc1b59b4ae96fdf4a7766dc33605abbb4'}, 'dob': {'date': '1948-09-08T08:10:32.500Z', 'age': 75}, 'registered': {'date': '2012-09-07T05:41:12.152Z', 'age': 11}, 'phone': '(811)-206-9786', 'cell': '(528)-176-8174', 'id': {'name': '', 'value': None}, 'picture': {'large': 'https://randomuser.me/api/portraits/women/33.jpg', 'medium': 'https://randomuser.me/api/portraits/med/women/33.jpg', 'thumbnail': 'https://randomuser.me/api/portraits/thumb/women/33.jpg'}, 'nat': 'NZ'}</msg>
<arg>${json_data['results'][0]}</arg>
<doc>Logs the given message with the given level.</doc>
<status status="PASS" start="2024-06-20T07:14:15.354566" elapsed="0.000418"/>
</kw>
<kw name="Log" owner="BuiltIn">
<msg time="2024-06-20T07:14:15.355420" level="INFO">gender</msg>
<arg>${key}</arg>
<doc>Logs the given message with the given level.</doc>
<status status="PASS" start="2024-06-20T07:14:15.355289" elapsed="0.000171"/>
</kw>
<var name="${key}">gender</var>
<status status="PASS" start="2024-06-20T07:14:15.353851" elapsed="0.001826"/>
</iter>
<iter>
<kw name="Dictionary Should Contain Key" owner="Collections">
<arg>${json_data['results'][0]}</arg>
<arg>${key}</arg>
<doc>Fails if ``key`` is not found from ``dictionary``.</doc>
<status status="PASS" start="2024-06-20T07:14:15.355973" elapsed="0.000405"/>
</kw>
<kw name="Log" owner="BuiltIn">
<msg time="2024-06-20T07:14:15.356920" level="INFO">{'gender': 'female', 'name': {'title': 'Miss', 'first': 'Isabelle', 'last': 'Lewis'}, 'location': {'street': {'number': 625, 'name': 'Hanover Street'}, 'city': 'Taupo', 'state': 'Auckland', 'country': 'New Zealand', 'postcode': 25960, 'coordinates': {'latitude': '49.6466', 'longitude': '23.7324'}, 'timezone': {'offset': '+9:00', 'description': 'Tokyo, Seoul, Osaka, Sapporo, Yakutsk'}}, 'email': 'isabelle.lewis@example.com', 'login': {'uuid': '771d05b0-2904-4994-ac58-fa185d3130ae', 'username': 'orangezebra664', 'password': 'einstein', 'salt': 'LdqLIrzV', 'md5': 'fb1700e21964500006629d9d41cc1f92', 'sha1': 'f9559df03cc5c367b783606a112496c7c1444092', 'sha256': '2502c476406df4aaf7f19ecc8c3bbf9bc1b59b4ae96fdf4a7766dc33605abbb4'}, 'dob': {'date': '1948-09-08T08:10:32.500Z', 'age': 75}, 'registered': {'date': '2012-09-07T05:41:12.152Z', 'age': 11}, 'phone': '(811)-206-9786', 'cell': '(528)-176-8174', 'id': {'name': '', 'value': None}, 'picture': {'large': 'https://randomuser.me/api/portraits/women/33.jpg', 'medium': 'https://randomuser.me/api/portraits/med/women/33.jpg', 'thumbnail': 'https://randomuser.me/api/portraits/thumb/women/33.jpg'}, 'nat': 'NZ'}</msg>
<arg>${json_data['results'][0]}</arg>
<doc>Logs the given message with the given level.</doc>
<status status="PASS" start="2024-06-20T07:14:15.356565" elapsed="0.000448"/>
</kw>
<kw name="Log" owner="BuiltIn">
<msg time="2024-06-20T07:14:15.357438" level="INFO">name</msg>
<arg>${key}</arg>
<doc>Logs the given message with the given level.</doc>
<status status="PASS" start="2024-06-20T07:14:15.357310" elapsed="0.000166"/>
</kw>
<var name="${key}">name</var>
<status status="PASS" start="2024-06-20T07:14:15.355862" elapsed="0.001830"/>
</iter>
<iter>
<kw name="Dictionary Should Contain Key" owner="Collections">
<arg>${json_data['results'][0]}</arg>
<arg>${key}</arg>
<doc>Fails if ``key`` is not found from ``dictionary``.</doc>
<status status="PASS" start="2024-06-20T07:14:15.357976" elapsed="0.000384"/>
</kw>
<kw name="Log" owner="BuiltIn">
<msg time="2024-06-20T07:14:15.358895" level="INFO">{'gender': 'female', 'name': {'title': 'Miss', 'first': 'Isabelle', 'last': 'Lewis'}, 'location': {'street': {'number': 625, 'name': 'Hanover Street'}, 'city': 'Taupo', 'state': 'Auckland', 'country': 'New Zealand', 'postcode': 25960, 'coordinates': {'latitude': '49.6466', 'longitude': '23.7324'}, 'timezone': {'offset': '+9:00', 'description': 'Tokyo, Seoul, Osaka, Sapporo, Yakutsk'}}, 'email': 'isabelle.lewis@example.com', 'login': {'uuid': '771d05b0-2904-4994-ac58-fa185d3130ae', 'username': 'orangezebra664', 'password': 'einstein', 'salt': 'LdqLIrzV', 'md5': 'fb1700e21964500006629d9d41cc1f92', 'sha1': 'f9559df03cc5c367b783606a112496c7c1444092', 'sha256': '2502c476406df4aaf7f19ecc8c3bbf9bc1b59b4ae96fdf4a7766dc33605abbb4'}, 'dob': {'date': '1948-09-08T08:10:32.500Z', 'age': 75}, 'registered': {'date': '2012-09-07T05:41:12.152Z', 'age': 11}, 'phone': '(811)-206-9786', 'cell': '(528)-176-8174', 'id': {'name': '', 'value': None}, 'picture': {'large': 'https://randomuser.me/api/portraits/women/33.jpg', 'medium': 'https://randomuser.me/api/portraits/med/women/33.jpg', 'thumbnail': 'https://randomuser.me/api/portraits/thumb/women/33.jpg'}, 'nat': 'NZ'}</msg>
<arg>${json_data['results'][0]}</arg>
<doc>Logs the given message with the given level.</doc>
<status status="PASS" start="2024-06-20T07:14:15.358542" elapsed="0.000401"/>
</kw>
<kw name="Log" owner="BuiltIn">
<msg time="2024-06-20T07:14:15.359361" level="INFO">location</msg>
<arg>${key}</arg>
<doc>Logs the given message with the given level.</doc>
<status status="PASS" start="2024-06-20T07:14:15.359235" elapsed="0.000164"/>
</kw>
<var name="${key}">location</var>
<status status="PASS" start="2024-06-20T07:14:15.357868" elapsed="0.001744"/>
</iter>
<iter>
<kw name="Dictionary Should Contain Key" owner="Collections">
<arg>${json_data['results'][0]}</arg>
<arg>${key}</arg>
<doc>Fails if ``key`` is not found from ``dictionary``.</doc>
<status status="PASS" start="2024-06-20T07:14:15.359892" elapsed="0.000401"/>
</kw>
<kw name="Log" owner="BuiltIn">
<msg time="2024-06-20T07:14:15.360827" level="INFO">{'gender': 'female', 'name': {'title': 'Miss', 'first': 'Isabelle', 'last': 'Lewis'}, 'location': {'street': {'number': 625, 'name': 'Hanover Street'}, 'city': 'Taupo', 'state': 'Auckland', 'country': 'New Zealand', 'postcode': 25960, 'coordinates': {'latitude': '49.6466', 'longitude': '23.7324'}, 'timezone': {'offset': '+9:00', 'description': 'Tokyo, Seoul, Osaka, Sapporo, Yakutsk'}}, 'email': 'isabelle.lewis@example.com', 'login': {'uuid': '771d05b0-2904-4994-ac58-fa185d3130ae', 'username': 'orangezebra664', 'password': 'einstein', 'salt': 'LdqLIrzV', 'md5': 'fb1700e21964500006629d9d41cc1f92', 'sha1': 'f9559df03cc5c367b783606a112496c7c1444092', 'sha256': '2502c476406df4aaf7f19ecc8c3bbf9bc1b59b4ae96fdf4a7766dc33605abbb4'}, 'dob': {'date': '1948-09-08T08:10:32.500Z', 'age': 75}, 'registered': {'date': '2012-09-07T05:41:12.152Z', 'age': 11}, 'phone': '(811)-206-9786', 'cell': '(528)-176-8174', 'id': {'name': '', 'value': None}, 'picture': {'large': 'https://randomuser.me/api/portraits/women/33.jpg', 'medium': 'https://randomuser.me/api/portraits/med/women/33.jpg', 'thumbnail': 'https://randomuser.me/api/portraits/thumb/women/33.jpg'}, 'nat': 'NZ'}</msg>
<arg>${json_data['results'][0]}</arg>
<doc>Logs the given message with the given level.</doc>
<status status="PASS" start="2024-06-20T07:14:15.360478" elapsed="0.000402"/>
</kw>
<kw name="Log" owner="BuiltIn">
<msg time="2024-06-20T07:14:15.361297" level="INFO">email</msg>
<arg>${key}</arg>
<doc>Logs the given message with the given level.</doc>
<status status="PASS" start="2024-06-20T07:14:15.361171" elapsed="0.000165"/>
</kw>
<var name="${key}">email</var>
<status status="PASS" start="2024-06-20T07:14:15.359786" elapsed="0.001764"/>
</iter>
<iter>
<kw name="Dictionary Should Contain Key" owner="Collections">
<arg>${json_data['results'][0]}</arg>
<arg>${key}</arg>
<doc>Fails if ``key`` is not found from ``dictionary``.</doc>
<status status="PASS" start="2024-06-20T07:14:15.361841" elapsed="0.000401"/>
</kw>
<kw name="Log" owner="BuiltIn">
<msg time="2024-06-20T07:14:15.362774" level="INFO">{'gender': 'female', 'name': {'title': 'Miss', 'first': 'Isabelle', 'last': 'Lewis'}, 'location': {'street': {'number': 625, 'name': 'Hanover Street'}, 'city': 'Taupo', 'state': 'Auckland', 'country': 'New Zealand', 'postcode': 25960, 'coordinates': {'latitude': '49.6466', 'longitude': '23.7324'}, 'timezone': {'offset': '+9:00', 'description': 'Tokyo, Seoul, Osaka, Sapporo, Yakutsk'}}, 'email': 'isabelle.lewis@example.com', 'login': {'uuid': '771d05b0-2904-4994-ac58-fa185d3130ae', 'username': 'orangezebra664', 'password': 'einstein', 'salt': 'LdqLIrzV', 'md5': 'fb1700e21964500006629d9d41cc1f92', 'sha1': 'f9559df03cc5c367b783606a112496c7c1444092', 'sha256': '2502c476406df4aaf7f19ecc8c3bbf9bc1b59b4ae96fdf4a7766dc33605abbb4'}, 'dob': {'date': '1948-09-08T08:10:32.500Z', 'age': 75}, 'registered': {'date': '2012-09-07T05:41:12.152Z', 'age': 11}, 'phone': '(811)-206-9786', 'cell': '(528)-176-8174', 'id': {'name': '', 'value': None}, 'picture': {'large': 'https://randomuser.me/api/portraits/women/33.jpg', 'medium': 'https://randomuser.me/api/portraits/med/women/33.jpg', 'thumbnail': 'https://randomuser.me/api/portraits/thumb/women/33.jpg'}, 'nat': 'NZ'}</msg>
<arg>${json_data['results'][0]}</arg>
<doc>Logs the given message with the given level.</doc>
<status status="PASS" start="2024-06-20T07:14:15.362425" elapsed="0.000406"/>
</kw>
<kw name="Log" owner="BuiltIn">
<msg time="2024-06-20T07:14:15.363258" level="INFO">login</msg>
<arg>${key}</arg>
<doc>Logs the given message with the given level.</doc>
<status status="PASS" start="2024-06-20T07:14:15.363130" elapsed="0.000166"/>
</kw>
<var name="${key}">login</var>
<status status="PASS" start="2024-06-20T07:14:15.361721" elapsed="0.001786"/>
</iter>
<var>${key}</var>
<value>@{expected_keys}</value>
<status status="PASS" start="2024-06-20T07:14:15.353647" elapsed="0.009979"/>
</for>
<kw name="Create List" owner="BuiltIn">
<msg time="2024-06-20T07:14:15.363949" level="INFO">${expected_keysTwo} = ['username', 'password']</msg>
<var>${expected_keysTwo}</var>
<arg>username</arg>
<arg>password</arg>
<doc>Returns a list containing given items.</doc>
<status status="PASS" start="2024-06-20T07:14:15.363812" elapsed="0.000209"/>
</kw>
<for flavor="IN">
<iter>
<kw name="Dictionary Should Contain Key" owner="Collections">
<arg>${json_data['results'][0]['login']}</arg>
<arg>${keyTwo}</arg>
<doc>Fails if ``key`` is not found from ``dictionary``.</doc>
<status status="PASS" start="2024-06-20T07:14:15.364538" elapsed="0.000389"/>
</kw>
<kw name="Dictionary Should Contain Key" owner="Collections">
<arg>${json_data['results'][0]['login']}</arg>
<arg>${keyTwo}</arg>
<doc>Fails if ``key`` is not found from ``dictionary``.</doc>
<status status="PASS" start="2024-06-20T07:14:15.365119" elapsed="0.000372"/>
</kw>
<kw name="Log" owner="BuiltIn">
<msg time="2024-06-20T07:14:15.365790" level="INFO">username</msg>
<arg>${keyTwo}</arg>
<doc>Logs the given message with the given level.</doc>
<status status="PASS" start="2024-06-20T07:14:15.365670" elapsed="0.000158"/>
</kw>
<var name="${keyTwo}">username</var>
<status status="PASS" start="2024-06-20T07:14:15.364429" elapsed="0.001622"/>
</iter>
<iter>
<kw name="Dictionary Should Contain Key" owner="Collections">
<arg>${json_data['results'][0]['login']}</arg>
<arg>${keyTwo}</arg>
<doc>Fails if ``key`` is not found from ``dictionary``.</doc>
<status status="PASS" start="2024-06-20T07:14:15.366327" elapsed="0.000381"/>
</kw>
<kw name="Dictionary Should Contain Key" owner="Collections">
<arg>${json_data['results'][0]['login']}</arg>
<arg>${keyTwo}</arg>
<doc>Fails if ``key`` is not found from ``dictionary``.</doc>
<status status="PASS" start="2024-06-20T07:14:15.366884" elapsed="0.000378"/>
</kw>
<kw name="Log" owner="BuiltIn">
<msg time="2024-06-20T07:14:15.367556" level="INFO">password</msg>
<arg>${keyTwo}</arg>
<doc>Logs the given message with the given level.</doc>
<status status="PASS" start="2024-06-20T07:14:15.367438" elapsed="0.000155"/>
</kw>
<var name="${keyTwo}">password</var>
<status status="PASS" start="2024-06-20T07:14:15.366222" elapsed="0.001681"/>
</iter>
<var>${keyTwo}</var>
<value>@{expected_keysTwo}</value>
<status status="PASS" start="2024-06-20T07:14:15.364274" elapsed="0.003777"/>
</for>
<status status="PASS" start="2024-06-20T07:14:15.236317" elapsed="0.131877"/>
</kw>
<doc>Testa a estrutura da resposta da API.</doc>
<tag>testeEstruturaResposta</tag>
<status status="PASS" start="2024-06-20T07:14:15.235792" elapsed="0.132557"/>
</test>
<test id="s1-s1-t4" name="Validar tipos de dados" line="28">
<kw name="Teste de Tipos de Dados" owner="random-user-service">
<kw name="GET On Session" owner="RequestsLibrary">
<msg time="2024-06-20T07:14:15.441284" level="INFO">GET Request : url=https://randomuser.me/api 
 path_url=/api 
 headers={'User-Agent': 'python-requests/2.32.3', 'Accept-Encoding': 'gzip, deflate', 'Accept': '*/*', 'Connection': 'keep-alive'} 
 body=None 
 </msg>
<msg time="2024-06-20T07:14:15.441392" level="INFO">GET Response : url=https://randomuser.me/api 
 status=200, reason=OK 
 headers={'Date': 'Thu, 20 Jun 2024 07:14:15 GMT', 'Content-Type': 'application/json; charset=utf-8', 'Transfer-Encoding': 'chunked', 'Connection': 'keep-alive', 'X-Powered-By': 'Express', 'Access-Control-Allow-Origin': '*', 'Cache-Control': 'no-cache', 'ETag': 'W/"47f-peYu7jF4zRTfyZH2E1LcdNzF9b4"', 'Vary': 'Accept-Encoding', 'Content-Encoding': 'gzip', 'CF-Cache-Status': 'DYNAMIC', 'Report-To': '{"endpoints":[{"url":"https:\\/\\/a.nel.cloudflare.com\\/report\\/v4?s=Tu8hZNsqm%2BthgsnpqdgE1um2ijsOP%2BPf0NbqFEGSvW0blZdfPlUtIHk9y%2FY1O56Wuxkq6Hyvov5BA8SHdq56Sj4Xc5LqgotQ3PNmgB%2F%2BqRkvy7OVWNWDCBoWyzQ3TTJk"}],"group":"cf-nel","max_age":604800}', 'NEL': '{"success_fraction":0,"report_to":"cf-nel","max_age":604800}', 'Server': 'cloudflare', 'CF-RAY': '8969f5fe1f361060-ORD', 'alt-svc': 'h3=":443"; ma=86400'} 
 body={"results":[{"gender":"male","name":{"title":"Mr","first":"Ranbir","last":"Shenoy"},"location":{"street":{"number":824,"name":"Gali Paranthe Wali"},"city":"Erode","state":"Rajasthan","country":"India","postcode":32043,"coordinates":{"latitude":"11.8207","longitude":"-19.2210"},"timezone":{"offset":"-8:00","description":"Pacific Time (US &amp; Canada)"}},"email":"ranbir.shenoy@example.com","login":{"uuid":"bd2144d3-22f5-4f37-aae4-155d9146479a","username":"tinyfrog190","password":"peggy","salt":"ij9x8mCO","md5":"87e96d1bc84f00bc07592d2c4a6c8be0","sha1":"8836b284737c9904b5f3a5e0297c59fe4ce97016","sha256":"a11c41b1e4e5ab1fc0763bb139ebb13ccfceb3b5eedeadd58676fa7d0a7fc98a"},"dob":{"date":"1963-03-20T06:05:02.537Z","age":61},"registered":{"date":"2009-05-16T02:07:47.205Z","age":15},"phone":"8023246644","cell":"7637723614","id":{"name":"UIDAI","value":"956973458490"},"picture":{"large":"https://randomuser.me/api/portraits/men/83.jpg","medium":"https://randomuser.me/api/portraits/med/men/83.jpg","thumbnail":"https://randomuser.me/api/portraits/thumb/men/83.jpg"},"nat":"IN"}],"info":{"seed":"c183b25e27cc0a70","results":1,"page":1,"version":"1.4"}} 
 </msg>
<msg time="2024-06-20T07:14:15.441473" level="INFO">/opt/hostedtoolcache/Python/3.12.4/x64/lib/python3.12/site-packages/urllib3/connectionpool.py:1099: InsecureRequestWarning: Unverified HTTPS request is being made to host 'randomuser.me'. Adding certificate verification is strongly advised. See: https://urllib3.readthedocs.io/en/latest/advanced-usage.html#tls-warnings
  warnings.warn(</msg>
<msg time="2024-06-20T07:14:15.441622" level="INFO">${response} = &lt;Response [200]&gt;</msg>
<var>${response}</var>
<arg>consultarAPI</arg>
<arg>/api</arg>
<doc>Sends a GET request on a previously created HTTP Session.</doc>
<status status="PASS" start="2024-06-20T07:14:15.370750" elapsed="0.070912"/>
</kw>
<kw name="Set Variable" owner="BuiltIn">
<msg time="2024-06-20T07:14:15.442703" level="INFO">${json_data} = {'results': [{'gender': 'male', 'name': {'title': 'Mr', 'first': 'Ranbir', 'last': 'Shenoy'}, 'location': {'street': {'number': 824, 'name': 'Gali Paranthe Wali'}, 'city': 'Erode', 'state': 'Rajasthan...</msg>
<var>${json_data}</var>
<arg>${response.json()}</arg>
<doc>Returns the given values which can then be assigned to a variables.</doc>
<status status="PASS" start="2024-06-20T07:14:15.442195" elapsed="0.000536"/>
</kw>
<kw name="Log" owner="BuiltIn">
<msg time="2024-06-20T07:14:15.443185" level="INFO">{'results': [{'gender': 'male', 'name': {'title': 'Mr', 'first': 'Ranbir', 'last': 'Shenoy'}, 'location': {'street': {'number': 824, 'name': 'Gali Paranthe Wali'}, 'city': 'Erode', 'state': 'Rajasthan', 'country': 'India', 'postcode': 32043, 'coordinates': {'latitude': '11.8207', 'longitude': '-19.2210'}, 'timezone': {'offset': '-8:00', 'description': 'Pacific Time (US &amp; Canada)'}}, 'email': 'ranbir.shenoy@example.com', 'login': {'uuid': 'bd2144d3-22f5-4f37-aae4-155d9146479a', 'username': 'tinyfrog190', 'password': 'peggy', 'salt': 'ij9x8mCO', 'md5': '87e96d1bc84f00bc07592d2c4a6c8be0', 'sha1': '8836b284737c9904b5f3a5e0297c59fe4ce97016', 'sha256': 'a11c41b1e4e5ab1fc0763bb139ebb13ccfceb3b5eedeadd58676fa7d0a7fc98a'}, 'dob': {'date': '1963-03-20T06:05:02.537Z', 'age': 61}, 'registered': {'date': '2009-05-16T02:07:47.205Z', 'age': 15}, 'phone': '8023246644', 'cell': '7637723614', 'id': {'name': 'UIDAI', 'value': '956973458490'}, 'picture': {'large': 'https://randomuser.me/api/portraits/men/83.jpg', 'medium': 'https://randomuser.me/api/portraits/med/men/83.jpg', 'thumbnail': 'https://randomuser.me/api/portraits/thumb/men/83.jpg'}, 'nat': 'IN'}], 'info': {'seed': 'c183b25e27cc0a70', 'results': 1, 'page': 1, 'version': '1.4'}}</msg>
<arg>${json_data}</arg>
<doc>Logs the given message with the given level.</doc>
<status status="PASS" start="2024-06-20T07:14:15.443033" elapsed="0.000213"/>
</kw>
<kw name="Should Be String" owner="String">
<arg>${json_data['results'][0]['gender']}</arg>
<doc>Fails if the given ``item`` is not a string.</doc>
<status status="PASS" start="2024-06-20T07:14:15.443533" elapsed="0.000374"/>
</kw>
<kw name="Should Match Regexp" owner="BuiltIn">
<arg>${json_data['results'][0]['email']}</arg>
<arg>^[a-zA-Z0-9._%+-]+@[a-zA-Z0-9.-]+\.[a-zA-Z]{2,}$</arg>
<doc>Fails if ``string`` does not match ``pattern`` as a regular expression.</doc>
<status status="PASS" start="2024-06-20T07:14:15.444125" elapsed="0.000530"/>
</kw>
<kw name="Should Match Regexp" owner="BuiltIn">
<arg>${json_data['results'][0]['dob']['date']}</arg>
<arg>\\d{4}-\\d{2}-\\d{2}T\\d{2}:\\d{2}:\\d{2}\\.\\d{3}Z</arg>
<doc>Fails if ``string`` does not match ``pattern`` as a regular expression.</doc>
<status status="PASS" start="2024-06-20T07:14:15.444885" elapsed="0.000489"/>
</kw>
<kw name="Should Match Regexp" owner="BuiltIn">
<arg>${json_data['results'][0]['registered']['date']}</arg>
<arg>\\d{4}-\\d{2}-\\d{2}T\\d{2}:\\d{2}:\\d{2}\\.\\d{3}Z</arg>
<doc>Fails if ``string`` does not match ``pattern`` as a regular expression.</doc>
<status status="PASS" start="2024-06-20T07:14:15.445565" elapsed="0.000371"/>
</kw>
<kw name="Should Match Regexp" owner="BuiltIn">
<arg>${json_data['results'][0]['picture']['large']}</arg>
<arg>^https?://.*\.(?:png|jpe?g|gif|bmp)$</arg>
<doc>Fails if ``string`` does not match ``pattern`` as a regular expression.</doc>
<status status="PASS" start="2024-06-20T07:14:15.446121" elapsed="0.000465"/>
</kw>
<kw name="Should Match Regexp" owner="BuiltIn">
<arg>${json_data['results'][0]['picture']['medium']}</arg>
<arg>^https?://.*\.(?:png|jpe?g|gif|bmp)$</arg>
<doc>Fails if ``string`` does not match ``pattern`` as a regular expression.</doc>
<status status="PASS" start="2024-06-20T07:14:15.446772" elapsed="0.000353"/>
</kw>
<kw name="Should Match Regexp" owner="BuiltIn">
<arg>${json_data['results'][0]['picture']['thumbnail']}</arg>
<arg>^https?://.*\.(?:png|jpe?g|gif|bmp)$</arg>
<doc>Fails if ``string`` does not match ``pattern`` as a regular expression.</doc>
<status status="PASS" start="2024-06-20T07:14:15.447305" elapsed="0.000346"/>
</kw>
<kw name="Log" owner="BuiltIn">
<msg time="2024-06-20T07:14:15.448178" level="INFO">{'large': 'https://randomuser.me/api/portraits/men/83.jpg', 'medium': 'https://randomuser.me/api/portraits/med/men/83.jpg', 'thumbnail': 'https://randomuser.me/api/portraits/thumb/men/83.jpg'}</msg>
<arg>${json_data['results'][0]['picture']}</arg>
<doc>Logs the given message with the given level.</doc>
<status status="PASS" start="2024-06-20T07:14:15.447829" elapsed="0.000392"/>
</kw>
<status status="PASS" start="2024-06-20T07:14:15.370527" elapsed="0.077952"/>
</kw>
<kw name="Teste de Tipos de Dados - Postcode" owner="random-user-service">
<kw name="GET On Session" owner="RequestsLibrary">
<msg time="2024-06-20T07:14:15.515704" level="INFO">GET Request : url=https://randomuser.me/api 
 path_url=/api 
 headers={'User-Agent': 'python-requests/2.32.3', 'Accept-Encoding': 'gzip, deflate', 'Accept': '*/*', 'Connection': 'keep-alive'} 
 body=None 
 </msg>
<msg time="2024-06-20T07:14:15.515785" level="INFO">GET Response : url=https://randomuser.me/api 
 status=200, reason=OK 
 headers={'Date': 'Thu, 20 Jun 2024 07:14:15 GMT', 'Content-Type': 'application/json; charset=utf-8', 'Transfer-Encoding': 'chunked', 'Connection': 'keep-alive', 'X-Powered-By': 'Express', 'Access-Control-Allow-Origin': '*', 'Cache-Control': 'no-cache', 'ETag': 'W/"488-JXh9UBMcVXFrofQRKc32Hpl9Aqc"', 'Vary': 'Accept-Encoding', 'Content-Encoding': 'gzip', 'CF-Cache-Status': 'DYNAMIC', 'Report-To': '{"endpoints":[{"url":"https:\\/\\/a.nel.cloudflare.com\\/report\\/v4?s=%2F56ZZ0g0IowzjhT%2BNMAi6MT%2BUhm%2FPQS3W%2FcGOTT7rQU1x9FK6DqWCY3l%2F2yWsut9uvsz1%2BUODiTS2KduUVnadvCnpPvE%2F5s0qE866ObC7BSCjhiirsjnnquWeLQ5tx1v"}],"group":"cf-nel","max_age":604800}', 'NEL': '{"success_fraction":0,"report_to":"cf-nel","max_age":604800}', 'Server': 'cloudflare', 'CF-RAY': '8969f5fe8f721060-ORD', 'alt-svc': 'h3=":443"; ma=86400'} 
 body={"results":[{"gender":"male","name":{"title":"Mr","first":"Miguel","last":"Kirchhoff"},"location":{"street":{"number":7388,"name":"Tannenweg"},"city":"Geseke","state":"Rheinland-Pfalz","country":"Germany","postcode":14950,"coordinates":{"latitude":"-50.4911","longitude":"-69.2588"},"timezone":{"offset":"-12:00","description":"Eniwetok, Kwajalein"}},"email":"miguel.kirchhoff@example.com","login":{"uuid":"b60be4a0-16a9-4583-9d6e-1fb80445e07d","username":"happytiger162","password":"strat","salt":"gxPLuInw","md5":"21ca9f87e2d1db09d30c7f19afb0bff4","sha1":"b9b55bfafe27a111f4fcb2f625189526960fc759","sha256":"25a32172d0f1607fab1709b5f7d39b41358df049dc859d4aa2971e4e08999c48"},"dob":{"date":"1999-08-25T15:40:37.484Z","age":24},"registered":{"date":"2016-11-20T21:15:41.340Z","age":7},"phone":"0022-3904871","cell":"0170-1359416","id":{"name":"SVNR","value":"18 250899 K 288"},"picture":{"large":"https://randomuser.me/api/portraits/men/55.jpg","medium":"https://randomuser.me/api/portraits/med/men/55.jpg","thumbnail":"https://randomuser.me/api/portraits/thumb/men/55.jpg"},"nat":"DE"}],"info":{"seed":"e6aa0b2d32ff8e8c","results":1,"page":1,"version":"1.4"}} 
 </msg>
<msg time="2024-06-20T07:14:15.515848" level="INFO">/opt/hostedtoolcache/Python/3.12.4/x64/lib/python3.12/site-packages/urllib3/connectionpool.py:1099: InsecureRequestWarning: Unverified HTTPS request is being made to host 'randomuser.me'. Adding certificate verification is strongly advised. See: https://urllib3.readthedocs.io/en/latest/advanced-usage.html#tls-warnings
  warnings.warn(</msg>
<msg time="2024-06-20T07:14:15.515975" level="INFO">${response} = &lt;Response [200]&gt;</msg>
<var>${response}</var>
<arg>consultarAPI</arg>
<arg>/api</arg>
<doc>Sends a GET request on a previously created HTTP Session.</doc>
<status status="PASS" start="2024-06-20T07:14:15.448933" elapsed="0.067108"/>
</kw>
<kw name="Set Variable" owner="BuiltIn">
<msg time="2024-06-20T07:14:15.516983" level="INFO">${json_data} = {'results': [{'gender': 'male', 'name': {'title': 'Mr', 'first': 'Miguel', 'last': 'Kirchhoff'}, 'location': {'street': {'number': 7388, 'name': 'Tannenweg'}, 'city': 'Geseke', 'state': 'Rheinland-Pfa...</msg>
<var>${json_data}</var>
<arg>${response.json()}</arg>
<doc>Returns the given values which can then be assigned to a variables.</doc>
<status status="PASS" start="2024-06-20T07:14:15.516497" elapsed="0.000514"/>
</kw>
<kw name="Log" owner="BuiltIn">
<msg time="2024-06-20T07:14:15.517458" level="INFO">{'results': [{'gender': 'male', 'name': {'title': 'Mr', 'first': 'Miguel', 'last': 'Kirchhoff'}, 'location': {'street': {'number': 7388, 'name': 'Tannenweg'}, 'city': 'Geseke', 'state': 'Rheinland-Pfalz', 'country': 'Germany', 'postcode': 14950, 'coordinates': {'latitude': '-50.4911', 'longitude': '-69.2588'}, 'timezone': {'offset': '-12:00', 'description': 'Eniwetok, Kwajalein'}}, 'email': 'miguel.kirchhoff@example.com', 'login': {'uuid': 'b60be4a0-16a9-4583-9d6e-1fb80445e07d', 'username': 'happytiger162', 'password': 'strat', 'salt': 'gxPLuInw', 'md5': '21ca9f87e2d1db09d30c7f19afb0bff4', 'sha1': 'b9b55bfafe27a111f4fcb2f625189526960fc759', 'sha256': '25a32172d0f1607fab1709b5f7d39b41358df049dc859d4aa2971e4e08999c48'}, 'dob': {'date': '1999-08-25T15:40:37.484Z', 'age': 24}, 'registered': {'date': '2016-11-20T21:15:41.340Z', 'age': 7}, 'phone': '0022-3904871', 'cell': '0170-1359416', 'id': {'name': 'SVNR', 'value': '18 250899 K 288'}, 'picture': {'large': 'https://randomuser.me/api/portraits/men/55.jpg', 'medium': 'https://randomuser.me/api/portraits/med/men/55.jpg', 'thumbnail': 'https://randomuser.me/api/portraits/thumb/men/55.jpg'}, 'nat': 'DE'}], 'info': {'seed': 'e6aa0b2d32ff8e8c', 'results': 1, 'page': 1, 'version': '1.4'}}</msg>
<arg>${json_data}</arg>
<doc>Logs the given message with the given level.</doc>
<status status="PASS" start="2024-06-20T07:14:15.517308" elapsed="0.000197"/>
</kw>
<kw name="Should Be Equal As Numbers" owner="BuiltIn">
<arg>${json_data['results'][0]['location']['postcode']}</arg>
<arg>${json_data['results'][0]['location']['postcode']}</arg>
<doc>Fails if objects are unequal after converting them to real numbers.</doc>
<status status="PASS" start="2024-06-20T07:14:15.517798" elapsed="0.000613"/>
</kw>
<kw name="Log" owner="BuiltIn">
<msg time="2024-06-20T07:14:15.519090" level="INFO">14950</msg>
<arg>${json_data['results'][0]['location']['postcode']}</arg>
<doc>Logs the given message with the given level.</doc>
<status status="PASS" start="2024-06-20T07:14:15.518595" elapsed="0.000538"/>
</kw>
<status status="PASS" start="2024-06-20T07:14:15.448707" elapsed="0.070710"/>
</kw>
<doc>Testa se os tipos de dados na resposta da API estão corretos.</doc>
<tag>testeTiposDados</tag>
<status status="PASS" start="2024-06-20T07:14:15.370086" elapsed="0.149499"/>
</test>
<test id="s1-s1-t5" name="Validar conteudo" line="35">
<kw name="Teste de Tipos de Conteudo" owner="random-user-service">
<kw name="GET On Session" owner="RequestsLibrary">
<msg time="2024-06-20T07:14:15.611914" level="INFO">GET Request : url=https://randomuser.me/api 
 path_url=/api 
 headers={'User-Agent': 'python-requests/2.32.3', 'Accept-Encoding': 'gzip, deflate', 'Accept': '*/*', 'Connection': 'keep-alive'} 
 body=None 
 </msg>
<msg time="2024-06-20T07:14:15.612031" level="INFO">GET Response : url=https://randomuser.me/api 
 status=200, reason=OK 
 headers={'Date': 'Thu, 20 Jun 2024 07:14:15 GMT', 'Content-Type': 'application/json; charset=utf-8', 'Transfer-Encoding': 'chunked', 'Connection': 'keep-alive', 'X-Powered-By': 'Express', 'Access-Control-Allow-Origin': '*', 'Cache-Control': 'no-cache', 'ETag': 'W/"491-z9gC6unl5y8Gz0jAi9qJA+hCCsQ"', 'Vary': 'Accept-Encoding', 'Content-Encoding': 'gzip', 'CF-Cache-Status': 'DYNAMIC', 'Report-To': '{"endpoints":[{"url":"https:\\/\\/a.nel.cloudflare.com\\/report\\/v4?s=9t6IRz0r50D1nz3S9B%2FptcQr6p%2Fn%2FZTv8isjVCxrXdNoX%2FBh0S7OEvbqPnkhXNpCccySUk4SWzGCZqxWHzJGWNNmaBmBs2GdG7m6Fb5KE790Brj0XvYpehv6KLWLSqyM"}],"group":"cf-nel","max_age":604800}', 'NEL': '{"success_fraction":0,"report_to":"cf-nel","max_age":604800}', 'Server': 'cloudflare', 'CF-RAY': '8969f5ff0faf1060-ORD', 'alt-svc': 'h3=":443"; ma=86400'} 
 body={"results":[{"gender":"female","name":{"title":"Mrs","first":"آیلین","last":"صدر"},"location":{"street":{"number":8831,"name":"30 تیر"},"city":"ساوه","state":"چهارمحال و بختیاری","country":"Iran","postcode":57816,"coordinates":{"latitude":"13.7338","longitude":"35.7760"},"timezone":{"offset":"-11:00","description":"Midway Island, Samoa"}},"email":"aylyn.sdr@example.com","login":{"uuid":"2660e08c-8f26-40e7-a5df-3947dc0f03a7","username":"yellowduck653","password":"squerting","salt":"0jza5DNu","md5":"911a90030e0e2d3a1cd0d96cecb250ac","sha1":"8e7698b684a1cd09d0d6718d45dbb4ac5bbc7655","sha256":"b63dfc06c2c4e0d352f22013e99ff0aaea5c74c19c98868eb90a8dd3671b5b20"},"dob":{"date":"1961-11-25T09:18:15.789Z","age":62},"registered":{"date":"2011-07-22T05:05:16.500Z","age":12},"phone":"070-90264339","cell":"0969-743-7857","id":{"name":"","value":null},"picture":{"large":"https://randomuser.me/api/portraits/women/80.jpg","medium":"https://randomuser.me/api/portraits/med/women/80.jpg","thumbnail":"https://randomuser.me/api/portraits/thumb/women/80.jpg"},"nat":"IR"}],"info":{"seed":"73a498c6dbc12665","results":1,"page":1,"version":"1.4"}} 
 </msg>
<msg time="2024-06-20T07:14:15.612106" level="INFO">/opt/hostedtoolcache/Python/3.12.4/x64/lib/python3.12/site-packages/urllib3/connectionpool.py:1099: InsecureRequestWarning: Unverified HTTPS request is being made to host 'randomuser.me'. Adding certificate verification is strongly advised. See: https://urllib3.readthedocs.io/en/latest/advanced-usage.html#tls-warnings
  warnings.warn(</msg>
<msg time="2024-06-20T07:14:15.612247" level="INFO">${response} = &lt;Response [200]&gt;</msg>
<var>${response}</var>
<arg>consultarAPI</arg>
<arg>/api</arg>
<doc>Sends a GET request on a previously created HTTP Session.</doc>
<status status="PASS" start="2024-06-20T07:14:15.522082" elapsed="0.090208"/>
</kw>
<kw name="Set Variable" owner="BuiltIn">
<msg time="2024-06-20T07:14:15.613282" level="INFO">${json_data} = {'results': [{'gender': 'female', 'name': {'title': 'Mrs', 'first': 'آیلین', 'last': 'صدر'}, 'location': {'street': {'number': 8831, 'name': '30 تیر'}, 'city': 'ساوه', 'state': 'چهارمحال و بختیاری', '...</msg>
<var>${json_data}</var>
<arg>${response.json()}</arg>
<doc>Returns the given values which can then be assigned to a variables.</doc>
<status status="PASS" start="2024-06-20T07:14:15.612776" elapsed="0.000538"/>
</kw>
<kw name="Set Variable" owner="BuiltIn">
<msg time="2024-06-20T07:14:15.614004" level="INFO">${name_title} = Mrs</msg>
<var>${name_title}</var>
<arg>${json_data["results"][0]["name"]["title"]}</arg>
<doc>Returns the given values which can then be assigned to a variables.</doc>
<status status="PASS" start="2024-06-20T07:14:15.613618" elapsed="0.000412"/>
</kw>
<kw name="Create List" owner="BuiltIn">
<msg time="2024-06-20T07:14:15.614476" level="INFO">${allowed_titles} = ['Mr', 'Ms', 'Miss', 'Mrs', 'Madame', 'Monsieur']</msg>
<var>${allowed_titles}</var>
<arg>Mr</arg>
<arg>Ms</arg>
<arg>Miss</arg>
<arg>Mrs</arg>
<arg>Madame</arg>
<arg>Monsieur</arg>
<doc>Returns a list containing given items.</doc>
<status status="PASS" start="2024-06-20T07:14:15.614326" elapsed="0.000174"/>
</kw>
<kw name="List Should Contain Value" owner="Collections">
<arg>${allowed_titles}</arg>
<arg>${name_title}</arg>
<doc>Fails if the ``value`` is not found from ``list``.</doc>
<status status="PASS" start="2024-06-20T07:14:15.614799" elapsed="0.000176"/>
</kw>
<kw name="Set Variable" owner="BuiltIn">
<msg time="2024-06-20T07:14:15.615522" level="INFO">${name_country} = IR</msg>
<var>${name_country}</var>
<arg>${json_data["results"][0]["nat"]}</arg>
<doc>Returns the given values which can then be assigned to a variables.</doc>
<status status="PASS" start="2024-06-20T07:14:15.615151" elapsed="0.000396"/>
</kw>
<kw name="Create List" owner="BuiltIn">
<msg time="2024-06-20T07:14:15.616464" level="INFO">${list_country} = ['AD', 'AE', 'AF', 'AG', 'AI', 'AL', 'AM', 'AO', 'AQ', 'AR', 'AS', 'AT', 'AU', 'AW', 'AX', 'AZ', 'BA', 'BB', 'BD', 'BE', 'BF', 'BG', 'BH', 'BI', 'BJ', 'BL', 'BM', 'BN', 'BO', 'BQ', 'BR', 'BS', 'BT', '...</msg>
<var>${list_country}</var>
<arg>AD</arg>
<arg>AE</arg>
<arg>AF</arg>
<arg>AG</arg>
<arg>AI</arg>
<arg>AL</arg>
<arg>AM</arg>
<arg>AO</arg>
<arg>AQ</arg>
<arg>AR</arg>
<arg>AS</arg>
<arg>AT</arg>
<arg>AU</arg>
<arg>AW</arg>
<arg>AX</arg>
<arg>AZ</arg>
<arg>BA</arg>
<arg>BB</arg>
<arg>BD</arg>
<arg>BE</arg>
<arg>BF</arg>
<arg>BG</arg>
<arg>BH</arg>
<arg>BI</arg>
<arg>BJ</arg>
<arg>BL</arg>
<arg>BM</arg>
<arg>BN</arg>
<arg>BO</arg>
<arg>BQ</arg>
<arg>BR</arg>
<arg>BS</arg>
<arg>BT</arg>
<arg>BV</arg>
<arg>BW</arg>
<arg>BY</arg>
<arg>BZ</arg>
<arg>CA</arg>
<arg>CC</arg>
<arg>CD</arg>
<arg>CF</arg>
<arg>CG</arg>
<arg>CH</arg>
<arg>CI</arg>
<arg>CK</arg>
<arg>CL</arg>
<arg>CM</arg>
<arg>CN</arg>
<arg>CO</arg>
<arg>CR</arg>
<arg>CU</arg>
<arg>CV</arg>
<arg>CW</arg>
<arg>CX</arg>
<arg>CY</arg>
<arg>CZ</arg>
<arg>DE</arg>
<arg>DJ</arg>
<arg>DK</arg>
<arg>DM</arg>
<arg>DO</arg>
<arg>DZ</arg>
<arg>EC</arg>
<arg>EE</arg>
<arg>EG</arg>
<arg>EH</arg>
<arg>ER</arg>
<arg>ES</arg>
<arg>ET</arg>
<arg>FI</arg>
<arg>FJ</arg>
<arg>FK</arg>
<arg>FM</arg>
<arg>FO</arg>
<arg>FR</arg>
<arg>GA</arg>
<arg>GB</arg>
<arg>GD</arg>
<arg>GE</arg>
<arg>GF</arg>
<arg>GG</arg>
<arg>GH</arg>
<arg>GI</arg>
<arg>GL</arg>
<arg>GM</arg>
<arg>GN</arg>
<arg>GP</arg>
<arg>GQ</arg>
<arg>GR</arg>
<arg>GS</arg>
<arg>GT</arg>
<arg>GU</arg>
<arg>GW</arg>
<arg>GY</arg>
<arg>HK</arg>
<arg>HM</arg>
<arg>HN</arg>
<arg>HR</arg>
<arg>HT</arg>
<arg>HU</arg>
<arg>ID</arg>
<arg>IE</arg>
<arg>IL</arg>
<arg>IM</arg>
<arg>IN</arg>
<arg>IO</arg>
<arg>IQ</arg>
<arg>IR</arg>
<arg>IS</arg>
<arg>IT</arg>
<arg>JE</arg>
<arg>JM</arg>
<arg>JO</arg>
<arg>JP</arg>
<arg>KE</arg>
<arg>KG</arg>
<arg>KH</arg>
<arg>KI</arg>
<arg>KM</arg>
<arg>KN</arg>
<arg>KP</arg>
<arg>KR</arg>
<arg>KW</arg>
<arg>KY</arg>
<arg>KZ</arg>
<arg>LA</arg>
<arg>LB</arg>
<arg>LC</arg>
<arg>LI</arg>
<arg>LK</arg>
<arg>LR</arg>
<arg>LS</arg>
<arg>LT</arg>
<arg>LU</arg>
<arg>LV</arg>
<arg>LY</arg>
<arg>MA</arg>
<arg>MC</arg>
<arg>MD</arg>
<arg>ME</arg>
<arg>MF</arg>
<arg>MG</arg>
<arg>MH</arg>
<arg>MK</arg>
<arg>ML</arg>
<arg>MM</arg>
<arg>MN</arg>
<arg>MO</arg>
<arg>MP</arg>
<arg>MQ</arg>
<arg>MR</arg>
<arg>MS</arg>
<arg>MT</arg>
<arg>MU</arg>
<arg>MV</arg>
<arg>MW</arg>
<arg>MX</arg>
<arg>MY</arg>
<arg>MZ</arg>
<arg>NA</arg>
<arg>NC</arg>
<arg>NE</arg>
<arg>NF</arg>
<arg>NG</arg>
<arg>NI</arg>
<arg>NL</arg>
<arg>NO</arg>
<arg>NP</arg>
<arg>NR</arg>
<arg>NU</arg>
<arg>NZ</arg>
<arg>OM</arg>
<arg>PA</arg>
<arg>PE</arg>
<arg>PF</arg>
<arg>PG</arg>
<arg>PH</arg>
<arg>PK</arg>
<arg>PL</arg>
<arg>PM</arg>
<arg>PN</arg>
<arg>PR</arg>
<arg>PS</arg>
<arg>PT</arg>
<arg>PW</arg>
<arg>PY</arg>
<arg>QA</arg>
<arg>RE</arg>
<arg>RO</arg>
<arg>RS</arg>
<arg>RU</arg>
<arg>RW</arg>
<arg>SA</arg>
<arg>SB</arg>
<arg>SC</arg>
<arg>SD</arg>
<arg>SE</arg>
<arg>SG</arg>
<arg>SH</arg>
<arg>SI</arg>
<arg>SJ</arg>
<arg>SK</arg>
<arg>SL</arg>
<arg>SM</arg>
<arg>SN</arg>
<arg>SO</arg>
<arg>SR</arg>
<arg>SS</arg>
<arg>ST</arg>
<arg>SV</arg>
<arg>SX</arg>
<arg>SY</arg>
<arg>SZ</arg>
<arg>TC</arg>
<arg>TD</arg>
<arg>TF</arg>
<arg>TG</arg>
<arg>TH</arg>
<arg>TJ</arg>
<arg>TK</arg>
<arg>TL</arg>
<arg>TM</arg>
<arg>TN</arg>
<arg>TO</arg>
<arg>TR</arg>
<arg>TT</arg>
<arg>TV</arg>
<arg>TW</arg>
<arg>TZ</arg>
<arg>UA</arg>
<arg>UG</arg>
<arg>UM</arg>
<arg>US</arg>
<arg>UY</arg>
<arg>UZ</arg>
<arg>VA</arg>
<arg>VC</arg>
<arg>VE</arg>
<arg>VG</arg>
<arg>VI</arg>
<arg>VN</arg>
<arg>VU</arg>
<arg>WF</arg>
<arg>WS</arg>
<arg>XK</arg>
<arg>YE</arg>
<arg>YT</arg>
<arg>ZA</arg>
<arg>ZM</arg>
<arg>ZW</arg>
<doc>Returns a list containing given items.</doc>
<status status="PASS" start="2024-06-20T07:14:15.615831" elapsed="0.000659"/>
</kw>
<kw name="List Should Contain Value" owner="Collections">
<arg>${list_country}</arg>
<arg>${name_country}</arg>
<doc>Fails if the ``value`` is not found from ``list``.</doc>
<status status="PASS" start="2024-06-20T07:14:15.617291" elapsed="0.000204"/>
</kw>
<kw name="Run Keyword If" owner="BuiltIn">
<kw name="Should Be True" owner="BuiltIn">
<arg>${True}</arg>
<doc>Fails if the given condition is not true.</doc>
<status status="PASS" start="2024-06-20T07:14:15.618428" elapsed="0.000141"/>
</kw>
<arg>${json_data["results"][0]["location"]["coordinates"]["latitude"]} &gt;= -90 and ${json_data["results"][0]["location"]["coordinates"]["latitude"]} &lt;= 90</arg>
<arg>Should Be True</arg>
<arg>${True}</arg>
<doc>Runs the given keyword with the given arguments, if ``condition`` is true.</doc>
<status status="PASS" start="2024-06-20T07:14:15.617694" elapsed="0.000999"/>
</kw>
<kw name="Run Keyword If" owner="BuiltIn">
<kw name="Should Be True" owner="BuiltIn">
<arg>${True}</arg>
<doc>Fails if the given condition is not true.</doc>
<status status="PASS" start="2024-06-20T07:14:15.619553" elapsed="0.000244"/>
</kw>
<arg>${json_data["results"][0]["location"]["coordinates"]["longitude"]} &gt;= -180 and ${json_data["results"][0]["location"]["coordinates"]["longitude"]} &lt;= 180</arg>
<arg>Should Be True</arg>
<arg>${True}</arg>
<doc>Runs the given keyword with the given arguments, if ``condition`` is true.</doc>
<status status="PASS" start="2024-06-20T07:14:15.618872" elapsed="0.001054"/>
</kw>
<status status="PASS" start="2024-06-20T07:14:15.521862" elapsed="0.098227"/>
</kw>
<doc>Testa o conteúdo específico dos campos retornados pela API.</doc>
<tag>testeConteudo</tag>
<status status="PASS" start="2024-06-20T07:14:15.521411" elapsed="0.098839"/>
</test>
<status status="PASS" start="2024-06-20T07:14:14.689197" elapsed="0.932996"/>
</suite>
<status status="PASS" start="2024-06-20T07:14:14.674772" elapsed="0.952487"/>
</suite>
<statistics>
<total>
<stat pass="5" fail="0" skip="0">All Tests</stat>
</total>
<tag>
<stat pass="1" fail="0" skip="0">testeConteudo</stat>
<stat pass="1" fail="0" skip="0">testeEstruturaResposta</stat>
<stat pass="1" fail="0" skip="0">testeRequisicaoBasica</stat>
<stat pass="1" fail="0" skip="0">testeTiposDados</stat>
</tag>
<suite>
<stat pass="5" fail="0" skip="0" id="s1" name="Tests">Tests</stat>
<stat pass="5" fail="0" skip="0" id="s1-s1" name="Random-User-Test">Tests.Random-User-Test</stat>
</suite>
</statistics>
<errors>
</errors>
</robot>
