<?xml version="1.0" encoding="UTF-8"?>
<robot generator="Robot 7.0 (Python 3.12.3 on linux)" generated="2024-05-13T18:17:11.796407" rpa="false" schemaversion="5">
<suite id="s1" name="Tests" source="/home/runner/work/DesafioQAItauRogerioJordao/DesafioQAItauRogerioJordao/RamdonUser/tests">
<suite id="s1-s1" name="Random-User-Test" source="/home/runner/work/DesafioQAItauRogerioJordao/DesafioQAItauRogerioJordao/RamdonUser/tests/random-user-test.robot">
<test id="s1-s1-t1" name="Conectar" line="13">
<kw name="Conectar API" owner="random-user-service">
<kw name="Create Session" owner="RequestsLibrary">
<msg time="2024-05-13T18:17:12.176588" level="INFO">Creating Session using : alias=consultarAPI, url=https://randomuser.me/, headers={},                     cookies={}, auth=None, timeout=None, proxies=None, verify=False,                     debug=0 </msg>
<arg>consultarAPI</arg>
<arg>${URL}</arg>
<doc>Create Session: create a HTTP session to a server</doc>
<status status="PASS" start="2024-05-13T18:17:12.176393" elapsed="0.000374"/>
</kw>
<status status="PASS" start="2024-05-13T18:17:12.175474" elapsed="0.001664"/>
</kw>
<status status="PASS" start="2024-05-13T18:17:12.174861" elapsed="0.002475"/>
</test>
<test id="s1-s1-t2" name="Validar retorno 200 e JSON Válido" line="16">
<kw name="Teste de Requisicao Basica" owner="random-user-service">
<kw name="GET On Session" owner="RequestsLibrary">
<msg time="2024-05-13T18:17:12.262165" level="INFO">GET Request : url=https://randomuser.me/api 
 path_url=/api 
 headers={'User-Agent': 'python-requests/2.31.0', 'Accept-Encoding': 'gzip, deflate', 'Accept': '*/*', 'Connection': 'keep-alive'} 
 body=None 
 </msg>
<msg time="2024-05-13T18:17:12.262293" level="INFO">GET Response : url=https://randomuser.me/api 
 status=200, reason=OK 
 headers={'Date': 'Mon, 13 May 2024 18:17:12 GMT', 'Content-Type': 'application/json; charset=utf-8', 'Transfer-Encoding': 'chunked', 'Connection': 'keep-alive', 'X-Powered-By': 'Express', 'Access-Control-Allow-Origin': '*', 'Cache-Control': 'no-cache', 'ETag': 'W/"4b3-B0mCAild7iuPOL+IiCBYyVVbWsI"', 'Vary': 'Accept-Encoding', 'Content-Encoding': 'gzip', 'CF-Cache-Status': 'DYNAMIC', 'Report-To': '{"endpoints":[{"url":"https:\\/\\/a.nel.cloudflare.com\\/report\\/v4?s=TiSG667daxcGcmQPd8mO9kWvYvIHAFa1Mi5jm1e%2BGc4mT0vU5i0JJ1YY19D6qVdi657v6rc9K%2Bc7A2D58%2F0mIaqQ%2FUmuxNtDjrCpP7a%2FjhcotsiXntxVU3SIlytHHteK"}],"group":"cf-nel","max_age":604800}', 'NEL': '{"success_fraction":0,"report_to":"cf-nel","max_age":604800}', 'Server': 'cloudflare', 'CF-RAY': '8834a4db5dd03823-IAD', 'alt-svc': 'h3=":443"; ma=86400'} 
 body={"results":[{"gender":"female","name":{"title":"Mrs","first":"Miriam","last":"Thompson"},"location":{"street":{"number":1062,"name":"Hunters Creek Dr"},"city":"Hervey Bay","state":"Western Australia","country":"Australia","postcode":4573,"coordinates":{"latitude":"-82.0297","longitude":"18.3863"},"timezone":{"offset":"0:00","description":"Western Europe Time, London, Lisbon, Casablanca"}},"email":"miriam.thompson@example.com","login":{"uuid":"be86167f-3ef7-4ae4-9d78-763f957d8fd1","username":"orangeladybug467","password":"hurley","salt":"50EP5sg2","md5":"c157091aaa42e02339de3d6b38c5c62c","sha1":"3c2038617674da277829b2558afb1edb37604d0b","sha256":"7a518f9506adf44d90f7ad644f0d2bac685645790de9df8367e96945a4d53df6"},"dob":{"date":"1958-07-29T04:34:06.980Z","age":65},"registered":{"date":"2021-12-01T07:44:15.869Z","age":2},"phone":"03-4859-8041","cell":"0433-267-423","id":{"name":"TFN","value":"897047009"},"picture":{"large":"https://randomuser.me/api/portraits/women/55.jpg","medium":"https://randomuser.me/api/portraits/med/women/55.jpg","thumbnail":"https://randomuser.me/api/portraits/thumb/women/55.jpg"},"nat":"AU"}],"info":{"seed":"cc0caa4393c051a2","results":1,"page":1,"version":"1.4"}} 
 </msg>
<msg time="2024-05-13T18:17:12.262366" level="INFO">/opt/hostedtoolcache/Python/3.12.3/x64/lib/python3.12/site-packages/urllib3/connectionpool.py:1103: InsecureRequestWarning: Unverified HTTPS request is being made to host 'randomuser.me'. Adding certificate verification is strongly advised. See: https://urllib3.readthedocs.io/en/latest/advanced-usage.html#tls-warnings
  warnings.warn(</msg>
<msg time="2024-05-13T18:17:12.262500" level="INFO">${response} = &lt;Response [200]&gt;</msg>
<var>${response}</var>
<arg>consultarAPI</arg>
<arg>/api</arg>
<doc>Sends a GET request on a previously created HTTP Session.</doc>
<status status="PASS" start="2024-05-13T18:17:12.180002" elapsed="0.082537"/>
</kw>
<kw name="Should Be Equal As Numbers" owner="BuiltIn">
<msg time="2024-05-13T18:17:12.263466" level="INFO">Argument types are:
&lt;class 'int'&gt;
&lt;class 'str'&gt;</msg>
<arg>${response.status_code}</arg>
<arg>200</arg>
<doc>Fails if objects are unequal after converting them to real numbers.</doc>
<status status="PASS" start="2024-05-13T18:17:12.263019" elapsed="0.000514"/>
</kw>
<kw name="Log" owner="BuiltIn">
<msg time="2024-05-13T18:17:12.264275" level="INFO">200</msg>
<arg>${response.status_code}</arg>
<doc>Logs the given message with the given level.</doc>
<status status="PASS" start="2024-05-13T18:17:12.263902" elapsed="0.000417"/>
</kw>
<kw name="Set Variable" owner="BuiltIn">
<msg time="2024-05-13T18:17:12.265087" level="INFO">${json_data} = {'results': [{'gender': 'female', 'name': {'title': 'Mrs', 'first': 'Miriam', 'last': 'Thompson'}, 'location': {'street': {'number': 1062, 'name': 'Hunters Creek Dr'}, 'city': 'Hervey Bay', 'state': '...</msg>
<var>${json_data}</var>
<arg>${response.json()}</arg>
<doc>Returns the given values which can then be assigned to a variables.</doc>
<status status="PASS" start="2024-05-13T18:17:12.264635" elapsed="0.000512"/>
</kw>
<kw name="Dictionary Should Contain Key" owner="Collections">
<msg time="2024-05-13T18:17:12.265643" level="INFO">False</msg>
<arg>${json_data}</arg>
<arg>results</arg>
<doc>Fails if ``key`` is not found from ``dictionary``.</doc>
<status status="PASS" start="2024-05-13T18:17:12.265472" elapsed="0.000211"/>
</kw>
<status status="PASS" start="2024-05-13T18:17:12.179755" elapsed="0.086189"/>
</kw>
<doc>Testa se a API responde corretamente e retorna um objeto JSON válido.</doc>
<tag>testeRequisicaoBasica</tag>
<status status="PASS" start="2024-05-13T18:17:12.179212" elapsed="0.086911"/>
</test>
<test id="s1-s1-t3" name="Validar estrutura de resposta" line="22">
<kw name="Teste de Estrutura de Resposta" owner="random-user-service">
<kw name="GET On Session" owner="RequestsLibrary">
<msg time="2024-05-13T18:17:12.352734" level="INFO">GET Request : url=https://randomuser.me/api 
 path_url=/api 
 headers={'User-Agent': 'python-requests/2.31.0', 'Accept-Encoding': 'gzip, deflate', 'Accept': '*/*', 'Connection': 'keep-alive'} 
 body=None 
 </msg>
<msg time="2024-05-13T18:17:12.352822" level="INFO">GET Response : url=https://randomuser.me/api 
 status=200, reason=OK 
 headers={'Date': 'Mon, 13 May 2024 18:17:12 GMT', 'Content-Type': 'application/json; charset=utf-8', 'Transfer-Encoding': 'chunked', 'Connection': 'keep-alive', 'X-Powered-By': 'Express', 'Access-Control-Allow-Origin': '*', 'Cache-Control': 'no-cache', 'ETag': 'W/"471-7B6T4491MJsV+L8ITlpv0xY/zQQ"', 'Vary': 'Accept-Encoding', 'Content-Encoding': 'gzip', 'CF-Cache-Status': 'DYNAMIC', 'Report-To': '{"endpoints":[{"url":"https:\\/\\/a.nel.cloudflare.com\\/report\\/v4?s=Ie4RXUh04yYyDMH1%2BdPmECTsFRECuZiHk8dF6XTH9eolti8ELLa9pNWJBmxjydgG4CBbTcK1oGu4bIPzC%2BiIi4X7G3thWFMhYsPraoaypnJaIOGXm%2Bc7V6z1UQ%2F9haLB"}],"group":"cf-nel","max_age":604800}', 'NEL': '{"success_fraction":0,"report_to":"cf-nel","max_age":604800}', 'Server': 'cloudflare', 'CF-RAY': '8834a4dbbe0c3823-IAD', 'alt-svc': 'h3=":443"; ma=86400'} 
 body={"results":[{"gender":"male","name":{"title":"Mr","first":"Lev","last":"Ohrimenko"},"location":{"street":{"number":3752,"name":"Grigoriya Tesli"},"city":"Zmiyiv","state":"Lvivska","country":"Ukraine","postcode":35705,"coordinates":{"latitude":"80.0656","longitude":"-32.0916"},"timezone":{"offset":"-3:30","description":"Newfoundland"}},"email":"lev.ohrimenko@example.com","login":{"uuid":"7a46e584-7b8b-4c1f-8818-43292c08a002","username":"beautifullion335","password":"lonewolf","salt":"ESGUWf9F","md5":"51b814e3d571a24fb61621426bd7e4db","sha1":"0758763ead6ee7006b86d11b0b224d17064aa5a5","sha256":"c3bb1f6832db70f99b6979729c1a2382cb20600f4fe66d2f75b989364f37c856"},"dob":{"date":"1958-01-10T01:53:58.037Z","age":66},"registered":{"date":"2004-10-28T11:15:20.890Z","age":19},"phone":"(067) U05-6001","cell":"(068) X34-1876","id":{"name":"","value":null},"picture":{"large":"https://randomuser.me/api/portraits/men/62.jpg","medium":"https://randomuser.me/api/portraits/med/men/62.jpg","thumbnail":"https://randomuser.me/api/portraits/thumb/men/62.jpg"},"nat":"UA"}],"info":{"seed":"dfe26c18acfdba31","results":1,"page":1,"version":"1.4"}} 
 </msg>
<msg time="2024-05-13T18:17:12.352947" level="INFO">/opt/hostedtoolcache/Python/3.12.3/x64/lib/python3.12/site-packages/urllib3/connectionpool.py:1103: InsecureRequestWarning: Unverified HTTPS request is being made to host 'randomuser.me'. Adding certificate verification is strongly advised. See: https://urllib3.readthedocs.io/en/latest/advanced-usage.html#tls-warnings
  warnings.warn(</msg>
<msg time="2024-05-13T18:17:12.353043" level="INFO">${response} = &lt;Response [200]&gt;</msg>
<var>${response}</var>
<arg>consultarAPI</arg>
<arg>/api</arg>
<doc>Sends a GET request on a previously created HTTP Session.</doc>
<status status="PASS" start="2024-05-13T18:17:12.268842" elapsed="0.084243"/>
</kw>
<kw name="Set Variable" owner="BuiltIn">
<msg time="2024-05-13T18:17:12.354171" level="INFO">${json_data} = {'results': [{'gender': 'male', 'name': {'title': 'Mr', 'first': 'Lev', 'last': 'Ohrimenko'}, 'location': {'street': {'number': 3752, 'name': 'Grigoriya Tesli'}, 'city': 'Zmiyiv', 'state': 'Lvivska', ...</msg>
<var>${json_data}</var>
<arg>${response.json()}</arg>
<doc>Returns the given values which can then be assigned to a variables.</doc>
<status status="PASS" start="2024-05-13T18:17:12.353577" elapsed="0.000622"/>
</kw>
<kw name="Log" owner="BuiltIn">
<msg time="2024-05-13T18:17:12.354696" level="INFO">{'results': [{'gender': 'male', 'name': {'title': 'Mr', 'first': 'Lev', 'last': 'Ohrimenko'}, 'location': {'street': {'number': 3752, 'name': 'Grigoriya Tesli'}, 'city': 'Zmiyiv', 'state': 'Lvivska', 'country': 'Ukraine', 'postcode': 35705, 'coordinates': {'latitude': '80.0656', 'longitude': '-32.0916'}, 'timezone': {'offset': '-3:30', 'description': 'Newfoundland'}}, 'email': 'lev.ohrimenko@example.com', 'login': {'uuid': '7a46e584-7b8b-4c1f-8818-43292c08a002', 'username': 'beautifullion335', 'password': 'lonewolf', 'salt': 'ESGUWf9F', 'md5': '51b814e3d571a24fb61621426bd7e4db', 'sha1': '0758763ead6ee7006b86d11b0b224d17064aa5a5', 'sha256': 'c3bb1f6832db70f99b6979729c1a2382cb20600f4fe66d2f75b989364f37c856'}, 'dob': {'date': '1958-01-10T01:53:58.037Z', 'age': 66}, 'registered': {'date': '2004-10-28T11:15:20.890Z', 'age': 19}, 'phone': '(067) U05-6001', 'cell': '(068) X34-1876', 'id': {'name': '', 'value': None}, 'picture': {'large': 'https://randomuser.me/api/portraits/men/62.jpg', 'medium': 'https://randomuser.me/api/portraits/med/men/62.jpg', 'thumbnail': 'https://randomuser.me/api/portraits/thumb/men/62.jpg'}, 'nat': 'UA'}], 'info': {'seed': 'dfe26c18acfdba31', 'results': 1, 'page': 1, 'version': '1.4'}}</msg>
<arg>${json_data}</arg>
<doc>Logs the given message with the given level.</doc>
<status status="PASS" start="2024-05-13T18:17:12.354532" elapsed="0.000212"/>
</kw>
<kw name="Dictionary Should Contain Key" owner="Collections">
<msg time="2024-05-13T18:17:12.355205" level="INFO">False</msg>
<arg>${json_data}</arg>
<arg>results</arg>
<doc>Fails if ``key`` is not found from ``dictionary``.</doc>
<status status="PASS" start="2024-05-13T18:17:12.355050" elapsed="0.000193"/>
</kw>
<kw name="Should Not Be Empty" owner="BuiltIn">
<msg time="2024-05-13T18:17:12.355668" level="INFO">Length is 2.</msg>
<arg>${json_data}</arg>
<doc>Verifies that the given item is not empty.</doc>
<status status="PASS" start="2024-05-13T18:17:12.355536" elapsed="0.000169"/>
</kw>
<kw name="Create List" owner="BuiltIn">
<msg time="2024-05-13T18:17:12.356281" level="INFO">${expected_keys} = ['gender', 'name', 'location', 'email', 'login']</msg>
<var>${expected_keys}</var>
<arg>gender</arg>
<arg>name</arg>
<arg>location</arg>
<arg>email</arg>
<arg>login</arg>
<doc>Returns a list containing given items.</doc>
<status status="PASS" start="2024-05-13T18:17:12.355995" elapsed="0.000311"/>
</kw>
<for flavor="IN">
<iter>
<kw name="Dictionary Should Contain Key" owner="Collections">
<msg time="2024-05-13T18:17:12.357337" level="INFO">False</msg>
<arg>${json_data['results'][0]}</arg>
<arg>${key}</arg>
<doc>Fails if ``key`` is not found from ``dictionary``.</doc>
<status status="PASS" start="2024-05-13T18:17:12.356888" elapsed="0.000488"/>
</kw>
<kw name="Log" owner="BuiltIn">
<msg time="2024-05-13T18:17:12.358048" level="INFO">{'gender': 'male', 'name': {'title': 'Mr', 'first': 'Lev', 'last': 'Ohrimenko'}, 'location': {'street': {'number': 3752, 'name': 'Grigoriya Tesli'}, 'city': 'Zmiyiv', 'state': 'Lvivska', 'country': 'Ukraine', 'postcode': 35705, 'coordinates': {'latitude': '80.0656', 'longitude': '-32.0916'}, 'timezone': {'offset': '-3:30', 'description': 'Newfoundland'}}, 'email': 'lev.ohrimenko@example.com', 'login': {'uuid': '7a46e584-7b8b-4c1f-8818-43292c08a002', 'username': 'beautifullion335', 'password': 'lonewolf', 'salt': 'ESGUWf9F', 'md5': '51b814e3d571a24fb61621426bd7e4db', 'sha1': '0758763ead6ee7006b86d11b0b224d17064aa5a5', 'sha256': 'c3bb1f6832db70f99b6979729c1a2382cb20600f4fe66d2f75b989364f37c856'}, 'dob': {'date': '1958-01-10T01:53:58.037Z', 'age': 66}, 'registered': {'date': '2004-10-28T11:15:20.890Z', 'age': 19}, 'phone': '(067) U05-6001', 'cell': '(068) X34-1876', 'id': {'name': '', 'value': None}, 'picture': {'large': 'https://randomuser.me/api/portraits/men/62.jpg', 'medium': 'https://randomuser.me/api/portraits/med/men/62.jpg', 'thumbnail': 'https://randomuser.me/api/portraits/thumb/men/62.jpg'}, 'nat': 'UA'}</msg>
<arg>${json_data['results'][0]}</arg>
<doc>Logs the given message with the given level.</doc>
<status status="PASS" start="2024-05-13T18:17:12.357680" elapsed="0.000415"/>
</kw>
<kw name="Log" owner="BuiltIn">
<msg time="2024-05-13T18:17:12.358536" level="INFO">gender</msg>
<arg>${key}</arg>
<doc>Logs the given message with the given level.</doc>
<status status="PASS" start="2024-05-13T18:17:12.358396" elapsed="0.000177"/>
</kw>
<var name="${key}">gender</var>
<status status="PASS" start="2024-05-13T18:17:12.356760" elapsed="0.002027"/>
</iter>
<iter>
<kw name="Dictionary Should Contain Key" owner="Collections">
<msg time="2024-05-13T18:17:12.359490" level="INFO">False</msg>
<arg>${json_data['results'][0]}</arg>
<arg>${key}</arg>
<doc>Fails if ``key`` is not found from ``dictionary``.</doc>
<status status="PASS" start="2024-05-13T18:17:12.359102" elapsed="0.000425"/>
</kw>
<kw name="Log" owner="BuiltIn">
<msg time="2024-05-13T18:17:12.360223" level="INFO">{'gender': 'male', 'name': {'title': 'Mr', 'first': 'Lev', 'last': 'Ohrimenko'}, 'location': {'street': {'number': 3752, 'name': 'Grigoriya Tesli'}, 'city': 'Zmiyiv', 'state': 'Lvivska', 'country': 'Ukraine', 'postcode': 35705, 'coordinates': {'latitude': '80.0656', 'longitude': '-32.0916'}, 'timezone': {'offset': '-3:30', 'description': 'Newfoundland'}}, 'email': 'lev.ohrimenko@example.com', 'login': {'uuid': '7a46e584-7b8b-4c1f-8818-43292c08a002', 'username': 'beautifullion335', 'password': 'lonewolf', 'salt': 'ESGUWf9F', 'md5': '51b814e3d571a24fb61621426bd7e4db', 'sha1': '0758763ead6ee7006b86d11b0b224d17064aa5a5', 'sha256': 'c3bb1f6832db70f99b6979729c1a2382cb20600f4fe66d2f75b989364f37c856'}, 'dob': {'date': '1958-01-10T01:53:58.037Z', 'age': 66}, 'registered': {'date': '2004-10-28T11:15:20.890Z', 'age': 19}, 'phone': '(067) U05-6001', 'cell': '(068) X34-1876', 'id': {'name': '', 'value': None}, 'picture': {'large': 'https://randomuser.me/api/portraits/men/62.jpg', 'medium': 'https://randomuser.me/api/portraits/med/men/62.jpg', 'thumbnail': 'https://randomuser.me/api/portraits/thumb/men/62.jpg'}, 'nat': 'UA'}</msg>
<arg>${json_data['results'][0]}</arg>
<doc>Logs the given message with the given level.</doc>
<status status="PASS" start="2024-05-13T18:17:12.359857" elapsed="0.000413"/>
</kw>
<kw name="Log" owner="BuiltIn">
<msg time="2024-05-13T18:17:12.360696" level="INFO">name</msg>
<arg>${key}</arg>
<doc>Logs the given message with the given level.</doc>
<status status="PASS" start="2024-05-13T18:17:12.360567" elapsed="0.000167"/>
</kw>
<var name="${key}">name</var>
<status status="PASS" start="2024-05-13T18:17:12.358978" elapsed="0.001971"/>
</iter>
<iter>
<kw name="Dictionary Should Contain Key" owner="Collections">
<msg time="2024-05-13T18:17:12.361670" level="INFO">False</msg>
<arg>${json_data['results'][0]}</arg>
<arg>${key}</arg>
<doc>Fails if ``key`` is not found from ``dictionary``.</doc>
<status status="PASS" start="2024-05-13T18:17:12.361279" elapsed="0.000428"/>
</kw>
<kw name="Log" owner="BuiltIn">
<msg time="2024-05-13T18:17:12.362367" level="INFO">{'gender': 'male', 'name': {'title': 'Mr', 'first': 'Lev', 'last': 'Ohrimenko'}, 'location': {'street': {'number': 3752, 'name': 'Grigoriya Tesli'}, 'city': 'Zmiyiv', 'state': 'Lvivska', 'country': 'Ukraine', 'postcode': 35705, 'coordinates': {'latitude': '80.0656', 'longitude': '-32.0916'}, 'timezone': {'offset': '-3:30', 'description': 'Newfoundland'}}, 'email': 'lev.ohrimenko@example.com', 'login': {'uuid': '7a46e584-7b8b-4c1f-8818-43292c08a002', 'username': 'beautifullion335', 'password': 'lonewolf', 'salt': 'ESGUWf9F', 'md5': '51b814e3d571a24fb61621426bd7e4db', 'sha1': '0758763ead6ee7006b86d11b0b224d17064aa5a5', 'sha256': 'c3bb1f6832db70f99b6979729c1a2382cb20600f4fe66d2f75b989364f37c856'}, 'dob': {'date': '1958-01-10T01:53:58.037Z', 'age': 66}, 'registered': {'date': '2004-10-28T11:15:20.890Z', 'age': 19}, 'phone': '(067) U05-6001', 'cell': '(068) X34-1876', 'id': {'name': '', 'value': None}, 'picture': {'large': 'https://randomuser.me/api/portraits/men/62.jpg', 'medium': 'https://randomuser.me/api/portraits/med/men/62.jpg', 'thumbnail': 'https://randomuser.me/api/portraits/thumb/men/62.jpg'}, 'nat': 'UA'}</msg>
<arg>${json_data['results'][0]}</arg>
<doc>Logs the given message with the given level.</doc>
<status status="PASS" start="2024-05-13T18:17:12.362008" elapsed="0.000407"/>
</kw>
<kw name="Log" owner="BuiltIn">
<msg time="2024-05-13T18:17:12.362832" level="INFO">location</msg>
<arg>${key}</arg>
<doc>Logs the given message with the given level.</doc>
<status status="PASS" start="2024-05-13T18:17:12.362708" elapsed="0.000161"/>
</kw>
<var name="${key}">location</var>
<status status="PASS" start="2024-05-13T18:17:12.361158" elapsed="0.001924"/>
</iter>
<iter>
<kw name="Dictionary Should Contain Key" owner="Collections">
<msg time="2024-05-13T18:17:12.363758" level="INFO">False</msg>
<arg>${json_data['results'][0]}</arg>
<arg>${key}</arg>
<doc>Fails if ``key`` is not found from ``dictionary``.</doc>
<status status="PASS" start="2024-05-13T18:17:12.363368" elapsed="0.000427"/>
</kw>
<kw name="Log" owner="BuiltIn">
<msg time="2024-05-13T18:17:12.364461" level="INFO">{'gender': 'male', 'name': {'title': 'Mr', 'first': 'Lev', 'last': 'Ohrimenko'}, 'location': {'street': {'number': 3752, 'name': 'Grigoriya Tesli'}, 'city': 'Zmiyiv', 'state': 'Lvivska', 'country': 'Ukraine', 'postcode': 35705, 'coordinates': {'latitude': '80.0656', 'longitude': '-32.0916'}, 'timezone': {'offset': '-3:30', 'description': 'Newfoundland'}}, 'email': 'lev.ohrimenko@example.com', 'login': {'uuid': '7a46e584-7b8b-4c1f-8818-43292c08a002', 'username': 'beautifullion335', 'password': 'lonewolf', 'salt': 'ESGUWf9F', 'md5': '51b814e3d571a24fb61621426bd7e4db', 'sha1': '0758763ead6ee7006b86d11b0b224d17064aa5a5', 'sha256': 'c3bb1f6832db70f99b6979729c1a2382cb20600f4fe66d2f75b989364f37c856'}, 'dob': {'date': '1958-01-10T01:53:58.037Z', 'age': 66}, 'registered': {'date': '2004-10-28T11:15:20.890Z', 'age': 19}, 'phone': '(067) U05-6001', 'cell': '(068) X34-1876', 'id': {'name': '', 'value': None}, 'picture': {'large': 'https://randomuser.me/api/portraits/men/62.jpg', 'medium': 'https://randomuser.me/api/portraits/med/men/62.jpg', 'thumbnail': 'https://randomuser.me/api/portraits/thumb/men/62.jpg'}, 'nat': 'UA'}</msg>
<arg>${json_data['results'][0]}</arg>
<doc>Logs the given message with the given level.</doc>
<status status="PASS" start="2024-05-13T18:17:12.364093" elapsed="0.000414"/>
</kw>
<kw name="Log" owner="BuiltIn">
<msg time="2024-05-13T18:17:12.364929" level="INFO">email</msg>
<arg>${key}</arg>
<doc>Logs the given message with the given level.</doc>
<status status="PASS" start="2024-05-13T18:17:12.364802" elapsed="0.000164"/>
</kw>
<var name="${key}">email</var>
<status status="PASS" start="2024-05-13T18:17:12.363257" elapsed="0.001960"/>
</iter>
<iter>
<kw name="Dictionary Should Contain Key" owner="Collections">
<msg time="2024-05-13T18:17:12.365887" level="INFO">False</msg>
<arg>${json_data['results'][0]}</arg>
<arg>${key}</arg>
<doc>Fails if ``key`` is not found from ``dictionary``.</doc>
<status status="PASS" start="2024-05-13T18:17:12.365504" elapsed="0.000421"/>
</kw>
<kw name="Log" owner="BuiltIn">
<msg time="2024-05-13T18:17:12.366579" level="INFO">{'gender': 'male', 'name': {'title': 'Mr', 'first': 'Lev', 'last': 'Ohrimenko'}, 'location': {'street': {'number': 3752, 'name': 'Grigoriya Tesli'}, 'city': 'Zmiyiv', 'state': 'Lvivska', 'country': 'Ukraine', 'postcode': 35705, 'coordinates': {'latitude': '80.0656', 'longitude': '-32.0916'}, 'timezone': {'offset': '-3:30', 'description': 'Newfoundland'}}, 'email': 'lev.ohrimenko@example.com', 'login': {'uuid': '7a46e584-7b8b-4c1f-8818-43292c08a002', 'username': 'beautifullion335', 'password': 'lonewolf', 'salt': 'ESGUWf9F', 'md5': '51b814e3d571a24fb61621426bd7e4db', 'sha1': '0758763ead6ee7006b86d11b0b224d17064aa5a5', 'sha256': 'c3bb1f6832db70f99b6979729c1a2382cb20600f4fe66d2f75b989364f37c856'}, 'dob': {'date': '1958-01-10T01:53:58.037Z', 'age': 66}, 'registered': {'date': '2004-10-28T11:15:20.890Z', 'age': 19}, 'phone': '(067) U05-6001', 'cell': '(068) X34-1876', 'id': {'name': '', 'value': None}, 'picture': {'large': 'https://randomuser.me/api/portraits/men/62.jpg', 'medium': 'https://randomuser.me/api/portraits/med/men/62.jpg', 'thumbnail': 'https://randomuser.me/api/portraits/thumb/men/62.jpg'}, 'nat': 'UA'}</msg>
<arg>${json_data['results'][0]}</arg>
<doc>Logs the given message with the given level.</doc>
<status status="PASS" start="2024-05-13T18:17:12.366217" elapsed="0.000409"/>
</kw>
<kw name="Log" owner="BuiltIn">
<msg time="2024-05-13T18:17:12.367050" level="INFO">login</msg>
<arg>${key}</arg>
<doc>Logs the given message with the given level.</doc>
<status status="PASS" start="2024-05-13T18:17:12.366925" elapsed="0.000163"/>
</kw>
<var name="${key}">login</var>
<status status="PASS" start="2024-05-13T18:17:12.365393" elapsed="0.001908"/>
</iter>
<var>${key}</var>
<value>@{expected_keys}</value>
<status status="PASS" start="2024-05-13T18:17:12.356573" elapsed="0.010849"/>
</for>
<kw name="Create List" owner="BuiltIn">
<msg time="2024-05-13T18:17:12.367785" level="INFO">${expected_keysTwo} = ['username', 'password']</msg>
<var>${expected_keysTwo}</var>
<arg>username</arg>
<arg>password</arg>
<doc>Returns a list containing given items.</doc>
<status status="PASS" start="2024-05-13T18:17:12.367647" elapsed="0.000161"/>
</kw>
<for flavor="IN">
<iter>
<kw name="Dictionary Should Contain Key" owner="Collections">
<msg time="2024-05-13T18:17:12.368692" level="INFO">False</msg>
<arg>${json_data['results'][0]['login']}</arg>
<arg>${keyTwo}</arg>
<doc>Fails if ``key`` is not found from ``dictionary``.</doc>
<status status="PASS" start="2024-05-13T18:17:12.368303" elapsed="0.000427"/>
</kw>
<kw name="Dictionary Should Contain Key" owner="Collections">
<msg time="2024-05-13T18:17:12.369442" level="INFO">False</msg>
<arg>${json_data['results'][0]['login']}</arg>
<arg>${keyTwo}</arg>
<doc>Fails if ``key`` is not found from ``dictionary``.</doc>
<status status="PASS" start="2024-05-13T18:17:12.369028" elapsed="0.000452"/>
</kw>
<kw name="Log" owner="BuiltIn">
<msg time="2024-05-13T18:17:12.369897" level="INFO">username</msg>
<arg>${keyTwo}</arg>
<doc>Logs the given message with the given level.</doc>
<status status="PASS" start="2024-05-13T18:17:12.369772" elapsed="0.000167"/>
</kw>
<var name="${keyTwo}">username</var>
<status status="PASS" start="2024-05-13T18:17:12.368194" elapsed="0.001958"/>
</iter>
<iter>
<kw name="Dictionary Should Contain Key" owner="Collections">
<msg time="2024-05-13T18:17:12.370824" level="INFO">False</msg>
<arg>${json_data['results'][0]['login']}</arg>
<arg>${keyTwo}</arg>
<doc>Fails if ``key`` is not found from ``dictionary``.</doc>
<status status="PASS" start="2024-05-13T18:17:12.370436" elapsed="0.000425"/>
</kw>
<kw name="Dictionary Should Contain Key" owner="Collections">
<msg time="2024-05-13T18:17:12.371615" level="INFO">False</msg>
<arg>${json_data['results'][0]['login']}</arg>
<arg>${keyTwo}</arg>
<doc>Fails if ``key`` is not found from ``dictionary``.</doc>
<status status="PASS" start="2024-05-13T18:17:12.371154" elapsed="0.000499"/>
</kw>
<kw name="Log" owner="BuiltIn">
<msg time="2024-05-13T18:17:12.372080" level="INFO">password</msg>
<arg>${keyTwo}</arg>
<doc>Logs the given message with the given level.</doc>
<status status="PASS" start="2024-05-13T18:17:12.371950" elapsed="0.000168"/>
</kw>
<var name="${keyTwo}">password</var>
<status status="PASS" start="2024-05-13T18:17:12.370324" elapsed="0.002012"/>
</iter>
<var>${keyTwo}</var>
<value>@{expected_keysTwo}</value>
<status status="PASS" start="2024-05-13T18:17:12.368042" elapsed="0.004418"/>
</for>
<status status="PASS" start="2024-05-13T18:17:12.268604" elapsed="0.104006"/>
</kw>
<doc>Testa a estrutura da resposta da API.</doc>
<tag>testeEstruturaResposta</tag>
<status status="PASS" start="2024-05-13T18:17:12.268005" elapsed="0.104754"/>
</test>
<test id="s1-s1-t4" name="Validar tipos de dados" line="28">
<kw name="Teste de Tipos de Dados" owner="random-user-service">
<kw name="GET On Session" owner="RequestsLibrary">
<msg time="2024-05-13T18:17:12.458437" level="INFO">GET Request : url=https://randomuser.me/api 
 path_url=/api 
 headers={'User-Agent': 'python-requests/2.31.0', 'Accept-Encoding': 'gzip, deflate', 'Accept': '*/*', 'Connection': 'keep-alive'} 
 body=None 
 </msg>
<msg time="2024-05-13T18:17:12.458517" level="INFO">GET Response : url=https://randomuser.me/api 
 status=200, reason=OK 
 headers={'Date': 'Mon, 13 May 2024 18:17:12 GMT', 'Content-Type': 'application/json; charset=utf-8', 'Transfer-Encoding': 'chunked', 'Connection': 'keep-alive', 'X-Powered-By': 'Express', 'Access-Control-Allow-Origin': '*', 'Cache-Control': 'no-cache', 'ETag': 'W/"49a-oGffOekUjCaPf1QNSI5s0bZuVgQ"', 'Vary': 'Accept-Encoding', 'Content-Encoding': 'gzip', 'CF-Cache-Status': 'DYNAMIC', 'Report-To': '{"endpoints":[{"url":"https:\\/\\/a.nel.cloudflare.com\\/report\\/v4?s=MHPjHri8Q2P9%2BQjSJ9KPySGSPODo43p7wz%2FELuCzV9tqA9ADzHZzWorFuhiju6oEFPuiTdwmH%2F1a3CyLreUY6rZ14Ava1gh%2BOSiI3R7rurdnN4vWFM0tur22BfOJVRiT"}],"group":"cf-nel","max_age":604800}', 'NEL': '{"success_fraction":0,"report_to":"cf-nel","max_age":604800}', 'Server': 'cloudflare', 'CF-RAY': '8834a4dc5e543823-IAD', 'alt-svc': 'h3=":443"; ma=86400'} 
 body={"results":[{"gender":"female","name":{"title":"Mrs","first":"Maeva","last":"Barnaby"},"location":{"street":{"number":8038,"name":"Parliament St"},"city":"Odessa","state":"Québec","country":"Canada","postcode":"D4T 2X8","coordinates":{"latitude":"-69.3825","longitude":"127.1925"},"timezone":{"offset":"-4:00","description":"Atlantic Time (Canada), Caracas, La Paz"}},"email":"maeva.barnaby@example.com","login":{"uuid":"b184cbac-4746-4ae8-a778-6741b003873f","username":"orangegorilla502","password":"julie","salt":"EsxN6G6C","md5":"90cf8496ee3878b5ca55b7d2a9cff07f","sha1":"d9e7989cec282b84ea5bf886adedbccb7db5bac6","sha256":"eac16de7898e18226db4e70349099e7d0386c43bda039673f8f481027aa538e5"},"dob":{"date":"1959-05-20T05:16:08.645Z","age":64},"registered":{"date":"2004-05-21T20:34:54.539Z","age":19},"phone":"A02 N42-9876","cell":"M12 L73-8442","id":{"name":"SIN","value":"091732404"},"picture":{"large":"https://randomuser.me/api/portraits/women/72.jpg","medium":"https://randomuser.me/api/portraits/med/women/72.jpg","thumbnail":"https://randomuser.me/api/portraits/thumb/women/72.jpg"},"nat":"CA"}],"info":{"seed":"3ad911c1c8573310","results":1,"page":1,"version":"1.4"}} 
 </msg>
<msg time="2024-05-13T18:17:12.458588" level="INFO">/opt/hostedtoolcache/Python/3.12.3/x64/lib/python3.12/site-packages/urllib3/connectionpool.py:1103: InsecureRequestWarning: Unverified HTTPS request is being made to host 'randomuser.me'. Adding certificate verification is strongly advised. See: https://urllib3.readthedocs.io/en/latest/advanced-usage.html#tls-warnings
  warnings.warn(</msg>
<msg time="2024-05-13T18:17:12.458699" level="INFO">${response} = &lt;Response [200]&gt;</msg>
<var>${response}</var>
<arg>consultarAPI</arg>
<arg>/api</arg>
<doc>Sends a GET request on a previously created HTTP Session.</doc>
<status status="PASS" start="2024-05-13T18:17:12.375339" elapsed="0.083410"/>
</kw>
<kw name="Set Variable" owner="BuiltIn">
<msg time="2024-05-13T18:17:12.459829" level="INFO">${json_data} = {'results': [{'gender': 'female', 'name': {'title': 'Mrs', 'first': 'Maeva', 'last': 'Barnaby'}, 'location': {'street': {'number': 8038, 'name': 'Parliament St'}, 'city': 'Odessa', 'state': 'Québec', ...</msg>
<var>${json_data}</var>
<arg>${response.json()}</arg>
<doc>Returns the given values which can then be assigned to a variables.</doc>
<status status="PASS" start="2024-05-13T18:17:12.459267" elapsed="0.000592"/>
</kw>
<kw name="Log" owner="BuiltIn">
<msg time="2024-05-13T18:17:12.460328" level="INFO">{'results': [{'gender': 'female', 'name': {'title': 'Mrs', 'first': 'Maeva', 'last': 'Barnaby'}, 'location': {'street': {'number': 8038, 'name': 'Parliament St'}, 'city': 'Odessa', 'state': 'Québec', 'country': 'Canada', 'postcode': 'D4T 2X8', 'coordinates': {'latitude': '-69.3825', 'longitude': '127.1925'}, 'timezone': {'offset': '-4:00', 'description': 'Atlantic Time (Canada), Caracas, La Paz'}}, 'email': 'maeva.barnaby@example.com', 'login': {'uuid': 'b184cbac-4746-4ae8-a778-6741b003873f', 'username': 'orangegorilla502', 'password': 'julie', 'salt': 'EsxN6G6C', 'md5': '90cf8496ee3878b5ca55b7d2a9cff07f', 'sha1': 'd9e7989cec282b84ea5bf886adedbccb7db5bac6', 'sha256': 'eac16de7898e18226db4e70349099e7d0386c43bda039673f8f481027aa538e5'}, 'dob': {'date': '1959-05-20T05:16:08.645Z', 'age': 64}, 'registered': {'date': '2004-05-21T20:34:54.539Z', 'age': 19}, 'phone': 'A02 N42-9876', 'cell': 'M12 L73-8442', 'id': {'name': 'SIN', 'value': '091732404'}, 'picture': {'large': 'https://randomuser.me/api/portraits/women/72.jpg', 'medium': 'https://randomuser.me/api/portraits/med/women/72.jpg', 'thumbnail': 'https://randomuser.me/api/portraits/thumb/women/72.jpg'}, 'nat': 'CA'}], 'info': {'seed': '3ad911c1c8573310', 'results': 1, 'page': 1, 'version': '1.4'}}</msg>
<arg>${json_data}</arg>
<doc>Logs the given message with the given level.</doc>
<status status="PASS" start="2024-05-13T18:17:12.460172" elapsed="0.000207"/>
</kw>
<kw name="Should Be String" owner="String">
<arg>${json_data['results'][0]['gender']}</arg>
<doc>Fails if the given ``item`` is not a string.</doc>
<status status="PASS" start="2024-05-13T18:17:12.460703" elapsed="0.000368"/>
</kw>
<kw name="Should Match Regexp" owner="BuiltIn">
<arg>${json_data['results'][0]['email']}</arg>
<arg>^[a-zA-Z0-9._%+-]+@[a-zA-Z0-9.-]+\.[a-zA-Z]{2,}$</arg>
<doc>Fails if ``string`` does not match ``pattern`` as a regular expression.</doc>
<status status="PASS" start="2024-05-13T18:17:12.461306" elapsed="0.000523"/>
</kw>
<kw name="Should Match Regexp" owner="BuiltIn">
<arg>${json_data['results'][0]['dob']['date']}</arg>
<arg>\\d{4}-\\d{2}-\\d{2}T\\d{2}:\\d{2}:\\d{2}\\.\\d{3}Z</arg>
<doc>Fails if ``string`` does not match ``pattern`` as a regular expression.</doc>
<status status="PASS" start="2024-05-13T18:17:12.462025" elapsed="0.000484"/>
</kw>
<kw name="Should Match Regexp" owner="BuiltIn">
<arg>${json_data['results'][0]['registered']['date']}</arg>
<arg>\\d{4}-\\d{2}-\\d{2}T\\d{2}:\\d{2}:\\d{2}\\.\\d{3}Z</arg>
<doc>Fails if ``string`` does not match ``pattern`` as a regular expression.</doc>
<status status="PASS" start="2024-05-13T18:17:12.462699" elapsed="0.000373"/>
</kw>
<kw name="Should Match Regexp" owner="BuiltIn">
<arg>${json_data['results'][0]['picture']['large']}</arg>
<arg>^https?://.*\.(?:png|jpe?g|gif|bmp)$</arg>
<doc>Fails if ``string`` does not match ``pattern`` as a regular expression.</doc>
<status status="PASS" start="2024-05-13T18:17:12.463261" elapsed="0.000467"/>
</kw>
<kw name="Should Match Regexp" owner="BuiltIn">
<arg>${json_data['results'][0]['picture']['medium']}</arg>
<arg>^https?://.*\.(?:png|jpe?g|gif|bmp)$</arg>
<doc>Fails if ``string`` does not match ``pattern`` as a regular expression.</doc>
<status status="PASS" start="2024-05-13T18:17:12.463917" elapsed="0.000364"/>
</kw>
<kw name="Should Match Regexp" owner="BuiltIn">
<arg>${json_data['results'][0]['picture']['thumbnail']}</arg>
<arg>^https?://.*\.(?:png|jpe?g|gif|bmp)$</arg>
<doc>Fails if ``string`` does not match ``pattern`` as a regular expression.</doc>
<status status="PASS" start="2024-05-13T18:17:12.464473" elapsed="0.000354"/>
</kw>
<kw name="Log" owner="BuiltIn">
<msg time="2024-05-13T18:17:12.465376" level="INFO">{'large': 'https://randomuser.me/api/portraits/women/72.jpg', 'medium': 'https://randomuser.me/api/portraits/med/women/72.jpg', 'thumbnail': 'https://randomuser.me/api/portraits/thumb/women/72.jpg'}</msg>
<arg>${json_data['results'][0]['picture']}</arg>
<doc>Logs the given message with the given level.</doc>
<status status="PASS" start="2024-05-13T18:17:12.465008" elapsed="0.000411"/>
</kw>
<status status="PASS" start="2024-05-13T18:17:12.375114" elapsed="0.090584"/>
</kw>
<kw name="Teste de Tipos de Dados - Postcode" owner="random-user-service">
<kw name="GET On Session" owner="RequestsLibrary">
<msg time="2024-05-13T18:17:12.552458" level="INFO">GET Request : url=https://randomuser.me/api 
 path_url=/api 
 headers={'User-Agent': 'python-requests/2.31.0', 'Accept-Encoding': 'gzip, deflate', 'Accept': '*/*', 'Connection': 'keep-alive'} 
 body=None 
 </msg>
<msg time="2024-05-13T18:17:12.552545" level="INFO">GET Response : url=https://randomuser.me/api 
 status=200, reason=OK 
 headers={'Date': 'Mon, 13 May 2024 18:17:12 GMT', 'Content-Type': 'application/json; charset=utf-8', 'Transfer-Encoding': 'chunked', 'Connection': 'keep-alive', 'X-Powered-By': 'Express', 'Access-Control-Allow-Origin': '*', 'Cache-Control': 'no-cache', 'ETag': 'W/"477-ueN46ScEN9/12QlJWpFJjpqCWvU"', 'Vary': 'Accept-Encoding', 'Content-Encoding': 'gzip', 'CF-Cache-Status': 'DYNAMIC', 'Report-To': '{"endpoints":[{"url":"https:\\/\\/a.nel.cloudflare.com\\/report\\/v4?s=URPPFvcLdk5rhbHm6hooZJ2iHrqMMcVYDDu6dGUY5XktBEOgz33daKaaAgqICQ4HdpA8OCYz3dCAhPCoBLc%2Foeu7K6r31Xt8aRs4Yef8crIZHnwVCqVxuEfxne%2BWKwYM"}],"group":"cf-nel","max_age":604800}', 'NEL': '{"success_fraction":0,"report_to":"cf-nel","max_age":604800}', 'Server': 'cloudflare', 'CF-RAY': '8834a4dcee943823-IAD', 'alt-svc': 'h3=":443"; ma=86400'} 
 body={"results":[{"gender":"female","name":{"title":"Mrs","first":"Ariana","last":"Lillejord"},"location":{"street":{"number":5183,"name":"Økernliveien"},"city":"Remøy","state":"Sogn og Fjordane","country":"Norway","postcode":"2321","coordinates":{"latitude":"45.3378","longitude":"56.1984"},"timezone":{"offset":"+3:30","description":"Tehran"}},"email":"ariana.lillejord@example.com","login":{"uuid":"27998f9b-e385-4f29-be9b-e3a8c966b2ce","username":"sadwolf278","password":"melina","salt":"pFu9lM84","md5":"222d34f828a78af29ca40c80ff240f27","sha1":"a5ad6db3d7d86369a3f8b36729e7bab58f099998","sha256":"6fa697b09a73191349e3ef090943c342b22a529b6342d0fe89dbfffc69a4636c"},"dob":{"date":"1981-02-18T00:04:15.456Z","age":43},"registered":{"date":"2013-07-22T06:52:32.037Z","age":10},"phone":"64371797","cell":"91745543","id":{"name":"FN","value":"18028108296"},"picture":{"large":"https://randomuser.me/api/portraits/women/76.jpg","medium":"https://randomuser.me/api/portraits/med/women/76.jpg","thumbnail":"https://randomuser.me/api/portraits/thumb/women/76.jpg"},"nat":"NO"}],"info":{"seed":"54c89d92331f5df5","results":1,"page":1,"version":"1.4"}} 
 </msg>
<msg time="2024-05-13T18:17:12.552620" level="INFO">/opt/hostedtoolcache/Python/3.12.3/x64/lib/python3.12/site-packages/urllib3/connectionpool.py:1103: InsecureRequestWarning: Unverified HTTPS request is being made to host 'randomuser.me'. Adding certificate verification is strongly advised. See: https://urllib3.readthedocs.io/en/latest/advanced-usage.html#tls-warnings
  warnings.warn(</msg>
<msg time="2024-05-13T18:17:12.552735" level="INFO">${response} = &lt;Response [200]&gt;</msg>
<var>${response}</var>
<arg>consultarAPI</arg>
<arg>/api</arg>
<doc>Sends a GET request on a previously created HTTP Session.</doc>
<status status="PASS" start="2024-05-13T18:17:12.466138" elapsed="0.086652"/>
</kw>
<kw name="Set Variable" owner="BuiltIn">
<msg time="2024-05-13T18:17:12.553968" level="INFO">${json_data} = {'results': [{'gender': 'female', 'name': {'title': 'Mrs', 'first': 'Ariana', 'last': 'Lillejord'}, 'location': {'street': {'number': 5183, 'name': 'Økernliveien'}, 'city': 'Remøy', 'state': 'Sogn og ...</msg>
<var>${json_data}</var>
<arg>${response.json()}</arg>
<doc>Returns the given values which can then be assigned to a variables.</doc>
<status status="PASS" start="2024-05-13T18:17:12.553406" elapsed="0.000591"/>
</kw>
<kw name="Log" owner="BuiltIn">
<msg time="2024-05-13T18:17:12.554458" level="INFO">{'results': [{'gender': 'female', 'name': {'title': 'Mrs', 'first': 'Ariana', 'last': 'Lillejord'}, 'location': {'street': {'number': 5183, 'name': 'Økernliveien'}, 'city': 'Remøy', 'state': 'Sogn og Fjordane', 'country': 'Norway', 'postcode': '2321', 'coordinates': {'latitude': '45.3378', 'longitude': '56.1984'}, 'timezone': {'offset': '+3:30', 'description': 'Tehran'}}, 'email': 'ariana.lillejord@example.com', 'login': {'uuid': '27998f9b-e385-4f29-be9b-e3a8c966b2ce', 'username': 'sadwolf278', 'password': 'melina', 'salt': 'pFu9lM84', 'md5': '222d34f828a78af29ca40c80ff240f27', 'sha1': 'a5ad6db3d7d86369a3f8b36729e7bab58f099998', 'sha256': '6fa697b09a73191349e3ef090943c342b22a529b6342d0fe89dbfffc69a4636c'}, 'dob': {'date': '1981-02-18T00:04:15.456Z', 'age': 43}, 'registered': {'date': '2013-07-22T06:52:32.037Z', 'age': 10}, 'phone': '64371797', 'cell': '91745543', 'id': {'name': 'FN', 'value': '18028108296'}, 'picture': {'large': 'https://randomuser.me/api/portraits/women/76.jpg', 'medium': 'https://randomuser.me/api/portraits/med/women/76.jpg', 'thumbnail': 'https://randomuser.me/api/portraits/thumb/women/76.jpg'}, 'nat': 'NO'}], 'info': {'seed': '54c89d92331f5df5', 'results': 1, 'page': 1, 'version': '1.4'}}</msg>
<arg>${json_data}</arg>
<doc>Logs the given message with the given level.</doc>
<status status="PASS" start="2024-05-13T18:17:12.554304" elapsed="0.000202"/>
</kw>
<kw name="Should Be Equal As Numbers" owner="BuiltIn">
<arg>${json_data['results'][0]['location']['postcode']}</arg>
<arg>${json_data['results'][0]['location']['postcode']}</arg>
<doc>Fails if objects are unequal after converting them to real numbers.</doc>
<status status="PASS" start="2024-05-13T18:17:12.554804" elapsed="0.000760"/>
</kw>
<kw name="Log" owner="BuiltIn">
<msg time="2024-05-13T18:17:12.556130" level="INFO">2321</msg>
<arg>${json_data['results'][0]['location']['postcode']}</arg>
<doc>Logs the given message with the given level.</doc>
<status status="PASS" start="2024-05-13T18:17:12.555791" elapsed="0.000380"/>
</kw>
<status status="PASS" start="2024-05-13T18:17:12.465916" elapsed="0.090507"/>
</kw>
<doc>Testa se os tipos de dados na resposta da API estão corretos.</doc>
<tag>testeTiposDados</tag>
<status status="PASS" start="2024-05-13T18:17:12.374561" elapsed="0.182018"/>
</test>
<test id="s1-s1-t5" name="Validar conteudo" line="35">
<kw name="Teste de Tipos de Conteudo" owner="random-user-service">
<kw name="GET On Session" owner="RequestsLibrary">
<msg time="2024-05-13T18:17:12.666070" level="INFO">GET Request : url=https://randomuser.me/api 
 path_url=/api 
 headers={'User-Agent': 'python-requests/2.31.0', 'Accept-Encoding': 'gzip, deflate', 'Accept': '*/*', 'Connection': 'keep-alive'} 
 body=None 
 </msg>
<msg time="2024-05-13T18:17:12.666164" level="INFO">GET Response : url=https://randomuser.me/api 
 status=200, reason=OK 
 headers={'Date': 'Mon, 13 May 2024 18:17:12 GMT', 'Content-Type': 'application/json; charset=utf-8', 'Transfer-Encoding': 'chunked', 'Connection': 'keep-alive', 'X-Powered-By': 'Express', 'Access-Control-Allow-Origin': '*', 'Cache-Control': 'no-cache', 'ETag': 'W/"489-jN0pGrmTX5DF6sQcFCEt6pecLCA"', 'Vary': 'Accept-Encoding', 'Content-Encoding': 'gzip', 'CF-Cache-Status': 'DYNAMIC', 'Report-To': '{"endpoints":[{"url":"https:\\/\\/a.nel.cloudflare.com\\/report\\/v4?s=rLeKVOfEVaVgAOTJXnomO4U%2F4AVGU0BV6dnHipI%2FWNJNalC1nROtqP76j9Ogaugjy4T5t1Mp%2B3BPJUpbVYRSqUXYh6yk%2F9ST%2FDWyN8QIBM2eMtgYxH6IEy6aNxGT8Qx6"}],"group":"cf-nel","max_age":604800}', 'NEL': '{"success_fraction":0,"report_to":"cf-nel","max_age":604800}', 'Server': 'cloudflare', 'CF-RAY': '8834a4dd8eef3823-IAD', 'alt-svc': 'h3=":443"; ma=86400'} 
 body={"results":[{"gender":"female","name":{"title":"Mrs","first":"Nadja","last":"Schraven"},"location":{"street":{"number":8322,"name":"Bloemeestraat"},"city":"Garijp","state":"Noord-Brabant","country":"Netherlands","postcode":"2096 TW","coordinates":{"latitude":"38.0686","longitude":"164.3342"},"timezone":{"offset":"-2:00","description":"Mid-Atlantic"}},"email":"nadja.schraven@example.com","login":{"uuid":"aa76d248-e304-4fb5-afff-ce9ccd2478b9","username":"yellowrabbit915","password":"what","salt":"oaq7Rvy8","md5":"357c4ae4a07c3e9fa611b292cd85ed0c","sha1":"825f9e1dce7357c76c1bc0fffa69b8e73b3197ab","sha256":"6783f1f32a965ea767c111f7e4cac7cdb83c520a808e1a4cc2ef97ef28f2a6c5"},"dob":{"date":"1976-12-30T15:56:48.444Z","age":47},"registered":{"date":"2018-05-06T15:15:29.201Z","age":6},"phone":"(0416) 304707","cell":"(06) 43560875","id":{"name":"BSN","value":"60689705"},"picture":{"large":"https://randomuser.me/api/portraits/women/72.jpg","medium":"https://randomuser.me/api/portraits/med/women/72.jpg","thumbnail":"https://randomuser.me/api/portraits/thumb/women/72.jpg"},"nat":"NL"}],"info":{"seed":"73f5a91d241956af","results":1,"page":1,"version":"1.4"}} 
 </msg>
<msg time="2024-05-13T18:17:12.666243" level="INFO">/opt/hostedtoolcache/Python/3.12.3/x64/lib/python3.12/site-packages/urllib3/connectionpool.py:1103: InsecureRequestWarning: Unverified HTTPS request is being made to host 'randomuser.me'. Adding certificate verification is strongly advised. See: https://urllib3.readthedocs.io/en/latest/advanced-usage.html#tls-warnings
  warnings.warn(</msg>
<msg time="2024-05-13T18:17:12.666376" level="INFO">${response} = &lt;Response [200]&gt;</msg>
<var>${response}</var>
<arg>consultarAPI</arg>
<arg>/api</arg>
<doc>Sends a GET request on a previously created HTTP Session.</doc>
<status status="PASS" start="2024-05-13T18:17:12.559126" elapsed="0.107306"/>
</kw>
<kw name="Set Variable" owner="BuiltIn">
<msg time="2024-05-13T18:17:12.667524" level="INFO">${json_data} = {'results': [{'gender': 'female', 'name': {'title': 'Mrs', 'first': 'Nadja', 'last': 'Schraven'}, 'location': {'street': {'number': 8322, 'name': 'Bloemeestraat'}, 'city': 'Garijp', 'state': 'Noord-Br...</msg>
<var>${json_data}</var>
<arg>${response.json()}</arg>
<doc>Returns the given values which can then be assigned to a variables.</doc>
<status status="PASS" start="2024-05-13T18:17:12.666960" elapsed="0.000592"/>
</kw>
<kw name="Set Variable" owner="BuiltIn">
<msg time="2024-05-13T18:17:12.668236" level="INFO">${name_title} = Mrs</msg>
<var>${name_title}</var>
<arg>${json_data["results"][0]["name"]["title"]}</arg>
<doc>Returns the given values which can then be assigned to a variables.</doc>
<status status="PASS" start="2024-05-13T18:17:12.667856" elapsed="0.000405"/>
</kw>
<kw name="Create List" owner="BuiltIn">
<msg time="2024-05-13T18:17:12.668705" level="INFO">${allowed_titles} = ['Mr', 'Ms', 'Miss', 'Mrs', 'Madame', 'Monsieur']</msg>
<var>${allowed_titles}</var>
<arg>Mr</arg>
<arg>Ms</arg>
<arg>Miss</arg>
<arg>Mrs</arg>
<arg>Madame</arg>
<arg>Monsieur</arg>
<doc>Returns a list containing given items.</doc>
<status status="PASS" start="2024-05-13T18:17:12.668559" elapsed="0.000169"/>
</kw>
<kw name="List Should Contain Value" owner="Collections">
<msg time="2024-05-13T18:17:12.669237" level="INFO">False</msg>
<arg>${allowed_titles}</arg>
<arg>${name_title}</arg>
<doc>Fails if the ``value`` is not found from ``list``.</doc>
<status status="PASS" start="2024-05-13T18:17:12.669021" elapsed="0.000254"/>
</kw>
<kw name="Set Variable" owner="BuiltIn">
<msg time="2024-05-13T18:17:12.669944" level="INFO">${name_country} = NL</msg>
<var>${name_country}</var>
<arg>${json_data["results"][0]["nat"]}</arg>
<doc>Returns the given values which can then be assigned to a variables.</doc>
<status status="PASS" start="2024-05-13T18:17:12.669567" elapsed="0.000402"/>
</kw>
<kw name="Create List" owner="BuiltIn">
<msg time="2024-05-13T18:17:12.670855" level="INFO">${list_country} = ['AD', 'AE', 'AF', 'AG', 'AI', 'AL', 'AM', 'AO', 'AQ', 'AR', 'AS', 'AT', 'AU', 'AW', 'AX', 'AZ', 'BA', 'BB', 'BD', 'BE', 'BF', 'BG', 'BH', 'BI', 'BJ', 'BL', 'BM', 'BN', 'BO', 'BQ', 'BR', 'BS', 'BT', '...</msg>
<var>${list_country}</var>
<arg>AD</arg>
<arg>AE</arg>
<arg>AF</arg>
<arg>AG</arg>
<arg>AI</arg>
<arg>AL</arg>
<arg>AM</arg>
<arg>AO</arg>
<arg>AQ</arg>
<arg>AR</arg>
<arg>AS</arg>
<arg>AT</arg>
<arg>AU</arg>
<arg>AW</arg>
<arg>AX</arg>
<arg>AZ</arg>
<arg>BA</arg>
<arg>BB</arg>
<arg>BD</arg>
<arg>BE</arg>
<arg>BF</arg>
<arg>BG</arg>
<arg>BH</arg>
<arg>BI</arg>
<arg>BJ</arg>
<arg>BL</arg>
<arg>BM</arg>
<arg>BN</arg>
<arg>BO</arg>
<arg>BQ</arg>
<arg>BR</arg>
<arg>BS</arg>
<arg>BT</arg>
<arg>BV</arg>
<arg>BW</arg>
<arg>BY</arg>
<arg>BZ</arg>
<arg>CA</arg>
<arg>CC</arg>
<arg>CD</arg>
<arg>CF</arg>
<arg>CG</arg>
<arg>CH</arg>
<arg>CI</arg>
<arg>CK</arg>
<arg>CL</arg>
<arg>CM</arg>
<arg>CN</arg>
<arg>CO</arg>
<arg>CR</arg>
<arg>CU</arg>
<arg>CV</arg>
<arg>CW</arg>
<arg>CX</arg>
<arg>CY</arg>
<arg>CZ</arg>
<arg>DE</arg>
<arg>DJ</arg>
<arg>DK</arg>
<arg>DM</arg>
<arg>DO</arg>
<arg>DZ</arg>
<arg>EC</arg>
<arg>EE</arg>
<arg>EG</arg>
<arg>EH</arg>
<arg>ER</arg>
<arg>ES</arg>
<arg>ET</arg>
<arg>FI</arg>
<arg>FJ</arg>
<arg>FK</arg>
<arg>FM</arg>
<arg>FO</arg>
<arg>FR</arg>
<arg>GA</arg>
<arg>GB</arg>
<arg>GD</arg>
<arg>GE</arg>
<arg>GF</arg>
<arg>GG</arg>
<arg>GH</arg>
<arg>GI</arg>
<arg>GL</arg>
<arg>GM</arg>
<arg>GN</arg>
<arg>GP</arg>
<arg>GQ</arg>
<arg>GR</arg>
<arg>GS</arg>
<arg>GT</arg>
<arg>GU</arg>
<arg>GW</arg>
<arg>GY</arg>
<arg>HK</arg>
<arg>HM</arg>
<arg>HN</arg>
<arg>HR</arg>
<arg>HT</arg>
<arg>HU</arg>
<arg>ID</arg>
<arg>IE</arg>
<arg>IL</arg>
<arg>IM</arg>
<arg>IN</arg>
<arg>IO</arg>
<arg>IQ</arg>
<arg>IR</arg>
<arg>IS</arg>
<arg>IT</arg>
<arg>JE</arg>
<arg>JM</arg>
<arg>JO</arg>
<arg>JP</arg>
<arg>KE</arg>
<arg>KG</arg>
<arg>KH</arg>
<arg>KI</arg>
<arg>KM</arg>
<arg>KN</arg>
<arg>KP</arg>
<arg>KR</arg>
<arg>KW</arg>
<arg>KY</arg>
<arg>KZ</arg>
<arg>LA</arg>
<arg>LB</arg>
<arg>LC</arg>
<arg>LI</arg>
<arg>LK</arg>
<arg>LR</arg>
<arg>LS</arg>
<arg>LT</arg>
<arg>LU</arg>
<arg>LV</arg>
<arg>LY</arg>
<arg>MA</arg>
<arg>MC</arg>
<arg>MD</arg>
<arg>ME</arg>
<arg>MF</arg>
<arg>MG</arg>
<arg>MH</arg>
<arg>MK</arg>
<arg>ML</arg>
<arg>MM</arg>
<arg>MN</arg>
<arg>MO</arg>
<arg>MP</arg>
<arg>MQ</arg>
<arg>MR</arg>
<arg>MS</arg>
<arg>MT</arg>
<arg>MU</arg>
<arg>MV</arg>
<arg>MW</arg>
<arg>MX</arg>
<arg>MY</arg>
<arg>MZ</arg>
<arg>NA</arg>
<arg>NC</arg>
<arg>NE</arg>
<arg>NF</arg>
<arg>NG</arg>
<arg>NI</arg>
<arg>NL</arg>
<arg>NO</arg>
<arg>NP</arg>
<arg>NR</arg>
<arg>NU</arg>
<arg>NZ</arg>
<arg>OM</arg>
<arg>PA</arg>
<arg>PE</arg>
<arg>PF</arg>
<arg>PG</arg>
<arg>PH</arg>
<arg>PK</arg>
<arg>PL</arg>
<arg>PM</arg>
<arg>PN</arg>
<arg>PR</arg>
<arg>PS</arg>
<arg>PT</arg>
<arg>PW</arg>
<arg>PY</arg>
<arg>QA</arg>
<arg>RE</arg>
<arg>RO</arg>
<arg>RS</arg>
<arg>RU</arg>
<arg>RW</arg>
<arg>SA</arg>
<arg>SB</arg>
<arg>SC</arg>
<arg>SD</arg>
<arg>SE</arg>
<arg>SG</arg>
<arg>SH</arg>
<arg>SI</arg>
<arg>SJ</arg>
<arg>SK</arg>
<arg>SL</arg>
<arg>SM</arg>
<arg>SN</arg>
<arg>SO</arg>
<arg>SR</arg>
<arg>SS</arg>
<arg>ST</arg>
<arg>SV</arg>
<arg>SX</arg>
<arg>SY</arg>
<arg>SZ</arg>
<arg>TC</arg>
<arg>TD</arg>
<arg>TF</arg>
<arg>TG</arg>
<arg>TH</arg>
<arg>TJ</arg>
<arg>TK</arg>
<arg>TL</arg>
<arg>TM</arg>
<arg>TN</arg>
<arg>TO</arg>
<arg>TR</arg>
<arg>TT</arg>
<arg>TV</arg>
<arg>TW</arg>
<arg>TZ</arg>
<arg>UA</arg>
<arg>UG</arg>
<arg>UM</arg>
<arg>US</arg>
<arg>UY</arg>
<arg>UZ</arg>
<arg>VA</arg>
<arg>VC</arg>
<arg>VE</arg>
<arg>VG</arg>
<arg>VI</arg>
<arg>VN</arg>
<arg>VU</arg>
<arg>WF</arg>
<arg>WS</arg>
<arg>XK</arg>
<arg>YE</arg>
<arg>YT</arg>
<arg>ZA</arg>
<arg>ZM</arg>
<arg>ZW</arg>
<doc>Returns a list containing given items.</doc>
<status status="PASS" start="2024-05-13T18:17:12.670265" elapsed="0.000615"/>
</kw>
<kw name="List Should Contain Value" owner="Collections">
<msg time="2024-05-13T18:17:12.671865" level="INFO">False</msg>
<arg>${list_country}</arg>
<arg>${name_country}</arg>
<doc>Fails if the ``value`` is not found from ``list``.</doc>
<status status="PASS" start="2024-05-13T18:17:12.671667" elapsed="0.000234"/>
</kw>
<kw name="Run Keyword If" owner="BuiltIn">
<kw name="Should Be True" owner="BuiltIn">
<arg>${True}</arg>
<doc>Fails if the given condition is not true.</doc>
<status status="PASS" start="2024-05-13T18:17:12.672957" elapsed="0.000173"/>
</kw>
<arg>${json_data["results"][0]["location"]["coordinates"]["latitude"]} &gt;= -90 and ${json_data["results"][0]["location"]["coordinates"]["latitude"]} &lt;= 90</arg>
<arg>Should Be True</arg>
<arg>${True}</arg>
<doc>Runs the given keyword with the given arguments, if ``condition`` is true.</doc>
<status status="PASS" start="2024-05-13T18:17:12.672212" elapsed="0.001053"/>
</kw>
<kw name="Run Keyword If" owner="BuiltIn">
<kw name="Should Be True" owner="BuiltIn">
<arg>${True}</arg>
<doc>Fails if the given condition is not true.</doc>
<status status="PASS" start="2024-05-13T18:17:12.674166" elapsed="0.000250"/>
</kw>
<arg>${json_data["results"][0]["location"]["coordinates"]["longitude"]} &gt;= -180 and ${json_data["results"][0]["location"]["coordinates"]["longitude"]} &lt;= 180</arg>
<arg>Should Be True</arg>
<arg>${True}</arg>
<doc>Runs the given keyword with the given arguments, if ``condition`` is true.</doc>
<status status="PASS" start="2024-05-13T18:17:12.673450" elapsed="0.001092"/>
</kw>
<status status="PASS" start="2024-05-13T18:17:12.558902" elapsed="0.115770"/>
</kw>
<doc>Testa o conteúdo específico dos campos retornados pela API.</doc>
<tag>testeConteudo</tag>
<status status="PASS" start="2024-05-13T18:17:12.558387" elapsed="0.116431"/>
</test>
<status status="PASS" start="2024-05-13T18:17:11.853724" elapsed="0.823067"/>
</suite>
<status status="PASS" start="2024-05-13T18:17:11.840267" elapsed="0.841747"/>
</suite>
<statistics>
<total>
<stat pass="5" fail="0" skip="0">All Tests</stat>
</total>
<tag>
<stat pass="1" fail="0" skip="0">testeConteudo</stat>
<stat pass="1" fail="0" skip="0">testeEstruturaResposta</stat>
<stat pass="1" fail="0" skip="0">testeRequisicaoBasica</stat>
<stat pass="1" fail="0" skip="0">testeTiposDados</stat>
</tag>
<suite>
<stat pass="5" fail="0" skip="0" id="s1" name="Tests">Tests</stat>
<stat pass="5" fail="0" skip="0" id="s1-s1" name="Random-User-Test">Tests.Random-User-Test</stat>
</suite>
</statistics>
<errors>
</errors>
</robot>
