<?xml version="1.0" encoding="UTF-8"?>
<robot generator="Robot 7.0.1 (Python 3.12.4 on linux)" generated="2024-07-02T07:15:23.428069" rpa="false" schemaversion="5">
<suite id="s1" name="Tests" source="/home/runner/work/ApiRandomUser/ApiRandomUser/RamdonUser/tests">
<suite id="s1-s1" name="Random-User-Test" source="/home/runner/work/ApiRandomUser/ApiRandomUser/RamdonUser/tests/random-user-test.robot">
<test id="s1-s1-t1" name="Conectar" line="13">
<kw name="Conectar API" owner="random-user-service">
<kw name="Create Session" owner="RequestsLibrary">
<msg time="2024-07-02T07:15:23.828734" level="INFO">Creating Session using : alias=consultarAPI, url=https://randomuser.me/, headers={},                     cookies={}, auth=None, timeout=None, proxies=None, verify=False,                     debug=0 </msg>
<arg>consultarAPI</arg>
<arg>${URL}</arg>
<doc>Create Session: create a HTTP session to a server</doc>
<status status="PASS" start="2024-07-02T07:15:23.828536" elapsed="0.000363"/>
</kw>
<status status="PASS" start="2024-07-02T07:15:23.827602" elapsed="0.001634"/>
</kw>
<status status="PASS" start="2024-07-02T07:15:23.827095" elapsed="0.002327"/>
</test>
<test id="s1-s1-t2" name="Validar retorno 200 e JSON Válido" line="16">
<kw name="Teste de Requisicao Basica" owner="random-user-service">
<kw name="GET On Session" owner="RequestsLibrary">
<msg time="2024-07-02T07:15:24.495187" level="INFO">GET Request : url=https://randomuser.me/api 
 path_url=/api 
 headers={'User-Agent': 'python-requests/2.32.3', 'Accept-Encoding': 'gzip, deflate', 'Accept': '*/*', 'Connection': 'keep-alive'} 
 body=None 
 </msg>
<msg time="2024-07-02T07:15:24.495377" level="INFO">GET Response : url=https://randomuser.me/api 
 status=200, reason=OK 
 headers={'Date': 'Tue, 02 Jul 2024 07:15:24 GMT', 'Content-Type': 'application/json; charset=utf-8', 'Transfer-Encoding': 'chunked', 'Connection': 'keep-alive', 'X-Powered-By': 'Express', 'Access-Control-Allow-Origin': '*', 'Cache-Control': 'no-cache', 'ETag': 'W/"471-ARiboYW/Zl3HRGW8Nfv8wn84eyQ"', 'Vary': 'Accept-Encoding', 'Content-Encoding': 'gzip', 'CF-Cache-Status': 'DYNAMIC', 'Report-To': '{"endpoints":[{"url":"https:\\/\\/a.nel.cloudflare.com\\/report\\/v4?s=Kc2IGIlnYebDIDVbssPPdEFmF7Z36JoLVbysaryKds%2BdNo5zbY8JdQZLR2vv5S7FB73XeTOL6wUePzRGie9Naj0IEy3nI8%2F8tnpvaiFOXtLmZTU0S0UM6F%2BDqjuTP%2FUe"}],"group":"cf-nel","max_age":604800}', 'NEL': '{"success_fraction":0,"report_to":"cf-nel","max_age":604800}', 'Server': 'cloudflare', 'CF-RAY': '89ccd82d7d300d48-LAX', 'alt-svc': 'h3=":443"; ma=86400'} 
 body={"results":[{"gender":"female","name":{"title":"Miss","first":"Ida","last":"Rasmussen"},"location":{"street":{"number":2185,"name":"Ahornvej"},"city":"Sørvad","state":"Danmark","country":"Denmark","postcode":66441,"coordinates":{"latitude":"-39.8713","longitude":"151.7324"},"timezone":{"offset":"+5:45","description":"Kathmandu"}},"email":"ida.rasmussen@example.com","login":{"uuid":"5d0b30e1-a58a-4e06-b08f-e5d29c569574","username":"yellowtiger400","password":"kordell1","salt":"tGQ6dzTd","md5":"d0208594615cda1edcb86e49026c59e4","sha1":"6e20f00aa4f5d0fbe9a097644c5b24be7c568b1b","sha256":"54ddeca15c7f87ef03ffa18fd2c608f60b010bb254677904deeb76895681cd1c"},"dob":{"date":"1991-05-12T10:06:41.233Z","age":33},"registered":{"date":"2005-03-07T04:03:55.829Z","age":19},"phone":"73463422","cell":"59458974","id":{"name":"CPR","value":"120591-1743"},"picture":{"large":"https://randomuser.me/api/portraits/women/56.jpg","medium":"https://randomuser.me/api/portraits/med/women/56.jpg","thumbnail":"https://randomuser.me/api/portraits/thumb/women/56.jpg"},"nat":"DK"}],"info":{"seed":"5a5a8b457069b6c6","results":1,"page":1,"version":"1.4"}} 
 </msg>
<msg time="2024-07-02T07:15:24.495524" level="INFO">/opt/hostedtoolcache/Python/3.12.4/x64/lib/python3.12/site-packages/urllib3/connectionpool.py:1099: InsecureRequestWarning: Unverified HTTPS request is being made to host 'randomuser.me'. Adding certificate verification is strongly advised. See: https://urllib3.readthedocs.io/en/latest/advanced-usage.html#tls-warnings
  warnings.warn(</msg>
<msg time="2024-07-02T07:15:24.495737" level="INFO">${response} = &lt;Response [200]&gt;</msg>
<var>${response}</var>
<arg>consultarAPI</arg>
<arg>/api</arg>
<doc>Sends a GET request on a previously created HTTP Session.</doc>
<status status="PASS" start="2024-07-02T07:15:23.831938" elapsed="0.663846"/>
</kw>
<kw name="Should Be Equal As Numbers" owner="BuiltIn">
<msg time="2024-07-02T07:15:24.497189" level="INFO">Argument types are:
&lt;class 'int'&gt;
&lt;class 'str'&gt;</msg>
<arg>${response.status_code}</arg>
<arg>200</arg>
<doc>Fails if objects are unequal after converting them to real numbers.</doc>
<status status="PASS" start="2024-07-02T07:15:24.496492" elapsed="0.000802"/>
</kw>
<kw name="Log" owner="BuiltIn">
<msg time="2024-07-02T07:15:24.498344" level="INFO">200</msg>
<arg>${response.status_code}</arg>
<doc>Logs the given message with the given level.</doc>
<status status="PASS" start="2024-07-02T07:15:24.497773" elapsed="0.000641"/>
</kw>
<kw name="Set Variable" owner="BuiltIn">
<msg time="2024-07-02T07:15:24.499647" level="INFO">${json_data} = {'results': [{'gender': 'female', 'name': {'title': 'Miss', 'first': 'Ida', 'last': 'Rasmussen'}, 'location': {'street': {'number': 2185, 'name': 'Ahornvej'}, 'city': 'Sørvad', 'state': 'Danmark', 'co...</msg>
<var>${json_data}</var>
<arg>${response.json()}</arg>
<doc>Returns the given values which can then be assigned to a variables.</doc>
<status status="PASS" start="2024-07-02T07:15:24.498895" elapsed="0.000802"/>
</kw>
<kw name="Dictionary Should Contain Key" owner="Collections">
<arg>${json_data}</arg>
<arg>results</arg>
<doc>Fails if ``key`` is not found from ``dictionary``.</doc>
<status status="PASS" start="2024-07-02T07:15:24.500210" elapsed="0.000264"/>
</kw>
<status status="PASS" start="2024-07-02T07:15:23.831678" elapsed="0.669059"/>
</kw>
<doc>Testa se a API responde corretamente e retorna um objeto JSON válido.</doc>
<tag>testeRequisicaoBasica</tag>
<status status="PASS" start="2024-07-02T07:15:23.831227" elapsed="0.669802"/>
</test>
<test id="s1-s1-t3" name="Validar estrutura de resposta" line="22">
<kw name="Teste de Estrutura de Resposta" owner="random-user-service">
<kw name="GET On Session" owner="RequestsLibrary">
<msg time="2024-07-02T07:15:24.610161" level="INFO">GET Request : url=https://randomuser.me/api 
 path_url=/api 
 headers={'User-Agent': 'python-requests/2.32.3', 'Accept-Encoding': 'gzip, deflate', 'Accept': '*/*', 'Connection': 'keep-alive'} 
 body=None 
 </msg>
<msg time="2024-07-02T07:15:24.610248" level="INFO">GET Response : url=https://randomuser.me/api 
 status=200, reason=OK 
 headers={'Date': 'Tue, 02 Jul 2024 07:15:24 GMT', 'Content-Type': 'application/json; charset=utf-8', 'Transfer-Encoding': 'chunked', 'Connection': 'keep-alive', 'X-Powered-By': 'Express', 'Access-Control-Allow-Origin': '*', 'Cache-Control': 'no-cache', 'ETag': 'W/"4ab-HW1dY63uL3rjxV/x93jMsGjMcMY"', 'Vary': 'Accept-Encoding', 'Content-Encoding': 'gzip', 'CF-Cache-Status': 'DYNAMIC', 'Report-To': '{"endpoints":[{"url":"https:\\/\\/a.nel.cloudflare.com\\/report\\/v4?s=Pp%2B5qDiPNS2CAXK8qf%2FUWhl1TjnEDH0zEpCV6L2cVzqTte9lZKlZZNR42ye1rdVpVvIn%2BBLwlgmuyYG0t55WpX4ByIkzHgwGWNLyf98FuSS6aMLqTAup32LvsFlGvYVn"}],"group":"cf-nel","max_age":604800}', 'NEL': '{"success_fraction":0,"report_to":"cf-nel","max_age":604800}', 'Server': 'cloudflare', 'CF-RAY': '89ccd82e2e470d48-LAX', 'alt-svc': 'h3=":443"; ma=86400'} 
 body={"results":[{"gender":"male","name":{"title":"Mr","first":"Aurelio","last":"Guajardo"},"location":{"street":{"number":952,"name":"Peatonal Sánchez"},"city":"San Juan Guichicovi","state":"Nayarit","country":"Mexico","postcode":93328,"coordinates":{"latitude":"25.3592","longitude":"-58.2442"},"timezone":{"offset":"-5:00","description":"Eastern Time (US &amp; Canada), Bogota, Lima"}},"email":"aurelio.guajardo@example.com","login":{"uuid":"1641cb8e-146b-44ee-b527-5c695bc0cf04","username":"blackkoala419","password":"forgot","salt":"hqyQq65D","md5":"c2227d765034222e1f0a1f094f598946","sha1":"ad48f5d1d20188290bef42251cdad1aaf28bf44f","sha256":"4d0f21560a36d52af6b5507d09ec7a20bb4d87471e4e473f4ef78eb005e101f2"},"dob":{"date":"1988-04-18T01:42:03.190Z","age":36},"registered":{"date":"2010-04-16T20:14:52.294Z","age":14},"phone":"(636) 808 9022","cell":"(637) 642 3143","id":{"name":"NSS","value":"15 99 20 8721 5"},"picture":{"large":"https://randomuser.me/api/portraits/men/56.jpg","medium":"https://randomuser.me/api/portraits/med/men/56.jpg","thumbnail":"https://randomuser.me/api/portraits/thumb/men/56.jpg"},"nat":"MX"}],"info":{"seed":"8eee3654d1de923c","results":1,"page":1,"version":"1.4"}} 
 </msg>
<msg time="2024-07-02T07:15:24.610365" level="INFO">/opt/hostedtoolcache/Python/3.12.4/x64/lib/python3.12/site-packages/urllib3/connectionpool.py:1099: InsecureRequestWarning: Unverified HTTPS request is being made to host 'randomuser.me'. Adding certificate verification is strongly advised. See: https://urllib3.readthedocs.io/en/latest/advanced-usage.html#tls-warnings
  warnings.warn(</msg>
<msg time="2024-07-02T07:15:24.610467" level="INFO">${response} = &lt;Response [200]&gt;</msg>
<var>${response}</var>
<arg>consultarAPI</arg>
<arg>/api</arg>
<doc>Sends a GET request on a previously created HTTP Session.</doc>
<status status="PASS" start="2024-07-02T07:15:24.505055" elapsed="0.105450"/>
</kw>
<kw name="Set Variable" owner="BuiltIn">
<msg time="2024-07-02T07:15:24.611438" level="INFO">${json_data} = {'results': [{'gender': 'male', 'name': {'title': 'Mr', 'first': 'Aurelio', 'last': 'Guajardo'}, 'location': {'street': {'number': 952, 'name': 'Peatonal Sánchez'}, 'city': 'San Juan Guichicovi', 'sta...</msg>
<var>${json_data}</var>
<arg>${response.json()}</arg>
<doc>Returns the given values which can then be assigned to a variables.</doc>
<status status="PASS" start="2024-07-02T07:15:24.610931" elapsed="0.000535"/>
</kw>
<kw name="Log" owner="BuiltIn">
<msg time="2024-07-02T07:15:24.611967" level="INFO">{'results': [{'gender': 'male', 'name': {'title': 'Mr', 'first': 'Aurelio', 'last': 'Guajardo'}, 'location': {'street': {'number': 952, 'name': 'Peatonal Sánchez'}, 'city': 'San Juan Guichicovi', 'state': 'Nayarit', 'country': 'Mexico', 'postcode': 93328, 'coordinates': {'latitude': '25.3592', 'longitude': '-58.2442'}, 'timezone': {'offset': '-5:00', 'description': 'Eastern Time (US &amp; Canada), Bogota, Lima'}}, 'email': 'aurelio.guajardo@example.com', 'login': {'uuid': '1641cb8e-146b-44ee-b527-5c695bc0cf04', 'username': 'blackkoala419', 'password': 'forgot', 'salt': 'hqyQq65D', 'md5': 'c2227d765034222e1f0a1f094f598946', 'sha1': 'ad48f5d1d20188290bef42251cdad1aaf28bf44f', 'sha256': '4d0f21560a36d52af6b5507d09ec7a20bb4d87471e4e473f4ef78eb005e101f2'}, 'dob': {'date': '1988-04-18T01:42:03.190Z', 'age': 36}, 'registered': {'date': '2010-04-16T20:14:52.294Z', 'age': 14}, 'phone': '(636) 808 9022', 'cell': '(637) 642 3143', 'id': {'name': 'NSS', 'value': '15 99 20 8721 5'}, 'picture': {'large': 'https://randomuser.me/api/portraits/men/56.jpg', 'medium': 'https://randomuser.me/api/portraits/med/men/56.jpg', 'thumbnail': 'https://randomuser.me/api/portraits/thumb/men/56.jpg'}, 'nat': 'MX'}], 'info': {'seed': '8eee3654d1de923c', 'results': 1, 'page': 1, 'version': '1.4'}}</msg>
<arg>${json_data}</arg>
<doc>Logs the given message with the given level.</doc>
<status status="PASS" start="2024-07-02T07:15:24.611766" elapsed="0.000255"/>
</kw>
<kw name="Dictionary Should Contain Key" owner="Collections">
<arg>${json_data}</arg>
<arg>results</arg>
<doc>Fails if ``key`` is not found from ``dictionary``.</doc>
<status status="PASS" start="2024-07-02T07:15:24.612316" elapsed="0.000157"/>
</kw>
<kw name="Should Not Be Empty" owner="BuiltIn">
<msg time="2024-07-02T07:15:24.612790" level="INFO">Length is 2.</msg>
<arg>${json_data}</arg>
<doc>Verifies that the given item is not empty.</doc>
<status status="PASS" start="2024-07-02T07:15:24.612659" elapsed="0.000169"/>
</kw>
<kw name="Create List" owner="BuiltIn">
<msg time="2024-07-02T07:15:24.613397" level="INFO">${expected_keys} = ['gender', 'name', 'location', 'email', 'login']</msg>
<var>${expected_keys}</var>
<arg>gender</arg>
<arg>name</arg>
<arg>location</arg>
<arg>email</arg>
<arg>login</arg>
<doc>Returns a list containing given items.</doc>
<status status="PASS" start="2024-07-02T07:15:24.613119" elapsed="0.000302"/>
</kw>
<for flavor="IN">
<iter>
<kw name="Dictionary Should Contain Key" owner="Collections">
<arg>${json_data['results'][0]}</arg>
<arg>${key}</arg>
<doc>Fails if ``key`` is not found from ``dictionary``.</doc>
<status status="PASS" start="2024-07-02T07:15:24.613987" elapsed="0.000394"/>
</kw>
<kw name="Log" owner="BuiltIn">
<msg time="2024-07-02T07:15:24.614923" level="INFO">{'gender': 'male', 'name': {'title': 'Mr', 'first': 'Aurelio', 'last': 'Guajardo'}, 'location': {'street': {'number': 952, 'name': 'Peatonal Sánchez'}, 'city': 'San Juan Guichicovi', 'state': 'Nayarit', 'country': 'Mexico', 'postcode': 93328, 'coordinates': {'latitude': '25.3592', 'longitude': '-58.2442'}, 'timezone': {'offset': '-5:00', 'description': 'Eastern Time (US &amp; Canada), Bogota, Lima'}}, 'email': 'aurelio.guajardo@example.com', 'login': {'uuid': '1641cb8e-146b-44ee-b527-5c695bc0cf04', 'username': 'blackkoala419', 'password': 'forgot', 'salt': 'hqyQq65D', 'md5': 'c2227d765034222e1f0a1f094f598946', 'sha1': 'ad48f5d1d20188290bef42251cdad1aaf28bf44f', 'sha256': '4d0f21560a36d52af6b5507d09ec7a20bb4d87471e4e473f4ef78eb005e101f2'}, 'dob': {'date': '1988-04-18T01:42:03.190Z', 'age': 36}, 'registered': {'date': '2010-04-16T20:14:52.294Z', 'age': 14}, 'phone': '(636) 808 9022', 'cell': '(637) 642 3143', 'id': {'name': 'NSS', 'value': '15 99 20 8721 5'}, 'picture': {'large': 'https://randomuser.me/api/portraits/men/56.jpg', 'medium': 'https://randomuser.me/api/portraits/med/men/56.jpg', 'thumbnail': 'https://randomuser.me/api/portraits/thumb/men/56.jpg'}, 'nat': 'MX'}</msg>
<arg>${json_data['results'][0]}</arg>
<doc>Logs the given message with the given level.</doc>
<status status="PASS" start="2024-07-02T07:15:24.614563" elapsed="0.000411"/>
</kw>
<kw name="Log" owner="BuiltIn">
<msg time="2024-07-02T07:15:24.615401" level="INFO">gender</msg>
<arg>${key}</arg>
<doc>Logs the given message with the given level.</doc>
<status status="PASS" start="2024-07-02T07:15:24.615272" elapsed="0.000166"/>
</kw>
<var name="${key}">gender</var>
<status status="PASS" start="2024-07-02T07:15:24.613866" elapsed="0.001788"/>
</iter>
<iter>
<kw name="Dictionary Should Contain Key" owner="Collections">
<arg>${json_data['results'][0]}</arg>
<arg>${key}</arg>
<doc>Fails if ``key`` is not found from ``dictionary``.</doc>
<status status="PASS" start="2024-07-02T07:15:24.615970" elapsed="0.000386"/>
</kw>
<kw name="Log" owner="BuiltIn">
<msg time="2024-07-02T07:15:24.616924" level="INFO">{'gender': 'male', 'name': {'title': 'Mr', 'first': 'Aurelio', 'last': 'Guajardo'}, 'location': {'street': {'number': 952, 'name': 'Peatonal Sánchez'}, 'city': 'San Juan Guichicovi', 'state': 'Nayarit', 'country': 'Mexico', 'postcode': 93328, 'coordinates': {'latitude': '25.3592', 'longitude': '-58.2442'}, 'timezone': {'offset': '-5:00', 'description': 'Eastern Time (US &amp; Canada), Bogota, Lima'}}, 'email': 'aurelio.guajardo@example.com', 'login': {'uuid': '1641cb8e-146b-44ee-b527-5c695bc0cf04', 'username': 'blackkoala419', 'password': 'forgot', 'salt': 'hqyQq65D', 'md5': 'c2227d765034222e1f0a1f094f598946', 'sha1': 'ad48f5d1d20188290bef42251cdad1aaf28bf44f', 'sha256': '4d0f21560a36d52af6b5507d09ec7a20bb4d87471e4e473f4ef78eb005e101f2'}, 'dob': {'date': '1988-04-18T01:42:03.190Z', 'age': 36}, 'registered': {'date': '2010-04-16T20:14:52.294Z', 'age': 14}, 'phone': '(636) 808 9022', 'cell': '(637) 642 3143', 'id': {'name': 'NSS', 'value': '15 99 20 8721 5'}, 'picture': {'large': 'https://randomuser.me/api/portraits/men/56.jpg', 'medium': 'https://randomuser.me/api/portraits/med/men/56.jpg', 'thumbnail': 'https://randomuser.me/api/portraits/thumb/men/56.jpg'}, 'nat': 'MX'}</msg>
<arg>${json_data['results'][0]}</arg>
<doc>Logs the given message with the given level.</doc>
<status status="PASS" start="2024-07-02T07:15:24.616569" elapsed="0.000405"/>
</kw>
<kw name="Log" owner="BuiltIn">
<msg time="2024-07-02T07:15:24.617395" level="INFO">name</msg>
<arg>${key}</arg>
<doc>Logs the given message with the given level.</doc>
<status status="PASS" start="2024-07-02T07:15:24.617270" elapsed="0.000162"/>
</kw>
<var name="${key}">name</var>
<status status="PASS" start="2024-07-02T07:15:24.615837" elapsed="0.001807"/>
</iter>
<iter>
<kw name="Dictionary Should Contain Key" owner="Collections">
<arg>${json_data['results'][0]}</arg>
<arg>${key}</arg>
<doc>Fails if ``key`` is not found from ``dictionary``.</doc>
<status status="PASS" start="2024-07-02T07:15:24.617927" elapsed="0.000370"/>
</kw>
<kw name="Log" owner="BuiltIn">
<msg time="2024-07-02T07:15:24.618819" level="INFO">{'gender': 'male', 'name': {'title': 'Mr', 'first': 'Aurelio', 'last': 'Guajardo'}, 'location': {'street': {'number': 952, 'name': 'Peatonal Sánchez'}, 'city': 'San Juan Guichicovi', 'state': 'Nayarit', 'country': 'Mexico', 'postcode': 93328, 'coordinates': {'latitude': '25.3592', 'longitude': '-58.2442'}, 'timezone': {'offset': '-5:00', 'description': 'Eastern Time (US &amp; Canada), Bogota, Lima'}}, 'email': 'aurelio.guajardo@example.com', 'login': {'uuid': '1641cb8e-146b-44ee-b527-5c695bc0cf04', 'username': 'blackkoala419', 'password': 'forgot', 'salt': 'hqyQq65D', 'md5': 'c2227d765034222e1f0a1f094f598946', 'sha1': 'ad48f5d1d20188290bef42251cdad1aaf28bf44f', 'sha256': '4d0f21560a36d52af6b5507d09ec7a20bb4d87471e4e473f4ef78eb005e101f2'}, 'dob': {'date': '1988-04-18T01:42:03.190Z', 'age': 36}, 'registered': {'date': '2010-04-16T20:14:52.294Z', 'age': 14}, 'phone': '(636) 808 9022', 'cell': '(637) 642 3143', 'id': {'name': 'NSS', 'value': '15 99 20 8721 5'}, 'picture': {'large': 'https://randomuser.me/api/portraits/men/56.jpg', 'medium': 'https://randomuser.me/api/portraits/med/men/56.jpg', 'thumbnail': 'https://randomuser.me/api/portraits/thumb/men/56.jpg'}, 'nat': 'MX'}</msg>
<arg>${json_data['results'][0]}</arg>
<doc>Logs the given message with the given level.</doc>
<status status="PASS" start="2024-07-02T07:15:24.618477" elapsed="0.000390"/>
</kw>
<kw name="Log" owner="BuiltIn">
<msg time="2024-07-02T07:15:24.619290" level="INFO">location</msg>
<arg>${key}</arg>
<doc>Logs the given message with the given level.</doc>
<status status="PASS" start="2024-07-02T07:15:24.619163" elapsed="0.000163"/>
</kw>
<var name="${key}">location</var>
<status status="PASS" start="2024-07-02T07:15:24.617820" elapsed="0.001717"/>
</iter>
<iter>
<kw name="Dictionary Should Contain Key" owner="Collections">
<arg>${json_data['results'][0]}</arg>
<arg>${key}</arg>
<doc>Fails if ``key`` is not found from ``dictionary``.</doc>
<status status="PASS" start="2024-07-02T07:15:24.619813" elapsed="0.000418"/>
</kw>
<kw name="Log" owner="BuiltIn">
<msg time="2024-07-02T07:15:24.620764" level="INFO">{'gender': 'male', 'name': {'title': 'Mr', 'first': 'Aurelio', 'last': 'Guajardo'}, 'location': {'street': {'number': 952, 'name': 'Peatonal Sánchez'}, 'city': 'San Juan Guichicovi', 'state': 'Nayarit', 'country': 'Mexico', 'postcode': 93328, 'coordinates': {'latitude': '25.3592', 'longitude': '-58.2442'}, 'timezone': {'offset': '-5:00', 'description': 'Eastern Time (US &amp; Canada), Bogota, Lima'}}, 'email': 'aurelio.guajardo@example.com', 'login': {'uuid': '1641cb8e-146b-44ee-b527-5c695bc0cf04', 'username': 'blackkoala419', 'password': 'forgot', 'salt': 'hqyQq65D', 'md5': 'c2227d765034222e1f0a1f094f598946', 'sha1': 'ad48f5d1d20188290bef42251cdad1aaf28bf44f', 'sha256': '4d0f21560a36d52af6b5507d09ec7a20bb4d87471e4e473f4ef78eb005e101f2'}, 'dob': {'date': '1988-04-18T01:42:03.190Z', 'age': 36}, 'registered': {'date': '2010-04-16T20:14:52.294Z', 'age': 14}, 'phone': '(636) 808 9022', 'cell': '(637) 642 3143', 'id': {'name': 'NSS', 'value': '15 99 20 8721 5'}, 'picture': {'large': 'https://randomuser.me/api/portraits/men/56.jpg', 'medium': 'https://randomuser.me/api/portraits/med/men/56.jpg', 'thumbnail': 'https://randomuser.me/api/portraits/thumb/men/56.jpg'}, 'nat': 'MX'}</msg>
<arg>${json_data['results'][0]}</arg>
<doc>Logs the given message with the given level.</doc>
<status status="PASS" start="2024-07-02T07:15:24.620417" elapsed="0.000395"/>
</kw>
<kw name="Log" owner="BuiltIn">
<msg time="2024-07-02T07:15:24.621244" level="INFO">email</msg>
<arg>${key}</arg>
<doc>Logs the given message with the given level.</doc>
<status status="PASS" start="2024-07-02T07:15:24.621115" elapsed="0.000167"/>
</kw>
<var name="${key}">email</var>
<status status="PASS" start="2024-07-02T07:15:24.619708" elapsed="0.001793"/>
</iter>
<iter>
<kw name="Dictionary Should Contain Key" owner="Collections">
<arg>${json_data['results'][0]}</arg>
<arg>${key}</arg>
<doc>Fails if ``key`` is not found from ``dictionary``.</doc>
<status status="PASS" start="2024-07-02T07:15:24.621787" elapsed="0.000379"/>
</kw>
<kw name="Log" owner="BuiltIn">
<msg time="2024-07-02T07:15:24.622719" level="INFO">{'gender': 'male', 'name': {'title': 'Mr', 'first': 'Aurelio', 'last': 'Guajardo'}, 'location': {'street': {'number': 952, 'name': 'Peatonal Sánchez'}, 'city': 'San Juan Guichicovi', 'state': 'Nayarit', 'country': 'Mexico', 'postcode': 93328, 'coordinates': {'latitude': '25.3592', 'longitude': '-58.2442'}, 'timezone': {'offset': '-5:00', 'description': 'Eastern Time (US &amp; Canada), Bogota, Lima'}}, 'email': 'aurelio.guajardo@example.com', 'login': {'uuid': '1641cb8e-146b-44ee-b527-5c695bc0cf04', 'username': 'blackkoala419', 'password': 'forgot', 'salt': 'hqyQq65D', 'md5': 'c2227d765034222e1f0a1f094f598946', 'sha1': 'ad48f5d1d20188290bef42251cdad1aaf28bf44f', 'sha256': '4d0f21560a36d52af6b5507d09ec7a20bb4d87471e4e473f4ef78eb005e101f2'}, 'dob': {'date': '1988-04-18T01:42:03.190Z', 'age': 36}, 'registered': {'date': '2010-04-16T20:14:52.294Z', 'age': 14}, 'phone': '(636) 808 9022', 'cell': '(637) 642 3143', 'id': {'name': 'NSS', 'value': '15 99 20 8721 5'}, 'picture': {'large': 'https://randomuser.me/api/portraits/men/56.jpg', 'medium': 'https://randomuser.me/api/portraits/med/men/56.jpg', 'thumbnail': 'https://randomuser.me/api/portraits/thumb/men/56.jpg'}, 'nat': 'MX'}</msg>
<arg>${json_data['results'][0]}</arg>
<doc>Logs the given message with the given level.</doc>
<status status="PASS" start="2024-07-02T07:15:24.622345" elapsed="0.000425"/>
</kw>
<kw name="Log" owner="BuiltIn">
<msg time="2024-07-02T07:15:24.623185" level="INFO">login</msg>
<arg>${key}</arg>
<doc>Logs the given message with the given level.</doc>
<status status="PASS" start="2024-07-02T07:15:24.623060" elapsed="0.000162"/>
</kw>
<var name="${key}">login</var>
<status status="PASS" start="2024-07-02T07:15:24.621671" elapsed="0.001761"/>
</iter>
<var>${key}</var>
<value>@{expected_keys}</value>
<status status="PASS" start="2024-07-02T07:15:24.613681" elapsed="0.009897"/>
</for>
<kw name="Create List" owner="BuiltIn">
<msg time="2024-07-02T07:15:24.623936" level="INFO">${expected_keysTwo} = ['username', 'password']</msg>
<var>${expected_keysTwo}</var>
<arg>username</arg>
<arg>password</arg>
<doc>Returns a list containing given items.</doc>
<status status="PASS" start="2024-07-02T07:15:24.623772" elapsed="0.000189"/>
</kw>
<for flavor="IN">
<iter>
<kw name="Dictionary Should Contain Key" owner="Collections">
<arg>${json_data['results'][0]['login']}</arg>
<arg>${keyTwo}</arg>
<doc>Fails if ``key`` is not found from ``dictionary``.</doc>
<status status="PASS" start="2024-07-02T07:15:24.624459" elapsed="0.000419"/>
</kw>
<kw name="Dictionary Should Contain Key" owner="Collections">
<arg>${json_data['results'][0]['login']}</arg>
<arg>${keyTwo}</arg>
<doc>Fails if ``key`` is not found from ``dictionary``.</doc>
<status status="PASS" start="2024-07-02T07:15:24.625079" elapsed="0.000373"/>
</kw>
<kw name="Log" owner="BuiltIn">
<msg time="2024-07-02T07:15:24.625750" level="INFO">username</msg>
<arg>${keyTwo}</arg>
<doc>Logs the given message with the given level.</doc>
<status status="PASS" start="2024-07-02T07:15:24.625631" elapsed="0.000154"/>
</kw>
<var name="${keyTwo}">username</var>
<status status="PASS" start="2024-07-02T07:15:24.624350" elapsed="0.001653"/>
</iter>
<iter>
<kw name="Dictionary Should Contain Key" owner="Collections">
<arg>${json_data['results'][0]['login']}</arg>
<arg>${keyTwo}</arg>
<doc>Fails if ``key`` is not found from ``dictionary``.</doc>
<status status="PASS" start="2024-07-02T07:15:24.626276" elapsed="0.000377"/>
</kw>
<kw name="Dictionary Should Contain Key" owner="Collections">
<arg>${json_data['results'][0]['login']}</arg>
<arg>${keyTwo}</arg>
<doc>Fails if ``key`` is not found from ``dictionary``.</doc>
<status status="PASS" start="2024-07-02T07:15:24.626824" elapsed="0.000360"/>
</kw>
<kw name="Log" owner="BuiltIn">
<msg time="2024-07-02T07:15:24.627468" level="INFO">password</msg>
<arg>${keyTwo}</arg>
<doc>Logs the given message with the given level.</doc>
<status status="PASS" start="2024-07-02T07:15:24.627352" elapsed="0.000156"/>
</kw>
<var name="${keyTwo}">password</var>
<status status="PASS" start="2024-07-02T07:15:24.626172" elapsed="0.001644"/>
</iter>
<var>${keyTwo}</var>
<value>@{expected_keysTwo}</value>
<status status="PASS" start="2024-07-02T07:15:24.624200" elapsed="0.003782"/>
</for>
<status status="PASS" start="2024-07-02T07:15:24.504727" elapsed="0.123394"/>
</kw>
<doc>Testa a estrutura da resposta da API.</doc>
<tag>testeEstruturaResposta</tag>
<status status="PASS" start="2024-07-02T07:15:24.504016" elapsed="0.124249"/>
</test>
<test id="s1-s1-t4" name="Validar tipos de dados" line="28">
<kw name="Teste de Tipos de Dados" owner="random-user-service">
<kw name="GET On Session" owner="RequestsLibrary">
<msg time="2024-07-02T07:15:24.725415" level="INFO">GET Request : url=https://randomuser.me/api 
 path_url=/api 
 headers={'User-Agent': 'python-requests/2.32.3', 'Accept-Encoding': 'gzip, deflate', 'Accept': '*/*', 'Connection': 'keep-alive'} 
 body=None 
 </msg>
<msg time="2024-07-02T07:15:24.725482" level="INFO">GET Response : url=https://randomuser.me/api 
 status=200, reason=OK 
 headers={'Date': 'Tue, 02 Jul 2024 07:15:24 GMT', 'Content-Type': 'application/json; charset=utf-8', 'Transfer-Encoding': 'chunked', 'Connection': 'keep-alive', 'X-Powered-By': 'Express', 'Access-Control-Allow-Origin': '*', 'Cache-Control': 'no-cache', 'ETag': 'W/"458-zVcWyB99/KXgGHG5bAStFMHectg"', 'Vary': 'Accept-Encoding', 'Content-Encoding': 'gzip', 'CF-Cache-Status': 'DYNAMIC', 'Report-To': '{"endpoints":[{"url":"https:\\/\\/a.nel.cloudflare.com\\/report\\/v4?s=XYv3opHDIlhjP87uDSbloGwOTRZWN9dNwKcIHEnRV23JBRbL%2Bi4m5VEPtseDP7Rq9V%2FQSBVennZDSRKC%2B8dpl1lKyzPMj8jJeDKVtLsUfeLhPE85CS8A7SXD6CjrEH5w"}],"group":"cf-nel","max_age":604800}', 'NEL': '{"success_fraction":0,"report_to":"cf-nel","max_age":604800}', 'Server': 'cloudflare', 'CF-RAY': '89ccd82efee60d48-LAX', 'alt-svc': 'h3=":443"; ma=86400'} 
 body={"results":[{"gender":"male","name":{"title":"Mr","first":"Efe","last":"Doğan"},"location":{"street":{"number":9914,"name":"Istiklal Cd"},"city":"Ordu","state":"Mersin","country":"Turkey","postcode":19680,"coordinates":{"latitude":"66.7609","longitude":"-149.1179"},"timezone":{"offset":"+3:30","description":"Tehran"}},"email":"efe.dogan@example.com","login":{"uuid":"449f7a61-58e8-48c4-b2e5-9c019ec4f95c","username":"whitegoose643","password":"birdie","salt":"tH6HGWsm","md5":"e0a4ad594ea77dfa10bebb466de13b1c","sha1":"b7072eaa2af1fc225ea930601e95da614746a34c","sha256":"df1f6d8f2ba3f87ac8f48a6898c2b338fdefe442a5833fa06b79163627d45e0d"},"dob":{"date":"1990-07-05T00:56:48.403Z","age":33},"registered":{"date":"2002-12-22T02:17:44.801Z","age":21},"phone":"(687)-296-3898","cell":"(861)-750-3554","id":{"name":"","value":null},"picture":{"large":"https://randomuser.me/api/portraits/men/10.jpg","medium":"https://randomuser.me/api/portraits/med/men/10.jpg","thumbnail":"https://randomuser.me/api/portraits/thumb/men/10.jpg"},"nat":"TR"}],"info":{"seed":"fbb1cab7fed23225","results":1,"page":1,"version":"1.4"}} 
 </msg>
<msg time="2024-07-02T07:15:24.725547" level="INFO">/opt/hostedtoolcache/Python/3.12.4/x64/lib/python3.12/site-packages/urllib3/connectionpool.py:1099: InsecureRequestWarning: Unverified HTTPS request is being made to host 'randomuser.me'. Adding certificate verification is strongly advised. See: https://urllib3.readthedocs.io/en/latest/advanced-usage.html#tls-warnings
  warnings.warn(</msg>
<msg time="2024-07-02T07:15:24.725632" level="INFO">${response} = &lt;Response [200]&gt;</msg>
<var>${response}</var>
<arg>consultarAPI</arg>
<arg>/api</arg>
<doc>Sends a GET request on a previously created HTTP Session.</doc>
<status status="PASS" start="2024-07-02T07:15:24.630598" elapsed="0.095061"/>
</kw>
<kw name="Set Variable" owner="BuiltIn">
<msg time="2024-07-02T07:15:24.726541" level="INFO">${json_data} = {'results': [{'gender': 'male', 'name': {'title': 'Mr', 'first': 'Efe', 'last': 'Doğan'}, 'location': {'street': {'number': 9914, 'name': 'Istiklal Cd'}, 'city': 'Ordu', 'state': 'Mersin', 'country': ...</msg>
<var>${json_data}</var>
<arg>${response.json()}</arg>
<doc>Returns the given values which can then be assigned to a variables.</doc>
<status status="PASS" start="2024-07-02T07:15:24.726049" elapsed="0.000525"/>
</kw>
<kw name="Log" owner="BuiltIn">
<msg time="2024-07-02T07:15:24.727034" level="INFO">{'results': [{'gender': 'male', 'name': {'title': 'Mr', 'first': 'Efe', 'last': 'Doğan'}, 'location': {'street': {'number': 9914, 'name': 'Istiklal Cd'}, 'city': 'Ordu', 'state': 'Mersin', 'country': 'Turkey', 'postcode': 19680, 'coordinates': {'latitude': '66.7609', 'longitude': '-149.1179'}, 'timezone': {'offset': '+3:30', 'description': 'Tehran'}}, 'email': 'efe.dogan@example.com', 'login': {'uuid': '449f7a61-58e8-48c4-b2e5-9c019ec4f95c', 'username': 'whitegoose643', 'password': 'birdie', 'salt': 'tH6HGWsm', 'md5': 'e0a4ad594ea77dfa10bebb466de13b1c', 'sha1': 'b7072eaa2af1fc225ea930601e95da614746a34c', 'sha256': 'df1f6d8f2ba3f87ac8f48a6898c2b338fdefe442a5833fa06b79163627d45e0d'}, 'dob': {'date': '1990-07-05T00:56:48.403Z', 'age': 33}, 'registered': {'date': '2002-12-22T02:17:44.801Z', 'age': 21}, 'phone': '(687)-296-3898', 'cell': '(861)-750-3554', 'id': {'name': '', 'value': None}, 'picture': {'large': 'https://randomuser.me/api/portraits/men/10.jpg', 'medium': 'https://randomuser.me/api/portraits/med/men/10.jpg', 'thumbnail': 'https://randomuser.me/api/portraits/thumb/men/10.jpg'}, 'nat': 'TR'}], 'info': {'seed': 'fbb1cab7fed23225', 'results': 1, 'page': 1, 'version': '1.4'}}</msg>
<arg>${json_data}</arg>
<doc>Logs the given message with the given level.</doc>
<status status="PASS" start="2024-07-02T07:15:24.726876" elapsed="0.000208"/>
</kw>
<kw name="Should Be String" owner="String">
<arg>${json_data['results'][0]['gender']}</arg>
<doc>Fails if the given ``item`` is not a string.</doc>
<status status="PASS" start="2024-07-02T07:15:24.727375" elapsed="0.000354"/>
</kw>
<kw name="Should Match Regexp" owner="BuiltIn">
<arg>${json_data['results'][0]['email']}</arg>
<arg>^[a-zA-Z0-9._%+-]+@[a-zA-Z0-9.-]+\.[a-zA-Z]{2,}$</arg>
<doc>Fails if ``string`` does not match ``pattern`` as a regular expression.</doc>
<status status="PASS" start="2024-07-02T07:15:24.727992" elapsed="0.000520"/>
</kw>
<kw name="Should Match Regexp" owner="BuiltIn">
<arg>${json_data['results'][0]['dob']['date']}</arg>
<arg>\\d{4}-\\d{2}-\\d{2}T\\d{2}:\\d{2}:\\d{2}\\.\\d{3}Z</arg>
<doc>Fails if ``string`` does not match ``pattern`` as a regular expression.</doc>
<status status="PASS" start="2024-07-02T07:15:24.728702" elapsed="0.000478"/>
</kw>
<kw name="Should Match Regexp" owner="BuiltIn">
<arg>${json_data['results'][0]['registered']['date']}</arg>
<arg>\\d{4}-\\d{2}-\\d{2}T\\d{2}:\\d{2}:\\d{2}\\.\\d{3}Z</arg>
<doc>Fails if ``string`` does not match ``pattern`` as a regular expression.</doc>
<status status="PASS" start="2024-07-02T07:15:24.729366" elapsed="0.000363"/>
</kw>
<kw name="Should Match Regexp" owner="BuiltIn">
<arg>${json_data['results'][0]['picture']['large']}</arg>
<arg>^https?://.*\.(?:png|jpe?g|gif|bmp)$</arg>
<doc>Fails if ``string`` does not match ``pattern`` as a regular expression.</doc>
<status status="PASS" start="2024-07-02T07:15:24.729925" elapsed="0.000448"/>
</kw>
<kw name="Should Match Regexp" owner="BuiltIn">
<arg>${json_data['results'][0]['picture']['medium']}</arg>
<arg>^https?://.*\.(?:png|jpe?g|gif|bmp)$</arg>
<doc>Fails if ``string`` does not match ``pattern`` as a regular expression.</doc>
<status status="PASS" start="2024-07-02T07:15:24.730556" elapsed="0.000347"/>
</kw>
<kw name="Should Match Regexp" owner="BuiltIn">
<arg>${json_data['results'][0]['picture']['thumbnail']}</arg>
<arg>^https?://.*\.(?:png|jpe?g|gif|bmp)$</arg>
<doc>Fails if ``string`` does not match ``pattern`` as a regular expression.</doc>
<status status="PASS" start="2024-07-02T07:15:24.731090" elapsed="0.000350"/>
</kw>
<kw name="Log" owner="BuiltIn">
<msg time="2024-07-02T07:15:24.731977" level="INFO">{'large': 'https://randomuser.me/api/portraits/men/10.jpg', 'medium': 'https://randomuser.me/api/portraits/med/men/10.jpg', 'thumbnail': 'https://randomuser.me/api/portraits/thumb/men/10.jpg'}</msg>
<arg>${json_data['results'][0]['picture']}</arg>
<doc>Logs the given message with the given level.</doc>
<status status="PASS" start="2024-07-02T07:15:24.731620" elapsed="0.000399"/>
</kw>
<status status="PASS" start="2024-07-02T07:15:24.630386" elapsed="0.101890"/>
</kw>
<kw name="Teste de Tipos de Dados - Postcode" owner="random-user-service">
<kw name="GET On Session" owner="RequestsLibrary">
<msg time="2024-07-02T07:15:24.828401" level="INFO">GET Request : url=https://randomuser.me/api 
 path_url=/api 
 headers={'User-Agent': 'python-requests/2.32.3', 'Accept-Encoding': 'gzip, deflate', 'Accept': '*/*', 'Connection': 'keep-alive'} 
 body=None 
 </msg>
<msg time="2024-07-02T07:15:24.828498" level="INFO">GET Response : url=https://randomuser.me/api 
 status=200, reason=OK 
 headers={'Date': 'Tue, 02 Jul 2024 07:15:24 GMT', 'Content-Type': 'application/json; charset=utf-8', 'Transfer-Encoding': 'chunked', 'Connection': 'keep-alive', 'X-Powered-By': 'Express', 'Access-Control-Allow-Origin': '*', 'Cache-Control': 'no-cache', 'ETag': 'W/"4a9-HUWYbtjQNNKUg89HZXUKnScudfc"', 'Vary': 'Accept-Encoding', 'Content-Encoding': 'gzip', 'CF-Cache-Status': 'DYNAMIC', 'Report-To': '{"endpoints":[{"url":"https:\\/\\/a.nel.cloudflare.com\\/report\\/v4?s=t14DdpmGb9FqBv4%2BAFdu3x7Th%2FjUICY1lVdURDI1uNbkwvZjiNH5CVKxOtNjCy6%2FEaxj1XacPMVZhyDucTwbCt4FgCme2pj791W4d4v6amDkDsKL5QkH6pN1mEXy52Us"}],"group":"cf-nel","max_age":604800}', 'NEL': '{"success_fraction":0,"report_to":"cf-nel","max_age":604800}', 'Server': 'cloudflare', 'CF-RAY': '89ccd82f9f440d48-LAX', 'alt-svc': 'h3=":443"; ma=86400'} 
 body={"results":[{"gender":"male","name":{"title":"Mr","first":"Oskari","last":"Seppanen"},"location":{"street":{"number":5743,"name":"Pispalan Valtatie"},"city":"Siilinjärvi","state":"Tavastia Proper","country":"Finland","postcode":17445,"coordinates":{"latitude":"-27.7057","longitude":"-88.6862"},"timezone":{"offset":"-4:00","description":"Atlantic Time (Canada), Caracas, La Paz"}},"email":"oskari.seppanen@example.com","login":{"uuid":"bd499cd1-774a-49b5-881e-71a01542164c","username":"beautifulswan515","password":"lawyer","salt":"CCsPKQwa","md5":"f50b3f69b3961dcdb4e89b4ca0b034b9","sha1":"4458fd8748260241550d0235e886c4a0815abe06","sha256":"0659e3d1a63bb6a1d0634440ea56392a6d17bb7e0f06989b4e5ae63de7f9c9c2"},"dob":{"date":"1948-08-03T03:37:25.363Z","age":75},"registered":{"date":"2015-10-19T12:59:34.832Z","age":8},"phone":"02-331-132","cell":"047-982-48-39","id":{"name":"HETU","value":"NaNNA057undefined"},"picture":{"large":"https://randomuser.me/api/portraits/men/1.jpg","medium":"https://randomuser.me/api/portraits/med/men/1.jpg","thumbnail":"https://randomuser.me/api/portraits/thumb/men/1.jpg"},"nat":"FI"}],"info":{"seed":"2002563eeb3f6805","results":1,"page":1,"version":"1.4"}} 
 </msg>
<msg time="2024-07-02T07:15:24.828601" level="INFO">/opt/hostedtoolcache/Python/3.12.4/x64/lib/python3.12/site-packages/urllib3/connectionpool.py:1099: InsecureRequestWarning: Unverified HTTPS request is being made to host 'randomuser.me'. Adding certificate verification is strongly advised. See: https://urllib3.readthedocs.io/en/latest/advanced-usage.html#tls-warnings
  warnings.warn(</msg>
<msg time="2024-07-02T07:15:24.828693" level="INFO">${response} = &lt;Response [200]&gt;</msg>
<var>${response}</var>
<arg>consultarAPI</arg>
<arg>/api</arg>
<doc>Sends a GET request on a previously created HTTP Session.</doc>
<status status="PASS" start="2024-07-02T07:15:24.732697" elapsed="0.096031"/>
</kw>
<kw name="Set Variable" owner="BuiltIn">
<msg time="2024-07-02T07:15:24.829686" level="INFO">${json_data} = {'results': [{'gender': 'male', 'name': {'title': 'Mr', 'first': 'Oskari', 'last': 'Seppanen'}, 'location': {'street': {'number': 5743, 'name': 'Pispalan Valtatie'}, 'city': 'Siilinjärvi', 'state': 'T...</msg>
<var>${json_data}</var>
<arg>${response.json()}</arg>
<doc>Returns the given values which can then be assigned to a variables.</doc>
<status status="PASS" start="2024-07-02T07:15:24.829160" elapsed="0.000557"/>
</kw>
<kw name="Log" owner="BuiltIn">
<msg time="2024-07-02T07:15:24.830174" level="INFO">{'results': [{'gender': 'male', 'name': {'title': 'Mr', 'first': 'Oskari', 'last': 'Seppanen'}, 'location': {'street': {'number': 5743, 'name': 'Pispalan Valtatie'}, 'city': 'Siilinjärvi', 'state': 'Tavastia Proper', 'country': 'Finland', 'postcode': 17445, 'coordinates': {'latitude': '-27.7057', 'longitude': '-88.6862'}, 'timezone': {'offset': '-4:00', 'description': 'Atlantic Time (Canada), Caracas, La Paz'}}, 'email': 'oskari.seppanen@example.com', 'login': {'uuid': 'bd499cd1-774a-49b5-881e-71a01542164c', 'username': 'beautifulswan515', 'password': 'lawyer', 'salt': 'CCsPKQwa', 'md5': 'f50b3f69b3961dcdb4e89b4ca0b034b9', 'sha1': '4458fd8748260241550d0235e886c4a0815abe06', 'sha256': '0659e3d1a63bb6a1d0634440ea56392a6d17bb7e0f06989b4e5ae63de7f9c9c2'}, 'dob': {'date': '1948-08-03T03:37:25.363Z', 'age': 75}, 'registered': {'date': '2015-10-19T12:59:34.832Z', 'age': 8}, 'phone': '02-331-132', 'cell': '047-982-48-39', 'id': {'name': 'HETU', 'value': 'NaNNA057undefined'}, 'picture': {'large': 'https://randomuser.me/api/portraits/men/1.jpg', 'medium': 'https://randomuser.me/api/portraits/med/men/1.jpg', 'thumbnail': 'https://randomuser.me/api/portraits/thumb/men/1.jpg'}, 'nat': 'FI'}], 'info': {'seed': '2002563eeb3f6805', 'results': 1, 'page': 1, 'version': '1.4'}}</msg>
<arg>${json_data}</arg>
<doc>Logs the given message with the given level.</doc>
<status status="PASS" start="2024-07-02T07:15:24.830016" elapsed="0.000208"/>
</kw>
<kw name="Should Be Equal As Numbers" owner="BuiltIn">
<arg>${json_data['results'][0]['location']['postcode']}</arg>
<arg>${json_data['results'][0]['location']['postcode']}</arg>
<doc>Fails if objects are unequal after converting them to real numbers.</doc>
<status status="PASS" start="2024-07-02T07:15:24.830511" elapsed="0.000614"/>
</kw>
<kw name="Log" owner="BuiltIn">
<msg time="2024-07-02T07:15:24.831796" level="INFO">17445</msg>
<arg>${json_data['results'][0]['location']['postcode']}</arg>
<doc>Logs the given message with the given level.</doc>
<status status="PASS" start="2024-07-02T07:15:24.831344" elapsed="0.000492"/>
</kw>
<status status="PASS" start="2024-07-02T07:15:24.732482" elapsed="0.099660"/>
</kw>
<doc>Testa se os tipos de dados na resposta da API estão corretos.</doc>
<tag>testeTiposDados</tag>
<status status="PASS" start="2024-07-02T07:15:24.629965" elapsed="0.202334"/>
</test>
<test id="s1-s1-t5" name="Validar conteudo" line="35">
<kw name="Teste de Tipos de Conteudo" owner="random-user-service">
<kw name="GET On Session" owner="RequestsLibrary">
<msg time="2024-07-02T07:15:24.931584" level="INFO">GET Request : url=https://randomuser.me/api 
 path_url=/api 
 headers={'User-Agent': 'python-requests/2.32.3', 'Accept-Encoding': 'gzip, deflate', 'Accept': '*/*', 'Connection': 'keep-alive'} 
 body=None 
 </msg>
<msg time="2024-07-02T07:15:24.931670" level="INFO">GET Response : url=https://randomuser.me/api 
 status=200, reason=OK 
 headers={'Date': 'Tue, 02 Jul 2024 07:15:24 GMT', 'Content-Type': 'application/json; charset=utf-8', 'Transfer-Encoding': 'chunked', 'Connection': 'keep-alive', 'X-Powered-By': 'Express', 'Access-Control-Allow-Origin': '*', 'Cache-Control': 'no-cache', 'ETag': 'W/"49d-6ytZDtvoRpPP0BkMJwnEkk2wtX4"', 'Vary': 'Accept-Encoding', 'Content-Encoding': 'gzip', 'CF-Cache-Status': 'DYNAMIC', 'Report-To': '{"endpoints":[{"url":"https:\\/\\/a.nel.cloudflare.com\\/report\\/v4?s=ifuaBqC%2FD5v5N%2FLl0EhCYJGUqG5C%2FKJWC%2Fxvyt4%2FjtAnSXFaVPAmjlWTDhHGnuc1Tu2DUXcA%2Fp%2Fu%2BYXZ6tXevjAfBC8fx53EsqcpQUYBAtDe6MZ9tjR87YJn3rhe%2B5Tq"}],"group":"cf-nel","max_age":604800}', 'NEL': '{"success_fraction":0,"report_to":"cf-nel","max_age":604800}', 'Server': 'cloudflare', 'CF-RAY': '89ccd8303fa60d48-LAX', 'alt-svc': 'h3=":443"; ma=86400'} 
 body={"results":[{"gender":"female","name":{"title":"Ms","first":"Charlotte","last":"Weaver"},"location":{"street":{"number":6994,"name":"York Road"},"city":"York","state":"Norfolk","country":"United Kingdom","postcode":"H6 8XL","coordinates":{"latitude":"-12.1096","longitude":"105.2256"},"timezone":{"offset":"-1:00","description":"Azores, Cape Verde Islands"}},"email":"charlotte.weaver@example.com","login":{"uuid":"3ff6bffa-b6c8-4e40-ab41-7da8e3893b73","username":"beautifulladybug847","password":"corndog","salt":"AVH3sdMS","md5":"74e1336045bff0ab8f95864a28c36f73","sha1":"13d83e59b6d617367e8cc57baa2ab3f5fb7940d1","sha256":"46259331740d3cd35946d92b304ee0f606eedaaaea61cb1929c0c93238161a3d"},"dob":{"date":"1980-03-28T12:13:37.786Z","age":44},"registered":{"date":"2012-10-23T01:19:14.386Z","age":11},"phone":"015396 22519","cell":"07019 388543","id":{"name":"NINO","value":"JY 64 63 23 L"},"picture":{"large":"https://randomuser.me/api/portraits/women/87.jpg","medium":"https://randomuser.me/api/portraits/med/women/87.jpg","thumbnail":"https://randomuser.me/api/portraits/thumb/women/87.jpg"},"nat":"GB"}],"info":{"seed":"fafcc442f5836c61","results":1,"page":1,"version":"1.4"}} 
 </msg>
<msg time="2024-07-02T07:15:24.931752" level="INFO">/opt/hostedtoolcache/Python/3.12.4/x64/lib/python3.12/site-packages/urllib3/connectionpool.py:1099: InsecureRequestWarning: Unverified HTTPS request is being made to host 'randomuser.me'. Adding certificate verification is strongly advised. See: https://urllib3.readthedocs.io/en/latest/advanced-usage.html#tls-warnings
  warnings.warn(</msg>
<msg time="2024-07-02T07:15:24.931855" level="INFO">${response} = &lt;Response [200]&gt;</msg>
<var>${response}</var>
<arg>consultarAPI</arg>
<arg>/api</arg>
<doc>Sends a GET request on a previously created HTTP Session.</doc>
<status status="PASS" start="2024-07-02T07:15:24.834604" elapsed="0.097306"/>
</kw>
<kw name="Set Variable" owner="BuiltIn">
<msg time="2024-07-02T07:15:24.932771" level="INFO">${json_data} = {'results': [{'gender': 'female', 'name': {'title': 'Ms', 'first': 'Charlotte', 'last': 'Weaver'}, 'location': {'street': {'number': 6994, 'name': 'York Road'}, 'city': 'York', 'state': 'Norfolk', 'co...</msg>
<var>${json_data}</var>
<arg>${response.json()}</arg>
<doc>Returns the given values which can then be assigned to a variables.</doc>
<status status="PASS" start="2024-07-02T07:15:24.932288" elapsed="0.000512"/>
</kw>
<kw name="Set Variable" owner="BuiltIn">
<msg time="2024-07-02T07:15:24.933466" level="INFO">${name_title} = Ms</msg>
<var>${name_title}</var>
<arg>${json_data["results"][0]["name"]["title"]}</arg>
<doc>Returns the given values which can then be assigned to a variables.</doc>
<status status="PASS" start="2024-07-02T07:15:24.933100" elapsed="0.000392"/>
</kw>
<kw name="Create List" owner="BuiltIn">
<msg time="2024-07-02T07:15:24.933921" level="INFO">${allowed_titles} = ['Mr', 'Ms', 'Miss', 'Mrs', 'Madame', 'Monsieur']</msg>
<var>${allowed_titles}</var>
<arg>Mr</arg>
<arg>Ms</arg>
<arg>Miss</arg>
<arg>Mrs</arg>
<arg>Madame</arg>
<arg>Monsieur</arg>
<doc>Returns a list containing given items.</doc>
<status status="PASS" start="2024-07-02T07:15:24.933777" elapsed="0.000173"/>
</kw>
<kw name="List Should Contain Value" owner="Collections">
<arg>${allowed_titles}</arg>
<arg>${name_title}</arg>
<doc>Fails if the ``value`` is not found from ``list``.</doc>
<status status="PASS" start="2024-07-02T07:15:24.934240" elapsed="0.000172"/>
</kw>
<kw name="Set Variable" owner="BuiltIn">
<msg time="2024-07-02T07:15:24.934947" level="INFO">${name_country} = GB</msg>
<var>${name_country}</var>
<arg>${json_data["results"][0]["nat"]}</arg>
<doc>Returns the given values which can then be assigned to a variables.</doc>
<status status="PASS" start="2024-07-02T07:15:24.934588" elapsed="0.000383"/>
</kw>
<kw name="Create List" owner="BuiltIn">
<msg time="2024-07-02T07:15:24.935843" level="INFO">${list_country} = ['AD', 'AE', 'AF', 'AG', 'AI', 'AL', 'AM', 'AO', 'AQ', 'AR', 'AS', 'AT', 'AU', 'AW', 'AX', 'AZ', 'BA', 'BB', 'BD', 'BE', 'BF', 'BG', 'BH', 'BI', 'BJ', 'BL', 'BM', 'BN', 'BO', 'BQ', 'BR', 'BS', 'BT', '...</msg>
<var>${list_country}</var>
<arg>AD</arg>
<arg>AE</arg>
<arg>AF</arg>
<arg>AG</arg>
<arg>AI</arg>
<arg>AL</arg>
<arg>AM</arg>
<arg>AO</arg>
<arg>AQ</arg>
<arg>AR</arg>
<arg>AS</arg>
<arg>AT</arg>
<arg>AU</arg>
<arg>AW</arg>
<arg>AX</arg>
<arg>AZ</arg>
<arg>BA</arg>
<arg>BB</arg>
<arg>BD</arg>
<arg>BE</arg>
<arg>BF</arg>
<arg>BG</arg>
<arg>BH</arg>
<arg>BI</arg>
<arg>BJ</arg>
<arg>BL</arg>
<arg>BM</arg>
<arg>BN</arg>
<arg>BO</arg>
<arg>BQ</arg>
<arg>BR</arg>
<arg>BS</arg>
<arg>BT</arg>
<arg>BV</arg>
<arg>BW</arg>
<arg>BY</arg>
<arg>BZ</arg>
<arg>CA</arg>
<arg>CC</arg>
<arg>CD</arg>
<arg>CF</arg>
<arg>CG</arg>
<arg>CH</arg>
<arg>CI</arg>
<arg>CK</arg>
<arg>CL</arg>
<arg>CM</arg>
<arg>CN</arg>
<arg>CO</arg>
<arg>CR</arg>
<arg>CU</arg>
<arg>CV</arg>
<arg>CW</arg>
<arg>CX</arg>
<arg>CY</arg>
<arg>CZ</arg>
<arg>DE</arg>
<arg>DJ</arg>
<arg>DK</arg>
<arg>DM</arg>
<arg>DO</arg>
<arg>DZ</arg>
<arg>EC</arg>
<arg>EE</arg>
<arg>EG</arg>
<arg>EH</arg>
<arg>ER</arg>
<arg>ES</arg>
<arg>ET</arg>
<arg>FI</arg>
<arg>FJ</arg>
<arg>FK</arg>
<arg>FM</arg>
<arg>FO</arg>
<arg>FR</arg>
<arg>GA</arg>
<arg>GB</arg>
<arg>GD</arg>
<arg>GE</arg>
<arg>GF</arg>
<arg>GG</arg>
<arg>GH</arg>
<arg>GI</arg>
<arg>GL</arg>
<arg>GM</arg>
<arg>GN</arg>
<arg>GP</arg>
<arg>GQ</arg>
<arg>GR</arg>
<arg>GS</arg>
<arg>GT</arg>
<arg>GU</arg>
<arg>GW</arg>
<arg>GY</arg>
<arg>HK</arg>
<arg>HM</arg>
<arg>HN</arg>
<arg>HR</arg>
<arg>HT</arg>
<arg>HU</arg>
<arg>ID</arg>
<arg>IE</arg>
<arg>IL</arg>
<arg>IM</arg>
<arg>IN</arg>
<arg>IO</arg>
<arg>IQ</arg>
<arg>IR</arg>
<arg>IS</arg>
<arg>IT</arg>
<arg>JE</arg>
<arg>JM</arg>
<arg>JO</arg>
<arg>JP</arg>
<arg>KE</arg>
<arg>KG</arg>
<arg>KH</arg>
<arg>KI</arg>
<arg>KM</arg>
<arg>KN</arg>
<arg>KP</arg>
<arg>KR</arg>
<arg>KW</arg>
<arg>KY</arg>
<arg>KZ</arg>
<arg>LA</arg>
<arg>LB</arg>
<arg>LC</arg>
<arg>LI</arg>
<arg>LK</arg>
<arg>LR</arg>
<arg>LS</arg>
<arg>LT</arg>
<arg>LU</arg>
<arg>LV</arg>
<arg>LY</arg>
<arg>MA</arg>
<arg>MC</arg>
<arg>MD</arg>
<arg>ME</arg>
<arg>MF</arg>
<arg>MG</arg>
<arg>MH</arg>
<arg>MK</arg>
<arg>ML</arg>
<arg>MM</arg>
<arg>MN</arg>
<arg>MO</arg>
<arg>MP</arg>
<arg>MQ</arg>
<arg>MR</arg>
<arg>MS</arg>
<arg>MT</arg>
<arg>MU</arg>
<arg>MV</arg>
<arg>MW</arg>
<arg>MX</arg>
<arg>MY</arg>
<arg>MZ</arg>
<arg>NA</arg>
<arg>NC</arg>
<arg>NE</arg>
<arg>NF</arg>
<arg>NG</arg>
<arg>NI</arg>
<arg>NL</arg>
<arg>NO</arg>
<arg>NP</arg>
<arg>NR</arg>
<arg>NU</arg>
<arg>NZ</arg>
<arg>OM</arg>
<arg>PA</arg>
<arg>PE</arg>
<arg>PF</arg>
<arg>PG</arg>
<arg>PH</arg>
<arg>PK</arg>
<arg>PL</arg>
<arg>PM</arg>
<arg>PN</arg>
<arg>PR</arg>
<arg>PS</arg>
<arg>PT</arg>
<arg>PW</arg>
<arg>PY</arg>
<arg>QA</arg>
<arg>RE</arg>
<arg>RO</arg>
<arg>RS</arg>
<arg>RU</arg>
<arg>RW</arg>
<arg>SA</arg>
<arg>SB</arg>
<arg>SC</arg>
<arg>SD</arg>
<arg>SE</arg>
<arg>SG</arg>
<arg>SH</arg>
<arg>SI</arg>
<arg>SJ</arg>
<arg>SK</arg>
<arg>SL</arg>
<arg>SM</arg>
<arg>SN</arg>
<arg>SO</arg>
<arg>SR</arg>
<arg>SS</arg>
<arg>ST</arg>
<arg>SV</arg>
<arg>SX</arg>
<arg>SY</arg>
<arg>SZ</arg>
<arg>TC</arg>
<arg>TD</arg>
<arg>TF</arg>
<arg>TG</arg>
<arg>TH</arg>
<arg>TJ</arg>
<arg>TK</arg>
<arg>TL</arg>
<arg>TM</arg>
<arg>TN</arg>
<arg>TO</arg>
<arg>TR</arg>
<arg>TT</arg>
<arg>TV</arg>
<arg>TW</arg>
<arg>TZ</arg>
<arg>UA</arg>
<arg>UG</arg>
<arg>UM</arg>
<arg>US</arg>
<arg>UY</arg>
<arg>UZ</arg>
<arg>VA</arg>
<arg>VC</arg>
<arg>VE</arg>
<arg>VG</arg>
<arg>VI</arg>
<arg>VN</arg>
<arg>VU</arg>
<arg>WF</arg>
<arg>WS</arg>
<arg>XK</arg>
<arg>YE</arg>
<arg>YT</arg>
<arg>ZA</arg>
<arg>ZM</arg>
<arg>ZW</arg>
<doc>Returns a list containing given items.</doc>
<status status="PASS" start="2024-07-02T07:15:24.935254" elapsed="0.000614"/>
</kw>
<kw name="List Should Contain Value" owner="Collections">
<arg>${list_country}</arg>
<arg>${name_country}</arg>
<doc>Fails if the ``value`` is not found from ``list``.</doc>
<status status="PASS" start="2024-07-02T07:15:24.936715" elapsed="0.000202"/>
</kw>
<kw name="Run Keyword If" owner="BuiltIn">
<kw name="Should Be True" owner="BuiltIn">
<arg>${True}</arg>
<doc>Fails if the given condition is not true.</doc>
<status status="PASS" start="2024-07-02T07:15:24.937848" elapsed="0.000139"/>
</kw>
<arg>${json_data["results"][0]["location"]["coordinates"]["latitude"]} &gt;= -90 and ${json_data["results"][0]["location"]["coordinates"]["latitude"]} &lt;= 90</arg>
<arg>Should Be True</arg>
<arg>${True}</arg>
<doc>Runs the given keyword with the given arguments, if ``condition`` is true.</doc>
<status status="PASS" start="2024-07-02T07:15:24.937111" elapsed="0.000999"/>
</kw>
<kw name="Run Keyword If" owner="BuiltIn">
<kw name="Should Be True" owner="BuiltIn">
<arg>${True}</arg>
<doc>Fails if the given condition is not true.</doc>
<status status="PASS" start="2024-07-02T07:15:24.938975" elapsed="0.000227"/>
</kw>
<arg>${json_data["results"][0]["location"]["coordinates"]["longitude"]} &gt;= -180 and ${json_data["results"][0]["location"]["coordinates"]["longitude"]} &lt;= 180</arg>
<arg>Should Be True</arg>
<arg>${True}</arg>
<doc>Runs the given keyword with the given arguments, if ``condition`` is true.</doc>
<status status="PASS" start="2024-07-02T07:15:24.938286" elapsed="0.001043"/>
</kw>
<status status="PASS" start="2024-07-02T07:15:24.834393" elapsed="0.105063"/>
</kw>
<doc>Testa o conteúdo específico dos campos retornados pela API.</doc>
<tag>testeConteudo</tag>
<status status="PASS" start="2024-07-02T07:15:24.833982" elapsed="0.105613"/>
</test>
<status status="PASS" start="2024-07-02T07:15:23.486339" elapsed="1.455139"/>
</suite>
<status status="PASS" start="2024-07-02T07:15:23.472168" elapsed="1.474232"/>
</suite>
<statistics>
<total>
<stat pass="5" fail="0" skip="0">All Tests</stat>
</total>
<tag>
<stat pass="1" fail="0" skip="0">testeConteudo</stat>
<stat pass="1" fail="0" skip="0">testeEstruturaResposta</stat>
<stat pass="1" fail="0" skip="0">testeRequisicaoBasica</stat>
<stat pass="1" fail="0" skip="0">testeTiposDados</stat>
</tag>
<suite>
<stat pass="5" fail="0" skip="0" id="s1" name="Tests">Tests</stat>
<stat pass="5" fail="0" skip="0" id="s1-s1" name="Random-User-Test">Tests.Random-User-Test</stat>
</suite>
</statistics>
<errors>
</errors>
</robot>
