<?xml version="1.0" encoding="UTF-8"?>
<robot generator="Robot 7.0.1 (Python 3.12.4 on linux)" generated="2024-07-03T16:19:25.087811" rpa="false" schemaversion="5">
<suite id="s1" name="Tests" source="/home/runner/work/ApiRandomUser/ApiRandomUser/RamdonUser/tests">
<suite id="s1-s1" name="Random-User-Test" source="/home/runner/work/ApiRandomUser/ApiRandomUser/RamdonUser/tests/random-user-test.robot">
<test id="s1-s1-t1" name="Conectar" line="13">
<kw name="Conectar API" owner="random-user-service">
<kw name="Create Session" owner="RequestsLibrary">
<msg time="2024-07-03T16:19:25.525658" level="INFO">Creating Session using : alias=consultarAPI, url=https://randomuser.me/, headers={},                     cookies={}, auth=None, timeout=None, proxies=None, verify=False,                     debug=0 </msg>
<arg>consultarAPI</arg>
<arg>${URL}</arg>
<doc>Create Session: create a HTTP session to a server</doc>
<status status="PASS" start="2024-07-03T16:19:25.525450" elapsed="0.000387"/>
</kw>
<status status="PASS" start="2024-07-03T16:19:25.524474" elapsed="0.001759"/>
</kw>
<status status="PASS" start="2024-07-03T16:19:25.523849" elapsed="0.002585"/>
</test>
<test id="s1-s1-t2" name="Validar retorno 200 e JSON Válido" line="16">
<kw name="Teste de Requisicao Basica" owner="random-user-service">
<kw name="GET On Session" owner="RequestsLibrary">
<msg time="2024-07-03T16:19:27.695636" level="INFO">GET Request : url=https://randomuser.me/api 
 path_url=/api 
 headers={'User-Agent': 'python-requests/2.32.3', 'Accept-Encoding': 'gzip, deflate', 'Accept': '*/*', 'Connection': 'keep-alive'} 
 body=None 
 </msg>
<msg time="2024-07-03T16:19:27.695783" level="INFO">GET Response : url=https://randomuser.me/api 
 status=200, reason=OK 
 headers={'Date': 'Wed, 03 Jul 2024 16:19:27 GMT', 'Content-Type': 'application/json; charset=utf-8', 'Transfer-Encoding': 'chunked', 'Connection': 'keep-alive', 'X-Powered-By': 'Express', 'Access-Control-Allow-Origin': '*', 'Cache-Control': 'no-cache', 'ETag': 'W/"4ab-u84LdS9D3TRixV+VihIlXMrEJBk"', 'Vary': 'Accept-Encoding', 'Content-Encoding': 'gzip', 'CF-Cache-Status': 'DYNAMIC', 'Report-To': '{"endpoints":[{"url":"https:\\/\\/a.nel.cloudflare.com\\/report\\/v4?s=t494v5q%2F%2F8P4z8tXUYguXcfyrJowP5w1%2BNHv%2FyVAFNv6KtijxgcTfOPjL8k8BhXUcSol6sPJNegQ0NUt4sDhHlFqYrF0yfYYR7AEyyA3jcQGa8v0gy0SXBw9oKIRssD%2F"}],"group":"cf-nel","max_age":604800}', 'NEL': '{"success_fraction":0,"report_to":"cf-nel","max_age":604800}', 'Server': 'cloudflare', 'CF-RAY': '89d83274cb505b1d-IAD', 'alt-svc': 'h3=":443"; ma=86400'} 
 body={"results":[{"gender":"female","name":{"title":"Ms","first":"Elvine","last":"Sekkingstad"},"location":{"street":{"number":9489,"name":"Axel Flinders vei"},"city":"Fotlandsvåg","state":"Trøndelag","country":"Norway","postcode":"1350","coordinates":{"latitude":"41.6216","longitude":"50.3386"},"timezone":{"offset":"0:00","description":"Western Europe Time, London, Lisbon, Casablanca"}},"email":"elvine.sekkingstad@example.com","login":{"uuid":"4bd7f03e-4541-44fb-8087-814063cb5301","username":"heavyleopard201","password":"lister","salt":"usgr0Sbd","md5":"8ec06f677ee26641b5d8c8ac8ef9bf6f","sha1":"ccce8788871445702110cda350ffbb8eaac083ab","sha256":"c5aad1b66b82ef3219f9d10100a946628a1a3fc227bb7ac2cf6a3aab96458f93"},"dob":{"date":"1962-05-13T14:19:38.254Z","age":62},"registered":{"date":"2003-05-27T00:16:45.058Z","age":21},"phone":"37731018","cell":"92777572","id":{"name":"FN","value":"13056231093"},"picture":{"large":"https://randomuser.me/api/portraits/women/38.jpg","medium":"https://randomuser.me/api/portraits/med/women/38.jpg","thumbnail":"https://randomuser.me/api/portraits/thumb/women/38.jpg"},"nat":"NO"}],"info":{"seed":"f660e24cf82b53d8","results":1,"page":1,"version":"1.4"}} 
 </msg>
<msg time="2024-07-03T16:19:27.695864" level="INFO">/opt/hostedtoolcache/Python/3.12.4/x64/lib/python3.12/site-packages/urllib3/connectionpool.py:1099: InsecureRequestWarning: Unverified HTTPS request is being made to host 'randomuser.me'. Adding certificate verification is strongly advised. See: https://urllib3.readthedocs.io/en/latest/advanced-usage.html#tls-warnings
  warnings.warn(</msg>
<msg time="2024-07-03T16:19:27.696023" level="INFO">${response} = &lt;Response [200]&gt;</msg>
<var>${response}</var>
<arg>consultarAPI</arg>
<arg>/api</arg>
<doc>Sends a GET request on a previously created HTTP Session.</doc>
<status status="PASS" start="2024-07-03T16:19:25.529226" elapsed="2.166843"/>
</kw>
<kw name="Should Be Equal As Numbers" owner="BuiltIn">
<msg time="2024-07-03T16:19:27.697057" level="INFO">Argument types are:
&lt;class 'int'&gt;
&lt;class 'str'&gt;</msg>
<arg>${response.status_code}</arg>
<arg>200</arg>
<doc>Fails if objects are unequal after converting them to real numbers.</doc>
<status status="PASS" start="2024-07-03T16:19:27.696591" elapsed="0.000533"/>
</kw>
<kw name="Log" owner="BuiltIn">
<msg time="2024-07-03T16:19:27.697816" level="INFO">200</msg>
<arg>${response.status_code}</arg>
<doc>Logs the given message with the given level.</doc>
<status status="PASS" start="2024-07-03T16:19:27.697451" elapsed="0.000409"/>
</kw>
<kw name="Set Variable" owner="BuiltIn">
<msg time="2024-07-03T16:19:27.698684" level="INFO">${json_data} = {'results': [{'gender': 'female', 'name': {'title': 'Ms', 'first': 'Elvine', 'last': 'Sekkingstad'}, 'location': {'street': {'number': 9489, 'name': 'Axel Flinders vei'}, 'city': 'Fotlandsvåg', 'state...</msg>
<var>${json_data}</var>
<arg>${response.json()}</arg>
<doc>Returns the given values which can then be assigned to a variables.</doc>
<status status="PASS" start="2024-07-03T16:19:27.698215" elapsed="0.000499"/>
</kw>
<kw name="Dictionary Should Contain Key" owner="Collections">
<arg>${json_data}</arg>
<arg>results</arg>
<doc>Fails if ``key`` is not found from ``dictionary``.</doc>
<status status="PASS" start="2024-07-03T16:19:27.699021" elapsed="0.000171"/>
</kw>
<status status="PASS" start="2024-07-03T16:19:25.528969" elapsed="2.170380"/>
</kw>
<doc>Testa se a API responde corretamente e retorna um objeto JSON válido.</doc>
<tag>testeRequisicaoBasica</tag>
<status status="PASS" start="2024-07-03T16:19:25.528407" elapsed="2.171125"/>
</test>
<test id="s1-s1-t3" name="Validar estrutura de resposta" line="22">
<kw name="Teste de Estrutura de Resposta" owner="random-user-service">
<kw name="GET On Session" owner="RequestsLibrary">
<msg time="2024-07-03T16:19:28.266789" level="INFO">GET Request : url=https://randomuser.me/api 
 path_url=/api 
 headers={'User-Agent': 'python-requests/2.32.3', 'Accept-Encoding': 'gzip, deflate', 'Accept': '*/*', 'Connection': 'keep-alive'} 
 body=None 
 </msg>
<msg time="2024-07-03T16:19:28.266906" level="INFO">GET Response : url=https://randomuser.me/api 
 status=200, reason=OK 
 headers={'Date': 'Wed, 03 Jul 2024 16:19:28 GMT', 'Content-Type': 'application/json; charset=utf-8', 'Transfer-Encoding': 'chunked', 'Connection': 'keep-alive', 'X-Powered-By': 'Express', 'Access-Control-Allow-Origin': '*', 'Cache-Control': 'no-cache', 'ETag': 'W/"47d-KP+KldaAQCSMsRIWz/HwF6N6lGE"', 'Vary': 'Accept-Encoding', 'Content-Encoding': 'gzip', 'CF-Cache-Status': 'DYNAMIC', 'Report-To': '{"endpoints":[{"url":"https:\\/\\/a.nel.cloudflare.com\\/report\\/v4?s=V9Nt3aKYJCGf3ED%2B76vNd%2Fl0Y8l4L8EkN95gpnZqYvKQJ29MAOGi6i4QzLjP4CjvZAl2b7icqx2pYqehEpc7hY1Qq6PkwsSQJ5bIuEp5pIC2F9syYA2Gpdx%2FFhP%2BfHmF"}],"group":"cf-nel","max_age":604800}', 'NEL': '{"success_fraction":0,"report_to":"cf-nel","max_age":604800}', 'Server': 'cloudflare', 'CF-RAY': '89d832822ea05b1d-IAD', 'alt-svc': 'h3=":443"; ma=86400'} 
 body={"results":[{"gender":"female","name":{"title":"Miss","first":"Danka","last":"Jeremić"},"location":{"street":{"number":1006,"name":"Kolibinska"},"city":"Raška","state":"West Bačka","country":"Serbia","postcode":89083,"coordinates":{"latitude":"61.8670","longitude":"78.3373"},"timezone":{"offset":"-2:00","description":"Mid-Atlantic"}},"email":"danka.jeremic@example.com","login":{"uuid":"243615bf-ebeb-47fa-ac46-98fbc1a7cf44","username":"happymeercat596","password":"digital1","salt":"R5SD7ONW","md5":"18d16f2eb3a23b16d0755007bf1996c9","sha1":"df56d422e55504f570a194d77b40cf81f6081c11","sha256":"30d274041888a66965b5b126ef99017a6ab0feeefb8357100b8741cf2ff6f37d"},"dob":{"date":"1999-01-25T09:57:11.471Z","age":25},"registered":{"date":"2016-12-30T10:28:00.828Z","age":7},"phone":"016-4792-382","cell":"066-4798-895","id":{"name":"SID","value":"387202606"},"picture":{"large":"https://randomuser.me/api/portraits/women/75.jpg","medium":"https://randomuser.me/api/portraits/med/women/75.jpg","thumbnail":"https://randomuser.me/api/portraits/thumb/women/75.jpg"},"nat":"RS"}],"info":{"seed":"5b452c37335c2bae","results":1,"page":1,"version":"1.4"}} 
 </msg>
<msg time="2024-07-03T16:19:28.267056" level="INFO">/opt/hostedtoolcache/Python/3.12.4/x64/lib/python3.12/site-packages/urllib3/connectionpool.py:1099: InsecureRequestWarning: Unverified HTTPS request is being made to host 'randomuser.me'. Adding certificate verification is strongly advised. See: https://urllib3.readthedocs.io/en/latest/advanced-usage.html#tls-warnings
  warnings.warn(</msg>
<msg time="2024-07-03T16:19:28.267209" level="INFO">${response} = &lt;Response [200]&gt;</msg>
<var>${response}</var>
<arg>consultarAPI</arg>
<arg>/api</arg>
<doc>Sends a GET request on a previously created HTTP Session.</doc>
<status status="PASS" start="2024-07-03T16:19:27.702622" elapsed="0.564636"/>
</kw>
<kw name="Set Variable" owner="BuiltIn">
<msg time="2024-07-03T16:19:28.268452" level="INFO">${json_data} = {'results': [{'gender': 'female', 'name': {'title': 'Miss', 'first': 'Danka', 'last': 'Jeremić'}, 'location': {'street': {'number': 1006, 'name': 'Kolibinska'}, 'city': 'Raška', 'state': 'West Bačka',...</msg>
<var>${json_data}</var>
<arg>${response.json()}</arg>
<doc>Returns the given values which can then be assigned to a variables.</doc>
<status status="PASS" start="2024-07-03T16:19:28.267867" elapsed="0.000616"/>
</kw>
<kw name="Log" owner="BuiltIn">
<msg time="2024-07-03T16:19:28.268958" level="INFO">{'results': [{'gender': 'female', 'name': {'title': 'Miss', 'first': 'Danka', 'last': 'Jeremić'}, 'location': {'street': {'number': 1006, 'name': 'Kolibinska'}, 'city': 'Raška', 'state': 'West Bačka', 'country': 'Serbia', 'postcode': 89083, 'coordinates': {'latitude': '61.8670', 'longitude': '78.3373'}, 'timezone': {'offset': '-2:00', 'description': 'Mid-Atlantic'}}, 'email': 'danka.jeremic@example.com', 'login': {'uuid': '243615bf-ebeb-47fa-ac46-98fbc1a7cf44', 'username': 'happymeercat596', 'password': 'digital1', 'salt': 'R5SD7ONW', 'md5': '18d16f2eb3a23b16d0755007bf1996c9', 'sha1': 'df56d422e55504f570a194d77b40cf81f6081c11', 'sha256': '30d274041888a66965b5b126ef99017a6ab0feeefb8357100b8741cf2ff6f37d'}, 'dob': {'date': '1999-01-25T09:57:11.471Z', 'age': 25}, 'registered': {'date': '2016-12-30T10:28:00.828Z', 'age': 7}, 'phone': '016-4792-382', 'cell': '066-4798-895', 'id': {'name': 'SID', 'value': '387202606'}, 'picture': {'large': 'https://randomuser.me/api/portraits/women/75.jpg', 'medium': 'https://randomuser.me/api/portraits/med/women/75.jpg', 'thumbnail': 'https://randomuser.me/api/portraits/thumb/women/75.jpg'}, 'nat': 'RS'}], 'info': {'seed': '5b452c37335c2bae', 'results': 1, 'page': 1, 'version': '1.4'}}</msg>
<arg>${json_data}</arg>
<doc>Logs the given message with the given level.</doc>
<status status="PASS" start="2024-07-03T16:19:28.268795" elapsed="0.000213"/>
</kw>
<kw name="Dictionary Should Contain Key" owner="Collections">
<arg>${json_data}</arg>
<arg>results</arg>
<doc>Fails if ``key`` is not found from ``dictionary``.</doc>
<status status="PASS" start="2024-07-03T16:19:28.269294" elapsed="0.000163"/>
</kw>
<kw name="Should Not Be Empty" owner="BuiltIn">
<msg time="2024-07-03T16:19:28.269766" level="INFO">Length is 2.</msg>
<arg>${json_data}</arg>
<doc>Verifies that the given item is not empty.</doc>
<status status="PASS" start="2024-07-03T16:19:28.269637" elapsed="0.000167"/>
</kw>
<kw name="Create List" owner="BuiltIn">
<msg time="2024-07-03T16:19:28.270292" level="INFO">${expected_keys} = ['gender', 'name', 'location', 'email', 'login']</msg>
<var>${expected_keys}</var>
<arg>gender</arg>
<arg>name</arg>
<arg>location</arg>
<arg>email</arg>
<arg>login</arg>
<doc>Returns a list containing given items.</doc>
<status status="PASS" start="2024-07-03T16:19:28.270135" elapsed="0.000181"/>
</kw>
<for flavor="IN">
<iter>
<kw name="Dictionary Should Contain Key" owner="Collections">
<arg>${json_data['results'][0]}</arg>
<arg>${key}</arg>
<doc>Fails if ``key`` is not found from ``dictionary``.</doc>
<status status="PASS" start="2024-07-03T16:19:28.271043" elapsed="0.000399"/>
</kw>
<kw name="Log" owner="BuiltIn">
<msg time="2024-07-03T16:19:28.271991" level="INFO">{'gender': 'female', 'name': {'title': 'Miss', 'first': 'Danka', 'last': 'Jeremić'}, 'location': {'street': {'number': 1006, 'name': 'Kolibinska'}, 'city': 'Raška', 'state': 'West Bačka', 'country': 'Serbia', 'postcode': 89083, 'coordinates': {'latitude': '61.8670', 'longitude': '78.3373'}, 'timezone': {'offset': '-2:00', 'description': 'Mid-Atlantic'}}, 'email': 'danka.jeremic@example.com', 'login': {'uuid': '243615bf-ebeb-47fa-ac46-98fbc1a7cf44', 'username': 'happymeercat596', 'password': 'digital1', 'salt': 'R5SD7ONW', 'md5': '18d16f2eb3a23b16d0755007bf1996c9', 'sha1': 'df56d422e55504f570a194d77b40cf81f6081c11', 'sha256': '30d274041888a66965b5b126ef99017a6ab0feeefb8357100b8741cf2ff6f37d'}, 'dob': {'date': '1999-01-25T09:57:11.471Z', 'age': 25}, 'registered': {'date': '2016-12-30T10:28:00.828Z', 'age': 7}, 'phone': '016-4792-382', 'cell': '066-4798-895', 'id': {'name': 'SID', 'value': '387202606'}, 'picture': {'large': 'https://randomuser.me/api/portraits/women/75.jpg', 'medium': 'https://randomuser.me/api/portraits/med/women/75.jpg', 'thumbnail': 'https://randomuser.me/api/portraits/thumb/women/75.jpg'}, 'nat': 'RS'}</msg>
<arg>${json_data['results'][0]}</arg>
<doc>Logs the given message with the given level.</doc>
<status status="PASS" start="2024-07-03T16:19:28.271630" elapsed="0.000411"/>
</kw>
<kw name="Log" owner="BuiltIn">
<msg time="2024-07-03T16:19:28.272466" level="INFO">gender</msg>
<arg>${key}</arg>
<doc>Logs the given message with the given level.</doc>
<status status="PASS" start="2024-07-03T16:19:28.272339" elapsed="0.000165"/>
</kw>
<var name="${key}">gender</var>
<status status="PASS" start="2024-07-03T16:19:28.270921" elapsed="0.001795"/>
</iter>
<iter>
<kw name="Dictionary Should Contain Key" owner="Collections">
<arg>${json_data['results'][0]}</arg>
<arg>${key}</arg>
<doc>Fails if ``key`` is not found from ``dictionary``.</doc>
<status status="PASS" start="2024-07-03T16:19:28.273009" elapsed="0.000386"/>
</kw>
<kw name="Log" owner="BuiltIn">
<msg time="2024-07-03T16:19:28.273921" level="INFO">{'gender': 'female', 'name': {'title': 'Miss', 'first': 'Danka', 'last': 'Jeremić'}, 'location': {'street': {'number': 1006, 'name': 'Kolibinska'}, 'city': 'Raška', 'state': 'West Bačka', 'country': 'Serbia', 'postcode': 89083, 'coordinates': {'latitude': '61.8670', 'longitude': '78.3373'}, 'timezone': {'offset': '-2:00', 'description': 'Mid-Atlantic'}}, 'email': 'danka.jeremic@example.com', 'login': {'uuid': '243615bf-ebeb-47fa-ac46-98fbc1a7cf44', 'username': 'happymeercat596', 'password': 'digital1', 'salt': 'R5SD7ONW', 'md5': '18d16f2eb3a23b16d0755007bf1996c9', 'sha1': 'df56d422e55504f570a194d77b40cf81f6081c11', 'sha256': '30d274041888a66965b5b126ef99017a6ab0feeefb8357100b8741cf2ff6f37d'}, 'dob': {'date': '1999-01-25T09:57:11.471Z', 'age': 25}, 'registered': {'date': '2016-12-30T10:28:00.828Z', 'age': 7}, 'phone': '016-4792-382', 'cell': '066-4798-895', 'id': {'name': 'SID', 'value': '387202606'}, 'picture': {'large': 'https://randomuser.me/api/portraits/women/75.jpg', 'medium': 'https://randomuser.me/api/portraits/med/women/75.jpg', 'thumbnail': 'https://randomuser.me/api/portraits/thumb/women/75.jpg'}, 'nat': 'RS'}</msg>
<arg>${json_data['results'][0]}</arg>
<doc>Logs the given message with the given level.</doc>
<status status="PASS" start="2024-07-03T16:19:28.273573" elapsed="0.000452"/>
</kw>
<kw name="Log" owner="BuiltIn">
<msg time="2024-07-03T16:19:28.274461" level="INFO">name</msg>
<arg>${key}</arg>
<doc>Logs the given message with the given level.</doc>
<status status="PASS" start="2024-07-03T16:19:28.274331" elapsed="0.000166"/>
</kw>
<var name="${key}">name</var>
<status status="PASS" start="2024-07-03T16:19:28.272900" elapsed="0.001810"/>
</iter>
<iter>
<kw name="Dictionary Should Contain Key" owner="Collections">
<arg>${json_data['results'][0]}</arg>
<arg>${key}</arg>
<doc>Fails if ``key`` is not found from ``dictionary``.</doc>
<status status="PASS" start="2024-07-03T16:19:28.274989" elapsed="0.000380"/>
</kw>
<kw name="Log" owner="BuiltIn">
<msg time="2024-07-03T16:19:28.275901" level="INFO">{'gender': 'female', 'name': {'title': 'Miss', 'first': 'Danka', 'last': 'Jeremić'}, 'location': {'street': {'number': 1006, 'name': 'Kolibinska'}, 'city': 'Raška', 'state': 'West Bačka', 'country': 'Serbia', 'postcode': 89083, 'coordinates': {'latitude': '61.8670', 'longitude': '78.3373'}, 'timezone': {'offset': '-2:00', 'description': 'Mid-Atlantic'}}, 'email': 'danka.jeremic@example.com', 'login': {'uuid': '243615bf-ebeb-47fa-ac46-98fbc1a7cf44', 'username': 'happymeercat596', 'password': 'digital1', 'salt': 'R5SD7ONW', 'md5': '18d16f2eb3a23b16d0755007bf1996c9', 'sha1': 'df56d422e55504f570a194d77b40cf81f6081c11', 'sha256': '30d274041888a66965b5b126ef99017a6ab0feeefb8357100b8741cf2ff6f37d'}, 'dob': {'date': '1999-01-25T09:57:11.471Z', 'age': 25}, 'registered': {'date': '2016-12-30T10:28:00.828Z', 'age': 7}, 'phone': '016-4792-382', 'cell': '066-4798-895', 'id': {'name': 'SID', 'value': '387202606'}, 'picture': {'large': 'https://randomuser.me/api/portraits/women/75.jpg', 'medium': 'https://randomuser.me/api/portraits/med/women/75.jpg', 'thumbnail': 'https://randomuser.me/api/portraits/thumb/women/75.jpg'}, 'nat': 'RS'}</msg>
<arg>${json_data['results'][0]}</arg>
<doc>Logs the given message with the given level.</doc>
<status status="PASS" start="2024-07-03T16:19:28.275546" elapsed="0.000405"/>
</kw>
<kw name="Log" owner="BuiltIn">
<msg time="2024-07-03T16:19:28.276375" level="INFO">location</msg>
<arg>${key}</arg>
<doc>Logs the given message with the given level.</doc>
<status status="PASS" start="2024-07-03T16:19:28.276248" elapsed="0.000164"/>
</kw>
<var name="${key}">location</var>
<status status="PASS" start="2024-07-03T16:19:28.274884" elapsed="0.001742"/>
</iter>
<iter>
<kw name="Dictionary Should Contain Key" owner="Collections">
<arg>${json_data['results'][0]}</arg>
<arg>${key}</arg>
<doc>Fails if ``key`` is not found from ``dictionary``.</doc>
<status status="PASS" start="2024-07-03T16:19:28.276898" elapsed="0.000382"/>
</kw>
<kw name="Log" owner="BuiltIn">
<msg time="2024-07-03T16:19:28.277817" level="INFO">{'gender': 'female', 'name': {'title': 'Miss', 'first': 'Danka', 'last': 'Jeremić'}, 'location': {'street': {'number': 1006, 'name': 'Kolibinska'}, 'city': 'Raška', 'state': 'West Bačka', 'country': 'Serbia', 'postcode': 89083, 'coordinates': {'latitude': '61.8670', 'longitude': '78.3373'}, 'timezone': {'offset': '-2:00', 'description': 'Mid-Atlantic'}}, 'email': 'danka.jeremic@example.com', 'login': {'uuid': '243615bf-ebeb-47fa-ac46-98fbc1a7cf44', 'username': 'happymeercat596', 'password': 'digital1', 'salt': 'R5SD7ONW', 'md5': '18d16f2eb3a23b16d0755007bf1996c9', 'sha1': 'df56d422e55504f570a194d77b40cf81f6081c11', 'sha256': '30d274041888a66965b5b126ef99017a6ab0feeefb8357100b8741cf2ff6f37d'}, 'dob': {'date': '1999-01-25T09:57:11.471Z', 'age': 25}, 'registered': {'date': '2016-12-30T10:28:00.828Z', 'age': 7}, 'phone': '016-4792-382', 'cell': '066-4798-895', 'id': {'name': 'SID', 'value': '387202606'}, 'picture': {'large': 'https://randomuser.me/api/portraits/women/75.jpg', 'medium': 'https://randomuser.me/api/portraits/med/women/75.jpg', 'thumbnail': 'https://randomuser.me/api/portraits/thumb/women/75.jpg'}, 'nat': 'RS'}</msg>
<arg>${json_data['results'][0]}</arg>
<doc>Logs the given message with the given level.</doc>
<status status="PASS" start="2024-07-03T16:19:28.277465" elapsed="0.000403"/>
</kw>
<kw name="Log" owner="BuiltIn">
<msg time="2024-07-03T16:19:28.278323" level="INFO">email</msg>
<arg>${key}</arg>
<doc>Logs the given message with the given level.</doc>
<status status="PASS" start="2024-07-03T16:19:28.278190" elapsed="0.000172"/>
</kw>
<var name="${key}">email</var>
<status status="PASS" start="2024-07-03T16:19:28.276794" elapsed="0.001788"/>
</iter>
<iter>
<kw name="Dictionary Should Contain Key" owner="Collections">
<arg>${json_data['results'][0]}</arg>
<arg>${key}</arg>
<doc>Fails if ``key`` is not found from ``dictionary``.</doc>
<status status="PASS" start="2024-07-03T16:19:28.278864" elapsed="0.000386"/>
</kw>
<kw name="Log" owner="BuiltIn">
<msg time="2024-07-03T16:19:28.279783" level="INFO">{'gender': 'female', 'name': {'title': 'Miss', 'first': 'Danka', 'last': 'Jeremić'}, 'location': {'street': {'number': 1006, 'name': 'Kolibinska'}, 'city': 'Raška', 'state': 'West Bačka', 'country': 'Serbia', 'postcode': 89083, 'coordinates': {'latitude': '61.8670', 'longitude': '78.3373'}, 'timezone': {'offset': '-2:00', 'description': 'Mid-Atlantic'}}, 'email': 'danka.jeremic@example.com', 'login': {'uuid': '243615bf-ebeb-47fa-ac46-98fbc1a7cf44', 'username': 'happymeercat596', 'password': 'digital1', 'salt': 'R5SD7ONW', 'md5': '18d16f2eb3a23b16d0755007bf1996c9', 'sha1': 'df56d422e55504f570a194d77b40cf81f6081c11', 'sha256': '30d274041888a66965b5b126ef99017a6ab0feeefb8357100b8741cf2ff6f37d'}, 'dob': {'date': '1999-01-25T09:57:11.471Z', 'age': 25}, 'registered': {'date': '2016-12-30T10:28:00.828Z', 'age': 7}, 'phone': '016-4792-382', 'cell': '066-4798-895', 'id': {'name': 'SID', 'value': '387202606'}, 'picture': {'large': 'https://randomuser.me/api/portraits/women/75.jpg', 'medium': 'https://randomuser.me/api/portraits/med/women/75.jpg', 'thumbnail': 'https://randomuser.me/api/portraits/thumb/women/75.jpg'}, 'nat': 'RS'}</msg>
<arg>${json_data['results'][0]}</arg>
<doc>Logs the given message with the given level.</doc>
<status status="PASS" start="2024-07-03T16:19:28.279429" elapsed="0.000403"/>
</kw>
<kw name="Log" owner="BuiltIn">
<msg time="2024-07-03T16:19:28.280253" level="INFO">login</msg>
<arg>${key}</arg>
<doc>Logs the given message with the given level.</doc>
<status status="PASS" start="2024-07-03T16:19:28.280125" elapsed="0.000165"/>
</kw>
<var name="${key}">login</var>
<status status="PASS" start="2024-07-03T16:19:28.278753" elapsed="0.001754"/>
</iter>
<var>${key}</var>
<value>@{expected_keys}</value>
<status status="PASS" start="2024-07-03T16:19:28.270729" elapsed="0.009896"/>
</for>
<kw name="Create List" owner="BuiltIn">
<msg time="2024-07-03T16:19:28.280944" level="INFO">${expected_keysTwo} = ['username', 'password']</msg>
<var>${expected_keysTwo}</var>
<arg>username</arg>
<arg>password</arg>
<doc>Returns a list containing given items.</doc>
<status status="PASS" start="2024-07-03T16:19:28.280811" elapsed="0.000157"/>
</kw>
<for flavor="IN">
<iter>
<kw name="Dictionary Should Contain Key" owner="Collections">
<arg>${json_data['results'][0]['login']}</arg>
<arg>${keyTwo}</arg>
<doc>Fails if ``key`` is not found from ``dictionary``.</doc>
<status status="PASS" start="2024-07-03T16:19:28.281479" elapsed="0.000378"/>
</kw>
<kw name="Dictionary Should Contain Key" owner="Collections">
<arg>${json_data['results'][0]['login']}</arg>
<arg>${keyTwo}</arg>
<doc>Fails if ``key`` is not found from ``dictionary``.</doc>
<status status="PASS" start="2024-07-03T16:19:28.282071" elapsed="0.000389"/>
</kw>
<kw name="Log" owner="BuiltIn">
<msg time="2024-07-03T16:19:28.282766" level="INFO">username</msg>
<arg>${keyTwo}</arg>
<doc>Logs the given message with the given level.</doc>
<status status="PASS" start="2024-07-03T16:19:28.282640" elapsed="0.000165"/>
</kw>
<var name="${keyTwo}">username</var>
<status status="PASS" start="2024-07-03T16:19:28.281372" elapsed="0.001651"/>
</iter>
<iter>
<kw name="Dictionary Should Contain Key" owner="Collections">
<arg>${json_data['results'][0]['login']}</arg>
<arg>${keyTwo}</arg>
<doc>Fails if ``key`` is not found from ``dictionary``.</doc>
<status status="PASS" start="2024-07-03T16:19:28.283296" elapsed="0.000377"/>
</kw>
<kw name="Dictionary Should Contain Key" owner="Collections">
<arg>${json_data['results'][0]['login']}</arg>
<arg>${keyTwo}</arg>
<doc>Fails if ``key`` is not found from ``dictionary``.</doc>
<status status="PASS" start="2024-07-03T16:19:28.283847" elapsed="0.000361"/>
</kw>
<kw name="Log" owner="BuiltIn">
<msg time="2024-07-03T16:19:28.284499" level="INFO">password</msg>
<arg>${keyTwo}</arg>
<doc>Logs the given message with the given level.</doc>
<status status="PASS" start="2024-07-03T16:19:28.284382" elapsed="0.000159"/>
</kw>
<var name="${keyTwo}">password</var>
<status status="PASS" start="2024-07-03T16:19:28.283192" elapsed="0.001564"/>
</iter>
<var>${keyTwo}</var>
<value>@{expected_keysTwo}</value>
<status status="PASS" start="2024-07-03T16:19:28.281224" elapsed="0.003651"/>
</for>
<status status="PASS" start="2024-07-03T16:19:27.702278" elapsed="0.582735"/>
</kw>
<doc>Testa a estrutura da resposta da API.</doc>
<tag>testeEstruturaResposta</tag>
<status status="PASS" start="2024-07-03T16:19:27.701446" elapsed="0.583717"/>
</test>
<test id="s1-s1-t4" name="Validar tipos de dados" line="28">
<kw name="Teste de Tipos de Dados" owner="random-user-service">
<kw name="GET On Session" owner="RequestsLibrary">
<msg time="2024-07-03T16:19:28.448170" level="INFO">GET Request : url=https://randomuser.me/api 
 path_url=/api 
 headers={'User-Agent': 'python-requests/2.32.3', 'Accept-Encoding': 'gzip, deflate', 'Accept': '*/*', 'Connection': 'keep-alive'} 
 body=None 
 </msg>
<msg time="2024-07-03T16:19:28.448249" level="INFO">GET Response : url=https://randomuser.me/api 
 status=200, reason=OK 
 headers={'Date': 'Wed, 03 Jul 2024 16:19:28 GMT', 'Content-Type': 'application/json; charset=utf-8', 'Transfer-Encoding': 'chunked', 'Connection': 'keep-alive', 'X-Powered-By': 'Express', 'Access-Control-Allow-Origin': '*', 'Cache-Control': 'no-cache', 'ETag': 'W/"4a5-rxOY4bsZaxGb8P0MRvBM4adS5XI"', 'Vary': 'Accept-Encoding', 'Content-Encoding': 'gzip', 'CF-Cache-Status': 'DYNAMIC', 'Report-To': '{"endpoints":[{"url":"https:\\/\\/a.nel.cloudflare.com\\/report\\/v4?s=5nl5NKZOpX%2BAA4S0qgqfyShEG14dXSej%2BwbDDfFJX46ChOqmFFkspUjkkmP15LP%2ByHZ%2FJCoS%2BUYYiFvvoOs%2B2zQ21F%2FHUfWaVXMw%2FaIVzpSOCfC4GhG8IZFFWTK5l31v"}],"group":"cf-nel","max_age":604800}', 'NEL': '{"success_fraction":0,"report_to":"cf-nel","max_age":604800}', 'Server': 'cloudflare', 'CF-RAY': '89d83285d9d05b1d-IAD', 'alt-svc': 'h3=":443"; ma=86400'} 
 body={"results":[{"gender":"female","name":{"title":"Miss","first":"Eléonore","last":"Picard"},"location":{"street":{"number":8317,"name":"Rue Principale"},"city":"Champigny-sur-Marne","state":"Gers","country":"France","postcode":21336,"coordinates":{"latitude":"-14.8462","longitude":"6.6311"},"timezone":{"offset":"+8:00","description":"Beijing, Perth, Singapore, Hong Kong"}},"email":"eleonore.picard@example.com","login":{"uuid":"5d0ddf35-2d00-4303-9903-054c1afb16ab","username":"bluebear408","password":"1000","salt":"1cbodmLJ","md5":"5ffc750432dd903a3a6724dc4ade6409","sha1":"a33a17519e3bb3e1de5429b6d8de7bc70149d1d1","sha256":"299db23be8f6079d451e82660207784d07fab798599c67673612ddb11e660207"},"dob":{"date":"1961-05-08T03:19:48.092Z","age":63},"registered":{"date":"2017-12-18T23:20:14.135Z","age":6},"phone":"04-97-04-67-11","cell":"06-75-42-14-23","id":{"name":"INSEE","value":"2610428040827 12"},"picture":{"large":"https://randomuser.me/api/portraits/women/9.jpg","medium":"https://randomuser.me/api/portraits/med/women/9.jpg","thumbnail":"https://randomuser.me/api/portraits/thumb/women/9.jpg"},"nat":"FR"}],"info":{"seed":"88cbec3a076379bc","results":1,"page":1,"version":"1.4"}} 
 </msg>
<msg time="2024-07-03T16:19:28.448321" level="INFO">/opt/hostedtoolcache/Python/3.12.4/x64/lib/python3.12/site-packages/urllib3/connectionpool.py:1099: InsecureRequestWarning: Unverified HTTPS request is being made to host 'randomuser.me'. Adding certificate verification is strongly advised. See: https://urllib3.readthedocs.io/en/latest/advanced-usage.html#tls-warnings
  warnings.warn(</msg>
<msg time="2024-07-03T16:19:28.448432" level="INFO">${response} = &lt;Response [200]&gt;</msg>
<var>${response}</var>
<arg>consultarAPI</arg>
<arg>/api</arg>
<doc>Sends a GET request on a previously created HTTP Session.</doc>
<status status="PASS" start="2024-07-03T16:19:28.287834" elapsed="0.160649"/>
</kw>
<kw name="Set Variable" owner="BuiltIn">
<msg time="2024-07-03T16:19:28.449563" level="INFO">${json_data} = {'results': [{'gender': 'female', 'name': {'title': 'Miss', 'first': 'Eléonore', 'last': 'Picard'}, 'location': {'street': {'number': 8317, 'name': 'Rue Principale'}, 'city': 'Champigny-sur-Marne', 's...</msg>
<var>${json_data}</var>
<arg>${response.json()}</arg>
<doc>Returns the given values which can then be assigned to a variables.</doc>
<status status="PASS" start="2024-07-03T16:19:28.448991" elapsed="0.000601"/>
</kw>
<kw name="Log" owner="BuiltIn">
<msg time="2024-07-03T16:19:28.450098" level="INFO">{'results': [{'gender': 'female', 'name': {'title': 'Miss', 'first': 'Eléonore', 'last': 'Picard'}, 'location': {'street': {'number': 8317, 'name': 'Rue Principale'}, 'city': 'Champigny-sur-Marne', 'state': 'Gers', 'country': 'France', 'postcode': 21336, 'coordinates': {'latitude': '-14.8462', 'longitude': '6.6311'}, 'timezone': {'offset': '+8:00', 'description': 'Beijing, Perth, Singapore, Hong Kong'}}, 'email': 'eleonore.picard@example.com', 'login': {'uuid': '5d0ddf35-2d00-4303-9903-054c1afb16ab', 'username': 'bluebear408', 'password': '1000', 'salt': '1cbodmLJ', 'md5': '5ffc750432dd903a3a6724dc4ade6409', 'sha1': 'a33a17519e3bb3e1de5429b6d8de7bc70149d1d1', 'sha256': '299db23be8f6079d451e82660207784d07fab798599c67673612ddb11e660207'}, 'dob': {'date': '1961-05-08T03:19:48.092Z', 'age': 63}, 'registered': {'date': '2017-12-18T23:20:14.135Z', 'age': 6}, 'phone': '04-97-04-67-11', 'cell': '06-75-42-14-23', 'id': {'name': 'INSEE', 'value': '2610428040827 12'}, 'picture': {'large': 'https://randomuser.me/api/portraits/women/9.jpg', 'medium': 'https://randomuser.me/api/portraits/med/women/9.jpg', 'thumbnail': 'https://randomuser.me/api/portraits/thumb/women/9.jpg'}, 'nat': 'FR'}], 'info': {'seed': '88cbec3a076379bc', 'results': 1, 'page': 1, 'version': '1.4'}}</msg>
<arg>${json_data}</arg>
<doc>Logs the given message with the given level.</doc>
<status status="PASS" start="2024-07-03T16:19:28.449898" elapsed="0.000252"/>
</kw>
<kw name="Should Be String" owner="String">
<arg>${json_data['results'][0]['gender']}</arg>
<doc>Fails if the given ``item`` is not a string.</doc>
<status status="PASS" start="2024-07-03T16:19:28.450446" elapsed="0.000360"/>
</kw>
<kw name="Should Match Regexp" owner="BuiltIn">
<arg>${json_data['results'][0]['email']}</arg>
<arg>^[a-zA-Z0-9._%+-]+@[a-zA-Z0-9.-]+\.[a-zA-Z]{2,}$</arg>
<doc>Fails if ``string`` does not match ``pattern`` as a regular expression.</doc>
<status status="PASS" start="2024-07-03T16:19:28.450988" elapsed="0.000508"/>
</kw>
<kw name="Should Match Regexp" owner="BuiltIn">
<arg>${json_data['results'][0]['dob']['date']}</arg>
<arg>\\d{4}-\\d{2}-\\d{2}T\\d{2}:\\d{2}:\\d{2}\\.\\d{3}Z</arg>
<doc>Fails if ``string`` does not match ``pattern`` as a regular expression.</doc>
<status status="PASS" start="2024-07-03T16:19:28.451721" elapsed="0.000483"/>
</kw>
<kw name="Should Match Regexp" owner="BuiltIn">
<arg>${json_data['results'][0]['registered']['date']}</arg>
<arg>\\d{4}-\\d{2}-\\d{2}T\\d{2}:\\d{2}:\\d{2}\\.\\d{3}Z</arg>
<doc>Fails if ``string`` does not match ``pattern`` as a regular expression.</doc>
<status status="PASS" start="2024-07-03T16:19:28.452391" elapsed="0.000363"/>
</kw>
<kw name="Should Match Regexp" owner="BuiltIn">
<arg>${json_data['results'][0]['picture']['large']}</arg>
<arg>^https?://.*\.(?:png|jpe?g|gif|bmp)$</arg>
<doc>Fails if ``string`` does not match ``pattern`` as a regular expression.</doc>
<status status="PASS" start="2024-07-03T16:19:28.452935" elapsed="0.000456"/>
</kw>
<kw name="Should Match Regexp" owner="BuiltIn">
<arg>${json_data['results'][0]['picture']['medium']}</arg>
<arg>^https?://.*\.(?:png|jpe?g|gif|bmp)$</arg>
<doc>Fails if ``string`` does not match ``pattern`` as a regular expression.</doc>
<status status="PASS" start="2024-07-03T16:19:28.453574" elapsed="0.000360"/>
</kw>
<kw name="Should Match Regexp" owner="BuiltIn">
<arg>${json_data['results'][0]['picture']['thumbnail']}</arg>
<arg>^https?://.*\.(?:png|jpe?g|gif|bmp)$</arg>
<doc>Fails if ``string`` does not match ``pattern`` as a regular expression.</doc>
<status status="PASS" start="2024-07-03T16:19:28.454137" elapsed="0.000347"/>
</kw>
<kw name="Log" owner="BuiltIn">
<msg time="2024-07-03T16:19:28.454995" level="INFO">{'large': 'https://randomuser.me/api/portraits/women/9.jpg', 'medium': 'https://randomuser.me/api/portraits/med/women/9.jpg', 'thumbnail': 'https://randomuser.me/api/portraits/thumb/women/9.jpg'}</msg>
<arg>${json_data['results'][0]['picture']}</arg>
<doc>Logs the given message with the given level.</doc>
<status status="PASS" start="2024-07-03T16:19:28.454667" elapsed="0.000370"/>
</kw>
<status status="PASS" start="2024-07-03T16:19:28.287601" elapsed="0.167686"/>
</kw>
<kw name="Teste de Tipos de Dados - Postcode" owner="random-user-service">
<kw name="GET On Session" owner="RequestsLibrary">
<msg time="2024-07-03T16:19:28.521780" level="INFO">GET Request : url=https://randomuser.me/api 
 path_url=/api 
 headers={'User-Agent': 'python-requests/2.32.3', 'Accept-Encoding': 'gzip, deflate', 'Accept': '*/*', 'Connection': 'keep-alive'} 
 body=None 
 </msg>
<msg time="2024-07-03T16:19:28.521850" level="INFO">GET Response : url=https://randomuser.me/api 
 status=200, reason=OK 
 headers={'Date': 'Wed, 03 Jul 2024 16:19:28 GMT', 'Content-Type': 'application/json; charset=utf-8', 'Transfer-Encoding': 'chunked', 'Connection': 'keep-alive', 'X-Powered-By': 'Express', 'Access-Control-Allow-Origin': '*', 'Cache-Control': 'no-cache', 'ETag': 'W/"492-uVvI0jpVXxdy07ohEjeHzKM8OwY"', 'Vary': 'Accept-Encoding', 'Content-Encoding': 'gzip', 'CF-Cache-Status': 'DYNAMIC', 'Report-To': '{"endpoints":[{"url":"https:\\/\\/a.nel.cloudflare.com\\/report\\/v4?s=HQctuRrferDLGKzO3stkrQxIKHXGzduWODvGXGgiy%2BuWMUk4Ut6tAzIkLvALUuEthbdWXb5a806rqFBmy1P2eErUiswc02BuAy7%2BCpt59bBlBV0sH8RaPrnGYWadxNSC"}],"group":"cf-nel","max_age":604800}', 'NEL': '{"success_fraction":0,"report_to":"cf-nel","max_age":604800}', 'Server': 'cloudflare', 'CF-RAY': '89d83286dab05b1d-IAD', 'alt-svc': 'h3=":443"; ma=86400'} 
 body={"results":[{"gender":"female","name":{"title":"Miss","first":"Mary","last":"Lübben"},"location":{"street":{"number":2218,"name":"Schulstraße"},"city":"Brühl","state":"Sachsen","country":"Germany","postcode":73884,"coordinates":{"latitude":"-49.5378","longitude":"29.2125"},"timezone":{"offset":"+8:00","description":"Beijing, Perth, Singapore, Hong Kong"}},"email":"mary.lubben@example.com","login":{"uuid":"b82d3d2c-bf1a-44be-b967-b351c0e2ed92","username":"lazypanda268","password":"help","salt":"0gOsR6TL","md5":"c14e16c16bdcb1acf9ee513eca05bf33","sha1":"c49bf43f32ec1ecb0972017b91604b1099170bff","sha256":"42178127df1ce64aedf5e19e3b40f001dc55abd6263de8fb8d10336cff787766"},"dob":{"date":"1965-06-30T07:56:21.960Z","age":59},"registered":{"date":"2003-11-21T10:16:14.821Z","age":20},"phone":"0091-8851156","cell":"0174-5448148","id":{"name":"SVNR","value":"29 300665 L 679"},"picture":{"large":"https://randomuser.me/api/portraits/women/74.jpg","medium":"https://randomuser.me/api/portraits/med/women/74.jpg","thumbnail":"https://randomuser.me/api/portraits/thumb/women/74.jpg"},"nat":"DE"}],"info":{"seed":"8a26739a9893d5f8","results":1,"page":1,"version":"1.4"}} 
 </msg>
<msg time="2024-07-03T16:19:28.521906" level="INFO">/opt/hostedtoolcache/Python/3.12.4/x64/lib/python3.12/site-packages/urllib3/connectionpool.py:1099: InsecureRequestWarning: Unverified HTTPS request is being made to host 'randomuser.me'. Adding certificate verification is strongly advised. See: https://urllib3.readthedocs.io/en/latest/advanced-usage.html#tls-warnings
  warnings.warn(</msg>
<msg time="2024-07-03T16:19:28.521992" level="INFO">${response} = &lt;Response [200]&gt;</msg>
<var>${response}</var>
<arg>consultarAPI</arg>
<arg>/api</arg>
<doc>Sends a GET request on a previously created HTTP Session.</doc>
<status status="PASS" start="2024-07-03T16:19:28.455704" elapsed="0.066348"/>
</kw>
<kw name="Set Variable" owner="BuiltIn">
<msg time="2024-07-03T16:19:28.523040" level="INFO">${json_data} = {'results': [{'gender': 'female', 'name': {'title': 'Miss', 'first': 'Mary', 'last': 'Lübben'}, 'location': {'street': {'number': 2218, 'name': 'Schulstraße'}, 'city': 'Brühl', 'state': 'Sachsen', 'co...</msg>
<var>${json_data}</var>
<arg>${response.json()}</arg>
<doc>Returns the given values which can then be assigned to a variables.</doc>
<status status="PASS" start="2024-07-03T16:19:28.522496" elapsed="0.000573"/>
</kw>
<kw name="Log" owner="BuiltIn">
<msg time="2024-07-03T16:19:28.523529" level="INFO">{'results': [{'gender': 'female', 'name': {'title': 'Miss', 'first': 'Mary', 'last': 'Lübben'}, 'location': {'street': {'number': 2218, 'name': 'Schulstraße'}, 'city': 'Brühl', 'state': 'Sachsen', 'country': 'Germany', 'postcode': 73884, 'coordinates': {'latitude': '-49.5378', 'longitude': '29.2125'}, 'timezone': {'offset': '+8:00', 'description': 'Beijing, Perth, Singapore, Hong Kong'}}, 'email': 'mary.lubben@example.com', 'login': {'uuid': 'b82d3d2c-bf1a-44be-b967-b351c0e2ed92', 'username': 'lazypanda268', 'password': 'help', 'salt': '0gOsR6TL', 'md5': 'c14e16c16bdcb1acf9ee513eca05bf33', 'sha1': 'c49bf43f32ec1ecb0972017b91604b1099170bff', 'sha256': '42178127df1ce64aedf5e19e3b40f001dc55abd6263de8fb8d10336cff787766'}, 'dob': {'date': '1965-06-30T07:56:21.960Z', 'age': 59}, 'registered': {'date': '2003-11-21T10:16:14.821Z', 'age': 20}, 'phone': '0091-8851156', 'cell': '0174-5448148', 'id': {'name': 'SVNR', 'value': '29 300665 L 679'}, 'picture': {'large': 'https://randomuser.me/api/portraits/women/74.jpg', 'medium': 'https://randomuser.me/api/portraits/med/women/74.jpg', 'thumbnail': 'https://randomuser.me/api/portraits/thumb/women/74.jpg'}, 'nat': 'DE'}], 'info': {'seed': '8a26739a9893d5f8', 'results': 1, 'page': 1, 'version': '1.4'}}</msg>
<arg>${json_data}</arg>
<doc>Logs the given message with the given level.</doc>
<status status="PASS" start="2024-07-03T16:19:28.523371" elapsed="0.000206"/>
</kw>
<kw name="Should Be Equal As Numbers" owner="BuiltIn">
<arg>${json_data['results'][0]['location']['postcode']}</arg>
<arg>${json_data['results'][0]['location']['postcode']}</arg>
<doc>Fails if objects are unequal after converting them to real numbers.</doc>
<status status="PASS" start="2024-07-03T16:19:28.523865" elapsed="0.000619"/>
</kw>
<kw name="Log" owner="BuiltIn">
<msg time="2024-07-03T16:19:28.525003" level="INFO">73884</msg>
<arg>${json_data['results'][0]['location']['postcode']}</arg>
<doc>Logs the given message with the given level.</doc>
<status status="PASS" start="2024-07-03T16:19:28.524670" elapsed="0.000373"/>
</kw>
<status status="PASS" start="2024-07-03T16:19:28.455494" elapsed="0.069817"/>
</kw>
<doc>Testa se os tipos de dados na resposta da API estão corretos.</doc>
<tag>testeTiposDados</tag>
<status status="PASS" start="2024-07-03T16:19:28.286960" elapsed="0.238509"/>
</test>
<test id="s1-s1-t5" name="Validar conteudo" line="35">
<kw name="Teste de Tipos de Conteudo" owner="random-user-service">
<kw name="GET On Session" owner="RequestsLibrary">
<msg time="2024-07-03T16:19:28.616210" level="INFO">GET Request : url=https://randomuser.me/api 
 path_url=/api 
 headers={'User-Agent': 'python-requests/2.32.3', 'Accept-Encoding': 'gzip, deflate', 'Accept': '*/*', 'Connection': 'keep-alive'} 
 body=None 
 </msg>
<msg time="2024-07-03T16:19:28.616290" level="INFO">GET Response : url=https://randomuser.me/api 
 status=200, reason=OK 
 headers={'Date': 'Wed, 03 Jul 2024 16:19:28 GMT', 'Content-Type': 'application/json; charset=utf-8', 'Transfer-Encoding': 'chunked', 'Connection': 'keep-alive', 'X-Powered-By': 'Express', 'Access-Control-Allow-Origin': '*', 'Cache-Control': 'no-cache', 'ETag': 'W/"485-yl4opXDRQv5TrOVBQeCrn0Kvi7A"', 'Vary': 'Accept-Encoding', 'Content-Encoding': 'gzip', 'CF-Cache-Status': 'DYNAMIC', 'Report-To': '{"endpoints":[{"url":"https:\\/\\/a.nel.cloudflare.com\\/report\\/v4?s=Dh4RoETJ3BqlXnjEZiAh1h%2FqAXt%2BERlbraHnQ%2FTX625IEWYhtyQBNp%2F9zfVqTpaubHZ%2BG1EXT83sP4P3aIn7CAe5Bx8O17GRZPvAfuqrzOv9zkguuK%2B8WiHgbbXxV4NC"}],"group":"cf-nel","max_age":604800}', 'NEL': '{"success_fraction":0,"report_to":"cf-nel","max_age":604800}', 'Server': 'cloudflare', 'CF-RAY': '89d832875afd5b1d-IAD', 'alt-svc': 'h3=":443"; ma=86400'} 
 body={"results":[{"gender":"female","name":{"title":"Ms","first":"Vildan","last":"Sarıoğlu"},"location":{"street":{"number":8824,"name":"Atatürk Sk"},"city":"Trabzon","state":"Uşak","country":"Turkey","postcode":85645,"coordinates":{"latitude":"65.2255","longitude":"61.9298"},"timezone":{"offset":"-1:00","description":"Azores, Cape Verde Islands"}},"email":"vildan.sarioglu@example.com","login":{"uuid":"ebf6e0cc-d8c3-4e63-8256-a2e3cdb19e80","username":"greenostrich262","password":"fullmoon","salt":"FYo4xndi","md5":"72a6a38331cfc9bc7c3a4525e4d28ff3","sha1":"c9b67a50371c46465ab8055a86031bcc150fe249","sha256":"8c6c56ef4cbf21bd6e2ece80e8b184f04f4bb029cbb6524fd8a58376b6ce5995"},"dob":{"date":"1995-04-18T16:41:44.642Z","age":29},"registered":{"date":"2006-03-21T09:15:36.727Z","age":18},"phone":"(871)-695-0989","cell":"(368)-489-7549","id":{"name":"","value":null},"picture":{"large":"https://randomuser.me/api/portraits/women/78.jpg","medium":"https://randomuser.me/api/portraits/med/women/78.jpg","thumbnail":"https://randomuser.me/api/portraits/thumb/women/78.jpg"},"nat":"TR"}],"info":{"seed":"f0d2b8dfe6501ff0","results":1,"page":1,"version":"1.4"}} 
 </msg>
<msg time="2024-07-03T16:19:28.616373" level="INFO">/opt/hostedtoolcache/Python/3.12.4/x64/lib/python3.12/site-packages/urllib3/connectionpool.py:1099: InsecureRequestWarning: Unverified HTTPS request is being made to host 'randomuser.me'. Adding certificate verification is strongly advised. See: https://urllib3.readthedocs.io/en/latest/advanced-usage.html#tls-warnings
  warnings.warn(</msg>
<msg time="2024-07-03T16:19:28.616482" level="INFO">${response} = &lt;Response [200]&gt;</msg>
<var>${response}</var>
<arg>consultarAPI</arg>
<arg>/api</arg>
<doc>Sends a GET request on a previously created HTTP Session.</doc>
<status status="PASS" start="2024-07-03T16:19:28.528434" elapsed="0.088098"/>
</kw>
<kw name="Set Variable" owner="BuiltIn">
<msg time="2024-07-03T16:19:28.617607" level="INFO">${json_data} = {'results': [{'gender': 'female', 'name': {'title': 'Ms', 'first': 'Vildan', 'last': 'Sarıoğlu'}, 'location': {'street': {'number': 8824, 'name': 'Atatürk Sk'}, 'city': 'Trabzon', 'state': 'Uşak', 'co...</msg>
<var>${json_data}</var>
<arg>${response.json()}</arg>
<doc>Returns the given values which can then be assigned to a variables.</doc>
<status status="PASS" start="2024-07-03T16:19:28.617052" elapsed="0.000587"/>
</kw>
<kw name="Set Variable" owner="BuiltIn">
<msg time="2024-07-03T16:19:28.618390" level="INFO">${name_title} = Ms</msg>
<var>${name_title}</var>
<arg>${json_data["results"][0]["name"]["title"]}</arg>
<doc>Returns the given values which can then be assigned to a variables.</doc>
<status status="PASS" start="2024-07-03T16:19:28.617945" elapsed="0.000473"/>
</kw>
<kw name="Create List" owner="BuiltIn">
<msg time="2024-07-03T16:19:28.618893" level="INFO">${allowed_titles} = ['Mr', 'Ms', 'Miss', 'Mrs', 'Madame', 'Monsieur']</msg>
<var>${allowed_titles}</var>
<arg>Mr</arg>
<arg>Ms</arg>
<arg>Miss</arg>
<arg>Mrs</arg>
<arg>Madame</arg>
<arg>Monsieur</arg>
<doc>Returns a list containing given items.</doc>
<status status="PASS" start="2024-07-03T16:19:28.618732" elapsed="0.000186"/>
</kw>
<kw name="List Should Contain Value" owner="Collections">
<arg>${allowed_titles}</arg>
<arg>${name_title}</arg>
<doc>Fails if the ``value`` is not found from ``list``.</doc>
<status status="PASS" start="2024-07-03T16:19:28.619224" elapsed="0.000186"/>
</kw>
<kw name="Set Variable" owner="BuiltIn">
<msg time="2024-07-03T16:19:28.619980" level="INFO">${name_country} = TR</msg>
<var>${name_country}</var>
<arg>${json_data["results"][0]["nat"]}</arg>
<doc>Returns the given values which can then be assigned to a variables.</doc>
<status status="PASS" start="2024-07-03T16:19:28.619595" elapsed="0.000411"/>
</kw>
<kw name="Create List" owner="BuiltIn">
<msg time="2024-07-03T16:19:28.620918" level="INFO">${list_country} = ['AD', 'AE', 'AF', 'AG', 'AI', 'AL', 'AM', 'AO', 'AQ', 'AR', 'AS', 'AT', 'AU', 'AW', 'AX', 'AZ', 'BA', 'BB', 'BD', 'BE', 'BF', 'BG', 'BH', 'BI', 'BJ', 'BL', 'BM', 'BN', 'BO', 'BQ', 'BR', 'BS', 'BT', '...</msg>
<var>${list_country}</var>
<arg>AD</arg>
<arg>AE</arg>
<arg>AF</arg>
<arg>AG</arg>
<arg>AI</arg>
<arg>AL</arg>
<arg>AM</arg>
<arg>AO</arg>
<arg>AQ</arg>
<arg>AR</arg>
<arg>AS</arg>
<arg>AT</arg>
<arg>AU</arg>
<arg>AW</arg>
<arg>AX</arg>
<arg>AZ</arg>
<arg>BA</arg>
<arg>BB</arg>
<arg>BD</arg>
<arg>BE</arg>
<arg>BF</arg>
<arg>BG</arg>
<arg>BH</arg>
<arg>BI</arg>
<arg>BJ</arg>
<arg>BL</arg>
<arg>BM</arg>
<arg>BN</arg>
<arg>BO</arg>
<arg>BQ</arg>
<arg>BR</arg>
<arg>BS</arg>
<arg>BT</arg>
<arg>BV</arg>
<arg>BW</arg>
<arg>BY</arg>
<arg>BZ</arg>
<arg>CA</arg>
<arg>CC</arg>
<arg>CD</arg>
<arg>CF</arg>
<arg>CG</arg>
<arg>CH</arg>
<arg>CI</arg>
<arg>CK</arg>
<arg>CL</arg>
<arg>CM</arg>
<arg>CN</arg>
<arg>CO</arg>
<arg>CR</arg>
<arg>CU</arg>
<arg>CV</arg>
<arg>CW</arg>
<arg>CX</arg>
<arg>CY</arg>
<arg>CZ</arg>
<arg>DE</arg>
<arg>DJ</arg>
<arg>DK</arg>
<arg>DM</arg>
<arg>DO</arg>
<arg>DZ</arg>
<arg>EC</arg>
<arg>EE</arg>
<arg>EG</arg>
<arg>EH</arg>
<arg>ER</arg>
<arg>ES</arg>
<arg>ET</arg>
<arg>FI</arg>
<arg>FJ</arg>
<arg>FK</arg>
<arg>FM</arg>
<arg>FO</arg>
<arg>FR</arg>
<arg>GA</arg>
<arg>GB</arg>
<arg>GD</arg>
<arg>GE</arg>
<arg>GF</arg>
<arg>GG</arg>
<arg>GH</arg>
<arg>GI</arg>
<arg>GL</arg>
<arg>GM</arg>
<arg>GN</arg>
<arg>GP</arg>
<arg>GQ</arg>
<arg>GR</arg>
<arg>GS</arg>
<arg>GT</arg>
<arg>GU</arg>
<arg>GW</arg>
<arg>GY</arg>
<arg>HK</arg>
<arg>HM</arg>
<arg>HN</arg>
<arg>HR</arg>
<arg>HT</arg>
<arg>HU</arg>
<arg>ID</arg>
<arg>IE</arg>
<arg>IL</arg>
<arg>IM</arg>
<arg>IN</arg>
<arg>IO</arg>
<arg>IQ</arg>
<arg>IR</arg>
<arg>IS</arg>
<arg>IT</arg>
<arg>JE</arg>
<arg>JM</arg>
<arg>JO</arg>
<arg>JP</arg>
<arg>KE</arg>
<arg>KG</arg>
<arg>KH</arg>
<arg>KI</arg>
<arg>KM</arg>
<arg>KN</arg>
<arg>KP</arg>
<arg>KR</arg>
<arg>KW</arg>
<arg>KY</arg>
<arg>KZ</arg>
<arg>LA</arg>
<arg>LB</arg>
<arg>LC</arg>
<arg>LI</arg>
<arg>LK</arg>
<arg>LR</arg>
<arg>LS</arg>
<arg>LT</arg>
<arg>LU</arg>
<arg>LV</arg>
<arg>LY</arg>
<arg>MA</arg>
<arg>MC</arg>
<arg>MD</arg>
<arg>ME</arg>
<arg>MF</arg>
<arg>MG</arg>
<arg>MH</arg>
<arg>MK</arg>
<arg>ML</arg>
<arg>MM</arg>
<arg>MN</arg>
<arg>MO</arg>
<arg>MP</arg>
<arg>MQ</arg>
<arg>MR</arg>
<arg>MS</arg>
<arg>MT</arg>
<arg>MU</arg>
<arg>MV</arg>
<arg>MW</arg>
<arg>MX</arg>
<arg>MY</arg>
<arg>MZ</arg>
<arg>NA</arg>
<arg>NC</arg>
<arg>NE</arg>
<arg>NF</arg>
<arg>NG</arg>
<arg>NI</arg>
<arg>NL</arg>
<arg>NO</arg>
<arg>NP</arg>
<arg>NR</arg>
<arg>NU</arg>
<arg>NZ</arg>
<arg>OM</arg>
<arg>PA</arg>
<arg>PE</arg>
<arg>PF</arg>
<arg>PG</arg>
<arg>PH</arg>
<arg>PK</arg>
<arg>PL</arg>
<arg>PM</arg>
<arg>PN</arg>
<arg>PR</arg>
<arg>PS</arg>
<arg>PT</arg>
<arg>PW</arg>
<arg>PY</arg>
<arg>QA</arg>
<arg>RE</arg>
<arg>RO</arg>
<arg>RS</arg>
<arg>RU</arg>
<arg>RW</arg>
<arg>SA</arg>
<arg>SB</arg>
<arg>SC</arg>
<arg>SD</arg>
<arg>SE</arg>
<arg>SG</arg>
<arg>SH</arg>
<arg>SI</arg>
<arg>SJ</arg>
<arg>SK</arg>
<arg>SL</arg>
<arg>SM</arg>
<arg>SN</arg>
<arg>SO</arg>
<arg>SR</arg>
<arg>SS</arg>
<arg>ST</arg>
<arg>SV</arg>
<arg>SX</arg>
<arg>SY</arg>
<arg>SZ</arg>
<arg>TC</arg>
<arg>TD</arg>
<arg>TF</arg>
<arg>TG</arg>
<arg>TH</arg>
<arg>TJ</arg>
<arg>TK</arg>
<arg>TL</arg>
<arg>TM</arg>
<arg>TN</arg>
<arg>TO</arg>
<arg>TR</arg>
<arg>TT</arg>
<arg>TV</arg>
<arg>TW</arg>
<arg>TZ</arg>
<arg>UA</arg>
<arg>UG</arg>
<arg>UM</arg>
<arg>US</arg>
<arg>UY</arg>
<arg>UZ</arg>
<arg>VA</arg>
<arg>VC</arg>
<arg>VE</arg>
<arg>VG</arg>
<arg>VI</arg>
<arg>VN</arg>
<arg>VU</arg>
<arg>WF</arg>
<arg>WS</arg>
<arg>XK</arg>
<arg>YE</arg>
<arg>YT</arg>
<arg>ZA</arg>
<arg>ZM</arg>
<arg>ZW</arg>
<doc>Returns a list containing given items.</doc>
<status status="PASS" start="2024-07-03T16:19:28.620304" elapsed="0.000639"/>
</kw>
<kw name="List Should Contain Value" owner="Collections">
<arg>${list_country}</arg>
<arg>${name_country}</arg>
<doc>Fails if the ``value`` is not found from ``list``.</doc>
<status status="PASS" start="2024-07-03T16:19:28.621756" elapsed="0.000222"/>
</kw>
<kw name="Run Keyword If" owner="BuiltIn">
<kw name="Should Be True" owner="BuiltIn">
<arg>${True}</arg>
<doc>Fails if the given condition is not true.</doc>
<status status="PASS" start="2024-07-03T16:19:28.622989" elapsed="0.000150"/>
</kw>
<arg>${json_data["results"][0]["location"]["coordinates"]["latitude"]} &gt;= -90 and ${json_data["results"][0]["location"]["coordinates"]["latitude"]} &lt;= 90</arg>
<arg>Should Be True</arg>
<arg>${True}</arg>
<doc>Runs the given keyword with the given arguments, if ``condition`` is true.</doc>
<status status="PASS" start="2024-07-03T16:19:28.622216" elapsed="0.001054"/>
</kw>
<kw name="Run Keyword If" owner="BuiltIn">
<kw name="Should Be True" owner="BuiltIn">
<arg>${True}</arg>
<doc>Fails if the given condition is not true.</doc>
<status status="PASS" start="2024-07-03T16:19:28.624184" elapsed="0.000144"/>
</kw>
<arg>${json_data["results"][0]["location"]["coordinates"]["longitude"]} &gt;= -180 and ${json_data["results"][0]["location"]["coordinates"]["longitude"]} &lt;= 180</arg>
<arg>Should Be True</arg>
<arg>${True}</arg>
<doc>Runs the given keyword with the given arguments, if ``condition`` is true.</doc>
<status status="PASS" start="2024-07-03T16:19:28.623462" elapsed="0.000996"/>
</kw>
<status status="PASS" start="2024-07-03T16:19:28.527882" elapsed="0.096712"/>
</kw>
<doc>Testa o conteúdo específico dos campos retornados pela API.</doc>
<tag>testeConteudo</tag>
<status status="PASS" start="2024-07-03T16:19:28.527263" elapsed="0.097480"/>
</test>
<status status="PASS" start="2024-07-03T16:19:25.148418" elapsed="3.478429"/>
</suite>
<status status="PASS" start="2024-07-03T16:19:25.132686" elapsed="3.499402"/>
</suite>
<statistics>
<total>
<stat pass="5" fail="0" skip="0">All Tests</stat>
</total>
<tag>
<stat pass="1" fail="0" skip="0">testeConteudo</stat>
<stat pass="1" fail="0" skip="0">testeEstruturaResposta</stat>
<stat pass="1" fail="0" skip="0">testeRequisicaoBasica</stat>
<stat pass="1" fail="0" skip="0">testeTiposDados</stat>
</tag>
<suite>
<stat pass="5" fail="0" skip="0" id="s1" name="Tests">Tests</stat>
<stat pass="5" fail="0" skip="0" id="s1-s1" name="Random-User-Test">Tests.Random-User-Test</stat>
</suite>
</statistics>
<errors>
</errors>
</robot>
