<?xml version="1.0" encoding="UTF-8"?>
<robot generator="Robot 7.0.1 (Python 3.12.4 on linux)" generated="2024-07-12T03:17:34.312628" rpa="false" schemaversion="5">
<suite id="s1" name="Tests" source="/home/runner/work/ApiRandomUser/ApiRandomUser/RamdonUser/tests">
<suite id="s1-s1" name="Random-User-Test" source="/home/runner/work/ApiRandomUser/ApiRandomUser/RamdonUser/tests/random-user-test.robot">
<test id="s1-s1-t1" name="Conectar" line="13">
<kw name="Conectar API" owner="random-user-service">
<kw name="Create Session" owner="RequestsLibrary">
<msg time="2024-07-12T03:17:34.714786" level="INFO">Creating Session using : alias=consultarAPI, url=https://randomuser.me/, headers={},                     cookies={}, auth=None, timeout=None, proxies=None, verify=False,                     debug=0 </msg>
<arg>consultarAPI</arg>
<arg>${URL}</arg>
<doc>Create Session: create a HTTP session to a server</doc>
<status status="PASS" start="2024-07-12T03:17:34.714581" elapsed="0.000400"/>
</kw>
<status status="PASS" start="2024-07-12T03:17:34.713591" elapsed="0.001797"/>
</kw>
<status status="PASS" start="2024-07-12T03:17:34.712964" elapsed="0.002617"/>
</test>
<test id="s1-s1-t2" name="Validar retorno 200 e JSON Válido" line="16">
<kw name="Teste de Requisicao Basica" owner="random-user-service">
<kw name="GET On Session" owner="RequestsLibrary">
<msg time="2024-07-12T03:17:34.795684" level="INFO">GET Request : url=https://randomuser.me/api 
 path_url=/api 
 headers={'User-Agent': 'python-requests/2.32.3', 'Accept-Encoding': 'gzip, deflate', 'Accept': '*/*', 'Connection': 'keep-alive'} 
 body=None 
 </msg>
<msg time="2024-07-12T03:17:34.795860" level="INFO">GET Response : url=https://randomuser.me/api 
 status=200, reason=OK 
 headers={'Date': 'Fri, 12 Jul 2024 03:17:34 GMT', 'Content-Type': 'application/json; charset=utf-8', 'Transfer-Encoding': 'chunked', 'Connection': 'keep-alive', 'X-Powered-By': 'Express', 'Access-Control-Allow-Origin': '*', 'Cache-Control': 'no-cache', 'ETag': 'W/"4a5-J0wAqE5mOnQsOAN65xjEFg6XZRk"', 'Vary': 'Accept-Encoding', 'Content-Encoding': 'gzip', 'CF-Cache-Status': 'DYNAMIC', 'Report-To': '{"endpoints":[{"url":"https:\\/\\/a.nel.cloudflare.com\\/report\\/v4?s=oEA1EXbWsOx01jobEP%2F2DP0sXb6u7OuNN9zHw%2BKUeZbEvwK12deN%2Bh8IR9r9KdT9lg4%2B3nPTnyjlMhGrJczV%2FJTDdITTeJDNSm9gVRSoig3hHFPrKHbx2IM3OdWbVghG"}],"group":"cf-nel","max_age":604800}', 'NEL': '{"success_fraction":0,"report_to":"cf-nel","max_age":604800}', 'Server': 'cloudflare', 'CF-RAY': '8a1de18c3fd58764-ORD', 'alt-svc': 'h3=":443"; ma=86400'} 
 body={"results":[{"gender":"male","name":{"title":"Monsieur","first":"Dan","last":"Leclercq"},"location":{"street":{"number":4814,"name":"Rue du Village"},"city":"Bellikon","state":"Schwyz","country":"Switzerland","postcode":2258,"coordinates":{"latitude":"-62.5375","longitude":"-102.4058"},"timezone":{"offset":"-6:00","description":"Central Time (US &amp; Canada), Mexico City"}},"email":"dan.leclercq@example.com","login":{"uuid":"2837d1a6-a026-445f-9321-514b2c27906e","username":"blackbutterfly425","password":"coldplay","salt":"Pbkzsw9f","md5":"1feaf67a13fa60eaf9c046be30e177d9","sha1":"bf2eed8930f88d0ac29568036366323fbd05746b","sha256":"beb5677508b9024b2854cab6135a699301c77cdbc1ba2c48672c1ffc95da2fd8"},"dob":{"date":"1951-07-22T12:25:48.038Z","age":72},"registered":{"date":"2008-05-19T05:30:08.509Z","age":16},"phone":"079 146 04 82","cell":"076 735 17 64","id":{"name":"AVS","value":"756.6936.9638.77"},"picture":{"large":"https://randomuser.me/api/portraits/men/74.jpg","medium":"https://randomuser.me/api/portraits/med/men/74.jpg","thumbnail":"https://randomuser.me/api/portraits/thumb/men/74.jpg"},"nat":"CH"}],"info":{"seed":"635b705852591466","results":1,"page":1,"version":"1.4"}} 
 </msg>
<msg time="2024-07-12T03:17:34.795964" level="INFO">/opt/hostedtoolcache/Python/3.12.4/x64/lib/python3.12/site-packages/urllib3/connectionpool.py:1099: InsecureRequestWarning: Unverified HTTPS request is being made to host 'randomuser.me'. Adding certificate verification is strongly advised. See: https://urllib3.readthedocs.io/en/latest/advanced-usage.html#tls-warnings
  warnings.warn(</msg>
<msg time="2024-07-12T03:17:34.796140" level="INFO">${response} = &lt;Response [200]&gt;</msg>
<var>${response}</var>
<arg>consultarAPI</arg>
<arg>/api</arg>
<doc>Sends a GET request on a previously created HTTP Session.</doc>
<status status="PASS" start="2024-07-12T03:17:34.718212" elapsed="0.077960"/>
</kw>
<kw name="Should Be Equal As Numbers" owner="BuiltIn">
<msg time="2024-07-12T03:17:34.797163" level="INFO">Argument types are:
&lt;class 'int'&gt;
&lt;class 'str'&gt;</msg>
<arg>${response.status_code}</arg>
<arg>200</arg>
<doc>Fails if objects are unequal after converting them to real numbers.</doc>
<status status="PASS" start="2024-07-12T03:17:34.796707" elapsed="0.000531"/>
</kw>
<kw name="Log" owner="BuiltIn">
<msg time="2024-07-12T03:17:34.798102" level="INFO">200</msg>
<arg>${response.status_code}</arg>
<doc>Logs the given message with the given level.</doc>
<status status="PASS" start="2024-07-12T03:17:34.797647" elapsed="0.000499"/>
</kw>
<kw name="Set Variable" owner="BuiltIn">
<msg time="2024-07-12T03:17:34.798903" level="INFO">${json_data} = {'results': [{'gender': 'male', 'name': {'title': 'Monsieur', 'first': 'Dan', 'last': 'Leclercq'}, 'location': {'street': {'number': 4814, 'name': 'Rue du Village'}, 'city': 'Bellikon', 'state': 'Schw...</msg>
<var>${json_data}</var>
<arg>${response.json()}</arg>
<doc>Returns the given values which can then be assigned to a variables.</doc>
<status status="PASS" start="2024-07-12T03:17:34.798456" elapsed="0.000476"/>
</kw>
<kw name="Dictionary Should Contain Key" owner="Collections">
<arg>${json_data}</arg>
<arg>results</arg>
<doc>Fails if ``key`` is not found from ``dictionary``.</doc>
<status status="PASS" start="2024-07-12T03:17:34.799253" elapsed="0.000164"/>
</kw>
<status status="PASS" start="2024-07-12T03:17:34.717963" elapsed="0.081607"/>
</kw>
<doc>Testa se a API responde corretamente e retorna um objeto JSON válido.</doc>
<tag>testeRequisicaoBasica</tag>
<status status="PASS" start="2024-07-12T03:17:34.717445" elapsed="0.082308"/>
</test>
<test id="s1-s1-t3" name="Validar estrutura de resposta" line="22">
<kw name="Teste de Estrutura de Resposta" owner="random-user-service">
<kw name="GET On Session" owner="RequestsLibrary">
<msg time="2024-07-12T03:17:34.907383" level="INFO">GET Request : url=https://randomuser.me/api 
 path_url=/api 
 headers={'User-Agent': 'python-requests/2.32.3', 'Accept-Encoding': 'gzip, deflate', 'Accept': '*/*', 'Connection': 'keep-alive'} 
 body=None 
 </msg>
<msg time="2024-07-12T03:17:34.907483" level="INFO">GET Response : url=https://randomuser.me/api 
 status=200, reason=OK 
 headers={'Date': 'Fri, 12 Jul 2024 03:17:34 GMT', 'Content-Type': 'application/json; charset=utf-8', 'Transfer-Encoding': 'chunked', 'Connection': 'keep-alive', 'X-Powered-By': 'Express', 'Access-Control-Allow-Origin': '*', 'Cache-Control': 'no-cache', 'ETag': 'W/"49c-0ZY1LzLx/sae867fYbr68oET9IY"', 'Vary': 'Accept-Encoding', 'Content-Encoding': 'gzip', 'CF-Cache-Status': 'DYNAMIC', 'Report-To': '{"endpoints":[{"url":"https:\\/\\/a.nel.cloudflare.com\\/report\\/v4?s=UwFu0L9a9i%2BS1SrKPrz8lmoCCp9Trlf%2FNJq3KYgMYajfDTsVjtazcsjt31ezqIl2FM5I7ypAFzOjvs9XAPq5eRQ8%2F%2F1qkyxpj2o4kwW5fyoUTBu76sqndz75ng%2FAh5ut"}],"group":"cf-nel","max_age":604800}', 'NEL': '{"success_fraction":0,"report_to":"cf-nel","max_age":604800}', 'Server': 'cloudflare', 'CF-RAY': '8a1de18c88558764-ORD', 'alt-svc': 'h3=":443"; ma=86400'} 
 body={"results":[{"gender":"male","name":{"title":"Mr","first":"Eemeli","last":"Eskola"},"location":{"street":{"number":4906,"name":"Myllypuronkatu"},"city":"Kirkkonummi","state":"Finland Proper","country":"Finland","postcode":22505,"coordinates":{"latitude":"-26.7012","longitude":"-35.9589"},"timezone":{"offset":"-6:00","description":"Central Time (US &amp; Canada), Mexico City"}},"email":"eemeli.eskola@example.com","login":{"uuid":"30376512-0af5-4879-a7f1-8c51ccec4c91","username":"yellowcat570","password":"japan","salt":"cO7vICJ4","md5":"a428ec329ae48cef0b3800ee3d035dc6","sha1":"f246899a8826bf59c95f65ca51e093b3859af86f","sha256":"4c8735b38ee71f3a0fedf2d4317a6fe52f7e7a9482a235d2265765706b30ef96"},"dob":{"date":"1987-09-07T12:31:26.181Z","age":36},"registered":{"date":"2009-03-20T17:55:42.210Z","age":15},"phone":"08-787-275","cell":"040-527-93-94","id":{"name":"HETU","value":"NaNNA537undefined"},"picture":{"large":"https://randomuser.me/api/portraits/men/6.jpg","medium":"https://randomuser.me/api/portraits/med/men/6.jpg","thumbnail":"https://randomuser.me/api/portraits/thumb/men/6.jpg"},"nat":"FI"}],"info":{"seed":"02a89bb04d03e06b","results":1,"page":1,"version":"1.4"}} 
 </msg>
<msg time="2024-07-12T03:17:34.907617" level="INFO">/opt/hostedtoolcache/Python/3.12.4/x64/lib/python3.12/site-packages/urllib3/connectionpool.py:1099: InsecureRequestWarning: Unverified HTTPS request is being made to host 'randomuser.me'. Adding certificate verification is strongly advised. See: https://urllib3.readthedocs.io/en/latest/advanced-usage.html#tls-warnings
  warnings.warn(</msg>
<msg time="2024-07-12T03:17:34.907765" level="INFO">${response} = &lt;Response [200]&gt;</msg>
<var>${response}</var>
<arg>consultarAPI</arg>
<arg>/api</arg>
<doc>Sends a GET request on a previously created HTTP Session.</doc>
<status status="PASS" start="2024-07-12T03:17:34.802320" elapsed="0.105489"/>
</kw>
<kw name="Set Variable" owner="BuiltIn">
<msg time="2024-07-12T03:17:34.908836" level="INFO">${json_data} = {'results': [{'gender': 'male', 'name': {'title': 'Mr', 'first': 'Eemeli', 'last': 'Eskola'}, 'location': {'street': {'number': 4906, 'name': 'Myllypuronkatu'}, 'city': 'Kirkkonummi', 'state': 'Finlan...</msg>
<var>${json_data}</var>
<arg>${response.json()}</arg>
<doc>Returns the given values which can then be assigned to a variables.</doc>
<status status="PASS" start="2024-07-12T03:17:34.908323" elapsed="0.000542"/>
</kw>
<kw name="Log" owner="BuiltIn">
<msg time="2024-07-12T03:17:34.909331" level="INFO">{'results': [{'gender': 'male', 'name': {'title': 'Mr', 'first': 'Eemeli', 'last': 'Eskola'}, 'location': {'street': {'number': 4906, 'name': 'Myllypuronkatu'}, 'city': 'Kirkkonummi', 'state': 'Finland Proper', 'country': 'Finland', 'postcode': 22505, 'coordinates': {'latitude': '-26.7012', 'longitude': '-35.9589'}, 'timezone': {'offset': '-6:00', 'description': 'Central Time (US &amp; Canada), Mexico City'}}, 'email': 'eemeli.eskola@example.com', 'login': {'uuid': '30376512-0af5-4879-a7f1-8c51ccec4c91', 'username': 'yellowcat570', 'password': 'japan', 'salt': 'cO7vICJ4', 'md5': 'a428ec329ae48cef0b3800ee3d035dc6', 'sha1': 'f246899a8826bf59c95f65ca51e093b3859af86f', 'sha256': '4c8735b38ee71f3a0fedf2d4317a6fe52f7e7a9482a235d2265765706b30ef96'}, 'dob': {'date': '1987-09-07T12:31:26.181Z', 'age': 36}, 'registered': {'date': '2009-03-20T17:55:42.210Z', 'age': 15}, 'phone': '08-787-275', 'cell': '040-527-93-94', 'id': {'name': 'HETU', 'value': 'NaNNA537undefined'}, 'picture': {'large': 'https://randomuser.me/api/portraits/men/6.jpg', 'medium': 'https://randomuser.me/api/portraits/med/men/6.jpg', 'thumbnail': 'https://randomuser.me/api/portraits/thumb/men/6.jpg'}, 'nat': 'FI'}], 'info': {'seed': '02a89bb04d03e06b', 'results': 1, 'page': 1, 'version': '1.4'}}</msg>
<arg>${json_data}</arg>
<doc>Logs the given message with the given level.</doc>
<status status="PASS" start="2024-07-12T03:17:34.909172" elapsed="0.000211"/>
</kw>
<kw name="Dictionary Should Contain Key" owner="Collections">
<arg>${json_data}</arg>
<arg>results</arg>
<doc>Fails if ``key`` is not found from ``dictionary``.</doc>
<status status="PASS" start="2024-07-12T03:17:34.909672" elapsed="0.000156"/>
</kw>
<kw name="Should Not Be Empty" owner="BuiltIn">
<msg time="2024-07-12T03:17:34.910144" level="INFO">Length is 2.</msg>
<arg>${json_data}</arg>
<doc>Verifies that the given item is not empty.</doc>
<status status="PASS" start="2024-07-12T03:17:34.910008" elapsed="0.000174"/>
</kw>
<kw name="Create List" owner="BuiltIn">
<msg time="2024-07-12T03:17:34.910786" level="INFO">${expected_keys} = ['gender', 'name', 'location', 'email', 'login']</msg>
<var>${expected_keys}</var>
<arg>gender</arg>
<arg>name</arg>
<arg>location</arg>
<arg>email</arg>
<arg>login</arg>
<doc>Returns a list containing given items.</doc>
<status status="PASS" start="2024-07-12T03:17:34.910477" elapsed="0.000335"/>
</kw>
<for flavor="IN">
<iter>
<kw name="Dictionary Should Contain Key" owner="Collections">
<arg>${json_data['results'][0]}</arg>
<arg>${key}</arg>
<doc>Fails if ``key`` is not found from ``dictionary``.</doc>
<status status="PASS" start="2024-07-12T03:17:34.911437" elapsed="0.000412"/>
</kw>
<kw name="Log" owner="BuiltIn">
<msg time="2024-07-12T03:17:34.912394" level="INFO">{'gender': 'male', 'name': {'title': 'Mr', 'first': 'Eemeli', 'last': 'Eskola'}, 'location': {'street': {'number': 4906, 'name': 'Myllypuronkatu'}, 'city': 'Kirkkonummi', 'state': 'Finland Proper', 'country': 'Finland', 'postcode': 22505, 'coordinates': {'latitude': '-26.7012', 'longitude': '-35.9589'}, 'timezone': {'offset': '-6:00', 'description': 'Central Time (US &amp; Canada), Mexico City'}}, 'email': 'eemeli.eskola@example.com', 'login': {'uuid': '30376512-0af5-4879-a7f1-8c51ccec4c91', 'username': 'yellowcat570', 'password': 'japan', 'salt': 'cO7vICJ4', 'md5': 'a428ec329ae48cef0b3800ee3d035dc6', 'sha1': 'f246899a8826bf59c95f65ca51e093b3859af86f', 'sha256': '4c8735b38ee71f3a0fedf2d4317a6fe52f7e7a9482a235d2265765706b30ef96'}, 'dob': {'date': '1987-09-07T12:31:26.181Z', 'age': 36}, 'registered': {'date': '2009-03-20T17:55:42.210Z', 'age': 15}, 'phone': '08-787-275', 'cell': '040-527-93-94', 'id': {'name': 'HETU', 'value': 'NaNNA537undefined'}, 'picture': {'large': 'https://randomuser.me/api/portraits/men/6.jpg', 'medium': 'https://randomuser.me/api/portraits/med/men/6.jpg', 'thumbnail': 'https://randomuser.me/api/portraits/thumb/men/6.jpg'}, 'nat': 'FI'}</msg>
<arg>${json_data['results'][0]}</arg>
<doc>Logs the given message with the given level.</doc>
<status status="PASS" start="2024-07-12T03:17:34.912034" elapsed="0.000412"/>
</kw>
<kw name="Log" owner="BuiltIn">
<msg time="2024-07-12T03:17:34.912877" level="INFO">gender</msg>
<arg>${key}</arg>
<doc>Logs the given message with the given level.</doc>
<status status="PASS" start="2024-07-12T03:17:34.912747" elapsed="0.000169"/>
</kw>
<var name="${key}">gender</var>
<status status="PASS" start="2024-07-12T03:17:34.911310" elapsed="0.001825"/>
</iter>
<iter>
<kw name="Dictionary Should Contain Key" owner="Collections">
<arg>${json_data['results'][0]}</arg>
<arg>${key}</arg>
<doc>Fails if ``key`` is not found from ``dictionary``.</doc>
<status status="PASS" start="2024-07-12T03:17:34.913432" elapsed="0.000389"/>
</kw>
<kw name="Log" owner="BuiltIn">
<msg time="2024-07-12T03:17:34.914402" level="INFO">{'gender': 'male', 'name': {'title': 'Mr', 'first': 'Eemeli', 'last': 'Eskola'}, 'location': {'street': {'number': 4906, 'name': 'Myllypuronkatu'}, 'city': 'Kirkkonummi', 'state': 'Finland Proper', 'country': 'Finland', 'postcode': 22505, 'coordinates': {'latitude': '-26.7012', 'longitude': '-35.9589'}, 'timezone': {'offset': '-6:00', 'description': 'Central Time (US &amp; Canada), Mexico City'}}, 'email': 'eemeli.eskola@example.com', 'login': {'uuid': '30376512-0af5-4879-a7f1-8c51ccec4c91', 'username': 'yellowcat570', 'password': 'japan', 'salt': 'cO7vICJ4', 'md5': 'a428ec329ae48cef0b3800ee3d035dc6', 'sha1': 'f246899a8826bf59c95f65ca51e093b3859af86f', 'sha256': '4c8735b38ee71f3a0fedf2d4317a6fe52f7e7a9482a235d2265765706b30ef96'}, 'dob': {'date': '1987-09-07T12:31:26.181Z', 'age': 36}, 'registered': {'date': '2009-03-20T17:55:42.210Z', 'age': 15}, 'phone': '08-787-275', 'cell': '040-527-93-94', 'id': {'name': 'HETU', 'value': 'NaNNA537undefined'}, 'picture': {'large': 'https://randomuser.me/api/portraits/men/6.jpg', 'medium': 'https://randomuser.me/api/portraits/med/men/6.jpg', 'thumbnail': 'https://randomuser.me/api/portraits/thumb/men/6.jpg'}, 'nat': 'FI'}</msg>
<arg>${json_data['results'][0]}</arg>
<doc>Logs the given message with the given level.</doc>
<status status="PASS" start="2024-07-12T03:17:34.914012" elapsed="0.000441"/>
</kw>
<kw name="Log" owner="BuiltIn">
<msg time="2024-07-12T03:17:34.914875" level="INFO">name</msg>
<arg>${key}</arg>
<doc>Logs the given message with the given level.</doc>
<status status="PASS" start="2024-07-12T03:17:34.914747" elapsed="0.000165"/>
</kw>
<var name="${key}">name</var>
<status status="PASS" start="2024-07-12T03:17:34.913320" elapsed="0.001828"/>
</iter>
<iter>
<kw name="Dictionary Should Contain Key" owner="Collections">
<arg>${json_data['results'][0]}</arg>
<arg>${key}</arg>
<doc>Fails if ``key`` is not found from ``dictionary``.</doc>
<status status="PASS" start="2024-07-12T03:17:34.915435" elapsed="0.000378"/>
</kw>
<kw name="Log" owner="BuiltIn">
<msg time="2024-07-12T03:17:34.916347" level="INFO">{'gender': 'male', 'name': {'title': 'Mr', 'first': 'Eemeli', 'last': 'Eskola'}, 'location': {'street': {'number': 4906, 'name': 'Myllypuronkatu'}, 'city': 'Kirkkonummi', 'state': 'Finland Proper', 'country': 'Finland', 'postcode': 22505, 'coordinates': {'latitude': '-26.7012', 'longitude': '-35.9589'}, 'timezone': {'offset': '-6:00', 'description': 'Central Time (US &amp; Canada), Mexico City'}}, 'email': 'eemeli.eskola@example.com', 'login': {'uuid': '30376512-0af5-4879-a7f1-8c51ccec4c91', 'username': 'yellowcat570', 'password': 'japan', 'salt': 'cO7vICJ4', 'md5': 'a428ec329ae48cef0b3800ee3d035dc6', 'sha1': 'f246899a8826bf59c95f65ca51e093b3859af86f', 'sha256': '4c8735b38ee71f3a0fedf2d4317a6fe52f7e7a9482a235d2265765706b30ef96'}, 'dob': {'date': '1987-09-07T12:31:26.181Z', 'age': 36}, 'registered': {'date': '2009-03-20T17:55:42.210Z', 'age': 15}, 'phone': '08-787-275', 'cell': '040-527-93-94', 'id': {'name': 'HETU', 'value': 'NaNNA537undefined'}, 'picture': {'large': 'https://randomuser.me/api/portraits/men/6.jpg', 'medium': 'https://randomuser.me/api/portraits/med/men/6.jpg', 'thumbnail': 'https://randomuser.me/api/portraits/thumb/men/6.jpg'}, 'nat': 'FI'}</msg>
<arg>${json_data['results'][0]}</arg>
<doc>Logs the given message with the given level.</doc>
<status status="PASS" start="2024-07-12T03:17:34.915995" elapsed="0.000404"/>
</kw>
<kw name="Log" owner="BuiltIn">
<msg time="2024-07-12T03:17:34.916823" level="INFO">location</msg>
<arg>${key}</arg>
<doc>Logs the given message with the given level.</doc>
<status status="PASS" start="2024-07-12T03:17:34.916696" elapsed="0.000164"/>
</kw>
<var name="${key}">location</var>
<status status="PASS" start="2024-07-12T03:17:34.915326" elapsed="0.001748"/>
</iter>
<iter>
<kw name="Dictionary Should Contain Key" owner="Collections">
<arg>${json_data['results'][0]}</arg>
<arg>${key}</arg>
<doc>Fails if ``key`` is not found from ``dictionary``.</doc>
<status status="PASS" start="2024-07-12T03:17:34.917354" elapsed="0.000387"/>
</kw>
<kw name="Log" owner="BuiltIn">
<msg time="2024-07-12T03:17:34.918284" level="INFO">{'gender': 'male', 'name': {'title': 'Mr', 'first': 'Eemeli', 'last': 'Eskola'}, 'location': {'street': {'number': 4906, 'name': 'Myllypuronkatu'}, 'city': 'Kirkkonummi', 'state': 'Finland Proper', 'country': 'Finland', 'postcode': 22505, 'coordinates': {'latitude': '-26.7012', 'longitude': '-35.9589'}, 'timezone': {'offset': '-6:00', 'description': 'Central Time (US &amp; Canada), Mexico City'}}, 'email': 'eemeli.eskola@example.com', 'login': {'uuid': '30376512-0af5-4879-a7f1-8c51ccec4c91', 'username': 'yellowcat570', 'password': 'japan', 'salt': 'cO7vICJ4', 'md5': 'a428ec329ae48cef0b3800ee3d035dc6', 'sha1': 'f246899a8826bf59c95f65ca51e093b3859af86f', 'sha256': '4c8735b38ee71f3a0fedf2d4317a6fe52f7e7a9482a235d2265765706b30ef96'}, 'dob': {'date': '1987-09-07T12:31:26.181Z', 'age': 36}, 'registered': {'date': '2009-03-20T17:55:42.210Z', 'age': 15}, 'phone': '08-787-275', 'cell': '040-527-93-94', 'id': {'name': 'HETU', 'value': 'NaNNA537undefined'}, 'picture': {'large': 'https://randomuser.me/api/portraits/men/6.jpg', 'medium': 'https://randomuser.me/api/portraits/med/men/6.jpg', 'thumbnail': 'https://randomuser.me/api/portraits/thumb/men/6.jpg'}, 'nat': 'FI'}</msg>
<arg>${json_data['results'][0]}</arg>
<doc>Logs the given message with the given level.</doc>
<status status="PASS" start="2024-07-12T03:17:34.917928" elapsed="0.000407"/>
</kw>
<kw name="Log" owner="BuiltIn">
<msg time="2024-07-12T03:17:34.918758" level="INFO">email</msg>
<arg>${key}</arg>
<doc>Logs the given message with the given level.</doc>
<status status="PASS" start="2024-07-12T03:17:34.918625" elapsed="0.000171"/>
</kw>
<var name="${key}">email</var>
<status status="PASS" start="2024-07-12T03:17:34.917242" elapsed="0.001768"/>
</iter>
<iter>
<kw name="Dictionary Should Contain Key" owner="Collections">
<arg>${json_data['results'][0]}</arg>
<arg>${key}</arg>
<doc>Fails if ``key`` is not found from ``dictionary``.</doc>
<status status="PASS" start="2024-07-12T03:17:34.919346" elapsed="0.000451"/>
</kw>
<kw name="Log" owner="BuiltIn">
<msg time="2024-07-12T03:17:34.920338" level="INFO">{'gender': 'male', 'name': {'title': 'Mr', 'first': 'Eemeli', 'last': 'Eskola'}, 'location': {'street': {'number': 4906, 'name': 'Myllypuronkatu'}, 'city': 'Kirkkonummi', 'state': 'Finland Proper', 'country': 'Finland', 'postcode': 22505, 'coordinates': {'latitude': '-26.7012', 'longitude': '-35.9589'}, 'timezone': {'offset': '-6:00', 'description': 'Central Time (US &amp; Canada), Mexico City'}}, 'email': 'eemeli.eskola@example.com', 'login': {'uuid': '30376512-0af5-4879-a7f1-8c51ccec4c91', 'username': 'yellowcat570', 'password': 'japan', 'salt': 'cO7vICJ4', 'md5': 'a428ec329ae48cef0b3800ee3d035dc6', 'sha1': 'f246899a8826bf59c95f65ca51e093b3859af86f', 'sha256': '4c8735b38ee71f3a0fedf2d4317a6fe52f7e7a9482a235d2265765706b30ef96'}, 'dob': {'date': '1987-09-07T12:31:26.181Z', 'age': 36}, 'registered': {'date': '2009-03-20T17:55:42.210Z', 'age': 15}, 'phone': '08-787-275', 'cell': '040-527-93-94', 'id': {'name': 'HETU', 'value': 'NaNNA537undefined'}, 'picture': {'large': 'https://randomuser.me/api/portraits/men/6.jpg', 'medium': 'https://randomuser.me/api/portraits/med/men/6.jpg', 'thumbnail': 'https://randomuser.me/api/portraits/thumb/men/6.jpg'}, 'nat': 'FI'}</msg>
<arg>${json_data['results'][0]}</arg>
<doc>Logs the given message with the given level.</doc>
<status status="PASS" start="2024-07-12T03:17:34.919980" elapsed="0.000407"/>
</kw>
<kw name="Log" owner="BuiltIn">
<msg time="2024-07-12T03:17:34.920805" level="INFO">login</msg>
<arg>${key}</arg>
<doc>Logs the given message with the given level.</doc>
<status status="PASS" start="2024-07-12T03:17:34.920678" elapsed="0.000165"/>
</kw>
<var name="${key}">login</var>
<status status="PASS" start="2024-07-12T03:17:34.919211" elapsed="0.001845"/>
</iter>
<var>${key}</var>
<value>@{expected_keys}</value>
<status status="PASS" start="2024-07-12T03:17:34.911078" elapsed="0.010099"/>
</for>
<kw name="Create List" owner="BuiltIn">
<msg time="2024-07-12T03:17:34.921547" level="INFO">${expected_keysTwo} = ['username', 'password']</msg>
<var>${expected_keysTwo}</var>
<arg>username</arg>
<arg>password</arg>
<doc>Returns a list containing given items.</doc>
<status status="PASS" start="2024-07-12T03:17:34.921395" elapsed="0.000178"/>
</kw>
<for flavor="IN">
<iter>
<kw name="Dictionary Should Contain Key" owner="Collections">
<arg>${json_data['results'][0]['login']}</arg>
<arg>${keyTwo}</arg>
<doc>Fails if ``key`` is not found from ``dictionary``.</doc>
<status status="PASS" start="2024-07-12T03:17:34.922071" elapsed="0.000400"/>
</kw>
<kw name="Dictionary Should Contain Key" owner="Collections">
<arg>${json_data['results'][0]['login']}</arg>
<arg>${keyTwo}</arg>
<doc>Fails if ``key`` is not found from ``dictionary``.</doc>
<status status="PASS" start="2024-07-12T03:17:34.922650" elapsed="0.000366"/>
</kw>
<kw name="Log" owner="BuiltIn">
<msg time="2024-07-12T03:17:34.923360" level="INFO">username</msg>
<arg>${keyTwo}</arg>
<doc>Logs the given message with the given level.</doc>
<status status="PASS" start="2024-07-12T03:17:34.923235" elapsed="0.000163"/>
</kw>
<var name="${keyTwo}">username</var>
<status status="PASS" start="2024-07-12T03:17:34.921964" elapsed="0.001652"/>
</iter>
<iter>
<kw name="Dictionary Should Contain Key" owner="Collections">
<arg>${json_data['results'][0]['login']}</arg>
<arg>${keyTwo}</arg>
<doc>Fails if ``key`` is not found from ``dictionary``.</doc>
<status status="PASS" start="2024-07-12T03:17:34.923890" elapsed="0.000387"/>
</kw>
<kw name="Dictionary Should Contain Key" owner="Collections">
<arg>${json_data['results'][0]['login']}</arg>
<arg>${keyTwo}</arg>
<doc>Fails if ``key`` is not found from ``dictionary``.</doc>
<status status="PASS" start="2024-07-12T03:17:34.924453" elapsed="0.000365"/>
</kw>
<kw name="Log" owner="BuiltIn">
<msg time="2024-07-12T03:17:34.925113" level="INFO">password</msg>
<arg>${keyTwo}</arg>
<doc>Logs the given message with the given level.</doc>
<status status="PASS" start="2024-07-12T03:17:34.924993" elapsed="0.000162"/>
</kw>
<var name="${keyTwo}">password</var>
<status status="PASS" start="2024-07-12T03:17:34.923784" elapsed="0.001682"/>
</iter>
<var>${keyTwo}</var>
<value>@{expected_keysTwo}</value>
<status status="PASS" start="2024-07-12T03:17:34.921811" elapsed="0.003777"/>
</for>
<status status="PASS" start="2024-07-12T03:17:34.802085" elapsed="0.123645"/>
</kw>
<doc>Testa a estrutura da resposta da API.</doc>
<tag>testeEstruturaResposta</tag>
<status status="PASS" start="2024-07-12T03:17:34.801575" elapsed="0.124314"/>
</test>
<test id="s1-s1-t4" name="Validar tipos de dados" line="28">
<kw name="Teste de Tipos de Dados" owner="random-user-service">
<kw name="GET On Session" owner="RequestsLibrary">
<msg time="2024-07-12T03:17:34.997360" level="INFO">GET Request : url=https://randomuser.me/api 
 path_url=/api 
 headers={'User-Agent': 'python-requests/2.32.3', 'Accept-Encoding': 'gzip, deflate', 'Accept': '*/*', 'Connection': 'keep-alive'} 
 body=None 
 </msg>
<msg time="2024-07-12T03:17:34.997465" level="INFO">GET Response : url=https://randomuser.me/api 
 status=200, reason=OK 
 headers={'Date': 'Fri, 12 Jul 2024 03:17:34 GMT', 'Content-Type': 'application/json; charset=utf-8', 'Transfer-Encoding': 'chunked', 'Connection': 'keep-alive', 'X-Powered-By': 'Express', 'Access-Control-Allow-Origin': '*', 'Cache-Control': 'no-cache', 'ETag': 'W/"46f-1gXkByfMQD7Lso8U9JB4/CZcamA"', 'Vary': 'Accept-Encoding', 'Content-Encoding': 'gzip', 'CF-Cache-Status': 'DYNAMIC', 'Report-To': '{"endpoints":[{"url":"https:\\/\\/a.nel.cloudflare.com\\/report\\/v4?s=YChlXum%2BGWORlBb94iRQB1bsVjkYAfSN0BAhlUBkGLA4tZJp2fz6UbUR5K%2BE3%2BdI3Q%2BeGLYqW1ZzvCrsMSBmInLuQHrr7MaTnQV2r8Un%2FO5J9FW1a8j1WwPhJ6%2BoFSRU"}],"group":"cf-nel","max_age":604800}', 'NEL': '{"success_fraction":0,"report_to":"cf-nel","max_age":604800}', 'Server': 'cloudflare', 'CF-RAY': '8a1de18d493a8764-ORD', 'alt-svc': 'h3=":443"; ma=86400'} 
 body={"results":[{"gender":"female","name":{"title":"Miss","first":"Ester","last":"Kuchma"},"location":{"street":{"number":5199,"name":"Sakovicha"},"city":"Bahmut","state":"Hersonska","country":"Ukraine","postcode":34352,"coordinates":{"latitude":"74.7068","longitude":"33.0049"},"timezone":{"offset":"-2:00","description":"Mid-Atlantic"}},"email":"ester.kuchma@example.com","login":{"uuid":"47268c0d-4602-4d95-b7ed-5d00eba9a100","username":"smallgoose878","password":"torino","salt":"zci1KwED","md5":"55ce7db2106b916c3d9ae891a7d83c67","sha1":"dda13f460e0864d1c1ea2dc1bc32de07a7b4e7c5","sha256":"33b630c8d0ee0ab9a53a6f941b1d87735cdf003dfcefab4f41fbdee006385203"},"dob":{"date":"1945-07-15T03:47:22.329Z","age":78},"registered":{"date":"2002-10-31T15:19:42.472Z","age":21},"phone":"(098) R66-1002","cell":"(067) Y04-8982","id":{"name":"","value":null},"picture":{"large":"https://randomuser.me/api/portraits/women/88.jpg","medium":"https://randomuser.me/api/portraits/med/women/88.jpg","thumbnail":"https://randomuser.me/api/portraits/thumb/women/88.jpg"},"nat":"UA"}],"info":{"seed":"9ec56b08350bba6b","results":1,"page":1,"version":"1.4"}} 
 </msg>
<msg time="2024-07-12T03:17:34.997533" level="INFO">/opt/hostedtoolcache/Python/3.12.4/x64/lib/python3.12/site-packages/urllib3/connectionpool.py:1099: InsecureRequestWarning: Unverified HTTPS request is being made to host 'randomuser.me'. Adding certificate verification is strongly advised. See: https://urllib3.readthedocs.io/en/latest/advanced-usage.html#tls-warnings
  warnings.warn(</msg>
<msg time="2024-07-12T03:17:34.997672" level="INFO">${response} = &lt;Response [200]&gt;</msg>
<var>${response}</var>
<arg>consultarAPI</arg>
<arg>/api</arg>
<doc>Sends a GET request on a previously created HTTP Session.</doc>
<status status="PASS" start="2024-07-12T03:17:34.928533" elapsed="0.069177"/>
</kw>
<kw name="Set Variable" owner="BuiltIn">
<msg time="2024-07-12T03:17:34.998718" level="INFO">${json_data} = {'results': [{'gender': 'female', 'name': {'title': 'Miss', 'first': 'Ester', 'last': 'Kuchma'}, 'location': {'street': {'number': 5199, 'name': 'Sakovicha'}, 'city': 'Bahmut', 'state': 'Hersonska', '...</msg>
<var>${json_data}</var>
<arg>${response.json()}</arg>
<doc>Returns the given values which can then be assigned to a variables.</doc>
<status status="PASS" start="2024-07-12T03:17:34.998207" elapsed="0.000541"/>
</kw>
<kw name="Log" owner="BuiltIn">
<msg time="2024-07-12T03:17:34.999268" level="INFO">{'results': [{'gender': 'female', 'name': {'title': 'Miss', 'first': 'Ester', 'last': 'Kuchma'}, 'location': {'street': {'number': 5199, 'name': 'Sakovicha'}, 'city': 'Bahmut', 'state': 'Hersonska', 'country': 'Ukraine', 'postcode': 34352, 'coordinates': {'latitude': '74.7068', 'longitude': '33.0049'}, 'timezone': {'offset': '-2:00', 'description': 'Mid-Atlantic'}}, 'email': 'ester.kuchma@example.com', 'login': {'uuid': '47268c0d-4602-4d95-b7ed-5d00eba9a100', 'username': 'smallgoose878', 'password': 'torino', 'salt': 'zci1KwED', 'md5': '55ce7db2106b916c3d9ae891a7d83c67', 'sha1': 'dda13f460e0864d1c1ea2dc1bc32de07a7b4e7c5', 'sha256': '33b630c8d0ee0ab9a53a6f941b1d87735cdf003dfcefab4f41fbdee006385203'}, 'dob': {'date': '1945-07-15T03:47:22.329Z', 'age': 78}, 'registered': {'date': '2002-10-31T15:19:42.472Z', 'age': 21}, 'phone': '(098) R66-1002', 'cell': '(067) Y04-8982', 'id': {'name': '', 'value': None}, 'picture': {'large': 'https://randomuser.me/api/portraits/women/88.jpg', 'medium': 'https://randomuser.me/api/portraits/med/women/88.jpg', 'thumbnail': 'https://randomuser.me/api/portraits/thumb/women/88.jpg'}, 'nat': 'UA'}], 'info': {'seed': '9ec56b08350bba6b', 'results': 1, 'page': 1, 'version': '1.4'}}</msg>
<arg>${json_data}</arg>
<doc>Logs the given message with the given level.</doc>
<status status="PASS" start="2024-07-12T03:17:34.999064" elapsed="0.000253"/>
</kw>
<kw name="Should Be String" owner="String">
<arg>${json_data['results'][0]['gender']}</arg>
<doc>Fails if the given ``item`` is not a string.</doc>
<status status="PASS" start="2024-07-12T03:17:34.999613" elapsed="0.000373"/>
</kw>
<kw name="Should Match Regexp" owner="BuiltIn">
<arg>${json_data['results'][0]['email']}</arg>
<arg>^[a-zA-Z0-9._%+-]+@[a-zA-Z0-9.-]+\.[a-zA-Z]{2,}$</arg>
<doc>Fails if ``string`` does not match ``pattern`` as a regular expression.</doc>
<status status="PASS" start="2024-07-12T03:17:35.000213" elapsed="0.000529"/>
</kw>
<kw name="Should Match Regexp" owner="BuiltIn">
<arg>${json_data['results'][0]['dob']['date']}</arg>
<arg>\\d{4}-\\d{2}-\\d{2}T\\d{2}:\\d{2}:\\d{2}\\.\\d{3}Z</arg>
<doc>Fails if ``string`` does not match ``pattern`` as a regular expression.</doc>
<status status="PASS" start="2024-07-12T03:17:35.000936" elapsed="0.000488"/>
</kw>
<kw name="Should Match Regexp" owner="BuiltIn">
<arg>${json_data['results'][0]['registered']['date']}</arg>
<arg>\\d{4}-\\d{2}-\\d{2}T\\d{2}:\\d{2}:\\d{2}\\.\\d{3}Z</arg>
<doc>Fails if ``string`` does not match ``pattern`` as a regular expression.</doc>
<status status="PASS" start="2024-07-12T03:17:35.001615" elapsed="0.000361"/>
</kw>
<kw name="Should Match Regexp" owner="BuiltIn">
<arg>${json_data['results'][0]['picture']['large']}</arg>
<arg>^https?://.*\.(?:png|jpe?g|gif|bmp)$</arg>
<doc>Fails if ``string`` does not match ``pattern`` as a regular expression.</doc>
<status status="PASS" start="2024-07-12T03:17:35.002162" elapsed="0.000459"/>
</kw>
<kw name="Should Match Regexp" owner="BuiltIn">
<arg>${json_data['results'][0]['picture']['medium']}</arg>
<arg>^https?://.*\.(?:png|jpe?g|gif|bmp)$</arg>
<doc>Fails if ``string`` does not match ``pattern`` as a regular expression.</doc>
<status status="PASS" start="2024-07-12T03:17:35.002806" elapsed="0.000378"/>
</kw>
<kw name="Should Match Regexp" owner="BuiltIn">
<arg>${json_data['results'][0]['picture']['thumbnail']}</arg>
<arg>^https?://.*\.(?:png|jpe?g|gif|bmp)$</arg>
<doc>Fails if ``string`` does not match ``pattern`` as a regular expression.</doc>
<status status="PASS" start="2024-07-12T03:17:35.003372" elapsed="0.000350"/>
</kw>
<kw name="Log" owner="BuiltIn">
<msg time="2024-07-12T03:17:35.004236" level="INFO">{'large': 'https://randomuser.me/api/portraits/women/88.jpg', 'medium': 'https://randomuser.me/api/portraits/med/women/88.jpg', 'thumbnail': 'https://randomuser.me/api/portraits/thumb/women/88.jpg'}</msg>
<arg>${json_data['results'][0]['picture']}</arg>
<doc>Logs the given message with the given level.</doc>
<status status="PASS" start="2024-07-12T03:17:35.003905" elapsed="0.000375"/>
</kw>
<status status="PASS" start="2024-07-12T03:17:34.928307" elapsed="0.076236"/>
</kw>
<kw name="Teste de Tipos de Dados - Postcode" owner="random-user-service">
<kw name="GET On Session" owner="RequestsLibrary">
<msg time="2024-07-12T03:17:35.104833" level="INFO">GET Request : url=https://randomuser.me/api 
 path_url=/api 
 headers={'User-Agent': 'python-requests/2.32.3', 'Accept-Encoding': 'gzip, deflate', 'Accept': '*/*', 'Connection': 'keep-alive'} 
 body=None 
 </msg>
<msg time="2024-07-12T03:17:35.104932" level="INFO">GET Response : url=https://randomuser.me/api 
 status=200, reason=OK 
 headers={'Date': 'Fri, 12 Jul 2024 03:17:35 GMT', 'Content-Type': 'application/json; charset=utf-8', 'Transfer-Encoding': 'chunked', 'Connection': 'keep-alive', 'X-Powered-By': 'Express', 'Access-Control-Allow-Origin': '*', 'Cache-Control': 'no-cache', 'ETag': 'W/"4b3-GNw966DW6Ku63JtMKrsKStRiEi8"', 'Vary': 'Accept-Encoding', 'Content-Encoding': 'gzip', 'CF-Cache-Status': 'DYNAMIC', 'Report-To': '{"endpoints":[{"url":"https:\\/\\/a.nel.cloudflare.com\\/report\\/v4?s=%2FxOOgYb%2BYrUXUOjq80MVz%2Fmbu0XHJZlA9XZpp3D0phgXFbH6W4ub8uwJhPmp8iEczWacZfswq07vMBvym7fKhyvv5I%2Bo3W4rxhnyyc6MIMj4Gj7tz1PYxjTRYNU06wpJ"}],"group":"cf-nel","max_age":604800}', 'NEL': '{"success_fraction":0,"report_to":"cf-nel","max_age":604800}', 'Server': 'cloudflare', 'CF-RAY': '8a1de18dc9d68764-ORD', 'alt-svc': 'h3=":443"; ma=86400'} 
 body={"results":[{"gender":"male","name":{"title":"Mr","first":"Valentino","last":"Quintanilla"},"location":{"street":{"number":2558,"name":"Circunvalación Sierra Leona"},"city":"Pihuamo","state":"Aguascalientes","country":"Mexico","postcode":61060,"coordinates":{"latitude":"29.7039","longitude":"-9.6148"},"timezone":{"offset":"+4:00","description":"Abu Dhabi, Muscat, Baku, Tbilisi"}},"email":"valentino.quintanilla@example.com","login":{"uuid":"fb946909-be47-4c34-ab6f-b615bd1cd938","username":"happyzebra754","password":"polska","salt":"R5rCWnqQ","md5":"62124030cf6b319a8c64b9c1f84408de","sha1":"7fe256a32d659d4ac21bccdb6badd65b07a2cf98","sha256":"5b66272f2e2c368502de25112b6b4fd03a44b756aa1dd76e95e11972baa611be"},"dob":{"date":"1966-05-09T00:58:27.893Z","age":58},"registered":{"date":"2003-11-10T15:22:01.525Z","age":20},"phone":"(678) 178 5254","cell":"(685) 461 8825","id":{"name":"NSS","value":"56 89 99 5798 3"},"picture":{"large":"https://randomuser.me/api/portraits/men/33.jpg","medium":"https://randomuser.me/api/portraits/med/men/33.jpg","thumbnail":"https://randomuser.me/api/portraits/thumb/men/33.jpg"},"nat":"MX"}],"info":{"seed":"d027423d1e4fdb5d","results":1,"page":1,"version":"1.4"}} 
 </msg>
<msg time="2024-07-12T03:17:35.105002" level="INFO">/opt/hostedtoolcache/Python/3.12.4/x64/lib/python3.12/site-packages/urllib3/connectionpool.py:1099: InsecureRequestWarning: Unverified HTTPS request is being made to host 'randomuser.me'. Adding certificate verification is strongly advised. See: https://urllib3.readthedocs.io/en/latest/advanced-usage.html#tls-warnings
  warnings.warn(</msg>
<msg time="2024-07-12T03:17:35.105140" level="INFO">${response} = &lt;Response [200]&gt;</msg>
<var>${response}</var>
<arg>consultarAPI</arg>
<arg>/api</arg>
<doc>Sends a GET request on a previously created HTTP Session.</doc>
<status status="PASS" start="2024-07-12T03:17:35.005004" elapsed="0.100179"/>
</kw>
<kw name="Set Variable" owner="BuiltIn">
<msg time="2024-07-12T03:17:35.106227" level="INFO">${json_data} = {'results': [{'gender': 'male', 'name': {'title': 'Mr', 'first': 'Valentino', 'last': 'Quintanilla'}, 'location': {'street': {'number': 2558, 'name': 'Circunvalación Sierra Leona'}, 'city': 'Pihuamo',...</msg>
<var>${json_data}</var>
<arg>${response.json()}</arg>
<doc>Returns the given values which can then be assigned to a variables.</doc>
<status status="PASS" start="2024-07-12T03:17:35.105705" elapsed="0.000557"/>
</kw>
<kw name="Log" owner="BuiltIn">
<msg time="2024-07-12T03:17:35.106735" level="INFO">{'results': [{'gender': 'male', 'name': {'title': 'Mr', 'first': 'Valentino', 'last': 'Quintanilla'}, 'location': {'street': {'number': 2558, 'name': 'Circunvalación Sierra Leona'}, 'city': 'Pihuamo', 'state': 'Aguascalientes', 'country': 'Mexico', 'postcode': 61060, 'coordinates': {'latitude': '29.7039', 'longitude': '-9.6148'}, 'timezone': {'offset': '+4:00', 'description': 'Abu Dhabi, Muscat, Baku, Tbilisi'}}, 'email': 'valentino.quintanilla@example.com', 'login': {'uuid': 'fb946909-be47-4c34-ab6f-b615bd1cd938', 'username': 'happyzebra754', 'password': 'polska', 'salt': 'R5rCWnqQ', 'md5': '62124030cf6b319a8c64b9c1f84408de', 'sha1': '7fe256a32d659d4ac21bccdb6badd65b07a2cf98', 'sha256': '5b66272f2e2c368502de25112b6b4fd03a44b756aa1dd76e95e11972baa611be'}, 'dob': {'date': '1966-05-09T00:58:27.893Z', 'age': 58}, 'registered': {'date': '2003-11-10T15:22:01.525Z', 'age': 20}, 'phone': '(678) 178 5254', 'cell': '(685) 461 8825', 'id': {'name': 'NSS', 'value': '56 89 99 5798 3'}, 'picture': {'large': 'https://randomuser.me/api/portraits/men/33.jpg', 'medium': 'https://randomuser.me/api/portraits/med/men/33.jpg', 'thumbnail': 'https://randomuser.me/api/portraits/thumb/men/33.jpg'}, 'nat': 'MX'}], 'info': {'seed': 'd027423d1e4fdb5d', 'results': 1, 'page': 1, 'version': '1.4'}}</msg>
<arg>${json_data}</arg>
<doc>Logs the given message with the given level.</doc>
<status status="PASS" start="2024-07-12T03:17:35.106571" elapsed="0.000215"/>
</kw>
<kw name="Should Be Equal As Numbers" owner="BuiltIn">
<arg>${json_data['results'][0]['location']['postcode']}</arg>
<arg>${json_data['results'][0]['location']['postcode']}</arg>
<doc>Fails if objects are unequal after converting them to real numbers.</doc>
<status status="PASS" start="2024-07-12T03:17:35.107079" elapsed="0.000679"/>
</kw>
<kw name="Log" owner="BuiltIn">
<msg time="2024-07-12T03:17:35.108494" level="INFO">61060</msg>
<arg>${json_data['results'][0]['location']['postcode']}</arg>
<doc>Logs the given message with the given level.</doc>
<status status="PASS" start="2024-07-12T03:17:35.107983" elapsed="0.000553"/>
</kw>
<status status="PASS" start="2024-07-12T03:17:35.004775" elapsed="0.104021"/>
</kw>
<doc>Testa se os tipos de dados na resposta da API estão corretos.</doc>
<tag>testeTiposDados</tag>
<status status="PASS" start="2024-07-12T03:17:34.927705" elapsed="0.181258"/>
</test>
<test id="s1-s1-t5" name="Validar conteudo" line="35">
<kw name="Teste de Tipos de Conteudo" owner="random-user-service">
<kw name="GET On Session" owner="RequestsLibrary">
<msg time="2024-07-12T03:17:35.215032" level="INFO">GET Request : url=https://randomuser.me/api 
 path_url=/api 
 headers={'User-Agent': 'python-requests/2.32.3', 'Accept-Encoding': 'gzip, deflate', 'Accept': '*/*', 'Connection': 'keep-alive'} 
 body=None 
 </msg>
<msg time="2024-07-12T03:17:35.215165" level="INFO">GET Response : url=https://randomuser.me/api 
 status=200, reason=OK 
 headers={'Date': 'Fri, 12 Jul 2024 03:17:35 GMT', 'Content-Type': 'application/json; charset=utf-8', 'Transfer-Encoding': 'chunked', 'Connection': 'keep-alive', 'X-Powered-By': 'Express', 'Access-Control-Allow-Origin': '*', 'Cache-Control': 'no-cache', 'ETag': 'W/"496-Q2P5Ds3X5TgHc+8SaTLOZz1u3Uw"', 'Vary': 'Accept-Encoding', 'Content-Encoding': 'gzip', 'CF-Cache-Status': 'DYNAMIC', 'Report-To': '{"endpoints":[{"url":"https:\\/\\/a.nel.cloudflare.com\\/report\\/v4?s=ZLMvvhX0FJB8KMxpW0%2FoDfCj0MQStDgLvHPWhWJM8PuihFaNDEHK3MUg27qB2Y8I%2BXScJuqPlp4FDcP0lbBfsTENaYfR95N3FdiSiIO687Qw9RDqz0vmuOlGbp%2FL1Df3"}],"group":"cf-nel","max_age":604800}', 'NEL': '{"success_fraction":0,"report_to":"cf-nel","max_age":604800}', 'Server': 'cloudflare', 'CF-RAY': '8a1de18e7aa98764-ORD', 'alt-svc': 'h3=":443"; ma=86400'} 
 body={"results":[{"gender":"male","name":{"title":"Mr","first":"Maximino","last":"Bravo"},"location":{"street":{"number":2415,"name":"Continuación Cedillo"},"city":"Naranjal","state":"Quintana Roo","country":"Mexico","postcode":21220,"coordinates":{"latitude":"27.6185","longitude":"-35.5821"},"timezone":{"offset":"+7:00","description":"Bangkok, Hanoi, Jakarta"}},"email":"maximino.bravo@example.com","login":{"uuid":"a1d368b1-a960-42be-8307-efd24d16a2d2","username":"angryladybug904","password":"chance","salt":"PMzclQ5I","md5":"bac509f76d96bbb5cfac368633149134","sha1":"dbe8ac0618f08077ba8298bfe490ed98745f38b9","sha256":"29502a20b898b33672b272f6127017989e58e6f55f83055acfe1ca9464f7141b"},"dob":{"date":"1999-11-13T22:03:35.700Z","age":24},"registered":{"date":"2019-01-03T21:53:32.821Z","age":5},"phone":"(628) 136 1810","cell":"(629) 808 0093","id":{"name":"NSS","value":"60 64 04 6102 4"},"picture":{"large":"https://randomuser.me/api/portraits/men/17.jpg","medium":"https://randomuser.me/api/portraits/med/men/17.jpg","thumbnail":"https://randomuser.me/api/portraits/thumb/men/17.jpg"},"nat":"MX"}],"info":{"seed":"de7110a83ad7ca84","results":1,"page":1,"version":"1.4"}} 
 </msg>
<msg time="2024-07-12T03:17:35.215242" level="INFO">/opt/hostedtoolcache/Python/3.12.4/x64/lib/python3.12/site-packages/urllib3/connectionpool.py:1099: InsecureRequestWarning: Unverified HTTPS request is being made to host 'randomuser.me'. Adding certificate verification is strongly advised. See: https://urllib3.readthedocs.io/en/latest/advanced-usage.html#tls-warnings
  warnings.warn(</msg>
<msg time="2024-07-12T03:17:35.215379" level="INFO">${response} = &lt;Response [200]&gt;</msg>
<var>${response}</var>
<arg>consultarAPI</arg>
<arg>/api</arg>
<doc>Sends a GET request on a previously created HTTP Session.</doc>
<status status="PASS" start="2024-07-12T03:17:35.111524" elapsed="0.103900"/>
</kw>
<kw name="Set Variable" owner="BuiltIn">
<msg time="2024-07-12T03:17:35.216441" level="INFO">${json_data} = {'results': [{'gender': 'male', 'name': {'title': 'Mr', 'first': 'Maximino', 'last': 'Bravo'}, 'location': {'street': {'number': 2415, 'name': 'Continuación Cedillo'}, 'city': 'Naranjal', 'state': 'Qu...</msg>
<var>${json_data}</var>
<arg>${response.json()}</arg>
<doc>Returns the given values which can then be assigned to a variables.</doc>
<status status="PASS" start="2024-07-12T03:17:35.215929" elapsed="0.000542"/>
</kw>
<kw name="Set Variable" owner="BuiltIn">
<msg time="2024-07-12T03:17:35.217163" level="INFO">${name_title} = Mr</msg>
<var>${name_title}</var>
<arg>${json_data["results"][0]["name"]["title"]}</arg>
<doc>Returns the given values which can then be assigned to a variables.</doc>
<status status="PASS" start="2024-07-12T03:17:35.216774" elapsed="0.000414"/>
</kw>
<kw name="Create List" owner="BuiltIn">
<msg time="2024-07-12T03:17:35.217630" level="INFO">${allowed_titles} = ['Mr', 'Ms', 'Miss', 'Mrs', 'Madame', 'Monsieur']</msg>
<var>${allowed_titles}</var>
<arg>Mr</arg>
<arg>Ms</arg>
<arg>Miss</arg>
<arg>Mrs</arg>
<arg>Madame</arg>
<arg>Monsieur</arg>
<doc>Returns a list containing given items.</doc>
<status status="PASS" start="2024-07-12T03:17:35.217481" elapsed="0.000173"/>
</kw>
<kw name="List Should Contain Value" owner="Collections">
<arg>${allowed_titles}</arg>
<arg>${name_title}</arg>
<doc>Fails if the ``value`` is not found from ``list``.</doc>
<status status="PASS" start="2024-07-12T03:17:35.217949" elapsed="0.000180"/>
</kw>
<kw name="Set Variable" owner="BuiltIn">
<msg time="2024-07-12T03:17:35.218675" level="INFO">${name_country} = MX</msg>
<var>${name_country}</var>
<arg>${json_data["results"][0]["nat"]}</arg>
<doc>Returns the given values which can then be assigned to a variables.</doc>
<status status="PASS" start="2024-07-12T03:17:35.218306" elapsed="0.000395"/>
</kw>
<kw name="Create List" owner="BuiltIn">
<msg time="2024-07-12T03:17:35.219621" level="INFO">${list_country} = ['AD', 'AE', 'AF', 'AG', 'AI', 'AL', 'AM', 'AO', 'AQ', 'AR', 'AS', 'AT', 'AU', 'AW', 'AX', 'AZ', 'BA', 'BB', 'BD', 'BE', 'BF', 'BG', 'BH', 'BI', 'BJ', 'BL', 'BM', 'BN', 'BO', 'BQ', 'BR', 'BS', 'BT', '...</msg>
<var>${list_country}</var>
<arg>AD</arg>
<arg>AE</arg>
<arg>AF</arg>
<arg>AG</arg>
<arg>AI</arg>
<arg>AL</arg>
<arg>AM</arg>
<arg>AO</arg>
<arg>AQ</arg>
<arg>AR</arg>
<arg>AS</arg>
<arg>AT</arg>
<arg>AU</arg>
<arg>AW</arg>
<arg>AX</arg>
<arg>AZ</arg>
<arg>BA</arg>
<arg>BB</arg>
<arg>BD</arg>
<arg>BE</arg>
<arg>BF</arg>
<arg>BG</arg>
<arg>BH</arg>
<arg>BI</arg>
<arg>BJ</arg>
<arg>BL</arg>
<arg>BM</arg>
<arg>BN</arg>
<arg>BO</arg>
<arg>BQ</arg>
<arg>BR</arg>
<arg>BS</arg>
<arg>BT</arg>
<arg>BV</arg>
<arg>BW</arg>
<arg>BY</arg>
<arg>BZ</arg>
<arg>CA</arg>
<arg>CC</arg>
<arg>CD</arg>
<arg>CF</arg>
<arg>CG</arg>
<arg>CH</arg>
<arg>CI</arg>
<arg>CK</arg>
<arg>CL</arg>
<arg>CM</arg>
<arg>CN</arg>
<arg>CO</arg>
<arg>CR</arg>
<arg>CU</arg>
<arg>CV</arg>
<arg>CW</arg>
<arg>CX</arg>
<arg>CY</arg>
<arg>CZ</arg>
<arg>DE</arg>
<arg>DJ</arg>
<arg>DK</arg>
<arg>DM</arg>
<arg>DO</arg>
<arg>DZ</arg>
<arg>EC</arg>
<arg>EE</arg>
<arg>EG</arg>
<arg>EH</arg>
<arg>ER</arg>
<arg>ES</arg>
<arg>ET</arg>
<arg>FI</arg>
<arg>FJ</arg>
<arg>FK</arg>
<arg>FM</arg>
<arg>FO</arg>
<arg>FR</arg>
<arg>GA</arg>
<arg>GB</arg>
<arg>GD</arg>
<arg>GE</arg>
<arg>GF</arg>
<arg>GG</arg>
<arg>GH</arg>
<arg>GI</arg>
<arg>GL</arg>
<arg>GM</arg>
<arg>GN</arg>
<arg>GP</arg>
<arg>GQ</arg>
<arg>GR</arg>
<arg>GS</arg>
<arg>GT</arg>
<arg>GU</arg>
<arg>GW</arg>
<arg>GY</arg>
<arg>HK</arg>
<arg>HM</arg>
<arg>HN</arg>
<arg>HR</arg>
<arg>HT</arg>
<arg>HU</arg>
<arg>ID</arg>
<arg>IE</arg>
<arg>IL</arg>
<arg>IM</arg>
<arg>IN</arg>
<arg>IO</arg>
<arg>IQ</arg>
<arg>IR</arg>
<arg>IS</arg>
<arg>IT</arg>
<arg>JE</arg>
<arg>JM</arg>
<arg>JO</arg>
<arg>JP</arg>
<arg>KE</arg>
<arg>KG</arg>
<arg>KH</arg>
<arg>KI</arg>
<arg>KM</arg>
<arg>KN</arg>
<arg>KP</arg>
<arg>KR</arg>
<arg>KW</arg>
<arg>KY</arg>
<arg>KZ</arg>
<arg>LA</arg>
<arg>LB</arg>
<arg>LC</arg>
<arg>LI</arg>
<arg>LK</arg>
<arg>LR</arg>
<arg>LS</arg>
<arg>LT</arg>
<arg>LU</arg>
<arg>LV</arg>
<arg>LY</arg>
<arg>MA</arg>
<arg>MC</arg>
<arg>MD</arg>
<arg>ME</arg>
<arg>MF</arg>
<arg>MG</arg>
<arg>MH</arg>
<arg>MK</arg>
<arg>ML</arg>
<arg>MM</arg>
<arg>MN</arg>
<arg>MO</arg>
<arg>MP</arg>
<arg>MQ</arg>
<arg>MR</arg>
<arg>MS</arg>
<arg>MT</arg>
<arg>MU</arg>
<arg>MV</arg>
<arg>MW</arg>
<arg>MX</arg>
<arg>MY</arg>
<arg>MZ</arg>
<arg>NA</arg>
<arg>NC</arg>
<arg>NE</arg>
<arg>NF</arg>
<arg>NG</arg>
<arg>NI</arg>
<arg>NL</arg>
<arg>NO</arg>
<arg>NP</arg>
<arg>NR</arg>
<arg>NU</arg>
<arg>NZ</arg>
<arg>OM</arg>
<arg>PA</arg>
<arg>PE</arg>
<arg>PF</arg>
<arg>PG</arg>
<arg>PH</arg>
<arg>PK</arg>
<arg>PL</arg>
<arg>PM</arg>
<arg>PN</arg>
<arg>PR</arg>
<arg>PS</arg>
<arg>PT</arg>
<arg>PW</arg>
<arg>PY</arg>
<arg>QA</arg>
<arg>RE</arg>
<arg>RO</arg>
<arg>RS</arg>
<arg>RU</arg>
<arg>RW</arg>
<arg>SA</arg>
<arg>SB</arg>
<arg>SC</arg>
<arg>SD</arg>
<arg>SE</arg>
<arg>SG</arg>
<arg>SH</arg>
<arg>SI</arg>
<arg>SJ</arg>
<arg>SK</arg>
<arg>SL</arg>
<arg>SM</arg>
<arg>SN</arg>
<arg>SO</arg>
<arg>SR</arg>
<arg>SS</arg>
<arg>ST</arg>
<arg>SV</arg>
<arg>SX</arg>
<arg>SY</arg>
<arg>SZ</arg>
<arg>TC</arg>
<arg>TD</arg>
<arg>TF</arg>
<arg>TG</arg>
<arg>TH</arg>
<arg>TJ</arg>
<arg>TK</arg>
<arg>TL</arg>
<arg>TM</arg>
<arg>TN</arg>
<arg>TO</arg>
<arg>TR</arg>
<arg>TT</arg>
<arg>TV</arg>
<arg>TW</arg>
<arg>TZ</arg>
<arg>UA</arg>
<arg>UG</arg>
<arg>UM</arg>
<arg>US</arg>
<arg>UY</arg>
<arg>UZ</arg>
<arg>VA</arg>
<arg>VC</arg>
<arg>VE</arg>
<arg>VG</arg>
<arg>VI</arg>
<arg>VN</arg>
<arg>VU</arg>
<arg>WF</arg>
<arg>WS</arg>
<arg>XK</arg>
<arg>YE</arg>
<arg>YT</arg>
<arg>ZA</arg>
<arg>ZM</arg>
<arg>ZW</arg>
<doc>Returns a list containing given items.</doc>
<status status="PASS" start="2024-07-12T03:17:35.218989" elapsed="0.000659"/>
</kw>
<kw name="List Should Contain Value" owner="Collections">
<arg>${list_country}</arg>
<arg>${name_country}</arg>
<doc>Fails if the ``value`` is not found from ``list``.</doc>
<status status="PASS" start="2024-07-12T03:17:35.220440" elapsed="0.000204"/>
</kw>
<kw name="Run Keyword If" owner="BuiltIn">
<kw name="Should Be True" owner="BuiltIn">
<arg>${True}</arg>
<doc>Fails if the given condition is not true.</doc>
<status status="PASS" start="2024-07-12T03:17:35.221588" elapsed="0.000144"/>
</kw>
<arg>${json_data["results"][0]["location"]["coordinates"]["latitude"]} &gt;= -90 and ${json_data["results"][0]["location"]["coordinates"]["latitude"]} &lt;= 90</arg>
<arg>Should Be True</arg>
<arg>${True}</arg>
<doc>Runs the given keyword with the given arguments, if ``condition`` is true.</doc>
<status status="PASS" start="2024-07-12T03:17:35.220842" elapsed="0.001016"/>
</kw>
<kw name="Run Keyword If" owner="BuiltIn">
<kw name="Should Be True" owner="BuiltIn">
<arg>${True}</arg>
<doc>Fails if the given condition is not true.</doc>
<status status="PASS" start="2024-07-12T03:17:35.222736" elapsed="0.000240"/>
</kw>
<arg>${json_data["results"][0]["location"]["coordinates"]["longitude"]} &gt;= -180 and ${json_data["results"][0]["location"]["coordinates"]["longitude"]} &lt;= 180</arg>
<arg>Should Be True</arg>
<arg>${True}</arg>
<doc>Runs the given keyword with the given arguments, if ``condition`` is true.</doc>
<status status="PASS" start="2024-07-12T03:17:35.222039" elapsed="0.001098"/>
</kw>
<status status="PASS" start="2024-07-12T03:17:35.111298" elapsed="0.111990"/>
</kw>
<doc>Testa o conteúdo específico dos campos retornados pela API.</doc>
<tag>testeConteudo</tag>
<status status="PASS" start="2024-07-12T03:17:35.110724" elapsed="0.112720"/>
</test>
<status status="PASS" start="2024-07-12T03:17:34.371242" elapsed="0.854240"/>
</suite>
<status status="PASS" start="2024-07-12T03:17:34.356820" elapsed="0.873808"/>
</suite>
<statistics>
<total>
<stat pass="5" fail="0" skip="0">All Tests</stat>
</total>
<tag>
<stat pass="1" fail="0" skip="0">testeConteudo</stat>
<stat pass="1" fail="0" skip="0">testeEstruturaResposta</stat>
<stat pass="1" fail="0" skip="0">testeRequisicaoBasica</stat>
<stat pass="1" fail="0" skip="0">testeTiposDados</stat>
</tag>
<suite>
<stat pass="5" fail="0" skip="0" id="s1" name="Tests">Tests</stat>
<stat pass="5" fail="0" skip="0" id="s1-s1" name="Random-User-Test">Tests.Random-User-Test</stat>
</suite>
</statistics>
<errors>
</errors>
</robot>
