<?xml version="1.0" encoding="UTF-8"?>
<robot generator="Robot 7.0.1 (Python 3.12.4 on linux)" generated="2024-07-09T22:15:17.304572" rpa="false" schemaversion="5">
<suite id="s1" name="Tests" source="/home/runner/work/ApiRandomUser/ApiRandomUser/RamdonUser/tests">
<suite id="s1-s1" name="Random-User-Test" source="/home/runner/work/ApiRandomUser/ApiRandomUser/RamdonUser/tests/random-user-test.robot">
<test id="s1-s1-t1" name="Conectar" line="13">
<kw name="Conectar API" owner="random-user-service">
<kw name="Create Session" owner="RequestsLibrary">
<msg time="2024-07-09T22:15:17.724631" level="INFO">Creating Session using : alias=consultarAPI, url=https://randomuser.me/, headers={},                     cookies={}, auth=None, timeout=None, proxies=None, verify=False,                     debug=0 </msg>
<arg>consultarAPI</arg>
<arg>${URL}</arg>
<doc>Create Session: create a HTTP session to a server</doc>
<status status="PASS" start="2024-07-09T22:15:17.724414" elapsed="0.000423"/>
</kw>
<status status="PASS" start="2024-07-09T22:15:17.723389" elapsed="0.001829"/>
</kw>
<status status="PASS" start="2024-07-09T22:15:17.722702" elapsed="0.002707"/>
</test>
<test id="s1-s1-t2" name="Validar retorno 200 e JSON Válido" line="16">
<kw name="Teste de Requisicao Basica" owner="random-user-service">
<kw name="GET On Session" owner="RequestsLibrary">
<msg time="2024-07-09T22:15:17.842091" level="INFO">GET Request : url=https://randomuser.me/api 
 path_url=/api 
 headers={'User-Agent': 'python-requests/2.32.3', 'Accept-Encoding': 'gzip, deflate', 'Accept': '*/*', 'Connection': 'keep-alive'} 
 body=None 
 </msg>
<msg time="2024-07-09T22:15:17.842293" level="INFO">GET Response : url=https://randomuser.me/api 
 status=200, reason=OK 
 headers={'Date': 'Tue, 09 Jul 2024 22:15:17 GMT', 'Content-Type': 'application/json; charset=utf-8', 'Transfer-Encoding': 'chunked', 'Connection': 'keep-alive', 'X-Powered-By': 'Express', 'Access-Control-Allow-Origin': '*', 'Cache-Control': 'no-cache', 'ETag': 'W/"480-p/VGn8qPiPz4c+9hBYMoIdd+WTs"', 'Vary': 'Accept-Encoding', 'Content-Encoding': 'gzip', 'CF-Cache-Status': 'DYNAMIC', 'Report-To': '{"endpoints":[{"url":"https:\\/\\/a.nel.cloudflare.com\\/report\\/v4?s=MOpIOKMmVgX%2FHVjuSAJ78ryk3sTT57102LOAaUsQKg1XreKIpNqhvSk44rgt2eskqHpqIOS%2BAsck%2Fgj3de6lvNn7B1Er3CxE9tziLfWLvjp2ZHHSG%2FmDLhwTgj5ZBY%2FD"}],"group":"cf-nel","max_age":604800}', 'NEL': '{"success_fraction":0,"report_to":"cf-nel","max_age":604800}', 'Server': 'cloudflare', 'CF-RAY': '8a0bac004fd13b5f-IAD', 'alt-svc': 'h3=":443"; ma=86400'} 
 body={"results":[{"gender":"male","name":{"title":"Mr","first":"Marvin","last":"Brugger"},"location":{"street":{"number":140,"name":"Waldstraße"},"city":"Gützkow","state":"Saarland","country":"Germany","postcode":18247,"coordinates":{"latitude":"-48.7924","longitude":"-35.6333"},"timezone":{"offset":"-2:00","description":"Mid-Atlantic"}},"email":"marvin.brugger@example.com","login":{"uuid":"a160f5b1-6322-4f20-bb84-529d75601a4c","username":"orangeelephant400","password":"research","salt":"zphk0jaT","md5":"e5e905405b4d863e3f8a9f321c06e1aa","sha1":"4fa2686cf34d7f597eefce7f9f058579d6bafbfb","sha256":"c1a29f5a9d6b43337aa607c6a67f0f85833781037947d8a3e12362a99bbd3660"},"dob":{"date":"1953-11-25T03:13:24.611Z","age":70},"registered":{"date":"2013-08-01T02:12:18.996Z","age":10},"phone":"0434-0062791","cell":"0173-4386070","id":{"name":"SVNR","value":"80 241153 B 065"},"picture":{"large":"https://randomuser.me/api/portraits/men/86.jpg","medium":"https://randomuser.me/api/portraits/med/men/86.jpg","thumbnail":"https://randomuser.me/api/portraits/thumb/men/86.jpg"},"nat":"DE"}],"info":{"seed":"ae44092428a2225c","results":1,"page":1,"version":"1.4"}} 
 </msg>
<msg time="2024-07-09T22:15:17.842383" level="INFO">/opt/hostedtoolcache/Python/3.12.4/x64/lib/python3.12/site-packages/urllib3/connectionpool.py:1099: InsecureRequestWarning: Unverified HTTPS request is being made to host 'randomuser.me'. Adding certificate verification is strongly advised. See: https://urllib3.readthedocs.io/en/latest/advanced-usage.html#tls-warnings
  warnings.warn(</msg>
<msg time="2024-07-09T22:15:17.842552" level="INFO">${response} = &lt;Response [200]&gt;</msg>
<var>${response}</var>
<arg>consultarAPI</arg>
<arg>/api</arg>
<doc>Sends a GET request on a previously created HTTP Session.</doc>
<status status="PASS" start="2024-07-09T22:15:17.728183" elapsed="0.114414"/>
</kw>
<kw name="Should Be Equal As Numbers" owner="BuiltIn">
<msg time="2024-07-09T22:15:17.843617" level="INFO">Argument types are:
&lt;class 'int'&gt;
&lt;class 'str'&gt;</msg>
<arg>${response.status_code}</arg>
<arg>200</arg>
<doc>Fails if objects are unequal after converting them to real numbers.</doc>
<status status="PASS" start="2024-07-09T22:15:17.843147" elapsed="0.000535"/>
</kw>
<kw name="Log" owner="BuiltIn">
<msg time="2024-07-09T22:15:17.844357" level="INFO">200</msg>
<arg>${response.status_code}</arg>
<doc>Logs the given message with the given level.</doc>
<status status="PASS" start="2024-07-09T22:15:17.844010" elapsed="0.000389"/>
</kw>
<kw name="Set Variable" owner="BuiltIn">
<msg time="2024-07-09T22:15:17.845157" level="INFO">${json_data} = {'results': [{'gender': 'male', 'name': {'title': 'Mr', 'first': 'Marvin', 'last': 'Brugger'}, 'location': {'street': {'number': 140, 'name': 'Waldstraße'}, 'city': 'Gützkow', 'state': 'Saarland', 'co...</msg>
<var>${json_data}</var>
<arg>${response.json()}</arg>
<doc>Returns the given values which can then be assigned to a variables.</doc>
<status status="PASS" start="2024-07-09T22:15:17.844705" elapsed="0.000482"/>
</kw>
<kw name="Dictionary Should Contain Key" owner="Collections">
<arg>${json_data}</arg>
<arg>results</arg>
<doc>Fails if ``key`` is not found from ``dictionary``.</doc>
<status status="PASS" start="2024-07-09T22:15:17.845488" elapsed="0.000166"/>
</kw>
<status status="PASS" start="2024-07-09T22:15:17.727922" elapsed="0.117894"/>
</kw>
<doc>Testa se a API responde corretamente e retorna um objeto JSON válido.</doc>
<tag>testeRequisicaoBasica</tag>
<status status="PASS" start="2024-07-09T22:15:17.727332" elapsed="0.118671"/>
</test>
<test id="s1-s1-t3" name="Validar estrutura de resposta" line="22">
<kw name="Teste de Estrutura de Resposta" owner="random-user-service">
<kw name="GET On Session" owner="RequestsLibrary">
<msg time="2024-07-09T22:15:17.950036" level="INFO">GET Request : url=https://randomuser.me/api 
 path_url=/api 
 headers={'User-Agent': 'python-requests/2.32.3', 'Accept-Encoding': 'gzip, deflate', 'Accept': '*/*', 'Connection': 'keep-alive'} 
 body=None 
 </msg>
<msg time="2024-07-09T22:15:17.950146" level="INFO">GET Response : url=https://randomuser.me/api 
 status=200, reason=OK 
 headers={'Date': 'Tue, 09 Jul 2024 22:15:17 GMT', 'Content-Type': 'application/json; charset=utf-8', 'Transfer-Encoding': 'chunked', 'Connection': 'keep-alive', 'X-Powered-By': 'Express', 'Access-Control-Allow-Origin': '*', 'Cache-Control': 'no-cache', 'ETag': 'W/"496-GUuOCjbgrMt1o78U2F3AVE68lyI"', 'Vary': 'Accept-Encoding', 'Content-Encoding': 'gzip', 'CF-Cache-Status': 'DYNAMIC', 'Report-To': '{"endpoints":[{"url":"https:\\/\\/a.nel.cloudflare.com\\/report\\/v4?s=130Xaj0vuTxz7znQ8yd%2Foj7Tjw1b%2Biu9dFw0MjalH7tzjBJ%2BedOyYtzgJs6OUh1YlVpFCMgEXI%2BGXuqp5HS9nQZ9IQywDBsxoOWiiFs%2BsOlaiGEg4MsRynB4Ye9Nq32M"}],"group":"cf-nel","max_age":604800}', 'NEL': '{"success_fraction":0,"report_to":"cf-nel","max_age":604800}', 'Server': 'cloudflare', 'CF-RAY': '8a0bac0098293b5f-IAD', 'alt-svc': 'h3=":443"; ma=86400'} 
 body={"results":[{"gender":"male","name":{"title":"Mr","first":"Jonas","last":"Morin"},"location":{"street":{"number":9123,"name":"Rue Victor-Hugo"},"city":"Fort-de-France","state":"Cher","country":"France","postcode":61233,"coordinates":{"latitude":"-13.8337","longitude":"-174.0339"},"timezone":{"offset":"-3:00","description":"Brazil, Buenos Aires, Georgetown"}},"email":"jonas.morin@example.com","login":{"uuid":"6b5ef529-6760-4518-b5fe-9f4a5ade2404","username":"yellowwolf638","password":"freedom","salt":"zBzcvhFC","md5":"3d1135c7948feef38ddb0ad2764b0f0d","sha1":"62cd6a4528dae5b444a72185067ef22c03a37cf0","sha256":"59c4fcafc5a30156f80e5eadbb66d025d336d603ac08066e24a3e864bceae60d"},"dob":{"date":"1999-12-12T02:10:34.258Z","age":24},"registered":{"date":"2008-04-05T18:42:38.027Z","age":16},"phone":"02-68-91-20-20","cell":"06-37-77-76-62","id":{"name":"INSEE","value":"1991100524758 40"},"picture":{"large":"https://randomuser.me/api/portraits/men/63.jpg","medium":"https://randomuser.me/api/portraits/med/men/63.jpg","thumbnail":"https://randomuser.me/api/portraits/thumb/men/63.jpg"},"nat":"FR"}],"info":{"seed":"6fdf6b0da093cde0","results":1,"page":1,"version":"1.4"}} 
 </msg>
<msg time="2024-07-09T22:15:17.950315" level="INFO">/opt/hostedtoolcache/Python/3.12.4/x64/lib/python3.12/site-packages/urllib3/connectionpool.py:1099: InsecureRequestWarning: Unverified HTTPS request is being made to host 'randomuser.me'. Adding certificate verification is strongly advised. See: https://urllib3.readthedocs.io/en/latest/advanced-usage.html#tls-warnings
  warnings.warn(</msg>
<msg time="2024-07-09T22:15:17.950470" level="INFO">${response} = &lt;Response [200]&gt;</msg>
<var>${response}</var>
<arg>consultarAPI</arg>
<arg>/api</arg>
<doc>Sends a GET request on a previously created HTTP Session.</doc>
<status status="PASS" start="2024-07-09T22:15:17.848752" elapsed="0.101760"/>
</kw>
<kw name="Set Variable" owner="BuiltIn">
<msg time="2024-07-09T22:15:17.951566" level="INFO">${json_data} = {'results': [{'gender': 'male', 'name': {'title': 'Mr', 'first': 'Jonas', 'last': 'Morin'}, 'location': {'street': {'number': 9123, 'name': 'Rue Victor-Hugo'}, 'city': 'Fort-de-France', 'state': 'Cher...</msg>
<var>${json_data}</var>
<arg>${response.json()}</arg>
<doc>Returns the given values which can then be assigned to a variables.</doc>
<status status="PASS" start="2024-07-09T22:15:17.951043" elapsed="0.000552"/>
</kw>
<kw name="Log" owner="BuiltIn">
<msg time="2024-07-09T22:15:17.952065" level="INFO">{'results': [{'gender': 'male', 'name': {'title': 'Mr', 'first': 'Jonas', 'last': 'Morin'}, 'location': {'street': {'number': 9123, 'name': 'Rue Victor-Hugo'}, 'city': 'Fort-de-France', 'state': 'Cher', 'country': 'France', 'postcode': 61233, 'coordinates': {'latitude': '-13.8337', 'longitude': '-174.0339'}, 'timezone': {'offset': '-3:00', 'description': 'Brazil, Buenos Aires, Georgetown'}}, 'email': 'jonas.morin@example.com', 'login': {'uuid': '6b5ef529-6760-4518-b5fe-9f4a5ade2404', 'username': 'yellowwolf638', 'password': 'freedom', 'salt': 'zBzcvhFC', 'md5': '3d1135c7948feef38ddb0ad2764b0f0d', 'sha1': '62cd6a4528dae5b444a72185067ef22c03a37cf0', 'sha256': '59c4fcafc5a30156f80e5eadbb66d025d336d603ac08066e24a3e864bceae60d'}, 'dob': {'date': '1999-12-12T02:10:34.258Z', 'age': 24}, 'registered': {'date': '2008-04-05T18:42:38.027Z', 'age': 16}, 'phone': '02-68-91-20-20', 'cell': '06-37-77-76-62', 'id': {'name': 'INSEE', 'value': '1991100524758 40'}, 'picture': {'large': 'https://randomuser.me/api/portraits/men/63.jpg', 'medium': 'https://randomuser.me/api/portraits/med/men/63.jpg', 'thumbnail': 'https://randomuser.me/api/portraits/thumb/men/63.jpg'}, 'nat': 'FR'}], 'info': {'seed': '6fdf6b0da093cde0', 'results': 1, 'page': 1, 'version': '1.4'}}</msg>
<arg>${json_data}</arg>
<doc>Logs the given message with the given level.</doc>
<status status="PASS" start="2024-07-09T22:15:17.951906" elapsed="0.000208"/>
</kw>
<kw name="Dictionary Should Contain Key" owner="Collections">
<arg>${json_data}</arg>
<arg>results</arg>
<doc>Fails if ``key`` is not found from ``dictionary``.</doc>
<status status="PASS" start="2024-07-09T22:15:17.952404" elapsed="0.000163"/>
</kw>
<kw name="Should Not Be Empty" owner="BuiltIn">
<msg time="2024-07-09T22:15:17.952885" level="INFO">Length is 2.</msg>
<arg>${json_data}</arg>
<doc>Verifies that the given item is not empty.</doc>
<status status="PASS" start="2024-07-09T22:15:17.952755" elapsed="0.000174"/>
</kw>
<kw name="Create List" owner="BuiltIn">
<msg time="2024-07-09T22:15:17.953367" level="INFO">${expected_keys} = ['gender', 'name', 'location', 'email', 'login']</msg>
<var>${expected_keys}</var>
<arg>gender</arg>
<arg>name</arg>
<arg>location</arg>
<arg>email</arg>
<arg>login</arg>
<doc>Returns a list containing given items.</doc>
<status status="PASS" start="2024-07-09T22:15:17.953222" elapsed="0.000168"/>
</kw>
<for flavor="IN">
<iter>
<kw name="Dictionary Should Contain Key" owner="Collections">
<arg>${json_data['results'][0]}</arg>
<arg>${key}</arg>
<doc>Fails if ``key`` is not found from ``dictionary``.</doc>
<status status="PASS" start="2024-07-09T22:15:17.954176" elapsed="0.000457"/>
</kw>
<kw name="Log" owner="BuiltIn">
<msg time="2024-07-09T22:15:17.955188" level="INFO">{'gender': 'male', 'name': {'title': 'Mr', 'first': 'Jonas', 'last': 'Morin'}, 'location': {'street': {'number': 9123, 'name': 'Rue Victor-Hugo'}, 'city': 'Fort-de-France', 'state': 'Cher', 'country': 'France', 'postcode': 61233, 'coordinates': {'latitude': '-13.8337', 'longitude': '-174.0339'}, 'timezone': {'offset': '-3:00', 'description': 'Brazil, Buenos Aires, Georgetown'}}, 'email': 'jonas.morin@example.com', 'login': {'uuid': '6b5ef529-6760-4518-b5fe-9f4a5ade2404', 'username': 'yellowwolf638', 'password': 'freedom', 'salt': 'zBzcvhFC', 'md5': '3d1135c7948feef38ddb0ad2764b0f0d', 'sha1': '62cd6a4528dae5b444a72185067ef22c03a37cf0', 'sha256': '59c4fcafc5a30156f80e5eadbb66d025d336d603ac08066e24a3e864bceae60d'}, 'dob': {'date': '1999-12-12T02:10:34.258Z', 'age': 24}, 'registered': {'date': '2008-04-05T18:42:38.027Z', 'age': 16}, 'phone': '02-68-91-20-20', 'cell': '06-37-77-76-62', 'id': {'name': 'INSEE', 'value': '1991100524758 40'}, 'picture': {'large': 'https://randomuser.me/api/portraits/men/63.jpg', 'medium': 'https://randomuser.me/api/portraits/med/men/63.jpg', 'thumbnail': 'https://randomuser.me/api/portraits/thumb/men/63.jpg'}, 'nat': 'FR'}</msg>
<arg>${json_data['results'][0]}</arg>
<doc>Logs the given message with the given level.</doc>
<status status="PASS" start="2024-07-09T22:15:17.954825" elapsed="0.000413"/>
</kw>
<kw name="Log" owner="BuiltIn">
<msg time="2024-07-09T22:15:17.955680" level="INFO">gender</msg>
<arg>${key}</arg>
<doc>Logs the given message with the given level.</doc>
<status status="PASS" start="2024-07-09T22:15:17.955552" elapsed="0.000168"/>
</kw>
<var name="${key}">gender</var>
<status status="PASS" start="2024-07-09T22:15:17.954044" elapsed="0.001895"/>
</iter>
<iter>
<kw name="Dictionary Should Contain Key" owner="Collections">
<arg>${json_data['results'][0]}</arg>
<arg>${key}</arg>
<doc>Fails if ``key`` is not found from ``dictionary``.</doc>
<status status="PASS" start="2024-07-09T22:15:17.956241" elapsed="0.000386"/>
</kw>
<kw name="Log" owner="BuiltIn">
<msg time="2024-07-09T22:15:17.957158" level="INFO">{'gender': 'male', 'name': {'title': 'Mr', 'first': 'Jonas', 'last': 'Morin'}, 'location': {'street': {'number': 9123, 'name': 'Rue Victor-Hugo'}, 'city': 'Fort-de-France', 'state': 'Cher', 'country': 'France', 'postcode': 61233, 'coordinates': {'latitude': '-13.8337', 'longitude': '-174.0339'}, 'timezone': {'offset': '-3:00', 'description': 'Brazil, Buenos Aires, Georgetown'}}, 'email': 'jonas.morin@example.com', 'login': {'uuid': '6b5ef529-6760-4518-b5fe-9f4a5ade2404', 'username': 'yellowwolf638', 'password': 'freedom', 'salt': 'zBzcvhFC', 'md5': '3d1135c7948feef38ddb0ad2764b0f0d', 'sha1': '62cd6a4528dae5b444a72185067ef22c03a37cf0', 'sha256': '59c4fcafc5a30156f80e5eadbb66d025d336d603ac08066e24a3e864bceae60d'}, 'dob': {'date': '1999-12-12T02:10:34.258Z', 'age': 24}, 'registered': {'date': '2008-04-05T18:42:38.027Z', 'age': 16}, 'phone': '02-68-91-20-20', 'cell': '06-37-77-76-62', 'id': {'name': 'INSEE', 'value': '1991100524758 40'}, 'picture': {'large': 'https://randomuser.me/api/portraits/men/63.jpg', 'medium': 'https://randomuser.me/api/portraits/med/men/63.jpg', 'thumbnail': 'https://randomuser.me/api/portraits/thumb/men/63.jpg'}, 'nat': 'FR'}</msg>
<arg>${json_data['results'][0]}</arg>
<doc>Logs the given message with the given level.</doc>
<status status="PASS" start="2024-07-09T22:15:17.956811" elapsed="0.000434"/>
</kw>
<kw name="Log" owner="BuiltIn">
<msg time="2024-07-09T22:15:17.957671" level="INFO">name</msg>
<arg>${key}</arg>
<doc>Logs the given message with the given level.</doc>
<status status="PASS" start="2024-07-09T22:15:17.957546" elapsed="0.000163"/>
</kw>
<var name="${key}">name</var>
<status status="PASS" start="2024-07-09T22:15:17.956129" elapsed="0.001806"/>
</iter>
<iter>
<kw name="Dictionary Should Contain Key" owner="Collections">
<arg>${json_data['results'][0]}</arg>
<arg>${key}</arg>
<doc>Fails if ``key`` is not found from ``dictionary``.</doc>
<status status="PASS" start="2024-07-09T22:15:17.958242" elapsed="0.000381"/>
</kw>
<kw name="Log" owner="BuiltIn">
<msg time="2024-07-09T22:15:17.959159" level="INFO">{'gender': 'male', 'name': {'title': 'Mr', 'first': 'Jonas', 'last': 'Morin'}, 'location': {'street': {'number': 9123, 'name': 'Rue Victor-Hugo'}, 'city': 'Fort-de-France', 'state': 'Cher', 'country': 'France', 'postcode': 61233, 'coordinates': {'latitude': '-13.8337', 'longitude': '-174.0339'}, 'timezone': {'offset': '-3:00', 'description': 'Brazil, Buenos Aires, Georgetown'}}, 'email': 'jonas.morin@example.com', 'login': {'uuid': '6b5ef529-6760-4518-b5fe-9f4a5ade2404', 'username': 'yellowwolf638', 'password': 'freedom', 'salt': 'zBzcvhFC', 'md5': '3d1135c7948feef38ddb0ad2764b0f0d', 'sha1': '62cd6a4528dae5b444a72185067ef22c03a37cf0', 'sha256': '59c4fcafc5a30156f80e5eadbb66d025d336d603ac08066e24a3e864bceae60d'}, 'dob': {'date': '1999-12-12T02:10:34.258Z', 'age': 24}, 'registered': {'date': '2008-04-05T18:42:38.027Z', 'age': 16}, 'phone': '02-68-91-20-20', 'cell': '06-37-77-76-62', 'id': {'name': 'INSEE', 'value': '1991100524758 40'}, 'picture': {'large': 'https://randomuser.me/api/portraits/men/63.jpg', 'medium': 'https://randomuser.me/api/portraits/med/men/63.jpg', 'thumbnail': 'https://randomuser.me/api/portraits/thumb/men/63.jpg'}, 'nat': 'FR'}</msg>
<arg>${json_data['results'][0]}</arg>
<doc>Logs the given message with the given level.</doc>
<status status="PASS" start="2024-07-09T22:15:17.958807" elapsed="0.000401"/>
</kw>
<kw name="Log" owner="BuiltIn">
<msg time="2024-07-09T22:15:17.959653" level="INFO">location</msg>
<arg>${key}</arg>
<doc>Logs the given message with the given level.</doc>
<status status="PASS" start="2024-07-09T22:15:17.959517" elapsed="0.000178"/>
</kw>
<var name="${key}">location</var>
<status status="PASS" start="2024-07-09T22:15:17.958112" elapsed="0.001815"/>
</iter>
<iter>
<kw name="Dictionary Should Contain Key" owner="Collections">
<arg>${json_data['results'][0]}</arg>
<arg>${key}</arg>
<doc>Fails if ``key`` is not found from ``dictionary``.</doc>
<status status="PASS" start="2024-07-09T22:15:17.960208" elapsed="0.000386"/>
</kw>
<kw name="Log" owner="BuiltIn">
<msg time="2024-07-09T22:15:17.961132" level="INFO">{'gender': 'male', 'name': {'title': 'Mr', 'first': 'Jonas', 'last': 'Morin'}, 'location': {'street': {'number': 9123, 'name': 'Rue Victor-Hugo'}, 'city': 'Fort-de-France', 'state': 'Cher', 'country': 'France', 'postcode': 61233, 'coordinates': {'latitude': '-13.8337', 'longitude': '-174.0339'}, 'timezone': {'offset': '-3:00', 'description': 'Brazil, Buenos Aires, Georgetown'}}, 'email': 'jonas.morin@example.com', 'login': {'uuid': '6b5ef529-6760-4518-b5fe-9f4a5ade2404', 'username': 'yellowwolf638', 'password': 'freedom', 'salt': 'zBzcvhFC', 'md5': '3d1135c7948feef38ddb0ad2764b0f0d', 'sha1': '62cd6a4528dae5b444a72185067ef22c03a37cf0', 'sha256': '59c4fcafc5a30156f80e5eadbb66d025d336d603ac08066e24a3e864bceae60d'}, 'dob': {'date': '1999-12-12T02:10:34.258Z', 'age': 24}, 'registered': {'date': '2008-04-05T18:42:38.027Z', 'age': 16}, 'phone': '02-68-91-20-20', 'cell': '06-37-77-76-62', 'id': {'name': 'INSEE', 'value': '1991100524758 40'}, 'picture': {'large': 'https://randomuser.me/api/portraits/men/63.jpg', 'medium': 'https://randomuser.me/api/portraits/med/men/63.jpg', 'thumbnail': 'https://randomuser.me/api/portraits/thumb/men/63.jpg'}, 'nat': 'FR'}</msg>
<arg>${json_data['results'][0]}</arg>
<doc>Logs the given message with the given level.</doc>
<status status="PASS" start="2024-07-09T22:15:17.960782" elapsed="0.000399"/>
</kw>
<kw name="Log" owner="BuiltIn">
<msg time="2024-07-09T22:15:17.961602" level="INFO">email</msg>
<arg>${key}</arg>
<doc>Logs the given message with the given level.</doc>
<status status="PASS" start="2024-07-09T22:15:17.961478" elapsed="0.000163"/>
</kw>
<var name="${key}">email</var>
<status status="PASS" start="2024-07-09T22:15:17.960099" elapsed="0.001752"/>
</iter>
<iter>
<kw name="Dictionary Should Contain Key" owner="Collections">
<arg>${json_data['results'][0]}</arg>
<arg>${key}</arg>
<doc>Fails if ``key`` is not found from ``dictionary``.</doc>
<status status="PASS" start="2024-07-09T22:15:17.962134" elapsed="0.000427"/>
</kw>
<kw name="Log" owner="BuiltIn">
<msg time="2024-07-09T22:15:17.963095" level="INFO">{'gender': 'male', 'name': {'title': 'Mr', 'first': 'Jonas', 'last': 'Morin'}, 'location': {'street': {'number': 9123, 'name': 'Rue Victor-Hugo'}, 'city': 'Fort-de-France', 'state': 'Cher', 'country': 'France', 'postcode': 61233, 'coordinates': {'latitude': '-13.8337', 'longitude': '-174.0339'}, 'timezone': {'offset': '-3:00', 'description': 'Brazil, Buenos Aires, Georgetown'}}, 'email': 'jonas.morin@example.com', 'login': {'uuid': '6b5ef529-6760-4518-b5fe-9f4a5ade2404', 'username': 'yellowwolf638', 'password': 'freedom', 'salt': 'zBzcvhFC', 'md5': '3d1135c7948feef38ddb0ad2764b0f0d', 'sha1': '62cd6a4528dae5b444a72185067ef22c03a37cf0', 'sha256': '59c4fcafc5a30156f80e5eadbb66d025d336d603ac08066e24a3e864bceae60d'}, 'dob': {'date': '1999-12-12T02:10:34.258Z', 'age': 24}, 'registered': {'date': '2008-04-05T18:42:38.027Z', 'age': 16}, 'phone': '02-68-91-20-20', 'cell': '06-37-77-76-62', 'id': {'name': 'INSEE', 'value': '1991100524758 40'}, 'picture': {'large': 'https://randomuser.me/api/portraits/men/63.jpg', 'medium': 'https://randomuser.me/api/portraits/med/men/63.jpg', 'thumbnail': 'https://randomuser.me/api/portraits/thumb/men/63.jpg'}, 'nat': 'FR'}</msg>
<arg>${json_data['results'][0]}</arg>
<doc>Logs the given message with the given level.</doc>
<status status="PASS" start="2024-07-09T22:15:17.962744" elapsed="0.000398"/>
</kw>
<kw name="Log" owner="BuiltIn">
<msg time="2024-07-09T22:15:17.963562" level="INFO">login</msg>
<arg>${key}</arg>
<doc>Logs the given message with the given level.</doc>
<status status="PASS" start="2024-07-09T22:15:17.963436" elapsed="0.000163"/>
</kw>
<var name="${key}">login</var>
<status status="PASS" start="2024-07-09T22:15:17.962023" elapsed="0.001794"/>
</iter>
<var>${key}</var>
<value>@{expected_keys}</value>
<status status="PASS" start="2024-07-09T22:15:17.953832" elapsed="0.010106"/>
</for>
<kw name="Create List" owner="BuiltIn">
<msg time="2024-07-09T22:15:17.964278" level="INFO">${expected_keysTwo} = ['username', 'password']</msg>
<var>${expected_keysTwo}</var>
<arg>username</arg>
<arg>password</arg>
<doc>Returns a list containing given items.</doc>
<status status="PASS" start="2024-07-09T22:15:17.964137" elapsed="0.000202"/>
</kw>
<for flavor="IN">
<iter>
<kw name="Dictionary Should Contain Key" owner="Collections">
<arg>${json_data['results'][0]['login']}</arg>
<arg>${keyTwo}</arg>
<doc>Fails if ``key`` is not found from ``dictionary``.</doc>
<status status="PASS" start="2024-07-09T22:15:17.964872" elapsed="0.000390"/>
</kw>
<kw name="Dictionary Should Contain Key" owner="Collections">
<arg>${json_data['results'][0]['login']}</arg>
<arg>${keyTwo}</arg>
<doc>Fails if ``key`` is not found from ``dictionary``.</doc>
<status status="PASS" start="2024-07-09T22:15:17.965443" elapsed="0.000373"/>
</kw>
<kw name="Log" owner="BuiltIn">
<msg time="2024-07-09T22:15:17.966123" level="INFO">username</msg>
<arg>${keyTwo}</arg>
<doc>Logs the given message with the given level.</doc>
<status status="PASS" start="2024-07-09T22:15:17.966002" elapsed="0.000158"/>
</kw>
<var name="${keyTwo}">username</var>
<status status="PASS" start="2024-07-09T22:15:17.964763" elapsed="0.001647"/>
</iter>
<iter>
<kw name="Dictionary Should Contain Key" owner="Collections">
<arg>${json_data['results'][0]['login']}</arg>
<arg>${keyTwo}</arg>
<doc>Fails if ``key`` is not found from ``dictionary``.</doc>
<status status="PASS" start="2024-07-09T22:15:17.966690" elapsed="0.000384"/>
</kw>
<kw name="Dictionary Should Contain Key" owner="Collections">
<arg>${json_data['results'][0]['login']}</arg>
<arg>${keyTwo}</arg>
<doc>Fails if ``key`` is not found from ``dictionary``.</doc>
<status status="PASS" start="2024-07-09T22:15:17.967253" elapsed="0.000365"/>
</kw>
<kw name="Log" owner="BuiltIn">
<msg time="2024-07-09T22:15:17.967911" level="INFO">password</msg>
<arg>${keyTwo}</arg>
<doc>Logs the given message with the given level.</doc>
<status status="PASS" start="2024-07-09T22:15:17.967795" elapsed="0.000159"/>
</kw>
<var name="${keyTwo}">password</var>
<status status="PASS" start="2024-07-09T22:15:17.966582" elapsed="0.001590"/>
</iter>
<var>${keyTwo}</var>
<value>@{expected_keysTwo}</value>
<status status="PASS" start="2024-07-09T22:15:17.964606" elapsed="0.003685"/>
</for>
<status status="PASS" start="2024-07-09T22:15:17.848513" elapsed="0.119923"/>
</kw>
<doc>Testa a estrutura da resposta da API.</doc>
<tag>testeEstruturaResposta</tag>
<status status="PASS" start="2024-07-09T22:15:17.847901" elapsed="0.120696"/>
</test>
<test id="s1-s1-t4" name="Validar tipos de dados" line="28">
<kw name="Teste de Tipos de Dados" owner="random-user-service">
<kw name="GET On Session" owner="RequestsLibrary">
<msg time="2024-07-09T22:15:18.042941" level="INFO">GET Request : url=https://randomuser.me/api 
 path_url=/api 
 headers={'User-Agent': 'python-requests/2.32.3', 'Accept-Encoding': 'gzip, deflate', 'Accept': '*/*', 'Connection': 'keep-alive'} 
 body=None 
 </msg>
<msg time="2024-07-09T22:15:18.043044" level="INFO">GET Response : url=https://randomuser.me/api 
 status=200, reason=OK 
 headers={'Date': 'Tue, 09 Jul 2024 22:15:18 GMT', 'Content-Type': 'application/json; charset=utf-8', 'Transfer-Encoding': 'chunked', 'Connection': 'keep-alive', 'X-Powered-By': 'Express', 'Access-Control-Allow-Origin': '*', 'Cache-Control': 'no-cache', 'ETag': 'W/"491-IT1tbEkxRPG8WiIKmpPcymOLAzg"', 'Vary': 'Accept-Encoding', 'Content-Encoding': 'gzip', 'CF-Cache-Status': 'DYNAMIC', 'Report-To': '{"endpoints":[{"url":"https:\\/\\/a.nel.cloudflare.com\\/report\\/v4?s=5dfGDXqB0DpgMR1jvPJSsWn9DaQAknOJhl5r6dIoJ3NQ1PKGmyla25MJWFyhedXpnCK0DUDDSZWns6r9EsrDYj%2F6Z3Pl5nEh5YsllJSpNiQau8fHDIJs1lXJg58Nzwga"}],"group":"cf-nel","max_age":604800}', 'NEL': '{"success_fraction":0,"report_to":"cf-nel","max_age":604800}', 'Server': 'cloudflare', 'CF-RAY': '8a0bac01590b3b5f-IAD', 'alt-svc': 'h3=":443"; ma=86400'} 
 body={"results":[{"gender":"male","name":{"title":"Mr","first":"Clinton","last":"Palmer"},"location":{"street":{"number":4458,"name":"W Dallas St"},"city":"Sunshine Coast","state":"Western Australia","country":"Australia","postcode":4459,"coordinates":{"latitude":"-82.0373","longitude":"-55.6043"},"timezone":{"offset":"-12:00","description":"Eniwetok, Kwajalein"}},"email":"clinton.palmer@example.com","login":{"uuid":"3a07ece9-9390-4ab5-bda3-4a3d70d304cf","username":"purpleelephant368","password":"stephan","salt":"KmLbPTun","md5":"6d62a7268ff52ea0b6091a026cdea534","sha1":"042495b646f139d7a988c3070219ea311b41c550","sha256":"c07c159b10af8ae134a073e3e1427d77e45bdc620e5eec309996061cd0af0c51"},"dob":{"date":"1983-07-24T17:03:13.706Z","age":40},"registered":{"date":"2006-12-12T05:37:32.169Z","age":17},"phone":"04-0810-2797","cell":"0454-784-920","id":{"name":"TFN","value":"065569939"},"picture":{"large":"https://randomuser.me/api/portraits/men/86.jpg","medium":"https://randomuser.me/api/portraits/med/men/86.jpg","thumbnail":"https://randomuser.me/api/portraits/thumb/men/86.jpg"},"nat":"AU"}],"info":{"seed":"2aa55b0797031dac","results":1,"page":1,"version":"1.4"}} 
 </msg>
<msg time="2024-07-09T22:15:18.043116" level="INFO">/opt/hostedtoolcache/Python/3.12.4/x64/lib/python3.12/site-packages/urllib3/connectionpool.py:1099: InsecureRequestWarning: Unverified HTTPS request is being made to host 'randomuser.me'. Adding certificate verification is strongly advised. See: https://urllib3.readthedocs.io/en/latest/advanced-usage.html#tls-warnings
  warnings.warn(</msg>
<msg time="2024-07-09T22:15:18.043257" level="INFO">${response} = &lt;Response [200]&gt;</msg>
<var>${response}</var>
<arg>consultarAPI</arg>
<arg>/api</arg>
<doc>Sends a GET request on a previously created HTTP Session.</doc>
<status status="PASS" start="2024-07-09T22:15:17.971265" elapsed="0.072035"/>
</kw>
<kw name="Set Variable" owner="BuiltIn">
<msg time="2024-07-09T22:15:18.044397" level="INFO">${json_data} = {'results': [{'gender': 'male', 'name': {'title': 'Mr', 'first': 'Clinton', 'last': 'Palmer'}, 'location': {'street': {'number': 4458, 'name': 'W Dallas St'}, 'city': 'Sunshine Coast', 'state': 'Weste...</msg>
<var>${json_data}</var>
<arg>${response.json()}</arg>
<doc>Returns the given values which can then be assigned to a variables.</doc>
<status status="PASS" start="2024-07-09T22:15:18.043859" elapsed="0.000567"/>
</kw>
<kw name="Log" owner="BuiltIn">
<msg time="2024-07-09T22:15:18.044900" level="INFO">{'results': [{'gender': 'male', 'name': {'title': 'Mr', 'first': 'Clinton', 'last': 'Palmer'}, 'location': {'street': {'number': 4458, 'name': 'W Dallas St'}, 'city': 'Sunshine Coast', 'state': 'Western Australia', 'country': 'Australia', 'postcode': 4459, 'coordinates': {'latitude': '-82.0373', 'longitude': '-55.6043'}, 'timezone': {'offset': '-12:00', 'description': 'Eniwetok, Kwajalein'}}, 'email': 'clinton.palmer@example.com', 'login': {'uuid': '3a07ece9-9390-4ab5-bda3-4a3d70d304cf', 'username': 'purpleelephant368', 'password': 'stephan', 'salt': 'KmLbPTun', 'md5': '6d62a7268ff52ea0b6091a026cdea534', 'sha1': '042495b646f139d7a988c3070219ea311b41c550', 'sha256': 'c07c159b10af8ae134a073e3e1427d77e45bdc620e5eec309996061cd0af0c51'}, 'dob': {'date': '1983-07-24T17:03:13.706Z', 'age': 40}, 'registered': {'date': '2006-12-12T05:37:32.169Z', 'age': 17}, 'phone': '04-0810-2797', 'cell': '0454-784-920', 'id': {'name': 'TFN', 'value': '065569939'}, 'picture': {'large': 'https://randomuser.me/api/portraits/men/86.jpg', 'medium': 'https://randomuser.me/api/portraits/med/men/86.jpg', 'thumbnail': 'https://randomuser.me/api/portraits/thumb/men/86.jpg'}, 'nat': 'AU'}], 'info': {'seed': '2aa55b0797031dac', 'results': 1, 'page': 1, 'version': '1.4'}}</msg>
<arg>${json_data}</arg>
<doc>Logs the given message with the given level.</doc>
<status status="PASS" start="2024-07-09T22:15:18.044743" elapsed="0.000208"/>
</kw>
<kw name="Should Be String" owner="String">
<arg>${json_data['results'][0]['gender']}</arg>
<doc>Fails if the given ``item`` is not a string.</doc>
<status status="PASS" start="2024-07-09T22:15:18.045249" elapsed="0.000379"/>
</kw>
<kw name="Should Match Regexp" owner="BuiltIn">
<arg>${json_data['results'][0]['email']}</arg>
<arg>^[a-zA-Z0-9._%+-]+@[a-zA-Z0-9.-]+\.[a-zA-Z]{2,}$</arg>
<doc>Fails if ``string`` does not match ``pattern`` as a regular expression.</doc>
<status status="PASS" start="2024-07-09T22:15:18.045818" elapsed="0.000596"/>
</kw>
<kw name="Should Match Regexp" owner="BuiltIn">
<arg>${json_data['results'][0]['dob']['date']}</arg>
<arg>\\d{4}-\\d{2}-\\d{2}T\\d{2}:\\d{2}:\\d{2}\\.\\d{3}Z</arg>
<doc>Fails if ``string`` does not match ``pattern`` as a regular expression.</doc>
<status status="PASS" start="2024-07-09T22:15:18.046611" elapsed="0.000492"/>
</kw>
<kw name="Should Match Regexp" owner="BuiltIn">
<arg>${json_data['results'][0]['registered']['date']}</arg>
<arg>\\d{4}-\\d{2}-\\d{2}T\\d{2}:\\d{2}:\\d{2}\\.\\d{3}Z</arg>
<doc>Fails if ``string`` does not match ``pattern`` as a regular expression.</doc>
<status status="PASS" start="2024-07-09T22:15:18.047296" elapsed="0.000366"/>
</kw>
<kw name="Should Match Regexp" owner="BuiltIn">
<arg>${json_data['results'][0]['picture']['large']}</arg>
<arg>^https?://.*\.(?:png|jpe?g|gif|bmp)$</arg>
<doc>Fails if ``string`` does not match ``pattern`` as a regular expression.</doc>
<status status="PASS" start="2024-07-09T22:15:18.047844" elapsed="0.000453"/>
</kw>
<kw name="Should Match Regexp" owner="BuiltIn">
<arg>${json_data['results'][0]['picture']['medium']}</arg>
<arg>^https?://.*\.(?:png|jpe?g|gif|bmp)$</arg>
<doc>Fails if ``string`` does not match ``pattern`` as a regular expression.</doc>
<status status="PASS" start="2024-07-09T22:15:18.048485" elapsed="0.000348"/>
</kw>
<kw name="Should Match Regexp" owner="BuiltIn">
<arg>${json_data['results'][0]['picture']['thumbnail']}</arg>
<arg>^https?://.*\.(?:png|jpe?g|gif|bmp)$</arg>
<doc>Fails if ``string`` does not match ``pattern`` as a regular expression.</doc>
<status status="PASS" start="2024-07-09T22:15:18.049017" elapsed="0.000344"/>
</kw>
<kw name="Log" owner="BuiltIn">
<msg time="2024-07-09T22:15:18.049883" level="INFO">{'large': 'https://randomuser.me/api/portraits/men/86.jpg', 'medium': 'https://randomuser.me/api/portraits/med/men/86.jpg', 'thumbnail': 'https://randomuser.me/api/portraits/thumb/men/86.jpg'}</msg>
<arg>${json_data['results'][0]['picture']}</arg>
<doc>Logs the given message with the given level.</doc>
<status status="PASS" start="2024-07-09T22:15:18.049548" elapsed="0.000378"/>
</kw>
<status status="PASS" start="2024-07-09T22:15:17.971026" elapsed="0.079216"/>
</kw>
<kw name="Teste de Tipos de Dados - Postcode" owner="random-user-service">
<kw name="GET On Session" owner="RequestsLibrary">
<msg time="2024-07-09T22:15:18.146275" level="INFO">GET Request : url=https://randomuser.me/api 
 path_url=/api 
 headers={'User-Agent': 'python-requests/2.32.3', 'Accept-Encoding': 'gzip, deflate', 'Accept': '*/*', 'Connection': 'keep-alive'} 
 body=None 
 </msg>
<msg time="2024-07-09T22:15:18.146382" level="INFO">GET Response : url=https://randomuser.me/api 
 status=200, reason=OK 
 headers={'Date': 'Tue, 09 Jul 2024 22:15:18 GMT', 'Content-Type': 'application/json; charset=utf-8', 'Transfer-Encoding': 'chunked', 'Connection': 'keep-alive', 'X-Powered-By': 'Express', 'Access-Control-Allow-Origin': '*', 'Cache-Control': 'no-cache', 'ETag': 'W/"47b-c7sZT5MVKsmfbsVSQiTAY0XEui4"', 'Vary': 'Accept-Encoding', 'Content-Encoding': 'gzip', 'CF-Cache-Status': 'DYNAMIC', 'Report-To': '{"endpoints":[{"url":"https:\\/\\/a.nel.cloudflare.com\\/report\\/v4?s=MXAjLMceQRUGALFf%2FXiKpLz1j6wbUCwyJpoB1eD%2Fz3OJt8R6GUBdrECRSMUosT3uJ3fjfCohEltOEsjIN%2BOm0Ark%2BYCx5udqVhvMTIOkbGKPXe50Fv2aq13T1rY2%2F37X"}],"group":"cf-nel","max_age":604800}', 'NEL': '{"success_fraction":0,"report_to":"cf-nel","max_age":604800}', 'Server': 'cloudflare', 'CF-RAY': '8a0bac01d98f3b5f-IAD', 'alt-svc': 'h3=":443"; ma=86400'} 
 body={"results":[{"gender":"male","name":{"title":"Mr","first":"Darsh","last":"Adiga"},"location":{"street":{"number":9598,"name":"Coaker's Walk"},"city":"Naihati","state":"Tripura","country":"India","postcode":34609,"coordinates":{"latitude":"10.0375","longitude":"-61.8292"},"timezone":{"offset":"+7:00","description":"Bangkok, Hanoi, Jakarta"}},"email":"darsh.adiga@example.com","login":{"uuid":"40cf3ae4-add8-443a-9bf9-8115b4a5d351","username":"whitemeercat577","password":"radiohea","salt":"OZ1FrnOJ","md5":"aac738561cff53b1e3e14cc091edd100","sha1":"1f937b47992ea1b9cb4a1c40c14b759e22f3a05b","sha256":"d930a0d270b806d9d924ccb296858b56becfa8704c00b90aec512a1989e8ddb6"},"dob":{"date":"1951-09-13T06:06:13.470Z","age":72},"registered":{"date":"2004-06-24T08:34:29.583Z","age":20},"phone":"9263823079","cell":"7155448374","id":{"name":"UIDAI","value":"146779785198"},"picture":{"large":"https://randomuser.me/api/portraits/men/37.jpg","medium":"https://randomuser.me/api/portraits/med/men/37.jpg","thumbnail":"https://randomuser.me/api/portraits/thumb/men/37.jpg"},"nat":"IN"}],"info":{"seed":"76f0745f7ebabd63","results":1,"page":1,"version":"1.4"}} 
 </msg>
<msg time="2024-07-09T22:15:18.146454" level="INFO">/opt/hostedtoolcache/Python/3.12.4/x64/lib/python3.12/site-packages/urllib3/connectionpool.py:1099: InsecureRequestWarning: Unverified HTTPS request is being made to host 'randomuser.me'. Adding certificate verification is strongly advised. See: https://urllib3.readthedocs.io/en/latest/advanced-usage.html#tls-warnings
  warnings.warn(</msg>
<msg time="2024-07-09T22:15:18.146596" level="INFO">${response} = &lt;Response [200]&gt;</msg>
<var>${response}</var>
<arg>consultarAPI</arg>
<arg>/api</arg>
<doc>Sends a GET request on a previously created HTTP Session.</doc>
<status status="PASS" start="2024-07-09T22:15:18.050720" elapsed="0.095917"/>
</kw>
<kw name="Set Variable" owner="BuiltIn">
<msg time="2024-07-09T22:15:18.147756" level="INFO">${json_data} = {'results': [{'gender': 'male', 'name': {'title': 'Mr', 'first': 'Darsh', 'last': 'Adiga'}, 'location': {'street': {'number': 9598, 'name': "Coaker's Walk"}, 'city': 'Naihati', 'state': 'Tripura', 'co...</msg>
<var>${json_data}</var>
<arg>${response.json()}</arg>
<doc>Returns the given values which can then be assigned to a variables.</doc>
<status status="PASS" start="2024-07-09T22:15:18.147209" elapsed="0.000578"/>
</kw>
<kw name="Log" owner="BuiltIn">
<msg time="2024-07-09T22:15:18.148293" level="INFO">{'results': [{'gender': 'male', 'name': {'title': 'Mr', 'first': 'Darsh', 'last': 'Adiga'}, 'location': {'street': {'number': 9598, 'name': "Coaker's Walk"}, 'city': 'Naihati', 'state': 'Tripura', 'country': 'India', 'postcode': 34609, 'coordinates': {'latitude': '10.0375', 'longitude': '-61.8292'}, 'timezone': {'offset': '+7:00', 'description': 'Bangkok, Hanoi, Jakarta'}}, 'email': 'darsh.adiga@example.com', 'login': {'uuid': '40cf3ae4-add8-443a-9bf9-8115b4a5d351', 'username': 'whitemeercat577', 'password': 'radiohea', 'salt': 'OZ1FrnOJ', 'md5': 'aac738561cff53b1e3e14cc091edd100', 'sha1': '1f937b47992ea1b9cb4a1c40c14b759e22f3a05b', 'sha256': 'd930a0d270b806d9d924ccb296858b56becfa8704c00b90aec512a1989e8ddb6'}, 'dob': {'date': '1951-09-13T06:06:13.470Z', 'age': 72}, 'registered': {'date': '2004-06-24T08:34:29.583Z', 'age': 20}, 'phone': '9263823079', 'cell': '7155448374', 'id': {'name': 'UIDAI', 'value': '146779785198'}, 'picture': {'large': 'https://randomuser.me/api/portraits/men/37.jpg', 'medium': 'https://randomuser.me/api/portraits/med/men/37.jpg', 'thumbnail': 'https://randomuser.me/api/portraits/thumb/men/37.jpg'}, 'nat': 'IN'}], 'info': {'seed': '76f0745f7ebabd63', 'results': 1, 'page': 1, 'version': '1.4'}}</msg>
<arg>${json_data}</arg>
<doc>Logs the given message with the given level.</doc>
<status status="PASS" start="2024-07-09T22:15:18.148127" elapsed="0.000216"/>
</kw>
<kw name="Should Be Equal As Numbers" owner="BuiltIn">
<arg>${json_data['results'][0]['location']['postcode']}</arg>
<arg>${json_data['results'][0]['location']['postcode']}</arg>
<doc>Fails if objects are unequal after converting them to real numbers.</doc>
<status status="PASS" start="2024-07-09T22:15:18.148664" elapsed="0.000635"/>
</kw>
<kw name="Log" owner="BuiltIn">
<msg time="2024-07-09T22:15:18.149827" level="INFO">34609</msg>
<arg>${json_data['results'][0]['location']['postcode']}</arg>
<doc>Logs the given message with the given level.</doc>
<status status="PASS" start="2024-07-09T22:15:18.149493" elapsed="0.000375"/>
</kw>
<status status="PASS" start="2024-07-09T22:15:18.050483" elapsed="0.099675"/>
</kw>
<doc>Testa se os tipos de dados na resposta da API estão corretos.</doc>
<tag>testeTiposDados</tag>
<status status="PASS" start="2024-07-09T22:15:17.970420" elapsed="0.179955"/>
</test>
<test id="s1-s1-t5" name="Validar conteudo" line="35">
<kw name="Teste de Tipos de Conteudo" owner="random-user-service">
<kw name="GET On Session" owner="RequestsLibrary">
<msg time="2024-07-09T22:15:18.242578" level="INFO">GET Request : url=https://randomuser.me/api 
 path_url=/api 
 headers={'User-Agent': 'python-requests/2.32.3', 'Accept-Encoding': 'gzip, deflate', 'Accept': '*/*', 'Connection': 'keep-alive'} 
 body=None 
 </msg>
<msg time="2024-07-09T22:15:18.242681" level="INFO">GET Response : url=https://randomuser.me/api 
 status=200, reason=OK 
 headers={'Date': 'Tue, 09 Jul 2024 22:15:18 GMT', 'Content-Type': 'application/json; charset=utf-8', 'Transfer-Encoding': 'chunked', 'Connection': 'keep-alive', 'X-Powered-By': 'Express', 'Access-Control-Allow-Origin': '*', 'Cache-Control': 'no-cache', 'ETag': 'W/"486-cXe6YeQ1E1KOqpPyS7K7TXbGz5s"', 'Vary': 'Accept-Encoding', 'Content-Encoding': 'gzip', 'CF-Cache-Status': 'DYNAMIC', 'Report-To': '{"endpoints":[{"url":"https:\\/\\/a.nel.cloudflare.com\\/report\\/v4?s=%2BhwXru%2B01%2BZVfN1zGQfUW5hSanwQE4jCPsYF4f9RaJdLbEhfBRlMd%2FxY%2FyNF2AYiarcaLE7JDpsBizpfMDnxSl7MwtI2fptTshximr00aEg0dnFFK280gG%2BY6aVLd0FR"}],"group":"cf-nel","max_age":604800}', 'NEL': '{"success_fraction":0,"report_to":"cf-nel","max_age":604800}', 'Server': 'cloudflare', 'CF-RAY': '8a0bac027a303b5f-IAD', 'alt-svc': 'h3=":443"; ma=86400'} 
 body={"results":[{"gender":"female","name":{"title":"Miss","first":"Ayşe","last":"Erberk"},"location":{"street":{"number":7114,"name":"Anafartalar Cd"},"city":"Çorum","state":"Yalova","country":"Turkey","postcode":93260,"coordinates":{"latitude":"64.3933","longitude":"27.4036"},"timezone":{"offset":"+9:00","description":"Tokyo, Seoul, Osaka, Sapporo, Yakutsk"}},"email":"ayse.erberk@example.com","login":{"uuid":"052eb13f-e72b-437d-ba40-36af909aa6a5","username":"angryduck438","password":"dandfa","salt":"EkRmC1DN","md5":"36b850783c26cfa4c2254194a244055b","sha1":"b61c444c994a88c1df972a11ccd88886ad610b5d","sha256":"6cd0c6d0915fbe82418fad9cd2b47c20651604497130187f24fd76bcaa5a1332"},"dob":{"date":"1982-04-05T02:48:29.483Z","age":42},"registered":{"date":"2022-01-29T11:19:25.887Z","age":2},"phone":"(066)-636-3142","cell":"(964)-472-0563","id":{"name":"","value":null},"picture":{"large":"https://randomuser.me/api/portraits/women/58.jpg","medium":"https://randomuser.me/api/portraits/med/women/58.jpg","thumbnail":"https://randomuser.me/api/portraits/thumb/women/58.jpg"},"nat":"TR"}],"info":{"seed":"eaaeaca75896cf02","results":1,"page":1,"version":"1.4"}} 
 </msg>
<msg time="2024-07-09T22:15:18.242773" level="INFO">/opt/hostedtoolcache/Python/3.12.4/x64/lib/python3.12/site-packages/urllib3/connectionpool.py:1099: InsecureRequestWarning: Unverified HTTPS request is being made to host 'randomuser.me'. Adding certificate verification is strongly advised. See: https://urllib3.readthedocs.io/en/latest/advanced-usage.html#tls-warnings
  warnings.warn(</msg>
<msg time="2024-07-09T22:15:18.242916" level="INFO">${response} = &lt;Response [200]&gt;</msg>
<var>${response}</var>
<arg>consultarAPI</arg>
<arg>/api</arg>
<doc>Sends a GET request on a previously created HTTP Session.</doc>
<status status="PASS" start="2024-07-09T22:15:18.153241" elapsed="0.089720"/>
</kw>
<kw name="Set Variable" owner="BuiltIn">
<msg time="2024-07-09T22:15:18.244085" level="INFO">${json_data} = {'results': [{'gender': 'female', 'name': {'title': 'Miss', 'first': 'Ayşe', 'last': 'Erberk'}, 'location': {'street': {'number': 7114, 'name': 'Anafartalar Cd'}, 'city': 'Çorum', 'state': 'Yalova', '...</msg>
<var>${json_data}</var>
<arg>${response.json()}</arg>
<doc>Returns the given values which can then be assigned to a variables.</doc>
<status status="PASS" start="2024-07-09T22:15:18.243545" elapsed="0.000572"/>
</kw>
<kw name="Set Variable" owner="BuiltIn">
<msg time="2024-07-09T22:15:18.244824" level="INFO">${name_title} = Miss</msg>
<var>${name_title}</var>
<arg>${json_data["results"][0]["name"]["title"]}</arg>
<doc>Returns the given values which can then be assigned to a variables.</doc>
<status status="PASS" start="2024-07-09T22:15:18.244432" elapsed="0.000418"/>
</kw>
<kw name="Create List" owner="BuiltIn">
<msg time="2024-07-09T22:15:18.245294" level="INFO">${allowed_titles} = ['Mr', 'Ms', 'Miss', 'Mrs', 'Madame', 'Monsieur']</msg>
<var>${allowed_titles}</var>
<arg>Mr</arg>
<arg>Ms</arg>
<arg>Miss</arg>
<arg>Mrs</arg>
<arg>Madame</arg>
<arg>Monsieur</arg>
<doc>Returns a list containing given items.</doc>
<status status="PASS" start="2024-07-09T22:15:18.245146" elapsed="0.000172"/>
</kw>
<kw name="List Should Contain Value" owner="Collections">
<arg>${allowed_titles}</arg>
<arg>${name_title}</arg>
<doc>Fails if the ``value`` is not found from ``list``.</doc>
<status status="PASS" start="2024-07-09T22:15:18.245612" elapsed="0.000176"/>
</kw>
<kw name="Set Variable" owner="BuiltIn">
<msg time="2024-07-09T22:15:18.246383" level="INFO">${name_country} = TR</msg>
<var>${name_country}</var>
<arg>${json_data["results"][0]["nat"]}</arg>
<doc>Returns the given values which can then be assigned to a variables.</doc>
<status status="PASS" start="2024-07-09T22:15:18.245964" elapsed="0.000445"/>
</kw>
<kw name="Create List" owner="BuiltIn">
<msg time="2024-07-09T22:15:18.247353" level="INFO">${list_country} = ['AD', 'AE', 'AF', 'AG', 'AI', 'AL', 'AM', 'AO', 'AQ', 'AR', 'AS', 'AT', 'AU', 'AW', 'AX', 'AZ', 'BA', 'BB', 'BD', 'BE', 'BF', 'BG', 'BH', 'BI', 'BJ', 'BL', 'BM', 'BN', 'BO', 'BQ', 'BR', 'BS', 'BT', '...</msg>
<var>${list_country}</var>
<arg>AD</arg>
<arg>AE</arg>
<arg>AF</arg>
<arg>AG</arg>
<arg>AI</arg>
<arg>AL</arg>
<arg>AM</arg>
<arg>AO</arg>
<arg>AQ</arg>
<arg>AR</arg>
<arg>AS</arg>
<arg>AT</arg>
<arg>AU</arg>
<arg>AW</arg>
<arg>AX</arg>
<arg>AZ</arg>
<arg>BA</arg>
<arg>BB</arg>
<arg>BD</arg>
<arg>BE</arg>
<arg>BF</arg>
<arg>BG</arg>
<arg>BH</arg>
<arg>BI</arg>
<arg>BJ</arg>
<arg>BL</arg>
<arg>BM</arg>
<arg>BN</arg>
<arg>BO</arg>
<arg>BQ</arg>
<arg>BR</arg>
<arg>BS</arg>
<arg>BT</arg>
<arg>BV</arg>
<arg>BW</arg>
<arg>BY</arg>
<arg>BZ</arg>
<arg>CA</arg>
<arg>CC</arg>
<arg>CD</arg>
<arg>CF</arg>
<arg>CG</arg>
<arg>CH</arg>
<arg>CI</arg>
<arg>CK</arg>
<arg>CL</arg>
<arg>CM</arg>
<arg>CN</arg>
<arg>CO</arg>
<arg>CR</arg>
<arg>CU</arg>
<arg>CV</arg>
<arg>CW</arg>
<arg>CX</arg>
<arg>CY</arg>
<arg>CZ</arg>
<arg>DE</arg>
<arg>DJ</arg>
<arg>DK</arg>
<arg>DM</arg>
<arg>DO</arg>
<arg>DZ</arg>
<arg>EC</arg>
<arg>EE</arg>
<arg>EG</arg>
<arg>EH</arg>
<arg>ER</arg>
<arg>ES</arg>
<arg>ET</arg>
<arg>FI</arg>
<arg>FJ</arg>
<arg>FK</arg>
<arg>FM</arg>
<arg>FO</arg>
<arg>FR</arg>
<arg>GA</arg>
<arg>GB</arg>
<arg>GD</arg>
<arg>GE</arg>
<arg>GF</arg>
<arg>GG</arg>
<arg>GH</arg>
<arg>GI</arg>
<arg>GL</arg>
<arg>GM</arg>
<arg>GN</arg>
<arg>GP</arg>
<arg>GQ</arg>
<arg>GR</arg>
<arg>GS</arg>
<arg>GT</arg>
<arg>GU</arg>
<arg>GW</arg>
<arg>GY</arg>
<arg>HK</arg>
<arg>HM</arg>
<arg>HN</arg>
<arg>HR</arg>
<arg>HT</arg>
<arg>HU</arg>
<arg>ID</arg>
<arg>IE</arg>
<arg>IL</arg>
<arg>IM</arg>
<arg>IN</arg>
<arg>IO</arg>
<arg>IQ</arg>
<arg>IR</arg>
<arg>IS</arg>
<arg>IT</arg>
<arg>JE</arg>
<arg>JM</arg>
<arg>JO</arg>
<arg>JP</arg>
<arg>KE</arg>
<arg>KG</arg>
<arg>KH</arg>
<arg>KI</arg>
<arg>KM</arg>
<arg>KN</arg>
<arg>KP</arg>
<arg>KR</arg>
<arg>KW</arg>
<arg>KY</arg>
<arg>KZ</arg>
<arg>LA</arg>
<arg>LB</arg>
<arg>LC</arg>
<arg>LI</arg>
<arg>LK</arg>
<arg>LR</arg>
<arg>LS</arg>
<arg>LT</arg>
<arg>LU</arg>
<arg>LV</arg>
<arg>LY</arg>
<arg>MA</arg>
<arg>MC</arg>
<arg>MD</arg>
<arg>ME</arg>
<arg>MF</arg>
<arg>MG</arg>
<arg>MH</arg>
<arg>MK</arg>
<arg>ML</arg>
<arg>MM</arg>
<arg>MN</arg>
<arg>MO</arg>
<arg>MP</arg>
<arg>MQ</arg>
<arg>MR</arg>
<arg>MS</arg>
<arg>MT</arg>
<arg>MU</arg>
<arg>MV</arg>
<arg>MW</arg>
<arg>MX</arg>
<arg>MY</arg>
<arg>MZ</arg>
<arg>NA</arg>
<arg>NC</arg>
<arg>NE</arg>
<arg>NF</arg>
<arg>NG</arg>
<arg>NI</arg>
<arg>NL</arg>
<arg>NO</arg>
<arg>NP</arg>
<arg>NR</arg>
<arg>NU</arg>
<arg>NZ</arg>
<arg>OM</arg>
<arg>PA</arg>
<arg>PE</arg>
<arg>PF</arg>
<arg>PG</arg>
<arg>PH</arg>
<arg>PK</arg>
<arg>PL</arg>
<arg>PM</arg>
<arg>PN</arg>
<arg>PR</arg>
<arg>PS</arg>
<arg>PT</arg>
<arg>PW</arg>
<arg>PY</arg>
<arg>QA</arg>
<arg>RE</arg>
<arg>RO</arg>
<arg>RS</arg>
<arg>RU</arg>
<arg>RW</arg>
<arg>SA</arg>
<arg>SB</arg>
<arg>SC</arg>
<arg>SD</arg>
<arg>SE</arg>
<arg>SG</arg>
<arg>SH</arg>
<arg>SI</arg>
<arg>SJ</arg>
<arg>SK</arg>
<arg>SL</arg>
<arg>SM</arg>
<arg>SN</arg>
<arg>SO</arg>
<arg>SR</arg>
<arg>SS</arg>
<arg>ST</arg>
<arg>SV</arg>
<arg>SX</arg>
<arg>SY</arg>
<arg>SZ</arg>
<arg>TC</arg>
<arg>TD</arg>
<arg>TF</arg>
<arg>TG</arg>
<arg>TH</arg>
<arg>TJ</arg>
<arg>TK</arg>
<arg>TL</arg>
<arg>TM</arg>
<arg>TN</arg>
<arg>TO</arg>
<arg>TR</arg>
<arg>TT</arg>
<arg>TV</arg>
<arg>TW</arg>
<arg>TZ</arg>
<arg>UA</arg>
<arg>UG</arg>
<arg>UM</arg>
<arg>US</arg>
<arg>UY</arg>
<arg>UZ</arg>
<arg>VA</arg>
<arg>VC</arg>
<arg>VE</arg>
<arg>VG</arg>
<arg>VI</arg>
<arg>VN</arg>
<arg>VU</arg>
<arg>WF</arg>
<arg>WS</arg>
<arg>XK</arg>
<arg>YE</arg>
<arg>YT</arg>
<arg>ZA</arg>
<arg>ZM</arg>
<arg>ZW</arg>
<doc>Returns a list containing given items.</doc>
<status status="PASS" start="2024-07-09T22:15:18.246755" elapsed="0.000626"/>
</kw>
<kw name="List Should Contain Value" owner="Collections">
<arg>${list_country}</arg>
<arg>${name_country}</arg>
<doc>Fails if the ``value`` is not found from ``list``.</doc>
<status status="PASS" start="2024-07-09T22:15:18.248178" elapsed="0.000206"/>
</kw>
<kw name="Run Keyword If" owner="BuiltIn">
<kw name="Should Be True" owner="BuiltIn">
<arg>${True}</arg>
<doc>Fails if the given condition is not true.</doc>
<status status="PASS" start="2024-07-09T22:15:18.249338" elapsed="0.000141"/>
</kw>
<arg>${json_data["results"][0]["location"]["coordinates"]["latitude"]} &gt;= -90 and ${json_data["results"][0]["location"]["coordinates"]["latitude"]} &lt;= 90</arg>
<arg>Should Be True</arg>
<arg>${True}</arg>
<doc>Runs the given keyword with the given arguments, if ``condition`` is true.</doc>
<status status="PASS" start="2024-07-09T22:15:18.248579" elapsed="0.001025"/>
</kw>
<kw name="Run Keyword If" owner="BuiltIn">
<kw name="Should Be True" owner="BuiltIn">
<arg>${True}</arg>
<doc>Fails if the given condition is not true.</doc>
<status status="PASS" start="2024-07-09T22:15:18.250518" elapsed="0.000138"/>
</kw>
<arg>${json_data["results"][0]["location"]["coordinates"]["longitude"]} &gt;= -180 and ${json_data["results"][0]["location"]["coordinates"]["longitude"]} &lt;= 180</arg>
<arg>Should Be True</arg>
<arg>${True}</arg>
<doc>Runs the given keyword with the given arguments, if ``condition`` is true.</doc>
<status status="PASS" start="2024-07-09T22:15:18.249783" elapsed="0.000996"/>
</kw>
<status status="PASS" start="2024-07-09T22:15:18.152774" elapsed="0.098139"/>
</kw>
<doc>Testa o conteúdo específico dos campos retornados pela API.</doc>
<tag>testeConteudo</tag>
<status status="PASS" start="2024-07-09T22:15:18.152230" elapsed="0.098837"/>
</test>
<status status="PASS" start="2024-07-09T22:15:17.365959" elapsed="0.887072"/>
</suite>
<status status="PASS" start="2024-07-09T22:15:17.351015" elapsed="0.907345"/>
</suite>
<statistics>
<total>
<stat pass="5" fail="0" skip="0">All Tests</stat>
</total>
<tag>
<stat pass="1" fail="0" skip="0">testeConteudo</stat>
<stat pass="1" fail="0" skip="0">testeEstruturaResposta</stat>
<stat pass="1" fail="0" skip="0">testeRequisicaoBasica</stat>
<stat pass="1" fail="0" skip="0">testeTiposDados</stat>
</tag>
<suite>
<stat pass="5" fail="0" skip="0" id="s1" name="Tests">Tests</stat>
<stat pass="5" fail="0" skip="0" id="s1-s1" name="Random-User-Test">Tests.Random-User-Test</stat>
</suite>
</statistics>
<errors>
</errors>
</robot>
