<?xml version="1.0" encoding="UTF-8"?>
<robot generator="Robot 7.0.1 (Python 3.12.4 on linux)" generated="2024-07-16T11:13:31.144534" rpa="false" schemaversion="5">
<suite id="s1" name="Tests" source="/home/runner/work/ApiRandomUser/ApiRandomUser/RamdonUser/tests">
<suite id="s1-s1" name="Random-User-Test" source="/home/runner/work/ApiRandomUser/ApiRandomUser/RamdonUser/tests/random-user-test.robot">
<test id="s1-s1-t1" name="Conectar" line="13">
<kw name="Conectar API" owner="random-user-service">
<kw name="Create Session" owner="RequestsLibrary">
<msg time="2024-07-16T11:13:31.558448" level="INFO">Creating Session using : alias=consultarAPI, url=https://randomuser.me/, headers={},                     cookies={}, auth=None, timeout=None, proxies=None, verify=False,                     debug=0 </msg>
<arg>consultarAPI</arg>
<arg>${URL}</arg>
<doc>Create Session: create a HTTP session to a server</doc>
<status status="PASS" start="2024-07-16T11:13:31.558221" elapsed="0.000424"/>
</kw>
<status status="PASS" start="2024-07-16T11:13:31.557137" elapsed="0.001879"/>
</kw>
<status status="PASS" start="2024-07-16T11:13:31.556419" elapsed="0.002790"/>
</test>
<test id="s1-s1-t2" name="Validar retorno 200 e JSON Válido" line="16">
<kw name="Teste de Requisicao Basica" owner="random-user-service">
<kw name="GET On Session" owner="RequestsLibrary">
<msg time="2024-07-16T11:13:31.639142" level="INFO">GET Request : url=https://randomuser.me/api 
 path_url=/api 
 headers={'User-Agent': 'python-requests/2.32.3', 'Accept-Encoding': 'gzip, deflate', 'Accept': '*/*', 'Connection': 'keep-alive'} 
 body=None 
 </msg>
<msg time="2024-07-16T11:13:31.639282" level="INFO">GET Response : url=https://randomuser.me/api 
 status=200, reason=OK 
 headers={'Date': 'Tue, 16 Jul 2024 11:13:31 GMT', 'Content-Type': 'application/json; charset=utf-8', 'Transfer-Encoding': 'chunked', 'Connection': 'keep-alive', 'X-Powered-By': 'Express', 'Access-Control-Allow-Origin': '*', 'Cache-Control': 'no-cache', 'ETag': 'W/"476-RqSsHnA2OJXsTY3eBHJ9MoKaYW4"', 'Vary': 'Accept-Encoding', 'Content-Encoding': 'gzip', 'CF-Cache-Status': 'DYNAMIC', 'Report-To': '{"endpoints":[{"url":"https:\\/\\/a.nel.cloudflare.com\\/report\\/v4?s=ZESlcNUPpUOjzYE8SeeWPzFG7HzahzuKmLDBHCNyoEqhGP1F7bFjoOLQ3EkmgprjU3KBJPjQM%2F55hvLQlV%2BzrSK9gOC%2FrutyFzC9n9QNX%2FLMBqpLmokShfTVQJbk7iKe"}],"group":"cf-nel","max_age":604800}', 'NEL': '{"success_fraction":0,"report_to":"cf-nel","max_age":604800}', 'Server': 'cloudflare', 'CF-RAY': '8a41903c7c2239b0-IAD', 'alt-svc': 'h3=":443"; ma=86400'} 
 body={"results":[{"gender":"female","name":{"title":"Mrs","first":"Layla","last":"Turner"},"location":{"street":{"number":8824,"name":"Carrington Road"},"city":"Timaru","state":"Northland","country":"New Zealand","postcode":18966,"coordinates":{"latitude":"50.9103","longitude":"13.7149"},"timezone":{"offset":"+4:30","description":"Kabul"}},"email":"layla.turner@example.com","login":{"uuid":"8c7ae1c8-1014-418d-abad-91015e424f45","username":"ticklishmeercat208","password":"olivia","salt":"bgqfHZAS","md5":"ba39f1828ef54e183e3d93a423b9bf9f","sha1":"22dcb3de7f10b5ce352172c7da6a3879f47eec9a","sha256":"c7db8a1ca6927d92383445da1be3428f9558a4be2c905cec19856a609293b648"},"dob":{"date":"1945-01-05T14:33:48.247Z","age":79},"registered":{"date":"2004-02-29T23:31:30.728Z","age":20},"phone":"(921)-292-3020","cell":"(498)-367-9236","id":{"name":"","value":null},"picture":{"large":"https://randomuser.me/api/portraits/women/33.jpg","medium":"https://randomuser.me/api/portraits/med/women/33.jpg","thumbnail":"https://randomuser.me/api/portraits/thumb/women/33.jpg"},"nat":"NZ"}],"info":{"seed":"de0d5e658b0decfc","results":1,"page":1,"version":"1.4"}} 
 </msg>
<msg time="2024-07-16T11:13:31.639362" level="INFO">/opt/hostedtoolcache/Python/3.12.4/x64/lib/python3.12/site-packages/urllib3/connectionpool.py:1099: InsecureRequestWarning: Unverified HTTPS request is being made to host 'randomuser.me'. Adding certificate verification is strongly advised. See: https://urllib3.readthedocs.io/en/latest/advanced-usage.html#tls-warnings
  warnings.warn(</msg>
<msg time="2024-07-16T11:13:31.639512" level="INFO">${response} = &lt;Response [200]&gt;</msg>
<var>${response}</var>
<arg>consultarAPI</arg>
<arg>/api</arg>
<doc>Sends a GET request on a previously created HTTP Session.</doc>
<status status="PASS" start="2024-07-16T11:13:31.561939" elapsed="0.077620"/>
</kw>
<kw name="Should Be Equal As Numbers" owner="BuiltIn">
<msg time="2024-07-16T11:13:31.640703" level="INFO">Argument types are:
&lt;class 'int'&gt;
&lt;class 'str'&gt;</msg>
<arg>${response.status_code}</arg>
<arg>200</arg>
<doc>Fails if objects are unequal after converting them to real numbers.</doc>
<status status="PASS" start="2024-07-16T11:13:31.640196" elapsed="0.000582"/>
</kw>
<kw name="Log" owner="BuiltIn">
<msg time="2024-07-16T11:13:31.641464" level="INFO">200</msg>
<arg>${response.status_code}</arg>
<doc>Logs the given message with the given level.</doc>
<status status="PASS" start="2024-07-16T11:13:31.641106" elapsed="0.000402"/>
</kw>
<kw name="Set Variable" owner="BuiltIn">
<msg time="2024-07-16T11:13:31.642255" level="INFO">${json_data} = {'results': [{'gender': 'female', 'name': {'title': 'Mrs', 'first': 'Layla', 'last': 'Turner'}, 'location': {'street': {'number': 8824, 'name': 'Carrington Road'}, 'city': 'Timaru', 'state': 'Northlan...</msg>
<var>${json_data}</var>
<arg>${response.json()}</arg>
<doc>Returns the given values which can then be assigned to a variables.</doc>
<status status="PASS" start="2024-07-16T11:13:31.641817" elapsed="0.000466"/>
</kw>
<kw name="Dictionary Should Contain Key" owner="Collections">
<arg>${json_data}</arg>
<arg>results</arg>
<doc>Fails if ``key`` is not found from ``dictionary``.</doc>
<status status="PASS" start="2024-07-16T11:13:31.642585" elapsed="0.000167"/>
</kw>
<status status="PASS" start="2024-07-16T11:13:31.561686" elapsed="0.081217"/>
</kw>
<doc>Testa se a API responde corretamente e retorna um objeto JSON válido.</doc>
<tag>testeRequisicaoBasica</tag>
<status status="PASS" start="2024-07-16T11:13:31.561150" elapsed="0.081938"/>
</test>
<test id="s1-s1-t3" name="Validar estrutura de resposta" line="22">
<kw name="Teste de Estrutura de Resposta" owner="random-user-service">
<kw name="GET On Session" owner="RequestsLibrary">
<msg time="2024-07-16T11:13:31.731202" level="INFO">GET Request : url=https://randomuser.me/api 
 path_url=/api 
 headers={'User-Agent': 'python-requests/2.32.3', 'Accept-Encoding': 'gzip, deflate', 'Accept': '*/*', 'Connection': 'keep-alive'} 
 body=None 
 </msg>
<msg time="2024-07-16T11:13:31.731299" level="INFO">GET Response : url=https://randomuser.me/api 
 status=200, reason=OK 
 headers={'Date': 'Tue, 16 Jul 2024 11:13:31 GMT', 'Content-Type': 'application/json; charset=utf-8', 'Transfer-Encoding': 'chunked', 'Connection': 'keep-alive', 'X-Powered-By': 'Express', 'Access-Control-Allow-Origin': '*', 'Cache-Control': 'no-cache', 'ETag': 'W/"465-RtZAD1FztCPKiIUMhQZ8CSSIXJo"', 'Vary': 'Accept-Encoding', 'Content-Encoding': 'gzip', 'CF-Cache-Status': 'DYNAMIC', 'Report-To': '{"endpoints":[{"url":"https:\\/\\/a.nel.cloudflare.com\\/report\\/v4?s=9OLIBRrnnS1G2kNUY%2FKe8zKpbkJ8HzLhgYBt4fI%2Fr2NwKJsx65gELDm6y1dsOvQ0TReysGCiqVLd2OWW57FhXVsHpCmAIi2nhZ8ZX7vwCUMO3Od0RoGmTwRe2IByVfi7"}],"group":"cf-nel","max_age":604800}', 'NEL': '{"success_fraction":0,"report_to":"cf-nel","max_age":604800}', 'Server': 'cloudflare', 'CF-RAY': '8a41903ccc7a39b0-IAD', 'alt-svc': 'h3=":443"; ma=86400'} 
 body={"results":[{"gender":"male","name":{"title":"Mr","first":"Akhil","last":"Taj"},"location":{"street":{"number":7222,"name":"Rajpur Rd"},"city":"Panihati","state":"Chandigarh","country":"India","postcode":21024,"coordinates":{"latitude":"7.9677","longitude":"-175.4310"},"timezone":{"offset":"-10:00","description":"Hawaii"}},"email":"akhil.taj@example.com","login":{"uuid":"1f1bbb21-89c9-4937-984c-d0c58f119ab9","username":"goldenpeacock833","password":"kisses","salt":"FMVIMoDe","md5":"bcf2f1ba560ebdafa1bbcaec15dc7f6d","sha1":"356eb735195611846e380440a22cd53692161711","sha256":"639ce4efa2673d5dec3c8c68a0638e399d74136bde5745abe93a9e8c724a14f9"},"dob":{"date":"1944-08-26T14:57:22.555Z","age":79},"registered":{"date":"2017-06-01T08:23:49.854Z","age":7},"phone":"8900567533","cell":"7359601565","id":{"name":"UIDAI","value":"276743999758"},"picture":{"large":"https://randomuser.me/api/portraits/men/37.jpg","medium":"https://randomuser.me/api/portraits/med/men/37.jpg","thumbnail":"https://randomuser.me/api/portraits/thumb/men/37.jpg"},"nat":"IN"}],"info":{"seed":"fc0502db49322300","results":1,"page":1,"version":"1.4"}} 
 </msg>
<msg time="2024-07-16T11:13:31.731431" level="INFO">/opt/hostedtoolcache/Python/3.12.4/x64/lib/python3.12/site-packages/urllib3/connectionpool.py:1099: InsecureRequestWarning: Unverified HTTPS request is being made to host 'randomuser.me'. Adding certificate verification is strongly advised. See: https://urllib3.readthedocs.io/en/latest/advanced-usage.html#tls-warnings
  warnings.warn(</msg>
<msg time="2024-07-16T11:13:31.731582" level="INFO">${response} = &lt;Response [200]&gt;</msg>
<var>${response}</var>
<arg>consultarAPI</arg>
<arg>/api</arg>
<doc>Sends a GET request on a previously created HTTP Session.</doc>
<status status="PASS" start="2024-07-16T11:13:31.645698" elapsed="0.085933"/>
</kw>
<kw name="Set Variable" owner="BuiltIn">
<msg time="2024-07-16T11:13:31.732581" level="INFO">${json_data} = {'results': [{'gender': 'male', 'name': {'title': 'Mr', 'first': 'Akhil', 'last': 'Taj'}, 'location': {'street': {'number': 7222, 'name': 'Rajpur Rd'}, 'city': 'Panihati', 'state': 'Chandigarh', 'coun...</msg>
<var>${json_data}</var>
<arg>${response.json()}</arg>
<doc>Returns the given values which can then be assigned to a variables.</doc>
<status status="PASS" start="2024-07-16T11:13:31.732108" elapsed="0.000501"/>
</kw>
<kw name="Log" owner="BuiltIn">
<msg time="2024-07-16T11:13:31.733123" level="INFO">{'results': [{'gender': 'male', 'name': {'title': 'Mr', 'first': 'Akhil', 'last': 'Taj'}, 'location': {'street': {'number': 7222, 'name': 'Rajpur Rd'}, 'city': 'Panihati', 'state': 'Chandigarh', 'country': 'India', 'postcode': 21024, 'coordinates': {'latitude': '7.9677', 'longitude': '-175.4310'}, 'timezone': {'offset': '-10:00', 'description': 'Hawaii'}}, 'email': 'akhil.taj@example.com', 'login': {'uuid': '1f1bbb21-89c9-4937-984c-d0c58f119ab9', 'username': 'goldenpeacock833', 'password': 'kisses', 'salt': 'FMVIMoDe', 'md5': 'bcf2f1ba560ebdafa1bbcaec15dc7f6d', 'sha1': '356eb735195611846e380440a22cd53692161711', 'sha256': '639ce4efa2673d5dec3c8c68a0638e399d74136bde5745abe93a9e8c724a14f9'}, 'dob': {'date': '1944-08-26T14:57:22.555Z', 'age': 79}, 'registered': {'date': '2017-06-01T08:23:49.854Z', 'age': 7}, 'phone': '8900567533', 'cell': '7359601565', 'id': {'name': 'UIDAI', 'value': '276743999758'}, 'picture': {'large': 'https://randomuser.me/api/portraits/men/37.jpg', 'medium': 'https://randomuser.me/api/portraits/med/men/37.jpg', 'thumbnail': 'https://randomuser.me/api/portraits/thumb/men/37.jpg'}, 'nat': 'IN'}], 'info': {'seed': 'fc0502db49322300', 'results': 1, 'page': 1, 'version': '1.4'}}</msg>
<arg>${json_data}</arg>
<doc>Logs the given message with the given level.</doc>
<status status="PASS" start="2024-07-16T11:13:31.732967" elapsed="0.000204"/>
</kw>
<kw name="Dictionary Should Contain Key" owner="Collections">
<arg>${json_data}</arg>
<arg>results</arg>
<doc>Fails if ``key`` is not found from ``dictionary``.</doc>
<status status="PASS" start="2024-07-16T11:13:31.733462" elapsed="0.000163"/>
</kw>
<kw name="Should Not Be Empty" owner="BuiltIn">
<msg time="2024-07-16T11:13:31.733941" level="INFO">Length is 2.</msg>
<arg>${json_data}</arg>
<doc>Verifies that the given item is not empty.</doc>
<status status="PASS" start="2024-07-16T11:13:31.733812" elapsed="0.000168"/>
</kw>
<kw name="Create List" owner="BuiltIn">
<msg time="2024-07-16T11:13:31.734418" level="INFO">${expected_keys} = ['gender', 'name', 'location', 'email', 'login']</msg>
<var>${expected_keys}</var>
<arg>gender</arg>
<arg>name</arg>
<arg>location</arg>
<arg>email</arg>
<arg>login</arg>
<doc>Returns a list containing given items.</doc>
<status status="PASS" start="2024-07-16T11:13:31.734271" elapsed="0.000171"/>
</kw>
<for flavor="IN">
<iter>
<kw name="Dictionary Should Contain Key" owner="Collections">
<arg>${json_data['results'][0]}</arg>
<arg>${key}</arg>
<doc>Fails if ``key`` is not found from ``dictionary``.</doc>
<status status="PASS" start="2024-07-16T11:13:31.735174" elapsed="0.000397"/>
</kw>
<kw name="Log" owner="BuiltIn">
<msg time="2024-07-16T11:13:31.736129" level="INFO">{'gender': 'male', 'name': {'title': 'Mr', 'first': 'Akhil', 'last': 'Taj'}, 'location': {'street': {'number': 7222, 'name': 'Rajpur Rd'}, 'city': 'Panihati', 'state': 'Chandigarh', 'country': 'India', 'postcode': 21024, 'coordinates': {'latitude': '7.9677', 'longitude': '-175.4310'}, 'timezone': {'offset': '-10:00', 'description': 'Hawaii'}}, 'email': 'akhil.taj@example.com', 'login': {'uuid': '1f1bbb21-89c9-4937-984c-d0c58f119ab9', 'username': 'goldenpeacock833', 'password': 'kisses', 'salt': 'FMVIMoDe', 'md5': 'bcf2f1ba560ebdafa1bbcaec15dc7f6d', 'sha1': '356eb735195611846e380440a22cd53692161711', 'sha256': '639ce4efa2673d5dec3c8c68a0638e399d74136bde5745abe93a9e8c724a14f9'}, 'dob': {'date': '1944-08-26T14:57:22.555Z', 'age': 79}, 'registered': {'date': '2017-06-01T08:23:49.854Z', 'age': 7}, 'phone': '8900567533', 'cell': '7359601565', 'id': {'name': 'UIDAI', 'value': '276743999758'}, 'picture': {'large': 'https://randomuser.me/api/portraits/men/37.jpg', 'medium': 'https://randomuser.me/api/portraits/med/men/37.jpg', 'thumbnail': 'https://randomuser.me/api/portraits/thumb/men/37.jpg'}, 'nat': 'IN'}</msg>
<arg>${json_data['results'][0]}</arg>
<doc>Logs the given message with the given level.</doc>
<status status="PASS" start="2024-07-16T11:13:31.735763" elapsed="0.000416"/>
</kw>
<kw name="Log" owner="BuiltIn">
<msg time="2024-07-16T11:13:31.736610" level="INFO">gender</msg>
<arg>${key}</arg>
<doc>Logs the given message with the given level.</doc>
<status status="PASS" start="2024-07-16T11:13:31.736480" elapsed="0.000168"/>
</kw>
<var name="${key}">gender</var>
<status status="PASS" start="2024-07-16T11:13:31.735048" elapsed="0.001843"/>
</iter>
<iter>
<kw name="Dictionary Should Contain Key" owner="Collections">
<arg>${json_data['results'][0]}</arg>
<arg>${key}</arg>
<doc>Fails if ``key`` is not found from ``dictionary``.</doc>
<status status="PASS" start="2024-07-16T11:13:31.737192" elapsed="0.000395"/>
</kw>
<kw name="Log" owner="BuiltIn">
<msg time="2024-07-16T11:13:31.738121" level="INFO">{'gender': 'male', 'name': {'title': 'Mr', 'first': 'Akhil', 'last': 'Taj'}, 'location': {'street': {'number': 7222, 'name': 'Rajpur Rd'}, 'city': 'Panihati', 'state': 'Chandigarh', 'country': 'India', 'postcode': 21024, 'coordinates': {'latitude': '7.9677', 'longitude': '-175.4310'}, 'timezone': {'offset': '-10:00', 'description': 'Hawaii'}}, 'email': 'akhil.taj@example.com', 'login': {'uuid': '1f1bbb21-89c9-4937-984c-d0c58f119ab9', 'username': 'goldenpeacock833', 'password': 'kisses', 'salt': 'FMVIMoDe', 'md5': 'bcf2f1ba560ebdafa1bbcaec15dc7f6d', 'sha1': '356eb735195611846e380440a22cd53692161711', 'sha256': '639ce4efa2673d5dec3c8c68a0638e399d74136bde5745abe93a9e8c724a14f9'}, 'dob': {'date': '1944-08-26T14:57:22.555Z', 'age': 79}, 'registered': {'date': '2017-06-01T08:23:49.854Z', 'age': 7}, 'phone': '8900567533', 'cell': '7359601565', 'id': {'name': 'UIDAI', 'value': '276743999758'}, 'picture': {'large': 'https://randomuser.me/api/portraits/men/37.jpg', 'medium': 'https://randomuser.me/api/portraits/med/men/37.jpg', 'thumbnail': 'https://randomuser.me/api/portraits/thumb/men/37.jpg'}, 'nat': 'IN'}</msg>
<arg>${json_data['results'][0]}</arg>
<doc>Logs the given message with the given level.</doc>
<status status="PASS" start="2024-07-16T11:13:31.737772" elapsed="0.000430"/>
</kw>
<kw name="Log" owner="BuiltIn">
<msg time="2024-07-16T11:13:31.738629" level="INFO">name</msg>
<arg>${key}</arg>
<doc>Logs the given message with the given level.</doc>
<status status="PASS" start="2024-07-16T11:13:31.738501" elapsed="0.000166"/>
</kw>
<var name="${key}">name</var>
<status status="PASS" start="2024-07-16T11:13:31.737079" elapsed="0.001805"/>
</iter>
<iter>
<kw name="Dictionary Should Contain Key" owner="Collections">
<arg>${json_data['results'][0]}</arg>
<arg>${key}</arg>
<doc>Fails if ``key`` is not found from ``dictionary``.</doc>
<status status="PASS" start="2024-07-16T11:13:31.739170" elapsed="0.000384"/>
</kw>
<kw name="Log" owner="BuiltIn">
<msg time="2024-07-16T11:13:31.740088" level="INFO">{'gender': 'male', 'name': {'title': 'Mr', 'first': 'Akhil', 'last': 'Taj'}, 'location': {'street': {'number': 7222, 'name': 'Rajpur Rd'}, 'city': 'Panihati', 'state': 'Chandigarh', 'country': 'India', 'postcode': 21024, 'coordinates': {'latitude': '7.9677', 'longitude': '-175.4310'}, 'timezone': {'offset': '-10:00', 'description': 'Hawaii'}}, 'email': 'akhil.taj@example.com', 'login': {'uuid': '1f1bbb21-89c9-4937-984c-d0c58f119ab9', 'username': 'goldenpeacock833', 'password': 'kisses', 'salt': 'FMVIMoDe', 'md5': 'bcf2f1ba560ebdafa1bbcaec15dc7f6d', 'sha1': '356eb735195611846e380440a22cd53692161711', 'sha256': '639ce4efa2673d5dec3c8c68a0638e399d74136bde5745abe93a9e8c724a14f9'}, 'dob': {'date': '1944-08-26T14:57:22.555Z', 'age': 79}, 'registered': {'date': '2017-06-01T08:23:49.854Z', 'age': 7}, 'phone': '8900567533', 'cell': '7359601565', 'id': {'name': 'UIDAI', 'value': '276743999758'}, 'picture': {'large': 'https://randomuser.me/api/portraits/men/37.jpg', 'medium': 'https://randomuser.me/api/portraits/med/men/37.jpg', 'thumbnail': 'https://randomuser.me/api/portraits/thumb/men/37.jpg'}, 'nat': 'IN'}</msg>
<arg>${json_data['results'][0]}</arg>
<doc>Logs the given message with the given level.</doc>
<status status="PASS" start="2024-07-16T11:13:31.739737" elapsed="0.000400"/>
</kw>
<kw name="Log" owner="BuiltIn">
<msg time="2024-07-16T11:13:31.740560" level="INFO">location</msg>
<arg>${key}</arg>
<doc>Logs the given message with the given level.</doc>
<status status="PASS" start="2024-07-16T11:13:31.740432" elapsed="0.000166"/>
</kw>
<var name="${key}">location</var>
<status status="PASS" start="2024-07-16T11:13:31.739063" elapsed="0.001805"/>
</iter>
<iter>
<kw name="Dictionary Should Contain Key" owner="Collections">
<arg>${json_data['results'][0]}</arg>
<arg>${key}</arg>
<doc>Fails if ``key`` is not found from ``dictionary``.</doc>
<status status="PASS" start="2024-07-16T11:13:31.741153" elapsed="0.000390"/>
</kw>
<kw name="Log" owner="BuiltIn">
<msg time="2024-07-16T11:13:31.742082" level="INFO">{'gender': 'male', 'name': {'title': 'Mr', 'first': 'Akhil', 'last': 'Taj'}, 'location': {'street': {'number': 7222, 'name': 'Rajpur Rd'}, 'city': 'Panihati', 'state': 'Chandigarh', 'country': 'India', 'postcode': 21024, 'coordinates': {'latitude': '7.9677', 'longitude': '-175.4310'}, 'timezone': {'offset': '-10:00', 'description': 'Hawaii'}}, 'email': 'akhil.taj@example.com', 'login': {'uuid': '1f1bbb21-89c9-4937-984c-d0c58f119ab9', 'username': 'goldenpeacock833', 'password': 'kisses', 'salt': 'FMVIMoDe', 'md5': 'bcf2f1ba560ebdafa1bbcaec15dc7f6d', 'sha1': '356eb735195611846e380440a22cd53692161711', 'sha256': '639ce4efa2673d5dec3c8c68a0638e399d74136bde5745abe93a9e8c724a14f9'}, 'dob': {'date': '1944-08-26T14:57:22.555Z', 'age': 79}, 'registered': {'date': '2017-06-01T08:23:49.854Z', 'age': 7}, 'phone': '8900567533', 'cell': '7359601565', 'id': {'name': 'UIDAI', 'value': '276743999758'}, 'picture': {'large': 'https://randomuser.me/api/portraits/men/37.jpg', 'medium': 'https://randomuser.me/api/portraits/med/men/37.jpg', 'thumbnail': 'https://randomuser.me/api/portraits/thumb/men/37.jpg'}, 'nat': 'IN'}</msg>
<arg>${json_data['results'][0]}</arg>
<doc>Logs the given message with the given level.</doc>
<status status="PASS" start="2024-07-16T11:13:31.741728" elapsed="0.000404"/>
</kw>
<kw name="Log" owner="BuiltIn">
<msg time="2024-07-16T11:13:31.742554" level="INFO">email</msg>
<arg>${key}</arg>
<doc>Logs the given message with the given level.</doc>
<status status="PASS" start="2024-07-16T11:13:31.742429" elapsed="0.000164"/>
</kw>
<var name="${key}">email</var>
<status status="PASS" start="2024-07-16T11:13:31.741044" elapsed="0.001779"/>
</iter>
<iter>
<kw name="Dictionary Should Contain Key" owner="Collections">
<arg>${json_data['results'][0]}</arg>
<arg>${key}</arg>
<doc>Fails if ``key`` is not found from ``dictionary``.</doc>
<status status="PASS" start="2024-07-16T11:13:31.743121" elapsed="0.000386"/>
</kw>
<kw name="Log" owner="BuiltIn">
<msg time="2024-07-16T11:13:31.744039" level="INFO">{'gender': 'male', 'name': {'title': 'Mr', 'first': 'Akhil', 'last': 'Taj'}, 'location': {'street': {'number': 7222, 'name': 'Rajpur Rd'}, 'city': 'Panihati', 'state': 'Chandigarh', 'country': 'India', 'postcode': 21024, 'coordinates': {'latitude': '7.9677', 'longitude': '-175.4310'}, 'timezone': {'offset': '-10:00', 'description': 'Hawaii'}}, 'email': 'akhil.taj@example.com', 'login': {'uuid': '1f1bbb21-89c9-4937-984c-d0c58f119ab9', 'username': 'goldenpeacock833', 'password': 'kisses', 'salt': 'FMVIMoDe', 'md5': 'bcf2f1ba560ebdafa1bbcaec15dc7f6d', 'sha1': '356eb735195611846e380440a22cd53692161711', 'sha256': '639ce4efa2673d5dec3c8c68a0638e399d74136bde5745abe93a9e8c724a14f9'}, 'dob': {'date': '1944-08-26T14:57:22.555Z', 'age': 79}, 'registered': {'date': '2017-06-01T08:23:49.854Z', 'age': 7}, 'phone': '8900567533', 'cell': '7359601565', 'id': {'name': 'UIDAI', 'value': '276743999758'}, 'picture': {'large': 'https://randomuser.me/api/portraits/men/37.jpg', 'medium': 'https://randomuser.me/api/portraits/med/men/37.jpg', 'thumbnail': 'https://randomuser.me/api/portraits/thumb/men/37.jpg'}, 'nat': 'IN'}</msg>
<arg>${json_data['results'][0]}</arg>
<doc>Logs the given message with the given level.</doc>
<status status="PASS" start="2024-07-16T11:13:31.743687" elapsed="0.000401"/>
</kw>
<kw name="Log" owner="BuiltIn">
<msg time="2024-07-16T11:13:31.744520" level="INFO">login</msg>
<arg>${key}</arg>
<doc>Logs the given message with the given level.</doc>
<status status="PASS" start="2024-07-16T11:13:31.744393" elapsed="0.000165"/>
</kw>
<var name="${key}">login</var>
<status status="PASS" start="2024-07-16T11:13:31.743009" elapsed="0.001805"/>
</iter>
<var>${key}</var>
<value>@{expected_keys}</value>
<status status="PASS" start="2024-07-16T11:13:31.734853" elapsed="0.010085"/>
</for>
<kw name="Create List" owner="BuiltIn">
<msg time="2024-07-16T11:13:31.745264" level="INFO">${expected_keysTwo} = ['username', 'password']</msg>
<var>${expected_keysTwo}</var>
<arg>username</arg>
<arg>password</arg>
<doc>Returns a list containing given items.</doc>
<status status="PASS" start="2024-07-16T11:13:31.745128" elapsed="0.000160"/>
</kw>
<for flavor="IN">
<iter>
<kw name="Dictionary Should Contain Key" owner="Collections">
<arg>${json_data['results'][0]['login']}</arg>
<arg>${keyTwo}</arg>
<doc>Fails if ``key`` is not found from ``dictionary``.</doc>
<status status="PASS" start="2024-07-16T11:13:31.745818" elapsed="0.000399"/>
</kw>
<kw name="Dictionary Should Contain Key" owner="Collections">
<arg>${json_data['results'][0]['login']}</arg>
<arg>${keyTwo}</arg>
<doc>Fails if ``key`` is not found from ``dictionary``.</doc>
<status status="PASS" start="2024-07-16T11:13:31.746401" elapsed="0.000382"/>
</kw>
<kw name="Log" owner="BuiltIn">
<msg time="2024-07-16T11:13:31.747090" level="INFO">username</msg>
<arg>${keyTwo}</arg>
<doc>Logs the given message with the given level.</doc>
<status status="PASS" start="2024-07-16T11:13:31.746966" elapsed="0.000162"/>
</kw>
<var name="${keyTwo}">username</var>
<status status="PASS" start="2024-07-16T11:13:31.745708" elapsed="0.001652"/>
</iter>
<iter>
<kw name="Dictionary Should Contain Key" owner="Collections">
<arg>${json_data['results'][0]['login']}</arg>
<arg>${keyTwo}</arg>
<doc>Fails if ``key`` is not found from ``dictionary``.</doc>
<status status="PASS" start="2024-07-16T11:13:31.747645" elapsed="0.000388"/>
</kw>
<kw name="Dictionary Should Contain Key" owner="Collections">
<arg>${json_data['results'][0]['login']}</arg>
<arg>${keyTwo}</arg>
<doc>Fails if ``key`` is not found from ``dictionary``.</doc>
<status status="PASS" start="2024-07-16T11:13:31.748215" elapsed="0.000367"/>
</kw>
<kw name="Log" owner="BuiltIn">
<msg time="2024-07-16T11:13:31.748923" level="INFO">password</msg>
<arg>${keyTwo}</arg>
<doc>Logs the given message with the given level.</doc>
<status status="PASS" start="2024-07-16T11:13:31.748798" elapsed="0.000168"/>
</kw>
<var name="${keyTwo}">password</var>
<status status="PASS" start="2024-07-16T11:13:31.747537" elapsed="0.001654"/>
</iter>
<var>${keyTwo}</var>
<value>@{expected_keysTwo}</value>
<status status="PASS" start="2024-07-16T11:13:31.745550" elapsed="0.003764"/>
</for>
<status status="PASS" start="2024-07-16T11:13:31.645464" elapsed="0.103992"/>
</kw>
<doc>Testa a estrutura da resposta da API.</doc>
<tag>testeEstruturaResposta</tag>
<status status="PASS" start="2024-07-16T11:13:31.644966" elapsed="0.104645"/>
</test>
<test id="s1-s1-t4" name="Validar tipos de dados" line="28">
<kw name="Teste de Tipos de Dados" owner="random-user-service">
<kw name="GET On Session" owner="RequestsLibrary">
<msg time="2024-07-16T11:13:31.847655" level="INFO">GET Request : url=https://randomuser.me/api 
 path_url=/api 
 headers={'User-Agent': 'python-requests/2.32.3', 'Accept-Encoding': 'gzip, deflate', 'Accept': '*/*', 'Connection': 'keep-alive'} 
 body=None 
 </msg>
<msg time="2024-07-16T11:13:31.847749" level="INFO">GET Response : url=https://randomuser.me/api 
 status=200, reason=OK 
 headers={'Date': 'Tue, 16 Jul 2024 11:13:31 GMT', 'Content-Type': 'application/json; charset=utf-8', 'Transfer-Encoding': 'chunked', 'Connection': 'keep-alive', 'X-Powered-By': 'Express', 'Access-Control-Allow-Origin': '*', 'Cache-Control': 'no-cache', 'ETag': 'W/"4a5-U+PNK3hiaqWnlPElXckUxcbTTxM"', 'Vary': 'Accept-Encoding', 'Content-Encoding': 'gzip', 'CF-Cache-Status': 'DYNAMIC', 'Report-To': '{"endpoints":[{"url":"https:\\/\\/a.nel.cloudflare.com\\/report\\/v4?s=fbRUBOroGvTq10INjimGsDCdfimmr2HrYLtvM7MYPnmMk4hh533K6on5WJRgAnCSykW5ZBo6N%2BZEMZ4oGeN7nK4BjIAPDqo8kI5eVureTy6R015FKHt2n0V5Y%2BthM9nA"}],"group":"cf-nel","max_age":604800}', 'NEL': '{"success_fraction":0,"report_to":"cf-nel","max_age":604800}', 'Server': 'cloudflare', 'CF-RAY': '8a41903d7d1639b0-IAD', 'alt-svc': 'h3=":443"; ma=86400'} 
 body={"results":[{"gender":"female","name":{"title":"Ms","first":"Vera","last":"Lončarević"},"location":{"street":{"number":2111,"name":"Đorđa Milojevića"},"city":"Sokobanja","state":"North Banat","country":"Serbia","postcode":34351,"coordinates":{"latitude":"57.5340","longitude":"74.3774"},"timezone":{"offset":"-5:00","description":"Eastern Time (US &amp; Canada), Bogota, Lima"}},"email":"vera.loncarevic@example.com","login":{"uuid":"e5a433c6-43ff-446b-a7a4-0a765e2448c6","username":"goldenbear688","password":"oooooo","salt":"o99rzTjD","md5":"9e94fc99426311828c391814d31c5f64","sha1":"54fb5cbf89ef28478e81422dbf01a87e92822132","sha256":"1adc6eb58731ab11772d9e9260b8d99c050da544492797239f17ba53dd8d4fe0"},"dob":{"date":"1971-11-08T01:48:56.834Z","age":52},"registered":{"date":"2010-07-24T02:24:04.480Z","age":13},"phone":"031-3257-465","cell":"066-6164-948","id":{"name":"SID","value":"528775337"},"picture":{"large":"https://randomuser.me/api/portraits/women/34.jpg","medium":"https://randomuser.me/api/portraits/med/women/34.jpg","thumbnail":"https://randomuser.me/api/portraits/thumb/women/34.jpg"},"nat":"RS"}],"info":{"seed":"f8e208609e5c7da3","results":1,"page":1,"version":"1.4"}} 
 </msg>
<msg time="2024-07-16T11:13:31.847826" level="INFO">/opt/hostedtoolcache/Python/3.12.4/x64/lib/python3.12/site-packages/urllib3/connectionpool.py:1099: InsecureRequestWarning: Unverified HTTPS request is being made to host 'randomuser.me'. Adding certificate verification is strongly advised. See: https://urllib3.readthedocs.io/en/latest/advanced-usage.html#tls-warnings
  warnings.warn(</msg>
<msg time="2024-07-16T11:13:31.847962" level="INFO">${response} = &lt;Response [200]&gt;</msg>
<var>${response}</var>
<arg>consultarAPI</arg>
<arg>/api</arg>
<doc>Sends a GET request on a previously created HTTP Session.</doc>
<status status="PASS" start="2024-07-16T11:13:31.752140" elapsed="0.095867"/>
</kw>
<kw name="Set Variable" owner="BuiltIn">
<msg time="2024-07-16T11:13:31.849101" level="INFO">${json_data} = {'results': [{'gender': 'female', 'name': {'title': 'Ms', 'first': 'Vera', 'last': 'Lončarević'}, 'location': {'street': {'number': 2111, 'name': 'Đorđa Milojevića'}, 'city': 'Sokobanja', 'state': 'No...</msg>
<var>${json_data}</var>
<arg>${response.json()}</arg>
<doc>Returns the given values which can then be assigned to a variables.</doc>
<status status="PASS" start="2024-07-16T11:13:31.848515" elapsed="0.000617"/>
</kw>
<kw name="Log" owner="BuiltIn">
<msg time="2024-07-16T11:13:31.849601" level="INFO">{'results': [{'gender': 'female', 'name': {'title': 'Ms', 'first': 'Vera', 'last': 'Lončarević'}, 'location': {'street': {'number': 2111, 'name': 'Đorđa Milojevića'}, 'city': 'Sokobanja', 'state': 'North Banat', 'country': 'Serbia', 'postcode': 34351, 'coordinates': {'latitude': '57.5340', 'longitude': '74.3774'}, 'timezone': {'offset': '-5:00', 'description': 'Eastern Time (US &amp; Canada), Bogota, Lima'}}, 'email': 'vera.loncarevic@example.com', 'login': {'uuid': 'e5a433c6-43ff-446b-a7a4-0a765e2448c6', 'username': 'goldenbear688', 'password': 'oooooo', 'salt': 'o99rzTjD', 'md5': '9e94fc99426311828c391814d31c5f64', 'sha1': '54fb5cbf89ef28478e81422dbf01a87e92822132', 'sha256': '1adc6eb58731ab11772d9e9260b8d99c050da544492797239f17ba53dd8d4fe0'}, 'dob': {'date': '1971-11-08T01:48:56.834Z', 'age': 52}, 'registered': {'date': '2010-07-24T02:24:04.480Z', 'age': 13}, 'phone': '031-3257-465', 'cell': '066-6164-948', 'id': {'name': 'SID', 'value': '528775337'}, 'picture': {'large': 'https://randomuser.me/api/portraits/women/34.jpg', 'medium': 'https://randomuser.me/api/portraits/med/women/34.jpg', 'thumbnail': 'https://randomuser.me/api/portraits/thumb/women/34.jpg'}, 'nat': 'RS'}], 'info': {'seed': 'f8e208609e5c7da3', 'results': 1, 'page': 1, 'version': '1.4'}}</msg>
<arg>${json_data}</arg>
<doc>Logs the given message with the given level.</doc>
<status status="PASS" start="2024-07-16T11:13:31.849444" elapsed="0.000214"/>
</kw>
<kw name="Should Be String" owner="String">
<arg>${json_data['results'][0]['gender']}</arg>
<doc>Fails if the given ``item`` is not a string.</doc>
<status status="PASS" start="2024-07-16T11:13:31.849955" elapsed="0.000377"/>
</kw>
<kw name="Should Match Regexp" owner="BuiltIn">
<arg>${json_data['results'][0]['email']}</arg>
<arg>^[a-zA-Z0-9._%+-]+@[a-zA-Z0-9.-]+\.[a-zA-Z]{2,}$</arg>
<doc>Fails if ``string`` does not match ``pattern`` as a regular expression.</doc>
<status status="PASS" start="2024-07-16T11:13:31.850522" elapsed="0.000524"/>
</kw>
<kw name="Should Match Regexp" owner="BuiltIn">
<arg>${json_data['results'][0]['dob']['date']}</arg>
<arg>\\d{4}-\\d{2}-\\d{2}T\\d{2}:\\d{2}:\\d{2}\\.\\d{3}Z</arg>
<doc>Fails if ``string`` does not match ``pattern`` as a regular expression.</doc>
<status status="PASS" start="2024-07-16T11:13:31.851280" elapsed="0.000499"/>
</kw>
<kw name="Should Match Regexp" owner="BuiltIn">
<arg>${json_data['results'][0]['registered']['date']}</arg>
<arg>\\d{4}-\\d{2}-\\d{2}T\\d{2}:\\d{2}:\\d{2}\\.\\d{3}Z</arg>
<doc>Fails if ``string`` does not match ``pattern`` as a regular expression.</doc>
<status status="PASS" start="2024-07-16T11:13:31.851974" elapsed="0.000364"/>
</kw>
<kw name="Should Match Regexp" owner="BuiltIn">
<arg>${json_data['results'][0]['picture']['large']}</arg>
<arg>^https?://.*\.(?:png|jpe?g|gif|bmp)$</arg>
<doc>Fails if ``string`` does not match ``pattern`` as a regular expression.</doc>
<status status="PASS" start="2024-07-16T11:13:31.852524" elapsed="0.000480"/>
</kw>
<kw name="Should Match Regexp" owner="BuiltIn">
<arg>${json_data['results'][0]['picture']['medium']}</arg>
<arg>^https?://.*\.(?:png|jpe?g|gif|bmp)$</arg>
<doc>Fails if ``string`` does not match ``pattern`` as a regular expression.</doc>
<status status="PASS" start="2024-07-16T11:13:31.853192" elapsed="0.000351"/>
</kw>
<kw name="Should Match Regexp" owner="BuiltIn">
<arg>${json_data['results'][0]['picture']['thumbnail']}</arg>
<arg>^https?://.*\.(?:png|jpe?g|gif|bmp)$</arg>
<doc>Fails if ``string`` does not match ``pattern`` as a regular expression.</doc>
<status status="PASS" start="2024-07-16T11:13:31.853727" elapsed="0.000346"/>
</kw>
<kw name="Log" owner="BuiltIn">
<msg time="2024-07-16T11:13:31.854601" level="INFO">{'large': 'https://randomuser.me/api/portraits/women/34.jpg', 'medium': 'https://randomuser.me/api/portraits/med/women/34.jpg', 'thumbnail': 'https://randomuser.me/api/portraits/thumb/women/34.jpg'}</msg>
<arg>${json_data['results'][0]['picture']}</arg>
<doc>Logs the given message with the given level.</doc>
<status status="PASS" start="2024-07-16T11:13:31.854260" elapsed="0.000385"/>
</kw>
<status status="PASS" start="2024-07-16T11:13:31.751914" elapsed="0.102994"/>
</kw>
<kw name="Teste de Tipos de Dados - Postcode" owner="random-user-service">
<kw name="GET On Session" owner="RequestsLibrary">
<msg time="2024-07-16T11:13:31.933592" level="INFO">GET Request : url=https://randomuser.me/api 
 path_url=/api 
 headers={'User-Agent': 'python-requests/2.32.3', 'Accept-Encoding': 'gzip, deflate', 'Accept': '*/*', 'Connection': 'keep-alive'} 
 body=None 
 </msg>
<msg time="2024-07-16T11:13:31.933683" level="INFO">GET Response : url=https://randomuser.me/api 
 status=200, reason=OK 
 headers={'Date': 'Tue, 16 Jul 2024 11:13:31 GMT', 'Content-Type': 'application/json; charset=utf-8', 'Transfer-Encoding': 'chunked', 'Connection': 'keep-alive', 'X-Powered-By': 'Express', 'Access-Control-Allow-Origin': '*', 'Cache-Control': 'no-cache', 'ETag': 'W/"490-Sc8yg8gc4+kqKw099dkZMpRk4ys"', 'Vary': 'Accept-Encoding', 'Content-Encoding': 'gzip', 'CF-Cache-Status': 'DYNAMIC', 'Report-To': '{"endpoints":[{"url":"https:\\/\\/a.nel.cloudflare.com\\/report\\/v4?s=HJSGgRcmMEOIayB2FsCCc1JBv4VVcaQ3olPoDrDUT95hY2JVfR%2BnHeRUZOtVCNyIX%2BS6eDXTglSPGyIW8ES%2FFibui%2BN5xDv7pzJpa391jznsc2A55RzZ0nRIcBOJhzKq"}],"group":"cf-nel","max_age":604800}', 'NEL': '{"success_fraction":0,"report_to":"cf-nel","max_age":604800}', 'Server': 'cloudflare', 'CF-RAY': '8a41903e1dae39b0-IAD', 'alt-svc': 'h3=":443"; ma=86400'} 
 body={"results":[{"gender":"female","name":{"title":"Mrs","first":"Elina","last":"Sture"},"location":{"street":{"number":8733,"name":"Gustav Bloms gate"},"city":"Ekeberg","state":"Hordaland","country":"Norway","postcode":"3701","coordinates":{"latitude":"40.2079","longitude":"101.2101"},"timezone":{"offset":"-4:00","description":"Atlantic Time (Canada), Caracas, La Paz"}},"email":"elina.sture@example.com","login":{"uuid":"3d84d425-0ab8-45db-bbc1-63a19ce32a4a","username":"bigkoala284","password":"rockstar","salt":"NRFw1T8R","md5":"0f9f505287af3172fdd20fc7340c53ef","sha1":"b66de369943d4d4928cda10eaab6fa72d0de045a","sha256":"fb82c1dd74e60e0204e7e323675455b0abbb6549b087718546af0663657bd104"},"dob":{"date":"1983-01-11T23:50:58.984Z","age":41},"registered":{"date":"2003-11-19T08:55:12.723Z","age":20},"phone":"79216368","cell":"91623163","id":{"name":"FN","value":"11018344485"},"picture":{"large":"https://randomuser.me/api/portraits/women/55.jpg","medium":"https://randomuser.me/api/portraits/med/women/55.jpg","thumbnail":"https://randomuser.me/api/portraits/thumb/women/55.jpg"},"nat":"NO"}],"info":{"seed":"39d3430afaafe0fe","results":1,"page":1,"version":"1.4"}} 
 </msg>
<msg time="2024-07-16T11:13:31.933762" level="INFO">/opt/hostedtoolcache/Python/3.12.4/x64/lib/python3.12/site-packages/urllib3/connectionpool.py:1099: InsecureRequestWarning: Unverified HTTPS request is being made to host 'randomuser.me'. Adding certificate verification is strongly advised. See: https://urllib3.readthedocs.io/en/latest/advanced-usage.html#tls-warnings
  warnings.warn(</msg>
<msg time="2024-07-16T11:13:31.933906" level="INFO">${response} = &lt;Response [200]&gt;</msg>
<var>${response}</var>
<arg>consultarAPI</arg>
<arg>/api</arg>
<doc>Sends a GET request on a previously created HTTP Session.</doc>
<status status="PASS" start="2024-07-16T11:13:31.855374" elapsed="0.078583"/>
</kw>
<kw name="Set Variable" owner="BuiltIn">
<msg time="2024-07-16T11:13:31.934903" level="INFO">${json_data} = {'results': [{'gender': 'female', 'name': {'title': 'Mrs', 'first': 'Elina', 'last': 'Sture'}, 'location': {'street': {'number': 8733, 'name': 'Gustav Bloms gate'}, 'city': 'Ekeberg', 'state': 'Hordal...</msg>
<var>${json_data}</var>
<arg>${response.json()}</arg>
<doc>Returns the given values which can then be assigned to a variables.</doc>
<status status="PASS" start="2024-07-16T11:13:31.934438" elapsed="0.000494"/>
</kw>
<kw name="Log" owner="BuiltIn">
<msg time="2024-07-16T11:13:31.935404" level="INFO">{'results': [{'gender': 'female', 'name': {'title': 'Mrs', 'first': 'Elina', 'last': 'Sture'}, 'location': {'street': {'number': 8733, 'name': 'Gustav Bloms gate'}, 'city': 'Ekeberg', 'state': 'Hordaland', 'country': 'Norway', 'postcode': '3701', 'coordinates': {'latitude': '40.2079', 'longitude': '101.2101'}, 'timezone': {'offset': '-4:00', 'description': 'Atlantic Time (Canada), Caracas, La Paz'}}, 'email': 'elina.sture@example.com', 'login': {'uuid': '3d84d425-0ab8-45db-bbc1-63a19ce32a4a', 'username': 'bigkoala284', 'password': 'rockstar', 'salt': 'NRFw1T8R', 'md5': '0f9f505287af3172fdd20fc7340c53ef', 'sha1': 'b66de369943d4d4928cda10eaab6fa72d0de045a', 'sha256': 'fb82c1dd74e60e0204e7e323675455b0abbb6549b087718546af0663657bd104'}, 'dob': {'date': '1983-01-11T23:50:58.984Z', 'age': 41}, 'registered': {'date': '2003-11-19T08:55:12.723Z', 'age': 20}, 'phone': '79216368', 'cell': '91623163', 'id': {'name': 'FN', 'value': '11018344485'}, 'picture': {'large': 'https://randomuser.me/api/portraits/women/55.jpg', 'medium': 'https://randomuser.me/api/portraits/med/women/55.jpg', 'thumbnail': 'https://randomuser.me/api/portraits/thumb/women/55.jpg'}, 'nat': 'NO'}], 'info': {'seed': '39d3430afaafe0fe', 'results': 1, 'page': 1, 'version': '1.4'}}</msg>
<arg>${json_data}</arg>
<doc>Logs the given message with the given level.</doc>
<status status="PASS" start="2024-07-16T11:13:31.935247" elapsed="0.000205"/>
</kw>
<kw name="Should Be Equal As Numbers" owner="BuiltIn">
<arg>${json_data['results'][0]['location']['postcode']}</arg>
<arg>${json_data['results'][0]['location']['postcode']}</arg>
<doc>Fails if objects are unequal after converting them to real numbers.</doc>
<status status="PASS" start="2024-07-16T11:13:31.935746" elapsed="0.000618"/>
</kw>
<kw name="Log" owner="BuiltIn">
<msg time="2024-07-16T11:13:31.936937" level="INFO">3701</msg>
<arg>${json_data['results'][0]['location']['postcode']}</arg>
<doc>Logs the given message with the given level.</doc>
<status status="PASS" start="2024-07-16T11:13:31.936557" elapsed="0.000422"/>
</kw>
<status status="PASS" start="2024-07-16T11:13:31.855141" elapsed="0.082133"/>
</kw>
<doc>Testa se os tipos de dados na resposta da API estão corretos.</doc>
<tag>testeTiposDados</tag>
<status status="PASS" start="2024-07-16T11:13:31.751378" elapsed="0.186074"/>
</test>
<test id="s1-s1-t5" name="Validar conteudo" line="35">
<kw name="Teste de Tipos de Conteudo" owner="random-user-service">
<kw name="GET On Session" owner="RequestsLibrary">
<msg time="2024-07-16T11:13:32.049758" level="INFO">GET Request : url=https://randomuser.me/api 
 path_url=/api 
 headers={'User-Agent': 'python-requests/2.32.3', 'Accept-Encoding': 'gzip, deflate', 'Accept': '*/*', 'Connection': 'keep-alive'} 
 body=None 
 </msg>
<msg time="2024-07-16T11:13:32.049854" level="INFO">GET Response : url=https://randomuser.me/api 
 status=200, reason=OK 
 headers={'Date': 'Tue, 16 Jul 2024 11:13:32 GMT', 'Content-Type': 'application/json; charset=utf-8', 'Transfer-Encoding': 'chunked', 'Connection': 'keep-alive', 'X-Powered-By': 'Express', 'Access-Control-Allow-Origin': '*', 'Cache-Control': 'no-cache', 'ETag': 'W/"47a-DHsICu0hU/WDwQxQWjPTs9WE6Qg"', 'Vary': 'Accept-Encoding', 'Content-Encoding': 'gzip', 'CF-Cache-Status': 'DYNAMIC', 'Report-To': '{"endpoints":[{"url":"https:\\/\\/a.nel.cloudflare.com\\/report\\/v4?s=CzI%2BmHv1%2BSoxNS8HpP%2FtbC9nWVJEOWpz3EOxPBxZNxmatg4LDRf%2FMj3b0iOx2W%2FfWJ9VpH2r%2B5Ly%2B%2FI4ElYxAggiOUTcMedl12IARj3Wccl2EB2xXoWIgj8bAg1PCa14"}],"group":"cf-nel","max_age":604800}', 'NEL': '{"success_fraction":0,"report_to":"cf-nel","max_age":604800}', 'Server': 'cloudflare', 'CF-RAY': '8a41903eae3239b0-IAD', 'alt-svc': 'h3=":443"; ma=86400'} 
 body={"results":[{"gender":"male","name":{"title":"Mr","first":"Spasoje","last":"Kralj"},"location":{"street":{"number":2717,"name":"Vranovačka"},"city":"Ada","state":"Bor","country":"Serbia","postcode":16216,"coordinates":{"latitude":"56.1761","longitude":"-167.3223"},"timezone":{"offset":"+4:00","description":"Abu Dhabi, Muscat, Baku, Tbilisi"}},"email":"spasoje.kralj@example.com","login":{"uuid":"b594f001-ed84-4a64-9989-5e87177e8e36","username":"lazymouse413","password":"merlin","salt":"51IqOAqL","md5":"1082c57ac43b1a667ea959b6f2dcdb69","sha1":"530f741e37afb2e9d945eea58d2b04337c4974bd","sha256":"647007692b97098a3f676405e958d9a6b593150d07e3eebf1a40ba7d5e3caaa0"},"dob":{"date":"1994-09-26T04:36:51.056Z","age":29},"registered":{"date":"2012-06-19T15:31:33.565Z","age":12},"phone":"014-4859-136","cell":"069-9225-687","id":{"name":"SID","value":"624821816"},"picture":{"large":"https://randomuser.me/api/portraits/men/44.jpg","medium":"https://randomuser.me/api/portraits/med/men/44.jpg","thumbnail":"https://randomuser.me/api/portraits/thumb/men/44.jpg"},"nat":"RS"}],"info":{"seed":"978e99ab42f6788b","results":1,"page":1,"version":"1.4"}} 
 </msg>
<msg time="2024-07-16T11:13:32.049953" level="INFO">/opt/hostedtoolcache/Python/3.12.4/x64/lib/python3.12/site-packages/urllib3/connectionpool.py:1099: InsecureRequestWarning: Unverified HTTPS request is being made to host 'randomuser.me'. Adding certificate verification is strongly advised. See: https://urllib3.readthedocs.io/en/latest/advanced-usage.html#tls-warnings
  warnings.warn(</msg>
<msg time="2024-07-16T11:13:32.050101" level="INFO">${response} = &lt;Response [200]&gt;</msg>
<var>${response}</var>
<arg>consultarAPI</arg>
<arg>/api</arg>
<doc>Sends a GET request on a previously created HTTP Session.</doc>
<status status="PASS" start="2024-07-16T11:13:31.940171" elapsed="0.109982"/>
</kw>
<kw name="Set Variable" owner="BuiltIn">
<msg time="2024-07-16T11:13:32.051119" level="INFO">${json_data} = {'results': [{'gender': 'male', 'name': {'title': 'Mr', 'first': 'Spasoje', 'last': 'Kralj'}, 'location': {'street': {'number': 2717, 'name': 'Vranovačka'}, 'city': 'Ada', 'state': 'Bor', 'country': '...</msg>
<var>${json_data}</var>
<arg>${response.json()}</arg>
<doc>Returns the given values which can then be assigned to a variables.</doc>
<status status="PASS" start="2024-07-16T11:13:32.050632" elapsed="0.000517"/>
</kw>
<kw name="Set Variable" owner="BuiltIn">
<msg time="2024-07-16T11:13:32.051834" level="INFO">${name_title} = Mr</msg>
<var>${name_title}</var>
<arg>${json_data["results"][0]["name"]["title"]}</arg>
<doc>Returns the given values which can then be assigned to a variables.</doc>
<status status="PASS" start="2024-07-16T11:13:32.051459" elapsed="0.000401"/>
</kw>
<kw name="Create List" owner="BuiltIn">
<msg time="2024-07-16T11:13:32.052301" level="INFO">${allowed_titles} = ['Mr', 'Ms', 'Miss', 'Mrs', 'Madame', 'Monsieur']</msg>
<var>${allowed_titles}</var>
<arg>Mr</arg>
<arg>Ms</arg>
<arg>Miss</arg>
<arg>Mrs</arg>
<arg>Madame</arg>
<arg>Monsieur</arg>
<doc>Returns a list containing given items.</doc>
<status status="PASS" start="2024-07-16T11:13:32.052155" elapsed="0.000171"/>
</kw>
<kw name="List Should Contain Value" owner="Collections">
<arg>${allowed_titles}</arg>
<arg>${name_title}</arg>
<doc>Fails if the ``value`` is not found from ``list``.</doc>
<status status="PASS" start="2024-07-16T11:13:32.052621" elapsed="0.000225"/>
</kw>
<kw name="Set Variable" owner="BuiltIn">
<msg time="2024-07-16T11:13:32.053389" level="INFO">${name_country} = RS</msg>
<var>${name_country}</var>
<arg>${json_data["results"][0]["nat"]}</arg>
<doc>Returns the given values which can then be assigned to a variables.</doc>
<status status="PASS" start="2024-07-16T11:13:32.053026" elapsed="0.000387"/>
</kw>
<kw name="Create List" owner="BuiltIn">
<msg time="2024-07-16T11:13:32.054296" level="INFO">${list_country} = ['AD', 'AE', 'AF', 'AG', 'AI', 'AL', 'AM', 'AO', 'AQ', 'AR', 'AS', 'AT', 'AU', 'AW', 'AX', 'AZ', 'BA', 'BB', 'BD', 'BE', 'BF', 'BG', 'BH', 'BI', 'BJ', 'BL', 'BM', 'BN', 'BO', 'BQ', 'BR', 'BS', 'BT', '...</msg>
<var>${list_country}</var>
<arg>AD</arg>
<arg>AE</arg>
<arg>AF</arg>
<arg>AG</arg>
<arg>AI</arg>
<arg>AL</arg>
<arg>AM</arg>
<arg>AO</arg>
<arg>AQ</arg>
<arg>AR</arg>
<arg>AS</arg>
<arg>AT</arg>
<arg>AU</arg>
<arg>AW</arg>
<arg>AX</arg>
<arg>AZ</arg>
<arg>BA</arg>
<arg>BB</arg>
<arg>BD</arg>
<arg>BE</arg>
<arg>BF</arg>
<arg>BG</arg>
<arg>BH</arg>
<arg>BI</arg>
<arg>BJ</arg>
<arg>BL</arg>
<arg>BM</arg>
<arg>BN</arg>
<arg>BO</arg>
<arg>BQ</arg>
<arg>BR</arg>
<arg>BS</arg>
<arg>BT</arg>
<arg>BV</arg>
<arg>BW</arg>
<arg>BY</arg>
<arg>BZ</arg>
<arg>CA</arg>
<arg>CC</arg>
<arg>CD</arg>
<arg>CF</arg>
<arg>CG</arg>
<arg>CH</arg>
<arg>CI</arg>
<arg>CK</arg>
<arg>CL</arg>
<arg>CM</arg>
<arg>CN</arg>
<arg>CO</arg>
<arg>CR</arg>
<arg>CU</arg>
<arg>CV</arg>
<arg>CW</arg>
<arg>CX</arg>
<arg>CY</arg>
<arg>CZ</arg>
<arg>DE</arg>
<arg>DJ</arg>
<arg>DK</arg>
<arg>DM</arg>
<arg>DO</arg>
<arg>DZ</arg>
<arg>EC</arg>
<arg>EE</arg>
<arg>EG</arg>
<arg>EH</arg>
<arg>ER</arg>
<arg>ES</arg>
<arg>ET</arg>
<arg>FI</arg>
<arg>FJ</arg>
<arg>FK</arg>
<arg>FM</arg>
<arg>FO</arg>
<arg>FR</arg>
<arg>GA</arg>
<arg>GB</arg>
<arg>GD</arg>
<arg>GE</arg>
<arg>GF</arg>
<arg>GG</arg>
<arg>GH</arg>
<arg>GI</arg>
<arg>GL</arg>
<arg>GM</arg>
<arg>GN</arg>
<arg>GP</arg>
<arg>GQ</arg>
<arg>GR</arg>
<arg>GS</arg>
<arg>GT</arg>
<arg>GU</arg>
<arg>GW</arg>
<arg>GY</arg>
<arg>HK</arg>
<arg>HM</arg>
<arg>HN</arg>
<arg>HR</arg>
<arg>HT</arg>
<arg>HU</arg>
<arg>ID</arg>
<arg>IE</arg>
<arg>IL</arg>
<arg>IM</arg>
<arg>IN</arg>
<arg>IO</arg>
<arg>IQ</arg>
<arg>IR</arg>
<arg>IS</arg>
<arg>IT</arg>
<arg>JE</arg>
<arg>JM</arg>
<arg>JO</arg>
<arg>JP</arg>
<arg>KE</arg>
<arg>KG</arg>
<arg>KH</arg>
<arg>KI</arg>
<arg>KM</arg>
<arg>KN</arg>
<arg>KP</arg>
<arg>KR</arg>
<arg>KW</arg>
<arg>KY</arg>
<arg>KZ</arg>
<arg>LA</arg>
<arg>LB</arg>
<arg>LC</arg>
<arg>LI</arg>
<arg>LK</arg>
<arg>LR</arg>
<arg>LS</arg>
<arg>LT</arg>
<arg>LU</arg>
<arg>LV</arg>
<arg>LY</arg>
<arg>MA</arg>
<arg>MC</arg>
<arg>MD</arg>
<arg>ME</arg>
<arg>MF</arg>
<arg>MG</arg>
<arg>MH</arg>
<arg>MK</arg>
<arg>ML</arg>
<arg>MM</arg>
<arg>MN</arg>
<arg>MO</arg>
<arg>MP</arg>
<arg>MQ</arg>
<arg>MR</arg>
<arg>MS</arg>
<arg>MT</arg>
<arg>MU</arg>
<arg>MV</arg>
<arg>MW</arg>
<arg>MX</arg>
<arg>MY</arg>
<arg>MZ</arg>
<arg>NA</arg>
<arg>NC</arg>
<arg>NE</arg>
<arg>NF</arg>
<arg>NG</arg>
<arg>NI</arg>
<arg>NL</arg>
<arg>NO</arg>
<arg>NP</arg>
<arg>NR</arg>
<arg>NU</arg>
<arg>NZ</arg>
<arg>OM</arg>
<arg>PA</arg>
<arg>PE</arg>
<arg>PF</arg>
<arg>PG</arg>
<arg>PH</arg>
<arg>PK</arg>
<arg>PL</arg>
<arg>PM</arg>
<arg>PN</arg>
<arg>PR</arg>
<arg>PS</arg>
<arg>PT</arg>
<arg>PW</arg>
<arg>PY</arg>
<arg>QA</arg>
<arg>RE</arg>
<arg>RO</arg>
<arg>RS</arg>
<arg>RU</arg>
<arg>RW</arg>
<arg>SA</arg>
<arg>SB</arg>
<arg>SC</arg>
<arg>SD</arg>
<arg>SE</arg>
<arg>SG</arg>
<arg>SH</arg>
<arg>SI</arg>
<arg>SJ</arg>
<arg>SK</arg>
<arg>SL</arg>
<arg>SM</arg>
<arg>SN</arg>
<arg>SO</arg>
<arg>SR</arg>
<arg>SS</arg>
<arg>ST</arg>
<arg>SV</arg>
<arg>SX</arg>
<arg>SY</arg>
<arg>SZ</arg>
<arg>TC</arg>
<arg>TD</arg>
<arg>TF</arg>
<arg>TG</arg>
<arg>TH</arg>
<arg>TJ</arg>
<arg>TK</arg>
<arg>TL</arg>
<arg>TM</arg>
<arg>TN</arg>
<arg>TO</arg>
<arg>TR</arg>
<arg>TT</arg>
<arg>TV</arg>
<arg>TW</arg>
<arg>TZ</arg>
<arg>UA</arg>
<arg>UG</arg>
<arg>UM</arg>
<arg>US</arg>
<arg>UY</arg>
<arg>UZ</arg>
<arg>VA</arg>
<arg>VC</arg>
<arg>VE</arg>
<arg>VG</arg>
<arg>VI</arg>
<arg>VN</arg>
<arg>VU</arg>
<arg>WF</arg>
<arg>WS</arg>
<arg>XK</arg>
<arg>YE</arg>
<arg>YT</arg>
<arg>ZA</arg>
<arg>ZM</arg>
<arg>ZW</arg>
<doc>Returns a list containing given items.</doc>
<status status="PASS" start="2024-07-16T11:13:32.053707" elapsed="0.000615"/>
</kw>
<kw name="List Should Contain Value" owner="Collections">
<arg>${list_country}</arg>
<arg>${name_country}</arg>
<doc>Fails if the ``value`` is not found from ``list``.</doc>
<status status="PASS" start="2024-07-16T11:13:32.055122" elapsed="0.000213"/>
</kw>
<kw name="Run Keyword If" owner="BuiltIn">
<kw name="Should Be True" owner="BuiltIn">
<arg>${True}</arg>
<doc>Fails if the given condition is not true.</doc>
<status status="PASS" start="2024-07-16T11:13:32.056270" elapsed="0.000139"/>
</kw>
<arg>${json_data["results"][0]["location"]["coordinates"]["latitude"]} &gt;= -90 and ${json_data["results"][0]["location"]["coordinates"]["latitude"]} &lt;= 90</arg>
<arg>Should Be True</arg>
<arg>${True}</arg>
<doc>Runs the given keyword with the given arguments, if ``condition`` is true.</doc>
<status status="PASS" start="2024-07-16T11:13:32.055533" elapsed="0.001000"/>
</kw>
<kw name="Run Keyword If" owner="BuiltIn">
<kw name="Should Be True" owner="BuiltIn">
<arg>${True}</arg>
<doc>Fails if the given condition is not true.</doc>
<status status="PASS" start="2024-07-16T11:13:32.057446" elapsed="0.000136"/>
</kw>
<arg>${json_data["results"][0]["location"]["coordinates"]["longitude"]} &gt;= -180 and ${json_data["results"][0]["location"]["coordinates"]["longitude"]} &lt;= 180</arg>
<arg>Should Be True</arg>
<arg>${True}</arg>
<doc>Runs the given keyword with the given arguments, if ``condition`` is true.</doc>
<status status="PASS" start="2024-07-16T11:13:32.056740" elapsed="0.000963"/>
</kw>
<status status="PASS" start="2024-07-16T11:13:31.939779" elapsed="0.118055"/>
</kw>
<doc>Testa o conteúdo específico dos campos retornados pela API.</doc>
<tag>testeConteudo</tag>
<status status="PASS" start="2024-07-16T11:13:31.939242" elapsed="0.118745"/>
</test>
<status status="PASS" start="2024-07-16T11:13:31.204506" elapsed="0.855470"/>
</suite>
<status status="PASS" start="2024-07-16T11:13:31.189779" elapsed="0.875407"/>
</suite>
<statistics>
<total>
<stat pass="5" fail="0" skip="0">All Tests</stat>
</total>
<tag>
<stat pass="1" fail="0" skip="0">testeConteudo</stat>
<stat pass="1" fail="0" skip="0">testeEstruturaResposta</stat>
<stat pass="1" fail="0" skip="0">testeRequisicaoBasica</stat>
<stat pass="1" fail="0" skip="0">testeTiposDados</stat>
</tag>
<suite>
<stat pass="5" fail="0" skip="0" id="s1" name="Tests">Tests</stat>
<stat pass="5" fail="0" skip="0" id="s1-s1" name="Random-User-Test">Tests.Random-User-Test</stat>
</suite>
</statistics>
<errors>
</errors>
</robot>
