<?xml version="1.0" encoding="UTF-8"?>
<robot generator="Robot 7.0.1 (Python 3.12.4 on linux)" generated="2024-07-16T16:18:01.741583" rpa="false" schemaversion="5">
<suite id="s1" name="Tests" source="/home/runner/work/ApiRandomUser/ApiRandomUser/RamdonUser/tests">
<suite id="s1-s1" name="Random-User-Test" source="/home/runner/work/ApiRandomUser/ApiRandomUser/RamdonUser/tests/random-user-test.robot">
<test id="s1-s1-t1" name="Conectar" line="13">
<kw name="Conectar API" owner="random-user-service">
<kw name="Create Session" owner="RequestsLibrary">
<msg time="2024-07-16T16:18:02.138173" level="INFO">Creating Session using : alias=consultarAPI, url=https://randomuser.me/, headers={},                     cookies={}, auth=None, timeout=None, proxies=None, verify=False,                     debug=0 </msg>
<arg>consultarAPI</arg>
<arg>${URL}</arg>
<doc>Create Session: create a HTTP session to a server</doc>
<status status="PASS" start="2024-07-16T16:18:02.137968" elapsed="0.000387"/>
</kw>
<status status="PASS" start="2024-07-16T16:18:02.136981" elapsed="0.001734"/>
</kw>
<status status="PASS" start="2024-07-16T16:18:02.136384" elapsed="0.002521"/>
</test>
<test id="s1-s1-t2" name="Validar retorno 200 e JSON Válido" line="16">
<kw name="Teste de Requisicao Basica" owner="random-user-service">
<kw name="GET On Session" owner="RequestsLibrary">
<msg time="2024-07-16T16:18:02.316036" level="INFO">GET Request : url=https://randomuser.me/api 
 path_url=/api 
 headers={'User-Agent': 'python-requests/2.32.3', 'Accept-Encoding': 'gzip, deflate', 'Accept': '*/*', 'Connection': 'keep-alive'} 
 body=None 
 </msg>
<msg time="2024-07-16T16:18:02.316191" level="INFO">GET Response : url=https://randomuser.me/api 
 status=200, reason=OK 
 headers={'Date': 'Tue, 16 Jul 2024 16:18:02 GMT', 'Content-Type': 'application/json; charset=utf-8', 'Transfer-Encoding': 'chunked', 'Connection': 'keep-alive', 'X-Powered-By': 'Express', 'Access-Control-Allow-Origin': '*', 'Cache-Control': 'no-cache', 'ETag': 'W/"4a5-WMWQbOojOoIRUmaH4Pah+gC8ti0"', 'Vary': 'Accept-Encoding', 'Content-Encoding': 'gzip', 'CF-Cache-Status': 'DYNAMIC', 'Report-To': '{"endpoints":[{"url":"https:\\/\\/a.nel.cloudflare.com\\/report\\/v4?s=d5X7phHJ9SuWomkGzNl8ASj7Jt9H%2F0KSsi2ZYzr6ME69z5fYYScsBXZD2ry3FcMsR4Zc%2FRBkZ%2Bscbs50Mb5Oy0glCkrh1bLGm%2Bodumde95d3U0Rdvi%2Buq1lJfZwe6P0C"}],"group":"cf-nel","max_age":604800}', 'NEL': '{"success_fraction":0,"report_to":"cf-nel","max_age":604800}', 'Server': 'cloudflare', 'CF-RAY': '8a434e4b88007aa9-SJC', 'alt-svc': 'h3=":443"; ma=86400'} 
 body={"results":[{"gender":"female","name":{"title":"Ms","first":"Delphine","last":"Lévesque"},"location":{"street":{"number":8138,"name":"Victoria Ave"},"city":"Oakville","state":"Saskatchewan","country":"Canada","postcode":"B7E 0C9","coordinates":{"latitude":"-68.3566","longitude":"70.2908"},"timezone":{"offset":"-4:00","description":"Atlantic Time (Canada), Caracas, La Paz"}},"email":"delphine.levesque@example.com","login":{"uuid":"59e4deae-e89c-4a6c-bc18-8e3cd03a13e1","username":"lazyleopard923","password":"beagle","salt":"GJXNzX8X","md5":"fc78af165b4e47792f42227640b4cd68","sha1":"67dbcc0dc5804ec8e1033ae46dafaab2c62bbad1","sha256":"4ccc9ef975801e037653a8177a258365f406a3f0a875760d008345e02b155adf"},"dob":{"date":"1957-03-19T06:32:47.443Z","age":67},"registered":{"date":"2017-12-12T11:51:30.914Z","age":6},"phone":"A26 C28-0349","cell":"R88 N12-2420","id":{"name":"SIN","value":"479364390"},"picture":{"large":"https://randomuser.me/api/portraits/women/83.jpg","medium":"https://randomuser.me/api/portraits/med/women/83.jpg","thumbnail":"https://randomuser.me/api/portraits/thumb/women/83.jpg"},"nat":"CA"}],"info":{"seed":"8af165c88eddd6fd","results":1,"page":1,"version":"1.4"}} 
 </msg>
<msg time="2024-07-16T16:18:02.316377" level="INFO">/opt/hostedtoolcache/Python/3.12.4/x64/lib/python3.12/site-packages/urllib3/connectionpool.py:1099: InsecureRequestWarning: Unverified HTTPS request is being made to host 'randomuser.me'. Adding certificate verification is strongly advised. See: https://urllib3.readthedocs.io/en/latest/advanced-usage.html#tls-warnings
  warnings.warn(</msg>
<msg time="2024-07-16T16:18:02.316533" level="INFO">${response} = &lt;Response [200]&gt;</msg>
<var>${response}</var>
<arg>consultarAPI</arg>
<arg>/api</arg>
<doc>Sends a GET request on a previously created HTTP Session.</doc>
<status status="PASS" start="2024-07-16T16:18:02.141513" elapsed="0.175067"/>
</kw>
<kw name="Should Be Equal As Numbers" owner="BuiltIn">
<msg time="2024-07-16T16:18:02.317611" level="INFO">Argument types are:
&lt;class 'int'&gt;
&lt;class 'str'&gt;</msg>
<arg>${response.status_code}</arg>
<arg>200</arg>
<doc>Fails if objects are unequal after converting them to real numbers.</doc>
<status status="PASS" start="2024-07-16T16:18:02.317145" elapsed="0.000540"/>
</kw>
<kw name="Log" owner="BuiltIn">
<msg time="2024-07-16T16:18:02.318365" level="INFO">200</msg>
<arg>${response.status_code}</arg>
<doc>Logs the given message with the given level.</doc>
<status status="PASS" start="2024-07-16T16:18:02.318010" elapsed="0.000399"/>
</kw>
<kw name="Set Variable" owner="BuiltIn">
<msg time="2024-07-16T16:18:02.319164" level="INFO">${json_data} = {'results': [{'gender': 'female', 'name': {'title': 'Ms', 'first': 'Delphine', 'last': 'Lévesque'}, 'location': {'street': {'number': 8138, 'name': 'Victoria Ave'}, 'city': 'Oakville', 'state': 'Saska...</msg>
<var>${json_data}</var>
<arg>${response.json()}</arg>
<doc>Returns the given values which can then be assigned to a variables.</doc>
<status status="PASS" start="2024-07-16T16:18:02.318714" elapsed="0.000480"/>
</kw>
<kw name="Dictionary Should Contain Key" owner="Collections">
<arg>${json_data}</arg>
<arg>results</arg>
<doc>Fails if ``key`` is not found from ``dictionary``.</doc>
<status status="PASS" start="2024-07-16T16:18:02.319496" elapsed="0.000168"/>
</kw>
<status status="PASS" start="2024-07-16T16:18:02.141268" elapsed="0.178553"/>
</kw>
<doc>Testa se a API responde corretamente e retorna um objeto JSON válido.</doc>
<tag>testeRequisicaoBasica</tag>
<status status="PASS" start="2024-07-16T16:18:02.140798" elapsed="0.179209"/>
</test>
<test id="s1-s1-t3" name="Validar estrutura de resposta" line="22">
<kw name="Teste de Estrutura de Resposta" owner="random-user-service">
<kw name="GET On Session" owner="RequestsLibrary">
<msg time="2024-07-16T16:18:02.435081" level="INFO">GET Request : url=https://randomuser.me/api 
 path_url=/api 
 headers={'User-Agent': 'python-requests/2.32.3', 'Accept-Encoding': 'gzip, deflate', 'Accept': '*/*', 'Connection': 'keep-alive'} 
 body=None 
 </msg>
<msg time="2024-07-16T16:18:02.435179" level="INFO">GET Response : url=https://randomuser.me/api 
 status=200, reason=OK 
 headers={'Date': 'Tue, 16 Jul 2024 16:18:02 GMT', 'Content-Type': 'application/json; charset=utf-8', 'Transfer-Encoding': 'chunked', 'Connection': 'keep-alive', 'X-Powered-By': 'Express', 'Access-Control-Allow-Origin': '*', 'Cache-Control': 'no-cache', 'ETag': 'W/"46a-ZTuSfm3Rdj8QsqxVdRFdyNtzm9k"', 'Vary': 'Accept-Encoding', 'Content-Encoding': 'gzip', 'CF-Cache-Status': 'DYNAMIC', 'Report-To': '{"endpoints":[{"url":"https:\\/\\/a.nel.cloudflare.com\\/report\\/v4?s=KKHNe8oqYGetsRu9GrZuP9E25QkaVic9EM%2BXLcWfO%2F2jbZ0Z75qCHM17zvQb%2BJ77YxiKNK5Ailg9slPzMx0MHB1b1SzoDyABrwQ6ryJ8pEvQ3Vq1BrNZzBaPdvAtneO1"}],"group":"cf-nel","max_age":604800}', 'NEL': '{"success_fraction":0,"report_to":"cf-nel","max_age":604800}', 'Server': 'cloudflare', 'CF-RAY': '8a434e4c88eb7aa9-SJC', 'alt-svc': 'h3=":443"; ma=86400'} 
 body={"results":[{"gender":"male","name":{"title":"Mr","first":"ماهان","last":"صدر"},"location":{"street":{"number":1985,"name":"پارک ارم"},"city":"پاکدشت","state":"هرمزگان","country":"Iran","postcode":38995,"coordinates":{"latitude":"13.3511","longitude":"-120.1980"},"timezone":{"offset":"+4:30","description":"Kabul"}},"email":"mhn.sdr@example.com","login":{"uuid":"b6a3edb5-46b4-44e8-a730-50e2df07ac2c","username":"brownbird413","password":"houston","salt":"sySqs7I4","md5":"d2fa7c6f83074c1a5de23e2df3af3635","sha1":"40bac8fb246b0bef4d5bc6c8c5d6fd836dad4983","sha256":"d3b778ec30a962ecb434f64fcda28a88af48187e407e795710a0d93a1af5f57f"},"dob":{"date":"1944-09-02T22:04:37.036Z","age":79},"registered":{"date":"2020-04-28T17:28:21.243Z","age":4},"phone":"089-04671747","cell":"0943-422-8391","id":{"name":"","value":null},"picture":{"large":"https://randomuser.me/api/portraits/men/18.jpg","medium":"https://randomuser.me/api/portraits/med/men/18.jpg","thumbnail":"https://randomuser.me/api/portraits/thumb/men/18.jpg"},"nat":"IR"}],"info":{"seed":"a55ab192a79aab7d","results":1,"page":1,"version":"1.4"}} 
 </msg>
<msg time="2024-07-16T16:18:02.435306" level="INFO">/opt/hostedtoolcache/Python/3.12.4/x64/lib/python3.12/site-packages/urllib3/connectionpool.py:1099: InsecureRequestWarning: Unverified HTTPS request is being made to host 'randomuser.me'. Adding certificate verification is strongly advised. See: https://urllib3.readthedocs.io/en/latest/advanced-usage.html#tls-warnings
  warnings.warn(</msg>
<msg time="2024-07-16T16:18:02.435426" level="INFO">${response} = &lt;Response [200]&gt;</msg>
<var>${response}</var>
<arg>consultarAPI</arg>
<arg>/api</arg>
<doc>Sends a GET request on a previously created HTTP Session.</doc>
<status status="PASS" start="2024-07-16T16:18:02.322655" elapsed="0.112811"/>
</kw>
<kw name="Set Variable" owner="BuiltIn">
<msg time="2024-07-16T16:18:02.436428" level="INFO">${json_data} = {'results': [{'gender': 'male', 'name': {'title': 'Mr', 'first': 'ماهان', 'last': 'صدر'}, 'location': {'street': {'number': 1985, 'name': 'پارک ارم'}, 'city': 'پاکدشت', 'state': 'هرمزگان', 'country': ...</msg>
<var>${json_data}</var>
<arg>${response.json()}</arg>
<doc>Returns the given values which can then be assigned to a variables.</doc>
<status status="PASS" start="2024-07-16T16:18:02.435896" elapsed="0.000563"/>
</kw>
<kw name="Log" owner="BuiltIn">
<msg time="2024-07-16T16:18:02.436953" level="INFO">{'results': [{'gender': 'male', 'name': {'title': 'Mr', 'first': 'ماهان', 'last': 'صدر'}, 'location': {'street': {'number': 1985, 'name': 'پارک ارم'}, 'city': 'پاکدشت', 'state': 'هرمزگان', 'country': 'Iran', 'postcode': 38995, 'coordinates': {'latitude': '13.3511', 'longitude': '-120.1980'}, 'timezone': {'offset': '+4:30', 'description': 'Kabul'}}, 'email': 'mhn.sdr@example.com', 'login': {'uuid': 'b6a3edb5-46b4-44e8-a730-50e2df07ac2c', 'username': 'brownbird413', 'password': 'houston', 'salt': 'sySqs7I4', 'md5': 'd2fa7c6f83074c1a5de23e2df3af3635', 'sha1': '40bac8fb246b0bef4d5bc6c8c5d6fd836dad4983', 'sha256': 'd3b778ec30a962ecb434f64fcda28a88af48187e407e795710a0d93a1af5f57f'}, 'dob': {'date': '1944-09-02T22:04:37.036Z', 'age': 79}, 'registered': {'date': '2020-04-28T17:28:21.243Z', 'age': 4}, 'phone': '089-04671747', 'cell': '0943-422-8391', 'id': {'name': '', 'value': None}, 'picture': {'large': 'https://randomuser.me/api/portraits/men/18.jpg', 'medium': 'https://randomuser.me/api/portraits/med/men/18.jpg', 'thumbnail': 'https://randomuser.me/api/portraits/thumb/men/18.jpg'}, 'nat': 'IR'}], 'info': {'seed': 'a55ab192a79aab7d', 'results': 1, 'page': 1, 'version': '1.4'}}</msg>
<arg>${json_data}</arg>
<doc>Logs the given message with the given level.</doc>
<status status="PASS" start="2024-07-16T16:18:02.436788" elapsed="0.000217"/>
</kw>
<kw name="Dictionary Should Contain Key" owner="Collections">
<arg>${json_data}</arg>
<arg>results</arg>
<doc>Fails if ``key`` is not found from ``dictionary``.</doc>
<status status="PASS" start="2024-07-16T16:18:02.437304" elapsed="0.000157"/>
</kw>
<kw name="Should Not Be Empty" owner="BuiltIn">
<msg time="2024-07-16T16:18:02.437780" level="INFO">Length is 2.</msg>
<arg>${json_data}</arg>
<doc>Verifies that the given item is not empty.</doc>
<status status="PASS" start="2024-07-16T16:18:02.437650" elapsed="0.000170"/>
</kw>
<kw name="Create List" owner="BuiltIn">
<msg time="2024-07-16T16:18:02.438416" level="INFO">${expected_keys} = ['gender', 'name', 'location', 'email', 'login']</msg>
<var>${expected_keys}</var>
<arg>gender</arg>
<arg>name</arg>
<arg>location</arg>
<arg>email</arg>
<arg>login</arg>
<doc>Returns a list containing given items.</doc>
<status status="PASS" start="2024-07-16T16:18:02.438116" elapsed="0.000326"/>
</kw>
<for flavor="IN">
<iter>
<kw name="Dictionary Should Contain Key" owner="Collections">
<arg>${json_data['results'][0]}</arg>
<arg>${key}</arg>
<doc>Fails if ``key`` is not found from ``dictionary``.</doc>
<status status="PASS" start="2024-07-16T16:18:02.439037" elapsed="0.000410"/>
</kw>
<kw name="Log" owner="BuiltIn">
<msg time="2024-07-16T16:18:02.440003" level="INFO">{'gender': 'male', 'name': {'title': 'Mr', 'first': 'ماهان', 'last': 'صدر'}, 'location': {'street': {'number': 1985, 'name': 'پارک ارم'}, 'city': 'پاکدشت', 'state': 'هرمزگان', 'country': 'Iran', 'postcode': 38995, 'coordinates': {'latitude': '13.3511', 'longitude': '-120.1980'}, 'timezone': {'offset': '+4:30', 'description': 'Kabul'}}, 'email': 'mhn.sdr@example.com', 'login': {'uuid': 'b6a3edb5-46b4-44e8-a730-50e2df07ac2c', 'username': 'brownbird413', 'password': 'houston', 'salt': 'sySqs7I4', 'md5': 'd2fa7c6f83074c1a5de23e2df3af3635', 'sha1': '40bac8fb246b0bef4d5bc6c8c5d6fd836dad4983', 'sha256': 'd3b778ec30a962ecb434f64fcda28a88af48187e407e795710a0d93a1af5f57f'}, 'dob': {'date': '1944-09-02T22:04:37.036Z', 'age': 79}, 'registered': {'date': '2020-04-28T17:28:21.243Z', 'age': 4}, 'phone': '089-04671747', 'cell': '0943-422-8391', 'id': {'name': '', 'value': None}, 'picture': {'large': 'https://randomuser.me/api/portraits/men/18.jpg', 'medium': 'https://randomuser.me/api/portraits/med/men/18.jpg', 'thumbnail': 'https://randomuser.me/api/portraits/thumb/men/18.jpg'}, 'nat': 'IR'}</msg>
<arg>${json_data['results'][0]}</arg>
<doc>Logs the given message with the given level.</doc>
<status status="PASS" start="2024-07-16T16:18:02.439638" elapsed="0.000420"/>
</kw>
<kw name="Log" owner="BuiltIn">
<msg time="2024-07-16T16:18:02.440513" level="INFO">gender</msg>
<arg>${key}</arg>
<doc>Logs the given message with the given level.</doc>
<status status="PASS" start="2024-07-16T16:18:02.440383" elapsed="0.000168"/>
</kw>
<var name="${key}">gender</var>
<status status="PASS" start="2024-07-16T16:18:02.438913" elapsed="0.001859"/>
</iter>
<iter>
<kw name="Dictionary Should Contain Key" owner="Collections">
<arg>${json_data['results'][0]}</arg>
<arg>${key}</arg>
<doc>Fails if ``key`` is not found from ``dictionary``.</doc>
<status status="PASS" start="2024-07-16T16:18:02.441068" elapsed="0.000394"/>
</kw>
<kw name="Log" owner="BuiltIn">
<msg time="2024-07-16T16:18:02.441996" level="INFO">{'gender': 'male', 'name': {'title': 'Mr', 'first': 'ماهان', 'last': 'صدر'}, 'location': {'street': {'number': 1985, 'name': 'پارک ارم'}, 'city': 'پاکدشت', 'state': 'هرمزگان', 'country': 'Iran', 'postcode': 38995, 'coordinates': {'latitude': '13.3511', 'longitude': '-120.1980'}, 'timezone': {'offset': '+4:30', 'description': 'Kabul'}}, 'email': 'mhn.sdr@example.com', 'login': {'uuid': 'b6a3edb5-46b4-44e8-a730-50e2df07ac2c', 'username': 'brownbird413', 'password': 'houston', 'salt': 'sySqs7I4', 'md5': 'd2fa7c6f83074c1a5de23e2df3af3635', 'sha1': '40bac8fb246b0bef4d5bc6c8c5d6fd836dad4983', 'sha256': 'd3b778ec30a962ecb434f64fcda28a88af48187e407e795710a0d93a1af5f57f'}, 'dob': {'date': '1944-09-02T22:04:37.036Z', 'age': 79}, 'registered': {'date': '2020-04-28T17:28:21.243Z', 'age': 4}, 'phone': '089-04671747', 'cell': '0943-422-8391', 'id': {'name': '', 'value': None}, 'picture': {'large': 'https://randomuser.me/api/portraits/men/18.jpg', 'medium': 'https://randomuser.me/api/portraits/med/men/18.jpg', 'thumbnail': 'https://randomuser.me/api/portraits/thumb/men/18.jpg'}, 'nat': 'IR'}</msg>
<arg>${json_data['results'][0]}</arg>
<doc>Logs the given message with the given level.</doc>
<status status="PASS" start="2024-07-16T16:18:02.441644" elapsed="0.000436"/>
</kw>
<kw name="Log" owner="BuiltIn">
<msg time="2024-07-16T16:18:02.442507" level="INFO">name</msg>
<arg>${key}</arg>
<doc>Logs the given message with the given level.</doc>
<status status="PASS" start="2024-07-16T16:18:02.442380" elapsed="0.000166"/>
</kw>
<var name="${key}">name</var>
<status status="PASS" start="2024-07-16T16:18:02.440956" elapsed="0.001817"/>
</iter>
<iter>
<kw name="Dictionary Should Contain Key" owner="Collections">
<arg>${json_data['results'][0]}</arg>
<arg>${key}</arg>
<doc>Fails if ``key`` is not found from ``dictionary``.</doc>
<status status="PASS" start="2024-07-16T16:18:02.443065" elapsed="0.000378"/>
</kw>
<kw name="Log" owner="BuiltIn">
<msg time="2024-07-16T16:18:02.443978" level="INFO">{'gender': 'male', 'name': {'title': 'Mr', 'first': 'ماهان', 'last': 'صدر'}, 'location': {'street': {'number': 1985, 'name': 'پارک ارم'}, 'city': 'پاکدشت', 'state': 'هرمزگان', 'country': 'Iran', 'postcode': 38995, 'coordinates': {'latitude': '13.3511', 'longitude': '-120.1980'}, 'timezone': {'offset': '+4:30', 'description': 'Kabul'}}, 'email': 'mhn.sdr@example.com', 'login': {'uuid': 'b6a3edb5-46b4-44e8-a730-50e2df07ac2c', 'username': 'brownbird413', 'password': 'houston', 'salt': 'sySqs7I4', 'md5': 'd2fa7c6f83074c1a5de23e2df3af3635', 'sha1': '40bac8fb246b0bef4d5bc6c8c5d6fd836dad4983', 'sha256': 'd3b778ec30a962ecb434f64fcda28a88af48187e407e795710a0d93a1af5f57f'}, 'dob': {'date': '1944-09-02T22:04:37.036Z', 'age': 79}, 'registered': {'date': '2020-04-28T17:28:21.243Z', 'age': 4}, 'phone': '089-04671747', 'cell': '0943-422-8391', 'id': {'name': '', 'value': None}, 'picture': {'large': 'https://randomuser.me/api/portraits/men/18.jpg', 'medium': 'https://randomuser.me/api/portraits/med/men/18.jpg', 'thumbnail': 'https://randomuser.me/api/portraits/thumb/men/18.jpg'}, 'nat': 'IR'}</msg>
<arg>${json_data['results'][0]}</arg>
<doc>Logs the given message with the given level.</doc>
<status status="PASS" start="2024-07-16T16:18:02.443626" elapsed="0.000404"/>
</kw>
<kw name="Log" owner="BuiltIn">
<msg time="2024-07-16T16:18:02.444479" level="INFO">location</msg>
<arg>${key}</arg>
<doc>Logs the given message with the given level.</doc>
<status status="PASS" start="2024-07-16T16:18:02.444349" elapsed="0.000168"/>
</kw>
<var name="${key}">location</var>
<status status="PASS" start="2024-07-16T16:18:02.442958" elapsed="0.001774"/>
</iter>
<iter>
<kw name="Dictionary Should Contain Key" owner="Collections">
<arg>${json_data['results'][0]}</arg>
<arg>${key}</arg>
<doc>Fails if ``key`` is not found from ``dictionary``.</doc>
<status status="PASS" start="2024-07-16T16:18:02.445010" elapsed="0.000392"/>
</kw>
<kw name="Log" owner="BuiltIn">
<msg time="2024-07-16T16:18:02.445939" level="INFO">{'gender': 'male', 'name': {'title': 'Mr', 'first': 'ماهان', 'last': 'صدر'}, 'location': {'street': {'number': 1985, 'name': 'پارک ارم'}, 'city': 'پاکدشت', 'state': 'هرمزگان', 'country': 'Iran', 'postcode': 38995, 'coordinates': {'latitude': '13.3511', 'longitude': '-120.1980'}, 'timezone': {'offset': '+4:30', 'description': 'Kabul'}}, 'email': 'mhn.sdr@example.com', 'login': {'uuid': 'b6a3edb5-46b4-44e8-a730-50e2df07ac2c', 'username': 'brownbird413', 'password': 'houston', 'salt': 'sySqs7I4', 'md5': 'd2fa7c6f83074c1a5de23e2df3af3635', 'sha1': '40bac8fb246b0bef4d5bc6c8c5d6fd836dad4983', 'sha256': 'd3b778ec30a962ecb434f64fcda28a88af48187e407e795710a0d93a1af5f57f'}, 'dob': {'date': '1944-09-02T22:04:37.036Z', 'age': 79}, 'registered': {'date': '2020-04-28T17:28:21.243Z', 'age': 4}, 'phone': '089-04671747', 'cell': '0943-422-8391', 'id': {'name': '', 'value': None}, 'picture': {'large': 'https://randomuser.me/api/portraits/men/18.jpg', 'medium': 'https://randomuser.me/api/portraits/med/men/18.jpg', 'thumbnail': 'https://randomuser.me/api/portraits/thumb/men/18.jpg'}, 'nat': 'IR'}</msg>
<arg>${json_data['results'][0]}</arg>
<doc>Logs the given message with the given level.</doc>
<status status="PASS" start="2024-07-16T16:18:02.445587" elapsed="0.000405"/>
</kw>
<kw name="Log" owner="BuiltIn">
<msg time="2024-07-16T16:18:02.446422" level="INFO">email</msg>
<arg>${key}</arg>
<doc>Logs the given message with the given level.</doc>
<status status="PASS" start="2024-07-16T16:18:02.446290" elapsed="0.000171"/>
</kw>
<var name="${key}">email</var>
<status status="PASS" start="2024-07-16T16:18:02.444902" elapsed="0.001779"/>
</iter>
<iter>
<kw name="Dictionary Should Contain Key" owner="Collections">
<arg>${json_data['results'][0]}</arg>
<arg>${key}</arg>
<doc>Fails if ``key`` is not found from ``dictionary``.</doc>
<status status="PASS" start="2024-07-16T16:18:02.446965" elapsed="0.000390"/>
</kw>
<kw name="Log" owner="BuiltIn">
<msg time="2024-07-16T16:18:02.447886" level="INFO">{'gender': 'male', 'name': {'title': 'Mr', 'first': 'ماهان', 'last': 'صدر'}, 'location': {'street': {'number': 1985, 'name': 'پارک ارم'}, 'city': 'پاکدشت', 'state': 'هرمزگان', 'country': 'Iran', 'postcode': 38995, 'coordinates': {'latitude': '13.3511', 'longitude': '-120.1980'}, 'timezone': {'offset': '+4:30', 'description': 'Kabul'}}, 'email': 'mhn.sdr@example.com', 'login': {'uuid': 'b6a3edb5-46b4-44e8-a730-50e2df07ac2c', 'username': 'brownbird413', 'password': 'houston', 'salt': 'sySqs7I4', 'md5': 'd2fa7c6f83074c1a5de23e2df3af3635', 'sha1': '40bac8fb246b0bef4d5bc6c8c5d6fd836dad4983', 'sha256': 'd3b778ec30a962ecb434f64fcda28a88af48187e407e795710a0d93a1af5f57f'}, 'dob': {'date': '1944-09-02T22:04:37.036Z', 'age': 79}, 'registered': {'date': '2020-04-28T17:28:21.243Z', 'age': 4}, 'phone': '089-04671747', 'cell': '0943-422-8391', 'id': {'name': '', 'value': None}, 'picture': {'large': 'https://randomuser.me/api/portraits/men/18.jpg', 'medium': 'https://randomuser.me/api/portraits/med/men/18.jpg', 'thumbnail': 'https://randomuser.me/api/portraits/thumb/men/18.jpg'}, 'nat': 'IR'}</msg>
<arg>${json_data['results'][0]}</arg>
<doc>Logs the given message with the given level.</doc>
<status status="PASS" start="2024-07-16T16:18:02.447536" elapsed="0.000402"/>
</kw>
<kw name="Log" owner="BuiltIn">
<msg time="2024-07-16T16:18:02.448385" level="INFO">login</msg>
<arg>${key}</arg>
<doc>Logs the given message with the given level.</doc>
<status status="PASS" start="2024-07-16T16:18:02.448255" elapsed="0.000168"/>
</kw>
<var name="${key}">login</var>
<status status="PASS" start="2024-07-16T16:18:02.446852" elapsed="0.001783"/>
</iter>
<var>${key}</var>
<value>@{expected_keys}</value>
<status status="PASS" start="2024-07-16T16:18:02.438705" elapsed="0.010049"/>
</for>
<kw name="Create List" owner="BuiltIn">
<msg time="2024-07-16T16:18:02.449081" level="INFO">${expected_keysTwo} = ['username', 'password']</msg>
<var>${expected_keysTwo}</var>
<arg>username</arg>
<arg>password</arg>
<doc>Returns a list containing given items.</doc>
<status status="PASS" start="2024-07-16T16:18:02.448942" elapsed="0.000164"/>
</kw>
<for flavor="IN">
<iter>
<kw name="Dictionary Should Contain Key" owner="Collections">
<arg>${json_data['results'][0]['login']}</arg>
<arg>${keyTwo}</arg>
<doc>Fails if ``key`` is not found from ``dictionary``.</doc>
<status status="PASS" start="2024-07-16T16:18:02.449773" elapsed="0.000630"/>
</kw>
<kw name="Dictionary Should Contain Key" owner="Collections">
<arg>${json_data['results'][0]['login']}</arg>
<arg>${keyTwo}</arg>
<doc>Fails if ``key`` is not found from ``dictionary``.</doc>
<status status="PASS" start="2024-07-16T16:18:02.450693" elapsed="0.000657"/>
</kw>
<kw name="Log" owner="BuiltIn">
<msg time="2024-07-16T16:18:02.451855" level="INFO">username</msg>
<arg>${keyTwo}</arg>
<doc>Logs the given message with the given level.</doc>
<status status="PASS" start="2024-07-16T16:18:02.451666" elapsed="0.000249"/>
</kw>
<var name="${keyTwo}">username</var>
<status status="PASS" start="2024-07-16T16:18:02.449609" elapsed="0.002669"/>
</iter>
<iter>
<kw name="Dictionary Should Contain Key" owner="Collections">
<arg>${json_data['results'][0]['login']}</arg>
<arg>${keyTwo}</arg>
<doc>Fails if ``key`` is not found from ``dictionary``.</doc>
<status status="PASS" start="2024-07-16T16:18:02.452729" elapsed="0.000663"/>
</kw>
<kw name="Dictionary Should Contain Key" owner="Collections">
<arg>${json_data['results'][0]['login']}</arg>
<arg>${keyTwo}</arg>
<doc>Fails if ``key`` is not found from ``dictionary``.</doc>
<status status="PASS" start="2024-07-16T16:18:02.453713" elapsed="0.000667"/>
</kw>
<kw name="Log" owner="BuiltIn">
<msg time="2024-07-16T16:18:02.454897" level="INFO">password</msg>
<arg>${keyTwo}</arg>
<doc>Logs the given message with the given level.</doc>
<status status="PASS" start="2024-07-16T16:18:02.454701" elapsed="0.000267"/>
</kw>
<var name="${keyTwo}">password</var>
<status status="PASS" start="2024-07-16T16:18:02.452544" elapsed="0.002880"/>
</iter>
<var>${keyTwo}</var>
<value>@{expected_keysTwo}</value>
<status status="PASS" start="2024-07-16T16:18:02.449395" elapsed="0.006202"/>
</for>
<status status="PASS" start="2024-07-16T16:18:02.322419" elapsed="0.133397"/>
</kw>
<doc>Testa a estrutura da resposta da API.</doc>
<tag>testeEstruturaResposta</tag>
<status status="PASS" start="2024-07-16T16:18:02.321887" elapsed="0.134171"/>
</test>
<test id="s1-s1-t4" name="Validar tipos de dados" line="28">
<kw name="Teste de Tipos de Dados" owner="random-user-service">
<kw name="GET On Session" owner="RequestsLibrary">
<msg time="2024-07-16T16:18:02.560911" level="INFO">GET Request : url=https://randomuser.me/api 
 path_url=/api 
 headers={'User-Agent': 'python-requests/2.32.3', 'Accept-Encoding': 'gzip, deflate', 'Accept': '*/*', 'Connection': 'keep-alive'} 
 body=None 
 </msg>
<msg time="2024-07-16T16:18:02.561010" level="INFO">GET Response : url=https://randomuser.me/api 
 status=200, reason=OK 
 headers={'Date': 'Tue, 16 Jul 2024 16:18:02 GMT', 'Content-Type': 'application/json; charset=utf-8', 'Transfer-Encoding': 'chunked', 'Connection': 'keep-alive', 'X-Powered-By': 'Express', 'Access-Control-Allow-Origin': '*', 'Cache-Control': 'no-cache', 'ETag': 'W/"485-Pm/hag9ZpkoYZNKpLq7Spc+BfLc"', 'Vary': 'Accept-Encoding', 'Content-Encoding': 'gzip', 'CF-Cache-Status': 'DYNAMIC', 'Report-To': '{"endpoints":[{"url":"https:\\/\\/a.nel.cloudflare.com\\/report\\/v4?s=10SyuvVaBx9es9wQMPy4mDQ3NNkN9U8UmzgrAp%2Bm0HDDKVfocOyLkgL%2FanfxojFY5akUB21UdptLJlBkuvJwuFcCgjgq8eCgBI7uf11rOhzCpY0Dv91Ic4xD7UzQE5Tw"}],"group":"cf-nel","max_age":604800}', 'NEL': '{"success_fraction":0,"report_to":"cf-nel","max_age":604800}', 'Server': 'cloudflare', 'CF-RAY': '8a434e4d69d37aa9-SJC', 'alt-svc': 'h3=":443"; ma=86400'} 
 body={"results":[{"gender":"male","name":{"title":"Mr","first":"Johnathan","last":"Teitsma"},"location":{"street":{"number":7296,"name":"Kieftenweg"},"city":"Heijenrath","state":"Groningen","country":"Netherlands","postcode":"9123 XE","coordinates":{"latitude":"38.4400","longitude":"-160.8393"},"timezone":{"offset":"+5:45","description":"Kathmandu"}},"email":"johnathan.teitsma@example.com","login":{"uuid":"7bbbe561-3afe-424b-9115-9ff5f4d24568","username":"beautifulgoose652","password":"aaaaaa","salt":"nN76iqSZ","md5":"0727bfcce9f623ab45f3a241109819ce","sha1":"15e531a48ff697348c500668391e33bd1174bede","sha256":"4a008d3e430f5f9caef0419972821e766c22ff99b4638e9a7b13f486e03d5c0d"},"dob":{"date":"1999-07-18T05:00:46.027Z","age":24},"registered":{"date":"2021-05-05T06:19:30.874Z","age":3},"phone":"(092) 8123351","cell":"(06) 73866309","id":{"name":"BSN","value":"17931748"},"picture":{"large":"https://randomuser.me/api/portraits/men/34.jpg","medium":"https://randomuser.me/api/portraits/med/men/34.jpg","thumbnail":"https://randomuser.me/api/portraits/thumb/men/34.jpg"},"nat":"NL"}],"info":{"seed":"4e037ec035a7492e","results":1,"page":1,"version":"1.4"}} 
 </msg>
<msg time="2024-07-16T16:18:02.561119" level="INFO">/opt/hostedtoolcache/Python/3.12.4/x64/lib/python3.12/site-packages/urllib3/connectionpool.py:1099: InsecureRequestWarning: Unverified HTTPS request is being made to host 'randomuser.me'. Adding certificate verification is strongly advised. See: https://urllib3.readthedocs.io/en/latest/advanced-usage.html#tls-warnings
  warnings.warn(</msg>
<msg time="2024-07-16T16:18:02.561263" level="INFO">${response} = &lt;Response [200]&gt;</msg>
<var>${response}</var>
<arg>consultarAPI</arg>
<arg>/api</arg>
<doc>Sends a GET request on a previously created HTTP Session.</doc>
<status status="PASS" start="2024-07-16T16:18:02.460077" elapsed="0.101230"/>
</kw>
<kw name="Set Variable" owner="BuiltIn">
<msg time="2024-07-16T16:18:02.562533" level="INFO">${json_data} = {'results': [{'gender': 'male', 'name': {'title': 'Mr', 'first': 'Johnathan', 'last': 'Teitsma'}, 'location': {'street': {'number': 7296, 'name': 'Kieftenweg'}, 'city': 'Heijenrath', 'state': 'Groning...</msg>
<var>${json_data}</var>
<arg>${response.json()}</arg>
<doc>Returns the given values which can then be assigned to a variables.</doc>
<status status="PASS" start="2024-07-16T16:18:02.561840" elapsed="0.000736"/>
</kw>
<kw name="Log" owner="BuiltIn">
<msg time="2024-07-16T16:18:02.563244" level="INFO">{'results': [{'gender': 'male', 'name': {'title': 'Mr', 'first': 'Johnathan', 'last': 'Teitsma'}, 'location': {'street': {'number': 7296, 'name': 'Kieftenweg'}, 'city': 'Heijenrath', 'state': 'Groningen', 'country': 'Netherlands', 'postcode': '9123 XE', 'coordinates': {'latitude': '38.4400', 'longitude': '-160.8393'}, 'timezone': {'offset': '+5:45', 'description': 'Kathmandu'}}, 'email': 'johnathan.teitsma@example.com', 'login': {'uuid': '7bbbe561-3afe-424b-9115-9ff5f4d24568', 'username': 'beautifulgoose652', 'password': 'aaaaaa', 'salt': 'nN76iqSZ', 'md5': '0727bfcce9f623ab45f3a241109819ce', 'sha1': '15e531a48ff697348c500668391e33bd1174bede', 'sha256': '4a008d3e430f5f9caef0419972821e766c22ff99b4638e9a7b13f486e03d5c0d'}, 'dob': {'date': '1999-07-18T05:00:46.027Z', 'age': 24}, 'registered': {'date': '2021-05-05T06:19:30.874Z', 'age': 3}, 'phone': '(092) 8123351', 'cell': '(06) 73866309', 'id': {'name': 'BSN', 'value': '17931748'}, 'picture': {'large': 'https://randomuser.me/api/portraits/men/34.jpg', 'medium': 'https://randomuser.me/api/portraits/med/men/34.jpg', 'thumbnail': 'https://randomuser.me/api/portraits/thumb/men/34.jpg'}, 'nat': 'NL'}], 'info': {'seed': '4e037ec035a7492e', 'results': 1, 'page': 1, 'version': '1.4'}}</msg>
<arg>${json_data}</arg>
<doc>Logs the given message with the given level.</doc>
<status status="PASS" start="2024-07-16T16:18:02.563012" elapsed="0.000319"/>
</kw>
<kw name="Should Be String" owner="String">
<arg>${json_data['results'][0]['gender']}</arg>
<doc>Fails if the given ``item`` is not a string.</doc>
<status status="PASS" start="2024-07-16T16:18:02.563756" elapsed="0.000632"/>
</kw>
<kw name="Should Match Regexp" owner="BuiltIn">
<arg>${json_data['results'][0]['email']}</arg>
<arg>^[a-zA-Z0-9._%+-]+@[a-zA-Z0-9.-]+\.[a-zA-Z]{2,}$</arg>
<doc>Fails if ``string`` does not match ``pattern`` as a regular expression.</doc>
<status status="PASS" start="2024-07-16T16:18:02.564701" elapsed="0.000845"/>
</kw>
<kw name="Should Match Regexp" owner="BuiltIn">
<arg>${json_data['results'][0]['dob']['date']}</arg>
<arg>\\d{4}-\\d{2}-\\d{2}T\\d{2}:\\d{2}:\\d{2}\\.\\d{3}Z</arg>
<doc>Fails if ``string`` does not match ``pattern`` as a regular expression.</doc>
<status status="PASS" start="2024-07-16T16:18:02.565909" elapsed="0.000835"/>
</kw>
<kw name="Should Match Regexp" owner="BuiltIn">
<arg>${json_data['results'][0]['registered']['date']}</arg>
<arg>\\d{4}-\\d{2}-\\d{2}T\\d{2}:\\d{2}:\\d{2}\\.\\d{3}Z</arg>
<doc>Fails if ``string`` does not match ``pattern`` as a regular expression.</doc>
<status status="PASS" start="2024-07-16T16:18:02.567079" elapsed="0.000645"/>
</kw>
<kw name="Should Match Regexp" owner="BuiltIn">
<arg>${json_data['results'][0]['picture']['large']}</arg>
<arg>^https?://.*\.(?:png|jpe?g|gif|bmp)$</arg>
<doc>Fails if ``string`` does not match ``pattern`` as a regular expression.</doc>
<status status="PASS" start="2024-07-16T16:18:02.568033" elapsed="0.000802"/>
</kw>
<kw name="Should Match Regexp" owner="BuiltIn">
<arg>${json_data['results'][0]['picture']['medium']}</arg>
<arg>^https?://.*\.(?:png|jpe?g|gif|bmp)$</arg>
<doc>Fails if ``string`` does not match ``pattern`` as a regular expression.</doc>
<status status="PASS" start="2024-07-16T16:18:02.569160" elapsed="0.000619"/>
</kw>
<kw name="Should Match Regexp" owner="BuiltIn">
<arg>${json_data['results'][0]['picture']['thumbnail']}</arg>
<arg>^https?://.*\.(?:png|jpe?g|gif|bmp)$</arg>
<doc>Fails if ``string`` does not match ``pattern`` as a regular expression.</doc>
<status status="PASS" start="2024-07-16T16:18:02.570072" elapsed="0.000571"/>
</kw>
<kw name="Log" owner="BuiltIn">
<msg time="2024-07-16T16:18:02.571240" level="INFO">{'large': 'https://randomuser.me/api/portraits/men/34.jpg', 'medium': 'https://randomuser.me/api/portraits/med/men/34.jpg', 'thumbnail': 'https://randomuser.me/api/portraits/thumb/men/34.jpg'}</msg>
<arg>${json_data['results'][0]['picture']}</arg>
<doc>Logs the given message with the given level.</doc>
<status status="PASS" start="2024-07-16T16:18:02.570880" elapsed="0.000407"/>
</kw>
<status status="PASS" start="2024-07-16T16:18:02.459784" elapsed="0.111766"/>
</kw>
<kw name="Teste de Tipos de Dados - Postcode" owner="random-user-service">
<kw name="GET On Session" owner="RequestsLibrary">
<msg time="2024-07-16T16:18:02.703012" level="INFO">GET Request : url=https://randomuser.me/api 
 path_url=/api 
 headers={'User-Agent': 'python-requests/2.32.3', 'Accept-Encoding': 'gzip, deflate', 'Accept': '*/*', 'Connection': 'keep-alive'} 
 body=None 
 </msg>
<msg time="2024-07-16T16:18:02.703093" level="INFO">GET Response : url=https://randomuser.me/api 
 status=200, reason=OK 
 headers={'Date': 'Tue, 16 Jul 2024 16:18:02 GMT', 'Content-Type': 'application/json; charset=utf-8', 'Transfer-Encoding': 'chunked', 'Connection': 'keep-alive', 'X-Powered-By': 'Express', 'Access-Control-Allow-Origin': '*', 'Cache-Control': 'no-cache', 'ETag': 'W/"48f-riSlsBQT7kYhBKMgbU9xC6WJfq8"', 'Vary': 'Accept-Encoding', 'Content-Encoding': 'gzip', 'CF-Cache-Status': 'DYNAMIC', 'Report-To': '{"endpoints":[{"url":"https:\\/\\/a.nel.cloudflare.com\\/report\\/v4?s=WTNG%2B2hP8FUcf8AB6batDwZCuUcyqMkEe3oWhqk5uEoJZqXYyLTvHtJAJ7nfF23BRapUGAgXPqTKodXuQYTtfr7d9uKoDXYrK2XFrU0ctFA4qgceq01OLMS0fIo1CfZU"}],"group":"cf-nel","max_age":604800}', 'NEL': '{"success_fraction":0,"report_to":"cf-nel","max_age":604800}', 'Server': 'cloudflare', 'CF-RAY': '8a434e4e1a677aa9-SJC', 'alt-svc': 'h3=":443"; ma=86400'} 
 body={"results":[{"gender":"male","name":{"title":"Mr","first":"Barry","last":"Barnes"},"location":{"street":{"number":2955,"name":"Pecan Acres Ln"},"city":"Atlanta","state":"New Hampshire","country":"United States","postcode":18607,"coordinates":{"latitude":"85.4602","longitude":"-0.5823"},"timezone":{"offset":"+6:00","description":"Almaty, Dhaka, Colombo"}},"email":"barry.barnes@example.com","login":{"uuid":"10c49091-58db-460e-958b-3675823dedca","username":"orangepeacock307","password":"feather","salt":"wI1Rxb61","md5":"58158897e5d3ffc39ab7bbaed10c5556","sha1":"c130754f80ece3e793f80031dc73b2b34faf608f","sha256":"bdde03fee34b9911c84e5d379bad1e2e4eca80a259df37d2e0eed8649fc23480"},"dob":{"date":"1967-12-29T20:57:50.958Z","age":56},"registered":{"date":"2011-11-11T05:40:41.920Z","age":12},"phone":"(612) 888-7612","cell":"(633) 601-8084","id":{"name":"SSN","value":"822-67-4246"},"picture":{"large":"https://randomuser.me/api/portraits/men/34.jpg","medium":"https://randomuser.me/api/portraits/med/men/34.jpg","thumbnail":"https://randomuser.me/api/portraits/thumb/men/34.jpg"},"nat":"US"}],"info":{"seed":"09e37389ad130e0d","results":1,"page":1,"version":"1.4"}} 
 </msg>
<msg time="2024-07-16T16:18:02.703165" level="INFO">/opt/hostedtoolcache/Python/3.12.4/x64/lib/python3.12/site-packages/urllib3/connectionpool.py:1099: InsecureRequestWarning: Unverified HTTPS request is being made to host 'randomuser.me'. Adding certificate verification is strongly advised. See: https://urllib3.readthedocs.io/en/latest/advanced-usage.html#tls-warnings
  warnings.warn(</msg>
<msg time="2024-07-16T16:18:02.703279" level="INFO">${response} = &lt;Response [200]&gt;</msg>
<var>${response}</var>
<arg>consultarAPI</arg>
<arg>/api</arg>
<doc>Sends a GET request on a previously created HTTP Session.</doc>
<status status="PASS" start="2024-07-16T16:18:02.572001" elapsed="0.131330"/>
</kw>
<kw name="Set Variable" owner="BuiltIn">
<msg time="2024-07-16T16:18:02.704518" level="INFO">${json_data} = {'results': [{'gender': 'male', 'name': {'title': 'Mr', 'first': 'Barry', 'last': 'Barnes'}, 'location': {'street': {'number': 2955, 'name': 'Pecan Acres Ln'}, 'city': 'Atlanta', 'state': 'New Hampshi...</msg>
<var>${json_data}</var>
<arg>${response.json()}</arg>
<doc>Returns the given values which can then be assigned to a variables.</doc>
<status status="PASS" start="2024-07-16T16:18:02.703894" elapsed="0.000654"/>
</kw>
<kw name="Log" owner="BuiltIn">
<msg time="2024-07-16T16:18:02.705032" level="INFO">{'results': [{'gender': 'male', 'name': {'title': 'Mr', 'first': 'Barry', 'last': 'Barnes'}, 'location': {'street': {'number': 2955, 'name': 'Pecan Acres Ln'}, 'city': 'Atlanta', 'state': 'New Hampshire', 'country': 'United States', 'postcode': 18607, 'coordinates': {'latitude': '85.4602', 'longitude': '-0.5823'}, 'timezone': {'offset': '+6:00', 'description': 'Almaty, Dhaka, Colombo'}}, 'email': 'barry.barnes@example.com', 'login': {'uuid': '10c49091-58db-460e-958b-3675823dedca', 'username': 'orangepeacock307', 'password': 'feather', 'salt': 'wI1Rxb61', 'md5': '58158897e5d3ffc39ab7bbaed10c5556', 'sha1': 'c130754f80ece3e793f80031dc73b2b34faf608f', 'sha256': 'bdde03fee34b9911c84e5d379bad1e2e4eca80a259df37d2e0eed8649fc23480'}, 'dob': {'date': '1967-12-29T20:57:50.958Z', 'age': 56}, 'registered': {'date': '2011-11-11T05:40:41.920Z', 'age': 12}, 'phone': '(612) 888-7612', 'cell': '(633) 601-8084', 'id': {'name': 'SSN', 'value': '822-67-4246'}, 'picture': {'large': 'https://randomuser.me/api/portraits/men/34.jpg', 'medium': 'https://randomuser.me/api/portraits/med/men/34.jpg', 'thumbnail': 'https://randomuser.me/api/portraits/thumb/men/34.jpg'}, 'nat': 'US'}], 'info': {'seed': '09e37389ad130e0d', 'results': 1, 'page': 1, 'version': '1.4'}}</msg>
<arg>${json_data}</arg>
<doc>Logs the given message with the given level.</doc>
<status status="PASS" start="2024-07-16T16:18:02.704871" elapsed="0.000209"/>
</kw>
<kw name="Should Be Equal As Numbers" owner="BuiltIn">
<arg>${json_data['results'][0]['location']['postcode']}</arg>
<arg>${json_data['results'][0]['location']['postcode']}</arg>
<doc>Fails if objects are unequal after converting them to real numbers.</doc>
<status status="PASS" start="2024-07-16T16:18:02.705376" elapsed="0.000629"/>
</kw>
<kw name="Log" owner="BuiltIn">
<msg time="2024-07-16T16:18:02.706676" level="INFO">18607</msg>
<arg>${json_data['results'][0]['location']['postcode']}</arg>
<doc>Logs the given message with the given level.</doc>
<status status="PASS" start="2024-07-16T16:18:02.706197" elapsed="0.000522"/>
</kw>
<status status="PASS" start="2024-07-16T16:18:02.571774" elapsed="0.135204"/>
</kw>
<doc>Testa se os tipos de dados na resposta da API estão corretos.</doc>
<tag>testeTiposDados</tag>
<status status="PASS" start="2024-07-16T16:18:02.459098" elapsed="0.248078"/>
</test>
<test id="s1-s1-t5" name="Validar conteudo" line="35">
<kw name="Teste de Tipos de Conteudo" owner="random-user-service">
<kw name="GET On Session" owner="RequestsLibrary">
<msg time="2024-07-16T16:18:02.809007" level="INFO">GET Request : url=https://randomuser.me/api 
 path_url=/api 
 headers={'User-Agent': 'python-requests/2.32.3', 'Accept-Encoding': 'gzip, deflate', 'Accept': '*/*', 'Connection': 'keep-alive'} 
 body=None 
 </msg>
<msg time="2024-07-16T16:18:02.809075" level="INFO">GET Response : url=https://randomuser.me/api 
 status=200, reason=OK 
 headers={'Date': 'Tue, 16 Jul 2024 16:18:02 GMT', 'Content-Type': 'application/json; charset=utf-8', 'Transfer-Encoding': 'chunked', 'Connection': 'keep-alive', 'X-Powered-By': 'Express', 'Access-Control-Allow-Origin': '*', 'Cache-Control': 'no-cache', 'ETag': 'W/"4a2-WGwgBruJCzLBx1xjsGFYk4EKfO4"', 'Vary': 'Accept-Encoding', 'Content-Encoding': 'gzip', 'CF-Cache-Status': 'DYNAMIC', 'Report-To': '{"endpoints":[{"url":"https:\\/\\/a.nel.cloudflare.com\\/report\\/v4?s=H6tTBF9%2BzrkxOlv0lXqUAQdnFuj33QkmGfDDo22Qh7qhVtqxtI5L55dPiw359Xm2VDjzOwDSLSINTcahbaHWQ3TsaRTJC978XOw1%2Fx2%2Fh5OtZ98clYpDiUBWRYfOeYEX"}],"group":"cf-nel","max_age":604800}', 'NEL': '{"success_fraction":0,"report_to":"cf-nel","max_age":604800}', 'Server': 'cloudflare', 'CF-RAY': '8a434e4efb337aa9-SJC', 'alt-svc': 'h3=":443"; ma=86400'} 
 body={"results":[{"gender":"male","name":{"title":"Mr","first":"Rémi","last":"Jean"},"location":{"street":{"number":1719,"name":"Rue du 8 Mai 1945"},"city":"Saint-Denis","state":"Seine-Saint-Denis","country":"France","postcode":97295,"coordinates":{"latitude":"-13.0773","longitude":"-29.0125"},"timezone":{"offset":"+10:00","description":"Eastern Australia, Guam, Vladivostok"}},"email":"remi.jean@example.com","login":{"uuid":"d7e2cddf-b5a6-4eb5-9fcc-8aba31fb92fb","username":"smallpeacock600","password":"vides","salt":"TwNz6Rvt","md5":"4d5098c44f6497829285cfae77982234","sha1":"b6db06d71bf96571fd972e3293da32cbf1a64642","sha256":"7ba2d5cc32224de32ab85ae2567b5f71678c09f7651440d67a5b7f68c74fea54"},"dob":{"date":"1981-11-27T08:15:28.140Z","age":42},"registered":{"date":"2017-01-09T12:47:24.415Z","age":7},"phone":"02-09-65-19-74","cell":"06-74-86-24-21","id":{"name":"INSEE","value":"1811059337059 93"},"picture":{"large":"https://randomuser.me/api/portraits/men/66.jpg","medium":"https://randomuser.me/api/portraits/med/men/66.jpg","thumbnail":"https://randomuser.me/api/portraits/thumb/men/66.jpg"},"nat":"FR"}],"info":{"seed":"49a9270dcbfdba7f","results":1,"page":1,"version":"1.4"}} 
 </msg>
<msg time="2024-07-16T16:18:02.809133" level="INFO">/opt/hostedtoolcache/Python/3.12.4/x64/lib/python3.12/site-packages/urllib3/connectionpool.py:1099: InsecureRequestWarning: Unverified HTTPS request is being made to host 'randomuser.me'. Adding certificate verification is strongly advised. See: https://urllib3.readthedocs.io/en/latest/advanced-usage.html#tls-warnings
  warnings.warn(</msg>
<msg time="2024-07-16T16:18:02.809226" level="INFO">${response} = &lt;Response [200]&gt;</msg>
<var>${response}</var>
<arg>consultarAPI</arg>
<arg>/api</arg>
<doc>Sends a GET request on a previously created HTTP Session.</doc>
<status status="PASS" start="2024-07-16T16:18:02.709776" elapsed="0.099492"/>
</kw>
<kw name="Set Variable" owner="BuiltIn">
<msg time="2024-07-16T16:18:02.810316" level="INFO">${json_data} = {'results': [{'gender': 'male', 'name': {'title': 'Mr', 'first': 'Rémi', 'last': 'Jean'}, 'location': {'street': {'number': 1719, 'name': 'Rue du 8 Mai 1945'}, 'city': 'Saint-Denis', 'state': 'Seine-S...</msg>
<var>${json_data}</var>
<arg>${response.json()}</arg>
<doc>Returns the given values which can then be assigned to a variables.</doc>
<status status="PASS" start="2024-07-16T16:18:02.809750" elapsed="0.000595"/>
</kw>
<kw name="Set Variable" owner="BuiltIn">
<msg time="2024-07-16T16:18:02.811036" level="INFO">${name_title} = Mr</msg>
<var>${name_title}</var>
<arg>${json_data["results"][0]["name"]["title"]}</arg>
<doc>Returns the given values which can then be assigned to a variables.</doc>
<status status="PASS" start="2024-07-16T16:18:02.810653" elapsed="0.000409"/>
</kw>
<kw name="Create List" owner="BuiltIn">
<msg time="2024-07-16T16:18:02.811501" level="INFO">${allowed_titles} = ['Mr', 'Ms', 'Miss', 'Mrs', 'Madame', 'Monsieur']</msg>
<var>${allowed_titles}</var>
<arg>Mr</arg>
<arg>Ms</arg>
<arg>Miss</arg>
<arg>Mrs</arg>
<arg>Madame</arg>
<arg>Monsieur</arg>
<doc>Returns a list containing given items.</doc>
<status status="PASS" start="2024-07-16T16:18:02.811354" elapsed="0.000170"/>
</kw>
<kw name="List Should Contain Value" owner="Collections">
<arg>${allowed_titles}</arg>
<arg>${name_title}</arg>
<doc>Fails if the ``value`` is not found from ``list``.</doc>
<status status="PASS" start="2024-07-16T16:18:02.811814" elapsed="0.000180"/>
</kw>
<kw name="Set Variable" owner="BuiltIn">
<msg time="2024-07-16T16:18:02.812596" level="INFO">${name_country} = FR</msg>
<var>${name_country}</var>
<arg>${json_data["results"][0]["nat"]}</arg>
<doc>Returns the given values which can then be assigned to a variables.</doc>
<status status="PASS" start="2024-07-16T16:18:02.812174" elapsed="0.000447"/>
</kw>
<kw name="Create List" owner="BuiltIn">
<msg time="2024-07-16T16:18:02.813503" level="INFO">${list_country} = ['AD', 'AE', 'AF', 'AG', 'AI', 'AL', 'AM', 'AO', 'AQ', 'AR', 'AS', 'AT', 'AU', 'AW', 'AX', 'AZ', 'BA', 'BB', 'BD', 'BE', 'BF', 'BG', 'BH', 'BI', 'BJ', 'BL', 'BM', 'BN', 'BO', 'BQ', 'BR', 'BS', 'BT', '...</msg>
<var>${list_country}</var>
<arg>AD</arg>
<arg>AE</arg>
<arg>AF</arg>
<arg>AG</arg>
<arg>AI</arg>
<arg>AL</arg>
<arg>AM</arg>
<arg>AO</arg>
<arg>AQ</arg>
<arg>AR</arg>
<arg>AS</arg>
<arg>AT</arg>
<arg>AU</arg>
<arg>AW</arg>
<arg>AX</arg>
<arg>AZ</arg>
<arg>BA</arg>
<arg>BB</arg>
<arg>BD</arg>
<arg>BE</arg>
<arg>BF</arg>
<arg>BG</arg>
<arg>BH</arg>
<arg>BI</arg>
<arg>BJ</arg>
<arg>BL</arg>
<arg>BM</arg>
<arg>BN</arg>
<arg>BO</arg>
<arg>BQ</arg>
<arg>BR</arg>
<arg>BS</arg>
<arg>BT</arg>
<arg>BV</arg>
<arg>BW</arg>
<arg>BY</arg>
<arg>BZ</arg>
<arg>CA</arg>
<arg>CC</arg>
<arg>CD</arg>
<arg>CF</arg>
<arg>CG</arg>
<arg>CH</arg>
<arg>CI</arg>
<arg>CK</arg>
<arg>CL</arg>
<arg>CM</arg>
<arg>CN</arg>
<arg>CO</arg>
<arg>CR</arg>
<arg>CU</arg>
<arg>CV</arg>
<arg>CW</arg>
<arg>CX</arg>
<arg>CY</arg>
<arg>CZ</arg>
<arg>DE</arg>
<arg>DJ</arg>
<arg>DK</arg>
<arg>DM</arg>
<arg>DO</arg>
<arg>DZ</arg>
<arg>EC</arg>
<arg>EE</arg>
<arg>EG</arg>
<arg>EH</arg>
<arg>ER</arg>
<arg>ES</arg>
<arg>ET</arg>
<arg>FI</arg>
<arg>FJ</arg>
<arg>FK</arg>
<arg>FM</arg>
<arg>FO</arg>
<arg>FR</arg>
<arg>GA</arg>
<arg>GB</arg>
<arg>GD</arg>
<arg>GE</arg>
<arg>GF</arg>
<arg>GG</arg>
<arg>GH</arg>
<arg>GI</arg>
<arg>GL</arg>
<arg>GM</arg>
<arg>GN</arg>
<arg>GP</arg>
<arg>GQ</arg>
<arg>GR</arg>
<arg>GS</arg>
<arg>GT</arg>
<arg>GU</arg>
<arg>GW</arg>
<arg>GY</arg>
<arg>HK</arg>
<arg>HM</arg>
<arg>HN</arg>
<arg>HR</arg>
<arg>HT</arg>
<arg>HU</arg>
<arg>ID</arg>
<arg>IE</arg>
<arg>IL</arg>
<arg>IM</arg>
<arg>IN</arg>
<arg>IO</arg>
<arg>IQ</arg>
<arg>IR</arg>
<arg>IS</arg>
<arg>IT</arg>
<arg>JE</arg>
<arg>JM</arg>
<arg>JO</arg>
<arg>JP</arg>
<arg>KE</arg>
<arg>KG</arg>
<arg>KH</arg>
<arg>KI</arg>
<arg>KM</arg>
<arg>KN</arg>
<arg>KP</arg>
<arg>KR</arg>
<arg>KW</arg>
<arg>KY</arg>
<arg>KZ</arg>
<arg>LA</arg>
<arg>LB</arg>
<arg>LC</arg>
<arg>LI</arg>
<arg>LK</arg>
<arg>LR</arg>
<arg>LS</arg>
<arg>LT</arg>
<arg>LU</arg>
<arg>LV</arg>
<arg>LY</arg>
<arg>MA</arg>
<arg>MC</arg>
<arg>MD</arg>
<arg>ME</arg>
<arg>MF</arg>
<arg>MG</arg>
<arg>MH</arg>
<arg>MK</arg>
<arg>ML</arg>
<arg>MM</arg>
<arg>MN</arg>
<arg>MO</arg>
<arg>MP</arg>
<arg>MQ</arg>
<arg>MR</arg>
<arg>MS</arg>
<arg>MT</arg>
<arg>MU</arg>
<arg>MV</arg>
<arg>MW</arg>
<arg>MX</arg>
<arg>MY</arg>
<arg>MZ</arg>
<arg>NA</arg>
<arg>NC</arg>
<arg>NE</arg>
<arg>NF</arg>
<arg>NG</arg>
<arg>NI</arg>
<arg>NL</arg>
<arg>NO</arg>
<arg>NP</arg>
<arg>NR</arg>
<arg>NU</arg>
<arg>NZ</arg>
<arg>OM</arg>
<arg>PA</arg>
<arg>PE</arg>
<arg>PF</arg>
<arg>PG</arg>
<arg>PH</arg>
<arg>PK</arg>
<arg>PL</arg>
<arg>PM</arg>
<arg>PN</arg>
<arg>PR</arg>
<arg>PS</arg>
<arg>PT</arg>
<arg>PW</arg>
<arg>PY</arg>
<arg>QA</arg>
<arg>RE</arg>
<arg>RO</arg>
<arg>RS</arg>
<arg>RU</arg>
<arg>RW</arg>
<arg>SA</arg>
<arg>SB</arg>
<arg>SC</arg>
<arg>SD</arg>
<arg>SE</arg>
<arg>SG</arg>
<arg>SH</arg>
<arg>SI</arg>
<arg>SJ</arg>
<arg>SK</arg>
<arg>SL</arg>
<arg>SM</arg>
<arg>SN</arg>
<arg>SO</arg>
<arg>SR</arg>
<arg>SS</arg>
<arg>ST</arg>
<arg>SV</arg>
<arg>SX</arg>
<arg>SY</arg>
<arg>SZ</arg>
<arg>TC</arg>
<arg>TD</arg>
<arg>TF</arg>
<arg>TG</arg>
<arg>TH</arg>
<arg>TJ</arg>
<arg>TK</arg>
<arg>TL</arg>
<arg>TM</arg>
<arg>TN</arg>
<arg>TO</arg>
<arg>TR</arg>
<arg>TT</arg>
<arg>TV</arg>
<arg>TW</arg>
<arg>TZ</arg>
<arg>UA</arg>
<arg>UG</arg>
<arg>UM</arg>
<arg>US</arg>
<arg>UY</arg>
<arg>UZ</arg>
<arg>VA</arg>
<arg>VC</arg>
<arg>VE</arg>
<arg>VG</arg>
<arg>VI</arg>
<arg>VN</arg>
<arg>VU</arg>
<arg>WF</arg>
<arg>WS</arg>
<arg>XK</arg>
<arg>YE</arg>
<arg>YT</arg>
<arg>ZA</arg>
<arg>ZM</arg>
<arg>ZW</arg>
<doc>Returns a list containing given items.</doc>
<status status="PASS" start="2024-07-16T16:18:02.812914" elapsed="0.000615"/>
</kw>
<kw name="List Should Contain Value" owner="Collections">
<arg>${list_country}</arg>
<arg>${name_country}</arg>
<doc>Fails if the ``value`` is not found from ``list``.</doc>
<status status="PASS" start="2024-07-16T16:18:02.814320" elapsed="0.000203"/>
</kw>
<kw name="Run Keyword If" owner="BuiltIn">
<kw name="Should Be True" owner="BuiltIn">
<arg>${True}</arg>
<doc>Fails if the given condition is not true.</doc>
<status status="PASS" start="2024-07-16T16:18:02.815452" elapsed="0.000142"/>
</kw>
<arg>${json_data["results"][0]["location"]["coordinates"]["latitude"]} &gt;= -90 and ${json_data["results"][0]["location"]["coordinates"]["latitude"]} &lt;= 90</arg>
<arg>Should Be True</arg>
<arg>${True}</arg>
<doc>Runs the given keyword with the given arguments, if ``condition`` is true.</doc>
<status status="PASS" start="2024-07-16T16:18:02.814720" elapsed="0.001000"/>
</kw>
<kw name="Run Keyword If" owner="BuiltIn">
<kw name="Should Be True" owner="BuiltIn">
<arg>${True}</arg>
<doc>Fails if the given condition is not true.</doc>
<status status="PASS" start="2024-07-16T16:18:02.816625" elapsed="0.000233"/>
</kw>
<arg>${json_data["results"][0]["location"]["coordinates"]["longitude"]} &gt;= -180 and ${json_data["results"][0]["location"]["coordinates"]["longitude"]} &lt;= 180</arg>
<arg>Should Be True</arg>
<arg>${True}</arg>
<doc>Runs the given keyword with the given arguments, if ``condition`` is true.</doc>
<status status="PASS" start="2024-07-16T16:18:02.815899" elapsed="0.001089"/>
</kw>
<status status="PASS" start="2024-07-16T16:18:02.709553" elapsed="0.107568"/>
</kw>
<doc>Testa o conteúdo específico dos campos retornados pela API.</doc>
<tag>testeConteudo</tag>
<status status="PASS" start="2024-07-16T16:18:02.709014" elapsed="0.108251"/>
</test>
<status status="PASS" start="2024-07-16T16:18:01.799588" elapsed="1.019616"/>
</suite>
<status status="PASS" start="2024-07-16T16:18:01.785319" elapsed="1.038976"/>
</suite>
<statistics>
<total>
<stat pass="5" fail="0" skip="0">All Tests</stat>
</total>
<tag>
<stat pass="1" fail="0" skip="0">testeConteudo</stat>
<stat pass="1" fail="0" skip="0">testeEstruturaResposta</stat>
<stat pass="1" fail="0" skip="0">testeRequisicaoBasica</stat>
<stat pass="1" fail="0" skip="0">testeTiposDados</stat>
</tag>
<suite>
<stat pass="5" fail="0" skip="0" id="s1" name="Tests">Tests</stat>
<stat pass="5" fail="0" skip="0" id="s1-s1" name="Random-User-Test">Tests.Random-User-Test</stat>
</suite>
</statistics>
<errors>
</errors>
</robot>
