<?xml version="1.0" encoding="UTF-8"?>
<robot generator="Robot 7.0.1 (Python 3.12.4 on linux)" generated="2024-08-05T11:13:43.184113" rpa="false" schemaversion="5">
<suite id="s1" name="Tests" source="/home/runner/work/ApiRandomUser/ApiRandomUser/RamdonUser/tests">
<suite id="s1-s1" name="Random-User-Test" source="/home/runner/work/ApiRandomUser/ApiRandomUser/RamdonUser/tests/random-user-test.robot">
<test id="s1-s1-t1" name="Conectar" line="13">
<kw name="Conectar API" owner="random-user-service">
<kw name="Create Session" owner="RequestsLibrary">
<msg time="2024-08-05T11:13:43.581389" level="INFO">Creating Session using : alias=consultarAPI, url=https://randomuser.me/, headers={},                     cookies={}, auth=None, timeout=None, proxies=None, verify=False,                     debug=0 </msg>
<arg>consultarAPI</arg>
<arg>${URL}</arg>
<doc>Create Session: create a HTTP session to a server</doc>
<status status="PASS" start="2024-08-05T11:13:43.581193" elapsed="0.000397"/>
</kw>
<status status="PASS" start="2024-08-05T11:13:43.580210" elapsed="0.001729"/>
</kw>
<status status="PASS" start="2024-08-05T11:13:43.579704" elapsed="0.002429"/>
</test>
<test id="s1-s1-t2" name="Validar retorno 200 e JSON Válido" line="16">
<kw name="Teste de Requisicao Basica" owner="random-user-service">
<kw name="GET On Session" owner="RequestsLibrary">
<msg time="2024-08-05T11:13:43.639376" level="INFO">GET Request : url=https://randomuser.me/api 
 path_url=/api 
 headers={'User-Agent': 'python-requests/2.32.3', 'Accept-Encoding': 'gzip, deflate', 'Accept': '*/*', 'Connection': 'keep-alive'} 
 body=None 
 </msg>
<msg time="2024-08-05T11:13:43.639512" level="INFO">GET Response : url=https://randomuser.me/api 
 status=200, reason=OK 
 headers={'Date': 'Mon, 05 Aug 2024 11:13:43 GMT', 'Content-Type': 'application/json; charset=utf-8', 'Transfer-Encoding': 'chunked', 'Connection': 'keep-alive', 'X-Powered-By': 'Express', 'Access-Control-Allow-Origin': '*', 'Cache-Control': 'no-cache', 'ETag': 'W/"46f-G5nHsN2uCYAxYYxjjHaEwXeGBpA"', 'Vary': 'Accept-Encoding', 'Content-Encoding': 'gzip', 'CF-Cache-Status': 'DYNAMIC', 'Report-To': '{"endpoints":[{"url":"https:\\/\\/a.nel.cloudflare.com\\/report\\/v4?s=V5e4zunkbu1ph7XfRJP5WC%2B9CgIh%2FcUMNCzP6IH%2Bzl2898%2FaQmCnjrZtSleIh%2BuCUxFYpe0x9pt2aP5FfXsF%2FOwIy%2BNHh0EDi3R3F25R03ic5yQJW6cCRq70MEhjCiGv"}],"group":"cf-nel","max_age":604800}', 'NEL': '{"success_fraction":0,"report_to":"cf-nel","max_age":604800}', 'Server': 'cloudflare', 'CF-RAY': '8ae65c078b035806-IAD', 'alt-svc': 'h3=":443"; ma=86400'} 
 body={"results":[{"gender":"male","name":{"title":"Mr","first":"Önal","last":"Karaer"},"location":{"street":{"number":7469,"name":"Abanoz Sk"},"city":"Niğde","state":"Muş","country":"Turkey","postcode":30832,"coordinates":{"latitude":"72.3374","longitude":"-69.5720"},"timezone":{"offset":"-8:00","description":"Pacific Time (US &amp; Canada)"}},"email":"onal.karaer@example.com","login":{"uuid":"d72b6a93-5fb4-43e3-9f76-da7ebf5d6c81","username":"heavygorilla845","password":"zorro1","salt":"u9Stp6mJ","md5":"52221f4106bee0beaa993404b046b62b","sha1":"1411038b75ad5f82b1bc59c3b0d876c8af78d553","sha256":"3c44cc8c5610560b501913abae4a5e2c7ae70d4749d44788bbc895781ef05d71"},"dob":{"date":"1981-06-09T17:55:39.435Z","age":43},"registered":{"date":"2011-12-28T23:42:55.588Z","age":12},"phone":"(793)-837-5122","cell":"(093)-579-2311","id":{"name":"","value":null},"picture":{"large":"https://randomuser.me/api/portraits/men/92.jpg","medium":"https://randomuser.me/api/portraits/med/men/92.jpg","thumbnail":"https://randomuser.me/api/portraits/thumb/men/92.jpg"},"nat":"TR"}],"info":{"seed":"777d44fb95e4cec1","results":1,"page":1,"version":"1.4"}} 
 </msg>
<msg time="2024-08-05T11:13:43.639602" level="INFO">/opt/hostedtoolcache/Python/3.12.4/x64/lib/python3.12/site-packages/urllib3/connectionpool.py:1099: InsecureRequestWarning: Unverified HTTPS request is being made to host 'randomuser.me'. Adding certificate verification is strongly advised. See: https://urllib3.readthedocs.io/en/latest/advanced-usage.html#tls-warnings
  warnings.warn(</msg>
<msg time="2024-08-05T11:13:43.639744" level="INFO">${response} = &lt;Response [200]&gt;</msg>
<var>${response}</var>
<arg>consultarAPI</arg>
<arg>/api</arg>
<doc>Sends a GET request on a previously created HTTP Session.</doc>
<status status="PASS" start="2024-08-05T11:13:43.584653" elapsed="0.055139"/>
</kw>
<kw name="Should Be Equal As Numbers" owner="BuiltIn">
<msg time="2024-08-05T11:13:43.640918" level="INFO">Argument types are:
&lt;class 'int'&gt;
&lt;class 'str'&gt;</msg>
<arg>${response.status_code}</arg>
<arg>200</arg>
<doc>Fails if objects are unequal after converting them to real numbers.</doc>
<status status="PASS" start="2024-08-05T11:13:43.640380" elapsed="0.000600"/>
</kw>
<kw name="Log" owner="BuiltIn">
<msg time="2024-08-05T11:13:43.641679" level="INFO">200</msg>
<arg>${response.status_code}</arg>
<doc>Logs the given message with the given level.</doc>
<status status="PASS" start="2024-08-05T11:13:43.641290" elapsed="0.000433"/>
</kw>
<kw name="Set Variable" owner="BuiltIn">
<msg time="2024-08-05T11:13:43.642463" level="INFO">${json_data} = {'results': [{'gender': 'male', 'name': {'title': 'Mr', 'first': 'Önal', 'last': 'Karaer'}, 'location': {'street': {'number': 7469, 'name': 'Abanoz Sk'}, 'city': 'Niğde', 'state': 'Muş', 'country': 'T...</msg>
<var>${json_data}</var>
<arg>${response.json()}</arg>
<doc>Returns the given values which can then be assigned to a variables.</doc>
<status status="PASS" start="2024-08-05T11:13:43.642023" elapsed="0.000469"/>
</kw>
<kw name="Dictionary Should Contain Key" owner="Collections">
<arg>${json_data}</arg>
<arg>results</arg>
<doc>Fails if ``key`` is not found from ``dictionary``.</doc>
<status status="PASS" start="2024-08-05T11:13:43.642793" elapsed="0.000285"/>
</kw>
<status status="PASS" start="2024-08-05T11:13:43.584416" elapsed="0.058809"/>
</kw>
<doc>Testa se a API responde corretamente e retorna um objeto JSON válido.</doc>
<tag>testeRequisicaoBasica</tag>
<status status="PASS" start="2024-08-05T11:13:43.583968" elapsed="0.059418"/>
</test>
<test id="s1-s1-t3" name="Validar estrutura de resposta" line="22">
<kw name="Teste de Estrutura de Resposta" owner="random-user-service">
<kw name="GET On Session" owner="RequestsLibrary">
<msg time="2024-08-05T11:13:43.802365" level="INFO">GET Request : url=https://randomuser.me/api 
 path_url=/api 
 headers={'User-Agent': 'python-requests/2.32.3', 'Accept-Encoding': 'gzip, deflate', 'Accept': '*/*', 'Connection': 'keep-alive'} 
 body=None 
 </msg>
<msg time="2024-08-05T11:13:43.802463" level="INFO">GET Response : url=https://randomuser.me/api 
 status=200, reason=OK 
 headers={'Date': 'Mon, 05 Aug 2024 11:13:43 GMT', 'Content-Type': 'application/json; charset=utf-8', 'Transfer-Encoding': 'chunked', 'Connection': 'keep-alive', 'X-Powered-By': 'Express', 'Access-Control-Allow-Origin': '*', 'Cache-Control': 'no-cache', 'ETag': 'W/"49a-LGB4SFunoNHyEgypNgOONrja21c"', 'Vary': 'Accept-Encoding', 'Content-Encoding': 'gzip', 'CF-Cache-Status': 'DYNAMIC', 'Report-To': '{"endpoints":[{"url":"https:\\/\\/a.nel.cloudflare.com\\/report\\/v4?s=p08w7Oz47iKP7jqR7UBIRFZ0q5ucf3tQSTAw4WlYKNG3Fpp3tCPq95V3l2OtNZDo7UEYgo%2Fl9rCQB5U176mxIJ0ORMePzUCB%2BDX7pLnmPXkHOL4Z6y619kHGxsl5nh4Y"}],"group":"cf-nel","max_age":604800}', 'NEL': '{"success_fraction":0,"report_to":"cf-nel","max_age":604800}', 'Server': 'cloudflare', 'CF-RAY': '8ae65c07cb275806-IAD', 'alt-svc': 'h3=":443"; ma=86400'} 
 body={"results":[{"gender":"male","name":{"title":"Mr","first":"Alvaro","last":"Salinas"},"location":{"street":{"number":9963,"name":"Prolongación Sonora"},"city":"El Naranjo","state":"Baja California Sur","country":"Mexico","postcode":96291,"coordinates":{"latitude":"22.4541","longitude":"-115.5303"},"timezone":{"offset":"+6:00","description":"Almaty, Dhaka, Colombo"}},"email":"alvaro.salinas@example.com","login":{"uuid":"1dcfe41f-5920-47f7-8ff0-09adaca939c0","username":"yellowbird137","password":"wind","salt":"vJhbE0Da","md5":"db49e41f5cdacaff7777355c06d131ef","sha1":"d693369edab64bbb3f9c49cb771ad3d82d36e07e","sha256":"ff3bf6942b76c6cf03d04ae379956cbbf435caf803d6bd6979bd41e7bd002aac"},"dob":{"date":"1979-06-06T23:36:48.510Z","age":45},"registered":{"date":"2014-12-22T12:31:26.022Z","age":9},"phone":"(667) 662 5708","cell":"(668) 060 1405","id":{"name":"NSS","value":"50 33 65 8056 7"},"picture":{"large":"https://randomuser.me/api/portraits/men/82.jpg","medium":"https://randomuser.me/api/portraits/med/men/82.jpg","thumbnail":"https://randomuser.me/api/portraits/thumb/men/82.jpg"},"nat":"MX"}],"info":{"seed":"a1bb669e279fa343","results":1,"page":1,"version":"1.4"}} 
 </msg>
<msg time="2024-08-05T11:13:43.802610" level="INFO">/opt/hostedtoolcache/Python/3.12.4/x64/lib/python3.12/site-packages/urllib3/connectionpool.py:1099: InsecureRequestWarning: Unverified HTTPS request is being made to host 'randomuser.me'. Adding certificate verification is strongly advised. See: https://urllib3.readthedocs.io/en/latest/advanced-usage.html#tls-warnings
  warnings.warn(</msg>
<msg time="2024-08-05T11:13:43.802744" level="INFO">${response} = &lt;Response [200]&gt;</msg>
<var>${response}</var>
<arg>consultarAPI</arg>
<arg>/api</arg>
<doc>Sends a GET request on a previously created HTTP Session.</doc>
<status status="PASS" start="2024-08-05T11:13:43.645886" elapsed="0.156896"/>
</kw>
<kw name="Set Variable" owner="BuiltIn">
<msg time="2024-08-05T11:13:43.804048" level="INFO">${json_data} = {'results': [{'gender': 'male', 'name': {'title': 'Mr', 'first': 'Alvaro', 'last': 'Salinas'}, 'location': {'street': {'number': 9963, 'name': 'Prolongación Sonora'}, 'city': 'El Naranjo', 'state': 'B...</msg>
<var>${json_data}</var>
<arg>${response.json()}</arg>
<doc>Returns the given values which can then be assigned to a variables.</doc>
<status status="PASS" start="2024-08-05T11:13:43.803294" elapsed="0.000803"/>
</kw>
<kw name="Log" owner="BuiltIn">
<msg time="2024-08-05T11:13:43.804821" level="INFO">{'results': [{'gender': 'male', 'name': {'title': 'Mr', 'first': 'Alvaro', 'last': 'Salinas'}, 'location': {'street': {'number': 9963, 'name': 'Prolongación Sonora'}, 'city': 'El Naranjo', 'state': 'Baja California Sur', 'country': 'Mexico', 'postcode': 96291, 'coordinates': {'latitude': '22.4541', 'longitude': '-115.5303'}, 'timezone': {'offset': '+6:00', 'description': 'Almaty, Dhaka, Colombo'}}, 'email': 'alvaro.salinas@example.com', 'login': {'uuid': '1dcfe41f-5920-47f7-8ff0-09adaca939c0', 'username': 'yellowbird137', 'password': 'wind', 'salt': 'vJhbE0Da', 'md5': 'db49e41f5cdacaff7777355c06d131ef', 'sha1': 'd693369edab64bbb3f9c49cb771ad3d82d36e07e', 'sha256': 'ff3bf6942b76c6cf03d04ae379956cbbf435caf803d6bd6979bd41e7bd002aac'}, 'dob': {'date': '1979-06-06T23:36:48.510Z', 'age': 45}, 'registered': {'date': '2014-12-22T12:31:26.022Z', 'age': 9}, 'phone': '(667) 662 5708', 'cell': '(668) 060 1405', 'id': {'name': 'NSS', 'value': '50 33 65 8056 7'}, 'picture': {'large': 'https://randomuser.me/api/portraits/men/82.jpg', 'medium': 'https://randomuser.me/api/portraits/med/men/82.jpg', 'thumbnail': 'https://randomuser.me/api/portraits/thumb/men/82.jpg'}, 'nat': 'MX'}], 'info': {'seed': 'a1bb669e279fa343', 'results': 1, 'page': 1, 'version': '1.4'}}</msg>
<arg>${json_data}</arg>
<doc>Logs the given message with the given level.</doc>
<status status="PASS" start="2024-08-05T11:13:43.804566" elapsed="0.000341"/>
</kw>
<kw name="Dictionary Should Contain Key" owner="Collections">
<arg>${json_data}</arg>
<arg>results</arg>
<doc>Fails if ``key`` is not found from ``dictionary``.</doc>
<status status="PASS" start="2024-08-05T11:13:43.805389" elapsed="0.000317"/>
</kw>
<kw name="Should Not Be Empty" owner="BuiltIn">
<msg time="2024-08-05T11:13:43.806191" level="INFO">Length is 2.</msg>
<arg>${json_data}</arg>
<doc>Verifies that the given item is not empty.</doc>
<status status="PASS" start="2024-08-05T11:13:43.806000" elapsed="0.000255"/>
</kw>
<kw name="Create List" owner="BuiltIn">
<msg time="2024-08-05T11:13:43.806733" level="INFO">${expected_keys} = ['gender', 'name', 'location', 'email', 'login']</msg>
<var>${expected_keys}</var>
<arg>gender</arg>
<arg>name</arg>
<arg>location</arg>
<arg>email</arg>
<arg>login</arg>
<doc>Returns a list containing given items.</doc>
<status status="PASS" start="2024-08-05T11:13:43.806578" elapsed="0.000181"/>
</kw>
<for flavor="IN">
<iter>
<kw name="Dictionary Should Contain Key" owner="Collections">
<arg>${json_data['results'][0]}</arg>
<arg>${key}</arg>
<doc>Fails if ``key`` is not found from ``dictionary``.</doc>
<status status="PASS" start="2024-08-05T11:13:43.807337" elapsed="0.000416"/>
</kw>
<kw name="Log" owner="BuiltIn">
<msg time="2024-08-05T11:13:43.808319" level="INFO">{'gender': 'male', 'name': {'title': 'Mr', 'first': 'Alvaro', 'last': 'Salinas'}, 'location': {'street': {'number': 9963, 'name': 'Prolongación Sonora'}, 'city': 'El Naranjo', 'state': 'Baja California Sur', 'country': 'Mexico', 'postcode': 96291, 'coordinates': {'latitude': '22.4541', 'longitude': '-115.5303'}, 'timezone': {'offset': '+6:00', 'description': 'Almaty, Dhaka, Colombo'}}, 'email': 'alvaro.salinas@example.com', 'login': {'uuid': '1dcfe41f-5920-47f7-8ff0-09adaca939c0', 'username': 'yellowbird137', 'password': 'wind', 'salt': 'vJhbE0Da', 'md5': 'db49e41f5cdacaff7777355c06d131ef', 'sha1': 'd693369edab64bbb3f9c49cb771ad3d82d36e07e', 'sha256': 'ff3bf6942b76c6cf03d04ae379956cbbf435caf803d6bd6979bd41e7bd002aac'}, 'dob': {'date': '1979-06-06T23:36:48.510Z', 'age': 45}, 'registered': {'date': '2014-12-22T12:31:26.022Z', 'age': 9}, 'phone': '(667) 662 5708', 'cell': '(668) 060 1405', 'id': {'name': 'NSS', 'value': '50 33 65 8056 7'}, 'picture': {'large': 'https://randomuser.me/api/portraits/men/82.jpg', 'medium': 'https://randomuser.me/api/portraits/med/men/82.jpg', 'thumbnail': 'https://randomuser.me/api/portraits/thumb/men/82.jpg'}, 'nat': 'MX'}</msg>
<arg>${json_data['results'][0]}</arg>
<doc>Logs the given message with the given level.</doc>
<status status="PASS" start="2024-08-05T11:13:43.807950" elapsed="0.000421"/>
</kw>
<kw name="Log" owner="BuiltIn">
<msg time="2024-08-05T11:13:43.808811" level="INFO">gender</msg>
<arg>${key}</arg>
<doc>Logs the given message with the given level.</doc>
<status status="PASS" start="2024-08-05T11:13:43.808678" elapsed="0.000178"/>
</kw>
<var name="${key}">gender</var>
<status status="PASS" start="2024-08-05T11:13:43.807212" elapsed="0.001865"/>
</iter>
<iter>
<kw name="Dictionary Should Contain Key" owner="Collections">
<arg>${json_data['results'][0]}</arg>
<arg>${key}</arg>
<doc>Fails if ``key`` is not found from ``dictionary``.</doc>
<status status="PASS" start="2024-08-05T11:13:43.809378" elapsed="0.000449"/>
</kw>
<kw name="Log" owner="BuiltIn">
<msg time="2024-08-05T11:13:43.810372" level="INFO">{'gender': 'male', 'name': {'title': 'Mr', 'first': 'Alvaro', 'last': 'Salinas'}, 'location': {'street': {'number': 9963, 'name': 'Prolongación Sonora'}, 'city': 'El Naranjo', 'state': 'Baja California Sur', 'country': 'Mexico', 'postcode': 96291, 'coordinates': {'latitude': '22.4541', 'longitude': '-115.5303'}, 'timezone': {'offset': '+6:00', 'description': 'Almaty, Dhaka, Colombo'}}, 'email': 'alvaro.salinas@example.com', 'login': {'uuid': '1dcfe41f-5920-47f7-8ff0-09adaca939c0', 'username': 'yellowbird137', 'password': 'wind', 'salt': 'vJhbE0Da', 'md5': 'db49e41f5cdacaff7777355c06d131ef', 'sha1': 'd693369edab64bbb3f9c49cb771ad3d82d36e07e', 'sha256': 'ff3bf6942b76c6cf03d04ae379956cbbf435caf803d6bd6979bd41e7bd002aac'}, 'dob': {'date': '1979-06-06T23:36:48.510Z', 'age': 45}, 'registered': {'date': '2014-12-22T12:31:26.022Z', 'age': 9}, 'phone': '(667) 662 5708', 'cell': '(668) 060 1405', 'id': {'name': 'NSS', 'value': '50 33 65 8056 7'}, 'picture': {'large': 'https://randomuser.me/api/portraits/men/82.jpg', 'medium': 'https://randomuser.me/api/portraits/med/men/82.jpg', 'thumbnail': 'https://randomuser.me/api/portraits/thumb/men/82.jpg'}, 'nat': 'MX'}</msg>
<arg>${json_data['results'][0]}</arg>
<doc>Logs the given message with the given level.</doc>
<status status="PASS" start="2024-08-05T11:13:43.810015" elapsed="0.000449"/>
</kw>
<kw name="Log" owner="BuiltIn">
<msg time="2024-08-05T11:13:43.810916" level="INFO">name</msg>
<arg>${key}</arg>
<doc>Logs the given message with the given level.</doc>
<status status="PASS" start="2024-08-05T11:13:43.810776" elapsed="0.000179"/>
</kw>
<var name="${key}">name</var>
<status status="PASS" start="2024-08-05T11:13:43.809265" elapsed="0.001908"/>
</iter>
<iter>
<kw name="Dictionary Should Contain Key" owner="Collections">
<arg>${json_data['results'][0]}</arg>
<arg>${key}</arg>
<doc>Fails if ``key`` is not found from ``dictionary``.</doc>
<status status="PASS" start="2024-08-05T11:13:43.811462" elapsed="0.000390"/>
</kw>
<kw name="Log" owner="BuiltIn">
<msg time="2024-08-05T11:13:43.812388" level="INFO">{'gender': 'male', 'name': {'title': 'Mr', 'first': 'Alvaro', 'last': 'Salinas'}, 'location': {'street': {'number': 9963, 'name': 'Prolongación Sonora'}, 'city': 'El Naranjo', 'state': 'Baja California Sur', 'country': 'Mexico', 'postcode': 96291, 'coordinates': {'latitude': '22.4541', 'longitude': '-115.5303'}, 'timezone': {'offset': '+6:00', 'description': 'Almaty, Dhaka, Colombo'}}, 'email': 'alvaro.salinas@example.com', 'login': {'uuid': '1dcfe41f-5920-47f7-8ff0-09adaca939c0', 'username': 'yellowbird137', 'password': 'wind', 'salt': 'vJhbE0Da', 'md5': 'db49e41f5cdacaff7777355c06d131ef', 'sha1': 'd693369edab64bbb3f9c49cb771ad3d82d36e07e', 'sha256': 'ff3bf6942b76c6cf03d04ae379956cbbf435caf803d6bd6979bd41e7bd002aac'}, 'dob': {'date': '1979-06-06T23:36:48.510Z', 'age': 45}, 'registered': {'date': '2014-12-22T12:31:26.022Z', 'age': 9}, 'phone': '(667) 662 5708', 'cell': '(668) 060 1405', 'id': {'name': 'NSS', 'value': '50 33 65 8056 7'}, 'picture': {'large': 'https://randomuser.me/api/portraits/men/82.jpg', 'medium': 'https://randomuser.me/api/portraits/med/men/82.jpg', 'thumbnail': 'https://randomuser.me/api/portraits/thumb/men/82.jpg'}, 'nat': 'MX'}</msg>
<arg>${json_data['results'][0]}</arg>
<doc>Logs the given message with the given level.</doc>
<status status="PASS" start="2024-08-05T11:13:43.812038" elapsed="0.000409"/>
</kw>
<kw name="Log" owner="BuiltIn">
<msg time="2024-08-05T11:13:43.812877" level="INFO">location</msg>
<arg>${key}</arg>
<doc>Logs the given message with the given level.</doc>
<status status="PASS" start="2024-08-05T11:13:43.812749" elapsed="0.000165"/>
</kw>
<var name="${key}">location</var>
<status status="PASS" start="2024-08-05T11:13:43.811352" elapsed="0.001785"/>
</iter>
<iter>
<kw name="Dictionary Should Contain Key" owner="Collections">
<arg>${json_data['results'][0]}</arg>
<arg>${key}</arg>
<doc>Fails if ``key`` is not found from ``dictionary``.</doc>
<status status="PASS" start="2024-08-05T11:13:43.813441" elapsed="0.000399"/>
</kw>
<kw name="Log" owner="BuiltIn">
<msg time="2024-08-05T11:13:43.814488" level="INFO">{'gender': 'male', 'name': {'title': 'Mr', 'first': 'Alvaro', 'last': 'Salinas'}, 'location': {'street': {'number': 9963, 'name': 'Prolongación Sonora'}, 'city': 'El Naranjo', 'state': 'Baja California Sur', 'country': 'Mexico', 'postcode': 96291, 'coordinates': {'latitude': '22.4541', 'longitude': '-115.5303'}, 'timezone': {'offset': '+6:00', 'description': 'Almaty, Dhaka, Colombo'}}, 'email': 'alvaro.salinas@example.com', 'login': {'uuid': '1dcfe41f-5920-47f7-8ff0-09adaca939c0', 'username': 'yellowbird137', 'password': 'wind', 'salt': 'vJhbE0Da', 'md5': 'db49e41f5cdacaff7777355c06d131ef', 'sha1': 'd693369edab64bbb3f9c49cb771ad3d82d36e07e', 'sha256': 'ff3bf6942b76c6cf03d04ae379956cbbf435caf803d6bd6979bd41e7bd002aac'}, 'dob': {'date': '1979-06-06T23:36:48.510Z', 'age': 45}, 'registered': {'date': '2014-12-22T12:31:26.022Z', 'age': 9}, 'phone': '(667) 662 5708', 'cell': '(668) 060 1405', 'id': {'name': 'NSS', 'value': '50 33 65 8056 7'}, 'picture': {'large': 'https://randomuser.me/api/portraits/men/82.jpg', 'medium': 'https://randomuser.me/api/portraits/med/men/82.jpg', 'thumbnail': 'https://randomuser.me/api/portraits/thumb/men/82.jpg'}, 'nat': 'MX'}</msg>
<arg>${json_data['results'][0]}</arg>
<doc>Logs the given message with the given level.</doc>
<status status="PASS" start="2024-08-05T11:13:43.814131" elapsed="0.000406"/>
</kw>
<kw name="Log" owner="BuiltIn">
<msg time="2024-08-05T11:13:43.814963" level="INFO">email</msg>
<arg>${key}</arg>
<doc>Logs the given message with the given level.</doc>
<status status="PASS" start="2024-08-05T11:13:43.814835" elapsed="0.000166"/>
</kw>
<var name="${key}">email</var>
<status status="PASS" start="2024-08-05T11:13:43.813310" elapsed="0.001905"/>
</iter>
<iter>
<kw name="Dictionary Should Contain Key" owner="Collections">
<arg>${json_data['results'][0]}</arg>
<arg>${key}</arg>
<doc>Fails if ``key`` is not found from ``dictionary``.</doc>
<status status="PASS" start="2024-08-05T11:13:43.815496" elapsed="0.000390"/>
</kw>
<kw name="Log" owner="BuiltIn">
<msg time="2024-08-05T11:13:43.816421" level="INFO">{'gender': 'male', 'name': {'title': 'Mr', 'first': 'Alvaro', 'last': 'Salinas'}, 'location': {'street': {'number': 9963, 'name': 'Prolongación Sonora'}, 'city': 'El Naranjo', 'state': 'Baja California Sur', 'country': 'Mexico', 'postcode': 96291, 'coordinates': {'latitude': '22.4541', 'longitude': '-115.5303'}, 'timezone': {'offset': '+6:00', 'description': 'Almaty, Dhaka, Colombo'}}, 'email': 'alvaro.salinas@example.com', 'login': {'uuid': '1dcfe41f-5920-47f7-8ff0-09adaca939c0', 'username': 'yellowbird137', 'password': 'wind', 'salt': 'vJhbE0Da', 'md5': 'db49e41f5cdacaff7777355c06d131ef', 'sha1': 'd693369edab64bbb3f9c49cb771ad3d82d36e07e', 'sha256': 'ff3bf6942b76c6cf03d04ae379956cbbf435caf803d6bd6979bd41e7bd002aac'}, 'dob': {'date': '1979-06-06T23:36:48.510Z', 'age': 45}, 'registered': {'date': '2014-12-22T12:31:26.022Z', 'age': 9}, 'phone': '(667) 662 5708', 'cell': '(668) 060 1405', 'id': {'name': 'NSS', 'value': '50 33 65 8056 7'}, 'picture': {'large': 'https://randomuser.me/api/portraits/men/82.jpg', 'medium': 'https://randomuser.me/api/portraits/med/men/82.jpg', 'thumbnail': 'https://randomuser.me/api/portraits/thumb/men/82.jpg'}, 'nat': 'MX'}</msg>
<arg>${json_data['results'][0]}</arg>
<doc>Logs the given message with the given level.</doc>
<status status="PASS" start="2024-08-05T11:13:43.816067" elapsed="0.000405"/>
</kw>
<kw name="Log" owner="BuiltIn">
<msg time="2024-08-05T11:13:43.816891" level="INFO">login</msg>
<arg>${key}</arg>
<doc>Logs the given message with the given level.</doc>
<status status="PASS" start="2024-08-05T11:13:43.816764" elapsed="0.000164"/>
</kw>
<var name="${key}">login</var>
<status status="PASS" start="2024-08-05T11:13:43.815388" elapsed="0.001757"/>
</iter>
<var>${key}</var>
<value>@{expected_keys}</value>
<status status="PASS" start="2024-08-05T11:13:43.807020" elapsed="0.010246"/>
</for>
<kw name="Create List" owner="BuiltIn">
<msg time="2024-08-05T11:13:43.817673" level="INFO">${expected_keysTwo} = ['username', 'password']</msg>
<var>${expected_keysTwo}</var>
<arg>username</arg>
<arg>password</arg>
<doc>Returns a list containing given items.</doc>
<status status="PASS" start="2024-08-05T11:13:43.817492" elapsed="0.000206"/>
</kw>
<for flavor="IN">
<iter>
<kw name="Dictionary Should Contain Key" owner="Collections">
<arg>${json_data['results'][0]['login']}</arg>
<arg>${keyTwo}</arg>
<doc>Fails if ``key`` is not found from ``dictionary``.</doc>
<status status="PASS" start="2024-08-05T11:13:43.818200" elapsed="0.000387"/>
</kw>
<kw name="Dictionary Should Contain Key" owner="Collections">
<arg>${json_data['results'][0]['login']}</arg>
<arg>${keyTwo}</arg>
<doc>Fails if ``key`` is not found from ``dictionary``.</doc>
<status status="PASS" start="2024-08-05T11:13:43.818768" elapsed="0.000380"/>
</kw>
<kw name="Log" owner="BuiltIn">
<msg time="2024-08-05T11:13:43.819443" level="INFO">username</msg>
<arg>${keyTwo}</arg>
<doc>Logs the given message with the given level.</doc>
<status status="PASS" start="2024-08-05T11:13:43.819323" elapsed="0.000157"/>
</kw>
<var name="${keyTwo}">username</var>
<status status="PASS" start="2024-08-05T11:13:43.818091" elapsed="0.001607"/>
</iter>
<iter>
<kw name="Dictionary Should Contain Key" owner="Collections">
<arg>${json_data['results'][0]['login']}</arg>
<arg>${keyTwo}</arg>
<doc>Fails if ``key`` is not found from ``dictionary``.</doc>
<status status="PASS" start="2024-08-05T11:13:43.819975" elapsed="0.000384"/>
</kw>
<kw name="Dictionary Should Contain Key" owner="Collections">
<arg>${json_data['results'][0]['login']}</arg>
<arg>${keyTwo}</arg>
<doc>Fails if ``key`` is not found from ``dictionary``.</doc>
<status status="PASS" start="2024-08-05T11:13:43.820536" elapsed="0.000369"/>
</kw>
<kw name="Log" owner="BuiltIn">
<msg time="2024-08-05T11:13:43.821200" level="INFO">password</msg>
<arg>${keyTwo}</arg>
<doc>Logs the given message with the given level.</doc>
<status status="PASS" start="2024-08-05T11:13:43.821081" elapsed="0.000156"/>
</kw>
<var name="${keyTwo}">password</var>
<status status="PASS" start="2024-08-05T11:13:43.819869" elapsed="0.001613"/>
</iter>
<var>${keyTwo}</var>
<value>@{expected_keysTwo}</value>
<status status="PASS" start="2024-08-05T11:13:43.817938" elapsed="0.003678"/>
</for>
<status status="PASS" start="2024-08-05T11:13:43.645645" elapsed="0.176110"/>
</kw>
<doc>Testa a estrutura da resposta da API.</doc>
<tag>testeEstruturaResposta</tag>
<status status="PASS" start="2024-08-05T11:13:43.645165" elapsed="0.176740"/>
</test>
<test id="s1-s1-t4" name="Validar tipos de dados" line="28">
<kw name="Teste de Tipos de Dados" owner="random-user-service">
<kw name="GET On Session" owner="RequestsLibrary">
<msg time="2024-08-05T11:13:43.906178" level="INFO">GET Request : url=https://randomuser.me/api 
 path_url=/api 
 headers={'User-Agent': 'python-requests/2.32.3', 'Accept-Encoding': 'gzip, deflate', 'Accept': '*/*', 'Connection': 'keep-alive'} 
 body=None 
 </msg>
<msg time="2024-08-05T11:13:43.906260" level="INFO">GET Response : url=https://randomuser.me/api 
 status=200, reason=OK 
 headers={'Date': 'Mon, 05 Aug 2024 11:13:43 GMT', 'Content-Type': 'application/json; charset=utf-8', 'Transfer-Encoding': 'chunked', 'Connection': 'keep-alive', 'X-Powered-By': 'Express', 'Access-Control-Allow-Origin': '*', 'Cache-Control': 'no-cache', 'ETag': 'W/"483-sgr/9UmzSVW77g5h9gOnhUzV7Sk"', 'Vary': 'Accept-Encoding', 'Content-Encoding': 'gzip', 'CF-Cache-Status': 'DYNAMIC', 'Report-To': '{"endpoints":[{"url":"https:\\/\\/a.nel.cloudflare.com\\/report\\/v4?s=nxZrvF29%2BAYLL4mpTwf6zCZAHSDBlUajIo45eejh6RPYDsdQQdYlSKCg%2BC25zYcn5Myvvo%2BKrlPniELB5AAHe0Z%2FI%2BFfJsCiSuIfd7hG0w1bvQvJvytn3GicZA7%2Ba7mq"}],"group":"cf-nel","max_age":604800}', 'NEL': '{"success_fraction":0,"report_to":"cf-nel","max_age":604800}', 'Server': 'cloudflare', 'CF-RAY': '8ae65c08ebad5806-IAD', 'alt-svc': 'h3=":443"; ma=86400'} 
 body={"results":[{"gender":"male","name":{"title":"Mr","first":"Villads","last":"Pedersen"},"location":{"street":{"number":5055,"name":"Kystvejen"},"city":"Nimtofte","state":"Syddanmark","country":"Denmark","postcode":74130,"coordinates":{"latitude":"-42.7463","longitude":"-35.9222"},"timezone":{"offset":"-7:00","description":"Mountain Time (US &amp; Canada)"}},"email":"villads.pedersen@example.com","login":{"uuid":"fb2878fb-56a6-4293-acd7-a3b9b05942b4","username":"ticklishladybug689","password":"seng","salt":"uzPyjMnP","md5":"4c487e3aa714747d76afc5f3d9cbee9a","sha1":"a115aa0d7efed925fd5d73d346b2f5b835ba3e4a","sha256":"f828e1b4db9a30c720229fa57ababb1202164bce6ce5d0057d1b643c22aab55e"},"dob":{"date":"1955-11-02T06:52:00.848Z","age":68},"registered":{"date":"2016-07-13T07:44:12.324Z","age":8},"phone":"70362172","cell":"24148206","id":{"name":"CPR","value":"021155-9848"},"picture":{"large":"https://randomuser.me/api/portraits/men/59.jpg","medium":"https://randomuser.me/api/portraits/med/men/59.jpg","thumbnail":"https://randomuser.me/api/portraits/thumb/men/59.jpg"},"nat":"DK"}],"info":{"seed":"31f73cd413b0cd32","results":1,"page":1,"version":"1.4"}} 
 </msg>
<msg time="2024-08-05T11:13:43.906333" level="INFO">/opt/hostedtoolcache/Python/3.12.4/x64/lib/python3.12/site-packages/urllib3/connectionpool.py:1099: InsecureRequestWarning: Unverified HTTPS request is being made to host 'randomuser.me'. Adding certificate verification is strongly advised. See: https://urllib3.readthedocs.io/en/latest/advanced-usage.html#tls-warnings
  warnings.warn(</msg>
<msg time="2024-08-05T11:13:43.906448" level="INFO">${response} = &lt;Response [200]&gt;</msg>
<var>${response}</var>
<arg>consultarAPI</arg>
<arg>/api</arg>
<doc>Sends a GET request on a previously created HTTP Session.</doc>
<status status="PASS" start="2024-08-05T11:13:43.824299" elapsed="0.082194"/>
</kw>
<kw name="Set Variable" owner="BuiltIn">
<msg time="2024-08-05T11:13:43.907488" level="INFO">${json_data} = {'results': [{'gender': 'male', 'name': {'title': 'Mr', 'first': 'Villads', 'last': 'Pedersen'}, 'location': {'street': {'number': 5055, 'name': 'Kystvejen'}, 'city': 'Nimtofte', 'state': 'Syddanmark'...</msg>
<var>${json_data}</var>
<arg>${response.json()}</arg>
<doc>Returns the given values which can then be assigned to a variables.</doc>
<status status="PASS" start="2024-08-05T11:13:43.906936" elapsed="0.000580"/>
</kw>
<kw name="Log" owner="BuiltIn">
<msg time="2024-08-05T11:13:43.907975" level="INFO">{'results': [{'gender': 'male', 'name': {'title': 'Mr', 'first': 'Villads', 'last': 'Pedersen'}, 'location': {'street': {'number': 5055, 'name': 'Kystvejen'}, 'city': 'Nimtofte', 'state': 'Syddanmark', 'country': 'Denmark', 'postcode': 74130, 'coordinates': {'latitude': '-42.7463', 'longitude': '-35.9222'}, 'timezone': {'offset': '-7:00', 'description': 'Mountain Time (US &amp; Canada)'}}, 'email': 'villads.pedersen@example.com', 'login': {'uuid': 'fb2878fb-56a6-4293-acd7-a3b9b05942b4', 'username': 'ticklishladybug689', 'password': 'seng', 'salt': 'uzPyjMnP', 'md5': '4c487e3aa714747d76afc5f3d9cbee9a', 'sha1': 'a115aa0d7efed925fd5d73d346b2f5b835ba3e4a', 'sha256': 'f828e1b4db9a30c720229fa57ababb1202164bce6ce5d0057d1b643c22aab55e'}, 'dob': {'date': '1955-11-02T06:52:00.848Z', 'age': 68}, 'registered': {'date': '2016-07-13T07:44:12.324Z', 'age': 8}, 'phone': '70362172', 'cell': '24148206', 'id': {'name': 'CPR', 'value': '021155-9848'}, 'picture': {'large': 'https://randomuser.me/api/portraits/men/59.jpg', 'medium': 'https://randomuser.me/api/portraits/med/men/59.jpg', 'thumbnail': 'https://randomuser.me/api/portraits/thumb/men/59.jpg'}, 'nat': 'DK'}], 'info': {'seed': '31f73cd413b0cd32', 'results': 1, 'page': 1, 'version': '1.4'}}</msg>
<arg>${json_data}</arg>
<doc>Logs the given message with the given level.</doc>
<status status="PASS" start="2024-08-05T11:13:43.907820" elapsed="0.000204"/>
</kw>
<kw name="Should Be String" owner="String">
<arg>${json_data['results'][0]['gender']}</arg>
<doc>Fails if the given ``item`` is not a string.</doc>
<status status="PASS" start="2024-08-05T11:13:43.908313" elapsed="0.000366"/>
</kw>
<kw name="Should Match Regexp" owner="BuiltIn">
<arg>${json_data['results'][0]['email']}</arg>
<arg>^[a-zA-Z0-9._%+-]+@[a-zA-Z0-9.-]+\.[a-zA-Z]{2,}$</arg>
<doc>Fails if ``string`` does not match ``pattern`` as a regular expression.</doc>
<status status="PASS" start="2024-08-05T11:13:43.908870" elapsed="0.000542"/>
</kw>
<kw name="Should Match Regexp" owner="BuiltIn">
<arg>${json_data['results'][0]['dob']['date']}</arg>
<arg>\\d{4}-\\d{2}-\\d{2}T\\d{2}:\\d{2}:\\d{2}\\.\\d{3}Z</arg>
<doc>Fails if ``string`` does not match ``pattern`` as a regular expression.</doc>
<status status="PASS" start="2024-08-05T11:13:43.909650" elapsed="0.000597"/>
</kw>
<kw name="Should Match Regexp" owner="BuiltIn">
<arg>${json_data['results'][0]['registered']['date']}</arg>
<arg>\\d{4}-\\d{2}-\\d{2}T\\d{2}:\\d{2}:\\d{2}\\.\\d{3}Z</arg>
<doc>Fails if ``string`` does not match ``pattern`` as a regular expression.</doc>
<status status="PASS" start="2024-08-05T11:13:43.910441" elapsed="0.000372"/>
</kw>
<kw name="Should Match Regexp" owner="BuiltIn">
<arg>${json_data['results'][0]['picture']['large']}</arg>
<arg>^https?://.*\.(?:png|jpe?g|gif|bmp)$</arg>
<doc>Fails if ``string`` does not match ``pattern`` as a regular expression.</doc>
<status status="PASS" start="2024-08-05T11:13:43.911000" elapsed="0.000457"/>
</kw>
<kw name="Should Match Regexp" owner="BuiltIn">
<arg>${json_data['results'][0]['picture']['medium']}</arg>
<arg>^https?://.*\.(?:png|jpe?g|gif|bmp)$</arg>
<doc>Fails if ``string`` does not match ``pattern`` as a regular expression.</doc>
<status status="PASS" start="2024-08-05T11:13:43.911645" elapsed="0.000354"/>
</kw>
<kw name="Should Match Regexp" owner="BuiltIn">
<arg>${json_data['results'][0]['picture']['thumbnail']}</arg>
<arg>^https?://.*\.(?:png|jpe?g|gif|bmp)$</arg>
<doc>Fails if ``string`` does not match ``pattern`` as a regular expression.</doc>
<status status="PASS" start="2024-08-05T11:13:43.912181" elapsed="0.000348"/>
</kw>
<kw name="Log" owner="BuiltIn">
<msg time="2024-08-05T11:13:43.913034" level="INFO">{'large': 'https://randomuser.me/api/portraits/men/59.jpg', 'medium': 'https://randomuser.me/api/portraits/med/men/59.jpg', 'thumbnail': 'https://randomuser.me/api/portraits/thumb/men/59.jpg'}</msg>
<arg>${json_data['results'][0]['picture']}</arg>
<doc>Logs the given message with the given level.</doc>
<status status="PASS" start="2024-08-05T11:13:43.912710" elapsed="0.000365"/>
</kw>
<status status="PASS" start="2024-08-05T11:13:43.824081" elapsed="0.089248"/>
</kw>
<kw name="Teste de Tipos de Dados - Postcode" owner="random-user-service">
<kw name="GET On Session" owner="RequestsLibrary">
<msg time="2024-08-05T11:13:43.982024" level="INFO">GET Request : url=https://randomuser.me/api 
 path_url=/api 
 headers={'User-Agent': 'python-requests/2.32.3', 'Accept-Encoding': 'gzip, deflate', 'Accept': '*/*', 'Connection': 'keep-alive'} 
 body=None 
 </msg>
<msg time="2024-08-05T11:13:43.982106" level="INFO">GET Response : url=https://randomuser.me/api 
 status=200, reason=OK 
 headers={'Date': 'Mon, 05 Aug 2024 11:13:43 GMT', 'Content-Type': 'application/json; charset=utf-8', 'Transfer-Encoding': 'chunked', 'Connection': 'keep-alive', 'X-Powered-By': 'Express', 'Access-Control-Allow-Origin': '*', 'Cache-Control': 'no-cache', 'ETag': 'W/"48d-DoFCvF0j9HpDNBF9T/f0DyiYuoE"', 'Vary': 'Accept-Encoding', 'Content-Encoding': 'gzip', 'CF-Cache-Status': 'DYNAMIC', 'Report-To': '{"endpoints":[{"url":"https:\\/\\/a.nel.cloudflare.com\\/report\\/v4?s=3eIyhLp0Z6khDmz0UlZ%2FRIOf98RP9Z%2BVXEBvDj628C218Zlblb2XzXVwnkPfChkqLvb3r37MyW7OuS%2Fk6yWqgiefxRMv9Bv9yrrX0I6KzpjnaY2Ixhvd2EyQiR4wyAuu"}],"group":"cf-nel","max_age":604800}', 'NEL': '{"success_fraction":0,"report_to":"cf-nel","max_age":604800}', 'Server': 'cloudflare', 'CF-RAY': '8ae65c097bef5806-IAD', 'alt-svc': 'h3=":443"; ma=86400'} 
 body={"results":[{"gender":"male","name":{"title":"Mr","first":"Noah","last":"Gutierrez"},"location":{"street":{"number":1288,"name":"E Sandy Lake Rd"},"city":"Adelaide","state":"Northern Territory","country":"Australia","postcode":2472,"coordinates":{"latitude":"-82.2983","longitude":"-39.1933"},"timezone":{"offset":"-11:00","description":"Midway Island, Samoa"}},"email":"noah.gutierrez@example.com","login":{"uuid":"b502305f-5159-458a-8377-63969b83a3b2","username":"lazyladybug445","password":"catnip","salt":"wetLxINF","md5":"1da7ec52b141dc2c4387abc1bc13ca29","sha1":"a3c5ae24f5a7f93326cf851183e89603a875d10c","sha256":"bd51fe299f1e0426404d8dd62c1d305cbc012c1566c760a81283d58c68605e17"},"dob":{"date":"1956-04-12T07:01:39.058Z","age":68},"registered":{"date":"2014-01-27T14:57:32.921Z","age":10},"phone":"05-7526-1710","cell":"0420-453-894","id":{"name":"TFN","value":"780806520"},"picture":{"large":"https://randomuser.me/api/portraits/men/39.jpg","medium":"https://randomuser.me/api/portraits/med/men/39.jpg","thumbnail":"https://randomuser.me/api/portraits/thumb/men/39.jpg"},"nat":"AU"}],"info":{"seed":"169b9a478960094a","results":1,"page":1,"version":"1.4"}} 
 </msg>
<msg time="2024-08-05T11:13:43.982179" level="INFO">/opt/hostedtoolcache/Python/3.12.4/x64/lib/python3.12/site-packages/urllib3/connectionpool.py:1099: InsecureRequestWarning: Unverified HTTPS request is being made to host 'randomuser.me'. Adding certificate verification is strongly advised. See: https://urllib3.readthedocs.io/en/latest/advanced-usage.html#tls-warnings
  warnings.warn(</msg>
<msg time="2024-08-05T11:13:43.982294" level="INFO">${response} = &lt;Response [200]&gt;</msg>
<var>${response}</var>
<arg>consultarAPI</arg>
<arg>/api</arg>
<doc>Sends a GET request on a previously created HTTP Session.</doc>
<status status="PASS" start="2024-08-05T11:13:43.913786" elapsed="0.068559"/>
</kw>
<kw name="Set Variable" owner="BuiltIn">
<msg time="2024-08-05T11:13:43.983417" level="INFO">${json_data} = {'results': [{'gender': 'male', 'name': {'title': 'Mr', 'first': 'Noah', 'last': 'Gutierrez'}, 'location': {'street': {'number': 1288, 'name': 'E Sandy Lake Rd'}, 'city': 'Adelaide', 'state': 'Norther...</msg>
<var>${json_data}</var>
<arg>${response.json()}</arg>
<doc>Returns the given values which can then be assigned to a variables.</doc>
<status status="PASS" start="2024-08-05T11:13:43.982856" elapsed="0.000589"/>
</kw>
<kw name="Log" owner="BuiltIn">
<msg time="2024-08-05T11:13:43.983906" level="INFO">{'results': [{'gender': 'male', 'name': {'title': 'Mr', 'first': 'Noah', 'last': 'Gutierrez'}, 'location': {'street': {'number': 1288, 'name': 'E Sandy Lake Rd'}, 'city': 'Adelaide', 'state': 'Northern Territory', 'country': 'Australia', 'postcode': 2472, 'coordinates': {'latitude': '-82.2983', 'longitude': '-39.1933'}, 'timezone': {'offset': '-11:00', 'description': 'Midway Island, Samoa'}}, 'email': 'noah.gutierrez@example.com', 'login': {'uuid': 'b502305f-5159-458a-8377-63969b83a3b2', 'username': 'lazyladybug445', 'password': 'catnip', 'salt': 'wetLxINF', 'md5': '1da7ec52b141dc2c4387abc1bc13ca29', 'sha1': 'a3c5ae24f5a7f93326cf851183e89603a875d10c', 'sha256': 'bd51fe299f1e0426404d8dd62c1d305cbc012c1566c760a81283d58c68605e17'}, 'dob': {'date': '1956-04-12T07:01:39.058Z', 'age': 68}, 'registered': {'date': '2014-01-27T14:57:32.921Z', 'age': 10}, 'phone': '05-7526-1710', 'cell': '0420-453-894', 'id': {'name': 'TFN', 'value': '780806520'}, 'picture': {'large': 'https://randomuser.me/api/portraits/men/39.jpg', 'medium': 'https://randomuser.me/api/portraits/med/men/39.jpg', 'thumbnail': 'https://randomuser.me/api/portraits/thumb/men/39.jpg'}, 'nat': 'AU'}], 'info': {'seed': '169b9a478960094a', 'results': 1, 'page': 1, 'version': '1.4'}}</msg>
<arg>${json_data}</arg>
<doc>Logs the given message with the given level.</doc>
<status status="PASS" start="2024-08-05T11:13:43.983747" elapsed="0.000205"/>
</kw>
<kw name="Should Be Equal As Numbers" owner="BuiltIn">
<arg>${json_data['results'][0]['location']['postcode']}</arg>
<arg>${json_data['results'][0]['location']['postcode']}</arg>
<doc>Fails if objects are unequal after converting them to real numbers.</doc>
<status status="PASS" start="2024-08-05T11:13:43.984245" elapsed="0.000612"/>
</kw>
<kw name="Log" owner="BuiltIn">
<msg time="2024-08-05T11:13:43.985392" level="INFO">2472</msg>
<arg>${json_data['results'][0]['location']['postcode']}</arg>
<doc>Logs the given message with the given level.</doc>
<status status="PASS" start="2024-08-05T11:13:43.985047" elapsed="0.000457"/>
</kw>
<status status="PASS" start="2024-08-05T11:13:43.913562" elapsed="0.072204"/>
</kw>
<doc>Testa se os tipos de dados na resposta da API estão corretos.</doc>
<tag>testeTiposDados</tag>
<status status="PASS" start="2024-08-05T11:13:43.823648" elapsed="0.162281"/>
</test>
<test id="s1-s1-t5" name="Validar conteudo" line="35">
<kw name="Teste de Tipos de Conteudo" owner="random-user-service">
<kw name="GET On Session" owner="RequestsLibrary">
<msg time="2024-08-05T11:13:44.050713" level="INFO">GET Request : url=https://randomuser.me/api 
 path_url=/api 
 headers={'User-Agent': 'python-requests/2.32.3', 'Accept-Encoding': 'gzip, deflate', 'Accept': '*/*', 'Connection': 'keep-alive'} 
 body=None 
 </msg>
<msg time="2024-08-05T11:13:44.050774" level="INFO">GET Response : url=https://randomuser.me/api 
 status=200, reason=OK 
 headers={'Date': 'Mon, 05 Aug 2024 11:13:44 GMT', 'Content-Type': 'application/json; charset=utf-8', 'Transfer-Encoding': 'chunked', 'Connection': 'keep-alive', 'X-Powered-By': 'Express', 'Access-Control-Allow-Origin': '*', 'Cache-Control': 'no-cache', 'ETag': 'W/"485-B2e/lOD7OqmNoL90exZiKYMhY6I"', 'Vary': 'Accept-Encoding', 'Content-Encoding': 'gzip', 'CF-Cache-Status': 'DYNAMIC', 'Report-To': '{"endpoints":[{"url":"https:\\/\\/a.nel.cloudflare.com\\/report\\/v4?s=I%2BpwWyz7%2BvhBKRTx2p72df8mZi%2FPzeIxaJI5EaRRfaso%2FJD0aoVj0NSovr%2FJj60PsE5kHoc4mBmHjorNRlw%2BSklXhX%2F5CugP3L6pyVhhLcUYHXhnxTlTXMr6qCS0N6KU"}],"group":"cf-nel","max_age":604800}', 'NEL': '{"success_fraction":0,"report_to":"cf-nel","max_age":604800}', 'Server': 'cloudflare', 'CF-RAY': '8ae65c09ec4b5806-IAD', 'alt-svc': 'h3=":443"; ma=86400'} 
 body={"results":[{"gender":"male","name":{"title":"Mr","first":"Yun","last":"Slegers"},"location":{"street":{"number":386,"name":"Doorbraak"},"city":"Echt-Susteren","state":"Zeeland","country":"Netherlands","postcode":"7408 EL","coordinates":{"latitude":"31.7559","longitude":"-16.7714"},"timezone":{"offset":"-1:00","description":"Azores, Cape Verde Islands"}},"email":"yun.slegers@example.com","login":{"uuid":"fa6073e2-d832-4e9d-9eb9-668afce81cb4","username":"redmouse463","password":"tickling","salt":"YGlj7K2v","md5":"3ae6aa53971a40b5f0466c021b8463d0","sha1":"b10f5fcaebd6dbe7254e514249ac83c387b30427","sha256":"87dd69cf236338d6ca50b890a2a9879edc58dab0129972c24756ad5a1224183c"},"dob":{"date":"1966-05-15T04:41:59.596Z","age":58},"registered":{"date":"2013-06-30T07:35:13.177Z","age":11},"phone":"(0988) 612467","cell":"(06) 13014938","id":{"name":"BSN","value":"89840796"},"picture":{"large":"https://randomuser.me/api/portraits/men/63.jpg","medium":"https://randomuser.me/api/portraits/med/men/63.jpg","thumbnail":"https://randomuser.me/api/portraits/thumb/men/63.jpg"},"nat":"NL"}],"info":{"seed":"3c480e9895ba9a8b","results":1,"page":1,"version":"1.4"}} 
 </msg>
<msg time="2024-08-05T11:13:44.050828" level="INFO">/opt/hostedtoolcache/Python/3.12.4/x64/lib/python3.12/site-packages/urllib3/connectionpool.py:1099: InsecureRequestWarning: Unverified HTTPS request is being made to host 'randomuser.me'. Adding certificate verification is strongly advised. See: https://urllib3.readthedocs.io/en/latest/advanced-usage.html#tls-warnings
  warnings.warn(</msg>
<msg time="2024-08-05T11:13:44.050917" level="INFO">${response} = &lt;Response [200]&gt;</msg>
<var>${response}</var>
<arg>consultarAPI</arg>
<arg>/api</arg>
<doc>Sends a GET request on a previously created HTTP Session.</doc>
<status status="PASS" start="2024-08-05T11:13:43.988392" elapsed="0.062565"/>
</kw>
<kw name="Set Variable" owner="BuiltIn">
<msg time="2024-08-05T11:13:44.051940" level="INFO">${json_data} = {'results': [{'gender': 'male', 'name': {'title': 'Mr', 'first': 'Yun', 'last': 'Slegers'}, 'location': {'street': {'number': 386, 'name': 'Doorbraak'}, 'city': 'Echt-Susteren', 'state': 'Zeeland', 'c...</msg>
<var>${json_data}</var>
<arg>${response.json()}</arg>
<doc>Returns the given values which can then be assigned to a variables.</doc>
<status status="PASS" start="2024-08-05T11:13:44.051386" elapsed="0.000583"/>
</kw>
<kw name="Set Variable" owner="BuiltIn">
<msg time="2024-08-05T11:13:44.052658" level="INFO">${name_title} = Mr</msg>
<var>${name_title}</var>
<arg>${json_data["results"][0]["name"]["title"]}</arg>
<doc>Returns the given values which can then be assigned to a variables.</doc>
<status status="PASS" start="2024-08-05T11:13:44.052275" elapsed="0.000408"/>
</kw>
<kw name="Create List" owner="BuiltIn">
<msg time="2024-08-05T11:13:44.053133" level="INFO">${allowed_titles} = ['Mr', 'Ms', 'Miss', 'Mrs', 'Madame', 'Monsieur']</msg>
<var>${allowed_titles}</var>
<arg>Mr</arg>
<arg>Ms</arg>
<arg>Miss</arg>
<arg>Mrs</arg>
<arg>Madame</arg>
<arg>Monsieur</arg>
<doc>Returns a list containing given items.</doc>
<status status="PASS" start="2024-08-05T11:13:44.052982" elapsed="0.000176"/>
</kw>
<kw name="List Should Contain Value" owner="Collections">
<arg>${allowed_titles}</arg>
<arg>${name_title}</arg>
<doc>Fails if the ``value`` is not found from ``list``.</doc>
<status status="PASS" start="2024-08-05T11:13:44.053495" elapsed="0.000188"/>
</kw>
<kw name="Set Variable" owner="BuiltIn">
<msg time="2024-08-05T11:13:44.054234" level="INFO">${name_country} = NL</msg>
<var>${name_country}</var>
<arg>${json_data["results"][0]["nat"]}</arg>
<doc>Returns the given values which can then be assigned to a variables.</doc>
<status status="PASS" start="2024-08-05T11:13:44.053865" elapsed="0.000394"/>
</kw>
<kw name="Create List" owner="BuiltIn">
<msg time="2024-08-05T11:13:44.055136" level="INFO">${list_country} = ['AD', 'AE', 'AF', 'AG', 'AI', 'AL', 'AM', 'AO', 'AQ', 'AR', 'AS', 'AT', 'AU', 'AW', 'AX', 'AZ', 'BA', 'BB', 'BD', 'BE', 'BF', 'BG', 'BH', 'BI', 'BJ', 'BL', 'BM', 'BN', 'BO', 'BQ', 'BR', 'BS', 'BT', '...</msg>
<var>${list_country}</var>
<arg>AD</arg>
<arg>AE</arg>
<arg>AF</arg>
<arg>AG</arg>
<arg>AI</arg>
<arg>AL</arg>
<arg>AM</arg>
<arg>AO</arg>
<arg>AQ</arg>
<arg>AR</arg>
<arg>AS</arg>
<arg>AT</arg>
<arg>AU</arg>
<arg>AW</arg>
<arg>AX</arg>
<arg>AZ</arg>
<arg>BA</arg>
<arg>BB</arg>
<arg>BD</arg>
<arg>BE</arg>
<arg>BF</arg>
<arg>BG</arg>
<arg>BH</arg>
<arg>BI</arg>
<arg>BJ</arg>
<arg>BL</arg>
<arg>BM</arg>
<arg>BN</arg>
<arg>BO</arg>
<arg>BQ</arg>
<arg>BR</arg>
<arg>BS</arg>
<arg>BT</arg>
<arg>BV</arg>
<arg>BW</arg>
<arg>BY</arg>
<arg>BZ</arg>
<arg>CA</arg>
<arg>CC</arg>
<arg>CD</arg>
<arg>CF</arg>
<arg>CG</arg>
<arg>CH</arg>
<arg>CI</arg>
<arg>CK</arg>
<arg>CL</arg>
<arg>CM</arg>
<arg>CN</arg>
<arg>CO</arg>
<arg>CR</arg>
<arg>CU</arg>
<arg>CV</arg>
<arg>CW</arg>
<arg>CX</arg>
<arg>CY</arg>
<arg>CZ</arg>
<arg>DE</arg>
<arg>DJ</arg>
<arg>DK</arg>
<arg>DM</arg>
<arg>DO</arg>
<arg>DZ</arg>
<arg>EC</arg>
<arg>EE</arg>
<arg>EG</arg>
<arg>EH</arg>
<arg>ER</arg>
<arg>ES</arg>
<arg>ET</arg>
<arg>FI</arg>
<arg>FJ</arg>
<arg>FK</arg>
<arg>FM</arg>
<arg>FO</arg>
<arg>FR</arg>
<arg>GA</arg>
<arg>GB</arg>
<arg>GD</arg>
<arg>GE</arg>
<arg>GF</arg>
<arg>GG</arg>
<arg>GH</arg>
<arg>GI</arg>
<arg>GL</arg>
<arg>GM</arg>
<arg>GN</arg>
<arg>GP</arg>
<arg>GQ</arg>
<arg>GR</arg>
<arg>GS</arg>
<arg>GT</arg>
<arg>GU</arg>
<arg>GW</arg>
<arg>GY</arg>
<arg>HK</arg>
<arg>HM</arg>
<arg>HN</arg>
<arg>HR</arg>
<arg>HT</arg>
<arg>HU</arg>
<arg>ID</arg>
<arg>IE</arg>
<arg>IL</arg>
<arg>IM</arg>
<arg>IN</arg>
<arg>IO</arg>
<arg>IQ</arg>
<arg>IR</arg>
<arg>IS</arg>
<arg>IT</arg>
<arg>JE</arg>
<arg>JM</arg>
<arg>JO</arg>
<arg>JP</arg>
<arg>KE</arg>
<arg>KG</arg>
<arg>KH</arg>
<arg>KI</arg>
<arg>KM</arg>
<arg>KN</arg>
<arg>KP</arg>
<arg>KR</arg>
<arg>KW</arg>
<arg>KY</arg>
<arg>KZ</arg>
<arg>LA</arg>
<arg>LB</arg>
<arg>LC</arg>
<arg>LI</arg>
<arg>LK</arg>
<arg>LR</arg>
<arg>LS</arg>
<arg>LT</arg>
<arg>LU</arg>
<arg>LV</arg>
<arg>LY</arg>
<arg>MA</arg>
<arg>MC</arg>
<arg>MD</arg>
<arg>ME</arg>
<arg>MF</arg>
<arg>MG</arg>
<arg>MH</arg>
<arg>MK</arg>
<arg>ML</arg>
<arg>MM</arg>
<arg>MN</arg>
<arg>MO</arg>
<arg>MP</arg>
<arg>MQ</arg>
<arg>MR</arg>
<arg>MS</arg>
<arg>MT</arg>
<arg>MU</arg>
<arg>MV</arg>
<arg>MW</arg>
<arg>MX</arg>
<arg>MY</arg>
<arg>MZ</arg>
<arg>NA</arg>
<arg>NC</arg>
<arg>NE</arg>
<arg>NF</arg>
<arg>NG</arg>
<arg>NI</arg>
<arg>NL</arg>
<arg>NO</arg>
<arg>NP</arg>
<arg>NR</arg>
<arg>NU</arg>
<arg>NZ</arg>
<arg>OM</arg>
<arg>PA</arg>
<arg>PE</arg>
<arg>PF</arg>
<arg>PG</arg>
<arg>PH</arg>
<arg>PK</arg>
<arg>PL</arg>
<arg>PM</arg>
<arg>PN</arg>
<arg>PR</arg>
<arg>PS</arg>
<arg>PT</arg>
<arg>PW</arg>
<arg>PY</arg>
<arg>QA</arg>
<arg>RE</arg>
<arg>RO</arg>
<arg>RS</arg>
<arg>RU</arg>
<arg>RW</arg>
<arg>SA</arg>
<arg>SB</arg>
<arg>SC</arg>
<arg>SD</arg>
<arg>SE</arg>
<arg>SG</arg>
<arg>SH</arg>
<arg>SI</arg>
<arg>SJ</arg>
<arg>SK</arg>
<arg>SL</arg>
<arg>SM</arg>
<arg>SN</arg>
<arg>SO</arg>
<arg>SR</arg>
<arg>SS</arg>
<arg>ST</arg>
<arg>SV</arg>
<arg>SX</arg>
<arg>SY</arg>
<arg>SZ</arg>
<arg>TC</arg>
<arg>TD</arg>
<arg>TF</arg>
<arg>TG</arg>
<arg>TH</arg>
<arg>TJ</arg>
<arg>TK</arg>
<arg>TL</arg>
<arg>TM</arg>
<arg>TN</arg>
<arg>TO</arg>
<arg>TR</arg>
<arg>TT</arg>
<arg>TV</arg>
<arg>TW</arg>
<arg>TZ</arg>
<arg>UA</arg>
<arg>UG</arg>
<arg>UM</arg>
<arg>US</arg>
<arg>UY</arg>
<arg>UZ</arg>
<arg>VA</arg>
<arg>VC</arg>
<arg>VE</arg>
<arg>VG</arg>
<arg>VI</arg>
<arg>VN</arg>
<arg>VU</arg>
<arg>WF</arg>
<arg>WS</arg>
<arg>XK</arg>
<arg>YE</arg>
<arg>YT</arg>
<arg>ZA</arg>
<arg>ZM</arg>
<arg>ZW</arg>
<doc>Returns a list containing given items.</doc>
<status status="PASS" start="2024-08-05T11:13:44.054546" elapsed="0.000616"/>
</kw>
<kw name="List Should Contain Value" owner="Collections">
<arg>${list_country}</arg>
<arg>${name_country}</arg>
<doc>Fails if the ``value`` is not found from ``list``.</doc>
<status status="PASS" start="2024-08-05T11:13:44.056097" elapsed="0.000209"/>
</kw>
<kw name="Run Keyword If" owner="BuiltIn">
<kw name="Should Be True" owner="BuiltIn">
<arg>${True}</arg>
<doc>Fails if the given condition is not true.</doc>
<status status="PASS" start="2024-08-05T11:13:44.057255" elapsed="0.000144"/>
</kw>
<arg>${json_data["results"][0]["location"]["coordinates"]["latitude"]} &gt;= -90 and ${json_data["results"][0]["location"]["coordinates"]["latitude"]} &lt;= 90</arg>
<arg>Should Be True</arg>
<arg>${True}</arg>
<doc>Runs the given keyword with the given arguments, if ``condition`` is true.</doc>
<status status="PASS" start="2024-08-05T11:13:44.056505" elapsed="0.001056"/>
</kw>
<kw name="Run Keyword If" owner="BuiltIn">
<kw name="Should Be True" owner="BuiltIn">
<arg>${True}</arg>
<doc>Fails if the given condition is not true.</doc>
<status status="PASS" start="2024-08-05T11:13:44.058445" elapsed="0.000137"/>
</kw>
<arg>${json_data["results"][0]["location"]["coordinates"]["longitude"]} &gt;= -180 and ${json_data["results"][0]["location"]["coordinates"]["longitude"]} &lt;= 180</arg>
<arg>Should Be True</arg>
<arg>${True}</arg>
<doc>Runs the given keyword with the given arguments, if ``condition`` is true.</doc>
<status status="PASS" start="2024-08-05T11:13:44.057746" elapsed="0.000961"/>
</kw>
<status status="PASS" start="2024-08-05T11:13:43.988175" elapsed="0.070662"/>
</kw>
<doc>Testa o conteúdo específico dos campos retornados pela API.</doc>
<tag>testeConteudo</tag>
<status status="PASS" start="2024-08-05T11:13:43.987648" elapsed="0.071331"/>
</test>
<status status="PASS" start="2024-08-05T11:13:43.242213" elapsed="0.818688"/>
</suite>
<status status="PASS" start="2024-08-05T11:13:43.227906" elapsed="0.838123"/>
</suite>
<statistics>
<total>
<stat pass="5" fail="0" skip="0">All Tests</stat>
</total>
<tag>
<stat pass="1" fail="0" skip="0">testeConteudo</stat>
<stat pass="1" fail="0" skip="0">testeEstruturaResposta</stat>
<stat pass="1" fail="0" skip="0">testeRequisicaoBasica</stat>
<stat pass="1" fail="0" skip="0">testeTiposDados</stat>
</tag>
<suite>
<stat pass="5" fail="0" skip="0" id="s1" name="Tests">Tests</stat>
<stat pass="5" fail="0" skip="0" id="s1-s1" name="Random-User-Test">Tests.Random-User-Test</stat>
</suite>
</statistics>
<errors>
</errors>
</robot>
