<?xml version="1.0" encoding="UTF-8"?>
<robot generator="Robot 7.0.1 (Python 3.12.4 on linux)" generated="2024-06-30T17:13:12.476467" rpa="false" schemaversion="5">
<suite id="s1" name="Tests" source="/home/runner/work/ApiRandomUser/ApiRandomUser/RamdonUser/tests">
<suite id="s1-s1" name="Random-User-Test" source="/home/runner/work/ApiRandomUser/ApiRandomUser/RamdonUser/tests/random-user-test.robot">
<test id="s1-s1-t1" name="Conectar" line="13">
<kw name="Conectar API" owner="random-user-service">
<kw name="Create Session" owner="RequestsLibrary">
<msg time="2024-06-30T17:13:12.875311" level="INFO">Creating Session using : alias=consultarAPI, url=https://randomuser.me/, headers={},                     cookies={}, auth=None, timeout=None, proxies=None, verify=False,                     debug=0 </msg>
<arg>consultarAPI</arg>
<arg>${URL}</arg>
<doc>Create Session: create a HTTP session to a server</doc>
<status status="PASS" start="2024-06-30T17:13:12.875102" elapsed="0.000398"/>
</kw>
<status status="PASS" start="2024-06-30T17:13:12.874109" elapsed="0.001757"/>
</kw>
<status status="PASS" start="2024-06-30T17:13:12.873454" elapsed="0.002607"/>
</test>
<test id="s1-s1-t2" name="Validar retorno 200 e JSON Válido" line="16">
<kw name="Teste de Requisicao Basica" owner="random-user-service">
<kw name="GET On Session" owner="RequestsLibrary">
<msg time="2024-06-30T17:13:13.122778" level="INFO">GET Request : url=https://randomuser.me/api 
 path_url=/api 
 headers={'User-Agent': 'python-requests/2.32.3', 'Accept-Encoding': 'gzip, deflate', 'Accept': '*/*', 'Connection': 'keep-alive'} 
 body=None 
 </msg>
<msg time="2024-06-30T17:13:13.122935" level="INFO">GET Response : url=https://randomuser.me/api 
 status=200, reason=OK 
 headers={'Date': 'Sun, 30 Jun 2024 17:13:13 GMT', 'Content-Type': 'application/json; charset=utf-8', 'Transfer-Encoding': 'chunked', 'Connection': 'keep-alive', 'X-Powered-By': 'Express', 'Access-Control-Allow-Origin': '*', 'Cache-Control': 'no-cache', 'ETag': 'W/"487-tti1OGLXWjZdSjOZtdNirQqiK7U"', 'Vary': 'Accept-Encoding', 'Content-Encoding': 'gzip', 'CF-Cache-Status': 'DYNAMIC', 'Report-To': '{"endpoints":[{"url":"https:\\/\\/a.nel.cloudflare.com\\/report\\/v4?s=JhYrpuANVAWUUFjYhJaja7KmC2EMyubF6AGljTcocCAePZgRrtc9euWg24hfBE2LTbXgPv30W8qsUTrfvme%2BitAVN2RUQqrB3WjEj1gYaQR4v2XN4xUtGm%2B6tJZ5ja7G"}],"group":"cf-nel","max_age":604800}', 'NEL': '{"success_fraction":0,"report_to":"cf-nel","max_age":604800}', 'Server': 'cloudflare', 'CF-RAY': '89bfc920bd682a21-ORD', 'alt-svc': 'h3=":443"; ma=86400'} 
 body={"results":[{"gender":"male","name":{"title":"Mr","first":"Albert","last":"Bitzer"},"location":{"street":{"number":5757,"name":"Goethestraße"},"city":"Bayreuth","state":"Hamburg","country":"Germany","postcode":84902,"coordinates":{"latitude":"-55.4445","longitude":"-24.2048"},"timezone":{"offset":"-7:00","description":"Mountain Time (US &amp; Canada)"}},"email":"albert.bitzer@example.com","login":{"uuid":"0029615d-33b1-4753-8542-a696c7b949fb","username":"goldendog701","password":"dte4uw","salt":"moShDxoH","md5":"a74e709e54c586c9fc3c1f74e48ea969","sha1":"4bbfe7dd96605ce581430e55bc0604a3b445a96e","sha256":"0bfcae2c49587aeb5d3f40d2522e45630d1dfb08a74a05d312e12f68cd4ad2e8"},"dob":{"date":"1968-08-28T03:55:25.737Z","age":55},"registered":{"date":"2014-09-04T04:43:17.461Z","age":9},"phone":"0747-5259718","cell":"0178-2627463","id":{"name":"SVNR","value":"09 270868 B 135"},"picture":{"large":"https://randomuser.me/api/portraits/men/42.jpg","medium":"https://randomuser.me/api/portraits/med/men/42.jpg","thumbnail":"https://randomuser.me/api/portraits/thumb/men/42.jpg"},"nat":"DE"}],"info":{"seed":"cefbb7c069210edb","results":1,"page":1,"version":"1.4"}} 
 </msg>
<msg time="2024-06-30T17:13:13.123028" level="INFO">/opt/hostedtoolcache/Python/3.12.4/x64/lib/python3.12/site-packages/urllib3/connectionpool.py:1099: InsecureRequestWarning: Unverified HTTPS request is being made to host 'randomuser.me'. Adding certificate verification is strongly advised. See: https://urllib3.readthedocs.io/en/latest/advanced-usage.html#tls-warnings
  warnings.warn(</msg>
<msg time="2024-06-30T17:13:13.123176" level="INFO">${response} = &lt;Response [200]&gt;</msg>
<var>${response}</var>
<arg>consultarAPI</arg>
<arg>/api</arg>
<doc>Sends a GET request on a previously created HTTP Session.</doc>
<status status="PASS" start="2024-06-30T17:13:12.878750" elapsed="0.244470"/>
</kw>
<kw name="Should Be Equal As Numbers" owner="BuiltIn">
<msg time="2024-06-30T17:13:13.124417" level="INFO">Argument types are:
&lt;class 'int'&gt;
&lt;class 'str'&gt;</msg>
<arg>${response.status_code}</arg>
<arg>200</arg>
<doc>Fails if objects are unequal after converting them to real numbers.</doc>
<status status="PASS" start="2024-06-30T17:13:13.123892" elapsed="0.000593"/>
</kw>
<kw name="Log" owner="BuiltIn">
<msg time="2024-06-30T17:13:13.125169" level="INFO">200</msg>
<arg>${response.status_code}</arg>
<doc>Logs the given message with the given level.</doc>
<status status="PASS" start="2024-06-30T17:13:13.124815" elapsed="0.000397"/>
</kw>
<kw name="Set Variable" owner="BuiltIn">
<msg time="2024-06-30T17:13:13.126012" level="INFO">${json_data} = {'results': [{'gender': 'male', 'name': {'title': 'Mr', 'first': 'Albert', 'last': 'Bitzer'}, 'location': {'street': {'number': 5757, 'name': 'Goethestraße'}, 'city': 'Bayreuth', 'state': 'Hamburg', '...</msg>
<var>${json_data}</var>
<arg>${response.json()}</arg>
<doc>Returns the given values which can then be assigned to a variables.</doc>
<status status="PASS" start="2024-06-30T17:13:13.125563" elapsed="0.000478"/>
</kw>
<kw name="Dictionary Should Contain Key" owner="Collections">
<arg>${json_data}</arg>
<arg>results</arg>
<doc>Fails if ``key`` is not found from ``dictionary``.</doc>
<status status="PASS" start="2024-06-30T17:13:13.126342" elapsed="0.000166"/>
</kw>
<status status="PASS" start="2024-06-30T17:13:12.878503" elapsed="0.248157"/>
</kw>
<doc>Testa se a API responde corretamente e retorna um objeto JSON válido.</doc>
<tag>testeRequisicaoBasica</tag>
<status status="PASS" start="2024-06-30T17:13:12.877968" elapsed="0.248874"/>
</test>
<test id="s1-s1-t3" name="Validar estrutura de resposta" line="22">
<kw name="Teste de Estrutura de Resposta" owner="random-user-service">
<kw name="GET On Session" owner="RequestsLibrary">
<msg time="2024-06-30T17:13:13.218971" level="INFO">GET Request : url=https://randomuser.me/api 
 path_url=/api 
 headers={'User-Agent': 'python-requests/2.32.3', 'Accept-Encoding': 'gzip, deflate', 'Accept': '*/*', 'Connection': 'keep-alive'} 
 body=None 
 </msg>
<msg time="2024-06-30T17:13:13.219058" level="INFO">GET Response : url=https://randomuser.me/api 
 status=200, reason=OK 
 headers={'Date': 'Sun, 30 Jun 2024 17:13:13 GMT', 'Content-Type': 'application/json; charset=utf-8', 'Transfer-Encoding': 'chunked', 'Connection': 'keep-alive', 'X-Powered-By': 'Express', 'Access-Control-Allow-Origin': '*', 'Cache-Control': 'no-cache', 'ETag': 'W/"47c-Kmn/ymK1MLJsL5TxYE6O/+68x18"', 'Vary': 'Accept-Encoding', 'Content-Encoding': 'gzip', 'CF-Cache-Status': 'DYNAMIC', 'Report-To': '{"endpoints":[{"url":"https:\\/\\/a.nel.cloudflare.com\\/report\\/v4?s=v7ORGLkEdr1X8I0JOrJULhx%2BKUnxDHtZLzBNP0puuGCxmXL8BRfYuXQY9FVzC5iy%2Fb0EC8gWSLl2q8PWbmpG98qnilLZZExddFv1r4m83pKvdrc0jc0QYtKK1Z4uRBue"}],"group":"cf-nel","max_age":604800}', 'NEL': '{"success_fraction":0,"report_to":"cf-nel","max_age":604800}', 'Server': 'cloudflare', 'CF-RAY': '89bfc9211dc82a21-ORD', 'alt-svc': 'h3=":443"; ma=86400'} 
 body={"results":[{"gender":"female","name":{"title":"Mrs","first":"Aayushi","last":"Prabhu"},"location":{"street":{"number":6684,"name":"Kasturba Rd"},"city":"Alwar","state":"Andhra Pradesh","country":"India","postcode":57575,"coordinates":{"latitude":"11.6870","longitude":"119.8523"},"timezone":{"offset":"+5:45","description":"Kathmandu"}},"email":"aayushi.prabhu@example.com","login":{"uuid":"0a8ba600-8526-486b-9d90-4c29dc70fd27","username":"angryfish784","password":"moonshin","salt":"wiyHAQvZ","md5":"b1561e3d79ce65f44459a2ea65e9973d","sha1":"eca76376b7a73514fd49449edd32ae102d2bfe2c","sha256":"c6be39317c4439c0cc70ec1227dba7a3e0fa45675cd798025a53305f84a33497"},"dob":{"date":"1953-08-31T21:16:31.890Z","age":70},"registered":{"date":"2014-05-04T14:09:47.135Z","age":10},"phone":"9409814678","cell":"9405568110","id":{"name":"UIDAI","value":"985226592494"},"picture":{"large":"https://randomuser.me/api/portraits/women/83.jpg","medium":"https://randomuser.me/api/portraits/med/women/83.jpg","thumbnail":"https://randomuser.me/api/portraits/thumb/women/83.jpg"},"nat":"IN"}],"info":{"seed":"95448c1f79ad4215","results":1,"page":1,"version":"1.4"}} 
 </msg>
<msg time="2024-06-30T17:13:13.219171" level="INFO">/opt/hostedtoolcache/Python/3.12.4/x64/lib/python3.12/site-packages/urllib3/connectionpool.py:1099: InsecureRequestWarning: Unverified HTTPS request is being made to host 'randomuser.me'. Adding certificate verification is strongly advised. See: https://urllib3.readthedocs.io/en/latest/advanced-usage.html#tls-warnings
  warnings.warn(</msg>
<msg time="2024-06-30T17:13:13.219280" level="INFO">${response} = &lt;Response [200]&gt;</msg>
<var>${response}</var>
<arg>consultarAPI</arg>
<arg>/api</arg>
<doc>Sends a GET request on a previously created HTTP Session.</doc>
<status status="PASS" start="2024-06-30T17:13:13.129553" elapsed="0.089769"/>
</kw>
<kw name="Set Variable" owner="BuiltIn">
<msg time="2024-06-30T17:13:13.220410" level="INFO">${json_data} = {'results': [{'gender': 'female', 'name': {'title': 'Mrs', 'first': 'Aayushi', 'last': 'Prabhu'}, 'location': {'street': {'number': 6684, 'name': 'Kasturba Rd'}, 'city': 'Alwar', 'state': 'Andhra Prad...</msg>
<var>${json_data}</var>
<arg>${response.json()}</arg>
<doc>Returns the given values which can then be assigned to a variables.</doc>
<status status="PASS" start="2024-06-30T17:13:13.219853" elapsed="0.000585"/>
</kw>
<kw name="Log" owner="BuiltIn">
<msg time="2024-06-30T17:13:13.220899" level="INFO">{'results': [{'gender': 'female', 'name': {'title': 'Mrs', 'first': 'Aayushi', 'last': 'Prabhu'}, 'location': {'street': {'number': 6684, 'name': 'Kasturba Rd'}, 'city': 'Alwar', 'state': 'Andhra Pradesh', 'country': 'India', 'postcode': 57575, 'coordinates': {'latitude': '11.6870', 'longitude': '119.8523'}, 'timezone': {'offset': '+5:45', 'description': 'Kathmandu'}}, 'email': 'aayushi.prabhu@example.com', 'login': {'uuid': '0a8ba600-8526-486b-9d90-4c29dc70fd27', 'username': 'angryfish784', 'password': 'moonshin', 'salt': 'wiyHAQvZ', 'md5': 'b1561e3d79ce65f44459a2ea65e9973d', 'sha1': 'eca76376b7a73514fd49449edd32ae102d2bfe2c', 'sha256': 'c6be39317c4439c0cc70ec1227dba7a3e0fa45675cd798025a53305f84a33497'}, 'dob': {'date': '1953-08-31T21:16:31.890Z', 'age': 70}, 'registered': {'date': '2014-05-04T14:09:47.135Z', 'age': 10}, 'phone': '9409814678', 'cell': '9405568110', 'id': {'name': 'UIDAI', 'value': '985226592494'}, 'picture': {'large': 'https://randomuser.me/api/portraits/women/83.jpg', 'medium': 'https://randomuser.me/api/portraits/med/women/83.jpg', 'thumbnail': 'https://randomuser.me/api/portraits/thumb/women/83.jpg'}, 'nat': 'IN'}], 'info': {'seed': '95448c1f79ad4215', 'results': 1, 'page': 1, 'version': '1.4'}}</msg>
<arg>${json_data}</arg>
<doc>Logs the given message with the given level.</doc>
<status status="PASS" start="2024-06-30T17:13:13.220743" elapsed="0.000203"/>
</kw>
<kw name="Dictionary Should Contain Key" owner="Collections">
<arg>${json_data}</arg>
<arg>results</arg>
<doc>Fails if ``key`` is not found from ``dictionary``.</doc>
<status status="PASS" start="2024-06-30T17:13:13.221243" elapsed="0.000209"/>
</kw>
<kw name="Should Not Be Empty" owner="BuiltIn">
<msg time="2024-06-30T17:13:13.221768" level="INFO">Length is 2.</msg>
<arg>${json_data}</arg>
<doc>Verifies that the given item is not empty.</doc>
<status status="PASS" start="2024-06-30T17:13:13.221638" elapsed="0.000169"/>
</kw>
<kw name="Create List" owner="BuiltIn">
<msg time="2024-06-30T17:13:13.222255" level="INFO">${expected_keys} = ['gender', 'name', 'location', 'email', 'login']</msg>
<var>${expected_keys}</var>
<arg>gender</arg>
<arg>name</arg>
<arg>location</arg>
<arg>email</arg>
<arg>login</arg>
<doc>Returns a list containing given items.</doc>
<status status="PASS" start="2024-06-30T17:13:13.222103" elapsed="0.000175"/>
</kw>
<for flavor="IN">
<iter>
<kw name="Dictionary Should Contain Key" owner="Collections">
<arg>${json_data['results'][0]}</arg>
<arg>${key}</arg>
<doc>Fails if ``key`` is not found from ``dictionary``.</doc>
<status status="PASS" start="2024-06-30T17:13:13.222991" elapsed="0.000394"/>
</kw>
<kw name="Log" owner="BuiltIn">
<msg time="2024-06-30T17:13:13.223935" level="INFO">{'gender': 'female', 'name': {'title': 'Mrs', 'first': 'Aayushi', 'last': 'Prabhu'}, 'location': {'street': {'number': 6684, 'name': 'Kasturba Rd'}, 'city': 'Alwar', 'state': 'Andhra Pradesh', 'country': 'India', 'postcode': 57575, 'coordinates': {'latitude': '11.6870', 'longitude': '119.8523'}, 'timezone': {'offset': '+5:45', 'description': 'Kathmandu'}}, 'email': 'aayushi.prabhu@example.com', 'login': {'uuid': '0a8ba600-8526-486b-9d90-4c29dc70fd27', 'username': 'angryfish784', 'password': 'moonshin', 'salt': 'wiyHAQvZ', 'md5': 'b1561e3d79ce65f44459a2ea65e9973d', 'sha1': 'eca76376b7a73514fd49449edd32ae102d2bfe2c', 'sha256': 'c6be39317c4439c0cc70ec1227dba7a3e0fa45675cd798025a53305f84a33497'}, 'dob': {'date': '1953-08-31T21:16:31.890Z', 'age': 70}, 'registered': {'date': '2014-05-04T14:09:47.135Z', 'age': 10}, 'phone': '9409814678', 'cell': '9405568110', 'id': {'name': 'UIDAI', 'value': '985226592494'}, 'picture': {'large': 'https://randomuser.me/api/portraits/women/83.jpg', 'medium': 'https://randomuser.me/api/portraits/med/women/83.jpg', 'thumbnail': 'https://randomuser.me/api/portraits/thumb/women/83.jpg'}, 'nat': 'IN'}</msg>
<arg>${json_data['results'][0]}</arg>
<doc>Logs the given message with the given level.</doc>
<status status="PASS" start="2024-06-30T17:13:13.223578" elapsed="0.000404"/>
</kw>
<kw name="Log" owner="BuiltIn">
<msg time="2024-06-30T17:13:13.224405" level="INFO">gender</msg>
<arg>${key}</arg>
<doc>Logs the given message with the given level.</doc>
<status status="PASS" start="2024-06-30T17:13:13.224278" elapsed="0.000166"/>
</kw>
<var name="${key}">gender</var>
<status status="PASS" start="2024-06-30T17:13:13.222867" elapsed="0.001790"/>
</iter>
<iter>
<kw name="Dictionary Should Contain Key" owner="Collections">
<arg>${json_data['results'][0]}</arg>
<arg>${key}</arg>
<doc>Fails if ``key`` is not found from ``dictionary``.</doc>
<status status="PASS" start="2024-06-30T17:13:13.224953" elapsed="0.000413"/>
</kw>
<kw name="Log" owner="BuiltIn">
<msg time="2024-06-30T17:13:13.225893" level="INFO">{'gender': 'female', 'name': {'title': 'Mrs', 'first': 'Aayushi', 'last': 'Prabhu'}, 'location': {'street': {'number': 6684, 'name': 'Kasturba Rd'}, 'city': 'Alwar', 'state': 'Andhra Pradesh', 'country': 'India', 'postcode': 57575, 'coordinates': {'latitude': '11.6870', 'longitude': '119.8523'}, 'timezone': {'offset': '+5:45', 'description': 'Kathmandu'}}, 'email': 'aayushi.prabhu@example.com', 'login': {'uuid': '0a8ba600-8526-486b-9d90-4c29dc70fd27', 'username': 'angryfish784', 'password': 'moonshin', 'salt': 'wiyHAQvZ', 'md5': 'b1561e3d79ce65f44459a2ea65e9973d', 'sha1': 'eca76376b7a73514fd49449edd32ae102d2bfe2c', 'sha256': 'c6be39317c4439c0cc70ec1227dba7a3e0fa45675cd798025a53305f84a33497'}, 'dob': {'date': '1953-08-31T21:16:31.890Z', 'age': 70}, 'registered': {'date': '2014-05-04T14:09:47.135Z', 'age': 10}, 'phone': '9409814678', 'cell': '9405568110', 'id': {'name': 'UIDAI', 'value': '985226592494'}, 'picture': {'large': 'https://randomuser.me/api/portraits/women/83.jpg', 'medium': 'https://randomuser.me/api/portraits/med/women/83.jpg', 'thumbnail': 'https://randomuser.me/api/portraits/thumb/women/83.jpg'}, 'nat': 'IN'}</msg>
<arg>${json_data['results'][0]}</arg>
<doc>Logs the given message with the given level.</doc>
<status status="PASS" start="2024-06-30T17:13:13.225548" elapsed="0.000424"/>
</kw>
<kw name="Log" owner="BuiltIn">
<msg time="2024-06-30T17:13:13.226397" level="INFO">name</msg>
<arg>${key}</arg>
<doc>Logs the given message with the given level.</doc>
<status status="PASS" start="2024-06-30T17:13:13.226270" elapsed="0.000164"/>
</kw>
<var name="${key}">name</var>
<status status="PASS" start="2024-06-30T17:13:13.224842" elapsed="0.001805"/>
</iter>
<iter>
<kw name="Dictionary Should Contain Key" owner="Collections">
<arg>${json_data['results'][0]}</arg>
<arg>${key}</arg>
<doc>Fails if ``key`` is not found from ``dictionary``.</doc>
<status status="PASS" start="2024-06-30T17:13:13.226933" elapsed="0.000376"/>
</kw>
<kw name="Log" owner="BuiltIn">
<msg time="2024-06-30T17:13:13.227832" level="INFO">{'gender': 'female', 'name': {'title': 'Mrs', 'first': 'Aayushi', 'last': 'Prabhu'}, 'location': {'street': {'number': 6684, 'name': 'Kasturba Rd'}, 'city': 'Alwar', 'state': 'Andhra Pradesh', 'country': 'India', 'postcode': 57575, 'coordinates': {'latitude': '11.6870', 'longitude': '119.8523'}, 'timezone': {'offset': '+5:45', 'description': 'Kathmandu'}}, 'email': 'aayushi.prabhu@example.com', 'login': {'uuid': '0a8ba600-8526-486b-9d90-4c29dc70fd27', 'username': 'angryfish784', 'password': 'moonshin', 'salt': 'wiyHAQvZ', 'md5': 'b1561e3d79ce65f44459a2ea65e9973d', 'sha1': 'eca76376b7a73514fd49449edd32ae102d2bfe2c', 'sha256': 'c6be39317c4439c0cc70ec1227dba7a3e0fa45675cd798025a53305f84a33497'}, 'dob': {'date': '1953-08-31T21:16:31.890Z', 'age': 70}, 'registered': {'date': '2014-05-04T14:09:47.135Z', 'age': 10}, 'phone': '9409814678', 'cell': '9405568110', 'id': {'name': 'UIDAI', 'value': '985226592494'}, 'picture': {'large': 'https://randomuser.me/api/portraits/women/83.jpg', 'medium': 'https://randomuser.me/api/portraits/med/women/83.jpg', 'thumbnail': 'https://randomuser.me/api/portraits/thumb/women/83.jpg'}, 'nat': 'IN'}</msg>
<arg>${json_data['results'][0]}</arg>
<doc>Logs the given message with the given level.</doc>
<status status="PASS" start="2024-06-30T17:13:13.227490" elapsed="0.000389"/>
</kw>
<kw name="Log" owner="BuiltIn">
<msg time="2024-06-30T17:13:13.228305" level="INFO">location</msg>
<arg>${key}</arg>
<doc>Logs the given message with the given level.</doc>
<status status="PASS" start="2024-06-30T17:13:13.228177" elapsed="0.000166"/>
</kw>
<var name="${key}">location</var>
<status status="PASS" start="2024-06-30T17:13:13.226823" elapsed="0.001732"/>
</iter>
<iter>
<kw name="Dictionary Should Contain Key" owner="Collections">
<arg>${json_data['results'][0]}</arg>
<arg>${key}</arg>
<doc>Fails if ``key`` is not found from ``dictionary``.</doc>
<status status="PASS" start="2024-06-30T17:13:13.228832" elapsed="0.000386"/>
</kw>
<kw name="Log" owner="BuiltIn">
<msg time="2024-06-30T17:13:13.229808" level="INFO">{'gender': 'female', 'name': {'title': 'Mrs', 'first': 'Aayushi', 'last': 'Prabhu'}, 'location': {'street': {'number': 6684, 'name': 'Kasturba Rd'}, 'city': 'Alwar', 'state': 'Andhra Pradesh', 'country': 'India', 'postcode': 57575, 'coordinates': {'latitude': '11.6870', 'longitude': '119.8523'}, 'timezone': {'offset': '+5:45', 'description': 'Kathmandu'}}, 'email': 'aayushi.prabhu@example.com', 'login': {'uuid': '0a8ba600-8526-486b-9d90-4c29dc70fd27', 'username': 'angryfish784', 'password': 'moonshin', 'salt': 'wiyHAQvZ', 'md5': 'b1561e3d79ce65f44459a2ea65e9973d', 'sha1': 'eca76376b7a73514fd49449edd32ae102d2bfe2c', 'sha256': 'c6be39317c4439c0cc70ec1227dba7a3e0fa45675cd798025a53305f84a33497'}, 'dob': {'date': '1953-08-31T21:16:31.890Z', 'age': 70}, 'registered': {'date': '2014-05-04T14:09:47.135Z', 'age': 10}, 'phone': '9409814678', 'cell': '9405568110', 'id': {'name': 'UIDAI', 'value': '985226592494'}, 'picture': {'large': 'https://randomuser.me/api/portraits/women/83.jpg', 'medium': 'https://randomuser.me/api/portraits/med/women/83.jpg', 'thumbnail': 'https://randomuser.me/api/portraits/thumb/women/83.jpg'}, 'nat': 'IN'}</msg>
<arg>${json_data['results'][0]}</arg>
<doc>Logs the given message with the given level.</doc>
<status status="PASS" start="2024-06-30T17:13:13.229433" elapsed="0.000424"/>
</kw>
<kw name="Log" owner="BuiltIn">
<msg time="2024-06-30T17:13:13.230285" level="INFO">email</msg>
<arg>${key}</arg>
<doc>Logs the given message with the given level.</doc>
<status status="PASS" start="2024-06-30T17:13:13.230158" elapsed="0.000165"/>
</kw>
<var name="${key}">email</var>
<status status="PASS" start="2024-06-30T17:13:13.228724" elapsed="0.001822"/>
</iter>
<iter>
<kw name="Dictionary Should Contain Key" owner="Collections">
<arg>${json_data['results'][0]}</arg>
<arg>${key}</arg>
<doc>Fails if ``key`` is not found from ``dictionary``.</doc>
<status status="PASS" start="2024-06-30T17:13:13.230829" elapsed="0.000391"/>
</kw>
<kw name="Log" owner="BuiltIn">
<msg time="2024-06-30T17:13:13.231758" level="INFO">{'gender': 'female', 'name': {'title': 'Mrs', 'first': 'Aayushi', 'last': 'Prabhu'}, 'location': {'street': {'number': 6684, 'name': 'Kasturba Rd'}, 'city': 'Alwar', 'state': 'Andhra Pradesh', 'country': 'India', 'postcode': 57575, 'coordinates': {'latitude': '11.6870', 'longitude': '119.8523'}, 'timezone': {'offset': '+5:45', 'description': 'Kathmandu'}}, 'email': 'aayushi.prabhu@example.com', 'login': {'uuid': '0a8ba600-8526-486b-9d90-4c29dc70fd27', 'username': 'angryfish784', 'password': 'moonshin', 'salt': 'wiyHAQvZ', 'md5': 'b1561e3d79ce65f44459a2ea65e9973d', 'sha1': 'eca76376b7a73514fd49449edd32ae102d2bfe2c', 'sha256': 'c6be39317c4439c0cc70ec1227dba7a3e0fa45675cd798025a53305f84a33497'}, 'dob': {'date': '1953-08-31T21:16:31.890Z', 'age': 70}, 'registered': {'date': '2014-05-04T14:09:47.135Z', 'age': 10}, 'phone': '9409814678', 'cell': '9405568110', 'id': {'name': 'UIDAI', 'value': '985226592494'}, 'picture': {'large': 'https://randomuser.me/api/portraits/women/83.jpg', 'medium': 'https://randomuser.me/api/portraits/med/women/83.jpg', 'thumbnail': 'https://randomuser.me/api/portraits/thumb/women/83.jpg'}, 'nat': 'IN'}</msg>
<arg>${json_data['results'][0]}</arg>
<doc>Logs the given message with the given level.</doc>
<status status="PASS" start="2024-06-30T17:13:13.231401" elapsed="0.000405"/>
</kw>
<kw name="Log" owner="BuiltIn">
<msg time="2024-06-30T17:13:13.232224" level="INFO">login</msg>
<arg>${key}</arg>
<doc>Logs the given message with the given level.</doc>
<status status="PASS" start="2024-06-30T17:13:13.232097" elapsed="0.000165"/>
</kw>
<var name="${key}">login</var>
<status status="PASS" start="2024-06-30T17:13:13.230716" elapsed="0.001765"/>
</iter>
<var>${key}</var>
<value>@{expected_keys}</value>
<status status="PASS" start="2024-06-30T17:13:13.222681" elapsed="0.009918"/>
</for>
<kw name="Create List" owner="BuiltIn">
<msg time="2024-06-30T17:13:13.232920" level="INFO">${expected_keysTwo} = ['username', 'password']</msg>
<var>${expected_keysTwo}</var>
<arg>username</arg>
<arg>password</arg>
<doc>Returns a list containing given items.</doc>
<status status="PASS" start="2024-06-30T17:13:13.232786" elapsed="0.000157"/>
</kw>
<for flavor="IN">
<iter>
<kw name="Dictionary Should Contain Key" owner="Collections">
<arg>${json_data['results'][0]['login']}</arg>
<arg>${keyTwo}</arg>
<doc>Fails if ``key`` is not found from ``dictionary``.</doc>
<status status="PASS" start="2024-06-30T17:13:13.233500" elapsed="0.000384"/>
</kw>
<kw name="Dictionary Should Contain Key" owner="Collections">
<arg>${json_data['results'][0]['login']}</arg>
<arg>${keyTwo}</arg>
<doc>Fails if ``key`` is not found from ``dictionary``.</doc>
<status status="PASS" start="2024-06-30T17:13:13.234066" elapsed="0.000385"/>
</kw>
<kw name="Log" owner="BuiltIn">
<msg time="2024-06-30T17:13:13.234772" level="INFO">username</msg>
<arg>${keyTwo}</arg>
<doc>Logs the given message with the given level.</doc>
<status status="PASS" start="2024-06-30T17:13:13.234635" elapsed="0.000176"/>
</kw>
<var name="${keyTwo}">username</var>
<status status="PASS" start="2024-06-30T17:13:13.233386" elapsed="0.001645"/>
</iter>
<iter>
<kw name="Dictionary Should Contain Key" owner="Collections">
<arg>${json_data['results'][0]['login']}</arg>
<arg>${keyTwo}</arg>
<doc>Fails if ``key`` is not found from ``dictionary``.</doc>
<status status="PASS" start="2024-06-30T17:13:13.235308" elapsed="0.000380"/>
</kw>
<kw name="Dictionary Should Contain Key" owner="Collections">
<arg>${json_data['results'][0]['login']}</arg>
<arg>${keyTwo}</arg>
<doc>Fails if ``key`` is not found from ``dictionary``.</doc>
<status status="PASS" start="2024-06-30T17:13:13.235865" elapsed="0.000393"/>
</kw>
<kw name="Log" owner="BuiltIn">
<msg time="2024-06-30T17:13:13.236555" level="INFO">password</msg>
<arg>${keyTwo}</arg>
<doc>Logs the given message with the given level.</doc>
<status status="PASS" start="2024-06-30T17:13:13.236435" elapsed="0.000162"/>
</kw>
<var name="${keyTwo}">password</var>
<status status="PASS" start="2024-06-30T17:13:13.235201" elapsed="0.001615"/>
</iter>
<var>${keyTwo}</var>
<value>@{expected_keysTwo}</value>
<status status="PASS" start="2024-06-30T17:13:13.233207" elapsed="0.003728"/>
</for>
<status status="PASS" start="2024-06-30T17:13:13.129287" elapsed="0.107789"/>
</kw>
<doc>Testa a estrutura da resposta da API.</doc>
<tag>testeEstruturaResposta</tag>
<status status="PASS" start="2024-06-30T17:13:13.128673" elapsed="0.108561"/>
</test>
<test id="s1-s1-t4" name="Validar tipos de dados" line="28">
<kw name="Teste de Tipos de Dados" owner="random-user-service">
<kw name="GET On Session" owner="RequestsLibrary">
<msg time="2024-06-30T17:13:13.314150" level="INFO">GET Request : url=https://randomuser.me/api 
 path_url=/api 
 headers={'User-Agent': 'python-requests/2.32.3', 'Accept-Encoding': 'gzip, deflate', 'Accept': '*/*', 'Connection': 'keep-alive'} 
 body=None 
 </msg>
<msg time="2024-06-30T17:13:13.314251" level="INFO">GET Response : url=https://randomuser.me/api 
 status=200, reason=OK 
 headers={'Date': 'Sun, 30 Jun 2024 17:13:13 GMT', 'Content-Type': 'application/json; charset=utf-8', 'Transfer-Encoding': 'chunked', 'Connection': 'keep-alive', 'X-Powered-By': 'Express', 'Access-Control-Allow-Origin': '*', 'Cache-Control': 'no-cache', 'ETag': 'W/"498-QLnVQ/J2+kRGERkQ+Wc3YhXKbpk"', 'Vary': 'Accept-Encoding', 'Content-Encoding': 'gzip', 'CF-Cache-Status': 'DYNAMIC', 'Report-To': '{"endpoints":[{"url":"https:\\/\\/a.nel.cloudflare.com\\/report\\/v4?s=1AtUWbx5SGECV69ImL%2B38dak32ppzbHHYnyYhaWSRY4IbQjpJGEpi2lhn92Ty%2BVjfL0E9td9L%2FPsjmx2WX5NU58LWSxlCtG3XgR9DJgcboRkK4YlQWaeNqjdzz6Ghp2z"}],"group":"cf-nel","max_age":604800}', 'NEL': '{"success_fraction":0,"report_to":"cf-nel","max_age":604800}', 'Server': 'cloudflare', 'CF-RAY': '89bfc921ce7d2a21-ORD', 'alt-svc': 'h3=":443"; ma=86400'} 
 body={"results":[{"gender":"male","name":{"title":"Mr","first":"Cameron","last":"Crawford"},"location":{"street":{"number":4338,"name":"Camden Ave"},"city":"West Palm Beach","state":"Kansas","country":"United States","postcode":20551,"coordinates":{"latitude":"84.3161","longitude":"-176.2148"},"timezone":{"offset":"-3:00","description":"Brazil, Buenos Aires, Georgetown"}},"email":"cameron.crawford@example.com","login":{"uuid":"22561f51-3ab4-4165-b862-2f6e4a53dd47","username":"happycat256","password":"mack","salt":"oOSqgBt8","md5":"5e16e0ca34bce71669eb5a935bbd1898","sha1":"a20b1f1f117653a0e25cf648acb3cf063a71f61c","sha256":"fdf5cdd9716cdf261f859e09c502085535bbe34f79627f61cf06ac3c000956bf"},"dob":{"date":"1999-07-03T12:58:49.931Z","age":24},"registered":{"date":"2010-05-24T10:28:44.802Z","age":14},"phone":"(463) 388-2498","cell":"(950) 777-1996","id":{"name":"SSN","value":"386-96-8940"},"picture":{"large":"https://randomuser.me/api/portraits/men/89.jpg","medium":"https://randomuser.me/api/portraits/med/men/89.jpg","thumbnail":"https://randomuser.me/api/portraits/thumb/men/89.jpg"},"nat":"US"}],"info":{"seed":"b3f943c487f5a83b","results":1,"page":1,"version":"1.4"}} 
 </msg>
<msg time="2024-06-30T17:13:13.314334" level="INFO">/opt/hostedtoolcache/Python/3.12.4/x64/lib/python3.12/site-packages/urllib3/connectionpool.py:1099: InsecureRequestWarning: Unverified HTTPS request is being made to host 'randomuser.me'. Adding certificate verification is strongly advised. See: https://urllib3.readthedocs.io/en/latest/advanced-usage.html#tls-warnings
  warnings.warn(</msg>
<msg time="2024-06-30T17:13:13.314473" level="INFO">${response} = &lt;Response [200]&gt;</msg>
<var>${response}</var>
<arg>consultarAPI</arg>
<arg>/api</arg>
<doc>Sends a GET request on a previously created HTTP Session.</doc>
<status status="PASS" start="2024-06-30T17:13:13.240308" elapsed="0.074215"/>
</kw>
<kw name="Set Variable" owner="BuiltIn">
<msg time="2024-06-30T17:13:13.315743" level="INFO">${json_data} = {'results': [{'gender': 'male', 'name': {'title': 'Mr', 'first': 'Cameron', 'last': 'Crawford'}, 'location': {'street': {'number': 4338, 'name': 'Camden Ave'}, 'city': 'West Palm Beach', 'state': 'Kan...</msg>
<var>${json_data}</var>
<arg>${response.json()}</arg>
<doc>Returns the given values which can then be assigned to a variables.</doc>
<status status="PASS" start="2024-06-30T17:13:13.315165" elapsed="0.000608"/>
</kw>
<kw name="Log" owner="BuiltIn">
<msg time="2024-06-30T17:13:13.316245" level="INFO">{'results': [{'gender': 'male', 'name': {'title': 'Mr', 'first': 'Cameron', 'last': 'Crawford'}, 'location': {'street': {'number': 4338, 'name': 'Camden Ave'}, 'city': 'West Palm Beach', 'state': 'Kansas', 'country': 'United States', 'postcode': 20551, 'coordinates': {'latitude': '84.3161', 'longitude': '-176.2148'}, 'timezone': {'offset': '-3:00', 'description': 'Brazil, Buenos Aires, Georgetown'}}, 'email': 'cameron.crawford@example.com', 'login': {'uuid': '22561f51-3ab4-4165-b862-2f6e4a53dd47', 'username': 'happycat256', 'password': 'mack', 'salt': 'oOSqgBt8', 'md5': '5e16e0ca34bce71669eb5a935bbd1898', 'sha1': 'a20b1f1f117653a0e25cf648acb3cf063a71f61c', 'sha256': 'fdf5cdd9716cdf261f859e09c502085535bbe34f79627f61cf06ac3c000956bf'}, 'dob': {'date': '1999-07-03T12:58:49.931Z', 'age': 24}, 'registered': {'date': '2010-05-24T10:28:44.802Z', 'age': 14}, 'phone': '(463) 388-2498', 'cell': '(950) 777-1996', 'id': {'name': 'SSN', 'value': '386-96-8940'}, 'picture': {'large': 'https://randomuser.me/api/portraits/men/89.jpg', 'medium': 'https://randomuser.me/api/portraits/med/men/89.jpg', 'thumbnail': 'https://randomuser.me/api/portraits/thumb/men/89.jpg'}, 'nat': 'US'}], 'info': {'seed': 'b3f943c487f5a83b', 'results': 1, 'page': 1, 'version': '1.4'}}</msg>
<arg>${json_data}</arg>
<doc>Logs the given message with the given level.</doc>
<status status="PASS" start="2024-06-30T17:13:13.316087" elapsed="0.000205"/>
</kw>
<kw name="Should Be String" owner="String">
<arg>${json_data['results'][0]['gender']}</arg>
<doc>Fails if the given ``item`` is not a string.</doc>
<status status="PASS" start="2024-06-30T17:13:13.316591" elapsed="0.000368"/>
</kw>
<kw name="Should Match Regexp" owner="BuiltIn">
<arg>${json_data['results'][0]['email']}</arg>
<arg>^[a-zA-Z0-9._%+-]+@[a-zA-Z0-9.-]+\.[a-zA-Z]{2,}$</arg>
<doc>Fails if ``string`` does not match ``pattern`` as a regular expression.</doc>
<status status="PASS" start="2024-06-30T17:13:13.317148" elapsed="0.000571"/>
</kw>
<kw name="Should Match Regexp" owner="BuiltIn">
<arg>${json_data['results'][0]['dob']['date']}</arg>
<arg>\\d{4}-\\d{2}-\\d{2}T\\d{2}:\\d{2}:\\d{2}\\.\\d{3}Z</arg>
<doc>Fails if ``string`` does not match ``pattern`` as a regular expression.</doc>
<status status="PASS" start="2024-06-30T17:13:13.317956" elapsed="0.000497"/>
</kw>
<kw name="Should Match Regexp" owner="BuiltIn">
<arg>${json_data['results'][0]['registered']['date']}</arg>
<arg>\\d{4}-\\d{2}-\\d{2}T\\d{2}:\\d{2}:\\d{2}\\.\\d{3}Z</arg>
<doc>Fails if ``string`` does not match ``pattern`` as a regular expression.</doc>
<status status="PASS" start="2024-06-30T17:13:13.318645" elapsed="0.000368"/>
</kw>
<kw name="Should Match Regexp" owner="BuiltIn">
<arg>${json_data['results'][0]['picture']['large']}</arg>
<arg>^https?://.*\.(?:png|jpe?g|gif|bmp)$</arg>
<doc>Fails if ``string`` does not match ``pattern`` as a regular expression.</doc>
<status status="PASS" start="2024-06-30T17:13:13.319197" elapsed="0.000453"/>
</kw>
<kw name="Should Match Regexp" owner="BuiltIn">
<arg>${json_data['results'][0]['picture']['medium']}</arg>
<arg>^https?://.*\.(?:png|jpe?g|gif|bmp)$</arg>
<doc>Fails if ``string`` does not match ``pattern`` as a regular expression.</doc>
<status status="PASS" start="2024-06-30T17:13:13.319836" elapsed="0.000348"/>
</kw>
<kw name="Should Match Regexp" owner="BuiltIn">
<arg>${json_data['results'][0]['picture']['thumbnail']}</arg>
<arg>^https?://.*\.(?:png|jpe?g|gif|bmp)$</arg>
<doc>Fails if ``string`` does not match ``pattern`` as a regular expression.</doc>
<status status="PASS" start="2024-06-30T17:13:13.320365" elapsed="0.000347"/>
</kw>
<kw name="Log" owner="BuiltIn">
<msg time="2024-06-30T17:13:13.321234" level="INFO">{'large': 'https://randomuser.me/api/portraits/men/89.jpg', 'medium': 'https://randomuser.me/api/portraits/med/men/89.jpg', 'thumbnail': 'https://randomuser.me/api/portraits/thumb/men/89.jpg'}</msg>
<arg>${json_data['results'][0]['picture']}</arg>
<doc>Logs the given message with the given level.</doc>
<status status="PASS" start="2024-06-30T17:13:13.320896" elapsed="0.000380"/>
</kw>
<status status="PASS" start="2024-06-30T17:13:13.240076" elapsed="0.081493"/>
</kw>
<kw name="Teste de Tipos de Dados - Postcode" owner="random-user-service">
<kw name="GET On Session" owner="RequestsLibrary">
<msg time="2024-06-30T17:13:13.476089" level="INFO">GET Request : url=https://randomuser.me/api 
 path_url=/api 
 headers={'User-Agent': 'python-requests/2.32.3', 'Accept-Encoding': 'gzip, deflate', 'Accept': '*/*', 'Connection': 'keep-alive'} 
 body=None 
 </msg>
<msg time="2024-06-30T17:13:13.476202" level="INFO">GET Response : url=https://randomuser.me/api 
 status=200, reason=OK 
 headers={'Date': 'Sun, 30 Jun 2024 17:13:13 GMT', 'Content-Type': 'application/json; charset=utf-8', 'Transfer-Encoding': 'chunked', 'Connection': 'keep-alive', 'X-Powered-By': 'Express', 'Access-Control-Allow-Origin': '*', 'Cache-Control': 'no-cache', 'ETag': 'W/"47b-be4Gf+jZt42LUrml8vnLtVVq4d8"', 'Vary': 'Accept-Encoding', 'Content-Encoding': 'gzip', 'CF-Cache-Status': 'DYNAMIC', 'Report-To': '{"endpoints":[{"url":"https:\\/\\/a.nel.cloudflare.com\\/report\\/v4?s=4dqLQZZgu7vw78x0K%2Bdla2gPblLqrxKaemsJcy0TQSqqMHc68OKsD9PT4HZGt1MNeF0POYoAM%2BvMOx0u0GC73hs9Qvg%2FecoLAoYmAlXmpIPAsYOskAENMXHhksjLbM58"}],"group":"cf-nel","max_age":604800}', 'NEL': '{"success_fraction":0,"report_to":"cf-nel","max_age":604800}', 'Server': 'cloudflare', 'CF-RAY': '89bfc9224f092a21-ORD', 'alt-svc': 'h3=":443"; ma=86400'} 
 body={"results":[{"gender":"female","name":{"title":"Miss","first":"نازنین","last":"محمدخان"},"location":{"street":{"number":7415,"name":"میدان حر"},"city":"کرج","state":"یزد","country":"Iran","postcode":40595,"coordinates":{"latitude":"18.0775","longitude":"176.3411"},"timezone":{"offset":"-2:00","description":"Mid-Atlantic"}},"email":"nznyn.mhmdkhn@example.com","login":{"uuid":"b926bbef-5504-4f24-9ee7-0fe9b136ffee","username":"lazybear967","password":"tophat","salt":"vcq8krK4","md5":"2e34478f78ad70926f5a68e1e63d286d","sha1":"9d7793cecedbe55943218ddb1b1b163eeadaf2c8","sha256":"88a2150187991205b98c5e2ebdbf730dd097706a3bf288b750b106a937ce1074"},"dob":{"date":"1997-05-05T03:22:23.590Z","age":27},"registered":{"date":"2014-05-18T06:26:21.843Z","age":10},"phone":"002-49989144","cell":"0998-916-2785","id":{"name":"","value":null},"picture":{"large":"https://randomuser.me/api/portraits/women/70.jpg","medium":"https://randomuser.me/api/portraits/med/women/70.jpg","thumbnail":"https://randomuser.me/api/portraits/thumb/women/70.jpg"},"nat":"IR"}],"info":{"seed":"e68ac62da1add5f7","results":1,"page":1,"version":"1.4"}} 
 </msg>
<msg time="2024-06-30T17:13:13.476276" level="INFO">/opt/hostedtoolcache/Python/3.12.4/x64/lib/python3.12/site-packages/urllib3/connectionpool.py:1099: InsecureRequestWarning: Unverified HTTPS request is being made to host 'randomuser.me'. Adding certificate verification is strongly advised. See: https://urllib3.readthedocs.io/en/latest/advanced-usage.html#tls-warnings
  warnings.warn(</msg>
<msg time="2024-06-30T17:13:13.476396" level="INFO">${response} = &lt;Response [200]&gt;</msg>
<var>${response}</var>
<arg>consultarAPI</arg>
<arg>/api</arg>
<doc>Sends a GET request on a previously created HTTP Session.</doc>
<status status="PASS" start="2024-06-30T17:13:13.322020" elapsed="0.154418"/>
</kw>
<kw name="Set Variable" owner="BuiltIn">
<msg time="2024-06-30T17:13:13.477584" level="INFO">${json_data} = {'results': [{'gender': 'female', 'name': {'title': 'Miss', 'first': 'نازنین', 'last': 'محمدخان'}, 'location': {'street': {'number': 7415, 'name': 'میدان حر'}, 'city': 'کرج', 'state': 'یزد', 'country'...</msg>
<var>${json_data}</var>
<arg>${response.json()}</arg>
<doc>Returns the given values which can then be assigned to a variables.</doc>
<status status="PASS" start="2024-06-30T17:13:13.476976" elapsed="0.000638"/>
</kw>
<kw name="Log" owner="BuiltIn">
<msg time="2024-06-30T17:13:13.478097" level="INFO">{'results': [{'gender': 'female', 'name': {'title': 'Miss', 'first': 'نازنین', 'last': 'محمدخان'}, 'location': {'street': {'number': 7415, 'name': 'میدان حر'}, 'city': 'کرج', 'state': 'یزد', 'country': 'Iran', 'postcode': 40595, 'coordinates': {'latitude': '18.0775', 'longitude': '176.3411'}, 'timezone': {'offset': '-2:00', 'description': 'Mid-Atlantic'}}, 'email': 'nznyn.mhmdkhn@example.com', 'login': {'uuid': 'b926bbef-5504-4f24-9ee7-0fe9b136ffee', 'username': 'lazybear967', 'password': 'tophat', 'salt': 'vcq8krK4', 'md5': '2e34478f78ad70926f5a68e1e63d286d', 'sha1': '9d7793cecedbe55943218ddb1b1b163eeadaf2c8', 'sha256': '88a2150187991205b98c5e2ebdbf730dd097706a3bf288b750b106a937ce1074'}, 'dob': {'date': '1997-05-05T03:22:23.590Z', 'age': 27}, 'registered': {'date': '2014-05-18T06:26:21.843Z', 'age': 10}, 'phone': '002-49989144', 'cell': '0998-916-2785', 'id': {'name': '', 'value': None}, 'picture': {'large': 'https://randomuser.me/api/portraits/women/70.jpg', 'medium': 'https://randomuser.me/api/portraits/med/women/70.jpg', 'thumbnail': 'https://randomuser.me/api/portraits/thumb/women/70.jpg'}, 'nat': 'IR'}], 'info': {'seed': 'e68ac62da1add5f7', 'results': 1, 'page': 1, 'version': '1.4'}}</msg>
<arg>${json_data}</arg>
<doc>Logs the given message with the given level.</doc>
<status status="PASS" start="2024-06-30T17:13:13.477935" elapsed="0.000212"/>
</kw>
<kw name="Should Be Equal As Numbers" owner="BuiltIn">
<arg>${json_data['results'][0]['location']['postcode']}</arg>
<arg>${json_data['results'][0]['location']['postcode']}</arg>
<doc>Fails if objects are unequal after converting them to real numbers.</doc>
<status status="PASS" start="2024-06-30T17:13:13.478441" elapsed="0.000627"/>
</kw>
<kw name="Log" owner="BuiltIn">
<msg time="2024-06-30T17:13:13.479588" level="INFO">40595</msg>
<arg>${json_data['results'][0]['location']['postcode']}</arg>
<doc>Logs the given message with the given level.</doc>
<status status="PASS" start="2024-06-30T17:13:13.479256" elapsed="0.000372"/>
</kw>
<status status="PASS" start="2024-06-30T17:13:13.321794" elapsed="0.158118"/>
</kw>
<doc>Testa se os tipos de dados na resposta da API estão corretos.</doc>
<tag>testeTiposDados</tag>
<status status="PASS" start="2024-06-30T17:13:13.239390" elapsed="0.240692"/>
</test>
<test id="s1-s1-t5" name="Validar conteudo" line="35">
<kw name="Teste de Tipos de Conteudo" owner="random-user-service">
<kw name="GET On Session" owner="RequestsLibrary">
<msg time="2024-06-30T17:13:13.524602" level="INFO">GET Request : url=https://randomuser.me/api 
 path_url=/api 
 headers={'User-Agent': 'python-requests/2.32.3', 'Accept-Encoding': 'gzip, deflate', 'Accept': '*/*', 'Connection': 'keep-alive'} 
 body=None 
 </msg>
<msg time="2024-06-30T17:13:13.524704" level="INFO">GET Response : url=https://randomuser.me/api 
 status=200, reason=OK 
 headers={'Date': 'Sun, 30 Jun 2024 17:13:13 GMT', 'Content-Type': 'application/json; charset=utf-8', 'Transfer-Encoding': 'chunked', 'Connection': 'keep-alive', 'X-Powered-By': 'Express', 'Access-Control-Allow-Origin': '*', 'Cache-Control': 'no-cache', 'ETag': 'W/"488-C7kKGiC7Su+GscMUmIIFmROHDbM"', 'Vary': 'Accept-Encoding', 'Content-Encoding': 'gzip', 'CF-Cache-Status': 'DYNAMIC', 'Report-To': '{"endpoints":[{"url":"https:\\/\\/a.nel.cloudflare.com\\/report\\/v4?s=r7j57I6M9JJYQOVNR2KK%2F5zhkLD7NY8cEDY0JJ1ThOrZpy7mPhgU52%2FWlRDPPNqf02FyhUtHVfHW2odxLaB702mtvvsUQH1lIT202KGcPWrAFcbWFS2LQLCFRAnquJjf"}],"group":"cf-nel","max_age":604800}', 'NEL': '{"success_fraction":0,"report_to":"cf-nel","max_age":604800}', 'Server': 'cloudflare', 'CF-RAY': '89bfc923485a2a21-ORD', 'alt-svc': 'h3=":443"; ma=86400'} 
 body={"results":[{"gender":"female","name":{"title":"Miss","first":"Adriana","last":"Cano"},"location":{"street":{"number":1751,"name":"Calle Covadonga"},"city":"Guadalajara","state":"Islas Baleares","country":"Spain","postcode":86407,"coordinates":{"latitude":"-35.6402","longitude":"37.8726"},"timezone":{"offset":"-12:00","description":"Eniwetok, Kwajalein"}},"email":"adriana.cano@example.com","login":{"uuid":"0100235b-d6b9-4697-96ab-0162f8c56a6f","username":"sadbear180","password":"nimrod","salt":"zRIAKCey","md5":"d61de923cb26d7ea774e8f2577196102","sha1":"f5f5410151cfcc8d56d675c733e0fb85d144554e","sha256":"89e6590bf570a7c135fd6ce191309a6dad0ded713097e20523497cc431e15fe7"},"dob":{"date":"1968-05-16T05:21:13.788Z","age":56},"registered":{"date":"2004-11-05T21:23:04.202Z","age":19},"phone":"957-346-491","cell":"634-059-367","id":{"name":"DNI","value":"87325337-P"},"picture":{"large":"https://randomuser.me/api/portraits/women/96.jpg","medium":"https://randomuser.me/api/portraits/med/women/96.jpg","thumbnail":"https://randomuser.me/api/portraits/thumb/women/96.jpg"},"nat":"ES"}],"info":{"seed":"f5950b0a7357c047","results":1,"page":1,"version":"1.4"}} 
 </msg>
<msg time="2024-06-30T17:13:13.524803" level="INFO">/opt/hostedtoolcache/Python/3.12.4/x64/lib/python3.12/site-packages/urllib3/connectionpool.py:1099: InsecureRequestWarning: Unverified HTTPS request is being made to host 'randomuser.me'. Adding certificate verification is strongly advised. See: https://urllib3.readthedocs.io/en/latest/advanced-usage.html#tls-warnings
  warnings.warn(</msg>
<msg time="2024-06-30T17:13:13.524931" level="INFO">${response} = &lt;Response [200]&gt;</msg>
<var>${response}</var>
<arg>consultarAPI</arg>
<arg>/api</arg>
<doc>Sends a GET request on a previously created HTTP Session.</doc>
<status status="PASS" start="2024-06-30T17:13:13.483078" elapsed="0.041894"/>
</kw>
<kw name="Set Variable" owner="BuiltIn">
<msg time="2024-06-30T17:13:13.526042" level="INFO">${json_data} = {'results': [{'gender': 'female', 'name': {'title': 'Miss', 'first': 'Adriana', 'last': 'Cano'}, 'location': {'street': {'number': 1751, 'name': 'Calle Covadonga'}, 'city': 'Guadalajara', 'state': 'Is...</msg>
<var>${json_data}</var>
<arg>${response.json()}</arg>
<doc>Returns the given values which can then be assigned to a variables.</doc>
<status status="PASS" start="2024-06-30T17:13:13.525537" elapsed="0.000534"/>
</kw>
<kw name="Set Variable" owner="BuiltIn">
<msg time="2024-06-30T17:13:13.526765" level="INFO">${name_title} = Miss</msg>
<var>${name_title}</var>
<arg>${json_data["results"][0]["name"]["title"]}</arg>
<doc>Returns the given values which can then be assigned to a variables.</doc>
<status status="PASS" start="2024-06-30T17:13:13.526380" elapsed="0.000410"/>
</kw>
<kw name="Create List" owner="BuiltIn">
<msg time="2024-06-30T17:13:13.527240" level="INFO">${allowed_titles} = ['Mr', 'Ms', 'Miss', 'Mrs', 'Madame', 'Monsieur']</msg>
<var>${allowed_titles}</var>
<arg>Mr</arg>
<arg>Ms</arg>
<arg>Miss</arg>
<arg>Mrs</arg>
<arg>Madame</arg>
<arg>Monsieur</arg>
<doc>Returns a list containing given items.</doc>
<status status="PASS" start="2024-06-30T17:13:13.527089" elapsed="0.000176"/>
</kw>
<kw name="List Should Contain Value" owner="Collections">
<arg>${allowed_titles}</arg>
<arg>${name_title}</arg>
<doc>Fails if the ``value`` is not found from ``list``.</doc>
<status status="PASS" start="2024-06-30T17:13:13.527563" elapsed="0.000182"/>
</kw>
<kw name="Set Variable" owner="BuiltIn">
<msg time="2024-06-30T17:13:13.528289" level="INFO">${name_country} = ES</msg>
<var>${name_country}</var>
<arg>${json_data["results"][0]["nat"]}</arg>
<doc>Returns the given values which can then be assigned to a variables.</doc>
<status status="PASS" start="2024-06-30T17:13:13.527922" elapsed="0.000391"/>
</kw>
<kw name="Create List" owner="BuiltIn">
<msg time="2024-06-30T17:13:13.529204" level="INFO">${list_country} = ['AD', 'AE', 'AF', 'AG', 'AI', 'AL', 'AM', 'AO', 'AQ', 'AR', 'AS', 'AT', 'AU', 'AW', 'AX', 'AZ', 'BA', 'BB', 'BD', 'BE', 'BF', 'BG', 'BH', 'BI', 'BJ', 'BL', 'BM', 'BN', 'BO', 'BQ', 'BR', 'BS', 'BT', '...</msg>
<var>${list_country}</var>
<arg>AD</arg>
<arg>AE</arg>
<arg>AF</arg>
<arg>AG</arg>
<arg>AI</arg>
<arg>AL</arg>
<arg>AM</arg>
<arg>AO</arg>
<arg>AQ</arg>
<arg>AR</arg>
<arg>AS</arg>
<arg>AT</arg>
<arg>AU</arg>
<arg>AW</arg>
<arg>AX</arg>
<arg>AZ</arg>
<arg>BA</arg>
<arg>BB</arg>
<arg>BD</arg>
<arg>BE</arg>
<arg>BF</arg>
<arg>BG</arg>
<arg>BH</arg>
<arg>BI</arg>
<arg>BJ</arg>
<arg>BL</arg>
<arg>BM</arg>
<arg>BN</arg>
<arg>BO</arg>
<arg>BQ</arg>
<arg>BR</arg>
<arg>BS</arg>
<arg>BT</arg>
<arg>BV</arg>
<arg>BW</arg>
<arg>BY</arg>
<arg>BZ</arg>
<arg>CA</arg>
<arg>CC</arg>
<arg>CD</arg>
<arg>CF</arg>
<arg>CG</arg>
<arg>CH</arg>
<arg>CI</arg>
<arg>CK</arg>
<arg>CL</arg>
<arg>CM</arg>
<arg>CN</arg>
<arg>CO</arg>
<arg>CR</arg>
<arg>CU</arg>
<arg>CV</arg>
<arg>CW</arg>
<arg>CX</arg>
<arg>CY</arg>
<arg>CZ</arg>
<arg>DE</arg>
<arg>DJ</arg>
<arg>DK</arg>
<arg>DM</arg>
<arg>DO</arg>
<arg>DZ</arg>
<arg>EC</arg>
<arg>EE</arg>
<arg>EG</arg>
<arg>EH</arg>
<arg>ER</arg>
<arg>ES</arg>
<arg>ET</arg>
<arg>FI</arg>
<arg>FJ</arg>
<arg>FK</arg>
<arg>FM</arg>
<arg>FO</arg>
<arg>FR</arg>
<arg>GA</arg>
<arg>GB</arg>
<arg>GD</arg>
<arg>GE</arg>
<arg>GF</arg>
<arg>GG</arg>
<arg>GH</arg>
<arg>GI</arg>
<arg>GL</arg>
<arg>GM</arg>
<arg>GN</arg>
<arg>GP</arg>
<arg>GQ</arg>
<arg>GR</arg>
<arg>GS</arg>
<arg>GT</arg>
<arg>GU</arg>
<arg>GW</arg>
<arg>GY</arg>
<arg>HK</arg>
<arg>HM</arg>
<arg>HN</arg>
<arg>HR</arg>
<arg>HT</arg>
<arg>HU</arg>
<arg>ID</arg>
<arg>IE</arg>
<arg>IL</arg>
<arg>IM</arg>
<arg>IN</arg>
<arg>IO</arg>
<arg>IQ</arg>
<arg>IR</arg>
<arg>IS</arg>
<arg>IT</arg>
<arg>JE</arg>
<arg>JM</arg>
<arg>JO</arg>
<arg>JP</arg>
<arg>KE</arg>
<arg>KG</arg>
<arg>KH</arg>
<arg>KI</arg>
<arg>KM</arg>
<arg>KN</arg>
<arg>KP</arg>
<arg>KR</arg>
<arg>KW</arg>
<arg>KY</arg>
<arg>KZ</arg>
<arg>LA</arg>
<arg>LB</arg>
<arg>LC</arg>
<arg>LI</arg>
<arg>LK</arg>
<arg>LR</arg>
<arg>LS</arg>
<arg>LT</arg>
<arg>LU</arg>
<arg>LV</arg>
<arg>LY</arg>
<arg>MA</arg>
<arg>MC</arg>
<arg>MD</arg>
<arg>ME</arg>
<arg>MF</arg>
<arg>MG</arg>
<arg>MH</arg>
<arg>MK</arg>
<arg>ML</arg>
<arg>MM</arg>
<arg>MN</arg>
<arg>MO</arg>
<arg>MP</arg>
<arg>MQ</arg>
<arg>MR</arg>
<arg>MS</arg>
<arg>MT</arg>
<arg>MU</arg>
<arg>MV</arg>
<arg>MW</arg>
<arg>MX</arg>
<arg>MY</arg>
<arg>MZ</arg>
<arg>NA</arg>
<arg>NC</arg>
<arg>NE</arg>
<arg>NF</arg>
<arg>NG</arg>
<arg>NI</arg>
<arg>NL</arg>
<arg>NO</arg>
<arg>NP</arg>
<arg>NR</arg>
<arg>NU</arg>
<arg>NZ</arg>
<arg>OM</arg>
<arg>PA</arg>
<arg>PE</arg>
<arg>PF</arg>
<arg>PG</arg>
<arg>PH</arg>
<arg>PK</arg>
<arg>PL</arg>
<arg>PM</arg>
<arg>PN</arg>
<arg>PR</arg>
<arg>PS</arg>
<arg>PT</arg>
<arg>PW</arg>
<arg>PY</arg>
<arg>QA</arg>
<arg>RE</arg>
<arg>RO</arg>
<arg>RS</arg>
<arg>RU</arg>
<arg>RW</arg>
<arg>SA</arg>
<arg>SB</arg>
<arg>SC</arg>
<arg>SD</arg>
<arg>SE</arg>
<arg>SG</arg>
<arg>SH</arg>
<arg>SI</arg>
<arg>SJ</arg>
<arg>SK</arg>
<arg>SL</arg>
<arg>SM</arg>
<arg>SN</arg>
<arg>SO</arg>
<arg>SR</arg>
<arg>SS</arg>
<arg>ST</arg>
<arg>SV</arg>
<arg>SX</arg>
<arg>SY</arg>
<arg>SZ</arg>
<arg>TC</arg>
<arg>TD</arg>
<arg>TF</arg>
<arg>TG</arg>
<arg>TH</arg>
<arg>TJ</arg>
<arg>TK</arg>
<arg>TL</arg>
<arg>TM</arg>
<arg>TN</arg>
<arg>TO</arg>
<arg>TR</arg>
<arg>TT</arg>
<arg>TV</arg>
<arg>TW</arg>
<arg>TZ</arg>
<arg>UA</arg>
<arg>UG</arg>
<arg>UM</arg>
<arg>US</arg>
<arg>UY</arg>
<arg>UZ</arg>
<arg>VA</arg>
<arg>VC</arg>
<arg>VE</arg>
<arg>VG</arg>
<arg>VI</arg>
<arg>VN</arg>
<arg>VU</arg>
<arg>WF</arg>
<arg>WS</arg>
<arg>XK</arg>
<arg>YE</arg>
<arg>YT</arg>
<arg>ZA</arg>
<arg>ZM</arg>
<arg>ZW</arg>
<doc>Returns a list containing given items.</doc>
<status status="PASS" start="2024-06-30T17:13:13.528605" elapsed="0.000624"/>
</kw>
<kw name="List Should Contain Value" owner="Collections">
<arg>${list_country}</arg>
<arg>${name_country}</arg>
<doc>Fails if the ``value`` is not found from ``list``.</doc>
<status status="PASS" start="2024-06-30T17:13:13.530123" elapsed="0.000210"/>
</kw>
<kw name="Run Keyword If" owner="BuiltIn">
<kw name="Should Be True" owner="BuiltIn">
<arg>${True}</arg>
<doc>Fails if the given condition is not true.</doc>
<status status="PASS" start="2024-06-30T17:13:13.531292" elapsed="0.000144"/>
</kw>
<arg>${json_data["results"][0]["location"]["coordinates"]["latitude"]} &gt;= -90 and ${json_data["results"][0]["location"]["coordinates"]["latitude"]} &lt;= 90</arg>
<arg>Should Be True</arg>
<arg>${True}</arg>
<doc>Runs the given keyword with the given arguments, if ``condition`` is true.</doc>
<status status="PASS" start="2024-06-30T17:13:13.530531" elapsed="0.001030"/>
</kw>
<kw name="Run Keyword If" owner="BuiltIn">
<kw name="Should Be True" owner="BuiltIn">
<arg>${True}</arg>
<doc>Fails if the given condition is not true.</doc>
<status status="PASS" start="2024-06-30T17:13:13.532432" elapsed="0.000136"/>
</kw>
<arg>${json_data["results"][0]["location"]["coordinates"]["longitude"]} &gt;= -180 and ${json_data["results"][0]["location"]["coordinates"]["longitude"]} &lt;= 180</arg>
<arg>Should Be True</arg>
<arg>${True}</arg>
<doc>Runs the given keyword with the given arguments, if ``condition`` is true.</doc>
<status status="PASS" start="2024-06-30T17:13:13.531741" elapsed="0.000948"/>
</kw>
<status status="PASS" start="2024-06-30T17:13:13.482485" elapsed="0.050336"/>
</kw>
<doc>Testa o conteúdo específico dos campos retornados pela API.</doc>
<tag>testeConteudo</tag>
<status status="PASS" start="2024-06-30T17:13:13.481853" elapsed="0.051123"/>
</test>
<status status="PASS" start="2024-06-30T17:13:12.535310" elapsed="0.999661"/>
</suite>
<status status="PASS" start="2024-06-30T17:13:12.520924" elapsed="1.019207"/>
</suite>
<statistics>
<total>
<stat pass="5" fail="0" skip="0">All Tests</stat>
</total>
<tag>
<stat pass="1" fail="0" skip="0">testeConteudo</stat>
<stat pass="1" fail="0" skip="0">testeEstruturaResposta</stat>
<stat pass="1" fail="0" skip="0">testeRequisicaoBasica</stat>
<stat pass="1" fail="0" skip="0">testeTiposDados</stat>
</tag>
<suite>
<stat pass="5" fail="0" skip="0" id="s1" name="Tests">Tests</stat>
<stat pass="5" fail="0" skip="0" id="s1-s1" name="Random-User-Test">Tests.Random-User-Test</stat>
</suite>
</statistics>
<errors>
</errors>
</robot>
