<?xml version="1.0" encoding="UTF-8"?>
<robot generator="Robot 7.0 (Python 3.12.3 on linux)" generated="2024-05-31T10:15:38.968260" rpa="false" schemaversion="5">
<suite id="s1" name="Tests" source="/home/runner/work/ApiRandomUser/ApiRandomUser/RamdonUser/tests">
<suite id="s1-s1" name="Random-User-Test" source="/home/runner/work/ApiRandomUser/ApiRandomUser/RamdonUser/tests/random-user-test.robot">
<test id="s1-s1-t1" name="Conectar" line="13">
<kw name="Conectar API" owner="random-user-service">
<kw name="Create Session" owner="RequestsLibrary">
<msg time="2024-05-31T10:15:39.372750" level="INFO">Creating Session using : alias=consultarAPI, url=https://randomuser.me/, headers={},                     cookies={}, auth=None, timeout=None, proxies=None, verify=False,                     debug=0 </msg>
<arg>consultarAPI</arg>
<arg>${URL}</arg>
<doc>Create Session: create a HTTP session to a server</doc>
<status status="PASS" start="2024-05-31T10:15:39.372542" elapsed="0.000383"/>
</kw>
<status status="PASS" start="2024-05-31T10:15:39.371465" elapsed="0.001827"/>
</kw>
<status status="PASS" start="2024-05-31T10:15:39.370924" elapsed="0.002564"/>
</test>
<test id="s1-s1-t2" name="Validar retorno 200 e JSON Válido" line="16">
<kw name="Teste de Requisicao Basica" owner="random-user-service">
<kw name="GET On Session" owner="RequestsLibrary">
<msg time="2024-05-31T10:15:39.460752" level="INFO">GET Request : url=https://randomuser.me/api 
 path_url=/api 
 headers={'User-Agent': 'python-requests/2.32.3', 'Accept-Encoding': 'gzip, deflate', 'Accept': '*/*', 'Connection': 'keep-alive'} 
 body=None 
 </msg>
<msg time="2024-05-31T10:15:39.460878" level="INFO">GET Response : url=https://randomuser.me/api 
 status=200, reason=OK 
 headers={'Date': 'Fri, 31 May 2024 10:15:39 GMT', 'Content-Type': 'application/json; charset=utf-8', 'Transfer-Encoding': 'chunked', 'Connection': 'keep-alive', 'X-Powered-By': 'Express', 'Access-Control-Allow-Origin': '*', 'Cache-Control': 'no-cache', 'ETag': 'W/"4b6-3+Iw2JE8BCs3UutfrOqTy6KTazg"', 'Vary': 'Accept-Encoding', 'Content-Encoding': 'gzip', 'CF-Cache-Status': 'DYNAMIC', 'Report-To': '{"endpoints":[{"url":"https:\\/\\/a.nel.cloudflare.com\\/report\\/v4?s=lgTsGpPc2E8D6FzkGcRy%2FGArgTAV34fxgdi2wQzodD51kghtcMjntniFF2jZAJxTWbeXl2k0yy9yz0DTo3tkd7MZjEPbs9S05rSRGqzlG90LQ0aOV%2Be5KIW%2FCggs5nXl"}],"group":"cf-nel","max_age":604800}', 'NEL': '{"success_fraction":0,"report_to":"cf-nel","max_age":604800}', 'Server': 'cloudflare', 'CF-RAY': '88c634375f8829d8-ORD', 'alt-svc': 'h3=":443"; ma=86400'} 
 body={"results":[{"gender":"female","name":{"title":"Miss","first":"Valdinélia","last":"Lopes"},"location":{"street":{"number":7539,"name":"Travessa dos Martírios"},"city":"Taboão da Serra","state":"Amapá","country":"Brazil","postcode":53525,"coordinates":{"latitude":"-74.5975","longitude":"13.6139"},"timezone":{"offset":"+3:00","description":"Baghdad, Riyadh, Moscow, St. Petersburg"}},"email":"valdinelia.lopes@example.com","login":{"uuid":"e839cfe1-7b4e-458a-b577-10b5a602b117","username":"heavycat138","password":"jeffery","salt":"Sq3tHOmw","md5":"d4dbf3b3bcd2e05a7c892276041b1f6a","sha1":"67b41bafd44609e09cadbbb32cf4357f8992e954","sha256":"91374dbe49c09475f5372151981410ecf170b083fced6894dad0af902e1f4a3e"},"dob":{"date":"1986-08-12T04:48:31.123Z","age":37},"registered":{"date":"2008-09-24T10:50:35.426Z","age":15},"phone":"(40) 1711-4007","cell":"(81) 3981-6646","id":{"name":"CPF","value":"654.374.359-87"},"picture":{"large":"https://randomuser.me/api/portraits/women/64.jpg","medium":"https://randomuser.me/api/portraits/med/women/64.jpg","thumbnail":"https://randomuser.me/api/portraits/thumb/women/64.jpg"},"nat":"BR"}],"info":{"seed":"b4362c9a7e448dca","results":1,"page":1,"version":"1.4"}} 
 </msg>
<msg time="2024-05-31T10:15:39.460948" level="INFO">/opt/hostedtoolcache/Python/3.12.3/x64/lib/python3.12/site-packages/urllib3/connectionpool.py:1103: InsecureRequestWarning: Unverified HTTPS request is being made to host 'randomuser.me'. Adding certificate verification is strongly advised. See: https://urllib3.readthedocs.io/en/latest/advanced-usage.html#tls-warnings
  warnings.warn(</msg>
<msg time="2024-05-31T10:15:39.461080" level="INFO">${response} = &lt;Response [200]&gt;</msg>
<var>${response}</var>
<arg>consultarAPI</arg>
<arg>/api</arg>
<doc>Sends a GET request on a previously created HTTP Session.</doc>
<status status="PASS" start="2024-05-31T10:15:39.376063" elapsed="0.085057"/>
</kw>
<kw name="Should Be Equal As Numbers" owner="BuiltIn">
<msg time="2024-05-31T10:15:39.462096" level="INFO">Argument types are:
&lt;class 'int'&gt;
&lt;class 'str'&gt;</msg>
<arg>${response.status_code}</arg>
<arg>200</arg>
<doc>Fails if objects are unequal after converting them to real numbers.</doc>
<status status="PASS" start="2024-05-31T10:15:39.461618" elapsed="0.000543"/>
</kw>
<kw name="Log" owner="BuiltIn">
<msg time="2024-05-31T10:15:39.462861" level="INFO">200</msg>
<arg>${response.status_code}</arg>
<doc>Logs the given message with the given level.</doc>
<status status="PASS" start="2024-05-31T10:15:39.462508" elapsed="0.000400"/>
</kw>
<kw name="Set Variable" owner="BuiltIn">
<msg time="2024-05-31T10:15:39.463660" level="INFO">${json_data} = {'results': [{'gender': 'female', 'name': {'title': 'Miss', 'first': 'Valdinélia', 'last': 'Lopes'}, 'location': {'street': {'number': 7539, 'name': 'Travessa dos Martírios'}, 'city': 'Taboão da Serra...</msg>
<var>${json_data}</var>
<arg>${response.json()}</arg>
<doc>Returns the given values which can then be assigned to a variables.</doc>
<status status="PASS" start="2024-05-31T10:15:39.463216" elapsed="0.000475"/>
</kw>
<kw name="Dictionary Should Contain Key" owner="Collections">
<msg time="2024-05-31T10:15:39.464221" level="INFO">False</msg>
<arg>${json_data}</arg>
<arg>results</arg>
<doc>Fails if ``key`` is not found from ``dictionary``.</doc>
<status status="PASS" start="2024-05-31T10:15:39.464038" elapsed="0.000351"/>
</kw>
<status status="PASS" start="2024-05-31T10:15:39.375792" elapsed="0.088870"/>
</kw>
<doc>Testa se a API responde corretamente e retorna um objeto JSON válido.</doc>
<tag>testeRequisicaoBasica</tag>
<status status="PASS" start="2024-05-31T10:15:39.375345" elapsed="0.089490"/>
</test>
<test id="s1-s1-t3" name="Validar estrutura de resposta" line="22">
<kw name="Teste de Estrutura de Resposta" owner="random-user-service">
<kw name="GET On Session" owner="RequestsLibrary">
<msg time="2024-05-31T10:15:39.687127" level="INFO">GET Request : url=https://randomuser.me/api 
 path_url=/api 
 headers={'User-Agent': 'python-requests/2.32.3', 'Accept-Encoding': 'gzip, deflate', 'Accept': '*/*', 'Connection': 'keep-alive'} 
 body=None 
 </msg>
<msg time="2024-05-31T10:15:39.687241" level="INFO">GET Response : url=https://randomuser.me/api 
 status=200, reason=OK 
 headers={'Date': 'Fri, 31 May 2024 10:15:39 GMT', 'Content-Type': 'application/json; charset=utf-8', 'Transfer-Encoding': 'chunked', 'Connection': 'keep-alive', 'X-Powered-By': 'Express', 'Access-Control-Allow-Origin': '*', 'Cache-Control': 'no-cache', 'ETag': 'W/"49c-J9MwtaO2cuEFurrQccAxnpkT9Y8"', 'Vary': 'Accept-Encoding', 'Content-Encoding': 'gzip', 'CF-Cache-Status': 'DYNAMIC', 'Report-To': '{"endpoints":[{"url":"https:\\/\\/a.nel.cloudflare.com\\/report\\/v4?s=lP3DuSAwi591xL%2FKl8JjWEELLpWBMALvmv3S4pNtqfVFL27xr6G8DNR83XSsD9nHLc5t6hiC5Vow9BK4%2BoNqOmEYtINOjDwqKEbbWfZbnRanuNm4xXd4MIQ3nwcPlPoh"}],"group":"cf-nel","max_age":604800}', 'NEL': '{"success_fraction":0,"report_to":"cf-nel","max_age":604800}', 'Server': 'cloudflare', 'CF-RAY': '88c63437afc729d8-ORD', 'alt-svc': 'h3=":443"; ma=86400'} 
 body={"results":[{"gender":"female","name":{"title":"Mrs","first":"Irene","last":"Burke"},"location":{"street":{"number":2834,"name":"W Campbell Ave"},"city":"Traralgon","state":"South Australia","country":"Australia","postcode":5604,"coordinates":{"latitude":"-87.1615","longitude":"152.2886"},"timezone":{"offset":"+9:00","description":"Tokyo, Seoul, Osaka, Sapporo, Yakutsk"}},"email":"irene.burke@example.com","login":{"uuid":"616e4ee8-6b30-48f6-ac87-3e22dc950b43","username":"lazyduck890","password":"lollipop","salt":"SmbF0yMW","md5":"4324c04636cc337ed6b16b52bc9ac8bf","sha1":"c3cd648221577e064b618f156b97a796c59a0b00","sha256":"428f64c51fa7d4dea15c4f253199a8e38d1842f458dd3fbf09ea7d008cdeb74a"},"dob":{"date":"1954-04-10T18:24:09.580Z","age":70},"registered":{"date":"2005-02-19T19:57:04.543Z","age":19},"phone":"08-5307-2213","cell":"0489-474-832","id":{"name":"TFN","value":"265553448"},"picture":{"large":"https://randomuser.me/api/portraits/women/79.jpg","medium":"https://randomuser.me/api/portraits/med/women/79.jpg","thumbnail":"https://randomuser.me/api/portraits/thumb/women/79.jpg"},"nat":"AU"}],"info":{"seed":"5491900749d7189a","results":1,"page":1,"version":"1.4"}} 
 </msg>
<msg time="2024-05-31T10:15:39.687367" level="INFO">/opt/hostedtoolcache/Python/3.12.3/x64/lib/python3.12/site-packages/urllib3/connectionpool.py:1103: InsecureRequestWarning: Unverified HTTPS request is being made to host 'randomuser.me'. Adding certificate verification is strongly advised. See: https://urllib3.readthedocs.io/en/latest/advanced-usage.html#tls-warnings
  warnings.warn(</msg>
<msg time="2024-05-31T10:15:39.687497" level="INFO">${response} = &lt;Response [200]&gt;</msg>
<var>${response}</var>
<arg>consultarAPI</arg>
<arg>/api</arg>
<doc>Sends a GET request on a previously created HTTP Session.</doc>
<status status="PASS" start="2024-05-31T10:15:39.467332" elapsed="0.220204"/>
</kw>
<kw name="Set Variable" owner="BuiltIn">
<msg time="2024-05-31T10:15:39.688748" level="INFO">${json_data} = {'results': [{'gender': 'female', 'name': {'title': 'Mrs', 'first': 'Irene', 'last': 'Burke'}, 'location': {'street': {'number': 2834, 'name': 'W Campbell Ave'}, 'city': 'Traralgon', 'state': 'South A...</msg>
<var>${json_data}</var>
<arg>${response.json()}</arg>
<doc>Returns the given values which can then be assigned to a variables.</doc>
<status status="PASS" start="2024-05-31T10:15:39.688165" elapsed="0.000611"/>
</kw>
<kw name="Log" owner="BuiltIn">
<msg time="2024-05-31T10:15:39.689246" level="INFO">{'results': [{'gender': 'female', 'name': {'title': 'Mrs', 'first': 'Irene', 'last': 'Burke'}, 'location': {'street': {'number': 2834, 'name': 'W Campbell Ave'}, 'city': 'Traralgon', 'state': 'South Australia', 'country': 'Australia', 'postcode': 5604, 'coordinates': {'latitude': '-87.1615', 'longitude': '152.2886'}, 'timezone': {'offset': '+9:00', 'description': 'Tokyo, Seoul, Osaka, Sapporo, Yakutsk'}}, 'email': 'irene.burke@example.com', 'login': {'uuid': '616e4ee8-6b30-48f6-ac87-3e22dc950b43', 'username': 'lazyduck890', 'password': 'lollipop', 'salt': 'SmbF0yMW', 'md5': '4324c04636cc337ed6b16b52bc9ac8bf', 'sha1': 'c3cd648221577e064b618f156b97a796c59a0b00', 'sha256': '428f64c51fa7d4dea15c4f253199a8e38d1842f458dd3fbf09ea7d008cdeb74a'}, 'dob': {'date': '1954-04-10T18:24:09.580Z', 'age': 70}, 'registered': {'date': '2005-02-19T19:57:04.543Z', 'age': 19}, 'phone': '08-5307-2213', 'cell': '0489-474-832', 'id': {'name': 'TFN', 'value': '265553448'}, 'picture': {'large': 'https://randomuser.me/api/portraits/women/79.jpg', 'medium': 'https://randomuser.me/api/portraits/med/women/79.jpg', 'thumbnail': 'https://randomuser.me/api/portraits/thumb/women/79.jpg'}, 'nat': 'AU'}], 'info': {'seed': '5491900749d7189a', 'results': 1, 'page': 1, 'version': '1.4'}}</msg>
<arg>${json_data}</arg>
<doc>Logs the given message with the given level.</doc>
<status status="PASS" start="2024-05-31T10:15:39.689088" elapsed="0.000206"/>
</kw>
<kw name="Dictionary Should Contain Key" owner="Collections">
<msg time="2024-05-31T10:15:39.689745" level="INFO">False</msg>
<arg>${json_data}</arg>
<arg>results</arg>
<doc>Fails if ``key`` is not found from ``dictionary``.</doc>
<status status="PASS" start="2024-05-31T10:15:39.689592" elapsed="0.000188"/>
</kw>
<kw name="Should Not Be Empty" owner="BuiltIn">
<msg time="2024-05-31T10:15:39.690200" level="INFO">Length is 2.</msg>
<arg>${json_data}</arg>
<doc>Verifies that the given item is not empty.</doc>
<status status="PASS" start="2024-05-31T10:15:39.690067" elapsed="0.000171"/>
</kw>
<kw name="Create List" owner="BuiltIn">
<msg time="2024-05-31T10:15:39.690673" level="INFO">${expected_keys} = ['gender', 'name', 'location', 'email', 'login']</msg>
<var>${expected_keys}</var>
<arg>gender</arg>
<arg>name</arg>
<arg>location</arg>
<arg>email</arg>
<arg>login</arg>
<doc>Returns a list containing given items.</doc>
<status status="PASS" start="2024-05-31T10:15:39.690526" elapsed="0.000170"/>
</kw>
<for flavor="IN">
<iter>
<kw name="Dictionary Should Contain Key" owner="Collections">
<msg time="2024-05-31T10:15:39.691675" level="INFO">False</msg>
<arg>${json_data['results'][0]}</arg>
<arg>${key}</arg>
<doc>Fails if ``key`` is not found from ``dictionary``.</doc>
<status status="PASS" start="2024-05-31T10:15:39.691273" elapsed="0.000446"/>
</kw>
<kw name="Log" owner="BuiltIn">
<msg time="2024-05-31T10:15:39.692409" level="INFO">{'gender': 'female', 'name': {'title': 'Mrs', 'first': 'Irene', 'last': 'Burke'}, 'location': {'street': {'number': 2834, 'name': 'W Campbell Ave'}, 'city': 'Traralgon', 'state': 'South Australia', 'country': 'Australia', 'postcode': 5604, 'coordinates': {'latitude': '-87.1615', 'longitude': '152.2886'}, 'timezone': {'offset': '+9:00', 'description': 'Tokyo, Seoul, Osaka, Sapporo, Yakutsk'}}, 'email': 'irene.burke@example.com', 'login': {'uuid': '616e4ee8-6b30-48f6-ac87-3e22dc950b43', 'username': 'lazyduck890', 'password': 'lollipop', 'salt': 'SmbF0yMW', 'md5': '4324c04636cc337ed6b16b52bc9ac8bf', 'sha1': 'c3cd648221577e064b618f156b97a796c59a0b00', 'sha256': '428f64c51fa7d4dea15c4f253199a8e38d1842f458dd3fbf09ea7d008cdeb74a'}, 'dob': {'date': '1954-04-10T18:24:09.580Z', 'age': 70}, 'registered': {'date': '2005-02-19T19:57:04.543Z', 'age': 19}, 'phone': '08-5307-2213', 'cell': '0489-474-832', 'id': {'name': 'TFN', 'value': '265553448'}, 'picture': {'large': 'https://randomuser.me/api/portraits/women/79.jpg', 'medium': 'https://randomuser.me/api/portraits/med/women/79.jpg', 'thumbnail': 'https://randomuser.me/api/portraits/thumb/women/79.jpg'}, 'nat': 'AU'}</msg>
<arg>${json_data['results'][0]}</arg>
<doc>Logs the given message with the given level.</doc>
<status status="PASS" start="2024-05-31T10:15:39.692044" elapsed="0.000414"/>
</kw>
<kw name="Log" owner="BuiltIn">
<msg time="2024-05-31T10:15:39.692889" level="INFO">gender</msg>
<arg>${key}</arg>
<doc>Logs the given message with the given level.</doc>
<status status="PASS" start="2024-05-31T10:15:39.692759" elapsed="0.000167"/>
</kw>
<var name="${key}">gender</var>
<status status="PASS" start="2024-05-31T10:15:39.691148" elapsed="0.001994"/>
</iter>
<iter>
<kw name="Dictionary Should Contain Key" owner="Collections">
<msg time="2024-05-31T10:15:39.693827" level="INFO">False</msg>
<arg>${json_data['results'][0]}</arg>
<arg>${key}</arg>
<doc>Fails if ``key`` is not found from ``dictionary``.</doc>
<status status="PASS" start="2024-05-31T10:15:39.693441" elapsed="0.000423"/>
</kw>
<kw name="Log" owner="BuiltIn">
<msg time="2024-05-31T10:15:39.694559" level="INFO">{'gender': 'female', 'name': {'title': 'Mrs', 'first': 'Irene', 'last': 'Burke'}, 'location': {'street': {'number': 2834, 'name': 'W Campbell Ave'}, 'city': 'Traralgon', 'state': 'South Australia', 'country': 'Australia', 'postcode': 5604, 'coordinates': {'latitude': '-87.1615', 'longitude': '152.2886'}, 'timezone': {'offset': '+9:00', 'description': 'Tokyo, Seoul, Osaka, Sapporo, Yakutsk'}}, 'email': 'irene.burke@example.com', 'login': {'uuid': '616e4ee8-6b30-48f6-ac87-3e22dc950b43', 'username': 'lazyduck890', 'password': 'lollipop', 'salt': 'SmbF0yMW', 'md5': '4324c04636cc337ed6b16b52bc9ac8bf', 'sha1': 'c3cd648221577e064b618f156b97a796c59a0b00', 'sha256': '428f64c51fa7d4dea15c4f253199a8e38d1842f458dd3fbf09ea7d008cdeb74a'}, 'dob': {'date': '1954-04-10T18:24:09.580Z', 'age': 70}, 'registered': {'date': '2005-02-19T19:57:04.543Z', 'age': 19}, 'phone': '08-5307-2213', 'cell': '0489-474-832', 'id': {'name': 'TFN', 'value': '265553448'}, 'picture': {'large': 'https://randomuser.me/api/portraits/women/79.jpg', 'medium': 'https://randomuser.me/api/portraits/med/women/79.jpg', 'thumbnail': 'https://randomuser.me/api/portraits/thumb/women/79.jpg'}, 'nat': 'AU'}</msg>
<arg>${json_data['results'][0]}</arg>
<doc>Logs the given message with the given level.</doc>
<status status="PASS" start="2024-05-31T10:15:39.694183" elapsed="0.000435"/>
</kw>
<kw name="Log" owner="BuiltIn">
<msg time="2024-05-31T10:15:39.695040" level="INFO">name</msg>
<arg>${key}</arg>
<doc>Logs the given message with the given level.</doc>
<status status="PASS" start="2024-05-31T10:15:39.694913" elapsed="0.000164"/>
</kw>
<var name="${key}">name</var>
<status status="PASS" start="2024-05-31T10:15:39.693326" elapsed="0.001971"/>
</iter>
<iter>
<kw name="Dictionary Should Contain Key" owner="Collections">
<msg time="2024-05-31T10:15:39.695989" level="INFO">False</msg>
<arg>${json_data['results'][0]}</arg>
<arg>${key}</arg>
<doc>Fails if ``key`` is not found from ``dictionary``.</doc>
<status status="PASS" start="2024-05-31T10:15:39.695584" elapsed="0.000451"/>
</kw>
<kw name="Log" owner="BuiltIn">
<msg time="2024-05-31T10:15:39.696701" level="INFO">{'gender': 'female', 'name': {'title': 'Mrs', 'first': 'Irene', 'last': 'Burke'}, 'location': {'street': {'number': 2834, 'name': 'W Campbell Ave'}, 'city': 'Traralgon', 'state': 'South Australia', 'country': 'Australia', 'postcode': 5604, 'coordinates': {'latitude': '-87.1615', 'longitude': '152.2886'}, 'timezone': {'offset': '+9:00', 'description': 'Tokyo, Seoul, Osaka, Sapporo, Yakutsk'}}, 'email': 'irene.burke@example.com', 'login': {'uuid': '616e4ee8-6b30-48f6-ac87-3e22dc950b43', 'username': 'lazyduck890', 'password': 'lollipop', 'salt': 'SmbF0yMW', 'md5': '4324c04636cc337ed6b16b52bc9ac8bf', 'sha1': 'c3cd648221577e064b618f156b97a796c59a0b00', 'sha256': '428f64c51fa7d4dea15c4f253199a8e38d1842f458dd3fbf09ea7d008cdeb74a'}, 'dob': {'date': '1954-04-10T18:24:09.580Z', 'age': 70}, 'registered': {'date': '2005-02-19T19:57:04.543Z', 'age': 19}, 'phone': '08-5307-2213', 'cell': '0489-474-832', 'id': {'name': 'TFN', 'value': '265553448'}, 'picture': {'large': 'https://randomuser.me/api/portraits/women/79.jpg', 'medium': 'https://randomuser.me/api/portraits/med/women/79.jpg', 'thumbnail': 'https://randomuser.me/api/portraits/thumb/women/79.jpg'}, 'nat': 'AU'}</msg>
<arg>${json_data['results'][0]}</arg>
<doc>Logs the given message with the given level.</doc>
<status status="PASS" start="2024-05-31T10:15:39.696338" elapsed="0.000411"/>
</kw>
<kw name="Log" owner="BuiltIn">
<msg time="2024-05-31T10:15:39.697173" level="INFO">location</msg>
<arg>${key}</arg>
<doc>Logs the given message with the given level.</doc>
<status status="PASS" start="2024-05-31T10:15:39.697048" elapsed="0.000161"/>
</kw>
<var name="${key}">location</var>
<status status="PASS" start="2024-05-31T10:15:39.695472" elapsed="0.001948"/>
</iter>
<iter>
<kw name="Dictionary Should Contain Key" owner="Collections">
<msg time="2024-05-31T10:15:39.698186" level="INFO">False</msg>
<arg>${json_data['results'][0]}</arg>
<arg>${key}</arg>
<doc>Fails if ``key`` is not found from ``dictionary``.</doc>
<status status="PASS" start="2024-05-31T10:15:39.697699" elapsed="0.000524"/>
</kw>
<kw name="Log" owner="BuiltIn">
<msg time="2024-05-31T10:15:39.698878" level="INFO">{'gender': 'female', 'name': {'title': 'Mrs', 'first': 'Irene', 'last': 'Burke'}, 'location': {'street': {'number': 2834, 'name': 'W Campbell Ave'}, 'city': 'Traralgon', 'state': 'South Australia', 'country': 'Australia', 'postcode': 5604, 'coordinates': {'latitude': '-87.1615', 'longitude': '152.2886'}, 'timezone': {'offset': '+9:00', 'description': 'Tokyo, Seoul, Osaka, Sapporo, Yakutsk'}}, 'email': 'irene.burke@example.com', 'login': {'uuid': '616e4ee8-6b30-48f6-ac87-3e22dc950b43', 'username': 'lazyduck890', 'password': 'lollipop', 'salt': 'SmbF0yMW', 'md5': '4324c04636cc337ed6b16b52bc9ac8bf', 'sha1': 'c3cd648221577e064b618f156b97a796c59a0b00', 'sha256': '428f64c51fa7d4dea15c4f253199a8e38d1842f458dd3fbf09ea7d008cdeb74a'}, 'dob': {'date': '1954-04-10T18:24:09.580Z', 'age': 70}, 'registered': {'date': '2005-02-19T19:57:04.543Z', 'age': 19}, 'phone': '08-5307-2213', 'cell': '0489-474-832', 'id': {'name': 'TFN', 'value': '265553448'}, 'picture': {'large': 'https://randomuser.me/api/portraits/women/79.jpg', 'medium': 'https://randomuser.me/api/portraits/med/women/79.jpg', 'thumbnail': 'https://randomuser.me/api/portraits/thumb/women/79.jpg'}, 'nat': 'AU'}</msg>
<arg>${json_data['results'][0]}</arg>
<doc>Logs the given message with the given level.</doc>
<status status="PASS" start="2024-05-31T10:15:39.698521" elapsed="0.000404"/>
</kw>
<kw name="Log" owner="BuiltIn">
<msg time="2024-05-31T10:15:39.699348" level="INFO">email</msg>
<arg>${key}</arg>
<doc>Logs the given message with the given level.</doc>
<status status="PASS" start="2024-05-31T10:15:39.699221" elapsed="0.000163"/>
</kw>
<var name="${key}">email</var>
<status status="PASS" start="2024-05-31T10:15:39.697589" elapsed="0.002007"/>
</iter>
<iter>
<kw name="Dictionary Should Contain Key" owner="Collections">
<msg time="2024-05-31T10:15:39.700287" level="INFO">False</msg>
<arg>${json_data['results'][0]}</arg>
<arg>${key}</arg>
<doc>Fails if ``key`` is not found from ``dictionary``.</doc>
<status status="PASS" start="2024-05-31T10:15:39.699880" elapsed="0.000444"/>
</kw>
<kw name="Log" owner="BuiltIn">
<msg time="2024-05-31T10:15:39.700976" level="INFO">{'gender': 'female', 'name': {'title': 'Mrs', 'first': 'Irene', 'last': 'Burke'}, 'location': {'street': {'number': 2834, 'name': 'W Campbell Ave'}, 'city': 'Traralgon', 'state': 'South Australia', 'country': 'Australia', 'postcode': 5604, 'coordinates': {'latitude': '-87.1615', 'longitude': '152.2886'}, 'timezone': {'offset': '+9:00', 'description': 'Tokyo, Seoul, Osaka, Sapporo, Yakutsk'}}, 'email': 'irene.burke@example.com', 'login': {'uuid': '616e4ee8-6b30-48f6-ac87-3e22dc950b43', 'username': 'lazyduck890', 'password': 'lollipop', 'salt': 'SmbF0yMW', 'md5': '4324c04636cc337ed6b16b52bc9ac8bf', 'sha1': 'c3cd648221577e064b618f156b97a796c59a0b00', 'sha256': '428f64c51fa7d4dea15c4f253199a8e38d1842f458dd3fbf09ea7d008cdeb74a'}, 'dob': {'date': '1954-04-10T18:24:09.580Z', 'age': 70}, 'registered': {'date': '2005-02-19T19:57:04.543Z', 'age': 19}, 'phone': '08-5307-2213', 'cell': '0489-474-832', 'id': {'name': 'TFN', 'value': '265553448'}, 'picture': {'large': 'https://randomuser.me/api/portraits/women/79.jpg', 'medium': 'https://randomuser.me/api/portraits/med/women/79.jpg', 'thumbnail': 'https://randomuser.me/api/portraits/thumb/women/79.jpg'}, 'nat': 'AU'}</msg>
<arg>${json_data['results'][0]}</arg>
<doc>Logs the given message with the given level.</doc>
<status status="PASS" start="2024-05-31T10:15:39.700616" elapsed="0.000408"/>
</kw>
<kw name="Log" owner="BuiltIn">
<msg time="2024-05-31T10:15:39.701440" level="INFO">login</msg>
<arg>${key}</arg>
<doc>Logs the given message with the given level.</doc>
<status status="PASS" start="2024-05-31T10:15:39.701313" elapsed="0.000163"/>
</kw>
<var name="${key}">login</var>
<status status="PASS" start="2024-05-31T10:15:39.699768" elapsed="0.001944"/>
</iter>
<var>${key}</var>
<value>@{expected_keys}</value>
<status status="PASS" start="2024-05-31T10:15:39.690954" elapsed="0.010881"/>
</for>
<kw name="Create List" owner="BuiltIn">
<msg time="2024-05-31T10:15:39.702161" level="INFO">${expected_keysTwo} = ['username', 'password']</msg>
<var>${expected_keysTwo}</var>
<arg>username</arg>
<arg>password</arg>
<doc>Returns a list containing given items.</doc>
<status status="PASS" start="2024-05-31T10:15:39.702026" elapsed="0.000158"/>
</kw>
<for flavor="IN">
<iter>
<kw name="Dictionary Should Contain Key" owner="Collections">
<msg time="2024-05-31T10:15:39.703058" level="INFO">False</msg>
<arg>${json_data['results'][0]['login']}</arg>
<arg>${keyTwo}</arg>
<doc>Fails if ``key`` is not found from ``dictionary``.</doc>
<status status="PASS" start="2024-05-31T10:15:39.702679" elapsed="0.000415"/>
</kw>
<kw name="Dictionary Should Contain Key" owner="Collections">
<msg time="2024-05-31T10:15:39.703765" level="INFO">False</msg>
<arg>${json_data['results'][0]['login']}</arg>
<arg>${keyTwo}</arg>
<doc>Fails if ``key`` is not found from ``dictionary``.</doc>
<status status="PASS" start="2024-05-31T10:15:39.703393" elapsed="0.000408"/>
</kw>
<kw name="Log" owner="BuiltIn">
<msg time="2024-05-31T10:15:39.704263" level="INFO">username</msg>
<arg>${keyTwo}</arg>
<doc>Logs the given message with the given level.</doc>
<status status="PASS" start="2024-05-31T10:15:39.704131" elapsed="0.000168"/>
</kw>
<var name="${keyTwo}">username</var>
<status status="PASS" start="2024-05-31T10:15:39.702570" elapsed="0.001943"/>
</iter>
<iter>
<kw name="Dictionary Should Contain Key" owner="Collections">
<msg time="2024-05-31T10:15:39.705170" level="INFO">False</msg>
<arg>${json_data['results'][0]['login']}</arg>
<arg>${keyTwo}</arg>
<doc>Fails if ``key`` is not found from ``dictionary``.</doc>
<status status="PASS" start="2024-05-31T10:15:39.704794" elapsed="0.000412"/>
</kw>
<kw name="Dictionary Should Contain Key" owner="Collections">
<msg time="2024-05-31T10:15:39.705875" level="INFO">False</msg>
<arg>${json_data['results'][0]['login']}</arg>
<arg>${keyTwo}</arg>
<doc>Fails if ``key`` is not found from ``dictionary``.</doc>
<status status="PASS" start="2024-05-31T10:15:39.705495" elapsed="0.000417"/>
</kw>
<kw name="Log" owner="BuiltIn">
<msg time="2024-05-31T10:15:39.706326" level="INFO">password</msg>
<arg>${keyTwo}</arg>
<doc>Logs the given message with the given level.</doc>
<status status="PASS" start="2024-05-31T10:15:39.706200" elapsed="0.000162"/>
</kw>
<var name="${keyTwo}">password</var>
<status status="PASS" start="2024-05-31T10:15:39.704684" elapsed="0.001890"/>
</iter>
<var>${keyTwo}</var>
<value>@{expected_keysTwo}</value>
<status status="PASS" start="2024-05-31T10:15:39.702419" elapsed="0.004273"/>
</for>
<status status="PASS" start="2024-05-31T10:15:39.467095" elapsed="0.239736"/>
</kw>
<doc>Testa a estrutura da resposta da API.</doc>
<tag>testeEstruturaResposta</tag>
<status status="PASS" start="2024-05-31T10:15:39.466611" elapsed="0.240378"/>
</test>
<test id="s1-s1-t4" name="Validar tipos de dados" line="28">
<kw name="Teste de Tipos de Dados" owner="random-user-service">
<kw name="GET On Session" owner="RequestsLibrary">
<msg time="2024-05-31T10:15:39.749029" level="INFO">GET Request : url=https://randomuser.me/api 
 path_url=/api 
 headers={'User-Agent': 'python-requests/2.32.3', 'Accept-Encoding': 'gzip, deflate', 'Accept': '*/*', 'Connection': 'keep-alive'} 
 body=None 
 </msg>
<msg time="2024-05-31T10:15:39.749143" level="INFO">GET Response : url=https://randomuser.me/api 
 status=200, reason=OK 
 headers={'Date': 'Fri, 31 May 2024 10:15:39 GMT', 'Content-Type': 'application/json; charset=utf-8', 'Transfer-Encoding': 'chunked', 'Connection': 'keep-alive', 'X-Powered-By': 'Express', 'Access-Control-Allow-Origin': '*', 'Cache-Control': 'no-cache', 'ETag': 'W/"49d-s7+XvDq3nQWAWtEAckfZFlAZa4E"', 'Vary': 'Accept-Encoding', 'Content-Encoding': 'gzip', 'CF-Cache-Status': 'DYNAMIC', 'Report-To': '{"endpoints":[{"url":"https:\\/\\/a.nel.cloudflare.com\\/report\\/v4?s=0b7fAn6KtC3e%2B4jc1unB1hloxeFcZUlPywyzFFjWKIleuYJkSj2z5FC0V%2B4ab958a57ntx%2Bvc4rjsaUD5q%2B1AHILg00A7D9kjuXThC7Cj1EzxdKT43%2FbphrY%2FzlIrdKe"}],"group":"cf-nel","max_age":604800}', 'NEL': '{"success_fraction":0,"report_to":"cf-nel","max_age":604800}', 'Server': 'cloudflare', 'CF-RAY': '88c6343938a629d8-ORD', 'alt-svc': 'h3=":443"; ma=86400'} 
 body={"results":[{"gender":"female","name":{"title":"Mrs","first":"Larissa","last":"Augustin"},"location":{"street":{"number":8461,"name":"Talstraße"},"city":"Buttelstedt","state":"Hessen","country":"Germany","postcode":66973,"coordinates":{"latitude":"-48.3339","longitude":"55.6857"},"timezone":{"offset":"+10:00","description":"Eastern Australia, Guam, Vladivostok"}},"email":"larissa.augustin@example.com","login":{"uuid":"909fde26-af1e-422c-993b-73dc15c59f15","username":"sadkoala323","password":"chevy1","salt":"8g4klXLK","md5":"801bb5c9fdc32a9b1956bdbc1806f9a2","sha1":"15857661e256d8e0f031b9b7d9c6699b30239633","sha256":"98eebc8c5a4c49b67a5089c8a4e3fa249c4c6da34c7fdc7d9a05e3333abd64f0"},"dob":{"date":"1992-05-03T09:56:12.549Z","age":32},"registered":{"date":"2017-08-11T15:30:47.038Z","age":6},"phone":"0373-6903305","cell":"0171-2579104","id":{"name":"SVNR","value":"62 030592 A 515"},"picture":{"large":"https://randomuser.me/api/portraits/women/10.jpg","medium":"https://randomuser.me/api/portraits/med/women/10.jpg","thumbnail":"https://randomuser.me/api/portraits/thumb/women/10.jpg"},"nat":"DE"}],"info":{"seed":"28728b43f28101a9","results":1,"page":1,"version":"1.4"}} 
 </msg>
<msg time="2024-05-31T10:15:39.749229" level="INFO">/opt/hostedtoolcache/Python/3.12.3/x64/lib/python3.12/site-packages/urllib3/connectionpool.py:1103: InsecureRequestWarning: Unverified HTTPS request is being made to host 'randomuser.me'. Adding certificate verification is strongly advised. See: https://urllib3.readthedocs.io/en/latest/advanced-usage.html#tls-warnings
  warnings.warn(</msg>
<msg time="2024-05-31T10:15:39.749359" level="INFO">${response} = &lt;Response [200]&gt;</msg>
<var>${response}</var>
<arg>consultarAPI</arg>
<arg>/api</arg>
<doc>Sends a GET request on a previously created HTTP Session.</doc>
<status status="PASS" start="2024-05-31T10:15:39.709495" elapsed="0.039903"/>
</kw>
<kw name="Set Variable" owner="BuiltIn">
<msg time="2024-05-31T10:15:39.750447" level="INFO">${json_data} = {'results': [{'gender': 'female', 'name': {'title': 'Mrs', 'first': 'Larissa', 'last': 'Augustin'}, 'location': {'street': {'number': 8461, 'name': 'Talstraße'}, 'city': 'Buttelstedt', 'state': 'Hesse...</msg>
<var>${json_data}</var>
<arg>${response.json()}</arg>
<doc>Returns the given values which can then be assigned to a variables.</doc>
<status status="PASS" start="2024-05-31T10:15:39.749921" elapsed="0.000555"/>
</kw>
<kw name="Log" owner="BuiltIn">
<msg time="2024-05-31T10:15:39.750956" level="INFO">{'results': [{'gender': 'female', 'name': {'title': 'Mrs', 'first': 'Larissa', 'last': 'Augustin'}, 'location': {'street': {'number': 8461, 'name': 'Talstraße'}, 'city': 'Buttelstedt', 'state': 'Hessen', 'country': 'Germany', 'postcode': 66973, 'coordinates': {'latitude': '-48.3339', 'longitude': '55.6857'}, 'timezone': {'offset': '+10:00', 'description': 'Eastern Australia, Guam, Vladivostok'}}, 'email': 'larissa.augustin@example.com', 'login': {'uuid': '909fde26-af1e-422c-993b-73dc15c59f15', 'username': 'sadkoala323', 'password': 'chevy1', 'salt': '8g4klXLK', 'md5': '801bb5c9fdc32a9b1956bdbc1806f9a2', 'sha1': '15857661e256d8e0f031b9b7d9c6699b30239633', 'sha256': '98eebc8c5a4c49b67a5089c8a4e3fa249c4c6da34c7fdc7d9a05e3333abd64f0'}, 'dob': {'date': '1992-05-03T09:56:12.549Z', 'age': 32}, 'registered': {'date': '2017-08-11T15:30:47.038Z', 'age': 6}, 'phone': '0373-6903305', 'cell': '0171-2579104', 'id': {'name': 'SVNR', 'value': '62 030592 A 515'}, 'picture': {'large': 'https://randomuser.me/api/portraits/women/10.jpg', 'medium': 'https://randomuser.me/api/portraits/med/women/10.jpg', 'thumbnail': 'https://randomuser.me/api/portraits/thumb/women/10.jpg'}, 'nat': 'DE'}], 'info': {'seed': '28728b43f28101a9', 'results': 1, 'page': 1, 'version': '1.4'}}</msg>
<arg>${json_data}</arg>
<doc>Logs the given message with the given level.</doc>
<status status="PASS" start="2024-05-31T10:15:39.750797" elapsed="0.000244"/>
</kw>
<kw name="Should Be String" owner="String">
<arg>${json_data['results'][0]['gender']}</arg>
<doc>Fails if the given ``item`` is not a string.</doc>
<status status="PASS" start="2024-05-31T10:15:39.751339" elapsed="0.000367"/>
</kw>
<kw name="Should Match Regexp" owner="BuiltIn">
<arg>${json_data['results'][0]['email']}</arg>
<arg>^[a-zA-Z0-9._%+-]+@[a-zA-Z0-9.-]+\.[a-zA-Z]{2,}$</arg>
<doc>Fails if ``string`` does not match ``pattern`` as a regular expression.</doc>
<status status="PASS" start="2024-05-31T10:15:39.751899" elapsed="0.000703"/>
</kw>
<kw name="Should Match Regexp" owner="BuiltIn">
<arg>${json_data['results'][0]['dob']['date']}</arg>
<arg>\\d{4}-\\d{2}-\\d{2}T\\d{2}:\\d{2}:\\d{2}\\.\\d{3}Z</arg>
<doc>Fails if ``string`` does not match ``pattern`` as a regular expression.</doc>
<status status="PASS" start="2024-05-31T10:15:39.752803" elapsed="0.000496"/>
</kw>
<kw name="Should Match Regexp" owner="BuiltIn">
<arg>${json_data['results'][0]['registered']['date']}</arg>
<arg>\\d{4}-\\d{2}-\\d{2}T\\d{2}:\\d{2}:\\d{2}\\.\\d{3}Z</arg>
<doc>Fails if ``string`` does not match ``pattern`` as a regular expression.</doc>
<status status="PASS" start="2024-05-31T10:15:39.753497" elapsed="0.000365"/>
</kw>
<kw name="Should Match Regexp" owner="BuiltIn">
<arg>${json_data['results'][0]['picture']['large']}</arg>
<arg>^https?://.*\.(?:png|jpe?g|gif|bmp)$</arg>
<doc>Fails if ``string`` does not match ``pattern`` as a regular expression.</doc>
<status status="PASS" start="2024-05-31T10:15:39.754049" elapsed="0.000458"/>
</kw>
<kw name="Should Match Regexp" owner="BuiltIn">
<arg>${json_data['results'][0]['picture']['medium']}</arg>
<arg>^https?://.*\.(?:png|jpe?g|gif|bmp)$</arg>
<doc>Fails if ``string`` does not match ``pattern`` as a regular expression.</doc>
<status status="PASS" start="2024-05-31T10:15:39.754699" elapsed="0.000346"/>
</kw>
<kw name="Should Match Regexp" owner="BuiltIn">
<arg>${json_data['results'][0]['picture']['thumbnail']}</arg>
<arg>^https?://.*\.(?:png|jpe?g|gif|bmp)$</arg>
<doc>Fails if ``string`` does not match ``pattern`` as a regular expression.</doc>
<status status="PASS" start="2024-05-31T10:15:39.755231" elapsed="0.000351"/>
</kw>
<kw name="Log" owner="BuiltIn">
<msg time="2024-05-31T10:15:39.756114" level="INFO">{'large': 'https://randomuser.me/api/portraits/women/10.jpg', 'medium': 'https://randomuser.me/api/portraits/med/women/10.jpg', 'thumbnail': 'https://randomuser.me/api/portraits/thumb/women/10.jpg'}</msg>
<arg>${json_data['results'][0]['picture']}</arg>
<doc>Logs the given message with the given level.</doc>
<status status="PASS" start="2024-05-31T10:15:39.755764" elapsed="0.000391"/>
</kw>
<status status="PASS" start="2024-05-31T10:15:39.709263" elapsed="0.047153"/>
</kw>
<kw name="Teste de Tipos de Dados - Postcode" owner="random-user-service">
<kw name="GET On Session" owner="RequestsLibrary">
<msg time="2024-05-31T10:15:39.852070" level="INFO">GET Request : url=https://randomuser.me/api 
 path_url=/api 
 headers={'User-Agent': 'python-requests/2.32.3', 'Accept-Encoding': 'gzip, deflate', 'Accept': '*/*', 'Connection': 'keep-alive'} 
 body=None 
 </msg>
<msg time="2024-05-31T10:15:39.852190" level="INFO">GET Response : url=https://randomuser.me/api 
 status=200, reason=OK 
 headers={'Date': 'Fri, 31 May 2024 10:15:39 GMT', 'Content-Type': 'application/json; charset=utf-8', 'Transfer-Encoding': 'chunked', 'Connection': 'keep-alive', 'X-Powered-By': 'Express', 'Access-Control-Allow-Origin': '*', 'Cache-Control': 'no-cache', 'ETag': 'W/"485-89+TguTJ8a208Dn7IuKIbOYH9vY"', 'Vary': 'Accept-Encoding', 'Content-Encoding': 'gzip', 'CF-Cache-Status': 'DYNAMIC', 'Report-To': '{"endpoints":[{"url":"https:\\/\\/a.nel.cloudflare.com\\/report\\/v4?s=8uxE%2BpJK%2B3DUiaKIdihoB5JkoZF%2BgbC1duoeSmg%2FXFUvN4WnZJ1ZZ5ZM1EzPFhfiz5PU6sy9i%2FVxiPBsTpwM2IuGdfh910jX7cQiIOalxWtF40NaNM%2BwH7yBKu2gKdpy"}],"group":"cf-nel","max_age":604800}', 'NEL': '{"success_fraction":0,"report_to":"cf-nel","max_age":604800}', 'Server': 'cloudflare', 'CF-RAY': '88c6343978de29d8-ORD', 'alt-svc': 'h3=":443"; ma=86400'} 
 body={"results":[{"gender":"male","name":{"title":"Mr","first":"Aléxis","last":"Teixeira"},"location":{"street":{"number":5580,"name":"Rua Vinte de Setembro"},"city":"Caucaia","state":"Minas Gerais","country":"Brazil","postcode":53609,"coordinates":{"latitude":"-75.2542","longitude":"-20.4625"},"timezone":{"offset":"+3:30","description":"Tehran"}},"email":"alexis.teixeira@example.com","login":{"uuid":"1f98e377-7c7c-4a98-b6c3-a0eb576a2f12","username":"silverduck668","password":"heidi1","salt":"BUBWNJH0","md5":"2715affec74c5e4cd070d20e9d55fa92","sha1":"a2ffc625ddc141628268d99f97e89337d54b8635","sha256":"3dddc4ce2246eb92d175f1822d379d1c486cdf00b207b2541b0111c0eb9ae0e2"},"dob":{"date":"1945-05-01T02:18:55.344Z","age":79},"registered":{"date":"2021-02-02T05:10:13.746Z","age":3},"phone":"(34) 4619-0107","cell":"(34) 8571-1771","id":{"name":"CPF","value":"072.733.182-52"},"picture":{"large":"https://randomuser.me/api/portraits/men/69.jpg","medium":"https://randomuser.me/api/portraits/med/men/69.jpg","thumbnail":"https://randomuser.me/api/portraits/thumb/men/69.jpg"},"nat":"BR"}],"info":{"seed":"82beffb82219cbf3","results":1,"page":1,"version":"1.4"}} 
 </msg>
<msg time="2024-05-31T10:15:39.852284" level="INFO">/opt/hostedtoolcache/Python/3.12.3/x64/lib/python3.12/site-packages/urllib3/connectionpool.py:1103: InsecureRequestWarning: Unverified HTTPS request is being made to host 'randomuser.me'. Adding certificate verification is strongly advised. See: https://urllib3.readthedocs.io/en/latest/advanced-usage.html#tls-warnings
  warnings.warn(</msg>
<msg time="2024-05-31T10:15:39.852436" level="INFO">${response} = &lt;Response [200]&gt;</msg>
<var>${response}</var>
<arg>consultarAPI</arg>
<arg>/api</arg>
<doc>Sends a GET request on a previously created HTTP Session.</doc>
<status status="PASS" start="2024-05-31T10:15:39.756866" elapsed="0.095624"/>
</kw>
<kw name="Set Variable" owner="BuiltIn">
<msg time="2024-05-31T10:15:39.853722" level="INFO">${json_data} = {'results': [{'gender': 'male', 'name': {'title': 'Mr', 'first': 'Aléxis', 'last': 'Teixeira'}, 'location': {'street': {'number': 5580, 'name': 'Rua Vinte de Setembro'}, 'city': 'Caucaia', 'state': 'M...</msg>
<var>${json_data}</var>
<arg>${response.json()}</arg>
<doc>Returns the given values which can then be assigned to a variables.</doc>
<status status="PASS" start="2024-05-31T10:15:39.853130" elapsed="0.000622"/>
</kw>
<kw name="Log" owner="BuiltIn">
<msg time="2024-05-31T10:15:39.854234" level="INFO">{'results': [{'gender': 'male', 'name': {'title': 'Mr', 'first': 'Aléxis', 'last': 'Teixeira'}, 'location': {'street': {'number': 5580, 'name': 'Rua Vinte de Setembro'}, 'city': 'Caucaia', 'state': 'Minas Gerais', 'country': 'Brazil', 'postcode': 53609, 'coordinates': {'latitude': '-75.2542', 'longitude': '-20.4625'}, 'timezone': {'offset': '+3:30', 'description': 'Tehran'}}, 'email': 'alexis.teixeira@example.com', 'login': {'uuid': '1f98e377-7c7c-4a98-b6c3-a0eb576a2f12', 'username': 'silverduck668', 'password': 'heidi1', 'salt': 'BUBWNJH0', 'md5': '2715affec74c5e4cd070d20e9d55fa92', 'sha1': 'a2ffc625ddc141628268d99f97e89337d54b8635', 'sha256': '3dddc4ce2246eb92d175f1822d379d1c486cdf00b207b2541b0111c0eb9ae0e2'}, 'dob': {'date': '1945-05-01T02:18:55.344Z', 'age': 79}, 'registered': {'date': '2021-02-02T05:10:13.746Z', 'age': 3}, 'phone': '(34) 4619-0107', 'cell': '(34) 8571-1771', 'id': {'name': 'CPF', 'value': '072.733.182-52'}, 'picture': {'large': 'https://randomuser.me/api/portraits/men/69.jpg', 'medium': 'https://randomuser.me/api/portraits/med/men/69.jpg', 'thumbnail': 'https://randomuser.me/api/portraits/thumb/men/69.jpg'}, 'nat': 'BR'}], 'info': {'seed': '82beffb82219cbf3', 'results': 1, 'page': 1, 'version': '1.4'}}</msg>
<arg>${json_data}</arg>
<doc>Logs the given message with the given level.</doc>
<status status="PASS" start="2024-05-31T10:15:39.854072" elapsed="0.000245"/>
</kw>
<kw name="Should Be Equal As Numbers" owner="BuiltIn">
<arg>${json_data['results'][0]['location']['postcode']}</arg>
<arg>${json_data['results'][0]['location']['postcode']}</arg>
<doc>Fails if objects are unequal after converting them to real numbers.</doc>
<status status="PASS" start="2024-05-31T10:15:39.854623" elapsed="0.000634"/>
</kw>
<kw name="Log" owner="BuiltIn">
<msg time="2024-05-31T10:15:39.855790" level="INFO">53609</msg>
<arg>${json_data['results'][0]['location']['postcode']}</arg>
<doc>Logs the given message with the given level.</doc>
<status status="PASS" start="2024-05-31T10:15:39.855454" elapsed="0.000378"/>
</kw>
<status status="PASS" start="2024-05-31T10:15:39.756641" elapsed="0.099492"/>
</kw>
<doc>Testa se os tipos de dados na resposta da API estão corretos.</doc>
<tag>testeTiposDados</tag>
<status status="PASS" start="2024-05-31T10:15:39.708804" elapsed="0.147505"/>
</test>
<test id="s1-s1-t5" name="Validar conteudo" line="35">
<kw name="Teste de Tipos de Conteudo" owner="random-user-service">
<kw name="GET On Session" owner="RequestsLibrary">
<msg time="2024-05-31T10:15:39.953428" level="INFO">GET Request : url=https://randomuser.me/api 
 path_url=/api 
 headers={'User-Agent': 'python-requests/2.32.3', 'Accept-Encoding': 'gzip, deflate', 'Accept': '*/*', 'Connection': 'keep-alive'} 
 body=None 
 </msg>
<msg time="2024-05-31T10:15:39.953519" level="INFO">GET Response : url=https://randomuser.me/api 
 status=200, reason=OK 
 headers={'Date': 'Fri, 31 May 2024 10:15:39 GMT', 'Content-Type': 'application/json; charset=utf-8', 'Transfer-Encoding': 'chunked', 'Connection': 'keep-alive', 'X-Powered-By': 'Express', 'Access-Control-Allow-Origin': '*', 'Cache-Control': 'no-cache', 'ETag': 'W/"499-ZmnewnYcmJCL+eI5OloP2nft74U"', 'Vary': 'Accept-Encoding', 'Content-Encoding': 'gzip', 'CF-Cache-Status': 'DYNAMIC', 'Report-To': '{"endpoints":[{"url":"https:\\/\\/a.nel.cloudflare.com\\/report\\/v4?s=G8JmcQ7YY68gowzcY3a4oyYFBOjz2tQGIFsq0WMsJBBuRY0GOapOcWsU5tMHATRmHn%2BVDTC6sytUhHtrN2mnXkx0RW72XLfP%2FYBPRywfeoXFVPvPVcPpUICSXJgy6o4d"}],"group":"cf-nel","max_age":604800}', 'NEL': '{"success_fraction":0,"report_to":"cf-nel","max_age":604800}', 'Server': 'cloudflare', 'CF-RAY': '88c6343a294e29d8-ORD', 'alt-svc': 'h3=":443"; ma=86400'} 
 body={"results":[{"gender":"male","name":{"title":"Mr","first":"ایلیا","last":"زارعی"},"location":{"street":{"number":3904,"name":"کمیل"},"city":"کاشان","state":"آذربایجان غربی","country":"Iran","postcode":88837,"coordinates":{"latitude":"17.1944","longitude":"-161.6131"},"timezone":{"offset":"+11:00","description":"Magadan, Solomon Islands, New Caledonia"}},"email":"yly.zraay@example.com","login":{"uuid":"34f6fd0e-745a-4d41-8a5e-20b61dbd601a","username":"goldentiger236","password":"ooooooo","salt":"CptPZrgd","md5":"834051e2aef729974624f0ba05d96f05","sha1":"5f0781be6a2e47592fd7ba1237c7929c99d23d27","sha256":"c30be96d34dd2846724078b4e04b2d55e46cb4d4b36221c69b2acf295796fb31"},"dob":{"date":"1946-03-14T22:48:15.151Z","age":78},"registered":{"date":"2016-09-21T19:23:34.905Z","age":7},"phone":"008-78300675","cell":"0992-090-8577","id":{"name":"","value":null},"picture":{"large":"https://randomuser.me/api/portraits/men/42.jpg","medium":"https://randomuser.me/api/portraits/med/men/42.jpg","thumbnail":"https://randomuser.me/api/portraits/thumb/men/42.jpg"},"nat":"IR"}],"info":{"seed":"ebe308afe7717bdd","results":1,"page":1,"version":"1.4"}} 
 </msg>
<msg time="2024-05-31T10:15:39.953602" level="INFO">/opt/hostedtoolcache/Python/3.12.3/x64/lib/python3.12/site-packages/urllib3/connectionpool.py:1103: InsecureRequestWarning: Unverified HTTPS request is being made to host 'randomuser.me'. Adding certificate verification is strongly advised. See: https://urllib3.readthedocs.io/en/latest/advanced-usage.html#tls-warnings
  warnings.warn(</msg>
<msg time="2024-05-31T10:15:39.953736" level="INFO">${response} = &lt;Response [200]&gt;</msg>
<var>${response}</var>
<arg>consultarAPI</arg>
<arg>/api</arg>
<doc>Sends a GET request on a previously created HTTP Session.</doc>
<status status="PASS" start="2024-05-31T10:15:39.859193" elapsed="0.094586"/>
</kw>
<kw name="Set Variable" owner="BuiltIn">
<msg time="2024-05-31T10:15:39.954818" level="INFO">${json_data} = {'results': [{'gender': 'male', 'name': {'title': 'Mr', 'first': 'ایلیا', 'last': 'زارعی'}, 'location': {'street': {'number': 3904, 'name': 'کمیل'}, 'city': 'کاشان', 'state': 'آذربایجان غربی', 'countr...</msg>
<var>${json_data}</var>
<arg>${response.json()}</arg>
<doc>Returns the given values which can then be assigned to a variables.</doc>
<status status="PASS" start="2024-05-31T10:15:39.954256" elapsed="0.000594"/>
</kw>
<kw name="Set Variable" owner="BuiltIn">
<msg time="2024-05-31T10:15:39.955551" level="INFO">${name_title} = Mr</msg>
<var>${name_title}</var>
<arg>${json_data["results"][0]["name"]["title"]}</arg>
<doc>Returns the given values which can then be assigned to a variables.</doc>
<status status="PASS" start="2024-05-31T10:15:39.955165" elapsed="0.000412"/>
</kw>
<kw name="Create List" owner="BuiltIn">
<msg time="2024-05-31T10:15:39.956122" level="INFO">${allowed_titles} = ['Mr', 'Ms', 'Miss', 'Mrs', 'Madame', 'Monsieur']</msg>
<var>${allowed_titles}</var>
<arg>Mr</arg>
<arg>Ms</arg>
<arg>Miss</arg>
<arg>Mrs</arg>
<arg>Madame</arg>
<arg>Monsieur</arg>
<doc>Returns a list containing given items.</doc>
<status status="PASS" start="2024-05-31T10:15:39.955879" elapsed="0.000269"/>
</kw>
<kw name="List Should Contain Value" owner="Collections">
<msg time="2024-05-31T10:15:39.956647" level="INFO">False</msg>
<arg>${allowed_titles}</arg>
<arg>${name_title}</arg>
<doc>Fails if the ``value`` is not found from ``list``.</doc>
<status status="PASS" start="2024-05-31T10:15:39.956468" elapsed="0.000216"/>
</kw>
<kw name="Set Variable" owner="BuiltIn">
<msg time="2024-05-31T10:15:39.957515" level="INFO">${name_country} = IR</msg>
<var>${name_country}</var>
<arg>${json_data["results"][0]["nat"]}</arg>
<doc>Returns the given values which can then be assigned to a variables.</doc>
<status status="PASS" start="2024-05-31T10:15:39.956984" elapsed="0.000557"/>
</kw>
<kw name="Create List" owner="BuiltIn">
<msg time="2024-05-31T10:15:39.958448" level="INFO">${list_country} = ['AD', 'AE', 'AF', 'AG', 'AI', 'AL', 'AM', 'AO', 'AQ', 'AR', 'AS', 'AT', 'AU', 'AW', 'AX', 'AZ', 'BA', 'BB', 'BD', 'BE', 'BF', 'BG', 'BH', 'BI', 'BJ', 'BL', 'BM', 'BN', 'BO', 'BQ', 'BR', 'BS', 'BT', '...</msg>
<var>${list_country}</var>
<arg>AD</arg>
<arg>AE</arg>
<arg>AF</arg>
<arg>AG</arg>
<arg>AI</arg>
<arg>AL</arg>
<arg>AM</arg>
<arg>AO</arg>
<arg>AQ</arg>
<arg>AR</arg>
<arg>AS</arg>
<arg>AT</arg>
<arg>AU</arg>
<arg>AW</arg>
<arg>AX</arg>
<arg>AZ</arg>
<arg>BA</arg>
<arg>BB</arg>
<arg>BD</arg>
<arg>BE</arg>
<arg>BF</arg>
<arg>BG</arg>
<arg>BH</arg>
<arg>BI</arg>
<arg>BJ</arg>
<arg>BL</arg>
<arg>BM</arg>
<arg>BN</arg>
<arg>BO</arg>
<arg>BQ</arg>
<arg>BR</arg>
<arg>BS</arg>
<arg>BT</arg>
<arg>BV</arg>
<arg>BW</arg>
<arg>BY</arg>
<arg>BZ</arg>
<arg>CA</arg>
<arg>CC</arg>
<arg>CD</arg>
<arg>CF</arg>
<arg>CG</arg>
<arg>CH</arg>
<arg>CI</arg>
<arg>CK</arg>
<arg>CL</arg>
<arg>CM</arg>
<arg>CN</arg>
<arg>CO</arg>
<arg>CR</arg>
<arg>CU</arg>
<arg>CV</arg>
<arg>CW</arg>
<arg>CX</arg>
<arg>CY</arg>
<arg>CZ</arg>
<arg>DE</arg>
<arg>DJ</arg>
<arg>DK</arg>
<arg>DM</arg>
<arg>DO</arg>
<arg>DZ</arg>
<arg>EC</arg>
<arg>EE</arg>
<arg>EG</arg>
<arg>EH</arg>
<arg>ER</arg>
<arg>ES</arg>
<arg>ET</arg>
<arg>FI</arg>
<arg>FJ</arg>
<arg>FK</arg>
<arg>FM</arg>
<arg>FO</arg>
<arg>FR</arg>
<arg>GA</arg>
<arg>GB</arg>
<arg>GD</arg>
<arg>GE</arg>
<arg>GF</arg>
<arg>GG</arg>
<arg>GH</arg>
<arg>GI</arg>
<arg>GL</arg>
<arg>GM</arg>
<arg>GN</arg>
<arg>GP</arg>
<arg>GQ</arg>
<arg>GR</arg>
<arg>GS</arg>
<arg>GT</arg>
<arg>GU</arg>
<arg>GW</arg>
<arg>GY</arg>
<arg>HK</arg>
<arg>HM</arg>
<arg>HN</arg>
<arg>HR</arg>
<arg>HT</arg>
<arg>HU</arg>
<arg>ID</arg>
<arg>IE</arg>
<arg>IL</arg>
<arg>IM</arg>
<arg>IN</arg>
<arg>IO</arg>
<arg>IQ</arg>
<arg>IR</arg>
<arg>IS</arg>
<arg>IT</arg>
<arg>JE</arg>
<arg>JM</arg>
<arg>JO</arg>
<arg>JP</arg>
<arg>KE</arg>
<arg>KG</arg>
<arg>KH</arg>
<arg>KI</arg>
<arg>KM</arg>
<arg>KN</arg>
<arg>KP</arg>
<arg>KR</arg>
<arg>KW</arg>
<arg>KY</arg>
<arg>KZ</arg>
<arg>LA</arg>
<arg>LB</arg>
<arg>LC</arg>
<arg>LI</arg>
<arg>LK</arg>
<arg>LR</arg>
<arg>LS</arg>
<arg>LT</arg>
<arg>LU</arg>
<arg>LV</arg>
<arg>LY</arg>
<arg>MA</arg>
<arg>MC</arg>
<arg>MD</arg>
<arg>ME</arg>
<arg>MF</arg>
<arg>MG</arg>
<arg>MH</arg>
<arg>MK</arg>
<arg>ML</arg>
<arg>MM</arg>
<arg>MN</arg>
<arg>MO</arg>
<arg>MP</arg>
<arg>MQ</arg>
<arg>MR</arg>
<arg>MS</arg>
<arg>MT</arg>
<arg>MU</arg>
<arg>MV</arg>
<arg>MW</arg>
<arg>MX</arg>
<arg>MY</arg>
<arg>MZ</arg>
<arg>NA</arg>
<arg>NC</arg>
<arg>NE</arg>
<arg>NF</arg>
<arg>NG</arg>
<arg>NI</arg>
<arg>NL</arg>
<arg>NO</arg>
<arg>NP</arg>
<arg>NR</arg>
<arg>NU</arg>
<arg>NZ</arg>
<arg>OM</arg>
<arg>PA</arg>
<arg>PE</arg>
<arg>PF</arg>
<arg>PG</arg>
<arg>PH</arg>
<arg>PK</arg>
<arg>PL</arg>
<arg>PM</arg>
<arg>PN</arg>
<arg>PR</arg>
<arg>PS</arg>
<arg>PT</arg>
<arg>PW</arg>
<arg>PY</arg>
<arg>QA</arg>
<arg>RE</arg>
<arg>RO</arg>
<arg>RS</arg>
<arg>RU</arg>
<arg>RW</arg>
<arg>SA</arg>
<arg>SB</arg>
<arg>SC</arg>
<arg>SD</arg>
<arg>SE</arg>
<arg>SG</arg>
<arg>SH</arg>
<arg>SI</arg>
<arg>SJ</arg>
<arg>SK</arg>
<arg>SL</arg>
<arg>SM</arg>
<arg>SN</arg>
<arg>SO</arg>
<arg>SR</arg>
<arg>SS</arg>
<arg>ST</arg>
<arg>SV</arg>
<arg>SX</arg>
<arg>SY</arg>
<arg>SZ</arg>
<arg>TC</arg>
<arg>TD</arg>
<arg>TF</arg>
<arg>TG</arg>
<arg>TH</arg>
<arg>TJ</arg>
<arg>TK</arg>
<arg>TL</arg>
<arg>TM</arg>
<arg>TN</arg>
<arg>TO</arg>
<arg>TR</arg>
<arg>TT</arg>
<arg>TV</arg>
<arg>TW</arg>
<arg>TZ</arg>
<arg>UA</arg>
<arg>UG</arg>
<arg>UM</arg>
<arg>US</arg>
<arg>UY</arg>
<arg>UZ</arg>
<arg>VA</arg>
<arg>VC</arg>
<arg>VE</arg>
<arg>VG</arg>
<arg>VI</arg>
<arg>VN</arg>
<arg>VU</arg>
<arg>WF</arg>
<arg>WS</arg>
<arg>XK</arg>
<arg>YE</arg>
<arg>YT</arg>
<arg>ZA</arg>
<arg>ZM</arg>
<arg>ZW</arg>
<doc>Returns a list containing given items.</doc>
<status status="PASS" start="2024-05-31T10:15:39.957848" elapsed="0.000626"/>
</kw>
<kw name="List Should Contain Value" owner="Collections">
<msg time="2024-05-31T10:15:39.959461" level="INFO">False</msg>
<arg>${list_country}</arg>
<arg>${name_country}</arg>
<doc>Fails if the ``value`` is not found from ``list``.</doc>
<status status="PASS" start="2024-05-31T10:15:39.959259" elapsed="0.000238"/>
</kw>
<kw name="Run Keyword If" owner="BuiltIn">
<kw name="Should Be True" owner="BuiltIn">
<arg>${True}</arg>
<doc>Fails if the given condition is not true.</doc>
<status status="PASS" start="2024-05-31T10:15:39.960577" elapsed="0.000144"/>
</kw>
<arg>${json_data["results"][0]["location"]["coordinates"]["latitude"]} &gt;= -90 and ${json_data["results"][0]["location"]["coordinates"]["latitude"]} &lt;= 90</arg>
<arg>Should Be True</arg>
<arg>${True}</arg>
<doc>Runs the given keyword with the given arguments, if ``condition`` is true.</doc>
<status status="PASS" start="2024-05-31T10:15:39.959806" elapsed="0.001040"/>
</kw>
<kw name="Run Keyword If" owner="BuiltIn">
<kw name="Should Be True" owner="BuiltIn">
<arg>${True}</arg>
<doc>Fails if the given condition is not true.</doc>
<status status="PASS" start="2024-05-31T10:15:39.961739" elapsed="0.000140"/>
</kw>
<arg>${json_data["results"][0]["location"]["coordinates"]["longitude"]} &gt;= -180 and ${json_data["results"][0]["location"]["coordinates"]["longitude"]} &lt;= 180</arg>
<arg>Should Be True</arg>
<arg>${True}</arg>
<doc>Runs the given keyword with the given arguments, if ``condition`` is true.</doc>
<status status="PASS" start="2024-05-31T10:15:39.961039" elapsed="0.000964"/>
</kw>
<status status="PASS" start="2024-05-31T10:15:39.858806" elapsed="0.103326"/>
</kw>
<doc>Testa o conteúdo específico dos campos retornados pela API.</doc>
<tag>testeConteudo</tag>
<status status="PASS" start="2024-05-31T10:15:39.858111" elapsed="0.104167"/>
</test>
<status status="PASS" start="2024-05-31T10:15:39.025281" elapsed="0.938959"/>
</suite>
<status status="PASS" start="2024-05-31T10:15:39.011829" elapsed="0.957574"/>
</suite>
<statistics>
<total>
<stat pass="5" fail="0" skip="0">All Tests</stat>
</total>
<tag>
<stat pass="1" fail="0" skip="0">testeConteudo</stat>
<stat pass="1" fail="0" skip="0">testeEstruturaResposta</stat>
<stat pass="1" fail="0" skip="0">testeRequisicaoBasica</stat>
<stat pass="1" fail="0" skip="0">testeTiposDados</stat>
</tag>
<suite>
<stat pass="5" fail="0" skip="0" id="s1" name="Tests">Tests</stat>
<stat pass="5" fail="0" skip="0" id="s1-s1" name="Random-User-Test">Tests.Random-User-Test</stat>
</suite>
</statistics>
<errors>
</errors>
</robot>
