<?xml version="1.0" encoding="UTF-8"?>
<robot generator="Robot 7.0.1 (Python 3.12.4 on linux)" generated="2024-06-20T16:19:47.418448" rpa="false" schemaversion="5">
<suite id="s1" name="Tests" source="/home/runner/work/ApiRandomUser/ApiRandomUser/RamdonUser/tests">
<suite id="s1-s1" name="Random-User-Test" source="/home/runner/work/ApiRandomUser/ApiRandomUser/RamdonUser/tests/random-user-test.robot">
<test id="s1-s1-t1" name="Conectar" line="13">
<kw name="Conectar API" owner="random-user-service">
<kw name="Create Session" owner="RequestsLibrary">
<msg time="2024-06-20T16:19:47.816288" level="INFO">Creating Session using : alias=consultarAPI, url=https://randomuser.me/, headers={},                     cookies={}, auth=None, timeout=None, proxies=None, verify=False,                     debug=0 </msg>
<arg>consultarAPI</arg>
<arg>${URL}</arg>
<doc>Create Session: create a HTTP session to a server</doc>
<status status="PASS" start="2024-06-20T16:19:47.816072" elapsed="0.000382"/>
</kw>
<status status="PASS" start="2024-06-20T16:19:47.815018" elapsed="0.001788"/>
</kw>
<status status="PASS" start="2024-06-20T16:19:47.814474" elapsed="0.002519"/>
</test>
<test id="s1-s1-t2" name="Validar retorno 200 e JSON Válido" line="16">
<kw name="Teste de Requisicao Basica" owner="random-user-service">
<kw name="GET On Session" owner="RequestsLibrary">
<msg time="2024-06-20T16:19:48.005436" level="INFO">GET Request : url=https://randomuser.me/api 
 path_url=/api 
 headers={'User-Agent': 'python-requests/2.32.3', 'Accept-Encoding': 'gzip, deflate', 'Accept': '*/*', 'Connection': 'keep-alive'} 
 body=None 
 </msg>
<msg time="2024-06-20T16:19:48.005589" level="INFO">GET Response : url=https://randomuser.me/api 
 status=200, reason=OK 
 headers={'Date': 'Thu, 20 Jun 2024 16:19:47 GMT', 'Content-Type': 'application/json; charset=utf-8', 'Transfer-Encoding': 'chunked', 'Connection': 'keep-alive', 'X-Powered-By': 'Express', 'Access-Control-Allow-Origin': '*', 'Cache-Control': 'no-cache', 'ETag': 'W/"491-75kKL6kIEq7BOIm2MHKG1LxZYiM"', 'Vary': 'Accept-Encoding', 'Content-Encoding': 'gzip', 'CF-Cache-Status': 'DYNAMIC', 'Report-To': '{"endpoints":[{"url":"https:\\/\\/a.nel.cloudflare.com\\/report\\/v4?s=bJ5NvqlJnr1FWdRWUvU0k%2F9cJ6d1uKfBpu4PUZC4McbutNMki9PM3Vyg%2B2tmfP7EialnTWZ9LviNuZf3D7CLstP4pMdyZ%2Fg0E4JAe1CwwB1PC6UUOADTAXlW0OP%2FaqSg"}],"group":"cf-nel","max_age":604800}', 'NEL': '{"success_fraction":0,"report_to":"cf-nel","max_age":604800}', 'Server': 'cloudflare', 'CF-RAY': '896d1520edbb0c88-EWR', 'alt-svc': 'h3=":443"; ma=86400'} 
 body={"results":[{"gender":"female","name":{"title":"Mrs","first":"Zahra","last":"Dalland"},"location":{"street":{"number":8056,"name":"Ivar Welles vei"},"city":"Krokeidet","state":"Trøndelag","country":"Norway","postcode":"2344","coordinates":{"latitude":"38.5969","longitude":"133.6880"},"timezone":{"offset":"+5:30","description":"Bombay, Calcutta, Madras, New Delhi"}},"email":"zahra.dalland@example.com","login":{"uuid":"f27bc66e-0604-4b23-8d27-c42cc84dbb33","username":"heavysnake353","password":"buckley","salt":"yasThmG2","md5":"dcf33f18effd52dbad7a2a1a494e60c5","sha1":"3b3db14087cdfb9ceaf922a690ab448e21983ce1","sha256":"d1236684a57bbf9189300744dcb3c2ae5d57c025acd33d838d88725f48650171"},"dob":{"date":"1954-06-04T03:25:35.945Z","age":70},"registered":{"date":"2017-12-02T10:25:48.281Z","age":6},"phone":"62877225","cell":"90853759","id":{"name":"FN","value":"04065411291"},"picture":{"large":"https://randomuser.me/api/portraits/women/73.jpg","medium":"https://randomuser.me/api/portraits/med/women/73.jpg","thumbnail":"https://randomuser.me/api/portraits/thumb/women/73.jpg"},"nat":"NO"}],"info":{"seed":"9a3eb6c2717437a8","results":1,"page":1,"version":"1.4"}} 
 </msg>
<msg time="2024-06-20T16:19:48.005672" level="INFO">/opt/hostedtoolcache/Python/3.12.4/x64/lib/python3.12/site-packages/urllib3/connectionpool.py:1099: InsecureRequestWarning: Unverified HTTPS request is being made to host 'randomuser.me'. Adding certificate verification is strongly advised. See: https://urllib3.readthedocs.io/en/latest/advanced-usage.html#tls-warnings
  warnings.warn(</msg>
<msg time="2024-06-20T16:19:48.005866" level="INFO">${response} = &lt;Response [200]&gt;</msg>
<var>${response}</var>
<arg>consultarAPI</arg>
<arg>/api</arg>
<doc>Sends a GET request on a previously created HTTP Session.</doc>
<status status="PASS" start="2024-06-20T16:19:47.819575" elapsed="0.186338"/>
</kw>
<kw name="Should Be Equal As Numbers" owner="BuiltIn">
<msg time="2024-06-20T16:19:48.006895" level="INFO">Argument types are:
&lt;class 'int'&gt;
&lt;class 'str'&gt;</msg>
<arg>${response.status_code}</arg>
<arg>200</arg>
<doc>Fails if objects are unequal after converting them to real numbers.</doc>
<status status="PASS" start="2024-06-20T16:19:48.006436" elapsed="0.000532"/>
</kw>
<kw name="Log" owner="BuiltIn">
<msg time="2024-06-20T16:19:48.007642" level="INFO">200</msg>
<arg>${response.status_code}</arg>
<doc>Logs the given message with the given level.</doc>
<status status="PASS" start="2024-06-20T16:19:48.007294" elapsed="0.000391"/>
</kw>
<kw name="Set Variable" owner="BuiltIn">
<msg time="2024-06-20T16:19:48.008484" level="INFO">${json_data} = {'results': [{'gender': 'female', 'name': {'title': 'Mrs', 'first': 'Zahra', 'last': 'Dalland'}, 'location': {'street': {'number': 8056, 'name': 'Ivar Welles vei'}, 'city': 'Krokeidet', 'state': 'Trøn...</msg>
<var>${json_data}</var>
<arg>${response.json()}</arg>
<doc>Returns the given values which can then be assigned to a variables.</doc>
<status status="PASS" start="2024-06-20T16:19:48.008026" elapsed="0.000487"/>
</kw>
<kw name="Dictionary Should Contain Key" owner="Collections">
<arg>${json_data}</arg>
<arg>results</arg>
<doc>Fails if ``key`` is not found from ``dictionary``.</doc>
<status status="PASS" start="2024-06-20T16:19:48.008817" elapsed="0.000167"/>
</kw>
<status status="PASS" start="2024-06-20T16:19:47.819330" elapsed="0.189808"/>
</kw>
<doc>Testa se a API responde corretamente e retorna um objeto JSON válido.</doc>
<tag>testeRequisicaoBasica</tag>
<status status="PASS" start="2024-06-20T16:19:47.818875" elapsed="0.190442"/>
</test>
<test id="s1-s1-t3" name="Validar estrutura de resposta" line="22">
<kw name="Teste de Estrutura de Resposta" owner="random-user-service">
<kw name="GET On Session" owner="RequestsLibrary">
<msg time="2024-06-20T16:19:48.120656" level="INFO">GET Request : url=https://randomuser.me/api 
 path_url=/api 
 headers={'User-Agent': 'python-requests/2.32.3', 'Accept-Encoding': 'gzip, deflate', 'Accept': '*/*', 'Connection': 'keep-alive'} 
 body=None 
 </msg>
<msg time="2024-06-20T16:19:48.120728" level="INFO">GET Response : url=https://randomuser.me/api 
 status=200, reason=OK 
 headers={'Date': 'Thu, 20 Jun 2024 16:19:48 GMT', 'Content-Type': 'application/json; charset=utf-8', 'Transfer-Encoding': 'chunked', 'Connection': 'keep-alive', 'X-Powered-By': 'Express', 'Access-Control-Allow-Origin': '*', 'Cache-Control': 'no-cache', 'ETag': 'W/"4b5-sBcS9TZETxT4DqEqof7SO8prqD4"', 'Vary': 'Accept-Encoding', 'Content-Encoding': 'gzip', 'CF-Cache-Status': 'DYNAMIC', 'Report-To': '{"endpoints":[{"url":"https:\\/\\/a.nel.cloudflare.com\\/report\\/v4?s=r56VC4QmQ9ilQoiGNZEXxsSnOn5k%2BrxtTGR7daFLRtj%2FkyVJa%2FGOlnw6l1a8N99PxXCkK0JdkNQXzu6iaJfSH8p1aQPxHM14ds2eQ%2FDdXEQr0oW9xOj4RJDtamR%2F1T2u"}],"group":"cf-nel","max_age":604800}', 'NEL': '{"success_fraction":0,"report_to":"cf-nel","max_age":604800}', 'Server': 'cloudflare', 'CF-RAY': '896d15211e000c88-EWR', 'alt-svc': 'h3=":443"; ma=86400'} 
 body={"results":[{"gender":"female","name":{"title":"Miss","first":"Sandra","last":"Meunier"},"location":{"street":{"number":4030,"name":"Rue Docteur-Bonhomme"},"city":"Marseille","state":"Côtes-D'Armor","country":"France","postcode":11511,"coordinates":{"latitude":"-13.3436","longitude":"141.0500"},"timezone":{"offset":"+3:00","description":"Baghdad, Riyadh, Moscow, St. Petersburg"}},"email":"sandra.meunier@example.com","login":{"uuid":"ea386c73-08d0-4227-9e05-8f9b2e42f6d4","username":"goldenleopard980","password":"1994","salt":"HYbjjCv4","md5":"438f566979021c22596ffd46049830f1","sha1":"ca17624a61371f9d39268d23cc6c7b35b109c004","sha256":"cc0bf3b4d534bf55846d46c924df757cbb164df3c0cee5b42dc226aa272e4444"},"dob":{"date":"1976-10-26T02:10:41.850Z","age":47},"registered":{"date":"2016-02-28T20:04:42.641Z","age":8},"phone":"05-21-94-82-93","cell":"06-01-95-73-73","id":{"name":"INSEE","value":"2760952783198 37"},"picture":{"large":"https://randomuser.me/api/portraits/women/15.jpg","medium":"https://randomuser.me/api/portraits/med/women/15.jpg","thumbnail":"https://randomuser.me/api/portraits/thumb/women/15.jpg"},"nat":"FR"}],"info":{"seed":"258174261243631a","results":1,"page":1,"version":"1.4"}} 
 </msg>
<msg time="2024-06-20T16:19:48.120837" level="INFO">/opt/hostedtoolcache/Python/3.12.4/x64/lib/python3.12/site-packages/urllib3/connectionpool.py:1099: InsecureRequestWarning: Unverified HTTPS request is being made to host 'randomuser.me'. Adding certificate verification is strongly advised. See: https://urllib3.readthedocs.io/en/latest/advanced-usage.html#tls-warnings
  warnings.warn(</msg>
<msg time="2024-06-20T16:19:48.120954" level="INFO">${response} = &lt;Response [200]&gt;</msg>
<var>${response}</var>
<arg>consultarAPI</arg>
<arg>/api</arg>
<doc>Sends a GET request on a previously created HTTP Session.</doc>
<status status="PASS" start="2024-06-20T16:19:48.012597" elapsed="0.108399"/>
</kw>
<kw name="Set Variable" owner="BuiltIn">
<msg time="2024-06-20T16:19:48.121865" level="INFO">${json_data} = {'results': [{'gender': 'female', 'name': {'title': 'Miss', 'first': 'Sandra', 'last': 'Meunier'}, 'location': {'street': {'number': 4030, 'name': 'Rue Docteur-Bonhomme'}, 'city': 'Marseille', 'state'...</msg>
<var>${json_data}</var>
<arg>${response.json()}</arg>
<doc>Returns the given values which can then be assigned to a variables.</doc>
<status status="PASS" start="2024-06-20T16:19:48.121397" elapsed="0.000497"/>
</kw>
<kw name="Log" owner="BuiltIn">
<msg time="2024-06-20T16:19:48.122367" level="INFO">{'results': [{'gender': 'female', 'name': {'title': 'Miss', 'first': 'Sandra', 'last': 'Meunier'}, 'location': {'street': {'number': 4030, 'name': 'Rue Docteur-Bonhomme'}, 'city': 'Marseille', 'state': "Côtes-D'Armor", 'country': 'France', 'postcode': 11511, 'coordinates': {'latitude': '-13.3436', 'longitude': '141.0500'}, 'timezone': {'offset': '+3:00', 'description': 'Baghdad, Riyadh, Moscow, St. Petersburg'}}, 'email': 'sandra.meunier@example.com', 'login': {'uuid': 'ea386c73-08d0-4227-9e05-8f9b2e42f6d4', 'username': 'goldenleopard980', 'password': '1994', 'salt': 'HYbjjCv4', 'md5': '438f566979021c22596ffd46049830f1', 'sha1': 'ca17624a61371f9d39268d23cc6c7b35b109c004', 'sha256': 'cc0bf3b4d534bf55846d46c924df757cbb164df3c0cee5b42dc226aa272e4444'}, 'dob': {'date': '1976-10-26T02:10:41.850Z', 'age': 47}, 'registered': {'date': '2016-02-28T20:04:42.641Z', 'age': 8}, 'phone': '05-21-94-82-93', 'cell': '06-01-95-73-73', 'id': {'name': 'INSEE', 'value': '2760952783198 37'}, 'picture': {'large': 'https://randomuser.me/api/portraits/women/15.jpg', 'medium': 'https://randomuser.me/api/portraits/med/women/15.jpg', 'thumbnail': 'https://randomuser.me/api/portraits/thumb/women/15.jpg'}, 'nat': 'FR'}], 'info': {'seed': '258174261243631a', 'results': 1, 'page': 1, 'version': '1.4'}}</msg>
<arg>${json_data}</arg>
<doc>Logs the given message with the given level.</doc>
<status status="PASS" start="2024-06-20T16:19:48.122207" elapsed="0.000216"/>
</kw>
<kw name="Dictionary Should Contain Key" owner="Collections">
<arg>${json_data}</arg>
<arg>results</arg>
<doc>Fails if ``key`` is not found from ``dictionary``.</doc>
<status status="PASS" start="2024-06-20T16:19:48.122722" elapsed="0.000159"/>
</kw>
<kw name="Should Not Be Empty" owner="BuiltIn">
<msg time="2024-06-20T16:19:48.123189" level="INFO">Length is 2.</msg>
<arg>${json_data}</arg>
<doc>Verifies that the given item is not empty.</doc>
<status status="PASS" start="2024-06-20T16:19:48.123063" elapsed="0.000165"/>
</kw>
<kw name="Create List" owner="BuiltIn">
<msg time="2024-06-20T16:19:48.123808" level="INFO">${expected_keys} = ['gender', 'name', 'location', 'email', 'login']</msg>
<var>${expected_keys}</var>
<arg>gender</arg>
<arg>name</arg>
<arg>location</arg>
<arg>email</arg>
<arg>login</arg>
<doc>Returns a list containing given items.</doc>
<status status="PASS" start="2024-06-20T16:19:48.123519" elapsed="0.000313"/>
</kw>
<for flavor="IN">
<iter>
<kw name="Dictionary Should Contain Key" owner="Collections">
<arg>${json_data['results'][0]}</arg>
<arg>${key}</arg>
<doc>Fails if ``key`` is not found from ``dictionary``.</doc>
<status status="PASS" start="2024-06-20T16:19:48.124468" elapsed="0.000401"/>
</kw>
<kw name="Log" owner="BuiltIn">
<msg time="2024-06-20T16:19:48.125441" level="INFO">{'gender': 'female', 'name': {'title': 'Miss', 'first': 'Sandra', 'last': 'Meunier'}, 'location': {'street': {'number': 4030, 'name': 'Rue Docteur-Bonhomme'}, 'city': 'Marseille', 'state': "Côtes-D'Armor", 'country': 'France', 'postcode': 11511, 'coordinates': {'latitude': '-13.3436', 'longitude': '141.0500'}, 'timezone': {'offset': '+3:00', 'description': 'Baghdad, Riyadh, Moscow, St. Petersburg'}}, 'email': 'sandra.meunier@example.com', 'login': {'uuid': 'ea386c73-08d0-4227-9e05-8f9b2e42f6d4', 'username': 'goldenleopard980', 'password': '1994', 'salt': 'HYbjjCv4', 'md5': '438f566979021c22596ffd46049830f1', 'sha1': 'ca17624a61371f9d39268d23cc6c7b35b109c004', 'sha256': 'cc0bf3b4d534bf55846d46c924df757cbb164df3c0cee5b42dc226aa272e4444'}, 'dob': {'date': '1976-10-26T02:10:41.850Z', 'age': 47}, 'registered': {'date': '2016-02-28T20:04:42.641Z', 'age': 8}, 'phone': '05-21-94-82-93', 'cell': '06-01-95-73-73', 'id': {'name': 'INSEE', 'value': '2760952783198 37'}, 'picture': {'large': 'https://randomuser.me/api/portraits/women/15.jpg', 'medium': 'https://randomuser.me/api/portraits/med/women/15.jpg', 'thumbnail': 'https://randomuser.me/api/portraits/thumb/women/15.jpg'}, 'nat': 'FR'}</msg>
<arg>${json_data['results'][0]}</arg>
<doc>Logs the given message with the given level.</doc>
<status status="PASS" start="2024-06-20T16:19:48.125061" elapsed="0.000429"/>
</kw>
<kw name="Log" owner="BuiltIn">
<msg time="2024-06-20T16:19:48.125920" level="INFO">gender</msg>
<arg>${key}</arg>
<doc>Logs the given message with the given level.</doc>
<status status="PASS" start="2024-06-20T16:19:48.125790" elapsed="0.000168"/>
</kw>
<var name="${key}">gender</var>
<status status="PASS" start="2024-06-20T16:19:48.124344" elapsed="0.001834"/>
</iter>
<iter>
<kw name="Dictionary Should Contain Key" owner="Collections">
<arg>${json_data['results'][0]}</arg>
<arg>${key}</arg>
<doc>Fails if ``key`` is not found from ``dictionary``.</doc>
<status status="PASS" start="2024-06-20T16:19:48.126474" elapsed="0.000388"/>
</kw>
<kw name="Log" owner="BuiltIn">
<msg time="2024-06-20T16:19:48.127438" level="INFO">{'gender': 'female', 'name': {'title': 'Miss', 'first': 'Sandra', 'last': 'Meunier'}, 'location': {'street': {'number': 4030, 'name': 'Rue Docteur-Bonhomme'}, 'city': 'Marseille', 'state': "Côtes-D'Armor", 'country': 'France', 'postcode': 11511, 'coordinates': {'latitude': '-13.3436', 'longitude': '141.0500'}, 'timezone': {'offset': '+3:00', 'description': 'Baghdad, Riyadh, Moscow, St. Petersburg'}}, 'email': 'sandra.meunier@example.com', 'login': {'uuid': 'ea386c73-08d0-4227-9e05-8f9b2e42f6d4', 'username': 'goldenleopard980', 'password': '1994', 'salt': 'HYbjjCv4', 'md5': '438f566979021c22596ffd46049830f1', 'sha1': 'ca17624a61371f9d39268d23cc6c7b35b109c004', 'sha256': 'cc0bf3b4d534bf55846d46c924df757cbb164df3c0cee5b42dc226aa272e4444'}, 'dob': {'date': '1976-10-26T02:10:41.850Z', 'age': 47}, 'registered': {'date': '2016-02-28T20:04:42.641Z', 'age': 8}, 'phone': '05-21-94-82-93', 'cell': '06-01-95-73-73', 'id': {'name': 'INSEE', 'value': '2760952783198 37'}, 'picture': {'large': 'https://randomuser.me/api/portraits/women/15.jpg', 'medium': 'https://randomuser.me/api/portraits/med/women/15.jpg', 'thumbnail': 'https://randomuser.me/api/portraits/thumb/women/15.jpg'}, 'nat': 'FR'}</msg>
<arg>${json_data['results'][0]}</arg>
<doc>Logs the given message with the given level.</doc>
<status status="PASS" start="2024-06-20T16:19:48.127076" elapsed="0.000413"/>
</kw>
<kw name="Log" owner="BuiltIn">
<msg time="2024-06-20T16:19:48.127913" level="INFO">name</msg>
<arg>${key}</arg>
<doc>Logs the given message with the given level.</doc>
<status status="PASS" start="2024-06-20T16:19:48.127786" elapsed="0.000164"/>
</kw>
<var name="${key}">name</var>
<status status="PASS" start="2024-06-20T16:19:48.126364" elapsed="0.001825"/>
</iter>
<iter>
<kw name="Dictionary Should Contain Key" owner="Collections">
<arg>${json_data['results'][0]}</arg>
<arg>${key}</arg>
<doc>Fails if ``key`` is not found from ``dictionary``.</doc>
<status status="PASS" start="2024-06-20T16:19:48.128472" elapsed="0.000384"/>
</kw>
<kw name="Log" owner="BuiltIn">
<msg time="2024-06-20T16:19:48.129391" level="INFO">{'gender': 'female', 'name': {'title': 'Miss', 'first': 'Sandra', 'last': 'Meunier'}, 'location': {'street': {'number': 4030, 'name': 'Rue Docteur-Bonhomme'}, 'city': 'Marseille', 'state': "Côtes-D'Armor", 'country': 'France', 'postcode': 11511, 'coordinates': {'latitude': '-13.3436', 'longitude': '141.0500'}, 'timezone': {'offset': '+3:00', 'description': 'Baghdad, Riyadh, Moscow, St. Petersburg'}}, 'email': 'sandra.meunier@example.com', 'login': {'uuid': 'ea386c73-08d0-4227-9e05-8f9b2e42f6d4', 'username': 'goldenleopard980', 'password': '1994', 'salt': 'HYbjjCv4', 'md5': '438f566979021c22596ffd46049830f1', 'sha1': 'ca17624a61371f9d39268d23cc6c7b35b109c004', 'sha256': 'cc0bf3b4d534bf55846d46c924df757cbb164df3c0cee5b42dc226aa272e4444'}, 'dob': {'date': '1976-10-26T02:10:41.850Z', 'age': 47}, 'registered': {'date': '2016-02-28T20:04:42.641Z', 'age': 8}, 'phone': '05-21-94-82-93', 'cell': '06-01-95-73-73', 'id': {'name': 'INSEE', 'value': '2760952783198 37'}, 'picture': {'large': 'https://randomuser.me/api/portraits/women/15.jpg', 'medium': 'https://randomuser.me/api/portraits/med/women/15.jpg', 'thumbnail': 'https://randomuser.me/api/portraits/thumb/women/15.jpg'}, 'nat': 'FR'}</msg>
<arg>${json_data['results'][0]}</arg>
<doc>Logs the given message with the given level.</doc>
<status status="PASS" start="2024-06-20T16:19:48.129034" elapsed="0.000408"/>
</kw>
<kw name="Log" owner="BuiltIn">
<msg time="2024-06-20T16:19:48.129857" level="INFO">location</msg>
<arg>${key}</arg>
<doc>Logs the given message with the given level.</doc>
<status status="PASS" start="2024-06-20T16:19:48.129733" elapsed="0.000161"/>
</kw>
<var name="${key}">location</var>
<status status="PASS" start="2024-06-20T16:19:48.128365" elapsed="0.001741"/>
</iter>
<iter>
<kw name="Dictionary Should Contain Key" owner="Collections">
<arg>${json_data['results'][0]}</arg>
<arg>${key}</arg>
<doc>Fails if ``key`` is not found from ``dictionary``.</doc>
<status status="PASS" start="2024-06-20T16:19:48.130391" elapsed="0.000372"/>
</kw>
<kw name="Log" owner="BuiltIn">
<msg time="2024-06-20T16:19:48.131301" level="INFO">{'gender': 'female', 'name': {'title': 'Miss', 'first': 'Sandra', 'last': 'Meunier'}, 'location': {'street': {'number': 4030, 'name': 'Rue Docteur-Bonhomme'}, 'city': 'Marseille', 'state': "Côtes-D'Armor", 'country': 'France', 'postcode': 11511, 'coordinates': {'latitude': '-13.3436', 'longitude': '141.0500'}, 'timezone': {'offset': '+3:00', 'description': 'Baghdad, Riyadh, Moscow, St. Petersburg'}}, 'email': 'sandra.meunier@example.com', 'login': {'uuid': 'ea386c73-08d0-4227-9e05-8f9b2e42f6d4', 'username': 'goldenleopard980', 'password': '1994', 'salt': 'HYbjjCv4', 'md5': '438f566979021c22596ffd46049830f1', 'sha1': 'ca17624a61371f9d39268d23cc6c7b35b109c004', 'sha256': 'cc0bf3b4d534bf55846d46c924df757cbb164df3c0cee5b42dc226aa272e4444'}, 'dob': {'date': '1976-10-26T02:10:41.850Z', 'age': 47}, 'registered': {'date': '2016-02-28T20:04:42.641Z', 'age': 8}, 'phone': '05-21-94-82-93', 'cell': '06-01-95-73-73', 'id': {'name': 'INSEE', 'value': '2760952783198 37'}, 'picture': {'large': 'https://randomuser.me/api/portraits/women/15.jpg', 'medium': 'https://randomuser.me/api/portraits/med/women/15.jpg', 'thumbnail': 'https://randomuser.me/api/portraits/thumb/women/15.jpg'}, 'nat': 'FR'}</msg>
<arg>${json_data['results'][0]}</arg>
<doc>Logs the given message with the given level.</doc>
<status status="PASS" start="2024-06-20T16:19:48.130946" elapsed="0.000408"/>
</kw>
<kw name="Log" owner="BuiltIn">
<msg time="2024-06-20T16:19:48.131778" level="INFO">email</msg>
<arg>${key}</arg>
<doc>Logs the given message with the given level.</doc>
<status status="PASS" start="2024-06-20T16:19:48.131652" elapsed="0.000162"/>
</kw>
<var name="${key}">email</var>
<status status="PASS" start="2024-06-20T16:19:48.130281" elapsed="0.001783"/>
</iter>
<iter>
<kw name="Dictionary Should Contain Key" owner="Collections">
<arg>${json_data['results'][0]}</arg>
<arg>${key}</arg>
<doc>Fails if ``key`` is not found from ``dictionary``.</doc>
<status status="PASS" start="2024-06-20T16:19:48.132346" elapsed="0.000384"/>
</kw>
<kw name="Log" owner="BuiltIn">
<msg time="2024-06-20T16:19:48.133257" level="INFO">{'gender': 'female', 'name': {'title': 'Miss', 'first': 'Sandra', 'last': 'Meunier'}, 'location': {'street': {'number': 4030, 'name': 'Rue Docteur-Bonhomme'}, 'city': 'Marseille', 'state': "Côtes-D'Armor", 'country': 'France', 'postcode': 11511, 'coordinates': {'latitude': '-13.3436', 'longitude': '141.0500'}, 'timezone': {'offset': '+3:00', 'description': 'Baghdad, Riyadh, Moscow, St. Petersburg'}}, 'email': 'sandra.meunier@example.com', 'login': {'uuid': 'ea386c73-08d0-4227-9e05-8f9b2e42f6d4', 'username': 'goldenleopard980', 'password': '1994', 'salt': 'HYbjjCv4', 'md5': '438f566979021c22596ffd46049830f1', 'sha1': 'ca17624a61371f9d39268d23cc6c7b35b109c004', 'sha256': 'cc0bf3b4d534bf55846d46c924df757cbb164df3c0cee5b42dc226aa272e4444'}, 'dob': {'date': '1976-10-26T02:10:41.850Z', 'age': 47}, 'registered': {'date': '2016-02-28T20:04:42.641Z', 'age': 8}, 'phone': '05-21-94-82-93', 'cell': '06-01-95-73-73', 'id': {'name': 'INSEE', 'value': '2760952783198 37'}, 'picture': {'large': 'https://randomuser.me/api/portraits/women/15.jpg', 'medium': 'https://randomuser.me/api/portraits/med/women/15.jpg', 'thumbnail': 'https://randomuser.me/api/portraits/thumb/women/15.jpg'}, 'nat': 'FR'}</msg>
<arg>${json_data['results'][0]}</arg>
<doc>Logs the given message with the given level.</doc>
<status status="PASS" start="2024-06-20T16:19:48.132911" elapsed="0.000396"/>
</kw>
<kw name="Log" owner="BuiltIn">
<msg time="2024-06-20T16:19:48.133728" level="INFO">login</msg>
<arg>${key}</arg>
<doc>Logs the given message with the given level.</doc>
<status status="PASS" start="2024-06-20T16:19:48.133602" elapsed="0.000164"/>
</kw>
<var name="${key}">login</var>
<status status="PASS" start="2024-06-20T16:19:48.132238" elapsed="0.001743"/>
</iter>
<var>${key}</var>
<value>@{expected_keys}</value>
<status status="PASS" start="2024-06-20T16:19:48.124146" elapsed="0.009979"/>
</for>
<kw name="Create List" owner="BuiltIn">
<msg time="2024-06-20T16:19:48.134464" level="INFO">${expected_keysTwo} = ['username', 'password']</msg>
<var>${expected_keysTwo}</var>
<arg>username</arg>
<arg>password</arg>
<doc>Returns a list containing given items.</doc>
<status status="PASS" start="2024-06-20T16:19:48.134329" elapsed="0.000158"/>
</kw>
<for flavor="IN">
<iter>
<kw name="Dictionary Should Contain Key" owner="Collections">
<arg>${json_data['results'][0]['login']}</arg>
<arg>${keyTwo}</arg>
<doc>Fails if ``key`` is not found from ``dictionary``.</doc>
<status status="PASS" start="2024-06-20T16:19:48.134973" elapsed="0.000379"/>
</kw>
<kw name="Dictionary Should Contain Key" owner="Collections">
<arg>${json_data['results'][0]['login']}</arg>
<arg>${keyTwo}</arg>
<doc>Fails if ``key`` is not found from ``dictionary``.</doc>
<status status="PASS" start="2024-06-20T16:19:48.135535" elapsed="0.000365"/>
</kw>
<kw name="Log" owner="BuiltIn">
<msg time="2024-06-20T16:19:48.136254" level="INFO">username</msg>
<arg>${keyTwo}</arg>
<doc>Logs the given message with the given level.</doc>
<status status="PASS" start="2024-06-20T16:19:48.136133" elapsed="0.000159"/>
</kw>
<var name="${keyTwo}">username</var>
<status status="PASS" start="2024-06-20T16:19:48.134868" elapsed="0.001643"/>
</iter>
<iter>
<kw name="Dictionary Should Contain Key" owner="Collections">
<arg>${json_data['results'][0]['login']}</arg>
<arg>${keyTwo}</arg>
<doc>Fails if ``key`` is not found from ``dictionary``.</doc>
<status status="PASS" start="2024-06-20T16:19:48.136782" elapsed="0.000383"/>
</kw>
<kw name="Dictionary Should Contain Key" owner="Collections">
<arg>${json_data['results'][0]['login']}</arg>
<arg>${keyTwo}</arg>
<doc>Fails if ``key`` is not found from ``dictionary``.</doc>
<status status="PASS" start="2024-06-20T16:19:48.137341" elapsed="0.000372"/>
</kw>
<kw name="Log" owner="BuiltIn">
<msg time="2024-06-20T16:19:48.138004" level="INFO">password</msg>
<arg>${keyTwo}</arg>
<doc>Logs the given message with the given level.</doc>
<status status="PASS" start="2024-06-20T16:19:48.137887" elapsed="0.000154"/>
</kw>
<var name="${keyTwo}">password</var>
<status status="PASS" start="2024-06-20T16:19:48.136677" elapsed="0.001671"/>
</iter>
<var>${keyTwo}</var>
<value>@{expected_keysTwo}</value>
<status status="PASS" start="2024-06-20T16:19:48.134720" elapsed="0.003747"/>
</for>
<status status="PASS" start="2024-06-20T16:19:48.012349" elapsed="0.126257"/>
</kw>
<doc>Testa a estrutura da resposta da API.</doc>
<tag>testeEstruturaResposta</tag>
<status status="PASS" start="2024-06-20T16:19:48.011607" elapsed="0.127146"/>
</test>
<test id="s1-s1-t4" name="Validar tipos de dados" line="28">
<kw name="Teste de Tipos de Dados" owner="random-user-service">
<kw name="GET On Session" owner="RequestsLibrary">
<msg time="2024-06-20T16:19:48.209827" level="INFO">GET Request : url=https://randomuser.me/api 
 path_url=/api 
 headers={'User-Agent': 'python-requests/2.32.3', 'Accept-Encoding': 'gzip, deflate', 'Accept': '*/*', 'Connection': 'keep-alive'} 
 body=None 
 </msg>
<msg time="2024-06-20T16:19:48.209894" level="INFO">GET Response : url=https://randomuser.me/api 
 status=200, reason=OK 
 headers={'Date': 'Thu, 20 Jun 2024 16:19:48 GMT', 'Content-Type': 'application/json; charset=utf-8', 'Transfer-Encoding': 'chunked', 'Connection': 'keep-alive', 'X-Powered-By': 'Express', 'Access-Control-Allow-Origin': '*', 'Cache-Control': 'no-cache', 'ETag': 'W/"48f-SkWp7dRZuN1akZ8bIcIUB+0Wt6M"', 'Vary': 'Accept-Encoding', 'Content-Encoding': 'gzip', 'CF-Cache-Status': 'DYNAMIC', 'Report-To': '{"endpoints":[{"url":"https:\\/\\/a.nel.cloudflare.com\\/report\\/v4?s=VzOsIAdN06KsF3BM%2F0h99x9E3R0%2FZlOQo5W8Y3e9s5X%2F0WaC3wPsnYeItx5sJPBpLKLCy5YQHsIyMBcsboKoRM7kWGmkhQpNGIVADufxLreFwVn5Xu%2FKD%2B5kBmp%2B%2BnxW"}],"group":"cf-nel","max_age":604800}', 'NEL': '{"success_fraction":0,"report_to":"cf-nel","max_age":604800}', 'Server': 'cloudflare', 'CF-RAY': '896d1521ef0d0c88-EWR', 'alt-svc': 'h3=":443"; ma=86400'} 
 body={"results":[{"gender":"female","name":{"title":"Miss","first":"Nadia","last":"Arguello"},"location":{"street":{"number":5565,"name":"Peatonal Arreola"},"city":"Rincón de Tamayo","state":"Tabasco","country":"Mexico","postcode":16395,"coordinates":{"latitude":"29.6361","longitude":"83.9061"},"timezone":{"offset":"-9:00","description":"Alaska"}},"email":"nadia.arguello@example.com","login":{"uuid":"b0128bad-1ef3-47f0-b6cd-72cebad4cc1c","username":"smallladybug220","password":"sentnece","salt":"67oC8aRA","md5":"a563adf63cbd3d9974a70e00a6e8a97b","sha1":"5ef3aacf550ea68947fb662fee6ec2b6ac5caa91","sha256":"c3363970ce1490abab8a0a3f44baf04b11f0c51295d24970d00e5edefc627719"},"dob":{"date":"1989-09-26T10:26:20.510Z","age":34},"registered":{"date":"2020-03-16T00:24:36.807Z","age":4},"phone":"(668) 277 1736","cell":"(680) 815 6933","id":{"name":"NSS","value":"00 16 96 8329 6"},"picture":{"large":"https://randomuser.me/api/portraits/women/72.jpg","medium":"https://randomuser.me/api/portraits/med/women/72.jpg","thumbnail":"https://randomuser.me/api/portraits/thumb/women/72.jpg"},"nat":"MX"}],"info":{"seed":"91812bf32f9155e6","results":1,"page":1,"version":"1.4"}} 
 </msg>
<msg time="2024-06-20T16:19:48.209955" level="INFO">/opt/hostedtoolcache/Python/3.12.4/x64/lib/python3.12/site-packages/urllib3/connectionpool.py:1099: InsecureRequestWarning: Unverified HTTPS request is being made to host 'randomuser.me'. Adding certificate verification is strongly advised. See: https://urllib3.readthedocs.io/en/latest/advanced-usage.html#tls-warnings
  warnings.warn(</msg>
<msg time="2024-06-20T16:19:48.210066" level="INFO">${response} = &lt;Response [200]&gt;</msg>
<var>${response}</var>
<arg>consultarAPI</arg>
<arg>/api</arg>
<doc>Sends a GET request on a previously created HTTP Session.</doc>
<status status="PASS" start="2024-06-20T16:19:48.141129" elapsed="0.068980"/>
</kw>
<kw name="Set Variable" owner="BuiltIn">
<msg time="2024-06-20T16:19:48.210966" level="INFO">${json_data} = {'results': [{'gender': 'female', 'name': {'title': 'Miss', 'first': 'Nadia', 'last': 'Arguello'}, 'location': {'street': {'number': 5565, 'name': 'Peatonal Arreola'}, 'city': 'Rincón de Tamayo', 'sta...</msg>
<var>${json_data}</var>
<arg>${response.json()}</arg>
<doc>Returns the given values which can then be assigned to a variables.</doc>
<status status="PASS" start="2024-06-20T16:19:48.210504" elapsed="0.000490"/>
</kw>
<kw name="Log" owner="BuiltIn">
<msg time="2024-06-20T16:19:48.211446" level="INFO">{'results': [{'gender': 'female', 'name': {'title': 'Miss', 'first': 'Nadia', 'last': 'Arguello'}, 'location': {'street': {'number': 5565, 'name': 'Peatonal Arreola'}, 'city': 'Rincón de Tamayo', 'state': 'Tabasco', 'country': 'Mexico', 'postcode': 16395, 'coordinates': {'latitude': '29.6361', 'longitude': '83.9061'}, 'timezone': {'offset': '-9:00', 'description': 'Alaska'}}, 'email': 'nadia.arguello@example.com', 'login': {'uuid': 'b0128bad-1ef3-47f0-b6cd-72cebad4cc1c', 'username': 'smallladybug220', 'password': 'sentnece', 'salt': '67oC8aRA', 'md5': 'a563adf63cbd3d9974a70e00a6e8a97b', 'sha1': '5ef3aacf550ea68947fb662fee6ec2b6ac5caa91', 'sha256': 'c3363970ce1490abab8a0a3f44baf04b11f0c51295d24970d00e5edefc627719'}, 'dob': {'date': '1989-09-26T10:26:20.510Z', 'age': 34}, 'registered': {'date': '2020-03-16T00:24:36.807Z', 'age': 4}, 'phone': '(668) 277 1736', 'cell': '(680) 815 6933', 'id': {'name': 'NSS', 'value': '00 16 96 8329 6'}, 'picture': {'large': 'https://randomuser.me/api/portraits/women/72.jpg', 'medium': 'https://randomuser.me/api/portraits/med/women/72.jpg', 'thumbnail': 'https://randomuser.me/api/portraits/thumb/women/72.jpg'}, 'nat': 'MX'}], 'info': {'seed': '91812bf32f9155e6', 'results': 1, 'page': 1, 'version': '1.4'}}</msg>
<arg>${json_data}</arg>
<doc>Logs the given message with the given level.</doc>
<status status="PASS" start="2024-06-20T16:19:48.211292" elapsed="0.000202"/>
</kw>
<kw name="Should Be String" owner="String">
<arg>${json_data['results'][0]['gender']}</arg>
<doc>Fails if the given ``item`` is not a string.</doc>
<status status="PASS" start="2024-06-20T16:19:48.211788" elapsed="0.000439"/>
</kw>
<kw name="Should Match Regexp" owner="BuiltIn">
<arg>${json_data['results'][0]['email']}</arg>
<arg>^[a-zA-Z0-9._%+-]+@[a-zA-Z0-9.-]+\.[a-zA-Z]{2,}$</arg>
<doc>Fails if ``string`` does not match ``pattern`` as a regular expression.</doc>
<status status="PASS" start="2024-06-20T16:19:48.212413" elapsed="0.000515"/>
</kw>
<kw name="Should Match Regexp" owner="BuiltIn">
<arg>${json_data['results'][0]['dob']['date']}</arg>
<arg>\\d{4}-\\d{2}-\\d{2}T\\d{2}:\\d{2}:\\d{2}\\.\\d{3}Z</arg>
<doc>Fails if ``string`` does not match ``pattern`` as a regular expression.</doc>
<status status="PASS" start="2024-06-20T16:19:48.213129" elapsed="0.000480"/>
</kw>
<kw name="Should Match Regexp" owner="BuiltIn">
<arg>${json_data['results'][0]['registered']['date']}</arg>
<arg>\\d{4}-\\d{2}-\\d{2}T\\d{2}:\\d{2}:\\d{2}\\.\\d{3}Z</arg>
<doc>Fails if ``string`` does not match ``pattern`` as a regular expression.</doc>
<status status="PASS" start="2024-06-20T16:19:48.213799" elapsed="0.000366"/>
</kw>
<kw name="Should Match Regexp" owner="BuiltIn">
<arg>${json_data['results'][0]['picture']['large']}</arg>
<arg>^https?://.*\.(?:png|jpe?g|gif|bmp)$</arg>
<doc>Fails if ``string`` does not match ``pattern`` as a regular expression.</doc>
<status status="PASS" start="2024-06-20T16:19:48.214344" elapsed="0.000451"/>
</kw>
<kw name="Should Match Regexp" owner="BuiltIn">
<arg>${json_data['results'][0]['picture']['medium']}</arg>
<arg>^https?://.*\.(?:png|jpe?g|gif|bmp)$</arg>
<doc>Fails if ``string`` does not match ``pattern`` as a regular expression.</doc>
<status status="PASS" start="2024-06-20T16:19:48.214978" elapsed="0.000362"/>
</kw>
<kw name="Should Match Regexp" owner="BuiltIn">
<arg>${json_data['results'][0]['picture']['thumbnail']}</arg>
<arg>^https?://.*\.(?:png|jpe?g|gif|bmp)$</arg>
<doc>Fails if ``string`` does not match ``pattern`` as a regular expression.</doc>
<status status="PASS" start="2024-06-20T16:19:48.215519" elapsed="0.000354"/>
</kw>
<kw name="Log" owner="BuiltIn">
<msg time="2024-06-20T16:19:48.216401" level="INFO">{'large': 'https://randomuser.me/api/portraits/women/72.jpg', 'medium': 'https://randomuser.me/api/portraits/med/women/72.jpg', 'thumbnail': 'https://randomuser.me/api/portraits/thumb/women/72.jpg'}</msg>
<arg>${json_data['results'][0]['picture']}</arg>
<doc>Logs the given message with the given level.</doc>
<status status="PASS" start="2024-06-20T16:19:48.216079" elapsed="0.000364"/>
</kw>
<status status="PASS" start="2024-06-20T16:19:48.140914" elapsed="0.075780"/>
</kw>
<kw name="Teste de Tipos de Dados - Postcode" owner="random-user-service">
<kw name="GET On Session" owner="RequestsLibrary">
<msg time="2024-06-20T16:19:48.310036" level="INFO">GET Request : url=https://randomuser.me/api 
 path_url=/api 
 headers={'User-Agent': 'python-requests/2.32.3', 'Accept-Encoding': 'gzip, deflate', 'Accept': '*/*', 'Connection': 'keep-alive'} 
 body=None 
 </msg>
<msg time="2024-06-20T16:19:48.310106" level="INFO">GET Response : url=https://randomuser.me/api 
 status=200, reason=OK 
 headers={'Date': 'Thu, 20 Jun 2024 16:19:48 GMT', 'Content-Type': 'application/json; charset=utf-8', 'Transfer-Encoding': 'chunked', 'Connection': 'keep-alive', 'X-Powered-By': 'Express', 'Access-Control-Allow-Origin': '*', 'Cache-Control': 'no-cache', 'ETag': 'W/"46b-LRRj2H2K0dv0OHjURPXp/AgkeMI"', 'Vary': 'Accept-Encoding', 'Content-Encoding': 'gzip', 'CF-Cache-Status': 'DYNAMIC', 'Report-To': '{"endpoints":[{"url":"https:\\/\\/a.nel.cloudflare.com\\/report\\/v4?s=csmeQhUZESuLbNPBBe%2BFWA76vPFaCQLnoDTdLKGXQaRStVA%2F6g24%2BZf8YyDsbPXmIAfKWBOUrq0pbrgV2AtxziF1c2y9iCCottjPA%2F1YVVD3ZXEH8ace%2BHJ06ZFyAm5X"}],"group":"cf-nel","max_age":604800}', 'NEL': '{"success_fraction":0,"report_to":"cf-nel","max_age":604800}', 'Server': 'cloudflare', 'CF-RAY': '896d15226f960c88-EWR', 'alt-svc': 'h3=":443"; ma=86400'} 
 body={"results":[{"gender":"female","name":{"title":"Mrs","first":"Priska","last":"Vloh"},"location":{"street":{"number":7116,"name":"Zhmerinska"},"city":"Molochansk","state":"Ternopilska","country":"Ukraine","postcode":84250,"coordinates":{"latitude":"79.8617","longitude":"6.1812"},"timezone":{"offset":"+3:30","description":"Tehran"}},"email":"priska.vloh@example.com","login":{"uuid":"a299b58c-d3fb-4bb4-afbc-a986116886cc","username":"smallmouse633","password":"pineappl","salt":"m0STSrA9","md5":"313d03f25cfea7998fa2e4c0d1b62775","sha1":"8557b01d63c3769f05f3b8a30e15d62ec67bc1f1","sha256":"a7d7224bca5ab6b2145f13a354108d48e75ae56f0249bea592fd6df27dc37f02"},"dob":{"date":"1974-07-04T16:36:40.643Z","age":49},"registered":{"date":"2010-01-21T00:41:12.042Z","age":14},"phone":"(066) K55-3771","cell":"(066) E06-4076","id":{"name":"","value":null},"picture":{"large":"https://randomuser.me/api/portraits/women/9.jpg","medium":"https://randomuser.me/api/portraits/med/women/9.jpg","thumbnail":"https://randomuser.me/api/portraits/thumb/women/9.jpg"},"nat":"UA"}],"info":{"seed":"615513fa0fe5589c","results":1,"page":1,"version":"1.4"}} 
 </msg>
<msg time="2024-06-20T16:19:48.310166" level="INFO">/opt/hostedtoolcache/Python/3.12.4/x64/lib/python3.12/site-packages/urllib3/connectionpool.py:1099: InsecureRequestWarning: Unverified HTTPS request is being made to host 'randomuser.me'. Adding certificate verification is strongly advised. See: https://urllib3.readthedocs.io/en/latest/advanced-usage.html#tls-warnings
  warnings.warn(</msg>
<msg time="2024-06-20T16:19:48.310288" level="INFO">${response} = &lt;Response [200]&gt;</msg>
<var>${response}</var>
<arg>consultarAPI</arg>
<arg>/api</arg>
<doc>Sends a GET request on a previously created HTTP Session.</doc>
<status status="PASS" start="2024-06-20T16:19:48.217122" elapsed="0.093207"/>
</kw>
<kw name="Set Variable" owner="BuiltIn">
<msg time="2024-06-20T16:19:48.311201" level="INFO">${json_data} = {'results': [{'gender': 'female', 'name': {'title': 'Mrs', 'first': 'Priska', 'last': 'Vloh'}, 'location': {'street': {'number': 7116, 'name': 'Zhmerinska'}, 'city': 'Molochansk', 'state': 'Ternopilsk...</msg>
<var>${json_data}</var>
<arg>${response.json()}</arg>
<doc>Returns the given values which can then be assigned to a variables.</doc>
<status status="PASS" start="2024-06-20T16:19:48.310739" elapsed="0.000491"/>
</kw>
<kw name="Log" owner="BuiltIn">
<msg time="2024-06-20T16:19:48.311697" level="INFO">{'results': [{'gender': 'female', 'name': {'title': 'Mrs', 'first': 'Priska', 'last': 'Vloh'}, 'location': {'street': {'number': 7116, 'name': 'Zhmerinska'}, 'city': 'Molochansk', 'state': 'Ternopilska', 'country': 'Ukraine', 'postcode': 84250, 'coordinates': {'latitude': '79.8617', 'longitude': '6.1812'}, 'timezone': {'offset': '+3:30', 'description': 'Tehran'}}, 'email': 'priska.vloh@example.com', 'login': {'uuid': 'a299b58c-d3fb-4bb4-afbc-a986116886cc', 'username': 'smallmouse633', 'password': 'pineappl', 'salt': 'm0STSrA9', 'md5': '313d03f25cfea7998fa2e4c0d1b62775', 'sha1': '8557b01d63c3769f05f3b8a30e15d62ec67bc1f1', 'sha256': 'a7d7224bca5ab6b2145f13a354108d48e75ae56f0249bea592fd6df27dc37f02'}, 'dob': {'date': '1974-07-04T16:36:40.643Z', 'age': 49}, 'registered': {'date': '2010-01-21T00:41:12.042Z', 'age': 14}, 'phone': '(066) K55-3771', 'cell': '(066) E06-4076', 'id': {'name': '', 'value': None}, 'picture': {'large': 'https://randomuser.me/api/portraits/women/9.jpg', 'medium': 'https://randomuser.me/api/portraits/med/women/9.jpg', 'thumbnail': 'https://randomuser.me/api/portraits/thumb/women/9.jpg'}, 'nat': 'UA'}], 'info': {'seed': '615513fa0fe5589c', 'results': 1, 'page': 1, 'version': '1.4'}}</msg>
<arg>${json_data}</arg>
<doc>Logs the given message with the given level.</doc>
<status status="PASS" start="2024-06-20T16:19:48.311541" elapsed="0.000203"/>
</kw>
<kw name="Should Be Equal As Numbers" owner="BuiltIn">
<arg>${json_data['results'][0]['location']['postcode']}</arg>
<arg>${json_data['results'][0]['location']['postcode']}</arg>
<doc>Fails if objects are unequal after converting them to real numbers.</doc>
<status status="PASS" start="2024-06-20T16:19:48.312070" elapsed="0.000618"/>
</kw>
<kw name="Log" owner="BuiltIn">
<msg time="2024-06-20T16:19:48.313383" level="INFO">84250</msg>
<arg>${json_data['results'][0]['location']['postcode']}</arg>
<doc>Logs the given message with the given level.</doc>
<status status="PASS" start="2024-06-20T16:19:48.312907" elapsed="0.000516"/>
</kw>
<status status="PASS" start="2024-06-20T16:19:48.216904" elapsed="0.096834"/>
</kw>
<doc>Testa se os tipos de dados na resposta da API estão corretos.</doc>
<tag>testeTiposDados</tag>
<status status="PASS" start="2024-06-20T16:19:48.140485" elapsed="0.173417"/>
</test>
<test id="s1-s1-t5" name="Validar conteudo" line="35">
<kw name="Teste de Tipos de Conteudo" owner="random-user-service">
<kw name="GET On Session" owner="RequestsLibrary">
<msg time="2024-06-20T16:19:48.657293" level="INFO">GET Request : url=https://randomuser.me/api 
 path_url=/api 
 headers={'User-Agent': 'python-requests/2.32.3', 'Accept-Encoding': 'gzip, deflate', 'Accept': '*/*', 'Connection': 'keep-alive'} 
 body=None 
 </msg>
<msg time="2024-06-20T16:19:48.657399" level="INFO">GET Response : url=https://randomuser.me/api 
 status=200, reason=OK 
 headers={'Date': 'Thu, 20 Jun 2024 16:19:48 GMT', 'Content-Type': 'application/json; charset=utf-8', 'Transfer-Encoding': 'chunked', 'Connection': 'keep-alive', 'X-Powered-By': 'Express', 'Access-Control-Allow-Origin': '*', 'Cache-Control': 'no-cache', 'ETag': 'W/"49b-7ioDeLgKoEvQ1PUbbFIraMX5w/s"', 'Vary': 'Accept-Encoding', 'Content-Encoding': 'gzip', 'CF-Cache-Status': 'DYNAMIC', 'Report-To': '{"endpoints":[{"url":"https:\\/\\/a.nel.cloudflare.com\\/report\\/v4?s=NZWBfeyFJVNUi42P1aqSkhXocTANj9bASX1Z0gFcIi4d3xSlX5yTyr9ArveVUwd3h%2BgDn1BIttmR2Ec8J4r8Q3V0zlaHeQot%2BnBS8TkCJlxkZdy%2BF5toebPOCYEnHYM2"}],"group":"cf-nel","max_age":604800}', 'NEL': '{"success_fraction":0,"report_to":"cf-nel","max_age":604800}', 'Server': 'cloudflare', 'CF-RAY': '896d152308260c88-EWR', 'alt-svc': 'h3=":443"; ma=86400'} 
 body={"results":[{"gender":"male","name":{"title":"Mr","first":"Shawn","last":"Mcdonalid"},"location":{"street":{"number":2256,"name":"Park Lane"},"city":"Belfast","state":"Hampshire","country":"United Kingdom","postcode":"EO28 6WT","coordinates":{"latitude":"-10.9525","longitude":"-133.7709"},"timezone":{"offset":"+5:30","description":"Bombay, Calcutta, Madras, New Delhi"}},"email":"shawn.mcdonalid@example.com","login":{"uuid":"e9b39072-c45b-48f9-9975-43b05d47a174","username":"heavygoose375","password":"marriage","salt":"XtuSG9Kf","md5":"3e0c52fe60becd28be2838a03a480d0c","sha1":"91994cc21e0b47db4e75aadab37ae332cddc37c9","sha256":"c3d125c3b1a55e542491ff5d4c597e2c0eca47a5df696d217a887ec805963e34"},"dob":{"date":"1957-08-20T21:07:59.934Z","age":66},"registered":{"date":"2016-11-15T04:33:24.493Z","age":7},"phone":"015242 51025","cell":"07069 285956","id":{"name":"NINO","value":"EE 68 52 42 F"},"picture":{"large":"https://randomuser.me/api/portraits/men/5.jpg","medium":"https://randomuser.me/api/portraits/med/men/5.jpg","thumbnail":"https://randomuser.me/api/portraits/thumb/men/5.jpg"},"nat":"GB"}],"info":{"seed":"c59bd08f2efde380","results":1,"page":1,"version":"1.4"}} 
 </msg>
<msg time="2024-06-20T16:19:48.657481" level="INFO">/opt/hostedtoolcache/Python/3.12.4/x64/lib/python3.12/site-packages/urllib3/connectionpool.py:1099: InsecureRequestWarning: Unverified HTTPS request is being made to host 'randomuser.me'. Adding certificate verification is strongly advised. See: https://urllib3.readthedocs.io/en/latest/advanced-usage.html#tls-warnings
  warnings.warn(</msg>
<msg time="2024-06-20T16:19:48.657630" level="INFO">${response} = &lt;Response [200]&gt;</msg>
<var>${response}</var>
<arg>consultarAPI</arg>
<arg>/api</arg>
<doc>Sends a GET request on a previously created HTTP Session.</doc>
<status status="PASS" start="2024-06-20T16:19:48.316662" elapsed="0.341012"/>
</kw>
<kw name="Set Variable" owner="BuiltIn">
<msg time="2024-06-20T16:19:48.658651" level="INFO">${json_data} = {'results': [{'gender': 'male', 'name': {'title': 'Mr', 'first': 'Shawn', 'last': 'Mcdonalid'}, 'location': {'street': {'number': 2256, 'name': 'Park Lane'}, 'city': 'Belfast', 'state': 'Hampshire', '...</msg>
<var>${json_data}</var>
<arg>${response.json()}</arg>
<doc>Returns the given values which can then be assigned to a variables.</doc>
<status status="PASS" start="2024-06-20T16:19:48.658155" elapsed="0.000524"/>
</kw>
<kw name="Set Variable" owner="BuiltIn">
<msg time="2024-06-20T16:19:48.659356" level="INFO">${name_title} = Mr</msg>
<var>${name_title}</var>
<arg>${json_data["results"][0]["name"]["title"]}</arg>
<doc>Returns the given values which can then be assigned to a variables.</doc>
<status status="PASS" start="2024-06-20T16:19:48.658974" elapsed="0.000407"/>
</kw>
<kw name="Create List" owner="BuiltIn">
<msg time="2024-06-20T16:19:48.659831" level="INFO">${allowed_titles} = ['Mr', 'Ms', 'Miss', 'Mrs', 'Madame', 'Monsieur']</msg>
<var>${allowed_titles}</var>
<arg>Mr</arg>
<arg>Ms</arg>
<arg>Miss</arg>
<arg>Mrs</arg>
<arg>Madame</arg>
<arg>Monsieur</arg>
<doc>Returns a list containing given items.</doc>
<status status="PASS" start="2024-06-20T16:19:48.659674" elapsed="0.000182"/>
</kw>
<kw name="List Should Contain Value" owner="Collections">
<arg>${allowed_titles}</arg>
<arg>${name_title}</arg>
<doc>Fails if the ``value`` is not found from ``list``.</doc>
<status status="PASS" start="2024-06-20T16:19:48.660203" elapsed="0.000181"/>
</kw>
<kw name="Set Variable" owner="BuiltIn">
<msg time="2024-06-20T16:19:48.660951" level="INFO">${name_country} = GB</msg>
<var>${name_country}</var>
<arg>${json_data["results"][0]["nat"]}</arg>
<doc>Returns the given values which can then be assigned to a variables.</doc>
<status status="PASS" start="2024-06-20T16:19:48.660574" elapsed="0.000401"/>
</kw>
<kw name="Create List" owner="BuiltIn">
<msg time="2024-06-20T16:19:48.661858" level="INFO">${list_country} = ['AD', 'AE', 'AF', 'AG', 'AI', 'AL', 'AM', 'AO', 'AQ', 'AR', 'AS', 'AT', 'AU', 'AW', 'AX', 'AZ', 'BA', 'BB', 'BD', 'BE', 'BF', 'BG', 'BH', 'BI', 'BJ', 'BL', 'BM', 'BN', 'BO', 'BQ', 'BR', 'BS', 'BT', '...</msg>
<var>${list_country}</var>
<arg>AD</arg>
<arg>AE</arg>
<arg>AF</arg>
<arg>AG</arg>
<arg>AI</arg>
<arg>AL</arg>
<arg>AM</arg>
<arg>AO</arg>
<arg>AQ</arg>
<arg>AR</arg>
<arg>AS</arg>
<arg>AT</arg>
<arg>AU</arg>
<arg>AW</arg>
<arg>AX</arg>
<arg>AZ</arg>
<arg>BA</arg>
<arg>BB</arg>
<arg>BD</arg>
<arg>BE</arg>
<arg>BF</arg>
<arg>BG</arg>
<arg>BH</arg>
<arg>BI</arg>
<arg>BJ</arg>
<arg>BL</arg>
<arg>BM</arg>
<arg>BN</arg>
<arg>BO</arg>
<arg>BQ</arg>
<arg>BR</arg>
<arg>BS</arg>
<arg>BT</arg>
<arg>BV</arg>
<arg>BW</arg>
<arg>BY</arg>
<arg>BZ</arg>
<arg>CA</arg>
<arg>CC</arg>
<arg>CD</arg>
<arg>CF</arg>
<arg>CG</arg>
<arg>CH</arg>
<arg>CI</arg>
<arg>CK</arg>
<arg>CL</arg>
<arg>CM</arg>
<arg>CN</arg>
<arg>CO</arg>
<arg>CR</arg>
<arg>CU</arg>
<arg>CV</arg>
<arg>CW</arg>
<arg>CX</arg>
<arg>CY</arg>
<arg>CZ</arg>
<arg>DE</arg>
<arg>DJ</arg>
<arg>DK</arg>
<arg>DM</arg>
<arg>DO</arg>
<arg>DZ</arg>
<arg>EC</arg>
<arg>EE</arg>
<arg>EG</arg>
<arg>EH</arg>
<arg>ER</arg>
<arg>ES</arg>
<arg>ET</arg>
<arg>FI</arg>
<arg>FJ</arg>
<arg>FK</arg>
<arg>FM</arg>
<arg>FO</arg>
<arg>FR</arg>
<arg>GA</arg>
<arg>GB</arg>
<arg>GD</arg>
<arg>GE</arg>
<arg>GF</arg>
<arg>GG</arg>
<arg>GH</arg>
<arg>GI</arg>
<arg>GL</arg>
<arg>GM</arg>
<arg>GN</arg>
<arg>GP</arg>
<arg>GQ</arg>
<arg>GR</arg>
<arg>GS</arg>
<arg>GT</arg>
<arg>GU</arg>
<arg>GW</arg>
<arg>GY</arg>
<arg>HK</arg>
<arg>HM</arg>
<arg>HN</arg>
<arg>HR</arg>
<arg>HT</arg>
<arg>HU</arg>
<arg>ID</arg>
<arg>IE</arg>
<arg>IL</arg>
<arg>IM</arg>
<arg>IN</arg>
<arg>IO</arg>
<arg>IQ</arg>
<arg>IR</arg>
<arg>IS</arg>
<arg>IT</arg>
<arg>JE</arg>
<arg>JM</arg>
<arg>JO</arg>
<arg>JP</arg>
<arg>KE</arg>
<arg>KG</arg>
<arg>KH</arg>
<arg>KI</arg>
<arg>KM</arg>
<arg>KN</arg>
<arg>KP</arg>
<arg>KR</arg>
<arg>KW</arg>
<arg>KY</arg>
<arg>KZ</arg>
<arg>LA</arg>
<arg>LB</arg>
<arg>LC</arg>
<arg>LI</arg>
<arg>LK</arg>
<arg>LR</arg>
<arg>LS</arg>
<arg>LT</arg>
<arg>LU</arg>
<arg>LV</arg>
<arg>LY</arg>
<arg>MA</arg>
<arg>MC</arg>
<arg>MD</arg>
<arg>ME</arg>
<arg>MF</arg>
<arg>MG</arg>
<arg>MH</arg>
<arg>MK</arg>
<arg>ML</arg>
<arg>MM</arg>
<arg>MN</arg>
<arg>MO</arg>
<arg>MP</arg>
<arg>MQ</arg>
<arg>MR</arg>
<arg>MS</arg>
<arg>MT</arg>
<arg>MU</arg>
<arg>MV</arg>
<arg>MW</arg>
<arg>MX</arg>
<arg>MY</arg>
<arg>MZ</arg>
<arg>NA</arg>
<arg>NC</arg>
<arg>NE</arg>
<arg>NF</arg>
<arg>NG</arg>
<arg>NI</arg>
<arg>NL</arg>
<arg>NO</arg>
<arg>NP</arg>
<arg>NR</arg>
<arg>NU</arg>
<arg>NZ</arg>
<arg>OM</arg>
<arg>PA</arg>
<arg>PE</arg>
<arg>PF</arg>
<arg>PG</arg>
<arg>PH</arg>
<arg>PK</arg>
<arg>PL</arg>
<arg>PM</arg>
<arg>PN</arg>
<arg>PR</arg>
<arg>PS</arg>
<arg>PT</arg>
<arg>PW</arg>
<arg>PY</arg>
<arg>QA</arg>
<arg>RE</arg>
<arg>RO</arg>
<arg>RS</arg>
<arg>RU</arg>
<arg>RW</arg>
<arg>SA</arg>
<arg>SB</arg>
<arg>SC</arg>
<arg>SD</arg>
<arg>SE</arg>
<arg>SG</arg>
<arg>SH</arg>
<arg>SI</arg>
<arg>SJ</arg>
<arg>SK</arg>
<arg>SL</arg>
<arg>SM</arg>
<arg>SN</arg>
<arg>SO</arg>
<arg>SR</arg>
<arg>SS</arg>
<arg>ST</arg>
<arg>SV</arg>
<arg>SX</arg>
<arg>SY</arg>
<arg>SZ</arg>
<arg>TC</arg>
<arg>TD</arg>
<arg>TF</arg>
<arg>TG</arg>
<arg>TH</arg>
<arg>TJ</arg>
<arg>TK</arg>
<arg>TL</arg>
<arg>TM</arg>
<arg>TN</arg>
<arg>TO</arg>
<arg>TR</arg>
<arg>TT</arg>
<arg>TV</arg>
<arg>TW</arg>
<arg>TZ</arg>
<arg>UA</arg>
<arg>UG</arg>
<arg>UM</arg>
<arg>US</arg>
<arg>UY</arg>
<arg>UZ</arg>
<arg>VA</arg>
<arg>VC</arg>
<arg>VE</arg>
<arg>VG</arg>
<arg>VI</arg>
<arg>VN</arg>
<arg>VU</arg>
<arg>WF</arg>
<arg>WS</arg>
<arg>XK</arg>
<arg>YE</arg>
<arg>YT</arg>
<arg>ZA</arg>
<arg>ZM</arg>
<arg>ZW</arg>
<doc>Returns a list containing given items.</doc>
<status status="PASS" start="2024-06-20T16:19:48.661260" elapsed="0.000623"/>
</kw>
<kw name="List Should Contain Value" owner="Collections">
<arg>${list_country}</arg>
<arg>${name_country}</arg>
<doc>Fails if the ``value`` is not found from ``list``.</doc>
<status status="PASS" start="2024-06-20T16:19:48.662673" elapsed="0.000201"/>
</kw>
<kw name="Run Keyword If" owner="BuiltIn">
<kw name="Should Be True" owner="BuiltIn">
<arg>${True}</arg>
<doc>Fails if the given condition is not true.</doc>
<status status="PASS" start="2024-06-20T16:19:48.663804" elapsed="0.000140"/>
</kw>
<arg>${json_data["results"][0]["location"]["coordinates"]["latitude"]} &gt;= -90 and ${json_data["results"][0]["location"]["coordinates"]["latitude"]} &lt;= 90</arg>
<arg>Should Be True</arg>
<arg>${True}</arg>
<doc>Runs the given keyword with the given arguments, if ``condition`` is true.</doc>
<status status="PASS" start="2024-06-20T16:19:48.663070" elapsed="0.001032"/>
</kw>
<kw name="Run Keyword If" owner="BuiltIn">
<kw name="Should Be True" owner="BuiltIn">
<arg>${True}</arg>
<doc>Fails if the given condition is not true.</doc>
<status status="PASS" start="2024-06-20T16:19:48.664959" elapsed="0.000239"/>
</kw>
<arg>${json_data["results"][0]["location"]["coordinates"]["longitude"]} &gt;= -180 and ${json_data["results"][0]["location"]["coordinates"]["longitude"]} &lt;= 180</arg>
<arg>Should Be True</arg>
<arg>${True}</arg>
<doc>Runs the given keyword with the given arguments, if ``condition`` is true.</doc>
<status status="PASS" start="2024-06-20T16:19:48.664281" elapsed="0.001049"/>
</kw>
<status status="PASS" start="2024-06-20T16:19:48.316299" elapsed="0.349180"/>
</kw>
<doc>Testa o conteúdo específico dos campos retornados pela API.</doc>
<tag>testeConteudo</tag>
<status status="PASS" start="2024-06-20T16:19:48.315624" elapsed="0.350007"/>
</test>
<status status="PASS" start="2024-06-20T16:19:47.476353" elapsed="1.191254"/>
</suite>
<status status="PASS" start="2024-06-20T16:19:47.462164" elapsed="1.210585"/>
</suite>
<statistics>
<total>
<stat pass="5" fail="0" skip="0">All Tests</stat>
</total>
<tag>
<stat pass="1" fail="0" skip="0">testeConteudo</stat>
<stat pass="1" fail="0" skip="0">testeEstruturaResposta</stat>
<stat pass="1" fail="0" skip="0">testeRequisicaoBasica</stat>
<stat pass="1" fail="0" skip="0">testeTiposDados</stat>
</tag>
<suite>
<stat pass="5" fail="0" skip="0" id="s1" name="Tests">Tests</stat>
<stat pass="5" fail="0" skip="0" id="s1-s1" name="Random-User-Test">Tests.Random-User-Test</stat>
</suite>
</statistics>
<errors>
</errors>
</robot>
