<?xml version="1.0" encoding="UTF-8"?>
<robot generator="Robot 7.0.1 (Python 3.12.4 on linux)" generated="2024-07-04T05:16:26.345898" rpa="false" schemaversion="5">
<suite id="s1" name="Tests" source="/home/runner/work/ApiRandomUser/ApiRandomUser/RamdonUser/tests">
<suite id="s1-s1" name="Random-User-Test" source="/home/runner/work/ApiRandomUser/ApiRandomUser/RamdonUser/tests/random-user-test.robot">
<test id="s1-s1-t1" name="Conectar" line="13">
<kw name="Conectar API" owner="random-user-service">
<kw name="Create Session" owner="RequestsLibrary">
<msg time="2024-07-04T05:16:26.777467" level="INFO">Creating Session using : alias=consultarAPI, url=https://randomuser.me/, headers={},                     cookies={}, auth=None, timeout=None, proxies=None, verify=False,                     debug=0 </msg>
<arg>consultarAPI</arg>
<arg>${URL}</arg>
<doc>Create Session: create a HTTP session to a server</doc>
<status status="PASS" start="2024-07-04T05:16:26.777230" elapsed="0.000432"/>
</kw>
<status status="PASS" start="2024-07-04T05:16:26.776075" elapsed="0.001953"/>
</kw>
<status status="PASS" start="2024-07-04T05:16:26.775381" elapsed="0.002845"/>
</test>
<test id="s1-s1-t2" name="Validar retorno 200 e JSON Válido" line="16">
<kw name="Teste de Requisicao Basica" owner="random-user-service">
<kw name="GET On Session" owner="RequestsLibrary">
<msg time="2024-07-04T05:16:27.243419" level="INFO">GET Request : url=https://randomuser.me/api 
 path_url=/api 
 headers={'User-Agent': 'python-requests/2.32.3', 'Accept-Encoding': 'gzip, deflate', 'Accept': '*/*', 'Connection': 'keep-alive'} 
 body=None 
 </msg>
<msg time="2024-07-04T05:16:27.243569" level="INFO">GET Response : url=https://randomuser.me/api 
 status=200, reason=OK 
 headers={'Date': 'Thu, 04 Jul 2024 05:16:27 GMT', 'Content-Type': 'application/json; charset=utf-8', 'Transfer-Encoding': 'chunked', 'Connection': 'keep-alive', 'X-Powered-By': 'Express', 'Access-Control-Allow-Origin': '*', 'Cache-Control': 'no-cache', 'ETag': 'W/"48f-bbkhsLYPyjmNgeAmmw5aIajIqWI"', 'Vary': 'Accept-Encoding', 'Content-Encoding': 'gzip', 'CF-Cache-Status': 'DYNAMIC', 'Report-To': '{"endpoints":[{"url":"https:\\/\\/a.nel.cloudflare.com\\/report\\/v4?s=iqyR6Bxcq4oNu%2BJ4WdqfIy41Q2je4DbR9kjciQCxNNJnGaEofoFyM60JpMSJCEHMEsEJGRE%2FKrQHcCZ%2BGvgdBVOgo2H11K0TFl%2Fm2qRq6CqM2u1laSGHV5ts3TNNbpAs"}],"group":"cf-nel","max_age":604800}', 'NEL': '{"success_fraction":0,"report_to":"cf-nel","max_age":604800}', 'Server': 'cloudflare', 'CF-RAY': '89dca4adbc6a2500-SJC', 'alt-svc': 'h3=":443"; ma=86400'} 
 body={"results":[{"gender":"male","name":{"title":"Mr","first":"Svetozar","last":"Isaković"},"location":{"street":{"number":1096,"name":"Gružanska Ulica"},"city":"Loznica","state":"North Bačka","country":"Serbia","postcode":36714,"coordinates":{"latitude":"58.5333","longitude":"-114.4858"},"timezone":{"offset":"+7:00","description":"Bangkok, Hanoi, Jakarta"}},"email":"svetozar.isakovic@example.com","login":{"uuid":"c3c14774-856f-4666-b19b-abe751e1b6ec","username":"organicostrich695","password":"beast","salt":"Hty0xyy7","md5":"94b8e1490965e56e29e31d77e61d8e0d","sha1":"2e172a41f742127773e6aaa69367e5dde1390ae6","sha256":"29bc20fc1b9549394d65c5746343b8580a71764cdfd087894444dd5179c993f5"},"dob":{"date":"1984-04-21T14:22:32.815Z","age":40},"registered":{"date":"2020-07-25T21:33:46.378Z","age":3},"phone":"021-8074-988","cell":"069-2508-521","id":{"name":"SID","value":"567903329"},"picture":{"large":"https://randomuser.me/api/portraits/men/48.jpg","medium":"https://randomuser.me/api/portraits/med/men/48.jpg","thumbnail":"https://randomuser.me/api/portraits/thumb/men/48.jpg"},"nat":"RS"}],"info":{"seed":"d0e83bd7dcc26565","results":1,"page":1,"version":"1.4"}} 
 </msg>
<msg time="2024-07-04T05:16:27.243651" level="INFO">/opt/hostedtoolcache/Python/3.12.4/x64/lib/python3.12/site-packages/urllib3/connectionpool.py:1099: InsecureRequestWarning: Unverified HTTPS request is being made to host 'randomuser.me'. Adding certificate verification is strongly advised. See: https://urllib3.readthedocs.io/en/latest/advanced-usage.html#tls-warnings
  warnings.warn(</msg>
<msg time="2024-07-04T05:16:27.243814" level="INFO">${response} = &lt;Response [200]&gt;</msg>
<var>${response}</var>
<arg>consultarAPI</arg>
<arg>/api</arg>
<doc>Sends a GET request on a previously created HTTP Session.</doc>
<status status="PASS" start="2024-07-04T05:16:26.780807" elapsed="0.463073"/>
</kw>
<kw name="Should Be Equal As Numbers" owner="BuiltIn">
<msg time="2024-07-04T05:16:27.244848" level="INFO">Argument types are:
&lt;class 'int'&gt;
&lt;class 'str'&gt;</msg>
<arg>${response.status_code}</arg>
<arg>200</arg>
<doc>Fails if objects are unequal after converting them to real numbers.</doc>
<status status="PASS" start="2024-07-04T05:16:27.244394" elapsed="0.000549"/>
</kw>
<kw name="Log" owner="BuiltIn">
<msg time="2024-07-04T05:16:27.245607" level="INFO">200</msg>
<arg>${response.status_code}</arg>
<doc>Logs the given message with the given level.</doc>
<status status="PASS" start="2024-07-04T05:16:27.245258" elapsed="0.000391"/>
</kw>
<kw name="Set Variable" owner="BuiltIn">
<msg time="2024-07-04T05:16:27.246381" level="INFO">${json_data} = {'results': [{'gender': 'male', 'name': {'title': 'Mr', 'first': 'Svetozar', 'last': 'Isaković'}, 'location': {'street': {'number': 1096, 'name': 'Gružanska Ulica'}, 'city': 'Loznica', 'state': 'North...</msg>
<var>${json_data}</var>
<arg>${response.json()}</arg>
<doc>Returns the given values which can then be assigned to a variables.</doc>
<status status="PASS" start="2024-07-04T05:16:27.245945" elapsed="0.000466"/>
</kw>
<kw name="Dictionary Should Contain Key" owner="Collections">
<arg>${json_data}</arg>
<arg>results</arg>
<doc>Fails if ``key`` is not found from ``dictionary``.</doc>
<status status="PASS" start="2024-07-04T05:16:27.246704" elapsed="0.000162"/>
</kw>
<status status="PASS" start="2024-07-04T05:16:26.780554" elapsed="0.466457"/>
</kw>
<doc>Testa se a API responde corretamente e retorna um objeto JSON válido.</doc>
<tag>testeRequisicaoBasica</tag>
<status status="PASS" start="2024-07-04T05:16:26.780090" elapsed="0.467092"/>
</test>
<test id="s1-s1-t3" name="Validar estrutura de resposta" line="22">
<kw name="Teste de Estrutura de Resposta" owner="random-user-service">
<kw name="GET On Session" owner="RequestsLibrary">
<msg time="2024-07-04T05:16:27.345452" level="INFO">GET Request : url=https://randomuser.me/api 
 path_url=/api 
 headers={'User-Agent': 'python-requests/2.32.3', 'Accept-Encoding': 'gzip, deflate', 'Accept': '*/*', 'Connection': 'keep-alive'} 
 body=None 
 </msg>
<msg time="2024-07-04T05:16:27.345530" level="INFO">GET Response : url=https://randomuser.me/api 
 status=200, reason=OK 
 headers={'Date': 'Thu, 04 Jul 2024 05:16:27 GMT', 'Content-Type': 'application/json; charset=utf-8', 'Transfer-Encoding': 'chunked', 'Connection': 'keep-alive', 'X-Powered-By': 'Express', 'Access-Control-Allow-Origin': '*', 'Cache-Control': 'no-cache', 'ETag': 'W/"473-9sVULaE2+GMIwpNlnm5vnL+3Wn0"', 'Vary': 'Accept-Encoding', 'Content-Encoding': 'gzip', 'CF-Cache-Status': 'DYNAMIC', 'Report-To': '{"endpoints":[{"url":"https:\\/\\/a.nel.cloudflare.com\\/report\\/v4?s=sZ1VUbNbDIpEEw1KmWYKSOHgE1qdP%2F%2Fjmb9ZjdTEki0nAux5C7Glu9Jw8FqLhJ2Kmof7hA1ceJrS8hDWlobIWNZBfoYRSR6X7FUZVxTAfRC6wGai27xCkiVXF6MfSNIa"}],"group":"cf-nel","max_age":604800}', 'NEL': '{"success_fraction":0,"report_to":"cf-nel","max_age":604800}', 'Server': 'cloudflare', 'CF-RAY': '89dca4ae5cdb2500-SJC', 'alt-svc': 'h3=":443"; ma=86400'} 
 body={"results":[{"gender":"male","name":{"title":"Mr","first":"Niclas","last":"Alstad"},"location":{"street":{"number":4595,"name":"Kragstubben"},"city":"Ulvik","state":"Hedmark","country":"Norway","postcode":"0211","coordinates":{"latitude":"44.6986","longitude":"-63.5785"},"timezone":{"offset":"+2:00","description":"Kaliningrad, South Africa"}},"email":"niclas.alstad@example.com","login":{"uuid":"b0877e58-e9a2-4419-bd09-a75dc18441d5","username":"angrymeercat697","password":"ssss","salt":"4KQjphJ9","md5":"ba686545b799aca19b8da807cbf07ea0","sha1":"15f567a4b3617f67bd20ece63bc1d07c49cc3ed9","sha256":"49a5fb2fd916073259151f7051b924c09ed8e155a9bd4b66243439eabe57f19f"},"dob":{"date":"1971-04-25T19:05:53.535Z","age":53},"registered":{"date":"2009-07-10T15:46:59.328Z","age":14},"phone":"71532183","cell":"47408772","id":{"name":"FN","value":"25047129101"},"picture":{"large":"https://randomuser.me/api/portraits/men/83.jpg","medium":"https://randomuser.me/api/portraits/med/men/83.jpg","thumbnail":"https://randomuser.me/api/portraits/thumb/men/83.jpg"},"nat":"NO"}],"info":{"seed":"30dd44e6f997940f","results":1,"page":1,"version":"1.4"}} 
 </msg>
<msg time="2024-07-04T05:16:27.345639" level="INFO">/opt/hostedtoolcache/Python/3.12.4/x64/lib/python3.12/site-packages/urllib3/connectionpool.py:1099: InsecureRequestWarning: Unverified HTTPS request is being made to host 'randomuser.me'. Adding certificate verification is strongly advised. See: https://urllib3.readthedocs.io/en/latest/advanced-usage.html#tls-warnings
  warnings.warn(</msg>
<msg time="2024-07-04T05:16:27.345763" level="INFO">${response} = &lt;Response [200]&gt;</msg>
<var>${response}</var>
<arg>consultarAPI</arg>
<arg>/api</arg>
<doc>Sends a GET request on a previously created HTTP Session.</doc>
<status status="PASS" start="2024-07-04T05:16:27.249746" elapsed="0.096062"/>
</kw>
<kw name="Set Variable" owner="BuiltIn">
<msg time="2024-07-04T05:16:27.346676" level="INFO">${json_data} = {'results': [{'gender': 'male', 'name': {'title': 'Mr', 'first': 'Niclas', 'last': 'Alstad'}, 'location': {'street': {'number': 4595, 'name': 'Kragstubben'}, 'city': 'Ulvik', 'state': 'Hedmark', 'coun...</msg>
<var>${json_data}</var>
<arg>${response.json()}</arg>
<doc>Returns the given values which can then be assigned to a variables.</doc>
<status status="PASS" start="2024-07-04T05:16:27.346196" elapsed="0.000508"/>
</kw>
<kw name="Log" owner="BuiltIn">
<msg time="2024-07-04T05:16:27.347159" level="INFO">{'results': [{'gender': 'male', 'name': {'title': 'Mr', 'first': 'Niclas', 'last': 'Alstad'}, 'location': {'street': {'number': 4595, 'name': 'Kragstubben'}, 'city': 'Ulvik', 'state': 'Hedmark', 'country': 'Norway', 'postcode': '0211', 'coordinates': {'latitude': '44.6986', 'longitude': '-63.5785'}, 'timezone': {'offset': '+2:00', 'description': 'Kaliningrad, South Africa'}}, 'email': 'niclas.alstad@example.com', 'login': {'uuid': 'b0877e58-e9a2-4419-bd09-a75dc18441d5', 'username': 'angrymeercat697', 'password': 'ssss', 'salt': '4KQjphJ9', 'md5': 'ba686545b799aca19b8da807cbf07ea0', 'sha1': '15f567a4b3617f67bd20ece63bc1d07c49cc3ed9', 'sha256': '49a5fb2fd916073259151f7051b924c09ed8e155a9bd4b66243439eabe57f19f'}, 'dob': {'date': '1971-04-25T19:05:53.535Z', 'age': 53}, 'registered': {'date': '2009-07-10T15:46:59.328Z', 'age': 14}, 'phone': '71532183', 'cell': '47408772', 'id': {'name': 'FN', 'value': '25047129101'}, 'picture': {'large': 'https://randomuser.me/api/portraits/men/83.jpg', 'medium': 'https://randomuser.me/api/portraits/med/men/83.jpg', 'thumbnail': 'https://randomuser.me/api/portraits/thumb/men/83.jpg'}, 'nat': 'NO'}], 'info': {'seed': '30dd44e6f997940f', 'results': 1, 'page': 1, 'version': '1.4'}}</msg>
<arg>${json_data}</arg>
<doc>Logs the given message with the given level.</doc>
<status status="PASS" start="2024-07-04T05:16:27.347005" elapsed="0.000200"/>
</kw>
<kw name="Dictionary Should Contain Key" owner="Collections">
<arg>${json_data}</arg>
<arg>results</arg>
<doc>Fails if ``key`` is not found from ``dictionary``.</doc>
<status status="PASS" start="2024-07-04T05:16:27.347488" elapsed="0.000158"/>
</kw>
<kw name="Should Not Be Empty" owner="BuiltIn">
<msg time="2024-07-04T05:16:27.347953" level="INFO">Length is 2.</msg>
<arg>${json_data}</arg>
<doc>Verifies that the given item is not empty.</doc>
<status status="PASS" start="2024-07-04T05:16:27.347826" elapsed="0.000165"/>
</kw>
<kw name="Create List" owner="BuiltIn">
<msg time="2024-07-04T05:16:27.348432" level="INFO">${expected_keys} = ['gender', 'name', 'location', 'email', 'login']</msg>
<var>${expected_keys}</var>
<arg>gender</arg>
<arg>name</arg>
<arg>location</arg>
<arg>email</arg>
<arg>login</arg>
<doc>Returns a list containing given items.</doc>
<status status="PASS" start="2024-07-04T05:16:27.348278" elapsed="0.000177"/>
</kw>
<for flavor="IN">
<iter>
<kw name="Dictionary Should Contain Key" owner="Collections">
<arg>${json_data['results'][0]}</arg>
<arg>${key}</arg>
<doc>Fails if ``key`` is not found from ``dictionary``.</doc>
<status status="PASS" start="2024-07-04T05:16:27.349201" elapsed="0.000394"/>
</kw>
<kw name="Log" owner="BuiltIn">
<msg time="2024-07-04T05:16:27.350139" level="INFO">{'gender': 'male', 'name': {'title': 'Mr', 'first': 'Niclas', 'last': 'Alstad'}, 'location': {'street': {'number': 4595, 'name': 'Kragstubben'}, 'city': 'Ulvik', 'state': 'Hedmark', 'country': 'Norway', 'postcode': '0211', 'coordinates': {'latitude': '44.6986', 'longitude': '-63.5785'}, 'timezone': {'offset': '+2:00', 'description': 'Kaliningrad, South Africa'}}, 'email': 'niclas.alstad@example.com', 'login': {'uuid': 'b0877e58-e9a2-4419-bd09-a75dc18441d5', 'username': 'angrymeercat697', 'password': 'ssss', 'salt': '4KQjphJ9', 'md5': 'ba686545b799aca19b8da807cbf07ea0', 'sha1': '15f567a4b3617f67bd20ece63bc1d07c49cc3ed9', 'sha256': '49a5fb2fd916073259151f7051b924c09ed8e155a9bd4b66243439eabe57f19f'}, 'dob': {'date': '1971-04-25T19:05:53.535Z', 'age': 53}, 'registered': {'date': '2009-07-10T15:46:59.328Z', 'age': 14}, 'phone': '71532183', 'cell': '47408772', 'id': {'name': 'FN', 'value': '25047129101'}, 'picture': {'large': 'https://randomuser.me/api/portraits/men/83.jpg', 'medium': 'https://randomuser.me/api/portraits/med/men/83.jpg', 'thumbnail': 'https://randomuser.me/api/portraits/thumb/men/83.jpg'}, 'nat': 'NO'}</msg>
<arg>${json_data['results'][0]}</arg>
<doc>Logs the given message with the given level.</doc>
<status status="PASS" start="2024-07-04T05:16:27.349783" elapsed="0.000403"/>
</kw>
<kw name="Log" owner="BuiltIn">
<msg time="2024-07-04T05:16:27.350612" level="INFO">gender</msg>
<arg>${key}</arg>
<doc>Logs the given message with the given level.</doc>
<status status="PASS" start="2024-07-04T05:16:27.350483" elapsed="0.000166"/>
</kw>
<var name="${key}">gender</var>
<status status="PASS" start="2024-07-04T05:16:27.349080" elapsed="0.001782"/>
</iter>
<iter>
<kw name="Dictionary Should Contain Key" owner="Collections">
<arg>${json_data['results'][0]}</arg>
<arg>${key}</arg>
<doc>Fails if ``key`` is not found from ``dictionary``.</doc>
<status status="PASS" start="2024-07-04T05:16:27.351155" elapsed="0.000383"/>
</kw>
<kw name="Log" owner="BuiltIn">
<msg time="2024-07-04T05:16:27.352067" level="INFO">{'gender': 'male', 'name': {'title': 'Mr', 'first': 'Niclas', 'last': 'Alstad'}, 'location': {'street': {'number': 4595, 'name': 'Kragstubben'}, 'city': 'Ulvik', 'state': 'Hedmark', 'country': 'Norway', 'postcode': '0211', 'coordinates': {'latitude': '44.6986', 'longitude': '-63.5785'}, 'timezone': {'offset': '+2:00', 'description': 'Kaliningrad, South Africa'}}, 'email': 'niclas.alstad@example.com', 'login': {'uuid': 'b0877e58-e9a2-4419-bd09-a75dc18441d5', 'username': 'angrymeercat697', 'password': 'ssss', 'salt': '4KQjphJ9', 'md5': 'ba686545b799aca19b8da807cbf07ea0', 'sha1': '15f567a4b3617f67bd20ece63bc1d07c49cc3ed9', 'sha256': '49a5fb2fd916073259151f7051b924c09ed8e155a9bd4b66243439eabe57f19f'}, 'dob': {'date': '1971-04-25T19:05:53.535Z', 'age': 53}, 'registered': {'date': '2009-07-10T15:46:59.328Z', 'age': 14}, 'phone': '71532183', 'cell': '47408772', 'id': {'name': 'FN', 'value': '25047129101'}, 'picture': {'large': 'https://randomuser.me/api/portraits/men/83.jpg', 'medium': 'https://randomuser.me/api/portraits/med/men/83.jpg', 'thumbnail': 'https://randomuser.me/api/portraits/thumb/men/83.jpg'}, 'nat': 'NO'}</msg>
<arg>${json_data['results'][0]}</arg>
<doc>Logs the given message with the given level.</doc>
<status status="PASS" start="2024-07-04T05:16:27.351718" elapsed="0.000427"/>
</kw>
<kw name="Log" owner="BuiltIn">
<msg time="2024-07-04T05:16:27.352565" level="INFO">name</msg>
<arg>${key}</arg>
<doc>Logs the given message with the given level.</doc>
<status status="PASS" start="2024-07-04T05:16:27.352439" elapsed="0.000171"/>
</kw>
<var name="${key}">name</var>
<status status="PASS" start="2024-07-04T05:16:27.351045" elapsed="0.001777"/>
</iter>
<iter>
<kw name="Dictionary Should Contain Key" owner="Collections">
<arg>${json_data['results'][0]}</arg>
<arg>${key}</arg>
<doc>Fails if ``key`` is not found from ``dictionary``.</doc>
<status status="PASS" start="2024-07-04T05:16:27.353157" elapsed="0.000374"/>
</kw>
<kw name="Log" owner="BuiltIn">
<msg time="2024-07-04T05:16:27.354053" level="INFO">{'gender': 'male', 'name': {'title': 'Mr', 'first': 'Niclas', 'last': 'Alstad'}, 'location': {'street': {'number': 4595, 'name': 'Kragstubben'}, 'city': 'Ulvik', 'state': 'Hedmark', 'country': 'Norway', 'postcode': '0211', 'coordinates': {'latitude': '44.6986', 'longitude': '-63.5785'}, 'timezone': {'offset': '+2:00', 'description': 'Kaliningrad, South Africa'}}, 'email': 'niclas.alstad@example.com', 'login': {'uuid': 'b0877e58-e9a2-4419-bd09-a75dc18441d5', 'username': 'angrymeercat697', 'password': 'ssss', 'salt': '4KQjphJ9', 'md5': 'ba686545b799aca19b8da807cbf07ea0', 'sha1': '15f567a4b3617f67bd20ece63bc1d07c49cc3ed9', 'sha256': '49a5fb2fd916073259151f7051b924c09ed8e155a9bd4b66243439eabe57f19f'}, 'dob': {'date': '1971-04-25T19:05:53.535Z', 'age': 53}, 'registered': {'date': '2009-07-10T15:46:59.328Z', 'age': 14}, 'phone': '71532183', 'cell': '47408772', 'id': {'name': 'FN', 'value': '25047129101'}, 'picture': {'large': 'https://randomuser.me/api/portraits/men/83.jpg', 'medium': 'https://randomuser.me/api/portraits/med/men/83.jpg', 'thumbnail': 'https://randomuser.me/api/portraits/thumb/men/83.jpg'}, 'nat': 'NO'}</msg>
<arg>${json_data['results'][0]}</arg>
<doc>Logs the given message with the given level.</doc>
<status status="PASS" start="2024-07-04T05:16:27.353711" elapsed="0.000387"/>
</kw>
<kw name="Log" owner="BuiltIn">
<msg time="2024-07-04T05:16:27.354514" level="INFO">location</msg>
<arg>${key}</arg>
<doc>Logs the given message with the given level.</doc>
<status status="PASS" start="2024-07-04T05:16:27.354389" elapsed="0.000162"/>
</kw>
<var name="${key}">location</var>
<status status="PASS" start="2024-07-04T05:16:27.353036" elapsed="0.001725"/>
</iter>
<iter>
<kw name="Dictionary Should Contain Key" owner="Collections">
<arg>${json_data['results'][0]}</arg>
<arg>${key}</arg>
<doc>Fails if ``key`` is not found from ``dictionary``.</doc>
<status status="PASS" start="2024-07-04T05:16:27.355031" elapsed="0.000384"/>
</kw>
<kw name="Log" owner="BuiltIn">
<msg time="2024-07-04T05:16:27.355939" level="INFO">{'gender': 'male', 'name': {'title': 'Mr', 'first': 'Niclas', 'last': 'Alstad'}, 'location': {'street': {'number': 4595, 'name': 'Kragstubben'}, 'city': 'Ulvik', 'state': 'Hedmark', 'country': 'Norway', 'postcode': '0211', 'coordinates': {'latitude': '44.6986', 'longitude': '-63.5785'}, 'timezone': {'offset': '+2:00', 'description': 'Kaliningrad, South Africa'}}, 'email': 'niclas.alstad@example.com', 'login': {'uuid': 'b0877e58-e9a2-4419-bd09-a75dc18441d5', 'username': 'angrymeercat697', 'password': 'ssss', 'salt': '4KQjphJ9', 'md5': 'ba686545b799aca19b8da807cbf07ea0', 'sha1': '15f567a4b3617f67bd20ece63bc1d07c49cc3ed9', 'sha256': '49a5fb2fd916073259151f7051b924c09ed8e155a9bd4b66243439eabe57f19f'}, 'dob': {'date': '1971-04-25T19:05:53.535Z', 'age': 53}, 'registered': {'date': '2009-07-10T15:46:59.328Z', 'age': 14}, 'phone': '71532183', 'cell': '47408772', 'id': {'name': 'FN', 'value': '25047129101'}, 'picture': {'large': 'https://randomuser.me/api/portraits/men/83.jpg', 'medium': 'https://randomuser.me/api/portraits/med/men/83.jpg', 'thumbnail': 'https://randomuser.me/api/portraits/thumb/men/83.jpg'}, 'nat': 'NO'}</msg>
<arg>${json_data['results'][0]}</arg>
<doc>Logs the given message with the given level.</doc>
<status status="PASS" start="2024-07-04T05:16:27.355595" elapsed="0.000390"/>
</kw>
<kw name="Log" owner="BuiltIn">
<msg time="2024-07-04T05:16:27.356404" level="INFO">email</msg>
<arg>${key}</arg>
<doc>Logs the given message with the given level.</doc>
<status status="PASS" start="2024-07-04T05:16:27.356273" elapsed="0.000169"/>
</kw>
<var name="${key}">email</var>
<status status="PASS" start="2024-07-04T05:16:27.354926" elapsed="0.001732"/>
</iter>
<iter>
<kw name="Dictionary Should Contain Key" owner="Collections">
<arg>${json_data['results'][0]}</arg>
<arg>${key}</arg>
<doc>Fails if ``key`` is not found from ``dictionary``.</doc>
<status status="PASS" start="2024-07-04T05:16:27.356969" elapsed="0.000382"/>
</kw>
<kw name="Log" owner="BuiltIn">
<msg time="2024-07-04T05:16:27.357884" level="INFO">{'gender': 'male', 'name': {'title': 'Mr', 'first': 'Niclas', 'last': 'Alstad'}, 'location': {'street': {'number': 4595, 'name': 'Kragstubben'}, 'city': 'Ulvik', 'state': 'Hedmark', 'country': 'Norway', 'postcode': '0211', 'coordinates': {'latitude': '44.6986', 'longitude': '-63.5785'}, 'timezone': {'offset': '+2:00', 'description': 'Kaliningrad, South Africa'}}, 'email': 'niclas.alstad@example.com', 'login': {'uuid': 'b0877e58-e9a2-4419-bd09-a75dc18441d5', 'username': 'angrymeercat697', 'password': 'ssss', 'salt': '4KQjphJ9', 'md5': 'ba686545b799aca19b8da807cbf07ea0', 'sha1': '15f567a4b3617f67bd20ece63bc1d07c49cc3ed9', 'sha256': '49a5fb2fd916073259151f7051b924c09ed8e155a9bd4b66243439eabe57f19f'}, 'dob': {'date': '1971-04-25T19:05:53.535Z', 'age': 53}, 'registered': {'date': '2009-07-10T15:46:59.328Z', 'age': 14}, 'phone': '71532183', 'cell': '47408772', 'id': {'name': 'FN', 'value': '25047129101'}, 'picture': {'large': 'https://randomuser.me/api/portraits/men/83.jpg', 'medium': 'https://randomuser.me/api/portraits/med/men/83.jpg', 'thumbnail': 'https://randomuser.me/api/portraits/thumb/men/83.jpg'}, 'nat': 'NO'}</msg>
<arg>${json_data['results'][0]}</arg>
<doc>Logs the given message with the given level.</doc>
<status status="PASS" start="2024-07-04T05:16:27.357530" elapsed="0.000400"/>
</kw>
<kw name="Log" owner="BuiltIn">
<msg time="2024-07-04T05:16:27.358338" level="INFO">login</msg>
<arg>${key}</arg>
<doc>Logs the given message with the given level.</doc>
<status status="PASS" start="2024-07-04T05:16:27.358215" elapsed="0.000159"/>
</kw>
<var name="${key}">login</var>
<status status="PASS" start="2024-07-04T05:16:27.356827" elapsed="0.001764"/>
</iter>
<var>${key}</var>
<value>@{expected_keys}</value>
<status status="PASS" start="2024-07-04T05:16:27.348881" elapsed="0.009830"/>
</for>
<kw name="Create List" owner="BuiltIn">
<msg time="2024-07-04T05:16:27.359028" level="INFO">${expected_keysTwo} = ['username', 'password']</msg>
<var>${expected_keysTwo}</var>
<arg>username</arg>
<arg>password</arg>
<doc>Returns a list containing given items.</doc>
<status status="PASS" start="2024-07-04T05:16:27.358897" elapsed="0.000155"/>
</kw>
<for flavor="IN">
<iter>
<kw name="Dictionary Should Contain Key" owner="Collections">
<arg>${json_data['results'][0]['login']}</arg>
<arg>${keyTwo}</arg>
<doc>Fails if ``key`` is not found from ``dictionary``.</doc>
<status status="PASS" start="2024-07-04T05:16:27.359564" elapsed="0.000379"/>
</kw>
<kw name="Dictionary Should Contain Key" owner="Collections">
<arg>${json_data['results'][0]['login']}</arg>
<arg>${keyTwo}</arg>
<doc>Fails if ``key`` is not found from ``dictionary``.</doc>
<status status="PASS" start="2024-07-04T05:16:27.360121" elapsed="0.000368"/>
</kw>
<kw name="Log" owner="BuiltIn">
<msg time="2024-07-04T05:16:27.360790" level="INFO">username</msg>
<arg>${keyTwo}</arg>
<doc>Logs the given message with the given level.</doc>
<status status="PASS" start="2024-07-04T05:16:27.360668" elapsed="0.000160"/>
</kw>
<var name="${keyTwo}">username</var>
<status status="PASS" start="2024-07-04T05:16:27.359458" elapsed="0.001620"/>
</iter>
<iter>
<kw name="Dictionary Should Contain Key" owner="Collections">
<arg>${json_data['results'][0]['login']}</arg>
<arg>${keyTwo}</arg>
<doc>Fails if ``key`` is not found from ``dictionary``.</doc>
<status status="PASS" start="2024-07-04T05:16:27.361351" elapsed="0.000381"/>
</kw>
<kw name="Dictionary Should Contain Key" owner="Collections">
<arg>${json_data['results'][0]['login']}</arg>
<arg>${keyTwo}</arg>
<doc>Fails if ``key`` is not found from ``dictionary``.</doc>
<status status="PASS" start="2024-07-04T05:16:27.361906" elapsed="0.000365"/>
</kw>
<kw name="Log" owner="BuiltIn">
<msg time="2024-07-04T05:16:27.362568" level="INFO">password</msg>
<arg>${keyTwo}</arg>
<doc>Logs the given message with the given level.</doc>
<status status="PASS" start="2024-07-04T05:16:27.362449" elapsed="0.000160"/>
</kw>
<var name="${keyTwo}">password</var>
<status status="PASS" start="2024-07-04T05:16:27.361247" elapsed="0.001584"/>
</iter>
<var>${keyTwo}</var>
<value>@{expected_keysTwo}</value>
<status status="PASS" start="2024-07-04T05:16:27.359305" elapsed="0.003645"/>
</for>
<status status="PASS" start="2024-07-04T05:16:27.249515" elapsed="0.113573"/>
</kw>
<doc>Testa a estrutura da resposta da API.</doc>
<tag>testeEstruturaResposta</tag>
<status status="PASS" start="2024-07-04T05:16:27.249012" elapsed="0.114227"/>
</test>
<test id="s1-s1-t4" name="Validar tipos de dados" line="28">
<kw name="Teste de Tipos de Dados" owner="random-user-service">
<kw name="GET On Session" owner="RequestsLibrary">
<msg time="2024-07-04T05:16:27.460242" level="INFO">GET Request : url=https://randomuser.me/api 
 path_url=/api 
 headers={'User-Agent': 'python-requests/2.32.3', 'Accept-Encoding': 'gzip, deflate', 'Accept': '*/*', 'Connection': 'keep-alive'} 
 body=None 
 </msg>
<msg time="2024-07-04T05:16:27.460350" level="INFO">GET Response : url=https://randomuser.me/api 
 status=200, reason=OK 
 headers={'Date': 'Thu, 04 Jul 2024 05:16:27 GMT', 'Content-Type': 'application/json; charset=utf-8', 'Transfer-Encoding': 'chunked', 'Connection': 'keep-alive', 'X-Powered-By': 'Express', 'Access-Control-Allow-Origin': '*', 'Cache-Control': 'no-cache', 'ETag': 'W/"487-ICZdlAexTsFxZH6Y/zp5ZZfwe9o"', 'Vary': 'Accept-Encoding', 'Content-Encoding': 'gzip', 'CF-Cache-Status': 'DYNAMIC', 'Report-To': '{"endpoints":[{"url":"https:\\/\\/a.nel.cloudflare.com\\/report\\/v4?s=9wv%2Bz1VtK%2F0ivLOgnKcOkORPD20b9jFYmjypVJu6j0jXCoXLrrp%2B%2F91CqzxRly5gRdAYiiuis1ukRb4ZnNpalp4rnfv1n%2FHe%2FyofYKLZLCUkCe8EUIiXpl4LnPwhYvsz"}],"group":"cf-nel","max_age":604800}', 'NEL': '{"success_fraction":0,"report_to":"cf-nel","max_age":604800}', 'Server': 'cloudflare', 'CF-RAY': '89dca4af1d362500-SJC', 'alt-svc': 'h3=":443"; ma=86400'} 
 body={"results":[{"gender":"female","name":{"title":"Miss","first":"Alexandra","last":"Green"},"location":{"street":{"number":5406,"name":"Springs Road"},"city":"Wellington","state":"Tasman","country":"New Zealand","postcode":93163,"coordinates":{"latitude":"53.4080","longitude":"99.3171"},"timezone":{"offset":"+6:00","description":"Almaty, Dhaka, Colombo"}},"email":"alexandra.green@example.com","login":{"uuid":"034c8cec-e040-4826-bf04-adf2a74e50e4","username":"crazyostrich858","password":"1942","salt":"dpbFjBo7","md5":"7cb20bedeee167a8b32e299a60bcc763","sha1":"f5f933cc360e1b0b6b30dcc4c692a6446279b4fe","sha256":"5143951bce00c9c574cfc4e4975dc812914eeb8d4b905ba41454845f3b1ad29f"},"dob":{"date":"1998-05-16T07:15:19.452Z","age":26},"registered":{"date":"2005-05-19T11:53:00.589Z","age":19},"phone":"(429)-308-2831","cell":"(739)-923-7997","id":{"name":"","value":null},"picture":{"large":"https://randomuser.me/api/portraits/women/62.jpg","medium":"https://randomuser.me/api/portraits/med/women/62.jpg","thumbnail":"https://randomuser.me/api/portraits/thumb/women/62.jpg"},"nat":"NZ"}],"info":{"seed":"05709b92d9f12d35","results":1,"page":1,"version":"1.4"}} 
 </msg>
<msg time="2024-07-04T05:16:27.460427" level="INFO">/opt/hostedtoolcache/Python/3.12.4/x64/lib/python3.12/site-packages/urllib3/connectionpool.py:1099: InsecureRequestWarning: Unverified HTTPS request is being made to host 'randomuser.me'. Adding certificate verification is strongly advised. See: https://urllib3.readthedocs.io/en/latest/advanced-usage.html#tls-warnings
  warnings.warn(</msg>
<msg time="2024-07-04T05:16:27.460584" level="INFO">${response} = &lt;Response [200]&gt;</msg>
<var>${response}</var>
<arg>consultarAPI</arg>
<arg>/api</arg>
<doc>Sends a GET request on a previously created HTTP Session.</doc>
<status status="PASS" start="2024-07-04T05:16:27.365834" elapsed="0.094799"/>
</kw>
<kw name="Set Variable" owner="BuiltIn">
<msg time="2024-07-04T05:16:27.461682" level="INFO">${json_data} = {'results': [{'gender': 'female', 'name': {'title': 'Miss', 'first': 'Alexandra', 'last': 'Green'}, 'location': {'street': {'number': 5406, 'name': 'Springs Road'}, 'city': 'Wellington', 'state': 'Tas...</msg>
<var>${json_data}</var>
<arg>${response.json()}</arg>
<doc>Returns the given values which can then be assigned to a variables.</doc>
<status status="PASS" start="2024-07-04T05:16:27.461176" elapsed="0.000534"/>
</kw>
<kw name="Log" owner="BuiltIn">
<msg time="2024-07-04T05:16:27.462170" level="INFO">{'results': [{'gender': 'female', 'name': {'title': 'Miss', 'first': 'Alexandra', 'last': 'Green'}, 'location': {'street': {'number': 5406, 'name': 'Springs Road'}, 'city': 'Wellington', 'state': 'Tasman', 'country': 'New Zealand', 'postcode': 93163, 'coordinates': {'latitude': '53.4080', 'longitude': '99.3171'}, 'timezone': {'offset': '+6:00', 'description': 'Almaty, Dhaka, Colombo'}}, 'email': 'alexandra.green@example.com', 'login': {'uuid': '034c8cec-e040-4826-bf04-adf2a74e50e4', 'username': 'crazyostrich858', 'password': '1942', 'salt': 'dpbFjBo7', 'md5': '7cb20bedeee167a8b32e299a60bcc763', 'sha1': 'f5f933cc360e1b0b6b30dcc4c692a6446279b4fe', 'sha256': '5143951bce00c9c574cfc4e4975dc812914eeb8d4b905ba41454845f3b1ad29f'}, 'dob': {'date': '1998-05-16T07:15:19.452Z', 'age': 26}, 'registered': {'date': '2005-05-19T11:53:00.589Z', 'age': 19}, 'phone': '(429)-308-2831', 'cell': '(739)-923-7997', 'id': {'name': '', 'value': None}, 'picture': {'large': 'https://randomuser.me/api/portraits/women/62.jpg', 'medium': 'https://randomuser.me/api/portraits/med/women/62.jpg', 'thumbnail': 'https://randomuser.me/api/portraits/thumb/women/62.jpg'}, 'nat': 'NZ'}], 'info': {'seed': '05709b92d9f12d35', 'results': 1, 'page': 1, 'version': '1.4'}}</msg>
<arg>${json_data}</arg>
<doc>Logs the given message with the given level.</doc>
<status status="PASS" start="2024-07-04T05:16:27.462017" elapsed="0.000201"/>
</kw>
<kw name="Should Be String" owner="String">
<arg>${json_data['results'][0]['gender']}</arg>
<doc>Fails if the given ``item`` is not a string.</doc>
<status status="PASS" start="2024-07-04T05:16:27.462508" elapsed="0.000364"/>
</kw>
<kw name="Should Match Regexp" owner="BuiltIn">
<arg>${json_data['results'][0]['email']}</arg>
<arg>^[a-zA-Z0-9._%+-]+@[a-zA-Z0-9.-]+\.[a-zA-Z]{2,}$</arg>
<doc>Fails if ``string`` does not match ``pattern`` as a regular expression.</doc>
<status status="PASS" start="2024-07-04T05:16:27.463059" elapsed="0.000517"/>
</kw>
<kw name="Should Match Regexp" owner="BuiltIn">
<arg>${json_data['results'][0]['dob']['date']}</arg>
<arg>\\d{4}-\\d{2}-\\d{2}T\\d{2}:\\d{2}:\\d{2}\\.\\d{3}Z</arg>
<doc>Fails if ``string`` does not match ``pattern`` as a regular expression.</doc>
<status status="PASS" start="2024-07-04T05:16:27.463804" elapsed="0.000490"/>
</kw>
<kw name="Should Match Regexp" owner="BuiltIn">
<arg>${json_data['results'][0]['registered']['date']}</arg>
<arg>\\d{4}-\\d{2}-\\d{2}T\\d{2}:\\d{2}:\\d{2}\\.\\d{3}Z</arg>
<doc>Fails if ``string`` does not match ``pattern`` as a regular expression.</doc>
<status status="PASS" start="2024-07-04T05:16:27.464485" elapsed="0.000389"/>
</kw>
<kw name="Should Match Regexp" owner="BuiltIn">
<arg>${json_data['results'][0]['picture']['large']}</arg>
<arg>^https?://.*\.(?:png|jpe?g|gif|bmp)$</arg>
<doc>Fails if ``string`` does not match ``pattern`` as a regular expression.</doc>
<status status="PASS" start="2024-07-04T05:16:27.465069" elapsed="0.000454"/>
</kw>
<kw name="Should Match Regexp" owner="BuiltIn">
<arg>${json_data['results'][0]['picture']['medium']}</arg>
<arg>^https?://.*\.(?:png|jpe?g|gif|bmp)$</arg>
<doc>Fails if ``string`` does not match ``pattern`` as a regular expression.</doc>
<status status="PASS" start="2024-07-04T05:16:27.465706" elapsed="0.000345"/>
</kw>
<kw name="Should Match Regexp" owner="BuiltIn">
<arg>${json_data['results'][0]['picture']['thumbnail']}</arg>
<arg>^https?://.*\.(?:png|jpe?g|gif|bmp)$</arg>
<doc>Fails if ``string`` does not match ``pattern`` as a regular expression.</doc>
<status status="PASS" start="2024-07-04T05:16:27.466230" elapsed="0.000343"/>
</kw>
<kw name="Log" owner="BuiltIn">
<msg time="2024-07-04T05:16:27.467081" level="INFO">{'large': 'https://randomuser.me/api/portraits/women/62.jpg', 'medium': 'https://randomuser.me/api/portraits/med/women/62.jpg', 'thumbnail': 'https://randomuser.me/api/portraits/thumb/women/62.jpg'}</msg>
<arg>${json_data['results'][0]['picture']}</arg>
<doc>Logs the given message with the given level.</doc>
<status status="PASS" start="2024-07-04T05:16:27.466755" elapsed="0.000367"/>
</kw>
<status status="PASS" start="2024-07-04T05:16:27.365613" elapsed="0.101765"/>
</kw>
<kw name="Teste de Tipos de Dados - Postcode" owner="random-user-service">
<kw name="GET On Session" owner="RequestsLibrary">
<msg time="2024-07-04T05:16:27.569672" level="INFO">GET Request : url=https://randomuser.me/api 
 path_url=/api 
 headers={'User-Agent': 'python-requests/2.32.3', 'Accept-Encoding': 'gzip, deflate', 'Accept': '*/*', 'Connection': 'keep-alive'} 
 body=None 
 </msg>
<msg time="2024-07-04T05:16:27.569774" level="INFO">GET Response : url=https://randomuser.me/api 
 status=200, reason=OK 
 headers={'Date': 'Thu, 04 Jul 2024 05:16:27 GMT', 'Content-Type': 'application/json; charset=utf-8', 'Transfer-Encoding': 'chunked', 'Connection': 'keep-alive', 'X-Powered-By': 'Express', 'Access-Control-Allow-Origin': '*', 'Cache-Control': 'no-cache', 'ETag': 'W/"46d-SzHybK64rfYJpNETREWwpERWftA"', 'Vary': 'Accept-Encoding', 'Content-Encoding': 'gzip', 'CF-Cache-Status': 'DYNAMIC', 'Report-To': '{"endpoints":[{"url":"https:\\/\\/a.nel.cloudflare.com\\/report\\/v4?s=ZzHAf%2FOtwaa3fuWuMHyNietwAa%2BiYkAYwzyVAQNxoLKUOZwxBYzHA9WaYtzfZtV7D0guNQ9VMQcOy9YkvnQd%2B4vhpVf5zhC2p19YRVz39PXquYC%2Fzdx9h%2FJcyu9yFQjt"}],"group":"cf-nel","max_age":604800}', 'NEL': '{"success_fraction":0,"report_to":"cf-nel","max_age":604800}', 'Server': 'cloudflare', 'CF-RAY': '89dca4afbd922500-SJC', 'alt-svc': 'h3=":443"; ma=86400'} 
 body={"results":[{"gender":"male","name":{"title":"Mr","first":"Aapo","last":"Salo"},"location":{"street":{"number":6777,"name":"Reijolankatu"},"city":"Turku","state":"Kainuu","country":"Finland","postcode":17284,"coordinates":{"latitude":"-24.5600","longitude":"-37.9656"},"timezone":{"offset":"-2:00","description":"Mid-Atlantic"}},"email":"aapo.salo@example.com","login":{"uuid":"0d6abe21-cd21-492c-b970-2e77458e99bb","username":"heavybird220","password":"marvel","salt":"W1lgKlWn","md5":"caa19536c6011178f1faff5d31ef684c","sha1":"d1efc89224f02d9003ef84a5c997b88142127d83","sha256":"8b5126739ee497ba79b6c183bea631ed9e8d6d20510457af5d07688f130b1fb7"},"dob":{"date":"1995-02-02T10:21:47.412Z","age":29},"registered":{"date":"2011-08-05T07:19:40.029Z","age":12},"phone":"04-359-657","cell":"047-913-21-72","id":{"name":"HETU","value":"NaNNA507undefined"},"picture":{"large":"https://randomuser.me/api/portraits/men/49.jpg","medium":"https://randomuser.me/api/portraits/med/men/49.jpg","thumbnail":"https://randomuser.me/api/portraits/thumb/men/49.jpg"},"nat":"FI"}],"info":{"seed":"79ae36324a561256","results":1,"page":1,"version":"1.4"}} 
 </msg>
<msg time="2024-07-04T05:16:27.569852" level="INFO">/opt/hostedtoolcache/Python/3.12.4/x64/lib/python3.12/site-packages/urllib3/connectionpool.py:1099: InsecureRequestWarning: Unverified HTTPS request is being made to host 'randomuser.me'. Adding certificate verification is strongly advised. See: https://urllib3.readthedocs.io/en/latest/advanced-usage.html#tls-warnings
  warnings.warn(</msg>
<msg time="2024-07-04T05:16:27.569979" level="INFO">${response} = &lt;Response [200]&gt;</msg>
<var>${response}</var>
<arg>consultarAPI</arg>
<arg>/api</arg>
<doc>Sends a GET request on a previously created HTTP Session.</doc>
<status status="PASS" start="2024-07-04T05:16:27.467826" elapsed="0.102196"/>
</kw>
<kw name="Set Variable" owner="BuiltIn">
<msg time="2024-07-04T05:16:27.570950" level="INFO">${json_data} = {'results': [{'gender': 'male', 'name': {'title': 'Mr', 'first': 'Aapo', 'last': 'Salo'}, 'location': {'street': {'number': 6777, 'name': 'Reijolankatu'}, 'city': 'Turku', 'state': 'Kainuu', 'country'...</msg>
<var>${json_data}</var>
<arg>${response.json()}</arg>
<doc>Returns the given values which can then be assigned to a variables.</doc>
<status status="PASS" start="2024-07-04T05:16:27.570476" elapsed="0.000501"/>
</kw>
<kw name="Log" owner="BuiltIn">
<msg time="2024-07-04T05:16:27.571426" level="INFO">{'results': [{'gender': 'male', 'name': {'title': 'Mr', 'first': 'Aapo', 'last': 'Salo'}, 'location': {'street': {'number': 6777, 'name': 'Reijolankatu'}, 'city': 'Turku', 'state': 'Kainuu', 'country': 'Finland', 'postcode': 17284, 'coordinates': {'latitude': '-24.5600', 'longitude': '-37.9656'}, 'timezone': {'offset': '-2:00', 'description': 'Mid-Atlantic'}}, 'email': 'aapo.salo@example.com', 'login': {'uuid': '0d6abe21-cd21-492c-b970-2e77458e99bb', 'username': 'heavybird220', 'password': 'marvel', 'salt': 'W1lgKlWn', 'md5': 'caa19536c6011178f1faff5d31ef684c', 'sha1': 'd1efc89224f02d9003ef84a5c997b88142127d83', 'sha256': '8b5126739ee497ba79b6c183bea631ed9e8d6d20510457af5d07688f130b1fb7'}, 'dob': {'date': '1995-02-02T10:21:47.412Z', 'age': 29}, 'registered': {'date': '2011-08-05T07:19:40.029Z', 'age': 12}, 'phone': '04-359-657', 'cell': '047-913-21-72', 'id': {'name': 'HETU', 'value': 'NaNNA507undefined'}, 'picture': {'large': 'https://randomuser.me/api/portraits/men/49.jpg', 'medium': 'https://randomuser.me/api/portraits/med/men/49.jpg', 'thumbnail': 'https://randomuser.me/api/portraits/thumb/men/49.jpg'}, 'nat': 'FI'}], 'info': {'seed': '79ae36324a561256', 'results': 1, 'page': 1, 'version': '1.4'}}</msg>
<arg>${json_data}</arg>
<doc>Logs the given message with the given level.</doc>
<status status="PASS" start="2024-07-04T05:16:27.571276" elapsed="0.000196"/>
</kw>
<kw name="Should Be Equal As Numbers" owner="BuiltIn">
<arg>${json_data['results'][0]['location']['postcode']}</arg>
<arg>${json_data['results'][0]['location']['postcode']}</arg>
<doc>Fails if objects are unequal after converting them to real numbers.</doc>
<status status="PASS" start="2024-07-04T05:16:27.571760" elapsed="0.000617"/>
</kw>
<kw name="Log" owner="BuiltIn">
<msg time="2024-07-04T05:16:27.572920" level="INFO">17284</msg>
<arg>${json_data['results'][0]['location']['postcode']}</arg>
<doc>Logs the given message with the given level.</doc>
<status status="PASS" start="2024-07-04T05:16:27.572559" elapsed="0.000409"/>
</kw>
<status status="PASS" start="2024-07-04T05:16:27.467602" elapsed="0.105616"/>
</kw>
<doc>Testa se os tipos de dados na resposta da API estão corretos.</doc>
<tag>testeTiposDados</tag>
<status status="PASS" start="2024-07-04T05:16:27.364994" elapsed="0.208422"/>
</test>
<test id="s1-s1-t5" name="Validar conteudo" line="35">
<kw name="Teste de Tipos de Conteudo" owner="random-user-service">
<kw name="GET On Session" owner="RequestsLibrary">
<msg time="2024-07-04T05:16:27.680462" level="INFO">GET Request : url=https://randomuser.me/api 
 path_url=/api 
 headers={'User-Agent': 'python-requests/2.32.3', 'Accept-Encoding': 'gzip, deflate', 'Accept': '*/*', 'Connection': 'keep-alive'} 
 body=None 
 </msg>
<msg time="2024-07-04T05:16:27.680553" level="INFO">GET Response : url=https://randomuser.me/api 
 status=200, reason=OK 
 headers={'Date': 'Thu, 04 Jul 2024 05:16:27 GMT', 'Content-Type': 'application/json; charset=utf-8', 'Transfer-Encoding': 'chunked', 'Connection': 'keep-alive', 'X-Powered-By': 'Express', 'Access-Control-Allow-Origin': '*', 'Cache-Control': 'no-cache', 'ETag': 'W/"493-0P0CqmkaNWsHI+PTYpPRhJrZpS0"', 'Vary': 'Accept-Encoding', 'Content-Encoding': 'gzip', 'CF-Cache-Status': 'DYNAMIC', 'Report-To': '{"endpoints":[{"url":"https:\\/\\/a.nel.cloudflare.com\\/report\\/v4?s=tBIzRKYH3csbKG177VZrwyMPAUJjsbIWLDSOdSDwjHSNBHE1ZfNKh9xBsMdS3PllESX47PYDuubjHYR6SPhqw%2BwrtYF1lzp8EWvPw0fgpX1Ne1FE3WG9jSKnTqvFbgc3"}],"group":"cf-nel","max_age":604800}', 'NEL': '{"success_fraction":0,"report_to":"cf-nel","max_age":604800}', 'Server': 'cloudflare', 'CF-RAY': '89dca4b06ddb2500-SJC', 'alt-svc': 'h3=":443"; ma=86400'} 
 body={"results":[{"gender":"female","name":{"title":"Miss","first":"Leni","last":"Steinsvik"},"location":{"street":{"number":2330,"name":"Dalehaugen"},"city":"Melhus","state":"Nord-Trøndelag","country":"Norway","postcode":"1005","coordinates":{"latitude":"46.3480","longitude":"46.7439"},"timezone":{"offset":"+3:00","description":"Baghdad, Riyadh, Moscow, St. Petersburg"}},"email":"leni.steinsvik@example.com","login":{"uuid":"8c183287-cfb5-4317-9c73-3b12cbd78b67","username":"brownduck734","password":"joseph","salt":"9UvneDfX","md5":"f14b1637c8ceedaccc0d151184fe2cda","sha1":"eb446c4cdc6e43830212a733d20a33a3962b4083","sha256":"77ec28ead6aa7d3ffb50d849e7884180ef79e89a43122328394134505ff0ba8d"},"dob":{"date":"1949-06-26T15:29:35.529Z","age":75},"registered":{"date":"2005-09-11T07:50:40.781Z","age":18},"phone":"78457347","cell":"45380804","id":{"name":"FN","value":"26064944656"},"picture":{"large":"https://randomuser.me/api/portraits/women/75.jpg","medium":"https://randomuser.me/api/portraits/med/women/75.jpg","thumbnail":"https://randomuser.me/api/portraits/thumb/women/75.jpg"},"nat":"NO"}],"info":{"seed":"477a1df5e7cf1f19","results":1,"page":1,"version":"1.4"}} 
 </msg>
<msg time="2024-07-04T05:16:27.680634" level="INFO">/opt/hostedtoolcache/Python/3.12.4/x64/lib/python3.12/site-packages/urllib3/connectionpool.py:1099: InsecureRequestWarning: Unverified HTTPS request is being made to host 'randomuser.me'. Adding certificate verification is strongly advised. See: https://urllib3.readthedocs.io/en/latest/advanced-usage.html#tls-warnings
  warnings.warn(</msg>
<msg time="2024-07-04T05:16:27.680749" level="INFO">${response} = &lt;Response [200]&gt;</msg>
<var>${response}</var>
<arg>consultarAPI</arg>
<arg>/api</arg>
<doc>Sends a GET request on a previously created HTTP Session.</doc>
<status status="PASS" start="2024-07-04T05:16:27.576385" elapsed="0.104405"/>
</kw>
<kw name="Set Variable" owner="BuiltIn">
<msg time="2024-07-04T05:16:27.681926" level="INFO">${json_data} = {'results': [{'gender': 'female', 'name': {'title': 'Miss', 'first': 'Leni', 'last': 'Steinsvik'}, 'location': {'street': {'number': 2330, 'name': 'Dalehaugen'}, 'city': 'Melhus', 'state': 'Nord-Trønd...</msg>
<var>${json_data}</var>
<arg>${response.json()}</arg>
<doc>Returns the given values which can then be assigned to a variables.</doc>
<status status="PASS" start="2024-07-04T05:16:27.681376" elapsed="0.000580"/>
</kw>
<kw name="Set Variable" owner="BuiltIn">
<msg time="2024-07-04T05:16:27.682636" level="INFO">${name_title} = Miss</msg>
<var>${name_title}</var>
<arg>${json_data["results"][0]["name"]["title"]}</arg>
<doc>Returns the given values which can then be assigned to a variables.</doc>
<status status="PASS" start="2024-07-04T05:16:27.682260" elapsed="0.000400"/>
</kw>
<kw name="Create List" owner="BuiltIn">
<msg time="2024-07-04T05:16:27.683098" level="INFO">${allowed_titles} = ['Mr', 'Ms', 'Miss', 'Mrs', 'Madame', 'Monsieur']</msg>
<var>${allowed_titles}</var>
<arg>Mr</arg>
<arg>Ms</arg>
<arg>Miss</arg>
<arg>Mrs</arg>
<arg>Madame</arg>
<arg>Monsieur</arg>
<doc>Returns a list containing given items.</doc>
<status status="PASS" start="2024-07-04T05:16:27.682952" elapsed="0.000170"/>
</kw>
<kw name="List Should Contain Value" owner="Collections">
<arg>${allowed_titles}</arg>
<arg>${name_title}</arg>
<doc>Fails if the ``value`` is not found from ``list``.</doc>
<status status="PASS" start="2024-07-04T05:16:27.683415" elapsed="0.000172"/>
</kw>
<kw name="Set Variable" owner="BuiltIn">
<msg time="2024-07-04T05:16:27.684121" level="INFO">${name_country} = NO</msg>
<var>${name_country}</var>
<arg>${json_data["results"][0]["nat"]}</arg>
<doc>Returns the given values which can then be assigned to a variables.</doc>
<status status="PASS" start="2024-07-04T05:16:27.683763" elapsed="0.000383"/>
</kw>
<kw name="Create List" owner="BuiltIn">
<msg time="2024-07-04T05:16:27.685068" level="INFO">${list_country} = ['AD', 'AE', 'AF', 'AG', 'AI', 'AL', 'AM', 'AO', 'AQ', 'AR', 'AS', 'AT', 'AU', 'AW', 'AX', 'AZ', 'BA', 'BB', 'BD', 'BE', 'BF', 'BG', 'BH', 'BI', 'BJ', 'BL', 'BM', 'BN', 'BO', 'BQ', 'BR', 'BS', 'BT', '...</msg>
<var>${list_country}</var>
<arg>AD</arg>
<arg>AE</arg>
<arg>AF</arg>
<arg>AG</arg>
<arg>AI</arg>
<arg>AL</arg>
<arg>AM</arg>
<arg>AO</arg>
<arg>AQ</arg>
<arg>AR</arg>
<arg>AS</arg>
<arg>AT</arg>
<arg>AU</arg>
<arg>AW</arg>
<arg>AX</arg>
<arg>AZ</arg>
<arg>BA</arg>
<arg>BB</arg>
<arg>BD</arg>
<arg>BE</arg>
<arg>BF</arg>
<arg>BG</arg>
<arg>BH</arg>
<arg>BI</arg>
<arg>BJ</arg>
<arg>BL</arg>
<arg>BM</arg>
<arg>BN</arg>
<arg>BO</arg>
<arg>BQ</arg>
<arg>BR</arg>
<arg>BS</arg>
<arg>BT</arg>
<arg>BV</arg>
<arg>BW</arg>
<arg>BY</arg>
<arg>BZ</arg>
<arg>CA</arg>
<arg>CC</arg>
<arg>CD</arg>
<arg>CF</arg>
<arg>CG</arg>
<arg>CH</arg>
<arg>CI</arg>
<arg>CK</arg>
<arg>CL</arg>
<arg>CM</arg>
<arg>CN</arg>
<arg>CO</arg>
<arg>CR</arg>
<arg>CU</arg>
<arg>CV</arg>
<arg>CW</arg>
<arg>CX</arg>
<arg>CY</arg>
<arg>CZ</arg>
<arg>DE</arg>
<arg>DJ</arg>
<arg>DK</arg>
<arg>DM</arg>
<arg>DO</arg>
<arg>DZ</arg>
<arg>EC</arg>
<arg>EE</arg>
<arg>EG</arg>
<arg>EH</arg>
<arg>ER</arg>
<arg>ES</arg>
<arg>ET</arg>
<arg>FI</arg>
<arg>FJ</arg>
<arg>FK</arg>
<arg>FM</arg>
<arg>FO</arg>
<arg>FR</arg>
<arg>GA</arg>
<arg>GB</arg>
<arg>GD</arg>
<arg>GE</arg>
<arg>GF</arg>
<arg>GG</arg>
<arg>GH</arg>
<arg>GI</arg>
<arg>GL</arg>
<arg>GM</arg>
<arg>GN</arg>
<arg>GP</arg>
<arg>GQ</arg>
<arg>GR</arg>
<arg>GS</arg>
<arg>GT</arg>
<arg>GU</arg>
<arg>GW</arg>
<arg>GY</arg>
<arg>HK</arg>
<arg>HM</arg>
<arg>HN</arg>
<arg>HR</arg>
<arg>HT</arg>
<arg>HU</arg>
<arg>ID</arg>
<arg>IE</arg>
<arg>IL</arg>
<arg>IM</arg>
<arg>IN</arg>
<arg>IO</arg>
<arg>IQ</arg>
<arg>IR</arg>
<arg>IS</arg>
<arg>IT</arg>
<arg>JE</arg>
<arg>JM</arg>
<arg>JO</arg>
<arg>JP</arg>
<arg>KE</arg>
<arg>KG</arg>
<arg>KH</arg>
<arg>KI</arg>
<arg>KM</arg>
<arg>KN</arg>
<arg>KP</arg>
<arg>KR</arg>
<arg>KW</arg>
<arg>KY</arg>
<arg>KZ</arg>
<arg>LA</arg>
<arg>LB</arg>
<arg>LC</arg>
<arg>LI</arg>
<arg>LK</arg>
<arg>LR</arg>
<arg>LS</arg>
<arg>LT</arg>
<arg>LU</arg>
<arg>LV</arg>
<arg>LY</arg>
<arg>MA</arg>
<arg>MC</arg>
<arg>MD</arg>
<arg>ME</arg>
<arg>MF</arg>
<arg>MG</arg>
<arg>MH</arg>
<arg>MK</arg>
<arg>ML</arg>
<arg>MM</arg>
<arg>MN</arg>
<arg>MO</arg>
<arg>MP</arg>
<arg>MQ</arg>
<arg>MR</arg>
<arg>MS</arg>
<arg>MT</arg>
<arg>MU</arg>
<arg>MV</arg>
<arg>MW</arg>
<arg>MX</arg>
<arg>MY</arg>
<arg>MZ</arg>
<arg>NA</arg>
<arg>NC</arg>
<arg>NE</arg>
<arg>NF</arg>
<arg>NG</arg>
<arg>NI</arg>
<arg>NL</arg>
<arg>NO</arg>
<arg>NP</arg>
<arg>NR</arg>
<arg>NU</arg>
<arg>NZ</arg>
<arg>OM</arg>
<arg>PA</arg>
<arg>PE</arg>
<arg>PF</arg>
<arg>PG</arg>
<arg>PH</arg>
<arg>PK</arg>
<arg>PL</arg>
<arg>PM</arg>
<arg>PN</arg>
<arg>PR</arg>
<arg>PS</arg>
<arg>PT</arg>
<arg>PW</arg>
<arg>PY</arg>
<arg>QA</arg>
<arg>RE</arg>
<arg>RO</arg>
<arg>RS</arg>
<arg>RU</arg>
<arg>RW</arg>
<arg>SA</arg>
<arg>SB</arg>
<arg>SC</arg>
<arg>SD</arg>
<arg>SE</arg>
<arg>SG</arg>
<arg>SH</arg>
<arg>SI</arg>
<arg>SJ</arg>
<arg>SK</arg>
<arg>SL</arg>
<arg>SM</arg>
<arg>SN</arg>
<arg>SO</arg>
<arg>SR</arg>
<arg>SS</arg>
<arg>ST</arg>
<arg>SV</arg>
<arg>SX</arg>
<arg>SY</arg>
<arg>SZ</arg>
<arg>TC</arg>
<arg>TD</arg>
<arg>TF</arg>
<arg>TG</arg>
<arg>TH</arg>
<arg>TJ</arg>
<arg>TK</arg>
<arg>TL</arg>
<arg>TM</arg>
<arg>TN</arg>
<arg>TO</arg>
<arg>TR</arg>
<arg>TT</arg>
<arg>TV</arg>
<arg>TW</arg>
<arg>TZ</arg>
<arg>UA</arg>
<arg>UG</arg>
<arg>UM</arg>
<arg>US</arg>
<arg>UY</arg>
<arg>UZ</arg>
<arg>VA</arg>
<arg>VC</arg>
<arg>VE</arg>
<arg>VG</arg>
<arg>VI</arg>
<arg>VN</arg>
<arg>VU</arg>
<arg>WF</arg>
<arg>WS</arg>
<arg>XK</arg>
<arg>YE</arg>
<arg>YT</arg>
<arg>ZA</arg>
<arg>ZM</arg>
<arg>ZW</arg>
<doc>Returns a list containing given items.</doc>
<status status="PASS" start="2024-07-04T05:16:27.684431" elapsed="0.000663"/>
</kw>
<kw name="List Should Contain Value" owner="Collections">
<arg>${list_country}</arg>
<arg>${name_country}</arg>
<doc>Fails if the ``value`` is not found from ``list``.</doc>
<status status="PASS" start="2024-07-04T05:16:27.685896" elapsed="0.000203"/>
</kw>
<kw name="Run Keyword If" owner="BuiltIn">
<kw name="Should Be True" owner="BuiltIn">
<arg>${True}</arg>
<doc>Fails if the given condition is not true.</doc>
<status status="PASS" start="2024-07-04T05:16:27.687020" elapsed="0.000139"/>
</kw>
<arg>${json_data["results"][0]["location"]["coordinates"]["latitude"]} &gt;= -90 and ${json_data["results"][0]["location"]["coordinates"]["latitude"]} &lt;= 90</arg>
<arg>Should Be True</arg>
<arg>${True}</arg>
<doc>Runs the given keyword with the given arguments, if ``condition`` is true.</doc>
<status status="PASS" start="2024-07-04T05:16:27.686292" elapsed="0.000989"/>
</kw>
<kw name="Run Keyword If" owner="BuiltIn">
<kw name="Should Be True" owner="BuiltIn">
<arg>${True}</arg>
<doc>Fails if the given condition is not true.</doc>
<status status="PASS" start="2024-07-04T05:16:27.688154" elapsed="0.000137"/>
</kw>
<arg>${json_data["results"][0]["location"]["coordinates"]["longitude"]} &gt;= -180 and ${json_data["results"][0]["location"]["coordinates"]["longitude"]} &lt;= 180</arg>
<arg>Should Be True</arg>
<arg>${True}</arg>
<doc>Runs the given keyword with the given arguments, if ``condition`` is true.</doc>
<status status="PASS" start="2024-07-04T05:16:27.687458" elapsed="0.000954"/>
</kw>
<status status="PASS" start="2024-07-04T05:16:27.575811" elapsed="0.112729"/>
</kw>
<doc>Testa o conteúdo específico dos campos retornados pela API.</doc>
<tag>testeConteudo</tag>
<status status="PASS" start="2024-07-04T05:16:27.575155" elapsed="0.113537"/>
</test>
<status status="PASS" start="2024-07-04T05:16:26.403770" elapsed="1.286917"/>
</suite>
<status status="PASS" start="2024-07-04T05:16:26.389489" elapsed="1.306360"/>
</suite>
<statistics>
<total>
<stat pass="5" fail="0" skip="0">All Tests</stat>
</total>
<tag>
<stat pass="1" fail="0" skip="0">testeConteudo</stat>
<stat pass="1" fail="0" skip="0">testeEstruturaResposta</stat>
<stat pass="1" fail="0" skip="0">testeRequisicaoBasica</stat>
<stat pass="1" fail="0" skip="0">testeTiposDados</stat>
</tag>
<suite>
<stat pass="5" fail="0" skip="0" id="s1" name="Tests">Tests</stat>
<stat pass="5" fail="0" skip="0" id="s1-s1" name="Random-User-Test">Tests.Random-User-Test</stat>
</suite>
</statistics>
<errors>
</errors>
</robot>
