<?xml version="1.0" encoding="UTF-8"?>
<robot generator="Robot 7.0.1 (Python 3.12.4 on linux)" generated="2024-07-08T15:16:23.438000" rpa="false" schemaversion="5">
<suite id="s1" name="Tests" source="/home/runner/work/ApiRandomUser/ApiRandomUser/RamdonUser/tests">
<suite id="s1-s1" name="Random-User-Test" source="/home/runner/work/ApiRandomUser/ApiRandomUser/RamdonUser/tests/random-user-test.robot">
<test id="s1-s1-t1" name="Conectar" line="13">
<kw name="Conectar API" owner="random-user-service">
<kw name="Create Session" owner="RequestsLibrary">
<msg time="2024-07-08T15:16:23.824864" level="INFO">Creating Session using : alias=consultarAPI, url=https://randomuser.me/, headers={},                     cookies={}, auth=None, timeout=None, proxies=None, verify=False,                     debug=0 </msg>
<arg>consultarAPI</arg>
<arg>${URL}</arg>
<doc>Create Session: create a HTTP session to a server</doc>
<status status="PASS" start="2024-07-08T15:16:23.824683" elapsed="0.000337"/>
</kw>
<status status="PASS" start="2024-07-08T15:16:23.823854" elapsed="0.001483"/>
</kw>
<status status="PASS" start="2024-07-08T15:16:23.823315" elapsed="0.002212"/>
</test>
<test id="s1-s1-t2" name="Validar retorno 200 e JSON Válido" line="16">
<kw name="Teste de Requisicao Basica" owner="random-user-service">
<kw name="GET On Session" owner="RequestsLibrary">
<msg time="2024-07-08T15:16:24.086477" level="INFO">GET Request : url=https://randomuser.me/api 
 path_url=/api 
 headers={'User-Agent': 'python-requests/2.32.3', 'Accept-Encoding': 'gzip, deflate', 'Accept': '*/*', 'Connection': 'keep-alive'} 
 body=None 
 </msg>
<msg time="2024-07-08T15:16:24.086583" level="INFO">GET Response : url=https://randomuser.me/api 
 status=200, reason=OK 
 headers={'Date': 'Mon, 08 Jul 2024 15:16:24 GMT', 'Content-Type': 'application/json; charset=utf-8', 'Transfer-Encoding': 'chunked', 'Connection': 'keep-alive', 'X-Powered-By': 'Express', 'Access-Control-Allow-Origin': '*', 'Cache-Control': 'no-cache', 'ETag': 'W/"493-eQdSutq9a5NYWxx3J5xTR7NGv0I"', 'Vary': 'Accept-Encoding', 'Content-Encoding': 'gzip', 'CF-Cache-Status': 'DYNAMIC', 'Report-To': '{"endpoints":[{"url":"https:\\/\\/a.nel.cloudflare.com\\/report\\/v4?s=lzRl8hhvl0DFgRtgkF7k5qkUN6rNXa59sqXPDF1V9bZKSdVoSL1PwVhTWc8lEsa%2B5qjpASEIr4dPFDGpPVb9IC2%2BYhAeF85xXF3wUb6pR9R99QfZRPuR8Coe9Y9qIJmz"}],"group":"cf-nel","max_age":604800}', 'NEL': '{"success_fraction":0,"report_to":"cf-nel","max_age":604800}', 'Server': 'cloudflare', 'CF-RAY': '8a010901fde815d2-SJC', 'alt-svc': 'h3=":443"; ma=86400'} 
 body={"results":[{"gender":"male","name":{"title":"Mr","first":"Gilbert","last":"Martinez"},"location":{"street":{"number":8483,"name":"Rookery Road"},"city":"Westport","state":"Westmeath","country":"Ireland","postcode":60336,"coordinates":{"latitude":"-1.3149","longitude":"-63.6671"},"timezone":{"offset":"+3:00","description":"Baghdad, Riyadh, Moscow, St. Petersburg"}},"email":"gilbert.martinez@example.com","login":{"uuid":"699dbfe8-3a03-406a-9eff-e3fb27fc1046","username":"yellowwolf941","password":"thecrow","salt":"mNaocAP2","md5":"8e7e869eb4c73456f38c8d60c62301a0","sha1":"8c4006d1cc5625ae6492ca6b55ccbff02a74bbfd","sha256":"01a2075a29a13ce8b41ffc6498cb7871b9d0c5886f2b66f78e0ebe11b6ad10bf"},"dob":{"date":"1958-07-23T13:34:33.305Z","age":65},"registered":{"date":"2022-02-24T09:30:44.965Z","age":2},"phone":"021-497-0034","cell":"081-539-8951","id":{"name":"PPS","value":"6146187T"},"picture":{"large":"https://randomuser.me/api/portraits/men/69.jpg","medium":"https://randomuser.me/api/portraits/med/men/69.jpg","thumbnail":"https://randomuser.me/api/portraits/thumb/men/69.jpg"},"nat":"IE"}],"info":{"seed":"6b4ed7a0372ec42c","results":1,"page":1,"version":"1.4"}} 
 </msg>
<msg time="2024-07-08T15:16:24.086655" level="INFO">/opt/hostedtoolcache/Python/3.12.4/x64/lib/python3.12/site-packages/urllib3/connectionpool.py:1099: InsecureRequestWarning: Unverified HTTPS request is being made to host 'randomuser.me'. Adding certificate verification is strongly advised. See: https://urllib3.readthedocs.io/en/latest/advanced-usage.html#tls-warnings
  warnings.warn(</msg>
<msg time="2024-07-08T15:16:24.086795" level="INFO">${response} = &lt;Response [200]&gt;</msg>
<var>${response}</var>
<arg>consultarAPI</arg>
<arg>/api</arg>
<doc>Sends a GET request on a previously created HTTP Session.</doc>
<status status="PASS" start="2024-07-08T15:16:23.828199" elapsed="0.258639"/>
</kw>
<kw name="Should Be Equal As Numbers" owner="BuiltIn">
<msg time="2024-07-08T15:16:24.087812" level="INFO">Argument types are:
&lt;class 'int'&gt;
&lt;class 'str'&gt;</msg>
<arg>${response.status_code}</arg>
<arg>200</arg>
<doc>Fails if objects are unequal after converting them to real numbers.</doc>
<status status="PASS" start="2024-07-08T15:16:24.087322" elapsed="0.000552"/>
</kw>
<kw name="Log" owner="BuiltIn">
<msg time="2024-07-08T15:16:24.088537" level="INFO">200</msg>
<arg>${response.status_code}</arg>
<doc>Logs the given message with the given level.</doc>
<status status="PASS" start="2024-07-08T15:16:24.088190" elapsed="0.000390"/>
</kw>
<kw name="Set Variable" owner="BuiltIn">
<msg time="2024-07-08T15:16:24.089299" level="INFO">${json_data} = {'results': [{'gender': 'male', 'name': {'title': 'Mr', 'first': 'Gilbert', 'last': 'Martinez'}, 'location': {'street': {'number': 8483, 'name': 'Rookery Road'}, 'city': 'Westport', 'state': 'Westmeat...</msg>
<var>${json_data}</var>
<arg>${response.json()}</arg>
<doc>Returns the given values which can then be assigned to a variables.</doc>
<status status="PASS" start="2024-07-08T15:16:24.088878" elapsed="0.000448"/>
</kw>
<kw name="Dictionary Should Contain Key" owner="Collections">
<arg>${json_data}</arg>
<arg>results</arg>
<doc>Fails if ``key`` is not found from ``dictionary``.</doc>
<status status="PASS" start="2024-07-08T15:16:24.089619" elapsed="0.000165"/>
</kw>
<status status="PASS" start="2024-07-08T15:16:23.827953" elapsed="0.261970"/>
</kw>
<doc>Testa se a API responde corretamente e retorna um objeto JSON válido.</doc>
<tag>testeRequisicaoBasica</tag>
<status status="PASS" start="2024-07-08T15:16:23.827436" elapsed="0.262642"/>
</test>
<test id="s1-s1-t3" name="Validar estrutura de resposta" line="22">
<kw name="Teste de Estrutura de Resposta" owner="random-user-service">
<kw name="GET On Session" owner="RequestsLibrary">
<msg time="2024-07-08T15:16:24.190226" level="INFO">GET Request : url=https://randomuser.me/api 
 path_url=/api 
 headers={'User-Agent': 'python-requests/2.32.3', 'Accept-Encoding': 'gzip, deflate', 'Accept': '*/*', 'Connection': 'keep-alive'} 
 body=None 
 </msg>
<msg time="2024-07-08T15:16:24.190317" level="INFO">GET Response : url=https://randomuser.me/api 
 status=200, reason=OK 
 headers={'Date': 'Mon, 08 Jul 2024 15:16:24 GMT', 'Content-Type': 'application/json; charset=utf-8', 'Transfer-Encoding': 'chunked', 'Connection': 'keep-alive', 'X-Powered-By': 'Express', 'Access-Control-Allow-Origin': '*', 'Cache-Control': 'no-cache', 'ETag': 'W/"483-dVdpdRpBQqAx6ad12dYxiLWQvIo"', 'Vary': 'Accept-Encoding', 'Content-Encoding': 'gzip', 'CF-Cache-Status': 'DYNAMIC', 'Report-To': '{"endpoints":[{"url":"https:\\/\\/a.nel.cloudflare.com\\/report\\/v4?s=%2BU2%2F1SSsp8KC38rXdOpPSA0smJr%2Fd5fq3P%2Fj9YiSqh7%2B8RbVpOVDq1E%2FKOYR8J%2Fcrbt2SnZOX1VGjN8dF%2BNfCyvvCb%2BiWJB7mCZQYGGDCbYKyMdL7j8kgCVgFxUTyyl9"}],"group":"cf-nel","max_age":604800}', 'NEL': '{"success_fraction":0,"report_to":"cf-nel","max_age":604800}', 'Server': 'cloudflare', 'CF-RAY': '8a0109029e6b15d2-SJC', 'alt-svc': 'h3=":443"; ma=86400'} 
 body={"results":[{"gender":"female","name":{"title":"Mrs","first":"Fatma","last":"Bolatlı"},"location":{"street":{"number":7055,"name":"Istiklal Cd"},"city":"Çankırı","state":"Bilecik","country":"Turkey","postcode":84201,"coordinates":{"latitude":"67.0308","longitude":"49.8458"},"timezone":{"offset":"-1:00","description":"Azores, Cape Verde Islands"}},"email":"fatma.bolatli@example.com","login":{"uuid":"6386b732-d120-46d0-bdc3-3c7b4337e2f7","username":"blueelephant794","password":"saturn","salt":"hkcy3bmZ","md5":"8c8688c4eac6f022a9e41e30645e0b54","sha1":"667f8f6773cc29bd5bf4902d63acd1706cdc8285","sha256":"4986f883e99872d7eaf353f6bc2539747c318e35f2ac39989fdd1d7bd0e6ba63"},"dob":{"date":"1971-12-31T08:56:46.670Z","age":52},"registered":{"date":"2016-05-10T13:44:20.507Z","age":8},"phone":"(224)-919-4378","cell":"(335)-317-0404","id":{"name":"","value":null},"picture":{"large":"https://randomuser.me/api/portraits/women/30.jpg","medium":"https://randomuser.me/api/portraits/med/women/30.jpg","thumbnail":"https://randomuser.me/api/portraits/thumb/women/30.jpg"},"nat":"TR"}],"info":{"seed":"9a6592acff60ca00","results":1,"page":1,"version":"1.4"}} 
 </msg>
<msg time="2024-07-08T15:16:24.190447" level="INFO">/opt/hostedtoolcache/Python/3.12.4/x64/lib/python3.12/site-packages/urllib3/connectionpool.py:1099: InsecureRequestWarning: Unverified HTTPS request is being made to host 'randomuser.me'. Adding certificate verification is strongly advised. See: https://urllib3.readthedocs.io/en/latest/advanced-usage.html#tls-warnings
  warnings.warn(</msg>
<msg time="2024-07-08T15:16:24.190581" level="INFO">${response} = &lt;Response [200]&gt;</msg>
<var>${response}</var>
<arg>consultarAPI</arg>
<arg>/api</arg>
<doc>Sends a GET request on a previously created HTTP Session.</doc>
<status status="PASS" start="2024-07-08T15:16:24.092682" elapsed="0.097956"/>
</kw>
<kw name="Set Variable" owner="BuiltIn">
<msg time="2024-07-08T15:16:24.191706" level="INFO">${json_data} = {'results': [{'gender': 'female', 'name': {'title': 'Mrs', 'first': 'Fatma', 'last': 'Bolatlı'}, 'location': {'street': {'number': 7055, 'name': 'Istiklal Cd'}, 'city': 'Çankırı', 'state': 'Bilecik', ...</msg>
<var>${json_data}</var>
<arg>${response.json()}</arg>
<doc>Returns the given values which can then be assigned to a variables.</doc>
<status status="PASS" start="2024-07-08T15:16:24.191152" elapsed="0.000586"/>
</kw>
<kw name="Log" owner="BuiltIn">
<msg time="2024-07-08T15:16:24.192218" level="INFO">{'results': [{'gender': 'female', 'name': {'title': 'Mrs', 'first': 'Fatma', 'last': 'Bolatlı'}, 'location': {'street': {'number': 7055, 'name': 'Istiklal Cd'}, 'city': 'Çankırı', 'state': 'Bilecik', 'country': 'Turkey', 'postcode': 84201, 'coordinates': {'latitude': '67.0308', 'longitude': '49.8458'}, 'timezone': {'offset': '-1:00', 'description': 'Azores, Cape Verde Islands'}}, 'email': 'fatma.bolatli@example.com', 'login': {'uuid': '6386b732-d120-46d0-bdc3-3c7b4337e2f7', 'username': 'blueelephant794', 'password': 'saturn', 'salt': 'hkcy3bmZ', 'md5': '8c8688c4eac6f022a9e41e30645e0b54', 'sha1': '667f8f6773cc29bd5bf4902d63acd1706cdc8285', 'sha256': '4986f883e99872d7eaf353f6bc2539747c318e35f2ac39989fdd1d7bd0e6ba63'}, 'dob': {'date': '1971-12-31T08:56:46.670Z', 'age': 52}, 'registered': {'date': '2016-05-10T13:44:20.507Z', 'age': 8}, 'phone': '(224)-919-4378', 'cell': '(335)-317-0404', 'id': {'name': '', 'value': None}, 'picture': {'large': 'https://randomuser.me/api/portraits/women/30.jpg', 'medium': 'https://randomuser.me/api/portraits/med/women/30.jpg', 'thumbnail': 'https://randomuser.me/api/portraits/thumb/women/30.jpg'}, 'nat': 'TR'}], 'info': {'seed': '9a6592acff60ca00', 'results': 1, 'page': 1, 'version': '1.4'}}</msg>
<arg>${json_data}</arg>
<doc>Logs the given message with the given level.</doc>
<status status="PASS" start="2024-07-08T15:16:24.192056" elapsed="0.000214"/>
</kw>
<kw name="Dictionary Should Contain Key" owner="Collections">
<arg>${json_data}</arg>
<arg>results</arg>
<doc>Fails if ``key`` is not found from ``dictionary``.</doc>
<status status="PASS" start="2024-07-08T15:16:24.192566" elapsed="0.000156"/>
</kw>
<kw name="Should Not Be Empty" owner="BuiltIn">
<msg time="2024-07-08T15:16:24.193045" level="INFO">Length is 2.</msg>
<arg>${json_data}</arg>
<doc>Verifies that the given item is not empty.</doc>
<status status="PASS" start="2024-07-08T15:16:24.192908" elapsed="0.000177"/>
</kw>
<kw name="Create List" owner="BuiltIn">
<msg time="2024-07-08T15:16:24.193647" level="INFO">${expected_keys} = ['gender', 'name', 'location', 'email', 'login']</msg>
<var>${expected_keys}</var>
<arg>gender</arg>
<arg>name</arg>
<arg>location</arg>
<arg>email</arg>
<arg>login</arg>
<doc>Returns a list containing given items.</doc>
<status status="PASS" start="2024-07-08T15:16:24.193382" elapsed="0.000290"/>
</kw>
<for flavor="IN">
<iter>
<kw name="Dictionary Should Contain Key" owner="Collections">
<arg>${json_data['results'][0]}</arg>
<arg>${key}</arg>
<doc>Fails if ``key`` is not found from ``dictionary``.</doc>
<status status="PASS" start="2024-07-08T15:16:24.194233" elapsed="0.000411"/>
</kw>
<kw name="Log" owner="BuiltIn">
<msg time="2024-07-08T15:16:24.195250" level="INFO">{'gender': 'female', 'name': {'title': 'Mrs', 'first': 'Fatma', 'last': 'Bolatlı'}, 'location': {'street': {'number': 7055, 'name': 'Istiklal Cd'}, 'city': 'Çankırı', 'state': 'Bilecik', 'country': 'Turkey', 'postcode': 84201, 'coordinates': {'latitude': '67.0308', 'longitude': '49.8458'}, 'timezone': {'offset': '-1:00', 'description': 'Azores, Cape Verde Islands'}}, 'email': 'fatma.bolatli@example.com', 'login': {'uuid': '6386b732-d120-46d0-bdc3-3c7b4337e2f7', 'username': 'blueelephant794', 'password': 'saturn', 'salt': 'hkcy3bmZ', 'md5': '8c8688c4eac6f022a9e41e30645e0b54', 'sha1': '667f8f6773cc29bd5bf4902d63acd1706cdc8285', 'sha256': '4986f883e99872d7eaf353f6bc2539747c318e35f2ac39989fdd1d7bd0e6ba63'}, 'dob': {'date': '1971-12-31T08:56:46.670Z', 'age': 52}, 'registered': {'date': '2016-05-10T13:44:20.507Z', 'age': 8}, 'phone': '(224)-919-4378', 'cell': '(335)-317-0404', 'id': {'name': '', 'value': None}, 'picture': {'large': 'https://randomuser.me/api/portraits/women/30.jpg', 'medium': 'https://randomuser.me/api/portraits/med/women/30.jpg', 'thumbnail': 'https://randomuser.me/api/portraits/thumb/women/30.jpg'}, 'nat': 'TR'}</msg>
<arg>${json_data['results'][0]}</arg>
<doc>Logs the given message with the given level.</doc>
<status status="PASS" start="2024-07-08T15:16:24.194880" elapsed="0.000423"/>
</kw>
<kw name="Log" owner="BuiltIn">
<msg time="2024-07-08T15:16:24.195734" level="INFO">gender</msg>
<arg>${key}</arg>
<doc>Logs the given message with the given level.</doc>
<status status="PASS" start="2024-07-08T15:16:24.195604" elapsed="0.000171"/>
</kw>
<var name="${key}">gender</var>
<status status="PASS" start="2024-07-08T15:16:24.194110" elapsed="0.001884"/>
</iter>
<iter>
<kw name="Dictionary Should Contain Key" owner="Collections">
<arg>${json_data['results'][0]}</arg>
<arg>${key}</arg>
<doc>Fails if ``key`` is not found from ``dictionary``.</doc>
<status status="PASS" start="2024-07-08T15:16:24.196306" elapsed="0.000392"/>
</kw>
<kw name="Log" owner="BuiltIn">
<msg time="2024-07-08T15:16:24.197235" level="INFO">{'gender': 'female', 'name': {'title': 'Mrs', 'first': 'Fatma', 'last': 'Bolatlı'}, 'location': {'street': {'number': 7055, 'name': 'Istiklal Cd'}, 'city': 'Çankırı', 'state': 'Bilecik', 'country': 'Turkey', 'postcode': 84201, 'coordinates': {'latitude': '67.0308', 'longitude': '49.8458'}, 'timezone': {'offset': '-1:00', 'description': 'Azores, Cape Verde Islands'}}, 'email': 'fatma.bolatli@example.com', 'login': {'uuid': '6386b732-d120-46d0-bdc3-3c7b4337e2f7', 'username': 'blueelephant794', 'password': 'saturn', 'salt': 'hkcy3bmZ', 'md5': '8c8688c4eac6f022a9e41e30645e0b54', 'sha1': '667f8f6773cc29bd5bf4902d63acd1706cdc8285', 'sha256': '4986f883e99872d7eaf353f6bc2539747c318e35f2ac39989fdd1d7bd0e6ba63'}, 'dob': {'date': '1971-12-31T08:56:46.670Z', 'age': 52}, 'registered': {'date': '2016-05-10T13:44:20.507Z', 'age': 8}, 'phone': '(224)-919-4378', 'cell': '(335)-317-0404', 'id': {'name': '', 'value': None}, 'picture': {'large': 'https://randomuser.me/api/portraits/women/30.jpg', 'medium': 'https://randomuser.me/api/portraits/med/women/30.jpg', 'thumbnail': 'https://randomuser.me/api/portraits/thumb/women/30.jpg'}, 'nat': 'TR'}</msg>
<arg>${json_data['results'][0]}</arg>
<doc>Logs the given message with the given level.</doc>
<status status="PASS" start="2024-07-08T15:16:24.196883" elapsed="0.000438"/>
</kw>
<kw name="Log" owner="BuiltIn">
<msg time="2024-07-08T15:16:24.197751" level="INFO">name</msg>
<arg>${key}</arg>
<doc>Logs the given message with the given level.</doc>
<status status="PASS" start="2024-07-08T15:16:24.197623" elapsed="0.000165"/>
</kw>
<var name="${key}">name</var>
<status status="PASS" start="2024-07-08T15:16:24.196188" elapsed="0.001815"/>
</iter>
<iter>
<kw name="Dictionary Should Contain Key" owner="Collections">
<arg>${json_data['results'][0]}</arg>
<arg>${key}</arg>
<doc>Fails if ``key`` is not found from ``dictionary``.</doc>
<status status="PASS" start="2024-07-08T15:16:24.198292" elapsed="0.000403"/>
</kw>
<kw name="Log" owner="BuiltIn">
<msg time="2024-07-08T15:16:24.199232" level="INFO">{'gender': 'female', 'name': {'title': 'Mrs', 'first': 'Fatma', 'last': 'Bolatlı'}, 'location': {'street': {'number': 7055, 'name': 'Istiklal Cd'}, 'city': 'Çankırı', 'state': 'Bilecik', 'country': 'Turkey', 'postcode': 84201, 'coordinates': {'latitude': '67.0308', 'longitude': '49.8458'}, 'timezone': {'offset': '-1:00', 'description': 'Azores, Cape Verde Islands'}}, 'email': 'fatma.bolatli@example.com', 'login': {'uuid': '6386b732-d120-46d0-bdc3-3c7b4337e2f7', 'username': 'blueelephant794', 'password': 'saturn', 'salt': 'hkcy3bmZ', 'md5': '8c8688c4eac6f022a9e41e30645e0b54', 'sha1': '667f8f6773cc29bd5bf4902d63acd1706cdc8285', 'sha256': '4986f883e99872d7eaf353f6bc2539747c318e35f2ac39989fdd1d7bd0e6ba63'}, 'dob': {'date': '1971-12-31T08:56:46.670Z', 'age': 52}, 'registered': {'date': '2016-05-10T13:44:20.507Z', 'age': 8}, 'phone': '(224)-919-4378', 'cell': '(335)-317-0404', 'id': {'name': '', 'value': None}, 'picture': {'large': 'https://randomuser.me/api/portraits/women/30.jpg', 'medium': 'https://randomuser.me/api/portraits/med/women/30.jpg', 'thumbnail': 'https://randomuser.me/api/portraits/thumb/women/30.jpg'}, 'nat': 'TR'}</msg>
<arg>${json_data['results'][0]}</arg>
<doc>Logs the given message with the given level.</doc>
<status status="PASS" start="2024-07-08T15:16:24.198880" elapsed="0.000404"/>
</kw>
<kw name="Log" owner="BuiltIn">
<msg time="2024-07-08T15:16:24.199714" level="INFO">location</msg>
<arg>${key}</arg>
<doc>Logs the given message with the given level.</doc>
<status status="PASS" start="2024-07-08T15:16:24.199586" elapsed="0.000166"/>
</kw>
<var name="${key}">location</var>
<status status="PASS" start="2024-07-08T15:16:24.198181" elapsed="0.001786"/>
</iter>
<iter>
<kw name="Dictionary Should Contain Key" owner="Collections">
<arg>${json_data['results'][0]}</arg>
<arg>${key}</arg>
<doc>Fails if ``key`` is not found from ``dictionary``.</doc>
<status status="PASS" start="2024-07-08T15:16:24.200244" elapsed="0.000386"/>
</kw>
<kw name="Log" owner="BuiltIn">
<msg time="2024-07-08T15:16:24.201161" level="INFO">{'gender': 'female', 'name': {'title': 'Mrs', 'first': 'Fatma', 'last': 'Bolatlı'}, 'location': {'street': {'number': 7055, 'name': 'Istiklal Cd'}, 'city': 'Çankırı', 'state': 'Bilecik', 'country': 'Turkey', 'postcode': 84201, 'coordinates': {'latitude': '67.0308', 'longitude': '49.8458'}, 'timezone': {'offset': '-1:00', 'description': 'Azores, Cape Verde Islands'}}, 'email': 'fatma.bolatli@example.com', 'login': {'uuid': '6386b732-d120-46d0-bdc3-3c7b4337e2f7', 'username': 'blueelephant794', 'password': 'saturn', 'salt': 'hkcy3bmZ', 'md5': '8c8688c4eac6f022a9e41e30645e0b54', 'sha1': '667f8f6773cc29bd5bf4902d63acd1706cdc8285', 'sha256': '4986f883e99872d7eaf353f6bc2539747c318e35f2ac39989fdd1d7bd0e6ba63'}, 'dob': {'date': '1971-12-31T08:56:46.670Z', 'age': 52}, 'registered': {'date': '2016-05-10T13:44:20.507Z', 'age': 8}, 'phone': '(224)-919-4378', 'cell': '(335)-317-0404', 'id': {'name': '', 'value': None}, 'picture': {'large': 'https://randomuser.me/api/portraits/women/30.jpg', 'medium': 'https://randomuser.me/api/portraits/med/women/30.jpg', 'thumbnail': 'https://randomuser.me/api/portraits/thumb/women/30.jpg'}, 'nat': 'TR'}</msg>
<arg>${json_data['results'][0]}</arg>
<doc>Logs the given message with the given level.</doc>
<status status="PASS" start="2024-07-08T15:16:24.200811" elapsed="0.000402"/>
</kw>
<kw name="Log" owner="BuiltIn">
<msg time="2024-07-08T15:16:24.201635" level="INFO">email</msg>
<arg>${key}</arg>
<doc>Logs the given message with the given level.</doc>
<status status="PASS" start="2024-07-08T15:16:24.201510" elapsed="0.000163"/>
</kw>
<var name="${key}">email</var>
<status status="PASS" start="2024-07-08T15:16:24.200138" elapsed="0.001748"/>
</iter>
<iter>
<kw name="Dictionary Should Contain Key" owner="Collections">
<arg>${json_data['results'][0]}</arg>
<arg>${key}</arg>
<doc>Fails if ``key`` is not found from ``dictionary``.</doc>
<status status="PASS" start="2024-07-08T15:16:24.202170" elapsed="0.000390"/>
</kw>
<kw name="Log" owner="BuiltIn">
<msg time="2024-07-08T15:16:24.203147" level="INFO">{'gender': 'female', 'name': {'title': 'Mrs', 'first': 'Fatma', 'last': 'Bolatlı'}, 'location': {'street': {'number': 7055, 'name': 'Istiklal Cd'}, 'city': 'Çankırı', 'state': 'Bilecik', 'country': 'Turkey', 'postcode': 84201, 'coordinates': {'latitude': '67.0308', 'longitude': '49.8458'}, 'timezone': {'offset': '-1:00', 'description': 'Azores, Cape Verde Islands'}}, 'email': 'fatma.bolatli@example.com', 'login': {'uuid': '6386b732-d120-46d0-bdc3-3c7b4337e2f7', 'username': 'blueelephant794', 'password': 'saturn', 'salt': 'hkcy3bmZ', 'md5': '8c8688c4eac6f022a9e41e30645e0b54', 'sha1': '667f8f6773cc29bd5bf4902d63acd1706cdc8285', 'sha256': '4986f883e99872d7eaf353f6bc2539747c318e35f2ac39989fdd1d7bd0e6ba63'}, 'dob': {'date': '1971-12-31T08:56:46.670Z', 'age': 52}, 'registered': {'date': '2016-05-10T13:44:20.507Z', 'age': 8}, 'phone': '(224)-919-4378', 'cell': '(335)-317-0404', 'id': {'name': '', 'value': None}, 'picture': {'large': 'https://randomuser.me/api/portraits/women/30.jpg', 'medium': 'https://randomuser.me/api/portraits/med/women/30.jpg', 'thumbnail': 'https://randomuser.me/api/portraits/thumb/women/30.jpg'}, 'nat': 'TR'}</msg>
<arg>${json_data['results'][0]}</arg>
<doc>Logs the given message with the given level.</doc>
<status status="PASS" start="2024-07-08T15:16:24.202777" elapsed="0.000422"/>
</kw>
<kw name="Log" owner="BuiltIn">
<msg time="2024-07-08T15:16:24.203615" level="INFO">login</msg>
<arg>${key}</arg>
<doc>Logs the given message with the given level.</doc>
<status status="PASS" start="2024-07-08T15:16:24.203490" elapsed="0.000163"/>
</kw>
<var name="${key}">login</var>
<status status="PASS" start="2024-07-08T15:16:24.202056" elapsed="0.001812"/>
</iter>
<var>${key}</var>
<value>@{expected_keys}</value>
<status status="PASS" start="2024-07-08T15:16:24.193931" elapsed="0.010058"/>
</for>
<kw name="Create List" owner="BuiltIn">
<msg time="2024-07-08T15:16:24.204313" level="INFO">${expected_keysTwo} = ['username', 'password']</msg>
<var>${expected_keysTwo}</var>
<arg>username</arg>
<arg>password</arg>
<doc>Returns a list containing given items.</doc>
<status status="PASS" start="2024-07-08T15:16:24.204175" elapsed="0.000162"/>
</kw>
<for flavor="IN">
<iter>
<kw name="Dictionary Should Contain Key" owner="Collections">
<arg>${json_data['results'][0]['login']}</arg>
<arg>${keyTwo}</arg>
<doc>Fails if ``key`` is not found from ``dictionary``.</doc>
<status status="PASS" start="2024-07-08T15:16:24.204857" elapsed="0.000385"/>
</kw>
<kw name="Dictionary Should Contain Key" owner="Collections">
<arg>${json_data['results'][0]['login']}</arg>
<arg>${keyTwo}</arg>
<doc>Fails if ``key`` is not found from ``dictionary``.</doc>
<status status="PASS" start="2024-07-08T15:16:24.205423" elapsed="0.000378"/>
</kw>
<kw name="Log" owner="BuiltIn">
<msg time="2024-07-08T15:16:24.206108" level="INFO">username</msg>
<arg>${keyTwo}</arg>
<doc>Logs the given message with the given level.</doc>
<status status="PASS" start="2024-07-08T15:16:24.205983" elapsed="0.000162"/>
</kw>
<var name="${keyTwo}">username</var>
<status status="PASS" start="2024-07-08T15:16:24.204750" elapsed="0.001619"/>
</iter>
<iter>
<kw name="Dictionary Should Contain Key" owner="Collections">
<arg>${json_data['results'][0]['login']}</arg>
<arg>${keyTwo}</arg>
<doc>Fails if ``key`` is not found from ``dictionary``.</doc>
<status status="PASS" start="2024-07-08T15:16:24.206649" elapsed="0.000409"/>
</kw>
<kw name="Dictionary Should Contain Key" owner="Collections">
<arg>${json_data['results'][0]['login']}</arg>
<arg>${keyTwo}</arg>
<doc>Fails if ``key`` is not found from ``dictionary``.</doc>
<status status="PASS" start="2024-07-08T15:16:24.207234" elapsed="0.000361"/>
</kw>
<kw name="Log" owner="BuiltIn">
<msg time="2024-07-08T15:16:24.207889" level="INFO">password</msg>
<arg>${keyTwo}</arg>
<doc>Logs the given message with the given level.</doc>
<status status="PASS" start="2024-07-08T15:16:24.207771" elapsed="0.000160"/>
</kw>
<var name="${keyTwo}">password</var>
<status status="PASS" start="2024-07-08T15:16:24.206542" elapsed="0.001704"/>
</iter>
<var>${keyTwo}</var>
<value>@{expected_keysTwo}</value>
<status status="PASS" start="2024-07-08T15:16:24.204596" elapsed="0.003771"/>
</for>
<status status="PASS" start="2024-07-08T15:16:24.092457" elapsed="0.116048"/>
</kw>
<doc>Testa a estrutura da resposta da API.</doc>
<tag>testeEstruturaResposta</tag>
<status status="PASS" start="2024-07-08T15:16:24.091902" elapsed="0.116748"/>
</test>
<test id="s1-s1-t4" name="Validar tipos de dados" line="28">
<kw name="Teste de Tipos de Dados" owner="random-user-service">
<kw name="GET On Session" owner="RequestsLibrary">
<msg time="2024-07-08T15:16:24.302040" level="INFO">GET Request : url=https://randomuser.me/api 
 path_url=/api 
 headers={'User-Agent': 'python-requests/2.32.3', 'Accept-Encoding': 'gzip, deflate', 'Accept': '*/*', 'Connection': 'keep-alive'} 
 body=None 
 </msg>
<msg time="2024-07-08T15:16:24.302104" level="INFO">GET Response : url=https://randomuser.me/api 
 status=200, reason=OK 
 headers={'Date': 'Mon, 08 Jul 2024 15:16:24 GMT', 'Content-Type': 'application/json; charset=utf-8', 'Transfer-Encoding': 'chunked', 'Connection': 'keep-alive', 'X-Powered-By': 'Express', 'Access-Control-Allow-Origin': '*', 'Cache-Control': 'no-cache', 'ETag': 'W/"4a2-zfeB8uO45MatDi0euJ1/UWVTJaA"', 'Vary': 'Accept-Encoding', 'Content-Encoding': 'gzip', 'CF-Cache-Status': 'DYNAMIC', 'Report-To': '{"endpoints":[{"url":"https:\\/\\/a.nel.cloudflare.com\\/report\\/v4?s=Az9E3SS1LgWWiIimbmz9QZr%2BAKckTxAm%2BGZNcXXKHXV%2FkgPbuKTYcu%2BLS3lcWyzTUq1xEUEzR77qoOcHCGAIbWVitRk4zD5BLbXqBQzh4bQFfTP5VsRRJoujKEOocdcb"}],"group":"cf-nel","max_age":604800}', 'NEL': '{"success_fraction":0,"report_to":"cf-nel","max_age":604800}', 'Server': 'cloudflare', 'CF-RAY': '8a0109035f1c15d2-SJC', 'alt-svc': 'h3=":443"; ma=86400'} 
 body={"results":[{"gender":"male","name":{"title":"Mr","first":"Edward","last":"Roberts"},"location":{"street":{"number":8324,"name":"E Little York Rd"},"city":"Spokane","state":"North Carolina","country":"United States","postcode":35324,"coordinates":{"latitude":"82.5782","longitude":"-2.3725"},"timezone":{"offset":"+10:00","description":"Eastern Australia, Guam, Vladivostok"}},"email":"edward.roberts@example.com","login":{"uuid":"4cfd3da4-670f-4157-84b5-de6f5436e27f","username":"silvergoose873","password":"dabomb","salt":"xDd8guDa","md5":"71f5eb6225e7ad4c1e6ce260aaf6cfbf","sha1":"6489967b7814301249c5d77c953982d1c135e50f","sha256":"349346753ce513f8647e5734ea8bd5d752f1a1c6072ca4ba3cd28c831dd40bf1"},"dob":{"date":"1995-01-26T07:55:56.411Z","age":29},"registered":{"date":"2010-12-04T00:13:37.614Z","age":13},"phone":"(432) 591-4908","cell":"(695) 209-4188","id":{"name":"SSN","value":"533-43-1381"},"picture":{"large":"https://randomuser.me/api/portraits/men/98.jpg","medium":"https://randomuser.me/api/portraits/med/men/98.jpg","thumbnail":"https://randomuser.me/api/portraits/thumb/men/98.jpg"},"nat":"US"}],"info":{"seed":"8048d9436f9c0f29","results":1,"page":1,"version":"1.4"}} 
 </msg>
<msg time="2024-07-08T15:16:24.302170" level="INFO">/opt/hostedtoolcache/Python/3.12.4/x64/lib/python3.12/site-packages/urllib3/connectionpool.py:1099: InsecureRequestWarning: Unverified HTTPS request is being made to host 'randomuser.me'. Adding certificate verification is strongly advised. See: https://urllib3.readthedocs.io/en/latest/advanced-usage.html#tls-warnings
  warnings.warn(</msg>
<msg time="2024-07-08T15:16:24.302260" level="INFO">${response} = &lt;Response [200]&gt;</msg>
<var>${response}</var>
<arg>consultarAPI</arg>
<arg>/api</arg>
<doc>Sends a GET request on a previously created HTTP Session.</doc>
<status status="PASS" start="2024-07-08T15:16:24.211128" elapsed="0.091175"/>
</kw>
<kw name="Set Variable" owner="BuiltIn">
<msg time="2024-07-08T15:16:24.303335" level="INFO">${json_data} = {'results': [{'gender': 'male', 'name': {'title': 'Mr', 'first': 'Edward', 'last': 'Roberts'}, 'location': {'street': {'number': 8324, 'name': 'E Little York Rd'}, 'city': 'Spokane', 'state': 'North C...</msg>
<var>${json_data}</var>
<arg>${response.json()}</arg>
<doc>Returns the given values which can then be assigned to a variables.</doc>
<status status="PASS" start="2024-07-08T15:16:24.302787" elapsed="0.000577"/>
</kw>
<kw name="Log" owner="BuiltIn">
<msg time="2024-07-08T15:16:24.303845" level="INFO">{'results': [{'gender': 'male', 'name': {'title': 'Mr', 'first': 'Edward', 'last': 'Roberts'}, 'location': {'street': {'number': 8324, 'name': 'E Little York Rd'}, 'city': 'Spokane', 'state': 'North Carolina', 'country': 'United States', 'postcode': 35324, 'coordinates': {'latitude': '82.5782', 'longitude': '-2.3725'}, 'timezone': {'offset': '+10:00', 'description': 'Eastern Australia, Guam, Vladivostok'}}, 'email': 'edward.roberts@example.com', 'login': {'uuid': '4cfd3da4-670f-4157-84b5-de6f5436e27f', 'username': 'silvergoose873', 'password': 'dabomb', 'salt': 'xDd8guDa', 'md5': '71f5eb6225e7ad4c1e6ce260aaf6cfbf', 'sha1': '6489967b7814301249c5d77c953982d1c135e50f', 'sha256': '349346753ce513f8647e5734ea8bd5d752f1a1c6072ca4ba3cd28c831dd40bf1'}, 'dob': {'date': '1995-01-26T07:55:56.411Z', 'age': 29}, 'registered': {'date': '2010-12-04T00:13:37.614Z', 'age': 13}, 'phone': '(432) 591-4908', 'cell': '(695) 209-4188', 'id': {'name': 'SSN', 'value': '533-43-1381'}, 'picture': {'large': 'https://randomuser.me/api/portraits/men/98.jpg', 'medium': 'https://randomuser.me/api/portraits/med/men/98.jpg', 'thumbnail': 'https://randomuser.me/api/portraits/thumb/men/98.jpg'}, 'nat': 'US'}], 'info': {'seed': '8048d9436f9c0f29', 'results': 1, 'page': 1, 'version': '1.4'}}</msg>
<arg>${json_data}</arg>
<doc>Logs the given message with the given level.</doc>
<status status="PASS" start="2024-07-08T15:16:24.303684" elapsed="0.000208"/>
</kw>
<kw name="Should Be String" owner="String">
<arg>${json_data['results'][0]['gender']}</arg>
<doc>Fails if the given ``item`` is not a string.</doc>
<status status="PASS" start="2024-07-08T15:16:24.304194" elapsed="0.000368"/>
</kw>
<kw name="Should Match Regexp" owner="BuiltIn">
<arg>${json_data['results'][0]['email']}</arg>
<arg>^[a-zA-Z0-9._%+-]+@[a-zA-Z0-9.-]+\.[a-zA-Z]{2,}$</arg>
<doc>Fails if ``string`` does not match ``pattern`` as a regular expression.</doc>
<status status="PASS" start="2024-07-08T15:16:24.304756" elapsed="0.000501"/>
</kw>
<kw name="Should Match Regexp" owner="BuiltIn">
<arg>${json_data['results'][0]['dob']['date']}</arg>
<arg>\\d{4}-\\d{2}-\\d{2}T\\d{2}:\\d{2}:\\d{2}\\.\\d{3}Z</arg>
<doc>Fails if ``string`` does not match ``pattern`` as a regular expression.</doc>
<status status="PASS" start="2024-07-08T15:16:24.305489" elapsed="0.000494"/>
</kw>
<kw name="Should Match Regexp" owner="BuiltIn">
<arg>${json_data['results'][0]['registered']['date']}</arg>
<arg>\\d{4}-\\d{2}-\\d{2}T\\d{2}:\\d{2}:\\d{2}\\.\\d{3}Z</arg>
<doc>Fails if ``string`` does not match ``pattern`` as a regular expression.</doc>
<status status="PASS" start="2024-07-08T15:16:24.306174" elapsed="0.000370"/>
</kw>
<kw name="Should Match Regexp" owner="BuiltIn">
<arg>${json_data['results'][0]['picture']['large']}</arg>
<arg>^https?://.*\.(?:png|jpe?g|gif|bmp)$</arg>
<doc>Fails if ``string`` does not match ``pattern`` as a regular expression.</doc>
<status status="PASS" start="2024-07-08T15:16:24.306765" elapsed="0.000476"/>
</kw>
<kw name="Should Match Regexp" owner="BuiltIn">
<arg>${json_data['results'][0]['picture']['medium']}</arg>
<arg>^https?://.*\.(?:png|jpe?g|gif|bmp)$</arg>
<doc>Fails if ``string`` does not match ``pattern`` as a regular expression.</doc>
<status status="PASS" start="2024-07-08T15:16:24.307430" elapsed="0.000356"/>
</kw>
<kw name="Should Match Regexp" owner="BuiltIn">
<arg>${json_data['results'][0]['picture']['thumbnail']}</arg>
<arg>^https?://.*\.(?:png|jpe?g|gif|bmp)$</arg>
<doc>Fails if ``string`` does not match ``pattern`` as a regular expression.</doc>
<status status="PASS" start="2024-07-08T15:16:24.307970" elapsed="0.000350"/>
</kw>
<kw name="Log" owner="BuiltIn">
<msg time="2024-07-08T15:16:24.308833" level="INFO">{'large': 'https://randomuser.me/api/portraits/men/98.jpg', 'medium': 'https://randomuser.me/api/portraits/med/men/98.jpg', 'thumbnail': 'https://randomuser.me/api/portraits/thumb/men/98.jpg'}</msg>
<arg>${json_data['results'][0]['picture']}</arg>
<doc>Logs the given message with the given level.</doc>
<status status="PASS" start="2024-07-08T15:16:24.308502" elapsed="0.000375"/>
</kw>
<status status="PASS" start="2024-07-08T15:16:24.210911" elapsed="0.098221"/>
</kw>
<kw name="Teste de Tipos de Dados - Postcode" owner="random-user-service">
<kw name="GET On Session" owner="RequestsLibrary">
<msg time="2024-07-08T15:16:24.402283" level="INFO">GET Request : url=https://randomuser.me/api 
 path_url=/api 
 headers={'User-Agent': 'python-requests/2.32.3', 'Accept-Encoding': 'gzip, deflate', 'Accept': '*/*', 'Connection': 'keep-alive'} 
 body=None 
 </msg>
<msg time="2024-07-08T15:16:24.402368" level="INFO">GET Response : url=https://randomuser.me/api 
 status=200, reason=OK 
 headers={'Date': 'Mon, 08 Jul 2024 15:16:24 GMT', 'Content-Type': 'application/json; charset=utf-8', 'Transfer-Encoding': 'chunked', 'Connection': 'keep-alive', 'X-Powered-By': 'Express', 'Access-Control-Allow-Origin': '*', 'Cache-Control': 'no-cache', 'ETag': 'W/"492-YdMw/qsFL87pCOzqamx3jy7QXR4"', 'Vary': 'Accept-Encoding', 'Content-Encoding': 'gzip', 'CF-Cache-Status': 'DYNAMIC', 'Report-To': '{"endpoints":[{"url":"https:\\/\\/a.nel.cloudflare.com\\/report\\/v4?s=BqUNxcgqjcBTNwN6hD2MHkDzdmxiaBmrd5fJDv4PSm%2Fnfcv6X2tOKCvTAU9dVFd8pCMRpZnyqbyylP2hOIG7Q77E6cL%2BWBRjL0UIjKj8uDWqdIH%2BVJrxdrZXcV9ocep%2F"}],"group":"cf-nel","max_age":604800}', 'NEL': '{"success_fraction":0,"report_to":"cf-nel","max_age":604800}', 'Server': 'cloudflare', 'CF-RAY': '8a010903ffc015d2-SJC', 'alt-svc': 'h3=":443"; ma=86400'} 
 body={"results":[{"gender":"male","name":{"title":"Mr","first":"Domorad","last":"Sokulskiy"},"location":{"street":{"number":9665,"name":"Nezalezhnosti Ukrayini"},"city":"Zhashkiv","state":"Poltavska","country":"Ukraine","postcode":53285,"coordinates":{"latitude":"75.5213","longitude":"-27.8837"},"timezone":{"offset":"-3:00","description":"Brazil, Buenos Aires, Georgetown"}},"email":"domorad.sokulskiy@example.com","login":{"uuid":"5c5f34a7-8e5c-4d14-903f-7e63c6db5bda","username":"bluezebra505","password":"989898","salt":"F6uX1et1","md5":"4c967d78ccba3faa6f9788dcade98146","sha1":"e3134ed6eb1f4933bab6e620efdbcdd633e2d9bd","sha256":"5e9bb81fb35da631a0e0e85453427e17900296bb1dbd5ff7ce3249455f5cfdd0"},"dob":{"date":"1995-12-19T18:32:01.456Z","age":28},"registered":{"date":"2010-11-03T18:18:02.188Z","age":13},"phone":"(098) K86-3786","cell":"(067) Z15-5325","id":{"name":"","value":null},"picture":{"large":"https://randomuser.me/api/portraits/men/20.jpg","medium":"https://randomuser.me/api/portraits/med/men/20.jpg","thumbnail":"https://randomuser.me/api/portraits/thumb/men/20.jpg"},"nat":"UA"}],"info":{"seed":"eabaca991dfcbcdf","results":1,"page":1,"version":"1.4"}} 
 </msg>
<msg time="2024-07-08T15:16:24.402442" level="INFO">/opt/hostedtoolcache/Python/3.12.4/x64/lib/python3.12/site-packages/urllib3/connectionpool.py:1099: InsecureRequestWarning: Unverified HTTPS request is being made to host 'randomuser.me'. Adding certificate verification is strongly advised. See: https://urllib3.readthedocs.io/en/latest/advanced-usage.html#tls-warnings
  warnings.warn(</msg>
<msg time="2024-07-08T15:16:24.402563" level="INFO">${response} = &lt;Response [200]&gt;</msg>
<var>${response}</var>
<arg>consultarAPI</arg>
<arg>/api</arg>
<doc>Sends a GET request on a previously created HTTP Session.</doc>
<status status="PASS" start="2024-07-08T15:16:24.309569" elapsed="0.093052"/>
</kw>
<kw name="Set Variable" owner="BuiltIn">
<msg time="2024-07-08T15:16:24.403770" level="INFO">${json_data} = {'results': [{'gender': 'male', 'name': {'title': 'Mr', 'first': 'Domorad', 'last': 'Sokulskiy'}, 'location': {'street': {'number': 9665, 'name': 'Nezalezhnosti Ukrayini'}, 'city': 'Zhashkiv', 'state'...</msg>
<var>${json_data}</var>
<arg>${response.json()}</arg>
<doc>Returns the given values which can then be assigned to a variables.</doc>
<status status="PASS" start="2024-07-08T15:16:24.403230" elapsed="0.000569"/>
</kw>
<kw name="Log" owner="BuiltIn">
<msg time="2024-07-08T15:16:24.404272" level="INFO">{'results': [{'gender': 'male', 'name': {'title': 'Mr', 'first': 'Domorad', 'last': 'Sokulskiy'}, 'location': {'street': {'number': 9665, 'name': 'Nezalezhnosti Ukrayini'}, 'city': 'Zhashkiv', 'state': 'Poltavska', 'country': 'Ukraine', 'postcode': 53285, 'coordinates': {'latitude': '75.5213', 'longitude': '-27.8837'}, 'timezone': {'offset': '-3:00', 'description': 'Brazil, Buenos Aires, Georgetown'}}, 'email': 'domorad.sokulskiy@example.com', 'login': {'uuid': '5c5f34a7-8e5c-4d14-903f-7e63c6db5bda', 'username': 'bluezebra505', 'password': '989898', 'salt': 'F6uX1et1', 'md5': '4c967d78ccba3faa6f9788dcade98146', 'sha1': 'e3134ed6eb1f4933bab6e620efdbcdd633e2d9bd', 'sha256': '5e9bb81fb35da631a0e0e85453427e17900296bb1dbd5ff7ce3249455f5cfdd0'}, 'dob': {'date': '1995-12-19T18:32:01.456Z', 'age': 28}, 'registered': {'date': '2010-11-03T18:18:02.188Z', 'age': 13}, 'phone': '(098) K86-3786', 'cell': '(067) Z15-5325', 'id': {'name': '', 'value': None}, 'picture': {'large': 'https://randomuser.me/api/portraits/men/20.jpg', 'medium': 'https://randomuser.me/api/portraits/med/men/20.jpg', 'thumbnail': 'https://randomuser.me/api/portraits/thumb/men/20.jpg'}, 'nat': 'UA'}], 'info': {'seed': 'eabaca991dfcbcdf', 'results': 1, 'page': 1, 'version': '1.4'}}</msg>
<arg>${json_data}</arg>
<doc>Logs the given message with the given level.</doc>
<status status="PASS" start="2024-07-08T15:16:24.404113" elapsed="0.000207"/>
</kw>
<kw name="Should Be Equal As Numbers" owner="BuiltIn">
<arg>${json_data['results'][0]['location']['postcode']}</arg>
<arg>${json_data['results'][0]['location']['postcode']}</arg>
<doc>Fails if objects are unequal after converting them to real numbers.</doc>
<status status="PASS" start="2024-07-08T15:16:24.404613" elapsed="0.000635"/>
</kw>
<kw name="Log" owner="BuiltIn">
<msg time="2024-07-08T15:16:24.405914" level="INFO">53285</msg>
<arg>${json_data['results'][0]['location']['postcode']}</arg>
<doc>Logs the given message with the given level.</doc>
<status status="PASS" start="2024-07-08T15:16:24.405453" elapsed="0.000504"/>
</kw>
<status status="PASS" start="2024-07-08T15:16:24.309349" elapsed="0.096892"/>
</kw>
<doc>Testa se os tipos de dados na resposta da API estão corretos.</doc>
<tag>testeTiposDados</tag>
<status status="PASS" start="2024-07-08T15:16:24.210356" elapsed="0.196046"/>
</test>
<test id="s1-s1-t5" name="Validar conteudo" line="35">
<kw name="Teste de Tipos de Conteudo" owner="random-user-service">
<kw name="GET On Session" owner="RequestsLibrary">
<msg time="2024-07-08T15:16:24.516737" level="INFO">GET Request : url=https://randomuser.me/api 
 path_url=/api 
 headers={'User-Agent': 'python-requests/2.32.3', 'Accept-Encoding': 'gzip, deflate', 'Accept': '*/*', 'Connection': 'keep-alive'} 
 body=None 
 </msg>
<msg time="2024-07-08T15:16:24.516835" level="INFO">GET Response : url=https://randomuser.me/api 
 status=200, reason=OK 
 headers={'Date': 'Mon, 08 Jul 2024 15:16:24 GMT', 'Content-Type': 'application/json; charset=utf-8', 'Transfer-Encoding': 'chunked', 'Connection': 'keep-alive', 'X-Powered-By': 'Express', 'Access-Control-Allow-Origin': '*', 'Cache-Control': 'no-cache', 'ETag': 'W/"479-oPa58RjVFheM1uylPaxaAwhz51U"', 'Vary': 'Accept-Encoding', 'Content-Encoding': 'gzip', 'CF-Cache-Status': 'DYNAMIC', 'Report-To': '{"endpoints":[{"url":"https:\\/\\/a.nel.cloudflare.com\\/report\\/v4?s=AWvkSSyDeeJZJP%2FOXwC5zUSzGxUCpIVBiXz8x2Y9nGCzq1%2FN%2FxVdrgJscGePgrRoLro0gykCnuxaxj2aW4qiAL8ev8nfyingaHSqYzfVXYzU3erYMFBXLLwM6veApiKd"}],"group":"cf-nel","max_age":604800}', 'NEL': '{"success_fraction":0,"report_to":"cf-nel","max_age":604800}', 'Server': 'cloudflare', 'CF-RAY': '8a01090498da15d2-SJC', 'alt-svc': 'h3=":443"; ma=86400'} 
 body={"results":[{"gender":"female","name":{"title":"Miss","first":"Katalina","last":"Simić"},"location":{"street":{"number":4935,"name":"Drage Vukićevića"},"city":"Dečan","state":"Mačva","country":"Serbia","postcode":43063,"coordinates":{"latitude":"57.8020","longitude":"35.6884"},"timezone":{"offset":"+5:45","description":"Kathmandu"}},"email":"katalina.simic@example.com","login":{"uuid":"5b0c7235-5d93-4417-9d0e-be7178c21f7e","username":"tinypanda898","password":"7777","salt":"2JophCgZ","md5":"b7d94c82fc10c11cf241809d12fb2467","sha1":"c5cea7d8c7159db981f6cab8eb815d96d2d60b59","sha256":"5c0895b37a4d423a44e100f6c4ec97552b59d3a76e53d0518481d50939131ae2"},"dob":{"date":"1972-03-30T00:31:12.603Z","age":52},"registered":{"date":"2003-08-11T07:23:14.293Z","age":20},"phone":"027-1094-961","cell":"069-5255-933","id":{"name":"SID","value":"810153607"},"picture":{"large":"https://randomuser.me/api/portraits/women/45.jpg","medium":"https://randomuser.me/api/portraits/med/women/45.jpg","thumbnail":"https://randomuser.me/api/portraits/thumb/women/45.jpg"},"nat":"RS"}],"info":{"seed":"0f8dc4cf03e0403c","results":1,"page":1,"version":"1.4"}} 
 </msg>
<msg time="2024-07-08T15:16:24.516945" level="INFO">/opt/hostedtoolcache/Python/3.12.4/x64/lib/python3.12/site-packages/urllib3/connectionpool.py:1099: InsecureRequestWarning: Unverified HTTPS request is being made to host 'randomuser.me'. Adding certificate verification is strongly advised. See: https://urllib3.readthedocs.io/en/latest/advanced-usage.html#tls-warnings
  warnings.warn(</msg>
<msg time="2024-07-08T15:16:24.517095" level="INFO">${response} = &lt;Response [200]&gt;</msg>
<var>${response}</var>
<arg>consultarAPI</arg>
<arg>/api</arg>
<doc>Sends a GET request on a previously created HTTP Session.</doc>
<status status="PASS" start="2024-07-08T15:16:24.409629" elapsed="0.107512"/>
</kw>
<kw name="Set Variable" owner="BuiltIn">
<msg time="2024-07-08T15:16:24.518384" level="INFO">${json_data} = {'results': [{'gender': 'female', 'name': {'title': 'Miss', 'first': 'Katalina', 'last': 'Simić'}, 'location': {'street': {'number': 4935, 'name': 'Drage Vukićevića'}, 'city': 'Dečan', 'state': 'Mačva...</msg>
<var>${json_data}</var>
<arg>${response.json()}</arg>
<doc>Returns the given values which can then be assigned to a variables.</doc>
<status status="PASS" start="2024-07-08T15:16:24.517664" elapsed="0.000775"/>
</kw>
<kw name="Set Variable" owner="BuiltIn">
<msg time="2024-07-08T15:16:24.519578" level="INFO">${name_title} = Miss</msg>
<var>${name_title}</var>
<arg>${json_data["results"][0]["name"]["title"]}</arg>
<doc>Returns the given values which can then be assigned to a variables.</doc>
<status status="PASS" start="2024-07-08T15:16:24.518962" elapsed="0.000654"/>
</kw>
<kw name="Create List" owner="BuiltIn">
<msg time="2024-07-08T15:16:24.520260" level="INFO">${allowed_titles} = ['Mr', 'Ms', 'Miss', 'Mrs', 'Madame', 'Monsieur']</msg>
<var>${allowed_titles}</var>
<arg>Mr</arg>
<arg>Ms</arg>
<arg>Miss</arg>
<arg>Mrs</arg>
<arg>Madame</arg>
<arg>Monsieur</arg>
<doc>Returns a list containing given items.</doc>
<status status="PASS" start="2024-07-08T15:16:24.520040" elapsed="0.000259"/>
</kw>
<kw name="List Should Contain Value" owner="Collections">
<arg>${allowed_titles}</arg>
<arg>${name_title}</arg>
<doc>Fails if the ``value`` is not found from ``list``.</doc>
<status status="PASS" start="2024-07-08T15:16:24.520731" elapsed="0.000266"/>
</kw>
<kw name="Set Variable" owner="BuiltIn">
<msg time="2024-07-08T15:16:24.521948" level="INFO">${name_country} = RS</msg>
<var>${name_country}</var>
<arg>${json_data["results"][0]["nat"]}</arg>
<doc>Returns the given values which can then be assigned to a variables.</doc>
<status status="PASS" start="2024-07-08T15:16:24.521329" elapsed="0.000662"/>
</kw>
<kw name="Create List" owner="BuiltIn">
<msg time="2024-07-08T15:16:24.523468" level="INFO">${list_country} = ['AD', 'AE', 'AF', 'AG', 'AI', 'AL', 'AM', 'AO', 'AQ', 'AR', 'AS', 'AT', 'AU', 'AW', 'AX', 'AZ', 'BA', 'BB', 'BD', 'BE', 'BF', 'BG', 'BH', 'BI', 'BJ', 'BL', 'BM', 'BN', 'BO', 'BQ', 'BR', 'BS', 'BT', '...</msg>
<var>${list_country}</var>
<arg>AD</arg>
<arg>AE</arg>
<arg>AF</arg>
<arg>AG</arg>
<arg>AI</arg>
<arg>AL</arg>
<arg>AM</arg>
<arg>AO</arg>
<arg>AQ</arg>
<arg>AR</arg>
<arg>AS</arg>
<arg>AT</arg>
<arg>AU</arg>
<arg>AW</arg>
<arg>AX</arg>
<arg>AZ</arg>
<arg>BA</arg>
<arg>BB</arg>
<arg>BD</arg>
<arg>BE</arg>
<arg>BF</arg>
<arg>BG</arg>
<arg>BH</arg>
<arg>BI</arg>
<arg>BJ</arg>
<arg>BL</arg>
<arg>BM</arg>
<arg>BN</arg>
<arg>BO</arg>
<arg>BQ</arg>
<arg>BR</arg>
<arg>BS</arg>
<arg>BT</arg>
<arg>BV</arg>
<arg>BW</arg>
<arg>BY</arg>
<arg>BZ</arg>
<arg>CA</arg>
<arg>CC</arg>
<arg>CD</arg>
<arg>CF</arg>
<arg>CG</arg>
<arg>CH</arg>
<arg>CI</arg>
<arg>CK</arg>
<arg>CL</arg>
<arg>CM</arg>
<arg>CN</arg>
<arg>CO</arg>
<arg>CR</arg>
<arg>CU</arg>
<arg>CV</arg>
<arg>CW</arg>
<arg>CX</arg>
<arg>CY</arg>
<arg>CZ</arg>
<arg>DE</arg>
<arg>DJ</arg>
<arg>DK</arg>
<arg>DM</arg>
<arg>DO</arg>
<arg>DZ</arg>
<arg>EC</arg>
<arg>EE</arg>
<arg>EG</arg>
<arg>EH</arg>
<arg>ER</arg>
<arg>ES</arg>
<arg>ET</arg>
<arg>FI</arg>
<arg>FJ</arg>
<arg>FK</arg>
<arg>FM</arg>
<arg>FO</arg>
<arg>FR</arg>
<arg>GA</arg>
<arg>GB</arg>
<arg>GD</arg>
<arg>GE</arg>
<arg>GF</arg>
<arg>GG</arg>
<arg>GH</arg>
<arg>GI</arg>
<arg>GL</arg>
<arg>GM</arg>
<arg>GN</arg>
<arg>GP</arg>
<arg>GQ</arg>
<arg>GR</arg>
<arg>GS</arg>
<arg>GT</arg>
<arg>GU</arg>
<arg>GW</arg>
<arg>GY</arg>
<arg>HK</arg>
<arg>HM</arg>
<arg>HN</arg>
<arg>HR</arg>
<arg>HT</arg>
<arg>HU</arg>
<arg>ID</arg>
<arg>IE</arg>
<arg>IL</arg>
<arg>IM</arg>
<arg>IN</arg>
<arg>IO</arg>
<arg>IQ</arg>
<arg>IR</arg>
<arg>IS</arg>
<arg>IT</arg>
<arg>JE</arg>
<arg>JM</arg>
<arg>JO</arg>
<arg>JP</arg>
<arg>KE</arg>
<arg>KG</arg>
<arg>KH</arg>
<arg>KI</arg>
<arg>KM</arg>
<arg>KN</arg>
<arg>KP</arg>
<arg>KR</arg>
<arg>KW</arg>
<arg>KY</arg>
<arg>KZ</arg>
<arg>LA</arg>
<arg>LB</arg>
<arg>LC</arg>
<arg>LI</arg>
<arg>LK</arg>
<arg>LR</arg>
<arg>LS</arg>
<arg>LT</arg>
<arg>LU</arg>
<arg>LV</arg>
<arg>LY</arg>
<arg>MA</arg>
<arg>MC</arg>
<arg>MD</arg>
<arg>ME</arg>
<arg>MF</arg>
<arg>MG</arg>
<arg>MH</arg>
<arg>MK</arg>
<arg>ML</arg>
<arg>MM</arg>
<arg>MN</arg>
<arg>MO</arg>
<arg>MP</arg>
<arg>MQ</arg>
<arg>MR</arg>
<arg>MS</arg>
<arg>MT</arg>
<arg>MU</arg>
<arg>MV</arg>
<arg>MW</arg>
<arg>MX</arg>
<arg>MY</arg>
<arg>MZ</arg>
<arg>NA</arg>
<arg>NC</arg>
<arg>NE</arg>
<arg>NF</arg>
<arg>NG</arg>
<arg>NI</arg>
<arg>NL</arg>
<arg>NO</arg>
<arg>NP</arg>
<arg>NR</arg>
<arg>NU</arg>
<arg>NZ</arg>
<arg>OM</arg>
<arg>PA</arg>
<arg>PE</arg>
<arg>PF</arg>
<arg>PG</arg>
<arg>PH</arg>
<arg>PK</arg>
<arg>PL</arg>
<arg>PM</arg>
<arg>PN</arg>
<arg>PR</arg>
<arg>PS</arg>
<arg>PT</arg>
<arg>PW</arg>
<arg>PY</arg>
<arg>QA</arg>
<arg>RE</arg>
<arg>RO</arg>
<arg>RS</arg>
<arg>RU</arg>
<arg>RW</arg>
<arg>SA</arg>
<arg>SB</arg>
<arg>SC</arg>
<arg>SD</arg>
<arg>SE</arg>
<arg>SG</arg>
<arg>SH</arg>
<arg>SI</arg>
<arg>SJ</arg>
<arg>SK</arg>
<arg>SL</arg>
<arg>SM</arg>
<arg>SN</arg>
<arg>SO</arg>
<arg>SR</arg>
<arg>SS</arg>
<arg>ST</arg>
<arg>SV</arg>
<arg>SX</arg>
<arg>SY</arg>
<arg>SZ</arg>
<arg>TC</arg>
<arg>TD</arg>
<arg>TF</arg>
<arg>TG</arg>
<arg>TH</arg>
<arg>TJ</arg>
<arg>TK</arg>
<arg>TL</arg>
<arg>TM</arg>
<arg>TN</arg>
<arg>TO</arg>
<arg>TR</arg>
<arg>TT</arg>
<arg>TV</arg>
<arg>TW</arg>
<arg>TZ</arg>
<arg>UA</arg>
<arg>UG</arg>
<arg>UM</arg>
<arg>US</arg>
<arg>UY</arg>
<arg>UZ</arg>
<arg>VA</arg>
<arg>VC</arg>
<arg>VE</arg>
<arg>VG</arg>
<arg>VI</arg>
<arg>VN</arg>
<arg>VU</arg>
<arg>WF</arg>
<arg>WS</arg>
<arg>XK</arg>
<arg>YE</arg>
<arg>YT</arg>
<arg>ZA</arg>
<arg>ZM</arg>
<arg>ZW</arg>
<doc>Returns a list containing given items.</doc>
<status status="PASS" start="2024-07-08T15:16:24.522468" elapsed="0.001030"/>
</kw>
<kw name="List Should Contain Value" owner="Collections">
<arg>${list_country}</arg>
<arg>${name_country}</arg>
<doc>Fails if the ``value`` is not found from ``list``.</doc>
<status status="PASS" start="2024-07-08T15:16:24.524315" elapsed="0.000215"/>
</kw>
<kw name="Run Keyword If" owner="BuiltIn">
<kw name="Should Be True" owner="BuiltIn">
<arg>${True}</arg>
<doc>Fails if the given condition is not true.</doc>
<status status="PASS" start="2024-07-08T15:16:24.525475" elapsed="0.000151"/>
</kw>
<arg>${json_data["results"][0]["location"]["coordinates"]["latitude"]} &gt;= -90 and ${json_data["results"][0]["location"]["coordinates"]["latitude"]} &lt;= 90</arg>
<arg>Should Be True</arg>
<arg>${True}</arg>
<doc>Runs the given keyword with the given arguments, if ``condition`` is true.</doc>
<status status="PASS" start="2024-07-08T15:16:24.524729" elapsed="0.001025"/>
</kw>
<kw name="Run Keyword If" owner="BuiltIn">
<kw name="Should Be True" owner="BuiltIn">
<arg>${True}</arg>
<doc>Fails if the given condition is not true.</doc>
<status status="PASS" start="2024-07-08T15:16:24.526644" elapsed="0.000269"/>
</kw>
<arg>${json_data["results"][0]["location"]["coordinates"]["longitude"]} &gt;= -180 and ${json_data["results"][0]["location"]["coordinates"]["longitude"]} &lt;= 180</arg>
<arg>Should Be True</arg>
<arg>${True}</arg>
<doc>Runs the given keyword with the given arguments, if ``condition`` is true.</doc>
<status status="PASS" start="2024-07-08T15:16:24.525938" elapsed="0.001107"/>
</kw>
<status status="PASS" start="2024-07-08T15:16:24.409266" elapsed="0.117911"/>
</kw>
<doc>Testa o conteúdo específico dos campos retornados pela API.</doc>
<tag>testeConteudo</tag>
<status status="PASS" start="2024-07-08T15:16:24.408612" elapsed="0.118709"/>
</test>
<status status="PASS" start="2024-07-08T15:16:23.495852" elapsed="1.033324"/>
</suite>
<status status="PASS" start="2024-07-08T15:16:23.481729" elapsed="1.052336"/>
</suite>
<statistics>
<total>
<stat pass="5" fail="0" skip="0">All Tests</stat>
</total>
<tag>
<stat pass="1" fail="0" skip="0">testeConteudo</stat>
<stat pass="1" fail="0" skip="0">testeEstruturaResposta</stat>
<stat pass="1" fail="0" skip="0">testeRequisicaoBasica</stat>
<stat pass="1" fail="0" skip="0">testeTiposDados</stat>
</tag>
<suite>
<stat pass="5" fail="0" skip="0" id="s1" name="Tests">Tests</stat>
<stat pass="5" fail="0" skip="0" id="s1-s1" name="Random-User-Test">Tests.Random-User-Test</stat>
</suite>
</statistics>
<errors>
</errors>
</robot>
