<?xml version="1.0" encoding="UTF-8"?>
<robot generator="Robot 7.0.1 (Python 3.12.4 on linux)" generated="2024-07-20T09:15:25.440184" rpa="false" schemaversion="5">
<suite id="s1" name="Tests" source="/home/runner/work/ApiRandomUser/ApiRandomUser/RamdonUser/tests">
<suite id="s1-s1" name="Random-User-Test" source="/home/runner/work/ApiRandomUser/ApiRandomUser/RamdonUser/tests/random-user-test.robot">
<test id="s1-s1-t1" name="Conectar" line="13">
<kw name="Conectar API" owner="random-user-service">
<kw name="Create Session" owner="RequestsLibrary">
<msg time="2024-07-20T09:15:25.868155" level="INFO">Creating Session using : alias=consultarAPI, url=https://randomuser.me/, headers={},                     cookies={}, auth=None, timeout=None, proxies=None, verify=False,                     debug=0 </msg>
<arg>consultarAPI</arg>
<arg>${URL}</arg>
<doc>Create Session: create a HTTP session to a server</doc>
<status status="PASS" start="2024-07-20T09:15:25.867949" elapsed="0.000399"/>
</kw>
<status status="PASS" start="2024-07-20T09:15:25.866839" elapsed="0.001880"/>
</kw>
<status status="PASS" start="2024-07-20T09:15:25.866210" elapsed="0.002702"/>
</test>
<test id="s1-s1-t2" name="Validar retorno 200 e JSON Válido" line="16">
<kw name="Teste de Requisicao Basica" owner="random-user-service">
<kw name="GET On Session" owner="RequestsLibrary">
<msg time="2024-07-20T09:15:26.184567" level="INFO">GET Request : url=https://randomuser.me/api 
 path_url=/api 
 headers={'User-Agent': 'python-requests/2.32.3', 'Accept-Encoding': 'gzip, deflate', 'Accept': '*/*', 'Connection': 'keep-alive'} 
 body=None 
 </msg>
<msg time="2024-07-20T09:15:26.184726" level="INFO">GET Response : url=https://randomuser.me/api 
 status=200, reason=OK 
 headers={'Date': 'Sat, 20 Jul 2024 09:15:26 GMT', 'Content-Type': 'application/json; charset=utf-8', 'Transfer-Encoding': 'chunked', 'Connection': 'keep-alive', 'X-Powered-By': 'Express', 'Access-Control-Allow-Origin': '*', 'Cache-Control': 'no-cache', 'ETag': 'W/"4ae-lIw6aHWDsK03FzURUXKdj9tOeoY"', 'Vary': 'Accept-Encoding', 'Content-Encoding': 'gzip', 'CF-Cache-Status': 'DYNAMIC', 'Report-To': '{"endpoints":[{"url":"https:\\/\\/a.nel.cloudflare.com\\/report\\/v4?s=7tiW17LUFgRJYt8TaWVATXhh5AF7bOp4zrW43tRJzDyxAwJUB2qWfU8LC86mhn60tYXzh6hT3etFgDJMzKmJRWJZBeOEyIp34Ub2KxEAE12R0TS%2BpBDghBL88jufLkgu"}],"group":"cf-nel","max_age":604800}', 'NEL': '{"success_fraction":0,"report_to":"cf-nel","max_age":604800}', 'Server': 'cloudflare', 'CF-RAY': '8a61d8bf0e250600-IAD', 'alt-svc': 'h3=":443"; ma=86400'} 
 body={"results":[{"gender":"female","name":{"title":"Mademoiselle","first":"Sandra","last":"Lemaire"},"location":{"street":{"number":7332,"name":"Avenue Tony-Garnier"},"city":"Brünisried","state":"Basel-Stadt","country":"Switzerland","postcode":9595,"coordinates":{"latitude":"-58.7294","longitude":"18.2490"},"timezone":{"offset":"-8:00","description":"Pacific Time (US &amp; Canada)"}},"email":"sandra.lemaire@example.com","login":{"uuid":"d8c2b122-5e15-40ac-afbd-68f874fb815f","username":"ticklishkoala562","password":"rang","salt":"6fvbPW39","md5":"30b3f3130160eba8f0bef46ed8773d96","sha1":"758e0bb11c2f102fe5d78e36d5aaf2073cf0ec5a","sha256":"4d941007fd5f30bfb49401dc3e82525233113311b49ec4f178e3ad6f0eaa6fe6"},"dob":{"date":"2001-04-24T04:41:58.199Z","age":23},"registered":{"date":"2013-03-02T09:25:53.435Z","age":11},"phone":"078 503 92 99","cell":"078 480 57 01","id":{"name":"AVS","value":"756.1763.4844.30"},"picture":{"large":"https://randomuser.me/api/portraits/women/45.jpg","medium":"https://randomuser.me/api/portraits/med/women/45.jpg","thumbnail":"https://randomuser.me/api/portraits/thumb/women/45.jpg"},"nat":"CH"}],"info":{"seed":"d99c978856aa9fd6","results":1,"page":1,"version":"1.4"}} 
 </msg>
<msg time="2024-07-20T09:15:26.184814" level="INFO">/opt/hostedtoolcache/Python/3.12.4/x64/lib/python3.12/site-packages/urllib3/connectionpool.py:1099: InsecureRequestWarning: Unverified HTTPS request is being made to host 'randomuser.me'. Adding certificate verification is strongly advised. See: https://urllib3.readthedocs.io/en/latest/advanced-usage.html#tls-warnings
  warnings.warn(</msg>
<msg time="2024-07-20T09:15:26.184981" level="INFO">${response} = &lt;Response [200]&gt;</msg>
<var>${response}</var>
<arg>consultarAPI</arg>
<arg>/api</arg>
<doc>Sends a GET request on a previously created HTTP Session.</doc>
<status status="PASS" start="2024-07-20T09:15:25.871617" elapsed="0.313398"/>
</kw>
<kw name="Should Be Equal As Numbers" owner="BuiltIn">
<msg time="2024-07-20T09:15:26.186043" level="INFO">Argument types are:
&lt;class 'int'&gt;
&lt;class 'str'&gt;</msg>
<arg>${response.status_code}</arg>
<arg>200</arg>
<doc>Fails if objects are unequal after converting them to real numbers.</doc>
<status status="PASS" start="2024-07-20T09:15:26.185564" elapsed="0.000545"/>
</kw>
<kw name="Log" owner="BuiltIn">
<msg time="2024-07-20T09:15:26.186781" level="INFO">200</msg>
<arg>${response.status_code}</arg>
<doc>Logs the given message with the given level.</doc>
<status status="PASS" start="2024-07-20T09:15:26.186429" elapsed="0.000395"/>
</kw>
<kw name="Set Variable" owner="BuiltIn">
<msg time="2024-07-20T09:15:26.187636" level="INFO">${json_data} = {'results': [{'gender': 'female', 'name': {'title': 'Mademoiselle', 'first': 'Sandra', 'last': 'Lemaire'}, 'location': {'street': {'number': 7332, 'name': 'Avenue Tony-Garnier'}, 'city': 'Brünisried',...</msg>
<var>${json_data}</var>
<arg>${response.json()}</arg>
<doc>Returns the given values which can then be assigned to a variables.</doc>
<status status="PASS" start="2024-07-20T09:15:26.187132" elapsed="0.000539"/>
</kw>
<kw name="Dictionary Should Contain Key" owner="Collections">
<arg>${json_data}</arg>
<arg>results</arg>
<doc>Fails if ``key`` is not found from ``dictionary``.</doc>
<status status="PASS" start="2024-07-20T09:15:26.187984" elapsed="0.000331"/>
</kw>
<status status="PASS" start="2024-07-20T09:15:25.871337" elapsed="0.317135"/>
</kw>
<doc>Testa se a API responde corretamente e retorna um objeto JSON válido.</doc>
<tag>testeRequisicaoBasica</tag>
<status status="PASS" start="2024-07-20T09:15:25.870806" elapsed="0.317846"/>
</test>
<test id="s1-s1-t3" name="Validar estrutura de resposta" line="22">
<kw name="Teste de Estrutura de Resposta" owner="random-user-service">
<kw name="GET On Session" owner="RequestsLibrary">
<msg time="2024-07-20T09:15:26.286929" level="INFO">GET Request : url=https://randomuser.me/api 
 path_url=/api 
 headers={'User-Agent': 'python-requests/2.32.3', 'Accept-Encoding': 'gzip, deflate', 'Accept': '*/*', 'Connection': 'keep-alive'} 
 body=None 
 </msg>
<msg time="2024-07-20T09:15:26.287036" level="INFO">GET Response : url=https://randomuser.me/api 
 status=200, reason=OK 
 headers={'Date': 'Sat, 20 Jul 2024 09:15:26 GMT', 'Content-Type': 'application/json; charset=utf-8', 'Transfer-Encoding': 'chunked', 'Connection': 'keep-alive', 'X-Powered-By': 'Express', 'Access-Control-Allow-Origin': '*', 'Cache-Control': 'no-cache', 'ETag': 'W/"486-noTxFWJM6t+rHIYR7Upeh1dowZc"', 'Vary': 'Accept-Encoding', 'Content-Encoding': 'gzip', 'CF-Cache-Status': 'DYNAMIC', 'Report-To': '{"endpoints":[{"url":"https:\\/\\/a.nel.cloudflare.com\\/report\\/v4?s=UFSiTk%2BpLUAAuxqU4X%2FRnhcMMoQdWJQkdhRPLQSlhu7tCSdjGkbQRT93Ls9qovMYLbMjwHO9%2Bn%2Bdxvf3XKlpiqM8KDCCRDz5684iymy%2F8GP3paG1L83to8JqSK%2BzqMPE"}],"group":"cf-nel","max_age":604800}', 'NEL': '{"success_fraction":0,"report_to":"cf-nel","max_age":604800}', 'Server': 'cloudflare', 'CF-RAY': '8a61d8c0bf830600-IAD', 'alt-svc': 'h3=":443"; ma=86400'} 
 body={"results":[{"gender":"male","name":{"title":"Mr","first":"Macit","last":"Çapanoğlu"},"location":{"street":{"number":3661,"name":"Mevlana Cd"},"city":"Bilecik","state":"Gaziantep","country":"Turkey","postcode":62633,"coordinates":{"latitude":"72.5352","longitude":"-155.0157"},"timezone":{"offset":"-5:00","description":"Eastern Time (US &amp; Canada), Bogota, Lima"}},"email":"macit.capanoglu@example.com","login":{"uuid":"ae35e259-794e-4965-8c13-a29034e9709f","username":"bigduck672","password":"sahara","salt":"BMp6LytY","md5":"7aa43a4d4e343ac82b7051a05d73840c","sha1":"1e288c7f380cbf2023b0ec39150207ffb265bddb","sha256":"e777392d45934dbdc69c23021a7402944c754da0af932aac4edf0fcb20184e60"},"dob":{"date":"1953-03-14T23:34:21.850Z","age":71},"registered":{"date":"2013-10-10T21:37:12.077Z","age":10},"phone":"(229)-540-5928","cell":"(431)-859-2566","id":{"name":"","value":null},"picture":{"large":"https://randomuser.me/api/portraits/men/3.jpg","medium":"https://randomuser.me/api/portraits/med/men/3.jpg","thumbnail":"https://randomuser.me/api/portraits/thumb/men/3.jpg"},"nat":"TR"}],"info":{"seed":"079e5366e1512cb9","results":1,"page":1,"version":"1.4"}} 
 </msg>
<msg time="2024-07-20T09:15:26.287179" level="INFO">/opt/hostedtoolcache/Python/3.12.4/x64/lib/python3.12/site-packages/urllib3/connectionpool.py:1099: InsecureRequestWarning: Unverified HTTPS request is being made to host 'randomuser.me'. Adding certificate verification is strongly advised. See: https://urllib3.readthedocs.io/en/latest/advanced-usage.html#tls-warnings
  warnings.warn(</msg>
<msg time="2024-07-20T09:15:26.287334" level="INFO">${response} = &lt;Response [200]&gt;</msg>
<var>${response}</var>
<arg>consultarAPI</arg>
<arg>/api</arg>
<doc>Sends a GET request on a previously created HTTP Session.</doc>
<status status="PASS" start="2024-07-20T09:15:26.191276" elapsed="0.096127"/>
</kw>
<kw name="Set Variable" owner="BuiltIn">
<msg time="2024-07-20T09:15:26.288474" level="INFO">${json_data} = {'results': [{'gender': 'male', 'name': {'title': 'Mr', 'first': 'Macit', 'last': 'Çapanoğlu'}, 'location': {'street': {'number': 3661, 'name': 'Mevlana Cd'}, 'city': 'Bilecik', 'state': 'Gaziantep', ...</msg>
<var>${json_data}</var>
<arg>${response.json()}</arg>
<doc>Returns the given values which can then be assigned to a variables.</doc>
<status status="PASS" start="2024-07-20T09:15:26.287930" elapsed="0.000576"/>
</kw>
<kw name="Log" owner="BuiltIn">
<msg time="2024-07-20T09:15:26.289010" level="INFO">{'results': [{'gender': 'male', 'name': {'title': 'Mr', 'first': 'Macit', 'last': 'Çapanoğlu'}, 'location': {'street': {'number': 3661, 'name': 'Mevlana Cd'}, 'city': 'Bilecik', 'state': 'Gaziantep', 'country': 'Turkey', 'postcode': 62633, 'coordinates': {'latitude': '72.5352', 'longitude': '-155.0157'}, 'timezone': {'offset': '-5:00', 'description': 'Eastern Time (US &amp; Canada), Bogota, Lima'}}, 'email': 'macit.capanoglu@example.com', 'login': {'uuid': 'ae35e259-794e-4965-8c13-a29034e9709f', 'username': 'bigduck672', 'password': 'sahara', 'salt': 'BMp6LytY', 'md5': '7aa43a4d4e343ac82b7051a05d73840c', 'sha1': '1e288c7f380cbf2023b0ec39150207ffb265bddb', 'sha256': 'e777392d45934dbdc69c23021a7402944c754da0af932aac4edf0fcb20184e60'}, 'dob': {'date': '1953-03-14T23:34:21.850Z', 'age': 71}, 'registered': {'date': '2013-10-10T21:37:12.077Z', 'age': 10}, 'phone': '(229)-540-5928', 'cell': '(431)-859-2566', 'id': {'name': '', 'value': None}, 'picture': {'large': 'https://randomuser.me/api/portraits/men/3.jpg', 'medium': 'https://randomuser.me/api/portraits/med/men/3.jpg', 'thumbnail': 'https://randomuser.me/api/portraits/thumb/men/3.jpg'}, 'nat': 'TR'}], 'info': {'seed': '079e5366e1512cb9', 'results': 1, 'page': 1, 'version': '1.4'}}</msg>
<arg>${json_data}</arg>
<doc>Logs the given message with the given level.</doc>
<status status="PASS" start="2024-07-20T09:15:26.288830" elapsed="0.000240"/>
</kw>
<kw name="Dictionary Should Contain Key" owner="Collections">
<arg>${json_data}</arg>
<arg>results</arg>
<doc>Fails if ``key`` is not found from ``dictionary``.</doc>
<status status="PASS" start="2024-07-20T09:15:26.289373" elapsed="0.000173"/>
</kw>
<kw name="Should Not Be Empty" owner="BuiltIn">
<msg time="2024-07-20T09:15:26.289862" level="INFO">Length is 2.</msg>
<arg>${json_data}</arg>
<doc>Verifies that the given item is not empty.</doc>
<status status="PASS" start="2024-07-20T09:15:26.289736" elapsed="0.000170"/>
</kw>
<kw name="Create List" owner="BuiltIn">
<msg time="2024-07-20T09:15:26.290351" level="INFO">${expected_keys} = ['gender', 'name', 'location', 'email', 'login']</msg>
<var>${expected_keys}</var>
<arg>gender</arg>
<arg>name</arg>
<arg>location</arg>
<arg>email</arg>
<arg>login</arg>
<doc>Returns a list containing given items.</doc>
<status status="PASS" start="2024-07-20T09:15:26.290199" elapsed="0.000176"/>
</kw>
<for flavor="IN">
<iter>
<kw name="Dictionary Should Contain Key" owner="Collections">
<arg>${json_data['results'][0]}</arg>
<arg>${key}</arg>
<doc>Fails if ``key`` is not found from ``dictionary``.</doc>
<status status="PASS" start="2024-07-20T09:15:26.290980" elapsed="0.000453"/>
</kw>
<kw name="Log" owner="BuiltIn">
<msg time="2024-07-20T09:15:26.291986" level="INFO">{'gender': 'male', 'name': {'title': 'Mr', 'first': 'Macit', 'last': 'Çapanoğlu'}, 'location': {'street': {'number': 3661, 'name': 'Mevlana Cd'}, 'city': 'Bilecik', 'state': 'Gaziantep', 'country': 'Turkey', 'postcode': 62633, 'coordinates': {'latitude': '72.5352', 'longitude': '-155.0157'}, 'timezone': {'offset': '-5:00', 'description': 'Eastern Time (US &amp; Canada), Bogota, Lima'}}, 'email': 'macit.capanoglu@example.com', 'login': {'uuid': 'ae35e259-794e-4965-8c13-a29034e9709f', 'username': 'bigduck672', 'password': 'sahara', 'salt': 'BMp6LytY', 'md5': '7aa43a4d4e343ac82b7051a05d73840c', 'sha1': '1e288c7f380cbf2023b0ec39150207ffb265bddb', 'sha256': 'e777392d45934dbdc69c23021a7402944c754da0af932aac4edf0fcb20184e60'}, 'dob': {'date': '1953-03-14T23:34:21.850Z', 'age': 71}, 'registered': {'date': '2013-10-10T21:37:12.077Z', 'age': 10}, 'phone': '(229)-540-5928', 'cell': '(431)-859-2566', 'id': {'name': '', 'value': None}, 'picture': {'large': 'https://randomuser.me/api/portraits/men/3.jpg', 'medium': 'https://randomuser.me/api/portraits/med/men/3.jpg', 'thumbnail': 'https://randomuser.me/api/portraits/thumb/men/3.jpg'}, 'nat': 'TR'}</msg>
<arg>${json_data['results'][0]}</arg>
<doc>Logs the given message with the given level.</doc>
<status status="PASS" start="2024-07-20T09:15:26.291626" elapsed="0.000415"/>
</kw>
<kw name="Log" owner="BuiltIn">
<msg time="2024-07-20T09:15:26.292483" level="INFO">gender</msg>
<arg>${key}</arg>
<doc>Logs the given message with the given level.</doc>
<status status="PASS" start="2024-07-20T09:15:26.292352" elapsed="0.000171"/>
</kw>
<var name="${key}">gender</var>
<status status="PASS" start="2024-07-20T09:15:26.290848" elapsed="0.001902"/>
</iter>
<iter>
<kw name="Dictionary Should Contain Key" owner="Collections">
<arg>${json_data['results'][0]}</arg>
<arg>${key}</arg>
<doc>Fails if ``key`` is not found from ``dictionary``.</doc>
<status status="PASS" start="2024-07-20T09:15:26.293056" elapsed="0.000390"/>
</kw>
<kw name="Log" owner="BuiltIn">
<msg time="2024-07-20T09:15:26.294000" level="INFO">{'gender': 'male', 'name': {'title': 'Mr', 'first': 'Macit', 'last': 'Çapanoğlu'}, 'location': {'street': {'number': 3661, 'name': 'Mevlana Cd'}, 'city': 'Bilecik', 'state': 'Gaziantep', 'country': 'Turkey', 'postcode': 62633, 'coordinates': {'latitude': '72.5352', 'longitude': '-155.0157'}, 'timezone': {'offset': '-5:00', 'description': 'Eastern Time (US &amp; Canada), Bogota, Lima'}}, 'email': 'macit.capanoglu@example.com', 'login': {'uuid': 'ae35e259-794e-4965-8c13-a29034e9709f', 'username': 'bigduck672', 'password': 'sahara', 'salt': 'BMp6LytY', 'md5': '7aa43a4d4e343ac82b7051a05d73840c', 'sha1': '1e288c7f380cbf2023b0ec39150207ffb265bddb', 'sha256': 'e777392d45934dbdc69c23021a7402944c754da0af932aac4edf0fcb20184e60'}, 'dob': {'date': '1953-03-14T23:34:21.850Z', 'age': 71}, 'registered': {'date': '2013-10-10T21:37:12.077Z', 'age': 10}, 'phone': '(229)-540-5928', 'cell': '(431)-859-2566', 'id': {'name': '', 'value': None}, 'picture': {'large': 'https://randomuser.me/api/portraits/men/3.jpg', 'medium': 'https://randomuser.me/api/portraits/med/men/3.jpg', 'thumbnail': 'https://randomuser.me/api/portraits/thumb/men/3.jpg'}, 'nat': 'TR'}</msg>
<arg>${json_data['results'][0]}</arg>
<doc>Logs the given message with the given level.</doc>
<status status="PASS" start="2024-07-20T09:15:26.293633" elapsed="0.000456"/>
</kw>
<kw name="Log" owner="BuiltIn">
<msg time="2024-07-20T09:15:26.294520" level="INFO">name</msg>
<arg>${key}</arg>
<doc>Logs the given message with the given level.</doc>
<status status="PASS" start="2024-07-20T09:15:26.294392" elapsed="0.000170"/>
</kw>
<var name="${key}">name</var>
<status status="PASS" start="2024-07-20T09:15:26.292941" elapsed="0.001841"/>
</iter>
<iter>
<kw name="Dictionary Should Contain Key" owner="Collections">
<arg>${json_data['results'][0]}</arg>
<arg>${key}</arg>
<doc>Fails if ``key`` is not found from ``dictionary``.</doc>
<status status="PASS" start="2024-07-20T09:15:26.295067" elapsed="0.000410"/>
</kw>
<kw name="Log" owner="BuiltIn">
<msg time="2024-07-20T09:15:26.296030" level="INFO">{'gender': 'male', 'name': {'title': 'Mr', 'first': 'Macit', 'last': 'Çapanoğlu'}, 'location': {'street': {'number': 3661, 'name': 'Mevlana Cd'}, 'city': 'Bilecik', 'state': 'Gaziantep', 'country': 'Turkey', 'postcode': 62633, 'coordinates': {'latitude': '72.5352', 'longitude': '-155.0157'}, 'timezone': {'offset': '-5:00', 'description': 'Eastern Time (US &amp; Canada), Bogota, Lima'}}, 'email': 'macit.capanoglu@example.com', 'login': {'uuid': 'ae35e259-794e-4965-8c13-a29034e9709f', 'username': 'bigduck672', 'password': 'sahara', 'salt': 'BMp6LytY', 'md5': '7aa43a4d4e343ac82b7051a05d73840c', 'sha1': '1e288c7f380cbf2023b0ec39150207ffb265bddb', 'sha256': 'e777392d45934dbdc69c23021a7402944c754da0af932aac4edf0fcb20184e60'}, 'dob': {'date': '1953-03-14T23:34:21.850Z', 'age': 71}, 'registered': {'date': '2013-10-10T21:37:12.077Z', 'age': 10}, 'phone': '(229)-540-5928', 'cell': '(431)-859-2566', 'id': {'name': '', 'value': None}, 'picture': {'large': 'https://randomuser.me/api/portraits/men/3.jpg', 'medium': 'https://randomuser.me/api/portraits/med/men/3.jpg', 'thumbnail': 'https://randomuser.me/api/portraits/thumb/men/3.jpg'}, 'nat': 'TR'}</msg>
<arg>${json_data['results'][0]}</arg>
<doc>Logs the given message with the given level.</doc>
<status status="PASS" start="2024-07-20T09:15:26.295673" elapsed="0.000410"/>
</kw>
<kw name="Log" owner="BuiltIn">
<msg time="2024-07-20T09:15:26.296505" level="INFO">location</msg>
<arg>${key}</arg>
<doc>Logs the given message with the given level.</doc>
<status status="PASS" start="2024-07-20T09:15:26.296380" elapsed="0.000163"/>
</kw>
<var name="${key}">location</var>
<status status="PASS" start="2024-07-20T09:15:26.294958" elapsed="0.001798"/>
</iter>
<iter>
<kw name="Dictionary Should Contain Key" owner="Collections">
<arg>${json_data['results'][0]}</arg>
<arg>${key}</arg>
<doc>Fails if ``key`` is not found from ``dictionary``.</doc>
<status status="PASS" start="2024-07-20T09:15:26.297037" elapsed="0.000391"/>
</kw>
<kw name="Log" owner="BuiltIn">
<msg time="2024-07-20T09:15:26.298108" level="INFO">{'gender': 'male', 'name': {'title': 'Mr', 'first': 'Macit', 'last': 'Çapanoğlu'}, 'location': {'street': {'number': 3661, 'name': 'Mevlana Cd'}, 'city': 'Bilecik', 'state': 'Gaziantep', 'country': 'Turkey', 'postcode': 62633, 'coordinates': {'latitude': '72.5352', 'longitude': '-155.0157'}, 'timezone': {'offset': '-5:00', 'description': 'Eastern Time (US &amp; Canada), Bogota, Lima'}}, 'email': 'macit.capanoglu@example.com', 'login': {'uuid': 'ae35e259-794e-4965-8c13-a29034e9709f', 'username': 'bigduck672', 'password': 'sahara', 'salt': 'BMp6LytY', 'md5': '7aa43a4d4e343ac82b7051a05d73840c', 'sha1': '1e288c7f380cbf2023b0ec39150207ffb265bddb', 'sha256': 'e777392d45934dbdc69c23021a7402944c754da0af932aac4edf0fcb20184e60'}, 'dob': {'date': '1953-03-14T23:34:21.850Z', 'age': 71}, 'registered': {'date': '2013-10-10T21:37:12.077Z', 'age': 10}, 'phone': '(229)-540-5928', 'cell': '(431)-859-2566', 'id': {'name': '', 'value': None}, 'picture': {'large': 'https://randomuser.me/api/portraits/men/3.jpg', 'medium': 'https://randomuser.me/api/portraits/med/men/3.jpg', 'thumbnail': 'https://randomuser.me/api/portraits/thumb/men/3.jpg'}, 'nat': 'TR'}</msg>
<arg>${json_data['results'][0]}</arg>
<doc>Logs the given message with the given level.</doc>
<status status="PASS" start="2024-07-20T09:15:26.297746" elapsed="0.000417"/>
</kw>
<kw name="Log" owner="BuiltIn">
<msg time="2024-07-20T09:15:26.298592" level="INFO">email</msg>
<arg>${key}</arg>
<doc>Logs the given message with the given level.</doc>
<status status="PASS" start="2024-07-20T09:15:26.298464" elapsed="0.000167"/>
</kw>
<var name="${key}">email</var>
<status status="PASS" start="2024-07-20T09:15:26.296928" elapsed="0.001925"/>
</iter>
<iter>
<kw name="Dictionary Should Contain Key" owner="Collections">
<arg>${json_data['results'][0]}</arg>
<arg>${key}</arg>
<doc>Fails if ``key`` is not found from ``dictionary``.</doc>
<status status="PASS" start="2024-07-20T09:15:26.299137" elapsed="0.000405"/>
</kw>
<kw name="Log" owner="BuiltIn">
<msg time="2024-07-20T09:15:26.300083" level="INFO">{'gender': 'male', 'name': {'title': 'Mr', 'first': 'Macit', 'last': 'Çapanoğlu'}, 'location': {'street': {'number': 3661, 'name': 'Mevlana Cd'}, 'city': 'Bilecik', 'state': 'Gaziantep', 'country': 'Turkey', 'postcode': 62633, 'coordinates': {'latitude': '72.5352', 'longitude': '-155.0157'}, 'timezone': {'offset': '-5:00', 'description': 'Eastern Time (US &amp; Canada), Bogota, Lima'}}, 'email': 'macit.capanoglu@example.com', 'login': {'uuid': 'ae35e259-794e-4965-8c13-a29034e9709f', 'username': 'bigduck672', 'password': 'sahara', 'salt': 'BMp6LytY', 'md5': '7aa43a4d4e343ac82b7051a05d73840c', 'sha1': '1e288c7f380cbf2023b0ec39150207ffb265bddb', 'sha256': 'e777392d45934dbdc69c23021a7402944c754da0af932aac4edf0fcb20184e60'}, 'dob': {'date': '1953-03-14T23:34:21.850Z', 'age': 71}, 'registered': {'date': '2013-10-10T21:37:12.077Z', 'age': 10}, 'phone': '(229)-540-5928', 'cell': '(431)-859-2566', 'id': {'name': '', 'value': None}, 'picture': {'large': 'https://randomuser.me/api/portraits/men/3.jpg', 'medium': 'https://randomuser.me/api/portraits/med/men/3.jpg', 'thumbnail': 'https://randomuser.me/api/portraits/thumb/men/3.jpg'}, 'nat': 'TR'}</msg>
<arg>${json_data['results'][0]}</arg>
<doc>Logs the given message with the given level.</doc>
<status status="PASS" start="2024-07-20T09:15:26.299725" elapsed="0.000411"/>
</kw>
<kw name="Log" owner="BuiltIn">
<msg time="2024-07-20T09:15:26.300563" level="INFO">login</msg>
<arg>${key}</arg>
<doc>Logs the given message with the given level.</doc>
<status status="PASS" start="2024-07-20T09:15:26.300436" elapsed="0.000164"/>
</kw>
<var name="${key}">login</var>
<status status="PASS" start="2024-07-20T09:15:26.299028" elapsed="0.001787"/>
</iter>
<var>${key}</var>
<value>@{expected_keys}</value>
<status status="PASS" start="2024-07-20T09:15:26.290644" elapsed="0.010289"/>
</for>
<kw name="Create List" owner="BuiltIn">
<msg time="2024-07-20T09:15:26.301275" level="INFO">${expected_keysTwo} = ['username', 'password']</msg>
<var>${expected_keysTwo}</var>
<arg>username</arg>
<arg>password</arg>
<doc>Returns a list containing given items.</doc>
<status status="PASS" start="2024-07-20T09:15:26.301136" elapsed="0.000190"/>
</kw>
<for flavor="IN">
<iter>
<kw name="Dictionary Should Contain Key" owner="Collections">
<arg>${json_data['results'][0]['login']}</arg>
<arg>${keyTwo}</arg>
<doc>Fails if ``key`` is not found from ``dictionary``.</doc>
<status status="PASS" start="2024-07-20T09:15:26.301834" elapsed="0.000378"/>
</kw>
<kw name="Dictionary Should Contain Key" owner="Collections">
<arg>${json_data['results'][0]['login']}</arg>
<arg>${keyTwo}</arg>
<doc>Fails if ``key`` is not found from ``dictionary``.</doc>
<status status="PASS" start="2024-07-20T09:15:26.302393" elapsed="0.000372"/>
</kw>
<kw name="Log" owner="BuiltIn">
<msg time="2024-07-20T09:15:26.303058" level="INFO">username</msg>
<arg>${keyTwo}</arg>
<doc>Logs the given message with the given level.</doc>
<status status="PASS" start="2024-07-20T09:15:26.302940" elapsed="0.000155"/>
</kw>
<var name="${keyTwo}">username</var>
<status status="PASS" start="2024-07-20T09:15:26.301725" elapsed="0.001587"/>
</iter>
<iter>
<kw name="Dictionary Should Contain Key" owner="Collections">
<arg>${json_data['results'][0]['login']}</arg>
<arg>${keyTwo}</arg>
<doc>Fails if ``key`` is not found from ``dictionary``.</doc>
<status status="PASS" start="2024-07-20T09:15:26.303626" elapsed="0.000387"/>
</kw>
<kw name="Dictionary Should Contain Key" owner="Collections">
<arg>${json_data['results'][0]['login']}</arg>
<arg>${keyTwo}</arg>
<doc>Fails if ``key`` is not found from ``dictionary``.</doc>
<status status="PASS" start="2024-07-20T09:15:26.304191" elapsed="0.000364"/>
</kw>
<kw name="Log" owner="BuiltIn">
<msg time="2024-07-20T09:15:26.304855" level="INFO">password</msg>
<arg>${keyTwo}</arg>
<doc>Logs the given message with the given level.</doc>
<status status="PASS" start="2024-07-20T09:15:26.304730" elapsed="0.000162"/>
</kw>
<var name="${keyTwo}">password</var>
<status status="PASS" start="2024-07-20T09:15:26.303515" elapsed="0.001596"/>
</iter>
<var>${keyTwo}</var>
<value>@{expected_keysTwo}</value>
<status status="PASS" start="2024-07-20T09:15:26.301572" elapsed="0.003658"/>
</for>
<status status="PASS" start="2024-07-20T09:15:26.191037" elapsed="0.114333"/>
</kw>
<doc>Testa a estrutura da resposta da API.</doc>
<tag>testeEstruturaResposta</tag>
<status status="PASS" start="2024-07-20T09:15:26.190527" elapsed="0.115010"/>
</test>
<test id="s1-s1-t4" name="Validar tipos de dados" line="28">
<kw name="Teste de Tipos de Dados" owner="random-user-service">
<kw name="GET On Session" owner="RequestsLibrary">
<msg time="2024-07-20T09:15:26.336908" level="INFO">GET Request : url=https://randomuser.me/api 
 path_url=/api 
 headers={'User-Agent': 'python-requests/2.32.3', 'Accept-Encoding': 'gzip, deflate', 'Accept': '*/*', 'Connection': 'keep-alive'} 
 body=None 
 </msg>
<msg time="2024-07-20T09:15:26.337005" level="INFO">GET Response : url=https://randomuser.me/api 
 status=200, reason=OK 
 headers={'Date': 'Sat, 20 Jul 2024 09:15:26 GMT', 'Content-Type': 'application/json; charset=utf-8', 'Transfer-Encoding': 'chunked', 'Connection': 'keep-alive', 'X-Powered-By': 'Express', 'Access-Control-Allow-Origin': '*', 'Cache-Control': 'no-cache', 'ETag': 'W/"48c-ieF2r9SmMHY51QuPxWbheo8z+f0"', 'Vary': 'Accept-Encoding', 'Content-Encoding': 'gzip', 'CF-Cache-Status': 'DYNAMIC', 'Report-To': '{"endpoints":[{"url":"https:\\/\\/a.nel.cloudflare.com\\/report\\/v4?s=fI7b3iC96NpB4ydLgQsZNC9OzRkcyBElGLUJ4bsni704FCVziVw%2BoGH%2BQAetJOreTlJr8v5LlShYGIwaMqi45FLlr8X%2BI0GCwJFGFjdEMKwTrG4rvEDFeBB6620gKHoa"}],"group":"cf-nel","max_age":604800}', 'NEL': '{"success_fraction":0,"report_to":"cf-nel","max_age":604800}', 'Server': 'cloudflare', 'CF-RAY': '8a61d8c178050600-IAD', 'alt-svc': 'h3=":443"; ma=86400'} 
 body={"results":[{"gender":"female","name":{"title":"Miss","first":"Fatma","last":"Dizdar"},"location":{"street":{"number":508,"name":"Filistin Cd"},"city":"Bilecik","state":"Aksaray","country":"Turkey","postcode":75977,"coordinates":{"latitude":"67.2121","longitude":"30.1238"},"timezone":{"offset":"-4:00","description":"Atlantic Time (Canada), Caracas, La Paz"}},"email":"fatma.dizdar@example.com","login":{"uuid":"6434092d-ba9f-423e-903b-1ec4b302b17f","username":"sadbutterfly917","password":"camilla","salt":"QL9io5Kc","md5":"121c422f915e727ab766935c272ff780","sha1":"f3ed3e02d53b43eb1008ecee83eddc9b147f1681","sha256":"4392869f5b82072730443c7a60c4406983eb3b48843288306a18bae0684f2220"},"dob":{"date":"1988-03-09T01:50:47.809Z","age":36},"registered":{"date":"2007-10-03T10:25:09.570Z","age":16},"phone":"(201)-604-9075","cell":"(300)-547-1720","id":{"name":"","value":null},"picture":{"large":"https://randomuser.me/api/portraits/women/68.jpg","medium":"https://randomuser.me/api/portraits/med/women/68.jpg","thumbnail":"https://randomuser.me/api/portraits/thumb/women/68.jpg"},"nat":"TR"}],"info":{"seed":"f037411aa80d6250","results":1,"page":1,"version":"1.4"}} 
 </msg>
<msg time="2024-07-20T09:15:26.337077" level="INFO">/opt/hostedtoolcache/Python/3.12.4/x64/lib/python3.12/site-packages/urllib3/connectionpool.py:1099: InsecureRequestWarning: Unverified HTTPS request is being made to host 'randomuser.me'. Adding certificate verification is strongly advised. See: https://urllib3.readthedocs.io/en/latest/advanced-usage.html#tls-warnings
  warnings.warn(</msg>
<msg time="2024-07-20T09:15:26.337218" level="INFO">${response} = &lt;Response [200]&gt;</msg>
<var>${response}</var>
<arg>consultarAPI</arg>
<arg>/api</arg>
<doc>Sends a GET request on a previously created HTTP Session.</doc>
<status status="PASS" start="2024-07-20T09:15:26.308145" elapsed="0.029116"/>
</kw>
<kw name="Set Variable" owner="BuiltIn">
<msg time="2024-07-20T09:15:26.338472" level="INFO">${json_data} = {'results': [{'gender': 'female', 'name': {'title': 'Miss', 'first': 'Fatma', 'last': 'Dizdar'}, 'location': {'street': {'number': 508, 'name': 'Filistin Cd'}, 'city': 'Bilecik', 'state': 'Aksaray', '...</msg>
<var>${json_data}</var>
<arg>${response.json()}</arg>
<doc>Returns the given values which can then be assigned to a variables.</doc>
<status status="PASS" start="2024-07-20T09:15:26.337855" elapsed="0.000656"/>
</kw>
<kw name="Log" owner="BuiltIn">
<msg time="2024-07-20T09:15:26.339021" level="INFO">{'results': [{'gender': 'female', 'name': {'title': 'Miss', 'first': 'Fatma', 'last': 'Dizdar'}, 'location': {'street': {'number': 508, 'name': 'Filistin Cd'}, 'city': 'Bilecik', 'state': 'Aksaray', 'country': 'Turkey', 'postcode': 75977, 'coordinates': {'latitude': '67.2121', 'longitude': '30.1238'}, 'timezone': {'offset': '-4:00', 'description': 'Atlantic Time (Canada), Caracas, La Paz'}}, 'email': 'fatma.dizdar@example.com', 'login': {'uuid': '6434092d-ba9f-423e-903b-1ec4b302b17f', 'username': 'sadbutterfly917', 'password': 'camilla', 'salt': 'QL9io5Kc', 'md5': '121c422f915e727ab766935c272ff780', 'sha1': 'f3ed3e02d53b43eb1008ecee83eddc9b147f1681', 'sha256': '4392869f5b82072730443c7a60c4406983eb3b48843288306a18bae0684f2220'}, 'dob': {'date': '1988-03-09T01:50:47.809Z', 'age': 36}, 'registered': {'date': '2007-10-03T10:25:09.570Z', 'age': 16}, 'phone': '(201)-604-9075', 'cell': '(300)-547-1720', 'id': {'name': '', 'value': None}, 'picture': {'large': 'https://randomuser.me/api/portraits/women/68.jpg', 'medium': 'https://randomuser.me/api/portraits/med/women/68.jpg', 'thumbnail': 'https://randomuser.me/api/portraits/thumb/women/68.jpg'}, 'nat': 'TR'}], 'info': {'seed': 'f037411aa80d6250', 'results': 1, 'page': 1, 'version': '1.4'}}</msg>
<arg>${json_data}</arg>
<doc>Logs the given message with the given level.</doc>
<status status="PASS" start="2024-07-20T09:15:26.338841" elapsed="0.000233"/>
</kw>
<kw name="Should Be String" owner="String">
<arg>${json_data['results'][0]['gender']}</arg>
<doc>Fails if the given ``item`` is not a string.</doc>
<status status="PASS" start="2024-07-20T09:15:26.339464" elapsed="0.000466"/>
</kw>
<kw name="Should Match Regexp" owner="BuiltIn">
<arg>${json_data['results'][0]['email']}</arg>
<arg>^[a-zA-Z0-9._%+-]+@[a-zA-Z0-9.-]+\.[a-zA-Z]{2,}$</arg>
<doc>Fails if ``string`` does not match ``pattern`` as a regular expression.</doc>
<status status="PASS" start="2024-07-20T09:15:26.340183" elapsed="0.000649"/>
</kw>
<kw name="Should Match Regexp" owner="BuiltIn">
<arg>${json_data['results'][0]['dob']['date']}</arg>
<arg>\\d{4}-\\d{2}-\\d{2}T\\d{2}:\\d{2}:\\d{2}\\.\\d{3}Z</arg>
<doc>Fails if ``string`` does not match ``pattern`` as a regular expression.</doc>
<status status="PASS" start="2024-07-20T09:15:26.341115" elapsed="0.000778"/>
</kw>
<kw name="Should Match Regexp" owner="BuiltIn">
<arg>${json_data['results'][0]['registered']['date']}</arg>
<arg>\\d{4}-\\d{2}-\\d{2}T\\d{2}:\\d{2}:\\d{2}\\.\\d{3}Z</arg>
<doc>Fails if ``string`` does not match ``pattern`` as a regular expression.</doc>
<status status="PASS" start="2024-07-20T09:15:26.342116" elapsed="0.000442"/>
</kw>
<kw name="Should Match Regexp" owner="BuiltIn">
<arg>${json_data['results'][0]['picture']['large']}</arg>
<arg>^https?://.*\.(?:png|jpe?g|gif|bmp)$</arg>
<doc>Fails if ``string`` does not match ``pattern`` as a regular expression.</doc>
<status status="PASS" start="2024-07-20T09:15:26.342814" elapsed="0.000581"/>
</kw>
<kw name="Should Match Regexp" owner="BuiltIn">
<arg>${json_data['results'][0]['picture']['medium']}</arg>
<arg>^https?://.*\.(?:png|jpe?g|gif|bmp)$</arg>
<doc>Fails if ``string`` does not match ``pattern`` as a regular expression.</doc>
<status status="PASS" start="2024-07-20T09:15:26.343591" elapsed="0.000371"/>
</kw>
<kw name="Should Match Regexp" owner="BuiltIn">
<arg>${json_data['results'][0]['picture']['thumbnail']}</arg>
<arg>^https?://.*\.(?:png|jpe?g|gif|bmp)$</arg>
<doc>Fails if ``string`` does not match ``pattern`` as a regular expression.</doc>
<status status="PASS" start="2024-07-20T09:15:26.344150" elapsed="0.000498"/>
</kw>
<kw name="Log" owner="BuiltIn">
<msg time="2024-07-20T09:15:26.345310" level="INFO">{'large': 'https://randomuser.me/api/portraits/women/68.jpg', 'medium': 'https://randomuser.me/api/portraits/med/women/68.jpg', 'thumbnail': 'https://randomuser.me/api/portraits/thumb/women/68.jpg'}</msg>
<arg>${json_data['results'][0]['picture']}</arg>
<doc>Logs the given message with the given level.</doc>
<status status="PASS" start="2024-07-20T09:15:26.344871" elapsed="0.000488"/>
</kw>
<status status="PASS" start="2024-07-20T09:15:26.307915" elapsed="0.037796"/>
</kw>
<kw name="Teste de Tipos de Dados - Postcode" owner="random-user-service">
<kw name="GET On Session" owner="RequestsLibrary">
<msg time="2024-07-20T09:15:26.440828" level="INFO">GET Request : url=https://randomuser.me/api 
 path_url=/api 
 headers={'User-Agent': 'python-requests/2.32.3', 'Accept-Encoding': 'gzip, deflate', 'Accept': '*/*', 'Connection': 'keep-alive'} 
 body=None 
 </msg>
<msg time="2024-07-20T09:15:26.440927" level="INFO">GET Response : url=https://randomuser.me/api 
 status=200, reason=OK 
 headers={'Date': 'Sat, 20 Jul 2024 09:15:26 GMT', 'Content-Type': 'application/json; charset=utf-8', 'Transfer-Encoding': 'chunked', 'Connection': 'keep-alive', 'X-Powered-By': 'Express', 'Access-Control-Allow-Origin': '*', 'Cache-Control': 'no-cache', 'ETag': 'W/"49b-VHR4h+TCDHnlqwi9W5dnxYc/KhE"', 'Vary': 'Accept-Encoding', 'Content-Encoding': 'gzip', 'CF-Cache-Status': 'DYNAMIC', 'Report-To': '{"endpoints":[{"url":"https:\\/\\/a.nel.cloudflare.com\\/report\\/v4?s=oulfGXG0QAsDESX6YEPl5QkbXJmtYt%2BRMrpe2yym6hKY22JcGQ%2B3vySjg4tXq1aDGx5R2f9T4i1lXPVUy%2BtvL%2F4AwnG%2Br0rbDEX6LxPMsZqJ9VRuZ7WHuIfGpUSe7LU1"}],"group":"cf-nel","max_age":604800}', 'NEL': '{"success_fraction":0,"report_to":"cf-nel","max_age":604800}', 'Server': 'cloudflare', 'CF-RAY': '8a61d8c1a8330600-IAD', 'alt-svc': 'h3=":443"; ma=86400'} 
 body={"results":[{"gender":"female","name":{"title":"Mrs","first":"Debra","last":"Garcia"},"location":{"street":{"number":9995,"name":"Valley View Ln"},"city":"Tempe","state":"Maine","country":"United States","postcode":97825,"coordinates":{"latitude":"86.3114","longitude":"76.4337"},"timezone":{"offset":"+9:00","description":"Tokyo, Seoul, Osaka, Sapporo, Yakutsk"}},"email":"debra.garcia@example.com","login":{"uuid":"449efde5-f27b-4f7b-ae28-1c5607f9bfcc","username":"orangebutterfly782","password":"birdie","salt":"kCR7BUQ3","md5":"82d3c192207d8ac0d9c18838b2d7987e","sha1":"589371c1f2891835838289992638e6e6a7475a5d","sha256":"053a5bdb10975e7ed23bd44b59ca25189bc55ecf717c14e4232bba410e19aa24"},"dob":{"date":"1964-09-01T07:26:02.724Z","age":59},"registered":{"date":"2009-11-05T08:10:06.091Z","age":14},"phone":"(595) 798-7031","cell":"(356) 353-1795","id":{"name":"SSN","value":"765-28-0199"},"picture":{"large":"https://randomuser.me/api/portraits/women/3.jpg","medium":"https://randomuser.me/api/portraits/med/women/3.jpg","thumbnail":"https://randomuser.me/api/portraits/thumb/women/3.jpg"},"nat":"US"}],"info":{"seed":"4b1111662a328534","results":1,"page":1,"version":"1.4"}} 
 </msg>
<msg time="2024-07-20T09:15:26.440998" level="INFO">/opt/hostedtoolcache/Python/3.12.4/x64/lib/python3.12/site-packages/urllib3/connectionpool.py:1099: InsecureRequestWarning: Unverified HTTPS request is being made to host 'randomuser.me'. Adding certificate verification is strongly advised. See: https://urllib3.readthedocs.io/en/latest/advanced-usage.html#tls-warnings
  warnings.warn(</msg>
<msg time="2024-07-20T09:15:26.441141" level="INFO">${response} = &lt;Response [200]&gt;</msg>
<var>${response}</var>
<arg>consultarAPI</arg>
<arg>/api</arg>
<doc>Sends a GET request on a previously created HTTP Session.</doc>
<status status="PASS" start="2024-07-20T09:15:26.346291" elapsed="0.094891"/>
</kw>
<kw name="Set Variable" owner="BuiltIn">
<msg time="2024-07-20T09:15:26.442222" level="INFO">${json_data} = {'results': [{'gender': 'female', 'name': {'title': 'Mrs', 'first': 'Debra', 'last': 'Garcia'}, 'location': {'street': {'number': 9995, 'name': 'Valley View Ln'}, 'city': 'Tempe', 'state': 'Maine', 'c...</msg>
<var>${json_data}</var>
<arg>${response.json()}</arg>
<doc>Returns the given values which can then be assigned to a variables.</doc>
<status status="PASS" start="2024-07-20T09:15:26.441699" elapsed="0.000552"/>
</kw>
<kw name="Log" owner="BuiltIn">
<msg time="2024-07-20T09:15:26.442725" level="INFO">{'results': [{'gender': 'female', 'name': {'title': 'Mrs', 'first': 'Debra', 'last': 'Garcia'}, 'location': {'street': {'number': 9995, 'name': 'Valley View Ln'}, 'city': 'Tempe', 'state': 'Maine', 'country': 'United States', 'postcode': 97825, 'coordinates': {'latitude': '86.3114', 'longitude': '76.4337'}, 'timezone': {'offset': '+9:00', 'description': 'Tokyo, Seoul, Osaka, Sapporo, Yakutsk'}}, 'email': 'debra.garcia@example.com', 'login': {'uuid': '449efde5-f27b-4f7b-ae28-1c5607f9bfcc', 'username': 'orangebutterfly782', 'password': 'birdie', 'salt': 'kCR7BUQ3', 'md5': '82d3c192207d8ac0d9c18838b2d7987e', 'sha1': '589371c1f2891835838289992638e6e6a7475a5d', 'sha256': '053a5bdb10975e7ed23bd44b59ca25189bc55ecf717c14e4232bba410e19aa24'}, 'dob': {'date': '1964-09-01T07:26:02.724Z', 'age': 59}, 'registered': {'date': '2009-11-05T08:10:06.091Z', 'age': 14}, 'phone': '(595) 798-7031', 'cell': '(356) 353-1795', 'id': {'name': 'SSN', 'value': '765-28-0199'}, 'picture': {'large': 'https://randomuser.me/api/portraits/women/3.jpg', 'medium': 'https://randomuser.me/api/portraits/med/women/3.jpg', 'thumbnail': 'https://randomuser.me/api/portraits/thumb/women/3.jpg'}, 'nat': 'US'}], 'info': {'seed': '4b1111662a328534', 'results': 1, 'page': 1, 'version': '1.4'}}</msg>
<arg>${json_data}</arg>
<doc>Logs the given message with the given level.</doc>
<status status="PASS" start="2024-07-20T09:15:26.442562" elapsed="0.000211"/>
</kw>
<kw name="Should Be Equal As Numbers" owner="BuiltIn">
<arg>${json_data['results'][0]['location']['postcode']}</arg>
<arg>${json_data['results'][0]['location']['postcode']}</arg>
<doc>Fails if objects are unequal after converting them to real numbers.</doc>
<status status="PASS" start="2024-07-20T09:15:26.443072" elapsed="0.000675"/>
</kw>
<kw name="Log" owner="BuiltIn">
<msg time="2024-07-20T09:15:26.444289" level="INFO">97825</msg>
<arg>${json_data['results'][0]['location']['postcode']}</arg>
<doc>Logs the given message with the given level.</doc>
<status status="PASS" start="2024-07-20T09:15:26.443943" elapsed="0.000389"/>
</kw>
<status status="PASS" start="2024-07-20T09:15:26.346004" elapsed="0.098625"/>
</kw>
<doc>Testa se os tipos de dados na resposta da API estão corretos.</doc>
<tag>testeTiposDados</tag>
<status status="PASS" start="2024-07-20T09:15:26.307324" elapsed="0.137486"/>
</test>
<test id="s1-s1-t5" name="Validar conteudo" line="35">
<kw name="Teste de Tipos de Conteudo" owner="random-user-service">
<kw name="GET On Session" owner="RequestsLibrary">
<msg time="2024-07-20T09:15:26.542914" level="INFO">GET Request : url=https://randomuser.me/api 
 path_url=/api 
 headers={'User-Agent': 'python-requests/2.32.3', 'Accept-Encoding': 'gzip, deflate', 'Accept': '*/*', 'Connection': 'keep-alive'} 
 body=None 
 </msg>
<msg time="2024-07-20T09:15:26.543014" level="INFO">GET Response : url=https://randomuser.me/api 
 status=200, reason=OK 
 headers={'Date': 'Sat, 20 Jul 2024 09:15:26 GMT', 'Content-Type': 'application/json; charset=utf-8', 'Transfer-Encoding': 'chunked', 'Connection': 'keep-alive', 'X-Powered-By': 'Express', 'Access-Control-Allow-Origin': '*', 'Cache-Control': 'no-cache', 'ETag': 'W/"499-cP+YaGIOn3wBcsvEsZKBrzXkG/0"', 'Vary': 'Accept-Encoding', 'Content-Encoding': 'gzip', 'CF-Cache-Status': 'DYNAMIC', 'Report-To': '{"endpoints":[{"url":"https:\\/\\/a.nel.cloudflare.com\\/report\\/v4?s=Jikfyx5orGEcCMrvBD88Jjxv3ijNHJS38my4Atu5hs1mJkeSQnZCxBjuMQ4B6a8wZ%2BXVejMjkV2EbXHKthsAhG%2BYjSaikHlPtyxDAAwSloRKgbqs6IAhKCQNNM2t5MKh"}],"group":"cf-nel","max_age":604800}', 'NEL': '{"success_fraction":0,"report_to":"cf-nel","max_age":604800}', 'Server': 'cloudflare', 'CF-RAY': '8a61d8c258b10600-IAD', 'alt-svc': 'h3=":443"; ma=86400'} 
 body={"results":[{"gender":"male","name":{"title":"Mr","first":"Edwin","last":"Neal"},"location":{"street":{"number":5277,"name":"Mockingbird Ln"},"city":"Wichita","state":"North Carolina","country":"United States","postcode":24901,"coordinates":{"latitude":"83.2203","longitude":"-125.4433"},"timezone":{"offset":"+5:30","description":"Bombay, Calcutta, Madras, New Delhi"}},"email":"edwin.neal@example.com","login":{"uuid":"4ab88fa2-2163-42d1-9c5b-f9f3080dbecb","username":"goldenpanda981","password":"sherlock","salt":"jfxmh2hf","md5":"2f5c140dbdd8a1033e450586399e6eb0","sha1":"c3dbcb769bd3e76429371a1bed6f612a90e724ca","sha256":"c80175fec137572a838d1215bd5c3b083517fed0cb2e204e0b32bd87a18219a1"},"dob":{"date":"1976-11-22T11:34:33.694Z","age":47},"registered":{"date":"2022-04-27T21:01:30.284Z","age":2},"phone":"(250) 878-7728","cell":"(795) 426-2681","id":{"name":"SSN","value":"627-87-3523"},"picture":{"large":"https://randomuser.me/api/portraits/men/24.jpg","medium":"https://randomuser.me/api/portraits/med/men/24.jpg","thumbnail":"https://randomuser.me/api/portraits/thumb/men/24.jpg"},"nat":"US"}],"info":{"seed":"9351e2382910a7bc","results":1,"page":1,"version":"1.4"}} 
 </msg>
<msg time="2024-07-20T09:15:26.543085" level="INFO">/opt/hostedtoolcache/Python/3.12.4/x64/lib/python3.12/site-packages/urllib3/connectionpool.py:1099: InsecureRequestWarning: Unverified HTTPS request is being made to host 'randomuser.me'. Adding certificate verification is strongly advised. See: https://urllib3.readthedocs.io/en/latest/advanced-usage.html#tls-warnings
  warnings.warn(</msg>
<msg time="2024-07-20T09:15:26.543234" level="INFO">${response} = &lt;Response [200]&gt;</msg>
<var>${response}</var>
<arg>consultarAPI</arg>
<arg>/api</arg>
<doc>Sends a GET request on a previously created HTTP Session.</doc>
<status status="PASS" start="2024-07-20T09:15:26.447326" elapsed="0.095952"/>
</kw>
<kw name="Set Variable" owner="BuiltIn">
<msg time="2024-07-20T09:15:26.544400" level="INFO">${json_data} = {'results': [{'gender': 'male', 'name': {'title': 'Mr', 'first': 'Edwin', 'last': 'Neal'}, 'location': {'street': {'number': 5277, 'name': 'Mockingbird Ln'}, 'city': 'Wichita', 'state': 'North Carolin...</msg>
<var>${json_data}</var>
<arg>${response.json()}</arg>
<doc>Returns the given values which can then be assigned to a variables.</doc>
<status status="PASS" start="2024-07-20T09:15:26.543850" elapsed="0.000581"/>
</kw>
<kw name="Set Variable" owner="BuiltIn">
<msg time="2024-07-20T09:15:26.545159" level="INFO">${name_title} = Mr</msg>
<var>${name_title}</var>
<arg>${json_data["results"][0]["name"]["title"]}</arg>
<doc>Returns the given values which can then be assigned to a variables.</doc>
<status status="PASS" start="2024-07-20T09:15:26.544759" elapsed="0.000426"/>
</kw>
<kw name="Create List" owner="BuiltIn">
<msg time="2024-07-20T09:15:26.545649" level="INFO">${allowed_titles} = ['Mr', 'Ms', 'Miss', 'Mrs', 'Madame', 'Monsieur']</msg>
<var>${allowed_titles}</var>
<arg>Mr</arg>
<arg>Ms</arg>
<arg>Miss</arg>
<arg>Mrs</arg>
<arg>Madame</arg>
<arg>Monsieur</arg>
<doc>Returns a list containing given items.</doc>
<status status="PASS" start="2024-07-20T09:15:26.545492" elapsed="0.000183"/>
</kw>
<kw name="List Should Contain Value" owner="Collections">
<arg>${allowed_titles}</arg>
<arg>${name_title}</arg>
<doc>Fails if the ``value`` is not found from ``list``.</doc>
<status status="PASS" start="2024-07-20T09:15:26.545991" elapsed="0.000181"/>
</kw>
<kw name="Set Variable" owner="BuiltIn">
<msg time="2024-07-20T09:15:26.546883" level="INFO">${name_country} = US</msg>
<var>${name_country}</var>
<arg>${json_data["results"][0]["nat"]}</arg>
<doc>Returns the given values which can then be assigned to a variables.</doc>
<status status="PASS" start="2024-07-20T09:15:26.546363" elapsed="0.000555"/>
</kw>
<kw name="Create List" owner="BuiltIn">
<msg time="2024-07-20T09:15:26.547917" level="INFO">${list_country} = ['AD', 'AE', 'AF', 'AG', 'AI', 'AL', 'AM', 'AO', 'AQ', 'AR', 'AS', 'AT', 'AU', 'AW', 'AX', 'AZ', 'BA', 'BB', 'BD', 'BE', 'BF', 'BG', 'BH', 'BI', 'BJ', 'BL', 'BM', 'BN', 'BO', 'BQ', 'BR', 'BS', 'BT', '...</msg>
<var>${list_country}</var>
<arg>AD</arg>
<arg>AE</arg>
<arg>AF</arg>
<arg>AG</arg>
<arg>AI</arg>
<arg>AL</arg>
<arg>AM</arg>
<arg>AO</arg>
<arg>AQ</arg>
<arg>AR</arg>
<arg>AS</arg>
<arg>AT</arg>
<arg>AU</arg>
<arg>AW</arg>
<arg>AX</arg>
<arg>AZ</arg>
<arg>BA</arg>
<arg>BB</arg>
<arg>BD</arg>
<arg>BE</arg>
<arg>BF</arg>
<arg>BG</arg>
<arg>BH</arg>
<arg>BI</arg>
<arg>BJ</arg>
<arg>BL</arg>
<arg>BM</arg>
<arg>BN</arg>
<arg>BO</arg>
<arg>BQ</arg>
<arg>BR</arg>
<arg>BS</arg>
<arg>BT</arg>
<arg>BV</arg>
<arg>BW</arg>
<arg>BY</arg>
<arg>BZ</arg>
<arg>CA</arg>
<arg>CC</arg>
<arg>CD</arg>
<arg>CF</arg>
<arg>CG</arg>
<arg>CH</arg>
<arg>CI</arg>
<arg>CK</arg>
<arg>CL</arg>
<arg>CM</arg>
<arg>CN</arg>
<arg>CO</arg>
<arg>CR</arg>
<arg>CU</arg>
<arg>CV</arg>
<arg>CW</arg>
<arg>CX</arg>
<arg>CY</arg>
<arg>CZ</arg>
<arg>DE</arg>
<arg>DJ</arg>
<arg>DK</arg>
<arg>DM</arg>
<arg>DO</arg>
<arg>DZ</arg>
<arg>EC</arg>
<arg>EE</arg>
<arg>EG</arg>
<arg>EH</arg>
<arg>ER</arg>
<arg>ES</arg>
<arg>ET</arg>
<arg>FI</arg>
<arg>FJ</arg>
<arg>FK</arg>
<arg>FM</arg>
<arg>FO</arg>
<arg>FR</arg>
<arg>GA</arg>
<arg>GB</arg>
<arg>GD</arg>
<arg>GE</arg>
<arg>GF</arg>
<arg>GG</arg>
<arg>GH</arg>
<arg>GI</arg>
<arg>GL</arg>
<arg>GM</arg>
<arg>GN</arg>
<arg>GP</arg>
<arg>GQ</arg>
<arg>GR</arg>
<arg>GS</arg>
<arg>GT</arg>
<arg>GU</arg>
<arg>GW</arg>
<arg>GY</arg>
<arg>HK</arg>
<arg>HM</arg>
<arg>HN</arg>
<arg>HR</arg>
<arg>HT</arg>
<arg>HU</arg>
<arg>ID</arg>
<arg>IE</arg>
<arg>IL</arg>
<arg>IM</arg>
<arg>IN</arg>
<arg>IO</arg>
<arg>IQ</arg>
<arg>IR</arg>
<arg>IS</arg>
<arg>IT</arg>
<arg>JE</arg>
<arg>JM</arg>
<arg>JO</arg>
<arg>JP</arg>
<arg>KE</arg>
<arg>KG</arg>
<arg>KH</arg>
<arg>KI</arg>
<arg>KM</arg>
<arg>KN</arg>
<arg>KP</arg>
<arg>KR</arg>
<arg>KW</arg>
<arg>KY</arg>
<arg>KZ</arg>
<arg>LA</arg>
<arg>LB</arg>
<arg>LC</arg>
<arg>LI</arg>
<arg>LK</arg>
<arg>LR</arg>
<arg>LS</arg>
<arg>LT</arg>
<arg>LU</arg>
<arg>LV</arg>
<arg>LY</arg>
<arg>MA</arg>
<arg>MC</arg>
<arg>MD</arg>
<arg>ME</arg>
<arg>MF</arg>
<arg>MG</arg>
<arg>MH</arg>
<arg>MK</arg>
<arg>ML</arg>
<arg>MM</arg>
<arg>MN</arg>
<arg>MO</arg>
<arg>MP</arg>
<arg>MQ</arg>
<arg>MR</arg>
<arg>MS</arg>
<arg>MT</arg>
<arg>MU</arg>
<arg>MV</arg>
<arg>MW</arg>
<arg>MX</arg>
<arg>MY</arg>
<arg>MZ</arg>
<arg>NA</arg>
<arg>NC</arg>
<arg>NE</arg>
<arg>NF</arg>
<arg>NG</arg>
<arg>NI</arg>
<arg>NL</arg>
<arg>NO</arg>
<arg>NP</arg>
<arg>NR</arg>
<arg>NU</arg>
<arg>NZ</arg>
<arg>OM</arg>
<arg>PA</arg>
<arg>PE</arg>
<arg>PF</arg>
<arg>PG</arg>
<arg>PH</arg>
<arg>PK</arg>
<arg>PL</arg>
<arg>PM</arg>
<arg>PN</arg>
<arg>PR</arg>
<arg>PS</arg>
<arg>PT</arg>
<arg>PW</arg>
<arg>PY</arg>
<arg>QA</arg>
<arg>RE</arg>
<arg>RO</arg>
<arg>RS</arg>
<arg>RU</arg>
<arg>RW</arg>
<arg>SA</arg>
<arg>SB</arg>
<arg>SC</arg>
<arg>SD</arg>
<arg>SE</arg>
<arg>SG</arg>
<arg>SH</arg>
<arg>SI</arg>
<arg>SJ</arg>
<arg>SK</arg>
<arg>SL</arg>
<arg>SM</arg>
<arg>SN</arg>
<arg>SO</arg>
<arg>SR</arg>
<arg>SS</arg>
<arg>ST</arg>
<arg>SV</arg>
<arg>SX</arg>
<arg>SY</arg>
<arg>SZ</arg>
<arg>TC</arg>
<arg>TD</arg>
<arg>TF</arg>
<arg>TG</arg>
<arg>TH</arg>
<arg>TJ</arg>
<arg>TK</arg>
<arg>TL</arg>
<arg>TM</arg>
<arg>TN</arg>
<arg>TO</arg>
<arg>TR</arg>
<arg>TT</arg>
<arg>TV</arg>
<arg>TW</arg>
<arg>TZ</arg>
<arg>UA</arg>
<arg>UG</arg>
<arg>UM</arg>
<arg>US</arg>
<arg>UY</arg>
<arg>UZ</arg>
<arg>VA</arg>
<arg>VC</arg>
<arg>VE</arg>
<arg>VG</arg>
<arg>VI</arg>
<arg>VN</arg>
<arg>VU</arg>
<arg>WF</arg>
<arg>WS</arg>
<arg>XK</arg>
<arg>YE</arg>
<arg>YT</arg>
<arg>ZA</arg>
<arg>ZM</arg>
<arg>ZW</arg>
<doc>Returns a list containing given items.</doc>
<status status="PASS" start="2024-07-20T09:15:26.547288" elapsed="0.000655"/>
</kw>
<kw name="List Should Contain Value" owner="Collections">
<arg>${list_country}</arg>
<arg>${name_country}</arg>
<doc>Fails if the ``value`` is not found from ``list``.</doc>
<status status="PASS" start="2024-07-20T09:15:26.548940" elapsed="0.000217"/>
</kw>
<kw name="Run Keyword If" owner="BuiltIn">
<kw name="Should Be True" owner="BuiltIn">
<arg>${True}</arg>
<doc>Fails if the given condition is not true.</doc>
<status status="PASS" start="2024-07-20T09:15:26.550121" elapsed="0.000142"/>
</kw>
<arg>${json_data["results"][0]["location"]["coordinates"]["latitude"]} &gt;= -90 and ${json_data["results"][0]["location"]["coordinates"]["latitude"]} &lt;= 90</arg>
<arg>Should Be True</arg>
<arg>${True}</arg>
<doc>Runs the given keyword with the given arguments, if ``condition`` is true.</doc>
<status status="PASS" start="2024-07-20T09:15:26.549360" elapsed="0.001029"/>
</kw>
<kw name="Run Keyword If" owner="BuiltIn">
<kw name="Should Be True" owner="BuiltIn">
<arg>${True}</arg>
<doc>Fails if the given condition is not true.</doc>
<status status="PASS" start="2024-07-20T09:15:26.551262" elapsed="0.000172"/>
</kw>
<arg>${json_data["results"][0]["location"]["coordinates"]["longitude"]} &gt;= -180 and ${json_data["results"][0]["location"]["coordinates"]["longitude"]} &lt;= 180</arg>
<arg>Should Be True</arg>
<arg>${True}</arg>
<doc>Runs the given keyword with the given arguments, if ``condition`` is true.</doc>
<status status="PASS" start="2024-07-20T09:15:26.550571" elapsed="0.000994"/>
</kw>
<status status="PASS" start="2024-07-20T09:15:26.447090" elapsed="0.104609"/>
</kw>
<doc>Testa o conteúdo específico dos campos retornados pela API.</doc>
<tag>testeConteudo</tag>
<status status="PASS" start="2024-07-20T09:15:26.446619" elapsed="0.105243"/>
</test>
<status status="PASS" start="2024-07-20T09:15:25.500602" elapsed="1.053209"/>
</suite>
<status status="PASS" start="2024-07-20T09:15:25.485983" elapsed="1.072830"/>
</suite>
<statistics>
<total>
<stat pass="5" fail="0" skip="0">All Tests</stat>
</total>
<tag>
<stat pass="1" fail="0" skip="0">testeConteudo</stat>
<stat pass="1" fail="0" skip="0">testeEstruturaResposta</stat>
<stat pass="1" fail="0" skip="0">testeRequisicaoBasica</stat>
<stat pass="1" fail="0" skip="0">testeTiposDados</stat>
</tag>
<suite>
<stat pass="5" fail="0" skip="0" id="s1" name="Tests">Tests</stat>
<stat pass="5" fail="0" skip="0" id="s1-s1" name="Random-User-Test">Tests.Random-User-Test</stat>
</suite>
</statistics>
<errors>
</errors>
</robot>
