<?xml version="1.0" encoding="UTF-8"?>
<robot generator="Robot 7.0 (Python 3.12.3 on linux)" generated="2024-05-21T13:18:16.878286" rpa="false" schemaversion="5">
<suite id="s1" name="Tests" source="/home/runner/work/DesafioQAItauRogerioJordao/DesafioQAItauRogerioJordao/RamdonUser/tests">
<suite id="s1-s1" name="Random-User-Test" source="/home/runner/work/DesafioQAItauRogerioJordao/DesafioQAItauRogerioJordao/RamdonUser/tests/random-user-test.robot">
<test id="s1-s1-t1" name="Conectar" line="13">
<kw name="Conectar API" owner="random-user-service">
<kw name="Create Session" owner="RequestsLibrary">
<msg time="2024-05-21T13:18:17.274329" level="INFO">Creating Session using : alias=consultarAPI, url=https://randomuser.me/, headers={},                     cookies={}, auth=None, timeout=None, proxies=None, verify=False,                     debug=0 </msg>
<arg>consultarAPI</arg>
<arg>${URL}</arg>
<doc>Create Session: create a HTTP session to a server</doc>
<status status="PASS" start="2024-05-21T13:18:17.274134" elapsed="0.000361"/>
</kw>
<status status="PASS" start="2024-05-21T13:18:17.273130" elapsed="0.001714"/>
</kw>
<status status="PASS" start="2024-05-21T13:18:17.272605" elapsed="0.002433"/>
</test>
<test id="s1-s1-t2" name="Validar retorno 200 e JSON Válido" line="16">
<kw name="Teste de Requisicao Basica" owner="random-user-service">
<kw name="GET On Session" owner="RequestsLibrary">
<msg time="2024-05-21T13:18:17.364488" level="INFO">GET Request : url=https://randomuser.me/api 
 path_url=/api 
 headers={'User-Agent': 'python-requests/2.32.1', 'Accept-Encoding': 'gzip, deflate', 'Accept': '*/*', 'Connection': 'keep-alive'} 
 body=None 
 </msg>
<msg time="2024-05-21T13:18:17.364647" level="INFO">GET Response : url=https://randomuser.me/api 
 status=200, reason=OK 
 headers={'Date': 'Tue, 21 May 2024 13:18:17 GMT', 'Content-Type': 'application/json; charset=utf-8', 'Transfer-Encoding': 'chunked', 'Connection': 'keep-alive', 'X-Powered-By': 'Express', 'Access-Control-Allow-Origin': '*', 'Cache-Control': 'no-cache', 'ETag': 'W/"47f-I79OlGX6a76l3avIaGhAc1pNyx0"', 'Vary': 'Accept-Encoding', 'Content-Encoding': 'gzip', 'CF-Cache-Status': 'DYNAMIC', 'Report-To': '{"endpoints":[{"url":"https:\\/\\/a.nel.cloudflare.com\\/report\\/v4?s=XGKQGB9VISYjobDdu4ZFxcFwQ6ZGFofMd557mCaXv5qMX2hU6n9iQpQQWXNnTh22OQ1L7EkJ84Q%2B2j%2BBKf4albrOoie0i8OYJMHQjOCDr3TWmE9yXP0NJjsgF%2BlcBYJ0"}],"group":"cf-nel","max_age":604800}', 'NEL': '{"success_fraction":0,"report_to":"cf-nel","max_age":604800}', 'Server': 'cloudflare', 'CF-RAY': '8874d9fe3fa02d58-ORD', 'alt-svc': 'h3=":443"; ma=86400'} 
 body={"results":[{"gender":"female","name":{"title":"Miss","first":"Zoe","last":"White"},"location":{"street":{"number":2109,"name":"Elgin St"},"city":"Richmond","state":"Yukon","country":"Canada","postcode":"G6R 5T3","coordinates":{"latitude":"-70.5820","longitude":"140.5627"},"timezone":{"offset":"-1:00","description":"Azores, Cape Verde Islands"}},"email":"zoe.white@example.com","login":{"uuid":"fe1637bf-e91c-4901-8305-6981afd86c8f","username":"greengorilla649","password":"1962","salt":"JeWLcebo","md5":"0a9e6cec4331acc410836540954c2d9d","sha1":"d08911cb3bb58a9f0e79191efc34328ef4e76c34","sha256":"a695ce557aacc0f2a395b21a8769a3936c24d9b70f959fd4b5df6deedf0f7df3"},"dob":{"date":"1973-11-28T13:17:11.203Z","age":50},"registered":{"date":"2004-06-16T08:45:15.059Z","age":19},"phone":"Z85 K85-9216","cell":"S32 X18-9965","id":{"name":"SIN","value":"240382507"},"picture":{"large":"https://randomuser.me/api/portraits/women/64.jpg","medium":"https://randomuser.me/api/portraits/med/women/64.jpg","thumbnail":"https://randomuser.me/api/portraits/thumb/women/64.jpg"},"nat":"CA"}],"info":{"seed":"7c9e12643d7283f6","results":1,"page":1,"version":"1.4"}} 
 </msg>
<msg time="2024-05-21T13:18:17.364740" level="INFO">/opt/hostedtoolcache/Python/3.12.3/x64/lib/python3.12/site-packages/urllib3/connectionpool.py:1103: InsecureRequestWarning: Unverified HTTPS request is being made to host 'randomuser.me'. Adding certificate verification is strongly advised. See: https://urllib3.readthedocs.io/en/latest/advanced-usage.html#tls-warnings
  warnings.warn(</msg>
<msg time="2024-05-21T13:18:17.364907" level="INFO">${response} = &lt;Response [200]&gt;</msg>
<var>${response}</var>
<arg>consultarAPI</arg>
<arg>/api</arg>
<doc>Sends a GET request on a previously created HTTP Session.</doc>
<status status="PASS" start="2024-05-21T13:18:17.277653" elapsed="0.087306"/>
</kw>
<kw name="Should Be Equal As Numbers" owner="BuiltIn">
<msg time="2024-05-21T13:18:17.365729" level="INFO">Argument types are:
&lt;class 'int'&gt;
&lt;class 'str'&gt;</msg>
<arg>${response.status_code}</arg>
<arg>200</arg>
<doc>Fails if objects are unequal after converting them to real numbers.</doc>
<status status="PASS" start="2024-05-21T13:18:17.365335" elapsed="0.000457"/>
</kw>
<kw name="Log" owner="BuiltIn">
<msg time="2024-05-21T13:18:17.366478" level="INFO">200</msg>
<arg>${response.status_code}</arg>
<doc>Logs the given message with the given level.</doc>
<status status="PASS" start="2024-05-21T13:18:17.366123" elapsed="0.000403"/>
</kw>
<kw name="Set Variable" owner="BuiltIn">
<msg time="2024-05-21T13:18:17.367316" level="INFO">${json_data} = {'results': [{'gender': 'female', 'name': {'title': 'Miss', 'first': 'Zoe', 'last': 'White'}, 'location': {'street': {'number': 2109, 'name': 'Elgin St'}, 'city': 'Richmond', 'state': 'Yukon', 'countr...</msg>
<var>${json_data}</var>
<arg>${response.json()}</arg>
<doc>Returns the given values which can then be assigned to a variables.</doc>
<status status="PASS" start="2024-05-21T13:18:17.366829" elapsed="0.000517"/>
</kw>
<kw name="Dictionary Should Contain Key" owner="Collections">
<msg time="2024-05-21T13:18:17.367812" level="INFO">False</msg>
<arg>${json_data}</arg>
<arg>results</arg>
<doc>Fails if ``key`` is not found from ``dictionary``.</doc>
<status status="PASS" start="2024-05-21T13:18:17.367648" elapsed="0.000328"/>
</kw>
<status status="PASS" start="2024-05-21T13:18:17.277406" elapsed="0.090825"/>
</kw>
<doc>Testa se a API responde corretamente e retorna um objeto JSON válido.</doc>
<tag>testeRequisicaoBasica</tag>
<status status="PASS" start="2024-05-21T13:18:17.276936" elapsed="0.091466"/>
</test>
<test id="s1-s1-t3" name="Validar estrutura de resposta" line="22">
<kw name="Teste de Estrutura de Resposta" owner="random-user-service">
<kw name="GET On Session" owner="RequestsLibrary">
<msg time="2024-05-21T13:18:17.459885" level="INFO">GET Request : url=https://randomuser.me/api 
 path_url=/api 
 headers={'User-Agent': 'python-requests/2.32.1', 'Accept-Encoding': 'gzip, deflate', 'Accept': '*/*', 'Connection': 'keep-alive'} 
 body=None 
 </msg>
<msg time="2024-05-21T13:18:17.459969" level="INFO">GET Response : url=https://randomuser.me/api 
 status=200, reason=OK 
 headers={'Date': 'Tue, 21 May 2024 13:18:17 GMT', 'Content-Type': 'application/json; charset=utf-8', 'Transfer-Encoding': 'chunked', 'Connection': 'keep-alive', 'X-Powered-By': 'Express', 'Access-Control-Allow-Origin': '*', 'Cache-Control': 'no-cache', 'ETag': 'W/"47f-P/b8FxGJNg/Ctq8yZLD8FGDRb8M"', 'Vary': 'Accept-Encoding', 'Content-Encoding': 'gzip', 'CF-Cache-Status': 'DYNAMIC', 'Report-To': '{"endpoints":[{"url":"https:\\/\\/a.nel.cloudflare.com\\/report\\/v4?s=qEjdYKOAvSKSofWPn%2B%2FJDWbmpvOlEkgh8QKlQJWDld7GcUmFmu1gxG0aAtkyYDlYrrPCqQGIb236X983pzqAFthShbEZhz%2B1u2AyyLVz0sfPzKy4moN9spTGD%2BYFbQib"}],"group":"cf-nel","max_age":604800}', 'NEL': '{"success_fraction":0,"report_to":"cf-nel","max_age":604800}', 'Server': 'cloudflare', 'CF-RAY': '8874d9fe9fe62d58-ORD', 'alt-svc': 'h3=":443"; ma=86400'} 
 body={"results":[{"gender":"female","name":{"title":"Mrs","first":"Brigitte","last":"Hölzer"},"location":{"street":{"number":6815,"name":"Im Winkel"},"city":"Feuchtwangen","state":"Sachsen","country":"Germany","postcode":71937,"coordinates":{"latitude":"-54.2971","longitude":"6.8469"},"timezone":{"offset":"+4:30","description":"Kabul"}},"email":"brigitte.holzer@example.com","login":{"uuid":"267aa64c-ba78-49e3-8eab-cd6fa848f4ac","username":"silversnake874","password":"nature","salt":"PBFJ6nd4","md5":"c6f6a4eb2a97e691069e0ac9415cf8c8","sha1":"f442459501ccba9d1fb13ba48e0ae64edb8e747e","sha256":"c2441c24ed004b30b7cfd484a8dd7b0f1fe0d12f0e0be744b536071cfaec191e"},"dob":{"date":"1966-09-08T18:15:49.222Z","age":57},"registered":{"date":"2021-07-18T11:46:20.631Z","age":2},"phone":"0535-9267882","cell":"0177-1274080","id":{"name":"SVNR","value":"72 080966 H 690"},"picture":{"large":"https://randomuser.me/api/portraits/women/61.jpg","medium":"https://randomuser.me/api/portraits/med/women/61.jpg","thumbnail":"https://randomuser.me/api/portraits/thumb/women/61.jpg"},"nat":"DE"}],"info":{"seed":"2932219dae6ebb3c","results":1,"page":1,"version":"1.4"}} 
 </msg>
<msg time="2024-05-21T13:18:17.460083" level="INFO">/opt/hostedtoolcache/Python/3.12.3/x64/lib/python3.12/site-packages/urllib3/connectionpool.py:1103: InsecureRequestWarning: Unverified HTTPS request is being made to host 'randomuser.me'. Adding certificate verification is strongly advised. See: https://urllib3.readthedocs.io/en/latest/advanced-usage.html#tls-warnings
  warnings.warn(</msg>
<msg time="2024-05-21T13:18:17.460200" level="INFO">${response} = &lt;Response [200]&gt;</msg>
<var>${response}</var>
<arg>consultarAPI</arg>
<arg>/api</arg>
<doc>Sends a GET request on a previously created HTTP Session.</doc>
<status status="PASS" start="2024-05-21T13:18:17.370928" elapsed="0.089314"/>
</kw>
<kw name="Set Variable" owner="BuiltIn">
<msg time="2024-05-21T13:18:17.461109" level="INFO">${json_data} = {'results': [{'gender': 'female', 'name': {'title': 'Mrs', 'first': 'Brigitte', 'last': 'Hölzer'}, 'location': {'street': {'number': 6815, 'name': 'Im Winkel'}, 'city': 'Feuchtwangen', 'state': 'Sachs...</msg>
<var>${json_data}</var>
<arg>${response.json()}</arg>
<doc>Returns the given values which can then be assigned to a variables.</doc>
<status status="PASS" start="2024-05-21T13:18:17.460626" elapsed="0.000513"/>
</kw>
<kw name="Log" owner="BuiltIn">
<msg time="2024-05-21T13:18:17.461611" level="INFO">{'results': [{'gender': 'female', 'name': {'title': 'Mrs', 'first': 'Brigitte', 'last': 'Hölzer'}, 'location': {'street': {'number': 6815, 'name': 'Im Winkel'}, 'city': 'Feuchtwangen', 'state': 'Sachsen', 'country': 'Germany', 'postcode': 71937, 'coordinates': {'latitude': '-54.2971', 'longitude': '6.8469'}, 'timezone': {'offset': '+4:30', 'description': 'Kabul'}}, 'email': 'brigitte.holzer@example.com', 'login': {'uuid': '267aa64c-ba78-49e3-8eab-cd6fa848f4ac', 'username': 'silversnake874', 'password': 'nature', 'salt': 'PBFJ6nd4', 'md5': 'c6f6a4eb2a97e691069e0ac9415cf8c8', 'sha1': 'f442459501ccba9d1fb13ba48e0ae64edb8e747e', 'sha256': 'c2441c24ed004b30b7cfd484a8dd7b0f1fe0d12f0e0be744b536071cfaec191e'}, 'dob': {'date': '1966-09-08T18:15:49.222Z', 'age': 57}, 'registered': {'date': '2021-07-18T11:46:20.631Z', 'age': 2}, 'phone': '0535-9267882', 'cell': '0177-1274080', 'id': {'name': 'SVNR', 'value': '72 080966 H 690'}, 'picture': {'large': 'https://randomuser.me/api/portraits/women/61.jpg', 'medium': 'https://randomuser.me/api/portraits/med/women/61.jpg', 'thumbnail': 'https://randomuser.me/api/portraits/thumb/women/61.jpg'}, 'nat': 'DE'}], 'info': {'seed': '2932219dae6ebb3c', 'results': 1, 'page': 1, 'version': '1.4'}}</msg>
<arg>${json_data}</arg>
<doc>Logs the given message with the given level.</doc>
<status status="PASS" start="2024-05-21T13:18:17.461443" elapsed="0.000218"/>
</kw>
<kw name="Dictionary Should Contain Key" owner="Collections">
<msg time="2024-05-21T13:18:17.462105" level="INFO">False</msg>
<arg>${json_data}</arg>
<arg>results</arg>
<doc>Fails if ``key`` is not found from ``dictionary``.</doc>
<status status="PASS" start="2024-05-21T13:18:17.461952" elapsed="0.000191"/>
</kw>
<kw name="Should Not Be Empty" owner="BuiltIn">
<msg time="2024-05-21T13:18:17.462567" level="INFO">Length is 2.</msg>
<arg>${json_data}</arg>
<doc>Verifies that the given item is not empty.</doc>
<status status="PASS" start="2024-05-21T13:18:17.462438" elapsed="0.000168"/>
</kw>
<kw name="Create List" owner="BuiltIn">
<msg time="2024-05-21T13:18:17.463052" level="INFO">${expected_keys} = ['gender', 'name', 'location', 'email', 'login']</msg>
<var>${expected_keys}</var>
<arg>gender</arg>
<arg>name</arg>
<arg>location</arg>
<arg>email</arg>
<arg>login</arg>
<doc>Returns a list containing given items.</doc>
<status status="PASS" start="2024-05-21T13:18:17.462898" elapsed="0.000178"/>
</kw>
<for flavor="IN">
<iter>
<kw name="Dictionary Should Contain Key" owner="Collections">
<msg time="2024-05-21T13:18:17.464090" level="INFO">False</msg>
<arg>${json_data['results'][0]}</arg>
<arg>${key}</arg>
<doc>Fails if ``key`` is not found from ``dictionary``.</doc>
<status status="PASS" start="2024-05-21T13:18:17.463690" elapsed="0.000444"/>
</kw>
<kw name="Log" owner="BuiltIn">
<msg time="2024-05-21T13:18:17.464813" level="INFO">{'gender': 'female', 'name': {'title': 'Mrs', 'first': 'Brigitte', 'last': 'Hölzer'}, 'location': {'street': {'number': 6815, 'name': 'Im Winkel'}, 'city': 'Feuchtwangen', 'state': 'Sachsen', 'country': 'Germany', 'postcode': 71937, 'coordinates': {'latitude': '-54.2971', 'longitude': '6.8469'}, 'timezone': {'offset': '+4:30', 'description': 'Kabul'}}, 'email': 'brigitte.holzer@example.com', 'login': {'uuid': '267aa64c-ba78-49e3-8eab-cd6fa848f4ac', 'username': 'silversnake874', 'password': 'nature', 'salt': 'PBFJ6nd4', 'md5': 'c6f6a4eb2a97e691069e0ac9415cf8c8', 'sha1': 'f442459501ccba9d1fb13ba48e0ae64edb8e747e', 'sha256': 'c2441c24ed004b30b7cfd484a8dd7b0f1fe0d12f0e0be744b536071cfaec191e'}, 'dob': {'date': '1966-09-08T18:15:49.222Z', 'age': 57}, 'registered': {'date': '2021-07-18T11:46:20.631Z', 'age': 2}, 'phone': '0535-9267882', 'cell': '0177-1274080', 'id': {'name': 'SVNR', 'value': '72 080966 H 690'}, 'picture': {'large': 'https://randomuser.me/api/portraits/women/61.jpg', 'medium': 'https://randomuser.me/api/portraits/med/women/61.jpg', 'thumbnail': 'https://randomuser.me/api/portraits/thumb/women/61.jpg'}, 'nat': 'DE'}</msg>
<arg>${json_data['results'][0]}</arg>
<doc>Logs the given message with the given level.</doc>
<status status="PASS" start="2024-05-21T13:18:17.464432" elapsed="0.000432"/>
</kw>
<kw name="Log" owner="BuiltIn">
<msg time="2024-05-21T13:18:17.465288" level="INFO">gender</msg>
<arg>${key}</arg>
<doc>Logs the given message with the given level.</doc>
<status status="PASS" start="2024-05-21T13:18:17.465160" elapsed="0.000165"/>
</kw>
<var name="${key}">gender</var>
<status status="PASS" start="2024-05-21T13:18:17.463561" elapsed="0.001976"/>
</iter>
<iter>
<kw name="Dictionary Should Contain Key" owner="Collections">
<msg time="2024-05-21T13:18:17.466224" level="INFO">False</msg>
<arg>${json_data['results'][0]}</arg>
<arg>${key}</arg>
<doc>Fails if ``key`` is not found from ``dictionary``.</doc>
<status status="PASS" start="2024-05-21T13:18:17.465838" elapsed="0.000424"/>
</kw>
<kw name="Log" owner="BuiltIn">
<msg time="2024-05-21T13:18:17.466954" level="INFO">{'gender': 'female', 'name': {'title': 'Mrs', 'first': 'Brigitte', 'last': 'Hölzer'}, 'location': {'street': {'number': 6815, 'name': 'Im Winkel'}, 'city': 'Feuchtwangen', 'state': 'Sachsen', 'country': 'Germany', 'postcode': 71937, 'coordinates': {'latitude': '-54.2971', 'longitude': '6.8469'}, 'timezone': {'offset': '+4:30', 'description': 'Kabul'}}, 'email': 'brigitte.holzer@example.com', 'login': {'uuid': '267aa64c-ba78-49e3-8eab-cd6fa848f4ac', 'username': 'silversnake874', 'password': 'nature', 'salt': 'PBFJ6nd4', 'md5': 'c6f6a4eb2a97e691069e0ac9415cf8c8', 'sha1': 'f442459501ccba9d1fb13ba48e0ae64edb8e747e', 'sha256': 'c2441c24ed004b30b7cfd484a8dd7b0f1fe0d12f0e0be744b536071cfaec191e'}, 'dob': {'date': '1966-09-08T18:15:49.222Z', 'age': 57}, 'registered': {'date': '2021-07-18T11:46:20.631Z', 'age': 2}, 'phone': '0535-9267882', 'cell': '0177-1274080', 'id': {'name': 'SVNR', 'value': '72 080966 H 690'}, 'picture': {'large': 'https://randomuser.me/api/portraits/women/61.jpg', 'medium': 'https://randomuser.me/api/portraits/med/women/61.jpg', 'thumbnail': 'https://randomuser.me/api/portraits/thumb/women/61.jpg'}, 'nat': 'DE'}</msg>
<arg>${json_data['results'][0]}</arg>
<doc>Logs the given message with the given level.</doc>
<status status="PASS" start="2024-05-21T13:18:17.466590" elapsed="0.000414"/>
</kw>
<kw name="Log" owner="BuiltIn">
<msg time="2024-05-21T13:18:17.467518" level="INFO">name</msg>
<arg>${key}</arg>
<doc>Logs the given message with the given level.</doc>
<status status="PASS" start="2024-05-21T13:18:17.467337" elapsed="0.000233"/>
</kw>
<var name="${key}">name</var>
<status status="PASS" start="2024-05-21T13:18:17.465724" elapsed="0.002069"/>
</iter>
<iter>
<kw name="Dictionary Should Contain Key" owner="Collections">
<msg time="2024-05-21T13:18:17.468462" level="INFO">False</msg>
<arg>${json_data['results'][0]}</arg>
<arg>${key}</arg>
<doc>Fails if ``key`` is not found from ``dictionary``.</doc>
<status status="PASS" start="2024-05-21T13:18:17.468092" elapsed="0.000408"/>
</kw>
<kw name="Log" owner="BuiltIn">
<msg time="2024-05-21T13:18:17.469354" level="INFO">{'gender': 'female', 'name': {'title': 'Mrs', 'first': 'Brigitte', 'last': 'Hölzer'}, 'location': {'street': {'number': 6815, 'name': 'Im Winkel'}, 'city': 'Feuchtwangen', 'state': 'Sachsen', 'country': 'Germany', 'postcode': 71937, 'coordinates': {'latitude': '-54.2971', 'longitude': '6.8469'}, 'timezone': {'offset': '+4:30', 'description': 'Kabul'}}, 'email': 'brigitte.holzer@example.com', 'login': {'uuid': '267aa64c-ba78-49e3-8eab-cd6fa848f4ac', 'username': 'silversnake874', 'password': 'nature', 'salt': 'PBFJ6nd4', 'md5': 'c6f6a4eb2a97e691069e0ac9415cf8c8', 'sha1': 'f442459501ccba9d1fb13ba48e0ae64edb8e747e', 'sha256': 'c2441c24ed004b30b7cfd484a8dd7b0f1fe0d12f0e0be744b536071cfaec191e'}, 'dob': {'date': '1966-09-08T18:15:49.222Z', 'age': 57}, 'registered': {'date': '2021-07-18T11:46:20.631Z', 'age': 2}, 'phone': '0535-9267882', 'cell': '0177-1274080', 'id': {'name': 'SVNR', 'value': '72 080966 H 690'}, 'picture': {'large': 'https://randomuser.me/api/portraits/women/61.jpg', 'medium': 'https://randomuser.me/api/portraits/med/women/61.jpg', 'thumbnail': 'https://randomuser.me/api/portraits/thumb/women/61.jpg'}, 'nat': 'DE'}</msg>
<arg>${json_data['results'][0]}</arg>
<doc>Logs the given message with the given level.</doc>
<status status="PASS" start="2024-05-21T13:18:17.468865" elapsed="0.000540"/>
</kw>
<kw name="Log" owner="BuiltIn">
<msg time="2024-05-21T13:18:17.469843" level="INFO">location</msg>
<arg>${key}</arg>
<doc>Logs the given message with the given level.</doc>
<status status="PASS" start="2024-05-21T13:18:17.469715" elapsed="0.000166"/>
</kw>
<var name="${key}">location</var>
<status status="PASS" start="2024-05-21T13:18:17.467982" elapsed="0.002113"/>
</iter>
<iter>
<kw name="Dictionary Should Contain Key" owner="Collections">
<msg time="2024-05-21T13:18:17.470862" level="INFO">False</msg>
<arg>${json_data['results'][0]}</arg>
<arg>${key}</arg>
<doc>Fails if ``key`` is not found from ``dictionary``.</doc>
<status status="PASS" start="2024-05-21T13:18:17.470383" elapsed="0.000523"/>
</kw>
<kw name="Log" owner="BuiltIn">
<msg time="2024-05-21T13:18:17.471612" level="INFO">{'gender': 'female', 'name': {'title': 'Mrs', 'first': 'Brigitte', 'last': 'Hölzer'}, 'location': {'street': {'number': 6815, 'name': 'Im Winkel'}, 'city': 'Feuchtwangen', 'state': 'Sachsen', 'country': 'Germany', 'postcode': 71937, 'coordinates': {'latitude': '-54.2971', 'longitude': '6.8469'}, 'timezone': {'offset': '+4:30', 'description': 'Kabul'}}, 'email': 'brigitte.holzer@example.com', 'login': {'uuid': '267aa64c-ba78-49e3-8eab-cd6fa848f4ac', 'username': 'silversnake874', 'password': 'nature', 'salt': 'PBFJ6nd4', 'md5': 'c6f6a4eb2a97e691069e0ac9415cf8c8', 'sha1': 'f442459501ccba9d1fb13ba48e0ae64edb8e747e', 'sha256': 'c2441c24ed004b30b7cfd484a8dd7b0f1fe0d12f0e0be744b536071cfaec191e'}, 'dob': {'date': '1966-09-08T18:15:49.222Z', 'age': 57}, 'registered': {'date': '2021-07-18T11:46:20.631Z', 'age': 2}, 'phone': '0535-9267882', 'cell': '0177-1274080', 'id': {'name': 'SVNR', 'value': '72 080966 H 690'}, 'picture': {'large': 'https://randomuser.me/api/portraits/women/61.jpg', 'medium': 'https://randomuser.me/api/portraits/med/women/61.jpg', 'thumbnail': 'https://randomuser.me/api/portraits/thumb/women/61.jpg'}, 'nat': 'DE'}</msg>
<arg>${json_data['results'][0]}</arg>
<doc>Logs the given message with the given level.</doc>
<status status="PASS" start="2024-05-21T13:18:17.471244" elapsed="0.000419"/>
</kw>
<kw name="Log" owner="BuiltIn">
<msg time="2024-05-21T13:18:17.472097" level="INFO">email</msg>
<arg>${key}</arg>
<doc>Logs the given message with the given level.</doc>
<status status="PASS" start="2024-05-21T13:18:17.471967" elapsed="0.000167"/>
</kw>
<var name="${key}">email</var>
<status status="PASS" start="2024-05-21T13:18:17.470269" elapsed="0.002082"/>
</iter>
<iter>
<kw name="Dictionary Should Contain Key" owner="Collections">
<msg time="2024-05-21T13:18:17.473011" level="INFO">False</msg>
<arg>${json_data['results'][0]}</arg>
<arg>${key}</arg>
<doc>Fails if ``key`` is not found from ``dictionary``.</doc>
<status status="PASS" start="2024-05-21T13:18:17.472635" elapsed="0.000413"/>
</kw>
<kw name="Log" owner="BuiltIn">
<msg time="2024-05-21T13:18:17.473707" level="INFO">{'gender': 'female', 'name': {'title': 'Mrs', 'first': 'Brigitte', 'last': 'Hölzer'}, 'location': {'street': {'number': 6815, 'name': 'Im Winkel'}, 'city': 'Feuchtwangen', 'state': 'Sachsen', 'country': 'Germany', 'postcode': 71937, 'coordinates': {'latitude': '-54.2971', 'longitude': '6.8469'}, 'timezone': {'offset': '+4:30', 'description': 'Kabul'}}, 'email': 'brigitte.holzer@example.com', 'login': {'uuid': '267aa64c-ba78-49e3-8eab-cd6fa848f4ac', 'username': 'silversnake874', 'password': 'nature', 'salt': 'PBFJ6nd4', 'md5': 'c6f6a4eb2a97e691069e0ac9415cf8c8', 'sha1': 'f442459501ccba9d1fb13ba48e0ae64edb8e747e', 'sha256': 'c2441c24ed004b30b7cfd484a8dd7b0f1fe0d12f0e0be744b536071cfaec191e'}, 'dob': {'date': '1966-09-08T18:15:49.222Z', 'age': 57}, 'registered': {'date': '2021-07-18T11:46:20.631Z', 'age': 2}, 'phone': '0535-9267882', 'cell': '0177-1274080', 'id': {'name': 'SVNR', 'value': '72 080966 H 690'}, 'picture': {'large': 'https://randomuser.me/api/portraits/women/61.jpg', 'medium': 'https://randomuser.me/api/portraits/med/women/61.jpg', 'thumbnail': 'https://randomuser.me/api/portraits/thumb/women/61.jpg'}, 'nat': 'DE'}</msg>
<arg>${json_data['results'][0]}</arg>
<doc>Logs the given message with the given level.</doc>
<status status="PASS" start="2024-05-21T13:18:17.473348" elapsed="0.000418"/>
</kw>
<kw name="Log" owner="BuiltIn">
<msg time="2024-05-21T13:18:17.474207" level="INFO">login</msg>
<arg>${key}</arg>
<doc>Logs the given message with the given level.</doc>
<status status="PASS" start="2024-05-21T13:18:17.474081" elapsed="0.000163"/>
</kw>
<var name="${key}">login</var>
<status status="PASS" start="2024-05-21T13:18:17.472526" elapsed="0.001945"/>
</iter>
<var>${key}</var>
<value>@{expected_keys}</value>
<status status="PASS" start="2024-05-21T13:18:17.463379" elapsed="0.011239"/>
</for>
<kw name="Create List" owner="BuiltIn">
<msg time="2024-05-21T13:18:17.474964" level="INFO">${expected_keysTwo} = ['username', 'password']</msg>
<var>${expected_keysTwo}</var>
<arg>username</arg>
<arg>password</arg>
<doc>Returns a list containing given items.</doc>
<status status="PASS" start="2024-05-21T13:18:17.474820" elapsed="0.000168"/>
</kw>
<for flavor="IN">
<iter>
<kw name="Dictionary Should Contain Key" owner="Collections">
<msg time="2024-05-21T13:18:17.475905" level="INFO">False</msg>
<arg>${json_data['results'][0]['login']}</arg>
<arg>${keyTwo}</arg>
<doc>Fails if ``key`` is not found from ``dictionary``.</doc>
<status status="PASS" start="2024-05-21T13:18:17.475522" elapsed="0.000420"/>
</kw>
<kw name="Dictionary Should Contain Key" owner="Collections">
<msg time="2024-05-21T13:18:17.476621" level="INFO">False</msg>
<arg>${json_data['results'][0]['login']}</arg>
<arg>${keyTwo}</arg>
<doc>Fails if ``key`` is not found from ``dictionary``.</doc>
<status status="PASS" start="2024-05-21T13:18:17.476242" elapsed="0.000417"/>
</kw>
<kw name="Log" owner="BuiltIn">
<msg time="2024-05-21T13:18:17.477074" level="INFO">username</msg>
<arg>${keyTwo}</arg>
<doc>Logs the given message with the given level.</doc>
<status status="PASS" start="2024-05-21T13:18:17.476949" elapsed="0.000162"/>
</kw>
<var name="${keyTwo}">username</var>
<status status="PASS" start="2024-05-21T13:18:17.475413" elapsed="0.001910"/>
</iter>
<iter>
<kw name="Dictionary Should Contain Key" owner="Collections">
<msg time="2024-05-21T13:18:17.477978" level="INFO">False</msg>
<arg>${json_data['results'][0]['login']}</arg>
<arg>${keyTwo}</arg>
<doc>Fails if ``key`` is not found from ``dictionary``.</doc>
<status status="PASS" start="2024-05-21T13:18:17.477600" elapsed="0.000415"/>
</kw>
<kw name="Dictionary Should Contain Key" owner="Collections">
<msg time="2024-05-21T13:18:17.478678" level="INFO">False</msg>
<arg>${json_data['results'][0]['login']}</arg>
<arg>${keyTwo}</arg>
<doc>Fails if ``key`` is not found from ``dictionary``.</doc>
<status status="PASS" start="2024-05-21T13:18:17.478308" elapsed="0.000406"/>
</kw>
<kw name="Log" owner="BuiltIn">
<msg time="2024-05-21T13:18:17.479126" level="INFO">password</msg>
<arg>${keyTwo}</arg>
<doc>Logs the given message with the given level.</doc>
<status status="PASS" start="2024-05-21T13:18:17.479002" elapsed="0.000195"/>
</kw>
<var name="${keyTwo}">password</var>
<status status="PASS" start="2024-05-21T13:18:17.477492" elapsed="0.001942"/>
</iter>
<var>${keyTwo}</var>
<value>@{expected_keysTwo}</value>
<status status="PASS" start="2024-05-21T13:18:17.475251" elapsed="0.004305"/>
</for>
<status status="PASS" start="2024-05-21T13:18:17.370696" elapsed="0.108997"/>
</kw>
<doc>Testa a estrutura da resposta da API.</doc>
<tag>testeEstruturaResposta</tag>
<status status="PASS" start="2024-05-21T13:18:17.370223" elapsed="0.109621"/>
</test>
<test id="s1-s1-t4" name="Validar tipos de dados" line="28">
<kw name="Teste de Tipos de Dados" owner="random-user-service">
<kw name="GET On Session" owner="RequestsLibrary">
<msg time="2024-05-21T13:18:17.559673" level="INFO">GET Request : url=https://randomuser.me/api 
 path_url=/api 
 headers={'User-Agent': 'python-requests/2.32.1', 'Accept-Encoding': 'gzip, deflate', 'Accept': '*/*', 'Connection': 'keep-alive'} 
 body=None 
 </msg>
<msg time="2024-05-21T13:18:17.559758" level="INFO">GET Response : url=https://randomuser.me/api 
 status=200, reason=OK 
 headers={'Date': 'Tue, 21 May 2024 13:18:17 GMT', 'Content-Type': 'application/json; charset=utf-8', 'Transfer-Encoding': 'chunked', 'Connection': 'keep-alive', 'X-Powered-By': 'Express', 'Access-Control-Allow-Origin': '*', 'Cache-Control': 'no-cache', 'ETag': 'W/"497-frQ/MIjWFXWV1EvyayNcSjV1uHM"', 'Vary': 'Accept-Encoding', 'Content-Encoding': 'gzip', 'CF-Cache-Status': 'DYNAMIC', 'Report-To': '{"endpoints":[{"url":"https:\\/\\/a.nel.cloudflare.com\\/report\\/v4?s=BrtT68AzD8Weiy%2BpfzW67uHAyJwwDRiX47iIvhiiEnmXGi1lu58I2zL97h%2BdqlmdRzqSdZno0qa2QiaqtuFIlJnWlaFRdEmYgVPPeAGbAB7Rzjs%2FSFWuOvdVXjG1GMBE"}],"group":"cf-nel","max_age":604800}', 'NEL': '{"success_fraction":0,"report_to":"cf-nel","max_age":604800}', 'Server': 'cloudflare', 'CF-RAY': '8874d9ff487c2d58-ORD', 'alt-svc': 'h3=":443"; ma=86400'} 
 body={"results":[{"gender":"female","name":{"title":"Miss","first":"Montserrat","last":"Ramos"},"location":{"street":{"number":8114,"name":"Calle del Pez"},"city":"Oviedo","state":"Melilla","country":"Spain","postcode":23092,"coordinates":{"latitude":"-34.5889","longitude":"60.9162"},"timezone":{"offset":"+9:00","description":"Tokyo, Seoul, Osaka, Sapporo, Yakutsk"}},"email":"montserrat.ramos@example.com","login":{"uuid":"bc3ecdac-2ef9-4627-88a6-96b6783704f4","username":"happymouse444","password":"patriot","salt":"40MylBUI","md5":"351288e1f65a46889968e0ab4c73c984","sha1":"0ffe17418459c07887b16493969cd4bcde8dfbee","sha256":"0593b5ff61e2525a0dfc34a1225889eba113cd1ee133d2abe5223732a88eb571"},"dob":{"date":"1985-06-09T17:48:35.385Z","age":38},"registered":{"date":"2009-11-30T08:00:04.750Z","age":14},"phone":"952-402-926","cell":"683-790-360","id":{"name":"DNI","value":"82082783-O"},"picture":{"large":"https://randomuser.me/api/portraits/women/47.jpg","medium":"https://randomuser.me/api/portraits/med/women/47.jpg","thumbnail":"https://randomuser.me/api/portraits/thumb/women/47.jpg"},"nat":"ES"}],"info":{"seed":"09f29b1838374739","results":1,"page":1,"version":"1.4"}} 
 </msg>
<msg time="2024-05-21T13:18:17.559833" level="INFO">/opt/hostedtoolcache/Python/3.12.3/x64/lib/python3.12/site-packages/urllib3/connectionpool.py:1103: InsecureRequestWarning: Unverified HTTPS request is being made to host 'randomuser.me'. Adding certificate verification is strongly advised. See: https://urllib3.readthedocs.io/en/latest/advanced-usage.html#tls-warnings
  warnings.warn(</msg>
<msg time="2024-05-21T13:18:17.559967" level="INFO">${response} = &lt;Response [200]&gt;</msg>
<var>${response}</var>
<arg>consultarAPI</arg>
<arg>/api</arg>
<doc>Sends a GET request on a previously created HTTP Session.</doc>
<status status="PASS" start="2024-05-21T13:18:17.482445" elapsed="0.077575"/>
</kw>
<kw name="Set Variable" owner="BuiltIn">
<msg time="2024-05-21T13:18:17.560922" level="INFO">${json_data} = {'results': [{'gender': 'female', 'name': {'title': 'Miss', 'first': 'Montserrat', 'last': 'Ramos'}, 'location': {'street': {'number': 8114, 'name': 'Calle del Pez'}, 'city': 'Oviedo', 'state': 'Melil...</msg>
<var>${json_data}</var>
<arg>${response.json()}</arg>
<doc>Returns the given values which can then be assigned to a variables.</doc>
<status status="PASS" start="2024-05-21T13:18:17.560455" elapsed="0.000496"/>
</kw>
<kw name="Log" owner="BuiltIn">
<msg time="2024-05-21T13:18:17.561409" level="INFO">{'results': [{'gender': 'female', 'name': {'title': 'Miss', 'first': 'Montserrat', 'last': 'Ramos'}, 'location': {'street': {'number': 8114, 'name': 'Calle del Pez'}, 'city': 'Oviedo', 'state': 'Melilla', 'country': 'Spain', 'postcode': 23092, 'coordinates': {'latitude': '-34.5889', 'longitude': '60.9162'}, 'timezone': {'offset': '+9:00', 'description': 'Tokyo, Seoul, Osaka, Sapporo, Yakutsk'}}, 'email': 'montserrat.ramos@example.com', 'login': {'uuid': 'bc3ecdac-2ef9-4627-88a6-96b6783704f4', 'username': 'happymouse444', 'password': 'patriot', 'salt': '40MylBUI', 'md5': '351288e1f65a46889968e0ab4c73c984', 'sha1': '0ffe17418459c07887b16493969cd4bcde8dfbee', 'sha256': '0593b5ff61e2525a0dfc34a1225889eba113cd1ee133d2abe5223732a88eb571'}, 'dob': {'date': '1985-06-09T17:48:35.385Z', 'age': 38}, 'registered': {'date': '2009-11-30T08:00:04.750Z', 'age': 14}, 'phone': '952-402-926', 'cell': '683-790-360', 'id': {'name': 'DNI', 'value': '82082783-O'}, 'picture': {'large': 'https://randomuser.me/api/portraits/women/47.jpg', 'medium': 'https://randomuser.me/api/portraits/med/women/47.jpg', 'thumbnail': 'https://randomuser.me/api/portraits/thumb/women/47.jpg'}, 'nat': 'ES'}], 'info': {'seed': '09f29b1838374739', 'results': 1, 'page': 1, 'version': '1.4'}}</msg>
<arg>${json_data}</arg>
<doc>Logs the given message with the given level.</doc>
<status status="PASS" start="2024-05-21T13:18:17.561253" elapsed="0.000236"/>
</kw>
<kw name="Should Be String" owner="String">
<arg>${json_data['results'][0]['gender']}</arg>
<doc>Fails if the given ``item`` is not a string.</doc>
<status status="PASS" start="2024-05-21T13:18:17.561795" elapsed="0.000359"/>
</kw>
<kw name="Should Match Regexp" owner="BuiltIn">
<arg>${json_data['results'][0]['email']}</arg>
<arg>^[a-zA-Z0-9._%+-]+@[a-zA-Z0-9.-]+\.[a-zA-Z]{2,}$</arg>
<doc>Fails if ``string`` does not match ``pattern`` as a regular expression.</doc>
<status status="PASS" start="2024-05-21T13:18:17.562344" elapsed="0.000638"/>
</kw>
<kw name="Should Match Regexp" owner="BuiltIn">
<arg>${json_data['results'][0]['dob']['date']}</arg>
<arg>\\d{4}-\\d{2}-\\d{2}T\\d{2}:\\d{2}:\\d{2}\\.\\d{3}Z</arg>
<doc>Fails if ``string`` does not match ``pattern`` as a regular expression.</doc>
<status status="PASS" start="2024-05-21T13:18:17.563211" elapsed="0.000500"/>
</kw>
<kw name="Should Match Regexp" owner="BuiltIn">
<arg>${json_data['results'][0]['registered']['date']}</arg>
<arg>\\d{4}-\\d{2}-\\d{2}T\\d{2}:\\d{2}:\\d{2}\\.\\d{3}Z</arg>
<doc>Fails if ``string`` does not match ``pattern`` as a regular expression.</doc>
<status status="PASS" start="2024-05-21T13:18:17.563907" elapsed="0.000364"/>
</kw>
<kw name="Should Match Regexp" owner="BuiltIn">
<arg>${json_data['results'][0]['picture']['large']}</arg>
<arg>^https?://.*\.(?:png|jpe?g|gif|bmp)$</arg>
<doc>Fails if ``string`` does not match ``pattern`` as a regular expression.</doc>
<status status="PASS" start="2024-05-21T13:18:17.564457" elapsed="0.000454"/>
</kw>
<kw name="Should Match Regexp" owner="BuiltIn">
<arg>${json_data['results'][0]['picture']['medium']}</arg>
<arg>^https?://.*\.(?:png|jpe?g|gif|bmp)$</arg>
<doc>Fails if ``string`` does not match ``pattern`` as a regular expression.</doc>
<status status="PASS" start="2024-05-21T13:18:17.565100" elapsed="0.000359"/>
</kw>
<kw name="Should Match Regexp" owner="BuiltIn">
<arg>${json_data['results'][0]['picture']['thumbnail']}</arg>
<arg>^https?://.*\.(?:png|jpe?g|gif|bmp)$</arg>
<doc>Fails if ``string`` does not match ``pattern`` as a regular expression.</doc>
<status status="PASS" start="2024-05-21T13:18:17.565644" elapsed="0.000359"/>
</kw>
<kw name="Log" owner="BuiltIn">
<msg time="2024-05-21T13:18:17.566497" level="INFO">{'large': 'https://randomuser.me/api/portraits/women/47.jpg', 'medium': 'https://randomuser.me/api/portraits/med/women/47.jpg', 'thumbnail': 'https://randomuser.me/api/portraits/thumb/women/47.jpg'}</msg>
<arg>${json_data['results'][0]['picture']}</arg>
<doc>Logs the given message with the given level.</doc>
<status status="PASS" start="2024-05-21T13:18:17.566182" elapsed="0.000355"/>
</kw>
<status status="PASS" start="2024-05-21T13:18:17.482215" elapsed="0.084573"/>
</kw>
<kw name="Teste de Tipos de Dados - Postcode" owner="random-user-service">
<kw name="GET On Session" owner="RequestsLibrary">
<msg time="2024-05-21T13:18:17.663631" level="INFO">GET Request : url=https://randomuser.me/api 
 path_url=/api 
 headers={'User-Agent': 'python-requests/2.32.1', 'Accept-Encoding': 'gzip, deflate', 'Accept': '*/*', 'Connection': 'keep-alive'} 
 body=None 
 </msg>
<msg time="2024-05-21T13:18:17.663707" level="INFO">GET Response : url=https://randomuser.me/api 
 status=200, reason=OK 
 headers={'Date': 'Tue, 21 May 2024 13:18:17 GMT', 'Content-Type': 'application/json; charset=utf-8', 'Transfer-Encoding': 'chunked', 'Connection': 'keep-alive', 'X-Powered-By': 'Express', 'Access-Control-Allow-Origin': '*', 'Cache-Control': 'no-cache', 'ETag': 'W/"47a-mwmVYgu1tALaY4m6zgBAK/pKBfI"', 'Vary': 'Accept-Encoding', 'Content-Encoding': 'gzip', 'CF-Cache-Status': 'DYNAMIC', 'Report-To': '{"endpoints":[{"url":"https:\\/\\/a.nel.cloudflare.com\\/report\\/v4?s=5eDuLG8ykMg8su02QzT8q5KQbShWpr7XIdmaRSkcn4yosndDNb7ojmRw7fLFxe2KZ7E7%2F4k3%2B2hYSFg9rC2FX%2BjIqoHV6AL6cBlkGNNZQ1%2BbUX0Fh2nhNRLSoiHSMmeI"}],"group":"cf-nel","max_age":604800}', 'NEL': '{"success_fraction":0,"report_to":"cf-nel","max_age":604800}', 'Server': 'cloudflare', 'CF-RAY': '8874d9ffc8e82d58-ORD', 'alt-svc': 'h3=":443"; ma=86400'} 
 body={"results":[{"gender":"female","name":{"title":"Ms","first":"Anna","last":"Vicente"},"location":{"street":{"number":3629,"name":"Avenida de La Albufera"},"city":"Arrecife","state":"Ceuta","country":"Spain","postcode":37814,"coordinates":{"latitude":"-35.4106","longitude":"89.2461"},"timezone":{"offset":"-10:00","description":"Hawaii"}},"email":"anna.vicente@example.com","login":{"uuid":"1ff15217-4572-4811-a2b9-7d22d4eabd5e","username":"organickoala877","password":"rachael","salt":"wCiFgfzh","md5":"439455dbb6747adfdee73c8985434cc3","sha1":"57d12a4ce8905e22db808aad0551c0b50f046467","sha256":"d26d2bf638064e884e365de4e411a2a863bb76e6a9a146c081f27b2ad51fd416"},"dob":{"date":"1953-08-19T23:29:20.065Z","age":70},"registered":{"date":"2005-08-07T20:48:51.321Z","age":18},"phone":"928-678-380","cell":"676-727-667","id":{"name":"DNI","value":"51004222-U"},"picture":{"large":"https://randomuser.me/api/portraits/women/82.jpg","medium":"https://randomuser.me/api/portraits/med/women/82.jpg","thumbnail":"https://randomuser.me/api/portraits/thumb/women/82.jpg"},"nat":"ES"}],"info":{"seed":"68fe2a4759332e76","results":1,"page":1,"version":"1.4"}} 
 </msg>
<msg time="2024-05-21T13:18:17.663776" level="INFO">/opt/hostedtoolcache/Python/3.12.3/x64/lib/python3.12/site-packages/urllib3/connectionpool.py:1103: InsecureRequestWarning: Unverified HTTPS request is being made to host 'randomuser.me'. Adding certificate verification is strongly advised. See: https://urllib3.readthedocs.io/en/latest/advanced-usage.html#tls-warnings
  warnings.warn(</msg>
<msg time="2024-05-21T13:18:17.663902" level="INFO">${response} = &lt;Response [200]&gt;</msg>
<var>${response}</var>
<arg>consultarAPI</arg>
<arg>/api</arg>
<doc>Sends a GET request on a previously created HTTP Session.</doc>
<status status="PASS" start="2024-05-21T13:18:17.567268" elapsed="0.096686"/>
</kw>
<kw name="Set Variable" owner="BuiltIn">
<msg time="2024-05-21T13:18:17.664828" level="INFO">${json_data} = {'results': [{'gender': 'female', 'name': {'title': 'Ms', 'first': 'Anna', 'last': 'Vicente'}, 'location': {'street': {'number': 3629, 'name': 'Avenida de La Albufera'}, 'city': 'Arrecife', 'state': '...</msg>
<var>${json_data}</var>
<arg>${response.json()}</arg>
<doc>Returns the given values which can then be assigned to a variables.</doc>
<status status="PASS" start="2024-05-21T13:18:17.664374" elapsed="0.000483"/>
</kw>
<kw name="Log" owner="BuiltIn">
<msg time="2024-05-21T13:18:17.665311" level="INFO">{'results': [{'gender': 'female', 'name': {'title': 'Ms', 'first': 'Anna', 'last': 'Vicente'}, 'location': {'street': {'number': 3629, 'name': 'Avenida de La Albufera'}, 'city': 'Arrecife', 'state': 'Ceuta', 'country': 'Spain', 'postcode': 37814, 'coordinates': {'latitude': '-35.4106', 'longitude': '89.2461'}, 'timezone': {'offset': '-10:00', 'description': 'Hawaii'}}, 'email': 'anna.vicente@example.com', 'login': {'uuid': '1ff15217-4572-4811-a2b9-7d22d4eabd5e', 'username': 'organickoala877', 'password': 'rachael', 'salt': 'wCiFgfzh', 'md5': '439455dbb6747adfdee73c8985434cc3', 'sha1': '57d12a4ce8905e22db808aad0551c0b50f046467', 'sha256': 'd26d2bf638064e884e365de4e411a2a863bb76e6a9a146c081f27b2ad51fd416'}, 'dob': {'date': '1953-08-19T23:29:20.065Z', 'age': 70}, 'registered': {'date': '2005-08-07T20:48:51.321Z', 'age': 18}, 'phone': '928-678-380', 'cell': '676-727-667', 'id': {'name': 'DNI', 'value': '51004222-U'}, 'picture': {'large': 'https://randomuser.me/api/portraits/women/82.jpg', 'medium': 'https://randomuser.me/api/portraits/med/women/82.jpg', 'thumbnail': 'https://randomuser.me/api/portraits/thumb/women/82.jpg'}, 'nat': 'ES'}], 'info': {'seed': '68fe2a4759332e76', 'results': 1, 'page': 1, 'version': '1.4'}}</msg>
<arg>${json_data}</arg>
<doc>Logs the given message with the given level.</doc>
<status status="PASS" start="2024-05-21T13:18:17.665162" elapsed="0.000226"/>
</kw>
<kw name="Should Be Equal As Numbers" owner="BuiltIn">
<arg>${json_data['results'][0]['location']['postcode']}</arg>
<arg>${json_data['results'][0]['location']['postcode']}</arg>
<doc>Fails if objects are unequal after converting them to real numbers.</doc>
<status status="PASS" start="2024-05-21T13:18:17.665687" elapsed="0.000611"/>
</kw>
<kw name="Log" owner="BuiltIn">
<msg time="2024-05-21T13:18:17.666841" level="INFO">37814</msg>
<arg>${json_data['results'][0]['location']['postcode']}</arg>
<doc>Logs the given message with the given level.</doc>
<status status="PASS" start="2024-05-21T13:18:17.666487" elapsed="0.000394"/>
</kw>
<status status="PASS" start="2024-05-21T13:18:17.567006" elapsed="0.100124"/>
</kw>
<doc>Testa se os tipos de dados na resposta da API estão corretos.</doc>
<tag>testeTiposDados</tag>
<status status="PASS" start="2024-05-21T13:18:17.481788" elapsed="0.185557"/>
</test>
<test id="s1-s1-t5" name="Validar conteudo" line="35">
<kw name="Teste de Tipos de Conteudo" owner="random-user-service">
<kw name="GET On Session" owner="RequestsLibrary">
<msg time="2024-05-21T13:18:17.756098" level="INFO">GET Request : url=https://randomuser.me/api 
 path_url=/api 
 headers={'User-Agent': 'python-requests/2.32.1', 'Accept-Encoding': 'gzip, deflate', 'Accept': '*/*', 'Connection': 'keep-alive'} 
 body=None 
 </msg>
<msg time="2024-05-21T13:18:17.756187" level="INFO">GET Response : url=https://randomuser.me/api 
 status=200, reason=OK 
 headers={'Date': 'Tue, 21 May 2024 13:18:17 GMT', 'Content-Type': 'application/json; charset=utf-8', 'Transfer-Encoding': 'chunked', 'Connection': 'keep-alive', 'X-Powered-By': 'Express', 'Access-Control-Allow-Origin': '*', 'Cache-Control': 'no-cache', 'ETag': 'W/"4a8-5W9XQ2klg0lJ5KrueU11B/HiG6Y"', 'Vary': 'Accept-Encoding', 'Content-Encoding': 'gzip', 'CF-Cache-Status': 'DYNAMIC', 'Report-To': '{"endpoints":[{"url":"https:\\/\\/a.nel.cloudflare.com\\/report\\/v4?s=mAtO2p9dU%2F9P0pY8XlhbuEs7%2FLzJ64MBu8ZSn4HuGce68VgvF%2FjtJPafxrJKGisfmuJfYCzUm3dxIbh7W2BX%2BZ99ZunugJZlO06R%2BE1ZC79kJpcYXkl2I4lzp2OXx8Ij"}],"group":"cf-nel","max_age":604800}', 'NEL': '{"success_fraction":0,"report_to":"cf-nel","max_age":604800}', 'Server': 'cloudflare', 'CF-RAY': '8874da0079762d58-ORD', 'alt-svc': 'h3=":443"; ma=86400'} 
 body={"results":[{"gender":"female","name":{"title":"Mrs","first":"Pamela","last":"Oquendo"},"location":{"street":{"number":3823,"name":"Callejón Hidalgo"},"city":"Acámbaro","state":"Chiapas","country":"Mexico","postcode":51480,"coordinates":{"latitude":"22.0029","longitude":"65.7022"},"timezone":{"offset":"+5:00","description":"Ekaterinburg, Islamabad, Karachi, Tashkent"}},"email":"pamela.oquendo@example.com","login":{"uuid":"da8b6302-7993-4eaa-ab52-1a6bab86258d","username":"bluecat680","password":"experience","salt":"IMm3PPQR","md5":"18287b92f5cf7e6356f825e4206ca0ff","sha1":"dc8990fd0accc322b2222a953b7b20400e4df382","sha256":"4421472f73f46b4470b0e180ec5f35272fc931de5365aa234040373c1b92a12e"},"dob":{"date":"1966-09-04T22:01:59.394Z","age":57},"registered":{"date":"2017-02-01T00:18:42.696Z","age":7},"phone":"(665) 313 5800","cell":"(647) 540 1732","id":{"name":"NSS","value":"38 41 40 5626 1"},"picture":{"large":"https://randomuser.me/api/portraits/women/66.jpg","medium":"https://randomuser.me/api/portraits/med/women/66.jpg","thumbnail":"https://randomuser.me/api/portraits/thumb/women/66.jpg"},"nat":"MX"}],"info":{"seed":"b45799cf9ce8e13e","results":1,"page":1,"version":"1.4"}} 
 </msg>
<msg time="2024-05-21T13:18:17.756265" level="INFO">/opt/hostedtoolcache/Python/3.12.3/x64/lib/python3.12/site-packages/urllib3/connectionpool.py:1103: InsecureRequestWarning: Unverified HTTPS request is being made to host 'randomuser.me'. Adding certificate verification is strongly advised. See: https://urllib3.readthedocs.io/en/latest/advanced-usage.html#tls-warnings
  warnings.warn(</msg>
<msg time="2024-05-21T13:18:17.756413" level="INFO">${response} = &lt;Response [200]&gt;</msg>
<var>${response}</var>
<arg>consultarAPI</arg>
<arg>/api</arg>
<doc>Sends a GET request on a previously created HTTP Session.</doc>
<status status="PASS" start="2024-05-21T13:18:17.669755" elapsed="0.086717"/>
</kw>
<kw name="Set Variable" owner="BuiltIn">
<msg time="2024-05-21T13:18:17.757343" level="INFO">${json_data} = {'results': [{'gender': 'female', 'name': {'title': 'Mrs', 'first': 'Pamela', 'last': 'Oquendo'}, 'location': {'street': {'number': 3823, 'name': 'Callejón Hidalgo'}, 'city': 'Acámbaro', 'state': 'Chi...</msg>
<var>${json_data}</var>
<arg>${response.json()}</arg>
<doc>Returns the given values which can then be assigned to a variables.</doc>
<status status="PASS" start="2024-05-21T13:18:17.756883" elapsed="0.000490"/>
</kw>
<kw name="Set Variable" owner="BuiltIn">
<msg time="2024-05-21T13:18:17.758073" level="INFO">${name_title} = Mrs</msg>
<var>${name_title}</var>
<arg>${json_data["results"][0]["name"]["title"]}</arg>
<doc>Returns the given values which can then be assigned to a variables.</doc>
<status status="PASS" start="2024-05-21T13:18:17.757687" elapsed="0.000412"/>
</kw>
<kw name="Create List" owner="BuiltIn">
<msg time="2024-05-21T13:18:17.758544" level="INFO">${allowed_titles} = ['Mr', 'Ms', 'Miss', 'Mrs', 'Madame', 'Monsieur']</msg>
<var>${allowed_titles}</var>
<arg>Mr</arg>
<arg>Ms</arg>
<arg>Miss</arg>
<arg>Mrs</arg>
<arg>Madame</arg>
<arg>Monsieur</arg>
<doc>Returns a list containing given items.</doc>
<status status="PASS" start="2024-05-21T13:18:17.758395" elapsed="0.000173"/>
</kw>
<kw name="List Should Contain Value" owner="Collections">
<msg time="2024-05-21T13:18:17.759041" level="INFO">False</msg>
<arg>${allowed_titles}</arg>
<arg>${name_title}</arg>
<doc>Fails if the ``value`` is not found from ``list``.</doc>
<status status="PASS" start="2024-05-21T13:18:17.758866" elapsed="0.000212"/>
</kw>
<kw name="Set Variable" owner="BuiltIn">
<msg time="2024-05-21T13:18:17.759937" level="INFO">${name_country} = MX</msg>
<var>${name_country}</var>
<arg>${json_data["results"][0]["nat"]}</arg>
<doc>Returns the given values which can then be assigned to a variables.</doc>
<status status="PASS" start="2024-05-21T13:18:17.759414" elapsed="0.000549"/>
</kw>
<kw name="Create List" owner="BuiltIn">
<msg time="2024-05-21T13:18:17.760865" level="INFO">${list_country} = ['AD', 'AE', 'AF', 'AG', 'AI', 'AL', 'AM', 'AO', 'AQ', 'AR', 'AS', 'AT', 'AU', 'AW', 'AX', 'AZ', 'BA', 'BB', 'BD', 'BE', 'BF', 'BG', 'BH', 'BI', 'BJ', 'BL', 'BM', 'BN', 'BO', 'BQ', 'BR', 'BS', 'BT', '...</msg>
<var>${list_country}</var>
<arg>AD</arg>
<arg>AE</arg>
<arg>AF</arg>
<arg>AG</arg>
<arg>AI</arg>
<arg>AL</arg>
<arg>AM</arg>
<arg>AO</arg>
<arg>AQ</arg>
<arg>AR</arg>
<arg>AS</arg>
<arg>AT</arg>
<arg>AU</arg>
<arg>AW</arg>
<arg>AX</arg>
<arg>AZ</arg>
<arg>BA</arg>
<arg>BB</arg>
<arg>BD</arg>
<arg>BE</arg>
<arg>BF</arg>
<arg>BG</arg>
<arg>BH</arg>
<arg>BI</arg>
<arg>BJ</arg>
<arg>BL</arg>
<arg>BM</arg>
<arg>BN</arg>
<arg>BO</arg>
<arg>BQ</arg>
<arg>BR</arg>
<arg>BS</arg>
<arg>BT</arg>
<arg>BV</arg>
<arg>BW</arg>
<arg>BY</arg>
<arg>BZ</arg>
<arg>CA</arg>
<arg>CC</arg>
<arg>CD</arg>
<arg>CF</arg>
<arg>CG</arg>
<arg>CH</arg>
<arg>CI</arg>
<arg>CK</arg>
<arg>CL</arg>
<arg>CM</arg>
<arg>CN</arg>
<arg>CO</arg>
<arg>CR</arg>
<arg>CU</arg>
<arg>CV</arg>
<arg>CW</arg>
<arg>CX</arg>
<arg>CY</arg>
<arg>CZ</arg>
<arg>DE</arg>
<arg>DJ</arg>
<arg>DK</arg>
<arg>DM</arg>
<arg>DO</arg>
<arg>DZ</arg>
<arg>EC</arg>
<arg>EE</arg>
<arg>EG</arg>
<arg>EH</arg>
<arg>ER</arg>
<arg>ES</arg>
<arg>ET</arg>
<arg>FI</arg>
<arg>FJ</arg>
<arg>FK</arg>
<arg>FM</arg>
<arg>FO</arg>
<arg>FR</arg>
<arg>GA</arg>
<arg>GB</arg>
<arg>GD</arg>
<arg>GE</arg>
<arg>GF</arg>
<arg>GG</arg>
<arg>GH</arg>
<arg>GI</arg>
<arg>GL</arg>
<arg>GM</arg>
<arg>GN</arg>
<arg>GP</arg>
<arg>GQ</arg>
<arg>GR</arg>
<arg>GS</arg>
<arg>GT</arg>
<arg>GU</arg>
<arg>GW</arg>
<arg>GY</arg>
<arg>HK</arg>
<arg>HM</arg>
<arg>HN</arg>
<arg>HR</arg>
<arg>HT</arg>
<arg>HU</arg>
<arg>ID</arg>
<arg>IE</arg>
<arg>IL</arg>
<arg>IM</arg>
<arg>IN</arg>
<arg>IO</arg>
<arg>IQ</arg>
<arg>IR</arg>
<arg>IS</arg>
<arg>IT</arg>
<arg>JE</arg>
<arg>JM</arg>
<arg>JO</arg>
<arg>JP</arg>
<arg>KE</arg>
<arg>KG</arg>
<arg>KH</arg>
<arg>KI</arg>
<arg>KM</arg>
<arg>KN</arg>
<arg>KP</arg>
<arg>KR</arg>
<arg>KW</arg>
<arg>KY</arg>
<arg>KZ</arg>
<arg>LA</arg>
<arg>LB</arg>
<arg>LC</arg>
<arg>LI</arg>
<arg>LK</arg>
<arg>LR</arg>
<arg>LS</arg>
<arg>LT</arg>
<arg>LU</arg>
<arg>LV</arg>
<arg>LY</arg>
<arg>MA</arg>
<arg>MC</arg>
<arg>MD</arg>
<arg>ME</arg>
<arg>MF</arg>
<arg>MG</arg>
<arg>MH</arg>
<arg>MK</arg>
<arg>ML</arg>
<arg>MM</arg>
<arg>MN</arg>
<arg>MO</arg>
<arg>MP</arg>
<arg>MQ</arg>
<arg>MR</arg>
<arg>MS</arg>
<arg>MT</arg>
<arg>MU</arg>
<arg>MV</arg>
<arg>MW</arg>
<arg>MX</arg>
<arg>MY</arg>
<arg>MZ</arg>
<arg>NA</arg>
<arg>NC</arg>
<arg>NE</arg>
<arg>NF</arg>
<arg>NG</arg>
<arg>NI</arg>
<arg>NL</arg>
<arg>NO</arg>
<arg>NP</arg>
<arg>NR</arg>
<arg>NU</arg>
<arg>NZ</arg>
<arg>OM</arg>
<arg>PA</arg>
<arg>PE</arg>
<arg>PF</arg>
<arg>PG</arg>
<arg>PH</arg>
<arg>PK</arg>
<arg>PL</arg>
<arg>PM</arg>
<arg>PN</arg>
<arg>PR</arg>
<arg>PS</arg>
<arg>PT</arg>
<arg>PW</arg>
<arg>PY</arg>
<arg>QA</arg>
<arg>RE</arg>
<arg>RO</arg>
<arg>RS</arg>
<arg>RU</arg>
<arg>RW</arg>
<arg>SA</arg>
<arg>SB</arg>
<arg>SC</arg>
<arg>SD</arg>
<arg>SE</arg>
<arg>SG</arg>
<arg>SH</arg>
<arg>SI</arg>
<arg>SJ</arg>
<arg>SK</arg>
<arg>SL</arg>
<arg>SM</arg>
<arg>SN</arg>
<arg>SO</arg>
<arg>SR</arg>
<arg>SS</arg>
<arg>ST</arg>
<arg>SV</arg>
<arg>SX</arg>
<arg>SY</arg>
<arg>SZ</arg>
<arg>TC</arg>
<arg>TD</arg>
<arg>TF</arg>
<arg>TG</arg>
<arg>TH</arg>
<arg>TJ</arg>
<arg>TK</arg>
<arg>TL</arg>
<arg>TM</arg>
<arg>TN</arg>
<arg>TO</arg>
<arg>TR</arg>
<arg>TT</arg>
<arg>TV</arg>
<arg>TW</arg>
<arg>TZ</arg>
<arg>UA</arg>
<arg>UG</arg>
<arg>UM</arg>
<arg>US</arg>
<arg>UY</arg>
<arg>UZ</arg>
<arg>VA</arg>
<arg>VC</arg>
<arg>VE</arg>
<arg>VG</arg>
<arg>VI</arg>
<arg>VN</arg>
<arg>VU</arg>
<arg>WF</arg>
<arg>WS</arg>
<arg>XK</arg>
<arg>YE</arg>
<arg>YT</arg>
<arg>ZA</arg>
<arg>ZM</arg>
<arg>ZW</arg>
<doc>Returns a list containing given items.</doc>
<status status="PASS" start="2024-05-21T13:18:17.760269" elapsed="0.000621"/>
</kw>
<kw name="List Should Contain Value" owner="Collections">
<msg time="2024-05-21T13:18:17.761888" level="INFO">False</msg>
<arg>${list_country}</arg>
<arg>${name_country}</arg>
<doc>Fails if the ``value`` is not found from ``list``.</doc>
<status status="PASS" start="2024-05-21T13:18:17.761680" elapsed="0.000243"/>
</kw>
<kw name="Run Keyword If" owner="BuiltIn">
<kw name="Should Be True" owner="BuiltIn">
<arg>${True}</arg>
<doc>Fails if the given condition is not true.</doc>
<status status="PASS" start="2024-05-21T13:18:17.762981" elapsed="0.000145"/>
</kw>
<arg>${json_data["results"][0]["location"]["coordinates"]["latitude"]} &gt;= -90 and ${json_data["results"][0]["location"]["coordinates"]["latitude"]} &lt;= 90</arg>
<arg>Should Be True</arg>
<arg>${True}</arg>
<doc>Runs the given keyword with the given arguments, if ``condition`` is true.</doc>
<status status="PASS" start="2024-05-21T13:18:17.762228" elapsed="0.001060"/>
</kw>
<kw name="Run Keyword If" owner="BuiltIn">
<kw name="Should Be True" owner="BuiltIn">
<arg>${True}</arg>
<doc>Fails if the given condition is not true.</doc>
<status status="PASS" start="2024-05-21T13:18:17.764169" elapsed="0.000137"/>
</kw>
<arg>${json_data["results"][0]["location"]["coordinates"]["longitude"]} &gt;= -180 and ${json_data["results"][0]["location"]["coordinates"]["longitude"]} &lt;= 180</arg>
<arg>Should Be True</arg>
<arg>${True}</arg>
<doc>Runs the given keyword with the given arguments, if ``condition`` is true.</doc>
<status status="PASS" start="2024-05-21T13:18:17.763475" elapsed="0.000956"/>
</kw>
<status status="PASS" start="2024-05-21T13:18:17.669535" elapsed="0.095023"/>
</kw>
<doc>Testa o conteúdo específico dos campos retornados pela API.</doc>
<tag>testeConteudo</tag>
<status status="PASS" start="2024-05-21T13:18:17.669110" elapsed="0.095589"/>
</test>
<status status="PASS" start="2024-05-21T13:18:16.943391" elapsed="0.823204"/>
</suite>
<status status="PASS" start="2024-05-21T13:18:16.929977" elapsed="0.841793"/>
</suite>
<statistics>
<total>
<stat pass="5" fail="0" skip="0">All Tests</stat>
</total>
<tag>
<stat pass="1" fail="0" skip="0">testeConteudo</stat>
<stat pass="1" fail="0" skip="0">testeEstruturaResposta</stat>
<stat pass="1" fail="0" skip="0">testeRequisicaoBasica</stat>
<stat pass="1" fail="0" skip="0">testeTiposDados</stat>
</tag>
<suite>
<stat pass="5" fail="0" skip="0" id="s1" name="Tests">Tests</stat>
<stat pass="5" fail="0" skip="0" id="s1-s1" name="Random-User-Test">Tests.Random-User-Test</stat>
</suite>
</statistics>
<errors>
</errors>
</robot>
