<?xml version="1.0" encoding="UTF-8"?>
<robot generator="Robot 7.0 (Python 3.12.3 on linux)" generated="2024-04-24T14:14:36.112664" rpa="false" schemaversion="5">
<suite id="s1" name="Tests" source="/home/runner/work/DesafioQAItauRogerioJordao/DesafioQAItauRogerioJordao/RamdonUser/tests">
<suite id="s1-s1" name="Random-User-Test" source="/home/runner/work/DesafioQAItauRogerioJordao/DesafioQAItauRogerioJordao/RamdonUser/tests/random-user-test.robot">
<test id="s1-s1-t1" name="Conectar" line="13">
<kw name="Conectar API" owner="random-user-service">
<kw name="Create Session" owner="RequestsLibrary">
<msg time="2024-04-24T14:14:36.471946" level="INFO">Creating Session using : alias=consultarAPI, url=https://randomuser.me/, headers={},                     cookies={}, auth=None, timeout=None, proxies=None, verify=False,                     debug=0 </msg>
<arg>consultarAPI</arg>
<arg>${URL}</arg>
<doc>Create Session: create a HTTP session to a server</doc>
<status status="PASS" start="2024-04-24T14:14:36.471748" elapsed="0.000371"/>
</kw>
<status status="PASS" start="2024-04-24T14:14:36.470772" elapsed="0.001726"/>
</kw>
<status status="PASS" start="2024-04-24T14:14:36.470176" elapsed="0.002516"/>
</test>
<test id="s1-s1-t2" name="Validar retorno 200 e JSON Válido" line="16">
<kw name="Teste de Requisicao Basica" owner="random-user-service">
<kw name="GET On Session" owner="RequestsLibrary">
<msg time="2024-04-24T14:14:40.764535" level="INFO">GET Request : url=https://randomuser.me/api 
 path_url=/api 
 headers={'User-Agent': 'python-requests/2.31.0', 'Accept-Encoding': 'gzip, deflate', 'Accept': '*/*', 'Connection': 'keep-alive'} 
 body=None 
 </msg>
<msg time="2024-04-24T14:14:40.764688" level="INFO">GET Response : url=https://randomuser.me/api 
 status=200, reason=OK 
 headers={'Date': 'Wed, 24 Apr 2024 14:14:40 GMT', 'Content-Type': 'application/json; charset=utf-8', 'Transfer-Encoding': 'chunked', 'Connection': 'keep-alive', 'X-Powered-By': 'Express', 'Access-Control-Allow-Origin': '*', 'Cache-Control': 'no-cache', 'ETag': 'W/"484-/utHaWHoL+/eul5TJVBgrGub9XY"', 'Vary': 'Accept-Encoding', 'Content-Encoding': 'gzip', 'CF-Cache-Status': 'DYNAMIC', 'Report-To': '{"endpoints":[{"url":"https:\\/\\/a.nel.cloudflare.com\\/report\\/v4?s=b1cvOSD1ald2bz4VIo%2BCqu82Km64ZfK0dALqiUywKMWdgPBqdpMPIVXClvY%2B%2FTutYdEW3P4OnA%2FCPCJLdJXbHv%2FwbOwo7EBtzctnOrAk7KqG8gVbaTjWoE24e5y8ENu3"}],"group":"cf-nel","max_age":604800}', 'NEL': '{"success_fraction":0,"report_to":"cf-nel","max_age":604800}', 'Server': 'cloudflare', 'CF-RAY': '8796b35f9b27874c-IAD', 'alt-svc': 'h3=":443"; ma=86400'} 
 body={"results":[{"gender":"female","name":{"title":"Ms","first":"Chloe","last":"Zhang"},"location":{"street":{"number":1534,"name":"Abbotts Way"},"city":"Invercargill","state":"Tasman","country":"New Zealand","postcode":96587,"coordinates":{"latitude":"50.7185","longitude":"144.5653"},"timezone":{"offset":"-7:00","description":"Mountain Time (US &amp; Canada)"}},"email":"chloe.zhang@example.com","login":{"uuid":"3fb2205c-f5fc-4cd8-b382-0b8192f5f8b2","username":"bluebird744","password":"lovelove","salt":"u8YW2H8n","md5":"fbcdf7b49102f5fc65540ac7f80cdd5d","sha1":"753aced69759c154e3c6635b0751bacfdf783a10","sha256":"7cdc30f96891facfc4e2889f3b5627c15ff747709fd11d3cc3b242278bb4715a"},"dob":{"date":"1976-01-22T14:03:06.308Z","age":48},"registered":{"date":"2004-06-02T14:55:17.145Z","age":19},"phone":"(193)-957-1316","cell":"(063)-997-1700","id":{"name":"","value":null},"picture":{"large":"https://randomuser.me/api/portraits/women/58.jpg","medium":"https://randomuser.me/api/portraits/med/women/58.jpg","thumbnail":"https://randomuser.me/api/portraits/thumb/women/58.jpg"},"nat":"NZ"}],"info":{"seed":"c06a3d898a2f3360","results":1,"page":1,"version":"1.4"}} 
 </msg>
<msg time="2024-04-24T14:14:40.764771" level="INFO">/opt/hostedtoolcache/Python/3.12.3/x64/lib/python3.12/site-packages/urllib3/connectionpool.py:1103: InsecureRequestWarning: Unverified HTTPS request is being made to host 'randomuser.me'. Adding certificate verification is strongly advised. See: https://urllib3.readthedocs.io/en/latest/advanced-usage.html#tls-warnings
  warnings.warn(</msg>
<msg time="2024-04-24T14:14:40.764947" level="INFO">${response} = &lt;Response [200]&gt;</msg>
<var>${response}</var>
<arg>consultarAPI</arg>
<arg>/api</arg>
<doc>Sends a GET request on a previously created HTTP Session.</doc>
<status status="PASS" start="2024-04-24T14:14:36.475406" elapsed="4.289591"/>
</kw>
<kw name="Should Be Equal As Numbers" owner="BuiltIn">
<msg time="2024-04-24T14:14:40.766443" level="INFO">Argument types are:
&lt;class 'int'&gt;
&lt;class 'str'&gt;</msg>
<arg>${response.status_code}</arg>
<arg>200</arg>
<doc>Fails if objects are unequal after converting them to real numbers.</doc>
<status status="PASS" start="2024-04-24T14:14:40.765961" elapsed="0.000548"/>
</kw>
<kw name="Log" owner="BuiltIn">
<msg time="2024-04-24T14:14:40.769657" level="INFO">200</msg>
<arg>${response.status_code}</arg>
<doc>Logs the given message with the given level.</doc>
<status status="PASS" start="2024-04-24T14:14:40.769277" elapsed="0.000425"/>
</kw>
<kw name="Set Variable" owner="BuiltIn">
<msg time="2024-04-24T14:14:40.770486" level="INFO">${json_data} = {'results': [{'gender': 'female', 'name': {'title': 'Ms', 'first': 'Chloe', 'last': 'Zhang'}, 'location': {'street': {'number': 1534, 'name': 'Abbotts Way'}, 'city': 'Invercargill', 'state': 'Tasman',...</msg>
<var>${json_data}</var>
<arg>${response.json()}</arg>
<doc>Returns the given values which can then be assigned to a variables.</doc>
<status status="PASS" start="2024-04-24T14:14:40.770027" elapsed="0.000486"/>
</kw>
<kw name="Dictionary Should Contain Key" owner="Collections">
<msg time="2024-04-24T14:14:40.770991" level="INFO">False</msg>
<arg>${json_data}</arg>
<arg>results</arg>
<doc>Fails if ``key`` is not found from ``dictionary``.</doc>
<status status="PASS" start="2024-04-24T14:14:40.770816" elapsed="0.000216"/>
</kw>
<status status="PASS" start="2024-04-24T14:14:36.475125" elapsed="4.296208"/>
</kw>
<doc>Testa se a API responde corretamente e retorna um objeto JSON válido.</doc>
<tag>testeRequisicaoBasica</tag>
<status status="PASS" start="2024-04-24T14:14:36.474590" elapsed="4.296938"/>
</test>
<test id="s1-s1-t3" name="Validar estrutura de resposta" line="22">
<kw name="Teste de Estrutura de Resposta" owner="random-user-service">
<kw name="GET On Session" owner="RequestsLibrary">
<msg time="2024-04-24T14:14:42.469347" level="INFO">GET Request : url=https://randomuser.me/api 
 path_url=/api 
 headers={'User-Agent': 'python-requests/2.31.0', 'Accept-Encoding': 'gzip, deflate', 'Accept': '*/*', 'Connection': 'keep-alive'} 
 body=None 
 </msg>
<msg time="2024-04-24T14:14:42.469454" level="INFO">GET Response : url=https://randomuser.me/api 
 status=200, reason=OK 
 headers={'Date': 'Wed, 24 Apr 2024 14:14:42 GMT', 'Content-Type': 'application/json; charset=utf-8', 'Transfer-Encoding': 'chunked', 'Connection': 'keep-alive', 'X-Powered-By': 'Express', 'Access-Control-Allow-Origin': '*', 'Cache-Control': 'no-cache', 'ETag': 'W/"4a3-kH1ySOBO/lvu8kf2nYIG8ONyaQQ"', 'Vary': 'Accept-Encoding', 'Content-Encoding': 'gzip', 'CF-Cache-Status': 'DYNAMIC', 'Report-To': '{"endpoints":[{"url":"https:\\/\\/a.nel.cloudflare.com\\/report\\/v4?s=2punwPUZNphv%2FtQHxMJNMdm6jYQku4NVYmW%2BE6Lm%2BtBdww8Yqjao8SJSX8XfcDecZneUtLJkajIDPnOMWxD9p4Yx6MIQBqCJ0PZc34gj2muTqLxcBnhqIAwv6Pa9LMcZ"}],"group":"cf-nel","max_age":604800}', 'NEL': '{"success_fraction":0,"report_to":"cf-nel","max_age":604800}', 'Server': 'cloudflare', 'CF-RAY': '8796b378c8dd874c-IAD', 'alt-svc': 'h3=":443"; ma=86400'} 
 body={"results":[{"gender":"male","name":{"title":"Mr","first":"Blagoje","last":"Aleksić"},"location":{"street":{"number":8416,"name":"Vojvode Mišića"},"city":"Bački Petrovac","state":"Kosovska Mitrovica","country":"Serbia","postcode":49741,"coordinates":{"latitude":"59.8009","longitude":"-142.2100"},"timezone":{"offset":"-3:00","description":"Brazil, Buenos Aires, Georgetown"}},"email":"blagoje.aleksic@example.com","login":{"uuid":"005de147-f812-4fb9-8827-da5b9a264996","username":"blackladybug867","password":"kimball","salt":"0Ihk0RMt","md5":"b241b554815960abd52586c33cb82def","sha1":"8cd2c71fd54c7b6bdaf0ed12edf44343d5668f31","sha256":"86e2bcdf4c29db937fc73ce2a2883c9aa98476eca3f3b88412223d2f66b0fbcf"},"dob":{"date":"1982-07-09T13:36:34.932Z","age":41},"registered":{"date":"2008-09-12T05:49:01.030Z","age":15},"phone":"026-1336-640","cell":"060-1463-168","id":{"name":"SID","value":"559094570"},"picture":{"large":"https://randomuser.me/api/portraits/men/73.jpg","medium":"https://randomuser.me/api/portraits/med/men/73.jpg","thumbnail":"https://randomuser.me/api/portraits/thumb/men/73.jpg"},"nat":"RS"}],"info":{"seed":"45eb96bca89ec743","results":1,"page":1,"version":"1.4"}} 
 </msg>
<msg time="2024-04-24T14:14:42.469589" level="INFO">/opt/hostedtoolcache/Python/3.12.3/x64/lib/python3.12/site-packages/urllib3/connectionpool.py:1103: InsecureRequestWarning: Unverified HTTPS request is being made to host 'randomuser.me'. Adding certificate verification is strongly advised. See: https://urllib3.readthedocs.io/en/latest/advanced-usage.html#tls-warnings
  warnings.warn(</msg>
<msg time="2024-04-24T14:14:42.469716" level="INFO">${response} = &lt;Response [200]&gt;</msg>
<var>${response}</var>
<arg>consultarAPI</arg>
<arg>/api</arg>
<doc>Sends a GET request on a previously created HTTP Session.</doc>
<status status="PASS" start="2024-04-24T14:14:40.774563" elapsed="1.695194"/>
</kw>
<kw name="Set Variable" owner="BuiltIn">
<msg time="2024-04-24T14:14:42.470891" level="INFO">${json_data} = {'results': [{'gender': 'male', 'name': {'title': 'Mr', 'first': 'Blagoje', 'last': 'Aleksić'}, 'location': {'street': {'number': 8416, 'name': 'Vojvode Mišića'}, 'city': 'Bački Petrovac', 'state': 'K...</msg>
<var>${json_data}</var>
<arg>${response.json()}</arg>
<doc>Returns the given values which can then be assigned to a variables.</doc>
<status status="PASS" start="2024-04-24T14:14:42.470339" elapsed="0.000582"/>
</kw>
<kw name="Log" owner="BuiltIn">
<msg time="2024-04-24T14:14:42.471450" level="INFO">{'results': [{'gender': 'male', 'name': {'title': 'Mr', 'first': 'Blagoje', 'last': 'Aleksić'}, 'location': {'street': {'number': 8416, 'name': 'Vojvode Mišića'}, 'city': 'Bački Petrovac', 'state': 'Kosovska Mitrovica', 'country': 'Serbia', 'postcode': 49741, 'coordinates': {'latitude': '59.8009', 'longitude': '-142.2100'}, 'timezone': {'offset': '-3:00', 'description': 'Brazil, Buenos Aires, Georgetown'}}, 'email': 'blagoje.aleksic@example.com', 'login': {'uuid': '005de147-f812-4fb9-8827-da5b9a264996', 'username': 'blackladybug867', 'password': 'kimball', 'salt': '0Ihk0RMt', 'md5': 'b241b554815960abd52586c33cb82def', 'sha1': '8cd2c71fd54c7b6bdaf0ed12edf44343d5668f31', 'sha256': '86e2bcdf4c29db937fc73ce2a2883c9aa98476eca3f3b88412223d2f66b0fbcf'}, 'dob': {'date': '1982-07-09T13:36:34.932Z', 'age': 41}, 'registered': {'date': '2008-09-12T05:49:01.030Z', 'age': 15}, 'phone': '026-1336-640', 'cell': '060-1463-168', 'id': {'name': 'SID', 'value': '559094570'}, 'picture': {'large': 'https://randomuser.me/api/portraits/men/73.jpg', 'medium': 'https://randomuser.me/api/portraits/med/men/73.jpg', 'thumbnail': 'https://randomuser.me/api/portraits/thumb/men/73.jpg'}, 'nat': 'RS'}], 'info': {'seed': '45eb96bca89ec743', 'results': 1, 'page': 1, 'version': '1.4'}}</msg>
<arg>${json_data}</arg>
<doc>Logs the given message with the given level.</doc>
<status status="PASS" start="2024-04-24T14:14:42.471230" elapsed="0.000273"/>
</kw>
<kw name="Dictionary Should Contain Key" owner="Collections">
<msg time="2024-04-24T14:14:42.471965" level="INFO">False</msg>
<arg>${json_data}</arg>
<arg>results</arg>
<doc>Fails if ``key`` is not found from ``dictionary``.</doc>
<status status="PASS" start="2024-04-24T14:14:42.471801" elapsed="0.000202"/>
</kw>
<kw name="Should Not Be Empty" owner="BuiltIn">
<msg time="2024-04-24T14:14:42.472439" level="INFO">Length is 2.</msg>
<arg>${json_data}</arg>
<doc>Verifies that the given item is not empty.</doc>
<status status="PASS" start="2024-04-24T14:14:42.472310" elapsed="0.000329"/>
</kw>
<kw name="Create List" owner="BuiltIn">
<msg time="2024-04-24T14:14:42.473083" level="INFO">${expected_keys} = ['gender', 'name', 'location', 'email', 'login']</msg>
<var>${expected_keys}</var>
<arg>gender</arg>
<arg>name</arg>
<arg>location</arg>
<arg>email</arg>
<arg>login</arg>
<doc>Returns a list containing given items.</doc>
<status status="PASS" start="2024-04-24T14:14:42.472930" elapsed="0.000177"/>
</kw>
<for flavor="IN">
<iter>
<kw name="Dictionary Should Contain Key" owner="Collections">
<msg time="2024-04-24T14:14:42.474093" level="INFO">False</msg>
<arg>${json_data['results'][0]}</arg>
<arg>${key}</arg>
<doc>Fails if ``key`` is not found from ``dictionary``.</doc>
<status status="PASS" start="2024-04-24T14:14:42.473687" elapsed="0.000445"/>
</kw>
<kw name="Log" owner="BuiltIn">
<msg time="2024-04-24T14:14:42.474803" level="INFO">{'gender': 'male', 'name': {'title': 'Mr', 'first': 'Blagoje', 'last': 'Aleksić'}, 'location': {'street': {'number': 8416, 'name': 'Vojvode Mišića'}, 'city': 'Bački Petrovac', 'state': 'Kosovska Mitrovica', 'country': 'Serbia', 'postcode': 49741, 'coordinates': {'latitude': '59.8009', 'longitude': '-142.2100'}, 'timezone': {'offset': '-3:00', 'description': 'Brazil, Buenos Aires, Georgetown'}}, 'email': 'blagoje.aleksic@example.com', 'login': {'uuid': '005de147-f812-4fb9-8827-da5b9a264996', 'username': 'blackladybug867', 'password': 'kimball', 'salt': '0Ihk0RMt', 'md5': 'b241b554815960abd52586c33cb82def', 'sha1': '8cd2c71fd54c7b6bdaf0ed12edf44343d5668f31', 'sha256': '86e2bcdf4c29db937fc73ce2a2883c9aa98476eca3f3b88412223d2f66b0fbcf'}, 'dob': {'date': '1982-07-09T13:36:34.932Z', 'age': 41}, 'registered': {'date': '2008-09-12T05:49:01.030Z', 'age': 15}, 'phone': '026-1336-640', 'cell': '060-1463-168', 'id': {'name': 'SID', 'value': '559094570'}, 'picture': {'large': 'https://randomuser.me/api/portraits/men/73.jpg', 'medium': 'https://randomuser.me/api/portraits/med/men/73.jpg', 'thumbnail': 'https://randomuser.me/api/portraits/thumb/men/73.jpg'}, 'nat': 'RS'}</msg>
<arg>${json_data['results'][0]}</arg>
<doc>Logs the given message with the given level.</doc>
<status status="PASS" start="2024-04-24T14:14:42.474435" elapsed="0.000421"/>
</kw>
<kw name="Log" owner="BuiltIn">
<msg time="2024-04-24T14:14:42.475309" level="INFO">gender</msg>
<arg>${key}</arg>
<doc>Logs the given message with the given level.</doc>
<status status="PASS" start="2024-04-24T14:14:42.475161" elapsed="0.000187"/>
</kw>
<var name="${key}">gender</var>
<status status="PASS" start="2024-04-24T14:14:42.473558" elapsed="0.002010"/>
</iter>
<iter>
<kw name="Dictionary Should Contain Key" owner="Collections">
<msg time="2024-04-24T14:14:42.476260" level="INFO">False</msg>
<arg>${json_data['results'][0]}</arg>
<arg>${key}</arg>
<doc>Fails if ``key`` is not found from ``dictionary``.</doc>
<status status="PASS" start="2024-04-24T14:14:42.475867" elapsed="0.000430"/>
</kw>
<kw name="Log" owner="BuiltIn">
<msg time="2024-04-24T14:14:42.476986" level="INFO">{'gender': 'male', 'name': {'title': 'Mr', 'first': 'Blagoje', 'last': 'Aleksić'}, 'location': {'street': {'number': 8416, 'name': 'Vojvode Mišića'}, 'city': 'Bački Petrovac', 'state': 'Kosovska Mitrovica', 'country': 'Serbia', 'postcode': 49741, 'coordinates': {'latitude': '59.8009', 'longitude': '-142.2100'}, 'timezone': {'offset': '-3:00', 'description': 'Brazil, Buenos Aires, Georgetown'}}, 'email': 'blagoje.aleksic@example.com', 'login': {'uuid': '005de147-f812-4fb9-8827-da5b9a264996', 'username': 'blackladybug867', 'password': 'kimball', 'salt': '0Ihk0RMt', 'md5': 'b241b554815960abd52586c33cb82def', 'sha1': '8cd2c71fd54c7b6bdaf0ed12edf44343d5668f31', 'sha256': '86e2bcdf4c29db937fc73ce2a2883c9aa98476eca3f3b88412223d2f66b0fbcf'}, 'dob': {'date': '1982-07-09T13:36:34.932Z', 'age': 41}, 'registered': {'date': '2008-09-12T05:49:01.030Z', 'age': 15}, 'phone': '026-1336-640', 'cell': '060-1463-168', 'id': {'name': 'SID', 'value': '559094570'}, 'picture': {'large': 'https://randomuser.me/api/portraits/men/73.jpg', 'medium': 'https://randomuser.me/api/portraits/med/men/73.jpg', 'thumbnail': 'https://randomuser.me/api/portraits/thumb/men/73.jpg'}, 'nat': 'RS'}</msg>
<arg>${json_data['results'][0]}</arg>
<doc>Logs the given message with the given level.</doc>
<status status="PASS" start="2024-04-24T14:14:42.476623" elapsed="0.000415"/>
</kw>
<kw name="Log" owner="BuiltIn">
<msg time="2024-04-24T14:14:42.477462" level="INFO">name</msg>
<arg>${key}</arg>
<doc>Logs the given message with the given level.</doc>
<status status="PASS" start="2024-04-24T14:14:42.477336" elapsed="0.000163"/>
</kw>
<var name="${key}">name</var>
<status status="PASS" start="2024-04-24T14:14:42.475754" elapsed="0.001957"/>
</iter>
<iter>
<kw name="Dictionary Should Contain Key" owner="Collections">
<msg time="2024-04-24T14:14:42.478381" level="INFO">False</msg>
<arg>${json_data['results'][0]}</arg>
<arg>${key}</arg>
<doc>Fails if ``key`` is not found from ``dictionary``.</doc>
<status status="PASS" start="2024-04-24T14:14:42.477999" elapsed="0.000419"/>
</kw>
<kw name="Log" owner="BuiltIn">
<msg time="2024-04-24T14:14:42.479077" level="INFO">{'gender': 'male', 'name': {'title': 'Mr', 'first': 'Blagoje', 'last': 'Aleksić'}, 'location': {'street': {'number': 8416, 'name': 'Vojvode Mišića'}, 'city': 'Bački Petrovac', 'state': 'Kosovska Mitrovica', 'country': 'Serbia', 'postcode': 49741, 'coordinates': {'latitude': '59.8009', 'longitude': '-142.2100'}, 'timezone': {'offset': '-3:00', 'description': 'Brazil, Buenos Aires, Georgetown'}}, 'email': 'blagoje.aleksic@example.com', 'login': {'uuid': '005de147-f812-4fb9-8827-da5b9a264996', 'username': 'blackladybug867', 'password': 'kimball', 'salt': '0Ihk0RMt', 'md5': 'b241b554815960abd52586c33cb82def', 'sha1': '8cd2c71fd54c7b6bdaf0ed12edf44343d5668f31', 'sha256': '86e2bcdf4c29db937fc73ce2a2883c9aa98476eca3f3b88412223d2f66b0fbcf'}, 'dob': {'date': '1982-07-09T13:36:34.932Z', 'age': 41}, 'registered': {'date': '2008-09-12T05:49:01.030Z', 'age': 15}, 'phone': '026-1336-640', 'cell': '060-1463-168', 'id': {'name': 'SID', 'value': '559094570'}, 'picture': {'large': 'https://randomuser.me/api/portraits/men/73.jpg', 'medium': 'https://randomuser.me/api/portraits/med/men/73.jpg', 'thumbnail': 'https://randomuser.me/api/portraits/thumb/men/73.jpg'}, 'nat': 'RS'}</msg>
<arg>${json_data['results'][0]}</arg>
<doc>Logs the given message with the given level.</doc>
<status status="PASS" start="2024-04-24T14:14:42.478712" elapsed="0.000416"/>
</kw>
<kw name="Log" owner="BuiltIn">
<msg time="2024-04-24T14:14:42.479601" level="INFO">location</msg>
<arg>${key}</arg>
<doc>Logs the given message with the given level.</doc>
<status status="PASS" start="2024-04-24T14:14:42.479470" elapsed="0.000169"/>
</kw>
<var name="${key}">location</var>
<status status="PASS" start="2024-04-24T14:14:42.477887" elapsed="0.001972"/>
</iter>
<iter>
<kw name="Dictionary Should Contain Key" owner="Collections">
<msg time="2024-04-24T14:14:42.480576" level="INFO">False</msg>
<arg>${json_data['results'][0]}</arg>
<arg>${key}</arg>
<doc>Fails if ``key`` is not found from ``dictionary``.</doc>
<status status="PASS" start="2024-04-24T14:14:42.480141" elapsed="0.000475"/>
</kw>
<kw name="Log" owner="BuiltIn">
<msg time="2024-04-24T14:14:42.481279" level="INFO">{'gender': 'male', 'name': {'title': 'Mr', 'first': 'Blagoje', 'last': 'Aleksić'}, 'location': {'street': {'number': 8416, 'name': 'Vojvode Mišića'}, 'city': 'Bački Petrovac', 'state': 'Kosovska Mitrovica', 'country': 'Serbia', 'postcode': 49741, 'coordinates': {'latitude': '59.8009', 'longitude': '-142.2100'}, 'timezone': {'offset': '-3:00', 'description': 'Brazil, Buenos Aires, Georgetown'}}, 'email': 'blagoje.aleksic@example.com', 'login': {'uuid': '005de147-f812-4fb9-8827-da5b9a264996', 'username': 'blackladybug867', 'password': 'kimball', 'salt': '0Ihk0RMt', 'md5': 'b241b554815960abd52586c33cb82def', 'sha1': '8cd2c71fd54c7b6bdaf0ed12edf44343d5668f31', 'sha256': '86e2bcdf4c29db937fc73ce2a2883c9aa98476eca3f3b88412223d2f66b0fbcf'}, 'dob': {'date': '1982-07-09T13:36:34.932Z', 'age': 41}, 'registered': {'date': '2008-09-12T05:49:01.030Z', 'age': 15}, 'phone': '026-1336-640', 'cell': '060-1463-168', 'id': {'name': 'SID', 'value': '559094570'}, 'picture': {'large': 'https://randomuser.me/api/portraits/men/73.jpg', 'medium': 'https://randomuser.me/api/portraits/med/men/73.jpg', 'thumbnail': 'https://randomuser.me/api/portraits/thumb/men/73.jpg'}, 'nat': 'RS'}</msg>
<arg>${json_data['results'][0]}</arg>
<doc>Logs the given message with the given level.</doc>
<status status="PASS" start="2024-04-24T14:14:42.480917" elapsed="0.000412"/>
</kw>
<kw name="Log" owner="BuiltIn">
<msg time="2024-04-24T14:14:42.481750" level="INFO">email</msg>
<arg>${key}</arg>
<doc>Logs the given message with the given level.</doc>
<status status="PASS" start="2024-04-24T14:14:42.481624" elapsed="0.000163"/>
</kw>
<var name="${key}">email</var>
<status status="PASS" start="2024-04-24T14:14:42.480030" elapsed="0.001968"/>
</iter>
<iter>
<kw name="Dictionary Should Contain Key" owner="Collections">
<msg time="2024-04-24T14:14:42.482654" level="INFO">False</msg>
<arg>${json_data['results'][0]}</arg>
<arg>${key}</arg>
<doc>Fails if ``key`` is not found from ``dictionary``.</doc>
<status status="PASS" start="2024-04-24T14:14:42.482275" elapsed="0.000415"/>
</kw>
<kw name="Log" owner="BuiltIn">
<msg time="2024-04-24T14:14:42.483383" level="INFO">{'gender': 'male', 'name': {'title': 'Mr', 'first': 'Blagoje', 'last': 'Aleksić'}, 'location': {'street': {'number': 8416, 'name': 'Vojvode Mišića'}, 'city': 'Bački Petrovac', 'state': 'Kosovska Mitrovica', 'country': 'Serbia', 'postcode': 49741, 'coordinates': {'latitude': '59.8009', 'longitude': '-142.2100'}, 'timezone': {'offset': '-3:00', 'description': 'Brazil, Buenos Aires, Georgetown'}}, 'email': 'blagoje.aleksic@example.com', 'login': {'uuid': '005de147-f812-4fb9-8827-da5b9a264996', 'username': 'blackladybug867', 'password': 'kimball', 'salt': '0Ihk0RMt', 'md5': 'b241b554815960abd52586c33cb82def', 'sha1': '8cd2c71fd54c7b6bdaf0ed12edf44343d5668f31', 'sha256': '86e2bcdf4c29db937fc73ce2a2883c9aa98476eca3f3b88412223d2f66b0fbcf'}, 'dob': {'date': '1982-07-09T13:36:34.932Z', 'age': 41}, 'registered': {'date': '2008-09-12T05:49:01.030Z', 'age': 15}, 'phone': '026-1336-640', 'cell': '060-1463-168', 'id': {'name': 'SID', 'value': '559094570'}, 'picture': {'large': 'https://randomuser.me/api/portraits/men/73.jpg', 'medium': 'https://randomuser.me/api/portraits/med/men/73.jpg', 'thumbnail': 'https://randomuser.me/api/portraits/thumb/men/73.jpg'}, 'nat': 'RS'}</msg>
<arg>${json_data['results'][0]}</arg>
<doc>Logs the given message with the given level.</doc>
<status status="PASS" start="2024-04-24T14:14:42.482982" elapsed="0.000461"/>
</kw>
<kw name="Log" owner="BuiltIn">
<msg time="2024-04-24T14:14:42.483891" level="INFO">login</msg>
<arg>${key}</arg>
<doc>Logs the given message with the given level.</doc>
<status status="PASS" start="2024-04-24T14:14:42.483752" elapsed="0.000206"/>
</kw>
<var name="${key}">login</var>
<status status="PASS" start="2024-04-24T14:14:42.482167" elapsed="0.002012"/>
</iter>
<var>${key}</var>
<value>@{expected_keys}</value>
<status status="PASS" start="2024-04-24T14:14:42.473363" elapsed="0.010936"/>
</for>
<kw name="Create List" owner="BuiltIn">
<msg time="2024-04-24T14:14:42.484632" level="INFO">${expected_keysTwo} = ['username', 'password']</msg>
<var>${expected_keysTwo}</var>
<arg>username</arg>
<arg>password</arg>
<doc>Returns a list containing given items.</doc>
<status status="PASS" start="2024-04-24T14:14:42.484497" elapsed="0.000159"/>
</kw>
<for flavor="IN">
<iter>
<kw name="Dictionary Should Contain Key" owner="Collections">
<msg time="2024-04-24T14:14:42.485540" level="INFO">False</msg>
<arg>${json_data['results'][0]['login']}</arg>
<arg>${keyTwo}</arg>
<doc>Fails if ``key`` is not found from ``dictionary``.</doc>
<status status="PASS" start="2024-04-24T14:14:42.485150" elapsed="0.000427"/>
</kw>
<kw name="Dictionary Should Contain Key" owner="Collections">
<msg time="2024-04-24T14:14:42.486244" level="INFO">False</msg>
<arg>${json_data['results'][0]['login']}</arg>
<arg>${keyTwo}</arg>
<doc>Fails if ``key`` is not found from ``dictionary``.</doc>
<status status="PASS" start="2024-04-24T14:14:42.485869" elapsed="0.000411"/>
</kw>
<kw name="Log" owner="BuiltIn">
<msg time="2024-04-24T14:14:42.486697" level="INFO">username</msg>
<arg>${keyTwo}</arg>
<doc>Logs the given message with the given level.</doc>
<status status="PASS" start="2024-04-24T14:14:42.486570" elapsed="0.000169"/>
</kw>
<var name="${keyTwo}">username</var>
<status status="PASS" start="2024-04-24T14:14:42.485041" elapsed="0.001914"/>
</iter>
<iter>
<kw name="Dictionary Should Contain Key" owner="Collections">
<msg time="2024-04-24T14:14:42.487738" level="INFO">False</msg>
<arg>${json_data['results'][0]['login']}</arg>
<arg>${keyTwo}</arg>
<doc>Fails if ``key`` is not found from ``dictionary``.</doc>
<status status="PASS" start="2024-04-24T14:14:42.487239" elapsed="0.000539"/>
</kw>
<kw name="Dictionary Should Contain Key" owner="Collections">
<msg time="2024-04-24T14:14:42.488453" level="INFO">False</msg>
<arg>${json_data['results'][0]['login']}</arg>
<arg>${keyTwo}</arg>
<doc>Fails if ``key`` is not found from ``dictionary``.</doc>
<status status="PASS" start="2024-04-24T14:14:42.488078" elapsed="0.000412"/>
</kw>
<kw name="Log" owner="BuiltIn">
<msg time="2024-04-24T14:14:42.488904" level="INFO">password</msg>
<arg>${keyTwo}</arg>
<doc>Logs the given message with the given level.</doc>
<status status="PASS" start="2024-04-24T14:14:42.488778" elapsed="0.000163"/>
</kw>
<var name="${keyTwo}">password</var>
<status status="PASS" start="2024-04-24T14:14:42.487131" elapsed="0.002022"/>
</iter>
<var>${keyTwo}</var>
<value>@{expected_keysTwo}</value>
<status status="PASS" start="2024-04-24T14:14:42.484889" elapsed="0.004384"/>
</for>
<status status="PASS" start="2024-04-24T14:14:40.774201" elapsed="1.715214"/>
</kw>
<doc>Testa a estrutura da resposta da API.</doc>
<tag>testeEstruturaResposta</tag>
<status status="PASS" start="2024-04-24T14:14:40.773416" elapsed="1.716153"/>
</test>
<test id="s1-s1-t4" name="Validar tipos de dados" line="28">
<kw name="Teste de Tipos de Dados" owner="random-user-service">
<kw name="GET On Session" owner="RequestsLibrary">
<msg time="2024-04-24T14:14:43.407994" level="INFO">GET Request : url=https://randomuser.me/api 
 path_url=/api 
 headers={'User-Agent': 'python-requests/2.31.0', 'Accept-Encoding': 'gzip, deflate', 'Accept': '*/*', 'Connection': 'keep-alive'} 
 body=None 
 </msg>
<msg time="2024-04-24T14:14:43.408104" level="INFO">GET Response : url=https://randomuser.me/api 
 status=200, reason=OK 
 headers={'Date': 'Wed, 24 Apr 2024 14:14:43 GMT', 'Content-Type': 'application/json; charset=utf-8', 'Transfer-Encoding': 'chunked', 'Connection': 'keep-alive', 'X-Powered-By': 'Express', 'Access-Control-Allow-Origin': '*', 'Cache-Control': 'no-cache', 'ETag': 'W/"49e-MRJRNo+GRYKkkAEVGNzvosWf2XY"', 'Vary': 'Accept-Encoding', 'Content-Encoding': 'gzip', 'CF-Cache-Status': 'DYNAMIC', 'Report-To': '{"endpoints":[{"url":"https:\\/\\/a.nel.cloudflare.com\\/report\\/v4?s=opjSPOZe4UTAFmO6jYcbHkmbO78FiwJkXI%2BAKJJQTl0Pr1IJ7hY%2FtJS5V4MHo01BOjUqBu%2B2%2FVdyK2WrXPbykijFYdHD07SRqlleO0eBhB961B5w5bkXq6Bg2WPKuwRa"}],"group":"cf-nel","max_age":604800}', 'NEL': '{"success_fraction":0,"report_to":"cf-nel","max_age":604800}', 'Server': 'cloudflare', 'CF-RAY': '8796b3838f6a874c-IAD', 'alt-svc': 'h3=":443"; ma=86400'} 
 body={"results":[{"gender":"female","name":{"title":"Miss","first":"Sibylle","last":"Decker"},"location":{"street":{"number":2760,"name":"Industriestraße"},"city":"Leinfelden-Echterdingen","state":"Bremen","country":"Germany","postcode":54659,"coordinates":{"latitude":"-49.6294","longitude":"65.7791"},"timezone":{"offset":"+7:00","description":"Bangkok, Hanoi, Jakarta"}},"email":"sibylle.decker@example.com","login":{"uuid":"d22c4774-75f8-4846-b436-3ab7a6e14cef","username":"happyduck669","password":"chen","salt":"u7HItymq","md5":"768eccee0aa39821b35d6b81a3ea9e05","sha1":"62dd5e13c6090e5b4dec62096f20b521b6da284c","sha256":"9a319b11a6a0b6c458aa9853517a8c57cb01a18d97e8c3e63abf63570587b5c2"},"dob":{"date":"1984-09-09T17:23:39.835Z","age":39},"registered":{"date":"2011-08-19T18:10:02.307Z","age":12},"phone":"0480-3789685","cell":"0172-8573964","id":{"name":"SVNR","value":"16 090984 D 686"},"picture":{"large":"https://randomuser.me/api/portraits/women/63.jpg","medium":"https://randomuser.me/api/portraits/med/women/63.jpg","thumbnail":"https://randomuser.me/api/portraits/thumb/women/63.jpg"},"nat":"DE"}],"info":{"seed":"264b6ee4379489ec","results":1,"page":1,"version":"1.4"}} 
 </msg>
<msg time="2024-04-24T14:14:43.408188" level="INFO">/opt/hostedtoolcache/Python/3.12.3/x64/lib/python3.12/site-packages/urllib3/connectionpool.py:1103: InsecureRequestWarning: Unverified HTTPS request is being made to host 'randomuser.me'. Adding certificate verification is strongly advised. See: https://urllib3.readthedocs.io/en/latest/advanced-usage.html#tls-warnings
  warnings.warn(</msg>
<msg time="2024-04-24T14:14:43.408328" level="INFO">${response} = &lt;Response [200]&gt;</msg>
<var>${response}</var>
<arg>consultarAPI</arg>
<arg>/api</arg>
<doc>Sends a GET request on a previously created HTTP Session.</doc>
<status status="PASS" start="2024-04-24T14:14:42.492031" elapsed="0.916324"/>
</kw>
<kw name="Set Variable" owner="BuiltIn">
<msg time="2024-04-24T14:14:43.409479" level="INFO">${json_data} = {'results': [{'gender': 'female', 'name': {'title': 'Miss', 'first': 'Sibylle', 'last': 'Decker'}, 'location': {'street': {'number': 2760, 'name': 'Industriestraße'}, 'city': 'Leinfelden-Echterdingen'...</msg>
<var>${json_data}</var>
<arg>${response.json()}</arg>
<doc>Returns the given values which can then be assigned to a variables.</doc>
<status status="PASS" start="2024-04-24T14:14:43.408918" elapsed="0.000591"/>
</kw>
<kw name="Log" owner="BuiltIn">
<msg time="2024-04-24T14:14:43.410020" level="INFO">{'results': [{'gender': 'female', 'name': {'title': 'Miss', 'first': 'Sibylle', 'last': 'Decker'}, 'location': {'street': {'number': 2760, 'name': 'Industriestraße'}, 'city': 'Leinfelden-Echterdingen', 'state': 'Bremen', 'country': 'Germany', 'postcode': 54659, 'coordinates': {'latitude': '-49.6294', 'longitude': '65.7791'}, 'timezone': {'offset': '+7:00', 'description': 'Bangkok, Hanoi, Jakarta'}}, 'email': 'sibylle.decker@example.com', 'login': {'uuid': 'd22c4774-75f8-4846-b436-3ab7a6e14cef', 'username': 'happyduck669', 'password': 'chen', 'salt': 'u7HItymq', 'md5': '768eccee0aa39821b35d6b81a3ea9e05', 'sha1': '62dd5e13c6090e5b4dec62096f20b521b6da284c', 'sha256': '9a319b11a6a0b6c458aa9853517a8c57cb01a18d97e8c3e63abf63570587b5c2'}, 'dob': {'date': '1984-09-09T17:23:39.835Z', 'age': 39}, 'registered': {'date': '2011-08-19T18:10:02.307Z', 'age': 12}, 'phone': '0480-3789685', 'cell': '0172-8573964', 'id': {'name': 'SVNR', 'value': '16 090984 D 686'}, 'picture': {'large': 'https://randomuser.me/api/portraits/women/63.jpg', 'medium': 'https://randomuser.me/api/portraits/med/women/63.jpg', 'thumbnail': 'https://randomuser.me/api/portraits/thumb/women/63.jpg'}, 'nat': 'DE'}], 'info': {'seed': '264b6ee4379489ec', 'results': 1, 'page': 1, 'version': '1.4'}}</msg>
<arg>${json_data}</arg>
<doc>Logs the given message with the given level.</doc>
<status status="PASS" start="2024-04-24T14:14:43.409842" elapsed="0.000284"/>
</kw>
<kw name="Should Be String" owner="String">
<arg>${json_data['results'][0]['gender']}</arg>
<doc>Fails if the given ``item`` is not a string.</doc>
<status status="PASS" start="2024-04-24T14:14:43.410430" elapsed="0.000361"/>
</kw>
<kw name="Should Match Regexp" owner="BuiltIn">
<arg>${json_data['results'][0]['email']}</arg>
<arg>^[a-zA-Z0-9._%+-]+@[a-zA-Z0-9.-]+\.[a-zA-Z]{2,}$</arg>
<doc>Fails if ``string`` does not match ``pattern`` as a regular expression.</doc>
<status status="PASS" start="2024-04-24T14:14:43.410982" elapsed="0.000581"/>
</kw>
<kw name="Should Match Regexp" owner="BuiltIn">
<arg>${json_data['results'][0]['dob']['date']}</arg>
<arg>\\d{4}-\\d{2}-\\d{2}T\\d{2}:\\d{2}:\\d{2}\\.\\d{3}Z</arg>
<doc>Fails if ``string`` does not match ``pattern`` as a regular expression.</doc>
<status status="PASS" start="2024-04-24T14:14:43.411765" elapsed="0.000501"/>
</kw>
<kw name="Should Match Regexp" owner="BuiltIn">
<arg>${json_data['results'][0]['registered']['date']}</arg>
<arg>\\d{4}-\\d{2}-\\d{2}T\\d{2}:\\d{2}:\\d{2}\\.\\d{3}Z</arg>
<doc>Fails if ``string`` does not match ``pattern`` as a regular expression.</doc>
<status status="PASS" start="2024-04-24T14:14:43.412459" elapsed="0.000380"/>
</kw>
<kw name="Should Match Regexp" owner="BuiltIn">
<arg>${json_data['results'][0]['picture']['large']}</arg>
<arg>^https?://.*\.(?:png|jpe?g|gif|bmp)$</arg>
<doc>Fails if ``string`` does not match ``pattern`` as a regular expression.</doc>
<status status="PASS" start="2024-04-24T14:14:43.413033" elapsed="0.000465"/>
</kw>
<kw name="Should Match Regexp" owner="BuiltIn">
<arg>${json_data['results'][0]['picture']['medium']}</arg>
<arg>^https?://.*\.(?:png|jpe?g|gif|bmp)$</arg>
<doc>Fails if ``string`` does not match ``pattern`` as a regular expression.</doc>
<status status="PASS" start="2024-04-24T14:14:43.413685" elapsed="0.000364"/>
</kw>
<kw name="Should Match Regexp" owner="BuiltIn">
<arg>${json_data['results'][0]['picture']['thumbnail']}</arg>
<arg>^https?://.*\.(?:png|jpe?g|gif|bmp)$</arg>
<doc>Fails if ``string`` does not match ``pattern`` as a regular expression.</doc>
<status status="PASS" start="2024-04-24T14:14:43.414235" elapsed="0.000358"/>
</kw>
<kw name="Log" owner="BuiltIn">
<msg time="2024-04-24T14:14:43.415098" level="INFO">{'large': 'https://randomuser.me/api/portraits/women/63.jpg', 'medium': 'https://randomuser.me/api/portraits/med/women/63.jpg', 'thumbnail': 'https://randomuser.me/api/portraits/thumb/women/63.jpg'}</msg>
<arg>${json_data['results'][0]['picture']}</arg>
<doc>Logs the given message with the given level.</doc>
<status status="PASS" start="2024-04-24T14:14:43.414776" elapsed="0.000363"/>
</kw>
<status status="PASS" start="2024-04-24T14:14:42.491804" elapsed="0.923624"/>
</kw>
<kw name="Teste de Tipos de Dados - Postcode" owner="random-user-service">
<kw name="GET On Session" owner="RequestsLibrary">
<msg time="2024-04-24T14:14:43.800970" level="INFO">GET Request : url=https://randomuser.me/api 
 path_url=/api 
 headers={'User-Agent': 'python-requests/2.31.0', 'Accept-Encoding': 'gzip, deflate', 'Accept': '*/*', 'Connection': 'keep-alive'} 
 body=None 
 </msg>
<msg time="2024-04-24T14:14:43.801074" level="INFO">GET Response : url=https://randomuser.me/api 
 status=200, reason=OK 
 headers={'Date': 'Wed, 24 Apr 2024 14:14:43 GMT', 'Content-Type': 'application/json; charset=utf-8', 'Transfer-Encoding': 'chunked', 'Connection': 'keep-alive', 'X-Powered-By': 'Express', 'Access-Control-Allow-Origin': '*', 'Cache-Control': 'no-cache', 'ETag': 'W/"4a7-YWgngJNCkPRgvaM4yyFB4hR7Rt0"', 'Vary': 'Accept-Encoding', 'Content-Encoding': 'gzip', 'CF-Cache-Status': 'DYNAMIC', 'Report-To': '{"endpoints":[{"url":"https:\\/\\/a.nel.cloudflare.com\\/report\\/v4?s=1pd7UfbnaHIw77sMFzo3Of6MOT26Z9rqvrJu3%2FfeTQxk25PfLIgDH54cqQGs6aWLx2gSHv8b7vpmbHel2eFbbotJTZBQhpvFIo%2Fc32Q4PURji5T5fQEhdCawPnMHAMGh"}],"group":"cf-nel","max_age":604800}', 'NEL': '{"success_fraction":0,"report_to":"cf-nel","max_age":604800}', 'Server': 'cloudflare', 'CF-RAY': '8796b3894f58874c-IAD', 'alt-svc': 'h3=":443"; ma=86400'} 
 body={"results":[{"gender":"male","name":{"title":"Monsieur","first":"Fabrizio","last":"Lefebvre"},"location":{"street":{"number":1203,"name":"Rue des Écoles"},"city":"Kestenholz","state":"Vaud","country":"Switzerland","postcode":1635,"coordinates":{"latitude":"-61.8217","longitude":"-21.0972"},"timezone":{"offset":"+8:00","description":"Beijing, Perth, Singapore, Hong Kong"}},"email":"fabrizio.lefebvre@example.com","login":{"uuid":"48d1b7e8-179c-4266-b86d-54771dcf3998","username":"greenswan403","password":"lifehack","salt":"fELVkyzl","md5":"2a805f11e80c363df97953c03a529ba3","sha1":"70c586f857750f6268d370a684d5796e355211f1","sha256":"32b728e150eed5aa84881fb1570efc53b27973448e6c437bdd4a833f407599ee"},"dob":{"date":"1962-04-11T06:13:39.956Z","age":62},"registered":{"date":"2011-12-31T05:48:37.236Z","age":12},"phone":"079 792 56 52","cell":"078 122 58 61","id":{"name":"AVS","value":"756.5583.6812.38"},"picture":{"large":"https://randomuser.me/api/portraits/men/47.jpg","medium":"https://randomuser.me/api/portraits/med/men/47.jpg","thumbnail":"https://randomuser.me/api/portraits/thumb/men/47.jpg"},"nat":"CH"}],"info":{"seed":"0e59870244f5e7a3","results":1,"page":1,"version":"1.4"}} 
 </msg>
<msg time="2024-04-24T14:14:43.801179" level="INFO">/opt/hostedtoolcache/Python/3.12.3/x64/lib/python3.12/site-packages/urllib3/connectionpool.py:1103: InsecureRequestWarning: Unverified HTTPS request is being made to host 'randomuser.me'. Adding certificate verification is strongly advised. See: https://urllib3.readthedocs.io/en/latest/advanced-usage.html#tls-warnings
  warnings.warn(</msg>
<msg time="2024-04-24T14:14:43.801326" level="INFO">${response} = &lt;Response [200]&gt;</msg>
<var>${response}</var>
<arg>consultarAPI</arg>
<arg>/api</arg>
<doc>Sends a GET request on a previously created HTTP Session.</doc>
<status status="PASS" start="2024-04-24T14:14:43.415899" elapsed="0.385476"/>
</kw>
<kw name="Set Variable" owner="BuiltIn">
<msg time="2024-04-24T14:14:43.802569" level="INFO">${json_data} = {'results': [{'gender': 'male', 'name': {'title': 'Monsieur', 'first': 'Fabrizio', 'last': 'Lefebvre'}, 'location': {'street': {'number': 1203, 'name': 'Rue des Écoles'}, 'city': 'Kestenholz', 'state'...</msg>
<var>${json_data}</var>
<arg>${response.json()}</arg>
<doc>Returns the given values which can then be assigned to a variables.</doc>
<status status="PASS" start="2024-04-24T14:14:43.802016" elapsed="0.000582"/>
</kw>
<kw name="Log" owner="BuiltIn">
<msg time="2024-04-24T14:14:43.803077" level="INFO">{'results': [{'gender': 'male', 'name': {'title': 'Monsieur', 'first': 'Fabrizio', 'last': 'Lefebvre'}, 'location': {'street': {'number': 1203, 'name': 'Rue des Écoles'}, 'city': 'Kestenholz', 'state': 'Vaud', 'country': 'Switzerland', 'postcode': 1635, 'coordinates': {'latitude': '-61.8217', 'longitude': '-21.0972'}, 'timezone': {'offset': '+8:00', 'description': 'Beijing, Perth, Singapore, Hong Kong'}}, 'email': 'fabrizio.lefebvre@example.com', 'login': {'uuid': '48d1b7e8-179c-4266-b86d-54771dcf3998', 'username': 'greenswan403', 'password': 'lifehack', 'salt': 'fELVkyzl', 'md5': '2a805f11e80c363df97953c03a529ba3', 'sha1': '70c586f857750f6268d370a684d5796e355211f1', 'sha256': '32b728e150eed5aa84881fb1570efc53b27973448e6c437bdd4a833f407599ee'}, 'dob': {'date': '1962-04-11T06:13:39.956Z', 'age': 62}, 'registered': {'date': '2011-12-31T05:48:37.236Z', 'age': 12}, 'phone': '079 792 56 52', 'cell': '078 122 58 61', 'id': {'name': 'AVS', 'value': '756.5583.6812.38'}, 'picture': {'large': 'https://randomuser.me/api/portraits/men/47.jpg', 'medium': 'https://randomuser.me/api/portraits/med/men/47.jpg', 'thumbnail': 'https://randomuser.me/api/portraits/thumb/men/47.jpg'}, 'nat': 'CH'}], 'info': {'seed': '0e59870244f5e7a3', 'results': 1, 'page': 1, 'version': '1.4'}}</msg>
<arg>${json_data}</arg>
<doc>Logs the given message with the given level.</doc>
<status status="PASS" start="2024-04-24T14:14:43.802915" elapsed="0.000245"/>
</kw>
<kw name="Should Be Equal As Numbers" owner="BuiltIn">
<arg>${json_data['results'][0]['location']['postcode']}</arg>
<arg>${json_data['results'][0]['location']['postcode']}</arg>
<doc>Fails if objects are unequal after converting them to real numbers.</doc>
<status status="PASS" start="2024-04-24T14:14:43.803697" elapsed="0.000633"/>
</kw>
<kw name="Log" owner="BuiltIn">
<msg time="2024-04-24T14:14:43.804860" level="INFO">1635</msg>
<arg>${json_data['results'][0]['location']['postcode']}</arg>
<doc>Logs the given message with the given level.</doc>
<status status="PASS" start="2024-04-24T14:14:43.804522" elapsed="0.000377"/>
</kw>
<status status="PASS" start="2024-04-24T14:14:43.415659" elapsed="0.389501"/>
</kw>
<doc>Testa se os tipos de dados na resposta da API estão corretos.</doc>
<tag>testeTiposDados</tag>
<status status="PASS" start="2024-04-24T14:14:42.491340" elapsed="1.313986"/>
</test>
<test id="s1-s1-t5" name="Validar conteudo" line="35">
<kw name="Teste de Tipos de Conteudo" owner="random-user-service">
<kw name="GET On Session" owner="RequestsLibrary">
<msg time="2024-04-24T14:14:44.005166" level="INFO">GET Request : url=https://randomuser.me/api 
 path_url=/api 
 headers={'User-Agent': 'python-requests/2.31.0', 'Accept-Encoding': 'gzip, deflate', 'Accept': '*/*', 'Connection': 'keep-alive'} 
 body=None 
 </msg>
<msg time="2024-04-24T14:14:44.005263" level="INFO">GET Response : url=https://randomuser.me/api 
 status=200, reason=OK 
 headers={'Date': 'Wed, 24 Apr 2024 14:14:43 GMT', 'Content-Type': 'application/json; charset=utf-8', 'Transfer-Encoding': 'chunked', 'Connection': 'keep-alive', 'X-Powered-By': 'Express', 'Access-Control-Allow-Origin': '*', 'Cache-Control': 'no-cache', 'ETag': 'W/"495-IA7TQtAx+KJ5pDBSRrOtvbKi6qA"', 'Vary': 'Accept-Encoding', 'Content-Encoding': 'gzip', 'CF-Cache-Status': 'DYNAMIC', 'Report-To': '{"endpoints":[{"url":"https:\\/\\/a.nel.cloudflare.com\\/report\\/v4?s=LEerjUnJz2XR0di3aSZoiPnEh1SuTluImHyDlPYJV7BvVzceak%2FU0b5EtG7%2BDD7a8uPaA6enInFfZwTGENMq4BNhBkxrEyStQK3b8KF97mB1BQxJfm7gbtlzZUyxoLtP"}],"group":"cf-nel","max_age":604800}', 'NEL': '{"success_fraction":0,"report_to":"cf-nel","max_age":604800}', 'Server': 'cloudflare', 'CF-RAY': '8796b38bbb49874c-IAD', 'alt-svc': 'h3=":443"; ma=86400'} 
 body={"results":[{"gender":"female","name":{"title":"Miss","first":"Meral","last":"Gönültaş"},"location":{"street":{"number":6485,"name":"Maçka Cd"},"city":"Zonguldak","state":"Çankırı","country":"Turkey","postcode":92947,"coordinates":{"latitude":"72.2153","longitude":"139.1544"},"timezone":{"offset":"-4:00","description":"Atlantic Time (Canada), Caracas, La Paz"}},"email":"meral.gonultas@example.com","login":{"uuid":"a614abd3-e3ae-4010-ba57-763356db92e9","username":"lazykoala450","password":"flowers","salt":"oP3dfcTO","md5":"8cd118394b80174640af30ec720dae5b","sha1":"795afedb72fa07b5d7d2fba80a0dbb7bd0775e4e","sha256":"003c0e2c104b7ee3c01dcec239e1de48de58bdfb78e91ccb0774a42af09f5923"},"dob":{"date":"1956-06-11T19:04:14.971Z","age":67},"registered":{"date":"2006-05-04T17:10:04.185Z","age":17},"phone":"(387)-619-6871","cell":"(575)-891-9901","id":{"name":"","value":null},"picture":{"large":"https://randomuser.me/api/portraits/women/34.jpg","medium":"https://randomuser.me/api/portraits/med/women/34.jpg","thumbnail":"https://randomuser.me/api/portraits/thumb/women/34.jpg"},"nat":"TR"}],"info":{"seed":"50f0281fad231815","results":1,"page":1,"version":"1.4"}} 
 </msg>
<msg time="2024-04-24T14:14:44.005334" level="INFO">/opt/hostedtoolcache/Python/3.12.3/x64/lib/python3.12/site-packages/urllib3/connectionpool.py:1103: InsecureRequestWarning: Unverified HTTPS request is being made to host 'randomuser.me'. Adding certificate verification is strongly advised. See: https://urllib3.readthedocs.io/en/latest/advanced-usage.html#tls-warnings
  warnings.warn(</msg>
<msg time="2024-04-24T14:14:44.005460" level="INFO">${response} = &lt;Response [200]&gt;</msg>
<var>${response}</var>
<arg>consultarAPI</arg>
<arg>/api</arg>
<doc>Sends a GET request on a previously created HTTP Session.</doc>
<status status="PASS" start="2024-04-24T14:14:43.807881" elapsed="0.197619"/>
</kw>
<kw name="Set Variable" owner="BuiltIn">
<msg time="2024-04-24T14:14:44.006689" level="INFO">${json_data} = {'results': [{'gender': 'female', 'name': {'title': 'Miss', 'first': 'Meral', 'last': 'Gönültaş'}, 'location': {'street': {'number': 6485, 'name': 'Maçka Cd'}, 'city': 'Zonguldak', 'state': 'Çankırı',...</msg>
<var>${json_data}</var>
<arg>${response.json()}</arg>
<doc>Returns the given values which can then be assigned to a variables.</doc>
<status status="PASS" start="2024-04-24T14:14:44.006110" elapsed="0.000616"/>
</kw>
<kw name="Set Variable" owner="BuiltIn">
<msg time="2024-04-24T14:14:44.007486" level="INFO">${name_title} = Miss</msg>
<var>${name_title}</var>
<arg>${json_data["results"][0]["name"]["title"]}</arg>
<doc>Returns the given values which can then be assigned to a variables.</doc>
<status status="PASS" start="2024-04-24T14:14:44.007036" elapsed="0.000476"/>
</kw>
<kw name="Create List" owner="BuiltIn">
<msg time="2024-04-24T14:14:44.007964" level="INFO">${allowed_titles} = ['Mr', 'Ms', 'Miss', 'Mrs', 'Madame', 'Monsieur']</msg>
<var>${allowed_titles}</var>
<arg>Mr</arg>
<arg>Ms</arg>
<arg>Miss</arg>
<arg>Mrs</arg>
<arg>Madame</arg>
<arg>Monsieur</arg>
<doc>Returns a list containing given items.</doc>
<status status="PASS" start="2024-04-24T14:14:44.007816" elapsed="0.000173"/>
</kw>
<kw name="List Should Contain Value" owner="Collections">
<msg time="2024-04-24T14:14:44.008464" level="INFO">False</msg>
<arg>${allowed_titles}</arg>
<arg>${name_title}</arg>
<doc>Fails if the ``value`` is not found from ``list``.</doc>
<status status="PASS" start="2024-04-24T14:14:44.008291" elapsed="0.000209"/>
</kw>
<kw name="Set Variable" owner="BuiltIn">
<msg time="2024-04-24T14:14:44.009172" level="INFO">${name_country} = TR</msg>
<var>${name_country}</var>
<arg>${json_data["results"][0]["nat"]}</arg>
<doc>Returns the given values which can then be assigned to a variables.</doc>
<status status="PASS" start="2024-04-24T14:14:44.008787" elapsed="0.000410"/>
</kw>
<kw name="Create List" owner="BuiltIn">
<msg time="2024-04-24T14:14:44.010081" level="INFO">${list_country} = ['AD', 'AE', 'AF', 'AG', 'AI', 'AL', 'AM', 'AO', 'AQ', 'AR', 'AS', 'AT', 'AU', 'AW', 'AX', 'AZ', 'BA', 'BB', 'BD', 'BE', 'BF', 'BG', 'BH', 'BI', 'BJ', 'BL', 'BM', 'BN', 'BO', 'BQ', 'BR', 'BS', 'BT', '...</msg>
<var>${list_country}</var>
<arg>AD</arg>
<arg>AE</arg>
<arg>AF</arg>
<arg>AG</arg>
<arg>AI</arg>
<arg>AL</arg>
<arg>AM</arg>
<arg>AO</arg>
<arg>AQ</arg>
<arg>AR</arg>
<arg>AS</arg>
<arg>AT</arg>
<arg>AU</arg>
<arg>AW</arg>
<arg>AX</arg>
<arg>AZ</arg>
<arg>BA</arg>
<arg>BB</arg>
<arg>BD</arg>
<arg>BE</arg>
<arg>BF</arg>
<arg>BG</arg>
<arg>BH</arg>
<arg>BI</arg>
<arg>BJ</arg>
<arg>BL</arg>
<arg>BM</arg>
<arg>BN</arg>
<arg>BO</arg>
<arg>BQ</arg>
<arg>BR</arg>
<arg>BS</arg>
<arg>BT</arg>
<arg>BV</arg>
<arg>BW</arg>
<arg>BY</arg>
<arg>BZ</arg>
<arg>CA</arg>
<arg>CC</arg>
<arg>CD</arg>
<arg>CF</arg>
<arg>CG</arg>
<arg>CH</arg>
<arg>CI</arg>
<arg>CK</arg>
<arg>CL</arg>
<arg>CM</arg>
<arg>CN</arg>
<arg>CO</arg>
<arg>CR</arg>
<arg>CU</arg>
<arg>CV</arg>
<arg>CW</arg>
<arg>CX</arg>
<arg>CY</arg>
<arg>CZ</arg>
<arg>DE</arg>
<arg>DJ</arg>
<arg>DK</arg>
<arg>DM</arg>
<arg>DO</arg>
<arg>DZ</arg>
<arg>EC</arg>
<arg>EE</arg>
<arg>EG</arg>
<arg>EH</arg>
<arg>ER</arg>
<arg>ES</arg>
<arg>ET</arg>
<arg>FI</arg>
<arg>FJ</arg>
<arg>FK</arg>
<arg>FM</arg>
<arg>FO</arg>
<arg>FR</arg>
<arg>GA</arg>
<arg>GB</arg>
<arg>GD</arg>
<arg>GE</arg>
<arg>GF</arg>
<arg>GG</arg>
<arg>GH</arg>
<arg>GI</arg>
<arg>GL</arg>
<arg>GM</arg>
<arg>GN</arg>
<arg>GP</arg>
<arg>GQ</arg>
<arg>GR</arg>
<arg>GS</arg>
<arg>GT</arg>
<arg>GU</arg>
<arg>GW</arg>
<arg>GY</arg>
<arg>HK</arg>
<arg>HM</arg>
<arg>HN</arg>
<arg>HR</arg>
<arg>HT</arg>
<arg>HU</arg>
<arg>ID</arg>
<arg>IE</arg>
<arg>IL</arg>
<arg>IM</arg>
<arg>IN</arg>
<arg>IO</arg>
<arg>IQ</arg>
<arg>IR</arg>
<arg>IS</arg>
<arg>IT</arg>
<arg>JE</arg>
<arg>JM</arg>
<arg>JO</arg>
<arg>JP</arg>
<arg>KE</arg>
<arg>KG</arg>
<arg>KH</arg>
<arg>KI</arg>
<arg>KM</arg>
<arg>KN</arg>
<arg>KP</arg>
<arg>KR</arg>
<arg>KW</arg>
<arg>KY</arg>
<arg>KZ</arg>
<arg>LA</arg>
<arg>LB</arg>
<arg>LC</arg>
<arg>LI</arg>
<arg>LK</arg>
<arg>LR</arg>
<arg>LS</arg>
<arg>LT</arg>
<arg>LU</arg>
<arg>LV</arg>
<arg>LY</arg>
<arg>MA</arg>
<arg>MC</arg>
<arg>MD</arg>
<arg>ME</arg>
<arg>MF</arg>
<arg>MG</arg>
<arg>MH</arg>
<arg>MK</arg>
<arg>ML</arg>
<arg>MM</arg>
<arg>MN</arg>
<arg>MO</arg>
<arg>MP</arg>
<arg>MQ</arg>
<arg>MR</arg>
<arg>MS</arg>
<arg>MT</arg>
<arg>MU</arg>
<arg>MV</arg>
<arg>MW</arg>
<arg>MX</arg>
<arg>MY</arg>
<arg>MZ</arg>
<arg>NA</arg>
<arg>NC</arg>
<arg>NE</arg>
<arg>NF</arg>
<arg>NG</arg>
<arg>NI</arg>
<arg>NL</arg>
<arg>NO</arg>
<arg>NP</arg>
<arg>NR</arg>
<arg>NU</arg>
<arg>NZ</arg>
<arg>OM</arg>
<arg>PA</arg>
<arg>PE</arg>
<arg>PF</arg>
<arg>PG</arg>
<arg>PH</arg>
<arg>PK</arg>
<arg>PL</arg>
<arg>PM</arg>
<arg>PN</arg>
<arg>PR</arg>
<arg>PS</arg>
<arg>PT</arg>
<arg>PW</arg>
<arg>PY</arg>
<arg>QA</arg>
<arg>RE</arg>
<arg>RO</arg>
<arg>RS</arg>
<arg>RU</arg>
<arg>RW</arg>
<arg>SA</arg>
<arg>SB</arg>
<arg>SC</arg>
<arg>SD</arg>
<arg>SE</arg>
<arg>SG</arg>
<arg>SH</arg>
<arg>SI</arg>
<arg>SJ</arg>
<arg>SK</arg>
<arg>SL</arg>
<arg>SM</arg>
<arg>SN</arg>
<arg>SO</arg>
<arg>SR</arg>
<arg>SS</arg>
<arg>ST</arg>
<arg>SV</arg>
<arg>SX</arg>
<arg>SY</arg>
<arg>SZ</arg>
<arg>TC</arg>
<arg>TD</arg>
<arg>TF</arg>
<arg>TG</arg>
<arg>TH</arg>
<arg>TJ</arg>
<arg>TK</arg>
<arg>TL</arg>
<arg>TM</arg>
<arg>TN</arg>
<arg>TO</arg>
<arg>TR</arg>
<arg>TT</arg>
<arg>TV</arg>
<arg>TW</arg>
<arg>TZ</arg>
<arg>UA</arg>
<arg>UG</arg>
<arg>UM</arg>
<arg>US</arg>
<arg>UY</arg>
<arg>UZ</arg>
<arg>VA</arg>
<arg>VC</arg>
<arg>VE</arg>
<arg>VG</arg>
<arg>VI</arg>
<arg>VN</arg>
<arg>VU</arg>
<arg>WF</arg>
<arg>WS</arg>
<arg>XK</arg>
<arg>YE</arg>
<arg>YT</arg>
<arg>ZA</arg>
<arg>ZM</arg>
<arg>ZW</arg>
<doc>Returns a list containing given items.</doc>
<status status="PASS" start="2024-04-24T14:14:44.009502" elapsed="0.000604"/>
</kw>
<kw name="List Should Contain Value" owner="Collections">
<msg time="2024-04-24T14:14:44.011104" level="INFO">False</msg>
<arg>${list_country}</arg>
<arg>${name_country}</arg>
<doc>Fails if the ``value`` is not found from ``list``.</doc>
<status status="PASS" start="2024-04-24T14:14:44.010900" elapsed="0.000241"/>
</kw>
<kw name="Run Keyword If" owner="BuiltIn">
<kw name="Should Be True" owner="BuiltIn">
<arg>${True}</arg>
<doc>Fails if the given condition is not true.</doc>
<status status="PASS" start="2024-04-24T14:14:44.012254" elapsed="0.000258"/>
</kw>
<arg>${json_data["results"][0]["location"]["coordinates"]["latitude"]} &gt;= -90 and ${json_data["results"][0]["location"]["coordinates"]["latitude"]} &lt;= 90</arg>
<arg>Should Be True</arg>
<arg>${True}</arg>
<doc>Runs the given keyword with the given arguments, if ``condition`` is true.</doc>
<status status="PASS" start="2024-04-24T14:14:44.011492" elapsed="0.001152"/>
</kw>
<kw name="Run Keyword If" owner="BuiltIn">
<kw name="Should Be True" owner="BuiltIn">
<arg>${True}</arg>
<doc>Fails if the given condition is not true.</doc>
<status status="PASS" start="2024-04-24T14:14:44.013559" elapsed="0.000140"/>
</kw>
<arg>${json_data["results"][0]["location"]["coordinates"]["longitude"]} &gt;= -180 and ${json_data["results"][0]["location"]["coordinates"]["longitude"]} &lt;= 180</arg>
<arg>Should Be True</arg>
<arg>${True}</arg>
<doc>Runs the given keyword with the given arguments, if ``condition`` is true.</doc>
<status status="PASS" start="2024-04-24T14:14:44.012836" elapsed="0.000987"/>
</kw>
<status status="PASS" start="2024-04-24T14:14:43.807651" elapsed="0.206306"/>
</kw>
<doc>Testa o conteúdo específico dos campos retornados pela API.</doc>
<tag>testeConteudo</tag>
<status status="PASS" start="2024-04-24T14:14:43.807087" elapsed="0.207022"/>
</test>
<status status="PASS" start="2024-04-24T14:14:36.171604" elapsed="7.844550"/>
</suite>
<status status="PASS" start="2024-04-24T14:14:36.157777" elapsed="7.863549"/>
</suite>
<statistics>
<total>
<stat pass="5" fail="0" skip="0">All Tests</stat>
</total>
<tag>
<stat pass="1" fail="0" skip="0">testeConteudo</stat>
<stat pass="1" fail="0" skip="0">testeEstruturaResposta</stat>
<stat pass="1" fail="0" skip="0">testeRequisicaoBasica</stat>
<stat pass="1" fail="0" skip="0">testeTiposDados</stat>
</tag>
<suite>
<stat pass="5" fail="0" skip="0" id="s1" name="Tests">Tests</stat>
<stat pass="5" fail="0" skip="0" id="s1-s1" name="Random-User-Test">Tests.Random-User-Test</stat>
</suite>
</statistics>
<errors>
</errors>
</robot>
