<?xml version="1.0" encoding="UTF-8"?>
<robot generator="Robot 7.0.1 (Python 3.12.4 on linux)" generated="2024-06-27T12:28:49.175323" rpa="false" schemaversion="5">
<suite id="s1" name="Tests" source="/home/runner/work/ApiRandomUser/ApiRandomUser/RamdonUser/tests">
<suite id="s1-s1" name="Random-User-Test" source="/home/runner/work/ApiRandomUser/ApiRandomUser/RamdonUser/tests/random-user-test.robot">
<test id="s1-s1-t1" name="Conectar" line="13">
<kw name="Conectar API" owner="random-user-service">
<kw name="Create Session" owner="RequestsLibrary">
<msg time="2024-06-27T12:28:49.638482" level="INFO">Creating Session using : alias=consultarAPI, url=https://randomuser.me/, headers={},                     cookies={}, auth=None, timeout=None, proxies=None, verify=False,                     debug=0 </msg>
<arg>consultarAPI</arg>
<arg>${URL}</arg>
<doc>Create Session: create a HTTP session to a server</doc>
<status status="PASS" start="2024-06-27T12:28:49.638263" elapsed="0.000408"/>
</kw>
<status status="PASS" start="2024-06-27T12:28:49.637244" elapsed="0.001796"/>
</kw>
<status status="PASS" start="2024-06-27T12:28:49.636603" elapsed="0.002636"/>
</test>
<test id="s1-s1-t2" name="Validar retorno 200 e JSON Válido" line="16">
<kw name="Teste de Requisicao Basica" owner="random-user-service">
<kw name="GET On Session" owner="RequestsLibrary">
<msg time="2024-06-27T12:28:49.973992" level="INFO">GET Request : url=https://randomuser.me/api 
 path_url=/api 
 headers={'User-Agent': 'python-requests/2.32.3', 'Accept-Encoding': 'gzip, deflate', 'Accept': '*/*', 'Connection': 'keep-alive'} 
 body=None 
 </msg>
<msg time="2024-06-27T12:28:49.974146" level="INFO">GET Response : url=https://randomuser.me/api 
 status=200, reason=OK 
 headers={'Date': 'Thu, 27 Jun 2024 12:28:49 GMT', 'Content-Type': 'application/json; charset=utf-8', 'Transfer-Encoding': 'chunked', 'Connection': 'keep-alive', 'X-Powered-By': 'Express', 'Access-Control-Allow-Origin': '*', 'Cache-Control': 'no-cache', 'ETag': 'W/"480-P2UTONQ9uT4W1vd8EQKe3GJuu4k"', 'Vary': 'Accept-Encoding', 'Content-Encoding': 'gzip', 'CF-Cache-Status': 'DYNAMIC', 'Report-To': '{"endpoints":[{"url":"https:\\/\\/a.nel.cloudflare.com\\/report\\/v4?s=%2FRKSincBpPndqXPW41ikTO8GDGHs9lxbtGRwfxHMBnFg8lm44sCRLV58VARJoNy7t4BmdSMklc6jdo7hEbbVqjeJ6yxaPxmF5js5t5kS6zECEerREeYab515OBeyjiIl"}],"group":"cf-nel","max_age":604800}', 'NEL': '{"success_fraction":0,"report_to":"cf-nel","max_age":604800}', 'Server': 'cloudflare', 'CF-RAY': '89a5706bb9fe08c4-LAX', 'alt-svc': 'h3=":443"; ma=86400'} 
 body={"results":[{"gender":"male","name":{"title":"Mr","first":"Karl","last":"Grant"},"location":{"street":{"number":7469,"name":"Woodland St"},"city":"Toowoomba","state":"Northern Territory","country":"Australia","postcode":6141,"coordinates":{"latitude":"-88.1760","longitude":"-67.6580"},"timezone":{"offset":"+6:00","description":"Almaty, Dhaka, Colombo"}},"email":"karl.grant@example.com","login":{"uuid":"95cbfd53-b011-4a3c-aaf1-30b719125e9e","username":"yellowcat280","password":"nanook","salt":"RbdhPmXP","md5":"e5929b3816f2f391174f75a7fc3d23fb","sha1":"b78249eab1e315172ceb1115ce9fa46b8686770f","sha256":"d71428d7b2546453dec68829d7dbca0a94ee4736412f2fc8a641a319aa80d31e"},"dob":{"date":"1948-02-16T06:27:20.205Z","age":76},"registered":{"date":"2017-03-12T05:16:39.286Z","age":7},"phone":"01-6113-8589","cell":"0476-160-773","id":{"name":"TFN","value":"242178230"},"picture":{"large":"https://randomuser.me/api/portraits/men/48.jpg","medium":"https://randomuser.me/api/portraits/med/men/48.jpg","thumbnail":"https://randomuser.me/api/portraits/thumb/men/48.jpg"},"nat":"AU"}],"info":{"seed":"a1deb08f240ce3f7","results":1,"page":1,"version":"1.4"}} 
 </msg>
<msg time="2024-06-27T12:28:49.974262" level="INFO">/opt/hostedtoolcache/Python/3.12.4/x64/lib/python3.12/site-packages/urllib3/connectionpool.py:1099: InsecureRequestWarning: Unverified HTTPS request is being made to host 'randomuser.me'. Adding certificate verification is strongly advised. See: https://urllib3.readthedocs.io/en/latest/advanced-usage.html#tls-warnings
  warnings.warn(</msg>
<msg time="2024-06-27T12:28:49.974406" level="INFO">${response} = &lt;Response [200]&gt;</msg>
<var>${response}</var>
<arg>consultarAPI</arg>
<arg>/api</arg>
<doc>Sends a GET request on a previously created HTTP Session.</doc>
<status status="PASS" start="2024-06-27T12:28:49.641913" elapsed="0.332535"/>
</kw>
<kw name="Should Be Equal As Numbers" owner="BuiltIn">
<msg time="2024-06-27T12:28:49.975619" level="INFO">Argument types are:
&lt;class 'int'&gt;
&lt;class 'str'&gt;</msg>
<arg>${response.status_code}</arg>
<arg>200</arg>
<doc>Fails if objects are unequal after converting them to real numbers.</doc>
<status status="PASS" start="2024-06-27T12:28:49.975112" elapsed="0.000572"/>
</kw>
<kw name="Log" owner="BuiltIn">
<msg time="2024-06-27T12:28:49.976358" level="INFO">200</msg>
<arg>${response.status_code}</arg>
<doc>Logs the given message with the given level.</doc>
<status status="PASS" start="2024-06-27T12:28:49.976008" elapsed="0.000391"/>
</kw>
<kw name="Set Variable" owner="BuiltIn">
<msg time="2024-06-27T12:28:49.977125" level="INFO">${json_data} = {'results': [{'gender': 'male', 'name': {'title': 'Mr', 'first': 'Karl', 'last': 'Grant'}, 'location': {'street': {'number': 7469, 'name': 'Woodland St'}, 'city': 'Toowoomba', 'state': 'Northern Terri...</msg>
<var>${json_data}</var>
<arg>${response.json()}</arg>
<doc>Returns the given values which can then be assigned to a variables.</doc>
<status status="PASS" start="2024-06-27T12:28:49.976702" elapsed="0.000452"/>
</kw>
<kw name="Dictionary Should Contain Key" owner="Collections">
<arg>${json_data}</arg>
<arg>results</arg>
<doc>Fails if ``key`` is not found from ``dictionary``.</doc>
<status status="PASS" start="2024-06-27T12:28:49.977459" elapsed="0.000167"/>
</kw>
<status status="PASS" start="2024-06-27T12:28:49.641656" elapsed="0.336134"/>
</kw>
<doc>Testa se a API responde corretamente e retorna um objeto JSON válido.</doc>
<tag>testeRequisicaoBasica</tag>
<status status="PASS" start="2024-06-27T12:28:49.641105" elapsed="0.336862"/>
</test>
<test id="s1-s1-t3" name="Validar estrutura de resposta" line="22">
<kw name="Teste de Estrutura de Resposta" owner="random-user-service">
<kw name="GET On Session" owner="RequestsLibrary">
<msg time="2024-06-27T12:28:50.085451" level="INFO">GET Request : url=https://randomuser.me/api 
 path_url=/api 
 headers={'User-Agent': 'python-requests/2.32.3', 'Accept-Encoding': 'gzip, deflate', 'Accept': '*/*', 'Connection': 'keep-alive'} 
 body=None 
 </msg>
<msg time="2024-06-27T12:28:50.085567" level="INFO">GET Response : url=https://randomuser.me/api 
 status=200, reason=OK 
 headers={'Date': 'Thu, 27 Jun 2024 12:28:50 GMT', 'Content-Type': 'application/json; charset=utf-8', 'Transfer-Encoding': 'chunked', 'Connection': 'keep-alive', 'X-Powered-By': 'Express', 'Access-Control-Allow-Origin': '*', 'Cache-Control': 'no-cache', 'ETag': 'W/"490-+LkVFE6klc/vLZwfAMmURHf/gGU"', 'Vary': 'Accept-Encoding', 'Content-Encoding': 'gzip', 'CF-Cache-Status': 'DYNAMIC', 'Report-To': '{"endpoints":[{"url":"https:\\/\\/a.nel.cloudflare.com\\/report\\/v4?s=nIE4PwCTBFwSvitQjOVLsXO0tuVL%2BEgvrUl7DzS9ifNy3gm8Ug2nJZXR9LCLsOKKuI6DlMm0BNHXhxWVIp9tf%2FYzRHiDoc3YjTZjh8FIXzAMxl5KsLHRAzpQnm0Cjf6r"}],"group":"cf-nel","max_age":604800}', 'NEL': '{"success_fraction":0,"report_to":"cf-nel","max_age":604800}', 'Server': 'cloudflare', 'CF-RAY': '89a5706c6aad08c4-LAX', 'alt-svc': 'h3=":443"; ma=86400'} 
 body={"results":[{"gender":"male","name":{"title":"Mr","first":"Otto","last":"Rantanen"},"location":{"street":{"number":1286,"name":"Bulevardi"},"city":"Kimitoön","state":"Ostrobothnia","country":"Finland","postcode":44260,"coordinates":{"latitude":"-23.1607","longitude":"-107.4803"},"timezone":{"offset":"+4:00","description":"Abu Dhabi, Muscat, Baku, Tbilisi"}},"email":"otto.rantanen@example.com","login":{"uuid":"bca20476-ab1c-4b49-8db5-662fa5c3ad8b","username":"sadgoose479","password":"slater","salt":"NSfVTsMF","md5":"9bd2653f0d26f6ccc94a29935350968b","sha1":"021bc8d70f24a007fb685c0a0a1cdbfc5266df12","sha256":"5a8a5f75af1489b3ff19c1f22b2ae86b0115bd4fe035da6d7efb3bdcff3c2277"},"dob":{"date":"1967-12-01T13:58:32.801Z","age":56},"registered":{"date":"2005-03-17T12:59:19.084Z","age":19},"phone":"07-372-685","cell":"047-389-52-32","id":{"name":"HETU","value":"NaNNA869undefined"},"picture":{"large":"https://randomuser.me/api/portraits/men/97.jpg","medium":"https://randomuser.me/api/portraits/med/men/97.jpg","thumbnail":"https://randomuser.me/api/portraits/thumb/men/97.jpg"},"nat":"FI"}],"info":{"seed":"6715c310c9173275","results":1,"page":1,"version":"1.4"}} 
 </msg>
<msg time="2024-06-27T12:28:50.085728" level="INFO">/opt/hostedtoolcache/Python/3.12.4/x64/lib/python3.12/site-packages/urllib3/connectionpool.py:1099: InsecureRequestWarning: Unverified HTTPS request is being made to host 'randomuser.me'. Adding certificate verification is strongly advised. See: https://urllib3.readthedocs.io/en/latest/advanced-usage.html#tls-warnings
  warnings.warn(</msg>
<msg time="2024-06-27T12:28:50.085890" level="INFO">${response} = &lt;Response [200]&gt;</msg>
<var>${response}</var>
<arg>consultarAPI</arg>
<arg>/api</arg>
<doc>Sends a GET request on a previously created HTTP Session.</doc>
<status status="PASS" start="2024-06-27T12:28:49.980661" elapsed="0.105280"/>
</kw>
<kw name="Set Variable" owner="BuiltIn">
<msg time="2024-06-27T12:28:50.087171" level="INFO">${json_data} = {'results': [{'gender': 'male', 'name': {'title': 'Mr', 'first': 'Otto', 'last': 'Rantanen'}, 'location': {'street': {'number': 1286, 'name': 'Bulevardi'}, 'city': 'Kimitoön', 'state': 'Ostrobothnia',...</msg>
<var>${json_data}</var>
<arg>${response.json()}</arg>
<doc>Returns the given values which can then be assigned to a variables.</doc>
<status status="PASS" start="2024-06-27T12:28:50.086602" elapsed="0.000599"/>
</kw>
<kw name="Log" owner="BuiltIn">
<msg time="2024-06-27T12:28:50.087677" level="INFO">{'results': [{'gender': 'male', 'name': {'title': 'Mr', 'first': 'Otto', 'last': 'Rantanen'}, 'location': {'street': {'number': 1286, 'name': 'Bulevardi'}, 'city': 'Kimitoön', 'state': 'Ostrobothnia', 'country': 'Finland', 'postcode': 44260, 'coordinates': {'latitude': '-23.1607', 'longitude': '-107.4803'}, 'timezone': {'offset': '+4:00', 'description': 'Abu Dhabi, Muscat, Baku, Tbilisi'}}, 'email': 'otto.rantanen@example.com', 'login': {'uuid': 'bca20476-ab1c-4b49-8db5-662fa5c3ad8b', 'username': 'sadgoose479', 'password': 'slater', 'salt': 'NSfVTsMF', 'md5': '9bd2653f0d26f6ccc94a29935350968b', 'sha1': '021bc8d70f24a007fb685c0a0a1cdbfc5266df12', 'sha256': '5a8a5f75af1489b3ff19c1f22b2ae86b0115bd4fe035da6d7efb3bdcff3c2277'}, 'dob': {'date': '1967-12-01T13:58:32.801Z', 'age': 56}, 'registered': {'date': '2005-03-17T12:59:19.084Z', 'age': 19}, 'phone': '07-372-685', 'cell': '047-389-52-32', 'id': {'name': 'HETU', 'value': 'NaNNA869undefined'}, 'picture': {'large': 'https://randomuser.me/api/portraits/men/97.jpg', 'medium': 'https://randomuser.me/api/portraits/med/men/97.jpg', 'thumbnail': 'https://randomuser.me/api/portraits/thumb/men/97.jpg'}, 'nat': 'FI'}], 'info': {'seed': '6715c310c9173275', 'results': 1, 'page': 1, 'version': '1.4'}}</msg>
<arg>${json_data}</arg>
<doc>Logs the given message with the given level.</doc>
<status status="PASS" start="2024-06-27T12:28:50.087513" elapsed="0.000214"/>
</kw>
<kw name="Dictionary Should Contain Key" owner="Collections">
<arg>${json_data}</arg>
<arg>results</arg>
<doc>Fails if ``key`` is not found from ``dictionary``.</doc>
<status status="PASS" start="2024-06-27T12:28:50.088019" elapsed="0.000161"/>
</kw>
<kw name="Should Not Be Empty" owner="BuiltIn">
<msg time="2024-06-27T12:28:50.088500" level="INFO">Length is 2.</msg>
<arg>${json_data}</arg>
<doc>Verifies that the given item is not empty.</doc>
<status status="PASS" start="2024-06-27T12:28:50.088369" elapsed="0.000170"/>
</kw>
<kw name="Create List" owner="BuiltIn">
<msg time="2024-06-27T12:28:50.088985" level="INFO">${expected_keys} = ['gender', 'name', 'location', 'email', 'login']</msg>
<var>${expected_keys}</var>
<arg>gender</arg>
<arg>name</arg>
<arg>location</arg>
<arg>email</arg>
<arg>login</arg>
<doc>Returns a list containing given items.</doc>
<status status="PASS" start="2024-06-27T12:28:50.088832" elapsed="0.000178"/>
</kw>
<for flavor="IN">
<iter>
<kw name="Dictionary Should Contain Key" owner="Collections">
<arg>${json_data['results'][0]}</arg>
<arg>${key}</arg>
<doc>Fails if ``key`` is not found from ``dictionary``.</doc>
<status status="PASS" start="2024-06-27T12:28:50.089763" elapsed="0.000446"/>
</kw>
<kw name="Log" owner="BuiltIn">
<msg time="2024-06-27T12:28:50.090780" level="INFO">{'gender': 'male', 'name': {'title': 'Mr', 'first': 'Otto', 'last': 'Rantanen'}, 'location': {'street': {'number': 1286, 'name': 'Bulevardi'}, 'city': 'Kimitoön', 'state': 'Ostrobothnia', 'country': 'Finland', 'postcode': 44260, 'coordinates': {'latitude': '-23.1607', 'longitude': '-107.4803'}, 'timezone': {'offset': '+4:00', 'description': 'Abu Dhabi, Muscat, Baku, Tbilisi'}}, 'email': 'otto.rantanen@example.com', 'login': {'uuid': 'bca20476-ab1c-4b49-8db5-662fa5c3ad8b', 'username': 'sadgoose479', 'password': 'slater', 'salt': 'NSfVTsMF', 'md5': '9bd2653f0d26f6ccc94a29935350968b', 'sha1': '021bc8d70f24a007fb685c0a0a1cdbfc5266df12', 'sha256': '5a8a5f75af1489b3ff19c1f22b2ae86b0115bd4fe035da6d7efb3bdcff3c2277'}, 'dob': {'date': '1967-12-01T13:58:32.801Z', 'age': 56}, 'registered': {'date': '2005-03-17T12:59:19.084Z', 'age': 19}, 'phone': '07-372-685', 'cell': '047-389-52-32', 'id': {'name': 'HETU', 'value': 'NaNNA869undefined'}, 'picture': {'large': 'https://randomuser.me/api/portraits/men/97.jpg', 'medium': 'https://randomuser.me/api/portraits/med/men/97.jpg', 'thumbnail': 'https://randomuser.me/api/portraits/thumb/men/97.jpg'}, 'nat': 'FI'}</msg>
<arg>${json_data['results'][0]}</arg>
<doc>Logs the given message with the given level.</doc>
<status status="PASS" start="2024-06-27T12:28:50.090410" elapsed="0.000421"/>
</kw>
<kw name="Log" owner="BuiltIn">
<msg time="2024-06-27T12:28:50.091281" level="INFO">gender</msg>
<arg>${key}</arg>
<doc>Logs the given message with the given level.</doc>
<status status="PASS" start="2024-06-27T12:28:50.091152" elapsed="0.000166"/>
</kw>
<var name="${key}">gender</var>
<status status="PASS" start="2024-06-27T12:28:50.089639" elapsed="0.001891"/>
</iter>
<iter>
<kw name="Dictionary Should Contain Key" owner="Collections">
<arg>${json_data['results'][0]}</arg>
<arg>${key}</arg>
<doc>Fails if ``key`` is not found from ``dictionary``.</doc>
<status status="PASS" start="2024-06-27T12:28:50.091826" elapsed="0.000380"/>
</kw>
<kw name="Log" owner="BuiltIn">
<msg time="2024-06-27T12:28:50.092729" level="INFO">{'gender': 'male', 'name': {'title': 'Mr', 'first': 'Otto', 'last': 'Rantanen'}, 'location': {'street': {'number': 1286, 'name': 'Bulevardi'}, 'city': 'Kimitoön', 'state': 'Ostrobothnia', 'country': 'Finland', 'postcode': 44260, 'coordinates': {'latitude': '-23.1607', 'longitude': '-107.4803'}, 'timezone': {'offset': '+4:00', 'description': 'Abu Dhabi, Muscat, Baku, Tbilisi'}}, 'email': 'otto.rantanen@example.com', 'login': {'uuid': 'bca20476-ab1c-4b49-8db5-662fa5c3ad8b', 'username': 'sadgoose479', 'password': 'slater', 'salt': 'NSfVTsMF', 'md5': '9bd2653f0d26f6ccc94a29935350968b', 'sha1': '021bc8d70f24a007fb685c0a0a1cdbfc5266df12', 'sha256': '5a8a5f75af1489b3ff19c1f22b2ae86b0115bd4fe035da6d7efb3bdcff3c2277'}, 'dob': {'date': '1967-12-01T13:58:32.801Z', 'age': 56}, 'registered': {'date': '2005-03-17T12:59:19.084Z', 'age': 19}, 'phone': '07-372-685', 'cell': '047-389-52-32', 'id': {'name': 'HETU', 'value': 'NaNNA869undefined'}, 'picture': {'large': 'https://randomuser.me/api/portraits/men/97.jpg', 'medium': 'https://randomuser.me/api/portraits/med/men/97.jpg', 'thumbnail': 'https://randomuser.me/api/portraits/thumb/men/97.jpg'}, 'nat': 'FI'}</msg>
<arg>${json_data['results'][0]}</arg>
<doc>Logs the given message with the given level.</doc>
<status status="PASS" start="2024-06-27T12:28:50.092383" elapsed="0.000427"/>
</kw>
<kw name="Log" owner="BuiltIn">
<msg time="2024-06-27T12:28:50.093235" level="INFO">name</msg>
<arg>${key}</arg>
<doc>Logs the given message with the given level.</doc>
<status status="PASS" start="2024-06-27T12:28:50.093106" elapsed="0.000166"/>
</kw>
<var name="${key}">name</var>
<status status="PASS" start="2024-06-27T12:28:50.091715" elapsed="0.001786"/>
</iter>
<iter>
<kw name="Dictionary Should Contain Key" owner="Collections">
<arg>${json_data['results'][0]}</arg>
<arg>${key}</arg>
<doc>Fails if ``key`` is not found from ``dictionary``.</doc>
<status status="PASS" start="2024-06-27T12:28:50.093785" elapsed="0.000379"/>
</kw>
<kw name="Log" owner="BuiltIn">
<msg time="2024-06-27T12:28:50.094741" level="INFO">{'gender': 'male', 'name': {'title': 'Mr', 'first': 'Otto', 'last': 'Rantanen'}, 'location': {'street': {'number': 1286, 'name': 'Bulevardi'}, 'city': 'Kimitoön', 'state': 'Ostrobothnia', 'country': 'Finland', 'postcode': 44260, 'coordinates': {'latitude': '-23.1607', 'longitude': '-107.4803'}, 'timezone': {'offset': '+4:00', 'description': 'Abu Dhabi, Muscat, Baku, Tbilisi'}}, 'email': 'otto.rantanen@example.com', 'login': {'uuid': 'bca20476-ab1c-4b49-8db5-662fa5c3ad8b', 'username': 'sadgoose479', 'password': 'slater', 'salt': 'NSfVTsMF', 'md5': '9bd2653f0d26f6ccc94a29935350968b', 'sha1': '021bc8d70f24a007fb685c0a0a1cdbfc5266df12', 'sha256': '5a8a5f75af1489b3ff19c1f22b2ae86b0115bd4fe035da6d7efb3bdcff3c2277'}, 'dob': {'date': '1967-12-01T13:58:32.801Z', 'age': 56}, 'registered': {'date': '2005-03-17T12:59:19.084Z', 'age': 19}, 'phone': '07-372-685', 'cell': '047-389-52-32', 'id': {'name': 'HETU', 'value': 'NaNNA869undefined'}, 'picture': {'large': 'https://randomuser.me/api/portraits/men/97.jpg', 'medium': 'https://randomuser.me/api/portraits/med/men/97.jpg', 'thumbnail': 'https://randomuser.me/api/portraits/thumb/men/97.jpg'}, 'nat': 'FI'}</msg>
<arg>${json_data['results'][0]}</arg>
<doc>Logs the given message with the given level.</doc>
<status status="PASS" start="2024-06-27T12:28:50.094386" elapsed="0.000403"/>
</kw>
<kw name="Log" owner="BuiltIn">
<msg time="2024-06-27T12:28:50.095219" level="INFO">location</msg>
<arg>${key}</arg>
<doc>Logs the given message with the given level.</doc>
<status status="PASS" start="2024-06-27T12:28:50.095090" elapsed="0.000165"/>
</kw>
<var name="${key}">location</var>
<status status="PASS" start="2024-06-27T12:28:50.093677" elapsed="0.001790"/>
</iter>
<iter>
<kw name="Dictionary Should Contain Key" owner="Collections">
<arg>${json_data['results'][0]}</arg>
<arg>${key}</arg>
<doc>Fails if ``key`` is not found from ``dictionary``.</doc>
<status status="PASS" start="2024-06-27T12:28:50.095740" elapsed="0.000383"/>
</kw>
<kw name="Log" owner="BuiltIn">
<msg time="2024-06-27T12:28:50.096667" level="INFO">{'gender': 'male', 'name': {'title': 'Mr', 'first': 'Otto', 'last': 'Rantanen'}, 'location': {'street': {'number': 1286, 'name': 'Bulevardi'}, 'city': 'Kimitoön', 'state': 'Ostrobothnia', 'country': 'Finland', 'postcode': 44260, 'coordinates': {'latitude': '-23.1607', 'longitude': '-107.4803'}, 'timezone': {'offset': '+4:00', 'description': 'Abu Dhabi, Muscat, Baku, Tbilisi'}}, 'email': 'otto.rantanen@example.com', 'login': {'uuid': 'bca20476-ab1c-4b49-8db5-662fa5c3ad8b', 'username': 'sadgoose479', 'password': 'slater', 'salt': 'NSfVTsMF', 'md5': '9bd2653f0d26f6ccc94a29935350968b', 'sha1': '021bc8d70f24a007fb685c0a0a1cdbfc5266df12', 'sha256': '5a8a5f75af1489b3ff19c1f22b2ae86b0115bd4fe035da6d7efb3bdcff3c2277'}, 'dob': {'date': '1967-12-01T13:58:32.801Z', 'age': 56}, 'registered': {'date': '2005-03-17T12:59:19.084Z', 'age': 19}, 'phone': '07-372-685', 'cell': '047-389-52-32', 'id': {'name': 'HETU', 'value': 'NaNNA869undefined'}, 'picture': {'large': 'https://randomuser.me/api/portraits/men/97.jpg', 'medium': 'https://randomuser.me/api/portraits/med/men/97.jpg', 'thumbnail': 'https://randomuser.me/api/portraits/thumb/men/97.jpg'}, 'nat': 'FI'}</msg>
<arg>${json_data['results'][0]}</arg>
<doc>Logs the given message with the given level.</doc>
<status status="PASS" start="2024-06-27T12:28:50.096308" elapsed="0.000408"/>
</kw>
<kw name="Log" owner="BuiltIn">
<msg time="2024-06-27T12:28:50.097139" level="INFO">email</msg>
<arg>${key}</arg>
<doc>Logs the given message with the given level.</doc>
<status status="PASS" start="2024-06-27T12:28:50.097013" elapsed="0.000163"/>
</kw>
<var name="${key}">email</var>
<status status="PASS" start="2024-06-27T12:28:50.095634" elapsed="0.001761"/>
</iter>
<iter>
<kw name="Dictionary Should Contain Key" owner="Collections">
<arg>${json_data['results'][0]}</arg>
<arg>${key}</arg>
<doc>Fails if ``key`` is not found from ``dictionary``.</doc>
<status status="PASS" start="2024-06-27T12:28:50.097672" elapsed="0.000382"/>
</kw>
<kw name="Log" owner="BuiltIn">
<msg time="2024-06-27T12:28:50.098632" level="INFO">{'gender': 'male', 'name': {'title': 'Mr', 'first': 'Otto', 'last': 'Rantanen'}, 'location': {'street': {'number': 1286, 'name': 'Bulevardi'}, 'city': 'Kimitoön', 'state': 'Ostrobothnia', 'country': 'Finland', 'postcode': 44260, 'coordinates': {'latitude': '-23.1607', 'longitude': '-107.4803'}, 'timezone': {'offset': '+4:00', 'description': 'Abu Dhabi, Muscat, Baku, Tbilisi'}}, 'email': 'otto.rantanen@example.com', 'login': {'uuid': 'bca20476-ab1c-4b49-8db5-662fa5c3ad8b', 'username': 'sadgoose479', 'password': 'slater', 'salt': 'NSfVTsMF', 'md5': '9bd2653f0d26f6ccc94a29935350968b', 'sha1': '021bc8d70f24a007fb685c0a0a1cdbfc5266df12', 'sha256': '5a8a5f75af1489b3ff19c1f22b2ae86b0115bd4fe035da6d7efb3bdcff3c2277'}, 'dob': {'date': '1967-12-01T13:58:32.801Z', 'age': 56}, 'registered': {'date': '2005-03-17T12:59:19.084Z', 'age': 19}, 'phone': '07-372-685', 'cell': '047-389-52-32', 'id': {'name': 'HETU', 'value': 'NaNNA869undefined'}, 'picture': {'large': 'https://randomuser.me/api/portraits/men/97.jpg', 'medium': 'https://randomuser.me/api/portraits/med/men/97.jpg', 'thumbnail': 'https://randomuser.me/api/portraits/thumb/men/97.jpg'}, 'nat': 'FI'}</msg>
<arg>${json_data['results'][0]}</arg>
<doc>Logs the given message with the given level.</doc>
<status status="PASS" start="2024-06-27T12:28:50.098263" elapsed="0.000427"/>
</kw>
<kw name="Log" owner="BuiltIn">
<msg time="2024-06-27T12:28:50.099103" level="INFO">login</msg>
<arg>${key}</arg>
<doc>Logs the given message with the given level.</doc>
<status status="PASS" start="2024-06-27T12:28:50.098979" elapsed="0.000161"/>
</kw>
<var name="${key}">login</var>
<status status="PASS" start="2024-06-27T12:28:50.097562" elapsed="0.001794"/>
</iter>
<var>${key}</var>
<value>@{expected_keys}</value>
<status status="PASS" start="2024-06-27T12:28:50.089438" elapsed="0.010037"/>
</for>
<kw name="Create List" owner="BuiltIn">
<msg time="2024-06-27T12:28:50.099799" level="INFO">${expected_keysTwo} = ['username', 'password']</msg>
<var>${expected_keysTwo}</var>
<arg>username</arg>
<arg>password</arg>
<doc>Returns a list containing given items.</doc>
<status status="PASS" start="2024-06-27T12:28:50.099666" elapsed="0.000186"/>
</kw>
<for flavor="IN">
<iter>
<kw name="Dictionary Should Contain Key" owner="Collections">
<arg>${json_data['results'][0]['login']}</arg>
<arg>${keyTwo}</arg>
<doc>Fails if ``key`` is not found from ``dictionary``.</doc>
<status status="PASS" start="2024-06-27T12:28:50.100351" elapsed="0.000388"/>
</kw>
<kw name="Dictionary Should Contain Key" owner="Collections">
<arg>${json_data['results'][0]['login']}</arg>
<arg>${keyTwo}</arg>
<doc>Fails if ``key`` is not found from ``dictionary``.</doc>
<status status="PASS" start="2024-06-27T12:28:50.100916" elapsed="0.000364"/>
</kw>
<kw name="Log" owner="BuiltIn">
<msg time="2024-06-27T12:28:50.101583" level="INFO">username</msg>
<arg>${keyTwo}</arg>
<doc>Logs the given message with the given level.</doc>
<status status="PASS" start="2024-06-27T12:28:50.101461" elapsed="0.000159"/>
</kw>
<var name="${keyTwo}">username</var>
<status status="PASS" start="2024-06-27T12:28:50.100246" elapsed="0.001589"/>
</iter>
<iter>
<kw name="Dictionary Should Contain Key" owner="Collections">
<arg>${json_data['results'][0]['login']}</arg>
<arg>${keyTwo}</arg>
<doc>Fails if ``key`` is not found from ``dictionary``.</doc>
<status status="PASS" start="2024-06-27T12:28:50.102106" elapsed="0.000432"/>
</kw>
<kw name="Dictionary Should Contain Key" owner="Collections">
<arg>${json_data['results'][0]['login']}</arg>
<arg>${keyTwo}</arg>
<doc>Fails if ``key`` is not found from ``dictionary``.</doc>
<status status="PASS" start="2024-06-27T12:28:50.102715" elapsed="0.000370"/>
</kw>
<kw name="Log" owner="BuiltIn">
<msg time="2024-06-27T12:28:50.103379" level="INFO">password</msg>
<arg>${keyTwo}</arg>
<doc>Logs the given message with the given level.</doc>
<status status="PASS" start="2024-06-27T12:28:50.103260" elapsed="0.000160"/>
</kw>
<var name="${keyTwo}">password</var>
<status status="PASS" start="2024-06-27T12:28:50.102002" elapsed="0.001637"/>
</iter>
<var>${keyTwo}</var>
<value>@{expected_keysTwo}</value>
<status status="PASS" start="2024-06-27T12:28:50.100092" elapsed="0.003663"/>
</for>
<status status="PASS" start="2024-06-27T12:28:49.980432" elapsed="0.123462"/>
</kw>
<doc>Testa a estrutura da resposta da API.</doc>
<tag>testeEstruturaResposta</tag>
<status status="PASS" start="2024-06-27T12:28:49.979816" elapsed="0.124236"/>
</test>
<test id="s1-s1-t4" name="Validar tipos de dados" line="28">
<kw name="Teste de Tipos de Dados" owner="random-user-service">
<kw name="GET On Session" owner="RequestsLibrary">
<msg time="2024-06-27T12:28:50.232415" level="INFO">GET Request : url=https://randomuser.me/api 
 path_url=/api 
 headers={'User-Agent': 'python-requests/2.32.3', 'Accept-Encoding': 'gzip, deflate', 'Accept': '*/*', 'Connection': 'keep-alive'} 
 body=None 
 </msg>
<msg time="2024-06-27T12:28:50.232516" level="INFO">GET Response : url=https://randomuser.me/api 
 status=200, reason=OK 
 headers={'Date': 'Thu, 27 Jun 2024 12:28:50 GMT', 'Content-Type': 'application/json; charset=utf-8', 'Transfer-Encoding': 'chunked', 'Connection': 'keep-alive', 'X-Powered-By': 'Express', 'Access-Control-Allow-Origin': '*', 'Cache-Control': 'no-cache', 'ETag': 'W/"48f-QtnQ8NU70Mo2GB3toKRuTo/3J1g"', 'Vary': 'Accept-Encoding', 'Content-Encoding': 'gzip', 'CF-Cache-Status': 'DYNAMIC', 'Report-To': '{"endpoints":[{"url":"https:\\/\\/a.nel.cloudflare.com\\/report\\/v4?s=9y%2Fdgrm2%2F4y4%2Fx1rivFxgejT43%2BmbgooKSGFnVsZv9yhr9wKCK2Rb5aeTAt9DNEfEaGQurXUd0oBpzKKw3%2ByG52DMK0hvPJxuYJmCpaAdyd7F3XSB2EthupKp2PDjVr2"}],"group":"cf-nel","max_age":604800}', 'NEL': '{"success_fraction":0,"report_to":"cf-nel","max_age":604800}', 'Server': 'cloudflare', 'CF-RAY': '89a5706d3b6608c4-LAX', 'alt-svc': 'h3=":443"; ma=86400'} 
 body={"results":[{"gender":"male","name":{"title":"Mr","first":"Tyrone","last":"Crawford"},"location":{"street":{"number":3488,"name":"Alexander Road"},"city":"Kinsale","state":"Kilkenny","country":"Ireland","postcode":40806,"coordinates":{"latitude":"1.4951","longitude":"-111.1093"},"timezone":{"offset":"+9:00","description":"Tokyo, Seoul, Osaka, Sapporo, Yakutsk"}},"email":"tyrone.crawford@example.com","login":{"uuid":"f2d50875-89ce-4240-9d93-02b75531d300","username":"organicduck132","password":"strife","salt":"FLW3kpaL","md5":"d86c5c2c78c766fe745417e129fa314a","sha1":"26e674ac20c3d4f81a5c80023910546c9c1be383","sha256":"b4e52dd4ecc52d1ec7f792f94fa427371aaec3551d3bdda636f3afaf3f20b7f5"},"dob":{"date":"1954-07-13T22:30:33.430Z","age":69},"registered":{"date":"2016-09-01T15:10:52.479Z","age":7},"phone":"031-320-8200","cell":"081-613-1381","id":{"name":"PPS","value":"2849422T"},"picture":{"large":"https://randomuser.me/api/portraits/men/45.jpg","medium":"https://randomuser.me/api/portraits/med/men/45.jpg","thumbnail":"https://randomuser.me/api/portraits/thumb/men/45.jpg"},"nat":"IE"}],"info":{"seed":"ccc44368cb298d2f","results":1,"page":1,"version":"1.4"}} 
 </msg>
<msg time="2024-06-27T12:28:50.232612" level="INFO">/opt/hostedtoolcache/Python/3.12.4/x64/lib/python3.12/site-packages/urllib3/connectionpool.py:1099: InsecureRequestWarning: Unverified HTTPS request is being made to host 'randomuser.me'. Adding certificate verification is strongly advised. See: https://urllib3.readthedocs.io/en/latest/advanced-usage.html#tls-warnings
  warnings.warn(</msg>
<msg time="2024-06-27T12:28:50.232780" level="INFO">${response} = &lt;Response [200]&gt;</msg>
<var>${response}</var>
<arg>consultarAPI</arg>
<arg>/api</arg>
<doc>Sends a GET request on a previously created HTTP Session.</doc>
<status status="PASS" start="2024-06-27T12:28:50.106723" elapsed="0.126101"/>
</kw>
<kw name="Set Variable" owner="BuiltIn">
<msg time="2024-06-27T12:28:50.234069" level="INFO">${json_data} = {'results': [{'gender': 'male', 'name': {'title': 'Mr', 'first': 'Tyrone', 'last': 'Crawford'}, 'location': {'street': {'number': 3488, 'name': 'Alexander Road'}, 'city': 'Kinsale', 'state': 'Kilkenny...</msg>
<var>${json_data}</var>
<arg>${response.json()}</arg>
<doc>Returns the given values which can then be assigned to a variables.</doc>
<status status="PASS" start="2024-06-27T12:28:50.233509" elapsed="0.000587"/>
</kw>
<kw name="Log" owner="BuiltIn">
<msg time="2024-06-27T12:28:50.234601" level="INFO">{'results': [{'gender': 'male', 'name': {'title': 'Mr', 'first': 'Tyrone', 'last': 'Crawford'}, 'location': {'street': {'number': 3488, 'name': 'Alexander Road'}, 'city': 'Kinsale', 'state': 'Kilkenny', 'country': 'Ireland', 'postcode': 40806, 'coordinates': {'latitude': '1.4951', 'longitude': '-111.1093'}, 'timezone': {'offset': '+9:00', 'description': 'Tokyo, Seoul, Osaka, Sapporo, Yakutsk'}}, 'email': 'tyrone.crawford@example.com', 'login': {'uuid': 'f2d50875-89ce-4240-9d93-02b75531d300', 'username': 'organicduck132', 'password': 'strife', 'salt': 'FLW3kpaL', 'md5': 'd86c5c2c78c766fe745417e129fa314a', 'sha1': '26e674ac20c3d4f81a5c80023910546c9c1be383', 'sha256': 'b4e52dd4ecc52d1ec7f792f94fa427371aaec3551d3bdda636f3afaf3f20b7f5'}, 'dob': {'date': '1954-07-13T22:30:33.430Z', 'age': 69}, 'registered': {'date': '2016-09-01T15:10:52.479Z', 'age': 7}, 'phone': '031-320-8200', 'cell': '081-613-1381', 'id': {'name': 'PPS', 'value': '2849422T'}, 'picture': {'large': 'https://randomuser.me/api/portraits/men/45.jpg', 'medium': 'https://randomuser.me/api/portraits/med/men/45.jpg', 'thumbnail': 'https://randomuser.me/api/portraits/thumb/men/45.jpg'}, 'nat': 'IE'}], 'info': {'seed': 'ccc44368cb298d2f', 'results': 1, 'page': 1, 'version': '1.4'}}</msg>
<arg>${json_data}</arg>
<doc>Logs the given message with the given level.</doc>
<status status="PASS" start="2024-06-27T12:28:50.234444" elapsed="0.000204"/>
</kw>
<kw name="Should Be String" owner="String">
<arg>${json_data['results'][0]['gender']}</arg>
<doc>Fails if the given ``item`` is not a string.</doc>
<status status="PASS" start="2024-06-27T12:28:50.234938" elapsed="0.000376"/>
</kw>
<kw name="Should Match Regexp" owner="BuiltIn">
<arg>${json_data['results'][0]['email']}</arg>
<arg>^[a-zA-Z0-9._%+-]+@[a-zA-Z0-9.-]+\.[a-zA-Z]{2,}$</arg>
<doc>Fails if ``string`` does not match ``pattern`` as a regular expression.</doc>
<status status="PASS" start="2024-06-27T12:28:50.235498" elapsed="0.000553"/>
</kw>
<kw name="Should Match Regexp" owner="BuiltIn">
<arg>${json_data['results'][0]['dob']['date']}</arg>
<arg>\\d{4}-\\d{2}-\\d{2}T\\d{2}:\\d{2}:\\d{2}\\.\\d{3}Z</arg>
<doc>Fails if ``string`` does not match ``pattern`` as a regular expression.</doc>
<status status="PASS" start="2024-06-27T12:28:50.236245" elapsed="0.000471"/>
</kw>
<kw name="Should Match Regexp" owner="BuiltIn">
<arg>${json_data['results'][0]['registered']['date']}</arg>
<arg>\\d{4}-\\d{2}-\\d{2}T\\d{2}:\\d{2}:\\d{2}\\.\\d{3}Z</arg>
<doc>Fails if ``string`` does not match ``pattern`` as a regular expression.</doc>
<status status="PASS" start="2024-06-27T12:28:50.236901" elapsed="0.000376"/>
</kw>
<kw name="Should Match Regexp" owner="BuiltIn">
<arg>${json_data['results'][0]['picture']['large']}</arg>
<arg>^https?://.*\.(?:png|jpe?g|gif|bmp)$</arg>
<doc>Fails if ``string`` does not match ``pattern`` as a regular expression.</doc>
<status status="PASS" start="2024-06-27T12:28:50.237456" elapsed="0.000452"/>
</kw>
<kw name="Should Match Regexp" owner="BuiltIn">
<arg>${json_data['results'][0]['picture']['medium']}</arg>
<arg>^https?://.*\.(?:png|jpe?g|gif|bmp)$</arg>
<doc>Fails if ``string`` does not match ``pattern`` as a regular expression.</doc>
<status status="PASS" start="2024-06-27T12:28:50.238090" elapsed="0.000397"/>
</kw>
<kw name="Should Match Regexp" owner="BuiltIn">
<arg>${json_data['results'][0]['picture']['thumbnail']}</arg>
<arg>^https?://.*\.(?:png|jpe?g|gif|bmp)$</arg>
<doc>Fails if ``string`` does not match ``pattern`` as a regular expression.</doc>
<status status="PASS" start="2024-06-27T12:28:50.238672" elapsed="0.000348"/>
</kw>
<kw name="Log" owner="BuiltIn">
<msg time="2024-06-27T12:28:50.239535" level="INFO">{'large': 'https://randomuser.me/api/portraits/men/45.jpg', 'medium': 'https://randomuser.me/api/portraits/med/men/45.jpg', 'thumbnail': 'https://randomuser.me/api/portraits/thumb/men/45.jpg'}</msg>
<arg>${json_data['results'][0]['picture']}</arg>
<doc>Logs the given message with the given level.</doc>
<status status="PASS" start="2024-06-27T12:28:50.239203" elapsed="0.000374"/>
</kw>
<status status="PASS" start="2024-06-27T12:28:50.106493" elapsed="0.133351"/>
</kw>
<kw name="Teste de Tipos de Dados - Postcode" owner="random-user-service">
<kw name="GET On Session" owner="RequestsLibrary">
<msg time="2024-06-27T12:28:50.358812" level="INFO">GET Request : url=https://randomuser.me/api 
 path_url=/api 
 headers={'User-Agent': 'python-requests/2.32.3', 'Accept-Encoding': 'gzip, deflate', 'Accept': '*/*', 'Connection': 'keep-alive'} 
 body=None 
 </msg>
<msg time="2024-06-27T12:28:50.358914" level="INFO">GET Response : url=https://randomuser.me/api 
 status=200, reason=OK 
 headers={'Date': 'Thu, 27 Jun 2024 12:28:50 GMT', 'Content-Type': 'application/json; charset=utf-8', 'Transfer-Encoding': 'chunked', 'Connection': 'keep-alive', 'X-Powered-By': 'Express', 'Access-Control-Allow-Origin': '*', 'Cache-Control': 'no-cache', 'ETag': 'W/"497-8M8ZOwe9O0xEkf0PMifunS2s3pA"', 'Vary': 'Accept-Encoding', 'Content-Encoding': 'gzip', 'CF-Cache-Status': 'DYNAMIC', 'Report-To': '{"endpoints":[{"url":"https:\\/\\/a.nel.cloudflare.com\\/report\\/v4?s=5HTaBape1hGA065I4CCI0nsP43yHcbmqoUlbkAMBOhsUeoLRa10wkGjpMyU4TylOjScBUl4UBcfYZKl%2BWgzqXGmdsJmSXeogG91zEdvlN13A3yLFSXgL4VfzKSkLb4%2Fy"}],"group":"cf-nel","max_age":604800}', 'NEL': '{"success_fraction":0,"report_to":"cf-nel","max_age":604800}', 'Server': 'cloudflare', 'CF-RAY': '89a5706e0c3a08c4-LAX', 'alt-svc': 'h3=":443"; ma=86400'} 
 body={"results":[{"gender":"female","name":{"title":"Mrs","first":"Rostichara","last":"Marchenko"},"location":{"street":{"number":4716,"name":"Iermaka"},"city":"Mirnograd","state":"Rivnenska","country":"Ukraine","postcode":93721,"coordinates":{"latitude":"79.4681","longitude":"17.0341"},"timezone":{"offset":"+5:30","description":"Bombay, Calcutta, Madras, New Delhi"}},"email":"rostichara.marchenko@example.com","login":{"uuid":"b85b758a-ec8f-4023-a23f-626e73518720","username":"yellowkoala229","password":"chillin","salt":"VH9blnAl","md5":"af710a67f11b5c89cf5563d5e7e43ecd","sha1":"873a91e51fd27ef40cb9d64271176833c2653ca7","sha256":"04ca8e32a0d032f358d2f11710b9b40fa4a0f3e0e157dc11270d178f466db866"},"dob":{"date":"1966-01-07T16:08:43.136Z","age":58},"registered":{"date":"2020-03-07T21:28:09.635Z","age":4},"phone":"(067) J05-4106","cell":"(066) P04-6074","id":{"name":"","value":null},"picture":{"large":"https://randomuser.me/api/portraits/women/46.jpg","medium":"https://randomuser.me/api/portraits/med/women/46.jpg","thumbnail":"https://randomuser.me/api/portraits/thumb/women/46.jpg"},"nat":"UA"}],"info":{"seed":"bcf9e50bc592b75d","results":1,"page":1,"version":"1.4"}} 
 </msg>
<msg time="2024-06-27T12:28:50.358994" level="INFO">/opt/hostedtoolcache/Python/3.12.4/x64/lib/python3.12/site-packages/urllib3/connectionpool.py:1099: InsecureRequestWarning: Unverified HTTPS request is being made to host 'randomuser.me'. Adding certificate verification is strongly advised. See: https://urllib3.readthedocs.io/en/latest/advanced-usage.html#tls-warnings
  warnings.warn(</msg>
<msg time="2024-06-27T12:28:50.359117" level="INFO">${response} = &lt;Response [200]&gt;</msg>
<var>${response}</var>
<arg>consultarAPI</arg>
<arg>/api</arg>
<doc>Sends a GET request on a previously created HTTP Session.</doc>
<status status="PASS" start="2024-06-27T12:28:50.240295" elapsed="0.118864"/>
</kw>
<kw name="Set Variable" owner="BuiltIn">
<msg time="2024-06-27T12:28:50.360370" level="INFO">${json_data} = {'results': [{'gender': 'female', 'name': {'title': 'Mrs', 'first': 'Rostichara', 'last': 'Marchenko'}, 'location': {'street': {'number': 4716, 'name': 'Iermaka'}, 'city': 'Mirnograd', 'state': 'Rivne...</msg>
<var>${json_data}</var>
<arg>${response.json()}</arg>
<doc>Returns the given values which can then be assigned to a variables.</doc>
<status status="PASS" start="2024-06-27T12:28:50.359782" elapsed="0.000617"/>
</kw>
<kw name="Log" owner="BuiltIn">
<msg time="2024-06-27T12:28:50.360871" level="INFO">{'results': [{'gender': 'female', 'name': {'title': 'Mrs', 'first': 'Rostichara', 'last': 'Marchenko'}, 'location': {'street': {'number': 4716, 'name': 'Iermaka'}, 'city': 'Mirnograd', 'state': 'Rivnenska', 'country': 'Ukraine', 'postcode': 93721, 'coordinates': {'latitude': '79.4681', 'longitude': '17.0341'}, 'timezone': {'offset': '+5:30', 'description': 'Bombay, Calcutta, Madras, New Delhi'}}, 'email': 'rostichara.marchenko@example.com', 'login': {'uuid': 'b85b758a-ec8f-4023-a23f-626e73518720', 'username': 'yellowkoala229', 'password': 'chillin', 'salt': 'VH9blnAl', 'md5': 'af710a67f11b5c89cf5563d5e7e43ecd', 'sha1': '873a91e51fd27ef40cb9d64271176833c2653ca7', 'sha256': '04ca8e32a0d032f358d2f11710b9b40fa4a0f3e0e157dc11270d178f466db866'}, 'dob': {'date': '1966-01-07T16:08:43.136Z', 'age': 58}, 'registered': {'date': '2020-03-07T21:28:09.635Z', 'age': 4}, 'phone': '(067) J05-4106', 'cell': '(066) P04-6074', 'id': {'name': '', 'value': None}, 'picture': {'large': 'https://randomuser.me/api/portraits/women/46.jpg', 'medium': 'https://randomuser.me/api/portraits/med/women/46.jpg', 'thumbnail': 'https://randomuser.me/api/portraits/thumb/women/46.jpg'}, 'nat': 'UA'}], 'info': {'seed': 'bcf9e50bc592b75d', 'results': 1, 'page': 1, 'version': '1.4'}}</msg>
<arg>${json_data}</arg>
<doc>Logs the given message with the given level.</doc>
<status status="PASS" start="2024-06-27T12:28:50.360709" elapsed="0.000208"/>
</kw>
<kw name="Should Be Equal As Numbers" owner="BuiltIn">
<arg>${json_data['results'][0]['location']['postcode']}</arg>
<arg>${json_data['results'][0]['location']['postcode']}</arg>
<doc>Fails if objects are unequal after converting them to real numbers.</doc>
<status status="PASS" start="2024-06-27T12:28:50.361220" elapsed="0.000618"/>
</kw>
<kw name="Log" owner="BuiltIn">
<msg time="2024-06-27T12:28:50.362404" level="INFO">93721</msg>
<arg>${json_data['results'][0]['location']['postcode']}</arg>
<doc>Logs the given message with the given level.</doc>
<status status="PASS" start="2024-06-27T12:28:50.362027" elapsed="0.000456"/>
</kw>
<status status="PASS" start="2024-06-27T12:28:50.240072" elapsed="0.122670"/>
</kw>
<doc>Testa se os tipos de dados na resposta da API estão corretos.</doc>
<tag>testeTiposDados</tag>
<status status="PASS" start="2024-06-27T12:28:50.105774" elapsed="0.257138"/>
</test>
<test id="s1-s1-t5" name="Validar conteudo" line="35">
<kw name="Teste de Tipos de Conteudo" owner="random-user-service">
<kw name="GET On Session" owner="RequestsLibrary">
<msg time="2024-06-27T12:28:50.470890" level="INFO">GET Request : url=https://randomuser.me/api 
 path_url=/api 
 headers={'User-Agent': 'python-requests/2.32.3', 'Accept-Encoding': 'gzip, deflate', 'Accept': '*/*', 'Connection': 'keep-alive'} 
 body=None 
 </msg>
<msg time="2024-06-27T12:28:50.470991" level="INFO">GET Response : url=https://randomuser.me/api 
 status=200, reason=OK 
 headers={'Date': 'Thu, 27 Jun 2024 12:28:50 GMT', 'Content-Type': 'application/json; charset=utf-8', 'Transfer-Encoding': 'chunked', 'Connection': 'keep-alive', 'X-Powered-By': 'Express', 'Access-Control-Allow-Origin': '*', 'Cache-Control': 'no-cache', 'ETag': 'W/"4a1-/J/PcMo5KH+ts6r024yYTNWttps"', 'Vary': 'Accept-Encoding', 'Content-Encoding': 'gzip', 'CF-Cache-Status': 'DYNAMIC', 'Report-To': '{"endpoints":[{"url":"https:\\/\\/a.nel.cloudflare.com\\/report\\/v4?s=YDKWEI7%2FzD5%2FTkAg5Ohb3UasrQrnc3GKSfL%2B4r9OnXAR8otXHrFS4iPELb3Iom9zC%2BfPtUDn0UiCjJd7j0C1yjEdwvPJzwFuewhgr3k%2BBlW20TO1SNafvlutMq1rT0tt"}],"group":"cf-nel","max_age":604800}', 'NEL': '{"success_fraction":0,"report_to":"cf-nel","max_age":604800}', 'Server': 'cloudflare', 'CF-RAY': '89a5706edd2208c4-LAX', 'alt-svc': 'h3=":443"; ma=86400'} 
 body={"results":[{"gender":"female","name":{"title":"Mrs","first":"Kolodara","last":"Mulyarchuk"},"location":{"street":{"number":9148,"name":"Vigin"},"city":"Mogiliv-Podilskiy","state":"Vinnicka","country":"Ukraine","postcode":97546,"coordinates":{"latitude":"80.9571","longitude":"152.4634"},"timezone":{"offset":"+5:00","description":"Ekaterinburg, Islamabad, Karachi, Tashkent"}},"email":"kolodara.mulyarchuk@example.com","login":{"uuid":"698be280-f499-43c8-9185-e3e43974bded","username":"goldentiger290","password":"killa","salt":"pMLoYGwf","md5":"cd0534d4d562c26d8fc009673fc2cb4b","sha1":"40561aa2dd627a34d466c850ca74ab9aeae3fa94","sha256":"b72ffff74a1bf3e53dfe941e77d99ea4776a1ec2dadca4f77c20fc98c6af80ae"},"dob":{"date":"1997-05-13T04:03:59.204Z","age":27},"registered":{"date":"2008-01-04T19:24:15.225Z","age":16},"phone":"(097) L37-8986","cell":"(098) N65-5997","id":{"name":"","value":null},"picture":{"large":"https://randomuser.me/api/portraits/women/18.jpg","medium":"https://randomuser.me/api/portraits/med/women/18.jpg","thumbnail":"https://randomuser.me/api/portraits/thumb/women/18.jpg"},"nat":"UA"}],"info":{"seed":"ec9bb8b6fced5c56","results":1,"page":1,"version":"1.4"}} 
 </msg>
<msg time="2024-06-27T12:28:50.471079" level="INFO">/opt/hostedtoolcache/Python/3.12.4/x64/lib/python3.12/site-packages/urllib3/connectionpool.py:1099: InsecureRequestWarning: Unverified HTTPS request is being made to host 'randomuser.me'. Adding certificate verification is strongly advised. See: https://urllib3.readthedocs.io/en/latest/advanced-usage.html#tls-warnings
  warnings.warn(</msg>
<msg time="2024-06-27T12:28:50.471199" level="INFO">${response} = &lt;Response [200]&gt;</msg>
<var>${response}</var>
<arg>consultarAPI</arg>
<arg>/api</arg>
<doc>Sends a GET request on a previously created HTTP Session.</doc>
<status status="PASS" start="2024-06-27T12:28:50.365953" elapsed="0.105274"/>
</kw>
<kw name="Set Variable" owner="BuiltIn">
<msg time="2024-06-27T12:28:50.472270" level="INFO">${json_data} = {'results': [{'gender': 'female', 'name': {'title': 'Mrs', 'first': 'Kolodara', 'last': 'Mulyarchuk'}, 'location': {'street': {'number': 9148, 'name': 'Vigin'}, 'city': 'Mogiliv-Podilskiy', 'state': '...</msg>
<var>${json_data}</var>
<arg>${response.json()}</arg>
<doc>Returns the given values which can then be assigned to a variables.</doc>
<status status="PASS" start="2024-06-27T12:28:50.471767" elapsed="0.000531"/>
</kw>
<kw name="Set Variable" owner="BuiltIn">
<msg time="2024-06-27T12:28:50.472975" level="INFO">${name_title} = Mrs</msg>
<var>${name_title}</var>
<arg>${json_data["results"][0]["name"]["title"]}</arg>
<doc>Returns the given values which can then be assigned to a variables.</doc>
<status status="PASS" start="2024-06-27T12:28:50.472601" elapsed="0.000400"/>
</kw>
<kw name="Create List" owner="BuiltIn">
<msg time="2024-06-27T12:28:50.473442" level="INFO">${allowed_titles} = ['Mr', 'Ms', 'Miss', 'Mrs', 'Madame', 'Monsieur']</msg>
<var>${allowed_titles}</var>
<arg>Mr</arg>
<arg>Ms</arg>
<arg>Miss</arg>
<arg>Mrs</arg>
<arg>Madame</arg>
<arg>Monsieur</arg>
<doc>Returns a list containing given items.</doc>
<status status="PASS" start="2024-06-27T12:28:50.473292" elapsed="0.000174"/>
</kw>
<kw name="List Should Contain Value" owner="Collections">
<arg>${allowed_titles}</arg>
<arg>${name_title}</arg>
<doc>Fails if the ``value`` is not found from ``list``.</doc>
<status status="PASS" start="2024-06-27T12:28:50.473763" elapsed="0.000176"/>
</kw>
<kw name="Set Variable" owner="BuiltIn">
<msg time="2024-06-27T12:28:50.474530" level="INFO">${name_country} = UA</msg>
<var>${name_country}</var>
<arg>${json_data["results"][0]["nat"]}</arg>
<doc>Returns the given values which can then be assigned to a variables.</doc>
<status status="PASS" start="2024-06-27T12:28:50.474116" elapsed="0.000439"/>
</kw>
<kw name="Create List" owner="BuiltIn">
<msg time="2024-06-27T12:28:50.475451" level="INFO">${list_country} = ['AD', 'AE', 'AF', 'AG', 'AI', 'AL', 'AM', 'AO', 'AQ', 'AR', 'AS', 'AT', 'AU', 'AW', 'AX', 'AZ', 'BA', 'BB', 'BD', 'BE', 'BF', 'BG', 'BH', 'BI', 'BJ', 'BL', 'BM', 'BN', 'BO', 'BQ', 'BR', 'BS', 'BT', '...</msg>
<var>${list_country}</var>
<arg>AD</arg>
<arg>AE</arg>
<arg>AF</arg>
<arg>AG</arg>
<arg>AI</arg>
<arg>AL</arg>
<arg>AM</arg>
<arg>AO</arg>
<arg>AQ</arg>
<arg>AR</arg>
<arg>AS</arg>
<arg>AT</arg>
<arg>AU</arg>
<arg>AW</arg>
<arg>AX</arg>
<arg>AZ</arg>
<arg>BA</arg>
<arg>BB</arg>
<arg>BD</arg>
<arg>BE</arg>
<arg>BF</arg>
<arg>BG</arg>
<arg>BH</arg>
<arg>BI</arg>
<arg>BJ</arg>
<arg>BL</arg>
<arg>BM</arg>
<arg>BN</arg>
<arg>BO</arg>
<arg>BQ</arg>
<arg>BR</arg>
<arg>BS</arg>
<arg>BT</arg>
<arg>BV</arg>
<arg>BW</arg>
<arg>BY</arg>
<arg>BZ</arg>
<arg>CA</arg>
<arg>CC</arg>
<arg>CD</arg>
<arg>CF</arg>
<arg>CG</arg>
<arg>CH</arg>
<arg>CI</arg>
<arg>CK</arg>
<arg>CL</arg>
<arg>CM</arg>
<arg>CN</arg>
<arg>CO</arg>
<arg>CR</arg>
<arg>CU</arg>
<arg>CV</arg>
<arg>CW</arg>
<arg>CX</arg>
<arg>CY</arg>
<arg>CZ</arg>
<arg>DE</arg>
<arg>DJ</arg>
<arg>DK</arg>
<arg>DM</arg>
<arg>DO</arg>
<arg>DZ</arg>
<arg>EC</arg>
<arg>EE</arg>
<arg>EG</arg>
<arg>EH</arg>
<arg>ER</arg>
<arg>ES</arg>
<arg>ET</arg>
<arg>FI</arg>
<arg>FJ</arg>
<arg>FK</arg>
<arg>FM</arg>
<arg>FO</arg>
<arg>FR</arg>
<arg>GA</arg>
<arg>GB</arg>
<arg>GD</arg>
<arg>GE</arg>
<arg>GF</arg>
<arg>GG</arg>
<arg>GH</arg>
<arg>GI</arg>
<arg>GL</arg>
<arg>GM</arg>
<arg>GN</arg>
<arg>GP</arg>
<arg>GQ</arg>
<arg>GR</arg>
<arg>GS</arg>
<arg>GT</arg>
<arg>GU</arg>
<arg>GW</arg>
<arg>GY</arg>
<arg>HK</arg>
<arg>HM</arg>
<arg>HN</arg>
<arg>HR</arg>
<arg>HT</arg>
<arg>HU</arg>
<arg>ID</arg>
<arg>IE</arg>
<arg>IL</arg>
<arg>IM</arg>
<arg>IN</arg>
<arg>IO</arg>
<arg>IQ</arg>
<arg>IR</arg>
<arg>IS</arg>
<arg>IT</arg>
<arg>JE</arg>
<arg>JM</arg>
<arg>JO</arg>
<arg>JP</arg>
<arg>KE</arg>
<arg>KG</arg>
<arg>KH</arg>
<arg>KI</arg>
<arg>KM</arg>
<arg>KN</arg>
<arg>KP</arg>
<arg>KR</arg>
<arg>KW</arg>
<arg>KY</arg>
<arg>KZ</arg>
<arg>LA</arg>
<arg>LB</arg>
<arg>LC</arg>
<arg>LI</arg>
<arg>LK</arg>
<arg>LR</arg>
<arg>LS</arg>
<arg>LT</arg>
<arg>LU</arg>
<arg>LV</arg>
<arg>LY</arg>
<arg>MA</arg>
<arg>MC</arg>
<arg>MD</arg>
<arg>ME</arg>
<arg>MF</arg>
<arg>MG</arg>
<arg>MH</arg>
<arg>MK</arg>
<arg>ML</arg>
<arg>MM</arg>
<arg>MN</arg>
<arg>MO</arg>
<arg>MP</arg>
<arg>MQ</arg>
<arg>MR</arg>
<arg>MS</arg>
<arg>MT</arg>
<arg>MU</arg>
<arg>MV</arg>
<arg>MW</arg>
<arg>MX</arg>
<arg>MY</arg>
<arg>MZ</arg>
<arg>NA</arg>
<arg>NC</arg>
<arg>NE</arg>
<arg>NF</arg>
<arg>NG</arg>
<arg>NI</arg>
<arg>NL</arg>
<arg>NO</arg>
<arg>NP</arg>
<arg>NR</arg>
<arg>NU</arg>
<arg>NZ</arg>
<arg>OM</arg>
<arg>PA</arg>
<arg>PE</arg>
<arg>PF</arg>
<arg>PG</arg>
<arg>PH</arg>
<arg>PK</arg>
<arg>PL</arg>
<arg>PM</arg>
<arg>PN</arg>
<arg>PR</arg>
<arg>PS</arg>
<arg>PT</arg>
<arg>PW</arg>
<arg>PY</arg>
<arg>QA</arg>
<arg>RE</arg>
<arg>RO</arg>
<arg>RS</arg>
<arg>RU</arg>
<arg>RW</arg>
<arg>SA</arg>
<arg>SB</arg>
<arg>SC</arg>
<arg>SD</arg>
<arg>SE</arg>
<arg>SG</arg>
<arg>SH</arg>
<arg>SI</arg>
<arg>SJ</arg>
<arg>SK</arg>
<arg>SL</arg>
<arg>SM</arg>
<arg>SN</arg>
<arg>SO</arg>
<arg>SR</arg>
<arg>SS</arg>
<arg>ST</arg>
<arg>SV</arg>
<arg>SX</arg>
<arg>SY</arg>
<arg>SZ</arg>
<arg>TC</arg>
<arg>TD</arg>
<arg>TF</arg>
<arg>TG</arg>
<arg>TH</arg>
<arg>TJ</arg>
<arg>TK</arg>
<arg>TL</arg>
<arg>TM</arg>
<arg>TN</arg>
<arg>TO</arg>
<arg>TR</arg>
<arg>TT</arg>
<arg>TV</arg>
<arg>TW</arg>
<arg>TZ</arg>
<arg>UA</arg>
<arg>UG</arg>
<arg>UM</arg>
<arg>US</arg>
<arg>UY</arg>
<arg>UZ</arg>
<arg>VA</arg>
<arg>VC</arg>
<arg>VE</arg>
<arg>VG</arg>
<arg>VI</arg>
<arg>VN</arg>
<arg>VU</arg>
<arg>WF</arg>
<arg>WS</arg>
<arg>XK</arg>
<arg>YE</arg>
<arg>YT</arg>
<arg>ZA</arg>
<arg>ZM</arg>
<arg>ZW</arg>
<doc>Returns a list containing given items.</doc>
<status status="PASS" start="2024-06-27T12:28:50.474847" elapsed="0.000629"/>
</kw>
<kw name="List Should Contain Value" owner="Collections">
<arg>${list_country}</arg>
<arg>${name_country}</arg>
<doc>Fails if the ``value`` is not found from ``list``.</doc>
<status status="PASS" start="2024-06-27T12:28:50.476277" elapsed="0.000205"/>
</kw>
<kw name="Run Keyword If" owner="BuiltIn">
<kw name="Should Be True" owner="BuiltIn">
<arg>${True}</arg>
<doc>Fails if the given condition is not true.</doc>
<status status="PASS" start="2024-06-27T12:28:50.477424" elapsed="0.000142"/>
</kw>
<arg>${json_data["results"][0]["location"]["coordinates"]["latitude"]} &gt;= -90 and ${json_data["results"][0]["location"]["coordinates"]["latitude"]} &lt;= 90</arg>
<arg>Should Be True</arg>
<arg>${True}</arg>
<doc>Runs the given keyword with the given arguments, if ``condition`` is true.</doc>
<status status="PASS" start="2024-06-27T12:28:50.476677" elapsed="0.001016"/>
</kw>
<kw name="Run Keyword If" owner="BuiltIn">
<kw name="Should Be True" owner="BuiltIn">
<arg>${True}</arg>
<doc>Fails if the given condition is not true.</doc>
<status status="PASS" start="2024-06-27T12:28:50.478593" elapsed="0.000139"/>
</kw>
<arg>${json_data["results"][0]["location"]["coordinates"]["longitude"]} &gt;= -180 and ${json_data["results"][0]["location"]["coordinates"]["longitude"]} &lt;= 180</arg>
<arg>Should Be True</arg>
<arg>${True}</arg>
<doc>Runs the given keyword with the given arguments, if ``condition`` is true.</doc>
<status status="PASS" start="2024-06-27T12:28:50.477878" elapsed="0.000979"/>
</kw>
<status status="PASS" start="2024-06-27T12:28:50.365347" elapsed="0.113644"/>
</kw>
<doc>Testa o conteúdo específico dos campos retornados pela API.</doc>
<tag>testeConteudo</tag>
<status status="PASS" start="2024-06-27T12:28:50.364686" elapsed="0.114465"/>
</test>
<status status="PASS" start="2024-06-27T12:28:49.239536" elapsed="1.241600"/>
</suite>
<status status="PASS" start="2024-06-27T12:28:49.224757" elapsed="1.261645"/>
</suite>
<statistics>
<total>
<stat pass="5" fail="0" skip="0">All Tests</stat>
</total>
<tag>
<stat pass="1" fail="0" skip="0">testeConteudo</stat>
<stat pass="1" fail="0" skip="0">testeEstruturaResposta</stat>
<stat pass="1" fail="0" skip="0">testeRequisicaoBasica</stat>
<stat pass="1" fail="0" skip="0">testeTiposDados</stat>
</tag>
<suite>
<stat pass="5" fail="0" skip="0" id="s1" name="Tests">Tests</stat>
<stat pass="5" fail="0" skip="0" id="s1-s1" name="Random-User-Test">Tests.Random-User-Test</stat>
</suite>
</statistics>
<errors>
</errors>
</robot>
