<?xml version="1.0" encoding="UTF-8"?>
<robot generator="Robot 7.0.1 (Python 3.12.4 on linux)" generated="2024-07-13T11:13:00.326347" rpa="false" schemaversion="5">
<suite id="s1" name="Tests" source="/home/runner/work/ApiRandomUser/ApiRandomUser/RamdonUser/tests">
<suite id="s1-s1" name="Random-User-Test" source="/home/runner/work/ApiRandomUser/ApiRandomUser/RamdonUser/tests/random-user-test.robot">
<test id="s1-s1-t1" name="Conectar" line="13">
<kw name="Conectar API" owner="random-user-service">
<kw name="Create Session" owner="RequestsLibrary">
<msg time="2024-07-13T11:13:00.776959" level="INFO">Creating Session using : alias=consultarAPI, url=https://randomuser.me/, headers={},                     cookies={}, auth=None, timeout=None, proxies=None, verify=False,                     debug=0 </msg>
<arg>consultarAPI</arg>
<arg>${URL}</arg>
<doc>Create Session: create a HTTP session to a server</doc>
<status status="PASS" start="2024-07-13T11:13:00.776735" elapsed="0.000436"/>
</kw>
<status status="PASS" start="2024-07-13T11:13:00.775261" elapsed="0.002305"/>
</kw>
<status status="PASS" start="2024-07-13T11:13:00.774587" elapsed="0.003177"/>
</test>
<test id="s1-s1-t2" name="Validar retorno 200 e JSON Válido" line="16">
<kw name="Teste de Requisicao Basica" owner="random-user-service">
<kw name="GET On Session" owner="RequestsLibrary">
<msg time="2024-07-13T11:13:00.897966" level="INFO">GET Request : url=https://randomuser.me/api 
 path_url=/api 
 headers={'User-Agent': 'python-requests/2.32.3', 'Accept-Encoding': 'gzip, deflate', 'Accept': '*/*', 'Connection': 'keep-alive'} 
 body=None 
 </msg>
<msg time="2024-07-13T11:13:00.898131" level="INFO">GET Response : url=https://randomuser.me/api 
 status=200, reason=OK 
 headers={'Date': 'Sat, 13 Jul 2024 11:13:00 GMT', 'Content-Type': 'application/json; charset=utf-8', 'Transfer-Encoding': 'chunked', 'Connection': 'keep-alive', 'X-Powered-By': 'Express', 'Access-Control-Allow-Origin': '*', 'Cache-Control': 'no-cache', 'ETag': 'W/"49e-7RNSa0Xce9tGHVF/GT9Lx8p3XKo"', 'Vary': 'Accept-Encoding', 'Content-Encoding': 'gzip', 'CF-Cache-Status': 'DYNAMIC', 'Report-To': '{"endpoints":[{"url":"https:\\/\\/a.nel.cloudflare.com\\/report\\/v4?s=7kaWqfjXwu9kDjfuH7MFDKOZDQEet96g%2BPgIT70wUmCxuUbRupmt0N%2BD72l8rh0t4D1MtqzPsMDhDjZdlDRiY9eVqgevTQxafkDmu6ESsj8TuN825ejjo7HGf%2BnvAdDJ"}],"group":"cf-nel","max_age":604800}', 'NEL': '{"success_fraction":0,"report_to":"cf-nel","max_age":604800}', 'Server': 'cloudflare', 'CF-RAY': '8a28d75c7f6505fb-IAD', 'alt-svc': 'h3=":443"; ma=86400'} 
 body={"results":[{"gender":"male","name":{"title":"Mr","first":"Viljami","last":"Raisanen"},"location":{"street":{"number":4042,"name":"Hämeenkatu"},"city":"Merijärvi","state":"Pirkanmaa","country":"Finland","postcode":81477,"coordinates":{"latitude":"-22.8188","longitude":"-17.5870"},"timezone":{"offset":"+1:00","description":"Brussels, Copenhagen, Madrid, Paris"}},"email":"viljami.raisanen@example.com","login":{"uuid":"fc76388c-c128-486f-a2dc-31d1b0d22ff4","username":"ticklishrabbit278","password":"believe","salt":"WhkGHx8A","md5":"f6699cb11e8b813cf7af91f5448394d9","sha1":"9b5e8f904ba5b9d5130a9eb50a2aaded59aab8e4","sha256":"57398b2393a21076d2b815d40c35c0f0cc75f51379764e6c3c5c4c0c460176e3"},"dob":{"date":"1950-08-05T22:45:24.705Z","age":73},"registered":{"date":"2019-10-27T06:23:44.928Z","age":4},"phone":"07-081-199","cell":"042-553-20-84","id":{"name":"HETU","value":"NaNNA289undefined"},"picture":{"large":"https://randomuser.me/api/portraits/men/11.jpg","medium":"https://randomuser.me/api/portraits/med/men/11.jpg","thumbnail":"https://randomuser.me/api/portraits/thumb/men/11.jpg"},"nat":"FI"}],"info":{"seed":"ed9615ea9864dddb","results":1,"page":1,"version":"1.4"}} 
 </msg>
<msg time="2024-07-13T11:13:00.898218" level="INFO">/opt/hostedtoolcache/Python/3.12.4/x64/lib/python3.12/site-packages/urllib3/connectionpool.py:1099: InsecureRequestWarning: Unverified HTTPS request is being made to host 'randomuser.me'. Adding certificate verification is strongly advised. See: https://urllib3.readthedocs.io/en/latest/advanced-usage.html#tls-warnings
  warnings.warn(</msg>
<msg time="2024-07-13T11:13:00.898398" level="INFO">${response} = &lt;Response [200]&gt;</msg>
<var>${response}</var>
<arg>consultarAPI</arg>
<arg>/api</arg>
<doc>Sends a GET request on a previously created HTTP Session.</doc>
<status status="PASS" start="2024-07-13T11:13:00.780665" elapsed="0.117775"/>
</kw>
<kw name="Should Be Equal As Numbers" owner="BuiltIn">
<msg time="2024-07-13T11:13:00.899623" level="INFO">Argument types are:
&lt;class 'int'&gt;
&lt;class 'str'&gt;</msg>
<arg>${response.status_code}</arg>
<arg>200</arg>
<doc>Fails if objects are unequal after converting them to real numbers.</doc>
<status status="PASS" start="2024-07-13T11:13:00.899116" elapsed="0.000577"/>
</kw>
<kw name="Log" owner="BuiltIn">
<msg time="2024-07-13T11:13:00.900382" level="INFO">200</msg>
<arg>${response.status_code}</arg>
<doc>Logs the given message with the given level.</doc>
<status status="PASS" start="2024-07-13T11:13:00.900028" elapsed="0.000396"/>
</kw>
<kw name="Set Variable" owner="BuiltIn">
<msg time="2024-07-13T11:13:00.901177" level="INFO">${json_data} = {'results': [{'gender': 'male', 'name': {'title': 'Mr', 'first': 'Viljami', 'last': 'Raisanen'}, 'location': {'street': {'number': 4042, 'name': 'Hämeenkatu'}, 'city': 'Merijärvi', 'state': 'Pirkanmaa...</msg>
<var>${json_data}</var>
<arg>${response.json()}</arg>
<doc>Returns the given values which can then be assigned to a variables.</doc>
<status status="PASS" start="2024-07-13T11:13:00.900725" elapsed="0.000482"/>
</kw>
<kw name="Dictionary Should Contain Key" owner="Collections">
<arg>${json_data}</arg>
<arg>results</arg>
<doc>Fails if ``key`` is not found from ``dictionary``.</doc>
<status status="PASS" start="2024-07-13T11:13:00.901505" elapsed="0.000168"/>
</kw>
<status status="PASS" start="2024-07-13T11:13:00.780391" elapsed="0.121437"/>
</kw>
<doc>Testa se a API responde corretamente e retorna um objeto JSON válido.</doc>
<tag>testeRequisicaoBasica</tag>
<status status="PASS" start="2024-07-13T11:13:00.779824" elapsed="0.122188"/>
</test>
<test id="s1-s1-t3" name="Validar estrutura de resposta" line="22">
<kw name="Teste de Estrutura de Resposta" owner="random-user-service">
<kw name="GET On Session" owner="RequestsLibrary">
<msg time="2024-07-13T11:13:00.996760" level="INFO">GET Request : url=https://randomuser.me/api 
 path_url=/api 
 headers={'User-Agent': 'python-requests/2.32.3', 'Accept-Encoding': 'gzip, deflate', 'Accept': '*/*', 'Connection': 'keep-alive'} 
 body=None 
 </msg>
<msg time="2024-07-13T11:13:00.996865" level="INFO">GET Response : url=https://randomuser.me/api 
 status=200, reason=OK 
 headers={'Date': 'Sat, 13 Jul 2024 11:13:00 GMT', 'Content-Type': 'application/json; charset=utf-8', 'Transfer-Encoding': 'chunked', 'Connection': 'keep-alive', 'X-Powered-By': 'Express', 'Access-Control-Allow-Origin': '*', 'Cache-Control': 'no-cache', 'ETag': 'W/"498-tVodhFBEhk8AJggbfX+NQ0N4lgY"', 'Vary': 'Accept-Encoding', 'Content-Encoding': 'gzip', 'CF-Cache-Status': 'DYNAMIC', 'Report-To': '{"endpoints":[{"url":"https:\\/\\/a.nel.cloudflare.com\\/report\\/v4?s=EUVzvZYufQRS6KtBM4VoJ1r0f%2FrVldGeTI5jfJswwt8dhstpKbSfXsixHskxGnxDG%2BxjCjrrNXk9u2WS1ItEZzwhpNvFVFRkafJFN57wZt%2FMdGmBkBiOm72hzW3FFmQn"}],"group":"cf-nel","max_age":604800}', 'NEL': '{"success_fraction":0,"report_to":"cf-nel","max_age":604800}', 'Server': 'cloudflare', 'CF-RAY': '8a28d75cbf9805fb-IAD', 'alt-svc': 'h3=":443"; ma=86400'} 
 body={"results":[{"gender":"male","name":{"title":"Mr","first":"Lawrence","last":"Frazier"},"location":{"street":{"number":9834,"name":"E North St"},"city":"Anaheim","state":"Oklahoma","country":"United States","postcode":18591,"coordinates":{"latitude":"88.1353","longitude":"-137.3052"},"timezone":{"offset":"+5:30","description":"Bombay, Calcutta, Madras, New Delhi"}},"email":"lawrence.frazier@example.com","login":{"uuid":"94bf30b1-ccde-407c-8859-5ef7d0480c4b","username":"greenlion410","password":"kkkkkkk","salt":"YW26cBUa","md5":"1d94ac273d8eaa96529031bbe9557be6","sha1":"bd85e3792811c333b00ff45099049c77f83b5d19","sha256":"1ab9a5f8e96d158a9e801d953bd541fd835a5be09edb5852732cb3ee6043a50e"},"dob":{"date":"1995-05-12T10:49:39.728Z","age":29},"registered":{"date":"2022-01-21T01:31:53.787Z","age":2},"phone":"(802) 607-3748","cell":"(296) 654-2531","id":{"name":"SSN","value":"427-36-8747"},"picture":{"large":"https://randomuser.me/api/portraits/men/49.jpg","medium":"https://randomuser.me/api/portraits/med/men/49.jpg","thumbnail":"https://randomuser.me/api/portraits/thumb/men/49.jpg"},"nat":"US"}],"info":{"seed":"2a266dcfbd38f2f0","results":1,"page":1,"version":"1.4"}} 
 </msg>
<msg time="2024-07-13T11:13:00.997004" level="INFO">/opt/hostedtoolcache/Python/3.12.4/x64/lib/python3.12/site-packages/urllib3/connectionpool.py:1099: InsecureRequestWarning: Unverified HTTPS request is being made to host 'randomuser.me'. Adding certificate verification is strongly advised. See: https://urllib3.readthedocs.io/en/latest/advanced-usage.html#tls-warnings
  warnings.warn(</msg>
<msg time="2024-07-13T11:13:00.997136" level="INFO">${response} = &lt;Response [200]&gt;</msg>
<var>${response}</var>
<arg>consultarAPI</arg>
<arg>/api</arg>
<doc>Sends a GET request on a previously created HTTP Session.</doc>
<status status="PASS" start="2024-07-13T11:13:00.904845" elapsed="0.092324"/>
</kw>
<kw name="Set Variable" owner="BuiltIn">
<msg time="2024-07-13T11:13:00.998316" level="INFO">${json_data} = {'results': [{'gender': 'male', 'name': {'title': 'Mr', 'first': 'Lawrence', 'last': 'Frazier'}, 'location': {'street': {'number': 9834, 'name': 'E North St'}, 'city': 'Anaheim', 'state': 'Oklahoma', ...</msg>
<var>${json_data}</var>
<arg>${response.json()}</arg>
<doc>Returns the given values which can then be assigned to a variables.</doc>
<status status="PASS" start="2024-07-13T11:13:00.997753" elapsed="0.000599"/>
</kw>
<kw name="Log" owner="BuiltIn">
<msg time="2024-07-13T11:13:00.998852" level="INFO">{'results': [{'gender': 'male', 'name': {'title': 'Mr', 'first': 'Lawrence', 'last': 'Frazier'}, 'location': {'street': {'number': 9834, 'name': 'E North St'}, 'city': 'Anaheim', 'state': 'Oklahoma', 'country': 'United States', 'postcode': 18591, 'coordinates': {'latitude': '88.1353', 'longitude': '-137.3052'}, 'timezone': {'offset': '+5:30', 'description': 'Bombay, Calcutta, Madras, New Delhi'}}, 'email': 'lawrence.frazier@example.com', 'login': {'uuid': '94bf30b1-ccde-407c-8859-5ef7d0480c4b', 'username': 'greenlion410', 'password': 'kkkkkkk', 'salt': 'YW26cBUa', 'md5': '1d94ac273d8eaa96529031bbe9557be6', 'sha1': 'bd85e3792811c333b00ff45099049c77f83b5d19', 'sha256': '1ab9a5f8e96d158a9e801d953bd541fd835a5be09edb5852732cb3ee6043a50e'}, 'dob': {'date': '1995-05-12T10:49:39.728Z', 'age': 29}, 'registered': {'date': '2022-01-21T01:31:53.787Z', 'age': 2}, 'phone': '(802) 607-3748', 'cell': '(296) 654-2531', 'id': {'name': 'SSN', 'value': '427-36-8747'}, 'picture': {'large': 'https://randomuser.me/api/portraits/men/49.jpg', 'medium': 'https://randomuser.me/api/portraits/med/men/49.jpg', 'thumbnail': 'https://randomuser.me/api/portraits/thumb/men/49.jpg'}, 'nat': 'US'}], 'info': {'seed': '2a266dcfbd38f2f0', 'results': 1, 'page': 1, 'version': '1.4'}}</msg>
<arg>${json_data}</arg>
<doc>Logs the given message with the given level.</doc>
<status status="PASS" start="2024-07-13T11:13:00.998684" elapsed="0.000219"/>
</kw>
<kw name="Dictionary Should Contain Key" owner="Collections">
<arg>${json_data}</arg>
<arg>results</arg>
<doc>Fails if ``key`` is not found from ``dictionary``.</doc>
<status status="PASS" start="2024-07-13T11:13:00.999204" elapsed="0.000188"/>
</kw>
<kw name="Should Not Be Empty" owner="BuiltIn">
<msg time="2024-07-13T11:13:00.999786" level="INFO">Length is 2.</msg>
<arg>${json_data}</arg>
<doc>Verifies that the given item is not empty.</doc>
<status status="PASS" start="2024-07-13T11:13:00.999590" elapsed="0.000248"/>
</kw>
<kw name="Create List" owner="BuiltIn">
<msg time="2024-07-13T11:13:01.000303" level="INFO">${expected_keys} = ['gender', 'name', 'location', 'email', 'login']</msg>
<var>${expected_keys}</var>
<arg>gender</arg>
<arg>name</arg>
<arg>location</arg>
<arg>email</arg>
<arg>login</arg>
<doc>Returns a list containing given items.</doc>
<status status="PASS" start="2024-07-13T11:13:01.000147" elapsed="0.000182"/>
</kw>
<for flavor="IN">
<iter>
<kw name="Dictionary Should Contain Key" owner="Collections">
<arg>${json_data['results'][0]}</arg>
<arg>${key}</arg>
<doc>Fails if ``key`` is not found from ``dictionary``.</doc>
<status status="PASS" start="2024-07-13T11:13:01.001179" elapsed="0.000420"/>
</kw>
<kw name="Log" owner="BuiltIn">
<msg time="2024-07-13T11:13:01.002162" level="INFO">{'gender': 'male', 'name': {'title': 'Mr', 'first': 'Lawrence', 'last': 'Frazier'}, 'location': {'street': {'number': 9834, 'name': 'E North St'}, 'city': 'Anaheim', 'state': 'Oklahoma', 'country': 'United States', 'postcode': 18591, 'coordinates': {'latitude': '88.1353', 'longitude': '-137.3052'}, 'timezone': {'offset': '+5:30', 'description': 'Bombay, Calcutta, Madras, New Delhi'}}, 'email': 'lawrence.frazier@example.com', 'login': {'uuid': '94bf30b1-ccde-407c-8859-5ef7d0480c4b', 'username': 'greenlion410', 'password': 'kkkkkkk', 'salt': 'YW26cBUa', 'md5': '1d94ac273d8eaa96529031bbe9557be6', 'sha1': 'bd85e3792811c333b00ff45099049c77f83b5d19', 'sha256': '1ab9a5f8e96d158a9e801d953bd541fd835a5be09edb5852732cb3ee6043a50e'}, 'dob': {'date': '1995-05-12T10:49:39.728Z', 'age': 29}, 'registered': {'date': '2022-01-21T01:31:53.787Z', 'age': 2}, 'phone': '(802) 607-3748', 'cell': '(296) 654-2531', 'id': {'name': 'SSN', 'value': '427-36-8747'}, 'picture': {'large': 'https://randomuser.me/api/portraits/men/49.jpg', 'medium': 'https://randomuser.me/api/portraits/med/men/49.jpg', 'thumbnail': 'https://randomuser.me/api/portraits/thumb/men/49.jpg'}, 'nat': 'US'}</msg>
<arg>${json_data['results'][0]}</arg>
<doc>Logs the given message with the given level.</doc>
<status status="PASS" start="2024-07-13T11:13:01.001795" elapsed="0.000427"/>
</kw>
<kw name="Log" owner="BuiltIn">
<msg time="2024-07-13T11:13:01.002696" level="INFO">gender</msg>
<arg>${key}</arg>
<doc>Logs the given message with the given level.</doc>
<status status="PASS" start="2024-07-13T11:13:01.002558" elapsed="0.000177"/>
</kw>
<var name="${key}">gender</var>
<status status="PASS" start="2024-07-13T11:13:01.001043" elapsed="0.001912"/>
</iter>
<iter>
<kw name="Dictionary Should Contain Key" owner="Collections">
<arg>${json_data['results'][0]}</arg>
<arg>${key}</arg>
<doc>Fails if ``key`` is not found from ``dictionary``.</doc>
<status status="PASS" start="2024-07-13T11:13:01.003263" elapsed="0.000403"/>
</kw>
<kw name="Log" owner="BuiltIn">
<msg time="2024-07-13T11:13:01.004214" level="INFO">{'gender': 'male', 'name': {'title': 'Mr', 'first': 'Lawrence', 'last': 'Frazier'}, 'location': {'street': {'number': 9834, 'name': 'E North St'}, 'city': 'Anaheim', 'state': 'Oklahoma', 'country': 'United States', 'postcode': 18591, 'coordinates': {'latitude': '88.1353', 'longitude': '-137.3052'}, 'timezone': {'offset': '+5:30', 'description': 'Bombay, Calcutta, Madras, New Delhi'}}, 'email': 'lawrence.frazier@example.com', 'login': {'uuid': '94bf30b1-ccde-407c-8859-5ef7d0480c4b', 'username': 'greenlion410', 'password': 'kkkkkkk', 'salt': 'YW26cBUa', 'md5': '1d94ac273d8eaa96529031bbe9557be6', 'sha1': 'bd85e3792811c333b00ff45099049c77f83b5d19', 'sha256': '1ab9a5f8e96d158a9e801d953bd541fd835a5be09edb5852732cb3ee6043a50e'}, 'dob': {'date': '1995-05-12T10:49:39.728Z', 'age': 29}, 'registered': {'date': '2022-01-21T01:31:53.787Z', 'age': 2}, 'phone': '(802) 607-3748', 'cell': '(296) 654-2531', 'id': {'name': 'SSN', 'value': '427-36-8747'}, 'picture': {'large': 'https://randomuser.me/api/portraits/men/49.jpg', 'medium': 'https://randomuser.me/api/portraits/med/men/49.jpg', 'thumbnail': 'https://randomuser.me/api/portraits/thumb/men/49.jpg'}, 'nat': 'US'}</msg>
<arg>${json_data['results'][0]}</arg>
<doc>Logs the given message with the given level.</doc>
<status status="PASS" start="2024-07-13T11:13:01.003855" elapsed="0.000446"/>
</kw>
<kw name="Log" owner="BuiltIn">
<msg time="2024-07-13T11:13:01.004773" level="INFO">name</msg>
<arg>${key}</arg>
<doc>Logs the given message with the given level.</doc>
<status status="PASS" start="2024-07-13T11:13:01.004625" elapsed="0.000190"/>
</kw>
<var name="${key}">name</var>
<status status="PASS" start="2024-07-13T11:13:01.003148" elapsed="0.001899"/>
</iter>
<iter>
<kw name="Dictionary Should Contain Key" owner="Collections">
<arg>${json_data['results'][0]}</arg>
<arg>${key}</arg>
<doc>Fails if ``key`` is not found from ``dictionary``.</doc>
<status status="PASS" start="2024-07-13T11:13:01.005344" elapsed="0.000407"/>
</kw>
<kw name="Log" owner="BuiltIn">
<msg time="2024-07-13T11:13:01.006338" level="INFO">{'gender': 'male', 'name': {'title': 'Mr', 'first': 'Lawrence', 'last': 'Frazier'}, 'location': {'street': {'number': 9834, 'name': 'E North St'}, 'city': 'Anaheim', 'state': 'Oklahoma', 'country': 'United States', 'postcode': 18591, 'coordinates': {'latitude': '88.1353', 'longitude': '-137.3052'}, 'timezone': {'offset': '+5:30', 'description': 'Bombay, Calcutta, Madras, New Delhi'}}, 'email': 'lawrence.frazier@example.com', 'login': {'uuid': '94bf30b1-ccde-407c-8859-5ef7d0480c4b', 'username': 'greenlion410', 'password': 'kkkkkkk', 'salt': 'YW26cBUa', 'md5': '1d94ac273d8eaa96529031bbe9557be6', 'sha1': 'bd85e3792811c333b00ff45099049c77f83b5d19', 'sha256': '1ab9a5f8e96d158a9e801d953bd541fd835a5be09edb5852732cb3ee6043a50e'}, 'dob': {'date': '1995-05-12T10:49:39.728Z', 'age': 29}, 'registered': {'date': '2022-01-21T01:31:53.787Z', 'age': 2}, 'phone': '(802) 607-3748', 'cell': '(296) 654-2531', 'id': {'name': 'SSN', 'value': '427-36-8747'}, 'picture': {'large': 'https://randomuser.me/api/portraits/men/49.jpg', 'medium': 'https://randomuser.me/api/portraits/med/men/49.jpg', 'thumbnail': 'https://randomuser.me/api/portraits/thumb/men/49.jpg'}, 'nat': 'US'}</msg>
<arg>${json_data['results'][0]}</arg>
<doc>Logs the given message with the given level.</doc>
<status status="PASS" start="2024-07-13T11:13:01.005937" elapsed="0.000469"/>
</kw>
<kw name="Log" owner="BuiltIn">
<msg time="2024-07-13T11:13:01.006853" level="INFO">location</msg>
<arg>${key}</arg>
<doc>Logs the given message with the given level.</doc>
<status status="PASS" start="2024-07-13T11:13:01.006723" elapsed="0.000168"/>
</kw>
<var name="${key}">location</var>
<status status="PASS" start="2024-07-13T11:13:01.005232" elapsed="0.001882"/>
</iter>
<iter>
<kw name="Dictionary Should Contain Key" owner="Collections">
<arg>${json_data['results'][0]}</arg>
<arg>${key}</arg>
<doc>Fails if ``key`` is not found from ``dictionary``.</doc>
<status status="PASS" start="2024-07-13T11:13:01.007397" elapsed="0.000388"/>
</kw>
<kw name="Log" owner="BuiltIn">
<msg time="2024-07-13T11:13:01.008341" level="INFO">{'gender': 'male', 'name': {'title': 'Mr', 'first': 'Lawrence', 'last': 'Frazier'}, 'location': {'street': {'number': 9834, 'name': 'E North St'}, 'city': 'Anaheim', 'state': 'Oklahoma', 'country': 'United States', 'postcode': 18591, 'coordinates': {'latitude': '88.1353', 'longitude': '-137.3052'}, 'timezone': {'offset': '+5:30', 'description': 'Bombay, Calcutta, Madras, New Delhi'}}, 'email': 'lawrence.frazier@example.com', 'login': {'uuid': '94bf30b1-ccde-407c-8859-5ef7d0480c4b', 'username': 'greenlion410', 'password': 'kkkkkkk', 'salt': 'YW26cBUa', 'md5': '1d94ac273d8eaa96529031bbe9557be6', 'sha1': 'bd85e3792811c333b00ff45099049c77f83b5d19', 'sha256': '1ab9a5f8e96d158a9e801d953bd541fd835a5be09edb5852732cb3ee6043a50e'}, 'dob': {'date': '1995-05-12T10:49:39.728Z', 'age': 29}, 'registered': {'date': '2022-01-21T01:31:53.787Z', 'age': 2}, 'phone': '(802) 607-3748', 'cell': '(296) 654-2531', 'id': {'name': 'SSN', 'value': '427-36-8747'}, 'picture': {'large': 'https://randomuser.me/api/portraits/men/49.jpg', 'medium': 'https://randomuser.me/api/portraits/med/men/49.jpg', 'thumbnail': 'https://randomuser.me/api/portraits/thumb/men/49.jpg'}, 'nat': 'US'}</msg>
<arg>${json_data['results'][0]}</arg>
<doc>Logs the given message with the given level.</doc>
<status status="PASS" start="2024-07-13T11:13:01.007977" elapsed="0.000416"/>
</kw>
<kw name="Log" owner="BuiltIn">
<msg time="2024-07-13T11:13:01.008828" level="INFO">email</msg>
<arg>${key}</arg>
<doc>Logs the given message with the given level.</doc>
<status status="PASS" start="2024-07-13T11:13:01.008701" elapsed="0.000166"/>
</kw>
<var name="${key}">email</var>
<status status="PASS" start="2024-07-13T11:13:01.007290" elapsed="0.001795"/>
</iter>
<iter>
<kw name="Dictionary Should Contain Key" owner="Collections">
<arg>${json_data['results'][0]}</arg>
<arg>${key}</arg>
<doc>Fails if ``key`` is not found from ``dictionary``.</doc>
<status status="PASS" start="2024-07-13T11:13:01.009374" elapsed="0.000393"/>
</kw>
<kw name="Log" owner="BuiltIn">
<msg time="2024-07-13T11:13:01.010324" level="INFO">{'gender': 'male', 'name': {'title': 'Mr', 'first': 'Lawrence', 'last': 'Frazier'}, 'location': {'street': {'number': 9834, 'name': 'E North St'}, 'city': 'Anaheim', 'state': 'Oklahoma', 'country': 'United States', 'postcode': 18591, 'coordinates': {'latitude': '88.1353', 'longitude': '-137.3052'}, 'timezone': {'offset': '+5:30', 'description': 'Bombay, Calcutta, Madras, New Delhi'}}, 'email': 'lawrence.frazier@example.com', 'login': {'uuid': '94bf30b1-ccde-407c-8859-5ef7d0480c4b', 'username': 'greenlion410', 'password': 'kkkkkkk', 'salt': 'YW26cBUa', 'md5': '1d94ac273d8eaa96529031bbe9557be6', 'sha1': 'bd85e3792811c333b00ff45099049c77f83b5d19', 'sha256': '1ab9a5f8e96d158a9e801d953bd541fd835a5be09edb5852732cb3ee6043a50e'}, 'dob': {'date': '1995-05-12T10:49:39.728Z', 'age': 29}, 'registered': {'date': '2022-01-21T01:31:53.787Z', 'age': 2}, 'phone': '(802) 607-3748', 'cell': '(296) 654-2531', 'id': {'name': 'SSN', 'value': '427-36-8747'}, 'picture': {'large': 'https://randomuser.me/api/portraits/men/49.jpg', 'medium': 'https://randomuser.me/api/portraits/med/men/49.jpg', 'thumbnail': 'https://randomuser.me/api/portraits/thumb/men/49.jpg'}, 'nat': 'US'}</msg>
<arg>${json_data['results'][0]}</arg>
<doc>Logs the given message with the given level.</doc>
<status status="PASS" start="2024-07-13T11:13:01.009949" elapsed="0.000428"/>
</kw>
<kw name="Log" owner="BuiltIn">
<msg time="2024-07-13T11:13:01.010805" level="INFO">login</msg>
<arg>${key}</arg>
<doc>Logs the given message with the given level.</doc>
<status status="PASS" start="2024-07-13T11:13:01.010678" elapsed="0.000164"/>
</kw>
<var name="${key}">login</var>
<status status="PASS" start="2024-07-13T11:13:01.009260" elapsed="0.001807"/>
</iter>
<var>${key}</var>
<value>@{expected_keys}</value>
<status status="PASS" start="2024-07-13T11:13:01.000820" elapsed="0.010370"/>
</for>
<kw name="Create List" owner="BuiltIn">
<msg time="2024-07-13T11:13:01.011534" level="INFO">${expected_keysTwo} = ['username', 'password']</msg>
<var>${expected_keysTwo}</var>
<arg>username</arg>
<arg>password</arg>
<doc>Returns a list containing given items.</doc>
<status status="PASS" start="2024-07-13T11:13:01.011392" elapsed="0.000200"/>
</kw>
<for flavor="IN">
<iter>
<kw name="Dictionary Should Contain Key" owner="Collections">
<arg>${json_data['results'][0]['login']}</arg>
<arg>${keyTwo}</arg>
<doc>Fails if ``key`` is not found from ``dictionary``.</doc>
<status status="PASS" start="2024-07-13T11:13:01.012124" elapsed="0.000406"/>
</kw>
<kw name="Dictionary Should Contain Key" owner="Collections">
<arg>${json_data['results'][0]['login']}</arg>
<arg>${keyTwo}</arg>
<doc>Fails if ``key`` is not found from ``dictionary``.</doc>
<status status="PASS" start="2024-07-13T11:13:01.012720" elapsed="0.000375"/>
</kw>
<kw name="Log" owner="BuiltIn">
<msg time="2024-07-13T11:13:01.013405" level="INFO">username</msg>
<arg>${keyTwo}</arg>
<doc>Logs the given message with the given level.</doc>
<status status="PASS" start="2024-07-13T11:13:01.013281" elapsed="0.000163"/>
</kw>
<var name="${keyTwo}">username</var>
<status status="PASS" start="2024-07-13T11:13:01.012011" elapsed="0.001663"/>
</iter>
<iter>
<kw name="Dictionary Should Contain Key" owner="Collections">
<arg>${json_data['results'][0]['login']}</arg>
<arg>${keyTwo}</arg>
<doc>Fails if ``key`` is not found from ``dictionary``.</doc>
<status status="PASS" start="2024-07-13T11:13:01.013955" elapsed="0.000410"/>
</kw>
<kw name="Dictionary Should Contain Key" owner="Collections">
<arg>${json_data['results'][0]['login']}</arg>
<arg>${keyTwo}</arg>
<doc>Fails if ``key`` is not found from ``dictionary``.</doc>
<status status="PASS" start="2024-07-13T11:13:01.014556" elapsed="0.000375"/>
</kw>
<kw name="Log" owner="BuiltIn">
<msg time="2024-07-13T11:13:01.015257" level="INFO">password</msg>
<arg>${keyTwo}</arg>
<doc>Logs the given message with the given level.</doc>
<status status="PASS" start="2024-07-13T11:13:01.015109" elapsed="0.000192"/>
</kw>
<var name="${keyTwo}">password</var>
<status status="PASS" start="2024-07-13T11:13:01.013848" elapsed="0.001689"/>
</iter>
<var>${keyTwo}</var>
<value>@{expected_keysTwo}</value>
<status status="PASS" start="2024-07-13T11:13:01.011847" elapsed="0.003816"/>
</for>
<status status="PASS" start="2024-07-13T11:13:00.904599" elapsed="0.111213"/>
</kw>
<doc>Testa a estrutura da resposta da API.</doc>
<tag>testeEstruturaResposta</tag>
<status status="PASS" start="2024-07-13T11:13:00.903947" elapsed="0.112030"/>
</test>
<test id="s1-s1-t4" name="Validar tipos de dados" line="28">
<kw name="Teste de Tipos de Dados" owner="random-user-service">
<kw name="GET On Session" owner="RequestsLibrary">
<msg time="2024-07-13T11:13:01.096654" level="INFO">GET Request : url=https://randomuser.me/api 
 path_url=/api 
 headers={'User-Agent': 'python-requests/2.32.3', 'Accept-Encoding': 'gzip, deflate', 'Accept': '*/*', 'Connection': 'keep-alive'} 
 body=None 
 </msg>
<msg time="2024-07-13T11:13:01.096773" level="INFO">GET Response : url=https://randomuser.me/api 
 status=200, reason=OK 
 headers={'Date': 'Sat, 13 Jul 2024 11:13:01 GMT', 'Content-Type': 'application/json; charset=utf-8', 'Transfer-Encoding': 'chunked', 'Connection': 'keep-alive', 'X-Powered-By': 'Express', 'Access-Control-Allow-Origin': '*', 'Cache-Control': 'no-cache', 'ETag': 'W/"491-vBOuX/UlJrc+bZYIzp/TeNgqO5A"', 'Vary': 'Accept-Encoding', 'Content-Encoding': 'gzip', 'CF-Cache-Status': 'DYNAMIC', 'Report-To': '{"endpoints":[{"url":"https:\\/\\/a.nel.cloudflare.com\\/report\\/v4?s=mSXNQcbfpDAlvKFdp28m7xG0R3%2BhLQ8cEUhSgmt9KHuJ65t5Oj5vusXTYVNGtdfSdY5a9gR5xSVeE8i9I9NZGh3sYR9g9teawnbIwePSsOKSH7%2BXYif%2F4YM0D%2Ft7VBjp"}],"group":"cf-nel","max_age":604800}', 'NEL': '{"success_fraction":0,"report_to":"cf-nel","max_age":604800}', 'Server': 'cloudflare', 'CF-RAY': '8a28d75d681205fb-IAD', 'alt-svc': 'h3=":443"; ma=86400'} 
 body={"results":[{"gender":"female","name":{"title":"Mrs","first":"Meral","last":"Aşıkoğlu"},"location":{"street":{"number":5538,"name":"Anafartalar Cd"},"city":"Kırıkkale","state":"Kars","country":"Turkey","postcode":78897,"coordinates":{"latitude":"68.7243","longitude":"154.9934"},"timezone":{"offset":"-6:00","description":"Central Time (US &amp; Canada), Mexico City"}},"email":"meral.asikoglu@example.com","login":{"uuid":"a28381e7-c2dc-4cb0-aa0e-2287dc3594ac","username":"whitecat227","password":"1222","salt":"i1VVTaAP","md5":"54fbb2f5d193db1cebb1399875561d11","sha1":"257f78da5ce048478d03fe89dd6c5bf7e95ea8ce","sha256":"40cb646e5e8205ce9cfe34b2114890588f047f64ccd8b53542daa4f5b56d29e3"},"dob":{"date":"1976-01-16T21:50:37.674Z","age":48},"registered":{"date":"2011-09-08T20:30:26.508Z","age":12},"phone":"(723)-526-7943","cell":"(505)-506-5905","id":{"name":"","value":null},"picture":{"large":"https://randomuser.me/api/portraits/women/81.jpg","medium":"https://randomuser.me/api/portraits/med/women/81.jpg","thumbnail":"https://randomuser.me/api/portraits/thumb/women/81.jpg"},"nat":"TR"}],"info":{"seed":"fb1e2ee23dbf73a4","results":1,"page":1,"version":"1.4"}} 
 </msg>
<msg time="2024-07-13T11:13:01.096867" level="INFO">/opt/hostedtoolcache/Python/3.12.4/x64/lib/python3.12/site-packages/urllib3/connectionpool.py:1099: InsecureRequestWarning: Unverified HTTPS request is being made to host 'randomuser.me'. Adding certificate verification is strongly advised. See: https://urllib3.readthedocs.io/en/latest/advanced-usage.html#tls-warnings
  warnings.warn(</msg>
<msg time="2024-07-13T11:13:01.096994" level="INFO">${response} = &lt;Response [200]&gt;</msg>
<var>${response}</var>
<arg>consultarAPI</arg>
<arg>/api</arg>
<doc>Sends a GET request on a previously created HTTP Session.</doc>
<status status="PASS" start="2024-07-13T11:13:01.018832" elapsed="0.078201"/>
</kw>
<kw name="Set Variable" owner="BuiltIn">
<msg time="2024-07-13T11:13:01.098350" level="INFO">${json_data} = {'results': [{'gender': 'female', 'name': {'title': 'Mrs', 'first': 'Meral', 'last': 'Aşıkoğlu'}, 'location': {'street': {'number': 5538, 'name': 'Anafartalar Cd'}, 'city': 'Kırıkkale', 'state': 'Kars...</msg>
<var>${json_data}</var>
<arg>${response.json()}</arg>
<doc>Returns the given values which can then be assigned to a variables.</doc>
<status status="PASS" start="2024-07-13T11:13:01.097703" elapsed="0.000688"/>
</kw>
<kw name="Log" owner="BuiltIn">
<msg time="2024-07-13T11:13:01.098893" level="INFO">{'results': [{'gender': 'female', 'name': {'title': 'Mrs', 'first': 'Meral', 'last': 'Aşıkoğlu'}, 'location': {'street': {'number': 5538, 'name': 'Anafartalar Cd'}, 'city': 'Kırıkkale', 'state': 'Kars', 'country': 'Turkey', 'postcode': 78897, 'coordinates': {'latitude': '68.7243', 'longitude': '154.9934'}, 'timezone': {'offset': '-6:00', 'description': 'Central Time (US &amp; Canada), Mexico City'}}, 'email': 'meral.asikoglu@example.com', 'login': {'uuid': 'a28381e7-c2dc-4cb0-aa0e-2287dc3594ac', 'username': 'whitecat227', 'password': '1222', 'salt': 'i1VVTaAP', 'md5': '54fbb2f5d193db1cebb1399875561d11', 'sha1': '257f78da5ce048478d03fe89dd6c5bf7e95ea8ce', 'sha256': '40cb646e5e8205ce9cfe34b2114890588f047f64ccd8b53542daa4f5b56d29e3'}, 'dob': {'date': '1976-01-16T21:50:37.674Z', 'age': 48}, 'registered': {'date': '2011-09-08T20:30:26.508Z', 'age': 12}, 'phone': '(723)-526-7943', 'cell': '(505)-506-5905', 'id': {'name': '', 'value': None}, 'picture': {'large': 'https://randomuser.me/api/portraits/women/81.jpg', 'medium': 'https://randomuser.me/api/portraits/med/women/81.jpg', 'thumbnail': 'https://randomuser.me/api/portraits/thumb/women/81.jpg'}, 'nat': 'TR'}], 'info': {'seed': 'fb1e2ee23dbf73a4', 'results': 1, 'page': 1, 'version': '1.4'}}</msg>
<arg>${json_data}</arg>
<doc>Logs the given message with the given level.</doc>
<status status="PASS" start="2024-07-13T11:13:01.098727" elapsed="0.000221"/>
</kw>
<kw name="Should Be String" owner="String">
<arg>${json_data['results'][0]['gender']}</arg>
<doc>Fails if the given ``item`` is not a string.</doc>
<status status="PASS" start="2024-07-13T11:13:01.099247" elapsed="0.000377"/>
</kw>
<kw name="Should Match Regexp" owner="BuiltIn">
<arg>${json_data['results'][0]['email']}</arg>
<arg>^[a-zA-Z0-9._%+-]+@[a-zA-Z0-9.-]+\.[a-zA-Z]{2,}$</arg>
<doc>Fails if ``string`` does not match ``pattern`` as a regular expression.</doc>
<status status="PASS" start="2024-07-13T11:13:01.099826" elapsed="0.000606"/>
</kw>
<kw name="Should Match Regexp" owner="BuiltIn">
<arg>${json_data['results'][0]['dob']['date']}</arg>
<arg>\\d{4}-\\d{2}-\\d{2}T\\d{2}:\\d{2}:\\d{2}\\.\\d{3}Z</arg>
<doc>Fails if ``string`` does not match ``pattern`` as a regular expression.</doc>
<status status="PASS" start="2024-07-13T11:13:01.100630" elapsed="0.000496"/>
</kw>
<kw name="Should Match Regexp" owner="BuiltIn">
<arg>${json_data['results'][0]['registered']['date']}</arg>
<arg>\\d{4}-\\d{2}-\\d{2}T\\d{2}:\\d{2}:\\d{2}\\.\\d{3}Z</arg>
<doc>Fails if ``string`` does not match ``pattern`` as a regular expression.</doc>
<status status="PASS" start="2024-07-13T11:13:01.101326" elapsed="0.000379"/>
</kw>
<kw name="Should Match Regexp" owner="BuiltIn">
<arg>${json_data['results'][0]['picture']['large']}</arg>
<arg>^https?://.*\.(?:png|jpe?g|gif|bmp)$</arg>
<doc>Fails if ``string`` does not match ``pattern`` as a regular expression.</doc>
<status status="PASS" start="2024-07-13T11:13:01.101890" elapsed="0.000491"/>
</kw>
<kw name="Should Match Regexp" owner="BuiltIn">
<arg>${json_data['results'][0]['picture']['medium']}</arg>
<arg>^https?://.*\.(?:png|jpe?g|gif|bmp)$</arg>
<doc>Fails if ``string`` does not match ``pattern`` as a regular expression.</doc>
<status status="PASS" start="2024-07-13T11:13:01.102572" elapsed="0.000353"/>
</kw>
<kw name="Should Match Regexp" owner="BuiltIn">
<arg>${json_data['results'][0]['picture']['thumbnail']}</arg>
<arg>^https?://.*\.(?:png|jpe?g|gif|bmp)$</arg>
<doc>Fails if ``string`` does not match ``pattern`` as a regular expression.</doc>
<status status="PASS" start="2024-07-13T11:13:01.103106" elapsed="0.000347"/>
</kw>
<kw name="Log" owner="BuiltIn">
<msg time="2024-07-13T11:13:01.103974" level="INFO">{'large': 'https://randomuser.me/api/portraits/women/81.jpg', 'medium': 'https://randomuser.me/api/portraits/med/women/81.jpg', 'thumbnail': 'https://randomuser.me/api/portraits/thumb/women/81.jpg'}</msg>
<arg>${json_data['results'][0]['picture']}</arg>
<doc>Logs the given message with the given level.</doc>
<status status="PASS" start="2024-07-13T11:13:01.103640" elapsed="0.000377"/>
</kw>
<status status="PASS" start="2024-07-13T11:13:01.018571" elapsed="0.085725"/>
</kw>
<kw name="Teste de Tipos de Dados - Postcode" owner="random-user-service">
<kw name="GET On Session" owner="RequestsLibrary">
<msg time="2024-07-13T11:13:01.285783" level="INFO">GET Request : url=https://randomuser.me/api 
 path_url=/api 
 headers={'User-Agent': 'python-requests/2.32.3', 'Accept-Encoding': 'gzip, deflate', 'Accept': '*/*', 'Connection': 'keep-alive'} 
 body=None 
 </msg>
<msg time="2024-07-13T11:13:01.285896" level="INFO">GET Response : url=https://randomuser.me/api 
 status=200, reason=OK 
 headers={'Date': 'Sat, 13 Jul 2024 11:13:01 GMT', 'Content-Type': 'application/json; charset=utf-8', 'Transfer-Encoding': 'chunked', 'Connection': 'keep-alive', 'X-Powered-By': 'Express', 'Access-Control-Allow-Origin': '*', 'Cache-Control': 'no-cache', 'ETag': 'W/"4a6-8m2+4cKdIJd4D8oSv7Mht5QmdnY"', 'Vary': 'Accept-Encoding', 'Content-Encoding': 'gzip', 'CF-Cache-Status': 'DYNAMIC', 'Report-To': '{"endpoints":[{"url":"https:\\/\\/a.nel.cloudflare.com\\/report\\/v4?s=OIpdXbybPTdnTPs4kr2T6bJ9CNo2SQP7erzDkcvOSI0Vd29vmalbU9s4ennopl803%2BODEGsumGS%2FpnN2n3859rJfxvaDsx2wvEW4shwth05PAs%2FZOhXZ3JD1ZGv5ynJg"}],"group":"cf-nel","max_age":604800}', 'NEL': '{"success_fraction":0,"report_to":"cf-nel","max_age":604800}', 'Server': 'cloudflare', 'CF-RAY': '8a28d75df86a05fb-IAD', 'alt-svc': 'h3=":443"; ma=86400'} 
 body={"results":[{"gender":"female","name":{"title":"Mrs","first":"Maddison","last":"Smith"},"location":{"street":{"number":1064,"name":"Green Lane West"},"city":"New Plymouth","state":"Manawatu-Wanganui","country":"New Zealand","postcode":32001,"coordinates":{"latitude":"49.5834","longitude":"141.8249"},"timezone":{"offset":"+5:00","description":"Ekaterinburg, Islamabad, Karachi, Tashkent"}},"email":"maddison.smith@example.com","login":{"uuid":"9a6a1585-364a-4918-abf6-e2ceee651a1d","username":"happytiger218","password":"worm","salt":"BtNLhFiS","md5":"70427a2b57d4be23e23cb8810cf39c1d","sha1":"d0023113c78f82d676b6e26ae810f16d8e1a6dee","sha256":"d29bdf4d329a6091c71dd89bba63f194faaba846c0bd788f65b0390204276533"},"dob":{"date":"1987-12-17T15:24:13.201Z","age":36},"registered":{"date":"2020-05-18T22:08:11.860Z","age":4},"phone":"(943)-160-8281","cell":"(510)-179-6084","id":{"name":"","value":null},"picture":{"large":"https://randomuser.me/api/portraits/women/87.jpg","medium":"https://randomuser.me/api/portraits/med/women/87.jpg","thumbnail":"https://randomuser.me/api/portraits/thumb/women/87.jpg"},"nat":"NZ"}],"info":{"seed":"334f5e20178b401f","results":1,"page":1,"version":"1.4"}} 
 </msg>
<msg time="2024-07-13T11:13:01.285979" level="INFO">/opt/hostedtoolcache/Python/3.12.4/x64/lib/python3.12/site-packages/urllib3/connectionpool.py:1099: InsecureRequestWarning: Unverified HTTPS request is being made to host 'randomuser.me'. Adding certificate verification is strongly advised. See: https://urllib3.readthedocs.io/en/latest/advanced-usage.html#tls-warnings
  warnings.warn(</msg>
<msg time="2024-07-13T11:13:01.286116" level="INFO">${response} = &lt;Response [200]&gt;</msg>
<var>${response}</var>
<arg>consultarAPI</arg>
<arg>/api</arg>
<doc>Sends a GET request on a previously created HTTP Session.</doc>
<status status="PASS" start="2024-07-13T11:13:01.104766" elapsed="0.181385"/>
</kw>
<kw name="Set Variable" owner="BuiltIn">
<msg time="2024-07-13T11:13:01.287229" level="INFO">${json_data} = {'results': [{'gender': 'female', 'name': {'title': 'Mrs', 'first': 'Maddison', 'last': 'Smith'}, 'location': {'street': {'number': 1064, 'name': 'Green Lane West'}, 'city': 'New Plymouth', 'state': '...</msg>
<var>${json_data}</var>
<arg>${response.json()}</arg>
<doc>Returns the given values which can then be assigned to a variables.</doc>
<status status="PASS" start="2024-07-13T11:13:01.286720" elapsed="0.000539"/>
</kw>
<kw name="Log" owner="BuiltIn">
<msg time="2024-07-13T11:13:01.287731" level="INFO">{'results': [{'gender': 'female', 'name': {'title': 'Mrs', 'first': 'Maddison', 'last': 'Smith'}, 'location': {'street': {'number': 1064, 'name': 'Green Lane West'}, 'city': 'New Plymouth', 'state': 'Manawatu-Wanganui', 'country': 'New Zealand', 'postcode': 32001, 'coordinates': {'latitude': '49.5834', 'longitude': '141.8249'}, 'timezone': {'offset': '+5:00', 'description': 'Ekaterinburg, Islamabad, Karachi, Tashkent'}}, 'email': 'maddison.smith@example.com', 'login': {'uuid': '9a6a1585-364a-4918-abf6-e2ceee651a1d', 'username': 'happytiger218', 'password': 'worm', 'salt': 'BtNLhFiS', 'md5': '70427a2b57d4be23e23cb8810cf39c1d', 'sha1': 'd0023113c78f82d676b6e26ae810f16d8e1a6dee', 'sha256': 'd29bdf4d329a6091c71dd89bba63f194faaba846c0bd788f65b0390204276533'}, 'dob': {'date': '1987-12-17T15:24:13.201Z', 'age': 36}, 'registered': {'date': '2020-05-18T22:08:11.860Z', 'age': 4}, 'phone': '(943)-160-8281', 'cell': '(510)-179-6084', 'id': {'name': '', 'value': None}, 'picture': {'large': 'https://randomuser.me/api/portraits/women/87.jpg', 'medium': 'https://randomuser.me/api/portraits/med/women/87.jpg', 'thumbnail': 'https://randomuser.me/api/portraits/thumb/women/87.jpg'}, 'nat': 'NZ'}], 'info': {'seed': '334f5e20178b401f', 'results': 1, 'page': 1, 'version': '1.4'}}</msg>
<arg>${json_data}</arg>
<doc>Logs the given message with the given level.</doc>
<status status="PASS" start="2024-07-13T11:13:01.287566" elapsed="0.000214"/>
</kw>
<kw name="Should Be Equal As Numbers" owner="BuiltIn">
<arg>${json_data['results'][0]['location']['postcode']}</arg>
<arg>${json_data['results'][0]['location']['postcode']}</arg>
<doc>Fails if objects are unequal after converting them to real numbers.</doc>
<status status="PASS" start="2024-07-13T11:13:01.288080" elapsed="0.000618"/>
</kw>
<kw name="Log" owner="BuiltIn">
<msg time="2024-07-13T11:13:01.289259" level="INFO">32001</msg>
<arg>${json_data['results'][0]['location']['postcode']}</arg>
<doc>Logs the given message with the given level.</doc>
<status status="PASS" start="2024-07-13T11:13:01.288890" elapsed="0.000411"/>
</kw>
<status status="PASS" start="2024-07-13T11:13:01.104535" elapsed="0.185035"/>
</kw>
<doc>Testa se os tipos de dados na resposta da API estão corretos.</doc>
<tag>testeTiposDados</tag>
<status status="PASS" start="2024-07-13T11:13:01.017762" elapsed="0.271977"/>
</test>
<test id="s1-s1-t5" name="Validar conteudo" line="35">
<kw name="Teste de Tipos de Conteudo" owner="random-user-service">
<kw name="GET On Session" owner="RequestsLibrary">
<msg time="2024-07-13T11:13:01.381174" level="INFO">GET Request : url=https://randomuser.me/api 
 path_url=/api 
 headers={'User-Agent': 'python-requests/2.32.3', 'Accept-Encoding': 'gzip, deflate', 'Accept': '*/*', 'Connection': 'keep-alive'} 
 body=None 
 </msg>
<msg time="2024-07-13T11:13:01.381287" level="INFO">GET Response : url=https://randomuser.me/api 
 status=200, reason=OK 
 headers={'Date': 'Sat, 13 Jul 2024 11:13:01 GMT', 'Content-Type': 'application/json; charset=utf-8', 'Transfer-Encoding': 'chunked', 'Connection': 'keep-alive', 'X-Powered-By': 'Express', 'Access-Control-Allow-Origin': '*', 'Cache-Control': 'no-cache', 'ETag': 'W/"48b-nbMSatj/adH/raym7D3fJ1KZ+O4"', 'Vary': 'Accept-Encoding', 'Content-Encoding': 'gzip', 'CF-Cache-Status': 'DYNAMIC', 'Report-To': '{"endpoints":[{"url":"https:\\/\\/a.nel.cloudflare.com\\/report\\/v4?s=BWiKJnkLJ3x6c5twYGtzh5Sgjflft7yIWuyoW0azlq0X6IvvbPZNCtwUXBzRdRICRLbj867c8N%2By3%2FVknNPH3ViPzbhCiRRMUIO0kz3qDWt6bloGs81wWGSmsrS%2BvCAj"}],"group":"cf-nel","max_age":604800}', 'NEL': '{"success_fraction":0,"report_to":"cf-nel","max_age":604800}', 'Server': 'cloudflare', 'CF-RAY': '8a28d75f290e05fb-IAD', 'alt-svc': 'h3=":443"; ma=86400'} 
 body={"results":[{"gender":"male","name":{"title":"Mr","first":"Oliver","last":"Lammi"},"location":{"street":{"number":7677,"name":"Pispalan Valtatie"},"city":"Sastamala","state":"Lapland","country":"Finland","postcode":15349,"coordinates":{"latitude":"-22.2281","longitude":"-52.8406"},"timezone":{"offset":"-11:00","description":"Midway Island, Samoa"}},"email":"oliver.lammi@example.com","login":{"uuid":"b70c9c40-6a05-447a-a0d4-cf1236de28e3","username":"ticklishfish807","password":"87654321","salt":"yObvrBON","md5":"466127ea605ac820f515b80eca07d639","sha1":"cc0dd0ef1ad367e0d8919c6461c1f886bf21fd34","sha256":"4795f84fdafd4e16c1f81152f6b00428a617e17b48653551f4cb98e338db8871"},"dob":{"date":"1998-10-25T18:10:10.065Z","age":25},"registered":{"date":"2003-09-21T16:14:36.435Z","age":20},"phone":"03-388-158","cell":"042-602-90-59","id":{"name":"HETU","value":"NaNNA529undefined"},"picture":{"large":"https://randomuser.me/api/portraits/men/12.jpg","medium":"https://randomuser.me/api/portraits/med/men/12.jpg","thumbnail":"https://randomuser.me/api/portraits/thumb/men/12.jpg"},"nat":"FI"}],"info":{"seed":"bc85f003727218bd","results":1,"page":1,"version":"1.4"}} 
 </msg>
<msg time="2024-07-13T11:13:01.381386" level="INFO">/opt/hostedtoolcache/Python/3.12.4/x64/lib/python3.12/site-packages/urllib3/connectionpool.py:1099: InsecureRequestWarning: Unverified HTTPS request is being made to host 'randomuser.me'. Adding certificate verification is strongly advised. See: https://urllib3.readthedocs.io/en/latest/advanced-usage.html#tls-warnings
  warnings.warn(</msg>
<msg time="2024-07-13T11:13:01.381511" level="INFO">${response} = &lt;Response [200]&gt;</msg>
<var>${response}</var>
<arg>consultarAPI</arg>
<arg>/api</arg>
<doc>Sends a GET request on a previously created HTTP Session.</doc>
<status status="PASS" start="2024-07-13T11:13:01.292442" elapsed="0.089097"/>
</kw>
<kw name="Set Variable" owner="BuiltIn">
<msg time="2024-07-13T11:13:01.382639" level="INFO">${json_data} = {'results': [{'gender': 'male', 'name': {'title': 'Mr', 'first': 'Oliver', 'last': 'Lammi'}, 'location': {'street': {'number': 7677, 'name': 'Pispalan Valtatie'}, 'city': 'Sastamala', 'state': 'Laplan...</msg>
<var>${json_data}</var>
<arg>${response.json()}</arg>
<doc>Returns the given values which can then be assigned to a variables.</doc>
<status status="PASS" start="2024-07-13T11:13:01.382083" elapsed="0.000585"/>
</kw>
<kw name="Set Variable" owner="BuiltIn">
<msg time="2024-07-13T11:13:01.383372" level="INFO">${name_title} = Mr</msg>
<var>${name_title}</var>
<arg>${json_data["results"][0]["name"]["title"]}</arg>
<doc>Returns the given values which can then be assigned to a variables.</doc>
<status status="PASS" start="2024-07-13T11:13:01.382988" elapsed="0.000410"/>
</kw>
<kw name="Create List" owner="BuiltIn">
<msg time="2024-07-13T11:13:01.383852" level="INFO">${allowed_titles} = ['Mr', 'Ms', 'Miss', 'Mrs', 'Madame', 'Monsieur']</msg>
<var>${allowed_titles}</var>
<arg>Mr</arg>
<arg>Ms</arg>
<arg>Miss</arg>
<arg>Mrs</arg>
<arg>Madame</arg>
<arg>Monsieur</arg>
<doc>Returns a list containing given items.</doc>
<status status="PASS" start="2024-07-13T11:13:01.383700" elapsed="0.000177"/>
</kw>
<kw name="List Should Contain Value" owner="Collections">
<arg>${allowed_titles}</arg>
<arg>${name_title}</arg>
<doc>Fails if the ``value`` is not found from ``list``.</doc>
<status status="PASS" start="2024-07-13T11:13:01.384175" elapsed="0.000175"/>
</kw>
<kw name="Set Variable" owner="BuiltIn">
<msg time="2024-07-13T11:13:01.384888" level="INFO">${name_country} = FI</msg>
<var>${name_country}</var>
<arg>${json_data["results"][0]["nat"]}</arg>
<doc>Returns the given values which can then be assigned to a variables.</doc>
<status status="PASS" start="2024-07-13T11:13:01.384529" elapsed="0.000383"/>
</kw>
<kw name="Create List" owner="BuiltIn">
<msg time="2024-07-13T11:13:01.385827" level="INFO">${list_country} = ['AD', 'AE', 'AF', 'AG', 'AI', 'AL', 'AM', 'AO', 'AQ', 'AR', 'AS', 'AT', 'AU', 'AW', 'AX', 'AZ', 'BA', 'BB', 'BD', 'BE', 'BF', 'BG', 'BH', 'BI', 'BJ', 'BL', 'BM', 'BN', 'BO', 'BQ', 'BR', 'BS', 'BT', '...</msg>
<var>${list_country}</var>
<arg>AD</arg>
<arg>AE</arg>
<arg>AF</arg>
<arg>AG</arg>
<arg>AI</arg>
<arg>AL</arg>
<arg>AM</arg>
<arg>AO</arg>
<arg>AQ</arg>
<arg>AR</arg>
<arg>AS</arg>
<arg>AT</arg>
<arg>AU</arg>
<arg>AW</arg>
<arg>AX</arg>
<arg>AZ</arg>
<arg>BA</arg>
<arg>BB</arg>
<arg>BD</arg>
<arg>BE</arg>
<arg>BF</arg>
<arg>BG</arg>
<arg>BH</arg>
<arg>BI</arg>
<arg>BJ</arg>
<arg>BL</arg>
<arg>BM</arg>
<arg>BN</arg>
<arg>BO</arg>
<arg>BQ</arg>
<arg>BR</arg>
<arg>BS</arg>
<arg>BT</arg>
<arg>BV</arg>
<arg>BW</arg>
<arg>BY</arg>
<arg>BZ</arg>
<arg>CA</arg>
<arg>CC</arg>
<arg>CD</arg>
<arg>CF</arg>
<arg>CG</arg>
<arg>CH</arg>
<arg>CI</arg>
<arg>CK</arg>
<arg>CL</arg>
<arg>CM</arg>
<arg>CN</arg>
<arg>CO</arg>
<arg>CR</arg>
<arg>CU</arg>
<arg>CV</arg>
<arg>CW</arg>
<arg>CX</arg>
<arg>CY</arg>
<arg>CZ</arg>
<arg>DE</arg>
<arg>DJ</arg>
<arg>DK</arg>
<arg>DM</arg>
<arg>DO</arg>
<arg>DZ</arg>
<arg>EC</arg>
<arg>EE</arg>
<arg>EG</arg>
<arg>EH</arg>
<arg>ER</arg>
<arg>ES</arg>
<arg>ET</arg>
<arg>FI</arg>
<arg>FJ</arg>
<arg>FK</arg>
<arg>FM</arg>
<arg>FO</arg>
<arg>FR</arg>
<arg>GA</arg>
<arg>GB</arg>
<arg>GD</arg>
<arg>GE</arg>
<arg>GF</arg>
<arg>GG</arg>
<arg>GH</arg>
<arg>GI</arg>
<arg>GL</arg>
<arg>GM</arg>
<arg>GN</arg>
<arg>GP</arg>
<arg>GQ</arg>
<arg>GR</arg>
<arg>GS</arg>
<arg>GT</arg>
<arg>GU</arg>
<arg>GW</arg>
<arg>GY</arg>
<arg>HK</arg>
<arg>HM</arg>
<arg>HN</arg>
<arg>HR</arg>
<arg>HT</arg>
<arg>HU</arg>
<arg>ID</arg>
<arg>IE</arg>
<arg>IL</arg>
<arg>IM</arg>
<arg>IN</arg>
<arg>IO</arg>
<arg>IQ</arg>
<arg>IR</arg>
<arg>IS</arg>
<arg>IT</arg>
<arg>JE</arg>
<arg>JM</arg>
<arg>JO</arg>
<arg>JP</arg>
<arg>KE</arg>
<arg>KG</arg>
<arg>KH</arg>
<arg>KI</arg>
<arg>KM</arg>
<arg>KN</arg>
<arg>KP</arg>
<arg>KR</arg>
<arg>KW</arg>
<arg>KY</arg>
<arg>KZ</arg>
<arg>LA</arg>
<arg>LB</arg>
<arg>LC</arg>
<arg>LI</arg>
<arg>LK</arg>
<arg>LR</arg>
<arg>LS</arg>
<arg>LT</arg>
<arg>LU</arg>
<arg>LV</arg>
<arg>LY</arg>
<arg>MA</arg>
<arg>MC</arg>
<arg>MD</arg>
<arg>ME</arg>
<arg>MF</arg>
<arg>MG</arg>
<arg>MH</arg>
<arg>MK</arg>
<arg>ML</arg>
<arg>MM</arg>
<arg>MN</arg>
<arg>MO</arg>
<arg>MP</arg>
<arg>MQ</arg>
<arg>MR</arg>
<arg>MS</arg>
<arg>MT</arg>
<arg>MU</arg>
<arg>MV</arg>
<arg>MW</arg>
<arg>MX</arg>
<arg>MY</arg>
<arg>MZ</arg>
<arg>NA</arg>
<arg>NC</arg>
<arg>NE</arg>
<arg>NF</arg>
<arg>NG</arg>
<arg>NI</arg>
<arg>NL</arg>
<arg>NO</arg>
<arg>NP</arg>
<arg>NR</arg>
<arg>NU</arg>
<arg>NZ</arg>
<arg>OM</arg>
<arg>PA</arg>
<arg>PE</arg>
<arg>PF</arg>
<arg>PG</arg>
<arg>PH</arg>
<arg>PK</arg>
<arg>PL</arg>
<arg>PM</arg>
<arg>PN</arg>
<arg>PR</arg>
<arg>PS</arg>
<arg>PT</arg>
<arg>PW</arg>
<arg>PY</arg>
<arg>QA</arg>
<arg>RE</arg>
<arg>RO</arg>
<arg>RS</arg>
<arg>RU</arg>
<arg>RW</arg>
<arg>SA</arg>
<arg>SB</arg>
<arg>SC</arg>
<arg>SD</arg>
<arg>SE</arg>
<arg>SG</arg>
<arg>SH</arg>
<arg>SI</arg>
<arg>SJ</arg>
<arg>SK</arg>
<arg>SL</arg>
<arg>SM</arg>
<arg>SN</arg>
<arg>SO</arg>
<arg>SR</arg>
<arg>SS</arg>
<arg>ST</arg>
<arg>SV</arg>
<arg>SX</arg>
<arg>SY</arg>
<arg>SZ</arg>
<arg>TC</arg>
<arg>TD</arg>
<arg>TF</arg>
<arg>TG</arg>
<arg>TH</arg>
<arg>TJ</arg>
<arg>TK</arg>
<arg>TL</arg>
<arg>TM</arg>
<arg>TN</arg>
<arg>TO</arg>
<arg>TR</arg>
<arg>TT</arg>
<arg>TV</arg>
<arg>TW</arg>
<arg>TZ</arg>
<arg>UA</arg>
<arg>UG</arg>
<arg>UM</arg>
<arg>US</arg>
<arg>UY</arg>
<arg>UZ</arg>
<arg>VA</arg>
<arg>VC</arg>
<arg>VE</arg>
<arg>VG</arg>
<arg>VI</arg>
<arg>VN</arg>
<arg>VU</arg>
<arg>WF</arg>
<arg>WS</arg>
<arg>XK</arg>
<arg>YE</arg>
<arg>YT</arg>
<arg>ZA</arg>
<arg>ZM</arg>
<arg>ZW</arg>
<doc>Returns a list containing given items.</doc>
<status status="PASS" start="2024-07-13T11:13:01.385235" elapsed="0.000617"/>
</kw>
<kw name="List Should Contain Value" owner="Collections">
<arg>${list_country}</arg>
<arg>${name_country}</arg>
<doc>Fails if the ``value`` is not found from ``list``.</doc>
<status status="PASS" start="2024-07-13T11:13:01.386670" elapsed="0.000212"/>
</kw>
<kw name="Run Keyword If" owner="BuiltIn">
<kw name="Should Be True" owner="BuiltIn">
<arg>${True}</arg>
<doc>Fails if the given condition is not true.</doc>
<status status="PASS" start="2024-07-13T11:13:01.387821" elapsed="0.000142"/>
</kw>
<arg>${json_data["results"][0]["location"]["coordinates"]["latitude"]} &gt;= -90 and ${json_data["results"][0]["location"]["coordinates"]["latitude"]} &lt;= 90</arg>
<arg>Should Be True</arg>
<arg>${True}</arg>
<doc>Runs the given keyword with the given arguments, if ``condition`` is true.</doc>
<status status="PASS" start="2024-07-13T11:13:01.387078" elapsed="0.001009"/>
</kw>
<kw name="Run Keyword If" owner="BuiltIn">
<kw name="Should Be True" owner="BuiltIn">
<arg>${True}</arg>
<doc>Fails if the given condition is not true.</doc>
<status status="PASS" start="2024-07-13T11:13:01.388955" elapsed="0.000134"/>
</kw>
<arg>${json_data["results"][0]["location"]["coordinates"]["longitude"]} &gt;= -180 and ${json_data["results"][0]["location"]["coordinates"]["longitude"]} &lt;= 180</arg>
<arg>Should Be True</arg>
<arg>${True}</arg>
<doc>Runs the given keyword with the given arguments, if ``condition`` is true.</doc>
<status status="PASS" start="2024-07-13T11:13:01.388266" elapsed="0.000944"/>
</kw>
<status status="PASS" start="2024-07-13T11:13:01.292044" elapsed="0.097300"/>
</kw>
<doc>Testa o conteúdo específico dos campos retornados pela API.</doc>
<tag>testeConteudo</tag>
<status status="PASS" start="2024-07-13T11:13:01.291582" elapsed="0.097919"/>
</test>
<status status="PASS" start="2024-07-13T11:13:00.388977" elapsed="1.002486"/>
</suite>
<status status="PASS" start="2024-07-13T11:13:00.373871" elapsed="1.022783"/>
</suite>
<statistics>
<total>
<stat pass="5" fail="0" skip="0">All Tests</stat>
</total>
<tag>
<stat pass="1" fail="0" skip="0">testeConteudo</stat>
<stat pass="1" fail="0" skip="0">testeEstruturaResposta</stat>
<stat pass="1" fail="0" skip="0">testeRequisicaoBasica</stat>
<stat pass="1" fail="0" skip="0">testeTiposDados</stat>
</tag>
<suite>
<stat pass="5" fail="0" skip="0" id="s1" name="Tests">Tests</stat>
<stat pass="5" fail="0" skip="0" id="s1-s1" name="Random-User-Test">Tests.Random-User-Test</stat>
</suite>
</statistics>
<errors>
</errors>
</robot>
