<?xml version="1.0" encoding="UTF-8"?>
<robot generator="Robot 7.0 (Python 3.12.3 on linux)" generated="2024-05-22T15:16:06.426779" rpa="false" schemaversion="5">
<suite id="s1" name="Tests" source="/home/runner/work/DesafioQAItauRogerioJordao/DesafioQAItauRogerioJordao/RamdonUser/tests">
<suite id="s1-s1" name="Random-User-Test" source="/home/runner/work/DesafioQAItauRogerioJordao/DesafioQAItauRogerioJordao/RamdonUser/tests/random-user-test.robot">
<test id="s1-s1-t1" name="Conectar" line="13">
<kw name="Conectar API" owner="random-user-service">
<kw name="Create Session" owner="RequestsLibrary">
<msg time="2024-05-22T15:16:06.809662" level="INFO">Creating Session using : alias=consultarAPI, url=https://randomuser.me/, headers={},                     cookies={}, auth=None, timeout=None, proxies=None, verify=False,                     debug=0 </msg>
<arg>consultarAPI</arg>
<arg>${URL}</arg>
<doc>Create Session: create a HTTP session to a server</doc>
<status status="PASS" start="2024-05-22T15:16:06.809463" elapsed="0.000372"/>
</kw>
<status status="PASS" start="2024-05-22T15:16:06.808483" elapsed="0.001715"/>
</kw>
<status status="PASS" start="2024-05-22T15:16:06.807824" elapsed="0.002583"/>
</test>
<test id="s1-s1-t2" name="Validar retorno 200 e JSON Válido" line="16">
<kw name="Teste de Requisicao Basica" owner="random-user-service">
<kw name="GET On Session" owner="RequestsLibrary">
<msg time="2024-05-22T15:16:07.006738" level="INFO">GET Request : url=https://randomuser.me/api 
 path_url=/api 
 headers={'User-Agent': 'python-requests/2.32.2', 'Accept-Encoding': 'gzip, deflate', 'Accept': '*/*', 'Connection': 'keep-alive'} 
 body=None 
 </msg>
<msg time="2024-05-22T15:16:07.006891" level="INFO">GET Response : url=https://randomuser.me/api 
 status=200, reason=OK 
 headers={'Date': 'Wed, 22 May 2024 15:16:07 GMT', 'Content-Type': 'application/json; charset=utf-8', 'Transfer-Encoding': 'chunked', 'Connection': 'keep-alive', 'X-Powered-By': 'Express', 'Access-Control-Allow-Origin': '*', 'Cache-Control': 'no-cache', 'ETag': 'W/"48d-Oqfg/Juvlqf4EsspLhZiXmkfpaM"', 'Vary': 'Accept-Encoding', 'Content-Encoding': 'gzip', 'CF-Cache-Status': 'DYNAMIC', 'Report-To': '{"endpoints":[{"url":"https:\\/\\/a.nel.cloudflare.com\\/report\\/v4?s=rD4VT1qERK7OLgUQ1E%2BmQ7CjRDovkAMVDwWsf4AZkls2agDC2lM1dUxSO7sWubIlH5gczBxYWJDI0DuwunysEmKJ%2FprwM2TupvSsSXV6%2BSiPp0VoHvV0%2B62myNF07uaJ"}],"group":"cf-nel","max_age":604800}', 'NEL': '{"success_fraction":0,"report_to":"cf-nel","max_age":604800}', 'Server': 'cloudflare', 'CF-RAY': '887dc3f6cf40984e-SJC', 'alt-svc': 'h3=":443"; ma=86400'} 
 body={"results":[{"gender":"female","name":{"title":"Miss","first":"Viktorija","last":"Bakić"},"location":{"street":{"number":4518,"name":"Rate Petrovića"},"city":"Ćićevac","state":"Rasina","country":"Serbia","postcode":99272,"coordinates":{"latitude":"58.6832","longitude":"133.7978"},"timezone":{"offset":"+6:00","description":"Almaty, Dhaka, Colombo"}},"email":"viktorija.bakic@example.com","login":{"uuid":"e02c7b3b-ffc9-4a66-8825-cee20455c8e7","username":"goldenpeacock934","password":"buster1","salt":"7VJQyxbI","md5":"d149fd90e53d964de08ec705c6f8c390","sha1":"d8c405b0ba2a7bc5051b274c58d0d0654c350c33","sha256":"d57f6df23838a2e90f445ed323677c8210a01559cd5cb0eb372fb8406c51a361"},"dob":{"date":"1996-01-11T04:02:54.908Z","age":28},"registered":{"date":"2005-09-23T11:27:53.021Z","age":18},"phone":"013-3758-417","cell":"066-0626-575","id":{"name":"SID","value":"891105747"},"picture":{"large":"https://randomuser.me/api/portraits/women/4.jpg","medium":"https://randomuser.me/api/portraits/med/women/4.jpg","thumbnail":"https://randomuser.me/api/portraits/thumb/women/4.jpg"},"nat":"RS"}],"info":{"seed":"2166741cee99e137","results":1,"page":1,"version":"1.4"}} 
 </msg>
<msg time="2024-05-22T15:16:07.006974" level="INFO">/opt/hostedtoolcache/Python/3.12.3/x64/lib/python3.12/site-packages/urllib3/connectionpool.py:1103: InsecureRequestWarning: Unverified HTTPS request is being made to host 'randomuser.me'. Adding certificate verification is strongly advised. See: https://urllib3.readthedocs.io/en/latest/advanced-usage.html#tls-warnings
  warnings.warn(</msg>
<msg time="2024-05-22T15:16:07.007132" level="INFO">${response} = &lt;Response [200]&gt;</msg>
<var>${response}</var>
<arg>consultarAPI</arg>
<arg>/api</arg>
<doc>Sends a GET request on a previously created HTTP Session.</doc>
<status status="PASS" start="2024-05-22T15:16:06.813145" elapsed="0.194031"/>
</kw>
<kw name="Should Be Equal As Numbers" owner="BuiltIn">
<msg time="2024-05-22T15:16:07.008154" level="INFO">Argument types are:
&lt;class 'int'&gt;
&lt;class 'str'&gt;</msg>
<arg>${response.status_code}</arg>
<arg>200</arg>
<doc>Fails if objects are unequal after converting them to real numbers.</doc>
<status status="PASS" start="2024-05-22T15:16:07.007713" elapsed="0.000506"/>
</kw>
<kw name="Log" owner="BuiltIn">
<msg time="2024-05-22T15:16:07.008946" level="INFO">200</msg>
<arg>${response.status_code}</arg>
<doc>Logs the given message with the given level.</doc>
<status status="PASS" start="2024-05-22T15:16:07.008601" elapsed="0.000391"/>
</kw>
<kw name="Set Variable" owner="BuiltIn">
<msg time="2024-05-22T15:16:07.009739" level="INFO">${json_data} = {'results': [{'gender': 'female', 'name': {'title': 'Miss', 'first': 'Viktorija', 'last': 'Bakić'}, 'location': {'street': {'number': 4518, 'name': 'Rate Petrovića'}, 'city': 'Ćićevac', 'state': 'Rasi...</msg>
<var>${json_data}</var>
<arg>${response.json()}</arg>
<doc>Returns the given values which can then be assigned to a variables.</doc>
<status status="PASS" start="2024-05-22T15:16:07.009301" elapsed="0.000468"/>
</kw>
<kw name="Dictionary Should Contain Key" owner="Collections">
<msg time="2024-05-22T15:16:07.010244" level="INFO">False</msg>
<arg>${json_data}</arg>
<arg>results</arg>
<doc>Fails if ``key`` is not found from ``dictionary``.</doc>
<status status="PASS" start="2024-05-22T15:16:07.010079" elapsed="0.000204"/>
</kw>
<status status="PASS" start="2024-05-22T15:16:06.812850" elapsed="0.197689"/>
</kw>
<doc>Testa se a API responde corretamente e retorna um objeto JSON válido.</doc>
<tag>testeRequisicaoBasica</tag>
<status status="PASS" start="2024-05-22T15:16:06.812263" elapsed="0.198460"/>
</test>
<test id="s1-s1-t3" name="Validar estrutura de resposta" line="22">
<kw name="Teste de Estrutura de Resposta" owner="random-user-service">
<kw name="GET On Session" owner="RequestsLibrary">
<msg time="2024-05-22T15:16:07.149918" level="INFO">GET Request : url=https://randomuser.me/api 
 path_url=/api 
 headers={'User-Agent': 'python-requests/2.32.2', 'Accept-Encoding': 'gzip, deflate', 'Accept': '*/*', 'Connection': 'keep-alive'} 
 body=None 
 </msg>
<msg time="2024-05-22T15:16:07.149999" level="INFO">GET Response : url=https://randomuser.me/api 
 status=200, reason=OK 
 headers={'Date': 'Wed, 22 May 2024 15:16:07 GMT', 'Content-Type': 'application/json; charset=utf-8', 'Transfer-Encoding': 'chunked', 'Connection': 'keep-alive', 'X-Powered-By': 'Express', 'Access-Control-Allow-Origin': '*', 'Cache-Control': 'no-cache', 'ETag': 'W/"4a3-l8EueQ9HL/esHP9E9zIFV7PE+HA"', 'Vary': 'Accept-Encoding', 'Content-Encoding': 'gzip', 'CF-Cache-Status': 'DYNAMIC', 'Report-To': '{"endpoints":[{"url":"https:\\/\\/a.nel.cloudflare.com\\/report\\/v4?s=3HtdJG8%2FKf6muK5DUi%2F38Xt0LQ1eX0NksK1tpgPufuPjMsA6O2sENMvUVZoLgZRNZLOdlx%2BnJmIeq8DLhRWMJdtpeu9f8UJOWLOf8gDheKqe534bz%2FjDKPJtjyBK6PU5"}],"group":"cf-nel","max_age":604800}', 'NEL': '{"success_fraction":0,"report_to":"cf-nel","max_age":604800}', 'Server': 'cloudflare', 'CF-RAY': '887dc3f7dfb4984e-SJC', 'alt-svc': 'h3=":443"; ma=86400'} 
 body={"results":[{"gender":"male","name":{"title":"Mr","first":"Ângelo","last":"Fogaça"},"location":{"street":{"number":4378,"name":"Avenida da Legalidade"},"city":"Montes Claros","state":"Rio de Janeiro","country":"Brazil","postcode":83929,"coordinates":{"latitude":"-75.9860","longitude":"-94.7896"},"timezone":{"offset":"-3:00","description":"Brazil, Buenos Aires, Georgetown"}},"email":"angelo.fogaca@example.com","login":{"uuid":"f75709ad-e584-4e40-8a58-5edcb48bc557","username":"goldenlion382","password":"paula","salt":"5vGs5rbq","md5":"25b8897ed4946b57eafb3646feb72d2a","sha1":"98e0e31cfc671a8c640dd2c4abc356e0f4247865","sha256":"d932d2296ab653d0fb0ada85ba368c69d032b693e3f84d1f9a64247e072bf215"},"dob":{"date":"1997-09-10T00:39:19.188Z","age":26},"registered":{"date":"2019-01-20T22:51:51.822Z","age":5},"phone":"(73) 5773-3462","cell":"(46) 6557-3029","id":{"name":"CPF","value":"183.349.657-34"},"picture":{"large":"https://randomuser.me/api/portraits/men/78.jpg","medium":"https://randomuser.me/api/portraits/med/men/78.jpg","thumbnail":"https://randomuser.me/api/portraits/thumb/men/78.jpg"},"nat":"BR"}],"info":{"seed":"65344e43bedc1bf9","results":1,"page":1,"version":"1.4"}} 
 </msg>
<msg time="2024-05-22T15:16:07.150120" level="INFO">/opt/hostedtoolcache/Python/3.12.3/x64/lib/python3.12/site-packages/urllib3/connectionpool.py:1103: InsecureRequestWarning: Unverified HTTPS request is being made to host 'randomuser.me'. Adding certificate verification is strongly advised. See: https://urllib3.readthedocs.io/en/latest/advanced-usage.html#tls-warnings
  warnings.warn(</msg>
<msg time="2024-05-22T15:16:07.150234" level="INFO">${response} = &lt;Response [200]&gt;</msg>
<var>${response}</var>
<arg>consultarAPI</arg>
<arg>/api</arg>
<doc>Sends a GET request on a previously created HTTP Session.</doc>
<status status="PASS" start="2024-05-22T15:16:07.013318" elapsed="0.136959"/>
</kw>
<kw name="Set Variable" owner="BuiltIn">
<msg time="2024-05-22T15:16:07.151087" level="INFO">${json_data} = {'results': [{'gender': 'male', 'name': {'title': 'Mr', 'first': 'Ângelo', 'last': 'Fogaça'}, 'location': {'street': {'number': 4378, 'name': 'Avenida da Legalidade'}, 'city': 'Montes Claros', 'state'...</msg>
<var>${json_data}</var>
<arg>${response.json()}</arg>
<doc>Returns the given values which can then be assigned to a variables.</doc>
<status status="PASS" start="2024-05-22T15:16:07.150634" elapsed="0.000484"/>
</kw>
<kw name="Log" owner="BuiltIn">
<msg time="2024-05-22T15:16:07.151586" level="INFO">{'results': [{'gender': 'male', 'name': {'title': 'Mr', 'first': 'Ângelo', 'last': 'Fogaça'}, 'location': {'street': {'number': 4378, 'name': 'Avenida da Legalidade'}, 'city': 'Montes Claros', 'state': 'Rio de Janeiro', 'country': 'Brazil', 'postcode': 83929, 'coordinates': {'latitude': '-75.9860', 'longitude': '-94.7896'}, 'timezone': {'offset': '-3:00', 'description': 'Brazil, Buenos Aires, Georgetown'}}, 'email': 'angelo.fogaca@example.com', 'login': {'uuid': 'f75709ad-e584-4e40-8a58-5edcb48bc557', 'username': 'goldenlion382', 'password': 'paula', 'salt': '5vGs5rbq', 'md5': '25b8897ed4946b57eafb3646feb72d2a', 'sha1': '98e0e31cfc671a8c640dd2c4abc356e0f4247865', 'sha256': 'd932d2296ab653d0fb0ada85ba368c69d032b693e3f84d1f9a64247e072bf215'}, 'dob': {'date': '1997-09-10T00:39:19.188Z', 'age': 26}, 'registered': {'date': '2019-01-20T22:51:51.822Z', 'age': 5}, 'phone': '(73) 5773-3462', 'cell': '(46) 6557-3029', 'id': {'name': 'CPF', 'value': '183.349.657-34'}, 'picture': {'large': 'https://randomuser.me/api/portraits/men/78.jpg', 'medium': 'https://randomuser.me/api/portraits/med/men/78.jpg', 'thumbnail': 'https://randomuser.me/api/portraits/thumb/men/78.jpg'}, 'nat': 'BR'}], 'info': {'seed': '65344e43bedc1bf9', 'results': 1, 'page': 1, 'version': '1.4'}}</msg>
<arg>${json_data}</arg>
<doc>Logs the given message with the given level.</doc>
<status status="PASS" start="2024-05-22T15:16:07.151425" elapsed="0.000220"/>
</kw>
<kw name="Dictionary Should Contain Key" owner="Collections">
<msg time="2024-05-22T15:16:07.152104" level="INFO">False</msg>
<arg>${json_data}</arg>
<arg>results</arg>
<doc>Fails if ``key`` is not found from ``dictionary``.</doc>
<status status="PASS" start="2024-05-22T15:16:07.151941" elapsed="0.000200"/>
</kw>
<kw name="Should Not Be Empty" owner="BuiltIn">
<msg time="2024-05-22T15:16:07.152621" level="INFO">Length is 2.</msg>
<arg>${json_data}</arg>
<doc>Verifies that the given item is not empty.</doc>
<status status="PASS" start="2024-05-22T15:16:07.152482" elapsed="0.000177"/>
</kw>
<kw name="Create List" owner="BuiltIn">
<msg time="2024-05-22T15:16:07.153248" level="INFO">${expected_keys} = ['gender', 'name', 'location', 'email', 'login']</msg>
<var>${expected_keys}</var>
<arg>gender</arg>
<arg>name</arg>
<arg>location</arg>
<arg>email</arg>
<arg>login</arg>
<doc>Returns a list containing given items.</doc>
<status status="PASS" start="2024-05-22T15:16:07.152955" elapsed="0.000318"/>
</kw>
<for flavor="IN">
<iter>
<kw name="Dictionary Should Contain Key" owner="Collections">
<msg time="2024-05-22T15:16:07.154248" level="INFO">False</msg>
<arg>${json_data['results'][0]}</arg>
<arg>${key}</arg>
<doc>Fails if ``key`` is not found from ``dictionary``.</doc>
<status status="PASS" start="2024-05-22T15:16:07.153845" elapsed="0.000442"/>
</kw>
<kw name="Log" owner="BuiltIn">
<msg time="2024-05-22T15:16:07.154946" level="INFO">{'gender': 'male', 'name': {'title': 'Mr', 'first': 'Ângelo', 'last': 'Fogaça'}, 'location': {'street': {'number': 4378, 'name': 'Avenida da Legalidade'}, 'city': 'Montes Claros', 'state': 'Rio de Janeiro', 'country': 'Brazil', 'postcode': 83929, 'coordinates': {'latitude': '-75.9860', 'longitude': '-94.7896'}, 'timezone': {'offset': '-3:00', 'description': 'Brazil, Buenos Aires, Georgetown'}}, 'email': 'angelo.fogaca@example.com', 'login': {'uuid': 'f75709ad-e584-4e40-8a58-5edcb48bc557', 'username': 'goldenlion382', 'password': 'paula', 'salt': '5vGs5rbq', 'md5': '25b8897ed4946b57eafb3646feb72d2a', 'sha1': '98e0e31cfc671a8c640dd2c4abc356e0f4247865', 'sha256': 'd932d2296ab653d0fb0ada85ba368c69d032b693e3f84d1f9a64247e072bf215'}, 'dob': {'date': '1997-09-10T00:39:19.188Z', 'age': 26}, 'registered': {'date': '2019-01-20T22:51:51.822Z', 'age': 5}, 'phone': '(73) 5773-3462', 'cell': '(46) 6557-3029', 'id': {'name': 'CPF', 'value': '183.349.657-34'}, 'picture': {'large': 'https://randomuser.me/api/portraits/men/78.jpg', 'medium': 'https://randomuser.me/api/portraits/med/men/78.jpg', 'thumbnail': 'https://randomuser.me/api/portraits/thumb/men/78.jpg'}, 'nat': 'BR'}</msg>
<arg>${json_data['results'][0]}</arg>
<doc>Logs the given message with the given level.</doc>
<status status="PASS" start="2024-05-22T15:16:07.154589" elapsed="0.000408"/>
</kw>
<kw name="Log" owner="BuiltIn">
<msg time="2024-05-22T15:16:07.155431" level="INFO">gender</msg>
<arg>${key}</arg>
<doc>Logs the given message with the given level.</doc>
<status status="PASS" start="2024-05-22T15:16:07.155296" elapsed="0.000172"/>
</kw>
<var name="${key}">gender</var>
<status status="PASS" start="2024-05-22T15:16:07.153721" elapsed="0.001971"/>
</iter>
<iter>
<kw name="Dictionary Should Contain Key" owner="Collections">
<msg time="2024-05-22T15:16:07.156377" level="INFO">False</msg>
<arg>${json_data['results'][0]}</arg>
<arg>${key}</arg>
<doc>Fails if ``key`` is not found from ``dictionary``.</doc>
<status status="PASS" start="2024-05-22T15:16:07.155992" elapsed="0.000423"/>
</kw>
<kw name="Log" owner="BuiltIn">
<msg time="2024-05-22T15:16:07.157117" level="INFO">{'gender': 'male', 'name': {'title': 'Mr', 'first': 'Ângelo', 'last': 'Fogaça'}, 'location': {'street': {'number': 4378, 'name': 'Avenida da Legalidade'}, 'city': 'Montes Claros', 'state': 'Rio de Janeiro', 'country': 'Brazil', 'postcode': 83929, 'coordinates': {'latitude': '-75.9860', 'longitude': '-94.7896'}, 'timezone': {'offset': '-3:00', 'description': 'Brazil, Buenos Aires, Georgetown'}}, 'email': 'angelo.fogaca@example.com', 'login': {'uuid': 'f75709ad-e584-4e40-8a58-5edcb48bc557', 'username': 'goldenlion382', 'password': 'paula', 'salt': '5vGs5rbq', 'md5': '25b8897ed4946b57eafb3646feb72d2a', 'sha1': '98e0e31cfc671a8c640dd2c4abc356e0f4247865', 'sha256': 'd932d2296ab653d0fb0ada85ba368c69d032b693e3f84d1f9a64247e072bf215'}, 'dob': {'date': '1997-09-10T00:39:19.188Z', 'age': 26}, 'registered': {'date': '2019-01-20T22:51:51.822Z', 'age': 5}, 'phone': '(73) 5773-3462', 'cell': '(46) 6557-3029', 'id': {'name': 'CPF', 'value': '183.349.657-34'}, 'picture': {'large': 'https://randomuser.me/api/portraits/men/78.jpg', 'medium': 'https://randomuser.me/api/portraits/med/men/78.jpg', 'thumbnail': 'https://randomuser.me/api/portraits/thumb/men/78.jpg'}, 'nat': 'BR'}</msg>
<arg>${json_data['results'][0]}</arg>
<doc>Logs the given message with the given level.</doc>
<status status="PASS" start="2024-05-22T15:16:07.156761" elapsed="0.000415"/>
</kw>
<kw name="Log" owner="BuiltIn">
<msg time="2024-05-22T15:16:07.157602" level="INFO">name</msg>
<arg>${key}</arg>
<doc>Logs the given message with the given level.</doc>
<status status="PASS" start="2024-05-22T15:16:07.157476" elapsed="0.000162"/>
</kw>
<var name="${key}">name</var>
<status status="PASS" start="2024-05-22T15:16:07.155877" elapsed="0.001986"/>
</iter>
<iter>
<kw name="Dictionary Should Contain Key" owner="Collections">
<msg time="2024-05-22T15:16:07.158536" level="INFO">False</msg>
<arg>${json_data['results'][0]}</arg>
<arg>${key}</arg>
<doc>Fails if ``key`` is not found from ``dictionary``.</doc>
<status status="PASS" start="2024-05-22T15:16:07.158159" elapsed="0.000413"/>
</kw>
<kw name="Log" owner="BuiltIn">
<msg time="2024-05-22T15:16:07.159237" level="INFO">{'gender': 'male', 'name': {'title': 'Mr', 'first': 'Ângelo', 'last': 'Fogaça'}, 'location': {'street': {'number': 4378, 'name': 'Avenida da Legalidade'}, 'city': 'Montes Claros', 'state': 'Rio de Janeiro', 'country': 'Brazil', 'postcode': 83929, 'coordinates': {'latitude': '-75.9860', 'longitude': '-94.7896'}, 'timezone': {'offset': '-3:00', 'description': 'Brazil, Buenos Aires, Georgetown'}}, 'email': 'angelo.fogaca@example.com', 'login': {'uuid': 'f75709ad-e584-4e40-8a58-5edcb48bc557', 'username': 'goldenlion382', 'password': 'paula', 'salt': '5vGs5rbq', 'md5': '25b8897ed4946b57eafb3646feb72d2a', 'sha1': '98e0e31cfc671a8c640dd2c4abc356e0f4247865', 'sha256': 'd932d2296ab653d0fb0ada85ba368c69d032b693e3f84d1f9a64247e072bf215'}, 'dob': {'date': '1997-09-10T00:39:19.188Z', 'age': 26}, 'registered': {'date': '2019-01-20T22:51:51.822Z', 'age': 5}, 'phone': '(73) 5773-3462', 'cell': '(46) 6557-3029', 'id': {'name': 'CPF', 'value': '183.349.657-34'}, 'picture': {'large': 'https://randomuser.me/api/portraits/men/78.jpg', 'medium': 'https://randomuser.me/api/portraits/med/men/78.jpg', 'thumbnail': 'https://randomuser.me/api/portraits/thumb/men/78.jpg'}, 'nat': 'BR'}</msg>
<arg>${json_data['results'][0]}</arg>
<doc>Logs the given message with the given level.</doc>
<status status="PASS" start="2024-05-22T15:16:07.158868" elapsed="0.000419"/>
</kw>
<kw name="Log" owner="BuiltIn">
<msg time="2024-05-22T15:16:07.159712" level="INFO">location</msg>
<arg>${key}</arg>
<doc>Logs the given message with the given level.</doc>
<status status="PASS" start="2024-05-22T15:16:07.159587" elapsed="0.000163"/>
</kw>
<var name="${key}">location</var>
<status status="PASS" start="2024-05-22T15:16:07.158042" elapsed="0.001926"/>
</iter>
<iter>
<kw name="Dictionary Should Contain Key" owner="Collections">
<msg time="2024-05-22T15:16:07.160672" level="INFO">False</msg>
<arg>${json_data['results'][0]}</arg>
<arg>${key}</arg>
<doc>Fails if ``key`` is not found from ``dictionary``.</doc>
<status status="PASS" start="2024-05-22T15:16:07.160251" elapsed="0.000459"/>
</kw>
<kw name="Log" owner="BuiltIn">
<msg time="2024-05-22T15:16:07.161370" level="INFO">{'gender': 'male', 'name': {'title': 'Mr', 'first': 'Ângelo', 'last': 'Fogaça'}, 'location': {'street': {'number': 4378, 'name': 'Avenida da Legalidade'}, 'city': 'Montes Claros', 'state': 'Rio de Janeiro', 'country': 'Brazil', 'postcode': 83929, 'coordinates': {'latitude': '-75.9860', 'longitude': '-94.7896'}, 'timezone': {'offset': '-3:00', 'description': 'Brazil, Buenos Aires, Georgetown'}}, 'email': 'angelo.fogaca@example.com', 'login': {'uuid': 'f75709ad-e584-4e40-8a58-5edcb48bc557', 'username': 'goldenlion382', 'password': 'paula', 'salt': '5vGs5rbq', 'md5': '25b8897ed4946b57eafb3646feb72d2a', 'sha1': '98e0e31cfc671a8c640dd2c4abc356e0f4247865', 'sha256': 'd932d2296ab653d0fb0ada85ba368c69d032b693e3f84d1f9a64247e072bf215'}, 'dob': {'date': '1997-09-10T00:39:19.188Z', 'age': 26}, 'registered': {'date': '2019-01-20T22:51:51.822Z', 'age': 5}, 'phone': '(73) 5773-3462', 'cell': '(46) 6557-3029', 'id': {'name': 'CPF', 'value': '183.349.657-34'}, 'picture': {'large': 'https://randomuser.me/api/portraits/men/78.jpg', 'medium': 'https://randomuser.me/api/portraits/med/men/78.jpg', 'thumbnail': 'https://randomuser.me/api/portraits/thumb/men/78.jpg'}, 'nat': 'BR'}</msg>
<arg>${json_data['results'][0]}</arg>
<doc>Logs the given message with the given level.</doc>
<status status="PASS" start="2024-05-22T15:16:07.161015" elapsed="0.000416"/>
</kw>
<kw name="Log" owner="BuiltIn">
<msg time="2024-05-22T15:16:07.161856" level="INFO">email</msg>
<arg>${key}</arg>
<doc>Logs the given message with the given level.</doc>
<status status="PASS" start="2024-05-22T15:16:07.161729" elapsed="0.000164"/>
</kw>
<var name="${key}">email</var>
<status status="PASS" start="2024-05-22T15:16:07.160141" elapsed="0.001966"/>
</iter>
<iter>
<kw name="Dictionary Should Contain Key" owner="Collections">
<msg time="2024-05-22T15:16:07.162782" level="INFO">False</msg>
<arg>${json_data['results'][0]}</arg>
<arg>${key}</arg>
<doc>Fails if ``key`` is not found from ``dictionary``.</doc>
<status status="PASS" start="2024-05-22T15:16:07.162397" elapsed="0.000423"/>
</kw>
<kw name="Log" owner="BuiltIn">
<msg time="2024-05-22T15:16:07.163477" level="INFO">{'gender': 'male', 'name': {'title': 'Mr', 'first': 'Ângelo', 'last': 'Fogaça'}, 'location': {'street': {'number': 4378, 'name': 'Avenida da Legalidade'}, 'city': 'Montes Claros', 'state': 'Rio de Janeiro', 'country': 'Brazil', 'postcode': 83929, 'coordinates': {'latitude': '-75.9860', 'longitude': '-94.7896'}, 'timezone': {'offset': '-3:00', 'description': 'Brazil, Buenos Aires, Georgetown'}}, 'email': 'angelo.fogaca@example.com', 'login': {'uuid': 'f75709ad-e584-4e40-8a58-5edcb48bc557', 'username': 'goldenlion382', 'password': 'paula', 'salt': '5vGs5rbq', 'md5': '25b8897ed4946b57eafb3646feb72d2a', 'sha1': '98e0e31cfc671a8c640dd2c4abc356e0f4247865', 'sha256': 'd932d2296ab653d0fb0ada85ba368c69d032b693e3f84d1f9a64247e072bf215'}, 'dob': {'date': '1997-09-10T00:39:19.188Z', 'age': 26}, 'registered': {'date': '2019-01-20T22:51:51.822Z', 'age': 5}, 'phone': '(73) 5773-3462', 'cell': '(46) 6557-3029', 'id': {'name': 'CPF', 'value': '183.349.657-34'}, 'picture': {'large': 'https://randomuser.me/api/portraits/men/78.jpg', 'medium': 'https://randomuser.me/api/portraits/med/men/78.jpg', 'thumbnail': 'https://randomuser.me/api/portraits/thumb/men/78.jpg'}, 'nat': 'BR'}</msg>
<arg>${json_data['results'][0]}</arg>
<doc>Logs the given message with the given level.</doc>
<status status="PASS" start="2024-05-22T15:16:07.163117" elapsed="0.000410"/>
</kw>
<kw name="Log" owner="BuiltIn">
<msg time="2024-05-22T15:16:07.163965" level="INFO">login</msg>
<arg>${key}</arg>
<doc>Logs the given message with the given level.</doc>
<status status="PASS" start="2024-05-22T15:16:07.163837" elapsed="0.000198"/>
</kw>
<var name="${key}">login</var>
<status status="PASS" start="2024-05-22T15:16:07.162280" elapsed="0.001983"/>
</iter>
<var>${key}</var>
<value>@{expected_keys}</value>
<status status="PASS" start="2024-05-22T15:16:07.153536" elapsed="0.010849"/>
</for>
<kw name="Create List" owner="BuiltIn">
<msg time="2024-05-22T15:16:07.164744" level="INFO">${expected_keysTwo} = ['username', 'password']</msg>
<var>${expected_keysTwo}</var>
<arg>username</arg>
<arg>password</arg>
<doc>Returns a list containing given items.</doc>
<status status="PASS" start="2024-05-22T15:16:07.164606" elapsed="0.000161"/>
</kw>
<for flavor="IN">
<iter>
<kw name="Dictionary Should Contain Key" owner="Collections">
<msg time="2024-05-22T15:16:07.165656" level="INFO">False</msg>
<arg>${json_data['results'][0]['login']}</arg>
<arg>${keyTwo}</arg>
<doc>Fails if ``key`` is not found from ``dictionary``.</doc>
<status status="PASS" start="2024-05-22T15:16:07.165269" elapsed="0.000425"/>
</kw>
<kw name="Dictionary Should Contain Key" owner="Collections">
<msg time="2024-05-22T15:16:07.166374" level="INFO">False</msg>
<arg>${json_data['results'][0]['login']}</arg>
<arg>${keyTwo}</arg>
<doc>Fails if ``key`` is not found from ``dictionary``.</doc>
<status status="PASS" start="2024-05-22T15:16:07.165991" elapsed="0.000420"/>
</kw>
<kw name="Log" owner="BuiltIn">
<msg time="2024-05-22T15:16:07.166832" level="INFO">username</msg>
<arg>${keyTwo}</arg>
<doc>Logs the given message with the given level.</doc>
<status status="PASS" start="2024-05-22T15:16:07.166704" elapsed="0.000165"/>
</kw>
<var name="${keyTwo}">username</var>
<status status="PASS" start="2024-05-22T15:16:07.165159" elapsed="0.001924"/>
</iter>
<iter>
<kw name="Dictionary Should Contain Key" owner="Collections">
<msg time="2024-05-22T15:16:07.167741" level="INFO">False</msg>
<arg>${json_data['results'][0]['login']}</arg>
<arg>${keyTwo}</arg>
<doc>Fails if ``key`` is not found from ``dictionary``.</doc>
<status status="PASS" start="2024-05-22T15:16:07.167363" elapsed="0.000416"/>
</kw>
<kw name="Dictionary Should Contain Key" owner="Collections">
<msg time="2024-05-22T15:16:07.168568" level="INFO">False</msg>
<arg>${json_data['results'][0]['login']}</arg>
<arg>${keyTwo}</arg>
<doc>Fails if ``key`` is not found from ``dictionary``.</doc>
<status status="PASS" start="2024-05-22T15:16:07.168073" elapsed="0.000537"/>
</kw>
<kw name="Log" owner="BuiltIn">
<msg time="2024-05-22T15:16:07.169042" level="INFO">password</msg>
<arg>${keyTwo}</arg>
<doc>Logs the given message with the given level.</doc>
<status status="PASS" start="2024-05-22T15:16:07.168912" elapsed="0.000167"/>
</kw>
<var name="${keyTwo}">password</var>
<status status="PASS" start="2024-05-22T15:16:07.167254" elapsed="0.002044"/>
</iter>
<var>${keyTwo}</var>
<value>@{expected_keysTwo}</value>
<status status="PASS" start="2024-05-22T15:16:07.165007" elapsed="0.004413"/>
</for>
<status status="PASS" start="2024-05-22T15:16:07.013082" elapsed="0.156476"/>
</kw>
<doc>Testa a estrutura da resposta da API.</doc>
<tag>testeEstruturaResposta</tag>
<status status="PASS" start="2024-05-22T15:16:07.012562" elapsed="0.157146"/>
</test>
<test id="s1-s1-t4" name="Validar tipos de dados" line="28">
<kw name="Teste de Tipos de Dados" owner="random-user-service">
<kw name="GET On Session" owner="RequestsLibrary">
<msg time="2024-05-22T15:16:07.259124" level="INFO">GET Request : url=https://randomuser.me/api 
 path_url=/api 
 headers={'User-Agent': 'python-requests/2.32.2', 'Accept-Encoding': 'gzip, deflate', 'Accept': '*/*', 'Connection': 'keep-alive'} 
 body=None 
 </msg>
<msg time="2024-05-22T15:16:07.259212" level="INFO">GET Response : url=https://randomuser.me/api 
 status=200, reason=OK 
 headers={'Date': 'Wed, 22 May 2024 15:16:07 GMT', 'Content-Type': 'application/json; charset=utf-8', 'Transfer-Encoding': 'chunked', 'Connection': 'keep-alive', 'X-Powered-By': 'Express', 'Access-Control-Allow-Origin': '*', 'Cache-Control': 'no-cache', 'ETag': 'W/"48d-uEIcBqyc7xjuPsKprYzPR0tCPAE"', 'Vary': 'Accept-Encoding', 'Content-Encoding': 'gzip', 'CF-Cache-Status': 'DYNAMIC', 'Report-To': '{"endpoints":[{"url":"https:\\/\\/a.nel.cloudflare.com\\/report\\/v4?s=1um0aWoFn0rmTWYw5IS3yeF3c3XMr0dWsOQgQn30T0DFVkCiMwDaOg7g74WXIlZ5CGCfeDWy447QaGED5uepjvtOzCYSy8y1XgiFPs47Ab59094%2BulL8UI2W5nXLQfU9"}],"group":"cf-nel","max_age":604800}', 'NEL': '{"success_fraction":0,"report_to":"cf-nel","max_age":604800}', 'Server': 'cloudflare', 'CF-RAY': '887dc3f8d84d984e-SJC', 'alt-svc': 'h3=":443"; ma=86400'} 
 body={"results":[{"gender":"male","name":{"title":"Mr","first":"بنیامین","last":"مرادی"},"location":{"street":{"number":2835,"name":"امام خمینی"},"city":"شیراز","state":"اردبیل","country":"Iran","postcode":41920,"coordinates":{"latitude":"20.2619","longitude":"-31.7778"},"timezone":{"offset":"+2:00","description":"Kaliningrad, South Africa"}},"email":"bnymyn.mrdy@example.com","login":{"uuid":"4a841915-b844-4b8e-b90b-f66cf4577088","username":"angrypeacock973","password":"mike123","salt":"QIqrTH3T","md5":"83c43276a895e9f3bbbda0351f1522d8","sha1":"72d6d65062582eecfd36d8575f4e942dde4a0291","sha256":"ba7f835461afb3215d5b53f3d8736c876e22b88c4511c0b89c5f551f54eb0a7c"},"dob":{"date":"1969-02-10T06:14:33.533Z","age":55},"registered":{"date":"2010-02-04T09:44:08.262Z","age":14},"phone":"092-34405544","cell":"0953-298-9838","id":{"name":"","value":null},"picture":{"large":"https://randomuser.me/api/portraits/men/79.jpg","medium":"https://randomuser.me/api/portraits/med/men/79.jpg","thumbnail":"https://randomuser.me/api/portraits/thumb/men/79.jpg"},"nat":"IR"}],"info":{"seed":"226de42641f66515","results":1,"page":1,"version":"1.4"}} 
 </msg>
<msg time="2024-05-22T15:16:07.259289" level="INFO">/opt/hostedtoolcache/Python/3.12.3/x64/lib/python3.12/site-packages/urllib3/connectionpool.py:1103: InsecureRequestWarning: Unverified HTTPS request is being made to host 'randomuser.me'. Adding certificate verification is strongly advised. See: https://urllib3.readthedocs.io/en/latest/advanced-usage.html#tls-warnings
  warnings.warn(</msg>
<msg time="2024-05-22T15:16:07.259397" level="INFO">${response} = &lt;Response [200]&gt;</msg>
<var>${response}</var>
<arg>consultarAPI</arg>
<arg>/api</arg>
<doc>Sends a GET request on a previously created HTTP Session.</doc>
<status status="PASS" start="2024-05-22T15:16:07.172137" elapsed="0.087304"/>
</kw>
<kw name="Set Variable" owner="BuiltIn">
<msg time="2024-05-22T15:16:07.260356" level="INFO">${json_data} = {'results': [{'gender': 'male', 'name': {'title': 'Mr', 'first': 'بنیامین', 'last': 'مرادی'}, 'location': {'street': {'number': 2835, 'name': 'امام خمینی'}, 'city': 'شیراز', 'state': 'اردبیل', 'countr...</msg>
<var>${json_data}</var>
<arg>${response.json()}</arg>
<doc>Returns the given values which can then be assigned to a variables.</doc>
<status status="PASS" start="2024-05-22T15:16:07.259882" elapsed="0.000505"/>
</kw>
<kw name="Log" owner="BuiltIn">
<msg time="2024-05-22T15:16:07.260917" level="INFO">{'results': [{'gender': 'male', 'name': {'title': 'Mr', 'first': 'بنیامین', 'last': 'مرادی'}, 'location': {'street': {'number': 2835, 'name': 'امام خمینی'}, 'city': 'شیراز', 'state': 'اردبیل', 'country': 'Iran', 'postcode': 41920, 'coordinates': {'latitude': '20.2619', 'longitude': '-31.7778'}, 'timezone': {'offset': '+2:00', 'description': 'Kaliningrad, South Africa'}}, 'email': 'bnymyn.mrdy@example.com', 'login': {'uuid': '4a841915-b844-4b8e-b90b-f66cf4577088', 'username': 'angrypeacock973', 'password': 'mike123', 'salt': 'QIqrTH3T', 'md5': '83c43276a895e9f3bbbda0351f1522d8', 'sha1': '72d6d65062582eecfd36d8575f4e942dde4a0291', 'sha256': 'ba7f835461afb3215d5b53f3d8736c876e22b88c4511c0b89c5f551f54eb0a7c'}, 'dob': {'date': '1969-02-10T06:14:33.533Z', 'age': 55}, 'registered': {'date': '2010-02-04T09:44:08.262Z', 'age': 14}, 'phone': '092-34405544', 'cell': '0953-298-9838', 'id': {'name': '', 'value': None}, 'picture': {'large': 'https://randomuser.me/api/portraits/men/79.jpg', 'medium': 'https://randomuser.me/api/portraits/med/men/79.jpg', 'thumbnail': 'https://randomuser.me/api/portraits/thumb/men/79.jpg'}, 'nat': 'IR'}], 'info': {'seed': '226de42641f66515', 'results': 1, 'page': 1, 'version': '1.4'}}</msg>
<arg>${json_data}</arg>
<doc>Logs the given message with the given level.</doc>
<status status="PASS" start="2024-05-22T15:16:07.260753" elapsed="0.000247"/>
</kw>
<kw name="Should Be String" owner="String">
<arg>${json_data['results'][0]['gender']}</arg>
<doc>Fails if the given ``item`` is not a string.</doc>
<status status="PASS" start="2024-05-22T15:16:07.261308" elapsed="0.000365"/>
</kw>
<kw name="Should Match Regexp" owner="BuiltIn">
<arg>${json_data['results'][0]['email']}</arg>
<arg>^[a-zA-Z0-9._%+-]+@[a-zA-Z0-9.-]+\.[a-zA-Z]{2,}$</arg>
<doc>Fails if ``string`` does not match ``pattern`` as a regular expression.</doc>
<status status="PASS" start="2024-05-22T15:16:07.261868" elapsed="0.000521"/>
</kw>
<kw name="Should Match Regexp" owner="BuiltIn">
<arg>${json_data['results'][0]['dob']['date']}</arg>
<arg>\\d{4}-\\d{2}-\\d{2}T\\d{2}:\\d{2}:\\d{2}\\.\\d{3}Z</arg>
<doc>Fails if ``string`` does not match ``pattern`` as a regular expression.</doc>
<status status="PASS" start="2024-05-22T15:16:07.262587" elapsed="0.000482"/>
</kw>
<kw name="Should Match Regexp" owner="BuiltIn">
<arg>${json_data['results'][0]['registered']['date']}</arg>
<arg>\\d{4}-\\d{2}-\\d{2}T\\d{2}:\\d{2}:\\d{2}\\.\\d{3}Z</arg>
<doc>Fails if ``string`` does not match ``pattern`` as a regular expression.</doc>
<status status="PASS" start="2024-05-22T15:16:07.263261" elapsed="0.000365"/>
</kw>
<kw name="Should Match Regexp" owner="BuiltIn">
<arg>${json_data['results'][0]['picture']['large']}</arg>
<arg>^https?://.*\.(?:png|jpe?g|gif|bmp)$</arg>
<doc>Fails if ``string`` does not match ``pattern`` as a regular expression.</doc>
<status status="PASS" start="2024-05-22T15:16:07.263814" elapsed="0.000461"/>
</kw>
<kw name="Should Match Regexp" owner="BuiltIn">
<arg>${json_data['results'][0]['picture']['medium']}</arg>
<arg>^https?://.*\.(?:png|jpe?g|gif|bmp)$</arg>
<doc>Fails if ``string`` does not match ``pattern`` as a regular expression.</doc>
<status status="PASS" start="2024-05-22T15:16:07.264488" elapsed="0.000373"/>
</kw>
<kw name="Should Match Regexp" owner="BuiltIn">
<arg>${json_data['results'][0]['picture']['thumbnail']}</arg>
<arg>^https?://.*\.(?:png|jpe?g|gif|bmp)$</arg>
<doc>Fails if ``string`` does not match ``pattern`` as a regular expression.</doc>
<status status="PASS" start="2024-05-22T15:16:07.265052" elapsed="0.000357"/>
</kw>
<kw name="Log" owner="BuiltIn">
<msg time="2024-05-22T15:16:07.265921" level="INFO">{'large': 'https://randomuser.me/api/portraits/men/79.jpg', 'medium': 'https://randomuser.me/api/portraits/med/men/79.jpg', 'thumbnail': 'https://randomuser.me/api/portraits/thumb/men/79.jpg'}</msg>
<arg>${json_data['results'][0]['picture']}</arg>
<doc>Logs the given message with the given level.</doc>
<status status="PASS" start="2024-05-22T15:16:07.265599" elapsed="0.000364"/>
</kw>
<status status="PASS" start="2024-05-22T15:16:07.171901" elapsed="0.094316"/>
</kw>
<kw name="Teste de Tipos de Dados - Postcode" owner="random-user-service">
<kw name="GET On Session" owner="RequestsLibrary">
<msg time="2024-05-22T15:16:07.359654" level="INFO">GET Request : url=https://randomuser.me/api 
 path_url=/api 
 headers={'User-Agent': 'python-requests/2.32.2', 'Accept-Encoding': 'gzip, deflate', 'Accept': '*/*', 'Connection': 'keep-alive'} 
 body=None 
 </msg>
<msg time="2024-05-22T15:16:07.359732" level="INFO">GET Response : url=https://randomuser.me/api 
 status=200, reason=OK 
 headers={'Date': 'Wed, 22 May 2024 15:16:07 GMT', 'Content-Type': 'application/json; charset=utf-8', 'Transfer-Encoding': 'chunked', 'Connection': 'keep-alive', 'X-Powered-By': 'Express', 'Access-Control-Allow-Origin': '*', 'Cache-Control': 'no-cache', 'ETag': 'W/"470-O761ScmlrePtUicQNRitYBUrzL8"', 'Vary': 'Accept-Encoding', 'Content-Encoding': 'gzip', 'CF-Cache-Status': 'DYNAMIC', 'Report-To': '{"endpoints":[{"url":"https:\\/\\/a.nel.cloudflare.com\\/report\\/v4?s=7igOyBxxIZM98qRgL0HtJVeG5r0abIOjz83SwdOaBF4H0fPGhlmI2IUJtIksok%2FTeG8dlv1TvvZHTKBybAUILpHlsridVN1iigHG71q%2FRe6nBecwrfQCwFu6VipO5hcA"}],"group":"cf-nel","max_age":604800}', 'NEL': '{"success_fraction":0,"report_to":"cf-nel","max_age":604800}', 'Server': 'cloudflare', 'CF-RAY': '887dc3f9688e984e-SJC', 'alt-svc': 'h3=":443"; ma=86400'} 
 body={"results":[{"gender":"male","name":{"title":"Mr","first":"Eren","last":"Babaoğlu"},"location":{"street":{"number":906,"name":"Abanoz Sk"},"city":"Kahramanmaraş","state":"Manisa","country":"Turkey","postcode":95300,"coordinates":{"latitude":"66.2117","longitude":"-124.0091"},"timezone":{"offset":"+5:45","description":"Kathmandu"}},"email":"eren.babaoglu@example.com","login":{"uuid":"52c1698f-e37a-4691-bb81-74f4b76ba1d9","username":"orangebutterfly526","password":"positive","salt":"5oCNzJf7","md5":"8e56203169ca7a94f0b5970aa777153c","sha1":"094038ab17c4ac66aa880b4937dda1437dacb514","sha256":"615a6e3f2baf4a7bb8b2c1dd8e6983bd948923150148e53176ab41a258988d85"},"dob":{"date":"1960-11-13T16:35:42.862Z","age":63},"registered":{"date":"2021-07-19T20:24:58.538Z","age":2},"phone":"(744)-760-8548","cell":"(410)-613-2198","id":{"name":"","value":null},"picture":{"large":"https://randomuser.me/api/portraits/men/26.jpg","medium":"https://randomuser.me/api/portraits/med/men/26.jpg","thumbnail":"https://randomuser.me/api/portraits/thumb/men/26.jpg"},"nat":"TR"}],"info":{"seed":"424ca19ff5213709","results":1,"page":1,"version":"1.4"}} 
 </msg>
<msg time="2024-05-22T15:16:07.359803" level="INFO">/opt/hostedtoolcache/Python/3.12.3/x64/lib/python3.12/site-packages/urllib3/connectionpool.py:1103: InsecureRequestWarning: Unverified HTTPS request is being made to host 'randomuser.me'. Adding certificate verification is strongly advised. See: https://urllib3.readthedocs.io/en/latest/advanced-usage.html#tls-warnings
  warnings.warn(</msg>
<msg time="2024-05-22T15:16:07.359905" level="INFO">${response} = &lt;Response [200]&gt;</msg>
<var>${response}</var>
<arg>consultarAPI</arg>
<arg>/api</arg>
<doc>Sends a GET request on a previously created HTTP Session.</doc>
<status status="PASS" start="2024-05-22T15:16:07.266657" elapsed="0.093286"/>
</kw>
<kw name="Set Variable" owner="BuiltIn">
<msg time="2024-05-22T15:16:07.360963" level="INFO">${json_data} = {'results': [{'gender': 'male', 'name': {'title': 'Mr', 'first': 'Eren', 'last': 'Babaoğlu'}, 'location': {'street': {'number': 906, 'name': 'Abanoz Sk'}, 'city': 'Kahramanmaraş', 'state': 'Manisa', '...</msg>
<var>${json_data}</var>
<arg>${response.json()}</arg>
<doc>Returns the given values which can then be assigned to a variables.</doc>
<status status="PASS" start="2024-05-22T15:16:07.360503" elapsed="0.000490"/>
</kw>
<kw name="Log" owner="BuiltIn">
<msg time="2024-05-22T15:16:07.361461" level="INFO">{'results': [{'gender': 'male', 'name': {'title': 'Mr', 'first': 'Eren', 'last': 'Babaoğlu'}, 'location': {'street': {'number': 906, 'name': 'Abanoz Sk'}, 'city': 'Kahramanmaraş', 'state': 'Manisa', 'country': 'Turkey', 'postcode': 95300, 'coordinates': {'latitude': '66.2117', 'longitude': '-124.0091'}, 'timezone': {'offset': '+5:45', 'description': 'Kathmandu'}}, 'email': 'eren.babaoglu@example.com', 'login': {'uuid': '52c1698f-e37a-4691-bb81-74f4b76ba1d9', 'username': 'orangebutterfly526', 'password': 'positive', 'salt': '5oCNzJf7', 'md5': '8e56203169ca7a94f0b5970aa777153c', 'sha1': '094038ab17c4ac66aa880b4937dda1437dacb514', 'sha256': '615a6e3f2baf4a7bb8b2c1dd8e6983bd948923150148e53176ab41a258988d85'}, 'dob': {'date': '1960-11-13T16:35:42.862Z', 'age': 63}, 'registered': {'date': '2021-07-19T20:24:58.538Z', 'age': 2}, 'phone': '(744)-760-8548', 'cell': '(410)-613-2198', 'id': {'name': '', 'value': None}, 'picture': {'large': 'https://randomuser.me/api/portraits/men/26.jpg', 'medium': 'https://randomuser.me/api/portraits/med/men/26.jpg', 'thumbnail': 'https://randomuser.me/api/portraits/thumb/men/26.jpg'}, 'nat': 'TR'}], 'info': {'seed': '424ca19ff5213709', 'results': 1, 'page': 1, 'version': '1.4'}}</msg>
<arg>${json_data}</arg>
<doc>Logs the given message with the given level.</doc>
<status status="PASS" start="2024-05-22T15:16:07.361304" elapsed="0.000238"/>
</kw>
<kw name="Should Be Equal As Numbers" owner="BuiltIn">
<arg>${json_data['results'][0]['location']['postcode']}</arg>
<arg>${json_data['results'][0]['location']['postcode']}</arg>
<doc>Fails if objects are unequal after converting them to real numbers.</doc>
<status status="PASS" start="2024-05-22T15:16:07.361849" elapsed="0.000742"/>
</kw>
<kw name="Log" owner="BuiltIn">
<msg time="2024-05-22T15:16:07.363123" level="INFO">95300</msg>
<arg>${json_data['results'][0]['location']['postcode']}</arg>
<doc>Logs the given message with the given level.</doc>
<status status="PASS" start="2024-05-22T15:16:07.362787" elapsed="0.000376"/>
</kw>
<status status="PASS" start="2024-05-22T15:16:07.266432" elapsed="0.096984"/>
</kw>
<doc>Testa se os tipos de dados na resposta da API estão corretos.</doc>
<tag>testeTiposDados</tag>
<status status="PASS" start="2024-05-22T15:16:07.171456" elapsed="0.192136"/>
</test>
<test id="s1-s1-t5" name="Validar conteudo" line="35">
<kw name="Teste de Tipos de Conteudo" owner="random-user-service">
<kw name="GET On Session" owner="RequestsLibrary">
<msg time="2024-05-22T15:16:07.484686" level="INFO">GET Request : url=https://randomuser.me/api 
 path_url=/api 
 headers={'User-Agent': 'python-requests/2.32.2', 'Accept-Encoding': 'gzip, deflate', 'Accept': '*/*', 'Connection': 'keep-alive'} 
 body=None 
 </msg>
<msg time="2024-05-22T15:16:07.484759" level="INFO">GET Response : url=https://randomuser.me/api 
 status=200, reason=OK 
 headers={'Date': 'Wed, 22 May 2024 15:16:07 GMT', 'Content-Type': 'application/json; charset=utf-8', 'Transfer-Encoding': 'chunked', 'Connection': 'keep-alive', 'X-Powered-By': 'Express', 'Access-Control-Allow-Origin': '*', 'Cache-Control': 'no-cache', 'ETag': 'W/"489-oAhQzCjIQHrVpiN4k9eFROc1rqM"', 'Vary': 'Accept-Encoding', 'Content-Encoding': 'gzip', 'CF-Cache-Status': 'DYNAMIC', 'Report-To': '{"endpoints":[{"url":"https:\\/\\/a.nel.cloudflare.com\\/report\\/v4?s=%2Ff2z%2Bs0LirGoAW%2BOzq%2BdeS8d8CZbfskLqMU4P5w0ZolZvdEwwMMx9wsjzaxLLNKV7CKMA1ZhcY4RKosZVM2nxISC%2BTI5xb18k%2Fr0U05Fr%2FN15H2Zw8X8ZKayX8ftiNe8"}],"group":"cf-nel","max_age":604800}', 'NEL': '{"success_fraction":0,"report_to":"cf-nel","max_age":604800}', 'Server': 'cloudflare', 'CF-RAY': '887dc3fa08dd984e-SJC', 'alt-svc': 'h3=":443"; ma=86400'} 
 body={"results":[{"gender":"male","name":{"title":"Mr","first":"Carter","last":"Wilson"},"location":{"street":{"number":4008,"name":"White Swan Road"},"city":"Taupo","state":"Waikato","country":"New Zealand","postcode":66398,"coordinates":{"latitude":"52.7128","longitude":"-28.9201"},"timezone":{"offset":"-4:00","description":"Atlantic Time (Canada), Caracas, La Paz"}},"email":"carter.wilson@example.com","login":{"uuid":"3e46fbda-f0d9-4df1-90a5-8b6aaaa2280d","username":"purplegoose600","password":"0123","salt":"0a1I10hJ","md5":"044e807ee1e63b7885e31938410f74a3","sha1":"1e5af0be06a7503dbba3a02151267a65f825bae4","sha256":"2f9dfef7288bbe5bb33feaf263cc99e3891655c8868e95f1b478ba1de7704dc1"},"dob":{"date":"1983-12-15T02:49:19.910Z","age":40},"registered":{"date":"2010-12-28T06:51:56.115Z","age":13},"phone":"(666)-115-0829","cell":"(538)-317-9663","id":{"name":"","value":null},"picture":{"large":"https://randomuser.me/api/portraits/men/64.jpg","medium":"https://randomuser.me/api/portraits/med/men/64.jpg","thumbnail":"https://randomuser.me/api/portraits/thumb/men/64.jpg"},"nat":"NZ"}],"info":{"seed":"b92bc1ae97372368","results":1,"page":1,"version":"1.4"}} 
 </msg>
<msg time="2024-05-22T15:16:07.484815" level="INFO">/opt/hostedtoolcache/Python/3.12.3/x64/lib/python3.12/site-packages/urllib3/connectionpool.py:1103: InsecureRequestWarning: Unverified HTTPS request is being made to host 'randomuser.me'. Adding certificate verification is strongly advised. See: https://urllib3.readthedocs.io/en/latest/advanced-usage.html#tls-warnings
  warnings.warn(</msg>
<msg time="2024-05-22T15:16:07.484906" level="INFO">${response} = &lt;Response [200]&gt;</msg>
<var>${response}</var>
<arg>consultarAPI</arg>
<arg>/api</arg>
<doc>Sends a GET request on a previously created HTTP Session.</doc>
<status status="PASS" start="2024-05-22T15:16:07.366093" elapsed="0.118855"/>
</kw>
<kw name="Set Variable" owner="BuiltIn">
<msg time="2024-05-22T15:16:07.485974" level="INFO">${json_data} = {'results': [{'gender': 'male', 'name': {'title': 'Mr', 'first': 'Carter', 'last': 'Wilson'}, 'location': {'street': {'number': 4008, 'name': 'White Swan Road'}, 'city': 'Taupo', 'state': 'Waikato', '...</msg>
<var>${json_data}</var>
<arg>${response.json()}</arg>
<doc>Returns the given values which can then be assigned to a variables.</doc>
<status status="PASS" start="2024-05-22T15:16:07.485439" elapsed="0.000563"/>
</kw>
<kw name="Set Variable" owner="BuiltIn">
<msg time="2024-05-22T15:16:07.486684" level="INFO">${name_title} = Mr</msg>
<var>${name_title}</var>
<arg>${json_data["results"][0]["name"]["title"]}</arg>
<doc>Returns the given values which can then be assigned to a variables.</doc>
<status status="PASS" start="2024-05-22T15:16:07.486307" elapsed="0.000402"/>
</kw>
<kw name="Create List" owner="BuiltIn">
<msg time="2024-05-22T15:16:07.487152" level="INFO">${allowed_titles} = ['Mr', 'Ms', 'Miss', 'Mrs', 'Madame', 'Monsieur']</msg>
<var>${allowed_titles}</var>
<arg>Mr</arg>
<arg>Ms</arg>
<arg>Miss</arg>
<arg>Mrs</arg>
<arg>Madame</arg>
<arg>Monsieur</arg>
<doc>Returns a list containing given items.</doc>
<status status="PASS" start="2024-05-22T15:16:07.487007" elapsed="0.000168"/>
</kw>
<kw name="List Should Contain Value" owner="Collections">
<msg time="2024-05-22T15:16:07.487639" level="INFO">False</msg>
<arg>${allowed_titles}</arg>
<arg>${name_title}</arg>
<doc>Fails if the ``value`` is not found from ``list``.</doc>
<status status="PASS" start="2024-05-22T15:16:07.487472" elapsed="0.000202"/>
</kw>
<kw name="Set Variable" owner="BuiltIn">
<msg time="2024-05-22T15:16:07.488339" level="INFO">${name_country} = NZ</msg>
<var>${name_country}</var>
<arg>${json_data["results"][0]["nat"]}</arg>
<doc>Returns the given values which can then be assigned to a variables.</doc>
<status status="PASS" start="2024-05-22T15:16:07.487961" elapsed="0.000403"/>
</kw>
<kw name="Create List" owner="BuiltIn">
<msg time="2024-05-22T15:16:07.489313" level="INFO">${list_country} = ['AD', 'AE', 'AF', 'AG', 'AI', 'AL', 'AM', 'AO', 'AQ', 'AR', 'AS', 'AT', 'AU', 'AW', 'AX', 'AZ', 'BA', 'BB', 'BD', 'BE', 'BF', 'BG', 'BH', 'BI', 'BJ', 'BL', 'BM', 'BN', 'BO', 'BQ', 'BR', 'BS', 'BT', '...</msg>
<var>${list_country}</var>
<arg>AD</arg>
<arg>AE</arg>
<arg>AF</arg>
<arg>AG</arg>
<arg>AI</arg>
<arg>AL</arg>
<arg>AM</arg>
<arg>AO</arg>
<arg>AQ</arg>
<arg>AR</arg>
<arg>AS</arg>
<arg>AT</arg>
<arg>AU</arg>
<arg>AW</arg>
<arg>AX</arg>
<arg>AZ</arg>
<arg>BA</arg>
<arg>BB</arg>
<arg>BD</arg>
<arg>BE</arg>
<arg>BF</arg>
<arg>BG</arg>
<arg>BH</arg>
<arg>BI</arg>
<arg>BJ</arg>
<arg>BL</arg>
<arg>BM</arg>
<arg>BN</arg>
<arg>BO</arg>
<arg>BQ</arg>
<arg>BR</arg>
<arg>BS</arg>
<arg>BT</arg>
<arg>BV</arg>
<arg>BW</arg>
<arg>BY</arg>
<arg>BZ</arg>
<arg>CA</arg>
<arg>CC</arg>
<arg>CD</arg>
<arg>CF</arg>
<arg>CG</arg>
<arg>CH</arg>
<arg>CI</arg>
<arg>CK</arg>
<arg>CL</arg>
<arg>CM</arg>
<arg>CN</arg>
<arg>CO</arg>
<arg>CR</arg>
<arg>CU</arg>
<arg>CV</arg>
<arg>CW</arg>
<arg>CX</arg>
<arg>CY</arg>
<arg>CZ</arg>
<arg>DE</arg>
<arg>DJ</arg>
<arg>DK</arg>
<arg>DM</arg>
<arg>DO</arg>
<arg>DZ</arg>
<arg>EC</arg>
<arg>EE</arg>
<arg>EG</arg>
<arg>EH</arg>
<arg>ER</arg>
<arg>ES</arg>
<arg>ET</arg>
<arg>FI</arg>
<arg>FJ</arg>
<arg>FK</arg>
<arg>FM</arg>
<arg>FO</arg>
<arg>FR</arg>
<arg>GA</arg>
<arg>GB</arg>
<arg>GD</arg>
<arg>GE</arg>
<arg>GF</arg>
<arg>GG</arg>
<arg>GH</arg>
<arg>GI</arg>
<arg>GL</arg>
<arg>GM</arg>
<arg>GN</arg>
<arg>GP</arg>
<arg>GQ</arg>
<arg>GR</arg>
<arg>GS</arg>
<arg>GT</arg>
<arg>GU</arg>
<arg>GW</arg>
<arg>GY</arg>
<arg>HK</arg>
<arg>HM</arg>
<arg>HN</arg>
<arg>HR</arg>
<arg>HT</arg>
<arg>HU</arg>
<arg>ID</arg>
<arg>IE</arg>
<arg>IL</arg>
<arg>IM</arg>
<arg>IN</arg>
<arg>IO</arg>
<arg>IQ</arg>
<arg>IR</arg>
<arg>IS</arg>
<arg>IT</arg>
<arg>JE</arg>
<arg>JM</arg>
<arg>JO</arg>
<arg>JP</arg>
<arg>KE</arg>
<arg>KG</arg>
<arg>KH</arg>
<arg>KI</arg>
<arg>KM</arg>
<arg>KN</arg>
<arg>KP</arg>
<arg>KR</arg>
<arg>KW</arg>
<arg>KY</arg>
<arg>KZ</arg>
<arg>LA</arg>
<arg>LB</arg>
<arg>LC</arg>
<arg>LI</arg>
<arg>LK</arg>
<arg>LR</arg>
<arg>LS</arg>
<arg>LT</arg>
<arg>LU</arg>
<arg>LV</arg>
<arg>LY</arg>
<arg>MA</arg>
<arg>MC</arg>
<arg>MD</arg>
<arg>ME</arg>
<arg>MF</arg>
<arg>MG</arg>
<arg>MH</arg>
<arg>MK</arg>
<arg>ML</arg>
<arg>MM</arg>
<arg>MN</arg>
<arg>MO</arg>
<arg>MP</arg>
<arg>MQ</arg>
<arg>MR</arg>
<arg>MS</arg>
<arg>MT</arg>
<arg>MU</arg>
<arg>MV</arg>
<arg>MW</arg>
<arg>MX</arg>
<arg>MY</arg>
<arg>MZ</arg>
<arg>NA</arg>
<arg>NC</arg>
<arg>NE</arg>
<arg>NF</arg>
<arg>NG</arg>
<arg>NI</arg>
<arg>NL</arg>
<arg>NO</arg>
<arg>NP</arg>
<arg>NR</arg>
<arg>NU</arg>
<arg>NZ</arg>
<arg>OM</arg>
<arg>PA</arg>
<arg>PE</arg>
<arg>PF</arg>
<arg>PG</arg>
<arg>PH</arg>
<arg>PK</arg>
<arg>PL</arg>
<arg>PM</arg>
<arg>PN</arg>
<arg>PR</arg>
<arg>PS</arg>
<arg>PT</arg>
<arg>PW</arg>
<arg>PY</arg>
<arg>QA</arg>
<arg>RE</arg>
<arg>RO</arg>
<arg>RS</arg>
<arg>RU</arg>
<arg>RW</arg>
<arg>SA</arg>
<arg>SB</arg>
<arg>SC</arg>
<arg>SD</arg>
<arg>SE</arg>
<arg>SG</arg>
<arg>SH</arg>
<arg>SI</arg>
<arg>SJ</arg>
<arg>SK</arg>
<arg>SL</arg>
<arg>SM</arg>
<arg>SN</arg>
<arg>SO</arg>
<arg>SR</arg>
<arg>SS</arg>
<arg>ST</arg>
<arg>SV</arg>
<arg>SX</arg>
<arg>SY</arg>
<arg>SZ</arg>
<arg>TC</arg>
<arg>TD</arg>
<arg>TF</arg>
<arg>TG</arg>
<arg>TH</arg>
<arg>TJ</arg>
<arg>TK</arg>
<arg>TL</arg>
<arg>TM</arg>
<arg>TN</arg>
<arg>TO</arg>
<arg>TR</arg>
<arg>TT</arg>
<arg>TV</arg>
<arg>TW</arg>
<arg>TZ</arg>
<arg>UA</arg>
<arg>UG</arg>
<arg>UM</arg>
<arg>US</arg>
<arg>UY</arg>
<arg>UZ</arg>
<arg>VA</arg>
<arg>VC</arg>
<arg>VE</arg>
<arg>VG</arg>
<arg>VI</arg>
<arg>VN</arg>
<arg>VU</arg>
<arg>WF</arg>
<arg>WS</arg>
<arg>XK</arg>
<arg>YE</arg>
<arg>YT</arg>
<arg>ZA</arg>
<arg>ZM</arg>
<arg>ZW</arg>
<doc>Returns a list containing given items.</doc>
<status status="PASS" start="2024-05-22T15:16:07.488718" elapsed="0.000621"/>
</kw>
<kw name="List Should Contain Value" owner="Collections">
<msg time="2024-05-22T15:16:07.490344" level="INFO">False</msg>
<arg>${list_country}</arg>
<arg>${name_country}</arg>
<doc>Fails if the ``value`` is not found from ``list``.</doc>
<status status="PASS" start="2024-05-22T15:16:07.490137" elapsed="0.000243"/>
</kw>
<kw name="Run Keyword If" owner="BuiltIn">
<kw name="Should Be True" owner="BuiltIn">
<arg>${True}</arg>
<doc>Fails if the given condition is not true.</doc>
<status status="PASS" start="2024-05-22T15:16:07.491447" elapsed="0.000145"/>
</kw>
<arg>${json_data["results"][0]["location"]["coordinates"]["latitude"]} &gt;= -90 and ${json_data["results"][0]["location"]["coordinates"]["latitude"]} &lt;= 90</arg>
<arg>Should Be True</arg>
<arg>${True}</arg>
<doc>Runs the given keyword with the given arguments, if ``condition`` is true.</doc>
<status status="PASS" start="2024-05-22T15:16:07.490698" elapsed="0.001021"/>
</kw>
<kw name="Run Keyword If" owner="BuiltIn">
<kw name="Should Be True" owner="BuiltIn">
<arg>${True}</arg>
<doc>Fails if the given condition is not true.</doc>
<status status="PASS" start="2024-05-22T15:16:07.492617" elapsed="0.000249"/>
</kw>
<arg>${json_data["results"][0]["location"]["coordinates"]["longitude"]} &gt;= -180 and ${json_data["results"][0]["location"]["coordinates"]["longitude"]} &lt;= 180</arg>
<arg>Should Be True</arg>
<arg>${True}</arg>
<doc>Runs the given keyword with the given arguments, if ``condition`` is true.</doc>
<status status="PASS" start="2024-05-22T15:16:07.491902" elapsed="0.001090"/>
</kw>
<status status="PASS" start="2024-05-22T15:16:07.365873" elapsed="0.127246"/>
</kw>
<doc>Testa o conteúdo específico dos campos retornados pela API.</doc>
<tag>testeConteudo</tag>
<status status="PASS" start="2024-05-22T15:16:07.365377" elapsed="0.127884"/>
</test>
<status status="PASS" start="2024-05-22T15:16:06.484529" elapsed="1.010651"/>
</suite>
<status status="PASS" start="2024-05-22T15:16:06.470728" elapsed="1.029658"/>
</suite>
<statistics>
<total>
<stat pass="5" fail="0" skip="0">All Tests</stat>
</total>
<tag>
<stat pass="1" fail="0" skip="0">testeConteudo</stat>
<stat pass="1" fail="0" skip="0">testeEstruturaResposta</stat>
<stat pass="1" fail="0" skip="0">testeRequisicaoBasica</stat>
<stat pass="1" fail="0" skip="0">testeTiposDados</stat>
</tag>
<suite>
<stat pass="5" fail="0" skip="0" id="s1" name="Tests">Tests</stat>
<stat pass="5" fail="0" skip="0" id="s1-s1" name="Random-User-Test">Tests.Random-User-Test</stat>
</suite>
</statistics>
<errors>
</errors>
</robot>
