<?xml version="1.0" encoding="UTF-8"?>
<robot generator="Robot 7.0 (Python 3.12.3 on linux)" generated="2024-04-30T06:19:22.616043" rpa="false" schemaversion="5">
<suite id="s1" name="Tests" source="/home/runner/work/DesafioQAItauRogerioJordao/DesafioQAItauRogerioJordao/RamdonUser/tests">
<suite id="s1-s1" name="Random-User-Test" source="/home/runner/work/DesafioQAItauRogerioJordao/DesafioQAItauRogerioJordao/RamdonUser/tests/random-user-test.robot">
<test id="s1-s1-t1" name="Conectar" line="13">
<kw name="Conectar API" owner="random-user-service">
<kw name="Create Session" owner="RequestsLibrary">
<msg time="2024-04-30T06:19:22.971003" level="INFO">Creating Session using : alias=consultarAPI, url=https://randomuser.me/, headers={},                     cookies={}, auth=None, timeout=None, proxies=None, verify=False,                     debug=0 </msg>
<arg>consultarAPI</arg>
<arg>${URL}</arg>
<doc>Create Session: create a HTTP session to a server</doc>
<status status="PASS" start="2024-04-30T06:19:22.970800" elapsed="0.000399"/>
</kw>
<status status="PASS" start="2024-04-30T06:19:22.969806" elapsed="0.001768"/>
</kw>
<status status="PASS" start="2024-04-30T06:19:22.969147" elapsed="0.002621"/>
</test>
<test id="s1-s1-t2" name="Validar retorno 200 e JSON Válido" line="16">
<kw name="Teste de Requisicao Basica" owner="random-user-service">
<kw name="GET On Session" owner="RequestsLibrary">
<msg time="2024-04-30T06:19:23.136107" level="INFO">GET Request : url=https://randomuser.me/api 
 path_url=/api 
 headers={'User-Agent': 'python-requests/2.31.0', 'Accept-Encoding': 'gzip, deflate', 'Accept': '*/*', 'Connection': 'keep-alive'} 
 body=None 
 </msg>
<msg time="2024-04-30T06:19:23.136255" level="INFO">GET Response : url=https://randomuser.me/api 
 status=200, reason=OK 
 headers={'Date': 'Tue, 30 Apr 2024 06:19:23 GMT', 'Content-Type': 'application/json; charset=utf-8', 'Transfer-Encoding': 'chunked', 'Connection': 'keep-alive', 'X-Powered-By': 'Express', 'Access-Control-Allow-Origin': '*', 'Cache-Control': 'no-cache', 'ETag': 'W/"479-KdRCmaVf05pAQVdfn0GX+zua1lI"', 'Vary': 'Accept-Encoding', 'Content-Encoding': 'gzip', 'CF-Cache-Status': 'DYNAMIC', 'Report-To': '{"endpoints":[{"url":"https:\\/\\/a.nel.cloudflare.com\\/report\\/v4?s=WTQQdGWaLk6CXNEnpFVAGZ9xt3kaoA4fm8to1imrix4K1BcGZAErh2kCltCxAffG%2BdEpXuISR5HbHZEoM752Qfl1WEfFb5kyV%2FL0cblc5IUAPNf5pLWA7X5ODxVCAjvX"}],"group":"cf-nel","max_age":604800}', 'NEL': '{"success_fraction":0,"report_to":"cf-nel","max_age":604800}', 'Server': 'cloudflare', 'CF-RAY': '87c56b7cfd2a7bcd-LAX', 'alt-svc': 'h3=":443"; ma=86400'} 
 body={"results":[{"gender":"male","name":{"title":"Mr","first":"Veeti","last":"Huhta"},"location":{"street":{"number":5173,"name":"Myllypuronkatu"},"city":"Isokyrö","state":"South Karelia","country":"Finland","postcode":50079,"coordinates":{"latitude":"-25.4346","longitude":"-12.7185"},"timezone":{"offset":"+5:45","description":"Kathmandu"}},"email":"veeti.huhta@example.com","login":{"uuid":"e2b872b7-3dd1-4cc2-81a4-50d7079355de","username":"redfish417","password":"amsterda","salt":"o21gVWks","md5":"7c9e3b5877a8633b040ff385a8d500fd","sha1":"4a1ddc7d5c7d29594add7d9daf5ece2f011e151e","sha256":"763de2d98d3875a35246b961f6c7f40e83d0e53e0791e0a4f22e0f4f62a22e10"},"dob":{"date":"1946-11-01T10:16:41.294Z","age":77},"registered":{"date":"2019-10-08T13:41:49.281Z","age":4},"phone":"02-452-338","cell":"049-022-85-54","id":{"name":"HETU","value":"NaNNA659undefined"},"picture":{"large":"https://randomuser.me/api/portraits/men/47.jpg","medium":"https://randomuser.me/api/portraits/med/men/47.jpg","thumbnail":"https://randomuser.me/api/portraits/thumb/men/47.jpg"},"nat":"FI"}],"info":{"seed":"a8406afbfc194547","results":1,"page":1,"version":"1.4"}} 
 </msg>
<msg time="2024-04-30T06:19:23.136341" level="INFO">/opt/hostedtoolcache/Python/3.12.3/x64/lib/python3.12/site-packages/urllib3/connectionpool.py:1103: InsecureRequestWarning: Unverified HTTPS request is being made to host 'randomuser.me'. Adding certificate verification is strongly advised. See: https://urllib3.readthedocs.io/en/latest/advanced-usage.html#tls-warnings
  warnings.warn(</msg>
<msg time="2024-04-30T06:19:23.136503" level="INFO">${response} = &lt;Response [200]&gt;</msg>
<var>${response}</var>
<arg>consultarAPI</arg>
<arg>/api</arg>
<doc>Sends a GET request on a previously created HTTP Session.</doc>
<status status="PASS" start="2024-04-30T06:19:22.974513" elapsed="0.162033"/>
</kw>
<kw name="Should Be Equal As Numbers" owner="BuiltIn">
<msg time="2024-04-30T06:19:23.137566" level="INFO">Argument types are:
&lt;class 'int'&gt;
&lt;class 'str'&gt;</msg>
<arg>${response.status_code}</arg>
<arg>200</arg>
<doc>Fails if objects are unequal after converting them to real numbers.</doc>
<status status="PASS" start="2024-04-30T06:19:23.137094" elapsed="0.000539"/>
</kw>
<kw name="Log" owner="BuiltIn">
<msg time="2024-04-30T06:19:23.138355" level="INFO">200</msg>
<arg>${response.status_code}</arg>
<doc>Logs the given message with the given level.</doc>
<status status="PASS" start="2024-04-30T06:19:23.137982" elapsed="0.000417"/>
</kw>
<kw name="Set Variable" owner="BuiltIn">
<msg time="2024-04-30T06:19:23.139192" level="INFO">${json_data} = {'results': [{'gender': 'male', 'name': {'title': 'Mr', 'first': 'Veeti', 'last': 'Huhta'}, 'location': {'street': {'number': 5173, 'name': 'Myllypuronkatu'}, 'city': 'Isokyrö', 'state': 'South Kareli...</msg>
<var>${json_data}</var>
<arg>${response.json()}</arg>
<doc>Returns the given values which can then be assigned to a variables.</doc>
<status status="PASS" start="2024-04-30T06:19:23.138711" elapsed="0.000512"/>
</kw>
<kw name="Dictionary Should Contain Key" owner="Collections">
<msg time="2024-04-30T06:19:23.139718" level="INFO">False</msg>
<arg>${json_data}</arg>
<arg>results</arg>
<doc>Fails if ``key`` is not found from ``dictionary``.</doc>
<status status="PASS" start="2024-04-30T06:19:23.139544" elapsed="0.000218"/>
</kw>
<status status="PASS" start="2024-04-30T06:19:22.974267" elapsed="0.165756"/>
</kw>
<doc>Testa se a API responde corretamente e retorna um objeto JSON válido.</doc>
<tag>testeRequisicaoBasica</tag>
<status status="PASS" start="2024-04-30T06:19:22.973712" elapsed="0.166500"/>
</test>
<test id="s1-s1-t3" name="Validar estrutura de resposta" line="22">
<kw name="Teste de Estrutura de Resposta" owner="random-user-service">
<kw name="GET On Session" owner="RequestsLibrary">
<msg time="2024-04-30T06:19:23.246946" level="INFO">GET Request : url=https://randomuser.me/api 
 path_url=/api 
 headers={'User-Agent': 'python-requests/2.31.0', 'Accept-Encoding': 'gzip, deflate', 'Accept': '*/*', 'Connection': 'keep-alive'} 
 body=None 
 </msg>
<msg time="2024-04-30T06:19:23.247015" level="INFO">GET Response : url=https://randomuser.me/api 
 status=200, reason=OK 
 headers={'Date': 'Tue, 30 Apr 2024 06:19:23 GMT', 'Content-Type': 'application/json; charset=utf-8', 'Transfer-Encoding': 'chunked', 'Connection': 'keep-alive', 'X-Powered-By': 'Express', 'Access-Control-Allow-Origin': '*', 'Cache-Control': 'no-cache', 'ETag': 'W/"478-r3amZgbveisqtzkPIAesG4VB41A"', 'Vary': 'Accept-Encoding', 'Content-Encoding': 'gzip', 'CF-Cache-Status': 'DYNAMIC', 'Report-To': '{"endpoints":[{"url":"https:\\/\\/a.nel.cloudflare.com\\/report\\/v4?s=XUuHOnHE7xsrDAdYCCgGzBm2VxUUK87VkLWGWpvksdFrfdb3bHksaloNPoXwy0lE7dVYACC%2ByqzagapFRX94FBf4SwZ%2F7UHhmPwENu5yHjI4LEDKMpPCAui4rti67SJH"}],"group":"cf-nel","max_age":604800}', 'NEL': '{"success_fraction":0,"report_to":"cf-nel","max_age":604800}', 'Server': 'cloudflare', 'CF-RAY': '87c56b7dadbe7bcd-LAX', 'alt-svc': 'h3=":443"; ma=86400'} 
 body={"results":[{"gender":"male","name":{"title":"Mr","first":"Joona","last":"Ramo"},"location":{"street":{"number":3845,"name":"Mannerheimintie"},"city":"Kontiolahti","state":"Ostrobothnia","country":"Finland","postcode":62955,"coordinates":{"latitude":"-26.0335","longitude":"-6.8845"},"timezone":{"offset":"+4:30","description":"Kabul"}},"email":"joona.ramo@example.com","login":{"uuid":"5ca65579-b0fc-435b-9cb7-2878edcee030","username":"sadladybug259","password":"rrrrrrr","salt":"Sc7VmtQZ","md5":"bfb55ad0e91cd6824320467d5ffb4775","sha1":"3c5322309061787a855838d0744e735a856f5144","sha256":"0971e8350178eaece907d38a4739a7ec5ed23aecf87bfb0f16b5ed01b2034603"},"dob":{"date":"1976-05-11T05:33:09.097Z","age":47},"registered":{"date":"2012-01-14T06:13:23.371Z","age":12},"phone":"09-878-801","cell":"040-707-43-88","id":{"name":"HETU","value":"NaNNA541undefined"},"picture":{"large":"https://randomuser.me/api/portraits/men/52.jpg","medium":"https://randomuser.me/api/portraits/med/men/52.jpg","thumbnail":"https://randomuser.me/api/portraits/thumb/men/52.jpg"},"nat":"FI"}],"info":{"seed":"b031ccfa23b3fbef","results":1,"page":1,"version":"1.4"}} 
 </msg>
<msg time="2024-04-30T06:19:23.247122" level="INFO">/opt/hostedtoolcache/Python/3.12.3/x64/lib/python3.12/site-packages/urllib3/connectionpool.py:1103: InsecureRequestWarning: Unverified HTTPS request is being made to host 'randomuser.me'. Adding certificate verification is strongly advised. See: https://urllib3.readthedocs.io/en/latest/advanced-usage.html#tls-warnings
  warnings.warn(</msg>
<msg time="2024-04-30T06:19:23.247239" level="INFO">${response} = &lt;Response [200]&gt;</msg>
<var>${response}</var>
<arg>consultarAPI</arg>
<arg>/api</arg>
<doc>Sends a GET request on a previously created HTTP Session.</doc>
<status status="PASS" start="2024-04-30T06:19:23.142935" elapsed="0.104347"/>
</kw>
<kw name="Set Variable" owner="BuiltIn">
<msg time="2024-04-30T06:19:23.248182" level="INFO">${json_data} = {'results': [{'gender': 'male', 'name': {'title': 'Mr', 'first': 'Joona', 'last': 'Ramo'}, 'location': {'street': {'number': 3845, 'name': 'Mannerheimintie'}, 'city': 'Kontiolahti', 'state': 'Ostrobot...</msg>
<var>${json_data}</var>
<arg>${response.json()}</arg>
<doc>Returns the given values which can then be assigned to a variables.</doc>
<status status="PASS" start="2024-04-30T06:19:23.247696" elapsed="0.000515"/>
</kw>
<kw name="Log" owner="BuiltIn">
<msg time="2024-04-30T06:19:23.248686" level="INFO">{'results': [{'gender': 'male', 'name': {'title': 'Mr', 'first': 'Joona', 'last': 'Ramo'}, 'location': {'street': {'number': 3845, 'name': 'Mannerheimintie'}, 'city': 'Kontiolahti', 'state': 'Ostrobothnia', 'country': 'Finland', 'postcode': 62955, 'coordinates': {'latitude': '-26.0335', 'longitude': '-6.8845'}, 'timezone': {'offset': '+4:30', 'description': 'Kabul'}}, 'email': 'joona.ramo@example.com', 'login': {'uuid': '5ca65579-b0fc-435b-9cb7-2878edcee030', 'username': 'sadladybug259', 'password': 'rrrrrrr', 'salt': 'Sc7VmtQZ', 'md5': 'bfb55ad0e91cd6824320467d5ffb4775', 'sha1': '3c5322309061787a855838d0744e735a856f5144', 'sha256': '0971e8350178eaece907d38a4739a7ec5ed23aecf87bfb0f16b5ed01b2034603'}, 'dob': {'date': '1976-05-11T05:33:09.097Z', 'age': 47}, 'registered': {'date': '2012-01-14T06:13:23.371Z', 'age': 12}, 'phone': '09-878-801', 'cell': '040-707-43-88', 'id': {'name': 'HETU', 'value': 'NaNNA541undefined'}, 'picture': {'large': 'https://randomuser.me/api/portraits/men/52.jpg', 'medium': 'https://randomuser.me/api/portraits/med/men/52.jpg', 'thumbnail': 'https://randomuser.me/api/portraits/thumb/men/52.jpg'}, 'nat': 'FI'}], 'info': {'seed': 'b031ccfa23b3fbef', 'results': 1, 'page': 1, 'version': '1.4'}}</msg>
<arg>${json_data}</arg>
<doc>Logs the given message with the given level.</doc>
<status status="PASS" start="2024-04-30T06:19:23.248525" elapsed="0.000211"/>
</kw>
<kw name="Dictionary Should Contain Key" owner="Collections">
<msg time="2024-04-30T06:19:23.249238" level="INFO">False</msg>
<arg>${json_data}</arg>
<arg>results</arg>
<doc>Fails if ``key`` is not found from ``dictionary``.</doc>
<status status="PASS" start="2024-04-30T06:19:23.249075" elapsed="0.000202"/>
</kw>
<kw name="Should Not Be Empty" owner="BuiltIn">
<msg time="2024-04-30T06:19:23.249719" level="INFO">Length is 2.</msg>
<arg>${json_data}</arg>
<doc>Verifies that the given item is not empty.</doc>
<status status="PASS" start="2024-04-30T06:19:23.249581" elapsed="0.000320"/>
</kw>
<kw name="Create List" owner="BuiltIn">
<msg time="2024-04-30T06:19:23.250356" level="INFO">${expected_keys} = ['gender', 'name', 'location', 'email', 'login']</msg>
<var>${expected_keys}</var>
<arg>gender</arg>
<arg>name</arg>
<arg>location</arg>
<arg>email</arg>
<arg>login</arg>
<doc>Returns a list containing given items.</doc>
<status status="PASS" start="2024-04-30T06:19:23.250204" elapsed="0.000176"/>
</kw>
<for flavor="IN">
<iter>
<kw name="Dictionary Should Contain Key" owner="Collections">
<msg time="2024-04-30T06:19:23.251371" level="INFO">False</msg>
<arg>${json_data['results'][0]}</arg>
<arg>${key}</arg>
<doc>Fails if ``key`` is not found from ``dictionary``.</doc>
<status status="PASS" start="2024-04-30T06:19:23.250961" elapsed="0.000450"/>
</kw>
<kw name="Log" owner="BuiltIn">
<msg time="2024-04-30T06:19:23.252087" level="INFO">{'gender': 'male', 'name': {'title': 'Mr', 'first': 'Joona', 'last': 'Ramo'}, 'location': {'street': {'number': 3845, 'name': 'Mannerheimintie'}, 'city': 'Kontiolahti', 'state': 'Ostrobothnia', 'country': 'Finland', 'postcode': 62955, 'coordinates': {'latitude': '-26.0335', 'longitude': '-6.8845'}, 'timezone': {'offset': '+4:30', 'description': 'Kabul'}}, 'email': 'joona.ramo@example.com', 'login': {'uuid': '5ca65579-b0fc-435b-9cb7-2878edcee030', 'username': 'sadladybug259', 'password': 'rrrrrrr', 'salt': 'Sc7VmtQZ', 'md5': 'bfb55ad0e91cd6824320467d5ffb4775', 'sha1': '3c5322309061787a855838d0744e735a856f5144', 'sha256': '0971e8350178eaece907d38a4739a7ec5ed23aecf87bfb0f16b5ed01b2034603'}, 'dob': {'date': '1976-05-11T05:33:09.097Z', 'age': 47}, 'registered': {'date': '2012-01-14T06:13:23.371Z', 'age': 12}, 'phone': '09-878-801', 'cell': '040-707-43-88', 'id': {'name': 'HETU', 'value': 'NaNNA541undefined'}, 'picture': {'large': 'https://randomuser.me/api/portraits/men/52.jpg', 'medium': 'https://randomuser.me/api/portraits/med/men/52.jpg', 'thumbnail': 'https://randomuser.me/api/portraits/thumb/men/52.jpg'}, 'nat': 'FI'}</msg>
<arg>${json_data['results'][0]}</arg>
<doc>Logs the given message with the given level.</doc>
<status status="PASS" start="2024-04-30T06:19:23.251717" elapsed="0.000419"/>
</kw>
<kw name="Log" owner="BuiltIn">
<msg time="2024-04-30T06:19:23.252560" level="INFO">gender</msg>
<arg>${key}</arg>
<doc>Logs the given message with the given level.</doc>
<status status="PASS" start="2024-04-30T06:19:23.252431" elapsed="0.000167"/>
</kw>
<var name="${key}">gender</var>
<status status="PASS" start="2024-04-30T06:19:23.250834" elapsed="0.001978"/>
</iter>
<iter>
<kw name="Dictionary Should Contain Key" owner="Collections">
<msg time="2024-04-30T06:19:23.253570" level="INFO">False</msg>
<arg>${json_data['results'][0]}</arg>
<arg>${key}</arg>
<doc>Fails if ``key`` is not found from ``dictionary``.</doc>
<status status="PASS" start="2024-04-30T06:19:23.253171" elapsed="0.000437"/>
</kw>
<kw name="Log" owner="BuiltIn">
<msg time="2024-04-30T06:19:23.254307" level="INFO">{'gender': 'male', 'name': {'title': 'Mr', 'first': 'Joona', 'last': 'Ramo'}, 'location': {'street': {'number': 3845, 'name': 'Mannerheimintie'}, 'city': 'Kontiolahti', 'state': 'Ostrobothnia', 'country': 'Finland', 'postcode': 62955, 'coordinates': {'latitude': '-26.0335', 'longitude': '-6.8845'}, 'timezone': {'offset': '+4:30', 'description': 'Kabul'}}, 'email': 'joona.ramo@example.com', 'login': {'uuid': '5ca65579-b0fc-435b-9cb7-2878edcee030', 'username': 'sadladybug259', 'password': 'rrrrrrr', 'salt': 'Sc7VmtQZ', 'md5': 'bfb55ad0e91cd6824320467d5ffb4775', 'sha1': '3c5322309061787a855838d0744e735a856f5144', 'sha256': '0971e8350178eaece907d38a4739a7ec5ed23aecf87bfb0f16b5ed01b2034603'}, 'dob': {'date': '1976-05-11T05:33:09.097Z', 'age': 47}, 'registered': {'date': '2012-01-14T06:13:23.371Z', 'age': 12}, 'phone': '09-878-801', 'cell': '040-707-43-88', 'id': {'name': 'HETU', 'value': 'NaNNA541undefined'}, 'picture': {'large': 'https://randomuser.me/api/portraits/men/52.jpg', 'medium': 'https://randomuser.me/api/portraits/med/men/52.jpg', 'thumbnail': 'https://randomuser.me/api/portraits/thumb/men/52.jpg'}, 'nat': 'FI'}</msg>
<arg>${json_data['results'][0]}</arg>
<doc>Logs the given message with the given level.</doc>
<status status="PASS" start="2024-04-30T06:19:23.253941" elapsed="0.000416"/>
</kw>
<kw name="Log" owner="BuiltIn">
<msg time="2024-04-30T06:19:23.254782" level="INFO">name</msg>
<arg>${key}</arg>
<doc>Logs the given message with the given level.</doc>
<status status="PASS" start="2024-04-30T06:19:23.254653" elapsed="0.000169"/>
</kw>
<var name="${key}">name</var>
<status status="PASS" start="2024-04-30T06:19:23.253050" elapsed="0.001988"/>
</iter>
<iter>
<kw name="Dictionary Should Contain Key" owner="Collections">
<msg time="2024-04-30T06:19:23.255726" level="INFO">False</msg>
<arg>${json_data['results'][0]}</arg>
<arg>${key}</arg>
<doc>Fails if ``key`` is not found from ``dictionary``.</doc>
<status status="PASS" start="2024-04-30T06:19:23.255334" elapsed="0.000430"/>
</kw>
<kw name="Log" owner="BuiltIn">
<msg time="2024-04-30T06:19:23.256431" level="INFO">{'gender': 'male', 'name': {'title': 'Mr', 'first': 'Joona', 'last': 'Ramo'}, 'location': {'street': {'number': 3845, 'name': 'Mannerheimintie'}, 'city': 'Kontiolahti', 'state': 'Ostrobothnia', 'country': 'Finland', 'postcode': 62955, 'coordinates': {'latitude': '-26.0335', 'longitude': '-6.8845'}, 'timezone': {'offset': '+4:30', 'description': 'Kabul'}}, 'email': 'joona.ramo@example.com', 'login': {'uuid': '5ca65579-b0fc-435b-9cb7-2878edcee030', 'username': 'sadladybug259', 'password': 'rrrrrrr', 'salt': 'Sc7VmtQZ', 'md5': 'bfb55ad0e91cd6824320467d5ffb4775', 'sha1': '3c5322309061787a855838d0744e735a856f5144', 'sha256': '0971e8350178eaece907d38a4739a7ec5ed23aecf87bfb0f16b5ed01b2034603'}, 'dob': {'date': '1976-05-11T05:33:09.097Z', 'age': 47}, 'registered': {'date': '2012-01-14T06:13:23.371Z', 'age': 12}, 'phone': '09-878-801', 'cell': '040-707-43-88', 'id': {'name': 'HETU', 'value': 'NaNNA541undefined'}, 'picture': {'large': 'https://randomuser.me/api/portraits/men/52.jpg', 'medium': 'https://randomuser.me/api/portraits/med/men/52.jpg', 'thumbnail': 'https://randomuser.me/api/portraits/thumb/men/52.jpg'}, 'nat': 'FI'}</msg>
<arg>${json_data['results'][0]}</arg>
<doc>Logs the given message with the given level.</doc>
<status status="PASS" start="2024-04-30T06:19:23.256064" elapsed="0.000418"/>
</kw>
<kw name="Log" owner="BuiltIn">
<msg time="2024-04-30T06:19:23.256907" level="INFO">location</msg>
<arg>${key}</arg>
<doc>Logs the given message with the given level.</doc>
<status status="PASS" start="2024-04-30T06:19:23.256779" elapsed="0.000193"/>
</kw>
<var name="${key}">location</var>
<status status="PASS" start="2024-04-30T06:19:23.255221" elapsed="0.001978"/>
</iter>
<iter>
<kw name="Dictionary Should Contain Key" owner="Collections">
<msg time="2024-04-30T06:19:23.257881" level="INFO">False</msg>
<arg>${json_data['results'][0]}</arg>
<arg>${key}</arg>
<doc>Fails if ``key`` is not found from ``dictionary``.</doc>
<status status="PASS" start="2024-04-30T06:19:23.257489" elapsed="0.000430"/>
</kw>
<kw name="Log" owner="BuiltIn">
<msg time="2024-04-30T06:19:23.258595" level="INFO">{'gender': 'male', 'name': {'title': 'Mr', 'first': 'Joona', 'last': 'Ramo'}, 'location': {'street': {'number': 3845, 'name': 'Mannerheimintie'}, 'city': 'Kontiolahti', 'state': 'Ostrobothnia', 'country': 'Finland', 'postcode': 62955, 'coordinates': {'latitude': '-26.0335', 'longitude': '-6.8845'}, 'timezone': {'offset': '+4:30', 'description': 'Kabul'}}, 'email': 'joona.ramo@example.com', 'login': {'uuid': '5ca65579-b0fc-435b-9cb7-2878edcee030', 'username': 'sadladybug259', 'password': 'rrrrrrr', 'salt': 'Sc7VmtQZ', 'md5': 'bfb55ad0e91cd6824320467d5ffb4775', 'sha1': '3c5322309061787a855838d0744e735a856f5144', 'sha256': '0971e8350178eaece907d38a4739a7ec5ed23aecf87bfb0f16b5ed01b2034603'}, 'dob': {'date': '1976-05-11T05:33:09.097Z', 'age': 47}, 'registered': {'date': '2012-01-14T06:13:23.371Z', 'age': 12}, 'phone': '09-878-801', 'cell': '040-707-43-88', 'id': {'name': 'HETU', 'value': 'NaNNA541undefined'}, 'picture': {'large': 'https://randomuser.me/api/portraits/men/52.jpg', 'medium': 'https://randomuser.me/api/portraits/med/men/52.jpg', 'thumbnail': 'https://randomuser.me/api/portraits/thumb/men/52.jpg'}, 'nat': 'FI'}</msg>
<arg>${json_data['results'][0]}</arg>
<doc>Logs the given message with the given level.</doc>
<status status="PASS" start="2024-04-30T06:19:23.258229" elapsed="0.000414"/>
</kw>
<kw name="Log" owner="BuiltIn">
<msg time="2024-04-30T06:19:23.259064" level="INFO">email</msg>
<arg>${key}</arg>
<doc>Logs the given message with the given level.</doc>
<status status="PASS" start="2024-04-30T06:19:23.258936" elapsed="0.000167"/>
</kw>
<var name="${key}">email</var>
<status status="PASS" start="2024-04-30T06:19:23.257376" elapsed="0.001943"/>
</iter>
<iter>
<kw name="Dictionary Should Contain Key" owner="Collections">
<msg time="2024-04-30T06:19:23.259986" level="INFO">False</msg>
<arg>${json_data['results'][0]}</arg>
<arg>${key}</arg>
<doc>Fails if ``key`` is not found from ``dictionary``.</doc>
<status status="PASS" start="2024-04-30T06:19:23.259602" elapsed="0.000420"/>
</kw>
<kw name="Log" owner="BuiltIn">
<msg time="2024-04-30T06:19:23.260679" level="INFO">{'gender': 'male', 'name': {'title': 'Mr', 'first': 'Joona', 'last': 'Ramo'}, 'location': {'street': {'number': 3845, 'name': 'Mannerheimintie'}, 'city': 'Kontiolahti', 'state': 'Ostrobothnia', 'country': 'Finland', 'postcode': 62955, 'coordinates': {'latitude': '-26.0335', 'longitude': '-6.8845'}, 'timezone': {'offset': '+4:30', 'description': 'Kabul'}}, 'email': 'joona.ramo@example.com', 'login': {'uuid': '5ca65579-b0fc-435b-9cb7-2878edcee030', 'username': 'sadladybug259', 'password': 'rrrrrrr', 'salt': 'Sc7VmtQZ', 'md5': 'bfb55ad0e91cd6824320467d5ffb4775', 'sha1': '3c5322309061787a855838d0744e735a856f5144', 'sha256': '0971e8350178eaece907d38a4739a7ec5ed23aecf87bfb0f16b5ed01b2034603'}, 'dob': {'date': '1976-05-11T05:33:09.097Z', 'age': 47}, 'registered': {'date': '2012-01-14T06:13:23.371Z', 'age': 12}, 'phone': '09-878-801', 'cell': '040-707-43-88', 'id': {'name': 'HETU', 'value': 'NaNNA541undefined'}, 'picture': {'large': 'https://randomuser.me/api/portraits/men/52.jpg', 'medium': 'https://randomuser.me/api/portraits/med/men/52.jpg', 'thumbnail': 'https://randomuser.me/api/portraits/thumb/men/52.jpg'}, 'nat': 'FI'}</msg>
<arg>${json_data['results'][0]}</arg>
<doc>Logs the given message with the given level.</doc>
<status status="PASS" start="2024-04-30T06:19:23.260314" elapsed="0.000412"/>
</kw>
<kw name="Log" owner="BuiltIn">
<msg time="2024-04-30T06:19:23.261198" level="INFO">login</msg>
<arg>${key}</arg>
<doc>Logs the given message with the given level.</doc>
<status status="PASS" start="2024-04-30T06:19:23.261066" elapsed="0.000171"/>
</kw>
<var name="${key}">login</var>
<status status="PASS" start="2024-04-30T06:19:23.259490" elapsed="0.001963"/>
</iter>
<var>${key}</var>
<value>@{expected_keys}</value>
<status status="PASS" start="2024-04-30T06:19:23.250644" elapsed="0.010954"/>
</for>
<kw name="Create List" owner="BuiltIn">
<msg time="2024-04-30T06:19:23.261934" level="INFO">${expected_keysTwo} = ['username', 'password']</msg>
<var>${expected_keysTwo}</var>
<arg>username</arg>
<arg>password</arg>
<doc>Returns a list containing given items.</doc>
<status status="PASS" start="2024-04-30T06:19:23.261797" elapsed="0.000160"/>
</kw>
<for flavor="IN">
<iter>
<kw name="Dictionary Should Contain Key" owner="Collections">
<msg time="2024-04-30T06:19:23.262847" level="INFO">False</msg>
<arg>${json_data['results'][0]['login']}</arg>
<arg>${keyTwo}</arg>
<doc>Fails if ``key`` is not found from ``dictionary``.</doc>
<status status="PASS" start="2024-04-30T06:19:23.262446" elapsed="0.000438"/>
</kw>
<kw name="Dictionary Should Contain Key" owner="Collections">
<msg time="2024-04-30T06:19:23.263564" level="INFO">False</msg>
<arg>${json_data['results'][0]['login']}</arg>
<arg>${keyTwo}</arg>
<doc>Fails if ``key`` is not found from ``dictionary``.</doc>
<status status="PASS" start="2024-04-30T06:19:23.263180" elapsed="0.000421"/>
</kw>
<kw name="Log" owner="BuiltIn">
<msg time="2024-04-30T06:19:23.264017" level="INFO">username</msg>
<arg>${keyTwo}</arg>
<doc>Logs the given message with the given level.</doc>
<status status="PASS" start="2024-04-30T06:19:23.263891" elapsed="0.000169"/>
</kw>
<var name="${keyTwo}">username</var>
<status status="PASS" start="2024-04-30T06:19:23.262338" elapsed="0.001937"/>
</iter>
<iter>
<kw name="Dictionary Should Contain Key" owner="Collections">
<msg time="2024-04-30T06:19:23.265053" level="INFO">False</msg>
<arg>${json_data['results'][0]['login']}</arg>
<arg>${keyTwo}</arg>
<doc>Fails if ``key`` is not found from ``dictionary``.</doc>
<status status="PASS" start="2024-04-30T06:19:23.264565" elapsed="0.000528"/>
</kw>
<kw name="Dictionary Should Contain Key" owner="Collections">
<msg time="2024-04-30T06:19:23.265765" level="INFO">False</msg>
<arg>${json_data['results'][0]['login']}</arg>
<arg>${keyTwo}</arg>
<doc>Fails if ``key`` is not found from ``dictionary``.</doc>
<status status="PASS" start="2024-04-30T06:19:23.265389" elapsed="0.000413"/>
</kw>
<kw name="Log" owner="BuiltIn">
<msg time="2024-04-30T06:19:23.266225" level="INFO">password</msg>
<arg>${keyTwo}</arg>
<doc>Logs the given message with the given level.</doc>
<status status="PASS" start="2024-04-30T06:19:23.266093" elapsed="0.000169"/>
</kw>
<var name="${keyTwo}">password</var>
<status status="PASS" start="2024-04-30T06:19:23.264455" elapsed="0.002020"/>
</iter>
<var>${keyTwo}</var>
<value>@{expected_keysTwo}</value>
<status status="PASS" start="2024-04-30T06:19:23.262189" elapsed="0.004406"/>
</for>
<status status="PASS" start="2024-04-30T06:19:23.142654" elapsed="0.124078"/>
</kw>
<doc>Testa a estrutura da resposta da API.</doc>
<tag>testeEstruturaResposta</tag>
<status status="PASS" start="2024-04-30T06:19:23.142131" elapsed="0.124750"/>
</test>
<test id="s1-s1-t4" name="Validar tipos de dados" line="28">
<kw name="Teste de Tipos de Dados" owner="random-user-service">
<kw name="GET On Session" owner="RequestsLibrary">
<msg time="2024-04-30T06:19:23.371684" level="INFO">GET Request : url=https://randomuser.me/api 
 path_url=/api 
 headers={'User-Agent': 'python-requests/2.31.0', 'Accept-Encoding': 'gzip, deflate', 'Accept': '*/*', 'Connection': 'keep-alive'} 
 body=None 
 </msg>
<msg time="2024-04-30T06:19:23.371794" level="INFO">GET Response : url=https://randomuser.me/api 
 status=200, reason=OK 
 headers={'Date': 'Tue, 30 Apr 2024 06:19:23 GMT', 'Content-Type': 'application/json; charset=utf-8', 'Transfer-Encoding': 'chunked', 'Connection': 'keep-alive', 'X-Powered-By': 'Express', 'Access-Control-Allow-Origin': '*', 'Cache-Control': 'no-cache', 'ETag': 'W/"48b-7Nu01BLKNslqn+FQ5/2SuOBJHZg"', 'Vary': 'Accept-Encoding', 'Content-Encoding': 'gzip', 'CF-Cache-Status': 'DYNAMIC', 'Report-To': '{"endpoints":[{"url":"https:\\/\\/a.nel.cloudflare.com\\/report\\/v4?s=SBiP01YInnOSMjLkwkl38PF6ytTWWld6VIrKG%2FeGfj6avb9soz5r9Dob6Wx2TQ1m8saLoQ6inFvFJAwPiZiACH5%2BrNe%2FY1ba%2BepHyKP4QZ9xG9CCNPyIy14Q9GteAqDl"}],"group":"cf-nel","max_age":604800}', 'NEL': '{"success_fraction":0,"report_to":"cf-nel","max_age":604800}', 'Server': 'cloudflare', 'CF-RAY': '87c56b7e7e3d7bcd-LAX', 'alt-svc': 'h3=":443"; ma=86400'} 
 body={"results":[{"gender":"male","name":{"title":"Mr","first":"Lucas","last":"Ibáñez"},"location":{"street":{"number":7463,"name":"Calle de Segovia"},"city":"Barcelona","state":"Comunidad Valenciana","country":"Spain","postcode":43596,"coordinates":{"latitude":"-36.6311","longitude":"-48.6858"},"timezone":{"offset":"+2:00","description":"Kaliningrad, South Africa"}},"email":"lucas.ibanez@example.com","login":{"uuid":"a68b9185-0039-4666-aebb-67dff3807c56","username":"sadpanda482","password":"target","salt":"aalKzyxi","md5":"8ed9398aebb6dc80e1a45dfbd720901c","sha1":"4c9a6e3f23bd1eed7052491ddd275e5cc9323473","sha256":"a894c87cf226ebf9c10b80db038e3e88fa1900d3d8277123b6047d38ffcbbac8"},"dob":{"date":"1970-09-07T17:50:23.905Z","age":53},"registered":{"date":"2019-02-22T08:53:07.442Z","age":5},"phone":"992-504-833","cell":"631-252-500","id":{"name":"DNI","value":"92714179-I"},"picture":{"large":"https://randomuser.me/api/portraits/men/98.jpg","medium":"https://randomuser.me/api/portraits/med/men/98.jpg","thumbnail":"https://randomuser.me/api/portraits/thumb/men/98.jpg"},"nat":"ES"}],"info":{"seed":"189e0503352f7485","results":1,"page":1,"version":"1.4"}} 
 </msg>
<msg time="2024-04-30T06:19:23.371880" level="INFO">/opt/hostedtoolcache/Python/3.12.3/x64/lib/python3.12/site-packages/urllib3/connectionpool.py:1103: InsecureRequestWarning: Unverified HTTPS request is being made to host 'randomuser.me'. Adding certificate verification is strongly advised. See: https://urllib3.readthedocs.io/en/latest/advanced-usage.html#tls-warnings
  warnings.warn(</msg>
<msg time="2024-04-30T06:19:23.372017" level="INFO">${response} = &lt;Response [200]&gt;</msg>
<var>${response}</var>
<arg>consultarAPI</arg>
<arg>/api</arg>
<doc>Sends a GET request on a previously created HTTP Session.</doc>
<status status="PASS" start="2024-04-30T06:19:23.269335" elapsed="0.102722"/>
</kw>
<kw name="Set Variable" owner="BuiltIn">
<msg time="2024-04-30T06:19:23.373194" level="INFO">${json_data} = {'results': [{'gender': 'male', 'name': {'title': 'Mr', 'first': 'Lucas', 'last': 'Ibáñez'}, 'location': {'street': {'number': 7463, 'name': 'Calle de Segovia'}, 'city': 'Barcelona', 'state': 'Comunid...</msg>
<var>${json_data}</var>
<arg>${response.json()}</arg>
<doc>Returns the given values which can then be assigned to a variables.</doc>
<status status="PASS" start="2024-04-30T06:19:23.372615" elapsed="0.000609"/>
</kw>
<kw name="Log" owner="BuiltIn">
<msg time="2024-04-30T06:19:23.373704" level="INFO">{'results': [{'gender': 'male', 'name': {'title': 'Mr', 'first': 'Lucas', 'last': 'Ibáñez'}, 'location': {'street': {'number': 7463, 'name': 'Calle de Segovia'}, 'city': 'Barcelona', 'state': 'Comunidad Valenciana', 'country': 'Spain', 'postcode': 43596, 'coordinates': {'latitude': '-36.6311', 'longitude': '-48.6858'}, 'timezone': {'offset': '+2:00', 'description': 'Kaliningrad, South Africa'}}, 'email': 'lucas.ibanez@example.com', 'login': {'uuid': 'a68b9185-0039-4666-aebb-67dff3807c56', 'username': 'sadpanda482', 'password': 'target', 'salt': 'aalKzyxi', 'md5': '8ed9398aebb6dc80e1a45dfbd720901c', 'sha1': '4c9a6e3f23bd1eed7052491ddd275e5cc9323473', 'sha256': 'a894c87cf226ebf9c10b80db038e3e88fa1900d3d8277123b6047d38ffcbbac8'}, 'dob': {'date': '1970-09-07T17:50:23.905Z', 'age': 53}, 'registered': {'date': '2019-02-22T08:53:07.442Z', 'age': 5}, 'phone': '992-504-833', 'cell': '631-252-500', 'id': {'name': 'DNI', 'value': '92714179-I'}, 'picture': {'large': 'https://randomuser.me/api/portraits/men/98.jpg', 'medium': 'https://randomuser.me/api/portraits/med/men/98.jpg', 'thumbnail': 'https://randomuser.me/api/portraits/thumb/men/98.jpg'}, 'nat': 'ES'}], 'info': {'seed': '189e0503352f7485', 'results': 1, 'page': 1, 'version': '1.4'}}</msg>
<arg>${json_data}</arg>
<doc>Logs the given message with the given level.</doc>
<status status="PASS" start="2024-04-30T06:19:23.373542" elapsed="0.000217"/>
</kw>
<kw name="Should Be String" owner="String">
<arg>${json_data['results'][0]['gender']}</arg>
<doc>Fails if the given ``item`` is not a string.</doc>
<status status="PASS" start="2024-04-30T06:19:23.374099" elapsed="0.000364"/>
</kw>
<kw name="Should Match Regexp" owner="BuiltIn">
<arg>${json_data['results'][0]['email']}</arg>
<arg>^[a-zA-Z0-9._%+-]+@[a-zA-Z0-9.-]+\.[a-zA-Z]{2,}$</arg>
<doc>Fails if ``string`` does not match ``pattern`` as a regular expression.</doc>
<status status="PASS" start="2024-04-30T06:19:23.374653" elapsed="0.000522"/>
</kw>
<kw name="Should Match Regexp" owner="BuiltIn">
<arg>${json_data['results'][0]['dob']['date']}</arg>
<arg>\\d{4}-\\d{2}-\\d{2}T\\d{2}:\\d{2}:\\d{2}\\.\\d{3}Z</arg>
<doc>Fails if ``string`` does not match ``pattern`` as a regular expression.</doc>
<status status="PASS" start="2024-04-30T06:19:23.375371" elapsed="0.000486"/>
</kw>
<kw name="Should Match Regexp" owner="BuiltIn">
<arg>${json_data['results'][0]['registered']['date']}</arg>
<arg>\\d{4}-\\d{2}-\\d{2}T\\d{2}:\\d{2}:\\d{2}\\.\\d{3}Z</arg>
<doc>Fails if ``string`` does not match ``pattern`` as a regular expression.</doc>
<status status="PASS" start="2024-04-30T06:19:23.376049" elapsed="0.000366"/>
</kw>
<kw name="Should Match Regexp" owner="BuiltIn">
<arg>${json_data['results'][0]['picture']['large']}</arg>
<arg>^https?://.*\.(?:png|jpe?g|gif|bmp)$</arg>
<doc>Fails if ``string`` does not match ``pattern`` as a regular expression.</doc>
<status status="PASS" start="2024-04-30T06:19:23.376599" elapsed="0.000486"/>
</kw>
<kw name="Should Match Regexp" owner="BuiltIn">
<arg>${json_data['results'][0]['picture']['medium']}</arg>
<arg>^https?://.*\.(?:png|jpe?g|gif|bmp)$</arg>
<doc>Fails if ``string`` does not match ``pattern`` as a regular expression.</doc>
<status status="PASS" start="2024-04-30T06:19:23.377273" elapsed="0.000365"/>
</kw>
<kw name="Should Match Regexp" owner="BuiltIn">
<arg>${json_data['results'][0]['picture']['thumbnail']}</arg>
<arg>^https?://.*\.(?:png|jpe?g|gif|bmp)$</arg>
<doc>Fails if ``string`` does not match ``pattern`` as a regular expression.</doc>
<status status="PASS" start="2024-04-30T06:19:23.377825" elapsed="0.000358"/>
</kw>
<kw name="Log" owner="BuiltIn">
<msg time="2024-04-30T06:19:23.378681" level="INFO">{'large': 'https://randomuser.me/api/portraits/men/98.jpg', 'medium': 'https://randomuser.me/api/portraits/med/men/98.jpg', 'thumbnail': 'https://randomuser.me/api/portraits/thumb/men/98.jpg'}</msg>
<arg>${json_data['results'][0]['picture']}</arg>
<doc>Logs the given message with the given level.</doc>
<status status="PASS" start="2024-04-30T06:19:23.378361" elapsed="0.000361"/>
</kw>
<status status="PASS" start="2024-04-30T06:19:23.269107" elapsed="0.109870"/>
</kw>
<kw name="Teste de Tipos de Dados - Postcode" owner="random-user-service">
<kw name="GET On Session" owner="RequestsLibrary">
<msg time="2024-04-30T06:19:23.476123" level="INFO">GET Request : url=https://randomuser.me/api 
 path_url=/api 
 headers={'User-Agent': 'python-requests/2.31.0', 'Accept-Encoding': 'gzip, deflate', 'Accept': '*/*', 'Connection': 'keep-alive'} 
 body=None 
 </msg>
<msg time="2024-04-30T06:19:23.476203" level="INFO">GET Response : url=https://randomuser.me/api 
 status=200, reason=OK 
 headers={'Date': 'Tue, 30 Apr 2024 06:19:23 GMT', 'Content-Type': 'application/json; charset=utf-8', 'Transfer-Encoding': 'chunked', 'Connection': 'keep-alive', 'X-Powered-By': 'Express', 'Access-Control-Allow-Origin': '*', 'Cache-Control': 'no-cache', 'ETag': 'W/"490-Kv6WZklFTIfc5faA2p+YljyIw3s"', 'Vary': 'Accept-Encoding', 'Content-Encoding': 'gzip', 'CF-Cache-Status': 'DYNAMIC', 'Report-To': '{"endpoints":[{"url":"https:\\/\\/a.nel.cloudflare.com\\/report\\/v4?s=4xBMYqzSd69KMn50nDCrPTZOxAMaNNj%2FAf7SjUetvdsdzEhtzlM0vVJdTybzFH%2BRirOs9nDgzjLV6cC%2F%2F3xbKVhMTbwxx0dMCuKD6HxjTpZQ3rpfJyqYkcmCJ9AJA2s0"}],"group":"cf-nel","max_age":604800}', 'NEL': '{"success_fraction":0,"report_to":"cf-nel","max_age":604800}', 'Server': 'cloudflare', 'CF-RAY': '87c56b7f2eb77bcd-LAX', 'alt-svc': 'h3=":443"; ma=86400'} 
 body={"results":[{"gender":"female","name":{"title":"Miss","first":"Lada","last":"Mitrović"},"location":{"street":{"number":8823,"name":"Žiže Markovića"},"city":"Bosilegrad","state":"Srem","country":"Serbia","postcode":31192,"coordinates":{"latitude":"60.2994","longitude":"84.4083"},"timezone":{"offset":"-3:00","description":"Brazil, Buenos Aires, Georgetown"}},"email":"lada.mitrovic@example.com","login":{"uuid":"6635ef2d-3396-40df-9b37-1b84b2957b5e","username":"heavybird774","password":"chloe","salt":"nJxc18JU","md5":"28d3e295cbee7467b02c9d5ce8e35528","sha1":"0b48115ee6b89004cdfcb7ebf7dee10f464f899f","sha256":"d5b953eeb1a58c828677b3e2516f3b341551a54d03b07d23b7987c34a72ca8c6"},"dob":{"date":"1974-11-21T22:48:09.513Z","age":49},"registered":{"date":"2007-11-19T03:51:04.555Z","age":16},"phone":"016-3463-838","cell":"067-3422-726","id":{"name":"SID","value":"450021433"},"picture":{"large":"https://randomuser.me/api/portraits/women/67.jpg","medium":"https://randomuser.me/api/portraits/med/women/67.jpg","thumbnail":"https://randomuser.me/api/portraits/thumb/women/67.jpg"},"nat":"RS"}],"info":{"seed":"6ab288ea2f8e2508","results":1,"page":1,"version":"1.4"}} 
 </msg>
<msg time="2024-04-30T06:19:23.476281" level="INFO">/opt/hostedtoolcache/Python/3.12.3/x64/lib/python3.12/site-packages/urllib3/connectionpool.py:1103: InsecureRequestWarning: Unverified HTTPS request is being made to host 'randomuser.me'. Adding certificate verification is strongly advised. See: https://urllib3.readthedocs.io/en/latest/advanced-usage.html#tls-warnings
  warnings.warn(</msg>
<msg time="2024-04-30T06:19:23.476385" level="INFO">${response} = &lt;Response [200]&gt;</msg>
<var>${response}</var>
<arg>consultarAPI</arg>
<arg>/api</arg>
<doc>Sends a GET request on a previously created HTTP Session.</doc>
<status status="PASS" start="2024-04-30T06:19:23.379445" elapsed="0.096989"/>
</kw>
<kw name="Set Variable" owner="BuiltIn">
<msg time="2024-04-30T06:19:23.477591" level="INFO">${json_data} = {'results': [{'gender': 'female', 'name': {'title': 'Miss', 'first': 'Lada', 'last': 'Mitrović'}, 'location': {'street': {'number': 8823, 'name': 'Žiže Markovića'}, 'city': 'Bosilegrad', 'state': 'Sre...</msg>
<var>${json_data}</var>
<arg>${response.json()}</arg>
<doc>Returns the given values which can then be assigned to a variables.</doc>
<status status="PASS" start="2024-04-30T06:19:23.476913" elapsed="0.000708"/>
</kw>
<kw name="Log" owner="BuiltIn">
<msg time="2024-04-30T06:19:23.478085" level="INFO">{'results': [{'gender': 'female', 'name': {'title': 'Miss', 'first': 'Lada', 'last': 'Mitrović'}, 'location': {'street': {'number': 8823, 'name': 'Žiže Markovića'}, 'city': 'Bosilegrad', 'state': 'Srem', 'country': 'Serbia', 'postcode': 31192, 'coordinates': {'latitude': '60.2994', 'longitude': '84.4083'}, 'timezone': {'offset': '-3:00', 'description': 'Brazil, Buenos Aires, Georgetown'}}, 'email': 'lada.mitrovic@example.com', 'login': {'uuid': '6635ef2d-3396-40df-9b37-1b84b2957b5e', 'username': 'heavybird774', 'password': 'chloe', 'salt': 'nJxc18JU', 'md5': '28d3e295cbee7467b02c9d5ce8e35528', 'sha1': '0b48115ee6b89004cdfcb7ebf7dee10f464f899f', 'sha256': 'd5b953eeb1a58c828677b3e2516f3b341551a54d03b07d23b7987c34a72ca8c6'}, 'dob': {'date': '1974-11-21T22:48:09.513Z', 'age': 49}, 'registered': {'date': '2007-11-19T03:51:04.555Z', 'age': 16}, 'phone': '016-3463-838', 'cell': '067-3422-726', 'id': {'name': 'SID', 'value': '450021433'}, 'picture': {'large': 'https://randomuser.me/api/portraits/women/67.jpg', 'medium': 'https://randomuser.me/api/portraits/med/women/67.jpg', 'thumbnail': 'https://randomuser.me/api/portraits/thumb/women/67.jpg'}, 'nat': 'RS'}], 'info': {'seed': '6ab288ea2f8e2508', 'results': 1, 'page': 1, 'version': '1.4'}}</msg>
<arg>${json_data}</arg>
<doc>Logs the given message with the given level.</doc>
<status status="PASS" start="2024-04-30T06:19:23.477928" elapsed="0.000206"/>
</kw>
<kw name="Should Be Equal As Numbers" owner="BuiltIn">
<arg>${json_data['results'][0]['location']['postcode']}</arg>
<arg>${json_data['results'][0]['location']['postcode']}</arg>
<doc>Fails if objects are unequal after converting them to real numbers.</doc>
<status status="PASS" start="2024-04-30T06:19:23.478568" elapsed="0.000647"/>
</kw>
<kw name="Log" owner="BuiltIn">
<msg time="2024-04-30T06:19:23.479737" level="INFO">31192</msg>
<arg>${json_data['results'][0]['location']['postcode']}</arg>
<doc>Logs the given message with the given level.</doc>
<status status="PASS" start="2024-04-30T06:19:23.479407" elapsed="0.000369"/>
</kw>
<status status="PASS" start="2024-04-30T06:19:23.379208" elapsed="0.100815"/>
</kw>
<doc>Testa se os tipos de dados na resposta da API estão corretos.</doc>
<tag>testeTiposDados</tag>
<status status="PASS" start="2024-04-30T06:19:23.268630" elapsed="0.211556"/>
</test>
<test id="s1-s1-t5" name="Validar conteudo" line="35">
<kw name="Teste de Tipos de Conteudo" owner="random-user-service">
<kw name="GET On Session" owner="RequestsLibrary">
<msg time="2024-04-30T06:19:23.580400" level="INFO">GET Request : url=https://randomuser.me/api 
 path_url=/api 
 headers={'User-Agent': 'python-requests/2.31.0', 'Accept-Encoding': 'gzip, deflate', 'Accept': '*/*', 'Connection': 'keep-alive'} 
 body=None 
 </msg>
<msg time="2024-04-30T06:19:23.580497" level="INFO">GET Response : url=https://randomuser.me/api 
 status=200, reason=OK 
 headers={'Date': 'Tue, 30 Apr 2024 06:19:23 GMT', 'Content-Type': 'application/json; charset=utf-8', 'Transfer-Encoding': 'chunked', 'Connection': 'keep-alive', 'X-Powered-By': 'Express', 'Access-Control-Allow-Origin': '*', 'Cache-Control': 'no-cache', 'ETag': 'W/"493-OQa8r9lQKpMExjk4SRRE2u3DQ0A"', 'Vary': 'Accept-Encoding', 'Content-Encoding': 'gzip', 'CF-Cache-Status': 'DYNAMIC', 'Report-To': '{"endpoints":[{"url":"https:\\/\\/a.nel.cloudflare.com\\/report\\/v4?s=3lm3HY3noAbpsiVX4UNOdETGEPeGgonoRgwrJEfhgMJYB%2FSZPLw2%2FW7LUPufL%2FMZXanaGk2fV9ezJKVn8I6utsEj0f7nXy6fKwnUYX8trs4yBntN23tb2Q64gWu1AMU9"}],"group":"cf-nel","max_age":604800}', 'NEL': '{"success_fraction":0,"report_to":"cf-nel","max_age":604800}', 'Server': 'cloudflare', 'CF-RAY': '87c56b7fcf517bcd-LAX', 'alt-svc': 'h3=":443"; ma=86400'} 
 body={"results":[{"gender":"male","name":{"title":"Mr","first":"Noa","last":"Sanchez"},"location":{"street":{"number":2202,"name":"Rue de L'Abbé-Rousselot"},"city":"Colombes","state":"Manche","country":"France","postcode":39555,"coordinates":{"latitude":"-18.1918","longitude":"-85.6780"},"timezone":{"offset":"-1:00","description":"Azores, Cape Verde Islands"}},"email":"noa.sanchez@example.com","login":{"uuid":"bf6394a5-cc79-47e4-bc8f-db1404d13f90","username":"lazywolf861","password":"seinfeld","salt":"VVCLB6s7","md5":"de1787832cfa8c915c8e90f61370bbd3","sha1":"f286eb5fa5322de81012c26eab15e39a0fbeb89e","sha256":"2a553150dd505b25c9ce78ed4f63c7b5c2c1f64821e38d011f6941a33b023f25"},"dob":{"date":"1986-07-21T19:44:18.945Z","age":37},"registered":{"date":"2004-07-23T04:40:36.225Z","age":19},"phone":"01-28-02-96-08","cell":"06-13-34-78-23","id":{"name":"INSEE","value":"1860690688318 89"},"picture":{"large":"https://randomuser.me/api/portraits/men/29.jpg","medium":"https://randomuser.me/api/portraits/med/men/29.jpg","thumbnail":"https://randomuser.me/api/portraits/thumb/men/29.jpg"},"nat":"FR"}],"info":{"seed":"5e284b29c55ac133","results":1,"page":1,"version":"1.4"}} 
 </msg>
<msg time="2024-04-30T06:19:23.580577" level="INFO">/opt/hostedtoolcache/Python/3.12.3/x64/lib/python3.12/site-packages/urllib3/connectionpool.py:1103: InsecureRequestWarning: Unverified HTTPS request is being made to host 'randomuser.me'. Adding certificate verification is strongly advised. See: https://urllib3.readthedocs.io/en/latest/advanced-usage.html#tls-warnings
  warnings.warn(</msg>
<msg time="2024-04-30T06:19:23.580681" level="INFO">${response} = &lt;Response [200]&gt;</msg>
<var>${response}</var>
<arg>consultarAPI</arg>
<arg>/api</arg>
<doc>Sends a GET request on a previously created HTTP Session.</doc>
<status status="PASS" start="2024-04-30T06:19:23.482735" elapsed="0.097984"/>
</kw>
<kw name="Set Variable" owner="BuiltIn">
<msg time="2024-04-30T06:19:23.581712" level="INFO">${json_data} = {'results': [{'gender': 'male', 'name': {'title': 'Mr', 'first': 'Noa', 'last': 'Sanchez'}, 'location': {'street': {'number': 2202, 'name': "Rue de L'Abbé-Rousselot"}, 'city': 'Colombes', 'state': 'Ma...</msg>
<var>${json_data}</var>
<arg>${response.json()}</arg>
<doc>Returns the given values which can then be assigned to a variables.</doc>
<status status="PASS" start="2024-04-30T06:19:23.581205" elapsed="0.000536"/>
</kw>
<kw name="Set Variable" owner="BuiltIn">
<msg time="2024-04-30T06:19:23.582444" level="INFO">${name_title} = Mr</msg>
<var>${name_title}</var>
<arg>${json_data["results"][0]["name"]["title"]}</arg>
<doc>Returns the given values which can then be assigned to a variables.</doc>
<status status="PASS" start="2024-04-30T06:19:23.582052" elapsed="0.000418"/>
</kw>
<kw name="Create List" owner="BuiltIn">
<msg time="2024-04-30T06:19:23.582926" level="INFO">${allowed_titles} = ['Mr', 'Ms', 'Miss', 'Mrs', 'Madame', 'Monsieur']</msg>
<var>${allowed_titles}</var>
<arg>Mr</arg>
<arg>Ms</arg>
<arg>Miss</arg>
<arg>Mrs</arg>
<arg>Madame</arg>
<arg>Monsieur</arg>
<doc>Returns a list containing given items.</doc>
<status status="PASS" start="2024-04-30T06:19:23.582776" elapsed="0.000174"/>
</kw>
<kw name="List Should Contain Value" owner="Collections">
<msg time="2024-04-30T06:19:23.583430" level="INFO">False</msg>
<arg>${allowed_titles}</arg>
<arg>${name_title}</arg>
<doc>Fails if the ``value`` is not found from ``list``.</doc>
<status status="PASS" start="2024-04-30T06:19:23.583253" elapsed="0.000214"/>
</kw>
<kw name="Set Variable" owner="BuiltIn">
<msg time="2024-04-30T06:19:23.584152" level="INFO">${name_country} = FR</msg>
<var>${name_country}</var>
<arg>${json_data["results"][0]["nat"]}</arg>
<doc>Returns the given values which can then be assigned to a variables.</doc>
<status status="PASS" start="2024-04-30T06:19:23.583758" elapsed="0.000433"/>
</kw>
<kw name="Create List" owner="BuiltIn">
<msg time="2024-04-30T06:19:23.585131" level="INFO">${list_country} = ['AD', 'AE', 'AF', 'AG', 'AI', 'AL', 'AM', 'AO', 'AQ', 'AR', 'AS', 'AT', 'AU', 'AW', 'AX', 'AZ', 'BA', 'BB', 'BD', 'BE', 'BF', 'BG', 'BH', 'BI', 'BJ', 'BL', 'BM', 'BN', 'BO', 'BQ', 'BR', 'BS', 'BT', '...</msg>
<var>${list_country}</var>
<arg>AD</arg>
<arg>AE</arg>
<arg>AF</arg>
<arg>AG</arg>
<arg>AI</arg>
<arg>AL</arg>
<arg>AM</arg>
<arg>AO</arg>
<arg>AQ</arg>
<arg>AR</arg>
<arg>AS</arg>
<arg>AT</arg>
<arg>AU</arg>
<arg>AW</arg>
<arg>AX</arg>
<arg>AZ</arg>
<arg>BA</arg>
<arg>BB</arg>
<arg>BD</arg>
<arg>BE</arg>
<arg>BF</arg>
<arg>BG</arg>
<arg>BH</arg>
<arg>BI</arg>
<arg>BJ</arg>
<arg>BL</arg>
<arg>BM</arg>
<arg>BN</arg>
<arg>BO</arg>
<arg>BQ</arg>
<arg>BR</arg>
<arg>BS</arg>
<arg>BT</arg>
<arg>BV</arg>
<arg>BW</arg>
<arg>BY</arg>
<arg>BZ</arg>
<arg>CA</arg>
<arg>CC</arg>
<arg>CD</arg>
<arg>CF</arg>
<arg>CG</arg>
<arg>CH</arg>
<arg>CI</arg>
<arg>CK</arg>
<arg>CL</arg>
<arg>CM</arg>
<arg>CN</arg>
<arg>CO</arg>
<arg>CR</arg>
<arg>CU</arg>
<arg>CV</arg>
<arg>CW</arg>
<arg>CX</arg>
<arg>CY</arg>
<arg>CZ</arg>
<arg>DE</arg>
<arg>DJ</arg>
<arg>DK</arg>
<arg>DM</arg>
<arg>DO</arg>
<arg>DZ</arg>
<arg>EC</arg>
<arg>EE</arg>
<arg>EG</arg>
<arg>EH</arg>
<arg>ER</arg>
<arg>ES</arg>
<arg>ET</arg>
<arg>FI</arg>
<arg>FJ</arg>
<arg>FK</arg>
<arg>FM</arg>
<arg>FO</arg>
<arg>FR</arg>
<arg>GA</arg>
<arg>GB</arg>
<arg>GD</arg>
<arg>GE</arg>
<arg>GF</arg>
<arg>GG</arg>
<arg>GH</arg>
<arg>GI</arg>
<arg>GL</arg>
<arg>GM</arg>
<arg>GN</arg>
<arg>GP</arg>
<arg>GQ</arg>
<arg>GR</arg>
<arg>GS</arg>
<arg>GT</arg>
<arg>GU</arg>
<arg>GW</arg>
<arg>GY</arg>
<arg>HK</arg>
<arg>HM</arg>
<arg>HN</arg>
<arg>HR</arg>
<arg>HT</arg>
<arg>HU</arg>
<arg>ID</arg>
<arg>IE</arg>
<arg>IL</arg>
<arg>IM</arg>
<arg>IN</arg>
<arg>IO</arg>
<arg>IQ</arg>
<arg>IR</arg>
<arg>IS</arg>
<arg>IT</arg>
<arg>JE</arg>
<arg>JM</arg>
<arg>JO</arg>
<arg>JP</arg>
<arg>KE</arg>
<arg>KG</arg>
<arg>KH</arg>
<arg>KI</arg>
<arg>KM</arg>
<arg>KN</arg>
<arg>KP</arg>
<arg>KR</arg>
<arg>KW</arg>
<arg>KY</arg>
<arg>KZ</arg>
<arg>LA</arg>
<arg>LB</arg>
<arg>LC</arg>
<arg>LI</arg>
<arg>LK</arg>
<arg>LR</arg>
<arg>LS</arg>
<arg>LT</arg>
<arg>LU</arg>
<arg>LV</arg>
<arg>LY</arg>
<arg>MA</arg>
<arg>MC</arg>
<arg>MD</arg>
<arg>ME</arg>
<arg>MF</arg>
<arg>MG</arg>
<arg>MH</arg>
<arg>MK</arg>
<arg>ML</arg>
<arg>MM</arg>
<arg>MN</arg>
<arg>MO</arg>
<arg>MP</arg>
<arg>MQ</arg>
<arg>MR</arg>
<arg>MS</arg>
<arg>MT</arg>
<arg>MU</arg>
<arg>MV</arg>
<arg>MW</arg>
<arg>MX</arg>
<arg>MY</arg>
<arg>MZ</arg>
<arg>NA</arg>
<arg>NC</arg>
<arg>NE</arg>
<arg>NF</arg>
<arg>NG</arg>
<arg>NI</arg>
<arg>NL</arg>
<arg>NO</arg>
<arg>NP</arg>
<arg>NR</arg>
<arg>NU</arg>
<arg>NZ</arg>
<arg>OM</arg>
<arg>PA</arg>
<arg>PE</arg>
<arg>PF</arg>
<arg>PG</arg>
<arg>PH</arg>
<arg>PK</arg>
<arg>PL</arg>
<arg>PM</arg>
<arg>PN</arg>
<arg>PR</arg>
<arg>PS</arg>
<arg>PT</arg>
<arg>PW</arg>
<arg>PY</arg>
<arg>QA</arg>
<arg>RE</arg>
<arg>RO</arg>
<arg>RS</arg>
<arg>RU</arg>
<arg>RW</arg>
<arg>SA</arg>
<arg>SB</arg>
<arg>SC</arg>
<arg>SD</arg>
<arg>SE</arg>
<arg>SG</arg>
<arg>SH</arg>
<arg>SI</arg>
<arg>SJ</arg>
<arg>SK</arg>
<arg>SL</arg>
<arg>SM</arg>
<arg>SN</arg>
<arg>SO</arg>
<arg>SR</arg>
<arg>SS</arg>
<arg>ST</arg>
<arg>SV</arg>
<arg>SX</arg>
<arg>SY</arg>
<arg>SZ</arg>
<arg>TC</arg>
<arg>TD</arg>
<arg>TF</arg>
<arg>TG</arg>
<arg>TH</arg>
<arg>TJ</arg>
<arg>TK</arg>
<arg>TL</arg>
<arg>TM</arg>
<arg>TN</arg>
<arg>TO</arg>
<arg>TR</arg>
<arg>TT</arg>
<arg>TV</arg>
<arg>TW</arg>
<arg>TZ</arg>
<arg>UA</arg>
<arg>UG</arg>
<arg>UM</arg>
<arg>US</arg>
<arg>UY</arg>
<arg>UZ</arg>
<arg>VA</arg>
<arg>VC</arg>
<arg>VE</arg>
<arg>VG</arg>
<arg>VI</arg>
<arg>VN</arg>
<arg>VU</arg>
<arg>WF</arg>
<arg>WS</arg>
<arg>XK</arg>
<arg>YE</arg>
<arg>YT</arg>
<arg>ZA</arg>
<arg>ZM</arg>
<arg>ZW</arg>
<doc>Returns a list containing given items.</doc>
<status status="PASS" start="2024-04-30T06:19:23.584496" elapsed="0.000662"/>
</kw>
<kw name="List Should Contain Value" owner="Collections">
<msg time="2024-04-30T06:19:23.586161" level="INFO">False</msg>
<arg>${list_country}</arg>
<arg>${name_country}</arg>
<doc>Fails if the ``value`` is not found from ``list``.</doc>
<status status="PASS" start="2024-04-30T06:19:23.585960" elapsed="0.000238"/>
</kw>
<kw name="Run Keyword If" owner="BuiltIn">
<kw name="Should Be True" owner="BuiltIn">
<arg>${True}</arg>
<doc>Fails if the given condition is not true.</doc>
<status status="PASS" start="2024-04-30T06:19:23.587258" elapsed="0.000250"/>
</kw>
<arg>${json_data["results"][0]["location"]["coordinates"]["latitude"]} &gt;= -90 and ${json_data["results"][0]["location"]["coordinates"]["latitude"]} &lt;= 90</arg>
<arg>Should Be True</arg>
<arg>${True}</arg>
<doc>Runs the given keyword with the given arguments, if ``condition`` is true.</doc>
<status status="PASS" start="2024-04-30T06:19:23.586509" elapsed="0.001131"/>
</kw>
<kw name="Run Keyword If" owner="BuiltIn">
<kw name="Should Be True" owner="BuiltIn">
<arg>${True}</arg>
<doc>Fails if the given condition is not true.</doc>
<status status="PASS" start="2024-04-30T06:19:23.588529" elapsed="0.000136"/>
</kw>
<arg>${json_data["results"][0]["location"]["coordinates"]["longitude"]} &gt;= -180 and ${json_data["results"][0]["location"]["coordinates"]["longitude"]} &lt;= 180</arg>
<arg>Should Be True</arg>
<arg>${True}</arg>
<doc>Runs the given keyword with the given arguments, if ``condition`` is true.</doc>
<status status="PASS" start="2024-04-30T06:19:23.587827" elapsed="0.000960"/>
</kw>
<status status="PASS" start="2024-04-30T06:19:23.482513" elapsed="0.106403"/>
</kw>
<doc>Testa o conteúdo específico dos campos retornados pela API.</doc>
<tag>testeConteudo</tag>
<status status="PASS" start="2024-04-30T06:19:23.481981" elapsed="0.107116"/>
</test>
<status status="PASS" start="2024-04-30T06:19:22.673973" elapsed="0.917083"/>
</suite>
<status status="PASS" start="2024-04-30T06:19:22.659960" elapsed="0.936314"/>
</suite>
<statistics>
<total>
<stat pass="5" fail="0" skip="0">All Tests</stat>
</total>
<tag>
<stat pass="1" fail="0" skip="0">testeConteudo</stat>
<stat pass="1" fail="0" skip="0">testeEstruturaResposta</stat>
<stat pass="1" fail="0" skip="0">testeRequisicaoBasica</stat>
<stat pass="1" fail="0" skip="0">testeTiposDados</stat>
</tag>
<suite>
<stat pass="5" fail="0" skip="0" id="s1" name="Tests">Tests</stat>
<stat pass="5" fail="0" skip="0" id="s1-s1" name="Random-User-Test">Tests.Random-User-Test</stat>
</suite>
</statistics>
<errors>
</errors>
</robot>
