<?xml version="1.0" encoding="UTF-8"?>
<robot generator="Robot 7.0 (Python 3.12.3 on linux)" generated="2024-05-02T22:13:53.862794" rpa="false" schemaversion="5">
<suite id="s1" name="Tests" source="/home/runner/work/DesafioQAItauRogerioJordao/DesafioQAItauRogerioJordao/RamdonUser/tests">
<suite id="s1-s1" name="Random-User-Test" source="/home/runner/work/DesafioQAItauRogerioJordao/DesafioQAItauRogerioJordao/RamdonUser/tests/random-user-test.robot">
<test id="s1-s1-t1" name="Conectar" line="13">
<kw name="Conectar API" owner="random-user-service">
<kw name="Create Session" owner="RequestsLibrary">
<msg time="2024-05-02T22:13:54.272814" level="INFO">Creating Session using : alias=consultarAPI, url=https://randomuser.me/, headers={},                     cookies={}, auth=None, timeout=None, proxies=None, verify=False,                     debug=0 </msg>
<arg>consultarAPI</arg>
<arg>${URL}</arg>
<doc>Create Session: create a HTTP session to a server</doc>
<status status="PASS" start="2024-05-02T22:13:54.272588" elapsed="0.000429"/>
</kw>
<status status="PASS" start="2024-05-02T22:13:54.271516" elapsed="0.001888"/>
</kw>
<status status="PASS" start="2024-05-02T22:13:54.270783" elapsed="0.002821"/>
</test>
<test id="s1-s1-t2" name="Validar retorno 200 e JSON Válido" line="16">
<kw name="Teste de Requisicao Basica" owner="random-user-service">
<kw name="GET On Session" owner="RequestsLibrary">
<msg time="2024-05-02T22:13:54.494291" level="INFO">GET Request : url=https://randomuser.me/api 
 path_url=/api 
 headers={'User-Agent': 'python-requests/2.31.0', 'Accept-Encoding': 'gzip, deflate', 'Accept': '*/*', 'Connection': 'keep-alive'} 
 body=None 
 </msg>
<msg time="2024-05-02T22:13:54.494510" level="INFO">GET Response : url=https://randomuser.me/api 
 status=200, reason=OK 
 headers={'Date': 'Thu, 02 May 2024 22:13:54 GMT', 'Content-Type': 'application/json; charset=utf-8', 'Transfer-Encoding': 'chunked', 'Connection': 'keep-alive', 'X-Powered-By': 'Express', 'Access-Control-Allow-Origin': '*', 'Cache-Control': 'no-cache', 'ETag': 'W/"49a-5h0hjI2RyXG54rakFT1WGYVdY0o"', 'Vary': 'Accept-Encoding', 'Content-Encoding': 'gzip', 'CF-Cache-Status': 'DYNAMIC', 'Report-To': '{"endpoints":[{"url":"https:\\/\\/a.nel.cloudflare.com\\/report\\/v4?s=aID7smv4WpOodSMz8KsmQA%2FSgLeBOswSw4eOa9RUYHjOQYTM%2BB8OyDxqm22BeZ%2FsOFpw0eXu5bk7HrVm7mAqIDd1TdhlqoPYcWxV9yiyUB0sogryBkrBTlprrFhaveFU"}],"group":"cf-nel","max_age":604800}', 'NEL': '{"success_fraction":0,"report_to":"cf-nel","max_age":604800}', 'Server': 'cloudflare', 'CF-RAY': '87db5c776d700616-IAD', 'alt-svc': 'h3=":443"; ma=86400'} 
 body={"results":[{"gender":"male","name":{"title":"Mr","first":"Isabel","last":"Ceja"},"location":{"street":{"number":6887,"name":"Viaducto Chiapas"},"city":"San José Poliutla","state":"Tabasco","country":"Mexico","postcode":20451,"coordinates":{"latitude":"28.3854","longitude":"-32.4223"},"timezone":{"offset":"+8:00","description":"Beijing, Perth, Singapore, Hong Kong"}},"email":"isabel.ceja@example.com","login":{"uuid":"73dbfbd1-07ec-46ac-8d52-40184e535e1d","username":"greendog362","password":"stokes","salt":"aE6VyNUV","md5":"74036f401e86be8f1c27d4767150788c","sha1":"112a41f5b64683c7456962917e551095edeffbf4","sha256":"3a8eeb0bf12e60c38598201060a2a842cef39c0d31cce1511162d77745ca457b"},"dob":{"date":"1945-02-21T21:57:49.825Z","age":79},"registered":{"date":"2003-11-23T02:55:52.648Z","age":20},"phone":"(629) 313 9089","cell":"(678) 720 5120","id":{"name":"NSS","value":"75 66 82 6801 6"},"picture":{"large":"https://randomuser.me/api/portraits/men/55.jpg","medium":"https://randomuser.me/api/portraits/med/men/55.jpg","thumbnail":"https://randomuser.me/api/portraits/thumb/men/55.jpg"},"nat":"MX"}],"info":{"seed":"feb263beeb4cc6f8","results":1,"page":1,"version":"1.4"}} 
 </msg>
<msg time="2024-05-02T22:13:54.494649" level="INFO">/opt/hostedtoolcache/Python/3.12.3/x64/lib/python3.12/site-packages/urllib3/connectionpool.py:1103: InsecureRequestWarning: Unverified HTTPS request is being made to host 'randomuser.me'. Adding certificate verification is strongly advised. See: https://urllib3.readthedocs.io/en/latest/advanced-usage.html#tls-warnings
  warnings.warn(</msg>
<msg time="2024-05-02T22:13:54.494843" level="INFO">${response} = &lt;Response [200]&gt;</msg>
<var>${response}</var>
<arg>consultarAPI</arg>
<arg>/api</arg>
<doc>Sends a GET request on a previously created HTTP Session.</doc>
<status status="PASS" start="2024-05-02T22:13:54.276395" elapsed="0.218494"/>
</kw>
<kw name="Should Be Equal As Numbers" owner="BuiltIn">
<msg time="2024-05-02T22:13:54.496230" level="INFO">Argument types are:
&lt;class 'int'&gt;
&lt;class 'str'&gt;</msg>
<arg>${response.status_code}</arg>
<arg>200</arg>
<doc>Fails if objects are unequal after converting them to real numbers.</doc>
<status status="PASS" start="2024-05-02T22:13:54.495584" elapsed="0.000735"/>
</kw>
<kw name="Log" owner="BuiltIn">
<msg time="2024-05-02T22:13:54.497381" level="INFO">200</msg>
<arg>${response.status_code}</arg>
<doc>Logs the given message with the given level.</doc>
<status status="PASS" start="2024-05-02T22:13:54.496834" elapsed="0.000601"/>
</kw>
<kw name="Set Variable" owner="BuiltIn">
<msg time="2024-05-02T22:13:54.498216" level="INFO">${json_data} = {'results': [{'gender': 'male', 'name': {'title': 'Mr', 'first': 'Isabel', 'last': 'Ceja'}, 'location': {'street': {'number': 6887, 'name': 'Viaducto Chiapas'}, 'city': 'San José Poliutla', 'state': '...</msg>
<var>${json_data}</var>
<arg>${response.json()}</arg>
<doc>Returns the given values which can then be assigned to a variables.</doc>
<status status="PASS" start="2024-05-02T22:13:54.497757" elapsed="0.000489"/>
</kw>
<kw name="Dictionary Should Contain Key" owner="Collections">
<msg time="2024-05-02T22:13:54.498760" level="INFO">False</msg>
<arg>${json_data}</arg>
<arg>results</arg>
<doc>Fails if ``key`` is not found from ``dictionary``.</doc>
<status status="PASS" start="2024-05-02T22:13:54.498582" elapsed="0.000220"/>
</kw>
<status status="PASS" start="2024-05-02T22:13:54.276132" elapsed="0.222936"/>
</kw>
<doc>Testa se a API responde corretamente e retorna um objeto JSON válido.</doc>
<tag>testeRequisicaoBasica</tag>
<status status="PASS" start="2024-05-02T22:13:54.275572" elapsed="0.223682"/>
</test>
<test id="s1-s1-t3" name="Validar estrutura de resposta" line="22">
<kw name="Teste de Estrutura de Resposta" owner="random-user-service">
<kw name="GET On Session" owner="RequestsLibrary">
<msg time="2024-05-02T22:13:54.591966" level="INFO">GET Request : url=https://randomuser.me/api 
 path_url=/api 
 headers={'User-Agent': 'python-requests/2.31.0', 'Accept-Encoding': 'gzip, deflate', 'Accept': '*/*', 'Connection': 'keep-alive'} 
 body=None 
 </msg>
<msg time="2024-05-02T22:13:54.592068" level="INFO">GET Response : url=https://randomuser.me/api 
 status=200, reason=OK 
 headers={'Date': 'Thu, 02 May 2024 22:13:54 GMT', 'Content-Type': 'application/json; charset=utf-8', 'Transfer-Encoding': 'chunked', 'Connection': 'keep-alive', 'X-Powered-By': 'Express', 'Access-Control-Allow-Origin': '*', 'Cache-Control': 'no-cache', 'ETag': 'W/"48f-dbnQhgR0siKrl06b2NeO0rLEV9A"', 'Vary': 'Accept-Encoding', 'Content-Encoding': 'gzip', 'CF-Cache-Status': 'DYNAMIC', 'Report-To': '{"endpoints":[{"url":"https:\\/\\/a.nel.cloudflare.com\\/report\\/v4?s=cayGuD3yMWdHn1hVTw8Iwtu0f4DKe%2F%2B5b2aAkDbp19d5vak%2FLYe8ymYmZ4Dx0uMBvBMwkrbriOtSEOBgQHjFYr71v55Cp0mAsADRxrM1bzTrNEaEMEboXa%2F94v8wmmql"}],"group":"cf-nel","max_age":604800}', 'NEL': '{"success_fraction":0,"report_to":"cf-nel","max_age":604800}', 'Server': 'cloudflare', 'CF-RAY': '87db5c77ada90616-IAD', 'alt-svc': 'h3=":443"; ma=86400'} 
 body={"results":[{"gender":"female","name":{"title":"Ms","first":"Lærke","last":"Thunes"},"location":{"street":{"number":9986,"name":"Griffenfeldts gate"},"city":"Kvithammer","state":"Hedmark","country":"Norway","postcode":"4618","coordinates":{"latitude":"42.7151","longitude":"21.6065"},"timezone":{"offset":"-3:00","description":"Brazil, Buenos Aires, Georgetown"}},"email":"laerke.thunes@example.com","login":{"uuid":"9dc5f465-1316-4978-ab1a-e048eeabafd5","username":"purpleswan135","password":"arsenal1","salt":"ogzJBGAS","md5":"63f7de29192bae272c8fb75f3f43560b","sha1":"4b15777a33d7135aa95eb4a7ed84bbeb1f62d083","sha256":"10084fe0d3933402431ae30c22156741ef46408e447d2bacb239cf7f90c2fa6a"},"dob":{"date":"1960-04-24T09:16:45.404Z","age":64},"registered":{"date":"2013-01-10T05:09:06.066Z","age":11},"phone":"86769835","cell":"91643139","id":{"name":"FN","value":"24046044262"},"picture":{"large":"https://randomuser.me/api/portraits/women/85.jpg","medium":"https://randomuser.me/api/portraits/med/women/85.jpg","thumbnail":"https://randomuser.me/api/portraits/thumb/women/85.jpg"},"nat":"NO"}],"info":{"seed":"587cb9e5bb93762b","results":1,"page":1,"version":"1.4"}} 
 </msg>
<msg time="2024-05-02T22:13:54.592200" level="INFO">/opt/hostedtoolcache/Python/3.12.3/x64/lib/python3.12/site-packages/urllib3/connectionpool.py:1103: InsecureRequestWarning: Unverified HTTPS request is being made to host 'randomuser.me'. Adding certificate verification is strongly advised. See: https://urllib3.readthedocs.io/en/latest/advanced-usage.html#tls-warnings
  warnings.warn(</msg>
<msg time="2024-05-02T22:13:54.592326" level="INFO">${response} = &lt;Response [200]&gt;</msg>
<var>${response}</var>
<arg>consultarAPI</arg>
<arg>/api</arg>
<doc>Sends a GET request on a previously created HTTP Session.</doc>
<status status="PASS" start="2024-05-02T22:13:54.502337" elapsed="0.090016"/>
</kw>
<kw name="Set Variable" owner="BuiltIn">
<msg time="2024-05-02T22:13:54.593460" level="INFO">${json_data} = {'results': [{'gender': 'female', 'name': {'title': 'Ms', 'first': 'Lærke', 'last': 'Thunes'}, 'location': {'street': {'number': 9986, 'name': 'Griffenfeldts gate'}, 'city': 'Kvithammer', 'state': 'He...</msg>
<var>${json_data}</var>
<arg>${response.json()}</arg>
<doc>Returns the given values which can then be assigned to a variables.</doc>
<status status="PASS" start="2024-05-02T22:13:54.592921" elapsed="0.000568"/>
</kw>
<kw name="Log" owner="BuiltIn">
<msg time="2024-05-02T22:13:54.593966" level="INFO">{'results': [{'gender': 'female', 'name': {'title': 'Ms', 'first': 'Lærke', 'last': 'Thunes'}, 'location': {'street': {'number': 9986, 'name': 'Griffenfeldts gate'}, 'city': 'Kvithammer', 'state': 'Hedmark', 'country': 'Norway', 'postcode': '4618', 'coordinates': {'latitude': '42.7151', 'longitude': '21.6065'}, 'timezone': {'offset': '-3:00', 'description': 'Brazil, Buenos Aires, Georgetown'}}, 'email': 'laerke.thunes@example.com', 'login': {'uuid': '9dc5f465-1316-4978-ab1a-e048eeabafd5', 'username': 'purpleswan135', 'password': 'arsenal1', 'salt': 'ogzJBGAS', 'md5': '63f7de29192bae272c8fb75f3f43560b', 'sha1': '4b15777a33d7135aa95eb4a7ed84bbeb1f62d083', 'sha256': '10084fe0d3933402431ae30c22156741ef46408e447d2bacb239cf7f90c2fa6a'}, 'dob': {'date': '1960-04-24T09:16:45.404Z', 'age': 64}, 'registered': {'date': '2013-01-10T05:09:06.066Z', 'age': 11}, 'phone': '86769835', 'cell': '91643139', 'id': {'name': 'FN', 'value': '24046044262'}, 'picture': {'large': 'https://randomuser.me/api/portraits/women/85.jpg', 'medium': 'https://randomuser.me/api/portraits/med/women/85.jpg', 'thumbnail': 'https://randomuser.me/api/portraits/thumb/women/85.jpg'}, 'nat': 'NO'}], 'info': {'seed': '587cb9e5bb93762b', 'results': 1, 'page': 1, 'version': '1.4'}}</msg>
<arg>${json_data}</arg>
<doc>Logs the given message with the given level.</doc>
<status status="PASS" start="2024-05-02T22:13:54.593801" elapsed="0.000215"/>
</kw>
<kw name="Dictionary Should Contain Key" owner="Collections">
<msg time="2024-05-02T22:13:54.594467" level="INFO">False</msg>
<arg>${json_data}</arg>
<arg>results</arg>
<doc>Fails if ``key`` is not found from ``dictionary``.</doc>
<status status="PASS" start="2024-05-02T22:13:54.594308" elapsed="0.000196"/>
</kw>
<kw name="Should Not Be Empty" owner="BuiltIn">
<msg time="2024-05-02T22:13:54.594922" level="INFO">Length is 2.</msg>
<arg>${json_data}</arg>
<doc>Verifies that the given item is not empty.</doc>
<status status="PASS" start="2024-05-02T22:13:54.594791" elapsed="0.000329"/>
</kw>
<kw name="Create List" owner="BuiltIn">
<msg time="2024-05-02T22:13:54.595568" level="INFO">${expected_keys} = ['gender', 'name', 'location', 'email', 'login']</msg>
<var>${expected_keys}</var>
<arg>gender</arg>
<arg>name</arg>
<arg>location</arg>
<arg>email</arg>
<arg>login</arg>
<doc>Returns a list containing given items.</doc>
<status status="PASS" start="2024-05-02T22:13:54.595416" elapsed="0.000177"/>
</kw>
<for flavor="IN">
<iter>
<kw name="Dictionary Should Contain Key" owner="Collections">
<msg time="2024-05-02T22:13:54.596609" level="INFO">False</msg>
<arg>${json_data['results'][0]}</arg>
<arg>${key}</arg>
<doc>Fails if ``key`` is not found from ``dictionary``.</doc>
<status status="PASS" start="2024-05-02T22:13:54.596182" elapsed="0.000466"/>
</kw>
<kw name="Log" owner="BuiltIn">
<msg time="2024-05-02T22:13:54.597350" level="INFO">{'gender': 'female', 'name': {'title': 'Ms', 'first': 'Lærke', 'last': 'Thunes'}, 'location': {'street': {'number': 9986, 'name': 'Griffenfeldts gate'}, 'city': 'Kvithammer', 'state': 'Hedmark', 'country': 'Norway', 'postcode': '4618', 'coordinates': {'latitude': '42.7151', 'longitude': '21.6065'}, 'timezone': {'offset': '-3:00', 'description': 'Brazil, Buenos Aires, Georgetown'}}, 'email': 'laerke.thunes@example.com', 'login': {'uuid': '9dc5f465-1316-4978-ab1a-e048eeabafd5', 'username': 'purpleswan135', 'password': 'arsenal1', 'salt': 'ogzJBGAS', 'md5': '63f7de29192bae272c8fb75f3f43560b', 'sha1': '4b15777a33d7135aa95eb4a7ed84bbeb1f62d083', 'sha256': '10084fe0d3933402431ae30c22156741ef46408e447d2bacb239cf7f90c2fa6a'}, 'dob': {'date': '1960-04-24T09:16:45.404Z', 'age': 64}, 'registered': {'date': '2013-01-10T05:09:06.066Z', 'age': 11}, 'phone': '86769835', 'cell': '91643139', 'id': {'name': 'FN', 'value': '24046044262'}, 'picture': {'large': 'https://randomuser.me/api/portraits/women/85.jpg', 'medium': 'https://randomuser.me/api/portraits/med/women/85.jpg', 'thumbnail': 'https://randomuser.me/api/portraits/thumb/women/85.jpg'}, 'nat': 'NO'}</msg>
<arg>${json_data['results'][0]}</arg>
<doc>Logs the given message with the given level.</doc>
<status status="PASS" start="2024-05-02T22:13:54.596955" elapsed="0.000445"/>
</kw>
<kw name="Log" owner="BuiltIn">
<msg time="2024-05-02T22:13:54.597837" level="INFO">gender</msg>
<arg>${key}</arg>
<doc>Logs the given message with the given level.</doc>
<status status="PASS" start="2024-05-02T22:13:54.597708" elapsed="0.000167"/>
</kw>
<var name="${key}">gender</var>
<status status="PASS" start="2024-05-02T22:13:54.596055" elapsed="0.002044"/>
</iter>
<iter>
<kw name="Dictionary Should Contain Key" owner="Collections">
<msg time="2024-05-02T22:13:54.598826" level="INFO">False</msg>
<arg>${json_data['results'][0]}</arg>
<arg>${key}</arg>
<doc>Fails if ``key`` is not found from ``dictionary``.</doc>
<status status="PASS" start="2024-05-02T22:13:54.598438" elapsed="0.000428"/>
</kw>
<kw name="Log" owner="BuiltIn">
<msg time="2024-05-02T22:13:54.599581" level="INFO">{'gender': 'female', 'name': {'title': 'Ms', 'first': 'Lærke', 'last': 'Thunes'}, 'location': {'street': {'number': 9986, 'name': 'Griffenfeldts gate'}, 'city': 'Kvithammer', 'state': 'Hedmark', 'country': 'Norway', 'postcode': '4618', 'coordinates': {'latitude': '42.7151', 'longitude': '21.6065'}, 'timezone': {'offset': '-3:00', 'description': 'Brazil, Buenos Aires, Georgetown'}}, 'email': 'laerke.thunes@example.com', 'login': {'uuid': '9dc5f465-1316-4978-ab1a-e048eeabafd5', 'username': 'purpleswan135', 'password': 'arsenal1', 'salt': 'ogzJBGAS', 'md5': '63f7de29192bae272c8fb75f3f43560b', 'sha1': '4b15777a33d7135aa95eb4a7ed84bbeb1f62d083', 'sha256': '10084fe0d3933402431ae30c22156741ef46408e447d2bacb239cf7f90c2fa6a'}, 'dob': {'date': '1960-04-24T09:16:45.404Z', 'age': 64}, 'registered': {'date': '2013-01-10T05:09:06.066Z', 'age': 11}, 'phone': '86769835', 'cell': '91643139', 'id': {'name': 'FN', 'value': '24046044262'}, 'picture': {'large': 'https://randomuser.me/api/portraits/women/85.jpg', 'medium': 'https://randomuser.me/api/portraits/med/women/85.jpg', 'thumbnail': 'https://randomuser.me/api/portraits/thumb/women/85.jpg'}, 'nat': 'NO'}</msg>
<arg>${json_data['results'][0]}</arg>
<doc>Logs the given message with the given level.</doc>
<status status="PASS" start="2024-05-02T22:13:54.599200" elapsed="0.000430"/>
</kw>
<kw name="Log" owner="BuiltIn">
<msg time="2024-05-02T22:13:54.600054" level="INFO">name</msg>
<arg>${key}</arg>
<doc>Logs the given message with the given level.</doc>
<status status="PASS" start="2024-05-02T22:13:54.599926" elapsed="0.000166"/>
</kw>
<var name="${key}">name</var>
<status status="PASS" start="2024-05-02T22:13:54.598322" elapsed="0.001988"/>
</iter>
<iter>
<kw name="Dictionary Should Contain Key" owner="Collections">
<msg time="2024-05-02T22:13:54.601018" level="INFO">False</msg>
<arg>${json_data['results'][0]}</arg>
<arg>${key}</arg>
<doc>Fails if ``key`` is not found from ``dictionary``.</doc>
<status status="PASS" start="2024-05-02T22:13:54.600631" elapsed="0.000427"/>
</kw>
<kw name="Log" owner="BuiltIn">
<msg time="2024-05-02T22:13:54.601719" level="INFO">{'gender': 'female', 'name': {'title': 'Ms', 'first': 'Lærke', 'last': 'Thunes'}, 'location': {'street': {'number': 9986, 'name': 'Griffenfeldts gate'}, 'city': 'Kvithammer', 'state': 'Hedmark', 'country': 'Norway', 'postcode': '4618', 'coordinates': {'latitude': '42.7151', 'longitude': '21.6065'}, 'timezone': {'offset': '-3:00', 'description': 'Brazil, Buenos Aires, Georgetown'}}, 'email': 'laerke.thunes@example.com', 'login': {'uuid': '9dc5f465-1316-4978-ab1a-e048eeabafd5', 'username': 'purpleswan135', 'password': 'arsenal1', 'salt': 'ogzJBGAS', 'md5': '63f7de29192bae272c8fb75f3f43560b', 'sha1': '4b15777a33d7135aa95eb4a7ed84bbeb1f62d083', 'sha256': '10084fe0d3933402431ae30c22156741ef46408e447d2bacb239cf7f90c2fa6a'}, 'dob': {'date': '1960-04-24T09:16:45.404Z', 'age': 64}, 'registered': {'date': '2013-01-10T05:09:06.066Z', 'age': 11}, 'phone': '86769835', 'cell': '91643139', 'id': {'name': 'FN', 'value': '24046044262'}, 'picture': {'large': 'https://randomuser.me/api/portraits/women/85.jpg', 'medium': 'https://randomuser.me/api/portraits/med/women/85.jpg', 'thumbnail': 'https://randomuser.me/api/portraits/thumb/women/85.jpg'}, 'nat': 'NO'}</msg>
<arg>${json_data['results'][0]}</arg>
<doc>Logs the given message with the given level.</doc>
<status status="PASS" start="2024-05-02T22:13:54.601359" elapsed="0.000409"/>
</kw>
<kw name="Log" owner="BuiltIn">
<msg time="2024-05-02T22:13:54.602221" level="INFO">location</msg>
<arg>${key}</arg>
<doc>Logs the given message with the given level.</doc>
<status status="PASS" start="2024-05-02T22:13:54.602081" elapsed="0.000180"/>
</kw>
<var name="${key}">location</var>
<status status="PASS" start="2024-05-02T22:13:54.600492" elapsed="0.002003"/>
</iter>
<iter>
<kw name="Dictionary Should Contain Key" owner="Collections">
<msg time="2024-05-02T22:13:54.603164" level="INFO">False</msg>
<arg>${json_data['results'][0]}</arg>
<arg>${key}</arg>
<doc>Fails if ``key`` is not found from ``dictionary``.</doc>
<status status="PASS" start="2024-05-02T22:13:54.602782" elapsed="0.000418"/>
</kw>
<kw name="Log" owner="BuiltIn">
<msg time="2024-05-02T22:13:54.603853" level="INFO">{'gender': 'female', 'name': {'title': 'Ms', 'first': 'Lærke', 'last': 'Thunes'}, 'location': {'street': {'number': 9986, 'name': 'Griffenfeldts gate'}, 'city': 'Kvithammer', 'state': 'Hedmark', 'country': 'Norway', 'postcode': '4618', 'coordinates': {'latitude': '42.7151', 'longitude': '21.6065'}, 'timezone': {'offset': '-3:00', 'description': 'Brazil, Buenos Aires, Georgetown'}}, 'email': 'laerke.thunes@example.com', 'login': {'uuid': '9dc5f465-1316-4978-ab1a-e048eeabafd5', 'username': 'purpleswan135', 'password': 'arsenal1', 'salt': 'ogzJBGAS', 'md5': '63f7de29192bae272c8fb75f3f43560b', 'sha1': '4b15777a33d7135aa95eb4a7ed84bbeb1f62d083', 'sha256': '10084fe0d3933402431ae30c22156741ef46408e447d2bacb239cf7f90c2fa6a'}, 'dob': {'date': '1960-04-24T09:16:45.404Z', 'age': 64}, 'registered': {'date': '2013-01-10T05:09:06.066Z', 'age': 11}, 'phone': '86769835', 'cell': '91643139', 'id': {'name': 'FN', 'value': '24046044262'}, 'picture': {'large': 'https://randomuser.me/api/portraits/women/85.jpg', 'medium': 'https://randomuser.me/api/portraits/med/women/85.jpg', 'thumbnail': 'https://randomuser.me/api/portraits/thumb/women/85.jpg'}, 'nat': 'NO'}</msg>
<arg>${json_data['results'][0]}</arg>
<doc>Logs the given message with the given level.</doc>
<status status="PASS" start="2024-05-02T22:13:54.603495" elapsed="0.000409"/>
</kw>
<kw name="Log" owner="BuiltIn">
<msg time="2024-05-02T22:13:54.604321" level="INFO">email</msg>
<arg>${key}</arg>
<doc>Logs the given message with the given level.</doc>
<status status="PASS" start="2024-05-02T22:13:54.604197" elapsed="0.000161"/>
</kw>
<var name="${key}">email</var>
<status status="PASS" start="2024-05-02T22:13:54.602670" elapsed="0.001922"/>
</iter>
<iter>
<kw name="Dictionary Should Contain Key" owner="Collections">
<msg time="2024-05-02T22:13:54.605273" level="INFO">False</msg>
<arg>${json_data['results'][0]}</arg>
<arg>${key}</arg>
<doc>Fails if ``key`` is not found from ``dictionary``.</doc>
<status status="PASS" start="2024-05-02T22:13:54.604876" elapsed="0.000434"/>
</kw>
<kw name="Log" owner="BuiltIn">
<msg time="2024-05-02T22:13:54.605980" level="INFO">{'gender': 'female', 'name': {'title': 'Ms', 'first': 'Lærke', 'last': 'Thunes'}, 'location': {'street': {'number': 9986, 'name': 'Griffenfeldts gate'}, 'city': 'Kvithammer', 'state': 'Hedmark', 'country': 'Norway', 'postcode': '4618', 'coordinates': {'latitude': '42.7151', 'longitude': '21.6065'}, 'timezone': {'offset': '-3:00', 'description': 'Brazil, Buenos Aires, Georgetown'}}, 'email': 'laerke.thunes@example.com', 'login': {'uuid': '9dc5f465-1316-4978-ab1a-e048eeabafd5', 'username': 'purpleswan135', 'password': 'arsenal1', 'salt': 'ogzJBGAS', 'md5': '63f7de29192bae272c8fb75f3f43560b', 'sha1': '4b15777a33d7135aa95eb4a7ed84bbeb1f62d083', 'sha256': '10084fe0d3933402431ae30c22156741ef46408e447d2bacb239cf7f90c2fa6a'}, 'dob': {'date': '1960-04-24T09:16:45.404Z', 'age': 64}, 'registered': {'date': '2013-01-10T05:09:06.066Z', 'age': 11}, 'phone': '86769835', 'cell': '91643139', 'id': {'name': 'FN', 'value': '24046044262'}, 'picture': {'large': 'https://randomuser.me/api/portraits/women/85.jpg', 'medium': 'https://randomuser.me/api/portraits/med/women/85.jpg', 'thumbnail': 'https://randomuser.me/api/portraits/thumb/women/85.jpg'}, 'nat': 'NO'}</msg>
<arg>${json_data['results'][0]}</arg>
<doc>Logs the given message with the given level.</doc>
<status status="PASS" start="2024-05-02T22:13:54.605612" elapsed="0.000417"/>
</kw>
<kw name="Log" owner="BuiltIn">
<msg time="2024-05-02T22:13:54.606476" level="INFO">login</msg>
<arg>${key}</arg>
<doc>Logs the given message with the given level.</doc>
<status status="PASS" start="2024-05-02T22:13:54.606322" elapsed="0.000195"/>
</kw>
<var name="${key}">login</var>
<status status="PASS" start="2024-05-02T22:13:54.604766" elapsed="0.002001"/>
</iter>
<var>${key}</var>
<value>@{expected_keys}</value>
<status status="PASS" start="2024-05-02T22:13:54.595864" elapsed="0.011030"/>
</for>
<kw name="Create List" owner="BuiltIn">
<msg time="2024-05-02T22:13:54.607237" level="INFO">${expected_keysTwo} = ['username', 'password']</msg>
<var>${expected_keysTwo}</var>
<arg>username</arg>
<arg>password</arg>
<doc>Returns a list containing given items.</doc>
<status status="PASS" start="2024-05-02T22:13:54.607097" elapsed="0.000163"/>
</kw>
<for flavor="IN">
<iter>
<kw name="Dictionary Should Contain Key" owner="Collections">
<msg time="2024-05-02T22:13:54.608165" level="INFO">False</msg>
<arg>${json_data['results'][0]['login']}</arg>
<arg>${keyTwo}</arg>
<doc>Fails if ``key`` is not found from ``dictionary``.</doc>
<status status="PASS" start="2024-05-02T22:13:54.607773" elapsed="0.000429"/>
</kw>
<kw name="Dictionary Should Contain Key" owner="Collections">
<msg time="2024-05-02T22:13:54.608918" level="INFO">False</msg>
<arg>${json_data['results'][0]['login']}</arg>
<arg>${keyTwo}</arg>
<doc>Fails if ``key`` is not found from ``dictionary``.</doc>
<status status="PASS" start="2024-05-02T22:13:54.608497" elapsed="0.000457"/>
</kw>
<kw name="Log" owner="BuiltIn">
<msg time="2024-05-02T22:13:54.609369" level="INFO">username</msg>
<arg>${keyTwo}</arg>
<doc>Logs the given message with the given level.</doc>
<status status="PASS" start="2024-05-02T22:13:54.609244" elapsed="0.000167"/>
</kw>
<var name="${keyTwo}">username</var>
<status status="PASS" start="2024-05-02T22:13:54.607664" elapsed="0.001959"/>
</iter>
<iter>
<kw name="Dictionary Should Contain Key" owner="Collections">
<msg time="2024-05-02T22:13:54.610398" level="INFO">False</msg>
<arg>${json_data['results'][0]['login']}</arg>
<arg>${keyTwo}</arg>
<doc>Fails if ``key`` is not found from ``dictionary``.</doc>
<status status="PASS" start="2024-05-02T22:13:54.609899" elapsed="0.000542"/>
</kw>
<kw name="Dictionary Should Contain Key" owner="Collections">
<msg time="2024-05-02T22:13:54.611126" level="INFO">False</msg>
<arg>${json_data['results'][0]['login']}</arg>
<arg>${keyTwo}</arg>
<doc>Fails if ``key`` is not found from ``dictionary``.</doc>
<status status="PASS" start="2024-05-02T22:13:54.610745" elapsed="0.000418"/>
</kw>
<kw name="Log" owner="BuiltIn">
<msg time="2024-05-02T22:13:54.611592" level="INFO">password</msg>
<arg>${keyTwo}</arg>
<doc>Logs the given message with the given level.</doc>
<status status="PASS" start="2024-05-02T22:13:54.611459" elapsed="0.000171"/>
</kw>
<var name="${keyTwo}">password</var>
<status status="PASS" start="2024-05-02T22:13:54.609792" elapsed="0.002055"/>
</iter>
<var>${keyTwo}</var>
<value>@{expected_keysTwo}</value>
<status status="PASS" start="2024-05-02T22:13:54.607505" elapsed="0.004466"/>
</for>
<status status="PASS" start="2024-05-02T22:13:54.501986" elapsed="0.110135"/>
</kw>
<doc>Testa a estrutura da resposta da API.</doc>
<tag>testeEstruturaResposta</tag>
<status status="PASS" start="2024-05-02T22:13:54.501190" elapsed="0.111109"/>
</test>
<test id="s1-s1-t4" name="Validar tipos de dados" line="28">
<kw name="Teste de Tipos de Dados" owner="random-user-service">
<kw name="GET On Session" owner="RequestsLibrary">
<msg time="2024-05-02T22:13:54.695421" level="INFO">GET Request : url=https://randomuser.me/api 
 path_url=/api 
 headers={'User-Agent': 'python-requests/2.31.0', 'Accept-Encoding': 'gzip, deflate', 'Accept': '*/*', 'Connection': 'keep-alive'} 
 body=None 
 </msg>
<msg time="2024-05-02T22:13:54.695530" level="INFO">GET Response : url=https://randomuser.me/api 
 status=200, reason=OK 
 headers={'Date': 'Thu, 02 May 2024 22:13:54 GMT', 'Content-Type': 'application/json; charset=utf-8', 'Transfer-Encoding': 'chunked', 'Connection': 'keep-alive', 'X-Powered-By': 'Express', 'Access-Control-Allow-Origin': '*', 'Cache-Control': 'no-cache', 'ETag': 'W/"475-7Ku+rqdXDQtgn0zeRGviZuIh5ZI"', 'Vary': 'Accept-Encoding', 'Content-Encoding': 'gzip', 'CF-Cache-Status': 'DYNAMIC', 'Report-To': '{"endpoints":[{"url":"https:\\/\\/a.nel.cloudflare.com\\/report\\/v4?s=%2BaOWwE0IgBzTmGD%2BQUNXwXfwSyluCpdYyyidW9FjxtwQ4TTadA1VTKT23PmvJ3oBz3olgTk7fgXlRy23VpGl5IZDmiOKz6YBu9dpSo%2BPeeaULU8vJujSphYesWLWoLqG"}],"group":"cf-nel","max_age":604800}', 'NEL': '{"success_fraction":0,"report_to":"cf-nel","max_age":604800}', 'Server': 'cloudflare', 'CF-RAY': '87db5c785e740616-IAD', 'alt-svc': 'h3=":443"; ma=86400'} 
 body={"results":[{"gender":"male","name":{"title":"Mr","first":"Mark","last":"Hughes"},"location":{"street":{"number":1054,"name":"School Lane"},"city":"Dungarvan","state":"Kildare","country":"Ireland","postcode":87613,"coordinates":{"latitude":"2.2779","longitude":"-177.1895"},"timezone":{"offset":"+6:00","description":"Almaty, Dhaka, Colombo"}},"email":"mark.hughes@example.com","login":{"uuid":"a7c1b56d-15db-4833-9e92-b83fb62f550b","username":"organicdog749","password":"times","salt":"fv2RHnnd","md5":"f21877523659c25c0120cd643dd448ee","sha1":"5223bde56c00259134caac6cc16ac1eaea9b5c8d","sha256":"48876d5fdc560797995237b18089b6eae4bcffaf71f166643b2ecad3686b5df6"},"dob":{"date":"1976-06-08T10:11:47.599Z","age":47},"registered":{"date":"2007-03-17T21:07:35.896Z","age":17},"phone":"061-419-3307","cell":"081-067-1662","id":{"name":"PPS","value":"0897544T"},"picture":{"large":"https://randomuser.me/api/portraits/men/94.jpg","medium":"https://randomuser.me/api/portraits/med/men/94.jpg","thumbnail":"https://randomuser.me/api/portraits/thumb/men/94.jpg"},"nat":"IE"}],"info":{"seed":"84ab484521b7dd44","results":1,"page":1,"version":"1.4"}} 
 </msg>
<msg time="2024-05-02T22:13:54.695608" level="INFO">/opt/hostedtoolcache/Python/3.12.3/x64/lib/python3.12/site-packages/urllib3/connectionpool.py:1103: InsecureRequestWarning: Unverified HTTPS request is being made to host 'randomuser.me'. Adding certificate verification is strongly advised. See: https://urllib3.readthedocs.io/en/latest/advanced-usage.html#tls-warnings
  warnings.warn(</msg>
<msg time="2024-05-02T22:13:54.695738" level="INFO">${response} = &lt;Response [200]&gt;</msg>
<var>${response}</var>
<arg>consultarAPI</arg>
<arg>/api</arg>
<doc>Sends a GET request on a previously created HTTP Session.</doc>
<status status="PASS" start="2024-05-02T22:13:54.614822" elapsed="0.080959"/>
</kw>
<kw name="Set Variable" owner="BuiltIn">
<msg time="2024-05-02T22:13:54.696888" level="INFO">${json_data} = {'results': [{'gender': 'male', 'name': {'title': 'Mr', 'first': 'Mark', 'last': 'Hughes'}, 'location': {'street': {'number': 1054, 'name': 'School Lane'}, 'city': 'Dungarvan', 'state': 'Kildare', 'co...</msg>
<var>${json_data}</var>
<arg>${response.json()}</arg>
<doc>Returns the given values which can then be assigned to a variables.</doc>
<status status="PASS" start="2024-05-02T22:13:54.696336" elapsed="0.000580"/>
</kw>
<kw name="Log" owner="BuiltIn">
<msg time="2024-05-02T22:13:54.697380" level="INFO">{'results': [{'gender': 'male', 'name': {'title': 'Mr', 'first': 'Mark', 'last': 'Hughes'}, 'location': {'street': {'number': 1054, 'name': 'School Lane'}, 'city': 'Dungarvan', 'state': 'Kildare', 'country': 'Ireland', 'postcode': 87613, 'coordinates': {'latitude': '2.2779', 'longitude': '-177.1895'}, 'timezone': {'offset': '+6:00', 'description': 'Almaty, Dhaka, Colombo'}}, 'email': 'mark.hughes@example.com', 'login': {'uuid': 'a7c1b56d-15db-4833-9e92-b83fb62f550b', 'username': 'organicdog749', 'password': 'times', 'salt': 'fv2RHnnd', 'md5': 'f21877523659c25c0120cd643dd448ee', 'sha1': '5223bde56c00259134caac6cc16ac1eaea9b5c8d', 'sha256': '48876d5fdc560797995237b18089b6eae4bcffaf71f166643b2ecad3686b5df6'}, 'dob': {'date': '1976-06-08T10:11:47.599Z', 'age': 47}, 'registered': {'date': '2007-03-17T21:07:35.896Z', 'age': 17}, 'phone': '061-419-3307', 'cell': '081-067-1662', 'id': {'name': 'PPS', 'value': '0897544T'}, 'picture': {'large': 'https://randomuser.me/api/portraits/men/94.jpg', 'medium': 'https://randomuser.me/api/portraits/med/men/94.jpg', 'thumbnail': 'https://randomuser.me/api/portraits/thumb/men/94.jpg'}, 'nat': 'IE'}], 'info': {'seed': '84ab484521b7dd44', 'results': 1, 'page': 1, 'version': '1.4'}}</msg>
<arg>${json_data}</arg>
<doc>Logs the given message with the given level.</doc>
<status status="PASS" start="2024-05-02T22:13:54.697222" elapsed="0.000242"/>
</kw>
<kw name="Should Be String" owner="String">
<arg>${json_data['results'][0]['gender']}</arg>
<doc>Fails if the given ``item`` is not a string.</doc>
<status status="PASS" start="2024-05-02T22:13:54.697758" elapsed="0.000362"/>
</kw>
<kw name="Should Match Regexp" owner="BuiltIn">
<arg>${json_data['results'][0]['email']}</arg>
<arg>^[a-zA-Z0-9._%+-]+@[a-zA-Z0-9.-]+\.[a-zA-Z]{2,}$</arg>
<doc>Fails if ``string`` does not match ``pattern`` as a regular expression.</doc>
<status status="PASS" start="2024-05-02T22:13:54.698312" elapsed="0.000524"/>
</kw>
<kw name="Should Match Regexp" owner="BuiltIn">
<arg>${json_data['results'][0]['dob']['date']}</arg>
<arg>\\d{4}-\\d{2}-\\d{2}T\\d{2}:\\d{2}:\\d{2}\\.\\d{3}Z</arg>
<doc>Fails if ``string`` does not match ``pattern`` as a regular expression.</doc>
<status status="PASS" start="2024-05-02T22:13:54.699032" elapsed="0.000489"/>
</kw>
<kw name="Should Match Regexp" owner="BuiltIn">
<arg>${json_data['results'][0]['registered']['date']}</arg>
<arg>\\d{4}-\\d{2}-\\d{2}T\\d{2}:\\d{2}:\\d{2}\\.\\d{3}Z</arg>
<doc>Fails if ``string`` does not match ``pattern`` as a regular expression.</doc>
<status status="PASS" start="2024-05-02T22:13:54.699711" elapsed="0.000367"/>
</kw>
<kw name="Should Match Regexp" owner="BuiltIn">
<arg>${json_data['results'][0]['picture']['large']}</arg>
<arg>^https?://.*\.(?:png|jpe?g|gif|bmp)$</arg>
<doc>Fails if ``string`` does not match ``pattern`` as a regular expression.</doc>
<status status="PASS" start="2024-05-02T22:13:54.700269" elapsed="0.000498"/>
</kw>
<kw name="Should Match Regexp" owner="BuiltIn">
<arg>${json_data['results'][0]['picture']['medium']}</arg>
<arg>^https?://.*\.(?:png|jpe?g|gif|bmp)$</arg>
<doc>Fails if ``string`` does not match ``pattern`` as a regular expression.</doc>
<status status="PASS" start="2024-05-02T22:13:54.700956" elapsed="0.000365"/>
</kw>
<kw name="Should Match Regexp" owner="BuiltIn">
<arg>${json_data['results'][0]['picture']['thumbnail']}</arg>
<arg>^https?://.*\.(?:png|jpe?g|gif|bmp)$</arg>
<doc>Fails if ``string`` does not match ``pattern`` as a regular expression.</doc>
<status status="PASS" start="2024-05-02T22:13:54.701512" elapsed="0.000352"/>
</kw>
<kw name="Log" owner="BuiltIn">
<msg time="2024-05-02T22:13:54.702364" level="INFO">{'large': 'https://randomuser.me/api/portraits/men/94.jpg', 'medium': 'https://randomuser.me/api/portraits/med/men/94.jpg', 'thumbnail': 'https://randomuser.me/api/portraits/thumb/men/94.jpg'}</msg>
<arg>${json_data['results'][0]['picture']}</arg>
<doc>Logs the given message with the given level.</doc>
<status status="PASS" start="2024-05-02T22:13:54.702043" elapsed="0.000361"/>
</kw>
<status status="PASS" start="2024-05-02T22:13:54.614581" elapsed="0.088079"/>
</kw>
<kw name="Teste de Tipos de Dados - Postcode" owner="random-user-service">
<kw name="GET On Session" owner="RequestsLibrary">
<msg time="2024-05-02T22:13:55.024467" level="INFO">GET Request : url=https://randomuser.me/api 
 path_url=/api 
 headers={'User-Agent': 'python-requests/2.31.0', 'Accept-Encoding': 'gzip, deflate', 'Accept': '*/*', 'Connection': 'keep-alive'} 
 body=None 
 </msg>
<msg time="2024-05-02T22:13:55.024614" level="INFO">GET Response : url=https://randomuser.me/api 
 status=200, reason=OK 
 headers={'Date': 'Thu, 02 May 2024 22:13:55 GMT', 'Content-Type': 'application/json; charset=utf-8', 'Transfer-Encoding': 'chunked', 'Connection': 'keep-alive', 'X-Powered-By': 'Express', 'Access-Control-Allow-Origin': '*', 'Cache-Control': 'no-cache', 'ETag': 'W/"4a0-eWDfOFmZVr1vRRdYj4vJ5y1NQXA"', 'Vary': 'Accept-Encoding', 'Content-Encoding': 'gzip', 'CF-Cache-Status': 'DYNAMIC', 'Report-To': '{"endpoints":[{"url":"https:\\/\\/a.nel.cloudflare.com\\/report\\/v4?s=Bc0qx%2BOx5lWUyZHH9YjavGCKxJ%2B7khs2UlFhorg4OA2OFz%2FxzemC%2BXRWb%2FcTEY5h754lhG0WsklqMT8ZISPkKHjeaRPRSTBuJY6Pyo8%2FYtbnUS3BdXbU7KkR%2FqjmtbWP"}],"group":"cf-nel","max_age":604800}', 'NEL': '{"success_fraction":0,"report_to":"cf-nel","max_age":604800}', 'Server': 'cloudflare', 'CF-RAY': '87db5c78eefa0616-IAD', 'alt-svc': 'h3=":443"; ma=86400'} 
 body={"results":[{"gender":"female","name":{"title":"Miss","first":"Saionara","last":"Freitas"},"location":{"street":{"number":1096,"name":"Rua Dom Pedro Ii "},"city":"Paranaguá","state":"Espírito Santo","country":"Brazil","postcode":15971,"coordinates":{"latitude":"-80.1507","longitude":"148.5481"},"timezone":{"offset":"-7:00","description":"Mountain Time (US &amp; Canada)"}},"email":"saionara.freitas@example.com","login":{"uuid":"d7431494-19ef-4cce-8d81-2cab03a6d6c8","username":"bigdog801","password":"llllll","salt":"I67UV6p2","md5":"1037a68896dd045ac1684c5515f1ea16","sha1":"405de9f6ebc22adf0f6436697d665d94d6f64d03","sha256":"b12ee6a5320d45e0186b0d14974edfbd8ada75436f04263822e71a5218bc4e06"},"dob":{"date":"1980-11-08T19:31:21.259Z","age":43},"registered":{"date":"2017-01-27T04:46:26.338Z","age":7},"phone":"(26) 3847-5161","cell":"(79) 2551-3453","id":{"name":"CPF","value":"432.762.724-16"},"picture":{"large":"https://randomuser.me/api/portraits/women/3.jpg","medium":"https://randomuser.me/api/portraits/med/women/3.jpg","thumbnail":"https://randomuser.me/api/portraits/thumb/women/3.jpg"},"nat":"BR"}],"info":{"seed":"984b8a0d03b1f424","results":1,"page":1,"version":"1.4"}} 
 </msg>
<msg time="2024-05-02T22:13:55.024698" level="INFO">/opt/hostedtoolcache/Python/3.12.3/x64/lib/python3.12/site-packages/urllib3/connectionpool.py:1103: InsecureRequestWarning: Unverified HTTPS request is being made to host 'randomuser.me'. Adding certificate verification is strongly advised. See: https://urllib3.readthedocs.io/en/latest/advanced-usage.html#tls-warnings
  warnings.warn(</msg>
<msg time="2024-05-02T22:13:55.024832" level="INFO">${response} = &lt;Response [200]&gt;</msg>
<var>${response}</var>
<arg>consultarAPI</arg>
<arg>/api</arg>
<doc>Sends a GET request on a previously created HTTP Session.</doc>
<status status="PASS" start="2024-05-02T22:13:54.703122" elapsed="0.321750"/>
</kw>
<kw name="Set Variable" owner="BuiltIn">
<msg time="2024-05-02T22:13:55.026103" level="INFO">${json_data} = {'results': [{'gender': 'female', 'name': {'title': 'Miss', 'first': 'Saionara', 'last': 'Freitas'}, 'location': {'street': {'number': 1096, 'name': 'Rua Dom Pedro Ii '}, 'city': 'Paranaguá', 'state':...</msg>
<var>${json_data}</var>
<arg>${response.json()}</arg>
<doc>Returns the given values which can then be assigned to a variables.</doc>
<status status="PASS" start="2024-05-02T22:13:55.025517" elapsed="0.000615"/>
</kw>
<kw name="Log" owner="BuiltIn">
<msg time="2024-05-02T22:13:55.026639" level="INFO">{'results': [{'gender': 'female', 'name': {'title': 'Miss', 'first': 'Saionara', 'last': 'Freitas'}, 'location': {'street': {'number': 1096, 'name': 'Rua Dom Pedro Ii '}, 'city': 'Paranaguá', 'state': 'Espírito Santo', 'country': 'Brazil', 'postcode': 15971, 'coordinates': {'latitude': '-80.1507', 'longitude': '148.5481'}, 'timezone': {'offset': '-7:00', 'description': 'Mountain Time (US &amp; Canada)'}}, 'email': 'saionara.freitas@example.com', 'login': {'uuid': 'd7431494-19ef-4cce-8d81-2cab03a6d6c8', 'username': 'bigdog801', 'password': 'llllll', 'salt': 'I67UV6p2', 'md5': '1037a68896dd045ac1684c5515f1ea16', 'sha1': '405de9f6ebc22adf0f6436697d665d94d6f64d03', 'sha256': 'b12ee6a5320d45e0186b0d14974edfbd8ada75436f04263822e71a5218bc4e06'}, 'dob': {'date': '1980-11-08T19:31:21.259Z', 'age': 43}, 'registered': {'date': '2017-01-27T04:46:26.338Z', 'age': 7}, 'phone': '(26) 3847-5161', 'cell': '(79) 2551-3453', 'id': {'name': 'CPF', 'value': '432.762.724-16'}, 'picture': {'large': 'https://randomuser.me/api/portraits/women/3.jpg', 'medium': 'https://randomuser.me/api/portraits/med/women/3.jpg', 'thumbnail': 'https://randomuser.me/api/portraits/thumb/women/3.jpg'}, 'nat': 'BR'}], 'info': {'seed': '984b8a0d03b1f424', 'results': 1, 'page': 1, 'version': '1.4'}}</msg>
<arg>${json_data}</arg>
<doc>Logs the given message with the given level.</doc>
<status status="PASS" start="2024-05-02T22:13:55.026472" elapsed="0.000259"/>
</kw>
<kw name="Should Be Equal As Numbers" owner="BuiltIn">
<arg>${json_data['results'][0]['location']['postcode']}</arg>
<arg>${json_data['results'][0]['location']['postcode']}</arg>
<doc>Fails if objects are unequal after converting them to real numbers.</doc>
<status status="PASS" start="2024-05-02T22:13:55.027227" elapsed="0.000659"/>
</kw>
<kw name="Log" owner="BuiltIn">
<msg time="2024-05-02T22:13:55.028419" level="INFO">15971</msg>
<arg>${json_data['results'][0]['location']['postcode']}</arg>
<doc>Logs the given message with the given level.</doc>
<status status="PASS" start="2024-05-02T22:13:55.028079" elapsed="0.000381"/>
</kw>
<status status="PASS" start="2024-05-02T22:13:54.702890" elapsed="0.325882"/>
</kw>
<doc>Testa se os tipos de dados na resposta da API estão corretos.</doc>
<tag>testeTiposDados</tag>
<status status="PASS" start="2024-05-02T22:13:54.614115" elapsed="0.414829"/>
</test>
<test id="s1-s1-t5" name="Validar conteudo" line="35">
<kw name="Teste de Tipos de Conteudo" owner="random-user-service">
<kw name="GET On Session" owner="RequestsLibrary">
<msg time="2024-05-02T22:13:55.061303" level="INFO">GET Request : url=https://randomuser.me/api 
 path_url=/api 
 headers={'User-Agent': 'python-requests/2.31.0', 'Accept-Encoding': 'gzip, deflate', 'Accept': '*/*', 'Connection': 'keep-alive'} 
 body=None 
 </msg>
<msg time="2024-05-02T22:13:55.061417" level="INFO">GET Response : url=https://randomuser.me/api 
 status=200, reason=OK 
 headers={'Date': 'Thu, 02 May 2024 22:13:55 GMT', 'Content-Type': 'application/json; charset=utf-8', 'Transfer-Encoding': 'chunked', 'Connection': 'keep-alive', 'X-Powered-By': 'Express', 'Access-Control-Allow-Origin': '*', 'Cache-Control': 'no-cache', 'ETag': 'W/"485-jUQOsq4lebNIcqg4LhSHeBun69E"', 'Vary': 'Accept-Encoding', 'Content-Encoding': 'gzip', 'CF-Cache-Status': 'DYNAMIC', 'Report-To': '{"endpoints":[{"url":"https:\\/\\/a.nel.cloudflare.com\\/report\\/v4?s=6ZcHR8O7eyfGOjVQVrLFrOKhxCjbfGI7it%2FeGlU0UjwDkzg63OxxQZ%2BquITXLQJak2ZZCBELySvdQgus4ddQrpIIdDU70AGJEX3tZSECBNg%2F0NKD8NyN63zqlF7JDTOF"}],"group":"cf-nel","max_age":604800}', 'NEL': '{"success_fraction":0,"report_to":"cf-nel","max_age":604800}', 'Server': 'cloudflare', 'CF-RAY': '87db5c7af91a0616-IAD', 'alt-svc': 'h3=":443"; ma=86400'} 
 body={"results":[{"gender":"female","name":{"title":"Ms","first":"Signe","last":"Hansen"},"location":{"street":{"number":9190,"name":"Rugårdsvej"},"city":"Askeby","state":"Danmark","country":"Denmark","postcode":97258,"coordinates":{"latitude":"-39.6775","longitude":"95.2256"},"timezone":{"offset":"+5:30","description":"Bombay, Calcutta, Madras, New Delhi"}},"email":"signe.hansen@example.com","login":{"uuid":"d2dbea10-fea8-465e-9a3e-18de1286d9b0","username":"tinybutterfly570","password":"chandra","salt":"5QFyv4gM","md5":"8650cb4cdbff1944cffb4edde0061f58","sha1":"6b9adb828a2b642350b8c5e815c8e263fe4ecc19","sha256":"9a2bc14f3896f749dbe94610eb4ca98d4bdf7da92c84aaed7c800851b337f30e"},"dob":{"date":"1992-02-16T02:03:01.994Z","age":32},"registered":{"date":"2020-06-04T09:47:38.991Z","age":3},"phone":"15485707","cell":"74582351","id":{"name":"CPR","value":"150292-5269"},"picture":{"large":"https://randomuser.me/api/portraits/women/9.jpg","medium":"https://randomuser.me/api/portraits/med/women/9.jpg","thumbnail":"https://randomuser.me/api/portraits/thumb/women/9.jpg"},"nat":"DK"}],"info":{"seed":"76fadc027d81312e","results":1,"page":1,"version":"1.4"}} 
 </msg>
<msg time="2024-05-02T22:13:55.061506" level="INFO">/opt/hostedtoolcache/Python/3.12.3/x64/lib/python3.12/site-packages/urllib3/connectionpool.py:1103: InsecureRequestWarning: Unverified HTTPS request is being made to host 'randomuser.me'. Adding certificate verification is strongly advised. See: https://urllib3.readthedocs.io/en/latest/advanced-usage.html#tls-warnings
  warnings.warn(</msg>
<msg time="2024-05-02T22:13:55.061644" level="INFO">${response} = &lt;Response [200]&gt;</msg>
<var>${response}</var>
<arg>consultarAPI</arg>
<arg>/api</arg>
<doc>Sends a GET request on a previously created HTTP Session.</doc>
<status status="PASS" start="2024-05-02T22:13:55.031523" elapsed="0.030162"/>
</kw>
<kw name="Set Variable" owner="BuiltIn">
<msg time="2024-05-02T22:13:55.062926" level="INFO">${json_data} = {'results': [{'gender': 'female', 'name': {'title': 'Ms', 'first': 'Signe', 'last': 'Hansen'}, 'location': {'street': {'number': 9190, 'name': 'Rugårdsvej'}, 'city': 'Askeby', 'state': 'Danmark', 'cou...</msg>
<var>${json_data}</var>
<arg>${response.json()}</arg>
<doc>Returns the given values which can then be assigned to a variables.</doc>
<status status="PASS" start="2024-05-02T22:13:55.062332" elapsed="0.000623"/>
</kw>
<kw name="Set Variable" owner="BuiltIn">
<msg time="2024-05-02T22:13:55.063659" level="INFO">${name_title} = Ms</msg>
<var>${name_title}</var>
<arg>${json_data["results"][0]["name"]["title"]}</arg>
<doc>Returns the given values which can then be assigned to a variables.</doc>
<status status="PASS" start="2024-05-02T22:13:55.063270" elapsed="0.000414"/>
</kw>
<kw name="Create List" owner="BuiltIn">
<msg time="2024-05-02T22:13:55.064128" level="INFO">${allowed_titles} = ['Mr', 'Ms', 'Miss', 'Mrs', 'Madame', 'Monsieur']</msg>
<var>${allowed_titles}</var>
<arg>Mr</arg>
<arg>Ms</arg>
<arg>Miss</arg>
<arg>Mrs</arg>
<arg>Madame</arg>
<arg>Monsieur</arg>
<doc>Returns a list containing given items.</doc>
<status status="PASS" start="2024-05-02T22:13:55.063982" elapsed="0.000170"/>
</kw>
<kw name="List Should Contain Value" owner="Collections">
<msg time="2024-05-02T22:13:55.064691" level="INFO">False</msg>
<arg>${allowed_titles}</arg>
<arg>${name_title}</arg>
<doc>Fails if the ``value`` is not found from ``list``.</doc>
<status status="PASS" start="2024-05-02T22:13:55.064447" elapsed="0.000284"/>
</kw>
<kw name="Set Variable" owner="BuiltIn">
<msg time="2024-05-02T22:13:55.065414" level="INFO">${name_country} = DK</msg>
<var>${name_country}</var>
<arg>${json_data["results"][0]["nat"]}</arg>
<doc>Returns the given values which can then be assigned to a variables.</doc>
<status status="PASS" start="2024-05-02T22:13:55.065030" elapsed="0.000410"/>
</kw>
<kw name="Create List" owner="BuiltIn">
<msg time="2024-05-02T22:13:55.066335" level="INFO">${list_country} = ['AD', 'AE', 'AF', 'AG', 'AI', 'AL', 'AM', 'AO', 'AQ', 'AR', 'AS', 'AT', 'AU', 'AW', 'AX', 'AZ', 'BA', 'BB', 'BD', 'BE', 'BF', 'BG', 'BH', 'BI', 'BJ', 'BL', 'BM', 'BN', 'BO', 'BQ', 'BR', 'BS', 'BT', '...</msg>
<var>${list_country}</var>
<arg>AD</arg>
<arg>AE</arg>
<arg>AF</arg>
<arg>AG</arg>
<arg>AI</arg>
<arg>AL</arg>
<arg>AM</arg>
<arg>AO</arg>
<arg>AQ</arg>
<arg>AR</arg>
<arg>AS</arg>
<arg>AT</arg>
<arg>AU</arg>
<arg>AW</arg>
<arg>AX</arg>
<arg>AZ</arg>
<arg>BA</arg>
<arg>BB</arg>
<arg>BD</arg>
<arg>BE</arg>
<arg>BF</arg>
<arg>BG</arg>
<arg>BH</arg>
<arg>BI</arg>
<arg>BJ</arg>
<arg>BL</arg>
<arg>BM</arg>
<arg>BN</arg>
<arg>BO</arg>
<arg>BQ</arg>
<arg>BR</arg>
<arg>BS</arg>
<arg>BT</arg>
<arg>BV</arg>
<arg>BW</arg>
<arg>BY</arg>
<arg>BZ</arg>
<arg>CA</arg>
<arg>CC</arg>
<arg>CD</arg>
<arg>CF</arg>
<arg>CG</arg>
<arg>CH</arg>
<arg>CI</arg>
<arg>CK</arg>
<arg>CL</arg>
<arg>CM</arg>
<arg>CN</arg>
<arg>CO</arg>
<arg>CR</arg>
<arg>CU</arg>
<arg>CV</arg>
<arg>CW</arg>
<arg>CX</arg>
<arg>CY</arg>
<arg>CZ</arg>
<arg>DE</arg>
<arg>DJ</arg>
<arg>DK</arg>
<arg>DM</arg>
<arg>DO</arg>
<arg>DZ</arg>
<arg>EC</arg>
<arg>EE</arg>
<arg>EG</arg>
<arg>EH</arg>
<arg>ER</arg>
<arg>ES</arg>
<arg>ET</arg>
<arg>FI</arg>
<arg>FJ</arg>
<arg>FK</arg>
<arg>FM</arg>
<arg>FO</arg>
<arg>FR</arg>
<arg>GA</arg>
<arg>GB</arg>
<arg>GD</arg>
<arg>GE</arg>
<arg>GF</arg>
<arg>GG</arg>
<arg>GH</arg>
<arg>GI</arg>
<arg>GL</arg>
<arg>GM</arg>
<arg>GN</arg>
<arg>GP</arg>
<arg>GQ</arg>
<arg>GR</arg>
<arg>GS</arg>
<arg>GT</arg>
<arg>GU</arg>
<arg>GW</arg>
<arg>GY</arg>
<arg>HK</arg>
<arg>HM</arg>
<arg>HN</arg>
<arg>HR</arg>
<arg>HT</arg>
<arg>HU</arg>
<arg>ID</arg>
<arg>IE</arg>
<arg>IL</arg>
<arg>IM</arg>
<arg>IN</arg>
<arg>IO</arg>
<arg>IQ</arg>
<arg>IR</arg>
<arg>IS</arg>
<arg>IT</arg>
<arg>JE</arg>
<arg>JM</arg>
<arg>JO</arg>
<arg>JP</arg>
<arg>KE</arg>
<arg>KG</arg>
<arg>KH</arg>
<arg>KI</arg>
<arg>KM</arg>
<arg>KN</arg>
<arg>KP</arg>
<arg>KR</arg>
<arg>KW</arg>
<arg>KY</arg>
<arg>KZ</arg>
<arg>LA</arg>
<arg>LB</arg>
<arg>LC</arg>
<arg>LI</arg>
<arg>LK</arg>
<arg>LR</arg>
<arg>LS</arg>
<arg>LT</arg>
<arg>LU</arg>
<arg>LV</arg>
<arg>LY</arg>
<arg>MA</arg>
<arg>MC</arg>
<arg>MD</arg>
<arg>ME</arg>
<arg>MF</arg>
<arg>MG</arg>
<arg>MH</arg>
<arg>MK</arg>
<arg>ML</arg>
<arg>MM</arg>
<arg>MN</arg>
<arg>MO</arg>
<arg>MP</arg>
<arg>MQ</arg>
<arg>MR</arg>
<arg>MS</arg>
<arg>MT</arg>
<arg>MU</arg>
<arg>MV</arg>
<arg>MW</arg>
<arg>MX</arg>
<arg>MY</arg>
<arg>MZ</arg>
<arg>NA</arg>
<arg>NC</arg>
<arg>NE</arg>
<arg>NF</arg>
<arg>NG</arg>
<arg>NI</arg>
<arg>NL</arg>
<arg>NO</arg>
<arg>NP</arg>
<arg>NR</arg>
<arg>NU</arg>
<arg>NZ</arg>
<arg>OM</arg>
<arg>PA</arg>
<arg>PE</arg>
<arg>PF</arg>
<arg>PG</arg>
<arg>PH</arg>
<arg>PK</arg>
<arg>PL</arg>
<arg>PM</arg>
<arg>PN</arg>
<arg>PR</arg>
<arg>PS</arg>
<arg>PT</arg>
<arg>PW</arg>
<arg>PY</arg>
<arg>QA</arg>
<arg>RE</arg>
<arg>RO</arg>
<arg>RS</arg>
<arg>RU</arg>
<arg>RW</arg>
<arg>SA</arg>
<arg>SB</arg>
<arg>SC</arg>
<arg>SD</arg>
<arg>SE</arg>
<arg>SG</arg>
<arg>SH</arg>
<arg>SI</arg>
<arg>SJ</arg>
<arg>SK</arg>
<arg>SL</arg>
<arg>SM</arg>
<arg>SN</arg>
<arg>SO</arg>
<arg>SR</arg>
<arg>SS</arg>
<arg>ST</arg>
<arg>SV</arg>
<arg>SX</arg>
<arg>SY</arg>
<arg>SZ</arg>
<arg>TC</arg>
<arg>TD</arg>
<arg>TF</arg>
<arg>TG</arg>
<arg>TH</arg>
<arg>TJ</arg>
<arg>TK</arg>
<arg>TL</arg>
<arg>TM</arg>
<arg>TN</arg>
<arg>TO</arg>
<arg>TR</arg>
<arg>TT</arg>
<arg>TV</arg>
<arg>TW</arg>
<arg>TZ</arg>
<arg>UA</arg>
<arg>UG</arg>
<arg>UM</arg>
<arg>US</arg>
<arg>UY</arg>
<arg>UZ</arg>
<arg>VA</arg>
<arg>VC</arg>
<arg>VE</arg>
<arg>VG</arg>
<arg>VI</arg>
<arg>VN</arg>
<arg>VU</arg>
<arg>WF</arg>
<arg>WS</arg>
<arg>XK</arg>
<arg>YE</arg>
<arg>YT</arg>
<arg>ZA</arg>
<arg>ZM</arg>
<arg>ZW</arg>
<doc>Returns a list containing given items.</doc>
<status status="PASS" start="2024-05-02T22:13:55.065744" elapsed="0.000617"/>
</kw>
<kw name="List Should Contain Value" owner="Collections">
<msg time="2024-05-02T22:13:55.067352" level="INFO">False</msg>
<arg>${list_country}</arg>
<arg>${name_country}</arg>
<doc>Fails if the ``value`` is not found from ``list``.</doc>
<status status="PASS" start="2024-05-02T22:13:55.067155" elapsed="0.000234"/>
</kw>
<kw name="Run Keyword If" owner="BuiltIn">
<kw name="Should Be True" owner="BuiltIn">
<arg>${True}</arg>
<doc>Fails if the given condition is not true.</doc>
<status status="PASS" start="2024-05-02T22:13:55.068462" elapsed="0.000293"/>
</kw>
<arg>${json_data["results"][0]["location"]["coordinates"]["latitude"]} &gt;= -90 and ${json_data["results"][0]["location"]["coordinates"]["latitude"]} &lt;= 90</arg>
<arg>Should Be True</arg>
<arg>${True}</arg>
<doc>Runs the given keyword with the given arguments, if ``condition`` is true.</doc>
<status status="PASS" start="2024-05-02T22:13:55.067697" elapsed="0.001193"/>
</kw>
<kw name="Run Keyword If" owner="BuiltIn">
<kw name="Should Be True" owner="BuiltIn">
<arg>${True}</arg>
<doc>Fails if the given condition is not true.</doc>
<status status="PASS" start="2024-05-02T22:13:55.069790" elapsed="0.000138"/>
</kw>
<arg>${json_data["results"][0]["location"]["coordinates"]["longitude"]} &gt;= -180 and ${json_data["results"][0]["location"]["coordinates"]["longitude"]} &lt;= 180</arg>
<arg>Should Be True</arg>
<arg>${True}</arg>
<doc>Runs the given keyword with the given arguments, if ``condition`` is true.</doc>
<status status="PASS" start="2024-05-02T22:13:55.069081" elapsed="0.000972"/>
</kw>
<status status="PASS" start="2024-05-02T22:13:55.031285" elapsed="0.038901"/>
</kw>
<doc>Testa o conteúdo específico dos campos retornados pela API.</doc>
<tag>testeConteudo</tag>
<status status="PASS" start="2024-05-02T22:13:55.030709" elapsed="0.039631"/>
</test>
<status status="PASS" start="2024-05-02T22:13:53.922751" elapsed="1.149590"/>
</suite>
<status status="PASS" start="2024-05-02T22:13:53.908697" elapsed="1.168865"/>
</suite>
<statistics>
<total>
<stat pass="5" fail="0" skip="0">All Tests</stat>
</total>
<tag>
<stat pass="1" fail="0" skip="0">testeConteudo</stat>
<stat pass="1" fail="0" skip="0">testeEstruturaResposta</stat>
<stat pass="1" fail="0" skip="0">testeRequisicaoBasica</stat>
<stat pass="1" fail="0" skip="0">testeTiposDados</stat>
</tag>
<suite>
<stat pass="5" fail="0" skip="0" id="s1" name="Tests">Tests</stat>
<stat pass="5" fail="0" skip="0" id="s1-s1" name="Random-User-Test">Tests.Random-User-Test</stat>
</suite>
</statistics>
<errors>
</errors>
</robot>
